{"uid":"88bd13cef306e832","name":"TC 009 - Проверка функциональности ссылки 'Доставка'","fullName":"tests.test_main_page.TestMainPage#test_positive_footer_delivery_smoke","historyId":"bc9818d241aad936f44651fb7356fb88","time":{"start":1703380165113,"stop":1703380165126,"duration":13},"status":"broken","statusMessage":"selenium.common.exceptions.NoSuchElementException: Message: no such element: Unable to locate element: {\"method\":\"xpath\",\"selector\":\"(//a[@href='/dostavka'])[3]\"}\n  (Session info: chrome-headless-shell=120.0.6099.109); For documentation on this error, please visit: https://www.selenium.dev/documentation/webdriver/troubleshooting/errors#no-such-element-exception\nStacktrace:\n#0 0x55d6137c8f83 <unknown>\n#1 0x55d613481cf7 <unknown>\n#2 0x55d6134d199e <unknown>\n#3 0x55d6134d1aa1 <unknown>\n#4 0x55d61351cd64 <unknown>\n#5 0x55d6134fb0dd <unknown>\n#6 0x55d61351a006 <unknown>\n#7 0x55d6134fae53 <unknown>\n#8 0x55d6134c2dd4 <unknown>\n#9 0x55d6134c41de <unknown>\n#10 0x55d61378d531 <unknown>\n#11 0x55d613791455 <unknown>\n#12 0x55d613779f55 <unknown>\n#13 0x55d6137920ef <unknown>\n#14 0x55d61375d99f <unknown>\n#15 0x55d6137b6008 <unknown>\n#16 0x55d6137b61d7 <unknown>\n#17 0x55d6137c8124 <unknown>\n#18 0x7f012a7af044 <unknown>","statusTrace":"self = <tests.test_main_page.TestMainPage object at 0x7f4ec0888ad0>\nmain_page = <pages.main_page.MainPage object at 0x7f4ec03b3fd0>\n\n    @allure.feature(\"Footer functionality\")\n    @allure.title(\"TC 009 - Проверка функциональности ссылки 'Доставка'\")\n    @pytest.mark.smoke_test\n    def test_positive_footer_delivery_smoke(self, main_page):\n>       main_page.check_delivery_link()\n\ntests/test_main_page.py:90: \n_ _ _ _ _ _ _ _ _ _ _ _ _ _ _ _ _ _ _ _ _ _ _ _ _ _ _ _ _ _ _ _ _ _ _ _ _ _ _ _ \npages/main_page.py:130: in check_delivery_link\n    self.driver.find_element(*self._delivery_link).click()\n/usr/local/lib/python3.11/site-packages/selenium/webdriver/remote/webdriver.py:740: in find_element\n    return self.execute(Command.FIND_ELEMENT, {\"using\": by, \"value\": value})[\"value\"]\n/usr/local/lib/python3.11/site-packages/selenium/webdriver/remote/webdriver.py:346: in execute\n    self.error_handler.check_response(response)\n_ _ _ _ _ _ _ _ _ _ _ _ _ _ _ _ _ _ _ _ _ _ _ _ _ _ _ _ _ _ _ _ _ _ _ _ _ _ _ _ \n\nself = <selenium.webdriver.remote.errorhandler.ErrorHandler object at 0x7f4ec08a7d50>\nresponse = {'status': 404, 'value': '{\"value\":{\"error\":\"no such element\",\"message\":\"no such element: Unable to locate element: {\\...\\\\n#16 0x55d6137b61d7 \\\\u003Cunknown>\\\\n#17 0x55d6137c8124 \\\\u003Cunknown>\\\\n#18 0x7f012a7af044 \\\\u003Cunknown>\\\\n\"}}'}\n\n    def check_response(self, response: Dict[str, Any]) -> None:\n        \"\"\"Checks that a JSON response from the WebDriver does not have an\n        error.\n    \n        :Args:\n         - response - The JSON response from the WebDriver server as a dictionary\n           object.\n    \n        :Raises: If the response contains an error message.\n        \"\"\"\n        status = response.get(\"status\", None)\n        if not status or status == ErrorCode.SUCCESS:\n            return\n        value = None\n        message = response.get(\"message\", \"\")\n        screen: str = response.get(\"screen\", \"\")\n        stacktrace = None\n        if isinstance(status, int):\n            value_json = response.get(\"value\", None)\n            if value_json and isinstance(value_json, str):\n                import json\n    \n                try:\n                    value = json.loads(value_json)\n                    if len(value) == 1:\n                        value = value[\"value\"]\n                    status = value.get(\"error\", None)\n                    if not status:\n                        status = value.get(\"status\", ErrorCode.UNKNOWN_ERROR)\n                        message = value.get(\"value\") or value.get(\"message\")\n                        if not isinstance(message, str):\n                            value = message\n                            message = message.get(\"message\")\n                    else:\n                        message = value.get(\"message\", None)\n                except ValueError:\n                    pass\n    \n        exception_class: Type[WebDriverException]\n        if status in ErrorCode.NO_SUCH_ELEMENT:\n            exception_class = NoSuchElementException\n        elif status in ErrorCode.NO_SUCH_FRAME:\n            exception_class = NoSuchFrameException\n        elif status in ErrorCode.NO_SUCH_SHADOW_ROOT:\n            exception_class = NoSuchShadowRootException\n        elif status in ErrorCode.NO_SUCH_WINDOW:\n            exception_class = NoSuchWindowException\n        elif status in ErrorCode.STALE_ELEMENT_REFERENCE:\n            exception_class = StaleElementReferenceException\n        elif status in ErrorCode.ELEMENT_NOT_VISIBLE:\n            exception_class = ElementNotVisibleException\n        elif status in ErrorCode.INVALID_ELEMENT_STATE:\n            exception_class = InvalidElementStateException\n        elif (\n            status in ErrorCode.INVALID_SELECTOR\n            or status in ErrorCode.INVALID_XPATH_SELECTOR\n            or status in ErrorCode.INVALID_XPATH_SELECTOR_RETURN_TYPER\n        ):\n            exception_class = InvalidSelectorException\n        elif status in ErrorCode.ELEMENT_IS_NOT_SELECTABLE:\n            exception_class = ElementNotSelectableException\n        elif status in ErrorCode.ELEMENT_NOT_INTERACTABLE:\n            exception_class = ElementNotInteractableException\n        elif status in ErrorCode.INVALID_COOKIE_DOMAIN:\n            exception_class = InvalidCookieDomainException\n        elif status in ErrorCode.UNABLE_TO_SET_COOKIE:\n            exception_class = UnableToSetCookieException\n        elif status in ErrorCode.TIMEOUT:\n            exception_class = TimeoutException\n        elif status in ErrorCode.SCRIPT_TIMEOUT:\n            exception_class = TimeoutException\n        elif status in ErrorCode.UNKNOWN_ERROR:\n            exception_class = WebDriverException\n        elif status in ErrorCode.UNEXPECTED_ALERT_OPEN:\n            exception_class = UnexpectedAlertPresentException\n        elif status in ErrorCode.NO_ALERT_OPEN:\n            exception_class = NoAlertPresentException\n        elif status in ErrorCode.IME_NOT_AVAILABLE:\n            exception_class = ImeNotAvailableException\n        elif status in ErrorCode.IME_ENGINE_ACTIVATION_FAILED:\n            exception_class = ImeActivationFailedException\n        elif status in ErrorCode.MOVE_TARGET_OUT_OF_BOUNDS:\n            exception_class = MoveTargetOutOfBoundsException\n        elif status in ErrorCode.JAVASCRIPT_ERROR:\n            exception_class = JavascriptException\n        elif status in ErrorCode.SESSION_NOT_CREATED:\n            exception_class = SessionNotCreatedException\n        elif status in ErrorCode.INVALID_ARGUMENT:\n            exception_class = InvalidArgumentException\n        elif status in ErrorCode.NO_SUCH_COOKIE:\n            exception_class = NoSuchCookieException\n        elif status in ErrorCode.UNABLE_TO_CAPTURE_SCREEN:\n            exception_class = ScreenshotException\n        elif status in ErrorCode.ELEMENT_CLICK_INTERCEPTED:\n            exception_class = ElementClickInterceptedException\n        elif status in ErrorCode.INSECURE_CERTIFICATE:\n            exception_class = InsecureCertificateException\n        elif status in ErrorCode.INVALID_COORDINATES:\n            exception_class = InvalidCoordinatesException\n        elif status in ErrorCode.INVALID_SESSION_ID:\n            exception_class = InvalidSessionIdException\n        elif status in ErrorCode.UNKNOWN_METHOD:\n            exception_class = UnknownMethodException\n        else:\n            exception_class = WebDriverException\n        if not value:\n            value = response[\"value\"]\n        if isinstance(value, str):\n            raise exception_class(value)\n        if message == \"\" and \"message\" in value:\n            message = value[\"message\"]\n    \n        screen = None  # type: ignore[assignment]\n        if \"screen\" in value:\n            screen = value[\"screen\"]\n    \n        stacktrace = None\n        st_value = value.get(\"stackTrace\") or value.get(\"stacktrace\")\n        if st_value:\n            if isinstance(st_value, str):\n                stacktrace = st_value.split(\"\\n\")\n            else:\n                stacktrace = []\n                try:\n                    for frame in st_value:\n                        line = frame.get(\"lineNumber\", \"\")\n                        file = frame.get(\"fileName\", \"<anonymous>\")\n                        if line:\n                            file = f\"{file}:{line}\"\n                        meth = frame.get(\"methodName\", \"<anonymous>\")\n                        if \"className\" in frame:\n                            meth = f\"{frame['className']}.{meth}\"\n                        msg = \"    at %s (%s)\"\n                        msg = msg % (meth, file)\n                        stacktrace.append(msg)\n                except TypeError:\n                    pass\n        if exception_class == UnexpectedAlertPresentException:\n            alert_text = None\n            if \"data\" in value:\n                alert_text = value[\"data\"].get(\"text\")\n            elif \"alert\" in value:\n                alert_text = value[\"alert\"].get(\"text\")\n            raise exception_class(message, screen, stacktrace, alert_text)  # type: ignore[call-arg]  # mypy is not smart enough here\n>       raise exception_class(message, screen, stacktrace)\nE       selenium.common.exceptions.NoSuchElementException: Message: no such element: Unable to locate element: {\"method\":\"xpath\",\"selector\":\"(//a[@href='/dostavka'])[3]\"}\nE         (Session info: chrome-headless-shell=120.0.6099.109); For documentation on this error, please visit: https://www.selenium.dev/documentation/webdriver/troubleshooting/errors#no-such-element-exception\nE       Stacktrace:\nE       #0 0x55d6137c8f83 <unknown>\nE       #1 0x55d613481cf7 <unknown>\nE       #2 0x55d6134d199e <unknown>\nE       #3 0x55d6134d1aa1 <unknown>\nE       #4 0x55d61351cd64 <unknown>\nE       #5 0x55d6134fb0dd <unknown>\nE       #6 0x55d61351a006 <unknown>\nE       #7 0x55d6134fae53 <unknown>\nE       #8 0x55d6134c2dd4 <unknown>\nE       #9 0x55d6134c41de <unknown>\nE       #10 0x55d61378d531 <unknown>\nE       #11 0x55d613791455 <unknown>\nE       #12 0x55d613779f55 <unknown>\nE       #13 0x55d6137920ef <unknown>\nE       #14 0x55d61375d99f <unknown>\nE       #15 0x55d6137b6008 <unknown>\nE       #16 0x55d6137b61d7 <unknown>\nE       #17 0x55d6137c8124 <unknown>\nE       #18 0x7f012a7af044 <unknown>\n\n/usr/local/lib/python3.11/site-packages/selenium/webdriver/remote/errorhandler.py:245: NoSuchElementException","flaky":false,"newFailed":false,"newBroken":false,"newPassed":false,"retriesCount":0,"retriesStatusChange":false,"beforeStages":[{"name":"_session_faker","time":{"start":1703380042459,"stop":1703380042528,"duration":69},"status":"passed","steps":[],"attachments":[],"parameters":[],"shouldDisplayMessage":false,"stepsCount":0,"attachmentsCount":0,"hasContent":false,"attachmentStep":false},{"name":"clear_allure_results_folder","time":{"start":1703380042528,"stop":1703380042528,"duration":0},"status":"passed","steps":[],"attachments":[],"parameters":[],"shouldDisplayMessage":false,"stepsCount":0,"attachmentsCount":0,"hasContent":false,"attachmentStep":false},{"name":"driver","time":{"start":1703380163846,"stop":1703380164582,"duration":736},"status":"passed","steps":[],"attachments":[],"parameters":[],"shouldDisplayMessage":false,"stepsCount":0,"attachmentsCount":0,"hasContent":false,"attachmentStep":false},{"name":"setup","time":{"start":1703380164582,"stop":1703380164582,"duration":0},"status":"passed","steps":[],"attachments":[],"parameters":[],"shouldDisplayMessage":false,"stepsCount":0,"attachmentsCount":0,"hasContent":false,"attachmentStep":false},{"name":"main_page","time":{"start":1703380164582,"stop":1703380165113,"duration":531},"status":"passed","steps":[],"attachments":[],"parameters":[],"shouldDisplayMessage":false,"stepsCount":0,"attachmentsCount":0,"hasContent":false,"attachmentStep":false}],"testStage":{"status":"broken","statusMessage":"selenium.common.exceptions.NoSuchElementException: Message: no such element: Unable to locate element: {\"method\":\"xpath\",\"selector\":\"(//a[@href='/dostavka'])[3]\"}\n  (Session info: chrome-headless-shell=120.0.6099.109); For documentation on this error, please visit: https://www.selenium.dev/documentation/webdriver/troubleshooting/errors#no-such-element-exception\nStacktrace:\n#0 0x55d6137c8f83 <unknown>\n#1 0x55d613481cf7 <unknown>\n#2 0x55d6134d199e <unknown>\n#3 0x55d6134d1aa1 <unknown>\n#4 0x55d61351cd64 <unknown>\n#5 0x55d6134fb0dd <unknown>\n#6 0x55d61351a006 <unknown>\n#7 0x55d6134fae53 <unknown>\n#8 0x55d6134c2dd4 <unknown>\n#9 0x55d6134c41de <unknown>\n#10 0x55d61378d531 <unknown>\n#11 0x55d613791455 <unknown>\n#12 0x55d613779f55 <unknown>\n#13 0x55d6137920ef <unknown>\n#14 0x55d61375d99f <unknown>\n#15 0x55d6137b6008 <unknown>\n#16 0x55d6137b61d7 <unknown>\n#17 0x55d6137c8124 <unknown>\n#18 0x7f012a7af044 <unknown>","statusTrace":"self = <tests.test_main_page.TestMainPage object at 0x7f4ec0888ad0>\nmain_page = <pages.main_page.MainPage object at 0x7f4ec03b3fd0>\n\n    @allure.feature(\"Footer functionality\")\n    @allure.title(\"TC 009 - Проверка функциональности ссылки 'Доставка'\")\n    @pytest.mark.smoke_test\n    def test_positive_footer_delivery_smoke(self, main_page):\n>       main_page.check_delivery_link()\n\ntests/test_main_page.py:90: \n_ _ _ _ _ _ _ _ _ _ _ _ _ _ _ _ _ _ _ _ _ _ _ _ _ _ _ _ _ _ _ _ _ _ _ _ _ _ _ _ \npages/main_page.py:130: in check_delivery_link\n    self.driver.find_element(*self._delivery_link).click()\n/usr/local/lib/python3.11/site-packages/selenium/webdriver/remote/webdriver.py:740: in find_element\n    return self.execute(Command.FIND_ELEMENT, {\"using\": by, \"value\": value})[\"value\"]\n/usr/local/lib/python3.11/site-packages/selenium/webdriver/remote/webdriver.py:346: in execute\n    self.error_handler.check_response(response)\n_ _ _ _ _ _ _ _ _ _ _ _ _ _ _ _ _ _ _ _ _ _ _ _ _ _ _ _ _ _ _ _ _ _ _ _ _ _ _ _ \n\nself = <selenium.webdriver.remote.errorhandler.ErrorHandler object at 0x7f4ec08a7d50>\nresponse = {'status': 404, 'value': '{\"value\":{\"error\":\"no such element\",\"message\":\"no such element: Unable to locate element: {\\...\\\\n#16 0x55d6137b61d7 \\\\u003Cunknown>\\\\n#17 0x55d6137c8124 \\\\u003Cunknown>\\\\n#18 0x7f012a7af044 \\\\u003Cunknown>\\\\n\"}}'}\n\n    def check_response(self, response: Dict[str, Any]) -> None:\n        \"\"\"Checks that a JSON response from the WebDriver does not have an\n        error.\n    \n        :Args:\n         - response - The JSON response from the WebDriver server as a dictionary\n           object.\n    \n        :Raises: If the response contains an error message.\n        \"\"\"\n        status = response.get(\"status\", None)\n        if not status or status == ErrorCode.SUCCESS:\n            return\n        value = None\n        message = response.get(\"message\", \"\")\n        screen: str = response.get(\"screen\", \"\")\n        stacktrace = None\n        if isinstance(status, int):\n            value_json = response.get(\"value\", None)\n            if value_json and isinstance(value_json, str):\n                import json\n    \n                try:\n                    value = json.loads(value_json)\n                    if len(value) == 1:\n                        value = value[\"value\"]\n                    status = value.get(\"error\", None)\n                    if not status:\n                        status = value.get(\"status\", ErrorCode.UNKNOWN_ERROR)\n                        message = value.get(\"value\") or value.get(\"message\")\n                        if not isinstance(message, str):\n                            value = message\n                            message = message.get(\"message\")\n                    else:\n                        message = value.get(\"message\", None)\n                except ValueError:\n                    pass\n    \n        exception_class: Type[WebDriverException]\n        if status in ErrorCode.NO_SUCH_ELEMENT:\n            exception_class = NoSuchElementException\n        elif status in ErrorCode.NO_SUCH_FRAME:\n            exception_class = NoSuchFrameException\n        elif status in ErrorCode.NO_SUCH_SHADOW_ROOT:\n            exception_class = NoSuchShadowRootException\n        elif status in ErrorCode.NO_SUCH_WINDOW:\n            exception_class = NoSuchWindowException\n        elif status in ErrorCode.STALE_ELEMENT_REFERENCE:\n            exception_class = StaleElementReferenceException\n        elif status in ErrorCode.ELEMENT_NOT_VISIBLE:\n            exception_class = ElementNotVisibleException\n        elif status in ErrorCode.INVALID_ELEMENT_STATE:\n            exception_class = InvalidElementStateException\n        elif (\n            status in ErrorCode.INVALID_SELECTOR\n            or status in ErrorCode.INVALID_XPATH_SELECTOR\n            or status in ErrorCode.INVALID_XPATH_SELECTOR_RETURN_TYPER\n        ):\n            exception_class = InvalidSelectorException\n        elif status in ErrorCode.ELEMENT_IS_NOT_SELECTABLE:\n            exception_class = ElementNotSelectableException\n        elif status in ErrorCode.ELEMENT_NOT_INTERACTABLE:\n            exception_class = ElementNotInteractableException\n        elif status in ErrorCode.INVALID_COOKIE_DOMAIN:\n            exception_class = InvalidCookieDomainException\n        elif status in ErrorCode.UNABLE_TO_SET_COOKIE:\n            exception_class = UnableToSetCookieException\n        elif status in ErrorCode.TIMEOUT:\n            exception_class = TimeoutException\n        elif status in ErrorCode.SCRIPT_TIMEOUT:\n            exception_class = TimeoutException\n        elif status in ErrorCode.UNKNOWN_ERROR:\n            exception_class = WebDriverException\n        elif status in ErrorCode.UNEXPECTED_ALERT_OPEN:\n            exception_class = UnexpectedAlertPresentException\n        elif status in ErrorCode.NO_ALERT_OPEN:\n            exception_class = NoAlertPresentException\n        elif status in ErrorCode.IME_NOT_AVAILABLE:\n            exception_class = ImeNotAvailableException\n        elif status in ErrorCode.IME_ENGINE_ACTIVATION_FAILED:\n            exception_class = ImeActivationFailedException\n        elif status in ErrorCode.MOVE_TARGET_OUT_OF_BOUNDS:\n            exception_class = MoveTargetOutOfBoundsException\n        elif status in ErrorCode.JAVASCRIPT_ERROR:\n            exception_class = JavascriptException\n        elif status in ErrorCode.SESSION_NOT_CREATED:\n            exception_class = SessionNotCreatedException\n        elif status in ErrorCode.INVALID_ARGUMENT:\n            exception_class = InvalidArgumentException\n        elif status in ErrorCode.NO_SUCH_COOKIE:\n            exception_class = NoSuchCookieException\n        elif status in ErrorCode.UNABLE_TO_CAPTURE_SCREEN:\n            exception_class = ScreenshotException\n        elif status in ErrorCode.ELEMENT_CLICK_INTERCEPTED:\n            exception_class = ElementClickInterceptedException\n        elif status in ErrorCode.INSECURE_CERTIFICATE:\n            exception_class = InsecureCertificateException\n        elif status in ErrorCode.INVALID_COORDINATES:\n            exception_class = InvalidCoordinatesException\n        elif status in ErrorCode.INVALID_SESSION_ID:\n            exception_class = InvalidSessionIdException\n        elif status in ErrorCode.UNKNOWN_METHOD:\n            exception_class = UnknownMethodException\n        else:\n            exception_class = WebDriverException\n        if not value:\n            value = response[\"value\"]\n        if isinstance(value, str):\n            raise exception_class(value)\n        if message == \"\" and \"message\" in value:\n            message = value[\"message\"]\n    \n        screen = None  # type: ignore[assignment]\n        if \"screen\" in value:\n            screen = value[\"screen\"]\n    \n        stacktrace = None\n        st_value = value.get(\"stackTrace\") or value.get(\"stacktrace\")\n        if st_value:\n            if isinstance(st_value, str):\n                stacktrace = st_value.split(\"\\n\")\n            else:\n                stacktrace = []\n                try:\n                    for frame in st_value:\n                        line = frame.get(\"lineNumber\", \"\")\n                        file = frame.get(\"fileName\", \"<anonymous>\")\n                        if line:\n                            file = f\"{file}:{line}\"\n                        meth = frame.get(\"methodName\", \"<anonymous>\")\n                        if \"className\" in frame:\n                            meth = f\"{frame['className']}.{meth}\"\n                        msg = \"    at %s (%s)\"\n                        msg = msg % (meth, file)\n                        stacktrace.append(msg)\n                except TypeError:\n                    pass\n        if exception_class == UnexpectedAlertPresentException:\n            alert_text = None\n            if \"data\" in value:\n                alert_text = value[\"data\"].get(\"text\")\n            elif \"alert\" in value:\n                alert_text = value[\"alert\"].get(\"text\")\n            raise exception_class(message, screen, stacktrace, alert_text)  # type: ignore[call-arg]  # mypy is not smart enough here\n>       raise exception_class(message, screen, stacktrace)\nE       selenium.common.exceptions.NoSuchElementException: Message: no such element: Unable to locate element: {\"method\":\"xpath\",\"selector\":\"(//a[@href='/dostavka'])[3]\"}\nE         (Session info: chrome-headless-shell=120.0.6099.109); For documentation on this error, please visit: https://www.selenium.dev/documentation/webdriver/troubleshooting/errors#no-such-element-exception\nE       Stacktrace:\nE       #0 0x55d6137c8f83 <unknown>\nE       #1 0x55d613481cf7 <unknown>\nE       #2 0x55d6134d199e <unknown>\nE       #3 0x55d6134d1aa1 <unknown>\nE       #4 0x55d61351cd64 <unknown>\nE       #5 0x55d6134fb0dd <unknown>\nE       #6 0x55d61351a006 <unknown>\nE       #7 0x55d6134fae53 <unknown>\nE       #8 0x55d6134c2dd4 <unknown>\nE       #9 0x55d6134c41de <unknown>\nE       #10 0x55d61378d531 <unknown>\nE       #11 0x55d613791455 <unknown>\nE       #12 0x55d613779f55 <unknown>\nE       #13 0x55d6137920ef <unknown>\nE       #14 0x55d61375d99f <unknown>\nE       #15 0x55d6137b6008 <unknown>\nE       #16 0x55d6137b61d7 <unknown>\nE       #17 0x55d6137c8124 <unknown>\nE       #18 0x7f012a7af044 <unknown>\n\n/usr/local/lib/python3.11/site-packages/selenium/webdriver/remote/errorhandler.py:245: NoSuchElementException","steps":[{"name":"Проверка функциональности ссылки 'Доставка'","time":{"start":1703380165114,"stop":1703380165126,"duration":12},"status":"broken","statusMessage":"selenium.common.exceptions.NoSuchElementException: Message: no such element: Unable to locate element: {\"method\":\"xpath\",\"selector\":\"(//a[@href='/dostavka'])[3]\"}\n  (Session info: chrome-headless-shell=120.0.6099.109); For documentation on this error, please visit: https://www.selenium.dev/documentation/webdriver/troubleshooting/errors#no-such-element-exception\nStacktrace:\n#0 0x55d6137c8f83 <unknown>\n#1 0x55d613481cf7 <unknown>\n#2 0x55d6134d199e <unknown>\n#3 0x55d6134d1aa1 <unknown>\n#4 0x55d61351cd64 <unknown>\n#5 0x55d6134fb0dd <unknown>\n#6 0x55d61351a006 <unknown>\n#7 0x55d6134fae53 <unknown>\n#8 0x55d6134c2dd4 <unknown>\n#9 0x55d6134c41de <unknown>\n#10 0x55d61378d531 <unknown>\n#11 0x55d613791455 <unknown>\n#12 0x55d613779f55 <unknown>\n#13 0x55d6137920ef <unknown>\n#14 0x55d61375d99f <unknown>\n#15 0x55d6137b6008 <unknown>\n#16 0x55d6137b61d7 <unknown>\n#17 0x55d6137c8124 <unknown>\n#18 0x7f012a7af044 <unknown>\n\n","statusTrace":"  File \"/usr/local/lib/python3.11/site-packages/allure_commons/_allure.py\", line 192, in impl\n    return func(*a, **kw)\n           ^^^^^^^^^^^^^^\n  File \"/app/pages/main_page.py\", line 130, in check_delivery_link\n    self.driver.find_element(*self._delivery_link).click()\n    ^^^^^^^^^^^^^^^^^^^^^^^^^^^^^^^^^^^^^^^^^^^^^^\n  File \"/usr/local/lib/python3.11/site-packages/selenium/webdriver/remote/webdriver.py\", line 740, in find_element\n    return self.execute(Command.FIND_ELEMENT, {\"using\": by, \"value\": value})[\"value\"]\n           ^^^^^^^^^^^^^^^^^^^^^^^^^^^^^^^^^^^^^^^^^^^^^^^^^^^^^^^^^^^^^^^^^\n  File \"/usr/local/lib/python3.11/site-packages/selenium/webdriver/remote/webdriver.py\", line 346, in execute\n    self.error_handler.check_response(response)\n  File \"/usr/local/lib/python3.11/site-packages/selenium/webdriver/remote/errorhandler.py\", line 245, in check_response\n    raise exception_class(message, screen, stacktrace)\n","steps":[],"attachments":[],"parameters":[],"shouldDisplayMessage":true,"stepsCount":0,"attachmentsCount":0,"hasContent":true,"attachmentStep":false}],"attachments":[{"uid":"c73a62aa23fce33c","name":"Screenshot","source":"c73a62aa23fce33c.png","type":"image/png","size":39106},{"uid":"108f37bcdb7f4695","name":"HTML source","source":"108f37bcdb7f4695.html","type":"text/html","size":538}],"parameters":[],"shouldDisplayMessage":true,"stepsCount":1,"attachmentsCount":2,"hasContent":true,"attachmentStep":false},"afterStages":[{"name":"setup::0","time":{"start":1703380165233,"stop":1703380165233,"duration":0},"status":"passed","steps":[],"attachments":[],"parameters":[],"shouldDisplayMessage":false,"stepsCount":0,"attachmentsCount":0,"hasContent":false,"attachmentStep":false},{"name":"driver::0","time":{"start":1703380165234,"stop":1703380165290,"duration":56},"status":"passed","steps":[],"attachments":[],"parameters":[],"shouldDisplayMessage":false,"stepsCount":0,"attachmentsCount":0,"hasContent":false,"attachmentStep":false}],"labels":[{"name":"epic","value":"Main Page"},{"name":"feature","value":"Footer functionality"},{"name":"tag","value":"smoke_test"},{"name":"parentSuite","value":"tests"},{"name":"suite","value":"test_main_page"},{"name":"subSuite","value":"TestMainPage"},{"name":"host","value":"83ba454a4213"},{"name":"thread","value":"1-MainThread"},{"name":"framework","value":"pytest"},{"name":"language","value":"cpython3"},{"name":"package","value":"tests.test_main_page"},{"name":"resultFormat","value":"allure2"}],"parameters":[{"name":"url","value":"'https://test2.stroyrem-nn.ru/'"}],"links":[],"hidden":false,"retry":false,"extra":{"severity":"normal","retries":[],"categories":[{"name":"Test defects","matchedStatuses":[],"flaky":false}],"history":{"statistic":{"failed":0,"broken":102,"skipped":0,"passed":35,"unknown":0,"total":137},"items":[{"uid":"f3694c408417c186","reportUrl":"https://zaelcovsky.github.io/StroyremAutomation/179//#testresult/f3694c408417c186","status":"broken","statusDetails":"selenium.common.exceptions.NoSuchElementException: Message: no such element: Unable to locate element: {\"method\":\"xpath\",\"selector\":\"(//a[@href='/dostavka'])[3]\"}\n  (Session info: chrome-headless-shell=120.0.6099.109); For documentation on this error, please visit: https://www.selenium.dev/documentation/webdriver/troubleshooting/errors#no-such-element-exception\nStacktrace:\n#0 0x5556b3630f83 <unknown>\n#1 0x5556b32e9cf7 <unknown>\n#2 0x5556b333999e <unknown>\n#3 0x5556b3339aa1 <unknown>\n#4 0x5556b3384d64 <unknown>\n#5 0x5556b33630dd <unknown>\n#6 0x5556b3382006 <unknown>\n#7 0x5556b3362e53 <unknown>\n#8 0x5556b332add4 <unknown>\n#9 0x5556b332c1de <unknown>\n#10 0x5556b35f5531 <unknown>\n#11 0x5556b35f9455 <unknown>\n#12 0x5556b35e1f55 <unknown>\n#13 0x5556b35fa0ef <unknown>\n#14 0x5556b35c599f <unknown>\n#15 0x5556b361e008 <unknown>\n#16 0x5556b361e1d7 <unknown>\n#17 0x5556b3630124 <unknown>\n#18 0x7f01fa432044 <unknown>","time":{"start":1703293387006,"stop":1703293387018,"duration":12}},{"uid":"f5f7c686981db00f","reportUrl":"https://zaelcovsky.github.io/StroyremAutomation/178//#testresult/f5f7c686981db00f","status":"broken","statusDetails":"selenium.common.exceptions.NoSuchElementException: Message: no such element: Unable to locate element: {\"method\":\"xpath\",\"selector\":\"(//a[@href='/dostavka'])[3]\"}\n  (Session info: chrome-headless-shell=120.0.6099.109); For documentation on this error, please visit: https://www.selenium.dev/documentation/webdriver/troubleshooting/errors#no-such-element-exception\nStacktrace:\n#0 0x556088e63f83 <unknown>\n#1 0x556088b1ccf7 <unknown>\n#2 0x556088b6c99e <unknown>\n#3 0x556088b6caa1 <unknown>\n#4 0x556088bb7d64 <unknown>\n#5 0x556088b960dd <unknown>\n#6 0x556088bb5006 <unknown>\n#7 0x556088b95e53 <unknown>\n#8 0x556088b5ddd4 <unknown>\n#9 0x556088b5f1de <unknown>\n#10 0x556088e28531 <unknown>\n#11 0x556088e2c455 <unknown>\n#12 0x556088e14f55 <unknown>\n#13 0x556088e2d0ef <unknown>\n#14 0x556088df899f <unknown>\n#15 0x556088e51008 <unknown>\n#16 0x556088e511d7 <unknown>\n#17 0x556088e63124 <unknown>\n#18 0x7f9e6d670044 <unknown>","time":{"start":1703207070022,"stop":1703207070035,"duration":13}},{"uid":"dcaae5b5e1345992","reportUrl":"https://zaelcovsky.github.io/StroyremAutomation/177//#testresult/dcaae5b5e1345992","status":"broken","statusDetails":"selenium.common.exceptions.NoSuchElementException: Message: no such element: Unable to locate element: {\"method\":\"xpath\",\"selector\":\"(//a[@href='/dostavka'])[3]\"}\n  (Session info: chrome-headless-shell=120.0.6099.109); For documentation on this error, please visit: https://www.selenium.dev/documentation/webdriver/troubleshooting/errors#no-such-element-exception\nStacktrace:\n#0 0x55b44692ef83 <unknown>\n#1 0x55b4465e7cf7 <unknown>\n#2 0x55b44663799e <unknown>\n#3 0x55b446637aa1 <unknown>\n#4 0x55b446682d64 <unknown>\n#5 0x55b4466610dd <unknown>\n#6 0x55b446680006 <unknown>\n#7 0x55b446660e53 <unknown>\n#8 0x55b446628dd4 <unknown>\n#9 0x55b44662a1de <unknown>\n#10 0x55b4468f3531 <unknown>\n#11 0x55b4468f7455 <unknown>\n#12 0x55b4468dff55 <unknown>\n#13 0x55b4468f80ef <unknown>\n#14 0x55b4468c399f <unknown>\n#15 0x55b44691c008 <unknown>\n#16 0x55b44691c1d7 <unknown>\n#17 0x55b44692e124 <unknown>\n#18 0x7f367a24c044 <unknown>","time":{"start":1703120685102,"stop":1703120685115,"duration":13}},{"uid":"26e8f8268c608ba9","reportUrl":"https://zaelcovsky.github.io/StroyremAutomation/176//#testresult/26e8f8268c608ba9","status":"broken","statusDetails":"selenium.common.exceptions.NoSuchElementException: Message: no such element: Unable to locate element: {\"method\":\"xpath\",\"selector\":\"(//a[@href='/dostavka'])[3]\"}\n  (Session info: chrome-headless-shell=120.0.6099.109); For documentation on this error, please visit: https://www.selenium.dev/documentation/webdriver/troubleshooting/errors#no-such-element-exception\nStacktrace:\n#0 0x55ccf9b1ef83 <unknown>\n#1 0x55ccf97d7cf7 <unknown>\n#2 0x55ccf982799e <unknown>\n#3 0x55ccf9827aa1 <unknown>\n#4 0x55ccf9872d64 <unknown>\n#5 0x55ccf98510dd <unknown>\n#6 0x55ccf9870006 <unknown>\n#7 0x55ccf9850e53 <unknown>\n#8 0x55ccf9818dd4 <unknown>\n#9 0x55ccf981a1de <unknown>\n#10 0x55ccf9ae3531 <unknown>\n#11 0x55ccf9ae7455 <unknown>\n#12 0x55ccf9acff55 <unknown>\n#13 0x55ccf9ae80ef <unknown>\n#14 0x55ccf9ab399f <unknown>\n#15 0x55ccf9b0c008 <unknown>\n#16 0x55ccf9b0c1d7 <unknown>\n#17 0x55ccf9b1e124 <unknown>\n#18 0x7f446d31d044 <unknown>","time":{"start":1703033697255,"stop":1703033697268,"duration":13}},{"uid":"4445da9b9f0d5dd0","reportUrl":"https://zaelcovsky.github.io/StroyremAutomation/175//#testresult/4445da9b9f0d5dd0","status":"broken","statusDetails":"selenium.common.exceptions.NoSuchElementException: Message: no such element: Unable to locate element: {\"method\":\"xpath\",\"selector\":\"(//a[@href='/dostavka'])[3]\"}\n  (Session info: chrome-headless-shell=120.0.6099.109); For documentation on this error, please visit: https://www.selenium.dev/documentation/webdriver/troubleshooting/errors#no-such-element-exception\nStacktrace:\n#0 0x55d2b1c14f83 <unknown>\n#1 0x55d2b18cdcf7 <unknown>\n#2 0x55d2b191d99e <unknown>\n#3 0x55d2b191daa1 <unknown>\n#4 0x55d2b1968d64 <unknown>\n#5 0x55d2b19470dd <unknown>\n#6 0x55d2b1966006 <unknown>\n#7 0x55d2b1946e53 <unknown>\n#8 0x55d2b190edd4 <unknown>\n#9 0x55d2b19101de <unknown>\n#10 0x55d2b1bd9531 <unknown>\n#11 0x55d2b1bdd455 <unknown>\n#12 0x55d2b1bc5f55 <unknown>\n#13 0x55d2b1bde0ef <unknown>\n#14 0x55d2b1ba999f <unknown>\n#15 0x55d2b1c02008 <unknown>\n#16 0x55d2b1c021d7 <unknown>\n#17 0x55d2b1c14124 <unknown>\n#18 0x7f8627b34044 <unknown>","time":{"start":1702947957861,"stop":1702947957874,"duration":13}},{"uid":"3c58974ddefe371d","reportUrl":"https://zaelcovsky.github.io/StroyremAutomation/174//#testresult/3c58974ddefe371d","status":"broken","statusDetails":"selenium.common.exceptions.NoSuchElementException: Message: no such element: Unable to locate element: {\"method\":\"xpath\",\"selector\":\"(//a[@href='/dostavka'])[3]\"}\n  (Session info: chrome-headless-shell=120.0.6099.71); For documentation on this error, please visit: https://www.selenium.dev/documentation/webdriver/troubleshooting/errors#no-such-element-exception\nStacktrace:\n#0 0x562414958d33 <unknown>\n#1 0x562414615f87 <unknown>\n#2 0x562414665c0e <unknown>\n#3 0x562414665d11 <unknown>\n#4 0x5624146b1004 <unknown>\n#5 0x56241468f36d <unknown>\n#6 0x5624146ae297 <unknown>\n#7 0x56241468f0e3 <unknown>\n#8 0x562414657044 <unknown>\n#9 0x56241465844e <unknown>\n#10 0x56241491d861 <unknown>\n#11 0x562414921785 <unknown>\n#12 0x56241490b285 <unknown>\n#13 0x56241492241f <unknown>\n#14 0x5624148ef20f <unknown>\n#15 0x562414946028 <unknown>\n#16 0x5624149461f7 <unknown>\n#17 0x562414957ed4 <unknown>\n#18 0x7f47dc007044 <unknown>","time":{"start":1702861640553,"stop":1702861640565,"duration":12}},{"uid":"4ea4a7fd6f0ebe8f","reportUrl":"https://zaelcovsky.github.io/StroyremAutomation/173//#testresult/4ea4a7fd6f0ebe8f","status":"broken","statusDetails":"selenium.common.exceptions.NoSuchElementException: Message: no such element: Unable to locate element: {\"method\":\"xpath\",\"selector\":\"(//a[@href='/dostavka'])[3]\"}\n  (Session info: chrome-headless-shell=120.0.6099.71); For documentation on this error, please visit: https://www.selenium.dev/documentation/webdriver/troubleshooting/errors#no-such-element-exception\nStacktrace:\n#0 0x55aeeaa43d33 <unknown>\n#1 0x55aeea700f87 <unknown>\n#2 0x55aeea750c0e <unknown>\n#3 0x55aeea750d11 <unknown>\n#4 0x55aeea79c004 <unknown>\n#5 0x55aeea77a36d <unknown>\n#6 0x55aeea799297 <unknown>\n#7 0x55aeea77a0e3 <unknown>\n#8 0x55aeea742044 <unknown>\n#9 0x55aeea74344e <unknown>\n#10 0x55aeeaa08861 <unknown>\n#11 0x55aeeaa0c785 <unknown>\n#12 0x55aeea9f6285 <unknown>\n#13 0x55aeeaa0d41f <unknown>\n#14 0x55aeea9da20f <unknown>\n#15 0x55aeeaa31028 <unknown>\n#16 0x55aeeaa311f7 <unknown>\n#17 0x55aeeaa42ed4 <unknown>\n#18 0x7f375a345044 <unknown>","time":{"start":1702775450808,"stop":1702775450821,"duration":13}},{"uid":"c0dc281388bc9b59","reportUrl":"https://zaelcovsky.github.io/StroyremAutomation/172//#testresult/c0dc281388bc9b59","status":"broken","statusDetails":"selenium.common.exceptions.NoSuchElementException: Message: no such element: Unable to locate element: {\"method\":\"xpath\",\"selector\":\"(//a[@href='/dostavka'])[3]\"}\n  (Session info: chrome-headless-shell=120.0.6099.71); For documentation on this error, please visit: https://www.selenium.dev/documentation/webdriver/troubleshooting/errors#no-such-element-exception\nStacktrace:\n#0 0x5580f2341d33 <unknown>\n#1 0x5580f1ffef87 <unknown>\n#2 0x5580f204ec0e <unknown>\n#3 0x5580f204ed11 <unknown>\n#4 0x5580f209a004 <unknown>\n#5 0x5580f207836d <unknown>\n#6 0x5580f2097297 <unknown>\n#7 0x5580f20780e3 <unknown>\n#8 0x5580f2040044 <unknown>\n#9 0x5580f204144e <unknown>\n#10 0x5580f2306861 <unknown>\n#11 0x5580f230a785 <unknown>\n#12 0x5580f22f4285 <unknown>\n#13 0x5580f230b41f <unknown>\n#14 0x5580f22d820f <unknown>\n#15 0x5580f232f028 <unknown>\n#16 0x5580f232f1f7 <unknown>\n#17 0x5580f2340ed4 <unknown>\n#18 0x7fe223f91044 <unknown>","time":{"start":1702688741802,"stop":1702688741815,"duration":13}},{"uid":"48651bbf95824108","reportUrl":"https://zaelcovsky.github.io/StroyremAutomation/171//#testresult/48651bbf95824108","status":"broken","statusDetails":"selenium.common.exceptions.NoSuchElementException: Message: no such element: Unable to locate element: {\"method\":\"xpath\",\"selector\":\"(//a[@href='/dostavka'])[3]\"}\n  (Session info: chrome-headless-shell=120.0.6099.71); For documentation on this error, please visit: https://www.selenium.dev/documentation/webdriver/troubleshooting/errors#no-such-element-exception\nStacktrace:\n#0 0x557c660bdd33 <unknown>\n#1 0x557c65d7af87 <unknown>\n#2 0x557c65dcac0e <unknown>\n#3 0x557c65dcad11 <unknown>\n#4 0x557c65e16004 <unknown>\n#5 0x557c65df436d <unknown>\n#6 0x557c65e13297 <unknown>\n#7 0x557c65df40e3 <unknown>\n#8 0x557c65dbc044 <unknown>\n#9 0x557c65dbd44e <unknown>\n#10 0x557c66082861 <unknown>\n#11 0x557c66086785 <unknown>\n#12 0x557c66070285 <unknown>\n#13 0x557c6608741f <unknown>\n#14 0x557c6605420f <unknown>\n#15 0x557c660ab028 <unknown>\n#16 0x557c660ab1f7 <unknown>\n#17 0x557c660bced4 <unknown>\n#18 0x7f37de084044 <unknown>","time":{"start":1702602488542,"stop":1702602488555,"duration":13}},{"uid":"6ca5605d134f1d91","reportUrl":"https://zaelcovsky.github.io/StroyremAutomation/170//#testresult/6ca5605d134f1d91","status":"broken","statusDetails":"selenium.common.exceptions.NoSuchElementException: Message: no such element: Unable to locate element: {\"method\":\"xpath\",\"selector\":\"(//a[@href='/dostavka'])[3]\"}\n  (Session info: chrome-headless-shell=120.0.6099.71); For documentation on this error, please visit: https://www.selenium.dev/documentation/webdriver/troubleshooting/errors#no-such-element-exception\nStacktrace:\n#0 0x564a011f6d33 <unknown>\n#1 0x564a00eb3f87 <unknown>\n#2 0x564a00f03c0e <unknown>\n#3 0x564a00f03d11 <unknown>\n#4 0x564a00f4f004 <unknown>\n#5 0x564a00f2d36d <unknown>\n#6 0x564a00f4c297 <unknown>\n#7 0x564a00f2d0e3 <unknown>\n#8 0x564a00ef5044 <unknown>\n#9 0x564a00ef644e <unknown>\n#10 0x564a011bb861 <unknown>\n#11 0x564a011bf785 <unknown>\n#12 0x564a011a9285 <unknown>\n#13 0x564a011c041f <unknown>\n#14 0x564a0118d20f <unknown>\n#15 0x564a011e4028 <unknown>\n#16 0x564a011e41f7 <unknown>\n#17 0x564a011f5ed4 <unknown>\n#18 0x7fb4884d0044 <unknown>","time":{"start":1702515939482,"stop":1702515939495,"duration":13}},{"uid":"c557fdbeac121ea","reportUrl":"https://zaelcovsky.github.io/StroyremAutomation/169//#testresult/c557fdbeac121ea","status":"broken","statusDetails":"selenium.common.exceptions.NoSuchElementException: Message: no such element: Unable to locate element: {\"method\":\"xpath\",\"selector\":\"(//a[@href='/dostavka'])[3]\"}\n  (Session info: chrome-headless-shell=120.0.6099.71); For documentation on this error, please visit: https://www.selenium.dev/documentation/webdriver/troubleshooting/errors#no-such-element-exception\nStacktrace:\n#0 0x564012c5fd33 <unknown>\n#1 0x56401291cf87 <unknown>\n#2 0x56401296cc0e <unknown>\n#3 0x56401296cd11 <unknown>\n#4 0x5640129b8004 <unknown>\n#5 0x56401299636d <unknown>\n#6 0x5640129b5297 <unknown>\n#7 0x5640129960e3 <unknown>\n#8 0x56401295e044 <unknown>\n#9 0x56401295f44e <unknown>\n#10 0x564012c24861 <unknown>\n#11 0x564012c28785 <unknown>\n#12 0x564012c12285 <unknown>\n#13 0x564012c2941f <unknown>\n#14 0x564012bf620f <unknown>\n#15 0x564012c4d028 <unknown>\n#16 0x564012c4d1f7 <unknown>\n#17 0x564012c5eed4 <unknown>\n#18 0x7f1e792f1044 <unknown>","time":{"start":1702429582086,"stop":1702429582099,"duration":13}},{"uid":"dbbfb49fbbb48c25","reportUrl":"https://zaelcovsky.github.io/StroyremAutomation/168//#testresult/dbbfb49fbbb48c25","status":"broken","statusDetails":"selenium.common.exceptions.NoSuchElementException: Message: no such element: Unable to locate element: {\"method\":\"xpath\",\"selector\":\"(//a[@href='/dostavka'])[3]\"}\n  (Session info: chrome-headless-shell=120.0.6099.71); For documentation on this error, please visit: https://www.selenium.dev/documentation/webdriver/troubleshooting/errors#no-such-element-exception\nStacktrace:\n#0 0x564a005e2d33 <unknown>\n#1 0x564a0029ff87 <unknown>\n#2 0x564a002efc0e <unknown>\n#3 0x564a002efd11 <unknown>\n#4 0x564a0033b004 <unknown>\n#5 0x564a0031936d <unknown>\n#6 0x564a00338297 <unknown>\n#7 0x564a003190e3 <unknown>\n#8 0x564a002e1044 <unknown>\n#9 0x564a002e244e <unknown>\n#10 0x564a005a7861 <unknown>\n#11 0x564a005ab785 <unknown>\n#12 0x564a00595285 <unknown>\n#13 0x564a005ac41f <unknown>\n#14 0x564a0057920f <unknown>\n#15 0x564a005d0028 <unknown>\n#16 0x564a005d01f7 <unknown>\n#17 0x564a005e1ed4 <unknown>\n#18 0x7fd1a411d044 <unknown>","time":{"start":1702343256015,"stop":1702343256028,"duration":13}},{"uid":"12856f6881c770ab","reportUrl":"https://zaelcovsky.github.io/StroyremAutomation/167//#testresult/12856f6881c770ab","status":"broken","statusDetails":"selenium.common.exceptions.NoSuchElementException: Message: no such element: Unable to locate element: {\"method\":\"xpath\",\"selector\":\"(//a[@href='/dostavka'])[3]\"}\n  (Session info: chrome-headless-shell=120.0.6099.71); For documentation on this error, please visit: https://www.selenium.dev/documentation/webdriver/troubleshooting/errors#no-such-element-exception\nStacktrace:\n#0 0x5586d9cdbd33 <unknown>\n#1 0x5586d9998f87 <unknown>\n#2 0x5586d99e8c0e <unknown>\n#3 0x5586d99e8d11 <unknown>\n#4 0x5586d9a34004 <unknown>\n#5 0x5586d9a1236d <unknown>\n#6 0x5586d9a31297 <unknown>\n#7 0x5586d9a120e3 <unknown>\n#8 0x5586d99da044 <unknown>\n#9 0x5586d99db44e <unknown>\n#10 0x5586d9ca0861 <unknown>\n#11 0x5586d9ca4785 <unknown>\n#12 0x5586d9c8e285 <unknown>\n#13 0x5586d9ca541f <unknown>\n#14 0x5586d9c7220f <unknown>\n#15 0x5586d9cc9028 <unknown>\n#16 0x5586d9cc91f7 <unknown>\n#17 0x5586d9cdaed4 <unknown>\n#18 0x7f5b3c70a044 <unknown>","time":{"start":1702256873281,"stop":1702256873293,"duration":12}},{"uid":"5a652202280e240a","reportUrl":"https://zaelcovsky.github.io/StroyremAutomation/166//#testresult/5a652202280e240a","status":"broken","statusDetails":"selenium.common.exceptions.NoSuchElementException: Message: no such element: Unable to locate element: {\"method\":\"xpath\",\"selector\":\"(//a[@href='/dostavka'])[3]\"}\n  (Session info: chrome-headless-shell=120.0.6099.71); For documentation on this error, please visit: https://www.selenium.dev/documentation/webdriver/troubleshooting/errors#no-such-element-exception\nStacktrace:\n#0 0x563158dafd33 <unknown>\n#1 0x563158a6cf87 <unknown>\n#2 0x563158abcc0e <unknown>\n#3 0x563158abcd11 <unknown>\n#4 0x563158b08004 <unknown>\n#5 0x563158ae636d <unknown>\n#6 0x563158b05297 <unknown>\n#7 0x563158ae60e3 <unknown>\n#8 0x563158aae044 <unknown>\n#9 0x563158aaf44e <unknown>\n#10 0x563158d74861 <unknown>\n#11 0x563158d78785 <unknown>\n#12 0x563158d62285 <unknown>\n#13 0x563158d7941f <unknown>\n#14 0x563158d4620f <unknown>\n#15 0x563158d9d028 <unknown>\n#16 0x563158d9d1f7 <unknown>\n#17 0x563158daeed4 <unknown>\n#18 0x7f73e40de044 <unknown>","time":{"start":1702170632229,"stop":1702170632242,"duration":13}},{"uid":"fd6b9738eb5a2dc0","reportUrl":"https://zaelcovsky.github.io/StroyremAutomation/165//#testresult/fd6b9738eb5a2dc0","status":"broken","statusDetails":"selenium.common.exceptions.NoSuchElementException: Message: no such element: Unable to locate element: {\"method\":\"xpath\",\"selector\":\"(//a[@href='/dostavka'])[3]\"}\n  (Session info: chrome-headless-shell=120.0.6099.71); For documentation on this error, please visit: https://www.selenium.dev/documentation/webdriver/troubleshooting/errors#no-such-element-exception\nStacktrace:\n#0 0x55ecf569ed33 <unknown>\n#1 0x55ecf535bf87 <unknown>\n#2 0x55ecf53abc0e <unknown>\n#3 0x55ecf53abd11 <unknown>\n#4 0x55ecf53f7004 <unknown>\n#5 0x55ecf53d536d <unknown>\n#6 0x55ecf53f4297 <unknown>\n#7 0x55ecf53d50e3 <unknown>\n#8 0x55ecf539d044 <unknown>\n#9 0x55ecf539e44e <unknown>\n#10 0x55ecf5663861 <unknown>\n#11 0x55ecf5667785 <unknown>\n#12 0x55ecf5651285 <unknown>\n#13 0x55ecf566841f <unknown>\n#14 0x55ecf563520f <unknown>\n#15 0x55ecf568c028 <unknown>\n#16 0x55ecf568c1f7 <unknown>\n#17 0x55ecf569ded4 <unknown>\n#18 0x7fe94a042044 <unknown>","time":{"start":1702083897948,"stop":1702083897960,"duration":12}},{"uid":"47ce6087be372a6e","reportUrl":"https://zaelcovsky.github.io/StroyremAutomation/164//#testresult/47ce6087be372a6e","status":"broken","statusDetails":"selenium.common.exceptions.NoSuchElementException: Message: no such element: Unable to locate element: {\"method\":\"xpath\",\"selector\":\"(//a[@href='/dostavka'])[3]\"}\n  (Session info: chrome-headless-shell=120.0.6099.71); For documentation on this error, please visit: https://www.selenium.dev/documentation/webdriver/troubleshooting/errors#no-such-element-exception\nStacktrace:\n#0 0x555693f59d33 <unknown>\n#1 0x555693c16f87 <unknown>\n#2 0x555693c66c0e <unknown>\n#3 0x555693c66d11 <unknown>\n#4 0x555693cb2004 <unknown>\n#5 0x555693c9036d <unknown>\n#6 0x555693caf297 <unknown>\n#7 0x555693c900e3 <unknown>\n#8 0x555693c58044 <unknown>\n#9 0x555693c5944e <unknown>\n#10 0x555693f1e861 <unknown>\n#11 0x555693f22785 <unknown>\n#12 0x555693f0c285 <unknown>\n#13 0x555693f2341f <unknown>\n#14 0x555693ef020f <unknown>\n#15 0x555693f47028 <unknown>\n#16 0x555693f471f7 <unknown>\n#17 0x555693f58ed4 <unknown>\n#18 0x7f30057fb044 <unknown>","time":{"start":1701997650980,"stop":1701997650993,"duration":13}},{"uid":"ae7b9aa08e93599","reportUrl":"https://zaelcovsky.github.io/StroyremAutomation/163//#testresult/ae7b9aa08e93599","status":"broken","statusDetails":"selenium.common.exceptions.NoSuchElementException: Message: no such element: Unable to locate element: {\"method\":\"xpath\",\"selector\":\"(//a[@href='/dostavka'])[3]\"}\n  (Session info: chrome-headless-shell=120.0.6099.71); For documentation on this error, please visit: https://www.selenium.dev/documentation/webdriver/troubleshooting/errors#no-such-element-exception\nStacktrace:\n#0 0x55f3f595ad33 <unknown>\n#1 0x55f3f5617f87 <unknown>\n#2 0x55f3f5667c0e <unknown>\n#3 0x55f3f5667d11 <unknown>\n#4 0x55f3f56b3004 <unknown>\n#5 0x55f3f569136d <unknown>\n#6 0x55f3f56b0297 <unknown>\n#7 0x55f3f56910e3 <unknown>\n#8 0x55f3f5659044 <unknown>\n#9 0x55f3f565a44e <unknown>\n#10 0x55f3f591f861 <unknown>\n#11 0x55f3f5923785 <unknown>\n#12 0x55f3f590d285 <unknown>\n#13 0x55f3f592441f <unknown>\n#14 0x55f3f58f120f <unknown>\n#15 0x55f3f5948028 <unknown>\n#16 0x55f3f59481f7 <unknown>\n#17 0x55f3f5959ed4 <unknown>\n#18 0x7f11eaadc044 <unknown>","time":{"start":1701911226653,"stop":1701911226666,"duration":13}},{"uid":"bf790ce73c1b4b89","reportUrl":"https://zaelcovsky.github.io/StroyremAutomation/162//#testresult/bf790ce73c1b4b89","status":"broken","statusDetails":"selenium.common.exceptions.NoSuchElementException: Message: no such element: Unable to locate element: {\"method\":\"xpath\",\"selector\":\"(//a[@href='/dostavka'])[3]\"}\n  (Session info: chrome-headless-shell=120.0.6099.62); For documentation on this error, please visit: https://www.selenium.dev/documentation/webdriver/troubleshooting/errors#no-such-element-exception\nStacktrace:\n#0 0x555bc4018dc3 <unknown>\n#1 0x555bc3cd5f87 <unknown>\n#2 0x555bc3d25c0e <unknown>\n#3 0x555bc3d25d11 <unknown>\n#4 0x555bc3d71004 <unknown>\n#5 0x555bc3d4f36d <unknown>\n#6 0x555bc3d6e297 <unknown>\n#7 0x555bc3d4f0e3 <unknown>\n#8 0x555bc3d17044 <unknown>\n#9 0x555bc3d1844e <unknown>\n#10 0x555bc3fdd8f1 <unknown>\n#11 0x555bc3fe1815 <unknown>\n#12 0x555bc3fcb315 <unknown>\n#13 0x555bc3fe24af <unknown>\n#14 0x555bc3faf29f <unknown>\n#15 0x555bc40060b8 <unknown>\n#16 0x555bc4006287 <unknown>\n#17 0x555bc4017f64 <unknown>\n#18 0x7f9978f4e044 <unknown>","time":{"start":1701824848005,"stop":1701824848017,"duration":12}},{"uid":"d06f1ae5c4ffb8cd","reportUrl":"https://zaelcovsky.github.io/StroyremAutomation/161//#testresult/d06f1ae5c4ffb8cd","status":"broken","statusDetails":"selenium.common.exceptions.NoSuchElementException: Message: no such element: Unable to locate element: {\"method\":\"xpath\",\"selector\":\"(//a[@href='/dostavka'])[3]\"}\n  (Session info: headless chrome=119.0.6045.105); For documentation on this error, please visit: https://www.selenium.dev/documentation/webdriver/troubleshooting/errors#no-such-element-exception\nStacktrace:\n#0 0x56535b11a5e3 <unknown>\n#1 0x56535addd0b7 <unknown>\n#2 0x56535ae2af53 <unknown>\n#3 0x56535ae2b051 <unknown>\n#4 0x56535ae709c4 <unknown>\n#5 0x56535ae51f1d <unknown>\n#6 0x56535ae6db3d <unknown>\n#7 0x56535ae51cc3 <unknown>\n#8 0x56535ae1d0e4 <unknown>\n#9 0x56535ae1e0ae <unknown>\n#10 0x56535b0e0ce1 <unknown>\n#11 0x56535b0e4b7e <unknown>\n#12 0x56535b0ce4b5 <unknown>\n#13 0x56535b0e57d6 <unknown>\n#14 0x56535b0b1dbf <unknown>\n#15 0x56535b108748 <unknown>\n#16 0x56535b108917 <unknown>\n#17 0x56535b119773 <unknown>\n#18 0x7f4f2cc69044 <unknown>","time":{"start":1701738411032,"stop":1701738411045,"duration":13}},{"uid":"74cef1f24086d559","reportUrl":"https://zaelcovsky.github.io/StroyremAutomation/160//#testresult/74cef1f24086d559","status":"broken","statusDetails":"selenium.common.exceptions.NoSuchElementException: Message: no such element: Unable to locate element: {\"method\":\"xpath\",\"selector\":\"(//a[@href='/dostavka'])[3]\"}\n  (Session info: headless chrome=119.0.6045.105); For documentation on this error, please visit: https://www.selenium.dev/documentation/webdriver/troubleshooting/errors#no-such-element-exception\nStacktrace:\n#0 0x55a29fb805e3 <unknown>\n#1 0x55a29f8430b7 <unknown>\n#2 0x55a29f890f53 <unknown>\n#3 0x55a29f891051 <unknown>\n#4 0x55a29f8d69c4 <unknown>\n#5 0x55a29f8b7f1d <unknown>\n#6 0x55a29f8d3b3d <unknown>\n#7 0x55a29f8b7cc3 <unknown>\n#8 0x55a29f8830e4 <unknown>\n#9 0x55a29f8840ae <unknown>\n#10 0x55a29fb46ce1 <unknown>\n#11 0x55a29fb4ab7e <unknown>\n#12 0x55a29fb344b5 <unknown>\n#13 0x55a29fb4b7d6 <unknown>\n#14 0x55a29fb17dbf <unknown>\n#15 0x55a29fb6e748 <unknown>\n#16 0x55a29fb6e917 <unknown>\n#17 0x55a29fb7f773 <unknown>\n#18 0x7f0a5f1dd044 <unknown>","time":{"start":1701652031132,"stop":1701652031144,"duration":12}}]},"tags":["smoke_test"]},"source":"88bd13cef306e832.json","parameterValues":["'https://test2.stroyrem-nn.ru/'"]}