{"uid":"e1a137e54c555f4e","name":"Авторизация с помощью аккаунта ya.ru","fullName":"tests.test_sign_in.test_sign_in_page.TestSignInPage#test_positive_authorization_first_time_using_YA_smoke","historyId":"dad914aa68b78287aa131957fc42820c","time":{"start":1703381247218,"stop":1703381252260,"duration":5042},"status":"skipped","statusMessage":"XFAIL Появляется капча Яндекса при запуске теста на Github\n\nselenium.common.exceptions.InvalidCookieDomainException: Message: invalid cookie domain: Cookie 'domain' mismatch\n  (Session info: chrome-headless-shell=120.0.6099.109)\nStacktrace:\n#0 0x56546df4ef83 <unknown>\n#1 0x56546dc07cf7 <unknown>\n#2 0x56546dcb4538 <unknown>\n#3 0x56546dc810b2 <unknown>\n#4 0x56546dca0006 <unknown>\n#5 0x56546dc80e53 <unknown>\n#6 0x56546dc48dd4 <unknown>\n#7 0x56546dc4a1de <unknown>\n#8 0x56546df13531 <unknown>\n#9 0x56546df17455 <unknown>\n#10 0x56546defff55 <unknown>\n#11 0x56546df180ef <unknown>\n#12 0x56546dee399f <unknown>\n#13 0x56546df3c008 <unknown>\n#14 0x56546df3c1d7 <unknown>\n#15 0x56546df4e124 <unknown>\n#16 0x7fac7e7d0044 <unknown>","statusTrace":"self = <tests.test_sign_in.test_sign_in_page.TestSignInPage object at 0x7f4ec0221f10>\ndriver = <selenium.webdriver.chrome.webdriver.WebDriver (session=\"6505d99d881fbc47b4a7243380c63560\")>\nsign_in_page = <pages.sign_in_page.SignInPage object at 0x7f4ec0415750>\nopen_sign_in_window = None\n\n    @allure.title(\"Авторизация с помощью аккаунта ya.ru\")\n    @pytest.mark.xfail(reason=\"Появляется капча Яндекса при запуске теста на Github\")\n    @pytest.mark.smoke_test\n    def test_positive_authorization_first_time_using_YA_smoke(self, driver, sign_in_page, open_sign_in_window):\n        sign_in_page.get_ya_ru_auth_icon().click()\n        driver.switch_to.window(driver.window_handles[1])\n        # driver.delete_all_cookies()\n>       driver.add_cookie({'name': 'uniqueuid',\n                           'value': '384528911692006899',\n                           'domain': 'passport.yandex.ru',\n                           'httpOnly': True,\n                           'path': '/',\n                           'expiry': 1723499808,\n                           'sameSite': 'Lax',\n                           'secure': True})\n\ntests/test_sign_in/test_sign_in_page.py:137: \n_ _ _ _ _ _ _ _ _ _ _ _ _ _ _ _ _ _ _ _ _ _ _ _ _ _ _ _ _ _ _ _ _ _ _ _ _ _ _ _ \n/usr/local/lib/python3.11/site-packages/selenium/webdriver/remote/webdriver.py:633: in add_cookie\n    self.execute(Command.ADD_COOKIE, {\"cookie\": cookie_dict})\n/usr/local/lib/python3.11/site-packages/selenium/webdriver/remote/webdriver.py:346: in execute\n    self.error_handler.check_response(response)\n_ _ _ _ _ _ _ _ _ _ _ _ _ _ _ _ _ _ _ _ _ _ _ _ _ _ _ _ _ _ _ _ _ _ _ _ _ _ _ _ \n\nself = <selenium.webdriver.remote.errorhandler.ErrorHandler object at 0x7f4ec01c7690>\nresponse = {'status': 400, 'value': '{\"value\":{\"error\":\"invalid cookie domain\",\"message\":\"invalid cookie domain: Cookie \\'domain\\...\\\\n#14 0x56546df3c1d7 \\\\u003Cunknown>\\\\n#15 0x56546df4e124 \\\\u003Cunknown>\\\\n#16 0x7fac7e7d0044 \\\\u003Cunknown>\\\\n\"}}'}\n\n    def check_response(self, response: Dict[str, Any]) -> None:\n        \"\"\"Checks that a JSON response from the WebDriver does not have an\n        error.\n    \n        :Args:\n         - response - The JSON response from the WebDriver server as a dictionary\n           object.\n    \n        :Raises: If the response contains an error message.\n        \"\"\"\n        status = response.get(\"status\", None)\n        if not status or status == ErrorCode.SUCCESS:\n            return\n        value = None\n        message = response.get(\"message\", \"\")\n        screen: str = response.get(\"screen\", \"\")\n        stacktrace = None\n        if isinstance(status, int):\n            value_json = response.get(\"value\", None)\n            if value_json and isinstance(value_json, str):\n                import json\n    \n                try:\n                    value = json.loads(value_json)\n                    if len(value) == 1:\n                        value = value[\"value\"]\n                    status = value.get(\"error\", None)\n                    if not status:\n                        status = value.get(\"status\", ErrorCode.UNKNOWN_ERROR)\n                        message = value.get(\"value\") or value.get(\"message\")\n                        if not isinstance(message, str):\n                            value = message\n                            message = message.get(\"message\")\n                    else:\n                        message = value.get(\"message\", None)\n                except ValueError:\n                    pass\n    \n        exception_class: Type[WebDriverException]\n        if status in ErrorCode.NO_SUCH_ELEMENT:\n            exception_class = NoSuchElementException\n        elif status in ErrorCode.NO_SUCH_FRAME:\n            exception_class = NoSuchFrameException\n        elif status in ErrorCode.NO_SUCH_SHADOW_ROOT:\n            exception_class = NoSuchShadowRootException\n        elif status in ErrorCode.NO_SUCH_WINDOW:\n            exception_class = NoSuchWindowException\n        elif status in ErrorCode.STALE_ELEMENT_REFERENCE:\n            exception_class = StaleElementReferenceException\n        elif status in ErrorCode.ELEMENT_NOT_VISIBLE:\n            exception_class = ElementNotVisibleException\n        elif status in ErrorCode.INVALID_ELEMENT_STATE:\n            exception_class = InvalidElementStateException\n        elif (\n            status in ErrorCode.INVALID_SELECTOR\n            or status in ErrorCode.INVALID_XPATH_SELECTOR\n            or status in ErrorCode.INVALID_XPATH_SELECTOR_RETURN_TYPER\n        ):\n            exception_class = InvalidSelectorException\n        elif status in ErrorCode.ELEMENT_IS_NOT_SELECTABLE:\n            exception_class = ElementNotSelectableException\n        elif status in ErrorCode.ELEMENT_NOT_INTERACTABLE:\n            exception_class = ElementNotInteractableException\n        elif status in ErrorCode.INVALID_COOKIE_DOMAIN:\n            exception_class = InvalidCookieDomainException\n        elif status in ErrorCode.UNABLE_TO_SET_COOKIE:\n            exception_class = UnableToSetCookieException\n        elif status in ErrorCode.TIMEOUT:\n            exception_class = TimeoutException\n        elif status in ErrorCode.SCRIPT_TIMEOUT:\n            exception_class = TimeoutException\n        elif status in ErrorCode.UNKNOWN_ERROR:\n            exception_class = WebDriverException\n        elif status in ErrorCode.UNEXPECTED_ALERT_OPEN:\n            exception_class = UnexpectedAlertPresentException\n        elif status in ErrorCode.NO_ALERT_OPEN:\n            exception_class = NoAlertPresentException\n        elif status in ErrorCode.IME_NOT_AVAILABLE:\n            exception_class = ImeNotAvailableException\n        elif status in ErrorCode.IME_ENGINE_ACTIVATION_FAILED:\n            exception_class = ImeActivationFailedException\n        elif status in ErrorCode.MOVE_TARGET_OUT_OF_BOUNDS:\n            exception_class = MoveTargetOutOfBoundsException\n        elif status in ErrorCode.JAVASCRIPT_ERROR:\n            exception_class = JavascriptException\n        elif status in ErrorCode.SESSION_NOT_CREATED:\n            exception_class = SessionNotCreatedException\n        elif status in ErrorCode.INVALID_ARGUMENT:\n            exception_class = InvalidArgumentException\n        elif status in ErrorCode.NO_SUCH_COOKIE:\n            exception_class = NoSuchCookieException\n        elif status in ErrorCode.UNABLE_TO_CAPTURE_SCREEN:\n            exception_class = ScreenshotException\n        elif status in ErrorCode.ELEMENT_CLICK_INTERCEPTED:\n            exception_class = ElementClickInterceptedException\n        elif status in ErrorCode.INSECURE_CERTIFICATE:\n            exception_class = InsecureCertificateException\n        elif status in ErrorCode.INVALID_COORDINATES:\n            exception_class = InvalidCoordinatesException\n        elif status in ErrorCode.INVALID_SESSION_ID:\n            exception_class = InvalidSessionIdException\n        elif status in ErrorCode.UNKNOWN_METHOD:\n            exception_class = UnknownMethodException\n        else:\n            exception_class = WebDriverException\n        if not value:\n            value = response[\"value\"]\n        if isinstance(value, str):\n            raise exception_class(value)\n        if message == \"\" and \"message\" in value:\n            message = value[\"message\"]\n    \n        screen = None  # type: ignore[assignment]\n        if \"screen\" in value:\n            screen = value[\"screen\"]\n    \n        stacktrace = None\n        st_value = value.get(\"stackTrace\") or value.get(\"stacktrace\")\n        if st_value:\n            if isinstance(st_value, str):\n                stacktrace = st_value.split(\"\\n\")\n            else:\n                stacktrace = []\n                try:\n                    for frame in st_value:\n                        line = frame.get(\"lineNumber\", \"\")\n                        file = frame.get(\"fileName\", \"<anonymous>\")\n                        if line:\n                            file = f\"{file}:{line}\"\n                        meth = frame.get(\"methodName\", \"<anonymous>\")\n                        if \"className\" in frame:\n                            meth = f\"{frame['className']}.{meth}\"\n                        msg = \"    at %s (%s)\"\n                        msg = msg % (meth, file)\n                        stacktrace.append(msg)\n                except TypeError:\n                    pass\n        if exception_class == UnexpectedAlertPresentException:\n            alert_text = None\n            if \"data\" in value:\n                alert_text = value[\"data\"].get(\"text\")\n            elif \"alert\" in value:\n                alert_text = value[\"alert\"].get(\"text\")\n            raise exception_class(message, screen, stacktrace, alert_text)  # type: ignore[call-arg]  # mypy is not smart enough here\n>       raise exception_class(message, screen, stacktrace)\nE       selenium.common.exceptions.InvalidCookieDomainException: Message: invalid cookie domain: Cookie 'domain' mismatch\nE         (Session info: chrome-headless-shell=120.0.6099.109)\nE       Stacktrace:\nE       #0 0x56546df4ef83 <unknown>\nE       #1 0x56546dc07cf7 <unknown>\nE       #2 0x56546dcb4538 <unknown>\nE       #3 0x56546dc810b2 <unknown>\nE       #4 0x56546dca0006 <unknown>\nE       #5 0x56546dc80e53 <unknown>\nE       #6 0x56546dc48dd4 <unknown>\nE       #7 0x56546dc4a1de <unknown>\nE       #8 0x56546df13531 <unknown>\nE       #9 0x56546df17455 <unknown>\nE       #10 0x56546defff55 <unknown>\nE       #11 0x56546df180ef <unknown>\nE       #12 0x56546dee399f <unknown>\nE       #13 0x56546df3c008 <unknown>\nE       #14 0x56546df3c1d7 <unknown>\nE       #15 0x56546df4e124 <unknown>\nE       #16 0x7fac7e7d0044 <unknown>\n\n/usr/local/lib/python3.11/site-packages/selenium/webdriver/remote/errorhandler.py:245: InvalidCookieDomainException","flaky":false,"newFailed":false,"newBroken":false,"newPassed":false,"retriesCount":0,"retriesStatusChange":false,"beforeStages":[{"name":"_session_faker","time":{"start":1703380042459,"stop":1703380042528,"duration":69},"status":"passed","steps":[],"attachments":[],"parameters":[],"shouldDisplayMessage":false,"stepsCount":0,"attachmentsCount":0,"hasContent":false,"attachmentStep":false},{"name":"clear_allure_results_folder","time":{"start":1703380042528,"stop":1703380042528,"duration":0},"status":"passed","steps":[],"attachments":[],"parameters":[],"shouldDisplayMessage":false,"stepsCount":0,"attachmentsCount":0,"hasContent":false,"attachmentStep":false},{"name":"driver","time":{"start":1703381238077,"stop":1703381238812,"duration":735},"status":"passed","steps":[],"attachments":[],"parameters":[],"shouldDisplayMessage":false,"stepsCount":0,"attachmentsCount":0,"hasContent":false,"attachmentStep":false},{"name":"setup","time":{"start":1703381238813,"stop":1703381238813,"duration":0},"status":"passed","steps":[],"attachments":[],"parameters":[],"shouldDisplayMessage":false,"stepsCount":0,"attachmentsCount":0,"hasContent":false,"attachmentStep":false},{"name":"sign_in_page","time":{"start":1703381238813,"stop":1703381246868,"duration":8055},"status":"passed","steps":[],"attachments":[],"parameters":[],"shouldDisplayMessage":false,"stepsCount":0,"attachmentsCount":0,"hasContent":false,"attachmentStep":false},{"name":"open_sign_in_window","time":{"start":1703381246868,"stop":1703381247218,"duration":350},"status":"passed","steps":[{"name":"Нахождение элемента: иконка профиля в хедере","time":{"start":1703381246868,"stop":1703381246878,"duration":10},"status":"passed","steps":[],"attachments":[],"parameters":[],"shouldDisplayMessage":false,"stepsCount":0,"attachmentsCount":0,"hasContent":false,"attachmentStep":false}],"attachments":[],"parameters":[],"shouldDisplayMessage":false,"stepsCount":1,"attachmentsCount":0,"hasContent":true,"attachmentStep":false}],"testStage":{"status":"skipped","statusMessage":"XFAIL Появляется капча Яндекса при запуске теста на Github\n\nselenium.common.exceptions.InvalidCookieDomainException: Message: invalid cookie domain: Cookie 'domain' mismatch\n  (Session info: chrome-headless-shell=120.0.6099.109)\nStacktrace:\n#0 0x56546df4ef83 <unknown>\n#1 0x56546dc07cf7 <unknown>\n#2 0x56546dcb4538 <unknown>\n#3 0x56546dc810b2 <unknown>\n#4 0x56546dca0006 <unknown>\n#5 0x56546dc80e53 <unknown>\n#6 0x56546dc48dd4 <unknown>\n#7 0x56546dc4a1de <unknown>\n#8 0x56546df13531 <unknown>\n#9 0x56546df17455 <unknown>\n#10 0x56546defff55 <unknown>\n#11 0x56546df180ef <unknown>\n#12 0x56546dee399f <unknown>\n#13 0x56546df3c008 <unknown>\n#14 0x56546df3c1d7 <unknown>\n#15 0x56546df4e124 <unknown>\n#16 0x7fac7e7d0044 <unknown>","statusTrace":"self = <tests.test_sign_in.test_sign_in_page.TestSignInPage object at 0x7f4ec0221f10>\ndriver = <selenium.webdriver.chrome.webdriver.WebDriver (session=\"6505d99d881fbc47b4a7243380c63560\")>\nsign_in_page = <pages.sign_in_page.SignInPage object at 0x7f4ec0415750>\nopen_sign_in_window = None\n\n    @allure.title(\"Авторизация с помощью аккаунта ya.ru\")\n    @pytest.mark.xfail(reason=\"Появляется капча Яндекса при запуске теста на Github\")\n    @pytest.mark.smoke_test\n    def test_positive_authorization_first_time_using_YA_smoke(self, driver, sign_in_page, open_sign_in_window):\n        sign_in_page.get_ya_ru_auth_icon().click()\n        driver.switch_to.window(driver.window_handles[1])\n        # driver.delete_all_cookies()\n>       driver.add_cookie({'name': 'uniqueuid',\n                           'value': '384528911692006899',\n                           'domain': 'passport.yandex.ru',\n                           'httpOnly': True,\n                           'path': '/',\n                           'expiry': 1723499808,\n                           'sameSite': 'Lax',\n                           'secure': True})\n\ntests/test_sign_in/test_sign_in_page.py:137: \n_ _ _ _ _ _ _ _ _ _ _ _ _ _ _ _ _ _ _ _ _ _ _ _ _ _ _ _ _ _ _ _ _ _ _ _ _ _ _ _ \n/usr/local/lib/python3.11/site-packages/selenium/webdriver/remote/webdriver.py:633: in add_cookie\n    self.execute(Command.ADD_COOKIE, {\"cookie\": cookie_dict})\n/usr/local/lib/python3.11/site-packages/selenium/webdriver/remote/webdriver.py:346: in execute\n    self.error_handler.check_response(response)\n_ _ _ _ _ _ _ _ _ _ _ _ _ _ _ _ _ _ _ _ _ _ _ _ _ _ _ _ _ _ _ _ _ _ _ _ _ _ _ _ \n\nself = <selenium.webdriver.remote.errorhandler.ErrorHandler object at 0x7f4ec01c7690>\nresponse = {'status': 400, 'value': '{\"value\":{\"error\":\"invalid cookie domain\",\"message\":\"invalid cookie domain: Cookie \\'domain\\...\\\\n#14 0x56546df3c1d7 \\\\u003Cunknown>\\\\n#15 0x56546df4e124 \\\\u003Cunknown>\\\\n#16 0x7fac7e7d0044 \\\\u003Cunknown>\\\\n\"}}'}\n\n    def check_response(self, response: Dict[str, Any]) -> None:\n        \"\"\"Checks that a JSON response from the WebDriver does not have an\n        error.\n    \n        :Args:\n         - response - The JSON response from the WebDriver server as a dictionary\n           object.\n    \n        :Raises: If the response contains an error message.\n        \"\"\"\n        status = response.get(\"status\", None)\n        if not status or status == ErrorCode.SUCCESS:\n            return\n        value = None\n        message = response.get(\"message\", \"\")\n        screen: str = response.get(\"screen\", \"\")\n        stacktrace = None\n        if isinstance(status, int):\n            value_json = response.get(\"value\", None)\n            if value_json and isinstance(value_json, str):\n                import json\n    \n                try:\n                    value = json.loads(value_json)\n                    if len(value) == 1:\n                        value = value[\"value\"]\n                    status = value.get(\"error\", None)\n                    if not status:\n                        status = value.get(\"status\", ErrorCode.UNKNOWN_ERROR)\n                        message = value.get(\"value\") or value.get(\"message\")\n                        if not isinstance(message, str):\n                            value = message\n                            message = message.get(\"message\")\n                    else:\n                        message = value.get(\"message\", None)\n                except ValueError:\n                    pass\n    \n        exception_class: Type[WebDriverException]\n        if status in ErrorCode.NO_SUCH_ELEMENT:\n            exception_class = NoSuchElementException\n        elif status in ErrorCode.NO_SUCH_FRAME:\n            exception_class = NoSuchFrameException\n        elif status in ErrorCode.NO_SUCH_SHADOW_ROOT:\n            exception_class = NoSuchShadowRootException\n        elif status in ErrorCode.NO_SUCH_WINDOW:\n            exception_class = NoSuchWindowException\n        elif status in ErrorCode.STALE_ELEMENT_REFERENCE:\n            exception_class = StaleElementReferenceException\n        elif status in ErrorCode.ELEMENT_NOT_VISIBLE:\n            exception_class = ElementNotVisibleException\n        elif status in ErrorCode.INVALID_ELEMENT_STATE:\n            exception_class = InvalidElementStateException\n        elif (\n            status in ErrorCode.INVALID_SELECTOR\n            or status in ErrorCode.INVALID_XPATH_SELECTOR\n            or status in ErrorCode.INVALID_XPATH_SELECTOR_RETURN_TYPER\n        ):\n            exception_class = InvalidSelectorException\n        elif status in ErrorCode.ELEMENT_IS_NOT_SELECTABLE:\n            exception_class = ElementNotSelectableException\n        elif status in ErrorCode.ELEMENT_NOT_INTERACTABLE:\n            exception_class = ElementNotInteractableException\n        elif status in ErrorCode.INVALID_COOKIE_DOMAIN:\n            exception_class = InvalidCookieDomainException\n        elif status in ErrorCode.UNABLE_TO_SET_COOKIE:\n            exception_class = UnableToSetCookieException\n        elif status in ErrorCode.TIMEOUT:\n            exception_class = TimeoutException\n        elif status in ErrorCode.SCRIPT_TIMEOUT:\n            exception_class = TimeoutException\n        elif status in ErrorCode.UNKNOWN_ERROR:\n            exception_class = WebDriverException\n        elif status in ErrorCode.UNEXPECTED_ALERT_OPEN:\n            exception_class = UnexpectedAlertPresentException\n        elif status in ErrorCode.NO_ALERT_OPEN:\n            exception_class = NoAlertPresentException\n        elif status in ErrorCode.IME_NOT_AVAILABLE:\n            exception_class = ImeNotAvailableException\n        elif status in ErrorCode.IME_ENGINE_ACTIVATION_FAILED:\n            exception_class = ImeActivationFailedException\n        elif status in ErrorCode.MOVE_TARGET_OUT_OF_BOUNDS:\n            exception_class = MoveTargetOutOfBoundsException\n        elif status in ErrorCode.JAVASCRIPT_ERROR:\n            exception_class = JavascriptException\n        elif status in ErrorCode.SESSION_NOT_CREATED:\n            exception_class = SessionNotCreatedException\n        elif status in ErrorCode.INVALID_ARGUMENT:\n            exception_class = InvalidArgumentException\n        elif status in ErrorCode.NO_SUCH_COOKIE:\n            exception_class = NoSuchCookieException\n        elif status in ErrorCode.UNABLE_TO_CAPTURE_SCREEN:\n            exception_class = ScreenshotException\n        elif status in ErrorCode.ELEMENT_CLICK_INTERCEPTED:\n            exception_class = ElementClickInterceptedException\n        elif status in ErrorCode.INSECURE_CERTIFICATE:\n            exception_class = InsecureCertificateException\n        elif status in ErrorCode.INVALID_COORDINATES:\n            exception_class = InvalidCoordinatesException\n        elif status in ErrorCode.INVALID_SESSION_ID:\n            exception_class = InvalidSessionIdException\n        elif status in ErrorCode.UNKNOWN_METHOD:\n            exception_class = UnknownMethodException\n        else:\n            exception_class = WebDriverException\n        if not value:\n            value = response[\"value\"]\n        if isinstance(value, str):\n            raise exception_class(value)\n        if message == \"\" and \"message\" in value:\n            message = value[\"message\"]\n    \n        screen = None  # type: ignore[assignment]\n        if \"screen\" in value:\n            screen = value[\"screen\"]\n    \n        stacktrace = None\n        st_value = value.get(\"stackTrace\") or value.get(\"stacktrace\")\n        if st_value:\n            if isinstance(st_value, str):\n                stacktrace = st_value.split(\"\\n\")\n            else:\n                stacktrace = []\n                try:\n                    for frame in st_value:\n                        line = frame.get(\"lineNumber\", \"\")\n                        file = frame.get(\"fileName\", \"<anonymous>\")\n                        if line:\n                            file = f\"{file}:{line}\"\n                        meth = frame.get(\"methodName\", \"<anonymous>\")\n                        if \"className\" in frame:\n                            meth = f\"{frame['className']}.{meth}\"\n                        msg = \"    at %s (%s)\"\n                        msg = msg % (meth, file)\n                        stacktrace.append(msg)\n                except TypeError:\n                    pass\n        if exception_class == UnexpectedAlertPresentException:\n            alert_text = None\n            if \"data\" in value:\n                alert_text = value[\"data\"].get(\"text\")\n            elif \"alert\" in value:\n                alert_text = value[\"alert\"].get(\"text\")\n            raise exception_class(message, screen, stacktrace, alert_text)  # type: ignore[call-arg]  # mypy is not smart enough here\n>       raise exception_class(message, screen, stacktrace)\nE       selenium.common.exceptions.InvalidCookieDomainException: Message: invalid cookie domain: Cookie 'domain' mismatch\nE         (Session info: chrome-headless-shell=120.0.6099.109)\nE       Stacktrace:\nE       #0 0x56546df4ef83 <unknown>\nE       #1 0x56546dc07cf7 <unknown>\nE       #2 0x56546dcb4538 <unknown>\nE       #3 0x56546dc810b2 <unknown>\nE       #4 0x56546dca0006 <unknown>\nE       #5 0x56546dc80e53 <unknown>\nE       #6 0x56546dc48dd4 <unknown>\nE       #7 0x56546dc4a1de <unknown>\nE       #8 0x56546df13531 <unknown>\nE       #9 0x56546df17455 <unknown>\nE       #10 0x56546defff55 <unknown>\nE       #11 0x56546df180ef <unknown>\nE       #12 0x56546dee399f <unknown>\nE       #13 0x56546df3c008 <unknown>\nE       #14 0x56546df3c1d7 <unknown>\nE       #15 0x56546df4e124 <unknown>\nE       #16 0x7fac7e7d0044 <unknown>\n\n/usr/local/lib/python3.11/site-packages/selenium/webdriver/remote/errorhandler.py:245: InvalidCookieDomainException","steps":[{"name":"Нахождение элемента: иконка 'ya.ru' окна авторизации","time":{"start":1703381247218,"stop":1703381247231,"duration":13},"status":"passed","steps":[],"attachments":[],"parameters":[],"shouldDisplayMessage":false,"stepsCount":0,"attachmentsCount":0,"hasContent":false,"attachmentStep":false}],"attachments":[{"uid":"69a314918263cf16","name":"Screenshot","source":"69a314918263cf16.png","type":"image/png","size":382471},{"uid":"5dc6b0a52aebaa11","name":"HTML source","source":"5dc6b0a52aebaa11.html","type":"text/html","size":18109}],"parameters":[],"shouldDisplayMessage":true,"stepsCount":1,"attachmentsCount":2,"hasContent":true,"attachmentStep":false},"afterStages":[{"name":"setup::0","time":{"start":1703381252393,"stop":1703381252393,"duration":0},"status":"passed","steps":[],"attachments":[],"parameters":[],"shouldDisplayMessage":false,"stepsCount":0,"attachmentsCount":0,"hasContent":false,"attachmentStep":false},{"name":"driver::0","time":{"start":1703381252394,"stop":1703381252462,"duration":68},"status":"passed","steps":[],"attachments":[],"parameters":[],"shouldDisplayMessage":false,"stepsCount":0,"attachmentsCount":0,"hasContent":false,"attachmentStep":false}],"labels":[{"name":"epic","value":"Sign In Page"},{"name":"tag","value":"smoke_test"},{"name":"tag","value":"@pytest.mark.xfail(reason='Появляется капча Яндекса при запуске теста на Github')"},{"name":"parentSuite","value":"tests.test_sign_in"},{"name":"suite","value":"test_sign_in_page"},{"name":"subSuite","value":"TestSignInPage"},{"name":"host","value":"83ba454a4213"},{"name":"thread","value":"1-MainThread"},{"name":"framework","value":"pytest"},{"name":"language","value":"cpython3"},{"name":"package","value":"tests.test_sign_in.test_sign_in_page"},{"name":"resultFormat","value":"allure2"}],"parameters":[],"links":[],"hidden":false,"retry":false,"extra":{"severity":"normal","retries":[],"categories":[],"history":{"statistic":{"failed":1,"broken":13,"skipped":143,"passed":3,"unknown":0,"total":160},"items":[{"uid":"4e1eeeca24026ac9","reportUrl":"https://zaelcovsky.github.io/StroyremAutomation/179//#testresult/4e1eeeca24026ac9","status":"skipped","statusDetails":"XFAIL Появляется капча Яндекса при запуске теста на Github\n\nselenium.common.exceptions.NoSuchElementException: Message: no such element: Unable to locate element: {\"method\":\"css selector\",\"selector\":\"button[data-t='button:clear']\"}\n  (Session info: chrome-headless-shell=120.0.6099.109); For documentation on this error, please visit: https://www.selenium.dev/documentation/webdriver/troubleshooting/errors#no-such-element-exception\nStacktrace:\n#0 0x562026878f83 <unknown>\n#1 0x562026531cf7 <unknown>\n#2 0x56202658199e <unknown>\n#3 0x562026581aa1 <unknown>\n#4 0x5620265ccd64 <unknown>\n#5 0x5620265ab0dd <unknown>\n#6 0x5620265ca006 <unknown>\n#7 0x5620265aae53 <unknown>\n#8 0x562026572dd4 <unknown>\n#9 0x5620265741de <unknown>\n#10 0x56202683d531 <unknown>\n#11 0x562026841455 <unknown>\n#12 0x562026829f55 <unknown>\n#13 0x5620268420ef <unknown>\n#14 0x56202680d99f <unknown>\n#15 0x562026866008 <unknown>\n#16 0x5620268661d7 <unknown>\n#17 0x562026878124 <unknown>\n#18 0x7f734091f044 <unknown>","time":{"start":1703294507600,"stop":1703294512839,"duration":5239}},{"uid":"ee6b319e1adc88b3","reportUrl":"https://zaelcovsky.github.io/StroyremAutomation/178//#testresult/ee6b319e1adc88b3","status":"skipped","statusDetails":"XFAIL Появляется капча Яндекса при запуске теста на Github\n\nselenium.common.exceptions.InvalidCookieDomainException: Message: invalid cookie domain: Cookie 'domain' mismatch\n  (Session info: chrome-headless-shell=120.0.6099.109)\nStacktrace:\n#0 0x5617f56baf83 <unknown>\n#1 0x5617f5373cf7 <unknown>\n#2 0x5617f5420538 <unknown>\n#3 0x5617f53ed0b2 <unknown>\n#4 0x5617f540c006 <unknown>\n#5 0x5617f53ece53 <unknown>\n#6 0x5617f53b4dd4 <unknown>\n#7 0x5617f53b61de <unknown>\n#8 0x5617f567f531 <unknown>\n#9 0x5617f5683455 <unknown>\n#10 0x5617f566bf55 <unknown>\n#11 0x5617f56840ef <unknown>\n#12 0x5617f564f99f <unknown>\n#13 0x5617f56a8008 <unknown>\n#14 0x5617f56a81d7 <unknown>\n#15 0x5617f56ba124 <unknown>\n#16 0x7f9f89a5a044 <unknown>","time":{"start":1703208039064,"stop":1703208042405,"duration":3341}},{"uid":"23bd2e5e597e02a7","reportUrl":"https://zaelcovsky.github.io/StroyremAutomation/177//#testresult/23bd2e5e597e02a7","status":"skipped","statusDetails":"XFAIL Появляется капча Яндекса при запуске теста на Github\n\nselenium.common.exceptions.InvalidCookieDomainException: Message: invalid cookie domain: Cookie 'domain' mismatch\n  (Session info: chrome-headless-shell=120.0.6099.109)\nStacktrace:\n#0 0x5637316f0f83 <unknown>\n#1 0x5637313a9cf7 <unknown>\n#2 0x563731456538 <unknown>\n#3 0x5637314230b2 <unknown>\n#4 0x563731442006 <unknown>\n#5 0x563731422e53 <unknown>\n#6 0x5637313eadd4 <unknown>\n#7 0x5637313ec1de <unknown>\n#8 0x5637316b5531 <unknown>\n#9 0x5637316b9455 <unknown>\n#10 0x5637316a1f55 <unknown>\n#11 0x5637316ba0ef <unknown>\n#12 0x56373168599f <unknown>\n#13 0x5637316de008 <unknown>\n#14 0x5637316de1d7 <unknown>\n#15 0x5637316f0124 <unknown>\n#16 0x7f9ad1644044 <unknown>","time":{"start":1703121654009,"stop":1703121657643,"duration":3634}},{"uid":"ee3c11ffb85eaa80","reportUrl":"https://zaelcovsky.github.io/StroyremAutomation/176//#testresult/ee3c11ffb85eaa80","status":"skipped","statusDetails":"XFAIL Появляется капча Яндекса при запуске теста на Github\n\nselenium.common.exceptions.NoSuchElementException: Message: no such element: Unable to locate element: {\"method\":\"css selector\",\"selector\":\"button[data-t='button:clear']\"}\n  (Session info: chrome-headless-shell=120.0.6099.109); For documentation on this error, please visit: https://www.selenium.dev/documentation/webdriver/troubleshooting/errors#no-such-element-exception\nStacktrace:\n#0 0x55ec45658f83 <unknown>\n#1 0x55ec45311cf7 <unknown>\n#2 0x55ec4536199e <unknown>\n#3 0x55ec45361aa1 <unknown>\n#4 0x55ec453acd64 <unknown>\n#5 0x55ec4538b0dd <unknown>\n#6 0x55ec453aa006 <unknown>\n#7 0x55ec4538ae53 <unknown>\n#8 0x55ec45352dd4 <unknown>\n#9 0x55ec453541de <unknown>\n#10 0x55ec4561d531 <unknown>\n#11 0x55ec45621455 <unknown>\n#12 0x55ec45609f55 <unknown>\n#13 0x55ec456220ef <unknown>\n#14 0x55ec455ed99f <unknown>\n#15 0x55ec45646008 <unknown>\n#16 0x55ec456461d7 <unknown>\n#17 0x55ec45658124 <unknown>\n#18 0x7f8978b5f044 <unknown>","time":{"start":1703034678481,"stop":1703034682175,"duration":3694}},{"uid":"70dfc3553cee3892","reportUrl":"https://zaelcovsky.github.io/StroyremAutomation/175//#testresult/70dfc3553cee3892","status":"skipped","statusDetails":"XFAIL Появляется капча Яндекса при запуске теста на Github\n\nselenium.common.exceptions.NoSuchElementException: Message: no such element: Unable to locate element: {\"method\":\"css selector\",\"selector\":\"button[data-t='button:clear']\"}\n  (Session info: chrome-headless-shell=120.0.6099.109); For documentation on this error, please visit: https://www.selenium.dev/documentation/webdriver/troubleshooting/errors#no-such-element-exception\nStacktrace:\n#0 0x55ccc3a0af83 <unknown>\n#1 0x55ccc36c3cf7 <unknown>\n#2 0x55ccc371399e <unknown>\n#3 0x55ccc3713aa1 <unknown>\n#4 0x55ccc375ed64 <unknown>\n#5 0x55ccc373d0dd <unknown>\n#6 0x55ccc375c006 <unknown>\n#7 0x55ccc373ce53 <unknown>\n#8 0x55ccc3704dd4 <unknown>\n#9 0x55ccc37061de <unknown>\n#10 0x55ccc39cf531 <unknown>\n#11 0x55ccc39d3455 <unknown>\n#12 0x55ccc39bbf55 <unknown>\n#13 0x55ccc39d40ef <unknown>\n#14 0x55ccc399f99f <unknown>\n#15 0x55ccc39f8008 <unknown>\n#16 0x55ccc39f81d7 <unknown>\n#17 0x55ccc3a0a124 <unknown>\n#18 0x7f6c77c6b044 <unknown>","time":{"start":1702948931995,"stop":1702948935460,"duration":3465}},{"uid":"f06f663323b9483a","reportUrl":"https://zaelcovsky.github.io/StroyremAutomation/174//#testresult/f06f663323b9483a","status":"skipped","statusDetails":"XFAIL Появляется капча Яндекса при запуске теста на Github\n\nselenium.common.exceptions.NoSuchElementException: Message: no such element: Unable to locate element: {\"method\":\"css selector\",\"selector\":\"button[data-t='button:clear']\"}\n  (Session info: chrome-headless-shell=120.0.6099.71); For documentation on this error, please visit: https://www.selenium.dev/documentation/webdriver/troubleshooting/errors#no-such-element-exception\nStacktrace:\n#0 0x557f50cbed33 <unknown>\n#1 0x557f5097bf87 <unknown>\n#2 0x557f509cbc0e <unknown>\n#3 0x557f509cbd11 <unknown>\n#4 0x557f50a17004 <unknown>\n#5 0x557f509f536d <unknown>\n#6 0x557f50a14297 <unknown>\n#7 0x557f509f50e3 <unknown>\n#8 0x557f509bd044 <unknown>\n#9 0x557f509be44e <unknown>\n#10 0x557f50c83861 <unknown>\n#11 0x557f50c87785 <unknown>\n#12 0x557f50c71285 <unknown>\n#13 0x557f50c8841f <unknown>\n#14 0x557f50c5520f <unknown>\n#15 0x557f50cac028 <unknown>\n#16 0x557f50cac1f7 <unknown>\n#17 0x557f50cbded4 <unknown>\n#18 0x7fb4ce393044 <unknown>","time":{"start":1702862627841,"stop":1702862631437,"duration":3596}},{"uid":"fa5bb28a116c9833","reportUrl":"https://zaelcovsky.github.io/StroyremAutomation/173//#testresult/fa5bb28a116c9833","status":"skipped","statusDetails":"XFAIL Появляется капча Яндекса при запуске теста на Github\n\nselenium.common.exceptions.NoSuchElementException: Message: no such element: Unable to locate element: {\"method\":\"css selector\",\"selector\":\"button[data-t='button:clear']\"}\n  (Session info: chrome-headless-shell=120.0.6099.71); For documentation on this error, please visit: https://www.selenium.dev/documentation/webdriver/troubleshooting/errors#no-such-element-exception\nStacktrace:\n#0 0x55b78b5bdd33 <unknown>\n#1 0x55b78b27af87 <unknown>\n#2 0x55b78b2cac0e <unknown>\n#3 0x55b78b2cad11 <unknown>\n#4 0x55b78b316004 <unknown>\n#5 0x55b78b2f436d <unknown>\n#6 0x55b78b313297 <unknown>\n#7 0x55b78b2f40e3 <unknown>\n#8 0x55b78b2bc044 <unknown>\n#9 0x55b78b2bd44e <unknown>\n#10 0x55b78b582861 <unknown>\n#11 0x55b78b586785 <unknown>\n#12 0x55b78b570285 <unknown>\n#13 0x55b78b58741f <unknown>\n#14 0x55b78b55420f <unknown>\n#15 0x55b78b5ab028 <unknown>\n#16 0x55b78b5ab1f7 <unknown>\n#17 0x55b78b5bced4 <unknown>\n#18 0x7fc40b311044 <unknown>","time":{"start":1702776469936,"stop":1702776474397,"duration":4461}},{"uid":"b05c755b9a4a7d6d","reportUrl":"https://zaelcovsky.github.io/StroyremAutomation/172//#testresult/b05c755b9a4a7d6d","status":"skipped","statusDetails":"XFAIL Появляется капча Яндекса при запуске теста на Github\n\nselenium.common.exceptions.InvalidCookieDomainException: Message: invalid cookie domain: Cookie 'domain' mismatch\n  (Session info: chrome-headless-shell=120.0.6099.71)\nStacktrace:\n#0 0x55d36255bd33 <unknown>\n#1 0x55d362218f87 <unknown>\n#2 0x55d3622c57d8 <unknown>\n#3 0x55d362292342 <unknown>\n#4 0x55d3622b1297 <unknown>\n#5 0x55d3622920e3 <unknown>\n#6 0x55d36225a044 <unknown>\n#7 0x55d36225b44e <unknown>\n#8 0x55d362520861 <unknown>\n#9 0x55d362524785 <unknown>\n#10 0x55d36250e285 <unknown>\n#11 0x55d36252541f <unknown>\n#12 0x55d3624f220f <unknown>\n#13 0x55d362549028 <unknown>\n#14 0x55d3625491f7 <unknown>\n#15 0x55d36255aed4 <unknown>\n#16 0x7f364943c044 <unknown>","time":{"start":1702689722901,"stop":1702689726420,"duration":3519}},{"uid":"2671678914de7215","reportUrl":"https://zaelcovsky.github.io/StroyremAutomation/171//#testresult/2671678914de7215","status":"skipped","statusDetails":"XFAIL Появляется капча Яндекса при запуске теста на Github\n\nselenium.common.exceptions.InvalidCookieDomainException: Message: invalid cookie domain: Cookie 'domain' mismatch\n  (Session info: chrome-headless-shell=120.0.6099.71)\nStacktrace:\n#0 0x556e3c258d33 <unknown>\n#1 0x556e3bf15f87 <unknown>\n#2 0x556e3bfc27d8 <unknown>\n#3 0x556e3bf8f342 <unknown>\n#4 0x556e3bfae297 <unknown>\n#5 0x556e3bf8f0e3 <unknown>\n#6 0x556e3bf57044 <unknown>\n#7 0x556e3bf5844e <unknown>\n#8 0x556e3c21d861 <unknown>\n#9 0x556e3c221785 <unknown>\n#10 0x556e3c20b285 <unknown>\n#11 0x556e3c22241f <unknown>\n#12 0x556e3c1ef20f <unknown>\n#13 0x556e3c246028 <unknown>\n#14 0x556e3c2461f7 <unknown>\n#15 0x556e3c257ed4 <unknown>\n#16 0x7fa8bef6b044 <unknown>","time":{"start":1702603658556,"stop":1702603663723,"duration":5167}},{"uid":"9e0f27f210b08c73","reportUrl":"https://zaelcovsky.github.io/StroyremAutomation/170//#testresult/9e0f27f210b08c73","status":"skipped","statusDetails":"XFAIL Появляется капча Яндекса при запуске теста на Github\n\nselenium.common.exceptions.NoSuchElementException: Message: no such element: Unable to locate element: {\"method\":\"css selector\",\"selector\":\"button[data-t='button:clear']\"}\n  (Session info: chrome-headless-shell=120.0.6099.71); For documentation on this error, please visit: https://www.selenium.dev/documentation/webdriver/troubleshooting/errors#no-such-element-exception\nStacktrace:\n#0 0x555e22fa0d33 <unknown>\n#1 0x555e22c5df87 <unknown>\n#2 0x555e22cadc0e <unknown>\n#3 0x555e22cadd11 <unknown>\n#4 0x555e22cf9004 <unknown>\n#5 0x555e22cd736d <unknown>\n#6 0x555e22cf6297 <unknown>\n#7 0x555e22cd70e3 <unknown>\n#8 0x555e22c9f044 <unknown>\n#9 0x555e22ca044e <unknown>\n#10 0x555e22f65861 <unknown>\n#11 0x555e22f69785 <unknown>\n#12 0x555e22f53285 <unknown>\n#13 0x555e22f6a41f <unknown>\n#14 0x555e22f3720f <unknown>\n#15 0x555e22f8e028 <unknown>\n#16 0x555e22f8e1f7 <unknown>\n#17 0x555e22f9fed4 <unknown>\n#18 0x7fb90e4a9044 <unknown>","time":{"start":1702516891812,"stop":1702516895341,"duration":3529}},{"uid":"87692aa6b72ac808","reportUrl":"https://zaelcovsky.github.io/StroyremAutomation/169//#testresult/87692aa6b72ac808","status":"skipped","statusDetails":"XFAIL Появляется капча Яндекса при запуске теста на Github\n\nselenium.common.exceptions.InvalidCookieDomainException: Message: invalid cookie domain: Cookie 'domain' mismatch\n  (Session info: chrome-headless-shell=120.0.6099.71)\nStacktrace:\n#0 0x55ae6dc81d33 <unknown>\n#1 0x55ae6d93ef87 <unknown>\n#2 0x55ae6d9eb7d8 <unknown>\n#3 0x55ae6d9b8342 <unknown>\n#4 0x55ae6d9d7297 <unknown>\n#5 0x55ae6d9b80e3 <unknown>\n#6 0x55ae6d980044 <unknown>\n#7 0x55ae6d98144e <unknown>\n#8 0x55ae6dc46861 <unknown>\n#9 0x55ae6dc4a785 <unknown>\n#10 0x55ae6dc34285 <unknown>\n#11 0x55ae6dc4b41f <unknown>\n#12 0x55ae6dc1820f <unknown>\n#13 0x55ae6dc6f028 <unknown>\n#14 0x55ae6dc6f1f7 <unknown>\n#15 0x55ae6dc80ed4 <unknown>\n#16 0x7ff719a10044 <unknown>","time":{"start":1702430521169,"stop":1702430524485,"duration":3316}},{"uid":"ae0cd0d5067ff8e0","reportUrl":"https://zaelcovsky.github.io/StroyremAutomation/168//#testresult/ae0cd0d5067ff8e0","status":"skipped","statusDetails":"XFAIL Появляется капча Яндекса при запуске теста на Github\n\nselenium.common.exceptions.TimeoutException: Message:","time":{"start":1702344368888,"stop":1702344395175,"duration":26287}},{"uid":"49587e356768071a","reportUrl":"https://zaelcovsky.github.io/StroyremAutomation/167//#testresult/49587e356768071a","status":"skipped","statusDetails":"XFAIL Появляется капча Яндекса при запуске теста на Github\n\nselenium.common.exceptions.TimeoutException: Message:","time":{"start":1702257994605,"stop":1702258020950,"duration":26345}},{"uid":"c619ca5245263b75","reportUrl":"https://zaelcovsky.github.io/StroyremAutomation/166//#testresult/c619ca5245263b75","status":"skipped","statusDetails":"XFAIL Появляется капча Яндекса при запуске теста на Github\n\nselenium.common.exceptions.TimeoutException: Message:","time":{"start":1702171593067,"stop":1702171617711,"duration":24644}},{"uid":"4cf5bf5f95f82b25","reportUrl":"https://zaelcovsky.github.io/StroyremAutomation/165//#testresult/4cf5bf5f95f82b25","status":"skipped","statusDetails":"XFAIL Появляется капча Яндекса при запуске теста на Github\n\nselenium.common.exceptions.TimeoutException: Message:","time":{"start":1702084853697,"stop":1702084878912,"duration":25215}},{"uid":"4855bc9e7164a60d","reportUrl":"https://zaelcovsky.github.io/StroyremAutomation/164//#testresult/4855bc9e7164a60d","status":"skipped","statusDetails":"XFAIL Появляется капча Яндекса при запуске теста на Github\n\nselenium.common.exceptions.TimeoutException: Message:","time":{"start":1701998784595,"stop":1701998810770,"duration":26175}},{"uid":"bcf9ea6b399daaf2","reportUrl":"https://zaelcovsky.github.io/StroyremAutomation/163//#testresult/bcf9ea6b399daaf2","status":"skipped","statusDetails":"XFAIL Появляется капча Яндекса при запуске теста на Github\n\nselenium.common.exceptions.NoSuchElementException: Message: no such element: Unable to locate element: {\"method\":\"css selector\",\"selector\":\"button[data-t='button:clear']\"}\n  (Session info: chrome-headless-shell=120.0.6099.71); For documentation on this error, please visit: https://www.selenium.dev/documentation/webdriver/troubleshooting/errors#no-such-element-exception\nStacktrace:\n#0 0x56182d50ad33 <unknown>\n#1 0x56182d1c7f87 <unknown>\n#2 0x56182d217c0e <unknown>\n#3 0x56182d217d11 <unknown>\n#4 0x56182d263004 <unknown>\n#5 0x56182d24136d <unknown>\n#6 0x56182d260297 <unknown>\n#7 0x56182d2410e3 <unknown>\n#8 0x56182d209044 <unknown>\n#9 0x56182d20a44e <unknown>\n#10 0x56182d4cf861 <unknown>\n#11 0x56182d4d3785 <unknown>\n#12 0x56182d4bd285 <unknown>\n#13 0x56182d4d441f <unknown>\n#14 0x56182d4a120f <unknown>\n#15 0x56182d4f8028 <unknown>\n#16 0x56182d4f81f7 <unknown>\n#17 0x56182d509ed4 <unknown>\n#18 0x7fd297c20044 <unknown>","time":{"start":1701912321676,"stop":1701912326427,"duration":4751}},{"uid":"1f681e55eb40639a","reportUrl":"https://zaelcovsky.github.io/StroyremAutomation/162//#testresult/1f681e55eb40639a","status":"skipped","statusDetails":"XFAIL Появляется капча Яндекса при запуске теста на Github\n\nselenium.common.exceptions.TimeoutException: Message:","time":{"start":1701825966152,"stop":1701825992251,"duration":26099}},{"uid":"567310bc5330cd38","reportUrl":"https://zaelcovsky.github.io/StroyremAutomation/161//#testresult/567310bc5330cd38","status":"skipped","statusDetails":"XFAIL Появляется капча Яндекса при запуске теста на Github\n\nselenium.common.exceptions.InvalidCookieDomainException: Message: invalid cookie domain: Cookie 'domain' mismatch\n  (Session info: headless chrome=119.0.6045.105)\nStacktrace:\n#0 0x55baff12d5e3 <unknown>\n#1 0x55bafedf00b7 <unknown>\n#2 0x55bafee94cf2 <unknown>\n#3 0x55bafee64ef2 <unknown>\n#4 0x55bafee80b3d <unknown>\n#5 0x55bafee64cc3 <unknown>\n#6 0x55bafee300e4 <unknown>\n#7 0x55bafee310ae <unknown>\n#8 0x55baff0f3ce1 <unknown>\n#9 0x55baff0f7b7e <unknown>\n#10 0x55baff0e14b5 <unknown>\n#11 0x55baff0f87d6 <unknown>\n#12 0x55baff0c4dbf <unknown>\n#13 0x55baff11b748 <unknown>\n#14 0x55baff11b917 <unknown>\n#15 0x55baff12c773 <unknown>\n#16 0x7fcdebd21044 <unknown>","time":{"start":1701739376872,"stop":1701739379981,"duration":3109}},{"uid":"b87f9417d8006463","reportUrl":"https://zaelcovsky.github.io/StroyremAutomation/160//#testresult/b87f9417d8006463","status":"skipped","statusDetails":"XFAIL Появляется капча Яндекса при запуске теста на Github\n\nselenium.common.exceptions.InvalidCookieDomainException: Message: invalid cookie domain: Cookie 'domain' mismatch\n  (Session info: headless chrome=119.0.6045.105)\nStacktrace:\n#0 0x55763acc35e3 <unknown>\n#1 0x55763a9860b7 <unknown>\n#2 0x55763aa2acf2 <unknown>\n#3 0x55763a9faef2 <unknown>\n#4 0x55763aa16b3d <unknown>\n#5 0x55763a9facc3 <unknown>\n#6 0x55763a9c60e4 <unknown>\n#7 0x55763a9c70ae <unknown>\n#8 0x55763ac89ce1 <unknown>\n#9 0x55763ac8db7e <unknown>\n#10 0x55763ac774b5 <unknown>\n#11 0x55763ac8e7d6 <unknown>\n#12 0x55763ac5adbf <unknown>\n#13 0x55763acb1748 <unknown>\n#14 0x55763acb1917 <unknown>\n#15 0x55763acc2773 <unknown>\n#16 0x7f4de1364044 <unknown>","time":{"start":1701653220301,"stop":1701653224788,"duration":4487}}]},"tags":["@pytest.mark.xfail(reason='Появляется капча Яндекса при запуске теста на Github')","smoke_test"]},"source":"e1a137e54c555f4e.json","parameterValues":[]}