{"uid":"678a5b6de1ebeff3","name":"TC 010 - Проверка функциональности ссылки 'email'","fullName":"tests.test_main_page.TestMainPage#test_positive_footer_email_smoke","historyId":"e74c5b055592413915ce1908666f1f44","time":{"start":1699491916828,"stop":1699491916848,"duration":20},"status":"broken","statusMessage":"selenium.common.exceptions.NoSuchElementException: Message: no such element: Unable to locate element: {\"method\":\"xpath\",\"selector\":\"//a[@class='footer-email']\"}\n  (Session info: headless chrome=119.0.6045.105); For documentation on this error, please visit: https://www.selenium.dev/documentation/webdriver/troubleshooting/errors#no-such-element-exception\nStacktrace:\n#0 0x558de284a5e3 <unknown>\n#1 0x558de250d0b7 <unknown>\n#2 0x558de255af53 <unknown>\n#3 0x558de255b051 <unknown>\n#4 0x558de25a09c4 <unknown>\n#5 0x558de2581f1d <unknown>\n#6 0x558de259db3d <unknown>\n#7 0x558de2581cc3 <unknown>\n#8 0x558de254d0e4 <unknown>\n#9 0x558de254e0ae <unknown>\n#10 0x558de2810ce1 <unknown>\n#11 0x558de2814b7e <unknown>\n#12 0x558de27fe4b5 <unknown>\n#13 0x558de28157d6 <unknown>\n#14 0x558de27e1dbf <unknown>\n#15 0x558de2838748 <unknown>\n#16 0x558de2838917 <unknown>\n#17 0x558de2849773 <unknown>\n#18 0x7ff5ce8c4044 <unknown>","statusTrace":"self = <tests.test_main_page.TestMainPage object at 0x7fcdd7809ed0>\nmain_page = <pages.main_page.MainPage object at 0x7fcdd757cb10>\n\n    @allure.feature(\"Footer functionality\")\n    @allure.title(\"TC 010 - Проверка функциональности ссылки 'email'\")\n    # @pytest.mark.xfail(reason=\"Попап не реализован\")\n    @pytest.mark.smoke_test\n    def test_positive_footer_email_smoke(self, main_page):\n>       main_page.check_email_link()\n\ntests/test_main_page.py:100: \n_ _ _ _ _ _ _ _ _ _ _ _ _ _ _ _ _ _ _ _ _ _ _ _ _ _ _ _ _ _ _ _ _ _ _ _ _ _ _ _ \npages/main_page.py:136: in check_email_link\n    self.driver.find_element(*self._email_link).click()\n/usr/local/lib/python3.11/site-packages/selenium/webdriver/remote/webdriver.py:740: in find_element\n    return self.execute(Command.FIND_ELEMENT, {\"using\": by, \"value\": value})[\"value\"]\n/usr/local/lib/python3.11/site-packages/selenium/webdriver/remote/webdriver.py:346: in execute\n    self.error_handler.check_response(response)\n_ _ _ _ _ _ _ _ _ _ _ _ _ _ _ _ _ _ _ _ _ _ _ _ _ _ _ _ _ _ _ _ _ _ _ _ _ _ _ _ \n\nself = <selenium.webdriver.remote.errorhandler.ErrorHandler object at 0x7fcdd738b4d0>\nresponse = {'status': 404, 'value': '{\"value\":{\"error\":\"no such element\",\"message\":\"no such element: Unable to locate element: {\\...\\\\n#16 0x558de2838917 \\\\u003Cunknown>\\\\n#17 0x558de2849773 \\\\u003Cunknown>\\\\n#18 0x7ff5ce8c4044 \\\\u003Cunknown>\\\\n\"}}'}\n\n    def check_response(self, response: Dict[str, Any]) -> None:\n        \"\"\"Checks that a JSON response from the WebDriver does not have an\n        error.\n    \n        :Args:\n         - response - The JSON response from the WebDriver server as a dictionary\n           object.\n    \n        :Raises: If the response contains an error message.\n        \"\"\"\n        status = response.get(\"status\", None)\n        if not status or status == ErrorCode.SUCCESS:\n            return\n        value = None\n        message = response.get(\"message\", \"\")\n        screen: str = response.get(\"screen\", \"\")\n        stacktrace = None\n        if isinstance(status, int):\n            value_json = response.get(\"value\", None)\n            if value_json and isinstance(value_json, str):\n                import json\n    \n                try:\n                    value = json.loads(value_json)\n                    if len(value) == 1:\n                        value = value[\"value\"]\n                    status = value.get(\"error\", None)\n                    if not status:\n                        status = value.get(\"status\", ErrorCode.UNKNOWN_ERROR)\n                        message = value.get(\"value\") or value.get(\"message\")\n                        if not isinstance(message, str):\n                            value = message\n                            message = message.get(\"message\")\n                    else:\n                        message = value.get(\"message\", None)\n                except ValueError:\n                    pass\n    \n        exception_class: Type[WebDriverException]\n        if status in ErrorCode.NO_SUCH_ELEMENT:\n            exception_class = NoSuchElementException\n        elif status in ErrorCode.NO_SUCH_FRAME:\n            exception_class = NoSuchFrameException\n        elif status in ErrorCode.NO_SUCH_SHADOW_ROOT:\n            exception_class = NoSuchShadowRootException\n        elif status in ErrorCode.NO_SUCH_WINDOW:\n            exception_class = NoSuchWindowException\n        elif status in ErrorCode.STALE_ELEMENT_REFERENCE:\n            exception_class = StaleElementReferenceException\n        elif status in ErrorCode.ELEMENT_NOT_VISIBLE:\n            exception_class = ElementNotVisibleException\n        elif status in ErrorCode.INVALID_ELEMENT_STATE:\n            exception_class = InvalidElementStateException\n        elif (\n            status in ErrorCode.INVALID_SELECTOR\n            or status in ErrorCode.INVALID_XPATH_SELECTOR\n            or status in ErrorCode.INVALID_XPATH_SELECTOR_RETURN_TYPER\n        ):\n            exception_class = InvalidSelectorException\n        elif status in ErrorCode.ELEMENT_IS_NOT_SELECTABLE:\n            exception_class = ElementNotSelectableException\n        elif status in ErrorCode.ELEMENT_NOT_INTERACTABLE:\n            exception_class = ElementNotInteractableException\n        elif status in ErrorCode.INVALID_COOKIE_DOMAIN:\n            exception_class = InvalidCookieDomainException\n        elif status in ErrorCode.UNABLE_TO_SET_COOKIE:\n            exception_class = UnableToSetCookieException\n        elif status in ErrorCode.TIMEOUT:\n            exception_class = TimeoutException\n        elif status in ErrorCode.SCRIPT_TIMEOUT:\n            exception_class = TimeoutException\n        elif status in ErrorCode.UNKNOWN_ERROR:\n            exception_class = WebDriverException\n        elif status in ErrorCode.UNEXPECTED_ALERT_OPEN:\n            exception_class = UnexpectedAlertPresentException\n        elif status in ErrorCode.NO_ALERT_OPEN:\n            exception_class = NoAlertPresentException\n        elif status in ErrorCode.IME_NOT_AVAILABLE:\n            exception_class = ImeNotAvailableException\n        elif status in ErrorCode.IME_ENGINE_ACTIVATION_FAILED:\n            exception_class = ImeActivationFailedException\n        elif status in ErrorCode.MOVE_TARGET_OUT_OF_BOUNDS:\n            exception_class = MoveTargetOutOfBoundsException\n        elif status in ErrorCode.JAVASCRIPT_ERROR:\n            exception_class = JavascriptException\n        elif status in ErrorCode.SESSION_NOT_CREATED:\n            exception_class = SessionNotCreatedException\n        elif status in ErrorCode.INVALID_ARGUMENT:\n            exception_class = InvalidArgumentException\n        elif status in ErrorCode.NO_SUCH_COOKIE:\n            exception_class = NoSuchCookieException\n        elif status in ErrorCode.UNABLE_TO_CAPTURE_SCREEN:\n            exception_class = ScreenshotException\n        elif status in ErrorCode.ELEMENT_CLICK_INTERCEPTED:\n            exception_class = ElementClickInterceptedException\n        elif status in ErrorCode.INSECURE_CERTIFICATE:\n            exception_class = InsecureCertificateException\n        elif status in ErrorCode.INVALID_COORDINATES:\n            exception_class = InvalidCoordinatesException\n        elif status in ErrorCode.INVALID_SESSION_ID:\n            exception_class = InvalidSessionIdException\n        elif status in ErrorCode.UNKNOWN_METHOD:\n            exception_class = UnknownMethodException\n        else:\n            exception_class = WebDriverException\n        if not value:\n            value = response[\"value\"]\n        if isinstance(value, str):\n            raise exception_class(value)\n        if message == \"\" and \"message\" in value:\n            message = value[\"message\"]\n    \n        screen = None  # type: ignore[assignment]\n        if \"screen\" in value:\n            screen = value[\"screen\"]\n    \n        stacktrace = None\n        st_value = value.get(\"stackTrace\") or value.get(\"stacktrace\")\n        if st_value:\n            if isinstance(st_value, str):\n                stacktrace = st_value.split(\"\\n\")\n            else:\n                stacktrace = []\n                try:\n                    for frame in st_value:\n                        line = frame.get(\"lineNumber\", \"\")\n                        file = frame.get(\"fileName\", \"<anonymous>\")\n                        if line:\n                            file = f\"{file}:{line}\"\n                        meth = frame.get(\"methodName\", \"<anonymous>\")\n                        if \"className\" in frame:\n                            meth = f\"{frame['className']}.{meth}\"\n                        msg = \"    at %s (%s)\"\n                        msg = msg % (meth, file)\n                        stacktrace.append(msg)\n                except TypeError:\n                    pass\n        if exception_class == UnexpectedAlertPresentException:\n            alert_text = None\n            if \"data\" in value:\n                alert_text = value[\"data\"].get(\"text\")\n            elif \"alert\" in value:\n                alert_text = value[\"alert\"].get(\"text\")\n            raise exception_class(message, screen, stacktrace, alert_text)  # type: ignore[call-arg]  # mypy is not smart enough here\n>       raise exception_class(message, screen, stacktrace)\nE       selenium.common.exceptions.NoSuchElementException: Message: no such element: Unable to locate element: {\"method\":\"xpath\",\"selector\":\"//a[@class='footer-email']\"}\nE         (Session info: headless chrome=119.0.6045.105); For documentation on this error, please visit: https://www.selenium.dev/documentation/webdriver/troubleshooting/errors#no-such-element-exception\nE       Stacktrace:\nE       #0 0x558de284a5e3 <unknown>\nE       #1 0x558de250d0b7 <unknown>\nE       #2 0x558de255af53 <unknown>\nE       #3 0x558de255b051 <unknown>\nE       #4 0x558de25a09c4 <unknown>\nE       #5 0x558de2581f1d <unknown>\nE       #6 0x558de259db3d <unknown>\nE       #7 0x558de2581cc3 <unknown>\nE       #8 0x558de254d0e4 <unknown>\nE       #9 0x558de254e0ae <unknown>\nE       #10 0x558de2810ce1 <unknown>\nE       #11 0x558de2814b7e <unknown>\nE       #12 0x558de27fe4b5 <unknown>\nE       #13 0x558de28157d6 <unknown>\nE       #14 0x558de27e1dbf <unknown>\nE       #15 0x558de2838748 <unknown>\nE       #16 0x558de2838917 <unknown>\nE       #17 0x558de2849773 <unknown>\nE       #18 0x7ff5ce8c4044 <unknown>\n\n/usr/local/lib/python3.11/site-packages/selenium/webdriver/remote/errorhandler.py:245: NoSuchElementException","flaky":false,"newFailed":false,"newBroken":false,"newPassed":false,"retriesCount":0,"retriesStatusChange":false,"beforeStages":[{"name":"_session_faker","time":{"start":1699491801125,"stop":1699491801223,"duration":98},"status":"passed","steps":[],"attachments":[],"parameters":[],"shouldDisplayMessage":false,"stepsCount":0,"attachmentsCount":0,"hasContent":false},{"name":"clear_allure_results_folder","time":{"start":1699491801223,"stop":1699491801224,"duration":1},"status":"passed","steps":[],"attachments":[],"parameters":[],"shouldDisplayMessage":false,"stepsCount":0,"attachmentsCount":0,"hasContent":false},{"name":"driver","time":{"start":1699491915601,"stop":1699491916424,"duration":823},"status":"passed","steps":[],"attachments":[],"parameters":[],"shouldDisplayMessage":false,"stepsCount":0,"attachmentsCount":0,"hasContent":false},{"name":"setup","time":{"start":1699491916424,"stop":1699491916424,"duration":0},"status":"passed","steps":[],"attachments":[],"parameters":[],"shouldDisplayMessage":false,"stepsCount":0,"attachmentsCount":0,"hasContent":false},{"name":"main_page","time":{"start":1699491916425,"stop":1699491916828,"duration":403},"status":"passed","steps":[],"attachments":[],"parameters":[],"shouldDisplayMessage":false,"stepsCount":0,"attachmentsCount":0,"hasContent":false}],"testStage":{"status":"broken","statusMessage":"selenium.common.exceptions.NoSuchElementException: Message: no such element: Unable to locate element: {\"method\":\"xpath\",\"selector\":\"//a[@class='footer-email']\"}\n  (Session info: headless chrome=119.0.6045.105); For documentation on this error, please visit: https://www.selenium.dev/documentation/webdriver/troubleshooting/errors#no-such-element-exception\nStacktrace:\n#0 0x558de284a5e3 <unknown>\n#1 0x558de250d0b7 <unknown>\n#2 0x558de255af53 <unknown>\n#3 0x558de255b051 <unknown>\n#4 0x558de25a09c4 <unknown>\n#5 0x558de2581f1d <unknown>\n#6 0x558de259db3d <unknown>\n#7 0x558de2581cc3 <unknown>\n#8 0x558de254d0e4 <unknown>\n#9 0x558de254e0ae <unknown>\n#10 0x558de2810ce1 <unknown>\n#11 0x558de2814b7e <unknown>\n#12 0x558de27fe4b5 <unknown>\n#13 0x558de28157d6 <unknown>\n#14 0x558de27e1dbf <unknown>\n#15 0x558de2838748 <unknown>\n#16 0x558de2838917 <unknown>\n#17 0x558de2849773 <unknown>\n#18 0x7ff5ce8c4044 <unknown>","statusTrace":"self = <tests.test_main_page.TestMainPage object at 0x7fcdd7809ed0>\nmain_page = <pages.main_page.MainPage object at 0x7fcdd757cb10>\n\n    @allure.feature(\"Footer functionality\")\n    @allure.title(\"TC 010 - Проверка функциональности ссылки 'email'\")\n    # @pytest.mark.xfail(reason=\"Попап не реализован\")\n    @pytest.mark.smoke_test\n    def test_positive_footer_email_smoke(self, main_page):\n>       main_page.check_email_link()\n\ntests/test_main_page.py:100: \n_ _ _ _ _ _ _ _ _ _ _ _ _ _ _ _ _ _ _ _ _ _ _ _ _ _ _ _ _ _ _ _ _ _ _ _ _ _ _ _ \npages/main_page.py:136: in check_email_link\n    self.driver.find_element(*self._email_link).click()\n/usr/local/lib/python3.11/site-packages/selenium/webdriver/remote/webdriver.py:740: in find_element\n    return self.execute(Command.FIND_ELEMENT, {\"using\": by, \"value\": value})[\"value\"]\n/usr/local/lib/python3.11/site-packages/selenium/webdriver/remote/webdriver.py:346: in execute\n    self.error_handler.check_response(response)\n_ _ _ _ _ _ _ _ _ _ _ _ _ _ _ _ _ _ _ _ _ _ _ _ _ _ _ _ _ _ _ _ _ _ _ _ _ _ _ _ \n\nself = <selenium.webdriver.remote.errorhandler.ErrorHandler object at 0x7fcdd738b4d0>\nresponse = {'status': 404, 'value': '{\"value\":{\"error\":\"no such element\",\"message\":\"no such element: Unable to locate element: {\\...\\\\n#16 0x558de2838917 \\\\u003Cunknown>\\\\n#17 0x558de2849773 \\\\u003Cunknown>\\\\n#18 0x7ff5ce8c4044 \\\\u003Cunknown>\\\\n\"}}'}\n\n    def check_response(self, response: Dict[str, Any]) -> None:\n        \"\"\"Checks that a JSON response from the WebDriver does not have an\n        error.\n    \n        :Args:\n         - response - The JSON response from the WebDriver server as a dictionary\n           object.\n    \n        :Raises: If the response contains an error message.\n        \"\"\"\n        status = response.get(\"status\", None)\n        if not status or status == ErrorCode.SUCCESS:\n            return\n        value = None\n        message = response.get(\"message\", \"\")\n        screen: str = response.get(\"screen\", \"\")\n        stacktrace = None\n        if isinstance(status, int):\n            value_json = response.get(\"value\", None)\n            if value_json and isinstance(value_json, str):\n                import json\n    \n                try:\n                    value = json.loads(value_json)\n                    if len(value) == 1:\n                        value = value[\"value\"]\n                    status = value.get(\"error\", None)\n                    if not status:\n                        status = value.get(\"status\", ErrorCode.UNKNOWN_ERROR)\n                        message = value.get(\"value\") or value.get(\"message\")\n                        if not isinstance(message, str):\n                            value = message\n                            message = message.get(\"message\")\n                    else:\n                        message = value.get(\"message\", None)\n                except ValueError:\n                    pass\n    \n        exception_class: Type[WebDriverException]\n        if status in ErrorCode.NO_SUCH_ELEMENT:\n            exception_class = NoSuchElementException\n        elif status in ErrorCode.NO_SUCH_FRAME:\n            exception_class = NoSuchFrameException\n        elif status in ErrorCode.NO_SUCH_SHADOW_ROOT:\n            exception_class = NoSuchShadowRootException\n        elif status in ErrorCode.NO_SUCH_WINDOW:\n            exception_class = NoSuchWindowException\n        elif status in ErrorCode.STALE_ELEMENT_REFERENCE:\n            exception_class = StaleElementReferenceException\n        elif status in ErrorCode.ELEMENT_NOT_VISIBLE:\n            exception_class = ElementNotVisibleException\n        elif status in ErrorCode.INVALID_ELEMENT_STATE:\n            exception_class = InvalidElementStateException\n        elif (\n            status in ErrorCode.INVALID_SELECTOR\n            or status in ErrorCode.INVALID_XPATH_SELECTOR\n            or status in ErrorCode.INVALID_XPATH_SELECTOR_RETURN_TYPER\n        ):\n            exception_class = InvalidSelectorException\n        elif status in ErrorCode.ELEMENT_IS_NOT_SELECTABLE:\n            exception_class = ElementNotSelectableException\n        elif status in ErrorCode.ELEMENT_NOT_INTERACTABLE:\n            exception_class = ElementNotInteractableException\n        elif status in ErrorCode.INVALID_COOKIE_DOMAIN:\n            exception_class = InvalidCookieDomainException\n        elif status in ErrorCode.UNABLE_TO_SET_COOKIE:\n            exception_class = UnableToSetCookieException\n        elif status in ErrorCode.TIMEOUT:\n            exception_class = TimeoutException\n        elif status in ErrorCode.SCRIPT_TIMEOUT:\n            exception_class = TimeoutException\n        elif status in ErrorCode.UNKNOWN_ERROR:\n            exception_class = WebDriverException\n        elif status in ErrorCode.UNEXPECTED_ALERT_OPEN:\n            exception_class = UnexpectedAlertPresentException\n        elif status in ErrorCode.NO_ALERT_OPEN:\n            exception_class = NoAlertPresentException\n        elif status in ErrorCode.IME_NOT_AVAILABLE:\n            exception_class = ImeNotAvailableException\n        elif status in ErrorCode.IME_ENGINE_ACTIVATION_FAILED:\n            exception_class = ImeActivationFailedException\n        elif status in ErrorCode.MOVE_TARGET_OUT_OF_BOUNDS:\n            exception_class = MoveTargetOutOfBoundsException\n        elif status in ErrorCode.JAVASCRIPT_ERROR:\n            exception_class = JavascriptException\n        elif status in ErrorCode.SESSION_NOT_CREATED:\n            exception_class = SessionNotCreatedException\n        elif status in ErrorCode.INVALID_ARGUMENT:\n            exception_class = InvalidArgumentException\n        elif status in ErrorCode.NO_SUCH_COOKIE:\n            exception_class = NoSuchCookieException\n        elif status in ErrorCode.UNABLE_TO_CAPTURE_SCREEN:\n            exception_class = ScreenshotException\n        elif status in ErrorCode.ELEMENT_CLICK_INTERCEPTED:\n            exception_class = ElementClickInterceptedException\n        elif status in ErrorCode.INSECURE_CERTIFICATE:\n            exception_class = InsecureCertificateException\n        elif status in ErrorCode.INVALID_COORDINATES:\n            exception_class = InvalidCoordinatesException\n        elif status in ErrorCode.INVALID_SESSION_ID:\n            exception_class = InvalidSessionIdException\n        elif status in ErrorCode.UNKNOWN_METHOD:\n            exception_class = UnknownMethodException\n        else:\n            exception_class = WebDriverException\n        if not value:\n            value = response[\"value\"]\n        if isinstance(value, str):\n            raise exception_class(value)\n        if message == \"\" and \"message\" in value:\n            message = value[\"message\"]\n    \n        screen = None  # type: ignore[assignment]\n        if \"screen\" in value:\n            screen = value[\"screen\"]\n    \n        stacktrace = None\n        st_value = value.get(\"stackTrace\") or value.get(\"stacktrace\")\n        if st_value:\n            if isinstance(st_value, str):\n                stacktrace = st_value.split(\"\\n\")\n            else:\n                stacktrace = []\n                try:\n                    for frame in st_value:\n                        line = frame.get(\"lineNumber\", \"\")\n                        file = frame.get(\"fileName\", \"<anonymous>\")\n                        if line:\n                            file = f\"{file}:{line}\"\n                        meth = frame.get(\"methodName\", \"<anonymous>\")\n                        if \"className\" in frame:\n                            meth = f\"{frame['className']}.{meth}\"\n                        msg = \"    at %s (%s)\"\n                        msg = msg % (meth, file)\n                        stacktrace.append(msg)\n                except TypeError:\n                    pass\n        if exception_class == UnexpectedAlertPresentException:\n            alert_text = None\n            if \"data\" in value:\n                alert_text = value[\"data\"].get(\"text\")\n            elif \"alert\" in value:\n                alert_text = value[\"alert\"].get(\"text\")\n            raise exception_class(message, screen, stacktrace, alert_text)  # type: ignore[call-arg]  # mypy is not smart enough here\n>       raise exception_class(message, screen, stacktrace)\nE       selenium.common.exceptions.NoSuchElementException: Message: no such element: Unable to locate element: {\"method\":\"xpath\",\"selector\":\"//a[@class='footer-email']\"}\nE         (Session info: headless chrome=119.0.6045.105); For documentation on this error, please visit: https://www.selenium.dev/documentation/webdriver/troubleshooting/errors#no-such-element-exception\nE       Stacktrace:\nE       #0 0x558de284a5e3 <unknown>\nE       #1 0x558de250d0b7 <unknown>\nE       #2 0x558de255af53 <unknown>\nE       #3 0x558de255b051 <unknown>\nE       #4 0x558de25a09c4 <unknown>\nE       #5 0x558de2581f1d <unknown>\nE       #6 0x558de259db3d <unknown>\nE       #7 0x558de2581cc3 <unknown>\nE       #8 0x558de254d0e4 <unknown>\nE       #9 0x558de254e0ae <unknown>\nE       #10 0x558de2810ce1 <unknown>\nE       #11 0x558de2814b7e <unknown>\nE       #12 0x558de27fe4b5 <unknown>\nE       #13 0x558de28157d6 <unknown>\nE       #14 0x558de27e1dbf <unknown>\nE       #15 0x558de2838748 <unknown>\nE       #16 0x558de2838917 <unknown>\nE       #17 0x558de2849773 <unknown>\nE       #18 0x7ff5ce8c4044 <unknown>\n\n/usr/local/lib/python3.11/site-packages/selenium/webdriver/remote/errorhandler.py:245: NoSuchElementException","steps":[{"name":"Проверка функциональности ссылки 'email'-info@stroyrem-nn.ru","time":{"start":1699491916829,"stop":1699491916847,"duration":18},"status":"broken","statusMessage":"selenium.common.exceptions.NoSuchElementException: Message: no such element: Unable to locate element: {\"method\":\"xpath\",\"selector\":\"//a[@class='footer-email']\"}\n  (Session info: headless chrome=119.0.6045.105); For documentation on this error, please visit: https://www.selenium.dev/documentation/webdriver/troubleshooting/errors#no-such-element-exception\nStacktrace:\n#0 0x558de284a5e3 <unknown>\n#1 0x558de250d0b7 <unknown>\n#2 0x558de255af53 <unknown>\n#3 0x558de255b051 <unknown>\n#4 0x558de25a09c4 <unknown>\n#5 0x558de2581f1d <unknown>\n#6 0x558de259db3d <unknown>\n#7 0x558de2581cc3 <unknown>\n#8 0x558de254d0e4 <unknown>\n#9 0x558de254e0ae <unknown>\n#10 0x558de2810ce1 <unknown>\n#11 0x558de2814b7e <unknown>\n#12 0x558de27fe4b5 <unknown>\n#13 0x558de28157d6 <unknown>\n#14 0x558de27e1dbf <unknown>\n#15 0x558de2838748 <unknown>\n#16 0x558de2838917 <unknown>\n#17 0x558de2849773 <unknown>\n#18 0x7ff5ce8c4044 <unknown>\n\n","statusTrace":"  File \"/usr/local/lib/python3.11/site-packages/allure_commons/_allure.py\", line 192, in impl\n    return func(*a, **kw)\n           ^^^^^^^^^^^^^^\n  File \"/app/pages/main_page.py\", line 136, in check_email_link\n    self.driver.find_element(*self._email_link).click()\n    ^^^^^^^^^^^^^^^^^^^^^^^^^^^^^^^^^^^^^^^^^^^\n  File \"/usr/local/lib/python3.11/site-packages/selenium/webdriver/remote/webdriver.py\", line 740, in find_element\n    return self.execute(Command.FIND_ELEMENT, {\"using\": by, \"value\": value})[\"value\"]\n           ^^^^^^^^^^^^^^^^^^^^^^^^^^^^^^^^^^^^^^^^^^^^^^^^^^^^^^^^^^^^^^^^^\n  File \"/usr/local/lib/python3.11/site-packages/selenium/webdriver/remote/webdriver.py\", line 346, in execute\n    self.error_handler.check_response(response)\n  File \"/usr/local/lib/python3.11/site-packages/selenium/webdriver/remote/errorhandler.py\", line 245, in check_response\n    raise exception_class(message, screen, stacktrace)\n","steps":[],"attachments":[],"parameters":[],"shouldDisplayMessage":true,"stepsCount":0,"attachmentsCount":0,"hasContent":true}],"attachments":[{"uid":"3d7e6a8412f6a58f","name":"Screenshot","source":"3d7e6a8412f6a58f.png","type":"image/png","size":39127},{"uid":"84ea957f27d24074","name":"HTML source","source":"84ea957f27d24074.html","type":"text/html","size":538}],"parameters":[],"shouldDisplayMessage":true,"stepsCount":1,"attachmentsCount":2,"hasContent":true},"afterStages":[{"name":"setup::0","time":{"start":1699491917007,"stop":1699491917007,"duration":0},"status":"passed","steps":[],"attachments":[],"parameters":[],"shouldDisplayMessage":false,"stepsCount":0,"attachmentsCount":0,"hasContent":false},{"name":"driver::0","time":{"start":1699491917008,"stop":1699491917067,"duration":59},"status":"passed","steps":[],"attachments":[],"parameters":[],"shouldDisplayMessage":false,"stepsCount":0,"attachmentsCount":0,"hasContent":false}],"labels":[{"name":"feature","value":"Footer functionality"},{"name":"epic","value":"Main Page"},{"name":"tag","value":"smoke_test"},{"name":"parentSuite","value":"tests"},{"name":"suite","value":"test_main_page"},{"name":"subSuite","value":"TestMainPage"},{"name":"host","value":"aacdb39c8480"},{"name":"thread","value":"1-MainThread"},{"name":"framework","value":"pytest"},{"name":"language","value":"cpython3"},{"name":"package","value":"tests.test_main_page"},{"name":"resultFormat","value":"allure2"}],"parameters":[{"name":"url","value":"'https://test2.stroyrem-nn.ru/'"}],"links":[],"hidden":false,"retry":false,"extra":{"severity":"normal","retries":[],"categories":[{"name":"Test defects","matchedStatuses":[],"flaky":false}],"history":{"statistic":{"failed":0,"broken":55,"skipped":2,"passed":35,"unknown":0,"total":92},"items":[{"uid":"643d9b25cf3ba92a","reportUrl":"https://zaelcovsky.github.io/StroyremAutomation/134//#testresult/643d9b25cf3ba92a","status":"broken","statusDetails":"selenium.common.exceptions.NoSuchElementException: Message: no such element: Unable to locate element: {\"method\":\"xpath\",\"selector\":\"//a[@class='footer-email']\"}\n  (Session info: headless chrome=119.0.6045.105); For documentation on this error, please visit: https://www.selenium.dev/documentation/webdriver/troubleshooting/errors#no-such-element-exception\nStacktrace:\n#0 0x55f0f84cd5e3 <unknown>\n#1 0x55f0f81900b7 <unknown>\n#2 0x55f0f81ddf53 <unknown>\n#3 0x55f0f81de051 <unknown>\n#4 0x55f0f82239c4 <unknown>\n#5 0x55f0f8204f1d <unknown>\n#6 0x55f0f8220b3d <unknown>\n#7 0x55f0f8204cc3 <unknown>\n#8 0x55f0f81d00e4 <unknown>\n#9 0x55f0f81d10ae <unknown>\n#10 0x55f0f8493ce1 <unknown>\n#11 0x55f0f8497b7e <unknown>\n#12 0x55f0f84814b5 <unknown>\n#13 0x55f0f84987d6 <unknown>\n#14 0x55f0f8464dbf <unknown>\n#15 0x55f0f84bb748 <unknown>\n#16 0x55f0f84bb917 <unknown>\n#17 0x55f0f84cc773 <unknown>\n#18 0x7f2f5f9e2044 <unknown>","time":{"start":1699405444349,"stop":1699405444364,"duration":15}},{"uid":"f90a1eeab3381cfc","reportUrl":"https://zaelcovsky.github.io/StroyremAutomation/133//#testresult/f90a1eeab3381cfc","status":"broken","statusDetails":"selenium.common.exceptions.NoSuchElementException: Message: no such element: Unable to locate element: {\"method\":\"xpath\",\"selector\":\"//a[@class='footer-email']\"}\n  (Session info: headless chrome=119.0.6045.105); For documentation on this error, please visit: https://www.selenium.dev/documentation/webdriver/troubleshooting/errors#no-such-element-exception\nStacktrace:\n#0 0x5638f5e0c5e3 <unknown>\n#1 0x5638f5acf0b7 <unknown>\n#2 0x5638f5b1cf53 <unknown>\n#3 0x5638f5b1d051 <unknown>\n#4 0x5638f5b629c4 <unknown>\n#5 0x5638f5b43f1d <unknown>\n#6 0x5638f5b5fb3d <unknown>\n#7 0x5638f5b43cc3 <unknown>\n#8 0x5638f5b0f0e4 <unknown>\n#9 0x5638f5b100ae <unknown>\n#10 0x5638f5dd2ce1 <unknown>\n#11 0x5638f5dd6b7e <unknown>\n#12 0x5638f5dc04b5 <unknown>\n#13 0x5638f5dd77d6 <unknown>\n#14 0x5638f5da3dbf <unknown>\n#15 0x5638f5dfa748 <unknown>\n#16 0x5638f5dfa917 <unknown>\n#17 0x5638f5e0b773 <unknown>\n#18 0x7fbc9e856044 <unknown>","time":{"start":1699319116725,"stop":1699319116742,"duration":17}},{"uid":"70753b55c5cdc884","reportUrl":"https://zaelcovsky.github.io/StroyremAutomation/132//#testresult/70753b55c5cdc884","status":"broken","statusDetails":"selenium.common.exceptions.NoSuchElementException: Message: no such element: Unable to locate element: {\"method\":\"xpath\",\"selector\":\"//a[@class='footer-email']\"}\n  (Session info: headless chrome=119.0.6045.105); For documentation on this error, please visit: https://www.selenium.dev/documentation/webdriver/troubleshooting/errors#no-such-element-exception\nStacktrace:\n#0 0x561fd44d95e3 <unknown>\n#1 0x561fd419c0b7 <unknown>\n#2 0x561fd41e9f53 <unknown>\n#3 0x561fd41ea051 <unknown>\n#4 0x561fd422f9c4 <unknown>\n#5 0x561fd4210f1d <unknown>\n#6 0x561fd422cb3d <unknown>\n#7 0x561fd4210cc3 <unknown>\n#8 0x561fd41dc0e4 <unknown>\n#9 0x561fd41dd0ae <unknown>\n#10 0x561fd449fce1 <unknown>\n#11 0x561fd44a3b7e <unknown>\n#12 0x561fd448d4b5 <unknown>\n#13 0x561fd44a47d6 <unknown>\n#14 0x561fd4470dbf <unknown>\n#15 0x561fd44c7748 <unknown>\n#16 0x561fd44c7917 <unknown>\n#17 0x561fd44d8773 <unknown>\n#18 0x7fbaf12d7044 <unknown>","time":{"start":1699232790224,"stop":1699232790242,"duration":18}},{"uid":"c152ebd2f67e428b","reportUrl":"https://zaelcovsky.github.io/StroyremAutomation/131//#testresult/c152ebd2f67e428b","status":"broken","statusDetails":"selenium.common.exceptions.NoSuchElementException: Message: no such element: Unable to locate element: {\"method\":\"xpath\",\"selector\":\"//a[@class='footer-email']\"}\n  (Session info: headless chrome=119.0.6045.105); For documentation on this error, please visit: https://www.selenium.dev/documentation/webdriver/troubleshooting/errors#no-such-element-exception\nStacktrace:\n#0 0x55bcecbe95e3 <unknown>\n#1 0x55bcec8ac0b7 <unknown>\n#2 0x55bcec8f9f53 <unknown>\n#3 0x55bcec8fa051 <unknown>\n#4 0x55bcec93f9c4 <unknown>\n#5 0x55bcec920f1d <unknown>\n#6 0x55bcec93cb3d <unknown>\n#7 0x55bcec920cc3 <unknown>\n#8 0x55bcec8ec0e4 <unknown>\n#9 0x55bcec8ed0ae <unknown>\n#10 0x55bcecbafce1 <unknown>\n#11 0x55bcecbb3b7e <unknown>\n#12 0x55bcecb9d4b5 <unknown>\n#13 0x55bcecbb47d6 <unknown>\n#14 0x55bcecb80dbf <unknown>\n#15 0x55bcecbd7748 <unknown>\n#16 0x55bcecbd7917 <unknown>\n#17 0x55bcecbe8773 <unknown>\n#18 0x7f42caf70044 <unknown>","time":{"start":1699146503505,"stop":1699146503521,"duration":16}},{"uid":"6774a48111c44368","reportUrl":"https://zaelcovsky.github.io/StroyremAutomation/130//#testresult/6774a48111c44368","status":"broken","statusDetails":"selenium.common.exceptions.NoSuchElementException: Message: no such element: Unable to locate element: {\"method\":\"xpath\",\"selector\":\"//a[@class='footer-email']\"}\n  (Session info: headless chrome=119.0.6045.105); For documentation on this error, please visit: https://www.selenium.dev/documentation/webdriver/troubleshooting/errors#no-such-element-exception\nStacktrace:\n#0 0x55c1620d55e3 <unknown>\n#1 0x55c161d980b7 <unknown>\n#2 0x55c161de5f53 <unknown>\n#3 0x55c161de6051 <unknown>\n#4 0x55c161e2b9c4 <unknown>\n#5 0x55c161e0cf1d <unknown>\n#6 0x55c161e28b3d <unknown>\n#7 0x55c161e0ccc3 <unknown>\n#8 0x55c161dd80e4 <unknown>\n#9 0x55c161dd90ae <unknown>\n#10 0x55c16209bce1 <unknown>\n#11 0x55c16209fb7e <unknown>\n#12 0x55c1620894b5 <unknown>\n#13 0x55c1620a07d6 <unknown>\n#14 0x55c16206cdbf <unknown>\n#15 0x55c1620c3748 <unknown>\n#16 0x55c1620c3917 <unknown>\n#17 0x55c1620d4773 <unknown>\n#18 0x7f63b2a87044 <unknown>","time":{"start":1699059802719,"stop":1699059802734,"duration":15}},{"uid":"6bd5016e138d2322","reportUrl":"https://zaelcovsky.github.io/StroyremAutomation/129//#testresult/6bd5016e138d2322","status":"broken","statusDetails":"selenium.common.exceptions.NoSuchElementException: Message: no such element: Unable to locate element: {\"method\":\"xpath\",\"selector\":\"//a[@class='footer-email']\"}\n  (Session info: headless chrome=119.0.6045.105); For documentation on this error, please visit: https://www.selenium.dev/documentation/webdriver/troubleshooting/errors#no-such-element-exception\nStacktrace:\n#0 0x55fd58e7f5e3 <unknown>\n#1 0x55fd58b420b7 <unknown>\n#2 0x55fd58b8ff53 <unknown>\n#3 0x55fd58b90051 <unknown>\n#4 0x55fd58bd59c4 <unknown>\n#5 0x55fd58bb6f1d <unknown>\n#6 0x55fd58bd2b3d <unknown>\n#7 0x55fd58bb6cc3 <unknown>\n#8 0x55fd58b820e4 <unknown>\n#9 0x55fd58b830ae <unknown>\n#10 0x55fd58e45ce1 <unknown>\n#11 0x55fd58e49b7e <unknown>\n#12 0x55fd58e334b5 <unknown>\n#13 0x55fd58e4a7d6 <unknown>\n#14 0x55fd58e16dbf <unknown>\n#15 0x55fd58e6d748 <unknown>\n#16 0x55fd58e6d917 <unknown>\n#17 0x55fd58e7e773 <unknown>\n#18 0x7f614a2db044 <unknown>","time":{"start":1698973418576,"stop":1698973418592,"duration":16}},{"uid":"8b6ec9c9303975a4","reportUrl":"https://zaelcovsky.github.io/StroyremAutomation/128//#testresult/8b6ec9c9303975a4","status":"broken","statusDetails":"selenium.common.exceptions.NoSuchElementException: Message: no such element: Unable to locate element: {\"method\":\"xpath\",\"selector\":\"//a[@class='footer-email']\"}\n  (Session info: headless chrome=119.0.6045.105); For documentation on this error, please visit: https://www.selenium.dev/documentation/webdriver/troubleshooting/errors#no-such-element-exception\nStacktrace:\n#0 0x561e71bc85e3 <unknown>\n#1 0x561e7188b0b7 <unknown>\n#2 0x561e718d8f53 <unknown>\n#3 0x561e718d9051 <unknown>\n#4 0x561e7191e9c4 <unknown>\n#5 0x561e718fff1d <unknown>\n#6 0x561e7191bb3d <unknown>\n#7 0x561e718ffcc3 <unknown>\n#8 0x561e718cb0e4 <unknown>\n#9 0x561e718cc0ae <unknown>\n#10 0x561e71b8ece1 <unknown>\n#11 0x561e71b92b7e <unknown>\n#12 0x561e71b7c4b5 <unknown>\n#13 0x561e71b937d6 <unknown>\n#14 0x561e71b5fdbf <unknown>\n#15 0x561e71bb6748 <unknown>\n#16 0x561e71bb6917 <unknown>\n#17 0x561e71bc7773 <unknown>\n#18 0x7f8f4da78044 <unknown>","time":{"start":1698887001931,"stop":1698887001944,"duration":13}},{"uid":"5a050d54c2857b91","reportUrl":"https://zaelcovsky.github.io/StroyremAutomation/127//#testresult/5a050d54c2857b91","status":"broken","statusDetails":"selenium.common.exceptions.NoSuchElementException: Message: no such element: Unable to locate element: {\"method\":\"xpath\",\"selector\":\"//a[@class='footer-email']\"}\n  (Session info: headless chrome=119.0.6045.105); For documentation on this error, please visit: https://www.selenium.dev/documentation/webdriver/troubleshooting/errors#no-such-element-exception\nStacktrace:\n#0 0x5638912ec5e3 <unknown>\n#1 0x563890faf0b7 <unknown>\n#2 0x563890ffcf53 <unknown>\n#3 0x563890ffd051 <unknown>\n#4 0x5638910429c4 <unknown>\n#5 0x563891023f1d <unknown>\n#6 0x56389103fb3d <unknown>\n#7 0x563891023cc3 <unknown>\n#8 0x563890fef0e4 <unknown>\n#9 0x563890ff00ae <unknown>\n#10 0x5638912b2ce1 <unknown>\n#11 0x5638912b6b7e <unknown>\n#12 0x5638912a04b5 <unknown>\n#13 0x5638912b77d6 <unknown>\n#14 0x563891283dbf <unknown>\n#15 0x5638912da748 <unknown>\n#16 0x5638912da917 <unknown>\n#17 0x5638912eb773 <unknown>\n#18 0x7fcbffd2c044 <unknown>","time":{"start":1698800865073,"stop":1698800865101,"duration":28}},{"uid":"309e4cb31ea6bf79","reportUrl":"https://zaelcovsky.github.io/StroyremAutomation/126//#testresult/309e4cb31ea6bf79","status":"broken","statusDetails":"selenium.common.exceptions.NoSuchElementException: Message: no such element: Unable to locate element: {\"method\":\"xpath\",\"selector\":\"//a[@class='footer-email']\"}\n  (Session info: headless chrome=118.0.5993.70); For documentation on this error, please visit: https://www.selenium.dev/documentation/webdriver/troubleshooting/errors#no-such-element-exception\nStacktrace:\n#0 0x5631c83f6fb3 <unknown>\n#1 0x5631c80ca4a7 <unknown>\n#2 0x5631c8111dd6 <unknown>\n#3 0x5631c8111ec1 <unknown>\n#4 0x5631c814f354 <unknown>\n#5 0x5631c813396d <unknown>\n#6 0x5631c814cc02 <unknown>\n#7 0x5631c8133713 <unknown>\n#8 0x5631c810618b <unknown>\n#9 0x5631c8106f7e <unknown>\n#10 0x5631c83bc8d8 <unknown>\n#11 0x5631c83c0800 <unknown>\n#12 0x5631c83cacfc <unknown>\n#13 0x5631c83c1418 <unknown>\n#14 0x5631c838e42f <unknown>\n#15 0x5631c83e54e8 <unknown>\n#16 0x5631c83e56b4 <unknown>\n#17 0x5631c83f6143 <unknown>\n#18 0x7f1b0f915044 <unknown>","time":{"start":1698714238130,"stop":1698714238151,"duration":21}},{"uid":"841db948f5212aab","reportUrl":"https://zaelcovsky.github.io/StroyremAutomation/125//#testresult/841db948f5212aab","status":"broken","statusDetails":"selenium.common.exceptions.NoSuchElementException: Message: no such element: Unable to locate element: {\"method\":\"xpath\",\"selector\":\"//a[@class='footer-email']\"}\n  (Session info: headless chrome=118.0.5993.70); For documentation on this error, please visit: https://www.selenium.dev/documentation/webdriver/troubleshooting/errors#no-such-element-exception\nStacktrace:\n#0 0x5572b7457fb3 <unknown>\n#1 0x5572b712b4a7 <unknown>\n#2 0x5572b7172dd6 <unknown>\n#3 0x5572b7172ec1 <unknown>\n#4 0x5572b71b0354 <unknown>\n#5 0x5572b719496d <unknown>\n#6 0x5572b71adc02 <unknown>\n#7 0x5572b7194713 <unknown>\n#8 0x5572b716718b <unknown>\n#9 0x5572b7167f7e <unknown>\n#10 0x5572b741d8d8 <unknown>\n#11 0x5572b7421800 <unknown>\n#12 0x5572b742bcfc <unknown>\n#13 0x5572b7422418 <unknown>\n#14 0x5572b73ef42f <unknown>\n#15 0x5572b74464e8 <unknown>\n#16 0x5572b74466b4 <unknown>\n#17 0x5572b7457143 <unknown>\n#18 0x7f17a2b4a044 <unknown>","time":{"start":1698627813938,"stop":1698627813953,"duration":15}},{"uid":"40e060691ab5101","reportUrl":"https://zaelcovsky.github.io/StroyremAutomation/124//#testresult/40e060691ab5101","status":"broken","statusDetails":"selenium.common.exceptions.NoSuchElementException: Message: no such element: Unable to locate element: {\"method\":\"xpath\",\"selector\":\"//a[@class='footer-email']\"}\n  (Session info: headless chrome=118.0.5993.70); For documentation on this error, please visit: https://www.selenium.dev/documentation/webdriver/troubleshooting/errors#no-such-element-exception\nStacktrace:\n#0 0x5559f90b7fb3 <unknown>\n#1 0x5559f8d8b4a7 <unknown>\n#2 0x5559f8dd2dd6 <unknown>\n#3 0x5559f8dd2ec1 <unknown>\n#4 0x5559f8e10354 <unknown>\n#5 0x5559f8df496d <unknown>\n#6 0x5559f8e0dc02 <unknown>\n#7 0x5559f8df4713 <unknown>\n#8 0x5559f8dc718b <unknown>\n#9 0x5559f8dc7f7e <unknown>\n#10 0x5559f907d8d8 <unknown>\n#11 0x5559f9081800 <unknown>\n#12 0x5559f908bcfc <unknown>\n#13 0x5559f9082418 <unknown>\n#14 0x5559f904f42f <unknown>\n#15 0x5559f90a64e8 <unknown>\n#16 0x5559f90a66b4 <unknown>\n#17 0x5559f90b7143 <unknown>\n#18 0x7f5e32c87044 <unknown>","time":{"start":1698541599527,"stop":1698541599544,"duration":17}},{"uid":"8cc9b2d1e01c382b","reportUrl":"https://zaelcovsky.github.io/StroyremAutomation/123//#testresult/8cc9b2d1e01c382b","status":"broken","statusDetails":"selenium.common.exceptions.NoSuchElementException: Message: no such element: Unable to locate element: {\"method\":\"xpath\",\"selector\":\"//a[@class='footer-email']\"}\n  (Session info: headless chrome=118.0.5993.70); For documentation on this error, please visit: https://www.selenium.dev/documentation/webdriver/troubleshooting/errors#no-such-element-exception\nStacktrace:\n#0 0x559926980fb3 <unknown>\n#1 0x5599266544a7 <unknown>\n#2 0x55992669bdd6 <unknown>\n#3 0x55992669bec1 <unknown>\n#4 0x5599266d9354 <unknown>\n#5 0x5599266bd96d <unknown>\n#6 0x5599266d6c02 <unknown>\n#7 0x5599266bd713 <unknown>\n#8 0x55992669018b <unknown>\n#9 0x559926690f7e <unknown>\n#10 0x5599269468d8 <unknown>\n#11 0x55992694a800 <unknown>\n#12 0x559926954cfc <unknown>\n#13 0x55992694b418 <unknown>\n#14 0x55992691842f <unknown>\n#15 0x55992696f4e8 <unknown>\n#16 0x55992696f6b4 <unknown>\n#17 0x559926980143 <unknown>\n#18 0x7fa44182b044 <unknown>","time":{"start":1698454878569,"stop":1698454878586,"duration":17}},{"uid":"ab2dfd2760ae29aa","reportUrl":"https://zaelcovsky.github.io/StroyremAutomation/122//#testresult/ab2dfd2760ae29aa","status":"broken","statusDetails":"selenium.common.exceptions.NoSuchElementException: Message: no such element: Unable to locate element: {\"method\":\"xpath\",\"selector\":\"//a[@class='footer-email']\"}\n  (Session info: headless chrome=118.0.5993.70); For documentation on this error, please visit: https://www.selenium.dev/documentation/webdriver/troubleshooting/errors#no-such-element-exception\nStacktrace:\n#0 0x5561d4938fb3 <unknown>\n#1 0x5561d460c4a7 <unknown>\n#2 0x5561d4653dd6 <unknown>\n#3 0x5561d4653ec1 <unknown>\n#4 0x5561d4691354 <unknown>\n#5 0x5561d467596d <unknown>\n#6 0x5561d468ec02 <unknown>\n#7 0x5561d4675713 <unknown>\n#8 0x5561d464818b <unknown>\n#9 0x5561d4648f7e <unknown>\n#10 0x5561d48fe8d8 <unknown>\n#11 0x5561d4902800 <unknown>\n#12 0x5561d490ccfc <unknown>\n#13 0x5561d4903418 <unknown>\n#14 0x5561d48d042f <unknown>\n#15 0x5561d49274e8 <unknown>\n#16 0x5561d49276b4 <unknown>\n#17 0x5561d4938143 <unknown>\n#18 0x7f96d7968044 <unknown>","time":{"start":1698368538708,"stop":1698368538724,"duration":16}},{"uid":"e7861aa3fc61e3c9","reportUrl":"https://zaelcovsky.github.io/StroyremAutomation/121//#testresult/e7861aa3fc61e3c9","status":"broken","statusDetails":"selenium.common.exceptions.NoSuchElementException: Message: no such element: Unable to locate element: {\"method\":\"xpath\",\"selector\":\"//a[@class='footer-email']\"}\n  (Session info: headless chrome=118.0.5993.70); For documentation on this error, please visit: https://www.selenium.dev/documentation/webdriver/troubleshooting/errors#no-such-element-exception\nStacktrace:\n#0 0x556bb9cd6fb3 <unknown>\n#1 0x556bb99aa4a7 <unknown>\n#2 0x556bb99f1dd6 <unknown>\n#3 0x556bb99f1ec1 <unknown>\n#4 0x556bb9a2f354 <unknown>\n#5 0x556bb9a1396d <unknown>\n#6 0x556bb9a2cc02 <unknown>\n#7 0x556bb9a13713 <unknown>\n#8 0x556bb99e618b <unknown>\n#9 0x556bb99e6f7e <unknown>\n#10 0x556bb9c9c8d8 <unknown>\n#11 0x556bb9ca0800 <unknown>\n#12 0x556bb9caacfc <unknown>\n#13 0x556bb9ca1418 <unknown>\n#14 0x556bb9c6e42f <unknown>\n#15 0x556bb9cc54e8 <unknown>\n#16 0x556bb9cc56b4 <unknown>\n#17 0x556bb9cd6143 <unknown>\n#18 0x7ff5f38d5044 <unknown>","time":{"start":1698282143706,"stop":1698282143731,"duration":25}},{"uid":"f0c83270abad0e3d","reportUrl":"https://zaelcovsky.github.io/StroyremAutomation/120//#testresult/f0c83270abad0e3d","status":"broken","statusDetails":"selenium.common.exceptions.NoSuchElementException: Message: no such element: Unable to locate element: {\"method\":\"xpath\",\"selector\":\"//a[@class='footer-email']\"}\n  (Session info: headless chrome=118.0.5993.70); For documentation on this error, please visit: https://www.selenium.dev/documentation/webdriver/troubleshooting/errors#no-such-element-exception\nStacktrace:\n#0 0x5577b7cc7fb3 <unknown>\n#1 0x5577b799b4a7 <unknown>\n#2 0x5577b79e2dd6 <unknown>\n#3 0x5577b79e2ec1 <unknown>\n#4 0x5577b7a20354 <unknown>\n#5 0x5577b7a0496d <unknown>\n#6 0x5577b7a1dc02 <unknown>\n#7 0x5577b7a04713 <unknown>\n#8 0x5577b79d718b <unknown>\n#9 0x5577b79d7f7e <unknown>\n#10 0x5577b7c8d8d8 <unknown>\n#11 0x5577b7c91800 <unknown>\n#12 0x5577b7c9bcfc <unknown>\n#13 0x5577b7c92418 <unknown>\n#14 0x5577b7c5f42f <unknown>\n#15 0x5577b7cb64e8 <unknown>\n#16 0x5577b7cb66b4 <unknown>\n#17 0x5577b7cc7143 <unknown>\n#18 0x7f3a99d17044 <unknown>","time":{"start":1698195776564,"stop":1698195776580,"duration":16}},{"uid":"942925cd7c4fc256","reportUrl":"https://zaelcovsky.github.io/StroyremAutomation/119//#testresult/942925cd7c4fc256","status":"broken","statusDetails":"selenium.common.exceptions.NoSuchElementException: Message: no such element: Unable to locate element: {\"method\":\"xpath\",\"selector\":\"//a[@class='footer-email']\"}\n  (Session info: headless chrome=118.0.5993.70); For documentation on this error, please visit: https://www.selenium.dev/documentation/webdriver/troubleshooting/errors#no-such-element-exception\nStacktrace:\n#0 0x55919dc8bfb3 <unknown>\n#1 0x55919d95f4a7 <unknown>\n#2 0x55919d9a6dd6 <unknown>\n#3 0x55919d9a6ec1 <unknown>\n#4 0x55919d9e4354 <unknown>\n#5 0x55919d9c896d <unknown>\n#6 0x55919d9e1c02 <unknown>\n#7 0x55919d9c8713 <unknown>\n#8 0x55919d99b18b <unknown>\n#9 0x55919d99bf7e <unknown>\n#10 0x55919dc518d8 <unknown>\n#11 0x55919dc55800 <unknown>\n#12 0x55919dc5fcfc <unknown>\n#13 0x55919dc56418 <unknown>\n#14 0x55919dc2342f <unknown>\n#15 0x55919dc7a4e8 <unknown>\n#16 0x55919dc7a6b4 <unknown>\n#17 0x55919dc8b143 <unknown>\n#18 0x7f86202ea044 <unknown>","time":{"start":1698109411031,"stop":1698109411053,"duration":22}},{"uid":"e52f5cbb550387db","reportUrl":"https://zaelcovsky.github.io/StroyremAutomation/118//#testresult/e52f5cbb550387db","status":"broken","statusDetails":"selenium.common.exceptions.NoSuchElementException: Message: no such element: Unable to locate element: {\"method\":\"xpath\",\"selector\":\"//a[@class='footer-email']\"}\n  (Session info: headless chrome=118.0.5993.70); For documentation on this error, please visit: https://www.selenium.dev/documentation/webdriver/troubleshooting/errors#no-such-element-exception\nStacktrace:\n#0 0x5580d0efefb3 <unknown>\n#1 0x5580d0bd24a7 <unknown>\n#2 0x5580d0c19dd6 <unknown>\n#3 0x5580d0c19ec1 <unknown>\n#4 0x5580d0c57354 <unknown>\n#5 0x5580d0c3b96d <unknown>\n#6 0x5580d0c54c02 <unknown>\n#7 0x5580d0c3b713 <unknown>\n#8 0x5580d0c0e18b <unknown>\n#9 0x5580d0c0ef7e <unknown>\n#10 0x5580d0ec48d8 <unknown>\n#11 0x5580d0ec8800 <unknown>\n#12 0x5580d0ed2cfc <unknown>\n#13 0x5580d0ec9418 <unknown>\n#14 0x5580d0e9642f <unknown>\n#15 0x5580d0eed4e8 <unknown>\n#16 0x5580d0eed6b4 <unknown>\n#17 0x5580d0efe143 <unknown>\n#18 0x7f1013338044 <unknown>","time":{"start":1698023015405,"stop":1698023015421,"duration":16}},{"uid":"335f4f0817024590","reportUrl":"https://zaelcovsky.github.io/StroyremAutomation/117//#testresult/335f4f0817024590","status":"broken","statusDetails":"selenium.common.exceptions.NoSuchElementException: Message: no such element: Unable to locate element: {\"method\":\"xpath\",\"selector\":\"//a[@class='footer-email']\"}\n  (Session info: headless chrome=118.0.5993.70); For documentation on this error, please visit: https://www.selenium.dev/documentation/webdriver/troubleshooting/errors#no-such-element-exception\nStacktrace:\n#0 0x563c137ebfb3 <unknown>\n#1 0x563c134bf4a7 <unknown>\n#2 0x563c13506dd6 <unknown>\n#3 0x563c13506ec1 <unknown>\n#4 0x563c13544354 <unknown>\n#5 0x563c1352896d <unknown>\n#6 0x563c13541c02 <unknown>\n#7 0x563c13528713 <unknown>\n#8 0x563c134fb18b <unknown>\n#9 0x563c134fbf7e <unknown>\n#10 0x563c137b18d8 <unknown>\n#11 0x563c137b5800 <unknown>\n#12 0x563c137bfcfc <unknown>\n#13 0x563c137b6418 <unknown>\n#14 0x563c1378342f <unknown>\n#15 0x563c137da4e8 <unknown>\n#16 0x563c137da6b4 <unknown>\n#17 0x563c137eb143 <unknown>\n#18 0x7f79ac758044 <unknown>","time":{"start":1697936828503,"stop":1697936828519,"duration":16}},{"uid":"d0c6216157dbc76c","reportUrl":"https://zaelcovsky.github.io/StroyremAutomation/116//#testresult/d0c6216157dbc76c","status":"broken","statusDetails":"selenium.common.exceptions.NoSuchElementException: Message: no such element: Unable to locate element: {\"method\":\"xpath\",\"selector\":\"//a[@class='footer-email']\"}\n  (Session info: headless chrome=118.0.5993.70); For documentation on this error, please visit: https://www.selenium.dev/documentation/webdriver/troubleshooting/errors#no-such-element-exception\nStacktrace:\n#0 0x559b3fbdafb3 <unknown>\n#1 0x559b3f8ae4a7 <unknown>\n#2 0x559b3f8f5dd6 <unknown>\n#3 0x559b3f8f5ec1 <unknown>\n#4 0x559b3f933354 <unknown>\n#5 0x559b3f91796d <unknown>\n#6 0x559b3f930c02 <unknown>\n#7 0x559b3f917713 <unknown>\n#8 0x559b3f8ea18b <unknown>\n#9 0x559b3f8eaf7e <unknown>\n#10 0x559b3fba08d8 <unknown>\n#11 0x559b3fba4800 <unknown>\n#12 0x559b3fbaecfc <unknown>\n#13 0x559b3fba5418 <unknown>\n#14 0x559b3fb7242f <unknown>\n#15 0x559b3fbc94e8 <unknown>\n#16 0x559b3fbc96b4 <unknown>\n#17 0x559b3fbda143 <unknown>\n#18 0x7fe3e6ce1044 <unknown>","time":{"start":1697850114541,"stop":1697850114556,"duration":15}},{"uid":"f41ae2c845f155f3","reportUrl":"https://zaelcovsky.github.io/StroyremAutomation/115//#testresult/f41ae2c845f155f3","status":"broken","statusDetails":"selenium.common.exceptions.NoSuchElementException: Message: no such element: Unable to locate element: {\"method\":\"xpath\",\"selector\":\"//a[@class='footer-email']\"}\n  (Session info: headless chrome=118.0.5993.70); For documentation on this error, please visit: https://www.selenium.dev/documentation/webdriver/troubleshooting/errors#no-such-element-exception\nStacktrace:\n#0 0x555c51691fb3 <unknown>\n#1 0x555c513654a7 <unknown>\n#2 0x555c513acdd6 <unknown>\n#3 0x555c513acec1 <unknown>\n#4 0x555c513ea354 <unknown>\n#5 0x555c513ce96d <unknown>\n#6 0x555c513e7c02 <unknown>\n#7 0x555c513ce713 <unknown>\n#8 0x555c513a118b <unknown>\n#9 0x555c513a1f7e <unknown>\n#10 0x555c516578d8 <unknown>\n#11 0x555c5165b800 <unknown>\n#12 0x555c51665cfc <unknown>\n#13 0x555c5165c418 <unknown>\n#14 0x555c5162942f <unknown>\n#15 0x555c516804e8 <unknown>\n#16 0x555c516806b4 <unknown>\n#17 0x555c51691143 <unknown>\n#18 0x7f1783f1a044 <unknown>","time":{"start":1697763820676,"stop":1697763820692,"duration":16}}]},"tags":["smoke_test"]},"source":"678a5b6de1ebeff3.json","parameterValues":["'https://test2.stroyrem-nn.ru/'"]}