{"uid":"b490edb24989fde3","name":"TC 007 - Проверка функциональности ссылки 'Строительные советы'","fullName":"tests.test_main_page.TestMainPage#test_positive_footer_building_advices_smoke","historyId":"e1043e7d837394f182066b4573261622","time":{"start":1699491890150,"stop":1699491890174,"duration":24},"status":"broken","statusMessage":"selenium.common.exceptions.NoSuchElementException: Message: no such element: Unable to locate element: {\"method\":\"xpath\",\"selector\":\"(//a[@href='/articles'])[3]\"}\n  (Session info: headless chrome=119.0.6045.105); For documentation on this error, please visit: https://www.selenium.dev/documentation/webdriver/troubleshooting/errors#no-such-element-exception\nStacktrace:\n#0 0x564d607f75e3 <unknown>\n#1 0x564d604ba0b7 <unknown>\n#2 0x564d60507f53 <unknown>\n#3 0x564d60508051 <unknown>\n#4 0x564d6054d9c4 <unknown>\n#5 0x564d6052ef1d <unknown>\n#6 0x564d6054ab3d <unknown>\n#7 0x564d6052ecc3 <unknown>\n#8 0x564d604fa0e4 <unknown>\n#9 0x564d604fb0ae <unknown>\n#10 0x564d607bdce1 <unknown>\n#11 0x564d607c1b7e <unknown>\n#12 0x564d607ab4b5 <unknown>\n#13 0x564d607c27d6 <unknown>\n#14 0x564d6078edbf <unknown>\n#15 0x564d607e5748 <unknown>\n#16 0x564d607e5917 <unknown>\n#17 0x564d607f6773 <unknown>\n#18 0x7f265780c044 <unknown>","statusTrace":"self = <tests.test_main_page.TestMainPage object at 0x7fcdd7838750>\nmain_page = <pages.main_page.MainPage object at 0x7fcdd73dc950>\n\n    @allure.feature(\"Footer functionality\")\n    @allure.title(\"TC 007 - Проверка функциональности ссылки 'Строительные советы'\")\n    @pytest.mark.smoke_test\n    def test_positive_footer_building_advices_smoke(self, main_page):\n        articles_page = ArticlesPage(main_page.driver)\n>       main_page.check_building_tips_link()\n\ntests/test_main_page.py:75: \n_ _ _ _ _ _ _ _ _ _ _ _ _ _ _ _ _ _ _ _ _ _ _ _ _ _ _ _ _ _ _ _ _ _ _ _ _ _ _ _ \npages/main_page.py:110: in check_building_tips_link\n    self.driver.find_element(*self._building_advices_link).click()\n/usr/local/lib/python3.11/site-packages/selenium/webdriver/remote/webdriver.py:740: in find_element\n    return self.execute(Command.FIND_ELEMENT, {\"using\": by, \"value\": value})[\"value\"]\n/usr/local/lib/python3.11/site-packages/selenium/webdriver/remote/webdriver.py:346: in execute\n    self.error_handler.check_response(response)\n_ _ _ _ _ _ _ _ _ _ _ _ _ _ _ _ _ _ _ _ _ _ _ _ _ _ _ _ _ _ _ _ _ _ _ _ _ _ _ _ \n\nself = <selenium.webdriver.remote.errorhandler.ErrorHandler object at 0x7fcdd82b4a90>\nresponse = {'status': 404, 'value': '{\"value\":{\"error\":\"no such element\",\"message\":\"no such element: Unable to locate element: {\\...\\\\n#16 0x564d607e5917 \\\\u003Cunknown>\\\\n#17 0x564d607f6773 \\\\u003Cunknown>\\\\n#18 0x7f265780c044 \\\\u003Cunknown>\\\\n\"}}'}\n\n    def check_response(self, response: Dict[str, Any]) -> None:\n        \"\"\"Checks that a JSON response from the WebDriver does not have an\n        error.\n    \n        :Args:\n         - response - The JSON response from the WebDriver server as a dictionary\n           object.\n    \n        :Raises: If the response contains an error message.\n        \"\"\"\n        status = response.get(\"status\", None)\n        if not status or status == ErrorCode.SUCCESS:\n            return\n        value = None\n        message = response.get(\"message\", \"\")\n        screen: str = response.get(\"screen\", \"\")\n        stacktrace = None\n        if isinstance(status, int):\n            value_json = response.get(\"value\", None)\n            if value_json and isinstance(value_json, str):\n                import json\n    \n                try:\n                    value = json.loads(value_json)\n                    if len(value) == 1:\n                        value = value[\"value\"]\n                    status = value.get(\"error\", None)\n                    if not status:\n                        status = value.get(\"status\", ErrorCode.UNKNOWN_ERROR)\n                        message = value.get(\"value\") or value.get(\"message\")\n                        if not isinstance(message, str):\n                            value = message\n                            message = message.get(\"message\")\n                    else:\n                        message = value.get(\"message\", None)\n                except ValueError:\n                    pass\n    \n        exception_class: Type[WebDriverException]\n        if status in ErrorCode.NO_SUCH_ELEMENT:\n            exception_class = NoSuchElementException\n        elif status in ErrorCode.NO_SUCH_FRAME:\n            exception_class = NoSuchFrameException\n        elif status in ErrorCode.NO_SUCH_SHADOW_ROOT:\n            exception_class = NoSuchShadowRootException\n        elif status in ErrorCode.NO_SUCH_WINDOW:\n            exception_class = NoSuchWindowException\n        elif status in ErrorCode.STALE_ELEMENT_REFERENCE:\n            exception_class = StaleElementReferenceException\n        elif status in ErrorCode.ELEMENT_NOT_VISIBLE:\n            exception_class = ElementNotVisibleException\n        elif status in ErrorCode.INVALID_ELEMENT_STATE:\n            exception_class = InvalidElementStateException\n        elif (\n            status in ErrorCode.INVALID_SELECTOR\n            or status in ErrorCode.INVALID_XPATH_SELECTOR\n            or status in ErrorCode.INVALID_XPATH_SELECTOR_RETURN_TYPER\n        ):\n            exception_class = InvalidSelectorException\n        elif status in ErrorCode.ELEMENT_IS_NOT_SELECTABLE:\n            exception_class = ElementNotSelectableException\n        elif status in ErrorCode.ELEMENT_NOT_INTERACTABLE:\n            exception_class = ElementNotInteractableException\n        elif status in ErrorCode.INVALID_COOKIE_DOMAIN:\n            exception_class = InvalidCookieDomainException\n        elif status in ErrorCode.UNABLE_TO_SET_COOKIE:\n            exception_class = UnableToSetCookieException\n        elif status in ErrorCode.TIMEOUT:\n            exception_class = TimeoutException\n        elif status in ErrorCode.SCRIPT_TIMEOUT:\n            exception_class = TimeoutException\n        elif status in ErrorCode.UNKNOWN_ERROR:\n            exception_class = WebDriverException\n        elif status in ErrorCode.UNEXPECTED_ALERT_OPEN:\n            exception_class = UnexpectedAlertPresentException\n        elif status in ErrorCode.NO_ALERT_OPEN:\n            exception_class = NoAlertPresentException\n        elif status in ErrorCode.IME_NOT_AVAILABLE:\n            exception_class = ImeNotAvailableException\n        elif status in ErrorCode.IME_ENGINE_ACTIVATION_FAILED:\n            exception_class = ImeActivationFailedException\n        elif status in ErrorCode.MOVE_TARGET_OUT_OF_BOUNDS:\n            exception_class = MoveTargetOutOfBoundsException\n        elif status in ErrorCode.JAVASCRIPT_ERROR:\n            exception_class = JavascriptException\n        elif status in ErrorCode.SESSION_NOT_CREATED:\n            exception_class = SessionNotCreatedException\n        elif status in ErrorCode.INVALID_ARGUMENT:\n            exception_class = InvalidArgumentException\n        elif status in ErrorCode.NO_SUCH_COOKIE:\n            exception_class = NoSuchCookieException\n        elif status in ErrorCode.UNABLE_TO_CAPTURE_SCREEN:\n            exception_class = ScreenshotException\n        elif status in ErrorCode.ELEMENT_CLICK_INTERCEPTED:\n            exception_class = ElementClickInterceptedException\n        elif status in ErrorCode.INSECURE_CERTIFICATE:\n            exception_class = InsecureCertificateException\n        elif status in ErrorCode.INVALID_COORDINATES:\n            exception_class = InvalidCoordinatesException\n        elif status in ErrorCode.INVALID_SESSION_ID:\n            exception_class = InvalidSessionIdException\n        elif status in ErrorCode.UNKNOWN_METHOD:\n            exception_class = UnknownMethodException\n        else:\n            exception_class = WebDriverException\n        if not value:\n            value = response[\"value\"]\n        if isinstance(value, str):\n            raise exception_class(value)\n        if message == \"\" and \"message\" in value:\n            message = value[\"message\"]\n    \n        screen = None  # type: ignore[assignment]\n        if \"screen\" in value:\n            screen = value[\"screen\"]\n    \n        stacktrace = None\n        st_value = value.get(\"stackTrace\") or value.get(\"stacktrace\")\n        if st_value:\n            if isinstance(st_value, str):\n                stacktrace = st_value.split(\"\\n\")\n            else:\n                stacktrace = []\n                try:\n                    for frame in st_value:\n                        line = frame.get(\"lineNumber\", \"\")\n                        file = frame.get(\"fileName\", \"<anonymous>\")\n                        if line:\n                            file = f\"{file}:{line}\"\n                        meth = frame.get(\"methodName\", \"<anonymous>\")\n                        if \"className\" in frame:\n                            meth = f\"{frame['className']}.{meth}\"\n                        msg = \"    at %s (%s)\"\n                        msg = msg % (meth, file)\n                        stacktrace.append(msg)\n                except TypeError:\n                    pass\n        if exception_class == UnexpectedAlertPresentException:\n            alert_text = None\n            if \"data\" in value:\n                alert_text = value[\"data\"].get(\"text\")\n            elif \"alert\" in value:\n                alert_text = value[\"alert\"].get(\"text\")\n            raise exception_class(message, screen, stacktrace, alert_text)  # type: ignore[call-arg]  # mypy is not smart enough here\n>       raise exception_class(message, screen, stacktrace)\nE       selenium.common.exceptions.NoSuchElementException: Message: no such element: Unable to locate element: {\"method\":\"xpath\",\"selector\":\"(//a[@href='/articles'])[3]\"}\nE         (Session info: headless chrome=119.0.6045.105); For documentation on this error, please visit: https://www.selenium.dev/documentation/webdriver/troubleshooting/errors#no-such-element-exception\nE       Stacktrace:\nE       #0 0x564d607f75e3 <unknown>\nE       #1 0x564d604ba0b7 <unknown>\nE       #2 0x564d60507f53 <unknown>\nE       #3 0x564d60508051 <unknown>\nE       #4 0x564d6054d9c4 <unknown>\nE       #5 0x564d6052ef1d <unknown>\nE       #6 0x564d6054ab3d <unknown>\nE       #7 0x564d6052ecc3 <unknown>\nE       #8 0x564d604fa0e4 <unknown>\nE       #9 0x564d604fb0ae <unknown>\nE       #10 0x564d607bdce1 <unknown>\nE       #11 0x564d607c1b7e <unknown>\nE       #12 0x564d607ab4b5 <unknown>\nE       #13 0x564d607c27d6 <unknown>\nE       #14 0x564d6078edbf <unknown>\nE       #15 0x564d607e5748 <unknown>\nE       #16 0x564d607e5917 <unknown>\nE       #17 0x564d607f6773 <unknown>\nE       #18 0x7f265780c044 <unknown>\n\n/usr/local/lib/python3.11/site-packages/selenium/webdriver/remote/errorhandler.py:245: NoSuchElementException","flaky":false,"newFailed":false,"newBroken":false,"newPassed":false,"retriesCount":0,"retriesStatusChange":false,"beforeStages":[{"name":"_session_faker","time":{"start":1699491801125,"stop":1699491801223,"duration":98},"status":"passed","steps":[],"attachments":[],"parameters":[],"shouldDisplayMessage":false,"stepsCount":0,"attachmentsCount":0,"hasContent":false},{"name":"clear_allure_results_folder","time":{"start":1699491801223,"stop":1699491801224,"duration":1},"status":"passed","steps":[],"attachments":[],"parameters":[],"shouldDisplayMessage":false,"stepsCount":0,"attachmentsCount":0,"hasContent":false},{"name":"driver","time":{"start":1699491888820,"stop":1699491889631,"duration":811},"status":"passed","steps":[],"attachments":[],"parameters":[],"shouldDisplayMessage":false,"stepsCount":0,"attachmentsCount":0,"hasContent":false},{"name":"main_page","time":{"start":1699491889631,"stop":1699491890149,"duration":518},"status":"passed","steps":[],"attachments":[],"parameters":[],"shouldDisplayMessage":false,"stepsCount":0,"attachmentsCount":0,"hasContent":false},{"name":"setup","time":{"start":1699491889631,"stop":1699491889631,"duration":0},"status":"passed","steps":[],"attachments":[],"parameters":[],"shouldDisplayMessage":false,"stepsCount":0,"attachmentsCount":0,"hasContent":false}],"testStage":{"status":"broken","statusMessage":"selenium.common.exceptions.NoSuchElementException: Message: no such element: Unable to locate element: {\"method\":\"xpath\",\"selector\":\"(//a[@href='/articles'])[3]\"}\n  (Session info: headless chrome=119.0.6045.105); For documentation on this error, please visit: https://www.selenium.dev/documentation/webdriver/troubleshooting/errors#no-such-element-exception\nStacktrace:\n#0 0x564d607f75e3 <unknown>\n#1 0x564d604ba0b7 <unknown>\n#2 0x564d60507f53 <unknown>\n#3 0x564d60508051 <unknown>\n#4 0x564d6054d9c4 <unknown>\n#5 0x564d6052ef1d <unknown>\n#6 0x564d6054ab3d <unknown>\n#7 0x564d6052ecc3 <unknown>\n#8 0x564d604fa0e4 <unknown>\n#9 0x564d604fb0ae <unknown>\n#10 0x564d607bdce1 <unknown>\n#11 0x564d607c1b7e <unknown>\n#12 0x564d607ab4b5 <unknown>\n#13 0x564d607c27d6 <unknown>\n#14 0x564d6078edbf <unknown>\n#15 0x564d607e5748 <unknown>\n#16 0x564d607e5917 <unknown>\n#17 0x564d607f6773 <unknown>\n#18 0x7f265780c044 <unknown>","statusTrace":"self = <tests.test_main_page.TestMainPage object at 0x7fcdd7838750>\nmain_page = <pages.main_page.MainPage object at 0x7fcdd73dc950>\n\n    @allure.feature(\"Footer functionality\")\n    @allure.title(\"TC 007 - Проверка функциональности ссылки 'Строительные советы'\")\n    @pytest.mark.smoke_test\n    def test_positive_footer_building_advices_smoke(self, main_page):\n        articles_page = ArticlesPage(main_page.driver)\n>       main_page.check_building_tips_link()\n\ntests/test_main_page.py:75: \n_ _ _ _ _ _ _ _ _ _ _ _ _ _ _ _ _ _ _ _ _ _ _ _ _ _ _ _ _ _ _ _ _ _ _ _ _ _ _ _ \npages/main_page.py:110: in check_building_tips_link\n    self.driver.find_element(*self._building_advices_link).click()\n/usr/local/lib/python3.11/site-packages/selenium/webdriver/remote/webdriver.py:740: in find_element\n    return self.execute(Command.FIND_ELEMENT, {\"using\": by, \"value\": value})[\"value\"]\n/usr/local/lib/python3.11/site-packages/selenium/webdriver/remote/webdriver.py:346: in execute\n    self.error_handler.check_response(response)\n_ _ _ _ _ _ _ _ _ _ _ _ _ _ _ _ _ _ _ _ _ _ _ _ _ _ _ _ _ _ _ _ _ _ _ _ _ _ _ _ \n\nself = <selenium.webdriver.remote.errorhandler.ErrorHandler object at 0x7fcdd82b4a90>\nresponse = {'status': 404, 'value': '{\"value\":{\"error\":\"no such element\",\"message\":\"no such element: Unable to locate element: {\\...\\\\n#16 0x564d607e5917 \\\\u003Cunknown>\\\\n#17 0x564d607f6773 \\\\u003Cunknown>\\\\n#18 0x7f265780c044 \\\\u003Cunknown>\\\\n\"}}'}\n\n    def check_response(self, response: Dict[str, Any]) -> None:\n        \"\"\"Checks that a JSON response from the WebDriver does not have an\n        error.\n    \n        :Args:\n         - response - The JSON response from the WebDriver server as a dictionary\n           object.\n    \n        :Raises: If the response contains an error message.\n        \"\"\"\n        status = response.get(\"status\", None)\n        if not status or status == ErrorCode.SUCCESS:\n            return\n        value = None\n        message = response.get(\"message\", \"\")\n        screen: str = response.get(\"screen\", \"\")\n        stacktrace = None\n        if isinstance(status, int):\n            value_json = response.get(\"value\", None)\n            if value_json and isinstance(value_json, str):\n                import json\n    \n                try:\n                    value = json.loads(value_json)\n                    if len(value) == 1:\n                        value = value[\"value\"]\n                    status = value.get(\"error\", None)\n                    if not status:\n                        status = value.get(\"status\", ErrorCode.UNKNOWN_ERROR)\n                        message = value.get(\"value\") or value.get(\"message\")\n                        if not isinstance(message, str):\n                            value = message\n                            message = message.get(\"message\")\n                    else:\n                        message = value.get(\"message\", None)\n                except ValueError:\n                    pass\n    \n        exception_class: Type[WebDriverException]\n        if status in ErrorCode.NO_SUCH_ELEMENT:\n            exception_class = NoSuchElementException\n        elif status in ErrorCode.NO_SUCH_FRAME:\n            exception_class = NoSuchFrameException\n        elif status in ErrorCode.NO_SUCH_SHADOW_ROOT:\n            exception_class = NoSuchShadowRootException\n        elif status in ErrorCode.NO_SUCH_WINDOW:\n            exception_class = NoSuchWindowException\n        elif status in ErrorCode.STALE_ELEMENT_REFERENCE:\n            exception_class = StaleElementReferenceException\n        elif status in ErrorCode.ELEMENT_NOT_VISIBLE:\n            exception_class = ElementNotVisibleException\n        elif status in ErrorCode.INVALID_ELEMENT_STATE:\n            exception_class = InvalidElementStateException\n        elif (\n            status in ErrorCode.INVALID_SELECTOR\n            or status in ErrorCode.INVALID_XPATH_SELECTOR\n            or status in ErrorCode.INVALID_XPATH_SELECTOR_RETURN_TYPER\n        ):\n            exception_class = InvalidSelectorException\n        elif status in ErrorCode.ELEMENT_IS_NOT_SELECTABLE:\n            exception_class = ElementNotSelectableException\n        elif status in ErrorCode.ELEMENT_NOT_INTERACTABLE:\n            exception_class = ElementNotInteractableException\n        elif status in ErrorCode.INVALID_COOKIE_DOMAIN:\n            exception_class = InvalidCookieDomainException\n        elif status in ErrorCode.UNABLE_TO_SET_COOKIE:\n            exception_class = UnableToSetCookieException\n        elif status in ErrorCode.TIMEOUT:\n            exception_class = TimeoutException\n        elif status in ErrorCode.SCRIPT_TIMEOUT:\n            exception_class = TimeoutException\n        elif status in ErrorCode.UNKNOWN_ERROR:\n            exception_class = WebDriverException\n        elif status in ErrorCode.UNEXPECTED_ALERT_OPEN:\n            exception_class = UnexpectedAlertPresentException\n        elif status in ErrorCode.NO_ALERT_OPEN:\n            exception_class = NoAlertPresentException\n        elif status in ErrorCode.IME_NOT_AVAILABLE:\n            exception_class = ImeNotAvailableException\n        elif status in ErrorCode.IME_ENGINE_ACTIVATION_FAILED:\n            exception_class = ImeActivationFailedException\n        elif status in ErrorCode.MOVE_TARGET_OUT_OF_BOUNDS:\n            exception_class = MoveTargetOutOfBoundsException\n        elif status in ErrorCode.JAVASCRIPT_ERROR:\n            exception_class = JavascriptException\n        elif status in ErrorCode.SESSION_NOT_CREATED:\n            exception_class = SessionNotCreatedException\n        elif status in ErrorCode.INVALID_ARGUMENT:\n            exception_class = InvalidArgumentException\n        elif status in ErrorCode.NO_SUCH_COOKIE:\n            exception_class = NoSuchCookieException\n        elif status in ErrorCode.UNABLE_TO_CAPTURE_SCREEN:\n            exception_class = ScreenshotException\n        elif status in ErrorCode.ELEMENT_CLICK_INTERCEPTED:\n            exception_class = ElementClickInterceptedException\n        elif status in ErrorCode.INSECURE_CERTIFICATE:\n            exception_class = InsecureCertificateException\n        elif status in ErrorCode.INVALID_COORDINATES:\n            exception_class = InvalidCoordinatesException\n        elif status in ErrorCode.INVALID_SESSION_ID:\n            exception_class = InvalidSessionIdException\n        elif status in ErrorCode.UNKNOWN_METHOD:\n            exception_class = UnknownMethodException\n        else:\n            exception_class = WebDriverException\n        if not value:\n            value = response[\"value\"]\n        if isinstance(value, str):\n            raise exception_class(value)\n        if message == \"\" and \"message\" in value:\n            message = value[\"message\"]\n    \n        screen = None  # type: ignore[assignment]\n        if \"screen\" in value:\n            screen = value[\"screen\"]\n    \n        stacktrace = None\n        st_value = value.get(\"stackTrace\") or value.get(\"stacktrace\")\n        if st_value:\n            if isinstance(st_value, str):\n                stacktrace = st_value.split(\"\\n\")\n            else:\n                stacktrace = []\n                try:\n                    for frame in st_value:\n                        line = frame.get(\"lineNumber\", \"\")\n                        file = frame.get(\"fileName\", \"<anonymous>\")\n                        if line:\n                            file = f\"{file}:{line}\"\n                        meth = frame.get(\"methodName\", \"<anonymous>\")\n                        if \"className\" in frame:\n                            meth = f\"{frame['className']}.{meth}\"\n                        msg = \"    at %s (%s)\"\n                        msg = msg % (meth, file)\n                        stacktrace.append(msg)\n                except TypeError:\n                    pass\n        if exception_class == UnexpectedAlertPresentException:\n            alert_text = None\n            if \"data\" in value:\n                alert_text = value[\"data\"].get(\"text\")\n            elif \"alert\" in value:\n                alert_text = value[\"alert\"].get(\"text\")\n            raise exception_class(message, screen, stacktrace, alert_text)  # type: ignore[call-arg]  # mypy is not smart enough here\n>       raise exception_class(message, screen, stacktrace)\nE       selenium.common.exceptions.NoSuchElementException: Message: no such element: Unable to locate element: {\"method\":\"xpath\",\"selector\":\"(//a[@href='/articles'])[3]\"}\nE         (Session info: headless chrome=119.0.6045.105); For documentation on this error, please visit: https://www.selenium.dev/documentation/webdriver/troubleshooting/errors#no-such-element-exception\nE       Stacktrace:\nE       #0 0x564d607f75e3 <unknown>\nE       #1 0x564d604ba0b7 <unknown>\nE       #2 0x564d60507f53 <unknown>\nE       #3 0x564d60508051 <unknown>\nE       #4 0x564d6054d9c4 <unknown>\nE       #5 0x564d6052ef1d <unknown>\nE       #6 0x564d6054ab3d <unknown>\nE       #7 0x564d6052ecc3 <unknown>\nE       #8 0x564d604fa0e4 <unknown>\nE       #9 0x564d604fb0ae <unknown>\nE       #10 0x564d607bdce1 <unknown>\nE       #11 0x564d607c1b7e <unknown>\nE       #12 0x564d607ab4b5 <unknown>\nE       #13 0x564d607c27d6 <unknown>\nE       #14 0x564d6078edbf <unknown>\nE       #15 0x564d607e5748 <unknown>\nE       #16 0x564d607e5917 <unknown>\nE       #17 0x564d607f6773 <unknown>\nE       #18 0x7f265780c044 <unknown>\n\n/usr/local/lib/python3.11/site-packages/selenium/webdriver/remote/errorhandler.py:245: NoSuchElementException","steps":[{"name":"Проверка функциональности ссылки 'Строительные советы'","time":{"start":1699491890150,"stop":1699491890174,"duration":24},"status":"broken","statusMessage":"selenium.common.exceptions.NoSuchElementException: Message: no such element: Unable to locate element: {\"method\":\"xpath\",\"selector\":\"(//a[@href='/articles'])[3]\"}\n  (Session info: headless chrome=119.0.6045.105); For documentation on this error, please visit: https://www.selenium.dev/documentation/webdriver/troubleshooting/errors#no-such-element-exception\nStacktrace:\n#0 0x564d607f75e3 <unknown>\n#1 0x564d604ba0b7 <unknown>\n#2 0x564d60507f53 <unknown>\n#3 0x564d60508051 <unknown>\n#4 0x564d6054d9c4 <unknown>\n#5 0x564d6052ef1d <unknown>\n#6 0x564d6054ab3d <unknown>\n#7 0x564d6052ecc3 <unknown>\n#8 0x564d604fa0e4 <unknown>\n#9 0x564d604fb0ae <unknown>\n#10 0x564d607bdce1 <unknown>\n#11 0x564d607c1b7e <unknown>\n#12 0x564d607ab4b5 <unknown>\n#13 0x564d607c27d6 <unknown>\n#14 0x564d6078edbf <unknown>\n#15 0x564d607e5748 <unknown>\n#16 0x564d607e5917 <unknown>\n#17 0x564d607f6773 <unknown>\n#18 0x7f265780c044 <unknown>\n\n","statusTrace":"  File \"/usr/local/lib/python3.11/site-packages/allure_commons/_allure.py\", line 192, in impl\n    return func(*a, **kw)\n           ^^^^^^^^^^^^^^\n  File \"/app/pages/main_page.py\", line 110, in check_building_tips_link\n    self.driver.find_element(*self._building_advices_link).click()\n    ^^^^^^^^^^^^^^^^^^^^^^^^^^^^^^^^^^^^^^^^^^^^^^^^^^^^^^\n  File \"/usr/local/lib/python3.11/site-packages/selenium/webdriver/remote/webdriver.py\", line 740, in find_element\n    return self.execute(Command.FIND_ELEMENT, {\"using\": by, \"value\": value})[\"value\"]\n           ^^^^^^^^^^^^^^^^^^^^^^^^^^^^^^^^^^^^^^^^^^^^^^^^^^^^^^^^^^^^^^^^^\n  File \"/usr/local/lib/python3.11/site-packages/selenium/webdriver/remote/webdriver.py\", line 346, in execute\n    self.error_handler.check_response(response)\n  File \"/usr/local/lib/python3.11/site-packages/selenium/webdriver/remote/errorhandler.py\", line 245, in check_response\n    raise exception_class(message, screen, stacktrace)\n","steps":[],"attachments":[],"parameters":[],"shouldDisplayMessage":true,"stepsCount":0,"attachmentsCount":0,"hasContent":true}],"attachments":[{"uid":"44a9e6b5d1808610","name":"Screenshot","source":"44a9e6b5d1808610.png","type":"image/png","size":39127},{"uid":"d36b3bcdc0b3c502","name":"HTML source","source":"d36b3bcdc0b3c502.html","type":"text/html","size":538}],"parameters":[],"shouldDisplayMessage":true,"stepsCount":1,"attachmentsCount":2,"hasContent":true},"afterStages":[{"name":"setup::0","time":{"start":1699491890349,"stop":1699491890349,"duration":0},"status":"passed","steps":[],"attachments":[],"parameters":[],"shouldDisplayMessage":false,"stepsCount":0,"attachmentsCount":0,"hasContent":false},{"name":"driver::0","time":{"start":1699491890350,"stop":1699491890408,"duration":58},"status":"passed","steps":[],"attachments":[],"parameters":[],"shouldDisplayMessage":false,"stepsCount":0,"attachmentsCount":0,"hasContent":false}],"labels":[{"name":"feature","value":"Footer functionality"},{"name":"epic","value":"Main Page"},{"name":"tag","value":"smoke_test"},{"name":"parentSuite","value":"tests"},{"name":"suite","value":"test_main_page"},{"name":"subSuite","value":"TestMainPage"},{"name":"host","value":"aacdb39c8480"},{"name":"thread","value":"1-MainThread"},{"name":"framework","value":"pytest"},{"name":"language","value":"cpython3"},{"name":"package","value":"tests.test_main_page"},{"name":"resultFormat","value":"allure2"}],"parameters":[{"name":"url","value":"'https://test2.stroyrem-nn.ru/'"}],"links":[],"hidden":false,"retry":false,"extra":{"severity":"normal","retries":[],"categories":[{"name":"Test defects","matchedStatuses":[],"flaky":false}],"history":{"statistic":{"failed":0,"broken":57,"skipped":0,"passed":35,"unknown":0,"total":92},"items":[{"uid":"f4ebb31d18cccb9a","reportUrl":"https://zaelcovsky.github.io/StroyremAutomation/134//#testresult/f4ebb31d18cccb9a","status":"broken","statusDetails":"selenium.common.exceptions.NoSuchElementException: Message: no such element: Unable to locate element: {\"method\":\"xpath\",\"selector\":\"(//a[@href='/articles'])[3]\"}\n  (Session info: headless chrome=119.0.6045.105); For documentation on this error, please visit: https://www.selenium.dev/documentation/webdriver/troubleshooting/errors#no-such-element-exception\nStacktrace:\n#0 0x55b9084765e3 <unknown>\n#1 0x55b9081390b7 <unknown>\n#2 0x55b908186f53 <unknown>\n#3 0x55b908187051 <unknown>\n#4 0x55b9081cc9c4 <unknown>\n#5 0x55b9081adf1d <unknown>\n#6 0x55b9081c9b3d <unknown>\n#7 0x55b9081adcc3 <unknown>\n#8 0x55b9081790e4 <unknown>\n#9 0x55b90817a0ae <unknown>\n#10 0x55b90843cce1 <unknown>\n#11 0x55b908440b7e <unknown>\n#12 0x55b90842a4b5 <unknown>\n#13 0x55b9084417d6 <unknown>\n#14 0x55b90840ddbf <unknown>\n#15 0x55b908464748 <unknown>\n#16 0x55b908464917 <unknown>\n#17 0x55b908475773 <unknown>\n#18 0x7f3834203044 <unknown>","time":{"start":1699405417558,"stop":1699405417578,"duration":20}},{"uid":"ab5534a5fc7aafa5","reportUrl":"https://zaelcovsky.github.io/StroyremAutomation/133//#testresult/ab5534a5fc7aafa5","status":"broken","statusDetails":"selenium.common.exceptions.NoSuchElementException: Message: no such element: Unable to locate element: {\"method\":\"xpath\",\"selector\":\"(//a[@href='/articles'])[3]\"}\n  (Session info: headless chrome=119.0.6045.105); For documentation on this error, please visit: https://www.selenium.dev/documentation/webdriver/troubleshooting/errors#no-such-element-exception\nStacktrace:\n#0 0x55c7ef9785e3 <unknown>\n#1 0x55c7ef63b0b7 <unknown>\n#2 0x55c7ef688f53 <unknown>\n#3 0x55c7ef689051 <unknown>\n#4 0x55c7ef6ce9c4 <unknown>\n#5 0x55c7ef6aff1d <unknown>\n#6 0x55c7ef6cbb3d <unknown>\n#7 0x55c7ef6afcc3 <unknown>\n#8 0x55c7ef67b0e4 <unknown>\n#9 0x55c7ef67c0ae <unknown>\n#10 0x55c7ef93ece1 <unknown>\n#11 0x55c7ef942b7e <unknown>\n#12 0x55c7ef92c4b5 <unknown>\n#13 0x55c7ef9437d6 <unknown>\n#14 0x55c7ef90fdbf <unknown>\n#15 0x55c7ef966748 <unknown>\n#16 0x55c7ef966917 <unknown>\n#17 0x55c7ef977773 <unknown>\n#18 0x7fdeeb36f044 <unknown>","time":{"start":1699319084850,"stop":1699319084868,"duration":18}},{"uid":"2a618ee613b6a72d","reportUrl":"https://zaelcovsky.github.io/StroyremAutomation/132//#testresult/2a618ee613b6a72d","status":"broken","statusDetails":"selenium.common.exceptions.NoSuchElementException: Message: no such element: Unable to locate element: {\"method\":\"xpath\",\"selector\":\"(//a[@href='/articles'])[3]\"}\n  (Session info: headless chrome=119.0.6045.105); For documentation on this error, please visit: https://www.selenium.dev/documentation/webdriver/troubleshooting/errors#no-such-element-exception\nStacktrace:\n#0 0x55a5ebfc25e3 <unknown>\n#1 0x55a5ebc850b7 <unknown>\n#2 0x55a5ebcd2f53 <unknown>\n#3 0x55a5ebcd3051 <unknown>\n#4 0x55a5ebd189c4 <unknown>\n#5 0x55a5ebcf9f1d <unknown>\n#6 0x55a5ebd15b3d <unknown>\n#7 0x55a5ebcf9cc3 <unknown>\n#8 0x55a5ebcc50e4 <unknown>\n#9 0x55a5ebcc60ae <unknown>\n#10 0x55a5ebf88ce1 <unknown>\n#11 0x55a5ebf8cb7e <unknown>\n#12 0x55a5ebf764b5 <unknown>\n#13 0x55a5ebf8d7d6 <unknown>\n#14 0x55a5ebf59dbf <unknown>\n#15 0x55a5ebfb0748 <unknown>\n#16 0x55a5ebfb0917 <unknown>\n#17 0x55a5ebfc1773 <unknown>\n#18 0x7f6047051044 <unknown>","time":{"start":1699232762727,"stop":1699232762750,"duration":23}},{"uid":"48ce0de330519a19","reportUrl":"https://zaelcovsky.github.io/StroyremAutomation/131//#testresult/48ce0de330519a19","status":"broken","statusDetails":"selenium.common.exceptions.NoSuchElementException: Message: no such element: Unable to locate element: {\"method\":\"xpath\",\"selector\":\"(//a[@href='/articles'])[3]\"}\n  (Session info: headless chrome=119.0.6045.105); For documentation on this error, please visit: https://www.selenium.dev/documentation/webdriver/troubleshooting/errors#no-such-element-exception\nStacktrace:\n#0 0x55d3e5a425e3 <unknown>\n#1 0x55d3e57050b7 <unknown>\n#2 0x55d3e5752f53 <unknown>\n#3 0x55d3e5753051 <unknown>\n#4 0x55d3e57989c4 <unknown>\n#5 0x55d3e5779f1d <unknown>\n#6 0x55d3e5795b3d <unknown>\n#7 0x55d3e5779cc3 <unknown>\n#8 0x55d3e57450e4 <unknown>\n#9 0x55d3e57460ae <unknown>\n#10 0x55d3e5a08ce1 <unknown>\n#11 0x55d3e5a0cb7e <unknown>\n#12 0x55d3e59f64b5 <unknown>\n#13 0x55d3e5a0d7d6 <unknown>\n#14 0x55d3e59d9dbf <unknown>\n#15 0x55d3e5a30748 <unknown>\n#16 0x55d3e5a30917 <unknown>\n#17 0x55d3e5a41773 <unknown>\n#18 0x7f29eaad9044 <unknown>","time":{"start":1699146471546,"stop":1699146471561,"duration":15}},{"uid":"d0f99d20c89e2578","reportUrl":"https://zaelcovsky.github.io/StroyremAutomation/130//#testresult/d0f99d20c89e2578","status":"broken","statusDetails":"selenium.common.exceptions.NoSuchElementException: Message: no such element: Unable to locate element: {\"method\":\"xpath\",\"selector\":\"(//a[@href='/articles'])[3]\"}\n  (Session info: headless chrome=119.0.6045.105); For documentation on this error, please visit: https://www.selenium.dev/documentation/webdriver/troubleshooting/errors#no-such-element-exception\nStacktrace:\n#0 0x55c867cef5e3 <unknown>\n#1 0x55c8679b20b7 <unknown>\n#2 0x55c8679fff53 <unknown>\n#3 0x55c867a00051 <unknown>\n#4 0x55c867a459c4 <unknown>\n#5 0x55c867a26f1d <unknown>\n#6 0x55c867a42b3d <unknown>\n#7 0x55c867a26cc3 <unknown>\n#8 0x55c8679f20e4 <unknown>\n#9 0x55c8679f30ae <unknown>\n#10 0x55c867cb5ce1 <unknown>\n#11 0x55c867cb9b7e <unknown>\n#12 0x55c867ca34b5 <unknown>\n#13 0x55c867cba7d6 <unknown>\n#14 0x55c867c86dbf <unknown>\n#15 0x55c867cdd748 <unknown>\n#16 0x55c867cdd917 <unknown>\n#17 0x55c867cee773 <unknown>\n#18 0x7f5c81411044 <unknown>","time":{"start":1699059770139,"stop":1699059770154,"duration":15}},{"uid":"7ffa57dcad5e9775","reportUrl":"https://zaelcovsky.github.io/StroyremAutomation/129//#testresult/7ffa57dcad5e9775","status":"broken","statusDetails":"selenium.common.exceptions.NoSuchElementException: Message: no such element: Unable to locate element: {\"method\":\"xpath\",\"selector\":\"(//a[@href='/articles'])[3]\"}\n  (Session info: headless chrome=119.0.6045.105); For documentation on this error, please visit: https://www.selenium.dev/documentation/webdriver/troubleshooting/errors#no-such-element-exception\nStacktrace:\n#0 0x555b3acd75e3 <unknown>\n#1 0x555b3a99a0b7 <unknown>\n#2 0x555b3a9e7f53 <unknown>\n#3 0x555b3a9e8051 <unknown>\n#4 0x555b3aa2d9c4 <unknown>\n#5 0x555b3aa0ef1d <unknown>\n#6 0x555b3aa2ab3d <unknown>\n#7 0x555b3aa0ecc3 <unknown>\n#8 0x555b3a9da0e4 <unknown>\n#9 0x555b3a9db0ae <unknown>\n#10 0x555b3ac9dce1 <unknown>\n#11 0x555b3aca1b7e <unknown>\n#12 0x555b3ac8b4b5 <unknown>\n#13 0x555b3aca27d6 <unknown>\n#14 0x555b3ac6edbf <unknown>\n#15 0x555b3acc5748 <unknown>\n#16 0x555b3acc5917 <unknown>\n#17 0x555b3acd6773 <unknown>\n#18 0x7f3a1a726044 <unknown>","time":{"start":1698973392157,"stop":1698973392174,"duration":17}},{"uid":"a8c60d774611d4b4","reportUrl":"https://zaelcovsky.github.io/StroyremAutomation/128//#testresult/a8c60d774611d4b4","status":"broken","statusDetails":"selenium.common.exceptions.NoSuchElementException: Message: no such element: Unable to locate element: {\"method\":\"xpath\",\"selector\":\"(//a[@href='/articles'])[3]\"}\n  (Session info: headless chrome=119.0.6045.105); For documentation on this error, please visit: https://www.selenium.dev/documentation/webdriver/troubleshooting/errors#no-such-element-exception\nStacktrace:\n#0 0x55e05f64b5e3 <unknown>\n#1 0x55e05f30e0b7 <unknown>\n#2 0x55e05f35bf53 <unknown>\n#3 0x55e05f35c051 <unknown>\n#4 0x55e05f3a19c4 <unknown>\n#5 0x55e05f382f1d <unknown>\n#6 0x55e05f39eb3d <unknown>\n#7 0x55e05f382cc3 <unknown>\n#8 0x55e05f34e0e4 <unknown>\n#9 0x55e05f34f0ae <unknown>\n#10 0x55e05f611ce1 <unknown>\n#11 0x55e05f615b7e <unknown>\n#12 0x55e05f5ff4b5 <unknown>\n#13 0x55e05f6167d6 <unknown>\n#14 0x55e05f5e2dbf <unknown>\n#15 0x55e05f639748 <unknown>\n#16 0x55e05f639917 <unknown>\n#17 0x55e05f64a773 <unknown>\n#18 0x7f5eb68dc044 <unknown>","time":{"start":1698886973738,"stop":1698886973751,"duration":13}},{"uid":"dc84c052915a59b0","reportUrl":"https://zaelcovsky.github.io/StroyremAutomation/127//#testresult/dc84c052915a59b0","status":"broken","statusDetails":"selenium.common.exceptions.NoSuchElementException: Message: no such element: Unable to locate element: {\"method\":\"xpath\",\"selector\":\"(//a[@href='/articles'])[3]\"}\n  (Session info: headless chrome=119.0.6045.105); For documentation on this error, please visit: https://www.selenium.dev/documentation/webdriver/troubleshooting/errors#no-such-element-exception\nStacktrace:\n#0 0x5590201e55e3 <unknown>\n#1 0x55901fea80b7 <unknown>\n#2 0x55901fef5f53 <unknown>\n#3 0x55901fef6051 <unknown>\n#4 0x55901ff3b9c4 <unknown>\n#5 0x55901ff1cf1d <unknown>\n#6 0x55901ff38b3d <unknown>\n#7 0x55901ff1ccc3 <unknown>\n#8 0x55901fee80e4 <unknown>\n#9 0x55901fee90ae <unknown>\n#10 0x5590201abce1 <unknown>\n#11 0x5590201afb7e <unknown>\n#12 0x5590201994b5 <unknown>\n#13 0x5590201b07d6 <unknown>\n#14 0x55902017cdbf <unknown>\n#15 0x5590201d3748 <unknown>\n#16 0x5590201d3917 <unknown>\n#17 0x5590201e4773 <unknown>\n#18 0x7fc6959c0044 <unknown>","time":{"start":1698800834097,"stop":1698800834116,"duration":19}},{"uid":"9721113ee72cdea7","reportUrl":"https://zaelcovsky.github.io/StroyremAutomation/126//#testresult/9721113ee72cdea7","status":"broken","statusDetails":"selenium.common.exceptions.NoSuchElementException: Message: no such element: Unable to locate element: {\"method\":\"xpath\",\"selector\":\"(//a[@href='/articles'])[3]\"}\n  (Session info: headless chrome=118.0.5993.70); For documentation on this error, please visit: https://www.selenium.dev/documentation/webdriver/troubleshooting/errors#no-such-element-exception\nStacktrace:\n#0 0x559cdb29afb3 <unknown>\n#1 0x559cdaf6e4a7 <unknown>\n#2 0x559cdafb5dd6 <unknown>\n#3 0x559cdafb5ec1 <unknown>\n#4 0x559cdaff3354 <unknown>\n#5 0x559cdafd796d <unknown>\n#6 0x559cdaff0c02 <unknown>\n#7 0x559cdafd7713 <unknown>\n#8 0x559cdafaa18b <unknown>\n#9 0x559cdafaaf7e <unknown>\n#10 0x559cdb2608d8 <unknown>\n#11 0x559cdb264800 <unknown>\n#12 0x559cdb26ecfc <unknown>\n#13 0x559cdb265418 <unknown>\n#14 0x559cdb23242f <unknown>\n#15 0x559cdb2894e8 <unknown>\n#16 0x559cdb2896b4 <unknown>\n#17 0x559cdb29a143 <unknown>\n#18 0x7f371bd2d044 <unknown>","time":{"start":1698714210936,"stop":1698714210954,"duration":18}},{"uid":"1924dde3b0818e3","reportUrl":"https://zaelcovsky.github.io/StroyremAutomation/125//#testresult/1924dde3b0818e3","status":"broken","statusDetails":"selenium.common.exceptions.NoSuchElementException: Message: no such element: Unable to locate element: {\"method\":\"xpath\",\"selector\":\"(//a[@href='/articles'])[3]\"}\n  (Session info: headless chrome=118.0.5993.70); For documentation on this error, please visit: https://www.selenium.dev/documentation/webdriver/troubleshooting/errors#no-such-element-exception\nStacktrace:\n#0 0x55b83bde1fb3 <unknown>\n#1 0x55b83bab54a7 <unknown>\n#2 0x55b83bafcdd6 <unknown>\n#3 0x55b83bafcec1 <unknown>\n#4 0x55b83bb3a354 <unknown>\n#5 0x55b83bb1e96d <unknown>\n#6 0x55b83bb37c02 <unknown>\n#7 0x55b83bb1e713 <unknown>\n#8 0x55b83baf118b <unknown>\n#9 0x55b83baf1f7e <unknown>\n#10 0x55b83bda78d8 <unknown>\n#11 0x55b83bdab800 <unknown>\n#12 0x55b83bdb5cfc <unknown>\n#13 0x55b83bdac418 <unknown>\n#14 0x55b83bd7942f <unknown>\n#15 0x55b83bdd04e8 <unknown>\n#16 0x55b83bdd06b4 <unknown>\n#17 0x55b83bde1143 <unknown>\n#18 0x7fa1543bf044 <unknown>","time":{"start":1698627787341,"stop":1698627787357,"duration":16}},{"uid":"98ed8ef7e48991f0","reportUrl":"https://zaelcovsky.github.io/StroyremAutomation/124//#testresult/98ed8ef7e48991f0","status":"broken","statusDetails":"selenium.common.exceptions.NoSuchElementException: Message: no such element: Unable to locate element: {\"method\":\"xpath\",\"selector\":\"(//a[@href='/articles'])[3]\"}\n  (Session info: headless chrome=118.0.5993.70); For documentation on this error, please visit: https://www.selenium.dev/documentation/webdriver/troubleshooting/errors#no-such-element-exception\nStacktrace:\n#0 0x55827db17fb3 <unknown>\n#1 0x55827d7eb4a7 <unknown>\n#2 0x55827d832dd6 <unknown>\n#3 0x55827d832ec1 <unknown>\n#4 0x55827d870354 <unknown>\n#5 0x55827d85496d <unknown>\n#6 0x55827d86dc02 <unknown>\n#7 0x55827d854713 <unknown>\n#8 0x55827d82718b <unknown>\n#9 0x55827d827f7e <unknown>\n#10 0x55827dadd8d8 <unknown>\n#11 0x55827dae1800 <unknown>\n#12 0x55827daebcfc <unknown>\n#13 0x55827dae2418 <unknown>\n#14 0x55827daaf42f <unknown>\n#15 0x55827db064e8 <unknown>\n#16 0x55827db066b4 <unknown>\n#17 0x55827db17143 <unknown>\n#18 0x7fb0e477e044 <unknown>","time":{"start":1698541572992,"stop":1698541573020,"duration":28}},{"uid":"3f3f2de7e3492fe8","reportUrl":"https://zaelcovsky.github.io/StroyremAutomation/123//#testresult/3f3f2de7e3492fe8","status":"broken","statusDetails":"selenium.common.exceptions.NoSuchElementException: Message: no such element: Unable to locate element: {\"method\":\"xpath\",\"selector\":\"(//a[@href='/articles'])[3]\"}\n  (Session info: headless chrome=118.0.5993.70); For documentation on this error, please visit: https://www.selenium.dev/documentation/webdriver/troubleshooting/errors#no-such-element-exception\nStacktrace:\n#0 0x55f79763efb3 <unknown>\n#1 0x55f7973124a7 <unknown>\n#2 0x55f797359dd6 <unknown>\n#3 0x55f797359ec1 <unknown>\n#4 0x55f797397354 <unknown>\n#5 0x55f79737b96d <unknown>\n#6 0x55f797394c02 <unknown>\n#7 0x55f79737b713 <unknown>\n#8 0x55f79734e18b <unknown>\n#9 0x55f79734ef7e <unknown>\n#10 0x55f7976048d8 <unknown>\n#11 0x55f797608800 <unknown>\n#12 0x55f797612cfc <unknown>\n#13 0x55f797609418 <unknown>\n#14 0x55f7975d642f <unknown>\n#15 0x55f79762d4e8 <unknown>\n#16 0x55f79762d6b4 <unknown>\n#17 0x55f79763e143 <unknown>\n#18 0x7f7ced76c044 <unknown>","time":{"start":1698454848478,"stop":1698454848495,"duration":17}},{"uid":"3be5b7931023c19a","reportUrl":"https://zaelcovsky.github.io/StroyremAutomation/122//#testresult/3be5b7931023c19a","status":"broken","statusDetails":"selenium.common.exceptions.NoSuchElementException: Message: no such element: Unable to locate element: {\"method\":\"xpath\",\"selector\":\"(//a[@href='/articles'])[3]\"}\n  (Session info: headless chrome=118.0.5993.70); For documentation on this error, please visit: https://www.selenium.dev/documentation/webdriver/troubleshooting/errors#no-such-element-exception\nStacktrace:\n#0 0x5624631d6fb3 <unknown>\n#1 0x562462eaa4a7 <unknown>\n#2 0x562462ef1dd6 <unknown>\n#3 0x562462ef1ec1 <unknown>\n#4 0x562462f2f354 <unknown>\n#5 0x562462f1396d <unknown>\n#6 0x562462f2cc02 <unknown>\n#7 0x562462f13713 <unknown>\n#8 0x562462ee618b <unknown>\n#9 0x562462ee6f7e <unknown>\n#10 0x56246319c8d8 <unknown>\n#11 0x5624631a0800 <unknown>\n#12 0x5624631aacfc <unknown>\n#13 0x5624631a1418 <unknown>\n#14 0x56246316e42f <unknown>\n#15 0x5624631c54e8 <unknown>\n#16 0x5624631c56b4 <unknown>\n#17 0x5624631d6143 <unknown>\n#18 0x7fa0d98d4044 <unknown>","time":{"start":1698368511431,"stop":1698368511448,"duration":17}},{"uid":"1e6332bc31dc9c76","reportUrl":"https://zaelcovsky.github.io/StroyremAutomation/121//#testresult/1e6332bc31dc9c76","status":"broken","statusDetails":"selenium.common.exceptions.NoSuchElementException: Message: no such element: Unable to locate element: {\"method\":\"xpath\",\"selector\":\"(//a[@href='/articles'])[3]\"}\n  (Session info: headless chrome=118.0.5993.70); For documentation on this error, please visit: https://www.selenium.dev/documentation/webdriver/troubleshooting/errors#no-such-element-exception\nStacktrace:\n#0 0x55fcc562dfb3 <unknown>\n#1 0x55fcc53014a7 <unknown>\n#2 0x55fcc5348dd6 <unknown>\n#3 0x55fcc5348ec1 <unknown>\n#4 0x55fcc5386354 <unknown>\n#5 0x55fcc536a96d <unknown>\n#6 0x55fcc5383c02 <unknown>\n#7 0x55fcc536a713 <unknown>\n#8 0x55fcc533d18b <unknown>\n#9 0x55fcc533df7e <unknown>\n#10 0x55fcc55f38d8 <unknown>\n#11 0x55fcc55f7800 <unknown>\n#12 0x55fcc5601cfc <unknown>\n#13 0x55fcc55f8418 <unknown>\n#14 0x55fcc55c542f <unknown>\n#15 0x55fcc561c4e8 <unknown>\n#16 0x55fcc561c6b4 <unknown>\n#17 0x55fcc562d143 <unknown>\n#18 0x7f07b31aa044 <unknown>","time":{"start":1698282116103,"stop":1698282116125,"duration":22}},{"uid":"c2bea829549ad0d3","reportUrl":"https://zaelcovsky.github.io/StroyremAutomation/120//#testresult/c2bea829549ad0d3","status":"broken","statusDetails":"selenium.common.exceptions.NoSuchElementException: Message: no such element: Unable to locate element: {\"method\":\"xpath\",\"selector\":\"(//a[@href='/articles'])[3]\"}\n  (Session info: headless chrome=118.0.5993.70); For documentation on this error, please visit: https://www.selenium.dev/documentation/webdriver/troubleshooting/errors#no-such-element-exception\nStacktrace:\n#0 0x5584544defb3 <unknown>\n#1 0x5584541b24a7 <unknown>\n#2 0x5584541f9dd6 <unknown>\n#3 0x5584541f9ec1 <unknown>\n#4 0x558454237354 <unknown>\n#5 0x55845421b96d <unknown>\n#6 0x558454234c02 <unknown>\n#7 0x55845421b713 <unknown>\n#8 0x5584541ee18b <unknown>\n#9 0x5584541eef7e <unknown>\n#10 0x5584544a48d8 <unknown>\n#11 0x5584544a8800 <unknown>\n#12 0x5584544b2cfc <unknown>\n#13 0x5584544a9418 <unknown>\n#14 0x55845447642f <unknown>\n#15 0x5584544cd4e8 <unknown>\n#16 0x5584544cd6b4 <unknown>\n#17 0x5584544de143 <unknown>\n#18 0x7f645b990044 <unknown>","time":{"start":1698195751659,"stop":1698195751674,"duration":15}},{"uid":"f4394546ff3f0c0f","reportUrl":"https://zaelcovsky.github.io/StroyremAutomation/119//#testresult/f4394546ff3f0c0f","status":"broken","statusDetails":"selenium.common.exceptions.NoSuchElementException: Message: no such element: Unable to locate element: {\"method\":\"xpath\",\"selector\":\"(//a[@href='/articles'])[3]\"}\n  (Session info: headless chrome=118.0.5993.70); For documentation on this error, please visit: https://www.selenium.dev/documentation/webdriver/troubleshooting/errors#no-such-element-exception\nStacktrace:\n#0 0x563e00810fb3 <unknown>\n#1 0x563e004e44a7 <unknown>\n#2 0x563e0052bdd6 <unknown>\n#3 0x563e0052bec1 <unknown>\n#4 0x563e00569354 <unknown>\n#5 0x563e0054d96d <unknown>\n#6 0x563e00566c02 <unknown>\n#7 0x563e0054d713 <unknown>\n#8 0x563e0052018b <unknown>\n#9 0x563e00520f7e <unknown>\n#10 0x563e007d68d8 <unknown>\n#11 0x563e007da800 <unknown>\n#12 0x563e007e4cfc <unknown>\n#13 0x563e007db418 <unknown>\n#14 0x563e007a842f <unknown>\n#15 0x563e007ff4e8 <unknown>\n#16 0x563e007ff6b4 <unknown>\n#17 0x563e00810143 <unknown>\n#18 0x7fa041a74044 <unknown>","time":{"start":1698109379053,"stop":1698109379072,"duration":19}},{"uid":"fb1b6a2a634edeac","reportUrl":"https://zaelcovsky.github.io/StroyremAutomation/118//#testresult/fb1b6a2a634edeac","status":"broken","statusDetails":"selenium.common.exceptions.NoSuchElementException: Message: no such element: Unable to locate element: {\"method\":\"xpath\",\"selector\":\"(//a[@href='/articles'])[3]\"}\n  (Session info: headless chrome=118.0.5993.70); For documentation on this error, please visit: https://www.selenium.dev/documentation/webdriver/troubleshooting/errors#no-such-element-exception\nStacktrace:\n#0 0x55bd42489fb3 <unknown>\n#1 0x55bd4215d4a7 <unknown>\n#2 0x55bd421a4dd6 <unknown>\n#3 0x55bd421a4ec1 <unknown>\n#4 0x55bd421e2354 <unknown>\n#5 0x55bd421c696d <unknown>\n#6 0x55bd421dfc02 <unknown>\n#7 0x55bd421c6713 <unknown>\n#8 0x55bd4219918b <unknown>\n#9 0x55bd42199f7e <unknown>\n#10 0x55bd4244f8d8 <unknown>\n#11 0x55bd42453800 <unknown>\n#12 0x55bd4245dcfc <unknown>\n#13 0x55bd42454418 <unknown>\n#14 0x55bd4242142f <unknown>\n#15 0x55bd424784e8 <unknown>\n#16 0x55bd424786b4 <unknown>\n#17 0x55bd42489143 <unknown>\n#18 0x7fab74db3044 <unknown>","time":{"start":1698022988285,"stop":1698022988301,"duration":16}},{"uid":"35f07a6933cc5077","reportUrl":"https://zaelcovsky.github.io/StroyremAutomation/117//#testresult/35f07a6933cc5077","status":"broken","statusDetails":"selenium.common.exceptions.NoSuchElementException: Message: no such element: Unable to locate element: {\"method\":\"xpath\",\"selector\":\"(//a[@href='/articles'])[3]\"}\n  (Session info: headless chrome=118.0.5993.70); For documentation on this error, please visit: https://www.selenium.dev/documentation/webdriver/troubleshooting/errors#no-such-element-exception\nStacktrace:\n#0 0x55e0b3a76fb3 <unknown>\n#1 0x55e0b374a4a7 <unknown>\n#2 0x55e0b3791dd6 <unknown>\n#3 0x55e0b3791ec1 <unknown>\n#4 0x55e0b37cf354 <unknown>\n#5 0x55e0b37b396d <unknown>\n#6 0x55e0b37ccc02 <unknown>\n#7 0x55e0b37b3713 <unknown>\n#8 0x55e0b378618b <unknown>\n#9 0x55e0b3786f7e <unknown>\n#10 0x55e0b3a3c8d8 <unknown>\n#11 0x55e0b3a40800 <unknown>\n#12 0x55e0b3a4acfc <unknown>\n#13 0x55e0b3a41418 <unknown>\n#14 0x55e0b3a0e42f <unknown>\n#15 0x55e0b3a654e8 <unknown>\n#16 0x55e0b3a656b4 <unknown>\n#17 0x55e0b3a76143 <unknown>\n#18 0x7f3b52ff8044 <unknown>","time":{"start":1697936803560,"stop":1697936803575,"duration":15}},{"uid":"d02c98e82dce5642","reportUrl":"https://zaelcovsky.github.io/StroyremAutomation/116//#testresult/d02c98e82dce5642","status":"broken","statusDetails":"selenium.common.exceptions.NoSuchElementException: Message: no such element: Unable to locate element: {\"method\":\"xpath\",\"selector\":\"(//a[@href='/articles'])[3]\"}\n  (Session info: headless chrome=118.0.5993.70); For documentation on this error, please visit: https://www.selenium.dev/documentation/webdriver/troubleshooting/errors#no-such-element-exception\nStacktrace:\n#0 0x5556b3b61fb3 <unknown>\n#1 0x5556b38354a7 <unknown>\n#2 0x5556b387cdd6 <unknown>\n#3 0x5556b387cec1 <unknown>\n#4 0x5556b38ba354 <unknown>\n#5 0x5556b389e96d <unknown>\n#6 0x5556b38b7c02 <unknown>\n#7 0x5556b389e713 <unknown>\n#8 0x5556b387118b <unknown>\n#9 0x5556b3871f7e <unknown>\n#10 0x5556b3b278d8 <unknown>\n#11 0x5556b3b2b800 <unknown>\n#12 0x5556b3b35cfc <unknown>\n#13 0x5556b3b2c418 <unknown>\n#14 0x5556b3af942f <unknown>\n#15 0x5556b3b504e8 <unknown>\n#16 0x5556b3b506b4 <unknown>\n#17 0x5556b3b61143 <unknown>\n#18 0x7fd906be0044 <unknown>","time":{"start":1697850069620,"stop":1697850069636,"duration":16}},{"uid":"df1407601885effc","reportUrl":"https://zaelcovsky.github.io/StroyremAutomation/115//#testresult/df1407601885effc","status":"broken","statusDetails":"selenium.common.exceptions.NoSuchElementException: Message: no such element: Unable to locate element: {\"method\":\"xpath\",\"selector\":\"(//a[@href='/articles'])[3]\"}\n  (Session info: headless chrome=118.0.5993.70); For documentation on this error, please visit: https://www.selenium.dev/documentation/webdriver/troubleshooting/errors#no-such-element-exception\nStacktrace:\n#0 0x558111130fb3 <unknown>\n#1 0x558110e044a7 <unknown>\n#2 0x558110e4bdd6 <unknown>\n#3 0x558110e4bec1 <unknown>\n#4 0x558110e89354 <unknown>\n#5 0x558110e6d96d <unknown>\n#6 0x558110e86c02 <unknown>\n#7 0x558110e6d713 <unknown>\n#8 0x558110e4018b <unknown>\n#9 0x558110e40f7e <unknown>\n#10 0x5581110f68d8 <unknown>\n#11 0x5581110fa800 <unknown>\n#12 0x558111104cfc <unknown>\n#13 0x5581110fb418 <unknown>\n#14 0x5581110c842f <unknown>\n#15 0x55811111f4e8 <unknown>\n#16 0x55811111f6b4 <unknown>\n#17 0x558111130143 <unknown>\n#18 0x7f627f926044 <unknown>","time":{"start":1697763790601,"stop":1697763790617,"duration":16}}]},"tags":["smoke_test"]},"source":"b490edb24989fde3.json","parameterValues":["'https://test2.stroyrem-nn.ru/'"]}