{"uid":"fa1002e21711a715","name":"TD 026 Доставка товара весом до 11000кг. в синей зоне","fullName":"tests.delivery.test_delivery_calculation.TestDeliveryPageCalculation#test_positive_delivery_blue_zone_smoke","historyId":"8627394da03f78c724b6bd3e4cd7677c","time":{"start":1699492303707,"stop":1699492307342,"duration":3635},"status":"skipped","statusMessage":"XFAIL\n\nselenium.common.exceptions.NoSuchElementException: Message: no such element: Unable to locate element: {\"method\":\"xpath\",\"selector\":\"//input[@class='amount']\"}\n  (Session info: headless chrome=119.0.6045.105); For documentation on this error, please visit: https://www.selenium.dev/documentation/webdriver/troubleshooting/errors#no-such-element-exception\nStacktrace:\n#0 0x55920b76e5e3 <unknown>\n#1 0x55920b4310b7 <unknown>\n#2 0x55920b47ef53 <unknown>\n#3 0x55920b47f051 <unknown>\n#4 0x55920b4c49c4 <unknown>\n#5 0x55920b4a5f1d <unknown>\n#6 0x55920b4c1b3d <unknown>\n#7 0x55920b4a5cc3 <unknown>\n#8 0x55920b4710e4 <unknown>\n#9 0x55920b4720ae <unknown>\n#10 0x55920b734ce1 <unknown>\n#11 0x55920b738b7e <unknown>\n#12 0x55920b7224b5 <unknown>\n#13 0x55920b7397d6 <unknown>\n#14 0x55920b705dbf <unknown>\n#15 0x55920b75c748 <unknown>\n#16 0x55920b75c917 <unknown>\n#17 0x55920b76d773 <unknown>\n#18 0x7f5102df1044 <unknown>","statusTrace":"self = <tests.delivery.test_delivery_calculation.TestDeliveryPageCalculation object at 0x7fcdd7598b10>\ndriver = <selenium.webdriver.chrome.webdriver.WebDriver (session=\"040bf75c5165beb4d90fce397d0521e7\")>\nurl = 'https://sandboxtest.stroyrem-nn.ru/', case_id = 'TD 026'\nlink_item = 'products/shtukaturka-gipsovaya-aksolit-m50-30-kg-mashinnogo-naneseniya'\namount = 366, weight = 11000, standard = 8000, in_time = 14900, all_time = 19900\n\n    @pytest.mark.parametrize('case_id, link_item, amount, weight, standard, in_time, all_time', [\n        (\"TD 015\", bundeks_25, 1, 30, 650, 2390, 3320),\n        pytest.param(\n            \"TD 016\", aksolit_30, 8, 300, 650, 2390, 3320,\n            marks=pytest.mark.xfail(reson=\"Цена доставки: - - -\")\n        ),\n        (\"TD 017\", aksolit_30, 13, 400, 650, 2390, 3320),\n        (\"TD 018\", aksolit_30, 16, 500, 850, 2490, 3320),\n        (\"TD 019\", aksolit_30, 25, 1700, 1150, 2490, 3320),\n        (\"TD 020\", aksolit_30, 66, 2000, 1500, 2990, 3650),\n        (\"TD 021\", aksolit_30, 149, 4500, 2600, 4380, 4890),\n        (\"TD 022\", aksolit_30, 166, 5000, 2800, 5490, 5980),\n        pytest.param(\n            \"TD 023\", aksolit_30, 206, 6200, 3300, 7500, 8000,\n            marks=pytest.mark.xfail(reson=\"Цена доставки: 4300 9900 11440\")\n        ),\n        (\"TD 024\", aksolit_30, 299, 9000, 4300, 9900, 11440),\n        (\"TD 025\", aksolit_30, 333, 10000, 7000, 13900, 15900),\n        pytest.param(\n            \"TD 026\", aksolit_30, 366, 11000, 8000, 14900, 19900,\n            marks=pytest.mark.xfail(reson=\"Цена доставки: 7000 13900 15900\")\n        ),\n        pytest.param(\n            \"TD 027\", aksolit_30, 666, 20000, 14000, 16900, 23900,\n            marks=pytest.mark.xfail(reson=\"Цена доставки: 7000 13900 15900\")\n        )\n    ])\n    @pytest.mark.smoke\n    def test_positive_delivery_blue_zone_smoke(\n            self, driver, url, case_id, link_item, amount, weight, standard, in_time, all_time\n    ):\n        allure.dynamic.title(f\"{case_id} Доставка товара весом до {weight}кг. в синей зоне\")\n    \n        driver.get(f'{url}{link_item}')\n        item_page = ItemPage(driver)\n>       item_page.add_item_to_cart(amount).click_on_cart()\n\ntests/delivery/test_delivery_calculation.py:130: \n_ _ _ _ _ _ _ _ _ _ _ _ _ _ _ _ _ _ _ _ _ _ _ _ _ _ _ _ _ _ _ _ _ _ _ _ _ _ _ _ \npages/item_page.py:41: in add_item_to_cart\n    amount_field = self.find_element(self._item_amount)\nbase/seleniumbase.py:17: in find_element\n    return self.driver.find_element(*locator)\n/usr/local/lib/python3.11/site-packages/selenium/webdriver/remote/webdriver.py:740: in find_element\n    return self.execute(Command.FIND_ELEMENT, {\"using\": by, \"value\": value})[\"value\"]\n/usr/local/lib/python3.11/site-packages/selenium/webdriver/remote/webdriver.py:346: in execute\n    self.error_handler.check_response(response)\n_ _ _ _ _ _ _ _ _ _ _ _ _ _ _ _ _ _ _ _ _ _ _ _ _ _ _ _ _ _ _ _ _ _ _ _ _ _ _ _ \n\nself = <selenium.webdriver.remote.errorhandler.ErrorHandler object at 0x7fcdd7460c50>\nresponse = {'status': 404, 'value': '{\"value\":{\"error\":\"no such element\",\"message\":\"no such element: Unable to locate element: {\\...\\\\n#16 0x55920b75c917 \\\\u003Cunknown>\\\\n#17 0x55920b76d773 \\\\u003Cunknown>\\\\n#18 0x7f5102df1044 \\\\u003Cunknown>\\\\n\"}}'}\n\n    def check_response(self, response: Dict[str, Any]) -> None:\n        \"\"\"Checks that a JSON response from the WebDriver does not have an\n        error.\n    \n        :Args:\n         - response - The JSON response from the WebDriver server as a dictionary\n           object.\n    \n        :Raises: If the response contains an error message.\n        \"\"\"\n        status = response.get(\"status\", None)\n        if not status or status == ErrorCode.SUCCESS:\n            return\n        value = None\n        message = response.get(\"message\", \"\")\n        screen: str = response.get(\"screen\", \"\")\n        stacktrace = None\n        if isinstance(status, int):\n            value_json = response.get(\"value\", None)\n            if value_json and isinstance(value_json, str):\n                import json\n    \n                try:\n                    value = json.loads(value_json)\n                    if len(value) == 1:\n                        value = value[\"value\"]\n                    status = value.get(\"error\", None)\n                    if not status:\n                        status = value.get(\"status\", ErrorCode.UNKNOWN_ERROR)\n                        message = value.get(\"value\") or value.get(\"message\")\n                        if not isinstance(message, str):\n                            value = message\n                            message = message.get(\"message\")\n                    else:\n                        message = value.get(\"message\", None)\n                except ValueError:\n                    pass\n    \n        exception_class: Type[WebDriverException]\n        if status in ErrorCode.NO_SUCH_ELEMENT:\n            exception_class = NoSuchElementException\n        elif status in ErrorCode.NO_SUCH_FRAME:\n            exception_class = NoSuchFrameException\n        elif status in ErrorCode.NO_SUCH_SHADOW_ROOT:\n            exception_class = NoSuchShadowRootException\n        elif status in ErrorCode.NO_SUCH_WINDOW:\n            exception_class = NoSuchWindowException\n        elif status in ErrorCode.STALE_ELEMENT_REFERENCE:\n            exception_class = StaleElementReferenceException\n        elif status in ErrorCode.ELEMENT_NOT_VISIBLE:\n            exception_class = ElementNotVisibleException\n        elif status in ErrorCode.INVALID_ELEMENT_STATE:\n            exception_class = InvalidElementStateException\n        elif (\n            status in ErrorCode.INVALID_SELECTOR\n            or status in ErrorCode.INVALID_XPATH_SELECTOR\n            or status in ErrorCode.INVALID_XPATH_SELECTOR_RETURN_TYPER\n        ):\n            exception_class = InvalidSelectorException\n        elif status in ErrorCode.ELEMENT_IS_NOT_SELECTABLE:\n            exception_class = ElementNotSelectableException\n        elif status in ErrorCode.ELEMENT_NOT_INTERACTABLE:\n            exception_class = ElementNotInteractableException\n        elif status in ErrorCode.INVALID_COOKIE_DOMAIN:\n            exception_class = InvalidCookieDomainException\n        elif status in ErrorCode.UNABLE_TO_SET_COOKIE:\n            exception_class = UnableToSetCookieException\n        elif status in ErrorCode.TIMEOUT:\n            exception_class = TimeoutException\n        elif status in ErrorCode.SCRIPT_TIMEOUT:\n            exception_class = TimeoutException\n        elif status in ErrorCode.UNKNOWN_ERROR:\n            exception_class = WebDriverException\n        elif status in ErrorCode.UNEXPECTED_ALERT_OPEN:\n            exception_class = UnexpectedAlertPresentException\n        elif status in ErrorCode.NO_ALERT_OPEN:\n            exception_class = NoAlertPresentException\n        elif status in ErrorCode.IME_NOT_AVAILABLE:\n            exception_class = ImeNotAvailableException\n        elif status in ErrorCode.IME_ENGINE_ACTIVATION_FAILED:\n            exception_class = ImeActivationFailedException\n        elif status in ErrorCode.MOVE_TARGET_OUT_OF_BOUNDS:\n            exception_class = MoveTargetOutOfBoundsException\n        elif status in ErrorCode.JAVASCRIPT_ERROR:\n            exception_class = JavascriptException\n        elif status in ErrorCode.SESSION_NOT_CREATED:\n            exception_class = SessionNotCreatedException\n        elif status in ErrorCode.INVALID_ARGUMENT:\n            exception_class = InvalidArgumentException\n        elif status in ErrorCode.NO_SUCH_COOKIE:\n            exception_class = NoSuchCookieException\n        elif status in ErrorCode.UNABLE_TO_CAPTURE_SCREEN:\n            exception_class = ScreenshotException\n        elif status in ErrorCode.ELEMENT_CLICK_INTERCEPTED:\n            exception_class = ElementClickInterceptedException\n        elif status in ErrorCode.INSECURE_CERTIFICATE:\n            exception_class = InsecureCertificateException\n        elif status in ErrorCode.INVALID_COORDINATES:\n            exception_class = InvalidCoordinatesException\n        elif status in ErrorCode.INVALID_SESSION_ID:\n            exception_class = InvalidSessionIdException\n        elif status in ErrorCode.UNKNOWN_METHOD:\n            exception_class = UnknownMethodException\n        else:\n            exception_class = WebDriverException\n        if not value:\n            value = response[\"value\"]\n        if isinstance(value, str):\n            raise exception_class(value)\n        if message == \"\" and \"message\" in value:\n            message = value[\"message\"]\n    \n        screen = None  # type: ignore[assignment]\n        if \"screen\" in value:\n            screen = value[\"screen\"]\n    \n        stacktrace = None\n        st_value = value.get(\"stackTrace\") or value.get(\"stacktrace\")\n        if st_value:\n            if isinstance(st_value, str):\n                stacktrace = st_value.split(\"\\n\")\n            else:\n                stacktrace = []\n                try:\n                    for frame in st_value:\n                        line = frame.get(\"lineNumber\", \"\")\n                        file = frame.get(\"fileName\", \"<anonymous>\")\n                        if line:\n                            file = f\"{file}:{line}\"\n                        meth = frame.get(\"methodName\", \"<anonymous>\")\n                        if \"className\" in frame:\n                            meth = f\"{frame['className']}.{meth}\"\n                        msg = \"    at %s (%s)\"\n                        msg = msg % (meth, file)\n                        stacktrace.append(msg)\n                except TypeError:\n                    pass\n        if exception_class == UnexpectedAlertPresentException:\n            alert_text = None\n            if \"data\" in value:\n                alert_text = value[\"data\"].get(\"text\")\n            elif \"alert\" in value:\n                alert_text = value[\"alert\"].get(\"text\")\n            raise exception_class(message, screen, stacktrace, alert_text)  # type: ignore[call-arg]  # mypy is not smart enough here\n>       raise exception_class(message, screen, stacktrace)\nE       selenium.common.exceptions.NoSuchElementException: Message: no such element: Unable to locate element: {\"method\":\"xpath\",\"selector\":\"//input[@class='amount']\"}\nE         (Session info: headless chrome=119.0.6045.105); For documentation on this error, please visit: https://www.selenium.dev/documentation/webdriver/troubleshooting/errors#no-such-element-exception\nE       Stacktrace:\nE       #0 0x55920b76e5e3 <unknown>\nE       #1 0x55920b4310b7 <unknown>\nE       #2 0x55920b47ef53 <unknown>\nE       #3 0x55920b47f051 <unknown>\nE       #4 0x55920b4c49c4 <unknown>\nE       #5 0x55920b4a5f1d <unknown>\nE       #6 0x55920b4c1b3d <unknown>\nE       #7 0x55920b4a5cc3 <unknown>\nE       #8 0x55920b4710e4 <unknown>\nE       #9 0x55920b4720ae <unknown>\nE       #10 0x55920b734ce1 <unknown>\nE       #11 0x55920b738b7e <unknown>\nE       #12 0x55920b7224b5 <unknown>\nE       #13 0x55920b7397d6 <unknown>\nE       #14 0x55920b705dbf <unknown>\nE       #15 0x55920b75c748 <unknown>\nE       #16 0x55920b75c917 <unknown>\nE       #17 0x55920b76d773 <unknown>\nE       #18 0x7f5102df1044 <unknown>\n\n/usr/local/lib/python3.11/site-packages/selenium/webdriver/remote/errorhandler.py:245: NoSuchElementException","flaky":false,"newFailed":false,"newBroken":false,"newPassed":false,"retriesCount":0,"retriesStatusChange":false,"beforeStages":[{"name":"_session_faker","time":{"start":1699491801125,"stop":1699491801223,"duration":98},"status":"passed","steps":[],"attachments":[],"parameters":[],"shouldDisplayMessage":false,"stepsCount":0,"attachmentsCount":0,"hasContent":false},{"name":"clear_allure_results_folder","time":{"start":1699491801223,"stop":1699491801224,"duration":1},"status":"passed","steps":[],"attachments":[],"parameters":[],"shouldDisplayMessage":false,"stepsCount":0,"attachmentsCount":0,"hasContent":false},{"name":"driver","time":{"start":1699492302877,"stop":1699492303705,"duration":828},"status":"passed","steps":[],"attachments":[],"parameters":[],"shouldDisplayMessage":false,"stepsCount":0,"attachmentsCount":0,"hasContent":false},{"name":"setup","time":{"start":1699492303705,"stop":1699492303705,"duration":0},"status":"passed","steps":[],"attachments":[],"parameters":[],"shouldDisplayMessage":false,"stepsCount":0,"attachmentsCount":0,"hasContent":false}],"testStage":{"status":"skipped","statusMessage":"XFAIL\n\nselenium.common.exceptions.NoSuchElementException: Message: no such element: Unable to locate element: {\"method\":\"xpath\",\"selector\":\"//input[@class='amount']\"}\n  (Session info: headless chrome=119.0.6045.105); For documentation on this error, please visit: https://www.selenium.dev/documentation/webdriver/troubleshooting/errors#no-such-element-exception\nStacktrace:\n#0 0x55920b76e5e3 <unknown>\n#1 0x55920b4310b7 <unknown>\n#2 0x55920b47ef53 <unknown>\n#3 0x55920b47f051 <unknown>\n#4 0x55920b4c49c4 <unknown>\n#5 0x55920b4a5f1d <unknown>\n#6 0x55920b4c1b3d <unknown>\n#7 0x55920b4a5cc3 <unknown>\n#8 0x55920b4710e4 <unknown>\n#9 0x55920b4720ae <unknown>\n#10 0x55920b734ce1 <unknown>\n#11 0x55920b738b7e <unknown>\n#12 0x55920b7224b5 <unknown>\n#13 0x55920b7397d6 <unknown>\n#14 0x55920b705dbf <unknown>\n#15 0x55920b75c748 <unknown>\n#16 0x55920b75c917 <unknown>\n#17 0x55920b76d773 <unknown>\n#18 0x7f5102df1044 <unknown>","statusTrace":"self = <tests.delivery.test_delivery_calculation.TestDeliveryPageCalculation object at 0x7fcdd7598b10>\ndriver = <selenium.webdriver.chrome.webdriver.WebDriver (session=\"040bf75c5165beb4d90fce397d0521e7\")>\nurl = 'https://sandboxtest.stroyrem-nn.ru/', case_id = 'TD 026'\nlink_item = 'products/shtukaturka-gipsovaya-aksolit-m50-30-kg-mashinnogo-naneseniya'\namount = 366, weight = 11000, standard = 8000, in_time = 14900, all_time = 19900\n\n    @pytest.mark.parametrize('case_id, link_item, amount, weight, standard, in_time, all_time', [\n        (\"TD 015\", bundeks_25, 1, 30, 650, 2390, 3320),\n        pytest.param(\n            \"TD 016\", aksolit_30, 8, 300, 650, 2390, 3320,\n            marks=pytest.mark.xfail(reson=\"Цена доставки: - - -\")\n        ),\n        (\"TD 017\", aksolit_30, 13, 400, 650, 2390, 3320),\n        (\"TD 018\", aksolit_30, 16, 500, 850, 2490, 3320),\n        (\"TD 019\", aksolit_30, 25, 1700, 1150, 2490, 3320),\n        (\"TD 020\", aksolit_30, 66, 2000, 1500, 2990, 3650),\n        (\"TD 021\", aksolit_30, 149, 4500, 2600, 4380, 4890),\n        (\"TD 022\", aksolit_30, 166, 5000, 2800, 5490, 5980),\n        pytest.param(\n            \"TD 023\", aksolit_30, 206, 6200, 3300, 7500, 8000,\n            marks=pytest.mark.xfail(reson=\"Цена доставки: 4300 9900 11440\")\n        ),\n        (\"TD 024\", aksolit_30, 299, 9000, 4300, 9900, 11440),\n        (\"TD 025\", aksolit_30, 333, 10000, 7000, 13900, 15900),\n        pytest.param(\n            \"TD 026\", aksolit_30, 366, 11000, 8000, 14900, 19900,\n            marks=pytest.mark.xfail(reson=\"Цена доставки: 7000 13900 15900\")\n        ),\n        pytest.param(\n            \"TD 027\", aksolit_30, 666, 20000, 14000, 16900, 23900,\n            marks=pytest.mark.xfail(reson=\"Цена доставки: 7000 13900 15900\")\n        )\n    ])\n    @pytest.mark.smoke\n    def test_positive_delivery_blue_zone_smoke(\n            self, driver, url, case_id, link_item, amount, weight, standard, in_time, all_time\n    ):\n        allure.dynamic.title(f\"{case_id} Доставка товара весом до {weight}кг. в синей зоне\")\n    \n        driver.get(f'{url}{link_item}')\n        item_page = ItemPage(driver)\n>       item_page.add_item_to_cart(amount).click_on_cart()\n\ntests/delivery/test_delivery_calculation.py:130: \n_ _ _ _ _ _ _ _ _ _ _ _ _ _ _ _ _ _ _ _ _ _ _ _ _ _ _ _ _ _ _ _ _ _ _ _ _ _ _ _ \npages/item_page.py:41: in add_item_to_cart\n    amount_field = self.find_element(self._item_amount)\nbase/seleniumbase.py:17: in find_element\n    return self.driver.find_element(*locator)\n/usr/local/lib/python3.11/site-packages/selenium/webdriver/remote/webdriver.py:740: in find_element\n    return self.execute(Command.FIND_ELEMENT, {\"using\": by, \"value\": value})[\"value\"]\n/usr/local/lib/python3.11/site-packages/selenium/webdriver/remote/webdriver.py:346: in execute\n    self.error_handler.check_response(response)\n_ _ _ _ _ _ _ _ _ _ _ _ _ _ _ _ _ _ _ _ _ _ _ _ _ _ _ _ _ _ _ _ _ _ _ _ _ _ _ _ \n\nself = <selenium.webdriver.remote.errorhandler.ErrorHandler object at 0x7fcdd7460c50>\nresponse = {'status': 404, 'value': '{\"value\":{\"error\":\"no such element\",\"message\":\"no such element: Unable to locate element: {\\...\\\\n#16 0x55920b75c917 \\\\u003Cunknown>\\\\n#17 0x55920b76d773 \\\\u003Cunknown>\\\\n#18 0x7f5102df1044 \\\\u003Cunknown>\\\\n\"}}'}\n\n    def check_response(self, response: Dict[str, Any]) -> None:\n        \"\"\"Checks that a JSON response from the WebDriver does not have an\n        error.\n    \n        :Args:\n         - response - The JSON response from the WebDriver server as a dictionary\n           object.\n    \n        :Raises: If the response contains an error message.\n        \"\"\"\n        status = response.get(\"status\", None)\n        if not status or status == ErrorCode.SUCCESS:\n            return\n        value = None\n        message = response.get(\"message\", \"\")\n        screen: str = response.get(\"screen\", \"\")\n        stacktrace = None\n        if isinstance(status, int):\n            value_json = response.get(\"value\", None)\n            if value_json and isinstance(value_json, str):\n                import json\n    \n                try:\n                    value = json.loads(value_json)\n                    if len(value) == 1:\n                        value = value[\"value\"]\n                    status = value.get(\"error\", None)\n                    if not status:\n                        status = value.get(\"status\", ErrorCode.UNKNOWN_ERROR)\n                        message = value.get(\"value\") or value.get(\"message\")\n                        if not isinstance(message, str):\n                            value = message\n                            message = message.get(\"message\")\n                    else:\n                        message = value.get(\"message\", None)\n                except ValueError:\n                    pass\n    \n        exception_class: Type[WebDriverException]\n        if status in ErrorCode.NO_SUCH_ELEMENT:\n            exception_class = NoSuchElementException\n        elif status in ErrorCode.NO_SUCH_FRAME:\n            exception_class = NoSuchFrameException\n        elif status in ErrorCode.NO_SUCH_SHADOW_ROOT:\n            exception_class = NoSuchShadowRootException\n        elif status in ErrorCode.NO_SUCH_WINDOW:\n            exception_class = NoSuchWindowException\n        elif status in ErrorCode.STALE_ELEMENT_REFERENCE:\n            exception_class = StaleElementReferenceException\n        elif status in ErrorCode.ELEMENT_NOT_VISIBLE:\n            exception_class = ElementNotVisibleException\n        elif status in ErrorCode.INVALID_ELEMENT_STATE:\n            exception_class = InvalidElementStateException\n        elif (\n            status in ErrorCode.INVALID_SELECTOR\n            or status in ErrorCode.INVALID_XPATH_SELECTOR\n            or status in ErrorCode.INVALID_XPATH_SELECTOR_RETURN_TYPER\n        ):\n            exception_class = InvalidSelectorException\n        elif status in ErrorCode.ELEMENT_IS_NOT_SELECTABLE:\n            exception_class = ElementNotSelectableException\n        elif status in ErrorCode.ELEMENT_NOT_INTERACTABLE:\n            exception_class = ElementNotInteractableException\n        elif status in ErrorCode.INVALID_COOKIE_DOMAIN:\n            exception_class = InvalidCookieDomainException\n        elif status in ErrorCode.UNABLE_TO_SET_COOKIE:\n            exception_class = UnableToSetCookieException\n        elif status in ErrorCode.TIMEOUT:\n            exception_class = TimeoutException\n        elif status in ErrorCode.SCRIPT_TIMEOUT:\n            exception_class = TimeoutException\n        elif status in ErrorCode.UNKNOWN_ERROR:\n            exception_class = WebDriverException\n        elif status in ErrorCode.UNEXPECTED_ALERT_OPEN:\n            exception_class = UnexpectedAlertPresentException\n        elif status in ErrorCode.NO_ALERT_OPEN:\n            exception_class = NoAlertPresentException\n        elif status in ErrorCode.IME_NOT_AVAILABLE:\n            exception_class = ImeNotAvailableException\n        elif status in ErrorCode.IME_ENGINE_ACTIVATION_FAILED:\n            exception_class = ImeActivationFailedException\n        elif status in ErrorCode.MOVE_TARGET_OUT_OF_BOUNDS:\n            exception_class = MoveTargetOutOfBoundsException\n        elif status in ErrorCode.JAVASCRIPT_ERROR:\n            exception_class = JavascriptException\n        elif status in ErrorCode.SESSION_NOT_CREATED:\n            exception_class = SessionNotCreatedException\n        elif status in ErrorCode.INVALID_ARGUMENT:\n            exception_class = InvalidArgumentException\n        elif status in ErrorCode.NO_SUCH_COOKIE:\n            exception_class = NoSuchCookieException\n        elif status in ErrorCode.UNABLE_TO_CAPTURE_SCREEN:\n            exception_class = ScreenshotException\n        elif status in ErrorCode.ELEMENT_CLICK_INTERCEPTED:\n            exception_class = ElementClickInterceptedException\n        elif status in ErrorCode.INSECURE_CERTIFICATE:\n            exception_class = InsecureCertificateException\n        elif status in ErrorCode.INVALID_COORDINATES:\n            exception_class = InvalidCoordinatesException\n        elif status in ErrorCode.INVALID_SESSION_ID:\n            exception_class = InvalidSessionIdException\n        elif status in ErrorCode.UNKNOWN_METHOD:\n            exception_class = UnknownMethodException\n        else:\n            exception_class = WebDriverException\n        if not value:\n            value = response[\"value\"]\n        if isinstance(value, str):\n            raise exception_class(value)\n        if message == \"\" and \"message\" in value:\n            message = value[\"message\"]\n    \n        screen = None  # type: ignore[assignment]\n        if \"screen\" in value:\n            screen = value[\"screen\"]\n    \n        stacktrace = None\n        st_value = value.get(\"stackTrace\") or value.get(\"stacktrace\")\n        if st_value:\n            if isinstance(st_value, str):\n                stacktrace = st_value.split(\"\\n\")\n            else:\n                stacktrace = []\n                try:\n                    for frame in st_value:\n                        line = frame.get(\"lineNumber\", \"\")\n                        file = frame.get(\"fileName\", \"<anonymous>\")\n                        if line:\n                            file = f\"{file}:{line}\"\n                        meth = frame.get(\"methodName\", \"<anonymous>\")\n                        if \"className\" in frame:\n                            meth = f\"{frame['className']}.{meth}\"\n                        msg = \"    at %s (%s)\"\n                        msg = msg % (meth, file)\n                        stacktrace.append(msg)\n                except TypeError:\n                    pass\n        if exception_class == UnexpectedAlertPresentException:\n            alert_text = None\n            if \"data\" in value:\n                alert_text = value[\"data\"].get(\"text\")\n            elif \"alert\" in value:\n                alert_text = value[\"alert\"].get(\"text\")\n            raise exception_class(message, screen, stacktrace, alert_text)  # type: ignore[call-arg]  # mypy is not smart enough here\n>       raise exception_class(message, screen, stacktrace)\nE       selenium.common.exceptions.NoSuchElementException: Message: no such element: Unable to locate element: {\"method\":\"xpath\",\"selector\":\"//input[@class='amount']\"}\nE         (Session info: headless chrome=119.0.6045.105); For documentation on this error, please visit: https://www.selenium.dev/documentation/webdriver/troubleshooting/errors#no-such-element-exception\nE       Stacktrace:\nE       #0 0x55920b76e5e3 <unknown>\nE       #1 0x55920b4310b7 <unknown>\nE       #2 0x55920b47ef53 <unknown>\nE       #3 0x55920b47f051 <unknown>\nE       #4 0x55920b4c49c4 <unknown>\nE       #5 0x55920b4a5f1d <unknown>\nE       #6 0x55920b4c1b3d <unknown>\nE       #7 0x55920b4a5cc3 <unknown>\nE       #8 0x55920b4710e4 <unknown>\nE       #9 0x55920b4720ae <unknown>\nE       #10 0x55920b734ce1 <unknown>\nE       #11 0x55920b738b7e <unknown>\nE       #12 0x55920b7224b5 <unknown>\nE       #13 0x55920b7397d6 <unknown>\nE       #14 0x55920b705dbf <unknown>\nE       #15 0x55920b75c748 <unknown>\nE       #16 0x55920b75c917 <unknown>\nE       #17 0x55920b76d773 <unknown>\nE       #18 0x7f5102df1044 <unknown>\n\n/usr/local/lib/python3.11/site-packages/selenium/webdriver/remote/errorhandler.py:245: NoSuchElementException","steps":[{"name":"Добавляем товар в корзину в количестве 366","time":{"start":1699492307241,"stop":1699492307341,"duration":100},"status":"broken","statusMessage":"selenium.common.exceptions.NoSuchElementException: Message: no such element: Unable to locate element: {\"method\":\"xpath\",\"selector\":\"//input[@class='amount']\"}\n  (Session info: headless chrome=119.0.6045.105); For documentation on this error, please visit: https://www.selenium.dev/documentation/webdriver/troubleshooting/errors#no-such-element-exception\nStacktrace:\n#0 0x55920b76e5e3 <unknown>\n#1 0x55920b4310b7 <unknown>\n#2 0x55920b47ef53 <unknown>\n#3 0x55920b47f051 <unknown>\n#4 0x55920b4c49c4 <unknown>\n#5 0x55920b4a5f1d <unknown>\n#6 0x55920b4c1b3d <unknown>\n#7 0x55920b4a5cc3 <unknown>\n#8 0x55920b4710e4 <unknown>\n#9 0x55920b4720ae <unknown>\n#10 0x55920b734ce1 <unknown>\n#11 0x55920b738b7e <unknown>\n#12 0x55920b7224b5 <unknown>\n#13 0x55920b7397d6 <unknown>\n#14 0x55920b705dbf <unknown>\n#15 0x55920b75c748 <unknown>\n#16 0x55920b75c917 <unknown>\n#17 0x55920b76d773 <unknown>\n#18 0x7f5102df1044 <unknown>\n\n","statusTrace":"  File \"/usr/local/lib/python3.11/site-packages/allure_commons/_allure.py\", line 192, in impl\n    return func(*a, **kw)\n           ^^^^^^^^^^^^^^\n  File \"/app/pages/item_page.py\", line 41, in add_item_to_cart\n    amount_field = self.find_element(self._item_amount)\n                   ^^^^^^^^^^^^^^^^^^^^^^^^^^^^^^^^^^^^\n  File \"/app/base/seleniumbase.py\", line 17, in find_element\n    return self.driver.find_element(*locator)\n           ^^^^^^^^^^^^^^^^^^^^^^^^^^^^^^^^^^\n  File \"/usr/local/lib/python3.11/site-packages/selenium/webdriver/remote/webdriver.py\", line 740, in find_element\n    return self.execute(Command.FIND_ELEMENT, {\"using\": by, \"value\": value})[\"value\"]\n           ^^^^^^^^^^^^^^^^^^^^^^^^^^^^^^^^^^^^^^^^^^^^^^^^^^^^^^^^^^^^^^^^^\n  File \"/usr/local/lib/python3.11/site-packages/selenium/webdriver/remote/webdriver.py\", line 346, in execute\n    self.error_handler.check_response(response)\n  File \"/usr/local/lib/python3.11/site-packages/selenium/webdriver/remote/errorhandler.py\", line 245, in check_response\n    raise exception_class(message, screen, stacktrace)\n","steps":[],"attachments":[],"parameters":[{"name":"amount","value":"366"}],"shouldDisplayMessage":true,"stepsCount":0,"attachmentsCount":0,"hasContent":true}],"attachments":[{"uid":"e77631a56fa838a7","name":"Screenshot","source":"e77631a56fa838a7.png","type":"image/png","size":115178}],"parameters":[],"shouldDisplayMessage":true,"stepsCount":1,"attachmentsCount":1,"hasContent":true},"afterStages":[{"name":"setup::0","time":{"start":1699492307567,"stop":1699492307567,"duration":0},"status":"passed","steps":[],"attachments":[],"parameters":[],"shouldDisplayMessage":false,"stepsCount":0,"attachmentsCount":0,"hasContent":false},{"name":"driver::0","time":{"start":1699492307567,"stop":1699492307627,"duration":60},"status":"passed","steps":[],"attachments":[],"parameters":[],"shouldDisplayMessage":false,"stepsCount":0,"attachmentsCount":0,"hasContent":false}],"labels":[{"name":"epic","value":"Delivery Page - calculation"},{"name":"tag","value":"smoke"},{"name":"tag","value":"@pytest.mark.xfail(reson='Цена доставки: 7000 13900 15900')"},{"name":"parentSuite","value":"tests.delivery"},{"name":"suite","value":"test_delivery_calculation"},{"name":"subSuite","value":"TestDeliveryPageCalculation"},{"name":"host","value":"aacdb39c8480"},{"name":"thread","value":"1-MainThread"},{"name":"framework","value":"pytest"},{"name":"language","value":"cpython3"},{"name":"package","value":"tests.delivery.test_delivery_calculation"},{"name":"resultFormat","value":"allure2"}],"parameters":[{"name":"all_time","value":"19900"},{"name":"amount","value":"366"},{"name":"case_id","value":"'TD 026'"},{"name":"in_time","value":"14900"},{"name":"link_item","value":"'products/shtukaturka-gipsovaya-aksolit-m50-30-kg-mashinnogo-naneseniya'"},{"name":"standard","value":"8000"},{"name":"url","value":"'https://sandboxtest.stroyrem-nn.ru/'"},{"name":"weight","value":"11000"}],"links":[],"hidden":false,"retry":false,"extra":{"severity":"normal","retries":[],"categories":[],"history":{"statistic":{"failed":0,"broken":0,"skipped":71,"passed":0,"unknown":0,"total":71},"items":[{"uid":"5f0c32c5205ee3a0","reportUrl":"https://zaelcovsky.github.io/StroyremAutomation/134//#testresult/5f0c32c5205ee3a0","status":"skipped","statusDetails":"XFAIL\n\nselenium.common.exceptions.NoSuchElementException: Message: no such element: Unable to locate element: {\"method\":\"xpath\",\"selector\":\"//input[@class='amount']\"}\n  (Session info: headless chrome=119.0.6045.105); For documentation on this error, please visit: https://www.selenium.dev/documentation/webdriver/troubleshooting/errors#no-such-element-exception\nStacktrace:\n#0 0x55e33b6785e3 <unknown>\n#1 0x55e33b33b0b7 <unknown>\n#2 0x55e33b388f53 <unknown>\n#3 0x55e33b389051 <unknown>\n#4 0x55e33b3ce9c4 <unknown>\n#5 0x55e33b3aff1d <unknown>\n#6 0x55e33b3cbb3d <unknown>\n#7 0x55e33b3afcc3 <unknown>\n#8 0x55e33b37b0e4 <unknown>\n#9 0x55e33b37c0ae <unknown>\n#10 0x55e33b63ece1 <unknown>\n#11 0x55e33b642b7e <unknown>\n#12 0x55e33b62c4b5 <unknown>\n#13 0x55e33b6437d6 <unknown>\n#14 0x55e33b60fdbf <unknown>\n#15 0x55e33b666748 <unknown>\n#16 0x55e33b666917 <unknown>\n#17 0x55e33b677773 <unknown>\n#18 0x7f8626ee5044 <unknown>","time":{"start":1699405833539,"stop":1699405837048,"duration":3509}},{"uid":"653970c3205ec064","reportUrl":"https://zaelcovsky.github.io/StroyremAutomation/133//#testresult/653970c3205ec064","status":"skipped","statusDetails":"XFAIL\n\nselenium.common.exceptions.NoSuchElementException: Message: no such element: Unable to locate element: {\"method\":\"xpath\",\"selector\":\"//input[@class='amount']\"}\n  (Session info: headless chrome=119.0.6045.105); For documentation on this error, please visit: https://www.selenium.dev/documentation/webdriver/troubleshooting/errors#no-such-element-exception\nStacktrace:\n#0 0x557e0e0825e3 <unknown>\n#1 0x557e0dd450b7 <unknown>\n#2 0x557e0dd92f53 <unknown>\n#3 0x557e0dd93051 <unknown>\n#4 0x557e0ddd89c4 <unknown>\n#5 0x557e0ddb9f1d <unknown>\n#6 0x557e0ddd5b3d <unknown>\n#7 0x557e0ddb9cc3 <unknown>\n#8 0x557e0dd850e4 <unknown>\n#9 0x557e0dd860ae <unknown>\n#10 0x557e0e048ce1 <unknown>\n#11 0x557e0e04cb7e <unknown>\n#12 0x557e0e0364b5 <unknown>\n#13 0x557e0e04d7d6 <unknown>\n#14 0x557e0e019dbf <unknown>\n#15 0x557e0e070748 <unknown>\n#16 0x557e0e070917 <unknown>\n#17 0x557e0e081773 <unknown>\n#18 0x7fcf16d3c044 <unknown>","time":{"start":1699319545000,"stop":1699319548913,"duration":3913}},{"uid":"166cdf6e5a54fe59","reportUrl":"https://zaelcovsky.github.io/StroyremAutomation/132//#testresult/166cdf6e5a54fe59","status":"skipped","statusDetails":"XFAIL\n\nselenium.common.exceptions.NoSuchElementException: Message: no such element: Unable to locate element: {\"method\":\"xpath\",\"selector\":\"//input[@class='amount']\"}\n  (Session info: headless chrome=119.0.6045.105); For documentation on this error, please visit: https://www.selenium.dev/documentation/webdriver/troubleshooting/errors#no-such-element-exception\nStacktrace:\n#0 0x55abbdc565e3 <unknown>\n#1 0x55abbd9190b7 <unknown>\n#2 0x55abbd966f53 <unknown>\n#3 0x55abbd967051 <unknown>\n#4 0x55abbd9ac9c4 <unknown>\n#5 0x55abbd98df1d <unknown>\n#6 0x55abbd9a9b3d <unknown>\n#7 0x55abbd98dcc3 <unknown>\n#8 0x55abbd9590e4 <unknown>\n#9 0x55abbd95a0ae <unknown>\n#10 0x55abbdc1cce1 <unknown>\n#11 0x55abbdc20b7e <unknown>\n#12 0x55abbdc0a4b5 <unknown>\n#13 0x55abbdc217d6 <unknown>\n#14 0x55abbdbeddbf <unknown>\n#15 0x55abbdc44748 <unknown>\n#16 0x55abbdc44917 <unknown>\n#17 0x55abbdc55773 <unknown>\n#18 0x7fca7fa75044 <unknown>","time":{"start":1699233190290,"stop":1699233194248,"duration":3958}},{"uid":"6926434b83b0b945","reportUrl":"https://zaelcovsky.github.io/StroyremAutomation/131//#testresult/6926434b83b0b945","status":"skipped","statusDetails":"XFAIL\n\nselenium.common.exceptions.NoSuchElementException: Message: no such element: Unable to locate element: {\"method\":\"xpath\",\"selector\":\"//input[@class='amount']\"}\n  (Session info: headless chrome=119.0.6045.105); For documentation on this error, please visit: https://www.selenium.dev/documentation/webdriver/troubleshooting/errors#no-such-element-exception\nStacktrace:\n#0 0x55be623435e3 <unknown>\n#1 0x55be620060b7 <unknown>\n#2 0x55be62053f53 <unknown>\n#3 0x55be62054051 <unknown>\n#4 0x55be620999c4 <unknown>\n#5 0x55be6207af1d <unknown>\n#6 0x55be62096b3d <unknown>\n#7 0x55be6207acc3 <unknown>\n#8 0x55be620460e4 <unknown>\n#9 0x55be620470ae <unknown>\n#10 0x55be62309ce1 <unknown>\n#11 0x55be6230db7e <unknown>\n#12 0x55be622f74b5 <unknown>\n#13 0x55be6230e7d6 <unknown>\n#14 0x55be622dadbf <unknown>\n#15 0x55be62331748 <unknown>\n#16 0x55be62331917 <unknown>\n#17 0x55be62342773 <unknown>\n#18 0x7fcd6f701044 <unknown>","time":{"start":1699146966854,"stop":1699146972563,"duration":5709}},{"uid":"b24940f6effe386c","reportUrl":"https://zaelcovsky.github.io/StroyremAutomation/130//#testresult/b24940f6effe386c","status":"skipped","statusDetails":"XFAIL\n\nselenium.common.exceptions.NoSuchElementException: Message: no such element: Unable to locate element: {\"method\":\"xpath\",\"selector\":\"//input[@class='amount']\"}\n  (Session info: headless chrome=119.0.6045.105); For documentation on this error, please visit: https://www.selenium.dev/documentation/webdriver/troubleshooting/errors#no-such-element-exception\nStacktrace:\n#0 0x559a679d75e3 <unknown>\n#1 0x559a6769a0b7 <unknown>\n#2 0x559a676e7f53 <unknown>\n#3 0x559a676e8051 <unknown>\n#4 0x559a6772d9c4 <unknown>\n#5 0x559a6770ef1d <unknown>\n#6 0x559a6772ab3d <unknown>\n#7 0x559a6770ecc3 <unknown>\n#8 0x559a676da0e4 <unknown>\n#9 0x559a676db0ae <unknown>\n#10 0x559a6799dce1 <unknown>\n#11 0x559a679a1b7e <unknown>\n#12 0x559a6798b4b5 <unknown>\n#13 0x559a679a27d6 <unknown>\n#14 0x559a6796edbf <unknown>\n#15 0x559a679c5748 <unknown>\n#16 0x559a679c5917 <unknown>\n#17 0x559a679d6773 <unknown>\n#18 0x7f90a3933044 <unknown>","time":{"start":1699060249335,"stop":1699060253905,"duration":4570}},{"uid":"bdbe8965d05577aa","reportUrl":"https://zaelcovsky.github.io/StroyremAutomation/129//#testresult/bdbe8965d05577aa","status":"skipped","statusDetails":"XFAIL\n\nselenium.common.exceptions.NoSuchElementException: Message: no such element: Unable to locate element: {\"method\":\"xpath\",\"selector\":\"//input[@class='amount']\"}\n  (Session info: headless chrome=119.0.6045.105); For documentation on this error, please visit: https://www.selenium.dev/documentation/webdriver/troubleshooting/errors#no-such-element-exception\nStacktrace:\n#0 0x55733ca765e3 <unknown>\n#1 0x55733c7390b7 <unknown>\n#2 0x55733c786f53 <unknown>\n#3 0x55733c787051 <unknown>\n#4 0x55733c7cc9c4 <unknown>\n#5 0x55733c7adf1d <unknown>\n#6 0x55733c7c9b3d <unknown>\n#7 0x55733c7adcc3 <unknown>\n#8 0x55733c7790e4 <unknown>\n#9 0x55733c77a0ae <unknown>\n#10 0x55733ca3cce1 <unknown>\n#11 0x55733ca40b7e <unknown>\n#12 0x55733ca2a4b5 <unknown>\n#13 0x55733ca417d6 <unknown>\n#14 0x55733ca0ddbf <unknown>\n#15 0x55733ca64748 <unknown>\n#16 0x55733ca64917 <unknown>\n#17 0x55733ca75773 <unknown>\n#18 0x7f2bb4246044 <unknown>","time":{"start":1698973838527,"stop":1698973843385,"duration":4858}},{"uid":"f68960c557c7964d","reportUrl":"https://zaelcovsky.github.io/StroyremAutomation/128//#testresult/f68960c557c7964d","status":"skipped","statusDetails":"XFAIL\n\nselenium.common.exceptions.NoSuchElementException: Message: no such element: Unable to locate element: {\"method\":\"xpath\",\"selector\":\"//input[@class='amount']\"}\n  (Session info: headless chrome=119.0.6045.105); For documentation on this error, please visit: https://www.selenium.dev/documentation/webdriver/troubleshooting/errors#no-such-element-exception\nStacktrace:\n#0 0x55e80a8b35e3 <unknown>\n#1 0x55e80a5760b7 <unknown>\n#2 0x55e80a5c3f53 <unknown>\n#3 0x55e80a5c4051 <unknown>\n#4 0x55e80a6099c4 <unknown>\n#5 0x55e80a5eaf1d <unknown>\n#6 0x55e80a606b3d <unknown>\n#7 0x55e80a5eacc3 <unknown>\n#8 0x55e80a5b60e4 <unknown>\n#9 0x55e80a5b70ae <unknown>\n#10 0x55e80a879ce1 <unknown>\n#11 0x55e80a87db7e <unknown>\n#12 0x55e80a8674b5 <unknown>\n#13 0x55e80a87e7d6 <unknown>\n#14 0x55e80a84adbf <unknown>\n#15 0x55e80a8a1748 <unknown>\n#16 0x55e80a8a1917 <unknown>\n#17 0x55e80a8b2773 <unknown>\n#18 0x7f360b054044 <unknown>","time":{"start":1698887418220,"stop":1698887423355,"duration":5135}},{"uid":"b45cf7878996f977","reportUrl":"https://zaelcovsky.github.io/StroyremAutomation/127//#testresult/b45cf7878996f977","status":"skipped","statusDetails":"XFAIL\n\nselenium.common.exceptions.NoSuchElementException: Message: no such element: Unable to locate element: {\"method\":\"xpath\",\"selector\":\"//input[@class='amount']\"}\n  (Session info: headless chrome=119.0.6045.105); For documentation on this error, please visit: https://www.selenium.dev/documentation/webdriver/troubleshooting/errors#no-such-element-exception\nStacktrace:\n#0 0x55d0ed3245e3 <unknown>\n#1 0x55d0ecfe70b7 <unknown>\n#2 0x55d0ed034f53 <unknown>\n#3 0x55d0ed035051 <unknown>\n#4 0x55d0ed07a9c4 <unknown>\n#5 0x55d0ed05bf1d <unknown>\n#6 0x55d0ed077b3d <unknown>\n#7 0x55d0ed05bcc3 <unknown>\n#8 0x55d0ed0270e4 <unknown>\n#9 0x55d0ed0280ae <unknown>\n#10 0x55d0ed2eace1 <unknown>\n#11 0x55d0ed2eeb7e <unknown>\n#12 0x55d0ed2d84b5 <unknown>\n#13 0x55d0ed2ef7d6 <unknown>\n#14 0x55d0ed2bbdbf <unknown>\n#15 0x55d0ed312748 <unknown>\n#16 0x55d0ed312917 <unknown>\n#17 0x55d0ed323773 <unknown>\n#18 0x7f6f87fe6044 <unknown>","time":{"start":1698801321065,"stop":1698801326002,"duration":4937}},{"uid":"b2e5fea03f9a596b","reportUrl":"https://zaelcovsky.github.io/StroyremAutomation/126//#testresult/b2e5fea03f9a596b","status":"skipped","statusDetails":"XFAIL\n\nselenium.common.exceptions.NoSuchElementException: Message: no such element: Unable to locate element: {\"method\":\"xpath\",\"selector\":\"//input[@class='amount']\"}\n  (Session info: headless chrome=118.0.5993.70); For documentation on this error, please visit: https://www.selenium.dev/documentation/webdriver/troubleshooting/errors#no-such-element-exception\nStacktrace:\n#0 0x5609950c3fb3 <unknown>\n#1 0x560994d974a7 <unknown>\n#2 0x560994ddedd6 <unknown>\n#3 0x560994ddeec1 <unknown>\n#4 0x560994e1c354 <unknown>\n#5 0x560994e0096d <unknown>\n#6 0x560994e19c02 <unknown>\n#7 0x560994e00713 <unknown>\n#8 0x560994dd318b <unknown>\n#9 0x560994dd3f7e <unknown>\n#10 0x5609950898d8 <unknown>\n#11 0x56099508d800 <unknown>\n#12 0x560995097cfc <unknown>\n#13 0x56099508e418 <unknown>\n#14 0x56099505b42f <unknown>\n#15 0x5609950b24e8 <unknown>\n#16 0x5609950b26b4 <unknown>\n#17 0x5609950c3143 <unknown>\n#18 0x7f50ec3e6044 <unknown>","time":{"start":1698714636538,"stop":1698714640546,"duration":4008}},{"uid":"6b1a453a7c5186e9","reportUrl":"https://zaelcovsky.github.io/StroyremAutomation/125//#testresult/6b1a453a7c5186e9","status":"skipped","statusDetails":"XFAIL\n\nselenium.common.exceptions.NoSuchElementException: Message: no such element: Unable to locate element: {\"method\":\"xpath\",\"selector\":\"//input[@class='amount']\"}\n  (Session info: headless chrome=118.0.5993.70); For documentation on this error, please visit: https://www.selenium.dev/documentation/webdriver/troubleshooting/errors#no-such-element-exception\nStacktrace:\n#0 0x5602c14dcfb3 <unknown>\n#1 0x5602c11b04a7 <unknown>\n#2 0x5602c11f7dd6 <unknown>\n#3 0x5602c11f7ec1 <unknown>\n#4 0x5602c1235354 <unknown>\n#5 0x5602c121996d <unknown>\n#6 0x5602c1232c02 <unknown>\n#7 0x5602c1219713 <unknown>\n#8 0x5602c11ec18b <unknown>\n#9 0x5602c11ecf7e <unknown>\n#10 0x5602c14a28d8 <unknown>\n#11 0x5602c14a6800 <unknown>\n#12 0x5602c14b0cfc <unknown>\n#13 0x5602c14a7418 <unknown>\n#14 0x5602c147442f <unknown>\n#15 0x5602c14cb4e8 <unknown>\n#16 0x5602c14cb6b4 <unknown>\n#17 0x5602c14dc143 <unknown>\n#18 0x7efe2573b044 <unknown>","time":{"start":1698628221384,"stop":1698628225677,"duration":4293}},{"uid":"3c28ba45c9a36cf4","reportUrl":"https://zaelcovsky.github.io/StroyremAutomation/124//#testresult/3c28ba45c9a36cf4","status":"skipped","statusDetails":"XFAIL\n\nselenium.common.exceptions.NoSuchElementException: Message: no such element: Unable to locate element: {\"method\":\"xpath\",\"selector\":\"//input[@class='amount']\"}\n  (Session info: headless chrome=118.0.5993.70); For documentation on this error, please visit: https://www.selenium.dev/documentation/webdriver/troubleshooting/errors#no-such-element-exception\nStacktrace:\n#0 0x563821b85fb3 <unknown>\n#1 0x5638218594a7 <unknown>\n#2 0x5638218a0dd6 <unknown>\n#3 0x5638218a0ec1 <unknown>\n#4 0x5638218de354 <unknown>\n#5 0x5638218c296d <unknown>\n#6 0x5638218dbc02 <unknown>\n#7 0x5638218c2713 <unknown>\n#8 0x56382189518b <unknown>\n#9 0x563821895f7e <unknown>\n#10 0x563821b4b8d8 <unknown>\n#11 0x563821b4f800 <unknown>\n#12 0x563821b59cfc <unknown>\n#13 0x563821b50418 <unknown>\n#14 0x563821b1d42f <unknown>\n#15 0x563821b744e8 <unknown>\n#16 0x563821b746b4 <unknown>\n#17 0x563821b85143 <unknown>\n#18 0x7fd11ffda044 <unknown>","time":{"start":1698541997276,"stop":1698542001342,"duration":4066}},{"uid":"2ea55b8e75a38b79","reportUrl":"https://zaelcovsky.github.io/StroyremAutomation/123//#testresult/2ea55b8e75a38b79","status":"skipped","statusDetails":"XFAIL\n\nselenium.common.exceptions.NoSuchElementException: Message: no such element: Unable to locate element: {\"method\":\"xpath\",\"selector\":\"//input[@class='amount']\"}\n  (Session info: headless chrome=118.0.5993.70); For documentation on this error, please visit: https://www.selenium.dev/documentation/webdriver/troubleshooting/errors#no-such-element-exception\nStacktrace:\n#0 0x56283a831fb3 <unknown>\n#1 0x56283a5054a7 <unknown>\n#2 0x56283a54cdd6 <unknown>\n#3 0x56283a54cec1 <unknown>\n#4 0x56283a58a354 <unknown>\n#5 0x56283a56e96d <unknown>\n#6 0x56283a587c02 <unknown>\n#7 0x56283a56e713 <unknown>\n#8 0x56283a54118b <unknown>\n#9 0x56283a541f7e <unknown>\n#10 0x56283a7f78d8 <unknown>\n#11 0x56283a7fb800 <unknown>\n#12 0x56283a805cfc <unknown>\n#13 0x56283a7fc418 <unknown>\n#14 0x56283a7c942f <unknown>\n#15 0x56283a8204e8 <unknown>\n#16 0x56283a8206b4 <unknown>\n#17 0x56283a831143 <unknown>\n#18 0x7fd0779bc044 <unknown>","time":{"start":1698455326319,"stop":1698455331554,"duration":5235}},{"uid":"23d301504df86263","reportUrl":"https://zaelcovsky.github.io/StroyremAutomation/122//#testresult/23d301504df86263","status":"skipped","statusDetails":"XFAIL\n\nselenium.common.exceptions.NoSuchElementException: Message: no such element: Unable to locate element: {\"method\":\"xpath\",\"selector\":\"//input[@class='amount']\"}\n  (Session info: headless chrome=118.0.5993.70); For documentation on this error, please visit: https://www.selenium.dev/documentation/webdriver/troubleshooting/errors#no-such-element-exception\nStacktrace:\n#0 0x5589a1c87fb3 <unknown>\n#1 0x5589a195b4a7 <unknown>\n#2 0x5589a19a2dd6 <unknown>\n#3 0x5589a19a2ec1 <unknown>\n#4 0x5589a19e0354 <unknown>\n#5 0x5589a19c496d <unknown>\n#6 0x5589a19ddc02 <unknown>\n#7 0x5589a19c4713 <unknown>\n#8 0x5589a199718b <unknown>\n#9 0x5589a1997f7e <unknown>\n#10 0x5589a1c4d8d8 <unknown>\n#11 0x5589a1c51800 <unknown>\n#12 0x5589a1c5bcfc <unknown>\n#13 0x5589a1c52418 <unknown>\n#14 0x5589a1c1f42f <unknown>\n#15 0x5589a1c764e8 <unknown>\n#16 0x5589a1c766b4 <unknown>\n#17 0x5589a1c87143 <unknown>\n#18 0x7fc2fc9f6044 <unknown>","time":{"start":1698368957693,"stop":1698368962482,"duration":4789}},{"uid":"cf9a749f1f705a10","reportUrl":"https://zaelcovsky.github.io/StroyremAutomation/121//#testresult/cf9a749f1f705a10","status":"skipped","statusDetails":"XFAIL\n\nselenium.common.exceptions.NoSuchElementException: Message: no such element: Unable to locate element: {\"method\":\"xpath\",\"selector\":\"//input[@class='amount']\"}\n  (Session info: headless chrome=118.0.5993.70); For documentation on this error, please visit: https://www.selenium.dev/documentation/webdriver/troubleshooting/errors#no-such-element-exception\nStacktrace:\n#0 0x5611c2be4fb3 <unknown>\n#1 0x5611c28b84a7 <unknown>\n#2 0x5611c28ffdd6 <unknown>\n#3 0x5611c28ffec1 <unknown>\n#4 0x5611c293d354 <unknown>\n#5 0x5611c292196d <unknown>\n#6 0x5611c293ac02 <unknown>\n#7 0x5611c2921713 <unknown>\n#8 0x5611c28f418b <unknown>\n#9 0x5611c28f4f7e <unknown>\n#10 0x5611c2baa8d8 <unknown>\n#11 0x5611c2bae800 <unknown>\n#12 0x5611c2bb8cfc <unknown>\n#13 0x5611c2baf418 <unknown>\n#14 0x5611c2b7c42f <unknown>\n#15 0x5611c2bd34e8 <unknown>\n#16 0x5611c2bd36b4 <unknown>\n#17 0x5611c2be4143 <unknown>\n#18 0x7f8b5d5f1044 <unknown>","time":{"start":1698282565446,"stop":1698282569889,"duration":4443}},{"uid":"9c79d583706c8cf","reportUrl":"https://zaelcovsky.github.io/StroyremAutomation/120//#testresult/9c79d583706c8cf","status":"skipped","statusDetails":"XFAIL\n\nselenium.common.exceptions.NoSuchElementException: Message: no such element: Unable to locate element: {\"method\":\"xpath\",\"selector\":\"//input[@class='amount']\"}\n  (Session info: headless chrome=118.0.5993.70); For documentation on this error, please visit: https://www.selenium.dev/documentation/webdriver/troubleshooting/errors#no-such-element-exception\nStacktrace:\n#0 0x55fb9cfd2fb3 <unknown>\n#1 0x55fb9cca64a7 <unknown>\n#2 0x55fb9cceddd6 <unknown>\n#3 0x55fb9ccedec1 <unknown>\n#4 0x55fb9cd2b354 <unknown>\n#5 0x55fb9cd0f96d <unknown>\n#6 0x55fb9cd28c02 <unknown>\n#7 0x55fb9cd0f713 <unknown>\n#8 0x55fb9cce218b <unknown>\n#9 0x55fb9cce2f7e <unknown>\n#10 0x55fb9cf988d8 <unknown>\n#11 0x55fb9cf9c800 <unknown>\n#12 0x55fb9cfa6cfc <unknown>\n#13 0x55fb9cf9d418 <unknown>\n#14 0x55fb9cf6a42f <unknown>\n#15 0x55fb9cfc14e8 <unknown>\n#16 0x55fb9cfc16b4 <unknown>\n#17 0x55fb9cfd2143 <unknown>\n#18 0x7fa79fe49044 <unknown>","time":{"start":1698196184722,"stop":1698196188687,"duration":3965}},{"uid":"8df4356e9790aa80","reportUrl":"https://zaelcovsky.github.io/StroyremAutomation/119//#testresult/8df4356e9790aa80","status":"skipped","statusDetails":"XFAIL\n\nselenium.common.exceptions.NoSuchElementException: Message: no such element: Unable to locate element: {\"method\":\"xpath\",\"selector\":\"//input[@class='amount']\"}\n  (Session info: headless chrome=118.0.5993.70); For documentation on this error, please visit: https://www.selenium.dev/documentation/webdriver/troubleshooting/errors#no-such-element-exception\nStacktrace:\n#0 0x55c796c8dfb3 <unknown>\n#1 0x55c7969614a7 <unknown>\n#2 0x55c7969a8dd6 <unknown>\n#3 0x55c7969a8ec1 <unknown>\n#4 0x55c7969e6354 <unknown>\n#5 0x55c7969ca96d <unknown>\n#6 0x55c7969e3c02 <unknown>\n#7 0x55c7969ca713 <unknown>\n#8 0x55c79699d18b <unknown>\n#9 0x55c79699df7e <unknown>\n#10 0x55c796c538d8 <unknown>\n#11 0x55c796c57800 <unknown>\n#12 0x55c796c61cfc <unknown>\n#13 0x55c796c58418 <unknown>\n#14 0x55c796c2542f <unknown>\n#15 0x55c796c7c4e8 <unknown>\n#16 0x55c796c7c6b4 <unknown>\n#17 0x55c796c8d143 <unknown>\n#18 0x7ffaf20ba044 <unknown>","time":{"start":1698109863824,"stop":1698109868770,"duration":4946}},{"uid":"fcb28dbcf7be7074","reportUrl":"https://zaelcovsky.github.io/StroyremAutomation/118//#testresult/fcb28dbcf7be7074","status":"skipped","statusDetails":"XFAIL\n\nselenium.common.exceptions.NoSuchElementException: Message: no such element: Unable to locate element: {\"method\":\"xpath\",\"selector\":\"//input[@class='amount']\"}\n  (Session info: headless chrome=118.0.5993.70); For documentation on this error, please visit: https://www.selenium.dev/documentation/webdriver/troubleshooting/errors#no-such-element-exception\nStacktrace:\n#0 0x560e33808fb3 <unknown>\n#1 0x560e334dc4a7 <unknown>\n#2 0x560e33523dd6 <unknown>\n#3 0x560e33523ec1 <unknown>\n#4 0x560e33561354 <unknown>\n#5 0x560e3354596d <unknown>\n#6 0x560e3355ec02 <unknown>\n#7 0x560e33545713 <unknown>\n#8 0x560e3351818b <unknown>\n#9 0x560e33518f7e <unknown>\n#10 0x560e337ce8d8 <unknown>\n#11 0x560e337d2800 <unknown>\n#12 0x560e337dccfc <unknown>\n#13 0x560e337d3418 <unknown>\n#14 0x560e337a042f <unknown>\n#15 0x560e337f74e8 <unknown>\n#16 0x560e337f76b4 <unknown>\n#17 0x560e33808143 <unknown>\n#18 0x7f823a494044 <unknown>","time":{"start":1698023435575,"stop":1698023440286,"duration":4711}},{"uid":"d09d76135222dce","reportUrl":"https://zaelcovsky.github.io/StroyremAutomation/117//#testresult/d09d76135222dce","status":"skipped","statusDetails":"XFAIL\n\nselenium.common.exceptions.NoSuchElementException: Message: no such element: Unable to locate element: {\"method\":\"xpath\",\"selector\":\"//input[@class='amount']\"}\n  (Session info: headless chrome=118.0.5993.70); For documentation on this error, please visit: https://www.selenium.dev/documentation/webdriver/troubleshooting/errors#no-such-element-exception\nStacktrace:\n#0 0x5556b4407fb3 <unknown>\n#1 0x5556b40db4a7 <unknown>\n#2 0x5556b4122dd6 <unknown>\n#3 0x5556b4122ec1 <unknown>\n#4 0x5556b4160354 <unknown>\n#5 0x5556b414496d <unknown>\n#6 0x5556b415dc02 <unknown>\n#7 0x5556b4144713 <unknown>\n#8 0x5556b411718b <unknown>\n#9 0x5556b4117f7e <unknown>\n#10 0x5556b43cd8d8 <unknown>\n#11 0x5556b43d1800 <unknown>\n#12 0x5556b43dbcfc <unknown>\n#13 0x5556b43d2418 <unknown>\n#14 0x5556b439f42f <unknown>\n#15 0x5556b43f64e8 <unknown>\n#16 0x5556b43f66b4 <unknown>\n#17 0x5556b4407143 <unknown>\n#18 0x7f60e25ae044 <unknown>","time":{"start":1697937233438,"stop":1697937238168,"duration":4730}},{"uid":"2fb90ce1769fe6","reportUrl":"https://zaelcovsky.github.io/StroyremAutomation/116//#testresult/2fb90ce1769fe6","status":"skipped","statusDetails":"XFAIL\n\nselenium.common.exceptions.NoSuchElementException: Message: no such element: Unable to locate element: {\"method\":\"xpath\",\"selector\":\"//input[@class='amount']\"}\n  (Session info: headless chrome=118.0.5993.70); For documentation on this error, please visit: https://www.selenium.dev/documentation/webdriver/troubleshooting/errors#no-such-element-exception\nStacktrace:\n#0 0x55ef31242fb3 <unknown>\n#1 0x55ef30f164a7 <unknown>\n#2 0x55ef30f5ddd6 <unknown>\n#3 0x55ef30f5dec1 <unknown>\n#4 0x55ef30f9b354 <unknown>\n#5 0x55ef30f7f96d <unknown>\n#6 0x55ef30f98c02 <unknown>\n#7 0x55ef30f7f713 <unknown>\n#8 0x55ef30f5218b <unknown>\n#9 0x55ef30f52f7e <unknown>\n#10 0x55ef312088d8 <unknown>\n#11 0x55ef3120c800 <unknown>\n#12 0x55ef31216cfc <unknown>\n#13 0x55ef3120d418 <unknown>\n#14 0x55ef311da42f <unknown>\n#15 0x55ef312314e8 <unknown>\n#16 0x55ef312316b4 <unknown>\n#17 0x55ef31242143 <unknown>\n#18 0x7f03d41dc044 <unknown>","time":{"start":1697850541559,"stop":1697850546503,"duration":4944}},{"uid":"b3ddcce7dd1ac1ba","reportUrl":"https://zaelcovsky.github.io/StroyremAutomation/115//#testresult/b3ddcce7dd1ac1ba","status":"skipped","statusDetails":"XFAIL\n\nselenium.common.exceptions.NoSuchElementException: Message: no such element: Unable to locate element: {\"method\":\"xpath\",\"selector\":\"//input[@class='amount']\"}\n  (Session info: headless chrome=118.0.5993.70); For documentation on this error, please visit: https://www.selenium.dev/documentation/webdriver/troubleshooting/errors#no-such-element-exception\nStacktrace:\n#0 0x55bda3b8afb3 <unknown>\n#1 0x55bda385e4a7 <unknown>\n#2 0x55bda38a5dd6 <unknown>\n#3 0x55bda38a5ec1 <unknown>\n#4 0x55bda38e3354 <unknown>\n#5 0x55bda38c796d <unknown>\n#6 0x55bda38e0c02 <unknown>\n#7 0x55bda38c7713 <unknown>\n#8 0x55bda389a18b <unknown>\n#9 0x55bda389af7e <unknown>\n#10 0x55bda3b508d8 <unknown>\n#11 0x55bda3b54800 <unknown>\n#12 0x55bda3b5ecfc <unknown>\n#13 0x55bda3b55418 <unknown>\n#14 0x55bda3b2242f <unknown>\n#15 0x55bda3b794e8 <unknown>\n#16 0x55bda3b796b4 <unknown>\n#17 0x55bda3b8a143 <unknown>\n#18 0x7f1377088044 <unknown>","time":{"start":1697764289511,"stop":1697764294593,"duration":5082}}]},"tags":["@pytest.mark.xfail(reson='Цена доставки: 7000 13900 15900')","smoke"]},"source":"fa1002e21711a715.json","parameterValues":["19900","366","'TD 026'","14900","'products/shtukaturka-gipsovaya-aksolit-m50-30-kg-mashinnogo-naneseniya'","8000","'https://sandboxtest.stroyrem-nn.ru/'","11000"]}