{"uid":"9cecbe9a4019a69","name":"TD 024 Доставка товара весом до 9000кг. в синей зоне","fullName":"tests.delivery.test_delivery_calculation.TestDeliveryPageCalculation#test_positive_delivery_blue_zone_smoke","historyId":"69e5dca98f2a435ef5ba1c77ef0ca605","time":{"start":1694653897710,"stop":1694653898346,"duration":636},"status":"broken","statusMessage":"selenium.common.exceptions.NoSuchElementException: Message: no such element: Unable to locate element: {\"method\":\"xpath\",\"selector\":\"(//a[@class='add-to-cart yellow-btn'])[1]\"}\n  (Session info: headless chrome=117.0.5938.62); For documentation on this error, please visit: https://www.selenium.dev/documentation/webdriver/troubleshooting/errors#no-such-element-exception\nStacktrace:\n#0 0x562537bb0693 <unknown>\n#1 0x5625378861e7 <unknown>\n#2 0x5625378cd566 <unknown>\n#3 0x5625378cd651 <unknown>\n#4 0x56253790aa74 <unknown>\n#5 0x5625378ef0ed <unknown>\n#6 0x562537908322 <unknown>\n#7 0x5625378eee93 <unknown>\n#8 0x5625378c1934 <unknown>\n#9 0x5625378c271e <unknown>\n#10 0x562537b75c98 <unknown>\n#11 0x562537b79bd0 <unknown>\n#12 0x562537b8417c <unknown>\n#13 0x562537b7a7e8 <unknown>\n#14 0x562537b4725f <unknown>\n#15 0x562537b9ee68 <unknown>\n#16 0x562537b9f039 <unknown>\n#17 0x562537baf823 <unknown>\n#18 0x7f3d2b56e044 <unknown>","statusTrace":"self = <tests.delivery.test_delivery_calculation.TestDeliveryPageCalculation object at 0x7fa9125dad10>\ndriver = <selenium.webdriver.chrome.webdriver.WebDriver (session=\"d68cdfe15488ce13f062ebb4bd1599c5\")>\nurl = 'https://sandboxtest.stroyrem-nn.ru/', case_id = 'TD 024'\nlink_item = 'products/shtukaturka-gipsovaya-aksolit-m50-30-kg-mashinnogo-naneseniya'\namount = 299, weight = 9000, standard = 4300, in_time = 9900, all_time = 11440\n\n    @pytest.mark.parametrize('case_id, link_item, amount, weight, standard, in_time, all_time', [\n        (\"TD 015\", bundeks_25, 1, 30, 650, 2390, 3320),\n        pytest.param(\n            \"TD 016\", aksolit_30, 8, 300, 650, 2390, 3320,\n            marks=pytest.mark.xfail(reson=\"Цена доставки: - - -\")\n        ),\n        (\"TD 017\", aksolit_30, 13, 400, 650, 2390, 3320),\n        (\"TD 018\", aksolit_30, 16, 500, 850, 2490, 3320),\n        (\"TD 019\", aksolit_30, 25, 1700, 1150, 2490, 3320),\n        (\"TD 020\", aksolit_30, 66, 2000, 1500, 2990, 3650),\n        (\"TD 021\", aksolit_30, 149, 4500, 2600, 4380, 4890),\n        (\"TD 022\", aksolit_30, 166, 5000, 2800, 5490, 5980),\n        pytest.param(\n            \"TD 023\", aksolit_30, 206, 6200, 3300, 7500, 8000,\n            marks=pytest.mark.xfail(reson=\"Цена доставки: 4300 9900 11440\")\n        ),\n        (\"TD 024\", aksolit_30, 299, 9000, 4300, 9900, 11440),\n        (\"TD 025\", aksolit_30, 333, 10000, 7000, 13900, 15900),\n        pytest.param(\n            \"TD 026\", aksolit_30, 366, 11000, 8000, 14900, 19900,\n            marks=pytest.mark.xfail(reson=\"Цена доставки: 7000 13900 15900\")\n        ),\n        pytest.param(\n            \"TD 027\", aksolit_30, 666, 20000, 14000, 16900, 23900,\n            marks=pytest.mark.xfail(reson=\"Цена доставки: 7000 13900 15900\")\n        )\n    ])\n    @pytest.mark.smoke\n    def test_positive_delivery_blue_zone_smoke(\n            self, driver, url, case_id, link_item, amount, weight, standard, in_time, all_time\n    ):\n        allure.dynamic.title(f\"{case_id} Доставка товара весом до {weight}кг. в синей зоне\")\n    \n        driver.get(f'{url}{link_item}')\n        item_page = ItemPage(driver)\n>       item_page.add_item_to_cart(amount).click_on_cart()\n\ntests/delivery/test_delivery_calculation.py:130: \n_ _ _ _ _ _ _ _ _ _ _ _ _ _ _ _ _ _ _ _ _ _ _ _ _ _ _ _ _ _ _ _ _ _ _ _ _ _ _ _ \npages/item_page.py:40: in add_item_to_cart\n    self.find_element(self._add_item).click()\nbase/seleniumbase.py:17: in find_element\n    return self.driver.find_element(*locator)\n/usr/local/lib/python3.11/site-packages/selenium/webdriver/remote/webdriver.py:740: in find_element\n    return self.execute(Command.FIND_ELEMENT, {\"using\": by, \"value\": value})[\"value\"]\n/usr/local/lib/python3.11/site-packages/selenium/webdriver/remote/webdriver.py:346: in execute\n    self.error_handler.check_response(response)\n_ _ _ _ _ _ _ _ _ _ _ _ _ _ _ _ _ _ _ _ _ _ _ _ _ _ _ _ _ _ _ _ _ _ _ _ _ _ _ _ \n\nself = <selenium.webdriver.remote.errorhandler.ErrorHandler object at 0x7fa9131a91d0>\nresponse = {'status': 404, 'value': '{\"value\":{\"error\":\"no such element\",\"message\":\"no such element: Unable to locate element: {\\...\\\\n#16 0x562537b9f039 \\\\u003Cunknown>\\\\n#17 0x562537baf823 \\\\u003Cunknown>\\\\n#18 0x7f3d2b56e044 \\\\u003Cunknown>\\\\n\"}}'}\n\n    def check_response(self, response: Dict[str, Any]) -> None:\n        \"\"\"Checks that a JSON response from the WebDriver does not have an\n        error.\n    \n        :Args:\n         - response - The JSON response from the WebDriver server as a dictionary\n           object.\n    \n        :Raises: If the response contains an error message.\n        \"\"\"\n        status = response.get(\"status\", None)\n        if not status or status == ErrorCode.SUCCESS:\n            return\n        value = None\n        message = response.get(\"message\", \"\")\n        screen: str = response.get(\"screen\", \"\")\n        stacktrace = None\n        if isinstance(status, int):\n            value_json = response.get(\"value\", None)\n            if value_json and isinstance(value_json, str):\n                import json\n    \n                try:\n                    value = json.loads(value_json)\n                    if len(value) == 1:\n                        value = value[\"value\"]\n                    status = value.get(\"error\", None)\n                    if not status:\n                        status = value.get(\"status\", ErrorCode.UNKNOWN_ERROR)\n                        message = value.get(\"value\") or value.get(\"message\")\n                        if not isinstance(message, str):\n                            value = message\n                            message = message.get(\"message\")\n                    else:\n                        message = value.get(\"message\", None)\n                except ValueError:\n                    pass\n    \n        exception_class: Type[WebDriverException]\n        if status in ErrorCode.NO_SUCH_ELEMENT:\n            exception_class = NoSuchElementException\n        elif status in ErrorCode.NO_SUCH_FRAME:\n            exception_class = NoSuchFrameException\n        elif status in ErrorCode.NO_SUCH_SHADOW_ROOT:\n            exception_class = NoSuchShadowRootException\n        elif status in ErrorCode.NO_SUCH_WINDOW:\n            exception_class = NoSuchWindowException\n        elif status in ErrorCode.STALE_ELEMENT_REFERENCE:\n            exception_class = StaleElementReferenceException\n        elif status in ErrorCode.ELEMENT_NOT_VISIBLE:\n            exception_class = ElementNotVisibleException\n        elif status in ErrorCode.INVALID_ELEMENT_STATE:\n            exception_class = InvalidElementStateException\n        elif (\n            status in ErrorCode.INVALID_SELECTOR\n            or status in ErrorCode.INVALID_XPATH_SELECTOR\n            or status in ErrorCode.INVALID_XPATH_SELECTOR_RETURN_TYPER\n        ):\n            exception_class = InvalidSelectorException\n        elif status in ErrorCode.ELEMENT_IS_NOT_SELECTABLE:\n            exception_class = ElementNotSelectableException\n        elif status in ErrorCode.ELEMENT_NOT_INTERACTABLE:\n            exception_class = ElementNotInteractableException\n        elif status in ErrorCode.INVALID_COOKIE_DOMAIN:\n            exception_class = InvalidCookieDomainException\n        elif status in ErrorCode.UNABLE_TO_SET_COOKIE:\n            exception_class = UnableToSetCookieException\n        elif status in ErrorCode.TIMEOUT:\n            exception_class = TimeoutException\n        elif status in ErrorCode.SCRIPT_TIMEOUT:\n            exception_class = TimeoutException\n        elif status in ErrorCode.UNKNOWN_ERROR:\n            exception_class = WebDriverException\n        elif status in ErrorCode.UNEXPECTED_ALERT_OPEN:\n            exception_class = UnexpectedAlertPresentException\n        elif status in ErrorCode.NO_ALERT_OPEN:\n            exception_class = NoAlertPresentException\n        elif status in ErrorCode.IME_NOT_AVAILABLE:\n            exception_class = ImeNotAvailableException\n        elif status in ErrorCode.IME_ENGINE_ACTIVATION_FAILED:\n            exception_class = ImeActivationFailedException\n        elif status in ErrorCode.MOVE_TARGET_OUT_OF_BOUNDS:\n            exception_class = MoveTargetOutOfBoundsException\n        elif status in ErrorCode.JAVASCRIPT_ERROR:\n            exception_class = JavascriptException\n        elif status in ErrorCode.SESSION_NOT_CREATED:\n            exception_class = SessionNotCreatedException\n        elif status in ErrorCode.INVALID_ARGUMENT:\n            exception_class = InvalidArgumentException\n        elif status in ErrorCode.NO_SUCH_COOKIE:\n            exception_class = NoSuchCookieException\n        elif status in ErrorCode.UNABLE_TO_CAPTURE_SCREEN:\n            exception_class = ScreenshotException\n        elif status in ErrorCode.ELEMENT_CLICK_INTERCEPTED:\n            exception_class = ElementClickInterceptedException\n        elif status in ErrorCode.INSECURE_CERTIFICATE:\n            exception_class = InsecureCertificateException\n        elif status in ErrorCode.INVALID_COORDINATES:\n            exception_class = InvalidCoordinatesException\n        elif status in ErrorCode.INVALID_SESSION_ID:\n            exception_class = InvalidSessionIdException\n        elif status in ErrorCode.UNKNOWN_METHOD:\n            exception_class = UnknownMethodException\n        else:\n            exception_class = WebDriverException\n        if not value:\n            value = response[\"value\"]\n        if isinstance(value, str):\n            raise exception_class(value)\n        if message == \"\" and \"message\" in value:\n            message = value[\"message\"]\n    \n        screen = None  # type: ignore[assignment]\n        if \"screen\" in value:\n            screen = value[\"screen\"]\n    \n        stacktrace = None\n        st_value = value.get(\"stackTrace\") or value.get(\"stacktrace\")\n        if st_value:\n            if isinstance(st_value, str):\n                stacktrace = st_value.split(\"\\n\")\n            else:\n                stacktrace = []\n                try:\n                    for frame in st_value:\n                        line = frame.get(\"lineNumber\", \"\")\n                        file = frame.get(\"fileName\", \"<anonymous>\")\n                        if line:\n                            file = f\"{file}:{line}\"\n                        meth = frame.get(\"methodName\", \"<anonymous>\")\n                        if \"className\" in frame:\n                            meth = f\"{frame['className']}.{meth}\"\n                        msg = \"    at %s (%s)\"\n                        msg = msg % (meth, file)\n                        stacktrace.append(msg)\n                except TypeError:\n                    pass\n        if exception_class == UnexpectedAlertPresentException:\n            alert_text = None\n            if \"data\" in value:\n                alert_text = value[\"data\"].get(\"text\")\n            elif \"alert\" in value:\n                alert_text = value[\"alert\"].get(\"text\")\n            raise exception_class(message, screen, stacktrace, alert_text)  # type: ignore[call-arg]  # mypy is not smart enough here\n>       raise exception_class(message, screen, stacktrace)\nE       selenium.common.exceptions.NoSuchElementException: Message: no such element: Unable to locate element: {\"method\":\"xpath\",\"selector\":\"(//a[@class='add-to-cart yellow-btn'])[1]\"}\nE         (Session info: headless chrome=117.0.5938.62); For documentation on this error, please visit: https://www.selenium.dev/documentation/webdriver/troubleshooting/errors#no-such-element-exception\nE       Stacktrace:\nE       #0 0x562537bb0693 <unknown>\nE       #1 0x5625378861e7 <unknown>\nE       #2 0x5625378cd566 <unknown>\nE       #3 0x5625378cd651 <unknown>\nE       #4 0x56253790aa74 <unknown>\nE       #5 0x5625378ef0ed <unknown>\nE       #6 0x562537908322 <unknown>\nE       #7 0x5625378eee93 <unknown>\nE       #8 0x5625378c1934 <unknown>\nE       #9 0x5625378c271e <unknown>\nE       #10 0x562537b75c98 <unknown>\nE       #11 0x562537b79bd0 <unknown>\nE       #12 0x562537b8417c <unknown>\nE       #13 0x562537b7a7e8 <unknown>\nE       #14 0x562537b4725f <unknown>\nE       #15 0x562537b9ee68 <unknown>\nE       #16 0x562537b9f039 <unknown>\nE       #17 0x562537baf823 <unknown>\nE       #18 0x7f3d2b56e044 <unknown>\n\n/usr/local/lib/python3.11/site-packages/selenium/webdriver/remote/errorhandler.py:245: NoSuchElementException","flaky":false,"newFailed":false,"newBroken":false,"newPassed":false,"retriesCount":0,"retriesStatusChange":false,"beforeStages":[{"name":"_session_faker","time":{"start":1694653195778,"stop":1694653195876,"duration":98},"status":"passed","steps":[],"attachments":[],"parameters":[],"shouldDisplayMessage":false,"stepsCount":0,"attachmentsCount":0,"hasContent":false},{"name":"clear_allure_results_folder","time":{"start":1694653195876,"stop":1694653195876,"duration":0},"status":"passed","steps":[],"attachments":[],"parameters":[],"shouldDisplayMessage":false,"stepsCount":0,"attachmentsCount":0,"hasContent":false},{"name":"driver","time":{"start":1694653896905,"stop":1694653897708,"duration":803},"status":"passed","steps":[],"attachments":[],"parameters":[],"shouldDisplayMessage":false,"stepsCount":0,"attachmentsCount":0,"hasContent":false},{"name":"setup","time":{"start":1694653897709,"stop":1694653897709,"duration":0},"status":"passed","steps":[],"attachments":[],"parameters":[],"shouldDisplayMessage":false,"stepsCount":0,"attachmentsCount":0,"hasContent":false}],"testStage":{"status":"broken","statusMessage":"selenium.common.exceptions.NoSuchElementException: Message: no such element: Unable to locate element: {\"method\":\"xpath\",\"selector\":\"(//a[@class='add-to-cart yellow-btn'])[1]\"}\n  (Session info: headless chrome=117.0.5938.62); For documentation on this error, please visit: https://www.selenium.dev/documentation/webdriver/troubleshooting/errors#no-such-element-exception\nStacktrace:\n#0 0x562537bb0693 <unknown>\n#1 0x5625378861e7 <unknown>\n#2 0x5625378cd566 <unknown>\n#3 0x5625378cd651 <unknown>\n#4 0x56253790aa74 <unknown>\n#5 0x5625378ef0ed <unknown>\n#6 0x562537908322 <unknown>\n#7 0x5625378eee93 <unknown>\n#8 0x5625378c1934 <unknown>\n#9 0x5625378c271e <unknown>\n#10 0x562537b75c98 <unknown>\n#11 0x562537b79bd0 <unknown>\n#12 0x562537b8417c <unknown>\n#13 0x562537b7a7e8 <unknown>\n#14 0x562537b4725f <unknown>\n#15 0x562537b9ee68 <unknown>\n#16 0x562537b9f039 <unknown>\n#17 0x562537baf823 <unknown>\n#18 0x7f3d2b56e044 <unknown>","statusTrace":"self = <tests.delivery.test_delivery_calculation.TestDeliveryPageCalculation object at 0x7fa9125dad10>\ndriver = <selenium.webdriver.chrome.webdriver.WebDriver (session=\"d68cdfe15488ce13f062ebb4bd1599c5\")>\nurl = 'https://sandboxtest.stroyrem-nn.ru/', case_id = 'TD 024'\nlink_item = 'products/shtukaturka-gipsovaya-aksolit-m50-30-kg-mashinnogo-naneseniya'\namount = 299, weight = 9000, standard = 4300, in_time = 9900, all_time = 11440\n\n    @pytest.mark.parametrize('case_id, link_item, amount, weight, standard, in_time, all_time', [\n        (\"TD 015\", bundeks_25, 1, 30, 650, 2390, 3320),\n        pytest.param(\n            \"TD 016\", aksolit_30, 8, 300, 650, 2390, 3320,\n            marks=pytest.mark.xfail(reson=\"Цена доставки: - - -\")\n        ),\n        (\"TD 017\", aksolit_30, 13, 400, 650, 2390, 3320),\n        (\"TD 018\", aksolit_30, 16, 500, 850, 2490, 3320),\n        (\"TD 019\", aksolit_30, 25, 1700, 1150, 2490, 3320),\n        (\"TD 020\", aksolit_30, 66, 2000, 1500, 2990, 3650),\n        (\"TD 021\", aksolit_30, 149, 4500, 2600, 4380, 4890),\n        (\"TD 022\", aksolit_30, 166, 5000, 2800, 5490, 5980),\n        pytest.param(\n            \"TD 023\", aksolit_30, 206, 6200, 3300, 7500, 8000,\n            marks=pytest.mark.xfail(reson=\"Цена доставки: 4300 9900 11440\")\n        ),\n        (\"TD 024\", aksolit_30, 299, 9000, 4300, 9900, 11440),\n        (\"TD 025\", aksolit_30, 333, 10000, 7000, 13900, 15900),\n        pytest.param(\n            \"TD 026\", aksolit_30, 366, 11000, 8000, 14900, 19900,\n            marks=pytest.mark.xfail(reson=\"Цена доставки: 7000 13900 15900\")\n        ),\n        pytest.param(\n            \"TD 027\", aksolit_30, 666, 20000, 14000, 16900, 23900,\n            marks=pytest.mark.xfail(reson=\"Цена доставки: 7000 13900 15900\")\n        )\n    ])\n    @pytest.mark.smoke\n    def test_positive_delivery_blue_zone_smoke(\n            self, driver, url, case_id, link_item, amount, weight, standard, in_time, all_time\n    ):\n        allure.dynamic.title(f\"{case_id} Доставка товара весом до {weight}кг. в синей зоне\")\n    \n        driver.get(f'{url}{link_item}')\n        item_page = ItemPage(driver)\n>       item_page.add_item_to_cart(amount).click_on_cart()\n\ntests/delivery/test_delivery_calculation.py:130: \n_ _ _ _ _ _ _ _ _ _ _ _ _ _ _ _ _ _ _ _ _ _ _ _ _ _ _ _ _ _ _ _ _ _ _ _ _ _ _ _ \npages/item_page.py:40: in add_item_to_cart\n    self.find_element(self._add_item).click()\nbase/seleniumbase.py:17: in find_element\n    return self.driver.find_element(*locator)\n/usr/local/lib/python3.11/site-packages/selenium/webdriver/remote/webdriver.py:740: in find_element\n    return self.execute(Command.FIND_ELEMENT, {\"using\": by, \"value\": value})[\"value\"]\n/usr/local/lib/python3.11/site-packages/selenium/webdriver/remote/webdriver.py:346: in execute\n    self.error_handler.check_response(response)\n_ _ _ _ _ _ _ _ _ _ _ _ _ _ _ _ _ _ _ _ _ _ _ _ _ _ _ _ _ _ _ _ _ _ _ _ _ _ _ _ \n\nself = <selenium.webdriver.remote.errorhandler.ErrorHandler object at 0x7fa9131a91d0>\nresponse = {'status': 404, 'value': '{\"value\":{\"error\":\"no such element\",\"message\":\"no such element: Unable to locate element: {\\...\\\\n#16 0x562537b9f039 \\\\u003Cunknown>\\\\n#17 0x562537baf823 \\\\u003Cunknown>\\\\n#18 0x7f3d2b56e044 \\\\u003Cunknown>\\\\n\"}}'}\n\n    def check_response(self, response: Dict[str, Any]) -> None:\n        \"\"\"Checks that a JSON response from the WebDriver does not have an\n        error.\n    \n        :Args:\n         - response - The JSON response from the WebDriver server as a dictionary\n           object.\n    \n        :Raises: If the response contains an error message.\n        \"\"\"\n        status = response.get(\"status\", None)\n        if not status or status == ErrorCode.SUCCESS:\n            return\n        value = None\n        message = response.get(\"message\", \"\")\n        screen: str = response.get(\"screen\", \"\")\n        stacktrace = None\n        if isinstance(status, int):\n            value_json = response.get(\"value\", None)\n            if value_json and isinstance(value_json, str):\n                import json\n    \n                try:\n                    value = json.loads(value_json)\n                    if len(value) == 1:\n                        value = value[\"value\"]\n                    status = value.get(\"error\", None)\n                    if not status:\n                        status = value.get(\"status\", ErrorCode.UNKNOWN_ERROR)\n                        message = value.get(\"value\") or value.get(\"message\")\n                        if not isinstance(message, str):\n                            value = message\n                            message = message.get(\"message\")\n                    else:\n                        message = value.get(\"message\", None)\n                except ValueError:\n                    pass\n    \n        exception_class: Type[WebDriverException]\n        if status in ErrorCode.NO_SUCH_ELEMENT:\n            exception_class = NoSuchElementException\n        elif status in ErrorCode.NO_SUCH_FRAME:\n            exception_class = NoSuchFrameException\n        elif status in ErrorCode.NO_SUCH_SHADOW_ROOT:\n            exception_class = NoSuchShadowRootException\n        elif status in ErrorCode.NO_SUCH_WINDOW:\n            exception_class = NoSuchWindowException\n        elif status in ErrorCode.STALE_ELEMENT_REFERENCE:\n            exception_class = StaleElementReferenceException\n        elif status in ErrorCode.ELEMENT_NOT_VISIBLE:\n            exception_class = ElementNotVisibleException\n        elif status in ErrorCode.INVALID_ELEMENT_STATE:\n            exception_class = InvalidElementStateException\n        elif (\n            status in ErrorCode.INVALID_SELECTOR\n            or status in ErrorCode.INVALID_XPATH_SELECTOR\n            or status in ErrorCode.INVALID_XPATH_SELECTOR_RETURN_TYPER\n        ):\n            exception_class = InvalidSelectorException\n        elif status in ErrorCode.ELEMENT_IS_NOT_SELECTABLE:\n            exception_class = ElementNotSelectableException\n        elif status in ErrorCode.ELEMENT_NOT_INTERACTABLE:\n            exception_class = ElementNotInteractableException\n        elif status in ErrorCode.INVALID_COOKIE_DOMAIN:\n            exception_class = InvalidCookieDomainException\n        elif status in ErrorCode.UNABLE_TO_SET_COOKIE:\n            exception_class = UnableToSetCookieException\n        elif status in ErrorCode.TIMEOUT:\n            exception_class = TimeoutException\n        elif status in ErrorCode.SCRIPT_TIMEOUT:\n            exception_class = TimeoutException\n        elif status in ErrorCode.UNKNOWN_ERROR:\n            exception_class = WebDriverException\n        elif status in ErrorCode.UNEXPECTED_ALERT_OPEN:\n            exception_class = UnexpectedAlertPresentException\n        elif status in ErrorCode.NO_ALERT_OPEN:\n            exception_class = NoAlertPresentException\n        elif status in ErrorCode.IME_NOT_AVAILABLE:\n            exception_class = ImeNotAvailableException\n        elif status in ErrorCode.IME_ENGINE_ACTIVATION_FAILED:\n            exception_class = ImeActivationFailedException\n        elif status in ErrorCode.MOVE_TARGET_OUT_OF_BOUNDS:\n            exception_class = MoveTargetOutOfBoundsException\n        elif status in ErrorCode.JAVASCRIPT_ERROR:\n            exception_class = JavascriptException\n        elif status in ErrorCode.SESSION_NOT_CREATED:\n            exception_class = SessionNotCreatedException\n        elif status in ErrorCode.INVALID_ARGUMENT:\n            exception_class = InvalidArgumentException\n        elif status in ErrorCode.NO_SUCH_COOKIE:\n            exception_class = NoSuchCookieException\n        elif status in ErrorCode.UNABLE_TO_CAPTURE_SCREEN:\n            exception_class = ScreenshotException\n        elif status in ErrorCode.ELEMENT_CLICK_INTERCEPTED:\n            exception_class = ElementClickInterceptedException\n        elif status in ErrorCode.INSECURE_CERTIFICATE:\n            exception_class = InsecureCertificateException\n        elif status in ErrorCode.INVALID_COORDINATES:\n            exception_class = InvalidCoordinatesException\n        elif status in ErrorCode.INVALID_SESSION_ID:\n            exception_class = InvalidSessionIdException\n        elif status in ErrorCode.UNKNOWN_METHOD:\n            exception_class = UnknownMethodException\n        else:\n            exception_class = WebDriverException\n        if not value:\n            value = response[\"value\"]\n        if isinstance(value, str):\n            raise exception_class(value)\n        if message == \"\" and \"message\" in value:\n            message = value[\"message\"]\n    \n        screen = None  # type: ignore[assignment]\n        if \"screen\" in value:\n            screen = value[\"screen\"]\n    \n        stacktrace = None\n        st_value = value.get(\"stackTrace\") or value.get(\"stacktrace\")\n        if st_value:\n            if isinstance(st_value, str):\n                stacktrace = st_value.split(\"\\n\")\n            else:\n                stacktrace = []\n                try:\n                    for frame in st_value:\n                        line = frame.get(\"lineNumber\", \"\")\n                        file = frame.get(\"fileName\", \"<anonymous>\")\n                        if line:\n                            file = f\"{file}:{line}\"\n                        meth = frame.get(\"methodName\", \"<anonymous>\")\n                        if \"className\" in frame:\n                            meth = f\"{frame['className']}.{meth}\"\n                        msg = \"    at %s (%s)\"\n                        msg = msg % (meth, file)\n                        stacktrace.append(msg)\n                except TypeError:\n                    pass\n        if exception_class == UnexpectedAlertPresentException:\n            alert_text = None\n            if \"data\" in value:\n                alert_text = value[\"data\"].get(\"text\")\n            elif \"alert\" in value:\n                alert_text = value[\"alert\"].get(\"text\")\n            raise exception_class(message, screen, stacktrace, alert_text)  # type: ignore[call-arg]  # mypy is not smart enough here\n>       raise exception_class(message, screen, stacktrace)\nE       selenium.common.exceptions.NoSuchElementException: Message: no such element: Unable to locate element: {\"method\":\"xpath\",\"selector\":\"(//a[@class='add-to-cart yellow-btn'])[1]\"}\nE         (Session info: headless chrome=117.0.5938.62); For documentation on this error, please visit: https://www.selenium.dev/documentation/webdriver/troubleshooting/errors#no-such-element-exception\nE       Stacktrace:\nE       #0 0x562537bb0693 <unknown>\nE       #1 0x5625378861e7 <unknown>\nE       #2 0x5625378cd566 <unknown>\nE       #3 0x5625378cd651 <unknown>\nE       #4 0x56253790aa74 <unknown>\nE       #5 0x5625378ef0ed <unknown>\nE       #6 0x562537908322 <unknown>\nE       #7 0x5625378eee93 <unknown>\nE       #8 0x5625378c1934 <unknown>\nE       #9 0x5625378c271e <unknown>\nE       #10 0x562537b75c98 <unknown>\nE       #11 0x562537b79bd0 <unknown>\nE       #12 0x562537b8417c <unknown>\nE       #13 0x562537b7a7e8 <unknown>\nE       #14 0x562537b4725f <unknown>\nE       #15 0x562537b9ee68 <unknown>\nE       #16 0x562537b9f039 <unknown>\nE       #17 0x562537baf823 <unknown>\nE       #18 0x7f3d2b56e044 <unknown>\n\n/usr/local/lib/python3.11/site-packages/selenium/webdriver/remote/errorhandler.py:245: NoSuchElementException","steps":[{"name":"Добавляем товар в корзину в количестве 299","time":{"start":1694653898325,"stop":1694653898345,"duration":20},"status":"broken","statusMessage":"selenium.common.exceptions.NoSuchElementException: Message: no such element: Unable to locate element: {\"method\":\"xpath\",\"selector\":\"(//a[@class='add-to-cart yellow-btn'])[1]\"}\n  (Session info: headless chrome=117.0.5938.62); For documentation on this error, please visit: https://www.selenium.dev/documentation/webdriver/troubleshooting/errors#no-such-element-exception\nStacktrace:\n#0 0x562537bb0693 <unknown>\n#1 0x5625378861e7 <unknown>\n#2 0x5625378cd566 <unknown>\n#3 0x5625378cd651 <unknown>\n#4 0x56253790aa74 <unknown>\n#5 0x5625378ef0ed <unknown>\n#6 0x562537908322 <unknown>\n#7 0x5625378eee93 <unknown>\n#8 0x5625378c1934 <unknown>\n#9 0x5625378c271e <unknown>\n#10 0x562537b75c98 <unknown>\n#11 0x562537b79bd0 <unknown>\n#12 0x562537b8417c <unknown>\n#13 0x562537b7a7e8 <unknown>\n#14 0x562537b4725f <unknown>\n#15 0x562537b9ee68 <unknown>\n#16 0x562537b9f039 <unknown>\n#17 0x562537baf823 <unknown>\n#18 0x7f3d2b56e044 <unknown>\n\n","statusTrace":"  File \"/usr/local/lib/python3.11/site-packages/allure_commons/_allure.py\", line 192, in impl\n    return func(*a, **kw)\n           ^^^^^^^^^^^^^^\n  File \"/app/pages/item_page.py\", line 40, in add_item_to_cart\n    self.find_element(self._add_item).click()\n    ^^^^^^^^^^^^^^^^^^^^^^^^^^^^^^^^^\n  File \"/app/base/seleniumbase.py\", line 17, in find_element\n    return self.driver.find_element(*locator)\n           ^^^^^^^^^^^^^^^^^^^^^^^^^^^^^^^^^^\n  File \"/usr/local/lib/python3.11/site-packages/selenium/webdriver/remote/webdriver.py\", line 740, in find_element\n    return self.execute(Command.FIND_ELEMENT, {\"using\": by, \"value\": value})[\"value\"]\n           ^^^^^^^^^^^^^^^^^^^^^^^^^^^^^^^^^^^^^^^^^^^^^^^^^^^^^^^^^^^^^^^^^\n  File \"/usr/local/lib/python3.11/site-packages/selenium/webdriver/remote/webdriver.py\", line 346, in execute\n    self.error_handler.check_response(response)\n  File \"/usr/local/lib/python3.11/site-packages/selenium/webdriver/remote/errorhandler.py\", line 245, in check_response\n    raise exception_class(message, screen, stacktrace)\n","steps":[],"attachments":[],"parameters":[{"name":"amount","value":"299"}],"shouldDisplayMessage":true,"stepsCount":0,"attachmentsCount":0,"hasContent":true}],"attachments":[{"uid":"8a449da4af823561","name":"Screenshot","source":"8a449da4af823561.png","type":"image/png","size":39917},{"uid":"460f95e7c96151","name":"HTML source","source":"460f95e7c96151.html","type":"text/html","size":544}],"parameters":[],"shouldDisplayMessage":true,"stepsCount":1,"attachmentsCount":2,"hasContent":true},"afterStages":[{"name":"setup::0","time":{"start":1694653898479,"stop":1694653898479,"duration":0},"status":"passed","steps":[],"attachments":[],"parameters":[],"shouldDisplayMessage":false,"stepsCount":0,"attachmentsCount":0,"hasContent":false},{"name":"driver::0","time":{"start":1694653898479,"stop":1694653898538,"duration":59},"status":"passed","steps":[],"attachments":[],"parameters":[],"shouldDisplayMessage":false,"stepsCount":0,"attachmentsCount":0,"hasContent":false}],"labels":[{"name":"epic","value":"Delivery Page - calculation"},{"name":"tag","value":"smoke"},{"name":"parentSuite","value":"tests.delivery"},{"name":"suite","value":"test_delivery_calculation"},{"name":"subSuite","value":"TestDeliveryPageCalculation"},{"name":"host","value":"b2cd5a7b6146"},{"name":"thread","value":"1-MainThread"},{"name":"framework","value":"pytest"},{"name":"language","value":"cpython3"},{"name":"package","value":"tests.delivery.test_delivery_calculation"},{"name":"resultFormat","value":"allure2"}],"parameters":[{"name":"all_time","value":"11440"},{"name":"amount","value":"299"},{"name":"case_id","value":"'TD 024'"},{"name":"in_time","value":"9900"},{"name":"link_item","value":"'products/shtukaturka-gipsovaya-aksolit-m50-30-kg-mashinnogo-naneseniya'"},{"name":"standard","value":"4300"},{"name":"url","value":"'https://sandboxtest.stroyrem-nn.ru/'"},{"name":"weight","value":"9000"}],"links":[],"hidden":false,"retry":false,"extra":{"severity":"normal","retries":[],"categories":[{"name":"Test defects","matchedStatuses":[],"flaky":false}],"history":{"statistic":{"failed":0,"broken":15,"skipped":0,"passed":0,"unknown":0,"total":15},"items":[{"uid":"725c38cc3156195a","reportUrl":"https://zaelcovsky.github.io/StroyremAutomation/78//#testresult/725c38cc3156195a","status":"broken","statusDetails":"selenium.common.exceptions.NoSuchElementException: Message: no such element: Unable to locate element: {\"method\":\"xpath\",\"selector\":\"(//a[@class='add-to-cart yellow-btn'])[1]\"}\n  (Session info: headless chrome=117.0.5938.62); For documentation on this error, please visit: https://www.selenium.dev/documentation/webdriver/troubleshooting/errors#no-such-element-exception\nStacktrace:\n#0 0x55aa55fd7693 <unknown>\n#1 0x55aa55cad1e7 <unknown>\n#2 0x55aa55cf4566 <unknown>\n#3 0x55aa55cf4651 <unknown>\n#4 0x55aa55d31a74 <unknown>\n#5 0x55aa55d160ed <unknown>\n#6 0x55aa55d2f322 <unknown>\n#7 0x55aa55d15e93 <unknown>\n#8 0x55aa55ce8934 <unknown>\n#9 0x55aa55ce971e <unknown>\n#10 0x55aa55f9cc98 <unknown>\n#11 0x55aa55fa0bd0 <unknown>\n#12 0x55aa55fab17c <unknown>\n#13 0x55aa55fa17e8 <unknown>\n#14 0x55aa55f6e25f <unknown>\n#15 0x55aa55fc5e68 <unknown>\n#16 0x55aa55fc6039 <unknown>\n#17 0x55aa55fd6823 <unknown>\n#18 0x7f86cf70a044 <unknown>","time":{"start":1694567383723,"stop":1694567384127,"duration":404}},{"uid":"fb937934d710ff4","reportUrl":"https://zaelcovsky.github.io/StroyremAutomation/77//#testresult/fb937934d710ff4","status":"broken","statusDetails":"selenium.common.exceptions.NoSuchElementException: Message: no such element: Unable to locate element: {\"method\":\"xpath\",\"selector\":\"(//a[@class='add-to-cart yellow-btn'])[1]\"}\n  (Session info: headless chrome=116.0.5845.96); For documentation on this error, please visit: https://www.selenium.dev/documentation/webdriver/troubleshooting/errors#no-such-element-exception\nStacktrace:\n#0 0x5641908d1e23 <unknown>\n#1 0x5641905fa7a7 <unknown>\n#2 0x5641906391d3 <unknown>\n#3 0x5641906392c1 <unknown>\n#4 0x564190674a04 <unknown>\n#5 0x56419065a03d <unknown>\n#6 0x564190672369 <unknown>\n#7 0x564190659de3 <unknown>\n#8 0x56419062da7b <unknown>\n#9 0x56419062e81e <unknown>\n#10 0x564190893638 <unknown>\n#11 0x564190897507 <unknown>\n#12 0x5641908a1c4c <unknown>\n#13 0x564190898136 <unknown>\n#14 0x5641908669cf <unknown>\n#15 0x5641908bbb98 <unknown>\n#16 0x5641908bbd68 <unknown>\n#17 0x5641908cacb3 <unknown>\n#18 0x7fa16c16d044 <unknown>","time":{"start":1694481036778,"stop":1694481037662,"duration":884}},{"uid":"94153440b9ccab7f","reportUrl":"https://zaelcovsky.github.io/StroyremAutomation/76//#testresult/94153440b9ccab7f","status":"broken","statusDetails":"selenium.common.exceptions.NoSuchElementException: Message: no such element: Unable to locate element: {\"method\":\"xpath\",\"selector\":\"(//a[@class='add-to-cart yellow-btn'])[1]\"}\n  (Session info: headless chrome=116.0.5845.96); For documentation on this error, please visit: https://www.selenium.dev/documentation/webdriver/troubleshooting/errors#no-such-element-exception\nStacktrace:\n#0 0x56161c499e23 <unknown>\n#1 0x56161c1c27a7 <unknown>\n#2 0x56161c2011d3 <unknown>\n#3 0x56161c2012c1 <unknown>\n#4 0x56161c23ca04 <unknown>\n#5 0x56161c22203d <unknown>\n#6 0x56161c23a369 <unknown>\n#7 0x56161c221de3 <unknown>\n#8 0x56161c1f5a7b <unknown>\n#9 0x56161c1f681e <unknown>\n#10 0x56161c45b638 <unknown>\n#11 0x56161c45f507 <unknown>\n#12 0x56161c469c4c <unknown>\n#13 0x56161c460136 <unknown>\n#14 0x56161c42e9cf <unknown>\n#15 0x56161c483b98 <unknown>\n#16 0x56161c483d68 <unknown>\n#17 0x56161c492cb3 <unknown>\n#18 0x7fde2b0af044 <unknown>","time":{"start":1694394542119,"stop":1694394542647,"duration":528}},{"uid":"9f37c54c76986909","reportUrl":"https://zaelcovsky.github.io/StroyremAutomation/75//#testresult/9f37c54c76986909","status":"broken","statusDetails":"selenium.common.exceptions.NoSuchElementException: Message: no such element: Unable to locate element: {\"method\":\"xpath\",\"selector\":\"(//a[@class='add-to-cart yellow-btn'])[1]\"}\n  (Session info: headless chrome=116.0.5845.96); For documentation on this error, please visit: https://www.selenium.dev/documentation/webdriver/troubleshooting/errors#no-such-element-exception\nStacktrace:\n#0 0x557cb5a4ce23 <unknown>\n#1 0x557cb57757a7 <unknown>\n#2 0x557cb57b41d3 <unknown>\n#3 0x557cb57b42c1 <unknown>\n#4 0x557cb57efa04 <unknown>\n#5 0x557cb57d503d <unknown>\n#6 0x557cb57ed369 <unknown>\n#7 0x557cb57d4de3 <unknown>\n#8 0x557cb57a8a7b <unknown>\n#9 0x557cb57a981e <unknown>\n#10 0x557cb5a0e638 <unknown>\n#11 0x557cb5a12507 <unknown>\n#12 0x557cb5a1cc4c <unknown>\n#13 0x557cb5a13136 <unknown>\n#14 0x557cb59e19cf <unknown>\n#15 0x557cb5a36b98 <unknown>\n#16 0x557cb5a36d68 <unknown>\n#17 0x557cb5a45cb3 <unknown>\n#18 0x7feb27885044 <unknown>","time":{"start":1694308298017,"stop":1694308302523,"duration":4506}},{"uid":"ac2634825a500a1a","reportUrl":"https://zaelcovsky.github.io/StroyremAutomation/74//#testresult/ac2634825a500a1a","status":"broken","statusDetails":"selenium.common.exceptions.NoSuchElementException: Message: no such element: Unable to locate element: {\"method\":\"xpath\",\"selector\":\"(//a[@class='add-to-cart yellow-btn'])[1]\"}\n  (Session info: headless chrome=116.0.5845.96); For documentation on this error, please visit: https://www.selenium.dev/documentation/webdriver/troubleshooting/errors#no-such-element-exception\nStacktrace:\n#0 0x563de3e98e23 <unknown>\n#1 0x563de3bc17a7 <unknown>\n#2 0x563de3c001d3 <unknown>\n#3 0x563de3c002c1 <unknown>\n#4 0x563de3c3ba04 <unknown>\n#5 0x563de3c2103d <unknown>\n#6 0x563de3c39369 <unknown>\n#7 0x563de3c20de3 <unknown>\n#8 0x563de3bf4a7b <unknown>\n#9 0x563de3bf581e <unknown>\n#10 0x563de3e5a638 <unknown>\n#11 0x563de3e5e507 <unknown>\n#12 0x563de3e68c4c <unknown>\n#13 0x563de3e5f136 <unknown>\n#14 0x563de3e2d9cf <unknown>\n#15 0x563de3e82b98 <unknown>\n#16 0x563de3e82d68 <unknown>\n#17 0x563de3e91cb3 <unknown>\n#18 0x7ff72d74d044 <unknown>","time":{"start":1694221841676,"stop":1694221842481,"duration":805}},{"uid":"d92107aa37128620","reportUrl":"https://zaelcovsky.github.io/StroyremAutomation/73//#testresult/d92107aa37128620","status":"broken","statusDetails":"selenium.common.exceptions.NoSuchElementException: Message: no such element: Unable to locate element: {\"method\":\"xpath\",\"selector\":\"(//a[@class='add-to-cart yellow-btn'])[1]\"}\n  (Session info: headless chrome=116.0.5845.96); For documentation on this error, please visit: https://www.selenium.dev/documentation/webdriver/troubleshooting/errors#no-such-element-exception\nStacktrace:\n#0 0x55be78735e23 <unknown>\n#1 0x55be7845e7a7 <unknown>\n#2 0x55be7849d1d3 <unknown>\n#3 0x55be7849d2c1 <unknown>\n#4 0x55be784d8a04 <unknown>\n#5 0x55be784be03d <unknown>\n#6 0x55be784d6369 <unknown>\n#7 0x55be784bdde3 <unknown>\n#8 0x55be78491a7b <unknown>\n#9 0x55be7849281e <unknown>\n#10 0x55be786f7638 <unknown>\n#11 0x55be786fb507 <unknown>\n#12 0x55be78705c4c <unknown>\n#13 0x55be786fc136 <unknown>\n#14 0x55be786ca9cf <unknown>\n#15 0x55be7871fb98 <unknown>\n#16 0x55be7871fd68 <unknown>\n#17 0x55be7872ecb3 <unknown>\n#18 0x7f69bfe01044 <unknown>","time":{"start":1694135298884,"stop":1694135299301,"duration":417}},{"uid":"eb703958208293ed","reportUrl":"https://zaelcovsky.github.io/StroyremAutomation/72//#testresult/eb703958208293ed","status":"broken","statusDetails":"selenium.common.exceptions.NoSuchElementException: Message: no such element: Unable to locate element: {\"method\":\"xpath\",\"selector\":\"(//a[@class='add-to-cart yellow-btn'])[1]\"}\n  (Session info: headless chrome=116.0.5845.96); For documentation on this error, please visit: https://www.selenium.dev/documentation/webdriver/troubleshooting/errors#no-such-element-exception\nStacktrace:\n#0 0x55674e070e23 <unknown>\n#1 0x55674dd997a7 <unknown>\n#2 0x55674ddd81d3 <unknown>\n#3 0x55674ddd82c1 <unknown>\n#4 0x55674de13a04 <unknown>\n#5 0x55674ddf903d <unknown>\n#6 0x55674de11369 <unknown>\n#7 0x55674ddf8de3 <unknown>\n#8 0x55674ddcca7b <unknown>\n#9 0x55674ddcd81e <unknown>\n#10 0x55674e032638 <unknown>\n#11 0x55674e036507 <unknown>\n#12 0x55674e040c4c <unknown>\n#13 0x55674e037136 <unknown>\n#14 0x55674e0059cf <unknown>\n#15 0x55674e05ab98 <unknown>\n#16 0x55674e05ad68 <unknown>\n#17 0x55674e069cb3 <unknown>\n#18 0x7f39d6e53044 <unknown>","time":{"start":1694049008097,"stop":1694049008665,"duration":568}},{"uid":"64c0acdcedee9e0e","reportUrl":"https://zaelcovsky.github.io/StroyremAutomation/71//#testresult/64c0acdcedee9e0e","status":"broken","statusDetails":"selenium.common.exceptions.ElementNotInteractableException: Message: element not interactable\n  (Session info: headless chrome=116.0.5845.96)\nStacktrace:\n#0 0x55b43f2dce23 <unknown>\n#1 0x55b43f0055f6 <unknown>\n#2 0x55b43f03bc5d <unknown>\n#3 0x55b43f065012 <unknown>\n#4 0x55b43f039fb6 <unknown>\n#5 0x55b43f0651de <unknown>\n#6 0x55b43f07d369 <unknown>\n#7 0x55b43f064de3 <unknown>\n#8 0x55b43f038a7b <unknown>\n#9 0x55b43f03981e <unknown>\n#10 0x55b43f29e638 <unknown>\n#11 0x55b43f2a2507 <unknown>\n#12 0x55b43f2acc4c <unknown>\n#13 0x55b43f2a3136 <unknown>\n#14 0x55b43f2719cf <unknown>\n#15 0x55b43f2c6b98 <unknown>\n#16 0x55b43f2c6d68 <unknown>\n#17 0x55b43f2d5cb3 <unknown>\n#18 0x7fcbc9a98044 <unknown>","time":{"start":1693962837226,"stop":1693962843382,"duration":6156}},{"uid":"ed59e4b20ea907c5","reportUrl":"https://zaelcovsky.github.io/StroyremAutomation/70//#testresult/ed59e4b20ea907c5","status":"broken","statusDetails":"selenium.common.exceptions.NoSuchElementException: Message: no such element: Unable to locate element: {\"method\":\"xpath\",\"selector\":\"(//a[@class='add-to-cart yellow-btn'])[1]\"}\n  (Session info: headless chrome=116.0.5845.96); For documentation on this error, please visit: https://www.selenium.dev/documentation/webdriver/troubleshooting/errors#no-such-element-exception\nStacktrace:\n#0 0x55ced655be23 <unknown>\n#1 0x55ced62847a7 <unknown>\n#2 0x55ced62c31d3 <unknown>\n#3 0x55ced62c32c1 <unknown>\n#4 0x55ced62fea04 <unknown>\n#5 0x55ced62e403d <unknown>\n#6 0x55ced62fc369 <unknown>\n#7 0x55ced62e3de3 <unknown>\n#8 0x55ced62b7a7b <unknown>\n#9 0x55ced62b881e <unknown>\n#10 0x55ced651d638 <unknown>\n#11 0x55ced6521507 <unknown>\n#12 0x55ced652bc4c <unknown>\n#13 0x55ced6522136 <unknown>\n#14 0x55ced64f09cf <unknown>\n#15 0x55ced6545b98 <unknown>\n#16 0x55ced6545d68 <unknown>\n#17 0x55ced6554cb3 <unknown>\n#18 0x7fc0fcaa5044 <unknown>","time":{"start":1693876218406,"stop":1693876218939,"duration":533}},{"uid":"b9c839a9c1bd3c20","reportUrl":"https://zaelcovsky.github.io/StroyremAutomation/69//#testresult/b9c839a9c1bd3c20","status":"broken","statusDetails":"selenium.common.exceptions.ElementNotInteractableException: Message: element not interactable\n  (Session info: headless chrome=116.0.5845.96)\nStacktrace:\n#0 0x564c8d6bfe23 <unknown>\n#1 0x564c8d3e85f6 <unknown>\n#2 0x564c8d41ec5d <unknown>\n#3 0x564c8d448012 <unknown>\n#4 0x564c8d41cfb6 <unknown>\n#5 0x564c8d4481de <unknown>\n#6 0x564c8d460369 <unknown>\n#7 0x564c8d447de3 <unknown>\n#8 0x564c8d41ba7b <unknown>\n#9 0x564c8d41c81e <unknown>\n#10 0x564c8d681638 <unknown>\n#11 0x564c8d685507 <unknown>\n#12 0x564c8d68fc4c <unknown>\n#13 0x564c8d686136 <unknown>\n#14 0x564c8d6549cf <unknown>\n#15 0x564c8d6a9b98 <unknown>\n#16 0x564c8d6a9d68 <unknown>\n#17 0x564c8d6b8cb3 <unknown>\n#18 0x7fba6469e044 <unknown>","time":{"start":1693790157158,"stop":1693790163437,"duration":6279}},{"uid":"d8f12c04eb16ec18","reportUrl":"https://zaelcovsky.github.io/StroyremAutomation/68//#testresult/d8f12c04eb16ec18","status":"broken","statusDetails":"selenium.common.exceptions.ElementNotInteractableException: Message: element not interactable\n  (Session info: headless chrome=116.0.5845.96)\nStacktrace:\n#0 0x555643533e23 <unknown>\n#1 0x55564325c5f6 <unknown>\n#2 0x555643292c5d <unknown>\n#3 0x5556432bc012 <unknown>\n#4 0x555643290fb6 <unknown>\n#5 0x5556432bc1de <unknown>\n#6 0x5556432d4369 <unknown>\n#7 0x5556432bbde3 <unknown>\n#8 0x55564328fa7b <unknown>\n#9 0x55564329081e <unknown>\n#10 0x5556434f5638 <unknown>\n#11 0x5556434f9507 <unknown>\n#12 0x555643503c4c <unknown>\n#13 0x5556434fa136 <unknown>\n#14 0x5556434c89cf <unknown>\n#15 0x55564351db98 <unknown>\n#16 0x55564351dd68 <unknown>\n#17 0x55564352ccb3 <unknown>\n#18 0x7f433f76a044 <unknown>","time":{"start":1693703719169,"stop":1693703724508,"duration":5339}},{"uid":"b569ab57579d611a","reportUrl":"https://zaelcovsky.github.io/StroyremAutomation/67//#testresult/b569ab57579d611a","status":"broken","statusDetails":"selenium.common.exceptions.WebDriverException: Message: unknown error: net::ERR_CONNECTION_REFUSED\n  (Session info: headless chrome=116.0.5845.96)\nStacktrace:\n#0 0x55dc10c06e23 <unknown>\n#1 0x55dc1092f7a7 <unknown>\n#2 0x55dc10927829 <unknown>\n#3 0x55dc109172c2 <unknown>\n#4 0x55dc109189fb <unknown>\n#5 0x55dc1091769d <unknown>\n#6 0x55dc1091665c <unknown>\n#7 0x55dc109165ce <unknown>\n#8 0x55dc1091528a <unknown>\n#9 0x55dc109156da <unknown>\n#10 0x55dc10931630 <unknown>\n#11 0x55dc109a7b15 <unknown>\n#12 0x55dc1098f012 <unknown>\n#13 0x55dc109a7369 <unknown>\n#14 0x55dc1098ede3 <unknown>\n#15 0x55dc10962a7b <unknown>\n#16 0x55dc1096381e <unknown>\n#17 0x55dc10bc8638 <unknown>\n#18 0x55dc10bcc507 <unknown>\n#19 0x55dc10bd6c4c <unknown>\n#20 0x55dc10bcd136 <unknown>\n#21 0x55dc10b9b9cf <unknown>\n#22 0x55dc10bf0b98 <unknown>\n#23 0x55dc10bf0d68 <unknown>\n#24 0x55dc10bffcb3 <unknown>\n#25 0x7fb43690c044 <unknown>","time":{"start":1693616917500,"stop":1693616917726,"duration":226}},{"uid":"a0450f5f26bd0a62","reportUrl":"https://zaelcovsky.github.io/StroyremAutomation/66//#testresult/a0450f5f26bd0a62","status":"broken","statusDetails":"selenium.common.exceptions.WebDriverException: Message: unknown error: net::ERR_CONNECTION_REFUSED\n  (Session info: headless chrome=116.0.5845.96)\nStacktrace:\n#0 0x55bdd9afde23 <unknown>\n#1 0x55bdd98267a7 <unknown>\n#2 0x55bdd981e829 <unknown>\n#3 0x55bdd980e2c2 <unknown>\n#4 0x55bdd980f9fb <unknown>\n#5 0x55bdd980e69d <unknown>\n#6 0x55bdd980d65c <unknown>\n#7 0x55bdd980d5ce <unknown>\n#8 0x55bdd980c28a <unknown>\n#9 0x55bdd980c6da <unknown>\n#10 0x55bdd9828630 <unknown>\n#11 0x55bdd989eb15 <unknown>\n#12 0x55bdd9886012 <unknown>\n#13 0x55bdd989e369 <unknown>\n#14 0x55bdd9885de3 <unknown>\n#15 0x55bdd9859a7b <unknown>\n#16 0x55bdd985a81e <unknown>\n#17 0x55bdd9abf638 <unknown>\n#18 0x55bdd9ac3507 <unknown>\n#19 0x55bdd9acdc4c <unknown>\n#20 0x55bdd9ac4136 <unknown>\n#21 0x55bdd9a929cf <unknown>\n#22 0x55bdd9ae7b98 <unknown>\n#23 0x55bdd9ae7d68 <unknown>\n#24 0x55bdd9af6cb3 <unknown>\n#25 0x7f1de6703044 <unknown>","time":{"start":1693530816262,"stop":1693530816449,"duration":187}},{"uid":"47acd4b0830ebf22","reportUrl":"https://zaelcovsky.github.io/StroyremAutomation/9//#testresult/47acd4b0830ebf22","status":"broken","statusDetails":"selenium.common.exceptions.ElementNotInteractableException: Message: element not interactable\n  (Session info: headless chrome=116.0.5845.96)\nStacktrace:\n#0 0x55ff27340e23 <unknown>\n#1 0x55ff270695f6 <unknown>\n#2 0x55ff2709fc5d <unknown>\n#3 0x55ff270c9012 <unknown>\n#4 0x55ff2709dfb6 <unknown>\n#5 0x55ff270c91de <unknown>\n#6 0x55ff270e1369 <unknown>\n#7 0x55ff270c8de3 <unknown>\n#8 0x55ff2709ca7b <unknown>\n#9 0x55ff2709d81e <unknown>\n#10 0x55ff27302638 <unknown>\n#11 0x55ff27306507 <unknown>\n#12 0x55ff27310c4c <unknown>\n#13 0x55ff27307136 <unknown>\n#14 0x55ff272d59cf <unknown>\n#15 0x55ff2732ab98 <unknown>\n#16 0x55ff2732ad68 <unknown>\n#17 0x55ff27339cb3 <unknown>\n#18 0x7fc984c96044 <unknown>","time":{"start":1693507022088,"stop":1693507025707,"duration":3619}}]},"tags":["smoke"]},"source":"9cecbe9a4019a69.json","parameterValues":["11440","299","'TD 024'","9900","'products/shtukaturka-gipsovaya-aksolit-m50-30-kg-mashinnogo-naneseniya'","4300","'https://sandboxtest.stroyrem-nn.ru/'","9000"]}