{"uid":"78586e10032a5552","name":"TD 020 Доставка товара весом до 2000кг. в синей зоне","fullName":"tests.delivery.test_delivery_calculation.TestDeliveryPageCalculation#test_positive_delivery_blue_zone_smoke","historyId":"c4ec1833f25483cec79cdb0ff77ddb11","time":{"start":1694826455075,"stop":1694826455919,"duration":844},"status":"broken","statusMessage":"selenium.common.exceptions.NoSuchElementException: Message: no such element: Unable to locate element: {\"method\":\"xpath\",\"selector\":\"(//a[@class='add-to-cart yellow-btn'])[1]\"}\n  (Session info: headless chrome=117.0.5938.88); For documentation on this error, please visit: https://www.selenium.dev/documentation/webdriver/troubleshooting/errors#no-such-element-exception\nStacktrace:\n#0 0x558f425c96c3 <unknown>\n#1 0x558f4229f1e7 <unknown>\n#2 0x558f422e6566 <unknown>\n#3 0x558f422e6651 <unknown>\n#4 0x558f42323a74 <unknown>\n#5 0x558f423080ed <unknown>\n#6 0x558f42321322 <unknown>\n#7 0x558f42307e93 <unknown>\n#8 0x558f422da934 <unknown>\n#9 0x558f422db71e <unknown>\n#10 0x558f4258ecc8 <unknown>\n#11 0x558f42592c00 <unknown>\n#12 0x558f4259d1ac <unknown>\n#13 0x558f42593818 <unknown>\n#14 0x558f4256028f <unknown>\n#15 0x558f425b7e98 <unknown>\n#16 0x558f425b8069 <unknown>\n#17 0x558f425c8853 <unknown>\n#18 0x7f3590d3a044 <unknown>","statusTrace":"self = <tests.delivery.test_delivery_calculation.TestDeliveryPageCalculation object at 0x7f238ca55b50>\ndriver = <selenium.webdriver.chrome.webdriver.WebDriver (session=\"9f3ecd5d17acc537976961c52a016da4\")>\nurl = 'https://sandboxtest.stroyrem-nn.ru/', case_id = 'TD 020'\nlink_item = 'products/shtukaturka-gipsovaya-aksolit-m50-30-kg-mashinnogo-naneseniya'\namount = 66, weight = 2000, standard = 1500, in_time = 2990, all_time = 3650\n\n    @pytest.mark.parametrize('case_id, link_item, amount, weight, standard, in_time, all_time', [\n        (\"TD 015\", bundeks_25, 1, 30, 650, 2390, 3320),\n        pytest.param(\n            \"TD 016\", aksolit_30, 8, 300, 650, 2390, 3320,\n            marks=pytest.mark.xfail(reson=\"Цена доставки: - - -\")\n        ),\n        (\"TD 017\", aksolit_30, 13, 400, 650, 2390, 3320),\n        (\"TD 018\", aksolit_30, 16, 500, 850, 2490, 3320),\n        (\"TD 019\", aksolit_30, 25, 1700, 1150, 2490, 3320),\n        (\"TD 020\", aksolit_30, 66, 2000, 1500, 2990, 3650),\n        (\"TD 021\", aksolit_30, 149, 4500, 2600, 4380, 4890),\n        (\"TD 022\", aksolit_30, 166, 5000, 2800, 5490, 5980),\n        pytest.param(\n            \"TD 023\", aksolit_30, 206, 6200, 3300, 7500, 8000,\n            marks=pytest.mark.xfail(reson=\"Цена доставки: 4300 9900 11440\")\n        ),\n        (\"TD 024\", aksolit_30, 299, 9000, 4300, 9900, 11440),\n        (\"TD 025\", aksolit_30, 333, 10000, 7000, 13900, 15900),\n        pytest.param(\n            \"TD 026\", aksolit_30, 366, 11000, 8000, 14900, 19900,\n            marks=pytest.mark.xfail(reson=\"Цена доставки: 7000 13900 15900\")\n        ),\n        pytest.param(\n            \"TD 027\", aksolit_30, 666, 20000, 14000, 16900, 23900,\n            marks=pytest.mark.xfail(reson=\"Цена доставки: 7000 13900 15900\")\n        )\n    ])\n    @pytest.mark.smoke\n    def test_positive_delivery_blue_zone_smoke(\n            self, driver, url, case_id, link_item, amount, weight, standard, in_time, all_time\n    ):\n        allure.dynamic.title(f\"{case_id} Доставка товара весом до {weight}кг. в синей зоне\")\n    \n        driver.get(f'{url}{link_item}')\n        item_page = ItemPage(driver)\n>       item_page.add_item_to_cart(amount).click_on_cart()\n\ntests/delivery/test_delivery_calculation.py:130: \n_ _ _ _ _ _ _ _ _ _ _ _ _ _ _ _ _ _ _ _ _ _ _ _ _ _ _ _ _ _ _ _ _ _ _ _ _ _ _ _ \npages/item_page.py:40: in add_item_to_cart\n    self.find_element(self._add_item).click()\nbase/seleniumbase.py:17: in find_element\n    return self.driver.find_element(*locator)\n/usr/local/lib/python3.11/site-packages/selenium/webdriver/remote/webdriver.py:740: in find_element\n    return self.execute(Command.FIND_ELEMENT, {\"using\": by, \"value\": value})[\"value\"]\n/usr/local/lib/python3.11/site-packages/selenium/webdriver/remote/webdriver.py:346: in execute\n    self.error_handler.check_response(response)\n_ _ _ _ _ _ _ _ _ _ _ _ _ _ _ _ _ _ _ _ _ _ _ _ _ _ _ _ _ _ _ _ _ _ _ _ _ _ _ _ \n\nself = <selenium.webdriver.remote.errorhandler.ErrorHandler object at 0x7f238cd47510>\nresponse = {'status': 404, 'value': '{\"value\":{\"error\":\"no such element\",\"message\":\"no such element: Unable to locate element: {\\...\\\\n#16 0x558f425b8069 \\\\u003Cunknown>\\\\n#17 0x558f425c8853 \\\\u003Cunknown>\\\\n#18 0x7f3590d3a044 \\\\u003Cunknown>\\\\n\"}}'}\n\n    def check_response(self, response: Dict[str, Any]) -> None:\n        \"\"\"Checks that a JSON response from the WebDriver does not have an\n        error.\n    \n        :Args:\n         - response - The JSON response from the WebDriver server as a dictionary\n           object.\n    \n        :Raises: If the response contains an error message.\n        \"\"\"\n        status = response.get(\"status\", None)\n        if not status or status == ErrorCode.SUCCESS:\n            return\n        value = None\n        message = response.get(\"message\", \"\")\n        screen: str = response.get(\"screen\", \"\")\n        stacktrace = None\n        if isinstance(status, int):\n            value_json = response.get(\"value\", None)\n            if value_json and isinstance(value_json, str):\n                import json\n    \n                try:\n                    value = json.loads(value_json)\n                    if len(value) == 1:\n                        value = value[\"value\"]\n                    status = value.get(\"error\", None)\n                    if not status:\n                        status = value.get(\"status\", ErrorCode.UNKNOWN_ERROR)\n                        message = value.get(\"value\") or value.get(\"message\")\n                        if not isinstance(message, str):\n                            value = message\n                            message = message.get(\"message\")\n                    else:\n                        message = value.get(\"message\", None)\n                except ValueError:\n                    pass\n    \n        exception_class: Type[WebDriverException]\n        if status in ErrorCode.NO_SUCH_ELEMENT:\n            exception_class = NoSuchElementException\n        elif status in ErrorCode.NO_SUCH_FRAME:\n            exception_class = NoSuchFrameException\n        elif status in ErrorCode.NO_SUCH_SHADOW_ROOT:\n            exception_class = NoSuchShadowRootException\n        elif status in ErrorCode.NO_SUCH_WINDOW:\n            exception_class = NoSuchWindowException\n        elif status in ErrorCode.STALE_ELEMENT_REFERENCE:\n            exception_class = StaleElementReferenceException\n        elif status in ErrorCode.ELEMENT_NOT_VISIBLE:\n            exception_class = ElementNotVisibleException\n        elif status in ErrorCode.INVALID_ELEMENT_STATE:\n            exception_class = InvalidElementStateException\n        elif (\n            status in ErrorCode.INVALID_SELECTOR\n            or status in ErrorCode.INVALID_XPATH_SELECTOR\n            or status in ErrorCode.INVALID_XPATH_SELECTOR_RETURN_TYPER\n        ):\n            exception_class = InvalidSelectorException\n        elif status in ErrorCode.ELEMENT_IS_NOT_SELECTABLE:\n            exception_class = ElementNotSelectableException\n        elif status in ErrorCode.ELEMENT_NOT_INTERACTABLE:\n            exception_class = ElementNotInteractableException\n        elif status in ErrorCode.INVALID_COOKIE_DOMAIN:\n            exception_class = InvalidCookieDomainException\n        elif status in ErrorCode.UNABLE_TO_SET_COOKIE:\n            exception_class = UnableToSetCookieException\n        elif status in ErrorCode.TIMEOUT:\n            exception_class = TimeoutException\n        elif status in ErrorCode.SCRIPT_TIMEOUT:\n            exception_class = TimeoutException\n        elif status in ErrorCode.UNKNOWN_ERROR:\n            exception_class = WebDriverException\n        elif status in ErrorCode.UNEXPECTED_ALERT_OPEN:\n            exception_class = UnexpectedAlertPresentException\n        elif status in ErrorCode.NO_ALERT_OPEN:\n            exception_class = NoAlertPresentException\n        elif status in ErrorCode.IME_NOT_AVAILABLE:\n            exception_class = ImeNotAvailableException\n        elif status in ErrorCode.IME_ENGINE_ACTIVATION_FAILED:\n            exception_class = ImeActivationFailedException\n        elif status in ErrorCode.MOVE_TARGET_OUT_OF_BOUNDS:\n            exception_class = MoveTargetOutOfBoundsException\n        elif status in ErrorCode.JAVASCRIPT_ERROR:\n            exception_class = JavascriptException\n        elif status in ErrorCode.SESSION_NOT_CREATED:\n            exception_class = SessionNotCreatedException\n        elif status in ErrorCode.INVALID_ARGUMENT:\n            exception_class = InvalidArgumentException\n        elif status in ErrorCode.NO_SUCH_COOKIE:\n            exception_class = NoSuchCookieException\n        elif status in ErrorCode.UNABLE_TO_CAPTURE_SCREEN:\n            exception_class = ScreenshotException\n        elif status in ErrorCode.ELEMENT_CLICK_INTERCEPTED:\n            exception_class = ElementClickInterceptedException\n        elif status in ErrorCode.INSECURE_CERTIFICATE:\n            exception_class = InsecureCertificateException\n        elif status in ErrorCode.INVALID_COORDINATES:\n            exception_class = InvalidCoordinatesException\n        elif status in ErrorCode.INVALID_SESSION_ID:\n            exception_class = InvalidSessionIdException\n        elif status in ErrorCode.UNKNOWN_METHOD:\n            exception_class = UnknownMethodException\n        else:\n            exception_class = WebDriverException\n        if not value:\n            value = response[\"value\"]\n        if isinstance(value, str):\n            raise exception_class(value)\n        if message == \"\" and \"message\" in value:\n            message = value[\"message\"]\n    \n        screen = None  # type: ignore[assignment]\n        if \"screen\" in value:\n            screen = value[\"screen\"]\n    \n        stacktrace = None\n        st_value = value.get(\"stackTrace\") or value.get(\"stacktrace\")\n        if st_value:\n            if isinstance(st_value, str):\n                stacktrace = st_value.split(\"\\n\")\n            else:\n                stacktrace = []\n                try:\n                    for frame in st_value:\n                        line = frame.get(\"lineNumber\", \"\")\n                        file = frame.get(\"fileName\", \"<anonymous>\")\n                        if line:\n                            file = f\"{file}:{line}\"\n                        meth = frame.get(\"methodName\", \"<anonymous>\")\n                        if \"className\" in frame:\n                            meth = f\"{frame['className']}.{meth}\"\n                        msg = \"    at %s (%s)\"\n                        msg = msg % (meth, file)\n                        stacktrace.append(msg)\n                except TypeError:\n                    pass\n        if exception_class == UnexpectedAlertPresentException:\n            alert_text = None\n            if \"data\" in value:\n                alert_text = value[\"data\"].get(\"text\")\n            elif \"alert\" in value:\n                alert_text = value[\"alert\"].get(\"text\")\n            raise exception_class(message, screen, stacktrace, alert_text)  # type: ignore[call-arg]  # mypy is not smart enough here\n>       raise exception_class(message, screen, stacktrace)\nE       selenium.common.exceptions.NoSuchElementException: Message: no such element: Unable to locate element: {\"method\":\"xpath\",\"selector\":\"(//a[@class='add-to-cart yellow-btn'])[1]\"}\nE         (Session info: headless chrome=117.0.5938.88); For documentation on this error, please visit: https://www.selenium.dev/documentation/webdriver/troubleshooting/errors#no-such-element-exception\nE       Stacktrace:\nE       #0 0x558f425c96c3 <unknown>\nE       #1 0x558f4229f1e7 <unknown>\nE       #2 0x558f422e6566 <unknown>\nE       #3 0x558f422e6651 <unknown>\nE       #4 0x558f42323a74 <unknown>\nE       #5 0x558f423080ed <unknown>\nE       #6 0x558f42321322 <unknown>\nE       #7 0x558f42307e93 <unknown>\nE       #8 0x558f422da934 <unknown>\nE       #9 0x558f422db71e <unknown>\nE       #10 0x558f4258ecc8 <unknown>\nE       #11 0x558f42592c00 <unknown>\nE       #12 0x558f4259d1ac <unknown>\nE       #13 0x558f42593818 <unknown>\nE       #14 0x558f4256028f <unknown>\nE       #15 0x558f425b7e98 <unknown>\nE       #16 0x558f425b8069 <unknown>\nE       #17 0x558f425c8853 <unknown>\nE       #18 0x7f3590d3a044 <unknown>\n\n/usr/local/lib/python3.11/site-packages/selenium/webdriver/remote/errorhandler.py:245: NoSuchElementException","flaky":false,"newFailed":false,"newBroken":false,"newPassed":false,"retriesCount":0,"retriesStatusChange":false,"beforeStages":[{"name":"_session_faker","time":{"start":1694825951373,"stop":1694825951468,"duration":95},"status":"passed","steps":[],"attachments":[],"parameters":[],"shouldDisplayMessage":false,"stepsCount":0,"attachmentsCount":0,"hasContent":false},{"name":"clear_allure_results_folder","time":{"start":1694825951468,"stop":1694825951468,"duration":0},"status":"passed","steps":[],"attachments":[],"parameters":[],"shouldDisplayMessage":false,"stepsCount":0,"attachmentsCount":0,"hasContent":false},{"name":"driver","time":{"start":1694826454263,"stop":1694826455074,"duration":811},"status":"passed","steps":[],"attachments":[],"parameters":[],"shouldDisplayMessage":false,"stepsCount":0,"attachmentsCount":0,"hasContent":false},{"name":"setup","time":{"start":1694826455074,"stop":1694826455074,"duration":0},"status":"passed","steps":[],"attachments":[],"parameters":[],"shouldDisplayMessage":false,"stepsCount":0,"attachmentsCount":0,"hasContent":false}],"testStage":{"status":"broken","statusMessage":"selenium.common.exceptions.NoSuchElementException: Message: no such element: Unable to locate element: {\"method\":\"xpath\",\"selector\":\"(//a[@class='add-to-cart yellow-btn'])[1]\"}\n  (Session info: headless chrome=117.0.5938.88); For documentation on this error, please visit: https://www.selenium.dev/documentation/webdriver/troubleshooting/errors#no-such-element-exception\nStacktrace:\n#0 0x558f425c96c3 <unknown>\n#1 0x558f4229f1e7 <unknown>\n#2 0x558f422e6566 <unknown>\n#3 0x558f422e6651 <unknown>\n#4 0x558f42323a74 <unknown>\n#5 0x558f423080ed <unknown>\n#6 0x558f42321322 <unknown>\n#7 0x558f42307e93 <unknown>\n#8 0x558f422da934 <unknown>\n#9 0x558f422db71e <unknown>\n#10 0x558f4258ecc8 <unknown>\n#11 0x558f42592c00 <unknown>\n#12 0x558f4259d1ac <unknown>\n#13 0x558f42593818 <unknown>\n#14 0x558f4256028f <unknown>\n#15 0x558f425b7e98 <unknown>\n#16 0x558f425b8069 <unknown>\n#17 0x558f425c8853 <unknown>\n#18 0x7f3590d3a044 <unknown>","statusTrace":"self = <tests.delivery.test_delivery_calculation.TestDeliveryPageCalculation object at 0x7f238ca55b50>\ndriver = <selenium.webdriver.chrome.webdriver.WebDriver (session=\"9f3ecd5d17acc537976961c52a016da4\")>\nurl = 'https://sandboxtest.stroyrem-nn.ru/', case_id = 'TD 020'\nlink_item = 'products/shtukaturka-gipsovaya-aksolit-m50-30-kg-mashinnogo-naneseniya'\namount = 66, weight = 2000, standard = 1500, in_time = 2990, all_time = 3650\n\n    @pytest.mark.parametrize('case_id, link_item, amount, weight, standard, in_time, all_time', [\n        (\"TD 015\", bundeks_25, 1, 30, 650, 2390, 3320),\n        pytest.param(\n            \"TD 016\", aksolit_30, 8, 300, 650, 2390, 3320,\n            marks=pytest.mark.xfail(reson=\"Цена доставки: - - -\")\n        ),\n        (\"TD 017\", aksolit_30, 13, 400, 650, 2390, 3320),\n        (\"TD 018\", aksolit_30, 16, 500, 850, 2490, 3320),\n        (\"TD 019\", aksolit_30, 25, 1700, 1150, 2490, 3320),\n        (\"TD 020\", aksolit_30, 66, 2000, 1500, 2990, 3650),\n        (\"TD 021\", aksolit_30, 149, 4500, 2600, 4380, 4890),\n        (\"TD 022\", aksolit_30, 166, 5000, 2800, 5490, 5980),\n        pytest.param(\n            \"TD 023\", aksolit_30, 206, 6200, 3300, 7500, 8000,\n            marks=pytest.mark.xfail(reson=\"Цена доставки: 4300 9900 11440\")\n        ),\n        (\"TD 024\", aksolit_30, 299, 9000, 4300, 9900, 11440),\n        (\"TD 025\", aksolit_30, 333, 10000, 7000, 13900, 15900),\n        pytest.param(\n            \"TD 026\", aksolit_30, 366, 11000, 8000, 14900, 19900,\n            marks=pytest.mark.xfail(reson=\"Цена доставки: 7000 13900 15900\")\n        ),\n        pytest.param(\n            \"TD 027\", aksolit_30, 666, 20000, 14000, 16900, 23900,\n            marks=pytest.mark.xfail(reson=\"Цена доставки: 7000 13900 15900\")\n        )\n    ])\n    @pytest.mark.smoke\n    def test_positive_delivery_blue_zone_smoke(\n            self, driver, url, case_id, link_item, amount, weight, standard, in_time, all_time\n    ):\n        allure.dynamic.title(f\"{case_id} Доставка товара весом до {weight}кг. в синей зоне\")\n    \n        driver.get(f'{url}{link_item}')\n        item_page = ItemPage(driver)\n>       item_page.add_item_to_cart(amount).click_on_cart()\n\ntests/delivery/test_delivery_calculation.py:130: \n_ _ _ _ _ _ _ _ _ _ _ _ _ _ _ _ _ _ _ _ _ _ _ _ _ _ _ _ _ _ _ _ _ _ _ _ _ _ _ _ \npages/item_page.py:40: in add_item_to_cart\n    self.find_element(self._add_item).click()\nbase/seleniumbase.py:17: in find_element\n    return self.driver.find_element(*locator)\n/usr/local/lib/python3.11/site-packages/selenium/webdriver/remote/webdriver.py:740: in find_element\n    return self.execute(Command.FIND_ELEMENT, {\"using\": by, \"value\": value})[\"value\"]\n/usr/local/lib/python3.11/site-packages/selenium/webdriver/remote/webdriver.py:346: in execute\n    self.error_handler.check_response(response)\n_ _ _ _ _ _ _ _ _ _ _ _ _ _ _ _ _ _ _ _ _ _ _ _ _ _ _ _ _ _ _ _ _ _ _ _ _ _ _ _ \n\nself = <selenium.webdriver.remote.errorhandler.ErrorHandler object at 0x7f238cd47510>\nresponse = {'status': 404, 'value': '{\"value\":{\"error\":\"no such element\",\"message\":\"no such element: Unable to locate element: {\\...\\\\n#16 0x558f425b8069 \\\\u003Cunknown>\\\\n#17 0x558f425c8853 \\\\u003Cunknown>\\\\n#18 0x7f3590d3a044 \\\\u003Cunknown>\\\\n\"}}'}\n\n    def check_response(self, response: Dict[str, Any]) -> None:\n        \"\"\"Checks that a JSON response from the WebDriver does not have an\n        error.\n    \n        :Args:\n         - response - The JSON response from the WebDriver server as a dictionary\n           object.\n    \n        :Raises: If the response contains an error message.\n        \"\"\"\n        status = response.get(\"status\", None)\n        if not status or status == ErrorCode.SUCCESS:\n            return\n        value = None\n        message = response.get(\"message\", \"\")\n        screen: str = response.get(\"screen\", \"\")\n        stacktrace = None\n        if isinstance(status, int):\n            value_json = response.get(\"value\", None)\n            if value_json and isinstance(value_json, str):\n                import json\n    \n                try:\n                    value = json.loads(value_json)\n                    if len(value) == 1:\n                        value = value[\"value\"]\n                    status = value.get(\"error\", None)\n                    if not status:\n                        status = value.get(\"status\", ErrorCode.UNKNOWN_ERROR)\n                        message = value.get(\"value\") or value.get(\"message\")\n                        if not isinstance(message, str):\n                            value = message\n                            message = message.get(\"message\")\n                    else:\n                        message = value.get(\"message\", None)\n                except ValueError:\n                    pass\n    \n        exception_class: Type[WebDriverException]\n        if status in ErrorCode.NO_SUCH_ELEMENT:\n            exception_class = NoSuchElementException\n        elif status in ErrorCode.NO_SUCH_FRAME:\n            exception_class = NoSuchFrameException\n        elif status in ErrorCode.NO_SUCH_SHADOW_ROOT:\n            exception_class = NoSuchShadowRootException\n        elif status in ErrorCode.NO_SUCH_WINDOW:\n            exception_class = NoSuchWindowException\n        elif status in ErrorCode.STALE_ELEMENT_REFERENCE:\n            exception_class = StaleElementReferenceException\n        elif status in ErrorCode.ELEMENT_NOT_VISIBLE:\n            exception_class = ElementNotVisibleException\n        elif status in ErrorCode.INVALID_ELEMENT_STATE:\n            exception_class = InvalidElementStateException\n        elif (\n            status in ErrorCode.INVALID_SELECTOR\n            or status in ErrorCode.INVALID_XPATH_SELECTOR\n            or status in ErrorCode.INVALID_XPATH_SELECTOR_RETURN_TYPER\n        ):\n            exception_class = InvalidSelectorException\n        elif status in ErrorCode.ELEMENT_IS_NOT_SELECTABLE:\n            exception_class = ElementNotSelectableException\n        elif status in ErrorCode.ELEMENT_NOT_INTERACTABLE:\n            exception_class = ElementNotInteractableException\n        elif status in ErrorCode.INVALID_COOKIE_DOMAIN:\n            exception_class = InvalidCookieDomainException\n        elif status in ErrorCode.UNABLE_TO_SET_COOKIE:\n            exception_class = UnableToSetCookieException\n        elif status in ErrorCode.TIMEOUT:\n            exception_class = TimeoutException\n        elif status in ErrorCode.SCRIPT_TIMEOUT:\n            exception_class = TimeoutException\n        elif status in ErrorCode.UNKNOWN_ERROR:\n            exception_class = WebDriverException\n        elif status in ErrorCode.UNEXPECTED_ALERT_OPEN:\n            exception_class = UnexpectedAlertPresentException\n        elif status in ErrorCode.NO_ALERT_OPEN:\n            exception_class = NoAlertPresentException\n        elif status in ErrorCode.IME_NOT_AVAILABLE:\n            exception_class = ImeNotAvailableException\n        elif status in ErrorCode.IME_ENGINE_ACTIVATION_FAILED:\n            exception_class = ImeActivationFailedException\n        elif status in ErrorCode.MOVE_TARGET_OUT_OF_BOUNDS:\n            exception_class = MoveTargetOutOfBoundsException\n        elif status in ErrorCode.JAVASCRIPT_ERROR:\n            exception_class = JavascriptException\n        elif status in ErrorCode.SESSION_NOT_CREATED:\n            exception_class = SessionNotCreatedException\n        elif status in ErrorCode.INVALID_ARGUMENT:\n            exception_class = InvalidArgumentException\n        elif status in ErrorCode.NO_SUCH_COOKIE:\n            exception_class = NoSuchCookieException\n        elif status in ErrorCode.UNABLE_TO_CAPTURE_SCREEN:\n            exception_class = ScreenshotException\n        elif status in ErrorCode.ELEMENT_CLICK_INTERCEPTED:\n            exception_class = ElementClickInterceptedException\n        elif status in ErrorCode.INSECURE_CERTIFICATE:\n            exception_class = InsecureCertificateException\n        elif status in ErrorCode.INVALID_COORDINATES:\n            exception_class = InvalidCoordinatesException\n        elif status in ErrorCode.INVALID_SESSION_ID:\n            exception_class = InvalidSessionIdException\n        elif status in ErrorCode.UNKNOWN_METHOD:\n            exception_class = UnknownMethodException\n        else:\n            exception_class = WebDriverException\n        if not value:\n            value = response[\"value\"]\n        if isinstance(value, str):\n            raise exception_class(value)\n        if message == \"\" and \"message\" in value:\n            message = value[\"message\"]\n    \n        screen = None  # type: ignore[assignment]\n        if \"screen\" in value:\n            screen = value[\"screen\"]\n    \n        stacktrace = None\n        st_value = value.get(\"stackTrace\") or value.get(\"stacktrace\")\n        if st_value:\n            if isinstance(st_value, str):\n                stacktrace = st_value.split(\"\\n\")\n            else:\n                stacktrace = []\n                try:\n                    for frame in st_value:\n                        line = frame.get(\"lineNumber\", \"\")\n                        file = frame.get(\"fileName\", \"<anonymous>\")\n                        if line:\n                            file = f\"{file}:{line}\"\n                        meth = frame.get(\"methodName\", \"<anonymous>\")\n                        if \"className\" in frame:\n                            meth = f\"{frame['className']}.{meth}\"\n                        msg = \"    at %s (%s)\"\n                        msg = msg % (meth, file)\n                        stacktrace.append(msg)\n                except TypeError:\n                    pass\n        if exception_class == UnexpectedAlertPresentException:\n            alert_text = None\n            if \"data\" in value:\n                alert_text = value[\"data\"].get(\"text\")\n            elif \"alert\" in value:\n                alert_text = value[\"alert\"].get(\"text\")\n            raise exception_class(message, screen, stacktrace, alert_text)  # type: ignore[call-arg]  # mypy is not smart enough here\n>       raise exception_class(message, screen, stacktrace)\nE       selenium.common.exceptions.NoSuchElementException: Message: no such element: Unable to locate element: {\"method\":\"xpath\",\"selector\":\"(//a[@class='add-to-cart yellow-btn'])[1]\"}\nE         (Session info: headless chrome=117.0.5938.88); For documentation on this error, please visit: https://www.selenium.dev/documentation/webdriver/troubleshooting/errors#no-such-element-exception\nE       Stacktrace:\nE       #0 0x558f425c96c3 <unknown>\nE       #1 0x558f4229f1e7 <unknown>\nE       #2 0x558f422e6566 <unknown>\nE       #3 0x558f422e6651 <unknown>\nE       #4 0x558f42323a74 <unknown>\nE       #5 0x558f423080ed <unknown>\nE       #6 0x558f42321322 <unknown>\nE       #7 0x558f42307e93 <unknown>\nE       #8 0x558f422da934 <unknown>\nE       #9 0x558f422db71e <unknown>\nE       #10 0x558f4258ecc8 <unknown>\nE       #11 0x558f42592c00 <unknown>\nE       #12 0x558f4259d1ac <unknown>\nE       #13 0x558f42593818 <unknown>\nE       #14 0x558f4256028f <unknown>\nE       #15 0x558f425b7e98 <unknown>\nE       #16 0x558f425b8069 <unknown>\nE       #17 0x558f425c8853 <unknown>\nE       #18 0x7f3590d3a044 <unknown>\n\n/usr/local/lib/python3.11/site-packages/selenium/webdriver/remote/errorhandler.py:245: NoSuchElementException","steps":[{"name":"Добавляем товар в корзину в количестве 66","time":{"start":1694826455900,"stop":1694826455918,"duration":18},"status":"broken","statusMessage":"selenium.common.exceptions.NoSuchElementException: Message: no such element: Unable to locate element: {\"method\":\"xpath\",\"selector\":\"(//a[@class='add-to-cart yellow-btn'])[1]\"}\n  (Session info: headless chrome=117.0.5938.88); For documentation on this error, please visit: https://www.selenium.dev/documentation/webdriver/troubleshooting/errors#no-such-element-exception\nStacktrace:\n#0 0x558f425c96c3 <unknown>\n#1 0x558f4229f1e7 <unknown>\n#2 0x558f422e6566 <unknown>\n#3 0x558f422e6651 <unknown>\n#4 0x558f42323a74 <unknown>\n#5 0x558f423080ed <unknown>\n#6 0x558f42321322 <unknown>\n#7 0x558f42307e93 <unknown>\n#8 0x558f422da934 <unknown>\n#9 0x558f422db71e <unknown>\n#10 0x558f4258ecc8 <unknown>\n#11 0x558f42592c00 <unknown>\n#12 0x558f4259d1ac <unknown>\n#13 0x558f42593818 <unknown>\n#14 0x558f4256028f <unknown>\n#15 0x558f425b7e98 <unknown>\n#16 0x558f425b8069 <unknown>\n#17 0x558f425c8853 <unknown>\n#18 0x7f3590d3a044 <unknown>\n\n","statusTrace":"  File \"/usr/local/lib/python3.11/site-packages/allure_commons/_allure.py\", line 192, in impl\n    return func(*a, **kw)\n           ^^^^^^^^^^^^^^\n  File \"/app/pages/item_page.py\", line 40, in add_item_to_cart\n    self.find_element(self._add_item).click()\n    ^^^^^^^^^^^^^^^^^^^^^^^^^^^^^^^^^\n  File \"/app/base/seleniumbase.py\", line 17, in find_element\n    return self.driver.find_element(*locator)\n           ^^^^^^^^^^^^^^^^^^^^^^^^^^^^^^^^^^\n  File \"/usr/local/lib/python3.11/site-packages/selenium/webdriver/remote/webdriver.py\", line 740, in find_element\n    return self.execute(Command.FIND_ELEMENT, {\"using\": by, \"value\": value})[\"value\"]\n           ^^^^^^^^^^^^^^^^^^^^^^^^^^^^^^^^^^^^^^^^^^^^^^^^^^^^^^^^^^^^^^^^^\n  File \"/usr/local/lib/python3.11/site-packages/selenium/webdriver/remote/webdriver.py\", line 346, in execute\n    self.error_handler.check_response(response)\n  File \"/usr/local/lib/python3.11/site-packages/selenium/webdriver/remote/errorhandler.py\", line 245, in check_response\n    raise exception_class(message, screen, stacktrace)\n","steps":[],"attachments":[],"parameters":[{"name":"amount","value":"66"}],"shouldDisplayMessage":true,"stepsCount":0,"attachmentsCount":0,"hasContent":true}],"attachments":[{"uid":"ad289a68020efd7d","name":"Screenshot","source":"ad289a68020efd7d.png","type":"image/png","size":39917},{"uid":"915b442f2007e52b","name":"HTML source","source":"915b442f2007e52b.html","type":"text/html","size":544}],"parameters":[],"shouldDisplayMessage":true,"stepsCount":1,"attachmentsCount":2,"hasContent":true},"afterStages":[{"name":"setup::0","time":{"start":1694826456082,"stop":1694826456082,"duration":0},"status":"passed","steps":[],"attachments":[],"parameters":[],"shouldDisplayMessage":false,"stepsCount":0,"attachmentsCount":0,"hasContent":false},{"name":"driver::0","time":{"start":1694826456083,"stop":1694826456140,"duration":57},"status":"passed","steps":[],"attachments":[],"parameters":[],"shouldDisplayMessage":false,"stepsCount":0,"attachmentsCount":0,"hasContent":false}],"labels":[{"name":"epic","value":"Delivery Page - calculation"},{"name":"tag","value":"smoke"},{"name":"parentSuite","value":"tests.delivery"},{"name":"suite","value":"test_delivery_calculation"},{"name":"subSuite","value":"TestDeliveryPageCalculation"},{"name":"host","value":"65a8e3023ede"},{"name":"thread","value":"1-MainThread"},{"name":"framework","value":"pytest"},{"name":"language","value":"cpython3"},{"name":"package","value":"tests.delivery.test_delivery_calculation"},{"name":"resultFormat","value":"allure2"}],"parameters":[{"name":"all_time","value":"3650"},{"name":"amount","value":"66"},{"name":"case_id","value":"'TD 020'"},{"name":"in_time","value":"2990"},{"name":"link_item","value":"'products/shtukaturka-gipsovaya-aksolit-m50-30-kg-mashinnogo-naneseniya'"},{"name":"standard","value":"1500"},{"name":"url","value":"'https://sandboxtest.stroyrem-nn.ru/'"},{"name":"weight","value":"2000"}],"links":[],"hidden":false,"retry":false,"extra":{"severity":"normal","retries":[],"categories":[{"name":"Test defects","matchedStatuses":[],"flaky":false}],"history":{"statistic":{"failed":0,"broken":17,"skipped":0,"passed":0,"unknown":0,"total":17},"items":[{"uid":"cf270fd21590b6c8","reportUrl":"https://zaelcovsky.github.io/StroyremAutomation/80//#testresult/cf270fd21590b6c8","status":"broken","statusDetails":"selenium.common.exceptions.NoSuchElementException: Message: no such element: Unable to locate element: {\"method\":\"xpath\",\"selector\":\"(//a[@class='add-to-cart yellow-btn'])[1]\"}\n  (Session info: headless chrome=117.0.5938.62); For documentation on this error, please visit: https://www.selenium.dev/documentation/webdriver/troubleshooting/errors#no-such-element-exception\nStacktrace:\n#0 0x55ba54c77693 <unknown>\n#1 0x55ba5494d1e7 <unknown>\n#2 0x55ba54994566 <unknown>\n#3 0x55ba54994651 <unknown>\n#4 0x55ba549d1a74 <unknown>\n#5 0x55ba549b60ed <unknown>\n#6 0x55ba549cf322 <unknown>\n#7 0x55ba549b5e93 <unknown>\n#8 0x55ba54988934 <unknown>\n#9 0x55ba5498971e <unknown>\n#10 0x55ba54c3cc98 <unknown>\n#11 0x55ba54c40bd0 <unknown>\n#12 0x55ba54c4b17c <unknown>\n#13 0x55ba54c417e8 <unknown>\n#14 0x55ba54c0e25f <unknown>\n#15 0x55ba54c65e68 <unknown>\n#16 0x55ba54c66039 <unknown>\n#17 0x55ba54c76823 <unknown>\n#18 0x7f1f3273f044 <unknown>","time":{"start":1694740064821,"stop":1694740065267,"duration":446}},{"uid":"a8328624a7f9e942","reportUrl":"https://zaelcovsky.github.io/StroyremAutomation/79//#testresult/a8328624a7f9e942","status":"broken","statusDetails":"selenium.common.exceptions.NoSuchElementException: Message: no such element: Unable to locate element: {\"method\":\"xpath\",\"selector\":\"(//a[@class='add-to-cart yellow-btn'])[1]\"}\n  (Session info: headless chrome=117.0.5938.62); For documentation on this error, please visit: https://www.selenium.dev/documentation/webdriver/troubleshooting/errors#no-such-element-exception\nStacktrace:\n#0 0x55e7b9fd6693 <unknown>\n#1 0x55e7b9cac1e7 <unknown>\n#2 0x55e7b9cf3566 <unknown>\n#3 0x55e7b9cf3651 <unknown>\n#4 0x55e7b9d30a74 <unknown>\n#5 0x55e7b9d150ed <unknown>\n#6 0x55e7b9d2e322 <unknown>\n#7 0x55e7b9d14e93 <unknown>\n#8 0x55e7b9ce7934 <unknown>\n#9 0x55e7b9ce871e <unknown>\n#10 0x55e7b9f9bc98 <unknown>\n#11 0x55e7b9f9fbd0 <unknown>\n#12 0x55e7b9faa17c <unknown>\n#13 0x55e7b9fa07e8 <unknown>\n#14 0x55e7b9f6d25f <unknown>\n#15 0x55e7b9fc4e68 <unknown>\n#16 0x55e7b9fc5039 <unknown>\n#17 0x55e7b9fd5823 <unknown>\n#18 0x7f4add39a044 <unknown>","time":{"start":1694653890875,"stop":1694653891523,"duration":648}},{"uid":"1e4c7e9edcd89bfb","reportUrl":"https://zaelcovsky.github.io/StroyremAutomation/78//#testresult/1e4c7e9edcd89bfb","status":"broken","statusDetails":"selenium.common.exceptions.NoSuchElementException: Message: no such element: Unable to locate element: {\"method\":\"xpath\",\"selector\":\"(//a[@class='add-to-cart yellow-btn'])[1]\"}\n  (Session info: headless chrome=117.0.5938.62); For documentation on this error, please visit: https://www.selenium.dev/documentation/webdriver/troubleshooting/errors#no-such-element-exception\nStacktrace:\n#0 0x560a042c9693 <unknown>\n#1 0x560a03f9f1e7 <unknown>\n#2 0x560a03fe6566 <unknown>\n#3 0x560a03fe6651 <unknown>\n#4 0x560a04023a74 <unknown>\n#5 0x560a040080ed <unknown>\n#6 0x560a04021322 <unknown>\n#7 0x560a04007e93 <unknown>\n#8 0x560a03fda934 <unknown>\n#9 0x560a03fdb71e <unknown>\n#10 0x560a0428ec98 <unknown>\n#11 0x560a04292bd0 <unknown>\n#12 0x560a0429d17c <unknown>\n#13 0x560a042937e8 <unknown>\n#14 0x560a0426025f <unknown>\n#15 0x560a042b7e68 <unknown>\n#16 0x560a042b8039 <unknown>\n#17 0x560a042c8823 <unknown>\n#18 0x7f5c4c82a044 <unknown>","time":{"start":1694567377851,"stop":1694567378410,"duration":559}},{"uid":"640c6f0ecffa8891","reportUrl":"https://zaelcovsky.github.io/StroyremAutomation/77//#testresult/640c6f0ecffa8891","status":"broken","statusDetails":"selenium.common.exceptions.NoSuchElementException: Message: no such element: Unable to locate element: {\"method\":\"xpath\",\"selector\":\"(//a[@class='add-to-cart yellow-btn'])[1]\"}\n  (Session info: headless chrome=116.0.5845.96); For documentation on this error, please visit: https://www.selenium.dev/documentation/webdriver/troubleshooting/errors#no-such-element-exception\nStacktrace:\n#0 0x563fe4ae0e23 <unknown>\n#1 0x563fe48097a7 <unknown>\n#2 0x563fe48481d3 <unknown>\n#3 0x563fe48482c1 <unknown>\n#4 0x563fe4883a04 <unknown>\n#5 0x563fe486903d <unknown>\n#6 0x563fe4881369 <unknown>\n#7 0x563fe4868de3 <unknown>\n#8 0x563fe483ca7b <unknown>\n#9 0x563fe483d81e <unknown>\n#10 0x563fe4aa2638 <unknown>\n#11 0x563fe4aa6507 <unknown>\n#12 0x563fe4ab0c4c <unknown>\n#13 0x563fe4aa7136 <unknown>\n#14 0x563fe4a759cf <unknown>\n#15 0x563fe4acab98 <unknown>\n#16 0x563fe4acad68 <unknown>\n#17 0x563fe4ad9cb3 <unknown>\n#18 0x7f7418933044 <unknown>","time":{"start":1694481029824,"stop":1694481030527,"duration":703}},{"uid":"4918925a4c74d75f","reportUrl":"https://zaelcovsky.github.io/StroyremAutomation/76//#testresult/4918925a4c74d75f","status":"broken","statusDetails":"selenium.common.exceptions.NoSuchElementException: Message: no such element: Unable to locate element: {\"method\":\"xpath\",\"selector\":\"(//a[@class='add-to-cart yellow-btn'])[1]\"}\n  (Session info: headless chrome=116.0.5845.96); For documentation on this error, please visit: https://www.selenium.dev/documentation/webdriver/troubleshooting/errors#no-such-element-exception\nStacktrace:\n#0 0x564db83c5e23 <unknown>\n#1 0x564db80ee7a7 <unknown>\n#2 0x564db812d1d3 <unknown>\n#3 0x564db812d2c1 <unknown>\n#4 0x564db8168a04 <unknown>\n#5 0x564db814e03d <unknown>\n#6 0x564db8166369 <unknown>\n#7 0x564db814dde3 <unknown>\n#8 0x564db8121a7b <unknown>\n#9 0x564db812281e <unknown>\n#10 0x564db8387638 <unknown>\n#11 0x564db838b507 <unknown>\n#12 0x564db8395c4c <unknown>\n#13 0x564db838c136 <unknown>\n#14 0x564db835a9cf <unknown>\n#15 0x564db83afb98 <unknown>\n#16 0x564db83afd68 <unknown>\n#17 0x564db83becb3 <unknown>\n#18 0x7ff60a268044 <unknown>","time":{"start":1694394535923,"stop":1694394536721,"duration":798}},{"uid":"b2566e39bee9f6d6","reportUrl":"https://zaelcovsky.github.io/StroyremAutomation/75//#testresult/b2566e39bee9f6d6","status":"broken","statusDetails":"selenium.common.exceptions.NoSuchElementException: Message: no such element: Unable to locate element: {\"method\":\"xpath\",\"selector\":\"(//a[@class='add-to-cart yellow-btn'])[1]\"}\n  (Session info: headless chrome=116.0.5845.96); For documentation on this error, please visit: https://www.selenium.dev/documentation/webdriver/troubleshooting/errors#no-such-element-exception\nStacktrace:\n#0 0x55f8f6e02e23 <unknown>\n#1 0x55f8f6b2b7a7 <unknown>\n#2 0x55f8f6b6a1d3 <unknown>\n#3 0x55f8f6b6a2c1 <unknown>\n#4 0x55f8f6ba5a04 <unknown>\n#5 0x55f8f6b8b03d <unknown>\n#6 0x55f8f6ba3369 <unknown>\n#7 0x55f8f6b8ade3 <unknown>\n#8 0x55f8f6b5ea7b <unknown>\n#9 0x55f8f6b5f81e <unknown>\n#10 0x55f8f6dc4638 <unknown>\n#11 0x55f8f6dc8507 <unknown>\n#12 0x55f8f6dd2c4c <unknown>\n#13 0x55f8f6dc9136 <unknown>\n#14 0x55f8f6d979cf <unknown>\n#15 0x55f8f6decb98 <unknown>\n#16 0x55f8f6decd68 <unknown>\n#17 0x55f8f6dfbcb3 <unknown>\n#18 0x7f1bf6cf9044 <unknown>","time":{"start":1694308292032,"stop":1694308292568,"duration":536}},{"uid":"a75ef8592c1b5a68","reportUrl":"https://zaelcovsky.github.io/StroyremAutomation/74//#testresult/a75ef8592c1b5a68","status":"broken","statusDetails":"selenium.common.exceptions.NoSuchElementException: Message: no such element: Unable to locate element: {\"method\":\"xpath\",\"selector\":\"(//a[@class='add-to-cart yellow-btn'])[1]\"}\n  (Session info: headless chrome=116.0.5845.96); For documentation on this error, please visit: https://www.selenium.dev/documentation/webdriver/troubleshooting/errors#no-such-element-exception\nStacktrace:\n#0 0x5568d6238e23 <unknown>\n#1 0x5568d5f617a7 <unknown>\n#2 0x5568d5fa01d3 <unknown>\n#3 0x5568d5fa02c1 <unknown>\n#4 0x5568d5fdba04 <unknown>\n#5 0x5568d5fc103d <unknown>\n#6 0x5568d5fd9369 <unknown>\n#7 0x5568d5fc0de3 <unknown>\n#8 0x5568d5f94a7b <unknown>\n#9 0x5568d5f9581e <unknown>\n#10 0x5568d61fa638 <unknown>\n#11 0x5568d61fe507 <unknown>\n#12 0x5568d6208c4c <unknown>\n#13 0x5568d61ff136 <unknown>\n#14 0x5568d61cd9cf <unknown>\n#15 0x5568d6222b98 <unknown>\n#16 0x5568d6222d68 <unknown>\n#17 0x5568d6231cb3 <unknown>\n#18 0x7f59f78f6044 <unknown>","time":{"start":1694221834781,"stop":1694221835408,"duration":627}},{"uid":"4b88c1cead33c8f4","reportUrl":"https://zaelcovsky.github.io/StroyremAutomation/73//#testresult/4b88c1cead33c8f4","status":"broken","statusDetails":"selenium.common.exceptions.NoSuchElementException: Message: no such element: Unable to locate element: {\"method\":\"xpath\",\"selector\":\"(//a[@class='add-to-cart yellow-btn'])[1]\"}\n  (Session info: headless chrome=116.0.5845.96); For documentation on this error, please visit: https://www.selenium.dev/documentation/webdriver/troubleshooting/errors#no-such-element-exception\nStacktrace:\n#0 0x55ded9eeee23 <unknown>\n#1 0x55ded9c177a7 <unknown>\n#2 0x55ded9c561d3 <unknown>\n#3 0x55ded9c562c1 <unknown>\n#4 0x55ded9c91a04 <unknown>\n#5 0x55ded9c7703d <unknown>\n#6 0x55ded9c8f369 <unknown>\n#7 0x55ded9c76de3 <unknown>\n#8 0x55ded9c4aa7b <unknown>\n#9 0x55ded9c4b81e <unknown>\n#10 0x55ded9eb0638 <unknown>\n#11 0x55ded9eb4507 <unknown>\n#12 0x55ded9ebec4c <unknown>\n#13 0x55ded9eb5136 <unknown>\n#14 0x55ded9e839cf <unknown>\n#15 0x55ded9ed8b98 <unknown>\n#16 0x55ded9ed8d68 <unknown>\n#17 0x55ded9ee7cb3 <unknown>\n#18 0x7f2fdb18f044 <unknown>","time":{"start":1694135292980,"stop":1694135293455,"duration":475}},{"uid":"f2ab0f08d445f13","reportUrl":"https://zaelcovsky.github.io/StroyremAutomation/72//#testresult/f2ab0f08d445f13","status":"broken","statusDetails":"selenium.common.exceptions.NoSuchElementException: Message: no such element: Unable to locate element: {\"method\":\"xpath\",\"selector\":\"(//a[@class='add-to-cart yellow-btn'])[1]\"}\n  (Session info: headless chrome=116.0.5845.96); For documentation on this error, please visit: https://www.selenium.dev/documentation/webdriver/troubleshooting/errors#no-such-element-exception\nStacktrace:\n#0 0x557ce5820e23 <unknown>\n#1 0x557ce55497a7 <unknown>\n#2 0x557ce55881d3 <unknown>\n#3 0x557ce55882c1 <unknown>\n#4 0x557ce55c3a04 <unknown>\n#5 0x557ce55a903d <unknown>\n#6 0x557ce55c1369 <unknown>\n#7 0x557ce55a8de3 <unknown>\n#8 0x557ce557ca7b <unknown>\n#9 0x557ce557d81e <unknown>\n#10 0x557ce57e2638 <unknown>\n#11 0x557ce57e6507 <unknown>\n#12 0x557ce57f0c4c <unknown>\n#13 0x557ce57e7136 <unknown>\n#14 0x557ce57b59cf <unknown>\n#15 0x557ce580ab98 <unknown>\n#16 0x557ce580ad68 <unknown>\n#17 0x557ce5819cb3 <unknown>\n#18 0x7ffa49ba6044 <unknown>","time":{"start":1694049001740,"stop":1694049002276,"duration":536}},{"uid":"4a7d916abdef21a1","reportUrl":"https://zaelcovsky.github.io/StroyremAutomation/71//#testresult/4a7d916abdef21a1","status":"broken","statusDetails":"selenium.common.exceptions.ElementNotInteractableException: Message: element not interactable\n  (Session info: headless chrome=116.0.5845.96)\nStacktrace:\n#0 0x559359ee8e23 <unknown>\n#1 0x559359c115f6 <unknown>\n#2 0x559359c47c5d <unknown>\n#3 0x559359c71012 <unknown>\n#4 0x559359c45fb6 <unknown>\n#5 0x559359c711de <unknown>\n#6 0x559359c89369 <unknown>\n#7 0x559359c70de3 <unknown>\n#8 0x559359c44a7b <unknown>\n#9 0x559359c4581e <unknown>\n#10 0x559359eaa638 <unknown>\n#11 0x559359eae507 <unknown>\n#12 0x559359eb8c4c <unknown>\n#13 0x559359eaf136 <unknown>\n#14 0x559359e7d9cf <unknown>\n#15 0x559359ed2b98 <unknown>\n#16 0x559359ed2d68 <unknown>\n#17 0x559359ee1cb3 <unknown>\n#18 0x7f26af72b044 <unknown>","time":{"start":1693962808218,"stop":1693962814364,"duration":6146}},{"uid":"1078f90f254580d9","reportUrl":"https://zaelcovsky.github.io/StroyremAutomation/70//#testresult/1078f90f254580d9","status":"broken","statusDetails":"selenium.common.exceptions.NoSuchElementException: Message: no such element: Unable to locate element: {\"method\":\"xpath\",\"selector\":\"(//a[@class='add-to-cart yellow-btn'])[1]\"}\n  (Session info: headless chrome=116.0.5845.96); For documentation on this error, please visit: https://www.selenium.dev/documentation/webdriver/troubleshooting/errors#no-such-element-exception\nStacktrace:\n#0 0x55e4c6944e23 <unknown>\n#1 0x55e4c666d7a7 <unknown>\n#2 0x55e4c66ac1d3 <unknown>\n#3 0x55e4c66ac2c1 <unknown>\n#4 0x55e4c66e7a04 <unknown>\n#5 0x55e4c66cd03d <unknown>\n#6 0x55e4c66e5369 <unknown>\n#7 0x55e4c66ccde3 <unknown>\n#8 0x55e4c66a0a7b <unknown>\n#9 0x55e4c66a181e <unknown>\n#10 0x55e4c6906638 <unknown>\n#11 0x55e4c690a507 <unknown>\n#12 0x55e4c6914c4c <unknown>\n#13 0x55e4c690b136 <unknown>\n#14 0x55e4c68d99cf <unknown>\n#15 0x55e4c692eb98 <unknown>\n#16 0x55e4c692ed68 <unknown>\n#17 0x55e4c693dcb3 <unknown>\n#18 0x7f6429331044 <unknown>","time":{"start":1693876211854,"stop":1693876212387,"duration":533}},{"uid":"4d81dc7255bb248","reportUrl":"https://zaelcovsky.github.io/StroyremAutomation/69//#testresult/4d81dc7255bb248","status":"broken","statusDetails":"selenium.common.exceptions.ElementNotInteractableException: Message: element not interactable\n  (Session info: headless chrome=116.0.5845.96)\nStacktrace:\n#0 0x5631e9ebde23 <unknown>\n#1 0x5631e9be65f6 <unknown>\n#2 0x5631e9c1cc5d <unknown>\n#3 0x5631e9c46012 <unknown>\n#4 0x5631e9c1afb6 <unknown>\n#5 0x5631e9c461de <unknown>\n#6 0x5631e9c5e369 <unknown>\n#7 0x5631e9c45de3 <unknown>\n#8 0x5631e9c19a7b <unknown>\n#9 0x5631e9c1a81e <unknown>\n#10 0x5631e9e7f638 <unknown>\n#11 0x5631e9e83507 <unknown>\n#12 0x5631e9e8dc4c <unknown>\n#13 0x5631e9e84136 <unknown>\n#14 0x5631e9e529cf <unknown>\n#15 0x5631e9ea7b98 <unknown>\n#16 0x5631e9ea7d68 <unknown>\n#17 0x5631e9eb6cb3 <unknown>\n#18 0x7f8bc927a044 <unknown>","time":{"start":1693790124552,"stop":1693790130834,"duration":6282}},{"uid":"a9f3f1fbc9f9dc1a","reportUrl":"https://zaelcovsky.github.io/StroyremAutomation/68//#testresult/a9f3f1fbc9f9dc1a","status":"broken","statusDetails":"selenium.common.exceptions.ElementNotInteractableException: Message: element not interactable\n  (Session info: headless chrome=116.0.5845.96)\nStacktrace:\n#0 0x56353bb8ee23 <unknown>\n#1 0x56353b8b75f6 <unknown>\n#2 0x56353b8edc5d <unknown>\n#3 0x56353b917012 <unknown>\n#4 0x56353b8ebfb6 <unknown>\n#5 0x56353b9171de <unknown>\n#6 0x56353b92f369 <unknown>\n#7 0x56353b916de3 <unknown>\n#8 0x56353b8eaa7b <unknown>\n#9 0x56353b8eb81e <unknown>\n#10 0x56353bb50638 <unknown>\n#11 0x56353bb54507 <unknown>\n#12 0x56353bb5ec4c <unknown>\n#13 0x56353bb55136 <unknown>\n#14 0x56353bb239cf <unknown>\n#15 0x56353bb78b98 <unknown>\n#16 0x56353bb78d68 <unknown>\n#17 0x56353bb87cb3 <unknown>\n#18 0x7feee0e08044 <unknown>","time":{"start":1693703692111,"stop":1693703697884,"duration":5773}},{"uid":"f53408595e8a2a42","reportUrl":"https://zaelcovsky.github.io/StroyremAutomation/67//#testresult/f53408595e8a2a42","status":"broken","statusDetails":"selenium.common.exceptions.WebDriverException: Message: unknown error: net::ERR_CONNECTION_REFUSED\n  (Session info: headless chrome=116.0.5845.96)\nStacktrace:\n#0 0x564691be4e23 <unknown>\n#1 0x56469190d7a7 <unknown>\n#2 0x564691905829 <unknown>\n#3 0x5646918f52c2 <unknown>\n#4 0x5646918f69fb <unknown>\n#5 0x5646918f569d <unknown>\n#6 0x5646918f465c <unknown>\n#7 0x5646918f45ce <unknown>\n#8 0x5646918f328a <unknown>\n#9 0x5646918f36da <unknown>\n#10 0x56469190f630 <unknown>\n#11 0x564691985b15 <unknown>\n#12 0x56469196d012 <unknown>\n#13 0x564691985369 <unknown>\n#14 0x56469196cde3 <unknown>\n#15 0x564691940a7b <unknown>\n#16 0x56469194181e <unknown>\n#17 0x564691ba6638 <unknown>\n#18 0x564691baa507 <unknown>\n#19 0x564691bb4c4c <unknown>\n#20 0x564691bab136 <unknown>\n#21 0x564691b799cf <unknown>\n#22 0x564691bceb98 <unknown>\n#23 0x564691bced68 <unknown>\n#24 0x564691bddcb3 <unknown>\n#25 0x7ff2366f7044 <unknown>","time":{"start":1693616911946,"stop":1693616912327,"duration":381}},{"uid":"d388a3a7395598ed","reportUrl":"https://zaelcovsky.github.io/StroyremAutomation/66//#testresult/d388a3a7395598ed","status":"broken","statusDetails":"selenium.common.exceptions.WebDriverException: Message: unknown error: net::ERR_CONNECTION_REFUSED\n  (Session info: headless chrome=116.0.5845.96)\nStacktrace:\n#0 0x55aa82eb2e23 <unknown>\n#1 0x55aa82bdb7a7 <unknown>\n#2 0x55aa82bd3829 <unknown>\n#3 0x55aa82bc32c2 <unknown>\n#4 0x55aa82bc49fb <unknown>\n#5 0x55aa82bc369d <unknown>\n#6 0x55aa82bc265c <unknown>\n#7 0x55aa82bc25ce <unknown>\n#8 0x55aa82bc128a <unknown>\n#9 0x55aa82bc16da <unknown>\n#10 0x55aa82bdd630 <unknown>\n#11 0x55aa82c53b15 <unknown>\n#12 0x55aa82c3b012 <unknown>\n#13 0x55aa82c53369 <unknown>\n#14 0x55aa82c3ade3 <unknown>\n#15 0x55aa82c0ea7b <unknown>\n#16 0x55aa82c0f81e <unknown>\n#17 0x55aa82e74638 <unknown>\n#18 0x55aa82e78507 <unknown>\n#19 0x55aa82e82c4c <unknown>\n#20 0x55aa82e79136 <unknown>\n#21 0x55aa82e479cf <unknown>\n#22 0x55aa82e9cb98 <unknown>\n#23 0x55aa82e9cd68 <unknown>\n#24 0x55aa82eabcb3 <unknown>\n#25 0x7fdfaa2c9044 <unknown>","time":{"start":1693530811585,"stop":1693530811778,"duration":193}},{"uid":"4fe7a2362fd3daf7","reportUrl":"https://zaelcovsky.github.io/StroyremAutomation/9//#testresult/4fe7a2362fd3daf7","status":"broken","statusDetails":"selenium.common.exceptions.ElementNotInteractableException: Message: element not interactable\n  (Session info: headless chrome=116.0.5845.96)\nStacktrace:\n#0 0x55a385267e23 <unknown>\n#1 0x55a384f905f6 <unknown>\n#2 0x55a384fc6c5d <unknown>\n#3 0x55a384ff0012 <unknown>\n#4 0x55a384fc4fb6 <unknown>\n#5 0x55a384ff01de <unknown>\n#6 0x55a385008369 <unknown>\n#7 0x55a384fefde3 <unknown>\n#8 0x55a384fc3a7b <unknown>\n#9 0x55a384fc481e <unknown>\n#10 0x55a385229638 <unknown>\n#11 0x55a38522d507 <unknown>\n#12 0x55a385237c4c <unknown>\n#13 0x55a38522e136 <unknown>\n#14 0x55a3851fc9cf <unknown>\n#15 0x55a385251b98 <unknown>\n#16 0x55a385251d68 <unknown>\n#17 0x55a385260cb3 <unknown>\n#18 0x7fc24bee9044 <unknown>","time":{"start":1693507003022,"stop":1693507006721,"duration":3699}}]},"tags":["smoke"]},"source":"78586e10032a5552.json","parameterValues":["3650","66","'TD 020'","2990","'products/shtukaturka-gipsovaya-aksolit-m50-30-kg-mashinnogo-naneseniya'","1500","'https://sandboxtest.stroyrem-nn.ru/'","2000"]}