{"uid":"89c225a636a135fc","name":"TC 018 - Проверка функциональности ссылки 'Акции'","fullName":"tests.test_main_page.TestMainPage#test_positive_footer_sale_smoke","historyId":"7c44ee0a7729c87256702511cdfce3ef","time":{"start":1694826228967,"stop":1694826228986,"duration":19},"status":"broken","statusMessage":"selenium.common.exceptions.NoSuchElementException: Message: no such element: Unable to locate element: {\"method\":\"xpath\",\"selector\":\"(//a[contains(text(), 'Акции')])[2]\"}\n  (Session info: headless chrome=117.0.5938.88); For documentation on this error, please visit: https://www.selenium.dev/documentation/webdriver/troubleshooting/errors#no-such-element-exception\nStacktrace:\n#0 0x55dbdf9486c3 <unknown>\n#1 0x55dbdf61e1e7 <unknown>\n#2 0x55dbdf665566 <unknown>\n#3 0x55dbdf665651 <unknown>\n#4 0x55dbdf6a2a74 <unknown>\n#5 0x55dbdf6870ed <unknown>\n#6 0x55dbdf6a0322 <unknown>\n#7 0x55dbdf686e93 <unknown>\n#8 0x55dbdf659934 <unknown>\n#9 0x55dbdf65a71e <unknown>\n#10 0x55dbdf90dcc8 <unknown>\n#11 0x55dbdf911c00 <unknown>\n#12 0x55dbdf91c1ac <unknown>\n#13 0x55dbdf912818 <unknown>\n#14 0x55dbdf8df28f <unknown>\n#15 0x55dbdf936e98 <unknown>\n#16 0x55dbdf937069 <unknown>\n#17 0x55dbdf947853 <unknown>\n#18 0x7f3543e2f044 <unknown>","statusTrace":"self = <tests.test_main_page.TestMainPage object at 0x7f238ca3be90>\nmain_page = <pages.main_page.MainPage object at 0x7f238d655890>\n\n    @allure.feature(\"Footer functionality\")\n    @allure.title(\"TC 018 - Проверка функциональности ссылки 'Акции'\")\n    @pytest.mark.smoke_test\n    def test_positive_footer_sale_smoke(self, main_page):\n>       title = main_page.check_shares_link()\n\ntests/test_main_page.py:161: \n_ _ _ _ _ _ _ _ _ _ _ _ _ _ _ _ _ _ _ _ _ _ _ _ _ _ _ _ _ _ _ _ _ _ _ _ _ _ _ _ \npages/main_page.py:188: in check_shares_link\n    self.driver.find_element(*self._shares_link).click()\n/usr/local/lib/python3.11/site-packages/selenium/webdriver/remote/webdriver.py:740: in find_element\n    return self.execute(Command.FIND_ELEMENT, {\"using\": by, \"value\": value})[\"value\"]\n/usr/local/lib/python3.11/site-packages/selenium/webdriver/remote/webdriver.py:346: in execute\n    self.error_handler.check_response(response)\n_ _ _ _ _ _ _ _ _ _ _ _ _ _ _ _ _ _ _ _ _ _ _ _ _ _ _ _ _ _ _ _ _ _ _ _ _ _ _ _ \n\nself = <selenium.webdriver.remote.errorhandler.ErrorHandler object at 0x7f238ca5c4d0>\nresponse = {'status': 404, 'value': '{\"value\":{\"error\":\"no such element\",\"message\":\"no such element: Unable to locate element: {\\...\\\\n#16 0x55dbdf937069 \\\\u003Cunknown>\\\\n#17 0x55dbdf947853 \\\\u003Cunknown>\\\\n#18 0x7f3543e2f044 \\\\u003Cunknown>\\\\n\"}}'}\n\n    def check_response(self, response: Dict[str, Any]) -> None:\n        \"\"\"Checks that a JSON response from the WebDriver does not have an\n        error.\n    \n        :Args:\n         - response - The JSON response from the WebDriver server as a dictionary\n           object.\n    \n        :Raises: If the response contains an error message.\n        \"\"\"\n        status = response.get(\"status\", None)\n        if not status or status == ErrorCode.SUCCESS:\n            return\n        value = None\n        message = response.get(\"message\", \"\")\n        screen: str = response.get(\"screen\", \"\")\n        stacktrace = None\n        if isinstance(status, int):\n            value_json = response.get(\"value\", None)\n            if value_json and isinstance(value_json, str):\n                import json\n    \n                try:\n                    value = json.loads(value_json)\n                    if len(value) == 1:\n                        value = value[\"value\"]\n                    status = value.get(\"error\", None)\n                    if not status:\n                        status = value.get(\"status\", ErrorCode.UNKNOWN_ERROR)\n                        message = value.get(\"value\") or value.get(\"message\")\n                        if not isinstance(message, str):\n                            value = message\n                            message = message.get(\"message\")\n                    else:\n                        message = value.get(\"message\", None)\n                except ValueError:\n                    pass\n    \n        exception_class: Type[WebDriverException]\n        if status in ErrorCode.NO_SUCH_ELEMENT:\n            exception_class = NoSuchElementException\n        elif status in ErrorCode.NO_SUCH_FRAME:\n            exception_class = NoSuchFrameException\n        elif status in ErrorCode.NO_SUCH_SHADOW_ROOT:\n            exception_class = NoSuchShadowRootException\n        elif status in ErrorCode.NO_SUCH_WINDOW:\n            exception_class = NoSuchWindowException\n        elif status in ErrorCode.STALE_ELEMENT_REFERENCE:\n            exception_class = StaleElementReferenceException\n        elif status in ErrorCode.ELEMENT_NOT_VISIBLE:\n            exception_class = ElementNotVisibleException\n        elif status in ErrorCode.INVALID_ELEMENT_STATE:\n            exception_class = InvalidElementStateException\n        elif (\n            status in ErrorCode.INVALID_SELECTOR\n            or status in ErrorCode.INVALID_XPATH_SELECTOR\n            or status in ErrorCode.INVALID_XPATH_SELECTOR_RETURN_TYPER\n        ):\n            exception_class = InvalidSelectorException\n        elif status in ErrorCode.ELEMENT_IS_NOT_SELECTABLE:\n            exception_class = ElementNotSelectableException\n        elif status in ErrorCode.ELEMENT_NOT_INTERACTABLE:\n            exception_class = ElementNotInteractableException\n        elif status in ErrorCode.INVALID_COOKIE_DOMAIN:\n            exception_class = InvalidCookieDomainException\n        elif status in ErrorCode.UNABLE_TO_SET_COOKIE:\n            exception_class = UnableToSetCookieException\n        elif status in ErrorCode.TIMEOUT:\n            exception_class = TimeoutException\n        elif status in ErrorCode.SCRIPT_TIMEOUT:\n            exception_class = TimeoutException\n        elif status in ErrorCode.UNKNOWN_ERROR:\n            exception_class = WebDriverException\n        elif status in ErrorCode.UNEXPECTED_ALERT_OPEN:\n            exception_class = UnexpectedAlertPresentException\n        elif status in ErrorCode.NO_ALERT_OPEN:\n            exception_class = NoAlertPresentException\n        elif status in ErrorCode.IME_NOT_AVAILABLE:\n            exception_class = ImeNotAvailableException\n        elif status in ErrorCode.IME_ENGINE_ACTIVATION_FAILED:\n            exception_class = ImeActivationFailedException\n        elif status in ErrorCode.MOVE_TARGET_OUT_OF_BOUNDS:\n            exception_class = MoveTargetOutOfBoundsException\n        elif status in ErrorCode.JAVASCRIPT_ERROR:\n            exception_class = JavascriptException\n        elif status in ErrorCode.SESSION_NOT_CREATED:\n            exception_class = SessionNotCreatedException\n        elif status in ErrorCode.INVALID_ARGUMENT:\n            exception_class = InvalidArgumentException\n        elif status in ErrorCode.NO_SUCH_COOKIE:\n            exception_class = NoSuchCookieException\n        elif status in ErrorCode.UNABLE_TO_CAPTURE_SCREEN:\n            exception_class = ScreenshotException\n        elif status in ErrorCode.ELEMENT_CLICK_INTERCEPTED:\n            exception_class = ElementClickInterceptedException\n        elif status in ErrorCode.INSECURE_CERTIFICATE:\n            exception_class = InsecureCertificateException\n        elif status in ErrorCode.INVALID_COORDINATES:\n            exception_class = InvalidCoordinatesException\n        elif status in ErrorCode.INVALID_SESSION_ID:\n            exception_class = InvalidSessionIdException\n        elif status in ErrorCode.UNKNOWN_METHOD:\n            exception_class = UnknownMethodException\n        else:\n            exception_class = WebDriverException\n        if not value:\n            value = response[\"value\"]\n        if isinstance(value, str):\n            raise exception_class(value)\n        if message == \"\" and \"message\" in value:\n            message = value[\"message\"]\n    \n        screen = None  # type: ignore[assignment]\n        if \"screen\" in value:\n            screen = value[\"screen\"]\n    \n        stacktrace = None\n        st_value = value.get(\"stackTrace\") or value.get(\"stacktrace\")\n        if st_value:\n            if isinstance(st_value, str):\n                stacktrace = st_value.split(\"\\n\")\n            else:\n                stacktrace = []\n                try:\n                    for frame in st_value:\n                        line = frame.get(\"lineNumber\", \"\")\n                        file = frame.get(\"fileName\", \"<anonymous>\")\n                        if line:\n                            file = f\"{file}:{line}\"\n                        meth = frame.get(\"methodName\", \"<anonymous>\")\n                        if \"className\" in frame:\n                            meth = f\"{frame['className']}.{meth}\"\n                        msg = \"    at %s (%s)\"\n                        msg = msg % (meth, file)\n                        stacktrace.append(msg)\n                except TypeError:\n                    pass\n        if exception_class == UnexpectedAlertPresentException:\n            alert_text = None\n            if \"data\" in value:\n                alert_text = value[\"data\"].get(\"text\")\n            elif \"alert\" in value:\n                alert_text = value[\"alert\"].get(\"text\")\n            raise exception_class(message, screen, stacktrace, alert_text)  # type: ignore[call-arg]  # mypy is not smart enough here\n>       raise exception_class(message, screen, stacktrace)\nE       selenium.common.exceptions.NoSuchElementException: Message: no such element: Unable to locate element: {\"method\":\"xpath\",\"selector\":\"(//a[contains(text(), 'Акции')])[2]\"}\nE         (Session info: headless chrome=117.0.5938.88); For documentation on this error, please visit: https://www.selenium.dev/documentation/webdriver/troubleshooting/errors#no-such-element-exception\nE       Stacktrace:\nE       #0 0x55dbdf9486c3 <unknown>\nE       #1 0x55dbdf61e1e7 <unknown>\nE       #2 0x55dbdf665566 <unknown>\nE       #3 0x55dbdf665651 <unknown>\nE       #4 0x55dbdf6a2a74 <unknown>\nE       #5 0x55dbdf6870ed <unknown>\nE       #6 0x55dbdf6a0322 <unknown>\nE       #7 0x55dbdf686e93 <unknown>\nE       #8 0x55dbdf659934 <unknown>\nE       #9 0x55dbdf65a71e <unknown>\nE       #10 0x55dbdf90dcc8 <unknown>\nE       #11 0x55dbdf911c00 <unknown>\nE       #12 0x55dbdf91c1ac <unknown>\nE       #13 0x55dbdf912818 <unknown>\nE       #14 0x55dbdf8df28f <unknown>\nE       #15 0x55dbdf936e98 <unknown>\nE       #16 0x55dbdf937069 <unknown>\nE       #17 0x55dbdf947853 <unknown>\nE       #18 0x7f3543e2f044 <unknown>\n\n/usr/local/lib/python3.11/site-packages/selenium/webdriver/remote/errorhandler.py:245: NoSuchElementException","flaky":false,"newFailed":false,"newBroken":false,"newPassed":false,"retriesCount":0,"retriesStatusChange":false,"beforeStages":[{"name":"_session_faker","time":{"start":1694825951373,"stop":1694825951468,"duration":95},"status":"passed","steps":[],"attachments":[],"parameters":[],"shouldDisplayMessage":false,"stepsCount":0,"attachmentsCount":0,"hasContent":false},{"name":"clear_allure_results_folder","time":{"start":1694825951468,"stop":1694825951468,"duration":0},"status":"passed","steps":[],"attachments":[],"parameters":[],"shouldDisplayMessage":false,"stepsCount":0,"attachmentsCount":0,"hasContent":false},{"name":"driver","time":{"start":1694826227529,"stop":1694826228360,"duration":831},"status":"passed","steps":[],"attachments":[],"parameters":[],"shouldDisplayMessage":false,"stepsCount":0,"attachmentsCount":0,"hasContent":false},{"name":"main_page","time":{"start":1694826228360,"stop":1694826228966,"duration":606},"status":"passed","steps":[],"attachments":[],"parameters":[],"shouldDisplayMessage":false,"stepsCount":0,"attachmentsCount":0,"hasContent":false},{"name":"setup","time":{"start":1694826228360,"stop":1694826228360,"duration":0},"status":"passed","steps":[],"attachments":[],"parameters":[],"shouldDisplayMessage":false,"stepsCount":0,"attachmentsCount":0,"hasContent":false}],"testStage":{"status":"broken","statusMessage":"selenium.common.exceptions.NoSuchElementException: Message: no such element: Unable to locate element: {\"method\":\"xpath\",\"selector\":\"(//a[contains(text(), 'Акции')])[2]\"}\n  (Session info: headless chrome=117.0.5938.88); For documentation on this error, please visit: https://www.selenium.dev/documentation/webdriver/troubleshooting/errors#no-such-element-exception\nStacktrace:\n#0 0x55dbdf9486c3 <unknown>\n#1 0x55dbdf61e1e7 <unknown>\n#2 0x55dbdf665566 <unknown>\n#3 0x55dbdf665651 <unknown>\n#4 0x55dbdf6a2a74 <unknown>\n#5 0x55dbdf6870ed <unknown>\n#6 0x55dbdf6a0322 <unknown>\n#7 0x55dbdf686e93 <unknown>\n#8 0x55dbdf659934 <unknown>\n#9 0x55dbdf65a71e <unknown>\n#10 0x55dbdf90dcc8 <unknown>\n#11 0x55dbdf911c00 <unknown>\n#12 0x55dbdf91c1ac <unknown>\n#13 0x55dbdf912818 <unknown>\n#14 0x55dbdf8df28f <unknown>\n#15 0x55dbdf936e98 <unknown>\n#16 0x55dbdf937069 <unknown>\n#17 0x55dbdf947853 <unknown>\n#18 0x7f3543e2f044 <unknown>","statusTrace":"self = <tests.test_main_page.TestMainPage object at 0x7f238ca3be90>\nmain_page = <pages.main_page.MainPage object at 0x7f238d655890>\n\n    @allure.feature(\"Footer functionality\")\n    @allure.title(\"TC 018 - Проверка функциональности ссылки 'Акции'\")\n    @pytest.mark.smoke_test\n    def test_positive_footer_sale_smoke(self, main_page):\n>       title = main_page.check_shares_link()\n\ntests/test_main_page.py:161: \n_ _ _ _ _ _ _ _ _ _ _ _ _ _ _ _ _ _ _ _ _ _ _ _ _ _ _ _ _ _ _ _ _ _ _ _ _ _ _ _ \npages/main_page.py:188: in check_shares_link\n    self.driver.find_element(*self._shares_link).click()\n/usr/local/lib/python3.11/site-packages/selenium/webdriver/remote/webdriver.py:740: in find_element\n    return self.execute(Command.FIND_ELEMENT, {\"using\": by, \"value\": value})[\"value\"]\n/usr/local/lib/python3.11/site-packages/selenium/webdriver/remote/webdriver.py:346: in execute\n    self.error_handler.check_response(response)\n_ _ _ _ _ _ _ _ _ _ _ _ _ _ _ _ _ _ _ _ _ _ _ _ _ _ _ _ _ _ _ _ _ _ _ _ _ _ _ _ \n\nself = <selenium.webdriver.remote.errorhandler.ErrorHandler object at 0x7f238ca5c4d0>\nresponse = {'status': 404, 'value': '{\"value\":{\"error\":\"no such element\",\"message\":\"no such element: Unable to locate element: {\\...\\\\n#16 0x55dbdf937069 \\\\u003Cunknown>\\\\n#17 0x55dbdf947853 \\\\u003Cunknown>\\\\n#18 0x7f3543e2f044 \\\\u003Cunknown>\\\\n\"}}'}\n\n    def check_response(self, response: Dict[str, Any]) -> None:\n        \"\"\"Checks that a JSON response from the WebDriver does not have an\n        error.\n    \n        :Args:\n         - response - The JSON response from the WebDriver server as a dictionary\n           object.\n    \n        :Raises: If the response contains an error message.\n        \"\"\"\n        status = response.get(\"status\", None)\n        if not status or status == ErrorCode.SUCCESS:\n            return\n        value = None\n        message = response.get(\"message\", \"\")\n        screen: str = response.get(\"screen\", \"\")\n        stacktrace = None\n        if isinstance(status, int):\n            value_json = response.get(\"value\", None)\n            if value_json and isinstance(value_json, str):\n                import json\n    \n                try:\n                    value = json.loads(value_json)\n                    if len(value) == 1:\n                        value = value[\"value\"]\n                    status = value.get(\"error\", None)\n                    if not status:\n                        status = value.get(\"status\", ErrorCode.UNKNOWN_ERROR)\n                        message = value.get(\"value\") or value.get(\"message\")\n                        if not isinstance(message, str):\n                            value = message\n                            message = message.get(\"message\")\n                    else:\n                        message = value.get(\"message\", None)\n                except ValueError:\n                    pass\n    \n        exception_class: Type[WebDriverException]\n        if status in ErrorCode.NO_SUCH_ELEMENT:\n            exception_class = NoSuchElementException\n        elif status in ErrorCode.NO_SUCH_FRAME:\n            exception_class = NoSuchFrameException\n        elif status in ErrorCode.NO_SUCH_SHADOW_ROOT:\n            exception_class = NoSuchShadowRootException\n        elif status in ErrorCode.NO_SUCH_WINDOW:\n            exception_class = NoSuchWindowException\n        elif status in ErrorCode.STALE_ELEMENT_REFERENCE:\n            exception_class = StaleElementReferenceException\n        elif status in ErrorCode.ELEMENT_NOT_VISIBLE:\n            exception_class = ElementNotVisibleException\n        elif status in ErrorCode.INVALID_ELEMENT_STATE:\n            exception_class = InvalidElementStateException\n        elif (\n            status in ErrorCode.INVALID_SELECTOR\n            or status in ErrorCode.INVALID_XPATH_SELECTOR\n            or status in ErrorCode.INVALID_XPATH_SELECTOR_RETURN_TYPER\n        ):\n            exception_class = InvalidSelectorException\n        elif status in ErrorCode.ELEMENT_IS_NOT_SELECTABLE:\n            exception_class = ElementNotSelectableException\n        elif status in ErrorCode.ELEMENT_NOT_INTERACTABLE:\n            exception_class = ElementNotInteractableException\n        elif status in ErrorCode.INVALID_COOKIE_DOMAIN:\n            exception_class = InvalidCookieDomainException\n        elif status in ErrorCode.UNABLE_TO_SET_COOKIE:\n            exception_class = UnableToSetCookieException\n        elif status in ErrorCode.TIMEOUT:\n            exception_class = TimeoutException\n        elif status in ErrorCode.SCRIPT_TIMEOUT:\n            exception_class = TimeoutException\n        elif status in ErrorCode.UNKNOWN_ERROR:\n            exception_class = WebDriverException\n        elif status in ErrorCode.UNEXPECTED_ALERT_OPEN:\n            exception_class = UnexpectedAlertPresentException\n        elif status in ErrorCode.NO_ALERT_OPEN:\n            exception_class = NoAlertPresentException\n        elif status in ErrorCode.IME_NOT_AVAILABLE:\n            exception_class = ImeNotAvailableException\n        elif status in ErrorCode.IME_ENGINE_ACTIVATION_FAILED:\n            exception_class = ImeActivationFailedException\n        elif status in ErrorCode.MOVE_TARGET_OUT_OF_BOUNDS:\n            exception_class = MoveTargetOutOfBoundsException\n        elif status in ErrorCode.JAVASCRIPT_ERROR:\n            exception_class = JavascriptException\n        elif status in ErrorCode.SESSION_NOT_CREATED:\n            exception_class = SessionNotCreatedException\n        elif status in ErrorCode.INVALID_ARGUMENT:\n            exception_class = InvalidArgumentException\n        elif status in ErrorCode.NO_SUCH_COOKIE:\n            exception_class = NoSuchCookieException\n        elif status in ErrorCode.UNABLE_TO_CAPTURE_SCREEN:\n            exception_class = ScreenshotException\n        elif status in ErrorCode.ELEMENT_CLICK_INTERCEPTED:\n            exception_class = ElementClickInterceptedException\n        elif status in ErrorCode.INSECURE_CERTIFICATE:\n            exception_class = InsecureCertificateException\n        elif status in ErrorCode.INVALID_COORDINATES:\n            exception_class = InvalidCoordinatesException\n        elif status in ErrorCode.INVALID_SESSION_ID:\n            exception_class = InvalidSessionIdException\n        elif status in ErrorCode.UNKNOWN_METHOD:\n            exception_class = UnknownMethodException\n        else:\n            exception_class = WebDriverException\n        if not value:\n            value = response[\"value\"]\n        if isinstance(value, str):\n            raise exception_class(value)\n        if message == \"\" and \"message\" in value:\n            message = value[\"message\"]\n    \n        screen = None  # type: ignore[assignment]\n        if \"screen\" in value:\n            screen = value[\"screen\"]\n    \n        stacktrace = None\n        st_value = value.get(\"stackTrace\") or value.get(\"stacktrace\")\n        if st_value:\n            if isinstance(st_value, str):\n                stacktrace = st_value.split(\"\\n\")\n            else:\n                stacktrace = []\n                try:\n                    for frame in st_value:\n                        line = frame.get(\"lineNumber\", \"\")\n                        file = frame.get(\"fileName\", \"<anonymous>\")\n                        if line:\n                            file = f\"{file}:{line}\"\n                        meth = frame.get(\"methodName\", \"<anonymous>\")\n                        if \"className\" in frame:\n                            meth = f\"{frame['className']}.{meth}\"\n                        msg = \"    at %s (%s)\"\n                        msg = msg % (meth, file)\n                        stacktrace.append(msg)\n                except TypeError:\n                    pass\n        if exception_class == UnexpectedAlertPresentException:\n            alert_text = None\n            if \"data\" in value:\n                alert_text = value[\"data\"].get(\"text\")\n            elif \"alert\" in value:\n                alert_text = value[\"alert\"].get(\"text\")\n            raise exception_class(message, screen, stacktrace, alert_text)  # type: ignore[call-arg]  # mypy is not smart enough here\n>       raise exception_class(message, screen, stacktrace)\nE       selenium.common.exceptions.NoSuchElementException: Message: no such element: Unable to locate element: {\"method\":\"xpath\",\"selector\":\"(//a[contains(text(), 'Акции')])[2]\"}\nE         (Session info: headless chrome=117.0.5938.88); For documentation on this error, please visit: https://www.selenium.dev/documentation/webdriver/troubleshooting/errors#no-such-element-exception\nE       Stacktrace:\nE       #0 0x55dbdf9486c3 <unknown>\nE       #1 0x55dbdf61e1e7 <unknown>\nE       #2 0x55dbdf665566 <unknown>\nE       #3 0x55dbdf665651 <unknown>\nE       #4 0x55dbdf6a2a74 <unknown>\nE       #5 0x55dbdf6870ed <unknown>\nE       #6 0x55dbdf6a0322 <unknown>\nE       #7 0x55dbdf686e93 <unknown>\nE       #8 0x55dbdf659934 <unknown>\nE       #9 0x55dbdf65a71e <unknown>\nE       #10 0x55dbdf90dcc8 <unknown>\nE       #11 0x55dbdf911c00 <unknown>\nE       #12 0x55dbdf91c1ac <unknown>\nE       #13 0x55dbdf912818 <unknown>\nE       #14 0x55dbdf8df28f <unknown>\nE       #15 0x55dbdf936e98 <unknown>\nE       #16 0x55dbdf937069 <unknown>\nE       #17 0x55dbdf947853 <unknown>\nE       #18 0x7f3543e2f044 <unknown>\n\n/usr/local/lib/python3.11/site-packages/selenium/webdriver/remote/errorhandler.py:245: NoSuchElementException","steps":[{"name":"Проверка функциональности ссылки 'Акции'","time":{"start":1694826228967,"stop":1694826228985,"duration":18},"status":"broken","statusMessage":"selenium.common.exceptions.NoSuchElementException: Message: no such element: Unable to locate element: {\"method\":\"xpath\",\"selector\":\"(//a[contains(text(), 'Акции')])[2]\"}\n  (Session info: headless chrome=117.0.5938.88); For documentation on this error, please visit: https://www.selenium.dev/documentation/webdriver/troubleshooting/errors#no-such-element-exception\nStacktrace:\n#0 0x55dbdf9486c3 <unknown>\n#1 0x55dbdf61e1e7 <unknown>\n#2 0x55dbdf665566 <unknown>\n#3 0x55dbdf665651 <unknown>\n#4 0x55dbdf6a2a74 <unknown>\n#5 0x55dbdf6870ed <unknown>\n#6 0x55dbdf6a0322 <unknown>\n#7 0x55dbdf686e93 <unknown>\n#8 0x55dbdf659934 <unknown>\n#9 0x55dbdf65a71e <unknown>\n#10 0x55dbdf90dcc8 <unknown>\n#11 0x55dbdf911c00 <unknown>\n#12 0x55dbdf91c1ac <unknown>\n#13 0x55dbdf912818 <unknown>\n#14 0x55dbdf8df28f <unknown>\n#15 0x55dbdf936e98 <unknown>\n#16 0x55dbdf937069 <unknown>\n#17 0x55dbdf947853 <unknown>\n#18 0x7f3543e2f044 <unknown>\n\n","statusTrace":"  File \"/usr/local/lib/python3.11/site-packages/allure_commons/_allure.py\", line 192, in impl\n    return func(*a, **kw)\n           ^^^^^^^^^^^^^^\n  File \"/app/pages/main_page.py\", line 188, in check_shares_link\n    self.driver.find_element(*self._shares_link).click()\n    ^^^^^^^^^^^^^^^^^^^^^^^^^^^^^^^^^^^^^^^^^^^^\n  File \"/usr/local/lib/python3.11/site-packages/selenium/webdriver/remote/webdriver.py\", line 740, in find_element\n    return self.execute(Command.FIND_ELEMENT, {\"using\": by, \"value\": value})[\"value\"]\n           ^^^^^^^^^^^^^^^^^^^^^^^^^^^^^^^^^^^^^^^^^^^^^^^^^^^^^^^^^^^^^^^^^\n  File \"/usr/local/lib/python3.11/site-packages/selenium/webdriver/remote/webdriver.py\", line 346, in execute\n    self.error_handler.check_response(response)\n  File \"/usr/local/lib/python3.11/site-packages/selenium/webdriver/remote/errorhandler.py\", line 245, in check_response\n    raise exception_class(message, screen, stacktrace)\n","steps":[],"attachments":[],"parameters":[],"shouldDisplayMessage":true,"stepsCount":0,"attachmentsCount":0,"hasContent":true}],"attachments":[{"uid":"c85d7ff672b17a3","name":"Screenshot","source":"c85d7ff672b17a3.png","type":"image/png","size":39127},{"uid":"9071fa6af924253c","name":"HTML source","source":"9071fa6af924253c.html","type":"text/html","size":538}],"parameters":[],"shouldDisplayMessage":true,"stepsCount":1,"attachmentsCount":2,"hasContent":true},"afterStages":[{"name":"setup::0","time":{"start":1694826229123,"stop":1694826229123,"duration":0},"status":"passed","steps":[],"attachments":[],"parameters":[],"shouldDisplayMessage":false,"stepsCount":0,"attachmentsCount":0,"hasContent":false},{"name":"driver::0","time":{"start":1694826229123,"stop":1694826229180,"duration":57},"status":"passed","steps":[],"attachments":[],"parameters":[],"shouldDisplayMessage":false,"stepsCount":0,"attachmentsCount":0,"hasContent":false}],"labels":[{"name":"feature","value":"Footer functionality"},{"name":"epic","value":"Main Page"},{"name":"tag","value":"smoke_test"},{"name":"parentSuite","value":"tests"},{"name":"suite","value":"test_main_page"},{"name":"subSuite","value":"TestMainPage"},{"name":"host","value":"65a8e3023ede"},{"name":"thread","value":"1-MainThread"},{"name":"framework","value":"pytest"},{"name":"language","value":"cpython3"},{"name":"package","value":"tests.test_main_page"},{"name":"resultFormat","value":"allure2"}],"parameters":[{"name":"url","value":"'https://test2.stroyrem-nn.ru/'"}],"links":[],"hidden":false,"retry":false,"extra":{"severity":"normal","retries":[],"categories":[{"name":"Test defects","matchedStatuses":[],"flaky":false}],"history":{"statistic":{"failed":0,"broken":5,"skipped":0,"passed":33,"unknown":0,"total":38},"items":[{"uid":"338e2b3d1fbe1df6","reportUrl":"https://zaelcovsky.github.io/StroyremAutomation/80//#testresult/338e2b3d1fbe1df6","status":"broken","statusDetails":"selenium.common.exceptions.NoSuchElementException: Message: no such element: Unable to locate element: {\"method\":\"xpath\",\"selector\":\"(//a[contains(text(), 'Акции')])[2]\"}\n  (Session info: headless chrome=117.0.5938.62); For documentation on this error, please visit: https://www.selenium.dev/documentation/webdriver/troubleshooting/errors#no-such-element-exception\nStacktrace:\n#0 0x5640c1b21693 <unknown>\n#1 0x5640c17f71e7 <unknown>\n#2 0x5640c183e566 <unknown>\n#3 0x5640c183e651 <unknown>\n#4 0x5640c187ba74 <unknown>\n#5 0x5640c18600ed <unknown>\n#6 0x5640c1879322 <unknown>\n#7 0x5640c185fe93 <unknown>\n#8 0x5640c1832934 <unknown>\n#9 0x5640c183371e <unknown>\n#10 0x5640c1ae6c98 <unknown>\n#11 0x5640c1aeabd0 <unknown>\n#12 0x5640c1af517c <unknown>\n#13 0x5640c1aeb7e8 <unknown>\n#14 0x5640c1ab825f <unknown>\n#15 0x5640c1b0fe68 <unknown>\n#16 0x5640c1b10039 <unknown>\n#17 0x5640c1b20823 <unknown>\n#18 0x7fab376f3044 <unknown>","time":{"start":1694739866023,"stop":1694739866039,"duration":16}},{"uid":"e5fc4fa52d1fd66a","reportUrl":"https://zaelcovsky.github.io/StroyremAutomation/79//#testresult/e5fc4fa52d1fd66a","status":"passed","time":{"start":1694653648944,"stop":1694653655177,"duration":6233}},{"uid":"43bbfd615b35bc61","reportUrl":"https://zaelcovsky.github.io/StroyremAutomation/78//#testresult/43bbfd615b35bc61","status":"passed","time":{"start":1694567187592,"stop":1694567191825,"duration":4233}},{"uid":"dca8fbe90e87fa16","reportUrl":"https://zaelcovsky.github.io/StroyremAutomation/77//#testresult/dca8fbe90e87fa16","status":"passed","time":{"start":1694480779932,"stop":1694480786332,"duration":6400}},{"uid":"78d391dfe19dd6f4","reportUrl":"https://zaelcovsky.github.io/StroyremAutomation/76//#testresult/78d391dfe19dd6f4","status":"passed","time":{"start":1694394343001,"stop":1694394347309,"duration":4308}},{"uid":"26ea562b341100f","reportUrl":"https://zaelcovsky.github.io/StroyremAutomation/75//#testresult/26ea562b341100f","status":"passed","time":{"start":1694308105164,"stop":1694308109308,"duration":4144}},{"uid":"6c00e353d17a5ab6","reportUrl":"https://zaelcovsky.github.io/StroyremAutomation/74//#testresult/6c00e353d17a5ab6","status":"passed","time":{"start":1694221587117,"stop":1694221593269,"duration":6152}},{"uid":"cb6ef42fbad5e4f7","reportUrl":"https://zaelcovsky.github.io/StroyremAutomation/73//#testresult/cb6ef42fbad5e4f7","status":"passed","time":{"start":1694135099618,"stop":1694135103946,"duration":4328}},{"uid":"65cafb0b758c061f","reportUrl":"https://zaelcovsky.github.io/StroyremAutomation/72//#testresult/65cafb0b758c061f","status":"passed","time":{"start":1694048778128,"stop":1694048783329,"duration":5201}},{"uid":"d472a6af5dd44036","reportUrl":"https://zaelcovsky.github.io/StroyremAutomation/71//#testresult/d472a6af5dd44036","status":"passed","time":{"start":1693962458046,"stop":1693962464125,"duration":6079}},{"uid":"d23447469647f5df","reportUrl":"https://zaelcovsky.github.io/StroyremAutomation/70//#testresult/d23447469647f5df","status":"passed","time":{"start":1693875980742,"stop":1693875986204,"duration":5462}},{"uid":"13245ec872225ba1","reportUrl":"https://zaelcovsky.github.io/StroyremAutomation/69//#testresult/13245ec872225ba1","status":"passed","time":{"start":1693789750783,"stop":1693789757123,"duration":6340}},{"uid":"e57c5dcca694feae","reportUrl":"https://zaelcovsky.github.io/StroyremAutomation/68//#testresult/e57c5dcca694feae","status":"passed","time":{"start":1693703375638,"stop":1693703380775,"duration":5137}},{"uid":"dc57b5a13a6e9617","reportUrl":"https://zaelcovsky.github.io/StroyremAutomation/67//#testresult/dc57b5a13a6e9617","status":"passed","time":{"start":1693616696485,"stop":1693616701947,"duration":5462}},{"uid":"dc3ded2bcc300656","reportUrl":"https://zaelcovsky.github.io/StroyremAutomation/66//#testresult/dc3ded2bcc300656","status":"passed","time":{"start":1693530607223,"stop":1693530612282,"duration":5059}},{"uid":"b2b79347c1212cf5","reportUrl":"https://zaelcovsky.github.io/StroyremAutomation/9//#testresult/b2b79347c1212cf5","status":"passed","time":{"start":1693506952375,"stop":1693506957422,"duration":5047}},{"uid":"95f16fee52c9967c","reportUrl":"https://zaelcovsky.github.io/StroyremAutomation/65//#testresult/95f16fee52c9967c","status":"passed","time":{"start":1693444080474,"stop":1693444086605,"duration":6131}},{"uid":"118ec1755cc12935","reportUrl":"https://zaelcovsky.github.io/StroyremAutomation/64//#testresult/118ec1755cc12935","status":"passed","time":{"start":1693357606495,"stop":1693357611795,"duration":5300}},{"uid":"fa1a158e8b09fd19","reportUrl":"https://zaelcovsky.github.io/StroyremAutomation/63//#testresult/fa1a158e8b09fd19","status":"passed","time":{"start":1693271179904,"stop":1693271184832,"duration":4928}},{"uid":"38f79c619bd12d7f","reportUrl":"https://zaelcovsky.github.io/StroyremAutomation/62//#testresult/38f79c619bd12d7f","status":"broken","statusDetails":"selenium.common.exceptions.NoSuchElementException: Message: no such element: Unable to locate element: {\"method\":\"xpath\",\"selector\":\"//h1\"}\n  (Session info: headless chrome=116.0.5845.96); For documentation on this error, please visit: https://www.selenium.dev/documentation/webdriver/troubleshooting/errors#no-such-element-exception\nStacktrace:\n#0 0x55e99812be23 <unknown>\n#1 0x55e997e547a7 <unknown>\n#2 0x55e997e931d3 <unknown>\n#3 0x55e997e932c1 <unknown>\n#4 0x55e997ecea04 <unknown>\n#5 0x55e997eb403d <unknown>\n#6 0x55e997ecc369 <unknown>\n#7 0x55e997eb3de3 <unknown>\n#8 0x55e997e87a7b <unknown>\n#9 0x55e997e8881e <unknown>\n#10 0x55e9980ed638 <unknown>\n#11 0x55e9980f1507 <unknown>\n#12 0x55e9980fbc4c <unknown>\n#13 0x55e9980f2136 <unknown>\n#14 0x55e9980c09cf <unknown>\n#15 0x55e998115b98 <unknown>\n#16 0x55e998115d68 <unknown>\n#17 0x55e998124cb3 <unknown>\n#18 0x7f84978b3044 <unknown>","time":{"start":1693184776938,"stop":1693184778542,"duration":1604}}]},"tags":["smoke_test"]},"source":"89c225a636a135fc.json","parameterValues":["'https://test2.stroyrem-nn.ru/'"]}