{"uid":"fdab7905aa9c533e","name":"TC 008 - Проверка функциональности ссылки 'Каталог товаров'","fullName":"tests.test_main_page.TestMainPage#test_positive_footer_catalog_smoke","historyId":"0b0b5f03c2cf54bde7d488c66dcea9fe","time":{"start":1694826081437,"stop":1694826081456,"duration":19},"status":"broken","statusMessage":"selenium.common.exceptions.NoSuchElementException: Message: no such element: Unable to locate element: {\"method\":\"xpath\",\"selector\":\"(//div[@class='footer-col']/ul/li/a)[1]\"}\n  (Session info: headless chrome=117.0.5938.88); For documentation on this error, please visit: https://www.selenium.dev/documentation/webdriver/troubleshooting/errors#no-such-element-exception\nStacktrace:\n#0 0x565301e196c3 <unknown>\n#1 0x565301aef1e7 <unknown>\n#2 0x565301b36566 <unknown>\n#3 0x565301b36651 <unknown>\n#4 0x565301b73a74 <unknown>\n#5 0x565301b580ed <unknown>\n#6 0x565301b71322 <unknown>\n#7 0x565301b57e93 <unknown>\n#8 0x565301b2a934 <unknown>\n#9 0x565301b2b71e <unknown>\n#10 0x565301ddecc8 <unknown>\n#11 0x565301de2c00 <unknown>\n#12 0x565301ded1ac <unknown>\n#13 0x565301de3818 <unknown>\n#14 0x565301db028f <unknown>\n#15 0x565301e07e98 <unknown>\n#16 0x565301e08069 <unknown>\n#17 0x565301e18853 <unknown>\n#18 0x7fc9c8763044 <unknown>","statusTrace":"self = <tests.test_main_page.TestMainPage object at 0x7f238cd04690>\nmain_page = <pages.main_page.MainPage object at 0x7f238c741bd0>\n\n    @allure.feature(\"Footer functionality\")\n    @allure.title(\"TC 008 - Проверка функциональности ссылки 'Каталог товаров'\")\n    @pytest.mark.smoke_test\n    def test_positive_footer_catalog_smoke(self, main_page):\n>       is_displayed, header_text = main_page.check_product_catalog_link()\n\ntests/test_main_page.py:82: \n_ _ _ _ _ _ _ _ _ _ _ _ _ _ _ _ _ _ _ _ _ _ _ _ _ _ _ _ _ _ _ _ _ _ _ _ _ _ _ _ \npages/main_page.py:122: in check_product_catalog_link\n    self.driver.find_element(*self._product_catalog_link).click()\n/usr/local/lib/python3.11/site-packages/selenium/webdriver/remote/webdriver.py:740: in find_element\n    return self.execute(Command.FIND_ELEMENT, {\"using\": by, \"value\": value})[\"value\"]\n/usr/local/lib/python3.11/site-packages/selenium/webdriver/remote/webdriver.py:346: in execute\n    self.error_handler.check_response(response)\n_ _ _ _ _ _ _ _ _ _ _ _ _ _ _ _ _ _ _ _ _ _ _ _ _ _ _ _ _ _ _ _ _ _ _ _ _ _ _ _ \n\nself = <selenium.webdriver.remote.errorhandler.ErrorHandler object at 0x7f238c673690>\nresponse = {'status': 404, 'value': '{\"value\":{\"error\":\"no such element\",\"message\":\"no such element: Unable to locate element: {\\...\\\\n#16 0x565301e08069 \\\\u003Cunknown>\\\\n#17 0x565301e18853 \\\\u003Cunknown>\\\\n#18 0x7fc9c8763044 \\\\u003Cunknown>\\\\n\"}}'}\n\n    def check_response(self, response: Dict[str, Any]) -> None:\n        \"\"\"Checks that a JSON response from the WebDriver does not have an\n        error.\n    \n        :Args:\n         - response - The JSON response from the WebDriver server as a dictionary\n           object.\n    \n        :Raises: If the response contains an error message.\n        \"\"\"\n        status = response.get(\"status\", None)\n        if not status or status == ErrorCode.SUCCESS:\n            return\n        value = None\n        message = response.get(\"message\", \"\")\n        screen: str = response.get(\"screen\", \"\")\n        stacktrace = None\n        if isinstance(status, int):\n            value_json = response.get(\"value\", None)\n            if value_json and isinstance(value_json, str):\n                import json\n    \n                try:\n                    value = json.loads(value_json)\n                    if len(value) == 1:\n                        value = value[\"value\"]\n                    status = value.get(\"error\", None)\n                    if not status:\n                        status = value.get(\"status\", ErrorCode.UNKNOWN_ERROR)\n                        message = value.get(\"value\") or value.get(\"message\")\n                        if not isinstance(message, str):\n                            value = message\n                            message = message.get(\"message\")\n                    else:\n                        message = value.get(\"message\", None)\n                except ValueError:\n                    pass\n    \n        exception_class: Type[WebDriverException]\n        if status in ErrorCode.NO_SUCH_ELEMENT:\n            exception_class = NoSuchElementException\n        elif status in ErrorCode.NO_SUCH_FRAME:\n            exception_class = NoSuchFrameException\n        elif status in ErrorCode.NO_SUCH_SHADOW_ROOT:\n            exception_class = NoSuchShadowRootException\n        elif status in ErrorCode.NO_SUCH_WINDOW:\n            exception_class = NoSuchWindowException\n        elif status in ErrorCode.STALE_ELEMENT_REFERENCE:\n            exception_class = StaleElementReferenceException\n        elif status in ErrorCode.ELEMENT_NOT_VISIBLE:\n            exception_class = ElementNotVisibleException\n        elif status in ErrorCode.INVALID_ELEMENT_STATE:\n            exception_class = InvalidElementStateException\n        elif (\n            status in ErrorCode.INVALID_SELECTOR\n            or status in ErrorCode.INVALID_XPATH_SELECTOR\n            or status in ErrorCode.INVALID_XPATH_SELECTOR_RETURN_TYPER\n        ):\n            exception_class = InvalidSelectorException\n        elif status in ErrorCode.ELEMENT_IS_NOT_SELECTABLE:\n            exception_class = ElementNotSelectableException\n        elif status in ErrorCode.ELEMENT_NOT_INTERACTABLE:\n            exception_class = ElementNotInteractableException\n        elif status in ErrorCode.INVALID_COOKIE_DOMAIN:\n            exception_class = InvalidCookieDomainException\n        elif status in ErrorCode.UNABLE_TO_SET_COOKIE:\n            exception_class = UnableToSetCookieException\n        elif status in ErrorCode.TIMEOUT:\n            exception_class = TimeoutException\n        elif status in ErrorCode.SCRIPT_TIMEOUT:\n            exception_class = TimeoutException\n        elif status in ErrorCode.UNKNOWN_ERROR:\n            exception_class = WebDriverException\n        elif status in ErrorCode.UNEXPECTED_ALERT_OPEN:\n            exception_class = UnexpectedAlertPresentException\n        elif status in ErrorCode.NO_ALERT_OPEN:\n            exception_class = NoAlertPresentException\n        elif status in ErrorCode.IME_NOT_AVAILABLE:\n            exception_class = ImeNotAvailableException\n        elif status in ErrorCode.IME_ENGINE_ACTIVATION_FAILED:\n            exception_class = ImeActivationFailedException\n        elif status in ErrorCode.MOVE_TARGET_OUT_OF_BOUNDS:\n            exception_class = MoveTargetOutOfBoundsException\n        elif status in ErrorCode.JAVASCRIPT_ERROR:\n            exception_class = JavascriptException\n        elif status in ErrorCode.SESSION_NOT_CREATED:\n            exception_class = SessionNotCreatedException\n        elif status in ErrorCode.INVALID_ARGUMENT:\n            exception_class = InvalidArgumentException\n        elif status in ErrorCode.NO_SUCH_COOKIE:\n            exception_class = NoSuchCookieException\n        elif status in ErrorCode.UNABLE_TO_CAPTURE_SCREEN:\n            exception_class = ScreenshotException\n        elif status in ErrorCode.ELEMENT_CLICK_INTERCEPTED:\n            exception_class = ElementClickInterceptedException\n        elif status in ErrorCode.INSECURE_CERTIFICATE:\n            exception_class = InsecureCertificateException\n        elif status in ErrorCode.INVALID_COORDINATES:\n            exception_class = InvalidCoordinatesException\n        elif status in ErrorCode.INVALID_SESSION_ID:\n            exception_class = InvalidSessionIdException\n        elif status in ErrorCode.UNKNOWN_METHOD:\n            exception_class = UnknownMethodException\n        else:\n            exception_class = WebDriverException\n        if not value:\n            value = response[\"value\"]\n        if isinstance(value, str):\n            raise exception_class(value)\n        if message == \"\" and \"message\" in value:\n            message = value[\"message\"]\n    \n        screen = None  # type: ignore[assignment]\n        if \"screen\" in value:\n            screen = value[\"screen\"]\n    \n        stacktrace = None\n        st_value = value.get(\"stackTrace\") or value.get(\"stacktrace\")\n        if st_value:\n            if isinstance(st_value, str):\n                stacktrace = st_value.split(\"\\n\")\n            else:\n                stacktrace = []\n                try:\n                    for frame in st_value:\n                        line = frame.get(\"lineNumber\", \"\")\n                        file = frame.get(\"fileName\", \"<anonymous>\")\n                        if line:\n                            file = f\"{file}:{line}\"\n                        meth = frame.get(\"methodName\", \"<anonymous>\")\n                        if \"className\" in frame:\n                            meth = f\"{frame['className']}.{meth}\"\n                        msg = \"    at %s (%s)\"\n                        msg = msg % (meth, file)\n                        stacktrace.append(msg)\n                except TypeError:\n                    pass\n        if exception_class == UnexpectedAlertPresentException:\n            alert_text = None\n            if \"data\" in value:\n                alert_text = value[\"data\"].get(\"text\")\n            elif \"alert\" in value:\n                alert_text = value[\"alert\"].get(\"text\")\n            raise exception_class(message, screen, stacktrace, alert_text)  # type: ignore[call-arg]  # mypy is not smart enough here\n>       raise exception_class(message, screen, stacktrace)\nE       selenium.common.exceptions.NoSuchElementException: Message: no such element: Unable to locate element: {\"method\":\"xpath\",\"selector\":\"(//div[@class='footer-col']/ul/li/a)[1]\"}\nE         (Session info: headless chrome=117.0.5938.88); For documentation on this error, please visit: https://www.selenium.dev/documentation/webdriver/troubleshooting/errors#no-such-element-exception\nE       Stacktrace:\nE       #0 0x565301e196c3 <unknown>\nE       #1 0x565301aef1e7 <unknown>\nE       #2 0x565301b36566 <unknown>\nE       #3 0x565301b36651 <unknown>\nE       #4 0x565301b73a74 <unknown>\nE       #5 0x565301b580ed <unknown>\nE       #6 0x565301b71322 <unknown>\nE       #7 0x565301b57e93 <unknown>\nE       #8 0x565301b2a934 <unknown>\nE       #9 0x565301b2b71e <unknown>\nE       #10 0x565301ddecc8 <unknown>\nE       #11 0x565301de2c00 <unknown>\nE       #12 0x565301ded1ac <unknown>\nE       #13 0x565301de3818 <unknown>\nE       #14 0x565301db028f <unknown>\nE       #15 0x565301e07e98 <unknown>\nE       #16 0x565301e08069 <unknown>\nE       #17 0x565301e18853 <unknown>\nE       #18 0x7fc9c8763044 <unknown>\n\n/usr/local/lib/python3.11/site-packages/selenium/webdriver/remote/errorhandler.py:245: NoSuchElementException","flaky":false,"newFailed":false,"newBroken":false,"newPassed":false,"retriesCount":0,"retriesStatusChange":false,"beforeStages":[{"name":"_session_faker","time":{"start":1694825951373,"stop":1694825951468,"duration":95},"status":"passed","steps":[],"attachments":[],"parameters":[],"shouldDisplayMessage":false,"stepsCount":0,"attachmentsCount":0,"hasContent":false},{"name":"clear_allure_results_folder","time":{"start":1694825951468,"stop":1694825951468,"duration":0},"status":"passed","steps":[],"attachments":[],"parameters":[],"shouldDisplayMessage":false,"stepsCount":0,"attachmentsCount":0,"hasContent":false},{"name":"driver","time":{"start":1694826080018,"stop":1694826080829,"duration":811},"status":"passed","steps":[],"attachments":[],"parameters":[],"shouldDisplayMessage":false,"stepsCount":0,"attachmentsCount":0,"hasContent":false},{"name":"main_page","time":{"start":1694826080829,"stop":1694826081436,"duration":607},"status":"passed","steps":[],"attachments":[],"parameters":[],"shouldDisplayMessage":false,"stepsCount":0,"attachmentsCount":0,"hasContent":false},{"name":"setup","time":{"start":1694826080829,"stop":1694826080829,"duration":0},"status":"passed","steps":[],"attachments":[],"parameters":[],"shouldDisplayMessage":false,"stepsCount":0,"attachmentsCount":0,"hasContent":false}],"testStage":{"status":"broken","statusMessage":"selenium.common.exceptions.NoSuchElementException: Message: no such element: Unable to locate element: {\"method\":\"xpath\",\"selector\":\"(//div[@class='footer-col']/ul/li/a)[1]\"}\n  (Session info: headless chrome=117.0.5938.88); For documentation on this error, please visit: https://www.selenium.dev/documentation/webdriver/troubleshooting/errors#no-such-element-exception\nStacktrace:\n#0 0x565301e196c3 <unknown>\n#1 0x565301aef1e7 <unknown>\n#2 0x565301b36566 <unknown>\n#3 0x565301b36651 <unknown>\n#4 0x565301b73a74 <unknown>\n#5 0x565301b580ed <unknown>\n#6 0x565301b71322 <unknown>\n#7 0x565301b57e93 <unknown>\n#8 0x565301b2a934 <unknown>\n#9 0x565301b2b71e <unknown>\n#10 0x565301ddecc8 <unknown>\n#11 0x565301de2c00 <unknown>\n#12 0x565301ded1ac <unknown>\n#13 0x565301de3818 <unknown>\n#14 0x565301db028f <unknown>\n#15 0x565301e07e98 <unknown>\n#16 0x565301e08069 <unknown>\n#17 0x565301e18853 <unknown>\n#18 0x7fc9c8763044 <unknown>","statusTrace":"self = <tests.test_main_page.TestMainPage object at 0x7f238cd04690>\nmain_page = <pages.main_page.MainPage object at 0x7f238c741bd0>\n\n    @allure.feature(\"Footer functionality\")\n    @allure.title(\"TC 008 - Проверка функциональности ссылки 'Каталог товаров'\")\n    @pytest.mark.smoke_test\n    def test_positive_footer_catalog_smoke(self, main_page):\n>       is_displayed, header_text = main_page.check_product_catalog_link()\n\ntests/test_main_page.py:82: \n_ _ _ _ _ _ _ _ _ _ _ _ _ _ _ _ _ _ _ _ _ _ _ _ _ _ _ _ _ _ _ _ _ _ _ _ _ _ _ _ \npages/main_page.py:122: in check_product_catalog_link\n    self.driver.find_element(*self._product_catalog_link).click()\n/usr/local/lib/python3.11/site-packages/selenium/webdriver/remote/webdriver.py:740: in find_element\n    return self.execute(Command.FIND_ELEMENT, {\"using\": by, \"value\": value})[\"value\"]\n/usr/local/lib/python3.11/site-packages/selenium/webdriver/remote/webdriver.py:346: in execute\n    self.error_handler.check_response(response)\n_ _ _ _ _ _ _ _ _ _ _ _ _ _ _ _ _ _ _ _ _ _ _ _ _ _ _ _ _ _ _ _ _ _ _ _ _ _ _ _ \n\nself = <selenium.webdriver.remote.errorhandler.ErrorHandler object at 0x7f238c673690>\nresponse = {'status': 404, 'value': '{\"value\":{\"error\":\"no such element\",\"message\":\"no such element: Unable to locate element: {\\...\\\\n#16 0x565301e08069 \\\\u003Cunknown>\\\\n#17 0x565301e18853 \\\\u003Cunknown>\\\\n#18 0x7fc9c8763044 \\\\u003Cunknown>\\\\n\"}}'}\n\n    def check_response(self, response: Dict[str, Any]) -> None:\n        \"\"\"Checks that a JSON response from the WebDriver does not have an\n        error.\n    \n        :Args:\n         - response - The JSON response from the WebDriver server as a dictionary\n           object.\n    \n        :Raises: If the response contains an error message.\n        \"\"\"\n        status = response.get(\"status\", None)\n        if not status or status == ErrorCode.SUCCESS:\n            return\n        value = None\n        message = response.get(\"message\", \"\")\n        screen: str = response.get(\"screen\", \"\")\n        stacktrace = None\n        if isinstance(status, int):\n            value_json = response.get(\"value\", None)\n            if value_json and isinstance(value_json, str):\n                import json\n    \n                try:\n                    value = json.loads(value_json)\n                    if len(value) == 1:\n                        value = value[\"value\"]\n                    status = value.get(\"error\", None)\n                    if not status:\n                        status = value.get(\"status\", ErrorCode.UNKNOWN_ERROR)\n                        message = value.get(\"value\") or value.get(\"message\")\n                        if not isinstance(message, str):\n                            value = message\n                            message = message.get(\"message\")\n                    else:\n                        message = value.get(\"message\", None)\n                except ValueError:\n                    pass\n    \n        exception_class: Type[WebDriverException]\n        if status in ErrorCode.NO_SUCH_ELEMENT:\n            exception_class = NoSuchElementException\n        elif status in ErrorCode.NO_SUCH_FRAME:\n            exception_class = NoSuchFrameException\n        elif status in ErrorCode.NO_SUCH_SHADOW_ROOT:\n            exception_class = NoSuchShadowRootException\n        elif status in ErrorCode.NO_SUCH_WINDOW:\n            exception_class = NoSuchWindowException\n        elif status in ErrorCode.STALE_ELEMENT_REFERENCE:\n            exception_class = StaleElementReferenceException\n        elif status in ErrorCode.ELEMENT_NOT_VISIBLE:\n            exception_class = ElementNotVisibleException\n        elif status in ErrorCode.INVALID_ELEMENT_STATE:\n            exception_class = InvalidElementStateException\n        elif (\n            status in ErrorCode.INVALID_SELECTOR\n            or status in ErrorCode.INVALID_XPATH_SELECTOR\n            or status in ErrorCode.INVALID_XPATH_SELECTOR_RETURN_TYPER\n        ):\n            exception_class = InvalidSelectorException\n        elif status in ErrorCode.ELEMENT_IS_NOT_SELECTABLE:\n            exception_class = ElementNotSelectableException\n        elif status in ErrorCode.ELEMENT_NOT_INTERACTABLE:\n            exception_class = ElementNotInteractableException\n        elif status in ErrorCode.INVALID_COOKIE_DOMAIN:\n            exception_class = InvalidCookieDomainException\n        elif status in ErrorCode.UNABLE_TO_SET_COOKIE:\n            exception_class = UnableToSetCookieException\n        elif status in ErrorCode.TIMEOUT:\n            exception_class = TimeoutException\n        elif status in ErrorCode.SCRIPT_TIMEOUT:\n            exception_class = TimeoutException\n        elif status in ErrorCode.UNKNOWN_ERROR:\n            exception_class = WebDriverException\n        elif status in ErrorCode.UNEXPECTED_ALERT_OPEN:\n            exception_class = UnexpectedAlertPresentException\n        elif status in ErrorCode.NO_ALERT_OPEN:\n            exception_class = NoAlertPresentException\n        elif status in ErrorCode.IME_NOT_AVAILABLE:\n            exception_class = ImeNotAvailableException\n        elif status in ErrorCode.IME_ENGINE_ACTIVATION_FAILED:\n            exception_class = ImeActivationFailedException\n        elif status in ErrorCode.MOVE_TARGET_OUT_OF_BOUNDS:\n            exception_class = MoveTargetOutOfBoundsException\n        elif status in ErrorCode.JAVASCRIPT_ERROR:\n            exception_class = JavascriptException\n        elif status in ErrorCode.SESSION_NOT_CREATED:\n            exception_class = SessionNotCreatedException\n        elif status in ErrorCode.INVALID_ARGUMENT:\n            exception_class = InvalidArgumentException\n        elif status in ErrorCode.NO_SUCH_COOKIE:\n            exception_class = NoSuchCookieException\n        elif status in ErrorCode.UNABLE_TO_CAPTURE_SCREEN:\n            exception_class = ScreenshotException\n        elif status in ErrorCode.ELEMENT_CLICK_INTERCEPTED:\n            exception_class = ElementClickInterceptedException\n        elif status in ErrorCode.INSECURE_CERTIFICATE:\n            exception_class = InsecureCertificateException\n        elif status in ErrorCode.INVALID_COORDINATES:\n            exception_class = InvalidCoordinatesException\n        elif status in ErrorCode.INVALID_SESSION_ID:\n            exception_class = InvalidSessionIdException\n        elif status in ErrorCode.UNKNOWN_METHOD:\n            exception_class = UnknownMethodException\n        else:\n            exception_class = WebDriverException\n        if not value:\n            value = response[\"value\"]\n        if isinstance(value, str):\n            raise exception_class(value)\n        if message == \"\" and \"message\" in value:\n            message = value[\"message\"]\n    \n        screen = None  # type: ignore[assignment]\n        if \"screen\" in value:\n            screen = value[\"screen\"]\n    \n        stacktrace = None\n        st_value = value.get(\"stackTrace\") or value.get(\"stacktrace\")\n        if st_value:\n            if isinstance(st_value, str):\n                stacktrace = st_value.split(\"\\n\")\n            else:\n                stacktrace = []\n                try:\n                    for frame in st_value:\n                        line = frame.get(\"lineNumber\", \"\")\n                        file = frame.get(\"fileName\", \"<anonymous>\")\n                        if line:\n                            file = f\"{file}:{line}\"\n                        meth = frame.get(\"methodName\", \"<anonymous>\")\n                        if \"className\" in frame:\n                            meth = f\"{frame['className']}.{meth}\"\n                        msg = \"    at %s (%s)\"\n                        msg = msg % (meth, file)\n                        stacktrace.append(msg)\n                except TypeError:\n                    pass\n        if exception_class == UnexpectedAlertPresentException:\n            alert_text = None\n            if \"data\" in value:\n                alert_text = value[\"data\"].get(\"text\")\n            elif \"alert\" in value:\n                alert_text = value[\"alert\"].get(\"text\")\n            raise exception_class(message, screen, stacktrace, alert_text)  # type: ignore[call-arg]  # mypy is not smart enough here\n>       raise exception_class(message, screen, stacktrace)\nE       selenium.common.exceptions.NoSuchElementException: Message: no such element: Unable to locate element: {\"method\":\"xpath\",\"selector\":\"(//div[@class='footer-col']/ul/li/a)[1]\"}\nE         (Session info: headless chrome=117.0.5938.88); For documentation on this error, please visit: https://www.selenium.dev/documentation/webdriver/troubleshooting/errors#no-such-element-exception\nE       Stacktrace:\nE       #0 0x565301e196c3 <unknown>\nE       #1 0x565301aef1e7 <unknown>\nE       #2 0x565301b36566 <unknown>\nE       #3 0x565301b36651 <unknown>\nE       #4 0x565301b73a74 <unknown>\nE       #5 0x565301b580ed <unknown>\nE       #6 0x565301b71322 <unknown>\nE       #7 0x565301b57e93 <unknown>\nE       #8 0x565301b2a934 <unknown>\nE       #9 0x565301b2b71e <unknown>\nE       #10 0x565301ddecc8 <unknown>\nE       #11 0x565301de2c00 <unknown>\nE       #12 0x565301ded1ac <unknown>\nE       #13 0x565301de3818 <unknown>\nE       #14 0x565301db028f <unknown>\nE       #15 0x565301e07e98 <unknown>\nE       #16 0x565301e08069 <unknown>\nE       #17 0x565301e18853 <unknown>\nE       #18 0x7fc9c8763044 <unknown>\n\n/usr/local/lib/python3.11/site-packages/selenium/webdriver/remote/errorhandler.py:245: NoSuchElementException","steps":[{"name":"Проверка функциональности ссылки 'Каталог товаров'","time":{"start":1694826081437,"stop":1694826081456,"duration":19},"status":"broken","statusMessage":"selenium.common.exceptions.NoSuchElementException: Message: no such element: Unable to locate element: {\"method\":\"xpath\",\"selector\":\"(//div[@class='footer-col']/ul/li/a)[1]\"}\n  (Session info: headless chrome=117.0.5938.88); For documentation on this error, please visit: https://www.selenium.dev/documentation/webdriver/troubleshooting/errors#no-such-element-exception\nStacktrace:\n#0 0x565301e196c3 <unknown>\n#1 0x565301aef1e7 <unknown>\n#2 0x565301b36566 <unknown>\n#3 0x565301b36651 <unknown>\n#4 0x565301b73a74 <unknown>\n#5 0x565301b580ed <unknown>\n#6 0x565301b71322 <unknown>\n#7 0x565301b57e93 <unknown>\n#8 0x565301b2a934 <unknown>\n#9 0x565301b2b71e <unknown>\n#10 0x565301ddecc8 <unknown>\n#11 0x565301de2c00 <unknown>\n#12 0x565301ded1ac <unknown>\n#13 0x565301de3818 <unknown>\n#14 0x565301db028f <unknown>\n#15 0x565301e07e98 <unknown>\n#16 0x565301e08069 <unknown>\n#17 0x565301e18853 <unknown>\n#18 0x7fc9c8763044 <unknown>\n\n","statusTrace":"  File \"/usr/local/lib/python3.11/site-packages/allure_commons/_allure.py\", line 192, in impl\n    return func(*a, **kw)\n           ^^^^^^^^^^^^^^\n  File \"/app/pages/main_page.py\", line 122, in check_product_catalog_link\n    self.driver.find_element(*self._product_catalog_link).click()\n    ^^^^^^^^^^^^^^^^^^^^^^^^^^^^^^^^^^^^^^^^^^^^^^^^^^^^^\n  File \"/usr/local/lib/python3.11/site-packages/selenium/webdriver/remote/webdriver.py\", line 740, in find_element\n    return self.execute(Command.FIND_ELEMENT, {\"using\": by, \"value\": value})[\"value\"]\n           ^^^^^^^^^^^^^^^^^^^^^^^^^^^^^^^^^^^^^^^^^^^^^^^^^^^^^^^^^^^^^^^^^\n  File \"/usr/local/lib/python3.11/site-packages/selenium/webdriver/remote/webdriver.py\", line 346, in execute\n    self.error_handler.check_response(response)\n  File \"/usr/local/lib/python3.11/site-packages/selenium/webdriver/remote/errorhandler.py\", line 245, in check_response\n    raise exception_class(message, screen, stacktrace)\n","steps":[],"attachments":[],"parameters":[],"shouldDisplayMessage":true,"stepsCount":0,"attachmentsCount":0,"hasContent":true}],"attachments":[{"uid":"ad283337bd0133b9","name":"Screenshot","source":"ad283337bd0133b9.png","type":"image/png","size":39127},{"uid":"b55811b18e0be7e8","name":"HTML source","source":"b55811b18e0be7e8.html","type":"text/html","size":538}],"parameters":[],"shouldDisplayMessage":true,"stepsCount":1,"attachmentsCount":2,"hasContent":true},"afterStages":[{"name":"driver::0","time":{"start":1694826081617,"stop":1694826081674,"duration":57},"status":"passed","steps":[],"attachments":[],"parameters":[],"shouldDisplayMessage":false,"stepsCount":0,"attachmentsCount":0,"hasContent":false},{"name":"setup::0","time":{"start":1694826081617,"stop":1694826081617,"duration":0},"status":"passed","steps":[],"attachments":[],"parameters":[],"shouldDisplayMessage":false,"stepsCount":0,"attachmentsCount":0,"hasContent":false}],"labels":[{"name":"feature","value":"Footer functionality"},{"name":"epic","value":"Main Page"},{"name":"tag","value":"smoke_test"},{"name":"parentSuite","value":"tests"},{"name":"suite","value":"test_main_page"},{"name":"subSuite","value":"TestMainPage"},{"name":"host","value":"65a8e3023ede"},{"name":"thread","value":"1-MainThread"},{"name":"framework","value":"pytest"},{"name":"language","value":"cpython3"},{"name":"package","value":"tests.test_main_page"},{"name":"resultFormat","value":"allure2"}],"parameters":[{"name":"url","value":"'https://test2.stroyrem-nn.ru/'"}],"links":[],"hidden":false,"retry":false,"extra":{"severity":"normal","retries":[],"categories":[{"name":"Test defects","matchedStatuses":[],"flaky":false}],"history":{"statistic":{"failed":0,"broken":4,"skipped":0,"passed":34,"unknown":0,"total":38},"items":[{"uid":"c66707602ba1012","reportUrl":"https://zaelcovsky.github.io/StroyremAutomation/80//#testresult/c66707602ba1012","status":"broken","statusDetails":"selenium.common.exceptions.NoSuchElementException: Message: no such element: Unable to locate element: {\"method\":\"xpath\",\"selector\":\"(//div[@class='footer-col']/ul/li/a)[1]\"}\n  (Session info: headless chrome=117.0.5938.62); For documentation on this error, please visit: https://www.selenium.dev/documentation/webdriver/troubleshooting/errors#no-such-element-exception\nStacktrace:\n#0 0x558254806693 <unknown>\n#1 0x5582544dc1e7 <unknown>\n#2 0x558254523566 <unknown>\n#3 0x558254523651 <unknown>\n#4 0x558254560a74 <unknown>\n#5 0x5582545450ed <unknown>\n#6 0x55825455e322 <unknown>\n#7 0x558254544e93 <unknown>\n#8 0x558254517934 <unknown>\n#9 0x55825451871e <unknown>\n#10 0x5582547cbc98 <unknown>\n#11 0x5582547cfbd0 <unknown>\n#12 0x5582547da17c <unknown>\n#13 0x5582547d07e8 <unknown>\n#14 0x55825479d25f <unknown>\n#15 0x5582547f4e68 <unknown>\n#16 0x5582547f5039 <unknown>\n#17 0x558254805823 <unknown>\n#18 0x7f2de09e5044 <unknown>","time":{"start":1694739755208,"stop":1694739755225,"duration":17}},{"uid":"1e4a2bdf836befe0","reportUrl":"https://zaelcovsky.github.io/StroyremAutomation/79//#testresult/1e4a2bdf836befe0","status":"passed","time":{"start":1694653398129,"stop":1694653398319,"duration":190}},{"uid":"1ed08516ce69dcce","reportUrl":"https://zaelcovsky.github.io/StroyremAutomation/78//#testresult/1ed08516ce69dcce","status":"passed","time":{"start":1694567012054,"stop":1694567012211,"duration":157}},{"uid":"4465becfc691716b","reportUrl":"https://zaelcovsky.github.io/StroyremAutomation/77//#testresult/4465becfc691716b","status":"passed","time":{"start":1694480529849,"stop":1694480530036,"duration":187}},{"uid":"64933b9cb2aa0365","reportUrl":"https://zaelcovsky.github.io/StroyremAutomation/76//#testresult/64933b9cb2aa0365","status":"passed","time":{"start":1694394163049,"stop":1694394163195,"duration":146}},{"uid":"3ce7b7fd8d6d0c56","reportUrl":"https://zaelcovsky.github.io/StroyremAutomation/75//#testresult/3ce7b7fd8d6d0c56","status":"passed","time":{"start":1694307932822,"stop":1694307932973,"duration":151}},{"uid":"6c5e5d00cec8057a","reportUrl":"https://zaelcovsky.github.io/StroyremAutomation/74//#testresult/6c5e5d00cec8057a","status":"passed","time":{"start":1694221333136,"stop":1694221333340,"duration":204}},{"uid":"2c97824f8b8b802f","reportUrl":"https://zaelcovsky.github.io/StroyremAutomation/73//#testresult/2c97824f8b8b802f","status":"passed","time":{"start":1694134921929,"stop":1694134922080,"duration":151}},{"uid":"9d03f2296015cdc9","reportUrl":"https://zaelcovsky.github.io/StroyremAutomation/72//#testresult/9d03f2296015cdc9","status":"passed","time":{"start":1694048566216,"stop":1694048566454,"duration":238}},{"uid":"db09b3259ab5229d","reportUrl":"https://zaelcovsky.github.io/StroyremAutomation/71//#testresult/db09b3259ab5229d","status":"passed","time":{"start":1693962209968,"stop":1693962210165,"duration":197}},{"uid":"8e3a469c0d829a48","reportUrl":"https://zaelcovsky.github.io/StroyremAutomation/70//#testresult/8e3a469c0d829a48","status":"passed","time":{"start":1693875759464,"stop":1693875759699,"duration":235}},{"uid":"bfef00d9cc3f75b1","reportUrl":"https://zaelcovsky.github.io/StroyremAutomation/69//#testresult/bfef00d9cc3f75b1","status":"passed","time":{"start":1693789493705,"stop":1693789493927,"duration":222}},{"uid":"f037a9d6e03fd871","reportUrl":"https://zaelcovsky.github.io/StroyremAutomation/68//#testresult/f037a9d6e03fd871","status":"passed","time":{"start":1693703163667,"stop":1693703163844,"duration":177}},{"uid":"5a06be87bf340471","reportUrl":"https://zaelcovsky.github.io/StroyremAutomation/67//#testresult/5a06be87bf340471","status":"passed","time":{"start":1693616478816,"stop":1693616479025,"duration":209}},{"uid":"40a28aa1e63b6797","reportUrl":"https://zaelcovsky.github.io/StroyremAutomation/66//#testresult/40a28aa1e63b6797","status":"passed","time":{"start":1693530400265,"stop":1693530400421,"duration":156}},{"uid":"d050ae83b2a451ef","reportUrl":"https://zaelcovsky.github.io/StroyremAutomation/9//#testresult/d050ae83b2a451ef","status":"passed","time":{"start":1693506924469,"stop":1693506924653,"duration":184}},{"uid":"c3b161ae2b47874e","reportUrl":"https://zaelcovsky.github.io/StroyremAutomation/65//#testresult/c3b161ae2b47874e","status":"passed","time":{"start":1693443835418,"stop":1693443835630,"duration":212}},{"uid":"3fb7b8cf5d21ef50","reportUrl":"https://zaelcovsky.github.io/StroyremAutomation/64//#testresult/3fb7b8cf5d21ef50","status":"passed","time":{"start":1693357384281,"stop":1693357384454,"duration":173}},{"uid":"ab280bbd7248c7d0","reportUrl":"https://zaelcovsky.github.io/StroyremAutomation/63//#testresult/ab280bbd7248c7d0","status":"passed","time":{"start":1693270968798,"stop":1693270968935,"duration":137}},{"uid":"25b125718f9ee7be","reportUrl":"https://zaelcovsky.github.io/StroyremAutomation/62//#testresult/25b125718f9ee7be","status":"passed","time":{"start":1693184585900,"stop":1693184586072,"duration":172}}]},"tags":["smoke_test"]},"source":"fdab7905aa9c533e.json","parameterValues":["'https://test2.stroyrem-nn.ru/'"]}