{"uid":"e74517304a885e38","name":"Авторизация с помощью аккаунта mail.ru","fullName":"tests.test_sign_in.test_sign_in_page.TestSignInPage#test_positive_authorization_first_time_using_MAIL_smoke","historyId":"f4f3772e4e299a8f841d74c91831025e","time":{"start":1691519007798,"stop":1691519026660,"duration":18862},"status":"skipped","statusMessage":"XFAIL хранение логинов/паролей не реализовано\n\nselenium.common.exceptions.TimeoutException: Message:","statusTrace":"self = <tests.test_sign_in.test_sign_in_page.TestSignInPage object at 0x7f6942ad1c50>\ndriver = <selenium.webdriver.chrome.webdriver.WebDriver (session=\"1c44f1906137f399db4215a10d4203a2\")>\nsign_in_page = <pages.sign_in_page.SignInPage object at 0x7f6942b01450>\nopen_sign_in_window = None\n\n    @allure.title(\"Авторизация с помощью аккаунта mail.ru\")\n    @pytest.mark.xfail(reason=\"хранение логинов/паролей не реализовано\")\n    @pytest.mark.smoke_test\n    def test_positive_authorization_first_time_using_MAIL_smoke(self, driver, sign_in_page, open_sign_in_window):\n        sign_in_page.get_mail_auth_icon().click()\n        driver.switch_to.window(driver.window_handles[1])\n        sign_in_page.get_mail_ru_window_email_field().send_keys(credentials['mail.ru_email'])\n        sign_in_page.get_mail_ru_window_password_field().send_keys(credentials['mail.ru_password'])\n        sign_in_page.get_mail_ru_window_submit_button().click()\n        driver.switch_to.window(driver.window_handles[0])\n>       sign_in_page.check_number_of_windows_to_be_equal(1)\n\ntests/test_sign_in/test_sign_in_page.py:54: \n_ _ _ _ _ _ _ _ _ _ _ _ _ _ _ _ _ _ _ _ _ _ _ _ _ _ _ _ _ _ _ _ _ _ _ _ _ _ _ _ \nbase/seleniumbase.py:197: in check_number_of_windows_to_be_equal\n    return self.__wait.until(EC.number_of_windows_to_be(number))\n_ _ _ _ _ _ _ _ _ _ _ _ _ _ _ _ _ _ _ _ _ _ _ _ _ _ _ _ _ _ _ _ _ _ _ _ _ _ _ _ \n\nself = <selenium.webdriver.support.wait.WebDriverWait (session=\"1c44f1906137f399db4215a10d4203a2\")>\nmethod = <function number_of_windows_to_be.<locals>._predicate at 0x7f69431aa7a0>\nmessage = ''\n\n    def until(self, method, message: str = \"\"):\n        \"\"\"Calls the method provided with the driver as an argument until the \\\n        return value does not evaluate to ``False``.\n    \n        :param method: callable(WebDriver)\n        :param message: optional message for :exc:`TimeoutException`\n        :returns: the result of the last call to `method`\n        :raises: :exc:`selenium.common.exceptions.TimeoutException` if timeout occurs\n        \"\"\"\n        screen = None\n        stacktrace = None\n    \n        end_time = time.monotonic() + self._timeout\n        while True:\n            try:\n                value = method(self._driver)\n                if value:\n                    return value\n            except self._ignored_exceptions as exc:\n                screen = getattr(exc, \"screen\", None)\n                stacktrace = getattr(exc, \"stacktrace\", None)\n            time.sleep(self._poll)\n            if time.monotonic() > end_time:\n                break\n>       raise TimeoutException(message, screen, stacktrace)\nE       selenium.common.exceptions.TimeoutException: Message:\n\n/usr/local/lib/python3.11/site-packages/selenium/webdriver/support/wait.py:95: TimeoutException","flaky":false,"newFailed":false,"newBroken":false,"newPassed":false,"retriesCount":0,"retriesStatusChange":false,"beforeStages":[{"name":"driver","time":{"start":1691518998719,"stop":1691518999493,"duration":774},"status":"passed","steps":[],"attachments":[],"parameters":[],"stepsCount":0,"attachmentsCount":0,"shouldDisplayMessage":false,"hasContent":false},{"name":"setup","time":{"start":1691518999493,"stop":1691518999493,"duration":0},"status":"passed","steps":[],"attachments":[],"parameters":[],"stepsCount":0,"attachmentsCount":0,"shouldDisplayMessage":false,"hasContent":false},{"name":"sign_in_page","time":{"start":1691518999493,"stop":1691519007398,"duration":7905},"status":"passed","steps":[],"attachments":[],"parameters":[],"stepsCount":0,"attachmentsCount":0,"shouldDisplayMessage":false,"hasContent":false},{"name":"open_sign_in_window","time":{"start":1691519007399,"stop":1691519007797,"duration":398},"status":"passed","steps":[{"name":"Нахождение элемента: иконка профиля в хедере","time":{"start":1691519007399,"stop":1691519007415,"duration":16},"status":"passed","steps":[],"attachments":[],"parameters":[],"stepsCount":0,"attachmentsCount":0,"shouldDisplayMessage":false,"hasContent":false}],"attachments":[],"parameters":[],"stepsCount":1,"attachmentsCount":0,"shouldDisplayMessage":false,"hasContent":true}],"testStage":{"status":"skipped","statusMessage":"XFAIL хранение логинов/паролей не реализовано\n\nselenium.common.exceptions.TimeoutException: Message:","statusTrace":"self = <tests.test_sign_in.test_sign_in_page.TestSignInPage object at 0x7f6942ad1c50>\ndriver = <selenium.webdriver.chrome.webdriver.WebDriver (session=\"1c44f1906137f399db4215a10d4203a2\")>\nsign_in_page = <pages.sign_in_page.SignInPage object at 0x7f6942b01450>\nopen_sign_in_window = None\n\n    @allure.title(\"Авторизация с помощью аккаунта mail.ru\")\n    @pytest.mark.xfail(reason=\"хранение логинов/паролей не реализовано\")\n    @pytest.mark.smoke_test\n    def test_positive_authorization_first_time_using_MAIL_smoke(self, driver, sign_in_page, open_sign_in_window):\n        sign_in_page.get_mail_auth_icon().click()\n        driver.switch_to.window(driver.window_handles[1])\n        sign_in_page.get_mail_ru_window_email_field().send_keys(credentials['mail.ru_email'])\n        sign_in_page.get_mail_ru_window_password_field().send_keys(credentials['mail.ru_password'])\n        sign_in_page.get_mail_ru_window_submit_button().click()\n        driver.switch_to.window(driver.window_handles[0])\n>       sign_in_page.check_number_of_windows_to_be_equal(1)\n\ntests/test_sign_in/test_sign_in_page.py:54: \n_ _ _ _ _ _ _ _ _ _ _ _ _ _ _ _ _ _ _ _ _ _ _ _ _ _ _ _ _ _ _ _ _ _ _ _ _ _ _ _ \nbase/seleniumbase.py:197: in check_number_of_windows_to_be_equal\n    return self.__wait.until(EC.number_of_windows_to_be(number))\n_ _ _ _ _ _ _ _ _ _ _ _ _ _ _ _ _ _ _ _ _ _ _ _ _ _ _ _ _ _ _ _ _ _ _ _ _ _ _ _ \n\nself = <selenium.webdriver.support.wait.WebDriverWait (session=\"1c44f1906137f399db4215a10d4203a2\")>\nmethod = <function number_of_windows_to_be.<locals>._predicate at 0x7f69431aa7a0>\nmessage = ''\n\n    def until(self, method, message: str = \"\"):\n        \"\"\"Calls the method provided with the driver as an argument until the \\\n        return value does not evaluate to ``False``.\n    \n        :param method: callable(WebDriver)\n        :param message: optional message for :exc:`TimeoutException`\n        :returns: the result of the last call to `method`\n        :raises: :exc:`selenium.common.exceptions.TimeoutException` if timeout occurs\n        \"\"\"\n        screen = None\n        stacktrace = None\n    \n        end_time = time.monotonic() + self._timeout\n        while True:\n            try:\n                value = method(self._driver)\n                if value:\n                    return value\n            except self._ignored_exceptions as exc:\n                screen = getattr(exc, \"screen\", None)\n                stacktrace = getattr(exc, \"stacktrace\", None)\n            time.sleep(self._poll)\n            if time.monotonic() > end_time:\n                break\n>       raise TimeoutException(message, screen, stacktrace)\nE       selenium.common.exceptions.TimeoutException: Message:\n\n/usr/local/lib/python3.11/site-packages/selenium/webdriver/support/wait.py:95: TimeoutException","steps":[{"name":"Нахождение элемента: иконка 'mail.ru' окна авторизации","time":{"start":1691519007798,"stop":1691519007813,"duration":15},"status":"passed","steps":[],"attachments":[],"parameters":[],"stepsCount":0,"attachmentsCount":0,"shouldDisplayMessage":false,"hasContent":false},{"name":"Нахождение элемента: поле 'Email' окна авторизации через 'mail.ru'","time":{"start":1691519007868,"stop":1691519010320,"duration":2452},"status":"passed","steps":[],"attachments":[],"parameters":[],"stepsCount":0,"attachmentsCount":0,"shouldDisplayMessage":false,"hasContent":false},{"name":"Нахождение элемента: поле 'Пароль' окна авторизации через 'mail.ru'","time":{"start":1691519010388,"stop":1691519010398,"duration":10},"status":"passed","steps":[],"attachments":[],"parameters":[],"stepsCount":0,"attachmentsCount":0,"shouldDisplayMessage":false,"hasContent":false},{"name":"Нахождение элемента: кнопка 'Войти' окна авторизации через 'mail.ru'","time":{"start":1691519010442,"stop":1691519010454,"duration":12},"status":"passed","steps":[],"attachments":[],"parameters":[],"stepsCount":0,"attachmentsCount":0,"shouldDisplayMessage":false,"hasContent":false}],"attachments":[{"uid":"2c98ebbc6d8932a2","name":"Screenshot","source":"2c98ebbc6d8932a2.png","type":"image/png","size":38552},{"uid":"dfa3f11d23c08341","name":"HTML source","source":"dfa3f11d23c08341.html","type":"text/html","size":401090}],"parameters":[],"stepsCount":4,"attachmentsCount":2,"shouldDisplayMessage":true,"hasContent":true},"afterStages":[{"name":"setup::0","time":{"start":1691519026848,"stop":1691519026848,"duration":0},"status":"passed","steps":[],"attachments":[],"parameters":[],"stepsCount":0,"attachmentsCount":0,"shouldDisplayMessage":false,"hasContent":false},{"name":"driver::0","time":{"start":1691519026849,"stop":1691519026914,"duration":65},"status":"passed","steps":[],"attachments":[],"parameters":[],"stepsCount":0,"attachmentsCount":0,"shouldDisplayMessage":false,"hasContent":false}],"labels":[{"name":"epic","value":"Sign In Page"},{"name":"tag","value":"smoke_test"},{"name":"tag","value":"@pytest.mark.xfail(reason='хранение логинов/паролей не реализовано')"},{"name":"parentSuite","value":"tests.test_sign_in"},{"name":"suite","value":"test_sign_in_page"},{"name":"subSuite","value":"TestSignInPage"},{"name":"host","value":"adc685e79eb2"},{"name":"thread","value":"1-MainThread"},{"name":"framework","value":"pytest"},{"name":"language","value":"cpython3"},{"name":"package","value":"tests.test_sign_in.test_sign_in_page"},{"name":"resultFormat","value":"allure2"}],"parameters":[],"links":[],"hidden":false,"retry":false,"extra":{"severity":"normal","retries":[],"categories":[],"history":{"statistic":{"failed":0,"broken":0,"skipped":2,"passed":0,"unknown":0,"total":2},"items":[{"uid":"5234f0342b13d54c","reportUrl":"https://zaelcovsky.github.io/StroyremAutomation/20//#testresult/5234f0342b13d54c","status":"skipped","statusDetails":"XFAIL хранение логинов/паролей не реализовано\n\nNameError: name 'credentials' is not defined","time":{"start":1691517577468,"stop":1691517580135,"duration":2667}}]},"tags":["@pytest.mark.xfail(reason='хранение логинов/паролей не реализовано')","smoke_test"]},"source":"e74517304a885e38.json","parameterValues":[]}