{"uid":"1b41df9259228ee9","name":"TC 014 - Проверка функциональности ссылки 'Оплатить заказ'","fullName":"tests.test_main_page.TestMainPage#test_positive_footer_payment_order_smoke","historyId":"534ccbf5f4c791c824cbd75395f48a3b","time":{"start":1711242614448,"stop":1711242614461,"duration":13},"status":"broken","statusMessage":"selenium.common.exceptions.NoSuchElementException: Message: no such element: Unable to locate element: {\"method\":\"xpath\",\"selector\":\"(//a[@href='#order-pay'])[3]\"}\n  (Session info: chrome-headless-shell=123.0.6312.58); For documentation on this error, please visit: https://www.selenium.dev/documentation/webdriver/troubleshooting/errors#no-such-element-exception\nStacktrace:\n#0 0x5586f2ffe993 <unknown>\n#1 0x5586f2cf9136 <unknown>\n#2 0x5586f2d43d48 <unknown>\n#3 0x5586f2d43e01 <unknown>\n#4 0x5586f2d86e44 <unknown>\n#5 0x5586f2d65cfd <unknown>\n#6 0x5586f2d84319 <unknown>\n#7 0x5586f2d65a73 <unknown>\n#8 0x5586f2d36c93 <unknown>\n#9 0x5586f2d3765e <unknown>\n#10 0x5586f2fc308b <unknown>\n#11 0x5586f2fc7005 <unknown>\n#12 0x5586f2fb1491 <unknown>\n#13 0x5586f2fc7b92 <unknown>\n#14 0x5586f2f969ef <unknown>\n#15 0x5586f2feddf8 <unknown>\n#16 0x5586f2fedfcb <unknown>\n#17 0x5586f2ffdae4 <unknown>\n#18 0x7f0cf5241134 <unknown>","statusTrace":"self = <tests.test_main_page.TestMainPage object at 0x7f51df49e350>\nmain_page = <pages.main_page.MainPage object at 0x7f51df8d5f90>\n\n    @allure.feature(\"Footer functionality\")\n    @allure.title(\"TC 014 - Проверка функциональности ссылки 'Оплатить заказ'\")\n    @pytest.mark.smoke_test\n    def test_positive_footer_payment_order_smoke(self, main_page):\n>       title = main_page.check_payment_order_link()\n\ntests/test_main_page.py:131: \n_ _ _ _ _ _ _ _ _ _ _ _ _ _ _ _ _ _ _ _ _ _ _ _ _ _ _ _ _ _ _ _ _ _ _ _ _ _ _ _ \npages/main_page.py:161: in check_payment_order_link\n    self.driver.find_element(*self._payment_order_link).click()\n/usr/local/lib/python3.11/site-packages/selenium/webdriver/remote/webdriver.py:740: in find_element\n    return self.execute(Command.FIND_ELEMENT, {\"using\": by, \"value\": value})[\"value\"]\n/usr/local/lib/python3.11/site-packages/selenium/webdriver/remote/webdriver.py:346: in execute\n    self.error_handler.check_response(response)\n_ _ _ _ _ _ _ _ _ _ _ _ _ _ _ _ _ _ _ _ _ _ _ _ _ _ _ _ _ _ _ _ _ _ _ _ _ _ _ _ \n\nself = <selenium.webdriver.remote.errorhandler.ErrorHandler object at 0x7f51df93c710>\nresponse = {'status': 404, 'value': '{\"value\":{\"error\":\"no such element\",\"message\":\"no such element: Unable to locate element: {\\...\\\\n#16 0x5586f2fedfcb \\\\u003Cunknown>\\\\n#17 0x5586f2ffdae4 \\\\u003Cunknown>\\\\n#18 0x7f0cf5241134 \\\\u003Cunknown>\\\\n\"}}'}\n\n    def check_response(self, response: Dict[str, Any]) -> None:\n        \"\"\"Checks that a JSON response from the WebDriver does not have an\n        error.\n    \n        :Args:\n         - response - The JSON response from the WebDriver server as a dictionary\n           object.\n    \n        :Raises: If the response contains an error message.\n        \"\"\"\n        status = response.get(\"status\", None)\n        if not status or status == ErrorCode.SUCCESS:\n            return\n        value = None\n        message = response.get(\"message\", \"\")\n        screen: str = response.get(\"screen\", \"\")\n        stacktrace = None\n        if isinstance(status, int):\n            value_json = response.get(\"value\", None)\n            if value_json and isinstance(value_json, str):\n                import json\n    \n                try:\n                    value = json.loads(value_json)\n                    if len(value) == 1:\n                        value = value[\"value\"]\n                    status = value.get(\"error\", None)\n                    if not status:\n                        status = value.get(\"status\", ErrorCode.UNKNOWN_ERROR)\n                        message = value.get(\"value\") or value.get(\"message\")\n                        if not isinstance(message, str):\n                            value = message\n                            message = message.get(\"message\")\n                    else:\n                        message = value.get(\"message\", None)\n                except ValueError:\n                    pass\n    \n        exception_class: Type[WebDriverException]\n        if status in ErrorCode.NO_SUCH_ELEMENT:\n            exception_class = NoSuchElementException\n        elif status in ErrorCode.NO_SUCH_FRAME:\n            exception_class = NoSuchFrameException\n        elif status in ErrorCode.NO_SUCH_SHADOW_ROOT:\n            exception_class = NoSuchShadowRootException\n        elif status in ErrorCode.NO_SUCH_WINDOW:\n            exception_class = NoSuchWindowException\n        elif status in ErrorCode.STALE_ELEMENT_REFERENCE:\n            exception_class = StaleElementReferenceException\n        elif status in ErrorCode.ELEMENT_NOT_VISIBLE:\n            exception_class = ElementNotVisibleException\n        elif status in ErrorCode.INVALID_ELEMENT_STATE:\n            exception_class = InvalidElementStateException\n        elif (\n            status in ErrorCode.INVALID_SELECTOR\n            or status in ErrorCode.INVALID_XPATH_SELECTOR\n            or status in ErrorCode.INVALID_XPATH_SELECTOR_RETURN_TYPER\n        ):\n            exception_class = InvalidSelectorException\n        elif status in ErrorCode.ELEMENT_IS_NOT_SELECTABLE:\n            exception_class = ElementNotSelectableException\n        elif status in ErrorCode.ELEMENT_NOT_INTERACTABLE:\n            exception_class = ElementNotInteractableException\n        elif status in ErrorCode.INVALID_COOKIE_DOMAIN:\n            exception_class = InvalidCookieDomainException\n        elif status in ErrorCode.UNABLE_TO_SET_COOKIE:\n            exception_class = UnableToSetCookieException\n        elif status in ErrorCode.TIMEOUT:\n            exception_class = TimeoutException\n        elif status in ErrorCode.SCRIPT_TIMEOUT:\n            exception_class = TimeoutException\n        elif status in ErrorCode.UNKNOWN_ERROR:\n            exception_class = WebDriverException\n        elif status in ErrorCode.UNEXPECTED_ALERT_OPEN:\n            exception_class = UnexpectedAlertPresentException\n        elif status in ErrorCode.NO_ALERT_OPEN:\n            exception_class = NoAlertPresentException\n        elif status in ErrorCode.IME_NOT_AVAILABLE:\n            exception_class = ImeNotAvailableException\n        elif status in ErrorCode.IME_ENGINE_ACTIVATION_FAILED:\n            exception_class = ImeActivationFailedException\n        elif status in ErrorCode.MOVE_TARGET_OUT_OF_BOUNDS:\n            exception_class = MoveTargetOutOfBoundsException\n        elif status in ErrorCode.JAVASCRIPT_ERROR:\n            exception_class = JavascriptException\n        elif status in ErrorCode.SESSION_NOT_CREATED:\n            exception_class = SessionNotCreatedException\n        elif status in ErrorCode.INVALID_ARGUMENT:\n            exception_class = InvalidArgumentException\n        elif status in ErrorCode.NO_SUCH_COOKIE:\n            exception_class = NoSuchCookieException\n        elif status in ErrorCode.UNABLE_TO_CAPTURE_SCREEN:\n            exception_class = ScreenshotException\n        elif status in ErrorCode.ELEMENT_CLICK_INTERCEPTED:\n            exception_class = ElementClickInterceptedException\n        elif status in ErrorCode.INSECURE_CERTIFICATE:\n            exception_class = InsecureCertificateException\n        elif status in ErrorCode.INVALID_COORDINATES:\n            exception_class = InvalidCoordinatesException\n        elif status in ErrorCode.INVALID_SESSION_ID:\n            exception_class = InvalidSessionIdException\n        elif status in ErrorCode.UNKNOWN_METHOD:\n            exception_class = UnknownMethodException\n        else:\n            exception_class = WebDriverException\n        if not value:\n            value = response[\"value\"]\n        if isinstance(value, str):\n            raise exception_class(value)\n        if message == \"\" and \"message\" in value:\n            message = value[\"message\"]\n    \n        screen = None  # type: ignore[assignment]\n        if \"screen\" in value:\n            screen = value[\"screen\"]\n    \n        stacktrace = None\n        st_value = value.get(\"stackTrace\") or value.get(\"stacktrace\")\n        if st_value:\n            if isinstance(st_value, str):\n                stacktrace = st_value.split(\"\\n\")\n            else:\n                stacktrace = []\n                try:\n                    for frame in st_value:\n                        line = frame.get(\"lineNumber\", \"\")\n                        file = frame.get(\"fileName\", \"<anonymous>\")\n                        if line:\n                            file = f\"{file}:{line}\"\n                        meth = frame.get(\"methodName\", \"<anonymous>\")\n                        if \"className\" in frame:\n                            meth = f\"{frame['className']}.{meth}\"\n                        msg = \"    at %s (%s)\"\n                        msg = msg % (meth, file)\n                        stacktrace.append(msg)\n                except TypeError:\n                    pass\n        if exception_class == UnexpectedAlertPresentException:\n            alert_text = None\n            if \"data\" in value:\n                alert_text = value[\"data\"].get(\"text\")\n            elif \"alert\" in value:\n                alert_text = value[\"alert\"].get(\"text\")\n            raise exception_class(message, screen, stacktrace, alert_text)  # type: ignore[call-arg]  # mypy is not smart enough here\n>       raise exception_class(message, screen, stacktrace)\nE       selenium.common.exceptions.NoSuchElementException: Message: no such element: Unable to locate element: {\"method\":\"xpath\",\"selector\":\"(//a[@href='#order-pay'])[3]\"}\nE         (Session info: chrome-headless-shell=123.0.6312.58); For documentation on this error, please visit: https://www.selenium.dev/documentation/webdriver/troubleshooting/errors#no-such-element-exception\nE       Stacktrace:\nE       #0 0x5586f2ffe993 <unknown>\nE       #1 0x5586f2cf9136 <unknown>\nE       #2 0x5586f2d43d48 <unknown>\nE       #3 0x5586f2d43e01 <unknown>\nE       #4 0x5586f2d86e44 <unknown>\nE       #5 0x5586f2d65cfd <unknown>\nE       #6 0x5586f2d84319 <unknown>\nE       #7 0x5586f2d65a73 <unknown>\nE       #8 0x5586f2d36c93 <unknown>\nE       #9 0x5586f2d3765e <unknown>\nE       #10 0x5586f2fc308b <unknown>\nE       #11 0x5586f2fc7005 <unknown>\nE       #12 0x5586f2fb1491 <unknown>\nE       #13 0x5586f2fc7b92 <unknown>\nE       #14 0x5586f2f969ef <unknown>\nE       #15 0x5586f2feddf8 <unknown>\nE       #16 0x5586f2fedfcb <unknown>\nE       #17 0x5586f2ffdae4 <unknown>\nE       #18 0x7f0cf5241134 <unknown>\n\n/usr/local/lib/python3.11/site-packages/selenium/webdriver/remote/errorhandler.py:245: NoSuchElementException","flaky":false,"newFailed":false,"newBroken":false,"newPassed":false,"retriesCount":0,"retriesStatusChange":false,"beforeStages":[{"name":"_session_faker","time":{"start":1711242406162,"stop":1711242406229,"duration":67},"status":"passed","steps":[],"attachments":[],"parameters":[],"shouldDisplayMessage":false,"stepsCount":0,"attachmentsCount":0,"hasContent":false,"attachmentStep":false},{"name":"clear_allure_results_folder","time":{"start":1711242406229,"stop":1711242406229,"duration":0},"status":"passed","steps":[],"attachments":[],"parameters":[],"shouldDisplayMessage":false,"stepsCount":0,"attachmentsCount":0,"hasContent":false,"attachmentStep":false},{"name":"driver","time":{"start":1711242613154,"stop":1711242613883,"duration":729},"status":"passed","steps":[],"attachments":[],"parameters":[],"shouldDisplayMessage":false,"stepsCount":0,"attachmentsCount":0,"hasContent":false,"attachmentStep":false},{"name":"setup","time":{"start":1711242613883,"stop":1711242613883,"duration":0},"status":"passed","steps":[],"attachments":[],"parameters":[],"shouldDisplayMessage":false,"stepsCount":0,"attachmentsCount":0,"hasContent":false,"attachmentStep":false},{"name":"main_page","time":{"start":1711242613884,"stop":1711242614447,"duration":563},"status":"passed","steps":[],"attachments":[],"parameters":[],"shouldDisplayMessage":false,"stepsCount":0,"attachmentsCount":0,"hasContent":false,"attachmentStep":false}],"testStage":{"status":"broken","statusMessage":"selenium.common.exceptions.NoSuchElementException: Message: no such element: Unable to locate element: {\"method\":\"xpath\",\"selector\":\"(//a[@href='#order-pay'])[3]\"}\n  (Session info: chrome-headless-shell=123.0.6312.58); For documentation on this error, please visit: https://www.selenium.dev/documentation/webdriver/troubleshooting/errors#no-such-element-exception\nStacktrace:\n#0 0x5586f2ffe993 <unknown>\n#1 0x5586f2cf9136 <unknown>\n#2 0x5586f2d43d48 <unknown>\n#3 0x5586f2d43e01 <unknown>\n#4 0x5586f2d86e44 <unknown>\n#5 0x5586f2d65cfd <unknown>\n#6 0x5586f2d84319 <unknown>\n#7 0x5586f2d65a73 <unknown>\n#8 0x5586f2d36c93 <unknown>\n#9 0x5586f2d3765e <unknown>\n#10 0x5586f2fc308b <unknown>\n#11 0x5586f2fc7005 <unknown>\n#12 0x5586f2fb1491 <unknown>\n#13 0x5586f2fc7b92 <unknown>\n#14 0x5586f2f969ef <unknown>\n#15 0x5586f2feddf8 <unknown>\n#16 0x5586f2fedfcb <unknown>\n#17 0x5586f2ffdae4 <unknown>\n#18 0x7f0cf5241134 <unknown>","statusTrace":"self = <tests.test_main_page.TestMainPage object at 0x7f51df49e350>\nmain_page = <pages.main_page.MainPage object at 0x7f51df8d5f90>\n\n    @allure.feature(\"Footer functionality\")\n    @allure.title(\"TC 014 - Проверка функциональности ссылки 'Оплатить заказ'\")\n    @pytest.mark.smoke_test\n    def test_positive_footer_payment_order_smoke(self, main_page):\n>       title = main_page.check_payment_order_link()\n\ntests/test_main_page.py:131: \n_ _ _ _ _ _ _ _ _ _ _ _ _ _ _ _ _ _ _ _ _ _ _ _ _ _ _ _ _ _ _ _ _ _ _ _ _ _ _ _ \npages/main_page.py:161: in check_payment_order_link\n    self.driver.find_element(*self._payment_order_link).click()\n/usr/local/lib/python3.11/site-packages/selenium/webdriver/remote/webdriver.py:740: in find_element\n    return self.execute(Command.FIND_ELEMENT, {\"using\": by, \"value\": value})[\"value\"]\n/usr/local/lib/python3.11/site-packages/selenium/webdriver/remote/webdriver.py:346: in execute\n    self.error_handler.check_response(response)\n_ _ _ _ _ _ _ _ _ _ _ _ _ _ _ _ _ _ _ _ _ _ _ _ _ _ _ _ _ _ _ _ _ _ _ _ _ _ _ _ \n\nself = <selenium.webdriver.remote.errorhandler.ErrorHandler object at 0x7f51df93c710>\nresponse = {'status': 404, 'value': '{\"value\":{\"error\":\"no such element\",\"message\":\"no such element: Unable to locate element: {\\...\\\\n#16 0x5586f2fedfcb \\\\u003Cunknown>\\\\n#17 0x5586f2ffdae4 \\\\u003Cunknown>\\\\n#18 0x7f0cf5241134 \\\\u003Cunknown>\\\\n\"}}'}\n\n    def check_response(self, response: Dict[str, Any]) -> None:\n        \"\"\"Checks that a JSON response from the WebDriver does not have an\n        error.\n    \n        :Args:\n         - response - The JSON response from the WebDriver server as a dictionary\n           object.\n    \n        :Raises: If the response contains an error message.\n        \"\"\"\n        status = response.get(\"status\", None)\n        if not status or status == ErrorCode.SUCCESS:\n            return\n        value = None\n        message = response.get(\"message\", \"\")\n        screen: str = response.get(\"screen\", \"\")\n        stacktrace = None\n        if isinstance(status, int):\n            value_json = response.get(\"value\", None)\n            if value_json and isinstance(value_json, str):\n                import json\n    \n                try:\n                    value = json.loads(value_json)\n                    if len(value) == 1:\n                        value = value[\"value\"]\n                    status = value.get(\"error\", None)\n                    if not status:\n                        status = value.get(\"status\", ErrorCode.UNKNOWN_ERROR)\n                        message = value.get(\"value\") or value.get(\"message\")\n                        if not isinstance(message, str):\n                            value = message\n                            message = message.get(\"message\")\n                    else:\n                        message = value.get(\"message\", None)\n                except ValueError:\n                    pass\n    \n        exception_class: Type[WebDriverException]\n        if status in ErrorCode.NO_SUCH_ELEMENT:\n            exception_class = NoSuchElementException\n        elif status in ErrorCode.NO_SUCH_FRAME:\n            exception_class = NoSuchFrameException\n        elif status in ErrorCode.NO_SUCH_SHADOW_ROOT:\n            exception_class = NoSuchShadowRootException\n        elif status in ErrorCode.NO_SUCH_WINDOW:\n            exception_class = NoSuchWindowException\n        elif status in ErrorCode.STALE_ELEMENT_REFERENCE:\n            exception_class = StaleElementReferenceException\n        elif status in ErrorCode.ELEMENT_NOT_VISIBLE:\n            exception_class = ElementNotVisibleException\n        elif status in ErrorCode.INVALID_ELEMENT_STATE:\n            exception_class = InvalidElementStateException\n        elif (\n            status in ErrorCode.INVALID_SELECTOR\n            or status in ErrorCode.INVALID_XPATH_SELECTOR\n            or status in ErrorCode.INVALID_XPATH_SELECTOR_RETURN_TYPER\n        ):\n            exception_class = InvalidSelectorException\n        elif status in ErrorCode.ELEMENT_IS_NOT_SELECTABLE:\n            exception_class = ElementNotSelectableException\n        elif status in ErrorCode.ELEMENT_NOT_INTERACTABLE:\n            exception_class = ElementNotInteractableException\n        elif status in ErrorCode.INVALID_COOKIE_DOMAIN:\n            exception_class = InvalidCookieDomainException\n        elif status in ErrorCode.UNABLE_TO_SET_COOKIE:\n            exception_class = UnableToSetCookieException\n        elif status in ErrorCode.TIMEOUT:\n            exception_class = TimeoutException\n        elif status in ErrorCode.SCRIPT_TIMEOUT:\n            exception_class = TimeoutException\n        elif status in ErrorCode.UNKNOWN_ERROR:\n            exception_class = WebDriverException\n        elif status in ErrorCode.UNEXPECTED_ALERT_OPEN:\n            exception_class = UnexpectedAlertPresentException\n        elif status in ErrorCode.NO_ALERT_OPEN:\n            exception_class = NoAlertPresentException\n        elif status in ErrorCode.IME_NOT_AVAILABLE:\n            exception_class = ImeNotAvailableException\n        elif status in ErrorCode.IME_ENGINE_ACTIVATION_FAILED:\n            exception_class = ImeActivationFailedException\n        elif status in ErrorCode.MOVE_TARGET_OUT_OF_BOUNDS:\n            exception_class = MoveTargetOutOfBoundsException\n        elif status in ErrorCode.JAVASCRIPT_ERROR:\n            exception_class = JavascriptException\n        elif status in ErrorCode.SESSION_NOT_CREATED:\n            exception_class = SessionNotCreatedException\n        elif status in ErrorCode.INVALID_ARGUMENT:\n            exception_class = InvalidArgumentException\n        elif status in ErrorCode.NO_SUCH_COOKIE:\n            exception_class = NoSuchCookieException\n        elif status in ErrorCode.UNABLE_TO_CAPTURE_SCREEN:\n            exception_class = ScreenshotException\n        elif status in ErrorCode.ELEMENT_CLICK_INTERCEPTED:\n            exception_class = ElementClickInterceptedException\n        elif status in ErrorCode.INSECURE_CERTIFICATE:\n            exception_class = InsecureCertificateException\n        elif status in ErrorCode.INVALID_COORDINATES:\n            exception_class = InvalidCoordinatesException\n        elif status in ErrorCode.INVALID_SESSION_ID:\n            exception_class = InvalidSessionIdException\n        elif status in ErrorCode.UNKNOWN_METHOD:\n            exception_class = UnknownMethodException\n        else:\n            exception_class = WebDriverException\n        if not value:\n            value = response[\"value\"]\n        if isinstance(value, str):\n            raise exception_class(value)\n        if message == \"\" and \"message\" in value:\n            message = value[\"message\"]\n    \n        screen = None  # type: ignore[assignment]\n        if \"screen\" in value:\n            screen = value[\"screen\"]\n    \n        stacktrace = None\n        st_value = value.get(\"stackTrace\") or value.get(\"stacktrace\")\n        if st_value:\n            if isinstance(st_value, str):\n                stacktrace = st_value.split(\"\\n\")\n            else:\n                stacktrace = []\n                try:\n                    for frame in st_value:\n                        line = frame.get(\"lineNumber\", \"\")\n                        file = frame.get(\"fileName\", \"<anonymous>\")\n                        if line:\n                            file = f\"{file}:{line}\"\n                        meth = frame.get(\"methodName\", \"<anonymous>\")\n                        if \"className\" in frame:\n                            meth = f\"{frame['className']}.{meth}\"\n                        msg = \"    at %s (%s)\"\n                        msg = msg % (meth, file)\n                        stacktrace.append(msg)\n                except TypeError:\n                    pass\n        if exception_class == UnexpectedAlertPresentException:\n            alert_text = None\n            if \"data\" in value:\n                alert_text = value[\"data\"].get(\"text\")\n            elif \"alert\" in value:\n                alert_text = value[\"alert\"].get(\"text\")\n            raise exception_class(message, screen, stacktrace, alert_text)  # type: ignore[call-arg]  # mypy is not smart enough here\n>       raise exception_class(message, screen, stacktrace)\nE       selenium.common.exceptions.NoSuchElementException: Message: no such element: Unable to locate element: {\"method\":\"xpath\",\"selector\":\"(//a[@href='#order-pay'])[3]\"}\nE         (Session info: chrome-headless-shell=123.0.6312.58); For documentation on this error, please visit: https://www.selenium.dev/documentation/webdriver/troubleshooting/errors#no-such-element-exception\nE       Stacktrace:\nE       #0 0x5586f2ffe993 <unknown>\nE       #1 0x5586f2cf9136 <unknown>\nE       #2 0x5586f2d43d48 <unknown>\nE       #3 0x5586f2d43e01 <unknown>\nE       #4 0x5586f2d86e44 <unknown>\nE       #5 0x5586f2d65cfd <unknown>\nE       #6 0x5586f2d84319 <unknown>\nE       #7 0x5586f2d65a73 <unknown>\nE       #8 0x5586f2d36c93 <unknown>\nE       #9 0x5586f2d3765e <unknown>\nE       #10 0x5586f2fc308b <unknown>\nE       #11 0x5586f2fc7005 <unknown>\nE       #12 0x5586f2fb1491 <unknown>\nE       #13 0x5586f2fc7b92 <unknown>\nE       #14 0x5586f2f969ef <unknown>\nE       #15 0x5586f2feddf8 <unknown>\nE       #16 0x5586f2fedfcb <unknown>\nE       #17 0x5586f2ffdae4 <unknown>\nE       #18 0x7f0cf5241134 <unknown>\n\n/usr/local/lib/python3.11/site-packages/selenium/webdriver/remote/errorhandler.py:245: NoSuchElementException","steps":[{"name":"Проверка функциональности ссылки 'Оплатить заказ'","time":{"start":1711242614448,"stop":1711242614461,"duration":13},"status":"broken","statusMessage":"selenium.common.exceptions.NoSuchElementException: Message: no such element: Unable to locate element: {\"method\":\"xpath\",\"selector\":\"(//a[@href='#order-pay'])[3]\"}\n  (Session info: chrome-headless-shell=123.0.6312.58); For documentation on this error, please visit: https://www.selenium.dev/documentation/webdriver/troubleshooting/errors#no-such-element-exception\nStacktrace:\n#0 0x5586f2ffe993 <unknown>\n#1 0x5586f2cf9136 <unknown>\n#2 0x5586f2d43d48 <unknown>\n#3 0x5586f2d43e01 <unknown>\n#4 0x5586f2d86e44 <unknown>\n#5 0x5586f2d65cfd <unknown>\n#6 0x5586f2d84319 <unknown>\n#7 0x5586f2d65a73 <unknown>\n#8 0x5586f2d36c93 <unknown>\n#9 0x5586f2d3765e <unknown>\n#10 0x5586f2fc308b <unknown>\n#11 0x5586f2fc7005 <unknown>\n#12 0x5586f2fb1491 <unknown>\n#13 0x5586f2fc7b92 <unknown>\n#14 0x5586f2f969ef <unknown>\n#15 0x5586f2feddf8 <unknown>\n#16 0x5586f2fedfcb <unknown>\n#17 0x5586f2ffdae4 <unknown>\n#18 0x7f0cf5241134 <unknown>\n\n","statusTrace":"  File \"/usr/local/lib/python3.11/site-packages/allure_commons/_allure.py\", line 192, in impl\n    return func(*a, **kw)\n           ^^^^^^^^^^^^^^\n  File \"/app/pages/main_page.py\", line 161, in check_payment_order_link\n    self.driver.find_element(*self._payment_order_link).click()\n    ^^^^^^^^^^^^^^^^^^^^^^^^^^^^^^^^^^^^^^^^^^^^^^^^^^^\n  File \"/usr/local/lib/python3.11/site-packages/selenium/webdriver/remote/webdriver.py\", line 740, in find_element\n    return self.execute(Command.FIND_ELEMENT, {\"using\": by, \"value\": value})[\"value\"]\n           ^^^^^^^^^^^^^^^^^^^^^^^^^^^^^^^^^^^^^^^^^^^^^^^^^^^^^^^^^^^^^^^^^\n  File \"/usr/local/lib/python3.11/site-packages/selenium/webdriver/remote/webdriver.py\", line 346, in execute\n    self.error_handler.check_response(response)\n  File \"/usr/local/lib/python3.11/site-packages/selenium/webdriver/remote/errorhandler.py\", line 245, in check_response\n    raise exception_class(message, screen, stacktrace)\n","steps":[],"attachments":[],"parameters":[],"shouldDisplayMessage":true,"stepsCount":0,"attachmentsCount":0,"hasContent":true,"attachmentStep":false}],"attachments":[{"uid":"937beb77bd2003e9","name":"Screenshot","source":"937beb77bd2003e9.png","type":"image/png","size":39106},{"uid":"fe550820d24cd3a1","name":"HTML source","source":"fe550820d24cd3a1.html","type":"text/html","size":538}],"parameters":[],"shouldDisplayMessage":true,"stepsCount":1,"attachmentsCount":2,"hasContent":true,"attachmentStep":false},"afterStages":[{"name":"setup::0","time":{"start":1711242614563,"stop":1711242614563,"duration":0},"status":"passed","steps":[],"attachments":[],"parameters":[],"shouldDisplayMessage":false,"stepsCount":0,"attachmentsCount":0,"hasContent":false,"attachmentStep":false},{"name":"driver::0","time":{"start":1711242614563,"stop":1711242614620,"duration":57},"status":"passed","steps":[],"attachments":[],"parameters":[],"shouldDisplayMessage":false,"stepsCount":0,"attachmentsCount":0,"hasContent":false,"attachmentStep":false}],"labels":[{"name":"epic","value":"Main Page"},{"name":"feature","value":"Footer functionality"},{"name":"tag","value":"smoke_test"},{"name":"parentSuite","value":"tests"},{"name":"suite","value":"test_main_page"},{"name":"subSuite","value":"TestMainPage"},{"name":"host","value":"3ab90429cd92"},{"name":"thread","value":"1-MainThread"},{"name":"framework","value":"pytest"},{"name":"language","value":"cpython3"},{"name":"package","value":"tests.test_main_page"},{"name":"resultFormat","value":"allure2"}],"parameters":[{"name":"url","value":"'https://test2.stroyrem-nn.ru/'"}],"links":[],"hidden":false,"retry":false,"extra":{"severity":"normal","retries":[],"categories":[{"name":"Test defects","matchedStatuses":[],"flaky":false}],"history":{"statistic":{"failed":0,"broken":193,"skipped":0,"passed":35,"unknown":0,"total":228},"items":[{"uid":"42a9c72140ddc7e8","reportUrl":"https://zaelcovsky.github.io/StroyremAutomation/270//#testresult/42a9c72140ddc7e8","status":"broken","statusDetails":"selenium.common.exceptions.NoSuchElementException: Message: no such element: Unable to locate element: {\"method\":\"xpath\",\"selector\":\"(//a[@href='#order-pay'])[3]\"}\n  (Session info: chrome-headless-shell=123.0.6312.58); For documentation on this error, please visit: https://www.selenium.dev/documentation/webdriver/troubleshooting/errors#no-such-element-exception\nStacktrace:\n#0 0x55e7cd37b993 <unknown>\n#1 0x55e7cd076136 <unknown>\n#2 0x55e7cd0c0d48 <unknown>\n#3 0x55e7cd0c0e01 <unknown>\n#4 0x55e7cd103e44 <unknown>\n#5 0x55e7cd0e2cfd <unknown>\n#6 0x55e7cd101319 <unknown>\n#7 0x55e7cd0e2a73 <unknown>\n#8 0x55e7cd0b3c93 <unknown>\n#9 0x55e7cd0b465e <unknown>\n#10 0x55e7cd34008b <unknown>\n#11 0x55e7cd344005 <unknown>\n#12 0x55e7cd32e491 <unknown>\n#13 0x55e7cd344b92 <unknown>\n#14 0x55e7cd3139ef <unknown>\n#15 0x55e7cd36adf8 <unknown>\n#16 0x55e7cd36afcb <unknown>\n#17 0x55e7cd37aae4 <unknown>\n#18 0x7f07f02ae134 <unknown>","time":{"start":1711155740607,"stop":1711155740621,"duration":14}},{"uid":"e8c8c8cc0dd76379","reportUrl":"https://zaelcovsky.github.io/StroyremAutomation/269//#testresult/e8c8c8cc0dd76379","status":"broken","statusDetails":"selenium.common.exceptions.NoSuchElementException: Message: no such element: Unable to locate element: {\"method\":\"xpath\",\"selector\":\"(//a[@href='#order-pay'])[3]\"}\n  (Session info: chrome-headless-shell=123.0.6312.58); For documentation on this error, please visit: https://www.selenium.dev/documentation/webdriver/troubleshooting/errors#no-such-element-exception\nStacktrace:\n#0 0x56396b100993 <unknown>\n#1 0x56396adfb136 <unknown>\n#2 0x56396ae45d48 <unknown>\n#3 0x56396ae45e01 <unknown>\n#4 0x56396ae88e44 <unknown>\n#5 0x56396ae67cfd <unknown>\n#6 0x56396ae86319 <unknown>\n#7 0x56396ae67a73 <unknown>\n#8 0x56396ae38c93 <unknown>\n#9 0x56396ae3965e <unknown>\n#10 0x56396b0c508b <unknown>\n#11 0x56396b0c9005 <unknown>\n#12 0x56396b0b3491 <unknown>\n#13 0x56396b0c9b92 <unknown>\n#14 0x56396b0989ef <unknown>\n#15 0x56396b0efdf8 <unknown>\n#16 0x56396b0effcb <unknown>\n#17 0x56396b0ffae4 <unknown>\n#18 0x7f6e63ad3134 <unknown>","time":{"start":1711069432370,"stop":1711069432383,"duration":13}},{"uid":"e1c96a74d5f79929","reportUrl":"https://zaelcovsky.github.io/StroyremAutomation/268//#testresult/e1c96a74d5f79929","status":"broken","statusDetails":"selenium.common.exceptions.NoSuchElementException: Message: no such element: Unable to locate element: {\"method\":\"xpath\",\"selector\":\"(//a[@href='#order-pay'])[3]\"}\n  (Session info: chrome-headless-shell=123.0.6312.58); For documentation on this error, please visit: https://www.selenium.dev/documentation/webdriver/troubleshooting/errors#no-such-element-exception\nStacktrace:\n#0 0x556afb963993 <unknown>\n#1 0x556afb65e136 <unknown>\n#2 0x556afb6a8d48 <unknown>\n#3 0x556afb6a8e01 <unknown>\n#4 0x556afb6ebe44 <unknown>\n#5 0x556afb6cacfd <unknown>\n#6 0x556afb6e9319 <unknown>\n#7 0x556afb6caa73 <unknown>\n#8 0x556afb69bc93 <unknown>\n#9 0x556afb69c65e <unknown>\n#10 0x556afb92808b <unknown>\n#11 0x556afb92c005 <unknown>\n#12 0x556afb916491 <unknown>\n#13 0x556afb92cb92 <unknown>\n#14 0x556afb8fb9ef <unknown>\n#15 0x556afb952df8 <unknown>\n#16 0x556afb952fcb <unknown>\n#17 0x556afb962ae4 <unknown>\n#18 0x7fca3ba0a134 <unknown>","time":{"start":1710983122266,"stop":1710983122279,"duration":13}},{"uid":"a0176ac1d16bd13c","reportUrl":"https://zaelcovsky.github.io/StroyremAutomation/267//#testresult/a0176ac1d16bd13c","status":"broken","statusDetails":"selenium.common.exceptions.NoSuchElementException: Message: no such element: Unable to locate element: {\"method\":\"xpath\",\"selector\":\"(//a[@href='#order-pay'])[3]\"}\n  (Session info: chrome-headless-shell=123.0.6312.58); For documentation on this error, please visit: https://www.selenium.dev/documentation/webdriver/troubleshooting/errors#no-such-element-exception\nStacktrace:\n#0 0x5ce59c882993 <unknown>\n#1 0x5ce59c57d136 <unknown>\n#2 0x5ce59c5c7d48 <unknown>\n#3 0x5ce59c5c7e01 <unknown>\n#4 0x5ce59c60ae44 <unknown>\n#5 0x5ce59c5e9cfd <unknown>\n#6 0x5ce59c608319 <unknown>\n#7 0x5ce59c5e9a73 <unknown>\n#8 0x5ce59c5bac93 <unknown>\n#9 0x5ce59c5bb65e <unknown>\n#10 0x5ce59c84708b <unknown>\n#11 0x5ce59c84b005 <unknown>\n#12 0x5ce59c835491 <unknown>\n#13 0x5ce59c84bb92 <unknown>\n#14 0x5ce59c81a9ef <unknown>\n#15 0x5ce59c871df8 <unknown>\n#16 0x5ce59c871fcb <unknown>\n#17 0x5ce59c881ae4 <unknown>\n#18 0x77ce6a4ce134 <unknown>","time":{"start":1710896628429,"stop":1710896628442,"duration":13}},{"uid":"994cb5d0c569a42a","reportUrl":"https://zaelcovsky.github.io/StroyremAutomation/266//#testresult/994cb5d0c569a42a","status":"broken","statusDetails":"selenium.common.exceptions.NoSuchElementException: Message: no such element: Unable to locate element: {\"method\":\"xpath\",\"selector\":\"(//a[@href='#order-pay'])[3]\"}\n  (Session info: chrome-headless-shell=122.0.6261.128); For documentation on this error, please visit: https://www.selenium.dev/documentation/webdriver/troubleshooting/errors#no-such-element-exception\nStacktrace:\n#0 0x594e759b7f33 <unknown>\n#1 0x594e756afce6 <unknown>\n#2 0x594e756fae48 <unknown>\n#3 0x594e756faf01 <unknown>\n#4 0x594e7573e3f4 <unknown>\n#5 0x594e7571cedd <unknown>\n#6 0x594e7573b899 <unknown>\n#7 0x594e7571cc53 <unknown>\n#8 0x594e756eddb3 <unknown>\n#9 0x594e756ee77e <unknown>\n#10 0x594e7597d86b <unknown>\n#11 0x594e75981885 <unknown>\n#12 0x594e7596b181 <unknown>\n#13 0x594e75982412 <unknown>\n#14 0x594e7594f25f <unknown>\n#15 0x594e759a6528 <unknown>\n#16 0x594e759a6723 <unknown>\n#17 0x594e759b70e4 <unknown>\n#18 0x71b048b72134 <unknown>","time":{"start":1710810196615,"stop":1710810196628,"duration":13}},{"uid":"6ed036ec0234a9e7","reportUrl":"https://zaelcovsky.github.io/StroyremAutomation/265//#testresult/6ed036ec0234a9e7","status":"broken","statusDetails":"selenium.common.exceptions.NoSuchElementException: Message: no such element: Unable to locate element: {\"method\":\"xpath\",\"selector\":\"(//a[@href='#order-pay'])[3]\"}\n  (Session info: chrome-headless-shell=122.0.6261.128); For documentation on this error, please visit: https://www.selenium.dev/documentation/webdriver/troubleshooting/errors#no-such-element-exception\nStacktrace:\n#0 0x56883d817f33 <unknown>\n#1 0x56883d50fce6 <unknown>\n#2 0x56883d55ae48 <unknown>\n#3 0x56883d55af01 <unknown>\n#4 0x56883d59e3f4 <unknown>\n#5 0x56883d57cedd <unknown>\n#6 0x56883d59b899 <unknown>\n#7 0x56883d57cc53 <unknown>\n#8 0x56883d54ddb3 <unknown>\n#9 0x56883d54e77e <unknown>\n#10 0x56883d7dd86b <unknown>\n#11 0x56883d7e1885 <unknown>\n#12 0x56883d7cb181 <unknown>\n#13 0x56883d7e2412 <unknown>\n#14 0x56883d7af25f <unknown>\n#15 0x56883d806528 <unknown>\n#16 0x56883d806723 <unknown>\n#17 0x56883d8170e4 <unknown>\n#18 0x7d38e05e1134 <unknown>","time":{"start":1710723896661,"stop":1710723896674,"duration":13}},{"uid":"beaef2484570452","reportUrl":"https://zaelcovsky.github.io/StroyremAutomation/264//#testresult/beaef2484570452","status":"broken","statusDetails":"selenium.common.exceptions.NoSuchElementException: Message: no such element: Unable to locate element: {\"method\":\"xpath\",\"selector\":\"(//a[@href='#order-pay'])[3]\"}\n  (Session info: chrome-headless-shell=122.0.6261.128); For documentation on this error, please visit: https://www.selenium.dev/documentation/webdriver/troubleshooting/errors#no-such-element-exception\nStacktrace:\n#0 0x5c29c8073f33 <unknown>\n#1 0x5c29c7d6bce6 <unknown>\n#2 0x5c29c7db6e48 <unknown>\n#3 0x5c29c7db6f01 <unknown>\n#4 0x5c29c7dfa3f4 <unknown>\n#5 0x5c29c7dd8edd <unknown>\n#6 0x5c29c7df7899 <unknown>\n#7 0x5c29c7dd8c53 <unknown>\n#8 0x5c29c7da9db3 <unknown>\n#9 0x5c29c7daa77e <unknown>\n#10 0x5c29c803986b <unknown>\n#11 0x5c29c803d885 <unknown>\n#12 0x5c29c8027181 <unknown>\n#13 0x5c29c803e412 <unknown>\n#14 0x5c29c800b25f <unknown>\n#15 0x5c29c8062528 <unknown>\n#16 0x5c29c8062723 <unknown>\n#17 0x5c29c80730e4 <unknown>\n#18 0x7e38b3ab3134 <unknown>","time":{"start":1710637670051,"stop":1710637670065,"duration":14}},{"uid":"dad87f3a07462c97","reportUrl":"https://zaelcovsky.github.io/StroyremAutomation/263//#testresult/dad87f3a07462c97","status":"broken","statusDetails":"selenium.common.exceptions.NoSuchElementException: Message: no such element: Unable to locate element: {\"method\":\"xpath\",\"selector\":\"(//a[@href='#order-pay'])[3]\"}\n  (Session info: chrome-headless-shell=122.0.6261.128); For documentation on this error, please visit: https://www.selenium.dev/documentation/webdriver/troubleshooting/errors#no-such-element-exception\nStacktrace:\n#0 0x619bb3562f33 <unknown>\n#1 0x619bb325ace6 <unknown>\n#2 0x619bb32a5e48 <unknown>\n#3 0x619bb32a5f01 <unknown>\n#4 0x619bb32e93f4 <unknown>\n#5 0x619bb32c7edd <unknown>\n#6 0x619bb32e6899 <unknown>\n#7 0x619bb32c7c53 <unknown>\n#8 0x619bb3298db3 <unknown>\n#9 0x619bb329977e <unknown>\n#10 0x619bb352886b <unknown>\n#11 0x619bb352c885 <unknown>\n#12 0x619bb3516181 <unknown>\n#13 0x619bb352d412 <unknown>\n#14 0x619bb34fa25f <unknown>\n#15 0x619bb3551528 <unknown>\n#16 0x619bb3551723 <unknown>\n#17 0x619bb35620e4 <unknown>\n#18 0x78ae59a18134 <unknown>","time":{"start":1710550923877,"stop":1710550923890,"duration":13}},{"uid":"4bbbf66d0e1224a3","reportUrl":"https://zaelcovsky.github.io/StroyremAutomation/262//#testresult/4bbbf66d0e1224a3","status":"broken","statusDetails":"selenium.common.exceptions.NoSuchElementException: Message: no such element: Unable to locate element: {\"method\":\"xpath\",\"selector\":\"(//a[@href='#order-pay'])[3]\"}\n  (Session info: chrome-headless-shell=122.0.6261.128); For documentation on this error, please visit: https://www.selenium.dev/documentation/webdriver/troubleshooting/errors#no-such-element-exception\nStacktrace:\n#0 0x57d713cdaf33 <unknown>\n#1 0x57d7139d2ce6 <unknown>\n#2 0x57d713a1de48 <unknown>\n#3 0x57d713a1df01 <unknown>\n#4 0x57d713a613f4 <unknown>\n#5 0x57d713a3fedd <unknown>\n#6 0x57d713a5e899 <unknown>\n#7 0x57d713a3fc53 <unknown>\n#8 0x57d713a10db3 <unknown>\n#9 0x57d713a1177e <unknown>\n#10 0x57d713ca086b <unknown>\n#11 0x57d713ca4885 <unknown>\n#12 0x57d713c8e181 <unknown>\n#13 0x57d713ca5412 <unknown>\n#14 0x57d713c7225f <unknown>\n#15 0x57d713cc9528 <unknown>\n#16 0x57d713cc9723 <unknown>\n#17 0x57d713cda0e4 <unknown>\n#18 0x74d8f51dc134 <unknown>","time":{"start":1710464689888,"stop":1710464689901,"duration":13}},{"uid":"ad6d240345ffc0de","reportUrl":"https://zaelcovsky.github.io/StroyremAutomation/261//#testresult/ad6d240345ffc0de","status":"broken","statusDetails":"selenium.common.exceptions.NoSuchElementException: Message: no such element: Unable to locate element: {\"method\":\"xpath\",\"selector\":\"(//a[@href='#order-pay'])[3]\"}\n  (Session info: chrome-headless-shell=122.0.6261.128); For documentation on this error, please visit: https://www.selenium.dev/documentation/webdriver/troubleshooting/errors#no-such-element-exception\nStacktrace:\n#0 0x635e4bd42f33 <unknown>\n#1 0x635e4ba3ace6 <unknown>\n#2 0x635e4ba85e48 <unknown>\n#3 0x635e4ba85f01 <unknown>\n#4 0x635e4bac93f4 <unknown>\n#5 0x635e4baa7edd <unknown>\n#6 0x635e4bac6899 <unknown>\n#7 0x635e4baa7c53 <unknown>\n#8 0x635e4ba78db3 <unknown>\n#9 0x635e4ba7977e <unknown>\n#10 0x635e4bd0886b <unknown>\n#11 0x635e4bd0c885 <unknown>\n#12 0x635e4bcf6181 <unknown>\n#13 0x635e4bd0d412 <unknown>\n#14 0x635e4bcda25f <unknown>\n#15 0x635e4bd31528 <unknown>\n#16 0x635e4bd31723 <unknown>\n#17 0x635e4bd420e4 <unknown>\n#18 0x795e00bf6134 <unknown>","time":{"start":1710378226049,"stop":1710378226062,"duration":13}},{"uid":"b10668c5e7c510cf","reportUrl":"https://zaelcovsky.github.io/StroyremAutomation/260//#testresult/b10668c5e7c510cf","status":"broken","statusDetails":"selenium.common.exceptions.NoSuchElementException: Message: no such element: Unable to locate element: {\"method\":\"xpath\",\"selector\":\"(//a[@href='#order-pay'])[3]\"}\n  (Session info: chrome-headless-shell=122.0.6261.128); For documentation on this error, please visit: https://www.selenium.dev/documentation/webdriver/troubleshooting/errors#no-such-element-exception\nStacktrace:\n#0 0x5614af42ef33 <unknown>\n#1 0x5614af126ce6 <unknown>\n#2 0x5614af171e48 <unknown>\n#3 0x5614af171f01 <unknown>\n#4 0x5614af1b53f4 <unknown>\n#5 0x5614af193edd <unknown>\n#6 0x5614af1b2899 <unknown>\n#7 0x5614af193c53 <unknown>\n#8 0x5614af164db3 <unknown>\n#9 0x5614af16577e <unknown>\n#10 0x5614af3f486b <unknown>\n#11 0x5614af3f8885 <unknown>\n#12 0x5614af3e2181 <unknown>\n#13 0x5614af3f9412 <unknown>\n#14 0x5614af3c625f <unknown>\n#15 0x5614af41d528 <unknown>\n#16 0x5614af41d723 <unknown>\n#17 0x5614af42e0e4 <unknown>\n#18 0x7f695a955134 <unknown>","time":{"start":1710291992130,"stop":1710291992146,"duration":16}},{"uid":"370e6f47f20b8e08","reportUrl":"https://zaelcovsky.github.io/StroyremAutomation/259//#testresult/370e6f47f20b8e08","status":"broken","statusDetails":"selenium.common.exceptions.NoSuchElementException: Message: no such element: Unable to locate element: {\"method\":\"xpath\",\"selector\":\"(//a[@href='#order-pay'])[3]\"}\n  (Session info: chrome-headless-shell=122.0.6261.111); For documentation on this error, please visit: https://www.selenium.dev/documentation/webdriver/troubleshooting/errors#no-such-element-exception\nStacktrace:\n#0 0x5abcf70e0ec3 <unknown>\n#1 0x5abcf6dd8ce6 <unknown>\n#2 0x5abcf6e23e48 <unknown>\n#3 0x5abcf6e23f01 <unknown>\n#4 0x5abcf6e673f4 <unknown>\n#5 0x5abcf6e45edd <unknown>\n#6 0x5abcf6e64899 <unknown>\n#7 0x5abcf6e45c53 <unknown>\n#8 0x5abcf6e16db3 <unknown>\n#9 0x5abcf6e1777e <unknown>\n#10 0x5abcf70a67fb <unknown>\n#11 0x5abcf70aa815 <unknown>\n#12 0x5abcf7094111 <unknown>\n#13 0x5abcf70ab3a2 <unknown>\n#14 0x5abcf70781ef <unknown>\n#15 0x5abcf70cf4b8 <unknown>\n#16 0x5abcf70cf6b3 <unknown>\n#17 0x5abcf70e0074 <unknown>\n#18 0x7e893144c134 <unknown>","time":{"start":1710205361202,"stop":1710205361216,"duration":14}},{"uid":"d1363d7ca34259f4","reportUrl":"https://zaelcovsky.github.io/StroyremAutomation/258//#testresult/d1363d7ca34259f4","status":"broken","statusDetails":"selenium.common.exceptions.NoSuchElementException: Message: no such element: Unable to locate element: {\"method\":\"xpath\",\"selector\":\"(//a[@href='#order-pay'])[3]\"}\n  (Session info: chrome-headless-shell=122.0.6261.111); For documentation on this error, please visit: https://www.selenium.dev/documentation/webdriver/troubleshooting/errors#no-such-element-exception\nStacktrace:\n#0 0x55954b70bec3 <unknown>\n#1 0x55954b403ce6 <unknown>\n#2 0x55954b44ee48 <unknown>\n#3 0x55954b44ef01 <unknown>\n#4 0x55954b4923f4 <unknown>\n#5 0x55954b470edd <unknown>\n#6 0x55954b48f899 <unknown>\n#7 0x55954b470c53 <unknown>\n#8 0x55954b441db3 <unknown>\n#9 0x55954b44277e <unknown>\n#10 0x55954b6d17fb <unknown>\n#11 0x55954b6d5815 <unknown>\n#12 0x55954b6bf111 <unknown>\n#13 0x55954b6d63a2 <unknown>\n#14 0x55954b6a31ef <unknown>\n#15 0x55954b6fa4b8 <unknown>\n#16 0x55954b6fa6b3 <unknown>\n#17 0x55954b70b074 <unknown>\n#18 0x7fe9848c8134 <unknown>","time":{"start":1710119036348,"stop":1710119036361,"duration":13}},{"uid":"a82b8540e97d3399","reportUrl":"https://zaelcovsky.github.io/StroyremAutomation/257//#testresult/a82b8540e97d3399","status":"broken","statusDetails":"selenium.common.exceptions.NoSuchElementException: Message: no such element: Unable to locate element: {\"method\":\"xpath\",\"selector\":\"(//a[@href='#order-pay'])[3]\"}\n  (Session info: chrome-headless-shell=122.0.6261.111); For documentation on this error, please visit: https://www.selenium.dev/documentation/webdriver/troubleshooting/errors#no-such-element-exception\nStacktrace:\n#0 0x5571c11afec3 <unknown>\n#1 0x5571c0ea7ce6 <unknown>\n#2 0x5571c0ef2e48 <unknown>\n#3 0x5571c0ef2f01 <unknown>\n#4 0x5571c0f363f4 <unknown>\n#5 0x5571c0f14edd <unknown>\n#6 0x5571c0f33899 <unknown>\n#7 0x5571c0f14c53 <unknown>\n#8 0x5571c0ee5db3 <unknown>\n#9 0x5571c0ee677e <unknown>\n#10 0x5571c11757fb <unknown>\n#11 0x5571c1179815 <unknown>\n#12 0x5571c1163111 <unknown>\n#13 0x5571c117a3a2 <unknown>\n#14 0x5571c11471ef <unknown>\n#15 0x5571c119e4b8 <unknown>\n#16 0x5571c119e6b3 <unknown>\n#17 0x5571c11af074 <unknown>\n#18 0x7f53ee081134 <unknown>","time":{"start":1710032860578,"stop":1710032860591,"duration":13}},{"uid":"7e3a19a43490da4d","reportUrl":"https://zaelcovsky.github.io/StroyremAutomation/256//#testresult/7e3a19a43490da4d","status":"broken","statusDetails":"selenium.common.exceptions.NoSuchElementException: Message: no such element: Unable to locate element: {\"method\":\"xpath\",\"selector\":\"(//a[@href='#order-pay'])[3]\"}\n  (Session info: chrome-headless-shell=122.0.6261.111); For documentation on this error, please visit: https://www.selenium.dev/documentation/webdriver/troubleshooting/errors#no-such-element-exception\nStacktrace:\n#0 0x55e7aad84ec3 <unknown>\n#1 0x55e7aaa7cce6 <unknown>\n#2 0x55e7aaac7e48 <unknown>\n#3 0x55e7aaac7f01 <unknown>\n#4 0x55e7aab0b3f4 <unknown>\n#5 0x55e7aaae9edd <unknown>\n#6 0x55e7aab08899 <unknown>\n#7 0x55e7aaae9c53 <unknown>\n#8 0x55e7aaabadb3 <unknown>\n#9 0x55e7aaabb77e <unknown>\n#10 0x55e7aad4a7fb <unknown>\n#11 0x55e7aad4e815 <unknown>\n#12 0x55e7aad38111 <unknown>\n#13 0x55e7aad4f3a2 <unknown>\n#14 0x55e7aad1c1ef <unknown>\n#15 0x55e7aad734b8 <unknown>\n#16 0x55e7aad736b3 <unknown>\n#17 0x55e7aad84074 <unknown>\n#18 0x7fc779b39134 <unknown>","time":{"start":1709946098216,"stop":1709946098228,"duration":12}},{"uid":"86eb58d2f5ae0ed0","reportUrl":"https://zaelcovsky.github.io/StroyremAutomation/255//#testresult/86eb58d2f5ae0ed0","status":"broken","statusDetails":"selenium.common.exceptions.NoSuchElementException: Message: no such element: Unable to locate element: {\"method\":\"xpath\",\"selector\":\"(//a[@href='#order-pay'])[3]\"}\n  (Session info: chrome-headless-shell=122.0.6261.111); For documentation on this error, please visit: https://www.selenium.dev/documentation/webdriver/troubleshooting/errors#no-such-element-exception\nStacktrace:\n#0 0x5556fced0ec3 <unknown>\n#1 0x5556fcbc8ce6 <unknown>\n#2 0x5556fcc13e48 <unknown>\n#3 0x5556fcc13f01 <unknown>\n#4 0x5556fcc573f4 <unknown>\n#5 0x5556fcc35edd <unknown>\n#6 0x5556fcc54899 <unknown>\n#7 0x5556fcc35c53 <unknown>\n#8 0x5556fcc06db3 <unknown>\n#9 0x5556fcc0777e <unknown>\n#10 0x5556fce967fb <unknown>\n#11 0x5556fce9a815 <unknown>\n#12 0x5556fce84111 <unknown>\n#13 0x5556fce9b3a2 <unknown>\n#14 0x5556fce681ef <unknown>\n#15 0x5556fcebf4b8 <unknown>\n#16 0x5556fcebf6b3 <unknown>\n#17 0x5556fced0074 <unknown>\n#18 0x7fe08dfb3134 <unknown>","time":{"start":1709859768660,"stop":1709859768673,"duration":13}},{"uid":"37807ef276d90c3","reportUrl":"https://zaelcovsky.github.io/StroyremAutomation/254//#testresult/37807ef276d90c3","status":"broken","statusDetails":"selenium.common.exceptions.NoSuchElementException: Message: no such element: Unable to locate element: {\"method\":\"xpath\",\"selector\":\"(//a[@href='#order-pay'])[3]\"}\n  (Session info: chrome-headless-shell=122.0.6261.94); For documentation on this error, please visit: https://www.selenium.dev/documentation/webdriver/troubleshooting/errors#no-such-element-exception\nStacktrace:\n#0 0x563a33cc9e93 <unknown>\n#1 0x563a339c1ce6 <unknown>\n#2 0x563a33a0ce48 <unknown>\n#3 0x563a33a0cf01 <unknown>\n#4 0x563a33a503f4 <unknown>\n#5 0x563a33a2eedd <unknown>\n#6 0x563a33a4d899 <unknown>\n#7 0x563a33a2ec53 <unknown>\n#8 0x563a339ffdb3 <unknown>\n#9 0x563a33a0077e <unknown>\n#10 0x563a33c8f7cb <unknown>\n#11 0x563a33c937e5 <unknown>\n#12 0x563a33c7d0e1 <unknown>\n#13 0x563a33c94372 <unknown>\n#14 0x563a33c611bf <unknown>\n#15 0x563a33cb8488 <unknown>\n#16 0x563a33cb8683 <unknown>\n#17 0x563a33cc9044 <unknown>\n#18 0x7f6cde9c7134 <unknown>","time":{"start":1709772844440,"stop":1709772844453,"duration":13}},{"uid":"59a58fbe1a626788","reportUrl":"https://zaelcovsky.github.io/StroyremAutomation/253//#testresult/59a58fbe1a626788","status":"broken","statusDetails":"selenium.common.exceptions.NoSuchElementException: Message: no such element: Unable to locate element: {\"method\":\"xpath\",\"selector\":\"(//a[@href='#order-pay'])[3]\"}\n  (Session info: chrome-headless-shell=122.0.6261.94); For documentation on this error, please visit: https://www.selenium.dev/documentation/webdriver/troubleshooting/errors#no-such-element-exception\nStacktrace:\n#0 0x55a9c9d5be93 <unknown>\n#1 0x55a9c9a53ce6 <unknown>\n#2 0x55a9c9a9ee48 <unknown>\n#3 0x55a9c9a9ef01 <unknown>\n#4 0x55a9c9ae23f4 <unknown>\n#5 0x55a9c9ac0edd <unknown>\n#6 0x55a9c9adf899 <unknown>\n#7 0x55a9c9ac0c53 <unknown>\n#8 0x55a9c9a91db3 <unknown>\n#9 0x55a9c9a9277e <unknown>\n#10 0x55a9c9d217cb <unknown>\n#11 0x55a9c9d257e5 <unknown>\n#12 0x55a9c9d0f0e1 <unknown>\n#13 0x55a9c9d26372 <unknown>\n#14 0x55a9c9cf31bf <unknown>\n#15 0x55a9c9d4a488 <unknown>\n#16 0x55a9c9d4a683 <unknown>\n#17 0x55a9c9d5b044 <unknown>\n#18 0x7f87ad911134 <unknown>","time":{"start":1709686970270,"stop":1709686970283,"duration":13}},{"uid":"15f540f3d7d6527b","reportUrl":"https://zaelcovsky.github.io/StroyremAutomation/252//#testresult/15f540f3d7d6527b","status":"broken","statusDetails":"selenium.common.exceptions.NoSuchElementException: Message: no such element: Unable to locate element: {\"method\":\"xpath\",\"selector\":\"(//a[@href='#order-pay'])[3]\"}\n  (Session info: chrome-headless-shell=122.0.6261.94); For documentation on this error, please visit: https://www.selenium.dev/documentation/webdriver/troubleshooting/errors#no-such-element-exception\nStacktrace:\n#0 0x55f86cd10e93 <unknown>\n#1 0x55f86ca08ce6 <unknown>\n#2 0x55f86ca53e48 <unknown>\n#3 0x55f86ca53f01 <unknown>\n#4 0x55f86ca973f4 <unknown>\n#5 0x55f86ca75edd <unknown>\n#6 0x55f86ca94899 <unknown>\n#7 0x55f86ca75c53 <unknown>\n#8 0x55f86ca46db3 <unknown>\n#9 0x55f86ca4777e <unknown>\n#10 0x55f86ccd67cb <unknown>\n#11 0x55f86ccda7e5 <unknown>\n#12 0x55f86ccc40e1 <unknown>\n#13 0x55f86ccdb372 <unknown>\n#14 0x55f86cca81bf <unknown>\n#15 0x55f86ccff488 <unknown>\n#16 0x55f86ccff683 <unknown>\n#17 0x55f86cd10044 <unknown>\n#18 0x7f294f19a134 <unknown>","time":{"start":1709600559557,"stop":1709600559570,"duration":13}},{"uid":"5b725ea746654af0","reportUrl":"https://zaelcovsky.github.io/StroyremAutomation/251//#testresult/5b725ea746654af0","status":"broken","statusDetails":"selenium.common.exceptions.NoSuchElementException: Message: no such element: Unable to locate element: {\"method\":\"xpath\",\"selector\":\"(//a[@href='#order-pay'])[3]\"}\n  (Session info: chrome-headless-shell=122.0.6261.94); For documentation on this error, please visit: https://www.selenium.dev/documentation/webdriver/troubleshooting/errors#no-such-element-exception\nStacktrace:\n#0 0x55e48df8fe93 <unknown>\n#1 0x55e48dc87ce6 <unknown>\n#2 0x55e48dcd2e48 <unknown>\n#3 0x55e48dcd2f01 <unknown>\n#4 0x55e48dd163f4 <unknown>\n#5 0x55e48dcf4edd <unknown>\n#6 0x55e48dd13899 <unknown>\n#7 0x55e48dcf4c53 <unknown>\n#8 0x55e48dcc5db3 <unknown>\n#9 0x55e48dcc677e <unknown>\n#10 0x55e48df557cb <unknown>\n#11 0x55e48df597e5 <unknown>\n#12 0x55e48df430e1 <unknown>\n#13 0x55e48df5a372 <unknown>\n#14 0x55e48df271bf <unknown>\n#15 0x55e48df7e488 <unknown>\n#16 0x55e48df7e683 <unknown>\n#17 0x55e48df8f044 <unknown>\n#18 0x7f881e34d134 <unknown>","time":{"start":1709514219254,"stop":1709514219266,"duration":12}}]},"tags":["smoke_test"]},"source":"1b41df9259228ee9.json","parameterValues":["'https://test2.stroyrem-nn.ru/'"]}