{"uid":"38c2eb19cf562bad","name":"TD 025 Доставка товара весом до 10000кг. в синей зоне","fullName":"tests.delivery.test_delivery_calculation.TestDeliveryPageCalculation#test_positive_delivery_blue_zone_smoke","historyId":"5c91f1b6a5c2e7b4c36fa79019f7f7db","time":{"start":1711242924471,"stop":1711242924883,"duration":412},"status":"broken","statusMessage":"selenium.common.exceptions.NoSuchElementException: Message: no such element: Unable to locate element: {\"method\":\"xpath\",\"selector\":\"(//a[@class='add-to-cart yellow-btn'])[1]\"}\n  (Session info: chrome-headless-shell=123.0.6312.58); For documentation on this error, please visit: https://www.selenium.dev/documentation/webdriver/troubleshooting/errors#no-such-element-exception\nStacktrace:\n#0 0x5613bd584993 <unknown>\n#1 0x5613bd27f136 <unknown>\n#2 0x5613bd2c9d48 <unknown>\n#3 0x5613bd2c9e01 <unknown>\n#4 0x5613bd30ce44 <unknown>\n#5 0x5613bd2ebcfd <unknown>\n#6 0x5613bd30a319 <unknown>\n#7 0x5613bd2eba73 <unknown>\n#8 0x5613bd2bcc93 <unknown>\n#9 0x5613bd2bd65e <unknown>\n#10 0x5613bd54908b <unknown>\n#11 0x5613bd54d005 <unknown>\n#12 0x5613bd537491 <unknown>\n#13 0x5613bd54db92 <unknown>\n#14 0x5613bd51c9ef <unknown>\n#15 0x5613bd573df8 <unknown>\n#16 0x5613bd573fcb <unknown>\n#17 0x5613bd583ae4 <unknown>\n#18 0x7fe65ed4a134 <unknown>","statusTrace":"self = <tests.delivery.test_delivery_calculation.TestDeliveryPageCalculation object at 0x7f51df2c9050>\ndriver = <selenium.webdriver.chrome.webdriver.WebDriver (session=\"12b8075d0a1ae3f3c876152f360572d5\")>\nurl = 'https://sandboxtest.stroyrem-nn.ru/', case_id = 'TD 025'\nlink_item = 'products/shtukaturka-gipsovaya-aksolit-m50-30-kg-mashinnogo-naneseniya'\namount = 333, weight = 10000, standard = 7000, in_time = 13900, all_time = 15900\n\n    @pytest.mark.parametrize('case_id, link_item, amount, weight, standard, in_time, all_time', [\n        (\"TD 015\", bundeks_25, 1, 30, 650, 2390, 3320),\n        pytest.param(\n            \"TD 016\", aksolit_30, 8, 300, 650, 2390, 3320,\n            marks=pytest.mark.xfail(reson=\"Цена доставки: - - -\")\n        ),\n        (\"TD 017\", aksolit_30, 13, 400, 650, 2390, 3320),\n        (\"TD 018\", aksolit_30, 16, 500, 850, 2490, 3320),\n        (\"TD 019\", aksolit_30, 25, 1700, 1150, 2490, 3320),\n        (\"TD 020\", aksolit_30, 66, 2000, 1500, 2990, 3650),\n        (\"TD 021\", aksolit_30, 149, 4500, 2600, 4380, 4890),\n        (\"TD 022\", aksolit_30, 166, 5000, 2800, 5490, 5980),\n        pytest.param(\n            \"TD 023\", aksolit_30, 206, 6200, 3300, 7500, 8000,\n            marks=pytest.mark.xfail(reson=\"Цена доставки: 4300 9900 11440\")\n        ),\n        (\"TD 024\", aksolit_30, 299, 9000, 4300, 9900, 11440),\n        (\"TD 025\", aksolit_30, 333, 10000, 7000, 13900, 15900),\n        pytest.param(\n            \"TD 026\", aksolit_30, 366, 11000, 8000, 14900, 19900,\n            marks=pytest.mark.xfail(reson=\"Цена доставки: 7000 13900 15900\")\n        ),\n        pytest.param(\n            \"TD 027\", aksolit_30, 666, 20000, 14000, 16900, 23900,\n            marks=pytest.mark.xfail(reson=\"Цена доставки: 7000 13900 15900\")\n        )\n    ])\n    @pytest.mark.smoke\n    def test_positive_delivery_blue_zone_smoke(\n            self, driver, url, case_id, link_item, amount, weight, standard, in_time, all_time\n    ):\n        allure.dynamic.title(f\"{case_id} Доставка товара весом до {weight}кг. в синей зоне\")\n    \n        driver.get(f'{url}{link_item}')\n        item_page = ItemPage(driver)\n>       item_page.add_item_to_cart(amount).click_on_cart()\n\ntests/delivery/test_delivery_calculation.py:130: \n_ _ _ _ _ _ _ _ _ _ _ _ _ _ _ _ _ _ _ _ _ _ _ _ _ _ _ _ _ _ _ _ _ _ _ _ _ _ _ _ \npages/item_page.py:40: in add_item_to_cart\n    self.find_element(self._add_item).click()\nbase/seleniumbase.py:17: in find_element\n    return self.driver.find_element(*locator)\n/usr/local/lib/python3.11/site-packages/selenium/webdriver/remote/webdriver.py:740: in find_element\n    return self.execute(Command.FIND_ELEMENT, {\"using\": by, \"value\": value})[\"value\"]\n/usr/local/lib/python3.11/site-packages/selenium/webdriver/remote/webdriver.py:346: in execute\n    self.error_handler.check_response(response)\n_ _ _ _ _ _ _ _ _ _ _ _ _ _ _ _ _ _ _ _ _ _ _ _ _ _ _ _ _ _ _ _ _ _ _ _ _ _ _ _ \n\nself = <selenium.webdriver.remote.errorhandler.ErrorHandler object at 0x7f51df924650>\nresponse = {'status': 404, 'value': '{\"value\":{\"error\":\"no such element\",\"message\":\"no such element: Unable to locate element: {\\...\\\\n#16 0x5613bd573fcb \\\\u003Cunknown>\\\\n#17 0x5613bd583ae4 \\\\u003Cunknown>\\\\n#18 0x7fe65ed4a134 \\\\u003Cunknown>\\\\n\"}}'}\n\n    def check_response(self, response: Dict[str, Any]) -> None:\n        \"\"\"Checks that a JSON response from the WebDriver does not have an\n        error.\n    \n        :Args:\n         - response - The JSON response from the WebDriver server as a dictionary\n           object.\n    \n        :Raises: If the response contains an error message.\n        \"\"\"\n        status = response.get(\"status\", None)\n        if not status or status == ErrorCode.SUCCESS:\n            return\n        value = None\n        message = response.get(\"message\", \"\")\n        screen: str = response.get(\"screen\", \"\")\n        stacktrace = None\n        if isinstance(status, int):\n            value_json = response.get(\"value\", None)\n            if value_json and isinstance(value_json, str):\n                import json\n    \n                try:\n                    value = json.loads(value_json)\n                    if len(value) == 1:\n                        value = value[\"value\"]\n                    status = value.get(\"error\", None)\n                    if not status:\n                        status = value.get(\"status\", ErrorCode.UNKNOWN_ERROR)\n                        message = value.get(\"value\") or value.get(\"message\")\n                        if not isinstance(message, str):\n                            value = message\n                            message = message.get(\"message\")\n                    else:\n                        message = value.get(\"message\", None)\n                except ValueError:\n                    pass\n    \n        exception_class: Type[WebDriverException]\n        if status in ErrorCode.NO_SUCH_ELEMENT:\n            exception_class = NoSuchElementException\n        elif status in ErrorCode.NO_SUCH_FRAME:\n            exception_class = NoSuchFrameException\n        elif status in ErrorCode.NO_SUCH_SHADOW_ROOT:\n            exception_class = NoSuchShadowRootException\n        elif status in ErrorCode.NO_SUCH_WINDOW:\n            exception_class = NoSuchWindowException\n        elif status in ErrorCode.STALE_ELEMENT_REFERENCE:\n            exception_class = StaleElementReferenceException\n        elif status in ErrorCode.ELEMENT_NOT_VISIBLE:\n            exception_class = ElementNotVisibleException\n        elif status in ErrorCode.INVALID_ELEMENT_STATE:\n            exception_class = InvalidElementStateException\n        elif (\n            status in ErrorCode.INVALID_SELECTOR\n            or status in ErrorCode.INVALID_XPATH_SELECTOR\n            or status in ErrorCode.INVALID_XPATH_SELECTOR_RETURN_TYPER\n        ):\n            exception_class = InvalidSelectorException\n        elif status in ErrorCode.ELEMENT_IS_NOT_SELECTABLE:\n            exception_class = ElementNotSelectableException\n        elif status in ErrorCode.ELEMENT_NOT_INTERACTABLE:\n            exception_class = ElementNotInteractableException\n        elif status in ErrorCode.INVALID_COOKIE_DOMAIN:\n            exception_class = InvalidCookieDomainException\n        elif status in ErrorCode.UNABLE_TO_SET_COOKIE:\n            exception_class = UnableToSetCookieException\n        elif status in ErrorCode.TIMEOUT:\n            exception_class = TimeoutException\n        elif status in ErrorCode.SCRIPT_TIMEOUT:\n            exception_class = TimeoutException\n        elif status in ErrorCode.UNKNOWN_ERROR:\n            exception_class = WebDriverException\n        elif status in ErrorCode.UNEXPECTED_ALERT_OPEN:\n            exception_class = UnexpectedAlertPresentException\n        elif status in ErrorCode.NO_ALERT_OPEN:\n            exception_class = NoAlertPresentException\n        elif status in ErrorCode.IME_NOT_AVAILABLE:\n            exception_class = ImeNotAvailableException\n        elif status in ErrorCode.IME_ENGINE_ACTIVATION_FAILED:\n            exception_class = ImeActivationFailedException\n        elif status in ErrorCode.MOVE_TARGET_OUT_OF_BOUNDS:\n            exception_class = MoveTargetOutOfBoundsException\n        elif status in ErrorCode.JAVASCRIPT_ERROR:\n            exception_class = JavascriptException\n        elif status in ErrorCode.SESSION_NOT_CREATED:\n            exception_class = SessionNotCreatedException\n        elif status in ErrorCode.INVALID_ARGUMENT:\n            exception_class = InvalidArgumentException\n        elif status in ErrorCode.NO_SUCH_COOKIE:\n            exception_class = NoSuchCookieException\n        elif status in ErrorCode.UNABLE_TO_CAPTURE_SCREEN:\n            exception_class = ScreenshotException\n        elif status in ErrorCode.ELEMENT_CLICK_INTERCEPTED:\n            exception_class = ElementClickInterceptedException\n        elif status in ErrorCode.INSECURE_CERTIFICATE:\n            exception_class = InsecureCertificateException\n        elif status in ErrorCode.INVALID_COORDINATES:\n            exception_class = InvalidCoordinatesException\n        elif status in ErrorCode.INVALID_SESSION_ID:\n            exception_class = InvalidSessionIdException\n        elif status in ErrorCode.UNKNOWN_METHOD:\n            exception_class = UnknownMethodException\n        else:\n            exception_class = WebDriverException\n        if not value:\n            value = response[\"value\"]\n        if isinstance(value, str):\n            raise exception_class(value)\n        if message == \"\" and \"message\" in value:\n            message = value[\"message\"]\n    \n        screen = None  # type: ignore[assignment]\n        if \"screen\" in value:\n            screen = value[\"screen\"]\n    \n        stacktrace = None\n        st_value = value.get(\"stackTrace\") or value.get(\"stacktrace\")\n        if st_value:\n            if isinstance(st_value, str):\n                stacktrace = st_value.split(\"\\n\")\n            else:\n                stacktrace = []\n                try:\n                    for frame in st_value:\n                        line = frame.get(\"lineNumber\", \"\")\n                        file = frame.get(\"fileName\", \"<anonymous>\")\n                        if line:\n                            file = f\"{file}:{line}\"\n                        meth = frame.get(\"methodName\", \"<anonymous>\")\n                        if \"className\" in frame:\n                            meth = f\"{frame['className']}.{meth}\"\n                        msg = \"    at %s (%s)\"\n                        msg = msg % (meth, file)\n                        stacktrace.append(msg)\n                except TypeError:\n                    pass\n        if exception_class == UnexpectedAlertPresentException:\n            alert_text = None\n            if \"data\" in value:\n                alert_text = value[\"data\"].get(\"text\")\n            elif \"alert\" in value:\n                alert_text = value[\"alert\"].get(\"text\")\n            raise exception_class(message, screen, stacktrace, alert_text)  # type: ignore[call-arg]  # mypy is not smart enough here\n>       raise exception_class(message, screen, stacktrace)\nE       selenium.common.exceptions.NoSuchElementException: Message: no such element: Unable to locate element: {\"method\":\"xpath\",\"selector\":\"(//a[@class='add-to-cart yellow-btn'])[1]\"}\nE         (Session info: chrome-headless-shell=123.0.6312.58); For documentation on this error, please visit: https://www.selenium.dev/documentation/webdriver/troubleshooting/errors#no-such-element-exception\nE       Stacktrace:\nE       #0 0x5613bd584993 <unknown>\nE       #1 0x5613bd27f136 <unknown>\nE       #2 0x5613bd2c9d48 <unknown>\nE       #3 0x5613bd2c9e01 <unknown>\nE       #4 0x5613bd30ce44 <unknown>\nE       #5 0x5613bd2ebcfd <unknown>\nE       #6 0x5613bd30a319 <unknown>\nE       #7 0x5613bd2eba73 <unknown>\nE       #8 0x5613bd2bcc93 <unknown>\nE       #9 0x5613bd2bd65e <unknown>\nE       #10 0x5613bd54908b <unknown>\nE       #11 0x5613bd54d005 <unknown>\nE       #12 0x5613bd537491 <unknown>\nE       #13 0x5613bd54db92 <unknown>\nE       #14 0x5613bd51c9ef <unknown>\nE       #15 0x5613bd573df8 <unknown>\nE       #16 0x5613bd573fcb <unknown>\nE       #17 0x5613bd583ae4 <unknown>\nE       #18 0x7fe65ed4a134 <unknown>\n\n/usr/local/lib/python3.11/site-packages/selenium/webdriver/remote/errorhandler.py:245: NoSuchElementException","flaky":false,"newFailed":false,"newBroken":false,"newPassed":false,"retriesCount":0,"retriesStatusChange":false,"beforeStages":[{"name":"_session_faker","time":{"start":1711242406162,"stop":1711242406229,"duration":67},"status":"passed","steps":[],"attachments":[],"parameters":[],"shouldDisplayMessage":false,"stepsCount":0,"attachmentsCount":0,"hasContent":false,"attachmentStep":false},{"name":"clear_allure_results_folder","time":{"start":1711242406229,"stop":1711242406229,"duration":0},"status":"passed","steps":[],"attachments":[],"parameters":[],"shouldDisplayMessage":false,"stepsCount":0,"attachmentsCount":0,"hasContent":false,"attachmentStep":false},{"name":"driver","time":{"start":1711242923740,"stop":1711242924470,"duration":730},"status":"passed","steps":[],"attachments":[],"parameters":[],"shouldDisplayMessage":false,"stepsCount":0,"attachmentsCount":0,"hasContent":false,"attachmentStep":false},{"name":"setup","time":{"start":1711242924470,"stop":1711242924470,"duration":0},"status":"passed","steps":[],"attachments":[],"parameters":[],"shouldDisplayMessage":false,"stepsCount":0,"attachmentsCount":0,"hasContent":false,"attachmentStep":false}],"testStage":{"status":"broken","statusMessage":"selenium.common.exceptions.NoSuchElementException: Message: no such element: Unable to locate element: {\"method\":\"xpath\",\"selector\":\"(//a[@class='add-to-cart yellow-btn'])[1]\"}\n  (Session info: chrome-headless-shell=123.0.6312.58); For documentation on this error, please visit: https://www.selenium.dev/documentation/webdriver/troubleshooting/errors#no-such-element-exception\nStacktrace:\n#0 0x5613bd584993 <unknown>\n#1 0x5613bd27f136 <unknown>\n#2 0x5613bd2c9d48 <unknown>\n#3 0x5613bd2c9e01 <unknown>\n#4 0x5613bd30ce44 <unknown>\n#5 0x5613bd2ebcfd <unknown>\n#6 0x5613bd30a319 <unknown>\n#7 0x5613bd2eba73 <unknown>\n#8 0x5613bd2bcc93 <unknown>\n#9 0x5613bd2bd65e <unknown>\n#10 0x5613bd54908b <unknown>\n#11 0x5613bd54d005 <unknown>\n#12 0x5613bd537491 <unknown>\n#13 0x5613bd54db92 <unknown>\n#14 0x5613bd51c9ef <unknown>\n#15 0x5613bd573df8 <unknown>\n#16 0x5613bd573fcb <unknown>\n#17 0x5613bd583ae4 <unknown>\n#18 0x7fe65ed4a134 <unknown>","statusTrace":"self = <tests.delivery.test_delivery_calculation.TestDeliveryPageCalculation object at 0x7f51df2c9050>\ndriver = <selenium.webdriver.chrome.webdriver.WebDriver (session=\"12b8075d0a1ae3f3c876152f360572d5\")>\nurl = 'https://sandboxtest.stroyrem-nn.ru/', case_id = 'TD 025'\nlink_item = 'products/shtukaturka-gipsovaya-aksolit-m50-30-kg-mashinnogo-naneseniya'\namount = 333, weight = 10000, standard = 7000, in_time = 13900, all_time = 15900\n\n    @pytest.mark.parametrize('case_id, link_item, amount, weight, standard, in_time, all_time', [\n        (\"TD 015\", bundeks_25, 1, 30, 650, 2390, 3320),\n        pytest.param(\n            \"TD 016\", aksolit_30, 8, 300, 650, 2390, 3320,\n            marks=pytest.mark.xfail(reson=\"Цена доставки: - - -\")\n        ),\n        (\"TD 017\", aksolit_30, 13, 400, 650, 2390, 3320),\n        (\"TD 018\", aksolit_30, 16, 500, 850, 2490, 3320),\n        (\"TD 019\", aksolit_30, 25, 1700, 1150, 2490, 3320),\n        (\"TD 020\", aksolit_30, 66, 2000, 1500, 2990, 3650),\n        (\"TD 021\", aksolit_30, 149, 4500, 2600, 4380, 4890),\n        (\"TD 022\", aksolit_30, 166, 5000, 2800, 5490, 5980),\n        pytest.param(\n            \"TD 023\", aksolit_30, 206, 6200, 3300, 7500, 8000,\n            marks=pytest.mark.xfail(reson=\"Цена доставки: 4300 9900 11440\")\n        ),\n        (\"TD 024\", aksolit_30, 299, 9000, 4300, 9900, 11440),\n        (\"TD 025\", aksolit_30, 333, 10000, 7000, 13900, 15900),\n        pytest.param(\n            \"TD 026\", aksolit_30, 366, 11000, 8000, 14900, 19900,\n            marks=pytest.mark.xfail(reson=\"Цена доставки: 7000 13900 15900\")\n        ),\n        pytest.param(\n            \"TD 027\", aksolit_30, 666, 20000, 14000, 16900, 23900,\n            marks=pytest.mark.xfail(reson=\"Цена доставки: 7000 13900 15900\")\n        )\n    ])\n    @pytest.mark.smoke\n    def test_positive_delivery_blue_zone_smoke(\n            self, driver, url, case_id, link_item, amount, weight, standard, in_time, all_time\n    ):\n        allure.dynamic.title(f\"{case_id} Доставка товара весом до {weight}кг. в синей зоне\")\n    \n        driver.get(f'{url}{link_item}')\n        item_page = ItemPage(driver)\n>       item_page.add_item_to_cart(amount).click_on_cart()\n\ntests/delivery/test_delivery_calculation.py:130: \n_ _ _ _ _ _ _ _ _ _ _ _ _ _ _ _ _ _ _ _ _ _ _ _ _ _ _ _ _ _ _ _ _ _ _ _ _ _ _ _ \npages/item_page.py:40: in add_item_to_cart\n    self.find_element(self._add_item).click()\nbase/seleniumbase.py:17: in find_element\n    return self.driver.find_element(*locator)\n/usr/local/lib/python3.11/site-packages/selenium/webdriver/remote/webdriver.py:740: in find_element\n    return self.execute(Command.FIND_ELEMENT, {\"using\": by, \"value\": value})[\"value\"]\n/usr/local/lib/python3.11/site-packages/selenium/webdriver/remote/webdriver.py:346: in execute\n    self.error_handler.check_response(response)\n_ _ _ _ _ _ _ _ _ _ _ _ _ _ _ _ _ _ _ _ _ _ _ _ _ _ _ _ _ _ _ _ _ _ _ _ _ _ _ _ \n\nself = <selenium.webdriver.remote.errorhandler.ErrorHandler object at 0x7f51df924650>\nresponse = {'status': 404, 'value': '{\"value\":{\"error\":\"no such element\",\"message\":\"no such element: Unable to locate element: {\\...\\\\n#16 0x5613bd573fcb \\\\u003Cunknown>\\\\n#17 0x5613bd583ae4 \\\\u003Cunknown>\\\\n#18 0x7fe65ed4a134 \\\\u003Cunknown>\\\\n\"}}'}\n\n    def check_response(self, response: Dict[str, Any]) -> None:\n        \"\"\"Checks that a JSON response from the WebDriver does not have an\n        error.\n    \n        :Args:\n         - response - The JSON response from the WebDriver server as a dictionary\n           object.\n    \n        :Raises: If the response contains an error message.\n        \"\"\"\n        status = response.get(\"status\", None)\n        if not status or status == ErrorCode.SUCCESS:\n            return\n        value = None\n        message = response.get(\"message\", \"\")\n        screen: str = response.get(\"screen\", \"\")\n        stacktrace = None\n        if isinstance(status, int):\n            value_json = response.get(\"value\", None)\n            if value_json and isinstance(value_json, str):\n                import json\n    \n                try:\n                    value = json.loads(value_json)\n                    if len(value) == 1:\n                        value = value[\"value\"]\n                    status = value.get(\"error\", None)\n                    if not status:\n                        status = value.get(\"status\", ErrorCode.UNKNOWN_ERROR)\n                        message = value.get(\"value\") or value.get(\"message\")\n                        if not isinstance(message, str):\n                            value = message\n                            message = message.get(\"message\")\n                    else:\n                        message = value.get(\"message\", None)\n                except ValueError:\n                    pass\n    \n        exception_class: Type[WebDriverException]\n        if status in ErrorCode.NO_SUCH_ELEMENT:\n            exception_class = NoSuchElementException\n        elif status in ErrorCode.NO_SUCH_FRAME:\n            exception_class = NoSuchFrameException\n        elif status in ErrorCode.NO_SUCH_SHADOW_ROOT:\n            exception_class = NoSuchShadowRootException\n        elif status in ErrorCode.NO_SUCH_WINDOW:\n            exception_class = NoSuchWindowException\n        elif status in ErrorCode.STALE_ELEMENT_REFERENCE:\n            exception_class = StaleElementReferenceException\n        elif status in ErrorCode.ELEMENT_NOT_VISIBLE:\n            exception_class = ElementNotVisibleException\n        elif status in ErrorCode.INVALID_ELEMENT_STATE:\n            exception_class = InvalidElementStateException\n        elif (\n            status in ErrorCode.INVALID_SELECTOR\n            or status in ErrorCode.INVALID_XPATH_SELECTOR\n            or status in ErrorCode.INVALID_XPATH_SELECTOR_RETURN_TYPER\n        ):\n            exception_class = InvalidSelectorException\n        elif status in ErrorCode.ELEMENT_IS_NOT_SELECTABLE:\n            exception_class = ElementNotSelectableException\n        elif status in ErrorCode.ELEMENT_NOT_INTERACTABLE:\n            exception_class = ElementNotInteractableException\n        elif status in ErrorCode.INVALID_COOKIE_DOMAIN:\n            exception_class = InvalidCookieDomainException\n        elif status in ErrorCode.UNABLE_TO_SET_COOKIE:\n            exception_class = UnableToSetCookieException\n        elif status in ErrorCode.TIMEOUT:\n            exception_class = TimeoutException\n        elif status in ErrorCode.SCRIPT_TIMEOUT:\n            exception_class = TimeoutException\n        elif status in ErrorCode.UNKNOWN_ERROR:\n            exception_class = WebDriverException\n        elif status in ErrorCode.UNEXPECTED_ALERT_OPEN:\n            exception_class = UnexpectedAlertPresentException\n        elif status in ErrorCode.NO_ALERT_OPEN:\n            exception_class = NoAlertPresentException\n        elif status in ErrorCode.IME_NOT_AVAILABLE:\n            exception_class = ImeNotAvailableException\n        elif status in ErrorCode.IME_ENGINE_ACTIVATION_FAILED:\n            exception_class = ImeActivationFailedException\n        elif status in ErrorCode.MOVE_TARGET_OUT_OF_BOUNDS:\n            exception_class = MoveTargetOutOfBoundsException\n        elif status in ErrorCode.JAVASCRIPT_ERROR:\n            exception_class = JavascriptException\n        elif status in ErrorCode.SESSION_NOT_CREATED:\n            exception_class = SessionNotCreatedException\n        elif status in ErrorCode.INVALID_ARGUMENT:\n            exception_class = InvalidArgumentException\n        elif status in ErrorCode.NO_SUCH_COOKIE:\n            exception_class = NoSuchCookieException\n        elif status in ErrorCode.UNABLE_TO_CAPTURE_SCREEN:\n            exception_class = ScreenshotException\n        elif status in ErrorCode.ELEMENT_CLICK_INTERCEPTED:\n            exception_class = ElementClickInterceptedException\n        elif status in ErrorCode.INSECURE_CERTIFICATE:\n            exception_class = InsecureCertificateException\n        elif status in ErrorCode.INVALID_COORDINATES:\n            exception_class = InvalidCoordinatesException\n        elif status in ErrorCode.INVALID_SESSION_ID:\n            exception_class = InvalidSessionIdException\n        elif status in ErrorCode.UNKNOWN_METHOD:\n            exception_class = UnknownMethodException\n        else:\n            exception_class = WebDriverException\n        if not value:\n            value = response[\"value\"]\n        if isinstance(value, str):\n            raise exception_class(value)\n        if message == \"\" and \"message\" in value:\n            message = value[\"message\"]\n    \n        screen = None  # type: ignore[assignment]\n        if \"screen\" in value:\n            screen = value[\"screen\"]\n    \n        stacktrace = None\n        st_value = value.get(\"stackTrace\") or value.get(\"stacktrace\")\n        if st_value:\n            if isinstance(st_value, str):\n                stacktrace = st_value.split(\"\\n\")\n            else:\n                stacktrace = []\n                try:\n                    for frame in st_value:\n                        line = frame.get(\"lineNumber\", \"\")\n                        file = frame.get(\"fileName\", \"<anonymous>\")\n                        if line:\n                            file = f\"{file}:{line}\"\n                        meth = frame.get(\"methodName\", \"<anonymous>\")\n                        if \"className\" in frame:\n                            meth = f\"{frame['className']}.{meth}\"\n                        msg = \"    at %s (%s)\"\n                        msg = msg % (meth, file)\n                        stacktrace.append(msg)\n                except TypeError:\n                    pass\n        if exception_class == UnexpectedAlertPresentException:\n            alert_text = None\n            if \"data\" in value:\n                alert_text = value[\"data\"].get(\"text\")\n            elif \"alert\" in value:\n                alert_text = value[\"alert\"].get(\"text\")\n            raise exception_class(message, screen, stacktrace, alert_text)  # type: ignore[call-arg]  # mypy is not smart enough here\n>       raise exception_class(message, screen, stacktrace)\nE       selenium.common.exceptions.NoSuchElementException: Message: no such element: Unable to locate element: {\"method\":\"xpath\",\"selector\":\"(//a[@class='add-to-cart yellow-btn'])[1]\"}\nE         (Session info: chrome-headless-shell=123.0.6312.58); For documentation on this error, please visit: https://www.selenium.dev/documentation/webdriver/troubleshooting/errors#no-such-element-exception\nE       Stacktrace:\nE       #0 0x5613bd584993 <unknown>\nE       #1 0x5613bd27f136 <unknown>\nE       #2 0x5613bd2c9d48 <unknown>\nE       #3 0x5613bd2c9e01 <unknown>\nE       #4 0x5613bd30ce44 <unknown>\nE       #5 0x5613bd2ebcfd <unknown>\nE       #6 0x5613bd30a319 <unknown>\nE       #7 0x5613bd2eba73 <unknown>\nE       #8 0x5613bd2bcc93 <unknown>\nE       #9 0x5613bd2bd65e <unknown>\nE       #10 0x5613bd54908b <unknown>\nE       #11 0x5613bd54d005 <unknown>\nE       #12 0x5613bd537491 <unknown>\nE       #13 0x5613bd54db92 <unknown>\nE       #14 0x5613bd51c9ef <unknown>\nE       #15 0x5613bd573df8 <unknown>\nE       #16 0x5613bd573fcb <unknown>\nE       #17 0x5613bd583ae4 <unknown>\nE       #18 0x7fe65ed4a134 <unknown>\n\n/usr/local/lib/python3.11/site-packages/selenium/webdriver/remote/errorhandler.py:245: NoSuchElementException","steps":[{"name":"Добавляем товар в корзину в количестве 333","time":{"start":1711242924870,"stop":1711242924882,"duration":12},"status":"broken","statusMessage":"selenium.common.exceptions.NoSuchElementException: Message: no such element: Unable to locate element: {\"method\":\"xpath\",\"selector\":\"(//a[@class='add-to-cart yellow-btn'])[1]\"}\n  (Session info: chrome-headless-shell=123.0.6312.58); For documentation on this error, please visit: https://www.selenium.dev/documentation/webdriver/troubleshooting/errors#no-such-element-exception\nStacktrace:\n#0 0x5613bd584993 <unknown>\n#1 0x5613bd27f136 <unknown>\n#2 0x5613bd2c9d48 <unknown>\n#3 0x5613bd2c9e01 <unknown>\n#4 0x5613bd30ce44 <unknown>\n#5 0x5613bd2ebcfd <unknown>\n#6 0x5613bd30a319 <unknown>\n#7 0x5613bd2eba73 <unknown>\n#8 0x5613bd2bcc93 <unknown>\n#9 0x5613bd2bd65e <unknown>\n#10 0x5613bd54908b <unknown>\n#11 0x5613bd54d005 <unknown>\n#12 0x5613bd537491 <unknown>\n#13 0x5613bd54db92 <unknown>\n#14 0x5613bd51c9ef <unknown>\n#15 0x5613bd573df8 <unknown>\n#16 0x5613bd573fcb <unknown>\n#17 0x5613bd583ae4 <unknown>\n#18 0x7fe65ed4a134 <unknown>\n\n","statusTrace":"  File \"/usr/local/lib/python3.11/site-packages/allure_commons/_allure.py\", line 192, in impl\n    return func(*a, **kw)\n           ^^^^^^^^^^^^^^\n  File \"/app/pages/item_page.py\", line 40, in add_item_to_cart\n    self.find_element(self._add_item).click()\n    ^^^^^^^^^^^^^^^^^^^^^^^^^^^^^^^^^\n  File \"/app/base/seleniumbase.py\", line 17, in find_element\n    return self.driver.find_element(*locator)\n           ^^^^^^^^^^^^^^^^^^^^^^^^^^^^^^^^^^\n  File \"/usr/local/lib/python3.11/site-packages/selenium/webdriver/remote/webdriver.py\", line 740, in find_element\n    return self.execute(Command.FIND_ELEMENT, {\"using\": by, \"value\": value})[\"value\"]\n           ^^^^^^^^^^^^^^^^^^^^^^^^^^^^^^^^^^^^^^^^^^^^^^^^^^^^^^^^^^^^^^^^^\n  File \"/usr/local/lib/python3.11/site-packages/selenium/webdriver/remote/webdriver.py\", line 346, in execute\n    self.error_handler.check_response(response)\n  File \"/usr/local/lib/python3.11/site-packages/selenium/webdriver/remote/errorhandler.py\", line 245, in check_response\n    raise exception_class(message, screen, stacktrace)\n","steps":[],"attachments":[],"parameters":[{"name":"amount","value":"333"}],"shouldDisplayMessage":true,"stepsCount":0,"attachmentsCount":0,"hasContent":true,"attachmentStep":false}],"attachments":[{"uid":"46f32ca9e2f6cbc7","name":"Screenshot","source":"46f32ca9e2f6cbc7.png","type":"image/png","size":5862},{"uid":"6fa6479a3f251aed","name":"HTML source","source":"6fa6479a3f251aed.html","type":"text/html","size":39}],"parameters":[],"shouldDisplayMessage":true,"stepsCount":1,"attachmentsCount":2,"hasContent":true,"attachmentStep":false},"afterStages":[{"name":"driver::0","time":{"start":1711242924981,"stop":1711242925038,"duration":57},"status":"passed","steps":[],"attachments":[],"parameters":[],"shouldDisplayMessage":false,"stepsCount":0,"attachmentsCount":0,"hasContent":false,"attachmentStep":false},{"name":"setup::0","time":{"start":1711242924981,"stop":1711242924981,"duration":0},"status":"passed","steps":[],"attachments":[],"parameters":[],"shouldDisplayMessage":false,"stepsCount":0,"attachmentsCount":0,"hasContent":false,"attachmentStep":false}],"labels":[{"name":"epic","value":"Delivery Page - calculation"},{"name":"tag","value":"smoke"},{"name":"parentSuite","value":"tests.delivery"},{"name":"suite","value":"test_delivery_calculation"},{"name":"subSuite","value":"TestDeliveryPageCalculation"},{"name":"host","value":"3ab90429cd92"},{"name":"thread","value":"1-MainThread"},{"name":"framework","value":"pytest"},{"name":"language","value":"cpython3"},{"name":"package","value":"tests.delivery.test_delivery_calculation"},{"name":"resultFormat","value":"allure2"}],"parameters":[{"name":"all_time","value":"15900"},{"name":"amount","value":"333"},{"name":"case_id","value":"'TD 025'"},{"name":"in_time","value":"13900"},{"name":"link_item","value":"'products/shtukaturka-gipsovaya-aksolit-m50-30-kg-mashinnogo-naneseniya'"},{"name":"standard","value":"7000"},{"name":"url","value":"'https://sandboxtest.stroyrem-nn.ru/'"},{"name":"weight","value":"10000"}],"links":[],"hidden":false,"retry":false,"extra":{"severity":"normal","retries":[],"categories":[{"name":"Test defects","matchedStatuses":[],"flaky":false}],"history":{"statistic":{"failed":0,"broken":207,"skipped":0,"passed":0,"unknown":0,"total":207},"items":[{"uid":"f34ef59536e9cbc5","reportUrl":"https://zaelcovsky.github.io/StroyremAutomation/270//#testresult/f34ef59536e9cbc5","status":"broken","statusDetails":"selenium.common.exceptions.NoSuchElementException: Message: no such element: Unable to locate element: {\"method\":\"xpath\",\"selector\":\"(//a[@class='add-to-cart yellow-btn'])[1]\"}\n  (Session info: chrome-headless-shell=123.0.6312.58); For documentation on this error, please visit: https://www.selenium.dev/documentation/webdriver/troubleshooting/errors#no-such-element-exception\nStacktrace:\n#0 0x556e4b1b1993 <unknown>\n#1 0x556e4aeac136 <unknown>\n#2 0x556e4aef6d48 <unknown>\n#3 0x556e4aef6e01 <unknown>\n#4 0x556e4af39e44 <unknown>\n#5 0x556e4af18cfd <unknown>\n#6 0x556e4af37319 <unknown>\n#7 0x556e4af18a73 <unknown>\n#8 0x556e4aee9c93 <unknown>\n#9 0x556e4aeea65e <unknown>\n#10 0x556e4b17608b <unknown>\n#11 0x556e4b17a005 <unknown>\n#12 0x556e4b164491 <unknown>\n#13 0x556e4b17ab92 <unknown>\n#14 0x556e4b1499ef <unknown>\n#15 0x556e4b1a0df8 <unknown>\n#16 0x556e4b1a0fcb <unknown>\n#17 0x556e4b1b0ae4 <unknown>\n#18 0x7ff547da2134 <unknown>","time":{"start":1711156024212,"stop":1711156024537,"duration":325}},{"uid":"87cf780ee95ef7a3","reportUrl":"https://zaelcovsky.github.io/StroyremAutomation/269//#testresult/87cf780ee95ef7a3","status":"broken","statusDetails":"selenium.common.exceptions.NoSuchElementException: Message: no such element: Unable to locate element: {\"method\":\"xpath\",\"selector\":\"(//a[@class='add-to-cart yellow-btn'])[1]\"}\n  (Session info: chrome-headless-shell=123.0.6312.58); For documentation on this error, please visit: https://www.selenium.dev/documentation/webdriver/troubleshooting/errors#no-such-element-exception\nStacktrace:\n#0 0x564481c1c993 <unknown>\n#1 0x564481917136 <unknown>\n#2 0x564481961d48 <unknown>\n#3 0x564481961e01 <unknown>\n#4 0x5644819a4e44 <unknown>\n#5 0x564481983cfd <unknown>\n#6 0x5644819a2319 <unknown>\n#7 0x564481983a73 <unknown>\n#8 0x564481954c93 <unknown>\n#9 0x56448195565e <unknown>\n#10 0x564481be108b <unknown>\n#11 0x564481be5005 <unknown>\n#12 0x564481bcf491 <unknown>\n#13 0x564481be5b92 <unknown>\n#14 0x564481bb49ef <unknown>\n#15 0x564481c0bdf8 <unknown>\n#16 0x564481c0bfcb <unknown>\n#17 0x564481c1bae4 <unknown>\n#18 0x7f27b0328134 <unknown>","time":{"start":1711069733948,"stop":1711069734344,"duration":396}},{"uid":"545e9428926ee292","reportUrl":"https://zaelcovsky.github.io/StroyremAutomation/268//#testresult/545e9428926ee292","status":"broken","statusDetails":"selenium.common.exceptions.NoSuchElementException: Message: no such element: Unable to locate element: {\"method\":\"xpath\",\"selector\":\"(//a[@class='add-to-cart yellow-btn'])[1]\"}\n  (Session info: chrome-headless-shell=123.0.6312.58); For documentation on this error, please visit: https://www.selenium.dev/documentation/webdriver/troubleshooting/errors#no-such-element-exception\nStacktrace:\n#0 0x5595f4de0993 <unknown>\n#1 0x5595f4adb136 <unknown>\n#2 0x5595f4b25d48 <unknown>\n#3 0x5595f4b25e01 <unknown>\n#4 0x5595f4b68e44 <unknown>\n#5 0x5595f4b47cfd <unknown>\n#6 0x5595f4b66319 <unknown>\n#7 0x5595f4b47a73 <unknown>\n#8 0x5595f4b18c93 <unknown>\n#9 0x5595f4b1965e <unknown>\n#10 0x5595f4da508b <unknown>\n#11 0x5595f4da9005 <unknown>\n#12 0x5595f4d93491 <unknown>\n#13 0x5595f4da9b92 <unknown>\n#14 0x5595f4d789ef <unknown>\n#15 0x5595f4dcfdf8 <unknown>\n#16 0x5595f4dcffcb <unknown>\n#17 0x5595f4ddfae4 <unknown>\n#18 0x7f2ca005f134 <unknown>","time":{"start":1710983425038,"stop":1710983425423,"duration":385}},{"uid":"780ce2f5a2dc38aa","reportUrl":"https://zaelcovsky.github.io/StroyremAutomation/267//#testresult/780ce2f5a2dc38aa","status":"broken","statusDetails":"selenium.common.exceptions.NoSuchElementException: Message: no such element: Unable to locate element: {\"method\":\"xpath\",\"selector\":\"(//a[@class='add-to-cart yellow-btn'])[1]\"}\n  (Session info: chrome-headless-shell=123.0.6312.58); For documentation on this error, please visit: https://www.selenium.dev/documentation/webdriver/troubleshooting/errors#no-such-element-exception\nStacktrace:\n#0 0x5f43b0be2993 <unknown>\n#1 0x5f43b08dd136 <unknown>\n#2 0x5f43b0927d48 <unknown>\n#3 0x5f43b0927e01 <unknown>\n#4 0x5f43b096ae44 <unknown>\n#5 0x5f43b0949cfd <unknown>\n#6 0x5f43b0968319 <unknown>\n#7 0x5f43b0949a73 <unknown>\n#8 0x5f43b091ac93 <unknown>\n#9 0x5f43b091b65e <unknown>\n#10 0x5f43b0ba708b <unknown>\n#11 0x5f43b0bab005 <unknown>\n#12 0x5f43b0b95491 <unknown>\n#13 0x5f43b0babb92 <unknown>\n#14 0x5f43b0b7a9ef <unknown>\n#15 0x5f43b0bd1df8 <unknown>\n#16 0x5f43b0bd1fcb <unknown>\n#17 0x5f43b0be1ae4 <unknown>\n#18 0x77120e2f7134 <unknown>","time":{"start":1710896931235,"stop":1710896931634,"duration":399}},{"uid":"a93efad21b4566dd","reportUrl":"https://zaelcovsky.github.io/StroyremAutomation/266//#testresult/a93efad21b4566dd","status":"broken","statusDetails":"selenium.common.exceptions.NoSuchElementException: Message: no such element: Unable to locate element: {\"method\":\"xpath\",\"selector\":\"(//a[@class='add-to-cart yellow-btn'])[1]\"}\n  (Session info: chrome-headless-shell=122.0.6261.128); For documentation on this error, please visit: https://www.selenium.dev/documentation/webdriver/troubleshooting/errors#no-such-element-exception\nStacktrace:\n#0 0x5b1a9778af33 <unknown>\n#1 0x5b1a97482ce6 <unknown>\n#2 0x5b1a974cde48 <unknown>\n#3 0x5b1a974cdf01 <unknown>\n#4 0x5b1a975113f4 <unknown>\n#5 0x5b1a974efedd <unknown>\n#6 0x5b1a9750e899 <unknown>\n#7 0x5b1a974efc53 <unknown>\n#8 0x5b1a974c0db3 <unknown>\n#9 0x5b1a974c177e <unknown>\n#10 0x5b1a9775086b <unknown>\n#11 0x5b1a97754885 <unknown>\n#12 0x5b1a9773e181 <unknown>\n#13 0x5b1a97755412 <unknown>\n#14 0x5b1a9772225f <unknown>\n#15 0x5b1a97779528 <unknown>\n#16 0x5b1a97779723 <unknown>\n#17 0x5b1a9778a0e4 <unknown>\n#18 0x74c808e31134 <unknown>","time":{"start":1710810474324,"stop":1710810474736,"duration":412}},{"uid":"487c278f535fc193","reportUrl":"https://zaelcovsky.github.io/StroyremAutomation/265//#testresult/487c278f535fc193","status":"broken","statusDetails":"selenium.common.exceptions.NoSuchElementException: Message: no such element: Unable to locate element: {\"method\":\"xpath\",\"selector\":\"(//a[@class='add-to-cart yellow-btn'])[1]\"}\n  (Session info: chrome-headless-shell=122.0.6261.128); For documentation on this error, please visit: https://www.selenium.dev/documentation/webdriver/troubleshooting/errors#no-such-element-exception\nStacktrace:\n#0 0x55cd86e0df33 <unknown>\n#1 0x55cd86b05ce6 <unknown>\n#2 0x55cd86b50e48 <unknown>\n#3 0x55cd86b50f01 <unknown>\n#4 0x55cd86b943f4 <unknown>\n#5 0x55cd86b72edd <unknown>\n#6 0x55cd86b91899 <unknown>\n#7 0x55cd86b72c53 <unknown>\n#8 0x55cd86b43db3 <unknown>\n#9 0x55cd86b4477e <unknown>\n#10 0x55cd86dd386b <unknown>\n#11 0x55cd86dd7885 <unknown>\n#12 0x55cd86dc1181 <unknown>\n#13 0x55cd86dd8412 <unknown>\n#14 0x55cd86da525f <unknown>\n#15 0x55cd86dfc528 <unknown>\n#16 0x55cd86dfc723 <unknown>\n#17 0x55cd86e0d0e4 <unknown>\n#18 0x7a2577867134 <unknown>","time":{"start":1710724200646,"stop":1710724201056,"duration":410}},{"uid":"8c7f63bcfdd8fdff","reportUrl":"https://zaelcovsky.github.io/StroyremAutomation/264//#testresult/8c7f63bcfdd8fdff","status":"broken","statusDetails":"selenium.common.exceptions.NoSuchElementException: Message: no such element: Unable to locate element: {\"method\":\"xpath\",\"selector\":\"(//a[@class='add-to-cart yellow-btn'])[1]\"}\n  (Session info: chrome-headless-shell=122.0.6261.128); For documentation on this error, please visit: https://www.selenium.dev/documentation/webdriver/troubleshooting/errors#no-such-element-exception\nStacktrace:\n#0 0x576b1d171f33 <unknown>\n#1 0x576b1ce69ce6 <unknown>\n#2 0x576b1ceb4e48 <unknown>\n#3 0x576b1ceb4f01 <unknown>\n#4 0x576b1cef83f4 <unknown>\n#5 0x576b1ced6edd <unknown>\n#6 0x576b1cef5899 <unknown>\n#7 0x576b1ced6c53 <unknown>\n#8 0x576b1cea7db3 <unknown>\n#9 0x576b1cea877e <unknown>\n#10 0x576b1d13786b <unknown>\n#11 0x576b1d13b885 <unknown>\n#12 0x576b1d125181 <unknown>\n#13 0x576b1d13c412 <unknown>\n#14 0x576b1d10925f <unknown>\n#15 0x576b1d160528 <unknown>\n#16 0x576b1d160723 <unknown>\n#17 0x576b1d1710e4 <unknown>\n#18 0x7ba648c1f134 <unknown>","time":{"start":1710637983031,"stop":1710637983455,"duration":424}},{"uid":"28462b0465a7395a","reportUrl":"https://zaelcovsky.github.io/StroyremAutomation/263//#testresult/28462b0465a7395a","status":"broken","statusDetails":"selenium.common.exceptions.NoSuchElementException: Message: no such element: Unable to locate element: {\"method\":\"xpath\",\"selector\":\"(//a[@class='add-to-cart yellow-btn'])[1]\"}\n  (Session info: chrome-headless-shell=122.0.6261.128); For documentation on this error, please visit: https://www.selenium.dev/documentation/webdriver/troubleshooting/errors#no-such-element-exception\nStacktrace:\n#0 0x5893c84faf33 <unknown>\n#1 0x5893c81f2ce6 <unknown>\n#2 0x5893c823de48 <unknown>\n#3 0x5893c823df01 <unknown>\n#4 0x5893c82813f4 <unknown>\n#5 0x5893c825fedd <unknown>\n#6 0x5893c827e899 <unknown>\n#7 0x5893c825fc53 <unknown>\n#8 0x5893c8230db3 <unknown>\n#9 0x5893c823177e <unknown>\n#10 0x5893c84c086b <unknown>\n#11 0x5893c84c4885 <unknown>\n#12 0x5893c84ae181 <unknown>\n#13 0x5893c84c5412 <unknown>\n#14 0x5893c849225f <unknown>\n#15 0x5893c84e9528 <unknown>\n#16 0x5893c84e9723 <unknown>\n#17 0x5893c84fa0e4 <unknown>\n#18 0x7caa9cf47134 <unknown>","time":{"start":1710551202599,"stop":1710551202901,"duration":302}},{"uid":"75f8abdd1306e36a","reportUrl":"https://zaelcovsky.github.io/StroyremAutomation/262//#testresult/75f8abdd1306e36a","status":"broken","statusDetails":"selenium.common.exceptions.NoSuchElementException: Message: no such element: Unable to locate element: {\"method\":\"xpath\",\"selector\":\"(//a[@class='add-to-cart yellow-btn'])[1]\"}\n  (Session info: chrome-headless-shell=122.0.6261.128); For documentation on this error, please visit: https://www.selenium.dev/documentation/webdriver/troubleshooting/errors#no-such-element-exception\nStacktrace:\n#0 0x5af5d275ff33 <unknown>\n#1 0x5af5d2457ce6 <unknown>\n#2 0x5af5d24a2e48 <unknown>\n#3 0x5af5d24a2f01 <unknown>\n#4 0x5af5d24e63f4 <unknown>\n#5 0x5af5d24c4edd <unknown>\n#6 0x5af5d24e3899 <unknown>\n#7 0x5af5d24c4c53 <unknown>\n#8 0x5af5d2495db3 <unknown>\n#9 0x5af5d249677e <unknown>\n#10 0x5af5d272586b <unknown>\n#11 0x5af5d2729885 <unknown>\n#12 0x5af5d2713181 <unknown>\n#13 0x5af5d272a412 <unknown>\n#14 0x5af5d26f725f <unknown>\n#15 0x5af5d274e528 <unknown>\n#16 0x5af5d274e723 <unknown>\n#17 0x5af5d275f0e4 <unknown>\n#18 0x7c8b05d5f134 <unknown>","time":{"start":1710465000624,"stop":1710465001036,"duration":412}},{"uid":"a32a79854f458a9f","reportUrl":"https://zaelcovsky.github.io/StroyremAutomation/261//#testresult/a32a79854f458a9f","status":"broken","statusDetails":"selenium.common.exceptions.NoSuchElementException: Message: no such element: Unable to locate element: {\"method\":\"xpath\",\"selector\":\"(//a[@class='add-to-cart yellow-btn'])[1]\"}\n  (Session info: chrome-headless-shell=122.0.6261.128); For documentation on this error, please visit: https://www.selenium.dev/documentation/webdriver/troubleshooting/errors#no-such-element-exception\nStacktrace:\n#0 0x5d6279711f33 <unknown>\n#1 0x5d6279409ce6 <unknown>\n#2 0x5d6279454e48 <unknown>\n#3 0x5d6279454f01 <unknown>\n#4 0x5d62794983f4 <unknown>\n#5 0x5d6279476edd <unknown>\n#6 0x5d6279495899 <unknown>\n#7 0x5d6279476c53 <unknown>\n#8 0x5d6279447db3 <unknown>\n#9 0x5d627944877e <unknown>\n#10 0x5d62796d786b <unknown>\n#11 0x5d62796db885 <unknown>\n#12 0x5d62796c5181 <unknown>\n#13 0x5d62796dc412 <unknown>\n#14 0x5d62796a925f <unknown>\n#15 0x5d6279700528 <unknown>\n#16 0x5d6279700723 <unknown>\n#17 0x5d62797110e4 <unknown>\n#18 0x75f639573134 <unknown>","time":{"start":1710378538506,"stop":1710378538928,"duration":422}},{"uid":"bccfb10a6fa03e3c","reportUrl":"https://zaelcovsky.github.io/StroyremAutomation/260//#testresult/bccfb10a6fa03e3c","status":"broken","statusDetails":"selenium.common.exceptions.NoSuchElementException: Message: no such element: Unable to locate element: {\"method\":\"xpath\",\"selector\":\"(//a[@class='add-to-cart yellow-btn'])[1]\"}\n  (Session info: chrome-headless-shell=122.0.6261.128); For documentation on this error, please visit: https://www.selenium.dev/documentation/webdriver/troubleshooting/errors#no-such-element-exception\nStacktrace:\n#0 0x56170ee4bf33 <unknown>\n#1 0x56170eb43ce6 <unknown>\n#2 0x56170eb8ee48 <unknown>\n#3 0x56170eb8ef01 <unknown>\n#4 0x56170ebd23f4 <unknown>\n#5 0x56170ebb0edd <unknown>\n#6 0x56170ebcf899 <unknown>\n#7 0x56170ebb0c53 <unknown>\n#8 0x56170eb81db3 <unknown>\n#9 0x56170eb8277e <unknown>\n#10 0x56170ee1186b <unknown>\n#11 0x56170ee15885 <unknown>\n#12 0x56170edff181 <unknown>\n#13 0x56170ee16412 <unknown>\n#14 0x56170ede325f <unknown>\n#15 0x56170ee3a528 <unknown>\n#16 0x56170ee3a723 <unknown>\n#17 0x56170ee4b0e4 <unknown>\n#18 0x7f738dacb134 <unknown>","time":{"start":1710292275920,"stop":1710292276234,"duration":314}},{"uid":"5964ec4bc84a1cb1","reportUrl":"https://zaelcovsky.github.io/StroyremAutomation/259//#testresult/5964ec4bc84a1cb1","status":"broken","statusDetails":"selenium.common.exceptions.NoSuchElementException: Message: no such element: Unable to locate element: {\"method\":\"xpath\",\"selector\":\"(//a[@class='add-to-cart yellow-btn'])[1]\"}\n  (Session info: chrome-headless-shell=122.0.6261.111); For documentation on this error, please visit: https://www.selenium.dev/documentation/webdriver/troubleshooting/errors#no-such-element-exception\nStacktrace:\n#0 0x5e352c1d7ec3 <unknown>\n#1 0x5e352becfce6 <unknown>\n#2 0x5e352bf1ae48 <unknown>\n#3 0x5e352bf1af01 <unknown>\n#4 0x5e352bf5e3f4 <unknown>\n#5 0x5e352bf3cedd <unknown>\n#6 0x5e352bf5b899 <unknown>\n#7 0x5e352bf3cc53 <unknown>\n#8 0x5e352bf0ddb3 <unknown>\n#9 0x5e352bf0e77e <unknown>\n#10 0x5e352c19d7fb <unknown>\n#11 0x5e352c1a1815 <unknown>\n#12 0x5e352c18b111 <unknown>\n#13 0x5e352c1a23a2 <unknown>\n#14 0x5e352c16f1ef <unknown>\n#15 0x5e352c1c64b8 <unknown>\n#16 0x5e352c1c66b3 <unknown>\n#17 0x5e352c1d7074 <unknown>\n#18 0x7423b0137134 <unknown>","time":{"start":1710205646762,"stop":1710205647094,"duration":332}},{"uid":"909eb3d8c8989c93","reportUrl":"https://zaelcovsky.github.io/StroyremAutomation/258//#testresult/909eb3d8c8989c93","status":"broken","statusDetails":"selenium.common.exceptions.NoSuchElementException: Message: no such element: Unable to locate element: {\"method\":\"xpath\",\"selector\":\"(//a[@class='add-to-cart yellow-btn'])[1]\"}\n  (Session info: chrome-headless-shell=122.0.6261.111); For documentation on this error, please visit: https://www.selenium.dev/documentation/webdriver/troubleshooting/errors#no-such-element-exception\nStacktrace:\n#0 0x563ec693cec3 <unknown>\n#1 0x563ec6634ce6 <unknown>\n#2 0x563ec667fe48 <unknown>\n#3 0x563ec667ff01 <unknown>\n#4 0x563ec66c33f4 <unknown>\n#5 0x563ec66a1edd <unknown>\n#6 0x563ec66c0899 <unknown>\n#7 0x563ec66a1c53 <unknown>\n#8 0x563ec6672db3 <unknown>\n#9 0x563ec667377e <unknown>\n#10 0x563ec69027fb <unknown>\n#11 0x563ec6906815 <unknown>\n#12 0x563ec68f0111 <unknown>\n#13 0x563ec69073a2 <unknown>\n#14 0x563ec68d41ef <unknown>\n#15 0x563ec692b4b8 <unknown>\n#16 0x563ec692b6b3 <unknown>\n#17 0x563ec693c074 <unknown>\n#18 0x7fa36b5fe134 <unknown>","time":{"start":1710119321831,"stop":1710119322262,"duration":431}},{"uid":"e7806235f0e80984","reportUrl":"https://zaelcovsky.github.io/StroyremAutomation/257//#testresult/e7806235f0e80984","status":"broken","statusDetails":"selenium.common.exceptions.NoSuchElementException: Message: no such element: Unable to locate element: {\"method\":\"xpath\",\"selector\":\"(//a[@class='add-to-cart yellow-btn'])[1]\"}\n  (Session info: chrome-headless-shell=122.0.6261.111); For documentation on this error, please visit: https://www.selenium.dev/documentation/webdriver/troubleshooting/errors#no-such-element-exception\nStacktrace:\n#0 0x55bfd9ab4ec3 <unknown>\n#1 0x55bfd97acce6 <unknown>\n#2 0x55bfd97f7e48 <unknown>\n#3 0x55bfd97f7f01 <unknown>\n#4 0x55bfd983b3f4 <unknown>\n#5 0x55bfd9819edd <unknown>\n#6 0x55bfd9838899 <unknown>\n#7 0x55bfd9819c53 <unknown>\n#8 0x55bfd97eadb3 <unknown>\n#9 0x55bfd97eb77e <unknown>\n#10 0x55bfd9a7a7fb <unknown>\n#11 0x55bfd9a7e815 <unknown>\n#12 0x55bfd9a68111 <unknown>\n#13 0x55bfd9a7f3a2 <unknown>\n#14 0x55bfd9a4c1ef <unknown>\n#15 0x55bfd9aa34b8 <unknown>\n#16 0x55bfd9aa36b3 <unknown>\n#17 0x55bfd9ab4074 <unknown>\n#18 0x7ff4119c3134 <unknown>","time":{"start":1710033163274,"stop":1710033163654,"duration":380}},{"uid":"35ab2daea5ad04da","reportUrl":"https://zaelcovsky.github.io/StroyremAutomation/256//#testresult/35ab2daea5ad04da","status":"broken","statusDetails":"selenium.common.exceptions.NoSuchElementException: Message: no such element: Unable to locate element: {\"method\":\"xpath\",\"selector\":\"(//a[@class='add-to-cart yellow-btn'])[1]\"}\n  (Session info: chrome-headless-shell=122.0.6261.111); For documentation on this error, please visit: https://www.selenium.dev/documentation/webdriver/troubleshooting/errors#no-such-element-exception\nStacktrace:\n#0 0x559f20409ec3 <unknown>\n#1 0x559f20101ce6 <unknown>\n#2 0x559f2014ce48 <unknown>\n#3 0x559f2014cf01 <unknown>\n#4 0x559f201903f4 <unknown>\n#5 0x559f2016eedd <unknown>\n#6 0x559f2018d899 <unknown>\n#7 0x559f2016ec53 <unknown>\n#8 0x559f2013fdb3 <unknown>\n#9 0x559f2014077e <unknown>\n#10 0x559f203cf7fb <unknown>\n#11 0x559f203d3815 <unknown>\n#12 0x559f203bd111 <unknown>\n#13 0x559f203d43a2 <unknown>\n#14 0x559f203a11ef <unknown>\n#15 0x559f203f84b8 <unknown>\n#16 0x559f203f86b3 <unknown>\n#17 0x559f20409074 <unknown>\n#18 0x7f4cc1fb3134 <unknown>","time":{"start":1709946414189,"stop":1709946414610,"duration":421}},{"uid":"a02f9f7280211b3e","reportUrl":"https://zaelcovsky.github.io/StroyremAutomation/255//#testresult/a02f9f7280211b3e","status":"broken","statusDetails":"selenium.common.exceptions.NoSuchElementException: Message: no such element: Unable to locate element: {\"method\":\"xpath\",\"selector\":\"(//a[@class='add-to-cart yellow-btn'])[1]\"}\n  (Session info: chrome-headless-shell=122.0.6261.111); For documentation on this error, please visit: https://www.selenium.dev/documentation/webdriver/troubleshooting/errors#no-such-element-exception\nStacktrace:\n#0 0x55af6eb58ec3 <unknown>\n#1 0x55af6e850ce6 <unknown>\n#2 0x55af6e89be48 <unknown>\n#3 0x55af6e89bf01 <unknown>\n#4 0x55af6e8df3f4 <unknown>\n#5 0x55af6e8bdedd <unknown>\n#6 0x55af6e8dc899 <unknown>\n#7 0x55af6e8bdc53 <unknown>\n#8 0x55af6e88edb3 <unknown>\n#9 0x55af6e88f77e <unknown>\n#10 0x55af6eb1e7fb <unknown>\n#11 0x55af6eb22815 <unknown>\n#12 0x55af6eb0c111 <unknown>\n#13 0x55af6eb233a2 <unknown>\n#14 0x55af6eaf01ef <unknown>\n#15 0x55af6eb474b8 <unknown>\n#16 0x55af6eb476b3 <unknown>\n#17 0x55af6eb58074 <unknown>\n#18 0x7f68a9f11134 <unknown>","time":{"start":1709860049837,"stop":1709860050160,"duration":323}},{"uid":"f0063a95da5f17f7","reportUrl":"https://zaelcovsky.github.io/StroyremAutomation/254//#testresult/f0063a95da5f17f7","status":"broken","statusDetails":"selenium.common.exceptions.NoSuchElementException: Message: no such element: Unable to locate element: {\"method\":\"xpath\",\"selector\":\"(//a[@class='add-to-cart yellow-btn'])[1]\"}\n  (Session info: chrome-headless-shell=122.0.6261.94); For documentation on this error, please visit: https://www.selenium.dev/documentation/webdriver/troubleshooting/errors#no-such-element-exception\nStacktrace:\n#0 0x55c537ee4e93 <unknown>\n#1 0x55c537bdcce6 <unknown>\n#2 0x55c537c27e48 <unknown>\n#3 0x55c537c27f01 <unknown>\n#4 0x55c537c6b3f4 <unknown>\n#5 0x55c537c49edd <unknown>\n#6 0x55c537c68899 <unknown>\n#7 0x55c537c49c53 <unknown>\n#8 0x55c537c1adb3 <unknown>\n#9 0x55c537c1b77e <unknown>\n#10 0x55c537eaa7cb <unknown>\n#11 0x55c537eae7e5 <unknown>\n#12 0x55c537e980e1 <unknown>\n#13 0x55c537eaf372 <unknown>\n#14 0x55c537e7c1bf <unknown>\n#15 0x55c537ed3488 <unknown>\n#16 0x55c537ed3683 <unknown>\n#17 0x55c537ee4044 <unknown>\n#18 0x7f9ae9436134 <unknown>","time":{"start":1709773152136,"stop":1709773152541,"duration":405}},{"uid":"ffff7672dc1b1c0e","reportUrl":"https://zaelcovsky.github.io/StroyremAutomation/253//#testresult/ffff7672dc1b1c0e","status":"broken","statusDetails":"selenium.common.exceptions.NoSuchElementException: Message: no such element: Unable to locate element: {\"method\":\"xpath\",\"selector\":\"(//a[@class='add-to-cart yellow-btn'])[1]\"}\n  (Session info: chrome-headless-shell=122.0.6261.94); For documentation on this error, please visit: https://www.selenium.dev/documentation/webdriver/troubleshooting/errors#no-such-element-exception\nStacktrace:\n#0 0x55fa78e90e93 <unknown>\n#1 0x55fa78b88ce6 <unknown>\n#2 0x55fa78bd3e48 <unknown>\n#3 0x55fa78bd3f01 <unknown>\n#4 0x55fa78c173f4 <unknown>\n#5 0x55fa78bf5edd <unknown>\n#6 0x55fa78c14899 <unknown>\n#7 0x55fa78bf5c53 <unknown>\n#8 0x55fa78bc6db3 <unknown>\n#9 0x55fa78bc777e <unknown>\n#10 0x55fa78e567cb <unknown>\n#11 0x55fa78e5a7e5 <unknown>\n#12 0x55fa78e440e1 <unknown>\n#13 0x55fa78e5b372 <unknown>\n#14 0x55fa78e281bf <unknown>\n#15 0x55fa78e7f488 <unknown>\n#16 0x55fa78e7f683 <unknown>\n#17 0x55fa78e90044 <unknown>\n#18 0x7f155fc17134 <unknown>","time":{"start":1709687256534,"stop":1709687256833,"duration":299}},{"uid":"2880819436ec2e6b","reportUrl":"https://zaelcovsky.github.io/StroyremAutomation/252//#testresult/2880819436ec2e6b","status":"broken","statusDetails":"selenium.common.exceptions.NoSuchElementException: Message: no such element: Unable to locate element: {\"method\":\"xpath\",\"selector\":\"(//a[@class='add-to-cart yellow-btn'])[1]\"}\n  (Session info: chrome-headless-shell=122.0.6261.94); For documentation on this error, please visit: https://www.selenium.dev/documentation/webdriver/troubleshooting/errors#no-such-element-exception\nStacktrace:\n#0 0x563b896dce93 <unknown>\n#1 0x563b893d4ce6 <unknown>\n#2 0x563b8941fe48 <unknown>\n#3 0x563b8941ff01 <unknown>\n#4 0x563b894633f4 <unknown>\n#5 0x563b89441edd <unknown>\n#6 0x563b89460899 <unknown>\n#7 0x563b89441c53 <unknown>\n#8 0x563b89412db3 <unknown>\n#9 0x563b8941377e <unknown>\n#10 0x563b896a27cb <unknown>\n#11 0x563b896a67e5 <unknown>\n#12 0x563b896900e1 <unknown>\n#13 0x563b896a7372 <unknown>\n#14 0x563b896741bf <unknown>\n#15 0x563b896cb488 <unknown>\n#16 0x563b896cb683 <unknown>\n#17 0x563b896dc044 <unknown>\n#18 0x7f863519b134 <unknown>","time":{"start":1709600839012,"stop":1709600839296,"duration":284}},{"uid":"859cdeafcae5086b","reportUrl":"https://zaelcovsky.github.io/StroyremAutomation/251//#testresult/859cdeafcae5086b","status":"broken","statusDetails":"selenium.common.exceptions.NoSuchElementException: Message: no such element: Unable to locate element: {\"method\":\"xpath\",\"selector\":\"(//a[@class='add-to-cart yellow-btn'])[1]\"}\n  (Session info: chrome-headless-shell=122.0.6261.94); For documentation on this error, please visit: https://www.selenium.dev/documentation/webdriver/troubleshooting/errors#no-such-element-exception\nStacktrace:\n#0 0x562193619e93 <unknown>\n#1 0x562193311ce6 <unknown>\n#2 0x56219335ce48 <unknown>\n#3 0x56219335cf01 <unknown>\n#4 0x5621933a03f4 <unknown>\n#5 0x56219337eedd <unknown>\n#6 0x56219339d899 <unknown>\n#7 0x56219337ec53 <unknown>\n#8 0x56219334fdb3 <unknown>\n#9 0x56219335077e <unknown>\n#10 0x5621935df7cb <unknown>\n#11 0x5621935e37e5 <unknown>\n#12 0x5621935cd0e1 <unknown>\n#13 0x5621935e4372 <unknown>\n#14 0x5621935b11bf <unknown>\n#15 0x562193608488 <unknown>\n#16 0x562193608683 <unknown>\n#17 0x562193619044 <unknown>\n#18 0x7f428021c134 <unknown>","time":{"start":1709514493073,"stop":1709514493473,"duration":400}}]},"tags":["smoke"]},"source":"38c2eb19cf562bad.json","parameterValues":["15900","333","'TD 025'","13900","'products/shtukaturka-gipsovaya-aksolit-m50-30-kg-mashinnogo-naneseniya'","7000","'https://sandboxtest.stroyrem-nn.ru/'","10000"]}