{"uid":"142bdf1334790d7b","name":"TC 005 - Функционал блока 'Советы от профессионалов ремонта'","fullName":"tests.test_main_page.TestMainPage#test_positive_building_advices2_smoke","historyId":"bdee61a288025e17b192e643677456fc","time":{"start":1696640512347,"stop":1696640512363,"duration":16},"status":"broken","statusMessage":"selenium.common.exceptions.NoSuchElementException: Message: no such element: Unable to locate element: {\"method\":\"xpath\",\"selector\":\"//div[@class='page-block articles-block']\"}\n  (Session info: headless chrome=117.0.5938.149); For documentation on this error, please visit: https://www.selenium.dev/documentation/webdriver/troubleshooting/errors#no-such-element-exception\nStacktrace:\n#0 0x55c5d5e26933 <unknown>\n#1 0x55c5d5b006f7 <unknown>\n#2 0x55c5d5b47aa6 <unknown>\n#3 0x55c5d5b47b91 <unknown>\n#4 0x55c5d5b84fc4 <unknown>\n#5 0x55c5d5b6962d <unknown>\n#6 0x55c5d5b82857 <unknown>\n#7 0x55c5d5b693d3 <unknown>\n#8 0x55c5d5b3be64 <unknown>\n#9 0x55c5d5b3cc4e <unknown>\n#10 0x55c5d5dec558 <unknown>\n#11 0x55c5d5df04a0 <unknown>\n#12 0x55c5d5dfa97c <unknown>\n#13 0x55c5d5df10b8 <unknown>\n#14 0x55c5d5dbccdf <unknown>\n#15 0x55c5d5e15048 <unknown>\n#16 0x55c5d5e15219 <unknown>\n#17 0x55c5d5e25ac3 <unknown>\n#18 0x7f4960fc2044 <unknown>","statusTrace":"self = <tests.test_main_page.TestMainPage object at 0x7f00b23fe610>\nmain_page = <pages.main_page.MainPage object at 0x7f00b0db73d0>\n\n    @allure.title(\"TC 005 - Функционал блока 'Советы от профессионалов ремонта'\")\n    @pytest.mark.smoke_test\n    def test_positive_building_advices2_smoke(self, main_page):\n>       items = main_page.get_building_advices_section()\n\ntests/test_main_page.py:55: \n_ _ _ _ _ _ _ _ _ _ _ _ _ _ _ _ _ _ _ _ _ _ _ _ _ _ _ _ _ _ _ _ _ _ _ _ _ _ _ _ \npages/main_page.py:78: in get_building_advices_section\n    section = self.driver.find_element(*self._building_advices_section)\n/usr/local/lib/python3.11/site-packages/selenium/webdriver/remote/webdriver.py:740: in find_element\n    return self.execute(Command.FIND_ELEMENT, {\"using\": by, \"value\": value})[\"value\"]\n/usr/local/lib/python3.11/site-packages/selenium/webdriver/remote/webdriver.py:346: in execute\n    self.error_handler.check_response(response)\n_ _ _ _ _ _ _ _ _ _ _ _ _ _ _ _ _ _ _ _ _ _ _ _ _ _ _ _ _ _ _ _ _ _ _ _ _ _ _ _ \n\nself = <selenium.webdriver.remote.errorhandler.ErrorHandler object at 0x7f00b250e950>\nresponse = {'status': 404, 'value': '{\"value\":{\"error\":\"no such element\",\"message\":\"no such element: Unable to locate element: {\\...\\\\n#16 0x55c5d5e15219 \\\\u003Cunknown>\\\\n#17 0x55c5d5e25ac3 \\\\u003Cunknown>\\\\n#18 0x7f4960fc2044 \\\\u003Cunknown>\\\\n\"}}'}\n\n    def check_response(self, response: Dict[str, Any]) -> None:\n        \"\"\"Checks that a JSON response from the WebDriver does not have an\n        error.\n    \n        :Args:\n         - response - The JSON response from the WebDriver server as a dictionary\n           object.\n    \n        :Raises: If the response contains an error message.\n        \"\"\"\n        status = response.get(\"status\", None)\n        if not status or status == ErrorCode.SUCCESS:\n            return\n        value = None\n        message = response.get(\"message\", \"\")\n        screen: str = response.get(\"screen\", \"\")\n        stacktrace = None\n        if isinstance(status, int):\n            value_json = response.get(\"value\", None)\n            if value_json and isinstance(value_json, str):\n                import json\n    \n                try:\n                    value = json.loads(value_json)\n                    if len(value) == 1:\n                        value = value[\"value\"]\n                    status = value.get(\"error\", None)\n                    if not status:\n                        status = value.get(\"status\", ErrorCode.UNKNOWN_ERROR)\n                        message = value.get(\"value\") or value.get(\"message\")\n                        if not isinstance(message, str):\n                            value = message\n                            message = message.get(\"message\")\n                    else:\n                        message = value.get(\"message\", None)\n                except ValueError:\n                    pass\n    \n        exception_class: Type[WebDriverException]\n        if status in ErrorCode.NO_SUCH_ELEMENT:\n            exception_class = NoSuchElementException\n        elif status in ErrorCode.NO_SUCH_FRAME:\n            exception_class = NoSuchFrameException\n        elif status in ErrorCode.NO_SUCH_SHADOW_ROOT:\n            exception_class = NoSuchShadowRootException\n        elif status in ErrorCode.NO_SUCH_WINDOW:\n            exception_class = NoSuchWindowException\n        elif status in ErrorCode.STALE_ELEMENT_REFERENCE:\n            exception_class = StaleElementReferenceException\n        elif status in ErrorCode.ELEMENT_NOT_VISIBLE:\n            exception_class = ElementNotVisibleException\n        elif status in ErrorCode.INVALID_ELEMENT_STATE:\n            exception_class = InvalidElementStateException\n        elif (\n            status in ErrorCode.INVALID_SELECTOR\n            or status in ErrorCode.INVALID_XPATH_SELECTOR\n            or status in ErrorCode.INVALID_XPATH_SELECTOR_RETURN_TYPER\n        ):\n            exception_class = InvalidSelectorException\n        elif status in ErrorCode.ELEMENT_IS_NOT_SELECTABLE:\n            exception_class = ElementNotSelectableException\n        elif status in ErrorCode.ELEMENT_NOT_INTERACTABLE:\n            exception_class = ElementNotInteractableException\n        elif status in ErrorCode.INVALID_COOKIE_DOMAIN:\n            exception_class = InvalidCookieDomainException\n        elif status in ErrorCode.UNABLE_TO_SET_COOKIE:\n            exception_class = UnableToSetCookieException\n        elif status in ErrorCode.TIMEOUT:\n            exception_class = TimeoutException\n        elif status in ErrorCode.SCRIPT_TIMEOUT:\n            exception_class = TimeoutException\n        elif status in ErrorCode.UNKNOWN_ERROR:\n            exception_class = WebDriverException\n        elif status in ErrorCode.UNEXPECTED_ALERT_OPEN:\n            exception_class = UnexpectedAlertPresentException\n        elif status in ErrorCode.NO_ALERT_OPEN:\n            exception_class = NoAlertPresentException\n        elif status in ErrorCode.IME_NOT_AVAILABLE:\n            exception_class = ImeNotAvailableException\n        elif status in ErrorCode.IME_ENGINE_ACTIVATION_FAILED:\n            exception_class = ImeActivationFailedException\n        elif status in ErrorCode.MOVE_TARGET_OUT_OF_BOUNDS:\n            exception_class = MoveTargetOutOfBoundsException\n        elif status in ErrorCode.JAVASCRIPT_ERROR:\n            exception_class = JavascriptException\n        elif status in ErrorCode.SESSION_NOT_CREATED:\n            exception_class = SessionNotCreatedException\n        elif status in ErrorCode.INVALID_ARGUMENT:\n            exception_class = InvalidArgumentException\n        elif status in ErrorCode.NO_SUCH_COOKIE:\n            exception_class = NoSuchCookieException\n        elif status in ErrorCode.UNABLE_TO_CAPTURE_SCREEN:\n            exception_class = ScreenshotException\n        elif status in ErrorCode.ELEMENT_CLICK_INTERCEPTED:\n            exception_class = ElementClickInterceptedException\n        elif status in ErrorCode.INSECURE_CERTIFICATE:\n            exception_class = InsecureCertificateException\n        elif status in ErrorCode.INVALID_COORDINATES:\n            exception_class = InvalidCoordinatesException\n        elif status in ErrorCode.INVALID_SESSION_ID:\n            exception_class = InvalidSessionIdException\n        elif status in ErrorCode.UNKNOWN_METHOD:\n            exception_class = UnknownMethodException\n        else:\n            exception_class = WebDriverException\n        if not value:\n            value = response[\"value\"]\n        if isinstance(value, str):\n            raise exception_class(value)\n        if message == \"\" and \"message\" in value:\n            message = value[\"message\"]\n    \n        screen = None  # type: ignore[assignment]\n        if \"screen\" in value:\n            screen = value[\"screen\"]\n    \n        stacktrace = None\n        st_value = value.get(\"stackTrace\") or value.get(\"stacktrace\")\n        if st_value:\n            if isinstance(st_value, str):\n                stacktrace = st_value.split(\"\\n\")\n            else:\n                stacktrace = []\n                try:\n                    for frame in st_value:\n                        line = frame.get(\"lineNumber\", \"\")\n                        file = frame.get(\"fileName\", \"<anonymous>\")\n                        if line:\n                            file = f\"{file}:{line}\"\n                        meth = frame.get(\"methodName\", \"<anonymous>\")\n                        if \"className\" in frame:\n                            meth = f\"{frame['className']}.{meth}\"\n                        msg = \"    at %s (%s)\"\n                        msg = msg % (meth, file)\n                        stacktrace.append(msg)\n                except TypeError:\n                    pass\n        if exception_class == UnexpectedAlertPresentException:\n            alert_text = None\n            if \"data\" in value:\n                alert_text = value[\"data\"].get(\"text\")\n            elif \"alert\" in value:\n                alert_text = value[\"alert\"].get(\"text\")\n            raise exception_class(message, screen, stacktrace, alert_text)  # type: ignore[call-arg]  # mypy is not smart enough here\n>       raise exception_class(message, screen, stacktrace)\nE       selenium.common.exceptions.NoSuchElementException: Message: no such element: Unable to locate element: {\"method\":\"xpath\",\"selector\":\"//div[@class='page-block articles-block']\"}\nE         (Session info: headless chrome=117.0.5938.149); For documentation on this error, please visit: https://www.selenium.dev/documentation/webdriver/troubleshooting/errors#no-such-element-exception\nE       Stacktrace:\nE       #0 0x55c5d5e26933 <unknown>\nE       #1 0x55c5d5b006f7 <unknown>\nE       #2 0x55c5d5b47aa6 <unknown>\nE       #3 0x55c5d5b47b91 <unknown>\nE       #4 0x55c5d5b84fc4 <unknown>\nE       #5 0x55c5d5b6962d <unknown>\nE       #6 0x55c5d5b82857 <unknown>\nE       #7 0x55c5d5b693d3 <unknown>\nE       #8 0x55c5d5b3be64 <unknown>\nE       #9 0x55c5d5b3cc4e <unknown>\nE       #10 0x55c5d5dec558 <unknown>\nE       #11 0x55c5d5df04a0 <unknown>\nE       #12 0x55c5d5dfa97c <unknown>\nE       #13 0x55c5d5df10b8 <unknown>\nE       #14 0x55c5d5dbccdf <unknown>\nE       #15 0x55c5d5e15048 <unknown>\nE       #16 0x55c5d5e15219 <unknown>\nE       #17 0x55c5d5e25ac3 <unknown>\nE       #18 0x7f4960fc2044 <unknown>\n\n/usr/local/lib/python3.11/site-packages/selenium/webdriver/remote/errorhandler.py:245: NoSuchElementException","flaky":false,"newFailed":false,"newBroken":false,"newPassed":false,"retriesCount":0,"retriesStatusChange":false,"beforeStages":[{"name":"_session_faker","time":{"start":1696640423959,"stop":1696640424044,"duration":85},"status":"passed","steps":[],"attachments":[],"parameters":[],"shouldDisplayMessage":false,"stepsCount":0,"attachmentsCount":0,"hasContent":false},{"name":"clear_allure_results_folder","time":{"start":1696640424044,"stop":1696640424044,"duration":0},"status":"passed","steps":[],"attachments":[],"parameters":[],"shouldDisplayMessage":false,"stepsCount":0,"attachmentsCount":0,"hasContent":false},{"name":"driver","time":{"start":1696640511003,"stop":1696640511800,"duration":797},"status":"passed","steps":[],"attachments":[],"parameters":[],"shouldDisplayMessage":false,"stepsCount":0,"attachmentsCount":0,"hasContent":false},{"name":"main_page","time":{"start":1696640511801,"stop":1696640512347,"duration":546},"status":"passed","steps":[],"attachments":[],"parameters":[],"shouldDisplayMessage":false,"stepsCount":0,"attachmentsCount":0,"hasContent":false},{"name":"setup","time":{"start":1696640511801,"stop":1696640511801,"duration":0},"status":"passed","steps":[],"attachments":[],"parameters":[],"shouldDisplayMessage":false,"stepsCount":0,"attachmentsCount":0,"hasContent":false}],"testStage":{"status":"broken","statusMessage":"selenium.common.exceptions.NoSuchElementException: Message: no such element: Unable to locate element: {\"method\":\"xpath\",\"selector\":\"//div[@class='page-block articles-block']\"}\n  (Session info: headless chrome=117.0.5938.149); For documentation on this error, please visit: https://www.selenium.dev/documentation/webdriver/troubleshooting/errors#no-such-element-exception\nStacktrace:\n#0 0x55c5d5e26933 <unknown>\n#1 0x55c5d5b006f7 <unknown>\n#2 0x55c5d5b47aa6 <unknown>\n#3 0x55c5d5b47b91 <unknown>\n#4 0x55c5d5b84fc4 <unknown>\n#5 0x55c5d5b6962d <unknown>\n#6 0x55c5d5b82857 <unknown>\n#7 0x55c5d5b693d3 <unknown>\n#8 0x55c5d5b3be64 <unknown>\n#9 0x55c5d5b3cc4e <unknown>\n#10 0x55c5d5dec558 <unknown>\n#11 0x55c5d5df04a0 <unknown>\n#12 0x55c5d5dfa97c <unknown>\n#13 0x55c5d5df10b8 <unknown>\n#14 0x55c5d5dbccdf <unknown>\n#15 0x55c5d5e15048 <unknown>\n#16 0x55c5d5e15219 <unknown>\n#17 0x55c5d5e25ac3 <unknown>\n#18 0x7f4960fc2044 <unknown>","statusTrace":"self = <tests.test_main_page.TestMainPage object at 0x7f00b23fe610>\nmain_page = <pages.main_page.MainPage object at 0x7f00b0db73d0>\n\n    @allure.title(\"TC 005 - Функционал блока 'Советы от профессионалов ремонта'\")\n    @pytest.mark.smoke_test\n    def test_positive_building_advices2_smoke(self, main_page):\n>       items = main_page.get_building_advices_section()\n\ntests/test_main_page.py:55: \n_ _ _ _ _ _ _ _ _ _ _ _ _ _ _ _ _ _ _ _ _ _ _ _ _ _ _ _ _ _ _ _ _ _ _ _ _ _ _ _ \npages/main_page.py:78: in get_building_advices_section\n    section = self.driver.find_element(*self._building_advices_section)\n/usr/local/lib/python3.11/site-packages/selenium/webdriver/remote/webdriver.py:740: in find_element\n    return self.execute(Command.FIND_ELEMENT, {\"using\": by, \"value\": value})[\"value\"]\n/usr/local/lib/python3.11/site-packages/selenium/webdriver/remote/webdriver.py:346: in execute\n    self.error_handler.check_response(response)\n_ _ _ _ _ _ _ _ _ _ _ _ _ _ _ _ _ _ _ _ _ _ _ _ _ _ _ _ _ _ _ _ _ _ _ _ _ _ _ _ \n\nself = <selenium.webdriver.remote.errorhandler.ErrorHandler object at 0x7f00b250e950>\nresponse = {'status': 404, 'value': '{\"value\":{\"error\":\"no such element\",\"message\":\"no such element: Unable to locate element: {\\...\\\\n#16 0x55c5d5e15219 \\\\u003Cunknown>\\\\n#17 0x55c5d5e25ac3 \\\\u003Cunknown>\\\\n#18 0x7f4960fc2044 \\\\u003Cunknown>\\\\n\"}}'}\n\n    def check_response(self, response: Dict[str, Any]) -> None:\n        \"\"\"Checks that a JSON response from the WebDriver does not have an\n        error.\n    \n        :Args:\n         - response - The JSON response from the WebDriver server as a dictionary\n           object.\n    \n        :Raises: If the response contains an error message.\n        \"\"\"\n        status = response.get(\"status\", None)\n        if not status or status == ErrorCode.SUCCESS:\n            return\n        value = None\n        message = response.get(\"message\", \"\")\n        screen: str = response.get(\"screen\", \"\")\n        stacktrace = None\n        if isinstance(status, int):\n            value_json = response.get(\"value\", None)\n            if value_json and isinstance(value_json, str):\n                import json\n    \n                try:\n                    value = json.loads(value_json)\n                    if len(value) == 1:\n                        value = value[\"value\"]\n                    status = value.get(\"error\", None)\n                    if not status:\n                        status = value.get(\"status\", ErrorCode.UNKNOWN_ERROR)\n                        message = value.get(\"value\") or value.get(\"message\")\n                        if not isinstance(message, str):\n                            value = message\n                            message = message.get(\"message\")\n                    else:\n                        message = value.get(\"message\", None)\n                except ValueError:\n                    pass\n    \n        exception_class: Type[WebDriverException]\n        if status in ErrorCode.NO_SUCH_ELEMENT:\n            exception_class = NoSuchElementException\n        elif status in ErrorCode.NO_SUCH_FRAME:\n            exception_class = NoSuchFrameException\n        elif status in ErrorCode.NO_SUCH_SHADOW_ROOT:\n            exception_class = NoSuchShadowRootException\n        elif status in ErrorCode.NO_SUCH_WINDOW:\n            exception_class = NoSuchWindowException\n        elif status in ErrorCode.STALE_ELEMENT_REFERENCE:\n            exception_class = StaleElementReferenceException\n        elif status in ErrorCode.ELEMENT_NOT_VISIBLE:\n            exception_class = ElementNotVisibleException\n        elif status in ErrorCode.INVALID_ELEMENT_STATE:\n            exception_class = InvalidElementStateException\n        elif (\n            status in ErrorCode.INVALID_SELECTOR\n            or status in ErrorCode.INVALID_XPATH_SELECTOR\n            or status in ErrorCode.INVALID_XPATH_SELECTOR_RETURN_TYPER\n        ):\n            exception_class = InvalidSelectorException\n        elif status in ErrorCode.ELEMENT_IS_NOT_SELECTABLE:\n            exception_class = ElementNotSelectableException\n        elif status in ErrorCode.ELEMENT_NOT_INTERACTABLE:\n            exception_class = ElementNotInteractableException\n        elif status in ErrorCode.INVALID_COOKIE_DOMAIN:\n            exception_class = InvalidCookieDomainException\n        elif status in ErrorCode.UNABLE_TO_SET_COOKIE:\n            exception_class = UnableToSetCookieException\n        elif status in ErrorCode.TIMEOUT:\n            exception_class = TimeoutException\n        elif status in ErrorCode.SCRIPT_TIMEOUT:\n            exception_class = TimeoutException\n        elif status in ErrorCode.UNKNOWN_ERROR:\n            exception_class = WebDriverException\n        elif status in ErrorCode.UNEXPECTED_ALERT_OPEN:\n            exception_class = UnexpectedAlertPresentException\n        elif status in ErrorCode.NO_ALERT_OPEN:\n            exception_class = NoAlertPresentException\n        elif status in ErrorCode.IME_NOT_AVAILABLE:\n            exception_class = ImeNotAvailableException\n        elif status in ErrorCode.IME_ENGINE_ACTIVATION_FAILED:\n            exception_class = ImeActivationFailedException\n        elif status in ErrorCode.MOVE_TARGET_OUT_OF_BOUNDS:\n            exception_class = MoveTargetOutOfBoundsException\n        elif status in ErrorCode.JAVASCRIPT_ERROR:\n            exception_class = JavascriptException\n        elif status in ErrorCode.SESSION_NOT_CREATED:\n            exception_class = SessionNotCreatedException\n        elif status in ErrorCode.INVALID_ARGUMENT:\n            exception_class = InvalidArgumentException\n        elif status in ErrorCode.NO_SUCH_COOKIE:\n            exception_class = NoSuchCookieException\n        elif status in ErrorCode.UNABLE_TO_CAPTURE_SCREEN:\n            exception_class = ScreenshotException\n        elif status in ErrorCode.ELEMENT_CLICK_INTERCEPTED:\n            exception_class = ElementClickInterceptedException\n        elif status in ErrorCode.INSECURE_CERTIFICATE:\n            exception_class = InsecureCertificateException\n        elif status in ErrorCode.INVALID_COORDINATES:\n            exception_class = InvalidCoordinatesException\n        elif status in ErrorCode.INVALID_SESSION_ID:\n            exception_class = InvalidSessionIdException\n        elif status in ErrorCode.UNKNOWN_METHOD:\n            exception_class = UnknownMethodException\n        else:\n            exception_class = WebDriverException\n        if not value:\n            value = response[\"value\"]\n        if isinstance(value, str):\n            raise exception_class(value)\n        if message == \"\" and \"message\" in value:\n            message = value[\"message\"]\n    \n        screen = None  # type: ignore[assignment]\n        if \"screen\" in value:\n            screen = value[\"screen\"]\n    \n        stacktrace = None\n        st_value = value.get(\"stackTrace\") or value.get(\"stacktrace\")\n        if st_value:\n            if isinstance(st_value, str):\n                stacktrace = st_value.split(\"\\n\")\n            else:\n                stacktrace = []\n                try:\n                    for frame in st_value:\n                        line = frame.get(\"lineNumber\", \"\")\n                        file = frame.get(\"fileName\", \"<anonymous>\")\n                        if line:\n                            file = f\"{file}:{line}\"\n                        meth = frame.get(\"methodName\", \"<anonymous>\")\n                        if \"className\" in frame:\n                            meth = f\"{frame['className']}.{meth}\"\n                        msg = \"    at %s (%s)\"\n                        msg = msg % (meth, file)\n                        stacktrace.append(msg)\n                except TypeError:\n                    pass\n        if exception_class == UnexpectedAlertPresentException:\n            alert_text = None\n            if \"data\" in value:\n                alert_text = value[\"data\"].get(\"text\")\n            elif \"alert\" in value:\n                alert_text = value[\"alert\"].get(\"text\")\n            raise exception_class(message, screen, stacktrace, alert_text)  # type: ignore[call-arg]  # mypy is not smart enough here\n>       raise exception_class(message, screen, stacktrace)\nE       selenium.common.exceptions.NoSuchElementException: Message: no such element: Unable to locate element: {\"method\":\"xpath\",\"selector\":\"//div[@class='page-block articles-block']\"}\nE         (Session info: headless chrome=117.0.5938.149); For documentation on this error, please visit: https://www.selenium.dev/documentation/webdriver/troubleshooting/errors#no-such-element-exception\nE       Stacktrace:\nE       #0 0x55c5d5e26933 <unknown>\nE       #1 0x55c5d5b006f7 <unknown>\nE       #2 0x55c5d5b47aa6 <unknown>\nE       #3 0x55c5d5b47b91 <unknown>\nE       #4 0x55c5d5b84fc4 <unknown>\nE       #5 0x55c5d5b6962d <unknown>\nE       #6 0x55c5d5b82857 <unknown>\nE       #7 0x55c5d5b693d3 <unknown>\nE       #8 0x55c5d5b3be64 <unknown>\nE       #9 0x55c5d5b3cc4e <unknown>\nE       #10 0x55c5d5dec558 <unknown>\nE       #11 0x55c5d5df04a0 <unknown>\nE       #12 0x55c5d5dfa97c <unknown>\nE       #13 0x55c5d5df10b8 <unknown>\nE       #14 0x55c5d5dbccdf <unknown>\nE       #15 0x55c5d5e15048 <unknown>\nE       #16 0x55c5d5e15219 <unknown>\nE       #17 0x55c5d5e25ac3 <unknown>\nE       #18 0x7f4960fc2044 <unknown>\n\n/usr/local/lib/python3.11/site-packages/selenium/webdriver/remote/errorhandler.py:245: NoSuchElementException","steps":[{"name":"Проверка функциональности блока 'Советы от профессионалов ремонта'","time":{"start":1696640512348,"stop":1696640512363,"duration":15},"status":"broken","statusMessage":"selenium.common.exceptions.NoSuchElementException: Message: no such element: Unable to locate element: {\"method\":\"xpath\",\"selector\":\"//div[@class='page-block articles-block']\"}\n  (Session info: headless chrome=117.0.5938.149); For documentation on this error, please visit: https://www.selenium.dev/documentation/webdriver/troubleshooting/errors#no-such-element-exception\nStacktrace:\n#0 0x55c5d5e26933 <unknown>\n#1 0x55c5d5b006f7 <unknown>\n#2 0x55c5d5b47aa6 <unknown>\n#3 0x55c5d5b47b91 <unknown>\n#4 0x55c5d5b84fc4 <unknown>\n#5 0x55c5d5b6962d <unknown>\n#6 0x55c5d5b82857 <unknown>\n#7 0x55c5d5b693d3 <unknown>\n#8 0x55c5d5b3be64 <unknown>\n#9 0x55c5d5b3cc4e <unknown>\n#10 0x55c5d5dec558 <unknown>\n#11 0x55c5d5df04a0 <unknown>\n#12 0x55c5d5dfa97c <unknown>\n#13 0x55c5d5df10b8 <unknown>\n#14 0x55c5d5dbccdf <unknown>\n#15 0x55c5d5e15048 <unknown>\n#16 0x55c5d5e15219 <unknown>\n#17 0x55c5d5e25ac3 <unknown>\n#18 0x7f4960fc2044 <unknown>\n\n","statusTrace":"  File \"/usr/local/lib/python3.11/site-packages/allure_commons/_allure.py\", line 192, in impl\n    return func(*a, **kw)\n           ^^^^^^^^^^^^^^\n  File \"/app/pages/main_page.py\", line 78, in get_building_advices_section\n    section = self.driver.find_element(*self._building_advices_section)\n              ^^^^^^^^^^^^^^^^^^^^^^^^^^^^^^^^^^^^^^^^^^^^^^^^^^^^^^^^^\n  File \"/usr/local/lib/python3.11/site-packages/selenium/webdriver/remote/webdriver.py\", line 740, in find_element\n    return self.execute(Command.FIND_ELEMENT, {\"using\": by, \"value\": value})[\"value\"]\n           ^^^^^^^^^^^^^^^^^^^^^^^^^^^^^^^^^^^^^^^^^^^^^^^^^^^^^^^^^^^^^^^^^\n  File \"/usr/local/lib/python3.11/site-packages/selenium/webdriver/remote/webdriver.py\", line 346, in execute\n    self.error_handler.check_response(response)\n  File \"/usr/local/lib/python3.11/site-packages/selenium/webdriver/remote/errorhandler.py\", line 245, in check_response\n    raise exception_class(message, screen, stacktrace)\n","steps":[],"attachments":[],"parameters":[],"shouldDisplayMessage":true,"stepsCount":0,"attachmentsCount":0,"hasContent":true}],"attachments":[{"uid":"ae669b4d99d24f92","name":"Screenshot","source":"ae669b4d99d24f92.png","type":"image/png","size":39127},{"uid":"f225a90ef61455a7","name":"HTML source","source":"f225a90ef61455a7.html","type":"text/html","size":538}],"parameters":[],"shouldDisplayMessage":true,"stepsCount":1,"attachmentsCount":2,"hasContent":true},"afterStages":[{"name":"driver::0","time":{"start":1696640512512,"stop":1696640512567,"duration":55},"status":"passed","steps":[],"attachments":[],"parameters":[],"shouldDisplayMessage":false,"stepsCount":0,"attachmentsCount":0,"hasContent":false},{"name":"setup::0","time":{"start":1696640512512,"stop":1696640512512,"duration":0},"status":"passed","steps":[],"attachments":[],"parameters":[],"shouldDisplayMessage":false,"stepsCount":0,"attachmentsCount":0,"hasContent":false}],"labels":[{"name":"epic","value":"Main Page"},{"name":"tag","value":"smoke_test"},{"name":"parentSuite","value":"tests"},{"name":"suite","value":"test_main_page"},{"name":"subSuite","value":"TestMainPage"},{"name":"host","value":"45ffc8978d87"},{"name":"thread","value":"1-MainThread"},{"name":"framework","value":"pytest"},{"name":"language","value":"cpython3"},{"name":"package","value":"tests.test_main_page"},{"name":"resultFormat","value":"allure2"}],"parameters":[{"name":"url","value":"'https://test2.stroyrem-nn.ru/'"}],"links":[],"hidden":false,"retry":false,"extra":{"severity":"normal","retries":[],"categories":[{"name":"Test defects","matchedStatuses":[],"flaky":false}],"history":{"statistic":{"failed":0,"broken":23,"skipped":0,"passed":36,"unknown":0,"total":59},"items":[{"uid":"dde3cf10c1e11320","reportUrl":"https://zaelcovsky.github.io/StroyremAutomation/101//#testresult/dde3cf10c1e11320","status":"broken","statusDetails":"selenium.common.exceptions.NoSuchElementException: Message: no such element: Unable to locate element: {\"method\":\"xpath\",\"selector\":\"//div[@class='page-block articles-block']\"}\n  (Session info: headless chrome=117.0.5938.149); For documentation on this error, please visit: https://www.selenium.dev/documentation/webdriver/troubleshooting/errors#no-such-element-exception\nStacktrace:\n#0 0x5632a78ec933 <unknown>\n#1 0x5632a75c66f7 <unknown>\n#2 0x5632a760daa6 <unknown>\n#3 0x5632a760db91 <unknown>\n#4 0x5632a764afc4 <unknown>\n#5 0x5632a762f62d <unknown>\n#6 0x5632a7648857 <unknown>\n#7 0x5632a762f3d3 <unknown>\n#8 0x5632a7601e64 <unknown>\n#9 0x5632a7602c4e <unknown>\n#10 0x5632a78b2558 <unknown>\n#11 0x5632a78b64a0 <unknown>\n#12 0x5632a78c097c <unknown>\n#13 0x5632a78b70b8 <unknown>\n#14 0x5632a7882cdf <unknown>\n#15 0x5632a78db048 <unknown>\n#16 0x5632a78db219 <unknown>\n#17 0x5632a78ebac3 <unknown>\n#18 0x7fafaf0b5044 <unknown>","time":{"start":1696554149797,"stop":1696554149816,"duration":19}},{"uid":"b6e114e86269c4c5","reportUrl":"https://zaelcovsky.github.io/StroyremAutomation/100//#testresult/b6e114e86269c4c5","status":"broken","statusDetails":"selenium.common.exceptions.NoSuchElementException: Message: no such element: Unable to locate element: {\"method\":\"xpath\",\"selector\":\"//div[@class='page-block articles-block']\"}\n  (Session info: headless chrome=117.0.5938.149); For documentation on this error, please visit: https://www.selenium.dev/documentation/webdriver/troubleshooting/errors#no-such-element-exception\nStacktrace:\n#0 0x55f270823933 <unknown>\n#1 0x55f2704fd6f7 <unknown>\n#2 0x55f270544aa6 <unknown>\n#3 0x55f270544b91 <unknown>\n#4 0x55f270581fc4 <unknown>\n#5 0x55f27056662d <unknown>\n#6 0x55f27057f857 <unknown>\n#7 0x55f2705663d3 <unknown>\n#8 0x55f270538e64 <unknown>\n#9 0x55f270539c4e <unknown>\n#10 0x55f2707e9558 <unknown>\n#11 0x55f2707ed4a0 <unknown>\n#12 0x55f2707f797c <unknown>\n#13 0x55f2707ee0b8 <unknown>\n#14 0x55f2707b9cdf <unknown>\n#15 0x55f270812048 <unknown>\n#16 0x55f270812219 <unknown>\n#17 0x55f270822ac3 <unknown>\n#18 0x7f5d141f1044 <unknown>","time":{"start":1696467808345,"stop":1696467808362,"duration":17}},{"uid":"6a221e550f523ac6","reportUrl":"https://zaelcovsky.github.io/StroyremAutomation/99//#testresult/6a221e550f523ac6","status":"broken","statusDetails":"selenium.common.exceptions.NoSuchElementException: Message: no such element: Unable to locate element: {\"method\":\"xpath\",\"selector\":\"//div[@class='page-block articles-block']\"}\n  (Session info: headless chrome=117.0.5938.92); For documentation on this error, please visit: https://www.selenium.dev/documentation/webdriver/troubleshooting/errors#no-such-element-exception\nStacktrace:\n#0 0x564360bdd6b3 <unknown>\n#1 0x5643608b31e7 <unknown>\n#2 0x5643608fa566 <unknown>\n#3 0x5643608fa651 <unknown>\n#4 0x564360937a74 <unknown>\n#5 0x56436091c0ed <unknown>\n#6 0x564360935322 <unknown>\n#7 0x56436091be93 <unknown>\n#8 0x5643608ee934 <unknown>\n#9 0x5643608ef71e <unknown>\n#10 0x564360ba2cb8 <unknown>\n#11 0x564360ba6bf0 <unknown>\n#12 0x564360bb119c <unknown>\n#13 0x564360ba7808 <unknown>\n#14 0x564360b7427f <unknown>\n#15 0x564360bcbe88 <unknown>\n#16 0x564360bcc059 <unknown>\n#17 0x564360bdc843 <unknown>\n#18 0x7f3340906044 <unknown>","time":{"start":1696381424716,"stop":1696381424735,"duration":19}},{"uid":"45abdfab33d93c50","reportUrl":"https://zaelcovsky.github.io/StroyremAutomation/98//#testresult/45abdfab33d93c50","status":"broken","statusDetails":"selenium.common.exceptions.NoSuchElementException: Message: no such element: Unable to locate element: {\"method\":\"xpath\",\"selector\":\"//div[@class='page-block articles-block']\"}\n  (Session info: headless chrome=117.0.5938.92); For documentation on this error, please visit: https://www.selenium.dev/documentation/webdriver/troubleshooting/errors#no-such-element-exception\nStacktrace:\n#0 0x5579ee42a6b3 <unknown>\n#1 0x5579ee1001e7 <unknown>\n#2 0x5579ee147566 <unknown>\n#3 0x5579ee147651 <unknown>\n#4 0x5579ee184a74 <unknown>\n#5 0x5579ee1690ed <unknown>\n#6 0x5579ee182322 <unknown>\n#7 0x5579ee168e93 <unknown>\n#8 0x5579ee13b934 <unknown>\n#9 0x5579ee13c71e <unknown>\n#10 0x5579ee3efcb8 <unknown>\n#11 0x5579ee3f3bf0 <unknown>\n#12 0x5579ee3fe19c <unknown>\n#13 0x5579ee3f4808 <unknown>\n#14 0x5579ee3c127f <unknown>\n#15 0x5579ee418e88 <unknown>\n#16 0x5579ee419059 <unknown>\n#17 0x5579ee429843 <unknown>\n#18 0x7f760465d044 <unknown>","time":{"start":1696295004336,"stop":1696295004359,"duration":23}},{"uid":"8345349dfddbaeb4","reportUrl":"https://zaelcovsky.github.io/StroyremAutomation/97//#testresult/8345349dfddbaeb4","status":"broken","statusDetails":"selenium.common.exceptions.NoSuchElementException: Message: no such element: Unable to locate element: {\"method\":\"xpath\",\"selector\":\"//div[@class='page-block articles-block']\"}\n  (Session info: headless chrome=117.0.5938.92); For documentation on this error, please visit: https://www.selenium.dev/documentation/webdriver/troubleshooting/errors#no-such-element-exception\nStacktrace:\n#0 0x55fe50a936b3 <unknown>\n#1 0x55fe507691e7 <unknown>\n#2 0x55fe507b0566 <unknown>\n#3 0x55fe507b0651 <unknown>\n#4 0x55fe507eda74 <unknown>\n#5 0x55fe507d20ed <unknown>\n#6 0x55fe507eb322 <unknown>\n#7 0x55fe507d1e93 <unknown>\n#8 0x55fe507a4934 <unknown>\n#9 0x55fe507a571e <unknown>\n#10 0x55fe50a58cb8 <unknown>\n#11 0x55fe50a5cbf0 <unknown>\n#12 0x55fe50a6719c <unknown>\n#13 0x55fe50a5d808 <unknown>\n#14 0x55fe50a2a27f <unknown>\n#15 0x55fe50a81e88 <unknown>\n#16 0x55fe50a82059 <unknown>\n#17 0x55fe50a92843 <unknown>\n#18 0x7f1d66ace044 <unknown>","time":{"start":1696208584470,"stop":1696208584489,"duration":19}},{"uid":"181458d02eed0113","reportUrl":"https://zaelcovsky.github.io/StroyremAutomation/96//#testresult/181458d02eed0113","status":"broken","statusDetails":"selenium.common.exceptions.NoSuchElementException: Message: no such element: Unable to locate element: {\"method\":\"xpath\",\"selector\":\"//div[@class='page-block articles-block']\"}\n  (Session info: headless chrome=117.0.5938.92); For documentation on this error, please visit: https://www.selenium.dev/documentation/webdriver/troubleshooting/errors#no-such-element-exception\nStacktrace:\n#0 0x558b490636b3 <unknown>\n#1 0x558b48d391e7 <unknown>\n#2 0x558b48d80566 <unknown>\n#3 0x558b48d80651 <unknown>\n#4 0x558b48dbda74 <unknown>\n#5 0x558b48da20ed <unknown>\n#6 0x558b48dbb322 <unknown>\n#7 0x558b48da1e93 <unknown>\n#8 0x558b48d74934 <unknown>\n#9 0x558b48d7571e <unknown>\n#10 0x558b49028cb8 <unknown>\n#11 0x558b4902cbf0 <unknown>\n#12 0x558b4903719c <unknown>\n#13 0x558b4902d808 <unknown>\n#14 0x558b48ffa27f <unknown>\n#15 0x558b49051e88 <unknown>\n#16 0x558b49052059 <unknown>\n#17 0x558b49062843 <unknown>\n#18 0x7fe4845e6044 <unknown>","time":{"start":1696122623348,"stop":1696122623370,"duration":22}},{"uid":"9915450406c8c4fc","reportUrl":"https://zaelcovsky.github.io/StroyremAutomation/95//#testresult/9915450406c8c4fc","status":"broken","statusDetails":"selenium.common.exceptions.NoSuchElementException: Message: no such element: Unable to locate element: {\"method\":\"xpath\",\"selector\":\"//div[@class='page-block articles-block']\"}\n  (Session info: headless chrome=117.0.5938.92); For documentation on this error, please visit: https://www.selenium.dev/documentation/webdriver/troubleshooting/errors#no-such-element-exception\nStacktrace:\n#0 0x5594804946b3 <unknown>\n#1 0x55948016a1e7 <unknown>\n#2 0x5594801b1566 <unknown>\n#3 0x5594801b1651 <unknown>\n#4 0x5594801eea74 <unknown>\n#5 0x5594801d30ed <unknown>\n#6 0x5594801ec322 <unknown>\n#7 0x5594801d2e93 <unknown>\n#8 0x5594801a5934 <unknown>\n#9 0x5594801a671e <unknown>\n#10 0x559480459cb8 <unknown>\n#11 0x55948045dbf0 <unknown>\n#12 0x55948046819c <unknown>\n#13 0x55948045e808 <unknown>\n#14 0x55948042b27f <unknown>\n#15 0x559480482e88 <unknown>\n#16 0x559480483059 <unknown>\n#17 0x559480493843 <unknown>\n#18 0x7fefa92fc044 <unknown>","time":{"start":1696035635409,"stop":1696035635425,"duration":16}},{"uid":"ca1c2d52affe6bc7","reportUrl":"https://zaelcovsky.github.io/StroyremAutomation/94//#testresult/ca1c2d52affe6bc7","status":"broken","statusDetails":"selenium.common.exceptions.NoSuchElementException: Message: no such element: Unable to locate element: {\"method\":\"xpath\",\"selector\":\"//div[@class='page-block articles-block']\"}\n  (Session info: headless chrome=117.0.5938.92); For documentation on this error, please visit: https://www.selenium.dev/documentation/webdriver/troubleshooting/errors#no-such-element-exception\nStacktrace:\n#0 0x55ede56d46b3 <unknown>\n#1 0x55ede53aa1e7 <unknown>\n#2 0x55ede53f1566 <unknown>\n#3 0x55ede53f1651 <unknown>\n#4 0x55ede542ea74 <unknown>\n#5 0x55ede54130ed <unknown>\n#6 0x55ede542c322 <unknown>\n#7 0x55ede5412e93 <unknown>\n#8 0x55ede53e5934 <unknown>\n#9 0x55ede53e671e <unknown>\n#10 0x55ede5699cb8 <unknown>\n#11 0x55ede569dbf0 <unknown>\n#12 0x55ede56a819c <unknown>\n#13 0x55ede569e808 <unknown>\n#14 0x55ede566b27f <unknown>\n#15 0x55ede56c2e88 <unknown>\n#16 0x55ede56c3059 <unknown>\n#17 0x55ede56d3843 <unknown>\n#18 0x7f4e17096044 <unknown>","time":{"start":1695949317939,"stop":1695949317954,"duration":15}},{"uid":"2b638de3d2af607","reportUrl":"https://zaelcovsky.github.io/StroyremAutomation/93//#testresult/2b638de3d2af607","status":"broken","statusDetails":"selenium.common.exceptions.NoSuchElementException: Message: no such element: Unable to locate element: {\"method\":\"xpath\",\"selector\":\"//div[@class='page-block articles-block']\"}\n  (Session info: headless chrome=117.0.5938.92); For documentation on this error, please visit: https://www.selenium.dev/documentation/webdriver/troubleshooting/errors#no-such-element-exception\nStacktrace:\n#0 0x55c21c98b6b3 <unknown>\n#1 0x55c21c6611e7 <unknown>\n#2 0x55c21c6a8566 <unknown>\n#3 0x55c21c6a8651 <unknown>\n#4 0x55c21c6e5a74 <unknown>\n#5 0x55c21c6ca0ed <unknown>\n#6 0x55c21c6e3322 <unknown>\n#7 0x55c21c6c9e93 <unknown>\n#8 0x55c21c69c934 <unknown>\n#9 0x55c21c69d71e <unknown>\n#10 0x55c21c950cb8 <unknown>\n#11 0x55c21c954bf0 <unknown>\n#12 0x55c21c95f19c <unknown>\n#13 0x55c21c955808 <unknown>\n#14 0x55c21c92227f <unknown>\n#15 0x55c21c979e88 <unknown>\n#16 0x55c21c97a059 <unknown>\n#17 0x55c21c98a843 <unknown>\n#18 0x7f2eff406044 <unknown>","time":{"start":1695862910048,"stop":1695862910064,"duration":16}},{"uid":"4411d44b4ed9266","reportUrl":"https://zaelcovsky.github.io/StroyremAutomation/92//#testresult/4411d44b4ed9266","status":"broken","statusDetails":"selenium.common.exceptions.NoSuchElementException: Message: no such element: Unable to locate element: {\"method\":\"xpath\",\"selector\":\"//div[@class='page-block articles-block']\"}\n  (Session info: headless chrome=117.0.5938.92); For documentation on this error, please visit: https://www.selenium.dev/documentation/webdriver/troubleshooting/errors#no-such-element-exception\nStacktrace:\n#0 0x55e4b8b446b3 <unknown>\n#1 0x55e4b881a1e7 <unknown>\n#2 0x55e4b8861566 <unknown>\n#3 0x55e4b8861651 <unknown>\n#4 0x55e4b889ea74 <unknown>\n#5 0x55e4b88830ed <unknown>\n#6 0x55e4b889c322 <unknown>\n#7 0x55e4b8882e93 <unknown>\n#8 0x55e4b8855934 <unknown>\n#9 0x55e4b885671e <unknown>\n#10 0x55e4b8b09cb8 <unknown>\n#11 0x55e4b8b0dbf0 <unknown>\n#12 0x55e4b8b1819c <unknown>\n#13 0x55e4b8b0e808 <unknown>\n#14 0x55e4b8adb27f <unknown>\n#15 0x55e4b8b32e88 <unknown>\n#16 0x55e4b8b33059 <unknown>\n#17 0x55e4b8b43843 <unknown>\n#18 0x7f1ddf026044 <unknown>","time":{"start":1695776577955,"stop":1695776577974,"duration":19}},{"uid":"2c8d326e354e4821","reportUrl":"https://zaelcovsky.github.io/StroyremAutomation/91//#testresult/2c8d326e354e4821","status":"broken","statusDetails":"selenium.common.exceptions.NoSuchElementException: Message: no such element: Unable to locate element: {\"method\":\"xpath\",\"selector\":\"//div[@class='page-block articles-block']\"}\n  (Session info: headless chrome=117.0.5938.92); For documentation on this error, please visit: https://www.selenium.dev/documentation/webdriver/troubleshooting/errors#no-such-element-exception\nStacktrace:\n#0 0x556c771a86b3 <unknown>\n#1 0x556c76e7e1e7 <unknown>\n#2 0x556c76ec5566 <unknown>\n#3 0x556c76ec5651 <unknown>\n#4 0x556c76f02a74 <unknown>\n#5 0x556c76ee70ed <unknown>\n#6 0x556c76f00322 <unknown>\n#7 0x556c76ee6e93 <unknown>\n#8 0x556c76eb9934 <unknown>\n#9 0x556c76eba71e <unknown>\n#10 0x556c7716dcb8 <unknown>\n#11 0x556c77171bf0 <unknown>\n#12 0x556c7717c19c <unknown>\n#13 0x556c77172808 <unknown>\n#14 0x556c7713f27f <unknown>\n#15 0x556c77196e88 <unknown>\n#16 0x556c77197059 <unknown>\n#17 0x556c771a7843 <unknown>\n#18 0x7fbefab65044 <unknown>","time":{"start":1695690193300,"stop":1695690193323,"duration":23}},{"uid":"b413b2d3bc0d7064","reportUrl":"https://zaelcovsky.github.io/StroyremAutomation/90//#testresult/b413b2d3bc0d7064","status":"broken","statusDetails":"selenium.common.exceptions.NoSuchElementException: Message: no such element: Unable to locate element: {\"method\":\"xpath\",\"selector\":\"//div[@class='page-block articles-block']\"}\n  (Session info: headless chrome=117.0.5938.92); For documentation on this error, please visit: https://www.selenium.dev/documentation/webdriver/troubleshooting/errors#no-such-element-exception\nStacktrace:\n#0 0x556eebad86b3 <unknown>\n#1 0x556eeb7ae1e7 <unknown>\n#2 0x556eeb7f5566 <unknown>\n#3 0x556eeb7f5651 <unknown>\n#4 0x556eeb832a74 <unknown>\n#5 0x556eeb8170ed <unknown>\n#6 0x556eeb830322 <unknown>\n#7 0x556eeb816e93 <unknown>\n#8 0x556eeb7e9934 <unknown>\n#9 0x556eeb7ea71e <unknown>\n#10 0x556eeba9dcb8 <unknown>\n#11 0x556eebaa1bf0 <unknown>\n#12 0x556eebaac19c <unknown>\n#13 0x556eebaa2808 <unknown>\n#14 0x556eeba6f27f <unknown>\n#15 0x556eebac6e88 <unknown>\n#16 0x556eebac7059 <unknown>\n#17 0x556eebad7843 <unknown>\n#18 0x7f054a27f044 <unknown>","time":{"start":1695603740520,"stop":1695603740537,"duration":17}},{"uid":"e80cb1ad5e95c98","reportUrl":"https://zaelcovsky.github.io/StroyremAutomation/89//#testresult/e80cb1ad5e95c98","status":"broken","statusDetails":"selenium.common.exceptions.NoSuchElementException: Message: no such element: Unable to locate element: {\"method\":\"xpath\",\"selector\":\"//div[@class='page-block articles-block']\"}\n  (Session info: headless chrome=117.0.5938.92); For documentation on this error, please visit: https://www.selenium.dev/documentation/webdriver/troubleshooting/errors#no-such-element-exception\nStacktrace:\n#0 0x5625e3cf06b3 <unknown>\n#1 0x5625e39c61e7 <unknown>\n#2 0x5625e3a0d566 <unknown>\n#3 0x5625e3a0d651 <unknown>\n#4 0x5625e3a4aa74 <unknown>\n#5 0x5625e3a2f0ed <unknown>\n#6 0x5625e3a48322 <unknown>\n#7 0x5625e3a2ee93 <unknown>\n#8 0x5625e3a01934 <unknown>\n#9 0x5625e3a0271e <unknown>\n#10 0x5625e3cb5cb8 <unknown>\n#11 0x5625e3cb9bf0 <unknown>\n#12 0x5625e3cc419c <unknown>\n#13 0x5625e3cba808 <unknown>\n#14 0x5625e3c8727f <unknown>\n#15 0x5625e3cdee88 <unknown>\n#16 0x5625e3cdf059 <unknown>\n#17 0x5625e3cef843 <unknown>\n#18 0x7f18d53d0044 <unknown>","time":{"start":1695517516903,"stop":1695517516918,"duration":15}},{"uid":"26250679c77d78af","reportUrl":"https://zaelcovsky.github.io/StroyremAutomation/88//#testresult/26250679c77d78af","status":"broken","statusDetails":"selenium.common.exceptions.NoSuchElementException: Message: no such element: Unable to locate element: {\"method\":\"xpath\",\"selector\":\"//div[@class='page-block articles-block']\"}\n  (Session info: headless chrome=117.0.5938.92); For documentation on this error, please visit: https://www.selenium.dev/documentation/webdriver/troubleshooting/errors#no-such-element-exception\nStacktrace:\n#0 0x55fa5a5c66b3 <unknown>\n#1 0x55fa5a29c1e7 <unknown>\n#2 0x55fa5a2e3566 <unknown>\n#3 0x55fa5a2e3651 <unknown>\n#4 0x55fa5a320a74 <unknown>\n#5 0x55fa5a3050ed <unknown>\n#6 0x55fa5a31e322 <unknown>\n#7 0x55fa5a304e93 <unknown>\n#8 0x55fa5a2d7934 <unknown>\n#9 0x55fa5a2d871e <unknown>\n#10 0x55fa5a58bcb8 <unknown>\n#11 0x55fa5a58fbf0 <unknown>\n#12 0x55fa5a59a19c <unknown>\n#13 0x55fa5a590808 <unknown>\n#14 0x55fa5a55d27f <unknown>\n#15 0x55fa5a5b4e88 <unknown>\n#16 0x55fa5a5b5059 <unknown>\n#17 0x55fa5a5c5843 <unknown>\n#18 0x7f30e3a8e044 <unknown>","time":{"start":1695430835817,"stop":1695430835837,"duration":20}},{"uid":"26b893041e00e362","reportUrl":"https://zaelcovsky.github.io/StroyremAutomation/87//#testresult/26b893041e00e362","status":"broken","statusDetails":"selenium.common.exceptions.NoSuchElementException: Message: no such element: Unable to locate element: {\"method\":\"xpath\",\"selector\":\"//div[@class='page-block articles-block']\"}\n  (Session info: headless chrome=117.0.5938.92); For documentation on this error, please visit: https://www.selenium.dev/documentation/webdriver/troubleshooting/errors#no-such-element-exception\nStacktrace:\n#0 0x559c586186b3 <unknown>\n#1 0x559c582ee1e7 <unknown>\n#2 0x559c58335566 <unknown>\n#3 0x559c58335651 <unknown>\n#4 0x559c58372a74 <unknown>\n#5 0x559c583570ed <unknown>\n#6 0x559c58370322 <unknown>\n#7 0x559c58356e93 <unknown>\n#8 0x559c58329934 <unknown>\n#9 0x559c5832a71e <unknown>\n#10 0x559c585ddcb8 <unknown>\n#11 0x559c585e1bf0 <unknown>\n#12 0x559c585ec19c <unknown>\n#13 0x559c585e2808 <unknown>\n#14 0x559c585af27f <unknown>\n#15 0x559c58606e88 <unknown>\n#16 0x559c58607059 <unknown>\n#17 0x559c58617843 <unknown>\n#18 0x7fcf47189044 <unknown>","time":{"start":1695344503309,"stop":1695344503327,"duration":18}},{"uid":"a80e061064ba9587","reportUrl":"https://zaelcovsky.github.io/StroyremAutomation/86//#testresult/a80e061064ba9587","status":"broken","statusDetails":"selenium.common.exceptions.NoSuchElementException: Message: no such element: Unable to locate element: {\"method\":\"xpath\",\"selector\":\"//div[@class='page-block articles-block']\"}\n  (Session info: headless chrome=117.0.5938.88); For documentation on this error, please visit: https://www.selenium.dev/documentation/webdriver/troubleshooting/errors#no-such-element-exception\nStacktrace:\n#0 0x5561c93926c3 <unknown>\n#1 0x5561c90681e7 <unknown>\n#2 0x5561c90af566 <unknown>\n#3 0x5561c90af651 <unknown>\n#4 0x5561c90eca74 <unknown>\n#5 0x5561c90d10ed <unknown>\n#6 0x5561c90ea322 <unknown>\n#7 0x5561c90d0e93 <unknown>\n#8 0x5561c90a3934 <unknown>\n#9 0x5561c90a471e <unknown>\n#10 0x5561c9357cc8 <unknown>\n#11 0x5561c935bc00 <unknown>\n#12 0x5561c93661ac <unknown>\n#13 0x5561c935c818 <unknown>\n#14 0x5561c932928f <unknown>\n#15 0x5561c9380e98 <unknown>\n#16 0x5561c9381069 <unknown>\n#17 0x5561c9391853 <unknown>\n#18 0x7fac20aea044 <unknown>","time":{"start":1695258063971,"stop":1695258063987,"duration":16}},{"uid":"c396b195a054372b","reportUrl":"https://zaelcovsky.github.io/StroyremAutomation/85//#testresult/c396b195a054372b","status":"broken","statusDetails":"selenium.common.exceptions.NoSuchElementException: Message: no such element: Unable to locate element: {\"method\":\"xpath\",\"selector\":\"//div[@class='page-block articles-block']\"}\n  (Session info: headless chrome=117.0.5938.88); For documentation on this error, please visit: https://www.selenium.dev/documentation/webdriver/troubleshooting/errors#no-such-element-exception\nStacktrace:\n#0 0x5652df1d86c3 <unknown>\n#1 0x5652deeae1e7 <unknown>\n#2 0x5652deef5566 <unknown>\n#3 0x5652deef5651 <unknown>\n#4 0x5652def32a74 <unknown>\n#5 0x5652def170ed <unknown>\n#6 0x5652def30322 <unknown>\n#7 0x5652def16e93 <unknown>\n#8 0x5652deee9934 <unknown>\n#9 0x5652deeea71e <unknown>\n#10 0x5652df19dcc8 <unknown>\n#11 0x5652df1a1c00 <unknown>\n#12 0x5652df1ac1ac <unknown>\n#13 0x5652df1a2818 <unknown>\n#14 0x5652df16f28f <unknown>\n#15 0x5652df1c6e98 <unknown>\n#16 0x5652df1c7069 <unknown>\n#17 0x5652df1d7853 <unknown>\n#18 0x7f9a9d8f0044 <unknown>","time":{"start":1695171718103,"stop":1695171718121,"duration":18}},{"uid":"a5227e185c964231","reportUrl":"https://zaelcovsky.github.io/StroyremAutomation/84//#testresult/a5227e185c964231","status":"passed","time":{"start":1695085350818,"stop":1695085357408,"duration":6590}},{"uid":"875d0bc8b32702b5","reportUrl":"https://zaelcovsky.github.io/StroyremAutomation/83//#testresult/875d0bc8b32702b5","status":"broken","statusDetails":"selenium.common.exceptions.NoSuchElementException: Message: no such element: Unable to locate element: {\"method\":\"xpath\",\"selector\":\"//div[@class='page-block articles-block']\"}\n  (Session info: headless chrome=117.0.5938.88); For documentation on this error, please visit: https://www.selenium.dev/documentation/webdriver/troubleshooting/errors#no-such-element-exception\nStacktrace:\n#0 0x55754172c6c3 <unknown>\n#1 0x5575414021e7 <unknown>\n#2 0x557541449566 <unknown>\n#3 0x557541449651 <unknown>\n#4 0x557541486a74 <unknown>\n#5 0x55754146b0ed <unknown>\n#6 0x557541484322 <unknown>\n#7 0x55754146ae93 <unknown>\n#8 0x55754143d934 <unknown>\n#9 0x55754143e71e <unknown>\n#10 0x5575416f1cc8 <unknown>\n#11 0x5575416f5c00 <unknown>\n#12 0x5575417001ac <unknown>\n#13 0x5575416f6818 <unknown>\n#14 0x5575416c328f <unknown>\n#15 0x55754171ae98 <unknown>\n#16 0x55754171b069 <unknown>\n#17 0x55754172b853 <unknown>\n#18 0x7f2cab4dc044 <unknown>","time":{"start":1694998953829,"stop":1694998953852,"duration":23}},{"uid":"4962521561c66264","reportUrl":"https://zaelcovsky.github.io/StroyremAutomation/82//#testresult/4962521561c66264","status":"broken","statusDetails":"selenium.common.exceptions.NoSuchElementException: Message: no such element: Unable to locate element: {\"method\":\"xpath\",\"selector\":\"//div[@class='page-block articles-block']\"}\n  (Session info: headless chrome=117.0.5938.88); For documentation on this error, please visit: https://www.selenium.dev/documentation/webdriver/troubleshooting/errors#no-such-element-exception\nStacktrace:\n#0 0x5561011906c3 <unknown>\n#1 0x556100e661e7 <unknown>\n#2 0x556100ead566 <unknown>\n#3 0x556100ead651 <unknown>\n#4 0x556100eeaa74 <unknown>\n#5 0x556100ecf0ed <unknown>\n#6 0x556100ee8322 <unknown>\n#7 0x556100ecee93 <unknown>\n#8 0x556100ea1934 <unknown>\n#9 0x556100ea271e <unknown>\n#10 0x556101155cc8 <unknown>\n#11 0x556101159c00 <unknown>\n#12 0x5561011641ac <unknown>\n#13 0x55610115a818 <unknown>\n#14 0x55610112728f <unknown>\n#15 0x55610117ee98 <unknown>\n#16 0x55610117f069 <unknown>\n#17 0x55610118f853 <unknown>\n#18 0x7f10203e1044 <unknown>","time":{"start":1694912682804,"stop":1694912682821,"duration":17}}]},"tags":["smoke_test"]},"source":"142bdf1334790d7b.json","parameterValues":["'https://test2.stroyrem-nn.ru/'"]}