{"uid":"2138aa4e4a22b36","name":"test_positive_delivery_green_zone_smoke[TD 012-products/shtukaturka-gipsovaya-aksolit-m50-30-kg-mashinnogo-naneseniya-333-10000-4450-11990-12500-https://sandboxtest.stroyrem-nn.ru/]","fullName":"tests.delivery.test_delivery_calculation.TestDeliveryPageCalculation#test_positive_delivery_green_zone_smoke","historyId":"9d39cbb8c1423d43dfc259c1b0a6c01f","time":{"start":1696640913809,"stop":1696640914543,"duration":734},"status":"broken","statusMessage":"selenium.common.exceptions.NoSuchElementException: Message: no such element: Unable to locate element: {\"method\":\"xpath\",\"selector\":\"(//a[@class='add-to-cart yellow-btn'])[1]\"}\n  (Session info: headless chrome=117.0.5938.149); For documentation on this error, please visit: https://www.selenium.dev/documentation/webdriver/troubleshooting/errors#no-such-element-exception\nStacktrace:\n#0 0x558210ea5933 <unknown>\n#1 0x558210b7f6f7 <unknown>\n#2 0x558210bc6aa6 <unknown>\n#3 0x558210bc6b91 <unknown>\n#4 0x558210c03fc4 <unknown>\n#5 0x558210be862d <unknown>\n#6 0x558210c01857 <unknown>\n#7 0x558210be83d3 <unknown>\n#8 0x558210bbae64 <unknown>\n#9 0x558210bbbc4e <unknown>\n#10 0x558210e6b558 <unknown>\n#11 0x558210e6f4a0 <unknown>\n#12 0x558210e7997c <unknown>\n#13 0x558210e700b8 <unknown>\n#14 0x558210e3bcdf <unknown>\n#15 0x558210e94048 <unknown>\n#16 0x558210e94219 <unknown>\n#17 0x558210ea4ac3 <unknown>\n#18 0x7fae93a25044 <unknown>","statusTrace":"self = <tests.delivery.test_delivery_calculation.TestDeliveryPageCalculation object at 0x7f00b209b1d0>\ndriver = <selenium.webdriver.chrome.webdriver.WebDriver (session=\"e3c807e4739a7ac3e27af86752d84a85\")>\nurl = 'https://sandboxtest.stroyrem-nn.ru/', case_id = 'TD 012'\nlink_item = 'products/shtukaturka-gipsovaya-aksolit-m50-30-kg-mashinnogo-naneseniya'\namount = 333, weight = 10000, standard = 4450, in_time = 11990, all_time = 12500\n\n    @pytest.mark.parametrize('case_id, link_item, amount, weight, standard, in_time, all_time', [\n        (\"TD 001\", uroven_3000, 1, 30, 0, 1590, 2190),\n        (\"TD 002\", bundeks_25, 1, 30, 400, 1590, 2190),\n        (\"TD 003\", aksolit_30, 8, 300, 400, 1590, 2190),\n        (\"TD 004\", aksolit_30, 13, 400, 450, 1590, 2190),\n        (\"TD 005\", aksolit_30, 16, 500, 600, 1590, 2190),\n        (\"TD 006\", aksolit_30, 25, 1700, 990, 1990, 2480),\n        (\"TD 007\", aksolit_30, 66, 2000, 1300, 2490, 2980),\n        (\"TD 008\", aksolit_30, 149, 4500, 2300, 3980, 4490),\n        (\"TD 009\", aksolit_30, 166, 5000, 2500, 4990, 5480),\n        pytest.param(\n            \"TD 010\", aksolit_30, 206, 6200, 2900, 5570, 6120,\n            marks=pytest.mark.xfail(reson=\"Цена доставки 3600 7960 8980\")\n        ),\n        (\"TD 011\", aksolit_30, 299, 9000, 3600, 7960, 8980),\n        (\"TD 012\", aksolit_30, 333, 10000, 4450, 11990, 12500),\n        pytest.param(\n            \"TD 013\", aksolit_30, 366, 11000, 4800, 12450, 13480,\n            marks=pytest.mark.xfail(reason=\"Цена стандартной доставки 4450\")\n        ),\n        pytest.param(\n            \"TD 014\", aksolit_30, 666, 20000, 5400, 15600, 17490,\n            marks=pytest.mark.xfail(reason=\"Цена стандартной доставки 4450\")\n        )\n    ])\n    @pytest.mark.smoke\n    def test_positive_delivery_green_zone_smoke(\n            self, driver, url, case_id, link_item, amount, weight, standard, in_time, all_time\n    ):\n    \n        driver.get(f'{url}{link_item}')\n        item_page = ItemPage(driver)\n>       item_page.add_item_to_cart(amount).click_on_cart()\n\ntests/delivery/test_delivery_calculation.py:49: \n_ _ _ _ _ _ _ _ _ _ _ _ _ _ _ _ _ _ _ _ _ _ _ _ _ _ _ _ _ _ _ _ _ _ _ _ _ _ _ _ \npages/item_page.py:40: in add_item_to_cart\n    self.find_element(self._add_item).click()\nbase/seleniumbase.py:17: in find_element\n    return self.driver.find_element(*locator)\n/usr/local/lib/python3.11/site-packages/selenium/webdriver/remote/webdriver.py:740: in find_element\n    return self.execute(Command.FIND_ELEMENT, {\"using\": by, \"value\": value})[\"value\"]\n/usr/local/lib/python3.11/site-packages/selenium/webdriver/remote/webdriver.py:346: in execute\n    self.error_handler.check_response(response)\n_ _ _ _ _ _ _ _ _ _ _ _ _ _ _ _ _ _ _ _ _ _ _ _ _ _ _ _ _ _ _ _ _ _ _ _ _ _ _ _ \n\nself = <selenium.webdriver.remote.errorhandler.ErrorHandler object at 0x7f00b0db6ad0>\nresponse = {'status': 404, 'value': '{\"value\":{\"error\":\"no such element\",\"message\":\"no such element: Unable to locate element: {\\...\\\\n#16 0x558210e94219 \\\\u003Cunknown>\\\\n#17 0x558210ea4ac3 \\\\u003Cunknown>\\\\n#18 0x7fae93a25044 \\\\u003Cunknown>\\\\n\"}}'}\n\n    def check_response(self, response: Dict[str, Any]) -> None:\n        \"\"\"Checks that a JSON response from the WebDriver does not have an\n        error.\n    \n        :Args:\n         - response - The JSON response from the WebDriver server as a dictionary\n           object.\n    \n        :Raises: If the response contains an error message.\n        \"\"\"\n        status = response.get(\"status\", None)\n        if not status or status == ErrorCode.SUCCESS:\n            return\n        value = None\n        message = response.get(\"message\", \"\")\n        screen: str = response.get(\"screen\", \"\")\n        stacktrace = None\n        if isinstance(status, int):\n            value_json = response.get(\"value\", None)\n            if value_json and isinstance(value_json, str):\n                import json\n    \n                try:\n                    value = json.loads(value_json)\n                    if len(value) == 1:\n                        value = value[\"value\"]\n                    status = value.get(\"error\", None)\n                    if not status:\n                        status = value.get(\"status\", ErrorCode.UNKNOWN_ERROR)\n                        message = value.get(\"value\") or value.get(\"message\")\n                        if not isinstance(message, str):\n                            value = message\n                            message = message.get(\"message\")\n                    else:\n                        message = value.get(\"message\", None)\n                except ValueError:\n                    pass\n    \n        exception_class: Type[WebDriverException]\n        if status in ErrorCode.NO_SUCH_ELEMENT:\n            exception_class = NoSuchElementException\n        elif status in ErrorCode.NO_SUCH_FRAME:\n            exception_class = NoSuchFrameException\n        elif status in ErrorCode.NO_SUCH_SHADOW_ROOT:\n            exception_class = NoSuchShadowRootException\n        elif status in ErrorCode.NO_SUCH_WINDOW:\n            exception_class = NoSuchWindowException\n        elif status in ErrorCode.STALE_ELEMENT_REFERENCE:\n            exception_class = StaleElementReferenceException\n        elif status in ErrorCode.ELEMENT_NOT_VISIBLE:\n            exception_class = ElementNotVisibleException\n        elif status in ErrorCode.INVALID_ELEMENT_STATE:\n            exception_class = InvalidElementStateException\n        elif (\n            status in ErrorCode.INVALID_SELECTOR\n            or status in ErrorCode.INVALID_XPATH_SELECTOR\n            or status in ErrorCode.INVALID_XPATH_SELECTOR_RETURN_TYPER\n        ):\n            exception_class = InvalidSelectorException\n        elif status in ErrorCode.ELEMENT_IS_NOT_SELECTABLE:\n            exception_class = ElementNotSelectableException\n        elif status in ErrorCode.ELEMENT_NOT_INTERACTABLE:\n            exception_class = ElementNotInteractableException\n        elif status in ErrorCode.INVALID_COOKIE_DOMAIN:\n            exception_class = InvalidCookieDomainException\n        elif status in ErrorCode.UNABLE_TO_SET_COOKIE:\n            exception_class = UnableToSetCookieException\n        elif status in ErrorCode.TIMEOUT:\n            exception_class = TimeoutException\n        elif status in ErrorCode.SCRIPT_TIMEOUT:\n            exception_class = TimeoutException\n        elif status in ErrorCode.UNKNOWN_ERROR:\n            exception_class = WebDriverException\n        elif status in ErrorCode.UNEXPECTED_ALERT_OPEN:\n            exception_class = UnexpectedAlertPresentException\n        elif status in ErrorCode.NO_ALERT_OPEN:\n            exception_class = NoAlertPresentException\n        elif status in ErrorCode.IME_NOT_AVAILABLE:\n            exception_class = ImeNotAvailableException\n        elif status in ErrorCode.IME_ENGINE_ACTIVATION_FAILED:\n            exception_class = ImeActivationFailedException\n        elif status in ErrorCode.MOVE_TARGET_OUT_OF_BOUNDS:\n            exception_class = MoveTargetOutOfBoundsException\n        elif status in ErrorCode.JAVASCRIPT_ERROR:\n            exception_class = JavascriptException\n        elif status in ErrorCode.SESSION_NOT_CREATED:\n            exception_class = SessionNotCreatedException\n        elif status in ErrorCode.INVALID_ARGUMENT:\n            exception_class = InvalidArgumentException\n        elif status in ErrorCode.NO_SUCH_COOKIE:\n            exception_class = NoSuchCookieException\n        elif status in ErrorCode.UNABLE_TO_CAPTURE_SCREEN:\n            exception_class = ScreenshotException\n        elif status in ErrorCode.ELEMENT_CLICK_INTERCEPTED:\n            exception_class = ElementClickInterceptedException\n        elif status in ErrorCode.INSECURE_CERTIFICATE:\n            exception_class = InsecureCertificateException\n        elif status in ErrorCode.INVALID_COORDINATES:\n            exception_class = InvalidCoordinatesException\n        elif status in ErrorCode.INVALID_SESSION_ID:\n            exception_class = InvalidSessionIdException\n        elif status in ErrorCode.UNKNOWN_METHOD:\n            exception_class = UnknownMethodException\n        else:\n            exception_class = WebDriverException\n        if not value:\n            value = response[\"value\"]\n        if isinstance(value, str):\n            raise exception_class(value)\n        if message == \"\" and \"message\" in value:\n            message = value[\"message\"]\n    \n        screen = None  # type: ignore[assignment]\n        if \"screen\" in value:\n            screen = value[\"screen\"]\n    \n        stacktrace = None\n        st_value = value.get(\"stackTrace\") or value.get(\"stacktrace\")\n        if st_value:\n            if isinstance(st_value, str):\n                stacktrace = st_value.split(\"\\n\")\n            else:\n                stacktrace = []\n                try:\n                    for frame in st_value:\n                        line = frame.get(\"lineNumber\", \"\")\n                        file = frame.get(\"fileName\", \"<anonymous>\")\n                        if line:\n                            file = f\"{file}:{line}\"\n                        meth = frame.get(\"methodName\", \"<anonymous>\")\n                        if \"className\" in frame:\n                            meth = f\"{frame['className']}.{meth}\"\n                        msg = \"    at %s (%s)\"\n                        msg = msg % (meth, file)\n                        stacktrace.append(msg)\n                except TypeError:\n                    pass\n        if exception_class == UnexpectedAlertPresentException:\n            alert_text = None\n            if \"data\" in value:\n                alert_text = value[\"data\"].get(\"text\")\n            elif \"alert\" in value:\n                alert_text = value[\"alert\"].get(\"text\")\n            raise exception_class(message, screen, stacktrace, alert_text)  # type: ignore[call-arg]  # mypy is not smart enough here\n>       raise exception_class(message, screen, stacktrace)\nE       selenium.common.exceptions.NoSuchElementException: Message: no such element: Unable to locate element: {\"method\":\"xpath\",\"selector\":\"(//a[@class='add-to-cart yellow-btn'])[1]\"}\nE         (Session info: headless chrome=117.0.5938.149); For documentation on this error, please visit: https://www.selenium.dev/documentation/webdriver/troubleshooting/errors#no-such-element-exception\nE       Stacktrace:\nE       #0 0x558210ea5933 <unknown>\nE       #1 0x558210b7f6f7 <unknown>\nE       #2 0x558210bc6aa6 <unknown>\nE       #3 0x558210bc6b91 <unknown>\nE       #4 0x558210c03fc4 <unknown>\nE       #5 0x558210be862d <unknown>\nE       #6 0x558210c01857 <unknown>\nE       #7 0x558210be83d3 <unknown>\nE       #8 0x558210bbae64 <unknown>\nE       #9 0x558210bbbc4e <unknown>\nE       #10 0x558210e6b558 <unknown>\nE       #11 0x558210e6f4a0 <unknown>\nE       #12 0x558210e7997c <unknown>\nE       #13 0x558210e700b8 <unknown>\nE       #14 0x558210e3bcdf <unknown>\nE       #15 0x558210e94048 <unknown>\nE       #16 0x558210e94219 <unknown>\nE       #17 0x558210ea4ac3 <unknown>\nE       #18 0x7fae93a25044 <unknown>\n\n/usr/local/lib/python3.11/site-packages/selenium/webdriver/remote/errorhandler.py:245: NoSuchElementException","flaky":false,"newFailed":false,"newBroken":false,"newPassed":false,"retriesCount":0,"retriesStatusChange":false,"beforeStages":[{"name":"_session_faker","time":{"start":1696640423959,"stop":1696640424044,"duration":85},"status":"passed","steps":[],"attachments":[],"parameters":[],"shouldDisplayMessage":false,"stepsCount":0,"attachmentsCount":0,"hasContent":false},{"name":"clear_allure_results_folder","time":{"start":1696640424044,"stop":1696640424044,"duration":0},"status":"passed","steps":[],"attachments":[],"parameters":[],"shouldDisplayMessage":false,"stepsCount":0,"attachmentsCount":0,"hasContent":false},{"name":"driver","time":{"start":1696640913003,"stop":1696640913808,"duration":805},"status":"passed","steps":[],"attachments":[],"parameters":[],"shouldDisplayMessage":false,"stepsCount":0,"attachmentsCount":0,"hasContent":false},{"name":"setup","time":{"start":1696640913808,"stop":1696640913808,"duration":0},"status":"passed","steps":[],"attachments":[],"parameters":[],"shouldDisplayMessage":false,"stepsCount":0,"attachmentsCount":0,"hasContent":false}],"testStage":{"status":"broken","statusMessage":"selenium.common.exceptions.NoSuchElementException: Message: no such element: Unable to locate element: {\"method\":\"xpath\",\"selector\":\"(//a[@class='add-to-cart yellow-btn'])[1]\"}\n  (Session info: headless chrome=117.0.5938.149); For documentation on this error, please visit: https://www.selenium.dev/documentation/webdriver/troubleshooting/errors#no-such-element-exception\nStacktrace:\n#0 0x558210ea5933 <unknown>\n#1 0x558210b7f6f7 <unknown>\n#2 0x558210bc6aa6 <unknown>\n#3 0x558210bc6b91 <unknown>\n#4 0x558210c03fc4 <unknown>\n#5 0x558210be862d <unknown>\n#6 0x558210c01857 <unknown>\n#7 0x558210be83d3 <unknown>\n#8 0x558210bbae64 <unknown>\n#9 0x558210bbbc4e <unknown>\n#10 0x558210e6b558 <unknown>\n#11 0x558210e6f4a0 <unknown>\n#12 0x558210e7997c <unknown>\n#13 0x558210e700b8 <unknown>\n#14 0x558210e3bcdf <unknown>\n#15 0x558210e94048 <unknown>\n#16 0x558210e94219 <unknown>\n#17 0x558210ea4ac3 <unknown>\n#18 0x7fae93a25044 <unknown>","statusTrace":"self = <tests.delivery.test_delivery_calculation.TestDeliveryPageCalculation object at 0x7f00b209b1d0>\ndriver = <selenium.webdriver.chrome.webdriver.WebDriver (session=\"e3c807e4739a7ac3e27af86752d84a85\")>\nurl = 'https://sandboxtest.stroyrem-nn.ru/', case_id = 'TD 012'\nlink_item = 'products/shtukaturka-gipsovaya-aksolit-m50-30-kg-mashinnogo-naneseniya'\namount = 333, weight = 10000, standard = 4450, in_time = 11990, all_time = 12500\n\n    @pytest.mark.parametrize('case_id, link_item, amount, weight, standard, in_time, all_time', [\n        (\"TD 001\", uroven_3000, 1, 30, 0, 1590, 2190),\n        (\"TD 002\", bundeks_25, 1, 30, 400, 1590, 2190),\n        (\"TD 003\", aksolit_30, 8, 300, 400, 1590, 2190),\n        (\"TD 004\", aksolit_30, 13, 400, 450, 1590, 2190),\n        (\"TD 005\", aksolit_30, 16, 500, 600, 1590, 2190),\n        (\"TD 006\", aksolit_30, 25, 1700, 990, 1990, 2480),\n        (\"TD 007\", aksolit_30, 66, 2000, 1300, 2490, 2980),\n        (\"TD 008\", aksolit_30, 149, 4500, 2300, 3980, 4490),\n        (\"TD 009\", aksolit_30, 166, 5000, 2500, 4990, 5480),\n        pytest.param(\n            \"TD 010\", aksolit_30, 206, 6200, 2900, 5570, 6120,\n            marks=pytest.mark.xfail(reson=\"Цена доставки 3600 7960 8980\")\n        ),\n        (\"TD 011\", aksolit_30, 299, 9000, 3600, 7960, 8980),\n        (\"TD 012\", aksolit_30, 333, 10000, 4450, 11990, 12500),\n        pytest.param(\n            \"TD 013\", aksolit_30, 366, 11000, 4800, 12450, 13480,\n            marks=pytest.mark.xfail(reason=\"Цена стандартной доставки 4450\")\n        ),\n        pytest.param(\n            \"TD 014\", aksolit_30, 666, 20000, 5400, 15600, 17490,\n            marks=pytest.mark.xfail(reason=\"Цена стандартной доставки 4450\")\n        )\n    ])\n    @pytest.mark.smoke\n    def test_positive_delivery_green_zone_smoke(\n            self, driver, url, case_id, link_item, amount, weight, standard, in_time, all_time\n    ):\n    \n        driver.get(f'{url}{link_item}')\n        item_page = ItemPage(driver)\n>       item_page.add_item_to_cart(amount).click_on_cart()\n\ntests/delivery/test_delivery_calculation.py:49: \n_ _ _ _ _ _ _ _ _ _ _ _ _ _ _ _ _ _ _ _ _ _ _ _ _ _ _ _ _ _ _ _ _ _ _ _ _ _ _ _ \npages/item_page.py:40: in add_item_to_cart\n    self.find_element(self._add_item).click()\nbase/seleniumbase.py:17: in find_element\n    return self.driver.find_element(*locator)\n/usr/local/lib/python3.11/site-packages/selenium/webdriver/remote/webdriver.py:740: in find_element\n    return self.execute(Command.FIND_ELEMENT, {\"using\": by, \"value\": value})[\"value\"]\n/usr/local/lib/python3.11/site-packages/selenium/webdriver/remote/webdriver.py:346: in execute\n    self.error_handler.check_response(response)\n_ _ _ _ _ _ _ _ _ _ _ _ _ _ _ _ _ _ _ _ _ _ _ _ _ _ _ _ _ _ _ _ _ _ _ _ _ _ _ _ \n\nself = <selenium.webdriver.remote.errorhandler.ErrorHandler object at 0x7f00b0db6ad0>\nresponse = {'status': 404, 'value': '{\"value\":{\"error\":\"no such element\",\"message\":\"no such element: Unable to locate element: {\\...\\\\n#16 0x558210e94219 \\\\u003Cunknown>\\\\n#17 0x558210ea4ac3 \\\\u003Cunknown>\\\\n#18 0x7fae93a25044 \\\\u003Cunknown>\\\\n\"}}'}\n\n    def check_response(self, response: Dict[str, Any]) -> None:\n        \"\"\"Checks that a JSON response from the WebDriver does not have an\n        error.\n    \n        :Args:\n         - response - The JSON response from the WebDriver server as a dictionary\n           object.\n    \n        :Raises: If the response contains an error message.\n        \"\"\"\n        status = response.get(\"status\", None)\n        if not status or status == ErrorCode.SUCCESS:\n            return\n        value = None\n        message = response.get(\"message\", \"\")\n        screen: str = response.get(\"screen\", \"\")\n        stacktrace = None\n        if isinstance(status, int):\n            value_json = response.get(\"value\", None)\n            if value_json and isinstance(value_json, str):\n                import json\n    \n                try:\n                    value = json.loads(value_json)\n                    if len(value) == 1:\n                        value = value[\"value\"]\n                    status = value.get(\"error\", None)\n                    if not status:\n                        status = value.get(\"status\", ErrorCode.UNKNOWN_ERROR)\n                        message = value.get(\"value\") or value.get(\"message\")\n                        if not isinstance(message, str):\n                            value = message\n                            message = message.get(\"message\")\n                    else:\n                        message = value.get(\"message\", None)\n                except ValueError:\n                    pass\n    \n        exception_class: Type[WebDriverException]\n        if status in ErrorCode.NO_SUCH_ELEMENT:\n            exception_class = NoSuchElementException\n        elif status in ErrorCode.NO_SUCH_FRAME:\n            exception_class = NoSuchFrameException\n        elif status in ErrorCode.NO_SUCH_SHADOW_ROOT:\n            exception_class = NoSuchShadowRootException\n        elif status in ErrorCode.NO_SUCH_WINDOW:\n            exception_class = NoSuchWindowException\n        elif status in ErrorCode.STALE_ELEMENT_REFERENCE:\n            exception_class = StaleElementReferenceException\n        elif status in ErrorCode.ELEMENT_NOT_VISIBLE:\n            exception_class = ElementNotVisibleException\n        elif status in ErrorCode.INVALID_ELEMENT_STATE:\n            exception_class = InvalidElementStateException\n        elif (\n            status in ErrorCode.INVALID_SELECTOR\n            or status in ErrorCode.INVALID_XPATH_SELECTOR\n            or status in ErrorCode.INVALID_XPATH_SELECTOR_RETURN_TYPER\n        ):\n            exception_class = InvalidSelectorException\n        elif status in ErrorCode.ELEMENT_IS_NOT_SELECTABLE:\n            exception_class = ElementNotSelectableException\n        elif status in ErrorCode.ELEMENT_NOT_INTERACTABLE:\n            exception_class = ElementNotInteractableException\n        elif status in ErrorCode.INVALID_COOKIE_DOMAIN:\n            exception_class = InvalidCookieDomainException\n        elif status in ErrorCode.UNABLE_TO_SET_COOKIE:\n            exception_class = UnableToSetCookieException\n        elif status in ErrorCode.TIMEOUT:\n            exception_class = TimeoutException\n        elif status in ErrorCode.SCRIPT_TIMEOUT:\n            exception_class = TimeoutException\n        elif status in ErrorCode.UNKNOWN_ERROR:\n            exception_class = WebDriverException\n        elif status in ErrorCode.UNEXPECTED_ALERT_OPEN:\n            exception_class = UnexpectedAlertPresentException\n        elif status in ErrorCode.NO_ALERT_OPEN:\n            exception_class = NoAlertPresentException\n        elif status in ErrorCode.IME_NOT_AVAILABLE:\n            exception_class = ImeNotAvailableException\n        elif status in ErrorCode.IME_ENGINE_ACTIVATION_FAILED:\n            exception_class = ImeActivationFailedException\n        elif status in ErrorCode.MOVE_TARGET_OUT_OF_BOUNDS:\n            exception_class = MoveTargetOutOfBoundsException\n        elif status in ErrorCode.JAVASCRIPT_ERROR:\n            exception_class = JavascriptException\n        elif status in ErrorCode.SESSION_NOT_CREATED:\n            exception_class = SessionNotCreatedException\n        elif status in ErrorCode.INVALID_ARGUMENT:\n            exception_class = InvalidArgumentException\n        elif status in ErrorCode.NO_SUCH_COOKIE:\n            exception_class = NoSuchCookieException\n        elif status in ErrorCode.UNABLE_TO_CAPTURE_SCREEN:\n            exception_class = ScreenshotException\n        elif status in ErrorCode.ELEMENT_CLICK_INTERCEPTED:\n            exception_class = ElementClickInterceptedException\n        elif status in ErrorCode.INSECURE_CERTIFICATE:\n            exception_class = InsecureCertificateException\n        elif status in ErrorCode.INVALID_COORDINATES:\n            exception_class = InvalidCoordinatesException\n        elif status in ErrorCode.INVALID_SESSION_ID:\n            exception_class = InvalidSessionIdException\n        elif status in ErrorCode.UNKNOWN_METHOD:\n            exception_class = UnknownMethodException\n        else:\n            exception_class = WebDriverException\n        if not value:\n            value = response[\"value\"]\n        if isinstance(value, str):\n            raise exception_class(value)\n        if message == \"\" and \"message\" in value:\n            message = value[\"message\"]\n    \n        screen = None  # type: ignore[assignment]\n        if \"screen\" in value:\n            screen = value[\"screen\"]\n    \n        stacktrace = None\n        st_value = value.get(\"stackTrace\") or value.get(\"stacktrace\")\n        if st_value:\n            if isinstance(st_value, str):\n                stacktrace = st_value.split(\"\\n\")\n            else:\n                stacktrace = []\n                try:\n                    for frame in st_value:\n                        line = frame.get(\"lineNumber\", \"\")\n                        file = frame.get(\"fileName\", \"<anonymous>\")\n                        if line:\n                            file = f\"{file}:{line}\"\n                        meth = frame.get(\"methodName\", \"<anonymous>\")\n                        if \"className\" in frame:\n                            meth = f\"{frame['className']}.{meth}\"\n                        msg = \"    at %s (%s)\"\n                        msg = msg % (meth, file)\n                        stacktrace.append(msg)\n                except TypeError:\n                    pass\n        if exception_class == UnexpectedAlertPresentException:\n            alert_text = None\n            if \"data\" in value:\n                alert_text = value[\"data\"].get(\"text\")\n            elif \"alert\" in value:\n                alert_text = value[\"alert\"].get(\"text\")\n            raise exception_class(message, screen, stacktrace, alert_text)  # type: ignore[call-arg]  # mypy is not smart enough here\n>       raise exception_class(message, screen, stacktrace)\nE       selenium.common.exceptions.NoSuchElementException: Message: no such element: Unable to locate element: {\"method\":\"xpath\",\"selector\":\"(//a[@class='add-to-cart yellow-btn'])[1]\"}\nE         (Session info: headless chrome=117.0.5938.149); For documentation on this error, please visit: https://www.selenium.dev/documentation/webdriver/troubleshooting/errors#no-such-element-exception\nE       Stacktrace:\nE       #0 0x558210ea5933 <unknown>\nE       #1 0x558210b7f6f7 <unknown>\nE       #2 0x558210bc6aa6 <unknown>\nE       #3 0x558210bc6b91 <unknown>\nE       #4 0x558210c03fc4 <unknown>\nE       #5 0x558210be862d <unknown>\nE       #6 0x558210c01857 <unknown>\nE       #7 0x558210be83d3 <unknown>\nE       #8 0x558210bbae64 <unknown>\nE       #9 0x558210bbbc4e <unknown>\nE       #10 0x558210e6b558 <unknown>\nE       #11 0x558210e6f4a0 <unknown>\nE       #12 0x558210e7997c <unknown>\nE       #13 0x558210e700b8 <unknown>\nE       #14 0x558210e3bcdf <unknown>\nE       #15 0x558210e94048 <unknown>\nE       #16 0x558210e94219 <unknown>\nE       #17 0x558210ea4ac3 <unknown>\nE       #18 0x7fae93a25044 <unknown>\n\n/usr/local/lib/python3.11/site-packages/selenium/webdriver/remote/errorhandler.py:245: NoSuchElementException","steps":[{"name":"Добавляем товар в корзину в количестве 333","time":{"start":1696640914527,"stop":1696640914542,"duration":15},"status":"broken","statusMessage":"selenium.common.exceptions.NoSuchElementException: Message: no such element: Unable to locate element: {\"method\":\"xpath\",\"selector\":\"(//a[@class='add-to-cart yellow-btn'])[1]\"}\n  (Session info: headless chrome=117.0.5938.149); For documentation on this error, please visit: https://www.selenium.dev/documentation/webdriver/troubleshooting/errors#no-such-element-exception\nStacktrace:\n#0 0x558210ea5933 <unknown>\n#1 0x558210b7f6f7 <unknown>\n#2 0x558210bc6aa6 <unknown>\n#3 0x558210bc6b91 <unknown>\n#4 0x558210c03fc4 <unknown>\n#5 0x558210be862d <unknown>\n#6 0x558210c01857 <unknown>\n#7 0x558210be83d3 <unknown>\n#8 0x558210bbae64 <unknown>\n#9 0x558210bbbc4e <unknown>\n#10 0x558210e6b558 <unknown>\n#11 0x558210e6f4a0 <unknown>\n#12 0x558210e7997c <unknown>\n#13 0x558210e700b8 <unknown>\n#14 0x558210e3bcdf <unknown>\n#15 0x558210e94048 <unknown>\n#16 0x558210e94219 <unknown>\n#17 0x558210ea4ac3 <unknown>\n#18 0x7fae93a25044 <unknown>\n\n","statusTrace":"  File \"/usr/local/lib/python3.11/site-packages/allure_commons/_allure.py\", line 192, in impl\n    return func(*a, **kw)\n           ^^^^^^^^^^^^^^\n  File \"/app/pages/item_page.py\", line 40, in add_item_to_cart\n    self.find_element(self._add_item).click()\n    ^^^^^^^^^^^^^^^^^^^^^^^^^^^^^^^^^\n  File \"/app/base/seleniumbase.py\", line 17, in find_element\n    return self.driver.find_element(*locator)\n           ^^^^^^^^^^^^^^^^^^^^^^^^^^^^^^^^^^\n  File \"/usr/local/lib/python3.11/site-packages/selenium/webdriver/remote/webdriver.py\", line 740, in find_element\n    return self.execute(Command.FIND_ELEMENT, {\"using\": by, \"value\": value})[\"value\"]\n           ^^^^^^^^^^^^^^^^^^^^^^^^^^^^^^^^^^^^^^^^^^^^^^^^^^^^^^^^^^^^^^^^^\n  File \"/usr/local/lib/python3.11/site-packages/selenium/webdriver/remote/webdriver.py\", line 346, in execute\n    self.error_handler.check_response(response)\n  File \"/usr/local/lib/python3.11/site-packages/selenium/webdriver/remote/errorhandler.py\", line 245, in check_response\n    raise exception_class(message, screen, stacktrace)\n","steps":[],"attachments":[],"parameters":[{"name":"amount","value":"333"}],"shouldDisplayMessage":true,"stepsCount":0,"attachmentsCount":0,"hasContent":true}],"attachments":[{"uid":"4ed5d0e6453b9d4a","name":"Screenshot","source":"4ed5d0e6453b9d4a.png","type":"image/png","size":39917},{"uid":"46fd225e65effccb","name":"HTML source","source":"46fd225e65effccb.html","type":"text/html","size":544}],"parameters":[],"shouldDisplayMessage":true,"stepsCount":1,"attachmentsCount":2,"hasContent":true},"afterStages":[{"name":"setup::0","time":{"start":1696640914679,"stop":1696640914679,"duration":0},"status":"passed","steps":[],"attachments":[],"parameters":[],"shouldDisplayMessage":false,"stepsCount":0,"attachmentsCount":0,"hasContent":false},{"name":"driver::0","time":{"start":1696640914680,"stop":1696640914736,"duration":56},"status":"passed","steps":[],"attachments":[],"parameters":[],"shouldDisplayMessage":false,"stepsCount":0,"attachmentsCount":0,"hasContent":false}],"labels":[{"name":"epic","value":"Delivery Page - calculation"},{"name":"tag","value":"smoke"},{"name":"parentSuite","value":"tests.delivery"},{"name":"suite","value":"test_delivery_calculation"},{"name":"subSuite","value":"TestDeliveryPageCalculation"},{"name":"host","value":"45ffc8978d87"},{"name":"thread","value":"1-MainThread"},{"name":"framework","value":"pytest"},{"name":"language","value":"cpython3"},{"name":"package","value":"tests.delivery.test_delivery_calculation"},{"name":"resultFormat","value":"allure2"}],"parameters":[{"name":"all_time","value":"12500"},{"name":"amount","value":"333"},{"name":"case_id","value":"'TD 012'"},{"name":"in_time","value":"11990"},{"name":"link_item","value":"'products/shtukaturka-gipsovaya-aksolit-m50-30-kg-mashinnogo-naneseniya'"},{"name":"standard","value":"4450"},{"name":"url","value":"'https://sandboxtest.stroyrem-nn.ru/'"},{"name":"weight","value":"10000"}],"links":[],"hidden":false,"retry":false,"extra":{"severity":"normal","retries":[],"categories":[{"name":"Test defects","matchedStatuses":[],"flaky":false}],"history":{"statistic":{"failed":0,"broken":38,"skipped":0,"passed":0,"unknown":0,"total":38},"items":[{"uid":"af0c5d7e16475bd6","reportUrl":"https://zaelcovsky.github.io/StroyremAutomation/101//#testresult/af0c5d7e16475bd6","status":"broken","statusDetails":"selenium.common.exceptions.NoSuchElementException: Message: no such element: Unable to locate element: {\"method\":\"xpath\",\"selector\":\"(//a[@class='add-to-cart yellow-btn'])[1]\"}\n  (Session info: headless chrome=117.0.5938.149); For documentation on this error, please visit: https://www.selenium.dev/documentation/webdriver/troubleshooting/errors#no-such-element-exception\nStacktrace:\n#0 0x564323515933 <unknown>\n#1 0x5643231ef6f7 <unknown>\n#2 0x564323236aa6 <unknown>\n#3 0x564323236b91 <unknown>\n#4 0x564323273fc4 <unknown>\n#5 0x56432325862d <unknown>\n#6 0x564323271857 <unknown>\n#7 0x5643232583d3 <unknown>\n#8 0x56432322ae64 <unknown>\n#9 0x56432322bc4e <unknown>\n#10 0x5643234db558 <unknown>\n#11 0x5643234df4a0 <unknown>\n#12 0x5643234e997c <unknown>\n#13 0x5643234e00b8 <unknown>\n#14 0x5643234abcdf <unknown>\n#15 0x564323504048 <unknown>\n#16 0x564323504219 <unknown>\n#17 0x564323514ac3 <unknown>\n#18 0x7f3c3759d044 <unknown>","time":{"start":1696554519923,"stop":1696554520405,"duration":482}},{"uid":"91c4785b788fa439","reportUrl":"https://zaelcovsky.github.io/StroyremAutomation/100//#testresult/91c4785b788fa439","status":"broken","statusDetails":"selenium.common.exceptions.NoSuchElementException: Message: no such element: Unable to locate element: {\"method\":\"xpath\",\"selector\":\"(//a[@class='add-to-cart yellow-btn'])[1]\"}\n  (Session info: headless chrome=117.0.5938.149); For documentation on this error, please visit: https://www.selenium.dev/documentation/webdriver/troubleshooting/errors#no-such-element-exception\nStacktrace:\n#0 0x557b4695e933 <unknown>\n#1 0x557b466386f7 <unknown>\n#2 0x557b4667faa6 <unknown>\n#3 0x557b4667fb91 <unknown>\n#4 0x557b466bcfc4 <unknown>\n#5 0x557b466a162d <unknown>\n#6 0x557b466ba857 <unknown>\n#7 0x557b466a13d3 <unknown>\n#8 0x557b46673e64 <unknown>\n#9 0x557b46674c4e <unknown>\n#10 0x557b46924558 <unknown>\n#11 0x557b469284a0 <unknown>\n#12 0x557b4693297c <unknown>\n#13 0x557b469290b8 <unknown>\n#14 0x557b468f4cdf <unknown>\n#15 0x557b4694d048 <unknown>\n#16 0x557b4694d219 <unknown>\n#17 0x557b4695dac3 <unknown>\n#18 0x7f99c345c044 <unknown>","time":{"start":1696468348979,"stop":1696468349672,"duration":693}},{"uid":"d8473066767dfbb2","reportUrl":"https://zaelcovsky.github.io/StroyremAutomation/99//#testresult/d8473066767dfbb2","status":"broken","statusDetails":"selenium.common.exceptions.NoSuchElementException: Message: no such element: Unable to locate element: {\"method\":\"xpath\",\"selector\":\"(//a[@class='add-to-cart yellow-btn'])[1]\"}\n  (Session info: headless chrome=117.0.5938.92); For documentation on this error, please visit: https://www.selenium.dev/documentation/webdriver/troubleshooting/errors#no-such-element-exception\nStacktrace:\n#0 0x55e3de0f06b3 <unknown>\n#1 0x55e3dddc61e7 <unknown>\n#2 0x55e3dde0d566 <unknown>\n#3 0x55e3dde0d651 <unknown>\n#4 0x55e3dde4aa74 <unknown>\n#5 0x55e3dde2f0ed <unknown>\n#6 0x55e3dde48322 <unknown>\n#7 0x55e3dde2ee93 <unknown>\n#8 0x55e3dde01934 <unknown>\n#9 0x55e3dde0271e <unknown>\n#10 0x55e3de0b5cb8 <unknown>\n#11 0x55e3de0b9bf0 <unknown>\n#12 0x55e3de0c419c <unknown>\n#13 0x55e3de0ba808 <unknown>\n#14 0x55e3de08727f <unknown>\n#15 0x55e3de0dee88 <unknown>\n#16 0x55e3de0df059 <unknown>\n#17 0x55e3de0ef843 <unknown>\n#18 0x7fe9432dc044 <unknown>","time":{"start":1696381807465,"stop":1696381807976,"duration":511}},{"uid":"7a106b93946662cd","reportUrl":"https://zaelcovsky.github.io/StroyremAutomation/98//#testresult/7a106b93946662cd","status":"broken","statusDetails":"selenium.common.exceptions.NoSuchElementException: Message: no such element: Unable to locate element: {\"method\":\"xpath\",\"selector\":\"(//a[@class='add-to-cart yellow-btn'])[1]\"}\n  (Session info: headless chrome=117.0.5938.92); For documentation on this error, please visit: https://www.selenium.dev/documentation/webdriver/troubleshooting/errors#no-such-element-exception\nStacktrace:\n#0 0x55d2d129c6b3 <unknown>\n#1 0x55d2d0f721e7 <unknown>\n#2 0x55d2d0fb9566 <unknown>\n#3 0x55d2d0fb9651 <unknown>\n#4 0x55d2d0ff6a74 <unknown>\n#5 0x55d2d0fdb0ed <unknown>\n#6 0x55d2d0ff4322 <unknown>\n#7 0x55d2d0fdae93 <unknown>\n#8 0x55d2d0fad934 <unknown>\n#9 0x55d2d0fae71e <unknown>\n#10 0x55d2d1261cb8 <unknown>\n#11 0x55d2d1265bf0 <unknown>\n#12 0x55d2d127019c <unknown>\n#13 0x55d2d1266808 <unknown>\n#14 0x55d2d123327f <unknown>\n#15 0x55d2d128ae88 <unknown>\n#16 0x55d2d128b059 <unknown>\n#17 0x55d2d129b843 <unknown>\n#18 0x7fc27f88f044 <unknown>","time":{"start":1696295397379,"stop":1696295398043,"duration":664}},{"uid":"f6b818ad8d552fa","reportUrl":"https://zaelcovsky.github.io/StroyremAutomation/97//#testresult/f6b818ad8d552fa","status":"broken","statusDetails":"selenium.common.exceptions.NoSuchElementException: Message: no such element: Unable to locate element: {\"method\":\"xpath\",\"selector\":\"(//a[@class='add-to-cart yellow-btn'])[1]\"}\n  (Session info: headless chrome=117.0.5938.92); For documentation on this error, please visit: https://www.selenium.dev/documentation/webdriver/troubleshooting/errors#no-such-element-exception\nStacktrace:\n#0 0x55a9c2bf06b3 <unknown>\n#1 0x55a9c28c61e7 <unknown>\n#2 0x55a9c290d566 <unknown>\n#3 0x55a9c290d651 <unknown>\n#4 0x55a9c294aa74 <unknown>\n#5 0x55a9c292f0ed <unknown>\n#6 0x55a9c2948322 <unknown>\n#7 0x55a9c292ee93 <unknown>\n#8 0x55a9c2901934 <unknown>\n#9 0x55a9c290271e <unknown>\n#10 0x55a9c2bb5cb8 <unknown>\n#11 0x55a9c2bb9bf0 <unknown>\n#12 0x55a9c2bc419c <unknown>\n#13 0x55a9c2bba808 <unknown>\n#14 0x55a9c2b8727f <unknown>\n#15 0x55a9c2bdee88 <unknown>\n#16 0x55a9c2bdf059 <unknown>\n#17 0x55a9c2bef843 <unknown>\n#18 0x7f933e67d044 <unknown>","time":{"start":1696208968277,"stop":1696208968762,"duration":485}},{"uid":"57beeccc18374f92","reportUrl":"https://zaelcovsky.github.io/StroyremAutomation/96//#testresult/57beeccc18374f92","status":"broken","statusDetails":"selenium.common.exceptions.NoSuchElementException: Message: no such element: Unable to locate element: {\"method\":\"xpath\",\"selector\":\"(//a[@class='add-to-cart yellow-btn'])[1]\"}\n  (Session info: headless chrome=117.0.5938.92); For documentation on this error, please visit: https://www.selenium.dev/documentation/webdriver/troubleshooting/errors#no-such-element-exception\nStacktrace:\n#0 0x55f061a326b3 <unknown>\n#1 0x55f0617081e7 <unknown>\n#2 0x55f06174f566 <unknown>\n#3 0x55f06174f651 <unknown>\n#4 0x55f06178ca74 <unknown>\n#5 0x55f0617710ed <unknown>\n#6 0x55f06178a322 <unknown>\n#7 0x55f061770e93 <unknown>\n#8 0x55f061743934 <unknown>\n#9 0x55f06174471e <unknown>\n#10 0x55f0619f7cb8 <unknown>\n#11 0x55f0619fbbf0 <unknown>\n#12 0x55f061a0619c <unknown>\n#13 0x55f0619fc808 <unknown>\n#14 0x55f0619c927f <unknown>\n#15 0x55f061a20e88 <unknown>\n#16 0x55f061a21059 <unknown>\n#17 0x55f061a31843 <unknown>\n#18 0x7f7bb2d10044 <unknown>","time":{"start":1696123018730,"stop":1696123019367,"duration":637}},{"uid":"8bc1b22b43d73e81","reportUrl":"https://zaelcovsky.github.io/StroyremAutomation/95//#testresult/8bc1b22b43d73e81","status":"broken","statusDetails":"selenium.common.exceptions.NoSuchElementException: Message: no such element: Unable to locate element: {\"method\":\"xpath\",\"selector\":\"(//a[@class='add-to-cart yellow-btn'])[1]\"}\n  (Session info: headless chrome=117.0.5938.92); For documentation on this error, please visit: https://www.selenium.dev/documentation/webdriver/troubleshooting/errors#no-such-element-exception\nStacktrace:\n#0 0x560ddec9e6b3 <unknown>\n#1 0x560dde9741e7 <unknown>\n#2 0x560dde9bb566 <unknown>\n#3 0x560dde9bb651 <unknown>\n#4 0x560dde9f8a74 <unknown>\n#5 0x560dde9dd0ed <unknown>\n#6 0x560dde9f6322 <unknown>\n#7 0x560dde9dce93 <unknown>\n#8 0x560dde9af934 <unknown>\n#9 0x560dde9b071e <unknown>\n#10 0x560ddec63cb8 <unknown>\n#11 0x560ddec67bf0 <unknown>\n#12 0x560ddec7219c <unknown>\n#13 0x560ddec68808 <unknown>\n#14 0x560ddec3527f <unknown>\n#15 0x560ddec8ce88 <unknown>\n#16 0x560ddec8d059 <unknown>\n#17 0x560ddec9d843 <unknown>\n#18 0x7fdc0f4f9044 <unknown>","time":{"start":1696035950303,"stop":1696035950719,"duration":416}},{"uid":"c10d19d0a4ca7ffd","reportUrl":"https://zaelcovsky.github.io/StroyremAutomation/94//#testresult/c10d19d0a4ca7ffd","status":"broken","statusDetails":"selenium.common.exceptions.NoSuchElementException: Message: no such element: Unable to locate element: {\"method\":\"xpath\",\"selector\":\"(//a[@class='add-to-cart yellow-btn'])[1]\"}\n  (Session info: headless chrome=117.0.5938.92); For documentation on this error, please visit: https://www.selenium.dev/documentation/webdriver/troubleshooting/errors#no-such-element-exception\nStacktrace:\n#0 0x560dd87686b3 <unknown>\n#1 0x560dd843e1e7 <unknown>\n#2 0x560dd8485566 <unknown>\n#3 0x560dd8485651 <unknown>\n#4 0x560dd84c2a74 <unknown>\n#5 0x560dd84a70ed <unknown>\n#6 0x560dd84c0322 <unknown>\n#7 0x560dd84a6e93 <unknown>\n#8 0x560dd8479934 <unknown>\n#9 0x560dd847a71e <unknown>\n#10 0x560dd872dcb8 <unknown>\n#11 0x560dd8731bf0 <unknown>\n#12 0x560dd873c19c <unknown>\n#13 0x560dd8732808 <unknown>\n#14 0x560dd86ff27f <unknown>\n#15 0x560dd8756e88 <unknown>\n#16 0x560dd8757059 <unknown>\n#17 0x560dd8767843 <unknown>\n#18 0x7f98f82c2044 <unknown>","time":{"start":1695949637355,"stop":1695949637894,"duration":539}},{"uid":"49c2d504ab74464a","reportUrl":"https://zaelcovsky.github.io/StroyremAutomation/93//#testresult/49c2d504ab74464a","status":"broken","statusDetails":"selenium.common.exceptions.NoSuchElementException: Message: no such element: Unable to locate element: {\"method\":\"xpath\",\"selector\":\"(//a[@class='add-to-cart yellow-btn'])[1]\"}\n  (Session info: headless chrome=117.0.5938.92); For documentation on this error, please visit: https://www.selenium.dev/documentation/webdriver/troubleshooting/errors#no-such-element-exception\nStacktrace:\n#0 0x5594cb1516b3 <unknown>\n#1 0x5594cae271e7 <unknown>\n#2 0x5594cae6e566 <unknown>\n#3 0x5594cae6e651 <unknown>\n#4 0x5594caeaba74 <unknown>\n#5 0x5594cae900ed <unknown>\n#6 0x5594caea9322 <unknown>\n#7 0x5594cae8fe93 <unknown>\n#8 0x5594cae62934 <unknown>\n#9 0x5594cae6371e <unknown>\n#10 0x5594cb116cb8 <unknown>\n#11 0x5594cb11abf0 <unknown>\n#12 0x5594cb12519c <unknown>\n#13 0x5594cb11b808 <unknown>\n#14 0x5594cb0e827f <unknown>\n#15 0x5594cb13fe88 <unknown>\n#16 0x5594cb140059 <unknown>\n#17 0x5594cb150843 <unknown>\n#18 0x7f7e36fd2044 <unknown>","time":{"start":1695863227000,"stop":1695863227441,"duration":441}},{"uid":"a5c53bdc4b062f62","reportUrl":"https://zaelcovsky.github.io/StroyremAutomation/92//#testresult/a5c53bdc4b062f62","status":"broken","statusDetails":"selenium.common.exceptions.ElementNotInteractableException: Message: element not interactable\n  (Session info: headless chrome=117.0.5938.92)\nStacktrace:\n#0 0x55cb8d9d46b3 <unknown>\n#1 0x55cb8d6aa036 <unknown>\n#2 0x55cb8d6e8c1d <unknown>\n#3 0x55cb8d7130c2 <unknown>\n#4 0x55cb8d6e6f16 <unknown>\n#5 0x55cb8d71328e <unknown>\n#6 0x55cb8d72c322 <unknown>\n#7 0x55cb8d712e93 <unknown>\n#8 0x55cb8d6e5934 <unknown>\n#9 0x55cb8d6e671e <unknown>\n#10 0x55cb8d999cb8 <unknown>\n#11 0x55cb8d99dbf0 <unknown>\n#12 0x55cb8d9a819c <unknown>\n#13 0x55cb8d99e808 <unknown>\n#14 0x55cb8d96b27f <unknown>\n#15 0x55cb8d9c2e88 <unknown>\n#16 0x55cb8d9c3059 <unknown>\n#17 0x55cb8d9d3843 <unknown>\n#18 0x7fa548a5c044 <unknown>","time":{"start":1695777015864,"stop":1695777022003,"duration":6139}},{"uid":"6d8339bc574401db","reportUrl":"https://zaelcovsky.github.io/StroyremAutomation/91//#testresult/6d8339bc574401db","status":"broken","statusDetails":"selenium.common.exceptions.NoSuchElementException: Message: no such element: Unable to locate element: {\"method\":\"xpath\",\"selector\":\"(//a[@class='add-to-cart yellow-btn'])[1]\"}\n  (Session info: headless chrome=117.0.5938.92); For documentation on this error, please visit: https://www.selenium.dev/documentation/webdriver/troubleshooting/errors#no-such-element-exception\nStacktrace:\n#0 0x55bc9ed076b3 <unknown>\n#1 0x55bc9e9dd1e7 <unknown>\n#2 0x55bc9ea24566 <unknown>\n#3 0x55bc9ea24651 <unknown>\n#4 0x55bc9ea61a74 <unknown>\n#5 0x55bc9ea460ed <unknown>\n#6 0x55bc9ea5f322 <unknown>\n#7 0x55bc9ea45e93 <unknown>\n#8 0x55bc9ea18934 <unknown>\n#9 0x55bc9ea1971e <unknown>\n#10 0x55bc9eccccb8 <unknown>\n#11 0x55bc9ecd0bf0 <unknown>\n#12 0x55bc9ecdb19c <unknown>\n#13 0x55bc9ecd1808 <unknown>\n#14 0x55bc9ec9e27f <unknown>\n#15 0x55bc9ecf5e88 <unknown>\n#16 0x55bc9ecf6059 <unknown>\n#17 0x55bc9ed06843 <unknown>\n#18 0x7fde9aa5a044 <unknown>","time":{"start":1695690673389,"stop":1695690674247,"duration":858}},{"uid":"c065f63d4013e734","reportUrl":"https://zaelcovsky.github.io/StroyremAutomation/90//#testresult/c065f63d4013e734","status":"broken","statusDetails":"selenium.common.exceptions.NoSuchElementException: Message: no such element: Unable to locate element: {\"method\":\"xpath\",\"selector\":\"(//a[@class='add-to-cart yellow-btn'])[1]\"}\n  (Session info: headless chrome=117.0.5938.92); For documentation on this error, please visit: https://www.selenium.dev/documentation/webdriver/troubleshooting/errors#no-such-element-exception\nStacktrace:\n#0 0x55f26b5546b3 <unknown>\n#1 0x55f26b22a1e7 <unknown>\n#2 0x55f26b271566 <unknown>\n#3 0x55f26b271651 <unknown>\n#4 0x55f26b2aea74 <unknown>\n#5 0x55f26b2930ed <unknown>\n#6 0x55f26b2ac322 <unknown>\n#7 0x55f26b292e93 <unknown>\n#8 0x55f26b265934 <unknown>\n#9 0x55f26b26671e <unknown>\n#10 0x55f26b519cb8 <unknown>\n#11 0x55f26b51dbf0 <unknown>\n#12 0x55f26b52819c <unknown>\n#13 0x55f26b51e808 <unknown>\n#14 0x55f26b4eb27f <unknown>\n#15 0x55f26b542e88 <unknown>\n#16 0x55f26b543059 <unknown>\n#17 0x55f26b553843 <unknown>\n#18 0x7f538c281044 <unknown>","time":{"start":1695604066809,"stop":1695604067347,"duration":538}},{"uid":"41e6bc3a93dd586d","reportUrl":"https://zaelcovsky.github.io/StroyremAutomation/89//#testresult/41e6bc3a93dd586d","status":"broken","statusDetails":"selenium.common.exceptions.NoSuchElementException: Message: no such element: Unable to locate element: {\"method\":\"xpath\",\"selector\":\"(//a[@class='add-to-cart yellow-btn'])[1]\"}\n  (Session info: headless chrome=117.0.5938.92); For documentation on this error, please visit: https://www.selenium.dev/documentation/webdriver/troubleshooting/errors#no-such-element-exception\nStacktrace:\n#0 0x55b39d7d66b3 <unknown>\n#1 0x55b39d4ac1e7 <unknown>\n#2 0x55b39d4f3566 <unknown>\n#3 0x55b39d4f3651 <unknown>\n#4 0x55b39d530a74 <unknown>\n#5 0x55b39d5150ed <unknown>\n#6 0x55b39d52e322 <unknown>\n#7 0x55b39d514e93 <unknown>\n#8 0x55b39d4e7934 <unknown>\n#9 0x55b39d4e871e <unknown>\n#10 0x55b39d79bcb8 <unknown>\n#11 0x55b39d79fbf0 <unknown>\n#12 0x55b39d7aa19c <unknown>\n#13 0x55b39d7a0808 <unknown>\n#14 0x55b39d76d27f <unknown>\n#15 0x55b39d7c4e88 <unknown>\n#16 0x55b39d7c5059 <unknown>\n#17 0x55b39d7d5843 <unknown>\n#18 0x7f01ec00b044 <unknown>","time":{"start":1695517895946,"stop":1695517896692,"duration":746}},{"uid":"904aa17d3c2229ed","reportUrl":"https://zaelcovsky.github.io/StroyremAutomation/88//#testresult/904aa17d3c2229ed","status":"broken","statusDetails":"selenium.common.exceptions.NoSuchElementException: Message: no such element: Unable to locate element: {\"method\":\"xpath\",\"selector\":\"(//a[@class='add-to-cart yellow-btn'])[1]\"}\n  (Session info: headless chrome=117.0.5938.92); For documentation on this error, please visit: https://www.selenium.dev/documentation/webdriver/troubleshooting/errors#no-such-element-exception\nStacktrace:\n#0 0x562a2d25e6b3 <unknown>\n#1 0x562a2cf341e7 <unknown>\n#2 0x562a2cf7b566 <unknown>\n#3 0x562a2cf7b651 <unknown>\n#4 0x562a2cfb8a74 <unknown>\n#5 0x562a2cf9d0ed <unknown>\n#6 0x562a2cfb6322 <unknown>\n#7 0x562a2cf9ce93 <unknown>\n#8 0x562a2cf6f934 <unknown>\n#9 0x562a2cf7071e <unknown>\n#10 0x562a2d223cb8 <unknown>\n#11 0x562a2d227bf0 <unknown>\n#12 0x562a2d23219c <unknown>\n#13 0x562a2d228808 <unknown>\n#14 0x562a2d1f527f <unknown>\n#15 0x562a2d24ce88 <unknown>\n#16 0x562a2d24d059 <unknown>\n#17 0x562a2d25d843 <unknown>\n#18 0x7f7226166044 <unknown>","time":{"start":1695431240884,"stop":1695431241540,"duration":656}},{"uid":"ece75924a7cacd40","reportUrl":"https://zaelcovsky.github.io/StroyremAutomation/87//#testresult/ece75924a7cacd40","status":"broken","statusDetails":"selenium.common.exceptions.NoSuchElementException: Message: no such element: Unable to locate element: {\"method\":\"xpath\",\"selector\":\"(//a[@class='add-to-cart yellow-btn'])[1]\"}\n  (Session info: headless chrome=117.0.5938.92); For documentation on this error, please visit: https://www.selenium.dev/documentation/webdriver/troubleshooting/errors#no-such-element-exception\nStacktrace:\n#0 0x560d680216b3 <unknown>\n#1 0x560d67cf71e7 <unknown>\n#2 0x560d67d3e566 <unknown>\n#3 0x560d67d3e651 <unknown>\n#4 0x560d67d7ba74 <unknown>\n#5 0x560d67d600ed <unknown>\n#6 0x560d67d79322 <unknown>\n#7 0x560d67d5fe93 <unknown>\n#8 0x560d67d32934 <unknown>\n#9 0x560d67d3371e <unknown>\n#10 0x560d67fe6cb8 <unknown>\n#11 0x560d67feabf0 <unknown>\n#12 0x560d67ff519c <unknown>\n#13 0x560d67feb808 <unknown>\n#14 0x560d67fb827f <unknown>\n#15 0x560d6800fe88 <unknown>\n#16 0x560d68010059 <unknown>\n#17 0x560d68020843 <unknown>\n#18 0x7fcf66ef1044 <unknown>","time":{"start":1695344821546,"stop":1695344822112,"duration":566}},{"uid":"1c9b1ea581a0155a","reportUrl":"https://zaelcovsky.github.io/StroyremAutomation/86//#testresult/1c9b1ea581a0155a","status":"broken","statusDetails":"selenium.common.exceptions.NoSuchElementException: Message: no such element: Unable to locate element: {\"method\":\"xpath\",\"selector\":\"(//a[@class='add-to-cart yellow-btn'])[1]\"}\n  (Session info: headless chrome=117.0.5938.88); For documentation on this error, please visit: https://www.selenium.dev/documentation/webdriver/troubleshooting/errors#no-such-element-exception\nStacktrace:\n#0 0x55686ddaa6c3 <unknown>\n#1 0x55686da801e7 <unknown>\n#2 0x55686dac7566 <unknown>\n#3 0x55686dac7651 <unknown>\n#4 0x55686db04a74 <unknown>\n#5 0x55686dae90ed <unknown>\n#6 0x55686db02322 <unknown>\n#7 0x55686dae8e93 <unknown>\n#8 0x55686dabb934 <unknown>\n#9 0x55686dabc71e <unknown>\n#10 0x55686dd6fcc8 <unknown>\n#11 0x55686dd73c00 <unknown>\n#12 0x55686dd7e1ac <unknown>\n#13 0x55686dd74818 <unknown>\n#14 0x55686dd4128f <unknown>\n#15 0x55686dd98e98 <unknown>\n#16 0x55686dd99069 <unknown>\n#17 0x55686dda9853 <unknown>\n#18 0x7fef8d935044 <unknown>","time":{"start":1695258384987,"stop":1695258385486,"duration":499}},{"uid":"b95097391cf7764a","reportUrl":"https://zaelcovsky.github.io/StroyremAutomation/85//#testresult/b95097391cf7764a","status":"broken","statusDetails":"selenium.common.exceptions.ElementNotInteractableException: Message: element not interactable\n  (Session info: headless chrome=117.0.5938.88)\nStacktrace:\n#0 0x564e1b1c76c3 <unknown>\n#1 0x564e1ae9d036 <unknown>\n#2 0x564e1aedbc1d <unknown>\n#3 0x564e1af060c2 <unknown>\n#4 0x564e1aed9f16 <unknown>\n#5 0x564e1af0628e <unknown>\n#6 0x564e1af1f322 <unknown>\n#7 0x564e1af05e93 <unknown>\n#8 0x564e1aed8934 <unknown>\n#9 0x564e1aed971e <unknown>\n#10 0x564e1b18ccc8 <unknown>\n#11 0x564e1b190c00 <unknown>\n#12 0x564e1b19b1ac <unknown>\n#13 0x564e1b191818 <unknown>\n#14 0x564e1b15e28f <unknown>\n#15 0x564e1b1b5e98 <unknown>\n#16 0x564e1b1b6069 <unknown>\n#17 0x564e1b1c6853 <unknown>\n#18 0x7f4a49f9e044 <unknown>","time":{"start":1695172179951,"stop":1695172185902,"duration":5951}},{"uid":"d4ad3ec2de3533f","reportUrl":"https://zaelcovsky.github.io/StroyremAutomation/84//#testresult/d4ad3ec2de3533f","status":"broken","statusDetails":"selenium.common.exceptions.NoSuchElementException: Message: no such element: Unable to locate element: {\"method\":\"xpath\",\"selector\":\"(//a[@class='add-to-cart yellow-btn'])[1]\"}\n  (Session info: headless chrome=117.0.5938.88); For documentation on this error, please visit: https://www.selenium.dev/documentation/webdriver/troubleshooting/errors#no-such-element-exception\nStacktrace:\n#0 0x55f8bcbb96c3 <unknown>\n#1 0x55f8bc88f1e7 <unknown>\n#2 0x55f8bc8d6566 <unknown>\n#3 0x55f8bc8d6651 <unknown>\n#4 0x55f8bc913a74 <unknown>\n#5 0x55f8bc8f80ed <unknown>\n#6 0x55f8bc911322 <unknown>\n#7 0x55f8bc8f7e93 <unknown>\n#8 0x55f8bc8ca934 <unknown>\n#9 0x55f8bc8cb71e <unknown>\n#10 0x55f8bcb7ecc8 <unknown>\n#11 0x55f8bcb82c00 <unknown>\n#12 0x55f8bcb8d1ac <unknown>\n#13 0x55f8bcb83818 <unknown>\n#14 0x55f8bcb5028f <unknown>\n#15 0x55f8bcba7e98 <unknown>\n#16 0x55f8bcba8069 <unknown>\n#17 0x55f8bcbb8853 <unknown>\n#18 0x7f973dda0044 <unknown>","time":{"start":1695085766286,"stop":1695085766813,"duration":527}},{"uid":"336af02398fe32cf","reportUrl":"https://zaelcovsky.github.io/StroyremAutomation/83//#testresult/336af02398fe32cf","status":"broken","statusDetails":"selenium.common.exceptions.NoSuchElementException: Message: no such element: Unable to locate element: {\"method\":\"xpath\",\"selector\":\"(//a[@class='add-to-cart yellow-btn'])[1]\"}\n  (Session info: headless chrome=117.0.5938.88); For documentation on this error, please visit: https://www.selenium.dev/documentation/webdriver/troubleshooting/errors#no-such-element-exception\nStacktrace:\n#0 0x564c645ed6c3 <unknown>\n#1 0x564c642c31e7 <unknown>\n#2 0x564c6430a566 <unknown>\n#3 0x564c6430a651 <unknown>\n#4 0x564c64347a74 <unknown>\n#5 0x564c6432c0ed <unknown>\n#6 0x564c64345322 <unknown>\n#7 0x564c6432be93 <unknown>\n#8 0x564c642fe934 <unknown>\n#9 0x564c642ff71e <unknown>\n#10 0x564c645b2cc8 <unknown>\n#11 0x564c645b6c00 <unknown>\n#12 0x564c645c11ac <unknown>\n#13 0x564c645b7818 <unknown>\n#14 0x564c6458428f <unknown>\n#15 0x564c645dbe98 <unknown>\n#16 0x564c645dc069 <unknown>\n#17 0x564c645ec853 <unknown>\n#18 0x7f215e2fd044 <unknown>","time":{"start":1694999358241,"stop":1694999358902,"duration":661}},{"uid":"78f3c8ad73e55d27","reportUrl":"https://zaelcovsky.github.io/StroyremAutomation/82//#testresult/78f3c8ad73e55d27","status":"broken","statusDetails":"selenium.common.exceptions.NoSuchElementException: Message: no such element: Unable to locate element: {\"method\":\"xpath\",\"selector\":\"(//a[@class='add-to-cart yellow-btn'])[1]\"}\n  (Session info: headless chrome=117.0.5938.88); For documentation on this error, please visit: https://www.selenium.dev/documentation/webdriver/troubleshooting/errors#no-such-element-exception\nStacktrace:\n#0 0x55cd35cf96c3 <unknown>\n#1 0x55cd359cf1e7 <unknown>\n#2 0x55cd35a16566 <unknown>\n#3 0x55cd35a16651 <unknown>\n#4 0x55cd35a53a74 <unknown>\n#5 0x55cd35a380ed <unknown>\n#6 0x55cd35a51322 <unknown>\n#7 0x55cd35a37e93 <unknown>\n#8 0x55cd35a0a934 <unknown>\n#9 0x55cd35a0b71e <unknown>\n#10 0x55cd35cbecc8 <unknown>\n#11 0x55cd35cc2c00 <unknown>\n#12 0x55cd35ccd1ac <unknown>\n#13 0x55cd35cc3818 <unknown>\n#14 0x55cd35c9028f <unknown>\n#15 0x55cd35ce7e98 <unknown>\n#16 0x55cd35ce8069 <unknown>\n#17 0x55cd35cf8853 <unknown>\n#18 0x7f4557cbf044 <unknown>","time":{"start":1694913007728,"stop":1694913008183,"duration":455}}]},"tags":["smoke"]},"source":"2138aa4e4a22b36.json","parameterValues":["12500","333","'TD 012'","11990","'products/shtukaturka-gipsovaya-aksolit-m50-30-kg-mashinnogo-naneseniya'","4450","'https://sandboxtest.stroyrem-nn.ru/'","10000"]}