{"uid":"8d6a1241fd306e3d","name":"test_positive_delivery_green_zone_smoke[TD 003-products/shtukaturka-gipsovaya-aksolit-m50-30-kg-mashinnogo-naneseniya-8-300-400-1590-2190-https://sandboxtest.stroyrem-nn.ru/]","fullName":"tests.delivery.test_delivery_calculation.TestDeliveryPageCalculation#test_positive_delivery_green_zone_smoke","historyId":"239a587b1da1301f58068db5c0d7b1f1","time":{"start":1696640899049,"stop":1696640899624,"duration":575},"status":"broken","statusMessage":"selenium.common.exceptions.NoSuchElementException: Message: no such element: Unable to locate element: {\"method\":\"xpath\",\"selector\":\"(//a[@class='add-to-cart yellow-btn'])[1]\"}\n  (Session info: headless chrome=117.0.5938.149); For documentation on this error, please visit: https://www.selenium.dev/documentation/webdriver/troubleshooting/errors#no-such-element-exception\nStacktrace:\n#0 0x559c3bb44933 <unknown>\n#1 0x559c3b81e6f7 <unknown>\n#2 0x559c3b865aa6 <unknown>\n#3 0x559c3b865b91 <unknown>\n#4 0x559c3b8a2fc4 <unknown>\n#5 0x559c3b88762d <unknown>\n#6 0x559c3b8a0857 <unknown>\n#7 0x559c3b8873d3 <unknown>\n#8 0x559c3b859e64 <unknown>\n#9 0x559c3b85ac4e <unknown>\n#10 0x559c3bb0a558 <unknown>\n#11 0x559c3bb0e4a0 <unknown>\n#12 0x559c3bb1897c <unknown>\n#13 0x559c3bb0f0b8 <unknown>\n#14 0x559c3badacdf <unknown>\n#15 0x559c3bb33048 <unknown>\n#16 0x559c3bb33219 <unknown>\n#17 0x559c3bb43ac3 <unknown>\n#18 0x7fd1f2bcb044 <unknown>","statusTrace":"self = <tests.delivery.test_delivery_calculation.TestDeliveryPageCalculation object at 0x7f00b208e4d0>\ndriver = <selenium.webdriver.chrome.webdriver.WebDriver (session=\"54c484d6a00b155b1b43ec9272dec3d3\")>\nurl = 'https://sandboxtest.stroyrem-nn.ru/', case_id = 'TD 003'\nlink_item = 'products/shtukaturka-gipsovaya-aksolit-m50-30-kg-mashinnogo-naneseniya'\namount = 8, weight = 300, standard = 400, in_time = 1590, all_time = 2190\n\n    @pytest.mark.parametrize('case_id, link_item, amount, weight, standard, in_time, all_time', [\n        (\"TD 001\", uroven_3000, 1, 30, 0, 1590, 2190),\n        (\"TD 002\", bundeks_25, 1, 30, 400, 1590, 2190),\n        (\"TD 003\", aksolit_30, 8, 300, 400, 1590, 2190),\n        (\"TD 004\", aksolit_30, 13, 400, 450, 1590, 2190),\n        (\"TD 005\", aksolit_30, 16, 500, 600, 1590, 2190),\n        (\"TD 006\", aksolit_30, 25, 1700, 990, 1990, 2480),\n        (\"TD 007\", aksolit_30, 66, 2000, 1300, 2490, 2980),\n        (\"TD 008\", aksolit_30, 149, 4500, 2300, 3980, 4490),\n        (\"TD 009\", aksolit_30, 166, 5000, 2500, 4990, 5480),\n        pytest.param(\n            \"TD 010\", aksolit_30, 206, 6200, 2900, 5570, 6120,\n            marks=pytest.mark.xfail(reson=\"Цена доставки 3600 7960 8980\")\n        ),\n        (\"TD 011\", aksolit_30, 299, 9000, 3600, 7960, 8980),\n        (\"TD 012\", aksolit_30, 333, 10000, 4450, 11990, 12500),\n        pytest.param(\n            \"TD 013\", aksolit_30, 366, 11000, 4800, 12450, 13480,\n            marks=pytest.mark.xfail(reason=\"Цена стандартной доставки 4450\")\n        ),\n        pytest.param(\n            \"TD 014\", aksolit_30, 666, 20000, 5400, 15600, 17490,\n            marks=pytest.mark.xfail(reason=\"Цена стандартной доставки 4450\")\n        )\n    ])\n    @pytest.mark.smoke\n    def test_positive_delivery_green_zone_smoke(\n            self, driver, url, case_id, link_item, amount, weight, standard, in_time, all_time\n    ):\n    \n        driver.get(f'{url}{link_item}')\n        item_page = ItemPage(driver)\n>       item_page.add_item_to_cart(amount).click_on_cart()\n\ntests/delivery/test_delivery_calculation.py:49: \n_ _ _ _ _ _ _ _ _ _ _ _ _ _ _ _ _ _ _ _ _ _ _ _ _ _ _ _ _ _ _ _ _ _ _ _ _ _ _ _ \npages/item_page.py:40: in add_item_to_cart\n    self.find_element(self._add_item).click()\nbase/seleniumbase.py:17: in find_element\n    return self.driver.find_element(*locator)\n/usr/local/lib/python3.11/site-packages/selenium/webdriver/remote/webdriver.py:740: in find_element\n    return self.execute(Command.FIND_ELEMENT, {\"using\": by, \"value\": value})[\"value\"]\n/usr/local/lib/python3.11/site-packages/selenium/webdriver/remote/webdriver.py:346: in execute\n    self.error_handler.check_response(response)\n_ _ _ _ _ _ _ _ _ _ _ _ _ _ _ _ _ _ _ _ _ _ _ _ _ _ _ _ _ _ _ _ _ _ _ _ _ _ _ _ \n\nself = <selenium.webdriver.remote.errorhandler.ErrorHandler object at 0x7f00b2df4710>\nresponse = {'status': 404, 'value': '{\"value\":{\"error\":\"no such element\",\"message\":\"no such element: Unable to locate element: {\\...\\\\n#16 0x559c3bb33219 \\\\u003Cunknown>\\\\n#17 0x559c3bb43ac3 \\\\u003Cunknown>\\\\n#18 0x7fd1f2bcb044 \\\\u003Cunknown>\\\\n\"}}'}\n\n    def check_response(self, response: Dict[str, Any]) -> None:\n        \"\"\"Checks that a JSON response from the WebDriver does not have an\n        error.\n    \n        :Args:\n         - response - The JSON response from the WebDriver server as a dictionary\n           object.\n    \n        :Raises: If the response contains an error message.\n        \"\"\"\n        status = response.get(\"status\", None)\n        if not status or status == ErrorCode.SUCCESS:\n            return\n        value = None\n        message = response.get(\"message\", \"\")\n        screen: str = response.get(\"screen\", \"\")\n        stacktrace = None\n        if isinstance(status, int):\n            value_json = response.get(\"value\", None)\n            if value_json and isinstance(value_json, str):\n                import json\n    \n                try:\n                    value = json.loads(value_json)\n                    if len(value) == 1:\n                        value = value[\"value\"]\n                    status = value.get(\"error\", None)\n                    if not status:\n                        status = value.get(\"status\", ErrorCode.UNKNOWN_ERROR)\n                        message = value.get(\"value\") or value.get(\"message\")\n                        if not isinstance(message, str):\n                            value = message\n                            message = message.get(\"message\")\n                    else:\n                        message = value.get(\"message\", None)\n                except ValueError:\n                    pass\n    \n        exception_class: Type[WebDriverException]\n        if status in ErrorCode.NO_SUCH_ELEMENT:\n            exception_class = NoSuchElementException\n        elif status in ErrorCode.NO_SUCH_FRAME:\n            exception_class = NoSuchFrameException\n        elif status in ErrorCode.NO_SUCH_SHADOW_ROOT:\n            exception_class = NoSuchShadowRootException\n        elif status in ErrorCode.NO_SUCH_WINDOW:\n            exception_class = NoSuchWindowException\n        elif status in ErrorCode.STALE_ELEMENT_REFERENCE:\n            exception_class = StaleElementReferenceException\n        elif status in ErrorCode.ELEMENT_NOT_VISIBLE:\n            exception_class = ElementNotVisibleException\n        elif status in ErrorCode.INVALID_ELEMENT_STATE:\n            exception_class = InvalidElementStateException\n        elif (\n            status in ErrorCode.INVALID_SELECTOR\n            or status in ErrorCode.INVALID_XPATH_SELECTOR\n            or status in ErrorCode.INVALID_XPATH_SELECTOR_RETURN_TYPER\n        ):\n            exception_class = InvalidSelectorException\n        elif status in ErrorCode.ELEMENT_IS_NOT_SELECTABLE:\n            exception_class = ElementNotSelectableException\n        elif status in ErrorCode.ELEMENT_NOT_INTERACTABLE:\n            exception_class = ElementNotInteractableException\n        elif status in ErrorCode.INVALID_COOKIE_DOMAIN:\n            exception_class = InvalidCookieDomainException\n        elif status in ErrorCode.UNABLE_TO_SET_COOKIE:\n            exception_class = UnableToSetCookieException\n        elif status in ErrorCode.TIMEOUT:\n            exception_class = TimeoutException\n        elif status in ErrorCode.SCRIPT_TIMEOUT:\n            exception_class = TimeoutException\n        elif status in ErrorCode.UNKNOWN_ERROR:\n            exception_class = WebDriverException\n        elif status in ErrorCode.UNEXPECTED_ALERT_OPEN:\n            exception_class = UnexpectedAlertPresentException\n        elif status in ErrorCode.NO_ALERT_OPEN:\n            exception_class = NoAlertPresentException\n        elif status in ErrorCode.IME_NOT_AVAILABLE:\n            exception_class = ImeNotAvailableException\n        elif status in ErrorCode.IME_ENGINE_ACTIVATION_FAILED:\n            exception_class = ImeActivationFailedException\n        elif status in ErrorCode.MOVE_TARGET_OUT_OF_BOUNDS:\n            exception_class = MoveTargetOutOfBoundsException\n        elif status in ErrorCode.JAVASCRIPT_ERROR:\n            exception_class = JavascriptException\n        elif status in ErrorCode.SESSION_NOT_CREATED:\n            exception_class = SessionNotCreatedException\n        elif status in ErrorCode.INVALID_ARGUMENT:\n            exception_class = InvalidArgumentException\n        elif status in ErrorCode.NO_SUCH_COOKIE:\n            exception_class = NoSuchCookieException\n        elif status in ErrorCode.UNABLE_TO_CAPTURE_SCREEN:\n            exception_class = ScreenshotException\n        elif status in ErrorCode.ELEMENT_CLICK_INTERCEPTED:\n            exception_class = ElementClickInterceptedException\n        elif status in ErrorCode.INSECURE_CERTIFICATE:\n            exception_class = InsecureCertificateException\n        elif status in ErrorCode.INVALID_COORDINATES:\n            exception_class = InvalidCoordinatesException\n        elif status in ErrorCode.INVALID_SESSION_ID:\n            exception_class = InvalidSessionIdException\n        elif status in ErrorCode.UNKNOWN_METHOD:\n            exception_class = UnknownMethodException\n        else:\n            exception_class = WebDriverException\n        if not value:\n            value = response[\"value\"]\n        if isinstance(value, str):\n            raise exception_class(value)\n        if message == \"\" and \"message\" in value:\n            message = value[\"message\"]\n    \n        screen = None  # type: ignore[assignment]\n        if \"screen\" in value:\n            screen = value[\"screen\"]\n    \n        stacktrace = None\n        st_value = value.get(\"stackTrace\") or value.get(\"stacktrace\")\n        if st_value:\n            if isinstance(st_value, str):\n                stacktrace = st_value.split(\"\\n\")\n            else:\n                stacktrace = []\n                try:\n                    for frame in st_value:\n                        line = frame.get(\"lineNumber\", \"\")\n                        file = frame.get(\"fileName\", \"<anonymous>\")\n                        if line:\n                            file = f\"{file}:{line}\"\n                        meth = frame.get(\"methodName\", \"<anonymous>\")\n                        if \"className\" in frame:\n                            meth = f\"{frame['className']}.{meth}\"\n                        msg = \"    at %s (%s)\"\n                        msg = msg % (meth, file)\n                        stacktrace.append(msg)\n                except TypeError:\n                    pass\n        if exception_class == UnexpectedAlertPresentException:\n            alert_text = None\n            if \"data\" in value:\n                alert_text = value[\"data\"].get(\"text\")\n            elif \"alert\" in value:\n                alert_text = value[\"alert\"].get(\"text\")\n            raise exception_class(message, screen, stacktrace, alert_text)  # type: ignore[call-arg]  # mypy is not smart enough here\n>       raise exception_class(message, screen, stacktrace)\nE       selenium.common.exceptions.NoSuchElementException: Message: no such element: Unable to locate element: {\"method\":\"xpath\",\"selector\":\"(//a[@class='add-to-cart yellow-btn'])[1]\"}\nE         (Session info: headless chrome=117.0.5938.149); For documentation on this error, please visit: https://www.selenium.dev/documentation/webdriver/troubleshooting/errors#no-such-element-exception\nE       Stacktrace:\nE       #0 0x559c3bb44933 <unknown>\nE       #1 0x559c3b81e6f7 <unknown>\nE       #2 0x559c3b865aa6 <unknown>\nE       #3 0x559c3b865b91 <unknown>\nE       #4 0x559c3b8a2fc4 <unknown>\nE       #5 0x559c3b88762d <unknown>\nE       #6 0x559c3b8a0857 <unknown>\nE       #7 0x559c3b8873d3 <unknown>\nE       #8 0x559c3b859e64 <unknown>\nE       #9 0x559c3b85ac4e <unknown>\nE       #10 0x559c3bb0a558 <unknown>\nE       #11 0x559c3bb0e4a0 <unknown>\nE       #12 0x559c3bb1897c <unknown>\nE       #13 0x559c3bb0f0b8 <unknown>\nE       #14 0x559c3badacdf <unknown>\nE       #15 0x559c3bb33048 <unknown>\nE       #16 0x559c3bb33219 <unknown>\nE       #17 0x559c3bb43ac3 <unknown>\nE       #18 0x7fd1f2bcb044 <unknown>\n\n/usr/local/lib/python3.11/site-packages/selenium/webdriver/remote/errorhandler.py:245: NoSuchElementException","flaky":false,"newFailed":false,"newBroken":false,"newPassed":false,"retriesCount":0,"retriesStatusChange":false,"beforeStages":[{"name":"_session_faker","time":{"start":1696640423959,"stop":1696640424044,"duration":85},"status":"passed","steps":[],"attachments":[],"parameters":[],"shouldDisplayMessage":false,"stepsCount":0,"attachmentsCount":0,"hasContent":false},{"name":"clear_allure_results_folder","time":{"start":1696640424044,"stop":1696640424044,"duration":0},"status":"passed","steps":[],"attachments":[],"parameters":[],"shouldDisplayMessage":false,"stepsCount":0,"attachmentsCount":0,"hasContent":false},{"name":"driver","time":{"start":1696640898271,"stop":1696640899047,"duration":776},"status":"passed","steps":[],"attachments":[],"parameters":[],"shouldDisplayMessage":false,"stepsCount":0,"attachmentsCount":0,"hasContent":false},{"name":"setup","time":{"start":1696640899047,"stop":1696640899047,"duration":0},"status":"passed","steps":[],"attachments":[],"parameters":[],"shouldDisplayMessage":false,"stepsCount":0,"attachmentsCount":0,"hasContent":false}],"testStage":{"status":"broken","statusMessage":"selenium.common.exceptions.NoSuchElementException: Message: no such element: Unable to locate element: {\"method\":\"xpath\",\"selector\":\"(//a[@class='add-to-cart yellow-btn'])[1]\"}\n  (Session info: headless chrome=117.0.5938.149); For documentation on this error, please visit: https://www.selenium.dev/documentation/webdriver/troubleshooting/errors#no-such-element-exception\nStacktrace:\n#0 0x559c3bb44933 <unknown>\n#1 0x559c3b81e6f7 <unknown>\n#2 0x559c3b865aa6 <unknown>\n#3 0x559c3b865b91 <unknown>\n#4 0x559c3b8a2fc4 <unknown>\n#5 0x559c3b88762d <unknown>\n#6 0x559c3b8a0857 <unknown>\n#7 0x559c3b8873d3 <unknown>\n#8 0x559c3b859e64 <unknown>\n#9 0x559c3b85ac4e <unknown>\n#10 0x559c3bb0a558 <unknown>\n#11 0x559c3bb0e4a0 <unknown>\n#12 0x559c3bb1897c <unknown>\n#13 0x559c3bb0f0b8 <unknown>\n#14 0x559c3badacdf <unknown>\n#15 0x559c3bb33048 <unknown>\n#16 0x559c3bb33219 <unknown>\n#17 0x559c3bb43ac3 <unknown>\n#18 0x7fd1f2bcb044 <unknown>","statusTrace":"self = <tests.delivery.test_delivery_calculation.TestDeliveryPageCalculation object at 0x7f00b208e4d0>\ndriver = <selenium.webdriver.chrome.webdriver.WebDriver (session=\"54c484d6a00b155b1b43ec9272dec3d3\")>\nurl = 'https://sandboxtest.stroyrem-nn.ru/', case_id = 'TD 003'\nlink_item = 'products/shtukaturka-gipsovaya-aksolit-m50-30-kg-mashinnogo-naneseniya'\namount = 8, weight = 300, standard = 400, in_time = 1590, all_time = 2190\n\n    @pytest.mark.parametrize('case_id, link_item, amount, weight, standard, in_time, all_time', [\n        (\"TD 001\", uroven_3000, 1, 30, 0, 1590, 2190),\n        (\"TD 002\", bundeks_25, 1, 30, 400, 1590, 2190),\n        (\"TD 003\", aksolit_30, 8, 300, 400, 1590, 2190),\n        (\"TD 004\", aksolit_30, 13, 400, 450, 1590, 2190),\n        (\"TD 005\", aksolit_30, 16, 500, 600, 1590, 2190),\n        (\"TD 006\", aksolit_30, 25, 1700, 990, 1990, 2480),\n        (\"TD 007\", aksolit_30, 66, 2000, 1300, 2490, 2980),\n        (\"TD 008\", aksolit_30, 149, 4500, 2300, 3980, 4490),\n        (\"TD 009\", aksolit_30, 166, 5000, 2500, 4990, 5480),\n        pytest.param(\n            \"TD 010\", aksolit_30, 206, 6200, 2900, 5570, 6120,\n            marks=pytest.mark.xfail(reson=\"Цена доставки 3600 7960 8980\")\n        ),\n        (\"TD 011\", aksolit_30, 299, 9000, 3600, 7960, 8980),\n        (\"TD 012\", aksolit_30, 333, 10000, 4450, 11990, 12500),\n        pytest.param(\n            \"TD 013\", aksolit_30, 366, 11000, 4800, 12450, 13480,\n            marks=pytest.mark.xfail(reason=\"Цена стандартной доставки 4450\")\n        ),\n        pytest.param(\n            \"TD 014\", aksolit_30, 666, 20000, 5400, 15600, 17490,\n            marks=pytest.mark.xfail(reason=\"Цена стандартной доставки 4450\")\n        )\n    ])\n    @pytest.mark.smoke\n    def test_positive_delivery_green_zone_smoke(\n            self, driver, url, case_id, link_item, amount, weight, standard, in_time, all_time\n    ):\n    \n        driver.get(f'{url}{link_item}')\n        item_page = ItemPage(driver)\n>       item_page.add_item_to_cart(amount).click_on_cart()\n\ntests/delivery/test_delivery_calculation.py:49: \n_ _ _ _ _ _ _ _ _ _ _ _ _ _ _ _ _ _ _ _ _ _ _ _ _ _ _ _ _ _ _ _ _ _ _ _ _ _ _ _ \npages/item_page.py:40: in add_item_to_cart\n    self.find_element(self._add_item).click()\nbase/seleniumbase.py:17: in find_element\n    return self.driver.find_element(*locator)\n/usr/local/lib/python3.11/site-packages/selenium/webdriver/remote/webdriver.py:740: in find_element\n    return self.execute(Command.FIND_ELEMENT, {\"using\": by, \"value\": value})[\"value\"]\n/usr/local/lib/python3.11/site-packages/selenium/webdriver/remote/webdriver.py:346: in execute\n    self.error_handler.check_response(response)\n_ _ _ _ _ _ _ _ _ _ _ _ _ _ _ _ _ _ _ _ _ _ _ _ _ _ _ _ _ _ _ _ _ _ _ _ _ _ _ _ \n\nself = <selenium.webdriver.remote.errorhandler.ErrorHandler object at 0x7f00b2df4710>\nresponse = {'status': 404, 'value': '{\"value\":{\"error\":\"no such element\",\"message\":\"no such element: Unable to locate element: {\\...\\\\n#16 0x559c3bb33219 \\\\u003Cunknown>\\\\n#17 0x559c3bb43ac3 \\\\u003Cunknown>\\\\n#18 0x7fd1f2bcb044 \\\\u003Cunknown>\\\\n\"}}'}\n\n    def check_response(self, response: Dict[str, Any]) -> None:\n        \"\"\"Checks that a JSON response from the WebDriver does not have an\n        error.\n    \n        :Args:\n         - response - The JSON response from the WebDriver server as a dictionary\n           object.\n    \n        :Raises: If the response contains an error message.\n        \"\"\"\n        status = response.get(\"status\", None)\n        if not status or status == ErrorCode.SUCCESS:\n            return\n        value = None\n        message = response.get(\"message\", \"\")\n        screen: str = response.get(\"screen\", \"\")\n        stacktrace = None\n        if isinstance(status, int):\n            value_json = response.get(\"value\", None)\n            if value_json and isinstance(value_json, str):\n                import json\n    \n                try:\n                    value = json.loads(value_json)\n                    if len(value) == 1:\n                        value = value[\"value\"]\n                    status = value.get(\"error\", None)\n                    if not status:\n                        status = value.get(\"status\", ErrorCode.UNKNOWN_ERROR)\n                        message = value.get(\"value\") or value.get(\"message\")\n                        if not isinstance(message, str):\n                            value = message\n                            message = message.get(\"message\")\n                    else:\n                        message = value.get(\"message\", None)\n                except ValueError:\n                    pass\n    \n        exception_class: Type[WebDriverException]\n        if status in ErrorCode.NO_SUCH_ELEMENT:\n            exception_class = NoSuchElementException\n        elif status in ErrorCode.NO_SUCH_FRAME:\n            exception_class = NoSuchFrameException\n        elif status in ErrorCode.NO_SUCH_SHADOW_ROOT:\n            exception_class = NoSuchShadowRootException\n        elif status in ErrorCode.NO_SUCH_WINDOW:\n            exception_class = NoSuchWindowException\n        elif status in ErrorCode.STALE_ELEMENT_REFERENCE:\n            exception_class = StaleElementReferenceException\n        elif status in ErrorCode.ELEMENT_NOT_VISIBLE:\n            exception_class = ElementNotVisibleException\n        elif status in ErrorCode.INVALID_ELEMENT_STATE:\n            exception_class = InvalidElementStateException\n        elif (\n            status in ErrorCode.INVALID_SELECTOR\n            or status in ErrorCode.INVALID_XPATH_SELECTOR\n            or status in ErrorCode.INVALID_XPATH_SELECTOR_RETURN_TYPER\n        ):\n            exception_class = InvalidSelectorException\n        elif status in ErrorCode.ELEMENT_IS_NOT_SELECTABLE:\n            exception_class = ElementNotSelectableException\n        elif status in ErrorCode.ELEMENT_NOT_INTERACTABLE:\n            exception_class = ElementNotInteractableException\n        elif status in ErrorCode.INVALID_COOKIE_DOMAIN:\n            exception_class = InvalidCookieDomainException\n        elif status in ErrorCode.UNABLE_TO_SET_COOKIE:\n            exception_class = UnableToSetCookieException\n        elif status in ErrorCode.TIMEOUT:\n            exception_class = TimeoutException\n        elif status in ErrorCode.SCRIPT_TIMEOUT:\n            exception_class = TimeoutException\n        elif status in ErrorCode.UNKNOWN_ERROR:\n            exception_class = WebDriverException\n        elif status in ErrorCode.UNEXPECTED_ALERT_OPEN:\n            exception_class = UnexpectedAlertPresentException\n        elif status in ErrorCode.NO_ALERT_OPEN:\n            exception_class = NoAlertPresentException\n        elif status in ErrorCode.IME_NOT_AVAILABLE:\n            exception_class = ImeNotAvailableException\n        elif status in ErrorCode.IME_ENGINE_ACTIVATION_FAILED:\n            exception_class = ImeActivationFailedException\n        elif status in ErrorCode.MOVE_TARGET_OUT_OF_BOUNDS:\n            exception_class = MoveTargetOutOfBoundsException\n        elif status in ErrorCode.JAVASCRIPT_ERROR:\n            exception_class = JavascriptException\n        elif status in ErrorCode.SESSION_NOT_CREATED:\n            exception_class = SessionNotCreatedException\n        elif status in ErrorCode.INVALID_ARGUMENT:\n            exception_class = InvalidArgumentException\n        elif status in ErrorCode.NO_SUCH_COOKIE:\n            exception_class = NoSuchCookieException\n        elif status in ErrorCode.UNABLE_TO_CAPTURE_SCREEN:\n            exception_class = ScreenshotException\n        elif status in ErrorCode.ELEMENT_CLICK_INTERCEPTED:\n            exception_class = ElementClickInterceptedException\n        elif status in ErrorCode.INSECURE_CERTIFICATE:\n            exception_class = InsecureCertificateException\n        elif status in ErrorCode.INVALID_COORDINATES:\n            exception_class = InvalidCoordinatesException\n        elif status in ErrorCode.INVALID_SESSION_ID:\n            exception_class = InvalidSessionIdException\n        elif status in ErrorCode.UNKNOWN_METHOD:\n            exception_class = UnknownMethodException\n        else:\n            exception_class = WebDriverException\n        if not value:\n            value = response[\"value\"]\n        if isinstance(value, str):\n            raise exception_class(value)\n        if message == \"\" and \"message\" in value:\n            message = value[\"message\"]\n    \n        screen = None  # type: ignore[assignment]\n        if \"screen\" in value:\n            screen = value[\"screen\"]\n    \n        stacktrace = None\n        st_value = value.get(\"stackTrace\") or value.get(\"stacktrace\")\n        if st_value:\n            if isinstance(st_value, str):\n                stacktrace = st_value.split(\"\\n\")\n            else:\n                stacktrace = []\n                try:\n                    for frame in st_value:\n                        line = frame.get(\"lineNumber\", \"\")\n                        file = frame.get(\"fileName\", \"<anonymous>\")\n                        if line:\n                            file = f\"{file}:{line}\"\n                        meth = frame.get(\"methodName\", \"<anonymous>\")\n                        if \"className\" in frame:\n                            meth = f\"{frame['className']}.{meth}\"\n                        msg = \"    at %s (%s)\"\n                        msg = msg % (meth, file)\n                        stacktrace.append(msg)\n                except TypeError:\n                    pass\n        if exception_class == UnexpectedAlertPresentException:\n            alert_text = None\n            if \"data\" in value:\n                alert_text = value[\"data\"].get(\"text\")\n            elif \"alert\" in value:\n                alert_text = value[\"alert\"].get(\"text\")\n            raise exception_class(message, screen, stacktrace, alert_text)  # type: ignore[call-arg]  # mypy is not smart enough here\n>       raise exception_class(message, screen, stacktrace)\nE       selenium.common.exceptions.NoSuchElementException: Message: no such element: Unable to locate element: {\"method\":\"xpath\",\"selector\":\"(//a[@class='add-to-cart yellow-btn'])[1]\"}\nE         (Session info: headless chrome=117.0.5938.149); For documentation on this error, please visit: https://www.selenium.dev/documentation/webdriver/troubleshooting/errors#no-such-element-exception\nE       Stacktrace:\nE       #0 0x559c3bb44933 <unknown>\nE       #1 0x559c3b81e6f7 <unknown>\nE       #2 0x559c3b865aa6 <unknown>\nE       #3 0x559c3b865b91 <unknown>\nE       #4 0x559c3b8a2fc4 <unknown>\nE       #5 0x559c3b88762d <unknown>\nE       #6 0x559c3b8a0857 <unknown>\nE       #7 0x559c3b8873d3 <unknown>\nE       #8 0x559c3b859e64 <unknown>\nE       #9 0x559c3b85ac4e <unknown>\nE       #10 0x559c3bb0a558 <unknown>\nE       #11 0x559c3bb0e4a0 <unknown>\nE       #12 0x559c3bb1897c <unknown>\nE       #13 0x559c3bb0f0b8 <unknown>\nE       #14 0x559c3badacdf <unknown>\nE       #15 0x559c3bb33048 <unknown>\nE       #16 0x559c3bb33219 <unknown>\nE       #17 0x559c3bb43ac3 <unknown>\nE       #18 0x7fd1f2bcb044 <unknown>\n\n/usr/local/lib/python3.11/site-packages/selenium/webdriver/remote/errorhandler.py:245: NoSuchElementException","steps":[{"name":"Добавляем товар в корзину в количестве 8","time":{"start":1696640899608,"stop":1696640899623,"duration":15},"status":"broken","statusMessage":"selenium.common.exceptions.NoSuchElementException: Message: no such element: Unable to locate element: {\"method\":\"xpath\",\"selector\":\"(//a[@class='add-to-cart yellow-btn'])[1]\"}\n  (Session info: headless chrome=117.0.5938.149); For documentation on this error, please visit: https://www.selenium.dev/documentation/webdriver/troubleshooting/errors#no-such-element-exception\nStacktrace:\n#0 0x559c3bb44933 <unknown>\n#1 0x559c3b81e6f7 <unknown>\n#2 0x559c3b865aa6 <unknown>\n#3 0x559c3b865b91 <unknown>\n#4 0x559c3b8a2fc4 <unknown>\n#5 0x559c3b88762d <unknown>\n#6 0x559c3b8a0857 <unknown>\n#7 0x559c3b8873d3 <unknown>\n#8 0x559c3b859e64 <unknown>\n#9 0x559c3b85ac4e <unknown>\n#10 0x559c3bb0a558 <unknown>\n#11 0x559c3bb0e4a0 <unknown>\n#12 0x559c3bb1897c <unknown>\n#13 0x559c3bb0f0b8 <unknown>\n#14 0x559c3badacdf <unknown>\n#15 0x559c3bb33048 <unknown>\n#16 0x559c3bb33219 <unknown>\n#17 0x559c3bb43ac3 <unknown>\n#18 0x7fd1f2bcb044 <unknown>\n\n","statusTrace":"  File \"/usr/local/lib/python3.11/site-packages/allure_commons/_allure.py\", line 192, in impl\n    return func(*a, **kw)\n           ^^^^^^^^^^^^^^\n  File \"/app/pages/item_page.py\", line 40, in add_item_to_cart\n    self.find_element(self._add_item).click()\n    ^^^^^^^^^^^^^^^^^^^^^^^^^^^^^^^^^\n  File \"/app/base/seleniumbase.py\", line 17, in find_element\n    return self.driver.find_element(*locator)\n           ^^^^^^^^^^^^^^^^^^^^^^^^^^^^^^^^^^\n  File \"/usr/local/lib/python3.11/site-packages/selenium/webdriver/remote/webdriver.py\", line 740, in find_element\n    return self.execute(Command.FIND_ELEMENT, {\"using\": by, \"value\": value})[\"value\"]\n           ^^^^^^^^^^^^^^^^^^^^^^^^^^^^^^^^^^^^^^^^^^^^^^^^^^^^^^^^^^^^^^^^^\n  File \"/usr/local/lib/python3.11/site-packages/selenium/webdriver/remote/webdriver.py\", line 346, in execute\n    self.error_handler.check_response(response)\n  File \"/usr/local/lib/python3.11/site-packages/selenium/webdriver/remote/errorhandler.py\", line 245, in check_response\n    raise exception_class(message, screen, stacktrace)\n","steps":[],"attachments":[],"parameters":[{"name":"amount","value":"8"}],"shouldDisplayMessage":true,"stepsCount":0,"attachmentsCount":0,"hasContent":true}],"attachments":[{"uid":"c76bfd60b047f6ab","name":"Screenshot","source":"c76bfd60b047f6ab.png","type":"image/png","size":39917},{"uid":"472a1dcdd06369f9","name":"HTML source","source":"472a1dcdd06369f9.html","type":"text/html","size":544}],"parameters":[],"shouldDisplayMessage":true,"stepsCount":1,"attachmentsCount":2,"hasContent":true},"afterStages":[{"name":"setup::0","time":{"start":1696640899761,"stop":1696640899761,"duration":0},"status":"passed","steps":[],"attachments":[],"parameters":[],"shouldDisplayMessage":false,"stepsCount":0,"attachmentsCount":0,"hasContent":false},{"name":"driver::0","time":{"start":1696640899761,"stop":1696640899815,"duration":54},"status":"passed","steps":[],"attachments":[],"parameters":[],"shouldDisplayMessage":false,"stepsCount":0,"attachmentsCount":0,"hasContent":false}],"labels":[{"name":"epic","value":"Delivery Page - calculation"},{"name":"tag","value":"smoke"},{"name":"parentSuite","value":"tests.delivery"},{"name":"suite","value":"test_delivery_calculation"},{"name":"subSuite","value":"TestDeliveryPageCalculation"},{"name":"host","value":"45ffc8978d87"},{"name":"thread","value":"1-MainThread"},{"name":"framework","value":"pytest"},{"name":"language","value":"cpython3"},{"name":"package","value":"tests.delivery.test_delivery_calculation"},{"name":"resultFormat","value":"allure2"}],"parameters":[{"name":"all_time","value":"2190"},{"name":"amount","value":"8"},{"name":"case_id","value":"'TD 003'"},{"name":"in_time","value":"1590"},{"name":"link_item","value":"'products/shtukaturka-gipsovaya-aksolit-m50-30-kg-mashinnogo-naneseniya'"},{"name":"standard","value":"400"},{"name":"url","value":"'https://sandboxtest.stroyrem-nn.ru/'"},{"name":"weight","value":"300"}],"links":[],"hidden":false,"retry":false,"extra":{"severity":"normal","retries":[],"categories":[{"name":"Test defects","matchedStatuses":[],"flaky":false}],"history":{"statistic":{"failed":0,"broken":38,"skipped":0,"passed":0,"unknown":0,"total":38},"items":[{"uid":"15e8f1ebf650414a","reportUrl":"https://zaelcovsky.github.io/StroyremAutomation/101//#testresult/15e8f1ebf650414a","status":"broken","statusDetails":"selenium.common.exceptions.NoSuchElementException: Message: no such element: Unable to locate element: {\"method\":\"xpath\",\"selector\":\"(//a[@class='add-to-cart yellow-btn'])[1]\"}\n  (Session info: headless chrome=117.0.5938.149); For documentation on this error, please visit: https://www.selenium.dev/documentation/webdriver/troubleshooting/errors#no-such-element-exception\nStacktrace:\n#0 0x562974a2b933 <unknown>\n#1 0x5629747056f7 <unknown>\n#2 0x56297474caa6 <unknown>\n#3 0x56297474cb91 <unknown>\n#4 0x562974789fc4 <unknown>\n#5 0x56297476e62d <unknown>\n#6 0x562974787857 <unknown>\n#7 0x56297476e3d3 <unknown>\n#8 0x562974740e64 <unknown>\n#9 0x562974741c4e <unknown>\n#10 0x5629749f1558 <unknown>\n#11 0x5629749f54a0 <unknown>\n#12 0x5629749ff97c <unknown>\n#13 0x5629749f60b8 <unknown>\n#14 0x5629749c1cdf <unknown>\n#15 0x562974a1a048 <unknown>\n#16 0x562974a1a219 <unknown>\n#17 0x562974a2aac3 <unknown>\n#18 0x7fd4ec8fe044 <unknown>","time":{"start":1696554505326,"stop":1696554505935,"duration":609}},{"uid":"b4a19c52e4d996cf","reportUrl":"https://zaelcovsky.github.io/StroyremAutomation/100//#testresult/b4a19c52e4d996cf","status":"broken","statusDetails":"selenium.common.exceptions.NoSuchElementException: Message: no such element: Unable to locate element: {\"method\":\"xpath\",\"selector\":\"(//a[@class='add-to-cart yellow-btn'])[1]\"}\n  (Session info: headless chrome=117.0.5938.149); For documentation on this error, please visit: https://www.selenium.dev/documentation/webdriver/troubleshooting/errors#no-such-element-exception\nStacktrace:\n#0 0x56270d044933 <unknown>\n#1 0x56270cd1e6f7 <unknown>\n#2 0x56270cd65aa6 <unknown>\n#3 0x56270cd65b91 <unknown>\n#4 0x56270cda2fc4 <unknown>\n#5 0x56270cd8762d <unknown>\n#6 0x56270cda0857 <unknown>\n#7 0x56270cd873d3 <unknown>\n#8 0x56270cd59e64 <unknown>\n#9 0x56270cd5ac4e <unknown>\n#10 0x56270d00a558 <unknown>\n#11 0x56270d00e4a0 <unknown>\n#12 0x56270d01897c <unknown>\n#13 0x56270d00f0b8 <unknown>\n#14 0x56270cfdacdf <unknown>\n#15 0x56270d033048 <unknown>\n#16 0x56270d033219 <unknown>\n#17 0x56270d043ac3 <unknown>\n#18 0x7f13b8cb8044 <unknown>","time":{"start":1696468332170,"stop":1696468332868,"duration":698}},{"uid":"d10c48a629ecdbb3","reportUrl":"https://zaelcovsky.github.io/StroyremAutomation/99//#testresult/d10c48a629ecdbb3","status":"broken","statusDetails":"selenium.common.exceptions.NoSuchElementException: Message: no such element: Unable to locate element: {\"method\":\"xpath\",\"selector\":\"(//a[@class='add-to-cart yellow-btn'])[1]\"}\n  (Session info: headless chrome=117.0.5938.92); For documentation on this error, please visit: https://www.selenium.dev/documentation/webdriver/troubleshooting/errors#no-such-element-exception\nStacktrace:\n#0 0x55ae892866b3 <unknown>\n#1 0x55ae88f5c1e7 <unknown>\n#2 0x55ae88fa3566 <unknown>\n#3 0x55ae88fa3651 <unknown>\n#4 0x55ae88fe0a74 <unknown>\n#5 0x55ae88fc50ed <unknown>\n#6 0x55ae88fde322 <unknown>\n#7 0x55ae88fc4e93 <unknown>\n#8 0x55ae88f97934 <unknown>\n#9 0x55ae88f9871e <unknown>\n#10 0x55ae8924bcb8 <unknown>\n#11 0x55ae8924fbf0 <unknown>\n#12 0x55ae8925a19c <unknown>\n#13 0x55ae89250808 <unknown>\n#14 0x55ae8921d27f <unknown>\n#15 0x55ae89274e88 <unknown>\n#16 0x55ae89275059 <unknown>\n#17 0x55ae89285843 <unknown>\n#18 0x7fca1caaf044 <unknown>","time":{"start":1696381792580,"stop":1696381793224,"duration":644}},{"uid":"3143d72c714621a2","reportUrl":"https://zaelcovsky.github.io/StroyremAutomation/98//#testresult/3143d72c714621a2","status":"broken","statusDetails":"selenium.common.exceptions.NoSuchElementException: Message: no such element: Unable to locate element: {\"method\":\"xpath\",\"selector\":\"(//a[@class='add-to-cart yellow-btn'])[1]\"}\n  (Session info: headless chrome=117.0.5938.92); For documentation on this error, please visit: https://www.selenium.dev/documentation/webdriver/troubleshooting/errors#no-such-element-exception\nStacktrace:\n#0 0x56315206e6b3 <unknown>\n#1 0x563151d441e7 <unknown>\n#2 0x563151d8b566 <unknown>\n#3 0x563151d8b651 <unknown>\n#4 0x563151dc8a74 <unknown>\n#5 0x563151dad0ed <unknown>\n#6 0x563151dc6322 <unknown>\n#7 0x563151dace93 <unknown>\n#8 0x563151d7f934 <unknown>\n#9 0x563151d8071e <unknown>\n#10 0x563152033cb8 <unknown>\n#11 0x563152037bf0 <unknown>\n#12 0x56315204219c <unknown>\n#13 0x563152038808 <unknown>\n#14 0x56315200527f <unknown>\n#15 0x56315205ce88 <unknown>\n#16 0x56315205d059 <unknown>\n#17 0x56315206d843 <unknown>\n#18 0x7feee06d2044 <unknown>","time":{"start":1696295382592,"stop":1696295383132,"duration":540}},{"uid":"1863895a0f299622","reportUrl":"https://zaelcovsky.github.io/StroyremAutomation/97//#testresult/1863895a0f299622","status":"broken","statusDetails":"selenium.common.exceptions.NoSuchElementException: Message: no such element: Unable to locate element: {\"method\":\"xpath\",\"selector\":\"(//a[@class='add-to-cart yellow-btn'])[1]\"}\n  (Session info: headless chrome=117.0.5938.92); For documentation on this error, please visit: https://www.selenium.dev/documentation/webdriver/troubleshooting/errors#no-such-element-exception\nStacktrace:\n#0 0x55a4c30166b3 <unknown>\n#1 0x55a4c2cec1e7 <unknown>\n#2 0x55a4c2d33566 <unknown>\n#3 0x55a4c2d33651 <unknown>\n#4 0x55a4c2d70a74 <unknown>\n#5 0x55a4c2d550ed <unknown>\n#6 0x55a4c2d6e322 <unknown>\n#7 0x55a4c2d54e93 <unknown>\n#8 0x55a4c2d27934 <unknown>\n#9 0x55a4c2d2871e <unknown>\n#10 0x55a4c2fdbcb8 <unknown>\n#11 0x55a4c2fdfbf0 <unknown>\n#12 0x55a4c2fea19c <unknown>\n#13 0x55a4c2fe0808 <unknown>\n#14 0x55a4c2fad27f <unknown>\n#15 0x55a4c3004e88 <unknown>\n#16 0x55a4c3005059 <unknown>\n#17 0x55a4c3015843 <unknown>\n#18 0x7fcc50aaa044 <unknown>","time":{"start":1696208954379,"stop":1696208955005,"duration":626}},{"uid":"290126105b6f040","reportUrl":"https://zaelcovsky.github.io/StroyremAutomation/96//#testresult/290126105b6f040","status":"broken","statusDetails":"selenium.common.exceptions.NoSuchElementException: Message: no such element: Unable to locate element: {\"method\":\"xpath\",\"selector\":\"(//a[@class='add-to-cart yellow-btn'])[1]\"}\n  (Session info: headless chrome=117.0.5938.92); For documentation on this error, please visit: https://www.selenium.dev/documentation/webdriver/troubleshooting/errors#no-such-element-exception\nStacktrace:\n#0 0x557fd02546b3 <unknown>\n#1 0x557fcff2a1e7 <unknown>\n#2 0x557fcff71566 <unknown>\n#3 0x557fcff71651 <unknown>\n#4 0x557fcffaea74 <unknown>\n#5 0x557fcff930ed <unknown>\n#6 0x557fcffac322 <unknown>\n#7 0x557fcff92e93 <unknown>\n#8 0x557fcff65934 <unknown>\n#9 0x557fcff6671e <unknown>\n#10 0x557fd0219cb8 <unknown>\n#11 0x557fd021dbf0 <unknown>\n#12 0x557fd022819c <unknown>\n#13 0x557fd021e808 <unknown>\n#14 0x557fd01eb27f <unknown>\n#15 0x557fd0242e88 <unknown>\n#16 0x557fd0243059 <unknown>\n#17 0x557fd0253843 <unknown>\n#18 0x7f7fc079c044 <unknown>","time":{"start":1696123003168,"stop":1696123003807,"duration":639}},{"uid":"e21a4709fcd75c62","reportUrl":"https://zaelcovsky.github.io/StroyremAutomation/95//#testresult/e21a4709fcd75c62","status":"broken","statusDetails":"selenium.common.exceptions.NoSuchElementException: Message: no such element: Unable to locate element: {\"method\":\"xpath\",\"selector\":\"(//a[@class='add-to-cart yellow-btn'])[1]\"}\n  (Session info: headless chrome=117.0.5938.92); For documentation on this error, please visit: https://www.selenium.dev/documentation/webdriver/troubleshooting/errors#no-such-element-exception\nStacktrace:\n#0 0x55b22880d6b3 <unknown>\n#1 0x55b2284e31e7 <unknown>\n#2 0x55b22852a566 <unknown>\n#3 0x55b22852a651 <unknown>\n#4 0x55b228567a74 <unknown>\n#5 0x55b22854c0ed <unknown>\n#6 0x55b228565322 <unknown>\n#7 0x55b22854be93 <unknown>\n#8 0x55b22851e934 <unknown>\n#9 0x55b22851f71e <unknown>\n#10 0x55b2287d2cb8 <unknown>\n#11 0x55b2287d6bf0 <unknown>\n#12 0x55b2287e119c <unknown>\n#13 0x55b2287d7808 <unknown>\n#14 0x55b2287a427f <unknown>\n#15 0x55b2287fbe88 <unknown>\n#16 0x55b2287fc059 <unknown>\n#17 0x55b22880c843 <unknown>\n#18 0x7fe3fa878044 <unknown>","time":{"start":1696035937040,"stop":1696035937475,"duration":435}},{"uid":"40d0f22ddd9f97f4","reportUrl":"https://zaelcovsky.github.io/StroyremAutomation/94//#testresult/40d0f22ddd9f97f4","status":"broken","statusDetails":"selenium.common.exceptions.NoSuchElementException: Message: no such element: Unable to locate element: {\"method\":\"xpath\",\"selector\":\"(//a[@class='add-to-cart yellow-btn'])[1]\"}\n  (Session info: headless chrome=117.0.5938.92); For documentation on this error, please visit: https://www.selenium.dev/documentation/webdriver/troubleshooting/errors#no-such-element-exception\nStacktrace:\n#0 0x55c932d0f6b3 <unknown>\n#1 0x55c9329e51e7 <unknown>\n#2 0x55c932a2c566 <unknown>\n#3 0x55c932a2c651 <unknown>\n#4 0x55c932a69a74 <unknown>\n#5 0x55c932a4e0ed <unknown>\n#6 0x55c932a67322 <unknown>\n#7 0x55c932a4de93 <unknown>\n#8 0x55c932a20934 <unknown>\n#9 0x55c932a2171e <unknown>\n#10 0x55c932cd4cb8 <unknown>\n#11 0x55c932cd8bf0 <unknown>\n#12 0x55c932ce319c <unknown>\n#13 0x55c932cd9808 <unknown>\n#14 0x55c932ca627f <unknown>\n#15 0x55c932cfde88 <unknown>\n#16 0x55c932cfe059 <unknown>\n#17 0x55c932d0e843 <unknown>\n#18 0x7f739acdb044 <unknown>","time":{"start":1695949624155,"stop":1695949624710,"duration":555}},{"uid":"dc2c2fa6cab8b4b5","reportUrl":"https://zaelcovsky.github.io/StroyremAutomation/93//#testresult/dc2c2fa6cab8b4b5","status":"broken","statusDetails":"selenium.common.exceptions.NoSuchElementException: Message: no such element: Unable to locate element: {\"method\":\"xpath\",\"selector\":\"(//a[@class='add-to-cart yellow-btn'])[1]\"}\n  (Session info: headless chrome=117.0.5938.92); For documentation on this error, please visit: https://www.selenium.dev/documentation/webdriver/troubleshooting/errors#no-such-element-exception\nStacktrace:\n#0 0x5606753806b3 <unknown>\n#1 0x5606750561e7 <unknown>\n#2 0x56067509d566 <unknown>\n#3 0x56067509d651 <unknown>\n#4 0x5606750daa74 <unknown>\n#5 0x5606750bf0ed <unknown>\n#6 0x5606750d8322 <unknown>\n#7 0x5606750bee93 <unknown>\n#8 0x560675091934 <unknown>\n#9 0x56067509271e <unknown>\n#10 0x560675345cb8 <unknown>\n#11 0x560675349bf0 <unknown>\n#12 0x56067535419c <unknown>\n#13 0x56067534a808 <unknown>\n#14 0x56067531727f <unknown>\n#15 0x56067536ee88 <unknown>\n#16 0x56067536f059 <unknown>\n#17 0x56067537f843 <unknown>\n#18 0x7f62e79e9044 <unknown>","time":{"start":1695863213756,"stop":1695863214288,"duration":532}},{"uid":"4ad04d8292f5dfc3","reportUrl":"https://zaelcovsky.github.io/StroyremAutomation/92//#testresult/4ad04d8292f5dfc3","status":"broken","statusDetails":"selenium.common.exceptions.ElementNotInteractableException: Message: element not interactable\n  (Session info: headless chrome=117.0.5938.92)\nStacktrace:\n#0 0x5586520bc6b3 <unknown>\n#1 0x558651d92036 <unknown>\n#2 0x558651dd0c1d <unknown>\n#3 0x558651dfb0c2 <unknown>\n#4 0x558651dcef16 <unknown>\n#5 0x558651dfb28e <unknown>\n#6 0x558651e14322 <unknown>\n#7 0x558651dfae93 <unknown>\n#8 0x558651dcd934 <unknown>\n#9 0x558651dce71e <unknown>\n#10 0x558652081cb8 <unknown>\n#11 0x558652085bf0 <unknown>\n#12 0x55865209019c <unknown>\n#13 0x558652086808 <unknown>\n#14 0x55865205327f <unknown>\n#15 0x5586520aae88 <unknown>\n#16 0x5586520ab059 <unknown>\n#17 0x5586520bb843 <unknown>\n#18 0x7f263a179044 <unknown>","time":{"start":1695776948602,"stop":1695776954974,"duration":6372}},{"uid":"b249ee4f6be01b3f","reportUrl":"https://zaelcovsky.github.io/StroyremAutomation/91//#testresult/b249ee4f6be01b3f","status":"broken","statusDetails":"selenium.common.exceptions.NoSuchElementException: Message: no such element: Unable to locate element: {\"method\":\"xpath\",\"selector\":\"(//a[@class='add-to-cart yellow-btn'])[1]\"}\n  (Session info: headless chrome=117.0.5938.92); For documentation on this error, please visit: https://www.selenium.dev/documentation/webdriver/troubleshooting/errors#no-such-element-exception\nStacktrace:\n#0 0x557fc82c26b3 <unknown>\n#1 0x557fc7f981e7 <unknown>\n#2 0x557fc7fdf566 <unknown>\n#3 0x557fc7fdf651 <unknown>\n#4 0x557fc801ca74 <unknown>\n#5 0x557fc80010ed <unknown>\n#6 0x557fc801a322 <unknown>\n#7 0x557fc8000e93 <unknown>\n#8 0x557fc7fd3934 <unknown>\n#9 0x557fc7fd471e <unknown>\n#10 0x557fc8287cb8 <unknown>\n#11 0x557fc828bbf0 <unknown>\n#12 0x557fc829619c <unknown>\n#13 0x557fc828c808 <unknown>\n#14 0x557fc825927f <unknown>\n#15 0x557fc82b0e88 <unknown>\n#16 0x557fc82b1059 <unknown>\n#17 0x557fc82c1843 <unknown>\n#18 0x7fed15cc2044 <unknown>","time":{"start":1695690657488,"stop":1695690658150,"duration":662}},{"uid":"c2868ff7a29ebe84","reportUrl":"https://zaelcovsky.github.io/StroyremAutomation/90//#testresult/c2868ff7a29ebe84","status":"broken","statusDetails":"selenium.common.exceptions.NoSuchElementException: Message: no such element: Unable to locate element: {\"method\":\"xpath\",\"selector\":\"(//a[@class='add-to-cart yellow-btn'])[1]\"}\n  (Session info: headless chrome=117.0.5938.92); For documentation on this error, please visit: https://www.selenium.dev/documentation/webdriver/troubleshooting/errors#no-such-element-exception\nStacktrace:\n#0 0x55f74487a6b3 <unknown>\n#1 0x55f7445501e7 <unknown>\n#2 0x55f744597566 <unknown>\n#3 0x55f744597651 <unknown>\n#4 0x55f7445d4a74 <unknown>\n#5 0x55f7445b90ed <unknown>\n#6 0x55f7445d2322 <unknown>\n#7 0x55f7445b8e93 <unknown>\n#8 0x55f74458b934 <unknown>\n#9 0x55f74458c71e <unknown>\n#10 0x55f74483fcb8 <unknown>\n#11 0x55f744843bf0 <unknown>\n#12 0x55f74484e19c <unknown>\n#13 0x55f744844808 <unknown>\n#14 0x55f74481127f <unknown>\n#15 0x55f744868e88 <unknown>\n#16 0x55f744869059 <unknown>\n#17 0x55f744879843 <unknown>\n#18 0x7f27e8c37044 <unknown>","time":{"start":1695604049320,"stop":1695604049854,"duration":534}},{"uid":"a0e0b08b8ec29983","reportUrl":"https://zaelcovsky.github.io/StroyremAutomation/89//#testresult/a0e0b08b8ec29983","status":"broken","statusDetails":"selenium.common.exceptions.NoSuchElementException: Message: no such element: Unable to locate element: {\"method\":\"xpath\",\"selector\":\"(//a[@class='add-to-cart yellow-btn'])[1]\"}\n  (Session info: headless chrome=117.0.5938.92); For documentation on this error, please visit: https://www.selenium.dev/documentation/webdriver/troubleshooting/errors#no-such-element-exception\nStacktrace:\n#0 0x5645ecb0a6b3 <unknown>\n#1 0x5645ec7e01e7 <unknown>\n#2 0x5645ec827566 <unknown>\n#3 0x5645ec827651 <unknown>\n#4 0x5645ec864a74 <unknown>\n#5 0x5645ec8490ed <unknown>\n#6 0x5645ec862322 <unknown>\n#7 0x5645ec848e93 <unknown>\n#8 0x5645ec81b934 <unknown>\n#9 0x5645ec81c71e <unknown>\n#10 0x5645ecacfcb8 <unknown>\n#11 0x5645ecad3bf0 <unknown>\n#12 0x5645ecade19c <unknown>\n#13 0x5645ecad4808 <unknown>\n#14 0x5645ecaa127f <unknown>\n#15 0x5645ecaf8e88 <unknown>\n#16 0x5645ecaf9059 <unknown>\n#17 0x5645ecb09843 <unknown>\n#18 0x7f3eba3ce044 <unknown>","time":{"start":1695517881081,"stop":1695517881660,"duration":579}},{"uid":"6e0b906067067763","reportUrl":"https://zaelcovsky.github.io/StroyremAutomation/88//#testresult/6e0b906067067763","status":"broken","statusDetails":"selenium.common.exceptions.NoSuchElementException: Message: no such element: Unable to locate element: {\"method\":\"xpath\",\"selector\":\"(//a[@class='add-to-cart yellow-btn'])[1]\"}\n  (Session info: headless chrome=117.0.5938.92); For documentation on this error, please visit: https://www.selenium.dev/documentation/webdriver/troubleshooting/errors#no-such-element-exception\nStacktrace:\n#0 0x55c427fa86b3 <unknown>\n#1 0x55c427c7e1e7 <unknown>\n#2 0x55c427cc5566 <unknown>\n#3 0x55c427cc5651 <unknown>\n#4 0x55c427d02a74 <unknown>\n#5 0x55c427ce70ed <unknown>\n#6 0x55c427d00322 <unknown>\n#7 0x55c427ce6e93 <unknown>\n#8 0x55c427cb9934 <unknown>\n#9 0x55c427cba71e <unknown>\n#10 0x55c427f6dcb8 <unknown>\n#11 0x55c427f71bf0 <unknown>\n#12 0x55c427f7c19c <unknown>\n#13 0x55c427f72808 <unknown>\n#14 0x55c427f3f27f <unknown>\n#15 0x55c427f96e88 <unknown>\n#16 0x55c427f97059 <unknown>\n#17 0x55c427fa7843 <unknown>\n#18 0x7f711399c044 <unknown>","time":{"start":1695431224553,"stop":1695431225379,"duration":826}},{"uid":"826000598a1c8fc9","reportUrl":"https://zaelcovsky.github.io/StroyremAutomation/87//#testresult/826000598a1c8fc9","status":"broken","statusDetails":"selenium.common.exceptions.NoSuchElementException: Message: no such element: Unable to locate element: {\"method\":\"xpath\",\"selector\":\"(//a[@class='add-to-cart yellow-btn'])[1]\"}\n  (Session info: headless chrome=117.0.5938.92); For documentation on this error, please visit: https://www.selenium.dev/documentation/webdriver/troubleshooting/errors#no-such-element-exception\nStacktrace:\n#0 0x5650387c66b3 <unknown>\n#1 0x56503849c1e7 <unknown>\n#2 0x5650384e3566 <unknown>\n#3 0x5650384e3651 <unknown>\n#4 0x565038520a74 <unknown>\n#5 0x5650385050ed <unknown>\n#6 0x56503851e322 <unknown>\n#7 0x565038504e93 <unknown>\n#8 0x5650384d7934 <unknown>\n#9 0x5650384d871e <unknown>\n#10 0x56503878bcb8 <unknown>\n#11 0x56503878fbf0 <unknown>\n#12 0x56503879a19c <unknown>\n#13 0x565038790808 <unknown>\n#14 0x56503875d27f <unknown>\n#15 0x5650387b4e88 <unknown>\n#16 0x5650387b5059 <unknown>\n#17 0x5650387c5843 <unknown>\n#18 0x7fb52c398044 <unknown>","time":{"start":1695344807652,"stop":1695344808217,"duration":565}},{"uid":"57a01194347cb8d","reportUrl":"https://zaelcovsky.github.io/StroyremAutomation/86//#testresult/57a01194347cb8d","status":"broken","statusDetails":"selenium.common.exceptions.NoSuchElementException: Message: no such element: Unable to locate element: {\"method\":\"xpath\",\"selector\":\"(//a[@class='add-to-cart yellow-btn'])[1]\"}\n  (Session info: headless chrome=117.0.5938.88); For documentation on this error, please visit: https://www.selenium.dev/documentation/webdriver/troubleshooting/errors#no-such-element-exception\nStacktrace:\n#0 0x55593723d6c3 <unknown>\n#1 0x555936f131e7 <unknown>\n#2 0x555936f5a566 <unknown>\n#3 0x555936f5a651 <unknown>\n#4 0x555936f97a74 <unknown>\n#5 0x555936f7c0ed <unknown>\n#6 0x555936f95322 <unknown>\n#7 0x555936f7be93 <unknown>\n#8 0x555936f4e934 <unknown>\n#9 0x555936f4f71e <unknown>\n#10 0x555937202cc8 <unknown>\n#11 0x555937206c00 <unknown>\n#12 0x5559372111ac <unknown>\n#13 0x555937207818 <unknown>\n#14 0x5559371d428f <unknown>\n#15 0x55593722be98 <unknown>\n#16 0x55593722c069 <unknown>\n#17 0x55593723c853 <unknown>\n#18 0x7feef90e1044 <unknown>","time":{"start":1695258372032,"stop":1695258372555,"duration":523}},{"uid":"b38f5c7b3bc87238","reportUrl":"https://zaelcovsky.github.io/StroyremAutomation/85//#testresult/b38f5c7b3bc87238","status":"broken","statusDetails":"selenium.common.exceptions.ElementNotInteractableException: Message: element not interactable\n  (Session info: headless chrome=117.0.5938.88)\nStacktrace:\n#0 0x557c4a2226c3 <unknown>\n#1 0x557c49ef8036 <unknown>\n#2 0x557c49f36c1d <unknown>\n#3 0x557c49f610c2 <unknown>\n#4 0x557c49f34f16 <unknown>\n#5 0x557c49f6128e <unknown>\n#6 0x557c49f7a322 <unknown>\n#7 0x557c49f60e93 <unknown>\n#8 0x557c49f33934 <unknown>\n#9 0x557c49f3471e <unknown>\n#10 0x557c4a1e7cc8 <unknown>\n#11 0x557c4a1ebc00 <unknown>\n#12 0x557c4a1f61ac <unknown>\n#13 0x557c4a1ec818 <unknown>\n#14 0x557c4a1b928f <unknown>\n#15 0x557c4a210e98 <unknown>\n#16 0x557c4a211069 <unknown>\n#17 0x557c4a221853 <unknown>\n#18 0x7f4158d8c044 <unknown>","time":{"start":1695172113521,"stop":1695172119766,"duration":6245}},{"uid":"79f245a6963f0cb8","reportUrl":"https://zaelcovsky.github.io/StroyremAutomation/84//#testresult/79f245a6963f0cb8","status":"broken","statusDetails":"selenium.common.exceptions.NoSuchElementException: Message: no such element: Unable to locate element: {\"method\":\"xpath\",\"selector\":\"(//a[@class='add-to-cart yellow-btn'])[1]\"}\n  (Session info: headless chrome=117.0.5938.88); For documentation on this error, please visit: https://www.selenium.dev/documentation/webdriver/troubleshooting/errors#no-such-element-exception\nStacktrace:\n#0 0x55dde80af6c3 <unknown>\n#1 0x55dde7d851e7 <unknown>\n#2 0x55dde7dcc566 <unknown>\n#3 0x55dde7dcc651 <unknown>\n#4 0x55dde7e09a74 <unknown>\n#5 0x55dde7dee0ed <unknown>\n#6 0x55dde7e07322 <unknown>\n#7 0x55dde7dede93 <unknown>\n#8 0x55dde7dc0934 <unknown>\n#9 0x55dde7dc171e <unknown>\n#10 0x55dde8074cc8 <unknown>\n#11 0x55dde8078c00 <unknown>\n#12 0x55dde80831ac <unknown>\n#13 0x55dde8079818 <unknown>\n#14 0x55dde804628f <unknown>\n#15 0x55dde809de98 <unknown>\n#16 0x55dde809e069 <unknown>\n#17 0x55dde80ae853 <unknown>\n#18 0x7efce6924044 <unknown>","time":{"start":1695085751991,"stop":1695085752563,"duration":572}},{"uid":"a076b2ad4cde7250","reportUrl":"https://zaelcovsky.github.io/StroyremAutomation/83//#testresult/a076b2ad4cde7250","status":"broken","statusDetails":"selenium.common.exceptions.NoSuchElementException: Message: no such element: Unable to locate element: {\"method\":\"xpath\",\"selector\":\"(//a[@class='add-to-cart yellow-btn'])[1]\"}\n  (Session info: headless chrome=117.0.5938.88); For documentation on this error, please visit: https://www.selenium.dev/documentation/webdriver/troubleshooting/errors#no-such-element-exception\nStacktrace:\n#0 0x563fe77be6c3 <unknown>\n#1 0x563fe74941e7 <unknown>\n#2 0x563fe74db566 <unknown>\n#3 0x563fe74db651 <unknown>\n#4 0x563fe7518a74 <unknown>\n#5 0x563fe74fd0ed <unknown>\n#6 0x563fe7516322 <unknown>\n#7 0x563fe74fce93 <unknown>\n#8 0x563fe74cf934 <unknown>\n#9 0x563fe74d071e <unknown>\n#10 0x563fe7783cc8 <unknown>\n#11 0x563fe7787c00 <unknown>\n#12 0x563fe77921ac <unknown>\n#13 0x563fe7788818 <unknown>\n#14 0x563fe775528f <unknown>\n#15 0x563fe77ace98 <unknown>\n#16 0x563fe77ad069 <unknown>\n#17 0x563fe77bd853 <unknown>\n#18 0x7f1d8aeb0044 <unknown>","time":{"start":1694999341775,"stop":1694999342635,"duration":860}},{"uid":"647c562a38465040","reportUrl":"https://zaelcovsky.github.io/StroyremAutomation/82//#testresult/647c562a38465040","status":"broken","statusDetails":"selenium.common.exceptions.NoSuchElementException: Message: no such element: Unable to locate element: {\"method\":\"xpath\",\"selector\":\"(//a[@class='add-to-cart yellow-btn'])[1]\"}\n  (Session info: headless chrome=117.0.5938.88); For documentation on this error, please visit: https://www.selenium.dev/documentation/webdriver/troubleshooting/errors#no-such-element-exception\nStacktrace:\n#0 0x55c5906db6c3 <unknown>\n#1 0x55c5903b11e7 <unknown>\n#2 0x55c5903f8566 <unknown>\n#3 0x55c5903f8651 <unknown>\n#4 0x55c590435a74 <unknown>\n#5 0x55c59041a0ed <unknown>\n#6 0x55c590433322 <unknown>\n#7 0x55c590419e93 <unknown>\n#8 0x55c5903ec934 <unknown>\n#9 0x55c5903ed71e <unknown>\n#10 0x55c5906a0cc8 <unknown>\n#11 0x55c5906a4c00 <unknown>\n#12 0x55c5906af1ac <unknown>\n#13 0x55c5906a5818 <unknown>\n#14 0x55c59067228f <unknown>\n#15 0x55c5906c9e98 <unknown>\n#16 0x55c5906ca069 <unknown>\n#17 0x55c5906da853 <unknown>\n#18 0x7f8fbbe90044 <unknown>","time":{"start":1694912993473,"stop":1694912994257,"duration":784}}]},"tags":["smoke"]},"source":"8d6a1241fd306e3d.json","parameterValues":["2190","8","'TD 003'","1590","'products/shtukaturka-gipsovaya-aksolit-m50-30-kg-mashinnogo-naneseniya'","400","'https://sandboxtest.stroyrem-nn.ru/'","300"]}