{"uid":"c61a4e72a09a1f8b","name":"TD 022 Доставка товара весом до 5000кг. в синей зоне","fullName":"tests.delivery.test_delivery_calculation.TestDeliveryPageCalculation#test_positive_delivery_blue_zone_smoke","historyId":"88e507e8c34e246e904b871854b91bc0","time":{"start":1696640929795,"stop":1696640930364,"duration":569},"status":"broken","statusMessage":"selenium.common.exceptions.NoSuchElementException: Message: no such element: Unable to locate element: {\"method\":\"xpath\",\"selector\":\"(//a[@class='add-to-cart yellow-btn'])[1]\"}\n  (Session info: headless chrome=117.0.5938.149); For documentation on this error, please visit: https://www.selenium.dev/documentation/webdriver/troubleshooting/errors#no-such-element-exception\nStacktrace:\n#0 0x557f12f96933 <unknown>\n#1 0x557f12c706f7 <unknown>\n#2 0x557f12cb7aa6 <unknown>\n#3 0x557f12cb7b91 <unknown>\n#4 0x557f12cf4fc4 <unknown>\n#5 0x557f12cd962d <unknown>\n#6 0x557f12cf2857 <unknown>\n#7 0x557f12cd93d3 <unknown>\n#8 0x557f12cabe64 <unknown>\n#9 0x557f12cacc4e <unknown>\n#10 0x557f12f5c558 <unknown>\n#11 0x557f12f604a0 <unknown>\n#12 0x557f12f6a97c <unknown>\n#13 0x557f12f610b8 <unknown>\n#14 0x557f12f2ccdf <unknown>\n#15 0x557f12f85048 <unknown>\n#16 0x557f12f85219 <unknown>\n#17 0x557f12f95ac3 <unknown>\n#18 0x7f397aa79044 <unknown>","statusTrace":"self = <tests.delivery.test_delivery_calculation.TestDeliveryPageCalculation object at 0x7f00b210b590>\ndriver = <selenium.webdriver.chrome.webdriver.WebDriver (session=\"f91f9f6e68952b81571521eb2fa0179d\")>\nurl = 'https://sandboxtest.stroyrem-nn.ru/', case_id = 'TD 022'\nlink_item = 'products/shtukaturka-gipsovaya-aksolit-m50-30-kg-mashinnogo-naneseniya'\namount = 166, weight = 5000, standard = 2800, in_time = 5490, all_time = 5980\n\n    @pytest.mark.parametrize('case_id, link_item, amount, weight, standard, in_time, all_time', [\n        (\"TD 015\", bundeks_25, 1, 30, 650, 2390, 3320),\n        pytest.param(\n            \"TD 016\", aksolit_30, 8, 300, 650, 2390, 3320,\n            marks=pytest.mark.xfail(reson=\"Цена доставки: - - -\")\n        ),\n        (\"TD 017\", aksolit_30, 13, 400, 650, 2390, 3320),\n        (\"TD 018\", aksolit_30, 16, 500, 850, 2490, 3320),\n        (\"TD 019\", aksolit_30, 25, 1700, 1150, 2490, 3320),\n        (\"TD 020\", aksolit_30, 66, 2000, 1500, 2990, 3650),\n        (\"TD 021\", aksolit_30, 149, 4500, 2600, 4380, 4890),\n        (\"TD 022\", aksolit_30, 166, 5000, 2800, 5490, 5980),\n        pytest.param(\n            \"TD 023\", aksolit_30, 206, 6200, 3300, 7500, 8000,\n            marks=pytest.mark.xfail(reson=\"Цена доставки: 4300 9900 11440\")\n        ),\n        (\"TD 024\", aksolit_30, 299, 9000, 4300, 9900, 11440),\n        (\"TD 025\", aksolit_30, 333, 10000, 7000, 13900, 15900),\n        pytest.param(\n            \"TD 026\", aksolit_30, 366, 11000, 8000, 14900, 19900,\n            marks=pytest.mark.xfail(reson=\"Цена доставки: 7000 13900 15900\")\n        ),\n        pytest.param(\n            \"TD 027\", aksolit_30, 666, 20000, 14000, 16900, 23900,\n            marks=pytest.mark.xfail(reson=\"Цена доставки: 7000 13900 15900\")\n        )\n    ])\n    @pytest.mark.smoke\n    def test_positive_delivery_blue_zone_smoke(\n            self, driver, url, case_id, link_item, amount, weight, standard, in_time, all_time\n    ):\n        allure.dynamic.title(f\"{case_id} Доставка товара весом до {weight}кг. в синей зоне\")\n    \n        driver.get(f'{url}{link_item}')\n        item_page = ItemPage(driver)\n>       item_page.add_item_to_cart(amount).click_on_cart()\n\ntests/delivery/test_delivery_calculation.py:130: \n_ _ _ _ _ _ _ _ _ _ _ _ _ _ _ _ _ _ _ _ _ _ _ _ _ _ _ _ _ _ _ _ _ _ _ _ _ _ _ _ \npages/item_page.py:40: in add_item_to_cart\n    self.find_element(self._add_item).click()\nbase/seleniumbase.py:17: in find_element\n    return self.driver.find_element(*locator)\n/usr/local/lib/python3.11/site-packages/selenium/webdriver/remote/webdriver.py:740: in find_element\n    return self.execute(Command.FIND_ELEMENT, {\"using\": by, \"value\": value})[\"value\"]\n/usr/local/lib/python3.11/site-packages/selenium/webdriver/remote/webdriver.py:346: in execute\n    self.error_handler.check_response(response)\n_ _ _ _ _ _ _ _ _ _ _ _ _ _ _ _ _ _ _ _ _ _ _ _ _ _ _ _ _ _ _ _ _ _ _ _ _ _ _ _ \n\nself = <selenium.webdriver.remote.errorhandler.ErrorHandler object at 0x7f00b0de0f90>\nresponse = {'status': 404, 'value': '{\"value\":{\"error\":\"no such element\",\"message\":\"no such element: Unable to locate element: {\\...\\\\n#16 0x557f12f85219 \\\\u003Cunknown>\\\\n#17 0x557f12f95ac3 \\\\u003Cunknown>\\\\n#18 0x7f397aa79044 \\\\u003Cunknown>\\\\n\"}}'}\n\n    def check_response(self, response: Dict[str, Any]) -> None:\n        \"\"\"Checks that a JSON response from the WebDriver does not have an\n        error.\n    \n        :Args:\n         - response - The JSON response from the WebDriver server as a dictionary\n           object.\n    \n        :Raises: If the response contains an error message.\n        \"\"\"\n        status = response.get(\"status\", None)\n        if not status or status == ErrorCode.SUCCESS:\n            return\n        value = None\n        message = response.get(\"message\", \"\")\n        screen: str = response.get(\"screen\", \"\")\n        stacktrace = None\n        if isinstance(status, int):\n            value_json = response.get(\"value\", None)\n            if value_json and isinstance(value_json, str):\n                import json\n    \n                try:\n                    value = json.loads(value_json)\n                    if len(value) == 1:\n                        value = value[\"value\"]\n                    status = value.get(\"error\", None)\n                    if not status:\n                        status = value.get(\"status\", ErrorCode.UNKNOWN_ERROR)\n                        message = value.get(\"value\") or value.get(\"message\")\n                        if not isinstance(message, str):\n                            value = message\n                            message = message.get(\"message\")\n                    else:\n                        message = value.get(\"message\", None)\n                except ValueError:\n                    pass\n    \n        exception_class: Type[WebDriverException]\n        if status in ErrorCode.NO_SUCH_ELEMENT:\n            exception_class = NoSuchElementException\n        elif status in ErrorCode.NO_SUCH_FRAME:\n            exception_class = NoSuchFrameException\n        elif status in ErrorCode.NO_SUCH_SHADOW_ROOT:\n            exception_class = NoSuchShadowRootException\n        elif status in ErrorCode.NO_SUCH_WINDOW:\n            exception_class = NoSuchWindowException\n        elif status in ErrorCode.STALE_ELEMENT_REFERENCE:\n            exception_class = StaleElementReferenceException\n        elif status in ErrorCode.ELEMENT_NOT_VISIBLE:\n            exception_class = ElementNotVisibleException\n        elif status in ErrorCode.INVALID_ELEMENT_STATE:\n            exception_class = InvalidElementStateException\n        elif (\n            status in ErrorCode.INVALID_SELECTOR\n            or status in ErrorCode.INVALID_XPATH_SELECTOR\n            or status in ErrorCode.INVALID_XPATH_SELECTOR_RETURN_TYPER\n        ):\n            exception_class = InvalidSelectorException\n        elif status in ErrorCode.ELEMENT_IS_NOT_SELECTABLE:\n            exception_class = ElementNotSelectableException\n        elif status in ErrorCode.ELEMENT_NOT_INTERACTABLE:\n            exception_class = ElementNotInteractableException\n        elif status in ErrorCode.INVALID_COOKIE_DOMAIN:\n            exception_class = InvalidCookieDomainException\n        elif status in ErrorCode.UNABLE_TO_SET_COOKIE:\n            exception_class = UnableToSetCookieException\n        elif status in ErrorCode.TIMEOUT:\n            exception_class = TimeoutException\n        elif status in ErrorCode.SCRIPT_TIMEOUT:\n            exception_class = TimeoutException\n        elif status in ErrorCode.UNKNOWN_ERROR:\n            exception_class = WebDriverException\n        elif status in ErrorCode.UNEXPECTED_ALERT_OPEN:\n            exception_class = UnexpectedAlertPresentException\n        elif status in ErrorCode.NO_ALERT_OPEN:\n            exception_class = NoAlertPresentException\n        elif status in ErrorCode.IME_NOT_AVAILABLE:\n            exception_class = ImeNotAvailableException\n        elif status in ErrorCode.IME_ENGINE_ACTIVATION_FAILED:\n            exception_class = ImeActivationFailedException\n        elif status in ErrorCode.MOVE_TARGET_OUT_OF_BOUNDS:\n            exception_class = MoveTargetOutOfBoundsException\n        elif status in ErrorCode.JAVASCRIPT_ERROR:\n            exception_class = JavascriptException\n        elif status in ErrorCode.SESSION_NOT_CREATED:\n            exception_class = SessionNotCreatedException\n        elif status in ErrorCode.INVALID_ARGUMENT:\n            exception_class = InvalidArgumentException\n        elif status in ErrorCode.NO_SUCH_COOKIE:\n            exception_class = NoSuchCookieException\n        elif status in ErrorCode.UNABLE_TO_CAPTURE_SCREEN:\n            exception_class = ScreenshotException\n        elif status in ErrorCode.ELEMENT_CLICK_INTERCEPTED:\n            exception_class = ElementClickInterceptedException\n        elif status in ErrorCode.INSECURE_CERTIFICATE:\n            exception_class = InsecureCertificateException\n        elif status in ErrorCode.INVALID_COORDINATES:\n            exception_class = InvalidCoordinatesException\n        elif status in ErrorCode.INVALID_SESSION_ID:\n            exception_class = InvalidSessionIdException\n        elif status in ErrorCode.UNKNOWN_METHOD:\n            exception_class = UnknownMethodException\n        else:\n            exception_class = WebDriverException\n        if not value:\n            value = response[\"value\"]\n        if isinstance(value, str):\n            raise exception_class(value)\n        if message == \"\" and \"message\" in value:\n            message = value[\"message\"]\n    \n        screen = None  # type: ignore[assignment]\n        if \"screen\" in value:\n            screen = value[\"screen\"]\n    \n        stacktrace = None\n        st_value = value.get(\"stackTrace\") or value.get(\"stacktrace\")\n        if st_value:\n            if isinstance(st_value, str):\n                stacktrace = st_value.split(\"\\n\")\n            else:\n                stacktrace = []\n                try:\n                    for frame in st_value:\n                        line = frame.get(\"lineNumber\", \"\")\n                        file = frame.get(\"fileName\", \"<anonymous>\")\n                        if line:\n                            file = f\"{file}:{line}\"\n                        meth = frame.get(\"methodName\", \"<anonymous>\")\n                        if \"className\" in frame:\n                            meth = f\"{frame['className']}.{meth}\"\n                        msg = \"    at %s (%s)\"\n                        msg = msg % (meth, file)\n                        stacktrace.append(msg)\n                except TypeError:\n                    pass\n        if exception_class == UnexpectedAlertPresentException:\n            alert_text = None\n            if \"data\" in value:\n                alert_text = value[\"data\"].get(\"text\")\n            elif \"alert\" in value:\n                alert_text = value[\"alert\"].get(\"text\")\n            raise exception_class(message, screen, stacktrace, alert_text)  # type: ignore[call-arg]  # mypy is not smart enough here\n>       raise exception_class(message, screen, stacktrace)\nE       selenium.common.exceptions.NoSuchElementException: Message: no such element: Unable to locate element: {\"method\":\"xpath\",\"selector\":\"(//a[@class='add-to-cart yellow-btn'])[1]\"}\nE         (Session info: headless chrome=117.0.5938.149); For documentation on this error, please visit: https://www.selenium.dev/documentation/webdriver/troubleshooting/errors#no-such-element-exception\nE       Stacktrace:\nE       #0 0x557f12f96933 <unknown>\nE       #1 0x557f12c706f7 <unknown>\nE       #2 0x557f12cb7aa6 <unknown>\nE       #3 0x557f12cb7b91 <unknown>\nE       #4 0x557f12cf4fc4 <unknown>\nE       #5 0x557f12cd962d <unknown>\nE       #6 0x557f12cf2857 <unknown>\nE       #7 0x557f12cd93d3 <unknown>\nE       #8 0x557f12cabe64 <unknown>\nE       #9 0x557f12cacc4e <unknown>\nE       #10 0x557f12f5c558 <unknown>\nE       #11 0x557f12f604a0 <unknown>\nE       #12 0x557f12f6a97c <unknown>\nE       #13 0x557f12f610b8 <unknown>\nE       #14 0x557f12f2ccdf <unknown>\nE       #15 0x557f12f85048 <unknown>\nE       #16 0x557f12f85219 <unknown>\nE       #17 0x557f12f95ac3 <unknown>\nE       #18 0x7f397aa79044 <unknown>\n\n/usr/local/lib/python3.11/site-packages/selenium/webdriver/remote/errorhandler.py:245: NoSuchElementException","flaky":false,"newFailed":false,"newBroken":false,"newPassed":false,"retriesCount":0,"retriesStatusChange":false,"beforeStages":[{"name":"_session_faker","time":{"start":1696640423959,"stop":1696640424044,"duration":85},"status":"passed","steps":[],"attachments":[],"parameters":[],"shouldDisplayMessage":false,"stepsCount":0,"attachmentsCount":0,"hasContent":false},{"name":"clear_allure_results_folder","time":{"start":1696640424044,"stop":1696640424044,"duration":0},"status":"passed","steps":[],"attachments":[],"parameters":[],"shouldDisplayMessage":false,"stepsCount":0,"attachmentsCount":0,"hasContent":false},{"name":"driver","time":{"start":1696640929019,"stop":1696640929794,"duration":775},"status":"passed","steps":[],"attachments":[],"parameters":[],"shouldDisplayMessage":false,"stepsCount":0,"attachmentsCount":0,"hasContent":false},{"name":"setup","time":{"start":1696640929794,"stop":1696640929794,"duration":0},"status":"passed","steps":[],"attachments":[],"parameters":[],"shouldDisplayMessage":false,"stepsCount":0,"attachmentsCount":0,"hasContent":false}],"testStage":{"status":"broken","statusMessage":"selenium.common.exceptions.NoSuchElementException: Message: no such element: Unable to locate element: {\"method\":\"xpath\",\"selector\":\"(//a[@class='add-to-cart yellow-btn'])[1]\"}\n  (Session info: headless chrome=117.0.5938.149); For documentation on this error, please visit: https://www.selenium.dev/documentation/webdriver/troubleshooting/errors#no-such-element-exception\nStacktrace:\n#0 0x557f12f96933 <unknown>\n#1 0x557f12c706f7 <unknown>\n#2 0x557f12cb7aa6 <unknown>\n#3 0x557f12cb7b91 <unknown>\n#4 0x557f12cf4fc4 <unknown>\n#5 0x557f12cd962d <unknown>\n#6 0x557f12cf2857 <unknown>\n#7 0x557f12cd93d3 <unknown>\n#8 0x557f12cabe64 <unknown>\n#9 0x557f12cacc4e <unknown>\n#10 0x557f12f5c558 <unknown>\n#11 0x557f12f604a0 <unknown>\n#12 0x557f12f6a97c <unknown>\n#13 0x557f12f610b8 <unknown>\n#14 0x557f12f2ccdf <unknown>\n#15 0x557f12f85048 <unknown>\n#16 0x557f12f85219 <unknown>\n#17 0x557f12f95ac3 <unknown>\n#18 0x7f397aa79044 <unknown>","statusTrace":"self = <tests.delivery.test_delivery_calculation.TestDeliveryPageCalculation object at 0x7f00b210b590>\ndriver = <selenium.webdriver.chrome.webdriver.WebDriver (session=\"f91f9f6e68952b81571521eb2fa0179d\")>\nurl = 'https://sandboxtest.stroyrem-nn.ru/', case_id = 'TD 022'\nlink_item = 'products/shtukaturka-gipsovaya-aksolit-m50-30-kg-mashinnogo-naneseniya'\namount = 166, weight = 5000, standard = 2800, in_time = 5490, all_time = 5980\n\n    @pytest.mark.parametrize('case_id, link_item, amount, weight, standard, in_time, all_time', [\n        (\"TD 015\", bundeks_25, 1, 30, 650, 2390, 3320),\n        pytest.param(\n            \"TD 016\", aksolit_30, 8, 300, 650, 2390, 3320,\n            marks=pytest.mark.xfail(reson=\"Цена доставки: - - -\")\n        ),\n        (\"TD 017\", aksolit_30, 13, 400, 650, 2390, 3320),\n        (\"TD 018\", aksolit_30, 16, 500, 850, 2490, 3320),\n        (\"TD 019\", aksolit_30, 25, 1700, 1150, 2490, 3320),\n        (\"TD 020\", aksolit_30, 66, 2000, 1500, 2990, 3650),\n        (\"TD 021\", aksolit_30, 149, 4500, 2600, 4380, 4890),\n        (\"TD 022\", aksolit_30, 166, 5000, 2800, 5490, 5980),\n        pytest.param(\n            \"TD 023\", aksolit_30, 206, 6200, 3300, 7500, 8000,\n            marks=pytest.mark.xfail(reson=\"Цена доставки: 4300 9900 11440\")\n        ),\n        (\"TD 024\", aksolit_30, 299, 9000, 4300, 9900, 11440),\n        (\"TD 025\", aksolit_30, 333, 10000, 7000, 13900, 15900),\n        pytest.param(\n            \"TD 026\", aksolit_30, 366, 11000, 8000, 14900, 19900,\n            marks=pytest.mark.xfail(reson=\"Цена доставки: 7000 13900 15900\")\n        ),\n        pytest.param(\n            \"TD 027\", aksolit_30, 666, 20000, 14000, 16900, 23900,\n            marks=pytest.mark.xfail(reson=\"Цена доставки: 7000 13900 15900\")\n        )\n    ])\n    @pytest.mark.smoke\n    def test_positive_delivery_blue_zone_smoke(\n            self, driver, url, case_id, link_item, amount, weight, standard, in_time, all_time\n    ):\n        allure.dynamic.title(f\"{case_id} Доставка товара весом до {weight}кг. в синей зоне\")\n    \n        driver.get(f'{url}{link_item}')\n        item_page = ItemPage(driver)\n>       item_page.add_item_to_cart(amount).click_on_cart()\n\ntests/delivery/test_delivery_calculation.py:130: \n_ _ _ _ _ _ _ _ _ _ _ _ _ _ _ _ _ _ _ _ _ _ _ _ _ _ _ _ _ _ _ _ _ _ _ _ _ _ _ _ \npages/item_page.py:40: in add_item_to_cart\n    self.find_element(self._add_item).click()\nbase/seleniumbase.py:17: in find_element\n    return self.driver.find_element(*locator)\n/usr/local/lib/python3.11/site-packages/selenium/webdriver/remote/webdriver.py:740: in find_element\n    return self.execute(Command.FIND_ELEMENT, {\"using\": by, \"value\": value})[\"value\"]\n/usr/local/lib/python3.11/site-packages/selenium/webdriver/remote/webdriver.py:346: in execute\n    self.error_handler.check_response(response)\n_ _ _ _ _ _ _ _ _ _ _ _ _ _ _ _ _ _ _ _ _ _ _ _ _ _ _ _ _ _ _ _ _ _ _ _ _ _ _ _ \n\nself = <selenium.webdriver.remote.errorhandler.ErrorHandler object at 0x7f00b0de0f90>\nresponse = {'status': 404, 'value': '{\"value\":{\"error\":\"no such element\",\"message\":\"no such element: Unable to locate element: {\\...\\\\n#16 0x557f12f85219 \\\\u003Cunknown>\\\\n#17 0x557f12f95ac3 \\\\u003Cunknown>\\\\n#18 0x7f397aa79044 \\\\u003Cunknown>\\\\n\"}}'}\n\n    def check_response(self, response: Dict[str, Any]) -> None:\n        \"\"\"Checks that a JSON response from the WebDriver does not have an\n        error.\n    \n        :Args:\n         - response - The JSON response from the WebDriver server as a dictionary\n           object.\n    \n        :Raises: If the response contains an error message.\n        \"\"\"\n        status = response.get(\"status\", None)\n        if not status or status == ErrorCode.SUCCESS:\n            return\n        value = None\n        message = response.get(\"message\", \"\")\n        screen: str = response.get(\"screen\", \"\")\n        stacktrace = None\n        if isinstance(status, int):\n            value_json = response.get(\"value\", None)\n            if value_json and isinstance(value_json, str):\n                import json\n    \n                try:\n                    value = json.loads(value_json)\n                    if len(value) == 1:\n                        value = value[\"value\"]\n                    status = value.get(\"error\", None)\n                    if not status:\n                        status = value.get(\"status\", ErrorCode.UNKNOWN_ERROR)\n                        message = value.get(\"value\") or value.get(\"message\")\n                        if not isinstance(message, str):\n                            value = message\n                            message = message.get(\"message\")\n                    else:\n                        message = value.get(\"message\", None)\n                except ValueError:\n                    pass\n    \n        exception_class: Type[WebDriverException]\n        if status in ErrorCode.NO_SUCH_ELEMENT:\n            exception_class = NoSuchElementException\n        elif status in ErrorCode.NO_SUCH_FRAME:\n            exception_class = NoSuchFrameException\n        elif status in ErrorCode.NO_SUCH_SHADOW_ROOT:\n            exception_class = NoSuchShadowRootException\n        elif status in ErrorCode.NO_SUCH_WINDOW:\n            exception_class = NoSuchWindowException\n        elif status in ErrorCode.STALE_ELEMENT_REFERENCE:\n            exception_class = StaleElementReferenceException\n        elif status in ErrorCode.ELEMENT_NOT_VISIBLE:\n            exception_class = ElementNotVisibleException\n        elif status in ErrorCode.INVALID_ELEMENT_STATE:\n            exception_class = InvalidElementStateException\n        elif (\n            status in ErrorCode.INVALID_SELECTOR\n            or status in ErrorCode.INVALID_XPATH_SELECTOR\n            or status in ErrorCode.INVALID_XPATH_SELECTOR_RETURN_TYPER\n        ):\n            exception_class = InvalidSelectorException\n        elif status in ErrorCode.ELEMENT_IS_NOT_SELECTABLE:\n            exception_class = ElementNotSelectableException\n        elif status in ErrorCode.ELEMENT_NOT_INTERACTABLE:\n            exception_class = ElementNotInteractableException\n        elif status in ErrorCode.INVALID_COOKIE_DOMAIN:\n            exception_class = InvalidCookieDomainException\n        elif status in ErrorCode.UNABLE_TO_SET_COOKIE:\n            exception_class = UnableToSetCookieException\n        elif status in ErrorCode.TIMEOUT:\n            exception_class = TimeoutException\n        elif status in ErrorCode.SCRIPT_TIMEOUT:\n            exception_class = TimeoutException\n        elif status in ErrorCode.UNKNOWN_ERROR:\n            exception_class = WebDriverException\n        elif status in ErrorCode.UNEXPECTED_ALERT_OPEN:\n            exception_class = UnexpectedAlertPresentException\n        elif status in ErrorCode.NO_ALERT_OPEN:\n            exception_class = NoAlertPresentException\n        elif status in ErrorCode.IME_NOT_AVAILABLE:\n            exception_class = ImeNotAvailableException\n        elif status in ErrorCode.IME_ENGINE_ACTIVATION_FAILED:\n            exception_class = ImeActivationFailedException\n        elif status in ErrorCode.MOVE_TARGET_OUT_OF_BOUNDS:\n            exception_class = MoveTargetOutOfBoundsException\n        elif status in ErrorCode.JAVASCRIPT_ERROR:\n            exception_class = JavascriptException\n        elif status in ErrorCode.SESSION_NOT_CREATED:\n            exception_class = SessionNotCreatedException\n        elif status in ErrorCode.INVALID_ARGUMENT:\n            exception_class = InvalidArgumentException\n        elif status in ErrorCode.NO_SUCH_COOKIE:\n            exception_class = NoSuchCookieException\n        elif status in ErrorCode.UNABLE_TO_CAPTURE_SCREEN:\n            exception_class = ScreenshotException\n        elif status in ErrorCode.ELEMENT_CLICK_INTERCEPTED:\n            exception_class = ElementClickInterceptedException\n        elif status in ErrorCode.INSECURE_CERTIFICATE:\n            exception_class = InsecureCertificateException\n        elif status in ErrorCode.INVALID_COORDINATES:\n            exception_class = InvalidCoordinatesException\n        elif status in ErrorCode.INVALID_SESSION_ID:\n            exception_class = InvalidSessionIdException\n        elif status in ErrorCode.UNKNOWN_METHOD:\n            exception_class = UnknownMethodException\n        else:\n            exception_class = WebDriverException\n        if not value:\n            value = response[\"value\"]\n        if isinstance(value, str):\n            raise exception_class(value)\n        if message == \"\" and \"message\" in value:\n            message = value[\"message\"]\n    \n        screen = None  # type: ignore[assignment]\n        if \"screen\" in value:\n            screen = value[\"screen\"]\n    \n        stacktrace = None\n        st_value = value.get(\"stackTrace\") or value.get(\"stacktrace\")\n        if st_value:\n            if isinstance(st_value, str):\n                stacktrace = st_value.split(\"\\n\")\n            else:\n                stacktrace = []\n                try:\n                    for frame in st_value:\n                        line = frame.get(\"lineNumber\", \"\")\n                        file = frame.get(\"fileName\", \"<anonymous>\")\n                        if line:\n                            file = f\"{file}:{line}\"\n                        meth = frame.get(\"methodName\", \"<anonymous>\")\n                        if \"className\" in frame:\n                            meth = f\"{frame['className']}.{meth}\"\n                        msg = \"    at %s (%s)\"\n                        msg = msg % (meth, file)\n                        stacktrace.append(msg)\n                except TypeError:\n                    pass\n        if exception_class == UnexpectedAlertPresentException:\n            alert_text = None\n            if \"data\" in value:\n                alert_text = value[\"data\"].get(\"text\")\n            elif \"alert\" in value:\n                alert_text = value[\"alert\"].get(\"text\")\n            raise exception_class(message, screen, stacktrace, alert_text)  # type: ignore[call-arg]  # mypy is not smart enough here\n>       raise exception_class(message, screen, stacktrace)\nE       selenium.common.exceptions.NoSuchElementException: Message: no such element: Unable to locate element: {\"method\":\"xpath\",\"selector\":\"(//a[@class='add-to-cart yellow-btn'])[1]\"}\nE         (Session info: headless chrome=117.0.5938.149); For documentation on this error, please visit: https://www.selenium.dev/documentation/webdriver/troubleshooting/errors#no-such-element-exception\nE       Stacktrace:\nE       #0 0x557f12f96933 <unknown>\nE       #1 0x557f12c706f7 <unknown>\nE       #2 0x557f12cb7aa6 <unknown>\nE       #3 0x557f12cb7b91 <unknown>\nE       #4 0x557f12cf4fc4 <unknown>\nE       #5 0x557f12cd962d <unknown>\nE       #6 0x557f12cf2857 <unknown>\nE       #7 0x557f12cd93d3 <unknown>\nE       #8 0x557f12cabe64 <unknown>\nE       #9 0x557f12cacc4e <unknown>\nE       #10 0x557f12f5c558 <unknown>\nE       #11 0x557f12f604a0 <unknown>\nE       #12 0x557f12f6a97c <unknown>\nE       #13 0x557f12f610b8 <unknown>\nE       #14 0x557f12f2ccdf <unknown>\nE       #15 0x557f12f85048 <unknown>\nE       #16 0x557f12f85219 <unknown>\nE       #17 0x557f12f95ac3 <unknown>\nE       #18 0x7f397aa79044 <unknown>\n\n/usr/local/lib/python3.11/site-packages/selenium/webdriver/remote/errorhandler.py:245: NoSuchElementException","steps":[{"name":"Добавляем товар в корзину в количестве 166","time":{"start":1696640930348,"stop":1696640930363,"duration":15},"status":"broken","statusMessage":"selenium.common.exceptions.NoSuchElementException: Message: no such element: Unable to locate element: {\"method\":\"xpath\",\"selector\":\"(//a[@class='add-to-cart yellow-btn'])[1]\"}\n  (Session info: headless chrome=117.0.5938.149); For documentation on this error, please visit: https://www.selenium.dev/documentation/webdriver/troubleshooting/errors#no-such-element-exception\nStacktrace:\n#0 0x557f12f96933 <unknown>\n#1 0x557f12c706f7 <unknown>\n#2 0x557f12cb7aa6 <unknown>\n#3 0x557f12cb7b91 <unknown>\n#4 0x557f12cf4fc4 <unknown>\n#5 0x557f12cd962d <unknown>\n#6 0x557f12cf2857 <unknown>\n#7 0x557f12cd93d3 <unknown>\n#8 0x557f12cabe64 <unknown>\n#9 0x557f12cacc4e <unknown>\n#10 0x557f12f5c558 <unknown>\n#11 0x557f12f604a0 <unknown>\n#12 0x557f12f6a97c <unknown>\n#13 0x557f12f610b8 <unknown>\n#14 0x557f12f2ccdf <unknown>\n#15 0x557f12f85048 <unknown>\n#16 0x557f12f85219 <unknown>\n#17 0x557f12f95ac3 <unknown>\n#18 0x7f397aa79044 <unknown>\n\n","statusTrace":"  File \"/usr/local/lib/python3.11/site-packages/allure_commons/_allure.py\", line 192, in impl\n    return func(*a, **kw)\n           ^^^^^^^^^^^^^^\n  File \"/app/pages/item_page.py\", line 40, in add_item_to_cart\n    self.find_element(self._add_item).click()\n    ^^^^^^^^^^^^^^^^^^^^^^^^^^^^^^^^^\n  File \"/app/base/seleniumbase.py\", line 17, in find_element\n    return self.driver.find_element(*locator)\n           ^^^^^^^^^^^^^^^^^^^^^^^^^^^^^^^^^^\n  File \"/usr/local/lib/python3.11/site-packages/selenium/webdriver/remote/webdriver.py\", line 740, in find_element\n    return self.execute(Command.FIND_ELEMENT, {\"using\": by, \"value\": value})[\"value\"]\n           ^^^^^^^^^^^^^^^^^^^^^^^^^^^^^^^^^^^^^^^^^^^^^^^^^^^^^^^^^^^^^^^^^\n  File \"/usr/local/lib/python3.11/site-packages/selenium/webdriver/remote/webdriver.py\", line 346, in execute\n    self.error_handler.check_response(response)\n  File \"/usr/local/lib/python3.11/site-packages/selenium/webdriver/remote/errorhandler.py\", line 245, in check_response\n    raise exception_class(message, screen, stacktrace)\n","steps":[],"attachments":[],"parameters":[{"name":"amount","value":"166"}],"shouldDisplayMessage":true,"stepsCount":0,"attachmentsCount":0,"hasContent":true}],"attachments":[{"uid":"87a5f83ff90f9ea0","name":"Screenshot","source":"87a5f83ff90f9ea0.png","type":"image/png","size":39917},{"uid":"e0e784c522109ec0","name":"HTML source","source":"e0e784c522109ec0.html","type":"text/html","size":544}],"parameters":[],"shouldDisplayMessage":true,"stepsCount":1,"attachmentsCount":2,"hasContent":true},"afterStages":[{"name":"setup::0","time":{"start":1696640930533,"stop":1696640930534,"duration":1},"status":"passed","steps":[],"attachments":[],"parameters":[],"shouldDisplayMessage":false,"stepsCount":0,"attachmentsCount":0,"hasContent":false},{"name":"driver::0","time":{"start":1696640930534,"stop":1696640930590,"duration":56},"status":"passed","steps":[],"attachments":[],"parameters":[],"shouldDisplayMessage":false,"stepsCount":0,"attachmentsCount":0,"hasContent":false}],"labels":[{"name":"epic","value":"Delivery Page - calculation"},{"name":"tag","value":"smoke"},{"name":"parentSuite","value":"tests.delivery"},{"name":"suite","value":"test_delivery_calculation"},{"name":"subSuite","value":"TestDeliveryPageCalculation"},{"name":"host","value":"45ffc8978d87"},{"name":"thread","value":"1-MainThread"},{"name":"framework","value":"pytest"},{"name":"language","value":"cpython3"},{"name":"package","value":"tests.delivery.test_delivery_calculation"},{"name":"resultFormat","value":"allure2"}],"parameters":[{"name":"all_time","value":"5980"},{"name":"amount","value":"166"},{"name":"case_id","value":"'TD 022'"},{"name":"in_time","value":"5490"},{"name":"link_item","value":"'products/shtukaturka-gipsovaya-aksolit-m50-30-kg-mashinnogo-naneseniya'"},{"name":"standard","value":"2800"},{"name":"url","value":"'https://sandboxtest.stroyrem-nn.ru/'"},{"name":"weight","value":"5000"}],"links":[],"hidden":false,"retry":false,"extra":{"severity":"normal","retries":[],"categories":[{"name":"Test defects","matchedStatuses":[],"flaky":false}],"history":{"statistic":{"failed":0,"broken":38,"skipped":0,"passed":0,"unknown":0,"total":38},"items":[{"uid":"dcb64a9bada3fe8c","reportUrl":"https://zaelcovsky.github.io/StroyremAutomation/101//#testresult/dcb64a9bada3fe8c","status":"broken","statusDetails":"selenium.common.exceptions.NoSuchElementException: Message: no such element: Unable to locate element: {\"method\":\"xpath\",\"selector\":\"(//a[@class='add-to-cart yellow-btn'])[1]\"}\n  (Session info: headless chrome=117.0.5938.149); For documentation on this error, please visit: https://www.selenium.dev/documentation/webdriver/troubleshooting/errors#no-such-element-exception\nStacktrace:\n#0 0x561550ed6933 <unknown>\n#1 0x561550bb06f7 <unknown>\n#2 0x561550bf7aa6 <unknown>\n#3 0x561550bf7b91 <unknown>\n#4 0x561550c34fc4 <unknown>\n#5 0x561550c1962d <unknown>\n#6 0x561550c32857 <unknown>\n#7 0x561550c193d3 <unknown>\n#8 0x561550bebe64 <unknown>\n#9 0x561550becc4e <unknown>\n#10 0x561550e9c558 <unknown>\n#11 0x561550ea04a0 <unknown>\n#12 0x561550eaa97c <unknown>\n#13 0x561550ea10b8 <unknown>\n#14 0x561550e6ccdf <unknown>\n#15 0x561550ec5048 <unknown>\n#16 0x561550ec5219 <unknown>\n#17 0x561550ed5ac3 <unknown>\n#18 0x7f4df3933044 <unknown>","time":{"start":1696554535499,"stop":1696554536013,"duration":514}},{"uid":"2739cf5e9b3ca5da","reportUrl":"https://zaelcovsky.github.io/StroyremAutomation/100//#testresult/2739cf5e9b3ca5da","status":"broken","statusDetails":"selenium.common.exceptions.NoSuchElementException: Message: no such element: Unable to locate element: {\"method\":\"xpath\",\"selector\":\"(//a[@class='add-to-cart yellow-btn'])[1]\"}\n  (Session info: headless chrome=117.0.5938.149); For documentation on this error, please visit: https://www.selenium.dev/documentation/webdriver/troubleshooting/errors#no-such-element-exception\nStacktrace:\n#0 0x55f0364bf933 <unknown>\n#1 0x55f0361996f7 <unknown>\n#2 0x55f0361e0aa6 <unknown>\n#3 0x55f0361e0b91 <unknown>\n#4 0x55f03621dfc4 <unknown>\n#5 0x55f03620262d <unknown>\n#6 0x55f03621b857 <unknown>\n#7 0x55f0362023d3 <unknown>\n#8 0x55f0361d4e64 <unknown>\n#9 0x55f0361d5c4e <unknown>\n#10 0x55f036485558 <unknown>\n#11 0x55f0364894a0 <unknown>\n#12 0x55f03649397c <unknown>\n#13 0x55f03648a0b8 <unknown>\n#14 0x55f036455cdf <unknown>\n#15 0x55f0364ae048 <unknown>\n#16 0x55f0364ae219 <unknown>\n#17 0x55f0364beac3 <unknown>\n#18 0x7f8f75440044 <unknown>","time":{"start":1696468366464,"stop":1696468367164,"duration":700}},{"uid":"5baf0ee5d7482935","reportUrl":"https://zaelcovsky.github.io/StroyremAutomation/99//#testresult/5baf0ee5d7482935","status":"broken","statusDetails":"selenium.common.exceptions.NoSuchElementException: Message: no such element: Unable to locate element: {\"method\":\"xpath\",\"selector\":\"(//a[@class='add-to-cart yellow-btn'])[1]\"}\n  (Session info: headless chrome=117.0.5938.92); For documentation on this error, please visit: https://www.selenium.dev/documentation/webdriver/troubleshooting/errors#no-such-element-exception\nStacktrace:\n#0 0x56184ffa96b3 <unknown>\n#1 0x56184fc7f1e7 <unknown>\n#2 0x56184fcc6566 <unknown>\n#3 0x56184fcc6651 <unknown>\n#4 0x56184fd03a74 <unknown>\n#5 0x56184fce80ed <unknown>\n#6 0x56184fd01322 <unknown>\n#7 0x56184fce7e93 <unknown>\n#8 0x56184fcba934 <unknown>\n#9 0x56184fcbb71e <unknown>\n#10 0x56184ff6ecb8 <unknown>\n#11 0x56184ff72bf0 <unknown>\n#12 0x56184ff7d19c <unknown>\n#13 0x56184ff73808 <unknown>\n#14 0x56184ff4027f <unknown>\n#15 0x56184ff97e88 <unknown>\n#16 0x56184ff98059 <unknown>\n#17 0x56184ffa8843 <unknown>\n#18 0x7f5263fb3044 <unknown>","time":{"start":1696381823839,"stop":1696381824343,"duration":504}},{"uid":"51b114cd9a848ca2","reportUrl":"https://zaelcovsky.github.io/StroyremAutomation/98//#testresult/51b114cd9a848ca2","status":"broken","statusDetails":"selenium.common.exceptions.NoSuchElementException: Message: no such element: Unable to locate element: {\"method\":\"xpath\",\"selector\":\"(//a[@class='add-to-cart yellow-btn'])[1]\"}\n  (Session info: headless chrome=117.0.5938.92); For documentation on this error, please visit: https://www.selenium.dev/documentation/webdriver/troubleshooting/errors#no-such-element-exception\nStacktrace:\n#0 0x55826e6596b3 <unknown>\n#1 0x55826e32f1e7 <unknown>\n#2 0x55826e376566 <unknown>\n#3 0x55826e376651 <unknown>\n#4 0x55826e3b3a74 <unknown>\n#5 0x55826e3980ed <unknown>\n#6 0x55826e3b1322 <unknown>\n#7 0x55826e397e93 <unknown>\n#8 0x55826e36a934 <unknown>\n#9 0x55826e36b71e <unknown>\n#10 0x55826e61ecb8 <unknown>\n#11 0x55826e622bf0 <unknown>\n#12 0x55826e62d19c <unknown>\n#13 0x55826e623808 <unknown>\n#14 0x55826e5f027f <unknown>\n#15 0x55826e647e88 <unknown>\n#16 0x55826e648059 <unknown>\n#17 0x55826e658843 <unknown>\n#18 0x7f4b306a0044 <unknown>","time":{"start":1696295413804,"stop":1696295414688,"duration":884}},{"uid":"160dbd5ac3953a3e","reportUrl":"https://zaelcovsky.github.io/StroyremAutomation/97//#testresult/160dbd5ac3953a3e","status":"broken","statusDetails":"selenium.common.exceptions.NoSuchElementException: Message: no such element: Unable to locate element: {\"method\":\"xpath\",\"selector\":\"(//a[@class='add-to-cart yellow-btn'])[1]\"}\n  (Session info: headless chrome=117.0.5938.92); For documentation on this error, please visit: https://www.selenium.dev/documentation/webdriver/troubleshooting/errors#no-such-element-exception\nStacktrace:\n#0 0x55ef08b606b3 <unknown>\n#1 0x55ef088361e7 <unknown>\n#2 0x55ef0887d566 <unknown>\n#3 0x55ef0887d651 <unknown>\n#4 0x55ef088baa74 <unknown>\n#5 0x55ef0889f0ed <unknown>\n#6 0x55ef088b8322 <unknown>\n#7 0x55ef0889ee93 <unknown>\n#8 0x55ef08871934 <unknown>\n#9 0x55ef0887271e <unknown>\n#10 0x55ef08b25cb8 <unknown>\n#11 0x55ef08b29bf0 <unknown>\n#12 0x55ef08b3419c <unknown>\n#13 0x55ef08b2a808 <unknown>\n#14 0x55ef08af727f <unknown>\n#15 0x55ef08b4ee88 <unknown>\n#16 0x55ef08b4f059 <unknown>\n#17 0x55ef08b5f843 <unknown>\n#18 0x7f242b5f6044 <unknown>","time":{"start":1696208983725,"stop":1696208984219,"duration":494}},{"uid":"f9ea07c8f6cc9569","reportUrl":"https://zaelcovsky.github.io/StroyremAutomation/96//#testresult/f9ea07c8f6cc9569","status":"broken","statusDetails":"selenium.common.exceptions.NoSuchElementException: Message: no such element: Unable to locate element: {\"method\":\"xpath\",\"selector\":\"(//a[@class='add-to-cart yellow-btn'])[1]\"}\n  (Session info: headless chrome=117.0.5938.92); For documentation on this error, please visit: https://www.selenium.dev/documentation/webdriver/troubleshooting/errors#no-such-element-exception\nStacktrace:\n#0 0x5594cc1df6b3 <unknown>\n#1 0x5594cbeb51e7 <unknown>\n#2 0x5594cbefc566 <unknown>\n#3 0x5594cbefc651 <unknown>\n#4 0x5594cbf39a74 <unknown>\n#5 0x5594cbf1e0ed <unknown>\n#6 0x5594cbf37322 <unknown>\n#7 0x5594cbf1de93 <unknown>\n#8 0x5594cbef0934 <unknown>\n#9 0x5594cbef171e <unknown>\n#10 0x5594cc1a4cb8 <unknown>\n#11 0x5594cc1a8bf0 <unknown>\n#12 0x5594cc1b319c <unknown>\n#13 0x5594cc1a9808 <unknown>\n#14 0x5594cc17627f <unknown>\n#15 0x5594cc1cde88 <unknown>\n#16 0x5594cc1ce059 <unknown>\n#17 0x5594cc1de843 <unknown>\n#18 0x7fd14ae7c044 <unknown>","time":{"start":1696123035637,"stop":1696123036451,"duration":814}},{"uid":"fe978cbdd525675c","reportUrl":"https://zaelcovsky.github.io/StroyremAutomation/95//#testresult/fe978cbdd525675c","status":"broken","statusDetails":"selenium.common.exceptions.NoSuchElementException: Message: no such element: Unable to locate element: {\"method\":\"xpath\",\"selector\":\"(//a[@class='add-to-cart yellow-btn'])[1]\"}\n  (Session info: headless chrome=117.0.5938.92); For documentation on this error, please visit: https://www.selenium.dev/documentation/webdriver/troubleshooting/errors#no-such-element-exception\nStacktrace:\n#0 0x560b6de546b3 <unknown>\n#1 0x560b6db2a1e7 <unknown>\n#2 0x560b6db71566 <unknown>\n#3 0x560b6db71651 <unknown>\n#4 0x560b6dbaea74 <unknown>\n#5 0x560b6db930ed <unknown>\n#6 0x560b6dbac322 <unknown>\n#7 0x560b6db92e93 <unknown>\n#8 0x560b6db65934 <unknown>\n#9 0x560b6db6671e <unknown>\n#10 0x560b6de19cb8 <unknown>\n#11 0x560b6de1dbf0 <unknown>\n#12 0x560b6de2819c <unknown>\n#13 0x560b6de1e808 <unknown>\n#14 0x560b6ddeb27f <unknown>\n#15 0x560b6de42e88 <unknown>\n#16 0x560b6de43059 <unknown>\n#17 0x560b6de53843 <unknown>\n#18 0x7fef9aefb044 <unknown>","time":{"start":1696035964531,"stop":1696035964943,"duration":412}},{"uid":"754960d2c4d99f89","reportUrl":"https://zaelcovsky.github.io/StroyremAutomation/94//#testresult/754960d2c4d99f89","status":"broken","statusDetails":"selenium.common.exceptions.NoSuchElementException: Message: no such element: Unable to locate element: {\"method\":\"xpath\",\"selector\":\"(//a[@class='add-to-cart yellow-btn'])[1]\"}\n  (Session info: headless chrome=117.0.5938.92); For documentation on this error, please visit: https://www.selenium.dev/documentation/webdriver/troubleshooting/errors#no-such-element-exception\nStacktrace:\n#0 0x55da422676b3 <unknown>\n#1 0x55da41f3d1e7 <unknown>\n#2 0x55da41f84566 <unknown>\n#3 0x55da41f84651 <unknown>\n#4 0x55da41fc1a74 <unknown>\n#5 0x55da41fa60ed <unknown>\n#6 0x55da41fbf322 <unknown>\n#7 0x55da41fa5e93 <unknown>\n#8 0x55da41f78934 <unknown>\n#9 0x55da41f7971e <unknown>\n#10 0x55da4222ccb8 <unknown>\n#11 0x55da42230bf0 <unknown>\n#12 0x55da4223b19c <unknown>\n#13 0x55da42231808 <unknown>\n#14 0x55da421fe27f <unknown>\n#15 0x55da42255e88 <unknown>\n#16 0x55da42256059 <unknown>\n#17 0x55da42266843 <unknown>\n#18 0x7fa283ce2044 <unknown>","time":{"start":1695949651957,"stop":1695949657378,"duration":5421}},{"uid":"5352bd7329a96f6b","reportUrl":"https://zaelcovsky.github.io/StroyremAutomation/93//#testresult/5352bd7329a96f6b","status":"broken","statusDetails":"selenium.common.exceptions.NoSuchElementException: Message: no such element: Unable to locate element: {\"method\":\"xpath\",\"selector\":\"(//a[@class='add-to-cart yellow-btn'])[1]\"}\n  (Session info: headless chrome=117.0.5938.92); For documentation on this error, please visit: https://www.selenium.dev/documentation/webdriver/troubleshooting/errors#no-such-element-exception\nStacktrace:\n#0 0x55709394b6b3 <unknown>\n#1 0x5570936211e7 <unknown>\n#2 0x557093668566 <unknown>\n#3 0x557093668651 <unknown>\n#4 0x5570936a5a74 <unknown>\n#5 0x55709368a0ed <unknown>\n#6 0x5570936a3322 <unknown>\n#7 0x557093689e93 <unknown>\n#8 0x55709365c934 <unknown>\n#9 0x55709365d71e <unknown>\n#10 0x557093910cb8 <unknown>\n#11 0x557093914bf0 <unknown>\n#12 0x55709391f19c <unknown>\n#13 0x557093915808 <unknown>\n#14 0x5570938e227f <unknown>\n#15 0x557093939e88 <unknown>\n#16 0x55709393a059 <unknown>\n#17 0x55709394a843 <unknown>\n#18 0x7f7334de2044 <unknown>","time":{"start":1695863246296,"stop":1695863246830,"duration":534}},{"uid":"4d69272510da83e1","reportUrl":"https://zaelcovsky.github.io/StroyremAutomation/92//#testresult/4d69272510da83e1","status":"broken","statusDetails":"selenium.common.exceptions.ElementNotInteractableException: Message: element not interactable\n  (Session info: headless chrome=117.0.5938.92)\nStacktrace:\n#0 0x5640c6cfd6b3 <unknown>\n#1 0x5640c69d3036 <unknown>\n#2 0x5640c6a11c1d <unknown>\n#3 0x5640c6a3c0c2 <unknown>\n#4 0x5640c6a0ff16 <unknown>\n#5 0x5640c6a3c28e <unknown>\n#6 0x5640c6a55322 <unknown>\n#7 0x5640c6a3be93 <unknown>\n#8 0x5640c6a0e934 <unknown>\n#9 0x5640c6a0f71e <unknown>\n#10 0x5640c6cc2cb8 <unknown>\n#11 0x5640c6cc6bf0 <unknown>\n#12 0x5640c6cd119c <unknown>\n#13 0x5640c6cc7808 <unknown>\n#14 0x5640c6c9427f <unknown>\n#15 0x5640c6cebe88 <unknown>\n#16 0x5640c6cec059 <unknown>\n#17 0x5640c6cfc843 <unknown>\n#18 0x7fd7a4adb044 <unknown>","time":{"start":1695777089060,"stop":1695777095797,"duration":6737}},{"uid":"6bfd3a32b0453252","reportUrl":"https://zaelcovsky.github.io/StroyremAutomation/91//#testresult/6bfd3a32b0453252","status":"broken","statusDetails":"selenium.common.exceptions.NoSuchElementException: Message: no such element: Unable to locate element: {\"method\":\"xpath\",\"selector\":\"(//a[@class='add-to-cart yellow-btn'])[1]\"}\n  (Session info: headless chrome=117.0.5938.92); For documentation on this error, please visit: https://www.selenium.dev/documentation/webdriver/troubleshooting/errors#no-such-element-exception\nStacktrace:\n#0 0x55a4d01886b3 <unknown>\n#1 0x55a4cfe5e1e7 <unknown>\n#2 0x55a4cfea5566 <unknown>\n#3 0x55a4cfea5651 <unknown>\n#4 0x55a4cfee2a74 <unknown>\n#5 0x55a4cfec70ed <unknown>\n#6 0x55a4cfee0322 <unknown>\n#7 0x55a4cfec6e93 <unknown>\n#8 0x55a4cfe99934 <unknown>\n#9 0x55a4cfe9a71e <unknown>\n#10 0x55a4d014dcb8 <unknown>\n#11 0x55a4d0151bf0 <unknown>\n#12 0x55a4d015c19c <unknown>\n#13 0x55a4d0152808 <unknown>\n#14 0x55a4d011f27f <unknown>\n#15 0x55a4d0176e88 <unknown>\n#16 0x55a4d0177059 <unknown>\n#17 0x55a4d0187843 <unknown>\n#18 0x7f6279c9a044 <unknown>","time":{"start":1695690690779,"stop":1695690691457,"duration":678}},{"uid":"b435abfdbf9fc48a","reportUrl":"https://zaelcovsky.github.io/StroyremAutomation/90//#testresult/b435abfdbf9fc48a","status":"broken","statusDetails":"selenium.common.exceptions.NoSuchElementException: Message: no such element: Unable to locate element: {\"method\":\"xpath\",\"selector\":\"(//a[@class='add-to-cart yellow-btn'])[1]\"}\n  (Session info: headless chrome=117.0.5938.92); For documentation on this error, please visit: https://www.selenium.dev/documentation/webdriver/troubleshooting/errors#no-such-element-exception\nStacktrace:\n#0 0x55b2673196b3 <unknown>\n#1 0x55b266fef1e7 <unknown>\n#2 0x55b267036566 <unknown>\n#3 0x55b267036651 <unknown>\n#4 0x55b267073a74 <unknown>\n#5 0x55b2670580ed <unknown>\n#6 0x55b267071322 <unknown>\n#7 0x55b267057e93 <unknown>\n#8 0x55b26702a934 <unknown>\n#9 0x55b26702b71e <unknown>\n#10 0x55b2672decb8 <unknown>\n#11 0x55b2672e2bf0 <unknown>\n#12 0x55b2672ed19c <unknown>\n#13 0x55b2672e3808 <unknown>\n#14 0x55b2672b027f <unknown>\n#15 0x55b267307e88 <unknown>\n#16 0x55b267308059 <unknown>\n#17 0x55b267318843 <unknown>\n#18 0x7f19358ac044 <unknown>","time":{"start":1695604081543,"stop":1695604081962,"duration":419}},{"uid":"807674fb785b8cb9","reportUrl":"https://zaelcovsky.github.io/StroyremAutomation/89//#testresult/807674fb785b8cb9","status":"broken","statusDetails":"selenium.common.exceptions.NoSuchElementException: Message: no such element: Unable to locate element: {\"method\":\"xpath\",\"selector\":\"(//a[@class='add-to-cart yellow-btn'])[1]\"}\n  (Session info: headless chrome=117.0.5938.92); For documentation on this error, please visit: https://www.selenium.dev/documentation/webdriver/troubleshooting/errors#no-such-element-exception\nStacktrace:\n#0 0x55d2ae9f56b3 <unknown>\n#1 0x55d2ae6cb1e7 <unknown>\n#2 0x55d2ae712566 <unknown>\n#3 0x55d2ae712651 <unknown>\n#4 0x55d2ae74fa74 <unknown>\n#5 0x55d2ae7340ed <unknown>\n#6 0x55d2ae74d322 <unknown>\n#7 0x55d2ae733e93 <unknown>\n#8 0x55d2ae706934 <unknown>\n#9 0x55d2ae70771e <unknown>\n#10 0x55d2ae9bacb8 <unknown>\n#11 0x55d2ae9bebf0 <unknown>\n#12 0x55d2ae9c919c <unknown>\n#13 0x55d2ae9bf808 <unknown>\n#14 0x55d2ae98c27f <unknown>\n#15 0x55d2ae9e3e88 <unknown>\n#16 0x55d2ae9e4059 <unknown>\n#17 0x55d2ae9f4843 <unknown>\n#18 0x7f233504c044 <unknown>","time":{"start":1695517912129,"stop":1695517912680,"duration":551}},{"uid":"d624c31f88353372","reportUrl":"https://zaelcovsky.github.io/StroyremAutomation/88//#testresult/d624c31f88353372","status":"broken","statusDetails":"selenium.common.exceptions.NoSuchElementException: Message: no such element: Unable to locate element: {\"method\":\"xpath\",\"selector\":\"(//a[@class='add-to-cart yellow-btn'])[1]\"}\n  (Session info: headless chrome=117.0.5938.92); For documentation on this error, please visit: https://www.selenium.dev/documentation/webdriver/troubleshooting/errors#no-such-element-exception\nStacktrace:\n#0 0x5640ab7676b3 <unknown>\n#1 0x5640ab43d1e7 <unknown>\n#2 0x5640ab484566 <unknown>\n#3 0x5640ab484651 <unknown>\n#4 0x5640ab4c1a74 <unknown>\n#5 0x5640ab4a60ed <unknown>\n#6 0x5640ab4bf322 <unknown>\n#7 0x5640ab4a5e93 <unknown>\n#8 0x5640ab478934 <unknown>\n#9 0x5640ab47971e <unknown>\n#10 0x5640ab72ccb8 <unknown>\n#11 0x5640ab730bf0 <unknown>\n#12 0x5640ab73b19c <unknown>\n#13 0x5640ab731808 <unknown>\n#14 0x5640ab6fe27f <unknown>\n#15 0x5640ab755e88 <unknown>\n#16 0x5640ab756059 <unknown>\n#17 0x5640ab766843 <unknown>\n#18 0x7ffb3534d044 <unknown>","time":{"start":1695431257976,"stop":1695431258826,"duration":850}},{"uid":"b496683cdbdbbad2","reportUrl":"https://zaelcovsky.github.io/StroyremAutomation/87//#testresult/b496683cdbdbbad2","status":"broken","statusDetails":"selenium.common.exceptions.NoSuchElementException: Message: no such element: Unable to locate element: {\"method\":\"xpath\",\"selector\":\"(//a[@class='add-to-cart yellow-btn'])[1]\"}\n  (Session info: headless chrome=117.0.5938.92); For documentation on this error, please visit: https://www.selenium.dev/documentation/webdriver/troubleshooting/errors#no-such-element-exception\nStacktrace:\n#0 0x55596f4ba6b3 <unknown>\n#1 0x55596f1901e7 <unknown>\n#2 0x55596f1d7566 <unknown>\n#3 0x55596f1d7651 <unknown>\n#4 0x55596f214a74 <unknown>\n#5 0x55596f1f90ed <unknown>\n#6 0x55596f212322 <unknown>\n#7 0x55596f1f8e93 <unknown>\n#8 0x55596f1cb934 <unknown>\n#9 0x55596f1cc71e <unknown>\n#10 0x55596f47fcb8 <unknown>\n#11 0x55596f483bf0 <unknown>\n#12 0x55596f48e19c <unknown>\n#13 0x55596f484808 <unknown>\n#14 0x55596f45127f <unknown>\n#15 0x55596f4a8e88 <unknown>\n#16 0x55596f4a9059 <unknown>\n#17 0x55596f4b9843 <unknown>\n#18 0x7f04b9148044 <unknown>","time":{"start":1695344836142,"stop":1695344836693,"duration":551}},{"uid":"ddf859cbf9194c49","reportUrl":"https://zaelcovsky.github.io/StroyremAutomation/86//#testresult/ddf859cbf9194c49","status":"broken","statusDetails":"selenium.common.exceptions.NoSuchElementException: Message: no such element: Unable to locate element: {\"method\":\"xpath\",\"selector\":\"(//a[@class='add-to-cart yellow-btn'])[1]\"}\n  (Session info: headless chrome=117.0.5938.88); For documentation on this error, please visit: https://www.selenium.dev/documentation/webdriver/troubleshooting/errors#no-such-element-exception\nStacktrace:\n#0 0x561a22df16c3 <unknown>\n#1 0x561a22ac71e7 <unknown>\n#2 0x561a22b0e566 <unknown>\n#3 0x561a22b0e651 <unknown>\n#4 0x561a22b4ba74 <unknown>\n#5 0x561a22b300ed <unknown>\n#6 0x561a22b49322 <unknown>\n#7 0x561a22b2fe93 <unknown>\n#8 0x561a22b02934 <unknown>\n#9 0x561a22b0371e <unknown>\n#10 0x561a22db6cc8 <unknown>\n#11 0x561a22dbac00 <unknown>\n#12 0x561a22dc51ac <unknown>\n#13 0x561a22dbb818 <unknown>\n#14 0x561a22d8828f <unknown>\n#15 0x561a22ddfe98 <unknown>\n#16 0x561a22de0069 <unknown>\n#17 0x561a22df0853 <unknown>\n#18 0x7f8346386044 <unknown>","time":{"start":1695258399106,"stop":1695258399500,"duration":394}},{"uid":"35ab29a7837909b","reportUrl":"https://zaelcovsky.github.io/StroyremAutomation/85//#testresult/35ab29a7837909b","status":"broken","statusDetails":"selenium.common.exceptions.ElementNotInteractableException: Message: element not interactable\n  (Session info: headless chrome=117.0.5938.88)\nStacktrace:\n#0 0x556206e136c3 <unknown>\n#1 0x556206ae9036 <unknown>\n#2 0x556206b27c1d <unknown>\n#3 0x556206b520c2 <unknown>\n#4 0x556206b25f16 <unknown>\n#5 0x556206b5228e <unknown>\n#6 0x556206b6b322 <unknown>\n#7 0x556206b51e93 <unknown>\n#8 0x556206b24934 <unknown>\n#9 0x556206b2571e <unknown>\n#10 0x556206dd8cc8 <unknown>\n#11 0x556206ddcc00 <unknown>\n#12 0x556206de71ac <unknown>\n#13 0x556206ddd818 <unknown>\n#14 0x556206daa28f <unknown>\n#15 0x556206e01e98 <unknown>\n#16 0x556206e02069 <unknown>\n#17 0x556206e12853 <unknown>\n#18 0x7f349217a044 <unknown>","time":{"start":1695172251889,"stop":1695172257736,"duration":5847}},{"uid":"128b6d518eb6ff3e","reportUrl":"https://zaelcovsky.github.io/StroyremAutomation/84//#testresult/128b6d518eb6ff3e","status":"broken","statusDetails":"selenium.common.exceptions.NoSuchElementException: Message: no such element: Unable to locate element: {\"method\":\"xpath\",\"selector\":\"(//a[@class='add-to-cart yellow-btn'])[1]\"}\n  (Session info: headless chrome=117.0.5938.88); For documentation on this error, please visit: https://www.selenium.dev/documentation/webdriver/troubleshooting/errors#no-such-element-exception\nStacktrace:\n#0 0x563f205136c3 <unknown>\n#1 0x563f201e91e7 <unknown>\n#2 0x563f20230566 <unknown>\n#3 0x563f20230651 <unknown>\n#4 0x563f2026da74 <unknown>\n#5 0x563f202520ed <unknown>\n#6 0x563f2026b322 <unknown>\n#7 0x563f20251e93 <unknown>\n#8 0x563f20224934 <unknown>\n#9 0x563f2022571e <unknown>\n#10 0x563f204d8cc8 <unknown>\n#11 0x563f204dcc00 <unknown>\n#12 0x563f204e71ac <unknown>\n#13 0x563f204dd818 <unknown>\n#14 0x563f204aa28f <unknown>\n#15 0x563f20501e98 <unknown>\n#16 0x563f20502069 <unknown>\n#17 0x563f20512853 <unknown>\n#18 0x7f9705577044 <unknown>","time":{"start":1695085781565,"stop":1695085781966,"duration":401}},{"uid":"901083bd2775e4dd","reportUrl":"https://zaelcovsky.github.io/StroyremAutomation/83//#testresult/901083bd2775e4dd","status":"broken","statusDetails":"selenium.common.exceptions.NoSuchElementException: Message: no such element: Unable to locate element: {\"method\":\"xpath\",\"selector\":\"(//a[@class='add-to-cart yellow-btn'])[1]\"}\n  (Session info: headless chrome=117.0.5938.88); For documentation on this error, please visit: https://www.selenium.dev/documentation/webdriver/troubleshooting/errors#no-such-element-exception\nStacktrace:\n#0 0x559b9c3dd6c3 <unknown>\n#1 0x559b9c0b31e7 <unknown>\n#2 0x559b9c0fa566 <unknown>\n#3 0x559b9c0fa651 <unknown>\n#4 0x559b9c137a74 <unknown>\n#5 0x559b9c11c0ed <unknown>\n#6 0x559b9c135322 <unknown>\n#7 0x559b9c11be93 <unknown>\n#8 0x559b9c0ee934 <unknown>\n#9 0x559b9c0ef71e <unknown>\n#10 0x559b9c3a2cc8 <unknown>\n#11 0x559b9c3a6c00 <unknown>\n#12 0x559b9c3b11ac <unknown>\n#13 0x559b9c3a7818 <unknown>\n#14 0x559b9c37428f <unknown>\n#15 0x559b9c3cbe98 <unknown>\n#16 0x559b9c3cc069 <unknown>\n#17 0x559b9c3dc853 <unknown>\n#18 0x7f03dbc44044 <unknown>","time":{"start":1694999375072,"stop":1694999375749,"duration":677}},{"uid":"3f1fb0bce98e0ca8","reportUrl":"https://zaelcovsky.github.io/StroyremAutomation/82//#testresult/3f1fb0bce98e0ca8","status":"broken","statusDetails":"selenium.common.exceptions.NoSuchElementException: Message: no such element: Unable to locate element: {\"method\":\"xpath\",\"selector\":\"(//a[@class='add-to-cart yellow-btn'])[1]\"}\n  (Session info: headless chrome=117.0.5938.88); For documentation on this error, please visit: https://www.selenium.dev/documentation/webdriver/troubleshooting/errors#no-such-element-exception\nStacktrace:\n#0 0x55e9428666c3 <unknown>\n#1 0x55e94253c1e7 <unknown>\n#2 0x55e942583566 <unknown>\n#3 0x55e942583651 <unknown>\n#4 0x55e9425c0a74 <unknown>\n#5 0x55e9425a50ed <unknown>\n#6 0x55e9425be322 <unknown>\n#7 0x55e9425a4e93 <unknown>\n#8 0x55e942577934 <unknown>\n#9 0x55e94257871e <unknown>\n#10 0x55e94282bcc8 <unknown>\n#11 0x55e94282fc00 <unknown>\n#12 0x55e94283a1ac <unknown>\n#13 0x55e942830818 <unknown>\n#14 0x55e9427fd28f <unknown>\n#15 0x55e942854e98 <unknown>\n#16 0x55e942855069 <unknown>\n#17 0x55e942865853 <unknown>\n#18 0x7efd8429e044 <unknown>","time":{"start":1694913022282,"stop":1694913022737,"duration":455}}]},"tags":["smoke"]},"source":"c61a4e72a09a1f8b.json","parameterValues":["5980","166","'TD 022'","5490","'products/shtukaturka-gipsovaya-aksolit-m50-30-kg-mashinnogo-naneseniya'","2800","'https://sandboxtest.stroyrem-nn.ru/'","5000"]}