{"uid":"947123b72d9b5617","name":"test_positive_delivery_green_zone_smoke[TD 005-products/shtukaturka-gipsovaya-aksolit-m50-30-kg-mashinnogo-naneseniya-16-500-600-1590-2190-https://sandboxtest.stroyrem-nn.ru/]","fullName":"tests.delivery.test_delivery_calculation.TestDeliveryPageCalculation#test_positive_delivery_green_zone_smoke","historyId":"e6058ae35d5a637089e6a6aa5edf052c","time":{"start":1694308269331,"stop":1694308269873,"duration":542},"status":"broken","statusMessage":"selenium.common.exceptions.NoSuchElementException: Message: no such element: Unable to locate element: {\"method\":\"xpath\",\"selector\":\"(//a[@class='add-to-cart yellow-btn'])[1]\"}\n  (Session info: headless chrome=116.0.5845.96); For documentation on this error, please visit: https://www.selenium.dev/documentation/webdriver/troubleshooting/errors#no-such-element-exception\nStacktrace:\n#0 0x556081d9ce23 <unknown>\n#1 0x556081ac57a7 <unknown>\n#2 0x556081b041d3 <unknown>\n#3 0x556081b042c1 <unknown>\n#4 0x556081b3fa04 <unknown>\n#5 0x556081b2503d <unknown>\n#6 0x556081b3d369 <unknown>\n#7 0x556081b24de3 <unknown>\n#8 0x556081af8a7b <unknown>\n#9 0x556081af981e <unknown>\n#10 0x556081d5e638 <unknown>\n#11 0x556081d62507 <unknown>\n#12 0x556081d6cc4c <unknown>\n#13 0x556081d63136 <unknown>\n#14 0x556081d319cf <unknown>\n#15 0x556081d86b98 <unknown>\n#16 0x556081d86d68 <unknown>\n#17 0x556081d95cb3 <unknown>\n#18 0x7f3e45c76044 <unknown>","statusTrace":"self = <tests.delivery.test_delivery_calculation.TestDeliveryPageCalculation object at 0x7fa2d1320710>\ndriver = <selenium.webdriver.chrome.webdriver.WebDriver (session=\"6cda04ba6996f49ca1761b6351cc4fc0\")>\nurl = 'https://sandboxtest.stroyrem-nn.ru/', case_id = 'TD 005'\nlink_item = 'products/shtukaturka-gipsovaya-aksolit-m50-30-kg-mashinnogo-naneseniya'\namount = 16, weight = 500, standard = 600, in_time = 1590, all_time = 2190\n\n    @pytest.mark.parametrize('case_id, link_item, amount, weight, standard, in_time, all_time', [\n        (\"TD 001\", uroven_3000, 1, 30, 0, 1590, 2190),\n        (\"TD 002\", bundeks_25, 1, 30, 400, 1590, 2190),\n        (\"TD 003\", aksolit_30, 8, 300, 400, 1590, 2190),\n        (\"TD 004\", aksolit_30, 13, 400, 450, 1590, 2190),\n        (\"TD 005\", aksolit_30, 16, 500, 600, 1590, 2190),\n        (\"TD 006\", aksolit_30, 25, 1700, 990, 1990, 2480),\n        (\"TD 007\", aksolit_30, 66, 2000, 1300, 2490, 2980),\n        (\"TD 008\", aksolit_30, 149, 4500, 2300, 3980, 4490),\n        (\"TD 009\", aksolit_30, 166, 5000, 2500, 4990, 5480),\n        pytest.param(\n            \"TD 010\", aksolit_30, 206, 6200, 2900, 5570, 6120,\n            marks=pytest.mark.xfail(reson=\"Цена доставки 3600 7960 8980\")\n        ),\n        (\"TD 011\", aksolit_30, 299, 9000, 3600, 7960, 8980),\n        (\"TD 012\", aksolit_30, 333, 10000, 4450, 11990, 12500),\n        pytest.param(\n            \"TD 013\", aksolit_30, 366, 11000, 4800, 12450, 13480,\n            marks=pytest.mark.xfail(reason=\"Цена стандартной доставки 4450\")\n        ),\n        pytest.param(\n            \"TD 014\", aksolit_30, 666, 20000, 5400, 15600, 17490,\n            marks=pytest.mark.xfail(reason=\"Цена стандартной доставки 4450\")\n        )\n    ])\n    @pytest.mark.smoke\n    def test_positive_delivery_green_zone_smoke(\n            self, driver, url, case_id, link_item, amount, weight, standard, in_time, all_time\n    ):\n    \n        driver.get(f'{url}{link_item}')\n        item_page = ItemPage(driver)\n>       item_page.add_item_to_cart(amount).click_on_cart()\n\ntests/delivery/test_delivery_calculation.py:49: \n_ _ _ _ _ _ _ _ _ _ _ _ _ _ _ _ _ _ _ _ _ _ _ _ _ _ _ _ _ _ _ _ _ _ _ _ _ _ _ _ \npages/item_page.py:40: in add_item_to_cart\n    self.find_element(self._add_item).click()\nbase/seleniumbase.py:17: in find_element\n    return self.driver.find_element(*locator)\n/usr/local/lib/python3.11/site-packages/selenium/webdriver/remote/webdriver.py:740: in find_element\n    return self.execute(Command.FIND_ELEMENT, {\"using\": by, \"value\": value})[\"value\"]\n/usr/local/lib/python3.11/site-packages/selenium/webdriver/remote/webdriver.py:346: in execute\n    self.error_handler.check_response(response)\n_ _ _ _ _ _ _ _ _ _ _ _ _ _ _ _ _ _ _ _ _ _ _ _ _ _ _ _ _ _ _ _ _ _ _ _ _ _ _ _ \n\nself = <selenium.webdriver.remote.errorhandler.ErrorHandler object at 0x7fa2d1080450>\nresponse = {'status': 404, 'value': '{\"value\":{\"error\":\"no such element\",\"message\":\"no such element: Unable to locate element: {\\...\\\\n#16 0x556081d86d68 \\\\u003Cunknown>\\\\n#17 0x556081d95cb3 \\\\u003Cunknown>\\\\n#18 0x7f3e45c76044 \\\\u003Cunknown>\\\\n\"}}'}\n\n    def check_response(self, response: Dict[str, Any]) -> None:\n        \"\"\"Checks that a JSON response from the WebDriver does not have an\n        error.\n    \n        :Args:\n         - response - The JSON response from the WebDriver server as a dictionary\n           object.\n    \n        :Raises: If the response contains an error message.\n        \"\"\"\n        status = response.get(\"status\", None)\n        if not status or status == ErrorCode.SUCCESS:\n            return\n        value = None\n        message = response.get(\"message\", \"\")\n        screen: str = response.get(\"screen\", \"\")\n        stacktrace = None\n        if isinstance(status, int):\n            value_json = response.get(\"value\", None)\n            if value_json and isinstance(value_json, str):\n                import json\n    \n                try:\n                    value = json.loads(value_json)\n                    if len(value) == 1:\n                        value = value[\"value\"]\n                    status = value.get(\"error\", None)\n                    if not status:\n                        status = value.get(\"status\", ErrorCode.UNKNOWN_ERROR)\n                        message = value.get(\"value\") or value.get(\"message\")\n                        if not isinstance(message, str):\n                            value = message\n                            message = message.get(\"message\")\n                    else:\n                        message = value.get(\"message\", None)\n                except ValueError:\n                    pass\n    \n        exception_class: Type[WebDriverException]\n        if status in ErrorCode.NO_SUCH_ELEMENT:\n            exception_class = NoSuchElementException\n        elif status in ErrorCode.NO_SUCH_FRAME:\n            exception_class = NoSuchFrameException\n        elif status in ErrorCode.NO_SUCH_SHADOW_ROOT:\n            exception_class = NoSuchShadowRootException\n        elif status in ErrorCode.NO_SUCH_WINDOW:\n            exception_class = NoSuchWindowException\n        elif status in ErrorCode.STALE_ELEMENT_REFERENCE:\n            exception_class = StaleElementReferenceException\n        elif status in ErrorCode.ELEMENT_NOT_VISIBLE:\n            exception_class = ElementNotVisibleException\n        elif status in ErrorCode.INVALID_ELEMENT_STATE:\n            exception_class = InvalidElementStateException\n        elif (\n            status in ErrorCode.INVALID_SELECTOR\n            or status in ErrorCode.INVALID_XPATH_SELECTOR\n            or status in ErrorCode.INVALID_XPATH_SELECTOR_RETURN_TYPER\n        ):\n            exception_class = InvalidSelectorException\n        elif status in ErrorCode.ELEMENT_IS_NOT_SELECTABLE:\n            exception_class = ElementNotSelectableException\n        elif status in ErrorCode.ELEMENT_NOT_INTERACTABLE:\n            exception_class = ElementNotInteractableException\n        elif status in ErrorCode.INVALID_COOKIE_DOMAIN:\n            exception_class = InvalidCookieDomainException\n        elif status in ErrorCode.UNABLE_TO_SET_COOKIE:\n            exception_class = UnableToSetCookieException\n        elif status in ErrorCode.TIMEOUT:\n            exception_class = TimeoutException\n        elif status in ErrorCode.SCRIPT_TIMEOUT:\n            exception_class = TimeoutException\n        elif status in ErrorCode.UNKNOWN_ERROR:\n            exception_class = WebDriverException\n        elif status in ErrorCode.UNEXPECTED_ALERT_OPEN:\n            exception_class = UnexpectedAlertPresentException\n        elif status in ErrorCode.NO_ALERT_OPEN:\n            exception_class = NoAlertPresentException\n        elif status in ErrorCode.IME_NOT_AVAILABLE:\n            exception_class = ImeNotAvailableException\n        elif status in ErrorCode.IME_ENGINE_ACTIVATION_FAILED:\n            exception_class = ImeActivationFailedException\n        elif status in ErrorCode.MOVE_TARGET_OUT_OF_BOUNDS:\n            exception_class = MoveTargetOutOfBoundsException\n        elif status in ErrorCode.JAVASCRIPT_ERROR:\n            exception_class = JavascriptException\n        elif status in ErrorCode.SESSION_NOT_CREATED:\n            exception_class = SessionNotCreatedException\n        elif status in ErrorCode.INVALID_ARGUMENT:\n            exception_class = InvalidArgumentException\n        elif status in ErrorCode.NO_SUCH_COOKIE:\n            exception_class = NoSuchCookieException\n        elif status in ErrorCode.UNABLE_TO_CAPTURE_SCREEN:\n            exception_class = ScreenshotException\n        elif status in ErrorCode.ELEMENT_CLICK_INTERCEPTED:\n            exception_class = ElementClickInterceptedException\n        elif status in ErrorCode.INSECURE_CERTIFICATE:\n            exception_class = InsecureCertificateException\n        elif status in ErrorCode.INVALID_COORDINATES:\n            exception_class = InvalidCoordinatesException\n        elif status in ErrorCode.INVALID_SESSION_ID:\n            exception_class = InvalidSessionIdException\n        elif status in ErrorCode.UNKNOWN_METHOD:\n            exception_class = UnknownMethodException\n        else:\n            exception_class = WebDriverException\n        if not value:\n            value = response[\"value\"]\n        if isinstance(value, str):\n            raise exception_class(value)\n        if message == \"\" and \"message\" in value:\n            message = value[\"message\"]\n    \n        screen = None  # type: ignore[assignment]\n        if \"screen\" in value:\n            screen = value[\"screen\"]\n    \n        stacktrace = None\n        st_value = value.get(\"stackTrace\") or value.get(\"stacktrace\")\n        if st_value:\n            if isinstance(st_value, str):\n                stacktrace = st_value.split(\"\\n\")\n            else:\n                stacktrace = []\n                try:\n                    for frame in st_value:\n                        line = frame.get(\"lineNumber\", \"\")\n                        file = frame.get(\"fileName\", \"<anonymous>\")\n                        if line:\n                            file = f\"{file}:{line}\"\n                        meth = frame.get(\"methodName\", \"<anonymous>\")\n                        if \"className\" in frame:\n                            meth = f\"{frame['className']}.{meth}\"\n                        msg = \"    at %s (%s)\"\n                        msg = msg % (meth, file)\n                        stacktrace.append(msg)\n                except TypeError:\n                    pass\n        if exception_class == UnexpectedAlertPresentException:\n            alert_text = None\n            if \"data\" in value:\n                alert_text = value[\"data\"].get(\"text\")\n            elif \"alert\" in value:\n                alert_text = value[\"alert\"].get(\"text\")\n            raise exception_class(message, screen, stacktrace, alert_text)  # type: ignore[call-arg]  # mypy is not smart enough here\n>       raise exception_class(message, screen, stacktrace)\nE       selenium.common.exceptions.NoSuchElementException: Message: no such element: Unable to locate element: {\"method\":\"xpath\",\"selector\":\"(//a[@class='add-to-cart yellow-btn'])[1]\"}\nE         (Session info: headless chrome=116.0.5845.96); For documentation on this error, please visit: https://www.selenium.dev/documentation/webdriver/troubleshooting/errors#no-such-element-exception\nE       Stacktrace:\nE       #0 0x556081d9ce23 <unknown>\nE       #1 0x556081ac57a7 <unknown>\nE       #2 0x556081b041d3 <unknown>\nE       #3 0x556081b042c1 <unknown>\nE       #4 0x556081b3fa04 <unknown>\nE       #5 0x556081b2503d <unknown>\nE       #6 0x556081b3d369 <unknown>\nE       #7 0x556081b24de3 <unknown>\nE       #8 0x556081af8a7b <unknown>\nE       #9 0x556081af981e <unknown>\nE       #10 0x556081d5e638 <unknown>\nE       #11 0x556081d62507 <unknown>\nE       #12 0x556081d6cc4c <unknown>\nE       #13 0x556081d63136 <unknown>\nE       #14 0x556081d319cf <unknown>\nE       #15 0x556081d86b98 <unknown>\nE       #16 0x556081d86d68 <unknown>\nE       #17 0x556081d95cb3 <unknown>\nE       #18 0x7f3e45c76044 <unknown>\n\n/usr/local/lib/python3.11/site-packages/selenium/webdriver/remote/errorhandler.py:245: NoSuchElementException","flaky":false,"newFailed":false,"newBroken":false,"newPassed":false,"retriesCount":0,"retriesStatusChange":false,"beforeStages":[{"name":"_session_faker","time":{"start":1694307789600,"stop":1694307789685,"duration":85},"status":"passed","steps":[],"attachments":[],"parameters":[],"shouldDisplayMessage":false,"stepsCount":0,"attachmentsCount":0,"hasContent":false},{"name":"clear_allure_results_folder","time":{"start":1694307789685,"stop":1694307789685,"duration":0},"status":"passed","steps":[],"attachments":[],"parameters":[],"shouldDisplayMessage":false,"stepsCount":0,"attachmentsCount":0,"hasContent":false},{"name":"driver","time":{"start":1694308268556,"stop":1694308269330,"duration":774},"status":"passed","steps":[],"attachments":[],"parameters":[],"shouldDisplayMessage":false,"stepsCount":0,"attachmentsCount":0,"hasContent":false},{"name":"setup","time":{"start":1694308269330,"stop":1694308269330,"duration":0},"status":"passed","steps":[],"attachments":[],"parameters":[],"shouldDisplayMessage":false,"stepsCount":0,"attachmentsCount":0,"hasContent":false}],"testStage":{"status":"broken","statusMessage":"selenium.common.exceptions.NoSuchElementException: Message: no such element: Unable to locate element: {\"method\":\"xpath\",\"selector\":\"(//a[@class='add-to-cart yellow-btn'])[1]\"}\n  (Session info: headless chrome=116.0.5845.96); For documentation on this error, please visit: https://www.selenium.dev/documentation/webdriver/troubleshooting/errors#no-such-element-exception\nStacktrace:\n#0 0x556081d9ce23 <unknown>\n#1 0x556081ac57a7 <unknown>\n#2 0x556081b041d3 <unknown>\n#3 0x556081b042c1 <unknown>\n#4 0x556081b3fa04 <unknown>\n#5 0x556081b2503d <unknown>\n#6 0x556081b3d369 <unknown>\n#7 0x556081b24de3 <unknown>\n#8 0x556081af8a7b <unknown>\n#9 0x556081af981e <unknown>\n#10 0x556081d5e638 <unknown>\n#11 0x556081d62507 <unknown>\n#12 0x556081d6cc4c <unknown>\n#13 0x556081d63136 <unknown>\n#14 0x556081d319cf <unknown>\n#15 0x556081d86b98 <unknown>\n#16 0x556081d86d68 <unknown>\n#17 0x556081d95cb3 <unknown>\n#18 0x7f3e45c76044 <unknown>","statusTrace":"self = <tests.delivery.test_delivery_calculation.TestDeliveryPageCalculation object at 0x7fa2d1320710>\ndriver = <selenium.webdriver.chrome.webdriver.WebDriver (session=\"6cda04ba6996f49ca1761b6351cc4fc0\")>\nurl = 'https://sandboxtest.stroyrem-nn.ru/', case_id = 'TD 005'\nlink_item = 'products/shtukaturka-gipsovaya-aksolit-m50-30-kg-mashinnogo-naneseniya'\namount = 16, weight = 500, standard = 600, in_time = 1590, all_time = 2190\n\n    @pytest.mark.parametrize('case_id, link_item, amount, weight, standard, in_time, all_time', [\n        (\"TD 001\", uroven_3000, 1, 30, 0, 1590, 2190),\n        (\"TD 002\", bundeks_25, 1, 30, 400, 1590, 2190),\n        (\"TD 003\", aksolit_30, 8, 300, 400, 1590, 2190),\n        (\"TD 004\", aksolit_30, 13, 400, 450, 1590, 2190),\n        (\"TD 005\", aksolit_30, 16, 500, 600, 1590, 2190),\n        (\"TD 006\", aksolit_30, 25, 1700, 990, 1990, 2480),\n        (\"TD 007\", aksolit_30, 66, 2000, 1300, 2490, 2980),\n        (\"TD 008\", aksolit_30, 149, 4500, 2300, 3980, 4490),\n        (\"TD 009\", aksolit_30, 166, 5000, 2500, 4990, 5480),\n        pytest.param(\n            \"TD 010\", aksolit_30, 206, 6200, 2900, 5570, 6120,\n            marks=pytest.mark.xfail(reson=\"Цена доставки 3600 7960 8980\")\n        ),\n        (\"TD 011\", aksolit_30, 299, 9000, 3600, 7960, 8980),\n        (\"TD 012\", aksolit_30, 333, 10000, 4450, 11990, 12500),\n        pytest.param(\n            \"TD 013\", aksolit_30, 366, 11000, 4800, 12450, 13480,\n            marks=pytest.mark.xfail(reason=\"Цена стандартной доставки 4450\")\n        ),\n        pytest.param(\n            \"TD 014\", aksolit_30, 666, 20000, 5400, 15600, 17490,\n            marks=pytest.mark.xfail(reason=\"Цена стандартной доставки 4450\")\n        )\n    ])\n    @pytest.mark.smoke\n    def test_positive_delivery_green_zone_smoke(\n            self, driver, url, case_id, link_item, amount, weight, standard, in_time, all_time\n    ):\n    \n        driver.get(f'{url}{link_item}')\n        item_page = ItemPage(driver)\n>       item_page.add_item_to_cart(amount).click_on_cart()\n\ntests/delivery/test_delivery_calculation.py:49: \n_ _ _ _ _ _ _ _ _ _ _ _ _ _ _ _ _ _ _ _ _ _ _ _ _ _ _ _ _ _ _ _ _ _ _ _ _ _ _ _ \npages/item_page.py:40: in add_item_to_cart\n    self.find_element(self._add_item).click()\nbase/seleniumbase.py:17: in find_element\n    return self.driver.find_element(*locator)\n/usr/local/lib/python3.11/site-packages/selenium/webdriver/remote/webdriver.py:740: in find_element\n    return self.execute(Command.FIND_ELEMENT, {\"using\": by, \"value\": value})[\"value\"]\n/usr/local/lib/python3.11/site-packages/selenium/webdriver/remote/webdriver.py:346: in execute\n    self.error_handler.check_response(response)\n_ _ _ _ _ _ _ _ _ _ _ _ _ _ _ _ _ _ _ _ _ _ _ _ _ _ _ _ _ _ _ _ _ _ _ _ _ _ _ _ \n\nself = <selenium.webdriver.remote.errorhandler.ErrorHandler object at 0x7fa2d1080450>\nresponse = {'status': 404, 'value': '{\"value\":{\"error\":\"no such element\",\"message\":\"no such element: Unable to locate element: {\\...\\\\n#16 0x556081d86d68 \\\\u003Cunknown>\\\\n#17 0x556081d95cb3 \\\\u003Cunknown>\\\\n#18 0x7f3e45c76044 \\\\u003Cunknown>\\\\n\"}}'}\n\n    def check_response(self, response: Dict[str, Any]) -> None:\n        \"\"\"Checks that a JSON response from the WebDriver does not have an\n        error.\n    \n        :Args:\n         - response - The JSON response from the WebDriver server as a dictionary\n           object.\n    \n        :Raises: If the response contains an error message.\n        \"\"\"\n        status = response.get(\"status\", None)\n        if not status or status == ErrorCode.SUCCESS:\n            return\n        value = None\n        message = response.get(\"message\", \"\")\n        screen: str = response.get(\"screen\", \"\")\n        stacktrace = None\n        if isinstance(status, int):\n            value_json = response.get(\"value\", None)\n            if value_json and isinstance(value_json, str):\n                import json\n    \n                try:\n                    value = json.loads(value_json)\n                    if len(value) == 1:\n                        value = value[\"value\"]\n                    status = value.get(\"error\", None)\n                    if not status:\n                        status = value.get(\"status\", ErrorCode.UNKNOWN_ERROR)\n                        message = value.get(\"value\") or value.get(\"message\")\n                        if not isinstance(message, str):\n                            value = message\n                            message = message.get(\"message\")\n                    else:\n                        message = value.get(\"message\", None)\n                except ValueError:\n                    pass\n    \n        exception_class: Type[WebDriverException]\n        if status in ErrorCode.NO_SUCH_ELEMENT:\n            exception_class = NoSuchElementException\n        elif status in ErrorCode.NO_SUCH_FRAME:\n            exception_class = NoSuchFrameException\n        elif status in ErrorCode.NO_SUCH_SHADOW_ROOT:\n            exception_class = NoSuchShadowRootException\n        elif status in ErrorCode.NO_SUCH_WINDOW:\n            exception_class = NoSuchWindowException\n        elif status in ErrorCode.STALE_ELEMENT_REFERENCE:\n            exception_class = StaleElementReferenceException\n        elif status in ErrorCode.ELEMENT_NOT_VISIBLE:\n            exception_class = ElementNotVisibleException\n        elif status in ErrorCode.INVALID_ELEMENT_STATE:\n            exception_class = InvalidElementStateException\n        elif (\n            status in ErrorCode.INVALID_SELECTOR\n            or status in ErrorCode.INVALID_XPATH_SELECTOR\n            or status in ErrorCode.INVALID_XPATH_SELECTOR_RETURN_TYPER\n        ):\n            exception_class = InvalidSelectorException\n        elif status in ErrorCode.ELEMENT_IS_NOT_SELECTABLE:\n            exception_class = ElementNotSelectableException\n        elif status in ErrorCode.ELEMENT_NOT_INTERACTABLE:\n            exception_class = ElementNotInteractableException\n        elif status in ErrorCode.INVALID_COOKIE_DOMAIN:\n            exception_class = InvalidCookieDomainException\n        elif status in ErrorCode.UNABLE_TO_SET_COOKIE:\n            exception_class = UnableToSetCookieException\n        elif status in ErrorCode.TIMEOUT:\n            exception_class = TimeoutException\n        elif status in ErrorCode.SCRIPT_TIMEOUT:\n            exception_class = TimeoutException\n        elif status in ErrorCode.UNKNOWN_ERROR:\n            exception_class = WebDriverException\n        elif status in ErrorCode.UNEXPECTED_ALERT_OPEN:\n            exception_class = UnexpectedAlertPresentException\n        elif status in ErrorCode.NO_ALERT_OPEN:\n            exception_class = NoAlertPresentException\n        elif status in ErrorCode.IME_NOT_AVAILABLE:\n            exception_class = ImeNotAvailableException\n        elif status in ErrorCode.IME_ENGINE_ACTIVATION_FAILED:\n            exception_class = ImeActivationFailedException\n        elif status in ErrorCode.MOVE_TARGET_OUT_OF_BOUNDS:\n            exception_class = MoveTargetOutOfBoundsException\n        elif status in ErrorCode.JAVASCRIPT_ERROR:\n            exception_class = JavascriptException\n        elif status in ErrorCode.SESSION_NOT_CREATED:\n            exception_class = SessionNotCreatedException\n        elif status in ErrorCode.INVALID_ARGUMENT:\n            exception_class = InvalidArgumentException\n        elif status in ErrorCode.NO_SUCH_COOKIE:\n            exception_class = NoSuchCookieException\n        elif status in ErrorCode.UNABLE_TO_CAPTURE_SCREEN:\n            exception_class = ScreenshotException\n        elif status in ErrorCode.ELEMENT_CLICK_INTERCEPTED:\n            exception_class = ElementClickInterceptedException\n        elif status in ErrorCode.INSECURE_CERTIFICATE:\n            exception_class = InsecureCertificateException\n        elif status in ErrorCode.INVALID_COORDINATES:\n            exception_class = InvalidCoordinatesException\n        elif status in ErrorCode.INVALID_SESSION_ID:\n            exception_class = InvalidSessionIdException\n        elif status in ErrorCode.UNKNOWN_METHOD:\n            exception_class = UnknownMethodException\n        else:\n            exception_class = WebDriverException\n        if not value:\n            value = response[\"value\"]\n        if isinstance(value, str):\n            raise exception_class(value)\n        if message == \"\" and \"message\" in value:\n            message = value[\"message\"]\n    \n        screen = None  # type: ignore[assignment]\n        if \"screen\" in value:\n            screen = value[\"screen\"]\n    \n        stacktrace = None\n        st_value = value.get(\"stackTrace\") or value.get(\"stacktrace\")\n        if st_value:\n            if isinstance(st_value, str):\n                stacktrace = st_value.split(\"\\n\")\n            else:\n                stacktrace = []\n                try:\n                    for frame in st_value:\n                        line = frame.get(\"lineNumber\", \"\")\n                        file = frame.get(\"fileName\", \"<anonymous>\")\n                        if line:\n                            file = f\"{file}:{line}\"\n                        meth = frame.get(\"methodName\", \"<anonymous>\")\n                        if \"className\" in frame:\n                            meth = f\"{frame['className']}.{meth}\"\n                        msg = \"    at %s (%s)\"\n                        msg = msg % (meth, file)\n                        stacktrace.append(msg)\n                except TypeError:\n                    pass\n        if exception_class == UnexpectedAlertPresentException:\n            alert_text = None\n            if \"data\" in value:\n                alert_text = value[\"data\"].get(\"text\")\n            elif \"alert\" in value:\n                alert_text = value[\"alert\"].get(\"text\")\n            raise exception_class(message, screen, stacktrace, alert_text)  # type: ignore[call-arg]  # mypy is not smart enough here\n>       raise exception_class(message, screen, stacktrace)\nE       selenium.common.exceptions.NoSuchElementException: Message: no such element: Unable to locate element: {\"method\":\"xpath\",\"selector\":\"(//a[@class='add-to-cart yellow-btn'])[1]\"}\nE         (Session info: headless chrome=116.0.5845.96); For documentation on this error, please visit: https://www.selenium.dev/documentation/webdriver/troubleshooting/errors#no-such-element-exception\nE       Stacktrace:\nE       #0 0x556081d9ce23 <unknown>\nE       #1 0x556081ac57a7 <unknown>\nE       #2 0x556081b041d3 <unknown>\nE       #3 0x556081b042c1 <unknown>\nE       #4 0x556081b3fa04 <unknown>\nE       #5 0x556081b2503d <unknown>\nE       #6 0x556081b3d369 <unknown>\nE       #7 0x556081b24de3 <unknown>\nE       #8 0x556081af8a7b <unknown>\nE       #9 0x556081af981e <unknown>\nE       #10 0x556081d5e638 <unknown>\nE       #11 0x556081d62507 <unknown>\nE       #12 0x556081d6cc4c <unknown>\nE       #13 0x556081d63136 <unknown>\nE       #14 0x556081d319cf <unknown>\nE       #15 0x556081d86b98 <unknown>\nE       #16 0x556081d86d68 <unknown>\nE       #17 0x556081d95cb3 <unknown>\nE       #18 0x7f3e45c76044 <unknown>\n\n/usr/local/lib/python3.11/site-packages/selenium/webdriver/remote/errorhandler.py:245: NoSuchElementException","steps":[{"name":"Добавляем товар в корзину в количестве 16","time":{"start":1694308269855,"stop":1694308269872,"duration":17},"status":"broken","statusMessage":"selenium.common.exceptions.NoSuchElementException: Message: no such element: Unable to locate element: {\"method\":\"xpath\",\"selector\":\"(//a[@class='add-to-cart yellow-btn'])[1]\"}\n  (Session info: headless chrome=116.0.5845.96); For documentation on this error, please visit: https://www.selenium.dev/documentation/webdriver/troubleshooting/errors#no-such-element-exception\nStacktrace:\n#0 0x556081d9ce23 <unknown>\n#1 0x556081ac57a7 <unknown>\n#2 0x556081b041d3 <unknown>\n#3 0x556081b042c1 <unknown>\n#4 0x556081b3fa04 <unknown>\n#5 0x556081b2503d <unknown>\n#6 0x556081b3d369 <unknown>\n#7 0x556081b24de3 <unknown>\n#8 0x556081af8a7b <unknown>\n#9 0x556081af981e <unknown>\n#10 0x556081d5e638 <unknown>\n#11 0x556081d62507 <unknown>\n#12 0x556081d6cc4c <unknown>\n#13 0x556081d63136 <unknown>\n#14 0x556081d319cf <unknown>\n#15 0x556081d86b98 <unknown>\n#16 0x556081d86d68 <unknown>\n#17 0x556081d95cb3 <unknown>\n#18 0x7f3e45c76044 <unknown>\n\n","statusTrace":"  File \"/usr/local/lib/python3.11/site-packages/allure_commons/_allure.py\", line 192, in impl\n    return func(*a, **kw)\n           ^^^^^^^^^^^^^^\n  File \"/app/pages/item_page.py\", line 40, in add_item_to_cart\n    self.find_element(self._add_item).click()\n    ^^^^^^^^^^^^^^^^^^^^^^^^^^^^^^^^^\n  File \"/app/base/seleniumbase.py\", line 17, in find_element\n    return self.driver.find_element(*locator)\n           ^^^^^^^^^^^^^^^^^^^^^^^^^^^^^^^^^^\n  File \"/usr/local/lib/python3.11/site-packages/selenium/webdriver/remote/webdriver.py\", line 740, in find_element\n    return self.execute(Command.FIND_ELEMENT, {\"using\": by, \"value\": value})[\"value\"]\n           ^^^^^^^^^^^^^^^^^^^^^^^^^^^^^^^^^^^^^^^^^^^^^^^^^^^^^^^^^^^^^^^^^\n  File \"/usr/local/lib/python3.11/site-packages/selenium/webdriver/remote/webdriver.py\", line 346, in execute\n    self.error_handler.check_response(response)\n  File \"/usr/local/lib/python3.11/site-packages/selenium/webdriver/remote/errorhandler.py\", line 245, in check_response\n    raise exception_class(message, screen, stacktrace)\n","steps":[],"attachments":[],"parameters":[{"name":"amount","value":"16"}],"shouldDisplayMessage":true,"stepsCount":0,"attachmentsCount":0,"hasContent":true}],"attachments":[{"uid":"da6077881590892b","name":"Screenshot","source":"da6077881590892b.png","type":"image/png","size":39917},{"uid":"483ea0e83509a9ca","name":"HTML source","source":"483ea0e83509a9ca.html","type":"text/html","size":544}],"parameters":[],"shouldDisplayMessage":true,"stepsCount":1,"attachmentsCount":2,"hasContent":true},"afterStages":[{"name":"driver::0","time":{"start":1694308270015,"stop":1694308270072,"duration":57},"status":"passed","steps":[],"attachments":[],"parameters":[],"shouldDisplayMessage":false,"stepsCount":0,"attachmentsCount":0,"hasContent":false},{"name":"setup::0","time":{"start":1694308270015,"stop":1694308270015,"duration":0},"status":"passed","steps":[],"attachments":[],"parameters":[],"shouldDisplayMessage":false,"stepsCount":0,"attachmentsCount":0,"hasContent":false}],"labels":[{"name":"epic","value":"Delivery Page - calculation"},{"name":"tag","value":"smoke"},{"name":"parentSuite","value":"tests.delivery"},{"name":"suite","value":"test_delivery_calculation"},{"name":"subSuite","value":"TestDeliveryPageCalculation"},{"name":"host","value":"25828e78768c"},{"name":"thread","value":"1-MainThread"},{"name":"framework","value":"pytest"},{"name":"language","value":"cpython3"},{"name":"package","value":"tests.delivery.test_delivery_calculation"},{"name":"resultFormat","value":"allure2"}],"parameters":[{"name":"all_time","value":"2190"},{"name":"amount","value":"16"},{"name":"case_id","value":"'TD 005'"},{"name":"in_time","value":"1590"},{"name":"link_item","value":"'products/shtukaturka-gipsovaya-aksolit-m50-30-kg-mashinnogo-naneseniya'"},{"name":"standard","value":"600"},{"name":"url","value":"'https://sandboxtest.stroyrem-nn.ru/'"},{"name":"weight","value":"500"}],"links":[],"hidden":false,"retry":false,"extra":{"severity":"normal","retries":[],"categories":[{"name":"Test defects","matchedStatuses":[],"flaky":false}],"history":{"statistic":{"failed":0,"broken":11,"skipped":0,"passed":0,"unknown":0,"total":11},"items":[{"uid":"d243dda0f73ce645","reportUrl":"https://zaelcovsky.github.io/StroyremAutomation/74//#testresult/d243dda0f73ce645","status":"broken","statusDetails":"selenium.common.exceptions.NoSuchElementException: Message: no such element: Unable to locate element: {\"method\":\"xpath\",\"selector\":\"(//a[@class='add-to-cart yellow-btn'])[1]\"}\n  (Session info: headless chrome=116.0.5845.96); For documentation on this error, please visit: https://www.selenium.dev/documentation/webdriver/troubleshooting/errors#no-such-element-exception\nStacktrace:\n#0 0x559a0838ee23 <unknown>\n#1 0x559a080b77a7 <unknown>\n#2 0x559a080f61d3 <unknown>\n#3 0x559a080f62c1 <unknown>\n#4 0x559a08131a04 <unknown>\n#5 0x559a0811703d <unknown>\n#6 0x559a0812f369 <unknown>\n#7 0x559a08116de3 <unknown>\n#8 0x559a080eaa7b <unknown>\n#9 0x559a080eb81e <unknown>\n#10 0x559a08350638 <unknown>\n#11 0x559a08354507 <unknown>\n#12 0x559a0835ec4c <unknown>\n#13 0x559a08355136 <unknown>\n#14 0x559a083239cf <unknown>\n#15 0x559a08378b98 <unknown>\n#16 0x559a08378d68 <unknown>\n#17 0x559a08387cb3 <unknown>\n#18 0x7ff150e65044 <unknown>","time":{"start":1694221805048,"stop":1694221805693,"duration":645}},{"uid":"9552809483d4d619","reportUrl":"https://zaelcovsky.github.io/StroyremAutomation/73//#testresult/9552809483d4d619","status":"broken","statusDetails":"selenium.common.exceptions.NoSuchElementException: Message: no such element: Unable to locate element: {\"method\":\"xpath\",\"selector\":\"(//a[@class='add-to-cart yellow-btn'])[1]\"}\n  (Session info: headless chrome=116.0.5845.96); For documentation on this error, please visit: https://www.selenium.dev/documentation/webdriver/troubleshooting/errors#no-such-element-exception\nStacktrace:\n#0 0x55b8a27d3e23 <unknown>\n#1 0x55b8a24fc7a7 <unknown>\n#2 0x55b8a253b1d3 <unknown>\n#3 0x55b8a253b2c1 <unknown>\n#4 0x55b8a2576a04 <unknown>\n#5 0x55b8a255c03d <unknown>\n#6 0x55b8a2574369 <unknown>\n#7 0x55b8a255bde3 <unknown>\n#8 0x55b8a252fa7b <unknown>\n#9 0x55b8a253081e <unknown>\n#10 0x55b8a2795638 <unknown>\n#11 0x55b8a2799507 <unknown>\n#12 0x55b8a27a3c4c <unknown>\n#13 0x55b8a279a136 <unknown>\n#14 0x55b8a27689cf <unknown>\n#15 0x55b8a27bdb98 <unknown>\n#16 0x55b8a27bdd68 <unknown>\n#17 0x55b8a27cccb3 <unknown>\n#18 0x7fab99fb7044 <unknown>","time":{"start":1694135269311,"stop":1694135269883,"duration":572}},{"uid":"2caa1adf2fd4aec3","reportUrl":"https://zaelcovsky.github.io/StroyremAutomation/72//#testresult/2caa1adf2fd4aec3","status":"broken","statusDetails":"selenium.common.exceptions.NoSuchElementException: Message: no such element: Unable to locate element: {\"method\":\"xpath\",\"selector\":\"(//a[@class='add-to-cart yellow-btn'])[1]\"}\n  (Session info: headless chrome=116.0.5845.96); For documentation on this error, please visit: https://www.selenium.dev/documentation/webdriver/troubleshooting/errors#no-such-element-exception\nStacktrace:\n#0 0x5619e7db8e23 <unknown>\n#1 0x5619e7ae17a7 <unknown>\n#2 0x5619e7b201d3 <unknown>\n#3 0x5619e7b202c1 <unknown>\n#4 0x5619e7b5ba04 <unknown>\n#5 0x5619e7b4103d <unknown>\n#6 0x5619e7b59369 <unknown>\n#7 0x5619e7b40de3 <unknown>\n#8 0x5619e7b14a7b <unknown>\n#9 0x5619e7b1581e <unknown>\n#10 0x5619e7d7a638 <unknown>\n#11 0x5619e7d7e507 <unknown>\n#12 0x5619e7d88c4c <unknown>\n#13 0x5619e7d7f136 <unknown>\n#14 0x5619e7d4d9cf <unknown>\n#15 0x5619e7da2b98 <unknown>\n#16 0x5619e7da2d68 <unknown>\n#17 0x5619e7db1cb3 <unknown>\n#18 0x7f17da785044 <unknown>","time":{"start":1694048972141,"stop":1694048972860,"duration":719}},{"uid":"7a5be9c11fbebdf1","reportUrl":"https://zaelcovsky.github.io/StroyremAutomation/71//#testresult/7a5be9c11fbebdf1","status":"broken","statusDetails":"selenium.common.exceptions.ElementNotInteractableException: Message: element not interactable\n  (Session info: headless chrome=116.0.5845.96)\nStacktrace:\n#0 0x55a4bff2fe23 <unknown>\n#1 0x55a4bfc585f6 <unknown>\n#2 0x55a4bfc8ec5d <unknown>\n#3 0x55a4bfcb8012 <unknown>\n#4 0x55a4bfc8cfb6 <unknown>\n#5 0x55a4bfcb81de <unknown>\n#6 0x55a4bfcd0369 <unknown>\n#7 0x55a4bfcb7de3 <unknown>\n#8 0x55a4bfc8ba7b <unknown>\n#9 0x55a4bfc8c81e <unknown>\n#10 0x55a4bfef1638 <unknown>\n#11 0x55a4bfef5507 <unknown>\n#12 0x55a4bfeffc4c <unknown>\n#13 0x55a4bfef6136 <unknown>\n#14 0x55a4bfec49cf <unknown>\n#15 0x55a4bff19b98 <unknown>\n#16 0x55a4bff19d68 <unknown>\n#17 0x55a4bff28cb3 <unknown>\n#18 0x7f7cb2d31044 <unknown>","time":{"start":1693962697460,"stop":1693962703417,"duration":5957}},{"uid":"18c9afda1e40158f","reportUrl":"https://zaelcovsky.github.io/StroyremAutomation/70//#testresult/18c9afda1e40158f","status":"broken","statusDetails":"selenium.common.exceptions.NoSuchElementException: Message: no such element: Unable to locate element: {\"method\":\"xpath\",\"selector\":\"(//a[@class='add-to-cart yellow-btn'])[1]\"}\n  (Session info: headless chrome=116.0.5845.96); For documentation on this error, please visit: https://www.selenium.dev/documentation/webdriver/troubleshooting/errors#no-such-element-exception\nStacktrace:\n#0 0x559c3b131e23 <unknown>\n#1 0x559c3ae5a7a7 <unknown>\n#2 0x559c3ae991d3 <unknown>\n#3 0x559c3ae992c1 <unknown>\n#4 0x559c3aed4a04 <unknown>\n#5 0x559c3aeba03d <unknown>\n#6 0x559c3aed2369 <unknown>\n#7 0x559c3aeb9de3 <unknown>\n#8 0x559c3ae8da7b <unknown>\n#9 0x559c3ae8e81e <unknown>\n#10 0x559c3b0f3638 <unknown>\n#11 0x559c3b0f7507 <unknown>\n#12 0x559c3b101c4c <unknown>\n#13 0x559c3b0f8136 <unknown>\n#14 0x559c3b0c69cf <unknown>\n#15 0x559c3b11bb98 <unknown>\n#16 0x559c3b11bd68 <unknown>\n#17 0x559c3b12acb3 <unknown>\n#18 0x7f95aeb6e044 <unknown>","time":{"start":1693876182806,"stop":1693876183428,"duration":622}},{"uid":"2594b291da6776f0","reportUrl":"https://zaelcovsky.github.io/StroyremAutomation/69//#testresult/2594b291da6776f0","status":"broken","statusDetails":"selenium.common.exceptions.ElementNotInteractableException: Message: element not interactable\n  (Session info: headless chrome=116.0.5845.96)\nStacktrace:\n#0 0x5630e338de23 <unknown>\n#1 0x5630e30b65f6 <unknown>\n#2 0x5630e30ecc5d <unknown>\n#3 0x5630e3116012 <unknown>\n#4 0x5630e30eafb6 <unknown>\n#5 0x5630e31161de <unknown>\n#6 0x5630e312e369 <unknown>\n#7 0x5630e3115de3 <unknown>\n#8 0x5630e30e9a7b <unknown>\n#9 0x5630e30ea81e <unknown>\n#10 0x5630e334f638 <unknown>\n#11 0x5630e3353507 <unknown>\n#12 0x5630e335dc4c <unknown>\n#13 0x5630e3354136 <unknown>\n#14 0x5630e33229cf <unknown>\n#15 0x5630e3377b98 <unknown>\n#16 0x5630e3377d68 <unknown>\n#17 0x5630e3386cb3 <unknown>\n#18 0x7fd983381044 <unknown>","time":{"start":1693790004479,"stop":1693790012254,"duration":7775}},{"uid":"a8e5e5a22190aa40","reportUrl":"https://zaelcovsky.github.io/StroyremAutomation/68//#testresult/a8e5e5a22190aa40","status":"broken","statusDetails":"selenium.common.exceptions.ElementNotInteractableException: Message: element not interactable\n  (Session info: headless chrome=116.0.5845.96)\nStacktrace:\n#0 0x557967185e23 <unknown>\n#1 0x557966eae5f6 <unknown>\n#2 0x557966ee4c5d <unknown>\n#3 0x557966f0e012 <unknown>\n#4 0x557966ee2fb6 <unknown>\n#5 0x557966f0e1de <unknown>\n#6 0x557966f26369 <unknown>\n#7 0x557966f0dde3 <unknown>\n#8 0x557966ee1a7b <unknown>\n#9 0x557966ee281e <unknown>\n#10 0x557967147638 <unknown>\n#11 0x55796714b507 <unknown>\n#12 0x557967155c4c <unknown>\n#13 0x55796714c136 <unknown>\n#14 0x55796711a9cf <unknown>\n#15 0x55796716fb98 <unknown>\n#16 0x55796716fd68 <unknown>\n#17 0x55796717ecb3 <unknown>\n#18 0x7fd48dd94044 <unknown>","time":{"start":1693703590273,"stop":1693703595850,"duration":5577}},{"uid":"b3be8ec59ebbee8c","reportUrl":"https://zaelcovsky.github.io/StroyremAutomation/67//#testresult/b3be8ec59ebbee8c","status":"broken","statusDetails":"selenium.common.exceptions.WebDriverException: Message: unknown error: net::ERR_CONNECTION_REFUSED\n  (Session info: headless chrome=116.0.5845.96)\nStacktrace:\n#0 0x562dfcef6e23 <unknown>\n#1 0x562dfcc1f7a7 <unknown>\n#2 0x562dfcc17829 <unknown>\n#3 0x562dfcc072c2 <unknown>\n#4 0x562dfcc089fb <unknown>\n#5 0x562dfcc0769d <unknown>\n#6 0x562dfcc0665c <unknown>\n#7 0x562dfcc065ce <unknown>\n#8 0x562dfcc0528a <unknown>\n#9 0x562dfcc056da <unknown>\n#10 0x562dfcc21630 <unknown>\n#11 0x562dfcc97b15 <unknown>\n#12 0x562dfcc7f012 <unknown>\n#13 0x562dfcc97369 <unknown>\n#14 0x562dfcc7ede3 <unknown>\n#15 0x562dfcc52a7b <unknown>\n#16 0x562dfcc5381e <unknown>\n#17 0x562dfceb8638 <unknown>\n#18 0x562dfcebc507 <unknown>\n#19 0x562dfcec6c4c <unknown>\n#20 0x562dfcebd136 <unknown>\n#21 0x562dfce8b9cf <unknown>\n#22 0x562dfcee0b98 <unknown>\n#23 0x562dfcee0d68 <unknown>\n#24 0x562dfceefcb3 <unknown>\n#25 0x7f77b9f86044 <unknown>","time":{"start":1693616891215,"stop":1693616891446,"duration":231}},{"uid":"cbebc2bb7790e93","reportUrl":"https://zaelcovsky.github.io/StroyremAutomation/66//#testresult/cbebc2bb7790e93","status":"broken","statusDetails":"selenium.common.exceptions.WebDriverException: Message: unknown error: net::ERR_CONNECTION_REFUSED\n  (Session info: headless chrome=116.0.5845.96)\nStacktrace:\n#0 0x5650eb945e23 <unknown>\n#1 0x5650eb66e7a7 <unknown>\n#2 0x5650eb666829 <unknown>\n#3 0x5650eb6562c2 <unknown>\n#4 0x5650eb6579fb <unknown>\n#5 0x5650eb65669d <unknown>\n#6 0x5650eb65565c <unknown>\n#7 0x5650eb6555ce <unknown>\n#8 0x5650eb65428a <unknown>\n#9 0x5650eb6546da <unknown>\n#10 0x5650eb670630 <unknown>\n#11 0x5650eb6e6b15 <unknown>\n#12 0x5650eb6ce012 <unknown>\n#13 0x5650eb6e6369 <unknown>\n#14 0x5650eb6cdde3 <unknown>\n#15 0x5650eb6a1a7b <unknown>\n#16 0x5650eb6a281e <unknown>\n#17 0x5650eb907638 <unknown>\n#18 0x5650eb90b507 <unknown>\n#19 0x5650eb915c4c <unknown>\n#20 0x5650eb90c136 <unknown>\n#21 0x5650eb8da9cf <unknown>\n#22 0x5650eb92fb98 <unknown>\n#23 0x5650eb92fd68 <unknown>\n#24 0x5650eb93ecb3 <unknown>\n#25 0x7f4d60cc1044 <unknown>","time":{"start":1693530792778,"stop":1693530793118,"duration":340}},{"uid":"8046fcb513a1379","reportUrl":"https://zaelcovsky.github.io/StroyremAutomation/9//#testresult/8046fcb513a1379","status":"broken","statusDetails":"selenium.common.exceptions.ElementNotInteractableException: Message: element not interactable\n  (Session info: headless chrome=116.0.5845.96)\nStacktrace:\n#0 0x555a2b9b4e23 <unknown>\n#1 0x555a2b6dd5f6 <unknown>\n#2 0x555a2b713c5d <unknown>\n#3 0x555a2b73d012 <unknown>\n#4 0x555a2b711fb6 <unknown>\n#5 0x555a2b73d1de <unknown>\n#6 0x555a2b755369 <unknown>\n#7 0x555a2b73cde3 <unknown>\n#8 0x555a2b710a7b <unknown>\n#9 0x555a2b71181e <unknown>\n#10 0x555a2b976638 <unknown>\n#11 0x555a2b97a507 <unknown>\n#12 0x555a2b984c4c <unknown>\n#13 0x555a2b97b136 <unknown>\n#14 0x555a2b9499cf <unknown>\n#15 0x555a2b99eb98 <unknown>\n#16 0x555a2b99ed68 <unknown>\n#17 0x555a2b9adcb3 <unknown>\n#18 0x7fccf8a00044 <unknown>","time":{"start":1693506930549,"stop":1693506934263,"duration":3714}}]},"tags":["smoke"]},"source":"947123b72d9b5617.json","parameterValues":["2190","16","'TD 005'","1590","'products/shtukaturka-gipsovaya-aksolit-m50-30-kg-mashinnogo-naneseniya'","600","'https://sandboxtest.stroyrem-nn.ru/'","500"]}