{"uid":"ed4a8433998d2bf3","name":"TC 017 - Проверка функциональности ссылки 'Отзывы'","fullName":"tests.test_main_page.TestMainPage#test_positive_footer_reviews_smoke","historyId":"d9ed52a16c54f0848dec2065e85f77ae","time":{"start":1711069465573,"stop":1711069465586,"duration":13},"status":"skipped","statusMessage":"XFAIL При переходе на страницу отзывов может предложено пройти капчу\n\nselenium.common.exceptions.NoSuchElementException: Message: no such element: Unable to locate element: {\"method\":\"xpath\",\"selector\":\"(//a[contains(text(), 'Отзывы')])[3]\"}\n  (Session info: chrome-headless-shell=123.0.6312.58); For documentation on this error, please visit: https://www.selenium.dev/documentation/webdriver/troubleshooting/errors#no-such-element-exception\nStacktrace:\n#0 0x5638a25b9993 <unknown>\n#1 0x5638a22b4136 <unknown>\n#2 0x5638a22fed48 <unknown>\n#3 0x5638a22fee01 <unknown>\n#4 0x5638a2341e44 <unknown>\n#5 0x5638a2320cfd <unknown>\n#6 0x5638a233f319 <unknown>\n#7 0x5638a2320a73 <unknown>\n#8 0x5638a22f1c93 <unknown>\n#9 0x5638a22f265e <unknown>\n#10 0x5638a257e08b <unknown>\n#11 0x5638a2582005 <unknown>\n#12 0x5638a256c491 <unknown>\n#13 0x5638a2582b92 <unknown>\n#14 0x5638a25519ef <unknown>\n#15 0x5638a25a8df8 <unknown>\n#16 0x5638a25a8fcb <unknown>\n#17 0x5638a25b8ae4 <unknown>\n#18 0x7fc873636134 <unknown>","statusTrace":"self = <tests.test_main_page.TestMainPage object at 0x7fe9342ae610>\nmain_page = <pages.main_page.MainPage object at 0x7fe9344ae310>\n\n    @allure.feature(\"Footer functionality\")\n    @allure.title(\"TC 017 - Проверка функциональности ссылки 'Отзывы'\")\n    @pytest.mark.xfail(reason=\"При переходе на страницу отзывов может предложено пройти капчу\")\n    @pytest.mark.smoke_test\n    def test_positive_footer_reviews_smoke(self, main_page):\n>       title = main_page.check_reviews_link()\n\ntests/test_main_page.py:153: \n_ _ _ _ _ _ _ _ _ _ _ _ _ _ _ _ _ _ _ _ _ _ _ _ _ _ _ _ _ _ _ _ _ _ _ _ _ _ _ _ \npages/main_page.py:180: in check_reviews_link\n    self.driver.find_element(*self._reviews_link).click()\n/usr/local/lib/python3.11/site-packages/selenium/webdriver/remote/webdriver.py:740: in find_element\n    return self.execute(Command.FIND_ELEMENT, {\"using\": by, \"value\": value})[\"value\"]\n/usr/local/lib/python3.11/site-packages/selenium/webdriver/remote/webdriver.py:346: in execute\n    self.error_handler.check_response(response)\n_ _ _ _ _ _ _ _ _ _ _ _ _ _ _ _ _ _ _ _ _ _ _ _ _ _ _ _ _ _ _ _ _ _ _ _ _ _ _ _ \n\nself = <selenium.webdriver.remote.errorhandler.ErrorHandler object at 0x7fe9344a36d0>\nresponse = {'status': 404, 'value': '{\"value\":{\"error\":\"no such element\",\"message\":\"no such element: Unable to locate element: {\\...\\\\n#16 0x5638a25a8fcb \\\\u003Cunknown>\\\\n#17 0x5638a25b8ae4 \\\\u003Cunknown>\\\\n#18 0x7fc873636134 \\\\u003Cunknown>\\\\n\"}}'}\n\n    def check_response(self, response: Dict[str, Any]) -> None:\n        \"\"\"Checks that a JSON response from the WebDriver does not have an\n        error.\n    \n        :Args:\n         - response - The JSON response from the WebDriver server as a dictionary\n           object.\n    \n        :Raises: If the response contains an error message.\n        \"\"\"\n        status = response.get(\"status\", None)\n        if not status or status == ErrorCode.SUCCESS:\n            return\n        value = None\n        message = response.get(\"message\", \"\")\n        screen: str = response.get(\"screen\", \"\")\n        stacktrace = None\n        if isinstance(status, int):\n            value_json = response.get(\"value\", None)\n            if value_json and isinstance(value_json, str):\n                import json\n    \n                try:\n                    value = json.loads(value_json)\n                    if len(value) == 1:\n                        value = value[\"value\"]\n                    status = value.get(\"error\", None)\n                    if not status:\n                        status = value.get(\"status\", ErrorCode.UNKNOWN_ERROR)\n                        message = value.get(\"value\") or value.get(\"message\")\n                        if not isinstance(message, str):\n                            value = message\n                            message = message.get(\"message\")\n                    else:\n                        message = value.get(\"message\", None)\n                except ValueError:\n                    pass\n    \n        exception_class: Type[WebDriverException]\n        if status in ErrorCode.NO_SUCH_ELEMENT:\n            exception_class = NoSuchElementException\n        elif status in ErrorCode.NO_SUCH_FRAME:\n            exception_class = NoSuchFrameException\n        elif status in ErrorCode.NO_SUCH_SHADOW_ROOT:\n            exception_class = NoSuchShadowRootException\n        elif status in ErrorCode.NO_SUCH_WINDOW:\n            exception_class = NoSuchWindowException\n        elif status in ErrorCode.STALE_ELEMENT_REFERENCE:\n            exception_class = StaleElementReferenceException\n        elif status in ErrorCode.ELEMENT_NOT_VISIBLE:\n            exception_class = ElementNotVisibleException\n        elif status in ErrorCode.INVALID_ELEMENT_STATE:\n            exception_class = InvalidElementStateException\n        elif (\n            status in ErrorCode.INVALID_SELECTOR\n            or status in ErrorCode.INVALID_XPATH_SELECTOR\n            or status in ErrorCode.INVALID_XPATH_SELECTOR_RETURN_TYPER\n        ):\n            exception_class = InvalidSelectorException\n        elif status in ErrorCode.ELEMENT_IS_NOT_SELECTABLE:\n            exception_class = ElementNotSelectableException\n        elif status in ErrorCode.ELEMENT_NOT_INTERACTABLE:\n            exception_class = ElementNotInteractableException\n        elif status in ErrorCode.INVALID_COOKIE_DOMAIN:\n            exception_class = InvalidCookieDomainException\n        elif status in ErrorCode.UNABLE_TO_SET_COOKIE:\n            exception_class = UnableToSetCookieException\n        elif status in ErrorCode.TIMEOUT:\n            exception_class = TimeoutException\n        elif status in ErrorCode.SCRIPT_TIMEOUT:\n            exception_class = TimeoutException\n        elif status in ErrorCode.UNKNOWN_ERROR:\n            exception_class = WebDriverException\n        elif status in ErrorCode.UNEXPECTED_ALERT_OPEN:\n            exception_class = UnexpectedAlertPresentException\n        elif status in ErrorCode.NO_ALERT_OPEN:\n            exception_class = NoAlertPresentException\n        elif status in ErrorCode.IME_NOT_AVAILABLE:\n            exception_class = ImeNotAvailableException\n        elif status in ErrorCode.IME_ENGINE_ACTIVATION_FAILED:\n            exception_class = ImeActivationFailedException\n        elif status in ErrorCode.MOVE_TARGET_OUT_OF_BOUNDS:\n            exception_class = MoveTargetOutOfBoundsException\n        elif status in ErrorCode.JAVASCRIPT_ERROR:\n            exception_class = JavascriptException\n        elif status in ErrorCode.SESSION_NOT_CREATED:\n            exception_class = SessionNotCreatedException\n        elif status in ErrorCode.INVALID_ARGUMENT:\n            exception_class = InvalidArgumentException\n        elif status in ErrorCode.NO_SUCH_COOKIE:\n            exception_class = NoSuchCookieException\n        elif status in ErrorCode.UNABLE_TO_CAPTURE_SCREEN:\n            exception_class = ScreenshotException\n        elif status in ErrorCode.ELEMENT_CLICK_INTERCEPTED:\n            exception_class = ElementClickInterceptedException\n        elif status in ErrorCode.INSECURE_CERTIFICATE:\n            exception_class = InsecureCertificateException\n        elif status in ErrorCode.INVALID_COORDINATES:\n            exception_class = InvalidCoordinatesException\n        elif status in ErrorCode.INVALID_SESSION_ID:\n            exception_class = InvalidSessionIdException\n        elif status in ErrorCode.UNKNOWN_METHOD:\n            exception_class = UnknownMethodException\n        else:\n            exception_class = WebDriverException\n        if not value:\n            value = response[\"value\"]\n        if isinstance(value, str):\n            raise exception_class(value)\n        if message == \"\" and \"message\" in value:\n            message = value[\"message\"]\n    \n        screen = None  # type: ignore[assignment]\n        if \"screen\" in value:\n            screen = value[\"screen\"]\n    \n        stacktrace = None\n        st_value = value.get(\"stackTrace\") or value.get(\"stacktrace\")\n        if st_value:\n            if isinstance(st_value, str):\n                stacktrace = st_value.split(\"\\n\")\n            else:\n                stacktrace = []\n                try:\n                    for frame in st_value:\n                        line = frame.get(\"lineNumber\", \"\")\n                        file = frame.get(\"fileName\", \"<anonymous>\")\n                        if line:\n                            file = f\"{file}:{line}\"\n                        meth = frame.get(\"methodName\", \"<anonymous>\")\n                        if \"className\" in frame:\n                            meth = f\"{frame['className']}.{meth}\"\n                        msg = \"    at %s (%s)\"\n                        msg = msg % (meth, file)\n                        stacktrace.append(msg)\n                except TypeError:\n                    pass\n        if exception_class == UnexpectedAlertPresentException:\n            alert_text = None\n            if \"data\" in value:\n                alert_text = value[\"data\"].get(\"text\")\n            elif \"alert\" in value:\n                alert_text = value[\"alert\"].get(\"text\")\n            raise exception_class(message, screen, stacktrace, alert_text)  # type: ignore[call-arg]  # mypy is not smart enough here\n>       raise exception_class(message, screen, stacktrace)\nE       selenium.common.exceptions.NoSuchElementException: Message: no such element: Unable to locate element: {\"method\":\"xpath\",\"selector\":\"(//a[contains(text(), 'Отзывы')])[3]\"}\nE         (Session info: chrome-headless-shell=123.0.6312.58); For documentation on this error, please visit: https://www.selenium.dev/documentation/webdriver/troubleshooting/errors#no-such-element-exception\nE       Stacktrace:\nE       #0 0x5638a25b9993 <unknown>\nE       #1 0x5638a22b4136 <unknown>\nE       #2 0x5638a22fed48 <unknown>\nE       #3 0x5638a22fee01 <unknown>\nE       #4 0x5638a2341e44 <unknown>\nE       #5 0x5638a2320cfd <unknown>\nE       #6 0x5638a233f319 <unknown>\nE       #7 0x5638a2320a73 <unknown>\nE       #8 0x5638a22f1c93 <unknown>\nE       #9 0x5638a22f265e <unknown>\nE       #10 0x5638a257e08b <unknown>\nE       #11 0x5638a2582005 <unknown>\nE       #12 0x5638a256c491 <unknown>\nE       #13 0x5638a2582b92 <unknown>\nE       #14 0x5638a25519ef <unknown>\nE       #15 0x5638a25a8df8 <unknown>\nE       #16 0x5638a25a8fcb <unknown>\nE       #17 0x5638a25b8ae4 <unknown>\nE       #18 0x7fc873636134 <unknown>\n\n/usr/local/lib/python3.11/site-packages/selenium/webdriver/remote/errorhandler.py:245: NoSuchElementException","flaky":false,"newFailed":false,"newBroken":false,"newPassed":false,"retriesCount":0,"retriesStatusChange":false,"beforeStages":[{"name":"_session_faker","time":{"start":1711069236007,"stop":1711069236072,"duration":65},"status":"passed","steps":[],"attachments":[],"parameters":[],"shouldDisplayMessage":false,"stepsCount":0,"attachmentsCount":0,"hasContent":false,"attachmentStep":false},{"name":"clear_allure_results_folder","time":{"start":1711069236072,"stop":1711069236072,"duration":0},"status":"passed","steps":[],"attachments":[],"parameters":[],"shouldDisplayMessage":false,"stepsCount":0,"attachmentsCount":0,"hasContent":false,"attachmentStep":false},{"name":"driver","time":{"start":1711069464310,"stop":1711069465041,"duration":731},"status":"passed","steps":[],"attachments":[],"parameters":[],"shouldDisplayMessage":false,"stepsCount":0,"attachmentsCount":0,"hasContent":false,"attachmentStep":false},{"name":"setup","time":{"start":1711069465042,"stop":1711069465042,"duration":0},"status":"passed","steps":[],"attachments":[],"parameters":[],"shouldDisplayMessage":false,"stepsCount":0,"attachmentsCount":0,"hasContent":false,"attachmentStep":false},{"name":"main_page","time":{"start":1711069465042,"stop":1711069465572,"duration":530},"status":"passed","steps":[],"attachments":[],"parameters":[],"shouldDisplayMessage":false,"stepsCount":0,"attachmentsCount":0,"hasContent":false,"attachmentStep":false}],"testStage":{"status":"skipped","statusMessage":"XFAIL При переходе на страницу отзывов может предложено пройти капчу\n\nselenium.common.exceptions.NoSuchElementException: Message: no such element: Unable to locate element: {\"method\":\"xpath\",\"selector\":\"(//a[contains(text(), 'Отзывы')])[3]\"}\n  (Session info: chrome-headless-shell=123.0.6312.58); For documentation on this error, please visit: https://www.selenium.dev/documentation/webdriver/troubleshooting/errors#no-such-element-exception\nStacktrace:\n#0 0x5638a25b9993 <unknown>\n#1 0x5638a22b4136 <unknown>\n#2 0x5638a22fed48 <unknown>\n#3 0x5638a22fee01 <unknown>\n#4 0x5638a2341e44 <unknown>\n#5 0x5638a2320cfd <unknown>\n#6 0x5638a233f319 <unknown>\n#7 0x5638a2320a73 <unknown>\n#8 0x5638a22f1c93 <unknown>\n#9 0x5638a22f265e <unknown>\n#10 0x5638a257e08b <unknown>\n#11 0x5638a2582005 <unknown>\n#12 0x5638a256c491 <unknown>\n#13 0x5638a2582b92 <unknown>\n#14 0x5638a25519ef <unknown>\n#15 0x5638a25a8df8 <unknown>\n#16 0x5638a25a8fcb <unknown>\n#17 0x5638a25b8ae4 <unknown>\n#18 0x7fc873636134 <unknown>","statusTrace":"self = <tests.test_main_page.TestMainPage object at 0x7fe9342ae610>\nmain_page = <pages.main_page.MainPage object at 0x7fe9344ae310>\n\n    @allure.feature(\"Footer functionality\")\n    @allure.title(\"TC 017 - Проверка функциональности ссылки 'Отзывы'\")\n    @pytest.mark.xfail(reason=\"При переходе на страницу отзывов может предложено пройти капчу\")\n    @pytest.mark.smoke_test\n    def test_positive_footer_reviews_smoke(self, main_page):\n>       title = main_page.check_reviews_link()\n\ntests/test_main_page.py:153: \n_ _ _ _ _ _ _ _ _ _ _ _ _ _ _ _ _ _ _ _ _ _ _ _ _ _ _ _ _ _ _ _ _ _ _ _ _ _ _ _ \npages/main_page.py:180: in check_reviews_link\n    self.driver.find_element(*self._reviews_link).click()\n/usr/local/lib/python3.11/site-packages/selenium/webdriver/remote/webdriver.py:740: in find_element\n    return self.execute(Command.FIND_ELEMENT, {\"using\": by, \"value\": value})[\"value\"]\n/usr/local/lib/python3.11/site-packages/selenium/webdriver/remote/webdriver.py:346: in execute\n    self.error_handler.check_response(response)\n_ _ _ _ _ _ _ _ _ _ _ _ _ _ _ _ _ _ _ _ _ _ _ _ _ _ _ _ _ _ _ _ _ _ _ _ _ _ _ _ \n\nself = <selenium.webdriver.remote.errorhandler.ErrorHandler object at 0x7fe9344a36d0>\nresponse = {'status': 404, 'value': '{\"value\":{\"error\":\"no such element\",\"message\":\"no such element: Unable to locate element: {\\...\\\\n#16 0x5638a25a8fcb \\\\u003Cunknown>\\\\n#17 0x5638a25b8ae4 \\\\u003Cunknown>\\\\n#18 0x7fc873636134 \\\\u003Cunknown>\\\\n\"}}'}\n\n    def check_response(self, response: Dict[str, Any]) -> None:\n        \"\"\"Checks that a JSON response from the WebDriver does not have an\n        error.\n    \n        :Args:\n         - response - The JSON response from the WebDriver server as a dictionary\n           object.\n    \n        :Raises: If the response contains an error message.\n        \"\"\"\n        status = response.get(\"status\", None)\n        if not status or status == ErrorCode.SUCCESS:\n            return\n        value = None\n        message = response.get(\"message\", \"\")\n        screen: str = response.get(\"screen\", \"\")\n        stacktrace = None\n        if isinstance(status, int):\n            value_json = response.get(\"value\", None)\n            if value_json and isinstance(value_json, str):\n                import json\n    \n                try:\n                    value = json.loads(value_json)\n                    if len(value) == 1:\n                        value = value[\"value\"]\n                    status = value.get(\"error\", None)\n                    if not status:\n                        status = value.get(\"status\", ErrorCode.UNKNOWN_ERROR)\n                        message = value.get(\"value\") or value.get(\"message\")\n                        if not isinstance(message, str):\n                            value = message\n                            message = message.get(\"message\")\n                    else:\n                        message = value.get(\"message\", None)\n                except ValueError:\n                    pass\n    \n        exception_class: Type[WebDriverException]\n        if status in ErrorCode.NO_SUCH_ELEMENT:\n            exception_class = NoSuchElementException\n        elif status in ErrorCode.NO_SUCH_FRAME:\n            exception_class = NoSuchFrameException\n        elif status in ErrorCode.NO_SUCH_SHADOW_ROOT:\n            exception_class = NoSuchShadowRootException\n        elif status in ErrorCode.NO_SUCH_WINDOW:\n            exception_class = NoSuchWindowException\n        elif status in ErrorCode.STALE_ELEMENT_REFERENCE:\n            exception_class = StaleElementReferenceException\n        elif status in ErrorCode.ELEMENT_NOT_VISIBLE:\n            exception_class = ElementNotVisibleException\n        elif status in ErrorCode.INVALID_ELEMENT_STATE:\n            exception_class = InvalidElementStateException\n        elif (\n            status in ErrorCode.INVALID_SELECTOR\n            or status in ErrorCode.INVALID_XPATH_SELECTOR\n            or status in ErrorCode.INVALID_XPATH_SELECTOR_RETURN_TYPER\n        ):\n            exception_class = InvalidSelectorException\n        elif status in ErrorCode.ELEMENT_IS_NOT_SELECTABLE:\n            exception_class = ElementNotSelectableException\n        elif status in ErrorCode.ELEMENT_NOT_INTERACTABLE:\n            exception_class = ElementNotInteractableException\n        elif status in ErrorCode.INVALID_COOKIE_DOMAIN:\n            exception_class = InvalidCookieDomainException\n        elif status in ErrorCode.UNABLE_TO_SET_COOKIE:\n            exception_class = UnableToSetCookieException\n        elif status in ErrorCode.TIMEOUT:\n            exception_class = TimeoutException\n        elif status in ErrorCode.SCRIPT_TIMEOUT:\n            exception_class = TimeoutException\n        elif status in ErrorCode.UNKNOWN_ERROR:\n            exception_class = WebDriverException\n        elif status in ErrorCode.UNEXPECTED_ALERT_OPEN:\n            exception_class = UnexpectedAlertPresentException\n        elif status in ErrorCode.NO_ALERT_OPEN:\n            exception_class = NoAlertPresentException\n        elif status in ErrorCode.IME_NOT_AVAILABLE:\n            exception_class = ImeNotAvailableException\n        elif status in ErrorCode.IME_ENGINE_ACTIVATION_FAILED:\n            exception_class = ImeActivationFailedException\n        elif status in ErrorCode.MOVE_TARGET_OUT_OF_BOUNDS:\n            exception_class = MoveTargetOutOfBoundsException\n        elif status in ErrorCode.JAVASCRIPT_ERROR:\n            exception_class = JavascriptException\n        elif status in ErrorCode.SESSION_NOT_CREATED:\n            exception_class = SessionNotCreatedException\n        elif status in ErrorCode.INVALID_ARGUMENT:\n            exception_class = InvalidArgumentException\n        elif status in ErrorCode.NO_SUCH_COOKIE:\n            exception_class = NoSuchCookieException\n        elif status in ErrorCode.UNABLE_TO_CAPTURE_SCREEN:\n            exception_class = ScreenshotException\n        elif status in ErrorCode.ELEMENT_CLICK_INTERCEPTED:\n            exception_class = ElementClickInterceptedException\n        elif status in ErrorCode.INSECURE_CERTIFICATE:\n            exception_class = InsecureCertificateException\n        elif status in ErrorCode.INVALID_COORDINATES:\n            exception_class = InvalidCoordinatesException\n        elif status in ErrorCode.INVALID_SESSION_ID:\n            exception_class = InvalidSessionIdException\n        elif status in ErrorCode.UNKNOWN_METHOD:\n            exception_class = UnknownMethodException\n        else:\n            exception_class = WebDriverException\n        if not value:\n            value = response[\"value\"]\n        if isinstance(value, str):\n            raise exception_class(value)\n        if message == \"\" and \"message\" in value:\n            message = value[\"message\"]\n    \n        screen = None  # type: ignore[assignment]\n        if \"screen\" in value:\n            screen = value[\"screen\"]\n    \n        stacktrace = None\n        st_value = value.get(\"stackTrace\") or value.get(\"stacktrace\")\n        if st_value:\n            if isinstance(st_value, str):\n                stacktrace = st_value.split(\"\\n\")\n            else:\n                stacktrace = []\n                try:\n                    for frame in st_value:\n                        line = frame.get(\"lineNumber\", \"\")\n                        file = frame.get(\"fileName\", \"<anonymous>\")\n                        if line:\n                            file = f\"{file}:{line}\"\n                        meth = frame.get(\"methodName\", \"<anonymous>\")\n                        if \"className\" in frame:\n                            meth = f\"{frame['className']}.{meth}\"\n                        msg = \"    at %s (%s)\"\n                        msg = msg % (meth, file)\n                        stacktrace.append(msg)\n                except TypeError:\n                    pass\n        if exception_class == UnexpectedAlertPresentException:\n            alert_text = None\n            if \"data\" in value:\n                alert_text = value[\"data\"].get(\"text\")\n            elif \"alert\" in value:\n                alert_text = value[\"alert\"].get(\"text\")\n            raise exception_class(message, screen, stacktrace, alert_text)  # type: ignore[call-arg]  # mypy is not smart enough here\n>       raise exception_class(message, screen, stacktrace)\nE       selenium.common.exceptions.NoSuchElementException: Message: no such element: Unable to locate element: {\"method\":\"xpath\",\"selector\":\"(//a[contains(text(), 'Отзывы')])[3]\"}\nE         (Session info: chrome-headless-shell=123.0.6312.58); For documentation on this error, please visit: https://www.selenium.dev/documentation/webdriver/troubleshooting/errors#no-such-element-exception\nE       Stacktrace:\nE       #0 0x5638a25b9993 <unknown>\nE       #1 0x5638a22b4136 <unknown>\nE       #2 0x5638a22fed48 <unknown>\nE       #3 0x5638a22fee01 <unknown>\nE       #4 0x5638a2341e44 <unknown>\nE       #5 0x5638a2320cfd <unknown>\nE       #6 0x5638a233f319 <unknown>\nE       #7 0x5638a2320a73 <unknown>\nE       #8 0x5638a22f1c93 <unknown>\nE       #9 0x5638a22f265e <unknown>\nE       #10 0x5638a257e08b <unknown>\nE       #11 0x5638a2582005 <unknown>\nE       #12 0x5638a256c491 <unknown>\nE       #13 0x5638a2582b92 <unknown>\nE       #14 0x5638a25519ef <unknown>\nE       #15 0x5638a25a8df8 <unknown>\nE       #16 0x5638a25a8fcb <unknown>\nE       #17 0x5638a25b8ae4 <unknown>\nE       #18 0x7fc873636134 <unknown>\n\n/usr/local/lib/python3.11/site-packages/selenium/webdriver/remote/errorhandler.py:245: NoSuchElementException","steps":[{"name":"Проверка функциональности ссылки 'Отзывы'","time":{"start":1711069465573,"stop":1711069465586,"duration":13},"status":"broken","statusMessage":"selenium.common.exceptions.NoSuchElementException: Message: no such element: Unable to locate element: {\"method\":\"xpath\",\"selector\":\"(//a[contains(text(), 'Отзывы')])[3]\"}\n  (Session info: chrome-headless-shell=123.0.6312.58); For documentation on this error, please visit: https://www.selenium.dev/documentation/webdriver/troubleshooting/errors#no-such-element-exception\nStacktrace:\n#0 0x5638a25b9993 <unknown>\n#1 0x5638a22b4136 <unknown>\n#2 0x5638a22fed48 <unknown>\n#3 0x5638a22fee01 <unknown>\n#4 0x5638a2341e44 <unknown>\n#5 0x5638a2320cfd <unknown>\n#6 0x5638a233f319 <unknown>\n#7 0x5638a2320a73 <unknown>\n#8 0x5638a22f1c93 <unknown>\n#9 0x5638a22f265e <unknown>\n#10 0x5638a257e08b <unknown>\n#11 0x5638a2582005 <unknown>\n#12 0x5638a256c491 <unknown>\n#13 0x5638a2582b92 <unknown>\n#14 0x5638a25519ef <unknown>\n#15 0x5638a25a8df8 <unknown>\n#16 0x5638a25a8fcb <unknown>\n#17 0x5638a25b8ae4 <unknown>\n#18 0x7fc873636134 <unknown>\n\n","statusTrace":"  File \"/usr/local/lib/python3.11/site-packages/allure_commons/_allure.py\", line 192, in impl\n    return func(*a, **kw)\n           ^^^^^^^^^^^^^^\n  File \"/app/pages/main_page.py\", line 180, in check_reviews_link\n    self.driver.find_element(*self._reviews_link).click()\n    ^^^^^^^^^^^^^^^^^^^^^^^^^^^^^^^^^^^^^^^^^^^^^\n  File \"/usr/local/lib/python3.11/site-packages/selenium/webdriver/remote/webdriver.py\", line 740, in find_element\n    return self.execute(Command.FIND_ELEMENT, {\"using\": by, \"value\": value})[\"value\"]\n           ^^^^^^^^^^^^^^^^^^^^^^^^^^^^^^^^^^^^^^^^^^^^^^^^^^^^^^^^^^^^^^^^^\n  File \"/usr/local/lib/python3.11/site-packages/selenium/webdriver/remote/webdriver.py\", line 346, in execute\n    self.error_handler.check_response(response)\n  File \"/usr/local/lib/python3.11/site-packages/selenium/webdriver/remote/errorhandler.py\", line 245, in check_response\n    raise exception_class(message, screen, stacktrace)\n","steps":[],"attachments":[],"parameters":[],"shouldDisplayMessage":true,"stepsCount":0,"attachmentsCount":0,"hasContent":true,"attachmentStep":false}],"attachments":[{"uid":"f5f2f246d98858eb","name":"Screenshot","source":"f5f2f246d98858eb.png","type":"image/png","size":39106},{"uid":"dae47b33fa5b3b74","name":"HTML source","source":"dae47b33fa5b3b74.html","type":"text/html","size":538}],"parameters":[],"shouldDisplayMessage":true,"stepsCount":1,"attachmentsCount":2,"hasContent":true,"attachmentStep":false},"afterStages":[{"name":"setup::0","time":{"start":1711069465700,"stop":1711069465700,"duration":0},"status":"passed","steps":[],"attachments":[],"parameters":[],"shouldDisplayMessage":false,"stepsCount":0,"attachmentsCount":0,"hasContent":false,"attachmentStep":false},{"name":"driver::0","time":{"start":1711069465700,"stop":1711069465757,"duration":57},"status":"passed","steps":[],"attachments":[],"parameters":[],"shouldDisplayMessage":false,"stepsCount":0,"attachmentsCount":0,"hasContent":false,"attachmentStep":false}],"labels":[{"name":"feature","value":"Footer functionality"},{"name":"epic","value":"Main Page"},{"name":"tag","value":"smoke_test"},{"name":"tag","value":"@pytest.mark.xfail(reason='При переходе на страницу отзывов может предложено пройти капчу')"},{"name":"parentSuite","value":"tests"},{"name":"suite","value":"test_main_page"},{"name":"subSuite","value":"TestMainPage"},{"name":"host","value":"0aa7280a2bf4"},{"name":"thread","value":"1-MainThread"},{"name":"framework","value":"pytest"},{"name":"language","value":"cpython3"},{"name":"package","value":"tests.test_main_page"},{"name":"resultFormat","value":"allure2"}],"parameters":[{"name":"url","value":"'https://test2.stroyrem-nn.ru/'"}],"links":[],"hidden":false,"retry":false,"extra":{"severity":"normal","retries":[],"categories":[],"history":{"statistic":{"failed":0,"broken":0,"skipped":226,"passed":0,"unknown":0,"total":226},"items":[{"uid":"ed1d00c21dea923e","reportUrl":"https://zaelcovsky.github.io/StroyremAutomation/268//#testresult/ed1d00c21dea923e","status":"skipped","statusDetails":"XFAIL При переходе на страницу отзывов может предложено пройти капчу\n\nselenium.common.exceptions.NoSuchElementException: Message: no such element: Unable to locate element: {\"method\":\"xpath\",\"selector\":\"(//a[contains(text(), 'Отзывы')])[3]\"}\n  (Session info: chrome-headless-shell=123.0.6312.58); For documentation on this error, please visit: https://www.selenium.dev/documentation/webdriver/troubleshooting/errors#no-such-element-exception\nStacktrace:\n#0 0x557af494b993 <unknown>\n#1 0x557af4646136 <unknown>\n#2 0x557af4690d48 <unknown>\n#3 0x557af4690e01 <unknown>\n#4 0x557af46d3e44 <unknown>\n#5 0x557af46b2cfd <unknown>\n#6 0x557af46d1319 <unknown>\n#7 0x557af46b2a73 <unknown>\n#8 0x557af4683c93 <unknown>\n#9 0x557af468465e <unknown>\n#10 0x557af491008b <unknown>\n#11 0x557af4914005 <unknown>\n#12 0x557af48fe491 <unknown>\n#13 0x557af4914b92 <unknown>\n#14 0x557af48e39ef <unknown>\n#15 0x557af493adf8 <unknown>\n#16 0x557af493afcb <unknown>\n#17 0x557af494aae4 <unknown>\n#18 0x7f5aabc9d134 <unknown>","time":{"start":1710983155838,"stop":1710983155851,"duration":13}},{"uid":"de1add0acb47d019","reportUrl":"https://zaelcovsky.github.io/StroyremAutomation/267//#testresult/de1add0acb47d019","status":"skipped","statusDetails":"XFAIL При переходе на страницу отзывов может предложено пройти капчу\n\nselenium.common.exceptions.NoSuchElementException: Message: no such element: Unable to locate element: {\"method\":\"xpath\",\"selector\":\"(//a[contains(text(), 'Отзывы')])[3]\"}\n  (Session info: chrome-headless-shell=123.0.6312.58); For documentation on this error, please visit: https://www.selenium.dev/documentation/webdriver/troubleshooting/errors#no-such-element-exception\nStacktrace:\n#0 0x59611c66c993 <unknown>\n#1 0x59611c367136 <unknown>\n#2 0x59611c3b1d48 <unknown>\n#3 0x59611c3b1e01 <unknown>\n#4 0x59611c3f4e44 <unknown>\n#5 0x59611c3d3cfd <unknown>\n#6 0x59611c3f2319 <unknown>\n#7 0x59611c3d3a73 <unknown>\n#8 0x59611c3a4c93 <unknown>\n#9 0x59611c3a565e <unknown>\n#10 0x59611c63108b <unknown>\n#11 0x59611c635005 <unknown>\n#12 0x59611c61f491 <unknown>\n#13 0x59611c635b92 <unknown>\n#14 0x59611c6049ef <unknown>\n#15 0x59611c65bdf8 <unknown>\n#16 0x59611c65bfcb <unknown>\n#17 0x59611c66bae4 <unknown>\n#18 0x75d81d59e134 <unknown>","time":{"start":1710896662192,"stop":1710896662206,"duration":14}},{"uid":"ee1828f430b3aca6","reportUrl":"https://zaelcovsky.github.io/StroyremAutomation/266//#testresult/ee1828f430b3aca6","status":"skipped","statusDetails":"XFAIL При переходе на страницу отзывов может предложено пройти капчу\n\nselenium.common.exceptions.NoSuchElementException: Message: no such element: Unable to locate element: {\"method\":\"xpath\",\"selector\":\"(//a[contains(text(), 'Отзывы')])[3]\"}\n  (Session info: chrome-headless-shell=122.0.6261.128); For documentation on this error, please visit: https://www.selenium.dev/documentation/webdriver/troubleshooting/errors#no-such-element-exception\nStacktrace:\n#0 0x646ef585df33 <unknown>\n#1 0x646ef5555ce6 <unknown>\n#2 0x646ef55a0e48 <unknown>\n#3 0x646ef55a0f01 <unknown>\n#4 0x646ef55e43f4 <unknown>\n#5 0x646ef55c2edd <unknown>\n#6 0x646ef55e1899 <unknown>\n#7 0x646ef55c2c53 <unknown>\n#8 0x646ef5593db3 <unknown>\n#9 0x646ef559477e <unknown>\n#10 0x646ef582386b <unknown>\n#11 0x646ef5827885 <unknown>\n#12 0x646ef5811181 <unknown>\n#13 0x646ef5828412 <unknown>\n#14 0x646ef57f525f <unknown>\n#15 0x646ef584c528 <unknown>\n#16 0x646ef584c723 <unknown>\n#17 0x646ef585d0e4 <unknown>\n#18 0x7e2bf769e134 <unknown>","time":{"start":1710810223498,"stop":1710810223512,"duration":14}},{"uid":"9fda025cf1ff4e52","reportUrl":"https://zaelcovsky.github.io/StroyremAutomation/265//#testresult/9fda025cf1ff4e52","status":"skipped","statusDetails":"XFAIL При переходе на страницу отзывов может предложено пройти капчу\n\nselenium.common.exceptions.NoSuchElementException: Message: no such element: Unable to locate element: {\"method\":\"xpath\",\"selector\":\"(//a[contains(text(), 'Отзывы')])[3]\"}\n  (Session info: chrome-headless-shell=122.0.6261.128); For documentation on this error, please visit: https://www.selenium.dev/documentation/webdriver/troubleshooting/errors#no-such-element-exception\nStacktrace:\n#0 0x57ca76e77f33 <unknown>\n#1 0x57ca76b6fce6 <unknown>\n#2 0x57ca76bbae48 <unknown>\n#3 0x57ca76bbaf01 <unknown>\n#4 0x57ca76bfe3f4 <unknown>\n#5 0x57ca76bdcedd <unknown>\n#6 0x57ca76bfb899 <unknown>\n#7 0x57ca76bdcc53 <unknown>\n#8 0x57ca76baddb3 <unknown>\n#9 0x57ca76bae77e <unknown>\n#10 0x57ca76e3d86b <unknown>\n#11 0x57ca76e41885 <unknown>\n#12 0x57ca76e2b181 <unknown>\n#13 0x57ca76e42412 <unknown>\n#14 0x57ca76e0f25f <unknown>\n#15 0x57ca76e66528 <unknown>\n#16 0x57ca76e66723 <unknown>\n#17 0x57ca76e770e4 <unknown>\n#18 0x73b39e24b134 <unknown>","time":{"start":1710723930041,"stop":1710723930055,"duration":14}},{"uid":"3e395dcac2bb07d4","reportUrl":"https://zaelcovsky.github.io/StroyremAutomation/264//#testresult/3e395dcac2bb07d4","status":"skipped","statusDetails":"XFAIL При переходе на страницу отзывов может предложено пройти капчу\n\nselenium.common.exceptions.NoSuchElementException: Message: no such element: Unable to locate element: {\"method\":\"xpath\",\"selector\":\"(//a[contains(text(), 'Отзывы')])[3]\"}\n  (Session info: chrome-headless-shell=122.0.6261.128); For documentation on this error, please visit: https://www.selenium.dev/documentation/webdriver/troubleshooting/errors#no-such-element-exception\nStacktrace:\n#0 0x571ec96ccf33 <unknown>\n#1 0x571ec93c4ce6 <unknown>\n#2 0x571ec940fe48 <unknown>\n#3 0x571ec940ff01 <unknown>\n#4 0x571ec94533f4 <unknown>\n#5 0x571ec9431edd <unknown>\n#6 0x571ec9450899 <unknown>\n#7 0x571ec9431c53 <unknown>\n#8 0x571ec9402db3 <unknown>\n#9 0x571ec940377e <unknown>\n#10 0x571ec969286b <unknown>\n#11 0x571ec9696885 <unknown>\n#12 0x571ec9680181 <unknown>\n#13 0x571ec9697412 <unknown>\n#14 0x571ec966425f <unknown>\n#15 0x571ec96bb528 <unknown>\n#16 0x571ec96bb723 <unknown>\n#17 0x571ec96cc0e4 <unknown>\n#18 0x7e7ca2736134 <unknown>","time":{"start":1710637706283,"stop":1710637706297,"duration":14}},{"uid":"b7d02dac2df4c19d","reportUrl":"https://zaelcovsky.github.io/StroyremAutomation/263//#testresult/b7d02dac2df4c19d","status":"skipped","statusDetails":"XFAIL При переходе на страницу отзывов может предложено пройти капчу\n\nselenium.common.exceptions.NoSuchElementException: Message: no such element: Unable to locate element: {\"method\":\"xpath\",\"selector\":\"(//a[contains(text(), 'Отзывы')])[3]\"}\n  (Session info: chrome-headless-shell=122.0.6261.128); For documentation on this error, please visit: https://www.selenium.dev/documentation/webdriver/troubleshooting/errors#no-such-element-exception\nStacktrace:\n#0 0x5e7484af2f33 <unknown>\n#1 0x5e74847eace6 <unknown>\n#2 0x5e7484835e48 <unknown>\n#3 0x5e7484835f01 <unknown>\n#4 0x5e74848793f4 <unknown>\n#5 0x5e7484857edd <unknown>\n#6 0x5e7484876899 <unknown>\n#7 0x5e7484857c53 <unknown>\n#8 0x5e7484828db3 <unknown>\n#9 0x5e748482977e <unknown>\n#10 0x5e7484ab886b <unknown>\n#11 0x5e7484abc885 <unknown>\n#12 0x5e7484aa6181 <unknown>\n#13 0x5e7484abd412 <unknown>\n#14 0x5e7484a8a25f <unknown>\n#15 0x5e7484ae1528 <unknown>\n#16 0x5e7484ae1723 <unknown>\n#17 0x5e7484af20e4 <unknown>\n#18 0x7e9ebca2f134 <unknown>","time":{"start":1710550951087,"stop":1710550951100,"duration":13}},{"uid":"f10d8315b2ae0571","reportUrl":"https://zaelcovsky.github.io/StroyremAutomation/262//#testresult/f10d8315b2ae0571","status":"skipped","statusDetails":"XFAIL При переходе на страницу отзывов может предложено пройти капчу\n\nselenium.common.exceptions.NoSuchElementException: Message: no such element: Unable to locate element: {\"method\":\"xpath\",\"selector\":\"(//a[contains(text(), 'Отзывы')])[3]\"}\n  (Session info: chrome-headless-shell=122.0.6261.128); For documentation on this error, please visit: https://www.selenium.dev/documentation/webdriver/troubleshooting/errors#no-such-element-exception\nStacktrace:\n#0 0x5d59ab9a3f33 <unknown>\n#1 0x5d59ab69bce6 <unknown>\n#2 0x5d59ab6e6e48 <unknown>\n#3 0x5d59ab6e6f01 <unknown>\n#4 0x5d59ab72a3f4 <unknown>\n#5 0x5d59ab708edd <unknown>\n#6 0x5d59ab727899 <unknown>\n#7 0x5d59ab708c53 <unknown>\n#8 0x5d59ab6d9db3 <unknown>\n#9 0x5d59ab6da77e <unknown>\n#10 0x5d59ab96986b <unknown>\n#11 0x5d59ab96d885 <unknown>\n#12 0x5d59ab957181 <unknown>\n#13 0x5d59ab96e412 <unknown>\n#14 0x5d59ab93b25f <unknown>\n#15 0x5d59ab992528 <unknown>\n#16 0x5d59ab992723 <unknown>\n#17 0x5d59ab9a30e4 <unknown>\n#18 0x7b2f0cb0b134 <unknown>","time":{"start":1710464724957,"stop":1710464724971,"duration":14}},{"uid":"c569de9ace4a3a5c","reportUrl":"https://zaelcovsky.github.io/StroyremAutomation/261//#testresult/c569de9ace4a3a5c","status":"skipped","statusDetails":"XFAIL При переходе на страницу отзывов может предложено пройти капчу\n\nselenium.common.exceptions.NoSuchElementException: Message: no such element: Unable to locate element: {\"method\":\"xpath\",\"selector\":\"(//a[contains(text(), 'Отзывы')])[3]\"}\n  (Session info: chrome-headless-shell=122.0.6261.128); For documentation on this error, please visit: https://www.selenium.dev/documentation/webdriver/troubleshooting/errors#no-such-element-exception\nStacktrace:\n#0 0x5a900b16af33 <unknown>\n#1 0x5a900ae62ce6 <unknown>\n#2 0x5a900aeade48 <unknown>\n#3 0x5a900aeadf01 <unknown>\n#4 0x5a900aef13f4 <unknown>\n#5 0x5a900aecfedd <unknown>\n#6 0x5a900aeee899 <unknown>\n#7 0x5a900aecfc53 <unknown>\n#8 0x5a900aea0db3 <unknown>\n#9 0x5a900aea177e <unknown>\n#10 0x5a900b13086b <unknown>\n#11 0x5a900b134885 <unknown>\n#12 0x5a900b11e181 <unknown>\n#13 0x5a900b135412 <unknown>\n#14 0x5a900b10225f <unknown>\n#15 0x5a900b159528 <unknown>\n#16 0x5a900b159723 <unknown>\n#17 0x5a900b16a0e4 <unknown>\n#18 0x7ec1e6bbb134 <unknown>","time":{"start":1710378261949,"stop":1710378261963,"duration":14}},{"uid":"35b321728892e404","reportUrl":"https://zaelcovsky.github.io/StroyremAutomation/260//#testresult/35b321728892e404","status":"skipped","statusDetails":"XFAIL При переходе на страницу отзывов может предложено пройти капчу\n\nselenium.common.exceptions.NoSuchElementException: Message: no such element: Unable to locate element: {\"method\":\"xpath\",\"selector\":\"(//a[contains(text(), 'Отзывы')])[3]\"}\n  (Session info: chrome-headless-shell=122.0.6261.128); For documentation on this error, please visit: https://www.selenium.dev/documentation/webdriver/troubleshooting/errors#no-such-element-exception\nStacktrace:\n#0 0x5571dab00f33 <unknown>\n#1 0x5571da7f8ce6 <unknown>\n#2 0x5571da843e48 <unknown>\n#3 0x5571da843f01 <unknown>\n#4 0x5571da8873f4 <unknown>\n#5 0x5571da865edd <unknown>\n#6 0x5571da884899 <unknown>\n#7 0x5571da865c53 <unknown>\n#8 0x5571da836db3 <unknown>\n#9 0x5571da83777e <unknown>\n#10 0x5571daac686b <unknown>\n#11 0x5571daaca885 <unknown>\n#12 0x5571daab4181 <unknown>\n#13 0x5571daacb412 <unknown>\n#14 0x5571daa9825f <unknown>\n#15 0x5571daaef528 <unknown>\n#16 0x5571daaef723 <unknown>\n#17 0x5571dab000e4 <unknown>\n#18 0x7effdc5ee134 <unknown>","time":{"start":1710292019534,"stop":1710292019550,"duration":16}},{"uid":"56ef9e757f739869","reportUrl":"https://zaelcovsky.github.io/StroyremAutomation/259//#testresult/56ef9e757f739869","status":"skipped","statusDetails":"XFAIL При переходе на страницу отзывов может предложено пройти капчу\n\nselenium.common.exceptions.NoSuchElementException: Message: no such element: Unable to locate element: {\"method\":\"xpath\",\"selector\":\"(//a[contains(text(), 'Отзывы')])[3]\"}\n  (Session info: chrome-headless-shell=122.0.6261.111); For documentation on this error, please visit: https://www.selenium.dev/documentation/webdriver/troubleshooting/errors#no-such-element-exception\nStacktrace:\n#0 0x5a00b14deec3 <unknown>\n#1 0x5a00b11d6ce6 <unknown>\n#2 0x5a00b1221e48 <unknown>\n#3 0x5a00b1221f01 <unknown>\n#4 0x5a00b12653f4 <unknown>\n#5 0x5a00b1243edd <unknown>\n#6 0x5a00b1262899 <unknown>\n#7 0x5a00b1243c53 <unknown>\n#8 0x5a00b1214db3 <unknown>\n#9 0x5a00b121577e <unknown>\n#10 0x5a00b14a47fb <unknown>\n#11 0x5a00b14a8815 <unknown>\n#12 0x5a00b1492111 <unknown>\n#13 0x5a00b14a93a2 <unknown>\n#14 0x5a00b14761ef <unknown>\n#15 0x5a00b14cd4b8 <unknown>\n#16 0x5a00b14cd6b3 <unknown>\n#17 0x5a00b14de074 <unknown>\n#18 0x77b29dfe5134 <unknown>","time":{"start":1710205390326,"stop":1710205390340,"duration":14}},{"uid":"716f849f18280873","reportUrl":"https://zaelcovsky.github.io/StroyremAutomation/258//#testresult/716f849f18280873","status":"skipped","statusDetails":"XFAIL При переходе на страницу отзывов может предложено пройти капчу\n\nselenium.common.exceptions.NoSuchElementException: Message: no such element: Unable to locate element: {\"method\":\"xpath\",\"selector\":\"(//a[contains(text(), 'Отзывы')])[3]\"}\n  (Session info: chrome-headless-shell=122.0.6261.111); For documentation on this error, please visit: https://www.selenium.dev/documentation/webdriver/troubleshooting/errors#no-such-element-exception\nStacktrace:\n#0 0x55e225935ec3 <unknown>\n#1 0x55e22562dce6 <unknown>\n#2 0x55e225678e48 <unknown>\n#3 0x55e225678f01 <unknown>\n#4 0x55e2256bc3f4 <unknown>\n#5 0x55e22569aedd <unknown>\n#6 0x55e2256b9899 <unknown>\n#7 0x55e22569ac53 <unknown>\n#8 0x55e22566bdb3 <unknown>\n#9 0x55e22566c77e <unknown>\n#10 0x55e2258fb7fb <unknown>\n#11 0x55e2258ff815 <unknown>\n#12 0x55e2258e9111 <unknown>\n#13 0x55e2259003a2 <unknown>\n#14 0x55e2258cd1ef <unknown>\n#15 0x55e2259244b8 <unknown>\n#16 0x55e2259246b3 <unknown>\n#17 0x55e225935074 <unknown>\n#18 0x7f4b2dc67134 <unknown>","time":{"start":1710119063029,"stop":1710119063044,"duration":15}},{"uid":"e9001024f49e58","reportUrl":"https://zaelcovsky.github.io/StroyremAutomation/257//#testresult/e9001024f49e58","status":"skipped","statusDetails":"XFAIL При переходе на страницу отзывов может предложено пройти капчу\n\nselenium.common.exceptions.NoSuchElementException: Message: no such element: Unable to locate element: {\"method\":\"xpath\",\"selector\":\"(//a[contains(text(), 'Отзывы')])[3]\"}\n  (Session info: chrome-headless-shell=122.0.6261.111); For documentation on this error, please visit: https://www.selenium.dev/documentation/webdriver/troubleshooting/errors#no-such-element-exception\nStacktrace:\n#0 0x563254b78ec3 <unknown>\n#1 0x563254870ce6 <unknown>\n#2 0x5632548bbe48 <unknown>\n#3 0x5632548bbf01 <unknown>\n#4 0x5632548ff3f4 <unknown>\n#5 0x5632548ddedd <unknown>\n#6 0x5632548fc899 <unknown>\n#7 0x5632548ddc53 <unknown>\n#8 0x5632548aedb3 <unknown>\n#9 0x5632548af77e <unknown>\n#10 0x563254b3e7fb <unknown>\n#11 0x563254b42815 <unknown>\n#12 0x563254b2c111 <unknown>\n#13 0x563254b433a2 <unknown>\n#14 0x563254b101ef <unknown>\n#15 0x563254b674b8 <unknown>\n#16 0x563254b676b3 <unknown>\n#17 0x563254b78074 <unknown>\n#18 0x7ffaa1939134 <unknown>","time":{"start":1710032894334,"stop":1710032894347,"duration":13}},{"uid":"cfa0eb9df05d3f64","reportUrl":"https://zaelcovsky.github.io/StroyremAutomation/256//#testresult/cfa0eb9df05d3f64","status":"skipped","statusDetails":"XFAIL При переходе на страницу отзывов может предложено пройти капчу\n\nselenium.common.exceptions.NoSuchElementException: Message: no such element: Unable to locate element: {\"method\":\"xpath\",\"selector\":\"(//a[contains(text(), 'Отзывы')])[3]\"}\n  (Session info: chrome-headless-shell=122.0.6261.111); For documentation on this error, please visit: https://www.selenium.dev/documentation/webdriver/troubleshooting/errors#no-such-element-exception\nStacktrace:\n#0 0x55f9c9c38ec3 <unknown>\n#1 0x55f9c9930ce6 <unknown>\n#2 0x55f9c997be48 <unknown>\n#3 0x55f9c997bf01 <unknown>\n#4 0x55f9c99bf3f4 <unknown>\n#5 0x55f9c999dedd <unknown>\n#6 0x55f9c99bc899 <unknown>\n#7 0x55f9c999dc53 <unknown>\n#8 0x55f9c996edb3 <unknown>\n#9 0x55f9c996f77e <unknown>\n#10 0x55f9c9bfe7fb <unknown>\n#11 0x55f9c9c02815 <unknown>\n#12 0x55f9c9bec111 <unknown>\n#13 0x55f9c9c033a2 <unknown>\n#14 0x55f9c9bd01ef <unknown>\n#15 0x55f9c9c274b8 <unknown>\n#16 0x55f9c9c276b3 <unknown>\n#17 0x55f9c9c38074 <unknown>\n#18 0x7f9f7d997134 <unknown>","time":{"start":1709946134900,"stop":1709946134914,"duration":14}},{"uid":"61a3afd57911769e","reportUrl":"https://zaelcovsky.github.io/StroyremAutomation/255//#testresult/61a3afd57911769e","status":"skipped","statusDetails":"XFAIL При переходе на страницу отзывов может предложено пройти капчу\n\nselenium.common.exceptions.NoSuchElementException: Message: no such element: Unable to locate element: {\"method\":\"xpath\",\"selector\":\"(//a[contains(text(), 'Отзывы')])[3]\"}\n  (Session info: chrome-headless-shell=122.0.6261.111); For documentation on this error, please visit: https://www.selenium.dev/documentation/webdriver/troubleshooting/errors#no-such-element-exception\nStacktrace:\n#0 0x562a92cffec3 <unknown>\n#1 0x562a929f7ce6 <unknown>\n#2 0x562a92a42e48 <unknown>\n#3 0x562a92a42f01 <unknown>\n#4 0x562a92a863f4 <unknown>\n#5 0x562a92a64edd <unknown>\n#6 0x562a92a83899 <unknown>\n#7 0x562a92a64c53 <unknown>\n#8 0x562a92a35db3 <unknown>\n#9 0x562a92a3677e <unknown>\n#10 0x562a92cc57fb <unknown>\n#11 0x562a92cc9815 <unknown>\n#12 0x562a92cb3111 <unknown>\n#13 0x562a92cca3a2 <unknown>\n#14 0x562a92c971ef <unknown>\n#15 0x562a92cee4b8 <unknown>\n#16 0x562a92cee6b3 <unknown>\n#17 0x562a92cff074 <unknown>\n#18 0x7fa00c2c6134 <unknown>","time":{"start":1709859796446,"stop":1709859796459,"duration":13}},{"uid":"65c9e056914b69c6","reportUrl":"https://zaelcovsky.github.io/StroyremAutomation/254//#testresult/65c9e056914b69c6","status":"skipped","statusDetails":"XFAIL При переходе на страницу отзывов может предложено пройти капчу\n\nselenium.common.exceptions.NoSuchElementException: Message: no such element: Unable to locate element: {\"method\":\"xpath\",\"selector\":\"(//a[contains(text(), 'Отзывы')])[3]\"}\n  (Session info: chrome-headless-shell=122.0.6261.94); For documentation on this error, please visit: https://www.selenium.dev/documentation/webdriver/troubleshooting/errors#no-such-element-exception\nStacktrace:\n#0 0x55c9a4b98e93 <unknown>\n#1 0x55c9a4890ce6 <unknown>\n#2 0x55c9a48dbe48 <unknown>\n#3 0x55c9a48dbf01 <unknown>\n#4 0x55c9a491f3f4 <unknown>\n#5 0x55c9a48fdedd <unknown>\n#6 0x55c9a491c899 <unknown>\n#7 0x55c9a48fdc53 <unknown>\n#8 0x55c9a48cedb3 <unknown>\n#9 0x55c9a48cf77e <unknown>\n#10 0x55c9a4b5e7cb <unknown>\n#11 0x55c9a4b627e5 <unknown>\n#12 0x55c9a4b4c0e1 <unknown>\n#13 0x55c9a4b63372 <unknown>\n#14 0x55c9a4b301bf <unknown>\n#15 0x55c9a4b87488 <unknown>\n#16 0x55c9a4b87683 <unknown>\n#17 0x55c9a4b98044 <unknown>\n#18 0x7f0f08422134 <unknown>","time":{"start":1709772878424,"stop":1709772878437,"duration":13}},{"uid":"547d4653a6d38c85","reportUrl":"https://zaelcovsky.github.io/StroyremAutomation/253//#testresult/547d4653a6d38c85","status":"skipped","statusDetails":"XFAIL При переходе на страницу отзывов может предложено пройти капчу\n\nselenium.common.exceptions.NoSuchElementException: Message: no such element: Unable to locate element: {\"method\":\"xpath\",\"selector\":\"(//a[contains(text(), 'Отзывы')])[3]\"}\n  (Session info: chrome-headless-shell=122.0.6261.94); For documentation on this error, please visit: https://www.selenium.dev/documentation/webdriver/troubleshooting/errors#no-such-element-exception\nStacktrace:\n#0 0x55dc28a5be93 <unknown>\n#1 0x55dc28753ce6 <unknown>\n#2 0x55dc2879ee48 <unknown>\n#3 0x55dc2879ef01 <unknown>\n#4 0x55dc287e23f4 <unknown>\n#5 0x55dc287c0edd <unknown>\n#6 0x55dc287df899 <unknown>\n#7 0x55dc287c0c53 <unknown>\n#8 0x55dc28791db3 <unknown>\n#9 0x55dc2879277e <unknown>\n#10 0x55dc28a217cb <unknown>\n#11 0x55dc28a257e5 <unknown>\n#12 0x55dc28a0f0e1 <unknown>\n#13 0x55dc28a26372 <unknown>\n#14 0x55dc289f31bf <unknown>\n#15 0x55dc28a4a488 <unknown>\n#16 0x55dc28a4a683 <unknown>\n#17 0x55dc28a5b044 <unknown>\n#18 0x7f6ef1959134 <unknown>","time":{"start":1709686999155,"stop":1709686999168,"duration":13}},{"uid":"3300da1764ca3da1","reportUrl":"https://zaelcovsky.github.io/StroyremAutomation/252//#testresult/3300da1764ca3da1","status":"skipped","statusDetails":"XFAIL При переходе на страницу отзывов может предложено пройти капчу\n\nselenium.common.exceptions.NoSuchElementException: Message: no such element: Unable to locate element: {\"method\":\"xpath\",\"selector\":\"(//a[contains(text(), 'Отзывы')])[3]\"}\n  (Session info: chrome-headless-shell=122.0.6261.94); For documentation on this error, please visit: https://www.selenium.dev/documentation/webdriver/troubleshooting/errors#no-such-element-exception\nStacktrace:\n#0 0x55e8ee148e93 <unknown>\n#1 0x55e8ede40ce6 <unknown>\n#2 0x55e8ede8be48 <unknown>\n#3 0x55e8ede8bf01 <unknown>\n#4 0x55e8edecf3f4 <unknown>\n#5 0x55e8edeadedd <unknown>\n#6 0x55e8edecc899 <unknown>\n#7 0x55e8edeadc53 <unknown>\n#8 0x55e8ede7edb3 <unknown>\n#9 0x55e8ede7f77e <unknown>\n#10 0x55e8ee10e7cb <unknown>\n#11 0x55e8ee1127e5 <unknown>\n#12 0x55e8ee0fc0e1 <unknown>\n#13 0x55e8ee113372 <unknown>\n#14 0x55e8ee0e01bf <unknown>\n#15 0x55e8ee137488 <unknown>\n#16 0x55e8ee137683 <unknown>\n#17 0x55e8ee148044 <unknown>\n#18 0x7fd3af97b134 <unknown>","time":{"start":1709600586426,"stop":1709600586441,"duration":15}},{"uid":"9c4825d635b43226","reportUrl":"https://zaelcovsky.github.io/StroyremAutomation/251//#testresult/9c4825d635b43226","status":"skipped","statusDetails":"XFAIL При переходе на страницу отзывов может предложено пройти капчу\n\nselenium.common.exceptions.NoSuchElementException: Message: no such element: Unable to locate element: {\"method\":\"xpath\",\"selector\":\"(//a[contains(text(), 'Отзывы')])[3]\"}\n  (Session info: chrome-headless-shell=122.0.6261.94); For documentation on this error, please visit: https://www.selenium.dev/documentation/webdriver/troubleshooting/errors#no-such-element-exception\nStacktrace:\n#0 0x55e08ac00e93 <unknown>\n#1 0x55e08a8f8ce6 <unknown>\n#2 0x55e08a943e48 <unknown>\n#3 0x55e08a943f01 <unknown>\n#4 0x55e08a9873f4 <unknown>\n#5 0x55e08a965edd <unknown>\n#6 0x55e08a984899 <unknown>\n#7 0x55e08a965c53 <unknown>\n#8 0x55e08a936db3 <unknown>\n#9 0x55e08a93777e <unknown>\n#10 0x55e08abc67cb <unknown>\n#11 0x55e08abca7e5 <unknown>\n#12 0x55e08abb40e1 <unknown>\n#13 0x55e08abcb372 <unknown>\n#14 0x55e08ab981bf <unknown>\n#15 0x55e08abef488 <unknown>\n#16 0x55e08abef683 <unknown>\n#17 0x55e08ac00044 <unknown>\n#18 0x7f15b7643134 <unknown>","time":{"start":1709514245232,"stop":1709514245246,"duration":14}},{"uid":"71f30c463502f957","reportUrl":"https://zaelcovsky.github.io/StroyremAutomation/250//#testresult/71f30c463502f957","status":"skipped","statusDetails":"XFAIL При переходе на страницу отзывов может предложено пройти капчу\n\nselenium.common.exceptions.NoSuchElementException: Message: no such element: Unable to locate element: {\"method\":\"xpath\",\"selector\":\"(//a[contains(text(), 'Отзывы')])[3]\"}\n  (Session info: chrome-headless-shell=122.0.6261.94); For documentation on this error, please visit: https://www.selenium.dev/documentation/webdriver/troubleshooting/errors#no-such-element-exception\nStacktrace:\n#0 0x55ae5ceb2e93 <unknown>\n#1 0x55ae5cbaace6 <unknown>\n#2 0x55ae5cbf5e48 <unknown>\n#3 0x55ae5cbf5f01 <unknown>\n#4 0x55ae5cc393f4 <unknown>\n#5 0x55ae5cc17edd <unknown>\n#6 0x55ae5cc36899 <unknown>\n#7 0x55ae5cc17c53 <unknown>\n#8 0x55ae5cbe8db3 <unknown>\n#9 0x55ae5cbe977e <unknown>\n#10 0x55ae5ce787cb <unknown>\n#11 0x55ae5ce7c7e5 <unknown>\n#12 0x55ae5ce660e1 <unknown>\n#13 0x55ae5ce7d372 <unknown>\n#14 0x55ae5ce4a1bf <unknown>\n#15 0x55ae5cea1488 <unknown>\n#16 0x55ae5cea1683 <unknown>\n#17 0x55ae5ceb2044 <unknown>\n#18 0x7fef070a3134 <unknown>","time":{"start":1709428041113,"stop":1709428041126,"duration":13}},{"uid":"94b7a5aab884bb9b","reportUrl":"https://zaelcovsky.github.io/StroyremAutomation/249//#testresult/94b7a5aab884bb9b","status":"skipped","statusDetails":"XFAIL При переходе на страницу отзывов может предложено пройти капчу\n\nselenium.common.exceptions.NoSuchElementException: Message: no such element: Unable to locate element: {\"method\":\"xpath\",\"selector\":\"(//a[contains(text(), 'Отзывы')])[3]\"}\n  (Session info: chrome-headless-shell=122.0.6261.94); For documentation on this error, please visit: https://www.selenium.dev/documentation/webdriver/troubleshooting/errors#no-such-element-exception\nStacktrace:\n#0 0x557b97345e93 <unknown>\n#1 0x557b9703dce6 <unknown>\n#2 0x557b97088e48 <unknown>\n#3 0x557b97088f01 <unknown>\n#4 0x557b970cc3f4 <unknown>\n#5 0x557b970aaedd <unknown>\n#6 0x557b970c9899 <unknown>\n#7 0x557b970aac53 <unknown>\n#8 0x557b9707bdb3 <unknown>\n#9 0x557b9707c77e <unknown>\n#10 0x557b9730b7cb <unknown>\n#11 0x557b9730f7e5 <unknown>\n#12 0x557b972f90e1 <unknown>\n#13 0x557b97310372 <unknown>\n#14 0x557b972dd1bf <unknown>\n#15 0x557b97334488 <unknown>\n#16 0x557b97334683 <unknown>\n#17 0x557b97345044 <unknown>\n#18 0x7f8b456b3134 <unknown>","time":{"start":1709341379847,"stop":1709341379861,"duration":14}}]},"tags":["@pytest.mark.xfail(reason='При переходе на страницу отзывов может предложено пройти капчу')","smoke_test"]},"source":"ed4a8433998d2bf3.json","parameterValues":["'https://test2.stroyrem-nn.ru/'"]}