{"uid":"9f95cfc8fbf2dd0d","name":"TD 021 Доставка товара весом до 4500кг. в синей зоне","fullName":"tests.delivery.test_delivery_calculation.TestDeliveryPageCalculation#test_positive_delivery_blue_zone_smoke","historyId":"4272fd29f73ebe2bebbe6ac82260cc7b","time":{"start":1703639438119,"stop":1703639438567,"duration":448},"status":"broken","statusMessage":"selenium.common.exceptions.NoSuchElementException: Message: no such element: Unable to locate element: {\"method\":\"xpath\",\"selector\":\"(//a[@class='add-to-cart yellow-btn'])[1]\"}\n  (Session info: chrome-headless-shell=120.0.6099.109); For documentation on this error, please visit: https://www.selenium.dev/documentation/webdriver/troubleshooting/errors#no-such-element-exception\nStacktrace:\n#0 0x55f1f65d0f83 <unknown>\n#1 0x55f1f6289cf7 <unknown>\n#2 0x55f1f62d999e <unknown>\n#3 0x55f1f62d9aa1 <unknown>\n#4 0x55f1f6324d64 <unknown>\n#5 0x55f1f63030dd <unknown>\n#6 0x55f1f6322006 <unknown>\n#7 0x55f1f6302e53 <unknown>\n#8 0x55f1f62cadd4 <unknown>\n#9 0x55f1f62cc1de <unknown>\n#10 0x55f1f6595531 <unknown>\n#11 0x55f1f6599455 <unknown>\n#12 0x55f1f6581f55 <unknown>\n#13 0x55f1f659a0ef <unknown>\n#14 0x55f1f656599f <unknown>\n#15 0x55f1f65be008 <unknown>\n#16 0x55f1f65be1d7 <unknown>\n#17 0x55f1f65d0124 <unknown>\n#18 0x7f82ad359044 <unknown>","statusTrace":"self = <tests.delivery.test_delivery_calculation.TestDeliveryPageCalculation object at 0x7f7f5e21dcd0>\ndriver = <selenium.webdriver.chrome.webdriver.WebDriver (session=\"7ca3201b89b006280d4b6547b00cbc06\")>\nurl = 'https://sandboxtest.stroyrem-nn.ru/', case_id = 'TD 021'\nlink_item = 'products/shtukaturka-gipsovaya-aksolit-m50-30-kg-mashinnogo-naneseniya'\namount = 149, weight = 4500, standard = 2600, in_time = 4380, all_time = 4890\n\n    @pytest.mark.parametrize('case_id, link_item, amount, weight, standard, in_time, all_time', [\n        (\"TD 015\", bundeks_25, 1, 30, 650, 2390, 3320),\n        pytest.param(\n            \"TD 016\", aksolit_30, 8, 300, 650, 2390, 3320,\n            marks=pytest.mark.xfail(reson=\"Цена доставки: - - -\")\n        ),\n        (\"TD 017\", aksolit_30, 13, 400, 650, 2390, 3320),\n        (\"TD 018\", aksolit_30, 16, 500, 850, 2490, 3320),\n        (\"TD 019\", aksolit_30, 25, 1700, 1150, 2490, 3320),\n        (\"TD 020\", aksolit_30, 66, 2000, 1500, 2990, 3650),\n        (\"TD 021\", aksolit_30, 149, 4500, 2600, 4380, 4890),\n        (\"TD 022\", aksolit_30, 166, 5000, 2800, 5490, 5980),\n        pytest.param(\n            \"TD 023\", aksolit_30, 206, 6200, 3300, 7500, 8000,\n            marks=pytest.mark.xfail(reson=\"Цена доставки: 4300 9900 11440\")\n        ),\n        (\"TD 024\", aksolit_30, 299, 9000, 4300, 9900, 11440),\n        (\"TD 025\", aksolit_30, 333, 10000, 7000, 13900, 15900),\n        pytest.param(\n            \"TD 026\", aksolit_30, 366, 11000, 8000, 14900, 19900,\n            marks=pytest.mark.xfail(reson=\"Цена доставки: 7000 13900 15900\")\n        ),\n        pytest.param(\n            \"TD 027\", aksolit_30, 666, 20000, 14000, 16900, 23900,\n            marks=pytest.mark.xfail(reson=\"Цена доставки: 7000 13900 15900\")\n        )\n    ])\n    @pytest.mark.smoke\n    def test_positive_delivery_blue_zone_smoke(\n            self, driver, url, case_id, link_item, amount, weight, standard, in_time, all_time\n    ):\n        allure.dynamic.title(f\"{case_id} Доставка товара весом до {weight}кг. в синей зоне\")\n    \n        driver.get(f'{url}{link_item}')\n        item_page = ItemPage(driver)\n>       item_page.add_item_to_cart(amount).click_on_cart()\n\ntests/delivery/test_delivery_calculation.py:130: \n_ _ _ _ _ _ _ _ _ _ _ _ _ _ _ _ _ _ _ _ _ _ _ _ _ _ _ _ _ _ _ _ _ _ _ _ _ _ _ _ \npages/item_page.py:40: in add_item_to_cart\n    self.find_element(self._add_item).click()\nbase/seleniumbase.py:17: in find_element\n    return self.driver.find_element(*locator)\n/usr/local/lib/python3.11/site-packages/selenium/webdriver/remote/webdriver.py:740: in find_element\n    return self.execute(Command.FIND_ELEMENT, {\"using\": by, \"value\": value})[\"value\"]\n/usr/local/lib/python3.11/site-packages/selenium/webdriver/remote/webdriver.py:346: in execute\n    self.error_handler.check_response(response)\n_ _ _ _ _ _ _ _ _ _ _ _ _ _ _ _ _ _ _ _ _ _ _ _ _ _ _ _ _ _ _ _ _ _ _ _ _ _ _ _ \n\nself = <selenium.webdriver.remote.errorhandler.ErrorHandler object at 0x7f7f5db22010>\nresponse = {'status': 404, 'value': '{\"value\":{\"error\":\"no such element\",\"message\":\"no such element: Unable to locate element: {\\...\\\\n#16 0x55f1f65be1d7 \\\\u003Cunknown>\\\\n#17 0x55f1f65d0124 \\\\u003Cunknown>\\\\n#18 0x7f82ad359044 \\\\u003Cunknown>\\\\n\"}}'}\n\n    def check_response(self, response: Dict[str, Any]) -> None:\n        \"\"\"Checks that a JSON response from the WebDriver does not have an\n        error.\n    \n        :Args:\n         - response - The JSON response from the WebDriver server as a dictionary\n           object.\n    \n        :Raises: If the response contains an error message.\n        \"\"\"\n        status = response.get(\"status\", None)\n        if not status or status == ErrorCode.SUCCESS:\n            return\n        value = None\n        message = response.get(\"message\", \"\")\n        screen: str = response.get(\"screen\", \"\")\n        stacktrace = None\n        if isinstance(status, int):\n            value_json = response.get(\"value\", None)\n            if value_json and isinstance(value_json, str):\n                import json\n    \n                try:\n                    value = json.loads(value_json)\n                    if len(value) == 1:\n                        value = value[\"value\"]\n                    status = value.get(\"error\", None)\n                    if not status:\n                        status = value.get(\"status\", ErrorCode.UNKNOWN_ERROR)\n                        message = value.get(\"value\") or value.get(\"message\")\n                        if not isinstance(message, str):\n                            value = message\n                            message = message.get(\"message\")\n                    else:\n                        message = value.get(\"message\", None)\n                except ValueError:\n                    pass\n    \n        exception_class: Type[WebDriverException]\n        if status in ErrorCode.NO_SUCH_ELEMENT:\n            exception_class = NoSuchElementException\n        elif status in ErrorCode.NO_SUCH_FRAME:\n            exception_class = NoSuchFrameException\n        elif status in ErrorCode.NO_SUCH_SHADOW_ROOT:\n            exception_class = NoSuchShadowRootException\n        elif status in ErrorCode.NO_SUCH_WINDOW:\n            exception_class = NoSuchWindowException\n        elif status in ErrorCode.STALE_ELEMENT_REFERENCE:\n            exception_class = StaleElementReferenceException\n        elif status in ErrorCode.ELEMENT_NOT_VISIBLE:\n            exception_class = ElementNotVisibleException\n        elif status in ErrorCode.INVALID_ELEMENT_STATE:\n            exception_class = InvalidElementStateException\n        elif (\n            status in ErrorCode.INVALID_SELECTOR\n            or status in ErrorCode.INVALID_XPATH_SELECTOR\n            or status in ErrorCode.INVALID_XPATH_SELECTOR_RETURN_TYPER\n        ):\n            exception_class = InvalidSelectorException\n        elif status in ErrorCode.ELEMENT_IS_NOT_SELECTABLE:\n            exception_class = ElementNotSelectableException\n        elif status in ErrorCode.ELEMENT_NOT_INTERACTABLE:\n            exception_class = ElementNotInteractableException\n        elif status in ErrorCode.INVALID_COOKIE_DOMAIN:\n            exception_class = InvalidCookieDomainException\n        elif status in ErrorCode.UNABLE_TO_SET_COOKIE:\n            exception_class = UnableToSetCookieException\n        elif status in ErrorCode.TIMEOUT:\n            exception_class = TimeoutException\n        elif status in ErrorCode.SCRIPT_TIMEOUT:\n            exception_class = TimeoutException\n        elif status in ErrorCode.UNKNOWN_ERROR:\n            exception_class = WebDriverException\n        elif status in ErrorCode.UNEXPECTED_ALERT_OPEN:\n            exception_class = UnexpectedAlertPresentException\n        elif status in ErrorCode.NO_ALERT_OPEN:\n            exception_class = NoAlertPresentException\n        elif status in ErrorCode.IME_NOT_AVAILABLE:\n            exception_class = ImeNotAvailableException\n        elif status in ErrorCode.IME_ENGINE_ACTIVATION_FAILED:\n            exception_class = ImeActivationFailedException\n        elif status in ErrorCode.MOVE_TARGET_OUT_OF_BOUNDS:\n            exception_class = MoveTargetOutOfBoundsException\n        elif status in ErrorCode.JAVASCRIPT_ERROR:\n            exception_class = JavascriptException\n        elif status in ErrorCode.SESSION_NOT_CREATED:\n            exception_class = SessionNotCreatedException\n        elif status in ErrorCode.INVALID_ARGUMENT:\n            exception_class = InvalidArgumentException\n        elif status in ErrorCode.NO_SUCH_COOKIE:\n            exception_class = NoSuchCookieException\n        elif status in ErrorCode.UNABLE_TO_CAPTURE_SCREEN:\n            exception_class = ScreenshotException\n        elif status in ErrorCode.ELEMENT_CLICK_INTERCEPTED:\n            exception_class = ElementClickInterceptedException\n        elif status in ErrorCode.INSECURE_CERTIFICATE:\n            exception_class = InsecureCertificateException\n        elif status in ErrorCode.INVALID_COORDINATES:\n            exception_class = InvalidCoordinatesException\n        elif status in ErrorCode.INVALID_SESSION_ID:\n            exception_class = InvalidSessionIdException\n        elif status in ErrorCode.UNKNOWN_METHOD:\n            exception_class = UnknownMethodException\n        else:\n            exception_class = WebDriverException\n        if not value:\n            value = response[\"value\"]\n        if isinstance(value, str):\n            raise exception_class(value)\n        if message == \"\" and \"message\" in value:\n            message = value[\"message\"]\n    \n        screen = None  # type: ignore[assignment]\n        if \"screen\" in value:\n            screen = value[\"screen\"]\n    \n        stacktrace = None\n        st_value = value.get(\"stackTrace\") or value.get(\"stacktrace\")\n        if st_value:\n            if isinstance(st_value, str):\n                stacktrace = st_value.split(\"\\n\")\n            else:\n                stacktrace = []\n                try:\n                    for frame in st_value:\n                        line = frame.get(\"lineNumber\", \"\")\n                        file = frame.get(\"fileName\", \"<anonymous>\")\n                        if line:\n                            file = f\"{file}:{line}\"\n                        meth = frame.get(\"methodName\", \"<anonymous>\")\n                        if \"className\" in frame:\n                            meth = f\"{frame['className']}.{meth}\"\n                        msg = \"    at %s (%s)\"\n                        msg = msg % (meth, file)\n                        stacktrace.append(msg)\n                except TypeError:\n                    pass\n        if exception_class == UnexpectedAlertPresentException:\n            alert_text = None\n            if \"data\" in value:\n                alert_text = value[\"data\"].get(\"text\")\n            elif \"alert\" in value:\n                alert_text = value[\"alert\"].get(\"text\")\n            raise exception_class(message, screen, stacktrace, alert_text)  # type: ignore[call-arg]  # mypy is not smart enough here\n>       raise exception_class(message, screen, stacktrace)\nE       selenium.common.exceptions.NoSuchElementException: Message: no such element: Unable to locate element: {\"method\":\"xpath\",\"selector\":\"(//a[@class='add-to-cart yellow-btn'])[1]\"}\nE         (Session info: chrome-headless-shell=120.0.6099.109); For documentation on this error, please visit: https://www.selenium.dev/documentation/webdriver/troubleshooting/errors#no-such-element-exception\nE       Stacktrace:\nE       #0 0x55f1f65d0f83 <unknown>\nE       #1 0x55f1f6289cf7 <unknown>\nE       #2 0x55f1f62d999e <unknown>\nE       #3 0x55f1f62d9aa1 <unknown>\nE       #4 0x55f1f6324d64 <unknown>\nE       #5 0x55f1f63030dd <unknown>\nE       #6 0x55f1f6322006 <unknown>\nE       #7 0x55f1f6302e53 <unknown>\nE       #8 0x55f1f62cadd4 <unknown>\nE       #9 0x55f1f62cc1de <unknown>\nE       #10 0x55f1f6595531 <unknown>\nE       #11 0x55f1f6599455 <unknown>\nE       #12 0x55f1f6581f55 <unknown>\nE       #13 0x55f1f659a0ef <unknown>\nE       #14 0x55f1f656599f <unknown>\nE       #15 0x55f1f65be008 <unknown>\nE       #16 0x55f1f65be1d7 <unknown>\nE       #17 0x55f1f65d0124 <unknown>\nE       #18 0x7f82ad359044 <unknown>\n\n/usr/local/lib/python3.11/site-packages/selenium/webdriver/remote/errorhandler.py:245: NoSuchElementException","flaky":false,"newFailed":false,"newBroken":false,"newPassed":false,"retriesCount":0,"retriesStatusChange":false,"beforeStages":[{"name":"_session_faker","time":{"start":1703638924851,"stop":1703638924917,"duration":66},"status":"passed","steps":[],"attachments":[],"parameters":[],"shouldDisplayMessage":false,"stepsCount":0,"attachmentsCount":0,"hasContent":false,"attachmentStep":false},{"name":"clear_allure_results_folder","time":{"start":1703638924917,"stop":1703638924918,"duration":1},"status":"passed","steps":[],"attachments":[],"parameters":[],"shouldDisplayMessage":false,"stepsCount":0,"attachmentsCount":0,"hasContent":false,"attachmentStep":false},{"name":"driver","time":{"start":1703639437389,"stop":1703639438118,"duration":729},"status":"passed","steps":[],"attachments":[],"parameters":[],"shouldDisplayMessage":false,"stepsCount":0,"attachmentsCount":0,"hasContent":false,"attachmentStep":false},{"name":"setup","time":{"start":1703639438118,"stop":1703639438118,"duration":0},"status":"passed","steps":[],"attachments":[],"parameters":[],"shouldDisplayMessage":false,"stepsCount":0,"attachmentsCount":0,"hasContent":false,"attachmentStep":false}],"testStage":{"status":"broken","statusMessage":"selenium.common.exceptions.NoSuchElementException: Message: no such element: Unable to locate element: {\"method\":\"xpath\",\"selector\":\"(//a[@class='add-to-cart yellow-btn'])[1]\"}\n  (Session info: chrome-headless-shell=120.0.6099.109); For documentation on this error, please visit: https://www.selenium.dev/documentation/webdriver/troubleshooting/errors#no-such-element-exception\nStacktrace:\n#0 0x55f1f65d0f83 <unknown>\n#1 0x55f1f6289cf7 <unknown>\n#2 0x55f1f62d999e <unknown>\n#3 0x55f1f62d9aa1 <unknown>\n#4 0x55f1f6324d64 <unknown>\n#5 0x55f1f63030dd <unknown>\n#6 0x55f1f6322006 <unknown>\n#7 0x55f1f6302e53 <unknown>\n#8 0x55f1f62cadd4 <unknown>\n#9 0x55f1f62cc1de <unknown>\n#10 0x55f1f6595531 <unknown>\n#11 0x55f1f6599455 <unknown>\n#12 0x55f1f6581f55 <unknown>\n#13 0x55f1f659a0ef <unknown>\n#14 0x55f1f656599f <unknown>\n#15 0x55f1f65be008 <unknown>\n#16 0x55f1f65be1d7 <unknown>\n#17 0x55f1f65d0124 <unknown>\n#18 0x7f82ad359044 <unknown>","statusTrace":"self = <tests.delivery.test_delivery_calculation.TestDeliveryPageCalculation object at 0x7f7f5e21dcd0>\ndriver = <selenium.webdriver.chrome.webdriver.WebDriver (session=\"7ca3201b89b006280d4b6547b00cbc06\")>\nurl = 'https://sandboxtest.stroyrem-nn.ru/', case_id = 'TD 021'\nlink_item = 'products/shtukaturka-gipsovaya-aksolit-m50-30-kg-mashinnogo-naneseniya'\namount = 149, weight = 4500, standard = 2600, in_time = 4380, all_time = 4890\n\n    @pytest.mark.parametrize('case_id, link_item, amount, weight, standard, in_time, all_time', [\n        (\"TD 015\", bundeks_25, 1, 30, 650, 2390, 3320),\n        pytest.param(\n            \"TD 016\", aksolit_30, 8, 300, 650, 2390, 3320,\n            marks=pytest.mark.xfail(reson=\"Цена доставки: - - -\")\n        ),\n        (\"TD 017\", aksolit_30, 13, 400, 650, 2390, 3320),\n        (\"TD 018\", aksolit_30, 16, 500, 850, 2490, 3320),\n        (\"TD 019\", aksolit_30, 25, 1700, 1150, 2490, 3320),\n        (\"TD 020\", aksolit_30, 66, 2000, 1500, 2990, 3650),\n        (\"TD 021\", aksolit_30, 149, 4500, 2600, 4380, 4890),\n        (\"TD 022\", aksolit_30, 166, 5000, 2800, 5490, 5980),\n        pytest.param(\n            \"TD 023\", aksolit_30, 206, 6200, 3300, 7500, 8000,\n            marks=pytest.mark.xfail(reson=\"Цена доставки: 4300 9900 11440\")\n        ),\n        (\"TD 024\", aksolit_30, 299, 9000, 4300, 9900, 11440),\n        (\"TD 025\", aksolit_30, 333, 10000, 7000, 13900, 15900),\n        pytest.param(\n            \"TD 026\", aksolit_30, 366, 11000, 8000, 14900, 19900,\n            marks=pytest.mark.xfail(reson=\"Цена доставки: 7000 13900 15900\")\n        ),\n        pytest.param(\n            \"TD 027\", aksolit_30, 666, 20000, 14000, 16900, 23900,\n            marks=pytest.mark.xfail(reson=\"Цена доставки: 7000 13900 15900\")\n        )\n    ])\n    @pytest.mark.smoke\n    def test_positive_delivery_blue_zone_smoke(\n            self, driver, url, case_id, link_item, amount, weight, standard, in_time, all_time\n    ):\n        allure.dynamic.title(f\"{case_id} Доставка товара весом до {weight}кг. в синей зоне\")\n    \n        driver.get(f'{url}{link_item}')\n        item_page = ItemPage(driver)\n>       item_page.add_item_to_cart(amount).click_on_cart()\n\ntests/delivery/test_delivery_calculation.py:130: \n_ _ _ _ _ _ _ _ _ _ _ _ _ _ _ _ _ _ _ _ _ _ _ _ _ _ _ _ _ _ _ _ _ _ _ _ _ _ _ _ \npages/item_page.py:40: in add_item_to_cart\n    self.find_element(self._add_item).click()\nbase/seleniumbase.py:17: in find_element\n    return self.driver.find_element(*locator)\n/usr/local/lib/python3.11/site-packages/selenium/webdriver/remote/webdriver.py:740: in find_element\n    return self.execute(Command.FIND_ELEMENT, {\"using\": by, \"value\": value})[\"value\"]\n/usr/local/lib/python3.11/site-packages/selenium/webdriver/remote/webdriver.py:346: in execute\n    self.error_handler.check_response(response)\n_ _ _ _ _ _ _ _ _ _ _ _ _ _ _ _ _ _ _ _ _ _ _ _ _ _ _ _ _ _ _ _ _ _ _ _ _ _ _ _ \n\nself = <selenium.webdriver.remote.errorhandler.ErrorHandler object at 0x7f7f5db22010>\nresponse = {'status': 404, 'value': '{\"value\":{\"error\":\"no such element\",\"message\":\"no such element: Unable to locate element: {\\...\\\\n#16 0x55f1f65be1d7 \\\\u003Cunknown>\\\\n#17 0x55f1f65d0124 \\\\u003Cunknown>\\\\n#18 0x7f82ad359044 \\\\u003Cunknown>\\\\n\"}}'}\n\n    def check_response(self, response: Dict[str, Any]) -> None:\n        \"\"\"Checks that a JSON response from the WebDriver does not have an\n        error.\n    \n        :Args:\n         - response - The JSON response from the WebDriver server as a dictionary\n           object.\n    \n        :Raises: If the response contains an error message.\n        \"\"\"\n        status = response.get(\"status\", None)\n        if not status or status == ErrorCode.SUCCESS:\n            return\n        value = None\n        message = response.get(\"message\", \"\")\n        screen: str = response.get(\"screen\", \"\")\n        stacktrace = None\n        if isinstance(status, int):\n            value_json = response.get(\"value\", None)\n            if value_json and isinstance(value_json, str):\n                import json\n    \n                try:\n                    value = json.loads(value_json)\n                    if len(value) == 1:\n                        value = value[\"value\"]\n                    status = value.get(\"error\", None)\n                    if not status:\n                        status = value.get(\"status\", ErrorCode.UNKNOWN_ERROR)\n                        message = value.get(\"value\") or value.get(\"message\")\n                        if not isinstance(message, str):\n                            value = message\n                            message = message.get(\"message\")\n                    else:\n                        message = value.get(\"message\", None)\n                except ValueError:\n                    pass\n    \n        exception_class: Type[WebDriverException]\n        if status in ErrorCode.NO_SUCH_ELEMENT:\n            exception_class = NoSuchElementException\n        elif status in ErrorCode.NO_SUCH_FRAME:\n            exception_class = NoSuchFrameException\n        elif status in ErrorCode.NO_SUCH_SHADOW_ROOT:\n            exception_class = NoSuchShadowRootException\n        elif status in ErrorCode.NO_SUCH_WINDOW:\n            exception_class = NoSuchWindowException\n        elif status in ErrorCode.STALE_ELEMENT_REFERENCE:\n            exception_class = StaleElementReferenceException\n        elif status in ErrorCode.ELEMENT_NOT_VISIBLE:\n            exception_class = ElementNotVisibleException\n        elif status in ErrorCode.INVALID_ELEMENT_STATE:\n            exception_class = InvalidElementStateException\n        elif (\n            status in ErrorCode.INVALID_SELECTOR\n            or status in ErrorCode.INVALID_XPATH_SELECTOR\n            or status in ErrorCode.INVALID_XPATH_SELECTOR_RETURN_TYPER\n        ):\n            exception_class = InvalidSelectorException\n        elif status in ErrorCode.ELEMENT_IS_NOT_SELECTABLE:\n            exception_class = ElementNotSelectableException\n        elif status in ErrorCode.ELEMENT_NOT_INTERACTABLE:\n            exception_class = ElementNotInteractableException\n        elif status in ErrorCode.INVALID_COOKIE_DOMAIN:\n            exception_class = InvalidCookieDomainException\n        elif status in ErrorCode.UNABLE_TO_SET_COOKIE:\n            exception_class = UnableToSetCookieException\n        elif status in ErrorCode.TIMEOUT:\n            exception_class = TimeoutException\n        elif status in ErrorCode.SCRIPT_TIMEOUT:\n            exception_class = TimeoutException\n        elif status in ErrorCode.UNKNOWN_ERROR:\n            exception_class = WebDriverException\n        elif status in ErrorCode.UNEXPECTED_ALERT_OPEN:\n            exception_class = UnexpectedAlertPresentException\n        elif status in ErrorCode.NO_ALERT_OPEN:\n            exception_class = NoAlertPresentException\n        elif status in ErrorCode.IME_NOT_AVAILABLE:\n            exception_class = ImeNotAvailableException\n        elif status in ErrorCode.IME_ENGINE_ACTIVATION_FAILED:\n            exception_class = ImeActivationFailedException\n        elif status in ErrorCode.MOVE_TARGET_OUT_OF_BOUNDS:\n            exception_class = MoveTargetOutOfBoundsException\n        elif status in ErrorCode.JAVASCRIPT_ERROR:\n            exception_class = JavascriptException\n        elif status in ErrorCode.SESSION_NOT_CREATED:\n            exception_class = SessionNotCreatedException\n        elif status in ErrorCode.INVALID_ARGUMENT:\n            exception_class = InvalidArgumentException\n        elif status in ErrorCode.NO_SUCH_COOKIE:\n            exception_class = NoSuchCookieException\n        elif status in ErrorCode.UNABLE_TO_CAPTURE_SCREEN:\n            exception_class = ScreenshotException\n        elif status in ErrorCode.ELEMENT_CLICK_INTERCEPTED:\n            exception_class = ElementClickInterceptedException\n        elif status in ErrorCode.INSECURE_CERTIFICATE:\n            exception_class = InsecureCertificateException\n        elif status in ErrorCode.INVALID_COORDINATES:\n            exception_class = InvalidCoordinatesException\n        elif status in ErrorCode.INVALID_SESSION_ID:\n            exception_class = InvalidSessionIdException\n        elif status in ErrorCode.UNKNOWN_METHOD:\n            exception_class = UnknownMethodException\n        else:\n            exception_class = WebDriverException\n        if not value:\n            value = response[\"value\"]\n        if isinstance(value, str):\n            raise exception_class(value)\n        if message == \"\" and \"message\" in value:\n            message = value[\"message\"]\n    \n        screen = None  # type: ignore[assignment]\n        if \"screen\" in value:\n            screen = value[\"screen\"]\n    \n        stacktrace = None\n        st_value = value.get(\"stackTrace\") or value.get(\"stacktrace\")\n        if st_value:\n            if isinstance(st_value, str):\n                stacktrace = st_value.split(\"\\n\")\n            else:\n                stacktrace = []\n                try:\n                    for frame in st_value:\n                        line = frame.get(\"lineNumber\", \"\")\n                        file = frame.get(\"fileName\", \"<anonymous>\")\n                        if line:\n                            file = f\"{file}:{line}\"\n                        meth = frame.get(\"methodName\", \"<anonymous>\")\n                        if \"className\" in frame:\n                            meth = f\"{frame['className']}.{meth}\"\n                        msg = \"    at %s (%s)\"\n                        msg = msg % (meth, file)\n                        stacktrace.append(msg)\n                except TypeError:\n                    pass\n        if exception_class == UnexpectedAlertPresentException:\n            alert_text = None\n            if \"data\" in value:\n                alert_text = value[\"data\"].get(\"text\")\n            elif \"alert\" in value:\n                alert_text = value[\"alert\"].get(\"text\")\n            raise exception_class(message, screen, stacktrace, alert_text)  # type: ignore[call-arg]  # mypy is not smart enough here\n>       raise exception_class(message, screen, stacktrace)\nE       selenium.common.exceptions.NoSuchElementException: Message: no such element: Unable to locate element: {\"method\":\"xpath\",\"selector\":\"(//a[@class='add-to-cart yellow-btn'])[1]\"}\nE         (Session info: chrome-headless-shell=120.0.6099.109); For documentation on this error, please visit: https://www.selenium.dev/documentation/webdriver/troubleshooting/errors#no-such-element-exception\nE       Stacktrace:\nE       #0 0x55f1f65d0f83 <unknown>\nE       #1 0x55f1f6289cf7 <unknown>\nE       #2 0x55f1f62d999e <unknown>\nE       #3 0x55f1f62d9aa1 <unknown>\nE       #4 0x55f1f6324d64 <unknown>\nE       #5 0x55f1f63030dd <unknown>\nE       #6 0x55f1f6322006 <unknown>\nE       #7 0x55f1f6302e53 <unknown>\nE       #8 0x55f1f62cadd4 <unknown>\nE       #9 0x55f1f62cc1de <unknown>\nE       #10 0x55f1f6595531 <unknown>\nE       #11 0x55f1f6599455 <unknown>\nE       #12 0x55f1f6581f55 <unknown>\nE       #13 0x55f1f659a0ef <unknown>\nE       #14 0x55f1f656599f <unknown>\nE       #15 0x55f1f65be008 <unknown>\nE       #16 0x55f1f65be1d7 <unknown>\nE       #17 0x55f1f65d0124 <unknown>\nE       #18 0x7f82ad359044 <unknown>\n\n/usr/local/lib/python3.11/site-packages/selenium/webdriver/remote/errorhandler.py:245: NoSuchElementException","steps":[{"name":"Добавляем товар в корзину в количестве 149","time":{"start":1703639438554,"stop":1703639438566,"duration":12},"status":"broken","statusMessage":"selenium.common.exceptions.NoSuchElementException: Message: no such element: Unable to locate element: {\"method\":\"xpath\",\"selector\":\"(//a[@class='add-to-cart yellow-btn'])[1]\"}\n  (Session info: chrome-headless-shell=120.0.6099.109); For documentation on this error, please visit: https://www.selenium.dev/documentation/webdriver/troubleshooting/errors#no-such-element-exception\nStacktrace:\n#0 0x55f1f65d0f83 <unknown>\n#1 0x55f1f6289cf7 <unknown>\n#2 0x55f1f62d999e <unknown>\n#3 0x55f1f62d9aa1 <unknown>\n#4 0x55f1f6324d64 <unknown>\n#5 0x55f1f63030dd <unknown>\n#6 0x55f1f6322006 <unknown>\n#7 0x55f1f6302e53 <unknown>\n#8 0x55f1f62cadd4 <unknown>\n#9 0x55f1f62cc1de <unknown>\n#10 0x55f1f6595531 <unknown>\n#11 0x55f1f6599455 <unknown>\n#12 0x55f1f6581f55 <unknown>\n#13 0x55f1f659a0ef <unknown>\n#14 0x55f1f656599f <unknown>\n#15 0x55f1f65be008 <unknown>\n#16 0x55f1f65be1d7 <unknown>\n#17 0x55f1f65d0124 <unknown>\n#18 0x7f82ad359044 <unknown>\n\n","statusTrace":"  File \"/usr/local/lib/python3.11/site-packages/allure_commons/_allure.py\", line 192, in impl\n    return func(*a, **kw)\n           ^^^^^^^^^^^^^^\n  File \"/app/pages/item_page.py\", line 40, in add_item_to_cart\n    self.find_element(self._add_item).click()\n    ^^^^^^^^^^^^^^^^^^^^^^^^^^^^^^^^^\n  File \"/app/base/seleniumbase.py\", line 17, in find_element\n    return self.driver.find_element(*locator)\n           ^^^^^^^^^^^^^^^^^^^^^^^^^^^^^^^^^^\n  File \"/usr/local/lib/python3.11/site-packages/selenium/webdriver/remote/webdriver.py\", line 740, in find_element\n    return self.execute(Command.FIND_ELEMENT, {\"using\": by, \"value\": value})[\"value\"]\n           ^^^^^^^^^^^^^^^^^^^^^^^^^^^^^^^^^^^^^^^^^^^^^^^^^^^^^^^^^^^^^^^^^\n  File \"/usr/local/lib/python3.11/site-packages/selenium/webdriver/remote/webdriver.py\", line 346, in execute\n    self.error_handler.check_response(response)\n  File \"/usr/local/lib/python3.11/site-packages/selenium/webdriver/remote/errorhandler.py\", line 245, in check_response\n    raise exception_class(message, screen, stacktrace)\n","steps":[],"attachments":[],"parameters":[{"name":"amount","value":"149"}],"shouldDisplayMessage":true,"stepsCount":0,"attachmentsCount":0,"hasContent":true,"attachmentStep":false}],"attachments":[{"uid":"28240f9f6a9079fa","name":"Screenshot","source":"28240f9f6a9079fa.png","type":"image/png","size":5862},{"uid":"22d25433f42c0989","name":"HTML source","source":"22d25433f42c0989.html","type":"text/html","size":39}],"parameters":[],"shouldDisplayMessage":true,"stepsCount":1,"attachmentsCount":2,"hasContent":true,"attachmentStep":false},"afterStages":[{"name":"driver::0","time":{"start":1703639438678,"stop":1703639438735,"duration":57},"status":"passed","steps":[],"attachments":[],"parameters":[],"shouldDisplayMessage":false,"stepsCount":0,"attachmentsCount":0,"hasContent":false,"attachmentStep":false},{"name":"setup::0","time":{"start":1703639438678,"stop":1703639438678,"duration":0},"status":"passed","steps":[],"attachments":[],"parameters":[],"shouldDisplayMessage":false,"stepsCount":0,"attachmentsCount":0,"hasContent":false,"attachmentStep":false}],"labels":[{"name":"epic","value":"Delivery Page - calculation"},{"name":"tag","value":"smoke"},{"name":"parentSuite","value":"tests.delivery"},{"name":"suite","value":"test_delivery_calculation"},{"name":"subSuite","value":"TestDeliveryPageCalculation"},{"name":"host","value":"9836162a2424"},{"name":"thread","value":"1-MainThread"},{"name":"framework","value":"pytest"},{"name":"language","value":"cpython3"},{"name":"package","value":"tests.delivery.test_delivery_calculation"},{"name":"resultFormat","value":"allure2"}],"parameters":[{"name":"all_time","value":"4890"},{"name":"amount","value":"149"},{"name":"case_id","value":"'TD 021'"},{"name":"in_time","value":"4380"},{"name":"link_item","value":"'products/shtukaturka-gipsovaya-aksolit-m50-30-kg-mashinnogo-naneseniya'"},{"name":"standard","value":"2600"},{"name":"url","value":"'https://sandboxtest.stroyrem-nn.ru/'"},{"name":"weight","value":"4500"}],"links":[],"hidden":false,"retry":false,"extra":{"severity":"normal","retries":[],"categories":[{"name":"Test defects","matchedStatuses":[],"flaky":false}],"history":{"statistic":{"failed":0,"broken":119,"skipped":0,"passed":0,"unknown":0,"total":119},"items":[{"uid":"41ea14dbbac9ef0b","reportUrl":"https://zaelcovsky.github.io/StroyremAutomation/182//#testresult/41ea14dbbac9ef0b","status":"broken","statusDetails":"selenium.common.exceptions.NoSuchElementException: Message: no such element: Unable to locate element: {\"method\":\"xpath\",\"selector\":\"(//a[@class='add-to-cart yellow-btn'])[1]\"}\n  (Session info: chrome-headless-shell=120.0.6099.109); For documentation on this error, please visit: https://www.selenium.dev/documentation/webdriver/troubleshooting/errors#no-such-element-exception\nStacktrace:\n#0 0x55b3d294af83 <unknown>\n#1 0x55b3d2603cf7 <unknown>\n#2 0x55b3d265399e <unknown>\n#3 0x55b3d2653aa1 <unknown>\n#4 0x55b3d269ed64 <unknown>\n#5 0x55b3d267d0dd <unknown>\n#6 0x55b3d269c006 <unknown>\n#7 0x55b3d267ce53 <unknown>\n#8 0x55b3d2644dd4 <unknown>\n#9 0x55b3d26461de <unknown>\n#10 0x55b3d290f531 <unknown>\n#11 0x55b3d2913455 <unknown>\n#12 0x55b3d28fbf55 <unknown>\n#13 0x55b3d29140ef <unknown>\n#14 0x55b3d28df99f <unknown>\n#15 0x55b3d2938008 <unknown>\n#16 0x55b3d29381d7 <unknown>\n#17 0x55b3d294a124 <unknown>\n#18 0x7f63c1490044 <unknown>","time":{"start":1703552927896,"stop":1703552928256,"duration":360}},{"uid":"4a796945e2fe6220","reportUrl":"https://zaelcovsky.github.io/StroyremAutomation/181//#testresult/4a796945e2fe6220","status":"broken","statusDetails":"selenium.common.exceptions.NoSuchElementException: Message: no such element: Unable to locate element: {\"method\":\"xpath\",\"selector\":\"(//a[@class='add-to-cart yellow-btn'])[1]\"}\n  (Session info: chrome-headless-shell=120.0.6099.109); For documentation on this error, please visit: https://www.selenium.dev/documentation/webdriver/troubleshooting/errors#no-such-element-exception\nStacktrace:\n#0 0x5650803f4f83 <unknown>\n#1 0x5650800adcf7 <unknown>\n#2 0x5650800fd99e <unknown>\n#3 0x5650800fdaa1 <unknown>\n#4 0x565080148d64 <unknown>\n#5 0x5650801270dd <unknown>\n#6 0x565080146006 <unknown>\n#7 0x565080126e53 <unknown>\n#8 0x5650800eedd4 <unknown>\n#9 0x5650800f01de <unknown>\n#10 0x5650803b9531 <unknown>\n#11 0x5650803bd455 <unknown>\n#12 0x5650803a5f55 <unknown>\n#13 0x5650803be0ef <unknown>\n#14 0x56508038999f <unknown>\n#15 0x5650803e2008 <unknown>\n#16 0x5650803e21d7 <unknown>\n#17 0x5650803f4124 <unknown>\n#18 0x7fd37aa67044 <unknown>","time":{"start":1703466698385,"stop":1703466699002,"duration":617}},{"uid":"e6cac49c1adbf4c","reportUrl":"https://zaelcovsky.github.io/StroyremAutomation/180//#testresult/e6cac49c1adbf4c","status":"broken","statusDetails":"selenium.common.exceptions.NoSuchElementException: Message: no such element: Unable to locate element: {\"method\":\"xpath\",\"selector\":\"(//a[@class='add-to-cart yellow-btn'])[1]\"}\n  (Session info: chrome-headless-shell=120.0.6099.109); For documentation on this error, please visit: https://www.selenium.dev/documentation/webdriver/troubleshooting/errors#no-such-element-exception\nStacktrace:\n#0 0x563478341f83 <unknown>\n#1 0x563477ffacf7 <unknown>\n#2 0x56347804a99e <unknown>\n#3 0x56347804aaa1 <unknown>\n#4 0x563478095d64 <unknown>\n#5 0x5634780740dd <unknown>\n#6 0x563478093006 <unknown>\n#7 0x563478073e53 <unknown>\n#8 0x56347803bdd4 <unknown>\n#9 0x56347803d1de <unknown>\n#10 0x563478306531 <unknown>\n#11 0x56347830a455 <unknown>\n#12 0x5634782f2f55 <unknown>\n#13 0x56347830b0ef <unknown>\n#14 0x5634782d699f <unknown>\n#15 0x56347832f008 <unknown>\n#16 0x56347832f1d7 <unknown>\n#17 0x563478341124 <unknown>\n#18 0x7f471ee24044 <unknown>","time":{"start":1703380530866,"stop":1703380531493,"duration":627}},{"uid":"8175039f0a8cbe6a","reportUrl":"https://zaelcovsky.github.io/StroyremAutomation/179//#testresult/8175039f0a8cbe6a","status":"broken","statusDetails":"selenium.common.exceptions.NoSuchElementException: Message: no such element: Unable to locate element: {\"method\":\"xpath\",\"selector\":\"(//a[@class='add-to-cart yellow-btn'])[1]\"}\n  (Session info: chrome-headless-shell=120.0.6099.109); For documentation on this error, please visit: https://www.selenium.dev/documentation/webdriver/troubleshooting/errors#no-such-element-exception\nStacktrace:\n#0 0x55f12a79df83 <unknown>\n#1 0x55f12a456cf7 <unknown>\n#2 0x55f12a4a699e <unknown>\n#3 0x55f12a4a6aa1 <unknown>\n#4 0x55f12a4f1d64 <unknown>\n#5 0x55f12a4d00dd <unknown>\n#6 0x55f12a4ef006 <unknown>\n#7 0x55f12a4cfe53 <unknown>\n#8 0x55f12a497dd4 <unknown>\n#9 0x55f12a4991de <unknown>\n#10 0x55f12a762531 <unknown>\n#11 0x55f12a766455 <unknown>\n#12 0x55f12a74ef55 <unknown>\n#13 0x55f12a7670ef <unknown>\n#14 0x55f12a73299f <unknown>\n#15 0x55f12a78b008 <unknown>\n#16 0x55f12a78b1d7 <unknown>\n#17 0x55f12a79d124 <unknown>\n#18 0x7f79a20e2044 <unknown>","time":{"start":1703293759898,"stop":1703293760361,"duration":463}},{"uid":"fc321dc3f366f73e","reportUrl":"https://zaelcovsky.github.io/StroyremAutomation/178//#testresult/fc321dc3f366f73e","status":"broken","statusDetails":"selenium.common.exceptions.NoSuchElementException: Message: no such element: Unable to locate element: {\"method\":\"xpath\",\"selector\":\"(//a[@class='add-to-cart yellow-btn'])[1]\"}\n  (Session info: chrome-headless-shell=120.0.6099.109); For documentation on this error, please visit: https://www.selenium.dev/documentation/webdriver/troubleshooting/errors#no-such-element-exception\nStacktrace:\n#0 0x5571f7a2bf83 <unknown>\n#1 0x5571f76e4cf7 <unknown>\n#2 0x5571f773499e <unknown>\n#3 0x5571f7734aa1 <unknown>\n#4 0x5571f777fd64 <unknown>\n#5 0x5571f775e0dd <unknown>\n#6 0x5571f777d006 <unknown>\n#7 0x5571f775de53 <unknown>\n#8 0x5571f7725dd4 <unknown>\n#9 0x5571f77271de <unknown>\n#10 0x5571f79f0531 <unknown>\n#11 0x5571f79f4455 <unknown>\n#12 0x5571f79dcf55 <unknown>\n#13 0x5571f79f50ef <unknown>\n#14 0x5571f79c099f <unknown>\n#15 0x5571f7a19008 <unknown>\n#16 0x5571f7a191d7 <unknown>\n#17 0x5571f7a2b124 <unknown>\n#18 0x7fd5b86bb044 <unknown>","time":{"start":1703207388863,"stop":1703207389180,"duration":317}},{"uid":"7a71dba2aedf324c","reportUrl":"https://zaelcovsky.github.io/StroyremAutomation/177//#testresult/7a71dba2aedf324c","status":"broken","statusDetails":"selenium.common.exceptions.NoSuchElementException: Message: no such element: Unable to locate element: {\"method\":\"xpath\",\"selector\":\"(//a[@class='add-to-cart yellow-btn'])[1]\"}\n  (Session info: chrome-headless-shell=120.0.6099.109); For documentation on this error, please visit: https://www.selenium.dev/documentation/webdriver/troubleshooting/errors#no-such-element-exception\nStacktrace:\n#0 0x5589e1884f83 <unknown>\n#1 0x5589e153dcf7 <unknown>\n#2 0x5589e158d99e <unknown>\n#3 0x5589e158daa1 <unknown>\n#4 0x5589e15d8d64 <unknown>\n#5 0x5589e15b70dd <unknown>\n#6 0x5589e15d6006 <unknown>\n#7 0x5589e15b6e53 <unknown>\n#8 0x5589e157edd4 <unknown>\n#9 0x5589e15801de <unknown>\n#10 0x5589e1849531 <unknown>\n#11 0x5589e184d455 <unknown>\n#12 0x5589e1835f55 <unknown>\n#13 0x5589e184e0ef <unknown>\n#14 0x5589e181999f <unknown>\n#15 0x5589e1872008 <unknown>\n#16 0x5589e18721d7 <unknown>\n#17 0x5589e1884124 <unknown>\n#18 0x7f6b5cb2b044 <unknown>","time":{"start":1703121005034,"stop":1703121005470,"duration":436}},{"uid":"1176e9bdfb8e176c","reportUrl":"https://zaelcovsky.github.io/StroyremAutomation/176//#testresult/1176e9bdfb8e176c","status":"broken","statusDetails":"selenium.common.exceptions.NoSuchElementException: Message: no such element: Unable to locate element: {\"method\":\"xpath\",\"selector\":\"(//a[@class='add-to-cart yellow-btn'])[1]\"}\n  (Session info: chrome-headless-shell=120.0.6099.109); For documentation on this error, please visit: https://www.selenium.dev/documentation/webdriver/troubleshooting/errors#no-such-element-exception\nStacktrace:\n#0 0x562f736fdf83 <unknown>\n#1 0x562f733b6cf7 <unknown>\n#2 0x562f7340699e <unknown>\n#3 0x562f73406aa1 <unknown>\n#4 0x562f73451d64 <unknown>\n#5 0x562f734300dd <unknown>\n#6 0x562f7344f006 <unknown>\n#7 0x562f7342fe53 <unknown>\n#8 0x562f733f7dd4 <unknown>\n#9 0x562f733f91de <unknown>\n#10 0x562f736c2531 <unknown>\n#11 0x562f736c6455 <unknown>\n#12 0x562f736aef55 <unknown>\n#13 0x562f736c70ef <unknown>\n#14 0x562f7369299f <unknown>\n#15 0x562f736eb008 <unknown>\n#16 0x562f736eb1d7 <unknown>\n#17 0x562f736fd124 <unknown>\n#18 0x7fb10ee8a044 <unknown>","time":{"start":1703034017734,"stop":1703034018128,"duration":394}},{"uid":"e883a330481b1ba1","reportUrl":"https://zaelcovsky.github.io/StroyremAutomation/175//#testresult/e883a330481b1ba1","status":"broken","statusDetails":"selenium.common.exceptions.NoSuchElementException: Message: no such element: Unable to locate element: {\"method\":\"xpath\",\"selector\":\"(//a[@class='add-to-cart yellow-btn'])[1]\"}\n  (Session info: chrome-headless-shell=120.0.6099.109); For documentation on this error, please visit: https://www.selenium.dev/documentation/webdriver/troubleshooting/errors#no-such-element-exception\nStacktrace:\n#0 0x556286176f83 <unknown>\n#1 0x556285e2fcf7 <unknown>\n#2 0x556285e7f99e <unknown>\n#3 0x556285e7faa1 <unknown>\n#4 0x556285ecad64 <unknown>\n#5 0x556285ea90dd <unknown>\n#6 0x556285ec8006 <unknown>\n#7 0x556285ea8e53 <unknown>\n#8 0x556285e70dd4 <unknown>\n#9 0x556285e721de <unknown>\n#10 0x55628613b531 <unknown>\n#11 0x55628613f455 <unknown>\n#12 0x556286127f55 <unknown>\n#13 0x5562861400ef <unknown>\n#14 0x55628610b99f <unknown>\n#15 0x556286164008 <unknown>\n#16 0x5562861641d7 <unknown>\n#17 0x556286176124 <unknown>\n#18 0x7f8488de7044 <unknown>","time":{"start":1702948279870,"stop":1702948280518,"duration":648}},{"uid":"37e82b91c371fd57","reportUrl":"https://zaelcovsky.github.io/StroyremAutomation/174//#testresult/37e82b91c371fd57","status":"broken","statusDetails":"selenium.common.exceptions.NoSuchElementException: Message: no such element: Unable to locate element: {\"method\":\"xpath\",\"selector\":\"(//a[@class='add-to-cart yellow-btn'])[1]\"}\n  (Session info: chrome-headless-shell=120.0.6099.71); For documentation on this error, please visit: https://www.selenium.dev/documentation/webdriver/troubleshooting/errors#no-such-element-exception\nStacktrace:\n#0 0x56255a759d33 <unknown>\n#1 0x56255a416f87 <unknown>\n#2 0x56255a466c0e <unknown>\n#3 0x56255a466d11 <unknown>\n#4 0x56255a4b2004 <unknown>\n#5 0x56255a49036d <unknown>\n#6 0x56255a4af297 <unknown>\n#7 0x56255a4900e3 <unknown>\n#8 0x56255a458044 <unknown>\n#9 0x56255a45944e <unknown>\n#10 0x56255a71e861 <unknown>\n#11 0x56255a722785 <unknown>\n#12 0x56255a70c285 <unknown>\n#13 0x56255a72341f <unknown>\n#14 0x56255a6f020f <unknown>\n#15 0x56255a747028 <unknown>\n#16 0x56255a7471f7 <unknown>\n#17 0x56255a758ed4 <unknown>\n#18 0x7f93b90ae044 <unknown>","time":{"start":1702861970130,"stop":1702861970598,"duration":468}},{"uid":"9265060d7f2350c3","reportUrl":"https://zaelcovsky.github.io/StroyremAutomation/173//#testresult/9265060d7f2350c3","status":"broken","statusDetails":"selenium.common.exceptions.NoSuchElementException: Message: no such element: Unable to locate element: {\"method\":\"xpath\",\"selector\":\"(//a[@class='add-to-cart yellow-btn'])[1]\"}\n  (Session info: chrome-headless-shell=120.0.6099.71); For documentation on this error, please visit: https://www.selenium.dev/documentation/webdriver/troubleshooting/errors#no-such-element-exception\nStacktrace:\n#0 0x5592e09a7d33 <unknown>\n#1 0x5592e0664f87 <unknown>\n#2 0x5592e06b4c0e <unknown>\n#3 0x5592e06b4d11 <unknown>\n#4 0x5592e0700004 <unknown>\n#5 0x5592e06de36d <unknown>\n#6 0x5592e06fd297 <unknown>\n#7 0x5592e06de0e3 <unknown>\n#8 0x5592e06a6044 <unknown>\n#9 0x5592e06a744e <unknown>\n#10 0x5592e096c861 <unknown>\n#11 0x5592e0970785 <unknown>\n#12 0x5592e095a285 <unknown>\n#13 0x5592e097141f <unknown>\n#14 0x5592e093e20f <unknown>\n#15 0x5592e0995028 <unknown>\n#16 0x5592e09951f7 <unknown>\n#17 0x5592e09a6ed4 <unknown>\n#18 0x7fc342274044 <unknown>","time":{"start":1702775776896,"stop":1702775777282,"duration":386}},{"uid":"b2a7c40091ecd907","reportUrl":"https://zaelcovsky.github.io/StroyremAutomation/172//#testresult/b2a7c40091ecd907","status":"broken","statusDetails":"selenium.common.exceptions.NoSuchElementException: Message: no such element: Unable to locate element: {\"method\":\"xpath\",\"selector\":\"(//a[@class='add-to-cart yellow-btn'])[1]\"}\n  (Session info: chrome-headless-shell=120.0.6099.71); For documentation on this error, please visit: https://www.selenium.dev/documentation/webdriver/troubleshooting/errors#no-such-element-exception\nStacktrace:\n#0 0x56074217cd33 <unknown>\n#1 0x560741e39f87 <unknown>\n#2 0x560741e89c0e <unknown>\n#3 0x560741e89d11 <unknown>\n#4 0x560741ed5004 <unknown>\n#5 0x560741eb336d <unknown>\n#6 0x560741ed2297 <unknown>\n#7 0x560741eb30e3 <unknown>\n#8 0x560741e7b044 <unknown>\n#9 0x560741e7c44e <unknown>\n#10 0x560742141861 <unknown>\n#11 0x560742145785 <unknown>\n#12 0x56074212f285 <unknown>\n#13 0x56074214641f <unknown>\n#14 0x56074211320f <unknown>\n#15 0x56074216a028 <unknown>\n#16 0x56074216a1f7 <unknown>\n#17 0x56074217bed4 <unknown>\n#18 0x7f01bbf64044 <unknown>","time":{"start":1702689053358,"stop":1702689053740,"duration":382}},{"uid":"4476c1985e92228e","reportUrl":"https://zaelcovsky.github.io/StroyremAutomation/171//#testresult/4476c1985e92228e","status":"broken","statusDetails":"selenium.common.exceptions.NoSuchElementException: Message: no such element: Unable to locate element: {\"method\":\"xpath\",\"selector\":\"(//a[@class='add-to-cart yellow-btn'])[1]\"}\n  (Session info: chrome-headless-shell=120.0.6099.71); For documentation on this error, please visit: https://www.selenium.dev/documentation/webdriver/troubleshooting/errors#no-such-element-exception\nStacktrace:\n#0 0x5573d30cbd33 <unknown>\n#1 0x5573d2d88f87 <unknown>\n#2 0x5573d2dd8c0e <unknown>\n#3 0x5573d2dd8d11 <unknown>\n#4 0x5573d2e24004 <unknown>\n#5 0x5573d2e0236d <unknown>\n#6 0x5573d2e21297 <unknown>\n#7 0x5573d2e020e3 <unknown>\n#8 0x5573d2dca044 <unknown>\n#9 0x5573d2dcb44e <unknown>\n#10 0x5573d3090861 <unknown>\n#11 0x5573d3094785 <unknown>\n#12 0x5573d307e285 <unknown>\n#13 0x5573d309541f <unknown>\n#14 0x5573d306220f <unknown>\n#15 0x5573d30b9028 <unknown>\n#16 0x5573d30b91f7 <unknown>\n#17 0x5573d30caed4 <unknown>\n#18 0x7fcfce059044 <unknown>","time":{"start":1702602876250,"stop":1702602876704,"duration":454}},{"uid":"38a79b7e252ae5af","reportUrl":"https://zaelcovsky.github.io/StroyremAutomation/170//#testresult/38a79b7e252ae5af","status":"broken","statusDetails":"selenium.common.exceptions.NoSuchElementException: Message: no such element: Unable to locate element: {\"method\":\"xpath\",\"selector\":\"(//a[@class='add-to-cart yellow-btn'])[1]\"}\n  (Session info: chrome-headless-shell=120.0.6099.71); For documentation on this error, please visit: https://www.selenium.dev/documentation/webdriver/troubleshooting/errors#no-such-element-exception\nStacktrace:\n#0 0x55a898190d33 <unknown>\n#1 0x55a897e4df87 <unknown>\n#2 0x55a897e9dc0e <unknown>\n#3 0x55a897e9dd11 <unknown>\n#4 0x55a897ee9004 <unknown>\n#5 0x55a897ec736d <unknown>\n#6 0x55a897ee6297 <unknown>\n#7 0x55a897ec70e3 <unknown>\n#8 0x55a897e8f044 <unknown>\n#9 0x55a897e9044e <unknown>\n#10 0x55a898155861 <unknown>\n#11 0x55a898159785 <unknown>\n#12 0x55a898143285 <unknown>\n#13 0x55a89815a41f <unknown>\n#14 0x55a89812720f <unknown>\n#15 0x55a89817e028 <unknown>\n#16 0x55a89817e1f7 <unknown>\n#17 0x55a89818fed4 <unknown>\n#18 0x7f6005ec5044 <unknown>","time":{"start":1702516239246,"stop":1702516239937,"duration":691}},{"uid":"25322e8a9ead5426","reportUrl":"https://zaelcovsky.github.io/StroyremAutomation/169//#testresult/25322e8a9ead5426","status":"broken","statusDetails":"selenium.common.exceptions.NoSuchElementException: Message: no such element: Unable to locate element: {\"method\":\"xpath\",\"selector\":\"(//a[@class='add-to-cart yellow-btn'])[1]\"}\n  (Session info: chrome-headless-shell=120.0.6099.71); For documentation on this error, please visit: https://www.selenium.dev/documentation/webdriver/troubleshooting/errors#no-such-element-exception\nStacktrace:\n#0 0x55cb2ea9fd33 <unknown>\n#1 0x55cb2e75cf87 <unknown>\n#2 0x55cb2e7acc0e <unknown>\n#3 0x55cb2e7acd11 <unknown>\n#4 0x55cb2e7f8004 <unknown>\n#5 0x55cb2e7d636d <unknown>\n#6 0x55cb2e7f5297 <unknown>\n#7 0x55cb2e7d60e3 <unknown>\n#8 0x55cb2e79e044 <unknown>\n#9 0x55cb2e79f44e <unknown>\n#10 0x55cb2ea64861 <unknown>\n#11 0x55cb2ea68785 <unknown>\n#12 0x55cb2ea52285 <unknown>\n#13 0x55cb2ea6941f <unknown>\n#14 0x55cb2ea3620f <unknown>\n#15 0x55cb2ea8d028 <unknown>\n#16 0x55cb2ea8d1f7 <unknown>\n#17 0x55cb2ea9eed4 <unknown>\n#18 0x7fc3945d2044 <unknown>","time":{"start":1702429877254,"stop":1702429877679,"duration":425}},{"uid":"ca54ba9a9507016f","reportUrl":"https://zaelcovsky.github.io/StroyremAutomation/168//#testresult/ca54ba9a9507016f","status":"broken","statusDetails":"selenium.common.exceptions.NoSuchElementException: Message: no such element: Unable to locate element: {\"method\":\"xpath\",\"selector\":\"(//a[@class='add-to-cart yellow-btn'])[1]\"}\n  (Session info: chrome-headless-shell=120.0.6099.71); For documentation on this error, please visit: https://www.selenium.dev/documentation/webdriver/troubleshooting/errors#no-such-element-exception\nStacktrace:\n#0 0x55d5e7fd4d33 <unknown>\n#1 0x55d5e7c91f87 <unknown>\n#2 0x55d5e7ce1c0e <unknown>\n#3 0x55d5e7ce1d11 <unknown>\n#4 0x55d5e7d2d004 <unknown>\n#5 0x55d5e7d0b36d <unknown>\n#6 0x55d5e7d2a297 <unknown>\n#7 0x55d5e7d0b0e3 <unknown>\n#8 0x55d5e7cd3044 <unknown>\n#9 0x55d5e7cd444e <unknown>\n#10 0x55d5e7f99861 <unknown>\n#11 0x55d5e7f9d785 <unknown>\n#12 0x55d5e7f87285 <unknown>\n#13 0x55d5e7f9e41f <unknown>\n#14 0x55d5e7f6b20f <unknown>\n#15 0x55d5e7fc2028 <unknown>\n#16 0x55d5e7fc21f7 <unknown>\n#17 0x55d5e7fd3ed4 <unknown>\n#18 0x7f183308a044 <unknown>","time":{"start":1702343619832,"stop":1702343620287,"duration":455}},{"uid":"435de9e280043492","reportUrl":"https://zaelcovsky.github.io/StroyremAutomation/167//#testresult/435de9e280043492","status":"broken","statusDetails":"selenium.common.exceptions.NoSuchElementException: Message: no such element: Unable to locate element: {\"method\":\"xpath\",\"selector\":\"(//a[@class='add-to-cart yellow-btn'])[1]\"}\n  (Session info: chrome-headless-shell=120.0.6099.71); For documentation on this error, please visit: https://www.selenium.dev/documentation/webdriver/troubleshooting/errors#no-such-element-exception\nStacktrace:\n#0 0x55a3c281dd33 <unknown>\n#1 0x55a3c24daf87 <unknown>\n#2 0x55a3c252ac0e <unknown>\n#3 0x55a3c252ad11 <unknown>\n#4 0x55a3c2576004 <unknown>\n#5 0x55a3c255436d <unknown>\n#6 0x55a3c2573297 <unknown>\n#7 0x55a3c25540e3 <unknown>\n#8 0x55a3c251c044 <unknown>\n#9 0x55a3c251d44e <unknown>\n#10 0x55a3c27e2861 <unknown>\n#11 0x55a3c27e6785 <unknown>\n#12 0x55a3c27d0285 <unknown>\n#13 0x55a3c27e741f <unknown>\n#14 0x55a3c27b420f <unknown>\n#15 0x55a3c280b028 <unknown>\n#16 0x55a3c280b1f7 <unknown>\n#17 0x55a3c281ced4 <unknown>\n#18 0x7fa6e3d40044 <unknown>","time":{"start":1702257242099,"stop":1702257242546,"duration":447}},{"uid":"5bf2069f975fc4b8","reportUrl":"https://zaelcovsky.github.io/StroyremAutomation/166//#testresult/5bf2069f975fc4b8","status":"broken","statusDetails":"selenium.common.exceptions.NoSuchElementException: Message: no such element: Unable to locate element: {\"method\":\"xpath\",\"selector\":\"(//a[@class='add-to-cart yellow-btn'])[1]\"}\n  (Session info: chrome-headless-shell=120.0.6099.71); For documentation on this error, please visit: https://www.selenium.dev/documentation/webdriver/troubleshooting/errors#no-such-element-exception\nStacktrace:\n#0 0x557c20408d33 <unknown>\n#1 0x557c200c5f87 <unknown>\n#2 0x557c20115c0e <unknown>\n#3 0x557c20115d11 <unknown>\n#4 0x557c20161004 <unknown>\n#5 0x557c2013f36d <unknown>\n#6 0x557c2015e297 <unknown>\n#7 0x557c2013f0e3 <unknown>\n#8 0x557c20107044 <unknown>\n#9 0x557c2010844e <unknown>\n#10 0x557c203cd861 <unknown>\n#11 0x557c203d1785 <unknown>\n#12 0x557c203bb285 <unknown>\n#13 0x557c203d241f <unknown>\n#14 0x557c2039f20f <unknown>\n#15 0x557c203f6028 <unknown>\n#16 0x557c203f61f7 <unknown>\n#17 0x557c20407ed4 <unknown>\n#18 0x7fe2d49eb044 <unknown>","time":{"start":1702170942640,"stop":1702170943021,"duration":381}},{"uid":"a82b777621dc39e","reportUrl":"https://zaelcovsky.github.io/StroyremAutomation/165//#testresult/a82b777621dc39e","status":"broken","statusDetails":"selenium.common.exceptions.NoSuchElementException: Message: no such element: Unable to locate element: {\"method\":\"xpath\",\"selector\":\"(//a[@class='add-to-cart yellow-btn'])[1]\"}\n  (Session info: chrome-headless-shell=120.0.6099.71); For documentation on this error, please visit: https://www.selenium.dev/documentation/webdriver/troubleshooting/errors#no-such-element-exception\nStacktrace:\n#0 0x564d2e044d33 <unknown>\n#1 0x564d2dd01f87 <unknown>\n#2 0x564d2dd51c0e <unknown>\n#3 0x564d2dd51d11 <unknown>\n#4 0x564d2dd9d004 <unknown>\n#5 0x564d2dd7b36d <unknown>\n#6 0x564d2dd9a297 <unknown>\n#7 0x564d2dd7b0e3 <unknown>\n#8 0x564d2dd43044 <unknown>\n#9 0x564d2dd4444e <unknown>\n#10 0x564d2e009861 <unknown>\n#11 0x564d2e00d785 <unknown>\n#12 0x564d2dff7285 <unknown>\n#13 0x564d2e00e41f <unknown>\n#14 0x564d2dfdb20f <unknown>\n#15 0x564d2e032028 <unknown>\n#16 0x564d2e0321f7 <unknown>\n#17 0x564d2e043ed4 <unknown>\n#18 0x7f595726e044 <unknown>","time":{"start":1702084206626,"stop":1702084207078,"duration":452}},{"uid":"28d8aea375247f90","reportUrl":"https://zaelcovsky.github.io/StroyremAutomation/164//#testresult/28d8aea375247f90","status":"broken","statusDetails":"selenium.common.exceptions.NoSuchElementException: Message: no such element: Unable to locate element: {\"method\":\"xpath\",\"selector\":\"(//a[@class='add-to-cart yellow-btn'])[1]\"}\n  (Session info: chrome-headless-shell=120.0.6099.71); For documentation on this error, please visit: https://www.selenium.dev/documentation/webdriver/troubleshooting/errors#no-such-element-exception\nStacktrace:\n#0 0x559225427d33 <unknown>\n#1 0x5592250e4f87 <unknown>\n#2 0x559225134c0e <unknown>\n#3 0x559225134d11 <unknown>\n#4 0x559225180004 <unknown>\n#5 0x55922515e36d <unknown>\n#6 0x55922517d297 <unknown>\n#7 0x55922515e0e3 <unknown>\n#8 0x559225126044 <unknown>\n#9 0x55922512744e <unknown>\n#10 0x5592253ec861 <unknown>\n#11 0x5592253f0785 <unknown>\n#12 0x5592253da285 <unknown>\n#13 0x5592253f141f <unknown>\n#14 0x5592253be20f <unknown>\n#15 0x559225415028 <unknown>\n#16 0x5592254151f7 <unknown>\n#17 0x559225426ed4 <unknown>\n#18 0x7f3470808044 <unknown>","time":{"start":1701998019409,"stop":1701998019859,"duration":450}},{"uid":"8a5f9ff62d2e383","reportUrl":"https://zaelcovsky.github.io/StroyremAutomation/163//#testresult/8a5f9ff62d2e383","status":"broken","statusDetails":"selenium.common.exceptions.NoSuchElementException: Message: no such element: Unable to locate element: {\"method\":\"xpath\",\"selector\":\"(//a[@class='add-to-cart yellow-btn'])[1]\"}\n  (Session info: chrome-headless-shell=120.0.6099.71); For documentation on this error, please visit: https://www.selenium.dev/documentation/webdriver/troubleshooting/errors#no-such-element-exception\nStacktrace:\n#0 0x55cb691fed33 <unknown>\n#1 0x55cb68ebbf87 <unknown>\n#2 0x55cb68f0bc0e <unknown>\n#3 0x55cb68f0bd11 <unknown>\n#4 0x55cb68f57004 <unknown>\n#5 0x55cb68f3536d <unknown>\n#6 0x55cb68f54297 <unknown>\n#7 0x55cb68f350e3 <unknown>\n#8 0x55cb68efd044 <unknown>\n#9 0x55cb68efe44e <unknown>\n#10 0x55cb691c3861 <unknown>\n#11 0x55cb691c7785 <unknown>\n#12 0x55cb691b1285 <unknown>\n#13 0x55cb691c841f <unknown>\n#14 0x55cb6919520f <unknown>\n#15 0x55cb691ec028 <unknown>\n#16 0x55cb691ec1f7 <unknown>\n#17 0x55cb691fded4 <unknown>\n#18 0x7f6d7305e044 <unknown>","time":{"start":1701911582913,"stop":1701911583423,"duration":510}}]},"tags":["smoke"]},"source":"9f95cfc8fbf2dd0d.json","parameterValues":["4890","149","'TD 021'","4380","'products/shtukaturka-gipsovaya-aksolit-m50-30-kg-mashinnogo-naneseniya'","2600","'https://sandboxtest.stroyrem-nn.ru/'","4500"]}