{"uid":"f8b0dbeda1c32a2c","name":"TC 004 - Функционал блока 'Советы от профессионалов ремонта'","fullName":"tests.test_main_page.TestMainPage#test_positive_building_advices1_smoke","historyId":"8f74894ce1cb6b6ad9bcc58447cc610b","time":{"start":1703638991917,"stop":1703638991930,"duration":13},"status":"broken","statusMessage":"selenium.common.exceptions.NoSuchElementException: Message: no such element: Unable to locate element: {\"method\":\"xpath\",\"selector\":\"//div[@class='page-block articles-block']\"}\n  (Session info: chrome-headless-shell=120.0.6099.109); For documentation on this error, please visit: https://www.selenium.dev/documentation/webdriver/troubleshooting/errors#no-such-element-exception\nStacktrace:\n#0 0x55b686daef83 <unknown>\n#1 0x55b686a67cf7 <unknown>\n#2 0x55b686ab799e <unknown>\n#3 0x55b686ab7aa1 <unknown>\n#4 0x55b686b02d64 <unknown>\n#5 0x55b686ae10dd <unknown>\n#6 0x55b686b00006 <unknown>\n#7 0x55b686ae0e53 <unknown>\n#8 0x55b686aa8dd4 <unknown>\n#9 0x55b686aaa1de <unknown>\n#10 0x55b686d73531 <unknown>\n#11 0x55b686d77455 <unknown>\n#12 0x55b686d5ff55 <unknown>\n#13 0x55b686d780ef <unknown>\n#14 0x55b686d4399f <unknown>\n#15 0x55b686d9c008 <unknown>\n#16 0x55b686d9c1d7 <unknown>\n#17 0x55b686dae124 <unknown>\n#18 0x7f9268cfb044 <unknown>","statusTrace":"self = <tests.test_main_page.TestMainPage object at 0x7f7f5e5ca110>\nmain_page = <pages.main_page.MainPage object at 0x7f7f5df37550>\n\n    @allure.title(\"TC 004 - Функционал блока 'Советы от профессионалов ремонта'\")\n    @pytest.mark.smoke_test\n    def test_positive_building_advices1_smoke(self, main_page):\n>       items = main_page.get_building_advices_section()\n\ntests/test_main_page.py:45: \n_ _ _ _ _ _ _ _ _ _ _ _ _ _ _ _ _ _ _ _ _ _ _ _ _ _ _ _ _ _ _ _ _ _ _ _ _ _ _ _ \npages/main_page.py:78: in get_building_advices_section\n    section = self.driver.find_element(*self._building_advices_section)\n/usr/local/lib/python3.11/site-packages/selenium/webdriver/remote/webdriver.py:740: in find_element\n    return self.execute(Command.FIND_ELEMENT, {\"using\": by, \"value\": value})[\"value\"]\n/usr/local/lib/python3.11/site-packages/selenium/webdriver/remote/webdriver.py:346: in execute\n    self.error_handler.check_response(response)\n_ _ _ _ _ _ _ _ _ _ _ _ _ _ _ _ _ _ _ _ _ _ _ _ _ _ _ _ _ _ _ _ _ _ _ _ _ _ _ _ \n\nself = <selenium.webdriver.remote.errorhandler.ErrorHandler object at 0x7f7f5df53510>\nresponse = {'status': 404, 'value': '{\"value\":{\"error\":\"no such element\",\"message\":\"no such element: Unable to locate element: {\\...\\\\n#16 0x55b686d9c1d7 \\\\u003Cunknown>\\\\n#17 0x55b686dae124 \\\\u003Cunknown>\\\\n#18 0x7f9268cfb044 \\\\u003Cunknown>\\\\n\"}}'}\n\n    def check_response(self, response: Dict[str, Any]) -> None:\n        \"\"\"Checks that a JSON response from the WebDriver does not have an\n        error.\n    \n        :Args:\n         - response - The JSON response from the WebDriver server as a dictionary\n           object.\n    \n        :Raises: If the response contains an error message.\n        \"\"\"\n        status = response.get(\"status\", None)\n        if not status or status == ErrorCode.SUCCESS:\n            return\n        value = None\n        message = response.get(\"message\", \"\")\n        screen: str = response.get(\"screen\", \"\")\n        stacktrace = None\n        if isinstance(status, int):\n            value_json = response.get(\"value\", None)\n            if value_json and isinstance(value_json, str):\n                import json\n    \n                try:\n                    value = json.loads(value_json)\n                    if len(value) == 1:\n                        value = value[\"value\"]\n                    status = value.get(\"error\", None)\n                    if not status:\n                        status = value.get(\"status\", ErrorCode.UNKNOWN_ERROR)\n                        message = value.get(\"value\") or value.get(\"message\")\n                        if not isinstance(message, str):\n                            value = message\n                            message = message.get(\"message\")\n                    else:\n                        message = value.get(\"message\", None)\n                except ValueError:\n                    pass\n    \n        exception_class: Type[WebDriverException]\n        if status in ErrorCode.NO_SUCH_ELEMENT:\n            exception_class = NoSuchElementException\n        elif status in ErrorCode.NO_SUCH_FRAME:\n            exception_class = NoSuchFrameException\n        elif status in ErrorCode.NO_SUCH_SHADOW_ROOT:\n            exception_class = NoSuchShadowRootException\n        elif status in ErrorCode.NO_SUCH_WINDOW:\n            exception_class = NoSuchWindowException\n        elif status in ErrorCode.STALE_ELEMENT_REFERENCE:\n            exception_class = StaleElementReferenceException\n        elif status in ErrorCode.ELEMENT_NOT_VISIBLE:\n            exception_class = ElementNotVisibleException\n        elif status in ErrorCode.INVALID_ELEMENT_STATE:\n            exception_class = InvalidElementStateException\n        elif (\n            status in ErrorCode.INVALID_SELECTOR\n            or status in ErrorCode.INVALID_XPATH_SELECTOR\n            or status in ErrorCode.INVALID_XPATH_SELECTOR_RETURN_TYPER\n        ):\n            exception_class = InvalidSelectorException\n        elif status in ErrorCode.ELEMENT_IS_NOT_SELECTABLE:\n            exception_class = ElementNotSelectableException\n        elif status in ErrorCode.ELEMENT_NOT_INTERACTABLE:\n            exception_class = ElementNotInteractableException\n        elif status in ErrorCode.INVALID_COOKIE_DOMAIN:\n            exception_class = InvalidCookieDomainException\n        elif status in ErrorCode.UNABLE_TO_SET_COOKIE:\n            exception_class = UnableToSetCookieException\n        elif status in ErrorCode.TIMEOUT:\n            exception_class = TimeoutException\n        elif status in ErrorCode.SCRIPT_TIMEOUT:\n            exception_class = TimeoutException\n        elif status in ErrorCode.UNKNOWN_ERROR:\n            exception_class = WebDriverException\n        elif status in ErrorCode.UNEXPECTED_ALERT_OPEN:\n            exception_class = UnexpectedAlertPresentException\n        elif status in ErrorCode.NO_ALERT_OPEN:\n            exception_class = NoAlertPresentException\n        elif status in ErrorCode.IME_NOT_AVAILABLE:\n            exception_class = ImeNotAvailableException\n        elif status in ErrorCode.IME_ENGINE_ACTIVATION_FAILED:\n            exception_class = ImeActivationFailedException\n        elif status in ErrorCode.MOVE_TARGET_OUT_OF_BOUNDS:\n            exception_class = MoveTargetOutOfBoundsException\n        elif status in ErrorCode.JAVASCRIPT_ERROR:\n            exception_class = JavascriptException\n        elif status in ErrorCode.SESSION_NOT_CREATED:\n            exception_class = SessionNotCreatedException\n        elif status in ErrorCode.INVALID_ARGUMENT:\n            exception_class = InvalidArgumentException\n        elif status in ErrorCode.NO_SUCH_COOKIE:\n            exception_class = NoSuchCookieException\n        elif status in ErrorCode.UNABLE_TO_CAPTURE_SCREEN:\n            exception_class = ScreenshotException\n        elif status in ErrorCode.ELEMENT_CLICK_INTERCEPTED:\n            exception_class = ElementClickInterceptedException\n        elif status in ErrorCode.INSECURE_CERTIFICATE:\n            exception_class = InsecureCertificateException\n        elif status in ErrorCode.INVALID_COORDINATES:\n            exception_class = InvalidCoordinatesException\n        elif status in ErrorCode.INVALID_SESSION_ID:\n            exception_class = InvalidSessionIdException\n        elif status in ErrorCode.UNKNOWN_METHOD:\n            exception_class = UnknownMethodException\n        else:\n            exception_class = WebDriverException\n        if not value:\n            value = response[\"value\"]\n        if isinstance(value, str):\n            raise exception_class(value)\n        if message == \"\" and \"message\" in value:\n            message = value[\"message\"]\n    \n        screen = None  # type: ignore[assignment]\n        if \"screen\" in value:\n            screen = value[\"screen\"]\n    \n        stacktrace = None\n        st_value = value.get(\"stackTrace\") or value.get(\"stacktrace\")\n        if st_value:\n            if isinstance(st_value, str):\n                stacktrace = st_value.split(\"\\n\")\n            else:\n                stacktrace = []\n                try:\n                    for frame in st_value:\n                        line = frame.get(\"lineNumber\", \"\")\n                        file = frame.get(\"fileName\", \"<anonymous>\")\n                        if line:\n                            file = f\"{file}:{line}\"\n                        meth = frame.get(\"methodName\", \"<anonymous>\")\n                        if \"className\" in frame:\n                            meth = f\"{frame['className']}.{meth}\"\n                        msg = \"    at %s (%s)\"\n                        msg = msg % (meth, file)\n                        stacktrace.append(msg)\n                except TypeError:\n                    pass\n        if exception_class == UnexpectedAlertPresentException:\n            alert_text = None\n            if \"data\" in value:\n                alert_text = value[\"data\"].get(\"text\")\n            elif \"alert\" in value:\n                alert_text = value[\"alert\"].get(\"text\")\n            raise exception_class(message, screen, stacktrace, alert_text)  # type: ignore[call-arg]  # mypy is not smart enough here\n>       raise exception_class(message, screen, stacktrace)\nE       selenium.common.exceptions.NoSuchElementException: Message: no such element: Unable to locate element: {\"method\":\"xpath\",\"selector\":\"//div[@class='page-block articles-block']\"}\nE         (Session info: chrome-headless-shell=120.0.6099.109); For documentation on this error, please visit: https://www.selenium.dev/documentation/webdriver/troubleshooting/errors#no-such-element-exception\nE       Stacktrace:\nE       #0 0x55b686daef83 <unknown>\nE       #1 0x55b686a67cf7 <unknown>\nE       #2 0x55b686ab799e <unknown>\nE       #3 0x55b686ab7aa1 <unknown>\nE       #4 0x55b686b02d64 <unknown>\nE       #5 0x55b686ae10dd <unknown>\nE       #6 0x55b686b00006 <unknown>\nE       #7 0x55b686ae0e53 <unknown>\nE       #8 0x55b686aa8dd4 <unknown>\nE       #9 0x55b686aaa1de <unknown>\nE       #10 0x55b686d73531 <unknown>\nE       #11 0x55b686d77455 <unknown>\nE       #12 0x55b686d5ff55 <unknown>\nE       #13 0x55b686d780ef <unknown>\nE       #14 0x55b686d4399f <unknown>\nE       #15 0x55b686d9c008 <unknown>\nE       #16 0x55b686d9c1d7 <unknown>\nE       #17 0x55b686dae124 <unknown>\nE       #18 0x7f9268cfb044 <unknown>\n\n/usr/local/lib/python3.11/site-packages/selenium/webdriver/remote/errorhandler.py:245: NoSuchElementException","flaky":false,"newFailed":false,"newBroken":false,"newPassed":false,"retriesCount":0,"retriesStatusChange":false,"beforeStages":[{"name":"_session_faker","time":{"start":1703638924851,"stop":1703638924917,"duration":66},"status":"passed","steps":[],"attachments":[],"parameters":[],"shouldDisplayMessage":false,"stepsCount":0,"attachmentsCount":0,"hasContent":false,"attachmentStep":false},{"name":"clear_allure_results_folder","time":{"start":1703638924917,"stop":1703638924918,"duration":1},"status":"passed","steps":[],"attachments":[],"parameters":[],"shouldDisplayMessage":false,"stepsCount":0,"attachmentsCount":0,"hasContent":false,"attachmentStep":false},{"name":"driver","time":{"start":1703638990412,"stop":1703638991142,"duration":730},"status":"passed","steps":[],"attachments":[],"parameters":[],"shouldDisplayMessage":false,"stepsCount":0,"attachmentsCount":0,"hasContent":false,"attachmentStep":false},{"name":"main_page","time":{"start":1703638991142,"stop":1703638991916,"duration":774},"status":"passed","steps":[],"attachments":[],"parameters":[],"shouldDisplayMessage":false,"stepsCount":0,"attachmentsCount":0,"hasContent":false,"attachmentStep":false},{"name":"setup","time":{"start":1703638991142,"stop":1703638991142,"duration":0},"status":"passed","steps":[],"attachments":[],"parameters":[],"shouldDisplayMessage":false,"stepsCount":0,"attachmentsCount":0,"hasContent":false,"attachmentStep":false}],"testStage":{"status":"broken","statusMessage":"selenium.common.exceptions.NoSuchElementException: Message: no such element: Unable to locate element: {\"method\":\"xpath\",\"selector\":\"//div[@class='page-block articles-block']\"}\n  (Session info: chrome-headless-shell=120.0.6099.109); For documentation on this error, please visit: https://www.selenium.dev/documentation/webdriver/troubleshooting/errors#no-such-element-exception\nStacktrace:\n#0 0x55b686daef83 <unknown>\n#1 0x55b686a67cf7 <unknown>\n#2 0x55b686ab799e <unknown>\n#3 0x55b686ab7aa1 <unknown>\n#4 0x55b686b02d64 <unknown>\n#5 0x55b686ae10dd <unknown>\n#6 0x55b686b00006 <unknown>\n#7 0x55b686ae0e53 <unknown>\n#8 0x55b686aa8dd4 <unknown>\n#9 0x55b686aaa1de <unknown>\n#10 0x55b686d73531 <unknown>\n#11 0x55b686d77455 <unknown>\n#12 0x55b686d5ff55 <unknown>\n#13 0x55b686d780ef <unknown>\n#14 0x55b686d4399f <unknown>\n#15 0x55b686d9c008 <unknown>\n#16 0x55b686d9c1d7 <unknown>\n#17 0x55b686dae124 <unknown>\n#18 0x7f9268cfb044 <unknown>","statusTrace":"self = <tests.test_main_page.TestMainPage object at 0x7f7f5e5ca110>\nmain_page = <pages.main_page.MainPage object at 0x7f7f5df37550>\n\n    @allure.title(\"TC 004 - Функционал блока 'Советы от профессионалов ремонта'\")\n    @pytest.mark.smoke_test\n    def test_positive_building_advices1_smoke(self, main_page):\n>       items = main_page.get_building_advices_section()\n\ntests/test_main_page.py:45: \n_ _ _ _ _ _ _ _ _ _ _ _ _ _ _ _ _ _ _ _ _ _ _ _ _ _ _ _ _ _ _ _ _ _ _ _ _ _ _ _ \npages/main_page.py:78: in get_building_advices_section\n    section = self.driver.find_element(*self._building_advices_section)\n/usr/local/lib/python3.11/site-packages/selenium/webdriver/remote/webdriver.py:740: in find_element\n    return self.execute(Command.FIND_ELEMENT, {\"using\": by, \"value\": value})[\"value\"]\n/usr/local/lib/python3.11/site-packages/selenium/webdriver/remote/webdriver.py:346: in execute\n    self.error_handler.check_response(response)\n_ _ _ _ _ _ _ _ _ _ _ _ _ _ _ _ _ _ _ _ _ _ _ _ _ _ _ _ _ _ _ _ _ _ _ _ _ _ _ _ \n\nself = <selenium.webdriver.remote.errorhandler.ErrorHandler object at 0x7f7f5df53510>\nresponse = {'status': 404, 'value': '{\"value\":{\"error\":\"no such element\",\"message\":\"no such element: Unable to locate element: {\\...\\\\n#16 0x55b686d9c1d7 \\\\u003Cunknown>\\\\n#17 0x55b686dae124 \\\\u003Cunknown>\\\\n#18 0x7f9268cfb044 \\\\u003Cunknown>\\\\n\"}}'}\n\n    def check_response(self, response: Dict[str, Any]) -> None:\n        \"\"\"Checks that a JSON response from the WebDriver does not have an\n        error.\n    \n        :Args:\n         - response - The JSON response from the WebDriver server as a dictionary\n           object.\n    \n        :Raises: If the response contains an error message.\n        \"\"\"\n        status = response.get(\"status\", None)\n        if not status or status == ErrorCode.SUCCESS:\n            return\n        value = None\n        message = response.get(\"message\", \"\")\n        screen: str = response.get(\"screen\", \"\")\n        stacktrace = None\n        if isinstance(status, int):\n            value_json = response.get(\"value\", None)\n            if value_json and isinstance(value_json, str):\n                import json\n    \n                try:\n                    value = json.loads(value_json)\n                    if len(value) == 1:\n                        value = value[\"value\"]\n                    status = value.get(\"error\", None)\n                    if not status:\n                        status = value.get(\"status\", ErrorCode.UNKNOWN_ERROR)\n                        message = value.get(\"value\") or value.get(\"message\")\n                        if not isinstance(message, str):\n                            value = message\n                            message = message.get(\"message\")\n                    else:\n                        message = value.get(\"message\", None)\n                except ValueError:\n                    pass\n    \n        exception_class: Type[WebDriverException]\n        if status in ErrorCode.NO_SUCH_ELEMENT:\n            exception_class = NoSuchElementException\n        elif status in ErrorCode.NO_SUCH_FRAME:\n            exception_class = NoSuchFrameException\n        elif status in ErrorCode.NO_SUCH_SHADOW_ROOT:\n            exception_class = NoSuchShadowRootException\n        elif status in ErrorCode.NO_SUCH_WINDOW:\n            exception_class = NoSuchWindowException\n        elif status in ErrorCode.STALE_ELEMENT_REFERENCE:\n            exception_class = StaleElementReferenceException\n        elif status in ErrorCode.ELEMENT_NOT_VISIBLE:\n            exception_class = ElementNotVisibleException\n        elif status in ErrorCode.INVALID_ELEMENT_STATE:\n            exception_class = InvalidElementStateException\n        elif (\n            status in ErrorCode.INVALID_SELECTOR\n            or status in ErrorCode.INVALID_XPATH_SELECTOR\n            or status in ErrorCode.INVALID_XPATH_SELECTOR_RETURN_TYPER\n        ):\n            exception_class = InvalidSelectorException\n        elif status in ErrorCode.ELEMENT_IS_NOT_SELECTABLE:\n            exception_class = ElementNotSelectableException\n        elif status in ErrorCode.ELEMENT_NOT_INTERACTABLE:\n            exception_class = ElementNotInteractableException\n        elif status in ErrorCode.INVALID_COOKIE_DOMAIN:\n            exception_class = InvalidCookieDomainException\n        elif status in ErrorCode.UNABLE_TO_SET_COOKIE:\n            exception_class = UnableToSetCookieException\n        elif status in ErrorCode.TIMEOUT:\n            exception_class = TimeoutException\n        elif status in ErrorCode.SCRIPT_TIMEOUT:\n            exception_class = TimeoutException\n        elif status in ErrorCode.UNKNOWN_ERROR:\n            exception_class = WebDriverException\n        elif status in ErrorCode.UNEXPECTED_ALERT_OPEN:\n            exception_class = UnexpectedAlertPresentException\n        elif status in ErrorCode.NO_ALERT_OPEN:\n            exception_class = NoAlertPresentException\n        elif status in ErrorCode.IME_NOT_AVAILABLE:\n            exception_class = ImeNotAvailableException\n        elif status in ErrorCode.IME_ENGINE_ACTIVATION_FAILED:\n            exception_class = ImeActivationFailedException\n        elif status in ErrorCode.MOVE_TARGET_OUT_OF_BOUNDS:\n            exception_class = MoveTargetOutOfBoundsException\n        elif status in ErrorCode.JAVASCRIPT_ERROR:\n            exception_class = JavascriptException\n        elif status in ErrorCode.SESSION_NOT_CREATED:\n            exception_class = SessionNotCreatedException\n        elif status in ErrorCode.INVALID_ARGUMENT:\n            exception_class = InvalidArgumentException\n        elif status in ErrorCode.NO_SUCH_COOKIE:\n            exception_class = NoSuchCookieException\n        elif status in ErrorCode.UNABLE_TO_CAPTURE_SCREEN:\n            exception_class = ScreenshotException\n        elif status in ErrorCode.ELEMENT_CLICK_INTERCEPTED:\n            exception_class = ElementClickInterceptedException\n        elif status in ErrorCode.INSECURE_CERTIFICATE:\n            exception_class = InsecureCertificateException\n        elif status in ErrorCode.INVALID_COORDINATES:\n            exception_class = InvalidCoordinatesException\n        elif status in ErrorCode.INVALID_SESSION_ID:\n            exception_class = InvalidSessionIdException\n        elif status in ErrorCode.UNKNOWN_METHOD:\n            exception_class = UnknownMethodException\n        else:\n            exception_class = WebDriverException\n        if not value:\n            value = response[\"value\"]\n        if isinstance(value, str):\n            raise exception_class(value)\n        if message == \"\" and \"message\" in value:\n            message = value[\"message\"]\n    \n        screen = None  # type: ignore[assignment]\n        if \"screen\" in value:\n            screen = value[\"screen\"]\n    \n        stacktrace = None\n        st_value = value.get(\"stackTrace\") or value.get(\"stacktrace\")\n        if st_value:\n            if isinstance(st_value, str):\n                stacktrace = st_value.split(\"\\n\")\n            else:\n                stacktrace = []\n                try:\n                    for frame in st_value:\n                        line = frame.get(\"lineNumber\", \"\")\n                        file = frame.get(\"fileName\", \"<anonymous>\")\n                        if line:\n                            file = f\"{file}:{line}\"\n                        meth = frame.get(\"methodName\", \"<anonymous>\")\n                        if \"className\" in frame:\n                            meth = f\"{frame['className']}.{meth}\"\n                        msg = \"    at %s (%s)\"\n                        msg = msg % (meth, file)\n                        stacktrace.append(msg)\n                except TypeError:\n                    pass\n        if exception_class == UnexpectedAlertPresentException:\n            alert_text = None\n            if \"data\" in value:\n                alert_text = value[\"data\"].get(\"text\")\n            elif \"alert\" in value:\n                alert_text = value[\"alert\"].get(\"text\")\n            raise exception_class(message, screen, stacktrace, alert_text)  # type: ignore[call-arg]  # mypy is not smart enough here\n>       raise exception_class(message, screen, stacktrace)\nE       selenium.common.exceptions.NoSuchElementException: Message: no such element: Unable to locate element: {\"method\":\"xpath\",\"selector\":\"//div[@class='page-block articles-block']\"}\nE         (Session info: chrome-headless-shell=120.0.6099.109); For documentation on this error, please visit: https://www.selenium.dev/documentation/webdriver/troubleshooting/errors#no-such-element-exception\nE       Stacktrace:\nE       #0 0x55b686daef83 <unknown>\nE       #1 0x55b686a67cf7 <unknown>\nE       #2 0x55b686ab799e <unknown>\nE       #3 0x55b686ab7aa1 <unknown>\nE       #4 0x55b686b02d64 <unknown>\nE       #5 0x55b686ae10dd <unknown>\nE       #6 0x55b686b00006 <unknown>\nE       #7 0x55b686ae0e53 <unknown>\nE       #8 0x55b686aa8dd4 <unknown>\nE       #9 0x55b686aaa1de <unknown>\nE       #10 0x55b686d73531 <unknown>\nE       #11 0x55b686d77455 <unknown>\nE       #12 0x55b686d5ff55 <unknown>\nE       #13 0x55b686d780ef <unknown>\nE       #14 0x55b686d4399f <unknown>\nE       #15 0x55b686d9c008 <unknown>\nE       #16 0x55b686d9c1d7 <unknown>\nE       #17 0x55b686dae124 <unknown>\nE       #18 0x7f9268cfb044 <unknown>\n\n/usr/local/lib/python3.11/site-packages/selenium/webdriver/remote/errorhandler.py:245: NoSuchElementException","steps":[{"name":"Проверка функциональности блока 'Советы от профессионалов ремонта'","time":{"start":1703638991917,"stop":1703638991929,"duration":12},"status":"broken","statusMessage":"selenium.common.exceptions.NoSuchElementException: Message: no such element: Unable to locate element: {\"method\":\"xpath\",\"selector\":\"//div[@class='page-block articles-block']\"}\n  (Session info: chrome-headless-shell=120.0.6099.109); For documentation on this error, please visit: https://www.selenium.dev/documentation/webdriver/troubleshooting/errors#no-such-element-exception\nStacktrace:\n#0 0x55b686daef83 <unknown>\n#1 0x55b686a67cf7 <unknown>\n#2 0x55b686ab799e <unknown>\n#3 0x55b686ab7aa1 <unknown>\n#4 0x55b686b02d64 <unknown>\n#5 0x55b686ae10dd <unknown>\n#6 0x55b686b00006 <unknown>\n#7 0x55b686ae0e53 <unknown>\n#8 0x55b686aa8dd4 <unknown>\n#9 0x55b686aaa1de <unknown>\n#10 0x55b686d73531 <unknown>\n#11 0x55b686d77455 <unknown>\n#12 0x55b686d5ff55 <unknown>\n#13 0x55b686d780ef <unknown>\n#14 0x55b686d4399f <unknown>\n#15 0x55b686d9c008 <unknown>\n#16 0x55b686d9c1d7 <unknown>\n#17 0x55b686dae124 <unknown>\n#18 0x7f9268cfb044 <unknown>\n\n","statusTrace":"  File \"/usr/local/lib/python3.11/site-packages/allure_commons/_allure.py\", line 192, in impl\n    return func(*a, **kw)\n           ^^^^^^^^^^^^^^\n  File \"/app/pages/main_page.py\", line 78, in get_building_advices_section\n    section = self.driver.find_element(*self._building_advices_section)\n              ^^^^^^^^^^^^^^^^^^^^^^^^^^^^^^^^^^^^^^^^^^^^^^^^^^^^^^^^^\n  File \"/usr/local/lib/python3.11/site-packages/selenium/webdriver/remote/webdriver.py\", line 740, in find_element\n    return self.execute(Command.FIND_ELEMENT, {\"using\": by, \"value\": value})[\"value\"]\n           ^^^^^^^^^^^^^^^^^^^^^^^^^^^^^^^^^^^^^^^^^^^^^^^^^^^^^^^^^^^^^^^^^\n  File \"/usr/local/lib/python3.11/site-packages/selenium/webdriver/remote/webdriver.py\", line 346, in execute\n    self.error_handler.check_response(response)\n  File \"/usr/local/lib/python3.11/site-packages/selenium/webdriver/remote/errorhandler.py\", line 245, in check_response\n    raise exception_class(message, screen, stacktrace)\n","steps":[],"attachments":[],"parameters":[],"shouldDisplayMessage":true,"stepsCount":0,"attachmentsCount":0,"hasContent":true,"attachmentStep":false}],"attachments":[{"uid":"256145eb71f8e2ce","name":"Screenshot","source":"256145eb71f8e2ce.png","type":"image/png","size":39106},{"uid":"dc06d0dd469b26a9","name":"HTML source","source":"dc06d0dd469b26a9.html","type":"text/html","size":538}],"parameters":[],"shouldDisplayMessage":true,"stepsCount":1,"attachmentsCount":2,"hasContent":true,"attachmentStep":false},"afterStages":[{"name":"driver::0","time":{"start":1703638992031,"stop":1703638992088,"duration":57},"status":"passed","steps":[],"attachments":[],"parameters":[],"shouldDisplayMessage":false,"stepsCount":0,"attachmentsCount":0,"hasContent":false,"attachmentStep":false},{"name":"setup::0","time":{"start":1703638992031,"stop":1703638992031,"duration":0},"status":"passed","steps":[],"attachments":[],"parameters":[],"shouldDisplayMessage":false,"stepsCount":0,"attachmentsCount":0,"hasContent":false,"attachmentStep":false}],"labels":[{"name":"epic","value":"Main Page"},{"name":"tag","value":"smoke_test"},{"name":"parentSuite","value":"tests"},{"name":"suite","value":"test_main_page"},{"name":"subSuite","value":"TestMainPage"},{"name":"host","value":"9836162a2424"},{"name":"thread","value":"1-MainThread"},{"name":"framework","value":"pytest"},{"name":"language","value":"cpython3"},{"name":"package","value":"tests.test_main_page"},{"name":"resultFormat","value":"allure2"}],"parameters":[{"name":"url","value":"'https://test2.stroyrem-nn.ru/'"}],"links":[],"hidden":false,"retry":false,"extra":{"severity":"normal","retries":[],"categories":[{"name":"Test defects","matchedStatuses":[],"flaky":false}],"history":{"statistic":{"failed":0,"broken":104,"skipped":0,"passed":36,"unknown":0,"total":140},"items":[{"uid":"f4325cbb54c4fbef","reportUrl":"https://zaelcovsky.github.io/StroyremAutomation/182//#testresult/f4325cbb54c4fbef","status":"broken","statusDetails":"selenium.common.exceptions.NoSuchElementException: Message: no such element: Unable to locate element: {\"method\":\"xpath\",\"selector\":\"//div[@class='page-block articles-block']\"}\n  (Session info: chrome-headless-shell=120.0.6099.109); For documentation on this error, please visit: https://www.selenium.dev/documentation/webdriver/troubleshooting/errors#no-such-element-exception\nStacktrace:\n#0 0x559760554f83 <unknown>\n#1 0x55976020dcf7 <unknown>\n#2 0x55976025d99e <unknown>\n#3 0x55976025daa1 <unknown>\n#4 0x5597602a8d64 <unknown>\n#5 0x5597602870dd <unknown>\n#6 0x5597602a6006 <unknown>\n#7 0x559760286e53 <unknown>\n#8 0x55976024edd4 <unknown>\n#9 0x5597602501de <unknown>\n#10 0x559760519531 <unknown>\n#11 0x55976051d455 <unknown>\n#12 0x559760505f55 <unknown>\n#13 0x55976051e0ef <unknown>\n#14 0x5597604e999f <unknown>\n#15 0x559760542008 <unknown>\n#16 0x5597605421d7 <unknown>\n#17 0x559760554124 <unknown>\n#18 0x7f6384b45044 <unknown>","time":{"start":1703552554709,"stop":1703552554722,"duration":13}},{"uid":"7400f85998163098","reportUrl":"https://zaelcovsky.github.io/StroyremAutomation/181//#testresult/7400f85998163098","status":"broken","statusDetails":"selenium.common.exceptions.NoSuchElementException: Message: no such element: Unable to locate element: {\"method\":\"xpath\",\"selector\":\"//div[@class='page-block articles-block']\"}\n  (Session info: chrome-headless-shell=120.0.6099.109); For documentation on this error, please visit: https://www.selenium.dev/documentation/webdriver/troubleshooting/errors#no-such-element-exception\nStacktrace:\n#0 0x559e2cba4f83 <unknown>\n#1 0x559e2c85dcf7 <unknown>\n#2 0x559e2c8ad99e <unknown>\n#3 0x559e2c8adaa1 <unknown>\n#4 0x559e2c8f8d64 <unknown>\n#5 0x559e2c8d70dd <unknown>\n#6 0x559e2c8f6006 <unknown>\n#7 0x559e2c8d6e53 <unknown>\n#8 0x559e2c89edd4 <unknown>\n#9 0x559e2c8a01de <unknown>\n#10 0x559e2cb69531 <unknown>\n#11 0x559e2cb6d455 <unknown>\n#12 0x559e2cb55f55 <unknown>\n#13 0x559e2cb6e0ef <unknown>\n#14 0x559e2cb3999f <unknown>\n#15 0x559e2cb92008 <unknown>\n#16 0x559e2cb921d7 <unknown>\n#17 0x559e2cba4124 <unknown>\n#18 0x7fd095d9d044 <unknown>","time":{"start":1703466323446,"stop":1703466323458,"duration":12}},{"uid":"1cee23d2b858f2bf","reportUrl":"https://zaelcovsky.github.io/StroyremAutomation/180//#testresult/1cee23d2b858f2bf","status":"broken","statusDetails":"selenium.common.exceptions.NoSuchElementException: Message: no such element: Unable to locate element: {\"method\":\"xpath\",\"selector\":\"//div[@class='page-block articles-block']\"}\n  (Session info: chrome-headless-shell=120.0.6099.109); For documentation on this error, please visit: https://www.selenium.dev/documentation/webdriver/troubleshooting/errors#no-such-element-exception\nStacktrace:\n#0 0x562a33940f83 <unknown>\n#1 0x562a335f9cf7 <unknown>\n#2 0x562a3364999e <unknown>\n#3 0x562a33649aa1 <unknown>\n#4 0x562a33694d64 <unknown>\n#5 0x562a336730dd <unknown>\n#6 0x562a33692006 <unknown>\n#7 0x562a33672e53 <unknown>\n#8 0x562a3363add4 <unknown>\n#9 0x562a3363c1de <unknown>\n#10 0x562a33905531 <unknown>\n#11 0x562a33909455 <unknown>\n#12 0x562a338f1f55 <unknown>\n#13 0x562a3390a0ef <unknown>\n#14 0x562a338d599f <unknown>\n#15 0x562a3392e008 <unknown>\n#16 0x562a3392e1d7 <unknown>\n#17 0x562a33940124 <unknown>\n#18 0x7f0548077044 <unknown>","time":{"start":1703380103318,"stop":1703380103331,"duration":13}},{"uid":"697e58f38bc4a2d8","reportUrl":"https://zaelcovsky.github.io/StroyremAutomation/179//#testresult/697e58f38bc4a2d8","status":"broken","statusDetails":"selenium.common.exceptions.NoSuchElementException: Message: no such element: Unable to locate element: {\"method\":\"xpath\",\"selector\":\"//div[@class='page-block articles-block']\"}\n  (Session info: chrome-headless-shell=120.0.6099.109); For documentation on this error, please visit: https://www.selenium.dev/documentation/webdriver/troubleshooting/errors#no-such-element-exception\nStacktrace:\n#0 0x5605f622bf83 <unknown>\n#1 0x5605f5ee4cf7 <unknown>\n#2 0x5605f5f3499e <unknown>\n#3 0x5605f5f34aa1 <unknown>\n#4 0x5605f5f7fd64 <unknown>\n#5 0x5605f5f5e0dd <unknown>\n#6 0x5605f5f7d006 <unknown>\n#7 0x5605f5f5de53 <unknown>\n#8 0x5605f5f25dd4 <unknown>\n#9 0x5605f5f271de <unknown>\n#10 0x5605f61f0531 <unknown>\n#11 0x5605f61f4455 <unknown>\n#12 0x5605f61dcf55 <unknown>\n#13 0x5605f61f50ef <unknown>\n#14 0x5605f61c099f <unknown>\n#15 0x5605f6219008 <unknown>\n#16 0x5605f62191d7 <unknown>\n#17 0x5605f622b124 <unknown>\n#18 0x7fc8bbd44044 <unknown>","time":{"start":1703293317373,"stop":1703293317386,"duration":13}},{"uid":"42e24bb59da7852b","reportUrl":"https://zaelcovsky.github.io/StroyremAutomation/178//#testresult/42e24bb59da7852b","status":"broken","statusDetails":"selenium.common.exceptions.NoSuchElementException: Message: no such element: Unable to locate element: {\"method\":\"xpath\",\"selector\":\"//div[@class='page-block articles-block']\"}\n  (Session info: chrome-headless-shell=120.0.6099.109); For documentation on this error, please visit: https://www.selenium.dev/documentation/webdriver/troubleshooting/errors#no-such-element-exception\nStacktrace:\n#0 0x563d7decff83 <unknown>\n#1 0x563d7db88cf7 <unknown>\n#2 0x563d7dbd899e <unknown>\n#3 0x563d7dbd8aa1 <unknown>\n#4 0x563d7dc23d64 <unknown>\n#5 0x563d7dc020dd <unknown>\n#6 0x563d7dc21006 <unknown>\n#7 0x563d7dc01e53 <unknown>\n#8 0x563d7dbc9dd4 <unknown>\n#9 0x563d7dbcb1de <unknown>\n#10 0x563d7de94531 <unknown>\n#11 0x563d7de98455 <unknown>\n#12 0x563d7de80f55 <unknown>\n#13 0x563d7de990ef <unknown>\n#14 0x563d7de6499f <unknown>\n#15 0x563d7debd008 <unknown>\n#16 0x563d7debd1d7 <unknown>\n#17 0x563d7decf124 <unknown>\n#18 0x7fbcf9b8b044 <unknown>","time":{"start":1703207018988,"stop":1703207019001,"duration":13}},{"uid":"1e38fd2ed8d98acd","reportUrl":"https://zaelcovsky.github.io/StroyremAutomation/177//#testresult/1e38fd2ed8d98acd","status":"broken","statusDetails":"selenium.common.exceptions.NoSuchElementException: Message: no such element: Unable to locate element: {\"method\":\"xpath\",\"selector\":\"//div[@class='page-block articles-block']\"}\n  (Session info: chrome-headless-shell=120.0.6099.109); For documentation on this error, please visit: https://www.selenium.dev/documentation/webdriver/troubleshooting/errors#no-such-element-exception\nStacktrace:\n#0 0x563d3752bf83 <unknown>\n#1 0x563d371e4cf7 <unknown>\n#2 0x563d3723499e <unknown>\n#3 0x563d37234aa1 <unknown>\n#4 0x563d3727fd64 <unknown>\n#5 0x563d3725e0dd <unknown>\n#6 0x563d3727d006 <unknown>\n#7 0x563d3725de53 <unknown>\n#8 0x563d37225dd4 <unknown>\n#9 0x563d372271de <unknown>\n#10 0x563d374f0531 <unknown>\n#11 0x563d374f4455 <unknown>\n#12 0x563d374dcf55 <unknown>\n#13 0x563d374f50ef <unknown>\n#14 0x563d374c099f <unknown>\n#15 0x563d37519008 <unknown>\n#16 0x563d375191d7 <unknown>\n#17 0x563d3752b124 <unknown>\n#18 0x7fce3d2dd044 <unknown>","time":{"start":1703120634404,"stop":1703120634417,"duration":13}},{"uid":"cd0bf44120ec4c03","reportUrl":"https://zaelcovsky.github.io/StroyremAutomation/176//#testresult/cd0bf44120ec4c03","status":"broken","statusDetails":"selenium.common.exceptions.NoSuchElementException: Message: no such element: Unable to locate element: {\"method\":\"xpath\",\"selector\":\"//div[@class='page-block articles-block']\"}\n  (Session info: chrome-headless-shell=120.0.6099.109); For documentation on this error, please visit: https://www.selenium.dev/documentation/webdriver/troubleshooting/errors#no-such-element-exception\nStacktrace:\n#0 0x55fff629ff83 <unknown>\n#1 0x55fff5f58cf7 <unknown>\n#2 0x55fff5fa899e <unknown>\n#3 0x55fff5fa8aa1 <unknown>\n#4 0x55fff5ff3d64 <unknown>\n#5 0x55fff5fd20dd <unknown>\n#6 0x55fff5ff1006 <unknown>\n#7 0x55fff5fd1e53 <unknown>\n#8 0x55fff5f99dd4 <unknown>\n#9 0x55fff5f9b1de <unknown>\n#10 0x55fff6264531 <unknown>\n#11 0x55fff6268455 <unknown>\n#12 0x55fff6250f55 <unknown>\n#13 0x55fff62690ef <unknown>\n#14 0x55fff623499f <unknown>\n#15 0x55fff628d008 <unknown>\n#16 0x55fff628d1d7 <unknown>\n#17 0x55fff629f124 <unknown>\n#18 0x7ff2eb3e2044 <unknown>","time":{"start":1703033645702,"stop":1703033645715,"duration":13}},{"uid":"6b85a5f7283a33c","reportUrl":"https://zaelcovsky.github.io/StroyremAutomation/175//#testresult/6b85a5f7283a33c","status":"broken","statusDetails":"selenium.common.exceptions.NoSuchElementException: Message: no such element: Unable to locate element: {\"method\":\"xpath\",\"selector\":\"//div[@class='page-block articles-block']\"}\n  (Session info: chrome-headless-shell=120.0.6099.109); For documentation on this error, please visit: https://www.selenium.dev/documentation/webdriver/troubleshooting/errors#no-such-element-exception\nStacktrace:\n#0 0x56297108cf83 <unknown>\n#1 0x562970d45cf7 <unknown>\n#2 0x562970d9599e <unknown>\n#3 0x562970d95aa1 <unknown>\n#4 0x562970de0d64 <unknown>\n#5 0x562970dbf0dd <unknown>\n#6 0x562970dde006 <unknown>\n#7 0x562970dbee53 <unknown>\n#8 0x562970d86dd4 <unknown>\n#9 0x562970d881de <unknown>\n#10 0x562971051531 <unknown>\n#11 0x562971055455 <unknown>\n#12 0x56297103df55 <unknown>\n#13 0x5629710560ef <unknown>\n#14 0x56297102199f <unknown>\n#15 0x56297107a008 <unknown>\n#16 0x56297107a1d7 <unknown>\n#17 0x56297108c124 <unknown>\n#18 0x7f6aa4c95044 <unknown>","time":{"start":1702947908274,"stop":1702947908287,"duration":13}},{"uid":"bc285204d0b1293a","reportUrl":"https://zaelcovsky.github.io/StroyremAutomation/174//#testresult/bc285204d0b1293a","status":"broken","statusDetails":"selenium.common.exceptions.NoSuchElementException: Message: no such element: Unable to locate element: {\"method\":\"xpath\",\"selector\":\"//div[@class='page-block articles-block']\"}\n  (Session info: chrome-headless-shell=120.0.6099.71); For documentation on this error, please visit: https://www.selenium.dev/documentation/webdriver/troubleshooting/errors#no-such-element-exception\nStacktrace:\n#0 0x556ca0528d33 <unknown>\n#1 0x556ca01e5f87 <unknown>\n#2 0x556ca0235c0e <unknown>\n#3 0x556ca0235d11 <unknown>\n#4 0x556ca0281004 <unknown>\n#5 0x556ca025f36d <unknown>\n#6 0x556ca027e297 <unknown>\n#7 0x556ca025f0e3 <unknown>\n#8 0x556ca0227044 <unknown>\n#9 0x556ca022844e <unknown>\n#10 0x556ca04ed861 <unknown>\n#11 0x556ca04f1785 <unknown>\n#12 0x556ca04db285 <unknown>\n#13 0x556ca04f241f <unknown>\n#14 0x556ca04bf20f <unknown>\n#15 0x556ca0516028 <unknown>\n#16 0x556ca05161f7 <unknown>\n#17 0x556ca0527ed4 <unknown>\n#18 0x7f4a15d30044 <unknown>","time":{"start":1702861584833,"stop":1702861584846,"duration":13}},{"uid":"da1119d21c1bf6a3","reportUrl":"https://zaelcovsky.github.io/StroyremAutomation/173//#testresult/da1119d21c1bf6a3","status":"broken","statusDetails":"selenium.common.exceptions.NoSuchElementException: Message: no such element: Unable to locate element: {\"method\":\"xpath\",\"selector\":\"//div[@class='page-block articles-block']\"}\n  (Session info: chrome-headless-shell=120.0.6099.71); For documentation on this error, please visit: https://www.selenium.dev/documentation/webdriver/troubleshooting/errors#no-such-element-exception\nStacktrace:\n#0 0x561769a47d33 <unknown>\n#1 0x561769704f87 <unknown>\n#2 0x561769754c0e <unknown>\n#3 0x561769754d11 <unknown>\n#4 0x5617697a0004 <unknown>\n#5 0x56176977e36d <unknown>\n#6 0x56176979d297 <unknown>\n#7 0x56176977e0e3 <unknown>\n#8 0x561769746044 <unknown>\n#9 0x56176974744e <unknown>\n#10 0x561769a0c861 <unknown>\n#11 0x561769a10785 <unknown>\n#12 0x5617699fa285 <unknown>\n#13 0x561769a1141f <unknown>\n#14 0x5617699de20f <unknown>\n#15 0x561769a35028 <unknown>\n#16 0x561769a351f7 <unknown>\n#17 0x561769a46ed4 <unknown>\n#18 0x7fda77b2e044 <unknown>","time":{"start":1702775390846,"stop":1702775390859,"duration":13}},{"uid":"64a802a8ad8c1b4c","reportUrl":"https://zaelcovsky.github.io/StroyremAutomation/172//#testresult/64a802a8ad8c1b4c","status":"broken","statusDetails":"selenium.common.exceptions.NoSuchElementException: Message: no such element: Unable to locate element: {\"method\":\"xpath\",\"selector\":\"//div[@class='page-block articles-block']\"}\n  (Session info: chrome-headless-shell=120.0.6099.71); For documentation on this error, please visit: https://www.selenium.dev/documentation/webdriver/troubleshooting/errors#no-such-element-exception\nStacktrace:\n#0 0x55af0a97bd33 <unknown>\n#1 0x55af0a638f87 <unknown>\n#2 0x55af0a688c0e <unknown>\n#3 0x55af0a688d11 <unknown>\n#4 0x55af0a6d4004 <unknown>\n#5 0x55af0a6b236d <unknown>\n#6 0x55af0a6d1297 <unknown>\n#7 0x55af0a6b20e3 <unknown>\n#8 0x55af0a67a044 <unknown>\n#9 0x55af0a67b44e <unknown>\n#10 0x55af0a940861 <unknown>\n#11 0x55af0a944785 <unknown>\n#12 0x55af0a92e285 <unknown>\n#13 0x55af0a94541f <unknown>\n#14 0x55af0a91220f <unknown>\n#15 0x55af0a969028 <unknown>\n#16 0x55af0a9691f7 <unknown>\n#17 0x55af0a97aed4 <unknown>\n#18 0x7f285418f044 <unknown>","time":{"start":1702688684751,"stop":1702688684765,"duration":14}},{"uid":"ad40b11a3813ce82","reportUrl":"https://zaelcovsky.github.io/StroyremAutomation/171//#testresult/ad40b11a3813ce82","status":"broken","statusDetails":"selenium.common.exceptions.NoSuchElementException: Message: no such element: Unable to locate element: {\"method\":\"xpath\",\"selector\":\"//div[@class='page-block articles-block']\"}\n  (Session info: chrome-headless-shell=120.0.6099.71); For documentation on this error, please visit: https://www.selenium.dev/documentation/webdriver/troubleshooting/errors#no-such-element-exception\nStacktrace:\n#0 0x559488386d33 <unknown>\n#1 0x559488043f87 <unknown>\n#2 0x559488093c0e <unknown>\n#3 0x559488093d11 <unknown>\n#4 0x5594880df004 <unknown>\n#5 0x5594880bd36d <unknown>\n#6 0x5594880dc297 <unknown>\n#7 0x5594880bd0e3 <unknown>\n#8 0x559488085044 <unknown>\n#9 0x55948808644e <unknown>\n#10 0x55948834b861 <unknown>\n#11 0x55948834f785 <unknown>\n#12 0x559488339285 <unknown>\n#13 0x55948835041f <unknown>\n#14 0x55948831d20f <unknown>\n#15 0x559488374028 <unknown>\n#16 0x5594883741f7 <unknown>\n#17 0x559488385ed4 <unknown>\n#18 0x7f6271105044 <unknown>","time":{"start":1702602399136,"stop":1702602399149,"duration":13}},{"uid":"dc8990ba6543bae5","reportUrl":"https://zaelcovsky.github.io/StroyremAutomation/170//#testresult/dc8990ba6543bae5","status":"broken","statusDetails":"selenium.common.exceptions.NoSuchElementException: Message: no such element: Unable to locate element: {\"method\":\"xpath\",\"selector\":\"//div[@class='page-block articles-block']\"}\n  (Session info: chrome-headless-shell=120.0.6099.71); For documentation on this error, please visit: https://www.selenium.dev/documentation/webdriver/troubleshooting/errors#no-such-element-exception\nStacktrace:\n#0 0x55737dd5cd33 <unknown>\n#1 0x55737da19f87 <unknown>\n#2 0x55737da69c0e <unknown>\n#3 0x55737da69d11 <unknown>\n#4 0x55737dab5004 <unknown>\n#5 0x55737da9336d <unknown>\n#6 0x55737dab2297 <unknown>\n#7 0x55737da930e3 <unknown>\n#8 0x55737da5b044 <unknown>\n#9 0x55737da5c44e <unknown>\n#10 0x55737dd21861 <unknown>\n#11 0x55737dd25785 <unknown>\n#12 0x55737dd0f285 <unknown>\n#13 0x55737dd2641f <unknown>\n#14 0x55737dcf320f <unknown>\n#15 0x55737dd4a028 <unknown>\n#16 0x55737dd4a1f7 <unknown>\n#17 0x55737dd5bed4 <unknown>\n#18 0x7f138a2ae044 <unknown>","time":{"start":1702515888113,"stop":1702515888126,"duration":13}},{"uid":"124e01dff70f8155","reportUrl":"https://zaelcovsky.github.io/StroyremAutomation/169//#testresult/124e01dff70f8155","status":"broken","statusDetails":"selenium.common.exceptions.NoSuchElementException: Message: no such element: Unable to locate element: {\"method\":\"xpath\",\"selector\":\"//div[@class='page-block articles-block']\"}\n  (Session info: chrome-headless-shell=120.0.6099.71); For documentation on this error, please visit: https://www.selenium.dev/documentation/webdriver/troubleshooting/errors#no-such-element-exception\nStacktrace:\n#0 0x5583c4d1dd33 <unknown>\n#1 0x5583c49daf87 <unknown>\n#2 0x5583c4a2ac0e <unknown>\n#3 0x5583c4a2ad11 <unknown>\n#4 0x5583c4a76004 <unknown>\n#5 0x5583c4a5436d <unknown>\n#6 0x5583c4a73297 <unknown>\n#7 0x5583c4a540e3 <unknown>\n#8 0x5583c4a1c044 <unknown>\n#9 0x5583c4a1d44e <unknown>\n#10 0x5583c4ce2861 <unknown>\n#11 0x5583c4ce6785 <unknown>\n#12 0x5583c4cd0285 <unknown>\n#13 0x5583c4ce741f <unknown>\n#14 0x5583c4cb420f <unknown>\n#15 0x5583c4d0b028 <unknown>\n#16 0x5583c4d0b1f7 <unknown>\n#17 0x5583c4d1ced4 <unknown>\n#18 0x7f68109ef044 <unknown>","time":{"start":1702429530643,"stop":1702429530656,"duration":13}},{"uid":"65e57408cf19534d","reportUrl":"https://zaelcovsky.github.io/StroyremAutomation/168//#testresult/65e57408cf19534d","status":"broken","statusDetails":"selenium.common.exceptions.NoSuchElementException: Message: no such element: Unable to locate element: {\"method\":\"xpath\",\"selector\":\"//div[@class='page-block articles-block']\"}\n  (Session info: chrome-headless-shell=120.0.6099.71); For documentation on this error, please visit: https://www.selenium.dev/documentation/webdriver/troubleshooting/errors#no-such-element-exception\nStacktrace:\n#0 0x55a2e0306d33 <unknown>\n#1 0x55a2dffc3f87 <unknown>\n#2 0x55a2e0013c0e <unknown>\n#3 0x55a2e0013d11 <unknown>\n#4 0x55a2e005f004 <unknown>\n#5 0x55a2e003d36d <unknown>\n#6 0x55a2e005c297 <unknown>\n#7 0x55a2e003d0e3 <unknown>\n#8 0x55a2e0005044 <unknown>\n#9 0x55a2e000644e <unknown>\n#10 0x55a2e02cb861 <unknown>\n#11 0x55a2e02cf785 <unknown>\n#12 0x55a2e02b9285 <unknown>\n#13 0x55a2e02d041f <unknown>\n#14 0x55a2e029d20f <unknown>\n#15 0x55a2e02f4028 <unknown>\n#16 0x55a2e02f41f7 <unknown>\n#17 0x55a2e0305ed4 <unknown>\n#18 0x7f64e0a92044 <unknown>","time":{"start":1702343180639,"stop":1702343180652,"duration":13}},{"uid":"c2b1bab808f12dce","reportUrl":"https://zaelcovsky.github.io/StroyremAutomation/167//#testresult/c2b1bab808f12dce","status":"broken","statusDetails":"selenium.common.exceptions.NoSuchElementException: Message: no such element: Unable to locate element: {\"method\":\"xpath\",\"selector\":\"//div[@class='page-block articles-block']\"}\n  (Session info: chrome-headless-shell=120.0.6099.71); For documentation on this error, please visit: https://www.selenium.dev/documentation/webdriver/troubleshooting/errors#no-such-element-exception\nStacktrace:\n#0 0x559d6e3f5d33 <unknown>\n#1 0x559d6e0b2f87 <unknown>\n#2 0x559d6e102c0e <unknown>\n#3 0x559d6e102d11 <unknown>\n#4 0x559d6e14e004 <unknown>\n#5 0x559d6e12c36d <unknown>\n#6 0x559d6e14b297 <unknown>\n#7 0x559d6e12c0e3 <unknown>\n#8 0x559d6e0f4044 <unknown>\n#9 0x559d6e0f544e <unknown>\n#10 0x559d6e3ba861 <unknown>\n#11 0x559d6e3be785 <unknown>\n#12 0x559d6e3a8285 <unknown>\n#13 0x559d6e3bf41f <unknown>\n#14 0x559d6e38c20f <unknown>\n#15 0x559d6e3e3028 <unknown>\n#16 0x559d6e3e31f7 <unknown>\n#17 0x559d6e3f4ed4 <unknown>\n#18 0x7ff4a154e044 <unknown>","time":{"start":1702256800483,"stop":1702256800495,"duration":12}},{"uid":"1fb4163b0c9d689d","reportUrl":"https://zaelcovsky.github.io/StroyremAutomation/166//#testresult/1fb4163b0c9d689d","status":"broken","statusDetails":"selenium.common.exceptions.NoSuchElementException: Message: no such element: Unable to locate element: {\"method\":\"xpath\",\"selector\":\"//div[@class='page-block articles-block']\"}\n  (Session info: chrome-headless-shell=120.0.6099.71); For documentation on this error, please visit: https://www.selenium.dev/documentation/webdriver/troubleshooting/errors#no-such-element-exception\nStacktrace:\n#0 0x560858eb1d33 <unknown>\n#1 0x560858b6ef87 <unknown>\n#2 0x560858bbec0e <unknown>\n#3 0x560858bbed11 <unknown>\n#4 0x560858c0a004 <unknown>\n#5 0x560858be836d <unknown>\n#6 0x560858c07297 <unknown>\n#7 0x560858be80e3 <unknown>\n#8 0x560858bb0044 <unknown>\n#9 0x560858bb144e <unknown>\n#10 0x560858e76861 <unknown>\n#11 0x560858e7a785 <unknown>\n#12 0x560858e64285 <unknown>\n#13 0x560858e7b41f <unknown>\n#14 0x560858e4820f <unknown>\n#15 0x560858e9f028 <unknown>\n#16 0x560858e9f1f7 <unknown>\n#17 0x560858eb0ed4 <unknown>\n#18 0x7f339d5e3044 <unknown>","time":{"start":1702170579296,"stop":1702170579309,"duration":13}},{"uid":"6b967bb7203e957","reportUrl":"https://zaelcovsky.github.io/StroyremAutomation/165//#testresult/6b967bb7203e957","status":"broken","statusDetails":"selenium.common.exceptions.NoSuchElementException: Message: no such element: Unable to locate element: {\"method\":\"xpath\",\"selector\":\"//div[@class='page-block articles-block']\"}\n  (Session info: chrome-headless-shell=120.0.6099.71); For documentation on this error, please visit: https://www.selenium.dev/documentation/webdriver/troubleshooting/errors#no-such-element-exception\nStacktrace:\n#0 0x556b1020ed33 <unknown>\n#1 0x556b0fecbf87 <unknown>\n#2 0x556b0ff1bc0e <unknown>\n#3 0x556b0ff1bd11 <unknown>\n#4 0x556b0ff67004 <unknown>\n#5 0x556b0ff4536d <unknown>\n#6 0x556b0ff64297 <unknown>\n#7 0x556b0ff450e3 <unknown>\n#8 0x556b0ff0d044 <unknown>\n#9 0x556b0ff0e44e <unknown>\n#10 0x556b101d3861 <unknown>\n#11 0x556b101d7785 <unknown>\n#12 0x556b101c1285 <unknown>\n#13 0x556b101d841f <unknown>\n#14 0x556b101a520f <unknown>\n#15 0x556b101fc028 <unknown>\n#16 0x556b101fc1f7 <unknown>\n#17 0x556b1020ded4 <unknown>\n#18 0x7fe4ef0c0044 <unknown>","time":{"start":1702083842527,"stop":1702083842540,"duration":13}},{"uid":"69cec30320062f2c","reportUrl":"https://zaelcovsky.github.io/StroyremAutomation/164//#testresult/69cec30320062f2c","status":"broken","statusDetails":"selenium.common.exceptions.NoSuchElementException: Message: no such element: Unable to locate element: {\"method\":\"xpath\",\"selector\":\"//div[@class='page-block articles-block']\"}\n  (Session info: chrome-headless-shell=120.0.6099.71); For documentation on this error, please visit: https://www.selenium.dev/documentation/webdriver/troubleshooting/errors#no-such-element-exception\nStacktrace:\n#0 0x55bcc34bed33 <unknown>\n#1 0x55bcc317bf87 <unknown>\n#2 0x55bcc31cbc0e <unknown>\n#3 0x55bcc31cbd11 <unknown>\n#4 0x55bcc3217004 <unknown>\n#5 0x55bcc31f536d <unknown>\n#6 0x55bcc3214297 <unknown>\n#7 0x55bcc31f50e3 <unknown>\n#8 0x55bcc31bd044 <unknown>\n#9 0x55bcc31be44e <unknown>\n#10 0x55bcc3483861 <unknown>\n#11 0x55bcc3487785 <unknown>\n#12 0x55bcc3471285 <unknown>\n#13 0x55bcc348841f <unknown>\n#14 0x55bcc345520f <unknown>\n#15 0x55bcc34ac028 <unknown>\n#16 0x55bcc34ac1f7 <unknown>\n#17 0x55bcc34bded4 <unknown>\n#18 0x7fb250b47044 <unknown>","time":{"start":1701997579312,"stop":1701997579325,"duration":13}},{"uid":"ef2de043c2fdcdee","reportUrl":"https://zaelcovsky.github.io/StroyremAutomation/163//#testresult/ef2de043c2fdcdee","status":"broken","statusDetails":"selenium.common.exceptions.NoSuchElementException: Message: no such element: Unable to locate element: {\"method\":\"xpath\",\"selector\":\"//div[@class='page-block articles-block']\"}\n  (Session info: chrome-headless-shell=120.0.6099.71); For documentation on this error, please visit: https://www.selenium.dev/documentation/webdriver/troubleshooting/errors#no-such-element-exception\nStacktrace:\n#0 0x55911c066d33 <unknown>\n#1 0x55911bd23f87 <unknown>\n#2 0x55911bd73c0e <unknown>\n#3 0x55911bd73d11 <unknown>\n#4 0x55911bdbf004 <unknown>\n#5 0x55911bd9d36d <unknown>\n#6 0x55911bdbc297 <unknown>\n#7 0x55911bd9d0e3 <unknown>\n#8 0x55911bd65044 <unknown>\n#9 0x55911bd6644e <unknown>\n#10 0x55911c02b861 <unknown>\n#11 0x55911c02f785 <unknown>\n#12 0x55911c019285 <unknown>\n#13 0x55911c03041f <unknown>\n#14 0x55911bffd20f <unknown>\n#15 0x55911c054028 <unknown>\n#16 0x55911c0541f7 <unknown>\n#17 0x55911c065ed4 <unknown>\n#18 0x7f33cdd47044 <unknown>","time":{"start":1701911140967,"stop":1701911140981,"duration":14}}]},"tags":["smoke_test"]},"source":"f8b0dbeda1c32a2c.json","parameterValues":["'https://test2.stroyrem-nn.ru/'"]}