{"uid":"f9e28d870711ca81","name":"TD 015 Доставка товара весом до 30кг. в синей зоне","fullName":"tests.delivery.test_delivery_calculation.TestDeliveryPageCalculation#test_positive_delivery_blue_zone_smoke","historyId":"ae12a59ab9fb9a38e23182dccc7cf409","time":{"start":1703639429805,"stop":1703639430255,"duration":450},"status":"broken","statusMessage":"selenium.common.exceptions.NoSuchElementException: Message: no such element: Unable to locate element: {\"method\":\"xpath\",\"selector\":\"(//a[@class='add-to-cart yellow-btn'])[1]\"}\n  (Session info: chrome-headless-shell=120.0.6099.109); For documentation on this error, please visit: https://www.selenium.dev/documentation/webdriver/troubleshooting/errors#no-such-element-exception\nStacktrace:\n#0 0x5643dc289f83 <unknown>\n#1 0x5643dbf42cf7 <unknown>\n#2 0x5643dbf9299e <unknown>\n#3 0x5643dbf92aa1 <unknown>\n#4 0x5643dbfddd64 <unknown>\n#5 0x5643dbfbc0dd <unknown>\n#6 0x5643dbfdb006 <unknown>\n#7 0x5643dbfbbe53 <unknown>\n#8 0x5643dbf83dd4 <unknown>\n#9 0x5643dbf851de <unknown>\n#10 0x5643dc24e531 <unknown>\n#11 0x5643dc252455 <unknown>\n#12 0x5643dc23af55 <unknown>\n#13 0x5643dc2530ef <unknown>\n#14 0x5643dc21e99f <unknown>\n#15 0x5643dc277008 <unknown>\n#16 0x5643dc2771d7 <unknown>\n#17 0x5643dc289124 <unknown>\n#18 0x7f62cda23044 <unknown>","statusTrace":"self = <tests.delivery.test_delivery_calculation.TestDeliveryPageCalculation object at 0x7f7f5e21c4d0>\ndriver = <selenium.webdriver.chrome.webdriver.WebDriver (session=\"cce55b189a49afa51ebebfaf45015683\")>\nurl = 'https://sandboxtest.stroyrem-nn.ru/', case_id = 'TD 015'\nlink_item = 'products/shtukaturka-tsementnaya-bergauf-bau-putts-tsement-25kg-56sht'\namount = 1, weight = 30, standard = 650, in_time = 2390, all_time = 3320\n\n    @pytest.mark.parametrize('case_id, link_item, amount, weight, standard, in_time, all_time', [\n        (\"TD 015\", bundeks_25, 1, 30, 650, 2390, 3320),\n        pytest.param(\n            \"TD 016\", aksolit_30, 8, 300, 650, 2390, 3320,\n            marks=pytest.mark.xfail(reson=\"Цена доставки: - - -\")\n        ),\n        (\"TD 017\", aksolit_30, 13, 400, 650, 2390, 3320),\n        (\"TD 018\", aksolit_30, 16, 500, 850, 2490, 3320),\n        (\"TD 019\", aksolit_30, 25, 1700, 1150, 2490, 3320),\n        (\"TD 020\", aksolit_30, 66, 2000, 1500, 2990, 3650),\n        (\"TD 021\", aksolit_30, 149, 4500, 2600, 4380, 4890),\n        (\"TD 022\", aksolit_30, 166, 5000, 2800, 5490, 5980),\n        pytest.param(\n            \"TD 023\", aksolit_30, 206, 6200, 3300, 7500, 8000,\n            marks=pytest.mark.xfail(reson=\"Цена доставки: 4300 9900 11440\")\n        ),\n        (\"TD 024\", aksolit_30, 299, 9000, 4300, 9900, 11440),\n        (\"TD 025\", aksolit_30, 333, 10000, 7000, 13900, 15900),\n        pytest.param(\n            \"TD 026\", aksolit_30, 366, 11000, 8000, 14900, 19900,\n            marks=pytest.mark.xfail(reson=\"Цена доставки: 7000 13900 15900\")\n        ),\n        pytest.param(\n            \"TD 027\", aksolit_30, 666, 20000, 14000, 16900, 23900,\n            marks=pytest.mark.xfail(reson=\"Цена доставки: 7000 13900 15900\")\n        )\n    ])\n    @pytest.mark.smoke\n    def test_positive_delivery_blue_zone_smoke(\n            self, driver, url, case_id, link_item, amount, weight, standard, in_time, all_time\n    ):\n        allure.dynamic.title(f\"{case_id} Доставка товара весом до {weight}кг. в синей зоне\")\n    \n        driver.get(f'{url}{link_item}')\n        item_page = ItemPage(driver)\n>       item_page.add_item_to_cart(amount).click_on_cart()\n\ntests/delivery/test_delivery_calculation.py:130: \n_ _ _ _ _ _ _ _ _ _ _ _ _ _ _ _ _ _ _ _ _ _ _ _ _ _ _ _ _ _ _ _ _ _ _ _ _ _ _ _ \npages/item_page.py:40: in add_item_to_cart\n    self.find_element(self._add_item).click()\nbase/seleniumbase.py:17: in find_element\n    return self.driver.find_element(*locator)\n/usr/local/lib/python3.11/site-packages/selenium/webdriver/remote/webdriver.py:740: in find_element\n    return self.execute(Command.FIND_ELEMENT, {\"using\": by, \"value\": value})[\"value\"]\n/usr/local/lib/python3.11/site-packages/selenium/webdriver/remote/webdriver.py:346: in execute\n    self.error_handler.check_response(response)\n_ _ _ _ _ _ _ _ _ _ _ _ _ _ _ _ _ _ _ _ _ _ _ _ _ _ _ _ _ _ _ _ _ _ _ _ _ _ _ _ \n\nself = <selenium.webdriver.remote.errorhandler.ErrorHandler object at 0x7f7f5db256d0>\nresponse = {'status': 404, 'value': '{\"value\":{\"error\":\"no such element\",\"message\":\"no such element: Unable to locate element: {\\...\\\\n#16 0x5643dc2771d7 \\\\u003Cunknown>\\\\n#17 0x5643dc289124 \\\\u003Cunknown>\\\\n#18 0x7f62cda23044 \\\\u003Cunknown>\\\\n\"}}'}\n\n    def check_response(self, response: Dict[str, Any]) -> None:\n        \"\"\"Checks that a JSON response from the WebDriver does not have an\n        error.\n    \n        :Args:\n         - response - The JSON response from the WebDriver server as a dictionary\n           object.\n    \n        :Raises: If the response contains an error message.\n        \"\"\"\n        status = response.get(\"status\", None)\n        if not status or status == ErrorCode.SUCCESS:\n            return\n        value = None\n        message = response.get(\"message\", \"\")\n        screen: str = response.get(\"screen\", \"\")\n        stacktrace = None\n        if isinstance(status, int):\n            value_json = response.get(\"value\", None)\n            if value_json and isinstance(value_json, str):\n                import json\n    \n                try:\n                    value = json.loads(value_json)\n                    if len(value) == 1:\n                        value = value[\"value\"]\n                    status = value.get(\"error\", None)\n                    if not status:\n                        status = value.get(\"status\", ErrorCode.UNKNOWN_ERROR)\n                        message = value.get(\"value\") or value.get(\"message\")\n                        if not isinstance(message, str):\n                            value = message\n                            message = message.get(\"message\")\n                    else:\n                        message = value.get(\"message\", None)\n                except ValueError:\n                    pass\n    \n        exception_class: Type[WebDriverException]\n        if status in ErrorCode.NO_SUCH_ELEMENT:\n            exception_class = NoSuchElementException\n        elif status in ErrorCode.NO_SUCH_FRAME:\n            exception_class = NoSuchFrameException\n        elif status in ErrorCode.NO_SUCH_SHADOW_ROOT:\n            exception_class = NoSuchShadowRootException\n        elif status in ErrorCode.NO_SUCH_WINDOW:\n            exception_class = NoSuchWindowException\n        elif status in ErrorCode.STALE_ELEMENT_REFERENCE:\n            exception_class = StaleElementReferenceException\n        elif status in ErrorCode.ELEMENT_NOT_VISIBLE:\n            exception_class = ElementNotVisibleException\n        elif status in ErrorCode.INVALID_ELEMENT_STATE:\n            exception_class = InvalidElementStateException\n        elif (\n            status in ErrorCode.INVALID_SELECTOR\n            or status in ErrorCode.INVALID_XPATH_SELECTOR\n            or status in ErrorCode.INVALID_XPATH_SELECTOR_RETURN_TYPER\n        ):\n            exception_class = InvalidSelectorException\n        elif status in ErrorCode.ELEMENT_IS_NOT_SELECTABLE:\n            exception_class = ElementNotSelectableException\n        elif status in ErrorCode.ELEMENT_NOT_INTERACTABLE:\n            exception_class = ElementNotInteractableException\n        elif status in ErrorCode.INVALID_COOKIE_DOMAIN:\n            exception_class = InvalidCookieDomainException\n        elif status in ErrorCode.UNABLE_TO_SET_COOKIE:\n            exception_class = UnableToSetCookieException\n        elif status in ErrorCode.TIMEOUT:\n            exception_class = TimeoutException\n        elif status in ErrorCode.SCRIPT_TIMEOUT:\n            exception_class = TimeoutException\n        elif status in ErrorCode.UNKNOWN_ERROR:\n            exception_class = WebDriverException\n        elif status in ErrorCode.UNEXPECTED_ALERT_OPEN:\n            exception_class = UnexpectedAlertPresentException\n        elif status in ErrorCode.NO_ALERT_OPEN:\n            exception_class = NoAlertPresentException\n        elif status in ErrorCode.IME_NOT_AVAILABLE:\n            exception_class = ImeNotAvailableException\n        elif status in ErrorCode.IME_ENGINE_ACTIVATION_FAILED:\n            exception_class = ImeActivationFailedException\n        elif status in ErrorCode.MOVE_TARGET_OUT_OF_BOUNDS:\n            exception_class = MoveTargetOutOfBoundsException\n        elif status in ErrorCode.JAVASCRIPT_ERROR:\n            exception_class = JavascriptException\n        elif status in ErrorCode.SESSION_NOT_CREATED:\n            exception_class = SessionNotCreatedException\n        elif status in ErrorCode.INVALID_ARGUMENT:\n            exception_class = InvalidArgumentException\n        elif status in ErrorCode.NO_SUCH_COOKIE:\n            exception_class = NoSuchCookieException\n        elif status in ErrorCode.UNABLE_TO_CAPTURE_SCREEN:\n            exception_class = ScreenshotException\n        elif status in ErrorCode.ELEMENT_CLICK_INTERCEPTED:\n            exception_class = ElementClickInterceptedException\n        elif status in ErrorCode.INSECURE_CERTIFICATE:\n            exception_class = InsecureCertificateException\n        elif status in ErrorCode.INVALID_COORDINATES:\n            exception_class = InvalidCoordinatesException\n        elif status in ErrorCode.INVALID_SESSION_ID:\n            exception_class = InvalidSessionIdException\n        elif status in ErrorCode.UNKNOWN_METHOD:\n            exception_class = UnknownMethodException\n        else:\n            exception_class = WebDriverException\n        if not value:\n            value = response[\"value\"]\n        if isinstance(value, str):\n            raise exception_class(value)\n        if message == \"\" and \"message\" in value:\n            message = value[\"message\"]\n    \n        screen = None  # type: ignore[assignment]\n        if \"screen\" in value:\n            screen = value[\"screen\"]\n    \n        stacktrace = None\n        st_value = value.get(\"stackTrace\") or value.get(\"stacktrace\")\n        if st_value:\n            if isinstance(st_value, str):\n                stacktrace = st_value.split(\"\\n\")\n            else:\n                stacktrace = []\n                try:\n                    for frame in st_value:\n                        line = frame.get(\"lineNumber\", \"\")\n                        file = frame.get(\"fileName\", \"<anonymous>\")\n                        if line:\n                            file = f\"{file}:{line}\"\n                        meth = frame.get(\"methodName\", \"<anonymous>\")\n                        if \"className\" in frame:\n                            meth = f\"{frame['className']}.{meth}\"\n                        msg = \"    at %s (%s)\"\n                        msg = msg % (meth, file)\n                        stacktrace.append(msg)\n                except TypeError:\n                    pass\n        if exception_class == UnexpectedAlertPresentException:\n            alert_text = None\n            if \"data\" in value:\n                alert_text = value[\"data\"].get(\"text\")\n            elif \"alert\" in value:\n                alert_text = value[\"alert\"].get(\"text\")\n            raise exception_class(message, screen, stacktrace, alert_text)  # type: ignore[call-arg]  # mypy is not smart enough here\n>       raise exception_class(message, screen, stacktrace)\nE       selenium.common.exceptions.NoSuchElementException: Message: no such element: Unable to locate element: {\"method\":\"xpath\",\"selector\":\"(//a[@class='add-to-cart yellow-btn'])[1]\"}\nE         (Session info: chrome-headless-shell=120.0.6099.109); For documentation on this error, please visit: https://www.selenium.dev/documentation/webdriver/troubleshooting/errors#no-such-element-exception\nE       Stacktrace:\nE       #0 0x5643dc289f83 <unknown>\nE       #1 0x5643dbf42cf7 <unknown>\nE       #2 0x5643dbf9299e <unknown>\nE       #3 0x5643dbf92aa1 <unknown>\nE       #4 0x5643dbfddd64 <unknown>\nE       #5 0x5643dbfbc0dd <unknown>\nE       #6 0x5643dbfdb006 <unknown>\nE       #7 0x5643dbfbbe53 <unknown>\nE       #8 0x5643dbf83dd4 <unknown>\nE       #9 0x5643dbf851de <unknown>\nE       #10 0x5643dc24e531 <unknown>\nE       #11 0x5643dc252455 <unknown>\nE       #12 0x5643dc23af55 <unknown>\nE       #13 0x5643dc2530ef <unknown>\nE       #14 0x5643dc21e99f <unknown>\nE       #15 0x5643dc277008 <unknown>\nE       #16 0x5643dc2771d7 <unknown>\nE       #17 0x5643dc289124 <unknown>\nE       #18 0x7f62cda23044 <unknown>\n\n/usr/local/lib/python3.11/site-packages/selenium/webdriver/remote/errorhandler.py:245: NoSuchElementException","flaky":false,"newFailed":false,"newBroken":false,"newPassed":false,"retriesCount":0,"retriesStatusChange":false,"beforeStages":[{"name":"_session_faker","time":{"start":1703638924851,"stop":1703638924917,"duration":66},"status":"passed","steps":[],"attachments":[],"parameters":[],"shouldDisplayMessage":false,"stepsCount":0,"attachmentsCount":0,"hasContent":false,"attachmentStep":false},{"name":"clear_allure_results_folder","time":{"start":1703638924917,"stop":1703638924918,"duration":1},"status":"passed","steps":[],"attachments":[],"parameters":[],"shouldDisplayMessage":false,"stepsCount":0,"attachmentsCount":0,"hasContent":false,"attachmentStep":false},{"name":"driver","time":{"start":1703639429053,"stop":1703639429804,"duration":751},"status":"passed","steps":[],"attachments":[],"parameters":[],"shouldDisplayMessage":false,"stepsCount":0,"attachmentsCount":0,"hasContent":false,"attachmentStep":false},{"name":"setup","time":{"start":1703639429804,"stop":1703639429804,"duration":0},"status":"passed","steps":[],"attachments":[],"parameters":[],"shouldDisplayMessage":false,"stepsCount":0,"attachmentsCount":0,"hasContent":false,"attachmentStep":false}],"testStage":{"status":"broken","statusMessage":"selenium.common.exceptions.NoSuchElementException: Message: no such element: Unable to locate element: {\"method\":\"xpath\",\"selector\":\"(//a[@class='add-to-cart yellow-btn'])[1]\"}\n  (Session info: chrome-headless-shell=120.0.6099.109); For documentation on this error, please visit: https://www.selenium.dev/documentation/webdriver/troubleshooting/errors#no-such-element-exception\nStacktrace:\n#0 0x5643dc289f83 <unknown>\n#1 0x5643dbf42cf7 <unknown>\n#2 0x5643dbf9299e <unknown>\n#3 0x5643dbf92aa1 <unknown>\n#4 0x5643dbfddd64 <unknown>\n#5 0x5643dbfbc0dd <unknown>\n#6 0x5643dbfdb006 <unknown>\n#7 0x5643dbfbbe53 <unknown>\n#8 0x5643dbf83dd4 <unknown>\n#9 0x5643dbf851de <unknown>\n#10 0x5643dc24e531 <unknown>\n#11 0x5643dc252455 <unknown>\n#12 0x5643dc23af55 <unknown>\n#13 0x5643dc2530ef <unknown>\n#14 0x5643dc21e99f <unknown>\n#15 0x5643dc277008 <unknown>\n#16 0x5643dc2771d7 <unknown>\n#17 0x5643dc289124 <unknown>\n#18 0x7f62cda23044 <unknown>","statusTrace":"self = <tests.delivery.test_delivery_calculation.TestDeliveryPageCalculation object at 0x7f7f5e21c4d0>\ndriver = <selenium.webdriver.chrome.webdriver.WebDriver (session=\"cce55b189a49afa51ebebfaf45015683\")>\nurl = 'https://sandboxtest.stroyrem-nn.ru/', case_id = 'TD 015'\nlink_item = 'products/shtukaturka-tsementnaya-bergauf-bau-putts-tsement-25kg-56sht'\namount = 1, weight = 30, standard = 650, in_time = 2390, all_time = 3320\n\n    @pytest.mark.parametrize('case_id, link_item, amount, weight, standard, in_time, all_time', [\n        (\"TD 015\", bundeks_25, 1, 30, 650, 2390, 3320),\n        pytest.param(\n            \"TD 016\", aksolit_30, 8, 300, 650, 2390, 3320,\n            marks=pytest.mark.xfail(reson=\"Цена доставки: - - -\")\n        ),\n        (\"TD 017\", aksolit_30, 13, 400, 650, 2390, 3320),\n        (\"TD 018\", aksolit_30, 16, 500, 850, 2490, 3320),\n        (\"TD 019\", aksolit_30, 25, 1700, 1150, 2490, 3320),\n        (\"TD 020\", aksolit_30, 66, 2000, 1500, 2990, 3650),\n        (\"TD 021\", aksolit_30, 149, 4500, 2600, 4380, 4890),\n        (\"TD 022\", aksolit_30, 166, 5000, 2800, 5490, 5980),\n        pytest.param(\n            \"TD 023\", aksolit_30, 206, 6200, 3300, 7500, 8000,\n            marks=pytest.mark.xfail(reson=\"Цена доставки: 4300 9900 11440\")\n        ),\n        (\"TD 024\", aksolit_30, 299, 9000, 4300, 9900, 11440),\n        (\"TD 025\", aksolit_30, 333, 10000, 7000, 13900, 15900),\n        pytest.param(\n            \"TD 026\", aksolit_30, 366, 11000, 8000, 14900, 19900,\n            marks=pytest.mark.xfail(reson=\"Цена доставки: 7000 13900 15900\")\n        ),\n        pytest.param(\n            \"TD 027\", aksolit_30, 666, 20000, 14000, 16900, 23900,\n            marks=pytest.mark.xfail(reson=\"Цена доставки: 7000 13900 15900\")\n        )\n    ])\n    @pytest.mark.smoke\n    def test_positive_delivery_blue_zone_smoke(\n            self, driver, url, case_id, link_item, amount, weight, standard, in_time, all_time\n    ):\n        allure.dynamic.title(f\"{case_id} Доставка товара весом до {weight}кг. в синей зоне\")\n    \n        driver.get(f'{url}{link_item}')\n        item_page = ItemPage(driver)\n>       item_page.add_item_to_cart(amount).click_on_cart()\n\ntests/delivery/test_delivery_calculation.py:130: \n_ _ _ _ _ _ _ _ _ _ _ _ _ _ _ _ _ _ _ _ _ _ _ _ _ _ _ _ _ _ _ _ _ _ _ _ _ _ _ _ \npages/item_page.py:40: in add_item_to_cart\n    self.find_element(self._add_item).click()\nbase/seleniumbase.py:17: in find_element\n    return self.driver.find_element(*locator)\n/usr/local/lib/python3.11/site-packages/selenium/webdriver/remote/webdriver.py:740: in find_element\n    return self.execute(Command.FIND_ELEMENT, {\"using\": by, \"value\": value})[\"value\"]\n/usr/local/lib/python3.11/site-packages/selenium/webdriver/remote/webdriver.py:346: in execute\n    self.error_handler.check_response(response)\n_ _ _ _ _ _ _ _ _ _ _ _ _ _ _ _ _ _ _ _ _ _ _ _ _ _ _ _ _ _ _ _ _ _ _ _ _ _ _ _ \n\nself = <selenium.webdriver.remote.errorhandler.ErrorHandler object at 0x7f7f5db256d0>\nresponse = {'status': 404, 'value': '{\"value\":{\"error\":\"no such element\",\"message\":\"no such element: Unable to locate element: {\\...\\\\n#16 0x5643dc2771d7 \\\\u003Cunknown>\\\\n#17 0x5643dc289124 \\\\u003Cunknown>\\\\n#18 0x7f62cda23044 \\\\u003Cunknown>\\\\n\"}}'}\n\n    def check_response(self, response: Dict[str, Any]) -> None:\n        \"\"\"Checks that a JSON response from the WebDriver does not have an\n        error.\n    \n        :Args:\n         - response - The JSON response from the WebDriver server as a dictionary\n           object.\n    \n        :Raises: If the response contains an error message.\n        \"\"\"\n        status = response.get(\"status\", None)\n        if not status or status == ErrorCode.SUCCESS:\n            return\n        value = None\n        message = response.get(\"message\", \"\")\n        screen: str = response.get(\"screen\", \"\")\n        stacktrace = None\n        if isinstance(status, int):\n            value_json = response.get(\"value\", None)\n            if value_json and isinstance(value_json, str):\n                import json\n    \n                try:\n                    value = json.loads(value_json)\n                    if len(value) == 1:\n                        value = value[\"value\"]\n                    status = value.get(\"error\", None)\n                    if not status:\n                        status = value.get(\"status\", ErrorCode.UNKNOWN_ERROR)\n                        message = value.get(\"value\") or value.get(\"message\")\n                        if not isinstance(message, str):\n                            value = message\n                            message = message.get(\"message\")\n                    else:\n                        message = value.get(\"message\", None)\n                except ValueError:\n                    pass\n    \n        exception_class: Type[WebDriverException]\n        if status in ErrorCode.NO_SUCH_ELEMENT:\n            exception_class = NoSuchElementException\n        elif status in ErrorCode.NO_SUCH_FRAME:\n            exception_class = NoSuchFrameException\n        elif status in ErrorCode.NO_SUCH_SHADOW_ROOT:\n            exception_class = NoSuchShadowRootException\n        elif status in ErrorCode.NO_SUCH_WINDOW:\n            exception_class = NoSuchWindowException\n        elif status in ErrorCode.STALE_ELEMENT_REFERENCE:\n            exception_class = StaleElementReferenceException\n        elif status in ErrorCode.ELEMENT_NOT_VISIBLE:\n            exception_class = ElementNotVisibleException\n        elif status in ErrorCode.INVALID_ELEMENT_STATE:\n            exception_class = InvalidElementStateException\n        elif (\n            status in ErrorCode.INVALID_SELECTOR\n            or status in ErrorCode.INVALID_XPATH_SELECTOR\n            or status in ErrorCode.INVALID_XPATH_SELECTOR_RETURN_TYPER\n        ):\n            exception_class = InvalidSelectorException\n        elif status in ErrorCode.ELEMENT_IS_NOT_SELECTABLE:\n            exception_class = ElementNotSelectableException\n        elif status in ErrorCode.ELEMENT_NOT_INTERACTABLE:\n            exception_class = ElementNotInteractableException\n        elif status in ErrorCode.INVALID_COOKIE_DOMAIN:\n            exception_class = InvalidCookieDomainException\n        elif status in ErrorCode.UNABLE_TO_SET_COOKIE:\n            exception_class = UnableToSetCookieException\n        elif status in ErrorCode.TIMEOUT:\n            exception_class = TimeoutException\n        elif status in ErrorCode.SCRIPT_TIMEOUT:\n            exception_class = TimeoutException\n        elif status in ErrorCode.UNKNOWN_ERROR:\n            exception_class = WebDriverException\n        elif status in ErrorCode.UNEXPECTED_ALERT_OPEN:\n            exception_class = UnexpectedAlertPresentException\n        elif status in ErrorCode.NO_ALERT_OPEN:\n            exception_class = NoAlertPresentException\n        elif status in ErrorCode.IME_NOT_AVAILABLE:\n            exception_class = ImeNotAvailableException\n        elif status in ErrorCode.IME_ENGINE_ACTIVATION_FAILED:\n            exception_class = ImeActivationFailedException\n        elif status in ErrorCode.MOVE_TARGET_OUT_OF_BOUNDS:\n            exception_class = MoveTargetOutOfBoundsException\n        elif status in ErrorCode.JAVASCRIPT_ERROR:\n            exception_class = JavascriptException\n        elif status in ErrorCode.SESSION_NOT_CREATED:\n            exception_class = SessionNotCreatedException\n        elif status in ErrorCode.INVALID_ARGUMENT:\n            exception_class = InvalidArgumentException\n        elif status in ErrorCode.NO_SUCH_COOKIE:\n            exception_class = NoSuchCookieException\n        elif status in ErrorCode.UNABLE_TO_CAPTURE_SCREEN:\n            exception_class = ScreenshotException\n        elif status in ErrorCode.ELEMENT_CLICK_INTERCEPTED:\n            exception_class = ElementClickInterceptedException\n        elif status in ErrorCode.INSECURE_CERTIFICATE:\n            exception_class = InsecureCertificateException\n        elif status in ErrorCode.INVALID_COORDINATES:\n            exception_class = InvalidCoordinatesException\n        elif status in ErrorCode.INVALID_SESSION_ID:\n            exception_class = InvalidSessionIdException\n        elif status in ErrorCode.UNKNOWN_METHOD:\n            exception_class = UnknownMethodException\n        else:\n            exception_class = WebDriverException\n        if not value:\n            value = response[\"value\"]\n        if isinstance(value, str):\n            raise exception_class(value)\n        if message == \"\" and \"message\" in value:\n            message = value[\"message\"]\n    \n        screen = None  # type: ignore[assignment]\n        if \"screen\" in value:\n            screen = value[\"screen\"]\n    \n        stacktrace = None\n        st_value = value.get(\"stackTrace\") or value.get(\"stacktrace\")\n        if st_value:\n            if isinstance(st_value, str):\n                stacktrace = st_value.split(\"\\n\")\n            else:\n                stacktrace = []\n                try:\n                    for frame in st_value:\n                        line = frame.get(\"lineNumber\", \"\")\n                        file = frame.get(\"fileName\", \"<anonymous>\")\n                        if line:\n                            file = f\"{file}:{line}\"\n                        meth = frame.get(\"methodName\", \"<anonymous>\")\n                        if \"className\" in frame:\n                            meth = f\"{frame['className']}.{meth}\"\n                        msg = \"    at %s (%s)\"\n                        msg = msg % (meth, file)\n                        stacktrace.append(msg)\n                except TypeError:\n                    pass\n        if exception_class == UnexpectedAlertPresentException:\n            alert_text = None\n            if \"data\" in value:\n                alert_text = value[\"data\"].get(\"text\")\n            elif \"alert\" in value:\n                alert_text = value[\"alert\"].get(\"text\")\n            raise exception_class(message, screen, stacktrace, alert_text)  # type: ignore[call-arg]  # mypy is not smart enough here\n>       raise exception_class(message, screen, stacktrace)\nE       selenium.common.exceptions.NoSuchElementException: Message: no such element: Unable to locate element: {\"method\":\"xpath\",\"selector\":\"(//a[@class='add-to-cart yellow-btn'])[1]\"}\nE         (Session info: chrome-headless-shell=120.0.6099.109); For documentation on this error, please visit: https://www.selenium.dev/documentation/webdriver/troubleshooting/errors#no-such-element-exception\nE       Stacktrace:\nE       #0 0x5643dc289f83 <unknown>\nE       #1 0x5643dbf42cf7 <unknown>\nE       #2 0x5643dbf9299e <unknown>\nE       #3 0x5643dbf92aa1 <unknown>\nE       #4 0x5643dbfddd64 <unknown>\nE       #5 0x5643dbfbc0dd <unknown>\nE       #6 0x5643dbfdb006 <unknown>\nE       #7 0x5643dbfbbe53 <unknown>\nE       #8 0x5643dbf83dd4 <unknown>\nE       #9 0x5643dbf851de <unknown>\nE       #10 0x5643dc24e531 <unknown>\nE       #11 0x5643dc252455 <unknown>\nE       #12 0x5643dc23af55 <unknown>\nE       #13 0x5643dc2530ef <unknown>\nE       #14 0x5643dc21e99f <unknown>\nE       #15 0x5643dc277008 <unknown>\nE       #16 0x5643dc2771d7 <unknown>\nE       #17 0x5643dc289124 <unknown>\nE       #18 0x7f62cda23044 <unknown>\n\n/usr/local/lib/python3.11/site-packages/selenium/webdriver/remote/errorhandler.py:245: NoSuchElementException","steps":[{"name":"Добавляем товар в корзину в количестве 1","time":{"start":1703639430243,"stop":1703639430255,"duration":12},"status":"broken","statusMessage":"selenium.common.exceptions.NoSuchElementException: Message: no such element: Unable to locate element: {\"method\":\"xpath\",\"selector\":\"(//a[@class='add-to-cart yellow-btn'])[1]\"}\n  (Session info: chrome-headless-shell=120.0.6099.109); For documentation on this error, please visit: https://www.selenium.dev/documentation/webdriver/troubleshooting/errors#no-such-element-exception\nStacktrace:\n#0 0x5643dc289f83 <unknown>\n#1 0x5643dbf42cf7 <unknown>\n#2 0x5643dbf9299e <unknown>\n#3 0x5643dbf92aa1 <unknown>\n#4 0x5643dbfddd64 <unknown>\n#5 0x5643dbfbc0dd <unknown>\n#6 0x5643dbfdb006 <unknown>\n#7 0x5643dbfbbe53 <unknown>\n#8 0x5643dbf83dd4 <unknown>\n#9 0x5643dbf851de <unknown>\n#10 0x5643dc24e531 <unknown>\n#11 0x5643dc252455 <unknown>\n#12 0x5643dc23af55 <unknown>\n#13 0x5643dc2530ef <unknown>\n#14 0x5643dc21e99f <unknown>\n#15 0x5643dc277008 <unknown>\n#16 0x5643dc2771d7 <unknown>\n#17 0x5643dc289124 <unknown>\n#18 0x7f62cda23044 <unknown>\n\n","statusTrace":"  File \"/usr/local/lib/python3.11/site-packages/allure_commons/_allure.py\", line 192, in impl\n    return func(*a, **kw)\n           ^^^^^^^^^^^^^^\n  File \"/app/pages/item_page.py\", line 40, in add_item_to_cart\n    self.find_element(self._add_item).click()\n    ^^^^^^^^^^^^^^^^^^^^^^^^^^^^^^^^^\n  File \"/app/base/seleniumbase.py\", line 17, in find_element\n    return self.driver.find_element(*locator)\n           ^^^^^^^^^^^^^^^^^^^^^^^^^^^^^^^^^^\n  File \"/usr/local/lib/python3.11/site-packages/selenium/webdriver/remote/webdriver.py\", line 740, in find_element\n    return self.execute(Command.FIND_ELEMENT, {\"using\": by, \"value\": value})[\"value\"]\n           ^^^^^^^^^^^^^^^^^^^^^^^^^^^^^^^^^^^^^^^^^^^^^^^^^^^^^^^^^^^^^^^^^\n  File \"/usr/local/lib/python3.11/site-packages/selenium/webdriver/remote/webdriver.py\", line 346, in execute\n    self.error_handler.check_response(response)\n  File \"/usr/local/lib/python3.11/site-packages/selenium/webdriver/remote/errorhandler.py\", line 245, in check_response\n    raise exception_class(message, screen, stacktrace)\n","steps":[],"attachments":[],"parameters":[{"name":"amount","value":"1"}],"shouldDisplayMessage":true,"stepsCount":0,"attachmentsCount":0,"hasContent":true,"attachmentStep":false}],"attachments":[{"uid":"ef72e96d5d0c41e7","name":"Screenshot","source":"ef72e96d5d0c41e7.png","type":"image/png","size":5862},{"uid":"ae6ee8c7931959ce","name":"HTML source","source":"ae6ee8c7931959ce.html","type":"text/html","size":39}],"parameters":[],"shouldDisplayMessage":true,"stepsCount":1,"attachmentsCount":2,"hasContent":true,"attachmentStep":false},"afterStages":[{"name":"setup::0","time":{"start":1703639430361,"stop":1703639430361,"duration":0},"status":"passed","steps":[],"attachments":[],"parameters":[],"shouldDisplayMessage":false,"stepsCount":0,"attachmentsCount":0,"hasContent":false,"attachmentStep":false},{"name":"driver::0","time":{"start":1703639430361,"stop":1703639430418,"duration":57},"status":"passed","steps":[],"attachments":[],"parameters":[],"shouldDisplayMessage":false,"stepsCount":0,"attachmentsCount":0,"hasContent":false,"attachmentStep":false}],"labels":[{"name":"epic","value":"Delivery Page - calculation"},{"name":"tag","value":"smoke"},{"name":"parentSuite","value":"tests.delivery"},{"name":"suite","value":"test_delivery_calculation"},{"name":"subSuite","value":"TestDeliveryPageCalculation"},{"name":"host","value":"9836162a2424"},{"name":"thread","value":"1-MainThread"},{"name":"framework","value":"pytest"},{"name":"language","value":"cpython3"},{"name":"package","value":"tests.delivery.test_delivery_calculation"},{"name":"resultFormat","value":"allure2"}],"parameters":[{"name":"all_time","value":"3320"},{"name":"amount","value":"1"},{"name":"case_id","value":"'TD 015'"},{"name":"in_time","value":"2390"},{"name":"link_item","value":"'products/shtukaturka-tsementnaya-bergauf-bau-putts-tsement-25kg-56sht'"},{"name":"standard","value":"650"},{"name":"url","value":"'https://sandboxtest.stroyrem-nn.ru/'"},{"name":"weight","value":"30"}],"links":[],"hidden":false,"retry":false,"extra":{"severity":"normal","retries":[],"categories":[{"name":"Test defects","matchedStatuses":[],"flaky":false}],"history":{"statistic":{"failed":0,"broken":119,"skipped":0,"passed":0,"unknown":0,"total":119},"items":[{"uid":"c3f5cad9ddbf3e20","reportUrl":"https://zaelcovsky.github.io/StroyremAutomation/182//#testresult/c3f5cad9ddbf3e20","status":"broken","statusDetails":"selenium.common.exceptions.NoSuchElementException: Message: no such element: Unable to locate element: {\"method\":\"xpath\",\"selector\":\"(//a[@class='add-to-cart yellow-btn'])[1]\"}\n  (Session info: chrome-headless-shell=120.0.6099.109); For documentation on this error, please visit: https://www.selenium.dev/documentation/webdriver/troubleshooting/errors#no-such-element-exception\nStacktrace:\n#0 0x55c75011bf83 <unknown>\n#1 0x55c74fdd4cf7 <unknown>\n#2 0x55c74fe2499e <unknown>\n#3 0x55c74fe24aa1 <unknown>\n#4 0x55c74fe6fd64 <unknown>\n#5 0x55c74fe4e0dd <unknown>\n#6 0x55c74fe6d006 <unknown>\n#7 0x55c74fe4de53 <unknown>\n#8 0x55c74fe15dd4 <unknown>\n#9 0x55c74fe171de <unknown>\n#10 0x55c7500e0531 <unknown>\n#11 0x55c7500e4455 <unknown>\n#12 0x55c7500ccf55 <unknown>\n#13 0x55c7500e50ef <unknown>\n#14 0x55c7500b099f <unknown>\n#15 0x55c750109008 <unknown>\n#16 0x55c7501091d7 <unknown>\n#17 0x55c75011b124 <unknown>\n#18 0x7f80fff7f044 <unknown>","time":{"start":1703552919962,"stop":1703552920435,"duration":473}},{"uid":"65163fbed6d54157","reportUrl":"https://zaelcovsky.github.io/StroyremAutomation/181//#testresult/65163fbed6d54157","status":"broken","statusDetails":"selenium.common.exceptions.NoSuchElementException: Message: no such element: Unable to locate element: {\"method\":\"xpath\",\"selector\":\"(//a[@class='add-to-cart yellow-btn'])[1]\"}\n  (Session info: chrome-headless-shell=120.0.6099.109); For documentation on this error, please visit: https://www.selenium.dev/documentation/webdriver/troubleshooting/errors#no-such-element-exception\nStacktrace:\n#0 0x5649ff379f83 <unknown>\n#1 0x5649ff032cf7 <unknown>\n#2 0x5649ff08299e <unknown>\n#3 0x5649ff082aa1 <unknown>\n#4 0x5649ff0cdd64 <unknown>\n#5 0x5649ff0ac0dd <unknown>\n#6 0x5649ff0cb006 <unknown>\n#7 0x5649ff0abe53 <unknown>\n#8 0x5649ff073dd4 <unknown>\n#9 0x5649ff0751de <unknown>\n#10 0x5649ff33e531 <unknown>\n#11 0x5649ff342455 <unknown>\n#12 0x5649ff32af55 <unknown>\n#13 0x5649ff3430ef <unknown>\n#14 0x5649ff30e99f <unknown>\n#15 0x5649ff367008 <unknown>\n#16 0x5649ff3671d7 <unknown>\n#17 0x5649ff379124 <unknown>\n#18 0x7fbeccb6e044 <unknown>","time":{"start":1703466690335,"stop":1703466690762,"duration":427}},{"uid":"5a8765f6471018e2","reportUrl":"https://zaelcovsky.github.io/StroyremAutomation/180//#testresult/5a8765f6471018e2","status":"broken","statusDetails":"selenium.common.exceptions.NoSuchElementException: Message: no such element: Unable to locate element: {\"method\":\"xpath\",\"selector\":\"(//a[@class='add-to-cart yellow-btn'])[1]\"}\n  (Session info: chrome-headless-shell=120.0.6099.109); For documentation on this error, please visit: https://www.selenium.dev/documentation/webdriver/troubleshooting/errors#no-such-element-exception\nStacktrace:\n#0 0x55f4522f0f83 <unknown>\n#1 0x55f451fa9cf7 <unknown>\n#2 0x55f451ff999e <unknown>\n#3 0x55f451ff9aa1 <unknown>\n#4 0x55f452044d64 <unknown>\n#5 0x55f4520230dd <unknown>\n#6 0x55f452042006 <unknown>\n#7 0x55f452022e53 <unknown>\n#8 0x55f451feadd4 <unknown>\n#9 0x55f451fec1de <unknown>\n#10 0x55f4522b5531 <unknown>\n#11 0x55f4522b9455 <unknown>\n#12 0x55f4522a1f55 <unknown>\n#13 0x55f4522ba0ef <unknown>\n#14 0x55f45228599f <unknown>\n#15 0x55f4522de008 <unknown>\n#16 0x55f4522de1d7 <unknown>\n#17 0x55f4522f0124 <unknown>\n#18 0x7f420bdae044 <unknown>","time":{"start":1703380521544,"stop":1703380522257,"duration":713}},{"uid":"bda1f03441585988","reportUrl":"https://zaelcovsky.github.io/StroyremAutomation/179//#testresult/bda1f03441585988","status":"broken","statusDetails":"selenium.common.exceptions.NoSuchElementException: Message: no such element: Unable to locate element: {\"method\":\"xpath\",\"selector\":\"(//a[@class='add-to-cart yellow-btn'])[1]\"}\n  (Session info: chrome-headless-shell=120.0.6099.109); For documentation on this error, please visit: https://www.selenium.dev/documentation/webdriver/troubleshooting/errors#no-such-element-exception\nStacktrace:\n#0 0x5574ab345f83 <unknown>\n#1 0x5574aaffecf7 <unknown>\n#2 0x5574ab04e99e <unknown>\n#3 0x5574ab04eaa1 <unknown>\n#4 0x5574ab099d64 <unknown>\n#5 0x5574ab0780dd <unknown>\n#6 0x5574ab097006 <unknown>\n#7 0x5574ab077e53 <unknown>\n#8 0x5574ab03fdd4 <unknown>\n#9 0x5574ab0411de <unknown>\n#10 0x5574ab30a531 <unknown>\n#11 0x5574ab30e455 <unknown>\n#12 0x5574ab2f6f55 <unknown>\n#13 0x5574ab30f0ef <unknown>\n#14 0x5574ab2da99f <unknown>\n#15 0x5574ab333008 <unknown>\n#16 0x5574ab3331d7 <unknown>\n#17 0x5574ab345124 <unknown>\n#18 0x7fc08a208044 <unknown>","time":{"start":1703293751613,"stop":1703293752047,"duration":434}},{"uid":"89b8e70590a39df0","reportUrl":"https://zaelcovsky.github.io/StroyremAutomation/178//#testresult/89b8e70590a39df0","status":"broken","statusDetails":"selenium.common.exceptions.NoSuchElementException: Message: no such element: Unable to locate element: {\"method\":\"xpath\",\"selector\":\"(//a[@class='add-to-cart yellow-btn'])[1]\"}\n  (Session info: chrome-headless-shell=120.0.6099.109); For documentation on this error, please visit: https://www.selenium.dev/documentation/webdriver/troubleshooting/errors#no-such-element-exception\nStacktrace:\n#0 0x55ad6cb6cf83 <unknown>\n#1 0x55ad6c825cf7 <unknown>\n#2 0x55ad6c87599e <unknown>\n#3 0x55ad6c875aa1 <unknown>\n#4 0x55ad6c8c0d64 <unknown>\n#5 0x55ad6c89f0dd <unknown>\n#6 0x55ad6c8be006 <unknown>\n#7 0x55ad6c89ee53 <unknown>\n#8 0x55ad6c866dd4 <unknown>\n#9 0x55ad6c8681de <unknown>\n#10 0x55ad6cb31531 <unknown>\n#11 0x55ad6cb35455 <unknown>\n#12 0x55ad6cb1df55 <unknown>\n#13 0x55ad6cb360ef <unknown>\n#14 0x55ad6cb0199f <unknown>\n#15 0x55ad6cb5a008 <unknown>\n#16 0x55ad6cb5a1d7 <unknown>\n#17 0x55ad6cb6c124 <unknown>\n#18 0x7f4e00dbb044 <unknown>","time":{"start":1703207381109,"stop":1703207381434,"duration":325}},{"uid":"aa80e8e8da608ccc","reportUrl":"https://zaelcovsky.github.io/StroyremAutomation/177//#testresult/aa80e8e8da608ccc","status":"broken","statusDetails":"selenium.common.exceptions.NoSuchElementException: Message: no such element: Unable to locate element: {\"method\":\"xpath\",\"selector\":\"(//a[@class='add-to-cart yellow-btn'])[1]\"}\n  (Session info: chrome-headless-shell=120.0.6099.109); For documentation on this error, please visit: https://www.selenium.dev/documentation/webdriver/troubleshooting/errors#no-such-element-exception\nStacktrace:\n#0 0x5633b8ddbf83 <unknown>\n#1 0x5633b8a94cf7 <unknown>\n#2 0x5633b8ae499e <unknown>\n#3 0x5633b8ae4aa1 <unknown>\n#4 0x5633b8b2fd64 <unknown>\n#5 0x5633b8b0e0dd <unknown>\n#6 0x5633b8b2d006 <unknown>\n#7 0x5633b8b0de53 <unknown>\n#8 0x5633b8ad5dd4 <unknown>\n#9 0x5633b8ad71de <unknown>\n#10 0x5633b8da0531 <unknown>\n#11 0x5633b8da4455 <unknown>\n#12 0x5633b8d8cf55 <unknown>\n#13 0x5633b8da50ef <unknown>\n#14 0x5633b8d7099f <unknown>\n#15 0x5633b8dc9008 <unknown>\n#16 0x5633b8dc91d7 <unknown>\n#17 0x5633b8ddb124 <unknown>\n#18 0x7f407ca10044 <unknown>","time":{"start":1703120997218,"stop":1703120997647,"duration":429}},{"uid":"dd6ddf378faab1cf","reportUrl":"https://zaelcovsky.github.io/StroyremAutomation/176//#testresult/dd6ddf378faab1cf","status":"broken","statusDetails":"selenium.common.exceptions.NoSuchElementException: Message: no such element: Unable to locate element: {\"method\":\"xpath\",\"selector\":\"(//a[@class='add-to-cart yellow-btn'])[1]\"}\n  (Session info: chrome-headless-shell=120.0.6099.109); For documentation on this error, please visit: https://www.selenium.dev/documentation/webdriver/troubleshooting/errors#no-such-element-exception\nStacktrace:\n#0 0x55c105669f83 <unknown>\n#1 0x55c105322cf7 <unknown>\n#2 0x55c10537299e <unknown>\n#3 0x55c105372aa1 <unknown>\n#4 0x55c1053bdd64 <unknown>\n#5 0x55c10539c0dd <unknown>\n#6 0x55c1053bb006 <unknown>\n#7 0x55c10539be53 <unknown>\n#8 0x55c105363dd4 <unknown>\n#9 0x55c1053651de <unknown>\n#10 0x55c10562e531 <unknown>\n#11 0x55c105632455 <unknown>\n#12 0x55c10561af55 <unknown>\n#13 0x55c1056330ef <unknown>\n#14 0x55c1055fe99f <unknown>\n#15 0x55c105657008 <unknown>\n#16 0x55c1056571d7 <unknown>\n#17 0x55c105669124 <unknown>\n#18 0x7fb4a0a69044 <unknown>","time":{"start":1703034009845,"stop":1703034010340,"duration":495}},{"uid":"965c6c3549f6d9eb","reportUrl":"https://zaelcovsky.github.io/StroyremAutomation/175//#testresult/965c6c3549f6d9eb","status":"broken","statusDetails":"selenium.common.exceptions.NoSuchElementException: Message: no such element: Unable to locate element: {\"method\":\"xpath\",\"selector\":\"(//a[@class='add-to-cart yellow-btn'])[1]\"}\n  (Session info: chrome-headless-shell=120.0.6099.109); For documentation on this error, please visit: https://www.selenium.dev/documentation/webdriver/troubleshooting/errors#no-such-element-exception\nStacktrace:\n#0 0x5639cf327f83 <unknown>\n#1 0x5639cefe0cf7 <unknown>\n#2 0x5639cf03099e <unknown>\n#3 0x5639cf030aa1 <unknown>\n#4 0x5639cf07bd64 <unknown>\n#5 0x5639cf05a0dd <unknown>\n#6 0x5639cf079006 <unknown>\n#7 0x5639cf059e53 <unknown>\n#8 0x5639cf021dd4 <unknown>\n#9 0x5639cf0231de <unknown>\n#10 0x5639cf2ec531 <unknown>\n#11 0x5639cf2f0455 <unknown>\n#12 0x5639cf2d8f55 <unknown>\n#13 0x5639cf2f10ef <unknown>\n#14 0x5639cf2bc99f <unknown>\n#15 0x5639cf315008 <unknown>\n#16 0x5639cf3151d7 <unknown>\n#17 0x5639cf327124 <unknown>\n#18 0x7ffbb6f77044 <unknown>","time":{"start":1702948271995,"stop":1702948272498,"duration":503}},{"uid":"702c1b15ea711815","reportUrl":"https://zaelcovsky.github.io/StroyremAutomation/174//#testresult/702c1b15ea711815","status":"broken","statusDetails":"selenium.common.exceptions.NoSuchElementException: Message: no such element: Unable to locate element: {\"method\":\"xpath\",\"selector\":\"(//a[@class='add-to-cart yellow-btn'])[1]\"}\n  (Session info: chrome-headless-shell=120.0.6099.71); For documentation on this error, please visit: https://www.selenium.dev/documentation/webdriver/troubleshooting/errors#no-such-element-exception\nStacktrace:\n#0 0x557590b81d33 <unknown>\n#1 0x55759083ef87 <unknown>\n#2 0x55759088ec0e <unknown>\n#3 0x55759088ed11 <unknown>\n#4 0x5575908da004 <unknown>\n#5 0x5575908b836d <unknown>\n#6 0x5575908d7297 <unknown>\n#7 0x5575908b80e3 <unknown>\n#8 0x557590880044 <unknown>\n#9 0x55759088144e <unknown>\n#10 0x557590b46861 <unknown>\n#11 0x557590b4a785 <unknown>\n#12 0x557590b34285 <unknown>\n#13 0x557590b4b41f <unknown>\n#14 0x557590b1820f <unknown>\n#15 0x557590b6f028 <unknown>\n#16 0x557590b6f1f7 <unknown>\n#17 0x557590b80ed4 <unknown>\n#18 0x7f4ff6629044 <unknown>","time":{"start":1702861962036,"stop":1702861962505,"duration":469}},{"uid":"ffee9ef5915c2bfd","reportUrl":"https://zaelcovsky.github.io/StroyremAutomation/173//#testresult/ffee9ef5915c2bfd","status":"broken","statusDetails":"selenium.common.exceptions.NoSuchElementException: Message: no such element: Unable to locate element: {\"method\":\"xpath\",\"selector\":\"(//a[@class='add-to-cart yellow-btn'])[1]\"}\n  (Session info: chrome-headless-shell=120.0.6099.71); For documentation on this error, please visit: https://www.selenium.dev/documentation/webdriver/troubleshooting/errors#no-such-element-exception\nStacktrace:\n#0 0x55ebc0834d33 <unknown>\n#1 0x55ebc04f1f87 <unknown>\n#2 0x55ebc0541c0e <unknown>\n#3 0x55ebc0541d11 <unknown>\n#4 0x55ebc058d004 <unknown>\n#5 0x55ebc056b36d <unknown>\n#6 0x55ebc058a297 <unknown>\n#7 0x55ebc056b0e3 <unknown>\n#8 0x55ebc0533044 <unknown>\n#9 0x55ebc053444e <unknown>\n#10 0x55ebc07f9861 <unknown>\n#11 0x55ebc07fd785 <unknown>\n#12 0x55ebc07e7285 <unknown>\n#13 0x55ebc07fe41f <unknown>\n#14 0x55ebc07cb20f <unknown>\n#15 0x55ebc0822028 <unknown>\n#16 0x55ebc08221f7 <unknown>\n#17 0x55ebc0833ed4 <unknown>\n#18 0x7f16953c4044 <unknown>","time":{"start":1702775769063,"stop":1702775769451,"duration":388}},{"uid":"55771a80a3dd57b","reportUrl":"https://zaelcovsky.github.io/StroyremAutomation/172//#testresult/55771a80a3dd57b","status":"broken","statusDetails":"selenium.common.exceptions.NoSuchElementException: Message: no such element: Unable to locate element: {\"method\":\"xpath\",\"selector\":\"(//a[@class='add-to-cart yellow-btn'])[1]\"}\n  (Session info: chrome-headless-shell=120.0.6099.71); For documentation on this error, please visit: https://www.selenium.dev/documentation/webdriver/troubleshooting/errors#no-such-element-exception\nStacktrace:\n#0 0x562759163d33 <unknown>\n#1 0x562758e20f87 <unknown>\n#2 0x562758e70c0e <unknown>\n#3 0x562758e70d11 <unknown>\n#4 0x562758ebc004 <unknown>\n#5 0x562758e9a36d <unknown>\n#6 0x562758eb9297 <unknown>\n#7 0x562758e9a0e3 <unknown>\n#8 0x562758e62044 <unknown>\n#9 0x562758e6344e <unknown>\n#10 0x562759128861 <unknown>\n#11 0x56275912c785 <unknown>\n#12 0x562759116285 <unknown>\n#13 0x56275912d41f <unknown>\n#14 0x5627590fa20f <unknown>\n#15 0x562759151028 <unknown>\n#16 0x5627591511f7 <unknown>\n#17 0x562759162ed4 <unknown>\n#18 0x7f1da112e044 <unknown>","time":{"start":1702689045395,"stop":1702689046009,"duration":614}},{"uid":"8ce9ffcec68c26b6","reportUrl":"https://zaelcovsky.github.io/StroyremAutomation/171//#testresult/8ce9ffcec68c26b6","status":"broken","statusDetails":"selenium.common.exceptions.NoSuchElementException: Message: no such element: Unable to locate element: {\"method\":\"xpath\",\"selector\":\"(//a[@class='add-to-cart yellow-btn'])[1]\"}\n  (Session info: chrome-headless-shell=120.0.6099.71); For documentation on this error, please visit: https://www.selenium.dev/documentation/webdriver/troubleshooting/errors#no-such-element-exception\nStacktrace:\n#0 0x5601b58fdd33 <unknown>\n#1 0x5601b55baf87 <unknown>\n#2 0x5601b560ac0e <unknown>\n#3 0x5601b560ad11 <unknown>\n#4 0x5601b5656004 <unknown>\n#5 0x5601b563436d <unknown>\n#6 0x5601b5653297 <unknown>\n#7 0x5601b56340e3 <unknown>\n#8 0x5601b55fc044 <unknown>\n#9 0x5601b55fd44e <unknown>\n#10 0x5601b58c2861 <unknown>\n#11 0x5601b58c6785 <unknown>\n#12 0x5601b58b0285 <unknown>\n#13 0x5601b58c741f <unknown>\n#14 0x5601b589420f <unknown>\n#15 0x5601b58eb028 <unknown>\n#16 0x5601b58eb1f7 <unknown>\n#17 0x5601b58fced4 <unknown>\n#18 0x7f7331d9c044 <unknown>","time":{"start":1702602867600,"stop":1702602868302,"duration":702}},{"uid":"8dd164ce79ad3f2d","reportUrl":"https://zaelcovsky.github.io/StroyremAutomation/170//#testresult/8dd164ce79ad3f2d","status":"broken","statusDetails":"selenium.common.exceptions.NoSuchElementException: Message: no such element: Unable to locate element: {\"method\":\"xpath\",\"selector\":\"(//a[@class='add-to-cart yellow-btn'])[1]\"}\n  (Session info: chrome-headless-shell=120.0.6099.71); For documentation on this error, please visit: https://www.selenium.dev/documentation/webdriver/troubleshooting/errors#no-such-element-exception\nStacktrace:\n#0 0x558e4acb3d33 <unknown>\n#1 0x558e4a970f87 <unknown>\n#2 0x558e4a9c0c0e <unknown>\n#3 0x558e4a9c0d11 <unknown>\n#4 0x558e4aa0c004 <unknown>\n#5 0x558e4a9ea36d <unknown>\n#6 0x558e4aa09297 <unknown>\n#7 0x558e4a9ea0e3 <unknown>\n#8 0x558e4a9b2044 <unknown>\n#9 0x558e4a9b344e <unknown>\n#10 0x558e4ac78861 <unknown>\n#11 0x558e4ac7c785 <unknown>\n#12 0x558e4ac66285 <unknown>\n#13 0x558e4ac7d41f <unknown>\n#14 0x558e4ac4a20f <unknown>\n#15 0x558e4aca1028 <unknown>\n#16 0x558e4aca11f7 <unknown>\n#17 0x558e4acb2ed4 <unknown>\n#18 0x7f97c26f2044 <unknown>","time":{"start":1702516231098,"stop":1702516231471,"duration":373}},{"uid":"8b4480d181699989","reportUrl":"https://zaelcovsky.github.io/StroyremAutomation/169//#testresult/8b4480d181699989","status":"broken","statusDetails":"selenium.common.exceptions.NoSuchElementException: Message: no such element: Unable to locate element: {\"method\":\"xpath\",\"selector\":\"(//a[@class='add-to-cart yellow-btn'])[1]\"}\n  (Session info: chrome-headless-shell=120.0.6099.71); For documentation on this error, please visit: https://www.selenium.dev/documentation/webdriver/troubleshooting/errors#no-such-element-exception\nStacktrace:\n#0 0x55b072a21d33 <unknown>\n#1 0x55b0726def87 <unknown>\n#2 0x55b07272ec0e <unknown>\n#3 0x55b07272ed11 <unknown>\n#4 0x55b07277a004 <unknown>\n#5 0x55b07275836d <unknown>\n#6 0x55b072777297 <unknown>\n#7 0x55b0727580e3 <unknown>\n#8 0x55b072720044 <unknown>\n#9 0x55b07272144e <unknown>\n#10 0x55b0729e6861 <unknown>\n#11 0x55b0729ea785 <unknown>\n#12 0x55b0729d4285 <unknown>\n#13 0x55b0729eb41f <unknown>\n#14 0x55b0729b820f <unknown>\n#15 0x55b072a0f028 <unknown>\n#16 0x55b072a0f1f7 <unknown>\n#17 0x55b072a20ed4 <unknown>\n#18 0x7f65c6fcc044 <unknown>","time":{"start":1702429869320,"stop":1702429869873,"duration":553}},{"uid":"3c34108770ca5c5d","reportUrl":"https://zaelcovsky.github.io/StroyremAutomation/168//#testresult/3c34108770ca5c5d","status":"broken","statusDetails":"selenium.common.exceptions.NoSuchElementException: Message: no such element: Unable to locate element: {\"method\":\"xpath\",\"selector\":\"(//a[@class='add-to-cart yellow-btn'])[1]\"}\n  (Session info: chrome-headless-shell=120.0.6099.71); For documentation on this error, please visit: https://www.selenium.dev/documentation/webdriver/troubleshooting/errors#no-such-element-exception\nStacktrace:\n#0 0x557ac3164d33 <unknown>\n#1 0x557ac2e21f87 <unknown>\n#2 0x557ac2e71c0e <unknown>\n#3 0x557ac2e71d11 <unknown>\n#4 0x557ac2ebd004 <unknown>\n#5 0x557ac2e9b36d <unknown>\n#6 0x557ac2eba297 <unknown>\n#7 0x557ac2e9b0e3 <unknown>\n#8 0x557ac2e63044 <unknown>\n#9 0x557ac2e6444e <unknown>\n#10 0x557ac3129861 <unknown>\n#11 0x557ac312d785 <unknown>\n#12 0x557ac3117285 <unknown>\n#13 0x557ac312e41f <unknown>\n#14 0x557ac30fb20f <unknown>\n#15 0x557ac3152028 <unknown>\n#16 0x557ac31521f7 <unknown>\n#17 0x557ac3163ed4 <unknown>\n#18 0x7f6a26337044 <unknown>","time":{"start":1702343611188,"stop":1702343611806,"duration":618}},{"uid":"4cd83ccca4427ea4","reportUrl":"https://zaelcovsky.github.io/StroyremAutomation/167//#testresult/4cd83ccca4427ea4","status":"broken","statusDetails":"selenium.common.exceptions.NoSuchElementException: Message: no such element: Unable to locate element: {\"method\":\"xpath\",\"selector\":\"(//a[@class='add-to-cart yellow-btn'])[1]\"}\n  (Session info: chrome-headless-shell=120.0.6099.71); For documentation on this error, please visit: https://www.selenium.dev/documentation/webdriver/troubleshooting/errors#no-such-element-exception\nStacktrace:\n#0 0x562d8af34d33 <unknown>\n#1 0x562d8abf1f87 <unknown>\n#2 0x562d8ac41c0e <unknown>\n#3 0x562d8ac41d11 <unknown>\n#4 0x562d8ac8d004 <unknown>\n#5 0x562d8ac6b36d <unknown>\n#6 0x562d8ac8a297 <unknown>\n#7 0x562d8ac6b0e3 <unknown>\n#8 0x562d8ac33044 <unknown>\n#9 0x562d8ac3444e <unknown>\n#10 0x562d8aef9861 <unknown>\n#11 0x562d8aefd785 <unknown>\n#12 0x562d8aee7285 <unknown>\n#13 0x562d8aefe41f <unknown>\n#14 0x562d8aecb20f <unknown>\n#15 0x562d8af22028 <unknown>\n#16 0x562d8af221f7 <unknown>\n#17 0x562d8af33ed4 <unknown>\n#18 0x7feb6cb56044 <unknown>","time":{"start":1702257234046,"stop":1702257234478,"duration":432}},{"uid":"383ec86efc577ed0","reportUrl":"https://zaelcovsky.github.io/StroyremAutomation/166//#testresult/383ec86efc577ed0","status":"broken","statusDetails":"selenium.common.exceptions.NoSuchElementException: Message: no such element: Unable to locate element: {\"method\":\"xpath\",\"selector\":\"(//a[@class='add-to-cart yellow-btn'])[1]\"}\n  (Session info: chrome-headless-shell=120.0.6099.71); For documentation on this error, please visit: https://www.selenium.dev/documentation/webdriver/troubleshooting/errors#no-such-element-exception\nStacktrace:\n#0 0x56338b05bd33 <unknown>\n#1 0x56338ad18f87 <unknown>\n#2 0x56338ad68c0e <unknown>\n#3 0x56338ad68d11 <unknown>\n#4 0x56338adb4004 <unknown>\n#5 0x56338ad9236d <unknown>\n#6 0x56338adb1297 <unknown>\n#7 0x56338ad920e3 <unknown>\n#8 0x56338ad5a044 <unknown>\n#9 0x56338ad5b44e <unknown>\n#10 0x56338b020861 <unknown>\n#11 0x56338b024785 <unknown>\n#12 0x56338b00e285 <unknown>\n#13 0x56338b02541f <unknown>\n#14 0x56338aff220f <unknown>\n#15 0x56338b049028 <unknown>\n#16 0x56338b0491f7 <unknown>\n#17 0x56338b05aed4 <unknown>\n#18 0x7f2605d69044 <unknown>","time":{"start":1702170934489,"stop":1702170934867,"duration":378}},{"uid":"c49863a4350a1c8c","reportUrl":"https://zaelcovsky.github.io/StroyremAutomation/165//#testresult/c49863a4350a1c8c","status":"broken","statusDetails":"selenium.common.exceptions.NoSuchElementException: Message: no such element: Unable to locate element: {\"method\":\"xpath\",\"selector\":\"(//a[@class='add-to-cart yellow-btn'])[1]\"}\n  (Session info: chrome-headless-shell=120.0.6099.71); For documentation on this error, please visit: https://www.selenium.dev/documentation/webdriver/troubleshooting/errors#no-such-element-exception\nStacktrace:\n#0 0x559949154d33 <unknown>\n#1 0x559948e11f87 <unknown>\n#2 0x559948e61c0e <unknown>\n#3 0x559948e61d11 <unknown>\n#4 0x559948ead004 <unknown>\n#5 0x559948e8b36d <unknown>\n#6 0x559948eaa297 <unknown>\n#7 0x559948e8b0e3 <unknown>\n#8 0x559948e53044 <unknown>\n#9 0x559948e5444e <unknown>\n#10 0x559949119861 <unknown>\n#11 0x55994911d785 <unknown>\n#12 0x559949107285 <unknown>\n#13 0x55994911e41f <unknown>\n#14 0x5599490eb20f <unknown>\n#15 0x559949142028 <unknown>\n#16 0x5599491421f7 <unknown>\n#17 0x559949153ed4 <unknown>\n#18 0x7f55dc16f044 <unknown>","time":{"start":1702084194166,"stop":1702084194479,"duration":313}},{"uid":"d637c833d9cc2e9f","reportUrl":"https://zaelcovsky.github.io/StroyremAutomation/164//#testresult/d637c833d9cc2e9f","status":"broken","statusDetails":"selenium.common.exceptions.NoSuchElementException: Message: no such element: Unable to locate element: {\"method\":\"xpath\",\"selector\":\"(//a[@class='add-to-cart yellow-btn'])[1]\"}\n  (Session info: chrome-headless-shell=120.0.6099.71); For documentation on this error, please visit: https://www.selenium.dev/documentation/webdriver/troubleshooting/errors#no-such-element-exception\nStacktrace:\n#0 0x55b8a93f9d33 <unknown>\n#1 0x55b8a90b6f87 <unknown>\n#2 0x55b8a9106c0e <unknown>\n#3 0x55b8a9106d11 <unknown>\n#4 0x55b8a9152004 <unknown>\n#5 0x55b8a913036d <unknown>\n#6 0x55b8a914f297 <unknown>\n#7 0x55b8a91300e3 <unknown>\n#8 0x55b8a90f8044 <unknown>\n#9 0x55b8a90f944e <unknown>\n#10 0x55b8a93be861 <unknown>\n#11 0x55b8a93c2785 <unknown>\n#12 0x55b8a93ac285 <unknown>\n#13 0x55b8a93c341f <unknown>\n#14 0x55b8a939020f <unknown>\n#15 0x55b8a93e7028 <unknown>\n#16 0x55b8a93e71f7 <unknown>\n#17 0x55b8a93f8ed4 <unknown>\n#18 0x7f212e69b044 <unknown>","time":{"start":1701998010657,"stop":1701998011255,"duration":598}},{"uid":"1e8b73e532dc34e7","reportUrl":"https://zaelcovsky.github.io/StroyremAutomation/163//#testresult/1e8b73e532dc34e7","status":"broken","statusDetails":"selenium.common.exceptions.NoSuchElementException: Message: no such element: Unable to locate element: {\"method\":\"xpath\",\"selector\":\"(//a[@class='add-to-cart yellow-btn'])[1]\"}\n  (Session info: chrome-headless-shell=120.0.6099.71); For documentation on this error, please visit: https://www.selenium.dev/documentation/webdriver/troubleshooting/errors#no-such-element-exception\nStacktrace:\n#0 0x55a7ac391d33 <unknown>\n#1 0x55a7ac04ef87 <unknown>\n#2 0x55a7ac09ec0e <unknown>\n#3 0x55a7ac09ed11 <unknown>\n#4 0x55a7ac0ea004 <unknown>\n#5 0x55a7ac0c836d <unknown>\n#6 0x55a7ac0e7297 <unknown>\n#7 0x55a7ac0c80e3 <unknown>\n#8 0x55a7ac090044 <unknown>\n#9 0x55a7ac09144e <unknown>\n#10 0x55a7ac356861 <unknown>\n#11 0x55a7ac35a785 <unknown>\n#12 0x55a7ac344285 <unknown>\n#13 0x55a7ac35b41f <unknown>\n#14 0x55a7ac32820f <unknown>\n#15 0x55a7ac37f028 <unknown>\n#16 0x55a7ac37f1f7 <unknown>\n#17 0x55a7ac390ed4 <unknown>\n#18 0x7f5c86c0e044 <unknown>","time":{"start":1701911574252,"stop":1701911574755,"duration":503}}]},"tags":["smoke"]},"source":"f9e28d870711ca81.json","parameterValues":["3320","1","'TD 015'","2390","'products/shtukaturka-tsementnaya-bergauf-bau-putts-tsement-25kg-56sht'","650","'https://sandboxtest.stroyrem-nn.ru/'","30"]}