{"uid":"2d98091e5eed72b0","name":"TC 011 - Проверка функциональности ссылки 'Подъем на этаж'","fullName":"tests.test_main_page.TestMainPage#test_positive_footer_lifting_smoke","historyId":"a471821c1810b98ab4357088c4c3f5dc","time":{"start":1695690289084,"stop":1695690289102,"duration":18},"status":"broken","statusMessage":"selenium.common.exceptions.NoSuchElementException: Message: no such element: Unable to locate element: {\"method\":\"xpath\",\"selector\":\"(//a[@href='/podem-strojmaterialov-v-kvartiru'])[3]\"}\n  (Session info: headless chrome=117.0.5938.92); For documentation on this error, please visit: https://www.selenium.dev/documentation/webdriver/troubleshooting/errors#no-such-element-exception\nStacktrace:\n#0 0x56217f5976b3 <unknown>\n#1 0x56217f26d1e7 <unknown>\n#2 0x56217f2b4566 <unknown>\n#3 0x56217f2b4651 <unknown>\n#4 0x56217f2f1a74 <unknown>\n#5 0x56217f2d60ed <unknown>\n#6 0x56217f2ef322 <unknown>\n#7 0x56217f2d5e93 <unknown>\n#8 0x56217f2a8934 <unknown>\n#9 0x56217f2a971e <unknown>\n#10 0x56217f55ccb8 <unknown>\n#11 0x56217f560bf0 <unknown>\n#12 0x56217f56b19c <unknown>\n#13 0x56217f561808 <unknown>\n#14 0x56217f52e27f <unknown>\n#15 0x56217f585e88 <unknown>\n#16 0x56217f586059 <unknown>\n#17 0x56217f596843 <unknown>\n#18 0x7f7081da2044 <unknown>","statusTrace":"self = <tests.test_main_page.TestMainPage object at 0x7f1f04489990>\nmain_page = <pages.main_page.MainPage object at 0x7f1f03f6e350>\n\n    @allure.feature(\"Footer functionality\")\n    @allure.title(\"TC 011 - Проверка функциональности ссылки 'Подъем на этаж'\")\n    @pytest.mark.smoke_test\n    def test_positive_footer_lifting_smoke(self, main_page):\n        lifting_page = LiftingPage(main_page.driver)\n>       main_page.check_floor_climb_link()\n\ntests/test_main_page.py:107: \n_ _ _ _ _ _ _ _ _ _ _ _ _ _ _ _ _ _ _ _ _ _ _ _ _ _ _ _ _ _ _ _ _ _ _ _ _ _ _ _ \npages/main_page.py:142: in check_floor_climb_link\n    self.driver.find_element(*self._floor_climb_link).click()\n/usr/local/lib/python3.11/site-packages/selenium/webdriver/remote/webdriver.py:740: in find_element\n    return self.execute(Command.FIND_ELEMENT, {\"using\": by, \"value\": value})[\"value\"]\n/usr/local/lib/python3.11/site-packages/selenium/webdriver/remote/webdriver.py:346: in execute\n    self.error_handler.check_response(response)\n_ _ _ _ _ _ _ _ _ _ _ _ _ _ _ _ _ _ _ _ _ _ _ _ _ _ _ _ _ _ _ _ _ _ _ _ _ _ _ _ \n\nself = <selenium.webdriver.remote.errorhandler.ErrorHandler object at 0x7f1f041adb90>\nresponse = {'status': 404, 'value': '{\"value\":{\"error\":\"no such element\",\"message\":\"no such element: Unable to locate element: {\\...\\\\n#16 0x56217f586059 \\\\u003Cunknown>\\\\n#17 0x56217f596843 \\\\u003Cunknown>\\\\n#18 0x7f7081da2044 \\\\u003Cunknown>\\\\n\"}}'}\n\n    def check_response(self, response: Dict[str, Any]) -> None:\n        \"\"\"Checks that a JSON response from the WebDriver does not have an\n        error.\n    \n        :Args:\n         - response - The JSON response from the WebDriver server as a dictionary\n           object.\n    \n        :Raises: If the response contains an error message.\n        \"\"\"\n        status = response.get(\"status\", None)\n        if not status or status == ErrorCode.SUCCESS:\n            return\n        value = None\n        message = response.get(\"message\", \"\")\n        screen: str = response.get(\"screen\", \"\")\n        stacktrace = None\n        if isinstance(status, int):\n            value_json = response.get(\"value\", None)\n            if value_json and isinstance(value_json, str):\n                import json\n    \n                try:\n                    value = json.loads(value_json)\n                    if len(value) == 1:\n                        value = value[\"value\"]\n                    status = value.get(\"error\", None)\n                    if not status:\n                        status = value.get(\"status\", ErrorCode.UNKNOWN_ERROR)\n                        message = value.get(\"value\") or value.get(\"message\")\n                        if not isinstance(message, str):\n                            value = message\n                            message = message.get(\"message\")\n                    else:\n                        message = value.get(\"message\", None)\n                except ValueError:\n                    pass\n    \n        exception_class: Type[WebDriverException]\n        if status in ErrorCode.NO_SUCH_ELEMENT:\n            exception_class = NoSuchElementException\n        elif status in ErrorCode.NO_SUCH_FRAME:\n            exception_class = NoSuchFrameException\n        elif status in ErrorCode.NO_SUCH_SHADOW_ROOT:\n            exception_class = NoSuchShadowRootException\n        elif status in ErrorCode.NO_SUCH_WINDOW:\n            exception_class = NoSuchWindowException\n        elif status in ErrorCode.STALE_ELEMENT_REFERENCE:\n            exception_class = StaleElementReferenceException\n        elif status in ErrorCode.ELEMENT_NOT_VISIBLE:\n            exception_class = ElementNotVisibleException\n        elif status in ErrorCode.INVALID_ELEMENT_STATE:\n            exception_class = InvalidElementStateException\n        elif (\n            status in ErrorCode.INVALID_SELECTOR\n            or status in ErrorCode.INVALID_XPATH_SELECTOR\n            or status in ErrorCode.INVALID_XPATH_SELECTOR_RETURN_TYPER\n        ):\n            exception_class = InvalidSelectorException\n        elif status in ErrorCode.ELEMENT_IS_NOT_SELECTABLE:\n            exception_class = ElementNotSelectableException\n        elif status in ErrorCode.ELEMENT_NOT_INTERACTABLE:\n            exception_class = ElementNotInteractableException\n        elif status in ErrorCode.INVALID_COOKIE_DOMAIN:\n            exception_class = InvalidCookieDomainException\n        elif status in ErrorCode.UNABLE_TO_SET_COOKIE:\n            exception_class = UnableToSetCookieException\n        elif status in ErrorCode.TIMEOUT:\n            exception_class = TimeoutException\n        elif status in ErrorCode.SCRIPT_TIMEOUT:\n            exception_class = TimeoutException\n        elif status in ErrorCode.UNKNOWN_ERROR:\n            exception_class = WebDriverException\n        elif status in ErrorCode.UNEXPECTED_ALERT_OPEN:\n            exception_class = UnexpectedAlertPresentException\n        elif status in ErrorCode.NO_ALERT_OPEN:\n            exception_class = NoAlertPresentException\n        elif status in ErrorCode.IME_NOT_AVAILABLE:\n            exception_class = ImeNotAvailableException\n        elif status in ErrorCode.IME_ENGINE_ACTIVATION_FAILED:\n            exception_class = ImeActivationFailedException\n        elif status in ErrorCode.MOVE_TARGET_OUT_OF_BOUNDS:\n            exception_class = MoveTargetOutOfBoundsException\n        elif status in ErrorCode.JAVASCRIPT_ERROR:\n            exception_class = JavascriptException\n        elif status in ErrorCode.SESSION_NOT_CREATED:\n            exception_class = SessionNotCreatedException\n        elif status in ErrorCode.INVALID_ARGUMENT:\n            exception_class = InvalidArgumentException\n        elif status in ErrorCode.NO_SUCH_COOKIE:\n            exception_class = NoSuchCookieException\n        elif status in ErrorCode.UNABLE_TO_CAPTURE_SCREEN:\n            exception_class = ScreenshotException\n        elif status in ErrorCode.ELEMENT_CLICK_INTERCEPTED:\n            exception_class = ElementClickInterceptedException\n        elif status in ErrorCode.INSECURE_CERTIFICATE:\n            exception_class = InsecureCertificateException\n        elif status in ErrorCode.INVALID_COORDINATES:\n            exception_class = InvalidCoordinatesException\n        elif status in ErrorCode.INVALID_SESSION_ID:\n            exception_class = InvalidSessionIdException\n        elif status in ErrorCode.UNKNOWN_METHOD:\n            exception_class = UnknownMethodException\n        else:\n            exception_class = WebDriverException\n        if not value:\n            value = response[\"value\"]\n        if isinstance(value, str):\n            raise exception_class(value)\n        if message == \"\" and \"message\" in value:\n            message = value[\"message\"]\n    \n        screen = None  # type: ignore[assignment]\n        if \"screen\" in value:\n            screen = value[\"screen\"]\n    \n        stacktrace = None\n        st_value = value.get(\"stackTrace\") or value.get(\"stacktrace\")\n        if st_value:\n            if isinstance(st_value, str):\n                stacktrace = st_value.split(\"\\n\")\n            else:\n                stacktrace = []\n                try:\n                    for frame in st_value:\n                        line = frame.get(\"lineNumber\", \"\")\n                        file = frame.get(\"fileName\", \"<anonymous>\")\n                        if line:\n                            file = f\"{file}:{line}\"\n                        meth = frame.get(\"methodName\", \"<anonymous>\")\n                        if \"className\" in frame:\n                            meth = f\"{frame['className']}.{meth}\"\n                        msg = \"    at %s (%s)\"\n                        msg = msg % (meth, file)\n                        stacktrace.append(msg)\n                except TypeError:\n                    pass\n        if exception_class == UnexpectedAlertPresentException:\n            alert_text = None\n            if \"data\" in value:\n                alert_text = value[\"data\"].get(\"text\")\n            elif \"alert\" in value:\n                alert_text = value[\"alert\"].get(\"text\")\n            raise exception_class(message, screen, stacktrace, alert_text)  # type: ignore[call-arg]  # mypy is not smart enough here\n>       raise exception_class(message, screen, stacktrace)\nE       selenium.common.exceptions.NoSuchElementException: Message: no such element: Unable to locate element: {\"method\":\"xpath\",\"selector\":\"(//a[@href='/podem-strojmaterialov-v-kvartiru'])[3]\"}\nE         (Session info: headless chrome=117.0.5938.92); For documentation on this error, please visit: https://www.selenium.dev/documentation/webdriver/troubleshooting/errors#no-such-element-exception\nE       Stacktrace:\nE       #0 0x56217f5976b3 <unknown>\nE       #1 0x56217f26d1e7 <unknown>\nE       #2 0x56217f2b4566 <unknown>\nE       #3 0x56217f2b4651 <unknown>\nE       #4 0x56217f2f1a74 <unknown>\nE       #5 0x56217f2d60ed <unknown>\nE       #6 0x56217f2ef322 <unknown>\nE       #7 0x56217f2d5e93 <unknown>\nE       #8 0x56217f2a8934 <unknown>\nE       #9 0x56217f2a971e <unknown>\nE       #10 0x56217f55ccb8 <unknown>\nE       #11 0x56217f560bf0 <unknown>\nE       #12 0x56217f56b19c <unknown>\nE       #13 0x56217f561808 <unknown>\nE       #14 0x56217f52e27f <unknown>\nE       #15 0x56217f585e88 <unknown>\nE       #16 0x56217f586059 <unknown>\nE       #17 0x56217f596843 <unknown>\nE       #18 0x7f7081da2044 <unknown>\n\n/usr/local/lib/python3.11/site-packages/selenium/webdriver/remote/errorhandler.py:245: NoSuchElementException","flaky":false,"newFailed":false,"newBroken":false,"newPassed":false,"retriesCount":0,"retriesStatusChange":false,"beforeStages":[{"name":"_session_faker","time":{"start":1695690084070,"stop":1695690084161,"duration":91},"status":"passed","steps":[],"attachments":[],"parameters":[],"shouldDisplayMessage":false,"stepsCount":0,"attachmentsCount":0,"hasContent":false},{"name":"clear_allure_results_folder","time":{"start":1695690084161,"stop":1695690084161,"duration":0},"status":"passed","steps":[],"attachments":[],"parameters":[],"shouldDisplayMessage":false,"stepsCount":0,"attachmentsCount":0,"hasContent":false},{"name":"driver","time":{"start":1695690287324,"stop":1695690288126,"duration":802},"status":"passed","steps":[],"attachments":[],"parameters":[],"shouldDisplayMessage":false,"stepsCount":0,"attachmentsCount":0,"hasContent":false},{"name":"main_page","time":{"start":1695690288127,"stop":1695690289083,"duration":956},"status":"passed","steps":[],"attachments":[],"parameters":[],"shouldDisplayMessage":false,"stepsCount":0,"attachmentsCount":0,"hasContent":false},{"name":"setup","time":{"start":1695690288127,"stop":1695690288127,"duration":0},"status":"passed","steps":[],"attachments":[],"parameters":[],"shouldDisplayMessage":false,"stepsCount":0,"attachmentsCount":0,"hasContent":false}],"testStage":{"status":"broken","statusMessage":"selenium.common.exceptions.NoSuchElementException: Message: no such element: Unable to locate element: {\"method\":\"xpath\",\"selector\":\"(//a[@href='/podem-strojmaterialov-v-kvartiru'])[3]\"}\n  (Session info: headless chrome=117.0.5938.92); For documentation on this error, please visit: https://www.selenium.dev/documentation/webdriver/troubleshooting/errors#no-such-element-exception\nStacktrace:\n#0 0x56217f5976b3 <unknown>\n#1 0x56217f26d1e7 <unknown>\n#2 0x56217f2b4566 <unknown>\n#3 0x56217f2b4651 <unknown>\n#4 0x56217f2f1a74 <unknown>\n#5 0x56217f2d60ed <unknown>\n#6 0x56217f2ef322 <unknown>\n#7 0x56217f2d5e93 <unknown>\n#8 0x56217f2a8934 <unknown>\n#9 0x56217f2a971e <unknown>\n#10 0x56217f55ccb8 <unknown>\n#11 0x56217f560bf0 <unknown>\n#12 0x56217f56b19c <unknown>\n#13 0x56217f561808 <unknown>\n#14 0x56217f52e27f <unknown>\n#15 0x56217f585e88 <unknown>\n#16 0x56217f586059 <unknown>\n#17 0x56217f596843 <unknown>\n#18 0x7f7081da2044 <unknown>","statusTrace":"self = <tests.test_main_page.TestMainPage object at 0x7f1f04489990>\nmain_page = <pages.main_page.MainPage object at 0x7f1f03f6e350>\n\n    @allure.feature(\"Footer functionality\")\n    @allure.title(\"TC 011 - Проверка функциональности ссылки 'Подъем на этаж'\")\n    @pytest.mark.smoke_test\n    def test_positive_footer_lifting_smoke(self, main_page):\n        lifting_page = LiftingPage(main_page.driver)\n>       main_page.check_floor_climb_link()\n\ntests/test_main_page.py:107: \n_ _ _ _ _ _ _ _ _ _ _ _ _ _ _ _ _ _ _ _ _ _ _ _ _ _ _ _ _ _ _ _ _ _ _ _ _ _ _ _ \npages/main_page.py:142: in check_floor_climb_link\n    self.driver.find_element(*self._floor_climb_link).click()\n/usr/local/lib/python3.11/site-packages/selenium/webdriver/remote/webdriver.py:740: in find_element\n    return self.execute(Command.FIND_ELEMENT, {\"using\": by, \"value\": value})[\"value\"]\n/usr/local/lib/python3.11/site-packages/selenium/webdriver/remote/webdriver.py:346: in execute\n    self.error_handler.check_response(response)\n_ _ _ _ _ _ _ _ _ _ _ _ _ _ _ _ _ _ _ _ _ _ _ _ _ _ _ _ _ _ _ _ _ _ _ _ _ _ _ _ \n\nself = <selenium.webdriver.remote.errorhandler.ErrorHandler object at 0x7f1f041adb90>\nresponse = {'status': 404, 'value': '{\"value\":{\"error\":\"no such element\",\"message\":\"no such element: Unable to locate element: {\\...\\\\n#16 0x56217f586059 \\\\u003Cunknown>\\\\n#17 0x56217f596843 \\\\u003Cunknown>\\\\n#18 0x7f7081da2044 \\\\u003Cunknown>\\\\n\"}}'}\n\n    def check_response(self, response: Dict[str, Any]) -> None:\n        \"\"\"Checks that a JSON response from the WebDriver does not have an\n        error.\n    \n        :Args:\n         - response - The JSON response from the WebDriver server as a dictionary\n           object.\n    \n        :Raises: If the response contains an error message.\n        \"\"\"\n        status = response.get(\"status\", None)\n        if not status or status == ErrorCode.SUCCESS:\n            return\n        value = None\n        message = response.get(\"message\", \"\")\n        screen: str = response.get(\"screen\", \"\")\n        stacktrace = None\n        if isinstance(status, int):\n            value_json = response.get(\"value\", None)\n            if value_json and isinstance(value_json, str):\n                import json\n    \n                try:\n                    value = json.loads(value_json)\n                    if len(value) == 1:\n                        value = value[\"value\"]\n                    status = value.get(\"error\", None)\n                    if not status:\n                        status = value.get(\"status\", ErrorCode.UNKNOWN_ERROR)\n                        message = value.get(\"value\") or value.get(\"message\")\n                        if not isinstance(message, str):\n                            value = message\n                            message = message.get(\"message\")\n                    else:\n                        message = value.get(\"message\", None)\n                except ValueError:\n                    pass\n    \n        exception_class: Type[WebDriverException]\n        if status in ErrorCode.NO_SUCH_ELEMENT:\n            exception_class = NoSuchElementException\n        elif status in ErrorCode.NO_SUCH_FRAME:\n            exception_class = NoSuchFrameException\n        elif status in ErrorCode.NO_SUCH_SHADOW_ROOT:\n            exception_class = NoSuchShadowRootException\n        elif status in ErrorCode.NO_SUCH_WINDOW:\n            exception_class = NoSuchWindowException\n        elif status in ErrorCode.STALE_ELEMENT_REFERENCE:\n            exception_class = StaleElementReferenceException\n        elif status in ErrorCode.ELEMENT_NOT_VISIBLE:\n            exception_class = ElementNotVisibleException\n        elif status in ErrorCode.INVALID_ELEMENT_STATE:\n            exception_class = InvalidElementStateException\n        elif (\n            status in ErrorCode.INVALID_SELECTOR\n            or status in ErrorCode.INVALID_XPATH_SELECTOR\n            or status in ErrorCode.INVALID_XPATH_SELECTOR_RETURN_TYPER\n        ):\n            exception_class = InvalidSelectorException\n        elif status in ErrorCode.ELEMENT_IS_NOT_SELECTABLE:\n            exception_class = ElementNotSelectableException\n        elif status in ErrorCode.ELEMENT_NOT_INTERACTABLE:\n            exception_class = ElementNotInteractableException\n        elif status in ErrorCode.INVALID_COOKIE_DOMAIN:\n            exception_class = InvalidCookieDomainException\n        elif status in ErrorCode.UNABLE_TO_SET_COOKIE:\n            exception_class = UnableToSetCookieException\n        elif status in ErrorCode.TIMEOUT:\n            exception_class = TimeoutException\n        elif status in ErrorCode.SCRIPT_TIMEOUT:\n            exception_class = TimeoutException\n        elif status in ErrorCode.UNKNOWN_ERROR:\n            exception_class = WebDriverException\n        elif status in ErrorCode.UNEXPECTED_ALERT_OPEN:\n            exception_class = UnexpectedAlertPresentException\n        elif status in ErrorCode.NO_ALERT_OPEN:\n            exception_class = NoAlertPresentException\n        elif status in ErrorCode.IME_NOT_AVAILABLE:\n            exception_class = ImeNotAvailableException\n        elif status in ErrorCode.IME_ENGINE_ACTIVATION_FAILED:\n            exception_class = ImeActivationFailedException\n        elif status in ErrorCode.MOVE_TARGET_OUT_OF_BOUNDS:\n            exception_class = MoveTargetOutOfBoundsException\n        elif status in ErrorCode.JAVASCRIPT_ERROR:\n            exception_class = JavascriptException\n        elif status in ErrorCode.SESSION_NOT_CREATED:\n            exception_class = SessionNotCreatedException\n        elif status in ErrorCode.INVALID_ARGUMENT:\n            exception_class = InvalidArgumentException\n        elif status in ErrorCode.NO_SUCH_COOKIE:\n            exception_class = NoSuchCookieException\n        elif status in ErrorCode.UNABLE_TO_CAPTURE_SCREEN:\n            exception_class = ScreenshotException\n        elif status in ErrorCode.ELEMENT_CLICK_INTERCEPTED:\n            exception_class = ElementClickInterceptedException\n        elif status in ErrorCode.INSECURE_CERTIFICATE:\n            exception_class = InsecureCertificateException\n        elif status in ErrorCode.INVALID_COORDINATES:\n            exception_class = InvalidCoordinatesException\n        elif status in ErrorCode.INVALID_SESSION_ID:\n            exception_class = InvalidSessionIdException\n        elif status in ErrorCode.UNKNOWN_METHOD:\n            exception_class = UnknownMethodException\n        else:\n            exception_class = WebDriverException\n        if not value:\n            value = response[\"value\"]\n        if isinstance(value, str):\n            raise exception_class(value)\n        if message == \"\" and \"message\" in value:\n            message = value[\"message\"]\n    \n        screen = None  # type: ignore[assignment]\n        if \"screen\" in value:\n            screen = value[\"screen\"]\n    \n        stacktrace = None\n        st_value = value.get(\"stackTrace\") or value.get(\"stacktrace\")\n        if st_value:\n            if isinstance(st_value, str):\n                stacktrace = st_value.split(\"\\n\")\n            else:\n                stacktrace = []\n                try:\n                    for frame in st_value:\n                        line = frame.get(\"lineNumber\", \"\")\n                        file = frame.get(\"fileName\", \"<anonymous>\")\n                        if line:\n                            file = f\"{file}:{line}\"\n                        meth = frame.get(\"methodName\", \"<anonymous>\")\n                        if \"className\" in frame:\n                            meth = f\"{frame['className']}.{meth}\"\n                        msg = \"    at %s (%s)\"\n                        msg = msg % (meth, file)\n                        stacktrace.append(msg)\n                except TypeError:\n                    pass\n        if exception_class == UnexpectedAlertPresentException:\n            alert_text = None\n            if \"data\" in value:\n                alert_text = value[\"data\"].get(\"text\")\n            elif \"alert\" in value:\n                alert_text = value[\"alert\"].get(\"text\")\n            raise exception_class(message, screen, stacktrace, alert_text)  # type: ignore[call-arg]  # mypy is not smart enough here\n>       raise exception_class(message, screen, stacktrace)\nE       selenium.common.exceptions.NoSuchElementException: Message: no such element: Unable to locate element: {\"method\":\"xpath\",\"selector\":\"(//a[@href='/podem-strojmaterialov-v-kvartiru'])[3]\"}\nE         (Session info: headless chrome=117.0.5938.92); For documentation on this error, please visit: https://www.selenium.dev/documentation/webdriver/troubleshooting/errors#no-such-element-exception\nE       Stacktrace:\nE       #0 0x56217f5976b3 <unknown>\nE       #1 0x56217f26d1e7 <unknown>\nE       #2 0x56217f2b4566 <unknown>\nE       #3 0x56217f2b4651 <unknown>\nE       #4 0x56217f2f1a74 <unknown>\nE       #5 0x56217f2d60ed <unknown>\nE       #6 0x56217f2ef322 <unknown>\nE       #7 0x56217f2d5e93 <unknown>\nE       #8 0x56217f2a8934 <unknown>\nE       #9 0x56217f2a971e <unknown>\nE       #10 0x56217f55ccb8 <unknown>\nE       #11 0x56217f560bf0 <unknown>\nE       #12 0x56217f56b19c <unknown>\nE       #13 0x56217f561808 <unknown>\nE       #14 0x56217f52e27f <unknown>\nE       #15 0x56217f585e88 <unknown>\nE       #16 0x56217f586059 <unknown>\nE       #17 0x56217f596843 <unknown>\nE       #18 0x7f7081da2044 <unknown>\n\n/usr/local/lib/python3.11/site-packages/selenium/webdriver/remote/errorhandler.py:245: NoSuchElementException","steps":[{"name":"Проверка функциональности ссылки 'Подъем на этаж'","time":{"start":1695690289084,"stop":1695690289102,"duration":18},"status":"broken","statusMessage":"selenium.common.exceptions.NoSuchElementException: Message: no such element: Unable to locate element: {\"method\":\"xpath\",\"selector\":\"(//a[@href='/podem-strojmaterialov-v-kvartiru'])[3]\"}\n  (Session info: headless chrome=117.0.5938.92); For documentation on this error, please visit: https://www.selenium.dev/documentation/webdriver/troubleshooting/errors#no-such-element-exception\nStacktrace:\n#0 0x56217f5976b3 <unknown>\n#1 0x56217f26d1e7 <unknown>\n#2 0x56217f2b4566 <unknown>\n#3 0x56217f2b4651 <unknown>\n#4 0x56217f2f1a74 <unknown>\n#5 0x56217f2d60ed <unknown>\n#6 0x56217f2ef322 <unknown>\n#7 0x56217f2d5e93 <unknown>\n#8 0x56217f2a8934 <unknown>\n#9 0x56217f2a971e <unknown>\n#10 0x56217f55ccb8 <unknown>\n#11 0x56217f560bf0 <unknown>\n#12 0x56217f56b19c <unknown>\n#13 0x56217f561808 <unknown>\n#14 0x56217f52e27f <unknown>\n#15 0x56217f585e88 <unknown>\n#16 0x56217f586059 <unknown>\n#17 0x56217f596843 <unknown>\n#18 0x7f7081da2044 <unknown>\n\n","statusTrace":"  File \"/usr/local/lib/python3.11/site-packages/allure_commons/_allure.py\", line 192, in impl\n    return func(*a, **kw)\n           ^^^^^^^^^^^^^^\n  File \"/app/pages/main_page.py\", line 142, in check_floor_climb_link\n    self.driver.find_element(*self._floor_climb_link).click()\n    ^^^^^^^^^^^^^^^^^^^^^^^^^^^^^^^^^^^^^^^^^^^^^^^^^\n  File \"/usr/local/lib/python3.11/site-packages/selenium/webdriver/remote/webdriver.py\", line 740, in find_element\n    return self.execute(Command.FIND_ELEMENT, {\"using\": by, \"value\": value})[\"value\"]\n           ^^^^^^^^^^^^^^^^^^^^^^^^^^^^^^^^^^^^^^^^^^^^^^^^^^^^^^^^^^^^^^^^^\n  File \"/usr/local/lib/python3.11/site-packages/selenium/webdriver/remote/webdriver.py\", line 346, in execute\n    self.error_handler.check_response(response)\n  File \"/usr/local/lib/python3.11/site-packages/selenium/webdriver/remote/errorhandler.py\", line 245, in check_response\n    raise exception_class(message, screen, stacktrace)\n","steps":[],"attachments":[],"parameters":[],"shouldDisplayMessage":true,"stepsCount":0,"attachmentsCount":0,"hasContent":true}],"attachments":[{"uid":"cc349c3c8a92834a","name":"Screenshot","source":"cc349c3c8a92834a.png","type":"image/png","size":39127},{"uid":"9a2377e0a8e0a879","name":"HTML source","source":"9a2377e0a8e0a879.html","type":"text/html","size":538}],"parameters":[],"shouldDisplayMessage":true,"stepsCount":1,"attachmentsCount":2,"hasContent":true},"afterStages":[{"name":"driver::0","time":{"start":1695690289257,"stop":1695690289317,"duration":60},"status":"passed","steps":[],"attachments":[],"parameters":[],"shouldDisplayMessage":false,"stepsCount":0,"attachmentsCount":0,"hasContent":false},{"name":"setup::0","time":{"start":1695690289257,"stop":1695690289257,"duration":0},"status":"passed","steps":[],"attachments":[],"parameters":[],"shouldDisplayMessage":false,"stepsCount":0,"attachmentsCount":0,"hasContent":false}],"labels":[{"name":"feature","value":"Footer functionality"},{"name":"epic","value":"Main Page"},{"name":"tag","value":"smoke_test"},{"name":"parentSuite","value":"tests"},{"name":"suite","value":"test_main_page"},{"name":"subSuite","value":"TestMainPage"},{"name":"host","value":"b473dd2dc69f"},{"name":"thread","value":"1-MainThread"},{"name":"framework","value":"pytest"},{"name":"language","value":"cpython3"},{"name":"package","value":"tests.test_main_page"},{"name":"resultFormat","value":"allure2"}],"parameters":[{"name":"url","value":"'https://test2.stroyrem-nn.ru/'"}],"links":[],"hidden":false,"retry":false,"extra":{"severity":"normal","retries":[],"categories":[{"name":"Test defects","matchedStatuses":[],"flaky":false}],"history":{"statistic":{"failed":0,"broken":13,"skipped":0,"passed":35,"unknown":0,"total":48},"items":[{"uid":"1f95f24274215a6f","reportUrl":"https://zaelcovsky.github.io/StroyremAutomation/90//#testresult/1f95f24274215a6f","status":"broken","statusDetails":"selenium.common.exceptions.NoSuchElementException: Message: no such element: Unable to locate element: {\"method\":\"xpath\",\"selector\":\"(//a[@href='/podem-strojmaterialov-v-kvartiru'])[3]\"}\n  (Session info: headless chrome=117.0.5938.92); For documentation on this error, please visit: https://www.selenium.dev/documentation/webdriver/troubleshooting/errors#no-such-element-exception\nStacktrace:\n#0 0x556a4c3686b3 <unknown>\n#1 0x556a4c03e1e7 <unknown>\n#2 0x556a4c085566 <unknown>\n#3 0x556a4c085651 <unknown>\n#4 0x556a4c0c2a74 <unknown>\n#5 0x556a4c0a70ed <unknown>\n#6 0x556a4c0c0322 <unknown>\n#7 0x556a4c0a6e93 <unknown>\n#8 0x556a4c079934 <unknown>\n#9 0x556a4c07a71e <unknown>\n#10 0x556a4c32dcb8 <unknown>\n#11 0x556a4c331bf0 <unknown>\n#12 0x556a4c33c19c <unknown>\n#13 0x556a4c332808 <unknown>\n#14 0x556a4c2ff27f <unknown>\n#15 0x556a4c356e88 <unknown>\n#16 0x556a4c357059 <unknown>\n#17 0x556a4c367843 <unknown>\n#18 0x7f46989ad044 <unknown>","time":{"start":1695603798654,"stop":1695603798669,"duration":15}},{"uid":"e1a397f0c374e9eb","reportUrl":"https://zaelcovsky.github.io/StroyremAutomation/89//#testresult/e1a397f0c374e9eb","status":"broken","statusDetails":"selenium.common.exceptions.NoSuchElementException: Message: no such element: Unable to locate element: {\"method\":\"xpath\",\"selector\":\"(//a[@href='/podem-strojmaterialov-v-kvartiru'])[3]\"}\n  (Session info: headless chrome=117.0.5938.92); For documentation on this error, please visit: https://www.selenium.dev/documentation/webdriver/troubleshooting/errors#no-such-element-exception\nStacktrace:\n#0 0x55fa723486b3 <unknown>\n#1 0x55fa7201e1e7 <unknown>\n#2 0x55fa72065566 <unknown>\n#3 0x55fa72065651 <unknown>\n#4 0x55fa720a2a74 <unknown>\n#5 0x55fa720870ed <unknown>\n#6 0x55fa720a0322 <unknown>\n#7 0x55fa72086e93 <unknown>\n#8 0x55fa72059934 <unknown>\n#9 0x55fa7205a71e <unknown>\n#10 0x55fa7230dcb8 <unknown>\n#11 0x55fa72311bf0 <unknown>\n#12 0x55fa7231c19c <unknown>\n#13 0x55fa72312808 <unknown>\n#14 0x55fa722df27f <unknown>\n#15 0x55fa72336e88 <unknown>\n#16 0x55fa72337059 <unknown>\n#17 0x55fa72347843 <unknown>\n#18 0x7efc6612f044 <unknown>","time":{"start":1695517591032,"stop":1695517591048,"duration":16}},{"uid":"3e9c800a0792dca4","reportUrl":"https://zaelcovsky.github.io/StroyremAutomation/88//#testresult/3e9c800a0792dca4","status":"broken","statusDetails":"selenium.common.exceptions.NoSuchElementException: Message: no such element: Unable to locate element: {\"method\":\"xpath\",\"selector\":\"(//a[@href='/podem-strojmaterialov-v-kvartiru'])[3]\"}\n  (Session info: headless chrome=117.0.5938.92); For documentation on this error, please visit: https://www.selenium.dev/documentation/webdriver/troubleshooting/errors#no-such-element-exception\nStacktrace:\n#0 0x560246cbb6b3 <unknown>\n#1 0x5602469911e7 <unknown>\n#2 0x5602469d8566 <unknown>\n#3 0x5602469d8651 <unknown>\n#4 0x560246a15a74 <unknown>\n#5 0x5602469fa0ed <unknown>\n#6 0x560246a13322 <unknown>\n#7 0x5602469f9e93 <unknown>\n#8 0x5602469cc934 <unknown>\n#9 0x5602469cd71e <unknown>\n#10 0x560246c80cb8 <unknown>\n#11 0x560246c84bf0 <unknown>\n#12 0x560246c8f19c <unknown>\n#13 0x560246c85808 <unknown>\n#14 0x560246c5227f <unknown>\n#15 0x560246ca9e88 <unknown>\n#16 0x560246caa059 <unknown>\n#17 0x560246cba843 <unknown>\n#18 0x7fed17514044 <unknown>","time":{"start":1695430915404,"stop":1695430915423,"duration":19}},{"uid":"4dadd2673ed7ab0e","reportUrl":"https://zaelcovsky.github.io/StroyremAutomation/87//#testresult/4dadd2673ed7ab0e","status":"broken","statusDetails":"selenium.common.exceptions.NoSuchElementException: Message: no such element: Unable to locate element: {\"method\":\"xpath\",\"selector\":\"(//a[@href='/podem-strojmaterialov-v-kvartiru'])[3]\"}\n  (Session info: headless chrome=117.0.5938.92); For documentation on this error, please visit: https://www.selenium.dev/documentation/webdriver/troubleshooting/errors#no-such-element-exception\nStacktrace:\n#0 0x5562980166b3 <unknown>\n#1 0x556297cec1e7 <unknown>\n#2 0x556297d33566 <unknown>\n#3 0x556297d33651 <unknown>\n#4 0x556297d70a74 <unknown>\n#5 0x556297d550ed <unknown>\n#6 0x556297d6e322 <unknown>\n#7 0x556297d54e93 <unknown>\n#8 0x556297d27934 <unknown>\n#9 0x556297d2871e <unknown>\n#10 0x556297fdbcb8 <unknown>\n#11 0x556297fdfbf0 <unknown>\n#12 0x556297fea19c <unknown>\n#13 0x556297fe0808 <unknown>\n#14 0x556297fad27f <unknown>\n#15 0x556298004e88 <unknown>\n#16 0x556298005059 <unknown>\n#17 0x556298015843 <unknown>\n#18 0x7fed2caaa044 <unknown>","time":{"start":1695344560561,"stop":1695344560579,"duration":18}},{"uid":"a750c31b960a162e","reportUrl":"https://zaelcovsky.github.io/StroyremAutomation/86//#testresult/a750c31b960a162e","status":"broken","statusDetails":"selenium.common.exceptions.NoSuchElementException: Message: no such element: Unable to locate element: {\"method\":\"xpath\",\"selector\":\"(//a[@href='/podem-strojmaterialov-v-kvartiru'])[3]\"}\n  (Session info: headless chrome=117.0.5938.88); For documentation on this error, please visit: https://www.selenium.dev/documentation/webdriver/troubleshooting/errors#no-such-element-exception\nStacktrace:\n#0 0x55c8d76ed6c3 <unknown>\n#1 0x55c8d73c31e7 <unknown>\n#2 0x55c8d740a566 <unknown>\n#3 0x55c8d740a651 <unknown>\n#4 0x55c8d7447a74 <unknown>\n#5 0x55c8d742c0ed <unknown>\n#6 0x55c8d7445322 <unknown>\n#7 0x55c8d742be93 <unknown>\n#8 0x55c8d73fe934 <unknown>\n#9 0x55c8d73ff71e <unknown>\n#10 0x55c8d76b2cc8 <unknown>\n#11 0x55c8d76b6c00 <unknown>\n#12 0x55c8d76c11ac <unknown>\n#13 0x55c8d76b7818 <unknown>\n#14 0x55c8d768428f <unknown>\n#15 0x55c8d76dbe98 <unknown>\n#16 0x55c8d76dc069 <unknown>\n#17 0x55c8d76ec853 <unknown>\n#18 0x7fdb66f7d044 <unknown>","time":{"start":1695258121491,"stop":1695258121508,"duration":17}},{"uid":"e6e081ce5b4f5703","reportUrl":"https://zaelcovsky.github.io/StroyremAutomation/85//#testresult/e6e081ce5b4f5703","status":"broken","statusDetails":"selenium.common.exceptions.NoSuchElementException: Message: no such element: Unable to locate element: {\"method\":\"xpath\",\"selector\":\"(//a[@href='/podem-strojmaterialov-v-kvartiru'])[3]\"}\n  (Session info: headless chrome=117.0.5938.88); For documentation on this error, please visit: https://www.selenium.dev/documentation/webdriver/troubleshooting/errors#no-such-element-exception\nStacktrace:\n#0 0x555f0f0866c3 <unknown>\n#1 0x555f0ed5c1e7 <unknown>\n#2 0x555f0eda3566 <unknown>\n#3 0x555f0eda3651 <unknown>\n#4 0x555f0ede0a74 <unknown>\n#5 0x555f0edc50ed <unknown>\n#6 0x555f0edde322 <unknown>\n#7 0x555f0edc4e93 <unknown>\n#8 0x555f0ed97934 <unknown>\n#9 0x555f0ed9871e <unknown>\n#10 0x555f0f04bcc8 <unknown>\n#11 0x555f0f04fc00 <unknown>\n#12 0x555f0f05a1ac <unknown>\n#13 0x555f0f050818 <unknown>\n#14 0x555f0f01d28f <unknown>\n#15 0x555f0f074e98 <unknown>\n#16 0x555f0f075069 <unknown>\n#17 0x555f0f085853 <unknown>\n#18 0x7f58b712e044 <unknown>","time":{"start":1695171796606,"stop":1695171796626,"duration":20}},{"uid":"1406acc0a1975728","reportUrl":"https://zaelcovsky.github.io/StroyremAutomation/84//#testresult/1406acc0a1975728","status":"passed","time":{"start":1695085460874,"stop":1695085461995,"duration":1121}},{"uid":"45469c02a200a6f","reportUrl":"https://zaelcovsky.github.io/StroyremAutomation/83//#testresult/45469c02a200a6f","status":"broken","statusDetails":"selenium.common.exceptions.NoSuchElementException: Message: no such element: Unable to locate element: {\"method\":\"xpath\",\"selector\":\"(//a[@href='/podem-strojmaterialov-v-kvartiru'])[3]\"}\n  (Session info: headless chrome=117.0.5938.88); For documentation on this error, please visit: https://www.selenium.dev/documentation/webdriver/troubleshooting/errors#no-such-element-exception\nStacktrace:\n#0 0x55a8039616c3 <unknown>\n#1 0x55a8036371e7 <unknown>\n#2 0x55a80367e566 <unknown>\n#3 0x55a80367e651 <unknown>\n#4 0x55a8036bba74 <unknown>\n#5 0x55a8036a00ed <unknown>\n#6 0x55a8036b9322 <unknown>\n#7 0x55a80369fe93 <unknown>\n#8 0x55a803672934 <unknown>\n#9 0x55a80367371e <unknown>\n#10 0x55a803926cc8 <unknown>\n#11 0x55a80392ac00 <unknown>\n#12 0x55a8039351ac <unknown>\n#13 0x55a80392b818 <unknown>\n#14 0x55a8038f828f <unknown>\n#15 0x55a80394fe98 <unknown>\n#16 0x55a803950069 <unknown>\n#17 0x55a803960853 <unknown>\n#18 0x7fd966505044 <unknown>","time":{"start":1694999035829,"stop":1694999035848,"duration":19}},{"uid":"9a484f436051af40","reportUrl":"https://zaelcovsky.github.io/StroyremAutomation/82//#testresult/9a484f436051af40","status":"broken","statusDetails":"selenium.common.exceptions.NoSuchElementException: Message: no such element: Unable to locate element: {\"method\":\"xpath\",\"selector\":\"(//a[@href='/podem-strojmaterialov-v-kvartiru'])[3]\"}\n  (Session info: headless chrome=117.0.5938.88); For documentation on this error, please visit: https://www.selenium.dev/documentation/webdriver/troubleshooting/errors#no-such-element-exception\nStacktrace:\n#0 0x562773d936c3 <unknown>\n#1 0x562773a691e7 <unknown>\n#2 0x562773ab0566 <unknown>\n#3 0x562773ab0651 <unknown>\n#4 0x562773aeda74 <unknown>\n#5 0x562773ad20ed <unknown>\n#6 0x562773aeb322 <unknown>\n#7 0x562773ad1e93 <unknown>\n#8 0x562773aa4934 <unknown>\n#9 0x562773aa571e <unknown>\n#10 0x562773d58cc8 <unknown>\n#11 0x562773d5cc00 <unknown>\n#12 0x562773d671ac <unknown>\n#13 0x562773d5d818 <unknown>\n#14 0x562773d2a28f <unknown>\n#15 0x562773d81e98 <unknown>\n#16 0x562773d82069 <unknown>\n#17 0x562773d92853 <unknown>\n#18 0x7f2a011b2044 <unknown>","time":{"start":1694912742724,"stop":1694912742741,"duration":17}},{"uid":"55c5335a6a0a6d9d","reportUrl":"https://zaelcovsky.github.io/StroyremAutomation/81//#testresult/55c5335a6a0a6d9d","status":"broken","statusDetails":"selenium.common.exceptions.NoSuchElementException: Message: no such element: Unable to locate element: {\"method\":\"xpath\",\"selector\":\"(//a[@href='/podem-strojmaterialov-v-kvartiru'])[3]\"}\n  (Session info: headless chrome=117.0.5938.88); For documentation on this error, please visit: https://www.selenium.dev/documentation/webdriver/troubleshooting/errors#no-such-element-exception\nStacktrace:\n#0 0x5616c7b746c3 <unknown>\n#1 0x5616c784a1e7 <unknown>\n#2 0x5616c7891566 <unknown>\n#3 0x5616c7891651 <unknown>\n#4 0x5616c78cea74 <unknown>\n#5 0x5616c78b30ed <unknown>\n#6 0x5616c78cc322 <unknown>\n#7 0x5616c78b2e93 <unknown>\n#8 0x5616c7885934 <unknown>\n#9 0x5616c788671e <unknown>\n#10 0x5616c7b39cc8 <unknown>\n#11 0x5616c7b3dc00 <unknown>\n#12 0x5616c7b481ac <unknown>\n#13 0x5616c7b3e818 <unknown>\n#14 0x5616c7b0b28f <unknown>\n#15 0x5616c7b62e98 <unknown>\n#16 0x5616c7b63069 <unknown>\n#17 0x5616c7b73853 <unknown>\n#18 0x7f755eb76044 <unknown>","time":{"start":1694826120780,"stop":1694826120799,"duration":19}},{"uid":"21a2fcd7ad400ac4","reportUrl":"https://zaelcovsky.github.io/StroyremAutomation/80//#testresult/21a2fcd7ad400ac4","status":"broken","statusDetails":"selenium.common.exceptions.NoSuchElementException: Message: no such element: Unable to locate element: {\"method\":\"xpath\",\"selector\":\"(//a[@href='/podem-strojmaterialov-v-kvartiru'])[3]\"}\n  (Session info: headless chrome=117.0.5938.62); For documentation on this error, please visit: https://www.selenium.dev/documentation/webdriver/troubleshooting/errors#no-such-element-exception\nStacktrace:\n#0 0x5611e3b91693 <unknown>\n#1 0x5611e38671e7 <unknown>\n#2 0x5611e38ae566 <unknown>\n#3 0x5611e38ae651 <unknown>\n#4 0x5611e38eba74 <unknown>\n#5 0x5611e38d00ed <unknown>\n#6 0x5611e38e9322 <unknown>\n#7 0x5611e38cfe93 <unknown>\n#8 0x5611e38a2934 <unknown>\n#9 0x5611e38a371e <unknown>\n#10 0x5611e3b56c98 <unknown>\n#11 0x5611e3b5abd0 <unknown>\n#12 0x5611e3b6517c <unknown>\n#13 0x5611e3b5b7e8 <unknown>\n#14 0x5611e3b2825f <unknown>\n#15 0x5611e3b7fe68 <unknown>\n#16 0x5611e3b80039 <unknown>\n#17 0x5611e3b90823 <unknown>\n#18 0x7f6a74d58044 <unknown>","time":{"start":1694739785985,"stop":1694739786002,"duration":17}},{"uid":"f7599181d419a1db","reportUrl":"https://zaelcovsky.github.io/StroyremAutomation/79//#testresult/f7599181d419a1db","status":"passed","time":{"start":1694653464048,"stop":1694653465463,"duration":1415}},{"uid":"b7a113d75d24163a","reportUrl":"https://zaelcovsky.github.io/StroyremAutomation/78//#testresult/b7a113d75d24163a","status":"passed","time":{"start":1694567058787,"stop":1694567059836,"duration":1049}},{"uid":"e4381ab1d49dcb3c","reportUrl":"https://zaelcovsky.github.io/StroyremAutomation/77//#testresult/e4381ab1d49dcb3c","status":"passed","time":{"start":1694480596349,"stop":1694480597783,"duration":1434}},{"uid":"57a0d7a072aefe5b","reportUrl":"https://zaelcovsky.github.io/StroyremAutomation/76//#testresult/57a0d7a072aefe5b","status":"passed","time":{"start":1694394210958,"stop":1694394212075,"duration":1117}},{"uid":"27de91d5621c6849","reportUrl":"https://zaelcovsky.github.io/StroyremAutomation/75//#testresult/27de91d5621c6849","status":"passed","time":{"start":1694307979085,"stop":1694307980155,"duration":1070}},{"uid":"4aa9e9d680e030","reportUrl":"https://zaelcovsky.github.io/StroyremAutomation/74//#testresult/4aa9e9d680e030","status":"passed","time":{"start":1694221408153,"stop":1694221409513,"duration":1360}},{"uid":"c23c9f19c38c5e38","reportUrl":"https://zaelcovsky.github.io/StroyremAutomation/73//#testresult/c23c9f19c38c5e38","status":"passed","time":{"start":1694134969536,"stop":1694134970652,"duration":1116}},{"uid":"e031f2861ec042da","reportUrl":"https://zaelcovsky.github.io/StroyremAutomation/72//#testresult/e031f2861ec042da","status":"passed","time":{"start":1694048622313,"stop":1694048623612,"duration":1299}},{"uid":"8b618b69f54af061","reportUrl":"https://zaelcovsky.github.io/StroyremAutomation/71//#testresult/8b618b69f54af061","status":"passed","time":{"start":1693962275675,"stop":1693962277045,"duration":1370}}]},"tags":["smoke_test"]},"source":"2d98091e5eed72b0.json","parameterValues":["'https://test2.stroyrem-nn.ru/'"]}