{"uid":"2f89449f60c115a","name":"test_positive_delivery_green_zone_smoke[TD 001-products/uroven---uglomer-elektronnyj-kapro-992-1-30-0-1590-2190-https://sandboxtest.stroyrem-nn.ru/]","fullName":"tests.delivery.test_delivery_calculation.TestDeliveryPageCalculation#test_positive_delivery_green_zone_smoke","historyId":"7d50f9d85ab9724fc9bef1ba931d63a5","time":{"start":1704157766501,"stop":1704157767087,"duration":586},"status":"broken","statusMessage":"selenium.common.exceptions.NoSuchElementException: Message: no such element: Unable to locate element: {\"method\":\"xpath\",\"selector\":\"(//a[@class='add-to-cart yellow-btn'])[1]\"}\n  (Session info: chrome-headless-shell=120.0.6099.109); For documentation on this error, please visit: https://www.selenium.dev/documentation/webdriver/troubleshooting/errors#no-such-element-exception\nStacktrace:\n#0 0x56520b7a8f83 <unknown>\n#1 0x56520b461cf7 <unknown>\n#2 0x56520b4b199e <unknown>\n#3 0x56520b4b1aa1 <unknown>\n#4 0x56520b4fcd64 <unknown>\n#5 0x56520b4db0dd <unknown>\n#6 0x56520b4fa006 <unknown>\n#7 0x56520b4dae53 <unknown>\n#8 0x56520b4a2dd4 <unknown>\n#9 0x56520b4a41de <unknown>\n#10 0x56520b76d531 <unknown>\n#11 0x56520b771455 <unknown>\n#12 0x56520b759f55 <unknown>\n#13 0x56520b7720ef <unknown>\n#14 0x56520b73d99f <unknown>\n#15 0x56520b796008 <unknown>\n#16 0x56520b7961d7 <unknown>\n#17 0x56520b7a8124 <unknown>\n#18 0x7f9a7bae0044 <unknown>","statusTrace":"self = <tests.delivery.test_delivery_calculation.TestDeliveryPageCalculation object at 0x7f73413680d0>\ndriver = <selenium.webdriver.chrome.webdriver.WebDriver (session=\"5ec72728ad9d71b44abf5714752995de\")>\nurl = 'https://sandboxtest.stroyrem-nn.ru/', case_id = 'TD 001'\nlink_item = 'products/uroven---uglomer-elektronnyj-kapro-992', amount = 1\nweight = 30, standard = 0, in_time = 1590, all_time = 2190\n\n    @pytest.mark.parametrize('case_id, link_item, amount, weight, standard, in_time, all_time', [\n        (\"TD 001\", uroven_3000, 1, 30, 0, 1590, 2190),\n        (\"TD 002\", bundeks_25, 1, 30, 400, 1590, 2190),\n        (\"TD 003\", aksolit_30, 8, 300, 400, 1590, 2190),\n        (\"TD 004\", aksolit_30, 13, 400, 450, 1590, 2190),\n        (\"TD 005\", aksolit_30, 16, 500, 600, 1590, 2190),\n        (\"TD 006\", aksolit_30, 25, 1700, 990, 1990, 2480),\n        (\"TD 007\", aksolit_30, 66, 2000, 1300, 2490, 2980),\n        (\"TD 008\", aksolit_30, 149, 4500, 2300, 3980, 4490),\n        (\"TD 009\", aksolit_30, 166, 5000, 2500, 4990, 5480),\n        pytest.param(\n            \"TD 010\", aksolit_30, 206, 6200, 2900, 5570, 6120,\n            marks=pytest.mark.xfail(reson=\"Цена доставки 3600 7960 8980\")\n        ),\n        (\"TD 011\", aksolit_30, 299, 9000, 3600, 7960, 8980),\n        (\"TD 012\", aksolit_30, 333, 10000, 4450, 11990, 12500),\n        pytest.param(\n            \"TD 013\", aksolit_30, 366, 11000, 4800, 12450, 13480,\n            marks=pytest.mark.xfail(reason=\"Цена стандартной доставки 4450\")\n        ),\n        pytest.param(\n            \"TD 014\", aksolit_30, 666, 20000, 5400, 15600, 17490,\n            marks=pytest.mark.xfail(reason=\"Цена стандартной доставки 4450\")\n        )\n    ])\n    @pytest.mark.smoke\n    def test_positive_delivery_green_zone_smoke(\n            self, driver, url, case_id, link_item, amount, weight, standard, in_time, all_time\n    ):\n    \n        driver.get(f'{url}{link_item}')\n        item_page = ItemPage(driver)\n>       item_page.add_item_to_cart(amount).click_on_cart()\n\ntests/delivery/test_delivery_calculation.py:49: \n_ _ _ _ _ _ _ _ _ _ _ _ _ _ _ _ _ _ _ _ _ _ _ _ _ _ _ _ _ _ _ _ _ _ _ _ _ _ _ _ \npages/item_page.py:40: in add_item_to_cart\n    self.find_element(self._add_item).click()\nbase/seleniumbase.py:17: in find_element\n    return self.driver.find_element(*locator)\n/usr/local/lib/python3.11/site-packages/selenium/webdriver/remote/webdriver.py:740: in find_element\n    return self.execute(Command.FIND_ELEMENT, {\"using\": by, \"value\": value})[\"value\"]\n/usr/local/lib/python3.11/site-packages/selenium/webdriver/remote/webdriver.py:346: in execute\n    self.error_handler.check_response(response)\n_ _ _ _ _ _ _ _ _ _ _ _ _ _ _ _ _ _ _ _ _ _ _ _ _ _ _ _ _ _ _ _ _ _ _ _ _ _ _ _ \n\nself = <selenium.webdriver.remote.errorhandler.ErrorHandler object at 0x7f7340fba890>\nresponse = {'status': 404, 'value': '{\"value\":{\"error\":\"no such element\",\"message\":\"no such element: Unable to locate element: {\\...\\\\n#16 0x56520b7961d7 \\\\u003Cunknown>\\\\n#17 0x56520b7a8124 \\\\u003Cunknown>\\\\n#18 0x7f9a7bae0044 \\\\u003Cunknown>\\\\n\"}}'}\n\n    def check_response(self, response: Dict[str, Any]) -> None:\n        \"\"\"Checks that a JSON response from the WebDriver does not have an\n        error.\n    \n        :Args:\n         - response - The JSON response from the WebDriver server as a dictionary\n           object.\n    \n        :Raises: If the response contains an error message.\n        \"\"\"\n        status = response.get(\"status\", None)\n        if not status or status == ErrorCode.SUCCESS:\n            return\n        value = None\n        message = response.get(\"message\", \"\")\n        screen: str = response.get(\"screen\", \"\")\n        stacktrace = None\n        if isinstance(status, int):\n            value_json = response.get(\"value\", None)\n            if value_json and isinstance(value_json, str):\n                import json\n    \n                try:\n                    value = json.loads(value_json)\n                    if len(value) == 1:\n                        value = value[\"value\"]\n                    status = value.get(\"error\", None)\n                    if not status:\n                        status = value.get(\"status\", ErrorCode.UNKNOWN_ERROR)\n                        message = value.get(\"value\") or value.get(\"message\")\n                        if not isinstance(message, str):\n                            value = message\n                            message = message.get(\"message\")\n                    else:\n                        message = value.get(\"message\", None)\n                except ValueError:\n                    pass\n    \n        exception_class: Type[WebDriverException]\n        if status in ErrorCode.NO_SUCH_ELEMENT:\n            exception_class = NoSuchElementException\n        elif status in ErrorCode.NO_SUCH_FRAME:\n            exception_class = NoSuchFrameException\n        elif status in ErrorCode.NO_SUCH_SHADOW_ROOT:\n            exception_class = NoSuchShadowRootException\n        elif status in ErrorCode.NO_SUCH_WINDOW:\n            exception_class = NoSuchWindowException\n        elif status in ErrorCode.STALE_ELEMENT_REFERENCE:\n            exception_class = StaleElementReferenceException\n        elif status in ErrorCode.ELEMENT_NOT_VISIBLE:\n            exception_class = ElementNotVisibleException\n        elif status in ErrorCode.INVALID_ELEMENT_STATE:\n            exception_class = InvalidElementStateException\n        elif (\n            status in ErrorCode.INVALID_SELECTOR\n            or status in ErrorCode.INVALID_XPATH_SELECTOR\n            or status in ErrorCode.INVALID_XPATH_SELECTOR_RETURN_TYPER\n        ):\n            exception_class = InvalidSelectorException\n        elif status in ErrorCode.ELEMENT_IS_NOT_SELECTABLE:\n            exception_class = ElementNotSelectableException\n        elif status in ErrorCode.ELEMENT_NOT_INTERACTABLE:\n            exception_class = ElementNotInteractableException\n        elif status in ErrorCode.INVALID_COOKIE_DOMAIN:\n            exception_class = InvalidCookieDomainException\n        elif status in ErrorCode.UNABLE_TO_SET_COOKIE:\n            exception_class = UnableToSetCookieException\n        elif status in ErrorCode.TIMEOUT:\n            exception_class = TimeoutException\n        elif status in ErrorCode.SCRIPT_TIMEOUT:\n            exception_class = TimeoutException\n        elif status in ErrorCode.UNKNOWN_ERROR:\n            exception_class = WebDriverException\n        elif status in ErrorCode.UNEXPECTED_ALERT_OPEN:\n            exception_class = UnexpectedAlertPresentException\n        elif status in ErrorCode.NO_ALERT_OPEN:\n            exception_class = NoAlertPresentException\n        elif status in ErrorCode.IME_NOT_AVAILABLE:\n            exception_class = ImeNotAvailableException\n        elif status in ErrorCode.IME_ENGINE_ACTIVATION_FAILED:\n            exception_class = ImeActivationFailedException\n        elif status in ErrorCode.MOVE_TARGET_OUT_OF_BOUNDS:\n            exception_class = MoveTargetOutOfBoundsException\n        elif status in ErrorCode.JAVASCRIPT_ERROR:\n            exception_class = JavascriptException\n        elif status in ErrorCode.SESSION_NOT_CREATED:\n            exception_class = SessionNotCreatedException\n        elif status in ErrorCode.INVALID_ARGUMENT:\n            exception_class = InvalidArgumentException\n        elif status in ErrorCode.NO_SUCH_COOKIE:\n            exception_class = NoSuchCookieException\n        elif status in ErrorCode.UNABLE_TO_CAPTURE_SCREEN:\n            exception_class = ScreenshotException\n        elif status in ErrorCode.ELEMENT_CLICK_INTERCEPTED:\n            exception_class = ElementClickInterceptedException\n        elif status in ErrorCode.INSECURE_CERTIFICATE:\n            exception_class = InsecureCertificateException\n        elif status in ErrorCode.INVALID_COORDINATES:\n            exception_class = InvalidCoordinatesException\n        elif status in ErrorCode.INVALID_SESSION_ID:\n            exception_class = InvalidSessionIdException\n        elif status in ErrorCode.UNKNOWN_METHOD:\n            exception_class = UnknownMethodException\n        else:\n            exception_class = WebDriverException\n        if not value:\n            value = response[\"value\"]\n        if isinstance(value, str):\n            raise exception_class(value)\n        if message == \"\" and \"message\" in value:\n            message = value[\"message\"]\n    \n        screen = None  # type: ignore[assignment]\n        if \"screen\" in value:\n            screen = value[\"screen\"]\n    \n        stacktrace = None\n        st_value = value.get(\"stackTrace\") or value.get(\"stacktrace\")\n        if st_value:\n            if isinstance(st_value, str):\n                stacktrace = st_value.split(\"\\n\")\n            else:\n                stacktrace = []\n                try:\n                    for frame in st_value:\n                        line = frame.get(\"lineNumber\", \"\")\n                        file = frame.get(\"fileName\", \"<anonymous>\")\n                        if line:\n                            file = f\"{file}:{line}\"\n                        meth = frame.get(\"methodName\", \"<anonymous>\")\n                        if \"className\" in frame:\n                            meth = f\"{frame['className']}.{meth}\"\n                        msg = \"    at %s (%s)\"\n                        msg = msg % (meth, file)\n                        stacktrace.append(msg)\n                except TypeError:\n                    pass\n        if exception_class == UnexpectedAlertPresentException:\n            alert_text = None\n            if \"data\" in value:\n                alert_text = value[\"data\"].get(\"text\")\n            elif \"alert\" in value:\n                alert_text = value[\"alert\"].get(\"text\")\n            raise exception_class(message, screen, stacktrace, alert_text)  # type: ignore[call-arg]  # mypy is not smart enough here\n>       raise exception_class(message, screen, stacktrace)\nE       selenium.common.exceptions.NoSuchElementException: Message: no such element: Unable to locate element: {\"method\":\"xpath\",\"selector\":\"(//a[@class='add-to-cart yellow-btn'])[1]\"}\nE         (Session info: chrome-headless-shell=120.0.6099.109); For documentation on this error, please visit: https://www.selenium.dev/documentation/webdriver/troubleshooting/errors#no-such-element-exception\nE       Stacktrace:\nE       #0 0x56520b7a8f83 <unknown>\nE       #1 0x56520b461cf7 <unknown>\nE       #2 0x56520b4b199e <unknown>\nE       #3 0x56520b4b1aa1 <unknown>\nE       #4 0x56520b4fcd64 <unknown>\nE       #5 0x56520b4db0dd <unknown>\nE       #6 0x56520b4fa006 <unknown>\nE       #7 0x56520b4dae53 <unknown>\nE       #8 0x56520b4a2dd4 <unknown>\nE       #9 0x56520b4a41de <unknown>\nE       #10 0x56520b76d531 <unknown>\nE       #11 0x56520b771455 <unknown>\nE       #12 0x56520b759f55 <unknown>\nE       #13 0x56520b7720ef <unknown>\nE       #14 0x56520b73d99f <unknown>\nE       #15 0x56520b796008 <unknown>\nE       #16 0x56520b7961d7 <unknown>\nE       #17 0x56520b7a8124 <unknown>\nE       #18 0x7f9a7bae0044 <unknown>\n\n/usr/local/lib/python3.11/site-packages/selenium/webdriver/remote/errorhandler.py:245: NoSuchElementException","flaky":false,"newFailed":false,"newBroken":false,"newPassed":false,"retriesCount":0,"retriesStatusChange":false,"beforeStages":[{"name":"_session_faker","time":{"start":1704157347733,"stop":1704157347809,"duration":76},"status":"passed","steps":[],"attachments":[],"parameters":[],"shouldDisplayMessage":false,"stepsCount":0,"attachmentsCount":0,"hasContent":false,"attachmentStep":false},{"name":"clear_allure_results_folder","time":{"start":1704157347809,"stop":1704157347810,"duration":1},"status":"passed","steps":[],"attachments":[],"parameters":[],"shouldDisplayMessage":false,"stepsCount":0,"attachmentsCount":0,"hasContent":false,"attachmentStep":false},{"name":"driver","time":{"start":1704157765765,"stop":1704157766500,"duration":735},"status":"passed","steps":[],"attachments":[],"parameters":[],"shouldDisplayMessage":false,"stepsCount":0,"attachmentsCount":0,"hasContent":false,"attachmentStep":false},{"name":"setup","time":{"start":1704157766500,"stop":1704157766500,"duration":0},"status":"passed","steps":[],"attachments":[],"parameters":[],"shouldDisplayMessage":false,"stepsCount":0,"attachmentsCount":0,"hasContent":false,"attachmentStep":false}],"testStage":{"status":"broken","statusMessage":"selenium.common.exceptions.NoSuchElementException: Message: no such element: Unable to locate element: {\"method\":\"xpath\",\"selector\":\"(//a[@class='add-to-cart yellow-btn'])[1]\"}\n  (Session info: chrome-headless-shell=120.0.6099.109); For documentation on this error, please visit: https://www.selenium.dev/documentation/webdriver/troubleshooting/errors#no-such-element-exception\nStacktrace:\n#0 0x56520b7a8f83 <unknown>\n#1 0x56520b461cf7 <unknown>\n#2 0x56520b4b199e <unknown>\n#3 0x56520b4b1aa1 <unknown>\n#4 0x56520b4fcd64 <unknown>\n#5 0x56520b4db0dd <unknown>\n#6 0x56520b4fa006 <unknown>\n#7 0x56520b4dae53 <unknown>\n#8 0x56520b4a2dd4 <unknown>\n#9 0x56520b4a41de <unknown>\n#10 0x56520b76d531 <unknown>\n#11 0x56520b771455 <unknown>\n#12 0x56520b759f55 <unknown>\n#13 0x56520b7720ef <unknown>\n#14 0x56520b73d99f <unknown>\n#15 0x56520b796008 <unknown>\n#16 0x56520b7961d7 <unknown>\n#17 0x56520b7a8124 <unknown>\n#18 0x7f9a7bae0044 <unknown>","statusTrace":"self = <tests.delivery.test_delivery_calculation.TestDeliveryPageCalculation object at 0x7f73413680d0>\ndriver = <selenium.webdriver.chrome.webdriver.WebDriver (session=\"5ec72728ad9d71b44abf5714752995de\")>\nurl = 'https://sandboxtest.stroyrem-nn.ru/', case_id = 'TD 001'\nlink_item = 'products/uroven---uglomer-elektronnyj-kapro-992', amount = 1\nweight = 30, standard = 0, in_time = 1590, all_time = 2190\n\n    @pytest.mark.parametrize('case_id, link_item, amount, weight, standard, in_time, all_time', [\n        (\"TD 001\", uroven_3000, 1, 30, 0, 1590, 2190),\n        (\"TD 002\", bundeks_25, 1, 30, 400, 1590, 2190),\n        (\"TD 003\", aksolit_30, 8, 300, 400, 1590, 2190),\n        (\"TD 004\", aksolit_30, 13, 400, 450, 1590, 2190),\n        (\"TD 005\", aksolit_30, 16, 500, 600, 1590, 2190),\n        (\"TD 006\", aksolit_30, 25, 1700, 990, 1990, 2480),\n        (\"TD 007\", aksolit_30, 66, 2000, 1300, 2490, 2980),\n        (\"TD 008\", aksolit_30, 149, 4500, 2300, 3980, 4490),\n        (\"TD 009\", aksolit_30, 166, 5000, 2500, 4990, 5480),\n        pytest.param(\n            \"TD 010\", aksolit_30, 206, 6200, 2900, 5570, 6120,\n            marks=pytest.mark.xfail(reson=\"Цена доставки 3600 7960 8980\")\n        ),\n        (\"TD 011\", aksolit_30, 299, 9000, 3600, 7960, 8980),\n        (\"TD 012\", aksolit_30, 333, 10000, 4450, 11990, 12500),\n        pytest.param(\n            \"TD 013\", aksolit_30, 366, 11000, 4800, 12450, 13480,\n            marks=pytest.mark.xfail(reason=\"Цена стандартной доставки 4450\")\n        ),\n        pytest.param(\n            \"TD 014\", aksolit_30, 666, 20000, 5400, 15600, 17490,\n            marks=pytest.mark.xfail(reason=\"Цена стандартной доставки 4450\")\n        )\n    ])\n    @pytest.mark.smoke\n    def test_positive_delivery_green_zone_smoke(\n            self, driver, url, case_id, link_item, amount, weight, standard, in_time, all_time\n    ):\n    \n        driver.get(f'{url}{link_item}')\n        item_page = ItemPage(driver)\n>       item_page.add_item_to_cart(amount).click_on_cart()\n\ntests/delivery/test_delivery_calculation.py:49: \n_ _ _ _ _ _ _ _ _ _ _ _ _ _ _ _ _ _ _ _ _ _ _ _ _ _ _ _ _ _ _ _ _ _ _ _ _ _ _ _ \npages/item_page.py:40: in add_item_to_cart\n    self.find_element(self._add_item).click()\nbase/seleniumbase.py:17: in find_element\n    return self.driver.find_element(*locator)\n/usr/local/lib/python3.11/site-packages/selenium/webdriver/remote/webdriver.py:740: in find_element\n    return self.execute(Command.FIND_ELEMENT, {\"using\": by, \"value\": value})[\"value\"]\n/usr/local/lib/python3.11/site-packages/selenium/webdriver/remote/webdriver.py:346: in execute\n    self.error_handler.check_response(response)\n_ _ _ _ _ _ _ _ _ _ _ _ _ _ _ _ _ _ _ _ _ _ _ _ _ _ _ _ _ _ _ _ _ _ _ _ _ _ _ _ \n\nself = <selenium.webdriver.remote.errorhandler.ErrorHandler object at 0x7f7340fba890>\nresponse = {'status': 404, 'value': '{\"value\":{\"error\":\"no such element\",\"message\":\"no such element: Unable to locate element: {\\...\\\\n#16 0x56520b7961d7 \\\\u003Cunknown>\\\\n#17 0x56520b7a8124 \\\\u003Cunknown>\\\\n#18 0x7f9a7bae0044 \\\\u003Cunknown>\\\\n\"}}'}\n\n    def check_response(self, response: Dict[str, Any]) -> None:\n        \"\"\"Checks that a JSON response from the WebDriver does not have an\n        error.\n    \n        :Args:\n         - response - The JSON response from the WebDriver server as a dictionary\n           object.\n    \n        :Raises: If the response contains an error message.\n        \"\"\"\n        status = response.get(\"status\", None)\n        if not status or status == ErrorCode.SUCCESS:\n            return\n        value = None\n        message = response.get(\"message\", \"\")\n        screen: str = response.get(\"screen\", \"\")\n        stacktrace = None\n        if isinstance(status, int):\n            value_json = response.get(\"value\", None)\n            if value_json and isinstance(value_json, str):\n                import json\n    \n                try:\n                    value = json.loads(value_json)\n                    if len(value) == 1:\n                        value = value[\"value\"]\n                    status = value.get(\"error\", None)\n                    if not status:\n                        status = value.get(\"status\", ErrorCode.UNKNOWN_ERROR)\n                        message = value.get(\"value\") or value.get(\"message\")\n                        if not isinstance(message, str):\n                            value = message\n                            message = message.get(\"message\")\n                    else:\n                        message = value.get(\"message\", None)\n                except ValueError:\n                    pass\n    \n        exception_class: Type[WebDriverException]\n        if status in ErrorCode.NO_SUCH_ELEMENT:\n            exception_class = NoSuchElementException\n        elif status in ErrorCode.NO_SUCH_FRAME:\n            exception_class = NoSuchFrameException\n        elif status in ErrorCode.NO_SUCH_SHADOW_ROOT:\n            exception_class = NoSuchShadowRootException\n        elif status in ErrorCode.NO_SUCH_WINDOW:\n            exception_class = NoSuchWindowException\n        elif status in ErrorCode.STALE_ELEMENT_REFERENCE:\n            exception_class = StaleElementReferenceException\n        elif status in ErrorCode.ELEMENT_NOT_VISIBLE:\n            exception_class = ElementNotVisibleException\n        elif status in ErrorCode.INVALID_ELEMENT_STATE:\n            exception_class = InvalidElementStateException\n        elif (\n            status in ErrorCode.INVALID_SELECTOR\n            or status in ErrorCode.INVALID_XPATH_SELECTOR\n            or status in ErrorCode.INVALID_XPATH_SELECTOR_RETURN_TYPER\n        ):\n            exception_class = InvalidSelectorException\n        elif status in ErrorCode.ELEMENT_IS_NOT_SELECTABLE:\n            exception_class = ElementNotSelectableException\n        elif status in ErrorCode.ELEMENT_NOT_INTERACTABLE:\n            exception_class = ElementNotInteractableException\n        elif status in ErrorCode.INVALID_COOKIE_DOMAIN:\n            exception_class = InvalidCookieDomainException\n        elif status in ErrorCode.UNABLE_TO_SET_COOKIE:\n            exception_class = UnableToSetCookieException\n        elif status in ErrorCode.TIMEOUT:\n            exception_class = TimeoutException\n        elif status in ErrorCode.SCRIPT_TIMEOUT:\n            exception_class = TimeoutException\n        elif status in ErrorCode.UNKNOWN_ERROR:\n            exception_class = WebDriverException\n        elif status in ErrorCode.UNEXPECTED_ALERT_OPEN:\n            exception_class = UnexpectedAlertPresentException\n        elif status in ErrorCode.NO_ALERT_OPEN:\n            exception_class = NoAlertPresentException\n        elif status in ErrorCode.IME_NOT_AVAILABLE:\n            exception_class = ImeNotAvailableException\n        elif status in ErrorCode.IME_ENGINE_ACTIVATION_FAILED:\n            exception_class = ImeActivationFailedException\n        elif status in ErrorCode.MOVE_TARGET_OUT_OF_BOUNDS:\n            exception_class = MoveTargetOutOfBoundsException\n        elif status in ErrorCode.JAVASCRIPT_ERROR:\n            exception_class = JavascriptException\n        elif status in ErrorCode.SESSION_NOT_CREATED:\n            exception_class = SessionNotCreatedException\n        elif status in ErrorCode.INVALID_ARGUMENT:\n            exception_class = InvalidArgumentException\n        elif status in ErrorCode.NO_SUCH_COOKIE:\n            exception_class = NoSuchCookieException\n        elif status in ErrorCode.UNABLE_TO_CAPTURE_SCREEN:\n            exception_class = ScreenshotException\n        elif status in ErrorCode.ELEMENT_CLICK_INTERCEPTED:\n            exception_class = ElementClickInterceptedException\n        elif status in ErrorCode.INSECURE_CERTIFICATE:\n            exception_class = InsecureCertificateException\n        elif status in ErrorCode.INVALID_COORDINATES:\n            exception_class = InvalidCoordinatesException\n        elif status in ErrorCode.INVALID_SESSION_ID:\n            exception_class = InvalidSessionIdException\n        elif status in ErrorCode.UNKNOWN_METHOD:\n            exception_class = UnknownMethodException\n        else:\n            exception_class = WebDriverException\n        if not value:\n            value = response[\"value\"]\n        if isinstance(value, str):\n            raise exception_class(value)\n        if message == \"\" and \"message\" in value:\n            message = value[\"message\"]\n    \n        screen = None  # type: ignore[assignment]\n        if \"screen\" in value:\n            screen = value[\"screen\"]\n    \n        stacktrace = None\n        st_value = value.get(\"stackTrace\") or value.get(\"stacktrace\")\n        if st_value:\n            if isinstance(st_value, str):\n                stacktrace = st_value.split(\"\\n\")\n            else:\n                stacktrace = []\n                try:\n                    for frame in st_value:\n                        line = frame.get(\"lineNumber\", \"\")\n                        file = frame.get(\"fileName\", \"<anonymous>\")\n                        if line:\n                            file = f\"{file}:{line}\"\n                        meth = frame.get(\"methodName\", \"<anonymous>\")\n                        if \"className\" in frame:\n                            meth = f\"{frame['className']}.{meth}\"\n                        msg = \"    at %s (%s)\"\n                        msg = msg % (meth, file)\n                        stacktrace.append(msg)\n                except TypeError:\n                    pass\n        if exception_class == UnexpectedAlertPresentException:\n            alert_text = None\n            if \"data\" in value:\n                alert_text = value[\"data\"].get(\"text\")\n            elif \"alert\" in value:\n                alert_text = value[\"alert\"].get(\"text\")\n            raise exception_class(message, screen, stacktrace, alert_text)  # type: ignore[call-arg]  # mypy is not smart enough here\n>       raise exception_class(message, screen, stacktrace)\nE       selenium.common.exceptions.NoSuchElementException: Message: no such element: Unable to locate element: {\"method\":\"xpath\",\"selector\":\"(//a[@class='add-to-cart yellow-btn'])[1]\"}\nE         (Session info: chrome-headless-shell=120.0.6099.109); For documentation on this error, please visit: https://www.selenium.dev/documentation/webdriver/troubleshooting/errors#no-such-element-exception\nE       Stacktrace:\nE       #0 0x56520b7a8f83 <unknown>\nE       #1 0x56520b461cf7 <unknown>\nE       #2 0x56520b4b199e <unknown>\nE       #3 0x56520b4b1aa1 <unknown>\nE       #4 0x56520b4fcd64 <unknown>\nE       #5 0x56520b4db0dd <unknown>\nE       #6 0x56520b4fa006 <unknown>\nE       #7 0x56520b4dae53 <unknown>\nE       #8 0x56520b4a2dd4 <unknown>\nE       #9 0x56520b4a41de <unknown>\nE       #10 0x56520b76d531 <unknown>\nE       #11 0x56520b771455 <unknown>\nE       #12 0x56520b759f55 <unknown>\nE       #13 0x56520b7720ef <unknown>\nE       #14 0x56520b73d99f <unknown>\nE       #15 0x56520b796008 <unknown>\nE       #16 0x56520b7961d7 <unknown>\nE       #17 0x56520b7a8124 <unknown>\nE       #18 0x7f9a7bae0044 <unknown>\n\n/usr/local/lib/python3.11/site-packages/selenium/webdriver/remote/errorhandler.py:245: NoSuchElementException","steps":[{"name":"Добавляем товар в корзину в количестве 1","time":{"start":1704157767074,"stop":1704157767086,"duration":12},"status":"broken","statusMessage":"selenium.common.exceptions.NoSuchElementException: Message: no such element: Unable to locate element: {\"method\":\"xpath\",\"selector\":\"(//a[@class='add-to-cart yellow-btn'])[1]\"}\n  (Session info: chrome-headless-shell=120.0.6099.109); For documentation on this error, please visit: https://www.selenium.dev/documentation/webdriver/troubleshooting/errors#no-such-element-exception\nStacktrace:\n#0 0x56520b7a8f83 <unknown>\n#1 0x56520b461cf7 <unknown>\n#2 0x56520b4b199e <unknown>\n#3 0x56520b4b1aa1 <unknown>\n#4 0x56520b4fcd64 <unknown>\n#5 0x56520b4db0dd <unknown>\n#6 0x56520b4fa006 <unknown>\n#7 0x56520b4dae53 <unknown>\n#8 0x56520b4a2dd4 <unknown>\n#9 0x56520b4a41de <unknown>\n#10 0x56520b76d531 <unknown>\n#11 0x56520b771455 <unknown>\n#12 0x56520b759f55 <unknown>\n#13 0x56520b7720ef <unknown>\n#14 0x56520b73d99f <unknown>\n#15 0x56520b796008 <unknown>\n#16 0x56520b7961d7 <unknown>\n#17 0x56520b7a8124 <unknown>\n#18 0x7f9a7bae0044 <unknown>\n\n","statusTrace":"  File \"/usr/local/lib/python3.11/site-packages/allure_commons/_allure.py\", line 192, in impl\n    return func(*a, **kw)\n           ^^^^^^^^^^^^^^\n  File \"/app/pages/item_page.py\", line 40, in add_item_to_cart\n    self.find_element(self._add_item).click()\n    ^^^^^^^^^^^^^^^^^^^^^^^^^^^^^^^^^\n  File \"/app/base/seleniumbase.py\", line 17, in find_element\n    return self.driver.find_element(*locator)\n           ^^^^^^^^^^^^^^^^^^^^^^^^^^^^^^^^^^\n  File \"/usr/local/lib/python3.11/site-packages/selenium/webdriver/remote/webdriver.py\", line 740, in find_element\n    return self.execute(Command.FIND_ELEMENT, {\"using\": by, \"value\": value})[\"value\"]\n           ^^^^^^^^^^^^^^^^^^^^^^^^^^^^^^^^^^^^^^^^^^^^^^^^^^^^^^^^^^^^^^^^^\n  File \"/usr/local/lib/python3.11/site-packages/selenium/webdriver/remote/webdriver.py\", line 346, in execute\n    self.error_handler.check_response(response)\n  File \"/usr/local/lib/python3.11/site-packages/selenium/webdriver/remote/errorhandler.py\", line 245, in check_response\n    raise exception_class(message, screen, stacktrace)\n","steps":[],"attachments":[],"parameters":[{"name":"amount","value":"1"}],"shouldDisplayMessage":true,"stepsCount":0,"attachmentsCount":0,"hasContent":true,"attachmentStep":false}],"attachments":[{"uid":"be953336733376a9","name":"Screenshot","source":"be953336733376a9.png","type":"image/png","size":5862},{"uid":"69e7b267e9cfaf56","name":"HTML source","source":"69e7b267e9cfaf56.html","type":"text/html","size":39}],"parameters":[],"shouldDisplayMessage":true,"stepsCount":1,"attachmentsCount":2,"hasContent":true,"attachmentStep":false},"afterStages":[{"name":"setup::0","time":{"start":1704157767184,"stop":1704157767184,"duration":0},"status":"passed","steps":[],"attachments":[],"parameters":[],"shouldDisplayMessage":false,"stepsCount":0,"attachmentsCount":0,"hasContent":false,"attachmentStep":false},{"name":"driver::0","time":{"start":1704157767184,"stop":1704157767241,"duration":57},"status":"passed","steps":[],"attachments":[],"parameters":[],"shouldDisplayMessage":false,"stepsCount":0,"attachmentsCount":0,"hasContent":false,"attachmentStep":false}],"labels":[{"name":"epic","value":"Delivery Page - calculation"},{"name":"tag","value":"smoke"},{"name":"parentSuite","value":"tests.delivery"},{"name":"suite","value":"test_delivery_calculation"},{"name":"subSuite","value":"TestDeliveryPageCalculation"},{"name":"host","value":"993400d4d39b"},{"name":"thread","value":"1-MainThread"},{"name":"framework","value":"pytest"},{"name":"language","value":"cpython3"},{"name":"package","value":"tests.delivery.test_delivery_calculation"},{"name":"resultFormat","value":"allure2"}],"parameters":[{"name":"all_time","value":"2190"},{"name":"amount","value":"1"},{"name":"case_id","value":"'TD 001'"},{"name":"in_time","value":"1590"},{"name":"link_item","value":"'products/uroven---uglomer-elektronnyj-kapro-992'"},{"name":"standard","value":"0"},{"name":"url","value":"'https://sandboxtest.stroyrem-nn.ru/'"},{"name":"weight","value":"30"}],"links":[],"hidden":false,"retry":false,"extra":{"severity":"normal","retries":[],"categories":[{"name":"Test defects","matchedStatuses":[],"flaky":false}],"history":{"statistic":{"failed":0,"broken":125,"skipped":0,"passed":0,"unknown":0,"total":125},"items":[{"uid":"9155295867596f29","reportUrl":"https://zaelcovsky.github.io/StroyremAutomation/188//#testresult/9155295867596f29","status":"broken","statusDetails":"selenium.common.exceptions.NoSuchElementException: Message: no such element: Unable to locate element: {\"method\":\"xpath\",\"selector\":\"(//a[@class='add-to-cart yellow-btn'])[1]\"}\n  (Session info: chrome-headless-shell=120.0.6099.109); For documentation on this error, please visit: https://www.selenium.dev/documentation/webdriver/troubleshooting/errors#no-such-element-exception\nStacktrace:\n#0 0x56335527df83 <unknown>\n#1 0x563354f36cf7 <unknown>\n#2 0x563354f8699e <unknown>\n#3 0x563354f86aa1 <unknown>\n#4 0x563354fd1d64 <unknown>\n#5 0x563354fb00dd <unknown>\n#6 0x563354fcf006 <unknown>\n#7 0x563354fafe53 <unknown>\n#8 0x563354f77dd4 <unknown>\n#9 0x563354f791de <unknown>\n#10 0x563355242531 <unknown>\n#11 0x563355246455 <unknown>\n#12 0x56335522ef55 <unknown>\n#13 0x5633552470ef <unknown>\n#14 0x56335521299f <unknown>\n#15 0x56335526b008 <unknown>\n#16 0x56335526b1d7 <unknown>\n#17 0x56335527d124 <unknown>\n#18 0x7f45c905e044 <unknown>","time":{"start":1704071852601,"stop":1704071853390,"duration":789}},{"uid":"2e18ea2366ff781","reportUrl":"https://zaelcovsky.github.io/StroyremAutomation/187//#testresult/2e18ea2366ff781","status":"broken","statusDetails":"selenium.common.exceptions.NoSuchElementException: Message: no such element: Unable to locate element: {\"method\":\"xpath\",\"selector\":\"(//a[@class='add-to-cart yellow-btn'])[1]\"}\n  (Session info: chrome-headless-shell=120.0.6099.109); For documentation on this error, please visit: https://www.selenium.dev/documentation/webdriver/troubleshooting/errors#no-such-element-exception\nStacktrace:\n#0 0x5577b112df83 <unknown>\n#1 0x5577b0de6cf7 <unknown>\n#2 0x5577b0e3699e <unknown>\n#3 0x5577b0e36aa1 <unknown>\n#4 0x5577b0e81d64 <unknown>\n#5 0x5577b0e600dd <unknown>\n#6 0x5577b0e7f006 <unknown>\n#7 0x5577b0e5fe53 <unknown>\n#8 0x5577b0e27dd4 <unknown>\n#9 0x5577b0e291de <unknown>\n#10 0x5577b10f2531 <unknown>\n#11 0x5577b10f6455 <unknown>\n#12 0x5577b10def55 <unknown>\n#13 0x5577b10f70ef <unknown>\n#14 0x5577b10c299f <unknown>\n#15 0x5577b111b008 <unknown>\n#16 0x5577b111b1d7 <unknown>\n#17 0x5577b112d124 <unknown>\n#18 0x7f4ca8c02044 <unknown>","time":{"start":1703985311538,"stop":1703985312064,"duration":526}},{"uid":"e905adfab2c2426d","reportUrl":"https://zaelcovsky.github.io/StroyremAutomation/186//#testresult/e905adfab2c2426d","status":"broken","statusDetails":"selenium.common.exceptions.NoSuchElementException: Message: no such element: Unable to locate element: {\"method\":\"xpath\",\"selector\":\"(//a[@class='add-to-cart yellow-btn'])[1]\"}\n  (Session info: chrome-headless-shell=120.0.6099.109); For documentation on this error, please visit: https://www.selenium.dev/documentation/webdriver/troubleshooting/errors#no-such-element-exception\nStacktrace:\n#0 0x5632954b6f83 <unknown>\n#1 0x56329516fcf7 <unknown>\n#2 0x5632951bf99e <unknown>\n#3 0x5632951bfaa1 <unknown>\n#4 0x56329520ad64 <unknown>\n#5 0x5632951e90dd <unknown>\n#6 0x563295208006 <unknown>\n#7 0x5632951e8e53 <unknown>\n#8 0x5632951b0dd4 <unknown>\n#9 0x5632951b21de <unknown>\n#10 0x56329547b531 <unknown>\n#11 0x56329547f455 <unknown>\n#12 0x563295467f55 <unknown>\n#13 0x5632954800ef <unknown>\n#14 0x56329544b99f <unknown>\n#15 0x5632954a4008 <unknown>\n#16 0x5632954a41d7 <unknown>\n#17 0x5632954b6124 <unknown>\n#18 0x7f36c0fbf044 <unknown>","time":{"start":1703898583252,"stop":1703898583882,"duration":630}},{"uid":"4b06849eecb13be6","reportUrl":"https://zaelcovsky.github.io/StroyremAutomation/185//#testresult/4b06849eecb13be6","status":"broken","statusDetails":"selenium.common.exceptions.NoSuchElementException: Message: no such element: Unable to locate element: {\"method\":\"xpath\",\"selector\":\"(//a[@class='add-to-cart yellow-btn'])[1]\"}\n  (Session info: chrome-headless-shell=120.0.6099.109); For documentation on this error, please visit: https://www.selenium.dev/documentation/webdriver/troubleshooting/errors#no-such-element-exception\nStacktrace:\n#0 0x563a67c30f83 <unknown>\n#1 0x563a678e9cf7 <unknown>\n#2 0x563a6793999e <unknown>\n#3 0x563a67939aa1 <unknown>\n#4 0x563a67984d64 <unknown>\n#5 0x563a679630dd <unknown>\n#6 0x563a67982006 <unknown>\n#7 0x563a67962e53 <unknown>\n#8 0x563a6792add4 <unknown>\n#9 0x563a6792c1de <unknown>\n#10 0x563a67bf5531 <unknown>\n#11 0x563a67bf9455 <unknown>\n#12 0x563a67be1f55 <unknown>\n#13 0x563a67bfa0ef <unknown>\n#14 0x563a67bc599f <unknown>\n#15 0x563a67c1e008 <unknown>\n#16 0x563a67c1e1d7 <unknown>\n#17 0x563a67c30124 <unknown>\n#18 0x7f71a637a044 <unknown>","time":{"start":1703811601482,"stop":1703811602157,"duration":675}},{"uid":"3373d7c138022f4c","reportUrl":"https://zaelcovsky.github.io/StroyremAutomation/184//#testresult/3373d7c138022f4c","status":"broken","statusDetails":"selenium.common.exceptions.NoSuchElementException: Message: no such element: Unable to locate element: {\"method\":\"xpath\",\"selector\":\"(//a[@class='add-to-cart yellow-btn'])[1]\"}\n  (Session info: chrome-headless-shell=120.0.6099.109); For documentation on this error, please visit: https://www.selenium.dev/documentation/webdriver/troubleshooting/errors#no-such-element-exception\nStacktrace:\n#0 0x555fb0598f83 <unknown>\n#1 0x555fb0251cf7 <unknown>\n#2 0x555fb02a199e <unknown>\n#3 0x555fb02a1aa1 <unknown>\n#4 0x555fb02ecd64 <unknown>\n#5 0x555fb02cb0dd <unknown>\n#6 0x555fb02ea006 <unknown>\n#7 0x555fb02cae53 <unknown>\n#8 0x555fb0292dd4 <unknown>\n#9 0x555fb02941de <unknown>\n#10 0x555fb055d531 <unknown>\n#11 0x555fb0561455 <unknown>\n#12 0x555fb0549f55 <unknown>\n#13 0x555fb05620ef <unknown>\n#14 0x555fb052d99f <unknown>\n#15 0x555fb0586008 <unknown>\n#16 0x555fb05861d7 <unknown>\n#17 0x555fb0598124 <unknown>\n#18 0x7f6d2e7c6044 <unknown>","time":{"start":1703725730449,"stop":1703725730943,"duration":494}},{"uid":"8a2e23ff7e60b4af","reportUrl":"https://zaelcovsky.github.io/StroyremAutomation/183//#testresult/8a2e23ff7e60b4af","status":"broken","statusDetails":"selenium.common.exceptions.NoSuchElementException: Message: no such element: Unable to locate element: {\"method\":\"xpath\",\"selector\":\"(//a[@class='add-to-cart yellow-btn'])[1]\"}\n  (Session info: chrome-headless-shell=120.0.6099.109); For documentation on this error, please visit: https://www.selenium.dev/documentation/webdriver/troubleshooting/errors#no-such-element-exception\nStacktrace:\n#0 0x55cedd04ef83 <unknown>\n#1 0x55cedcd07cf7 <unknown>\n#2 0x55cedcd5799e <unknown>\n#3 0x55cedcd57aa1 <unknown>\n#4 0x55cedcda2d64 <unknown>\n#5 0x55cedcd810dd <unknown>\n#6 0x55cedcda0006 <unknown>\n#7 0x55cedcd80e53 <unknown>\n#8 0x55cedcd48dd4 <unknown>\n#9 0x55cedcd4a1de <unknown>\n#10 0x55cedd013531 <unknown>\n#11 0x55cedd017455 <unknown>\n#12 0x55cedcffff55 <unknown>\n#13 0x55cedd0180ef <unknown>\n#14 0x55cedcfe399f <unknown>\n#15 0x55cedd03c008 <unknown>\n#16 0x55cedd03c1d7 <unknown>\n#17 0x55cedd04e124 <unknown>\n#18 0x7f3cbfe78044 <unknown>","time":{"start":1703639409014,"stop":1703639409669,"duration":655}},{"uid":"68d435996a3fd5f7","reportUrl":"https://zaelcovsky.github.io/StroyremAutomation/182//#testresult/68d435996a3fd5f7","status":"broken","statusDetails":"selenium.common.exceptions.NoSuchElementException: Message: no such element: Unable to locate element: {\"method\":\"xpath\",\"selector\":\"(//a[@class='add-to-cart yellow-btn'])[1]\"}\n  (Session info: chrome-headless-shell=120.0.6099.109); For documentation on this error, please visit: https://www.selenium.dev/documentation/webdriver/troubleshooting/errors#no-such-element-exception\nStacktrace:\n#0 0x555bc076af83 <unknown>\n#1 0x555bc0423cf7 <unknown>\n#2 0x555bc047399e <unknown>\n#3 0x555bc0473aa1 <unknown>\n#4 0x555bc04bed64 <unknown>\n#5 0x555bc049d0dd <unknown>\n#6 0x555bc04bc006 <unknown>\n#7 0x555bc049ce53 <unknown>\n#8 0x555bc0464dd4 <unknown>\n#9 0x555bc04661de <unknown>\n#10 0x555bc072f531 <unknown>\n#11 0x555bc0733455 <unknown>\n#12 0x555bc071bf55 <unknown>\n#13 0x555bc07340ef <unknown>\n#14 0x555bc06ff99f <unknown>\n#15 0x555bc0758008 <unknown>\n#16 0x555bc07581d7 <unknown>\n#17 0x555bc076a124 <unknown>\n#18 0x7fb49c6b9044 <unknown>","time":{"start":1703552900865,"stop":1703552901335,"duration":470}},{"uid":"3d4a8d59350fb5b6","reportUrl":"https://zaelcovsky.github.io/StroyremAutomation/181//#testresult/3d4a8d59350fb5b6","status":"broken","statusDetails":"selenium.common.exceptions.NoSuchElementException: Message: no such element: Unable to locate element: {\"method\":\"xpath\",\"selector\":\"(//a[@class='add-to-cart yellow-btn'])[1]\"}\n  (Session info: chrome-headless-shell=120.0.6099.109); For documentation on this error, please visit: https://www.selenium.dev/documentation/webdriver/troubleshooting/errors#no-such-element-exception\nStacktrace:\n#0 0x56513a9e6f83 <unknown>\n#1 0x56513a69fcf7 <unknown>\n#2 0x56513a6ef99e <unknown>\n#3 0x56513a6efaa1 <unknown>\n#4 0x56513a73ad64 <unknown>\n#5 0x56513a7190dd <unknown>\n#6 0x56513a738006 <unknown>\n#7 0x56513a718e53 <unknown>\n#8 0x56513a6e0dd4 <unknown>\n#9 0x56513a6e21de <unknown>\n#10 0x56513a9ab531 <unknown>\n#11 0x56513a9af455 <unknown>\n#12 0x56513a997f55 <unknown>\n#13 0x56513a9b00ef <unknown>\n#14 0x56513a97b99f <unknown>\n#15 0x56513a9d4008 <unknown>\n#16 0x56513a9d41d7 <unknown>\n#17 0x56513a9e6124 <unknown>\n#18 0x7f1d01c29044 <unknown>","time":{"start":1703466670972,"stop":1703466671460,"duration":488}},{"uid":"e64ed20afe9a6d5a","reportUrl":"https://zaelcovsky.github.io/StroyremAutomation/180//#testresult/e64ed20afe9a6d5a","status":"broken","statusDetails":"selenium.common.exceptions.NoSuchElementException: Message: no such element: Unable to locate element: {\"method\":\"xpath\",\"selector\":\"(//a[@class='add-to-cart yellow-btn'])[1]\"}\n  (Session info: chrome-headless-shell=120.0.6099.109); For documentation on this error, please visit: https://www.selenium.dev/documentation/webdriver/troubleshooting/errors#no-such-element-exception\nStacktrace:\n#0 0x55fdb58e6f83 <unknown>\n#1 0x55fdb559fcf7 <unknown>\n#2 0x55fdb55ef99e <unknown>\n#3 0x55fdb55efaa1 <unknown>\n#4 0x55fdb563ad64 <unknown>\n#5 0x55fdb56190dd <unknown>\n#6 0x55fdb5638006 <unknown>\n#7 0x55fdb5618e53 <unknown>\n#8 0x55fdb55e0dd4 <unknown>\n#9 0x55fdb55e21de <unknown>\n#10 0x55fdb58ab531 <unknown>\n#11 0x55fdb58af455 <unknown>\n#12 0x55fdb5897f55 <unknown>\n#13 0x55fdb58b00ef <unknown>\n#14 0x55fdb587b99f <unknown>\n#15 0x55fdb58d4008 <unknown>\n#16 0x55fdb58d41d7 <unknown>\n#17 0x55fdb58e6124 <unknown>\n#18 0x7fbc765d8044 <unknown>","time":{"start":1703380499149,"stop":1703380499969,"duration":820}},{"uid":"b9d1e7a7b4390d4d","reportUrl":"https://zaelcovsky.github.io/StroyremAutomation/179//#testresult/b9d1e7a7b4390d4d","status":"broken","statusDetails":"selenium.common.exceptions.NoSuchElementException: Message: no such element: Unable to locate element: {\"method\":\"xpath\",\"selector\":\"(//a[@class='add-to-cart yellow-btn'])[1]\"}\n  (Session info: chrome-headless-shell=120.0.6099.109); For documentation on this error, please visit: https://www.selenium.dev/documentation/webdriver/troubleshooting/errors#no-such-element-exception\nStacktrace:\n#0 0x55c6bba46f83 <unknown>\n#1 0x55c6bb6ffcf7 <unknown>\n#2 0x55c6bb74f99e <unknown>\n#3 0x55c6bb74faa1 <unknown>\n#4 0x55c6bb79ad64 <unknown>\n#5 0x55c6bb7790dd <unknown>\n#6 0x55c6bb798006 <unknown>\n#7 0x55c6bb778e53 <unknown>\n#8 0x55c6bb740dd4 <unknown>\n#9 0x55c6bb7421de <unknown>\n#10 0x55c6bba0b531 <unknown>\n#11 0x55c6bba0f455 <unknown>\n#12 0x55c6bb9f7f55 <unknown>\n#13 0x55c6bba100ef <unknown>\n#14 0x55c6bb9db99f <unknown>\n#15 0x55c6bba34008 <unknown>\n#16 0x55c6bba341d7 <unknown>\n#17 0x55c6bba46124 <unknown>\n#18 0x7ffa74e6f044 <unknown>","time":{"start":1703293730440,"stop":1703293731268,"duration":828}},{"uid":"9c9cd101631d7173","reportUrl":"https://zaelcovsky.github.io/StroyremAutomation/178//#testresult/9c9cd101631d7173","status":"broken","statusDetails":"selenium.common.exceptions.NoSuchElementException: Message: no such element: Unable to locate element: {\"method\":\"xpath\",\"selector\":\"(//a[@class='add-to-cart yellow-btn'])[1]\"}\n  (Session info: chrome-headless-shell=120.0.6099.109); For documentation on this error, please visit: https://www.selenium.dev/documentation/webdriver/troubleshooting/errors#no-such-element-exception\nStacktrace:\n#0 0x55e82c6c9f83 <unknown>\n#1 0x55e82c382cf7 <unknown>\n#2 0x55e82c3d299e <unknown>\n#3 0x55e82c3d2aa1 <unknown>\n#4 0x55e82c41dd64 <unknown>\n#5 0x55e82c3fc0dd <unknown>\n#6 0x55e82c41b006 <unknown>\n#7 0x55e82c3fbe53 <unknown>\n#8 0x55e82c3c3dd4 <unknown>\n#9 0x55e82c3c51de <unknown>\n#10 0x55e82c68e531 <unknown>\n#11 0x55e82c692455 <unknown>\n#12 0x55e82c67af55 <unknown>\n#13 0x55e82c6930ef <unknown>\n#14 0x55e82c65e99f <unknown>\n#15 0x55e82c6b7008 <unknown>\n#16 0x55e82c6b71d7 <unknown>\n#17 0x55e82c6c9124 <unknown>\n#18 0x7f9fa769e044 <unknown>","time":{"start":1703207362082,"stop":1703207362579,"duration":497}},{"uid":"f977fe9e05fd5722","reportUrl":"https://zaelcovsky.github.io/StroyremAutomation/177//#testresult/f977fe9e05fd5722","status":"broken","statusDetails":"selenium.common.exceptions.NoSuchElementException: Message: no such element: Unable to locate element: {\"method\":\"xpath\",\"selector\":\"(//a[@class='add-to-cart yellow-btn'])[1]\"}\n  (Session info: chrome-headless-shell=120.0.6099.109); For documentation on this error, please visit: https://www.selenium.dev/documentation/webdriver/troubleshooting/errors#no-such-element-exception\nStacktrace:\n#0 0x55c64d874f83 <unknown>\n#1 0x55c64d52dcf7 <unknown>\n#2 0x55c64d57d99e <unknown>\n#3 0x55c64d57daa1 <unknown>\n#4 0x55c64d5c8d64 <unknown>\n#5 0x55c64d5a70dd <unknown>\n#6 0x55c64d5c6006 <unknown>\n#7 0x55c64d5a6e53 <unknown>\n#8 0x55c64d56edd4 <unknown>\n#9 0x55c64d5701de <unknown>\n#10 0x55c64d839531 <unknown>\n#11 0x55c64d83d455 <unknown>\n#12 0x55c64d825f55 <unknown>\n#13 0x55c64d83e0ef <unknown>\n#14 0x55c64d80999f <unknown>\n#15 0x55c64d862008 <unknown>\n#16 0x55c64d8621d7 <unknown>\n#17 0x55c64d874124 <unknown>\n#18 0x7f1fe33a8044 <unknown>","time":{"start":1703120978713,"stop":1703120979131,"duration":418}},{"uid":"bc36a66a09447676","reportUrl":"https://zaelcovsky.github.io/StroyremAutomation/176//#testresult/bc36a66a09447676","status":"broken","statusDetails":"selenium.common.exceptions.NoSuchElementException: Message: no such element: Unable to locate element: {\"method\":\"xpath\",\"selector\":\"(//a[@class='add-to-cart yellow-btn'])[1]\"}\n  (Session info: chrome-headless-shell=120.0.6099.109); For documentation on this error, please visit: https://www.selenium.dev/documentation/webdriver/troubleshooting/errors#no-such-element-exception\nStacktrace:\n#0 0x5601cfc10f83 <unknown>\n#1 0x5601cf8c9cf7 <unknown>\n#2 0x5601cf91999e <unknown>\n#3 0x5601cf919aa1 <unknown>\n#4 0x5601cf964d64 <unknown>\n#5 0x5601cf9430dd <unknown>\n#6 0x5601cf962006 <unknown>\n#7 0x5601cf942e53 <unknown>\n#8 0x5601cf90add4 <unknown>\n#9 0x5601cf90c1de <unknown>\n#10 0x5601cfbd5531 <unknown>\n#11 0x5601cfbd9455 <unknown>\n#12 0x5601cfbc1f55 <unknown>\n#13 0x5601cfbda0ef <unknown>\n#14 0x5601cfba599f <unknown>\n#15 0x5601cfbfe008 <unknown>\n#16 0x5601cfbfe1d7 <unknown>\n#17 0x5601cfc10124 <unknown>\n#18 0x7f8608e22044 <unknown>","time":{"start":1703033990608,"stop":1703033991162,"duration":554}},{"uid":"ff2df3da84b940d5","reportUrl":"https://zaelcovsky.github.io/StroyremAutomation/175//#testresult/ff2df3da84b940d5","status":"broken","statusDetails":"selenium.common.exceptions.NoSuchElementException: Message: no such element: Unable to locate element: {\"method\":\"xpath\",\"selector\":\"(//a[@class='add-to-cart yellow-btn'])[1]\"}\n  (Session info: chrome-headless-shell=120.0.6099.109); For documentation on this error, please visit: https://www.selenium.dev/documentation/webdriver/troubleshooting/errors#no-such-element-exception\nStacktrace:\n#0 0x557469d3cf83 <unknown>\n#1 0x5574699f5cf7 <unknown>\n#2 0x557469a4599e <unknown>\n#3 0x557469a45aa1 <unknown>\n#4 0x557469a90d64 <unknown>\n#5 0x557469a6f0dd <unknown>\n#6 0x557469a8e006 <unknown>\n#7 0x557469a6ee53 <unknown>\n#8 0x557469a36dd4 <unknown>\n#9 0x557469a381de <unknown>\n#10 0x557469d01531 <unknown>\n#11 0x557469d05455 <unknown>\n#12 0x557469cedf55 <unknown>\n#13 0x557469d060ef <unknown>\n#14 0x557469cd199f <unknown>\n#15 0x557469d2a008 <unknown>\n#16 0x557469d2a1d7 <unknown>\n#17 0x557469d3c124 <unknown>\n#18 0x7f5cc1e98044 <unknown>","time":{"start":1702948252248,"stop":1702948252687,"duration":439}},{"uid":"8dd6823d72093052","reportUrl":"https://zaelcovsky.github.io/StroyremAutomation/174//#testresult/8dd6823d72093052","status":"broken","statusDetails":"selenium.common.exceptions.NoSuchElementException: Message: no such element: Unable to locate element: {\"method\":\"xpath\",\"selector\":\"(//a[@class='add-to-cart yellow-btn'])[1]\"}\n  (Session info: chrome-headless-shell=120.0.6099.71); For documentation on this error, please visit: https://www.selenium.dev/documentation/webdriver/troubleshooting/errors#no-such-element-exception\nStacktrace:\n#0 0x5603c091bd33 <unknown>\n#1 0x5603c05d8f87 <unknown>\n#2 0x5603c0628c0e <unknown>\n#3 0x5603c0628d11 <unknown>\n#4 0x5603c0674004 <unknown>\n#5 0x5603c065236d <unknown>\n#6 0x5603c0671297 <unknown>\n#7 0x5603c06520e3 <unknown>\n#8 0x5603c061a044 <unknown>\n#9 0x5603c061b44e <unknown>\n#10 0x5603c08e0861 <unknown>\n#11 0x5603c08e4785 <unknown>\n#12 0x5603c08ce285 <unknown>\n#13 0x5603c08e541f <unknown>\n#14 0x5603c08b220f <unknown>\n#15 0x5603c0909028 <unknown>\n#16 0x5603c09091f7 <unknown>\n#17 0x5603c091aed4 <unknown>\n#18 0x7f4bc1026044 <unknown>","time":{"start":1702861942886,"stop":1702861943342,"duration":456}},{"uid":"31b2980032b75788","reportUrl":"https://zaelcovsky.github.io/StroyremAutomation/173//#testresult/31b2980032b75788","status":"broken","statusDetails":"selenium.common.exceptions.NoSuchElementException: Message: no such element: Unable to locate element: {\"method\":\"xpath\",\"selector\":\"(//a[@class='add-to-cart yellow-btn'])[1]\"}\n  (Session info: chrome-headless-shell=120.0.6099.71); For documentation on this error, please visit: https://www.selenium.dev/documentation/webdriver/troubleshooting/errors#no-such-element-exception\nStacktrace:\n#0 0x5568b7308d33 <unknown>\n#1 0x5568b6fc5f87 <unknown>\n#2 0x5568b7015c0e <unknown>\n#3 0x5568b7015d11 <unknown>\n#4 0x5568b7061004 <unknown>\n#5 0x5568b703f36d <unknown>\n#6 0x5568b705e297 <unknown>\n#7 0x5568b703f0e3 <unknown>\n#8 0x5568b7007044 <unknown>\n#9 0x5568b700844e <unknown>\n#10 0x5568b72cd861 <unknown>\n#11 0x5568b72d1785 <unknown>\n#12 0x5568b72bb285 <unknown>\n#13 0x5568b72d241f <unknown>\n#14 0x5568b729f20f <unknown>\n#15 0x5568b72f6028 <unknown>\n#16 0x5568b72f61f7 <unknown>\n#17 0x5568b7307ed4 <unknown>\n#18 0x7fad15a5e044 <unknown>","time":{"start":1702775750073,"stop":1702775750598,"duration":525}},{"uid":"e2517f60c164249f","reportUrl":"https://zaelcovsky.github.io/StroyremAutomation/172//#testresult/e2517f60c164249f","status":"broken","statusDetails":"selenium.common.exceptions.NoSuchElementException: Message: no such element: Unable to locate element: {\"method\":\"xpath\",\"selector\":\"(//a[@class='add-to-cart yellow-btn'])[1]\"}\n  (Session info: chrome-headless-shell=120.0.6099.71); For documentation on this error, please visit: https://www.selenium.dev/documentation/webdriver/troubleshooting/errors#no-such-element-exception\nStacktrace:\n#0 0x55e984a4bd33 <unknown>\n#1 0x55e984708f87 <unknown>\n#2 0x55e984758c0e <unknown>\n#3 0x55e984758d11 <unknown>\n#4 0x55e9847a4004 <unknown>\n#5 0x55e98478236d <unknown>\n#6 0x55e9847a1297 <unknown>\n#7 0x55e9847820e3 <unknown>\n#8 0x55e98474a044 <unknown>\n#9 0x55e98474b44e <unknown>\n#10 0x55e984a10861 <unknown>\n#11 0x55e984a14785 <unknown>\n#12 0x55e9849fe285 <unknown>\n#13 0x55e984a1541f <unknown>\n#14 0x55e9849e220f <unknown>\n#15 0x55e984a39028 <unknown>\n#16 0x55e984a391f7 <unknown>\n#17 0x55e984a4aed4 <unknown>\n#18 0x7f9a4871d044 <unknown>","time":{"start":1702689025884,"stop":1702689026482,"duration":598}},{"uid":"f104b7721acd8ee3","reportUrl":"https://zaelcovsky.github.io/StroyremAutomation/171//#testresult/f104b7721acd8ee3","status":"broken","statusDetails":"selenium.common.exceptions.NoSuchElementException: Message: no such element: Unable to locate element: {\"method\":\"xpath\",\"selector\":\"(//a[@class='add-to-cart yellow-btn'])[1]\"}\n  (Session info: chrome-headless-shell=120.0.6099.71); For documentation on this error, please visit: https://www.selenium.dev/documentation/webdriver/troubleshooting/errors#no-such-element-exception\nStacktrace:\n#0 0x55b1c3d6bd33 <unknown>\n#1 0x55b1c3a28f87 <unknown>\n#2 0x55b1c3a78c0e <unknown>\n#3 0x55b1c3a78d11 <unknown>\n#4 0x55b1c3ac4004 <unknown>\n#5 0x55b1c3aa236d <unknown>\n#6 0x55b1c3ac1297 <unknown>\n#7 0x55b1c3aa20e3 <unknown>\n#8 0x55b1c3a6a044 <unknown>\n#9 0x55b1c3a6b44e <unknown>\n#10 0x55b1c3d30861 <unknown>\n#11 0x55b1c3d34785 <unknown>\n#12 0x55b1c3d1e285 <unknown>\n#13 0x55b1c3d3541f <unknown>\n#14 0x55b1c3d0220f <unknown>\n#15 0x55b1c3d59028 <unknown>\n#16 0x55b1c3d591f7 <unknown>\n#17 0x55b1c3d6aed4 <unknown>\n#18 0x7ff972108044 <unknown>","time":{"start":1702602847091,"stop":1702602847757,"duration":666}},{"uid":"dce4a6011870b685","reportUrl":"https://zaelcovsky.github.io/StroyremAutomation/170//#testresult/dce4a6011870b685","status":"broken","statusDetails":"selenium.common.exceptions.NoSuchElementException: Message: no such element: Unable to locate element: {\"method\":\"xpath\",\"selector\":\"(//a[@class='add-to-cart yellow-btn'])[1]\"}\n  (Session info: chrome-headless-shell=120.0.6099.71); For documentation on this error, please visit: https://www.selenium.dev/documentation/webdriver/troubleshooting/errors#no-such-element-exception\nStacktrace:\n#0 0x564922efdd33 <unknown>\n#1 0x564922bbaf87 <unknown>\n#2 0x564922c0ac0e <unknown>\n#3 0x564922c0ad11 <unknown>\n#4 0x564922c56004 <unknown>\n#5 0x564922c3436d <unknown>\n#6 0x564922c53297 <unknown>\n#7 0x564922c340e3 <unknown>\n#8 0x564922bfc044 <unknown>\n#9 0x564922bfd44e <unknown>\n#10 0x564922ec2861 <unknown>\n#11 0x564922ec6785 <unknown>\n#12 0x564922eb0285 <unknown>\n#13 0x564922ec741f <unknown>\n#14 0x564922e9420f <unknown>\n#15 0x564922eeb028 <unknown>\n#16 0x564922eeb1f7 <unknown>\n#17 0x564922efced4 <unknown>\n#18 0x7f3a26932044 <unknown>","time":{"start":1702516211364,"stop":1702516211863,"duration":499}},{"uid":"f8a6512ff5ce8f3f","reportUrl":"https://zaelcovsky.github.io/StroyremAutomation/169//#testresult/f8a6512ff5ce8f3f","status":"broken","statusDetails":"selenium.common.exceptions.NoSuchElementException: Message: no such element: Unable to locate element: {\"method\":\"xpath\",\"selector\":\"(//a[@class='add-to-cart yellow-btn'])[1]\"}\n  (Session info: chrome-headless-shell=120.0.6099.71); For documentation on this error, please visit: https://www.selenium.dev/documentation/webdriver/troubleshooting/errors#no-such-element-exception\nStacktrace:\n#0 0x55bca93f2d33 <unknown>\n#1 0x55bca90aff87 <unknown>\n#2 0x55bca90ffc0e <unknown>\n#3 0x55bca90ffd11 <unknown>\n#4 0x55bca914b004 <unknown>\n#5 0x55bca912936d <unknown>\n#6 0x55bca9148297 <unknown>\n#7 0x55bca91290e3 <unknown>\n#8 0x55bca90f1044 <unknown>\n#9 0x55bca90f244e <unknown>\n#10 0x55bca93b7861 <unknown>\n#11 0x55bca93bb785 <unknown>\n#12 0x55bca93a5285 <unknown>\n#13 0x55bca93bc41f <unknown>\n#14 0x55bca938920f <unknown>\n#15 0x55bca93e0028 <unknown>\n#16 0x55bca93e01f7 <unknown>\n#17 0x55bca93f1ed4 <unknown>\n#18 0x7f70df627044 <unknown>","time":{"start":1702429850350,"stop":1702429850922,"duration":572}}]},"tags":["smoke"]},"source":"2f89449f60c115a.json","parameterValues":["2190","1","'TD 001'","1590","'products/uroven---uglomer-elektronnyj-kapro-992'","0","'https://sandboxtest.stroyrem-nn.ru/'","30"]}