{"uid":"805eef1626d83c20","name":"test_positive_delivery_green_zone_smoke[TD 006-products/shtukaturka-gipsovaya-aksolit-m50-30-kg-mashinnogo-naneseniya-25-1700-990-1990-2480-https://sandboxtest.stroyrem-nn.ru/]","fullName":"tests.delivery.test_delivery_calculation.TestDeliveryPageCalculation#test_positive_delivery_green_zone_smoke","historyId":"1df20f878cd9f5f7374b8a6cd977ef7b","time":{"start":1701479387853,"stop":1701479391904,"duration":4051},"status":"broken","statusMessage":"selenium.common.exceptions.NoSuchElementException: Message: no such element: Unable to locate element: {\"method\":\"xpath\",\"selector\":\"//input[@class='amount']\"}\n  (Session info: headless chrome=119.0.6045.105); For documentation on this error, please visit: https://www.selenium.dev/documentation/webdriver/troubleshooting/errors#no-such-element-exception\nStacktrace:\n#0 0x5616c7c595e3 <unknown>\n#1 0x5616c791c0b7 <unknown>\n#2 0x5616c7969f53 <unknown>\n#3 0x5616c796a051 <unknown>\n#4 0x5616c79af9c4 <unknown>\n#5 0x5616c7990f1d <unknown>\n#6 0x5616c79acb3d <unknown>\n#7 0x5616c7990cc3 <unknown>\n#8 0x5616c795c0e4 <unknown>\n#9 0x5616c795d0ae <unknown>\n#10 0x5616c7c1fce1 <unknown>\n#11 0x5616c7c23b7e <unknown>\n#12 0x5616c7c0d4b5 <unknown>\n#13 0x5616c7c247d6 <unknown>\n#14 0x5616c7bf0dbf <unknown>\n#15 0x5616c7c47748 <unknown>\n#16 0x5616c7c47917 <unknown>\n#17 0x5616c7c58773 <unknown>\n#18 0x7fdcfcc76044 <unknown>","statusTrace":"self = <tests.delivery.test_delivery_calculation.TestDeliveryPageCalculation object at 0x7fa3ae9fe550>\ndriver = <selenium.webdriver.chrome.webdriver.WebDriver (session=\"7c87879bae6e7e4f896ed817acbf3511\")>\nurl = 'https://sandboxtest.stroyrem-nn.ru/', case_id = 'TD 006'\nlink_item = 'products/shtukaturka-gipsovaya-aksolit-m50-30-kg-mashinnogo-naneseniya'\namount = 25, weight = 1700, standard = 990, in_time = 1990, all_time = 2480\n\n    @pytest.mark.parametrize('case_id, link_item, amount, weight, standard, in_time, all_time', [\n        (\"TD 001\", uroven_3000, 1, 30, 0, 1590, 2190),\n        (\"TD 002\", bundeks_25, 1, 30, 400, 1590, 2190),\n        (\"TD 003\", aksolit_30, 8, 300, 400, 1590, 2190),\n        (\"TD 004\", aksolit_30, 13, 400, 450, 1590, 2190),\n        (\"TD 005\", aksolit_30, 16, 500, 600, 1590, 2190),\n        (\"TD 006\", aksolit_30, 25, 1700, 990, 1990, 2480),\n        (\"TD 007\", aksolit_30, 66, 2000, 1300, 2490, 2980),\n        (\"TD 008\", aksolit_30, 149, 4500, 2300, 3980, 4490),\n        (\"TD 009\", aksolit_30, 166, 5000, 2500, 4990, 5480),\n        pytest.param(\n            \"TD 010\", aksolit_30, 206, 6200, 2900, 5570, 6120,\n            marks=pytest.mark.xfail(reson=\"Цена доставки 3600 7960 8980\")\n        ),\n        (\"TD 011\", aksolit_30, 299, 9000, 3600, 7960, 8980),\n        (\"TD 012\", aksolit_30, 333, 10000, 4450, 11990, 12500),\n        pytest.param(\n            \"TD 013\", aksolit_30, 366, 11000, 4800, 12450, 13480,\n            marks=pytest.mark.xfail(reason=\"Цена стандартной доставки 4450\")\n        ),\n        pytest.param(\n            \"TD 014\", aksolit_30, 666, 20000, 5400, 15600, 17490,\n            marks=pytest.mark.xfail(reason=\"Цена стандартной доставки 4450\")\n        )\n    ])\n    @pytest.mark.smoke\n    def test_positive_delivery_green_zone_smoke(\n            self, driver, url, case_id, link_item, amount, weight, standard, in_time, all_time\n    ):\n    \n        driver.get(f'{url}{link_item}')\n        item_page = ItemPage(driver)\n>       item_page.add_item_to_cart(amount).click_on_cart()\n\ntests/delivery/test_delivery_calculation.py:49: \n_ _ _ _ _ _ _ _ _ _ _ _ _ _ _ _ _ _ _ _ _ _ _ _ _ _ _ _ _ _ _ _ _ _ _ _ _ _ _ _ \npages/item_page.py:41: in add_item_to_cart\n    amount_field = self.find_element(self._item_amount)\nbase/seleniumbase.py:17: in find_element\n    return self.driver.find_element(*locator)\n/usr/local/lib/python3.11/site-packages/selenium/webdriver/remote/webdriver.py:740: in find_element\n    return self.execute(Command.FIND_ELEMENT, {\"using\": by, \"value\": value})[\"value\"]\n/usr/local/lib/python3.11/site-packages/selenium/webdriver/remote/webdriver.py:346: in execute\n    self.error_handler.check_response(response)\n_ _ _ _ _ _ _ _ _ _ _ _ _ _ _ _ _ _ _ _ _ _ _ _ _ _ _ _ _ _ _ _ _ _ _ _ _ _ _ _ \n\nself = <selenium.webdriver.remote.errorhandler.ErrorHandler object at 0x7fa3aed88290>\nresponse = {'status': 404, 'value': '{\"value\":{\"error\":\"no such element\",\"message\":\"no such element: Unable to locate element: {\\...\\\\n#16 0x5616c7c47917 \\\\u003Cunknown>\\\\n#17 0x5616c7c58773 \\\\u003Cunknown>\\\\n#18 0x7fdcfcc76044 \\\\u003Cunknown>\\\\n\"}}'}\n\n    def check_response(self, response: Dict[str, Any]) -> None:\n        \"\"\"Checks that a JSON response from the WebDriver does not have an\n        error.\n    \n        :Args:\n         - response - The JSON response from the WebDriver server as a dictionary\n           object.\n    \n        :Raises: If the response contains an error message.\n        \"\"\"\n        status = response.get(\"status\", None)\n        if not status or status == ErrorCode.SUCCESS:\n            return\n        value = None\n        message = response.get(\"message\", \"\")\n        screen: str = response.get(\"screen\", \"\")\n        stacktrace = None\n        if isinstance(status, int):\n            value_json = response.get(\"value\", None)\n            if value_json and isinstance(value_json, str):\n                import json\n    \n                try:\n                    value = json.loads(value_json)\n                    if len(value) == 1:\n                        value = value[\"value\"]\n                    status = value.get(\"error\", None)\n                    if not status:\n                        status = value.get(\"status\", ErrorCode.UNKNOWN_ERROR)\n                        message = value.get(\"value\") or value.get(\"message\")\n                        if not isinstance(message, str):\n                            value = message\n                            message = message.get(\"message\")\n                    else:\n                        message = value.get(\"message\", None)\n                except ValueError:\n                    pass\n    \n        exception_class: Type[WebDriverException]\n        if status in ErrorCode.NO_SUCH_ELEMENT:\n            exception_class = NoSuchElementException\n        elif status in ErrorCode.NO_SUCH_FRAME:\n            exception_class = NoSuchFrameException\n        elif status in ErrorCode.NO_SUCH_SHADOW_ROOT:\n            exception_class = NoSuchShadowRootException\n        elif status in ErrorCode.NO_SUCH_WINDOW:\n            exception_class = NoSuchWindowException\n        elif status in ErrorCode.STALE_ELEMENT_REFERENCE:\n            exception_class = StaleElementReferenceException\n        elif status in ErrorCode.ELEMENT_NOT_VISIBLE:\n            exception_class = ElementNotVisibleException\n        elif status in ErrorCode.INVALID_ELEMENT_STATE:\n            exception_class = InvalidElementStateException\n        elif (\n            status in ErrorCode.INVALID_SELECTOR\n            or status in ErrorCode.INVALID_XPATH_SELECTOR\n            or status in ErrorCode.INVALID_XPATH_SELECTOR_RETURN_TYPER\n        ):\n            exception_class = InvalidSelectorException\n        elif status in ErrorCode.ELEMENT_IS_NOT_SELECTABLE:\n            exception_class = ElementNotSelectableException\n        elif status in ErrorCode.ELEMENT_NOT_INTERACTABLE:\n            exception_class = ElementNotInteractableException\n        elif status in ErrorCode.INVALID_COOKIE_DOMAIN:\n            exception_class = InvalidCookieDomainException\n        elif status in ErrorCode.UNABLE_TO_SET_COOKIE:\n            exception_class = UnableToSetCookieException\n        elif status in ErrorCode.TIMEOUT:\n            exception_class = TimeoutException\n        elif status in ErrorCode.SCRIPT_TIMEOUT:\n            exception_class = TimeoutException\n        elif status in ErrorCode.UNKNOWN_ERROR:\n            exception_class = WebDriverException\n        elif status in ErrorCode.UNEXPECTED_ALERT_OPEN:\n            exception_class = UnexpectedAlertPresentException\n        elif status in ErrorCode.NO_ALERT_OPEN:\n            exception_class = NoAlertPresentException\n        elif status in ErrorCode.IME_NOT_AVAILABLE:\n            exception_class = ImeNotAvailableException\n        elif status in ErrorCode.IME_ENGINE_ACTIVATION_FAILED:\n            exception_class = ImeActivationFailedException\n        elif status in ErrorCode.MOVE_TARGET_OUT_OF_BOUNDS:\n            exception_class = MoveTargetOutOfBoundsException\n        elif status in ErrorCode.JAVASCRIPT_ERROR:\n            exception_class = JavascriptException\n        elif status in ErrorCode.SESSION_NOT_CREATED:\n            exception_class = SessionNotCreatedException\n        elif status in ErrorCode.INVALID_ARGUMENT:\n            exception_class = InvalidArgumentException\n        elif status in ErrorCode.NO_SUCH_COOKIE:\n            exception_class = NoSuchCookieException\n        elif status in ErrorCode.UNABLE_TO_CAPTURE_SCREEN:\n            exception_class = ScreenshotException\n        elif status in ErrorCode.ELEMENT_CLICK_INTERCEPTED:\n            exception_class = ElementClickInterceptedException\n        elif status in ErrorCode.INSECURE_CERTIFICATE:\n            exception_class = InsecureCertificateException\n        elif status in ErrorCode.INVALID_COORDINATES:\n            exception_class = InvalidCoordinatesException\n        elif status in ErrorCode.INVALID_SESSION_ID:\n            exception_class = InvalidSessionIdException\n        elif status in ErrorCode.UNKNOWN_METHOD:\n            exception_class = UnknownMethodException\n        else:\n            exception_class = WebDriverException\n        if not value:\n            value = response[\"value\"]\n        if isinstance(value, str):\n            raise exception_class(value)\n        if message == \"\" and \"message\" in value:\n            message = value[\"message\"]\n    \n        screen = None  # type: ignore[assignment]\n        if \"screen\" in value:\n            screen = value[\"screen\"]\n    \n        stacktrace = None\n        st_value = value.get(\"stackTrace\") or value.get(\"stacktrace\")\n        if st_value:\n            if isinstance(st_value, str):\n                stacktrace = st_value.split(\"\\n\")\n            else:\n                stacktrace = []\n                try:\n                    for frame in st_value:\n                        line = frame.get(\"lineNumber\", \"\")\n                        file = frame.get(\"fileName\", \"<anonymous>\")\n                        if line:\n                            file = f\"{file}:{line}\"\n                        meth = frame.get(\"methodName\", \"<anonymous>\")\n                        if \"className\" in frame:\n                            meth = f\"{frame['className']}.{meth}\"\n                        msg = \"    at %s (%s)\"\n                        msg = msg % (meth, file)\n                        stacktrace.append(msg)\n                except TypeError:\n                    pass\n        if exception_class == UnexpectedAlertPresentException:\n            alert_text = None\n            if \"data\" in value:\n                alert_text = value[\"data\"].get(\"text\")\n            elif \"alert\" in value:\n                alert_text = value[\"alert\"].get(\"text\")\n            raise exception_class(message, screen, stacktrace, alert_text)  # type: ignore[call-arg]  # mypy is not smart enough here\n>       raise exception_class(message, screen, stacktrace)\nE       selenium.common.exceptions.NoSuchElementException: Message: no such element: Unable to locate element: {\"method\":\"xpath\",\"selector\":\"//input[@class='amount']\"}\nE         (Session info: headless chrome=119.0.6045.105); For documentation on this error, please visit: https://www.selenium.dev/documentation/webdriver/troubleshooting/errors#no-such-element-exception\nE       Stacktrace:\nE       #0 0x5616c7c595e3 <unknown>\nE       #1 0x5616c791c0b7 <unknown>\nE       #2 0x5616c7969f53 <unknown>\nE       #3 0x5616c796a051 <unknown>\nE       #4 0x5616c79af9c4 <unknown>\nE       #5 0x5616c7990f1d <unknown>\nE       #6 0x5616c79acb3d <unknown>\nE       #7 0x5616c7990cc3 <unknown>\nE       #8 0x5616c795c0e4 <unknown>\nE       #9 0x5616c795d0ae <unknown>\nE       #10 0x5616c7c1fce1 <unknown>\nE       #11 0x5616c7c23b7e <unknown>\nE       #12 0x5616c7c0d4b5 <unknown>\nE       #13 0x5616c7c247d6 <unknown>\nE       #14 0x5616c7bf0dbf <unknown>\nE       #15 0x5616c7c47748 <unknown>\nE       #16 0x5616c7c47917 <unknown>\nE       #17 0x5616c7c58773 <unknown>\nE       #18 0x7fdcfcc76044 <unknown>\n\n/usr/local/lib/python3.11/site-packages/selenium/webdriver/remote/errorhandler.py:245: NoSuchElementException","flaky":false,"newFailed":false,"newBroken":false,"newPassed":false,"retriesCount":0,"retriesStatusChange":false,"beforeStages":[{"name":"_session_faker","time":{"start":1701478941017,"stop":1701478941097,"duration":80},"status":"passed","steps":[],"attachments":[],"parameters":[],"shouldDisplayMessage":false,"stepsCount":0,"attachmentsCount":0,"hasContent":false},{"name":"clear_allure_results_folder","time":{"start":1701478941097,"stop":1701478941097,"duration":0},"status":"passed","steps":[],"attachments":[],"parameters":[],"shouldDisplayMessage":false,"stepsCount":0,"attachmentsCount":0,"hasContent":false},{"name":"driver","time":{"start":1701479387076,"stop":1701479387851,"duration":775},"status":"passed","steps":[],"attachments":[],"parameters":[],"shouldDisplayMessage":false,"stepsCount":0,"attachmentsCount":0,"hasContent":false},{"name":"setup","time":{"start":1701479387852,"stop":1701479387852,"duration":0},"status":"passed","steps":[],"attachments":[],"parameters":[],"shouldDisplayMessage":false,"stepsCount":0,"attachmentsCount":0,"hasContent":false}],"testStage":{"status":"broken","statusMessage":"selenium.common.exceptions.NoSuchElementException: Message: no such element: Unable to locate element: {\"method\":\"xpath\",\"selector\":\"//input[@class='amount']\"}\n  (Session info: headless chrome=119.0.6045.105); For documentation on this error, please visit: https://www.selenium.dev/documentation/webdriver/troubleshooting/errors#no-such-element-exception\nStacktrace:\n#0 0x5616c7c595e3 <unknown>\n#1 0x5616c791c0b7 <unknown>\n#2 0x5616c7969f53 <unknown>\n#3 0x5616c796a051 <unknown>\n#4 0x5616c79af9c4 <unknown>\n#5 0x5616c7990f1d <unknown>\n#6 0x5616c79acb3d <unknown>\n#7 0x5616c7990cc3 <unknown>\n#8 0x5616c795c0e4 <unknown>\n#9 0x5616c795d0ae <unknown>\n#10 0x5616c7c1fce1 <unknown>\n#11 0x5616c7c23b7e <unknown>\n#12 0x5616c7c0d4b5 <unknown>\n#13 0x5616c7c247d6 <unknown>\n#14 0x5616c7bf0dbf <unknown>\n#15 0x5616c7c47748 <unknown>\n#16 0x5616c7c47917 <unknown>\n#17 0x5616c7c58773 <unknown>\n#18 0x7fdcfcc76044 <unknown>","statusTrace":"self = <tests.delivery.test_delivery_calculation.TestDeliveryPageCalculation object at 0x7fa3ae9fe550>\ndriver = <selenium.webdriver.chrome.webdriver.WebDriver (session=\"7c87879bae6e7e4f896ed817acbf3511\")>\nurl = 'https://sandboxtest.stroyrem-nn.ru/', case_id = 'TD 006'\nlink_item = 'products/shtukaturka-gipsovaya-aksolit-m50-30-kg-mashinnogo-naneseniya'\namount = 25, weight = 1700, standard = 990, in_time = 1990, all_time = 2480\n\n    @pytest.mark.parametrize('case_id, link_item, amount, weight, standard, in_time, all_time', [\n        (\"TD 001\", uroven_3000, 1, 30, 0, 1590, 2190),\n        (\"TD 002\", bundeks_25, 1, 30, 400, 1590, 2190),\n        (\"TD 003\", aksolit_30, 8, 300, 400, 1590, 2190),\n        (\"TD 004\", aksolit_30, 13, 400, 450, 1590, 2190),\n        (\"TD 005\", aksolit_30, 16, 500, 600, 1590, 2190),\n        (\"TD 006\", aksolit_30, 25, 1700, 990, 1990, 2480),\n        (\"TD 007\", aksolit_30, 66, 2000, 1300, 2490, 2980),\n        (\"TD 008\", aksolit_30, 149, 4500, 2300, 3980, 4490),\n        (\"TD 009\", aksolit_30, 166, 5000, 2500, 4990, 5480),\n        pytest.param(\n            \"TD 010\", aksolit_30, 206, 6200, 2900, 5570, 6120,\n            marks=pytest.mark.xfail(reson=\"Цена доставки 3600 7960 8980\")\n        ),\n        (\"TD 011\", aksolit_30, 299, 9000, 3600, 7960, 8980),\n        (\"TD 012\", aksolit_30, 333, 10000, 4450, 11990, 12500),\n        pytest.param(\n            \"TD 013\", aksolit_30, 366, 11000, 4800, 12450, 13480,\n            marks=pytest.mark.xfail(reason=\"Цена стандартной доставки 4450\")\n        ),\n        pytest.param(\n            \"TD 014\", aksolit_30, 666, 20000, 5400, 15600, 17490,\n            marks=pytest.mark.xfail(reason=\"Цена стандартной доставки 4450\")\n        )\n    ])\n    @pytest.mark.smoke\n    def test_positive_delivery_green_zone_smoke(\n            self, driver, url, case_id, link_item, amount, weight, standard, in_time, all_time\n    ):\n    \n        driver.get(f'{url}{link_item}')\n        item_page = ItemPage(driver)\n>       item_page.add_item_to_cart(amount).click_on_cart()\n\ntests/delivery/test_delivery_calculation.py:49: \n_ _ _ _ _ _ _ _ _ _ _ _ _ _ _ _ _ _ _ _ _ _ _ _ _ _ _ _ _ _ _ _ _ _ _ _ _ _ _ _ \npages/item_page.py:41: in add_item_to_cart\n    amount_field = self.find_element(self._item_amount)\nbase/seleniumbase.py:17: in find_element\n    return self.driver.find_element(*locator)\n/usr/local/lib/python3.11/site-packages/selenium/webdriver/remote/webdriver.py:740: in find_element\n    return self.execute(Command.FIND_ELEMENT, {\"using\": by, \"value\": value})[\"value\"]\n/usr/local/lib/python3.11/site-packages/selenium/webdriver/remote/webdriver.py:346: in execute\n    self.error_handler.check_response(response)\n_ _ _ _ _ _ _ _ _ _ _ _ _ _ _ _ _ _ _ _ _ _ _ _ _ _ _ _ _ _ _ _ _ _ _ _ _ _ _ _ \n\nself = <selenium.webdriver.remote.errorhandler.ErrorHandler object at 0x7fa3aed88290>\nresponse = {'status': 404, 'value': '{\"value\":{\"error\":\"no such element\",\"message\":\"no such element: Unable to locate element: {\\...\\\\n#16 0x5616c7c47917 \\\\u003Cunknown>\\\\n#17 0x5616c7c58773 \\\\u003Cunknown>\\\\n#18 0x7fdcfcc76044 \\\\u003Cunknown>\\\\n\"}}'}\n\n    def check_response(self, response: Dict[str, Any]) -> None:\n        \"\"\"Checks that a JSON response from the WebDriver does not have an\n        error.\n    \n        :Args:\n         - response - The JSON response from the WebDriver server as a dictionary\n           object.\n    \n        :Raises: If the response contains an error message.\n        \"\"\"\n        status = response.get(\"status\", None)\n        if not status or status == ErrorCode.SUCCESS:\n            return\n        value = None\n        message = response.get(\"message\", \"\")\n        screen: str = response.get(\"screen\", \"\")\n        stacktrace = None\n        if isinstance(status, int):\n            value_json = response.get(\"value\", None)\n            if value_json and isinstance(value_json, str):\n                import json\n    \n                try:\n                    value = json.loads(value_json)\n                    if len(value) == 1:\n                        value = value[\"value\"]\n                    status = value.get(\"error\", None)\n                    if not status:\n                        status = value.get(\"status\", ErrorCode.UNKNOWN_ERROR)\n                        message = value.get(\"value\") or value.get(\"message\")\n                        if not isinstance(message, str):\n                            value = message\n                            message = message.get(\"message\")\n                    else:\n                        message = value.get(\"message\", None)\n                except ValueError:\n                    pass\n    \n        exception_class: Type[WebDriverException]\n        if status in ErrorCode.NO_SUCH_ELEMENT:\n            exception_class = NoSuchElementException\n        elif status in ErrorCode.NO_SUCH_FRAME:\n            exception_class = NoSuchFrameException\n        elif status in ErrorCode.NO_SUCH_SHADOW_ROOT:\n            exception_class = NoSuchShadowRootException\n        elif status in ErrorCode.NO_SUCH_WINDOW:\n            exception_class = NoSuchWindowException\n        elif status in ErrorCode.STALE_ELEMENT_REFERENCE:\n            exception_class = StaleElementReferenceException\n        elif status in ErrorCode.ELEMENT_NOT_VISIBLE:\n            exception_class = ElementNotVisibleException\n        elif status in ErrorCode.INVALID_ELEMENT_STATE:\n            exception_class = InvalidElementStateException\n        elif (\n            status in ErrorCode.INVALID_SELECTOR\n            or status in ErrorCode.INVALID_XPATH_SELECTOR\n            or status in ErrorCode.INVALID_XPATH_SELECTOR_RETURN_TYPER\n        ):\n            exception_class = InvalidSelectorException\n        elif status in ErrorCode.ELEMENT_IS_NOT_SELECTABLE:\n            exception_class = ElementNotSelectableException\n        elif status in ErrorCode.ELEMENT_NOT_INTERACTABLE:\n            exception_class = ElementNotInteractableException\n        elif status in ErrorCode.INVALID_COOKIE_DOMAIN:\n            exception_class = InvalidCookieDomainException\n        elif status in ErrorCode.UNABLE_TO_SET_COOKIE:\n            exception_class = UnableToSetCookieException\n        elif status in ErrorCode.TIMEOUT:\n            exception_class = TimeoutException\n        elif status in ErrorCode.SCRIPT_TIMEOUT:\n            exception_class = TimeoutException\n        elif status in ErrorCode.UNKNOWN_ERROR:\n            exception_class = WebDriverException\n        elif status in ErrorCode.UNEXPECTED_ALERT_OPEN:\n            exception_class = UnexpectedAlertPresentException\n        elif status in ErrorCode.NO_ALERT_OPEN:\n            exception_class = NoAlertPresentException\n        elif status in ErrorCode.IME_NOT_AVAILABLE:\n            exception_class = ImeNotAvailableException\n        elif status in ErrorCode.IME_ENGINE_ACTIVATION_FAILED:\n            exception_class = ImeActivationFailedException\n        elif status in ErrorCode.MOVE_TARGET_OUT_OF_BOUNDS:\n            exception_class = MoveTargetOutOfBoundsException\n        elif status in ErrorCode.JAVASCRIPT_ERROR:\n            exception_class = JavascriptException\n        elif status in ErrorCode.SESSION_NOT_CREATED:\n            exception_class = SessionNotCreatedException\n        elif status in ErrorCode.INVALID_ARGUMENT:\n            exception_class = InvalidArgumentException\n        elif status in ErrorCode.NO_SUCH_COOKIE:\n            exception_class = NoSuchCookieException\n        elif status in ErrorCode.UNABLE_TO_CAPTURE_SCREEN:\n            exception_class = ScreenshotException\n        elif status in ErrorCode.ELEMENT_CLICK_INTERCEPTED:\n            exception_class = ElementClickInterceptedException\n        elif status in ErrorCode.INSECURE_CERTIFICATE:\n            exception_class = InsecureCertificateException\n        elif status in ErrorCode.INVALID_COORDINATES:\n            exception_class = InvalidCoordinatesException\n        elif status in ErrorCode.INVALID_SESSION_ID:\n            exception_class = InvalidSessionIdException\n        elif status in ErrorCode.UNKNOWN_METHOD:\n            exception_class = UnknownMethodException\n        else:\n            exception_class = WebDriverException\n        if not value:\n            value = response[\"value\"]\n        if isinstance(value, str):\n            raise exception_class(value)\n        if message == \"\" and \"message\" in value:\n            message = value[\"message\"]\n    \n        screen = None  # type: ignore[assignment]\n        if \"screen\" in value:\n            screen = value[\"screen\"]\n    \n        stacktrace = None\n        st_value = value.get(\"stackTrace\") or value.get(\"stacktrace\")\n        if st_value:\n            if isinstance(st_value, str):\n                stacktrace = st_value.split(\"\\n\")\n            else:\n                stacktrace = []\n                try:\n                    for frame in st_value:\n                        line = frame.get(\"lineNumber\", \"\")\n                        file = frame.get(\"fileName\", \"<anonymous>\")\n                        if line:\n                            file = f\"{file}:{line}\"\n                        meth = frame.get(\"methodName\", \"<anonymous>\")\n                        if \"className\" in frame:\n                            meth = f\"{frame['className']}.{meth}\"\n                        msg = \"    at %s (%s)\"\n                        msg = msg % (meth, file)\n                        stacktrace.append(msg)\n                except TypeError:\n                    pass\n        if exception_class == UnexpectedAlertPresentException:\n            alert_text = None\n            if \"data\" in value:\n                alert_text = value[\"data\"].get(\"text\")\n            elif \"alert\" in value:\n                alert_text = value[\"alert\"].get(\"text\")\n            raise exception_class(message, screen, stacktrace, alert_text)  # type: ignore[call-arg]  # mypy is not smart enough here\n>       raise exception_class(message, screen, stacktrace)\nE       selenium.common.exceptions.NoSuchElementException: Message: no such element: Unable to locate element: {\"method\":\"xpath\",\"selector\":\"//input[@class='amount']\"}\nE         (Session info: headless chrome=119.0.6045.105); For documentation on this error, please visit: https://www.selenium.dev/documentation/webdriver/troubleshooting/errors#no-such-element-exception\nE       Stacktrace:\nE       #0 0x5616c7c595e3 <unknown>\nE       #1 0x5616c791c0b7 <unknown>\nE       #2 0x5616c7969f53 <unknown>\nE       #3 0x5616c796a051 <unknown>\nE       #4 0x5616c79af9c4 <unknown>\nE       #5 0x5616c7990f1d <unknown>\nE       #6 0x5616c79acb3d <unknown>\nE       #7 0x5616c7990cc3 <unknown>\nE       #8 0x5616c795c0e4 <unknown>\nE       #9 0x5616c795d0ae <unknown>\nE       #10 0x5616c7c1fce1 <unknown>\nE       #11 0x5616c7c23b7e <unknown>\nE       #12 0x5616c7c0d4b5 <unknown>\nE       #13 0x5616c7c247d6 <unknown>\nE       #14 0x5616c7bf0dbf <unknown>\nE       #15 0x5616c7c47748 <unknown>\nE       #16 0x5616c7c47917 <unknown>\nE       #17 0x5616c7c58773 <unknown>\nE       #18 0x7fdcfcc76044 <unknown>\n\n/usr/local/lib/python3.11/site-packages/selenium/webdriver/remote/errorhandler.py:245: NoSuchElementException","steps":[{"name":"Добавляем товар в корзину в количестве 25","time":{"start":1701479391836,"stop":1701479391903,"duration":67},"status":"broken","statusMessage":"selenium.common.exceptions.NoSuchElementException: Message: no such element: Unable to locate element: {\"method\":\"xpath\",\"selector\":\"//input[@class='amount']\"}\n  (Session info: headless chrome=119.0.6045.105); For documentation on this error, please visit: https://www.selenium.dev/documentation/webdriver/troubleshooting/errors#no-such-element-exception\nStacktrace:\n#0 0x5616c7c595e3 <unknown>\n#1 0x5616c791c0b7 <unknown>\n#2 0x5616c7969f53 <unknown>\n#3 0x5616c796a051 <unknown>\n#4 0x5616c79af9c4 <unknown>\n#5 0x5616c7990f1d <unknown>\n#6 0x5616c79acb3d <unknown>\n#7 0x5616c7990cc3 <unknown>\n#8 0x5616c795c0e4 <unknown>\n#9 0x5616c795d0ae <unknown>\n#10 0x5616c7c1fce1 <unknown>\n#11 0x5616c7c23b7e <unknown>\n#12 0x5616c7c0d4b5 <unknown>\n#13 0x5616c7c247d6 <unknown>\n#14 0x5616c7bf0dbf <unknown>\n#15 0x5616c7c47748 <unknown>\n#16 0x5616c7c47917 <unknown>\n#17 0x5616c7c58773 <unknown>\n#18 0x7fdcfcc76044 <unknown>\n\n","statusTrace":"  File \"/usr/local/lib/python3.11/site-packages/allure_commons/_allure.py\", line 192, in impl\n    return func(*a, **kw)\n           ^^^^^^^^^^^^^^\n  File \"/app/pages/item_page.py\", line 41, in add_item_to_cart\n    amount_field = self.find_element(self._item_amount)\n                   ^^^^^^^^^^^^^^^^^^^^^^^^^^^^^^^^^^^^\n  File \"/app/base/seleniumbase.py\", line 17, in find_element\n    return self.driver.find_element(*locator)\n           ^^^^^^^^^^^^^^^^^^^^^^^^^^^^^^^^^^\n  File \"/usr/local/lib/python3.11/site-packages/selenium/webdriver/remote/webdriver.py\", line 740, in find_element\n    return self.execute(Command.FIND_ELEMENT, {\"using\": by, \"value\": value})[\"value\"]\n           ^^^^^^^^^^^^^^^^^^^^^^^^^^^^^^^^^^^^^^^^^^^^^^^^^^^^^^^^^^^^^^^^^\n  File \"/usr/local/lib/python3.11/site-packages/selenium/webdriver/remote/webdriver.py\", line 346, in execute\n    self.error_handler.check_response(response)\n  File \"/usr/local/lib/python3.11/site-packages/selenium/webdriver/remote/errorhandler.py\", line 245, in check_response\n    raise exception_class(message, screen, stacktrace)\n","steps":[],"attachments":[],"parameters":[{"name":"amount","value":"25"}],"shouldDisplayMessage":true,"stepsCount":0,"attachmentsCount":0,"hasContent":true}],"attachments":[{"uid":"578b2acdead92f0f","name":"Screenshot","source":"578b2acdead92f0f.png","type":"image/png","size":115178},{"uid":"1890b5c4594dacc3","name":"HTML source","source":"1890b5c4594dacc3.html","type":"text/html","size":303988}],"parameters":[],"shouldDisplayMessage":true,"stepsCount":1,"attachmentsCount":2,"hasContent":true},"afterStages":[{"name":"setup::0","time":{"start":1701479392061,"stop":1701479392061,"duration":0},"status":"passed","steps":[],"attachments":[],"parameters":[],"shouldDisplayMessage":false,"stepsCount":0,"attachmentsCount":0,"hasContent":false},{"name":"driver::0","time":{"start":1701479392062,"stop":1701479392125,"duration":63},"status":"passed","steps":[],"attachments":[],"parameters":[],"shouldDisplayMessage":false,"stepsCount":0,"attachmentsCount":0,"hasContent":false}],"labels":[{"name":"epic","value":"Delivery Page - calculation"},{"name":"tag","value":"smoke"},{"name":"parentSuite","value":"tests.delivery"},{"name":"suite","value":"test_delivery_calculation"},{"name":"subSuite","value":"TestDeliveryPageCalculation"},{"name":"host","value":"e0d55a56f740"},{"name":"thread","value":"1-MainThread"},{"name":"framework","value":"pytest"},{"name":"language","value":"cpython3"},{"name":"package","value":"tests.delivery.test_delivery_calculation"},{"name":"resultFormat","value":"allure2"}],"parameters":[{"name":"all_time","value":"2480"},{"name":"amount","value":"25"},{"name":"case_id","value":"'TD 006'"},{"name":"in_time","value":"1990"},{"name":"link_item","value":"'products/shtukaturka-gipsovaya-aksolit-m50-30-kg-mashinnogo-naneseniya'"},{"name":"standard","value":"990"},{"name":"url","value":"'https://sandboxtest.stroyrem-nn.ru/'"},{"name":"weight","value":"1700"}],"links":[],"hidden":false,"retry":false,"extra":{"severity":"normal","retries":[],"categories":[{"name":"Test defects","matchedStatuses":[],"flaky":false}],"history":{"statistic":{"failed":0,"broken":94,"skipped":0,"passed":0,"unknown":0,"total":94},"items":[{"uid":"42f572b9f4e56148","reportUrl":"https://zaelcovsky.github.io/StroyremAutomation/157//#testresult/42f572b9f4e56148","status":"broken","statusDetails":"selenium.common.exceptions.NoSuchElementException: Message: no such element: Unable to locate element: {\"method\":\"xpath\",\"selector\":\"//input[@class='amount']\"}\n  (Session info: headless chrome=119.0.6045.105); For documentation on this error, please visit: https://www.selenium.dev/documentation/webdriver/troubleshooting/errors#no-such-element-exception\nStacktrace:\n#0 0x55aa3a6b05e3 <unknown>\n#1 0x55aa3a3730b7 <unknown>\n#2 0x55aa3a3c0f53 <unknown>\n#3 0x55aa3a3c1051 <unknown>\n#4 0x55aa3a4069c4 <unknown>\n#5 0x55aa3a3e7f1d <unknown>\n#6 0x55aa3a403b3d <unknown>\n#7 0x55aa3a3e7cc3 <unknown>\n#8 0x55aa3a3b30e4 <unknown>\n#9 0x55aa3a3b40ae <unknown>\n#10 0x55aa3a676ce1 <unknown>\n#11 0x55aa3a67ab7e <unknown>\n#12 0x55aa3a6644b5 <unknown>\n#13 0x55aa3a67b7d6 <unknown>\n#14 0x55aa3a647dbf <unknown>\n#15 0x55aa3a69e748 <unknown>\n#16 0x55aa3a69e917 <unknown>\n#17 0x55aa3a6af773 <unknown>\n#18 0x7f65ed3bc044 <unknown>","time":{"start":1701393516853,"stop":1701393521732,"duration":4879}},{"uid":"70ba5aadfc57530c","reportUrl":"https://zaelcovsky.github.io/StroyremAutomation/156//#testresult/70ba5aadfc57530c","status":"broken","statusDetails":"selenium.common.exceptions.NoSuchElementException: Message: no such element: Unable to locate element: {\"method\":\"xpath\",\"selector\":\"//input[@class='amount']\"}\n  (Session info: headless chrome=119.0.6045.105); For documentation on this error, please visit: https://www.selenium.dev/documentation/webdriver/troubleshooting/errors#no-such-element-exception\nStacktrace:\n#0 0x55d67d2475e3 <unknown>\n#1 0x55d67cf0a0b7 <unknown>\n#2 0x55d67cf57f53 <unknown>\n#3 0x55d67cf58051 <unknown>\n#4 0x55d67cf9d9c4 <unknown>\n#5 0x55d67cf7ef1d <unknown>\n#6 0x55d67cf9ab3d <unknown>\n#7 0x55d67cf7ecc3 <unknown>\n#8 0x55d67cf4a0e4 <unknown>\n#9 0x55d67cf4b0ae <unknown>\n#10 0x55d67d20dce1 <unknown>\n#11 0x55d67d211b7e <unknown>\n#12 0x55d67d1fb4b5 <unknown>\n#13 0x55d67d2127d6 <unknown>\n#14 0x55d67d1dedbf <unknown>\n#15 0x55d67d235748 <unknown>\n#16 0x55d67d235917 <unknown>\n#17 0x55d67d246773 <unknown>\n#18 0x7f0fd060f044 <unknown>","time":{"start":1701306670496,"stop":1701306678144,"duration":7648}},{"uid":"e2d74aa0bee5574c","reportUrl":"https://zaelcovsky.github.io/StroyremAutomation/155//#testresult/e2d74aa0bee5574c","status":"broken","statusDetails":"selenium.common.exceptions.NoSuchElementException: Message: no such element: Unable to locate element: {\"method\":\"xpath\",\"selector\":\"//input[@class='amount']\"}\n  (Session info: headless chrome=119.0.6045.105); For documentation on this error, please visit: https://www.selenium.dev/documentation/webdriver/troubleshooting/errors#no-such-element-exception\nStacktrace:\n#0 0x560715c1b5e3 <unknown>\n#1 0x5607158de0b7 <unknown>\n#2 0x56071592bf53 <unknown>\n#3 0x56071592c051 <unknown>\n#4 0x5607159719c4 <unknown>\n#5 0x560715952f1d <unknown>\n#6 0x56071596eb3d <unknown>\n#7 0x560715952cc3 <unknown>\n#8 0x56071591e0e4 <unknown>\n#9 0x56071591f0ae <unknown>\n#10 0x560715be1ce1 <unknown>\n#11 0x560715be5b7e <unknown>\n#12 0x560715bcf4b5 <unknown>\n#13 0x560715be67d6 <unknown>\n#14 0x560715bb2dbf <unknown>\n#15 0x560715c09748 <unknown>\n#16 0x560715c09917 <unknown>\n#17 0x560715c1a773 <unknown>\n#18 0x7f4b01544044 <unknown>","time":{"start":1701220297997,"stop":1701220301697,"duration":3700}},{"uid":"84e49d7a1731c36c","reportUrl":"https://zaelcovsky.github.io/StroyremAutomation/154//#testresult/84e49d7a1731c36c","status":"broken","statusDetails":"selenium.common.exceptions.NoSuchElementException: Message: no such element: Unable to locate element: {\"method\":\"xpath\",\"selector\":\"//input[@class='amount']\"}\n  (Session info: headless chrome=119.0.6045.105); For documentation on this error, please visit: https://www.selenium.dev/documentation/webdriver/troubleshooting/errors#no-such-element-exception\nStacktrace:\n#0 0x5616b6db75e3 <unknown>\n#1 0x5616b6a7a0b7 <unknown>\n#2 0x5616b6ac7f53 <unknown>\n#3 0x5616b6ac8051 <unknown>\n#4 0x5616b6b0d9c4 <unknown>\n#5 0x5616b6aeef1d <unknown>\n#6 0x5616b6b0ab3d <unknown>\n#7 0x5616b6aeecc3 <unknown>\n#8 0x5616b6aba0e4 <unknown>\n#9 0x5616b6abb0ae <unknown>\n#10 0x5616b6d7dce1 <unknown>\n#11 0x5616b6d81b7e <unknown>\n#12 0x5616b6d6b4b5 <unknown>\n#13 0x5616b6d827d6 <unknown>\n#14 0x5616b6d4edbf <unknown>\n#15 0x5616b6da5748 <unknown>\n#16 0x5616b6da5917 <unknown>\n#17 0x5616b6db6773 <unknown>\n#18 0x7f397a167044 <unknown>","time":{"start":1701133908670,"stop":1701133912209,"duration":3539}},{"uid":"a2865d7d43e937c4","reportUrl":"https://zaelcovsky.github.io/StroyremAutomation/153//#testresult/a2865d7d43e937c4","status":"broken","statusDetails":"selenium.common.exceptions.NoSuchElementException: Message: no such element: Unable to locate element: {\"method\":\"xpath\",\"selector\":\"//input[@class='amount']\"}\n  (Session info: headless chrome=119.0.6045.105); For documentation on this error, please visit: https://www.selenium.dev/documentation/webdriver/troubleshooting/errors#no-such-element-exception\nStacktrace:\n#0 0x55f65b6395e3 <unknown>\n#1 0x55f65b2fc0b7 <unknown>\n#2 0x55f65b349f53 <unknown>\n#3 0x55f65b34a051 <unknown>\n#4 0x55f65b38f9c4 <unknown>\n#5 0x55f65b370f1d <unknown>\n#6 0x55f65b38cb3d <unknown>\n#7 0x55f65b370cc3 <unknown>\n#8 0x55f65b33c0e4 <unknown>\n#9 0x55f65b33d0ae <unknown>\n#10 0x55f65b5ffce1 <unknown>\n#11 0x55f65b603b7e <unknown>\n#12 0x55f65b5ed4b5 <unknown>\n#13 0x55f65b6047d6 <unknown>\n#14 0x55f65b5d0dbf <unknown>\n#15 0x55f65b627748 <unknown>\n#16 0x55f65b627917 <unknown>\n#17 0x55f65b638773 <unknown>\n#18 0x7f7d317cc044 <unknown>","time":{"start":1701047515230,"stop":1701047519453,"duration":4223}},{"uid":"db73c03a1e8c64fd","reportUrl":"https://zaelcovsky.github.io/StroyremAutomation/152//#testresult/db73c03a1e8c64fd","status":"broken","statusDetails":"selenium.common.exceptions.NoSuchElementException: Message: no such element: Unable to locate element: {\"method\":\"xpath\",\"selector\":\"//input[@class='amount']\"}\n  (Session info: headless chrome=119.0.6045.105); For documentation on this error, please visit: https://www.selenium.dev/documentation/webdriver/troubleshooting/errors#no-such-element-exception\nStacktrace:\n#0 0x563b6e5d95e3 <unknown>\n#1 0x563b6e29c0b7 <unknown>\n#2 0x563b6e2e9f53 <unknown>\n#3 0x563b6e2ea051 <unknown>\n#4 0x563b6e32f9c4 <unknown>\n#5 0x563b6e310f1d <unknown>\n#6 0x563b6e32cb3d <unknown>\n#7 0x563b6e310cc3 <unknown>\n#8 0x563b6e2dc0e4 <unknown>\n#9 0x563b6e2dd0ae <unknown>\n#10 0x563b6e59fce1 <unknown>\n#11 0x563b6e5a3b7e <unknown>\n#12 0x563b6e58d4b5 <unknown>\n#13 0x563b6e5a47d6 <unknown>\n#14 0x563b6e570dbf <unknown>\n#15 0x563b6e5c7748 <unknown>\n#16 0x563b6e5c7917 <unknown>\n#17 0x563b6e5d8773 <unknown>\n#18 0x7f80172c7044 <unknown>","time":{"start":1700961407606,"stop":1700961412680,"duration":5074}},{"uid":"fdb046e9ffef824a","reportUrl":"https://zaelcovsky.github.io/StroyremAutomation/151//#testresult/fdb046e9ffef824a","status":"broken","statusDetails":"selenium.common.exceptions.NoSuchElementException: Message: no such element: Unable to locate element: {\"method\":\"xpath\",\"selector\":\"//input[@class='amount']\"}\n  (Session info: headless chrome=119.0.6045.105); For documentation on this error, please visit: https://www.selenium.dev/documentation/webdriver/troubleshooting/errors#no-such-element-exception\nStacktrace:\n#0 0x5633de9995e3 <unknown>\n#1 0x5633de65c0b7 <unknown>\n#2 0x5633de6a9f53 <unknown>\n#3 0x5633de6aa051 <unknown>\n#4 0x5633de6ef9c4 <unknown>\n#5 0x5633de6d0f1d <unknown>\n#6 0x5633de6ecb3d <unknown>\n#7 0x5633de6d0cc3 <unknown>\n#8 0x5633de69c0e4 <unknown>\n#9 0x5633de69d0ae <unknown>\n#10 0x5633de95fce1 <unknown>\n#11 0x5633de963b7e <unknown>\n#12 0x5633de94d4b5 <unknown>\n#13 0x5633de9647d6 <unknown>\n#14 0x5633de930dbf <unknown>\n#15 0x5633de987748 <unknown>\n#16 0x5633de987917 <unknown>\n#17 0x5633de998773 <unknown>\n#18 0x7f787b6c3044 <unknown>","time":{"start":1700874519759,"stop":1700874523395,"duration":3636}},{"uid":"8b261ade54434f4a","reportUrl":"https://zaelcovsky.github.io/StroyremAutomation/150//#testresult/8b261ade54434f4a","status":"broken","statusDetails":"selenium.common.exceptions.NoSuchElementException: Message: no such element: Unable to locate element: {\"method\":\"xpath\",\"selector\":\"//input[@class='amount']\"}\n  (Session info: headless chrome=119.0.6045.105); For documentation on this error, please visit: https://www.selenium.dev/documentation/webdriver/troubleshooting/errors#no-such-element-exception\nStacktrace:\n#0 0x55ae654fd5e3 <unknown>\n#1 0x55ae651c00b7 <unknown>\n#2 0x55ae6520df53 <unknown>\n#3 0x55ae6520e051 <unknown>\n#4 0x55ae652539c4 <unknown>\n#5 0x55ae65234f1d <unknown>\n#6 0x55ae65250b3d <unknown>\n#7 0x55ae65234cc3 <unknown>\n#8 0x55ae652000e4 <unknown>\n#9 0x55ae652010ae <unknown>\n#10 0x55ae654c3ce1 <unknown>\n#11 0x55ae654c7b7e <unknown>\n#12 0x55ae654b14b5 <unknown>\n#13 0x55ae654c87d6 <unknown>\n#14 0x55ae65494dbf <unknown>\n#15 0x55ae654eb748 <unknown>\n#16 0x55ae654eb917 <unknown>\n#17 0x55ae654fc773 <unknown>\n#18 0x7f0c722a9044 <unknown>","time":{"start":1700788229074,"stop":1700788232852,"duration":3778}},{"uid":"b9e9101a49a3d011","reportUrl":"https://zaelcovsky.github.io/StroyremAutomation/149//#testresult/b9e9101a49a3d011","status":"broken","statusDetails":"selenium.common.exceptions.NoSuchElementException: Message: no such element: Unable to locate element: {\"method\":\"xpath\",\"selector\":\"//input[@class='amount']\"}\n  (Session info: headless chrome=119.0.6045.105); For documentation on this error, please visit: https://www.selenium.dev/documentation/webdriver/troubleshooting/errors#no-such-element-exception\nStacktrace:\n#0 0x55aeb29645e3 <unknown>\n#1 0x55aeb26270b7 <unknown>\n#2 0x55aeb2674f53 <unknown>\n#3 0x55aeb2675051 <unknown>\n#4 0x55aeb26ba9c4 <unknown>\n#5 0x55aeb269bf1d <unknown>\n#6 0x55aeb26b7b3d <unknown>\n#7 0x55aeb269bcc3 <unknown>\n#8 0x55aeb26670e4 <unknown>\n#9 0x55aeb26680ae <unknown>\n#10 0x55aeb292ace1 <unknown>\n#11 0x55aeb292eb7e <unknown>\n#12 0x55aeb29184b5 <unknown>\n#13 0x55aeb292f7d6 <unknown>\n#14 0x55aeb28fbdbf <unknown>\n#15 0x55aeb2952748 <unknown>\n#16 0x55aeb2952917 <unknown>\n#17 0x55aeb2963773 <unknown>\n#18 0x7ff6334eb044 <unknown>","time":{"start":1700701827452,"stop":1700701830771,"duration":3319}},{"uid":"2ee81f9b1880c64b","reportUrl":"https://zaelcovsky.github.io/StroyremAutomation/148//#testresult/2ee81f9b1880c64b","status":"broken","statusDetails":"selenium.common.exceptions.NoSuchElementException: Message: no such element: Unable to locate element: {\"method\":\"xpath\",\"selector\":\"//input[@class='amount']\"}\n  (Session info: headless chrome=119.0.6045.105); For documentation on this error, please visit: https://www.selenium.dev/documentation/webdriver/troubleshooting/errors#no-such-element-exception\nStacktrace:\n#0 0x55bc3a0515e3 <unknown>\n#1 0x55bc39d140b7 <unknown>\n#2 0x55bc39d61f53 <unknown>\n#3 0x55bc39d62051 <unknown>\n#4 0x55bc39da79c4 <unknown>\n#5 0x55bc39d88f1d <unknown>\n#6 0x55bc39da4b3d <unknown>\n#7 0x55bc39d88cc3 <unknown>\n#8 0x55bc39d540e4 <unknown>\n#9 0x55bc39d550ae <unknown>\n#10 0x55bc3a017ce1 <unknown>\n#11 0x55bc3a01bb7e <unknown>\n#12 0x55bc3a0054b5 <unknown>\n#13 0x55bc3a01c7d6 <unknown>\n#14 0x55bc39fe8dbf <unknown>\n#15 0x55bc3a03f748 <unknown>\n#16 0x55bc3a03f917 <unknown>\n#17 0x55bc3a050773 <unknown>\n#18 0x7f985c3d5044 <unknown>","time":{"start":1700615571478,"stop":1700615575122,"duration":3644}},{"uid":"b8c91d4089636daa","reportUrl":"https://zaelcovsky.github.io/StroyremAutomation/147//#testresult/b8c91d4089636daa","status":"broken","statusDetails":"selenium.common.exceptions.NoSuchElementException: Message: no such element: Unable to locate element: {\"method\":\"xpath\",\"selector\":\"//input[@class='amount']\"}\n  (Session info: headless chrome=119.0.6045.105); For documentation on this error, please visit: https://www.selenium.dev/documentation/webdriver/troubleshooting/errors#no-such-element-exception\nStacktrace:\n#0 0x5563f3c385e3 <unknown>\n#1 0x5563f38fb0b7 <unknown>\n#2 0x5563f3948f53 <unknown>\n#3 0x5563f3949051 <unknown>\n#4 0x5563f398e9c4 <unknown>\n#5 0x5563f396ff1d <unknown>\n#6 0x5563f398bb3d <unknown>\n#7 0x5563f396fcc3 <unknown>\n#8 0x5563f393b0e4 <unknown>\n#9 0x5563f393c0ae <unknown>\n#10 0x5563f3bfece1 <unknown>\n#11 0x5563f3c02b7e <unknown>\n#12 0x5563f3bec4b5 <unknown>\n#13 0x5563f3c037d6 <unknown>\n#14 0x5563f3bcfdbf <unknown>\n#15 0x5563f3c26748 <unknown>\n#16 0x5563f3c26917 <unknown>\n#17 0x5563f3c37773 <unknown>\n#18 0x7f50bdd12044 <unknown>","time":{"start":1700529189519,"stop":1700529194006,"duration":4487}},{"uid":"9da0c854649fcd0e","reportUrl":"https://zaelcovsky.github.io/StroyremAutomation/146//#testresult/9da0c854649fcd0e","status":"broken","statusDetails":"selenium.common.exceptions.NoSuchElementException: Message: no such element: Unable to locate element: {\"method\":\"xpath\",\"selector\":\"//input[@class='amount']\"}\n  (Session info: headless chrome=119.0.6045.105); For documentation on this error, please visit: https://www.selenium.dev/documentation/webdriver/troubleshooting/errors#no-such-element-exception\nStacktrace:\n#0 0x562021cee5e3 <unknown>\n#1 0x5620219b10b7 <unknown>\n#2 0x5620219fef53 <unknown>\n#3 0x5620219ff051 <unknown>\n#4 0x562021a449c4 <unknown>\n#5 0x562021a25f1d <unknown>\n#6 0x562021a41b3d <unknown>\n#7 0x562021a25cc3 <unknown>\n#8 0x5620219f10e4 <unknown>\n#9 0x5620219f20ae <unknown>\n#10 0x562021cb4ce1 <unknown>\n#11 0x562021cb8b7e <unknown>\n#12 0x562021ca24b5 <unknown>\n#13 0x562021cb97d6 <unknown>\n#14 0x562021c85dbf <unknown>\n#15 0x562021cdc748 <unknown>\n#16 0x562021cdc917 <unknown>\n#17 0x562021ced773 <unknown>\n#18 0x7f5f2511a044 <unknown>","time":{"start":1700442717281,"stop":1700442721242,"duration":3961}},{"uid":"f1731947643bd9f8","reportUrl":"https://zaelcovsky.github.io/StroyremAutomation/145//#testresult/f1731947643bd9f8","status":"broken","statusDetails":"selenium.common.exceptions.NoSuchElementException: Message: no such element: Unable to locate element: {\"method\":\"xpath\",\"selector\":\"//input[@class='amount']\"}\n  (Session info: headless chrome=119.0.6045.105); For documentation on this error, please visit: https://www.selenium.dev/documentation/webdriver/troubleshooting/errors#no-such-element-exception\nStacktrace:\n#0 0x555d622375e3 <unknown>\n#1 0x555d61efa0b7 <unknown>\n#2 0x555d61f47f53 <unknown>\n#3 0x555d61f48051 <unknown>\n#4 0x555d61f8d9c4 <unknown>\n#5 0x555d61f6ef1d <unknown>\n#6 0x555d61f8ab3d <unknown>\n#7 0x555d61f6ecc3 <unknown>\n#8 0x555d61f3a0e4 <unknown>\n#9 0x555d61f3b0ae <unknown>\n#10 0x555d621fdce1 <unknown>\n#11 0x555d62201b7e <unknown>\n#12 0x555d621eb4b5 <unknown>\n#13 0x555d622027d6 <unknown>\n#14 0x555d621cedbf <unknown>\n#15 0x555d62225748 <unknown>\n#16 0x555d62225917 <unknown>\n#17 0x555d62236773 <unknown>\n#18 0x7f93d2e54044 <unknown>","time":{"start":1700356508388,"stop":1700356512394,"duration":4006}},{"uid":"600ebcd2dfe52420","reportUrl":"https://zaelcovsky.github.io/StroyremAutomation/144//#testresult/600ebcd2dfe52420","status":"broken","statusDetails":"selenium.common.exceptions.NoSuchElementException: Message: no such element: Unable to locate element: {\"method\":\"xpath\",\"selector\":\"//input[@class='amount']\"}\n  (Session info: headless chrome=119.0.6045.105); For documentation on this error, please visit: https://www.selenium.dev/documentation/webdriver/troubleshooting/errors#no-such-element-exception\nStacktrace:\n#0 0x55dffb0265e3 <unknown>\n#1 0x55dfface90b7 <unknown>\n#2 0x55dffad36f53 <unknown>\n#3 0x55dffad37051 <unknown>\n#4 0x55dffad7c9c4 <unknown>\n#5 0x55dffad5df1d <unknown>\n#6 0x55dffad79b3d <unknown>\n#7 0x55dffad5dcc3 <unknown>\n#8 0x55dffad290e4 <unknown>\n#9 0x55dffad2a0ae <unknown>\n#10 0x55dffafecce1 <unknown>\n#11 0x55dffaff0b7e <unknown>\n#12 0x55dffafda4b5 <unknown>\n#13 0x55dffaff17d6 <unknown>\n#14 0x55dffafbddbf <unknown>\n#15 0x55dffb014748 <unknown>\n#16 0x55dffb014917 <unknown>\n#17 0x55dffb025773 <unknown>\n#18 0x7f49eb18c044 <unknown>","time":{"start":1700269902210,"stop":1700269907567,"duration":5357}},{"uid":"8ee1b98efd840875","reportUrl":"https://zaelcovsky.github.io/StroyremAutomation/143//#testresult/8ee1b98efd840875","status":"broken","statusDetails":"selenium.common.exceptions.NoSuchElementException: Message: no such element: Unable to locate element: {\"method\":\"xpath\",\"selector\":\"//input[@class='amount']\"}\n  (Session info: headless chrome=119.0.6045.105); For documentation on this error, please visit: https://www.selenium.dev/documentation/webdriver/troubleshooting/errors#no-such-element-exception\nStacktrace:\n#0 0x55adeb2525e3 <unknown>\n#1 0x55adeaf150b7 <unknown>\n#2 0x55adeaf62f53 <unknown>\n#3 0x55adeaf63051 <unknown>\n#4 0x55adeafa89c4 <unknown>\n#5 0x55adeaf89f1d <unknown>\n#6 0x55adeafa5b3d <unknown>\n#7 0x55adeaf89cc3 <unknown>\n#8 0x55adeaf550e4 <unknown>\n#9 0x55adeaf560ae <unknown>\n#10 0x55adeb218ce1 <unknown>\n#11 0x55adeb21cb7e <unknown>\n#12 0x55adeb2064b5 <unknown>\n#13 0x55adeb21d7d6 <unknown>\n#14 0x55adeb1e9dbf <unknown>\n#15 0x55adeb240748 <unknown>\n#16 0x55adeb240917 <unknown>\n#17 0x55adeb251773 <unknown>\n#18 0x7f6e27c3d044 <unknown>","time":{"start":1700183524227,"stop":1700183528693,"duration":4466}},{"uid":"116850214f640073","reportUrl":"https://zaelcovsky.github.io/StroyremAutomation/142//#testresult/116850214f640073","status":"broken","statusDetails":"selenium.common.exceptions.NoSuchElementException: Message: no such element: Unable to locate element: {\"method\":\"xpath\",\"selector\":\"//input[@class='amount']\"}\n  (Session info: headless chrome=119.0.6045.105); For documentation on this error, please visit: https://www.selenium.dev/documentation/webdriver/troubleshooting/errors#no-such-element-exception\nStacktrace:\n#0 0x555ad912b5e3 <unknown>\n#1 0x555ad8dee0b7 <unknown>\n#2 0x555ad8e3bf53 <unknown>\n#3 0x555ad8e3c051 <unknown>\n#4 0x555ad8e819c4 <unknown>\n#5 0x555ad8e62f1d <unknown>\n#6 0x555ad8e7eb3d <unknown>\n#7 0x555ad8e62cc3 <unknown>\n#8 0x555ad8e2e0e4 <unknown>\n#9 0x555ad8e2f0ae <unknown>\n#10 0x555ad90f1ce1 <unknown>\n#11 0x555ad90f5b7e <unknown>\n#12 0x555ad90df4b5 <unknown>\n#13 0x555ad90f67d6 <unknown>\n#14 0x555ad90c2dbf <unknown>\n#15 0x555ad9119748 <unknown>\n#16 0x555ad9119917 <unknown>\n#17 0x555ad912a773 <unknown>\n#18 0x7fed3eabb044 <unknown>","time":{"start":1700097084530,"stop":1700097088430,"duration":3900}},{"uid":"ebeee6037a05ed54","reportUrl":"https://zaelcovsky.github.io/StroyremAutomation/141//#testresult/ebeee6037a05ed54","status":"broken","statusDetails":"selenium.common.exceptions.NoSuchElementException: Message: no such element: Unable to locate element: {\"method\":\"xpath\",\"selector\":\"//input[@class='amount']\"}\n  (Session info: headless chrome=119.0.6045.105); For documentation on this error, please visit: https://www.selenium.dev/documentation/webdriver/troubleshooting/errors#no-such-element-exception\nStacktrace:\n#0 0x5566ffc5d5e3 <unknown>\n#1 0x5566ff9200b7 <unknown>\n#2 0x5566ff96df53 <unknown>\n#3 0x5566ff96e051 <unknown>\n#4 0x5566ff9b39c4 <unknown>\n#5 0x5566ff994f1d <unknown>\n#6 0x5566ff9b0b3d <unknown>\n#7 0x5566ff994cc3 <unknown>\n#8 0x5566ff9600e4 <unknown>\n#9 0x5566ff9610ae <unknown>\n#10 0x5566ffc23ce1 <unknown>\n#11 0x5566ffc27b7e <unknown>\n#12 0x5566ffc114b5 <unknown>\n#13 0x5566ffc287d6 <unknown>\n#14 0x5566ffbf4dbf <unknown>\n#15 0x5566ffc4b748 <unknown>\n#16 0x5566ffc4b917 <unknown>\n#17 0x5566ffc5c773 <unknown>\n#18 0x7fb501065044 <unknown>","time":{"start":1700010615817,"stop":1700010619517,"duration":3700}},{"uid":"aa0f1932bc2e5f62","reportUrl":"https://zaelcovsky.github.io/StroyremAutomation/140//#testresult/aa0f1932bc2e5f62","status":"broken","statusDetails":"selenium.common.exceptions.NoSuchElementException: Message: no such element: Unable to locate element: {\"method\":\"xpath\",\"selector\":\"//input[@class='amount']\"}\n  (Session info: headless chrome=119.0.6045.105); For documentation on this error, please visit: https://www.selenium.dev/documentation/webdriver/troubleshooting/errors#no-such-element-exception\nStacktrace:\n#0 0x556070e395e3 <unknown>\n#1 0x556070afc0b7 <unknown>\n#2 0x556070b49f53 <unknown>\n#3 0x556070b4a051 <unknown>\n#4 0x556070b8f9c4 <unknown>\n#5 0x556070b70f1d <unknown>\n#6 0x556070b8cb3d <unknown>\n#7 0x556070b70cc3 <unknown>\n#8 0x556070b3c0e4 <unknown>\n#9 0x556070b3d0ae <unknown>\n#10 0x556070dffce1 <unknown>\n#11 0x556070e03b7e <unknown>\n#12 0x556070ded4b5 <unknown>\n#13 0x556070e047d6 <unknown>\n#14 0x556070dd0dbf <unknown>\n#15 0x556070e27748 <unknown>\n#16 0x556070e27917 <unknown>\n#17 0x556070e38773 <unknown>\n#18 0x7f1f19894044 <unknown>","time":{"start":1699924229028,"stop":1699924233524,"duration":4496}},{"uid":"548a1279a666be7c","reportUrl":"https://zaelcovsky.github.io/StroyremAutomation/139//#testresult/548a1279a666be7c","status":"broken","statusDetails":"selenium.common.exceptions.NoSuchElementException: Message: no such element: Unable to locate element: {\"method\":\"xpath\",\"selector\":\"//input[@class='amount']\"}\n  (Session info: headless chrome=119.0.6045.105); For documentation on this error, please visit: https://www.selenium.dev/documentation/webdriver/troubleshooting/errors#no-such-element-exception\nStacktrace:\n#0 0x561b8f2835e3 <unknown>\n#1 0x561b8ef460b7 <unknown>\n#2 0x561b8ef93f53 <unknown>\n#3 0x561b8ef94051 <unknown>\n#4 0x561b8efd99c4 <unknown>\n#5 0x561b8efbaf1d <unknown>\n#6 0x561b8efd6b3d <unknown>\n#7 0x561b8efbacc3 <unknown>\n#8 0x561b8ef860e4 <unknown>\n#9 0x561b8ef870ae <unknown>\n#10 0x561b8f249ce1 <unknown>\n#11 0x561b8f24db7e <unknown>\n#12 0x561b8f2374b5 <unknown>\n#13 0x561b8f24e7d6 <unknown>\n#14 0x561b8f21adbf <unknown>\n#15 0x561b8f271748 <unknown>\n#16 0x561b8f271917 <unknown>\n#17 0x561b8f282773 <unknown>\n#18 0x7ff9c6730044 <unknown>","time":{"start":1699837898183,"stop":1699837901397,"duration":3214}},{"uid":"adcf7c567fe4633c","reportUrl":"https://zaelcovsky.github.io/StroyremAutomation/138//#testresult/adcf7c567fe4633c","status":"broken","statusDetails":"selenium.common.exceptions.NoSuchElementException: Message: no such element: Unable to locate element: {\"method\":\"xpath\",\"selector\":\"//input[@class='amount']\"}\n  (Session info: headless chrome=119.0.6045.105); For documentation on this error, please visit: https://www.selenium.dev/documentation/webdriver/troubleshooting/errors#no-such-element-exception\nStacktrace:\n#0 0x55b3f8def5e3 <unknown>\n#1 0x55b3f8ab20b7 <unknown>\n#2 0x55b3f8afff53 <unknown>\n#3 0x55b3f8b00051 <unknown>\n#4 0x55b3f8b459c4 <unknown>\n#5 0x55b3f8b26f1d <unknown>\n#6 0x55b3f8b42b3d <unknown>\n#7 0x55b3f8b26cc3 <unknown>\n#8 0x55b3f8af20e4 <unknown>\n#9 0x55b3f8af30ae <unknown>\n#10 0x55b3f8db5ce1 <unknown>\n#11 0x55b3f8db9b7e <unknown>\n#12 0x55b3f8da34b5 <unknown>\n#13 0x55b3f8dba7d6 <unknown>\n#14 0x55b3f8d86dbf <unknown>\n#15 0x55b3f8ddd748 <unknown>\n#16 0x55b3f8ddd917 <unknown>\n#17 0x55b3f8dee773 <unknown>\n#18 0x7fd6d0110044 <unknown>","time":{"start":1699751702570,"stop":1699751706620,"duration":4050}}]},"tags":["smoke"]},"source":"805eef1626d83c20.json","parameterValues":["2480","25","'TD 006'","1990","'products/shtukaturka-gipsovaya-aksolit-m50-30-kg-mashinnogo-naneseniya'","990","'https://sandboxtest.stroyrem-nn.ru/'","1700"]}