{"uid":"1e2dec21c52cefd9","name":"TC 004 - Функционал блока 'Советы от профессионалов ремонта'","fullName":"tests.test_main_page.TestMainPage#test_positive_building_advices1_smoke","historyId":"8f74894ce1cb6b6ad9bcc58447cc610b","time":{"start":1694912662392,"stop":1694912662409,"duration":17},"status":"broken","statusMessage":"selenium.common.exceptions.NoSuchElementException: Message: no such element: Unable to locate element: {\"method\":\"xpath\",\"selector\":\"//div[@class='page-block articles-block']\"}\n  (Session info: headless chrome=117.0.5938.88); For documentation on this error, please visit: https://www.selenium.dev/documentation/webdriver/troubleshooting/errors#no-such-element-exception\nStacktrace:\n#0 0x5595e71d36c3 <unknown>\n#1 0x5595e6ea91e7 <unknown>\n#2 0x5595e6ef0566 <unknown>\n#3 0x5595e6ef0651 <unknown>\n#4 0x5595e6f2da74 <unknown>\n#5 0x5595e6f120ed <unknown>\n#6 0x5595e6f2b322 <unknown>\n#7 0x5595e6f11e93 <unknown>\n#8 0x5595e6ee4934 <unknown>\n#9 0x5595e6ee571e <unknown>\n#10 0x5595e7198cc8 <unknown>\n#11 0x5595e719cc00 <unknown>\n#12 0x5595e71a71ac <unknown>\n#13 0x5595e719d818 <unknown>\n#14 0x5595e716a28f <unknown>\n#15 0x5595e71c1e98 <unknown>\n#16 0x5595e71c2069 <unknown>\n#17 0x5595e71d2853 <unknown>\n#18 0x7fb359312044 <unknown>","statusTrace":"self = <tests.test_main_page.TestMainPage object at 0x7fc64daea810>\nmain_page = <pages.main_page.MainPage object at 0x7fc64c45ad90>\n\n    @allure.title(\"TC 004 - Функционал блока 'Советы от профессионалов ремонта'\")\n    @pytest.mark.smoke_test\n    def test_positive_building_advices1_smoke(self, main_page):\n>       items = main_page.get_building_advices_section()\n\ntests/test_main_page.py:45: \n_ _ _ _ _ _ _ _ _ _ _ _ _ _ _ _ _ _ _ _ _ _ _ _ _ _ _ _ _ _ _ _ _ _ _ _ _ _ _ _ \npages/main_page.py:78: in get_building_advices_section\n    section = self.driver.find_element(*self._building_advices_section)\n/usr/local/lib/python3.11/site-packages/selenium/webdriver/remote/webdriver.py:740: in find_element\n    return self.execute(Command.FIND_ELEMENT, {\"using\": by, \"value\": value})[\"value\"]\n/usr/local/lib/python3.11/site-packages/selenium/webdriver/remote/webdriver.py:346: in execute\n    self.error_handler.check_response(response)\n_ _ _ _ _ _ _ _ _ _ _ _ _ _ _ _ _ _ _ _ _ _ _ _ _ _ _ _ _ _ _ _ _ _ _ _ _ _ _ _ \n\nself = <selenium.webdriver.remote.errorhandler.ErrorHandler object at 0x7fc64daf9590>\nresponse = {'status': 404, 'value': '{\"value\":{\"error\":\"no such element\",\"message\":\"no such element: Unable to locate element: {\\...\\\\n#16 0x5595e71c2069 \\\\u003Cunknown>\\\\n#17 0x5595e71d2853 \\\\u003Cunknown>\\\\n#18 0x7fb359312044 \\\\u003Cunknown>\\\\n\"}}'}\n\n    def check_response(self, response: Dict[str, Any]) -> None:\n        \"\"\"Checks that a JSON response from the WebDriver does not have an\n        error.\n    \n        :Args:\n         - response - The JSON response from the WebDriver server as a dictionary\n           object.\n    \n        :Raises: If the response contains an error message.\n        \"\"\"\n        status = response.get(\"status\", None)\n        if not status or status == ErrorCode.SUCCESS:\n            return\n        value = None\n        message = response.get(\"message\", \"\")\n        screen: str = response.get(\"screen\", \"\")\n        stacktrace = None\n        if isinstance(status, int):\n            value_json = response.get(\"value\", None)\n            if value_json and isinstance(value_json, str):\n                import json\n    \n                try:\n                    value = json.loads(value_json)\n                    if len(value) == 1:\n                        value = value[\"value\"]\n                    status = value.get(\"error\", None)\n                    if not status:\n                        status = value.get(\"status\", ErrorCode.UNKNOWN_ERROR)\n                        message = value.get(\"value\") or value.get(\"message\")\n                        if not isinstance(message, str):\n                            value = message\n                            message = message.get(\"message\")\n                    else:\n                        message = value.get(\"message\", None)\n                except ValueError:\n                    pass\n    \n        exception_class: Type[WebDriverException]\n        if status in ErrorCode.NO_SUCH_ELEMENT:\n            exception_class = NoSuchElementException\n        elif status in ErrorCode.NO_SUCH_FRAME:\n            exception_class = NoSuchFrameException\n        elif status in ErrorCode.NO_SUCH_SHADOW_ROOT:\n            exception_class = NoSuchShadowRootException\n        elif status in ErrorCode.NO_SUCH_WINDOW:\n            exception_class = NoSuchWindowException\n        elif status in ErrorCode.STALE_ELEMENT_REFERENCE:\n            exception_class = StaleElementReferenceException\n        elif status in ErrorCode.ELEMENT_NOT_VISIBLE:\n            exception_class = ElementNotVisibleException\n        elif status in ErrorCode.INVALID_ELEMENT_STATE:\n            exception_class = InvalidElementStateException\n        elif (\n            status in ErrorCode.INVALID_SELECTOR\n            or status in ErrorCode.INVALID_XPATH_SELECTOR\n            or status in ErrorCode.INVALID_XPATH_SELECTOR_RETURN_TYPER\n        ):\n            exception_class = InvalidSelectorException\n        elif status in ErrorCode.ELEMENT_IS_NOT_SELECTABLE:\n            exception_class = ElementNotSelectableException\n        elif status in ErrorCode.ELEMENT_NOT_INTERACTABLE:\n            exception_class = ElementNotInteractableException\n        elif status in ErrorCode.INVALID_COOKIE_DOMAIN:\n            exception_class = InvalidCookieDomainException\n        elif status in ErrorCode.UNABLE_TO_SET_COOKIE:\n            exception_class = UnableToSetCookieException\n        elif status in ErrorCode.TIMEOUT:\n            exception_class = TimeoutException\n        elif status in ErrorCode.SCRIPT_TIMEOUT:\n            exception_class = TimeoutException\n        elif status in ErrorCode.UNKNOWN_ERROR:\n            exception_class = WebDriverException\n        elif status in ErrorCode.UNEXPECTED_ALERT_OPEN:\n            exception_class = UnexpectedAlertPresentException\n        elif status in ErrorCode.NO_ALERT_OPEN:\n            exception_class = NoAlertPresentException\n        elif status in ErrorCode.IME_NOT_AVAILABLE:\n            exception_class = ImeNotAvailableException\n        elif status in ErrorCode.IME_ENGINE_ACTIVATION_FAILED:\n            exception_class = ImeActivationFailedException\n        elif status in ErrorCode.MOVE_TARGET_OUT_OF_BOUNDS:\n            exception_class = MoveTargetOutOfBoundsException\n        elif status in ErrorCode.JAVASCRIPT_ERROR:\n            exception_class = JavascriptException\n        elif status in ErrorCode.SESSION_NOT_CREATED:\n            exception_class = SessionNotCreatedException\n        elif status in ErrorCode.INVALID_ARGUMENT:\n            exception_class = InvalidArgumentException\n        elif status in ErrorCode.NO_SUCH_COOKIE:\n            exception_class = NoSuchCookieException\n        elif status in ErrorCode.UNABLE_TO_CAPTURE_SCREEN:\n            exception_class = ScreenshotException\n        elif status in ErrorCode.ELEMENT_CLICK_INTERCEPTED:\n            exception_class = ElementClickInterceptedException\n        elif status in ErrorCode.INSECURE_CERTIFICATE:\n            exception_class = InsecureCertificateException\n        elif status in ErrorCode.INVALID_COORDINATES:\n            exception_class = InvalidCoordinatesException\n        elif status in ErrorCode.INVALID_SESSION_ID:\n            exception_class = InvalidSessionIdException\n        elif status in ErrorCode.UNKNOWN_METHOD:\n            exception_class = UnknownMethodException\n        else:\n            exception_class = WebDriverException\n        if not value:\n            value = response[\"value\"]\n        if isinstance(value, str):\n            raise exception_class(value)\n        if message == \"\" and \"message\" in value:\n            message = value[\"message\"]\n    \n        screen = None  # type: ignore[assignment]\n        if \"screen\" in value:\n            screen = value[\"screen\"]\n    \n        stacktrace = None\n        st_value = value.get(\"stackTrace\") or value.get(\"stacktrace\")\n        if st_value:\n            if isinstance(st_value, str):\n                stacktrace = st_value.split(\"\\n\")\n            else:\n                stacktrace = []\n                try:\n                    for frame in st_value:\n                        line = frame.get(\"lineNumber\", \"\")\n                        file = frame.get(\"fileName\", \"<anonymous>\")\n                        if line:\n                            file = f\"{file}:{line}\"\n                        meth = frame.get(\"methodName\", \"<anonymous>\")\n                        if \"className\" in frame:\n                            meth = f\"{frame['className']}.{meth}\"\n                        msg = \"    at %s (%s)\"\n                        msg = msg % (meth, file)\n                        stacktrace.append(msg)\n                except TypeError:\n                    pass\n        if exception_class == UnexpectedAlertPresentException:\n            alert_text = None\n            if \"data\" in value:\n                alert_text = value[\"data\"].get(\"text\")\n            elif \"alert\" in value:\n                alert_text = value[\"alert\"].get(\"text\")\n            raise exception_class(message, screen, stacktrace, alert_text)  # type: ignore[call-arg]  # mypy is not smart enough here\n>       raise exception_class(message, screen, stacktrace)\nE       selenium.common.exceptions.NoSuchElementException: Message: no such element: Unable to locate element: {\"method\":\"xpath\",\"selector\":\"//div[@class='page-block articles-block']\"}\nE         (Session info: headless chrome=117.0.5938.88); For documentation on this error, please visit: https://www.selenium.dev/documentation/webdriver/troubleshooting/errors#no-such-element-exception\nE       Stacktrace:\nE       #0 0x5595e71d36c3 <unknown>\nE       #1 0x5595e6ea91e7 <unknown>\nE       #2 0x5595e6ef0566 <unknown>\nE       #3 0x5595e6ef0651 <unknown>\nE       #4 0x5595e6f2da74 <unknown>\nE       #5 0x5595e6f120ed <unknown>\nE       #6 0x5595e6f2b322 <unknown>\nE       #7 0x5595e6f11e93 <unknown>\nE       #8 0x5595e6ee4934 <unknown>\nE       #9 0x5595e6ee571e <unknown>\nE       #10 0x5595e7198cc8 <unknown>\nE       #11 0x5595e719cc00 <unknown>\nE       #12 0x5595e71a71ac <unknown>\nE       #13 0x5595e719d818 <unknown>\nE       #14 0x5595e716a28f <unknown>\nE       #15 0x5595e71c1e98 <unknown>\nE       #16 0x5595e71c2069 <unknown>\nE       #17 0x5595e71d2853 <unknown>\nE       #18 0x7fb359312044 <unknown>\n\n/usr/local/lib/python3.11/site-packages/selenium/webdriver/remote/errorhandler.py:245: NoSuchElementException","flaky":false,"newFailed":false,"newBroken":false,"newPassed":false,"retriesCount":0,"retriesStatusChange":false,"beforeStages":[{"name":"_session_faker","time":{"start":1694912608102,"stop":1694912608196,"duration":94},"status":"passed","steps":[],"attachments":[],"parameters":[],"shouldDisplayMessage":false,"stepsCount":0,"attachmentsCount":0,"hasContent":false},{"name":"clear_allure_results_folder","time":{"start":1694912608196,"stop":1694912608196,"duration":0},"status":"passed","steps":[],"attachments":[],"parameters":[],"shouldDisplayMessage":false,"stepsCount":0,"attachmentsCount":0,"hasContent":false},{"name":"driver","time":{"start":1694912661194,"stop":1694912661984,"duration":790},"status":"passed","steps":[],"attachments":[],"parameters":[],"shouldDisplayMessage":false,"stepsCount":0,"attachmentsCount":0,"hasContent":false},{"name":"setup","time":{"start":1694912661984,"stop":1694912661984,"duration":0},"status":"passed","steps":[],"attachments":[],"parameters":[],"shouldDisplayMessage":false,"stepsCount":0,"attachmentsCount":0,"hasContent":false},{"name":"main_page","time":{"start":1694912661984,"stop":1694912662392,"duration":408},"status":"passed","steps":[],"attachments":[],"parameters":[],"shouldDisplayMessage":false,"stepsCount":0,"attachmentsCount":0,"hasContent":false}],"testStage":{"status":"broken","statusMessage":"selenium.common.exceptions.NoSuchElementException: Message: no such element: Unable to locate element: {\"method\":\"xpath\",\"selector\":\"//div[@class='page-block articles-block']\"}\n  (Session info: headless chrome=117.0.5938.88); For documentation on this error, please visit: https://www.selenium.dev/documentation/webdriver/troubleshooting/errors#no-such-element-exception\nStacktrace:\n#0 0x5595e71d36c3 <unknown>\n#1 0x5595e6ea91e7 <unknown>\n#2 0x5595e6ef0566 <unknown>\n#3 0x5595e6ef0651 <unknown>\n#4 0x5595e6f2da74 <unknown>\n#5 0x5595e6f120ed <unknown>\n#6 0x5595e6f2b322 <unknown>\n#7 0x5595e6f11e93 <unknown>\n#8 0x5595e6ee4934 <unknown>\n#9 0x5595e6ee571e <unknown>\n#10 0x5595e7198cc8 <unknown>\n#11 0x5595e719cc00 <unknown>\n#12 0x5595e71a71ac <unknown>\n#13 0x5595e719d818 <unknown>\n#14 0x5595e716a28f <unknown>\n#15 0x5595e71c1e98 <unknown>\n#16 0x5595e71c2069 <unknown>\n#17 0x5595e71d2853 <unknown>\n#18 0x7fb359312044 <unknown>","statusTrace":"self = <tests.test_main_page.TestMainPage object at 0x7fc64daea810>\nmain_page = <pages.main_page.MainPage object at 0x7fc64c45ad90>\n\n    @allure.title(\"TC 004 - Функционал блока 'Советы от профессионалов ремонта'\")\n    @pytest.mark.smoke_test\n    def test_positive_building_advices1_smoke(self, main_page):\n>       items = main_page.get_building_advices_section()\n\ntests/test_main_page.py:45: \n_ _ _ _ _ _ _ _ _ _ _ _ _ _ _ _ _ _ _ _ _ _ _ _ _ _ _ _ _ _ _ _ _ _ _ _ _ _ _ _ \npages/main_page.py:78: in get_building_advices_section\n    section = self.driver.find_element(*self._building_advices_section)\n/usr/local/lib/python3.11/site-packages/selenium/webdriver/remote/webdriver.py:740: in find_element\n    return self.execute(Command.FIND_ELEMENT, {\"using\": by, \"value\": value})[\"value\"]\n/usr/local/lib/python3.11/site-packages/selenium/webdriver/remote/webdriver.py:346: in execute\n    self.error_handler.check_response(response)\n_ _ _ _ _ _ _ _ _ _ _ _ _ _ _ _ _ _ _ _ _ _ _ _ _ _ _ _ _ _ _ _ _ _ _ _ _ _ _ _ \n\nself = <selenium.webdriver.remote.errorhandler.ErrorHandler object at 0x7fc64daf9590>\nresponse = {'status': 404, 'value': '{\"value\":{\"error\":\"no such element\",\"message\":\"no such element: Unable to locate element: {\\...\\\\n#16 0x5595e71c2069 \\\\u003Cunknown>\\\\n#17 0x5595e71d2853 \\\\u003Cunknown>\\\\n#18 0x7fb359312044 \\\\u003Cunknown>\\\\n\"}}'}\n\n    def check_response(self, response: Dict[str, Any]) -> None:\n        \"\"\"Checks that a JSON response from the WebDriver does not have an\n        error.\n    \n        :Args:\n         - response - The JSON response from the WebDriver server as a dictionary\n           object.\n    \n        :Raises: If the response contains an error message.\n        \"\"\"\n        status = response.get(\"status\", None)\n        if not status or status == ErrorCode.SUCCESS:\n            return\n        value = None\n        message = response.get(\"message\", \"\")\n        screen: str = response.get(\"screen\", \"\")\n        stacktrace = None\n        if isinstance(status, int):\n            value_json = response.get(\"value\", None)\n            if value_json and isinstance(value_json, str):\n                import json\n    \n                try:\n                    value = json.loads(value_json)\n                    if len(value) == 1:\n                        value = value[\"value\"]\n                    status = value.get(\"error\", None)\n                    if not status:\n                        status = value.get(\"status\", ErrorCode.UNKNOWN_ERROR)\n                        message = value.get(\"value\") or value.get(\"message\")\n                        if not isinstance(message, str):\n                            value = message\n                            message = message.get(\"message\")\n                    else:\n                        message = value.get(\"message\", None)\n                except ValueError:\n                    pass\n    \n        exception_class: Type[WebDriverException]\n        if status in ErrorCode.NO_SUCH_ELEMENT:\n            exception_class = NoSuchElementException\n        elif status in ErrorCode.NO_SUCH_FRAME:\n            exception_class = NoSuchFrameException\n        elif status in ErrorCode.NO_SUCH_SHADOW_ROOT:\n            exception_class = NoSuchShadowRootException\n        elif status in ErrorCode.NO_SUCH_WINDOW:\n            exception_class = NoSuchWindowException\n        elif status in ErrorCode.STALE_ELEMENT_REFERENCE:\n            exception_class = StaleElementReferenceException\n        elif status in ErrorCode.ELEMENT_NOT_VISIBLE:\n            exception_class = ElementNotVisibleException\n        elif status in ErrorCode.INVALID_ELEMENT_STATE:\n            exception_class = InvalidElementStateException\n        elif (\n            status in ErrorCode.INVALID_SELECTOR\n            or status in ErrorCode.INVALID_XPATH_SELECTOR\n            or status in ErrorCode.INVALID_XPATH_SELECTOR_RETURN_TYPER\n        ):\n            exception_class = InvalidSelectorException\n        elif status in ErrorCode.ELEMENT_IS_NOT_SELECTABLE:\n            exception_class = ElementNotSelectableException\n        elif status in ErrorCode.ELEMENT_NOT_INTERACTABLE:\n            exception_class = ElementNotInteractableException\n        elif status in ErrorCode.INVALID_COOKIE_DOMAIN:\n            exception_class = InvalidCookieDomainException\n        elif status in ErrorCode.UNABLE_TO_SET_COOKIE:\n            exception_class = UnableToSetCookieException\n        elif status in ErrorCode.TIMEOUT:\n            exception_class = TimeoutException\n        elif status in ErrorCode.SCRIPT_TIMEOUT:\n            exception_class = TimeoutException\n        elif status in ErrorCode.UNKNOWN_ERROR:\n            exception_class = WebDriverException\n        elif status in ErrorCode.UNEXPECTED_ALERT_OPEN:\n            exception_class = UnexpectedAlertPresentException\n        elif status in ErrorCode.NO_ALERT_OPEN:\n            exception_class = NoAlertPresentException\n        elif status in ErrorCode.IME_NOT_AVAILABLE:\n            exception_class = ImeNotAvailableException\n        elif status in ErrorCode.IME_ENGINE_ACTIVATION_FAILED:\n            exception_class = ImeActivationFailedException\n        elif status in ErrorCode.MOVE_TARGET_OUT_OF_BOUNDS:\n            exception_class = MoveTargetOutOfBoundsException\n        elif status in ErrorCode.JAVASCRIPT_ERROR:\n            exception_class = JavascriptException\n        elif status in ErrorCode.SESSION_NOT_CREATED:\n            exception_class = SessionNotCreatedException\n        elif status in ErrorCode.INVALID_ARGUMENT:\n            exception_class = InvalidArgumentException\n        elif status in ErrorCode.NO_SUCH_COOKIE:\n            exception_class = NoSuchCookieException\n        elif status in ErrorCode.UNABLE_TO_CAPTURE_SCREEN:\n            exception_class = ScreenshotException\n        elif status in ErrorCode.ELEMENT_CLICK_INTERCEPTED:\n            exception_class = ElementClickInterceptedException\n        elif status in ErrorCode.INSECURE_CERTIFICATE:\n            exception_class = InsecureCertificateException\n        elif status in ErrorCode.INVALID_COORDINATES:\n            exception_class = InvalidCoordinatesException\n        elif status in ErrorCode.INVALID_SESSION_ID:\n            exception_class = InvalidSessionIdException\n        elif status in ErrorCode.UNKNOWN_METHOD:\n            exception_class = UnknownMethodException\n        else:\n            exception_class = WebDriverException\n        if not value:\n            value = response[\"value\"]\n        if isinstance(value, str):\n            raise exception_class(value)\n        if message == \"\" and \"message\" in value:\n            message = value[\"message\"]\n    \n        screen = None  # type: ignore[assignment]\n        if \"screen\" in value:\n            screen = value[\"screen\"]\n    \n        stacktrace = None\n        st_value = value.get(\"stackTrace\") or value.get(\"stacktrace\")\n        if st_value:\n            if isinstance(st_value, str):\n                stacktrace = st_value.split(\"\\n\")\n            else:\n                stacktrace = []\n                try:\n                    for frame in st_value:\n                        line = frame.get(\"lineNumber\", \"\")\n                        file = frame.get(\"fileName\", \"<anonymous>\")\n                        if line:\n                            file = f\"{file}:{line}\"\n                        meth = frame.get(\"methodName\", \"<anonymous>\")\n                        if \"className\" in frame:\n                            meth = f\"{frame['className']}.{meth}\"\n                        msg = \"    at %s (%s)\"\n                        msg = msg % (meth, file)\n                        stacktrace.append(msg)\n                except TypeError:\n                    pass\n        if exception_class == UnexpectedAlertPresentException:\n            alert_text = None\n            if \"data\" in value:\n                alert_text = value[\"data\"].get(\"text\")\n            elif \"alert\" in value:\n                alert_text = value[\"alert\"].get(\"text\")\n            raise exception_class(message, screen, stacktrace, alert_text)  # type: ignore[call-arg]  # mypy is not smart enough here\n>       raise exception_class(message, screen, stacktrace)\nE       selenium.common.exceptions.NoSuchElementException: Message: no such element: Unable to locate element: {\"method\":\"xpath\",\"selector\":\"//div[@class='page-block articles-block']\"}\nE         (Session info: headless chrome=117.0.5938.88); For documentation on this error, please visit: https://www.selenium.dev/documentation/webdriver/troubleshooting/errors#no-such-element-exception\nE       Stacktrace:\nE       #0 0x5595e71d36c3 <unknown>\nE       #1 0x5595e6ea91e7 <unknown>\nE       #2 0x5595e6ef0566 <unknown>\nE       #3 0x5595e6ef0651 <unknown>\nE       #4 0x5595e6f2da74 <unknown>\nE       #5 0x5595e6f120ed <unknown>\nE       #6 0x5595e6f2b322 <unknown>\nE       #7 0x5595e6f11e93 <unknown>\nE       #8 0x5595e6ee4934 <unknown>\nE       #9 0x5595e6ee571e <unknown>\nE       #10 0x5595e7198cc8 <unknown>\nE       #11 0x5595e719cc00 <unknown>\nE       #12 0x5595e71a71ac <unknown>\nE       #13 0x5595e719d818 <unknown>\nE       #14 0x5595e716a28f <unknown>\nE       #15 0x5595e71c1e98 <unknown>\nE       #16 0x5595e71c2069 <unknown>\nE       #17 0x5595e71d2853 <unknown>\nE       #18 0x7fb359312044 <unknown>\n\n/usr/local/lib/python3.11/site-packages/selenium/webdriver/remote/errorhandler.py:245: NoSuchElementException","steps":[{"name":"Проверка функциональности блока 'Советы от профессионалов ремонта'","time":{"start":1694912662392,"stop":1694912662407,"duration":15},"status":"broken","statusMessage":"selenium.common.exceptions.NoSuchElementException: Message: no such element: Unable to locate element: {\"method\":\"xpath\",\"selector\":\"//div[@class='page-block articles-block']\"}\n  (Session info: headless chrome=117.0.5938.88); For documentation on this error, please visit: https://www.selenium.dev/documentation/webdriver/troubleshooting/errors#no-such-element-exception\nStacktrace:\n#0 0x5595e71d36c3 <unknown>\n#1 0x5595e6ea91e7 <unknown>\n#2 0x5595e6ef0566 <unknown>\n#3 0x5595e6ef0651 <unknown>\n#4 0x5595e6f2da74 <unknown>\n#5 0x5595e6f120ed <unknown>\n#6 0x5595e6f2b322 <unknown>\n#7 0x5595e6f11e93 <unknown>\n#8 0x5595e6ee4934 <unknown>\n#9 0x5595e6ee571e <unknown>\n#10 0x5595e7198cc8 <unknown>\n#11 0x5595e719cc00 <unknown>\n#12 0x5595e71a71ac <unknown>\n#13 0x5595e719d818 <unknown>\n#14 0x5595e716a28f <unknown>\n#15 0x5595e71c1e98 <unknown>\n#16 0x5595e71c2069 <unknown>\n#17 0x5595e71d2853 <unknown>\n#18 0x7fb359312044 <unknown>\n\n","statusTrace":"  File \"/usr/local/lib/python3.11/site-packages/allure_commons/_allure.py\", line 192, in impl\n    return func(*a, **kw)\n           ^^^^^^^^^^^^^^\n  File \"/app/pages/main_page.py\", line 78, in get_building_advices_section\n    section = self.driver.find_element(*self._building_advices_section)\n              ^^^^^^^^^^^^^^^^^^^^^^^^^^^^^^^^^^^^^^^^^^^^^^^^^^^^^^^^^\n  File \"/usr/local/lib/python3.11/site-packages/selenium/webdriver/remote/webdriver.py\", line 740, in find_element\n    return self.execute(Command.FIND_ELEMENT, {\"using\": by, \"value\": value})[\"value\"]\n           ^^^^^^^^^^^^^^^^^^^^^^^^^^^^^^^^^^^^^^^^^^^^^^^^^^^^^^^^^^^^^^^^^\n  File \"/usr/local/lib/python3.11/site-packages/selenium/webdriver/remote/webdriver.py\", line 346, in execute\n    self.error_handler.check_response(response)\n  File \"/usr/local/lib/python3.11/site-packages/selenium/webdriver/remote/errorhandler.py\", line 245, in check_response\n    raise exception_class(message, screen, stacktrace)\n","steps":[],"attachments":[],"parameters":[],"shouldDisplayMessage":true,"stepsCount":0,"attachmentsCount":0,"hasContent":true}],"attachments":[{"uid":"fcf0ad0e2be79e4e","name":"Screenshot","source":"fcf0ad0e2be79e4e.png","type":"image/png","size":39127},{"uid":"bf40092042b7b77f","name":"HTML source","source":"bf40092042b7b77f.html","type":"text/html","size":538}],"parameters":[],"shouldDisplayMessage":true,"stepsCount":1,"attachmentsCount":2,"hasContent":true},"afterStages":[{"name":"driver::0","time":{"start":1694912662553,"stop":1694912662609,"duration":56},"status":"passed","steps":[],"attachments":[],"parameters":[],"shouldDisplayMessage":false,"stepsCount":0,"attachmentsCount":0,"hasContent":false},{"name":"setup::0","time":{"start":1694912662553,"stop":1694912662553,"duration":0},"status":"passed","steps":[],"attachments":[],"parameters":[],"shouldDisplayMessage":false,"stepsCount":0,"attachmentsCount":0,"hasContent":false}],"labels":[{"name":"epic","value":"Main Page"},{"name":"tag","value":"smoke_test"},{"name":"parentSuite","value":"tests"},{"name":"suite","value":"test_main_page"},{"name":"subSuite","value":"TestMainPage"},{"name":"host","value":"4c03dc9f0fe6"},{"name":"thread","value":"1-MainThread"},{"name":"framework","value":"pytest"},{"name":"language","value":"cpython3"},{"name":"package","value":"tests.test_main_page"},{"name":"resultFormat","value":"allure2"}],"parameters":[{"name":"url","value":"'https://test2.stroyrem-nn.ru/'"}],"links":[],"hidden":false,"retry":false,"extra":{"severity":"normal","retries":[],"categories":[{"name":"Test defects","matchedStatuses":[],"flaky":false}],"history":{"statistic":{"failed":0,"broken":4,"skipped":0,"passed":35,"unknown":0,"total":39},"items":[{"uid":"e1e38f9012b3b0d0","reportUrl":"https://zaelcovsky.github.io/StroyremAutomation/81//#testresult/e1e38f9012b3b0d0","status":"broken","statusDetails":"selenium.common.exceptions.NoSuchElementException: Message: no such element: Unable to locate element: {\"method\":\"xpath\",\"selector\":\"//div[@class='page-block articles-block']\"}\n  (Session info: headless chrome=117.0.5938.88); For documentation on this error, please visit: https://www.selenium.dev/documentation/webdriver/troubleshooting/errors#no-such-element-exception\nStacktrace:\n#0 0x556ec40aa6c3 <unknown>\n#1 0x556ec3d801e7 <unknown>\n#2 0x556ec3dc7566 <unknown>\n#3 0x556ec3dc7651 <unknown>\n#4 0x556ec3e04a74 <unknown>\n#5 0x556ec3de90ed <unknown>\n#6 0x556ec3e02322 <unknown>\n#7 0x556ec3de8e93 <unknown>\n#8 0x556ec3dbb934 <unknown>\n#9 0x556ec3dbc71e <unknown>\n#10 0x556ec406fcc8 <unknown>\n#11 0x556ec4073c00 <unknown>\n#12 0x556ec407e1ac <unknown>\n#13 0x556ec4074818 <unknown>\n#14 0x556ec404128f <unknown>\n#15 0x556ec4098e98 <unknown>\n#16 0x556ec4099069 <unknown>\n#17 0x556ec40a9853 <unknown>\n#18 0x7f4777860044 <unknown>","time":{"start":1694826021712,"stop":1694826021732,"duration":20}},{"uid":"509d0287df73da33","reportUrl":"https://zaelcovsky.github.io/StroyremAutomation/80//#testresult/509d0287df73da33","status":"broken","statusDetails":"selenium.common.exceptions.NoSuchElementException: Message: no such element: Unable to locate element: {\"method\":\"xpath\",\"selector\":\"//div[@class='page-block articles-block']\"}\n  (Session info: headless chrome=117.0.5938.62); For documentation on this error, please visit: https://www.selenium.dev/documentation/webdriver/troubleshooting/errors#no-such-element-exception\nStacktrace:\n#0 0x5617ed7e4693 <unknown>\n#1 0x5617ed4ba1e7 <unknown>\n#2 0x5617ed501566 <unknown>\n#3 0x5617ed501651 <unknown>\n#4 0x5617ed53ea74 <unknown>\n#5 0x5617ed5230ed <unknown>\n#6 0x5617ed53c322 <unknown>\n#7 0x5617ed522e93 <unknown>\n#8 0x5617ed4f5934 <unknown>\n#9 0x5617ed4f671e <unknown>\n#10 0x5617ed7a9c98 <unknown>\n#11 0x5617ed7adbd0 <unknown>\n#12 0x5617ed7b817c <unknown>\n#13 0x5617ed7ae7e8 <unknown>\n#14 0x5617ed77b25f <unknown>\n#15 0x5617ed7d2e68 <unknown>\n#16 0x5617ed7d3039 <unknown>\n#17 0x5617ed7e3823 <unknown>\n#18 0x7fc576f41044 <unknown>","time":{"start":1694739707880,"stop":1694739707897,"duration":17}},{"uid":"5692f908d2e068ef","reportUrl":"https://zaelcovsky.github.io/StroyremAutomation/79//#testresult/5692f908d2e068ef","status":"passed","time":{"start":1694653281436,"stop":1694653291391,"duration":9955}},{"uid":"eee78328d6d62d9e","reportUrl":"https://zaelcovsky.github.io/StroyremAutomation/78//#testresult/eee78328d6d62d9e","status":"passed","time":{"start":1694566925007,"stop":1694566932348,"duration":7341}},{"uid":"48812dbd68588127","reportUrl":"https://zaelcovsky.github.io/StroyremAutomation/77//#testresult/48812dbd68588127","status":"passed","time":{"start":1694480409722,"stop":1694480420354,"duration":10632}},{"uid":"6d7d502c0be99d53","reportUrl":"https://zaelcovsky.github.io/StroyremAutomation/76//#testresult/6d7d502c0be99d53","status":"passed","time":{"start":1694394077539,"stop":1694394085163,"duration":7624}},{"uid":"99c71319b11206ad","reportUrl":"https://zaelcovsky.github.io/StroyremAutomation/75//#testresult/99c71319b11206ad","status":"passed","time":{"start":1694307850062,"stop":1694307857539,"duration":7477}},{"uid":"aec5535b620e449c","reportUrl":"https://zaelcovsky.github.io/StroyremAutomation/74//#testresult/aec5535b620e449c","status":"passed","time":{"start":1694221209451,"stop":1694221219643,"duration":10192}},{"uid":"cc80252b4e2d08df","reportUrl":"https://zaelcovsky.github.io/StroyremAutomation/73//#testresult/cc80252b4e2d08df","status":"passed","time":{"start":1694134835788,"stop":1694134843950,"duration":8162}},{"uid":"76651550f8127ebf","reportUrl":"https://zaelcovsky.github.io/StroyremAutomation/72//#testresult/76651550f8127ebf","status":"passed","time":{"start":1694048460499,"stop":1694048470894,"duration":10395}},{"uid":"4de31f7343ff4042","reportUrl":"https://zaelcovsky.github.io/StroyremAutomation/71//#testresult/4de31f7343ff4042","status":"passed","time":{"start":1693962091443,"stop":1693962101116,"duration":9673}},{"uid":"5538af8038e9d37b","reportUrl":"https://zaelcovsky.github.io/StroyremAutomation/70//#testresult/5538af8038e9d37b","status":"passed","time":{"start":1693875651646,"stop":1693875661386,"duration":9740}},{"uid":"76f5b90dd987e2a6","reportUrl":"https://zaelcovsky.github.io/StroyremAutomation/69//#testresult/76f5b90dd987e2a6","status":"passed","time":{"start":1693789366233,"stop":1693789380405,"duration":14172}},{"uid":"a1201b6269a85b56","reportUrl":"https://zaelcovsky.github.io/StroyremAutomation/68//#testresult/a1201b6269a85b56","status":"passed","time":{"start":1693703060335,"stop":1693703071788,"duration":11453}},{"uid":"c7f31b35a6f6027c","reportUrl":"https://zaelcovsky.github.io/StroyremAutomation/67//#testresult/c7f31b35a6f6027c","status":"passed","time":{"start":1693616372361,"stop":1693616381775,"duration":9414}},{"uid":"157345b14aef8f6f","reportUrl":"https://zaelcovsky.github.io/StroyremAutomation/66//#testresult/157345b14aef8f6f","status":"passed","time":{"start":1693530301033,"stop":1693530308990,"duration":7957}},{"uid":"6a60983800ae7146","reportUrl":"https://zaelcovsky.github.io/StroyremAutomation/9//#testresult/6a60983800ae7146","status":"passed","time":{"start":1693506840453,"stop":1693506848513,"duration":8060}},{"uid":"55b268f378e22d23","reportUrl":"https://zaelcovsky.github.io/StroyremAutomation/65//#testresult/55b268f378e22d23","status":"passed","time":{"start":1693443717230,"stop":1693443729277,"duration":12047}},{"uid":"1e6573855da30e8a","reportUrl":"https://zaelcovsky.github.io/StroyremAutomation/64//#testresult/1e6573855da30e8a","status":"passed","time":{"start":1693357281692,"stop":1693357291201,"duration":9509}},{"uid":"5eedfb73cf8ad36c","reportUrl":"https://zaelcovsky.github.io/StroyremAutomation/63//#testresult/5eedfb73cf8ad36c","status":"passed","time":{"start":1693270872551,"stop":1693270881113,"duration":8562}}]},"tags":["smoke_test"]},"source":"1e2dec21c52cefd9.json","parameterValues":["'https://test2.stroyrem-nn.ru/'"]}