{"uid":"fc88731aa559e4f0","name":"TD 016 Доставка товара весом до 300кг. в синей зоне","fullName":"tests.delivery.test_delivery_calculation.TestDeliveryPageCalculation#test_positive_delivery_blue_zone_smoke","historyId":"86358f082fd4285ea28a57c2eeb5985a","time":{"start":1709168837222,"stop":1709168837553,"duration":331},"status":"skipped","statusMessage":"XFAIL\n\nselenium.common.exceptions.NoSuchElementException: Message: no such element: Unable to locate element: {\"method\":\"xpath\",\"selector\":\"(//a[@class='add-to-cart yellow-btn'])[1]\"}\n  (Session info: chrome-headless-shell=122.0.6261.94); For documentation on this error, please visit: https://www.selenium.dev/documentation/webdriver/troubleshooting/errors#no-such-element-exception\nStacktrace:\n#0 0x564ee6fd6e93 <unknown>\n#1 0x564ee6ccece6 <unknown>\n#2 0x564ee6d19e48 <unknown>\n#3 0x564ee6d19f01 <unknown>\n#4 0x564ee6d5d3f4 <unknown>\n#5 0x564ee6d3bedd <unknown>\n#6 0x564ee6d5a899 <unknown>\n#7 0x564ee6d3bc53 <unknown>\n#8 0x564ee6d0cdb3 <unknown>\n#9 0x564ee6d0d77e <unknown>\n#10 0x564ee6f9c7cb <unknown>\n#11 0x564ee6fa07e5 <unknown>\n#12 0x564ee6f8a0e1 <unknown>\n#13 0x564ee6fa1372 <unknown>\n#14 0x564ee6f6e1bf <unknown>\n#15 0x564ee6fc5488 <unknown>\n#16 0x564ee6fc5683 <unknown>\n#17 0x564ee6fd6044 <unknown>\n#18 0x7f5ffc112134 <unknown>","statusTrace":"self = <tests.delivery.test_delivery_calculation.TestDeliveryPageCalculation object at 0x7fa746e2cd90>\ndriver = <selenium.webdriver.chrome.webdriver.WebDriver (session=\"f690de981de62db72f1ff44579861871\")>\nurl = 'https://sandboxtest.stroyrem-nn.ru/', case_id = 'TD 016'\nlink_item = 'products/shtukaturka-gipsovaya-aksolit-m50-30-kg-mashinnogo-naneseniya'\namount = 8, weight = 300, standard = 650, in_time = 2390, all_time = 3320\n\n    @pytest.mark.parametrize('case_id, link_item, amount, weight, standard, in_time, all_time', [\n        (\"TD 015\", bundeks_25, 1, 30, 650, 2390, 3320),\n        pytest.param(\n            \"TD 016\", aksolit_30, 8, 300, 650, 2390, 3320,\n            marks=pytest.mark.xfail(reson=\"Цена доставки: - - -\")\n        ),\n        (\"TD 017\", aksolit_30, 13, 400, 650, 2390, 3320),\n        (\"TD 018\", aksolit_30, 16, 500, 850, 2490, 3320),\n        (\"TD 019\", aksolit_30, 25, 1700, 1150, 2490, 3320),\n        (\"TD 020\", aksolit_30, 66, 2000, 1500, 2990, 3650),\n        (\"TD 021\", aksolit_30, 149, 4500, 2600, 4380, 4890),\n        (\"TD 022\", aksolit_30, 166, 5000, 2800, 5490, 5980),\n        pytest.param(\n            \"TD 023\", aksolit_30, 206, 6200, 3300, 7500, 8000,\n            marks=pytest.mark.xfail(reson=\"Цена доставки: 4300 9900 11440\")\n        ),\n        (\"TD 024\", aksolit_30, 299, 9000, 4300, 9900, 11440),\n        (\"TD 025\", aksolit_30, 333, 10000, 7000, 13900, 15900),\n        pytest.param(\n            \"TD 026\", aksolit_30, 366, 11000, 8000, 14900, 19900,\n            marks=pytest.mark.xfail(reson=\"Цена доставки: 7000 13900 15900\")\n        ),\n        pytest.param(\n            \"TD 027\", aksolit_30, 666, 20000, 14000, 16900, 23900,\n            marks=pytest.mark.xfail(reson=\"Цена доставки: 7000 13900 15900\")\n        )\n    ])\n    @pytest.mark.smoke\n    def test_positive_delivery_blue_zone_smoke(\n            self, driver, url, case_id, link_item, amount, weight, standard, in_time, all_time\n    ):\n        allure.dynamic.title(f\"{case_id} Доставка товара весом до {weight}кг. в синей зоне\")\n    \n        driver.get(f'{url}{link_item}')\n        item_page = ItemPage(driver)\n>       item_page.add_item_to_cart(amount).click_on_cart()\n\ntests/delivery/test_delivery_calculation.py:130: \n_ _ _ _ _ _ _ _ _ _ _ _ _ _ _ _ _ _ _ _ _ _ _ _ _ _ _ _ _ _ _ _ _ _ _ _ _ _ _ _ \npages/item_page.py:40: in add_item_to_cart\n    self.find_element(self._add_item).click()\nbase/seleniumbase.py:17: in find_element\n    return self.driver.find_element(*locator)\n/usr/local/lib/python3.11/site-packages/selenium/webdriver/remote/webdriver.py:740: in find_element\n    return self.execute(Command.FIND_ELEMENT, {\"using\": by, \"value\": value})[\"value\"]\n/usr/local/lib/python3.11/site-packages/selenium/webdriver/remote/webdriver.py:346: in execute\n    self.error_handler.check_response(response)\n_ _ _ _ _ _ _ _ _ _ _ _ _ _ _ _ _ _ _ _ _ _ _ _ _ _ _ _ _ _ _ _ _ _ _ _ _ _ _ _ \n\nself = <selenium.webdriver.remote.errorhandler.ErrorHandler object at 0x7fa746753dd0>\nresponse = {'status': 404, 'value': '{\"value\":{\"error\":\"no such element\",\"message\":\"no such element: Unable to locate element: {\\...\\\\n#16 0x564ee6fc5683 \\\\u003Cunknown>\\\\n#17 0x564ee6fd6044 \\\\u003Cunknown>\\\\n#18 0x7f5ffc112134 \\\\u003Cunknown>\\\\n\"}}'}\n\n    def check_response(self, response: Dict[str, Any]) -> None:\n        \"\"\"Checks that a JSON response from the WebDriver does not have an\n        error.\n    \n        :Args:\n         - response - The JSON response from the WebDriver server as a dictionary\n           object.\n    \n        :Raises: If the response contains an error message.\n        \"\"\"\n        status = response.get(\"status\", None)\n        if not status or status == ErrorCode.SUCCESS:\n            return\n        value = None\n        message = response.get(\"message\", \"\")\n        screen: str = response.get(\"screen\", \"\")\n        stacktrace = None\n        if isinstance(status, int):\n            value_json = response.get(\"value\", None)\n            if value_json and isinstance(value_json, str):\n                import json\n    \n                try:\n                    value = json.loads(value_json)\n                    if len(value) == 1:\n                        value = value[\"value\"]\n                    status = value.get(\"error\", None)\n                    if not status:\n                        status = value.get(\"status\", ErrorCode.UNKNOWN_ERROR)\n                        message = value.get(\"value\") or value.get(\"message\")\n                        if not isinstance(message, str):\n                            value = message\n                            message = message.get(\"message\")\n                    else:\n                        message = value.get(\"message\", None)\n                except ValueError:\n                    pass\n    \n        exception_class: Type[WebDriverException]\n        if status in ErrorCode.NO_SUCH_ELEMENT:\n            exception_class = NoSuchElementException\n        elif status in ErrorCode.NO_SUCH_FRAME:\n            exception_class = NoSuchFrameException\n        elif status in ErrorCode.NO_SUCH_SHADOW_ROOT:\n            exception_class = NoSuchShadowRootException\n        elif status in ErrorCode.NO_SUCH_WINDOW:\n            exception_class = NoSuchWindowException\n        elif status in ErrorCode.STALE_ELEMENT_REFERENCE:\n            exception_class = StaleElementReferenceException\n        elif status in ErrorCode.ELEMENT_NOT_VISIBLE:\n            exception_class = ElementNotVisibleException\n        elif status in ErrorCode.INVALID_ELEMENT_STATE:\n            exception_class = InvalidElementStateException\n        elif (\n            status in ErrorCode.INVALID_SELECTOR\n            or status in ErrorCode.INVALID_XPATH_SELECTOR\n            or status in ErrorCode.INVALID_XPATH_SELECTOR_RETURN_TYPER\n        ):\n            exception_class = InvalidSelectorException\n        elif status in ErrorCode.ELEMENT_IS_NOT_SELECTABLE:\n            exception_class = ElementNotSelectableException\n        elif status in ErrorCode.ELEMENT_NOT_INTERACTABLE:\n            exception_class = ElementNotInteractableException\n        elif status in ErrorCode.INVALID_COOKIE_DOMAIN:\n            exception_class = InvalidCookieDomainException\n        elif status in ErrorCode.UNABLE_TO_SET_COOKIE:\n            exception_class = UnableToSetCookieException\n        elif status in ErrorCode.TIMEOUT:\n            exception_class = TimeoutException\n        elif status in ErrorCode.SCRIPT_TIMEOUT:\n            exception_class = TimeoutException\n        elif status in ErrorCode.UNKNOWN_ERROR:\n            exception_class = WebDriverException\n        elif status in ErrorCode.UNEXPECTED_ALERT_OPEN:\n            exception_class = UnexpectedAlertPresentException\n        elif status in ErrorCode.NO_ALERT_OPEN:\n            exception_class = NoAlertPresentException\n        elif status in ErrorCode.IME_NOT_AVAILABLE:\n            exception_class = ImeNotAvailableException\n        elif status in ErrorCode.IME_ENGINE_ACTIVATION_FAILED:\n            exception_class = ImeActivationFailedException\n        elif status in ErrorCode.MOVE_TARGET_OUT_OF_BOUNDS:\n            exception_class = MoveTargetOutOfBoundsException\n        elif status in ErrorCode.JAVASCRIPT_ERROR:\n            exception_class = JavascriptException\n        elif status in ErrorCode.SESSION_NOT_CREATED:\n            exception_class = SessionNotCreatedException\n        elif status in ErrorCode.INVALID_ARGUMENT:\n            exception_class = InvalidArgumentException\n        elif status in ErrorCode.NO_SUCH_COOKIE:\n            exception_class = NoSuchCookieException\n        elif status in ErrorCode.UNABLE_TO_CAPTURE_SCREEN:\n            exception_class = ScreenshotException\n        elif status in ErrorCode.ELEMENT_CLICK_INTERCEPTED:\n            exception_class = ElementClickInterceptedException\n        elif status in ErrorCode.INSECURE_CERTIFICATE:\n            exception_class = InsecureCertificateException\n        elif status in ErrorCode.INVALID_COORDINATES:\n            exception_class = InvalidCoordinatesException\n        elif status in ErrorCode.INVALID_SESSION_ID:\n            exception_class = InvalidSessionIdException\n        elif status in ErrorCode.UNKNOWN_METHOD:\n            exception_class = UnknownMethodException\n        else:\n            exception_class = WebDriverException\n        if not value:\n            value = response[\"value\"]\n        if isinstance(value, str):\n            raise exception_class(value)\n        if message == \"\" and \"message\" in value:\n            message = value[\"message\"]\n    \n        screen = None  # type: ignore[assignment]\n        if \"screen\" in value:\n            screen = value[\"screen\"]\n    \n        stacktrace = None\n        st_value = value.get(\"stackTrace\") or value.get(\"stacktrace\")\n        if st_value:\n            if isinstance(st_value, str):\n                stacktrace = st_value.split(\"\\n\")\n            else:\n                stacktrace = []\n                try:\n                    for frame in st_value:\n                        line = frame.get(\"lineNumber\", \"\")\n                        file = frame.get(\"fileName\", \"<anonymous>\")\n                        if line:\n                            file = f\"{file}:{line}\"\n                        meth = frame.get(\"methodName\", \"<anonymous>\")\n                        if \"className\" in frame:\n                            meth = f\"{frame['className']}.{meth}\"\n                        msg = \"    at %s (%s)\"\n                        msg = msg % (meth, file)\n                        stacktrace.append(msg)\n                except TypeError:\n                    pass\n        if exception_class == UnexpectedAlertPresentException:\n            alert_text = None\n            if \"data\" in value:\n                alert_text = value[\"data\"].get(\"text\")\n            elif \"alert\" in value:\n                alert_text = value[\"alert\"].get(\"text\")\n            raise exception_class(message, screen, stacktrace, alert_text)  # type: ignore[call-arg]  # mypy is not smart enough here\n>       raise exception_class(message, screen, stacktrace)\nE       selenium.common.exceptions.NoSuchElementException: Message: no such element: Unable to locate element: {\"method\":\"xpath\",\"selector\":\"(//a[@class='add-to-cart yellow-btn'])[1]\"}\nE         (Session info: chrome-headless-shell=122.0.6261.94); For documentation on this error, please visit: https://www.selenium.dev/documentation/webdriver/troubleshooting/errors#no-such-element-exception\nE       Stacktrace:\nE       #0 0x564ee6fd6e93 <unknown>\nE       #1 0x564ee6ccece6 <unknown>\nE       #2 0x564ee6d19e48 <unknown>\nE       #3 0x564ee6d19f01 <unknown>\nE       #4 0x564ee6d5d3f4 <unknown>\nE       #5 0x564ee6d3bedd <unknown>\nE       #6 0x564ee6d5a899 <unknown>\nE       #7 0x564ee6d3bc53 <unknown>\nE       #8 0x564ee6d0cdb3 <unknown>\nE       #9 0x564ee6d0d77e <unknown>\nE       #10 0x564ee6f9c7cb <unknown>\nE       #11 0x564ee6fa07e5 <unknown>\nE       #12 0x564ee6f8a0e1 <unknown>\nE       #13 0x564ee6fa1372 <unknown>\nE       #14 0x564ee6f6e1bf <unknown>\nE       #15 0x564ee6fc5488 <unknown>\nE       #16 0x564ee6fc5683 <unknown>\nE       #17 0x564ee6fd6044 <unknown>\nE       #18 0x7f5ffc112134 <unknown>\n\n/usr/local/lib/python3.11/site-packages/selenium/webdriver/remote/errorhandler.py:245: NoSuchElementException","flaky":false,"newFailed":false,"newBroken":false,"newPassed":false,"retriesCount":0,"retriesStatusChange":false,"beforeStages":[{"name":"_session_faker","time":{"start":1709168388964,"stop":1709168389036,"duration":72},"status":"passed","steps":[],"attachments":[],"parameters":[],"shouldDisplayMessage":false,"stepsCount":0,"attachmentsCount":0,"hasContent":false,"attachmentStep":false},{"name":"clear_allure_results_folder","time":{"start":1709168389036,"stop":1709168389036,"duration":0},"status":"passed","steps":[],"attachments":[],"parameters":[],"shouldDisplayMessage":false,"stepsCount":0,"attachmentsCount":0,"hasContent":false,"attachmentStep":false},{"name":"driver","time":{"start":1709168836486,"stop":1709168837221,"duration":735},"status":"passed","steps":[],"attachments":[],"parameters":[],"shouldDisplayMessage":false,"stepsCount":0,"attachmentsCount":0,"hasContent":false,"attachmentStep":false},{"name":"setup","time":{"start":1709168837221,"stop":1709168837221,"duration":0},"status":"passed","steps":[],"attachments":[],"parameters":[],"shouldDisplayMessage":false,"stepsCount":0,"attachmentsCount":0,"hasContent":false,"attachmentStep":false}],"testStage":{"status":"skipped","statusMessage":"XFAIL\n\nselenium.common.exceptions.NoSuchElementException: Message: no such element: Unable to locate element: {\"method\":\"xpath\",\"selector\":\"(//a[@class='add-to-cart yellow-btn'])[1]\"}\n  (Session info: chrome-headless-shell=122.0.6261.94); For documentation on this error, please visit: https://www.selenium.dev/documentation/webdriver/troubleshooting/errors#no-such-element-exception\nStacktrace:\n#0 0x564ee6fd6e93 <unknown>\n#1 0x564ee6ccece6 <unknown>\n#2 0x564ee6d19e48 <unknown>\n#3 0x564ee6d19f01 <unknown>\n#4 0x564ee6d5d3f4 <unknown>\n#5 0x564ee6d3bedd <unknown>\n#6 0x564ee6d5a899 <unknown>\n#7 0x564ee6d3bc53 <unknown>\n#8 0x564ee6d0cdb3 <unknown>\n#9 0x564ee6d0d77e <unknown>\n#10 0x564ee6f9c7cb <unknown>\n#11 0x564ee6fa07e5 <unknown>\n#12 0x564ee6f8a0e1 <unknown>\n#13 0x564ee6fa1372 <unknown>\n#14 0x564ee6f6e1bf <unknown>\n#15 0x564ee6fc5488 <unknown>\n#16 0x564ee6fc5683 <unknown>\n#17 0x564ee6fd6044 <unknown>\n#18 0x7f5ffc112134 <unknown>","statusTrace":"self = <tests.delivery.test_delivery_calculation.TestDeliveryPageCalculation object at 0x7fa746e2cd90>\ndriver = <selenium.webdriver.chrome.webdriver.WebDriver (session=\"f690de981de62db72f1ff44579861871\")>\nurl = 'https://sandboxtest.stroyrem-nn.ru/', case_id = 'TD 016'\nlink_item = 'products/shtukaturka-gipsovaya-aksolit-m50-30-kg-mashinnogo-naneseniya'\namount = 8, weight = 300, standard = 650, in_time = 2390, all_time = 3320\n\n    @pytest.mark.parametrize('case_id, link_item, amount, weight, standard, in_time, all_time', [\n        (\"TD 015\", bundeks_25, 1, 30, 650, 2390, 3320),\n        pytest.param(\n            \"TD 016\", aksolit_30, 8, 300, 650, 2390, 3320,\n            marks=pytest.mark.xfail(reson=\"Цена доставки: - - -\")\n        ),\n        (\"TD 017\", aksolit_30, 13, 400, 650, 2390, 3320),\n        (\"TD 018\", aksolit_30, 16, 500, 850, 2490, 3320),\n        (\"TD 019\", aksolit_30, 25, 1700, 1150, 2490, 3320),\n        (\"TD 020\", aksolit_30, 66, 2000, 1500, 2990, 3650),\n        (\"TD 021\", aksolit_30, 149, 4500, 2600, 4380, 4890),\n        (\"TD 022\", aksolit_30, 166, 5000, 2800, 5490, 5980),\n        pytest.param(\n            \"TD 023\", aksolit_30, 206, 6200, 3300, 7500, 8000,\n            marks=pytest.mark.xfail(reson=\"Цена доставки: 4300 9900 11440\")\n        ),\n        (\"TD 024\", aksolit_30, 299, 9000, 4300, 9900, 11440),\n        (\"TD 025\", aksolit_30, 333, 10000, 7000, 13900, 15900),\n        pytest.param(\n            \"TD 026\", aksolit_30, 366, 11000, 8000, 14900, 19900,\n            marks=pytest.mark.xfail(reson=\"Цена доставки: 7000 13900 15900\")\n        ),\n        pytest.param(\n            \"TD 027\", aksolit_30, 666, 20000, 14000, 16900, 23900,\n            marks=pytest.mark.xfail(reson=\"Цена доставки: 7000 13900 15900\")\n        )\n    ])\n    @pytest.mark.smoke\n    def test_positive_delivery_blue_zone_smoke(\n            self, driver, url, case_id, link_item, amount, weight, standard, in_time, all_time\n    ):\n        allure.dynamic.title(f\"{case_id} Доставка товара весом до {weight}кг. в синей зоне\")\n    \n        driver.get(f'{url}{link_item}')\n        item_page = ItemPage(driver)\n>       item_page.add_item_to_cart(amount).click_on_cart()\n\ntests/delivery/test_delivery_calculation.py:130: \n_ _ _ _ _ _ _ _ _ _ _ _ _ _ _ _ _ _ _ _ _ _ _ _ _ _ _ _ _ _ _ _ _ _ _ _ _ _ _ _ \npages/item_page.py:40: in add_item_to_cart\n    self.find_element(self._add_item).click()\nbase/seleniumbase.py:17: in find_element\n    return self.driver.find_element(*locator)\n/usr/local/lib/python3.11/site-packages/selenium/webdriver/remote/webdriver.py:740: in find_element\n    return self.execute(Command.FIND_ELEMENT, {\"using\": by, \"value\": value})[\"value\"]\n/usr/local/lib/python3.11/site-packages/selenium/webdriver/remote/webdriver.py:346: in execute\n    self.error_handler.check_response(response)\n_ _ _ _ _ _ _ _ _ _ _ _ _ _ _ _ _ _ _ _ _ _ _ _ _ _ _ _ _ _ _ _ _ _ _ _ _ _ _ _ \n\nself = <selenium.webdriver.remote.errorhandler.ErrorHandler object at 0x7fa746753dd0>\nresponse = {'status': 404, 'value': '{\"value\":{\"error\":\"no such element\",\"message\":\"no such element: Unable to locate element: {\\...\\\\n#16 0x564ee6fc5683 \\\\u003Cunknown>\\\\n#17 0x564ee6fd6044 \\\\u003Cunknown>\\\\n#18 0x7f5ffc112134 \\\\u003Cunknown>\\\\n\"}}'}\n\n    def check_response(self, response: Dict[str, Any]) -> None:\n        \"\"\"Checks that a JSON response from the WebDriver does not have an\n        error.\n    \n        :Args:\n         - response - The JSON response from the WebDriver server as a dictionary\n           object.\n    \n        :Raises: If the response contains an error message.\n        \"\"\"\n        status = response.get(\"status\", None)\n        if not status or status == ErrorCode.SUCCESS:\n            return\n        value = None\n        message = response.get(\"message\", \"\")\n        screen: str = response.get(\"screen\", \"\")\n        stacktrace = None\n        if isinstance(status, int):\n            value_json = response.get(\"value\", None)\n            if value_json and isinstance(value_json, str):\n                import json\n    \n                try:\n                    value = json.loads(value_json)\n                    if len(value) == 1:\n                        value = value[\"value\"]\n                    status = value.get(\"error\", None)\n                    if not status:\n                        status = value.get(\"status\", ErrorCode.UNKNOWN_ERROR)\n                        message = value.get(\"value\") or value.get(\"message\")\n                        if not isinstance(message, str):\n                            value = message\n                            message = message.get(\"message\")\n                    else:\n                        message = value.get(\"message\", None)\n                except ValueError:\n                    pass\n    \n        exception_class: Type[WebDriverException]\n        if status in ErrorCode.NO_SUCH_ELEMENT:\n            exception_class = NoSuchElementException\n        elif status in ErrorCode.NO_SUCH_FRAME:\n            exception_class = NoSuchFrameException\n        elif status in ErrorCode.NO_SUCH_SHADOW_ROOT:\n            exception_class = NoSuchShadowRootException\n        elif status in ErrorCode.NO_SUCH_WINDOW:\n            exception_class = NoSuchWindowException\n        elif status in ErrorCode.STALE_ELEMENT_REFERENCE:\n            exception_class = StaleElementReferenceException\n        elif status in ErrorCode.ELEMENT_NOT_VISIBLE:\n            exception_class = ElementNotVisibleException\n        elif status in ErrorCode.INVALID_ELEMENT_STATE:\n            exception_class = InvalidElementStateException\n        elif (\n            status in ErrorCode.INVALID_SELECTOR\n            or status in ErrorCode.INVALID_XPATH_SELECTOR\n            or status in ErrorCode.INVALID_XPATH_SELECTOR_RETURN_TYPER\n        ):\n            exception_class = InvalidSelectorException\n        elif status in ErrorCode.ELEMENT_IS_NOT_SELECTABLE:\n            exception_class = ElementNotSelectableException\n        elif status in ErrorCode.ELEMENT_NOT_INTERACTABLE:\n            exception_class = ElementNotInteractableException\n        elif status in ErrorCode.INVALID_COOKIE_DOMAIN:\n            exception_class = InvalidCookieDomainException\n        elif status in ErrorCode.UNABLE_TO_SET_COOKIE:\n            exception_class = UnableToSetCookieException\n        elif status in ErrorCode.TIMEOUT:\n            exception_class = TimeoutException\n        elif status in ErrorCode.SCRIPT_TIMEOUT:\n            exception_class = TimeoutException\n        elif status in ErrorCode.UNKNOWN_ERROR:\n            exception_class = WebDriverException\n        elif status in ErrorCode.UNEXPECTED_ALERT_OPEN:\n            exception_class = UnexpectedAlertPresentException\n        elif status in ErrorCode.NO_ALERT_OPEN:\n            exception_class = NoAlertPresentException\n        elif status in ErrorCode.IME_NOT_AVAILABLE:\n            exception_class = ImeNotAvailableException\n        elif status in ErrorCode.IME_ENGINE_ACTIVATION_FAILED:\n            exception_class = ImeActivationFailedException\n        elif status in ErrorCode.MOVE_TARGET_OUT_OF_BOUNDS:\n            exception_class = MoveTargetOutOfBoundsException\n        elif status in ErrorCode.JAVASCRIPT_ERROR:\n            exception_class = JavascriptException\n        elif status in ErrorCode.SESSION_NOT_CREATED:\n            exception_class = SessionNotCreatedException\n        elif status in ErrorCode.INVALID_ARGUMENT:\n            exception_class = InvalidArgumentException\n        elif status in ErrorCode.NO_SUCH_COOKIE:\n            exception_class = NoSuchCookieException\n        elif status in ErrorCode.UNABLE_TO_CAPTURE_SCREEN:\n            exception_class = ScreenshotException\n        elif status in ErrorCode.ELEMENT_CLICK_INTERCEPTED:\n            exception_class = ElementClickInterceptedException\n        elif status in ErrorCode.INSECURE_CERTIFICATE:\n            exception_class = InsecureCertificateException\n        elif status in ErrorCode.INVALID_COORDINATES:\n            exception_class = InvalidCoordinatesException\n        elif status in ErrorCode.INVALID_SESSION_ID:\n            exception_class = InvalidSessionIdException\n        elif status in ErrorCode.UNKNOWN_METHOD:\n            exception_class = UnknownMethodException\n        else:\n            exception_class = WebDriverException\n        if not value:\n            value = response[\"value\"]\n        if isinstance(value, str):\n            raise exception_class(value)\n        if message == \"\" and \"message\" in value:\n            message = value[\"message\"]\n    \n        screen = None  # type: ignore[assignment]\n        if \"screen\" in value:\n            screen = value[\"screen\"]\n    \n        stacktrace = None\n        st_value = value.get(\"stackTrace\") or value.get(\"stacktrace\")\n        if st_value:\n            if isinstance(st_value, str):\n                stacktrace = st_value.split(\"\\n\")\n            else:\n                stacktrace = []\n                try:\n                    for frame in st_value:\n                        line = frame.get(\"lineNumber\", \"\")\n                        file = frame.get(\"fileName\", \"<anonymous>\")\n                        if line:\n                            file = f\"{file}:{line}\"\n                        meth = frame.get(\"methodName\", \"<anonymous>\")\n                        if \"className\" in frame:\n                            meth = f\"{frame['className']}.{meth}\"\n                        msg = \"    at %s (%s)\"\n                        msg = msg % (meth, file)\n                        stacktrace.append(msg)\n                except TypeError:\n                    pass\n        if exception_class == UnexpectedAlertPresentException:\n            alert_text = None\n            if \"data\" in value:\n                alert_text = value[\"data\"].get(\"text\")\n            elif \"alert\" in value:\n                alert_text = value[\"alert\"].get(\"text\")\n            raise exception_class(message, screen, stacktrace, alert_text)  # type: ignore[call-arg]  # mypy is not smart enough here\n>       raise exception_class(message, screen, stacktrace)\nE       selenium.common.exceptions.NoSuchElementException: Message: no such element: Unable to locate element: {\"method\":\"xpath\",\"selector\":\"(//a[@class='add-to-cart yellow-btn'])[1]\"}\nE         (Session info: chrome-headless-shell=122.0.6261.94); For documentation on this error, please visit: https://www.selenium.dev/documentation/webdriver/troubleshooting/errors#no-such-element-exception\nE       Stacktrace:\nE       #0 0x564ee6fd6e93 <unknown>\nE       #1 0x564ee6ccece6 <unknown>\nE       #2 0x564ee6d19e48 <unknown>\nE       #3 0x564ee6d19f01 <unknown>\nE       #4 0x564ee6d5d3f4 <unknown>\nE       #5 0x564ee6d3bedd <unknown>\nE       #6 0x564ee6d5a899 <unknown>\nE       #7 0x564ee6d3bc53 <unknown>\nE       #8 0x564ee6d0cdb3 <unknown>\nE       #9 0x564ee6d0d77e <unknown>\nE       #10 0x564ee6f9c7cb <unknown>\nE       #11 0x564ee6fa07e5 <unknown>\nE       #12 0x564ee6f8a0e1 <unknown>\nE       #13 0x564ee6fa1372 <unknown>\nE       #14 0x564ee6f6e1bf <unknown>\nE       #15 0x564ee6fc5488 <unknown>\nE       #16 0x564ee6fc5683 <unknown>\nE       #17 0x564ee6fd6044 <unknown>\nE       #18 0x7f5ffc112134 <unknown>\n\n/usr/local/lib/python3.11/site-packages/selenium/webdriver/remote/errorhandler.py:245: NoSuchElementException","steps":[{"name":"Добавляем товар в корзину в количестве 8","time":{"start":1709168837540,"stop":1709168837552,"duration":12},"status":"broken","statusMessage":"selenium.common.exceptions.NoSuchElementException: Message: no such element: Unable to locate element: {\"method\":\"xpath\",\"selector\":\"(//a[@class='add-to-cart yellow-btn'])[1]\"}\n  (Session info: chrome-headless-shell=122.0.6261.94); For documentation on this error, please visit: https://www.selenium.dev/documentation/webdriver/troubleshooting/errors#no-such-element-exception\nStacktrace:\n#0 0x564ee6fd6e93 <unknown>\n#1 0x564ee6ccece6 <unknown>\n#2 0x564ee6d19e48 <unknown>\n#3 0x564ee6d19f01 <unknown>\n#4 0x564ee6d5d3f4 <unknown>\n#5 0x564ee6d3bedd <unknown>\n#6 0x564ee6d5a899 <unknown>\n#7 0x564ee6d3bc53 <unknown>\n#8 0x564ee6d0cdb3 <unknown>\n#9 0x564ee6d0d77e <unknown>\n#10 0x564ee6f9c7cb <unknown>\n#11 0x564ee6fa07e5 <unknown>\n#12 0x564ee6f8a0e1 <unknown>\n#13 0x564ee6fa1372 <unknown>\n#14 0x564ee6f6e1bf <unknown>\n#15 0x564ee6fc5488 <unknown>\n#16 0x564ee6fc5683 <unknown>\n#17 0x564ee6fd6044 <unknown>\n#18 0x7f5ffc112134 <unknown>\n\n","statusTrace":"  File \"/usr/local/lib/python3.11/site-packages/allure_commons/_allure.py\", line 192, in impl\n    return func(*a, **kw)\n           ^^^^^^^^^^^^^^\n  File \"/app/pages/item_page.py\", line 40, in add_item_to_cart\n    self.find_element(self._add_item).click()\n    ^^^^^^^^^^^^^^^^^^^^^^^^^^^^^^^^^\n  File \"/app/base/seleniumbase.py\", line 17, in find_element\n    return self.driver.find_element(*locator)\n           ^^^^^^^^^^^^^^^^^^^^^^^^^^^^^^^^^^\n  File \"/usr/local/lib/python3.11/site-packages/selenium/webdriver/remote/webdriver.py\", line 740, in find_element\n    return self.execute(Command.FIND_ELEMENT, {\"using\": by, \"value\": value})[\"value\"]\n           ^^^^^^^^^^^^^^^^^^^^^^^^^^^^^^^^^^^^^^^^^^^^^^^^^^^^^^^^^^^^^^^^^\n  File \"/usr/local/lib/python3.11/site-packages/selenium/webdriver/remote/webdriver.py\", line 346, in execute\n    self.error_handler.check_response(response)\n  File \"/usr/local/lib/python3.11/site-packages/selenium/webdriver/remote/errorhandler.py\", line 245, in check_response\n    raise exception_class(message, screen, stacktrace)\n","steps":[],"attachments":[],"parameters":[{"name":"amount","value":"8"}],"shouldDisplayMessage":true,"stepsCount":0,"attachmentsCount":0,"hasContent":true,"attachmentStep":false}],"attachments":[{"uid":"f549fccc0c9a1ee9","name":"Screenshot","source":"f549fccc0c9a1ee9.png","type":"image/png","size":5862},{"uid":"a75f094c01937fb9","name":"HTML source","source":"a75f094c01937fb9.html","type":"text/html","size":39}],"parameters":[],"shouldDisplayMessage":true,"stepsCount":1,"attachmentsCount":2,"hasContent":true,"attachmentStep":false},"afterStages":[{"name":"setup::0","time":{"start":1709168837661,"stop":1709168837661,"duration":0},"status":"passed","steps":[],"attachments":[],"parameters":[],"shouldDisplayMessage":false,"stepsCount":0,"attachmentsCount":0,"hasContent":false,"attachmentStep":false},{"name":"driver::0","time":{"start":1709168837662,"stop":1709168837719,"duration":57},"status":"passed","steps":[],"attachments":[],"parameters":[],"shouldDisplayMessage":false,"stepsCount":0,"attachmentsCount":0,"hasContent":false,"attachmentStep":false}],"labels":[{"name":"epic","value":"Delivery Page - calculation"},{"name":"tag","value":"smoke"},{"name":"tag","value":"@pytest.mark.xfail(reson='Цена доставки: - - -')"},{"name":"parentSuite","value":"tests.delivery"},{"name":"suite","value":"test_delivery_calculation"},{"name":"subSuite","value":"TestDeliveryPageCalculation"},{"name":"host","value":"51a467962866"},{"name":"thread","value":"1-MainThread"},{"name":"framework","value":"pytest"},{"name":"language","value":"cpython3"},{"name":"package","value":"tests.delivery.test_delivery_calculation"},{"name":"resultFormat","value":"allure2"}],"parameters":[{"name":"all_time","value":"3320"},{"name":"amount","value":"8"},{"name":"case_id","value":"'TD 016'"},{"name":"in_time","value":"2390"},{"name":"link_item","value":"'products/shtukaturka-gipsovaya-aksolit-m50-30-kg-mashinnogo-naneseniya'"},{"name":"standard","value":"650"},{"name":"url","value":"'https://sandboxtest.stroyrem-nn.ru/'"},{"name":"weight","value":"300"}],"links":[],"hidden":false,"retry":false,"extra":{"severity":"normal","retries":[],"categories":[],"history":{"statistic":{"failed":0,"broken":0,"skipped":183,"passed":0,"unknown":0,"total":183},"items":[{"uid":"7389197a512fff37","reportUrl":"https://zaelcovsky.github.io/StroyremAutomation/246//#testresult/7389197a512fff37","status":"skipped","statusDetails":"XFAIL\n\nselenium.common.exceptions.NoSuchElementException: Message: no such element: Unable to locate element: {\"method\":\"xpath\",\"selector\":\"(//a[@class='add-to-cart yellow-btn'])[1]\"}\n  (Session info: chrome-headless-shell=122.0.6261.94); For documentation on this error, please visit: https://www.selenium.dev/documentation/webdriver/troubleshooting/errors#no-such-element-exception\nStacktrace:\n#0 0x557095b75e93 <unknown>\n#1 0x55709586dce6 <unknown>\n#2 0x5570958b8e48 <unknown>\n#3 0x5570958b8f01 <unknown>\n#4 0x5570958fc3f4 <unknown>\n#5 0x5570958daedd <unknown>\n#6 0x5570958f9899 <unknown>\n#7 0x5570958dac53 <unknown>\n#8 0x5570958abdb3 <unknown>\n#9 0x5570958ac77e <unknown>\n#10 0x557095b3b7cb <unknown>\n#11 0x557095b3f7e5 <unknown>\n#12 0x557095b290e1 <unknown>\n#13 0x557095b40372 <unknown>\n#14 0x557095b0d1bf <unknown>\n#15 0x557095b64488 <unknown>\n#16 0x557095b64683 <unknown>\n#17 0x557095b75044 <unknown>\n#18 0x7f3b2c2ea134 <unknown>","time":{"start":1709082454875,"stop":1709082455199,"duration":324}},{"uid":"82a71cd1af1bcc4c","reportUrl":"https://zaelcovsky.github.io/StroyremAutomation/245//#testresult/82a71cd1af1bcc4c","status":"skipped","statusDetails":"XFAIL\n\nselenium.common.exceptions.NoSuchElementException: Message: no such element: Unable to locate element: {\"method\":\"xpath\",\"selector\":\"(//a[@class='add-to-cart yellow-btn'])[1]\"}\n  (Session info: chrome-headless-shell=122.0.6261.69); For documentation on this error, please visit: https://www.selenium.dev/documentation/webdriver/troubleshooting/errors#no-such-element-exception\nStacktrace:\n#0 0x55ca38f08793 <unknown>\n#1 0x55ca38bfc1c6 <unknown>\n#2 0x55ca38c47358 <unknown>\n#3 0x55ca38c47411 <unknown>\n#4 0x55ca38c8a934 <unknown>\n#5 0x55ca38c693fd <unknown>\n#6 0x55ca38c87dd9 <unknown>\n#7 0x55ca38c69173 <unknown>\n#8 0x55ca38c3a2d3 <unknown>\n#9 0x55ca38c3ac9e <unknown>\n#10 0x55ca38ecc8cb <unknown>\n#11 0x55ca38ed0745 <unknown>\n#12 0x55ca38eb92e1 <unknown>\n#13 0x55ca38ed12d2 <unknown>\n#14 0x55ca38e9d17f <unknown>\n#15 0x55ca38ef6dc8 <unknown>\n#16 0x55ca38ef6fc3 <unknown>\n#17 0x55ca38f07944 <unknown>\n#18 0x7f1a172b2134 <unknown>","time":{"start":1708996082254,"stop":1708996082643,"duration":389}},{"uid":"5f9644199f9f8a3d","reportUrl":"https://zaelcovsky.github.io/StroyremAutomation/244//#testresult/5f9644199f9f8a3d","status":"skipped","statusDetails":"XFAIL\n\nselenium.common.exceptions.NoSuchElementException: Message: no such element: Unable to locate element: {\"method\":\"xpath\",\"selector\":\"(//a[@class='add-to-cart yellow-btn'])[1]\"}\n  (Session info: chrome-headless-shell=122.0.6261.69); For documentation on this error, please visit: https://www.selenium.dev/documentation/webdriver/troubleshooting/errors#no-such-element-exception\nStacktrace:\n#0 0x561a67d85793 <unknown>\n#1 0x561a67a791c6 <unknown>\n#2 0x561a67ac4358 <unknown>\n#3 0x561a67ac4411 <unknown>\n#4 0x561a67b07934 <unknown>\n#5 0x561a67ae63fd <unknown>\n#6 0x561a67b04dd9 <unknown>\n#7 0x561a67ae6173 <unknown>\n#8 0x561a67ab72d3 <unknown>\n#9 0x561a67ab7c9e <unknown>\n#10 0x561a67d498cb <unknown>\n#11 0x561a67d4d745 <unknown>\n#12 0x561a67d362e1 <unknown>\n#13 0x561a67d4e2d2 <unknown>\n#14 0x561a67d1a17f <unknown>\n#15 0x561a67d73dc8 <unknown>\n#16 0x561a67d73fc3 <unknown>\n#17 0x561a67d84944 <unknown>\n#18 0x7fc293e74134 <unknown>","time":{"start":1708909705107,"stop":1708909705531,"duration":424}},{"uid":"e86b5f9d23643e83","reportUrl":"https://zaelcovsky.github.io/StroyremAutomation/243//#testresult/e86b5f9d23643e83","status":"skipped","statusDetails":"XFAIL\n\nselenium.common.exceptions.NoSuchElementException: Message: no such element: Unable to locate element: {\"method\":\"xpath\",\"selector\":\"(//a[@class='add-to-cart yellow-btn'])[1]\"}\n  (Session info: chrome-headless-shell=122.0.6261.69); For documentation on this error, please visit: https://www.selenium.dev/documentation/webdriver/troubleshooting/errors#no-such-element-exception\nStacktrace:\n#0 0x5567e7cb5793 <unknown>\n#1 0x5567e79a91c6 <unknown>\n#2 0x5567e79f4358 <unknown>\n#3 0x5567e79f4411 <unknown>\n#4 0x5567e7a37934 <unknown>\n#5 0x5567e7a163fd <unknown>\n#6 0x5567e7a34dd9 <unknown>\n#7 0x5567e7a16173 <unknown>\n#8 0x5567e79e72d3 <unknown>\n#9 0x5567e79e7c9e <unknown>\n#10 0x5567e7c798cb <unknown>\n#11 0x5567e7c7d745 <unknown>\n#12 0x5567e7c662e1 <unknown>\n#13 0x5567e7c7e2d2 <unknown>\n#14 0x5567e7c4a17f <unknown>\n#15 0x5567e7ca3dc8 <unknown>\n#16 0x5567e7ca3fc3 <unknown>\n#17 0x5567e7cb4944 <unknown>\n#18 0x7f538f7be134 <unknown>","time":{"start":1708823488787,"stop":1708823489204,"duration":417}},{"uid":"9fea21bde238d0c2","reportUrl":"https://zaelcovsky.github.io/StroyremAutomation/242//#testresult/9fea21bde238d0c2","status":"skipped","statusDetails":"XFAIL\n\nselenium.common.exceptions.NoSuchElementException: Message: no such element: Unable to locate element: {\"method\":\"xpath\",\"selector\":\"(//a[@class='add-to-cart yellow-btn'])[1]\"}\n  (Session info: chrome-headless-shell=122.0.6261.69); For documentation on this error, please visit: https://www.selenium.dev/documentation/webdriver/troubleshooting/errors#no-such-element-exception\nStacktrace:\n#0 0x5654420a4793 <unknown>\n#1 0x565441d981c6 <unknown>\n#2 0x565441de3358 <unknown>\n#3 0x565441de3411 <unknown>\n#4 0x565441e26934 <unknown>\n#5 0x565441e053fd <unknown>\n#6 0x565441e23dd9 <unknown>\n#7 0x565441e05173 <unknown>\n#8 0x565441dd62d3 <unknown>\n#9 0x565441dd6c9e <unknown>\n#10 0x5654420688cb <unknown>\n#11 0x56544206c745 <unknown>\n#12 0x5654420552e1 <unknown>\n#13 0x56544206d2d2 <unknown>\n#14 0x56544203917f <unknown>\n#15 0x565442092dc8 <unknown>\n#16 0x565442092fc3 <unknown>\n#17 0x5654420a3944 <unknown>\n#18 0x7fb13dd80134 <unknown>","time":{"start":1708736789435,"stop":1708736789868,"duration":433}},{"uid":"a83ab8c6db281b5","reportUrl":"https://zaelcovsky.github.io/StroyremAutomation/241//#testresult/a83ab8c6db281b5","status":"skipped","statusDetails":"XFAIL\n\nselenium.common.exceptions.NoSuchElementException: Message: no such element: Unable to locate element: {\"method\":\"xpath\",\"selector\":\"(//a[@class='add-to-cart yellow-btn'])[1]\"}\n  (Session info: chrome-headless-shell=122.0.6261.69); For documentation on this error, please visit: https://www.selenium.dev/documentation/webdriver/troubleshooting/errors#no-such-element-exception\nStacktrace:\n#0 0x5634182b3793 <unknown>\n#1 0x563417fa71c6 <unknown>\n#2 0x563417ff2358 <unknown>\n#3 0x563417ff2411 <unknown>\n#4 0x563418035934 <unknown>\n#5 0x5634180143fd <unknown>\n#6 0x563418032dd9 <unknown>\n#7 0x563418014173 <unknown>\n#8 0x563417fe52d3 <unknown>\n#9 0x563417fe5c9e <unknown>\n#10 0x5634182778cb <unknown>\n#11 0x56341827b745 <unknown>\n#12 0x5634182642e1 <unknown>\n#13 0x56341827c2d2 <unknown>\n#14 0x56341824817f <unknown>\n#15 0x5634182a1dc8 <unknown>\n#16 0x5634182a1fc3 <unknown>\n#17 0x5634182b2944 <unknown>\n#18 0x7efe919e2134 <unknown>","time":{"start":1708650387598,"stop":1708650387999,"duration":401}},{"uid":"67aee06edb4cb97c","reportUrl":"https://zaelcovsky.github.io/StroyremAutomation/240//#testresult/67aee06edb4cb97c","status":"skipped","statusDetails":"XFAIL\n\nselenium.common.exceptions.NoSuchElementException: Message: no such element: Unable to locate element: {\"method\":\"xpath\",\"selector\":\"(//a[@class='add-to-cart yellow-btn'])[1]\"}\n  (Session info: chrome-headless-shell=122.0.6261.57); For documentation on this error, please visit: https://www.selenium.dev/documentation/webdriver/troubleshooting/errors#no-such-element-exception\nStacktrace:\n#0 0x5578aabc47d3 <unknown>\n#1 0x5578aa8b81c6 <unknown>\n#2 0x5578aa903358 <unknown>\n#3 0x5578aa903411 <unknown>\n#4 0x5578aa946934 <unknown>\n#5 0x5578aa9253fd <unknown>\n#6 0x5578aa943dd9 <unknown>\n#7 0x5578aa925173 <unknown>\n#8 0x5578aa8f62d3 <unknown>\n#9 0x5578aa8f6c9e <unknown>\n#10 0x5578aab8890b <unknown>\n#11 0x5578aab8c785 <unknown>\n#12 0x5578aab75321 <unknown>\n#13 0x5578aab8d312 <unknown>\n#14 0x5578aab591bf <unknown>\n#15 0x5578aabb2e08 <unknown>\n#16 0x5578aabb3003 <unknown>\n#17 0x5578aabc3984 <unknown>\n#18 0x7f9855f47134 <unknown>","time":{"start":1708564024916,"stop":1708564025212,"duration":296}},{"uid":"28ee1fa6ae6ff901","reportUrl":"https://zaelcovsky.github.io/StroyremAutomation/239//#testresult/28ee1fa6ae6ff901","status":"skipped","statusDetails":"XFAIL\n\nselenium.common.exceptions.NoSuchElementException: Message: no such element: Unable to locate element: {\"method\":\"xpath\",\"selector\":\"(//a[@class='add-to-cart yellow-btn'])[1]\"}\n  (Session info: chrome-headless-shell=122.0.6261.57); For documentation on this error, please visit: https://www.selenium.dev/documentation/webdriver/troubleshooting/errors#no-such-element-exception\nStacktrace:\n#0 0x563eb5c1d7d3 <unknown>\n#1 0x563eb59111c6 <unknown>\n#2 0x563eb595c358 <unknown>\n#3 0x563eb595c411 <unknown>\n#4 0x563eb599f934 <unknown>\n#5 0x563eb597e3fd <unknown>\n#6 0x563eb599cdd9 <unknown>\n#7 0x563eb597e173 <unknown>\n#8 0x563eb594f2d3 <unknown>\n#9 0x563eb594fc9e <unknown>\n#10 0x563eb5be190b <unknown>\n#11 0x563eb5be5785 <unknown>\n#12 0x563eb5bce321 <unknown>\n#13 0x563eb5be6312 <unknown>\n#14 0x563eb5bb21bf <unknown>\n#15 0x563eb5c0be08 <unknown>\n#16 0x563eb5c0c003 <unknown>\n#17 0x563eb5c1c984 <unknown>\n#18 0x7f31da747134 <unknown>","time":{"start":1708477682297,"stop":1708477682938,"duration":641}},{"uid":"9e905e27bb0c4ef3","reportUrl":"https://zaelcovsky.github.io/StroyremAutomation/238//#testresult/9e905e27bb0c4ef3","status":"skipped","statusDetails":"XFAIL\n\nselenium.common.exceptions.NoSuchElementException: Message: no such element: Unable to locate element: {\"method\":\"xpath\",\"selector\":\"(//a[@class='add-to-cart yellow-btn'])[1]\"}\n  (Session info: chrome-headless-shell=121.0.6167.184); For documentation on this error, please visit: https://www.selenium.dev/documentation/webdriver/troubleshooting/errors#no-such-element-exception\nStacktrace:\n#0 0x563096e24303 <unknown>\n#1 0x563096b092b7 <unknown>\n#2 0x563096b54cc0 <unknown>\n#3 0x563096b54db1 <unknown>\n#4 0x563096b98b44 <unknown>\n#5 0x563096b773ad <unknown>\n#6 0x563096b9607c <unknown>\n#7 0x563096b77123 <unknown>\n#8 0x563096b47095 <unknown>\n#9 0x563096b4809e <unknown>\n#10 0x563096de86ab <unknown>\n#11 0x563096dec4ba <unknown>\n#12 0x563096dd4f85 <unknown>\n#13 0x563096ded12f <unknown>\n#14 0x563096db8e6f <unknown>\n#15 0x563096e115f8 <unknown>\n#16 0x563096e117c2 <unknown>\n#17 0x563096e234a4 <unknown>\n#18 0x7fcbe8804134 <unknown>","time":{"start":1708391216828,"stop":1708391217167,"duration":339}},{"uid":"4085a882640518ad","reportUrl":"https://zaelcovsky.github.io/StroyremAutomation/237//#testresult/4085a882640518ad","status":"skipped","statusDetails":"XFAIL\n\nselenium.common.exceptions.NoSuchElementException: Message: no such element: Unable to locate element: {\"method\":\"xpath\",\"selector\":\"(//a[@class='add-to-cart yellow-btn'])[1]\"}\n  (Session info: chrome-headless-shell=121.0.6167.184); For documentation on this error, please visit: https://www.selenium.dev/documentation/webdriver/troubleshooting/errors#no-such-element-exception\nStacktrace:\n#0 0x562894a5f303 <unknown>\n#1 0x5628947442b7 <unknown>\n#2 0x56289478fcc0 <unknown>\n#3 0x56289478fdb1 <unknown>\n#4 0x5628947d3b44 <unknown>\n#5 0x5628947b23ad <unknown>\n#6 0x5628947d107c <unknown>\n#7 0x5628947b2123 <unknown>\n#8 0x562894782095 <unknown>\n#9 0x56289478309e <unknown>\n#10 0x562894a236ab <unknown>\n#11 0x562894a274ba <unknown>\n#12 0x562894a0ff85 <unknown>\n#13 0x562894a2812f <unknown>\n#14 0x5628949f3e6f <unknown>\n#15 0x562894a4c5f8 <unknown>\n#16 0x562894a4c7c2 <unknown>\n#17 0x562894a5e4a4 <unknown>\n#18 0x7f076aa28134 <unknown>","time":{"start":1708305024941,"stop":1708305025363,"duration":422}},{"uid":"d1b1d6d925581a4d","reportUrl":"https://zaelcovsky.github.io/StroyremAutomation/236//#testresult/d1b1d6d925581a4d","status":"skipped","statusDetails":"XFAIL\n\nselenium.common.exceptions.NoSuchElementException: Message: no such element: Unable to locate element: {\"method\":\"xpath\",\"selector\":\"(//a[@class='add-to-cart yellow-btn'])[1]\"}\n  (Session info: chrome-headless-shell=121.0.6167.184); For documentation on this error, please visit: https://www.selenium.dev/documentation/webdriver/troubleshooting/errors#no-such-element-exception\nStacktrace:\n#0 0x55e609e95303 <unknown>\n#1 0x55e609b7a2b7 <unknown>\n#2 0x55e609bc5cc0 <unknown>\n#3 0x55e609bc5db1 <unknown>\n#4 0x55e609c09b44 <unknown>\n#5 0x55e609be83ad <unknown>\n#6 0x55e609c0707c <unknown>\n#7 0x55e609be8123 <unknown>\n#8 0x55e609bb8095 <unknown>\n#9 0x55e609bb909e <unknown>\n#10 0x55e609e596ab <unknown>\n#11 0x55e609e5d4ba <unknown>\n#12 0x55e609e45f85 <unknown>\n#13 0x55e609e5e12f <unknown>\n#14 0x55e609e29e6f <unknown>\n#15 0x55e609e825f8 <unknown>\n#16 0x55e609e827c2 <unknown>\n#17 0x55e609e944a4 <unknown>\n#18 0x7f099c782134 <unknown>","time":{"start":1708218711376,"stop":1708218711714,"duration":338}},{"uid":"6ebe6d590a925b84","reportUrl":"https://zaelcovsky.github.io/StroyremAutomation/235//#testresult/6ebe6d590a925b84","status":"skipped","statusDetails":"XFAIL\n\nselenium.common.exceptions.NoSuchElementException: Message: no such element: Unable to locate element: {\"method\":\"xpath\",\"selector\":\"(//a[@class='add-to-cart yellow-btn'])[1]\"}\n  (Session info: chrome-headless-shell=121.0.6167.184); For documentation on this error, please visit: https://www.selenium.dev/documentation/webdriver/troubleshooting/errors#no-such-element-exception\nStacktrace:\n#0 0x55d470902303 <unknown>\n#1 0x55d4705e72b7 <unknown>\n#2 0x55d470632cc0 <unknown>\n#3 0x55d470632db1 <unknown>\n#4 0x55d470676b44 <unknown>\n#5 0x55d4706553ad <unknown>\n#6 0x55d47067407c <unknown>\n#7 0x55d470655123 <unknown>\n#8 0x55d470625095 <unknown>\n#9 0x55d47062609e <unknown>\n#10 0x55d4708c66ab <unknown>\n#11 0x55d4708ca4ba <unknown>\n#12 0x55d4708b2f85 <unknown>\n#13 0x55d4708cb12f <unknown>\n#14 0x55d470896e6f <unknown>\n#15 0x55d4708ef5f8 <unknown>\n#16 0x55d4708ef7c2 <unknown>\n#17 0x55d4709014a4 <unknown>\n#18 0x7f16bb32d134 <unknown>","time":{"start":1708132006998,"stop":1708132007420,"duration":422}},{"uid":"3890eb67c7f5d09d","reportUrl":"https://zaelcovsky.github.io/StroyremAutomation/234//#testresult/3890eb67c7f5d09d","status":"skipped","statusDetails":"XFAIL\n\nselenium.common.exceptions.NoSuchElementException: Message: no such element: Unable to locate element: {\"method\":\"xpath\",\"selector\":\"(//a[@class='add-to-cart yellow-btn'])[1]\"}\n  (Session info: chrome-headless-shell=121.0.6167.85); For documentation on this error, please visit: https://www.selenium.dev/documentation/webdriver/troubleshooting/errors#no-such-element-exception\nStacktrace:\n#0 0x5566c0b59d93 <unknown>\n#1 0x5566c083d337 <unknown>\n#2 0x5566c0888d60 <unknown>\n#3 0x5566c0888e51 <unknown>\n#4 0x5566c08ccbc4 <unknown>\n#5 0x5566c08ab46d <unknown>\n#6 0x5566c08ca12d <unknown>\n#7 0x5566c08ab1e3 <unknown>\n#8 0x5566c087b135 <unknown>\n#9 0x5566c087c13e <unknown>\n#10 0x5566c0b1de4b <unknown>\n#11 0x5566c0b21dfa <unknown>\n#12 0x5566c0b0a6d5 <unknown>\n#13 0x5566c0b22a6f <unknown>\n#14 0x5566c0aee69f <unknown>\n#15 0x5566c0b47098 <unknown>\n#16 0x5566c0b47262 <unknown>\n#17 0x5566c0b58f34 <unknown>\n#18 0x7f9a6fb21134 <unknown>","time":{"start":1708045654883,"stop":1708045655306,"duration":423}},{"uid":"f906372372b7710e","reportUrl":"https://zaelcovsky.github.io/StroyremAutomation/233//#testresult/f906372372b7710e","status":"skipped","statusDetails":"XFAIL\n\nselenium.common.exceptions.NoSuchElementException: Message: no such element: Unable to locate element: {\"method\":\"xpath\",\"selector\":\"(//a[@class='add-to-cart yellow-btn'])[1]\"}\n  (Session info: chrome-headless-shell=121.0.6167.85); For documentation on this error, please visit: https://www.selenium.dev/documentation/webdriver/troubleshooting/errors#no-such-element-exception\nStacktrace:\n#0 0x55d4bef65d93 <unknown>\n#1 0x55d4bec49337 <unknown>\n#2 0x55d4bec94d60 <unknown>\n#3 0x55d4bec94e51 <unknown>\n#4 0x55d4becd8bc4 <unknown>\n#5 0x55d4becb746d <unknown>\n#6 0x55d4becd612d <unknown>\n#7 0x55d4becb71e3 <unknown>\n#8 0x55d4bec87135 <unknown>\n#9 0x55d4bec8813e <unknown>\n#10 0x55d4bef29e4b <unknown>\n#11 0x55d4bef2ddfa <unknown>\n#12 0x55d4bef166d5 <unknown>\n#13 0x55d4bef2ea6f <unknown>\n#14 0x55d4beefa69f <unknown>\n#15 0x55d4bef53098 <unknown>\n#16 0x55d4bef53262 <unknown>\n#17 0x55d4bef64f34 <unknown>\n#18 0x7fe5d4d19134 <unknown>","time":{"start":1707959359799,"stop":1707959360206,"duration":407}},{"uid":"e01330fa7c867c9","reportUrl":"https://zaelcovsky.github.io/StroyremAutomation/232//#testresult/e01330fa7c867c9","status":"skipped","statusDetails":"XFAIL\n\nselenium.common.exceptions.NoSuchElementException: Message: no such element: Unable to locate element: {\"method\":\"xpath\",\"selector\":\"(//a[@class='add-to-cart yellow-btn'])[1]\"}\n  (Session info: chrome-headless-shell=121.0.6167.85); For documentation on this error, please visit: https://www.selenium.dev/documentation/webdriver/troubleshooting/errors#no-such-element-exception\nStacktrace:\n#0 0x55ccbd087d93 <unknown>\n#1 0x55ccbcd6b337 <unknown>\n#2 0x55ccbcdb6d60 <unknown>\n#3 0x55ccbcdb6e51 <unknown>\n#4 0x55ccbcdfabc4 <unknown>\n#5 0x55ccbcdd946d <unknown>\n#6 0x55ccbcdf812d <unknown>\n#7 0x55ccbcdd91e3 <unknown>\n#8 0x55ccbcda9135 <unknown>\n#9 0x55ccbcdaa13e <unknown>\n#10 0x55ccbd04be4b <unknown>\n#11 0x55ccbd04fdfa <unknown>\n#12 0x55ccbd0386d5 <unknown>\n#13 0x55ccbd050a6f <unknown>\n#14 0x55ccbd01c69f <unknown>\n#15 0x55ccbd075098 <unknown>\n#16 0x55ccbd075262 <unknown>\n#17 0x55ccbd086f34 <unknown>\n#18 0x7f7a234d0134 <unknown>","time":{"start":1707872903860,"stop":1707872904308,"duration":448}},{"uid":"89623728c401b071","reportUrl":"https://zaelcovsky.github.io/StroyremAutomation/231//#testresult/89623728c401b071","status":"skipped","statusDetails":"XFAIL\n\nselenium.common.exceptions.NoSuchElementException: Message: no such element: Unable to locate element: {\"method\":\"xpath\",\"selector\":\"(//a[@class='add-to-cart yellow-btn'])[1]\"}\n  (Session info: chrome-headless-shell=121.0.6167.85); For documentation on this error, please visit: https://www.selenium.dev/documentation/webdriver/troubleshooting/errors#no-such-element-exception\nStacktrace:\n#0 0x556daea08d93 <unknown>\n#1 0x556dae6ec337 <unknown>\n#2 0x556dae737d60 <unknown>\n#3 0x556dae737e51 <unknown>\n#4 0x556dae77bbc4 <unknown>\n#5 0x556dae75a46d <unknown>\n#6 0x556dae77912d <unknown>\n#7 0x556dae75a1e3 <unknown>\n#8 0x556dae72a135 <unknown>\n#9 0x556dae72b13e <unknown>\n#10 0x556dae9cce4b <unknown>\n#11 0x556dae9d0dfa <unknown>\n#12 0x556dae9b96d5 <unknown>\n#13 0x556dae9d1a6f <unknown>\n#14 0x556dae99d69f <unknown>\n#15 0x556dae9f6098 <unknown>\n#16 0x556dae9f6262 <unknown>\n#17 0x556daea07f34 <unknown>\n#18 0x7fc8f198c134 <unknown>","time":{"start":1707786612241,"stop":1707786612676,"duration":435}},{"uid":"2e8ad5a9d81292c7","reportUrl":"https://zaelcovsky.github.io/StroyremAutomation/230//#testresult/2e8ad5a9d81292c7","status":"skipped","statusDetails":"XFAIL\n\nselenium.common.exceptions.NoSuchElementException: Message: no such element: Unable to locate element: {\"method\":\"xpath\",\"selector\":\"(//a[@class='add-to-cart yellow-btn'])[1]\"}\n  (Session info: chrome-headless-shell=121.0.6167.85); For documentation on this error, please visit: https://www.selenium.dev/documentation/webdriver/troubleshooting/errors#no-such-element-exception\nStacktrace:\n#0 0x55960128ed93 <unknown>\n#1 0x559600f72337 <unknown>\n#2 0x559600fbdd60 <unknown>\n#3 0x559600fbde51 <unknown>\n#4 0x559601001bc4 <unknown>\n#5 0x559600fe046d <unknown>\n#6 0x559600fff12d <unknown>\n#7 0x559600fe01e3 <unknown>\n#8 0x559600fb0135 <unknown>\n#9 0x559600fb113e <unknown>\n#10 0x559601252e4b <unknown>\n#11 0x559601256dfa <unknown>\n#12 0x55960123f6d5 <unknown>\n#13 0x559601257a6f <unknown>\n#14 0x55960122369f <unknown>\n#15 0x55960127c098 <unknown>\n#16 0x55960127c262 <unknown>\n#17 0x55960128df34 <unknown>\n#18 0x7f39103be134 <unknown>","time":{"start":1707700101062,"stop":1707700101346,"duration":284}},{"uid":"75f4fd2b772005ee","reportUrl":"https://zaelcovsky.github.io/StroyremAutomation/229//#testresult/75f4fd2b772005ee","status":"skipped","statusDetails":"XFAIL\n\nselenium.common.exceptions.NoSuchElementException: Message: no such element: Unable to locate element: {\"method\":\"xpath\",\"selector\":\"(//a[@class='add-to-cart yellow-btn'])[1]\"}\n  (Session info: chrome-headless-shell=121.0.6167.85); For documentation on this error, please visit: https://www.selenium.dev/documentation/webdriver/troubleshooting/errors#no-such-element-exception\nStacktrace:\n#0 0x55a66dd78d93 <unknown>\n#1 0x55a66da5c337 <unknown>\n#2 0x55a66daa7d60 <unknown>\n#3 0x55a66daa7e51 <unknown>\n#4 0x55a66daebbc4 <unknown>\n#5 0x55a66daca46d <unknown>\n#6 0x55a66dae912d <unknown>\n#7 0x55a66daca1e3 <unknown>\n#8 0x55a66da9a135 <unknown>\n#9 0x55a66da9b13e <unknown>\n#10 0x55a66dd3ce4b <unknown>\n#11 0x55a66dd40dfa <unknown>\n#12 0x55a66dd296d5 <unknown>\n#13 0x55a66dd41a6f <unknown>\n#14 0x55a66dd0d69f <unknown>\n#15 0x55a66dd66098 <unknown>\n#16 0x55a66dd66262 <unknown>\n#17 0x55a66dd77f34 <unknown>\n#18 0x7f9beed93134 <unknown>","time":{"start":1707613926292,"stop":1707613927195,"duration":903}},{"uid":"d72d75a942626443","reportUrl":"https://zaelcovsky.github.io/StroyremAutomation/228//#testresult/d72d75a942626443","status":"skipped","statusDetails":"XFAIL\n\nselenium.common.exceptions.NoSuchElementException: Message: no such element: Unable to locate element: {\"method\":\"xpath\",\"selector\":\"(//a[@class='add-to-cart yellow-btn'])[1]\"}\n  (Session info: chrome-headless-shell=121.0.6167.85); For documentation on this error, please visit: https://www.selenium.dev/documentation/webdriver/troubleshooting/errors#no-such-element-exception\nStacktrace:\n#0 0x5620b0a08d93 <unknown>\n#1 0x5620b06ec337 <unknown>\n#2 0x5620b0737d60 <unknown>\n#3 0x5620b0737e51 <unknown>\n#4 0x5620b077bbc4 <unknown>\n#5 0x5620b075a46d <unknown>\n#6 0x5620b077912d <unknown>\n#7 0x5620b075a1e3 <unknown>\n#8 0x5620b072a135 <unknown>\n#9 0x5620b072b13e <unknown>\n#10 0x5620b09cce4b <unknown>\n#11 0x5620b09d0dfa <unknown>\n#12 0x5620b09b96d5 <unknown>\n#13 0x5620b09d1a6f <unknown>\n#14 0x5620b099d69f <unknown>\n#15 0x5620b09f6098 <unknown>\n#16 0x5620b09f6262 <unknown>\n#17 0x5620b0a07f34 <unknown>\n#18 0x7f4900afb134 <unknown>","time":{"start":1707527135839,"stop":1707527136117,"duration":278}},{"uid":"e7a4156a9f30dcc0","reportUrl":"https://zaelcovsky.github.io/StroyremAutomation/227//#testresult/e7a4156a9f30dcc0","status":"skipped","statusDetails":"XFAIL\n\nselenium.common.exceptions.NoSuchElementException: Message: no such element: Unable to locate element: {\"method\":\"xpath\",\"selector\":\"(//a[@class='add-to-cart yellow-btn'])[1]\"}\n  (Session info: chrome-headless-shell=121.0.6167.85); For documentation on this error, please visit: https://www.selenium.dev/documentation/webdriver/troubleshooting/errors#no-such-element-exception\nStacktrace:\n#0 0x556aef335d93 <unknown>\n#1 0x556aef019337 <unknown>\n#2 0x556aef064d60 <unknown>\n#3 0x556aef064e51 <unknown>\n#4 0x556aef0a8bc4 <unknown>\n#5 0x556aef08746d <unknown>\n#6 0x556aef0a612d <unknown>\n#7 0x556aef0871e3 <unknown>\n#8 0x556aef057135 <unknown>\n#9 0x556aef05813e <unknown>\n#10 0x556aef2f9e4b <unknown>\n#11 0x556aef2fddfa <unknown>\n#12 0x556aef2e66d5 <unknown>\n#13 0x556aef2fea6f <unknown>\n#14 0x556aef2ca69f <unknown>\n#15 0x556aef323098 <unknown>\n#16 0x556aef323262 <unknown>\n#17 0x556aef334f34 <unknown>\n#18 0x7f441ade6134 <unknown>","time":{"start":1707440825487,"stop":1707440825909,"duration":422}}]},"tags":["@pytest.mark.xfail(reson='Цена доставки: - - -')","smoke"]},"source":"fc88731aa559e4f0.json","parameterValues":["3320","8","'TD 016'","2390","'products/shtukaturka-gipsovaya-aksolit-m50-30-kg-mashinnogo-naneseniya'","650","'https://sandboxtest.stroyrem-nn.ru/'","300"]}