{"uid":"455b860fe6ffdfeb","name":"TD 026 Доставка товара весом до 11000кг. в синей зоне","fullName":"tests.delivery.test_delivery_calculation.TestDeliveryPageCalculation#test_positive_delivery_blue_zone_smoke","historyId":"8627394da03f78c724b6bd3e4cd7677c","time":{"start":1701738728098,"stop":1701738728537,"duration":439},"status":"skipped","statusMessage":"XFAIL\n\nselenium.common.exceptions.NoSuchElementException: Message: no such element: Unable to locate element: {\"method\":\"xpath\",\"selector\":\"(//a[@class='add-to-cart yellow-btn'])[1]\"}\n  (Session info: headless chrome=119.0.6045.105); For documentation on this error, please visit: https://www.selenium.dev/documentation/webdriver/troubleshooting/errors#no-such-element-exception\nStacktrace:\n#0 0x558c6de075e3 <unknown>\n#1 0x558c6daca0b7 <unknown>\n#2 0x558c6db17f53 <unknown>\n#3 0x558c6db18051 <unknown>\n#4 0x558c6db5d9c4 <unknown>\n#5 0x558c6db3ef1d <unknown>\n#6 0x558c6db5ab3d <unknown>\n#7 0x558c6db3ecc3 <unknown>\n#8 0x558c6db0a0e4 <unknown>\n#9 0x558c6db0b0ae <unknown>\n#10 0x558c6ddcdce1 <unknown>\n#11 0x558c6ddd1b7e <unknown>\n#12 0x558c6ddbb4b5 <unknown>\n#13 0x558c6ddd27d6 <unknown>\n#14 0x558c6dd9edbf <unknown>\n#15 0x558c6ddf5748 <unknown>\n#16 0x558c6ddf5917 <unknown>\n#17 0x558c6de06773 <unknown>\n#18 0x7fd2ce2d3044 <unknown>","statusTrace":"self = <tests.delivery.test_delivery_calculation.TestDeliveryPageCalculation object at 0x7f60164a42d0>\ndriver = <selenium.webdriver.chrome.webdriver.WebDriver (session=\"376fd15e763d24ce43e465b9af559290\")>\nurl = 'https://sandboxtest.stroyrem-nn.ru/', case_id = 'TD 026'\nlink_item = 'products/shtukaturka-gipsovaya-aksolit-m50-30-kg-mashinnogo-naneseniya'\namount = 366, weight = 11000, standard = 8000, in_time = 14900, all_time = 19900\n\n    @pytest.mark.parametrize('case_id, link_item, amount, weight, standard, in_time, all_time', [\n        (\"TD 015\", bundeks_25, 1, 30, 650, 2390, 3320),\n        pytest.param(\n            \"TD 016\", aksolit_30, 8, 300, 650, 2390, 3320,\n            marks=pytest.mark.xfail(reson=\"Цена доставки: - - -\")\n        ),\n        (\"TD 017\", aksolit_30, 13, 400, 650, 2390, 3320),\n        (\"TD 018\", aksolit_30, 16, 500, 850, 2490, 3320),\n        (\"TD 019\", aksolit_30, 25, 1700, 1150, 2490, 3320),\n        (\"TD 020\", aksolit_30, 66, 2000, 1500, 2990, 3650),\n        (\"TD 021\", aksolit_30, 149, 4500, 2600, 4380, 4890),\n        (\"TD 022\", aksolit_30, 166, 5000, 2800, 5490, 5980),\n        pytest.param(\n            \"TD 023\", aksolit_30, 206, 6200, 3300, 7500, 8000,\n            marks=pytest.mark.xfail(reson=\"Цена доставки: 4300 9900 11440\")\n        ),\n        (\"TD 024\", aksolit_30, 299, 9000, 4300, 9900, 11440),\n        (\"TD 025\", aksolit_30, 333, 10000, 7000, 13900, 15900),\n        pytest.param(\n            \"TD 026\", aksolit_30, 366, 11000, 8000, 14900, 19900,\n            marks=pytest.mark.xfail(reson=\"Цена доставки: 7000 13900 15900\")\n        ),\n        pytest.param(\n            \"TD 027\", aksolit_30, 666, 20000, 14000, 16900, 23900,\n            marks=pytest.mark.xfail(reson=\"Цена доставки: 7000 13900 15900\")\n        )\n    ])\n    @pytest.mark.smoke\n    def test_positive_delivery_blue_zone_smoke(\n            self, driver, url, case_id, link_item, amount, weight, standard, in_time, all_time\n    ):\n        allure.dynamic.title(f\"{case_id} Доставка товара весом до {weight}кг. в синей зоне\")\n    \n        driver.get(f'{url}{link_item}')\n        item_page = ItemPage(driver)\n>       item_page.add_item_to_cart(amount).click_on_cart()\n\ntests/delivery/test_delivery_calculation.py:130: \n_ _ _ _ _ _ _ _ _ _ _ _ _ _ _ _ _ _ _ _ _ _ _ _ _ _ _ _ _ _ _ _ _ _ _ _ _ _ _ _ \npages/item_page.py:40: in add_item_to_cart\n    self.find_element(self._add_item).click()\nbase/seleniumbase.py:17: in find_element\n    return self.driver.find_element(*locator)\n/usr/local/lib/python3.11/site-packages/selenium/webdriver/remote/webdriver.py:740: in find_element\n    return self.execute(Command.FIND_ELEMENT, {\"using\": by, \"value\": value})[\"value\"]\n/usr/local/lib/python3.11/site-packages/selenium/webdriver/remote/webdriver.py:346: in execute\n    self.error_handler.check_response(response)\n_ _ _ _ _ _ _ _ _ _ _ _ _ _ _ _ _ _ _ _ _ _ _ _ _ _ _ _ _ _ _ _ _ _ _ _ _ _ _ _ \n\nself = <selenium.webdriver.remote.errorhandler.ErrorHandler object at 0x7f6016244550>\nresponse = {'status': 404, 'value': '{\"value\":{\"error\":\"no such element\",\"message\":\"no such element: Unable to locate element: {\\...\\\\n#16 0x558c6ddf5917 \\\\u003Cunknown>\\\\n#17 0x558c6de06773 \\\\u003Cunknown>\\\\n#18 0x7fd2ce2d3044 \\\\u003Cunknown>\\\\n\"}}'}\n\n    def check_response(self, response: Dict[str, Any]) -> None:\n        \"\"\"Checks that a JSON response from the WebDriver does not have an\n        error.\n    \n        :Args:\n         - response - The JSON response from the WebDriver server as a dictionary\n           object.\n    \n        :Raises: If the response contains an error message.\n        \"\"\"\n        status = response.get(\"status\", None)\n        if not status or status == ErrorCode.SUCCESS:\n            return\n        value = None\n        message = response.get(\"message\", \"\")\n        screen: str = response.get(\"screen\", \"\")\n        stacktrace = None\n        if isinstance(status, int):\n            value_json = response.get(\"value\", None)\n            if value_json and isinstance(value_json, str):\n                import json\n    \n                try:\n                    value = json.loads(value_json)\n                    if len(value) == 1:\n                        value = value[\"value\"]\n                    status = value.get(\"error\", None)\n                    if not status:\n                        status = value.get(\"status\", ErrorCode.UNKNOWN_ERROR)\n                        message = value.get(\"value\") or value.get(\"message\")\n                        if not isinstance(message, str):\n                            value = message\n                            message = message.get(\"message\")\n                    else:\n                        message = value.get(\"message\", None)\n                except ValueError:\n                    pass\n    \n        exception_class: Type[WebDriverException]\n        if status in ErrorCode.NO_SUCH_ELEMENT:\n            exception_class = NoSuchElementException\n        elif status in ErrorCode.NO_SUCH_FRAME:\n            exception_class = NoSuchFrameException\n        elif status in ErrorCode.NO_SUCH_SHADOW_ROOT:\n            exception_class = NoSuchShadowRootException\n        elif status in ErrorCode.NO_SUCH_WINDOW:\n            exception_class = NoSuchWindowException\n        elif status in ErrorCode.STALE_ELEMENT_REFERENCE:\n            exception_class = StaleElementReferenceException\n        elif status in ErrorCode.ELEMENT_NOT_VISIBLE:\n            exception_class = ElementNotVisibleException\n        elif status in ErrorCode.INVALID_ELEMENT_STATE:\n            exception_class = InvalidElementStateException\n        elif (\n            status in ErrorCode.INVALID_SELECTOR\n            or status in ErrorCode.INVALID_XPATH_SELECTOR\n            or status in ErrorCode.INVALID_XPATH_SELECTOR_RETURN_TYPER\n        ):\n            exception_class = InvalidSelectorException\n        elif status in ErrorCode.ELEMENT_IS_NOT_SELECTABLE:\n            exception_class = ElementNotSelectableException\n        elif status in ErrorCode.ELEMENT_NOT_INTERACTABLE:\n            exception_class = ElementNotInteractableException\n        elif status in ErrorCode.INVALID_COOKIE_DOMAIN:\n            exception_class = InvalidCookieDomainException\n        elif status in ErrorCode.UNABLE_TO_SET_COOKIE:\n            exception_class = UnableToSetCookieException\n        elif status in ErrorCode.TIMEOUT:\n            exception_class = TimeoutException\n        elif status in ErrorCode.SCRIPT_TIMEOUT:\n            exception_class = TimeoutException\n        elif status in ErrorCode.UNKNOWN_ERROR:\n            exception_class = WebDriverException\n        elif status in ErrorCode.UNEXPECTED_ALERT_OPEN:\n            exception_class = UnexpectedAlertPresentException\n        elif status in ErrorCode.NO_ALERT_OPEN:\n            exception_class = NoAlertPresentException\n        elif status in ErrorCode.IME_NOT_AVAILABLE:\n            exception_class = ImeNotAvailableException\n        elif status in ErrorCode.IME_ENGINE_ACTIVATION_FAILED:\n            exception_class = ImeActivationFailedException\n        elif status in ErrorCode.MOVE_TARGET_OUT_OF_BOUNDS:\n            exception_class = MoveTargetOutOfBoundsException\n        elif status in ErrorCode.JAVASCRIPT_ERROR:\n            exception_class = JavascriptException\n        elif status in ErrorCode.SESSION_NOT_CREATED:\n            exception_class = SessionNotCreatedException\n        elif status in ErrorCode.INVALID_ARGUMENT:\n            exception_class = InvalidArgumentException\n        elif status in ErrorCode.NO_SUCH_COOKIE:\n            exception_class = NoSuchCookieException\n        elif status in ErrorCode.UNABLE_TO_CAPTURE_SCREEN:\n            exception_class = ScreenshotException\n        elif status in ErrorCode.ELEMENT_CLICK_INTERCEPTED:\n            exception_class = ElementClickInterceptedException\n        elif status in ErrorCode.INSECURE_CERTIFICATE:\n            exception_class = InsecureCertificateException\n        elif status in ErrorCode.INVALID_COORDINATES:\n            exception_class = InvalidCoordinatesException\n        elif status in ErrorCode.INVALID_SESSION_ID:\n            exception_class = InvalidSessionIdException\n        elif status in ErrorCode.UNKNOWN_METHOD:\n            exception_class = UnknownMethodException\n        else:\n            exception_class = WebDriverException\n        if not value:\n            value = response[\"value\"]\n        if isinstance(value, str):\n            raise exception_class(value)\n        if message == \"\" and \"message\" in value:\n            message = value[\"message\"]\n    \n        screen = None  # type: ignore[assignment]\n        if \"screen\" in value:\n            screen = value[\"screen\"]\n    \n        stacktrace = None\n        st_value = value.get(\"stackTrace\") or value.get(\"stacktrace\")\n        if st_value:\n            if isinstance(st_value, str):\n                stacktrace = st_value.split(\"\\n\")\n            else:\n                stacktrace = []\n                try:\n                    for frame in st_value:\n                        line = frame.get(\"lineNumber\", \"\")\n                        file = frame.get(\"fileName\", \"<anonymous>\")\n                        if line:\n                            file = f\"{file}:{line}\"\n                        meth = frame.get(\"methodName\", \"<anonymous>\")\n                        if \"className\" in frame:\n                            meth = f\"{frame['className']}.{meth}\"\n                        msg = \"    at %s (%s)\"\n                        msg = msg % (meth, file)\n                        stacktrace.append(msg)\n                except TypeError:\n                    pass\n        if exception_class == UnexpectedAlertPresentException:\n            alert_text = None\n            if \"data\" in value:\n                alert_text = value[\"data\"].get(\"text\")\n            elif \"alert\" in value:\n                alert_text = value[\"alert\"].get(\"text\")\n            raise exception_class(message, screen, stacktrace, alert_text)  # type: ignore[call-arg]  # mypy is not smart enough here\n>       raise exception_class(message, screen, stacktrace)\nE       selenium.common.exceptions.NoSuchElementException: Message: no such element: Unable to locate element: {\"method\":\"xpath\",\"selector\":\"(//a[@class='add-to-cart yellow-btn'])[1]\"}\nE         (Session info: headless chrome=119.0.6045.105); For documentation on this error, please visit: https://www.selenium.dev/documentation/webdriver/troubleshooting/errors#no-such-element-exception\nE       Stacktrace:\nE       #0 0x558c6de075e3 <unknown>\nE       #1 0x558c6daca0b7 <unknown>\nE       #2 0x558c6db17f53 <unknown>\nE       #3 0x558c6db18051 <unknown>\nE       #4 0x558c6db5d9c4 <unknown>\nE       #5 0x558c6db3ef1d <unknown>\nE       #6 0x558c6db5ab3d <unknown>\nE       #7 0x558c6db3ecc3 <unknown>\nE       #8 0x558c6db0a0e4 <unknown>\nE       #9 0x558c6db0b0ae <unknown>\nE       #10 0x558c6ddcdce1 <unknown>\nE       #11 0x558c6ddd1b7e <unknown>\nE       #12 0x558c6ddbb4b5 <unknown>\nE       #13 0x558c6ddd27d6 <unknown>\nE       #14 0x558c6dd9edbf <unknown>\nE       #15 0x558c6ddf5748 <unknown>\nE       #16 0x558c6ddf5917 <unknown>\nE       #17 0x558c6de06773 <unknown>\nE       #18 0x7fd2ce2d3044 <unknown>\n\n/usr/local/lib/python3.11/site-packages/selenium/webdriver/remote/errorhandler.py:245: NoSuchElementException","flaky":false,"newFailed":false,"newBroken":false,"newPassed":false,"retriesCount":0,"retriesStatusChange":false,"beforeStages":[{"name":"_session_faker","time":{"start":1701738306589,"stop":1701738306661,"duration":72},"status":"passed","steps":[],"attachments":[],"parameters":[],"shouldDisplayMessage":false,"stepsCount":0,"attachmentsCount":0,"hasContent":false},{"name":"clear_allure_results_folder","time":{"start":1701738306661,"stop":1701738306661,"duration":0},"status":"passed","steps":[],"attachments":[],"parameters":[],"shouldDisplayMessage":false,"stepsCount":0,"attachmentsCount":0,"hasContent":false},{"name":"driver","time":{"start":1701738727361,"stop":1701738728097,"duration":736},"status":"passed","steps":[],"attachments":[],"parameters":[],"shouldDisplayMessage":false,"stepsCount":0,"attachmentsCount":0,"hasContent":false},{"name":"setup","time":{"start":1701738728097,"stop":1701738728097,"duration":0},"status":"passed","steps":[],"attachments":[],"parameters":[],"shouldDisplayMessage":false,"stepsCount":0,"attachmentsCount":0,"hasContent":false}],"testStage":{"status":"skipped","statusMessage":"XFAIL\n\nselenium.common.exceptions.NoSuchElementException: Message: no such element: Unable to locate element: {\"method\":\"xpath\",\"selector\":\"(//a[@class='add-to-cart yellow-btn'])[1]\"}\n  (Session info: headless chrome=119.0.6045.105); For documentation on this error, please visit: https://www.selenium.dev/documentation/webdriver/troubleshooting/errors#no-such-element-exception\nStacktrace:\n#0 0x558c6de075e3 <unknown>\n#1 0x558c6daca0b7 <unknown>\n#2 0x558c6db17f53 <unknown>\n#3 0x558c6db18051 <unknown>\n#4 0x558c6db5d9c4 <unknown>\n#5 0x558c6db3ef1d <unknown>\n#6 0x558c6db5ab3d <unknown>\n#7 0x558c6db3ecc3 <unknown>\n#8 0x558c6db0a0e4 <unknown>\n#9 0x558c6db0b0ae <unknown>\n#10 0x558c6ddcdce1 <unknown>\n#11 0x558c6ddd1b7e <unknown>\n#12 0x558c6ddbb4b5 <unknown>\n#13 0x558c6ddd27d6 <unknown>\n#14 0x558c6dd9edbf <unknown>\n#15 0x558c6ddf5748 <unknown>\n#16 0x558c6ddf5917 <unknown>\n#17 0x558c6de06773 <unknown>\n#18 0x7fd2ce2d3044 <unknown>","statusTrace":"self = <tests.delivery.test_delivery_calculation.TestDeliveryPageCalculation object at 0x7f60164a42d0>\ndriver = <selenium.webdriver.chrome.webdriver.WebDriver (session=\"376fd15e763d24ce43e465b9af559290\")>\nurl = 'https://sandboxtest.stroyrem-nn.ru/', case_id = 'TD 026'\nlink_item = 'products/shtukaturka-gipsovaya-aksolit-m50-30-kg-mashinnogo-naneseniya'\namount = 366, weight = 11000, standard = 8000, in_time = 14900, all_time = 19900\n\n    @pytest.mark.parametrize('case_id, link_item, amount, weight, standard, in_time, all_time', [\n        (\"TD 015\", bundeks_25, 1, 30, 650, 2390, 3320),\n        pytest.param(\n            \"TD 016\", aksolit_30, 8, 300, 650, 2390, 3320,\n            marks=pytest.mark.xfail(reson=\"Цена доставки: - - -\")\n        ),\n        (\"TD 017\", aksolit_30, 13, 400, 650, 2390, 3320),\n        (\"TD 018\", aksolit_30, 16, 500, 850, 2490, 3320),\n        (\"TD 019\", aksolit_30, 25, 1700, 1150, 2490, 3320),\n        (\"TD 020\", aksolit_30, 66, 2000, 1500, 2990, 3650),\n        (\"TD 021\", aksolit_30, 149, 4500, 2600, 4380, 4890),\n        (\"TD 022\", aksolit_30, 166, 5000, 2800, 5490, 5980),\n        pytest.param(\n            \"TD 023\", aksolit_30, 206, 6200, 3300, 7500, 8000,\n            marks=pytest.mark.xfail(reson=\"Цена доставки: 4300 9900 11440\")\n        ),\n        (\"TD 024\", aksolit_30, 299, 9000, 4300, 9900, 11440),\n        (\"TD 025\", aksolit_30, 333, 10000, 7000, 13900, 15900),\n        pytest.param(\n            \"TD 026\", aksolit_30, 366, 11000, 8000, 14900, 19900,\n            marks=pytest.mark.xfail(reson=\"Цена доставки: 7000 13900 15900\")\n        ),\n        pytest.param(\n            \"TD 027\", aksolit_30, 666, 20000, 14000, 16900, 23900,\n            marks=pytest.mark.xfail(reson=\"Цена доставки: 7000 13900 15900\")\n        )\n    ])\n    @pytest.mark.smoke\n    def test_positive_delivery_blue_zone_smoke(\n            self, driver, url, case_id, link_item, amount, weight, standard, in_time, all_time\n    ):\n        allure.dynamic.title(f\"{case_id} Доставка товара весом до {weight}кг. в синей зоне\")\n    \n        driver.get(f'{url}{link_item}')\n        item_page = ItemPage(driver)\n>       item_page.add_item_to_cart(amount).click_on_cart()\n\ntests/delivery/test_delivery_calculation.py:130: \n_ _ _ _ _ _ _ _ _ _ _ _ _ _ _ _ _ _ _ _ _ _ _ _ _ _ _ _ _ _ _ _ _ _ _ _ _ _ _ _ \npages/item_page.py:40: in add_item_to_cart\n    self.find_element(self._add_item).click()\nbase/seleniumbase.py:17: in find_element\n    return self.driver.find_element(*locator)\n/usr/local/lib/python3.11/site-packages/selenium/webdriver/remote/webdriver.py:740: in find_element\n    return self.execute(Command.FIND_ELEMENT, {\"using\": by, \"value\": value})[\"value\"]\n/usr/local/lib/python3.11/site-packages/selenium/webdriver/remote/webdriver.py:346: in execute\n    self.error_handler.check_response(response)\n_ _ _ _ _ _ _ _ _ _ _ _ _ _ _ _ _ _ _ _ _ _ _ _ _ _ _ _ _ _ _ _ _ _ _ _ _ _ _ _ \n\nself = <selenium.webdriver.remote.errorhandler.ErrorHandler object at 0x7f6016244550>\nresponse = {'status': 404, 'value': '{\"value\":{\"error\":\"no such element\",\"message\":\"no such element: Unable to locate element: {\\...\\\\n#16 0x558c6ddf5917 \\\\u003Cunknown>\\\\n#17 0x558c6de06773 \\\\u003Cunknown>\\\\n#18 0x7fd2ce2d3044 \\\\u003Cunknown>\\\\n\"}}'}\n\n    def check_response(self, response: Dict[str, Any]) -> None:\n        \"\"\"Checks that a JSON response from the WebDriver does not have an\n        error.\n    \n        :Args:\n         - response - The JSON response from the WebDriver server as a dictionary\n           object.\n    \n        :Raises: If the response contains an error message.\n        \"\"\"\n        status = response.get(\"status\", None)\n        if not status or status == ErrorCode.SUCCESS:\n            return\n        value = None\n        message = response.get(\"message\", \"\")\n        screen: str = response.get(\"screen\", \"\")\n        stacktrace = None\n        if isinstance(status, int):\n            value_json = response.get(\"value\", None)\n            if value_json and isinstance(value_json, str):\n                import json\n    \n                try:\n                    value = json.loads(value_json)\n                    if len(value) == 1:\n                        value = value[\"value\"]\n                    status = value.get(\"error\", None)\n                    if not status:\n                        status = value.get(\"status\", ErrorCode.UNKNOWN_ERROR)\n                        message = value.get(\"value\") or value.get(\"message\")\n                        if not isinstance(message, str):\n                            value = message\n                            message = message.get(\"message\")\n                    else:\n                        message = value.get(\"message\", None)\n                except ValueError:\n                    pass\n    \n        exception_class: Type[WebDriverException]\n        if status in ErrorCode.NO_SUCH_ELEMENT:\n            exception_class = NoSuchElementException\n        elif status in ErrorCode.NO_SUCH_FRAME:\n            exception_class = NoSuchFrameException\n        elif status in ErrorCode.NO_SUCH_SHADOW_ROOT:\n            exception_class = NoSuchShadowRootException\n        elif status in ErrorCode.NO_SUCH_WINDOW:\n            exception_class = NoSuchWindowException\n        elif status in ErrorCode.STALE_ELEMENT_REFERENCE:\n            exception_class = StaleElementReferenceException\n        elif status in ErrorCode.ELEMENT_NOT_VISIBLE:\n            exception_class = ElementNotVisibleException\n        elif status in ErrorCode.INVALID_ELEMENT_STATE:\n            exception_class = InvalidElementStateException\n        elif (\n            status in ErrorCode.INVALID_SELECTOR\n            or status in ErrorCode.INVALID_XPATH_SELECTOR\n            or status in ErrorCode.INVALID_XPATH_SELECTOR_RETURN_TYPER\n        ):\n            exception_class = InvalidSelectorException\n        elif status in ErrorCode.ELEMENT_IS_NOT_SELECTABLE:\n            exception_class = ElementNotSelectableException\n        elif status in ErrorCode.ELEMENT_NOT_INTERACTABLE:\n            exception_class = ElementNotInteractableException\n        elif status in ErrorCode.INVALID_COOKIE_DOMAIN:\n            exception_class = InvalidCookieDomainException\n        elif status in ErrorCode.UNABLE_TO_SET_COOKIE:\n            exception_class = UnableToSetCookieException\n        elif status in ErrorCode.TIMEOUT:\n            exception_class = TimeoutException\n        elif status in ErrorCode.SCRIPT_TIMEOUT:\n            exception_class = TimeoutException\n        elif status in ErrorCode.UNKNOWN_ERROR:\n            exception_class = WebDriverException\n        elif status in ErrorCode.UNEXPECTED_ALERT_OPEN:\n            exception_class = UnexpectedAlertPresentException\n        elif status in ErrorCode.NO_ALERT_OPEN:\n            exception_class = NoAlertPresentException\n        elif status in ErrorCode.IME_NOT_AVAILABLE:\n            exception_class = ImeNotAvailableException\n        elif status in ErrorCode.IME_ENGINE_ACTIVATION_FAILED:\n            exception_class = ImeActivationFailedException\n        elif status in ErrorCode.MOVE_TARGET_OUT_OF_BOUNDS:\n            exception_class = MoveTargetOutOfBoundsException\n        elif status in ErrorCode.JAVASCRIPT_ERROR:\n            exception_class = JavascriptException\n        elif status in ErrorCode.SESSION_NOT_CREATED:\n            exception_class = SessionNotCreatedException\n        elif status in ErrorCode.INVALID_ARGUMENT:\n            exception_class = InvalidArgumentException\n        elif status in ErrorCode.NO_SUCH_COOKIE:\n            exception_class = NoSuchCookieException\n        elif status in ErrorCode.UNABLE_TO_CAPTURE_SCREEN:\n            exception_class = ScreenshotException\n        elif status in ErrorCode.ELEMENT_CLICK_INTERCEPTED:\n            exception_class = ElementClickInterceptedException\n        elif status in ErrorCode.INSECURE_CERTIFICATE:\n            exception_class = InsecureCertificateException\n        elif status in ErrorCode.INVALID_COORDINATES:\n            exception_class = InvalidCoordinatesException\n        elif status in ErrorCode.INVALID_SESSION_ID:\n            exception_class = InvalidSessionIdException\n        elif status in ErrorCode.UNKNOWN_METHOD:\n            exception_class = UnknownMethodException\n        else:\n            exception_class = WebDriverException\n        if not value:\n            value = response[\"value\"]\n        if isinstance(value, str):\n            raise exception_class(value)\n        if message == \"\" and \"message\" in value:\n            message = value[\"message\"]\n    \n        screen = None  # type: ignore[assignment]\n        if \"screen\" in value:\n            screen = value[\"screen\"]\n    \n        stacktrace = None\n        st_value = value.get(\"stackTrace\") or value.get(\"stacktrace\")\n        if st_value:\n            if isinstance(st_value, str):\n                stacktrace = st_value.split(\"\\n\")\n            else:\n                stacktrace = []\n                try:\n                    for frame in st_value:\n                        line = frame.get(\"lineNumber\", \"\")\n                        file = frame.get(\"fileName\", \"<anonymous>\")\n                        if line:\n                            file = f\"{file}:{line}\"\n                        meth = frame.get(\"methodName\", \"<anonymous>\")\n                        if \"className\" in frame:\n                            meth = f\"{frame['className']}.{meth}\"\n                        msg = \"    at %s (%s)\"\n                        msg = msg % (meth, file)\n                        stacktrace.append(msg)\n                except TypeError:\n                    pass\n        if exception_class == UnexpectedAlertPresentException:\n            alert_text = None\n            if \"data\" in value:\n                alert_text = value[\"data\"].get(\"text\")\n            elif \"alert\" in value:\n                alert_text = value[\"alert\"].get(\"text\")\n            raise exception_class(message, screen, stacktrace, alert_text)  # type: ignore[call-arg]  # mypy is not smart enough here\n>       raise exception_class(message, screen, stacktrace)\nE       selenium.common.exceptions.NoSuchElementException: Message: no such element: Unable to locate element: {\"method\":\"xpath\",\"selector\":\"(//a[@class='add-to-cart yellow-btn'])[1]\"}\nE         (Session info: headless chrome=119.0.6045.105); For documentation on this error, please visit: https://www.selenium.dev/documentation/webdriver/troubleshooting/errors#no-such-element-exception\nE       Stacktrace:\nE       #0 0x558c6de075e3 <unknown>\nE       #1 0x558c6daca0b7 <unknown>\nE       #2 0x558c6db17f53 <unknown>\nE       #3 0x558c6db18051 <unknown>\nE       #4 0x558c6db5d9c4 <unknown>\nE       #5 0x558c6db3ef1d <unknown>\nE       #6 0x558c6db5ab3d <unknown>\nE       #7 0x558c6db3ecc3 <unknown>\nE       #8 0x558c6db0a0e4 <unknown>\nE       #9 0x558c6db0b0ae <unknown>\nE       #10 0x558c6ddcdce1 <unknown>\nE       #11 0x558c6ddd1b7e <unknown>\nE       #12 0x558c6ddbb4b5 <unknown>\nE       #13 0x558c6ddd27d6 <unknown>\nE       #14 0x558c6dd9edbf <unknown>\nE       #15 0x558c6ddf5748 <unknown>\nE       #16 0x558c6ddf5917 <unknown>\nE       #17 0x558c6de06773 <unknown>\nE       #18 0x7fd2ce2d3044 <unknown>\n\n/usr/local/lib/python3.11/site-packages/selenium/webdriver/remote/errorhandler.py:245: NoSuchElementException","steps":[{"name":"Добавляем товар в корзину в количестве 366","time":{"start":1701738728524,"stop":1701738728537,"duration":13},"status":"broken","statusMessage":"selenium.common.exceptions.NoSuchElementException: Message: no such element: Unable to locate element: {\"method\":\"xpath\",\"selector\":\"(//a[@class='add-to-cart yellow-btn'])[1]\"}\n  (Session info: headless chrome=119.0.6045.105); For documentation on this error, please visit: https://www.selenium.dev/documentation/webdriver/troubleshooting/errors#no-such-element-exception\nStacktrace:\n#0 0x558c6de075e3 <unknown>\n#1 0x558c6daca0b7 <unknown>\n#2 0x558c6db17f53 <unknown>\n#3 0x558c6db18051 <unknown>\n#4 0x558c6db5d9c4 <unknown>\n#5 0x558c6db3ef1d <unknown>\n#6 0x558c6db5ab3d <unknown>\n#7 0x558c6db3ecc3 <unknown>\n#8 0x558c6db0a0e4 <unknown>\n#9 0x558c6db0b0ae <unknown>\n#10 0x558c6ddcdce1 <unknown>\n#11 0x558c6ddd1b7e <unknown>\n#12 0x558c6ddbb4b5 <unknown>\n#13 0x558c6ddd27d6 <unknown>\n#14 0x558c6dd9edbf <unknown>\n#15 0x558c6ddf5748 <unknown>\n#16 0x558c6ddf5917 <unknown>\n#17 0x558c6de06773 <unknown>\n#18 0x7fd2ce2d3044 <unknown>\n\n","statusTrace":"  File \"/usr/local/lib/python3.11/site-packages/allure_commons/_allure.py\", line 192, in impl\n    return func(*a, **kw)\n           ^^^^^^^^^^^^^^\n  File \"/app/pages/item_page.py\", line 40, in add_item_to_cart\n    self.find_element(self._add_item).click()\n    ^^^^^^^^^^^^^^^^^^^^^^^^^^^^^^^^^\n  File \"/app/base/seleniumbase.py\", line 17, in find_element\n    return self.driver.find_element(*locator)\n           ^^^^^^^^^^^^^^^^^^^^^^^^^^^^^^^^^^\n  File \"/usr/local/lib/python3.11/site-packages/selenium/webdriver/remote/webdriver.py\", line 740, in find_element\n    return self.execute(Command.FIND_ELEMENT, {\"using\": by, \"value\": value})[\"value\"]\n           ^^^^^^^^^^^^^^^^^^^^^^^^^^^^^^^^^^^^^^^^^^^^^^^^^^^^^^^^^^^^^^^^^\n  File \"/usr/local/lib/python3.11/site-packages/selenium/webdriver/remote/webdriver.py\", line 346, in execute\n    self.error_handler.check_response(response)\n  File \"/usr/local/lib/python3.11/site-packages/selenium/webdriver/remote/errorhandler.py\", line 245, in check_response\n    raise exception_class(message, screen, stacktrace)\n","steps":[],"attachments":[],"parameters":[{"name":"amount","value":"366"}],"shouldDisplayMessage":true,"stepsCount":0,"attachmentsCount":0,"hasContent":true}],"attachments":[{"uid":"ce660475d4fc7ec1","name":"Screenshot","source":"ce660475d4fc7ec1.png","type":"image/png","size":5862},{"uid":"4d3bd3f364ff9f90","name":"HTML source","source":"4d3bd3f364ff9f90.html","type":"text/html","size":39}],"parameters":[],"shouldDisplayMessage":true,"stepsCount":1,"attachmentsCount":2,"hasContent":true},"afterStages":[{"name":"setup::0","time":{"start":1701738728668,"stop":1701738728668,"duration":0},"status":"passed","steps":[],"attachments":[],"parameters":[],"shouldDisplayMessage":false,"stepsCount":0,"attachmentsCount":0,"hasContent":false},{"name":"driver::0","time":{"start":1701738728668,"stop":1701738728724,"duration":56},"status":"passed","steps":[],"attachments":[],"parameters":[],"shouldDisplayMessage":false,"stepsCount":0,"attachmentsCount":0,"hasContent":false}],"labels":[{"name":"epic","value":"Delivery Page - calculation"},{"name":"tag","value":"smoke"},{"name":"tag","value":"@pytest.mark.xfail(reson='Цена доставки: 7000 13900 15900')"},{"name":"parentSuite","value":"tests.delivery"},{"name":"suite","value":"test_delivery_calculation"},{"name":"subSuite","value":"TestDeliveryPageCalculation"},{"name":"host","value":"4aaa0d829301"},{"name":"thread","value":"1-MainThread"},{"name":"framework","value":"pytest"},{"name":"language","value":"cpython3"},{"name":"package","value":"tests.delivery.test_delivery_calculation"},{"name":"resultFormat","value":"allure2"}],"parameters":[{"name":"all_time","value":"19900"},{"name":"amount","value":"366"},{"name":"case_id","value":"'TD 026'"},{"name":"in_time","value":"14900"},{"name":"link_item","value":"'products/shtukaturka-gipsovaya-aksolit-m50-30-kg-mashinnogo-naneseniya'"},{"name":"standard","value":"8000"},{"name":"url","value":"'https://sandboxtest.stroyrem-nn.ru/'"},{"name":"weight","value":"11000"}],"links":[],"hidden":false,"retry":false,"extra":{"severity":"normal","retries":[],"categories":[],"history":{"statistic":{"failed":0,"broken":0,"skipped":97,"passed":0,"unknown":0,"total":97},"items":[{"uid":"11003ae1fc8504f3","reportUrl":"https://zaelcovsky.github.io/StroyremAutomation/160//#testresult/11003ae1fc8504f3","status":"skipped","statusDetails":"XFAIL\n\nselenium.common.exceptions.NoSuchElementException: Message: no such element: Unable to locate element: {\"method\":\"xpath\",\"selector\":\"//input[@class='amount']\"}\n  (Session info: headless chrome=119.0.6045.105); For documentation on this error, please visit: https://www.selenium.dev/documentation/webdriver/troubleshooting/errors#no-such-element-exception\nStacktrace:\n#0 0x556f099ef5e3 <unknown>\n#1 0x556f096b20b7 <unknown>\n#2 0x556f096fff53 <unknown>\n#3 0x556f09700051 <unknown>\n#4 0x556f097459c4 <unknown>\n#5 0x556f09726f1d <unknown>\n#6 0x556f09742b3d <unknown>\n#7 0x556f09726cc3 <unknown>\n#8 0x556f096f20e4 <unknown>\n#9 0x556f096f30ae <unknown>\n#10 0x556f099b5ce1 <unknown>\n#11 0x556f099b9b7e <unknown>\n#12 0x556f099a34b5 <unknown>\n#13 0x556f099ba7d6 <unknown>\n#14 0x556f09986dbf <unknown>\n#15 0x556f099dd748 <unknown>\n#16 0x556f099dd917 <unknown>\n#17 0x556f099ee773 <unknown>\n#18 0x7f085f314044 <unknown>","time":{"start":1701652486252,"stop":1701652490761,"duration":4509}},{"uid":"fee1b72a052d2702","reportUrl":"https://zaelcovsky.github.io/StroyremAutomation/159//#testresult/fee1b72a052d2702","status":"skipped","statusDetails":"XFAIL\n\nselenium.common.exceptions.NoSuchElementException: Message: no such element: Unable to locate element: {\"method\":\"xpath\",\"selector\":\"//input[@class='amount']\"}\n  (Session info: headless chrome=119.0.6045.105); For documentation on this error, please visit: https://www.selenium.dev/documentation/webdriver/troubleshooting/errors#no-such-element-exception\nStacktrace:\n#0 0x55ce7fe455e3 <unknown>\n#1 0x55ce7fb080b7 <unknown>\n#2 0x55ce7fb55f53 <unknown>\n#3 0x55ce7fb56051 <unknown>\n#4 0x55ce7fb9b9c4 <unknown>\n#5 0x55ce7fb7cf1d <unknown>\n#6 0x55ce7fb98b3d <unknown>\n#7 0x55ce7fb7ccc3 <unknown>\n#8 0x55ce7fb480e4 <unknown>\n#9 0x55ce7fb490ae <unknown>\n#10 0x55ce7fe0bce1 <unknown>\n#11 0x55ce7fe0fb7e <unknown>\n#12 0x55ce7fdf94b5 <unknown>\n#13 0x55ce7fe107d6 <unknown>\n#14 0x55ce7fddcdbf <unknown>\n#15 0x55ce7fe33748 <unknown>\n#16 0x55ce7fe33917 <unknown>\n#17 0x55ce7fe44773 <unknown>\n#18 0x7ff7f3ddf044 <unknown>","time":{"start":1701566228421,"stop":1701566232348,"duration":3927}},{"uid":"aad9bec515e5c261","reportUrl":"https://zaelcovsky.github.io/StroyremAutomation/158//#testresult/aad9bec515e5c261","status":"skipped","statusDetails":"XFAIL\n\nselenium.common.exceptions.NoSuchElementException: Message: no such element: Unable to locate element: {\"method\":\"xpath\",\"selector\":\"//input[@class='amount']\"}\n  (Session info: headless chrome=119.0.6045.105); For documentation on this error, please visit: https://www.selenium.dev/documentation/webdriver/troubleshooting/errors#no-such-element-exception\nStacktrace:\n#0 0x562341bba5e3 <unknown>\n#1 0x56234187d0b7 <unknown>\n#2 0x5623418caf53 <unknown>\n#3 0x5623418cb051 <unknown>\n#4 0x5623419109c4 <unknown>\n#5 0x5623418f1f1d <unknown>\n#6 0x56234190db3d <unknown>\n#7 0x5623418f1cc3 <unknown>\n#8 0x5623418bd0e4 <unknown>\n#9 0x5623418be0ae <unknown>\n#10 0x562341b80ce1 <unknown>\n#11 0x562341b84b7e <unknown>\n#12 0x562341b6e4b5 <unknown>\n#13 0x562341b857d6 <unknown>\n#14 0x562341b51dbf <unknown>\n#15 0x562341ba8748 <unknown>\n#16 0x562341ba8917 <unknown>\n#17 0x562341bb9773 <unknown>\n#18 0x7f8306231044 <unknown>","time":{"start":1701479486447,"stop":1701479490337,"duration":3890}},{"uid":"bbbf123dbf1062bb","reportUrl":"https://zaelcovsky.github.io/StroyremAutomation/157//#testresult/bbbf123dbf1062bb","status":"skipped","statusDetails":"XFAIL\n\nselenium.common.exceptions.NoSuchElementException: Message: no such element: Unable to locate element: {\"method\":\"xpath\",\"selector\":\"//input[@class='amount']\"}\n  (Session info: headless chrome=119.0.6045.105); For documentation on this error, please visit: https://www.selenium.dev/documentation/webdriver/troubleshooting/errors#no-such-element-exception\nStacktrace:\n#0 0x5641c88ba5e3 <unknown>\n#1 0x5641c857d0b7 <unknown>\n#2 0x5641c85caf53 <unknown>\n#3 0x5641c85cb051 <unknown>\n#4 0x5641c86109c4 <unknown>\n#5 0x5641c85f1f1d <unknown>\n#6 0x5641c860db3d <unknown>\n#7 0x5641c85f1cc3 <unknown>\n#8 0x5641c85bd0e4 <unknown>\n#9 0x5641c85be0ae <unknown>\n#10 0x5641c8880ce1 <unknown>\n#11 0x5641c8884b7e <unknown>\n#12 0x5641c886e4b5 <unknown>\n#13 0x5641c88857d6 <unknown>\n#14 0x5641c8851dbf <unknown>\n#15 0x5641c88a8748 <unknown>\n#16 0x5641c88a8917 <unknown>\n#17 0x5641c88b9773 <unknown>\n#18 0x7f499f226044 <unknown>","time":{"start":1701393633999,"stop":1701393638673,"duration":4674}},{"uid":"54d2a4b6cd0feab2","reportUrl":"https://zaelcovsky.github.io/StroyremAutomation/156//#testresult/54d2a4b6cd0feab2","status":"skipped","statusDetails":"XFAIL\n\nselenium.common.exceptions.NoSuchElementException: Message: no such element: Unable to locate element: {\"method\":\"xpath\",\"selector\":\"//input[@class='amount']\"}\n  (Session info: headless chrome=119.0.6045.105); For documentation on this error, please visit: https://www.selenium.dev/documentation/webdriver/troubleshooting/errors#no-such-element-exception\nStacktrace:\n#0 0x5615dd6d35e3 <unknown>\n#1 0x5615dd3960b7 <unknown>\n#2 0x5615dd3e3f53 <unknown>\n#3 0x5615dd3e4051 <unknown>\n#4 0x5615dd4299c4 <unknown>\n#5 0x5615dd40af1d <unknown>\n#6 0x5615dd426b3d <unknown>\n#7 0x5615dd40acc3 <unknown>\n#8 0x5615dd3d60e4 <unknown>\n#9 0x5615dd3d70ae <unknown>\n#10 0x5615dd699ce1 <unknown>\n#11 0x5615dd69db7e <unknown>\n#12 0x5615dd6874b5 <unknown>\n#13 0x5615dd69e7d6 <unknown>\n#14 0x5615dd66adbf <unknown>\n#15 0x5615dd6c1748 <unknown>\n#16 0x5615dd6c1917 <unknown>\n#17 0x5615dd6d2773 <unknown>\n#18 0x7f162cb0c044 <unknown>","time":{"start":1701306774460,"stop":1701306778370,"duration":3910}},{"uid":"bc5fc5a1be13c34","reportUrl":"https://zaelcovsky.github.io/StroyremAutomation/155//#testresult/bc5fc5a1be13c34","status":"skipped","statusDetails":"XFAIL\n\nselenium.common.exceptions.NoSuchElementException: Message: no such element: Unable to locate element: {\"method\":\"xpath\",\"selector\":\"//input[@class='amount']\"}\n  (Session info: headless chrome=119.0.6045.105); For documentation on this error, please visit: https://www.selenium.dev/documentation/webdriver/troubleshooting/errors#no-such-element-exception\nStacktrace:\n#0 0x5608a94a85e3 <unknown>\n#1 0x5608a916b0b7 <unknown>\n#2 0x5608a91b8f53 <unknown>\n#3 0x5608a91b9051 <unknown>\n#4 0x5608a91fe9c4 <unknown>\n#5 0x5608a91dff1d <unknown>\n#6 0x5608a91fbb3d <unknown>\n#7 0x5608a91dfcc3 <unknown>\n#8 0x5608a91ab0e4 <unknown>\n#9 0x5608a91ac0ae <unknown>\n#10 0x5608a946ece1 <unknown>\n#11 0x5608a9472b7e <unknown>\n#12 0x5608a945c4b5 <unknown>\n#13 0x5608a94737d6 <unknown>\n#14 0x5608a943fdbf <unknown>\n#15 0x5608a9496748 <unknown>\n#16 0x5608a9496917 <unknown>\n#17 0x5608a94a7773 <unknown>\n#18 0x7f71e5bcc044 <unknown>","time":{"start":1701220388364,"stop":1701220391774,"duration":3410}},{"uid":"9fe91fcc8c728dca","reportUrl":"https://zaelcovsky.github.io/StroyremAutomation/154//#testresult/9fe91fcc8c728dca","status":"skipped","statusDetails":"XFAIL\n\nselenium.common.exceptions.NoSuchElementException: Message: no such element: Unable to locate element: {\"method\":\"xpath\",\"selector\":\"//input[@class='amount']\"}\n  (Session info: headless chrome=119.0.6045.105); For documentation on this error, please visit: https://www.selenium.dev/documentation/webdriver/troubleshooting/errors#no-such-element-exception\nStacktrace:\n#0 0x555c1dffe5e3 <unknown>\n#1 0x555c1dcc10b7 <unknown>\n#2 0x555c1dd0ef53 <unknown>\n#3 0x555c1dd0f051 <unknown>\n#4 0x555c1dd549c4 <unknown>\n#5 0x555c1dd35f1d <unknown>\n#6 0x555c1dd51b3d <unknown>\n#7 0x555c1dd35cc3 <unknown>\n#8 0x555c1dd010e4 <unknown>\n#9 0x555c1dd020ae <unknown>\n#10 0x555c1dfc4ce1 <unknown>\n#11 0x555c1dfc8b7e <unknown>\n#12 0x555c1dfb24b5 <unknown>\n#13 0x555c1dfc97d6 <unknown>\n#14 0x555c1df95dbf <unknown>\n#15 0x555c1dfec748 <unknown>\n#16 0x555c1dfec917 <unknown>\n#17 0x555c1dffd773 <unknown>\n#18 0x7f7269bd1044 <unknown>","time":{"start":1701133998161,"stop":1701134001793,"duration":3632}},{"uid":"3496b42d4b2c20a1","reportUrl":"https://zaelcovsky.github.io/StroyremAutomation/153//#testresult/3496b42d4b2c20a1","status":"skipped","statusDetails":"XFAIL\n\nselenium.common.exceptions.NoSuchElementException: Message: no such element: Unable to locate element: {\"method\":\"xpath\",\"selector\":\"//input[@class='amount']\"}\n  (Session info: headless chrome=119.0.6045.105); For documentation on this error, please visit: https://www.selenium.dev/documentation/webdriver/troubleshooting/errors#no-such-element-exception\nStacktrace:\n#0 0x562bd71c45e3 <unknown>\n#1 0x562bd6e870b7 <unknown>\n#2 0x562bd6ed4f53 <unknown>\n#3 0x562bd6ed5051 <unknown>\n#4 0x562bd6f1a9c4 <unknown>\n#5 0x562bd6efbf1d <unknown>\n#6 0x562bd6f17b3d <unknown>\n#7 0x562bd6efbcc3 <unknown>\n#8 0x562bd6ec70e4 <unknown>\n#9 0x562bd6ec80ae <unknown>\n#10 0x562bd718ace1 <unknown>\n#11 0x562bd718eb7e <unknown>\n#12 0x562bd71784b5 <unknown>\n#13 0x562bd718f7d6 <unknown>\n#14 0x562bd715bdbf <unknown>\n#15 0x562bd71b2748 <unknown>\n#16 0x562bd71b2917 <unknown>\n#17 0x562bd71c3773 <unknown>\n#18 0x7fa2ba49a044 <unknown>","time":{"start":1701047610645,"stop":1701047614715,"duration":4070}},{"uid":"2eea447593d07b44","reportUrl":"https://zaelcovsky.github.io/StroyremAutomation/152//#testresult/2eea447593d07b44","status":"skipped","statusDetails":"XFAIL\n\nselenium.common.exceptions.NoSuchElementException: Message: no such element: Unable to locate element: {\"method\":\"xpath\",\"selector\":\"//input[@class='amount']\"}\n  (Session info: headless chrome=119.0.6045.105); For documentation on this error, please visit: https://www.selenium.dev/documentation/webdriver/troubleshooting/errors#no-such-element-exception\nStacktrace:\n#0 0x5647d318b5e3 <unknown>\n#1 0x5647d2e4e0b7 <unknown>\n#2 0x5647d2e9bf53 <unknown>\n#3 0x5647d2e9c051 <unknown>\n#4 0x5647d2ee19c4 <unknown>\n#5 0x5647d2ec2f1d <unknown>\n#6 0x5647d2edeb3d <unknown>\n#7 0x5647d2ec2cc3 <unknown>\n#8 0x5647d2e8e0e4 <unknown>\n#9 0x5647d2e8f0ae <unknown>\n#10 0x5647d3151ce1 <unknown>\n#11 0x5647d3155b7e <unknown>\n#12 0x5647d313f4b5 <unknown>\n#13 0x5647d31567d6 <unknown>\n#14 0x5647d3122dbf <unknown>\n#15 0x5647d3179748 <unknown>\n#16 0x5647d3179917 <unknown>\n#17 0x5647d318a773 <unknown>\n#18 0x7f8023802044 <unknown>","time":{"start":1700961524437,"stop":1700961529440,"duration":5003}},{"uid":"b71752f705a2a81c","reportUrl":"https://zaelcovsky.github.io/StroyremAutomation/151//#testresult/b71752f705a2a81c","status":"skipped","statusDetails":"XFAIL\n\nselenium.common.exceptions.NoSuchElementException: Message: no such element: Unable to locate element: {\"method\":\"xpath\",\"selector\":\"//input[@class='amount']\"}\n  (Session info: headless chrome=119.0.6045.105); For documentation on this error, please visit: https://www.selenium.dev/documentation/webdriver/troubleshooting/errors#no-such-element-exception\nStacktrace:\n#0 0x55ffe93c85e3 <unknown>\n#1 0x55ffe908b0b7 <unknown>\n#2 0x55ffe90d8f53 <unknown>\n#3 0x55ffe90d9051 <unknown>\n#4 0x55ffe911e9c4 <unknown>\n#5 0x55ffe90fff1d <unknown>\n#6 0x55ffe911bb3d <unknown>\n#7 0x55ffe90ffcc3 <unknown>\n#8 0x55ffe90cb0e4 <unknown>\n#9 0x55ffe90cc0ae <unknown>\n#10 0x55ffe938ece1 <unknown>\n#11 0x55ffe9392b7e <unknown>\n#12 0x55ffe937c4b5 <unknown>\n#13 0x55ffe93937d6 <unknown>\n#14 0x55ffe935fdbf <unknown>\n#15 0x55ffe93b6748 <unknown>\n#16 0x55ffe93b6917 <unknown>\n#17 0x55ffe93c7773 <unknown>\n#18 0x7fc57d08d044 <unknown>","time":{"start":1700874612724,"stop":1700874616124,"duration":3400}},{"uid":"6854058b6f299b38","reportUrl":"https://zaelcovsky.github.io/StroyremAutomation/150//#testresult/6854058b6f299b38","status":"skipped","statusDetails":"XFAIL\n\nselenium.common.exceptions.NoSuchElementException: Message: no such element: Unable to locate element: {\"method\":\"xpath\",\"selector\":\"//input[@class='amount']\"}\n  (Session info: headless chrome=119.0.6045.105); For documentation on this error, please visit: https://www.selenium.dev/documentation/webdriver/troubleshooting/errors#no-such-element-exception\nStacktrace:\n#0 0x556a546285e3 <unknown>\n#1 0x556a542eb0b7 <unknown>\n#2 0x556a54338f53 <unknown>\n#3 0x556a54339051 <unknown>\n#4 0x556a5437e9c4 <unknown>\n#5 0x556a5435ff1d <unknown>\n#6 0x556a5437bb3d <unknown>\n#7 0x556a5435fcc3 <unknown>\n#8 0x556a5432b0e4 <unknown>\n#9 0x556a5432c0ae <unknown>\n#10 0x556a545eece1 <unknown>\n#11 0x556a545f2b7e <unknown>\n#12 0x556a545dc4b5 <unknown>\n#13 0x556a545f37d6 <unknown>\n#14 0x556a545bfdbf <unknown>\n#15 0x556a54616748 <unknown>\n#16 0x556a54616917 <unknown>\n#17 0x556a54627773 <unknown>\n#18 0x7f14422f5044 <unknown>","time":{"start":1700788323401,"stop":1700788327188,"duration":3787}},{"uid":"2fa7e8582cc03e85","reportUrl":"https://zaelcovsky.github.io/StroyremAutomation/149//#testresult/2fa7e8582cc03e85","status":"skipped","statusDetails":"XFAIL\n\nselenium.common.exceptions.NoSuchElementException: Message: no such element: Unable to locate element: {\"method\":\"xpath\",\"selector\":\"//input[@class='amount']\"}\n  (Session info: headless chrome=119.0.6045.105); For documentation on this error, please visit: https://www.selenium.dev/documentation/webdriver/troubleshooting/errors#no-such-element-exception\nStacktrace:\n#0 0x55eeff6855e3 <unknown>\n#1 0x55eeff3480b7 <unknown>\n#2 0x55eeff395f53 <unknown>\n#3 0x55eeff396051 <unknown>\n#4 0x55eeff3db9c4 <unknown>\n#5 0x55eeff3bcf1d <unknown>\n#6 0x55eeff3d8b3d <unknown>\n#7 0x55eeff3bccc3 <unknown>\n#8 0x55eeff3880e4 <unknown>\n#9 0x55eeff3890ae <unknown>\n#10 0x55eeff64bce1 <unknown>\n#11 0x55eeff64fb7e <unknown>\n#12 0x55eeff6394b5 <unknown>\n#13 0x55eeff6507d6 <unknown>\n#14 0x55eeff61cdbf <unknown>\n#15 0x55eeff673748 <unknown>\n#16 0x55eeff673917 <unknown>\n#17 0x55eeff684773 <unknown>\n#18 0x7f1984d86044 <unknown>","time":{"start":1700701917409,"stop":1700701920692,"duration":3283}},{"uid":"9f714370a88a0c15","reportUrl":"https://zaelcovsky.github.io/StroyremAutomation/148//#testresult/9f714370a88a0c15","status":"skipped","statusDetails":"XFAIL\n\nselenium.common.exceptions.NoSuchElementException: Message: no such element: Unable to locate element: {\"method\":\"xpath\",\"selector\":\"//input[@class='amount']\"}\n  (Session info: headless chrome=119.0.6045.105); For documentation on this error, please visit: https://www.selenium.dev/documentation/webdriver/troubleshooting/errors#no-such-element-exception\nStacktrace:\n#0 0x55a23729f5e3 <unknown>\n#1 0x55a236f620b7 <unknown>\n#2 0x55a236faff53 <unknown>\n#3 0x55a236fb0051 <unknown>\n#4 0x55a236ff59c4 <unknown>\n#5 0x55a236fd6f1d <unknown>\n#6 0x55a236ff2b3d <unknown>\n#7 0x55a236fd6cc3 <unknown>\n#8 0x55a236fa20e4 <unknown>\n#9 0x55a236fa30ae <unknown>\n#10 0x55a237265ce1 <unknown>\n#11 0x55a237269b7e <unknown>\n#12 0x55a2372534b5 <unknown>\n#13 0x55a23726a7d6 <unknown>\n#14 0x55a237236dbf <unknown>\n#15 0x55a23728d748 <unknown>\n#16 0x55a23728d917 <unknown>\n#17 0x55a23729e773 <unknown>\n#18 0x7f1e5d499044 <unknown>","time":{"start":1700615658623,"stop":1700615661956,"duration":3333}},{"uid":"3c84ea3f950df93c","reportUrl":"https://zaelcovsky.github.io/StroyremAutomation/147//#testresult/3c84ea3f950df93c","status":"skipped","statusDetails":"XFAIL\n\nselenium.common.exceptions.NoSuchElementException: Message: no such element: Unable to locate element: {\"method\":\"xpath\",\"selector\":\"//input[@class='amount']\"}\n  (Session info: headless chrome=119.0.6045.105); For documentation on this error, please visit: https://www.selenium.dev/documentation/webdriver/troubleshooting/errors#no-such-element-exception\nStacktrace:\n#0 0x555e3102c5e3 <unknown>\n#1 0x555e30cef0b7 <unknown>\n#2 0x555e30d3cf53 <unknown>\n#3 0x555e30d3d051 <unknown>\n#4 0x555e30d829c4 <unknown>\n#5 0x555e30d63f1d <unknown>\n#6 0x555e30d7fb3d <unknown>\n#7 0x555e30d63cc3 <unknown>\n#8 0x555e30d2f0e4 <unknown>\n#9 0x555e30d300ae <unknown>\n#10 0x555e30ff2ce1 <unknown>\n#11 0x555e30ff6b7e <unknown>\n#12 0x555e30fe04b5 <unknown>\n#13 0x555e30ff77d6 <unknown>\n#14 0x555e30fc3dbf <unknown>\n#15 0x555e3101a748 <unknown>\n#16 0x555e3101a917 <unknown>\n#17 0x555e3102b773 <unknown>\n#18 0x7f69b398c044 <unknown>","time":{"start":1700529297528,"stop":1700529301813,"duration":4285}},{"uid":"7f3ef23526423378","reportUrl":"https://zaelcovsky.github.io/StroyremAutomation/146//#testresult/7f3ef23526423378","status":"skipped","statusDetails":"XFAIL\n\nselenium.common.exceptions.NoSuchElementException: Message: no such element: Unable to locate element: {\"method\":\"xpath\",\"selector\":\"//input[@class='amount']\"}\n  (Session info: headless chrome=119.0.6045.105); For documentation on this error, please visit: https://www.selenium.dev/documentation/webdriver/troubleshooting/errors#no-such-element-exception\nStacktrace:\n#0 0x55dc8e6525e3 <unknown>\n#1 0x55dc8e3150b7 <unknown>\n#2 0x55dc8e362f53 <unknown>\n#3 0x55dc8e363051 <unknown>\n#4 0x55dc8e3a89c4 <unknown>\n#5 0x55dc8e389f1d <unknown>\n#6 0x55dc8e3a5b3d <unknown>\n#7 0x55dc8e389cc3 <unknown>\n#8 0x55dc8e3550e4 <unknown>\n#9 0x55dc8e3560ae <unknown>\n#10 0x55dc8e618ce1 <unknown>\n#11 0x55dc8e61cb7e <unknown>\n#12 0x55dc8e6064b5 <unknown>\n#13 0x55dc8e61d7d6 <unknown>\n#14 0x55dc8e5e9dbf <unknown>\n#15 0x55dc8e640748 <unknown>\n#16 0x55dc8e640917 <unknown>\n#17 0x55dc8e651773 <unknown>\n#18 0x7fc6fbc19044 <unknown>","time":{"start":1700442812339,"stop":1700442816250,"duration":3911}},{"uid":"941e0f2e15b3b143","reportUrl":"https://zaelcovsky.github.io/StroyremAutomation/145//#testresult/941e0f2e15b3b143","status":"skipped","statusDetails":"XFAIL\n\nselenium.common.exceptions.NoSuchElementException: Message: no such element: Unable to locate element: {\"method\":\"xpath\",\"selector\":\"//input[@class='amount']\"}\n  (Session info: headless chrome=119.0.6045.105); For documentation on this error, please visit: https://www.selenium.dev/documentation/webdriver/troubleshooting/errors#no-such-element-exception\nStacktrace:\n#0 0x55e3197a85e3 <unknown>\n#1 0x55e31946b0b7 <unknown>\n#2 0x55e3194b8f53 <unknown>\n#3 0x55e3194b9051 <unknown>\n#4 0x55e3194fe9c4 <unknown>\n#5 0x55e3194dff1d <unknown>\n#6 0x55e3194fbb3d <unknown>\n#7 0x55e3194dfcc3 <unknown>\n#8 0x55e3194ab0e4 <unknown>\n#9 0x55e3194ac0ae <unknown>\n#10 0x55e31976ece1 <unknown>\n#11 0x55e319772b7e <unknown>\n#12 0x55e31975c4b5 <unknown>\n#13 0x55e3197737d6 <unknown>\n#14 0x55e31973fdbf <unknown>\n#15 0x55e319796748 <unknown>\n#16 0x55e319796917 <unknown>\n#17 0x55e3197a7773 <unknown>\n#18 0x7fbce2f8a044 <unknown>","time":{"start":1700356601003,"stop":1700356604458,"duration":3455}},{"uid":"5805c363c38b4b2","reportUrl":"https://zaelcovsky.github.io/StroyremAutomation/144//#testresult/5805c363c38b4b2","status":"skipped","statusDetails":"XFAIL\n\nselenium.common.exceptions.NoSuchElementException: Message: no such element: Unable to locate element: {\"method\":\"xpath\",\"selector\":\"//input[@class='amount']\"}\n  (Session info: headless chrome=119.0.6045.105); For documentation on this error, please visit: https://www.selenium.dev/documentation/webdriver/troubleshooting/errors#no-such-element-exception\nStacktrace:\n#0 0x55a577bfb5e3 <unknown>\n#1 0x55a5778be0b7 <unknown>\n#2 0x55a57790bf53 <unknown>\n#3 0x55a57790c051 <unknown>\n#4 0x55a5779519c4 <unknown>\n#5 0x55a577932f1d <unknown>\n#6 0x55a57794eb3d <unknown>\n#7 0x55a577932cc3 <unknown>\n#8 0x55a5778fe0e4 <unknown>\n#9 0x55a5778ff0ae <unknown>\n#10 0x55a577bc1ce1 <unknown>\n#11 0x55a577bc5b7e <unknown>\n#12 0x55a577baf4b5 <unknown>\n#13 0x55a577bc67d6 <unknown>\n#14 0x55a577b92dbf <unknown>\n#15 0x55a577be9748 <unknown>\n#16 0x55a577be9917 <unknown>\n#17 0x55a577bfa773 <unknown>\n#18 0x7f3f045c1044 <unknown>","time":{"start":1700270019541,"stop":1700270024423,"duration":4882}},{"uid":"74902d30123b005b","reportUrl":"https://zaelcovsky.github.io/StroyremAutomation/143//#testresult/74902d30123b005b","status":"skipped","statusDetails":"XFAIL\n\nselenium.common.exceptions.NoSuchElementException: Message: no such element: Unable to locate element: {\"method\":\"xpath\",\"selector\":\"//input[@class='amount']\"}\n  (Session info: headless chrome=119.0.6045.105); For documentation on this error, please visit: https://www.selenium.dev/documentation/webdriver/troubleshooting/errors#no-such-element-exception\nStacktrace:\n#0 0x561a79c795e3 <unknown>\n#1 0x561a7993c0b7 <unknown>\n#2 0x561a79989f53 <unknown>\n#3 0x561a7998a051 <unknown>\n#4 0x561a799cf9c4 <unknown>\n#5 0x561a799b0f1d <unknown>\n#6 0x561a799ccb3d <unknown>\n#7 0x561a799b0cc3 <unknown>\n#8 0x561a7997c0e4 <unknown>\n#9 0x561a7997d0ae <unknown>\n#10 0x561a79c3fce1 <unknown>\n#11 0x561a79c43b7e <unknown>\n#12 0x561a79c2d4b5 <unknown>\n#13 0x561a79c447d6 <unknown>\n#14 0x561a79c10dbf <unknown>\n#15 0x561a79c67748 <unknown>\n#16 0x561a79c67917 <unknown>\n#17 0x561a79c78773 <unknown>\n#18 0x7f75874a4044 <unknown>","time":{"start":1700183631718,"stop":1700183635981,"duration":4263}},{"uid":"9777b66d30e8e35a","reportUrl":"https://zaelcovsky.github.io/StroyremAutomation/142//#testresult/9777b66d30e8e35a","status":"skipped","statusDetails":"XFAIL\n\nselenium.common.exceptions.NoSuchElementException: Message: no such element: Unable to locate element: {\"method\":\"xpath\",\"selector\":\"//input[@class='amount']\"}\n  (Session info: headless chrome=119.0.6045.105); For documentation on this error, please visit: https://www.selenium.dev/documentation/webdriver/troubleshooting/errors#no-such-element-exception\nStacktrace:\n#0 0x55b39e3d05e3 <unknown>\n#1 0x55b39e0930b7 <unknown>\n#2 0x55b39e0e0f53 <unknown>\n#3 0x55b39e0e1051 <unknown>\n#4 0x55b39e1269c4 <unknown>\n#5 0x55b39e107f1d <unknown>\n#6 0x55b39e123b3d <unknown>\n#7 0x55b39e107cc3 <unknown>\n#8 0x55b39e0d30e4 <unknown>\n#9 0x55b39e0d40ae <unknown>\n#10 0x55b39e396ce1 <unknown>\n#11 0x55b39e39ab7e <unknown>\n#12 0x55b39e3844b5 <unknown>\n#13 0x55b39e39b7d6 <unknown>\n#14 0x55b39e367dbf <unknown>\n#15 0x55b39e3be748 <unknown>\n#16 0x55b39e3be917 <unknown>\n#17 0x55b39e3cf773 <unknown>\n#18 0x7ff20d01a044 <unknown>","time":{"start":1700097180038,"stop":1700097183766,"duration":3728}},{"uid":"e80a57f695943da6","reportUrl":"https://zaelcovsky.github.io/StroyremAutomation/141//#testresult/e80a57f695943da6","status":"skipped","statusDetails":"XFAIL\n\nselenium.common.exceptions.NoSuchElementException: Message: no such element: Unable to locate element: {\"method\":\"xpath\",\"selector\":\"//input[@class='amount']\"}\n  (Session info: headless chrome=119.0.6045.105); For documentation on this error, please visit: https://www.selenium.dev/documentation/webdriver/troubleshooting/errors#no-such-element-exception\nStacktrace:\n#0 0x55b0492ff5e3 <unknown>\n#1 0x55b048fc20b7 <unknown>\n#2 0x55b04900ff53 <unknown>\n#3 0x55b049010051 <unknown>\n#4 0x55b0490559c4 <unknown>\n#5 0x55b049036f1d <unknown>\n#6 0x55b049052b3d <unknown>\n#7 0x55b049036cc3 <unknown>\n#8 0x55b0490020e4 <unknown>\n#9 0x55b0490030ae <unknown>\n#10 0x55b0492c5ce1 <unknown>\n#11 0x55b0492c9b7e <unknown>\n#12 0x55b0492b34b5 <unknown>\n#13 0x55b0492ca7d6 <unknown>\n#14 0x55b049296dbf <unknown>\n#15 0x55b0492ed748 <unknown>\n#16 0x55b0492ed917 <unknown>\n#17 0x55b0492fe773 <unknown>\n#18 0x7f8b33aa4044 <unknown>","time":{"start":1700010706272,"stop":1700010710041,"duration":3769}}]},"tags":["@pytest.mark.xfail(reson='Цена доставки: 7000 13900 15900')","smoke"]},"source":"455b860fe6ffdfeb.json","parameterValues":["19900","366","'TD 026'","14900","'products/shtukaturka-gipsovaya-aksolit-m50-30-kg-mashinnogo-naneseniya'","8000","'https://sandboxtest.stroyrem-nn.ru/'","11000"]}