{"uid":"56045744ef3b66a7","name":"TD 015 Доставка товара весом до 30кг. в синей зоне","fullName":"tests.delivery.test_delivery_calculation.TestDeliveryPageCalculation#test_positive_delivery_blue_zone_smoke","historyId":"ae12a59ab9fb9a38e23182dccc7cf409","time":{"start":1701738714068,"stop":1701738714404,"duration":336},"status":"broken","statusMessage":"selenium.common.exceptions.NoSuchElementException: Message: no such element: Unable to locate element: {\"method\":\"xpath\",\"selector\":\"(//a[@class='add-to-cart yellow-btn'])[1]\"}\n  (Session info: headless chrome=119.0.6045.105); For documentation on this error, please visit: https://www.selenium.dev/documentation/webdriver/troubleshooting/errors#no-such-element-exception\nStacktrace:\n#0 0x5634f8b125e3 <unknown>\n#1 0x5634f87d50b7 <unknown>\n#2 0x5634f8822f53 <unknown>\n#3 0x5634f8823051 <unknown>\n#4 0x5634f88689c4 <unknown>\n#5 0x5634f8849f1d <unknown>\n#6 0x5634f8865b3d <unknown>\n#7 0x5634f8849cc3 <unknown>\n#8 0x5634f88150e4 <unknown>\n#9 0x5634f88160ae <unknown>\n#10 0x5634f8ad8ce1 <unknown>\n#11 0x5634f8adcb7e <unknown>\n#12 0x5634f8ac64b5 <unknown>\n#13 0x5634f8add7d6 <unknown>\n#14 0x5634f8aa9dbf <unknown>\n#15 0x5634f8b00748 <unknown>\n#16 0x5634f8b00917 <unknown>\n#17 0x5634f8b11773 <unknown>\n#18 0x7fef58c52044 <unknown>","statusTrace":"self = <tests.delivery.test_delivery_calculation.TestDeliveryPageCalculation object at 0x7f60164a7e90>\ndriver = <selenium.webdriver.chrome.webdriver.WebDriver (session=\"7e306f7d09e40e7edaa56fb7b20e7171\")>\nurl = 'https://sandboxtest.stroyrem-nn.ru/', case_id = 'TD 015'\nlink_item = 'products/shtukaturka-tsementnaya-bergauf-bau-putts-tsement-25kg-56sht'\namount = 1, weight = 30, standard = 650, in_time = 2390, all_time = 3320\n\n    @pytest.mark.parametrize('case_id, link_item, amount, weight, standard, in_time, all_time', [\n        (\"TD 015\", bundeks_25, 1, 30, 650, 2390, 3320),\n        pytest.param(\n            \"TD 016\", aksolit_30, 8, 300, 650, 2390, 3320,\n            marks=pytest.mark.xfail(reson=\"Цена доставки: - - -\")\n        ),\n        (\"TD 017\", aksolit_30, 13, 400, 650, 2390, 3320),\n        (\"TD 018\", aksolit_30, 16, 500, 850, 2490, 3320),\n        (\"TD 019\", aksolit_30, 25, 1700, 1150, 2490, 3320),\n        (\"TD 020\", aksolit_30, 66, 2000, 1500, 2990, 3650),\n        (\"TD 021\", aksolit_30, 149, 4500, 2600, 4380, 4890),\n        (\"TD 022\", aksolit_30, 166, 5000, 2800, 5490, 5980),\n        pytest.param(\n            \"TD 023\", aksolit_30, 206, 6200, 3300, 7500, 8000,\n            marks=pytest.mark.xfail(reson=\"Цена доставки: 4300 9900 11440\")\n        ),\n        (\"TD 024\", aksolit_30, 299, 9000, 4300, 9900, 11440),\n        (\"TD 025\", aksolit_30, 333, 10000, 7000, 13900, 15900),\n        pytest.param(\n            \"TD 026\", aksolit_30, 366, 11000, 8000, 14900, 19900,\n            marks=pytest.mark.xfail(reson=\"Цена доставки: 7000 13900 15900\")\n        ),\n        pytest.param(\n            \"TD 027\", aksolit_30, 666, 20000, 14000, 16900, 23900,\n            marks=pytest.mark.xfail(reson=\"Цена доставки: 7000 13900 15900\")\n        )\n    ])\n    @pytest.mark.smoke\n    def test_positive_delivery_blue_zone_smoke(\n            self, driver, url, case_id, link_item, amount, weight, standard, in_time, all_time\n    ):\n        allure.dynamic.title(f\"{case_id} Доставка товара весом до {weight}кг. в синей зоне\")\n    \n        driver.get(f'{url}{link_item}')\n        item_page = ItemPage(driver)\n>       item_page.add_item_to_cart(amount).click_on_cart()\n\ntests/delivery/test_delivery_calculation.py:130: \n_ _ _ _ _ _ _ _ _ _ _ _ _ _ _ _ _ _ _ _ _ _ _ _ _ _ _ _ _ _ _ _ _ _ _ _ _ _ _ _ \npages/item_page.py:40: in add_item_to_cart\n    self.find_element(self._add_item).click()\nbase/seleniumbase.py:17: in find_element\n    return self.driver.find_element(*locator)\n/usr/local/lib/python3.11/site-packages/selenium/webdriver/remote/webdriver.py:740: in find_element\n    return self.execute(Command.FIND_ELEMENT, {\"using\": by, \"value\": value})[\"value\"]\n/usr/local/lib/python3.11/site-packages/selenium/webdriver/remote/webdriver.py:346: in execute\n    self.error_handler.check_response(response)\n_ _ _ _ _ _ _ _ _ _ _ _ _ _ _ _ _ _ _ _ _ _ _ _ _ _ _ _ _ _ _ _ _ _ _ _ _ _ _ _ \n\nself = <selenium.webdriver.remote.errorhandler.ErrorHandler object at 0x7f6015d10850>\nresponse = {'status': 404, 'value': '{\"value\":{\"error\":\"no such element\",\"message\":\"no such element: Unable to locate element: {\\...\\\\n#16 0x5634f8b00917 \\\\u003Cunknown>\\\\n#17 0x5634f8b11773 \\\\u003Cunknown>\\\\n#18 0x7fef58c52044 \\\\u003Cunknown>\\\\n\"}}'}\n\n    def check_response(self, response: Dict[str, Any]) -> None:\n        \"\"\"Checks that a JSON response from the WebDriver does not have an\n        error.\n    \n        :Args:\n         - response - The JSON response from the WebDriver server as a dictionary\n           object.\n    \n        :Raises: If the response contains an error message.\n        \"\"\"\n        status = response.get(\"status\", None)\n        if not status or status == ErrorCode.SUCCESS:\n            return\n        value = None\n        message = response.get(\"message\", \"\")\n        screen: str = response.get(\"screen\", \"\")\n        stacktrace = None\n        if isinstance(status, int):\n            value_json = response.get(\"value\", None)\n            if value_json and isinstance(value_json, str):\n                import json\n    \n                try:\n                    value = json.loads(value_json)\n                    if len(value) == 1:\n                        value = value[\"value\"]\n                    status = value.get(\"error\", None)\n                    if not status:\n                        status = value.get(\"status\", ErrorCode.UNKNOWN_ERROR)\n                        message = value.get(\"value\") or value.get(\"message\")\n                        if not isinstance(message, str):\n                            value = message\n                            message = message.get(\"message\")\n                    else:\n                        message = value.get(\"message\", None)\n                except ValueError:\n                    pass\n    \n        exception_class: Type[WebDriverException]\n        if status in ErrorCode.NO_SUCH_ELEMENT:\n            exception_class = NoSuchElementException\n        elif status in ErrorCode.NO_SUCH_FRAME:\n            exception_class = NoSuchFrameException\n        elif status in ErrorCode.NO_SUCH_SHADOW_ROOT:\n            exception_class = NoSuchShadowRootException\n        elif status in ErrorCode.NO_SUCH_WINDOW:\n            exception_class = NoSuchWindowException\n        elif status in ErrorCode.STALE_ELEMENT_REFERENCE:\n            exception_class = StaleElementReferenceException\n        elif status in ErrorCode.ELEMENT_NOT_VISIBLE:\n            exception_class = ElementNotVisibleException\n        elif status in ErrorCode.INVALID_ELEMENT_STATE:\n            exception_class = InvalidElementStateException\n        elif (\n            status in ErrorCode.INVALID_SELECTOR\n            or status in ErrorCode.INVALID_XPATH_SELECTOR\n            or status in ErrorCode.INVALID_XPATH_SELECTOR_RETURN_TYPER\n        ):\n            exception_class = InvalidSelectorException\n        elif status in ErrorCode.ELEMENT_IS_NOT_SELECTABLE:\n            exception_class = ElementNotSelectableException\n        elif status in ErrorCode.ELEMENT_NOT_INTERACTABLE:\n            exception_class = ElementNotInteractableException\n        elif status in ErrorCode.INVALID_COOKIE_DOMAIN:\n            exception_class = InvalidCookieDomainException\n        elif status in ErrorCode.UNABLE_TO_SET_COOKIE:\n            exception_class = UnableToSetCookieException\n        elif status in ErrorCode.TIMEOUT:\n            exception_class = TimeoutException\n        elif status in ErrorCode.SCRIPT_TIMEOUT:\n            exception_class = TimeoutException\n        elif status in ErrorCode.UNKNOWN_ERROR:\n            exception_class = WebDriverException\n        elif status in ErrorCode.UNEXPECTED_ALERT_OPEN:\n            exception_class = UnexpectedAlertPresentException\n        elif status in ErrorCode.NO_ALERT_OPEN:\n            exception_class = NoAlertPresentException\n        elif status in ErrorCode.IME_NOT_AVAILABLE:\n            exception_class = ImeNotAvailableException\n        elif status in ErrorCode.IME_ENGINE_ACTIVATION_FAILED:\n            exception_class = ImeActivationFailedException\n        elif status in ErrorCode.MOVE_TARGET_OUT_OF_BOUNDS:\n            exception_class = MoveTargetOutOfBoundsException\n        elif status in ErrorCode.JAVASCRIPT_ERROR:\n            exception_class = JavascriptException\n        elif status in ErrorCode.SESSION_NOT_CREATED:\n            exception_class = SessionNotCreatedException\n        elif status in ErrorCode.INVALID_ARGUMENT:\n            exception_class = InvalidArgumentException\n        elif status in ErrorCode.NO_SUCH_COOKIE:\n            exception_class = NoSuchCookieException\n        elif status in ErrorCode.UNABLE_TO_CAPTURE_SCREEN:\n            exception_class = ScreenshotException\n        elif status in ErrorCode.ELEMENT_CLICK_INTERCEPTED:\n            exception_class = ElementClickInterceptedException\n        elif status in ErrorCode.INSECURE_CERTIFICATE:\n            exception_class = InsecureCertificateException\n        elif status in ErrorCode.INVALID_COORDINATES:\n            exception_class = InvalidCoordinatesException\n        elif status in ErrorCode.INVALID_SESSION_ID:\n            exception_class = InvalidSessionIdException\n        elif status in ErrorCode.UNKNOWN_METHOD:\n            exception_class = UnknownMethodException\n        else:\n            exception_class = WebDriverException\n        if not value:\n            value = response[\"value\"]\n        if isinstance(value, str):\n            raise exception_class(value)\n        if message == \"\" and \"message\" in value:\n            message = value[\"message\"]\n    \n        screen = None  # type: ignore[assignment]\n        if \"screen\" in value:\n            screen = value[\"screen\"]\n    \n        stacktrace = None\n        st_value = value.get(\"stackTrace\") or value.get(\"stacktrace\")\n        if st_value:\n            if isinstance(st_value, str):\n                stacktrace = st_value.split(\"\\n\")\n            else:\n                stacktrace = []\n                try:\n                    for frame in st_value:\n                        line = frame.get(\"lineNumber\", \"\")\n                        file = frame.get(\"fileName\", \"<anonymous>\")\n                        if line:\n                            file = f\"{file}:{line}\"\n                        meth = frame.get(\"methodName\", \"<anonymous>\")\n                        if \"className\" in frame:\n                            meth = f\"{frame['className']}.{meth}\"\n                        msg = \"    at %s (%s)\"\n                        msg = msg % (meth, file)\n                        stacktrace.append(msg)\n                except TypeError:\n                    pass\n        if exception_class == UnexpectedAlertPresentException:\n            alert_text = None\n            if \"data\" in value:\n                alert_text = value[\"data\"].get(\"text\")\n            elif \"alert\" in value:\n                alert_text = value[\"alert\"].get(\"text\")\n            raise exception_class(message, screen, stacktrace, alert_text)  # type: ignore[call-arg]  # mypy is not smart enough here\n>       raise exception_class(message, screen, stacktrace)\nE       selenium.common.exceptions.NoSuchElementException: Message: no such element: Unable to locate element: {\"method\":\"xpath\",\"selector\":\"(//a[@class='add-to-cart yellow-btn'])[1]\"}\nE         (Session info: headless chrome=119.0.6045.105); For documentation on this error, please visit: https://www.selenium.dev/documentation/webdriver/troubleshooting/errors#no-such-element-exception\nE       Stacktrace:\nE       #0 0x5634f8b125e3 <unknown>\nE       #1 0x5634f87d50b7 <unknown>\nE       #2 0x5634f8822f53 <unknown>\nE       #3 0x5634f8823051 <unknown>\nE       #4 0x5634f88689c4 <unknown>\nE       #5 0x5634f8849f1d <unknown>\nE       #6 0x5634f8865b3d <unknown>\nE       #7 0x5634f8849cc3 <unknown>\nE       #8 0x5634f88150e4 <unknown>\nE       #9 0x5634f88160ae <unknown>\nE       #10 0x5634f8ad8ce1 <unknown>\nE       #11 0x5634f8adcb7e <unknown>\nE       #12 0x5634f8ac64b5 <unknown>\nE       #13 0x5634f8add7d6 <unknown>\nE       #14 0x5634f8aa9dbf <unknown>\nE       #15 0x5634f8b00748 <unknown>\nE       #16 0x5634f8b00917 <unknown>\nE       #17 0x5634f8b11773 <unknown>\nE       #18 0x7fef58c52044 <unknown>\n\n/usr/local/lib/python3.11/site-packages/selenium/webdriver/remote/errorhandler.py:245: NoSuchElementException","flaky":false,"newFailed":false,"newBroken":false,"newPassed":false,"retriesCount":0,"retriesStatusChange":false,"beforeStages":[{"name":"_session_faker","time":{"start":1701738306589,"stop":1701738306661,"duration":72},"status":"passed","steps":[],"attachments":[],"parameters":[],"shouldDisplayMessage":false,"stepsCount":0,"attachmentsCount":0,"hasContent":false},{"name":"clear_allure_results_folder","time":{"start":1701738306661,"stop":1701738306661,"duration":0},"status":"passed","steps":[],"attachments":[],"parameters":[],"shouldDisplayMessage":false,"stepsCount":0,"attachmentsCount":0,"hasContent":false},{"name":"driver","time":{"start":1701738713330,"stop":1701738714067,"duration":737},"status":"passed","steps":[],"attachments":[],"parameters":[],"shouldDisplayMessage":false,"stepsCount":0,"attachmentsCount":0,"hasContent":false},{"name":"setup","time":{"start":1701738714067,"stop":1701738714067,"duration":0},"status":"passed","steps":[],"attachments":[],"parameters":[],"shouldDisplayMessage":false,"stepsCount":0,"attachmentsCount":0,"hasContent":false}],"testStage":{"status":"broken","statusMessage":"selenium.common.exceptions.NoSuchElementException: Message: no such element: Unable to locate element: {\"method\":\"xpath\",\"selector\":\"(//a[@class='add-to-cart yellow-btn'])[1]\"}\n  (Session info: headless chrome=119.0.6045.105); For documentation on this error, please visit: https://www.selenium.dev/documentation/webdriver/troubleshooting/errors#no-such-element-exception\nStacktrace:\n#0 0x5634f8b125e3 <unknown>\n#1 0x5634f87d50b7 <unknown>\n#2 0x5634f8822f53 <unknown>\n#3 0x5634f8823051 <unknown>\n#4 0x5634f88689c4 <unknown>\n#5 0x5634f8849f1d <unknown>\n#6 0x5634f8865b3d <unknown>\n#7 0x5634f8849cc3 <unknown>\n#8 0x5634f88150e4 <unknown>\n#9 0x5634f88160ae <unknown>\n#10 0x5634f8ad8ce1 <unknown>\n#11 0x5634f8adcb7e <unknown>\n#12 0x5634f8ac64b5 <unknown>\n#13 0x5634f8add7d6 <unknown>\n#14 0x5634f8aa9dbf <unknown>\n#15 0x5634f8b00748 <unknown>\n#16 0x5634f8b00917 <unknown>\n#17 0x5634f8b11773 <unknown>\n#18 0x7fef58c52044 <unknown>","statusTrace":"self = <tests.delivery.test_delivery_calculation.TestDeliveryPageCalculation object at 0x7f60164a7e90>\ndriver = <selenium.webdriver.chrome.webdriver.WebDriver (session=\"7e306f7d09e40e7edaa56fb7b20e7171\")>\nurl = 'https://sandboxtest.stroyrem-nn.ru/', case_id = 'TD 015'\nlink_item = 'products/shtukaturka-tsementnaya-bergauf-bau-putts-tsement-25kg-56sht'\namount = 1, weight = 30, standard = 650, in_time = 2390, all_time = 3320\n\n    @pytest.mark.parametrize('case_id, link_item, amount, weight, standard, in_time, all_time', [\n        (\"TD 015\", bundeks_25, 1, 30, 650, 2390, 3320),\n        pytest.param(\n            \"TD 016\", aksolit_30, 8, 300, 650, 2390, 3320,\n            marks=pytest.mark.xfail(reson=\"Цена доставки: - - -\")\n        ),\n        (\"TD 017\", aksolit_30, 13, 400, 650, 2390, 3320),\n        (\"TD 018\", aksolit_30, 16, 500, 850, 2490, 3320),\n        (\"TD 019\", aksolit_30, 25, 1700, 1150, 2490, 3320),\n        (\"TD 020\", aksolit_30, 66, 2000, 1500, 2990, 3650),\n        (\"TD 021\", aksolit_30, 149, 4500, 2600, 4380, 4890),\n        (\"TD 022\", aksolit_30, 166, 5000, 2800, 5490, 5980),\n        pytest.param(\n            \"TD 023\", aksolit_30, 206, 6200, 3300, 7500, 8000,\n            marks=pytest.mark.xfail(reson=\"Цена доставки: 4300 9900 11440\")\n        ),\n        (\"TD 024\", aksolit_30, 299, 9000, 4300, 9900, 11440),\n        (\"TD 025\", aksolit_30, 333, 10000, 7000, 13900, 15900),\n        pytest.param(\n            \"TD 026\", aksolit_30, 366, 11000, 8000, 14900, 19900,\n            marks=pytest.mark.xfail(reson=\"Цена доставки: 7000 13900 15900\")\n        ),\n        pytest.param(\n            \"TD 027\", aksolit_30, 666, 20000, 14000, 16900, 23900,\n            marks=pytest.mark.xfail(reson=\"Цена доставки: 7000 13900 15900\")\n        )\n    ])\n    @pytest.mark.smoke\n    def test_positive_delivery_blue_zone_smoke(\n            self, driver, url, case_id, link_item, amount, weight, standard, in_time, all_time\n    ):\n        allure.dynamic.title(f\"{case_id} Доставка товара весом до {weight}кг. в синей зоне\")\n    \n        driver.get(f'{url}{link_item}')\n        item_page = ItemPage(driver)\n>       item_page.add_item_to_cart(amount).click_on_cart()\n\ntests/delivery/test_delivery_calculation.py:130: \n_ _ _ _ _ _ _ _ _ _ _ _ _ _ _ _ _ _ _ _ _ _ _ _ _ _ _ _ _ _ _ _ _ _ _ _ _ _ _ _ \npages/item_page.py:40: in add_item_to_cart\n    self.find_element(self._add_item).click()\nbase/seleniumbase.py:17: in find_element\n    return self.driver.find_element(*locator)\n/usr/local/lib/python3.11/site-packages/selenium/webdriver/remote/webdriver.py:740: in find_element\n    return self.execute(Command.FIND_ELEMENT, {\"using\": by, \"value\": value})[\"value\"]\n/usr/local/lib/python3.11/site-packages/selenium/webdriver/remote/webdriver.py:346: in execute\n    self.error_handler.check_response(response)\n_ _ _ _ _ _ _ _ _ _ _ _ _ _ _ _ _ _ _ _ _ _ _ _ _ _ _ _ _ _ _ _ _ _ _ _ _ _ _ _ \n\nself = <selenium.webdriver.remote.errorhandler.ErrorHandler object at 0x7f6015d10850>\nresponse = {'status': 404, 'value': '{\"value\":{\"error\":\"no such element\",\"message\":\"no such element: Unable to locate element: {\\...\\\\n#16 0x5634f8b00917 \\\\u003Cunknown>\\\\n#17 0x5634f8b11773 \\\\u003Cunknown>\\\\n#18 0x7fef58c52044 \\\\u003Cunknown>\\\\n\"}}'}\n\n    def check_response(self, response: Dict[str, Any]) -> None:\n        \"\"\"Checks that a JSON response from the WebDriver does not have an\n        error.\n    \n        :Args:\n         - response - The JSON response from the WebDriver server as a dictionary\n           object.\n    \n        :Raises: If the response contains an error message.\n        \"\"\"\n        status = response.get(\"status\", None)\n        if not status or status == ErrorCode.SUCCESS:\n            return\n        value = None\n        message = response.get(\"message\", \"\")\n        screen: str = response.get(\"screen\", \"\")\n        stacktrace = None\n        if isinstance(status, int):\n            value_json = response.get(\"value\", None)\n            if value_json and isinstance(value_json, str):\n                import json\n    \n                try:\n                    value = json.loads(value_json)\n                    if len(value) == 1:\n                        value = value[\"value\"]\n                    status = value.get(\"error\", None)\n                    if not status:\n                        status = value.get(\"status\", ErrorCode.UNKNOWN_ERROR)\n                        message = value.get(\"value\") or value.get(\"message\")\n                        if not isinstance(message, str):\n                            value = message\n                            message = message.get(\"message\")\n                    else:\n                        message = value.get(\"message\", None)\n                except ValueError:\n                    pass\n    \n        exception_class: Type[WebDriverException]\n        if status in ErrorCode.NO_SUCH_ELEMENT:\n            exception_class = NoSuchElementException\n        elif status in ErrorCode.NO_SUCH_FRAME:\n            exception_class = NoSuchFrameException\n        elif status in ErrorCode.NO_SUCH_SHADOW_ROOT:\n            exception_class = NoSuchShadowRootException\n        elif status in ErrorCode.NO_SUCH_WINDOW:\n            exception_class = NoSuchWindowException\n        elif status in ErrorCode.STALE_ELEMENT_REFERENCE:\n            exception_class = StaleElementReferenceException\n        elif status in ErrorCode.ELEMENT_NOT_VISIBLE:\n            exception_class = ElementNotVisibleException\n        elif status in ErrorCode.INVALID_ELEMENT_STATE:\n            exception_class = InvalidElementStateException\n        elif (\n            status in ErrorCode.INVALID_SELECTOR\n            or status in ErrorCode.INVALID_XPATH_SELECTOR\n            or status in ErrorCode.INVALID_XPATH_SELECTOR_RETURN_TYPER\n        ):\n            exception_class = InvalidSelectorException\n        elif status in ErrorCode.ELEMENT_IS_NOT_SELECTABLE:\n            exception_class = ElementNotSelectableException\n        elif status in ErrorCode.ELEMENT_NOT_INTERACTABLE:\n            exception_class = ElementNotInteractableException\n        elif status in ErrorCode.INVALID_COOKIE_DOMAIN:\n            exception_class = InvalidCookieDomainException\n        elif status in ErrorCode.UNABLE_TO_SET_COOKIE:\n            exception_class = UnableToSetCookieException\n        elif status in ErrorCode.TIMEOUT:\n            exception_class = TimeoutException\n        elif status in ErrorCode.SCRIPT_TIMEOUT:\n            exception_class = TimeoutException\n        elif status in ErrorCode.UNKNOWN_ERROR:\n            exception_class = WebDriverException\n        elif status in ErrorCode.UNEXPECTED_ALERT_OPEN:\n            exception_class = UnexpectedAlertPresentException\n        elif status in ErrorCode.NO_ALERT_OPEN:\n            exception_class = NoAlertPresentException\n        elif status in ErrorCode.IME_NOT_AVAILABLE:\n            exception_class = ImeNotAvailableException\n        elif status in ErrorCode.IME_ENGINE_ACTIVATION_FAILED:\n            exception_class = ImeActivationFailedException\n        elif status in ErrorCode.MOVE_TARGET_OUT_OF_BOUNDS:\n            exception_class = MoveTargetOutOfBoundsException\n        elif status in ErrorCode.JAVASCRIPT_ERROR:\n            exception_class = JavascriptException\n        elif status in ErrorCode.SESSION_NOT_CREATED:\n            exception_class = SessionNotCreatedException\n        elif status in ErrorCode.INVALID_ARGUMENT:\n            exception_class = InvalidArgumentException\n        elif status in ErrorCode.NO_SUCH_COOKIE:\n            exception_class = NoSuchCookieException\n        elif status in ErrorCode.UNABLE_TO_CAPTURE_SCREEN:\n            exception_class = ScreenshotException\n        elif status in ErrorCode.ELEMENT_CLICK_INTERCEPTED:\n            exception_class = ElementClickInterceptedException\n        elif status in ErrorCode.INSECURE_CERTIFICATE:\n            exception_class = InsecureCertificateException\n        elif status in ErrorCode.INVALID_COORDINATES:\n            exception_class = InvalidCoordinatesException\n        elif status in ErrorCode.INVALID_SESSION_ID:\n            exception_class = InvalidSessionIdException\n        elif status in ErrorCode.UNKNOWN_METHOD:\n            exception_class = UnknownMethodException\n        else:\n            exception_class = WebDriverException\n        if not value:\n            value = response[\"value\"]\n        if isinstance(value, str):\n            raise exception_class(value)\n        if message == \"\" and \"message\" in value:\n            message = value[\"message\"]\n    \n        screen = None  # type: ignore[assignment]\n        if \"screen\" in value:\n            screen = value[\"screen\"]\n    \n        stacktrace = None\n        st_value = value.get(\"stackTrace\") or value.get(\"stacktrace\")\n        if st_value:\n            if isinstance(st_value, str):\n                stacktrace = st_value.split(\"\\n\")\n            else:\n                stacktrace = []\n                try:\n                    for frame in st_value:\n                        line = frame.get(\"lineNumber\", \"\")\n                        file = frame.get(\"fileName\", \"<anonymous>\")\n                        if line:\n                            file = f\"{file}:{line}\"\n                        meth = frame.get(\"methodName\", \"<anonymous>\")\n                        if \"className\" in frame:\n                            meth = f\"{frame['className']}.{meth}\"\n                        msg = \"    at %s (%s)\"\n                        msg = msg % (meth, file)\n                        stacktrace.append(msg)\n                except TypeError:\n                    pass\n        if exception_class == UnexpectedAlertPresentException:\n            alert_text = None\n            if \"data\" in value:\n                alert_text = value[\"data\"].get(\"text\")\n            elif \"alert\" in value:\n                alert_text = value[\"alert\"].get(\"text\")\n            raise exception_class(message, screen, stacktrace, alert_text)  # type: ignore[call-arg]  # mypy is not smart enough here\n>       raise exception_class(message, screen, stacktrace)\nE       selenium.common.exceptions.NoSuchElementException: Message: no such element: Unable to locate element: {\"method\":\"xpath\",\"selector\":\"(//a[@class='add-to-cart yellow-btn'])[1]\"}\nE         (Session info: headless chrome=119.0.6045.105); For documentation on this error, please visit: https://www.selenium.dev/documentation/webdriver/troubleshooting/errors#no-such-element-exception\nE       Stacktrace:\nE       #0 0x5634f8b125e3 <unknown>\nE       #1 0x5634f87d50b7 <unknown>\nE       #2 0x5634f8822f53 <unknown>\nE       #3 0x5634f8823051 <unknown>\nE       #4 0x5634f88689c4 <unknown>\nE       #5 0x5634f8849f1d <unknown>\nE       #6 0x5634f8865b3d <unknown>\nE       #7 0x5634f8849cc3 <unknown>\nE       #8 0x5634f88150e4 <unknown>\nE       #9 0x5634f88160ae <unknown>\nE       #10 0x5634f8ad8ce1 <unknown>\nE       #11 0x5634f8adcb7e <unknown>\nE       #12 0x5634f8ac64b5 <unknown>\nE       #13 0x5634f8add7d6 <unknown>\nE       #14 0x5634f8aa9dbf <unknown>\nE       #15 0x5634f8b00748 <unknown>\nE       #16 0x5634f8b00917 <unknown>\nE       #17 0x5634f8b11773 <unknown>\nE       #18 0x7fef58c52044 <unknown>\n\n/usr/local/lib/python3.11/site-packages/selenium/webdriver/remote/errorhandler.py:245: NoSuchElementException","steps":[{"name":"Добавляем товар в корзину в количестве 1","time":{"start":1701738714392,"stop":1701738714404,"duration":12},"status":"broken","statusMessage":"selenium.common.exceptions.NoSuchElementException: Message: no such element: Unable to locate element: {\"method\":\"xpath\",\"selector\":\"(//a[@class='add-to-cart yellow-btn'])[1]\"}\n  (Session info: headless chrome=119.0.6045.105); For documentation on this error, please visit: https://www.selenium.dev/documentation/webdriver/troubleshooting/errors#no-such-element-exception\nStacktrace:\n#0 0x5634f8b125e3 <unknown>\n#1 0x5634f87d50b7 <unknown>\n#2 0x5634f8822f53 <unknown>\n#3 0x5634f8823051 <unknown>\n#4 0x5634f88689c4 <unknown>\n#5 0x5634f8849f1d <unknown>\n#6 0x5634f8865b3d <unknown>\n#7 0x5634f8849cc3 <unknown>\n#8 0x5634f88150e4 <unknown>\n#9 0x5634f88160ae <unknown>\n#10 0x5634f8ad8ce1 <unknown>\n#11 0x5634f8adcb7e <unknown>\n#12 0x5634f8ac64b5 <unknown>\n#13 0x5634f8add7d6 <unknown>\n#14 0x5634f8aa9dbf <unknown>\n#15 0x5634f8b00748 <unknown>\n#16 0x5634f8b00917 <unknown>\n#17 0x5634f8b11773 <unknown>\n#18 0x7fef58c52044 <unknown>\n\n","statusTrace":"  File \"/usr/local/lib/python3.11/site-packages/allure_commons/_allure.py\", line 192, in impl\n    return func(*a, **kw)\n           ^^^^^^^^^^^^^^\n  File \"/app/pages/item_page.py\", line 40, in add_item_to_cart\n    self.find_element(self._add_item).click()\n    ^^^^^^^^^^^^^^^^^^^^^^^^^^^^^^^^^\n  File \"/app/base/seleniumbase.py\", line 17, in find_element\n    return self.driver.find_element(*locator)\n           ^^^^^^^^^^^^^^^^^^^^^^^^^^^^^^^^^^\n  File \"/usr/local/lib/python3.11/site-packages/selenium/webdriver/remote/webdriver.py\", line 740, in find_element\n    return self.execute(Command.FIND_ELEMENT, {\"using\": by, \"value\": value})[\"value\"]\n           ^^^^^^^^^^^^^^^^^^^^^^^^^^^^^^^^^^^^^^^^^^^^^^^^^^^^^^^^^^^^^^^^^\n  File \"/usr/local/lib/python3.11/site-packages/selenium/webdriver/remote/webdriver.py\", line 346, in execute\n    self.error_handler.check_response(response)\n  File \"/usr/local/lib/python3.11/site-packages/selenium/webdriver/remote/errorhandler.py\", line 245, in check_response\n    raise exception_class(message, screen, stacktrace)\n","steps":[],"attachments":[],"parameters":[{"name":"amount","value":"1"}],"shouldDisplayMessage":true,"stepsCount":0,"attachmentsCount":0,"hasContent":true}],"attachments":[{"uid":"654f457759960ea0","name":"Screenshot","source":"654f457759960ea0.png","type":"image/png","size":5862},{"uid":"37a8360ed4778b29","name":"HTML source","source":"37a8360ed4778b29.html","type":"text/html","size":39}],"parameters":[],"shouldDisplayMessage":true,"stepsCount":1,"attachmentsCount":2,"hasContent":true},"afterStages":[{"name":"driver::0","time":{"start":1701738714520,"stop":1701738714577,"duration":57},"status":"passed","steps":[],"attachments":[],"parameters":[],"shouldDisplayMessage":false,"stepsCount":0,"attachmentsCount":0,"hasContent":false},{"name":"setup::0","time":{"start":1701738714520,"stop":1701738714520,"duration":0},"status":"passed","steps":[],"attachments":[],"parameters":[],"shouldDisplayMessage":false,"stepsCount":0,"attachmentsCount":0,"hasContent":false}],"labels":[{"name":"epic","value":"Delivery Page - calculation"},{"name":"tag","value":"smoke"},{"name":"parentSuite","value":"tests.delivery"},{"name":"suite","value":"test_delivery_calculation"},{"name":"subSuite","value":"TestDeliveryPageCalculation"},{"name":"host","value":"4aaa0d829301"},{"name":"thread","value":"1-MainThread"},{"name":"framework","value":"pytest"},{"name":"language","value":"cpython3"},{"name":"package","value":"tests.delivery.test_delivery_calculation"},{"name":"resultFormat","value":"allure2"}],"parameters":[{"name":"all_time","value":"3320"},{"name":"amount","value":"1"},{"name":"case_id","value":"'TD 015'"},{"name":"in_time","value":"2390"},{"name":"link_item","value":"'products/shtukaturka-tsementnaya-bergauf-bau-putts-tsement-25kg-56sht'"},{"name":"standard","value":"650"},{"name":"url","value":"'https://sandboxtest.stroyrem-nn.ru/'"},{"name":"weight","value":"30"}],"links":[],"hidden":false,"retry":false,"extra":{"severity":"normal","retries":[],"categories":[{"name":"Test defects","matchedStatuses":[],"flaky":false}],"history":{"statistic":{"failed":0,"broken":97,"skipped":0,"passed":0,"unknown":0,"total":97},"items":[{"uid":"25ef4d5b9abbb919","reportUrl":"https://zaelcovsky.github.io/StroyremAutomation/160//#testresult/25ef4d5b9abbb919","status":"broken","statusDetails":"selenium.common.exceptions.NoSuchElementException: Message: no such element: Unable to locate element: {\"method\":\"xpath\",\"selector\":\"//input[@class='amount']\"}\n  (Session info: headless chrome=119.0.6045.105); For documentation on this error, please visit: https://www.selenium.dev/documentation/webdriver/troubleshooting/errors#no-such-element-exception\nStacktrace:\n#0 0x5614ea29a5e3 <unknown>\n#1 0x5614e9f5d0b7 <unknown>\n#2 0x5614e9faaf53 <unknown>\n#3 0x5614e9fab051 <unknown>\n#4 0x5614e9ff09c4 <unknown>\n#5 0x5614e9fd1f1d <unknown>\n#6 0x5614e9fedb3d <unknown>\n#7 0x5614e9fd1cc3 <unknown>\n#8 0x5614e9f9d0e4 <unknown>\n#9 0x5614e9f9e0ae <unknown>\n#10 0x5614ea260ce1 <unknown>\n#11 0x5614ea264b7e <unknown>\n#12 0x5614ea24e4b5 <unknown>\n#13 0x5614ea2657d6 <unknown>\n#14 0x5614ea231dbf <unknown>\n#15 0x5614ea288748 <unknown>\n#16 0x5614ea288917 <unknown>\n#17 0x5614ea299773 <unknown>\n#18 0x7fc7f37c3044 <unknown>","time":{"start":1701652424974,"stop":1701652429596,"duration":4622}},{"uid":"b84e55d445132cef","reportUrl":"https://zaelcovsky.github.io/StroyremAutomation/159//#testresult/b84e55d445132cef","status":"broken","statusDetails":"selenium.common.exceptions.NoSuchElementException: Message: no such element: Unable to locate element: {\"method\":\"xpath\",\"selector\":\"//input[@class='amount']\"}\n  (Session info: headless chrome=119.0.6045.105); For documentation on this error, please visit: https://www.selenium.dev/documentation/webdriver/troubleshooting/errors#no-such-element-exception\nStacktrace:\n#0 0x55d29b6585e3 <unknown>\n#1 0x55d29b31b0b7 <unknown>\n#2 0x55d29b368f53 <unknown>\n#3 0x55d29b369051 <unknown>\n#4 0x55d29b3ae9c4 <unknown>\n#5 0x55d29b38ff1d <unknown>\n#6 0x55d29b3abb3d <unknown>\n#7 0x55d29b38fcc3 <unknown>\n#8 0x55d29b35b0e4 <unknown>\n#9 0x55d29b35c0ae <unknown>\n#10 0x55d29b61ece1 <unknown>\n#11 0x55d29b622b7e <unknown>\n#12 0x55d29b60c4b5 <unknown>\n#13 0x55d29b6237d6 <unknown>\n#14 0x55d29b5efdbf <unknown>\n#15 0x55d29b646748 <unknown>\n#16 0x55d29b646917 <unknown>\n#17 0x55d29b657773 <unknown>\n#18 0x7f747b59a044 <unknown>","time":{"start":1701566175746,"stop":1701566179526,"duration":3780}},{"uid":"e51b7f0f350d070a","reportUrl":"https://zaelcovsky.github.io/StroyremAutomation/158//#testresult/e51b7f0f350d070a","status":"broken","statusDetails":"selenium.common.exceptions.NoSuchElementException: Message: no such element: Unable to locate element: {\"method\":\"xpath\",\"selector\":\"//input[@class='amount']\"}\n  (Session info: headless chrome=119.0.6045.105); For documentation on this error, please visit: https://www.selenium.dev/documentation/webdriver/troubleshooting/errors#no-such-element-exception\nStacktrace:\n#0 0x560ac98275e3 <unknown>\n#1 0x560ac94ea0b7 <unknown>\n#2 0x560ac9537f53 <unknown>\n#3 0x560ac9538051 <unknown>\n#4 0x560ac957d9c4 <unknown>\n#5 0x560ac955ef1d <unknown>\n#6 0x560ac957ab3d <unknown>\n#7 0x560ac955ecc3 <unknown>\n#8 0x560ac952a0e4 <unknown>\n#9 0x560ac952b0ae <unknown>\n#10 0x560ac97edce1 <unknown>\n#11 0x560ac97f1b7e <unknown>\n#12 0x560ac97db4b5 <unknown>\n#13 0x560ac97f27d6 <unknown>\n#14 0x560ac97bedbf <unknown>\n#15 0x560ac9815748 <unknown>\n#16 0x560ac9815917 <unknown>\n#17 0x560ac9826773 <unknown>\n#18 0x7fc2bb675044 <unknown>","time":{"start":1701479432835,"stop":1701479436517,"duration":3682}},{"uid":"5e138ad1f191d49e","reportUrl":"https://zaelcovsky.github.io/StroyremAutomation/157//#testresult/5e138ad1f191d49e","status":"broken","statusDetails":"selenium.common.exceptions.NoSuchElementException: Message: no such element: Unable to locate element: {\"method\":\"xpath\",\"selector\":\"//input[@class='amount']\"}\n  (Session info: headless chrome=119.0.6045.105); For documentation on this error, please visit: https://www.selenium.dev/documentation/webdriver/troubleshooting/errors#no-such-element-exception\nStacktrace:\n#0 0x55b89a0d35e3 <unknown>\n#1 0x55b899d960b7 <unknown>\n#2 0x55b899de3f53 <unknown>\n#3 0x55b899de4051 <unknown>\n#4 0x55b899e299c4 <unknown>\n#5 0x55b899e0af1d <unknown>\n#6 0x55b899e26b3d <unknown>\n#7 0x55b899e0acc3 <unknown>\n#8 0x55b899dd60e4 <unknown>\n#9 0x55b899dd70ae <unknown>\n#10 0x55b89a099ce1 <unknown>\n#11 0x55b89a09db7e <unknown>\n#12 0x55b89a0874b5 <unknown>\n#13 0x55b89a09e7d6 <unknown>\n#14 0x55b89a06adbf <unknown>\n#15 0x55b89a0c1748 <unknown>\n#16 0x55b89a0c1917 <unknown>\n#17 0x55b89a0d2773 <unknown>\n#18 0x7f2e8f61e044 <unknown>","time":{"start":1701393570582,"stop":1701393575462,"duration":4880}},{"uid":"af12540f76ee697c","reportUrl":"https://zaelcovsky.github.io/StroyremAutomation/156//#testresult/af12540f76ee697c","status":"broken","statusDetails":"selenium.common.exceptions.NoSuchElementException: Message: no such element: Unable to locate element: {\"method\":\"xpath\",\"selector\":\"//input[@class='amount']\"}\n  (Session info: headless chrome=119.0.6045.105); For documentation on this error, please visit: https://www.selenium.dev/documentation/webdriver/troubleshooting/errors#no-such-element-exception\nStacktrace:\n#0 0x557a384ed5e3 <unknown>\n#1 0x557a381b00b7 <unknown>\n#2 0x557a381fdf53 <unknown>\n#3 0x557a381fe051 <unknown>\n#4 0x557a382439c4 <unknown>\n#5 0x557a38224f1d <unknown>\n#6 0x557a38240b3d <unknown>\n#7 0x557a38224cc3 <unknown>\n#8 0x557a381f00e4 <unknown>\n#9 0x557a381f10ae <unknown>\n#10 0x557a384b3ce1 <unknown>\n#11 0x557a384b7b7e <unknown>\n#12 0x557a384a14b5 <unknown>\n#13 0x557a384b87d6 <unknown>\n#14 0x557a38484dbf <unknown>\n#15 0x557a384db748 <unknown>\n#16 0x557a384db917 <unknown>\n#17 0x557a384ec773 <unknown>\n#18 0x7f237d972044 <unknown>","time":{"start":1701306722173,"stop":1701306726077,"duration":3904}},{"uid":"43059a4ddd8916ca","reportUrl":"https://zaelcovsky.github.io/StroyremAutomation/155//#testresult/43059a4ddd8916ca","status":"broken","statusDetails":"selenium.common.exceptions.NoSuchElementException: Message: no such element: Unable to locate element: {\"method\":\"xpath\",\"selector\":\"//input[@class='amount']\"}\n  (Session info: headless chrome=119.0.6045.105); For documentation on this error, please visit: https://www.selenium.dev/documentation/webdriver/troubleshooting/errors#no-such-element-exception\nStacktrace:\n#0 0x55fe6fee45e3 <unknown>\n#1 0x55fe6fba70b7 <unknown>\n#2 0x55fe6fbf4f53 <unknown>\n#3 0x55fe6fbf5051 <unknown>\n#4 0x55fe6fc3a9c4 <unknown>\n#5 0x55fe6fc1bf1d <unknown>\n#6 0x55fe6fc37b3d <unknown>\n#7 0x55fe6fc1bcc3 <unknown>\n#8 0x55fe6fbe70e4 <unknown>\n#9 0x55fe6fbe80ae <unknown>\n#10 0x55fe6feaace1 <unknown>\n#11 0x55fe6feaeb7e <unknown>\n#12 0x55fe6fe984b5 <unknown>\n#13 0x55fe6feaf7d6 <unknown>\n#14 0x55fe6fe7bdbf <unknown>\n#15 0x55fe6fed2748 <unknown>\n#16 0x55fe6fed2917 <unknown>\n#17 0x55fe6fee3773 <unknown>\n#18 0x7f89d58d8044 <unknown>","time":{"start":1701220339901,"stop":1701220343298,"duration":3397}},{"uid":"a19160cd8a2493c6","reportUrl":"https://zaelcovsky.github.io/StroyremAutomation/154//#testresult/a19160cd8a2493c6","status":"broken","statusDetails":"selenium.common.exceptions.NoSuchElementException: Message: no such element: Unable to locate element: {\"method\":\"xpath\",\"selector\":\"//input[@class='amount']\"}\n  (Session info: headless chrome=119.0.6045.105); For documentation on this error, please visit: https://www.selenium.dev/documentation/webdriver/troubleshooting/errors#no-such-element-exception\nStacktrace:\n#0 0x5646983485e3 <unknown>\n#1 0x56469800b0b7 <unknown>\n#2 0x564698058f53 <unknown>\n#3 0x564698059051 <unknown>\n#4 0x56469809e9c4 <unknown>\n#5 0x56469807ff1d <unknown>\n#6 0x56469809bb3d <unknown>\n#7 0x56469807fcc3 <unknown>\n#8 0x56469804b0e4 <unknown>\n#9 0x56469804c0ae <unknown>\n#10 0x56469830ece1 <unknown>\n#11 0x564698312b7e <unknown>\n#12 0x5646982fc4b5 <unknown>\n#13 0x5646983137d6 <unknown>\n#14 0x5646982dfdbf <unknown>\n#15 0x564698336748 <unknown>\n#16 0x564698336917 <unknown>\n#17 0x564698347773 <unknown>\n#18 0x7f0f20aca044 <unknown>","time":{"start":1701133948423,"stop":1701133951692,"duration":3269}},{"uid":"3367d58d37dfdbda","reportUrl":"https://zaelcovsky.github.io/StroyremAutomation/153//#testresult/3367d58d37dfdbda","status":"broken","statusDetails":"selenium.common.exceptions.NoSuchElementException: Message: no such element: Unable to locate element: {\"method\":\"xpath\",\"selector\":\"//input[@class='amount']\"}\n  (Session info: headless chrome=119.0.6045.105); For documentation on this error, please visit: https://www.selenium.dev/documentation/webdriver/troubleshooting/errors#no-such-element-exception\nStacktrace:\n#0 0x555891aea5e3 <unknown>\n#1 0x5558917ad0b7 <unknown>\n#2 0x5558917faf53 <unknown>\n#3 0x5558917fb051 <unknown>\n#4 0x5558918409c4 <unknown>\n#5 0x555891821f1d <unknown>\n#6 0x55589183db3d <unknown>\n#7 0x555891821cc3 <unknown>\n#8 0x5558917ed0e4 <unknown>\n#9 0x5558917ee0ae <unknown>\n#10 0x555891ab0ce1 <unknown>\n#11 0x555891ab4b7e <unknown>\n#12 0x555891a9e4b5 <unknown>\n#13 0x555891ab57d6 <unknown>\n#14 0x555891a81dbf <unknown>\n#15 0x555891ad8748 <unknown>\n#16 0x555891ad8917 <unknown>\n#17 0x555891ae9773 <unknown>\n#18 0x7f9624652044 <unknown>","time":{"start":1701047559480,"stop":1701047563277,"duration":3797}},{"uid":"a1a2dcbb532eab0f","reportUrl":"https://zaelcovsky.github.io/StroyremAutomation/152//#testresult/a1a2dcbb532eab0f","status":"broken","statusDetails":"selenium.common.exceptions.NoSuchElementException: Message: no such element: Unable to locate element: {\"method\":\"xpath\",\"selector\":\"//input[@class='amount']\"}\n  (Session info: headless chrome=119.0.6045.105); For documentation on this error, please visit: https://www.selenium.dev/documentation/webdriver/troubleshooting/errors#no-such-element-exception\nStacktrace:\n#0 0x55e46a8b85e3 <unknown>\n#1 0x55e46a57b0b7 <unknown>\n#2 0x55e46a5c8f53 <unknown>\n#3 0x55e46a5c9051 <unknown>\n#4 0x55e46a60e9c4 <unknown>\n#5 0x55e46a5eff1d <unknown>\n#6 0x55e46a60bb3d <unknown>\n#7 0x55e46a5efcc3 <unknown>\n#8 0x55e46a5bb0e4 <unknown>\n#9 0x55e46a5bc0ae <unknown>\n#10 0x55e46a87ece1 <unknown>\n#11 0x55e46a882b7e <unknown>\n#12 0x55e46a86c4b5 <unknown>\n#13 0x55e46a8837d6 <unknown>\n#14 0x55e46a84fdbf <unknown>\n#15 0x55e46a8a6748 <unknown>\n#16 0x55e46a8a6917 <unknown>\n#17 0x55e46a8b7773 <unknown>\n#18 0x7f8fd83a9044 <unknown>","time":{"start":1700961460562,"stop":1700961465615,"duration":5053}},{"uid":"85087cd78588d036","reportUrl":"https://zaelcovsky.github.io/StroyremAutomation/151//#testresult/85087cd78588d036","status":"broken","statusDetails":"selenium.common.exceptions.NoSuchElementException: Message: no such element: Unable to locate element: {\"method\":\"xpath\",\"selector\":\"//input[@class='amount']\"}\n  (Session info: headless chrome=119.0.6045.105); For documentation on this error, please visit: https://www.selenium.dev/documentation/webdriver/troubleshooting/errors#no-such-element-exception\nStacktrace:\n#0 0x56279e91b5e3 <unknown>\n#1 0x56279e5de0b7 <unknown>\n#2 0x56279e62bf53 <unknown>\n#3 0x56279e62c051 <unknown>\n#4 0x56279e6719c4 <unknown>\n#5 0x56279e652f1d <unknown>\n#6 0x56279e66eb3d <unknown>\n#7 0x56279e652cc3 <unknown>\n#8 0x56279e61e0e4 <unknown>\n#9 0x56279e61f0ae <unknown>\n#10 0x56279e8e1ce1 <unknown>\n#11 0x56279e8e5b7e <unknown>\n#12 0x56279e8cf4b5 <unknown>\n#13 0x56279e8e67d6 <unknown>\n#14 0x56279e8b2dbf <unknown>\n#15 0x56279e909748 <unknown>\n#16 0x56279e909917 <unknown>\n#17 0x56279e91a773 <unknown>\n#18 0x7f76302ce044 <unknown>","time":{"start":1700874564133,"stop":1700874567535,"duration":3402}},{"uid":"87df0f7b10080d12","reportUrl":"https://zaelcovsky.github.io/StroyremAutomation/150//#testresult/87df0f7b10080d12","status":"broken","statusDetails":"selenium.common.exceptions.NoSuchElementException: Message: no such element: Unable to locate element: {\"method\":\"xpath\",\"selector\":\"//input[@class='amount']\"}\n  (Session info: headless chrome=119.0.6045.105); For documentation on this error, please visit: https://www.selenium.dev/documentation/webdriver/troubleshooting/errors#no-such-element-exception\nStacktrace:\n#0 0x5603f0eca5e3 <unknown>\n#1 0x5603f0b8d0b7 <unknown>\n#2 0x5603f0bdaf53 <unknown>\n#3 0x5603f0bdb051 <unknown>\n#4 0x5603f0c209c4 <unknown>\n#5 0x5603f0c01f1d <unknown>\n#6 0x5603f0c1db3d <unknown>\n#7 0x5603f0c01cc3 <unknown>\n#8 0x5603f0bcd0e4 <unknown>\n#9 0x5603f0bce0ae <unknown>\n#10 0x5603f0e90ce1 <unknown>\n#11 0x5603f0e94b7e <unknown>\n#12 0x5603f0e7e4b5 <unknown>\n#13 0x5603f0e957d6 <unknown>\n#14 0x5603f0e61dbf <unknown>\n#15 0x5603f0eb8748 <unknown>\n#16 0x5603f0eb8917 <unknown>\n#17 0x5603f0ec9773 <unknown>\n#18 0x7f68e9594044 <unknown>","time":{"start":1700788271802,"stop":1700788275584,"duration":3782}},{"uid":"ebc96f3a989d4744","reportUrl":"https://zaelcovsky.github.io/StroyremAutomation/149//#testresult/ebc96f3a989d4744","status":"broken","statusDetails":"selenium.common.exceptions.NoSuchElementException: Message: no such element: Unable to locate element: {\"method\":\"xpath\",\"selector\":\"//input[@class='amount']\"}\n  (Session info: headless chrome=119.0.6045.105); For documentation on this error, please visit: https://www.selenium.dev/documentation/webdriver/troubleshooting/errors#no-such-element-exception\nStacktrace:\n#0 0x56500e1315e3 <unknown>\n#1 0x56500ddf40b7 <unknown>\n#2 0x56500de41f53 <unknown>\n#3 0x56500de42051 <unknown>\n#4 0x56500de879c4 <unknown>\n#5 0x56500de68f1d <unknown>\n#6 0x56500de84b3d <unknown>\n#7 0x56500de68cc3 <unknown>\n#8 0x56500de340e4 <unknown>\n#9 0x56500de350ae <unknown>\n#10 0x56500e0f7ce1 <unknown>\n#11 0x56500e0fbb7e <unknown>\n#12 0x56500e0e54b5 <unknown>\n#13 0x56500e0fc7d6 <unknown>\n#14 0x56500e0c8dbf <unknown>\n#15 0x56500e11f748 <unknown>\n#16 0x56500e11f917 <unknown>\n#17 0x56500e130773 <unknown>\n#18 0x7fbc1716b044 <unknown>","time":{"start":1700701868211,"stop":1700701871782,"duration":3571}},{"uid":"a2ee580e6d79675a","reportUrl":"https://zaelcovsky.github.io/StroyremAutomation/148//#testresult/a2ee580e6d79675a","status":"broken","statusDetails":"selenium.common.exceptions.NoSuchElementException: Message: no such element: Unable to locate element: {\"method\":\"xpath\",\"selector\":\"//input[@class='amount']\"}\n  (Session info: headless chrome=119.0.6045.105); For documentation on this error, please visit: https://www.selenium.dev/documentation/webdriver/troubleshooting/errors#no-such-element-exception\nStacktrace:\n#0 0x55cc9fa6f5e3 <unknown>\n#1 0x55cc9f7320b7 <unknown>\n#2 0x55cc9f77ff53 <unknown>\n#3 0x55cc9f780051 <unknown>\n#4 0x55cc9f7c59c4 <unknown>\n#5 0x55cc9f7a6f1d <unknown>\n#6 0x55cc9f7c2b3d <unknown>\n#7 0x55cc9f7a6cc3 <unknown>\n#8 0x55cc9f7720e4 <unknown>\n#9 0x55cc9f7730ae <unknown>\n#10 0x55cc9fa35ce1 <unknown>\n#11 0x55cc9fa39b7e <unknown>\n#12 0x55cc9fa234b5 <unknown>\n#13 0x55cc9fa3a7d6 <unknown>\n#14 0x55cc9fa06dbf <unknown>\n#15 0x55cc9fa5d748 <unknown>\n#16 0x55cc9fa5d917 <unknown>\n#17 0x55cc9fa6e773 <unknown>\n#18 0x7f4e9542c044 <unknown>","time":{"start":1700615611513,"stop":1700615614713,"duration":3200}},{"uid":"8b00fbbeb70ff15c","reportUrl":"https://zaelcovsky.github.io/StroyremAutomation/147//#testresult/8b00fbbeb70ff15c","status":"broken","statusDetails":"selenium.common.exceptions.NoSuchElementException: Message: no such element: Unable to locate element: {\"method\":\"xpath\",\"selector\":\"//input[@class='amount']\"}\n  (Session info: headless chrome=119.0.6045.105); For documentation on this error, please visit: https://www.selenium.dev/documentation/webdriver/troubleshooting/errors#no-such-element-exception\nStacktrace:\n#0 0x556e1e0af5e3 <unknown>\n#1 0x556e1dd720b7 <unknown>\n#2 0x556e1ddbff53 <unknown>\n#3 0x556e1ddc0051 <unknown>\n#4 0x556e1de059c4 <unknown>\n#5 0x556e1dde6f1d <unknown>\n#6 0x556e1de02b3d <unknown>\n#7 0x556e1dde6cc3 <unknown>\n#8 0x556e1ddb20e4 <unknown>\n#9 0x556e1ddb30ae <unknown>\n#10 0x556e1e075ce1 <unknown>\n#11 0x556e1e079b7e <unknown>\n#12 0x556e1e0634b5 <unknown>\n#13 0x556e1e07a7d6 <unknown>\n#14 0x556e1e046dbf <unknown>\n#15 0x556e1e09d748 <unknown>\n#16 0x556e1e09d917 <unknown>\n#17 0x556e1e0ae773 <unknown>\n#18 0x7f0356cc6044 <unknown>","time":{"start":1700529237914,"stop":1700529242447,"duration":4533}},{"uid":"98040ee38db894da","reportUrl":"https://zaelcovsky.github.io/StroyremAutomation/146//#testresult/98040ee38db894da","status":"broken","statusDetails":"selenium.common.exceptions.NoSuchElementException: Message: no such element: Unable to locate element: {\"method\":\"xpath\",\"selector\":\"//input[@class='amount']\"}\n  (Session info: headless chrome=119.0.6045.105); For documentation on this error, please visit: https://www.selenium.dev/documentation/webdriver/troubleshooting/errors#no-such-element-exception\nStacktrace:\n#0 0x559bf4efd5e3 <unknown>\n#1 0x559bf4bc00b7 <unknown>\n#2 0x559bf4c0df53 <unknown>\n#3 0x559bf4c0e051 <unknown>\n#4 0x559bf4c539c4 <unknown>\n#5 0x559bf4c34f1d <unknown>\n#6 0x559bf4c50b3d <unknown>\n#7 0x559bf4c34cc3 <unknown>\n#8 0x559bf4c000e4 <unknown>\n#9 0x559bf4c010ae <unknown>\n#10 0x559bf4ec3ce1 <unknown>\n#11 0x559bf4ec7b7e <unknown>\n#12 0x559bf4eb14b5 <unknown>\n#13 0x559bf4ec87d6 <unknown>\n#14 0x559bf4e94dbf <unknown>\n#15 0x559bf4eeb748 <unknown>\n#16 0x559bf4eeb917 <unknown>\n#17 0x559bf4efc773 <unknown>\n#18 0x7f4dfa230044 <unknown>","time":{"start":1700442760375,"stop":1700442764134,"duration":3759}},{"uid":"c31adb13304aeeea","reportUrl":"https://zaelcovsky.github.io/StroyremAutomation/145//#testresult/c31adb13304aeeea","status":"broken","statusDetails":"selenium.common.exceptions.NoSuchElementException: Message: no such element: Unable to locate element: {\"method\":\"xpath\",\"selector\":\"//input[@class='amount']\"}\n  (Session info: headless chrome=119.0.6045.105); For documentation on this error, please visit: https://www.selenium.dev/documentation/webdriver/troubleshooting/errors#no-such-element-exception\nStacktrace:\n#0 0x564e64cab5e3 <unknown>\n#1 0x564e6496e0b7 <unknown>\n#2 0x564e649bbf53 <unknown>\n#3 0x564e649bc051 <unknown>\n#4 0x564e64a019c4 <unknown>\n#5 0x564e649e2f1d <unknown>\n#6 0x564e649feb3d <unknown>\n#7 0x564e649e2cc3 <unknown>\n#8 0x564e649ae0e4 <unknown>\n#9 0x564e649af0ae <unknown>\n#10 0x564e64c71ce1 <unknown>\n#11 0x564e64c75b7e <unknown>\n#12 0x564e64c5f4b5 <unknown>\n#13 0x564e64c767d6 <unknown>\n#14 0x564e64c42dbf <unknown>\n#15 0x564e64c99748 <unknown>\n#16 0x564e64c99917 <unknown>\n#17 0x564e64caa773 <unknown>\n#18 0x7f1e0e989044 <unknown>","time":{"start":1700356551603,"stop":1700356555617,"duration":4014}},{"uid":"44d7cd146d5df6c6","reportUrl":"https://zaelcovsky.github.io/StroyremAutomation/144//#testresult/44d7cd146d5df6c6","status":"broken","statusDetails":"selenium.common.exceptions.NoSuchElementException: Message: no such element: Unable to locate element: {\"method\":\"xpath\",\"selector\":\"//input[@class='amount']\"}\n  (Session info: headless chrome=119.0.6045.105); For documentation on this error, please visit: https://www.selenium.dev/documentation/webdriver/troubleshooting/errors#no-such-element-exception\nStacktrace:\n#0 0x55ddba7f45e3 <unknown>\n#1 0x55ddba4b70b7 <unknown>\n#2 0x55ddba504f53 <unknown>\n#3 0x55ddba505051 <unknown>\n#4 0x55ddba54a9c4 <unknown>\n#5 0x55ddba52bf1d <unknown>\n#6 0x55ddba547b3d <unknown>\n#7 0x55ddba52bcc3 <unknown>\n#8 0x55ddba4f70e4 <unknown>\n#9 0x55ddba4f80ae <unknown>\n#10 0x55ddba7bace1 <unknown>\n#11 0x55ddba7beb7e <unknown>\n#12 0x55ddba7a84b5 <unknown>\n#13 0x55ddba7bf7d6 <unknown>\n#14 0x55ddba78bdbf <unknown>\n#15 0x55ddba7e2748 <unknown>\n#16 0x55ddba7e2917 <unknown>\n#17 0x55ddba7f3773 <unknown>\n#18 0x7fe7f9be1044 <unknown>","time":{"start":1700269956575,"stop":1700269961141,"duration":4566}},{"uid":"b8ee50657f40289","reportUrl":"https://zaelcovsky.github.io/StroyremAutomation/143//#testresult/b8ee50657f40289","status":"broken","statusDetails":"selenium.common.exceptions.NoSuchElementException: Message: no such element: Unable to locate element: {\"method\":\"xpath\",\"selector\":\"//input[@class='amount']\"}\n  (Session info: headless chrome=119.0.6045.105); For documentation on this error, please visit: https://www.selenium.dev/documentation/webdriver/troubleshooting/errors#no-such-element-exception\nStacktrace:\n#0 0x5649106015e3 <unknown>\n#1 0x5649102c40b7 <unknown>\n#2 0x564910311f53 <unknown>\n#3 0x564910312051 <unknown>\n#4 0x5649103579c4 <unknown>\n#5 0x564910338f1d <unknown>\n#6 0x564910354b3d <unknown>\n#7 0x564910338cc3 <unknown>\n#8 0x5649103040e4 <unknown>\n#9 0x5649103050ae <unknown>\n#10 0x5649105c7ce1 <unknown>\n#11 0x5649105cbb7e <unknown>\n#12 0x5649105b54b5 <unknown>\n#13 0x5649105cc7d6 <unknown>\n#14 0x564910598dbf <unknown>\n#15 0x5649105ef748 <unknown>\n#16 0x5649105ef917 <unknown>\n#17 0x564910600773 <unknown>\n#18 0x7f8bb27e2044 <unknown>","time":{"start":1700183572727,"stop":1700183577264,"duration":4537}},{"uid":"3b2db68fe856a649","reportUrl":"https://zaelcovsky.github.io/StroyremAutomation/142//#testresult/3b2db68fe856a649","status":"broken","statusDetails":"selenium.common.exceptions.NoSuchElementException: Message: no such element: Unable to locate element: {\"method\":\"xpath\",\"selector\":\"//input[@class='amount']\"}\n  (Session info: headless chrome=119.0.6045.105); For documentation on this error, please visit: https://www.selenium.dev/documentation/webdriver/troubleshooting/errors#no-such-element-exception\nStacktrace:\n#0 0x564b640e95e3 <unknown>\n#1 0x564b63dac0b7 <unknown>\n#2 0x564b63df9f53 <unknown>\n#3 0x564b63dfa051 <unknown>\n#4 0x564b63e3f9c4 <unknown>\n#5 0x564b63e20f1d <unknown>\n#6 0x564b63e3cb3d <unknown>\n#7 0x564b63e20cc3 <unknown>\n#8 0x564b63dec0e4 <unknown>\n#9 0x564b63ded0ae <unknown>\n#10 0x564b640afce1 <unknown>\n#11 0x564b640b3b7e <unknown>\n#12 0x564b6409d4b5 <unknown>\n#13 0x564b640b47d6 <unknown>\n#14 0x564b64080dbf <unknown>\n#15 0x564b640d7748 <unknown>\n#16 0x564b640d7917 <unknown>\n#17 0x564b640e8773 <unknown>\n#18 0x7f2c898fb044 <unknown>","time":{"start":1700097128425,"stop":1700097132195,"duration":3770}},{"uid":"218423e4d3ab3889","reportUrl":"https://zaelcovsky.github.io/StroyremAutomation/141//#testresult/218423e4d3ab3889","status":"broken","statusDetails":"selenium.common.exceptions.NoSuchElementException: Message: no such element: Unable to locate element: {\"method\":\"xpath\",\"selector\":\"//input[@class='amount']\"}\n  (Session info: headless chrome=119.0.6045.105); For documentation on this error, please visit: https://www.selenium.dev/documentation/webdriver/troubleshooting/errors#no-such-element-exception\nStacktrace:\n#0 0x56423cb555e3 <unknown>\n#1 0x56423c8180b7 <unknown>\n#2 0x56423c865f53 <unknown>\n#3 0x56423c866051 <unknown>\n#4 0x56423c8ab9c4 <unknown>\n#5 0x56423c88cf1d <unknown>\n#6 0x56423c8a8b3d <unknown>\n#7 0x56423c88ccc3 <unknown>\n#8 0x56423c8580e4 <unknown>\n#9 0x56423c8590ae <unknown>\n#10 0x56423cb1bce1 <unknown>\n#11 0x56423cb1fb7e <unknown>\n#12 0x56423cb094b5 <unknown>\n#13 0x56423cb207d6 <unknown>\n#14 0x56423caecdbf <unknown>\n#15 0x56423cb43748 <unknown>\n#16 0x56423cb43917 <unknown>\n#17 0x56423cb54773 <unknown>\n#18 0x7fa01d00c044 <unknown>","time":{"start":1700010657213,"stop":1700010660692,"duration":3479}}]},"tags":["smoke"]},"source":"56045744ef3b66a7.json","parameterValues":["3320","1","'TD 015'","2390","'products/shtukaturka-tsementnaya-bergauf-bau-putts-tsement-25kg-56sht'","650","'https://sandboxtest.stroyrem-nn.ru/'","30"]}