{"uid":"b612f673339c6dde","name":"test_positive_delivery_green_zone_smoke[TD 004-products/shtukaturka-gipsovaya-aksolit-m50-30-kg-mashinnogo-naneseniya-13-400-450-1590-2190-https://sandboxtest.stroyrem-nn.ru/]","fullName":"tests.delivery.test_delivery_calculation.TestDeliveryPageCalculation#test_positive_delivery_green_zone_smoke","historyId":"ce812b2a55ed9f6130bedf202fa509e3","time":{"start":1711155997619,"stop":1711155998078,"duration":459},"status":"broken","statusMessage":"selenium.common.exceptions.NoSuchElementException: Message: no such element: Unable to locate element: {\"method\":\"xpath\",\"selector\":\"(//a[@class='add-to-cart yellow-btn'])[1]\"}\n  (Session info: chrome-headless-shell=123.0.6312.58); For documentation on this error, please visit: https://www.selenium.dev/documentation/webdriver/troubleshooting/errors#no-such-element-exception\nStacktrace:\n#0 0x563c3cab7993 <unknown>\n#1 0x563c3c7b2136 <unknown>\n#2 0x563c3c7fcd48 <unknown>\n#3 0x563c3c7fce01 <unknown>\n#4 0x563c3c83fe44 <unknown>\n#5 0x563c3c81ecfd <unknown>\n#6 0x563c3c83d319 <unknown>\n#7 0x563c3c81ea73 <unknown>\n#8 0x563c3c7efc93 <unknown>\n#9 0x563c3c7f065e <unknown>\n#10 0x563c3ca7c08b <unknown>\n#11 0x563c3ca80005 <unknown>\n#12 0x563c3ca6a491 <unknown>\n#13 0x563c3ca80b92 <unknown>\n#14 0x563c3ca4f9ef <unknown>\n#15 0x563c3caa6df8 <unknown>\n#16 0x563c3caa6fcb <unknown>\n#17 0x563c3cab6ae4 <unknown>\n#18 0x7f27efe4f134 <unknown>","statusTrace":"self = <tests.delivery.test_delivery_calculation.TestDeliveryPageCalculation object at 0x7f2505feee50>\ndriver = <selenium.webdriver.chrome.webdriver.WebDriver (session=\"5be7083ad0f1a1c6373df04ace41a198\")>\nurl = 'https://sandboxtest.stroyrem-nn.ru/', case_id = 'TD 004'\nlink_item = 'products/shtukaturka-gipsovaya-aksolit-m50-30-kg-mashinnogo-naneseniya'\namount = 13, weight = 400, standard = 450, in_time = 1590, all_time = 2190\n\n    @pytest.mark.parametrize('case_id, link_item, amount, weight, standard, in_time, all_time', [\n        (\"TD 001\", uroven_3000, 1, 30, 0, 1590, 2190),\n        (\"TD 002\", bundeks_25, 1, 30, 400, 1590, 2190),\n        (\"TD 003\", aksolit_30, 8, 300, 400, 1590, 2190),\n        (\"TD 004\", aksolit_30, 13, 400, 450, 1590, 2190),\n        (\"TD 005\", aksolit_30, 16, 500, 600, 1590, 2190),\n        (\"TD 006\", aksolit_30, 25, 1700, 990, 1990, 2480),\n        (\"TD 007\", aksolit_30, 66, 2000, 1300, 2490, 2980),\n        (\"TD 008\", aksolit_30, 149, 4500, 2300, 3980, 4490),\n        (\"TD 009\", aksolit_30, 166, 5000, 2500, 4990, 5480),\n        pytest.param(\n            \"TD 010\", aksolit_30, 206, 6200, 2900, 5570, 6120,\n            marks=pytest.mark.xfail(reson=\"Цена доставки 3600 7960 8980\")\n        ),\n        (\"TD 011\", aksolit_30, 299, 9000, 3600, 7960, 8980),\n        (\"TD 012\", aksolit_30, 333, 10000, 4450, 11990, 12500),\n        pytest.param(\n            \"TD 013\", aksolit_30, 366, 11000, 4800, 12450, 13480,\n            marks=pytest.mark.xfail(reason=\"Цена стандартной доставки 4450\")\n        ),\n        pytest.param(\n            \"TD 014\", aksolit_30, 666, 20000, 5400, 15600, 17490,\n            marks=pytest.mark.xfail(reason=\"Цена стандартной доставки 4450\")\n        )\n    ])\n    @pytest.mark.smoke\n    def test_positive_delivery_green_zone_smoke(\n            self, driver, url, case_id, link_item, amount, weight, standard, in_time, all_time\n    ):\n    \n        driver.get(f'{url}{link_item}')\n        item_page = ItemPage(driver)\n>       item_page.add_item_to_cart(amount).click_on_cart()\n\ntests/delivery/test_delivery_calculation.py:49: \n_ _ _ _ _ _ _ _ _ _ _ _ _ _ _ _ _ _ _ _ _ _ _ _ _ _ _ _ _ _ _ _ _ _ _ _ _ _ _ _ \npages/item_page.py:40: in add_item_to_cart\n    self.find_element(self._add_item).click()\nbase/seleniumbase.py:17: in find_element\n    return self.driver.find_element(*locator)\n/usr/local/lib/python3.11/site-packages/selenium/webdriver/remote/webdriver.py:740: in find_element\n    return self.execute(Command.FIND_ELEMENT, {\"using\": by, \"value\": value})[\"value\"]\n/usr/local/lib/python3.11/site-packages/selenium/webdriver/remote/webdriver.py:346: in execute\n    self.error_handler.check_response(response)\n_ _ _ _ _ _ _ _ _ _ _ _ _ _ _ _ _ _ _ _ _ _ _ _ _ _ _ _ _ _ _ _ _ _ _ _ _ _ _ _ \n\nself = <selenium.webdriver.remote.errorhandler.ErrorHandler object at 0x7f250620f7d0>\nresponse = {'status': 404, 'value': '{\"value\":{\"error\":\"no such element\",\"message\":\"no such element: Unable to locate element: {\\...\\\\n#16 0x563c3caa6fcb \\\\u003Cunknown>\\\\n#17 0x563c3cab6ae4 \\\\u003Cunknown>\\\\n#18 0x7f27efe4f134 \\\\u003Cunknown>\\\\n\"}}'}\n\n    def check_response(self, response: Dict[str, Any]) -> None:\n        \"\"\"Checks that a JSON response from the WebDriver does not have an\n        error.\n    \n        :Args:\n         - response - The JSON response from the WebDriver server as a dictionary\n           object.\n    \n        :Raises: If the response contains an error message.\n        \"\"\"\n        status = response.get(\"status\", None)\n        if not status or status == ErrorCode.SUCCESS:\n            return\n        value = None\n        message = response.get(\"message\", \"\")\n        screen: str = response.get(\"screen\", \"\")\n        stacktrace = None\n        if isinstance(status, int):\n            value_json = response.get(\"value\", None)\n            if value_json and isinstance(value_json, str):\n                import json\n    \n                try:\n                    value = json.loads(value_json)\n                    if len(value) == 1:\n                        value = value[\"value\"]\n                    status = value.get(\"error\", None)\n                    if not status:\n                        status = value.get(\"status\", ErrorCode.UNKNOWN_ERROR)\n                        message = value.get(\"value\") or value.get(\"message\")\n                        if not isinstance(message, str):\n                            value = message\n                            message = message.get(\"message\")\n                    else:\n                        message = value.get(\"message\", None)\n                except ValueError:\n                    pass\n    \n        exception_class: Type[WebDriverException]\n        if status in ErrorCode.NO_SUCH_ELEMENT:\n            exception_class = NoSuchElementException\n        elif status in ErrorCode.NO_SUCH_FRAME:\n            exception_class = NoSuchFrameException\n        elif status in ErrorCode.NO_SUCH_SHADOW_ROOT:\n            exception_class = NoSuchShadowRootException\n        elif status in ErrorCode.NO_SUCH_WINDOW:\n            exception_class = NoSuchWindowException\n        elif status in ErrorCode.STALE_ELEMENT_REFERENCE:\n            exception_class = StaleElementReferenceException\n        elif status in ErrorCode.ELEMENT_NOT_VISIBLE:\n            exception_class = ElementNotVisibleException\n        elif status in ErrorCode.INVALID_ELEMENT_STATE:\n            exception_class = InvalidElementStateException\n        elif (\n            status in ErrorCode.INVALID_SELECTOR\n            or status in ErrorCode.INVALID_XPATH_SELECTOR\n            or status in ErrorCode.INVALID_XPATH_SELECTOR_RETURN_TYPER\n        ):\n            exception_class = InvalidSelectorException\n        elif status in ErrorCode.ELEMENT_IS_NOT_SELECTABLE:\n            exception_class = ElementNotSelectableException\n        elif status in ErrorCode.ELEMENT_NOT_INTERACTABLE:\n            exception_class = ElementNotInteractableException\n        elif status in ErrorCode.INVALID_COOKIE_DOMAIN:\n            exception_class = InvalidCookieDomainException\n        elif status in ErrorCode.UNABLE_TO_SET_COOKIE:\n            exception_class = UnableToSetCookieException\n        elif status in ErrorCode.TIMEOUT:\n            exception_class = TimeoutException\n        elif status in ErrorCode.SCRIPT_TIMEOUT:\n            exception_class = TimeoutException\n        elif status in ErrorCode.UNKNOWN_ERROR:\n            exception_class = WebDriverException\n        elif status in ErrorCode.UNEXPECTED_ALERT_OPEN:\n            exception_class = UnexpectedAlertPresentException\n        elif status in ErrorCode.NO_ALERT_OPEN:\n            exception_class = NoAlertPresentException\n        elif status in ErrorCode.IME_NOT_AVAILABLE:\n            exception_class = ImeNotAvailableException\n        elif status in ErrorCode.IME_ENGINE_ACTIVATION_FAILED:\n            exception_class = ImeActivationFailedException\n        elif status in ErrorCode.MOVE_TARGET_OUT_OF_BOUNDS:\n            exception_class = MoveTargetOutOfBoundsException\n        elif status in ErrorCode.JAVASCRIPT_ERROR:\n            exception_class = JavascriptException\n        elif status in ErrorCode.SESSION_NOT_CREATED:\n            exception_class = SessionNotCreatedException\n        elif status in ErrorCode.INVALID_ARGUMENT:\n            exception_class = InvalidArgumentException\n        elif status in ErrorCode.NO_SUCH_COOKIE:\n            exception_class = NoSuchCookieException\n        elif status in ErrorCode.UNABLE_TO_CAPTURE_SCREEN:\n            exception_class = ScreenshotException\n        elif status in ErrorCode.ELEMENT_CLICK_INTERCEPTED:\n            exception_class = ElementClickInterceptedException\n        elif status in ErrorCode.INSECURE_CERTIFICATE:\n            exception_class = InsecureCertificateException\n        elif status in ErrorCode.INVALID_COORDINATES:\n            exception_class = InvalidCoordinatesException\n        elif status in ErrorCode.INVALID_SESSION_ID:\n            exception_class = InvalidSessionIdException\n        elif status in ErrorCode.UNKNOWN_METHOD:\n            exception_class = UnknownMethodException\n        else:\n            exception_class = WebDriverException\n        if not value:\n            value = response[\"value\"]\n        if isinstance(value, str):\n            raise exception_class(value)\n        if message == \"\" and \"message\" in value:\n            message = value[\"message\"]\n    \n        screen = None  # type: ignore[assignment]\n        if \"screen\" in value:\n            screen = value[\"screen\"]\n    \n        stacktrace = None\n        st_value = value.get(\"stackTrace\") or value.get(\"stacktrace\")\n        if st_value:\n            if isinstance(st_value, str):\n                stacktrace = st_value.split(\"\\n\")\n            else:\n                stacktrace = []\n                try:\n                    for frame in st_value:\n                        line = frame.get(\"lineNumber\", \"\")\n                        file = frame.get(\"fileName\", \"<anonymous>\")\n                        if line:\n                            file = f\"{file}:{line}\"\n                        meth = frame.get(\"methodName\", \"<anonymous>\")\n                        if \"className\" in frame:\n                            meth = f\"{frame['className']}.{meth}\"\n                        msg = \"    at %s (%s)\"\n                        msg = msg % (meth, file)\n                        stacktrace.append(msg)\n                except TypeError:\n                    pass\n        if exception_class == UnexpectedAlertPresentException:\n            alert_text = None\n            if \"data\" in value:\n                alert_text = value[\"data\"].get(\"text\")\n            elif \"alert\" in value:\n                alert_text = value[\"alert\"].get(\"text\")\n            raise exception_class(message, screen, stacktrace, alert_text)  # type: ignore[call-arg]  # mypy is not smart enough here\n>       raise exception_class(message, screen, stacktrace)\nE       selenium.common.exceptions.NoSuchElementException: Message: no such element: Unable to locate element: {\"method\":\"xpath\",\"selector\":\"(//a[@class='add-to-cart yellow-btn'])[1]\"}\nE         (Session info: chrome-headless-shell=123.0.6312.58); For documentation on this error, please visit: https://www.selenium.dev/documentation/webdriver/troubleshooting/errors#no-such-element-exception\nE       Stacktrace:\nE       #0 0x563c3cab7993 <unknown>\nE       #1 0x563c3c7b2136 <unknown>\nE       #2 0x563c3c7fcd48 <unknown>\nE       #3 0x563c3c7fce01 <unknown>\nE       #4 0x563c3c83fe44 <unknown>\nE       #5 0x563c3c81ecfd <unknown>\nE       #6 0x563c3c83d319 <unknown>\nE       #7 0x563c3c81ea73 <unknown>\nE       #8 0x563c3c7efc93 <unknown>\nE       #9 0x563c3c7f065e <unknown>\nE       #10 0x563c3ca7c08b <unknown>\nE       #11 0x563c3ca80005 <unknown>\nE       #12 0x563c3ca6a491 <unknown>\nE       #13 0x563c3ca80b92 <unknown>\nE       #14 0x563c3ca4f9ef <unknown>\nE       #15 0x563c3caa6df8 <unknown>\nE       #16 0x563c3caa6fcb <unknown>\nE       #17 0x563c3cab6ae4 <unknown>\nE       #18 0x7f27efe4f134 <unknown>\n\n/usr/local/lib/python3.11/site-packages/selenium/webdriver/remote/errorhandler.py:245: NoSuchElementException","flaky":false,"newFailed":false,"newBroken":false,"newPassed":false,"retriesCount":0,"retriesStatusChange":false,"beforeStages":[{"name":"_session_faker","time":{"start":1711155565281,"stop":1711155565351,"duration":70},"status":"passed","steps":[],"attachments":[],"parameters":[],"shouldDisplayMessage":false,"stepsCount":0,"attachmentsCount":0,"hasContent":false,"attachmentStep":false},{"name":"clear_allure_results_folder","time":{"start":1711155565352,"stop":1711155565352,"duration":0},"status":"passed","steps":[],"attachments":[],"parameters":[],"shouldDisplayMessage":false,"stepsCount":0,"attachmentsCount":0,"hasContent":false,"attachmentStep":false},{"name":"driver","time":{"start":1711155996883,"stop":1711155997618,"duration":735},"status":"passed","steps":[],"attachments":[],"parameters":[],"shouldDisplayMessage":false,"stepsCount":0,"attachmentsCount":0,"hasContent":false,"attachmentStep":false},{"name":"setup","time":{"start":1711155997618,"stop":1711155997618,"duration":0},"status":"passed","steps":[],"attachments":[],"parameters":[],"shouldDisplayMessage":false,"stepsCount":0,"attachmentsCount":0,"hasContent":false,"attachmentStep":false}],"testStage":{"status":"broken","statusMessage":"selenium.common.exceptions.NoSuchElementException: Message: no such element: Unable to locate element: {\"method\":\"xpath\",\"selector\":\"(//a[@class='add-to-cart yellow-btn'])[1]\"}\n  (Session info: chrome-headless-shell=123.0.6312.58); For documentation on this error, please visit: https://www.selenium.dev/documentation/webdriver/troubleshooting/errors#no-such-element-exception\nStacktrace:\n#0 0x563c3cab7993 <unknown>\n#1 0x563c3c7b2136 <unknown>\n#2 0x563c3c7fcd48 <unknown>\n#3 0x563c3c7fce01 <unknown>\n#4 0x563c3c83fe44 <unknown>\n#5 0x563c3c81ecfd <unknown>\n#6 0x563c3c83d319 <unknown>\n#7 0x563c3c81ea73 <unknown>\n#8 0x563c3c7efc93 <unknown>\n#9 0x563c3c7f065e <unknown>\n#10 0x563c3ca7c08b <unknown>\n#11 0x563c3ca80005 <unknown>\n#12 0x563c3ca6a491 <unknown>\n#13 0x563c3ca80b92 <unknown>\n#14 0x563c3ca4f9ef <unknown>\n#15 0x563c3caa6df8 <unknown>\n#16 0x563c3caa6fcb <unknown>\n#17 0x563c3cab6ae4 <unknown>\n#18 0x7f27efe4f134 <unknown>","statusTrace":"self = <tests.delivery.test_delivery_calculation.TestDeliveryPageCalculation object at 0x7f2505feee50>\ndriver = <selenium.webdriver.chrome.webdriver.WebDriver (session=\"5be7083ad0f1a1c6373df04ace41a198\")>\nurl = 'https://sandboxtest.stroyrem-nn.ru/', case_id = 'TD 004'\nlink_item = 'products/shtukaturka-gipsovaya-aksolit-m50-30-kg-mashinnogo-naneseniya'\namount = 13, weight = 400, standard = 450, in_time = 1590, all_time = 2190\n\n    @pytest.mark.parametrize('case_id, link_item, amount, weight, standard, in_time, all_time', [\n        (\"TD 001\", uroven_3000, 1, 30, 0, 1590, 2190),\n        (\"TD 002\", bundeks_25, 1, 30, 400, 1590, 2190),\n        (\"TD 003\", aksolit_30, 8, 300, 400, 1590, 2190),\n        (\"TD 004\", aksolit_30, 13, 400, 450, 1590, 2190),\n        (\"TD 005\", aksolit_30, 16, 500, 600, 1590, 2190),\n        (\"TD 006\", aksolit_30, 25, 1700, 990, 1990, 2480),\n        (\"TD 007\", aksolit_30, 66, 2000, 1300, 2490, 2980),\n        (\"TD 008\", aksolit_30, 149, 4500, 2300, 3980, 4490),\n        (\"TD 009\", aksolit_30, 166, 5000, 2500, 4990, 5480),\n        pytest.param(\n            \"TD 010\", aksolit_30, 206, 6200, 2900, 5570, 6120,\n            marks=pytest.mark.xfail(reson=\"Цена доставки 3600 7960 8980\")\n        ),\n        (\"TD 011\", aksolit_30, 299, 9000, 3600, 7960, 8980),\n        (\"TD 012\", aksolit_30, 333, 10000, 4450, 11990, 12500),\n        pytest.param(\n            \"TD 013\", aksolit_30, 366, 11000, 4800, 12450, 13480,\n            marks=pytest.mark.xfail(reason=\"Цена стандартной доставки 4450\")\n        ),\n        pytest.param(\n            \"TD 014\", aksolit_30, 666, 20000, 5400, 15600, 17490,\n            marks=pytest.mark.xfail(reason=\"Цена стандартной доставки 4450\")\n        )\n    ])\n    @pytest.mark.smoke\n    def test_positive_delivery_green_zone_smoke(\n            self, driver, url, case_id, link_item, amount, weight, standard, in_time, all_time\n    ):\n    \n        driver.get(f'{url}{link_item}')\n        item_page = ItemPage(driver)\n>       item_page.add_item_to_cart(amount).click_on_cart()\n\ntests/delivery/test_delivery_calculation.py:49: \n_ _ _ _ _ _ _ _ _ _ _ _ _ _ _ _ _ _ _ _ _ _ _ _ _ _ _ _ _ _ _ _ _ _ _ _ _ _ _ _ \npages/item_page.py:40: in add_item_to_cart\n    self.find_element(self._add_item).click()\nbase/seleniumbase.py:17: in find_element\n    return self.driver.find_element(*locator)\n/usr/local/lib/python3.11/site-packages/selenium/webdriver/remote/webdriver.py:740: in find_element\n    return self.execute(Command.FIND_ELEMENT, {\"using\": by, \"value\": value})[\"value\"]\n/usr/local/lib/python3.11/site-packages/selenium/webdriver/remote/webdriver.py:346: in execute\n    self.error_handler.check_response(response)\n_ _ _ _ _ _ _ _ _ _ _ _ _ _ _ _ _ _ _ _ _ _ _ _ _ _ _ _ _ _ _ _ _ _ _ _ _ _ _ _ \n\nself = <selenium.webdriver.remote.errorhandler.ErrorHandler object at 0x7f250620f7d0>\nresponse = {'status': 404, 'value': '{\"value\":{\"error\":\"no such element\",\"message\":\"no such element: Unable to locate element: {\\...\\\\n#16 0x563c3caa6fcb \\\\u003Cunknown>\\\\n#17 0x563c3cab6ae4 \\\\u003Cunknown>\\\\n#18 0x7f27efe4f134 \\\\u003Cunknown>\\\\n\"}}'}\n\n    def check_response(self, response: Dict[str, Any]) -> None:\n        \"\"\"Checks that a JSON response from the WebDriver does not have an\n        error.\n    \n        :Args:\n         - response - The JSON response from the WebDriver server as a dictionary\n           object.\n    \n        :Raises: If the response contains an error message.\n        \"\"\"\n        status = response.get(\"status\", None)\n        if not status or status == ErrorCode.SUCCESS:\n            return\n        value = None\n        message = response.get(\"message\", \"\")\n        screen: str = response.get(\"screen\", \"\")\n        stacktrace = None\n        if isinstance(status, int):\n            value_json = response.get(\"value\", None)\n            if value_json and isinstance(value_json, str):\n                import json\n    \n                try:\n                    value = json.loads(value_json)\n                    if len(value) == 1:\n                        value = value[\"value\"]\n                    status = value.get(\"error\", None)\n                    if not status:\n                        status = value.get(\"status\", ErrorCode.UNKNOWN_ERROR)\n                        message = value.get(\"value\") or value.get(\"message\")\n                        if not isinstance(message, str):\n                            value = message\n                            message = message.get(\"message\")\n                    else:\n                        message = value.get(\"message\", None)\n                except ValueError:\n                    pass\n    \n        exception_class: Type[WebDriverException]\n        if status in ErrorCode.NO_SUCH_ELEMENT:\n            exception_class = NoSuchElementException\n        elif status in ErrorCode.NO_SUCH_FRAME:\n            exception_class = NoSuchFrameException\n        elif status in ErrorCode.NO_SUCH_SHADOW_ROOT:\n            exception_class = NoSuchShadowRootException\n        elif status in ErrorCode.NO_SUCH_WINDOW:\n            exception_class = NoSuchWindowException\n        elif status in ErrorCode.STALE_ELEMENT_REFERENCE:\n            exception_class = StaleElementReferenceException\n        elif status in ErrorCode.ELEMENT_NOT_VISIBLE:\n            exception_class = ElementNotVisibleException\n        elif status in ErrorCode.INVALID_ELEMENT_STATE:\n            exception_class = InvalidElementStateException\n        elif (\n            status in ErrorCode.INVALID_SELECTOR\n            or status in ErrorCode.INVALID_XPATH_SELECTOR\n            or status in ErrorCode.INVALID_XPATH_SELECTOR_RETURN_TYPER\n        ):\n            exception_class = InvalidSelectorException\n        elif status in ErrorCode.ELEMENT_IS_NOT_SELECTABLE:\n            exception_class = ElementNotSelectableException\n        elif status in ErrorCode.ELEMENT_NOT_INTERACTABLE:\n            exception_class = ElementNotInteractableException\n        elif status in ErrorCode.INVALID_COOKIE_DOMAIN:\n            exception_class = InvalidCookieDomainException\n        elif status in ErrorCode.UNABLE_TO_SET_COOKIE:\n            exception_class = UnableToSetCookieException\n        elif status in ErrorCode.TIMEOUT:\n            exception_class = TimeoutException\n        elif status in ErrorCode.SCRIPT_TIMEOUT:\n            exception_class = TimeoutException\n        elif status in ErrorCode.UNKNOWN_ERROR:\n            exception_class = WebDriverException\n        elif status in ErrorCode.UNEXPECTED_ALERT_OPEN:\n            exception_class = UnexpectedAlertPresentException\n        elif status in ErrorCode.NO_ALERT_OPEN:\n            exception_class = NoAlertPresentException\n        elif status in ErrorCode.IME_NOT_AVAILABLE:\n            exception_class = ImeNotAvailableException\n        elif status in ErrorCode.IME_ENGINE_ACTIVATION_FAILED:\n            exception_class = ImeActivationFailedException\n        elif status in ErrorCode.MOVE_TARGET_OUT_OF_BOUNDS:\n            exception_class = MoveTargetOutOfBoundsException\n        elif status in ErrorCode.JAVASCRIPT_ERROR:\n            exception_class = JavascriptException\n        elif status in ErrorCode.SESSION_NOT_CREATED:\n            exception_class = SessionNotCreatedException\n        elif status in ErrorCode.INVALID_ARGUMENT:\n            exception_class = InvalidArgumentException\n        elif status in ErrorCode.NO_SUCH_COOKIE:\n            exception_class = NoSuchCookieException\n        elif status in ErrorCode.UNABLE_TO_CAPTURE_SCREEN:\n            exception_class = ScreenshotException\n        elif status in ErrorCode.ELEMENT_CLICK_INTERCEPTED:\n            exception_class = ElementClickInterceptedException\n        elif status in ErrorCode.INSECURE_CERTIFICATE:\n            exception_class = InsecureCertificateException\n        elif status in ErrorCode.INVALID_COORDINATES:\n            exception_class = InvalidCoordinatesException\n        elif status in ErrorCode.INVALID_SESSION_ID:\n            exception_class = InvalidSessionIdException\n        elif status in ErrorCode.UNKNOWN_METHOD:\n            exception_class = UnknownMethodException\n        else:\n            exception_class = WebDriverException\n        if not value:\n            value = response[\"value\"]\n        if isinstance(value, str):\n            raise exception_class(value)\n        if message == \"\" and \"message\" in value:\n            message = value[\"message\"]\n    \n        screen = None  # type: ignore[assignment]\n        if \"screen\" in value:\n            screen = value[\"screen\"]\n    \n        stacktrace = None\n        st_value = value.get(\"stackTrace\") or value.get(\"stacktrace\")\n        if st_value:\n            if isinstance(st_value, str):\n                stacktrace = st_value.split(\"\\n\")\n            else:\n                stacktrace = []\n                try:\n                    for frame in st_value:\n                        line = frame.get(\"lineNumber\", \"\")\n                        file = frame.get(\"fileName\", \"<anonymous>\")\n                        if line:\n                            file = f\"{file}:{line}\"\n                        meth = frame.get(\"methodName\", \"<anonymous>\")\n                        if \"className\" in frame:\n                            meth = f\"{frame['className']}.{meth}\"\n                        msg = \"    at %s (%s)\"\n                        msg = msg % (meth, file)\n                        stacktrace.append(msg)\n                except TypeError:\n                    pass\n        if exception_class == UnexpectedAlertPresentException:\n            alert_text = None\n            if \"data\" in value:\n                alert_text = value[\"data\"].get(\"text\")\n            elif \"alert\" in value:\n                alert_text = value[\"alert\"].get(\"text\")\n            raise exception_class(message, screen, stacktrace, alert_text)  # type: ignore[call-arg]  # mypy is not smart enough here\n>       raise exception_class(message, screen, stacktrace)\nE       selenium.common.exceptions.NoSuchElementException: Message: no such element: Unable to locate element: {\"method\":\"xpath\",\"selector\":\"(//a[@class='add-to-cart yellow-btn'])[1]\"}\nE         (Session info: chrome-headless-shell=123.0.6312.58); For documentation on this error, please visit: https://www.selenium.dev/documentation/webdriver/troubleshooting/errors#no-such-element-exception\nE       Stacktrace:\nE       #0 0x563c3cab7993 <unknown>\nE       #1 0x563c3c7b2136 <unknown>\nE       #2 0x563c3c7fcd48 <unknown>\nE       #3 0x563c3c7fce01 <unknown>\nE       #4 0x563c3c83fe44 <unknown>\nE       #5 0x563c3c81ecfd <unknown>\nE       #6 0x563c3c83d319 <unknown>\nE       #7 0x563c3c81ea73 <unknown>\nE       #8 0x563c3c7efc93 <unknown>\nE       #9 0x563c3c7f065e <unknown>\nE       #10 0x563c3ca7c08b <unknown>\nE       #11 0x563c3ca80005 <unknown>\nE       #12 0x563c3ca6a491 <unknown>\nE       #13 0x563c3ca80b92 <unknown>\nE       #14 0x563c3ca4f9ef <unknown>\nE       #15 0x563c3caa6df8 <unknown>\nE       #16 0x563c3caa6fcb <unknown>\nE       #17 0x563c3cab6ae4 <unknown>\nE       #18 0x7f27efe4f134 <unknown>\n\n/usr/local/lib/python3.11/site-packages/selenium/webdriver/remote/errorhandler.py:245: NoSuchElementException","steps":[{"name":"Добавляем товар в корзину в количестве 13","time":{"start":1711155998065,"stop":1711155998077,"duration":12},"status":"broken","statusMessage":"selenium.common.exceptions.NoSuchElementException: Message: no such element: Unable to locate element: {\"method\":\"xpath\",\"selector\":\"(//a[@class='add-to-cart yellow-btn'])[1]\"}\n  (Session info: chrome-headless-shell=123.0.6312.58); For documentation on this error, please visit: https://www.selenium.dev/documentation/webdriver/troubleshooting/errors#no-such-element-exception\nStacktrace:\n#0 0x563c3cab7993 <unknown>\n#1 0x563c3c7b2136 <unknown>\n#2 0x563c3c7fcd48 <unknown>\n#3 0x563c3c7fce01 <unknown>\n#4 0x563c3c83fe44 <unknown>\n#5 0x563c3c81ecfd <unknown>\n#6 0x563c3c83d319 <unknown>\n#7 0x563c3c81ea73 <unknown>\n#8 0x563c3c7efc93 <unknown>\n#9 0x563c3c7f065e <unknown>\n#10 0x563c3ca7c08b <unknown>\n#11 0x563c3ca80005 <unknown>\n#12 0x563c3ca6a491 <unknown>\n#13 0x563c3ca80b92 <unknown>\n#14 0x563c3ca4f9ef <unknown>\n#15 0x563c3caa6df8 <unknown>\n#16 0x563c3caa6fcb <unknown>\n#17 0x563c3cab6ae4 <unknown>\n#18 0x7f27efe4f134 <unknown>\n\n","statusTrace":"  File \"/usr/local/lib/python3.11/site-packages/allure_commons/_allure.py\", line 192, in impl\n    return func(*a, **kw)\n           ^^^^^^^^^^^^^^\n  File \"/app/pages/item_page.py\", line 40, in add_item_to_cart\n    self.find_element(self._add_item).click()\n    ^^^^^^^^^^^^^^^^^^^^^^^^^^^^^^^^^\n  File \"/app/base/seleniumbase.py\", line 17, in find_element\n    return self.driver.find_element(*locator)\n           ^^^^^^^^^^^^^^^^^^^^^^^^^^^^^^^^^^\n  File \"/usr/local/lib/python3.11/site-packages/selenium/webdriver/remote/webdriver.py\", line 740, in find_element\n    return self.execute(Command.FIND_ELEMENT, {\"using\": by, \"value\": value})[\"value\"]\n           ^^^^^^^^^^^^^^^^^^^^^^^^^^^^^^^^^^^^^^^^^^^^^^^^^^^^^^^^^^^^^^^^^\n  File \"/usr/local/lib/python3.11/site-packages/selenium/webdriver/remote/webdriver.py\", line 346, in execute\n    self.error_handler.check_response(response)\n  File \"/usr/local/lib/python3.11/site-packages/selenium/webdriver/remote/errorhandler.py\", line 245, in check_response\n    raise exception_class(message, screen, stacktrace)\n","steps":[],"attachments":[],"parameters":[{"name":"amount","value":"13"}],"shouldDisplayMessage":true,"stepsCount":0,"attachmentsCount":0,"hasContent":true,"attachmentStep":false}],"attachments":[{"uid":"d8dddcc0ac28d5f8","name":"Screenshot","source":"d8dddcc0ac28d5f8.png","type":"image/png","size":5862},{"uid":"1d16d52623a513ea","name":"HTML source","source":"1d16d52623a513ea.html","type":"text/html","size":39}],"parameters":[],"shouldDisplayMessage":true,"stepsCount":1,"attachmentsCount":2,"hasContent":true,"attachmentStep":false},"afterStages":[{"name":"setup::0","time":{"start":1711155998174,"stop":1711155998174,"duration":0},"status":"passed","steps":[],"attachments":[],"parameters":[],"shouldDisplayMessage":false,"stepsCount":0,"attachmentsCount":0,"hasContent":false,"attachmentStep":false},{"name":"driver::0","time":{"start":1711155998175,"stop":1711155998231,"duration":56},"status":"passed","steps":[],"attachments":[],"parameters":[],"shouldDisplayMessage":false,"stepsCount":0,"attachmentsCount":0,"hasContent":false,"attachmentStep":false}],"labels":[{"name":"epic","value":"Delivery Page - calculation"},{"name":"tag","value":"smoke"},{"name":"parentSuite","value":"tests.delivery"},{"name":"suite","value":"test_delivery_calculation"},{"name":"subSuite","value":"TestDeliveryPageCalculation"},{"name":"host","value":"639fe2579aac"},{"name":"thread","value":"1-MainThread"},{"name":"framework","value":"pytest"},{"name":"language","value":"cpython3"},{"name":"package","value":"tests.delivery.test_delivery_calculation"},{"name":"resultFormat","value":"allure2"}],"parameters":[{"name":"all_time","value":"2190"},{"name":"amount","value":"13"},{"name":"case_id","value":"'TD 004'"},{"name":"in_time","value":"1590"},{"name":"link_item","value":"'products/shtukaturka-gipsovaya-aksolit-m50-30-kg-mashinnogo-naneseniya'"},{"name":"standard","value":"450"},{"name":"url","value":"'https://sandboxtest.stroyrem-nn.ru/'"},{"name":"weight","value":"400"}],"links":[],"hidden":false,"retry":false,"extra":{"severity":"normal","retries":[],"categories":[{"name":"Test defects","matchedStatuses":[],"flaky":false}],"history":{"statistic":{"failed":0,"broken":206,"skipped":0,"passed":0,"unknown":0,"total":206},"items":[{"uid":"3eed6f2e27cfe6f1","reportUrl":"https://zaelcovsky.github.io/StroyremAutomation/269//#testresult/3eed6f2e27cfe6f1","status":"broken","statusDetails":"selenium.common.exceptions.NoSuchElementException: Message: no such element: Unable to locate element: {\"method\":\"xpath\",\"selector\":\"(//a[@class='add-to-cart yellow-btn'])[1]\"}\n  (Session info: chrome-headless-shell=123.0.6312.58); For documentation on this error, please visit: https://www.selenium.dev/documentation/webdriver/troubleshooting/errors#no-such-element-exception\nStacktrace:\n#0 0x55c519e38993 <unknown>\n#1 0x55c519b33136 <unknown>\n#2 0x55c519b7dd48 <unknown>\n#3 0x55c519b7de01 <unknown>\n#4 0x55c519bc0e44 <unknown>\n#5 0x55c519b9fcfd <unknown>\n#6 0x55c519bbe319 <unknown>\n#7 0x55c519b9fa73 <unknown>\n#8 0x55c519b70c93 <unknown>\n#9 0x55c519b7165e <unknown>\n#10 0x55c519dfd08b <unknown>\n#11 0x55c519e01005 <unknown>\n#12 0x55c519deb491 <unknown>\n#13 0x55c519e01b92 <unknown>\n#14 0x55c519dd09ef <unknown>\n#15 0x55c519e27df8 <unknown>\n#16 0x55c519e27fcb <unknown>\n#17 0x55c519e37ae4 <unknown>\n#18 0x7f608c50f134 <unknown>","time":{"start":1711069706312,"stop":1711069706873,"duration":561}},{"uid":"4f1c324a6e19965e","reportUrl":"https://zaelcovsky.github.io/StroyremAutomation/268//#testresult/4f1c324a6e19965e","status":"broken","statusDetails":"selenium.common.exceptions.NoSuchElementException: Message: no such element: Unable to locate element: {\"method\":\"xpath\",\"selector\":\"(//a[@class='add-to-cart yellow-btn'])[1]\"}\n  (Session info: chrome-headless-shell=123.0.6312.58); For documentation on this error, please visit: https://www.selenium.dev/documentation/webdriver/troubleshooting/errors#no-such-element-exception\nStacktrace:\n#0 0x564fd53a8993 <unknown>\n#1 0x564fd50a3136 <unknown>\n#2 0x564fd50edd48 <unknown>\n#3 0x564fd50ede01 <unknown>\n#4 0x564fd5130e44 <unknown>\n#5 0x564fd510fcfd <unknown>\n#6 0x564fd512e319 <unknown>\n#7 0x564fd510fa73 <unknown>\n#8 0x564fd50e0c93 <unknown>\n#9 0x564fd50e165e <unknown>\n#10 0x564fd536d08b <unknown>\n#11 0x564fd5371005 <unknown>\n#12 0x564fd535b491 <unknown>\n#13 0x564fd5371b92 <unknown>\n#14 0x564fd53409ef <unknown>\n#15 0x564fd5397df8 <unknown>\n#16 0x564fd5397fcb <unknown>\n#17 0x564fd53a7ae4 <unknown>\n#18 0x7f660e4b4134 <unknown>","time":{"start":1710983397598,"stop":1710983397986,"duration":388}},{"uid":"d5c17afafa7da85b","reportUrl":"https://zaelcovsky.github.io/StroyremAutomation/267//#testresult/d5c17afafa7da85b","status":"broken","statusDetails":"selenium.common.exceptions.NoSuchElementException: Message: no such element: Unable to locate element: {\"method\":\"xpath\",\"selector\":\"(//a[@class='add-to-cart yellow-btn'])[1]\"}\n  (Session info: chrome-headless-shell=123.0.6312.58); For documentation on this error, please visit: https://www.selenium.dev/documentation/webdriver/troubleshooting/errors#no-such-element-exception\nStacktrace:\n#0 0x5a8b9577d993 <unknown>\n#1 0x5a8b95478136 <unknown>\n#2 0x5a8b954c2d48 <unknown>\n#3 0x5a8b954c2e01 <unknown>\n#4 0x5a8b95505e44 <unknown>\n#5 0x5a8b954e4cfd <unknown>\n#6 0x5a8b95503319 <unknown>\n#7 0x5a8b954e4a73 <unknown>\n#8 0x5a8b954b5c93 <unknown>\n#9 0x5a8b954b665e <unknown>\n#10 0x5a8b9574208b <unknown>\n#11 0x5a8b95746005 <unknown>\n#12 0x5a8b95730491 <unknown>\n#13 0x5a8b95746b92 <unknown>\n#14 0x5a8b957159ef <unknown>\n#15 0x5a8b9576cdf8 <unknown>\n#16 0x5a8b9576cfcb <unknown>\n#17 0x5a8b9577cae4 <unknown>\n#18 0x720ef4113134 <unknown>","time":{"start":1710896903670,"stop":1710896904240,"duration":570}},{"uid":"f80db02f24ab8b9a","reportUrl":"https://zaelcovsky.github.io/StroyremAutomation/266//#testresult/f80db02f24ab8b9a","status":"broken","statusDetails":"selenium.common.exceptions.NoSuchElementException: Message: no such element: Unable to locate element: {\"method\":\"xpath\",\"selector\":\"(//a[@class='add-to-cart yellow-btn'])[1]\"}\n  (Session info: chrome-headless-shell=122.0.6261.128); For documentation on this error, please visit: https://www.selenium.dev/documentation/webdriver/troubleshooting/errors#no-such-element-exception\nStacktrace:\n#0 0x644d27294f33 <unknown>\n#1 0x644d26f8cce6 <unknown>\n#2 0x644d26fd7e48 <unknown>\n#3 0x644d26fd7f01 <unknown>\n#4 0x644d2701b3f4 <unknown>\n#5 0x644d26ff9edd <unknown>\n#6 0x644d27018899 <unknown>\n#7 0x644d26ff9c53 <unknown>\n#8 0x644d26fcadb3 <unknown>\n#9 0x644d26fcb77e <unknown>\n#10 0x644d2725a86b <unknown>\n#11 0x644d2725e885 <unknown>\n#12 0x644d27248181 <unknown>\n#13 0x644d2725f412 <unknown>\n#14 0x644d2722c25f <unknown>\n#15 0x644d27283528 <unknown>\n#16 0x644d27283723 <unknown>\n#17 0x644d272940e4 <unknown>\n#18 0x7bf521ae4134 <unknown>","time":{"start":1710810447595,"stop":1710810448135,"duration":540}},{"uid":"71a0f002a1d6efe9","reportUrl":"https://zaelcovsky.github.io/StroyremAutomation/265//#testresult/71a0f002a1d6efe9","status":"broken","statusDetails":"selenium.common.exceptions.NoSuchElementException: Message: no such element: Unable to locate element: {\"method\":\"xpath\",\"selector\":\"(//a[@class='add-to-cart yellow-btn'])[1]\"}\n  (Session info: chrome-headless-shell=122.0.6261.128); For documentation on this error, please visit: https://www.selenium.dev/documentation/webdriver/troubleshooting/errors#no-such-element-exception\nStacktrace:\n#0 0x5780f0ecdf33 <unknown>\n#1 0x5780f0bc5ce6 <unknown>\n#2 0x5780f0c10e48 <unknown>\n#3 0x5780f0c10f01 <unknown>\n#4 0x5780f0c543f4 <unknown>\n#5 0x5780f0c32edd <unknown>\n#6 0x5780f0c51899 <unknown>\n#7 0x5780f0c32c53 <unknown>\n#8 0x5780f0c03db3 <unknown>\n#9 0x5780f0c0477e <unknown>\n#10 0x5780f0e9386b <unknown>\n#11 0x5780f0e97885 <unknown>\n#12 0x5780f0e81181 <unknown>\n#13 0x5780f0e98412 <unknown>\n#14 0x5780f0e6525f <unknown>\n#15 0x5780f0ebc528 <unknown>\n#16 0x5780f0ebc723 <unknown>\n#17 0x5780f0ecd0e4 <unknown>\n#18 0x7d762ec2e134 <unknown>","time":{"start":1710724172599,"stop":1710724173007,"duration":408}},{"uid":"1b1447ed300c679f","reportUrl":"https://zaelcovsky.github.io/StroyremAutomation/264//#testresult/1b1447ed300c679f","status":"broken","statusDetails":"selenium.common.exceptions.NoSuchElementException: Message: no such element: Unable to locate element: {\"method\":\"xpath\",\"selector\":\"(//a[@class='add-to-cart yellow-btn'])[1]\"}\n  (Session info: chrome-headless-shell=122.0.6261.128); For documentation on this error, please visit: https://www.selenium.dev/documentation/webdriver/troubleshooting/errors#no-such-element-exception\nStacktrace:\n#0 0x588b4e85df33 <unknown>\n#1 0x588b4e555ce6 <unknown>\n#2 0x588b4e5a0e48 <unknown>\n#3 0x588b4e5a0f01 <unknown>\n#4 0x588b4e5e43f4 <unknown>\n#5 0x588b4e5c2edd <unknown>\n#6 0x588b4e5e1899 <unknown>\n#7 0x588b4e5c2c53 <unknown>\n#8 0x588b4e593db3 <unknown>\n#9 0x588b4e59477e <unknown>\n#10 0x588b4e82386b <unknown>\n#11 0x588b4e827885 <unknown>\n#12 0x588b4e811181 <unknown>\n#13 0x588b4e828412 <unknown>\n#14 0x588b4e7f525f <unknown>\n#15 0x588b4e84c528 <unknown>\n#16 0x588b4e84c723 <unknown>\n#17 0x588b4e85d0e4 <unknown>\n#18 0x760e439c5134 <unknown>","time":{"start":1710637953744,"stop":1710637954335,"duration":591}},{"uid":"ab0d0501fde2c855","reportUrl":"https://zaelcovsky.github.io/StroyremAutomation/263//#testresult/ab0d0501fde2c855","status":"broken","statusDetails":"selenium.common.exceptions.NoSuchElementException: Message: no such element: Unable to locate element: {\"method\":\"xpath\",\"selector\":\"(//a[@class='add-to-cart yellow-btn'])[1]\"}\n  (Session info: chrome-headless-shell=122.0.6261.128); For documentation on this error, please visit: https://www.selenium.dev/documentation/webdriver/troubleshooting/errors#no-such-element-exception\nStacktrace:\n#0 0x55d773265f33 <unknown>\n#1 0x55d772f5dce6 <unknown>\n#2 0x55d772fa8e48 <unknown>\n#3 0x55d772fa8f01 <unknown>\n#4 0x55d772fec3f4 <unknown>\n#5 0x55d772fcaedd <unknown>\n#6 0x55d772fe9899 <unknown>\n#7 0x55d772fcac53 <unknown>\n#8 0x55d772f9bdb3 <unknown>\n#9 0x55d772f9c77e <unknown>\n#10 0x55d77322b86b <unknown>\n#11 0x55d77322f885 <unknown>\n#12 0x55d773219181 <unknown>\n#13 0x55d773230412 <unknown>\n#14 0x55d7731fd25f <unknown>\n#15 0x55d773254528 <unknown>\n#16 0x55d773254723 <unknown>\n#17 0x55d7732650e4 <unknown>\n#18 0x7c50f59cc134 <unknown>","time":{"start":1710551175318,"stop":1710551175727,"duration":409}},{"uid":"6556e23637e9670","reportUrl":"https://zaelcovsky.github.io/StroyremAutomation/262//#testresult/6556e23637e9670","status":"broken","statusDetails":"selenium.common.exceptions.NoSuchElementException: Message: no such element: Unable to locate element: {\"method\":\"xpath\",\"selector\":\"(//a[@class='add-to-cart yellow-btn'])[1]\"}\n  (Session info: chrome-headless-shell=122.0.6261.128); For documentation on this error, please visit: https://www.selenium.dev/documentation/webdriver/troubleshooting/errors#no-such-element-exception\nStacktrace:\n#0 0x5feebe590f33 <unknown>\n#1 0x5feebe288ce6 <unknown>\n#2 0x5feebe2d3e48 <unknown>\n#3 0x5feebe2d3f01 <unknown>\n#4 0x5feebe3173f4 <unknown>\n#5 0x5feebe2f5edd <unknown>\n#6 0x5feebe314899 <unknown>\n#7 0x5feebe2f5c53 <unknown>\n#8 0x5feebe2c6db3 <unknown>\n#9 0x5feebe2c777e <unknown>\n#10 0x5feebe55686b <unknown>\n#11 0x5feebe55a885 <unknown>\n#12 0x5feebe544181 <unknown>\n#13 0x5feebe55b412 <unknown>\n#14 0x5feebe52825f <unknown>\n#15 0x5feebe57f528 <unknown>\n#16 0x5feebe57f723 <unknown>\n#17 0x5feebe5900e4 <unknown>\n#18 0x747ad6bb4134 <unknown>","time":{"start":1710464972072,"stop":1710464972645,"duration":573}},{"uid":"d3936efd889e6f96","reportUrl":"https://zaelcovsky.github.io/StroyremAutomation/261//#testresult/d3936efd889e6f96","status":"broken","statusDetails":"selenium.common.exceptions.NoSuchElementException: Message: no such element: Unable to locate element: {\"method\":\"xpath\",\"selector\":\"(//a[@class='add-to-cart yellow-btn'])[1]\"}\n  (Session info: chrome-headless-shell=122.0.6261.128); For documentation on this error, please visit: https://www.selenium.dev/documentation/webdriver/troubleshooting/errors#no-such-element-exception\nStacktrace:\n#0 0x5cbf7c9b1f33 <unknown>\n#1 0x5cbf7c6a9ce6 <unknown>\n#2 0x5cbf7c6f4e48 <unknown>\n#3 0x5cbf7c6f4f01 <unknown>\n#4 0x5cbf7c7383f4 <unknown>\n#5 0x5cbf7c716edd <unknown>\n#6 0x5cbf7c735899 <unknown>\n#7 0x5cbf7c716c53 <unknown>\n#8 0x5cbf7c6e7db3 <unknown>\n#9 0x5cbf7c6e877e <unknown>\n#10 0x5cbf7c97786b <unknown>\n#11 0x5cbf7c97b885 <unknown>\n#12 0x5cbf7c965181 <unknown>\n#13 0x5cbf7c97c412 <unknown>\n#14 0x5cbf7c94925f <unknown>\n#15 0x5cbf7c9a0528 <unknown>\n#16 0x5cbf7c9a0723 <unknown>\n#17 0x5cbf7c9b10e4 <unknown>\n#18 0x790054835134 <unknown>","time":{"start":1710378508359,"stop":1710378508955,"duration":596}},{"uid":"9f5404afd063d85c","reportUrl":"https://zaelcovsky.github.io/StroyremAutomation/260//#testresult/9f5404afd063d85c","status":"broken","statusDetails":"selenium.common.exceptions.NoSuchElementException: Message: no such element: Unable to locate element: {\"method\":\"xpath\",\"selector\":\"(//a[@class='add-to-cart yellow-btn'])[1]\"}\n  (Session info: chrome-headless-shell=122.0.6261.128); For documentation on this error, please visit: https://www.selenium.dev/documentation/webdriver/troubleshooting/errors#no-such-element-exception\nStacktrace:\n#0 0x55ea209bef33 <unknown>\n#1 0x55ea206b6ce6 <unknown>\n#2 0x55ea20701e48 <unknown>\n#3 0x55ea20701f01 <unknown>\n#4 0x55ea207453f4 <unknown>\n#5 0x55ea20723edd <unknown>\n#6 0x55ea20742899 <unknown>\n#7 0x55ea20723c53 <unknown>\n#8 0x55ea206f4db3 <unknown>\n#9 0x55ea206f577e <unknown>\n#10 0x55ea2098486b <unknown>\n#11 0x55ea20988885 <unknown>\n#12 0x55ea20972181 <unknown>\n#13 0x55ea20989412 <unknown>\n#14 0x55ea2095625f <unknown>\n#15 0x55ea209ad528 <unknown>\n#16 0x55ea209ad723 <unknown>\n#17 0x55ea209be0e4 <unknown>\n#18 0x7fd1fbd42134 <unknown>","time":{"start":1710292247414,"stop":1710292247822,"duration":408}},{"uid":"d67a89172247f0a4","reportUrl":"https://zaelcovsky.github.io/StroyremAutomation/259//#testresult/d67a89172247f0a4","status":"broken","statusDetails":"selenium.common.exceptions.NoSuchElementException: Message: no such element: Unable to locate element: {\"method\":\"xpath\",\"selector\":\"(//a[@class='add-to-cart yellow-btn'])[1]\"}\n  (Session info: chrome-headless-shell=122.0.6261.111); For documentation on this error, please visit: https://www.selenium.dev/documentation/webdriver/troubleshooting/errors#no-such-element-exception\nStacktrace:\n#0 0x63af79980ec3 <unknown>\n#1 0x63af79678ce6 <unknown>\n#2 0x63af796c3e48 <unknown>\n#3 0x63af796c3f01 <unknown>\n#4 0x63af797073f4 <unknown>\n#5 0x63af796e5edd <unknown>\n#6 0x63af79704899 <unknown>\n#7 0x63af796e5c53 <unknown>\n#8 0x63af796b6db3 <unknown>\n#9 0x63af796b777e <unknown>\n#10 0x63af799467fb <unknown>\n#11 0x63af7994a815 <unknown>\n#12 0x63af79934111 <unknown>\n#13 0x63af7994b3a2 <unknown>\n#14 0x63af799181ef <unknown>\n#15 0x63af7996f4b8 <unknown>\n#16 0x63af7996f6b3 <unknown>\n#17 0x63af79980074 <unknown>\n#18 0x7671cbd90134 <unknown>","time":{"start":1710205620111,"stop":1710205620433,"duration":322}},{"uid":"50b52743a9ee8dec","reportUrl":"https://zaelcovsky.github.io/StroyremAutomation/258//#testresult/50b52743a9ee8dec","status":"broken","statusDetails":"selenium.common.exceptions.NoSuchElementException: Message: no such element: Unable to locate element: {\"method\":\"xpath\",\"selector\":\"(//a[@class='add-to-cart yellow-btn'])[1]\"}\n  (Session info: chrome-headless-shell=122.0.6261.111); For documentation on this error, please visit: https://www.selenium.dev/documentation/webdriver/troubleshooting/errors#no-such-element-exception\nStacktrace:\n#0 0x55bcf9c43ec3 <unknown>\n#1 0x55bcf993bce6 <unknown>\n#2 0x55bcf9986e48 <unknown>\n#3 0x55bcf9986f01 <unknown>\n#4 0x55bcf99ca3f4 <unknown>\n#5 0x55bcf99a8edd <unknown>\n#6 0x55bcf99c7899 <unknown>\n#7 0x55bcf99a8c53 <unknown>\n#8 0x55bcf9979db3 <unknown>\n#9 0x55bcf997a77e <unknown>\n#10 0x55bcf9c097fb <unknown>\n#11 0x55bcf9c0d815 <unknown>\n#12 0x55bcf9bf7111 <unknown>\n#13 0x55bcf9c0e3a2 <unknown>\n#14 0x55bcf9bdb1ef <unknown>\n#15 0x55bcf9c324b8 <unknown>\n#16 0x55bcf9c326b3 <unknown>\n#17 0x55bcf9c43074 <unknown>\n#18 0x7f96956c0134 <unknown>","time":{"start":1710119294735,"stop":1710119295383,"duration":648}},{"uid":"8561f099a9271bdb","reportUrl":"https://zaelcovsky.github.io/StroyremAutomation/257//#testresult/8561f099a9271bdb","status":"broken","statusDetails":"selenium.common.exceptions.NoSuchElementException: Message: no such element: Unable to locate element: {\"method\":\"xpath\",\"selector\":\"(//a[@class='add-to-cart yellow-btn'])[1]\"}\n  (Session info: chrome-headless-shell=122.0.6261.111); For documentation on this error, please visit: https://www.selenium.dev/documentation/webdriver/troubleshooting/errors#no-such-element-exception\nStacktrace:\n#0 0x562f279d3ec3 <unknown>\n#1 0x562f276cbce6 <unknown>\n#2 0x562f27716e48 <unknown>\n#3 0x562f27716f01 <unknown>\n#4 0x562f2775a3f4 <unknown>\n#5 0x562f27738edd <unknown>\n#6 0x562f27757899 <unknown>\n#7 0x562f27738c53 <unknown>\n#8 0x562f27709db3 <unknown>\n#9 0x562f2770a77e <unknown>\n#10 0x562f279997fb <unknown>\n#11 0x562f2799d815 <unknown>\n#12 0x562f27987111 <unknown>\n#13 0x562f2799e3a2 <unknown>\n#14 0x562f2796b1ef <unknown>\n#15 0x562f279c24b8 <unknown>\n#16 0x562f279c26b3 <unknown>\n#17 0x562f279d3074 <unknown>\n#18 0x7f4338de8134 <unknown>","time":{"start":1710033135580,"stop":1710033135976,"duration":396}},{"uid":"4be9bd0ab2d3103","reportUrl":"https://zaelcovsky.github.io/StroyremAutomation/256//#testresult/4be9bd0ab2d3103","status":"broken","statusDetails":"selenium.common.exceptions.NoSuchElementException: Message: no such element: Unable to locate element: {\"method\":\"xpath\",\"selector\":\"(//a[@class='add-to-cart yellow-btn'])[1]\"}\n  (Session info: chrome-headless-shell=122.0.6261.111); For documentation on this error, please visit: https://www.selenium.dev/documentation/webdriver/troubleshooting/errors#no-such-element-exception\nStacktrace:\n#0 0x55b9b671cec3 <unknown>\n#1 0x55b9b6414ce6 <unknown>\n#2 0x55b9b645fe48 <unknown>\n#3 0x55b9b645ff01 <unknown>\n#4 0x55b9b64a33f4 <unknown>\n#5 0x55b9b6481edd <unknown>\n#6 0x55b9b64a0899 <unknown>\n#7 0x55b9b6481c53 <unknown>\n#8 0x55b9b6452db3 <unknown>\n#9 0x55b9b645377e <unknown>\n#10 0x55b9b66e27fb <unknown>\n#11 0x55b9b66e6815 <unknown>\n#12 0x55b9b66d0111 <unknown>\n#13 0x55b9b66e73a2 <unknown>\n#14 0x55b9b66b41ef <unknown>\n#15 0x55b9b670b4b8 <unknown>\n#16 0x55b9b670b6b3 <unknown>\n#17 0x55b9b671c074 <unknown>\n#18 0x7f45b74d4134 <unknown>","time":{"start":1709946383330,"stop":1709946383935,"duration":605}},{"uid":"d93ede6a5c763f50","reportUrl":"https://zaelcovsky.github.io/StroyremAutomation/255//#testresult/d93ede6a5c763f50","status":"broken","statusDetails":"selenium.common.exceptions.NoSuchElementException: Message: no such element: Unable to locate element: {\"method\":\"xpath\",\"selector\":\"(//a[@class='add-to-cart yellow-btn'])[1]\"}\n  (Session info: chrome-headless-shell=122.0.6261.111); For documentation on this error, please visit: https://www.selenium.dev/documentation/webdriver/troubleshooting/errors#no-such-element-exception\nStacktrace:\n#0 0x55ac58c33ec3 <unknown>\n#1 0x55ac5892bce6 <unknown>\n#2 0x55ac58976e48 <unknown>\n#3 0x55ac58976f01 <unknown>\n#4 0x55ac589ba3f4 <unknown>\n#5 0x55ac58998edd <unknown>\n#6 0x55ac589b7899 <unknown>\n#7 0x55ac58998c53 <unknown>\n#8 0x55ac58969db3 <unknown>\n#9 0x55ac5896a77e <unknown>\n#10 0x55ac58bf97fb <unknown>\n#11 0x55ac58bfd815 <unknown>\n#12 0x55ac58be7111 <unknown>\n#13 0x55ac58bfe3a2 <unknown>\n#14 0x55ac58bcb1ef <unknown>\n#15 0x55ac58c224b8 <unknown>\n#16 0x55ac58c226b3 <unknown>\n#17 0x55ac58c33074 <unknown>\n#18 0x7f711e56c134 <unknown>","time":{"start":1709860022024,"stop":1709860022467,"duration":443}},{"uid":"75e4a08491d13cd2","reportUrl":"https://zaelcovsky.github.io/StroyremAutomation/254//#testresult/75e4a08491d13cd2","status":"broken","statusDetails":"selenium.common.exceptions.NoSuchElementException: Message: no such element: Unable to locate element: {\"method\":\"xpath\",\"selector\":\"(//a[@class='add-to-cart yellow-btn'])[1]\"}\n  (Session info: chrome-headless-shell=122.0.6261.94); For documentation on this error, please visit: https://www.selenium.dev/documentation/webdriver/troubleshooting/errors#no-such-element-exception\nStacktrace:\n#0 0x55b8b4060e93 <unknown>\n#1 0x55b8b3d58ce6 <unknown>\n#2 0x55b8b3da3e48 <unknown>\n#3 0x55b8b3da3f01 <unknown>\n#4 0x55b8b3de73f4 <unknown>\n#5 0x55b8b3dc5edd <unknown>\n#6 0x55b8b3de4899 <unknown>\n#7 0x55b8b3dc5c53 <unknown>\n#8 0x55b8b3d96db3 <unknown>\n#9 0x55b8b3d9777e <unknown>\n#10 0x55b8b40267cb <unknown>\n#11 0x55b8b402a7e5 <unknown>\n#12 0x55b8b40140e1 <unknown>\n#13 0x55b8b402b372 <unknown>\n#14 0x55b8b3ff81bf <unknown>\n#15 0x55b8b404f488 <unknown>\n#16 0x55b8b404f683 <unknown>\n#17 0x55b8b4060044 <unknown>\n#18 0x7f85cd0f2134 <unknown>","time":{"start":1709773124287,"stop":1709773124689,"duration":402}},{"uid":"8043cce0ac53ab6f","reportUrl":"https://zaelcovsky.github.io/StroyremAutomation/253//#testresult/8043cce0ac53ab6f","status":"broken","statusDetails":"selenium.common.exceptions.NoSuchElementException: Message: no such element: Unable to locate element: {\"method\":\"xpath\",\"selector\":\"(//a[@class='add-to-cart yellow-btn'])[1]\"}\n  (Session info: chrome-headless-shell=122.0.6261.94); For documentation on this error, please visit: https://www.selenium.dev/documentation/webdriver/troubleshooting/errors#no-such-element-exception\nStacktrace:\n#0 0x5591ef5a2e93 <unknown>\n#1 0x5591ef29ace6 <unknown>\n#2 0x5591ef2e5e48 <unknown>\n#3 0x5591ef2e5f01 <unknown>\n#4 0x5591ef3293f4 <unknown>\n#5 0x5591ef307edd <unknown>\n#6 0x5591ef326899 <unknown>\n#7 0x5591ef307c53 <unknown>\n#8 0x5591ef2d8db3 <unknown>\n#9 0x5591ef2d977e <unknown>\n#10 0x5591ef5687cb <unknown>\n#11 0x5591ef56c7e5 <unknown>\n#12 0x5591ef5560e1 <unknown>\n#13 0x5591ef56d372 <unknown>\n#14 0x5591ef53a1bf <unknown>\n#15 0x5591ef591488 <unknown>\n#16 0x5591ef591683 <unknown>\n#17 0x5591ef5a2044 <unknown>\n#18 0x7f1604dbc134 <unknown>","time":{"start":1709687229362,"stop":1709687229773,"duration":411}},{"uid":"817cab5f865b3848","reportUrl":"https://zaelcovsky.github.io/StroyremAutomation/252//#testresult/817cab5f865b3848","status":"broken","statusDetails":"selenium.common.exceptions.NoSuchElementException: Message: no such element: Unable to locate element: {\"method\":\"xpath\",\"selector\":\"(//a[@class='add-to-cart yellow-btn'])[1]\"}\n  (Session info: chrome-headless-shell=122.0.6261.94); For documentation on this error, please visit: https://www.selenium.dev/documentation/webdriver/troubleshooting/errors#no-such-element-exception\nStacktrace:\n#0 0x55b5dcffce93 <unknown>\n#1 0x55b5dccf4ce6 <unknown>\n#2 0x55b5dcd3fe48 <unknown>\n#3 0x55b5dcd3ff01 <unknown>\n#4 0x55b5dcd833f4 <unknown>\n#5 0x55b5dcd61edd <unknown>\n#6 0x55b5dcd80899 <unknown>\n#7 0x55b5dcd61c53 <unknown>\n#8 0x55b5dcd32db3 <unknown>\n#9 0x55b5dcd3377e <unknown>\n#10 0x55b5dcfc27cb <unknown>\n#11 0x55b5dcfc67e5 <unknown>\n#12 0x55b5dcfb00e1 <unknown>\n#13 0x55b5dcfc7372 <unknown>\n#14 0x55b5dcf941bf <unknown>\n#15 0x55b5dcfeb488 <unknown>\n#16 0x55b5dcfeb683 <unknown>\n#17 0x55b5dcffc044 <unknown>\n#18 0x7f64ef978134 <unknown>","time":{"start":1709600811013,"stop":1709600811316,"duration":303}},{"uid":"bd010df92f986673","reportUrl":"https://zaelcovsky.github.io/StroyremAutomation/251//#testresult/bd010df92f986673","status":"broken","statusDetails":"selenium.common.exceptions.NoSuchElementException: Message: no such element: Unable to locate element: {\"method\":\"xpath\",\"selector\":\"(//a[@class='add-to-cart yellow-btn'])[1]\"}\n  (Session info: chrome-headless-shell=122.0.6261.94); For documentation on this error, please visit: https://www.selenium.dev/documentation/webdriver/troubleshooting/errors#no-such-element-exception\nStacktrace:\n#0 0x555d1b8b7e93 <unknown>\n#1 0x555d1b5afce6 <unknown>\n#2 0x555d1b5fae48 <unknown>\n#3 0x555d1b5faf01 <unknown>\n#4 0x555d1b63e3f4 <unknown>\n#5 0x555d1b61cedd <unknown>\n#6 0x555d1b63b899 <unknown>\n#7 0x555d1b61cc53 <unknown>\n#8 0x555d1b5eddb3 <unknown>\n#9 0x555d1b5ee77e <unknown>\n#10 0x555d1b87d7cb <unknown>\n#11 0x555d1b8817e5 <unknown>\n#12 0x555d1b86b0e1 <unknown>\n#13 0x555d1b882372 <unknown>\n#14 0x555d1b84f1bf <unknown>\n#15 0x555d1b8a6488 <unknown>\n#16 0x555d1b8a6683 <unknown>\n#17 0x555d1b8b7044 <unknown>\n#18 0x7f19e2547134 <unknown>","time":{"start":1709514466078,"stop":1709514466466,"duration":388}},{"uid":"e6eeb80fc6c80952","reportUrl":"https://zaelcovsky.github.io/StroyremAutomation/250//#testresult/e6eeb80fc6c80952","status":"broken","statusDetails":"selenium.common.exceptions.NoSuchElementException: Message: no such element: Unable to locate element: {\"method\":\"xpath\",\"selector\":\"(//a[@class='add-to-cart yellow-btn'])[1]\"}\n  (Session info: chrome-headless-shell=122.0.6261.94); For documentation on this error, please visit: https://www.selenium.dev/documentation/webdriver/troubleshooting/errors#no-such-element-exception\nStacktrace:\n#0 0x5585a023de93 <unknown>\n#1 0x55859ff35ce6 <unknown>\n#2 0x55859ff80e48 <unknown>\n#3 0x55859ff80f01 <unknown>\n#4 0x55859ffc43f4 <unknown>\n#5 0x55859ffa2edd <unknown>\n#6 0x55859ffc1899 <unknown>\n#7 0x55859ffa2c53 <unknown>\n#8 0x55859ff73db3 <unknown>\n#9 0x55859ff7477e <unknown>\n#10 0x5585a02037cb <unknown>\n#11 0x5585a02077e5 <unknown>\n#12 0x5585a01f10e1 <unknown>\n#13 0x5585a0208372 <unknown>\n#14 0x5585a01d51bf <unknown>\n#15 0x5585a022c488 <unknown>\n#16 0x5585a022c683 <unknown>\n#17 0x5585a023d044 <unknown>\n#18 0x7f0775d39134 <unknown>","time":{"start":1709428282870,"stop":1709428283438,"duration":568}}]},"tags":["smoke"]},"source":"b612f673339c6dde.json","parameterValues":["2190","13","'TD 004'","1590","'products/shtukaturka-gipsovaya-aksolit-m50-30-kg-mashinnogo-naneseniya'","450","'https://sandboxtest.stroyrem-nn.ru/'","400"]}