{"uid":"3aead98b30ac5f65","name":"Авторизация с помощью аккаунта ya.ru","fullName":"tests.test_sign_in.test_sign_in_page.TestSignInPage#test_positive_authorization_first_time_using_YA_smoke","historyId":"dad914aa68b78287aa131957fc42820c","time":{"start":1705458365990,"stop":1705458371260,"duration":5270},"status":"skipped","statusMessage":"XFAIL Появляется капча Яндекса при запуске теста на Github\n\nselenium.common.exceptions.InvalidCookieDomainException: Message: invalid cookie domain: Cookie 'domain' mismatch\n  (Session info: chrome-headless-shell=120.0.6099.109)\nStacktrace:\n#0 0x55a075feef83 <unknown>\n#1 0x55a075ca7cf7 <unknown>\n#2 0x55a075d54538 <unknown>\n#3 0x55a075d210b2 <unknown>\n#4 0x55a075d40006 <unknown>\n#5 0x55a075d20e53 <unknown>\n#6 0x55a075ce8dd4 <unknown>\n#7 0x55a075cea1de <unknown>\n#8 0x55a075fb3531 <unknown>\n#9 0x55a075fb7455 <unknown>\n#10 0x55a075f9ff55 <unknown>\n#11 0x55a075fb80ef <unknown>\n#12 0x55a075f8399f <unknown>\n#13 0x55a075fdc008 <unknown>\n#14 0x55a075fdc1d7 <unknown>\n#15 0x55a075fee124 <unknown>\n#16 0x7f87eced7044 <unknown>","statusTrace":"self = <tests.test_sign_in.test_sign_in_page.TestSignInPage object at 0x7f4939e08e10>\ndriver = <selenium.webdriver.chrome.webdriver.WebDriver (session=\"b04e2fb84f5f7dd608b9ab543461ce40\")>\nsign_in_page = <pages.sign_in_page.SignInPage object at 0x7f493a812310>\nopen_sign_in_window = None\n\n    @allure.title(\"Авторизация с помощью аккаунта ya.ru\")\n    @pytest.mark.xfail(reason=\"Появляется капча Яндекса при запуске теста на Github\")\n    @pytest.mark.smoke_test\n    def test_positive_authorization_first_time_using_YA_smoke(self, driver, sign_in_page, open_sign_in_window):\n        sign_in_page.get_ya_ru_auth_icon().click()\n        driver.switch_to.window(driver.window_handles[1])\n        # driver.delete_all_cookies()\n>       driver.add_cookie({'name': 'uniqueuid',\n                           'value': '384528911692006899',\n                           'domain': 'passport.yandex.ru',\n                           'httpOnly': True,\n                           'path': '/',\n                           'expiry': 1723499808,\n                           'sameSite': 'Lax',\n                           'secure': True})\n\ntests/test_sign_in/test_sign_in_page.py:137: \n_ _ _ _ _ _ _ _ _ _ _ _ _ _ _ _ _ _ _ _ _ _ _ _ _ _ _ _ _ _ _ _ _ _ _ _ _ _ _ _ \n/usr/local/lib/python3.11/site-packages/selenium/webdriver/remote/webdriver.py:633: in add_cookie\n    self.execute(Command.ADD_COOKIE, {\"cookie\": cookie_dict})\n/usr/local/lib/python3.11/site-packages/selenium/webdriver/remote/webdriver.py:346: in execute\n    self.error_handler.check_response(response)\n_ _ _ _ _ _ _ _ _ _ _ _ _ _ _ _ _ _ _ _ _ _ _ _ _ _ _ _ _ _ _ _ _ _ _ _ _ _ _ _ \n\nself = <selenium.webdriver.remote.errorhandler.ErrorHandler object at 0x7f493997e690>\nresponse = {'status': 400, 'value': '{\"value\":{\"error\":\"invalid cookie domain\",\"message\":\"invalid cookie domain: Cookie \\'domain\\...\\\\n#14 0x55a075fdc1d7 \\\\u003Cunknown>\\\\n#15 0x55a075fee124 \\\\u003Cunknown>\\\\n#16 0x7f87eced7044 \\\\u003Cunknown>\\\\n\"}}'}\n\n    def check_response(self, response: Dict[str, Any]) -> None:\n        \"\"\"Checks that a JSON response from the WebDriver does not have an\n        error.\n    \n        :Args:\n         - response - The JSON response from the WebDriver server as a dictionary\n           object.\n    \n        :Raises: If the response contains an error message.\n        \"\"\"\n        status = response.get(\"status\", None)\n        if not status or status == ErrorCode.SUCCESS:\n            return\n        value = None\n        message = response.get(\"message\", \"\")\n        screen: str = response.get(\"screen\", \"\")\n        stacktrace = None\n        if isinstance(status, int):\n            value_json = response.get(\"value\", None)\n            if value_json and isinstance(value_json, str):\n                import json\n    \n                try:\n                    value = json.loads(value_json)\n                    if len(value) == 1:\n                        value = value[\"value\"]\n                    status = value.get(\"error\", None)\n                    if not status:\n                        status = value.get(\"status\", ErrorCode.UNKNOWN_ERROR)\n                        message = value.get(\"value\") or value.get(\"message\")\n                        if not isinstance(message, str):\n                            value = message\n                            message = message.get(\"message\")\n                    else:\n                        message = value.get(\"message\", None)\n                except ValueError:\n                    pass\n    \n        exception_class: Type[WebDriverException]\n        if status in ErrorCode.NO_SUCH_ELEMENT:\n            exception_class = NoSuchElementException\n        elif status in ErrorCode.NO_SUCH_FRAME:\n            exception_class = NoSuchFrameException\n        elif status in ErrorCode.NO_SUCH_SHADOW_ROOT:\n            exception_class = NoSuchShadowRootException\n        elif status in ErrorCode.NO_SUCH_WINDOW:\n            exception_class = NoSuchWindowException\n        elif status in ErrorCode.STALE_ELEMENT_REFERENCE:\n            exception_class = StaleElementReferenceException\n        elif status in ErrorCode.ELEMENT_NOT_VISIBLE:\n            exception_class = ElementNotVisibleException\n        elif status in ErrorCode.INVALID_ELEMENT_STATE:\n            exception_class = InvalidElementStateException\n        elif (\n            status in ErrorCode.INVALID_SELECTOR\n            or status in ErrorCode.INVALID_XPATH_SELECTOR\n            or status in ErrorCode.INVALID_XPATH_SELECTOR_RETURN_TYPER\n        ):\n            exception_class = InvalidSelectorException\n        elif status in ErrorCode.ELEMENT_IS_NOT_SELECTABLE:\n            exception_class = ElementNotSelectableException\n        elif status in ErrorCode.ELEMENT_NOT_INTERACTABLE:\n            exception_class = ElementNotInteractableException\n        elif status in ErrorCode.INVALID_COOKIE_DOMAIN:\n            exception_class = InvalidCookieDomainException\n        elif status in ErrorCode.UNABLE_TO_SET_COOKIE:\n            exception_class = UnableToSetCookieException\n        elif status in ErrorCode.TIMEOUT:\n            exception_class = TimeoutException\n        elif status in ErrorCode.SCRIPT_TIMEOUT:\n            exception_class = TimeoutException\n        elif status in ErrorCode.UNKNOWN_ERROR:\n            exception_class = WebDriverException\n        elif status in ErrorCode.UNEXPECTED_ALERT_OPEN:\n            exception_class = UnexpectedAlertPresentException\n        elif status in ErrorCode.NO_ALERT_OPEN:\n            exception_class = NoAlertPresentException\n        elif status in ErrorCode.IME_NOT_AVAILABLE:\n            exception_class = ImeNotAvailableException\n        elif status in ErrorCode.IME_ENGINE_ACTIVATION_FAILED:\n            exception_class = ImeActivationFailedException\n        elif status in ErrorCode.MOVE_TARGET_OUT_OF_BOUNDS:\n            exception_class = MoveTargetOutOfBoundsException\n        elif status in ErrorCode.JAVASCRIPT_ERROR:\n            exception_class = JavascriptException\n        elif status in ErrorCode.SESSION_NOT_CREATED:\n            exception_class = SessionNotCreatedException\n        elif status in ErrorCode.INVALID_ARGUMENT:\n            exception_class = InvalidArgumentException\n        elif status in ErrorCode.NO_SUCH_COOKIE:\n            exception_class = NoSuchCookieException\n        elif status in ErrorCode.UNABLE_TO_CAPTURE_SCREEN:\n            exception_class = ScreenshotException\n        elif status in ErrorCode.ELEMENT_CLICK_INTERCEPTED:\n            exception_class = ElementClickInterceptedException\n        elif status in ErrorCode.INSECURE_CERTIFICATE:\n            exception_class = InsecureCertificateException\n        elif status in ErrorCode.INVALID_COORDINATES:\n            exception_class = InvalidCoordinatesException\n        elif status in ErrorCode.INVALID_SESSION_ID:\n            exception_class = InvalidSessionIdException\n        elif status in ErrorCode.UNKNOWN_METHOD:\n            exception_class = UnknownMethodException\n        else:\n            exception_class = WebDriverException\n        if not value:\n            value = response[\"value\"]\n        if isinstance(value, str):\n            raise exception_class(value)\n        if message == \"\" and \"message\" in value:\n            message = value[\"message\"]\n    \n        screen = None  # type: ignore[assignment]\n        if \"screen\" in value:\n            screen = value[\"screen\"]\n    \n        stacktrace = None\n        st_value = value.get(\"stackTrace\") or value.get(\"stacktrace\")\n        if st_value:\n            if isinstance(st_value, str):\n                stacktrace = st_value.split(\"\\n\")\n            else:\n                stacktrace = []\n                try:\n                    for frame in st_value:\n                        line = frame.get(\"lineNumber\", \"\")\n                        file = frame.get(\"fileName\", \"<anonymous>\")\n                        if line:\n                            file = f\"{file}:{line}\"\n                        meth = frame.get(\"methodName\", \"<anonymous>\")\n                        if \"className\" in frame:\n                            meth = f\"{frame['className']}.{meth}\"\n                        msg = \"    at %s (%s)\"\n                        msg = msg % (meth, file)\n                        stacktrace.append(msg)\n                except TypeError:\n                    pass\n        if exception_class == UnexpectedAlertPresentException:\n            alert_text = None\n            if \"data\" in value:\n                alert_text = value[\"data\"].get(\"text\")\n            elif \"alert\" in value:\n                alert_text = value[\"alert\"].get(\"text\")\n            raise exception_class(message, screen, stacktrace, alert_text)  # type: ignore[call-arg]  # mypy is not smart enough here\n>       raise exception_class(message, screen, stacktrace)\nE       selenium.common.exceptions.InvalidCookieDomainException: Message: invalid cookie domain: Cookie 'domain' mismatch\nE         (Session info: chrome-headless-shell=120.0.6099.109)\nE       Stacktrace:\nE       #0 0x55a075feef83 <unknown>\nE       #1 0x55a075ca7cf7 <unknown>\nE       #2 0x55a075d54538 <unknown>\nE       #3 0x55a075d210b2 <unknown>\nE       #4 0x55a075d40006 <unknown>\nE       #5 0x55a075d20e53 <unknown>\nE       #6 0x55a075ce8dd4 <unknown>\nE       #7 0x55a075cea1de <unknown>\nE       #8 0x55a075fb3531 <unknown>\nE       #9 0x55a075fb7455 <unknown>\nE       #10 0x55a075f9ff55 <unknown>\nE       #11 0x55a075fb80ef <unknown>\nE       #12 0x55a075f8399f <unknown>\nE       #13 0x55a075fdc008 <unknown>\nE       #14 0x55a075fdc1d7 <unknown>\nE       #15 0x55a075fee124 <unknown>\nE       #16 0x7f87eced7044 <unknown>\n\n/usr/local/lib/python3.11/site-packages/selenium/webdriver/remote/errorhandler.py:245: InvalidCookieDomainException","flaky":false,"newFailed":false,"newBroken":false,"newPassed":false,"retriesCount":0,"retriesStatusChange":false,"beforeStages":[{"name":"_session_faker","time":{"start":1705453546838,"stop":1705453546907,"duration":69},"status":"passed","steps":[],"attachments":[],"parameters":[],"shouldDisplayMessage":false,"stepsCount":0,"attachmentsCount":0,"hasContent":false,"attachmentStep":false},{"name":"clear_allure_results_folder","time":{"start":1705453546907,"stop":1705453546907,"duration":0},"status":"passed","steps":[],"attachments":[],"parameters":[],"shouldDisplayMessage":false,"stepsCount":0,"attachmentsCount":0,"hasContent":false,"attachmentStep":false},{"name":"driver","time":{"start":1705458356005,"stop":1705458356778,"duration":773},"status":"passed","steps":[],"attachments":[],"parameters":[],"shouldDisplayMessage":false,"stepsCount":0,"attachmentsCount":0,"hasContent":false,"attachmentStep":false},{"name":"setup","time":{"start":1705458356778,"stop":1705458356778,"duration":0},"status":"passed","steps":[],"attachments":[],"parameters":[],"shouldDisplayMessage":false,"stepsCount":0,"attachmentsCount":0,"hasContent":false,"attachmentStep":false},{"name":"sign_in_page","time":{"start":1705458356778,"stop":1705458365642,"duration":8864},"status":"passed","steps":[],"attachments":[],"parameters":[],"shouldDisplayMessage":false,"stepsCount":0,"attachmentsCount":0,"hasContent":false,"attachmentStep":false},{"name":"open_sign_in_window","time":{"start":1705458365642,"stop":1705458365990,"duration":348},"status":"passed","steps":[{"name":"Нахождение элемента: иконка профиля в хедере","time":{"start":1705458365643,"stop":1705458365651,"duration":8},"status":"passed","steps":[],"attachments":[],"parameters":[],"shouldDisplayMessage":false,"stepsCount":0,"attachmentsCount":0,"hasContent":false,"attachmentStep":false}],"attachments":[],"parameters":[],"shouldDisplayMessage":false,"stepsCount":1,"attachmentsCount":0,"hasContent":true,"attachmentStep":false}],"testStage":{"status":"skipped","statusMessage":"XFAIL Появляется капча Яндекса при запуске теста на Github\n\nselenium.common.exceptions.InvalidCookieDomainException: Message: invalid cookie domain: Cookie 'domain' mismatch\n  (Session info: chrome-headless-shell=120.0.6099.109)\nStacktrace:\n#0 0x55a075feef83 <unknown>\n#1 0x55a075ca7cf7 <unknown>\n#2 0x55a075d54538 <unknown>\n#3 0x55a075d210b2 <unknown>\n#4 0x55a075d40006 <unknown>\n#5 0x55a075d20e53 <unknown>\n#6 0x55a075ce8dd4 <unknown>\n#7 0x55a075cea1de <unknown>\n#8 0x55a075fb3531 <unknown>\n#9 0x55a075fb7455 <unknown>\n#10 0x55a075f9ff55 <unknown>\n#11 0x55a075fb80ef <unknown>\n#12 0x55a075f8399f <unknown>\n#13 0x55a075fdc008 <unknown>\n#14 0x55a075fdc1d7 <unknown>\n#15 0x55a075fee124 <unknown>\n#16 0x7f87eced7044 <unknown>","statusTrace":"self = <tests.test_sign_in.test_sign_in_page.TestSignInPage object at 0x7f4939e08e10>\ndriver = <selenium.webdriver.chrome.webdriver.WebDriver (session=\"b04e2fb84f5f7dd608b9ab543461ce40\")>\nsign_in_page = <pages.sign_in_page.SignInPage object at 0x7f493a812310>\nopen_sign_in_window = None\n\n    @allure.title(\"Авторизация с помощью аккаунта ya.ru\")\n    @pytest.mark.xfail(reason=\"Появляется капча Яндекса при запуске теста на Github\")\n    @pytest.mark.smoke_test\n    def test_positive_authorization_first_time_using_YA_smoke(self, driver, sign_in_page, open_sign_in_window):\n        sign_in_page.get_ya_ru_auth_icon().click()\n        driver.switch_to.window(driver.window_handles[1])\n        # driver.delete_all_cookies()\n>       driver.add_cookie({'name': 'uniqueuid',\n                           'value': '384528911692006899',\n                           'domain': 'passport.yandex.ru',\n                           'httpOnly': True,\n                           'path': '/',\n                           'expiry': 1723499808,\n                           'sameSite': 'Lax',\n                           'secure': True})\n\ntests/test_sign_in/test_sign_in_page.py:137: \n_ _ _ _ _ _ _ _ _ _ _ _ _ _ _ _ _ _ _ _ _ _ _ _ _ _ _ _ _ _ _ _ _ _ _ _ _ _ _ _ \n/usr/local/lib/python3.11/site-packages/selenium/webdriver/remote/webdriver.py:633: in add_cookie\n    self.execute(Command.ADD_COOKIE, {\"cookie\": cookie_dict})\n/usr/local/lib/python3.11/site-packages/selenium/webdriver/remote/webdriver.py:346: in execute\n    self.error_handler.check_response(response)\n_ _ _ _ _ _ _ _ _ _ _ _ _ _ _ _ _ _ _ _ _ _ _ _ _ _ _ _ _ _ _ _ _ _ _ _ _ _ _ _ \n\nself = <selenium.webdriver.remote.errorhandler.ErrorHandler object at 0x7f493997e690>\nresponse = {'status': 400, 'value': '{\"value\":{\"error\":\"invalid cookie domain\",\"message\":\"invalid cookie domain: Cookie \\'domain\\...\\\\n#14 0x55a075fdc1d7 \\\\u003Cunknown>\\\\n#15 0x55a075fee124 \\\\u003Cunknown>\\\\n#16 0x7f87eced7044 \\\\u003Cunknown>\\\\n\"}}'}\n\n    def check_response(self, response: Dict[str, Any]) -> None:\n        \"\"\"Checks that a JSON response from the WebDriver does not have an\n        error.\n    \n        :Args:\n         - response - The JSON response from the WebDriver server as a dictionary\n           object.\n    \n        :Raises: If the response contains an error message.\n        \"\"\"\n        status = response.get(\"status\", None)\n        if not status or status == ErrorCode.SUCCESS:\n            return\n        value = None\n        message = response.get(\"message\", \"\")\n        screen: str = response.get(\"screen\", \"\")\n        stacktrace = None\n        if isinstance(status, int):\n            value_json = response.get(\"value\", None)\n            if value_json and isinstance(value_json, str):\n                import json\n    \n                try:\n                    value = json.loads(value_json)\n                    if len(value) == 1:\n                        value = value[\"value\"]\n                    status = value.get(\"error\", None)\n                    if not status:\n                        status = value.get(\"status\", ErrorCode.UNKNOWN_ERROR)\n                        message = value.get(\"value\") or value.get(\"message\")\n                        if not isinstance(message, str):\n                            value = message\n                            message = message.get(\"message\")\n                    else:\n                        message = value.get(\"message\", None)\n                except ValueError:\n                    pass\n    \n        exception_class: Type[WebDriverException]\n        if status in ErrorCode.NO_SUCH_ELEMENT:\n            exception_class = NoSuchElementException\n        elif status in ErrorCode.NO_SUCH_FRAME:\n            exception_class = NoSuchFrameException\n        elif status in ErrorCode.NO_SUCH_SHADOW_ROOT:\n            exception_class = NoSuchShadowRootException\n        elif status in ErrorCode.NO_SUCH_WINDOW:\n            exception_class = NoSuchWindowException\n        elif status in ErrorCode.STALE_ELEMENT_REFERENCE:\n            exception_class = StaleElementReferenceException\n        elif status in ErrorCode.ELEMENT_NOT_VISIBLE:\n            exception_class = ElementNotVisibleException\n        elif status in ErrorCode.INVALID_ELEMENT_STATE:\n            exception_class = InvalidElementStateException\n        elif (\n            status in ErrorCode.INVALID_SELECTOR\n            or status in ErrorCode.INVALID_XPATH_SELECTOR\n            or status in ErrorCode.INVALID_XPATH_SELECTOR_RETURN_TYPER\n        ):\n            exception_class = InvalidSelectorException\n        elif status in ErrorCode.ELEMENT_IS_NOT_SELECTABLE:\n            exception_class = ElementNotSelectableException\n        elif status in ErrorCode.ELEMENT_NOT_INTERACTABLE:\n            exception_class = ElementNotInteractableException\n        elif status in ErrorCode.INVALID_COOKIE_DOMAIN:\n            exception_class = InvalidCookieDomainException\n        elif status in ErrorCode.UNABLE_TO_SET_COOKIE:\n            exception_class = UnableToSetCookieException\n        elif status in ErrorCode.TIMEOUT:\n            exception_class = TimeoutException\n        elif status in ErrorCode.SCRIPT_TIMEOUT:\n            exception_class = TimeoutException\n        elif status in ErrorCode.UNKNOWN_ERROR:\n            exception_class = WebDriverException\n        elif status in ErrorCode.UNEXPECTED_ALERT_OPEN:\n            exception_class = UnexpectedAlertPresentException\n        elif status in ErrorCode.NO_ALERT_OPEN:\n            exception_class = NoAlertPresentException\n        elif status in ErrorCode.IME_NOT_AVAILABLE:\n            exception_class = ImeNotAvailableException\n        elif status in ErrorCode.IME_ENGINE_ACTIVATION_FAILED:\n            exception_class = ImeActivationFailedException\n        elif status in ErrorCode.MOVE_TARGET_OUT_OF_BOUNDS:\n            exception_class = MoveTargetOutOfBoundsException\n        elif status in ErrorCode.JAVASCRIPT_ERROR:\n            exception_class = JavascriptException\n        elif status in ErrorCode.SESSION_NOT_CREATED:\n            exception_class = SessionNotCreatedException\n        elif status in ErrorCode.INVALID_ARGUMENT:\n            exception_class = InvalidArgumentException\n        elif status in ErrorCode.NO_SUCH_COOKIE:\n            exception_class = NoSuchCookieException\n        elif status in ErrorCode.UNABLE_TO_CAPTURE_SCREEN:\n            exception_class = ScreenshotException\n        elif status in ErrorCode.ELEMENT_CLICK_INTERCEPTED:\n            exception_class = ElementClickInterceptedException\n        elif status in ErrorCode.INSECURE_CERTIFICATE:\n            exception_class = InsecureCertificateException\n        elif status in ErrorCode.INVALID_COORDINATES:\n            exception_class = InvalidCoordinatesException\n        elif status in ErrorCode.INVALID_SESSION_ID:\n            exception_class = InvalidSessionIdException\n        elif status in ErrorCode.UNKNOWN_METHOD:\n            exception_class = UnknownMethodException\n        else:\n            exception_class = WebDriverException\n        if not value:\n            value = response[\"value\"]\n        if isinstance(value, str):\n            raise exception_class(value)\n        if message == \"\" and \"message\" in value:\n            message = value[\"message\"]\n    \n        screen = None  # type: ignore[assignment]\n        if \"screen\" in value:\n            screen = value[\"screen\"]\n    \n        stacktrace = None\n        st_value = value.get(\"stackTrace\") or value.get(\"stacktrace\")\n        if st_value:\n            if isinstance(st_value, str):\n                stacktrace = st_value.split(\"\\n\")\n            else:\n                stacktrace = []\n                try:\n                    for frame in st_value:\n                        line = frame.get(\"lineNumber\", \"\")\n                        file = frame.get(\"fileName\", \"<anonymous>\")\n                        if line:\n                            file = f\"{file}:{line}\"\n                        meth = frame.get(\"methodName\", \"<anonymous>\")\n                        if \"className\" in frame:\n                            meth = f\"{frame['className']}.{meth}\"\n                        msg = \"    at %s (%s)\"\n                        msg = msg % (meth, file)\n                        stacktrace.append(msg)\n                except TypeError:\n                    pass\n        if exception_class == UnexpectedAlertPresentException:\n            alert_text = None\n            if \"data\" in value:\n                alert_text = value[\"data\"].get(\"text\")\n            elif \"alert\" in value:\n                alert_text = value[\"alert\"].get(\"text\")\n            raise exception_class(message, screen, stacktrace, alert_text)  # type: ignore[call-arg]  # mypy is not smart enough here\n>       raise exception_class(message, screen, stacktrace)\nE       selenium.common.exceptions.InvalidCookieDomainException: Message: invalid cookie domain: Cookie 'domain' mismatch\nE         (Session info: chrome-headless-shell=120.0.6099.109)\nE       Stacktrace:\nE       #0 0x55a075feef83 <unknown>\nE       #1 0x55a075ca7cf7 <unknown>\nE       #2 0x55a075d54538 <unknown>\nE       #3 0x55a075d210b2 <unknown>\nE       #4 0x55a075d40006 <unknown>\nE       #5 0x55a075d20e53 <unknown>\nE       #6 0x55a075ce8dd4 <unknown>\nE       #7 0x55a075cea1de <unknown>\nE       #8 0x55a075fb3531 <unknown>\nE       #9 0x55a075fb7455 <unknown>\nE       #10 0x55a075f9ff55 <unknown>\nE       #11 0x55a075fb80ef <unknown>\nE       #12 0x55a075f8399f <unknown>\nE       #13 0x55a075fdc008 <unknown>\nE       #14 0x55a075fdc1d7 <unknown>\nE       #15 0x55a075fee124 <unknown>\nE       #16 0x7f87eced7044 <unknown>\n\n/usr/local/lib/python3.11/site-packages/selenium/webdriver/remote/errorhandler.py:245: InvalidCookieDomainException","steps":[{"name":"Нахождение элемента: иконка 'ya.ru' окна авторизации","time":{"start":1705458365990,"stop":1705458366005,"duration":15},"status":"passed","steps":[],"attachments":[],"parameters":[],"shouldDisplayMessage":false,"stepsCount":0,"attachmentsCount":0,"hasContent":false,"attachmentStep":false}],"attachments":[{"uid":"a4036d6344c3cdf7","name":"Screenshot","source":"a4036d6344c3cdf7.png","type":"image/png","size":382471},{"uid":"d3ae6769a9909aeb","name":"HTML source","source":"d3ae6769a9909aeb.html","type":"text/html","size":18112}],"parameters":[],"shouldDisplayMessage":true,"stepsCount":1,"attachmentsCount":2,"hasContent":true,"attachmentStep":false},"afterStages":[{"name":"driver::0","time":{"start":1705458371402,"stop":1705458371473,"duration":71},"status":"passed","steps":[],"attachments":[],"parameters":[],"shouldDisplayMessage":false,"stepsCount":0,"attachmentsCount":0,"hasContent":false,"attachmentStep":false},{"name":"setup::0","time":{"start":1705458371402,"stop":1705458371402,"duration":0},"status":"passed","steps":[],"attachments":[],"parameters":[],"shouldDisplayMessage":false,"stepsCount":0,"attachmentsCount":0,"hasContent":false,"attachmentStep":false}],"labels":[{"name":"epic","value":"Sign In Page"},{"name":"tag","value":"smoke_test"},{"name":"tag","value":"@pytest.mark.xfail(reason='Появляется капча Яндекса при запуске теста на Github')"},{"name":"parentSuite","value":"tests.test_sign_in"},{"name":"suite","value":"test_sign_in_page"},{"name":"subSuite","value":"TestSignInPage"},{"name":"host","value":"5285caa8bf99"},{"name":"thread","value":"1-MainThread"},{"name":"framework","value":"pytest"},{"name":"language","value":"cpython3"},{"name":"package","value":"tests.test_sign_in.test_sign_in_page"},{"name":"resultFormat","value":"allure2"}],"parameters":[],"links":[],"hidden":false,"retry":false,"extra":{"severity":"normal","retries":[],"categories":[],"history":{"statistic":{"failed":1,"broken":13,"skipped":167,"passed":3,"unknown":0,"total":184},"items":[{"uid":"13d728bc8e00d682","reportUrl":"https://zaelcovsky.github.io/StroyremAutomation/203//#testresult/13d728bc8e00d682","status":"skipped","statusDetails":"XFAIL Появляется капча Яндекса при запуске теста на Github\n\nselenium.common.exceptions.InvalidCookieDomainException: Message: invalid cookie domain: Cookie 'domain' mismatch\n  (Session info: chrome-headless-shell=120.0.6099.109)\nStacktrace:\n#0 0x5650fa2d0f83 <unknown>\n#1 0x5650f9f89cf7 <unknown>\n#2 0x5650fa036538 <unknown>\n#3 0x5650fa0030b2 <unknown>\n#4 0x5650fa022006 <unknown>\n#5 0x5650fa002e53 <unknown>\n#6 0x5650f9fcadd4 <unknown>\n#7 0x5650f9fcc1de <unknown>\n#8 0x5650fa295531 <unknown>\n#9 0x5650fa299455 <unknown>\n#10 0x5650fa281f55 <unknown>\n#11 0x5650fa29a0ef <unknown>\n#12 0x5650fa26599f <unknown>\n#13 0x5650fa2be008 <unknown>\n#14 0x5650fa2be1d7 <unknown>\n#15 0x5650fa2d0124 <unknown>\n#16 0x7f06ef535044 <unknown>","time":{"start":1705371755185,"stop":1705371758878,"duration":3693}},{"uid":"11919cc11ef2bcff","reportUrl":"https://zaelcovsky.github.io/StroyremAutomation/202//#testresult/11919cc11ef2bcff","status":"skipped","statusDetails":"XFAIL Появляется капча Яндекса при запуске теста на Github\n\nselenium.common.exceptions.NoSuchElementException: Message: no such element: Unable to locate element: {\"method\":\"css selector\",\"selector\":\"button[data-t='button:clear']\"}\n  (Session info: chrome-headless-shell=120.0.6099.109); For documentation on this error, please visit: https://www.selenium.dev/documentation/webdriver/troubleshooting/errors#no-such-element-exception\nStacktrace:\n#0 0x56090c927f83 <unknown>\n#1 0x56090c5e0cf7 <unknown>\n#2 0x56090c63099e <unknown>\n#3 0x56090c630aa1 <unknown>\n#4 0x56090c67bd64 <unknown>\n#5 0x56090c65a0dd <unknown>\n#6 0x56090c679006 <unknown>\n#7 0x56090c659e53 <unknown>\n#8 0x56090c621dd4 <unknown>\n#9 0x56090c6231de <unknown>\n#10 0x56090c8ec531 <unknown>\n#11 0x56090c8f0455 <unknown>\n#12 0x56090c8d8f55 <unknown>\n#13 0x56090c8f10ef <unknown>\n#14 0x56090c8bc99f <unknown>\n#15 0x56090c915008 <unknown>\n#16 0x56090c9151d7 <unknown>\n#17 0x56090c927124 <unknown>\n#18 0x7fadb8cef044 <unknown>","time":{"start":1705282002360,"stop":1705282006018,"duration":3658}},{"uid":"c0a4aedf612acf","reportUrl":"https://zaelcovsky.github.io/StroyremAutomation/201//#testresult/c0a4aedf612acf","status":"skipped","statusDetails":"XFAIL Появляется капча Яндекса при запуске теста на Github\n\nselenium.common.exceptions.InvalidCookieDomainException: Message: invalid cookie domain: Cookie 'domain' mismatch\n  (Session info: chrome-headless-shell=120.0.6099.109)\nStacktrace:\n#0 0x5650c8f0af83 <unknown>\n#1 0x5650c8bc3cf7 <unknown>\n#2 0x5650c8c70538 <unknown>\n#3 0x5650c8c3d0b2 <unknown>\n#4 0x5650c8c5c006 <unknown>\n#5 0x5650c8c3ce53 <unknown>\n#6 0x5650c8c04dd4 <unknown>\n#7 0x5650c8c061de <unknown>\n#8 0x5650c8ecf531 <unknown>\n#9 0x5650c8ed3455 <unknown>\n#10 0x5650c8ebbf55 <unknown>\n#11 0x5650c8ed40ef <unknown>\n#12 0x5650c8e9f99f <unknown>\n#13 0x5650c8ef8008 <unknown>\n#14 0x5650c8ef81d7 <unknown>\n#15 0x5650c8f0a124 <unknown>\n#16 0x7f98585e1044 <unknown>","time":{"start":1705195858681,"stop":1705195863640,"duration":4959}},{"uid":"456141344c0f5643","reportUrl":"https://zaelcovsky.github.io/StroyremAutomation/200//#testresult/456141344c0f5643","status":"skipped","statusDetails":"XFAIL Появляется капча Яндекса при запуске теста на Github\n\nselenium.common.exceptions.NoSuchElementException: Message: no such element: Unable to locate element: {\"method\":\"css selector\",\"selector\":\"button[data-t='button:clear']\"}\n  (Session info: chrome-headless-shell=120.0.6099.109); For documentation on this error, please visit: https://www.selenium.dev/documentation/webdriver/troubleshooting/errors#no-such-element-exception\nStacktrace:\n#0 0x561ccf84bf83 <unknown>\n#1 0x561ccf504cf7 <unknown>\n#2 0x561ccf55499e <unknown>\n#3 0x561ccf554aa1 <unknown>\n#4 0x561ccf59fd64 <unknown>\n#5 0x561ccf57e0dd <unknown>\n#6 0x561ccf59d006 <unknown>\n#7 0x561ccf57de53 <unknown>\n#8 0x561ccf545dd4 <unknown>\n#9 0x561ccf5471de <unknown>\n#10 0x561ccf810531 <unknown>\n#11 0x561ccf814455 <unknown>\n#12 0x561ccf7fcf55 <unknown>\n#13 0x561ccf8150ef <unknown>\n#14 0x561ccf7e099f <unknown>\n#15 0x561ccf839008 <unknown>\n#16 0x561ccf8391d7 <unknown>\n#17 0x561ccf84b124 <unknown>\n#18 0x7f912b5ea044 <unknown>","time":{"start":1705109150656,"stop":1705109155477,"duration":4821}},{"uid":"c95d91f7e4cbc9a0","reportUrl":"https://zaelcovsky.github.io/StroyremAutomation/199//#testresult/c95d91f7e4cbc9a0","status":"skipped","statusDetails":"XFAIL Появляется капча Яндекса при запуске теста на Github\n\nselenium.common.exceptions.InvalidCookieDomainException: Message: invalid cookie domain: Cookie 'domain' mismatch\n  (Session info: chrome-headless-shell=120.0.6099.109)\nStacktrace:\n#0 0x55752c828f83 <unknown>\n#1 0x55752c4e1cf7 <unknown>\n#2 0x55752c58e538 <unknown>\n#3 0x55752c55b0b2 <unknown>\n#4 0x55752c57a006 <unknown>\n#5 0x55752c55ae53 <unknown>\n#6 0x55752c522dd4 <unknown>\n#7 0x55752c5241de <unknown>\n#8 0x55752c7ed531 <unknown>\n#9 0x55752c7f1455 <unknown>\n#10 0x55752c7d9f55 <unknown>\n#11 0x55752c7f20ef <unknown>\n#12 0x55752c7bd99f <unknown>\n#13 0x55752c816008 <unknown>\n#14 0x55752c8161d7 <unknown>\n#15 0x55752c828124 <unknown>\n#16 0x7f1802ee3044 <unknown>","time":{"start":1705022784000,"stop":1705022788700,"duration":4700}},{"uid":"6f52fd2255aded4e","reportUrl":"https://zaelcovsky.github.io/StroyremAutomation/198//#testresult/6f52fd2255aded4e","status":"skipped","statusDetails":"XFAIL Появляется капча Яндекса при запуске теста на Github\n\nselenium.common.exceptions.InvalidCookieDomainException: Message: invalid cookie domain: Cookie 'domain' mismatch\n  (Session info: chrome-headless-shell=120.0.6099.109)\nStacktrace:\n#0 0x5610ed977f83 <unknown>\n#1 0x5610ed630cf7 <unknown>\n#2 0x5610ed6dd538 <unknown>\n#3 0x5610ed6aa0b2 <unknown>\n#4 0x5610ed6c9006 <unknown>\n#5 0x5610ed6a9e53 <unknown>\n#6 0x5610ed671dd4 <unknown>\n#7 0x5610ed6731de <unknown>\n#8 0x5610ed93c531 <unknown>\n#9 0x5610ed940455 <unknown>\n#10 0x5610ed928f55 <unknown>\n#11 0x5610ed9410ef <unknown>\n#12 0x5610ed90c99f <unknown>\n#13 0x5610ed965008 <unknown>\n#14 0x5610ed9651d7 <unknown>\n#15 0x5610ed977124 <unknown>\n#16 0x7f44bc386044 <unknown>","time":{"start":1704936239519,"stop":1704936243101,"duration":3582}},{"uid":"d4962c532579a029","reportUrl":"https://zaelcovsky.github.io/StroyremAutomation/197//#testresult/d4962c532579a029","status":"skipped","statusDetails":"XFAIL Появляется капча Яндекса при запуске теста на Github\n\nselenium.common.exceptions.NoSuchElementException: Message: no such element: Unable to locate element: {\"method\":\"css selector\",\"selector\":\"button[data-t='button:clear']\"}\n  (Session info: chrome-headless-shell=120.0.6099.109); For documentation on this error, please visit: https://www.selenium.dev/documentation/webdriver/troubleshooting/errors#no-such-element-exception\nStacktrace:\n#0 0x55d97c970f83 <unknown>\n#1 0x55d97c629cf7 <unknown>\n#2 0x55d97c67999e <unknown>\n#3 0x55d97c679aa1 <unknown>\n#4 0x55d97c6c4d64 <unknown>\n#5 0x55d97c6a30dd <unknown>\n#6 0x55d97c6c2006 <unknown>\n#7 0x55d97c6a2e53 <unknown>\n#8 0x55d97c66add4 <unknown>\n#9 0x55d97c66c1de <unknown>\n#10 0x55d97c935531 <unknown>\n#11 0x55d97c939455 <unknown>\n#12 0x55d97c921f55 <unknown>\n#13 0x55d97c93a0ef <unknown>\n#14 0x55d97c90599f <unknown>\n#15 0x55d97c95e008 <unknown>\n#16 0x55d97c95e1d7 <unknown>\n#17 0x55d97c970124 <unknown>\n#18 0x7f0bf25f0044 <unknown>","time":{"start":1704849831891,"stop":1704849835602,"duration":3711}},{"uid":"8f74fb0b7c4dd538","reportUrl":"https://zaelcovsky.github.io/StroyremAutomation/196//#testresult/8f74fb0b7c4dd538","status":"skipped","statusDetails":"XFAIL Появляется капча Яндекса при запуске теста на Github\n\nselenium.common.exceptions.NoSuchElementException: Message: no such element: Unable to locate element: {\"method\":\"css selector\",\"selector\":\"button[data-t='button:clear']\"}\n  (Session info: chrome-headless-shell=120.0.6099.109); For documentation on this error, please visit: https://www.selenium.dev/documentation/webdriver/troubleshooting/errors#no-such-element-exception\nStacktrace:\n#0 0x56359cdd7f83 <unknown>\n#1 0x56359ca90cf7 <unknown>\n#2 0x56359cae099e <unknown>\n#3 0x56359cae0aa1 <unknown>\n#4 0x56359cb2bd64 <unknown>\n#5 0x56359cb0a0dd <unknown>\n#6 0x56359cb29006 <unknown>\n#7 0x56359cb09e53 <unknown>\n#8 0x56359cad1dd4 <unknown>\n#9 0x56359cad31de <unknown>\n#10 0x56359cd9c531 <unknown>\n#11 0x56359cda0455 <unknown>\n#12 0x56359cd88f55 <unknown>\n#13 0x56359cda10ef <unknown>\n#14 0x56359cd6c99f <unknown>\n#15 0x56359cdc5008 <unknown>\n#16 0x56359cdc51d7 <unknown>\n#17 0x56359cdd7124 <unknown>\n#18 0x7ff6b77e0044 <unknown>","time":{"start":1704763429098,"stop":1704763433013,"duration":3915}},{"uid":"9ea37a8976f042a1","reportUrl":"https://zaelcovsky.github.io/StroyremAutomation/195//#testresult/9ea37a8976f042a1","status":"skipped","statusDetails":"XFAIL Появляется капча Яндекса при запуске теста на Github\n\nselenium.common.exceptions.NoSuchElementException: Message: no such element: Unable to locate element: {\"method\":\"css selector\",\"selector\":\"button[data-t='button:clear']\"}\n  (Session info: chrome-headless-shell=120.0.6099.109); For documentation on this error, please visit: https://www.selenium.dev/documentation/webdriver/troubleshooting/errors#no-such-element-exception\nStacktrace:\n#0 0x557830960f83 <unknown>\n#1 0x557830619cf7 <unknown>\n#2 0x55783066999e <unknown>\n#3 0x557830669aa1 <unknown>\n#4 0x5578306b4d64 <unknown>\n#5 0x5578306930dd <unknown>\n#6 0x5578306b2006 <unknown>\n#7 0x557830692e53 <unknown>\n#8 0x55783065add4 <unknown>\n#9 0x55783065c1de <unknown>\n#10 0x557830925531 <unknown>\n#11 0x557830929455 <unknown>\n#12 0x557830911f55 <unknown>\n#13 0x55783092a0ef <unknown>\n#14 0x5578308f599f <unknown>\n#15 0x55783094e008 <unknown>\n#16 0x55783094e1d7 <unknown>\n#17 0x557830960124 <unknown>\n#18 0x7f3ccac24044 <unknown>","time":{"start":1704677229636,"stop":1704677234789,"duration":5153}},{"uid":"d5ec5a0a0ad279f9","reportUrl":"https://zaelcovsky.github.io/StroyremAutomation/194//#testresult/d5ec5a0a0ad279f9","status":"skipped","statusDetails":"XFAIL Появляется капча Яндекса при запуске теста на Github\n\nselenium.common.exceptions.NoSuchElementException: Message: no such element: Unable to locate element: {\"method\":\"css selector\",\"selector\":\"button[data-t='button:clear']\"}\n  (Session info: chrome-headless-shell=120.0.6099.109); For documentation on this error, please visit: https://www.selenium.dev/documentation/webdriver/troubleshooting/errors#no-such-element-exception\nStacktrace:\n#0 0x5566286b4f83 <unknown>\n#1 0x55662836dcf7 <unknown>\n#2 0x5566283bd99e <unknown>\n#3 0x5566283bdaa1 <unknown>\n#4 0x556628408d64 <unknown>\n#5 0x5566283e70dd <unknown>\n#6 0x556628406006 <unknown>\n#7 0x5566283e6e53 <unknown>\n#8 0x5566283aedd4 <unknown>\n#9 0x5566283b01de <unknown>\n#10 0x556628679531 <unknown>\n#11 0x55662867d455 <unknown>\n#12 0x556628665f55 <unknown>\n#13 0x55662867e0ef <unknown>\n#14 0x55662864999f <unknown>\n#15 0x5566286a2008 <unknown>\n#16 0x5566286a21d7 <unknown>\n#17 0x5566286b4124 <unknown>\n#18 0x7faeaabdd044 <unknown>","time":{"start":1704591128747,"stop":1704591134177,"duration":5430}},{"uid":"3b4760f2d27e7f26","reportUrl":"https://zaelcovsky.github.io/StroyremAutomation/193//#testresult/3b4760f2d27e7f26","status":"skipped","statusDetails":"XFAIL Появляется капча Яндекса при запуске теста на Github\n\nselenium.common.exceptions.InvalidCookieDomainException: Message: invalid cookie domain: Cookie 'domain' mismatch\n  (Session info: chrome-headless-shell=120.0.6099.109)\nStacktrace:\n#0 0x55bd24874f83 <unknown>\n#1 0x55bd2452dcf7 <unknown>\n#2 0x55bd245da538 <unknown>\n#3 0x55bd245a70b2 <unknown>\n#4 0x55bd245c6006 <unknown>\n#5 0x55bd245a6e53 <unknown>\n#6 0x55bd2456edd4 <unknown>\n#7 0x55bd245701de <unknown>\n#8 0x55bd24839531 <unknown>\n#9 0x55bd2483d455 <unknown>\n#10 0x55bd24825f55 <unknown>\n#11 0x55bd2483e0ef <unknown>\n#12 0x55bd2480999f <unknown>\n#13 0x55bd24862008 <unknown>\n#14 0x55bd248621d7 <unknown>\n#15 0x55bd24874124 <unknown>\n#16 0x7f3c167ea044 <unknown>","time":{"start":1704504094990,"stop":1704504098647,"duration":3657}},{"uid":"3f922480c0224039","reportUrl":"https://zaelcovsky.github.io/StroyremAutomation/192//#testresult/3f922480c0224039","status":"skipped","statusDetails":"XFAIL Появляется капча Яндекса при запуске теста на Github\n\nselenium.common.exceptions.NoSuchElementException: Message: no such element: Unable to locate element: {\"method\":\"css selector\",\"selector\":\"button[data-t='button:clear']\"}\n  (Session info: chrome-headless-shell=120.0.6099.109); For documentation on this error, please visit: https://www.selenium.dev/documentation/webdriver/troubleshooting/errors#no-such-element-exception\nStacktrace:\n#0 0x55e6a3ae7f83 <unknown>\n#1 0x55e6a37a0cf7 <unknown>\n#2 0x55e6a37f099e <unknown>\n#3 0x55e6a37f0aa1 <unknown>\n#4 0x55e6a383bd64 <unknown>\n#5 0x55e6a381a0dd <unknown>\n#6 0x55e6a3839006 <unknown>\n#7 0x55e6a3819e53 <unknown>\n#8 0x55e6a37e1dd4 <unknown>\n#9 0x55e6a37e31de <unknown>\n#10 0x55e6a3aac531 <unknown>\n#11 0x55e6a3ab0455 <unknown>\n#12 0x55e6a3a98f55 <unknown>\n#13 0x55e6a3ab10ef <unknown>\n#14 0x55e6a3a7c99f <unknown>\n#15 0x55e6a3ad5008 <unknown>\n#16 0x55e6a3ad51d7 <unknown>\n#17 0x55e6a3ae7124 <unknown>\n#18 0x7ffbf7e6c044 <unknown>","time":{"start":1704417757924,"stop":1704417761526,"duration":3602}},{"uid":"bde9185c040da25f","reportUrl":"https://zaelcovsky.github.io/StroyremAutomation/191//#testresult/bde9185c040da25f","status":"skipped","statusDetails":"XFAIL Появляется капча Яндекса при запуске теста на Github\n\nselenium.common.exceptions.InvalidCookieDomainException: Message: invalid cookie domain: Cookie 'domain' mismatch\n  (Session info: chrome-headless-shell=120.0.6099.109)\nStacktrace:\n#0 0x563d2f0eff83 <unknown>\n#1 0x563d2eda8cf7 <unknown>\n#2 0x563d2ee55538 <unknown>\n#3 0x563d2ee220b2 <unknown>\n#4 0x563d2ee41006 <unknown>\n#5 0x563d2ee21e53 <unknown>\n#6 0x563d2ede9dd4 <unknown>\n#7 0x563d2edeb1de <unknown>\n#8 0x563d2f0b4531 <unknown>\n#9 0x563d2f0b8455 <unknown>\n#10 0x563d2f0a0f55 <unknown>\n#11 0x563d2f0b90ef <unknown>\n#12 0x563d2f08499f <unknown>\n#13 0x563d2f0dd008 <unknown>\n#14 0x563d2f0dd1d7 <unknown>\n#15 0x563d2f0ef124 <unknown>\n#16 0x7ff2fe880044 <unknown>","time":{"start":1704331540526,"stop":1704331545732,"duration":5206}},{"uid":"7ee682201b60535a","reportUrl":"https://zaelcovsky.github.io/StroyremAutomation/190//#testresult/7ee682201b60535a","status":"skipped","statusDetails":"XFAIL Появляется капча Яндекса при запуске теста на Github\n\nselenium.common.exceptions.InvalidCookieDomainException: Message: invalid cookie domain: Cookie 'domain' mismatch\n  (Session info: chrome-headless-shell=120.0.6099.109)\nStacktrace:\n#0 0x564b6638ef83 <unknown>\n#1 0x564b66047cf7 <unknown>\n#2 0x564b660f4538 <unknown>\n#3 0x564b660c10b2 <unknown>\n#4 0x564b660e0006 <unknown>\n#5 0x564b660c0e53 <unknown>\n#6 0x564b66088dd4 <unknown>\n#7 0x564b6608a1de <unknown>\n#8 0x564b66353531 <unknown>\n#9 0x564b66357455 <unknown>\n#10 0x564b6633ff55 <unknown>\n#11 0x564b663580ef <unknown>\n#12 0x564b6632399f <unknown>\n#13 0x564b6637c008 <unknown>\n#14 0x564b6637c1d7 <unknown>\n#15 0x564b6638e124 <unknown>\n#16 0x7f850c4da044 <unknown>","time":{"start":1704244933800,"stop":1704244937466,"duration":3666}},{"uid":"e51ea5e0607f74a2","reportUrl":"https://zaelcovsky.github.io/StroyremAutomation/189//#testresult/e51ea5e0607f74a2","status":"skipped","statusDetails":"XFAIL Появляется капча Яндекса при запуске теста на Github\n\nselenium.common.exceptions.NoSuchElementException: Message: no such element: Unable to locate element: {\"method\":\"css selector\",\"selector\":\"button[data-t='button:clear']\"}\n  (Session info: chrome-headless-shell=120.0.6099.109); For documentation on this error, please visit: https://www.selenium.dev/documentation/webdriver/troubleshooting/errors#no-such-element-exception\nStacktrace:\n#0 0x55e528cacf83 <unknown>\n#1 0x55e528965cf7 <unknown>\n#2 0x55e5289b599e <unknown>\n#3 0x55e5289b5aa1 <unknown>\n#4 0x55e528a00d64 <unknown>\n#5 0x55e5289df0dd <unknown>\n#6 0x55e5289fe006 <unknown>\n#7 0x55e5289dee53 <unknown>\n#8 0x55e5289a6dd4 <unknown>\n#9 0x55e5289a81de <unknown>\n#10 0x55e528c71531 <unknown>\n#11 0x55e528c75455 <unknown>\n#12 0x55e528c5df55 <unknown>\n#13 0x55e528c760ef <unknown>\n#14 0x55e528c4199f <unknown>\n#15 0x55e528c9a008 <unknown>\n#16 0x55e528c9a1d7 <unknown>\n#17 0x55e528cac124 <unknown>\n#18 0x7fe4dfcd9044 <unknown>","time":{"start":1704158458053,"stop":1704158461678,"duration":3625}},{"uid":"65d041528e8471cc","reportUrl":"https://zaelcovsky.github.io/StroyremAutomation/188//#testresult/65d041528e8471cc","status":"skipped","statusDetails":"XFAIL Появляется капча Яндекса при запуске теста на Github\n\nselenium.common.exceptions.NoSuchElementException: Message: no such element: Unable to locate element: {\"method\":\"css selector\",\"selector\":\"button[data-t='button:clear']\"}\n  (Session info: chrome-headless-shell=120.0.6099.109); For documentation on this error, please visit: https://www.selenium.dev/documentation/webdriver/troubleshooting/errors#no-such-element-exception\nStacktrace:\n#0 0x55b6c2c8df83 <unknown>\n#1 0x55b6c2946cf7 <unknown>\n#2 0x55b6c299699e <unknown>\n#3 0x55b6c2996aa1 <unknown>\n#4 0x55b6c29e1d64 <unknown>\n#5 0x55b6c29c00dd <unknown>\n#6 0x55b6c29df006 <unknown>\n#7 0x55b6c29bfe53 <unknown>\n#8 0x55b6c2987dd4 <unknown>\n#9 0x55b6c29891de <unknown>\n#10 0x55b6c2c52531 <unknown>\n#11 0x55b6c2c56455 <unknown>\n#12 0x55b6c2c3ef55 <unknown>\n#13 0x55b6c2c570ef <unknown>\n#14 0x55b6c2c2299f <unknown>\n#15 0x55b6c2c7b008 <unknown>\n#16 0x55b6c2c7b1d7 <unknown>\n#17 0x55b6c2c8d124 <unknown>\n#18 0x7fac354db044 <unknown>","time":{"start":1704072611550,"stop":1704072616836,"duration":5286}},{"uid":"182329b09b658b8c","reportUrl":"https://zaelcovsky.github.io/StroyremAutomation/187//#testresult/182329b09b658b8c","status":"skipped","statusDetails":"XFAIL Появляется капча Яндекса при запуске теста на Github\n\nselenium.common.exceptions.NoSuchElementException: Message: no such element: Unable to locate element: {\"method\":\"css selector\",\"selector\":\"button[data-t='button:clear']\"}\n  (Session info: chrome-headless-shell=120.0.6099.109); For documentation on this error, please visit: https://www.selenium.dev/documentation/webdriver/troubleshooting/errors#no-such-element-exception\nStacktrace:\n#0 0x558239132f83 <unknown>\n#1 0x558238debcf7 <unknown>\n#2 0x558238e3b99e <unknown>\n#3 0x558238e3baa1 <unknown>\n#4 0x558238e86d64 <unknown>\n#5 0x558238e650dd <unknown>\n#6 0x558238e84006 <unknown>\n#7 0x558238e64e53 <unknown>\n#8 0x558238e2cdd4 <unknown>\n#9 0x558238e2e1de <unknown>\n#10 0x5582390f7531 <unknown>\n#11 0x5582390fb455 <unknown>\n#12 0x5582390e3f55 <unknown>\n#13 0x5582390fc0ef <unknown>\n#14 0x5582390c799f <unknown>\n#15 0x558239120008 <unknown>\n#16 0x5582391201d7 <unknown>\n#17 0x558239132124 <unknown>\n#18 0x7f18cff79044 <unknown>","time":{"start":1703986022708,"stop":1703986027133,"duration":4425}},{"uid":"c84a3c8de7bba4d","reportUrl":"https://zaelcovsky.github.io/StroyremAutomation/186//#testresult/c84a3c8de7bba4d","status":"skipped","statusDetails":"XFAIL Появляется капча Яндекса при запуске теста на Github\n\nselenium.common.exceptions.TimeoutException: Message: \nStacktrace:\n#0 0x5643c1268f83 <unknown>\n#1 0x5643c0f21cf7 <unknown>\n#2 0x5643c0f7199e <unknown>\n#3 0x5643c0f71aa1 <unknown>\n#4 0x5643c0fbcd64 <unknown>\n#5 0x5643c0f9b0dd <unknown>\n#6 0x5643c0fba006 <unknown>\n#7 0x5643c0f9ae53 <unknown>\n#8 0x5643c0f62dd4 <unknown>\n#9 0x5643c0f641de <unknown>\n#10 0x5643c122d531 <unknown>\n#11 0x5643c1231455 <unknown>\n#12 0x5643c1219f55 <unknown>\n#13 0x5643c12320ef <unknown>\n#14 0x5643c11fd99f <unknown>\n#15 0x5643c1256008 <unknown>\n#16 0x5643c12561d7 <unknown>\n#17 0x5643c1268124 <unknown>\n#18 0x7f3c0b840044 <unknown>","time":{"start":1703899361958,"stop":1703899382772,"duration":20814}},{"uid":"13038f604cbb14c8","reportUrl":"https://zaelcovsky.github.io/StroyremAutomation/185//#testresult/13038f604cbb14c8","status":"skipped","statusDetails":"XFAIL Появляется капча Яндекса при запуске теста на Github\n\nselenium.common.exceptions.NoSuchElementException: Message: no such element: Unable to locate element: {\"method\":\"css selector\",\"selector\":\"button[data-t='button:clear']\"}\n  (Session info: chrome-headless-shell=120.0.6099.109); For documentation on this error, please visit: https://www.selenium.dev/documentation/webdriver/troubleshooting/errors#no-such-element-exception\nStacktrace:\n#0 0x559f927e6f83 <unknown>\n#1 0x559f9249fcf7 <unknown>\n#2 0x559f924ef99e <unknown>\n#3 0x559f924efaa1 <unknown>\n#4 0x559f9253ad64 <unknown>\n#5 0x559f925190dd <unknown>\n#6 0x559f92538006 <unknown>\n#7 0x559f92518e53 <unknown>\n#8 0x559f924e0dd4 <unknown>\n#9 0x559f924e21de <unknown>\n#10 0x559f927ab531 <unknown>\n#11 0x559f927af455 <unknown>\n#12 0x559f92797f55 <unknown>\n#13 0x559f927b00ef <unknown>\n#14 0x559f9277b99f <unknown>\n#15 0x559f927d4008 <unknown>\n#16 0x559f927d41d7 <unknown>\n#17 0x559f927e6124 <unknown>\n#18 0x7ff46126f044 <unknown>","time":{"start":1703812282503,"stop":1703812286063,"duration":3560}},{"uid":"f492cebf5493025a","reportUrl":"https://zaelcovsky.github.io/StroyremAutomation/184//#testresult/f492cebf5493025a","status":"skipped","statusDetails":"XFAIL Появляется капча Яндекса при запуске теста на Github\n\nselenium.common.exceptions.InvalidCookieDomainException: Message: invalid cookie domain: Cookie 'domain' mismatch\n  (Session info: chrome-headless-shell=120.0.6099.109)\nStacktrace:\n#0 0x5578737aff83 <unknown>\n#1 0x557873468cf7 <unknown>\n#2 0x557873515538 <unknown>\n#3 0x5578734e20b2 <unknown>\n#4 0x557873501006 <unknown>\n#5 0x5578734e1e53 <unknown>\n#6 0x5578734a9dd4 <unknown>\n#7 0x5578734ab1de <unknown>\n#8 0x557873774531 <unknown>\n#9 0x557873778455 <unknown>\n#10 0x557873760f55 <unknown>\n#11 0x5578737790ef <unknown>\n#12 0x55787374499f <unknown>\n#13 0x55787379d008 <unknown>\n#14 0x55787379d1d7 <unknown>\n#15 0x5578737af124 <unknown>\n#16 0x7f47ab4de044 <unknown>","time":{"start":1703726443389,"stop":1703726447700,"duration":4311}}]},"tags":["@pytest.mark.xfail(reason='Появляется капча Яндекса при запуске теста на Github')","smoke_test"]},"source":"3aead98b30ac5f65.json","parameterValues":[]}