{"uid":"cbeadf52b5082238","name":"TD 024 Доставка товара весом до 9000кг. в синей зоне","fullName":"tests.delivery.test_delivery_calculation.TestDeliveryPageCalculation#test_positive_delivery_blue_zone_smoke","historyId":"69e5dca98f2a435ef5ba1c77ef0ca605","time":{"start":1709082465172,"stop":1709082465511,"duration":339},"status":"broken","statusMessage":"selenium.common.exceptions.NoSuchElementException: Message: no such element: Unable to locate element: {\"method\":\"xpath\",\"selector\":\"(//a[@class='add-to-cart yellow-btn'])[1]\"}\n  (Session info: chrome-headless-shell=122.0.6261.94); For documentation on this error, please visit: https://www.selenium.dev/documentation/webdriver/troubleshooting/errors#no-such-element-exception\nStacktrace:\n#0 0x55e8909eee93 <unknown>\n#1 0x55e8906e6ce6 <unknown>\n#2 0x55e890731e48 <unknown>\n#3 0x55e890731f01 <unknown>\n#4 0x55e8907753f4 <unknown>\n#5 0x55e890753edd <unknown>\n#6 0x55e890772899 <unknown>\n#7 0x55e890753c53 <unknown>\n#8 0x55e890724db3 <unknown>\n#9 0x55e89072577e <unknown>\n#10 0x55e8909b47cb <unknown>\n#11 0x55e8909b87e5 <unknown>\n#12 0x55e8909a20e1 <unknown>\n#13 0x55e8909b9372 <unknown>\n#14 0x55e8909861bf <unknown>\n#15 0x55e8909dd488 <unknown>\n#16 0x55e8909dd683 <unknown>\n#17 0x55e8909ee044 <unknown>\n#18 0x7f8f1b928134 <unknown>","statusTrace":"self = <tests.delivery.test_delivery_calculation.TestDeliveryPageCalculation object at 0x7f8ae35b8f90>\ndriver = <selenium.webdriver.chrome.webdriver.WebDriver (session=\"e88522b1aa3270c2431c3cdba190f199\")>\nurl = 'https://sandboxtest.stroyrem-nn.ru/', case_id = 'TD 024'\nlink_item = 'products/shtukaturka-gipsovaya-aksolit-m50-30-kg-mashinnogo-naneseniya'\namount = 299, weight = 9000, standard = 4300, in_time = 9900, all_time = 11440\n\n    @pytest.mark.parametrize('case_id, link_item, amount, weight, standard, in_time, all_time', [\n        (\"TD 015\", bundeks_25, 1, 30, 650, 2390, 3320),\n        pytest.param(\n            \"TD 016\", aksolit_30, 8, 300, 650, 2390, 3320,\n            marks=pytest.mark.xfail(reson=\"Цена доставки: - - -\")\n        ),\n        (\"TD 017\", aksolit_30, 13, 400, 650, 2390, 3320),\n        (\"TD 018\", aksolit_30, 16, 500, 850, 2490, 3320),\n        (\"TD 019\", aksolit_30, 25, 1700, 1150, 2490, 3320),\n        (\"TD 020\", aksolit_30, 66, 2000, 1500, 2990, 3650),\n        (\"TD 021\", aksolit_30, 149, 4500, 2600, 4380, 4890),\n        (\"TD 022\", aksolit_30, 166, 5000, 2800, 5490, 5980),\n        pytest.param(\n            \"TD 023\", aksolit_30, 206, 6200, 3300, 7500, 8000,\n            marks=pytest.mark.xfail(reson=\"Цена доставки: 4300 9900 11440\")\n        ),\n        (\"TD 024\", aksolit_30, 299, 9000, 4300, 9900, 11440),\n        (\"TD 025\", aksolit_30, 333, 10000, 7000, 13900, 15900),\n        pytest.param(\n            \"TD 026\", aksolit_30, 366, 11000, 8000, 14900, 19900,\n            marks=pytest.mark.xfail(reson=\"Цена доставки: 7000 13900 15900\")\n        ),\n        pytest.param(\n            \"TD 027\", aksolit_30, 666, 20000, 14000, 16900, 23900,\n            marks=pytest.mark.xfail(reson=\"Цена доставки: 7000 13900 15900\")\n        )\n    ])\n    @pytest.mark.smoke\n    def test_positive_delivery_blue_zone_smoke(\n            self, driver, url, case_id, link_item, amount, weight, standard, in_time, all_time\n    ):\n        allure.dynamic.title(f\"{case_id} Доставка товара весом до {weight}кг. в синей зоне\")\n    \n        driver.get(f'{url}{link_item}')\n        item_page = ItemPage(driver)\n>       item_page.add_item_to_cart(amount).click_on_cart()\n\ntests/delivery/test_delivery_calculation.py:130: \n_ _ _ _ _ _ _ _ _ _ _ _ _ _ _ _ _ _ _ _ _ _ _ _ _ _ _ _ _ _ _ _ _ _ _ _ _ _ _ _ \npages/item_page.py:40: in add_item_to_cart\n    self.find_element(self._add_item).click()\nbase/seleniumbase.py:17: in find_element\n    return self.driver.find_element(*locator)\n/usr/local/lib/python3.11/site-packages/selenium/webdriver/remote/webdriver.py:740: in find_element\n    return self.execute(Command.FIND_ELEMENT, {\"using\": by, \"value\": value})[\"value\"]\n/usr/local/lib/python3.11/site-packages/selenium/webdriver/remote/webdriver.py:346: in execute\n    self.error_handler.check_response(response)\n_ _ _ _ _ _ _ _ _ _ _ _ _ _ _ _ _ _ _ _ _ _ _ _ _ _ _ _ _ _ _ _ _ _ _ _ _ _ _ _ \n\nself = <selenium.webdriver.remote.errorhandler.ErrorHandler object at 0x7f8ae1e186d0>\nresponse = {'status': 404, 'value': '{\"value\":{\"error\":\"no such element\",\"message\":\"no such element: Unable to locate element: {\\...\\\\n#16 0x55e8909dd683 \\\\u003Cunknown>\\\\n#17 0x55e8909ee044 \\\\u003Cunknown>\\\\n#18 0x7f8f1b928134 \\\\u003Cunknown>\\\\n\"}}'}\n\n    def check_response(self, response: Dict[str, Any]) -> None:\n        \"\"\"Checks that a JSON response from the WebDriver does not have an\n        error.\n    \n        :Args:\n         - response - The JSON response from the WebDriver server as a dictionary\n           object.\n    \n        :Raises: If the response contains an error message.\n        \"\"\"\n        status = response.get(\"status\", None)\n        if not status or status == ErrorCode.SUCCESS:\n            return\n        value = None\n        message = response.get(\"message\", \"\")\n        screen: str = response.get(\"screen\", \"\")\n        stacktrace = None\n        if isinstance(status, int):\n            value_json = response.get(\"value\", None)\n            if value_json and isinstance(value_json, str):\n                import json\n    \n                try:\n                    value = json.loads(value_json)\n                    if len(value) == 1:\n                        value = value[\"value\"]\n                    status = value.get(\"error\", None)\n                    if not status:\n                        status = value.get(\"status\", ErrorCode.UNKNOWN_ERROR)\n                        message = value.get(\"value\") or value.get(\"message\")\n                        if not isinstance(message, str):\n                            value = message\n                            message = message.get(\"message\")\n                    else:\n                        message = value.get(\"message\", None)\n                except ValueError:\n                    pass\n    \n        exception_class: Type[WebDriverException]\n        if status in ErrorCode.NO_SUCH_ELEMENT:\n            exception_class = NoSuchElementException\n        elif status in ErrorCode.NO_SUCH_FRAME:\n            exception_class = NoSuchFrameException\n        elif status in ErrorCode.NO_SUCH_SHADOW_ROOT:\n            exception_class = NoSuchShadowRootException\n        elif status in ErrorCode.NO_SUCH_WINDOW:\n            exception_class = NoSuchWindowException\n        elif status in ErrorCode.STALE_ELEMENT_REFERENCE:\n            exception_class = StaleElementReferenceException\n        elif status in ErrorCode.ELEMENT_NOT_VISIBLE:\n            exception_class = ElementNotVisibleException\n        elif status in ErrorCode.INVALID_ELEMENT_STATE:\n            exception_class = InvalidElementStateException\n        elif (\n            status in ErrorCode.INVALID_SELECTOR\n            or status in ErrorCode.INVALID_XPATH_SELECTOR\n            or status in ErrorCode.INVALID_XPATH_SELECTOR_RETURN_TYPER\n        ):\n            exception_class = InvalidSelectorException\n        elif status in ErrorCode.ELEMENT_IS_NOT_SELECTABLE:\n            exception_class = ElementNotSelectableException\n        elif status in ErrorCode.ELEMENT_NOT_INTERACTABLE:\n            exception_class = ElementNotInteractableException\n        elif status in ErrorCode.INVALID_COOKIE_DOMAIN:\n            exception_class = InvalidCookieDomainException\n        elif status in ErrorCode.UNABLE_TO_SET_COOKIE:\n            exception_class = UnableToSetCookieException\n        elif status in ErrorCode.TIMEOUT:\n            exception_class = TimeoutException\n        elif status in ErrorCode.SCRIPT_TIMEOUT:\n            exception_class = TimeoutException\n        elif status in ErrorCode.UNKNOWN_ERROR:\n            exception_class = WebDriverException\n        elif status in ErrorCode.UNEXPECTED_ALERT_OPEN:\n            exception_class = UnexpectedAlertPresentException\n        elif status in ErrorCode.NO_ALERT_OPEN:\n            exception_class = NoAlertPresentException\n        elif status in ErrorCode.IME_NOT_AVAILABLE:\n            exception_class = ImeNotAvailableException\n        elif status in ErrorCode.IME_ENGINE_ACTIVATION_FAILED:\n            exception_class = ImeActivationFailedException\n        elif status in ErrorCode.MOVE_TARGET_OUT_OF_BOUNDS:\n            exception_class = MoveTargetOutOfBoundsException\n        elif status in ErrorCode.JAVASCRIPT_ERROR:\n            exception_class = JavascriptException\n        elif status in ErrorCode.SESSION_NOT_CREATED:\n            exception_class = SessionNotCreatedException\n        elif status in ErrorCode.INVALID_ARGUMENT:\n            exception_class = InvalidArgumentException\n        elif status in ErrorCode.NO_SUCH_COOKIE:\n            exception_class = NoSuchCookieException\n        elif status in ErrorCode.UNABLE_TO_CAPTURE_SCREEN:\n            exception_class = ScreenshotException\n        elif status in ErrorCode.ELEMENT_CLICK_INTERCEPTED:\n            exception_class = ElementClickInterceptedException\n        elif status in ErrorCode.INSECURE_CERTIFICATE:\n            exception_class = InsecureCertificateException\n        elif status in ErrorCode.INVALID_COORDINATES:\n            exception_class = InvalidCoordinatesException\n        elif status in ErrorCode.INVALID_SESSION_ID:\n            exception_class = InvalidSessionIdException\n        elif status in ErrorCode.UNKNOWN_METHOD:\n            exception_class = UnknownMethodException\n        else:\n            exception_class = WebDriverException\n        if not value:\n            value = response[\"value\"]\n        if isinstance(value, str):\n            raise exception_class(value)\n        if message == \"\" and \"message\" in value:\n            message = value[\"message\"]\n    \n        screen = None  # type: ignore[assignment]\n        if \"screen\" in value:\n            screen = value[\"screen\"]\n    \n        stacktrace = None\n        st_value = value.get(\"stackTrace\") or value.get(\"stacktrace\")\n        if st_value:\n            if isinstance(st_value, str):\n                stacktrace = st_value.split(\"\\n\")\n            else:\n                stacktrace = []\n                try:\n                    for frame in st_value:\n                        line = frame.get(\"lineNumber\", \"\")\n                        file = frame.get(\"fileName\", \"<anonymous>\")\n                        if line:\n                            file = f\"{file}:{line}\"\n                        meth = frame.get(\"methodName\", \"<anonymous>\")\n                        if \"className\" in frame:\n                            meth = f\"{frame['className']}.{meth}\"\n                        msg = \"    at %s (%s)\"\n                        msg = msg % (meth, file)\n                        stacktrace.append(msg)\n                except TypeError:\n                    pass\n        if exception_class == UnexpectedAlertPresentException:\n            alert_text = None\n            if \"data\" in value:\n                alert_text = value[\"data\"].get(\"text\")\n            elif \"alert\" in value:\n                alert_text = value[\"alert\"].get(\"text\")\n            raise exception_class(message, screen, stacktrace, alert_text)  # type: ignore[call-arg]  # mypy is not smart enough here\n>       raise exception_class(message, screen, stacktrace)\nE       selenium.common.exceptions.NoSuchElementException: Message: no such element: Unable to locate element: {\"method\":\"xpath\",\"selector\":\"(//a[@class='add-to-cart yellow-btn'])[1]\"}\nE         (Session info: chrome-headless-shell=122.0.6261.94); For documentation on this error, please visit: https://www.selenium.dev/documentation/webdriver/troubleshooting/errors#no-such-element-exception\nE       Stacktrace:\nE       #0 0x55e8909eee93 <unknown>\nE       #1 0x55e8906e6ce6 <unknown>\nE       #2 0x55e890731e48 <unknown>\nE       #3 0x55e890731f01 <unknown>\nE       #4 0x55e8907753f4 <unknown>\nE       #5 0x55e890753edd <unknown>\nE       #6 0x55e890772899 <unknown>\nE       #7 0x55e890753c53 <unknown>\nE       #8 0x55e890724db3 <unknown>\nE       #9 0x55e89072577e <unknown>\nE       #10 0x55e8909b47cb <unknown>\nE       #11 0x55e8909b87e5 <unknown>\nE       #12 0x55e8909a20e1 <unknown>\nE       #13 0x55e8909b9372 <unknown>\nE       #14 0x55e8909861bf <unknown>\nE       #15 0x55e8909dd488 <unknown>\nE       #16 0x55e8909dd683 <unknown>\nE       #17 0x55e8909ee044 <unknown>\nE       #18 0x7f8f1b928134 <unknown>\n\n/usr/local/lib/python3.11/site-packages/selenium/webdriver/remote/errorhandler.py:245: NoSuchElementException","flaky":false,"newFailed":false,"newBroken":false,"newPassed":false,"retriesCount":0,"retriesStatusChange":false,"beforeStages":[{"name":"_session_faker","time":{"start":1709081967823,"stop":1709081967891,"duration":68},"status":"passed","steps":[],"attachments":[],"parameters":[],"shouldDisplayMessage":false,"stepsCount":0,"attachmentsCount":0,"hasContent":false,"attachmentStep":false},{"name":"clear_allure_results_folder","time":{"start":1709081967892,"stop":1709081967892,"duration":0},"status":"passed","steps":[],"attachments":[],"parameters":[],"shouldDisplayMessage":false,"stepsCount":0,"attachmentsCount":0,"hasContent":false,"attachmentStep":false},{"name":"driver","time":{"start":1709082464432,"stop":1709082465170,"duration":738},"status":"passed","steps":[],"attachments":[],"parameters":[],"shouldDisplayMessage":false,"stepsCount":0,"attachmentsCount":0,"hasContent":false,"attachmentStep":false},{"name":"setup","time":{"start":1709082465171,"stop":1709082465171,"duration":0},"status":"passed","steps":[],"attachments":[],"parameters":[],"shouldDisplayMessage":false,"stepsCount":0,"attachmentsCount":0,"hasContent":false,"attachmentStep":false}],"testStage":{"status":"broken","statusMessage":"selenium.common.exceptions.NoSuchElementException: Message: no such element: Unable to locate element: {\"method\":\"xpath\",\"selector\":\"(//a[@class='add-to-cart yellow-btn'])[1]\"}\n  (Session info: chrome-headless-shell=122.0.6261.94); For documentation on this error, please visit: https://www.selenium.dev/documentation/webdriver/troubleshooting/errors#no-such-element-exception\nStacktrace:\n#0 0x55e8909eee93 <unknown>\n#1 0x55e8906e6ce6 <unknown>\n#2 0x55e890731e48 <unknown>\n#3 0x55e890731f01 <unknown>\n#4 0x55e8907753f4 <unknown>\n#5 0x55e890753edd <unknown>\n#6 0x55e890772899 <unknown>\n#7 0x55e890753c53 <unknown>\n#8 0x55e890724db3 <unknown>\n#9 0x55e89072577e <unknown>\n#10 0x55e8909b47cb <unknown>\n#11 0x55e8909b87e5 <unknown>\n#12 0x55e8909a20e1 <unknown>\n#13 0x55e8909b9372 <unknown>\n#14 0x55e8909861bf <unknown>\n#15 0x55e8909dd488 <unknown>\n#16 0x55e8909dd683 <unknown>\n#17 0x55e8909ee044 <unknown>\n#18 0x7f8f1b928134 <unknown>","statusTrace":"self = <tests.delivery.test_delivery_calculation.TestDeliveryPageCalculation object at 0x7f8ae35b8f90>\ndriver = <selenium.webdriver.chrome.webdriver.WebDriver (session=\"e88522b1aa3270c2431c3cdba190f199\")>\nurl = 'https://sandboxtest.stroyrem-nn.ru/', case_id = 'TD 024'\nlink_item = 'products/shtukaturka-gipsovaya-aksolit-m50-30-kg-mashinnogo-naneseniya'\namount = 299, weight = 9000, standard = 4300, in_time = 9900, all_time = 11440\n\n    @pytest.mark.parametrize('case_id, link_item, amount, weight, standard, in_time, all_time', [\n        (\"TD 015\", bundeks_25, 1, 30, 650, 2390, 3320),\n        pytest.param(\n            \"TD 016\", aksolit_30, 8, 300, 650, 2390, 3320,\n            marks=pytest.mark.xfail(reson=\"Цена доставки: - - -\")\n        ),\n        (\"TD 017\", aksolit_30, 13, 400, 650, 2390, 3320),\n        (\"TD 018\", aksolit_30, 16, 500, 850, 2490, 3320),\n        (\"TD 019\", aksolit_30, 25, 1700, 1150, 2490, 3320),\n        (\"TD 020\", aksolit_30, 66, 2000, 1500, 2990, 3650),\n        (\"TD 021\", aksolit_30, 149, 4500, 2600, 4380, 4890),\n        (\"TD 022\", aksolit_30, 166, 5000, 2800, 5490, 5980),\n        pytest.param(\n            \"TD 023\", aksolit_30, 206, 6200, 3300, 7500, 8000,\n            marks=pytest.mark.xfail(reson=\"Цена доставки: 4300 9900 11440\")\n        ),\n        (\"TD 024\", aksolit_30, 299, 9000, 4300, 9900, 11440),\n        (\"TD 025\", aksolit_30, 333, 10000, 7000, 13900, 15900),\n        pytest.param(\n            \"TD 026\", aksolit_30, 366, 11000, 8000, 14900, 19900,\n            marks=pytest.mark.xfail(reson=\"Цена доставки: 7000 13900 15900\")\n        ),\n        pytest.param(\n            \"TD 027\", aksolit_30, 666, 20000, 14000, 16900, 23900,\n            marks=pytest.mark.xfail(reson=\"Цена доставки: 7000 13900 15900\")\n        )\n    ])\n    @pytest.mark.smoke\n    def test_positive_delivery_blue_zone_smoke(\n            self, driver, url, case_id, link_item, amount, weight, standard, in_time, all_time\n    ):\n        allure.dynamic.title(f\"{case_id} Доставка товара весом до {weight}кг. в синей зоне\")\n    \n        driver.get(f'{url}{link_item}')\n        item_page = ItemPage(driver)\n>       item_page.add_item_to_cart(amount).click_on_cart()\n\ntests/delivery/test_delivery_calculation.py:130: \n_ _ _ _ _ _ _ _ _ _ _ _ _ _ _ _ _ _ _ _ _ _ _ _ _ _ _ _ _ _ _ _ _ _ _ _ _ _ _ _ \npages/item_page.py:40: in add_item_to_cart\n    self.find_element(self._add_item).click()\nbase/seleniumbase.py:17: in find_element\n    return self.driver.find_element(*locator)\n/usr/local/lib/python3.11/site-packages/selenium/webdriver/remote/webdriver.py:740: in find_element\n    return self.execute(Command.FIND_ELEMENT, {\"using\": by, \"value\": value})[\"value\"]\n/usr/local/lib/python3.11/site-packages/selenium/webdriver/remote/webdriver.py:346: in execute\n    self.error_handler.check_response(response)\n_ _ _ _ _ _ _ _ _ _ _ _ _ _ _ _ _ _ _ _ _ _ _ _ _ _ _ _ _ _ _ _ _ _ _ _ _ _ _ _ \n\nself = <selenium.webdriver.remote.errorhandler.ErrorHandler object at 0x7f8ae1e186d0>\nresponse = {'status': 404, 'value': '{\"value\":{\"error\":\"no such element\",\"message\":\"no such element: Unable to locate element: {\\...\\\\n#16 0x55e8909dd683 \\\\u003Cunknown>\\\\n#17 0x55e8909ee044 \\\\u003Cunknown>\\\\n#18 0x7f8f1b928134 \\\\u003Cunknown>\\\\n\"}}'}\n\n    def check_response(self, response: Dict[str, Any]) -> None:\n        \"\"\"Checks that a JSON response from the WebDriver does not have an\n        error.\n    \n        :Args:\n         - response - The JSON response from the WebDriver server as a dictionary\n           object.\n    \n        :Raises: If the response contains an error message.\n        \"\"\"\n        status = response.get(\"status\", None)\n        if not status or status == ErrorCode.SUCCESS:\n            return\n        value = None\n        message = response.get(\"message\", \"\")\n        screen: str = response.get(\"screen\", \"\")\n        stacktrace = None\n        if isinstance(status, int):\n            value_json = response.get(\"value\", None)\n            if value_json and isinstance(value_json, str):\n                import json\n    \n                try:\n                    value = json.loads(value_json)\n                    if len(value) == 1:\n                        value = value[\"value\"]\n                    status = value.get(\"error\", None)\n                    if not status:\n                        status = value.get(\"status\", ErrorCode.UNKNOWN_ERROR)\n                        message = value.get(\"value\") or value.get(\"message\")\n                        if not isinstance(message, str):\n                            value = message\n                            message = message.get(\"message\")\n                    else:\n                        message = value.get(\"message\", None)\n                except ValueError:\n                    pass\n    \n        exception_class: Type[WebDriverException]\n        if status in ErrorCode.NO_SUCH_ELEMENT:\n            exception_class = NoSuchElementException\n        elif status in ErrorCode.NO_SUCH_FRAME:\n            exception_class = NoSuchFrameException\n        elif status in ErrorCode.NO_SUCH_SHADOW_ROOT:\n            exception_class = NoSuchShadowRootException\n        elif status in ErrorCode.NO_SUCH_WINDOW:\n            exception_class = NoSuchWindowException\n        elif status in ErrorCode.STALE_ELEMENT_REFERENCE:\n            exception_class = StaleElementReferenceException\n        elif status in ErrorCode.ELEMENT_NOT_VISIBLE:\n            exception_class = ElementNotVisibleException\n        elif status in ErrorCode.INVALID_ELEMENT_STATE:\n            exception_class = InvalidElementStateException\n        elif (\n            status in ErrorCode.INVALID_SELECTOR\n            or status in ErrorCode.INVALID_XPATH_SELECTOR\n            or status in ErrorCode.INVALID_XPATH_SELECTOR_RETURN_TYPER\n        ):\n            exception_class = InvalidSelectorException\n        elif status in ErrorCode.ELEMENT_IS_NOT_SELECTABLE:\n            exception_class = ElementNotSelectableException\n        elif status in ErrorCode.ELEMENT_NOT_INTERACTABLE:\n            exception_class = ElementNotInteractableException\n        elif status in ErrorCode.INVALID_COOKIE_DOMAIN:\n            exception_class = InvalidCookieDomainException\n        elif status in ErrorCode.UNABLE_TO_SET_COOKIE:\n            exception_class = UnableToSetCookieException\n        elif status in ErrorCode.TIMEOUT:\n            exception_class = TimeoutException\n        elif status in ErrorCode.SCRIPT_TIMEOUT:\n            exception_class = TimeoutException\n        elif status in ErrorCode.UNKNOWN_ERROR:\n            exception_class = WebDriverException\n        elif status in ErrorCode.UNEXPECTED_ALERT_OPEN:\n            exception_class = UnexpectedAlertPresentException\n        elif status in ErrorCode.NO_ALERT_OPEN:\n            exception_class = NoAlertPresentException\n        elif status in ErrorCode.IME_NOT_AVAILABLE:\n            exception_class = ImeNotAvailableException\n        elif status in ErrorCode.IME_ENGINE_ACTIVATION_FAILED:\n            exception_class = ImeActivationFailedException\n        elif status in ErrorCode.MOVE_TARGET_OUT_OF_BOUNDS:\n            exception_class = MoveTargetOutOfBoundsException\n        elif status in ErrorCode.JAVASCRIPT_ERROR:\n            exception_class = JavascriptException\n        elif status in ErrorCode.SESSION_NOT_CREATED:\n            exception_class = SessionNotCreatedException\n        elif status in ErrorCode.INVALID_ARGUMENT:\n            exception_class = InvalidArgumentException\n        elif status in ErrorCode.NO_SUCH_COOKIE:\n            exception_class = NoSuchCookieException\n        elif status in ErrorCode.UNABLE_TO_CAPTURE_SCREEN:\n            exception_class = ScreenshotException\n        elif status in ErrorCode.ELEMENT_CLICK_INTERCEPTED:\n            exception_class = ElementClickInterceptedException\n        elif status in ErrorCode.INSECURE_CERTIFICATE:\n            exception_class = InsecureCertificateException\n        elif status in ErrorCode.INVALID_COORDINATES:\n            exception_class = InvalidCoordinatesException\n        elif status in ErrorCode.INVALID_SESSION_ID:\n            exception_class = InvalidSessionIdException\n        elif status in ErrorCode.UNKNOWN_METHOD:\n            exception_class = UnknownMethodException\n        else:\n            exception_class = WebDriverException\n        if not value:\n            value = response[\"value\"]\n        if isinstance(value, str):\n            raise exception_class(value)\n        if message == \"\" and \"message\" in value:\n            message = value[\"message\"]\n    \n        screen = None  # type: ignore[assignment]\n        if \"screen\" in value:\n            screen = value[\"screen\"]\n    \n        stacktrace = None\n        st_value = value.get(\"stackTrace\") or value.get(\"stacktrace\")\n        if st_value:\n            if isinstance(st_value, str):\n                stacktrace = st_value.split(\"\\n\")\n            else:\n                stacktrace = []\n                try:\n                    for frame in st_value:\n                        line = frame.get(\"lineNumber\", \"\")\n                        file = frame.get(\"fileName\", \"<anonymous>\")\n                        if line:\n                            file = f\"{file}:{line}\"\n                        meth = frame.get(\"methodName\", \"<anonymous>\")\n                        if \"className\" in frame:\n                            meth = f\"{frame['className']}.{meth}\"\n                        msg = \"    at %s (%s)\"\n                        msg = msg % (meth, file)\n                        stacktrace.append(msg)\n                except TypeError:\n                    pass\n        if exception_class == UnexpectedAlertPresentException:\n            alert_text = None\n            if \"data\" in value:\n                alert_text = value[\"data\"].get(\"text\")\n            elif \"alert\" in value:\n                alert_text = value[\"alert\"].get(\"text\")\n            raise exception_class(message, screen, stacktrace, alert_text)  # type: ignore[call-arg]  # mypy is not smart enough here\n>       raise exception_class(message, screen, stacktrace)\nE       selenium.common.exceptions.NoSuchElementException: Message: no such element: Unable to locate element: {\"method\":\"xpath\",\"selector\":\"(//a[@class='add-to-cart yellow-btn'])[1]\"}\nE         (Session info: chrome-headless-shell=122.0.6261.94); For documentation on this error, please visit: https://www.selenium.dev/documentation/webdriver/troubleshooting/errors#no-such-element-exception\nE       Stacktrace:\nE       #0 0x55e8909eee93 <unknown>\nE       #1 0x55e8906e6ce6 <unknown>\nE       #2 0x55e890731e48 <unknown>\nE       #3 0x55e890731f01 <unknown>\nE       #4 0x55e8907753f4 <unknown>\nE       #5 0x55e890753edd <unknown>\nE       #6 0x55e890772899 <unknown>\nE       #7 0x55e890753c53 <unknown>\nE       #8 0x55e890724db3 <unknown>\nE       #9 0x55e89072577e <unknown>\nE       #10 0x55e8909b47cb <unknown>\nE       #11 0x55e8909b87e5 <unknown>\nE       #12 0x55e8909a20e1 <unknown>\nE       #13 0x55e8909b9372 <unknown>\nE       #14 0x55e8909861bf <unknown>\nE       #15 0x55e8909dd488 <unknown>\nE       #16 0x55e8909dd683 <unknown>\nE       #17 0x55e8909ee044 <unknown>\nE       #18 0x7f8f1b928134 <unknown>\n\n/usr/local/lib/python3.11/site-packages/selenium/webdriver/remote/errorhandler.py:245: NoSuchElementException","steps":[{"name":"Добавляем товар в корзину в количестве 299","time":{"start":1709082465498,"stop":1709082465510,"duration":12},"status":"broken","statusMessage":"selenium.common.exceptions.NoSuchElementException: Message: no such element: Unable to locate element: {\"method\":\"xpath\",\"selector\":\"(//a[@class='add-to-cart yellow-btn'])[1]\"}\n  (Session info: chrome-headless-shell=122.0.6261.94); For documentation on this error, please visit: https://www.selenium.dev/documentation/webdriver/troubleshooting/errors#no-such-element-exception\nStacktrace:\n#0 0x55e8909eee93 <unknown>\n#1 0x55e8906e6ce6 <unknown>\n#2 0x55e890731e48 <unknown>\n#3 0x55e890731f01 <unknown>\n#4 0x55e8907753f4 <unknown>\n#5 0x55e890753edd <unknown>\n#6 0x55e890772899 <unknown>\n#7 0x55e890753c53 <unknown>\n#8 0x55e890724db3 <unknown>\n#9 0x55e89072577e <unknown>\n#10 0x55e8909b47cb <unknown>\n#11 0x55e8909b87e5 <unknown>\n#12 0x55e8909a20e1 <unknown>\n#13 0x55e8909b9372 <unknown>\n#14 0x55e8909861bf <unknown>\n#15 0x55e8909dd488 <unknown>\n#16 0x55e8909dd683 <unknown>\n#17 0x55e8909ee044 <unknown>\n#18 0x7f8f1b928134 <unknown>\n\n","statusTrace":"  File \"/usr/local/lib/python3.11/site-packages/allure_commons/_allure.py\", line 192, in impl\n    return func(*a, **kw)\n           ^^^^^^^^^^^^^^\n  File \"/app/pages/item_page.py\", line 40, in add_item_to_cart\n    self.find_element(self._add_item).click()\n    ^^^^^^^^^^^^^^^^^^^^^^^^^^^^^^^^^\n  File \"/app/base/seleniumbase.py\", line 17, in find_element\n    return self.driver.find_element(*locator)\n           ^^^^^^^^^^^^^^^^^^^^^^^^^^^^^^^^^^\n  File \"/usr/local/lib/python3.11/site-packages/selenium/webdriver/remote/webdriver.py\", line 740, in find_element\n    return self.execute(Command.FIND_ELEMENT, {\"using\": by, \"value\": value})[\"value\"]\n           ^^^^^^^^^^^^^^^^^^^^^^^^^^^^^^^^^^^^^^^^^^^^^^^^^^^^^^^^^^^^^^^^^\n  File \"/usr/local/lib/python3.11/site-packages/selenium/webdriver/remote/webdriver.py\", line 346, in execute\n    self.error_handler.check_response(response)\n  File \"/usr/local/lib/python3.11/site-packages/selenium/webdriver/remote/errorhandler.py\", line 245, in check_response\n    raise exception_class(message, screen, stacktrace)\n","steps":[],"attachments":[],"parameters":[{"name":"amount","value":"299"}],"shouldDisplayMessage":true,"stepsCount":0,"attachmentsCount":0,"hasContent":true,"attachmentStep":false}],"attachments":[{"uid":"d6d17e0fb100868a","name":"Screenshot","source":"d6d17e0fb100868a.png","type":"image/png","size":5862},{"uid":"c698b921e78d7509","name":"HTML source","source":"c698b921e78d7509.html","type":"text/html","size":39}],"parameters":[],"shouldDisplayMessage":true,"stepsCount":1,"attachmentsCount":2,"hasContent":true,"attachmentStep":false},"afterStages":[{"name":"setup::0","time":{"start":1709082465605,"stop":1709082465605,"duration":0},"status":"passed","steps":[],"attachments":[],"parameters":[],"shouldDisplayMessage":false,"stepsCount":0,"attachmentsCount":0,"hasContent":false,"attachmentStep":false},{"name":"driver::0","time":{"start":1709082465605,"stop":1709082465662,"duration":57},"status":"passed","steps":[],"attachments":[],"parameters":[],"shouldDisplayMessage":false,"stepsCount":0,"attachmentsCount":0,"hasContent":false,"attachmentStep":false}],"labels":[{"name":"epic","value":"Delivery Page - calculation"},{"name":"tag","value":"smoke"},{"name":"parentSuite","value":"tests.delivery"},{"name":"suite","value":"test_delivery_calculation"},{"name":"subSuite","value":"TestDeliveryPageCalculation"},{"name":"host","value":"d2f167225ce9"},{"name":"thread","value":"1-MainThread"},{"name":"framework","value":"pytest"},{"name":"language","value":"cpython3"},{"name":"package","value":"tests.delivery.test_delivery_calculation"},{"name":"resultFormat","value":"allure2"}],"parameters":[{"name":"all_time","value":"11440"},{"name":"amount","value":"299"},{"name":"case_id","value":"'TD 024'"},{"name":"in_time","value":"9900"},{"name":"link_item","value":"'products/shtukaturka-gipsovaya-aksolit-m50-30-kg-mashinnogo-naneseniya'"},{"name":"standard","value":"4300"},{"name":"url","value":"'https://sandboxtest.stroyrem-nn.ru/'"},{"name":"weight","value":"9000"}],"links":[],"hidden":false,"retry":false,"extra":{"severity":"normal","retries":[],"categories":[{"name":"Test defects","matchedStatuses":[],"flaky":false}],"history":{"statistic":{"failed":0,"broken":182,"skipped":0,"passed":0,"unknown":0,"total":182},"items":[{"uid":"e4b943a80d90d334","reportUrl":"https://zaelcovsky.github.io/StroyremAutomation/245//#testresult/e4b943a80d90d334","status":"broken","statusDetails":"selenium.common.exceptions.NoSuchElementException: Message: no such element: Unable to locate element: {\"method\":\"xpath\",\"selector\":\"(//a[@class='add-to-cart yellow-btn'])[1]\"}\n  (Session info: chrome-headless-shell=122.0.6261.69); For documentation on this error, please visit: https://www.selenium.dev/documentation/webdriver/troubleshooting/errors#no-such-element-exception\nStacktrace:\n#0 0x5564c83bb793 <unknown>\n#1 0x5564c80af1c6 <unknown>\n#2 0x5564c80fa358 <unknown>\n#3 0x5564c80fa411 <unknown>\n#4 0x5564c813d934 <unknown>\n#5 0x5564c811c3fd <unknown>\n#6 0x5564c813add9 <unknown>\n#7 0x5564c811c173 <unknown>\n#8 0x5564c80ed2d3 <unknown>\n#9 0x5564c80edc9e <unknown>\n#10 0x5564c837f8cb <unknown>\n#11 0x5564c8383745 <unknown>\n#12 0x5564c836c2e1 <unknown>\n#13 0x5564c83842d2 <unknown>\n#14 0x5564c835017f <unknown>\n#15 0x5564c83a9dc8 <unknown>\n#16 0x5564c83a9fc3 <unknown>\n#17 0x5564c83ba944 <unknown>\n#18 0x7fd55bdf0134 <unknown>","time":{"start":1708996092652,"stop":1708996093054,"duration":402}},{"uid":"13e04df0bc8997ce","reportUrl":"https://zaelcovsky.github.io/StroyremAutomation/244//#testresult/13e04df0bc8997ce","status":"broken","statusDetails":"selenium.common.exceptions.NoSuchElementException: Message: no such element: Unable to locate element: {\"method\":\"xpath\",\"selector\":\"(//a[@class='add-to-cart yellow-btn'])[1]\"}\n  (Session info: chrome-headless-shell=122.0.6261.69); For documentation on this error, please visit: https://www.selenium.dev/documentation/webdriver/troubleshooting/errors#no-such-element-exception\nStacktrace:\n#0 0x55c8d7962793 <unknown>\n#1 0x55c8d76561c6 <unknown>\n#2 0x55c8d76a1358 <unknown>\n#3 0x55c8d76a1411 <unknown>\n#4 0x55c8d76e4934 <unknown>\n#5 0x55c8d76c33fd <unknown>\n#6 0x55c8d76e1dd9 <unknown>\n#7 0x55c8d76c3173 <unknown>\n#8 0x55c8d76942d3 <unknown>\n#9 0x55c8d7694c9e <unknown>\n#10 0x55c8d79268cb <unknown>\n#11 0x55c8d792a745 <unknown>\n#12 0x55c8d79132e1 <unknown>\n#13 0x55c8d792b2d2 <unknown>\n#14 0x55c8d78f717f <unknown>\n#15 0x55c8d7950dc8 <unknown>\n#16 0x55c8d7950fc3 <unknown>\n#17 0x55c8d7961944 <unknown>\n#18 0x7fa68b2ca134 <unknown>","time":{"start":1708909715287,"stop":1708909715695,"duration":408}},{"uid":"9e9f9e771c71ee2f","reportUrl":"https://zaelcovsky.github.io/StroyremAutomation/243//#testresult/9e9f9e771c71ee2f","status":"broken","statusDetails":"selenium.common.exceptions.NoSuchElementException: Message: no such element: Unable to locate element: {\"method\":\"xpath\",\"selector\":\"(//a[@class='add-to-cart yellow-btn'])[1]\"}\n  (Session info: chrome-headless-shell=122.0.6261.69); For documentation on this error, please visit: https://www.selenium.dev/documentation/webdriver/troubleshooting/errors#no-such-element-exception\nStacktrace:\n#0 0x5623775ad793 <unknown>\n#1 0x5623772a11c6 <unknown>\n#2 0x5623772ec358 <unknown>\n#3 0x5623772ec411 <unknown>\n#4 0x56237732f934 <unknown>\n#5 0x56237730e3fd <unknown>\n#6 0x56237732cdd9 <unknown>\n#7 0x56237730e173 <unknown>\n#8 0x5623772df2d3 <unknown>\n#9 0x5623772dfc9e <unknown>\n#10 0x5623775718cb <unknown>\n#11 0x562377575745 <unknown>\n#12 0x56237755e2e1 <unknown>\n#13 0x5623775762d2 <unknown>\n#14 0x56237754217f <unknown>\n#15 0x56237759bdc8 <unknown>\n#16 0x56237759bfc3 <unknown>\n#17 0x5623775ac944 <unknown>\n#18 0x7f209545f134 <unknown>","time":{"start":1708823498900,"stop":1708823499328,"duration":428}},{"uid":"aa09d03b53bbe1b3","reportUrl":"https://zaelcovsky.github.io/StroyremAutomation/242//#testresult/aa09d03b53bbe1b3","status":"broken","statusDetails":"selenium.common.exceptions.NoSuchElementException: Message: no such element: Unable to locate element: {\"method\":\"xpath\",\"selector\":\"(//a[@class='add-to-cart yellow-btn'])[1]\"}\n  (Session info: chrome-headless-shell=122.0.6261.69); For documentation on this error, please visit: https://www.selenium.dev/documentation/webdriver/troubleshooting/errors#no-such-element-exception\nStacktrace:\n#0 0x55fc4e05d793 <unknown>\n#1 0x55fc4dd511c6 <unknown>\n#2 0x55fc4dd9c358 <unknown>\n#3 0x55fc4dd9c411 <unknown>\n#4 0x55fc4dddf934 <unknown>\n#5 0x55fc4ddbe3fd <unknown>\n#6 0x55fc4dddcdd9 <unknown>\n#7 0x55fc4ddbe173 <unknown>\n#8 0x55fc4dd8f2d3 <unknown>\n#9 0x55fc4dd8fc9e <unknown>\n#10 0x55fc4e0218cb <unknown>\n#11 0x55fc4e025745 <unknown>\n#12 0x55fc4e00e2e1 <unknown>\n#13 0x55fc4e0262d2 <unknown>\n#14 0x55fc4dff217f <unknown>\n#15 0x55fc4e04bdc8 <unknown>\n#16 0x55fc4e04bfc3 <unknown>\n#17 0x55fc4e05c944 <unknown>\n#18 0x7f4cc0033134 <unknown>","time":{"start":1708736800055,"stop":1708736800664,"duration":609}},{"uid":"1f781385010cf2f9","reportUrl":"https://zaelcovsky.github.io/StroyremAutomation/241//#testresult/1f781385010cf2f9","status":"broken","statusDetails":"selenium.common.exceptions.NoSuchElementException: Message: no such element: Unable to locate element: {\"method\":\"xpath\",\"selector\":\"(//a[@class='add-to-cart yellow-btn'])[1]\"}\n  (Session info: chrome-headless-shell=122.0.6261.69); For documentation on this error, please visit: https://www.selenium.dev/documentation/webdriver/troubleshooting/errors#no-such-element-exception\nStacktrace:\n#0 0x55f93fb6f793 <unknown>\n#1 0x55f93f8631c6 <unknown>\n#2 0x55f93f8ae358 <unknown>\n#3 0x55f93f8ae411 <unknown>\n#4 0x55f93f8f1934 <unknown>\n#5 0x55f93f8d03fd <unknown>\n#6 0x55f93f8eedd9 <unknown>\n#7 0x55f93f8d0173 <unknown>\n#8 0x55f93f8a12d3 <unknown>\n#9 0x55f93f8a1c9e <unknown>\n#10 0x55f93fb338cb <unknown>\n#11 0x55f93fb37745 <unknown>\n#12 0x55f93fb202e1 <unknown>\n#13 0x55f93fb382d2 <unknown>\n#14 0x55f93fb0417f <unknown>\n#15 0x55f93fb5ddc8 <unknown>\n#16 0x55f93fb5dfc3 <unknown>\n#17 0x55f93fb6e944 <unknown>\n#18 0x7ff283b1f134 <unknown>","time":{"start":1708650397743,"stop":1708650398057,"duration":314}},{"uid":"b9d14acac7905ce","reportUrl":"https://zaelcovsky.github.io/StroyremAutomation/240//#testresult/b9d14acac7905ce","status":"broken","statusDetails":"selenium.common.exceptions.NoSuchElementException: Message: no such element: Unable to locate element: {\"method\":\"xpath\",\"selector\":\"(//a[@class='add-to-cart yellow-btn'])[1]\"}\n  (Session info: chrome-headless-shell=122.0.6261.57); For documentation on this error, please visit: https://www.selenium.dev/documentation/webdriver/troubleshooting/errors#no-such-element-exception\nStacktrace:\n#0 0x5582e05527d3 <unknown>\n#1 0x5582e02461c6 <unknown>\n#2 0x5582e0291358 <unknown>\n#3 0x5582e0291411 <unknown>\n#4 0x5582e02d4934 <unknown>\n#5 0x5582e02b33fd <unknown>\n#6 0x5582e02d1dd9 <unknown>\n#7 0x5582e02b3173 <unknown>\n#8 0x5582e02842d3 <unknown>\n#9 0x5582e0284c9e <unknown>\n#10 0x5582e051690b <unknown>\n#11 0x5582e051a785 <unknown>\n#12 0x5582e0503321 <unknown>\n#13 0x5582e051b312 <unknown>\n#14 0x5582e04e71bf <unknown>\n#15 0x5582e0540e08 <unknown>\n#16 0x5582e0541003 <unknown>\n#17 0x5582e0551984 <unknown>\n#18 0x7f4219042134 <unknown>","time":{"start":1708564035097,"stop":1708564035399,"duration":302}},{"uid":"6cb7d948b95da338","reportUrl":"https://zaelcovsky.github.io/StroyremAutomation/239//#testresult/6cb7d948b95da338","status":"broken","statusDetails":"selenium.common.exceptions.NoSuchElementException: Message: no such element: Unable to locate element: {\"method\":\"xpath\",\"selector\":\"(//a[@class='add-to-cart yellow-btn'])[1]\"}\n  (Session info: chrome-headless-shell=122.0.6261.57); For documentation on this error, please visit: https://www.selenium.dev/documentation/webdriver/troubleshooting/errors#no-such-element-exception\nStacktrace:\n#0 0x55ca1401f7d3 <unknown>\n#1 0x55ca13d131c6 <unknown>\n#2 0x55ca13d5e358 <unknown>\n#3 0x55ca13d5e411 <unknown>\n#4 0x55ca13da1934 <unknown>\n#5 0x55ca13d803fd <unknown>\n#6 0x55ca13d9edd9 <unknown>\n#7 0x55ca13d80173 <unknown>\n#8 0x55ca13d512d3 <unknown>\n#9 0x55ca13d51c9e <unknown>\n#10 0x55ca13fe390b <unknown>\n#11 0x55ca13fe7785 <unknown>\n#12 0x55ca13fd0321 <unknown>\n#13 0x55ca13fe8312 <unknown>\n#14 0x55ca13fb41bf <unknown>\n#15 0x55ca1400de08 <unknown>\n#16 0x55ca1400e003 <unknown>\n#17 0x55ca1401e984 <unknown>\n#18 0x7f71dd9c2134 <unknown>","time":{"start":1708477692637,"stop":1708477693065,"duration":428}},{"uid":"4eb1f4a4a10f6fb0","reportUrl":"https://zaelcovsky.github.io/StroyremAutomation/238//#testresult/4eb1f4a4a10f6fb0","status":"broken","statusDetails":"selenium.common.exceptions.NoSuchElementException: Message: no such element: Unable to locate element: {\"method\":\"xpath\",\"selector\":\"(//a[@class='add-to-cart yellow-btn'])[1]\"}\n  (Session info: chrome-headless-shell=121.0.6167.184); For documentation on this error, please visit: https://www.selenium.dev/documentation/webdriver/troubleshooting/errors#no-such-element-exception\nStacktrace:\n#0 0x555dfcfc7303 <unknown>\n#1 0x555dfccac2b7 <unknown>\n#2 0x555dfccf7cc0 <unknown>\n#3 0x555dfccf7db1 <unknown>\n#4 0x555dfcd3bb44 <unknown>\n#5 0x555dfcd1a3ad <unknown>\n#6 0x555dfcd3907c <unknown>\n#7 0x555dfcd1a123 <unknown>\n#8 0x555dfccea095 <unknown>\n#9 0x555dfcceb09e <unknown>\n#10 0x555dfcf8b6ab <unknown>\n#11 0x555dfcf8f4ba <unknown>\n#12 0x555dfcf77f85 <unknown>\n#13 0x555dfcf9012f <unknown>\n#14 0x555dfcf5be6f <unknown>\n#15 0x555dfcfb45f8 <unknown>\n#16 0x555dfcfb47c2 <unknown>\n#17 0x555dfcfc64a4 <unknown>\n#18 0x7f796158d134 <unknown>","time":{"start":1708391226677,"stop":1708391227006,"duration":329}},{"uid":"95995960e0ae505d","reportUrl":"https://zaelcovsky.github.io/StroyremAutomation/237//#testresult/95995960e0ae505d","status":"broken","statusDetails":"selenium.common.exceptions.NoSuchElementException: Message: no such element: Unable to locate element: {\"method\":\"xpath\",\"selector\":\"(//a[@class='add-to-cart yellow-btn'])[1]\"}\n  (Session info: chrome-headless-shell=121.0.6167.184); For documentation on this error, please visit: https://www.selenium.dev/documentation/webdriver/troubleshooting/errors#no-such-element-exception\nStacktrace:\n#0 0x555edac74303 <unknown>\n#1 0x555eda9592b7 <unknown>\n#2 0x555eda9a4cc0 <unknown>\n#3 0x555eda9a4db1 <unknown>\n#4 0x555eda9e8b44 <unknown>\n#5 0x555eda9c73ad <unknown>\n#6 0x555eda9e607c <unknown>\n#7 0x555eda9c7123 <unknown>\n#8 0x555eda997095 <unknown>\n#9 0x555eda99809e <unknown>\n#10 0x555edac386ab <unknown>\n#11 0x555edac3c4ba <unknown>\n#12 0x555edac24f85 <unknown>\n#13 0x555edac3d12f <unknown>\n#14 0x555edac08e6f <unknown>\n#15 0x555edac615f8 <unknown>\n#16 0x555edac617c2 <unknown>\n#17 0x555edac734a4 <unknown>\n#18 0x7ff1ab285134 <unknown>","time":{"start":1708305036133,"stop":1708305036556,"duration":423}},{"uid":"b66a91f1a3c59b87","reportUrl":"https://zaelcovsky.github.io/StroyremAutomation/236//#testresult/b66a91f1a3c59b87","status":"broken","statusDetails":"selenium.common.exceptions.NoSuchElementException: Message: no such element: Unable to locate element: {\"method\":\"xpath\",\"selector\":\"(//a[@class='add-to-cart yellow-btn'])[1]\"}\n  (Session info: chrome-headless-shell=121.0.6167.184); For documentation on this error, please visit: https://www.selenium.dev/documentation/webdriver/troubleshooting/errors#no-such-element-exception\nStacktrace:\n#0 0x55e479722303 <unknown>\n#1 0x55e4794072b7 <unknown>\n#2 0x55e479452cc0 <unknown>\n#3 0x55e479452db1 <unknown>\n#4 0x55e479496b44 <unknown>\n#5 0x55e4794753ad <unknown>\n#6 0x55e47949407c <unknown>\n#7 0x55e479475123 <unknown>\n#8 0x55e479445095 <unknown>\n#9 0x55e47944609e <unknown>\n#10 0x55e4796e66ab <unknown>\n#11 0x55e4796ea4ba <unknown>\n#12 0x55e4796d2f85 <unknown>\n#13 0x55e4796eb12f <unknown>\n#14 0x55e4796b6e6f <unknown>\n#15 0x55e47970f5f8 <unknown>\n#16 0x55e47970f7c2 <unknown>\n#17 0x55e4797214a4 <unknown>\n#18 0x7fdc1ea0d134 <unknown>","time":{"start":1708218721283,"stop":1708218721770,"duration":487}},{"uid":"3021d0fe32ea34d","reportUrl":"https://zaelcovsky.github.io/StroyremAutomation/235//#testresult/3021d0fe32ea34d","status":"broken","statusDetails":"selenium.common.exceptions.NoSuchElementException: Message: no such element: Unable to locate element: {\"method\":\"xpath\",\"selector\":\"(//a[@class='add-to-cart yellow-btn'])[1]\"}\n  (Session info: chrome-headless-shell=121.0.6167.184); For documentation on this error, please visit: https://www.selenium.dev/documentation/webdriver/troubleshooting/errors#no-such-element-exception\nStacktrace:\n#0 0x564ec9957303 <unknown>\n#1 0x564ec963c2b7 <unknown>\n#2 0x564ec9687cc0 <unknown>\n#3 0x564ec9687db1 <unknown>\n#4 0x564ec96cbb44 <unknown>\n#5 0x564ec96aa3ad <unknown>\n#6 0x564ec96c907c <unknown>\n#7 0x564ec96aa123 <unknown>\n#8 0x564ec967a095 <unknown>\n#9 0x564ec967b09e <unknown>\n#10 0x564ec991b6ab <unknown>\n#11 0x564ec991f4ba <unknown>\n#12 0x564ec9907f85 <unknown>\n#13 0x564ec992012f <unknown>\n#14 0x564ec98ebe6f <unknown>\n#15 0x564ec99445f8 <unknown>\n#16 0x564ec99447c2 <unknown>\n#17 0x564ec99564a4 <unknown>\n#18 0x7f0a09260134 <unknown>","time":{"start":1708132017348,"stop":1708132017649,"duration":301}},{"uid":"f082f1230d43c2ac","reportUrl":"https://zaelcovsky.github.io/StroyremAutomation/234//#testresult/f082f1230d43c2ac","status":"broken","statusDetails":"selenium.common.exceptions.NoSuchElementException: Message: no such element: Unable to locate element: {\"method\":\"xpath\",\"selector\":\"(//a[@class='add-to-cart yellow-btn'])[1]\"}\n  (Session info: chrome-headless-shell=121.0.6167.85); For documentation on this error, please visit: https://www.selenium.dev/documentation/webdriver/troubleshooting/errors#no-such-element-exception\nStacktrace:\n#0 0x560a42100d93 <unknown>\n#1 0x560a41de4337 <unknown>\n#2 0x560a41e2fd60 <unknown>\n#3 0x560a41e2fe51 <unknown>\n#4 0x560a41e73bc4 <unknown>\n#5 0x560a41e5246d <unknown>\n#6 0x560a41e7112d <unknown>\n#7 0x560a41e521e3 <unknown>\n#8 0x560a41e22135 <unknown>\n#9 0x560a41e2313e <unknown>\n#10 0x560a420c4e4b <unknown>\n#11 0x560a420c8dfa <unknown>\n#12 0x560a420b16d5 <unknown>\n#13 0x560a420c9a6f <unknown>\n#14 0x560a4209569f <unknown>\n#15 0x560a420ee098 <unknown>\n#16 0x560a420ee262 <unknown>\n#17 0x560a420fff34 <unknown>\n#18 0x7f2e6ab8d134 <unknown>","time":{"start":1708045665002,"stop":1708045665423,"duration":421}},{"uid":"4a270f5d8f1a312c","reportUrl":"https://zaelcovsky.github.io/StroyremAutomation/233//#testresult/4a270f5d8f1a312c","status":"broken","statusDetails":"selenium.common.exceptions.NoSuchElementException: Message: no such element: Unable to locate element: {\"method\":\"xpath\",\"selector\":\"(//a[@class='add-to-cart yellow-btn'])[1]\"}\n  (Session info: chrome-headless-shell=121.0.6167.85); For documentation on this error, please visit: https://www.selenium.dev/documentation/webdriver/troubleshooting/errors#no-such-element-exception\nStacktrace:\n#0 0x55893187ed93 <unknown>\n#1 0x558931562337 <unknown>\n#2 0x5589315add60 <unknown>\n#3 0x5589315ade51 <unknown>\n#4 0x5589315f1bc4 <unknown>\n#5 0x5589315d046d <unknown>\n#6 0x5589315ef12d <unknown>\n#7 0x5589315d01e3 <unknown>\n#8 0x5589315a0135 <unknown>\n#9 0x5589315a113e <unknown>\n#10 0x558931842e4b <unknown>\n#11 0x558931846dfa <unknown>\n#12 0x55893182f6d5 <unknown>\n#13 0x558931847a6f <unknown>\n#14 0x55893181369f <unknown>\n#15 0x55893186c098 <unknown>\n#16 0x55893186c262 <unknown>\n#17 0x55893187df34 <unknown>\n#18 0x7f6ba3351134 <unknown>","time":{"start":1707959370332,"stop":1707959370743,"duration":411}},{"uid":"f79c505a9e03afbb","reportUrl":"https://zaelcovsky.github.io/StroyremAutomation/232//#testresult/f79c505a9e03afbb","status":"broken","statusDetails":"selenium.common.exceptions.NoSuchElementException: Message: no such element: Unable to locate element: {\"method\":\"xpath\",\"selector\":\"(//a[@class='add-to-cart yellow-btn'])[1]\"}\n  (Session info: chrome-headless-shell=121.0.6167.85); For documentation on this error, please visit: https://www.selenium.dev/documentation/webdriver/troubleshooting/errors#no-such-element-exception\nStacktrace:\n#0 0x55dbd2522d93 <unknown>\n#1 0x55dbd2206337 <unknown>\n#2 0x55dbd2251d60 <unknown>\n#3 0x55dbd2251e51 <unknown>\n#4 0x55dbd2295bc4 <unknown>\n#5 0x55dbd227446d <unknown>\n#6 0x55dbd229312d <unknown>\n#7 0x55dbd22741e3 <unknown>\n#8 0x55dbd2244135 <unknown>\n#9 0x55dbd224513e <unknown>\n#10 0x55dbd24e6e4b <unknown>\n#11 0x55dbd24eadfa <unknown>\n#12 0x55dbd24d36d5 <unknown>\n#13 0x55dbd24eba6f <unknown>\n#14 0x55dbd24b769f <unknown>\n#15 0x55dbd2510098 <unknown>\n#16 0x55dbd2510262 <unknown>\n#17 0x55dbd2521f34 <unknown>\n#18 0x7fe82ec0f134 <unknown>","time":{"start":1707872914454,"stop":1707872914780,"duration":326}},{"uid":"f6efa3db89118931","reportUrl":"https://zaelcovsky.github.io/StroyremAutomation/231//#testresult/f6efa3db89118931","status":"broken","statusDetails":"selenium.common.exceptions.NoSuchElementException: Message: no such element: Unable to locate element: {\"method\":\"xpath\",\"selector\":\"(//a[@class='add-to-cart yellow-btn'])[1]\"}\n  (Session info: chrome-headless-shell=121.0.6167.85); For documentation on this error, please visit: https://www.selenium.dev/documentation/webdriver/troubleshooting/errors#no-such-element-exception\nStacktrace:\n#0 0x55a5df29ed93 <unknown>\n#1 0x55a5def82337 <unknown>\n#2 0x55a5defcdd60 <unknown>\n#3 0x55a5defcde51 <unknown>\n#4 0x55a5df011bc4 <unknown>\n#5 0x55a5deff046d <unknown>\n#6 0x55a5df00f12d <unknown>\n#7 0x55a5deff01e3 <unknown>\n#8 0x55a5defc0135 <unknown>\n#9 0x55a5defc113e <unknown>\n#10 0x55a5df262e4b <unknown>\n#11 0x55a5df266dfa <unknown>\n#12 0x55a5df24f6d5 <unknown>\n#13 0x55a5df267a6f <unknown>\n#14 0x55a5df23369f <unknown>\n#15 0x55a5df28c098 <unknown>\n#16 0x55a5df28c262 <unknown>\n#17 0x55a5df29df34 <unknown>\n#18 0x7f19ab270134 <unknown>","time":{"start":1707786623386,"stop":1707786624186,"duration":800}},{"uid":"e2d7410df7147985","reportUrl":"https://zaelcovsky.github.io/StroyremAutomation/230//#testresult/e2d7410df7147985","status":"broken","statusDetails":"selenium.common.exceptions.NoSuchElementException: Message: no such element: Unable to locate element: {\"method\":\"xpath\",\"selector\":\"(//a[@class='add-to-cart yellow-btn'])[1]\"}\n  (Session info: chrome-headless-shell=121.0.6167.85); For documentation on this error, please visit: https://www.selenium.dev/documentation/webdriver/troubleshooting/errors#no-such-element-exception\nStacktrace:\n#0 0x55951b47fd93 <unknown>\n#1 0x55951b163337 <unknown>\n#2 0x55951b1aed60 <unknown>\n#3 0x55951b1aee51 <unknown>\n#4 0x55951b1f2bc4 <unknown>\n#5 0x55951b1d146d <unknown>\n#6 0x55951b1f012d <unknown>\n#7 0x55951b1d11e3 <unknown>\n#8 0x55951b1a1135 <unknown>\n#9 0x55951b1a213e <unknown>\n#10 0x55951b443e4b <unknown>\n#11 0x55951b447dfa <unknown>\n#12 0x55951b4306d5 <unknown>\n#13 0x55951b448a6f <unknown>\n#14 0x55951b41469f <unknown>\n#15 0x55951b46d098 <unknown>\n#16 0x55951b46d262 <unknown>\n#17 0x55951b47ef34 <unknown>\n#18 0x7f1e21387134 <unknown>","time":{"start":1707700110910,"stop":1707700111199,"duration":289}},{"uid":"a389485e992b913b","reportUrl":"https://zaelcovsky.github.io/StroyremAutomation/229//#testresult/a389485e992b913b","status":"broken","statusDetails":"selenium.common.exceptions.NoSuchElementException: Message: no such element: Unable to locate element: {\"method\":\"xpath\",\"selector\":\"(//a[@class='add-to-cart yellow-btn'])[1]\"}\n  (Session info: chrome-headless-shell=121.0.6167.85); For documentation on this error, please visit: https://www.selenium.dev/documentation/webdriver/troubleshooting/errors#no-such-element-exception\nStacktrace:\n#0 0x561468d81d93 <unknown>\n#1 0x561468a65337 <unknown>\n#2 0x561468ab0d60 <unknown>\n#3 0x561468ab0e51 <unknown>\n#4 0x561468af4bc4 <unknown>\n#5 0x561468ad346d <unknown>\n#6 0x561468af212d <unknown>\n#7 0x561468ad31e3 <unknown>\n#8 0x561468aa3135 <unknown>\n#9 0x561468aa413e <unknown>\n#10 0x561468d45e4b <unknown>\n#11 0x561468d49dfa <unknown>\n#12 0x561468d326d5 <unknown>\n#13 0x561468d4aa6f <unknown>\n#14 0x561468d1669f <unknown>\n#15 0x561468d6f098 <unknown>\n#16 0x561468d6f262 <unknown>\n#17 0x561468d80f34 <unknown>\n#18 0x7fa12297a134 <unknown>","time":{"start":1707613936956,"stop":1707613937390,"duration":434}},{"uid":"a580beb60ee64fbd","reportUrl":"https://zaelcovsky.github.io/StroyremAutomation/228//#testresult/a580beb60ee64fbd","status":"broken","statusDetails":"selenium.common.exceptions.NoSuchElementException: Message: no such element: Unable to locate element: {\"method\":\"xpath\",\"selector\":\"(//a[@class='add-to-cart yellow-btn'])[1]\"}\n  (Session info: chrome-headless-shell=121.0.6167.85); For documentation on this error, please visit: https://www.selenium.dev/documentation/webdriver/troubleshooting/errors#no-such-element-exception\nStacktrace:\n#0 0x559cd5496d93 <unknown>\n#1 0x559cd517a337 <unknown>\n#2 0x559cd51c5d60 <unknown>\n#3 0x559cd51c5e51 <unknown>\n#4 0x559cd5209bc4 <unknown>\n#5 0x559cd51e846d <unknown>\n#6 0x559cd520712d <unknown>\n#7 0x559cd51e81e3 <unknown>\n#8 0x559cd51b8135 <unknown>\n#9 0x559cd51b913e <unknown>\n#10 0x559cd545ae4b <unknown>\n#11 0x559cd545edfa <unknown>\n#12 0x559cd54476d5 <unknown>\n#13 0x559cd545fa6f <unknown>\n#14 0x559cd542b69f <unknown>\n#15 0x559cd5484098 <unknown>\n#16 0x559cd5484262 <unknown>\n#17 0x559cd5495f34 <unknown>\n#18 0x7f9ed01df134 <unknown>","time":{"start":1707527145627,"stop":1707527145932,"duration":305}},{"uid":"96fb463c949e98ab","reportUrl":"https://zaelcovsky.github.io/StroyremAutomation/227//#testresult/96fb463c949e98ab","status":"broken","statusDetails":"selenium.common.exceptions.NoSuchElementException: Message: no such element: Unable to locate element: {\"method\":\"xpath\",\"selector\":\"(//a[@class='add-to-cart yellow-btn'])[1]\"}\n  (Session info: chrome-headless-shell=121.0.6167.85); For documentation on this error, please visit: https://www.selenium.dev/documentation/webdriver/troubleshooting/errors#no-such-element-exception\nStacktrace:\n#0 0x55f7f96ded93 <unknown>\n#1 0x55f7f93c2337 <unknown>\n#2 0x55f7f940dd60 <unknown>\n#3 0x55f7f940de51 <unknown>\n#4 0x55f7f9451bc4 <unknown>\n#5 0x55f7f943046d <unknown>\n#6 0x55f7f944f12d <unknown>\n#7 0x55f7f94301e3 <unknown>\n#8 0x55f7f9400135 <unknown>\n#9 0x55f7f940113e <unknown>\n#10 0x55f7f96a2e4b <unknown>\n#11 0x55f7f96a6dfa <unknown>\n#12 0x55f7f968f6d5 <unknown>\n#13 0x55f7f96a7a6f <unknown>\n#14 0x55f7f967369f <unknown>\n#15 0x55f7f96cc098 <unknown>\n#16 0x55f7f96cc262 <unknown>\n#17 0x55f7f96ddf34 <unknown>\n#18 0x7fccc956e134 <unknown>","time":{"start":1707440835404,"stop":1707440835721,"duration":317}},{"uid":"fa6d2ced4b9608d3","reportUrl":"https://zaelcovsky.github.io/StroyremAutomation/226//#testresult/fa6d2ced4b9608d3","status":"broken","statusDetails":"selenium.common.exceptions.NoSuchElementException: Message: no such element: Unable to locate element: {\"method\":\"xpath\",\"selector\":\"(//a[@class='add-to-cart yellow-btn'])[1]\"}\n  (Session info: chrome-headless-shell=121.0.6167.85); For documentation on this error, please visit: https://www.selenium.dev/documentation/webdriver/troubleshooting/errors#no-such-element-exception\nStacktrace:\n#0 0x55741bd61d93 <unknown>\n#1 0x55741ba45337 <unknown>\n#2 0x55741ba90d60 <unknown>\n#3 0x55741ba90e51 <unknown>\n#4 0x55741bad4bc4 <unknown>\n#5 0x55741bab346d <unknown>\n#6 0x55741bad212d <unknown>\n#7 0x55741bab31e3 <unknown>\n#8 0x55741ba83135 <unknown>\n#9 0x55741ba8413e <unknown>\n#10 0x55741bd25e4b <unknown>\n#11 0x55741bd29dfa <unknown>\n#12 0x55741bd126d5 <unknown>\n#13 0x55741bd2aa6f <unknown>\n#14 0x55741bcf669f <unknown>\n#15 0x55741bd4f098 <unknown>\n#16 0x55741bd4f262 <unknown>\n#17 0x55741bd60f34 <unknown>\n#18 0x7f02a6d72134 <unknown>","time":{"start":1707354423271,"stop":1707354423700,"duration":429}}]},"tags":["smoke"]},"source":"cbeadf52b5082238.json","parameterValues":["11440","299","'TD 024'","9900","'products/shtukaturka-gipsovaya-aksolit-m50-30-kg-mashinnogo-naneseniya'","4300","'https://sandboxtest.stroyrem-nn.ru/'","9000"]}