{"uid":"cc916ad6b3309a11","name":"TD 023 Доставка товара весом до 6200кг. в синей зоне","fullName":"tests.delivery.test_delivery_calculation.TestDeliveryPageCalculation#test_positive_delivery_blue_zone_smoke","historyId":"fe4664de905f76a94b6350f1590cde09","time":{"start":1709082463940,"stop":1709082464272,"duration":332},"status":"skipped","statusMessage":"XFAIL\n\nselenium.common.exceptions.NoSuchElementException: Message: no such element: Unable to locate element: {\"method\":\"xpath\",\"selector\":\"(//a[@class='add-to-cart yellow-btn'])[1]\"}\n  (Session info: chrome-headless-shell=122.0.6261.94); For documentation on this error, please visit: https://www.selenium.dev/documentation/webdriver/troubleshooting/errors#no-such-element-exception\nStacktrace:\n#0 0x563e42346e93 <unknown>\n#1 0x563e4203ece6 <unknown>\n#2 0x563e42089e48 <unknown>\n#3 0x563e42089f01 <unknown>\n#4 0x563e420cd3f4 <unknown>\n#5 0x563e420abedd <unknown>\n#6 0x563e420ca899 <unknown>\n#7 0x563e420abc53 <unknown>\n#8 0x563e4207cdb3 <unknown>\n#9 0x563e4207d77e <unknown>\n#10 0x563e4230c7cb <unknown>\n#11 0x563e423107e5 <unknown>\n#12 0x563e422fa0e1 <unknown>\n#13 0x563e42311372 <unknown>\n#14 0x563e422de1bf <unknown>\n#15 0x563e42335488 <unknown>\n#16 0x563e42335683 <unknown>\n#17 0x563e42346044 <unknown>\n#18 0x7f2120a6f134 <unknown>","statusTrace":"self = <tests.delivery.test_delivery_calculation.TestDeliveryPageCalculation object at 0x7f8ae35b8ed0>\ndriver = <selenium.webdriver.chrome.webdriver.WebDriver (session=\"11c2717518d13bb85b999086dfa94bcd\")>\nurl = 'https://sandboxtest.stroyrem-nn.ru/', case_id = 'TD 023'\nlink_item = 'products/shtukaturka-gipsovaya-aksolit-m50-30-kg-mashinnogo-naneseniya'\namount = 206, weight = 6200, standard = 3300, in_time = 7500, all_time = 8000\n\n    @pytest.mark.parametrize('case_id, link_item, amount, weight, standard, in_time, all_time', [\n        (\"TD 015\", bundeks_25, 1, 30, 650, 2390, 3320),\n        pytest.param(\n            \"TD 016\", aksolit_30, 8, 300, 650, 2390, 3320,\n            marks=pytest.mark.xfail(reson=\"Цена доставки: - - -\")\n        ),\n        (\"TD 017\", aksolit_30, 13, 400, 650, 2390, 3320),\n        (\"TD 018\", aksolit_30, 16, 500, 850, 2490, 3320),\n        (\"TD 019\", aksolit_30, 25, 1700, 1150, 2490, 3320),\n        (\"TD 020\", aksolit_30, 66, 2000, 1500, 2990, 3650),\n        (\"TD 021\", aksolit_30, 149, 4500, 2600, 4380, 4890),\n        (\"TD 022\", aksolit_30, 166, 5000, 2800, 5490, 5980),\n        pytest.param(\n            \"TD 023\", aksolit_30, 206, 6200, 3300, 7500, 8000,\n            marks=pytest.mark.xfail(reson=\"Цена доставки: 4300 9900 11440\")\n        ),\n        (\"TD 024\", aksolit_30, 299, 9000, 4300, 9900, 11440),\n        (\"TD 025\", aksolit_30, 333, 10000, 7000, 13900, 15900),\n        pytest.param(\n            \"TD 026\", aksolit_30, 366, 11000, 8000, 14900, 19900,\n            marks=pytest.mark.xfail(reson=\"Цена доставки: 7000 13900 15900\")\n        ),\n        pytest.param(\n            \"TD 027\", aksolit_30, 666, 20000, 14000, 16900, 23900,\n            marks=pytest.mark.xfail(reson=\"Цена доставки: 7000 13900 15900\")\n        )\n    ])\n    @pytest.mark.smoke\n    def test_positive_delivery_blue_zone_smoke(\n            self, driver, url, case_id, link_item, amount, weight, standard, in_time, all_time\n    ):\n        allure.dynamic.title(f\"{case_id} Доставка товара весом до {weight}кг. в синей зоне\")\n    \n        driver.get(f'{url}{link_item}')\n        item_page = ItemPage(driver)\n>       item_page.add_item_to_cart(amount).click_on_cart()\n\ntests/delivery/test_delivery_calculation.py:130: \n_ _ _ _ _ _ _ _ _ _ _ _ _ _ _ _ _ _ _ _ _ _ _ _ _ _ _ _ _ _ _ _ _ _ _ _ _ _ _ _ \npages/item_page.py:40: in add_item_to_cart\n    self.find_element(self._add_item).click()\nbase/seleniumbase.py:17: in find_element\n    return self.driver.find_element(*locator)\n/usr/local/lib/python3.11/site-packages/selenium/webdriver/remote/webdriver.py:740: in find_element\n    return self.execute(Command.FIND_ELEMENT, {\"using\": by, \"value\": value})[\"value\"]\n/usr/local/lib/python3.11/site-packages/selenium/webdriver/remote/webdriver.py:346: in execute\n    self.error_handler.check_response(response)\n_ _ _ _ _ _ _ _ _ _ _ _ _ _ _ _ _ _ _ _ _ _ _ _ _ _ _ _ _ _ _ _ _ _ _ _ _ _ _ _ \n\nself = <selenium.webdriver.remote.errorhandler.ErrorHandler object at 0x7f8ae2f1a150>\nresponse = {'status': 404, 'value': '{\"value\":{\"error\":\"no such element\",\"message\":\"no such element: Unable to locate element: {\\...\\\\n#16 0x563e42335683 \\\\u003Cunknown>\\\\n#17 0x563e42346044 \\\\u003Cunknown>\\\\n#18 0x7f2120a6f134 \\\\u003Cunknown>\\\\n\"}}'}\n\n    def check_response(self, response: Dict[str, Any]) -> None:\n        \"\"\"Checks that a JSON response from the WebDriver does not have an\n        error.\n    \n        :Args:\n         - response - The JSON response from the WebDriver server as a dictionary\n           object.\n    \n        :Raises: If the response contains an error message.\n        \"\"\"\n        status = response.get(\"status\", None)\n        if not status or status == ErrorCode.SUCCESS:\n            return\n        value = None\n        message = response.get(\"message\", \"\")\n        screen: str = response.get(\"screen\", \"\")\n        stacktrace = None\n        if isinstance(status, int):\n            value_json = response.get(\"value\", None)\n            if value_json and isinstance(value_json, str):\n                import json\n    \n                try:\n                    value = json.loads(value_json)\n                    if len(value) == 1:\n                        value = value[\"value\"]\n                    status = value.get(\"error\", None)\n                    if not status:\n                        status = value.get(\"status\", ErrorCode.UNKNOWN_ERROR)\n                        message = value.get(\"value\") or value.get(\"message\")\n                        if not isinstance(message, str):\n                            value = message\n                            message = message.get(\"message\")\n                    else:\n                        message = value.get(\"message\", None)\n                except ValueError:\n                    pass\n    \n        exception_class: Type[WebDriverException]\n        if status in ErrorCode.NO_SUCH_ELEMENT:\n            exception_class = NoSuchElementException\n        elif status in ErrorCode.NO_SUCH_FRAME:\n            exception_class = NoSuchFrameException\n        elif status in ErrorCode.NO_SUCH_SHADOW_ROOT:\n            exception_class = NoSuchShadowRootException\n        elif status in ErrorCode.NO_SUCH_WINDOW:\n            exception_class = NoSuchWindowException\n        elif status in ErrorCode.STALE_ELEMENT_REFERENCE:\n            exception_class = StaleElementReferenceException\n        elif status in ErrorCode.ELEMENT_NOT_VISIBLE:\n            exception_class = ElementNotVisibleException\n        elif status in ErrorCode.INVALID_ELEMENT_STATE:\n            exception_class = InvalidElementStateException\n        elif (\n            status in ErrorCode.INVALID_SELECTOR\n            or status in ErrorCode.INVALID_XPATH_SELECTOR\n            or status in ErrorCode.INVALID_XPATH_SELECTOR_RETURN_TYPER\n        ):\n            exception_class = InvalidSelectorException\n        elif status in ErrorCode.ELEMENT_IS_NOT_SELECTABLE:\n            exception_class = ElementNotSelectableException\n        elif status in ErrorCode.ELEMENT_NOT_INTERACTABLE:\n            exception_class = ElementNotInteractableException\n        elif status in ErrorCode.INVALID_COOKIE_DOMAIN:\n            exception_class = InvalidCookieDomainException\n        elif status in ErrorCode.UNABLE_TO_SET_COOKIE:\n            exception_class = UnableToSetCookieException\n        elif status in ErrorCode.TIMEOUT:\n            exception_class = TimeoutException\n        elif status in ErrorCode.SCRIPT_TIMEOUT:\n            exception_class = TimeoutException\n        elif status in ErrorCode.UNKNOWN_ERROR:\n            exception_class = WebDriverException\n        elif status in ErrorCode.UNEXPECTED_ALERT_OPEN:\n            exception_class = UnexpectedAlertPresentException\n        elif status in ErrorCode.NO_ALERT_OPEN:\n            exception_class = NoAlertPresentException\n        elif status in ErrorCode.IME_NOT_AVAILABLE:\n            exception_class = ImeNotAvailableException\n        elif status in ErrorCode.IME_ENGINE_ACTIVATION_FAILED:\n            exception_class = ImeActivationFailedException\n        elif status in ErrorCode.MOVE_TARGET_OUT_OF_BOUNDS:\n            exception_class = MoveTargetOutOfBoundsException\n        elif status in ErrorCode.JAVASCRIPT_ERROR:\n            exception_class = JavascriptException\n        elif status in ErrorCode.SESSION_NOT_CREATED:\n            exception_class = SessionNotCreatedException\n        elif status in ErrorCode.INVALID_ARGUMENT:\n            exception_class = InvalidArgumentException\n        elif status in ErrorCode.NO_SUCH_COOKIE:\n            exception_class = NoSuchCookieException\n        elif status in ErrorCode.UNABLE_TO_CAPTURE_SCREEN:\n            exception_class = ScreenshotException\n        elif status in ErrorCode.ELEMENT_CLICK_INTERCEPTED:\n            exception_class = ElementClickInterceptedException\n        elif status in ErrorCode.INSECURE_CERTIFICATE:\n            exception_class = InsecureCertificateException\n        elif status in ErrorCode.INVALID_COORDINATES:\n            exception_class = InvalidCoordinatesException\n        elif status in ErrorCode.INVALID_SESSION_ID:\n            exception_class = InvalidSessionIdException\n        elif status in ErrorCode.UNKNOWN_METHOD:\n            exception_class = UnknownMethodException\n        else:\n            exception_class = WebDriverException\n        if not value:\n            value = response[\"value\"]\n        if isinstance(value, str):\n            raise exception_class(value)\n        if message == \"\" and \"message\" in value:\n            message = value[\"message\"]\n    \n        screen = None  # type: ignore[assignment]\n        if \"screen\" in value:\n            screen = value[\"screen\"]\n    \n        stacktrace = None\n        st_value = value.get(\"stackTrace\") or value.get(\"stacktrace\")\n        if st_value:\n            if isinstance(st_value, str):\n                stacktrace = st_value.split(\"\\n\")\n            else:\n                stacktrace = []\n                try:\n                    for frame in st_value:\n                        line = frame.get(\"lineNumber\", \"\")\n                        file = frame.get(\"fileName\", \"<anonymous>\")\n                        if line:\n                            file = f\"{file}:{line}\"\n                        meth = frame.get(\"methodName\", \"<anonymous>\")\n                        if \"className\" in frame:\n                            meth = f\"{frame['className']}.{meth}\"\n                        msg = \"    at %s (%s)\"\n                        msg = msg % (meth, file)\n                        stacktrace.append(msg)\n                except TypeError:\n                    pass\n        if exception_class == UnexpectedAlertPresentException:\n            alert_text = None\n            if \"data\" in value:\n                alert_text = value[\"data\"].get(\"text\")\n            elif \"alert\" in value:\n                alert_text = value[\"alert\"].get(\"text\")\n            raise exception_class(message, screen, stacktrace, alert_text)  # type: ignore[call-arg]  # mypy is not smart enough here\n>       raise exception_class(message, screen, stacktrace)\nE       selenium.common.exceptions.NoSuchElementException: Message: no such element: Unable to locate element: {\"method\":\"xpath\",\"selector\":\"(//a[@class='add-to-cart yellow-btn'])[1]\"}\nE         (Session info: chrome-headless-shell=122.0.6261.94); For documentation on this error, please visit: https://www.selenium.dev/documentation/webdriver/troubleshooting/errors#no-such-element-exception\nE       Stacktrace:\nE       #0 0x563e42346e93 <unknown>\nE       #1 0x563e4203ece6 <unknown>\nE       #2 0x563e42089e48 <unknown>\nE       #3 0x563e42089f01 <unknown>\nE       #4 0x563e420cd3f4 <unknown>\nE       #5 0x563e420abedd <unknown>\nE       #6 0x563e420ca899 <unknown>\nE       #7 0x563e420abc53 <unknown>\nE       #8 0x563e4207cdb3 <unknown>\nE       #9 0x563e4207d77e <unknown>\nE       #10 0x563e4230c7cb <unknown>\nE       #11 0x563e423107e5 <unknown>\nE       #12 0x563e422fa0e1 <unknown>\nE       #13 0x563e42311372 <unknown>\nE       #14 0x563e422de1bf <unknown>\nE       #15 0x563e42335488 <unknown>\nE       #16 0x563e42335683 <unknown>\nE       #17 0x563e42346044 <unknown>\nE       #18 0x7f2120a6f134 <unknown>\n\n/usr/local/lib/python3.11/site-packages/selenium/webdriver/remote/errorhandler.py:245: NoSuchElementException","flaky":false,"newFailed":false,"newBroken":false,"newPassed":false,"retriesCount":0,"retriesStatusChange":false,"beforeStages":[{"name":"_session_faker","time":{"start":1709081967823,"stop":1709081967891,"duration":68},"status":"passed","steps":[],"attachments":[],"parameters":[],"shouldDisplayMessage":false,"stepsCount":0,"attachmentsCount":0,"hasContent":false,"attachmentStep":false},{"name":"clear_allure_results_folder","time":{"start":1709081967892,"stop":1709081967892,"duration":0},"status":"passed","steps":[],"attachments":[],"parameters":[],"shouldDisplayMessage":false,"stepsCount":0,"attachmentsCount":0,"hasContent":false,"attachmentStep":false},{"name":"driver","time":{"start":1709082463200,"stop":1709082463939,"duration":739},"status":"passed","steps":[],"attachments":[],"parameters":[],"shouldDisplayMessage":false,"stepsCount":0,"attachmentsCount":0,"hasContent":false,"attachmentStep":false},{"name":"setup","time":{"start":1709082463939,"stop":1709082463939,"duration":0},"status":"passed","steps":[],"attachments":[],"parameters":[],"shouldDisplayMessage":false,"stepsCount":0,"attachmentsCount":0,"hasContent":false,"attachmentStep":false}],"testStage":{"status":"skipped","statusMessage":"XFAIL\n\nselenium.common.exceptions.NoSuchElementException: Message: no such element: Unable to locate element: {\"method\":\"xpath\",\"selector\":\"(//a[@class='add-to-cart yellow-btn'])[1]\"}\n  (Session info: chrome-headless-shell=122.0.6261.94); For documentation on this error, please visit: https://www.selenium.dev/documentation/webdriver/troubleshooting/errors#no-such-element-exception\nStacktrace:\n#0 0x563e42346e93 <unknown>\n#1 0x563e4203ece6 <unknown>\n#2 0x563e42089e48 <unknown>\n#3 0x563e42089f01 <unknown>\n#4 0x563e420cd3f4 <unknown>\n#5 0x563e420abedd <unknown>\n#6 0x563e420ca899 <unknown>\n#7 0x563e420abc53 <unknown>\n#8 0x563e4207cdb3 <unknown>\n#9 0x563e4207d77e <unknown>\n#10 0x563e4230c7cb <unknown>\n#11 0x563e423107e5 <unknown>\n#12 0x563e422fa0e1 <unknown>\n#13 0x563e42311372 <unknown>\n#14 0x563e422de1bf <unknown>\n#15 0x563e42335488 <unknown>\n#16 0x563e42335683 <unknown>\n#17 0x563e42346044 <unknown>\n#18 0x7f2120a6f134 <unknown>","statusTrace":"self = <tests.delivery.test_delivery_calculation.TestDeliveryPageCalculation object at 0x7f8ae35b8ed0>\ndriver = <selenium.webdriver.chrome.webdriver.WebDriver (session=\"11c2717518d13bb85b999086dfa94bcd\")>\nurl = 'https://sandboxtest.stroyrem-nn.ru/', case_id = 'TD 023'\nlink_item = 'products/shtukaturka-gipsovaya-aksolit-m50-30-kg-mashinnogo-naneseniya'\namount = 206, weight = 6200, standard = 3300, in_time = 7500, all_time = 8000\n\n    @pytest.mark.parametrize('case_id, link_item, amount, weight, standard, in_time, all_time', [\n        (\"TD 015\", bundeks_25, 1, 30, 650, 2390, 3320),\n        pytest.param(\n            \"TD 016\", aksolit_30, 8, 300, 650, 2390, 3320,\n            marks=pytest.mark.xfail(reson=\"Цена доставки: - - -\")\n        ),\n        (\"TD 017\", aksolit_30, 13, 400, 650, 2390, 3320),\n        (\"TD 018\", aksolit_30, 16, 500, 850, 2490, 3320),\n        (\"TD 019\", aksolit_30, 25, 1700, 1150, 2490, 3320),\n        (\"TD 020\", aksolit_30, 66, 2000, 1500, 2990, 3650),\n        (\"TD 021\", aksolit_30, 149, 4500, 2600, 4380, 4890),\n        (\"TD 022\", aksolit_30, 166, 5000, 2800, 5490, 5980),\n        pytest.param(\n            \"TD 023\", aksolit_30, 206, 6200, 3300, 7500, 8000,\n            marks=pytest.mark.xfail(reson=\"Цена доставки: 4300 9900 11440\")\n        ),\n        (\"TD 024\", aksolit_30, 299, 9000, 4300, 9900, 11440),\n        (\"TD 025\", aksolit_30, 333, 10000, 7000, 13900, 15900),\n        pytest.param(\n            \"TD 026\", aksolit_30, 366, 11000, 8000, 14900, 19900,\n            marks=pytest.mark.xfail(reson=\"Цена доставки: 7000 13900 15900\")\n        ),\n        pytest.param(\n            \"TD 027\", aksolit_30, 666, 20000, 14000, 16900, 23900,\n            marks=pytest.mark.xfail(reson=\"Цена доставки: 7000 13900 15900\")\n        )\n    ])\n    @pytest.mark.smoke\n    def test_positive_delivery_blue_zone_smoke(\n            self, driver, url, case_id, link_item, amount, weight, standard, in_time, all_time\n    ):\n        allure.dynamic.title(f\"{case_id} Доставка товара весом до {weight}кг. в синей зоне\")\n    \n        driver.get(f'{url}{link_item}')\n        item_page = ItemPage(driver)\n>       item_page.add_item_to_cart(amount).click_on_cart()\n\ntests/delivery/test_delivery_calculation.py:130: \n_ _ _ _ _ _ _ _ _ _ _ _ _ _ _ _ _ _ _ _ _ _ _ _ _ _ _ _ _ _ _ _ _ _ _ _ _ _ _ _ \npages/item_page.py:40: in add_item_to_cart\n    self.find_element(self._add_item).click()\nbase/seleniumbase.py:17: in find_element\n    return self.driver.find_element(*locator)\n/usr/local/lib/python3.11/site-packages/selenium/webdriver/remote/webdriver.py:740: in find_element\n    return self.execute(Command.FIND_ELEMENT, {\"using\": by, \"value\": value})[\"value\"]\n/usr/local/lib/python3.11/site-packages/selenium/webdriver/remote/webdriver.py:346: in execute\n    self.error_handler.check_response(response)\n_ _ _ _ _ _ _ _ _ _ _ _ _ _ _ _ _ _ _ _ _ _ _ _ _ _ _ _ _ _ _ _ _ _ _ _ _ _ _ _ \n\nself = <selenium.webdriver.remote.errorhandler.ErrorHandler object at 0x7f8ae2f1a150>\nresponse = {'status': 404, 'value': '{\"value\":{\"error\":\"no such element\",\"message\":\"no such element: Unable to locate element: {\\...\\\\n#16 0x563e42335683 \\\\u003Cunknown>\\\\n#17 0x563e42346044 \\\\u003Cunknown>\\\\n#18 0x7f2120a6f134 \\\\u003Cunknown>\\\\n\"}}'}\n\n    def check_response(self, response: Dict[str, Any]) -> None:\n        \"\"\"Checks that a JSON response from the WebDriver does not have an\n        error.\n    \n        :Args:\n         - response - The JSON response from the WebDriver server as a dictionary\n           object.\n    \n        :Raises: If the response contains an error message.\n        \"\"\"\n        status = response.get(\"status\", None)\n        if not status or status == ErrorCode.SUCCESS:\n            return\n        value = None\n        message = response.get(\"message\", \"\")\n        screen: str = response.get(\"screen\", \"\")\n        stacktrace = None\n        if isinstance(status, int):\n            value_json = response.get(\"value\", None)\n            if value_json and isinstance(value_json, str):\n                import json\n    \n                try:\n                    value = json.loads(value_json)\n                    if len(value) == 1:\n                        value = value[\"value\"]\n                    status = value.get(\"error\", None)\n                    if not status:\n                        status = value.get(\"status\", ErrorCode.UNKNOWN_ERROR)\n                        message = value.get(\"value\") or value.get(\"message\")\n                        if not isinstance(message, str):\n                            value = message\n                            message = message.get(\"message\")\n                    else:\n                        message = value.get(\"message\", None)\n                except ValueError:\n                    pass\n    \n        exception_class: Type[WebDriverException]\n        if status in ErrorCode.NO_SUCH_ELEMENT:\n            exception_class = NoSuchElementException\n        elif status in ErrorCode.NO_SUCH_FRAME:\n            exception_class = NoSuchFrameException\n        elif status in ErrorCode.NO_SUCH_SHADOW_ROOT:\n            exception_class = NoSuchShadowRootException\n        elif status in ErrorCode.NO_SUCH_WINDOW:\n            exception_class = NoSuchWindowException\n        elif status in ErrorCode.STALE_ELEMENT_REFERENCE:\n            exception_class = StaleElementReferenceException\n        elif status in ErrorCode.ELEMENT_NOT_VISIBLE:\n            exception_class = ElementNotVisibleException\n        elif status in ErrorCode.INVALID_ELEMENT_STATE:\n            exception_class = InvalidElementStateException\n        elif (\n            status in ErrorCode.INVALID_SELECTOR\n            or status in ErrorCode.INVALID_XPATH_SELECTOR\n            or status in ErrorCode.INVALID_XPATH_SELECTOR_RETURN_TYPER\n        ):\n            exception_class = InvalidSelectorException\n        elif status in ErrorCode.ELEMENT_IS_NOT_SELECTABLE:\n            exception_class = ElementNotSelectableException\n        elif status in ErrorCode.ELEMENT_NOT_INTERACTABLE:\n            exception_class = ElementNotInteractableException\n        elif status in ErrorCode.INVALID_COOKIE_DOMAIN:\n            exception_class = InvalidCookieDomainException\n        elif status in ErrorCode.UNABLE_TO_SET_COOKIE:\n            exception_class = UnableToSetCookieException\n        elif status in ErrorCode.TIMEOUT:\n            exception_class = TimeoutException\n        elif status in ErrorCode.SCRIPT_TIMEOUT:\n            exception_class = TimeoutException\n        elif status in ErrorCode.UNKNOWN_ERROR:\n            exception_class = WebDriverException\n        elif status in ErrorCode.UNEXPECTED_ALERT_OPEN:\n            exception_class = UnexpectedAlertPresentException\n        elif status in ErrorCode.NO_ALERT_OPEN:\n            exception_class = NoAlertPresentException\n        elif status in ErrorCode.IME_NOT_AVAILABLE:\n            exception_class = ImeNotAvailableException\n        elif status in ErrorCode.IME_ENGINE_ACTIVATION_FAILED:\n            exception_class = ImeActivationFailedException\n        elif status in ErrorCode.MOVE_TARGET_OUT_OF_BOUNDS:\n            exception_class = MoveTargetOutOfBoundsException\n        elif status in ErrorCode.JAVASCRIPT_ERROR:\n            exception_class = JavascriptException\n        elif status in ErrorCode.SESSION_NOT_CREATED:\n            exception_class = SessionNotCreatedException\n        elif status in ErrorCode.INVALID_ARGUMENT:\n            exception_class = InvalidArgumentException\n        elif status in ErrorCode.NO_SUCH_COOKIE:\n            exception_class = NoSuchCookieException\n        elif status in ErrorCode.UNABLE_TO_CAPTURE_SCREEN:\n            exception_class = ScreenshotException\n        elif status in ErrorCode.ELEMENT_CLICK_INTERCEPTED:\n            exception_class = ElementClickInterceptedException\n        elif status in ErrorCode.INSECURE_CERTIFICATE:\n            exception_class = InsecureCertificateException\n        elif status in ErrorCode.INVALID_COORDINATES:\n            exception_class = InvalidCoordinatesException\n        elif status in ErrorCode.INVALID_SESSION_ID:\n            exception_class = InvalidSessionIdException\n        elif status in ErrorCode.UNKNOWN_METHOD:\n            exception_class = UnknownMethodException\n        else:\n            exception_class = WebDriverException\n        if not value:\n            value = response[\"value\"]\n        if isinstance(value, str):\n            raise exception_class(value)\n        if message == \"\" and \"message\" in value:\n            message = value[\"message\"]\n    \n        screen = None  # type: ignore[assignment]\n        if \"screen\" in value:\n            screen = value[\"screen\"]\n    \n        stacktrace = None\n        st_value = value.get(\"stackTrace\") or value.get(\"stacktrace\")\n        if st_value:\n            if isinstance(st_value, str):\n                stacktrace = st_value.split(\"\\n\")\n            else:\n                stacktrace = []\n                try:\n                    for frame in st_value:\n                        line = frame.get(\"lineNumber\", \"\")\n                        file = frame.get(\"fileName\", \"<anonymous>\")\n                        if line:\n                            file = f\"{file}:{line}\"\n                        meth = frame.get(\"methodName\", \"<anonymous>\")\n                        if \"className\" in frame:\n                            meth = f\"{frame['className']}.{meth}\"\n                        msg = \"    at %s (%s)\"\n                        msg = msg % (meth, file)\n                        stacktrace.append(msg)\n                except TypeError:\n                    pass\n        if exception_class == UnexpectedAlertPresentException:\n            alert_text = None\n            if \"data\" in value:\n                alert_text = value[\"data\"].get(\"text\")\n            elif \"alert\" in value:\n                alert_text = value[\"alert\"].get(\"text\")\n            raise exception_class(message, screen, stacktrace, alert_text)  # type: ignore[call-arg]  # mypy is not smart enough here\n>       raise exception_class(message, screen, stacktrace)\nE       selenium.common.exceptions.NoSuchElementException: Message: no such element: Unable to locate element: {\"method\":\"xpath\",\"selector\":\"(//a[@class='add-to-cart yellow-btn'])[1]\"}\nE         (Session info: chrome-headless-shell=122.0.6261.94); For documentation on this error, please visit: https://www.selenium.dev/documentation/webdriver/troubleshooting/errors#no-such-element-exception\nE       Stacktrace:\nE       #0 0x563e42346e93 <unknown>\nE       #1 0x563e4203ece6 <unknown>\nE       #2 0x563e42089e48 <unknown>\nE       #3 0x563e42089f01 <unknown>\nE       #4 0x563e420cd3f4 <unknown>\nE       #5 0x563e420abedd <unknown>\nE       #6 0x563e420ca899 <unknown>\nE       #7 0x563e420abc53 <unknown>\nE       #8 0x563e4207cdb3 <unknown>\nE       #9 0x563e4207d77e <unknown>\nE       #10 0x563e4230c7cb <unknown>\nE       #11 0x563e423107e5 <unknown>\nE       #12 0x563e422fa0e1 <unknown>\nE       #13 0x563e42311372 <unknown>\nE       #14 0x563e422de1bf <unknown>\nE       #15 0x563e42335488 <unknown>\nE       #16 0x563e42335683 <unknown>\nE       #17 0x563e42346044 <unknown>\nE       #18 0x7f2120a6f134 <unknown>\n\n/usr/local/lib/python3.11/site-packages/selenium/webdriver/remote/errorhandler.py:245: NoSuchElementException","steps":[{"name":"Добавляем товар в корзину в количестве 206","time":{"start":1709082464259,"stop":1709082464271,"duration":12},"status":"broken","statusMessage":"selenium.common.exceptions.NoSuchElementException: Message: no such element: Unable to locate element: {\"method\":\"xpath\",\"selector\":\"(//a[@class='add-to-cart yellow-btn'])[1]\"}\n  (Session info: chrome-headless-shell=122.0.6261.94); For documentation on this error, please visit: https://www.selenium.dev/documentation/webdriver/troubleshooting/errors#no-such-element-exception\nStacktrace:\n#0 0x563e42346e93 <unknown>\n#1 0x563e4203ece6 <unknown>\n#2 0x563e42089e48 <unknown>\n#3 0x563e42089f01 <unknown>\n#4 0x563e420cd3f4 <unknown>\n#5 0x563e420abedd <unknown>\n#6 0x563e420ca899 <unknown>\n#7 0x563e420abc53 <unknown>\n#8 0x563e4207cdb3 <unknown>\n#9 0x563e4207d77e <unknown>\n#10 0x563e4230c7cb <unknown>\n#11 0x563e423107e5 <unknown>\n#12 0x563e422fa0e1 <unknown>\n#13 0x563e42311372 <unknown>\n#14 0x563e422de1bf <unknown>\n#15 0x563e42335488 <unknown>\n#16 0x563e42335683 <unknown>\n#17 0x563e42346044 <unknown>\n#18 0x7f2120a6f134 <unknown>\n\n","statusTrace":"  File \"/usr/local/lib/python3.11/site-packages/allure_commons/_allure.py\", line 192, in impl\n    return func(*a, **kw)\n           ^^^^^^^^^^^^^^\n  File \"/app/pages/item_page.py\", line 40, in add_item_to_cart\n    self.find_element(self._add_item).click()\n    ^^^^^^^^^^^^^^^^^^^^^^^^^^^^^^^^^\n  File \"/app/base/seleniumbase.py\", line 17, in find_element\n    return self.driver.find_element(*locator)\n           ^^^^^^^^^^^^^^^^^^^^^^^^^^^^^^^^^^\n  File \"/usr/local/lib/python3.11/site-packages/selenium/webdriver/remote/webdriver.py\", line 740, in find_element\n    return self.execute(Command.FIND_ELEMENT, {\"using\": by, \"value\": value})[\"value\"]\n           ^^^^^^^^^^^^^^^^^^^^^^^^^^^^^^^^^^^^^^^^^^^^^^^^^^^^^^^^^^^^^^^^^\n  File \"/usr/local/lib/python3.11/site-packages/selenium/webdriver/remote/webdriver.py\", line 346, in execute\n    self.error_handler.check_response(response)\n  File \"/usr/local/lib/python3.11/site-packages/selenium/webdriver/remote/errorhandler.py\", line 245, in check_response\n    raise exception_class(message, screen, stacktrace)\n","steps":[],"attachments":[],"parameters":[{"name":"amount","value":"206"}],"shouldDisplayMessage":true,"stepsCount":0,"attachmentsCount":0,"hasContent":true,"attachmentStep":false}],"attachments":[{"uid":"340cae777314f85c","name":"Screenshot","source":"340cae777314f85c.png","type":"image/png","size":5862},{"uid":"a5206e515efe79a","name":"HTML source","source":"a5206e515efe79a.html","type":"text/html","size":39}],"parameters":[],"shouldDisplayMessage":true,"stepsCount":1,"attachmentsCount":2,"hasContent":true,"attachmentStep":false},"afterStages":[{"name":"setup::0","time":{"start":1709082464373,"stop":1709082464373,"duration":0},"status":"passed","steps":[],"attachments":[],"parameters":[],"shouldDisplayMessage":false,"stepsCount":0,"attachmentsCount":0,"hasContent":false,"attachmentStep":false},{"name":"driver::0","time":{"start":1709082464373,"stop":1709082464430,"duration":57},"status":"passed","steps":[],"attachments":[],"parameters":[],"shouldDisplayMessage":false,"stepsCount":0,"attachmentsCount":0,"hasContent":false,"attachmentStep":false}],"labels":[{"name":"epic","value":"Delivery Page - calculation"},{"name":"tag","value":"smoke"},{"name":"tag","value":"@pytest.mark.xfail(reson='Цена доставки: 4300 9900 11440')"},{"name":"parentSuite","value":"tests.delivery"},{"name":"suite","value":"test_delivery_calculation"},{"name":"subSuite","value":"TestDeliveryPageCalculation"},{"name":"host","value":"d2f167225ce9"},{"name":"thread","value":"1-MainThread"},{"name":"framework","value":"pytest"},{"name":"language","value":"cpython3"},{"name":"package","value":"tests.delivery.test_delivery_calculation"},{"name":"resultFormat","value":"allure2"}],"parameters":[{"name":"all_time","value":"8000"},{"name":"amount","value":"206"},{"name":"case_id","value":"'TD 023'"},{"name":"in_time","value":"7500"},{"name":"link_item","value":"'products/shtukaturka-gipsovaya-aksolit-m50-30-kg-mashinnogo-naneseniya'"},{"name":"standard","value":"3300"},{"name":"url","value":"'https://sandboxtest.stroyrem-nn.ru/'"},{"name":"weight","value":"6200"}],"links":[],"hidden":false,"retry":false,"extra":{"severity":"normal","retries":[],"categories":[],"history":{"statistic":{"failed":0,"broken":0,"skipped":182,"passed":0,"unknown":0,"total":182},"items":[{"uid":"f443eb09ce2975f0","reportUrl":"https://zaelcovsky.github.io/StroyremAutomation/245//#testresult/f443eb09ce2975f0","status":"skipped","statusDetails":"XFAIL\n\nselenium.common.exceptions.NoSuchElementException: Message: no such element: Unable to locate element: {\"method\":\"xpath\",\"selector\":\"(//a[@class='add-to-cart yellow-btn'])[1]\"}\n  (Session info: chrome-headless-shell=122.0.6261.69); For documentation on this error, please visit: https://www.selenium.dev/documentation/webdriver/troubleshooting/errors#no-such-element-exception\nStacktrace:\n#0 0x55f4cb5aa793 <unknown>\n#1 0x55f4cb29e1c6 <unknown>\n#2 0x55f4cb2e9358 <unknown>\n#3 0x55f4cb2e9411 <unknown>\n#4 0x55f4cb32c934 <unknown>\n#5 0x55f4cb30b3fd <unknown>\n#6 0x55f4cb329dd9 <unknown>\n#7 0x55f4cb30b173 <unknown>\n#8 0x55f4cb2dc2d3 <unknown>\n#9 0x55f4cb2dcc9e <unknown>\n#10 0x55f4cb56e8cb <unknown>\n#11 0x55f4cb572745 <unknown>\n#12 0x55f4cb55b2e1 <unknown>\n#13 0x55f4cb5732d2 <unknown>\n#14 0x55f4cb53f17f <unknown>\n#15 0x55f4cb598dc8 <unknown>\n#16 0x55f4cb598fc3 <unknown>\n#17 0x55f4cb5a9944 <unknown>\n#18 0x7f4648a6d134 <unknown>","time":{"start":1708996091353,"stop":1708996091750,"duration":397}},{"uid":"40fc496d4dda5e99","reportUrl":"https://zaelcovsky.github.io/StroyremAutomation/244//#testresult/40fc496d4dda5e99","status":"skipped","statusDetails":"XFAIL\n\nselenium.common.exceptions.NoSuchElementException: Message: no such element: Unable to locate element: {\"method\":\"xpath\",\"selector\":\"(//a[@class='add-to-cart yellow-btn'])[1]\"}\n  (Session info: chrome-headless-shell=122.0.6261.69); For documentation on this error, please visit: https://www.selenium.dev/documentation/webdriver/troubleshooting/errors#no-such-element-exception\nStacktrace:\n#0 0x55bb09f99793 <unknown>\n#1 0x55bb09c8d1c6 <unknown>\n#2 0x55bb09cd8358 <unknown>\n#3 0x55bb09cd8411 <unknown>\n#4 0x55bb09d1b934 <unknown>\n#5 0x55bb09cfa3fd <unknown>\n#6 0x55bb09d18dd9 <unknown>\n#7 0x55bb09cfa173 <unknown>\n#8 0x55bb09ccb2d3 <unknown>\n#9 0x55bb09ccbc9e <unknown>\n#10 0x55bb09f5d8cb <unknown>\n#11 0x55bb09f61745 <unknown>\n#12 0x55bb09f4a2e1 <unknown>\n#13 0x55bb09f622d2 <unknown>\n#14 0x55bb09f2e17f <unknown>\n#15 0x55bb09f87dc8 <unknown>\n#16 0x55bb09f87fc3 <unknown>\n#17 0x55bb09f98944 <unknown>\n#18 0x7fa6b2072134 <unknown>","time":{"start":1708909714114,"stop":1708909714403,"duration":289}},{"uid":"1b6b7e73a314913a","reportUrl":"https://zaelcovsky.github.io/StroyremAutomation/243//#testresult/1b6b7e73a314913a","status":"skipped","statusDetails":"XFAIL\n\nselenium.common.exceptions.NoSuchElementException: Message: no such element: Unable to locate element: {\"method\":\"xpath\",\"selector\":\"(//a[@class='add-to-cart yellow-btn'])[1]\"}\n  (Session info: chrome-headless-shell=122.0.6261.69); For documentation on this error, please visit: https://www.selenium.dev/documentation/webdriver/troubleshooting/errors#no-such-element-exception\nStacktrace:\n#0 0x556748c56793 <unknown>\n#1 0x55674894a1c6 <unknown>\n#2 0x556748995358 <unknown>\n#3 0x556748995411 <unknown>\n#4 0x5567489d8934 <unknown>\n#5 0x5567489b73fd <unknown>\n#6 0x5567489d5dd9 <unknown>\n#7 0x5567489b7173 <unknown>\n#8 0x5567489882d3 <unknown>\n#9 0x556748988c9e <unknown>\n#10 0x556748c1a8cb <unknown>\n#11 0x556748c1e745 <unknown>\n#12 0x556748c072e1 <unknown>\n#13 0x556748c1f2d2 <unknown>\n#14 0x556748beb17f <unknown>\n#15 0x556748c44dc8 <unknown>\n#16 0x556748c44fc3 <unknown>\n#17 0x556748c55944 <unknown>\n#18 0x7f219630d134 <unknown>","time":{"start":1708823497597,"stop":1708823498010,"duration":413}},{"uid":"b5b321d3956ff78d","reportUrl":"https://zaelcovsky.github.io/StroyremAutomation/242//#testresult/b5b321d3956ff78d","status":"skipped","statusDetails":"XFAIL\n\nselenium.common.exceptions.NoSuchElementException: Message: no such element: Unable to locate element: {\"method\":\"xpath\",\"selector\":\"(//a[@class='add-to-cart yellow-btn'])[1]\"}\n  (Session info: chrome-headless-shell=122.0.6261.69); For documentation on this error, please visit: https://www.selenium.dev/documentation/webdriver/troubleshooting/errors#no-such-element-exception\nStacktrace:\n#0 0x55f568ccc793 <unknown>\n#1 0x55f5689c01c6 <unknown>\n#2 0x55f568a0b358 <unknown>\n#3 0x55f568a0b411 <unknown>\n#4 0x55f568a4e934 <unknown>\n#5 0x55f568a2d3fd <unknown>\n#6 0x55f568a4bdd9 <unknown>\n#7 0x55f568a2d173 <unknown>\n#8 0x55f5689fe2d3 <unknown>\n#9 0x55f5689fec9e <unknown>\n#10 0x55f568c908cb <unknown>\n#11 0x55f568c94745 <unknown>\n#12 0x55f568c7d2e1 <unknown>\n#13 0x55f568c952d2 <unknown>\n#14 0x55f568c6117f <unknown>\n#15 0x55f568cbadc8 <unknown>\n#16 0x55f568cbafc3 <unknown>\n#17 0x55f568ccb944 <unknown>\n#18 0x7fb2a47a1134 <unknown>","time":{"start":1708736798724,"stop":1708736799157,"duration":433}},{"uid":"a4341e72a51bec6f","reportUrl":"https://zaelcovsky.github.io/StroyremAutomation/241//#testresult/a4341e72a51bec6f","status":"skipped","statusDetails":"XFAIL\n\nselenium.common.exceptions.NoSuchElementException: Message: no such element: Unable to locate element: {\"method\":\"xpath\",\"selector\":\"(//a[@class='add-to-cart yellow-btn'])[1]\"}\n  (Session info: chrome-headless-shell=122.0.6261.69); For documentation on this error, please visit: https://www.selenium.dev/documentation/webdriver/troubleshooting/errors#no-such-element-exception\nStacktrace:\n#0 0x563eb9455793 <unknown>\n#1 0x563eb91491c6 <unknown>\n#2 0x563eb9194358 <unknown>\n#3 0x563eb9194411 <unknown>\n#4 0x563eb91d7934 <unknown>\n#5 0x563eb91b63fd <unknown>\n#6 0x563eb91d4dd9 <unknown>\n#7 0x563eb91b6173 <unknown>\n#8 0x563eb91872d3 <unknown>\n#9 0x563eb9187c9e <unknown>\n#10 0x563eb94198cb <unknown>\n#11 0x563eb941d745 <unknown>\n#12 0x563eb94062e1 <unknown>\n#13 0x563eb941e2d2 <unknown>\n#14 0x563eb93ea17f <unknown>\n#15 0x563eb9443dc8 <unknown>\n#16 0x563eb9443fc3 <unknown>\n#17 0x563eb9454944 <unknown>\n#18 0x7f5a11fdb134 <unknown>","time":{"start":1708650396544,"stop":1708650396845,"duration":301}},{"uid":"23cc720f2bb3eb2a","reportUrl":"https://zaelcovsky.github.io/StroyremAutomation/240//#testresult/23cc720f2bb3eb2a","status":"skipped","statusDetails":"XFAIL\n\nselenium.common.exceptions.NoSuchElementException: Message: no such element: Unable to locate element: {\"method\":\"xpath\",\"selector\":\"(//a[@class='add-to-cart yellow-btn'])[1]\"}\n  (Session info: chrome-headless-shell=122.0.6261.57); For documentation on this error, please visit: https://www.selenium.dev/documentation/webdriver/troubleshooting/errors#no-such-element-exception\nStacktrace:\n#0 0x55d1d74307d3 <unknown>\n#1 0x55d1d71241c6 <unknown>\n#2 0x55d1d716f358 <unknown>\n#3 0x55d1d716f411 <unknown>\n#4 0x55d1d71b2934 <unknown>\n#5 0x55d1d71913fd <unknown>\n#6 0x55d1d71afdd9 <unknown>\n#7 0x55d1d7191173 <unknown>\n#8 0x55d1d71622d3 <unknown>\n#9 0x55d1d7162c9e <unknown>\n#10 0x55d1d73f490b <unknown>\n#11 0x55d1d73f8785 <unknown>\n#12 0x55d1d73e1321 <unknown>\n#13 0x55d1d73f9312 <unknown>\n#14 0x55d1d73c51bf <unknown>\n#15 0x55d1d741ee08 <unknown>\n#16 0x55d1d741f003 <unknown>\n#17 0x55d1d742f984 <unknown>\n#18 0x7f912de80134 <unknown>","time":{"start":1708564033766,"stop":1708564034195,"duration":429}},{"uid":"eaaddee044d46bdb","reportUrl":"https://zaelcovsky.github.io/StroyremAutomation/239//#testresult/eaaddee044d46bdb","status":"skipped","statusDetails":"XFAIL\n\nselenium.common.exceptions.NoSuchElementException: Message: no such element: Unable to locate element: {\"method\":\"xpath\",\"selector\":\"(//a[@class='add-to-cart yellow-btn'])[1]\"}\n  (Session info: chrome-headless-shell=122.0.6261.57); For documentation on this error, please visit: https://www.selenium.dev/documentation/webdriver/troubleshooting/errors#no-such-element-exception\nStacktrace:\n#0 0x55abf395c7d3 <unknown>\n#1 0x55abf36501c6 <unknown>\n#2 0x55abf369b358 <unknown>\n#3 0x55abf369b411 <unknown>\n#4 0x55abf36de934 <unknown>\n#5 0x55abf36bd3fd <unknown>\n#6 0x55abf36dbdd9 <unknown>\n#7 0x55abf36bd173 <unknown>\n#8 0x55abf368e2d3 <unknown>\n#9 0x55abf368ec9e <unknown>\n#10 0x55abf392090b <unknown>\n#11 0x55abf3924785 <unknown>\n#12 0x55abf390d321 <unknown>\n#13 0x55abf3925312 <unknown>\n#14 0x55abf38f11bf <unknown>\n#15 0x55abf394ae08 <unknown>\n#16 0x55abf394b003 <unknown>\n#17 0x55abf395b984 <unknown>\n#18 0x7f39eefa1134 <unknown>","time":{"start":1708477691313,"stop":1708477691727,"duration":414}},{"uid":"f75df71760c9957","reportUrl":"https://zaelcovsky.github.io/StroyremAutomation/238//#testresult/f75df71760c9957","status":"skipped","statusDetails":"XFAIL\n\nselenium.common.exceptions.NoSuchElementException: Message: no such element: Unable to locate element: {\"method\":\"xpath\",\"selector\":\"(//a[@class='add-to-cart yellow-btn'])[1]\"}\n  (Session info: chrome-headless-shell=121.0.6167.184); For documentation on this error, please visit: https://www.selenium.dev/documentation/webdriver/troubleshooting/errors#no-such-element-exception\nStacktrace:\n#0 0x55787489d303 <unknown>\n#1 0x5578745822b7 <unknown>\n#2 0x5578745cdcc0 <unknown>\n#3 0x5578745cddb1 <unknown>\n#4 0x557874611b44 <unknown>\n#5 0x5578745f03ad <unknown>\n#6 0x55787460f07c <unknown>\n#7 0x5578745f0123 <unknown>\n#8 0x5578745c0095 <unknown>\n#9 0x5578745c109e <unknown>\n#10 0x5578748616ab <unknown>\n#11 0x5578748654ba <unknown>\n#12 0x55787484df85 <unknown>\n#13 0x55787486612f <unknown>\n#14 0x557874831e6f <unknown>\n#15 0x55787488a5f8 <unknown>\n#16 0x55787488a7c2 <unknown>\n#17 0x55787489c4a4 <unknown>\n#18 0x7ff647c56134 <unknown>","time":{"start":1708391225443,"stop":1708391225783,"duration":340}},{"uid":"89bfb15baf19957e","reportUrl":"https://zaelcovsky.github.io/StroyremAutomation/237//#testresult/89bfb15baf19957e","status":"skipped","statusDetails":"XFAIL\n\nselenium.common.exceptions.NoSuchElementException: Message: no such element: Unable to locate element: {\"method\":\"xpath\",\"selector\":\"(//a[@class='add-to-cart yellow-btn'])[1]\"}\n  (Session info: chrome-headless-shell=121.0.6167.184); For documentation on this error, please visit: https://www.selenium.dev/documentation/webdriver/troubleshooting/errors#no-such-element-exception\nStacktrace:\n#0 0x561691c83303 <unknown>\n#1 0x5616919682b7 <unknown>\n#2 0x5616919b3cc0 <unknown>\n#3 0x5616919b3db1 <unknown>\n#4 0x5616919f7b44 <unknown>\n#5 0x5616919d63ad <unknown>\n#6 0x5616919f507c <unknown>\n#7 0x5616919d6123 <unknown>\n#8 0x5616919a6095 <unknown>\n#9 0x5616919a709e <unknown>\n#10 0x561691c476ab <unknown>\n#11 0x561691c4b4ba <unknown>\n#12 0x561691c33f85 <unknown>\n#13 0x561691c4c12f <unknown>\n#14 0x561691c17e6f <unknown>\n#15 0x561691c705f8 <unknown>\n#16 0x561691c707c2 <unknown>\n#17 0x561691c824a4 <unknown>\n#18 0x7fd96d858134 <unknown>","time":{"start":1708305034818,"stop":1708305035248,"duration":430}},{"uid":"d3fb59a1154f9faf","reportUrl":"https://zaelcovsky.github.io/StroyremAutomation/236//#testresult/d3fb59a1154f9faf","status":"skipped","statusDetails":"XFAIL\n\nselenium.common.exceptions.NoSuchElementException: Message: no such element: Unable to locate element: {\"method\":\"xpath\",\"selector\":\"(//a[@class='add-to-cart yellow-btn'])[1]\"}\n  (Session info: chrome-headless-shell=121.0.6167.184); For documentation on this error, please visit: https://www.selenium.dev/documentation/webdriver/troubleshooting/errors#no-such-element-exception\nStacktrace:\n#0 0x56422437c303 <unknown>\n#1 0x5642240612b7 <unknown>\n#2 0x5642240accc0 <unknown>\n#3 0x5642240acdb1 <unknown>\n#4 0x5642240f0b44 <unknown>\n#5 0x5642240cf3ad <unknown>\n#6 0x5642240ee07c <unknown>\n#7 0x5642240cf123 <unknown>\n#8 0x56422409f095 <unknown>\n#9 0x5642240a009e <unknown>\n#10 0x5642243406ab <unknown>\n#11 0x5642243444ba <unknown>\n#12 0x56422432cf85 <unknown>\n#13 0x56422434512f <unknown>\n#14 0x564224310e6f <unknown>\n#15 0x5642243695f8 <unknown>\n#16 0x5642243697c2 <unknown>\n#17 0x56422437b4a4 <unknown>\n#18 0x7fcfc4a0e134 <unknown>","time":{"start":1708218720048,"stop":1708218720387,"duration":339}},{"uid":"d85a82173eb07442","reportUrl":"https://zaelcovsky.github.io/StroyremAutomation/235//#testresult/d85a82173eb07442","status":"skipped","statusDetails":"XFAIL\n\nselenium.common.exceptions.NoSuchElementException: Message: no such element: Unable to locate element: {\"method\":\"xpath\",\"selector\":\"(//a[@class='add-to-cart yellow-btn'])[1]\"}\n  (Session info: chrome-headless-shell=121.0.6167.184); For documentation on this error, please visit: https://www.selenium.dev/documentation/webdriver/troubleshooting/errors#no-such-element-exception\nStacktrace:\n#0 0x562a64114303 <unknown>\n#1 0x562a63df92b7 <unknown>\n#2 0x562a63e44cc0 <unknown>\n#3 0x562a63e44db1 <unknown>\n#4 0x562a63e88b44 <unknown>\n#5 0x562a63e673ad <unknown>\n#6 0x562a63e8607c <unknown>\n#7 0x562a63e67123 <unknown>\n#8 0x562a63e37095 <unknown>\n#9 0x562a63e3809e <unknown>\n#10 0x562a640d86ab <unknown>\n#11 0x562a640dc4ba <unknown>\n#12 0x562a640c4f85 <unknown>\n#13 0x562a640dd12f <unknown>\n#14 0x562a640a8e6f <unknown>\n#15 0x562a641015f8 <unknown>\n#16 0x562a641017c2 <unknown>\n#17 0x562a641134a4 <unknown>\n#18 0x7f359468b134 <unknown>","time":{"start":1708132016149,"stop":1708132016444,"duration":295}},{"uid":"82cce27641e3c06a","reportUrl":"https://zaelcovsky.github.io/StroyremAutomation/234//#testresult/82cce27641e3c06a","status":"skipped","statusDetails":"XFAIL\n\nselenium.common.exceptions.NoSuchElementException: Message: no such element: Unable to locate element: {\"method\":\"xpath\",\"selector\":\"(//a[@class='add-to-cart yellow-btn'])[1]\"}\n  (Session info: chrome-headless-shell=121.0.6167.85); For documentation on this error, please visit: https://www.selenium.dev/documentation/webdriver/troubleshooting/errors#no-such-element-exception\nStacktrace:\n#0 0x55f180efdd93 <unknown>\n#1 0x55f180be1337 <unknown>\n#2 0x55f180c2cd60 <unknown>\n#3 0x55f180c2ce51 <unknown>\n#4 0x55f180c70bc4 <unknown>\n#5 0x55f180c4f46d <unknown>\n#6 0x55f180c6e12d <unknown>\n#7 0x55f180c4f1e3 <unknown>\n#8 0x55f180c1f135 <unknown>\n#9 0x55f180c2013e <unknown>\n#10 0x55f180ec1e4b <unknown>\n#11 0x55f180ec5dfa <unknown>\n#12 0x55f180eae6d5 <unknown>\n#13 0x55f180ec6a6f <unknown>\n#14 0x55f180e9269f <unknown>\n#15 0x55f180eeb098 <unknown>\n#16 0x55f180eeb262 <unknown>\n#17 0x55f180efcf34 <unknown>\n#18 0x7f199e90d134 <unknown>","time":{"start":1708045663786,"stop":1708045664096,"duration":310}},{"uid":"866a1c7ee1e658b","reportUrl":"https://zaelcovsky.github.io/StroyremAutomation/233//#testresult/866a1c7ee1e658b","status":"skipped","statusDetails":"XFAIL\n\nselenium.common.exceptions.NoSuchElementException: Message: no such element: Unable to locate element: {\"method\":\"xpath\",\"selector\":\"(//a[@class='add-to-cart yellow-btn'])[1]\"}\n  (Session info: chrome-headless-shell=121.0.6167.85); For documentation on this error, please visit: https://www.selenium.dev/documentation/webdriver/troubleshooting/errors#no-such-element-exception\nStacktrace:\n#0 0x555e0166dd93 <unknown>\n#1 0x555e01351337 <unknown>\n#2 0x555e0139cd60 <unknown>\n#3 0x555e0139ce51 <unknown>\n#4 0x555e013e0bc4 <unknown>\n#5 0x555e013bf46d <unknown>\n#6 0x555e013de12d <unknown>\n#7 0x555e013bf1e3 <unknown>\n#8 0x555e0138f135 <unknown>\n#9 0x555e0139013e <unknown>\n#10 0x555e01631e4b <unknown>\n#11 0x555e01635dfa <unknown>\n#12 0x555e0161e6d5 <unknown>\n#13 0x555e01636a6f <unknown>\n#14 0x555e0160269f <unknown>\n#15 0x555e0165b098 <unknown>\n#16 0x555e0165b262 <unknown>\n#17 0x555e0166cf34 <unknown>\n#18 0x7fba51f40134 <unknown>","time":{"start":1707959369033,"stop":1707959369436,"duration":403}},{"uid":"b9c6efcc57f85ef9","reportUrl":"https://zaelcovsky.github.io/StroyremAutomation/232//#testresult/b9c6efcc57f85ef9","status":"skipped","statusDetails":"XFAIL\n\nselenium.common.exceptions.NoSuchElementException: Message: no such element: Unable to locate element: {\"method\":\"xpath\",\"selector\":\"(//a[@class='add-to-cart yellow-btn'])[1]\"}\n  (Session info: chrome-headless-shell=121.0.6167.85); For documentation on this error, please visit: https://www.selenium.dev/documentation/webdriver/troubleshooting/errors#no-such-element-exception\nStacktrace:\n#0 0x55a847841d93 <unknown>\n#1 0x55a847525337 <unknown>\n#2 0x55a847570d60 <unknown>\n#3 0x55a847570e51 <unknown>\n#4 0x55a8475b4bc4 <unknown>\n#5 0x55a84759346d <unknown>\n#6 0x55a8475b212d <unknown>\n#7 0x55a8475931e3 <unknown>\n#8 0x55a847563135 <unknown>\n#9 0x55a84756413e <unknown>\n#10 0x55a847805e4b <unknown>\n#11 0x55a847809dfa <unknown>\n#12 0x55a8477f26d5 <unknown>\n#13 0x55a84780aa6f <unknown>\n#14 0x55a8477d669f <unknown>\n#15 0x55a84782f098 <unknown>\n#16 0x55a84782f262 <unknown>\n#17 0x55a847840f34 <unknown>\n#18 0x7f39206c9134 <unknown>","time":{"start":1707872913260,"stop":1707872913566,"duration":306}},{"uid":"afe08f64d35a6601","reportUrl":"https://zaelcovsky.github.io/StroyremAutomation/231//#testresult/afe08f64d35a6601","status":"skipped","statusDetails":"XFAIL\n\nselenium.common.exceptions.NoSuchElementException: Message: no such element: Unable to locate element: {\"method\":\"xpath\",\"selector\":\"(//a[@class='add-to-cart yellow-btn'])[1]\"}\n  (Session info: chrome-headless-shell=121.0.6167.85); For documentation on this error, please visit: https://www.selenium.dev/documentation/webdriver/troubleshooting/errors#no-such-element-exception\nStacktrace:\n#0 0x557915281d93 <unknown>\n#1 0x557914f65337 <unknown>\n#2 0x557914fb0d60 <unknown>\n#3 0x557914fb0e51 <unknown>\n#4 0x557914ff4bc4 <unknown>\n#5 0x557914fd346d <unknown>\n#6 0x557914ff212d <unknown>\n#7 0x557914fd31e3 <unknown>\n#8 0x557914fa3135 <unknown>\n#9 0x557914fa413e <unknown>\n#10 0x557915245e4b <unknown>\n#11 0x557915249dfa <unknown>\n#12 0x5579152326d5 <unknown>\n#13 0x55791524aa6f <unknown>\n#14 0x55791521669f <unknown>\n#15 0x55791526f098 <unknown>\n#16 0x55791526f262 <unknown>\n#17 0x557915280f34 <unknown>\n#18 0x7f5969c78134 <unknown>","time":{"start":1707786622059,"stop":1707786622494,"duration":435}},{"uid":"371de2b33472a7fe","reportUrl":"https://zaelcovsky.github.io/StroyremAutomation/230//#testresult/371de2b33472a7fe","status":"skipped","statusDetails":"XFAIL\n\nselenium.common.exceptions.NoSuchElementException: Message: no such element: Unable to locate element: {\"method\":\"xpath\",\"selector\":\"(//a[@class='add-to-cart yellow-btn'])[1]\"}\n  (Session info: chrome-headless-shell=121.0.6167.85); For documentation on this error, please visit: https://www.selenium.dev/documentation/webdriver/troubleshooting/errors#no-such-element-exception\nStacktrace:\n#0 0x55f434c78d93 <unknown>\n#1 0x55f43495c337 <unknown>\n#2 0x55f4349a7d60 <unknown>\n#3 0x55f4349a7e51 <unknown>\n#4 0x55f4349ebbc4 <unknown>\n#5 0x55f4349ca46d <unknown>\n#6 0x55f4349e912d <unknown>\n#7 0x55f4349ca1e3 <unknown>\n#8 0x55f43499a135 <unknown>\n#9 0x55f43499b13e <unknown>\n#10 0x55f434c3ce4b <unknown>\n#11 0x55f434c40dfa <unknown>\n#12 0x55f434c296d5 <unknown>\n#13 0x55f434c41a6f <unknown>\n#14 0x55f434c0d69f <unknown>\n#15 0x55f434c66098 <unknown>\n#16 0x55f434c66262 <unknown>\n#17 0x55f434c77f34 <unknown>\n#18 0x7ff24ab4c134 <unknown>","time":{"start":1707700109714,"stop":1707700110014,"duration":300}},{"uid":"f4e4f001875860df","reportUrl":"https://zaelcovsky.github.io/StroyremAutomation/229//#testresult/f4e4f001875860df","status":"skipped","statusDetails":"XFAIL\n\nselenium.common.exceptions.NoSuchElementException: Message: no such element: Unable to locate element: {\"method\":\"xpath\",\"selector\":\"(//a[@class='add-to-cart yellow-btn'])[1]\"}\n  (Session info: chrome-headless-shell=121.0.6167.85); For documentation on this error, please visit: https://www.selenium.dev/documentation/webdriver/troubleshooting/errors#no-such-element-exception\nStacktrace:\n#0 0x55fe7cb6ed93 <unknown>\n#1 0x55fe7c852337 <unknown>\n#2 0x55fe7c89dd60 <unknown>\n#3 0x55fe7c89de51 <unknown>\n#4 0x55fe7c8e1bc4 <unknown>\n#5 0x55fe7c8c046d <unknown>\n#6 0x55fe7c8df12d <unknown>\n#7 0x55fe7c8c01e3 <unknown>\n#8 0x55fe7c890135 <unknown>\n#9 0x55fe7c89113e <unknown>\n#10 0x55fe7cb32e4b <unknown>\n#11 0x55fe7cb36dfa <unknown>\n#12 0x55fe7cb1f6d5 <unknown>\n#13 0x55fe7cb37a6f <unknown>\n#14 0x55fe7cb0369f <unknown>\n#15 0x55fe7cb5c098 <unknown>\n#16 0x55fe7cb5c262 <unknown>\n#17 0x55fe7cb6df34 <unknown>\n#18 0x7f028945c134 <unknown>","time":{"start":1707613935743,"stop":1707613936052,"duration":309}},{"uid":"268b3700bbfe910e","reportUrl":"https://zaelcovsky.github.io/StroyremAutomation/228//#testresult/268b3700bbfe910e","status":"skipped","statusDetails":"XFAIL\n\nselenium.common.exceptions.NoSuchElementException: Message: no such element: Unable to locate element: {\"method\":\"xpath\",\"selector\":\"(//a[@class='add-to-cart yellow-btn'])[1]\"}\n  (Session info: chrome-headless-shell=121.0.6167.85); For documentation on this error, please visit: https://www.selenium.dev/documentation/webdriver/troubleshooting/errors#no-such-element-exception\nStacktrace:\n#0 0x558f35b84d93 <unknown>\n#1 0x558f35868337 <unknown>\n#2 0x558f358b3d60 <unknown>\n#3 0x558f358b3e51 <unknown>\n#4 0x558f358f7bc4 <unknown>\n#5 0x558f358d646d <unknown>\n#6 0x558f358f512d <unknown>\n#7 0x558f358d61e3 <unknown>\n#8 0x558f358a6135 <unknown>\n#9 0x558f358a713e <unknown>\n#10 0x558f35b48e4b <unknown>\n#11 0x558f35b4cdfa <unknown>\n#12 0x558f35b356d5 <unknown>\n#13 0x558f35b4da6f <unknown>\n#14 0x558f35b1969f <unknown>\n#15 0x558f35b72098 <unknown>\n#16 0x558f35b72262 <unknown>\n#17 0x558f35b83f34 <unknown>\n#18 0x7f0acdf60134 <unknown>","time":{"start":1707527144330,"stop":1707527144738,"duration":408}},{"uid":"1248de06fdea1e3b","reportUrl":"https://zaelcovsky.github.io/StroyremAutomation/227//#testresult/1248de06fdea1e3b","status":"skipped","statusDetails":"XFAIL\n\nselenium.common.exceptions.NoSuchElementException: Message: no such element: Unable to locate element: {\"method\":\"xpath\",\"selector\":\"(//a[@class='add-to-cart yellow-btn'])[1]\"}\n  (Session info: chrome-headless-shell=121.0.6167.85); For documentation on this error, please visit: https://www.selenium.dev/documentation/webdriver/troubleshooting/errors#no-such-element-exception\nStacktrace:\n#0 0x55f09c496d93 <unknown>\n#1 0x55f09c17a337 <unknown>\n#2 0x55f09c1c5d60 <unknown>\n#3 0x55f09c1c5e51 <unknown>\n#4 0x55f09c209bc4 <unknown>\n#5 0x55f09c1e846d <unknown>\n#6 0x55f09c20712d <unknown>\n#7 0x55f09c1e81e3 <unknown>\n#8 0x55f09c1b8135 <unknown>\n#9 0x55f09c1b913e <unknown>\n#10 0x55f09c45ae4b <unknown>\n#11 0x55f09c45edfa <unknown>\n#12 0x55f09c4476d5 <unknown>\n#13 0x55f09c45fa6f <unknown>\n#14 0x55f09c42b69f <unknown>\n#15 0x55f09c484098 <unknown>\n#16 0x55f09c484262 <unknown>\n#17 0x55f09c495f34 <unknown>\n#18 0x7f095f6d7134 <unknown>","time":{"start":1707440834187,"stop":1707440834510,"duration":323}},{"uid":"1e494d3222705a85","reportUrl":"https://zaelcovsky.github.io/StroyremAutomation/226//#testresult/1e494d3222705a85","status":"skipped","statusDetails":"XFAIL\n\nselenium.common.exceptions.NoSuchElementException: Message: no such element: Unable to locate element: {\"method\":\"xpath\",\"selector\":\"(//a[@class='add-to-cart yellow-btn'])[1]\"}\n  (Session info: chrome-headless-shell=121.0.6167.85); For documentation on this error, please visit: https://www.selenium.dev/documentation/webdriver/troubleshooting/errors#no-such-element-exception\nStacktrace:\n#0 0x55e6b447cd93 <unknown>\n#1 0x55e6b4160337 <unknown>\n#2 0x55e6b41abd60 <unknown>\n#3 0x55e6b41abe51 <unknown>\n#4 0x55e6b41efbc4 <unknown>\n#5 0x55e6b41ce46d <unknown>\n#6 0x55e6b41ed12d <unknown>\n#7 0x55e6b41ce1e3 <unknown>\n#8 0x55e6b419e135 <unknown>\n#9 0x55e6b419f13e <unknown>\n#10 0x55e6b4440e4b <unknown>\n#11 0x55e6b4444dfa <unknown>\n#12 0x55e6b442d6d5 <unknown>\n#13 0x55e6b4445a6f <unknown>\n#14 0x55e6b441169f <unknown>\n#15 0x55e6b446a098 <unknown>\n#16 0x55e6b446a262 <unknown>\n#17 0x55e6b447bf34 <unknown>\n#18 0x7feb43d4d134 <unknown>","time":{"start":1707354422046,"stop":1707354422381,"duration":335}}]},"tags":["smoke","@pytest.mark.xfail(reson='Цена доставки: 4300 9900 11440')"]},"source":"cc916ad6b3309a11.json","parameterValues":["8000","206","'TD 023'","7500","'products/shtukaturka-gipsovaya-aksolit-m50-30-kg-mashinnogo-naneseniya'","3300","'https://sandboxtest.stroyrem-nn.ru/'","6200"]}