{"uid":"1cec31cc2ecc82a5","name":"TD 019 Доставка товара весом до 1700кг. в синей зоне","fullName":"tests.delivery.test_delivery_calculation.TestDeliveryPageCalculation#test_positive_delivery_blue_zone_smoke","historyId":"7de17ed6f423399e8e6f079409b2bd41","time":{"start":1706317744227,"stop":1706317744649,"duration":422},"status":"broken","statusMessage":"selenium.common.exceptions.NoSuchElementException: Message: no such element: Unable to locate element: {\"method\":\"xpath\",\"selector\":\"(//a[@class='add-to-cart yellow-btn'])[1]\"}\n  (Session info: chrome-headless-shell=121.0.6167.85); For documentation on this error, please visit: https://www.selenium.dev/documentation/webdriver/troubleshooting/errors#no-such-element-exception\nStacktrace:\n#0 0x56405a6b4d93 <unknown>\n#1 0x56405a398337 <unknown>\n#2 0x56405a3e3d60 <unknown>\n#3 0x56405a3e3e51 <unknown>\n#4 0x56405a427bc4 <unknown>\n#5 0x56405a40646d <unknown>\n#6 0x56405a42512d <unknown>\n#7 0x56405a4061e3 <unknown>\n#8 0x56405a3d6135 <unknown>\n#9 0x56405a3d713e <unknown>\n#10 0x56405a678e4b <unknown>\n#11 0x56405a67cdfa <unknown>\n#12 0x56405a6656d5 <unknown>\n#13 0x56405a67da6f <unknown>\n#14 0x56405a64969f <unknown>\n#15 0x56405a6a2098 <unknown>\n#16 0x56405a6a2262 <unknown>\n#17 0x56405a6b3f34 <unknown>\n#18 0x7f4f7d48a044 <unknown>","statusTrace":"self = <tests.delivery.test_delivery_calculation.TestDeliveryPageCalculation object at 0x7f63b2be8c50>\ndriver = <selenium.webdriver.chrome.webdriver.WebDriver (session=\"7d9f2107e5a2813404f086f751cb9703\")>\nurl = 'https://sandboxtest.stroyrem-nn.ru/', case_id = 'TD 019'\nlink_item = 'products/shtukaturka-gipsovaya-aksolit-m50-30-kg-mashinnogo-naneseniya'\namount = 25, weight = 1700, standard = 1150, in_time = 2490, all_time = 3320\n\n    @pytest.mark.parametrize('case_id, link_item, amount, weight, standard, in_time, all_time', [\n        (\"TD 015\", bundeks_25, 1, 30, 650, 2390, 3320),\n        pytest.param(\n            \"TD 016\", aksolit_30, 8, 300, 650, 2390, 3320,\n            marks=pytest.mark.xfail(reson=\"Цена доставки: - - -\")\n        ),\n        (\"TD 017\", aksolit_30, 13, 400, 650, 2390, 3320),\n        (\"TD 018\", aksolit_30, 16, 500, 850, 2490, 3320),\n        (\"TD 019\", aksolit_30, 25, 1700, 1150, 2490, 3320),\n        (\"TD 020\", aksolit_30, 66, 2000, 1500, 2990, 3650),\n        (\"TD 021\", aksolit_30, 149, 4500, 2600, 4380, 4890),\n        (\"TD 022\", aksolit_30, 166, 5000, 2800, 5490, 5980),\n        pytest.param(\n            \"TD 023\", aksolit_30, 206, 6200, 3300, 7500, 8000,\n            marks=pytest.mark.xfail(reson=\"Цена доставки: 4300 9900 11440\")\n        ),\n        (\"TD 024\", aksolit_30, 299, 9000, 4300, 9900, 11440),\n        (\"TD 025\", aksolit_30, 333, 10000, 7000, 13900, 15900),\n        pytest.param(\n            \"TD 026\", aksolit_30, 366, 11000, 8000, 14900, 19900,\n            marks=pytest.mark.xfail(reson=\"Цена доставки: 7000 13900 15900\")\n        ),\n        pytest.param(\n            \"TD 027\", aksolit_30, 666, 20000, 14000, 16900, 23900,\n            marks=pytest.mark.xfail(reson=\"Цена доставки: 7000 13900 15900\")\n        )\n    ])\n    @pytest.mark.smoke\n    def test_positive_delivery_blue_zone_smoke(\n            self, driver, url, case_id, link_item, amount, weight, standard, in_time, all_time\n    ):\n        allure.dynamic.title(f\"{case_id} Доставка товара весом до {weight}кг. в синей зоне\")\n    \n        driver.get(f'{url}{link_item}')\n        item_page = ItemPage(driver)\n>       item_page.add_item_to_cart(amount).click_on_cart()\n\ntests/delivery/test_delivery_calculation.py:130: \n_ _ _ _ _ _ _ _ _ _ _ _ _ _ _ _ _ _ _ _ _ _ _ _ _ _ _ _ _ _ _ _ _ _ _ _ _ _ _ _ \npages/item_page.py:40: in add_item_to_cart\n    self.find_element(self._add_item).click()\nbase/seleniumbase.py:17: in find_element\n    return self.driver.find_element(*locator)\n/usr/local/lib/python3.11/site-packages/selenium/webdriver/remote/webdriver.py:740: in find_element\n    return self.execute(Command.FIND_ELEMENT, {\"using\": by, \"value\": value})[\"value\"]\n/usr/local/lib/python3.11/site-packages/selenium/webdriver/remote/webdriver.py:346: in execute\n    self.error_handler.check_response(response)\n_ _ _ _ _ _ _ _ _ _ _ _ _ _ _ _ _ _ _ _ _ _ _ _ _ _ _ _ _ _ _ _ _ _ _ _ _ _ _ _ \n\nself = <selenium.webdriver.remote.errorhandler.ErrorHandler object at 0x7f63b3350590>\nresponse = {'status': 404, 'value': '{\"value\":{\"error\":\"no such element\",\"message\":\"no such element: Unable to locate element: {\\...\\\\n#16 0x56405a6a2262 \\\\u003Cunknown>\\\\n#17 0x56405a6b3f34 \\\\u003Cunknown>\\\\n#18 0x7f4f7d48a044 \\\\u003Cunknown>\\\\n\"}}'}\n\n    def check_response(self, response: Dict[str, Any]) -> None:\n        \"\"\"Checks that a JSON response from the WebDriver does not have an\n        error.\n    \n        :Args:\n         - response - The JSON response from the WebDriver server as a dictionary\n           object.\n    \n        :Raises: If the response contains an error message.\n        \"\"\"\n        status = response.get(\"status\", None)\n        if not status or status == ErrorCode.SUCCESS:\n            return\n        value = None\n        message = response.get(\"message\", \"\")\n        screen: str = response.get(\"screen\", \"\")\n        stacktrace = None\n        if isinstance(status, int):\n            value_json = response.get(\"value\", None)\n            if value_json and isinstance(value_json, str):\n                import json\n    \n                try:\n                    value = json.loads(value_json)\n                    if len(value) == 1:\n                        value = value[\"value\"]\n                    status = value.get(\"error\", None)\n                    if not status:\n                        status = value.get(\"status\", ErrorCode.UNKNOWN_ERROR)\n                        message = value.get(\"value\") or value.get(\"message\")\n                        if not isinstance(message, str):\n                            value = message\n                            message = message.get(\"message\")\n                    else:\n                        message = value.get(\"message\", None)\n                except ValueError:\n                    pass\n    \n        exception_class: Type[WebDriverException]\n        if status in ErrorCode.NO_SUCH_ELEMENT:\n            exception_class = NoSuchElementException\n        elif status in ErrorCode.NO_SUCH_FRAME:\n            exception_class = NoSuchFrameException\n        elif status in ErrorCode.NO_SUCH_SHADOW_ROOT:\n            exception_class = NoSuchShadowRootException\n        elif status in ErrorCode.NO_SUCH_WINDOW:\n            exception_class = NoSuchWindowException\n        elif status in ErrorCode.STALE_ELEMENT_REFERENCE:\n            exception_class = StaleElementReferenceException\n        elif status in ErrorCode.ELEMENT_NOT_VISIBLE:\n            exception_class = ElementNotVisibleException\n        elif status in ErrorCode.INVALID_ELEMENT_STATE:\n            exception_class = InvalidElementStateException\n        elif (\n            status in ErrorCode.INVALID_SELECTOR\n            or status in ErrorCode.INVALID_XPATH_SELECTOR\n            or status in ErrorCode.INVALID_XPATH_SELECTOR_RETURN_TYPER\n        ):\n            exception_class = InvalidSelectorException\n        elif status in ErrorCode.ELEMENT_IS_NOT_SELECTABLE:\n            exception_class = ElementNotSelectableException\n        elif status in ErrorCode.ELEMENT_NOT_INTERACTABLE:\n            exception_class = ElementNotInteractableException\n        elif status in ErrorCode.INVALID_COOKIE_DOMAIN:\n            exception_class = InvalidCookieDomainException\n        elif status in ErrorCode.UNABLE_TO_SET_COOKIE:\n            exception_class = UnableToSetCookieException\n        elif status in ErrorCode.TIMEOUT:\n            exception_class = TimeoutException\n        elif status in ErrorCode.SCRIPT_TIMEOUT:\n            exception_class = TimeoutException\n        elif status in ErrorCode.UNKNOWN_ERROR:\n            exception_class = WebDriverException\n        elif status in ErrorCode.UNEXPECTED_ALERT_OPEN:\n            exception_class = UnexpectedAlertPresentException\n        elif status in ErrorCode.NO_ALERT_OPEN:\n            exception_class = NoAlertPresentException\n        elif status in ErrorCode.IME_NOT_AVAILABLE:\n            exception_class = ImeNotAvailableException\n        elif status in ErrorCode.IME_ENGINE_ACTIVATION_FAILED:\n            exception_class = ImeActivationFailedException\n        elif status in ErrorCode.MOVE_TARGET_OUT_OF_BOUNDS:\n            exception_class = MoveTargetOutOfBoundsException\n        elif status in ErrorCode.JAVASCRIPT_ERROR:\n            exception_class = JavascriptException\n        elif status in ErrorCode.SESSION_NOT_CREATED:\n            exception_class = SessionNotCreatedException\n        elif status in ErrorCode.INVALID_ARGUMENT:\n            exception_class = InvalidArgumentException\n        elif status in ErrorCode.NO_SUCH_COOKIE:\n            exception_class = NoSuchCookieException\n        elif status in ErrorCode.UNABLE_TO_CAPTURE_SCREEN:\n            exception_class = ScreenshotException\n        elif status in ErrorCode.ELEMENT_CLICK_INTERCEPTED:\n            exception_class = ElementClickInterceptedException\n        elif status in ErrorCode.INSECURE_CERTIFICATE:\n            exception_class = InsecureCertificateException\n        elif status in ErrorCode.INVALID_COORDINATES:\n            exception_class = InvalidCoordinatesException\n        elif status in ErrorCode.INVALID_SESSION_ID:\n            exception_class = InvalidSessionIdException\n        elif status in ErrorCode.UNKNOWN_METHOD:\n            exception_class = UnknownMethodException\n        else:\n            exception_class = WebDriverException\n        if not value:\n            value = response[\"value\"]\n        if isinstance(value, str):\n            raise exception_class(value)\n        if message == \"\" and \"message\" in value:\n            message = value[\"message\"]\n    \n        screen = None  # type: ignore[assignment]\n        if \"screen\" in value:\n            screen = value[\"screen\"]\n    \n        stacktrace = None\n        st_value = value.get(\"stackTrace\") or value.get(\"stacktrace\")\n        if st_value:\n            if isinstance(st_value, str):\n                stacktrace = st_value.split(\"\\n\")\n            else:\n                stacktrace = []\n                try:\n                    for frame in st_value:\n                        line = frame.get(\"lineNumber\", \"\")\n                        file = frame.get(\"fileName\", \"<anonymous>\")\n                        if line:\n                            file = f\"{file}:{line}\"\n                        meth = frame.get(\"methodName\", \"<anonymous>\")\n                        if \"className\" in frame:\n                            meth = f\"{frame['className']}.{meth}\"\n                        msg = \"    at %s (%s)\"\n                        msg = msg % (meth, file)\n                        stacktrace.append(msg)\n                except TypeError:\n                    pass\n        if exception_class == UnexpectedAlertPresentException:\n            alert_text = None\n            if \"data\" in value:\n                alert_text = value[\"data\"].get(\"text\")\n            elif \"alert\" in value:\n                alert_text = value[\"alert\"].get(\"text\")\n            raise exception_class(message, screen, stacktrace, alert_text)  # type: ignore[call-arg]  # mypy is not smart enough here\n>       raise exception_class(message, screen, stacktrace)\nE       selenium.common.exceptions.NoSuchElementException: Message: no such element: Unable to locate element: {\"method\":\"xpath\",\"selector\":\"(//a[@class='add-to-cart yellow-btn'])[1]\"}\nE         (Session info: chrome-headless-shell=121.0.6167.85); For documentation on this error, please visit: https://www.selenium.dev/documentation/webdriver/troubleshooting/errors#no-such-element-exception\nE       Stacktrace:\nE       #0 0x56405a6b4d93 <unknown>\nE       #1 0x56405a398337 <unknown>\nE       #2 0x56405a3e3d60 <unknown>\nE       #3 0x56405a3e3e51 <unknown>\nE       #4 0x56405a427bc4 <unknown>\nE       #5 0x56405a40646d <unknown>\nE       #6 0x56405a42512d <unknown>\nE       #7 0x56405a4061e3 <unknown>\nE       #8 0x56405a3d6135 <unknown>\nE       #9 0x56405a3d713e <unknown>\nE       #10 0x56405a678e4b <unknown>\nE       #11 0x56405a67cdfa <unknown>\nE       #12 0x56405a6656d5 <unknown>\nE       #13 0x56405a67da6f <unknown>\nE       #14 0x56405a64969f <unknown>\nE       #15 0x56405a6a2098 <unknown>\nE       #16 0x56405a6a2262 <unknown>\nE       #17 0x56405a6b3f34 <unknown>\nE       #18 0x7f4f7d48a044 <unknown>\n\n/usr/local/lib/python3.11/site-packages/selenium/webdriver/remote/errorhandler.py:245: NoSuchElementException","flaky":false,"newFailed":false,"newBroken":false,"newPassed":false,"retriesCount":0,"retriesStatusChange":false,"beforeStages":[{"name":"_session_faker","time":{"start":1706317216615,"stop":1706317216693,"duration":78},"status":"passed","steps":[],"attachments":[],"parameters":[],"shouldDisplayMessage":false,"stepsCount":0,"attachmentsCount":0,"hasContent":false,"attachmentStep":false},{"name":"clear_allure_results_folder","time":{"start":1706317216693,"stop":1706317216694,"duration":1},"status":"passed","steps":[],"attachments":[],"parameters":[],"shouldDisplayMessage":false,"stepsCount":0,"attachmentsCount":0,"hasContent":false,"attachmentStep":false},{"name":"driver","time":{"start":1706317743485,"stop":1706317744225,"duration":740},"status":"passed","steps":[],"attachments":[],"parameters":[],"shouldDisplayMessage":false,"stepsCount":0,"attachmentsCount":0,"hasContent":false,"attachmentStep":false},{"name":"setup","time":{"start":1706317744225,"stop":1706317744225,"duration":0},"status":"passed","steps":[],"attachments":[],"parameters":[],"shouldDisplayMessage":false,"stepsCount":0,"attachmentsCount":0,"hasContent":false,"attachmentStep":false}],"testStage":{"status":"broken","statusMessage":"selenium.common.exceptions.NoSuchElementException: Message: no such element: Unable to locate element: {\"method\":\"xpath\",\"selector\":\"(//a[@class='add-to-cart yellow-btn'])[1]\"}\n  (Session info: chrome-headless-shell=121.0.6167.85); For documentation on this error, please visit: https://www.selenium.dev/documentation/webdriver/troubleshooting/errors#no-such-element-exception\nStacktrace:\n#0 0x56405a6b4d93 <unknown>\n#1 0x56405a398337 <unknown>\n#2 0x56405a3e3d60 <unknown>\n#3 0x56405a3e3e51 <unknown>\n#4 0x56405a427bc4 <unknown>\n#5 0x56405a40646d <unknown>\n#6 0x56405a42512d <unknown>\n#7 0x56405a4061e3 <unknown>\n#8 0x56405a3d6135 <unknown>\n#9 0x56405a3d713e <unknown>\n#10 0x56405a678e4b <unknown>\n#11 0x56405a67cdfa <unknown>\n#12 0x56405a6656d5 <unknown>\n#13 0x56405a67da6f <unknown>\n#14 0x56405a64969f <unknown>\n#15 0x56405a6a2098 <unknown>\n#16 0x56405a6a2262 <unknown>\n#17 0x56405a6b3f34 <unknown>\n#18 0x7f4f7d48a044 <unknown>","statusTrace":"self = <tests.delivery.test_delivery_calculation.TestDeliveryPageCalculation object at 0x7f63b2be8c50>\ndriver = <selenium.webdriver.chrome.webdriver.WebDriver (session=\"7d9f2107e5a2813404f086f751cb9703\")>\nurl = 'https://sandboxtest.stroyrem-nn.ru/', case_id = 'TD 019'\nlink_item = 'products/shtukaturka-gipsovaya-aksolit-m50-30-kg-mashinnogo-naneseniya'\namount = 25, weight = 1700, standard = 1150, in_time = 2490, all_time = 3320\n\n    @pytest.mark.parametrize('case_id, link_item, amount, weight, standard, in_time, all_time', [\n        (\"TD 015\", bundeks_25, 1, 30, 650, 2390, 3320),\n        pytest.param(\n            \"TD 016\", aksolit_30, 8, 300, 650, 2390, 3320,\n            marks=pytest.mark.xfail(reson=\"Цена доставки: - - -\")\n        ),\n        (\"TD 017\", aksolit_30, 13, 400, 650, 2390, 3320),\n        (\"TD 018\", aksolit_30, 16, 500, 850, 2490, 3320),\n        (\"TD 019\", aksolit_30, 25, 1700, 1150, 2490, 3320),\n        (\"TD 020\", aksolit_30, 66, 2000, 1500, 2990, 3650),\n        (\"TD 021\", aksolit_30, 149, 4500, 2600, 4380, 4890),\n        (\"TD 022\", aksolit_30, 166, 5000, 2800, 5490, 5980),\n        pytest.param(\n            \"TD 023\", aksolit_30, 206, 6200, 3300, 7500, 8000,\n            marks=pytest.mark.xfail(reson=\"Цена доставки: 4300 9900 11440\")\n        ),\n        (\"TD 024\", aksolit_30, 299, 9000, 4300, 9900, 11440),\n        (\"TD 025\", aksolit_30, 333, 10000, 7000, 13900, 15900),\n        pytest.param(\n            \"TD 026\", aksolit_30, 366, 11000, 8000, 14900, 19900,\n            marks=pytest.mark.xfail(reson=\"Цена доставки: 7000 13900 15900\")\n        ),\n        pytest.param(\n            \"TD 027\", aksolit_30, 666, 20000, 14000, 16900, 23900,\n            marks=pytest.mark.xfail(reson=\"Цена доставки: 7000 13900 15900\")\n        )\n    ])\n    @pytest.mark.smoke\n    def test_positive_delivery_blue_zone_smoke(\n            self, driver, url, case_id, link_item, amount, weight, standard, in_time, all_time\n    ):\n        allure.dynamic.title(f\"{case_id} Доставка товара весом до {weight}кг. в синей зоне\")\n    \n        driver.get(f'{url}{link_item}')\n        item_page = ItemPage(driver)\n>       item_page.add_item_to_cart(amount).click_on_cart()\n\ntests/delivery/test_delivery_calculation.py:130: \n_ _ _ _ _ _ _ _ _ _ _ _ _ _ _ _ _ _ _ _ _ _ _ _ _ _ _ _ _ _ _ _ _ _ _ _ _ _ _ _ \npages/item_page.py:40: in add_item_to_cart\n    self.find_element(self._add_item).click()\nbase/seleniumbase.py:17: in find_element\n    return self.driver.find_element(*locator)\n/usr/local/lib/python3.11/site-packages/selenium/webdriver/remote/webdriver.py:740: in find_element\n    return self.execute(Command.FIND_ELEMENT, {\"using\": by, \"value\": value})[\"value\"]\n/usr/local/lib/python3.11/site-packages/selenium/webdriver/remote/webdriver.py:346: in execute\n    self.error_handler.check_response(response)\n_ _ _ _ _ _ _ _ _ _ _ _ _ _ _ _ _ _ _ _ _ _ _ _ _ _ _ _ _ _ _ _ _ _ _ _ _ _ _ _ \n\nself = <selenium.webdriver.remote.errorhandler.ErrorHandler object at 0x7f63b3350590>\nresponse = {'status': 404, 'value': '{\"value\":{\"error\":\"no such element\",\"message\":\"no such element: Unable to locate element: {\\...\\\\n#16 0x56405a6a2262 \\\\u003Cunknown>\\\\n#17 0x56405a6b3f34 \\\\u003Cunknown>\\\\n#18 0x7f4f7d48a044 \\\\u003Cunknown>\\\\n\"}}'}\n\n    def check_response(self, response: Dict[str, Any]) -> None:\n        \"\"\"Checks that a JSON response from the WebDriver does not have an\n        error.\n    \n        :Args:\n         - response - The JSON response from the WebDriver server as a dictionary\n           object.\n    \n        :Raises: If the response contains an error message.\n        \"\"\"\n        status = response.get(\"status\", None)\n        if not status or status == ErrorCode.SUCCESS:\n            return\n        value = None\n        message = response.get(\"message\", \"\")\n        screen: str = response.get(\"screen\", \"\")\n        stacktrace = None\n        if isinstance(status, int):\n            value_json = response.get(\"value\", None)\n            if value_json and isinstance(value_json, str):\n                import json\n    \n                try:\n                    value = json.loads(value_json)\n                    if len(value) == 1:\n                        value = value[\"value\"]\n                    status = value.get(\"error\", None)\n                    if not status:\n                        status = value.get(\"status\", ErrorCode.UNKNOWN_ERROR)\n                        message = value.get(\"value\") or value.get(\"message\")\n                        if not isinstance(message, str):\n                            value = message\n                            message = message.get(\"message\")\n                    else:\n                        message = value.get(\"message\", None)\n                except ValueError:\n                    pass\n    \n        exception_class: Type[WebDriverException]\n        if status in ErrorCode.NO_SUCH_ELEMENT:\n            exception_class = NoSuchElementException\n        elif status in ErrorCode.NO_SUCH_FRAME:\n            exception_class = NoSuchFrameException\n        elif status in ErrorCode.NO_SUCH_SHADOW_ROOT:\n            exception_class = NoSuchShadowRootException\n        elif status in ErrorCode.NO_SUCH_WINDOW:\n            exception_class = NoSuchWindowException\n        elif status in ErrorCode.STALE_ELEMENT_REFERENCE:\n            exception_class = StaleElementReferenceException\n        elif status in ErrorCode.ELEMENT_NOT_VISIBLE:\n            exception_class = ElementNotVisibleException\n        elif status in ErrorCode.INVALID_ELEMENT_STATE:\n            exception_class = InvalidElementStateException\n        elif (\n            status in ErrorCode.INVALID_SELECTOR\n            or status in ErrorCode.INVALID_XPATH_SELECTOR\n            or status in ErrorCode.INVALID_XPATH_SELECTOR_RETURN_TYPER\n        ):\n            exception_class = InvalidSelectorException\n        elif status in ErrorCode.ELEMENT_IS_NOT_SELECTABLE:\n            exception_class = ElementNotSelectableException\n        elif status in ErrorCode.ELEMENT_NOT_INTERACTABLE:\n            exception_class = ElementNotInteractableException\n        elif status in ErrorCode.INVALID_COOKIE_DOMAIN:\n            exception_class = InvalidCookieDomainException\n        elif status in ErrorCode.UNABLE_TO_SET_COOKIE:\n            exception_class = UnableToSetCookieException\n        elif status in ErrorCode.TIMEOUT:\n            exception_class = TimeoutException\n        elif status in ErrorCode.SCRIPT_TIMEOUT:\n            exception_class = TimeoutException\n        elif status in ErrorCode.UNKNOWN_ERROR:\n            exception_class = WebDriverException\n        elif status in ErrorCode.UNEXPECTED_ALERT_OPEN:\n            exception_class = UnexpectedAlertPresentException\n        elif status in ErrorCode.NO_ALERT_OPEN:\n            exception_class = NoAlertPresentException\n        elif status in ErrorCode.IME_NOT_AVAILABLE:\n            exception_class = ImeNotAvailableException\n        elif status in ErrorCode.IME_ENGINE_ACTIVATION_FAILED:\n            exception_class = ImeActivationFailedException\n        elif status in ErrorCode.MOVE_TARGET_OUT_OF_BOUNDS:\n            exception_class = MoveTargetOutOfBoundsException\n        elif status in ErrorCode.JAVASCRIPT_ERROR:\n            exception_class = JavascriptException\n        elif status in ErrorCode.SESSION_NOT_CREATED:\n            exception_class = SessionNotCreatedException\n        elif status in ErrorCode.INVALID_ARGUMENT:\n            exception_class = InvalidArgumentException\n        elif status in ErrorCode.NO_SUCH_COOKIE:\n            exception_class = NoSuchCookieException\n        elif status in ErrorCode.UNABLE_TO_CAPTURE_SCREEN:\n            exception_class = ScreenshotException\n        elif status in ErrorCode.ELEMENT_CLICK_INTERCEPTED:\n            exception_class = ElementClickInterceptedException\n        elif status in ErrorCode.INSECURE_CERTIFICATE:\n            exception_class = InsecureCertificateException\n        elif status in ErrorCode.INVALID_COORDINATES:\n            exception_class = InvalidCoordinatesException\n        elif status in ErrorCode.INVALID_SESSION_ID:\n            exception_class = InvalidSessionIdException\n        elif status in ErrorCode.UNKNOWN_METHOD:\n            exception_class = UnknownMethodException\n        else:\n            exception_class = WebDriverException\n        if not value:\n            value = response[\"value\"]\n        if isinstance(value, str):\n            raise exception_class(value)\n        if message == \"\" and \"message\" in value:\n            message = value[\"message\"]\n    \n        screen = None  # type: ignore[assignment]\n        if \"screen\" in value:\n            screen = value[\"screen\"]\n    \n        stacktrace = None\n        st_value = value.get(\"stackTrace\") or value.get(\"stacktrace\")\n        if st_value:\n            if isinstance(st_value, str):\n                stacktrace = st_value.split(\"\\n\")\n            else:\n                stacktrace = []\n                try:\n                    for frame in st_value:\n                        line = frame.get(\"lineNumber\", \"\")\n                        file = frame.get(\"fileName\", \"<anonymous>\")\n                        if line:\n                            file = f\"{file}:{line}\"\n                        meth = frame.get(\"methodName\", \"<anonymous>\")\n                        if \"className\" in frame:\n                            meth = f\"{frame['className']}.{meth}\"\n                        msg = \"    at %s (%s)\"\n                        msg = msg % (meth, file)\n                        stacktrace.append(msg)\n                except TypeError:\n                    pass\n        if exception_class == UnexpectedAlertPresentException:\n            alert_text = None\n            if \"data\" in value:\n                alert_text = value[\"data\"].get(\"text\")\n            elif \"alert\" in value:\n                alert_text = value[\"alert\"].get(\"text\")\n            raise exception_class(message, screen, stacktrace, alert_text)  # type: ignore[call-arg]  # mypy is not smart enough here\n>       raise exception_class(message, screen, stacktrace)\nE       selenium.common.exceptions.NoSuchElementException: Message: no such element: Unable to locate element: {\"method\":\"xpath\",\"selector\":\"(//a[@class='add-to-cart yellow-btn'])[1]\"}\nE         (Session info: chrome-headless-shell=121.0.6167.85); For documentation on this error, please visit: https://www.selenium.dev/documentation/webdriver/troubleshooting/errors#no-such-element-exception\nE       Stacktrace:\nE       #0 0x56405a6b4d93 <unknown>\nE       #1 0x56405a398337 <unknown>\nE       #2 0x56405a3e3d60 <unknown>\nE       #3 0x56405a3e3e51 <unknown>\nE       #4 0x56405a427bc4 <unknown>\nE       #5 0x56405a40646d <unknown>\nE       #6 0x56405a42512d <unknown>\nE       #7 0x56405a4061e3 <unknown>\nE       #8 0x56405a3d6135 <unknown>\nE       #9 0x56405a3d713e <unknown>\nE       #10 0x56405a678e4b <unknown>\nE       #11 0x56405a67cdfa <unknown>\nE       #12 0x56405a6656d5 <unknown>\nE       #13 0x56405a67da6f <unknown>\nE       #14 0x56405a64969f <unknown>\nE       #15 0x56405a6a2098 <unknown>\nE       #16 0x56405a6a2262 <unknown>\nE       #17 0x56405a6b3f34 <unknown>\nE       #18 0x7f4f7d48a044 <unknown>\n\n/usr/local/lib/python3.11/site-packages/selenium/webdriver/remote/errorhandler.py:245: NoSuchElementException","steps":[{"name":"Добавляем товар в корзину в количестве 25","time":{"start":1706317744636,"stop":1706317744648,"duration":12},"status":"broken","statusMessage":"selenium.common.exceptions.NoSuchElementException: Message: no such element: Unable to locate element: {\"method\":\"xpath\",\"selector\":\"(//a[@class='add-to-cart yellow-btn'])[1]\"}\n  (Session info: chrome-headless-shell=121.0.6167.85); For documentation on this error, please visit: https://www.selenium.dev/documentation/webdriver/troubleshooting/errors#no-such-element-exception\nStacktrace:\n#0 0x56405a6b4d93 <unknown>\n#1 0x56405a398337 <unknown>\n#2 0x56405a3e3d60 <unknown>\n#3 0x56405a3e3e51 <unknown>\n#4 0x56405a427bc4 <unknown>\n#5 0x56405a40646d <unknown>\n#6 0x56405a42512d <unknown>\n#7 0x56405a4061e3 <unknown>\n#8 0x56405a3d6135 <unknown>\n#9 0x56405a3d713e <unknown>\n#10 0x56405a678e4b <unknown>\n#11 0x56405a67cdfa <unknown>\n#12 0x56405a6656d5 <unknown>\n#13 0x56405a67da6f <unknown>\n#14 0x56405a64969f <unknown>\n#15 0x56405a6a2098 <unknown>\n#16 0x56405a6a2262 <unknown>\n#17 0x56405a6b3f34 <unknown>\n#18 0x7f4f7d48a044 <unknown>\n\n","statusTrace":"  File \"/usr/local/lib/python3.11/site-packages/allure_commons/_allure.py\", line 192, in impl\n    return func(*a, **kw)\n           ^^^^^^^^^^^^^^\n  File \"/app/pages/item_page.py\", line 40, in add_item_to_cart\n    self.find_element(self._add_item).click()\n    ^^^^^^^^^^^^^^^^^^^^^^^^^^^^^^^^^\n  File \"/app/base/seleniumbase.py\", line 17, in find_element\n    return self.driver.find_element(*locator)\n           ^^^^^^^^^^^^^^^^^^^^^^^^^^^^^^^^^^\n  File \"/usr/local/lib/python3.11/site-packages/selenium/webdriver/remote/webdriver.py\", line 740, in find_element\n    return self.execute(Command.FIND_ELEMENT, {\"using\": by, \"value\": value})[\"value\"]\n           ^^^^^^^^^^^^^^^^^^^^^^^^^^^^^^^^^^^^^^^^^^^^^^^^^^^^^^^^^^^^^^^^^\n  File \"/usr/local/lib/python3.11/site-packages/selenium/webdriver/remote/webdriver.py\", line 346, in execute\n    self.error_handler.check_response(response)\n  File \"/usr/local/lib/python3.11/site-packages/selenium/webdriver/remote/errorhandler.py\", line 245, in check_response\n    raise exception_class(message, screen, stacktrace)\n","steps":[],"attachments":[],"parameters":[{"name":"amount","value":"25"}],"shouldDisplayMessage":true,"stepsCount":0,"attachmentsCount":0,"hasContent":true,"attachmentStep":false}],"attachments":[{"uid":"2dcde45e861da63a","name":"Screenshot","source":"2dcde45e861da63a.png","type":"image/png","size":5862},{"uid":"4c65382527e34ae2","name":"HTML source","source":"4c65382527e34ae2.html","type":"text/html","size":39}],"parameters":[],"shouldDisplayMessage":true,"stepsCount":1,"attachmentsCount":2,"hasContent":true,"attachmentStep":false},"afterStages":[{"name":"setup::0","time":{"start":1706317744776,"stop":1706317744776,"duration":0},"status":"passed","steps":[],"attachments":[],"parameters":[],"shouldDisplayMessage":false,"stepsCount":0,"attachmentsCount":0,"hasContent":false,"attachmentStep":false},{"name":"driver::0","time":{"start":1706317744776,"stop":1706317744833,"duration":57},"status":"passed","steps":[],"attachments":[],"parameters":[],"shouldDisplayMessage":false,"stepsCount":0,"attachmentsCount":0,"hasContent":false,"attachmentStep":false}],"labels":[{"name":"epic","value":"Delivery Page - calculation"},{"name":"tag","value":"smoke"},{"name":"parentSuite","value":"tests.delivery"},{"name":"suite","value":"test_delivery_calculation"},{"name":"subSuite","value":"TestDeliveryPageCalculation"},{"name":"host","value":"f9bfe1e128d4"},{"name":"thread","value":"1-MainThread"},{"name":"framework","value":"pytest"},{"name":"language","value":"cpython3"},{"name":"package","value":"tests.delivery.test_delivery_calculation"},{"name":"resultFormat","value":"allure2"}],"parameters":[{"name":"all_time","value":"3320"},{"name":"amount","value":"25"},{"name":"case_id","value":"'TD 019'"},{"name":"in_time","value":"2490"},{"name":"link_item","value":"'products/shtukaturka-gipsovaya-aksolit-m50-30-kg-mashinnogo-naneseniya'"},{"name":"standard","value":"1150"},{"name":"url","value":"'https://sandboxtest.stroyrem-nn.ru/'"},{"name":"weight","value":"1700"}],"links":[],"hidden":false,"retry":false,"extra":{"severity":"normal","retries":[],"categories":[{"name":"Test defects","matchedStatuses":[],"flaky":false}],"history":{"statistic":{"failed":0,"broken":150,"skipped":0,"passed":0,"unknown":0,"total":150},"items":[{"uid":"63a88cddaf83418","reportUrl":"https://zaelcovsky.github.io/StroyremAutomation/213//#testresult/63a88cddaf83418","status":"broken","statusDetails":"selenium.common.exceptions.NoSuchElementException: Message: no such element: Unable to locate element: {\"method\":\"xpath\",\"selector\":\"(//a[@class='add-to-cart yellow-btn'])[1]\"}\n  (Session info: chrome-headless-shell=121.0.6167.85); For documentation on this error, please visit: https://www.selenium.dev/documentation/webdriver/troubleshooting/errors#no-such-element-exception\nStacktrace:\n#0 0x5566c731dd93 <unknown>\n#1 0x5566c7001337 <unknown>\n#2 0x5566c704cd60 <unknown>\n#3 0x5566c704ce51 <unknown>\n#4 0x5566c7090bc4 <unknown>\n#5 0x5566c706f46d <unknown>\n#6 0x5566c708e12d <unknown>\n#7 0x5566c706f1e3 <unknown>\n#8 0x5566c703f135 <unknown>\n#9 0x5566c704013e <unknown>\n#10 0x5566c72e1e4b <unknown>\n#11 0x5566c72e5dfa <unknown>\n#12 0x5566c72ce6d5 <unknown>\n#13 0x5566c72e6a6f <unknown>\n#14 0x5566c72b269f <unknown>\n#15 0x5566c730b098 <unknown>\n#16 0x5566c730b262 <unknown>\n#17 0x5566c731cf34 <unknown>\n#18 0x7f3f90d27044 <unknown>","time":{"start":1706231343111,"stop":1706231343653,"duration":542}},{"uid":"21fe63984af206a9","reportUrl":"https://zaelcovsky.github.io/StroyremAutomation/212//#testresult/21fe63984af206a9","status":"broken","statusDetails":"selenium.common.exceptions.WebDriverException: Message: unknown error: net::ERR_CONNECTION_TIMED_OUT\n  (Session info: chrome-headless-shell=121.0.6167.85)\nStacktrace:\n#0 0x55cc8d57ed93 <unknown>\n#1 0x55cc8d262337 <unknown>\n#2 0x55cc8d25a193 <unknown>\n#3 0x55cc8d24a161 <unknown>\n#4 0x55cc8d24b5cb <unknown>\n#5 0x55cc8d24a414 <unknown>\n#6 0x55cc8d2495e5 <unknown>\n#7 0x55cc8d249557 <unknown>\n#8 0x55cc8d247c1a <unknown>\n#9 0x55cc8d2481ca <unknown>\n#10 0x55cc8d264b6e <unknown>\n#11 0x55cc8d2efd45 <unknown>\n#12 0x55cc8d2d0442 <unknown>\n#13 0x55cc8d2ef12d <unknown>\n#14 0x55cc8d2d01e3 <unknown>\n#15 0x55cc8d2a0135 <unknown>\n#16 0x55cc8d2a113e <unknown>\n#17 0x55cc8d542e4b <unknown>\n#18 0x55cc8d546dfa <unknown>\n#19 0x55cc8d52f6d5 <unknown>\n#20 0x55cc8d547a6f <unknown>\n#21 0x55cc8d51369f <unknown>\n#22 0x55cc8d56c098 <unknown>\n#23 0x55cc8d56c262 <unknown>\n#24 0x55cc8d57df34 <unknown>\n#25 0x7f38c3fd8044 <unknown>","time":{"start":1706147595464,"stop":1706147725647,"duration":130183}},{"uid":"277e6aa2c750a597","reportUrl":"https://zaelcovsky.github.io/StroyremAutomation/211//#testresult/277e6aa2c750a597","status":"broken","statusDetails":"selenium.common.exceptions.WebDriverException: Message: unknown error: net::ERR_CONNECTION_REFUSED\n  (Session info: chrome-headless-shell=121.0.6167.85)\nStacktrace:\n#0 0x5609cb0eed93 <unknown>\n#1 0x5609cadd2337 <unknown>\n#2 0x5609cadca193 <unknown>\n#3 0x5609cadba161 <unknown>\n#4 0x5609cadbb5cb <unknown>\n#5 0x5609cadba414 <unknown>\n#6 0x5609cadb95e5 <unknown>\n#7 0x5609cadb9557 <unknown>\n#8 0x5609cadb7c1a <unknown>\n#9 0x5609cadb81ca <unknown>\n#10 0x5609cadd4b6e <unknown>\n#11 0x5609cae5fd45 <unknown>\n#12 0x5609cae40442 <unknown>\n#13 0x5609cae5f12d <unknown>\n#14 0x5609cae401e3 <unknown>\n#15 0x5609cae10135 <unknown>\n#16 0x5609cae1113e <unknown>\n#17 0x5609cb0b2e4b <unknown>\n#18 0x5609cb0b6dfa <unknown>\n#19 0x5609cb09f6d5 <unknown>\n#20 0x5609cb0b7a6f <unknown>\n#21 0x5609cb08369f <unknown>\n#22 0x5609cb0dc098 <unknown>\n#23 0x5609cb0dc262 <unknown>\n#24 0x5609cb0edf34 <unknown>\n#25 0x7fc429993044 <unknown>","time":{"start":1706058861638,"stop":1706058861811,"duration":173}},{"uid":"86bcb53a9b123fa3","reportUrl":"https://zaelcovsky.github.io/StroyremAutomation/210//#testresult/86bcb53a9b123fa3","status":"broken","statusDetails":"selenium.common.exceptions.WebDriverException: Message: unknown error: net::ERR_CONNECTION_TIMED_OUT\n  (Session info: chrome-headless-shell=120.0.6099.109)\nStacktrace:\n#0 0x558fedf15f83 <unknown>\n#1 0x558fedbcecf7 <unknown>\n#2 0x558fedbc66ea <unknown>\n#3 0x558fedbb55a1 <unknown>\n#4 0x558fedbb6d40 <unknown>\n#5 0x558fedbb5854 <unknown>\n#6 0x558fedbb4586 <unknown>\n#7 0x558fedbb444a <unknown>\n#8 0x558fedbb27e1 <unknown>\n#9 0x558fedbb301a <unknown>\n#10 0x558fedbd1bbe <unknown>\n#11 0x558fedc677a5 <unknown>\n#12 0x558fedc480b2 <unknown>\n#13 0x558fedc67006 <unknown>\n#14 0x558fedc47e53 <unknown>\n#15 0x558fedc0fdd4 <unknown>\n#16 0x558fedc111de <unknown>\n#17 0x558fededa531 <unknown>\n#18 0x558fedede455 <unknown>\n#19 0x558fedec6f55 <unknown>\n#20 0x558fededf0ef <unknown>\n#21 0x558fedeaa99f <unknown>\n#22 0x558fedf03008 <unknown>\n#23 0x558fedf031d7 <unknown>\n#24 0x558fedf15124 <unknown>\n#25 0x7f21eef5c044 <unknown>","time":{"start":1705974845868,"stop":1705974976045,"duration":130177}},{"uid":"4d53646d2db34b8b","reportUrl":"https://zaelcovsky.github.io/StroyremAutomation/209//#testresult/4d53646d2db34b8b","status":"broken","statusDetails":"selenium.common.exceptions.WebDriverException: Message: unknown error: net::ERR_CONNECTION_TIMED_OUT\n  (Session info: chrome-headless-shell=120.0.6099.109)\nStacktrace:\n#0 0x55a065bb0f83 <unknown>\n#1 0x55a065869cf7 <unknown>\n#2 0x55a0658616ea <unknown>\n#3 0x55a0658505a1 <unknown>\n#4 0x55a065851d40 <unknown>\n#5 0x55a065850854 <unknown>\n#6 0x55a06584f586 <unknown>\n#7 0x55a06584f44a <unknown>\n#8 0x55a06584d7e1 <unknown>\n#9 0x55a06584e01a <unknown>\n#10 0x55a06586cbbe <unknown>\n#11 0x55a0659027a5 <unknown>\n#12 0x55a0658e30b2 <unknown>\n#13 0x55a065902006 <unknown>\n#14 0x55a0658e2e53 <unknown>\n#15 0x55a0658aadd4 <unknown>\n#16 0x55a0658ac1de <unknown>\n#17 0x55a065b75531 <unknown>\n#18 0x55a065b79455 <unknown>\n#19 0x55a065b61f55 <unknown>\n#20 0x55a065b7a0ef <unknown>\n#21 0x55a065b4599f <unknown>\n#22 0x55a065b9e008 <unknown>\n#23 0x55a065b9e1d7 <unknown>\n#24 0x55a065bb0124 <unknown>\n#25 0x7f3a39f21044 <unknown>","time":{"start":1705888470673,"stop":1705888600850,"duration":130177}},{"uid":"ab3b402d83d785bd","reportUrl":"https://zaelcovsky.github.io/StroyremAutomation/208//#testresult/ab3b402d83d785bd","status":"broken","statusDetails":"selenium.common.exceptions.WebDriverException: Message: unknown error: net::ERR_CONNECTION_TIMED_OUT\n  (Session info: chrome-headless-shell=120.0.6099.109)\nStacktrace:\n#0 0x564ad0701f83 <unknown>\n#1 0x564ad03bacf7 <unknown>\n#2 0x564ad03b26ea <unknown>\n#3 0x564ad03a15a1 <unknown>\n#4 0x564ad03a2d40 <unknown>\n#5 0x564ad03a1854 <unknown>\n#6 0x564ad03a0586 <unknown>\n#7 0x564ad03a044a <unknown>\n#8 0x564ad039e7e1 <unknown>\n#9 0x564ad039f01a <unknown>\n#10 0x564ad03bdbbe <unknown>\n#11 0x564ad04537a5 <unknown>\n#12 0x564ad04340b2 <unknown>\n#13 0x564ad0453006 <unknown>\n#14 0x564ad0433e53 <unknown>\n#15 0x564ad03fbdd4 <unknown>\n#16 0x564ad03fd1de <unknown>\n#17 0x564ad06c6531 <unknown>\n#18 0x564ad06ca455 <unknown>\n#19 0x564ad06b2f55 <unknown>\n#20 0x564ad06cb0ef <unknown>\n#21 0x564ad069699f <unknown>\n#22 0x564ad06ef008 <unknown>\n#23 0x564ad06ef1d7 <unknown>\n#24 0x564ad0701124 <unknown>\n#25 0x7f861d9aa044 <unknown>","time":{"start":1705802200509,"stop":1705802330682,"duration":130173}},{"uid":"b41912919c8de13b","reportUrl":"https://zaelcovsky.github.io/StroyremAutomation/207//#testresult/b41912919c8de13b","status":"broken","statusDetails":"selenium.common.exceptions.WebDriverException: Message: unknown error: net::ERR_CONNECTION_TIMED_OUT\n  (Session info: chrome-headless-shell=120.0.6099.109)\nStacktrace:\n#0 0x561e556b9f83 <unknown>\n#1 0x561e55372cf7 <unknown>\n#2 0x561e5536a6ea <unknown>\n#3 0x561e553595a1 <unknown>\n#4 0x561e5535ad40 <unknown>\n#5 0x561e55359854 <unknown>\n#6 0x561e55358586 <unknown>\n#7 0x561e5535844a <unknown>\n#8 0x561e553567e1 <unknown>\n#9 0x561e5535701a <unknown>\n#10 0x561e55375bbe <unknown>\n#11 0x561e5540b7a5 <unknown>\n#12 0x561e553ec0b2 <unknown>\n#13 0x561e5540b006 <unknown>\n#14 0x561e553ebe53 <unknown>\n#15 0x561e553b3dd4 <unknown>\n#16 0x561e553b51de <unknown>\n#17 0x561e5567e531 <unknown>\n#18 0x561e55682455 <unknown>\n#19 0x561e5566af55 <unknown>\n#20 0x561e556830ef <unknown>\n#21 0x561e5564e99f <unknown>\n#22 0x561e556a7008 <unknown>\n#23 0x561e556a71d7 <unknown>\n#24 0x561e556b9124 <unknown>\n#25 0x7f069f7ea044 <unknown>","time":{"start":1705715454230,"stop":1705715584401,"duration":130171}},{"uid":"92d5be883d8194c5","reportUrl":"https://zaelcovsky.github.io/StroyremAutomation/206//#testresult/92d5be883d8194c5","status":"broken","statusDetails":"selenium.common.exceptions.WebDriverException: Message: unknown error: net::ERR_CONNECTION_TIMED_OUT\n  (Session info: chrome-headless-shell=120.0.6099.109)\nStacktrace:\n#0 0x55e01c5cbf83 <unknown>\n#1 0x55e01c284cf7 <unknown>\n#2 0x55e01c27c6ea <unknown>\n#3 0x55e01c26b5a1 <unknown>\n#4 0x55e01c26cd40 <unknown>\n#5 0x55e01c26b854 <unknown>\n#6 0x55e01c26a586 <unknown>\n#7 0x55e01c26a44a <unknown>\n#8 0x55e01c2687e1 <unknown>\n#9 0x55e01c26901a <unknown>\n#10 0x55e01c287bbe <unknown>\n#11 0x55e01c31d7a5 <unknown>\n#12 0x55e01c2fe0b2 <unknown>\n#13 0x55e01c31d006 <unknown>\n#14 0x55e01c2fde53 <unknown>\n#15 0x55e01c2c5dd4 <unknown>\n#16 0x55e01c2c71de <unknown>\n#17 0x55e01c590531 <unknown>\n#18 0x55e01c594455 <unknown>\n#19 0x55e01c57cf55 <unknown>\n#20 0x55e01c5950ef <unknown>\n#21 0x55e01c56099f <unknown>\n#22 0x55e01c5b9008 <unknown>\n#23 0x55e01c5b91d7 <unknown>\n#24 0x55e01c5cb124 <unknown>\n#25 0x7fb65737f044 <unknown>","time":{"start":1705629122172,"stop":1705629252345,"duration":130173}},{"uid":"6dad6911aa89d34b","reportUrl":"https://zaelcovsky.github.io/StroyremAutomation/205//#testresult/6dad6911aa89d34b","status":"broken","statusDetails":"selenium.common.exceptions.WebDriverException: Message: unknown error: net::ERR_CONNECTION_TIMED_OUT\n  (Session info: chrome-headless-shell=120.0.6099.109)\nStacktrace:\n#0 0x56527dbb2f83 <unknown>\n#1 0x56527d86bcf7 <unknown>\n#2 0x56527d8636ea <unknown>\n#3 0x56527d8525a1 <unknown>\n#4 0x56527d853d40 <unknown>\n#5 0x56527d852854 <unknown>\n#6 0x56527d851586 <unknown>\n#7 0x56527d85144a <unknown>\n#8 0x56527d84f7e1 <unknown>\n#9 0x56527d85001a <unknown>\n#10 0x56527d86ebbe <unknown>\n#11 0x56527d9047a5 <unknown>\n#12 0x56527d8e50b2 <unknown>\n#13 0x56527d904006 <unknown>\n#14 0x56527d8e4e53 <unknown>\n#15 0x56527d8acdd4 <unknown>\n#16 0x56527d8ae1de <unknown>\n#17 0x56527db77531 <unknown>\n#18 0x56527db7b455 <unknown>\n#19 0x56527db63f55 <unknown>\n#20 0x56527db7c0ef <unknown>\n#21 0x56527db4799f <unknown>\n#22 0x56527dba0008 <unknown>\n#23 0x56527dba01d7 <unknown>\n#24 0x56527dbb2124 <unknown>\n#25 0x7f6de6ff9044 <unknown>","time":{"start":1705542702311,"stop":1705542832480,"duration":130169}},{"uid":"3a313d9ced66c19c","reportUrl":"https://zaelcovsky.github.io/StroyremAutomation/204//#testresult/3a313d9ced66c19c","status":"broken","statusDetails":"selenium.common.exceptions.WebDriverException: Message: unknown error: net::ERR_CONNECTION_TIMED_OUT\n  (Session info: chrome-headless-shell=120.0.6099.109)\nStacktrace:\n#0 0x55e258930f83 <unknown>\n#1 0x55e2585e9cf7 <unknown>\n#2 0x55e2585e16ea <unknown>\n#3 0x55e2585d05a1 <unknown>\n#4 0x55e2585d1d40 <unknown>\n#5 0x55e2585d0854 <unknown>\n#6 0x55e2585cf586 <unknown>\n#7 0x55e2585cf44a <unknown>\n#8 0x55e2585cd7e1 <unknown>\n#9 0x55e2585ce01a <unknown>\n#10 0x55e2585ecbbe <unknown>\n#11 0x55e2586827a5 <unknown>\n#12 0x55e2586630b2 <unknown>\n#13 0x55e258682006 <unknown>\n#14 0x55e258662e53 <unknown>\n#15 0x55e25862add4 <unknown>\n#16 0x55e25862c1de <unknown>\n#17 0x55e2588f5531 <unknown>\n#18 0x55e2588f9455 <unknown>\n#19 0x55e2588e1f55 <unknown>\n#20 0x55e2588fa0ef <unknown>\n#21 0x55e2588c599f <unknown>\n#22 0x55e25891e008 <unknown>\n#23 0x55e25891e1d7 <unknown>\n#24 0x55e258930124 <unknown>\n#25 0x7f17f11dd044 <unknown>","time":{"start":1705456427297,"stop":1705456557464,"duration":130167}},{"uid":"a7aba8ec500b721","reportUrl":"https://zaelcovsky.github.io/StroyremAutomation/203//#testresult/a7aba8ec500b721","status":"broken","statusDetails":"selenium.common.exceptions.WebDriverException: Message: unknown error: net::ERR_CONNECTION_TIMED_OUT\n  (Session info: chrome-headless-shell=120.0.6099.109)\nStacktrace:\n#0 0x55607ba7bf83 <unknown>\n#1 0x55607b734cf7 <unknown>\n#2 0x55607b72c6ea <unknown>\n#3 0x55607b71b5a1 <unknown>\n#4 0x55607b71cd40 <unknown>\n#5 0x55607b71b854 <unknown>\n#6 0x55607b71a586 <unknown>\n#7 0x55607b71a44a <unknown>\n#8 0x55607b7187e1 <unknown>\n#9 0x55607b71901a <unknown>\n#10 0x55607b737bbe <unknown>\n#11 0x55607b7cd7a5 <unknown>\n#12 0x55607b7ae0b2 <unknown>\n#13 0x55607b7cd006 <unknown>\n#14 0x55607b7ade53 <unknown>\n#15 0x55607b775dd4 <unknown>\n#16 0x55607b7771de <unknown>\n#17 0x55607ba40531 <unknown>\n#18 0x55607ba44455 <unknown>\n#19 0x55607ba2cf55 <unknown>\n#20 0x55607ba450ef <unknown>\n#21 0x55607ba1099f <unknown>\n#22 0x55607ba69008 <unknown>\n#23 0x55607ba691d7 <unknown>\n#24 0x55607ba7b124 <unknown>\n#25 0x7f189921a044 <unknown>","time":{"start":1705369922223,"stop":1705370052394,"duration":130171}},{"uid":"af7b143501538ceb","reportUrl":"https://zaelcovsky.github.io/StroyremAutomation/202//#testresult/af7b143501538ceb","status":"broken","statusDetails":"selenium.common.exceptions.NoSuchElementException: Message: no such element: Unable to locate element: {\"method\":\"xpath\",\"selector\":\"(//a[@class='add-to-cart yellow-btn'])[1]\"}\n  (Session info: chrome-headless-shell=120.0.6099.109); For documentation on this error, please visit: https://www.selenium.dev/documentation/webdriver/troubleshooting/errors#no-such-element-exception\nStacktrace:\n#0 0x55592d5b7f83 <unknown>\n#1 0x55592d270cf7 <unknown>\n#2 0x55592d2c099e <unknown>\n#3 0x55592d2c0aa1 <unknown>\n#4 0x55592d30bd64 <unknown>\n#5 0x55592d2ea0dd <unknown>\n#6 0x55592d309006 <unknown>\n#7 0x55592d2e9e53 <unknown>\n#8 0x55592d2b1dd4 <unknown>\n#9 0x55592d2b31de <unknown>\n#10 0x55592d57c531 <unknown>\n#11 0x55592d580455 <unknown>\n#12 0x55592d568f55 <unknown>\n#13 0x55592d5810ef <unknown>\n#14 0x55592d54c99f <unknown>\n#15 0x55592d5a5008 <unknown>\n#16 0x55592d5a51d7 <unknown>\n#17 0x55592d5b7124 <unknown>\n#18 0x7f1ea1973044 <unknown>","time":{"start":1705281337669,"stop":1705281338081,"duration":412}},{"uid":"4d5a2be381d35c3f","reportUrl":"https://zaelcovsky.github.io/StroyremAutomation/201//#testresult/4d5a2be381d35c3f","status":"broken","statusDetails":"selenium.common.exceptions.NoSuchElementException: Message: no such element: Unable to locate element: {\"method\":\"xpath\",\"selector\":\"(//a[@class='add-to-cart yellow-btn'])[1]\"}\n  (Session info: chrome-headless-shell=120.0.6099.109); For documentation on this error, please visit: https://www.selenium.dev/documentation/webdriver/troubleshooting/errors#no-such-element-exception\nStacktrace:\n#0 0x55bcfcff8f83 <unknown>\n#1 0x55bcfccb1cf7 <unknown>\n#2 0x55bcfcd0199e <unknown>\n#3 0x55bcfcd01aa1 <unknown>\n#4 0x55bcfcd4cd64 <unknown>\n#5 0x55bcfcd2b0dd <unknown>\n#6 0x55bcfcd4a006 <unknown>\n#7 0x55bcfcd2ae53 <unknown>\n#8 0x55bcfccf2dd4 <unknown>\n#9 0x55bcfccf41de <unknown>\n#10 0x55bcfcfbd531 <unknown>\n#11 0x55bcfcfc1455 <unknown>\n#12 0x55bcfcfa9f55 <unknown>\n#13 0x55bcfcfc20ef <unknown>\n#14 0x55bcfcf8d99f <unknown>\n#15 0x55bcfcfe6008 <unknown>\n#16 0x55bcfcfe61d7 <unknown>\n#17 0x55bcfcff8124 <unknown>\n#18 0x7f34d33fb044 <unknown>","time":{"start":1705195122558,"stop":1705195123098,"duration":540}},{"uid":"3739ebcf0b4bacf1","reportUrl":"https://zaelcovsky.github.io/StroyremAutomation/200//#testresult/3739ebcf0b4bacf1","status":"broken","statusDetails":"selenium.common.exceptions.NoSuchElementException: Message: no such element: Unable to locate element: {\"method\":\"xpath\",\"selector\":\"(//a[@class='add-to-cart yellow-btn'])[1]\"}\n  (Session info: chrome-headless-shell=120.0.6099.109); For documentation on this error, please visit: https://www.selenium.dev/documentation/webdriver/troubleshooting/errors#no-such-element-exception\nStacktrace:\n#0 0x563fd4a3cf83 <unknown>\n#1 0x563fd46f5cf7 <unknown>\n#2 0x563fd474599e <unknown>\n#3 0x563fd4745aa1 <unknown>\n#4 0x563fd4790d64 <unknown>\n#5 0x563fd476f0dd <unknown>\n#6 0x563fd478e006 <unknown>\n#7 0x563fd476ee53 <unknown>\n#8 0x563fd4736dd4 <unknown>\n#9 0x563fd47381de <unknown>\n#10 0x563fd4a01531 <unknown>\n#11 0x563fd4a05455 <unknown>\n#12 0x563fd49edf55 <unknown>\n#13 0x563fd4a060ef <unknown>\n#14 0x563fd49d199f <unknown>\n#15 0x563fd4a2a008 <unknown>\n#16 0x563fd4a2a1d7 <unknown>\n#17 0x563fd4a3c124 <unknown>\n#18 0x7f80ead69044 <unknown>","time":{"start":1705108406175,"stop":1705108406715,"duration":540}},{"uid":"54caf461e78e1f05","reportUrl":"https://zaelcovsky.github.io/StroyremAutomation/199//#testresult/54caf461e78e1f05","status":"broken","statusDetails":"selenium.common.exceptions.NoSuchElementException: Message: no such element: Unable to locate element: {\"method\":\"xpath\",\"selector\":\"(//a[@class='add-to-cart yellow-btn'])[1]\"}\n  (Session info: chrome-headless-shell=120.0.6099.109); For documentation on this error, please visit: https://www.selenium.dev/documentation/webdriver/troubleshooting/errors#no-such-element-exception\nStacktrace:\n#0 0x56192bc1ff83 <unknown>\n#1 0x56192b8d8cf7 <unknown>\n#2 0x56192b92899e <unknown>\n#3 0x56192b928aa1 <unknown>\n#4 0x56192b973d64 <unknown>\n#5 0x56192b9520dd <unknown>\n#6 0x56192b971006 <unknown>\n#7 0x56192b951e53 <unknown>\n#8 0x56192b919dd4 <unknown>\n#9 0x56192b91b1de <unknown>\n#10 0x56192bbe4531 <unknown>\n#11 0x56192bbe8455 <unknown>\n#12 0x56192bbd0f55 <unknown>\n#13 0x56192bbe90ef <unknown>\n#14 0x56192bbb499f <unknown>\n#15 0x56192bc0d008 <unknown>\n#16 0x56192bc0d1d7 <unknown>\n#17 0x56192bc1f124 <unknown>\n#18 0x7f5ab053c044 <unknown>","time":{"start":1705022049662,"stop":1705022050302,"duration":640}},{"uid":"ed62892751846fa9","reportUrl":"https://zaelcovsky.github.io/StroyremAutomation/198//#testresult/ed62892751846fa9","status":"broken","statusDetails":"selenium.common.exceptions.NoSuchElementException: Message: no such element: Unable to locate element: {\"method\":\"xpath\",\"selector\":\"(//a[@class='add-to-cart yellow-btn'])[1]\"}\n  (Session info: chrome-headless-shell=120.0.6099.109); For documentation on this error, please visit: https://www.selenium.dev/documentation/webdriver/troubleshooting/errors#no-such-element-exception\nStacktrace:\n#0 0x563081a3ff83 <unknown>\n#1 0x5630816f8cf7 <unknown>\n#2 0x56308174899e <unknown>\n#3 0x563081748aa1 <unknown>\n#4 0x563081793d64 <unknown>\n#5 0x5630817720dd <unknown>\n#6 0x563081791006 <unknown>\n#7 0x563081771e53 <unknown>\n#8 0x563081739dd4 <unknown>\n#9 0x56308173b1de <unknown>\n#10 0x563081a04531 <unknown>\n#11 0x563081a08455 <unknown>\n#12 0x5630819f0f55 <unknown>\n#13 0x563081a090ef <unknown>\n#14 0x5630819d499f <unknown>\n#15 0x563081a2d008 <unknown>\n#16 0x563081a2d1d7 <unknown>\n#17 0x563081a3f124 <unknown>\n#18 0x7f3ec1bce044 <unknown>","time":{"start":1704935574655,"stop":1704935575236,"duration":581}},{"uid":"867d62da1db75fc1","reportUrl":"https://zaelcovsky.github.io/StroyremAutomation/197//#testresult/867d62da1db75fc1","status":"broken","statusDetails":"selenium.common.exceptions.NoSuchElementException: Message: no such element: Unable to locate element: {\"method\":\"xpath\",\"selector\":\"(//a[@class='add-to-cart yellow-btn'])[1]\"}\n  (Session info: chrome-headless-shell=120.0.6099.109); For documentation on this error, please visit: https://www.selenium.dev/documentation/webdriver/troubleshooting/errors#no-such-element-exception\nStacktrace:\n#0 0x564a2faa6f83 <unknown>\n#1 0x564a2f75fcf7 <unknown>\n#2 0x564a2f7af99e <unknown>\n#3 0x564a2f7afaa1 <unknown>\n#4 0x564a2f7fad64 <unknown>\n#5 0x564a2f7d90dd <unknown>\n#6 0x564a2f7f8006 <unknown>\n#7 0x564a2f7d8e53 <unknown>\n#8 0x564a2f7a0dd4 <unknown>\n#9 0x564a2f7a21de <unknown>\n#10 0x564a2fa6b531 <unknown>\n#11 0x564a2fa6f455 <unknown>\n#12 0x564a2fa57f55 <unknown>\n#13 0x564a2fa700ef <unknown>\n#14 0x564a2fa3b99f <unknown>\n#15 0x564a2fa94008 <unknown>\n#16 0x564a2fa941d7 <unknown>\n#17 0x564a2faa6124 <unknown>\n#18 0x7f8b69c56044 <unknown>","time":{"start":1704849170913,"stop":1704849171367,"duration":454}},{"uid":"67d213719b997442","reportUrl":"https://zaelcovsky.github.io/StroyremAutomation/196//#testresult/67d213719b997442","status":"broken","statusDetails":"selenium.common.exceptions.NoSuchElementException: Message: no such element: Unable to locate element: {\"method\":\"xpath\",\"selector\":\"(//a[@class='add-to-cart yellow-btn'])[1]\"}\n  (Session info: chrome-headless-shell=120.0.6099.109); For documentation on this error, please visit: https://www.selenium.dev/documentation/webdriver/troubleshooting/errors#no-such-element-exception\nStacktrace:\n#0 0x55afecc04f83 <unknown>\n#1 0x55afec8bdcf7 <unknown>\n#2 0x55afec90d99e <unknown>\n#3 0x55afec90daa1 <unknown>\n#4 0x55afec958d64 <unknown>\n#5 0x55afec9370dd <unknown>\n#6 0x55afec956006 <unknown>\n#7 0x55afec936e53 <unknown>\n#8 0x55afec8fedd4 <unknown>\n#9 0x55afec9001de <unknown>\n#10 0x55afecbc9531 <unknown>\n#11 0x55afecbcd455 <unknown>\n#12 0x55afecbb5f55 <unknown>\n#13 0x55afecbce0ef <unknown>\n#14 0x55afecb9999f <unknown>\n#15 0x55afecbf2008 <unknown>\n#16 0x55afecbf21d7 <unknown>\n#17 0x55afecc04124 <unknown>\n#18 0x7f4d30c35044 <unknown>","time":{"start":1704762769973,"stop":1704762770320,"duration":347}},{"uid":"bfe12c2a0a950488","reportUrl":"https://zaelcovsky.github.io/StroyremAutomation/195//#testresult/bfe12c2a0a950488","status":"broken","statusDetails":"selenium.common.exceptions.NoSuchElementException: Message: no such element: Unable to locate element: {\"method\":\"xpath\",\"selector\":\"(//a[@class='add-to-cart yellow-btn'])[1]\"}\n  (Session info: chrome-headless-shell=120.0.6099.109); For documentation on this error, please visit: https://www.selenium.dev/documentation/webdriver/troubleshooting/errors#no-such-element-exception\nStacktrace:\n#0 0x55e08286ef83 <unknown>\n#1 0x55e082527cf7 <unknown>\n#2 0x55e08257799e <unknown>\n#3 0x55e082577aa1 <unknown>\n#4 0x55e0825c2d64 <unknown>\n#5 0x55e0825a10dd <unknown>\n#6 0x55e0825c0006 <unknown>\n#7 0x55e0825a0e53 <unknown>\n#8 0x55e082568dd4 <unknown>\n#9 0x55e08256a1de <unknown>\n#10 0x55e082833531 <unknown>\n#11 0x55e082837455 <unknown>\n#12 0x55e08281ff55 <unknown>\n#13 0x55e0828380ef <unknown>\n#14 0x55e08280399f <unknown>\n#15 0x55e08285c008 <unknown>\n#16 0x55e08285c1d7 <unknown>\n#17 0x55e08286e124 <unknown>\n#18 0x7f7e4ee87044 <unknown>","time":{"start":1704676471682,"stop":1704676472293,"duration":611}},{"uid":"667951fd0fd788ea","reportUrl":"https://zaelcovsky.github.io/StroyremAutomation/194//#testresult/667951fd0fd788ea","status":"broken","statusDetails":"selenium.common.exceptions.NoSuchElementException: Message: no such element: Unable to locate element: {\"method\":\"xpath\",\"selector\":\"(//a[@class='add-to-cart yellow-btn'])[1]\"}\n  (Session info: chrome-headless-shell=120.0.6099.109); For documentation on this error, please visit: https://www.selenium.dev/documentation/webdriver/troubleshooting/errors#no-such-element-exception\nStacktrace:\n#0 0x564e9beadf83 <unknown>\n#1 0x564e9bb66cf7 <unknown>\n#2 0x564e9bbb699e <unknown>\n#3 0x564e9bbb6aa1 <unknown>\n#4 0x564e9bc01d64 <unknown>\n#5 0x564e9bbe00dd <unknown>\n#6 0x564e9bbff006 <unknown>\n#7 0x564e9bbdfe53 <unknown>\n#8 0x564e9bba7dd4 <unknown>\n#9 0x564e9bba91de <unknown>\n#10 0x564e9be72531 <unknown>\n#11 0x564e9be76455 <unknown>\n#12 0x564e9be5ef55 <unknown>\n#13 0x564e9be770ef <unknown>\n#14 0x564e9be4299f <unknown>\n#15 0x564e9be9b008 <unknown>\n#16 0x564e9be9b1d7 <unknown>\n#17 0x564e9bead124 <unknown>\n#18 0x7fdbfb486044 <unknown>","time":{"start":1704590370372,"stop":1704590370822,"duration":450}}]},"tags":["smoke"]},"source":"1cec31cc2ecc82a5.json","parameterValues":["3320","25","'TD 019'","2490","'products/shtukaturka-gipsovaya-aksolit-m50-30-kg-mashinnogo-naneseniya'","1150","'https://sandboxtest.stroyrem-nn.ru/'","1700"]}