{"uid":"4a492a900226bb13","name":"TC 004 - Функционал блока 'Советы от профессионалов ремонта'","fullName":"tests.test_main_page.TestMainPage#test_positive_building_advices1_smoke","historyId":"8f74894ce1cb6b6ad9bcc58447cc610b","time":{"start":1708477312681,"stop":1708477312695,"duration":14},"status":"broken","statusMessage":"selenium.common.exceptions.NoSuchElementException: Message: no such element: Unable to locate element: {\"method\":\"xpath\",\"selector\":\"//div[@class='page-block articles-block']\"}\n  (Session info: chrome-headless-shell=122.0.6261.57); For documentation on this error, please visit: https://www.selenium.dev/documentation/webdriver/troubleshooting/errors#no-such-element-exception\nStacktrace:\n#0 0x55b6240cb7d3 <unknown>\n#1 0x55b623dbf1c6 <unknown>\n#2 0x55b623e0a358 <unknown>\n#3 0x55b623e0a411 <unknown>\n#4 0x55b623e4d934 <unknown>\n#5 0x55b623e2c3fd <unknown>\n#6 0x55b623e4add9 <unknown>\n#7 0x55b623e2c173 <unknown>\n#8 0x55b623dfd2d3 <unknown>\n#9 0x55b623dfdc9e <unknown>\n#10 0x55b62408f90b <unknown>\n#11 0x55b624093785 <unknown>\n#12 0x55b62407c321 <unknown>\n#13 0x55b624094312 <unknown>\n#14 0x55b6240601bf <unknown>\n#15 0x55b6240b9e08 <unknown>\n#16 0x55b6240ba003 <unknown>\n#17 0x55b6240ca984 <unknown>\n#18 0x7fc373465134 <unknown>","statusTrace":"self = <tests.test_main_page.TestMainPage object at 0x7f2c33c960d0>\nmain_page = <pages.main_page.MainPage object at 0x7f2c33a69090>\n\n    @allure.title(\"TC 004 - Функционал блока 'Советы от профессионалов ремонта'\")\n    @pytest.mark.smoke_test\n    def test_positive_building_advices1_smoke(self, main_page):\n>       items = main_page.get_building_advices_section()\n\ntests/test_main_page.py:45: \n_ _ _ _ _ _ _ _ _ _ _ _ _ _ _ _ _ _ _ _ _ _ _ _ _ _ _ _ _ _ _ _ _ _ _ _ _ _ _ _ \npages/main_page.py:78: in get_building_advices_section\n    section = self.driver.find_element(*self._building_advices_section)\n/usr/local/lib/python3.11/site-packages/selenium/webdriver/remote/webdriver.py:740: in find_element\n    return self.execute(Command.FIND_ELEMENT, {\"using\": by, \"value\": value})[\"value\"]\n/usr/local/lib/python3.11/site-packages/selenium/webdriver/remote/webdriver.py:346: in execute\n    self.error_handler.check_response(response)\n_ _ _ _ _ _ _ _ _ _ _ _ _ _ _ _ _ _ _ _ _ _ _ _ _ _ _ _ _ _ _ _ _ _ _ _ _ _ _ _ \n\nself = <selenium.webdriver.remote.errorhandler.ErrorHandler object at 0x7f2c339814d0>\nresponse = {'status': 404, 'value': '{\"value\":{\"error\":\"no such element\",\"message\":\"no such element: Unable to locate element: {\\...\\\\n#16 0x55b6240ba003 \\\\u003Cunknown>\\\\n#17 0x55b6240ca984 \\\\u003Cunknown>\\\\n#18 0x7fc373465134 \\\\u003Cunknown>\\\\n\"}}'}\n\n    def check_response(self, response: Dict[str, Any]) -> None:\n        \"\"\"Checks that a JSON response from the WebDriver does not have an\n        error.\n    \n        :Args:\n         - response - The JSON response from the WebDriver server as a dictionary\n           object.\n    \n        :Raises: If the response contains an error message.\n        \"\"\"\n        status = response.get(\"status\", None)\n        if not status or status == ErrorCode.SUCCESS:\n            return\n        value = None\n        message = response.get(\"message\", \"\")\n        screen: str = response.get(\"screen\", \"\")\n        stacktrace = None\n        if isinstance(status, int):\n            value_json = response.get(\"value\", None)\n            if value_json and isinstance(value_json, str):\n                import json\n    \n                try:\n                    value = json.loads(value_json)\n                    if len(value) == 1:\n                        value = value[\"value\"]\n                    status = value.get(\"error\", None)\n                    if not status:\n                        status = value.get(\"status\", ErrorCode.UNKNOWN_ERROR)\n                        message = value.get(\"value\") or value.get(\"message\")\n                        if not isinstance(message, str):\n                            value = message\n                            message = message.get(\"message\")\n                    else:\n                        message = value.get(\"message\", None)\n                except ValueError:\n                    pass\n    \n        exception_class: Type[WebDriverException]\n        if status in ErrorCode.NO_SUCH_ELEMENT:\n            exception_class = NoSuchElementException\n        elif status in ErrorCode.NO_SUCH_FRAME:\n            exception_class = NoSuchFrameException\n        elif status in ErrorCode.NO_SUCH_SHADOW_ROOT:\n            exception_class = NoSuchShadowRootException\n        elif status in ErrorCode.NO_SUCH_WINDOW:\n            exception_class = NoSuchWindowException\n        elif status in ErrorCode.STALE_ELEMENT_REFERENCE:\n            exception_class = StaleElementReferenceException\n        elif status in ErrorCode.ELEMENT_NOT_VISIBLE:\n            exception_class = ElementNotVisibleException\n        elif status in ErrorCode.INVALID_ELEMENT_STATE:\n            exception_class = InvalidElementStateException\n        elif (\n            status in ErrorCode.INVALID_SELECTOR\n            or status in ErrorCode.INVALID_XPATH_SELECTOR\n            or status in ErrorCode.INVALID_XPATH_SELECTOR_RETURN_TYPER\n        ):\n            exception_class = InvalidSelectorException\n        elif status in ErrorCode.ELEMENT_IS_NOT_SELECTABLE:\n            exception_class = ElementNotSelectableException\n        elif status in ErrorCode.ELEMENT_NOT_INTERACTABLE:\n            exception_class = ElementNotInteractableException\n        elif status in ErrorCode.INVALID_COOKIE_DOMAIN:\n            exception_class = InvalidCookieDomainException\n        elif status in ErrorCode.UNABLE_TO_SET_COOKIE:\n            exception_class = UnableToSetCookieException\n        elif status in ErrorCode.TIMEOUT:\n            exception_class = TimeoutException\n        elif status in ErrorCode.SCRIPT_TIMEOUT:\n            exception_class = TimeoutException\n        elif status in ErrorCode.UNKNOWN_ERROR:\n            exception_class = WebDriverException\n        elif status in ErrorCode.UNEXPECTED_ALERT_OPEN:\n            exception_class = UnexpectedAlertPresentException\n        elif status in ErrorCode.NO_ALERT_OPEN:\n            exception_class = NoAlertPresentException\n        elif status in ErrorCode.IME_NOT_AVAILABLE:\n            exception_class = ImeNotAvailableException\n        elif status in ErrorCode.IME_ENGINE_ACTIVATION_FAILED:\n            exception_class = ImeActivationFailedException\n        elif status in ErrorCode.MOVE_TARGET_OUT_OF_BOUNDS:\n            exception_class = MoveTargetOutOfBoundsException\n        elif status in ErrorCode.JAVASCRIPT_ERROR:\n            exception_class = JavascriptException\n        elif status in ErrorCode.SESSION_NOT_CREATED:\n            exception_class = SessionNotCreatedException\n        elif status in ErrorCode.INVALID_ARGUMENT:\n            exception_class = InvalidArgumentException\n        elif status in ErrorCode.NO_SUCH_COOKIE:\n            exception_class = NoSuchCookieException\n        elif status in ErrorCode.UNABLE_TO_CAPTURE_SCREEN:\n            exception_class = ScreenshotException\n        elif status in ErrorCode.ELEMENT_CLICK_INTERCEPTED:\n            exception_class = ElementClickInterceptedException\n        elif status in ErrorCode.INSECURE_CERTIFICATE:\n            exception_class = InsecureCertificateException\n        elif status in ErrorCode.INVALID_COORDINATES:\n            exception_class = InvalidCoordinatesException\n        elif status in ErrorCode.INVALID_SESSION_ID:\n            exception_class = InvalidSessionIdException\n        elif status in ErrorCode.UNKNOWN_METHOD:\n            exception_class = UnknownMethodException\n        else:\n            exception_class = WebDriverException\n        if not value:\n            value = response[\"value\"]\n        if isinstance(value, str):\n            raise exception_class(value)\n        if message == \"\" and \"message\" in value:\n            message = value[\"message\"]\n    \n        screen = None  # type: ignore[assignment]\n        if \"screen\" in value:\n            screen = value[\"screen\"]\n    \n        stacktrace = None\n        st_value = value.get(\"stackTrace\") or value.get(\"stacktrace\")\n        if st_value:\n            if isinstance(st_value, str):\n                stacktrace = st_value.split(\"\\n\")\n            else:\n                stacktrace = []\n                try:\n                    for frame in st_value:\n                        line = frame.get(\"lineNumber\", \"\")\n                        file = frame.get(\"fileName\", \"<anonymous>\")\n                        if line:\n                            file = f\"{file}:{line}\"\n                        meth = frame.get(\"methodName\", \"<anonymous>\")\n                        if \"className\" in frame:\n                            meth = f\"{frame['className']}.{meth}\"\n                        msg = \"    at %s (%s)\"\n                        msg = msg % (meth, file)\n                        stacktrace.append(msg)\n                except TypeError:\n                    pass\n        if exception_class == UnexpectedAlertPresentException:\n            alert_text = None\n            if \"data\" in value:\n                alert_text = value[\"data\"].get(\"text\")\n            elif \"alert\" in value:\n                alert_text = value[\"alert\"].get(\"text\")\n            raise exception_class(message, screen, stacktrace, alert_text)  # type: ignore[call-arg]  # mypy is not smart enough here\n>       raise exception_class(message, screen, stacktrace)\nE       selenium.common.exceptions.NoSuchElementException: Message: no such element: Unable to locate element: {\"method\":\"xpath\",\"selector\":\"//div[@class='page-block articles-block']\"}\nE         (Session info: chrome-headless-shell=122.0.6261.57); For documentation on this error, please visit: https://www.selenium.dev/documentation/webdriver/troubleshooting/errors#no-such-element-exception\nE       Stacktrace:\nE       #0 0x55b6240cb7d3 <unknown>\nE       #1 0x55b623dbf1c6 <unknown>\nE       #2 0x55b623e0a358 <unknown>\nE       #3 0x55b623e0a411 <unknown>\nE       #4 0x55b623e4d934 <unknown>\nE       #5 0x55b623e2c3fd <unknown>\nE       #6 0x55b623e4add9 <unknown>\nE       #7 0x55b623e2c173 <unknown>\nE       #8 0x55b623dfd2d3 <unknown>\nE       #9 0x55b623dfdc9e <unknown>\nE       #10 0x55b62408f90b <unknown>\nE       #11 0x55b624093785 <unknown>\nE       #12 0x55b62407c321 <unknown>\nE       #13 0x55b624094312 <unknown>\nE       #14 0x55b6240601bf <unknown>\nE       #15 0x55b6240b9e08 <unknown>\nE       #16 0x55b6240ba003 <unknown>\nE       #17 0x55b6240ca984 <unknown>\nE       #18 0x7fc373465134 <unknown>\n\n/usr/local/lib/python3.11/site-packages/selenium/webdriver/remote/errorhandler.py:245: NoSuchElementException","flaky":false,"newFailed":false,"newBroken":false,"newPassed":false,"retriesCount":0,"retriesStatusChange":false,"beforeStages":[{"name":"_session_faker","time":{"start":1708477245820,"stop":1708477245887,"duration":67},"status":"passed","steps":[],"attachments":[],"parameters":[],"shouldDisplayMessage":false,"stepsCount":0,"attachmentsCount":0,"hasContent":false,"attachmentStep":false},{"name":"clear_allure_results_folder","time":{"start":1708477245887,"stop":1708477245887,"duration":0},"status":"passed","steps":[],"attachments":[],"parameters":[],"shouldDisplayMessage":false,"stepsCount":0,"attachmentsCount":0,"hasContent":false,"attachmentStep":false},{"name":"driver","time":{"start":1708477311207,"stop":1708477311939,"duration":732},"status":"passed","steps":[],"attachments":[],"parameters":[],"shouldDisplayMessage":false,"stepsCount":0,"attachmentsCount":0,"hasContent":false,"attachmentStep":false},{"name":"setup","time":{"start":1708477311939,"stop":1708477311939,"duration":0},"status":"passed","steps":[],"attachments":[],"parameters":[],"shouldDisplayMessage":false,"stepsCount":0,"attachmentsCount":0,"hasContent":false,"attachmentStep":false},{"name":"main_page","time":{"start":1708477311939,"stop":1708477312681,"duration":742},"status":"passed","steps":[],"attachments":[],"parameters":[],"shouldDisplayMessage":false,"stepsCount":0,"attachmentsCount":0,"hasContent":false,"attachmentStep":false}],"testStage":{"status":"broken","statusMessage":"selenium.common.exceptions.NoSuchElementException: Message: no such element: Unable to locate element: {\"method\":\"xpath\",\"selector\":\"//div[@class='page-block articles-block']\"}\n  (Session info: chrome-headless-shell=122.0.6261.57); For documentation on this error, please visit: https://www.selenium.dev/documentation/webdriver/troubleshooting/errors#no-such-element-exception\nStacktrace:\n#0 0x55b6240cb7d3 <unknown>\n#1 0x55b623dbf1c6 <unknown>\n#2 0x55b623e0a358 <unknown>\n#3 0x55b623e0a411 <unknown>\n#4 0x55b623e4d934 <unknown>\n#5 0x55b623e2c3fd <unknown>\n#6 0x55b623e4add9 <unknown>\n#7 0x55b623e2c173 <unknown>\n#8 0x55b623dfd2d3 <unknown>\n#9 0x55b623dfdc9e <unknown>\n#10 0x55b62408f90b <unknown>\n#11 0x55b624093785 <unknown>\n#12 0x55b62407c321 <unknown>\n#13 0x55b624094312 <unknown>\n#14 0x55b6240601bf <unknown>\n#15 0x55b6240b9e08 <unknown>\n#16 0x55b6240ba003 <unknown>\n#17 0x55b6240ca984 <unknown>\n#18 0x7fc373465134 <unknown>","statusTrace":"self = <tests.test_main_page.TestMainPage object at 0x7f2c33c960d0>\nmain_page = <pages.main_page.MainPage object at 0x7f2c33a69090>\n\n    @allure.title(\"TC 004 - Функционал блока 'Советы от профессионалов ремонта'\")\n    @pytest.mark.smoke_test\n    def test_positive_building_advices1_smoke(self, main_page):\n>       items = main_page.get_building_advices_section()\n\ntests/test_main_page.py:45: \n_ _ _ _ _ _ _ _ _ _ _ _ _ _ _ _ _ _ _ _ _ _ _ _ _ _ _ _ _ _ _ _ _ _ _ _ _ _ _ _ \npages/main_page.py:78: in get_building_advices_section\n    section = self.driver.find_element(*self._building_advices_section)\n/usr/local/lib/python3.11/site-packages/selenium/webdriver/remote/webdriver.py:740: in find_element\n    return self.execute(Command.FIND_ELEMENT, {\"using\": by, \"value\": value})[\"value\"]\n/usr/local/lib/python3.11/site-packages/selenium/webdriver/remote/webdriver.py:346: in execute\n    self.error_handler.check_response(response)\n_ _ _ _ _ _ _ _ _ _ _ _ _ _ _ _ _ _ _ _ _ _ _ _ _ _ _ _ _ _ _ _ _ _ _ _ _ _ _ _ \n\nself = <selenium.webdriver.remote.errorhandler.ErrorHandler object at 0x7f2c339814d0>\nresponse = {'status': 404, 'value': '{\"value\":{\"error\":\"no such element\",\"message\":\"no such element: Unable to locate element: {\\...\\\\n#16 0x55b6240ba003 \\\\u003Cunknown>\\\\n#17 0x55b6240ca984 \\\\u003Cunknown>\\\\n#18 0x7fc373465134 \\\\u003Cunknown>\\\\n\"}}'}\n\n    def check_response(self, response: Dict[str, Any]) -> None:\n        \"\"\"Checks that a JSON response from the WebDriver does not have an\n        error.\n    \n        :Args:\n         - response - The JSON response from the WebDriver server as a dictionary\n           object.\n    \n        :Raises: If the response contains an error message.\n        \"\"\"\n        status = response.get(\"status\", None)\n        if not status or status == ErrorCode.SUCCESS:\n            return\n        value = None\n        message = response.get(\"message\", \"\")\n        screen: str = response.get(\"screen\", \"\")\n        stacktrace = None\n        if isinstance(status, int):\n            value_json = response.get(\"value\", None)\n            if value_json and isinstance(value_json, str):\n                import json\n    \n                try:\n                    value = json.loads(value_json)\n                    if len(value) == 1:\n                        value = value[\"value\"]\n                    status = value.get(\"error\", None)\n                    if not status:\n                        status = value.get(\"status\", ErrorCode.UNKNOWN_ERROR)\n                        message = value.get(\"value\") or value.get(\"message\")\n                        if not isinstance(message, str):\n                            value = message\n                            message = message.get(\"message\")\n                    else:\n                        message = value.get(\"message\", None)\n                except ValueError:\n                    pass\n    \n        exception_class: Type[WebDriverException]\n        if status in ErrorCode.NO_SUCH_ELEMENT:\n            exception_class = NoSuchElementException\n        elif status in ErrorCode.NO_SUCH_FRAME:\n            exception_class = NoSuchFrameException\n        elif status in ErrorCode.NO_SUCH_SHADOW_ROOT:\n            exception_class = NoSuchShadowRootException\n        elif status in ErrorCode.NO_SUCH_WINDOW:\n            exception_class = NoSuchWindowException\n        elif status in ErrorCode.STALE_ELEMENT_REFERENCE:\n            exception_class = StaleElementReferenceException\n        elif status in ErrorCode.ELEMENT_NOT_VISIBLE:\n            exception_class = ElementNotVisibleException\n        elif status in ErrorCode.INVALID_ELEMENT_STATE:\n            exception_class = InvalidElementStateException\n        elif (\n            status in ErrorCode.INVALID_SELECTOR\n            or status in ErrorCode.INVALID_XPATH_SELECTOR\n            or status in ErrorCode.INVALID_XPATH_SELECTOR_RETURN_TYPER\n        ):\n            exception_class = InvalidSelectorException\n        elif status in ErrorCode.ELEMENT_IS_NOT_SELECTABLE:\n            exception_class = ElementNotSelectableException\n        elif status in ErrorCode.ELEMENT_NOT_INTERACTABLE:\n            exception_class = ElementNotInteractableException\n        elif status in ErrorCode.INVALID_COOKIE_DOMAIN:\n            exception_class = InvalidCookieDomainException\n        elif status in ErrorCode.UNABLE_TO_SET_COOKIE:\n            exception_class = UnableToSetCookieException\n        elif status in ErrorCode.TIMEOUT:\n            exception_class = TimeoutException\n        elif status in ErrorCode.SCRIPT_TIMEOUT:\n            exception_class = TimeoutException\n        elif status in ErrorCode.UNKNOWN_ERROR:\n            exception_class = WebDriverException\n        elif status in ErrorCode.UNEXPECTED_ALERT_OPEN:\n            exception_class = UnexpectedAlertPresentException\n        elif status in ErrorCode.NO_ALERT_OPEN:\n            exception_class = NoAlertPresentException\n        elif status in ErrorCode.IME_NOT_AVAILABLE:\n            exception_class = ImeNotAvailableException\n        elif status in ErrorCode.IME_ENGINE_ACTIVATION_FAILED:\n            exception_class = ImeActivationFailedException\n        elif status in ErrorCode.MOVE_TARGET_OUT_OF_BOUNDS:\n            exception_class = MoveTargetOutOfBoundsException\n        elif status in ErrorCode.JAVASCRIPT_ERROR:\n            exception_class = JavascriptException\n        elif status in ErrorCode.SESSION_NOT_CREATED:\n            exception_class = SessionNotCreatedException\n        elif status in ErrorCode.INVALID_ARGUMENT:\n            exception_class = InvalidArgumentException\n        elif status in ErrorCode.NO_SUCH_COOKIE:\n            exception_class = NoSuchCookieException\n        elif status in ErrorCode.UNABLE_TO_CAPTURE_SCREEN:\n            exception_class = ScreenshotException\n        elif status in ErrorCode.ELEMENT_CLICK_INTERCEPTED:\n            exception_class = ElementClickInterceptedException\n        elif status in ErrorCode.INSECURE_CERTIFICATE:\n            exception_class = InsecureCertificateException\n        elif status in ErrorCode.INVALID_COORDINATES:\n            exception_class = InvalidCoordinatesException\n        elif status in ErrorCode.INVALID_SESSION_ID:\n            exception_class = InvalidSessionIdException\n        elif status in ErrorCode.UNKNOWN_METHOD:\n            exception_class = UnknownMethodException\n        else:\n            exception_class = WebDriverException\n        if not value:\n            value = response[\"value\"]\n        if isinstance(value, str):\n            raise exception_class(value)\n        if message == \"\" and \"message\" in value:\n            message = value[\"message\"]\n    \n        screen = None  # type: ignore[assignment]\n        if \"screen\" in value:\n            screen = value[\"screen\"]\n    \n        stacktrace = None\n        st_value = value.get(\"stackTrace\") or value.get(\"stacktrace\")\n        if st_value:\n            if isinstance(st_value, str):\n                stacktrace = st_value.split(\"\\n\")\n            else:\n                stacktrace = []\n                try:\n                    for frame in st_value:\n                        line = frame.get(\"lineNumber\", \"\")\n                        file = frame.get(\"fileName\", \"<anonymous>\")\n                        if line:\n                            file = f\"{file}:{line}\"\n                        meth = frame.get(\"methodName\", \"<anonymous>\")\n                        if \"className\" in frame:\n                            meth = f\"{frame['className']}.{meth}\"\n                        msg = \"    at %s (%s)\"\n                        msg = msg % (meth, file)\n                        stacktrace.append(msg)\n                except TypeError:\n                    pass\n        if exception_class == UnexpectedAlertPresentException:\n            alert_text = None\n            if \"data\" in value:\n                alert_text = value[\"data\"].get(\"text\")\n            elif \"alert\" in value:\n                alert_text = value[\"alert\"].get(\"text\")\n            raise exception_class(message, screen, stacktrace, alert_text)  # type: ignore[call-arg]  # mypy is not smart enough here\n>       raise exception_class(message, screen, stacktrace)\nE       selenium.common.exceptions.NoSuchElementException: Message: no such element: Unable to locate element: {\"method\":\"xpath\",\"selector\":\"//div[@class='page-block articles-block']\"}\nE         (Session info: chrome-headless-shell=122.0.6261.57); For documentation on this error, please visit: https://www.selenium.dev/documentation/webdriver/troubleshooting/errors#no-such-element-exception\nE       Stacktrace:\nE       #0 0x55b6240cb7d3 <unknown>\nE       #1 0x55b623dbf1c6 <unknown>\nE       #2 0x55b623e0a358 <unknown>\nE       #3 0x55b623e0a411 <unknown>\nE       #4 0x55b623e4d934 <unknown>\nE       #5 0x55b623e2c3fd <unknown>\nE       #6 0x55b623e4add9 <unknown>\nE       #7 0x55b623e2c173 <unknown>\nE       #8 0x55b623dfd2d3 <unknown>\nE       #9 0x55b623dfdc9e <unknown>\nE       #10 0x55b62408f90b <unknown>\nE       #11 0x55b624093785 <unknown>\nE       #12 0x55b62407c321 <unknown>\nE       #13 0x55b624094312 <unknown>\nE       #14 0x55b6240601bf <unknown>\nE       #15 0x55b6240b9e08 <unknown>\nE       #16 0x55b6240ba003 <unknown>\nE       #17 0x55b6240ca984 <unknown>\nE       #18 0x7fc373465134 <unknown>\n\n/usr/local/lib/python3.11/site-packages/selenium/webdriver/remote/errorhandler.py:245: NoSuchElementException","steps":[{"name":"Проверка функциональности блока 'Советы от профессионалов ремонта'","time":{"start":1708477312681,"stop":1708477312694,"duration":13},"status":"broken","statusMessage":"selenium.common.exceptions.NoSuchElementException: Message: no such element: Unable to locate element: {\"method\":\"xpath\",\"selector\":\"//div[@class='page-block articles-block']\"}\n  (Session info: chrome-headless-shell=122.0.6261.57); For documentation on this error, please visit: https://www.selenium.dev/documentation/webdriver/troubleshooting/errors#no-such-element-exception\nStacktrace:\n#0 0x55b6240cb7d3 <unknown>\n#1 0x55b623dbf1c6 <unknown>\n#2 0x55b623e0a358 <unknown>\n#3 0x55b623e0a411 <unknown>\n#4 0x55b623e4d934 <unknown>\n#5 0x55b623e2c3fd <unknown>\n#6 0x55b623e4add9 <unknown>\n#7 0x55b623e2c173 <unknown>\n#8 0x55b623dfd2d3 <unknown>\n#9 0x55b623dfdc9e <unknown>\n#10 0x55b62408f90b <unknown>\n#11 0x55b624093785 <unknown>\n#12 0x55b62407c321 <unknown>\n#13 0x55b624094312 <unknown>\n#14 0x55b6240601bf <unknown>\n#15 0x55b6240b9e08 <unknown>\n#16 0x55b6240ba003 <unknown>\n#17 0x55b6240ca984 <unknown>\n#18 0x7fc373465134 <unknown>\n\n","statusTrace":"  File \"/usr/local/lib/python3.11/site-packages/allure_commons/_allure.py\", line 192, in impl\n    return func(*a, **kw)\n           ^^^^^^^^^^^^^^\n  File \"/app/pages/main_page.py\", line 78, in get_building_advices_section\n    section = self.driver.find_element(*self._building_advices_section)\n              ^^^^^^^^^^^^^^^^^^^^^^^^^^^^^^^^^^^^^^^^^^^^^^^^^^^^^^^^^\n  File \"/usr/local/lib/python3.11/site-packages/selenium/webdriver/remote/webdriver.py\", line 740, in find_element\n    return self.execute(Command.FIND_ELEMENT, {\"using\": by, \"value\": value})[\"value\"]\n           ^^^^^^^^^^^^^^^^^^^^^^^^^^^^^^^^^^^^^^^^^^^^^^^^^^^^^^^^^^^^^^^^^\n  File \"/usr/local/lib/python3.11/site-packages/selenium/webdriver/remote/webdriver.py\", line 346, in execute\n    self.error_handler.check_response(response)\n  File \"/usr/local/lib/python3.11/site-packages/selenium/webdriver/remote/errorhandler.py\", line 245, in check_response\n    raise exception_class(message, screen, stacktrace)\n","steps":[],"attachments":[],"parameters":[],"shouldDisplayMessage":true,"stepsCount":0,"attachmentsCount":0,"hasContent":true,"attachmentStep":false}],"attachments":[{"uid":"7f08bca5930cc387","name":"Screenshot","source":"7f08bca5930cc387.png","type":"image/png","size":39106},{"uid":"b971efad5f62bb73","name":"HTML source","source":"b971efad5f62bb73.html","type":"text/html","size":538}],"parameters":[],"shouldDisplayMessage":true,"stepsCount":1,"attachmentsCount":2,"hasContent":true,"attachmentStep":false},"afterStages":[{"name":"setup::0","time":{"start":1708477312802,"stop":1708477312802,"duration":0},"status":"passed","steps":[],"attachments":[],"parameters":[],"shouldDisplayMessage":false,"stepsCount":0,"attachmentsCount":0,"hasContent":false,"attachmentStep":false},{"name":"driver::0","time":{"start":1708477312802,"stop":1708477312859,"duration":57},"status":"passed","steps":[],"attachments":[],"parameters":[],"shouldDisplayMessage":false,"stepsCount":0,"attachmentsCount":0,"hasContent":false,"attachmentStep":false}],"labels":[{"name":"epic","value":"Main Page"},{"name":"tag","value":"smoke_test"},{"name":"parentSuite","value":"tests"},{"name":"suite","value":"test_main_page"},{"name":"subSuite","value":"TestMainPage"},{"name":"host","value":"1a549a4edcf1"},{"name":"thread","value":"1-MainThread"},{"name":"framework","value":"pytest"},{"name":"language","value":"cpython3"},{"name":"package","value":"tests.test_main_page"},{"name":"resultFormat","value":"allure2"}],"parameters":[{"name":"url","value":"'https://test2.stroyrem-nn.ru/'"}],"links":[],"hidden":false,"retry":false,"extra":{"severity":"normal","retries":[],"categories":[{"name":"Test defects","matchedStatuses":[],"flaky":false}],"history":{"statistic":{"failed":0,"broken":160,"skipped":0,"passed":36,"unknown":0,"total":196},"items":[{"uid":"3633935bf14a9bf2","reportUrl":"https://zaelcovsky.github.io/StroyremAutomation/238//#testresult/3633935bf14a9bf2","status":"broken","statusDetails":"selenium.common.exceptions.NoSuchElementException: Message: no such element: Unable to locate element: {\"method\":\"xpath\",\"selector\":\"//div[@class='page-block articles-block']\"}\n  (Session info: chrome-headless-shell=121.0.6167.184); For documentation on this error, please visit: https://www.selenium.dev/documentation/webdriver/troubleshooting/errors#no-such-element-exception\nStacktrace:\n#0 0x558d7962d303 <unknown>\n#1 0x558d793122b7 <unknown>\n#2 0x558d7935dcc0 <unknown>\n#3 0x558d7935ddb1 <unknown>\n#4 0x558d793a1b44 <unknown>\n#5 0x558d793803ad <unknown>\n#6 0x558d7939f07c <unknown>\n#7 0x558d79380123 <unknown>\n#8 0x558d79350095 <unknown>\n#9 0x558d7935109e <unknown>\n#10 0x558d795f16ab <unknown>\n#11 0x558d795f54ba <unknown>\n#12 0x558d795ddf85 <unknown>\n#13 0x558d795f612f <unknown>\n#14 0x558d795c1e6f <unknown>\n#15 0x558d7961a5f8 <unknown>\n#16 0x558d7961a7c2 <unknown>\n#17 0x558d7962c4a4 <unknown>\n#18 0x7faf2758a134 <unknown>","time":{"start":1708390834899,"stop":1708390834912,"duration":13}},{"uid":"941b6739820deba9","reportUrl":"https://zaelcovsky.github.io/StroyremAutomation/237//#testresult/941b6739820deba9","status":"broken","statusDetails":"selenium.common.exceptions.NoSuchElementException: Message: no such element: Unable to locate element: {\"method\":\"xpath\",\"selector\":\"//div[@class='page-block articles-block']\"}\n  (Session info: chrome-headless-shell=121.0.6167.184); For documentation on this error, please visit: https://www.selenium.dev/documentation/webdriver/troubleshooting/errors#no-such-element-exception\nStacktrace:\n#0 0x560de35b7303 <unknown>\n#1 0x560de329c2b7 <unknown>\n#2 0x560de32e7cc0 <unknown>\n#3 0x560de32e7db1 <unknown>\n#4 0x560de332bb44 <unknown>\n#5 0x560de330a3ad <unknown>\n#6 0x560de332907c <unknown>\n#7 0x560de330a123 <unknown>\n#8 0x560de32da095 <unknown>\n#9 0x560de32db09e <unknown>\n#10 0x560de357b6ab <unknown>\n#11 0x560de357f4ba <unknown>\n#12 0x560de3567f85 <unknown>\n#13 0x560de358012f <unknown>\n#14 0x560de354be6f <unknown>\n#15 0x560de35a45f8 <unknown>\n#16 0x560de35a47c2 <unknown>\n#17 0x560de35b64a4 <unknown>\n#18 0x7ff021860134 <unknown>","time":{"start":1708304586549,"stop":1708304586562,"duration":13}},{"uid":"70e927c937963fbb","reportUrl":"https://zaelcovsky.github.io/StroyremAutomation/236//#testresult/70e927c937963fbb","status":"broken","statusDetails":"selenium.common.exceptions.NoSuchElementException: Message: no such element: Unable to locate element: {\"method\":\"xpath\",\"selector\":\"//div[@class='page-block articles-block']\"}\n  (Session info: chrome-headless-shell=121.0.6167.184); For documentation on this error, please visit: https://www.selenium.dev/documentation/webdriver/troubleshooting/errors#no-such-element-exception\nStacktrace:\n#0 0x55e67e58b303 <unknown>\n#1 0x55e67e2702b7 <unknown>\n#2 0x55e67e2bbcc0 <unknown>\n#3 0x55e67e2bbdb1 <unknown>\n#4 0x55e67e2ffb44 <unknown>\n#5 0x55e67e2de3ad <unknown>\n#6 0x55e67e2fd07c <unknown>\n#7 0x55e67e2de123 <unknown>\n#8 0x55e67e2ae095 <unknown>\n#9 0x55e67e2af09e <unknown>\n#10 0x55e67e54f6ab <unknown>\n#11 0x55e67e5534ba <unknown>\n#12 0x55e67e53bf85 <unknown>\n#13 0x55e67e55412f <unknown>\n#14 0x55e67e51fe6f <unknown>\n#15 0x55e67e5785f8 <unknown>\n#16 0x55e67e5787c2 <unknown>\n#17 0x55e67e58a4a4 <unknown>\n#18 0x7f40fd2ae134 <unknown>","time":{"start":1708218327363,"stop":1708218327376,"duration":13}},{"uid":"f4eeb4b22ee29bb4","reportUrl":"https://zaelcovsky.github.io/StroyremAutomation/235//#testresult/f4eeb4b22ee29bb4","status":"broken","statusDetails":"selenium.common.exceptions.NoSuchElementException: Message: no such element: Unable to locate element: {\"method\":\"xpath\",\"selector\":\"//div[@class='page-block articles-block']\"}\n  (Session info: chrome-headless-shell=121.0.6167.184); For documentation on this error, please visit: https://www.selenium.dev/documentation/webdriver/troubleshooting/errors#no-such-element-exception\nStacktrace:\n#0 0x55eb67079303 <unknown>\n#1 0x55eb66d5e2b7 <unknown>\n#2 0x55eb66da9cc0 <unknown>\n#3 0x55eb66da9db1 <unknown>\n#4 0x55eb66dedb44 <unknown>\n#5 0x55eb66dcc3ad <unknown>\n#6 0x55eb66deb07c <unknown>\n#7 0x55eb66dcc123 <unknown>\n#8 0x55eb66d9c095 <unknown>\n#9 0x55eb66d9d09e <unknown>\n#10 0x55eb6703d6ab <unknown>\n#11 0x55eb670414ba <unknown>\n#12 0x55eb67029f85 <unknown>\n#13 0x55eb6704212f <unknown>\n#14 0x55eb6700de6f <unknown>\n#15 0x55eb670665f8 <unknown>\n#16 0x55eb670667c2 <unknown>\n#17 0x55eb670784a4 <unknown>\n#18 0x7fa30cfd0134 <unknown>","time":{"start":1708131635187,"stop":1708131635200,"duration":13}},{"uid":"8953ffbe9156e8ba","reportUrl":"https://zaelcovsky.github.io/StroyremAutomation/234//#testresult/8953ffbe9156e8ba","status":"broken","statusDetails":"selenium.common.exceptions.NoSuchElementException: Message: no such element: Unable to locate element: {\"method\":\"xpath\",\"selector\":\"//div[@class='page-block articles-block']\"}\n  (Session info: chrome-headless-shell=121.0.6167.85); For documentation on this error, please visit: https://www.selenium.dev/documentation/webdriver/troubleshooting/errors#no-such-element-exception\nStacktrace:\n#0 0x560bc83b7d93 <unknown>\n#1 0x560bc809b337 <unknown>\n#2 0x560bc80e6d60 <unknown>\n#3 0x560bc80e6e51 <unknown>\n#4 0x560bc812abc4 <unknown>\n#5 0x560bc810946d <unknown>\n#6 0x560bc812812d <unknown>\n#7 0x560bc81091e3 <unknown>\n#8 0x560bc80d9135 <unknown>\n#9 0x560bc80da13e <unknown>\n#10 0x560bc837be4b <unknown>\n#11 0x560bc837fdfa <unknown>\n#12 0x560bc83686d5 <unknown>\n#13 0x560bc8380a6f <unknown>\n#14 0x560bc834c69f <unknown>\n#15 0x560bc83a5098 <unknown>\n#16 0x560bc83a5262 <unknown>\n#17 0x560bc83b6f34 <unknown>\n#18 0x7f8c1ee0c134 <unknown>","time":{"start":1708045287825,"stop":1708045287839,"duration":14}},{"uid":"5557556a3b6858b","reportUrl":"https://zaelcovsky.github.io/StroyremAutomation/233//#testresult/5557556a3b6858b","status":"broken","statusDetails":"selenium.common.exceptions.NoSuchElementException: Message: no such element: Unable to locate element: {\"method\":\"xpath\",\"selector\":\"//div[@class='page-block articles-block']\"}\n  (Session info: chrome-headless-shell=121.0.6167.85); For documentation on this error, please visit: https://www.selenium.dev/documentation/webdriver/troubleshooting/errors#no-such-element-exception\nStacktrace:\n#0 0x563d99fd3d93 <unknown>\n#1 0x563d99cb7337 <unknown>\n#2 0x563d99d02d60 <unknown>\n#3 0x563d99d02e51 <unknown>\n#4 0x563d99d46bc4 <unknown>\n#5 0x563d99d2546d <unknown>\n#6 0x563d99d4412d <unknown>\n#7 0x563d99d251e3 <unknown>\n#8 0x563d99cf5135 <unknown>\n#9 0x563d99cf613e <unknown>\n#10 0x563d99f97e4b <unknown>\n#11 0x563d99f9bdfa <unknown>\n#12 0x563d99f846d5 <unknown>\n#13 0x563d99f9ca6f <unknown>\n#14 0x563d99f6869f <unknown>\n#15 0x563d99fc1098 <unknown>\n#16 0x563d99fc1262 <unknown>\n#17 0x563d99fd2f34 <unknown>\n#18 0x7f11d3ad0134 <unknown>","time":{"start":1707958933673,"stop":1707958933686,"duration":13}},{"uid":"dcc3a6bca0cfed3c","reportUrl":"https://zaelcovsky.github.io/StroyremAutomation/232//#testresult/dcc3a6bca0cfed3c","status":"broken","statusDetails":"selenium.common.exceptions.NoSuchElementException: Message: no such element: Unable to locate element: {\"method\":\"xpath\",\"selector\":\"//div[@class='page-block articles-block']\"}\n  (Session info: chrome-headless-shell=121.0.6167.85); For documentation on this error, please visit: https://www.selenium.dev/documentation/webdriver/troubleshooting/errors#no-such-element-exception\nStacktrace:\n#0 0x55da6d9ecd93 <unknown>\n#1 0x55da6d6d0337 <unknown>\n#2 0x55da6d71bd60 <unknown>\n#3 0x55da6d71be51 <unknown>\n#4 0x55da6d75fbc4 <unknown>\n#5 0x55da6d73e46d <unknown>\n#6 0x55da6d75d12d <unknown>\n#7 0x55da6d73e1e3 <unknown>\n#8 0x55da6d70e135 <unknown>\n#9 0x55da6d70f13e <unknown>\n#10 0x55da6d9b0e4b <unknown>\n#11 0x55da6d9b4dfa <unknown>\n#12 0x55da6d99d6d5 <unknown>\n#13 0x55da6d9b5a6f <unknown>\n#14 0x55da6d98169f <unknown>\n#15 0x55da6d9da098 <unknown>\n#16 0x55da6d9da262 <unknown>\n#17 0x55da6d9ebf34 <unknown>\n#18 0x7ff6a0dc9134 <unknown>","time":{"start":1707872533385,"stop":1707872533398,"duration":13}},{"uid":"a28d58e331fa888","reportUrl":"https://zaelcovsky.github.io/StroyremAutomation/231//#testresult/a28d58e331fa888","status":"broken","statusDetails":"selenium.common.exceptions.NoSuchElementException: Message: no such element: Unable to locate element: {\"method\":\"xpath\",\"selector\":\"//div[@class='page-block articles-block']\"}\n  (Session info: chrome-headless-shell=121.0.6167.85); For documentation on this error, please visit: https://www.selenium.dev/documentation/webdriver/troubleshooting/errors#no-such-element-exception\nStacktrace:\n#0 0x5617035d2d93 <unknown>\n#1 0x5617032b6337 <unknown>\n#2 0x561703301d60 <unknown>\n#3 0x561703301e51 <unknown>\n#4 0x561703345bc4 <unknown>\n#5 0x56170332446d <unknown>\n#6 0x56170334312d <unknown>\n#7 0x5617033241e3 <unknown>\n#8 0x5617032f4135 <unknown>\n#9 0x5617032f513e <unknown>\n#10 0x561703596e4b <unknown>\n#11 0x56170359adfa <unknown>\n#12 0x5617035836d5 <unknown>\n#13 0x56170359ba6f <unknown>\n#14 0x56170356769f <unknown>\n#15 0x5617035c0098 <unknown>\n#16 0x5617035c0262 <unknown>\n#17 0x5617035d1f34 <unknown>\n#18 0x7f39e3a6e134 <unknown>","time":{"start":1707786145724,"stop":1707786145737,"duration":13}},{"uid":"107f58b286cee51a","reportUrl":"https://zaelcovsky.github.io/StroyremAutomation/230//#testresult/107f58b286cee51a","status":"broken","statusDetails":"selenium.common.exceptions.NoSuchElementException: Message: no such element: Unable to locate element: {\"method\":\"xpath\",\"selector\":\"//div[@class='page-block articles-block']\"}\n  (Session info: chrome-headless-shell=121.0.6167.85); For documentation on this error, please visit: https://www.selenium.dev/documentation/webdriver/troubleshooting/errors#no-such-element-exception\nStacktrace:\n#0 0x55d96cc61d93 <unknown>\n#1 0x55d96c945337 <unknown>\n#2 0x55d96c990d60 <unknown>\n#3 0x55d96c990e51 <unknown>\n#4 0x55d96c9d4bc4 <unknown>\n#5 0x55d96c9b346d <unknown>\n#6 0x55d96c9d212d <unknown>\n#7 0x55d96c9b31e3 <unknown>\n#8 0x55d96c983135 <unknown>\n#9 0x55d96c98413e <unknown>\n#10 0x55d96cc25e4b <unknown>\n#11 0x55d96cc29dfa <unknown>\n#12 0x55d96cc126d5 <unknown>\n#13 0x55d96cc2aa6f <unknown>\n#14 0x55d96cbf669f <unknown>\n#15 0x55d96cc4f098 <unknown>\n#16 0x55d96cc4f262 <unknown>\n#17 0x55d96cc60f34 <unknown>\n#18 0x7ff8b3758134 <unknown>","time":{"start":1707699738771,"stop":1707699738785,"duration":14}},{"uid":"f09d0e34e3e6d074","reportUrl":"https://zaelcovsky.github.io/StroyremAutomation/229//#testresult/f09d0e34e3e6d074","status":"broken","statusDetails":"selenium.common.exceptions.NoSuchElementException: Message: no such element: Unable to locate element: {\"method\":\"xpath\",\"selector\":\"//div[@class='page-block articles-block']\"}\n  (Session info: chrome-headless-shell=121.0.6167.85); For documentation on this error, please visit: https://www.selenium.dev/documentation/webdriver/troubleshooting/errors#no-such-element-exception\nStacktrace:\n#0 0x55a04e258d93 <unknown>\n#1 0x55a04df3c337 <unknown>\n#2 0x55a04df87d60 <unknown>\n#3 0x55a04df87e51 <unknown>\n#4 0x55a04dfcbbc4 <unknown>\n#5 0x55a04dfaa46d <unknown>\n#6 0x55a04dfc912d <unknown>\n#7 0x55a04dfaa1e3 <unknown>\n#8 0x55a04df7a135 <unknown>\n#9 0x55a04df7b13e <unknown>\n#10 0x55a04e21ce4b <unknown>\n#11 0x55a04e220dfa <unknown>\n#12 0x55a04e2096d5 <unknown>\n#13 0x55a04e221a6f <unknown>\n#14 0x55a04e1ed69f <unknown>\n#15 0x55a04e246098 <unknown>\n#16 0x55a04e246262 <unknown>\n#17 0x55a04e257f34 <unknown>\n#18 0x7fe74b51e134 <unknown>","time":{"start":1707613562839,"stop":1707613562852,"duration":13}},{"uid":"6c79d5fbe60ec46e","reportUrl":"https://zaelcovsky.github.io/StroyremAutomation/228//#testresult/6c79d5fbe60ec46e","status":"broken","statusDetails":"selenium.common.exceptions.NoSuchElementException: Message: no such element: Unable to locate element: {\"method\":\"xpath\",\"selector\":\"//div[@class='page-block articles-block']\"}\n  (Session info: chrome-headless-shell=121.0.6167.85); For documentation on this error, please visit: https://www.selenium.dev/documentation/webdriver/troubleshooting/errors#no-such-element-exception\nStacktrace:\n#0 0x55aead04cd93 <unknown>\n#1 0x55aeacd30337 <unknown>\n#2 0x55aeacd7bd60 <unknown>\n#3 0x55aeacd7be51 <unknown>\n#4 0x55aeacdbfbc4 <unknown>\n#5 0x55aeacd9e46d <unknown>\n#6 0x55aeacdbd12d <unknown>\n#7 0x55aeacd9e1e3 <unknown>\n#8 0x55aeacd6e135 <unknown>\n#9 0x55aeacd6f13e <unknown>\n#10 0x55aead010e4b <unknown>\n#11 0x55aead014dfa <unknown>\n#12 0x55aeacffd6d5 <unknown>\n#13 0x55aead015a6f <unknown>\n#14 0x55aeacfe169f <unknown>\n#15 0x55aead03a098 <unknown>\n#16 0x55aead03a262 <unknown>\n#17 0x55aead04bf34 <unknown>\n#18 0x7f078677f134 <unknown>","time":{"start":1707526775778,"stop":1707526775791,"duration":13}},{"uid":"6d053030ed3cc5c2","reportUrl":"https://zaelcovsky.github.io/StroyremAutomation/227//#testresult/6d053030ed3cc5c2","status":"broken","statusDetails":"selenium.common.exceptions.NoSuchElementException: Message: no such element: Unable to locate element: {\"method\":\"xpath\",\"selector\":\"//div[@class='page-block articles-block']\"}\n  (Session info: chrome-headless-shell=121.0.6167.85); For documentation on this error, please visit: https://www.selenium.dev/documentation/webdriver/troubleshooting/errors#no-such-element-exception\nStacktrace:\n#0 0x55eaaa870d93 <unknown>\n#1 0x55eaaa554337 <unknown>\n#2 0x55eaaa59fd60 <unknown>\n#3 0x55eaaa59fe51 <unknown>\n#4 0x55eaaa5e3bc4 <unknown>\n#5 0x55eaaa5c246d <unknown>\n#6 0x55eaaa5e112d <unknown>\n#7 0x55eaaa5c21e3 <unknown>\n#8 0x55eaaa592135 <unknown>\n#9 0x55eaaa59313e <unknown>\n#10 0x55eaaa834e4b <unknown>\n#11 0x55eaaa838dfa <unknown>\n#12 0x55eaaa8216d5 <unknown>\n#13 0x55eaaa839a6f <unknown>\n#14 0x55eaaa80569f <unknown>\n#15 0x55eaaa85e098 <unknown>\n#16 0x55eaaa85e262 <unknown>\n#17 0x55eaaa86ff34 <unknown>\n#18 0x7f100f093134 <unknown>","time":{"start":1707440460684,"stop":1707440460697,"duration":13}},{"uid":"4a2c1f2272797abb","reportUrl":"https://zaelcovsky.github.io/StroyremAutomation/226//#testresult/4a2c1f2272797abb","status":"broken","statusDetails":"selenium.common.exceptions.NoSuchElementException: Message: no such element: Unable to locate element: {\"method\":\"xpath\",\"selector\":\"//div[@class='page-block articles-block']\"}\n  (Session info: chrome-headless-shell=121.0.6167.85); For documentation on this error, please visit: https://www.selenium.dev/documentation/webdriver/troubleshooting/errors#no-such-element-exception\nStacktrace:\n#0 0x556c63992d93 <unknown>\n#1 0x556c63676337 <unknown>\n#2 0x556c636c1d60 <unknown>\n#3 0x556c636c1e51 <unknown>\n#4 0x556c63705bc4 <unknown>\n#5 0x556c636e446d <unknown>\n#6 0x556c6370312d <unknown>\n#7 0x556c636e41e3 <unknown>\n#8 0x556c636b4135 <unknown>\n#9 0x556c636b513e <unknown>\n#10 0x556c63956e4b <unknown>\n#11 0x556c6395adfa <unknown>\n#12 0x556c639436d5 <unknown>\n#13 0x556c6395ba6f <unknown>\n#14 0x556c6392769f <unknown>\n#15 0x556c63980098 <unknown>\n#16 0x556c63980262 <unknown>\n#17 0x556c63991f34 <unknown>\n#18 0x7f764fe27134 <unknown>","time":{"start":1707354049661,"stop":1707354049674,"duration":13}},{"uid":"8be6e8cbb640dd40","reportUrl":"https://zaelcovsky.github.io/StroyremAutomation/225//#testresult/8be6e8cbb640dd40","status":"broken","statusDetails":"selenium.common.exceptions.NoSuchElementException: Message: no such element: Unable to locate element: {\"method\":\"xpath\",\"selector\":\"//div[@class='page-block articles-block']\"}\n  (Session info: chrome-headless-shell=121.0.6167.85); For documentation on this error, please visit: https://www.selenium.dev/documentation/webdriver/troubleshooting/errors#no-such-element-exception\nStacktrace:\n#0 0x55a4557a9d93 <unknown>\n#1 0x55a45548d337 <unknown>\n#2 0x55a4554d8d60 <unknown>\n#3 0x55a4554d8e51 <unknown>\n#4 0x55a45551cbc4 <unknown>\n#5 0x55a4554fb46d <unknown>\n#6 0x55a45551a12d <unknown>\n#7 0x55a4554fb1e3 <unknown>\n#8 0x55a4554cb135 <unknown>\n#9 0x55a4554cc13e <unknown>\n#10 0x55a45576de4b <unknown>\n#11 0x55a455771dfa <unknown>\n#12 0x55a45575a6d5 <unknown>\n#13 0x55a455772a6f <unknown>\n#14 0x55a45573e69f <unknown>\n#15 0x55a455797098 <unknown>\n#16 0x55a455797262 <unknown>\n#17 0x55a4557a8f34 <unknown>\n#18 0x7f71572bf134 <unknown>","time":{"start":1707267595457,"stop":1707267595470,"duration":13}},{"uid":"b185b5ae00c58037","reportUrl":"https://zaelcovsky.github.io/StroyremAutomation/224//#testresult/b185b5ae00c58037","status":"broken","statusDetails":"selenium.common.exceptions.NoSuchElementException: Message: no such element: Unable to locate element: {\"method\":\"xpath\",\"selector\":\"//div[@class='page-block articles-block']\"}\n  (Session info: chrome-headless-shell=121.0.6167.85); For documentation on this error, please visit: https://www.selenium.dev/documentation/webdriver/troubleshooting/errors#no-such-element-exception\nStacktrace:\n#0 0x557d892b0d93 <unknown>\n#1 0x557d88f94337 <unknown>\n#2 0x557d88fdfd60 <unknown>\n#3 0x557d88fdfe51 <unknown>\n#4 0x557d89023bc4 <unknown>\n#5 0x557d8900246d <unknown>\n#6 0x557d8902112d <unknown>\n#7 0x557d890021e3 <unknown>\n#8 0x557d88fd2135 <unknown>\n#9 0x557d88fd313e <unknown>\n#10 0x557d89274e4b <unknown>\n#11 0x557d89278dfa <unknown>\n#12 0x557d892616d5 <unknown>\n#13 0x557d89279a6f <unknown>\n#14 0x557d8924569f <unknown>\n#15 0x557d8929e098 <unknown>\n#16 0x557d8929e262 <unknown>\n#17 0x557d892aff34 <unknown>\n#18 0x7f2bea0d2134 <unknown>","time":{"start":1707181293954,"stop":1707181293967,"duration":13}},{"uid":"958bb7cebbba3c77","reportUrl":"https://zaelcovsky.github.io/StroyremAutomation/223//#testresult/958bb7cebbba3c77","status":"broken","statusDetails":"selenium.common.exceptions.NoSuchElementException: Message: no such element: Unable to locate element: {\"method\":\"xpath\",\"selector\":\"//div[@class='page-block articles-block']\"}\n  (Session info: chrome-headless-shell=121.0.6167.85); For documentation on this error, please visit: https://www.selenium.dev/documentation/webdriver/troubleshooting/errors#no-such-element-exception\nStacktrace:\n#0 0x56231f910d93 <unknown>\n#1 0x56231f5f4337 <unknown>\n#2 0x56231f63fd60 <unknown>\n#3 0x56231f63fe51 <unknown>\n#4 0x56231f683bc4 <unknown>\n#5 0x56231f66246d <unknown>\n#6 0x56231f68112d <unknown>\n#7 0x56231f6621e3 <unknown>\n#8 0x56231f632135 <unknown>\n#9 0x56231f63313e <unknown>\n#10 0x56231f8d4e4b <unknown>\n#11 0x56231f8d8dfa <unknown>\n#12 0x56231f8c16d5 <unknown>\n#13 0x56231f8d9a6f <unknown>\n#14 0x56231f8a569f <unknown>\n#15 0x56231f8fe098 <unknown>\n#16 0x56231f8fe262 <unknown>\n#17 0x56231f90ff34 <unknown>\n#18 0x7fa5d3cfc134 <unknown>","time":{"start":1707095021507,"stop":1707095021520,"duration":13}},{"uid":"b454e647e5c4c71a","reportUrl":"https://zaelcovsky.github.io/StroyremAutomation/222//#testresult/b454e647e5c4c71a","status":"broken","statusDetails":"selenium.common.exceptions.NoSuchElementException: Message: no such element: Unable to locate element: {\"method\":\"xpath\",\"selector\":\"//div[@class='page-block articles-block']\"}\n  (Session info: chrome-headless-shell=121.0.6167.85); For documentation on this error, please visit: https://www.selenium.dev/documentation/webdriver/troubleshooting/errors#no-such-element-exception\nStacktrace:\n#0 0x555e82e55d93 <unknown>\n#1 0x555e82b39337 <unknown>\n#2 0x555e82b84d60 <unknown>\n#3 0x555e82b84e51 <unknown>\n#4 0x555e82bc8bc4 <unknown>\n#5 0x555e82ba746d <unknown>\n#6 0x555e82bc612d <unknown>\n#7 0x555e82ba71e3 <unknown>\n#8 0x555e82b77135 <unknown>\n#9 0x555e82b7813e <unknown>\n#10 0x555e82e19e4b <unknown>\n#11 0x555e82e1ddfa <unknown>\n#12 0x555e82e066d5 <unknown>\n#13 0x555e82e1ea6f <unknown>\n#14 0x555e82dea69f <unknown>\n#15 0x555e82e43098 <unknown>\n#16 0x555e82e43262 <unknown>\n#17 0x555e82e54f34 <unknown>\n#18 0x7fb9c300d134 <unknown>","time":{"start":1707008768941,"stop":1707008768954,"duration":13}},{"uid":"a54622359c3a5ff6","reportUrl":"https://zaelcovsky.github.io/StroyremAutomation/221//#testresult/a54622359c3a5ff6","status":"broken","statusDetails":"selenium.common.exceptions.NoSuchElementException: Message: no such element: Unable to locate element: {\"method\":\"xpath\",\"selector\":\"//div[@class='page-block articles-block']\"}\n  (Session info: chrome-headless-shell=121.0.6167.85); For documentation on this error, please visit: https://www.selenium.dev/documentation/webdriver/troubleshooting/errors#no-such-element-exception\nStacktrace:\n#0 0x55a850936d93 <unknown>\n#1 0x55a85061a337 <unknown>\n#2 0x55a850665d60 <unknown>\n#3 0x55a850665e51 <unknown>\n#4 0x55a8506a9bc4 <unknown>\n#5 0x55a85068846d <unknown>\n#6 0x55a8506a712d <unknown>\n#7 0x55a8506881e3 <unknown>\n#8 0x55a850658135 <unknown>\n#9 0x55a85065913e <unknown>\n#10 0x55a8508fae4b <unknown>\n#11 0x55a8508fedfa <unknown>\n#12 0x55a8508e76d5 <unknown>\n#13 0x55a8508ffa6f <unknown>\n#14 0x55a8508cb69f <unknown>\n#15 0x55a850924098 <unknown>\n#16 0x55a850924262 <unknown>\n#17 0x55a850935f34 <unknown>\n#18 0x7feedf064134 <unknown>","time":{"start":1706922047977,"stop":1706922047990,"duration":13}},{"uid":"49a8035215d1c733","reportUrl":"https://zaelcovsky.github.io/StroyremAutomation/220//#testresult/49a8035215d1c733","status":"broken","statusDetails":"selenium.common.exceptions.NoSuchElementException: Message: no such element: Unable to locate element: {\"method\":\"xpath\",\"selector\":\"//div[@class='page-block articles-block']\"}\n  (Session info: chrome-headless-shell=121.0.6167.85); For documentation on this error, please visit: https://www.selenium.dev/documentation/webdriver/troubleshooting/errors#no-such-element-exception\nStacktrace:\n#0 0x56444b300d93 <unknown>\n#1 0x56444afe4337 <unknown>\n#2 0x56444b02fd60 <unknown>\n#3 0x56444b02fe51 <unknown>\n#4 0x56444b073bc4 <unknown>\n#5 0x56444b05246d <unknown>\n#6 0x56444b07112d <unknown>\n#7 0x56444b0521e3 <unknown>\n#8 0x56444b022135 <unknown>\n#9 0x56444b02313e <unknown>\n#10 0x56444b2c4e4b <unknown>\n#11 0x56444b2c8dfa <unknown>\n#12 0x56444b2b16d5 <unknown>\n#13 0x56444b2c9a6f <unknown>\n#14 0x56444b29569f <unknown>\n#15 0x56444b2ee098 <unknown>\n#16 0x56444b2ee262 <unknown>\n#17 0x56444b2fff34 <unknown>\n#18 0x7fb8a3335134 <unknown>","time":{"start":1706835712517,"stop":1706835712530,"duration":13}},{"uid":"5c8a9a0365adf1c7","reportUrl":"https://zaelcovsky.github.io/StroyremAutomation/219//#testresult/5c8a9a0365adf1c7","status":"broken","statusDetails":"selenium.common.exceptions.NoSuchElementException: Message: no such element: Unable to locate element: {\"method\":\"xpath\",\"selector\":\"//div[@class='page-block articles-block']\"}\n  (Session info: chrome-headless-shell=121.0.6167.85); For documentation on this error, please visit: https://www.selenium.dev/documentation/webdriver/troubleshooting/errors#no-such-element-exception\nStacktrace:\n#0 0x564022132d93 <unknown>\n#1 0x564021e16337 <unknown>\n#2 0x564021e61d60 <unknown>\n#3 0x564021e61e51 <unknown>\n#4 0x564021ea5bc4 <unknown>\n#5 0x564021e8446d <unknown>\n#6 0x564021ea312d <unknown>\n#7 0x564021e841e3 <unknown>\n#8 0x564021e54135 <unknown>\n#9 0x564021e5513e <unknown>\n#10 0x5640220f6e4b <unknown>\n#11 0x5640220fadfa <unknown>\n#12 0x5640220e36d5 <unknown>\n#13 0x5640220fba6f <unknown>\n#14 0x5640220c769f <unknown>\n#15 0x564022120098 <unknown>\n#16 0x564022120262 <unknown>\n#17 0x564022131f34 <unknown>\n#18 0x7fb4ba337044 <unknown>","time":{"start":1706749528598,"stop":1706749528610,"duration":12}}]},"tags":["smoke_test"]},"source":"4a492a900226bb13.json","parameterValues":["'https://test2.stroyrem-nn.ru/'"]}