{"uid":"8b571fc6611dda01","name":"Авторизация с помощью формы авторизации","fullName":"tests.test_sign_in.test_sign_in_page.TestSignInPage#test_positive_login_with_correct_email_and_password_smoke","historyId":"a273ddf50e4fb1739e30fefb7e3443ae","time":{"start":1707355082356,"stop":1707355082494,"duration":138},"status":"broken","statusMessage":"selenium.common.exceptions.NoSuchElementException: Message: no such element: Unable to locate element: {\"method\":\"css selector\",\"selector\":\"input[value='Войти']\"}\n  (Session info: chrome-headless-shell=121.0.6167.85); For documentation on this error, please visit: https://www.selenium.dev/documentation/webdriver/troubleshooting/errors#no-such-element-exception\nStacktrace:\n#0 0x55723a3e2d93 <unknown>\n#1 0x55723a0c6337 <unknown>\n#2 0x55723a111d60 <unknown>\n#3 0x55723a111e51 <unknown>\n#4 0x55723a155bc4 <unknown>\n#5 0x55723a13446d <unknown>\n#6 0x55723a15312d <unknown>\n#7 0x55723a1341e3 <unknown>\n#8 0x55723a104135 <unknown>\n#9 0x55723a10513e <unknown>\n#10 0x55723a3a6e4b <unknown>\n#11 0x55723a3aadfa <unknown>\n#12 0x55723a3936d5 <unknown>\n#13 0x55723a3aba6f <unknown>\n#14 0x55723a37769f <unknown>\n#15 0x55723a3d0098 <unknown>\n#16 0x55723a3d0262 <unknown>\n#17 0x55723a3e1f34 <unknown>\n#18 0x7f030b638134 <unknown>","statusTrace":"self = <tests.test_sign_in.test_sign_in_page.TestSignInPage object at 0x7f9a1edc9410>\ndriver = <selenium.webdriver.chrome.webdriver.WebDriver (session=\"4a40df920220004dbdf97f52540d2b53\")>\nsign_in_page = <pages.sign_in_page.SignInPage object at 0x7f9a1de63ad0>\nopen_sign_in_window = None\n\n    @allure.title(\"Авторизация с помощью формы авторизации\")\n    @pytest.mark.smoke_test\n    def test_positive_login_with_correct_email_and_password_smoke(self, driver, sign_in_page, open_sign_in_window):\n        sign_in_page.get_email_field().send_keys(credentials['email'])\n        sign_in_page.get_password_field().send_keys(credentials['password'])\n>       sign_in_page.get_sign_in_button().click()\n\ntests/test_sign_in/test_sign_in_page.py:236: \n_ _ _ _ _ _ _ _ _ _ _ _ _ _ _ _ _ _ _ _ _ _ _ _ _ _ _ _ _ _ _ _ _ _ _ _ _ _ _ _ \npages/sign_in_page.py:99: in get_sign_in_button\n    return self.find_element(self._sign_in_button)\nbase/seleniumbase.py:17: in find_element\n    return self.driver.find_element(*locator)\n/usr/local/lib/python3.11/site-packages/selenium/webdriver/remote/webdriver.py:740: in find_element\n    return self.execute(Command.FIND_ELEMENT, {\"using\": by, \"value\": value})[\"value\"]\n/usr/local/lib/python3.11/site-packages/selenium/webdriver/remote/webdriver.py:346: in execute\n    self.error_handler.check_response(response)\n_ _ _ _ _ _ _ _ _ _ _ _ _ _ _ _ _ _ _ _ _ _ _ _ _ _ _ _ _ _ _ _ _ _ _ _ _ _ _ _ \n\nself = <selenium.webdriver.remote.errorhandler.ErrorHandler object at 0x7f9a1e326850>\nresponse = {'status': 404, 'value': '{\"value\":{\"error\":\"no such element\",\"message\":\"no such element: Unable to locate element: {\\...\\\\n#16 0x55723a3d0262 \\\\u003Cunknown>\\\\n#17 0x55723a3e1f34 \\\\u003Cunknown>\\\\n#18 0x7f030b638134 \\\\u003Cunknown>\\\\n\"}}'}\n\n    def check_response(self, response: Dict[str, Any]) -> None:\n        \"\"\"Checks that a JSON response from the WebDriver does not have an\n        error.\n    \n        :Args:\n         - response - The JSON response from the WebDriver server as a dictionary\n           object.\n    \n        :Raises: If the response contains an error message.\n        \"\"\"\n        status = response.get(\"status\", None)\n        if not status or status == ErrorCode.SUCCESS:\n            return\n        value = None\n        message = response.get(\"message\", \"\")\n        screen: str = response.get(\"screen\", \"\")\n        stacktrace = None\n        if isinstance(status, int):\n            value_json = response.get(\"value\", None)\n            if value_json and isinstance(value_json, str):\n                import json\n    \n                try:\n                    value = json.loads(value_json)\n                    if len(value) == 1:\n                        value = value[\"value\"]\n                    status = value.get(\"error\", None)\n                    if not status:\n                        status = value.get(\"status\", ErrorCode.UNKNOWN_ERROR)\n                        message = value.get(\"value\") or value.get(\"message\")\n                        if not isinstance(message, str):\n                            value = message\n                            message = message.get(\"message\")\n                    else:\n                        message = value.get(\"message\", None)\n                except ValueError:\n                    pass\n    \n        exception_class: Type[WebDriverException]\n        if status in ErrorCode.NO_SUCH_ELEMENT:\n            exception_class = NoSuchElementException\n        elif status in ErrorCode.NO_SUCH_FRAME:\n            exception_class = NoSuchFrameException\n        elif status in ErrorCode.NO_SUCH_SHADOW_ROOT:\n            exception_class = NoSuchShadowRootException\n        elif status in ErrorCode.NO_SUCH_WINDOW:\n            exception_class = NoSuchWindowException\n        elif status in ErrorCode.STALE_ELEMENT_REFERENCE:\n            exception_class = StaleElementReferenceException\n        elif status in ErrorCode.ELEMENT_NOT_VISIBLE:\n            exception_class = ElementNotVisibleException\n        elif status in ErrorCode.INVALID_ELEMENT_STATE:\n            exception_class = InvalidElementStateException\n        elif (\n            status in ErrorCode.INVALID_SELECTOR\n            or status in ErrorCode.INVALID_XPATH_SELECTOR\n            or status in ErrorCode.INVALID_XPATH_SELECTOR_RETURN_TYPER\n        ):\n            exception_class = InvalidSelectorException\n        elif status in ErrorCode.ELEMENT_IS_NOT_SELECTABLE:\n            exception_class = ElementNotSelectableException\n        elif status in ErrorCode.ELEMENT_NOT_INTERACTABLE:\n            exception_class = ElementNotInteractableException\n        elif status in ErrorCode.INVALID_COOKIE_DOMAIN:\n            exception_class = InvalidCookieDomainException\n        elif status in ErrorCode.UNABLE_TO_SET_COOKIE:\n            exception_class = UnableToSetCookieException\n        elif status in ErrorCode.TIMEOUT:\n            exception_class = TimeoutException\n        elif status in ErrorCode.SCRIPT_TIMEOUT:\n            exception_class = TimeoutException\n        elif status in ErrorCode.UNKNOWN_ERROR:\n            exception_class = WebDriverException\n        elif status in ErrorCode.UNEXPECTED_ALERT_OPEN:\n            exception_class = UnexpectedAlertPresentException\n        elif status in ErrorCode.NO_ALERT_OPEN:\n            exception_class = NoAlertPresentException\n        elif status in ErrorCode.IME_NOT_AVAILABLE:\n            exception_class = ImeNotAvailableException\n        elif status in ErrorCode.IME_ENGINE_ACTIVATION_FAILED:\n            exception_class = ImeActivationFailedException\n        elif status in ErrorCode.MOVE_TARGET_OUT_OF_BOUNDS:\n            exception_class = MoveTargetOutOfBoundsException\n        elif status in ErrorCode.JAVASCRIPT_ERROR:\n            exception_class = JavascriptException\n        elif status in ErrorCode.SESSION_NOT_CREATED:\n            exception_class = SessionNotCreatedException\n        elif status in ErrorCode.INVALID_ARGUMENT:\n            exception_class = InvalidArgumentException\n        elif status in ErrorCode.NO_SUCH_COOKIE:\n            exception_class = NoSuchCookieException\n        elif status in ErrorCode.UNABLE_TO_CAPTURE_SCREEN:\n            exception_class = ScreenshotException\n        elif status in ErrorCode.ELEMENT_CLICK_INTERCEPTED:\n            exception_class = ElementClickInterceptedException\n        elif status in ErrorCode.INSECURE_CERTIFICATE:\n            exception_class = InsecureCertificateException\n        elif status in ErrorCode.INVALID_COORDINATES:\n            exception_class = InvalidCoordinatesException\n        elif status in ErrorCode.INVALID_SESSION_ID:\n            exception_class = InvalidSessionIdException\n        elif status in ErrorCode.UNKNOWN_METHOD:\n            exception_class = UnknownMethodException\n        else:\n            exception_class = WebDriverException\n        if not value:\n            value = response[\"value\"]\n        if isinstance(value, str):\n            raise exception_class(value)\n        if message == \"\" and \"message\" in value:\n            message = value[\"message\"]\n    \n        screen = None  # type: ignore[assignment]\n        if \"screen\" in value:\n            screen = value[\"screen\"]\n    \n        stacktrace = None\n        st_value = value.get(\"stackTrace\") or value.get(\"stacktrace\")\n        if st_value:\n            if isinstance(st_value, str):\n                stacktrace = st_value.split(\"\\n\")\n            else:\n                stacktrace = []\n                try:\n                    for frame in st_value:\n                        line = frame.get(\"lineNumber\", \"\")\n                        file = frame.get(\"fileName\", \"<anonymous>\")\n                        if line:\n                            file = f\"{file}:{line}\"\n                        meth = frame.get(\"methodName\", \"<anonymous>\")\n                        if \"className\" in frame:\n                            meth = f\"{frame['className']}.{meth}\"\n                        msg = \"    at %s (%s)\"\n                        msg = msg % (meth, file)\n                        stacktrace.append(msg)\n                except TypeError:\n                    pass\n        if exception_class == UnexpectedAlertPresentException:\n            alert_text = None\n            if \"data\" in value:\n                alert_text = value[\"data\"].get(\"text\")\n            elif \"alert\" in value:\n                alert_text = value[\"alert\"].get(\"text\")\n            raise exception_class(message, screen, stacktrace, alert_text)  # type: ignore[call-arg]  # mypy is not smart enough here\n>       raise exception_class(message, screen, stacktrace)\nE       selenium.common.exceptions.NoSuchElementException: Message: no such element: Unable to locate element: {\"method\":\"css selector\",\"selector\":\"input[value='Войти']\"}\nE         (Session info: chrome-headless-shell=121.0.6167.85); For documentation on this error, please visit: https://www.selenium.dev/documentation/webdriver/troubleshooting/errors#no-such-element-exception\nE       Stacktrace:\nE       #0 0x55723a3e2d93 <unknown>\nE       #1 0x55723a0c6337 <unknown>\nE       #2 0x55723a111d60 <unknown>\nE       #3 0x55723a111e51 <unknown>\nE       #4 0x55723a155bc4 <unknown>\nE       #5 0x55723a13446d <unknown>\nE       #6 0x55723a15312d <unknown>\nE       #7 0x55723a1341e3 <unknown>\nE       #8 0x55723a104135 <unknown>\nE       #9 0x55723a10513e <unknown>\nE       #10 0x55723a3a6e4b <unknown>\nE       #11 0x55723a3aadfa <unknown>\nE       #12 0x55723a3936d5 <unknown>\nE       #13 0x55723a3aba6f <unknown>\nE       #14 0x55723a37769f <unknown>\nE       #15 0x55723a3d0098 <unknown>\nE       #16 0x55723a3d0262 <unknown>\nE       #17 0x55723a3e1f34 <unknown>\nE       #18 0x7f030b638134 <unknown>\n\n/usr/local/lib/python3.11/site-packages/selenium/webdriver/remote/errorhandler.py:245: NoSuchElementException","flaky":false,"newFailed":false,"newBroken":false,"newPassed":false,"retriesCount":0,"retriesStatusChange":false,"beforeStages":[{"name":"_session_faker","time":{"start":1707353984675,"stop":1707353984743,"duration":68},"status":"passed","steps":[],"attachments":[],"parameters":[],"shouldDisplayMessage":false,"stepsCount":0,"attachmentsCount":0,"hasContent":false,"attachmentStep":false},{"name":"clear_allure_results_folder","time":{"start":1707353984743,"stop":1707353984743,"duration":0},"status":"passed","steps":[],"attachments":[],"parameters":[],"shouldDisplayMessage":false,"stepsCount":0,"attachmentsCount":0,"hasContent":false,"attachmentStep":false},{"name":"driver","time":{"start":1707355075089,"stop":1707355075855,"duration":766},"status":"passed","steps":[],"attachments":[],"parameters":[],"shouldDisplayMessage":false,"stepsCount":0,"attachmentsCount":0,"hasContent":false,"attachmentStep":false},{"name":"sign_in_page","time":{"start":1707355075855,"stop":1707355082020,"duration":6165},"status":"passed","steps":[],"attachments":[],"parameters":[],"shouldDisplayMessage":false,"stepsCount":0,"attachmentsCount":0,"hasContent":false,"attachmentStep":false},{"name":"setup","time":{"start":1707355075855,"stop":1707355075855,"duration":0},"status":"passed","steps":[],"attachments":[],"parameters":[],"shouldDisplayMessage":false,"stepsCount":0,"attachmentsCount":0,"hasContent":false,"attachmentStep":false},{"name":"open_sign_in_window","time":{"start":1707355082020,"stop":1707355082356,"duration":336},"status":"passed","steps":[{"name":"Нахождение элемента: иконка профиля в хедере","time":{"start":1707355082021,"stop":1707355082030,"duration":9},"status":"passed","steps":[],"attachments":[],"parameters":[],"shouldDisplayMessage":false,"stepsCount":0,"attachmentsCount":0,"hasContent":false,"attachmentStep":false}],"attachments":[],"parameters":[],"shouldDisplayMessage":false,"stepsCount":1,"attachmentsCount":0,"hasContent":true,"attachmentStep":false}],"testStage":{"status":"broken","statusMessage":"selenium.common.exceptions.NoSuchElementException: Message: no such element: Unable to locate element: {\"method\":\"css selector\",\"selector\":\"input[value='Войти']\"}\n  (Session info: chrome-headless-shell=121.0.6167.85); For documentation on this error, please visit: https://www.selenium.dev/documentation/webdriver/troubleshooting/errors#no-such-element-exception\nStacktrace:\n#0 0x55723a3e2d93 <unknown>\n#1 0x55723a0c6337 <unknown>\n#2 0x55723a111d60 <unknown>\n#3 0x55723a111e51 <unknown>\n#4 0x55723a155bc4 <unknown>\n#5 0x55723a13446d <unknown>\n#6 0x55723a15312d <unknown>\n#7 0x55723a1341e3 <unknown>\n#8 0x55723a104135 <unknown>\n#9 0x55723a10513e <unknown>\n#10 0x55723a3a6e4b <unknown>\n#11 0x55723a3aadfa <unknown>\n#12 0x55723a3936d5 <unknown>\n#13 0x55723a3aba6f <unknown>\n#14 0x55723a37769f <unknown>\n#15 0x55723a3d0098 <unknown>\n#16 0x55723a3d0262 <unknown>\n#17 0x55723a3e1f34 <unknown>\n#18 0x7f030b638134 <unknown>","statusTrace":"self = <tests.test_sign_in.test_sign_in_page.TestSignInPage object at 0x7f9a1edc9410>\ndriver = <selenium.webdriver.chrome.webdriver.WebDriver (session=\"4a40df920220004dbdf97f52540d2b53\")>\nsign_in_page = <pages.sign_in_page.SignInPage object at 0x7f9a1de63ad0>\nopen_sign_in_window = None\n\n    @allure.title(\"Авторизация с помощью формы авторизации\")\n    @pytest.mark.smoke_test\n    def test_positive_login_with_correct_email_and_password_smoke(self, driver, sign_in_page, open_sign_in_window):\n        sign_in_page.get_email_field().send_keys(credentials['email'])\n        sign_in_page.get_password_field().send_keys(credentials['password'])\n>       sign_in_page.get_sign_in_button().click()\n\ntests/test_sign_in/test_sign_in_page.py:236: \n_ _ _ _ _ _ _ _ _ _ _ _ _ _ _ _ _ _ _ _ _ _ _ _ _ _ _ _ _ _ _ _ _ _ _ _ _ _ _ _ \npages/sign_in_page.py:99: in get_sign_in_button\n    return self.find_element(self._sign_in_button)\nbase/seleniumbase.py:17: in find_element\n    return self.driver.find_element(*locator)\n/usr/local/lib/python3.11/site-packages/selenium/webdriver/remote/webdriver.py:740: in find_element\n    return self.execute(Command.FIND_ELEMENT, {\"using\": by, \"value\": value})[\"value\"]\n/usr/local/lib/python3.11/site-packages/selenium/webdriver/remote/webdriver.py:346: in execute\n    self.error_handler.check_response(response)\n_ _ _ _ _ _ _ _ _ _ _ _ _ _ _ _ _ _ _ _ _ _ _ _ _ _ _ _ _ _ _ _ _ _ _ _ _ _ _ _ \n\nself = <selenium.webdriver.remote.errorhandler.ErrorHandler object at 0x7f9a1e326850>\nresponse = {'status': 404, 'value': '{\"value\":{\"error\":\"no such element\",\"message\":\"no such element: Unable to locate element: {\\...\\\\n#16 0x55723a3d0262 \\\\u003Cunknown>\\\\n#17 0x55723a3e1f34 \\\\u003Cunknown>\\\\n#18 0x7f030b638134 \\\\u003Cunknown>\\\\n\"}}'}\n\n    def check_response(self, response: Dict[str, Any]) -> None:\n        \"\"\"Checks that a JSON response from the WebDriver does not have an\n        error.\n    \n        :Args:\n         - response - The JSON response from the WebDriver server as a dictionary\n           object.\n    \n        :Raises: If the response contains an error message.\n        \"\"\"\n        status = response.get(\"status\", None)\n        if not status or status == ErrorCode.SUCCESS:\n            return\n        value = None\n        message = response.get(\"message\", \"\")\n        screen: str = response.get(\"screen\", \"\")\n        stacktrace = None\n        if isinstance(status, int):\n            value_json = response.get(\"value\", None)\n            if value_json and isinstance(value_json, str):\n                import json\n    \n                try:\n                    value = json.loads(value_json)\n                    if len(value) == 1:\n                        value = value[\"value\"]\n                    status = value.get(\"error\", None)\n                    if not status:\n                        status = value.get(\"status\", ErrorCode.UNKNOWN_ERROR)\n                        message = value.get(\"value\") or value.get(\"message\")\n                        if not isinstance(message, str):\n                            value = message\n                            message = message.get(\"message\")\n                    else:\n                        message = value.get(\"message\", None)\n                except ValueError:\n                    pass\n    \n        exception_class: Type[WebDriverException]\n        if status in ErrorCode.NO_SUCH_ELEMENT:\n            exception_class = NoSuchElementException\n        elif status in ErrorCode.NO_SUCH_FRAME:\n            exception_class = NoSuchFrameException\n        elif status in ErrorCode.NO_SUCH_SHADOW_ROOT:\n            exception_class = NoSuchShadowRootException\n        elif status in ErrorCode.NO_SUCH_WINDOW:\n            exception_class = NoSuchWindowException\n        elif status in ErrorCode.STALE_ELEMENT_REFERENCE:\n            exception_class = StaleElementReferenceException\n        elif status in ErrorCode.ELEMENT_NOT_VISIBLE:\n            exception_class = ElementNotVisibleException\n        elif status in ErrorCode.INVALID_ELEMENT_STATE:\n            exception_class = InvalidElementStateException\n        elif (\n            status in ErrorCode.INVALID_SELECTOR\n            or status in ErrorCode.INVALID_XPATH_SELECTOR\n            or status in ErrorCode.INVALID_XPATH_SELECTOR_RETURN_TYPER\n        ):\n            exception_class = InvalidSelectorException\n        elif status in ErrorCode.ELEMENT_IS_NOT_SELECTABLE:\n            exception_class = ElementNotSelectableException\n        elif status in ErrorCode.ELEMENT_NOT_INTERACTABLE:\n            exception_class = ElementNotInteractableException\n        elif status in ErrorCode.INVALID_COOKIE_DOMAIN:\n            exception_class = InvalidCookieDomainException\n        elif status in ErrorCode.UNABLE_TO_SET_COOKIE:\n            exception_class = UnableToSetCookieException\n        elif status in ErrorCode.TIMEOUT:\n            exception_class = TimeoutException\n        elif status in ErrorCode.SCRIPT_TIMEOUT:\n            exception_class = TimeoutException\n        elif status in ErrorCode.UNKNOWN_ERROR:\n            exception_class = WebDriverException\n        elif status in ErrorCode.UNEXPECTED_ALERT_OPEN:\n            exception_class = UnexpectedAlertPresentException\n        elif status in ErrorCode.NO_ALERT_OPEN:\n            exception_class = NoAlertPresentException\n        elif status in ErrorCode.IME_NOT_AVAILABLE:\n            exception_class = ImeNotAvailableException\n        elif status in ErrorCode.IME_ENGINE_ACTIVATION_FAILED:\n            exception_class = ImeActivationFailedException\n        elif status in ErrorCode.MOVE_TARGET_OUT_OF_BOUNDS:\n            exception_class = MoveTargetOutOfBoundsException\n        elif status in ErrorCode.JAVASCRIPT_ERROR:\n            exception_class = JavascriptException\n        elif status in ErrorCode.SESSION_NOT_CREATED:\n            exception_class = SessionNotCreatedException\n        elif status in ErrorCode.INVALID_ARGUMENT:\n            exception_class = InvalidArgumentException\n        elif status in ErrorCode.NO_SUCH_COOKIE:\n            exception_class = NoSuchCookieException\n        elif status in ErrorCode.UNABLE_TO_CAPTURE_SCREEN:\n            exception_class = ScreenshotException\n        elif status in ErrorCode.ELEMENT_CLICK_INTERCEPTED:\n            exception_class = ElementClickInterceptedException\n        elif status in ErrorCode.INSECURE_CERTIFICATE:\n            exception_class = InsecureCertificateException\n        elif status in ErrorCode.INVALID_COORDINATES:\n            exception_class = InvalidCoordinatesException\n        elif status in ErrorCode.INVALID_SESSION_ID:\n            exception_class = InvalidSessionIdException\n        elif status in ErrorCode.UNKNOWN_METHOD:\n            exception_class = UnknownMethodException\n        else:\n            exception_class = WebDriverException\n        if not value:\n            value = response[\"value\"]\n        if isinstance(value, str):\n            raise exception_class(value)\n        if message == \"\" and \"message\" in value:\n            message = value[\"message\"]\n    \n        screen = None  # type: ignore[assignment]\n        if \"screen\" in value:\n            screen = value[\"screen\"]\n    \n        stacktrace = None\n        st_value = value.get(\"stackTrace\") or value.get(\"stacktrace\")\n        if st_value:\n            if isinstance(st_value, str):\n                stacktrace = st_value.split(\"\\n\")\n            else:\n                stacktrace = []\n                try:\n                    for frame in st_value:\n                        line = frame.get(\"lineNumber\", \"\")\n                        file = frame.get(\"fileName\", \"<anonymous>\")\n                        if line:\n                            file = f\"{file}:{line}\"\n                        meth = frame.get(\"methodName\", \"<anonymous>\")\n                        if \"className\" in frame:\n                            meth = f\"{frame['className']}.{meth}\"\n                        msg = \"    at %s (%s)\"\n                        msg = msg % (meth, file)\n                        stacktrace.append(msg)\n                except TypeError:\n                    pass\n        if exception_class == UnexpectedAlertPresentException:\n            alert_text = None\n            if \"data\" in value:\n                alert_text = value[\"data\"].get(\"text\")\n            elif \"alert\" in value:\n                alert_text = value[\"alert\"].get(\"text\")\n            raise exception_class(message, screen, stacktrace, alert_text)  # type: ignore[call-arg]  # mypy is not smart enough here\n>       raise exception_class(message, screen, stacktrace)\nE       selenium.common.exceptions.NoSuchElementException: Message: no such element: Unable to locate element: {\"method\":\"css selector\",\"selector\":\"input[value='Войти']\"}\nE         (Session info: chrome-headless-shell=121.0.6167.85); For documentation on this error, please visit: https://www.selenium.dev/documentation/webdriver/troubleshooting/errors#no-such-element-exception\nE       Stacktrace:\nE       #0 0x55723a3e2d93 <unknown>\nE       #1 0x55723a0c6337 <unknown>\nE       #2 0x55723a111d60 <unknown>\nE       #3 0x55723a111e51 <unknown>\nE       #4 0x55723a155bc4 <unknown>\nE       #5 0x55723a13446d <unknown>\nE       #6 0x55723a15312d <unknown>\nE       #7 0x55723a1341e3 <unknown>\nE       #8 0x55723a104135 <unknown>\nE       #9 0x55723a10513e <unknown>\nE       #10 0x55723a3a6e4b <unknown>\nE       #11 0x55723a3aadfa <unknown>\nE       #12 0x55723a3936d5 <unknown>\nE       #13 0x55723a3aba6f <unknown>\nE       #14 0x55723a37769f <unknown>\nE       #15 0x55723a3d0098 <unknown>\nE       #16 0x55723a3d0262 <unknown>\nE       #17 0x55723a3e1f34 <unknown>\nE       #18 0x7f030b638134 <unknown>\n\n/usr/local/lib/python3.11/site-packages/selenium/webdriver/remote/errorhandler.py:245: NoSuchElementException","steps":[{"name":"Нахождение элемента: поле ввода Email окна авторизации","time":{"start":1707355082356,"stop":1707355082369,"duration":13},"status":"passed","steps":[],"attachments":[],"parameters":[],"shouldDisplayMessage":false,"stepsCount":0,"attachmentsCount":0,"hasContent":false,"attachmentStep":false},{"name":"Нахождение элемента: поле ввода пароля окна авторизации","time":{"start":1707355082430,"stop":1707355082438,"duration":8},"status":"passed","steps":[],"attachments":[],"parameters":[],"shouldDisplayMessage":false,"stepsCount":0,"attachmentsCount":0,"hasContent":false,"attachmentStep":false},{"name":"Нахождение элемента: кнопка 'Войти' окна авторизации","time":{"start":1707355082481,"stop":1707355082493,"duration":12},"status":"broken","statusMessage":"selenium.common.exceptions.NoSuchElementException: Message: no such element: Unable to locate element: {\"method\":\"css selector\",\"selector\":\"input[value='Войти']\"}\n  (Session info: chrome-headless-shell=121.0.6167.85); For documentation on this error, please visit: https://www.selenium.dev/documentation/webdriver/troubleshooting/errors#no-such-element-exception\nStacktrace:\n#0 0x55723a3e2d93 <unknown>\n#1 0x55723a0c6337 <unknown>\n#2 0x55723a111d60 <unknown>\n#3 0x55723a111e51 <unknown>\n#4 0x55723a155bc4 <unknown>\n#5 0x55723a13446d <unknown>\n#6 0x55723a15312d <unknown>\n#7 0x55723a1341e3 <unknown>\n#8 0x55723a104135 <unknown>\n#9 0x55723a10513e <unknown>\n#10 0x55723a3a6e4b <unknown>\n#11 0x55723a3aadfa <unknown>\n#12 0x55723a3936d5 <unknown>\n#13 0x55723a3aba6f <unknown>\n#14 0x55723a37769f <unknown>\n#15 0x55723a3d0098 <unknown>\n#16 0x55723a3d0262 <unknown>\n#17 0x55723a3e1f34 <unknown>\n#18 0x7f030b638134 <unknown>\n\n","statusTrace":"  File \"/usr/local/lib/python3.11/site-packages/allure_commons/_allure.py\", line 192, in impl\n    return func(*a, **kw)\n           ^^^^^^^^^^^^^^\n  File \"/app/pages/sign_in_page.py\", line 99, in get_sign_in_button\n    return self.find_element(self._sign_in_button)\n           ^^^^^^^^^^^^^^^^^^^^^^^^^^^^^^^^^^^^^^^\n  File \"/app/base/seleniumbase.py\", line 17, in find_element\n    return self.driver.find_element(*locator)\n           ^^^^^^^^^^^^^^^^^^^^^^^^^^^^^^^^^^\n  File \"/usr/local/lib/python3.11/site-packages/selenium/webdriver/remote/webdriver.py\", line 740, in find_element\n    return self.execute(Command.FIND_ELEMENT, {\"using\": by, \"value\": value})[\"value\"]\n           ^^^^^^^^^^^^^^^^^^^^^^^^^^^^^^^^^^^^^^^^^^^^^^^^^^^^^^^^^^^^^^^^^\n  File \"/usr/local/lib/python3.11/site-packages/selenium/webdriver/remote/webdriver.py\", line 346, in execute\n    self.error_handler.check_response(response)\n  File \"/usr/local/lib/python3.11/site-packages/selenium/webdriver/remote/errorhandler.py\", line 245, in check_response\n    raise exception_class(message, screen, stacktrace)\n","steps":[],"attachments":[],"parameters":[],"shouldDisplayMessage":true,"stepsCount":0,"attachmentsCount":0,"hasContent":true,"attachmentStep":false}],"attachments":[{"uid":"ac5f5c77742374b1","name":"Screenshot","source":"ac5f5c77742374b1.png","type":"image/png","size":38588},{"uid":"e7bdbc106d892cc9","name":"HTML source","source":"e7bdbc106d892cc9.html","type":"text/html","size":398913}],"parameters":[],"shouldDisplayMessage":true,"stepsCount":3,"attachmentsCount":2,"hasContent":true,"attachmentStep":false},"afterStages":[{"name":"driver::0","time":{"start":1707355082642,"stop":1707355082712,"duration":70},"status":"passed","steps":[],"attachments":[],"parameters":[],"shouldDisplayMessage":false,"stepsCount":0,"attachmentsCount":0,"hasContent":false,"attachmentStep":false},{"name":"setup::0","time":{"start":1707355082642,"stop":1707355082642,"duration":0},"status":"passed","steps":[],"attachments":[],"parameters":[],"shouldDisplayMessage":false,"stepsCount":0,"attachmentsCount":0,"hasContent":false,"attachmentStep":false}],"labels":[{"name":"epic","value":"Sign In Page"},{"name":"tag","value":"smoke_test"},{"name":"parentSuite","value":"tests.test_sign_in"},{"name":"suite","value":"test_sign_in_page"},{"name":"subSuite","value":"TestSignInPage"},{"name":"host","value":"42fc4b2d282e"},{"name":"thread","value":"1-MainThread"},{"name":"framework","value":"pytest"},{"name":"language","value":"cpython3"},{"name":"package","value":"tests.test_sign_in.test_sign_in_page"},{"name":"resultFormat","value":"allure2"}],"parameters":[],"links":[],"hidden":false,"retry":false,"extra":{"severity":"normal","retries":[],"categories":[{"name":"Test defects","matchedStatuses":[],"flaky":false}],"history":{"statistic":{"failed":101,"broken":40,"skipped":5,"passed":50,"unknown":0,"total":196},"items":[{"uid":"6fad94a05d982b97","reportUrl":"https://zaelcovsky.github.io/StroyremAutomation/225//#testresult/6fad94a05d982b97","status":"broken","statusDetails":"selenium.common.exceptions.NoSuchElementException: Message: no such element: Unable to locate element: {\"method\":\"css selector\",\"selector\":\"input[value='Войти']\"}\n  (Session info: chrome-headless-shell=121.0.6167.85); For documentation on this error, please visit: https://www.selenium.dev/documentation/webdriver/troubleshooting/errors#no-such-element-exception\nStacktrace:\n#0 0x55873b1e1d93 <unknown>\n#1 0x55873aec5337 <unknown>\n#2 0x55873af10d60 <unknown>\n#3 0x55873af10e51 <unknown>\n#4 0x55873af54bc4 <unknown>\n#5 0x55873af3346d <unknown>\n#6 0x55873af5212d <unknown>\n#7 0x55873af331e3 <unknown>\n#8 0x55873af03135 <unknown>\n#9 0x55873af0413e <unknown>\n#10 0x55873b1a5e4b <unknown>\n#11 0x55873b1a9dfa <unknown>\n#12 0x55873b1926d5 <unknown>\n#13 0x55873b1aaa6f <unknown>\n#14 0x55873b17669f <unknown>\n#15 0x55873b1cf098 <unknown>\n#16 0x55873b1cf262 <unknown>\n#17 0x55873b1e0f34 <unknown>\n#18 0x7fa26e9de134 <unknown>","time":{"start":1707268626563,"stop":1707268626703,"duration":140}},{"uid":"5132cb56796c8fe7","reportUrl":"https://zaelcovsky.github.io/StroyremAutomation/224//#testresult/5132cb56796c8fe7","status":"broken","statusDetails":"selenium.common.exceptions.NoSuchElementException: Message: no such element: Unable to locate element: {\"method\":\"css selector\",\"selector\":\"input[value='Войти']\"}\n  (Session info: chrome-headless-shell=121.0.6167.85); For documentation on this error, please visit: https://www.selenium.dev/documentation/webdriver/troubleshooting/errors#no-such-element-exception\nStacktrace:\n#0 0x55b1e65e5d93 <unknown>\n#1 0x55b1e62c9337 <unknown>\n#2 0x55b1e6314d60 <unknown>\n#3 0x55b1e6314e51 <unknown>\n#4 0x55b1e6358bc4 <unknown>\n#5 0x55b1e633746d <unknown>\n#6 0x55b1e635612d <unknown>\n#7 0x55b1e63371e3 <unknown>\n#8 0x55b1e6307135 <unknown>\n#9 0x55b1e630813e <unknown>\n#10 0x55b1e65a9e4b <unknown>\n#11 0x55b1e65addfa <unknown>\n#12 0x55b1e65966d5 <unknown>\n#13 0x55b1e65aea6f <unknown>\n#14 0x55b1e657a69f <unknown>\n#15 0x55b1e65d3098 <unknown>\n#16 0x55b1e65d3262 <unknown>\n#17 0x55b1e65e4f34 <unknown>\n#18 0x7f5dbc9ee134 <unknown>","time":{"start":1707182333979,"stop":1707182334119,"duration":140}},{"uid":"fcc3ef3733f27900","reportUrl":"https://zaelcovsky.github.io/StroyremAutomation/223//#testresult/fcc3ef3733f27900","status":"broken","statusDetails":"selenium.common.exceptions.NoSuchElementException: Message: no such element: Unable to locate element: {\"method\":\"css selector\",\"selector\":\"input[value='Войти']\"}\n  (Session info: chrome-headless-shell=121.0.6167.85); For documentation on this error, please visit: https://www.selenium.dev/documentation/webdriver/troubleshooting/errors#no-such-element-exception\nStacktrace:\n#0 0x55fc2a578d93 <unknown>\n#1 0x55fc2a25c337 <unknown>\n#2 0x55fc2a2a7d60 <unknown>\n#3 0x55fc2a2a7e51 <unknown>\n#4 0x55fc2a2ebbc4 <unknown>\n#5 0x55fc2a2ca46d <unknown>\n#6 0x55fc2a2e912d <unknown>\n#7 0x55fc2a2ca1e3 <unknown>\n#8 0x55fc2a29a135 <unknown>\n#9 0x55fc2a29b13e <unknown>\n#10 0x55fc2a53ce4b <unknown>\n#11 0x55fc2a540dfa <unknown>\n#12 0x55fc2a5296d5 <unknown>\n#13 0x55fc2a541a6f <unknown>\n#14 0x55fc2a50d69f <unknown>\n#15 0x55fc2a566098 <unknown>\n#16 0x55fc2a566262 <unknown>\n#17 0x55fc2a577f34 <unknown>\n#18 0x7ff53d419134 <unknown>","time":{"start":1707096064516,"stop":1707096064646,"duration":130}},{"uid":"84dda9da035b331f","reportUrl":"https://zaelcovsky.github.io/StroyremAutomation/222//#testresult/84dda9da035b331f","status":"broken","statusDetails":"selenium.common.exceptions.NoSuchElementException: Message: no such element: Unable to locate element: {\"method\":\"css selector\",\"selector\":\"input[value='Войти']\"}\n  (Session info: chrome-headless-shell=121.0.6167.85); For documentation on this error, please visit: https://www.selenium.dev/documentation/webdriver/troubleshooting/errors#no-such-element-exception\nStacktrace:\n#0 0x558998dadd93 <unknown>\n#1 0x558998a91337 <unknown>\n#2 0x558998adcd60 <unknown>\n#3 0x558998adce51 <unknown>\n#4 0x558998b20bc4 <unknown>\n#5 0x558998aff46d <unknown>\n#6 0x558998b1e12d <unknown>\n#7 0x558998aff1e3 <unknown>\n#8 0x558998acf135 <unknown>\n#9 0x558998ad013e <unknown>\n#10 0x558998d71e4b <unknown>\n#11 0x558998d75dfa <unknown>\n#12 0x558998d5e6d5 <unknown>\n#13 0x558998d76a6f <unknown>\n#14 0x558998d4269f <unknown>\n#15 0x558998d9b098 <unknown>\n#16 0x558998d9b262 <unknown>\n#17 0x558998dacf34 <unknown>\n#18 0x7fb0758fd134 <unknown>","time":{"start":1707009823107,"stop":1707009823248,"duration":141}},{"uid":"263e4314cae01bfc","reportUrl":"https://zaelcovsky.github.io/StroyremAutomation/221//#testresult/263e4314cae01bfc","status":"broken","statusDetails":"selenium.common.exceptions.NoSuchElementException: Message: no such element: Unable to locate element: {\"method\":\"css selector\",\"selector\":\"input[value='Войти']\"}\n  (Session info: chrome-headless-shell=121.0.6167.85); For documentation on this error, please visit: https://www.selenium.dev/documentation/webdriver/troubleshooting/errors#no-such-element-exception\nStacktrace:\n#0 0x55de3db7fd93 <unknown>\n#1 0x55de3d863337 <unknown>\n#2 0x55de3d8aed60 <unknown>\n#3 0x55de3d8aee51 <unknown>\n#4 0x55de3d8f2bc4 <unknown>\n#5 0x55de3d8d146d <unknown>\n#6 0x55de3d8f012d <unknown>\n#7 0x55de3d8d11e3 <unknown>\n#8 0x55de3d8a1135 <unknown>\n#9 0x55de3d8a213e <unknown>\n#10 0x55de3db43e4b <unknown>\n#11 0x55de3db47dfa <unknown>\n#12 0x55de3db306d5 <unknown>\n#13 0x55de3db48a6f <unknown>\n#14 0x55de3db1469f <unknown>\n#15 0x55de3db6d098 <unknown>\n#16 0x55de3db6d262 <unknown>\n#17 0x55de3db7ef34 <unknown>\n#18 0x7fd5d59c9134 <unknown>","time":{"start":1706923111879,"stop":1706923112015,"duration":136}},{"uid":"61425c1c32339d2b","reportUrl":"https://zaelcovsky.github.io/StroyremAutomation/220//#testresult/61425c1c32339d2b","status":"broken","statusDetails":"selenium.common.exceptions.NoSuchElementException: Message: no such element: Unable to locate element: {\"method\":\"css selector\",\"selector\":\"input[value='Войти']\"}\n  (Session info: chrome-headless-shell=121.0.6167.85); For documentation on this error, please visit: https://www.selenium.dev/documentation/webdriver/troubleshooting/errors#no-such-element-exception\nStacktrace:\n#0 0x55a69e42fd93 <unknown>\n#1 0x55a69e113337 <unknown>\n#2 0x55a69e15ed60 <unknown>\n#3 0x55a69e15ee51 <unknown>\n#4 0x55a69e1a2bc4 <unknown>\n#5 0x55a69e18146d <unknown>\n#6 0x55a69e1a012d <unknown>\n#7 0x55a69e1811e3 <unknown>\n#8 0x55a69e151135 <unknown>\n#9 0x55a69e15213e <unknown>\n#10 0x55a69e3f3e4b <unknown>\n#11 0x55a69e3f7dfa <unknown>\n#12 0x55a69e3e06d5 <unknown>\n#13 0x55a69e3f8a6f <unknown>\n#14 0x55a69e3c469f <unknown>\n#15 0x55a69e41d098 <unknown>\n#16 0x55a69e41d262 <unknown>\n#17 0x55a69e42ef34 <unknown>\n#18 0x7f5272600134 <unknown>","time":{"start":1706836784990,"stop":1706836785133,"duration":143}},{"uid":"de2013e617777ef3","reportUrl":"https://zaelcovsky.github.io/StroyremAutomation/219//#testresult/de2013e617777ef3","status":"broken","statusDetails":"selenium.common.exceptions.NoSuchElementException: Message: no such element: Unable to locate element: {\"method\":\"css selector\",\"selector\":\"input[value='Войти']\"}\n  (Session info: chrome-headless-shell=121.0.6167.85); For documentation on this error, please visit: https://www.selenium.dev/documentation/webdriver/troubleshooting/errors#no-such-element-exception\nStacktrace:\n#0 0x55922f73ad93 <unknown>\n#1 0x55922f41e337 <unknown>\n#2 0x55922f469d60 <unknown>\n#3 0x55922f469e51 <unknown>\n#4 0x55922f4adbc4 <unknown>\n#5 0x55922f48c46d <unknown>\n#6 0x55922f4ab12d <unknown>\n#7 0x55922f48c1e3 <unknown>\n#8 0x55922f45c135 <unknown>\n#9 0x55922f45d13e <unknown>\n#10 0x55922f6fee4b <unknown>\n#11 0x55922f702dfa <unknown>\n#12 0x55922f6eb6d5 <unknown>\n#13 0x55922f703a6f <unknown>\n#14 0x55922f6cf69f <unknown>\n#15 0x55922f728098 <unknown>\n#16 0x55922f728262 <unknown>\n#17 0x55922f739f34 <unknown>\n#18 0x7f2342685044 <unknown>","time":{"start":1706750776773,"stop":1706750776908,"duration":135}},{"uid":"88e90bc02116778a","reportUrl":"https://zaelcovsky.github.io/StroyremAutomation/218//#testresult/88e90bc02116778a","status":"broken","statusDetails":"selenium.common.exceptions.NoSuchElementException: Message: no such element: Unable to locate element: {\"method\":\"css selector\",\"selector\":\"input[value='Войти']\"}\n  (Session info: chrome-headless-shell=121.0.6167.85); For documentation on this error, please visit: https://www.selenium.dev/documentation/webdriver/troubleshooting/errors#no-such-element-exception\nStacktrace:\n#0 0x5647edb7dd93 <unknown>\n#1 0x5647ed861337 <unknown>\n#2 0x5647ed8acd60 <unknown>\n#3 0x5647ed8ace51 <unknown>\n#4 0x5647ed8f0bc4 <unknown>\n#5 0x5647ed8cf46d <unknown>\n#6 0x5647ed8ee12d <unknown>\n#7 0x5647ed8cf1e3 <unknown>\n#8 0x5647ed89f135 <unknown>\n#9 0x5647ed8a013e <unknown>\n#10 0x5647edb41e4b <unknown>\n#11 0x5647edb45dfa <unknown>\n#12 0x5647edb2e6d5 <unknown>\n#13 0x5647edb46a6f <unknown>\n#14 0x5647edb1269f <unknown>\n#15 0x5647edb6b098 <unknown>\n#16 0x5647edb6b262 <unknown>\n#17 0x5647edb7cf34 <unknown>\n#18 0x7f3a38bca044 <unknown>","time":{"start":1706663999172,"stop":1706663999310,"duration":138}},{"uid":"e06e3e08c804d01b","reportUrl":"https://zaelcovsky.github.io/StroyremAutomation/217//#testresult/e06e3e08c804d01b","status":"broken","statusDetails":"selenium.common.exceptions.NoSuchElementException: Message: no such element: Unable to locate element: {\"method\":\"css selector\",\"selector\":\"input[value='Войти']\"}\n  (Session info: chrome-headless-shell=121.0.6167.85); For documentation on this error, please visit: https://www.selenium.dev/documentation/webdriver/troubleshooting/errors#no-such-element-exception\nStacktrace:\n#0 0x55649785ed93 <unknown>\n#1 0x556497542337 <unknown>\n#2 0x55649758dd60 <unknown>\n#3 0x55649758de51 <unknown>\n#4 0x5564975d1bc4 <unknown>\n#5 0x5564975b046d <unknown>\n#6 0x5564975cf12d <unknown>\n#7 0x5564975b01e3 <unknown>\n#8 0x556497580135 <unknown>\n#9 0x55649758113e <unknown>\n#10 0x556497822e4b <unknown>\n#11 0x556497826dfa <unknown>\n#12 0x55649780f6d5 <unknown>\n#13 0x556497827a6f <unknown>\n#14 0x5564977f369f <unknown>\n#15 0x55649784c098 <unknown>\n#16 0x55649784c262 <unknown>\n#17 0x55649785df34 <unknown>\n#18 0x7f2579a30044 <unknown>","time":{"start":1706577542464,"stop":1706577542607,"duration":143}},{"uid":"fdc7cfb2ef13ec6b","reportUrl":"https://zaelcovsky.github.io/StroyremAutomation/216//#testresult/fdc7cfb2ef13ec6b","status":"broken","statusDetails":"selenium.common.exceptions.NoSuchElementException: Message: no such element: Unable to locate element: {\"method\":\"css selector\",\"selector\":\"input[value='Войти']\"}\n  (Session info: chrome-headless-shell=121.0.6167.85); For documentation on this error, please visit: https://www.selenium.dev/documentation/webdriver/troubleshooting/errors#no-such-element-exception\nStacktrace:\n#0 0x562ef768ed93 <unknown>\n#1 0x562ef7372337 <unknown>\n#2 0x562ef73bdd60 <unknown>\n#3 0x562ef73bde51 <unknown>\n#4 0x562ef7401bc4 <unknown>\n#5 0x562ef73e046d <unknown>\n#6 0x562ef73ff12d <unknown>\n#7 0x562ef73e01e3 <unknown>\n#8 0x562ef73b0135 <unknown>\n#9 0x562ef73b113e <unknown>\n#10 0x562ef7652e4b <unknown>\n#11 0x562ef7656dfa <unknown>\n#12 0x562ef763f6d5 <unknown>\n#13 0x562ef7657a6f <unknown>\n#14 0x562ef762369f <unknown>\n#15 0x562ef767c098 <unknown>\n#16 0x562ef767c262 <unknown>\n#17 0x562ef768df34 <unknown>\n#18 0x7fef120a7044 <unknown>","time":{"start":1706491251213,"stop":1706491251346,"duration":133}},{"uid":"4e282971e98351f4","reportUrl":"https://zaelcovsky.github.io/StroyremAutomation/215//#testresult/4e282971e98351f4","status":"broken","statusDetails":"selenium.common.exceptions.NoSuchElementException: Message: no such element: Unable to locate element: {\"method\":\"css selector\",\"selector\":\"input[value='Войти']\"}\n  (Session info: chrome-headless-shell=121.0.6167.85); For documentation on this error, please visit: https://www.selenium.dev/documentation/webdriver/troubleshooting/errors#no-such-element-exception\nStacktrace:\n#0 0x5556f950fd93 <unknown>\n#1 0x5556f91f3337 <unknown>\n#2 0x5556f923ed60 <unknown>\n#3 0x5556f923ee51 <unknown>\n#4 0x5556f9282bc4 <unknown>\n#5 0x5556f926146d <unknown>\n#6 0x5556f928012d <unknown>\n#7 0x5556f92611e3 <unknown>\n#8 0x5556f9231135 <unknown>\n#9 0x5556f923213e <unknown>\n#10 0x5556f94d3e4b <unknown>\n#11 0x5556f94d7dfa <unknown>\n#12 0x5556f94c06d5 <unknown>\n#13 0x5556f94d8a6f <unknown>\n#14 0x5556f94a469f <unknown>\n#15 0x5556f94fd098 <unknown>\n#16 0x5556f94fd262 <unknown>\n#17 0x5556f950ef34 <unknown>\n#18 0x7f5396227044 <unknown>","time":{"start":1706405075483,"stop":1706405075639,"duration":156}},{"uid":"449d6ab63b408015","reportUrl":"https://zaelcovsky.github.io/StroyremAutomation/214//#testresult/449d6ab63b408015","status":"broken","statusDetails":"selenium.common.exceptions.NoSuchElementException: Message: no such element: Unable to locate element: {\"method\":\"css selector\",\"selector\":\"input[value='Войти']\"}\n  (Session info: chrome-headless-shell=121.0.6167.85); For documentation on this error, please visit: https://www.selenium.dev/documentation/webdriver/troubleshooting/errors#no-such-element-exception\nStacktrace:\n#0 0x555675832d93 <unknown>\n#1 0x555675516337 <unknown>\n#2 0x555675561d60 <unknown>\n#3 0x555675561e51 <unknown>\n#4 0x5556755a5bc4 <unknown>\n#5 0x55567558446d <unknown>\n#6 0x5556755a312d <unknown>\n#7 0x5556755841e3 <unknown>\n#8 0x555675554135 <unknown>\n#9 0x55567555513e <unknown>\n#10 0x5556757f6e4b <unknown>\n#11 0x5556757fadfa <unknown>\n#12 0x5556757e36d5 <unknown>\n#13 0x5556757fba6f <unknown>\n#14 0x5556757c769f <unknown>\n#15 0x555675820098 <unknown>\n#16 0x555675820262 <unknown>\n#17 0x555675831f34 <unknown>\n#18 0x7f0be966d044 <unknown>","time":{"start":1706318516779,"stop":1706318516922,"duration":143}},{"uid":"ccb1238181629775","reportUrl":"https://zaelcovsky.github.io/StroyremAutomation/213//#testresult/ccb1238181629775","status":"broken","statusDetails":"selenium.common.exceptions.NoSuchElementException: Message: no such element: Unable to locate element: {\"method\":\"css selector\",\"selector\":\"input[value='Войти']\"}\n  (Session info: chrome-headless-shell=121.0.6167.85); For documentation on this error, please visit: https://www.selenium.dev/documentation/webdriver/troubleshooting/errors#no-such-element-exception\nStacktrace:\n#0 0x561acaa56d93 <unknown>\n#1 0x561aca73a337 <unknown>\n#2 0x561aca785d60 <unknown>\n#3 0x561aca785e51 <unknown>\n#4 0x561aca7c9bc4 <unknown>\n#5 0x561aca7a846d <unknown>\n#6 0x561aca7c712d <unknown>\n#7 0x561aca7a81e3 <unknown>\n#8 0x561aca778135 <unknown>\n#9 0x561aca77913e <unknown>\n#10 0x561acaa1ae4b <unknown>\n#11 0x561acaa1edfa <unknown>\n#12 0x561acaa076d5 <unknown>\n#13 0x561acaa1fa6f <unknown>\n#14 0x561aca9eb69f <unknown>\n#15 0x561acaa44098 <unknown>\n#16 0x561acaa44262 <unknown>\n#17 0x561acaa55f34 <unknown>\n#18 0x7f07bfb88044 <unknown>","time":{"start":1706232031341,"stop":1706232031485,"duration":144}},{"uid":"9be93100fbdf1cc2","reportUrl":"https://zaelcovsky.github.io/StroyremAutomation/212//#testresult/9be93100fbdf1cc2","status":"broken","statusDetails":"selenium.common.exceptions.NoSuchElementException: Message: no such element: Unable to locate element: {\"method\":\"css selector\",\"selector\":\"input[value='Войти']\"}\n  (Session info: chrome-headless-shell=121.0.6167.85); For documentation on this error, please visit: https://www.selenium.dev/documentation/webdriver/troubleshooting/errors#no-such-element-exception\nStacktrace:\n#0 0x5616f0dbed93 <unknown>\n#1 0x5616f0aa2337 <unknown>\n#2 0x5616f0aedd60 <unknown>\n#3 0x5616f0aede51 <unknown>\n#4 0x5616f0b31bc4 <unknown>\n#5 0x5616f0b1046d <unknown>\n#6 0x5616f0b2f12d <unknown>\n#7 0x5616f0b101e3 <unknown>\n#8 0x5616f0ae0135 <unknown>\n#9 0x5616f0ae113e <unknown>\n#10 0x5616f0d82e4b <unknown>\n#11 0x5616f0d86dfa <unknown>\n#12 0x5616f0d6f6d5 <unknown>\n#13 0x5616f0d87a6f <unknown>\n#14 0x5616f0d5369f <unknown>\n#15 0x5616f0dac098 <unknown>\n#16 0x5616f0dac262 <unknown>\n#17 0x5616f0dbdf34 <unknown>\n#18 0x7f666a7db044 <unknown>","time":{"start":1706149454502,"stop":1706149454638,"duration":136}},{"uid":"6f2d07c35c635f7c","reportUrl":"https://zaelcovsky.github.io/StroyremAutomation/211//#testresult/6f2d07c35c635f7c","status":"broken","statusDetails":"selenium.common.exceptions.NoSuchElementException: Message: no such element: Unable to locate element: {\"method\":\"css selector\",\"selector\":\"input[value='Войти']\"}\n  (Session info: chrome-headless-shell=121.0.6167.85); For documentation on this error, please visit: https://www.selenium.dev/documentation/webdriver/troubleshooting/errors#no-such-element-exception\nStacktrace:\n#0 0x56485ef8fd93 <unknown>\n#1 0x56485ec73337 <unknown>\n#2 0x56485ecbed60 <unknown>\n#3 0x56485ecbee51 <unknown>\n#4 0x56485ed02bc4 <unknown>\n#5 0x56485ece146d <unknown>\n#6 0x56485ed0012d <unknown>\n#7 0x56485ece11e3 <unknown>\n#8 0x56485ecb1135 <unknown>\n#9 0x56485ecb213e <unknown>\n#10 0x56485ef53e4b <unknown>\n#11 0x56485ef57dfa <unknown>\n#12 0x56485ef406d5 <unknown>\n#13 0x56485ef58a6f <unknown>\n#14 0x56485ef2469f <unknown>\n#15 0x56485ef7d098 <unknown>\n#16 0x56485ef7d262 <unknown>\n#17 0x56485ef8ef34 <unknown>\n#18 0x7f3186705044 <unknown>","time":{"start":1706059561781,"stop":1706059561922,"duration":141}},{"uid":"fd5d7117fc81809a","reportUrl":"https://zaelcovsky.github.io/StroyremAutomation/210//#testresult/fd5d7117fc81809a","status":"broken","statusDetails":"selenium.common.exceptions.NoSuchElementException: Message: no such element: Unable to locate element: {\"method\":\"css selector\",\"selector\":\"input[value='Войти']\"}\n  (Session info: chrome-headless-shell=120.0.6099.109); For documentation on this error, please visit: https://www.selenium.dev/documentation/webdriver/troubleshooting/errors#no-such-element-exception\nStacktrace:\n#0 0x55a652c61f83 <unknown>\n#1 0x55a65291acf7 <unknown>\n#2 0x55a65296a99e <unknown>\n#3 0x55a65296aaa1 <unknown>\n#4 0x55a6529b5d64 <unknown>\n#5 0x55a6529940dd <unknown>\n#6 0x55a6529b3006 <unknown>\n#7 0x55a652993e53 <unknown>\n#8 0x55a65295bdd4 <unknown>\n#9 0x55a65295d1de <unknown>\n#10 0x55a652c26531 <unknown>\n#11 0x55a652c2a455 <unknown>\n#12 0x55a652c12f55 <unknown>\n#13 0x55a652c2b0ef <unknown>\n#14 0x55a652bf699f <unknown>\n#15 0x55a652c4f008 <unknown>\n#16 0x55a652c4f1d7 <unknown>\n#17 0x55a652c61124 <unknown>\n#18 0x7fa2a31e1044 <unknown>","time":{"start":1705976765511,"stop":1705976765647,"duration":136}},{"uid":"4d32c7512e2f1ef0","reportUrl":"https://zaelcovsky.github.io/StroyremAutomation/209//#testresult/4d32c7512e2f1ef0","status":"broken","statusDetails":"selenium.common.exceptions.NoSuchElementException: Message: no such element: Unable to locate element: {\"method\":\"css selector\",\"selector\":\"input[value='Войти']\"}\n  (Session info: chrome-headless-shell=120.0.6099.109); For documentation on this error, please visit: https://www.selenium.dev/documentation/webdriver/troubleshooting/errors#no-such-element-exception\nStacktrace:\n#0 0x5579d96f2f83 <unknown>\n#1 0x5579d93abcf7 <unknown>\n#2 0x5579d93fb99e <unknown>\n#3 0x5579d93fbaa1 <unknown>\n#4 0x5579d9446d64 <unknown>\n#5 0x5579d94250dd <unknown>\n#6 0x5579d9444006 <unknown>\n#7 0x5579d9424e53 <unknown>\n#8 0x5579d93ecdd4 <unknown>\n#9 0x5579d93ee1de <unknown>\n#10 0x5579d96b7531 <unknown>\n#11 0x5579d96bb455 <unknown>\n#12 0x5579d96a3f55 <unknown>\n#13 0x5579d96bc0ef <unknown>\n#14 0x5579d968799f <unknown>\n#15 0x5579d96e0008 <unknown>\n#16 0x5579d96e01d7 <unknown>\n#17 0x5579d96f2124 <unknown>\n#18 0x7f2fc5222044 <unknown>","time":{"start":1705890306769,"stop":1705890306916,"duration":147}},{"uid":"3ea8eae44a186aee","reportUrl":"https://zaelcovsky.github.io/StroyremAutomation/208//#testresult/3ea8eae44a186aee","status":"broken","statusDetails":"selenium.common.exceptions.NoSuchElementException: Message: no such element: Unable to locate element: {\"method\":\"css selector\",\"selector\":\"input[value='Войти']\"}\n  (Session info: chrome-headless-shell=120.0.6099.109); For documentation on this error, please visit: https://www.selenium.dev/documentation/webdriver/troubleshooting/errors#no-such-element-exception\nStacktrace:\n#0 0x55bdda9f1f83 <unknown>\n#1 0x55bdda6aacf7 <unknown>\n#2 0x55bdda6fa99e <unknown>\n#3 0x55bdda6faaa1 <unknown>\n#4 0x55bdda745d64 <unknown>\n#5 0x55bdda7240dd <unknown>\n#6 0x55bdda743006 <unknown>\n#7 0x55bdda723e53 <unknown>\n#8 0x55bdda6ebdd4 <unknown>\n#9 0x55bdda6ed1de <unknown>\n#10 0x55bdda9b6531 <unknown>\n#11 0x55bdda9ba455 <unknown>\n#12 0x55bdda9a2f55 <unknown>\n#13 0x55bdda9bb0ef <unknown>\n#14 0x55bdda98699f <unknown>\n#15 0x55bdda9df008 <unknown>\n#16 0x55bdda9df1d7 <unknown>\n#17 0x55bdda9f1124 <unknown>\n#18 0x7f693184b044 <unknown>","time":{"start":1705804041555,"stop":1705804041696,"duration":141}},{"uid":"3fc9fa154f485ac6","reportUrl":"https://zaelcovsky.github.io/StroyremAutomation/207//#testresult/3fc9fa154f485ac6","status":"broken","statusDetails":"selenium.common.exceptions.NoSuchElementException: Message: no such element: Unable to locate element: {\"method\":\"css selector\",\"selector\":\"input[value='Войти']\"}\n  (Session info: chrome-headless-shell=120.0.6099.109); For documentation on this error, please visit: https://www.selenium.dev/documentation/webdriver/troubleshooting/errors#no-such-element-exception\nStacktrace:\n#0 0x559a84f45f83 <unknown>\n#1 0x559a84bfecf7 <unknown>\n#2 0x559a84c4e99e <unknown>\n#3 0x559a84c4eaa1 <unknown>\n#4 0x559a84c99d64 <unknown>\n#5 0x559a84c780dd <unknown>\n#6 0x559a84c97006 <unknown>\n#7 0x559a84c77e53 <unknown>\n#8 0x559a84c3fdd4 <unknown>\n#9 0x559a84c411de <unknown>\n#10 0x559a84f0a531 <unknown>\n#11 0x559a84f0e455 <unknown>\n#12 0x559a84ef6f55 <unknown>\n#13 0x559a84f0f0ef <unknown>\n#14 0x559a84eda99f <unknown>\n#15 0x559a84f33008 <unknown>\n#16 0x559a84f331d7 <unknown>\n#17 0x559a84f45124 <unknown>\n#18 0x7ff60f76b044 <unknown>","time":{"start":1705717293499,"stop":1705717293642,"duration":143}},{"uid":"6f50668c7ceb5262","reportUrl":"https://zaelcovsky.github.io/StroyremAutomation/206//#testresult/6f50668c7ceb5262","status":"broken","statusDetails":"selenium.common.exceptions.NoSuchElementException: Message: no such element: Unable to locate element: {\"method\":\"css selector\",\"selector\":\"input[value='Войти']\"}\n  (Session info: chrome-headless-shell=120.0.6099.109); For documentation on this error, please visit: https://www.selenium.dev/documentation/webdriver/troubleshooting/errors#no-such-element-exception\nStacktrace:\n#0 0x5559a356cf83 <unknown>\n#1 0x5559a3225cf7 <unknown>\n#2 0x5559a327599e <unknown>\n#3 0x5559a3275aa1 <unknown>\n#4 0x5559a32c0d64 <unknown>\n#5 0x5559a329f0dd <unknown>\n#6 0x5559a32be006 <unknown>\n#7 0x5559a329ee53 <unknown>\n#8 0x5559a3266dd4 <unknown>\n#9 0x5559a32681de <unknown>\n#10 0x5559a3531531 <unknown>\n#11 0x5559a3535455 <unknown>\n#12 0x5559a351df55 <unknown>\n#13 0x5559a35360ef <unknown>\n#14 0x5559a350199f <unknown>\n#15 0x5559a355a008 <unknown>\n#16 0x5559a355a1d7 <unknown>\n#17 0x5559a356c124 <unknown>\n#18 0x7ff2bdaea044 <unknown>","time":{"start":1705631241759,"stop":1705631241901,"duration":142}}]},"tags":["smoke_test"]},"source":"8b571fc6611dda01.json","parameterValues":[]}