{"uid":"477ec85e2c94910e","name":"test_positive_delivery_green_zone_smoke[TD 013-products/shtukaturka-gipsovaya-aksolit-m50-30-kg-mashinnogo-naneseniya-366-11000-4800-12450-13480-https://sandboxtest.stroyrem-nn.ru/]","fullName":"tests.delivery.test_delivery_calculation.TestDeliveryPageCalculation#test_positive_delivery_green_zone_smoke","historyId":"138a96f7f81216afdff8252a6c5795ca","time":{"start":1695863228420,"stop":1695863228959,"duration":539},"status":"skipped","statusMessage":"XFAIL Цена стандартной доставки 4450\n\nselenium.common.exceptions.NoSuchElementException: Message: no such element: Unable to locate element: {\"method\":\"xpath\",\"selector\":\"(//a[@class='add-to-cart yellow-btn'])[1]\"}\n  (Session info: headless chrome=117.0.5938.92); For documentation on this error, please visit: https://www.selenium.dev/documentation/webdriver/troubleshooting/errors#no-such-element-exception\nStacktrace:\n#0 0x55cc086036b3 <unknown>\n#1 0x55cc082d91e7 <unknown>\n#2 0x55cc08320566 <unknown>\n#3 0x55cc08320651 <unknown>\n#4 0x55cc0835da74 <unknown>\n#5 0x55cc083420ed <unknown>\n#6 0x55cc0835b322 <unknown>\n#7 0x55cc08341e93 <unknown>\n#8 0x55cc08314934 <unknown>\n#9 0x55cc0831571e <unknown>\n#10 0x55cc085c8cb8 <unknown>\n#11 0x55cc085ccbf0 <unknown>\n#12 0x55cc085d719c <unknown>\n#13 0x55cc085cd808 <unknown>\n#14 0x55cc0859a27f <unknown>\n#15 0x55cc085f1e88 <unknown>\n#16 0x55cc085f2059 <unknown>\n#17 0x55cc08602843 <unknown>\n#18 0x7f2409310044 <unknown>","statusTrace":"self = <tests.delivery.test_delivery_calculation.TestDeliveryPageCalculation object at 0x7fa4a7e8ad90>\ndriver = <selenium.webdriver.chrome.webdriver.WebDriver (session=\"bdec450ac2b2d305b11cd80381381a8e\")>\nurl = 'https://sandboxtest.stroyrem-nn.ru/', case_id = 'TD 013'\nlink_item = 'products/shtukaturka-gipsovaya-aksolit-m50-30-kg-mashinnogo-naneseniya'\namount = 366, weight = 11000, standard = 4800, in_time = 12450, all_time = 13480\n\n    @pytest.mark.parametrize('case_id, link_item, amount, weight, standard, in_time, all_time', [\n        (\"TD 001\", uroven_3000, 1, 30, 0, 1590, 2190),\n        (\"TD 002\", bundeks_25, 1, 30, 400, 1590, 2190),\n        (\"TD 003\", aksolit_30, 8, 300, 400, 1590, 2190),\n        (\"TD 004\", aksolit_30, 13, 400, 450, 1590, 2190),\n        (\"TD 005\", aksolit_30, 16, 500, 600, 1590, 2190),\n        (\"TD 006\", aksolit_30, 25, 1700, 990, 1990, 2480),\n        (\"TD 007\", aksolit_30, 66, 2000, 1300, 2490, 2980),\n        (\"TD 008\", aksolit_30, 149, 4500, 2300, 3980, 4490),\n        (\"TD 009\", aksolit_30, 166, 5000, 2500, 4990, 5480),\n        pytest.param(\n            \"TD 010\", aksolit_30, 206, 6200, 2900, 5570, 6120,\n            marks=pytest.mark.xfail(reson=\"Цена доставки 3600 7960 8980\")\n        ),\n        (\"TD 011\", aksolit_30, 299, 9000, 3600, 7960, 8980),\n        (\"TD 012\", aksolit_30, 333, 10000, 4450, 11990, 12500),\n        pytest.param(\n            \"TD 013\", aksolit_30, 366, 11000, 4800, 12450, 13480,\n            marks=pytest.mark.xfail(reason=\"Цена стандартной доставки 4450\")\n        ),\n        pytest.param(\n            \"TD 014\", aksolit_30, 666, 20000, 5400, 15600, 17490,\n            marks=pytest.mark.xfail(reason=\"Цена стандартной доставки 4450\")\n        )\n    ])\n    @pytest.mark.smoke\n    def test_positive_delivery_green_zone_smoke(\n            self, driver, url, case_id, link_item, amount, weight, standard, in_time, all_time\n    ):\n    \n        driver.get(f'{url}{link_item}')\n        item_page = ItemPage(driver)\n>       item_page.add_item_to_cart(amount).click_on_cart()\n\ntests/delivery/test_delivery_calculation.py:49: \n_ _ _ _ _ _ _ _ _ _ _ _ _ _ _ _ _ _ _ _ _ _ _ _ _ _ _ _ _ _ _ _ _ _ _ _ _ _ _ _ \npages/item_page.py:40: in add_item_to_cart\n    self.find_element(self._add_item).click()\nbase/seleniumbase.py:17: in find_element\n    return self.driver.find_element(*locator)\n/usr/local/lib/python3.11/site-packages/selenium/webdriver/remote/webdriver.py:740: in find_element\n    return self.execute(Command.FIND_ELEMENT, {\"using\": by, \"value\": value})[\"value\"]\n/usr/local/lib/python3.11/site-packages/selenium/webdriver/remote/webdriver.py:346: in execute\n    self.error_handler.check_response(response)\n_ _ _ _ _ _ _ _ _ _ _ _ _ _ _ _ _ _ _ _ _ _ _ _ _ _ _ _ _ _ _ _ _ _ _ _ _ _ _ _ \n\nself = <selenium.webdriver.remote.errorhandler.ErrorHandler object at 0x7fa4a84eff50>\nresponse = {'status': 404, 'value': '{\"value\":{\"error\":\"no such element\",\"message\":\"no such element: Unable to locate element: {\\...\\\\n#16 0x55cc085f2059 \\\\u003Cunknown>\\\\n#17 0x55cc08602843 \\\\u003Cunknown>\\\\n#18 0x7f2409310044 \\\\u003Cunknown>\\\\n\"}}'}\n\n    def check_response(self, response: Dict[str, Any]) -> None:\n        \"\"\"Checks that a JSON response from the WebDriver does not have an\n        error.\n    \n        :Args:\n         - response - The JSON response from the WebDriver server as a dictionary\n           object.\n    \n        :Raises: If the response contains an error message.\n        \"\"\"\n        status = response.get(\"status\", None)\n        if not status or status == ErrorCode.SUCCESS:\n            return\n        value = None\n        message = response.get(\"message\", \"\")\n        screen: str = response.get(\"screen\", \"\")\n        stacktrace = None\n        if isinstance(status, int):\n            value_json = response.get(\"value\", None)\n            if value_json and isinstance(value_json, str):\n                import json\n    \n                try:\n                    value = json.loads(value_json)\n                    if len(value) == 1:\n                        value = value[\"value\"]\n                    status = value.get(\"error\", None)\n                    if not status:\n                        status = value.get(\"status\", ErrorCode.UNKNOWN_ERROR)\n                        message = value.get(\"value\") or value.get(\"message\")\n                        if not isinstance(message, str):\n                            value = message\n                            message = message.get(\"message\")\n                    else:\n                        message = value.get(\"message\", None)\n                except ValueError:\n                    pass\n    \n        exception_class: Type[WebDriverException]\n        if status in ErrorCode.NO_SUCH_ELEMENT:\n            exception_class = NoSuchElementException\n        elif status in ErrorCode.NO_SUCH_FRAME:\n            exception_class = NoSuchFrameException\n        elif status in ErrorCode.NO_SUCH_SHADOW_ROOT:\n            exception_class = NoSuchShadowRootException\n        elif status in ErrorCode.NO_SUCH_WINDOW:\n            exception_class = NoSuchWindowException\n        elif status in ErrorCode.STALE_ELEMENT_REFERENCE:\n            exception_class = StaleElementReferenceException\n        elif status in ErrorCode.ELEMENT_NOT_VISIBLE:\n            exception_class = ElementNotVisibleException\n        elif status in ErrorCode.INVALID_ELEMENT_STATE:\n            exception_class = InvalidElementStateException\n        elif (\n            status in ErrorCode.INVALID_SELECTOR\n            or status in ErrorCode.INVALID_XPATH_SELECTOR\n            or status in ErrorCode.INVALID_XPATH_SELECTOR_RETURN_TYPER\n        ):\n            exception_class = InvalidSelectorException\n        elif status in ErrorCode.ELEMENT_IS_NOT_SELECTABLE:\n            exception_class = ElementNotSelectableException\n        elif status in ErrorCode.ELEMENT_NOT_INTERACTABLE:\n            exception_class = ElementNotInteractableException\n        elif status in ErrorCode.INVALID_COOKIE_DOMAIN:\n            exception_class = InvalidCookieDomainException\n        elif status in ErrorCode.UNABLE_TO_SET_COOKIE:\n            exception_class = UnableToSetCookieException\n        elif status in ErrorCode.TIMEOUT:\n            exception_class = TimeoutException\n        elif status in ErrorCode.SCRIPT_TIMEOUT:\n            exception_class = TimeoutException\n        elif status in ErrorCode.UNKNOWN_ERROR:\n            exception_class = WebDriverException\n        elif status in ErrorCode.UNEXPECTED_ALERT_OPEN:\n            exception_class = UnexpectedAlertPresentException\n        elif status in ErrorCode.NO_ALERT_OPEN:\n            exception_class = NoAlertPresentException\n        elif status in ErrorCode.IME_NOT_AVAILABLE:\n            exception_class = ImeNotAvailableException\n        elif status in ErrorCode.IME_ENGINE_ACTIVATION_FAILED:\n            exception_class = ImeActivationFailedException\n        elif status in ErrorCode.MOVE_TARGET_OUT_OF_BOUNDS:\n            exception_class = MoveTargetOutOfBoundsException\n        elif status in ErrorCode.JAVASCRIPT_ERROR:\n            exception_class = JavascriptException\n        elif status in ErrorCode.SESSION_NOT_CREATED:\n            exception_class = SessionNotCreatedException\n        elif status in ErrorCode.INVALID_ARGUMENT:\n            exception_class = InvalidArgumentException\n        elif status in ErrorCode.NO_SUCH_COOKIE:\n            exception_class = NoSuchCookieException\n        elif status in ErrorCode.UNABLE_TO_CAPTURE_SCREEN:\n            exception_class = ScreenshotException\n        elif status in ErrorCode.ELEMENT_CLICK_INTERCEPTED:\n            exception_class = ElementClickInterceptedException\n        elif status in ErrorCode.INSECURE_CERTIFICATE:\n            exception_class = InsecureCertificateException\n        elif status in ErrorCode.INVALID_COORDINATES:\n            exception_class = InvalidCoordinatesException\n        elif status in ErrorCode.INVALID_SESSION_ID:\n            exception_class = InvalidSessionIdException\n        elif status in ErrorCode.UNKNOWN_METHOD:\n            exception_class = UnknownMethodException\n        else:\n            exception_class = WebDriverException\n        if not value:\n            value = response[\"value\"]\n        if isinstance(value, str):\n            raise exception_class(value)\n        if message == \"\" and \"message\" in value:\n            message = value[\"message\"]\n    \n        screen = None  # type: ignore[assignment]\n        if \"screen\" in value:\n            screen = value[\"screen\"]\n    \n        stacktrace = None\n        st_value = value.get(\"stackTrace\") or value.get(\"stacktrace\")\n        if st_value:\n            if isinstance(st_value, str):\n                stacktrace = st_value.split(\"\\n\")\n            else:\n                stacktrace = []\n                try:\n                    for frame in st_value:\n                        line = frame.get(\"lineNumber\", \"\")\n                        file = frame.get(\"fileName\", \"<anonymous>\")\n                        if line:\n                            file = f\"{file}:{line}\"\n                        meth = frame.get(\"methodName\", \"<anonymous>\")\n                        if \"className\" in frame:\n                            meth = f\"{frame['className']}.{meth}\"\n                        msg = \"    at %s (%s)\"\n                        msg = msg % (meth, file)\n                        stacktrace.append(msg)\n                except TypeError:\n                    pass\n        if exception_class == UnexpectedAlertPresentException:\n            alert_text = None\n            if \"data\" in value:\n                alert_text = value[\"data\"].get(\"text\")\n            elif \"alert\" in value:\n                alert_text = value[\"alert\"].get(\"text\")\n            raise exception_class(message, screen, stacktrace, alert_text)  # type: ignore[call-arg]  # mypy is not smart enough here\n>       raise exception_class(message, screen, stacktrace)\nE       selenium.common.exceptions.NoSuchElementException: Message: no such element: Unable to locate element: {\"method\":\"xpath\",\"selector\":\"(//a[@class='add-to-cart yellow-btn'])[1]\"}\nE         (Session info: headless chrome=117.0.5938.92); For documentation on this error, please visit: https://www.selenium.dev/documentation/webdriver/troubleshooting/errors#no-such-element-exception\nE       Stacktrace:\nE       #0 0x55cc086036b3 <unknown>\nE       #1 0x55cc082d91e7 <unknown>\nE       #2 0x55cc08320566 <unknown>\nE       #3 0x55cc08320651 <unknown>\nE       #4 0x55cc0835da74 <unknown>\nE       #5 0x55cc083420ed <unknown>\nE       #6 0x55cc0835b322 <unknown>\nE       #7 0x55cc08341e93 <unknown>\nE       #8 0x55cc08314934 <unknown>\nE       #9 0x55cc0831571e <unknown>\nE       #10 0x55cc085c8cb8 <unknown>\nE       #11 0x55cc085ccbf0 <unknown>\nE       #12 0x55cc085d719c <unknown>\nE       #13 0x55cc085cd808 <unknown>\nE       #14 0x55cc0859a27f <unknown>\nE       #15 0x55cc085f1e88 <unknown>\nE       #16 0x55cc085f2059 <unknown>\nE       #17 0x55cc08602843 <unknown>\nE       #18 0x7f2409310044 <unknown>\n\n/usr/local/lib/python3.11/site-packages/selenium/webdriver/remote/errorhandler.py:245: NoSuchElementException","flaky":false,"newFailed":false,"newBroken":false,"newPassed":false,"retriesCount":0,"retriesStatusChange":false,"beforeStages":[{"name":"_session_faker","time":{"start":1695862839349,"stop":1695862839432,"duration":83},"status":"passed","steps":[],"attachments":[],"parameters":[],"shouldDisplayMessage":false,"stepsCount":0,"attachmentsCount":0,"hasContent":false},{"name":"clear_allure_results_folder","time":{"start":1695862839432,"stop":1695862839433,"duration":1},"status":"passed","steps":[],"attachments":[],"parameters":[],"shouldDisplayMessage":false,"stepsCount":0,"attachmentsCount":0,"hasContent":false},{"name":"driver","time":{"start":1695863227642,"stop":1695863228418,"duration":776},"status":"passed","steps":[],"attachments":[],"parameters":[],"shouldDisplayMessage":false,"stepsCount":0,"attachmentsCount":0,"hasContent":false},{"name":"setup","time":{"start":1695863228419,"stop":1695863228419,"duration":0},"status":"passed","steps":[],"attachments":[],"parameters":[],"shouldDisplayMessage":false,"stepsCount":0,"attachmentsCount":0,"hasContent":false}],"testStage":{"status":"skipped","statusMessage":"XFAIL Цена стандартной доставки 4450\n\nselenium.common.exceptions.NoSuchElementException: Message: no such element: Unable to locate element: {\"method\":\"xpath\",\"selector\":\"(//a[@class='add-to-cart yellow-btn'])[1]\"}\n  (Session info: headless chrome=117.0.5938.92); For documentation on this error, please visit: https://www.selenium.dev/documentation/webdriver/troubleshooting/errors#no-such-element-exception\nStacktrace:\n#0 0x55cc086036b3 <unknown>\n#1 0x55cc082d91e7 <unknown>\n#2 0x55cc08320566 <unknown>\n#3 0x55cc08320651 <unknown>\n#4 0x55cc0835da74 <unknown>\n#5 0x55cc083420ed <unknown>\n#6 0x55cc0835b322 <unknown>\n#7 0x55cc08341e93 <unknown>\n#8 0x55cc08314934 <unknown>\n#9 0x55cc0831571e <unknown>\n#10 0x55cc085c8cb8 <unknown>\n#11 0x55cc085ccbf0 <unknown>\n#12 0x55cc085d719c <unknown>\n#13 0x55cc085cd808 <unknown>\n#14 0x55cc0859a27f <unknown>\n#15 0x55cc085f1e88 <unknown>\n#16 0x55cc085f2059 <unknown>\n#17 0x55cc08602843 <unknown>\n#18 0x7f2409310044 <unknown>","statusTrace":"self = <tests.delivery.test_delivery_calculation.TestDeliveryPageCalculation object at 0x7fa4a7e8ad90>\ndriver = <selenium.webdriver.chrome.webdriver.WebDriver (session=\"bdec450ac2b2d305b11cd80381381a8e\")>\nurl = 'https://sandboxtest.stroyrem-nn.ru/', case_id = 'TD 013'\nlink_item = 'products/shtukaturka-gipsovaya-aksolit-m50-30-kg-mashinnogo-naneseniya'\namount = 366, weight = 11000, standard = 4800, in_time = 12450, all_time = 13480\n\n    @pytest.mark.parametrize('case_id, link_item, amount, weight, standard, in_time, all_time', [\n        (\"TD 001\", uroven_3000, 1, 30, 0, 1590, 2190),\n        (\"TD 002\", bundeks_25, 1, 30, 400, 1590, 2190),\n        (\"TD 003\", aksolit_30, 8, 300, 400, 1590, 2190),\n        (\"TD 004\", aksolit_30, 13, 400, 450, 1590, 2190),\n        (\"TD 005\", aksolit_30, 16, 500, 600, 1590, 2190),\n        (\"TD 006\", aksolit_30, 25, 1700, 990, 1990, 2480),\n        (\"TD 007\", aksolit_30, 66, 2000, 1300, 2490, 2980),\n        (\"TD 008\", aksolit_30, 149, 4500, 2300, 3980, 4490),\n        (\"TD 009\", aksolit_30, 166, 5000, 2500, 4990, 5480),\n        pytest.param(\n            \"TD 010\", aksolit_30, 206, 6200, 2900, 5570, 6120,\n            marks=pytest.mark.xfail(reson=\"Цена доставки 3600 7960 8980\")\n        ),\n        (\"TD 011\", aksolit_30, 299, 9000, 3600, 7960, 8980),\n        (\"TD 012\", aksolit_30, 333, 10000, 4450, 11990, 12500),\n        pytest.param(\n            \"TD 013\", aksolit_30, 366, 11000, 4800, 12450, 13480,\n            marks=pytest.mark.xfail(reason=\"Цена стандартной доставки 4450\")\n        ),\n        pytest.param(\n            \"TD 014\", aksolit_30, 666, 20000, 5400, 15600, 17490,\n            marks=pytest.mark.xfail(reason=\"Цена стандартной доставки 4450\")\n        )\n    ])\n    @pytest.mark.smoke\n    def test_positive_delivery_green_zone_smoke(\n            self, driver, url, case_id, link_item, amount, weight, standard, in_time, all_time\n    ):\n    \n        driver.get(f'{url}{link_item}')\n        item_page = ItemPage(driver)\n>       item_page.add_item_to_cart(amount).click_on_cart()\n\ntests/delivery/test_delivery_calculation.py:49: \n_ _ _ _ _ _ _ _ _ _ _ _ _ _ _ _ _ _ _ _ _ _ _ _ _ _ _ _ _ _ _ _ _ _ _ _ _ _ _ _ \npages/item_page.py:40: in add_item_to_cart\n    self.find_element(self._add_item).click()\nbase/seleniumbase.py:17: in find_element\n    return self.driver.find_element(*locator)\n/usr/local/lib/python3.11/site-packages/selenium/webdriver/remote/webdriver.py:740: in find_element\n    return self.execute(Command.FIND_ELEMENT, {\"using\": by, \"value\": value})[\"value\"]\n/usr/local/lib/python3.11/site-packages/selenium/webdriver/remote/webdriver.py:346: in execute\n    self.error_handler.check_response(response)\n_ _ _ _ _ _ _ _ _ _ _ _ _ _ _ _ _ _ _ _ _ _ _ _ _ _ _ _ _ _ _ _ _ _ _ _ _ _ _ _ \n\nself = <selenium.webdriver.remote.errorhandler.ErrorHandler object at 0x7fa4a84eff50>\nresponse = {'status': 404, 'value': '{\"value\":{\"error\":\"no such element\",\"message\":\"no such element: Unable to locate element: {\\...\\\\n#16 0x55cc085f2059 \\\\u003Cunknown>\\\\n#17 0x55cc08602843 \\\\u003Cunknown>\\\\n#18 0x7f2409310044 \\\\u003Cunknown>\\\\n\"}}'}\n\n    def check_response(self, response: Dict[str, Any]) -> None:\n        \"\"\"Checks that a JSON response from the WebDriver does not have an\n        error.\n    \n        :Args:\n         - response - The JSON response from the WebDriver server as a dictionary\n           object.\n    \n        :Raises: If the response contains an error message.\n        \"\"\"\n        status = response.get(\"status\", None)\n        if not status or status == ErrorCode.SUCCESS:\n            return\n        value = None\n        message = response.get(\"message\", \"\")\n        screen: str = response.get(\"screen\", \"\")\n        stacktrace = None\n        if isinstance(status, int):\n            value_json = response.get(\"value\", None)\n            if value_json and isinstance(value_json, str):\n                import json\n    \n                try:\n                    value = json.loads(value_json)\n                    if len(value) == 1:\n                        value = value[\"value\"]\n                    status = value.get(\"error\", None)\n                    if not status:\n                        status = value.get(\"status\", ErrorCode.UNKNOWN_ERROR)\n                        message = value.get(\"value\") or value.get(\"message\")\n                        if not isinstance(message, str):\n                            value = message\n                            message = message.get(\"message\")\n                    else:\n                        message = value.get(\"message\", None)\n                except ValueError:\n                    pass\n    \n        exception_class: Type[WebDriverException]\n        if status in ErrorCode.NO_SUCH_ELEMENT:\n            exception_class = NoSuchElementException\n        elif status in ErrorCode.NO_SUCH_FRAME:\n            exception_class = NoSuchFrameException\n        elif status in ErrorCode.NO_SUCH_SHADOW_ROOT:\n            exception_class = NoSuchShadowRootException\n        elif status in ErrorCode.NO_SUCH_WINDOW:\n            exception_class = NoSuchWindowException\n        elif status in ErrorCode.STALE_ELEMENT_REFERENCE:\n            exception_class = StaleElementReferenceException\n        elif status in ErrorCode.ELEMENT_NOT_VISIBLE:\n            exception_class = ElementNotVisibleException\n        elif status in ErrorCode.INVALID_ELEMENT_STATE:\n            exception_class = InvalidElementStateException\n        elif (\n            status in ErrorCode.INVALID_SELECTOR\n            or status in ErrorCode.INVALID_XPATH_SELECTOR\n            or status in ErrorCode.INVALID_XPATH_SELECTOR_RETURN_TYPER\n        ):\n            exception_class = InvalidSelectorException\n        elif status in ErrorCode.ELEMENT_IS_NOT_SELECTABLE:\n            exception_class = ElementNotSelectableException\n        elif status in ErrorCode.ELEMENT_NOT_INTERACTABLE:\n            exception_class = ElementNotInteractableException\n        elif status in ErrorCode.INVALID_COOKIE_DOMAIN:\n            exception_class = InvalidCookieDomainException\n        elif status in ErrorCode.UNABLE_TO_SET_COOKIE:\n            exception_class = UnableToSetCookieException\n        elif status in ErrorCode.TIMEOUT:\n            exception_class = TimeoutException\n        elif status in ErrorCode.SCRIPT_TIMEOUT:\n            exception_class = TimeoutException\n        elif status in ErrorCode.UNKNOWN_ERROR:\n            exception_class = WebDriverException\n        elif status in ErrorCode.UNEXPECTED_ALERT_OPEN:\n            exception_class = UnexpectedAlertPresentException\n        elif status in ErrorCode.NO_ALERT_OPEN:\n            exception_class = NoAlertPresentException\n        elif status in ErrorCode.IME_NOT_AVAILABLE:\n            exception_class = ImeNotAvailableException\n        elif status in ErrorCode.IME_ENGINE_ACTIVATION_FAILED:\n            exception_class = ImeActivationFailedException\n        elif status in ErrorCode.MOVE_TARGET_OUT_OF_BOUNDS:\n            exception_class = MoveTargetOutOfBoundsException\n        elif status in ErrorCode.JAVASCRIPT_ERROR:\n            exception_class = JavascriptException\n        elif status in ErrorCode.SESSION_NOT_CREATED:\n            exception_class = SessionNotCreatedException\n        elif status in ErrorCode.INVALID_ARGUMENT:\n            exception_class = InvalidArgumentException\n        elif status in ErrorCode.NO_SUCH_COOKIE:\n            exception_class = NoSuchCookieException\n        elif status in ErrorCode.UNABLE_TO_CAPTURE_SCREEN:\n            exception_class = ScreenshotException\n        elif status in ErrorCode.ELEMENT_CLICK_INTERCEPTED:\n            exception_class = ElementClickInterceptedException\n        elif status in ErrorCode.INSECURE_CERTIFICATE:\n            exception_class = InsecureCertificateException\n        elif status in ErrorCode.INVALID_COORDINATES:\n            exception_class = InvalidCoordinatesException\n        elif status in ErrorCode.INVALID_SESSION_ID:\n            exception_class = InvalidSessionIdException\n        elif status in ErrorCode.UNKNOWN_METHOD:\n            exception_class = UnknownMethodException\n        else:\n            exception_class = WebDriverException\n        if not value:\n            value = response[\"value\"]\n        if isinstance(value, str):\n            raise exception_class(value)\n        if message == \"\" and \"message\" in value:\n            message = value[\"message\"]\n    \n        screen = None  # type: ignore[assignment]\n        if \"screen\" in value:\n            screen = value[\"screen\"]\n    \n        stacktrace = None\n        st_value = value.get(\"stackTrace\") or value.get(\"stacktrace\")\n        if st_value:\n            if isinstance(st_value, str):\n                stacktrace = st_value.split(\"\\n\")\n            else:\n                stacktrace = []\n                try:\n                    for frame in st_value:\n                        line = frame.get(\"lineNumber\", \"\")\n                        file = frame.get(\"fileName\", \"<anonymous>\")\n                        if line:\n                            file = f\"{file}:{line}\"\n                        meth = frame.get(\"methodName\", \"<anonymous>\")\n                        if \"className\" in frame:\n                            meth = f\"{frame['className']}.{meth}\"\n                        msg = \"    at %s (%s)\"\n                        msg = msg % (meth, file)\n                        stacktrace.append(msg)\n                except TypeError:\n                    pass\n        if exception_class == UnexpectedAlertPresentException:\n            alert_text = None\n            if \"data\" in value:\n                alert_text = value[\"data\"].get(\"text\")\n            elif \"alert\" in value:\n                alert_text = value[\"alert\"].get(\"text\")\n            raise exception_class(message, screen, stacktrace, alert_text)  # type: ignore[call-arg]  # mypy is not smart enough here\n>       raise exception_class(message, screen, stacktrace)\nE       selenium.common.exceptions.NoSuchElementException: Message: no such element: Unable to locate element: {\"method\":\"xpath\",\"selector\":\"(//a[@class='add-to-cart yellow-btn'])[1]\"}\nE         (Session info: headless chrome=117.0.5938.92); For documentation on this error, please visit: https://www.selenium.dev/documentation/webdriver/troubleshooting/errors#no-such-element-exception\nE       Stacktrace:\nE       #0 0x55cc086036b3 <unknown>\nE       #1 0x55cc082d91e7 <unknown>\nE       #2 0x55cc08320566 <unknown>\nE       #3 0x55cc08320651 <unknown>\nE       #4 0x55cc0835da74 <unknown>\nE       #5 0x55cc083420ed <unknown>\nE       #6 0x55cc0835b322 <unknown>\nE       #7 0x55cc08341e93 <unknown>\nE       #8 0x55cc08314934 <unknown>\nE       #9 0x55cc0831571e <unknown>\nE       #10 0x55cc085c8cb8 <unknown>\nE       #11 0x55cc085ccbf0 <unknown>\nE       #12 0x55cc085d719c <unknown>\nE       #13 0x55cc085cd808 <unknown>\nE       #14 0x55cc0859a27f <unknown>\nE       #15 0x55cc085f1e88 <unknown>\nE       #16 0x55cc085f2059 <unknown>\nE       #17 0x55cc08602843 <unknown>\nE       #18 0x7f2409310044 <unknown>\n\n/usr/local/lib/python3.11/site-packages/selenium/webdriver/remote/errorhandler.py:245: NoSuchElementException","steps":[{"name":"Добавляем товар в корзину в количестве 366","time":{"start":1695863228944,"stop":1695863228959,"duration":15},"status":"broken","statusMessage":"selenium.common.exceptions.NoSuchElementException: Message: no such element: Unable to locate element: {\"method\":\"xpath\",\"selector\":\"(//a[@class='add-to-cart yellow-btn'])[1]\"}\n  (Session info: headless chrome=117.0.5938.92); For documentation on this error, please visit: https://www.selenium.dev/documentation/webdriver/troubleshooting/errors#no-such-element-exception\nStacktrace:\n#0 0x55cc086036b3 <unknown>\n#1 0x55cc082d91e7 <unknown>\n#2 0x55cc08320566 <unknown>\n#3 0x55cc08320651 <unknown>\n#4 0x55cc0835da74 <unknown>\n#5 0x55cc083420ed <unknown>\n#6 0x55cc0835b322 <unknown>\n#7 0x55cc08341e93 <unknown>\n#8 0x55cc08314934 <unknown>\n#9 0x55cc0831571e <unknown>\n#10 0x55cc085c8cb8 <unknown>\n#11 0x55cc085ccbf0 <unknown>\n#12 0x55cc085d719c <unknown>\n#13 0x55cc085cd808 <unknown>\n#14 0x55cc0859a27f <unknown>\n#15 0x55cc085f1e88 <unknown>\n#16 0x55cc085f2059 <unknown>\n#17 0x55cc08602843 <unknown>\n#18 0x7f2409310044 <unknown>\n\n","statusTrace":"  File \"/usr/local/lib/python3.11/site-packages/allure_commons/_allure.py\", line 192, in impl\n    return func(*a, **kw)\n           ^^^^^^^^^^^^^^\n  File \"/app/pages/item_page.py\", line 40, in add_item_to_cart\n    self.find_element(self._add_item).click()\n    ^^^^^^^^^^^^^^^^^^^^^^^^^^^^^^^^^\n  File \"/app/base/seleniumbase.py\", line 17, in find_element\n    return self.driver.find_element(*locator)\n           ^^^^^^^^^^^^^^^^^^^^^^^^^^^^^^^^^^\n  File \"/usr/local/lib/python3.11/site-packages/selenium/webdriver/remote/webdriver.py\", line 740, in find_element\n    return self.execute(Command.FIND_ELEMENT, {\"using\": by, \"value\": value})[\"value\"]\n           ^^^^^^^^^^^^^^^^^^^^^^^^^^^^^^^^^^^^^^^^^^^^^^^^^^^^^^^^^^^^^^^^^\n  File \"/usr/local/lib/python3.11/site-packages/selenium/webdriver/remote/webdriver.py\", line 346, in execute\n    self.error_handler.check_response(response)\n  File \"/usr/local/lib/python3.11/site-packages/selenium/webdriver/remote/errorhandler.py\", line 245, in check_response\n    raise exception_class(message, screen, stacktrace)\n","steps":[],"attachments":[],"parameters":[{"name":"amount","value":"366"}],"shouldDisplayMessage":true,"stepsCount":0,"attachmentsCount":0,"hasContent":true}],"attachments":[{"uid":"6a5fb80b26dca485","name":"Screenshot","source":"6a5fb80b26dca485.png","type":"image/png","size":39917},{"uid":"1b1774aac1331a0f","name":"HTML source","source":"1b1774aac1331a0f.html","type":"text/html","size":544}],"parameters":[],"shouldDisplayMessage":true,"stepsCount":1,"attachmentsCount":2,"hasContent":true},"afterStages":[{"name":"setup::0","time":{"start":1695863229101,"stop":1695863229101,"duration":0},"status":"passed","steps":[],"attachments":[],"parameters":[],"shouldDisplayMessage":false,"stepsCount":0,"attachmentsCount":0,"hasContent":false},{"name":"driver::0","time":{"start":1695863229101,"stop":1695863229158,"duration":57},"status":"passed","steps":[],"attachments":[],"parameters":[],"shouldDisplayMessage":false,"stepsCount":0,"attachmentsCount":0,"hasContent":false}],"labels":[{"name":"epic","value":"Delivery Page - calculation"},{"name":"tag","value":"smoke"},{"name":"tag","value":"@pytest.mark.xfail(reason='Цена стандартной доставки 4450')"},{"name":"parentSuite","value":"tests.delivery"},{"name":"suite","value":"test_delivery_calculation"},{"name":"subSuite","value":"TestDeliveryPageCalculation"},{"name":"host","value":"58cd30860d8e"},{"name":"thread","value":"1-MainThread"},{"name":"framework","value":"pytest"},{"name":"language","value":"cpython3"},{"name":"package","value":"tests.delivery.test_delivery_calculation"},{"name":"resultFormat","value":"allure2"}],"parameters":[{"name":"all_time","value":"13480"},{"name":"amount","value":"366"},{"name":"case_id","value":"'TD 013'"},{"name":"in_time","value":"12450"},{"name":"link_item","value":"'products/shtukaturka-gipsovaya-aksolit-m50-30-kg-mashinnogo-naneseniya'"},{"name":"standard","value":"4800"},{"name":"url","value":"'https://sandboxtest.stroyrem-nn.ru/'"},{"name":"weight","value":"11000"}],"links":[],"hidden":false,"retry":false,"extra":{"severity":"normal","retries":[],"categories":[],"history":{"statistic":{"failed":0,"broken":0,"skipped":29,"passed":0,"unknown":0,"total":29},"items":[{"uid":"dc2d647f6a51510","reportUrl":"https://zaelcovsky.github.io/StroyremAutomation/92//#testresult/dc2d647f6a51510","status":"skipped","statusDetails":"XFAIL Цена стандартной доставки 4450\n\nselenium.common.exceptions.ElementNotInteractableException: Message: element not interactable\n  (Session info: headless chrome=117.0.5938.92)\nStacktrace:\n#0 0x55a0329a96b3 <unknown>\n#1 0x55a03267f036 <unknown>\n#2 0x55a0326bdc1d <unknown>\n#3 0x55a0326e80c2 <unknown>\n#4 0x55a0326bbf16 <unknown>\n#5 0x55a0326e828e <unknown>\n#6 0x55a032701322 <unknown>\n#7 0x55a0326e7e93 <unknown>\n#8 0x55a0326ba934 <unknown>\n#9 0x55a0326bb71e <unknown>\n#10 0x55a03296ecb8 <unknown>\n#11 0x55a032972bf0 <unknown>\n#12 0x55a03297d19c <unknown>\n#13 0x55a032973808 <unknown>\n#14 0x55a03294027f <unknown>\n#15 0x55a032997e88 <unknown>\n#16 0x55a032998059 <unknown>\n#17 0x55a0329a8843 <unknown>\n#18 0x7fcf70c6c044 <unknown>","time":{"start":1695777023121,"stop":1695777029125,"duration":6004}},{"uid":"2fc758bcede871d8","reportUrl":"https://zaelcovsky.github.io/StroyremAutomation/91//#testresult/2fc758bcede871d8","status":"skipped","statusDetails":"XFAIL Цена стандартной доставки 4450\n\nselenium.common.exceptions.NoSuchElementException: Message: no such element: Unable to locate element: {\"method\":\"xpath\",\"selector\":\"(//a[@class='add-to-cart yellow-btn'])[1]\"}\n  (Session info: headless chrome=117.0.5938.92); For documentation on this error, please visit: https://www.selenium.dev/documentation/webdriver/troubleshooting/errors#no-such-element-exception\nStacktrace:\n#0 0x555ffde926b3 <unknown>\n#1 0x555ffdb681e7 <unknown>\n#2 0x555ffdbaf566 <unknown>\n#3 0x555ffdbaf651 <unknown>\n#4 0x555ffdbeca74 <unknown>\n#5 0x555ffdbd10ed <unknown>\n#6 0x555ffdbea322 <unknown>\n#7 0x555ffdbd0e93 <unknown>\n#8 0x555ffdba3934 <unknown>\n#9 0x555ffdba471e <unknown>\n#10 0x555ffde57cb8 <unknown>\n#11 0x555ffde5bbf0 <unknown>\n#12 0x555ffde6619c <unknown>\n#13 0x555ffde5c808 <unknown>\n#14 0x555ffde2927f <unknown>\n#15 0x555ffde80e88 <unknown>\n#16 0x555ffde81059 <unknown>\n#17 0x555ffde91843 <unknown>\n#18 0x7fa724f55044 <unknown>","time":{"start":1695690675252,"stop":1695690675917,"duration":665}},{"uid":"a09730411de9b363","reportUrl":"https://zaelcovsky.github.io/StroyremAutomation/90//#testresult/a09730411de9b363","status":"skipped","statusDetails":"XFAIL Цена стандартной доставки 4450\n\nselenium.common.exceptions.NoSuchElementException: Message: no such element: Unable to locate element: {\"method\":\"xpath\",\"selector\":\"(//a[@class='add-to-cart yellow-btn'])[1]\"}\n  (Session info: headless chrome=117.0.5938.92); For documentation on this error, please visit: https://www.selenium.dev/documentation/webdriver/troubleshooting/errors#no-such-element-exception\nStacktrace:\n#0 0x5616f22536b3 <unknown>\n#1 0x5616f1f291e7 <unknown>\n#2 0x5616f1f70566 <unknown>\n#3 0x5616f1f70651 <unknown>\n#4 0x5616f1fada74 <unknown>\n#5 0x5616f1f920ed <unknown>\n#6 0x5616f1fab322 <unknown>\n#7 0x5616f1f91e93 <unknown>\n#8 0x5616f1f64934 <unknown>\n#9 0x5616f1f6571e <unknown>\n#10 0x5616f2218cb8 <unknown>\n#11 0x5616f221cbf0 <unknown>\n#12 0x5616f222719c <unknown>\n#13 0x5616f221d808 <unknown>\n#14 0x5616f21ea27f <unknown>\n#15 0x5616f2241e88 <unknown>\n#16 0x5616f2242059 <unknown>\n#17 0x5616f2252843 <unknown>\n#18 0x7f426efd4044 <unknown>","time":{"start":1695604068305,"stop":1695604068763,"duration":458}},{"uid":"d71e08c8e81540b7","reportUrl":"https://zaelcovsky.github.io/StroyremAutomation/89//#testresult/d71e08c8e81540b7","status":"skipped","statusDetails":"XFAIL Цена стандартной доставки 4450\n\nselenium.common.exceptions.NoSuchElementException: Message: no such element: Unable to locate element: {\"method\":\"xpath\",\"selector\":\"(//a[@class='add-to-cart yellow-btn'])[1]\"}\n  (Session info: headless chrome=117.0.5938.92); For documentation on this error, please visit: https://www.selenium.dev/documentation/webdriver/troubleshooting/errors#no-such-element-exception\nStacktrace:\n#0 0x56249b6f46b3 <unknown>\n#1 0x56249b3ca1e7 <unknown>\n#2 0x56249b411566 <unknown>\n#3 0x56249b411651 <unknown>\n#4 0x56249b44ea74 <unknown>\n#5 0x56249b4330ed <unknown>\n#6 0x56249b44c322 <unknown>\n#7 0x56249b432e93 <unknown>\n#8 0x56249b405934 <unknown>\n#9 0x56249b40671e <unknown>\n#10 0x56249b6b9cb8 <unknown>\n#11 0x56249b6bdbf0 <unknown>\n#12 0x56249b6c819c <unknown>\n#13 0x56249b6be808 <unknown>\n#14 0x56249b68b27f <unknown>\n#15 0x56249b6e2e88 <unknown>\n#16 0x56249b6e3059 <unknown>\n#17 0x56249b6f3843 <unknown>\n#18 0x7ff989726044 <unknown>","time":{"start":1695517897645,"stop":1695517898379,"duration":734}},{"uid":"2232003f0acfc4a3","reportUrl":"https://zaelcovsky.github.io/StroyremAutomation/88//#testresult/2232003f0acfc4a3","status":"skipped","statusDetails":"XFAIL Цена стандартной доставки 4450\n\nselenium.common.exceptions.NoSuchElementException: Message: no such element: Unable to locate element: {\"method\":\"xpath\",\"selector\":\"(//a[@class='add-to-cart yellow-btn'])[1]\"}\n  (Session info: headless chrome=117.0.5938.92); For documentation on this error, please visit: https://www.selenium.dev/documentation/webdriver/troubleshooting/errors#no-such-element-exception\nStacktrace:\n#0 0x562ee70fc6b3 <unknown>\n#1 0x562ee6dd21e7 <unknown>\n#2 0x562ee6e19566 <unknown>\n#3 0x562ee6e19651 <unknown>\n#4 0x562ee6e56a74 <unknown>\n#5 0x562ee6e3b0ed <unknown>\n#6 0x562ee6e54322 <unknown>\n#7 0x562ee6e3ae93 <unknown>\n#8 0x562ee6e0d934 <unknown>\n#9 0x562ee6e0e71e <unknown>\n#10 0x562ee70c1cb8 <unknown>\n#11 0x562ee70c5bf0 <unknown>\n#12 0x562ee70d019c <unknown>\n#13 0x562ee70c6808 <unknown>\n#14 0x562ee709327f <unknown>\n#15 0x562ee70eae88 <unknown>\n#16 0x562ee70eb059 <unknown>\n#17 0x562ee70fb843 <unknown>\n#18 0x7fcf1789e044 <unknown>","time":{"start":1695431242598,"stop":1695431243235,"duration":637}},{"uid":"529c65f2d9e326ee","reportUrl":"https://zaelcovsky.github.io/StroyremAutomation/87//#testresult/529c65f2d9e326ee","status":"skipped","statusDetails":"XFAIL Цена стандартной доставки 4450\n\nselenium.common.exceptions.NoSuchElementException: Message: no such element: Unable to locate element: {\"method\":\"xpath\",\"selector\":\"(//a[@class='add-to-cart yellow-btn'])[1]\"}\n  (Session info: headless chrome=117.0.5938.92); For documentation on this error, please visit: https://www.selenium.dev/documentation/webdriver/troubleshooting/errors#no-such-element-exception\nStacktrace:\n#0 0x5625806406b3 <unknown>\n#1 0x5625803161e7 <unknown>\n#2 0x56258035d566 <unknown>\n#3 0x56258035d651 <unknown>\n#4 0x56258039aa74 <unknown>\n#5 0x56258037f0ed <unknown>\n#6 0x562580398322 <unknown>\n#7 0x56258037ee93 <unknown>\n#8 0x562580351934 <unknown>\n#9 0x56258035271e <unknown>\n#10 0x562580605cb8 <unknown>\n#11 0x562580609bf0 <unknown>\n#12 0x56258061419c <unknown>\n#13 0x56258060a808 <unknown>\n#14 0x5625805d727f <unknown>\n#15 0x56258062ee88 <unknown>\n#16 0x56258062f059 <unknown>\n#17 0x56258063f843 <unknown>\n#18 0x7f3a092d0044 <unknown>","time":{"start":1695344823074,"stop":1695344823527,"duration":453}},{"uid":"15c135982d099c78","reportUrl":"https://zaelcovsky.github.io/StroyremAutomation/86//#testresult/15c135982d099c78","status":"skipped","statusDetails":"XFAIL Цена стандартной доставки 4450\n\nselenium.common.exceptions.NoSuchElementException: Message: no such element: Unable to locate element: {\"method\":\"xpath\",\"selector\":\"(//a[@class='add-to-cart yellow-btn'])[1]\"}\n  (Session info: headless chrome=117.0.5938.88); For documentation on this error, please visit: https://www.selenium.dev/documentation/webdriver/troubleshooting/errors#no-such-element-exception\nStacktrace:\n#0 0x55f8d79ce6c3 <unknown>\n#1 0x55f8d76a41e7 <unknown>\n#2 0x55f8d76eb566 <unknown>\n#3 0x55f8d76eb651 <unknown>\n#4 0x55f8d7728a74 <unknown>\n#5 0x55f8d770d0ed <unknown>\n#6 0x55f8d7726322 <unknown>\n#7 0x55f8d770ce93 <unknown>\n#8 0x55f8d76df934 <unknown>\n#9 0x55f8d76e071e <unknown>\n#10 0x55f8d7993cc8 <unknown>\n#11 0x55f8d7997c00 <unknown>\n#12 0x55f8d79a21ac <unknown>\n#13 0x55f8d7998818 <unknown>\n#14 0x55f8d796528f <unknown>\n#15 0x55f8d79bce98 <unknown>\n#16 0x55f8d79bd069 <unknown>\n#17 0x55f8d79cd853 <unknown>\n#18 0x7f8e3a2e1044 <unknown>","time":{"start":1695258386420,"stop":1695258386846,"duration":426}},{"uid":"5480a7d42ef131ce","reportUrl":"https://zaelcovsky.github.io/StroyremAutomation/85//#testresult/5480a7d42ef131ce","status":"skipped","statusDetails":"XFAIL Цена стандартной доставки 4450\n\nselenium.common.exceptions.ElementNotInteractableException: Message: element not interactable\n  (Session info: headless chrome=117.0.5938.88)\nStacktrace:\n#0 0x565337f4f6c3 <unknown>\n#1 0x565337c25036 <unknown>\n#2 0x565337c63c1d <unknown>\n#3 0x565337c8e0c2 <unknown>\n#4 0x565337c61f16 <unknown>\n#5 0x565337c8e28e <unknown>\n#6 0x565337ca7322 <unknown>\n#7 0x565337c8de93 <unknown>\n#8 0x565337c60934 <unknown>\n#9 0x565337c6171e <unknown>\n#10 0x565337f14cc8 <unknown>\n#11 0x565337f18c00 <unknown>\n#12 0x565337f231ac <unknown>\n#13 0x565337f19818 <unknown>\n#14 0x565337ee628f <unknown>\n#15 0x565337f3de98 <unknown>\n#16 0x565337f3e069 <unknown>\n#17 0x565337f4e853 <unknown>\n#18 0x7f1f19756044 <unknown>","time":{"start":1695172187030,"stop":1695172193222,"duration":6192}},{"uid":"bdbf4d4df95b8ef0","reportUrl":"https://zaelcovsky.github.io/StroyremAutomation/84//#testresult/bdbf4d4df95b8ef0","status":"skipped","statusDetails":"XFAIL Цена стандартной доставки 4450\n\nselenium.common.exceptions.NoSuchElementException: Message: no such element: Unable to locate element: {\"method\":\"xpath\",\"selector\":\"(//a[@class='add-to-cart yellow-btn'])[1]\"}\n  (Session info: headless chrome=117.0.5938.88); For documentation on this error, please visit: https://www.selenium.dev/documentation/webdriver/troubleshooting/errors#no-such-element-exception\nStacktrace:\n#0 0x559cdcf226c3 <unknown>\n#1 0x559cdcbf81e7 <unknown>\n#2 0x559cdcc3f566 <unknown>\n#3 0x559cdcc3f651 <unknown>\n#4 0x559cdcc7ca74 <unknown>\n#5 0x559cdcc610ed <unknown>\n#6 0x559cdcc7a322 <unknown>\n#7 0x559cdcc60e93 <unknown>\n#8 0x559cdcc33934 <unknown>\n#9 0x559cdcc3471e <unknown>\n#10 0x559cdcee7cc8 <unknown>\n#11 0x559cdceebc00 <unknown>\n#12 0x559cdcef61ac <unknown>\n#13 0x559cdceec818 <unknown>\n#14 0x559cdceb928f <unknown>\n#15 0x559cdcf10e98 <unknown>\n#16 0x559cdcf11069 <unknown>\n#17 0x559cdcf21853 <unknown>\n#18 0x7f5307a40044 <unknown>","time":{"start":1695085767746,"stop":1695085768305,"duration":559}},{"uid":"e416125545b2776b","reportUrl":"https://zaelcovsky.github.io/StroyremAutomation/83//#testresult/e416125545b2776b","status":"skipped","statusDetails":"XFAIL Цена стандартной доставки 4450\n\nselenium.common.exceptions.NoSuchElementException: Message: no such element: Unable to locate element: {\"method\":\"xpath\",\"selector\":\"(//a[@class='add-to-cart yellow-btn'])[1]\"}\n  (Session info: headless chrome=117.0.5938.88); For documentation on this error, please visit: https://www.selenium.dev/documentation/webdriver/troubleshooting/errors#no-such-element-exception\nStacktrace:\n#0 0x5624515c56c3 <unknown>\n#1 0x56245129b1e7 <unknown>\n#2 0x5624512e2566 <unknown>\n#3 0x5624512e2651 <unknown>\n#4 0x56245131fa74 <unknown>\n#5 0x5624513040ed <unknown>\n#6 0x56245131d322 <unknown>\n#7 0x562451303e93 <unknown>\n#8 0x5624512d6934 <unknown>\n#9 0x5624512d771e <unknown>\n#10 0x56245158acc8 <unknown>\n#11 0x56245158ec00 <unknown>\n#12 0x5624515991ac <unknown>\n#13 0x56245158f818 <unknown>\n#14 0x56245155c28f <unknown>\n#15 0x5624515b3e98 <unknown>\n#16 0x5624515b4069 <unknown>\n#17 0x5624515c4853 <unknown>\n#18 0x7ff87ab40044 <unknown>","time":{"start":1694999359928,"stop":1694999360608,"duration":680}},{"uid":"db6b0a0a04e24e0","reportUrl":"https://zaelcovsky.github.io/StroyremAutomation/82//#testresult/db6b0a0a04e24e0","status":"skipped","statusDetails":"XFAIL Цена стандартной доставки 4450\n\nselenium.common.exceptions.NoSuchElementException: Message: no such element: Unable to locate element: {\"method\":\"xpath\",\"selector\":\"(//a[@class='add-to-cart yellow-btn'])[1]\"}\n  (Session info: headless chrome=117.0.5938.88); For documentation on this error, please visit: https://www.selenium.dev/documentation/webdriver/troubleshooting/errors#no-such-element-exception\nStacktrace:\n#0 0x564bf5d8b6c3 <unknown>\n#1 0x564bf5a611e7 <unknown>\n#2 0x564bf5aa8566 <unknown>\n#3 0x564bf5aa8651 <unknown>\n#4 0x564bf5ae5a74 <unknown>\n#5 0x564bf5aca0ed <unknown>\n#6 0x564bf5ae3322 <unknown>\n#7 0x564bf5ac9e93 <unknown>\n#8 0x564bf5a9c934 <unknown>\n#9 0x564bf5a9d71e <unknown>\n#10 0x564bf5d50cc8 <unknown>\n#11 0x564bf5d54c00 <unknown>\n#12 0x564bf5d5f1ac <unknown>\n#13 0x564bf5d55818 <unknown>\n#14 0x564bf5d2228f <unknown>\n#15 0x564bf5d79e98 <unknown>\n#16 0x564bf5d7a069 <unknown>\n#17 0x564bf5d8a853 <unknown>\n#18 0x7fab15e29044 <unknown>","time":{"start":1694913009179,"stop":1694913009652,"duration":473}},{"uid":"e44c50bdced4f097","reportUrl":"https://zaelcovsky.github.io/StroyremAutomation/81//#testresult/e44c50bdced4f097","status":"skipped","statusDetails":"XFAIL Цена стандартной доставки 4450\n\nselenium.common.exceptions.NoSuchElementException: Message: no such element: Unable to locate element: {\"method\":\"xpath\",\"selector\":\"(//a[@class='add-to-cart yellow-btn'])[1]\"}\n  (Session info: headless chrome=117.0.5938.88); For documentation on this error, please visit: https://www.selenium.dev/documentation/webdriver/troubleshooting/errors#no-such-element-exception\nStacktrace:\n#0 0x55b0d14c36c3 <unknown>\n#1 0x55b0d11991e7 <unknown>\n#2 0x55b0d11e0566 <unknown>\n#3 0x55b0d11e0651 <unknown>\n#4 0x55b0d121da74 <unknown>\n#5 0x55b0d12020ed <unknown>\n#6 0x55b0d121b322 <unknown>\n#7 0x55b0d1201e93 <unknown>\n#8 0x55b0d11d4934 <unknown>\n#9 0x55b0d11d571e <unknown>\n#10 0x55b0d1488cc8 <unknown>\n#11 0x55b0d148cc00 <unknown>\n#12 0x55b0d14971ac <unknown>\n#13 0x55b0d148d818 <unknown>\n#14 0x55b0d145a28f <unknown>\n#15 0x55b0d14b1e98 <unknown>\n#16 0x55b0d14b2069 <unknown>\n#17 0x55b0d14c2853 <unknown>\n#18 0x7f926675a044 <unknown>","time":{"start":1694826442830,"stop":1694826443446,"duration":616}},{"uid":"5664145bcfb202f0","reportUrl":"https://zaelcovsky.github.io/StroyremAutomation/80//#testresult/5664145bcfb202f0","status":"skipped","statusDetails":"XFAIL Цена стандартной доставки 4450\n\nselenium.common.exceptions.NoSuchElementException: Message: no such element: Unable to locate element: {\"method\":\"xpath\",\"selector\":\"(//a[@class='add-to-cart yellow-btn'])[1]\"}\n  (Session info: headless chrome=117.0.5938.62); For documentation on this error, please visit: https://www.selenium.dev/documentation/webdriver/troubleshooting/errors#no-such-element-exception\nStacktrace:\n#0 0x557d28cc7693 <unknown>\n#1 0x557d2899d1e7 <unknown>\n#2 0x557d289e4566 <unknown>\n#3 0x557d289e4651 <unknown>\n#4 0x557d28a21a74 <unknown>\n#5 0x557d28a060ed <unknown>\n#6 0x557d28a1f322 <unknown>\n#7 0x557d28a05e93 <unknown>\n#8 0x557d289d8934 <unknown>\n#9 0x557d289d971e <unknown>\n#10 0x557d28c8cc98 <unknown>\n#11 0x557d28c90bd0 <unknown>\n#12 0x557d28c9b17c <unknown>\n#13 0x557d28c917e8 <unknown>\n#14 0x557d28c5e25f <unknown>\n#15 0x557d28cb5e68 <unknown>\n#16 0x557d28cb6039 <unknown>\n#17 0x557d28cc6823 <unknown>\n#18 0x7f3d95d6d044 <unknown>","time":{"start":1694740053729,"stop":1694740054172,"duration":443}},{"uid":"50312b1a54a7eba2","reportUrl":"https://zaelcovsky.github.io/StroyremAutomation/79//#testresult/50312b1a54a7eba2","status":"skipped","statusDetails":"XFAIL Цена стандартной доставки 4450\n\nselenium.common.exceptions.NoSuchElementException: Message: no such element: Unable to locate element: {\"method\":\"xpath\",\"selector\":\"(//a[@class='add-to-cart yellow-btn'])[1]\"}\n  (Session info: headless chrome=117.0.5938.62); For documentation on this error, please visit: https://www.selenium.dev/documentation/webdriver/troubleshooting/errors#no-such-element-exception\nStacktrace:\n#0 0x5579a08c4693 <unknown>\n#1 0x5579a059a1e7 <unknown>\n#2 0x5579a05e1566 <unknown>\n#3 0x5579a05e1651 <unknown>\n#4 0x5579a061ea74 <unknown>\n#5 0x5579a06030ed <unknown>\n#6 0x5579a061c322 <unknown>\n#7 0x5579a0602e93 <unknown>\n#8 0x5579a05d5934 <unknown>\n#9 0x5579a05d671e <unknown>\n#10 0x5579a0889c98 <unknown>\n#11 0x5579a088dbd0 <unknown>\n#12 0x5579a089817c <unknown>\n#13 0x5579a088e7e8 <unknown>\n#14 0x5579a085b25f <unknown>\n#15 0x5579a08b2e68 <unknown>\n#16 0x5579a08b3039 <unknown>\n#17 0x5579a08c3823 <unknown>\n#18 0x7f73a70bc044 <unknown>","time":{"start":1694653878898,"stop":1694653879527,"duration":629}},{"uid":"4d6ee3f6a9c951b0","reportUrl":"https://zaelcovsky.github.io/StroyremAutomation/78//#testresult/4d6ee3f6a9c951b0","status":"skipped","statusDetails":"XFAIL Цена стандартной доставки 4450\n\nselenium.common.exceptions.NoSuchElementException: Message: no such element: Unable to locate element: {\"method\":\"xpath\",\"selector\":\"(//a[@class='add-to-cart yellow-btn'])[1]\"}\n  (Session info: headless chrome=117.0.5938.62); For documentation on this error, please visit: https://www.selenium.dev/documentation/webdriver/troubleshooting/errors#no-such-element-exception\nStacktrace:\n#0 0x55753c039693 <unknown>\n#1 0x55753bd0f1e7 <unknown>\n#2 0x55753bd56566 <unknown>\n#3 0x55753bd56651 <unknown>\n#4 0x55753bd93a74 <unknown>\n#5 0x55753bd780ed <unknown>\n#6 0x55753bd91322 <unknown>\n#7 0x55753bd77e93 <unknown>\n#8 0x55753bd4a934 <unknown>\n#9 0x55753bd4b71e <unknown>\n#10 0x55753bffec98 <unknown>\n#11 0x55753c002bd0 <unknown>\n#12 0x55753c00d17c <unknown>\n#13 0x55753c0037e8 <unknown>\n#14 0x55753bfd025f <unknown>\n#15 0x55753c027e68 <unknown>\n#16 0x55753c028039 <unknown>\n#17 0x55753c038823 <unknown>\n#18 0x7fccd805f044 <unknown>","time":{"start":1694567367164,"stop":1694567367639,"duration":475}},{"uid":"1d4134d4c23e1f75","reportUrl":"https://zaelcovsky.github.io/StroyremAutomation/77//#testresult/1d4134d4c23e1f75","status":"skipped","statusDetails":"XFAIL Цена стандартной доставки 4450\n\nselenium.common.exceptions.NoSuchElementException: Message: no such element: Unable to locate element: {\"method\":\"xpath\",\"selector\":\"(//a[@class='add-to-cart yellow-btn'])[1]\"}\n  (Session info: headless chrome=116.0.5845.96); For documentation on this error, please visit: https://www.selenium.dev/documentation/webdriver/troubleshooting/errors#no-such-element-exception\nStacktrace:\n#0 0x5613f0b69e23 <unknown>\n#1 0x5613f08927a7 <unknown>\n#2 0x5613f08d11d3 <unknown>\n#3 0x5613f08d12c1 <unknown>\n#4 0x5613f090ca04 <unknown>\n#5 0x5613f08f203d <unknown>\n#6 0x5613f090a369 <unknown>\n#7 0x5613f08f1de3 <unknown>\n#8 0x5613f08c5a7b <unknown>\n#9 0x5613f08c681e <unknown>\n#10 0x5613f0b2b638 <unknown>\n#11 0x5613f0b2f507 <unknown>\n#12 0x5613f0b39c4c <unknown>\n#13 0x5613f0b30136 <unknown>\n#14 0x5613f0afe9cf <unknown>\n#15 0x5613f0b53b98 <unknown>\n#16 0x5613f0b53d68 <unknown>\n#17 0x5613f0b62cb3 <unknown>\n#18 0x7fa27a980044 <unknown>","time":{"start":1694481013854,"stop":1694481014514,"duration":660}},{"uid":"3a8e146d1be60f27","reportUrl":"https://zaelcovsky.github.io/StroyremAutomation/76//#testresult/3a8e146d1be60f27","status":"skipped","statusDetails":"XFAIL Цена стандартной доставки 4450\n\nselenium.common.exceptions.NoSuchElementException: Message: no such element: Unable to locate element: {\"method\":\"xpath\",\"selector\":\"(//a[@class='add-to-cart yellow-btn'])[1]\"}\n  (Session info: headless chrome=116.0.5845.96); For documentation on this error, please visit: https://www.selenium.dev/documentation/webdriver/troubleshooting/errors#no-such-element-exception\nStacktrace:\n#0 0x560785e92e23 <unknown>\n#1 0x560785bbb7a7 <unknown>\n#2 0x560785bfa1d3 <unknown>\n#3 0x560785bfa2c1 <unknown>\n#4 0x560785c35a04 <unknown>\n#5 0x560785c1b03d <unknown>\n#6 0x560785c33369 <unknown>\n#7 0x560785c1ade3 <unknown>\n#8 0x560785beea7b <unknown>\n#9 0x560785bef81e <unknown>\n#10 0x560785e54638 <unknown>\n#11 0x560785e58507 <unknown>\n#12 0x560785e62c4c <unknown>\n#13 0x560785e59136 <unknown>\n#14 0x560785e279cf <unknown>\n#15 0x560785e7cb98 <unknown>\n#16 0x560785e7cd68 <unknown>\n#17 0x560785e8bcb3 <unknown>\n#18 0x7f07567d1044 <unknown>","time":{"start":1694394525865,"stop":1694394526285,"duration":420}},{"uid":"2761f49d5554acb","reportUrl":"https://zaelcovsky.github.io/StroyremAutomation/75//#testresult/2761f49d5554acb","status":"skipped","statusDetails":"XFAIL Цена стандартной доставки 4450\n\nselenium.common.exceptions.NoSuchElementException: Message: no such element: Unable to locate element: {\"method\":\"xpath\",\"selector\":\"(//a[@class='add-to-cart yellow-btn'])[1]\"}\n  (Session info: headless chrome=116.0.5845.96); For documentation on this error, please visit: https://www.selenium.dev/documentation/webdriver/troubleshooting/errors#no-such-element-exception\nStacktrace:\n#0 0x55cba2fdae23 <unknown>\n#1 0x55cba2d037a7 <unknown>\n#2 0x55cba2d421d3 <unknown>\n#3 0x55cba2d422c1 <unknown>\n#4 0x55cba2d7da04 <unknown>\n#5 0x55cba2d6303d <unknown>\n#6 0x55cba2d7b369 <unknown>\n#7 0x55cba2d62de3 <unknown>\n#8 0x55cba2d36a7b <unknown>\n#9 0x55cba2d3781e <unknown>\n#10 0x55cba2f9c638 <unknown>\n#11 0x55cba2fa0507 <unknown>\n#12 0x55cba2faac4c <unknown>\n#13 0x55cba2fa1136 <unknown>\n#14 0x55cba2f6f9cf <unknown>\n#15 0x55cba2fc4b98 <unknown>\n#16 0x55cba2fc4d68 <unknown>\n#17 0x55cba2fd3cb3 <unknown>\n#18 0x7f5f59b1b044 <unknown>","time":{"start":1694308281616,"stop":1694308282070,"duration":454}},{"uid":"3a0636ec80d5a6a","reportUrl":"https://zaelcovsky.github.io/StroyremAutomation/74//#testresult/3a0636ec80d5a6a","status":"skipped","statusDetails":"XFAIL Цена стандартной доставки 4450\n\nselenium.common.exceptions.NoSuchElementException: Message: no such element: Unable to locate element: {\"method\":\"xpath\",\"selector\":\"(//a[@class='add-to-cart yellow-btn'])[1]\"}\n  (Session info: headless chrome=116.0.5845.96); For documentation on this error, please visit: https://www.selenium.dev/documentation/webdriver/troubleshooting/errors#no-such-element-exception\nStacktrace:\n#0 0x55c0aed57e23 <unknown>\n#1 0x55c0aea807a7 <unknown>\n#2 0x55c0aeabf1d3 <unknown>\n#3 0x55c0aeabf2c1 <unknown>\n#4 0x55c0aeafaa04 <unknown>\n#5 0x55c0aeae003d <unknown>\n#6 0x55c0aeaf8369 <unknown>\n#7 0x55c0aeadfde3 <unknown>\n#8 0x55c0aeab3a7b <unknown>\n#9 0x55c0aeab481e <unknown>\n#10 0x55c0aed19638 <unknown>\n#11 0x55c0aed1d507 <unknown>\n#12 0x55c0aed27c4c <unknown>\n#13 0x55c0aed1e136 <unknown>\n#14 0x55c0aecec9cf <unknown>\n#15 0x55c0aed41b98 <unknown>\n#16 0x55c0aed41d68 <unknown>\n#17 0x55c0aed50cb3 <unknown>\n#18 0x7f23ee4ee044 <unknown>","time":{"start":1694221819297,"stop":1694221823761,"duration":4464}},{"uid":"48d45f8d6f2a1b03","reportUrl":"https://zaelcovsky.github.io/StroyremAutomation/73//#testresult/48d45f8d6f2a1b03","status":"skipped","statusDetails":"XFAIL Цена стандартной доставки 4450\n\nselenium.common.exceptions.NoSuchElementException: Message: no such element: Unable to locate element: {\"method\":\"xpath\",\"selector\":\"(//a[@class='add-to-cart yellow-btn'])[1]\"}\n  (Session info: headless chrome=116.0.5845.96); For documentation on this error, please visit: https://www.selenium.dev/documentation/webdriver/troubleshooting/errors#no-such-element-exception\nStacktrace:\n#0 0x55b5bcbc4e23 <unknown>\n#1 0x55b5bc8ed7a7 <unknown>\n#2 0x55b5bc92c1d3 <unknown>\n#3 0x55b5bc92c2c1 <unknown>\n#4 0x55b5bc967a04 <unknown>\n#5 0x55b5bc94d03d <unknown>\n#6 0x55b5bc965369 <unknown>\n#7 0x55b5bc94cde3 <unknown>\n#8 0x55b5bc920a7b <unknown>\n#9 0x55b5bc92181e <unknown>\n#10 0x55b5bcb86638 <unknown>\n#11 0x55b5bcb8a507 <unknown>\n#12 0x55b5bcb94c4c <unknown>\n#13 0x55b5bcb8b136 <unknown>\n#14 0x55b5bcb599cf <unknown>\n#15 0x55b5bcbaeb98 <unknown>\n#16 0x55b5bcbaed68 <unknown>\n#17 0x55b5bcbbdcb3 <unknown>\n#18 0x7f7fe399b044 <unknown>","time":{"start":1694135282307,"stop":1694135282892,"duration":585}}]},"tags":["smoke","@pytest.mark.xfail(reason='Цена стандартной доставки 4450')"]},"source":"477ec85e2c94910e.json","parameterValues":["13480","366","'TD 013'","12450","'products/shtukaturka-gipsovaya-aksolit-m50-30-kg-mashinnogo-naneseniya'","4800","'https://sandboxtest.stroyrem-nn.ru/'","11000"]}