{"uid":"c2bffb67831a06ff","name":"test_positive_delivery_green_zone_smoke[TD 008-products/shtukaturka-gipsovaya-aksolit-m50-30-kg-mashinnogo-naneseniya-149-4500-2300-3980-4490-https://sandboxtest.stroyrem-nn.ru/]","fullName":"tests.delivery.test_delivery_calculation.TestDeliveryPageCalculation#test_positive_delivery_green_zone_smoke","historyId":"a6e4f8846394d8afbfad6037346de2a8","time":{"start":1699060145687,"stop":1699060150339,"duration":4652},"status":"broken","statusMessage":"selenium.common.exceptions.NoSuchElementException: Message: no such element: Unable to locate element: {\"method\":\"xpath\",\"selector\":\"//input[@class='amount']\"}\n  (Session info: headless chrome=119.0.6045.105); For documentation on this error, please visit: https://www.selenium.dev/documentation/webdriver/troubleshooting/errors#no-such-element-exception\nStacktrace:\n#0 0x555c8a1915e3 <unknown>\n#1 0x555c89e540b7 <unknown>\n#2 0x555c89ea1f53 <unknown>\n#3 0x555c89ea2051 <unknown>\n#4 0x555c89ee79c4 <unknown>\n#5 0x555c89ec8f1d <unknown>\n#6 0x555c89ee4b3d <unknown>\n#7 0x555c89ec8cc3 <unknown>\n#8 0x555c89e940e4 <unknown>\n#9 0x555c89e950ae <unknown>\n#10 0x555c8a157ce1 <unknown>\n#11 0x555c8a15bb7e <unknown>\n#12 0x555c8a1454b5 <unknown>\n#13 0x555c8a15c7d6 <unknown>\n#14 0x555c8a128dbf <unknown>\n#15 0x555c8a17f748 <unknown>\n#16 0x555c8a17f917 <unknown>\n#17 0x555c8a190773 <unknown>\n#18 0x7f0d5e069044 <unknown>","statusTrace":"self = <tests.delivery.test_delivery_calculation.TestDeliveryPageCalculation object at 0x7f20f5e1f9d0>\ndriver = <selenium.webdriver.chrome.webdriver.WebDriver (session=\"40fbb936cccaacb0919d4696ef8a1b5f\")>\nurl = 'https://sandboxtest.stroyrem-nn.ru/', case_id = 'TD 008'\nlink_item = 'products/shtukaturka-gipsovaya-aksolit-m50-30-kg-mashinnogo-naneseniya'\namount = 149, weight = 4500, standard = 2300, in_time = 3980, all_time = 4490\n\n    @pytest.mark.parametrize('case_id, link_item, amount, weight, standard, in_time, all_time', [\n        (\"TD 001\", uroven_3000, 1, 30, 0, 1590, 2190),\n        (\"TD 002\", bundeks_25, 1, 30, 400, 1590, 2190),\n        (\"TD 003\", aksolit_30, 8, 300, 400, 1590, 2190),\n        (\"TD 004\", aksolit_30, 13, 400, 450, 1590, 2190),\n        (\"TD 005\", aksolit_30, 16, 500, 600, 1590, 2190),\n        (\"TD 006\", aksolit_30, 25, 1700, 990, 1990, 2480),\n        (\"TD 007\", aksolit_30, 66, 2000, 1300, 2490, 2980),\n        (\"TD 008\", aksolit_30, 149, 4500, 2300, 3980, 4490),\n        (\"TD 009\", aksolit_30, 166, 5000, 2500, 4990, 5480),\n        pytest.param(\n            \"TD 010\", aksolit_30, 206, 6200, 2900, 5570, 6120,\n            marks=pytest.mark.xfail(reson=\"Цена доставки 3600 7960 8980\")\n        ),\n        (\"TD 011\", aksolit_30, 299, 9000, 3600, 7960, 8980),\n        (\"TD 012\", aksolit_30, 333, 10000, 4450, 11990, 12500),\n        pytest.param(\n            \"TD 013\", aksolit_30, 366, 11000, 4800, 12450, 13480,\n            marks=pytest.mark.xfail(reason=\"Цена стандартной доставки 4450\")\n        ),\n        pytest.param(\n            \"TD 014\", aksolit_30, 666, 20000, 5400, 15600, 17490,\n            marks=pytest.mark.xfail(reason=\"Цена стандартной доставки 4450\")\n        )\n    ])\n    @pytest.mark.smoke\n    def test_positive_delivery_green_zone_smoke(\n            self, driver, url, case_id, link_item, amount, weight, standard, in_time, all_time\n    ):\n    \n        driver.get(f'{url}{link_item}')\n        item_page = ItemPage(driver)\n>       item_page.add_item_to_cart(amount).click_on_cart()\n\ntests/delivery/test_delivery_calculation.py:49: \n_ _ _ _ _ _ _ _ _ _ _ _ _ _ _ _ _ _ _ _ _ _ _ _ _ _ _ _ _ _ _ _ _ _ _ _ _ _ _ _ \npages/item_page.py:41: in add_item_to_cart\n    amount_field = self.find_element(self._item_amount)\nbase/seleniumbase.py:17: in find_element\n    return self.driver.find_element(*locator)\n/usr/local/lib/python3.11/site-packages/selenium/webdriver/remote/webdriver.py:740: in find_element\n    return self.execute(Command.FIND_ELEMENT, {\"using\": by, \"value\": value})[\"value\"]\n/usr/local/lib/python3.11/site-packages/selenium/webdriver/remote/webdriver.py:346: in execute\n    self.error_handler.check_response(response)\n_ _ _ _ _ _ _ _ _ _ _ _ _ _ _ _ _ _ _ _ _ _ _ _ _ _ _ _ _ _ _ _ _ _ _ _ _ _ _ _ \n\nself = <selenium.webdriver.remote.errorhandler.ErrorHandler object at 0x7f20f63e5b90>\nresponse = {'status': 404, 'value': '{\"value\":{\"error\":\"no such element\",\"message\":\"no such element: Unable to locate element: {\\...\\\\n#16 0x555c8a17f917 \\\\u003Cunknown>\\\\n#17 0x555c8a190773 \\\\u003Cunknown>\\\\n#18 0x7f0d5e069044 \\\\u003Cunknown>\\\\n\"}}'}\n\n    def check_response(self, response: Dict[str, Any]) -> None:\n        \"\"\"Checks that a JSON response from the WebDriver does not have an\n        error.\n    \n        :Args:\n         - response - The JSON response from the WebDriver server as a dictionary\n           object.\n    \n        :Raises: If the response contains an error message.\n        \"\"\"\n        status = response.get(\"status\", None)\n        if not status or status == ErrorCode.SUCCESS:\n            return\n        value = None\n        message = response.get(\"message\", \"\")\n        screen: str = response.get(\"screen\", \"\")\n        stacktrace = None\n        if isinstance(status, int):\n            value_json = response.get(\"value\", None)\n            if value_json and isinstance(value_json, str):\n                import json\n    \n                try:\n                    value = json.loads(value_json)\n                    if len(value) == 1:\n                        value = value[\"value\"]\n                    status = value.get(\"error\", None)\n                    if not status:\n                        status = value.get(\"status\", ErrorCode.UNKNOWN_ERROR)\n                        message = value.get(\"value\") or value.get(\"message\")\n                        if not isinstance(message, str):\n                            value = message\n                            message = message.get(\"message\")\n                    else:\n                        message = value.get(\"message\", None)\n                except ValueError:\n                    pass\n    \n        exception_class: Type[WebDriverException]\n        if status in ErrorCode.NO_SUCH_ELEMENT:\n            exception_class = NoSuchElementException\n        elif status in ErrorCode.NO_SUCH_FRAME:\n            exception_class = NoSuchFrameException\n        elif status in ErrorCode.NO_SUCH_SHADOW_ROOT:\n            exception_class = NoSuchShadowRootException\n        elif status in ErrorCode.NO_SUCH_WINDOW:\n            exception_class = NoSuchWindowException\n        elif status in ErrorCode.STALE_ELEMENT_REFERENCE:\n            exception_class = StaleElementReferenceException\n        elif status in ErrorCode.ELEMENT_NOT_VISIBLE:\n            exception_class = ElementNotVisibleException\n        elif status in ErrorCode.INVALID_ELEMENT_STATE:\n            exception_class = InvalidElementStateException\n        elif (\n            status in ErrorCode.INVALID_SELECTOR\n            or status in ErrorCode.INVALID_XPATH_SELECTOR\n            or status in ErrorCode.INVALID_XPATH_SELECTOR_RETURN_TYPER\n        ):\n            exception_class = InvalidSelectorException\n        elif status in ErrorCode.ELEMENT_IS_NOT_SELECTABLE:\n            exception_class = ElementNotSelectableException\n        elif status in ErrorCode.ELEMENT_NOT_INTERACTABLE:\n            exception_class = ElementNotInteractableException\n        elif status in ErrorCode.INVALID_COOKIE_DOMAIN:\n            exception_class = InvalidCookieDomainException\n        elif status in ErrorCode.UNABLE_TO_SET_COOKIE:\n            exception_class = UnableToSetCookieException\n        elif status in ErrorCode.TIMEOUT:\n            exception_class = TimeoutException\n        elif status in ErrorCode.SCRIPT_TIMEOUT:\n            exception_class = TimeoutException\n        elif status in ErrorCode.UNKNOWN_ERROR:\n            exception_class = WebDriverException\n        elif status in ErrorCode.UNEXPECTED_ALERT_OPEN:\n            exception_class = UnexpectedAlertPresentException\n        elif status in ErrorCode.NO_ALERT_OPEN:\n            exception_class = NoAlertPresentException\n        elif status in ErrorCode.IME_NOT_AVAILABLE:\n            exception_class = ImeNotAvailableException\n        elif status in ErrorCode.IME_ENGINE_ACTIVATION_FAILED:\n            exception_class = ImeActivationFailedException\n        elif status in ErrorCode.MOVE_TARGET_OUT_OF_BOUNDS:\n            exception_class = MoveTargetOutOfBoundsException\n        elif status in ErrorCode.JAVASCRIPT_ERROR:\n            exception_class = JavascriptException\n        elif status in ErrorCode.SESSION_NOT_CREATED:\n            exception_class = SessionNotCreatedException\n        elif status in ErrorCode.INVALID_ARGUMENT:\n            exception_class = InvalidArgumentException\n        elif status in ErrorCode.NO_SUCH_COOKIE:\n            exception_class = NoSuchCookieException\n        elif status in ErrorCode.UNABLE_TO_CAPTURE_SCREEN:\n            exception_class = ScreenshotException\n        elif status in ErrorCode.ELEMENT_CLICK_INTERCEPTED:\n            exception_class = ElementClickInterceptedException\n        elif status in ErrorCode.INSECURE_CERTIFICATE:\n            exception_class = InsecureCertificateException\n        elif status in ErrorCode.INVALID_COORDINATES:\n            exception_class = InvalidCoordinatesException\n        elif status in ErrorCode.INVALID_SESSION_ID:\n            exception_class = InvalidSessionIdException\n        elif status in ErrorCode.UNKNOWN_METHOD:\n            exception_class = UnknownMethodException\n        else:\n            exception_class = WebDriverException\n        if not value:\n            value = response[\"value\"]\n        if isinstance(value, str):\n            raise exception_class(value)\n        if message == \"\" and \"message\" in value:\n            message = value[\"message\"]\n    \n        screen = None  # type: ignore[assignment]\n        if \"screen\" in value:\n            screen = value[\"screen\"]\n    \n        stacktrace = None\n        st_value = value.get(\"stackTrace\") or value.get(\"stacktrace\")\n        if st_value:\n            if isinstance(st_value, str):\n                stacktrace = st_value.split(\"\\n\")\n            else:\n                stacktrace = []\n                try:\n                    for frame in st_value:\n                        line = frame.get(\"lineNumber\", \"\")\n                        file = frame.get(\"fileName\", \"<anonymous>\")\n                        if line:\n                            file = f\"{file}:{line}\"\n                        meth = frame.get(\"methodName\", \"<anonymous>\")\n                        if \"className\" in frame:\n                            meth = f\"{frame['className']}.{meth}\"\n                        msg = \"    at %s (%s)\"\n                        msg = msg % (meth, file)\n                        stacktrace.append(msg)\n                except TypeError:\n                    pass\n        if exception_class == UnexpectedAlertPresentException:\n            alert_text = None\n            if \"data\" in value:\n                alert_text = value[\"data\"].get(\"text\")\n            elif \"alert\" in value:\n                alert_text = value[\"alert\"].get(\"text\")\n            raise exception_class(message, screen, stacktrace, alert_text)  # type: ignore[call-arg]  # mypy is not smart enough here\n>       raise exception_class(message, screen, stacktrace)\nE       selenium.common.exceptions.NoSuchElementException: Message: no such element: Unable to locate element: {\"method\":\"xpath\",\"selector\":\"//input[@class='amount']\"}\nE         (Session info: headless chrome=119.0.6045.105); For documentation on this error, please visit: https://www.selenium.dev/documentation/webdriver/troubleshooting/errors#no-such-element-exception\nE       Stacktrace:\nE       #0 0x555c8a1915e3 <unknown>\nE       #1 0x555c89e540b7 <unknown>\nE       #2 0x555c89ea1f53 <unknown>\nE       #3 0x555c89ea2051 <unknown>\nE       #4 0x555c89ee79c4 <unknown>\nE       #5 0x555c89ec8f1d <unknown>\nE       #6 0x555c89ee4b3d <unknown>\nE       #7 0x555c89ec8cc3 <unknown>\nE       #8 0x555c89e940e4 <unknown>\nE       #9 0x555c89e950ae <unknown>\nE       #10 0x555c8a157ce1 <unknown>\nE       #11 0x555c8a15bb7e <unknown>\nE       #12 0x555c8a1454b5 <unknown>\nE       #13 0x555c8a15c7d6 <unknown>\nE       #14 0x555c8a128dbf <unknown>\nE       #15 0x555c8a17f748 <unknown>\nE       #16 0x555c8a17f917 <unknown>\nE       #17 0x555c8a190773 <unknown>\nE       #18 0x7f0d5e069044 <unknown>\n\n/usr/local/lib/python3.11/site-packages/selenium/webdriver/remote/errorhandler.py:245: NoSuchElementException","flaky":false,"newFailed":false,"newBroken":false,"newPassed":false,"retriesCount":0,"retriesStatusChange":false,"beforeStages":[{"name":"_session_faker","time":{"start":1699059664539,"stop":1699059664621,"duration":82},"status":"passed","steps":[],"attachments":[],"parameters":[],"shouldDisplayMessage":false,"stepsCount":0,"attachmentsCount":0,"hasContent":false},{"name":"clear_allure_results_folder","time":{"start":1699059664621,"stop":1699059664621,"duration":0},"status":"passed","steps":[],"attachments":[],"parameters":[],"shouldDisplayMessage":false,"stepsCount":0,"attachmentsCount":0,"hasContent":false},{"name":"driver","time":{"start":1699060144923,"stop":1699060145685,"duration":762},"status":"passed","steps":[],"attachments":[],"parameters":[],"shouldDisplayMessage":false,"stepsCount":0,"attachmentsCount":0,"hasContent":false},{"name":"setup","time":{"start":1699060145685,"stop":1699060145686,"duration":1},"status":"passed","steps":[],"attachments":[],"parameters":[],"shouldDisplayMessage":false,"stepsCount":0,"attachmentsCount":0,"hasContent":false}],"testStage":{"status":"broken","statusMessage":"selenium.common.exceptions.NoSuchElementException: Message: no such element: Unable to locate element: {\"method\":\"xpath\",\"selector\":\"//input[@class='amount']\"}\n  (Session info: headless chrome=119.0.6045.105); For documentation on this error, please visit: https://www.selenium.dev/documentation/webdriver/troubleshooting/errors#no-such-element-exception\nStacktrace:\n#0 0x555c8a1915e3 <unknown>\n#1 0x555c89e540b7 <unknown>\n#2 0x555c89ea1f53 <unknown>\n#3 0x555c89ea2051 <unknown>\n#4 0x555c89ee79c4 <unknown>\n#5 0x555c89ec8f1d <unknown>\n#6 0x555c89ee4b3d <unknown>\n#7 0x555c89ec8cc3 <unknown>\n#8 0x555c89e940e4 <unknown>\n#9 0x555c89e950ae <unknown>\n#10 0x555c8a157ce1 <unknown>\n#11 0x555c8a15bb7e <unknown>\n#12 0x555c8a1454b5 <unknown>\n#13 0x555c8a15c7d6 <unknown>\n#14 0x555c8a128dbf <unknown>\n#15 0x555c8a17f748 <unknown>\n#16 0x555c8a17f917 <unknown>\n#17 0x555c8a190773 <unknown>\n#18 0x7f0d5e069044 <unknown>","statusTrace":"self = <tests.delivery.test_delivery_calculation.TestDeliveryPageCalculation object at 0x7f20f5e1f9d0>\ndriver = <selenium.webdriver.chrome.webdriver.WebDriver (session=\"40fbb936cccaacb0919d4696ef8a1b5f\")>\nurl = 'https://sandboxtest.stroyrem-nn.ru/', case_id = 'TD 008'\nlink_item = 'products/shtukaturka-gipsovaya-aksolit-m50-30-kg-mashinnogo-naneseniya'\namount = 149, weight = 4500, standard = 2300, in_time = 3980, all_time = 4490\n\n    @pytest.mark.parametrize('case_id, link_item, amount, weight, standard, in_time, all_time', [\n        (\"TD 001\", uroven_3000, 1, 30, 0, 1590, 2190),\n        (\"TD 002\", bundeks_25, 1, 30, 400, 1590, 2190),\n        (\"TD 003\", aksolit_30, 8, 300, 400, 1590, 2190),\n        (\"TD 004\", aksolit_30, 13, 400, 450, 1590, 2190),\n        (\"TD 005\", aksolit_30, 16, 500, 600, 1590, 2190),\n        (\"TD 006\", aksolit_30, 25, 1700, 990, 1990, 2480),\n        (\"TD 007\", aksolit_30, 66, 2000, 1300, 2490, 2980),\n        (\"TD 008\", aksolit_30, 149, 4500, 2300, 3980, 4490),\n        (\"TD 009\", aksolit_30, 166, 5000, 2500, 4990, 5480),\n        pytest.param(\n            \"TD 010\", aksolit_30, 206, 6200, 2900, 5570, 6120,\n            marks=pytest.mark.xfail(reson=\"Цена доставки 3600 7960 8980\")\n        ),\n        (\"TD 011\", aksolit_30, 299, 9000, 3600, 7960, 8980),\n        (\"TD 012\", aksolit_30, 333, 10000, 4450, 11990, 12500),\n        pytest.param(\n            \"TD 013\", aksolit_30, 366, 11000, 4800, 12450, 13480,\n            marks=pytest.mark.xfail(reason=\"Цена стандартной доставки 4450\")\n        ),\n        pytest.param(\n            \"TD 014\", aksolit_30, 666, 20000, 5400, 15600, 17490,\n            marks=pytest.mark.xfail(reason=\"Цена стандартной доставки 4450\")\n        )\n    ])\n    @pytest.mark.smoke\n    def test_positive_delivery_green_zone_smoke(\n            self, driver, url, case_id, link_item, amount, weight, standard, in_time, all_time\n    ):\n    \n        driver.get(f'{url}{link_item}')\n        item_page = ItemPage(driver)\n>       item_page.add_item_to_cart(amount).click_on_cart()\n\ntests/delivery/test_delivery_calculation.py:49: \n_ _ _ _ _ _ _ _ _ _ _ _ _ _ _ _ _ _ _ _ _ _ _ _ _ _ _ _ _ _ _ _ _ _ _ _ _ _ _ _ \npages/item_page.py:41: in add_item_to_cart\n    amount_field = self.find_element(self._item_amount)\nbase/seleniumbase.py:17: in find_element\n    return self.driver.find_element(*locator)\n/usr/local/lib/python3.11/site-packages/selenium/webdriver/remote/webdriver.py:740: in find_element\n    return self.execute(Command.FIND_ELEMENT, {\"using\": by, \"value\": value})[\"value\"]\n/usr/local/lib/python3.11/site-packages/selenium/webdriver/remote/webdriver.py:346: in execute\n    self.error_handler.check_response(response)\n_ _ _ _ _ _ _ _ _ _ _ _ _ _ _ _ _ _ _ _ _ _ _ _ _ _ _ _ _ _ _ _ _ _ _ _ _ _ _ _ \n\nself = <selenium.webdriver.remote.errorhandler.ErrorHandler object at 0x7f20f63e5b90>\nresponse = {'status': 404, 'value': '{\"value\":{\"error\":\"no such element\",\"message\":\"no such element: Unable to locate element: {\\...\\\\n#16 0x555c8a17f917 \\\\u003Cunknown>\\\\n#17 0x555c8a190773 \\\\u003Cunknown>\\\\n#18 0x7f0d5e069044 \\\\u003Cunknown>\\\\n\"}}'}\n\n    def check_response(self, response: Dict[str, Any]) -> None:\n        \"\"\"Checks that a JSON response from the WebDriver does not have an\n        error.\n    \n        :Args:\n         - response - The JSON response from the WebDriver server as a dictionary\n           object.\n    \n        :Raises: If the response contains an error message.\n        \"\"\"\n        status = response.get(\"status\", None)\n        if not status or status == ErrorCode.SUCCESS:\n            return\n        value = None\n        message = response.get(\"message\", \"\")\n        screen: str = response.get(\"screen\", \"\")\n        stacktrace = None\n        if isinstance(status, int):\n            value_json = response.get(\"value\", None)\n            if value_json and isinstance(value_json, str):\n                import json\n    \n                try:\n                    value = json.loads(value_json)\n                    if len(value) == 1:\n                        value = value[\"value\"]\n                    status = value.get(\"error\", None)\n                    if not status:\n                        status = value.get(\"status\", ErrorCode.UNKNOWN_ERROR)\n                        message = value.get(\"value\") or value.get(\"message\")\n                        if not isinstance(message, str):\n                            value = message\n                            message = message.get(\"message\")\n                    else:\n                        message = value.get(\"message\", None)\n                except ValueError:\n                    pass\n    \n        exception_class: Type[WebDriverException]\n        if status in ErrorCode.NO_SUCH_ELEMENT:\n            exception_class = NoSuchElementException\n        elif status in ErrorCode.NO_SUCH_FRAME:\n            exception_class = NoSuchFrameException\n        elif status in ErrorCode.NO_SUCH_SHADOW_ROOT:\n            exception_class = NoSuchShadowRootException\n        elif status in ErrorCode.NO_SUCH_WINDOW:\n            exception_class = NoSuchWindowException\n        elif status in ErrorCode.STALE_ELEMENT_REFERENCE:\n            exception_class = StaleElementReferenceException\n        elif status in ErrorCode.ELEMENT_NOT_VISIBLE:\n            exception_class = ElementNotVisibleException\n        elif status in ErrorCode.INVALID_ELEMENT_STATE:\n            exception_class = InvalidElementStateException\n        elif (\n            status in ErrorCode.INVALID_SELECTOR\n            or status in ErrorCode.INVALID_XPATH_SELECTOR\n            or status in ErrorCode.INVALID_XPATH_SELECTOR_RETURN_TYPER\n        ):\n            exception_class = InvalidSelectorException\n        elif status in ErrorCode.ELEMENT_IS_NOT_SELECTABLE:\n            exception_class = ElementNotSelectableException\n        elif status in ErrorCode.ELEMENT_NOT_INTERACTABLE:\n            exception_class = ElementNotInteractableException\n        elif status in ErrorCode.INVALID_COOKIE_DOMAIN:\n            exception_class = InvalidCookieDomainException\n        elif status in ErrorCode.UNABLE_TO_SET_COOKIE:\n            exception_class = UnableToSetCookieException\n        elif status in ErrorCode.TIMEOUT:\n            exception_class = TimeoutException\n        elif status in ErrorCode.SCRIPT_TIMEOUT:\n            exception_class = TimeoutException\n        elif status in ErrorCode.UNKNOWN_ERROR:\n            exception_class = WebDriverException\n        elif status in ErrorCode.UNEXPECTED_ALERT_OPEN:\n            exception_class = UnexpectedAlertPresentException\n        elif status in ErrorCode.NO_ALERT_OPEN:\n            exception_class = NoAlertPresentException\n        elif status in ErrorCode.IME_NOT_AVAILABLE:\n            exception_class = ImeNotAvailableException\n        elif status in ErrorCode.IME_ENGINE_ACTIVATION_FAILED:\n            exception_class = ImeActivationFailedException\n        elif status in ErrorCode.MOVE_TARGET_OUT_OF_BOUNDS:\n            exception_class = MoveTargetOutOfBoundsException\n        elif status in ErrorCode.JAVASCRIPT_ERROR:\n            exception_class = JavascriptException\n        elif status in ErrorCode.SESSION_NOT_CREATED:\n            exception_class = SessionNotCreatedException\n        elif status in ErrorCode.INVALID_ARGUMENT:\n            exception_class = InvalidArgumentException\n        elif status in ErrorCode.NO_SUCH_COOKIE:\n            exception_class = NoSuchCookieException\n        elif status in ErrorCode.UNABLE_TO_CAPTURE_SCREEN:\n            exception_class = ScreenshotException\n        elif status in ErrorCode.ELEMENT_CLICK_INTERCEPTED:\n            exception_class = ElementClickInterceptedException\n        elif status in ErrorCode.INSECURE_CERTIFICATE:\n            exception_class = InsecureCertificateException\n        elif status in ErrorCode.INVALID_COORDINATES:\n            exception_class = InvalidCoordinatesException\n        elif status in ErrorCode.INVALID_SESSION_ID:\n            exception_class = InvalidSessionIdException\n        elif status in ErrorCode.UNKNOWN_METHOD:\n            exception_class = UnknownMethodException\n        else:\n            exception_class = WebDriverException\n        if not value:\n            value = response[\"value\"]\n        if isinstance(value, str):\n            raise exception_class(value)\n        if message == \"\" and \"message\" in value:\n            message = value[\"message\"]\n    \n        screen = None  # type: ignore[assignment]\n        if \"screen\" in value:\n            screen = value[\"screen\"]\n    \n        stacktrace = None\n        st_value = value.get(\"stackTrace\") or value.get(\"stacktrace\")\n        if st_value:\n            if isinstance(st_value, str):\n                stacktrace = st_value.split(\"\\n\")\n            else:\n                stacktrace = []\n                try:\n                    for frame in st_value:\n                        line = frame.get(\"lineNumber\", \"\")\n                        file = frame.get(\"fileName\", \"<anonymous>\")\n                        if line:\n                            file = f\"{file}:{line}\"\n                        meth = frame.get(\"methodName\", \"<anonymous>\")\n                        if \"className\" in frame:\n                            meth = f\"{frame['className']}.{meth}\"\n                        msg = \"    at %s (%s)\"\n                        msg = msg % (meth, file)\n                        stacktrace.append(msg)\n                except TypeError:\n                    pass\n        if exception_class == UnexpectedAlertPresentException:\n            alert_text = None\n            if \"data\" in value:\n                alert_text = value[\"data\"].get(\"text\")\n            elif \"alert\" in value:\n                alert_text = value[\"alert\"].get(\"text\")\n            raise exception_class(message, screen, stacktrace, alert_text)  # type: ignore[call-arg]  # mypy is not smart enough here\n>       raise exception_class(message, screen, stacktrace)\nE       selenium.common.exceptions.NoSuchElementException: Message: no such element: Unable to locate element: {\"method\":\"xpath\",\"selector\":\"//input[@class='amount']\"}\nE         (Session info: headless chrome=119.0.6045.105); For documentation on this error, please visit: https://www.selenium.dev/documentation/webdriver/troubleshooting/errors#no-such-element-exception\nE       Stacktrace:\nE       #0 0x555c8a1915e3 <unknown>\nE       #1 0x555c89e540b7 <unknown>\nE       #2 0x555c89ea1f53 <unknown>\nE       #3 0x555c89ea2051 <unknown>\nE       #4 0x555c89ee79c4 <unknown>\nE       #5 0x555c89ec8f1d <unknown>\nE       #6 0x555c89ee4b3d <unknown>\nE       #7 0x555c89ec8cc3 <unknown>\nE       #8 0x555c89e940e4 <unknown>\nE       #9 0x555c89e950ae <unknown>\nE       #10 0x555c8a157ce1 <unknown>\nE       #11 0x555c8a15bb7e <unknown>\nE       #12 0x555c8a1454b5 <unknown>\nE       #13 0x555c8a15c7d6 <unknown>\nE       #14 0x555c8a128dbf <unknown>\nE       #15 0x555c8a17f748 <unknown>\nE       #16 0x555c8a17f917 <unknown>\nE       #17 0x555c8a190773 <unknown>\nE       #18 0x7f0d5e069044 <unknown>\n\n/usr/local/lib/python3.11/site-packages/selenium/webdriver/remote/errorhandler.py:245: NoSuchElementException","steps":[{"name":"Добавляем товар в корзину в количестве 149","time":{"start":1699060150267,"stop":1699060150338,"duration":71},"status":"broken","statusMessage":"selenium.common.exceptions.NoSuchElementException: Message: no such element: Unable to locate element: {\"method\":\"xpath\",\"selector\":\"//input[@class='amount']\"}\n  (Session info: headless chrome=119.0.6045.105); For documentation on this error, please visit: https://www.selenium.dev/documentation/webdriver/troubleshooting/errors#no-such-element-exception\nStacktrace:\n#0 0x555c8a1915e3 <unknown>\n#1 0x555c89e540b7 <unknown>\n#2 0x555c89ea1f53 <unknown>\n#3 0x555c89ea2051 <unknown>\n#4 0x555c89ee79c4 <unknown>\n#5 0x555c89ec8f1d <unknown>\n#6 0x555c89ee4b3d <unknown>\n#7 0x555c89ec8cc3 <unknown>\n#8 0x555c89e940e4 <unknown>\n#9 0x555c89e950ae <unknown>\n#10 0x555c8a157ce1 <unknown>\n#11 0x555c8a15bb7e <unknown>\n#12 0x555c8a1454b5 <unknown>\n#13 0x555c8a15c7d6 <unknown>\n#14 0x555c8a128dbf <unknown>\n#15 0x555c8a17f748 <unknown>\n#16 0x555c8a17f917 <unknown>\n#17 0x555c8a190773 <unknown>\n#18 0x7f0d5e069044 <unknown>\n\n","statusTrace":"  File \"/usr/local/lib/python3.11/site-packages/allure_commons/_allure.py\", line 192, in impl\n    return func(*a, **kw)\n           ^^^^^^^^^^^^^^\n  File \"/app/pages/item_page.py\", line 41, in add_item_to_cart\n    amount_field = self.find_element(self._item_amount)\n                   ^^^^^^^^^^^^^^^^^^^^^^^^^^^^^^^^^^^^\n  File \"/app/base/seleniumbase.py\", line 17, in find_element\n    return self.driver.find_element(*locator)\n           ^^^^^^^^^^^^^^^^^^^^^^^^^^^^^^^^^^\n  File \"/usr/local/lib/python3.11/site-packages/selenium/webdriver/remote/webdriver.py\", line 740, in find_element\n    return self.execute(Command.FIND_ELEMENT, {\"using\": by, \"value\": value})[\"value\"]\n           ^^^^^^^^^^^^^^^^^^^^^^^^^^^^^^^^^^^^^^^^^^^^^^^^^^^^^^^^^^^^^^^^^\n  File \"/usr/local/lib/python3.11/site-packages/selenium/webdriver/remote/webdriver.py\", line 346, in execute\n    self.error_handler.check_response(response)\n  File \"/usr/local/lib/python3.11/site-packages/selenium/webdriver/remote/errorhandler.py\", line 245, in check_response\n    raise exception_class(message, screen, stacktrace)\n","steps":[],"attachments":[],"parameters":[{"name":"amount","value":"149"}],"shouldDisplayMessage":true,"stepsCount":0,"attachmentsCount":0,"hasContent":true}],"attachments":[{"uid":"9e199e7f13f0c852","name":"Screenshot","source":"9e199e7f13f0c852.png","type":"image/png","size":115178},{"uid":"ad4881b2c57fbc06","name":"HTML source","source":"ad4881b2c57fbc06.html","type":"text/html","size":303988}],"parameters":[],"shouldDisplayMessage":true,"stepsCount":1,"attachmentsCount":2,"hasContent":true},"afterStages":[{"name":"driver::0","time":{"start":1699060150497,"stop":1699060150555,"duration":58},"status":"passed","steps":[],"attachments":[],"parameters":[],"shouldDisplayMessage":false,"stepsCount":0,"attachmentsCount":0,"hasContent":false},{"name":"setup::0","time":{"start":1699060150497,"stop":1699060150497,"duration":0},"status":"passed","steps":[],"attachments":[],"parameters":[],"shouldDisplayMessage":false,"stepsCount":0,"attachmentsCount":0,"hasContent":false}],"labels":[{"name":"epic","value":"Delivery Page - calculation"},{"name":"tag","value":"smoke"},{"name":"parentSuite","value":"tests.delivery"},{"name":"suite","value":"test_delivery_calculation"},{"name":"subSuite","value":"TestDeliveryPageCalculation"},{"name":"host","value":"620c4b86d09f"},{"name":"thread","value":"1-MainThread"},{"name":"framework","value":"pytest"},{"name":"language","value":"cpython3"},{"name":"package","value":"tests.delivery.test_delivery_calculation"},{"name":"resultFormat","value":"allure2"}],"parameters":[{"name":"all_time","value":"4490"},{"name":"amount","value":"149"},{"name":"case_id","value":"'TD 008'"},{"name":"in_time","value":"3980"},{"name":"link_item","value":"'products/shtukaturka-gipsovaya-aksolit-m50-30-kg-mashinnogo-naneseniya'"},{"name":"standard","value":"2300"},{"name":"url","value":"'https://sandboxtest.stroyrem-nn.ru/'"},{"name":"weight","value":"4500"}],"links":[],"hidden":false,"retry":false,"extra":{"severity":"normal","retries":[],"categories":[{"name":"Test defects","matchedStatuses":[],"flaky":false}],"history":{"statistic":{"failed":0,"broken":66,"skipped":0,"passed":0,"unknown":0,"total":66},"items":[{"uid":"ad8b1a101083835e","reportUrl":"https://zaelcovsky.github.io/StroyremAutomation/129//#testresult/ad8b1a101083835e","status":"broken","statusDetails":"selenium.common.exceptions.NoSuchElementException: Message: no such element: Unable to locate element: {\"method\":\"xpath\",\"selector\":\"//input[@class='amount']\"}\n  (Session info: headless chrome=119.0.6045.105); For documentation on this error, please visit: https://www.selenium.dev/documentation/webdriver/troubleshooting/errors#no-such-element-exception\nStacktrace:\n#0 0x5600e1db65e3 <unknown>\n#1 0x5600e1a790b7 <unknown>\n#2 0x5600e1ac6f53 <unknown>\n#3 0x5600e1ac7051 <unknown>\n#4 0x5600e1b0c9c4 <unknown>\n#5 0x5600e1aedf1d <unknown>\n#6 0x5600e1b09b3d <unknown>\n#7 0x5600e1aedcc3 <unknown>\n#8 0x5600e1ab90e4 <unknown>\n#9 0x5600e1aba0ae <unknown>\n#10 0x5600e1d7cce1 <unknown>\n#11 0x5600e1d80b7e <unknown>\n#12 0x5600e1d6a4b5 <unknown>\n#13 0x5600e1d817d6 <unknown>\n#14 0x5600e1d4ddbf <unknown>\n#15 0x5600e1da4748 <unknown>\n#16 0x5600e1da4917 <unknown>\n#17 0x5600e1db5773 <unknown>\n#18 0x7fe403256044 <unknown>","time":{"start":1698973730693,"stop":1698973735502,"duration":4809}},{"uid":"ec0cd6a1476c6ba5","reportUrl":"https://zaelcovsky.github.io/StroyremAutomation/128//#testresult/ec0cd6a1476c6ba5","status":"broken","statusDetails":"selenium.common.exceptions.NoSuchElementException: Message: no such element: Unable to locate element: {\"method\":\"xpath\",\"selector\":\"//input[@class='amount']\"}\n  (Session info: headless chrome=119.0.6045.105); For documentation on this error, please visit: https://www.selenium.dev/documentation/webdriver/troubleshooting/errors#no-such-element-exception\nStacktrace:\n#0 0x55dc85b675e3 <unknown>\n#1 0x55dc8582a0b7 <unknown>\n#2 0x55dc85877f53 <unknown>\n#3 0x55dc85878051 <unknown>\n#4 0x55dc858bd9c4 <unknown>\n#5 0x55dc8589ef1d <unknown>\n#6 0x55dc858bab3d <unknown>\n#7 0x55dc8589ecc3 <unknown>\n#8 0x55dc8586a0e4 <unknown>\n#9 0x55dc8586b0ae <unknown>\n#10 0x55dc85b2dce1 <unknown>\n#11 0x55dc85b31b7e <unknown>\n#12 0x55dc85b1b4b5 <unknown>\n#13 0x55dc85b327d6 <unknown>\n#14 0x55dc85afedbf <unknown>\n#15 0x55dc85b55748 <unknown>\n#16 0x55dc85b55917 <unknown>\n#17 0x55dc85b66773 <unknown>\n#18 0x7fcafc50d044 <unknown>","time":{"start":1698887314802,"stop":1698887319516,"duration":4714}},{"uid":"60e34a99078fb20e","reportUrl":"https://zaelcovsky.github.io/StroyremAutomation/127//#testresult/60e34a99078fb20e","status":"broken","statusDetails":"selenium.common.exceptions.NoSuchElementException: Message: no such element: Unable to locate element: {\"method\":\"xpath\",\"selector\":\"//input[@class='amount']\"}\n  (Session info: headless chrome=119.0.6045.105); For documentation on this error, please visit: https://www.selenium.dev/documentation/webdriver/troubleshooting/errors#no-such-element-exception\nStacktrace:\n#0 0x55f4715ee5e3 <unknown>\n#1 0x55f4712b10b7 <unknown>\n#2 0x55f4712fef53 <unknown>\n#3 0x55f4712ff051 <unknown>\n#4 0x55f4713449c4 <unknown>\n#5 0x55f471325f1d <unknown>\n#6 0x55f471341b3d <unknown>\n#7 0x55f471325cc3 <unknown>\n#8 0x55f4712f10e4 <unknown>\n#9 0x55f4712f20ae <unknown>\n#10 0x55f4715b4ce1 <unknown>\n#11 0x55f4715b8b7e <unknown>\n#12 0x55f4715a24b5 <unknown>\n#13 0x55f4715b97d6 <unknown>\n#14 0x55f471585dbf <unknown>\n#15 0x55f4715dc748 <unknown>\n#16 0x55f4715dc917 <unknown>\n#17 0x55f4715ed773 <unknown>\n#18 0x7f526499e044 <unknown>","time":{"start":1698801203669,"stop":1698801208824,"duration":5155}},{"uid":"8aca896919be2fb2","reportUrl":"https://zaelcovsky.github.io/StroyremAutomation/126//#testresult/8aca896919be2fb2","status":"broken","statusDetails":"selenium.common.exceptions.NoSuchElementException: Message: no such element: Unable to locate element: {\"method\":\"xpath\",\"selector\":\"//input[@class='amount']\"}\n  (Session info: headless chrome=118.0.5993.70); For documentation on this error, please visit: https://www.selenium.dev/documentation/webdriver/troubleshooting/errors#no-such-element-exception\nStacktrace:\n#0 0x5620fe009fb3 <unknown>\n#1 0x5620fdcdd4a7 <unknown>\n#2 0x5620fdd24dd6 <unknown>\n#3 0x5620fdd24ec1 <unknown>\n#4 0x5620fdd62354 <unknown>\n#5 0x5620fdd4696d <unknown>\n#6 0x5620fdd5fc02 <unknown>\n#7 0x5620fdd46713 <unknown>\n#8 0x5620fdd1918b <unknown>\n#9 0x5620fdd19f7e <unknown>\n#10 0x5620fdfcf8d8 <unknown>\n#11 0x5620fdfd3800 <unknown>\n#12 0x5620fdfddcfc <unknown>\n#13 0x5620fdfd4418 <unknown>\n#14 0x5620fdfa142f <unknown>\n#15 0x5620fdff84e8 <unknown>\n#16 0x5620fdff86b4 <unknown>\n#17 0x5620fe009143 <unknown>\n#18 0x7f3b76fcc044 <unknown>","time":{"start":1698714546458,"stop":1698714550557,"duration":4099}},{"uid":"1aa33e85cb11ca1a","reportUrl":"https://zaelcovsky.github.io/StroyremAutomation/125//#testresult/1aa33e85cb11ca1a","status":"broken","statusDetails":"selenium.common.exceptions.NoSuchElementException: Message: no such element: Unable to locate element: {\"method\":\"xpath\",\"selector\":\"//input[@class='amount']\"}\n  (Session info: headless chrome=118.0.5993.70); For documentation on this error, please visit: https://www.selenium.dev/documentation/webdriver/troubleshooting/errors#no-such-element-exception\nStacktrace:\n#0 0x55b464882fb3 <unknown>\n#1 0x55b4645564a7 <unknown>\n#2 0x55b46459ddd6 <unknown>\n#3 0x55b46459dec1 <unknown>\n#4 0x55b4645db354 <unknown>\n#5 0x55b4645bf96d <unknown>\n#6 0x55b4645d8c02 <unknown>\n#7 0x55b4645bf713 <unknown>\n#8 0x55b46459218b <unknown>\n#9 0x55b464592f7e <unknown>\n#10 0x55b4648488d8 <unknown>\n#11 0x55b46484c800 <unknown>\n#12 0x55b464856cfc <unknown>\n#13 0x55b46484d418 <unknown>\n#14 0x55b46481a42f <unknown>\n#15 0x55b4648714e8 <unknown>\n#16 0x55b4648716b4 <unknown>\n#17 0x55b464882143 <unknown>\n#18 0x7f649ef23044 <unknown>","time":{"start":1698628118220,"stop":1698628122562,"duration":4342}},{"uid":"1014b0b24834a764","reportUrl":"https://zaelcovsky.github.io/StroyremAutomation/124//#testresult/1014b0b24834a764","status":"broken","statusDetails":"selenium.common.exceptions.NoSuchElementException: Message: no such element: Unable to locate element: {\"method\":\"xpath\",\"selector\":\"//input[@class='amount']\"}\n  (Session info: headless chrome=118.0.5993.70); For documentation on this error, please visit: https://www.selenium.dev/documentation/webdriver/troubleshooting/errors#no-such-element-exception\nStacktrace:\n#0 0x55b9a7920fb3 <unknown>\n#1 0x55b9a75f44a7 <unknown>\n#2 0x55b9a763bdd6 <unknown>\n#3 0x55b9a763bec1 <unknown>\n#4 0x55b9a7679354 <unknown>\n#5 0x55b9a765d96d <unknown>\n#6 0x55b9a7676c02 <unknown>\n#7 0x55b9a765d713 <unknown>\n#8 0x55b9a763018b <unknown>\n#9 0x55b9a7630f7e <unknown>\n#10 0x55b9a78e68d8 <unknown>\n#11 0x55b9a78ea800 <unknown>\n#12 0x55b9a78f4cfc <unknown>\n#13 0x55b9a78eb418 <unknown>\n#14 0x55b9a78b842f <unknown>\n#15 0x55b9a790f4e8 <unknown>\n#16 0x55b9a790f6b4 <unknown>\n#17 0x55b9a7920143 <unknown>\n#18 0x7f25b027f044 <unknown>","time":{"start":1698541903067,"stop":1698541907486,"duration":4419}},{"uid":"464666edc03e965b","reportUrl":"https://zaelcovsky.github.io/StroyremAutomation/123//#testresult/464666edc03e965b","status":"broken","statusDetails":"selenium.common.exceptions.NoSuchElementException: Message: no such element: Unable to locate element: {\"method\":\"xpath\",\"selector\":\"//input[@class='amount']\"}\n  (Session info: headless chrome=118.0.5993.70); For documentation on this error, please visit: https://www.selenium.dev/documentation/webdriver/troubleshooting/errors#no-such-element-exception\nStacktrace:\n#0 0x55af6aafefb3 <unknown>\n#1 0x55af6a7d24a7 <unknown>\n#2 0x55af6a819dd6 <unknown>\n#3 0x55af6a819ec1 <unknown>\n#4 0x55af6a857354 <unknown>\n#5 0x55af6a83b96d <unknown>\n#6 0x55af6a854c02 <unknown>\n#7 0x55af6a83b713 <unknown>\n#8 0x55af6a80e18b <unknown>\n#9 0x55af6a80ef7e <unknown>\n#10 0x55af6aac48d8 <unknown>\n#11 0x55af6aac8800 <unknown>\n#12 0x55af6aad2cfc <unknown>\n#13 0x55af6aac9418 <unknown>\n#14 0x55af6aa9642f <unknown>\n#15 0x55af6aaed4e8 <unknown>\n#16 0x55af6aaed6b4 <unknown>\n#17 0x55af6aafe143 <unknown>\n#18 0x7f07f2352044 <unknown>","time":{"start":1698455214077,"stop":1698455219618,"duration":5541}},{"uid":"2991e3528257349d","reportUrl":"https://zaelcovsky.github.io/StroyremAutomation/122//#testresult/2991e3528257349d","status":"broken","statusDetails":"selenium.common.exceptions.NoSuchElementException: Message: no such element: Unable to locate element: {\"method\":\"xpath\",\"selector\":\"//input[@class='amount']\"}\n  (Session info: headless chrome=118.0.5993.70); For documentation on this error, please visit: https://www.selenium.dev/documentation/webdriver/troubleshooting/errors#no-such-element-exception\nStacktrace:\n#0 0x55db042d4fb3 <unknown>\n#1 0x55db03fa84a7 <unknown>\n#2 0x55db03fefdd6 <unknown>\n#3 0x55db03fefec1 <unknown>\n#4 0x55db0402d354 <unknown>\n#5 0x55db0401196d <unknown>\n#6 0x55db0402ac02 <unknown>\n#7 0x55db04011713 <unknown>\n#8 0x55db03fe418b <unknown>\n#9 0x55db03fe4f7e <unknown>\n#10 0x55db0429a8d8 <unknown>\n#11 0x55db0429e800 <unknown>\n#12 0x55db042a8cfc <unknown>\n#13 0x55db0429f418 <unknown>\n#14 0x55db0426c42f <unknown>\n#15 0x55db042c34e8 <unknown>\n#16 0x55db042c36b4 <unknown>\n#17 0x55db042d4143 <unknown>\n#18 0x7f1a49981044 <unknown>","time":{"start":1698368848823,"stop":1698368853432,"duration":4609}},{"uid":"49400be4bd1742fc","reportUrl":"https://zaelcovsky.github.io/StroyremAutomation/121//#testresult/49400be4bd1742fc","status":"broken","statusDetails":"selenium.common.exceptions.NoSuchElementException: Message: no such element: Unable to locate element: {\"method\":\"xpath\",\"selector\":\"//input[@class='amount']\"}\n  (Session info: headless chrome=118.0.5993.70); For documentation on this error, please visit: https://www.selenium.dev/documentation/webdriver/troubleshooting/errors#no-such-element-exception\nStacktrace:\n#0 0x55c47c937fb3 <unknown>\n#1 0x55c47c60b4a7 <unknown>\n#2 0x55c47c652dd6 <unknown>\n#3 0x55c47c652ec1 <unknown>\n#4 0x55c47c690354 <unknown>\n#5 0x55c47c67496d <unknown>\n#6 0x55c47c68dc02 <unknown>\n#7 0x55c47c674713 <unknown>\n#8 0x55c47c64718b <unknown>\n#9 0x55c47c647f7e <unknown>\n#10 0x55c47c8fd8d8 <unknown>\n#11 0x55c47c901800 <unknown>\n#12 0x55c47c90bcfc <unknown>\n#13 0x55c47c902418 <unknown>\n#14 0x55c47c8cf42f <unknown>\n#15 0x55c47c9264e8 <unknown>\n#16 0x55c47c9266b4 <unknown>\n#17 0x55c47c937143 <unknown>\n#18 0x7efd2f527044 <unknown>","time":{"start":1698282459912,"stop":1698282464220,"duration":4308}},{"uid":"b65a6afeaf2e2e2f","reportUrl":"https://zaelcovsky.github.io/StroyremAutomation/120//#testresult/b65a6afeaf2e2e2f","status":"broken","statusDetails":"selenium.common.exceptions.NoSuchElementException: Message: no such element: Unable to locate element: {\"method\":\"xpath\",\"selector\":\"//input[@class='amount']\"}\n  (Session info: headless chrome=118.0.5993.70); For documentation on this error, please visit: https://www.selenium.dev/documentation/webdriver/troubleshooting/errors#no-such-element-exception\nStacktrace:\n#0 0x55ead0c37fb3 <unknown>\n#1 0x55ead090b4a7 <unknown>\n#2 0x55ead0952dd6 <unknown>\n#3 0x55ead0952ec1 <unknown>\n#4 0x55ead0990354 <unknown>\n#5 0x55ead097496d <unknown>\n#6 0x55ead098dc02 <unknown>\n#7 0x55ead0974713 <unknown>\n#8 0x55ead094718b <unknown>\n#9 0x55ead0947f7e <unknown>\n#10 0x55ead0bfd8d8 <unknown>\n#11 0x55ead0c01800 <unknown>\n#12 0x55ead0c0bcfc <unknown>\n#13 0x55ead0c02418 <unknown>\n#14 0x55ead0bcf42f <unknown>\n#15 0x55ead0c264e8 <unknown>\n#16 0x55ead0c266b4 <unknown>\n#17 0x55ead0c37143 <unknown>\n#18 0x7fd0491f5044 <unknown>","time":{"start":1698196084204,"stop":1698196093666,"duration":9462}},{"uid":"7039ae3b689bcac1","reportUrl":"https://zaelcovsky.github.io/StroyremAutomation/119//#testresult/7039ae3b689bcac1","status":"broken","statusDetails":"selenium.common.exceptions.NoSuchElementException: Message: no such element: Unable to locate element: {\"method\":\"xpath\",\"selector\":\"//input[@class='amount']\"}\n  (Session info: headless chrome=118.0.5993.70); For documentation on this error, please visit: https://www.selenium.dev/documentation/webdriver/troubleshooting/errors#no-such-element-exception\nStacktrace:\n#0 0x561300365fb3 <unknown>\n#1 0x5613000394a7 <unknown>\n#2 0x561300080dd6 <unknown>\n#3 0x561300080ec1 <unknown>\n#4 0x5613000be354 <unknown>\n#5 0x5613000a296d <unknown>\n#6 0x5613000bbc02 <unknown>\n#7 0x5613000a2713 <unknown>\n#8 0x56130007518b <unknown>\n#9 0x561300075f7e <unknown>\n#10 0x56130032b8d8 <unknown>\n#11 0x56130032f800 <unknown>\n#12 0x561300339cfc <unknown>\n#13 0x561300330418 <unknown>\n#14 0x5613002fd42f <unknown>\n#15 0x5613003544e8 <unknown>\n#16 0x5613003546b4 <unknown>\n#17 0x561300365143 <unknown>\n#18 0x7f00d882e044 <unknown>","time":{"start":1698109750000,"stop":1698109755323,"duration":5323}},{"uid":"958beab93d019880","reportUrl":"https://zaelcovsky.github.io/StroyremAutomation/118//#testresult/958beab93d019880","status":"broken","statusDetails":"selenium.common.exceptions.NoSuchElementException: Message: no such element: Unable to locate element: {\"method\":\"xpath\",\"selector\":\"//input[@class='amount']\"}\n  (Session info: headless chrome=118.0.5993.70); For documentation on this error, please visit: https://www.selenium.dev/documentation/webdriver/troubleshooting/errors#no-such-element-exception\nStacktrace:\n#0 0x5638ac236fb3 <unknown>\n#1 0x5638abf0a4a7 <unknown>\n#2 0x5638abf51dd6 <unknown>\n#3 0x5638abf51ec1 <unknown>\n#4 0x5638abf8f354 <unknown>\n#5 0x5638abf7396d <unknown>\n#6 0x5638abf8cc02 <unknown>\n#7 0x5638abf73713 <unknown>\n#8 0x5638abf4618b <unknown>\n#9 0x5638abf46f7e <unknown>\n#10 0x5638ac1fc8d8 <unknown>\n#11 0x5638ac200800 <unknown>\n#12 0x5638ac20acfc <unknown>\n#13 0x5638ac201418 <unknown>\n#14 0x5638ac1ce42f <unknown>\n#15 0x5638ac2254e8 <unknown>\n#16 0x5638ac2256b4 <unknown>\n#17 0x5638ac236143 <unknown>\n#18 0x7f3179673044 <unknown>","time":{"start":1698023329977,"stop":1698023338452,"duration":8475}},{"uid":"5ba9f91b9f41cb75","reportUrl":"https://zaelcovsky.github.io/StroyremAutomation/117//#testresult/5ba9f91b9f41cb75","status":"broken","statusDetails":"selenium.common.exceptions.NoSuchElementException: Message: no such element: Unable to locate element: {\"method\":\"xpath\",\"selector\":\"//input[@class='amount']\"}\n  (Session info: headless chrome=118.0.5993.70); For documentation on this error, please visit: https://www.selenium.dev/documentation/webdriver/troubleshooting/errors#no-such-element-exception\nStacktrace:\n#0 0x55c9af2d6fb3 <unknown>\n#1 0x55c9aefaa4a7 <unknown>\n#2 0x55c9aeff1dd6 <unknown>\n#3 0x55c9aeff1ec1 <unknown>\n#4 0x55c9af02f354 <unknown>\n#5 0x55c9af01396d <unknown>\n#6 0x55c9af02cc02 <unknown>\n#7 0x55c9af013713 <unknown>\n#8 0x55c9aefe618b <unknown>\n#9 0x55c9aefe6f7e <unknown>\n#10 0x55c9af29c8d8 <unknown>\n#11 0x55c9af2a0800 <unknown>\n#12 0x55c9af2aacfc <unknown>\n#13 0x55c9af2a1418 <unknown>\n#14 0x55c9af26e42f <unknown>\n#15 0x55c9af2c54e8 <unknown>\n#16 0x55c9af2c56b4 <unknown>\n#17 0x55c9af2d6143 <unknown>\n#18 0x7f89984f4044 <unknown>","time":{"start":1697937131528,"stop":1697937135713,"duration":4185}},{"uid":"de682121035d0c35","reportUrl":"https://zaelcovsky.github.io/StroyremAutomation/116//#testresult/de682121035d0c35","status":"broken","statusDetails":"selenium.common.exceptions.NoSuchElementException: Message: no such element: Unable to locate element: {\"method\":\"xpath\",\"selector\":\"//input[@class='amount']\"}\n  (Session info: headless chrome=118.0.5993.70); For documentation on this error, please visit: https://www.selenium.dev/documentation/webdriver/troubleshooting/errors#no-such-element-exception\nStacktrace:\n#0 0x56411051cfb3 <unknown>\n#1 0x5641101f04a7 <unknown>\n#2 0x564110237dd6 <unknown>\n#3 0x564110237ec1 <unknown>\n#4 0x564110275354 <unknown>\n#5 0x56411025996d <unknown>\n#6 0x564110272c02 <unknown>\n#7 0x564110259713 <unknown>\n#8 0x56411022c18b <unknown>\n#9 0x56411022cf7e <unknown>\n#10 0x5641104e28d8 <unknown>\n#11 0x5641104e6800 <unknown>\n#12 0x5641104f0cfc <unknown>\n#13 0x5641104e7418 <unknown>\n#14 0x5641104b442f <unknown>\n#15 0x56411050b4e8 <unknown>\n#16 0x56411050b6b4 <unknown>\n#17 0x56411051c143 <unknown>\n#18 0x7f61ede23044 <unknown>","time":{"start":1697850433218,"stop":1697850442165,"duration":8947}},{"uid":"df356a4b7644529e","reportUrl":"https://zaelcovsky.github.io/StroyremAutomation/115//#testresult/df356a4b7644529e","status":"broken","statusDetails":"selenium.common.exceptions.NoSuchElementException: Message: no such element: Unable to locate element: {\"method\":\"xpath\",\"selector\":\"//input[@class='amount']\"}\n  (Session info: headless chrome=118.0.5993.70); For documentation on this error, please visit: https://www.selenium.dev/documentation/webdriver/troubleshooting/errors#no-such-element-exception\nStacktrace:\n#0 0x55fc3223afb3 <unknown>\n#1 0x55fc31f0e4a7 <unknown>\n#2 0x55fc31f55dd6 <unknown>\n#3 0x55fc31f55ec1 <unknown>\n#4 0x55fc31f93354 <unknown>\n#5 0x55fc31f7796d <unknown>\n#6 0x55fc31f90c02 <unknown>\n#7 0x55fc31f77713 <unknown>\n#8 0x55fc31f4a18b <unknown>\n#9 0x55fc31f4af7e <unknown>\n#10 0x55fc322008d8 <unknown>\n#11 0x55fc32204800 <unknown>\n#12 0x55fc3220ecfc <unknown>\n#13 0x55fc32205418 <unknown>\n#14 0x55fc321d242f <unknown>\n#15 0x55fc322294e8 <unknown>\n#16 0x55fc322296b4 <unknown>\n#17 0x55fc3223a143 <unknown>\n#18 0x7f10d19c7044 <unknown>","time":{"start":1697764167271,"stop":1697764172580,"duration":5309}},{"uid":"6b4f68175953f84d","reportUrl":"https://zaelcovsky.github.io/StroyremAutomation/114//#testresult/6b4f68175953f84d","status":"broken","statusDetails":"selenium.common.exceptions.NoSuchElementException: Message: no such element: Unable to locate element: {\"method\":\"xpath\",\"selector\":\"//input[@class='amount']\"}\n  (Session info: headless chrome=118.0.5993.70); For documentation on this error, please visit: https://www.selenium.dev/documentation/webdriver/troubleshooting/errors#no-such-element-exception\nStacktrace:\n#0 0x55d8d2427fb3 <unknown>\n#1 0x55d8d20fb4a7 <unknown>\n#2 0x55d8d2142dd6 <unknown>\n#3 0x55d8d2142ec1 <unknown>\n#4 0x55d8d2180354 <unknown>\n#5 0x55d8d216496d <unknown>\n#6 0x55d8d217dc02 <unknown>\n#7 0x55d8d2164713 <unknown>\n#8 0x55d8d213718b <unknown>\n#9 0x55d8d2137f7e <unknown>\n#10 0x55d8d23ed8d8 <unknown>\n#11 0x55d8d23f1800 <unknown>\n#12 0x55d8d23fbcfc <unknown>\n#13 0x55d8d23f2418 <unknown>\n#14 0x55d8d23bf42f <unknown>\n#15 0x55d8d24164e8 <unknown>\n#16 0x55d8d24166b4 <unknown>\n#17 0x55d8d2427143 <unknown>\n#18 0x7f185f26a044 <unknown>","time":{"start":1697677773146,"stop":1697677779408,"duration":6262}},{"uid":"1ef9da75766d3100","reportUrl":"https://zaelcovsky.github.io/StroyremAutomation/113//#testresult/1ef9da75766d3100","status":"broken","statusDetails":"selenium.common.exceptions.NoSuchElementException: Message: no such element: Unable to locate element: {\"method\":\"xpath\",\"selector\":\"//input[@class='amount']\"}\n  (Session info: headless chrome=118.0.5993.70); For documentation on this error, please visit: https://www.selenium.dev/documentation/webdriver/troubleshooting/errors#no-such-element-exception\nStacktrace:\n#0 0x55558bdb7fb3 <unknown>\n#1 0x55558ba8b4a7 <unknown>\n#2 0x55558bad2dd6 <unknown>\n#3 0x55558bad2ec1 <unknown>\n#4 0x55558bb10354 <unknown>\n#5 0x55558baf496d <unknown>\n#6 0x55558bb0dc02 <unknown>\n#7 0x55558baf4713 <unknown>\n#8 0x55558bac718b <unknown>\n#9 0x55558bac7f7e <unknown>\n#10 0x55558bd7d8d8 <unknown>\n#11 0x55558bd81800 <unknown>\n#12 0x55558bd8bcfc <unknown>\n#13 0x55558bd82418 <unknown>\n#14 0x55558bd4f42f <unknown>\n#15 0x55558bda64e8 <unknown>\n#16 0x55558bda66b4 <unknown>\n#17 0x55558bdb7143 <unknown>\n#18 0x7f6be737c044 <unknown>","time":{"start":1697591439521,"stop":1697591445805,"duration":6284}},{"uid":"aa57bd42205f02ed","reportUrl":"https://zaelcovsky.github.io/StroyremAutomation/112//#testresult/aa57bd42205f02ed","status":"broken","statusDetails":"selenium.common.exceptions.NoSuchElementException: Message: no such element: Unable to locate element: {\"method\":\"xpath\",\"selector\":\"//input[@class='amount']\"}\n  (Session info: headless chrome=118.0.5993.70); For documentation on this error, please visit: https://www.selenium.dev/documentation/webdriver/troubleshooting/errors#no-such-element-exception\nStacktrace:\n#0 0x562b8d3c3fb3 <unknown>\n#1 0x562b8d0974a7 <unknown>\n#2 0x562b8d0dedd6 <unknown>\n#3 0x562b8d0deec1 <unknown>\n#4 0x562b8d11c354 <unknown>\n#5 0x562b8d10096d <unknown>\n#6 0x562b8d119c02 <unknown>\n#7 0x562b8d100713 <unknown>\n#8 0x562b8d0d318b <unknown>\n#9 0x562b8d0d3f7e <unknown>\n#10 0x562b8d3898d8 <unknown>\n#11 0x562b8d38d800 <unknown>\n#12 0x562b8d397cfc <unknown>\n#13 0x562b8d38e418 <unknown>\n#14 0x562b8d35b42f <unknown>\n#15 0x562b8d3b24e8 <unknown>\n#16 0x562b8d3b26b4 <unknown>\n#17 0x562b8d3c3143 <unknown>\n#18 0x7f38dada7044 <unknown>","time":{"start":1697505064225,"stop":1697505073931,"duration":9706}},{"uid":"9654f8886e02e4a3","reportUrl":"https://zaelcovsky.github.io/StroyremAutomation/111//#testresult/9654f8886e02e4a3","status":"broken","statusDetails":"selenium.common.exceptions.NoSuchElementException: Message: no such element: Unable to locate element: {\"method\":\"xpath\",\"selector\":\"//input[@class='amount']\"}\n  (Session info: headless chrome=118.0.5993.70); For documentation on this error, please visit: https://www.selenium.dev/documentation/webdriver/troubleshooting/errors#no-such-element-exception\nStacktrace:\n#0 0x55e35b6d1fb3 <unknown>\n#1 0x55e35b3a54a7 <unknown>\n#2 0x55e35b3ecdd6 <unknown>\n#3 0x55e35b3ecec1 <unknown>\n#4 0x55e35b42a354 <unknown>\n#5 0x55e35b40e96d <unknown>\n#6 0x55e35b427c02 <unknown>\n#7 0x55e35b40e713 <unknown>\n#8 0x55e35b3e118b <unknown>\n#9 0x55e35b3e1f7e <unknown>\n#10 0x55e35b6978d8 <unknown>\n#11 0x55e35b69b800 <unknown>\n#12 0x55e35b6a5cfc <unknown>\n#13 0x55e35b69c418 <unknown>\n#14 0x55e35b66942f <unknown>\n#15 0x55e35b6c04e8 <unknown>\n#16 0x55e35b6c06b4 <unknown>\n#17 0x55e35b6d1143 <unknown>\n#18 0x7f8972713044 <unknown>","time":{"start":1697418615332,"stop":1697418620684,"duration":5352}},{"uid":"64989456932888f0","reportUrl":"https://zaelcovsky.github.io/StroyremAutomation/110//#testresult/64989456932888f0","status":"broken","statusDetails":"selenium.common.exceptions.NoSuchElementException: Message: no such element: Unable to locate element: {\"method\":\"xpath\",\"selector\":\"(//a[@class='add-to-cart yellow-btn'])[1]\"}\n  (Session info: headless chrome=118.0.5993.70); For documentation on this error, please visit: https://www.selenium.dev/documentation/webdriver/troubleshooting/errors#no-such-element-exception\nStacktrace:\n#0 0x55f12dc5ffb3 <unknown>\n#1 0x55f12d9334a7 <unknown>\n#2 0x55f12d97add6 <unknown>\n#3 0x55f12d97aec1 <unknown>\n#4 0x55f12d9b8354 <unknown>\n#5 0x55f12d99c96d <unknown>\n#6 0x55f12d9b5c02 <unknown>\n#7 0x55f12d99c713 <unknown>\n#8 0x55f12d96f18b <unknown>\n#9 0x55f12d96ff7e <unknown>\n#10 0x55f12dc258d8 <unknown>\n#11 0x55f12dc29800 <unknown>\n#12 0x55f12dc33cfc <unknown>\n#13 0x55f12dc2a418 <unknown>\n#14 0x55f12dbf742f <unknown>\n#15 0x55f12dc4e4e8 <unknown>\n#16 0x55f12dc4e6b4 <unknown>\n#17 0x55f12dc5f143 <unknown>\n#18 0x7f36d8fca044 <unknown>","time":{"start":1697332379378,"stop":1697332379951,"duration":573}}]},"tags":["smoke"]},"source":"c2bffb67831a06ff.json","parameterValues":["4490","149","'TD 008'","3980","'products/shtukaturka-gipsovaya-aksolit-m50-30-kg-mashinnogo-naneseniya'","2300","'https://sandboxtest.stroyrem-nn.ru/'","4500"]}