{"uid":"1176e9bdfb8e176c","name":"TD 021 Доставка товара весом до 4500кг. в синей зоне","fullName":"tests.delivery.test_delivery_calculation.TestDeliveryPageCalculation#test_positive_delivery_blue_zone_smoke","historyId":"4272fd29f73ebe2bebbe6ac82260cc7b","time":{"start":1703034017734,"stop":1703034018128,"duration":394},"status":"broken","statusMessage":"selenium.common.exceptions.NoSuchElementException: Message: no such element: Unable to locate element: {\"method\":\"xpath\",\"selector\":\"(//a[@class='add-to-cart yellow-btn'])[1]\"}\n  (Session info: chrome-headless-shell=120.0.6099.109); For documentation on this error, please visit: https://www.selenium.dev/documentation/webdriver/troubleshooting/errors#no-such-element-exception\nStacktrace:\n#0 0x562f736fdf83 <unknown>\n#1 0x562f733b6cf7 <unknown>\n#2 0x562f7340699e <unknown>\n#3 0x562f73406aa1 <unknown>\n#4 0x562f73451d64 <unknown>\n#5 0x562f734300dd <unknown>\n#6 0x562f7344f006 <unknown>\n#7 0x562f7342fe53 <unknown>\n#8 0x562f733f7dd4 <unknown>\n#9 0x562f733f91de <unknown>\n#10 0x562f736c2531 <unknown>\n#11 0x562f736c6455 <unknown>\n#12 0x562f736aef55 <unknown>\n#13 0x562f736c70ef <unknown>\n#14 0x562f7369299f <unknown>\n#15 0x562f736eb008 <unknown>\n#16 0x562f736eb1d7 <unknown>\n#17 0x562f736fd124 <unknown>\n#18 0x7fb10ee8a044 <unknown>","statusTrace":"self = <tests.delivery.test_delivery_calculation.TestDeliveryPageCalculation object at 0x7f29754b1410>\ndriver = <selenium.webdriver.chrome.webdriver.WebDriver (session=\"f50fe42da0f2d054ca7ae9af04c93645\")>\nurl = 'https://sandboxtest.stroyrem-nn.ru/', case_id = 'TD 021'\nlink_item = 'products/shtukaturka-gipsovaya-aksolit-m50-30-kg-mashinnogo-naneseniya'\namount = 149, weight = 4500, standard = 2600, in_time = 4380, all_time = 4890\n\n    @pytest.mark.parametrize('case_id, link_item, amount, weight, standard, in_time, all_time', [\n        (\"TD 015\", bundeks_25, 1, 30, 650, 2390, 3320),\n        pytest.param(\n            \"TD 016\", aksolit_30, 8, 300, 650, 2390, 3320,\n            marks=pytest.mark.xfail(reson=\"Цена доставки: - - -\")\n        ),\n        (\"TD 017\", aksolit_30, 13, 400, 650, 2390, 3320),\n        (\"TD 018\", aksolit_30, 16, 500, 850, 2490, 3320),\n        (\"TD 019\", aksolit_30, 25, 1700, 1150, 2490, 3320),\n        (\"TD 020\", aksolit_30, 66, 2000, 1500, 2990, 3650),\n        (\"TD 021\", aksolit_30, 149, 4500, 2600, 4380, 4890),\n        (\"TD 022\", aksolit_30, 166, 5000, 2800, 5490, 5980),\n        pytest.param(\n            \"TD 023\", aksolit_30, 206, 6200, 3300, 7500, 8000,\n            marks=pytest.mark.xfail(reson=\"Цена доставки: 4300 9900 11440\")\n        ),\n        (\"TD 024\", aksolit_30, 299, 9000, 4300, 9900, 11440),\n        (\"TD 025\", aksolit_30, 333, 10000, 7000, 13900, 15900),\n        pytest.param(\n            \"TD 026\", aksolit_30, 366, 11000, 8000, 14900, 19900,\n            marks=pytest.mark.xfail(reson=\"Цена доставки: 7000 13900 15900\")\n        ),\n        pytest.param(\n            \"TD 027\", aksolit_30, 666, 20000, 14000, 16900, 23900,\n            marks=pytest.mark.xfail(reson=\"Цена доставки: 7000 13900 15900\")\n        )\n    ])\n    @pytest.mark.smoke\n    def test_positive_delivery_blue_zone_smoke(\n            self, driver, url, case_id, link_item, amount, weight, standard, in_time, all_time\n    ):\n        allure.dynamic.title(f\"{case_id} Доставка товара весом до {weight}кг. в синей зоне\")\n    \n        driver.get(f'{url}{link_item}')\n        item_page = ItemPage(driver)\n>       item_page.add_item_to_cart(amount).click_on_cart()\n\ntests/delivery/test_delivery_calculation.py:130: \n_ _ _ _ _ _ _ _ _ _ _ _ _ _ _ _ _ _ _ _ _ _ _ _ _ _ _ _ _ _ _ _ _ _ _ _ _ _ _ _ \npages/item_page.py:40: in add_item_to_cart\n    self.find_element(self._add_item).click()\nbase/seleniumbase.py:17: in find_element\n    return self.driver.find_element(*locator)\n/usr/local/lib/python3.11/site-packages/selenium/webdriver/remote/webdriver.py:740: in find_element\n    return self.execute(Command.FIND_ELEMENT, {\"using\": by, \"value\": value})[\"value\"]\n/usr/local/lib/python3.11/site-packages/selenium/webdriver/remote/webdriver.py:346: in execute\n    self.error_handler.check_response(response)\n_ _ _ _ _ _ _ _ _ _ _ _ _ _ _ _ _ _ _ _ _ _ _ _ _ _ _ _ _ _ _ _ _ _ _ _ _ _ _ _ \n\nself = <selenium.webdriver.remote.errorhandler.ErrorHandler object at 0x7f2974e9ce50>\nresponse = {'status': 404, 'value': '{\"value\":{\"error\":\"no such element\",\"message\":\"no such element: Unable to locate element: {\\...\\\\n#16 0x562f736eb1d7 \\\\u003Cunknown>\\\\n#17 0x562f736fd124 \\\\u003Cunknown>\\\\n#18 0x7fb10ee8a044 \\\\u003Cunknown>\\\\n\"}}'}\n\n    def check_response(self, response: Dict[str, Any]) -> None:\n        \"\"\"Checks that a JSON response from the WebDriver does not have an\n        error.\n    \n        :Args:\n         - response - The JSON response from the WebDriver server as a dictionary\n           object.\n    \n        :Raises: If the response contains an error message.\n        \"\"\"\n        status = response.get(\"status\", None)\n        if not status or status == ErrorCode.SUCCESS:\n            return\n        value = None\n        message = response.get(\"message\", \"\")\n        screen: str = response.get(\"screen\", \"\")\n        stacktrace = None\n        if isinstance(status, int):\n            value_json = response.get(\"value\", None)\n            if value_json and isinstance(value_json, str):\n                import json\n    \n                try:\n                    value = json.loads(value_json)\n                    if len(value) == 1:\n                        value = value[\"value\"]\n                    status = value.get(\"error\", None)\n                    if not status:\n                        status = value.get(\"status\", ErrorCode.UNKNOWN_ERROR)\n                        message = value.get(\"value\") or value.get(\"message\")\n                        if not isinstance(message, str):\n                            value = message\n                            message = message.get(\"message\")\n                    else:\n                        message = value.get(\"message\", None)\n                except ValueError:\n                    pass\n    \n        exception_class: Type[WebDriverException]\n        if status in ErrorCode.NO_SUCH_ELEMENT:\n            exception_class = NoSuchElementException\n        elif status in ErrorCode.NO_SUCH_FRAME:\n            exception_class = NoSuchFrameException\n        elif status in ErrorCode.NO_SUCH_SHADOW_ROOT:\n            exception_class = NoSuchShadowRootException\n        elif status in ErrorCode.NO_SUCH_WINDOW:\n            exception_class = NoSuchWindowException\n        elif status in ErrorCode.STALE_ELEMENT_REFERENCE:\n            exception_class = StaleElementReferenceException\n        elif status in ErrorCode.ELEMENT_NOT_VISIBLE:\n            exception_class = ElementNotVisibleException\n        elif status in ErrorCode.INVALID_ELEMENT_STATE:\n            exception_class = InvalidElementStateException\n        elif (\n            status in ErrorCode.INVALID_SELECTOR\n            or status in ErrorCode.INVALID_XPATH_SELECTOR\n            or status in ErrorCode.INVALID_XPATH_SELECTOR_RETURN_TYPER\n        ):\n            exception_class = InvalidSelectorException\n        elif status in ErrorCode.ELEMENT_IS_NOT_SELECTABLE:\n            exception_class = ElementNotSelectableException\n        elif status in ErrorCode.ELEMENT_NOT_INTERACTABLE:\n            exception_class = ElementNotInteractableException\n        elif status in ErrorCode.INVALID_COOKIE_DOMAIN:\n            exception_class = InvalidCookieDomainException\n        elif status in ErrorCode.UNABLE_TO_SET_COOKIE:\n            exception_class = UnableToSetCookieException\n        elif status in ErrorCode.TIMEOUT:\n            exception_class = TimeoutException\n        elif status in ErrorCode.SCRIPT_TIMEOUT:\n            exception_class = TimeoutException\n        elif status in ErrorCode.UNKNOWN_ERROR:\n            exception_class = WebDriverException\n        elif status in ErrorCode.UNEXPECTED_ALERT_OPEN:\n            exception_class = UnexpectedAlertPresentException\n        elif status in ErrorCode.NO_ALERT_OPEN:\n            exception_class = NoAlertPresentException\n        elif status in ErrorCode.IME_NOT_AVAILABLE:\n            exception_class = ImeNotAvailableException\n        elif status in ErrorCode.IME_ENGINE_ACTIVATION_FAILED:\n            exception_class = ImeActivationFailedException\n        elif status in ErrorCode.MOVE_TARGET_OUT_OF_BOUNDS:\n            exception_class = MoveTargetOutOfBoundsException\n        elif status in ErrorCode.JAVASCRIPT_ERROR:\n            exception_class = JavascriptException\n        elif status in ErrorCode.SESSION_NOT_CREATED:\n            exception_class = SessionNotCreatedException\n        elif status in ErrorCode.INVALID_ARGUMENT:\n            exception_class = InvalidArgumentException\n        elif status in ErrorCode.NO_SUCH_COOKIE:\n            exception_class = NoSuchCookieException\n        elif status in ErrorCode.UNABLE_TO_CAPTURE_SCREEN:\n            exception_class = ScreenshotException\n        elif status in ErrorCode.ELEMENT_CLICK_INTERCEPTED:\n            exception_class = ElementClickInterceptedException\n        elif status in ErrorCode.INSECURE_CERTIFICATE:\n            exception_class = InsecureCertificateException\n        elif status in ErrorCode.INVALID_COORDINATES:\n            exception_class = InvalidCoordinatesException\n        elif status in ErrorCode.INVALID_SESSION_ID:\n            exception_class = InvalidSessionIdException\n        elif status in ErrorCode.UNKNOWN_METHOD:\n            exception_class = UnknownMethodException\n        else:\n            exception_class = WebDriverException\n        if not value:\n            value = response[\"value\"]\n        if isinstance(value, str):\n            raise exception_class(value)\n        if message == \"\" and \"message\" in value:\n            message = value[\"message\"]\n    \n        screen = None  # type: ignore[assignment]\n        if \"screen\" in value:\n            screen = value[\"screen\"]\n    \n        stacktrace = None\n        st_value = value.get(\"stackTrace\") or value.get(\"stacktrace\")\n        if st_value:\n            if isinstance(st_value, str):\n                stacktrace = st_value.split(\"\\n\")\n            else:\n                stacktrace = []\n                try:\n                    for frame in st_value:\n                        line = frame.get(\"lineNumber\", \"\")\n                        file = frame.get(\"fileName\", \"<anonymous>\")\n                        if line:\n                            file = f\"{file}:{line}\"\n                        meth = frame.get(\"methodName\", \"<anonymous>\")\n                        if \"className\" in frame:\n                            meth = f\"{frame['className']}.{meth}\"\n                        msg = \"    at %s (%s)\"\n                        msg = msg % (meth, file)\n                        stacktrace.append(msg)\n                except TypeError:\n                    pass\n        if exception_class == UnexpectedAlertPresentException:\n            alert_text = None\n            if \"data\" in value:\n                alert_text = value[\"data\"].get(\"text\")\n            elif \"alert\" in value:\n                alert_text = value[\"alert\"].get(\"text\")\n            raise exception_class(message, screen, stacktrace, alert_text)  # type: ignore[call-arg]  # mypy is not smart enough here\n>       raise exception_class(message, screen, stacktrace)\nE       selenium.common.exceptions.NoSuchElementException: Message: no such element: Unable to locate element: {\"method\":\"xpath\",\"selector\":\"(//a[@class='add-to-cart yellow-btn'])[1]\"}\nE         (Session info: chrome-headless-shell=120.0.6099.109); For documentation on this error, please visit: https://www.selenium.dev/documentation/webdriver/troubleshooting/errors#no-such-element-exception\nE       Stacktrace:\nE       #0 0x562f736fdf83 <unknown>\nE       #1 0x562f733b6cf7 <unknown>\nE       #2 0x562f7340699e <unknown>\nE       #3 0x562f73406aa1 <unknown>\nE       #4 0x562f73451d64 <unknown>\nE       #5 0x562f734300dd <unknown>\nE       #6 0x562f7344f006 <unknown>\nE       #7 0x562f7342fe53 <unknown>\nE       #8 0x562f733f7dd4 <unknown>\nE       #9 0x562f733f91de <unknown>\nE       #10 0x562f736c2531 <unknown>\nE       #11 0x562f736c6455 <unknown>\nE       #12 0x562f736aef55 <unknown>\nE       #13 0x562f736c70ef <unknown>\nE       #14 0x562f7369299f <unknown>\nE       #15 0x562f736eb008 <unknown>\nE       #16 0x562f736eb1d7 <unknown>\nE       #17 0x562f736fd124 <unknown>\nE       #18 0x7fb10ee8a044 <unknown>\n\n/usr/local/lib/python3.11/site-packages/selenium/webdriver/remote/errorhandler.py:245: NoSuchElementException","flaky":false,"newFailed":false,"newBroken":false,"newPassed":false,"retriesCount":0,"retriesStatusChange":false,"beforeStages":[{"name":"_session_faker","time":{"start":1703033593784,"stop":1703033593866,"duration":82},"status":"passed","steps":[],"attachments":[],"parameters":[],"shouldDisplayMessage":false,"stepsCount":0,"attachmentsCount":0,"hasContent":false,"attachmentStep":false},{"name":"clear_allure_results_folder","time":{"start":1703033593867,"stop":1703033593867,"duration":0},"status":"passed","steps":[],"attachments":[],"parameters":[],"shouldDisplayMessage":false,"stepsCount":0,"attachmentsCount":0,"hasContent":false,"attachmentStep":false},{"name":"driver","time":{"start":1703034016987,"stop":1703034017733,"duration":746},"status":"passed","steps":[],"attachments":[],"parameters":[],"shouldDisplayMessage":false,"stepsCount":0,"attachmentsCount":0,"hasContent":false,"attachmentStep":false},{"name":"setup","time":{"start":1703034017733,"stop":1703034017733,"duration":0},"status":"passed","steps":[],"attachments":[],"parameters":[],"shouldDisplayMessage":false,"stepsCount":0,"attachmentsCount":0,"hasContent":false,"attachmentStep":false}],"testStage":{"status":"broken","statusMessage":"selenium.common.exceptions.NoSuchElementException: Message: no such element: Unable to locate element: {\"method\":\"xpath\",\"selector\":\"(//a[@class='add-to-cart yellow-btn'])[1]\"}\n  (Session info: chrome-headless-shell=120.0.6099.109); For documentation on this error, please visit: https://www.selenium.dev/documentation/webdriver/troubleshooting/errors#no-such-element-exception\nStacktrace:\n#0 0x562f736fdf83 <unknown>\n#1 0x562f733b6cf7 <unknown>\n#2 0x562f7340699e <unknown>\n#3 0x562f73406aa1 <unknown>\n#4 0x562f73451d64 <unknown>\n#5 0x562f734300dd <unknown>\n#6 0x562f7344f006 <unknown>\n#7 0x562f7342fe53 <unknown>\n#8 0x562f733f7dd4 <unknown>\n#9 0x562f733f91de <unknown>\n#10 0x562f736c2531 <unknown>\n#11 0x562f736c6455 <unknown>\n#12 0x562f736aef55 <unknown>\n#13 0x562f736c70ef <unknown>\n#14 0x562f7369299f <unknown>\n#15 0x562f736eb008 <unknown>\n#16 0x562f736eb1d7 <unknown>\n#17 0x562f736fd124 <unknown>\n#18 0x7fb10ee8a044 <unknown>","statusTrace":"self = <tests.delivery.test_delivery_calculation.TestDeliveryPageCalculation object at 0x7f29754b1410>\ndriver = <selenium.webdriver.chrome.webdriver.WebDriver (session=\"f50fe42da0f2d054ca7ae9af04c93645\")>\nurl = 'https://sandboxtest.stroyrem-nn.ru/', case_id = 'TD 021'\nlink_item = 'products/shtukaturka-gipsovaya-aksolit-m50-30-kg-mashinnogo-naneseniya'\namount = 149, weight = 4500, standard = 2600, in_time = 4380, all_time = 4890\n\n    @pytest.mark.parametrize('case_id, link_item, amount, weight, standard, in_time, all_time', [\n        (\"TD 015\", bundeks_25, 1, 30, 650, 2390, 3320),\n        pytest.param(\n            \"TD 016\", aksolit_30, 8, 300, 650, 2390, 3320,\n            marks=pytest.mark.xfail(reson=\"Цена доставки: - - -\")\n        ),\n        (\"TD 017\", aksolit_30, 13, 400, 650, 2390, 3320),\n        (\"TD 018\", aksolit_30, 16, 500, 850, 2490, 3320),\n        (\"TD 019\", aksolit_30, 25, 1700, 1150, 2490, 3320),\n        (\"TD 020\", aksolit_30, 66, 2000, 1500, 2990, 3650),\n        (\"TD 021\", aksolit_30, 149, 4500, 2600, 4380, 4890),\n        (\"TD 022\", aksolit_30, 166, 5000, 2800, 5490, 5980),\n        pytest.param(\n            \"TD 023\", aksolit_30, 206, 6200, 3300, 7500, 8000,\n            marks=pytest.mark.xfail(reson=\"Цена доставки: 4300 9900 11440\")\n        ),\n        (\"TD 024\", aksolit_30, 299, 9000, 4300, 9900, 11440),\n        (\"TD 025\", aksolit_30, 333, 10000, 7000, 13900, 15900),\n        pytest.param(\n            \"TD 026\", aksolit_30, 366, 11000, 8000, 14900, 19900,\n            marks=pytest.mark.xfail(reson=\"Цена доставки: 7000 13900 15900\")\n        ),\n        pytest.param(\n            \"TD 027\", aksolit_30, 666, 20000, 14000, 16900, 23900,\n            marks=pytest.mark.xfail(reson=\"Цена доставки: 7000 13900 15900\")\n        )\n    ])\n    @pytest.mark.smoke\n    def test_positive_delivery_blue_zone_smoke(\n            self, driver, url, case_id, link_item, amount, weight, standard, in_time, all_time\n    ):\n        allure.dynamic.title(f\"{case_id} Доставка товара весом до {weight}кг. в синей зоне\")\n    \n        driver.get(f'{url}{link_item}')\n        item_page = ItemPage(driver)\n>       item_page.add_item_to_cart(amount).click_on_cart()\n\ntests/delivery/test_delivery_calculation.py:130: \n_ _ _ _ _ _ _ _ _ _ _ _ _ _ _ _ _ _ _ _ _ _ _ _ _ _ _ _ _ _ _ _ _ _ _ _ _ _ _ _ \npages/item_page.py:40: in add_item_to_cart\n    self.find_element(self._add_item).click()\nbase/seleniumbase.py:17: in find_element\n    return self.driver.find_element(*locator)\n/usr/local/lib/python3.11/site-packages/selenium/webdriver/remote/webdriver.py:740: in find_element\n    return self.execute(Command.FIND_ELEMENT, {\"using\": by, \"value\": value})[\"value\"]\n/usr/local/lib/python3.11/site-packages/selenium/webdriver/remote/webdriver.py:346: in execute\n    self.error_handler.check_response(response)\n_ _ _ _ _ _ _ _ _ _ _ _ _ _ _ _ _ _ _ _ _ _ _ _ _ _ _ _ _ _ _ _ _ _ _ _ _ _ _ _ \n\nself = <selenium.webdriver.remote.errorhandler.ErrorHandler object at 0x7f2974e9ce50>\nresponse = {'status': 404, 'value': '{\"value\":{\"error\":\"no such element\",\"message\":\"no such element: Unable to locate element: {\\...\\\\n#16 0x562f736eb1d7 \\\\u003Cunknown>\\\\n#17 0x562f736fd124 \\\\u003Cunknown>\\\\n#18 0x7fb10ee8a044 \\\\u003Cunknown>\\\\n\"}}'}\n\n    def check_response(self, response: Dict[str, Any]) -> None:\n        \"\"\"Checks that a JSON response from the WebDriver does not have an\n        error.\n    \n        :Args:\n         - response - The JSON response from the WebDriver server as a dictionary\n           object.\n    \n        :Raises: If the response contains an error message.\n        \"\"\"\n        status = response.get(\"status\", None)\n        if not status or status == ErrorCode.SUCCESS:\n            return\n        value = None\n        message = response.get(\"message\", \"\")\n        screen: str = response.get(\"screen\", \"\")\n        stacktrace = None\n        if isinstance(status, int):\n            value_json = response.get(\"value\", None)\n            if value_json and isinstance(value_json, str):\n                import json\n    \n                try:\n                    value = json.loads(value_json)\n                    if len(value) == 1:\n                        value = value[\"value\"]\n                    status = value.get(\"error\", None)\n                    if not status:\n                        status = value.get(\"status\", ErrorCode.UNKNOWN_ERROR)\n                        message = value.get(\"value\") or value.get(\"message\")\n                        if not isinstance(message, str):\n                            value = message\n                            message = message.get(\"message\")\n                    else:\n                        message = value.get(\"message\", None)\n                except ValueError:\n                    pass\n    \n        exception_class: Type[WebDriverException]\n        if status in ErrorCode.NO_SUCH_ELEMENT:\n            exception_class = NoSuchElementException\n        elif status in ErrorCode.NO_SUCH_FRAME:\n            exception_class = NoSuchFrameException\n        elif status in ErrorCode.NO_SUCH_SHADOW_ROOT:\n            exception_class = NoSuchShadowRootException\n        elif status in ErrorCode.NO_SUCH_WINDOW:\n            exception_class = NoSuchWindowException\n        elif status in ErrorCode.STALE_ELEMENT_REFERENCE:\n            exception_class = StaleElementReferenceException\n        elif status in ErrorCode.ELEMENT_NOT_VISIBLE:\n            exception_class = ElementNotVisibleException\n        elif status in ErrorCode.INVALID_ELEMENT_STATE:\n            exception_class = InvalidElementStateException\n        elif (\n            status in ErrorCode.INVALID_SELECTOR\n            or status in ErrorCode.INVALID_XPATH_SELECTOR\n            or status in ErrorCode.INVALID_XPATH_SELECTOR_RETURN_TYPER\n        ):\n            exception_class = InvalidSelectorException\n        elif status in ErrorCode.ELEMENT_IS_NOT_SELECTABLE:\n            exception_class = ElementNotSelectableException\n        elif status in ErrorCode.ELEMENT_NOT_INTERACTABLE:\n            exception_class = ElementNotInteractableException\n        elif status in ErrorCode.INVALID_COOKIE_DOMAIN:\n            exception_class = InvalidCookieDomainException\n        elif status in ErrorCode.UNABLE_TO_SET_COOKIE:\n            exception_class = UnableToSetCookieException\n        elif status in ErrorCode.TIMEOUT:\n            exception_class = TimeoutException\n        elif status in ErrorCode.SCRIPT_TIMEOUT:\n            exception_class = TimeoutException\n        elif status in ErrorCode.UNKNOWN_ERROR:\n            exception_class = WebDriverException\n        elif status in ErrorCode.UNEXPECTED_ALERT_OPEN:\n            exception_class = UnexpectedAlertPresentException\n        elif status in ErrorCode.NO_ALERT_OPEN:\n            exception_class = NoAlertPresentException\n        elif status in ErrorCode.IME_NOT_AVAILABLE:\n            exception_class = ImeNotAvailableException\n        elif status in ErrorCode.IME_ENGINE_ACTIVATION_FAILED:\n            exception_class = ImeActivationFailedException\n        elif status in ErrorCode.MOVE_TARGET_OUT_OF_BOUNDS:\n            exception_class = MoveTargetOutOfBoundsException\n        elif status in ErrorCode.JAVASCRIPT_ERROR:\n            exception_class = JavascriptException\n        elif status in ErrorCode.SESSION_NOT_CREATED:\n            exception_class = SessionNotCreatedException\n        elif status in ErrorCode.INVALID_ARGUMENT:\n            exception_class = InvalidArgumentException\n        elif status in ErrorCode.NO_SUCH_COOKIE:\n            exception_class = NoSuchCookieException\n        elif status in ErrorCode.UNABLE_TO_CAPTURE_SCREEN:\n            exception_class = ScreenshotException\n        elif status in ErrorCode.ELEMENT_CLICK_INTERCEPTED:\n            exception_class = ElementClickInterceptedException\n        elif status in ErrorCode.INSECURE_CERTIFICATE:\n            exception_class = InsecureCertificateException\n        elif status in ErrorCode.INVALID_COORDINATES:\n            exception_class = InvalidCoordinatesException\n        elif status in ErrorCode.INVALID_SESSION_ID:\n            exception_class = InvalidSessionIdException\n        elif status in ErrorCode.UNKNOWN_METHOD:\n            exception_class = UnknownMethodException\n        else:\n            exception_class = WebDriverException\n        if not value:\n            value = response[\"value\"]\n        if isinstance(value, str):\n            raise exception_class(value)\n        if message == \"\" and \"message\" in value:\n            message = value[\"message\"]\n    \n        screen = None  # type: ignore[assignment]\n        if \"screen\" in value:\n            screen = value[\"screen\"]\n    \n        stacktrace = None\n        st_value = value.get(\"stackTrace\") or value.get(\"stacktrace\")\n        if st_value:\n            if isinstance(st_value, str):\n                stacktrace = st_value.split(\"\\n\")\n            else:\n                stacktrace = []\n                try:\n                    for frame in st_value:\n                        line = frame.get(\"lineNumber\", \"\")\n                        file = frame.get(\"fileName\", \"<anonymous>\")\n                        if line:\n                            file = f\"{file}:{line}\"\n                        meth = frame.get(\"methodName\", \"<anonymous>\")\n                        if \"className\" in frame:\n                            meth = f\"{frame['className']}.{meth}\"\n                        msg = \"    at %s (%s)\"\n                        msg = msg % (meth, file)\n                        stacktrace.append(msg)\n                except TypeError:\n                    pass\n        if exception_class == UnexpectedAlertPresentException:\n            alert_text = None\n            if \"data\" in value:\n                alert_text = value[\"data\"].get(\"text\")\n            elif \"alert\" in value:\n                alert_text = value[\"alert\"].get(\"text\")\n            raise exception_class(message, screen, stacktrace, alert_text)  # type: ignore[call-arg]  # mypy is not smart enough here\n>       raise exception_class(message, screen, stacktrace)\nE       selenium.common.exceptions.NoSuchElementException: Message: no such element: Unable to locate element: {\"method\":\"xpath\",\"selector\":\"(//a[@class='add-to-cart yellow-btn'])[1]\"}\nE         (Session info: chrome-headless-shell=120.0.6099.109); For documentation on this error, please visit: https://www.selenium.dev/documentation/webdriver/troubleshooting/errors#no-such-element-exception\nE       Stacktrace:\nE       #0 0x562f736fdf83 <unknown>\nE       #1 0x562f733b6cf7 <unknown>\nE       #2 0x562f7340699e <unknown>\nE       #3 0x562f73406aa1 <unknown>\nE       #4 0x562f73451d64 <unknown>\nE       #5 0x562f734300dd <unknown>\nE       #6 0x562f7344f006 <unknown>\nE       #7 0x562f7342fe53 <unknown>\nE       #8 0x562f733f7dd4 <unknown>\nE       #9 0x562f733f91de <unknown>\nE       #10 0x562f736c2531 <unknown>\nE       #11 0x562f736c6455 <unknown>\nE       #12 0x562f736aef55 <unknown>\nE       #13 0x562f736c70ef <unknown>\nE       #14 0x562f7369299f <unknown>\nE       #15 0x562f736eb008 <unknown>\nE       #16 0x562f736eb1d7 <unknown>\nE       #17 0x562f736fd124 <unknown>\nE       #18 0x7fb10ee8a044 <unknown>\n\n/usr/local/lib/python3.11/site-packages/selenium/webdriver/remote/errorhandler.py:245: NoSuchElementException","steps":[{"name":"Добавляем товар в корзину в количестве 149","time":{"start":1703034018115,"stop":1703034018127,"duration":12},"status":"broken","statusMessage":"selenium.common.exceptions.NoSuchElementException: Message: no such element: Unable to locate element: {\"method\":\"xpath\",\"selector\":\"(//a[@class='add-to-cart yellow-btn'])[1]\"}\n  (Session info: chrome-headless-shell=120.0.6099.109); For documentation on this error, please visit: https://www.selenium.dev/documentation/webdriver/troubleshooting/errors#no-such-element-exception\nStacktrace:\n#0 0x562f736fdf83 <unknown>\n#1 0x562f733b6cf7 <unknown>\n#2 0x562f7340699e <unknown>\n#3 0x562f73406aa1 <unknown>\n#4 0x562f73451d64 <unknown>\n#5 0x562f734300dd <unknown>\n#6 0x562f7344f006 <unknown>\n#7 0x562f7342fe53 <unknown>\n#8 0x562f733f7dd4 <unknown>\n#9 0x562f733f91de <unknown>\n#10 0x562f736c2531 <unknown>\n#11 0x562f736c6455 <unknown>\n#12 0x562f736aef55 <unknown>\n#13 0x562f736c70ef <unknown>\n#14 0x562f7369299f <unknown>\n#15 0x562f736eb008 <unknown>\n#16 0x562f736eb1d7 <unknown>\n#17 0x562f736fd124 <unknown>\n#18 0x7fb10ee8a044 <unknown>\n\n","statusTrace":"  File \"/usr/local/lib/python3.11/site-packages/allure_commons/_allure.py\", line 192, in impl\n    return func(*a, **kw)\n           ^^^^^^^^^^^^^^\n  File \"/app/pages/item_page.py\", line 40, in add_item_to_cart\n    self.find_element(self._add_item).click()\n    ^^^^^^^^^^^^^^^^^^^^^^^^^^^^^^^^^\n  File \"/app/base/seleniumbase.py\", line 17, in find_element\n    return self.driver.find_element(*locator)\n           ^^^^^^^^^^^^^^^^^^^^^^^^^^^^^^^^^^\n  File \"/usr/local/lib/python3.11/site-packages/selenium/webdriver/remote/webdriver.py\", line 740, in find_element\n    return self.execute(Command.FIND_ELEMENT, {\"using\": by, \"value\": value})[\"value\"]\n           ^^^^^^^^^^^^^^^^^^^^^^^^^^^^^^^^^^^^^^^^^^^^^^^^^^^^^^^^^^^^^^^^^\n  File \"/usr/local/lib/python3.11/site-packages/selenium/webdriver/remote/webdriver.py\", line 346, in execute\n    self.error_handler.check_response(response)\n  File \"/usr/local/lib/python3.11/site-packages/selenium/webdriver/remote/errorhandler.py\", line 245, in check_response\n    raise exception_class(message, screen, stacktrace)\n","steps":[],"attachments":[],"parameters":[{"name":"amount","value":"149"}],"shouldDisplayMessage":true,"stepsCount":0,"attachmentsCount":0,"hasContent":true,"attachmentStep":false}],"attachments":[{"uid":"ed7b51a861923103","name":"Screenshot","source":"ed7b51a861923103.png","type":"image/png","size":5862},{"uid":"dd21706dabe32f07","name":"HTML source","source":"dd21706dabe32f07.html","type":"text/html","size":39}],"parameters":[],"shouldDisplayMessage":true,"stepsCount":1,"attachmentsCount":2,"hasContent":true,"attachmentStep":false},"afterStages":[{"name":"setup::0","time":{"start":1703034018228,"stop":1703034018228,"duration":0},"status":"passed","steps":[],"attachments":[],"parameters":[],"shouldDisplayMessage":false,"stepsCount":0,"attachmentsCount":0,"hasContent":false,"attachmentStep":false},{"name":"driver::0","time":{"start":1703034018228,"stop":1703034018285,"duration":57},"status":"passed","steps":[],"attachments":[],"parameters":[],"shouldDisplayMessage":false,"stepsCount":0,"attachmentsCount":0,"hasContent":false,"attachmentStep":false}],"labels":[{"name":"epic","value":"Delivery Page - calculation"},{"name":"tag","value":"smoke"},{"name":"parentSuite","value":"tests.delivery"},{"name":"suite","value":"test_delivery_calculation"},{"name":"subSuite","value":"TestDeliveryPageCalculation"},{"name":"host","value":"0445995f65f3"},{"name":"thread","value":"1-MainThread"},{"name":"framework","value":"pytest"},{"name":"language","value":"cpython3"},{"name":"package","value":"tests.delivery.test_delivery_calculation"},{"name":"resultFormat","value":"allure2"}],"parameters":[{"name":"all_time","value":"4890"},{"name":"amount","value":"149"},{"name":"case_id","value":"'TD 021'"},{"name":"in_time","value":"4380"},{"name":"link_item","value":"'products/shtukaturka-gipsovaya-aksolit-m50-30-kg-mashinnogo-naneseniya'"},{"name":"standard","value":"2600"},{"name":"url","value":"'https://sandboxtest.stroyrem-nn.ru/'"},{"name":"weight","value":"4500"}],"links":[],"hidden":false,"retry":false,"extra":{"severity":"normal","retries":[],"categories":[{"name":"Test defects","matchedStatuses":[],"flaky":false}],"history":{"statistic":{"failed":0,"broken":112,"skipped":0,"passed":0,"unknown":0,"total":112},"items":[{"uid":"e883a330481b1ba1","reportUrl":"https://zaelcovsky.github.io/StroyremAutomation/175//#testresult/e883a330481b1ba1","status":"broken","statusDetails":"selenium.common.exceptions.NoSuchElementException: Message: no such element: Unable to locate element: {\"method\":\"xpath\",\"selector\":\"(//a[@class='add-to-cart yellow-btn'])[1]\"}\n  (Session info: chrome-headless-shell=120.0.6099.109); For documentation on this error, please visit: https://www.selenium.dev/documentation/webdriver/troubleshooting/errors#no-such-element-exception\nStacktrace:\n#0 0x556286176f83 <unknown>\n#1 0x556285e2fcf7 <unknown>\n#2 0x556285e7f99e <unknown>\n#3 0x556285e7faa1 <unknown>\n#4 0x556285ecad64 <unknown>\n#5 0x556285ea90dd <unknown>\n#6 0x556285ec8006 <unknown>\n#7 0x556285ea8e53 <unknown>\n#8 0x556285e70dd4 <unknown>\n#9 0x556285e721de <unknown>\n#10 0x55628613b531 <unknown>\n#11 0x55628613f455 <unknown>\n#12 0x556286127f55 <unknown>\n#13 0x5562861400ef <unknown>\n#14 0x55628610b99f <unknown>\n#15 0x556286164008 <unknown>\n#16 0x5562861641d7 <unknown>\n#17 0x556286176124 <unknown>\n#18 0x7f8488de7044 <unknown>","time":{"start":1702948279870,"stop":1702948280518,"duration":648}},{"uid":"37e82b91c371fd57","reportUrl":"https://zaelcovsky.github.io/StroyremAutomation/174//#testresult/37e82b91c371fd57","status":"broken","statusDetails":"selenium.common.exceptions.NoSuchElementException: Message: no such element: Unable to locate element: {\"method\":\"xpath\",\"selector\":\"(//a[@class='add-to-cart yellow-btn'])[1]\"}\n  (Session info: chrome-headless-shell=120.0.6099.71); For documentation on this error, please visit: https://www.selenium.dev/documentation/webdriver/troubleshooting/errors#no-such-element-exception\nStacktrace:\n#0 0x56255a759d33 <unknown>\n#1 0x56255a416f87 <unknown>\n#2 0x56255a466c0e <unknown>\n#3 0x56255a466d11 <unknown>\n#4 0x56255a4b2004 <unknown>\n#5 0x56255a49036d <unknown>\n#6 0x56255a4af297 <unknown>\n#7 0x56255a4900e3 <unknown>\n#8 0x56255a458044 <unknown>\n#9 0x56255a45944e <unknown>\n#10 0x56255a71e861 <unknown>\n#11 0x56255a722785 <unknown>\n#12 0x56255a70c285 <unknown>\n#13 0x56255a72341f <unknown>\n#14 0x56255a6f020f <unknown>\n#15 0x56255a747028 <unknown>\n#16 0x56255a7471f7 <unknown>\n#17 0x56255a758ed4 <unknown>\n#18 0x7f93b90ae044 <unknown>","time":{"start":1702861970130,"stop":1702861970598,"duration":468}},{"uid":"9265060d7f2350c3","reportUrl":"https://zaelcovsky.github.io/StroyremAutomation/173//#testresult/9265060d7f2350c3","status":"broken","statusDetails":"selenium.common.exceptions.NoSuchElementException: Message: no such element: Unable to locate element: {\"method\":\"xpath\",\"selector\":\"(//a[@class='add-to-cart yellow-btn'])[1]\"}\n  (Session info: chrome-headless-shell=120.0.6099.71); For documentation on this error, please visit: https://www.selenium.dev/documentation/webdriver/troubleshooting/errors#no-such-element-exception\nStacktrace:\n#0 0x5592e09a7d33 <unknown>\n#1 0x5592e0664f87 <unknown>\n#2 0x5592e06b4c0e <unknown>\n#3 0x5592e06b4d11 <unknown>\n#4 0x5592e0700004 <unknown>\n#5 0x5592e06de36d <unknown>\n#6 0x5592e06fd297 <unknown>\n#7 0x5592e06de0e3 <unknown>\n#8 0x5592e06a6044 <unknown>\n#9 0x5592e06a744e <unknown>\n#10 0x5592e096c861 <unknown>\n#11 0x5592e0970785 <unknown>\n#12 0x5592e095a285 <unknown>\n#13 0x5592e097141f <unknown>\n#14 0x5592e093e20f <unknown>\n#15 0x5592e0995028 <unknown>\n#16 0x5592e09951f7 <unknown>\n#17 0x5592e09a6ed4 <unknown>\n#18 0x7fc342274044 <unknown>","time":{"start":1702775776896,"stop":1702775777282,"duration":386}},{"uid":"b2a7c40091ecd907","reportUrl":"https://zaelcovsky.github.io/StroyremAutomation/172//#testresult/b2a7c40091ecd907","status":"broken","statusDetails":"selenium.common.exceptions.NoSuchElementException: Message: no such element: Unable to locate element: {\"method\":\"xpath\",\"selector\":\"(//a[@class='add-to-cart yellow-btn'])[1]\"}\n  (Session info: chrome-headless-shell=120.0.6099.71); For documentation on this error, please visit: https://www.selenium.dev/documentation/webdriver/troubleshooting/errors#no-such-element-exception\nStacktrace:\n#0 0x56074217cd33 <unknown>\n#1 0x560741e39f87 <unknown>\n#2 0x560741e89c0e <unknown>\n#3 0x560741e89d11 <unknown>\n#4 0x560741ed5004 <unknown>\n#5 0x560741eb336d <unknown>\n#6 0x560741ed2297 <unknown>\n#7 0x560741eb30e3 <unknown>\n#8 0x560741e7b044 <unknown>\n#9 0x560741e7c44e <unknown>\n#10 0x560742141861 <unknown>\n#11 0x560742145785 <unknown>\n#12 0x56074212f285 <unknown>\n#13 0x56074214641f <unknown>\n#14 0x56074211320f <unknown>\n#15 0x56074216a028 <unknown>\n#16 0x56074216a1f7 <unknown>\n#17 0x56074217bed4 <unknown>\n#18 0x7f01bbf64044 <unknown>","time":{"start":1702689053358,"stop":1702689053740,"duration":382}},{"uid":"4476c1985e92228e","reportUrl":"https://zaelcovsky.github.io/StroyremAutomation/171//#testresult/4476c1985e92228e","status":"broken","statusDetails":"selenium.common.exceptions.NoSuchElementException: Message: no such element: Unable to locate element: {\"method\":\"xpath\",\"selector\":\"(//a[@class='add-to-cart yellow-btn'])[1]\"}\n  (Session info: chrome-headless-shell=120.0.6099.71); For documentation on this error, please visit: https://www.selenium.dev/documentation/webdriver/troubleshooting/errors#no-such-element-exception\nStacktrace:\n#0 0x5573d30cbd33 <unknown>\n#1 0x5573d2d88f87 <unknown>\n#2 0x5573d2dd8c0e <unknown>\n#3 0x5573d2dd8d11 <unknown>\n#4 0x5573d2e24004 <unknown>\n#5 0x5573d2e0236d <unknown>\n#6 0x5573d2e21297 <unknown>\n#7 0x5573d2e020e3 <unknown>\n#8 0x5573d2dca044 <unknown>\n#9 0x5573d2dcb44e <unknown>\n#10 0x5573d3090861 <unknown>\n#11 0x5573d3094785 <unknown>\n#12 0x5573d307e285 <unknown>\n#13 0x5573d309541f <unknown>\n#14 0x5573d306220f <unknown>\n#15 0x5573d30b9028 <unknown>\n#16 0x5573d30b91f7 <unknown>\n#17 0x5573d30caed4 <unknown>\n#18 0x7fcfce059044 <unknown>","time":{"start":1702602876250,"stop":1702602876704,"duration":454}},{"uid":"38a79b7e252ae5af","reportUrl":"https://zaelcovsky.github.io/StroyremAutomation/170//#testresult/38a79b7e252ae5af","status":"broken","statusDetails":"selenium.common.exceptions.NoSuchElementException: Message: no such element: Unable to locate element: {\"method\":\"xpath\",\"selector\":\"(//a[@class='add-to-cart yellow-btn'])[1]\"}\n  (Session info: chrome-headless-shell=120.0.6099.71); For documentation on this error, please visit: https://www.selenium.dev/documentation/webdriver/troubleshooting/errors#no-such-element-exception\nStacktrace:\n#0 0x55a898190d33 <unknown>\n#1 0x55a897e4df87 <unknown>\n#2 0x55a897e9dc0e <unknown>\n#3 0x55a897e9dd11 <unknown>\n#4 0x55a897ee9004 <unknown>\n#5 0x55a897ec736d <unknown>\n#6 0x55a897ee6297 <unknown>\n#7 0x55a897ec70e3 <unknown>\n#8 0x55a897e8f044 <unknown>\n#9 0x55a897e9044e <unknown>\n#10 0x55a898155861 <unknown>\n#11 0x55a898159785 <unknown>\n#12 0x55a898143285 <unknown>\n#13 0x55a89815a41f <unknown>\n#14 0x55a89812720f <unknown>\n#15 0x55a89817e028 <unknown>\n#16 0x55a89817e1f7 <unknown>\n#17 0x55a89818fed4 <unknown>\n#18 0x7f6005ec5044 <unknown>","time":{"start":1702516239246,"stop":1702516239937,"duration":691}},{"uid":"25322e8a9ead5426","reportUrl":"https://zaelcovsky.github.io/StroyremAutomation/169//#testresult/25322e8a9ead5426","status":"broken","statusDetails":"selenium.common.exceptions.NoSuchElementException: Message: no such element: Unable to locate element: {\"method\":\"xpath\",\"selector\":\"(//a[@class='add-to-cart yellow-btn'])[1]\"}\n  (Session info: chrome-headless-shell=120.0.6099.71); For documentation on this error, please visit: https://www.selenium.dev/documentation/webdriver/troubleshooting/errors#no-such-element-exception\nStacktrace:\n#0 0x55cb2ea9fd33 <unknown>\n#1 0x55cb2e75cf87 <unknown>\n#2 0x55cb2e7acc0e <unknown>\n#3 0x55cb2e7acd11 <unknown>\n#4 0x55cb2e7f8004 <unknown>\n#5 0x55cb2e7d636d <unknown>\n#6 0x55cb2e7f5297 <unknown>\n#7 0x55cb2e7d60e3 <unknown>\n#8 0x55cb2e79e044 <unknown>\n#9 0x55cb2e79f44e <unknown>\n#10 0x55cb2ea64861 <unknown>\n#11 0x55cb2ea68785 <unknown>\n#12 0x55cb2ea52285 <unknown>\n#13 0x55cb2ea6941f <unknown>\n#14 0x55cb2ea3620f <unknown>\n#15 0x55cb2ea8d028 <unknown>\n#16 0x55cb2ea8d1f7 <unknown>\n#17 0x55cb2ea9eed4 <unknown>\n#18 0x7fc3945d2044 <unknown>","time":{"start":1702429877254,"stop":1702429877679,"duration":425}},{"uid":"ca54ba9a9507016f","reportUrl":"https://zaelcovsky.github.io/StroyremAutomation/168//#testresult/ca54ba9a9507016f","status":"broken","statusDetails":"selenium.common.exceptions.NoSuchElementException: Message: no such element: Unable to locate element: {\"method\":\"xpath\",\"selector\":\"(//a[@class='add-to-cart yellow-btn'])[1]\"}\n  (Session info: chrome-headless-shell=120.0.6099.71); For documentation on this error, please visit: https://www.selenium.dev/documentation/webdriver/troubleshooting/errors#no-such-element-exception\nStacktrace:\n#0 0x55d5e7fd4d33 <unknown>\n#1 0x55d5e7c91f87 <unknown>\n#2 0x55d5e7ce1c0e <unknown>\n#3 0x55d5e7ce1d11 <unknown>\n#4 0x55d5e7d2d004 <unknown>\n#5 0x55d5e7d0b36d <unknown>\n#6 0x55d5e7d2a297 <unknown>\n#7 0x55d5e7d0b0e3 <unknown>\n#8 0x55d5e7cd3044 <unknown>\n#9 0x55d5e7cd444e <unknown>\n#10 0x55d5e7f99861 <unknown>\n#11 0x55d5e7f9d785 <unknown>\n#12 0x55d5e7f87285 <unknown>\n#13 0x55d5e7f9e41f <unknown>\n#14 0x55d5e7f6b20f <unknown>\n#15 0x55d5e7fc2028 <unknown>\n#16 0x55d5e7fc21f7 <unknown>\n#17 0x55d5e7fd3ed4 <unknown>\n#18 0x7f183308a044 <unknown>","time":{"start":1702343619832,"stop":1702343620287,"duration":455}},{"uid":"435de9e280043492","reportUrl":"https://zaelcovsky.github.io/StroyremAutomation/167//#testresult/435de9e280043492","status":"broken","statusDetails":"selenium.common.exceptions.NoSuchElementException: Message: no such element: Unable to locate element: {\"method\":\"xpath\",\"selector\":\"(//a[@class='add-to-cart yellow-btn'])[1]\"}\n  (Session info: chrome-headless-shell=120.0.6099.71); For documentation on this error, please visit: https://www.selenium.dev/documentation/webdriver/troubleshooting/errors#no-such-element-exception\nStacktrace:\n#0 0x55a3c281dd33 <unknown>\n#1 0x55a3c24daf87 <unknown>\n#2 0x55a3c252ac0e <unknown>\n#3 0x55a3c252ad11 <unknown>\n#4 0x55a3c2576004 <unknown>\n#5 0x55a3c255436d <unknown>\n#6 0x55a3c2573297 <unknown>\n#7 0x55a3c25540e3 <unknown>\n#8 0x55a3c251c044 <unknown>\n#9 0x55a3c251d44e <unknown>\n#10 0x55a3c27e2861 <unknown>\n#11 0x55a3c27e6785 <unknown>\n#12 0x55a3c27d0285 <unknown>\n#13 0x55a3c27e741f <unknown>\n#14 0x55a3c27b420f <unknown>\n#15 0x55a3c280b028 <unknown>\n#16 0x55a3c280b1f7 <unknown>\n#17 0x55a3c281ced4 <unknown>\n#18 0x7fa6e3d40044 <unknown>","time":{"start":1702257242099,"stop":1702257242546,"duration":447}},{"uid":"5bf2069f975fc4b8","reportUrl":"https://zaelcovsky.github.io/StroyremAutomation/166//#testresult/5bf2069f975fc4b8","status":"broken","statusDetails":"selenium.common.exceptions.NoSuchElementException: Message: no such element: Unable to locate element: {\"method\":\"xpath\",\"selector\":\"(//a[@class='add-to-cart yellow-btn'])[1]\"}\n  (Session info: chrome-headless-shell=120.0.6099.71); For documentation on this error, please visit: https://www.selenium.dev/documentation/webdriver/troubleshooting/errors#no-such-element-exception\nStacktrace:\n#0 0x557c20408d33 <unknown>\n#1 0x557c200c5f87 <unknown>\n#2 0x557c20115c0e <unknown>\n#3 0x557c20115d11 <unknown>\n#4 0x557c20161004 <unknown>\n#5 0x557c2013f36d <unknown>\n#6 0x557c2015e297 <unknown>\n#7 0x557c2013f0e3 <unknown>\n#8 0x557c20107044 <unknown>\n#9 0x557c2010844e <unknown>\n#10 0x557c203cd861 <unknown>\n#11 0x557c203d1785 <unknown>\n#12 0x557c203bb285 <unknown>\n#13 0x557c203d241f <unknown>\n#14 0x557c2039f20f <unknown>\n#15 0x557c203f6028 <unknown>\n#16 0x557c203f61f7 <unknown>\n#17 0x557c20407ed4 <unknown>\n#18 0x7fe2d49eb044 <unknown>","time":{"start":1702170942640,"stop":1702170943021,"duration":381}},{"uid":"a82b777621dc39e","reportUrl":"https://zaelcovsky.github.io/StroyremAutomation/165//#testresult/a82b777621dc39e","status":"broken","statusDetails":"selenium.common.exceptions.NoSuchElementException: Message: no such element: Unable to locate element: {\"method\":\"xpath\",\"selector\":\"(//a[@class='add-to-cart yellow-btn'])[1]\"}\n  (Session info: chrome-headless-shell=120.0.6099.71); For documentation on this error, please visit: https://www.selenium.dev/documentation/webdriver/troubleshooting/errors#no-such-element-exception\nStacktrace:\n#0 0x564d2e044d33 <unknown>\n#1 0x564d2dd01f87 <unknown>\n#2 0x564d2dd51c0e <unknown>\n#3 0x564d2dd51d11 <unknown>\n#4 0x564d2dd9d004 <unknown>\n#5 0x564d2dd7b36d <unknown>\n#6 0x564d2dd9a297 <unknown>\n#7 0x564d2dd7b0e3 <unknown>\n#8 0x564d2dd43044 <unknown>\n#9 0x564d2dd4444e <unknown>\n#10 0x564d2e009861 <unknown>\n#11 0x564d2e00d785 <unknown>\n#12 0x564d2dff7285 <unknown>\n#13 0x564d2e00e41f <unknown>\n#14 0x564d2dfdb20f <unknown>\n#15 0x564d2e032028 <unknown>\n#16 0x564d2e0321f7 <unknown>\n#17 0x564d2e043ed4 <unknown>\n#18 0x7f595726e044 <unknown>","time":{"start":1702084206626,"stop":1702084207078,"duration":452}},{"uid":"28d8aea375247f90","reportUrl":"https://zaelcovsky.github.io/StroyremAutomation/164//#testresult/28d8aea375247f90","status":"broken","statusDetails":"selenium.common.exceptions.NoSuchElementException: Message: no such element: Unable to locate element: {\"method\":\"xpath\",\"selector\":\"(//a[@class='add-to-cart yellow-btn'])[1]\"}\n  (Session info: chrome-headless-shell=120.0.6099.71); For documentation on this error, please visit: https://www.selenium.dev/documentation/webdriver/troubleshooting/errors#no-such-element-exception\nStacktrace:\n#0 0x559225427d33 <unknown>\n#1 0x5592250e4f87 <unknown>\n#2 0x559225134c0e <unknown>\n#3 0x559225134d11 <unknown>\n#4 0x559225180004 <unknown>\n#5 0x55922515e36d <unknown>\n#6 0x55922517d297 <unknown>\n#7 0x55922515e0e3 <unknown>\n#8 0x559225126044 <unknown>\n#9 0x55922512744e <unknown>\n#10 0x5592253ec861 <unknown>\n#11 0x5592253f0785 <unknown>\n#12 0x5592253da285 <unknown>\n#13 0x5592253f141f <unknown>\n#14 0x5592253be20f <unknown>\n#15 0x559225415028 <unknown>\n#16 0x5592254151f7 <unknown>\n#17 0x559225426ed4 <unknown>\n#18 0x7f3470808044 <unknown>","time":{"start":1701998019409,"stop":1701998019859,"duration":450}},{"uid":"8a5f9ff62d2e383","reportUrl":"https://zaelcovsky.github.io/StroyremAutomation/163//#testresult/8a5f9ff62d2e383","status":"broken","statusDetails":"selenium.common.exceptions.NoSuchElementException: Message: no such element: Unable to locate element: {\"method\":\"xpath\",\"selector\":\"(//a[@class='add-to-cart yellow-btn'])[1]\"}\n  (Session info: chrome-headless-shell=120.0.6099.71); For documentation on this error, please visit: https://www.selenium.dev/documentation/webdriver/troubleshooting/errors#no-such-element-exception\nStacktrace:\n#0 0x55cb691fed33 <unknown>\n#1 0x55cb68ebbf87 <unknown>\n#2 0x55cb68f0bc0e <unknown>\n#3 0x55cb68f0bd11 <unknown>\n#4 0x55cb68f57004 <unknown>\n#5 0x55cb68f3536d <unknown>\n#6 0x55cb68f54297 <unknown>\n#7 0x55cb68f350e3 <unknown>\n#8 0x55cb68efd044 <unknown>\n#9 0x55cb68efe44e <unknown>\n#10 0x55cb691c3861 <unknown>\n#11 0x55cb691c7785 <unknown>\n#12 0x55cb691b1285 <unknown>\n#13 0x55cb691c841f <unknown>\n#14 0x55cb6919520f <unknown>\n#15 0x55cb691ec028 <unknown>\n#16 0x55cb691ec1f7 <unknown>\n#17 0x55cb691fded4 <unknown>\n#18 0x7f6d7305e044 <unknown>","time":{"start":1701911582913,"stop":1701911583423,"duration":510}},{"uid":"db8b4879e7fb8e7a","reportUrl":"https://zaelcovsky.github.io/StroyremAutomation/162//#testresult/db8b4879e7fb8e7a","status":"broken","statusDetails":"selenium.common.exceptions.NoSuchElementException: Message: no such element: Unable to locate element: {\"method\":\"xpath\",\"selector\":\"(//a[@class='add-to-cart yellow-btn'])[1]\"}\n  (Session info: chrome-headless-shell=120.0.6099.62); For documentation on this error, please visit: https://www.selenium.dev/documentation/webdriver/troubleshooting/errors#no-such-element-exception\nStacktrace:\n#0 0x55996bfafdc3 <unknown>\n#1 0x55996bc6cf87 <unknown>\n#2 0x55996bcbcc0e <unknown>\n#3 0x55996bcbcd11 <unknown>\n#4 0x55996bd08004 <unknown>\n#5 0x55996bce636d <unknown>\n#6 0x55996bd05297 <unknown>\n#7 0x55996bce60e3 <unknown>\n#8 0x55996bcae044 <unknown>\n#9 0x55996bcaf44e <unknown>\n#10 0x55996bf748f1 <unknown>\n#11 0x55996bf78815 <unknown>\n#12 0x55996bf62315 <unknown>\n#13 0x55996bf794af <unknown>\n#14 0x55996bf4629f <unknown>\n#15 0x55996bf9d0b8 <unknown>\n#16 0x55996bf9d287 <unknown>\n#17 0x55996bfaef64 <unknown>\n#18 0x7f048ea55044 <unknown>","time":{"start":1701825213974,"stop":1701825214418,"duration":444}},{"uid":"1b81a651467c268d","reportUrl":"https://zaelcovsky.github.io/StroyremAutomation/161//#testresult/1b81a651467c268d","status":"broken","statusDetails":"selenium.common.exceptions.NoSuchElementException: Message: no such element: Unable to locate element: {\"method\":\"xpath\",\"selector\":\"(//a[@class='add-to-cart yellow-btn'])[1]\"}\n  (Session info: headless chrome=119.0.6045.105); For documentation on this error, please visit: https://www.selenium.dev/documentation/webdriver/troubleshooting/errors#no-such-element-exception\nStacktrace:\n#0 0x56207fdfe5e3 <unknown>\n#1 0x56207fac10b7 <unknown>\n#2 0x56207fb0ef53 <unknown>\n#3 0x56207fb0f051 <unknown>\n#4 0x56207fb549c4 <unknown>\n#5 0x56207fb35f1d <unknown>\n#6 0x56207fb51b3d <unknown>\n#7 0x56207fb35cc3 <unknown>\n#8 0x56207fb010e4 <unknown>\n#9 0x56207fb020ae <unknown>\n#10 0x56207fdc4ce1 <unknown>\n#11 0x56207fdc8b7e <unknown>\n#12 0x56207fdb24b5 <unknown>\n#13 0x56207fdc97d6 <unknown>\n#14 0x56207fd95dbf <unknown>\n#15 0x56207fdec748 <unknown>\n#16 0x56207fdec917 <unknown>\n#17 0x56207fdfd773 <unknown>\n#18 0x7f52ec1f3044 <unknown>","time":{"start":1701738721846,"stop":1701738722184,"duration":338}},{"uid":"920e5b8d2a7ba901","reportUrl":"https://zaelcovsky.github.io/StroyremAutomation/160//#testresult/920e5b8d2a7ba901","status":"broken","statusDetails":"selenium.common.exceptions.NoSuchElementException: Message: no such element: Unable to locate element: {\"method\":\"xpath\",\"selector\":\"//input[@class='amount']\"}\n  (Session info: headless chrome=119.0.6045.105); For documentation on this error, please visit: https://www.selenium.dev/documentation/webdriver/troubleshooting/errors#no-such-element-exception\nStacktrace:\n#0 0x55eb53e265e3 <unknown>\n#1 0x55eb53ae90b7 <unknown>\n#2 0x55eb53b36f53 <unknown>\n#3 0x55eb53b37051 <unknown>\n#4 0x55eb53b7c9c4 <unknown>\n#5 0x55eb53b5df1d <unknown>\n#6 0x55eb53b79b3d <unknown>\n#7 0x55eb53b5dcc3 <unknown>\n#8 0x55eb53b290e4 <unknown>\n#9 0x55eb53b2a0ae <unknown>\n#10 0x55eb53decce1 <unknown>\n#11 0x55eb53df0b7e <unknown>\n#12 0x55eb53dda4b5 <unknown>\n#13 0x55eb53df17d6 <unknown>\n#14 0x55eb53dbddbf <unknown>\n#15 0x55eb53e14748 <unknown>\n#16 0x55eb53e14917 <unknown>\n#17 0x55eb53e25773 <unknown>\n#18 0x7fa5e3794044 <unknown>","time":{"start":1701652458154,"stop":1701652462843,"duration":4689}},{"uid":"3766941f4d7d246a","reportUrl":"https://zaelcovsky.github.io/StroyremAutomation/159//#testresult/3766941f4d7d246a","status":"broken","statusDetails":"selenium.common.exceptions.NoSuchElementException: Message: no such element: Unable to locate element: {\"method\":\"xpath\",\"selector\":\"//input[@class='amount']\"}\n  (Session info: headless chrome=119.0.6045.105); For documentation on this error, please visit: https://www.selenium.dev/documentation/webdriver/troubleshooting/errors#no-such-element-exception\nStacktrace:\n#0 0x5623756045e3 <unknown>\n#1 0x5623752c70b7 <unknown>\n#2 0x562375314f53 <unknown>\n#3 0x562375315051 <unknown>\n#4 0x56237535a9c4 <unknown>\n#5 0x56237533bf1d <unknown>\n#6 0x562375357b3d <unknown>\n#7 0x56237533bcc3 <unknown>\n#8 0x5623753070e4 <unknown>\n#9 0x5623753080ae <unknown>\n#10 0x5623755cace1 <unknown>\n#11 0x5623755ceb7e <unknown>\n#12 0x5623755b84b5 <unknown>\n#13 0x5623755cf7d6 <unknown>\n#14 0x56237559bdbf <unknown>\n#15 0x5623755f2748 <unknown>\n#16 0x5623755f2917 <unknown>\n#17 0x562375603773 <unknown>\n#18 0x7fa505581044 <unknown>","time":{"start":1701566204275,"stop":1701566208363,"duration":4088}},{"uid":"d342c8a2fd1518e3","reportUrl":"https://zaelcovsky.github.io/StroyremAutomation/158//#testresult/d342c8a2fd1518e3","status":"broken","statusDetails":"selenium.common.exceptions.NoSuchElementException: Message: no such element: Unable to locate element: {\"method\":\"xpath\",\"selector\":\"//input[@class='amount']\"}\n  (Session info: headless chrome=119.0.6045.105); For documentation on this error, please visit: https://www.selenium.dev/documentation/webdriver/troubleshooting/errors#no-such-element-exception\nStacktrace:\n#0 0x564cb783e5e3 <unknown>\n#1 0x564cb75010b7 <unknown>\n#2 0x564cb754ef53 <unknown>\n#3 0x564cb754f051 <unknown>\n#4 0x564cb75949c4 <unknown>\n#5 0x564cb7575f1d <unknown>\n#6 0x564cb7591b3d <unknown>\n#7 0x564cb7575cc3 <unknown>\n#8 0x564cb75410e4 <unknown>\n#9 0x564cb75420ae <unknown>\n#10 0x564cb7804ce1 <unknown>\n#11 0x564cb7808b7e <unknown>\n#12 0x564cb77f24b5 <unknown>\n#13 0x564cb78097d6 <unknown>\n#14 0x564cb77d5dbf <unknown>\n#15 0x564cb782c748 <unknown>\n#16 0x564cb782c917 <unknown>\n#17 0x564cb783d773 <unknown>\n#18 0x7fbc5f174044 <unknown>","time":{"start":1701479462271,"stop":1701479466203,"duration":3932}},{"uid":"20f1967405a46ce1","reportUrl":"https://zaelcovsky.github.io/StroyremAutomation/157//#testresult/20f1967405a46ce1","status":"broken","statusDetails":"selenium.common.exceptions.NoSuchElementException: Message: no such element: Unable to locate element: {\"method\":\"xpath\",\"selector\":\"//input[@class='amount']\"}\n  (Session info: headless chrome=119.0.6045.105); For documentation on this error, please visit: https://www.selenium.dev/documentation/webdriver/troubleshooting/errors#no-such-element-exception\nStacktrace:\n#0 0x55afbb5655e3 <unknown>\n#1 0x55afbb2280b7 <unknown>\n#2 0x55afbb275f53 <unknown>\n#3 0x55afbb276051 <unknown>\n#4 0x55afbb2bb9c4 <unknown>\n#5 0x55afbb29cf1d <unknown>\n#6 0x55afbb2b8b3d <unknown>\n#7 0x55afbb29ccc3 <unknown>\n#8 0x55afbb2680e4 <unknown>\n#9 0x55afbb2690ae <unknown>\n#10 0x55afbb52bce1 <unknown>\n#11 0x55afbb52fb7e <unknown>\n#12 0x55afbb5194b5 <unknown>\n#13 0x55afbb5307d6 <unknown>\n#14 0x55afbb4fcdbf <unknown>\n#15 0x55afbb553748 <unknown>\n#16 0x55afbb553917 <unknown>\n#17 0x55afbb564773 <unknown>\n#18 0x7f2d9e0b1044 <unknown>","time":{"start":1701393604655,"stop":1701393609572,"duration":4917}},{"uid":"8c8c2ed635efb8ff","reportUrl":"https://zaelcovsky.github.io/StroyremAutomation/156//#testresult/8c8c2ed635efb8ff","status":"broken","statusDetails":"selenium.common.exceptions.NoSuchElementException: Message: no such element: Unable to locate element: {\"method\":\"xpath\",\"selector\":\"//input[@class='amount']\"}\n  (Session info: headless chrome=119.0.6045.105); For documentation on this error, please visit: https://www.selenium.dev/documentation/webdriver/troubleshooting/errors#no-such-element-exception\nStacktrace:\n#0 0x55a7534295e3 <unknown>\n#1 0x55a7530ec0b7 <unknown>\n#2 0x55a753139f53 <unknown>\n#3 0x55a75313a051 <unknown>\n#4 0x55a75317f9c4 <unknown>\n#5 0x55a753160f1d <unknown>\n#6 0x55a75317cb3d <unknown>\n#7 0x55a753160cc3 <unknown>\n#8 0x55a75312c0e4 <unknown>\n#9 0x55a75312d0ae <unknown>\n#10 0x55a7533efce1 <unknown>\n#11 0x55a7533f3b7e <unknown>\n#12 0x55a7533dd4b5 <unknown>\n#13 0x55a7533f47d6 <unknown>\n#14 0x55a7533c0dbf <unknown>\n#15 0x55a753417748 <unknown>\n#16 0x55a753417917 <unknown>\n#17 0x55a753428773 <unknown>\n#18 0x7fcad8d4f044 <unknown>","time":{"start":1701306750845,"stop":1701306754584,"duration":3739}}]},"tags":["smoke"]},"source":"1176e9bdfb8e176c.json","parameterValues":["4890","149","'TD 021'","4380","'products/shtukaturka-gipsovaya-aksolit-m50-30-kg-mashinnogo-naneseniya'","2600","'https://sandboxtest.stroyrem-nn.ru/'","4500"]}