{"uid":"26a46e16217416cd","name":"test_positive_delivery_green_zone_smoke[TD 008-products/shtukaturka-gipsovaya-aksolit-m50-30-kg-mashinnogo-naneseniya-149-4500-2300-3980-4490-https://sandboxtest.stroyrem-nn.ru/]","fullName":"tests.delivery.test_delivery_calculation.TestDeliveryPageCalculation#test_positive_delivery_green_zone_smoke","historyId":"a6e4f8846394d8afbfad6037346de2a8","time":{"start":1709860027284,"stop":1709860027718,"duration":434},"status":"broken","statusMessage":"selenium.common.exceptions.NoSuchElementException: Message: no such element: Unable to locate element: {\"method\":\"xpath\",\"selector\":\"(//a[@class='add-to-cart yellow-btn'])[1]\"}\n  (Session info: chrome-headless-shell=122.0.6261.111); For documentation on this error, please visit: https://www.selenium.dev/documentation/webdriver/troubleshooting/errors#no-such-element-exception\nStacktrace:\n#0 0x55d3aa60bec3 <unknown>\n#1 0x55d3aa303ce6 <unknown>\n#2 0x55d3aa34ee48 <unknown>\n#3 0x55d3aa34ef01 <unknown>\n#4 0x55d3aa3923f4 <unknown>\n#5 0x55d3aa370edd <unknown>\n#6 0x55d3aa38f899 <unknown>\n#7 0x55d3aa370c53 <unknown>\n#8 0x55d3aa341db3 <unknown>\n#9 0x55d3aa34277e <unknown>\n#10 0x55d3aa5d17fb <unknown>\n#11 0x55d3aa5d5815 <unknown>\n#12 0x55d3aa5bf111 <unknown>\n#13 0x55d3aa5d63a2 <unknown>\n#14 0x55d3aa5a31ef <unknown>\n#15 0x55d3aa5fa4b8 <unknown>\n#16 0x55d3aa5fa6b3 <unknown>\n#17 0x55d3aa60b074 <unknown>\n#18 0x7fa24c285134 <unknown>","statusTrace":"self = <tests.delivery.test_delivery_calculation.TestDeliveryPageCalculation object at 0x7f7df6e20ed0>\ndriver = <selenium.webdriver.chrome.webdriver.WebDriver (session=\"f77682617b783bce4d0b3d136a27a03b\")>\nurl = 'https://sandboxtest.stroyrem-nn.ru/', case_id = 'TD 008'\nlink_item = 'products/shtukaturka-gipsovaya-aksolit-m50-30-kg-mashinnogo-naneseniya'\namount = 149, weight = 4500, standard = 2300, in_time = 3980, all_time = 4490\n\n    @pytest.mark.parametrize('case_id, link_item, amount, weight, standard, in_time, all_time', [\n        (\"TD 001\", uroven_3000, 1, 30, 0, 1590, 2190),\n        (\"TD 002\", bundeks_25, 1, 30, 400, 1590, 2190),\n        (\"TD 003\", aksolit_30, 8, 300, 400, 1590, 2190),\n        (\"TD 004\", aksolit_30, 13, 400, 450, 1590, 2190),\n        (\"TD 005\", aksolit_30, 16, 500, 600, 1590, 2190),\n        (\"TD 006\", aksolit_30, 25, 1700, 990, 1990, 2480),\n        (\"TD 007\", aksolit_30, 66, 2000, 1300, 2490, 2980),\n        (\"TD 008\", aksolit_30, 149, 4500, 2300, 3980, 4490),\n        (\"TD 009\", aksolit_30, 166, 5000, 2500, 4990, 5480),\n        pytest.param(\n            \"TD 010\", aksolit_30, 206, 6200, 2900, 5570, 6120,\n            marks=pytest.mark.xfail(reson=\"Цена доставки 3600 7960 8980\")\n        ),\n        (\"TD 011\", aksolit_30, 299, 9000, 3600, 7960, 8980),\n        (\"TD 012\", aksolit_30, 333, 10000, 4450, 11990, 12500),\n        pytest.param(\n            \"TD 013\", aksolit_30, 366, 11000, 4800, 12450, 13480,\n            marks=pytest.mark.xfail(reason=\"Цена стандартной доставки 4450\")\n        ),\n        pytest.param(\n            \"TD 014\", aksolit_30, 666, 20000, 5400, 15600, 17490,\n            marks=pytest.mark.xfail(reason=\"Цена стандартной доставки 4450\")\n        )\n    ])\n    @pytest.mark.smoke\n    def test_positive_delivery_green_zone_smoke(\n            self, driver, url, case_id, link_item, amount, weight, standard, in_time, all_time\n    ):\n    \n        driver.get(f'{url}{link_item}')\n        item_page = ItemPage(driver)\n>       item_page.add_item_to_cart(amount).click_on_cart()\n\ntests/delivery/test_delivery_calculation.py:49: \n_ _ _ _ _ _ _ _ _ _ _ _ _ _ _ _ _ _ _ _ _ _ _ _ _ _ _ _ _ _ _ _ _ _ _ _ _ _ _ _ \npages/item_page.py:40: in add_item_to_cart\n    self.find_element(self._add_item).click()\nbase/seleniumbase.py:17: in find_element\n    return self.driver.find_element(*locator)\n/usr/local/lib/python3.11/site-packages/selenium/webdriver/remote/webdriver.py:740: in find_element\n    return self.execute(Command.FIND_ELEMENT, {\"using\": by, \"value\": value})[\"value\"]\n/usr/local/lib/python3.11/site-packages/selenium/webdriver/remote/webdriver.py:346: in execute\n    self.error_handler.check_response(response)\n_ _ _ _ _ _ _ _ _ _ _ _ _ _ _ _ _ _ _ _ _ _ _ _ _ _ _ _ _ _ _ _ _ _ _ _ _ _ _ _ \n\nself = <selenium.webdriver.remote.errorhandler.ErrorHandler object at 0x7f7df6790c90>\nresponse = {'status': 404, 'value': '{\"value\":{\"error\":\"no such element\",\"message\":\"no such element: Unable to locate element: {\\...\\\\n#16 0x55d3aa5fa6b3 \\\\u003Cunknown>\\\\n#17 0x55d3aa60b074 \\\\u003Cunknown>\\\\n#18 0x7fa24c285134 \\\\u003Cunknown>\\\\n\"}}'}\n\n    def check_response(self, response: Dict[str, Any]) -> None:\n        \"\"\"Checks that a JSON response from the WebDriver does not have an\n        error.\n    \n        :Args:\n         - response - The JSON response from the WebDriver server as a dictionary\n           object.\n    \n        :Raises: If the response contains an error message.\n        \"\"\"\n        status = response.get(\"status\", None)\n        if not status or status == ErrorCode.SUCCESS:\n            return\n        value = None\n        message = response.get(\"message\", \"\")\n        screen: str = response.get(\"screen\", \"\")\n        stacktrace = None\n        if isinstance(status, int):\n            value_json = response.get(\"value\", None)\n            if value_json and isinstance(value_json, str):\n                import json\n    \n                try:\n                    value = json.loads(value_json)\n                    if len(value) == 1:\n                        value = value[\"value\"]\n                    status = value.get(\"error\", None)\n                    if not status:\n                        status = value.get(\"status\", ErrorCode.UNKNOWN_ERROR)\n                        message = value.get(\"value\") or value.get(\"message\")\n                        if not isinstance(message, str):\n                            value = message\n                            message = message.get(\"message\")\n                    else:\n                        message = value.get(\"message\", None)\n                except ValueError:\n                    pass\n    \n        exception_class: Type[WebDriverException]\n        if status in ErrorCode.NO_SUCH_ELEMENT:\n            exception_class = NoSuchElementException\n        elif status in ErrorCode.NO_SUCH_FRAME:\n            exception_class = NoSuchFrameException\n        elif status in ErrorCode.NO_SUCH_SHADOW_ROOT:\n            exception_class = NoSuchShadowRootException\n        elif status in ErrorCode.NO_SUCH_WINDOW:\n            exception_class = NoSuchWindowException\n        elif status in ErrorCode.STALE_ELEMENT_REFERENCE:\n            exception_class = StaleElementReferenceException\n        elif status in ErrorCode.ELEMENT_NOT_VISIBLE:\n            exception_class = ElementNotVisibleException\n        elif status in ErrorCode.INVALID_ELEMENT_STATE:\n            exception_class = InvalidElementStateException\n        elif (\n            status in ErrorCode.INVALID_SELECTOR\n            or status in ErrorCode.INVALID_XPATH_SELECTOR\n            or status in ErrorCode.INVALID_XPATH_SELECTOR_RETURN_TYPER\n        ):\n            exception_class = InvalidSelectorException\n        elif status in ErrorCode.ELEMENT_IS_NOT_SELECTABLE:\n            exception_class = ElementNotSelectableException\n        elif status in ErrorCode.ELEMENT_NOT_INTERACTABLE:\n            exception_class = ElementNotInteractableException\n        elif status in ErrorCode.INVALID_COOKIE_DOMAIN:\n            exception_class = InvalidCookieDomainException\n        elif status in ErrorCode.UNABLE_TO_SET_COOKIE:\n            exception_class = UnableToSetCookieException\n        elif status in ErrorCode.TIMEOUT:\n            exception_class = TimeoutException\n        elif status in ErrorCode.SCRIPT_TIMEOUT:\n            exception_class = TimeoutException\n        elif status in ErrorCode.UNKNOWN_ERROR:\n            exception_class = WebDriverException\n        elif status in ErrorCode.UNEXPECTED_ALERT_OPEN:\n            exception_class = UnexpectedAlertPresentException\n        elif status in ErrorCode.NO_ALERT_OPEN:\n            exception_class = NoAlertPresentException\n        elif status in ErrorCode.IME_NOT_AVAILABLE:\n            exception_class = ImeNotAvailableException\n        elif status in ErrorCode.IME_ENGINE_ACTIVATION_FAILED:\n            exception_class = ImeActivationFailedException\n        elif status in ErrorCode.MOVE_TARGET_OUT_OF_BOUNDS:\n            exception_class = MoveTargetOutOfBoundsException\n        elif status in ErrorCode.JAVASCRIPT_ERROR:\n            exception_class = JavascriptException\n        elif status in ErrorCode.SESSION_NOT_CREATED:\n            exception_class = SessionNotCreatedException\n        elif status in ErrorCode.INVALID_ARGUMENT:\n            exception_class = InvalidArgumentException\n        elif status in ErrorCode.NO_SUCH_COOKIE:\n            exception_class = NoSuchCookieException\n        elif status in ErrorCode.UNABLE_TO_CAPTURE_SCREEN:\n            exception_class = ScreenshotException\n        elif status in ErrorCode.ELEMENT_CLICK_INTERCEPTED:\n            exception_class = ElementClickInterceptedException\n        elif status in ErrorCode.INSECURE_CERTIFICATE:\n            exception_class = InsecureCertificateException\n        elif status in ErrorCode.INVALID_COORDINATES:\n            exception_class = InvalidCoordinatesException\n        elif status in ErrorCode.INVALID_SESSION_ID:\n            exception_class = InvalidSessionIdException\n        elif status in ErrorCode.UNKNOWN_METHOD:\n            exception_class = UnknownMethodException\n        else:\n            exception_class = WebDriverException\n        if not value:\n            value = response[\"value\"]\n        if isinstance(value, str):\n            raise exception_class(value)\n        if message == \"\" and \"message\" in value:\n            message = value[\"message\"]\n    \n        screen = None  # type: ignore[assignment]\n        if \"screen\" in value:\n            screen = value[\"screen\"]\n    \n        stacktrace = None\n        st_value = value.get(\"stackTrace\") or value.get(\"stacktrace\")\n        if st_value:\n            if isinstance(st_value, str):\n                stacktrace = st_value.split(\"\\n\")\n            else:\n                stacktrace = []\n                try:\n                    for frame in st_value:\n                        line = frame.get(\"lineNumber\", \"\")\n                        file = frame.get(\"fileName\", \"<anonymous>\")\n                        if line:\n                            file = f\"{file}:{line}\"\n                        meth = frame.get(\"methodName\", \"<anonymous>\")\n                        if \"className\" in frame:\n                            meth = f\"{frame['className']}.{meth}\"\n                        msg = \"    at %s (%s)\"\n                        msg = msg % (meth, file)\n                        stacktrace.append(msg)\n                except TypeError:\n                    pass\n        if exception_class == UnexpectedAlertPresentException:\n            alert_text = None\n            if \"data\" in value:\n                alert_text = value[\"data\"].get(\"text\")\n            elif \"alert\" in value:\n                alert_text = value[\"alert\"].get(\"text\")\n            raise exception_class(message, screen, stacktrace, alert_text)  # type: ignore[call-arg]  # mypy is not smart enough here\n>       raise exception_class(message, screen, stacktrace)\nE       selenium.common.exceptions.NoSuchElementException: Message: no such element: Unable to locate element: {\"method\":\"xpath\",\"selector\":\"(//a[@class='add-to-cart yellow-btn'])[1]\"}\nE         (Session info: chrome-headless-shell=122.0.6261.111); For documentation on this error, please visit: https://www.selenium.dev/documentation/webdriver/troubleshooting/errors#no-such-element-exception\nE       Stacktrace:\nE       #0 0x55d3aa60bec3 <unknown>\nE       #1 0x55d3aa303ce6 <unknown>\nE       #2 0x55d3aa34ee48 <unknown>\nE       #3 0x55d3aa34ef01 <unknown>\nE       #4 0x55d3aa3923f4 <unknown>\nE       #5 0x55d3aa370edd <unknown>\nE       #6 0x55d3aa38f899 <unknown>\nE       #7 0x55d3aa370c53 <unknown>\nE       #8 0x55d3aa341db3 <unknown>\nE       #9 0x55d3aa34277e <unknown>\nE       #10 0x55d3aa5d17fb <unknown>\nE       #11 0x55d3aa5d5815 <unknown>\nE       #12 0x55d3aa5bf111 <unknown>\nE       #13 0x55d3aa5d63a2 <unknown>\nE       #14 0x55d3aa5a31ef <unknown>\nE       #15 0x55d3aa5fa4b8 <unknown>\nE       #16 0x55d3aa5fa6b3 <unknown>\nE       #17 0x55d3aa60b074 <unknown>\nE       #18 0x7fa24c285134 <unknown>\n\n/usr/local/lib/python3.11/site-packages/selenium/webdriver/remote/errorhandler.py:245: NoSuchElementException","flaky":false,"newFailed":false,"newBroken":false,"newPassed":false,"retriesCount":0,"retriesStatusChange":false,"beforeStages":[{"name":"_session_faker","time":{"start":1709859598073,"stop":1709859598142,"duration":69},"status":"passed","steps":[],"attachments":[],"parameters":[],"shouldDisplayMessage":false,"stepsCount":0,"attachmentsCount":0,"hasContent":false,"attachmentStep":false},{"name":"clear_allure_results_folder","time":{"start":1709859598142,"stop":1709859598143,"duration":1},"status":"passed","steps":[],"attachments":[],"parameters":[],"shouldDisplayMessage":false,"stepsCount":0,"attachmentsCount":0,"hasContent":false,"attachmentStep":false},{"name":"driver","time":{"start":1709860026553,"stop":1709860027283,"duration":730},"status":"passed","steps":[],"attachments":[],"parameters":[],"shouldDisplayMessage":false,"stepsCount":0,"attachmentsCount":0,"hasContent":false,"attachmentStep":false},{"name":"setup","time":{"start":1709860027283,"stop":1709860027283,"duration":0},"status":"passed","steps":[],"attachments":[],"parameters":[],"shouldDisplayMessage":false,"stepsCount":0,"attachmentsCount":0,"hasContent":false,"attachmentStep":false}],"testStage":{"status":"broken","statusMessage":"selenium.common.exceptions.NoSuchElementException: Message: no such element: Unable to locate element: {\"method\":\"xpath\",\"selector\":\"(//a[@class='add-to-cart yellow-btn'])[1]\"}\n  (Session info: chrome-headless-shell=122.0.6261.111); For documentation on this error, please visit: https://www.selenium.dev/documentation/webdriver/troubleshooting/errors#no-such-element-exception\nStacktrace:\n#0 0x55d3aa60bec3 <unknown>\n#1 0x55d3aa303ce6 <unknown>\n#2 0x55d3aa34ee48 <unknown>\n#3 0x55d3aa34ef01 <unknown>\n#4 0x55d3aa3923f4 <unknown>\n#5 0x55d3aa370edd <unknown>\n#6 0x55d3aa38f899 <unknown>\n#7 0x55d3aa370c53 <unknown>\n#8 0x55d3aa341db3 <unknown>\n#9 0x55d3aa34277e <unknown>\n#10 0x55d3aa5d17fb <unknown>\n#11 0x55d3aa5d5815 <unknown>\n#12 0x55d3aa5bf111 <unknown>\n#13 0x55d3aa5d63a2 <unknown>\n#14 0x55d3aa5a31ef <unknown>\n#15 0x55d3aa5fa4b8 <unknown>\n#16 0x55d3aa5fa6b3 <unknown>\n#17 0x55d3aa60b074 <unknown>\n#18 0x7fa24c285134 <unknown>","statusTrace":"self = <tests.delivery.test_delivery_calculation.TestDeliveryPageCalculation object at 0x7f7df6e20ed0>\ndriver = <selenium.webdriver.chrome.webdriver.WebDriver (session=\"f77682617b783bce4d0b3d136a27a03b\")>\nurl = 'https://sandboxtest.stroyrem-nn.ru/', case_id = 'TD 008'\nlink_item = 'products/shtukaturka-gipsovaya-aksolit-m50-30-kg-mashinnogo-naneseniya'\namount = 149, weight = 4500, standard = 2300, in_time = 3980, all_time = 4490\n\n    @pytest.mark.parametrize('case_id, link_item, amount, weight, standard, in_time, all_time', [\n        (\"TD 001\", uroven_3000, 1, 30, 0, 1590, 2190),\n        (\"TD 002\", bundeks_25, 1, 30, 400, 1590, 2190),\n        (\"TD 003\", aksolit_30, 8, 300, 400, 1590, 2190),\n        (\"TD 004\", aksolit_30, 13, 400, 450, 1590, 2190),\n        (\"TD 005\", aksolit_30, 16, 500, 600, 1590, 2190),\n        (\"TD 006\", aksolit_30, 25, 1700, 990, 1990, 2480),\n        (\"TD 007\", aksolit_30, 66, 2000, 1300, 2490, 2980),\n        (\"TD 008\", aksolit_30, 149, 4500, 2300, 3980, 4490),\n        (\"TD 009\", aksolit_30, 166, 5000, 2500, 4990, 5480),\n        pytest.param(\n            \"TD 010\", aksolit_30, 206, 6200, 2900, 5570, 6120,\n            marks=pytest.mark.xfail(reson=\"Цена доставки 3600 7960 8980\")\n        ),\n        (\"TD 011\", aksolit_30, 299, 9000, 3600, 7960, 8980),\n        (\"TD 012\", aksolit_30, 333, 10000, 4450, 11990, 12500),\n        pytest.param(\n            \"TD 013\", aksolit_30, 366, 11000, 4800, 12450, 13480,\n            marks=pytest.mark.xfail(reason=\"Цена стандартной доставки 4450\")\n        ),\n        pytest.param(\n            \"TD 014\", aksolit_30, 666, 20000, 5400, 15600, 17490,\n            marks=pytest.mark.xfail(reason=\"Цена стандартной доставки 4450\")\n        )\n    ])\n    @pytest.mark.smoke\n    def test_positive_delivery_green_zone_smoke(\n            self, driver, url, case_id, link_item, amount, weight, standard, in_time, all_time\n    ):\n    \n        driver.get(f'{url}{link_item}')\n        item_page = ItemPage(driver)\n>       item_page.add_item_to_cart(amount).click_on_cart()\n\ntests/delivery/test_delivery_calculation.py:49: \n_ _ _ _ _ _ _ _ _ _ _ _ _ _ _ _ _ _ _ _ _ _ _ _ _ _ _ _ _ _ _ _ _ _ _ _ _ _ _ _ \npages/item_page.py:40: in add_item_to_cart\n    self.find_element(self._add_item).click()\nbase/seleniumbase.py:17: in find_element\n    return self.driver.find_element(*locator)\n/usr/local/lib/python3.11/site-packages/selenium/webdriver/remote/webdriver.py:740: in find_element\n    return self.execute(Command.FIND_ELEMENT, {\"using\": by, \"value\": value})[\"value\"]\n/usr/local/lib/python3.11/site-packages/selenium/webdriver/remote/webdriver.py:346: in execute\n    self.error_handler.check_response(response)\n_ _ _ _ _ _ _ _ _ _ _ _ _ _ _ _ _ _ _ _ _ _ _ _ _ _ _ _ _ _ _ _ _ _ _ _ _ _ _ _ \n\nself = <selenium.webdriver.remote.errorhandler.ErrorHandler object at 0x7f7df6790c90>\nresponse = {'status': 404, 'value': '{\"value\":{\"error\":\"no such element\",\"message\":\"no such element: Unable to locate element: {\\...\\\\n#16 0x55d3aa5fa6b3 \\\\u003Cunknown>\\\\n#17 0x55d3aa60b074 \\\\u003Cunknown>\\\\n#18 0x7fa24c285134 \\\\u003Cunknown>\\\\n\"}}'}\n\n    def check_response(self, response: Dict[str, Any]) -> None:\n        \"\"\"Checks that a JSON response from the WebDriver does not have an\n        error.\n    \n        :Args:\n         - response - The JSON response from the WebDriver server as a dictionary\n           object.\n    \n        :Raises: If the response contains an error message.\n        \"\"\"\n        status = response.get(\"status\", None)\n        if not status or status == ErrorCode.SUCCESS:\n            return\n        value = None\n        message = response.get(\"message\", \"\")\n        screen: str = response.get(\"screen\", \"\")\n        stacktrace = None\n        if isinstance(status, int):\n            value_json = response.get(\"value\", None)\n            if value_json and isinstance(value_json, str):\n                import json\n    \n                try:\n                    value = json.loads(value_json)\n                    if len(value) == 1:\n                        value = value[\"value\"]\n                    status = value.get(\"error\", None)\n                    if not status:\n                        status = value.get(\"status\", ErrorCode.UNKNOWN_ERROR)\n                        message = value.get(\"value\") or value.get(\"message\")\n                        if not isinstance(message, str):\n                            value = message\n                            message = message.get(\"message\")\n                    else:\n                        message = value.get(\"message\", None)\n                except ValueError:\n                    pass\n    \n        exception_class: Type[WebDriverException]\n        if status in ErrorCode.NO_SUCH_ELEMENT:\n            exception_class = NoSuchElementException\n        elif status in ErrorCode.NO_SUCH_FRAME:\n            exception_class = NoSuchFrameException\n        elif status in ErrorCode.NO_SUCH_SHADOW_ROOT:\n            exception_class = NoSuchShadowRootException\n        elif status in ErrorCode.NO_SUCH_WINDOW:\n            exception_class = NoSuchWindowException\n        elif status in ErrorCode.STALE_ELEMENT_REFERENCE:\n            exception_class = StaleElementReferenceException\n        elif status in ErrorCode.ELEMENT_NOT_VISIBLE:\n            exception_class = ElementNotVisibleException\n        elif status in ErrorCode.INVALID_ELEMENT_STATE:\n            exception_class = InvalidElementStateException\n        elif (\n            status in ErrorCode.INVALID_SELECTOR\n            or status in ErrorCode.INVALID_XPATH_SELECTOR\n            or status in ErrorCode.INVALID_XPATH_SELECTOR_RETURN_TYPER\n        ):\n            exception_class = InvalidSelectorException\n        elif status in ErrorCode.ELEMENT_IS_NOT_SELECTABLE:\n            exception_class = ElementNotSelectableException\n        elif status in ErrorCode.ELEMENT_NOT_INTERACTABLE:\n            exception_class = ElementNotInteractableException\n        elif status in ErrorCode.INVALID_COOKIE_DOMAIN:\n            exception_class = InvalidCookieDomainException\n        elif status in ErrorCode.UNABLE_TO_SET_COOKIE:\n            exception_class = UnableToSetCookieException\n        elif status in ErrorCode.TIMEOUT:\n            exception_class = TimeoutException\n        elif status in ErrorCode.SCRIPT_TIMEOUT:\n            exception_class = TimeoutException\n        elif status in ErrorCode.UNKNOWN_ERROR:\n            exception_class = WebDriverException\n        elif status in ErrorCode.UNEXPECTED_ALERT_OPEN:\n            exception_class = UnexpectedAlertPresentException\n        elif status in ErrorCode.NO_ALERT_OPEN:\n            exception_class = NoAlertPresentException\n        elif status in ErrorCode.IME_NOT_AVAILABLE:\n            exception_class = ImeNotAvailableException\n        elif status in ErrorCode.IME_ENGINE_ACTIVATION_FAILED:\n            exception_class = ImeActivationFailedException\n        elif status in ErrorCode.MOVE_TARGET_OUT_OF_BOUNDS:\n            exception_class = MoveTargetOutOfBoundsException\n        elif status in ErrorCode.JAVASCRIPT_ERROR:\n            exception_class = JavascriptException\n        elif status in ErrorCode.SESSION_NOT_CREATED:\n            exception_class = SessionNotCreatedException\n        elif status in ErrorCode.INVALID_ARGUMENT:\n            exception_class = InvalidArgumentException\n        elif status in ErrorCode.NO_SUCH_COOKIE:\n            exception_class = NoSuchCookieException\n        elif status in ErrorCode.UNABLE_TO_CAPTURE_SCREEN:\n            exception_class = ScreenshotException\n        elif status in ErrorCode.ELEMENT_CLICK_INTERCEPTED:\n            exception_class = ElementClickInterceptedException\n        elif status in ErrorCode.INSECURE_CERTIFICATE:\n            exception_class = InsecureCertificateException\n        elif status in ErrorCode.INVALID_COORDINATES:\n            exception_class = InvalidCoordinatesException\n        elif status in ErrorCode.INVALID_SESSION_ID:\n            exception_class = InvalidSessionIdException\n        elif status in ErrorCode.UNKNOWN_METHOD:\n            exception_class = UnknownMethodException\n        else:\n            exception_class = WebDriverException\n        if not value:\n            value = response[\"value\"]\n        if isinstance(value, str):\n            raise exception_class(value)\n        if message == \"\" and \"message\" in value:\n            message = value[\"message\"]\n    \n        screen = None  # type: ignore[assignment]\n        if \"screen\" in value:\n            screen = value[\"screen\"]\n    \n        stacktrace = None\n        st_value = value.get(\"stackTrace\") or value.get(\"stacktrace\")\n        if st_value:\n            if isinstance(st_value, str):\n                stacktrace = st_value.split(\"\\n\")\n            else:\n                stacktrace = []\n                try:\n                    for frame in st_value:\n                        line = frame.get(\"lineNumber\", \"\")\n                        file = frame.get(\"fileName\", \"<anonymous>\")\n                        if line:\n                            file = f\"{file}:{line}\"\n                        meth = frame.get(\"methodName\", \"<anonymous>\")\n                        if \"className\" in frame:\n                            meth = f\"{frame['className']}.{meth}\"\n                        msg = \"    at %s (%s)\"\n                        msg = msg % (meth, file)\n                        stacktrace.append(msg)\n                except TypeError:\n                    pass\n        if exception_class == UnexpectedAlertPresentException:\n            alert_text = None\n            if \"data\" in value:\n                alert_text = value[\"data\"].get(\"text\")\n            elif \"alert\" in value:\n                alert_text = value[\"alert\"].get(\"text\")\n            raise exception_class(message, screen, stacktrace, alert_text)  # type: ignore[call-arg]  # mypy is not smart enough here\n>       raise exception_class(message, screen, stacktrace)\nE       selenium.common.exceptions.NoSuchElementException: Message: no such element: Unable to locate element: {\"method\":\"xpath\",\"selector\":\"(//a[@class='add-to-cart yellow-btn'])[1]\"}\nE         (Session info: chrome-headless-shell=122.0.6261.111); For documentation on this error, please visit: https://www.selenium.dev/documentation/webdriver/troubleshooting/errors#no-such-element-exception\nE       Stacktrace:\nE       #0 0x55d3aa60bec3 <unknown>\nE       #1 0x55d3aa303ce6 <unknown>\nE       #2 0x55d3aa34ee48 <unknown>\nE       #3 0x55d3aa34ef01 <unknown>\nE       #4 0x55d3aa3923f4 <unknown>\nE       #5 0x55d3aa370edd <unknown>\nE       #6 0x55d3aa38f899 <unknown>\nE       #7 0x55d3aa370c53 <unknown>\nE       #8 0x55d3aa341db3 <unknown>\nE       #9 0x55d3aa34277e <unknown>\nE       #10 0x55d3aa5d17fb <unknown>\nE       #11 0x55d3aa5d5815 <unknown>\nE       #12 0x55d3aa5bf111 <unknown>\nE       #13 0x55d3aa5d63a2 <unknown>\nE       #14 0x55d3aa5a31ef <unknown>\nE       #15 0x55d3aa5fa4b8 <unknown>\nE       #16 0x55d3aa5fa6b3 <unknown>\nE       #17 0x55d3aa60b074 <unknown>\nE       #18 0x7fa24c285134 <unknown>\n\n/usr/local/lib/python3.11/site-packages/selenium/webdriver/remote/errorhandler.py:245: NoSuchElementException","steps":[{"name":"Добавляем товар в корзину в количестве 149","time":{"start":1709860027706,"stop":1709860027718,"duration":12},"status":"broken","statusMessage":"selenium.common.exceptions.NoSuchElementException: Message: no such element: Unable to locate element: {\"method\":\"xpath\",\"selector\":\"(//a[@class='add-to-cart yellow-btn'])[1]\"}\n  (Session info: chrome-headless-shell=122.0.6261.111); For documentation on this error, please visit: https://www.selenium.dev/documentation/webdriver/troubleshooting/errors#no-such-element-exception\nStacktrace:\n#0 0x55d3aa60bec3 <unknown>\n#1 0x55d3aa303ce6 <unknown>\n#2 0x55d3aa34ee48 <unknown>\n#3 0x55d3aa34ef01 <unknown>\n#4 0x55d3aa3923f4 <unknown>\n#5 0x55d3aa370edd <unknown>\n#6 0x55d3aa38f899 <unknown>\n#7 0x55d3aa370c53 <unknown>\n#8 0x55d3aa341db3 <unknown>\n#9 0x55d3aa34277e <unknown>\n#10 0x55d3aa5d17fb <unknown>\n#11 0x55d3aa5d5815 <unknown>\n#12 0x55d3aa5bf111 <unknown>\n#13 0x55d3aa5d63a2 <unknown>\n#14 0x55d3aa5a31ef <unknown>\n#15 0x55d3aa5fa4b8 <unknown>\n#16 0x55d3aa5fa6b3 <unknown>\n#17 0x55d3aa60b074 <unknown>\n#18 0x7fa24c285134 <unknown>\n\n","statusTrace":"  File \"/usr/local/lib/python3.11/site-packages/allure_commons/_allure.py\", line 192, in impl\n    return func(*a, **kw)\n           ^^^^^^^^^^^^^^\n  File \"/app/pages/item_page.py\", line 40, in add_item_to_cart\n    self.find_element(self._add_item).click()\n    ^^^^^^^^^^^^^^^^^^^^^^^^^^^^^^^^^\n  File \"/app/base/seleniumbase.py\", line 17, in find_element\n    return self.driver.find_element(*locator)\n           ^^^^^^^^^^^^^^^^^^^^^^^^^^^^^^^^^^\n  File \"/usr/local/lib/python3.11/site-packages/selenium/webdriver/remote/webdriver.py\", line 740, in find_element\n    return self.execute(Command.FIND_ELEMENT, {\"using\": by, \"value\": value})[\"value\"]\n           ^^^^^^^^^^^^^^^^^^^^^^^^^^^^^^^^^^^^^^^^^^^^^^^^^^^^^^^^^^^^^^^^^\n  File \"/usr/local/lib/python3.11/site-packages/selenium/webdriver/remote/webdriver.py\", line 346, in execute\n    self.error_handler.check_response(response)\n  File \"/usr/local/lib/python3.11/site-packages/selenium/webdriver/remote/errorhandler.py\", line 245, in check_response\n    raise exception_class(message, screen, stacktrace)\n","steps":[],"attachments":[],"parameters":[{"name":"amount","value":"149"}],"shouldDisplayMessage":true,"stepsCount":0,"attachmentsCount":0,"hasContent":true,"attachmentStep":false}],"attachments":[{"uid":"64871fd8541b73a4","name":"Screenshot","source":"64871fd8541b73a4.png","type":"image/png","size":5862},{"uid":"25ffbef66d7f67da","name":"HTML source","source":"25ffbef66d7f67da.html","type":"text/html","size":39}],"parameters":[],"shouldDisplayMessage":true,"stepsCount":1,"attachmentsCount":2,"hasContent":true,"attachmentStep":false},"afterStages":[{"name":"driver::0","time":{"start":1709860027812,"stop":1709860027869,"duration":57},"status":"passed","steps":[],"attachments":[],"parameters":[],"shouldDisplayMessage":false,"stepsCount":0,"attachmentsCount":0,"hasContent":false,"attachmentStep":false},{"name":"setup::0","time":{"start":1709860027812,"stop":1709860027812,"duration":0},"status":"passed","steps":[],"attachments":[],"parameters":[],"shouldDisplayMessage":false,"stepsCount":0,"attachmentsCount":0,"hasContent":false,"attachmentStep":false}],"labels":[{"name":"epic","value":"Delivery Page - calculation"},{"name":"tag","value":"smoke"},{"name":"parentSuite","value":"tests.delivery"},{"name":"suite","value":"test_delivery_calculation"},{"name":"subSuite","value":"TestDeliveryPageCalculation"},{"name":"host","value":"68bcef31e6d9"},{"name":"thread","value":"1-MainThread"},{"name":"framework","value":"pytest"},{"name":"language","value":"cpython3"},{"name":"package","value":"tests.delivery.test_delivery_calculation"},{"name":"resultFormat","value":"allure2"}],"parameters":[{"name":"all_time","value":"4490"},{"name":"amount","value":"149"},{"name":"case_id","value":"'TD 008'"},{"name":"in_time","value":"3980"},{"name":"link_item","value":"'products/shtukaturka-gipsovaya-aksolit-m50-30-kg-mashinnogo-naneseniya'"},{"name":"standard","value":"2300"},{"name":"url","value":"'https://sandboxtest.stroyrem-nn.ru/'"},{"name":"weight","value":"4500"}],"links":[],"hidden":false,"retry":false,"extra":{"severity":"normal","retries":[],"categories":[{"name":"Test defects","matchedStatuses":[],"flaky":false}],"history":{"statistic":{"failed":0,"broken":191,"skipped":0,"passed":0,"unknown":0,"total":191},"items":[{"uid":"c6fccc07cd911c05","reportUrl":"https://zaelcovsky.github.io/StroyremAutomation/254//#testresult/c6fccc07cd911c05","status":"broken","statusDetails":"selenium.common.exceptions.NoSuchElementException: Message: no such element: Unable to locate element: {\"method\":\"xpath\",\"selector\":\"(//a[@class='add-to-cart yellow-btn'])[1]\"}\n  (Session info: chrome-headless-shell=122.0.6261.94); For documentation on this error, please visit: https://www.selenium.dev/documentation/webdriver/troubleshooting/errors#no-such-element-exception\nStacktrace:\n#0 0x556ca2c6ce93 <unknown>\n#1 0x556ca2964ce6 <unknown>\n#2 0x556ca29afe48 <unknown>\n#3 0x556ca29aff01 <unknown>\n#4 0x556ca29f33f4 <unknown>\n#5 0x556ca29d1edd <unknown>\n#6 0x556ca29f0899 <unknown>\n#7 0x556ca29d1c53 <unknown>\n#8 0x556ca29a2db3 <unknown>\n#9 0x556ca29a377e <unknown>\n#10 0x556ca2c327cb <unknown>\n#11 0x556ca2c367e5 <unknown>\n#12 0x556ca2c200e1 <unknown>\n#13 0x556ca2c37372 <unknown>\n#14 0x556ca2c041bf <unknown>\n#15 0x556ca2c5b488 <unknown>\n#16 0x556ca2c5b683 <unknown>\n#17 0x556ca2c6c044 <unknown>\n#18 0x7f0393fc8134 <unknown>","time":{"start":1709773129701,"stop":1709773130114,"duration":413}},{"uid":"1f8862563331a100","reportUrl":"https://zaelcovsky.github.io/StroyremAutomation/253//#testresult/1f8862563331a100","status":"broken","statusDetails":"selenium.common.exceptions.NoSuchElementException: Message: no such element: Unable to locate element: {\"method\":\"xpath\",\"selector\":\"(//a[@class='add-to-cart yellow-btn'])[1]\"}\n  (Session info: chrome-headless-shell=122.0.6261.94); For documentation on this error, please visit: https://www.selenium.dev/documentation/webdriver/troubleshooting/errors#no-such-element-exception\nStacktrace:\n#0 0x55b510b99e93 <unknown>\n#1 0x55b510891ce6 <unknown>\n#2 0x55b5108dce48 <unknown>\n#3 0x55b5108dcf01 <unknown>\n#4 0x55b5109203f4 <unknown>\n#5 0x55b5108feedd <unknown>\n#6 0x55b51091d899 <unknown>\n#7 0x55b5108fec53 <unknown>\n#8 0x55b5108cfdb3 <unknown>\n#9 0x55b5108d077e <unknown>\n#10 0x55b510b5f7cb <unknown>\n#11 0x55b510b637e5 <unknown>\n#12 0x55b510b4d0e1 <unknown>\n#13 0x55b510b64372 <unknown>\n#14 0x55b510b311bf <unknown>\n#15 0x55b510b88488 <unknown>\n#16 0x55b510b88683 <unknown>\n#17 0x55b510b99044 <unknown>\n#18 0x7fe1c68e0134 <unknown>","time":{"start":1709687234860,"stop":1709687235270,"duration":410}},{"uid":"91cea2a6cef99cc6","reportUrl":"https://zaelcovsky.github.io/StroyremAutomation/252//#testresult/91cea2a6cef99cc6","status":"broken","statusDetails":"selenium.common.exceptions.NoSuchElementException: Message: no such element: Unable to locate element: {\"method\":\"xpath\",\"selector\":\"(//a[@class='add-to-cart yellow-btn'])[1]\"}\n  (Session info: chrome-headless-shell=122.0.6261.94); For documentation on this error, please visit: https://www.selenium.dev/documentation/webdriver/troubleshooting/errors#no-such-element-exception\nStacktrace:\n#0 0x561a2418ae93 <unknown>\n#1 0x561a23e82ce6 <unknown>\n#2 0x561a23ecde48 <unknown>\n#3 0x561a23ecdf01 <unknown>\n#4 0x561a23f113f4 <unknown>\n#5 0x561a23eefedd <unknown>\n#6 0x561a23f0e899 <unknown>\n#7 0x561a23eefc53 <unknown>\n#8 0x561a23ec0db3 <unknown>\n#9 0x561a23ec177e <unknown>\n#10 0x561a241507cb <unknown>\n#11 0x561a241547e5 <unknown>\n#12 0x561a2413e0e1 <unknown>\n#13 0x561a24155372 <unknown>\n#14 0x561a241221bf <unknown>\n#15 0x561a24179488 <unknown>\n#16 0x561a24179683 <unknown>\n#17 0x561a2418a044 <unknown>\n#18 0x7f03c3bec134 <unknown>","time":{"start":1709600816545,"stop":1709600816956,"duration":411}},{"uid":"3a858f9834357198","reportUrl":"https://zaelcovsky.github.io/StroyremAutomation/251//#testresult/3a858f9834357198","status":"broken","statusDetails":"selenium.common.exceptions.NoSuchElementException: Message: no such element: Unable to locate element: {\"method\":\"xpath\",\"selector\":\"(//a[@class='add-to-cart yellow-btn'])[1]\"}\n  (Session info: chrome-headless-shell=122.0.6261.94); For documentation on this error, please visit: https://www.selenium.dev/documentation/webdriver/troubleshooting/errors#no-such-element-exception\nStacktrace:\n#0 0x562b12a1ae93 <unknown>\n#1 0x562b12712ce6 <unknown>\n#2 0x562b1275de48 <unknown>\n#3 0x562b1275df01 <unknown>\n#4 0x562b127a13f4 <unknown>\n#5 0x562b1277fedd <unknown>\n#6 0x562b1279e899 <unknown>\n#7 0x562b1277fc53 <unknown>\n#8 0x562b12750db3 <unknown>\n#9 0x562b1275177e <unknown>\n#10 0x562b129e07cb <unknown>\n#11 0x562b129e47e5 <unknown>\n#12 0x562b129ce0e1 <unknown>\n#13 0x562b129e5372 <unknown>\n#14 0x562b129b21bf <unknown>\n#15 0x562b12a09488 <unknown>\n#16 0x562b12a09683 <unknown>\n#17 0x562b12a1a044 <unknown>\n#18 0x7f930b738134 <unknown>","time":{"start":1709514471591,"stop":1709514472019,"duration":428}},{"uid":"eb7fc321d1a989d7","reportUrl":"https://zaelcovsky.github.io/StroyremAutomation/250//#testresult/eb7fc321d1a989d7","status":"broken","statusDetails":"selenium.common.exceptions.NoSuchElementException: Message: no such element: Unable to locate element: {\"method\":\"xpath\",\"selector\":\"(//a[@class='add-to-cart yellow-btn'])[1]\"}\n  (Session info: chrome-headless-shell=122.0.6261.94); For documentation on this error, please visit: https://www.selenium.dev/documentation/webdriver/troubleshooting/errors#no-such-element-exception\nStacktrace:\n#0 0x555e52ca2e93 <unknown>\n#1 0x555e5299ace6 <unknown>\n#2 0x555e529e5e48 <unknown>\n#3 0x555e529e5f01 <unknown>\n#4 0x555e52a293f4 <unknown>\n#5 0x555e52a07edd <unknown>\n#6 0x555e52a26899 <unknown>\n#7 0x555e52a07c53 <unknown>\n#8 0x555e529d8db3 <unknown>\n#9 0x555e529d977e <unknown>\n#10 0x555e52c687cb <unknown>\n#11 0x555e52c6c7e5 <unknown>\n#12 0x555e52c560e1 <unknown>\n#13 0x555e52c6d372 <unknown>\n#14 0x555e52c3a1bf <unknown>\n#15 0x555e52c91488 <unknown>\n#16 0x555e52c91683 <unknown>\n#17 0x555e52ca2044 <unknown>\n#18 0x7ff12a807134 <unknown>","time":{"start":1709428288560,"stop":1709428288995,"duration":435}},{"uid":"eec5762abaf92ce6","reportUrl":"https://zaelcovsky.github.io/StroyremAutomation/249//#testresult/eec5762abaf92ce6","status":"broken","statusDetails":"selenium.common.exceptions.NoSuchElementException: Message: no such element: Unable to locate element: {\"method\":\"xpath\",\"selector\":\"(//a[@class='add-to-cart yellow-btn'])[1]\"}\n  (Session info: chrome-headless-shell=122.0.6261.94); For documentation on this error, please visit: https://www.selenium.dev/documentation/webdriver/troubleshooting/errors#no-such-element-exception\nStacktrace:\n#0 0x55edef544e93 <unknown>\n#1 0x55edef23cce6 <unknown>\n#2 0x55edef287e48 <unknown>\n#3 0x55edef287f01 <unknown>\n#4 0x55edef2cb3f4 <unknown>\n#5 0x55edef2a9edd <unknown>\n#6 0x55edef2c8899 <unknown>\n#7 0x55edef2a9c53 <unknown>\n#8 0x55edef27adb3 <unknown>\n#9 0x55edef27b77e <unknown>\n#10 0x55edef50a7cb <unknown>\n#11 0x55edef50e7e5 <unknown>\n#12 0x55edef4f80e1 <unknown>\n#13 0x55edef50f372 <unknown>\n#14 0x55edef4dc1bf <unknown>\n#15 0x55edef533488 <unknown>\n#16 0x55edef533683 <unknown>\n#17 0x55edef544044 <unknown>\n#18 0x7fbc643a2134 <unknown>","time":{"start":1709341633951,"stop":1709341634392,"duration":441}},{"uid":"7d04b9678e4f4cb","reportUrl":"https://zaelcovsky.github.io/StroyremAutomation/248//#testresult/7d04b9678e4f4cb","status":"broken","statusDetails":"selenium.common.exceptions.NoSuchElementException: Message: no such element: Unable to locate element: {\"method\":\"xpath\",\"selector\":\"(//a[@class='add-to-cart yellow-btn'])[1]\"}\n  (Session info: chrome-headless-shell=122.0.6261.94); For documentation on this error, please visit: https://www.selenium.dev/documentation/webdriver/troubleshooting/errors#no-such-element-exception\nStacktrace:\n#0 0x558937421e93 <unknown>\n#1 0x558937119ce6 <unknown>\n#2 0x558937164e48 <unknown>\n#3 0x558937164f01 <unknown>\n#4 0x5589371a83f4 <unknown>\n#5 0x558937186edd <unknown>\n#6 0x5589371a5899 <unknown>\n#7 0x558937186c53 <unknown>\n#8 0x558937157db3 <unknown>\n#9 0x55893715877e <unknown>\n#10 0x5589373e77cb <unknown>\n#11 0x5589373eb7e5 <unknown>\n#12 0x5589373d50e1 <unknown>\n#13 0x5589373ec372 <unknown>\n#14 0x5589373b91bf <unknown>\n#15 0x558937410488 <unknown>\n#16 0x558937410683 <unknown>\n#17 0x558937421044 <unknown>\n#18 0x7f0dddf50134 <unknown>","time":{"start":1709255562475,"stop":1709255562895,"duration":420}},{"uid":"c20d889dde5e23e4","reportUrl":"https://zaelcovsky.github.io/StroyremAutomation/247//#testresult/c20d889dde5e23e4","status":"broken","statusDetails":"selenium.common.exceptions.NoSuchElementException: Message: no such element: Unable to locate element: {\"method\":\"xpath\",\"selector\":\"(//a[@class='add-to-cart yellow-btn'])[1]\"}\n  (Session info: chrome-headless-shell=122.0.6261.94); For documentation on this error, please visit: https://www.selenium.dev/documentation/webdriver/troubleshooting/errors#no-such-element-exception\nStacktrace:\n#0 0x55b9614e5e93 <unknown>\n#1 0x55b9611ddce6 <unknown>\n#2 0x55b961228e48 <unknown>\n#3 0x55b961228f01 <unknown>\n#4 0x55b96126c3f4 <unknown>\n#5 0x55b96124aedd <unknown>\n#6 0x55b961269899 <unknown>\n#7 0x55b96124ac53 <unknown>\n#8 0x55b96121bdb3 <unknown>\n#9 0x55b96121c77e <unknown>\n#10 0x55b9614ab7cb <unknown>\n#11 0x55b9614af7e5 <unknown>\n#12 0x55b9614990e1 <unknown>\n#13 0x55b9614b0372 <unknown>\n#14 0x55b96147d1bf <unknown>\n#15 0x55b9614d4488 <unknown>\n#16 0x55b9614d4683 <unknown>\n#17 0x55b9614e5044 <unknown>\n#18 0x7fa3473eb134 <unknown>","time":{"start":1709168826976,"stop":1709168827526,"duration":550}},{"uid":"8ffcbc295ba41ac6","reportUrl":"https://zaelcovsky.github.io/StroyremAutomation/246//#testresult/8ffcbc295ba41ac6","status":"broken","statusDetails":"selenium.common.exceptions.NoSuchElementException: Message: no such element: Unable to locate element: {\"method\":\"xpath\",\"selector\":\"(//a[@class='add-to-cart yellow-btn'])[1]\"}\n  (Session info: chrome-headless-shell=122.0.6261.94); For documentation on this error, please visit: https://www.selenium.dev/documentation/webdriver/troubleshooting/errors#no-such-element-exception\nStacktrace:\n#0 0x555b9dc5fe93 <unknown>\n#1 0x555b9d957ce6 <unknown>\n#2 0x555b9d9a2e48 <unknown>\n#3 0x555b9d9a2f01 <unknown>\n#4 0x555b9d9e63f4 <unknown>\n#5 0x555b9d9c4edd <unknown>\n#6 0x555b9d9e3899 <unknown>\n#7 0x555b9d9c4c53 <unknown>\n#8 0x555b9d995db3 <unknown>\n#9 0x555b9d99677e <unknown>\n#10 0x555b9dc257cb <unknown>\n#11 0x555b9dc297e5 <unknown>\n#12 0x555b9dc130e1 <unknown>\n#13 0x555b9dc2a372 <unknown>\n#14 0x555b9dbf71bf <unknown>\n#15 0x555b9dc4e488 <unknown>\n#16 0x555b9dc4e683 <unknown>\n#17 0x555b9dc5f044 <unknown>\n#18 0x7f9064915134 <unknown>","time":{"start":1709082444506,"stop":1709082444966,"duration":460}},{"uid":"2eec4b78cd81301c","reportUrl":"https://zaelcovsky.github.io/StroyremAutomation/245//#testresult/2eec4b78cd81301c","status":"broken","statusDetails":"selenium.common.exceptions.NoSuchElementException: Message: no such element: Unable to locate element: {\"method\":\"xpath\",\"selector\":\"(//a[@class='add-to-cart yellow-btn'])[1]\"}\n  (Session info: chrome-headless-shell=122.0.6261.69); For documentation on this error, please visit: https://www.selenium.dev/documentation/webdriver/troubleshooting/errors#no-such-element-exception\nStacktrace:\n#0 0x560bb0943793 <unknown>\n#1 0x560bb06371c6 <unknown>\n#2 0x560bb0682358 <unknown>\n#3 0x560bb0682411 <unknown>\n#4 0x560bb06c5934 <unknown>\n#5 0x560bb06a43fd <unknown>\n#6 0x560bb06c2dd9 <unknown>\n#7 0x560bb06a4173 <unknown>\n#8 0x560bb06752d3 <unknown>\n#9 0x560bb0675c9e <unknown>\n#10 0x560bb09078cb <unknown>\n#11 0x560bb090b745 <unknown>\n#12 0x560bb08f42e1 <unknown>\n#13 0x560bb090c2d2 <unknown>\n#14 0x560bb08d817f <unknown>\n#15 0x560bb0931dc8 <unknown>\n#16 0x560bb0931fc3 <unknown>\n#17 0x560bb0942944 <unknown>\n#18 0x7f4f73f58134 <unknown>","time":{"start":1708996071520,"stop":1708996071911,"duration":391}},{"uid":"9553a87a18a13247","reportUrl":"https://zaelcovsky.github.io/StroyremAutomation/244//#testresult/9553a87a18a13247","status":"broken","statusDetails":"selenium.common.exceptions.NoSuchElementException: Message: no such element: Unable to locate element: {\"method\":\"xpath\",\"selector\":\"(//a[@class='add-to-cart yellow-btn'])[1]\"}\n  (Session info: chrome-headless-shell=122.0.6261.69); For documentation on this error, please visit: https://www.selenium.dev/documentation/webdriver/troubleshooting/errors#no-such-element-exception\nStacktrace:\n#0 0x558816249793 <unknown>\n#1 0x558815f3d1c6 <unknown>\n#2 0x558815f88358 <unknown>\n#3 0x558815f88411 <unknown>\n#4 0x558815fcb934 <unknown>\n#5 0x558815faa3fd <unknown>\n#6 0x558815fc8dd9 <unknown>\n#7 0x558815faa173 <unknown>\n#8 0x558815f7b2d3 <unknown>\n#9 0x558815f7bc9e <unknown>\n#10 0x55881620d8cb <unknown>\n#11 0x558816211745 <unknown>\n#12 0x5588161fa2e1 <unknown>\n#13 0x5588162122d2 <unknown>\n#14 0x5588161de17f <unknown>\n#15 0x558816237dc8 <unknown>\n#16 0x558816237fc3 <unknown>\n#17 0x558816248944 <unknown>\n#18 0x7f8b2ea54134 <unknown>","time":{"start":1708909694704,"stop":1708909695261,"duration":557}},{"uid":"a3dd6d84c33b979f","reportUrl":"https://zaelcovsky.github.io/StroyremAutomation/243//#testresult/a3dd6d84c33b979f","status":"broken","statusDetails":"selenium.common.exceptions.NoSuchElementException: Message: no such element: Unable to locate element: {\"method\":\"xpath\",\"selector\":\"(//a[@class='add-to-cart yellow-btn'])[1]\"}\n  (Session info: chrome-headless-shell=122.0.6261.69); For documentation on this error, please visit: https://www.selenium.dev/documentation/webdriver/troubleshooting/errors#no-such-element-exception\nStacktrace:\n#0 0x562945041793 <unknown>\n#1 0x562944d351c6 <unknown>\n#2 0x562944d80358 <unknown>\n#3 0x562944d80411 <unknown>\n#4 0x562944dc3934 <unknown>\n#5 0x562944da23fd <unknown>\n#6 0x562944dc0dd9 <unknown>\n#7 0x562944da2173 <unknown>\n#8 0x562944d732d3 <unknown>\n#9 0x562944d73c9e <unknown>\n#10 0x5629450058cb <unknown>\n#11 0x562945009745 <unknown>\n#12 0x562944ff22e1 <unknown>\n#13 0x56294500a2d2 <unknown>\n#14 0x562944fd617f <unknown>\n#15 0x56294502fdc8 <unknown>\n#16 0x56294502ffc3 <unknown>\n#17 0x562945040944 <unknown>\n#18 0x7f8fa64eb134 <unknown>","time":{"start":1708823478738,"stop":1708823479041,"duration":303}},{"uid":"6609e124e60c2d13","reportUrl":"https://zaelcovsky.github.io/StroyremAutomation/242//#testresult/6609e124e60c2d13","status":"broken","statusDetails":"selenium.common.exceptions.NoSuchElementException: Message: no such element: Unable to locate element: {\"method\":\"xpath\",\"selector\":\"(//a[@class='add-to-cart yellow-btn'])[1]\"}\n  (Session info: chrome-headless-shell=122.0.6261.69); For documentation on this error, please visit: https://www.selenium.dev/documentation/webdriver/troubleshooting/errors#no-such-element-exception\nStacktrace:\n#0 0x55c116734793 <unknown>\n#1 0x55c1164281c6 <unknown>\n#2 0x55c116473358 <unknown>\n#3 0x55c116473411 <unknown>\n#4 0x55c1164b6934 <unknown>\n#5 0x55c1164953fd <unknown>\n#6 0x55c1164b3dd9 <unknown>\n#7 0x55c116495173 <unknown>\n#8 0x55c1164662d3 <unknown>\n#9 0x55c116466c9e <unknown>\n#10 0x55c1166f88cb <unknown>\n#11 0x55c1166fc745 <unknown>\n#12 0x55c1166e52e1 <unknown>\n#13 0x55c1166fd2d2 <unknown>\n#14 0x55c1166c917f <unknown>\n#15 0x55c116722dc8 <unknown>\n#16 0x55c116722fc3 <unknown>\n#17 0x55c116733944 <unknown>\n#18 0x7f9b42dec134 <unknown>","time":{"start":1708736778156,"stop":1708736778918,"duration":762}},{"uid":"c54b1967c7a1a8be","reportUrl":"https://zaelcovsky.github.io/StroyremAutomation/241//#testresult/c54b1967c7a1a8be","status":"broken","statusDetails":"selenium.common.exceptions.NoSuchElementException: Message: no such element: Unable to locate element: {\"method\":\"xpath\",\"selector\":\"(//a[@class='add-to-cart yellow-btn'])[1]\"}\n  (Session info: chrome-headless-shell=122.0.6261.69); For documentation on this error, please visit: https://www.selenium.dev/documentation/webdriver/troubleshooting/errors#no-such-element-exception\nStacktrace:\n#0 0x55a184eb6793 <unknown>\n#1 0x55a184baa1c6 <unknown>\n#2 0x55a184bf5358 <unknown>\n#3 0x55a184bf5411 <unknown>\n#4 0x55a184c38934 <unknown>\n#5 0x55a184c173fd <unknown>\n#6 0x55a184c35dd9 <unknown>\n#7 0x55a184c17173 <unknown>\n#8 0x55a184be82d3 <unknown>\n#9 0x55a184be8c9e <unknown>\n#10 0x55a184e7a8cb <unknown>\n#11 0x55a184e7e745 <unknown>\n#12 0x55a184e672e1 <unknown>\n#13 0x55a184e7f2d2 <unknown>\n#14 0x55a184e4b17f <unknown>\n#15 0x55a184ea4dc8 <unknown>\n#16 0x55a184ea4fc3 <unknown>\n#17 0x55a184eb5944 <unknown>\n#18 0x7fcb4b403134 <unknown>","time":{"start":1708650377532,"stop":1708650377943,"duration":411}},{"uid":"b1281a3f60e76c84","reportUrl":"https://zaelcovsky.github.io/StroyremAutomation/240//#testresult/b1281a3f60e76c84","status":"broken","statusDetails":"selenium.common.exceptions.NoSuchElementException: Message: no such element: Unable to locate element: {\"method\":\"xpath\",\"selector\":\"(//a[@class='add-to-cart yellow-btn'])[1]\"}\n  (Session info: chrome-headless-shell=122.0.6261.57); For documentation on this error, please visit: https://www.selenium.dev/documentation/webdriver/troubleshooting/errors#no-such-element-exception\nStacktrace:\n#0 0x55694ecd87d3 <unknown>\n#1 0x55694e9cc1c6 <unknown>\n#2 0x55694ea17358 <unknown>\n#3 0x55694ea17411 <unknown>\n#4 0x55694ea5a934 <unknown>\n#5 0x55694ea393fd <unknown>\n#6 0x55694ea57dd9 <unknown>\n#7 0x55694ea39173 <unknown>\n#8 0x55694ea0a2d3 <unknown>\n#9 0x55694ea0ac9e <unknown>\n#10 0x55694ec9c90b <unknown>\n#11 0x55694eca0785 <unknown>\n#12 0x55694ec89321 <unknown>\n#13 0x55694eca1312 <unknown>\n#14 0x55694ec6d1bf <unknown>\n#15 0x55694ecc6e08 <unknown>\n#16 0x55694ecc7003 <unknown>\n#17 0x55694ecd7984 <unknown>\n#18 0x7f80829ed134 <unknown>","time":{"start":1708564014699,"stop":1708564015115,"duration":416}},{"uid":"3fe1dfa364fb90d2","reportUrl":"https://zaelcovsky.github.io/StroyremAutomation/239//#testresult/3fe1dfa364fb90d2","status":"broken","statusDetails":"selenium.common.exceptions.NoSuchElementException: Message: no such element: Unable to locate element: {\"method\":\"xpath\",\"selector\":\"(//a[@class='add-to-cart yellow-btn'])[1]\"}\n  (Session info: chrome-headless-shell=122.0.6261.57); For documentation on this error, please visit: https://www.selenium.dev/documentation/webdriver/troubleshooting/errors#no-such-element-exception\nStacktrace:\n#0 0x56163f3087d3 <unknown>\n#1 0x56163effc1c6 <unknown>\n#2 0x56163f047358 <unknown>\n#3 0x56163f047411 <unknown>\n#4 0x56163f08a934 <unknown>\n#5 0x56163f0693fd <unknown>\n#6 0x56163f087dd9 <unknown>\n#7 0x56163f069173 <unknown>\n#8 0x56163f03a2d3 <unknown>\n#9 0x56163f03ac9e <unknown>\n#10 0x56163f2cc90b <unknown>\n#11 0x56163f2d0785 <unknown>\n#12 0x56163f2b9321 <unknown>\n#13 0x56163f2d1312 <unknown>\n#14 0x56163f29d1bf <unknown>\n#15 0x56163f2f6e08 <unknown>\n#16 0x56163f2f7003 <unknown>\n#17 0x56163f307984 <unknown>\n#18 0x7efee4365134 <unknown>","time":{"start":1708477672231,"stop":1708477672639,"duration":408}},{"uid":"4ae8aeecab19d92b","reportUrl":"https://zaelcovsky.github.io/StroyremAutomation/238//#testresult/4ae8aeecab19d92b","status":"broken","statusDetails":"selenium.common.exceptions.NoSuchElementException: Message: no such element: Unable to locate element: {\"method\":\"xpath\",\"selector\":\"(//a[@class='add-to-cart yellow-btn'])[1]\"}\n  (Session info: chrome-headless-shell=121.0.6167.184); For documentation on this error, please visit: https://www.selenium.dev/documentation/webdriver/troubleshooting/errors#no-such-element-exception\nStacktrace:\n#0 0x55f6910ab303 <unknown>\n#1 0x55f690d902b7 <unknown>\n#2 0x55f690ddbcc0 <unknown>\n#3 0x55f690ddbdb1 <unknown>\n#4 0x55f690e1fb44 <unknown>\n#5 0x55f690dfe3ad <unknown>\n#6 0x55f690e1d07c <unknown>\n#7 0x55f690dfe123 <unknown>\n#8 0x55f690dce095 <unknown>\n#9 0x55f690dcf09e <unknown>\n#10 0x55f69106f6ab <unknown>\n#11 0x55f6910734ba <unknown>\n#12 0x55f69105bf85 <unknown>\n#13 0x55f69107412f <unknown>\n#14 0x55f69103fe6f <unknown>\n#15 0x55f6910985f8 <unknown>\n#16 0x55f6910987c2 <unknown>\n#17 0x55f6910aa4a4 <unknown>\n#18 0x7f3e974db134 <unknown>","time":{"start":1708391206680,"stop":1708391207017,"duration":337}},{"uid":"30a7300aade7db6f","reportUrl":"https://zaelcovsky.github.io/StroyremAutomation/237//#testresult/30a7300aade7db6f","status":"broken","statusDetails":"selenium.common.exceptions.NoSuchElementException: Message: no such element: Unable to locate element: {\"method\":\"xpath\",\"selector\":\"(//a[@class='add-to-cart yellow-btn'])[1]\"}\n  (Session info: chrome-headless-shell=121.0.6167.184); For documentation on this error, please visit: https://www.selenium.dev/documentation/webdriver/troubleshooting/errors#no-such-element-exception\nStacktrace:\n#0 0x5570065e7303 <unknown>\n#1 0x5570062cc2b7 <unknown>\n#2 0x557006317cc0 <unknown>\n#3 0x557006317db1 <unknown>\n#4 0x55700635bb44 <unknown>\n#5 0x55700633a3ad <unknown>\n#6 0x55700635907c <unknown>\n#7 0x55700633a123 <unknown>\n#8 0x55700630a095 <unknown>\n#9 0x55700630b09e <unknown>\n#10 0x5570065ab6ab <unknown>\n#11 0x5570065af4ba <unknown>\n#12 0x557006597f85 <unknown>\n#13 0x5570065b012f <unknown>\n#14 0x55700657be6f <unknown>\n#15 0x5570065d45f8 <unknown>\n#16 0x5570065d47c2 <unknown>\n#17 0x5570065e64a4 <unknown>\n#18 0x7f9796f92134 <unknown>","time":{"start":1708305013769,"stop":1708305014205,"duration":436}},{"uid":"1d3a7a232687112c","reportUrl":"https://zaelcovsky.github.io/StroyremAutomation/236//#testresult/1d3a7a232687112c","status":"broken","statusDetails":"selenium.common.exceptions.NoSuchElementException: Message: no such element: Unable to locate element: {\"method\":\"xpath\",\"selector\":\"(//a[@class='add-to-cart yellow-btn'])[1]\"}\n  (Session info: chrome-headless-shell=121.0.6167.184); For documentation on this error, please visit: https://www.selenium.dev/documentation/webdriver/troubleshooting/errors#no-such-element-exception\nStacktrace:\n#0 0x55c4b3db6303 <unknown>\n#1 0x55c4b3a9b2b7 <unknown>\n#2 0x55c4b3ae6cc0 <unknown>\n#3 0x55c4b3ae6db1 <unknown>\n#4 0x55c4b3b2ab44 <unknown>\n#5 0x55c4b3b093ad <unknown>\n#6 0x55c4b3b2807c <unknown>\n#7 0x55c4b3b09123 <unknown>\n#8 0x55c4b3ad9095 <unknown>\n#9 0x55c4b3ada09e <unknown>\n#10 0x55c4b3d7a6ab <unknown>\n#11 0x55c4b3d7e4ba <unknown>\n#12 0x55c4b3d66f85 <unknown>\n#13 0x55c4b3d7f12f <unknown>\n#14 0x55c4b3d4ae6f <unknown>\n#15 0x55c4b3da35f8 <unknown>\n#16 0x55c4b3da37c2 <unknown>\n#17 0x55c4b3db54a4 <unknown>\n#18 0x7f0b4ea91134 <unknown>","time":{"start":1708218701130,"stop":1708218701473,"duration":343}},{"uid":"34fb9d95e528b5ff","reportUrl":"https://zaelcovsky.github.io/StroyremAutomation/235//#testresult/34fb9d95e528b5ff","status":"broken","statusDetails":"selenium.common.exceptions.NoSuchElementException: Message: no such element: Unable to locate element: {\"method\":\"xpath\",\"selector\":\"(//a[@class='add-to-cart yellow-btn'])[1]\"}\n  (Session info: chrome-headless-shell=121.0.6167.184); For documentation on this error, please visit: https://www.selenium.dev/documentation/webdriver/troubleshooting/errors#no-such-element-exception\nStacktrace:\n#0 0x564b28ee1303 <unknown>\n#1 0x564b28bc62b7 <unknown>\n#2 0x564b28c11cc0 <unknown>\n#3 0x564b28c11db1 <unknown>\n#4 0x564b28c55b44 <unknown>\n#5 0x564b28c343ad <unknown>\n#6 0x564b28c5307c <unknown>\n#7 0x564b28c34123 <unknown>\n#8 0x564b28c04095 <unknown>\n#9 0x564b28c0509e <unknown>\n#10 0x564b28ea56ab <unknown>\n#11 0x564b28ea94ba <unknown>\n#12 0x564b28e91f85 <unknown>\n#13 0x564b28eaa12f <unknown>\n#14 0x564b28e75e6f <unknown>\n#15 0x564b28ece5f8 <unknown>\n#16 0x564b28ece7c2 <unknown>\n#17 0x564b28ee04a4 <unknown>\n#18 0x7f9bdebca134 <unknown>","time":{"start":1708131996478,"stop":1708131997018,"duration":540}}]},"tags":["smoke"]},"source":"26a46e16217416cd.json","parameterValues":["4490","149","'TD 008'","3980","'products/shtukaturka-gipsovaya-aksolit-m50-30-kg-mashinnogo-naneseniya'","2300","'https://sandboxtest.stroyrem-nn.ru/'","4500"]}