{"uid":"148570e51b9bd73c","name":"test_positive_delivery_green_zone_smoke[TD 004-products/shtukaturka-gipsovaya-aksolit-m50-30-kg-mashinnogo-naneseniya-13-400-450-1590-2190-https://sandboxtest.stroyrem-nn.ru/]","fullName":"tests.delivery.test_delivery_calculation.TestDeliveryPageCalculation#test_positive_delivery_green_zone_smoke","historyId":"ce812b2a55ed9f6130bedf202fa509e3","time":{"start":1700269890099,"stop":1700269894907,"duration":4808},"status":"broken","statusMessage":"selenium.common.exceptions.NoSuchElementException: Message: no such element: Unable to locate element: {\"method\":\"xpath\",\"selector\":\"//input[@class='amount']\"}\n  (Session info: headless chrome=119.0.6045.105); For documentation on this error, please visit: https://www.selenium.dev/documentation/webdriver/troubleshooting/errors#no-such-element-exception\nStacktrace:\n#0 0x56041ab575e3 <unknown>\n#1 0x56041a81a0b7 <unknown>\n#2 0x56041a867f53 <unknown>\n#3 0x56041a868051 <unknown>\n#4 0x56041a8ad9c4 <unknown>\n#5 0x56041a88ef1d <unknown>\n#6 0x56041a8aab3d <unknown>\n#7 0x56041a88ecc3 <unknown>\n#8 0x56041a85a0e4 <unknown>\n#9 0x56041a85b0ae <unknown>\n#10 0x56041ab1dce1 <unknown>\n#11 0x56041ab21b7e <unknown>\n#12 0x56041ab0b4b5 <unknown>\n#13 0x56041ab227d6 <unknown>\n#14 0x56041aaeedbf <unknown>\n#15 0x56041ab45748 <unknown>\n#16 0x56041ab45917 <unknown>\n#17 0x56041ab56773 <unknown>\n#18 0x7f0714619044 <unknown>","statusTrace":"self = <tests.delivery.test_delivery_calculation.TestDeliveryPageCalculation object at 0x7f704260c210>\ndriver = <selenium.webdriver.chrome.webdriver.WebDriver (session=\"b435d92f2edba61d07c03f75985811f6\")>\nurl = 'https://sandboxtest.stroyrem-nn.ru/', case_id = 'TD 004'\nlink_item = 'products/shtukaturka-gipsovaya-aksolit-m50-30-kg-mashinnogo-naneseniya'\namount = 13, weight = 400, standard = 450, in_time = 1590, all_time = 2190\n\n    @pytest.mark.parametrize('case_id, link_item, amount, weight, standard, in_time, all_time', [\n        (\"TD 001\", uroven_3000, 1, 30, 0, 1590, 2190),\n        (\"TD 002\", bundeks_25, 1, 30, 400, 1590, 2190),\n        (\"TD 003\", aksolit_30, 8, 300, 400, 1590, 2190),\n        (\"TD 004\", aksolit_30, 13, 400, 450, 1590, 2190),\n        (\"TD 005\", aksolit_30, 16, 500, 600, 1590, 2190),\n        (\"TD 006\", aksolit_30, 25, 1700, 990, 1990, 2480),\n        (\"TD 007\", aksolit_30, 66, 2000, 1300, 2490, 2980),\n        (\"TD 008\", aksolit_30, 149, 4500, 2300, 3980, 4490),\n        (\"TD 009\", aksolit_30, 166, 5000, 2500, 4990, 5480),\n        pytest.param(\n            \"TD 010\", aksolit_30, 206, 6200, 2900, 5570, 6120,\n            marks=pytest.mark.xfail(reson=\"Цена доставки 3600 7960 8980\")\n        ),\n        (\"TD 011\", aksolit_30, 299, 9000, 3600, 7960, 8980),\n        (\"TD 012\", aksolit_30, 333, 10000, 4450, 11990, 12500),\n        pytest.param(\n            \"TD 013\", aksolit_30, 366, 11000, 4800, 12450, 13480,\n            marks=pytest.mark.xfail(reason=\"Цена стандартной доставки 4450\")\n        ),\n        pytest.param(\n            \"TD 014\", aksolit_30, 666, 20000, 5400, 15600, 17490,\n            marks=pytest.mark.xfail(reason=\"Цена стандартной доставки 4450\")\n        )\n    ])\n    @pytest.mark.smoke\n    def test_positive_delivery_green_zone_smoke(\n            self, driver, url, case_id, link_item, amount, weight, standard, in_time, all_time\n    ):\n    \n        driver.get(f'{url}{link_item}')\n        item_page = ItemPage(driver)\n>       item_page.add_item_to_cart(amount).click_on_cart()\n\ntests/delivery/test_delivery_calculation.py:49: \n_ _ _ _ _ _ _ _ _ _ _ _ _ _ _ _ _ _ _ _ _ _ _ _ _ _ _ _ _ _ _ _ _ _ _ _ _ _ _ _ \npages/item_page.py:41: in add_item_to_cart\n    amount_field = self.find_element(self._item_amount)\nbase/seleniumbase.py:17: in find_element\n    return self.driver.find_element(*locator)\n/usr/local/lib/python3.11/site-packages/selenium/webdriver/remote/webdriver.py:740: in find_element\n    return self.execute(Command.FIND_ELEMENT, {\"using\": by, \"value\": value})[\"value\"]\n/usr/local/lib/python3.11/site-packages/selenium/webdriver/remote/webdriver.py:346: in execute\n    self.error_handler.check_response(response)\n_ _ _ _ _ _ _ _ _ _ _ _ _ _ _ _ _ _ _ _ _ _ _ _ _ _ _ _ _ _ _ _ _ _ _ _ _ _ _ _ \n\nself = <selenium.webdriver.remote.errorhandler.ErrorHandler object at 0x7f70430a2e10>\nresponse = {'status': 404, 'value': '{\"value\":{\"error\":\"no such element\",\"message\":\"no such element: Unable to locate element: {\\...\\\\n#16 0x56041ab45917 \\\\u003Cunknown>\\\\n#17 0x56041ab56773 \\\\u003Cunknown>\\\\n#18 0x7f0714619044 \\\\u003Cunknown>\\\\n\"}}'}\n\n    def check_response(self, response: Dict[str, Any]) -> None:\n        \"\"\"Checks that a JSON response from the WebDriver does not have an\n        error.\n    \n        :Args:\n         - response - The JSON response from the WebDriver server as a dictionary\n           object.\n    \n        :Raises: If the response contains an error message.\n        \"\"\"\n        status = response.get(\"status\", None)\n        if not status or status == ErrorCode.SUCCESS:\n            return\n        value = None\n        message = response.get(\"message\", \"\")\n        screen: str = response.get(\"screen\", \"\")\n        stacktrace = None\n        if isinstance(status, int):\n            value_json = response.get(\"value\", None)\n            if value_json and isinstance(value_json, str):\n                import json\n    \n                try:\n                    value = json.loads(value_json)\n                    if len(value) == 1:\n                        value = value[\"value\"]\n                    status = value.get(\"error\", None)\n                    if not status:\n                        status = value.get(\"status\", ErrorCode.UNKNOWN_ERROR)\n                        message = value.get(\"value\") or value.get(\"message\")\n                        if not isinstance(message, str):\n                            value = message\n                            message = message.get(\"message\")\n                    else:\n                        message = value.get(\"message\", None)\n                except ValueError:\n                    pass\n    \n        exception_class: Type[WebDriverException]\n        if status in ErrorCode.NO_SUCH_ELEMENT:\n            exception_class = NoSuchElementException\n        elif status in ErrorCode.NO_SUCH_FRAME:\n            exception_class = NoSuchFrameException\n        elif status in ErrorCode.NO_SUCH_SHADOW_ROOT:\n            exception_class = NoSuchShadowRootException\n        elif status in ErrorCode.NO_SUCH_WINDOW:\n            exception_class = NoSuchWindowException\n        elif status in ErrorCode.STALE_ELEMENT_REFERENCE:\n            exception_class = StaleElementReferenceException\n        elif status in ErrorCode.ELEMENT_NOT_VISIBLE:\n            exception_class = ElementNotVisibleException\n        elif status in ErrorCode.INVALID_ELEMENT_STATE:\n            exception_class = InvalidElementStateException\n        elif (\n            status in ErrorCode.INVALID_SELECTOR\n            or status in ErrorCode.INVALID_XPATH_SELECTOR\n            or status in ErrorCode.INVALID_XPATH_SELECTOR_RETURN_TYPER\n        ):\n            exception_class = InvalidSelectorException\n        elif status in ErrorCode.ELEMENT_IS_NOT_SELECTABLE:\n            exception_class = ElementNotSelectableException\n        elif status in ErrorCode.ELEMENT_NOT_INTERACTABLE:\n            exception_class = ElementNotInteractableException\n        elif status in ErrorCode.INVALID_COOKIE_DOMAIN:\n            exception_class = InvalidCookieDomainException\n        elif status in ErrorCode.UNABLE_TO_SET_COOKIE:\n            exception_class = UnableToSetCookieException\n        elif status in ErrorCode.TIMEOUT:\n            exception_class = TimeoutException\n        elif status in ErrorCode.SCRIPT_TIMEOUT:\n            exception_class = TimeoutException\n        elif status in ErrorCode.UNKNOWN_ERROR:\n            exception_class = WebDriverException\n        elif status in ErrorCode.UNEXPECTED_ALERT_OPEN:\n            exception_class = UnexpectedAlertPresentException\n        elif status in ErrorCode.NO_ALERT_OPEN:\n            exception_class = NoAlertPresentException\n        elif status in ErrorCode.IME_NOT_AVAILABLE:\n            exception_class = ImeNotAvailableException\n        elif status in ErrorCode.IME_ENGINE_ACTIVATION_FAILED:\n            exception_class = ImeActivationFailedException\n        elif status in ErrorCode.MOVE_TARGET_OUT_OF_BOUNDS:\n            exception_class = MoveTargetOutOfBoundsException\n        elif status in ErrorCode.JAVASCRIPT_ERROR:\n            exception_class = JavascriptException\n        elif status in ErrorCode.SESSION_NOT_CREATED:\n            exception_class = SessionNotCreatedException\n        elif status in ErrorCode.INVALID_ARGUMENT:\n            exception_class = InvalidArgumentException\n        elif status in ErrorCode.NO_SUCH_COOKIE:\n            exception_class = NoSuchCookieException\n        elif status in ErrorCode.UNABLE_TO_CAPTURE_SCREEN:\n            exception_class = ScreenshotException\n        elif status in ErrorCode.ELEMENT_CLICK_INTERCEPTED:\n            exception_class = ElementClickInterceptedException\n        elif status in ErrorCode.INSECURE_CERTIFICATE:\n            exception_class = InsecureCertificateException\n        elif status in ErrorCode.INVALID_COORDINATES:\n            exception_class = InvalidCoordinatesException\n        elif status in ErrorCode.INVALID_SESSION_ID:\n            exception_class = InvalidSessionIdException\n        elif status in ErrorCode.UNKNOWN_METHOD:\n            exception_class = UnknownMethodException\n        else:\n            exception_class = WebDriverException\n        if not value:\n            value = response[\"value\"]\n        if isinstance(value, str):\n            raise exception_class(value)\n        if message == \"\" and \"message\" in value:\n            message = value[\"message\"]\n    \n        screen = None  # type: ignore[assignment]\n        if \"screen\" in value:\n            screen = value[\"screen\"]\n    \n        stacktrace = None\n        st_value = value.get(\"stackTrace\") or value.get(\"stacktrace\")\n        if st_value:\n            if isinstance(st_value, str):\n                stacktrace = st_value.split(\"\\n\")\n            else:\n                stacktrace = []\n                try:\n                    for frame in st_value:\n                        line = frame.get(\"lineNumber\", \"\")\n                        file = frame.get(\"fileName\", \"<anonymous>\")\n                        if line:\n                            file = f\"{file}:{line}\"\n                        meth = frame.get(\"methodName\", \"<anonymous>\")\n                        if \"className\" in frame:\n                            meth = f\"{frame['className']}.{meth}\"\n                        msg = \"    at %s (%s)\"\n                        msg = msg % (meth, file)\n                        stacktrace.append(msg)\n                except TypeError:\n                    pass\n        if exception_class == UnexpectedAlertPresentException:\n            alert_text = None\n            if \"data\" in value:\n                alert_text = value[\"data\"].get(\"text\")\n            elif \"alert\" in value:\n                alert_text = value[\"alert\"].get(\"text\")\n            raise exception_class(message, screen, stacktrace, alert_text)  # type: ignore[call-arg]  # mypy is not smart enough here\n>       raise exception_class(message, screen, stacktrace)\nE       selenium.common.exceptions.NoSuchElementException: Message: no such element: Unable to locate element: {\"method\":\"xpath\",\"selector\":\"//input[@class='amount']\"}\nE         (Session info: headless chrome=119.0.6045.105); For documentation on this error, please visit: https://www.selenium.dev/documentation/webdriver/troubleshooting/errors#no-such-element-exception\nE       Stacktrace:\nE       #0 0x56041ab575e3 <unknown>\nE       #1 0x56041a81a0b7 <unknown>\nE       #2 0x56041a867f53 <unknown>\nE       #3 0x56041a868051 <unknown>\nE       #4 0x56041a8ad9c4 <unknown>\nE       #5 0x56041a88ef1d <unknown>\nE       #6 0x56041a8aab3d <unknown>\nE       #7 0x56041a88ecc3 <unknown>\nE       #8 0x56041a85a0e4 <unknown>\nE       #9 0x56041a85b0ae <unknown>\nE       #10 0x56041ab1dce1 <unknown>\nE       #11 0x56041ab21b7e <unknown>\nE       #12 0x56041ab0b4b5 <unknown>\nE       #13 0x56041ab227d6 <unknown>\nE       #14 0x56041aaeedbf <unknown>\nE       #15 0x56041ab45748 <unknown>\nE       #16 0x56041ab45917 <unknown>\nE       #17 0x56041ab56773 <unknown>\nE       #18 0x7f0714619044 <unknown>\n\n/usr/local/lib/python3.11/site-packages/selenium/webdriver/remote/errorhandler.py:245: NoSuchElementException","flaky":false,"newFailed":false,"newBroken":false,"newPassed":false,"retriesCount":0,"retriesStatusChange":false,"beforeStages":[{"name":"_session_faker","time":{"start":1700269410193,"stop":1700269410260,"duration":67},"status":"passed","steps":[],"attachments":[],"parameters":[],"shouldDisplayMessage":false,"stepsCount":0,"attachmentsCount":0,"hasContent":false},{"name":"clear_allure_results_folder","time":{"start":1700269410260,"stop":1700269410260,"duration":0},"status":"passed","steps":[],"attachments":[],"parameters":[],"shouldDisplayMessage":false,"stepsCount":0,"attachmentsCount":0,"hasContent":false},{"name":"driver","time":{"start":1700269889368,"stop":1700269890098,"duration":730},"status":"passed","steps":[],"attachments":[],"parameters":[],"shouldDisplayMessage":false,"stepsCount":0,"attachmentsCount":0,"hasContent":false},{"name":"setup","time":{"start":1700269890098,"stop":1700269890098,"duration":0},"status":"passed","steps":[],"attachments":[],"parameters":[],"shouldDisplayMessage":false,"stepsCount":0,"attachmentsCount":0,"hasContent":false}],"testStage":{"status":"broken","statusMessage":"selenium.common.exceptions.NoSuchElementException: Message: no such element: Unable to locate element: {\"method\":\"xpath\",\"selector\":\"//input[@class='amount']\"}\n  (Session info: headless chrome=119.0.6045.105); For documentation on this error, please visit: https://www.selenium.dev/documentation/webdriver/troubleshooting/errors#no-such-element-exception\nStacktrace:\n#0 0x56041ab575e3 <unknown>\n#1 0x56041a81a0b7 <unknown>\n#2 0x56041a867f53 <unknown>\n#3 0x56041a868051 <unknown>\n#4 0x56041a8ad9c4 <unknown>\n#5 0x56041a88ef1d <unknown>\n#6 0x56041a8aab3d <unknown>\n#7 0x56041a88ecc3 <unknown>\n#8 0x56041a85a0e4 <unknown>\n#9 0x56041a85b0ae <unknown>\n#10 0x56041ab1dce1 <unknown>\n#11 0x56041ab21b7e <unknown>\n#12 0x56041ab0b4b5 <unknown>\n#13 0x56041ab227d6 <unknown>\n#14 0x56041aaeedbf <unknown>\n#15 0x56041ab45748 <unknown>\n#16 0x56041ab45917 <unknown>\n#17 0x56041ab56773 <unknown>\n#18 0x7f0714619044 <unknown>","statusTrace":"self = <tests.delivery.test_delivery_calculation.TestDeliveryPageCalculation object at 0x7f704260c210>\ndriver = <selenium.webdriver.chrome.webdriver.WebDriver (session=\"b435d92f2edba61d07c03f75985811f6\")>\nurl = 'https://sandboxtest.stroyrem-nn.ru/', case_id = 'TD 004'\nlink_item = 'products/shtukaturka-gipsovaya-aksolit-m50-30-kg-mashinnogo-naneseniya'\namount = 13, weight = 400, standard = 450, in_time = 1590, all_time = 2190\n\n    @pytest.mark.parametrize('case_id, link_item, amount, weight, standard, in_time, all_time', [\n        (\"TD 001\", uroven_3000, 1, 30, 0, 1590, 2190),\n        (\"TD 002\", bundeks_25, 1, 30, 400, 1590, 2190),\n        (\"TD 003\", aksolit_30, 8, 300, 400, 1590, 2190),\n        (\"TD 004\", aksolit_30, 13, 400, 450, 1590, 2190),\n        (\"TD 005\", aksolit_30, 16, 500, 600, 1590, 2190),\n        (\"TD 006\", aksolit_30, 25, 1700, 990, 1990, 2480),\n        (\"TD 007\", aksolit_30, 66, 2000, 1300, 2490, 2980),\n        (\"TD 008\", aksolit_30, 149, 4500, 2300, 3980, 4490),\n        (\"TD 009\", aksolit_30, 166, 5000, 2500, 4990, 5480),\n        pytest.param(\n            \"TD 010\", aksolit_30, 206, 6200, 2900, 5570, 6120,\n            marks=pytest.mark.xfail(reson=\"Цена доставки 3600 7960 8980\")\n        ),\n        (\"TD 011\", aksolit_30, 299, 9000, 3600, 7960, 8980),\n        (\"TD 012\", aksolit_30, 333, 10000, 4450, 11990, 12500),\n        pytest.param(\n            \"TD 013\", aksolit_30, 366, 11000, 4800, 12450, 13480,\n            marks=pytest.mark.xfail(reason=\"Цена стандартной доставки 4450\")\n        ),\n        pytest.param(\n            \"TD 014\", aksolit_30, 666, 20000, 5400, 15600, 17490,\n            marks=pytest.mark.xfail(reason=\"Цена стандартной доставки 4450\")\n        )\n    ])\n    @pytest.mark.smoke\n    def test_positive_delivery_green_zone_smoke(\n            self, driver, url, case_id, link_item, amount, weight, standard, in_time, all_time\n    ):\n    \n        driver.get(f'{url}{link_item}')\n        item_page = ItemPage(driver)\n>       item_page.add_item_to_cart(amount).click_on_cart()\n\ntests/delivery/test_delivery_calculation.py:49: \n_ _ _ _ _ _ _ _ _ _ _ _ _ _ _ _ _ _ _ _ _ _ _ _ _ _ _ _ _ _ _ _ _ _ _ _ _ _ _ _ \npages/item_page.py:41: in add_item_to_cart\n    amount_field = self.find_element(self._item_amount)\nbase/seleniumbase.py:17: in find_element\n    return self.driver.find_element(*locator)\n/usr/local/lib/python3.11/site-packages/selenium/webdriver/remote/webdriver.py:740: in find_element\n    return self.execute(Command.FIND_ELEMENT, {\"using\": by, \"value\": value})[\"value\"]\n/usr/local/lib/python3.11/site-packages/selenium/webdriver/remote/webdriver.py:346: in execute\n    self.error_handler.check_response(response)\n_ _ _ _ _ _ _ _ _ _ _ _ _ _ _ _ _ _ _ _ _ _ _ _ _ _ _ _ _ _ _ _ _ _ _ _ _ _ _ _ \n\nself = <selenium.webdriver.remote.errorhandler.ErrorHandler object at 0x7f70430a2e10>\nresponse = {'status': 404, 'value': '{\"value\":{\"error\":\"no such element\",\"message\":\"no such element: Unable to locate element: {\\...\\\\n#16 0x56041ab45917 \\\\u003Cunknown>\\\\n#17 0x56041ab56773 \\\\u003Cunknown>\\\\n#18 0x7f0714619044 \\\\u003Cunknown>\\\\n\"}}'}\n\n    def check_response(self, response: Dict[str, Any]) -> None:\n        \"\"\"Checks that a JSON response from the WebDriver does not have an\n        error.\n    \n        :Args:\n         - response - The JSON response from the WebDriver server as a dictionary\n           object.\n    \n        :Raises: If the response contains an error message.\n        \"\"\"\n        status = response.get(\"status\", None)\n        if not status or status == ErrorCode.SUCCESS:\n            return\n        value = None\n        message = response.get(\"message\", \"\")\n        screen: str = response.get(\"screen\", \"\")\n        stacktrace = None\n        if isinstance(status, int):\n            value_json = response.get(\"value\", None)\n            if value_json and isinstance(value_json, str):\n                import json\n    \n                try:\n                    value = json.loads(value_json)\n                    if len(value) == 1:\n                        value = value[\"value\"]\n                    status = value.get(\"error\", None)\n                    if not status:\n                        status = value.get(\"status\", ErrorCode.UNKNOWN_ERROR)\n                        message = value.get(\"value\") or value.get(\"message\")\n                        if not isinstance(message, str):\n                            value = message\n                            message = message.get(\"message\")\n                    else:\n                        message = value.get(\"message\", None)\n                except ValueError:\n                    pass\n    \n        exception_class: Type[WebDriverException]\n        if status in ErrorCode.NO_SUCH_ELEMENT:\n            exception_class = NoSuchElementException\n        elif status in ErrorCode.NO_SUCH_FRAME:\n            exception_class = NoSuchFrameException\n        elif status in ErrorCode.NO_SUCH_SHADOW_ROOT:\n            exception_class = NoSuchShadowRootException\n        elif status in ErrorCode.NO_SUCH_WINDOW:\n            exception_class = NoSuchWindowException\n        elif status in ErrorCode.STALE_ELEMENT_REFERENCE:\n            exception_class = StaleElementReferenceException\n        elif status in ErrorCode.ELEMENT_NOT_VISIBLE:\n            exception_class = ElementNotVisibleException\n        elif status in ErrorCode.INVALID_ELEMENT_STATE:\n            exception_class = InvalidElementStateException\n        elif (\n            status in ErrorCode.INVALID_SELECTOR\n            or status in ErrorCode.INVALID_XPATH_SELECTOR\n            or status in ErrorCode.INVALID_XPATH_SELECTOR_RETURN_TYPER\n        ):\n            exception_class = InvalidSelectorException\n        elif status in ErrorCode.ELEMENT_IS_NOT_SELECTABLE:\n            exception_class = ElementNotSelectableException\n        elif status in ErrorCode.ELEMENT_NOT_INTERACTABLE:\n            exception_class = ElementNotInteractableException\n        elif status in ErrorCode.INVALID_COOKIE_DOMAIN:\n            exception_class = InvalidCookieDomainException\n        elif status in ErrorCode.UNABLE_TO_SET_COOKIE:\n            exception_class = UnableToSetCookieException\n        elif status in ErrorCode.TIMEOUT:\n            exception_class = TimeoutException\n        elif status in ErrorCode.SCRIPT_TIMEOUT:\n            exception_class = TimeoutException\n        elif status in ErrorCode.UNKNOWN_ERROR:\n            exception_class = WebDriverException\n        elif status in ErrorCode.UNEXPECTED_ALERT_OPEN:\n            exception_class = UnexpectedAlertPresentException\n        elif status in ErrorCode.NO_ALERT_OPEN:\n            exception_class = NoAlertPresentException\n        elif status in ErrorCode.IME_NOT_AVAILABLE:\n            exception_class = ImeNotAvailableException\n        elif status in ErrorCode.IME_ENGINE_ACTIVATION_FAILED:\n            exception_class = ImeActivationFailedException\n        elif status in ErrorCode.MOVE_TARGET_OUT_OF_BOUNDS:\n            exception_class = MoveTargetOutOfBoundsException\n        elif status in ErrorCode.JAVASCRIPT_ERROR:\n            exception_class = JavascriptException\n        elif status in ErrorCode.SESSION_NOT_CREATED:\n            exception_class = SessionNotCreatedException\n        elif status in ErrorCode.INVALID_ARGUMENT:\n            exception_class = InvalidArgumentException\n        elif status in ErrorCode.NO_SUCH_COOKIE:\n            exception_class = NoSuchCookieException\n        elif status in ErrorCode.UNABLE_TO_CAPTURE_SCREEN:\n            exception_class = ScreenshotException\n        elif status in ErrorCode.ELEMENT_CLICK_INTERCEPTED:\n            exception_class = ElementClickInterceptedException\n        elif status in ErrorCode.INSECURE_CERTIFICATE:\n            exception_class = InsecureCertificateException\n        elif status in ErrorCode.INVALID_COORDINATES:\n            exception_class = InvalidCoordinatesException\n        elif status in ErrorCode.INVALID_SESSION_ID:\n            exception_class = InvalidSessionIdException\n        elif status in ErrorCode.UNKNOWN_METHOD:\n            exception_class = UnknownMethodException\n        else:\n            exception_class = WebDriverException\n        if not value:\n            value = response[\"value\"]\n        if isinstance(value, str):\n            raise exception_class(value)\n        if message == \"\" and \"message\" in value:\n            message = value[\"message\"]\n    \n        screen = None  # type: ignore[assignment]\n        if \"screen\" in value:\n            screen = value[\"screen\"]\n    \n        stacktrace = None\n        st_value = value.get(\"stackTrace\") or value.get(\"stacktrace\")\n        if st_value:\n            if isinstance(st_value, str):\n                stacktrace = st_value.split(\"\\n\")\n            else:\n                stacktrace = []\n                try:\n                    for frame in st_value:\n                        line = frame.get(\"lineNumber\", \"\")\n                        file = frame.get(\"fileName\", \"<anonymous>\")\n                        if line:\n                            file = f\"{file}:{line}\"\n                        meth = frame.get(\"methodName\", \"<anonymous>\")\n                        if \"className\" in frame:\n                            meth = f\"{frame['className']}.{meth}\"\n                        msg = \"    at %s (%s)\"\n                        msg = msg % (meth, file)\n                        stacktrace.append(msg)\n                except TypeError:\n                    pass\n        if exception_class == UnexpectedAlertPresentException:\n            alert_text = None\n            if \"data\" in value:\n                alert_text = value[\"data\"].get(\"text\")\n            elif \"alert\" in value:\n                alert_text = value[\"alert\"].get(\"text\")\n            raise exception_class(message, screen, stacktrace, alert_text)  # type: ignore[call-arg]  # mypy is not smart enough here\n>       raise exception_class(message, screen, stacktrace)\nE       selenium.common.exceptions.NoSuchElementException: Message: no such element: Unable to locate element: {\"method\":\"xpath\",\"selector\":\"//input[@class='amount']\"}\nE         (Session info: headless chrome=119.0.6045.105); For documentation on this error, please visit: https://www.selenium.dev/documentation/webdriver/troubleshooting/errors#no-such-element-exception\nE       Stacktrace:\nE       #0 0x56041ab575e3 <unknown>\nE       #1 0x56041a81a0b7 <unknown>\nE       #2 0x56041a867f53 <unknown>\nE       #3 0x56041a868051 <unknown>\nE       #4 0x56041a8ad9c4 <unknown>\nE       #5 0x56041a88ef1d <unknown>\nE       #6 0x56041a8aab3d <unknown>\nE       #7 0x56041a88ecc3 <unknown>\nE       #8 0x56041a85a0e4 <unknown>\nE       #9 0x56041a85b0ae <unknown>\nE       #10 0x56041ab1dce1 <unknown>\nE       #11 0x56041ab21b7e <unknown>\nE       #12 0x56041ab0b4b5 <unknown>\nE       #13 0x56041ab227d6 <unknown>\nE       #14 0x56041aaeedbf <unknown>\nE       #15 0x56041ab45748 <unknown>\nE       #16 0x56041ab45917 <unknown>\nE       #17 0x56041ab56773 <unknown>\nE       #18 0x7f0714619044 <unknown>\n\n/usr/local/lib/python3.11/site-packages/selenium/webdriver/remote/errorhandler.py:245: NoSuchElementException","steps":[{"name":"Добавляем товар в корзину в количестве 13","time":{"start":1700269894852,"stop":1700269894906,"duration":54},"status":"broken","statusMessage":"selenium.common.exceptions.NoSuchElementException: Message: no such element: Unable to locate element: {\"method\":\"xpath\",\"selector\":\"//input[@class='amount']\"}\n  (Session info: headless chrome=119.0.6045.105); For documentation on this error, please visit: https://www.selenium.dev/documentation/webdriver/troubleshooting/errors#no-such-element-exception\nStacktrace:\n#0 0x56041ab575e3 <unknown>\n#1 0x56041a81a0b7 <unknown>\n#2 0x56041a867f53 <unknown>\n#3 0x56041a868051 <unknown>\n#4 0x56041a8ad9c4 <unknown>\n#5 0x56041a88ef1d <unknown>\n#6 0x56041a8aab3d <unknown>\n#7 0x56041a88ecc3 <unknown>\n#8 0x56041a85a0e4 <unknown>\n#9 0x56041a85b0ae <unknown>\n#10 0x56041ab1dce1 <unknown>\n#11 0x56041ab21b7e <unknown>\n#12 0x56041ab0b4b5 <unknown>\n#13 0x56041ab227d6 <unknown>\n#14 0x56041aaeedbf <unknown>\n#15 0x56041ab45748 <unknown>\n#16 0x56041ab45917 <unknown>\n#17 0x56041ab56773 <unknown>\n#18 0x7f0714619044 <unknown>\n\n","statusTrace":"  File \"/usr/local/lib/python3.11/site-packages/allure_commons/_allure.py\", line 192, in impl\n    return func(*a, **kw)\n           ^^^^^^^^^^^^^^\n  File \"/app/pages/item_page.py\", line 41, in add_item_to_cart\n    amount_field = self.find_element(self._item_amount)\n                   ^^^^^^^^^^^^^^^^^^^^^^^^^^^^^^^^^^^^\n  File \"/app/base/seleniumbase.py\", line 17, in find_element\n    return self.driver.find_element(*locator)\n           ^^^^^^^^^^^^^^^^^^^^^^^^^^^^^^^^^^\n  File \"/usr/local/lib/python3.11/site-packages/selenium/webdriver/remote/webdriver.py\", line 740, in find_element\n    return self.execute(Command.FIND_ELEMENT, {\"using\": by, \"value\": value})[\"value\"]\n           ^^^^^^^^^^^^^^^^^^^^^^^^^^^^^^^^^^^^^^^^^^^^^^^^^^^^^^^^^^^^^^^^^\n  File \"/usr/local/lib/python3.11/site-packages/selenium/webdriver/remote/webdriver.py\", line 346, in execute\n    self.error_handler.check_response(response)\n  File \"/usr/local/lib/python3.11/site-packages/selenium/webdriver/remote/errorhandler.py\", line 245, in check_response\n    raise exception_class(message, screen, stacktrace)\n","steps":[],"attachments":[],"parameters":[{"name":"amount","value":"13"}],"shouldDisplayMessage":true,"stepsCount":0,"attachmentsCount":0,"hasContent":true}],"attachments":[{"uid":"f6e5310e5d7bba1d","name":"Screenshot","source":"f6e5310e5d7bba1d.png","type":"image/png","size":115178},{"uid":"ee3ff0dcd2243059","name":"HTML source","source":"ee3ff0dcd2243059.html","type":"text/html","size":303988}],"parameters":[],"shouldDisplayMessage":true,"stepsCount":1,"attachmentsCount":2,"hasContent":true},"afterStages":[{"name":"driver::0","time":{"start":1700269895085,"stop":1700269895145,"duration":60},"status":"passed","steps":[],"attachments":[],"parameters":[],"shouldDisplayMessage":false,"stepsCount":0,"attachmentsCount":0,"hasContent":false},{"name":"setup::0","time":{"start":1700269895085,"stop":1700269895085,"duration":0},"status":"passed","steps":[],"attachments":[],"parameters":[],"shouldDisplayMessage":false,"stepsCount":0,"attachmentsCount":0,"hasContent":false}],"labels":[{"name":"epic","value":"Delivery Page - calculation"},{"name":"tag","value":"smoke"},{"name":"parentSuite","value":"tests.delivery"},{"name":"suite","value":"test_delivery_calculation"},{"name":"subSuite","value":"TestDeliveryPageCalculation"},{"name":"host","value":"a1a0c957014f"},{"name":"thread","value":"1-MainThread"},{"name":"framework","value":"pytest"},{"name":"language","value":"cpython3"},{"name":"package","value":"tests.delivery.test_delivery_calculation"},{"name":"resultFormat","value":"allure2"}],"parameters":[{"name":"all_time","value":"2190"},{"name":"amount","value":"13"},{"name":"case_id","value":"'TD 004'"},{"name":"in_time","value":"1590"},{"name":"link_item","value":"'products/shtukaturka-gipsovaya-aksolit-m50-30-kg-mashinnogo-naneseniya'"},{"name":"standard","value":"450"},{"name":"url","value":"'https://sandboxtest.stroyrem-nn.ru/'"},{"name":"weight","value":"400"}],"links":[],"hidden":false,"retry":false,"extra":{"severity":"normal","retries":[],"categories":[{"name":"Test defects","matchedStatuses":[],"flaky":false}],"history":{"statistic":{"failed":0,"broken":80,"skipped":0,"passed":0,"unknown":0,"total":80},"items":[{"uid":"5215a53dcd318ef9","reportUrl":"https://zaelcovsky.github.io/StroyremAutomation/143//#testresult/5215a53dcd318ef9","status":"broken","statusDetails":"selenium.common.exceptions.NoSuchElementException: Message: no such element: Unable to locate element: {\"method\":\"xpath\",\"selector\":\"//input[@class='amount']\"}\n  (Session info: headless chrome=119.0.6045.105); For documentation on this error, please visit: https://www.selenium.dev/documentation/webdriver/troubleshooting/errors#no-such-element-exception\nStacktrace:\n#0 0x562fee73f5e3 <unknown>\n#1 0x562fee4020b7 <unknown>\n#2 0x562fee44ff53 <unknown>\n#3 0x562fee450051 <unknown>\n#4 0x562fee4959c4 <unknown>\n#5 0x562fee476f1d <unknown>\n#6 0x562fee492b3d <unknown>\n#7 0x562fee476cc3 <unknown>\n#8 0x562fee4420e4 <unknown>\n#9 0x562fee4430ae <unknown>\n#10 0x562fee705ce1 <unknown>\n#11 0x562fee709b7e <unknown>\n#12 0x562fee6f34b5 <unknown>\n#13 0x562fee70a7d6 <unknown>\n#14 0x562fee6d6dbf <unknown>\n#15 0x562fee72d748 <unknown>\n#16 0x562fee72d917 <unknown>\n#17 0x562fee73e773 <unknown>\n#18 0x7f88f253f044 <unknown>","time":{"start":1700183513258,"stop":1700183517670,"duration":4412}},{"uid":"a1da566794955aef","reportUrl":"https://zaelcovsky.github.io/StroyremAutomation/142//#testresult/a1da566794955aef","status":"broken","statusDetails":"selenium.common.exceptions.NoSuchElementException: Message: no such element: Unable to locate element: {\"method\":\"xpath\",\"selector\":\"//input[@class='amount']\"}\n  (Session info: headless chrome=119.0.6045.105); For documentation on this error, please visit: https://www.selenium.dev/documentation/webdriver/troubleshooting/errors#no-such-element-exception\nStacktrace:\n#0 0x5620ed1fb5e3 <unknown>\n#1 0x5620ecebe0b7 <unknown>\n#2 0x5620ecf0bf53 <unknown>\n#3 0x5620ecf0c051 <unknown>\n#4 0x5620ecf519c4 <unknown>\n#5 0x5620ecf32f1d <unknown>\n#6 0x5620ecf4eb3d <unknown>\n#7 0x5620ecf32cc3 <unknown>\n#8 0x5620ecefe0e4 <unknown>\n#9 0x5620eceff0ae <unknown>\n#10 0x5620ed1c1ce1 <unknown>\n#11 0x5620ed1c5b7e <unknown>\n#12 0x5620ed1af4b5 <unknown>\n#13 0x5620ed1c67d6 <unknown>\n#14 0x5620ed192dbf <unknown>\n#15 0x5620ed1e9748 <unknown>\n#16 0x5620ed1e9917 <unknown>\n#17 0x5620ed1fa773 <unknown>\n#18 0x7f4e52cf7044 <unknown>","time":{"start":1700097074611,"stop":1700097078478,"duration":3867}},{"uid":"5978af120fb0e4c9","reportUrl":"https://zaelcovsky.github.io/StroyremAutomation/141//#testresult/5978af120fb0e4c9","status":"broken","statusDetails":"selenium.common.exceptions.NoSuchElementException: Message: no such element: Unable to locate element: {\"method\":\"xpath\",\"selector\":\"//input[@class='amount']\"}\n  (Session info: headless chrome=119.0.6045.105); For documentation on this error, please visit: https://www.selenium.dev/documentation/webdriver/troubleshooting/errors#no-such-element-exception\nStacktrace:\n#0 0x55867e8575e3 <unknown>\n#1 0x55867e51a0b7 <unknown>\n#2 0x55867e567f53 <unknown>\n#3 0x55867e568051 <unknown>\n#4 0x55867e5ad9c4 <unknown>\n#5 0x55867e58ef1d <unknown>\n#6 0x55867e5aab3d <unknown>\n#7 0x55867e58ecc3 <unknown>\n#8 0x55867e55a0e4 <unknown>\n#9 0x55867e55b0ae <unknown>\n#10 0x55867e81dce1 <unknown>\n#11 0x55867e821b7e <unknown>\n#12 0x55867e80b4b5 <unknown>\n#13 0x55867e8227d6 <unknown>\n#14 0x55867e7eedbf <unknown>\n#15 0x55867e845748 <unknown>\n#16 0x55867e845917 <unknown>\n#17 0x55867e856773 <unknown>\n#18 0x7efdd0edb044 <unknown>","time":{"start":1700010606557,"stop":1700010610400,"duration":3843}},{"uid":"6e78cd49b52b808a","reportUrl":"https://zaelcovsky.github.io/StroyremAutomation/140//#testresult/6e78cd49b52b808a","status":"broken","statusDetails":"selenium.common.exceptions.NoSuchElementException: Message: no such element: Unable to locate element: {\"method\":\"xpath\",\"selector\":\"//input[@class='amount']\"}\n  (Session info: headless chrome=119.0.6045.105); For documentation on this error, please visit: https://www.selenium.dev/documentation/webdriver/troubleshooting/errors#no-such-element-exception\nStacktrace:\n#0 0x5647bdec95e3 <unknown>\n#1 0x5647bdb8c0b7 <unknown>\n#2 0x5647bdbd9f53 <unknown>\n#3 0x5647bdbda051 <unknown>\n#4 0x5647bdc1f9c4 <unknown>\n#5 0x5647bdc00f1d <unknown>\n#6 0x5647bdc1cb3d <unknown>\n#7 0x5647bdc00cc3 <unknown>\n#8 0x5647bdbcc0e4 <unknown>\n#9 0x5647bdbcd0ae <unknown>\n#10 0x5647bde8fce1 <unknown>\n#11 0x5647bde93b7e <unknown>\n#12 0x5647bde7d4b5 <unknown>\n#13 0x5647bde947d6 <unknown>\n#14 0x5647bde60dbf <unknown>\n#15 0x5647bdeb7748 <unknown>\n#16 0x5647bdeb7917 <unknown>\n#17 0x5647bdec8773 <unknown>\n#18 0x7f28a5de7044 <unknown>","time":{"start":1699924218506,"stop":1699924222840,"duration":4334}},{"uid":"e179eba99003ace5","reportUrl":"https://zaelcovsky.github.io/StroyremAutomation/139//#testresult/e179eba99003ace5","status":"broken","statusDetails":"selenium.common.exceptions.NoSuchElementException: Message: no such element: Unable to locate element: {\"method\":\"xpath\",\"selector\":\"//input[@class='amount']\"}\n  (Session info: headless chrome=119.0.6045.105); For documentation on this error, please visit: https://www.selenium.dev/documentation/webdriver/troubleshooting/errors#no-such-element-exception\nStacktrace:\n#0 0x562cce7565e3 <unknown>\n#1 0x562cce4190b7 <unknown>\n#2 0x562cce466f53 <unknown>\n#3 0x562cce467051 <unknown>\n#4 0x562cce4ac9c4 <unknown>\n#5 0x562cce48df1d <unknown>\n#6 0x562cce4a9b3d <unknown>\n#7 0x562cce48dcc3 <unknown>\n#8 0x562cce4590e4 <unknown>\n#9 0x562cce45a0ae <unknown>\n#10 0x562cce71cce1 <unknown>\n#11 0x562cce720b7e <unknown>\n#12 0x562cce70a4b5 <unknown>\n#13 0x562cce7217d6 <unknown>\n#14 0x562cce6eddbf <unknown>\n#15 0x562cce744748 <unknown>\n#16 0x562cce744917 <unknown>\n#17 0x562cce755773 <unknown>\n#18 0x7fa29b6ee044 <unknown>","time":{"start":1699837888607,"stop":1699837892559,"duration":3952}},{"uid":"55587675ad471455","reportUrl":"https://zaelcovsky.github.io/StroyremAutomation/138//#testresult/55587675ad471455","status":"broken","statusDetails":"selenium.common.exceptions.NoSuchElementException: Message: no such element: Unable to locate element: {\"method\":\"xpath\",\"selector\":\"//input[@class='amount']\"}\n  (Session info: headless chrome=119.0.6045.105); For documentation on this error, please visit: https://www.selenium.dev/documentation/webdriver/troubleshooting/errors#no-such-element-exception\nStacktrace:\n#0 0x556be01da5e3 <unknown>\n#1 0x556bdfe9d0b7 <unknown>\n#2 0x556bdfeeaf53 <unknown>\n#3 0x556bdfeeb051 <unknown>\n#4 0x556bdff309c4 <unknown>\n#5 0x556bdff11f1d <unknown>\n#6 0x556bdff2db3d <unknown>\n#7 0x556bdff11cc3 <unknown>\n#8 0x556bdfedd0e4 <unknown>\n#9 0x556bdfede0ae <unknown>\n#10 0x556be01a0ce1 <unknown>\n#11 0x556be01a4b7e <unknown>\n#12 0x556be018e4b5 <unknown>\n#13 0x556be01a57d6 <unknown>\n#14 0x556be0171dbf <unknown>\n#15 0x556be01c8748 <unknown>\n#16 0x556be01c8917 <unknown>\n#17 0x556be01d9773 <unknown>\n#18 0x7f5b82adc044 <unknown>","time":{"start":1699751687356,"stop":1699751695933,"duration":8577}},{"uid":"94eefedb210b1f2a","reportUrl":"https://zaelcovsky.github.io/StroyremAutomation/137//#testresult/94eefedb210b1f2a","status":"broken","statusDetails":"selenium.common.exceptions.NoSuchElementException: Message: no such element: Unable to locate element: {\"method\":\"xpath\",\"selector\":\"//input[@class='amount']\"}\n  (Session info: headless chrome=119.0.6045.105); For documentation on this error, please visit: https://www.selenium.dev/documentation/webdriver/troubleshooting/errors#no-such-element-exception\nStacktrace:\n#0 0x55de64eb55e3 <unknown>\n#1 0x55de64b780b7 <unknown>\n#2 0x55de64bc5f53 <unknown>\n#3 0x55de64bc6051 <unknown>\n#4 0x55de64c0b9c4 <unknown>\n#5 0x55de64becf1d <unknown>\n#6 0x55de64c08b3d <unknown>\n#7 0x55de64beccc3 <unknown>\n#8 0x55de64bb80e4 <unknown>\n#9 0x55de64bb90ae <unknown>\n#10 0x55de64e7bce1 <unknown>\n#11 0x55de64e7fb7e <unknown>\n#12 0x55de64e694b5 <unknown>\n#13 0x55de64e807d6 <unknown>\n#14 0x55de64e4cdbf <unknown>\n#15 0x55de64ea3748 <unknown>\n#16 0x55de64ea3917 <unknown>\n#17 0x55de64eb4773 <unknown>\n#18 0x7fe4f50a5044 <unknown>","time":{"start":1699664871236,"stop":1699664875143,"duration":3907}},{"uid":"118d01bfba8cc507","reportUrl":"https://zaelcovsky.github.io/StroyremAutomation/136//#testresult/118d01bfba8cc507","status":"broken","statusDetails":"selenium.common.exceptions.NoSuchElementException: Message: no such element: Unable to locate element: {\"method\":\"xpath\",\"selector\":\"//input[@class='amount']\"}\n  (Session info: headless chrome=119.0.6045.105); For documentation on this error, please visit: https://www.selenium.dev/documentation/webdriver/troubleshooting/errors#no-such-element-exception\nStacktrace:\n#0 0x564778cc45e3 <unknown>\n#1 0x5647789870b7 <unknown>\n#2 0x5647789d4f53 <unknown>\n#3 0x5647789d5051 <unknown>\n#4 0x564778a1a9c4 <unknown>\n#5 0x5647789fbf1d <unknown>\n#6 0x564778a17b3d <unknown>\n#7 0x5647789fbcc3 <unknown>\n#8 0x5647789c70e4 <unknown>\n#9 0x5647789c80ae <unknown>\n#10 0x564778c8ace1 <unknown>\n#11 0x564778c8eb7e <unknown>\n#12 0x564778c784b5 <unknown>\n#13 0x564778c8f7d6 <unknown>\n#14 0x564778c5bdbf <unknown>\n#15 0x564778cb2748 <unknown>\n#16 0x564778cb2917 <unknown>\n#17 0x564778cc3773 <unknown>\n#18 0x7f00d119b044 <unknown>","time":{"start":1699578592578,"stop":1699578597135,"duration":4557}},{"uid":"4a82afe976e78183","reportUrl":"https://zaelcovsky.github.io/StroyremAutomation/135//#testresult/4a82afe976e78183","status":"broken","statusDetails":"selenium.common.exceptions.NoSuchElementException: Message: no such element: Unable to locate element: {\"method\":\"xpath\",\"selector\":\"//input[@class='amount']\"}\n  (Session info: headless chrome=119.0.6045.105); For documentation on this error, please visit: https://www.selenium.dev/documentation/webdriver/troubleshooting/errors#no-such-element-exception\nStacktrace:\n#0 0x559e8fc2e5e3 <unknown>\n#1 0x559e8f8f10b7 <unknown>\n#2 0x559e8f93ef53 <unknown>\n#3 0x559e8f93f051 <unknown>\n#4 0x559e8f9849c4 <unknown>\n#5 0x559e8f965f1d <unknown>\n#6 0x559e8f981b3d <unknown>\n#7 0x559e8f965cc3 <unknown>\n#8 0x559e8f9310e4 <unknown>\n#9 0x559e8f9320ae <unknown>\n#10 0x559e8fbf4ce1 <unknown>\n#11 0x559e8fbf8b7e <unknown>\n#12 0x559e8fbe24b5 <unknown>\n#13 0x559e8fbf97d6 <unknown>\n#14 0x559e8fbc5dbf <unknown>\n#15 0x559e8fc1c748 <unknown>\n#16 0x559e8fc1c917 <unknown>\n#17 0x559e8fc2d773 <unknown>\n#18 0x7f46c6354044 <unknown>","time":{"start":1699492201494,"stop":1699492205506,"duration":4012}},{"uid":"92e87dfc673c9a25","reportUrl":"https://zaelcovsky.github.io/StroyremAutomation/134//#testresult/92e87dfc673c9a25","status":"broken","statusDetails":"selenium.common.exceptions.NoSuchElementException: Message: no such element: Unable to locate element: {\"method\":\"xpath\",\"selector\":\"//input[@class='amount']\"}\n  (Session info: headless chrome=119.0.6045.105); For documentation on this error, please visit: https://www.selenium.dev/documentation/webdriver/troubleshooting/errors#no-such-element-exception\nStacktrace:\n#0 0x562674ee25e3 <unknown>\n#1 0x562674ba50b7 <unknown>\n#2 0x562674bf2f53 <unknown>\n#3 0x562674bf3051 <unknown>\n#4 0x562674c389c4 <unknown>\n#5 0x562674c19f1d <unknown>\n#6 0x562674c35b3d <unknown>\n#7 0x562674c19cc3 <unknown>\n#8 0x562674be50e4 <unknown>\n#9 0x562674be60ae <unknown>\n#10 0x562674ea8ce1 <unknown>\n#11 0x562674eacb7e <unknown>\n#12 0x562674e964b5 <unknown>\n#13 0x562674ead7d6 <unknown>\n#14 0x562674e79dbf <unknown>\n#15 0x562674ed0748 <unknown>\n#16 0x562674ed0917 <unknown>\n#17 0x562674ee1773 <unknown>\n#18 0x7f46a77b7044 <unknown>","time":{"start":1699405730901,"stop":1699405735285,"duration":4384}},{"uid":"bd87d9c0a2cfab15","reportUrl":"https://zaelcovsky.github.io/StroyremAutomation/133//#testresult/bd87d9c0a2cfab15","status":"broken","statusDetails":"selenium.common.exceptions.NoSuchElementException: Message: no such element: Unable to locate element: {\"method\":\"xpath\",\"selector\":\"//input[@class='amount']\"}\n  (Session info: headless chrome=119.0.6045.105); For documentation on this error, please visit: https://www.selenium.dev/documentation/webdriver/troubleshooting/errors#no-such-element-exception\nStacktrace:\n#0 0x55c5fe9d15e3 <unknown>\n#1 0x55c5fe6940b7 <unknown>\n#2 0x55c5fe6e1f53 <unknown>\n#3 0x55c5fe6e2051 <unknown>\n#4 0x55c5fe7279c4 <unknown>\n#5 0x55c5fe708f1d <unknown>\n#6 0x55c5fe724b3d <unknown>\n#7 0x55c5fe708cc3 <unknown>\n#8 0x55c5fe6d40e4 <unknown>\n#9 0x55c5fe6d50ae <unknown>\n#10 0x55c5fe997ce1 <unknown>\n#11 0x55c5fe99bb7e <unknown>\n#12 0x55c5fe9854b5 <unknown>\n#13 0x55c5fe99c7d6 <unknown>\n#14 0x55c5fe968dbf <unknown>\n#15 0x55c5fe9bf748 <unknown>\n#16 0x55c5fe9bf917 <unknown>\n#17 0x55c5fe9d0773 <unknown>\n#18 0x7f89a2f3d044 <unknown>","time":{"start":1699319428543,"stop":1699319433014,"duration":4471}},{"uid":"a91ca569e2cf563e","reportUrl":"https://zaelcovsky.github.io/StroyremAutomation/132//#testresult/a91ca569e2cf563e","status":"broken","statusDetails":"selenium.common.exceptions.NoSuchElementException: Message: no such element: Unable to locate element: {\"method\":\"xpath\",\"selector\":\"//input[@class='amount']\"}\n  (Session info: headless chrome=119.0.6045.105); For documentation on this error, please visit: https://www.selenium.dev/documentation/webdriver/troubleshooting/errors#no-such-element-exception\nStacktrace:\n#0 0x5577d4dc25e3 <unknown>\n#1 0x5577d4a850b7 <unknown>\n#2 0x5577d4ad2f53 <unknown>\n#3 0x5577d4ad3051 <unknown>\n#4 0x5577d4b189c4 <unknown>\n#5 0x5577d4af9f1d <unknown>\n#6 0x5577d4b15b3d <unknown>\n#7 0x5577d4af9cc3 <unknown>\n#8 0x5577d4ac50e4 <unknown>\n#9 0x5577d4ac60ae <unknown>\n#10 0x5577d4d88ce1 <unknown>\n#11 0x5577d4d8cb7e <unknown>\n#12 0x5577d4d764b5 <unknown>\n#13 0x5577d4d8d7d6 <unknown>\n#14 0x5577d4d59dbf <unknown>\n#15 0x5577d4db0748 <unknown>\n#16 0x5577d4db0917 <unknown>\n#17 0x5577d4dc1773 <unknown>\n#18 0x7fc2afb5b044 <unknown>","time":{"start":1699233074574,"stop":1699233078582,"duration":4008}},{"uid":"b3e677c55d411175","reportUrl":"https://zaelcovsky.github.io/StroyremAutomation/131//#testresult/b3e677c55d411175","status":"broken","statusDetails":"selenium.common.exceptions.NoSuchElementException: Message: no such element: Unable to locate element: {\"method\":\"xpath\",\"selector\":\"//input[@class='amount']\"}\n  (Session info: headless chrome=119.0.6045.105); For documentation on this error, please visit: https://www.selenium.dev/documentation/webdriver/troubleshooting/errors#no-such-element-exception\nStacktrace:\n#0 0x56041a74f5e3 <unknown>\n#1 0x56041a4120b7 <unknown>\n#2 0x56041a45ff53 <unknown>\n#3 0x56041a460051 <unknown>\n#4 0x56041a4a59c4 <unknown>\n#5 0x56041a486f1d <unknown>\n#6 0x56041a4a2b3d <unknown>\n#7 0x56041a486cc3 <unknown>\n#8 0x56041a4520e4 <unknown>\n#9 0x56041a4530ae <unknown>\n#10 0x56041a715ce1 <unknown>\n#11 0x56041a719b7e <unknown>\n#12 0x56041a7034b5 <unknown>\n#13 0x56041a71a7d6 <unknown>\n#14 0x56041a6e6dbf <unknown>\n#15 0x56041a73d748 <unknown>\n#16 0x56041a73d917 <unknown>\n#17 0x56041a74e773 <unknown>\n#18 0x7fc85ef64044 <unknown>","time":{"start":1699146818639,"stop":1699146824306,"duration":5667}},{"uid":"13ec301be6fecf7d","reportUrl":"https://zaelcovsky.github.io/StroyremAutomation/130//#testresult/13ec301be6fecf7d","status":"broken","statusDetails":"selenium.common.exceptions.NoSuchElementException: Message: no such element: Unable to locate element: {\"method\":\"xpath\",\"selector\":\"//input[@class='amount']\"}\n  (Session info: headless chrome=119.0.6045.105); For documentation on this error, please visit: https://www.selenium.dev/documentation/webdriver/troubleshooting/errors#no-such-element-exception\nStacktrace:\n#0 0x5592c7cf25e3 <unknown>\n#1 0x5592c79b50b7 <unknown>\n#2 0x5592c7a02f53 <unknown>\n#3 0x5592c7a03051 <unknown>\n#4 0x5592c7a489c4 <unknown>\n#5 0x5592c7a29f1d <unknown>\n#6 0x5592c7a45b3d <unknown>\n#7 0x5592c7a29cc3 <unknown>\n#8 0x5592c79f50e4 <unknown>\n#9 0x5592c79f60ae <unknown>\n#10 0x5592c7cb8ce1 <unknown>\n#11 0x5592c7cbcb7e <unknown>\n#12 0x5592c7ca64b5 <unknown>\n#13 0x5592c7cbd7d6 <unknown>\n#14 0x5592c7c89dbf <unknown>\n#15 0x5592c7ce0748 <unknown>\n#16 0x5592c7ce0917 <unknown>\n#17 0x5592c7cf1773 <unknown>\n#18 0x7fb75de28044 <unknown>","time":{"start":1699060122522,"stop":1699060127439,"duration":4917}},{"uid":"c63954d7b7ce7df4","reportUrl":"https://zaelcovsky.github.io/StroyremAutomation/129//#testresult/c63954d7b7ce7df4","status":"broken","statusDetails":"selenium.common.exceptions.NoSuchElementException: Message: no such element: Unable to locate element: {\"method\":\"xpath\",\"selector\":\"//input[@class='amount']\"}\n  (Session info: headless chrome=119.0.6045.105); For documentation on this error, please visit: https://www.selenium.dev/documentation/webdriver/troubleshooting/errors#no-such-element-exception\nStacktrace:\n#0 0x5614b792a5e3 <unknown>\n#1 0x5614b75ed0b7 <unknown>\n#2 0x5614b763af53 <unknown>\n#3 0x5614b763b051 <unknown>\n#4 0x5614b76809c4 <unknown>\n#5 0x5614b7661f1d <unknown>\n#6 0x5614b767db3d <unknown>\n#7 0x5614b7661cc3 <unknown>\n#8 0x5614b762d0e4 <unknown>\n#9 0x5614b762e0ae <unknown>\n#10 0x5614b78f0ce1 <unknown>\n#11 0x5614b78f4b7e <unknown>\n#12 0x5614b78de4b5 <unknown>\n#13 0x5614b78f57d6 <unknown>\n#14 0x5614b78c1dbf <unknown>\n#15 0x5614b7918748 <unknown>\n#16 0x5614b7918917 <unknown>\n#17 0x5614b7929773 <unknown>\n#18 0x7f028ea59044 <unknown>","time":{"start":1698973707527,"stop":1698973712557,"duration":5030}},{"uid":"62a3e450ef9c8fb5","reportUrl":"https://zaelcovsky.github.io/StroyremAutomation/128//#testresult/62a3e450ef9c8fb5","status":"broken","statusDetails":"selenium.common.exceptions.NoSuchElementException: Message: no such element: Unable to locate element: {\"method\":\"xpath\",\"selector\":\"//input[@class='amount']\"}\n  (Session info: headless chrome=119.0.6045.105); For documentation on this error, please visit: https://www.selenium.dev/documentation/webdriver/troubleshooting/errors#no-such-element-exception\nStacktrace:\n#0 0x55b8868dc5e3 <unknown>\n#1 0x55b88659f0b7 <unknown>\n#2 0x55b8865ecf53 <unknown>\n#3 0x55b8865ed051 <unknown>\n#4 0x55b8866329c4 <unknown>\n#5 0x55b886613f1d <unknown>\n#6 0x55b88662fb3d <unknown>\n#7 0x55b886613cc3 <unknown>\n#8 0x55b8865df0e4 <unknown>\n#9 0x55b8865e00ae <unknown>\n#10 0x55b8868a2ce1 <unknown>\n#11 0x55b8868a6b7e <unknown>\n#12 0x55b8868904b5 <unknown>\n#13 0x55b8868a77d6 <unknown>\n#14 0x55b886873dbf <unknown>\n#15 0x55b8868ca748 <unknown>\n#16 0x55b8868ca917 <unknown>\n#17 0x55b8868db773 <unknown>\n#18 0x7ff7285b4044 <unknown>","time":{"start":1698887292259,"stop":1698887296855,"duration":4596}},{"uid":"ad87e7741af82b14","reportUrl":"https://zaelcovsky.github.io/StroyremAutomation/127//#testresult/ad87e7741af82b14","status":"broken","statusDetails":"selenium.common.exceptions.NoSuchElementException: Message: no such element: Unable to locate element: {\"method\":\"xpath\",\"selector\":\"//input[@class='amount']\"}\n  (Session info: headless chrome=119.0.6045.105); For documentation on this error, please visit: https://www.selenium.dev/documentation/webdriver/troubleshooting/errors#no-such-element-exception\nStacktrace:\n#0 0x55c22823c5e3 <unknown>\n#1 0x55c227eff0b7 <unknown>\n#2 0x55c227f4cf53 <unknown>\n#3 0x55c227f4d051 <unknown>\n#4 0x55c227f929c4 <unknown>\n#5 0x55c227f73f1d <unknown>\n#6 0x55c227f8fb3d <unknown>\n#7 0x55c227f73cc3 <unknown>\n#8 0x55c227f3f0e4 <unknown>\n#9 0x55c227f400ae <unknown>\n#10 0x55c228202ce1 <unknown>\n#11 0x55c228206b7e <unknown>\n#12 0x55c2281f04b5 <unknown>\n#13 0x55c2282077d6 <unknown>\n#14 0x55c2281d3dbf <unknown>\n#15 0x55c22822a748 <unknown>\n#16 0x55c22822a917 <unknown>\n#17 0x55c22823b773 <unknown>\n#18 0x7f84af95c044 <unknown>","time":{"start":1698801176600,"stop":1698801182005,"duration":5405}},{"uid":"f1ad982a124dbfba","reportUrl":"https://zaelcovsky.github.io/StroyremAutomation/126//#testresult/f1ad982a124dbfba","status":"broken","statusDetails":"selenium.common.exceptions.NoSuchElementException: Message: no such element: Unable to locate element: {\"method\":\"xpath\",\"selector\":\"//input[@class='amount']\"}\n  (Session info: headless chrome=118.0.5993.70); For documentation on this error, please visit: https://www.selenium.dev/documentation/webdriver/troubleshooting/errors#no-such-element-exception\nStacktrace:\n#0 0x55c5130d5fb3 <unknown>\n#1 0x55c512da94a7 <unknown>\n#2 0x55c512df0dd6 <unknown>\n#3 0x55c512df0ec1 <unknown>\n#4 0x55c512e2e354 <unknown>\n#5 0x55c512e1296d <unknown>\n#6 0x55c512e2bc02 <unknown>\n#7 0x55c512e12713 <unknown>\n#8 0x55c512de518b <unknown>\n#9 0x55c512de5f7e <unknown>\n#10 0x55c51309b8d8 <unknown>\n#11 0x55c51309f800 <unknown>\n#12 0x55c5130a9cfc <unknown>\n#13 0x55c5130a0418 <unknown>\n#14 0x55c51306d42f <unknown>\n#15 0x55c5130c44e8 <unknown>\n#16 0x55c5130c46b4 <unknown>\n#17 0x55c5130d5143 <unknown>\n#18 0x7fa68d5df044 <unknown>","time":{"start":1698714525560,"stop":1698714529649,"duration":4089}},{"uid":"8e66a088b49d7c7a","reportUrl":"https://zaelcovsky.github.io/StroyremAutomation/125//#testresult/8e66a088b49d7c7a","status":"broken","statusDetails":"selenium.common.exceptions.NoSuchElementException: Message: no such element: Unable to locate element: {\"method\":\"xpath\",\"selector\":\"//input[@class='amount']\"}\n  (Session info: headless chrome=118.0.5993.70); For documentation on this error, please visit: https://www.selenium.dev/documentation/webdriver/troubleshooting/errors#no-such-element-exception\nStacktrace:\n#0 0x5593953e6fb3 <unknown>\n#1 0x5593950ba4a7 <unknown>\n#2 0x559395101dd6 <unknown>\n#3 0x559395101ec1 <unknown>\n#4 0x55939513f354 <unknown>\n#5 0x55939512396d <unknown>\n#6 0x55939513cc02 <unknown>\n#7 0x559395123713 <unknown>\n#8 0x5593950f618b <unknown>\n#9 0x5593950f6f7e <unknown>\n#10 0x5593953ac8d8 <unknown>\n#11 0x5593953b0800 <unknown>\n#12 0x5593953bacfc <unknown>\n#13 0x5593953b1418 <unknown>\n#14 0x55939537e42f <unknown>\n#15 0x5593953d54e8 <unknown>\n#16 0x5593953d56b4 <unknown>\n#17 0x5593953e6143 <unknown>\n#18 0x7f9afc940044 <unknown>","time":{"start":1698628095497,"stop":1698628100255,"duration":4758}},{"uid":"d9d01e0a31758333","reportUrl":"https://zaelcovsky.github.io/StroyremAutomation/124//#testresult/d9d01e0a31758333","status":"broken","statusDetails":"selenium.common.exceptions.NoSuchElementException: Message: no such element: Unable to locate element: {\"method\":\"xpath\",\"selector\":\"//input[@class='amount']\"}\n  (Session info: headless chrome=118.0.5993.70); For documentation on this error, please visit: https://www.selenium.dev/documentation/webdriver/troubleshooting/errors#no-such-element-exception\nStacktrace:\n#0 0x5589a7ab0fb3 <unknown>\n#1 0x5589a77844a7 <unknown>\n#2 0x5589a77cbdd6 <unknown>\n#3 0x5589a77cbec1 <unknown>\n#4 0x5589a7809354 <unknown>\n#5 0x5589a77ed96d <unknown>\n#6 0x5589a7806c02 <unknown>\n#7 0x5589a77ed713 <unknown>\n#8 0x5589a77c018b <unknown>\n#9 0x5589a77c0f7e <unknown>\n#10 0x5589a7a768d8 <unknown>\n#11 0x5589a7a7a800 <unknown>\n#12 0x5589a7a84cfc <unknown>\n#13 0x5589a7a7b418 <unknown>\n#14 0x5589a7a4842f <unknown>\n#15 0x5589a7a9f4e8 <unknown>\n#16 0x5589a7a9f6b4 <unknown>\n#17 0x5589a7ab0143 <unknown>\n#18 0x7f7c2dc6e044 <unknown>","time":{"start":1698541881720,"stop":1698541885694,"duration":3974}}]},"tags":["smoke"]},"source":"148570e51b9bd73c.json","parameterValues":["2190","13","'TD 004'","1590","'products/shtukaturka-gipsovaya-aksolit-m50-30-kg-mashinnogo-naneseniya'","450","'https://sandboxtest.stroyrem-nn.ru/'","400"]}