{"uid":"1dfb79bb0a5e48d5","name":"TC 012 - Проверка функциональности ссылки 'Местоположение'","fullName":"tests.test_main_page.TestMainPage#test_positive_footer_location_smoke","historyId":"f096cd37294bea290e9040a7edc973e4","time":{"start":1700269583388,"stop":1700269583401,"duration":13},"status":"broken","statusMessage":"selenium.common.exceptions.NoSuchElementException: Message: no such element: Unable to locate element: {\"method\":\"xpath\",\"selector\":\"(//a[@href='/contact'])[3]\"}\n  (Session info: headless chrome=119.0.6045.105); For documentation on this error, please visit: https://www.selenium.dev/documentation/webdriver/troubleshooting/errors#no-such-element-exception\nStacktrace:\n#0 0x55a8e0c735e3 <unknown>\n#1 0x55a8e09360b7 <unknown>\n#2 0x55a8e0983f53 <unknown>\n#3 0x55a8e0984051 <unknown>\n#4 0x55a8e09c99c4 <unknown>\n#5 0x55a8e09aaf1d <unknown>\n#6 0x55a8e09c6b3d <unknown>\n#7 0x55a8e09aacc3 <unknown>\n#8 0x55a8e09760e4 <unknown>\n#9 0x55a8e09770ae <unknown>\n#10 0x55a8e0c39ce1 <unknown>\n#11 0x55a8e0c3db7e <unknown>\n#12 0x55a8e0c274b5 <unknown>\n#13 0x55a8e0c3e7d6 <unknown>\n#14 0x55a8e0c0adbf <unknown>\n#15 0x55a8e0c61748 <unknown>\n#16 0x55a8e0c61917 <unknown>\n#17 0x55a8e0c72773 <unknown>\n#18 0x7f236e6a1044 <unknown>","statusTrace":"self = <tests.test_main_page.TestMainPage object at 0x7f704297eb90>\nmain_page = <pages.main_page.MainPage object at 0x7f704147b990>\n\n    @allure.feature(\"Footer functionality\")\n    @allure.title(\"TC 012 - Проверка функциональности ссылки 'Местоположение'\")\n    @pytest.mark.smoke_test\n    def test_positive_footer_location_smoke(self, main_page):\n        location_page = LocationPage(main_page.driver)\n>       main_page.check_location_link()\n\ntests/test_main_page.py:116: \n_ _ _ _ _ _ _ _ _ _ _ _ _ _ _ _ _ _ _ _ _ _ _ _ _ _ _ _ _ _ _ _ _ _ _ _ _ _ _ _ \npages/main_page.py:148: in check_location_link\n    self.driver.find_element(*self._location).click()\n/usr/local/lib/python3.11/site-packages/selenium/webdriver/remote/webdriver.py:740: in find_element\n    return self.execute(Command.FIND_ELEMENT, {\"using\": by, \"value\": value})[\"value\"]\n/usr/local/lib/python3.11/site-packages/selenium/webdriver/remote/webdriver.py:346: in execute\n    self.error_handler.check_response(response)\n_ _ _ _ _ _ _ _ _ _ _ _ _ _ _ _ _ _ _ _ _ _ _ _ _ _ _ _ _ _ _ _ _ _ _ _ _ _ _ _ \n\nself = <selenium.webdriver.remote.errorhandler.ErrorHandler object at 0x7f7041479a90>\nresponse = {'status': 404, 'value': '{\"value\":{\"error\":\"no such element\",\"message\":\"no such element: Unable to locate element: {\\...\\\\n#16 0x55a8e0c61917 \\\\u003Cunknown>\\\\n#17 0x55a8e0c72773 \\\\u003Cunknown>\\\\n#18 0x7f236e6a1044 \\\\u003Cunknown>\\\\n\"}}'}\n\n    def check_response(self, response: Dict[str, Any]) -> None:\n        \"\"\"Checks that a JSON response from the WebDriver does not have an\n        error.\n    \n        :Args:\n         - response - The JSON response from the WebDriver server as a dictionary\n           object.\n    \n        :Raises: If the response contains an error message.\n        \"\"\"\n        status = response.get(\"status\", None)\n        if not status or status == ErrorCode.SUCCESS:\n            return\n        value = None\n        message = response.get(\"message\", \"\")\n        screen: str = response.get(\"screen\", \"\")\n        stacktrace = None\n        if isinstance(status, int):\n            value_json = response.get(\"value\", None)\n            if value_json and isinstance(value_json, str):\n                import json\n    \n                try:\n                    value = json.loads(value_json)\n                    if len(value) == 1:\n                        value = value[\"value\"]\n                    status = value.get(\"error\", None)\n                    if not status:\n                        status = value.get(\"status\", ErrorCode.UNKNOWN_ERROR)\n                        message = value.get(\"value\") or value.get(\"message\")\n                        if not isinstance(message, str):\n                            value = message\n                            message = message.get(\"message\")\n                    else:\n                        message = value.get(\"message\", None)\n                except ValueError:\n                    pass\n    \n        exception_class: Type[WebDriverException]\n        if status in ErrorCode.NO_SUCH_ELEMENT:\n            exception_class = NoSuchElementException\n        elif status in ErrorCode.NO_SUCH_FRAME:\n            exception_class = NoSuchFrameException\n        elif status in ErrorCode.NO_SUCH_SHADOW_ROOT:\n            exception_class = NoSuchShadowRootException\n        elif status in ErrorCode.NO_SUCH_WINDOW:\n            exception_class = NoSuchWindowException\n        elif status in ErrorCode.STALE_ELEMENT_REFERENCE:\n            exception_class = StaleElementReferenceException\n        elif status in ErrorCode.ELEMENT_NOT_VISIBLE:\n            exception_class = ElementNotVisibleException\n        elif status in ErrorCode.INVALID_ELEMENT_STATE:\n            exception_class = InvalidElementStateException\n        elif (\n            status in ErrorCode.INVALID_SELECTOR\n            or status in ErrorCode.INVALID_XPATH_SELECTOR\n            or status in ErrorCode.INVALID_XPATH_SELECTOR_RETURN_TYPER\n        ):\n            exception_class = InvalidSelectorException\n        elif status in ErrorCode.ELEMENT_IS_NOT_SELECTABLE:\n            exception_class = ElementNotSelectableException\n        elif status in ErrorCode.ELEMENT_NOT_INTERACTABLE:\n            exception_class = ElementNotInteractableException\n        elif status in ErrorCode.INVALID_COOKIE_DOMAIN:\n            exception_class = InvalidCookieDomainException\n        elif status in ErrorCode.UNABLE_TO_SET_COOKIE:\n            exception_class = UnableToSetCookieException\n        elif status in ErrorCode.TIMEOUT:\n            exception_class = TimeoutException\n        elif status in ErrorCode.SCRIPT_TIMEOUT:\n            exception_class = TimeoutException\n        elif status in ErrorCode.UNKNOWN_ERROR:\n            exception_class = WebDriverException\n        elif status in ErrorCode.UNEXPECTED_ALERT_OPEN:\n            exception_class = UnexpectedAlertPresentException\n        elif status in ErrorCode.NO_ALERT_OPEN:\n            exception_class = NoAlertPresentException\n        elif status in ErrorCode.IME_NOT_AVAILABLE:\n            exception_class = ImeNotAvailableException\n        elif status in ErrorCode.IME_ENGINE_ACTIVATION_FAILED:\n            exception_class = ImeActivationFailedException\n        elif status in ErrorCode.MOVE_TARGET_OUT_OF_BOUNDS:\n            exception_class = MoveTargetOutOfBoundsException\n        elif status in ErrorCode.JAVASCRIPT_ERROR:\n            exception_class = JavascriptException\n        elif status in ErrorCode.SESSION_NOT_CREATED:\n            exception_class = SessionNotCreatedException\n        elif status in ErrorCode.INVALID_ARGUMENT:\n            exception_class = InvalidArgumentException\n        elif status in ErrorCode.NO_SUCH_COOKIE:\n            exception_class = NoSuchCookieException\n        elif status in ErrorCode.UNABLE_TO_CAPTURE_SCREEN:\n            exception_class = ScreenshotException\n        elif status in ErrorCode.ELEMENT_CLICK_INTERCEPTED:\n            exception_class = ElementClickInterceptedException\n        elif status in ErrorCode.INSECURE_CERTIFICATE:\n            exception_class = InsecureCertificateException\n        elif status in ErrorCode.INVALID_COORDINATES:\n            exception_class = InvalidCoordinatesException\n        elif status in ErrorCode.INVALID_SESSION_ID:\n            exception_class = InvalidSessionIdException\n        elif status in ErrorCode.UNKNOWN_METHOD:\n            exception_class = UnknownMethodException\n        else:\n            exception_class = WebDriverException\n        if not value:\n            value = response[\"value\"]\n        if isinstance(value, str):\n            raise exception_class(value)\n        if message == \"\" and \"message\" in value:\n            message = value[\"message\"]\n    \n        screen = None  # type: ignore[assignment]\n        if \"screen\" in value:\n            screen = value[\"screen\"]\n    \n        stacktrace = None\n        st_value = value.get(\"stackTrace\") or value.get(\"stacktrace\")\n        if st_value:\n            if isinstance(st_value, str):\n                stacktrace = st_value.split(\"\\n\")\n            else:\n                stacktrace = []\n                try:\n                    for frame in st_value:\n                        line = frame.get(\"lineNumber\", \"\")\n                        file = frame.get(\"fileName\", \"<anonymous>\")\n                        if line:\n                            file = f\"{file}:{line}\"\n                        meth = frame.get(\"methodName\", \"<anonymous>\")\n                        if \"className\" in frame:\n                            meth = f\"{frame['className']}.{meth}\"\n                        msg = \"    at %s (%s)\"\n                        msg = msg % (meth, file)\n                        stacktrace.append(msg)\n                except TypeError:\n                    pass\n        if exception_class == UnexpectedAlertPresentException:\n            alert_text = None\n            if \"data\" in value:\n                alert_text = value[\"data\"].get(\"text\")\n            elif \"alert\" in value:\n                alert_text = value[\"alert\"].get(\"text\")\n            raise exception_class(message, screen, stacktrace, alert_text)  # type: ignore[call-arg]  # mypy is not smart enough here\n>       raise exception_class(message, screen, stacktrace)\nE       selenium.common.exceptions.NoSuchElementException: Message: no such element: Unable to locate element: {\"method\":\"xpath\",\"selector\":\"(//a[@href='/contact'])[3]\"}\nE         (Session info: headless chrome=119.0.6045.105); For documentation on this error, please visit: https://www.selenium.dev/documentation/webdriver/troubleshooting/errors#no-such-element-exception\nE       Stacktrace:\nE       #0 0x55a8e0c735e3 <unknown>\nE       #1 0x55a8e09360b7 <unknown>\nE       #2 0x55a8e0983f53 <unknown>\nE       #3 0x55a8e0984051 <unknown>\nE       #4 0x55a8e09c99c4 <unknown>\nE       #5 0x55a8e09aaf1d <unknown>\nE       #6 0x55a8e09c6b3d <unknown>\nE       #7 0x55a8e09aacc3 <unknown>\nE       #8 0x55a8e09760e4 <unknown>\nE       #9 0x55a8e09770ae <unknown>\nE       #10 0x55a8e0c39ce1 <unknown>\nE       #11 0x55a8e0c3db7e <unknown>\nE       #12 0x55a8e0c274b5 <unknown>\nE       #13 0x55a8e0c3e7d6 <unknown>\nE       #14 0x55a8e0c0adbf <unknown>\nE       #15 0x55a8e0c61748 <unknown>\nE       #16 0x55a8e0c61917 <unknown>\nE       #17 0x55a8e0c72773 <unknown>\nE       #18 0x7f236e6a1044 <unknown>\n\n/usr/local/lib/python3.11/site-packages/selenium/webdriver/remote/errorhandler.py:245: NoSuchElementException","flaky":false,"newFailed":false,"newBroken":false,"newPassed":false,"retriesCount":0,"retriesStatusChange":false,"beforeStages":[{"name":"_session_faker","time":{"start":1700269410193,"stop":1700269410260,"duration":67},"status":"passed","steps":[],"attachments":[],"parameters":[],"shouldDisplayMessage":false,"stepsCount":0,"attachmentsCount":0,"hasContent":false},{"name":"clear_allure_results_folder","time":{"start":1700269410260,"stop":1700269410260,"duration":0},"status":"passed","steps":[],"attachments":[],"parameters":[],"shouldDisplayMessage":false,"stepsCount":0,"attachmentsCount":0,"hasContent":false},{"name":"driver","time":{"start":1700269581700,"stop":1700269582435,"duration":735},"status":"passed","steps":[],"attachments":[],"parameters":[],"shouldDisplayMessage":false,"stepsCount":0,"attachmentsCount":0,"hasContent":false},{"name":"main_page","time":{"start":1700269582436,"stop":1700269583387,"duration":951},"status":"passed","steps":[],"attachments":[],"parameters":[],"shouldDisplayMessage":false,"stepsCount":0,"attachmentsCount":0,"hasContent":false},{"name":"setup","time":{"start":1700269582436,"stop":1700269582436,"duration":0},"status":"passed","steps":[],"attachments":[],"parameters":[],"shouldDisplayMessage":false,"stepsCount":0,"attachmentsCount":0,"hasContent":false}],"testStage":{"status":"broken","statusMessage":"selenium.common.exceptions.NoSuchElementException: Message: no such element: Unable to locate element: {\"method\":\"xpath\",\"selector\":\"(//a[@href='/contact'])[3]\"}\n  (Session info: headless chrome=119.0.6045.105); For documentation on this error, please visit: https://www.selenium.dev/documentation/webdriver/troubleshooting/errors#no-such-element-exception\nStacktrace:\n#0 0x55a8e0c735e3 <unknown>\n#1 0x55a8e09360b7 <unknown>\n#2 0x55a8e0983f53 <unknown>\n#3 0x55a8e0984051 <unknown>\n#4 0x55a8e09c99c4 <unknown>\n#5 0x55a8e09aaf1d <unknown>\n#6 0x55a8e09c6b3d <unknown>\n#7 0x55a8e09aacc3 <unknown>\n#8 0x55a8e09760e4 <unknown>\n#9 0x55a8e09770ae <unknown>\n#10 0x55a8e0c39ce1 <unknown>\n#11 0x55a8e0c3db7e <unknown>\n#12 0x55a8e0c274b5 <unknown>\n#13 0x55a8e0c3e7d6 <unknown>\n#14 0x55a8e0c0adbf <unknown>\n#15 0x55a8e0c61748 <unknown>\n#16 0x55a8e0c61917 <unknown>\n#17 0x55a8e0c72773 <unknown>\n#18 0x7f236e6a1044 <unknown>","statusTrace":"self = <tests.test_main_page.TestMainPage object at 0x7f704297eb90>\nmain_page = <pages.main_page.MainPage object at 0x7f704147b990>\n\n    @allure.feature(\"Footer functionality\")\n    @allure.title(\"TC 012 - Проверка функциональности ссылки 'Местоположение'\")\n    @pytest.mark.smoke_test\n    def test_positive_footer_location_smoke(self, main_page):\n        location_page = LocationPage(main_page.driver)\n>       main_page.check_location_link()\n\ntests/test_main_page.py:116: \n_ _ _ _ _ _ _ _ _ _ _ _ _ _ _ _ _ _ _ _ _ _ _ _ _ _ _ _ _ _ _ _ _ _ _ _ _ _ _ _ \npages/main_page.py:148: in check_location_link\n    self.driver.find_element(*self._location).click()\n/usr/local/lib/python3.11/site-packages/selenium/webdriver/remote/webdriver.py:740: in find_element\n    return self.execute(Command.FIND_ELEMENT, {\"using\": by, \"value\": value})[\"value\"]\n/usr/local/lib/python3.11/site-packages/selenium/webdriver/remote/webdriver.py:346: in execute\n    self.error_handler.check_response(response)\n_ _ _ _ _ _ _ _ _ _ _ _ _ _ _ _ _ _ _ _ _ _ _ _ _ _ _ _ _ _ _ _ _ _ _ _ _ _ _ _ \n\nself = <selenium.webdriver.remote.errorhandler.ErrorHandler object at 0x7f7041479a90>\nresponse = {'status': 404, 'value': '{\"value\":{\"error\":\"no such element\",\"message\":\"no such element: Unable to locate element: {\\...\\\\n#16 0x55a8e0c61917 \\\\u003Cunknown>\\\\n#17 0x55a8e0c72773 \\\\u003Cunknown>\\\\n#18 0x7f236e6a1044 \\\\u003Cunknown>\\\\n\"}}'}\n\n    def check_response(self, response: Dict[str, Any]) -> None:\n        \"\"\"Checks that a JSON response from the WebDriver does not have an\n        error.\n    \n        :Args:\n         - response - The JSON response from the WebDriver server as a dictionary\n           object.\n    \n        :Raises: If the response contains an error message.\n        \"\"\"\n        status = response.get(\"status\", None)\n        if not status or status == ErrorCode.SUCCESS:\n            return\n        value = None\n        message = response.get(\"message\", \"\")\n        screen: str = response.get(\"screen\", \"\")\n        stacktrace = None\n        if isinstance(status, int):\n            value_json = response.get(\"value\", None)\n            if value_json and isinstance(value_json, str):\n                import json\n    \n                try:\n                    value = json.loads(value_json)\n                    if len(value) == 1:\n                        value = value[\"value\"]\n                    status = value.get(\"error\", None)\n                    if not status:\n                        status = value.get(\"status\", ErrorCode.UNKNOWN_ERROR)\n                        message = value.get(\"value\") or value.get(\"message\")\n                        if not isinstance(message, str):\n                            value = message\n                            message = message.get(\"message\")\n                    else:\n                        message = value.get(\"message\", None)\n                except ValueError:\n                    pass\n    \n        exception_class: Type[WebDriverException]\n        if status in ErrorCode.NO_SUCH_ELEMENT:\n            exception_class = NoSuchElementException\n        elif status in ErrorCode.NO_SUCH_FRAME:\n            exception_class = NoSuchFrameException\n        elif status in ErrorCode.NO_SUCH_SHADOW_ROOT:\n            exception_class = NoSuchShadowRootException\n        elif status in ErrorCode.NO_SUCH_WINDOW:\n            exception_class = NoSuchWindowException\n        elif status in ErrorCode.STALE_ELEMENT_REFERENCE:\n            exception_class = StaleElementReferenceException\n        elif status in ErrorCode.ELEMENT_NOT_VISIBLE:\n            exception_class = ElementNotVisibleException\n        elif status in ErrorCode.INVALID_ELEMENT_STATE:\n            exception_class = InvalidElementStateException\n        elif (\n            status in ErrorCode.INVALID_SELECTOR\n            or status in ErrorCode.INVALID_XPATH_SELECTOR\n            or status in ErrorCode.INVALID_XPATH_SELECTOR_RETURN_TYPER\n        ):\n            exception_class = InvalidSelectorException\n        elif status in ErrorCode.ELEMENT_IS_NOT_SELECTABLE:\n            exception_class = ElementNotSelectableException\n        elif status in ErrorCode.ELEMENT_NOT_INTERACTABLE:\n            exception_class = ElementNotInteractableException\n        elif status in ErrorCode.INVALID_COOKIE_DOMAIN:\n            exception_class = InvalidCookieDomainException\n        elif status in ErrorCode.UNABLE_TO_SET_COOKIE:\n            exception_class = UnableToSetCookieException\n        elif status in ErrorCode.TIMEOUT:\n            exception_class = TimeoutException\n        elif status in ErrorCode.SCRIPT_TIMEOUT:\n            exception_class = TimeoutException\n        elif status in ErrorCode.UNKNOWN_ERROR:\n            exception_class = WebDriverException\n        elif status in ErrorCode.UNEXPECTED_ALERT_OPEN:\n            exception_class = UnexpectedAlertPresentException\n        elif status in ErrorCode.NO_ALERT_OPEN:\n            exception_class = NoAlertPresentException\n        elif status in ErrorCode.IME_NOT_AVAILABLE:\n            exception_class = ImeNotAvailableException\n        elif status in ErrorCode.IME_ENGINE_ACTIVATION_FAILED:\n            exception_class = ImeActivationFailedException\n        elif status in ErrorCode.MOVE_TARGET_OUT_OF_BOUNDS:\n            exception_class = MoveTargetOutOfBoundsException\n        elif status in ErrorCode.JAVASCRIPT_ERROR:\n            exception_class = JavascriptException\n        elif status in ErrorCode.SESSION_NOT_CREATED:\n            exception_class = SessionNotCreatedException\n        elif status in ErrorCode.INVALID_ARGUMENT:\n            exception_class = InvalidArgumentException\n        elif status in ErrorCode.NO_SUCH_COOKIE:\n            exception_class = NoSuchCookieException\n        elif status in ErrorCode.UNABLE_TO_CAPTURE_SCREEN:\n            exception_class = ScreenshotException\n        elif status in ErrorCode.ELEMENT_CLICK_INTERCEPTED:\n            exception_class = ElementClickInterceptedException\n        elif status in ErrorCode.INSECURE_CERTIFICATE:\n            exception_class = InsecureCertificateException\n        elif status in ErrorCode.INVALID_COORDINATES:\n            exception_class = InvalidCoordinatesException\n        elif status in ErrorCode.INVALID_SESSION_ID:\n            exception_class = InvalidSessionIdException\n        elif status in ErrorCode.UNKNOWN_METHOD:\n            exception_class = UnknownMethodException\n        else:\n            exception_class = WebDriverException\n        if not value:\n            value = response[\"value\"]\n        if isinstance(value, str):\n            raise exception_class(value)\n        if message == \"\" and \"message\" in value:\n            message = value[\"message\"]\n    \n        screen = None  # type: ignore[assignment]\n        if \"screen\" in value:\n            screen = value[\"screen\"]\n    \n        stacktrace = None\n        st_value = value.get(\"stackTrace\") or value.get(\"stacktrace\")\n        if st_value:\n            if isinstance(st_value, str):\n                stacktrace = st_value.split(\"\\n\")\n            else:\n                stacktrace = []\n                try:\n                    for frame in st_value:\n                        line = frame.get(\"lineNumber\", \"\")\n                        file = frame.get(\"fileName\", \"<anonymous>\")\n                        if line:\n                            file = f\"{file}:{line}\"\n                        meth = frame.get(\"methodName\", \"<anonymous>\")\n                        if \"className\" in frame:\n                            meth = f\"{frame['className']}.{meth}\"\n                        msg = \"    at %s (%s)\"\n                        msg = msg % (meth, file)\n                        stacktrace.append(msg)\n                except TypeError:\n                    pass\n        if exception_class == UnexpectedAlertPresentException:\n            alert_text = None\n            if \"data\" in value:\n                alert_text = value[\"data\"].get(\"text\")\n            elif \"alert\" in value:\n                alert_text = value[\"alert\"].get(\"text\")\n            raise exception_class(message, screen, stacktrace, alert_text)  # type: ignore[call-arg]  # mypy is not smart enough here\n>       raise exception_class(message, screen, stacktrace)\nE       selenium.common.exceptions.NoSuchElementException: Message: no such element: Unable to locate element: {\"method\":\"xpath\",\"selector\":\"(//a[@href='/contact'])[3]\"}\nE         (Session info: headless chrome=119.0.6045.105); For documentation on this error, please visit: https://www.selenium.dev/documentation/webdriver/troubleshooting/errors#no-such-element-exception\nE       Stacktrace:\nE       #0 0x55a8e0c735e3 <unknown>\nE       #1 0x55a8e09360b7 <unknown>\nE       #2 0x55a8e0983f53 <unknown>\nE       #3 0x55a8e0984051 <unknown>\nE       #4 0x55a8e09c99c4 <unknown>\nE       #5 0x55a8e09aaf1d <unknown>\nE       #6 0x55a8e09c6b3d <unknown>\nE       #7 0x55a8e09aacc3 <unknown>\nE       #8 0x55a8e09760e4 <unknown>\nE       #9 0x55a8e09770ae <unknown>\nE       #10 0x55a8e0c39ce1 <unknown>\nE       #11 0x55a8e0c3db7e <unknown>\nE       #12 0x55a8e0c274b5 <unknown>\nE       #13 0x55a8e0c3e7d6 <unknown>\nE       #14 0x55a8e0c0adbf <unknown>\nE       #15 0x55a8e0c61748 <unknown>\nE       #16 0x55a8e0c61917 <unknown>\nE       #17 0x55a8e0c72773 <unknown>\nE       #18 0x7f236e6a1044 <unknown>\n\n/usr/local/lib/python3.11/site-packages/selenium/webdriver/remote/errorhandler.py:245: NoSuchElementException","steps":[{"name":"Проверка функциональности ссылки 'Местоположение'","time":{"start":1700269583388,"stop":1700269583400,"duration":12},"status":"broken","statusMessage":"selenium.common.exceptions.NoSuchElementException: Message: no such element: Unable to locate element: {\"method\":\"xpath\",\"selector\":\"(//a[@href='/contact'])[3]\"}\n  (Session info: headless chrome=119.0.6045.105); For documentation on this error, please visit: https://www.selenium.dev/documentation/webdriver/troubleshooting/errors#no-such-element-exception\nStacktrace:\n#0 0x55a8e0c735e3 <unknown>\n#1 0x55a8e09360b7 <unknown>\n#2 0x55a8e0983f53 <unknown>\n#3 0x55a8e0984051 <unknown>\n#4 0x55a8e09c99c4 <unknown>\n#5 0x55a8e09aaf1d <unknown>\n#6 0x55a8e09c6b3d <unknown>\n#7 0x55a8e09aacc3 <unknown>\n#8 0x55a8e09760e4 <unknown>\n#9 0x55a8e09770ae <unknown>\n#10 0x55a8e0c39ce1 <unknown>\n#11 0x55a8e0c3db7e <unknown>\n#12 0x55a8e0c274b5 <unknown>\n#13 0x55a8e0c3e7d6 <unknown>\n#14 0x55a8e0c0adbf <unknown>\n#15 0x55a8e0c61748 <unknown>\n#16 0x55a8e0c61917 <unknown>\n#17 0x55a8e0c72773 <unknown>\n#18 0x7f236e6a1044 <unknown>\n\n","statusTrace":"  File \"/usr/local/lib/python3.11/site-packages/allure_commons/_allure.py\", line 192, in impl\n    return func(*a, **kw)\n           ^^^^^^^^^^^^^^\n  File \"/app/pages/main_page.py\", line 148, in check_location_link\n    self.driver.find_element(*self._location).click()\n    ^^^^^^^^^^^^^^^^^^^^^^^^^^^^^^^^^^^^^^^^^\n  File \"/usr/local/lib/python3.11/site-packages/selenium/webdriver/remote/webdriver.py\", line 740, in find_element\n    return self.execute(Command.FIND_ELEMENT, {\"using\": by, \"value\": value})[\"value\"]\n           ^^^^^^^^^^^^^^^^^^^^^^^^^^^^^^^^^^^^^^^^^^^^^^^^^^^^^^^^^^^^^^^^^\n  File \"/usr/local/lib/python3.11/site-packages/selenium/webdriver/remote/webdriver.py\", line 346, in execute\n    self.error_handler.check_response(response)\n  File \"/usr/local/lib/python3.11/site-packages/selenium/webdriver/remote/errorhandler.py\", line 245, in check_response\n    raise exception_class(message, screen, stacktrace)\n","steps":[],"attachments":[],"parameters":[],"shouldDisplayMessage":true,"stepsCount":0,"attachmentsCount":0,"hasContent":true}],"attachments":[{"uid":"f2e0baaa9d0ff663","name":"Screenshot","source":"f2e0baaa9d0ff663.png","type":"image/png","size":39127},{"uid":"7d8b94bc0cbe5049","name":"HTML source","source":"7d8b94bc0cbe5049.html","type":"text/html","size":538}],"parameters":[],"shouldDisplayMessage":true,"stepsCount":1,"attachmentsCount":2,"hasContent":true},"afterStages":[{"name":"setup::0","time":{"start":1700269583511,"stop":1700269583511,"duration":0},"status":"passed","steps":[],"attachments":[],"parameters":[],"shouldDisplayMessage":false,"stepsCount":0,"attachmentsCount":0,"hasContent":false},{"name":"driver::0","time":{"start":1700269583512,"stop":1700269583569,"duration":57},"status":"passed","steps":[],"attachments":[],"parameters":[],"shouldDisplayMessage":false,"stepsCount":0,"attachmentsCount":0,"hasContent":false}],"labels":[{"name":"feature","value":"Footer functionality"},{"name":"epic","value":"Main Page"},{"name":"tag","value":"smoke_test"},{"name":"parentSuite","value":"tests"},{"name":"suite","value":"test_main_page"},{"name":"subSuite","value":"TestMainPage"},{"name":"host","value":"a1a0c957014f"},{"name":"thread","value":"1-MainThread"},{"name":"framework","value":"pytest"},{"name":"language","value":"cpython3"},{"name":"package","value":"tests.test_main_page"},{"name":"resultFormat","value":"allure2"}],"parameters":[{"name":"url","value":"'https://test2.stroyrem-nn.ru/'"}],"links":[],"hidden":false,"retry":false,"extra":{"severity":"normal","retries":[],"categories":[{"name":"Test defects","matchedStatuses":[],"flaky":false}],"history":{"statistic":{"failed":0,"broken":66,"skipped":0,"passed":35,"unknown":0,"total":101},"items":[{"uid":"c62c755034801082","reportUrl":"https://zaelcovsky.github.io/StroyremAutomation/143//#testresult/c62c755034801082","status":"broken","statusDetails":"selenium.common.exceptions.NoSuchElementException: Message: no such element: Unable to locate element: {\"method\":\"xpath\",\"selector\":\"(//a[@href='/contact'])[3]\"}\n  (Session info: headless chrome=119.0.6045.105); For documentation on this error, please visit: https://www.selenium.dev/documentation/webdriver/troubleshooting/errors#no-such-element-exception\nStacktrace:\n#0 0x55588e4a15e3 <unknown>\n#1 0x55588e1640b7 <unknown>\n#2 0x55588e1b1f53 <unknown>\n#3 0x55588e1b2051 <unknown>\n#4 0x55588e1f79c4 <unknown>\n#5 0x55588e1d8f1d <unknown>\n#6 0x55588e1f4b3d <unknown>\n#7 0x55588e1d8cc3 <unknown>\n#8 0x55588e1a40e4 <unknown>\n#9 0x55588e1a50ae <unknown>\n#10 0x55588e467ce1 <unknown>\n#11 0x55588e46bb7e <unknown>\n#12 0x55588e4554b5 <unknown>\n#13 0x55588e46c7d6 <unknown>\n#14 0x55588e438dbf <unknown>\n#15 0x55588e48f748 <unknown>\n#16 0x55588e48f917 <unknown>\n#17 0x55588e4a0773 <unknown>\n#18 0x7f22a63b7044 <unknown>","time":{"start":1700183216434,"stop":1700183216448,"duration":14}},{"uid":"4b95abbe0f6bcc43","reportUrl":"https://zaelcovsky.github.io/StroyremAutomation/142//#testresult/4b95abbe0f6bcc43","status":"broken","statusDetails":"selenium.common.exceptions.NoSuchElementException: Message: no such element: Unable to locate element: {\"method\":\"xpath\",\"selector\":\"(//a[@href='/contact'])[3]\"}\n  (Session info: headless chrome=119.0.6045.105); For documentation on this error, please visit: https://www.selenium.dev/documentation/webdriver/troubleshooting/errors#no-such-element-exception\nStacktrace:\n#0 0x55d6dbc745e3 <unknown>\n#1 0x55d6db9370b7 <unknown>\n#2 0x55d6db984f53 <unknown>\n#3 0x55d6db985051 <unknown>\n#4 0x55d6db9ca9c4 <unknown>\n#5 0x55d6db9abf1d <unknown>\n#6 0x55d6db9c7b3d <unknown>\n#7 0x55d6db9abcc3 <unknown>\n#8 0x55d6db9770e4 <unknown>\n#9 0x55d6db9780ae <unknown>\n#10 0x55d6dbc3ace1 <unknown>\n#11 0x55d6dbc3eb7e <unknown>\n#12 0x55d6dbc284b5 <unknown>\n#13 0x55d6dbc3f7d6 <unknown>\n#14 0x55d6dbc0bdbf <unknown>\n#15 0x55d6dbc62748 <unknown>\n#16 0x55d6dbc62917 <unknown>\n#17 0x55d6dbc73773 <unknown>\n#18 0x7f4feeea4044 <unknown>","time":{"start":1700096807505,"stop":1700096807518,"duration":13}},{"uid":"e60b02d1038a496c","reportUrl":"https://zaelcovsky.github.io/StroyremAutomation/141//#testresult/e60b02d1038a496c","status":"broken","statusDetails":"selenium.common.exceptions.NoSuchElementException: Message: no such element: Unable to locate element: {\"method\":\"xpath\",\"selector\":\"(//a[@href='/contact'])[3]\"}\n  (Session info: headless chrome=119.0.6045.105); For documentation on this error, please visit: https://www.selenium.dev/documentation/webdriver/troubleshooting/errors#no-such-element-exception\nStacktrace:\n#0 0x563e033725e3 <unknown>\n#1 0x563e030350b7 <unknown>\n#2 0x563e03082f53 <unknown>\n#3 0x563e03083051 <unknown>\n#4 0x563e030c89c4 <unknown>\n#5 0x563e030a9f1d <unknown>\n#6 0x563e030c5b3d <unknown>\n#7 0x563e030a9cc3 <unknown>\n#8 0x563e030750e4 <unknown>\n#9 0x563e030760ae <unknown>\n#10 0x563e03338ce1 <unknown>\n#11 0x563e0333cb7e <unknown>\n#12 0x563e033264b5 <unknown>\n#13 0x563e0333d7d6 <unknown>\n#14 0x563e03309dbf <unknown>\n#15 0x563e03360748 <unknown>\n#16 0x563e03360917 <unknown>\n#17 0x563e03371773 <unknown>\n#18 0x7f84ce16b044 <unknown>","time":{"start":1700010341327,"stop":1700010341341,"duration":14}},{"uid":"6f83b8059ddebd01","reportUrl":"https://zaelcovsky.github.io/StroyremAutomation/140//#testresult/6f83b8059ddebd01","status":"broken","statusDetails":"selenium.common.exceptions.NoSuchElementException: Message: no such element: Unable to locate element: {\"method\":\"xpath\",\"selector\":\"(//a[@href='/contact'])[3]\"}\n  (Session info: headless chrome=119.0.6045.105); For documentation on this error, please visit: https://www.selenium.dev/documentation/webdriver/troubleshooting/errors#no-such-element-exception\nStacktrace:\n#0 0x5625bf5fc5e3 <unknown>\n#1 0x5625bf2bf0b7 <unknown>\n#2 0x5625bf30cf53 <unknown>\n#3 0x5625bf30d051 <unknown>\n#4 0x5625bf3529c4 <unknown>\n#5 0x5625bf333f1d <unknown>\n#6 0x5625bf34fb3d <unknown>\n#7 0x5625bf333cc3 <unknown>\n#8 0x5625bf2ff0e4 <unknown>\n#9 0x5625bf3000ae <unknown>\n#10 0x5625bf5c2ce1 <unknown>\n#11 0x5625bf5c6b7e <unknown>\n#12 0x5625bf5b04b5 <unknown>\n#13 0x5625bf5c77d6 <unknown>\n#14 0x5625bf593dbf <unknown>\n#15 0x5625bf5ea748 <unknown>\n#16 0x5625bf5ea917 <unknown>\n#17 0x5625bf5fb773 <unknown>\n#18 0x7f680cf18044 <unknown>","time":{"start":1699923928934,"stop":1699923928953,"duration":19}},{"uid":"c5f77babdc9e6603","reportUrl":"https://zaelcovsky.github.io/StroyremAutomation/139//#testresult/c5f77babdc9e6603","status":"broken","statusDetails":"selenium.common.exceptions.NoSuchElementException: Message: no such element: Unable to locate element: {\"method\":\"xpath\",\"selector\":\"(//a[@href='/contact'])[3]\"}\n  (Session info: headless chrome=119.0.6045.105); For documentation on this error, please visit: https://www.selenium.dev/documentation/webdriver/troubleshooting/errors#no-such-element-exception\nStacktrace:\n#0 0x5642846f45e3 <unknown>\n#1 0x5642843b70b7 <unknown>\n#2 0x564284404f53 <unknown>\n#3 0x564284405051 <unknown>\n#4 0x56428444a9c4 <unknown>\n#5 0x56428442bf1d <unknown>\n#6 0x564284447b3d <unknown>\n#7 0x56428442bcc3 <unknown>\n#8 0x5642843f70e4 <unknown>\n#9 0x5642843f80ae <unknown>\n#10 0x5642846bace1 <unknown>\n#11 0x5642846beb7e <unknown>\n#12 0x5642846a84b5 <unknown>\n#13 0x5642846bf7d6 <unknown>\n#14 0x56428468bdbf <unknown>\n#15 0x5642846e2748 <unknown>\n#16 0x5642846e2917 <unknown>\n#17 0x5642846f3773 <unknown>\n#18 0x7f717f0ca044 <unknown>","time":{"start":1699837624233,"stop":1699837624246,"duration":13}},{"uid":"c36b55c36fb3d147","reportUrl":"https://zaelcovsky.github.io/StroyremAutomation/138//#testresult/c36b55c36fb3d147","status":"broken","statusDetails":"selenium.common.exceptions.NoSuchElementException: Message: no such element: Unable to locate element: {\"method\":\"xpath\",\"selector\":\"(//a[@href='/contact'])[3]\"}\n  (Session info: headless chrome=119.0.6045.105); For documentation on this error, please visit: https://www.selenium.dev/documentation/webdriver/troubleshooting/errors#no-such-element-exception\nStacktrace:\n#0 0x55d57a0c55e3 <unknown>\n#1 0x55d579d880b7 <unknown>\n#2 0x55d579dd5f53 <unknown>\n#3 0x55d579dd6051 <unknown>\n#4 0x55d579e1b9c4 <unknown>\n#5 0x55d579dfcf1d <unknown>\n#6 0x55d579e18b3d <unknown>\n#7 0x55d579dfccc3 <unknown>\n#8 0x55d579dc80e4 <unknown>\n#9 0x55d579dc90ae <unknown>\n#10 0x55d57a08bce1 <unknown>\n#11 0x55d57a08fb7e <unknown>\n#12 0x55d57a0794b5 <unknown>\n#13 0x55d57a0907d6 <unknown>\n#14 0x55d57a05cdbf <unknown>\n#15 0x55d57a0b3748 <unknown>\n#16 0x55d57a0b3917 <unknown>\n#17 0x55d57a0c4773 <unknown>\n#18 0x7fcf34572044 <unknown>","time":{"start":1699751394656,"stop":1699751394677,"duration":21}},{"uid":"23dca0278d8e5737","reportUrl":"https://zaelcovsky.github.io/StroyremAutomation/137//#testresult/23dca0278d8e5737","status":"broken","statusDetails":"selenium.common.exceptions.NoSuchElementException: Message: no such element: Unable to locate element: {\"method\":\"xpath\",\"selector\":\"(//a[@href='/contact'])[3]\"}\n  (Session info: headless chrome=119.0.6045.105); For documentation on this error, please visit: https://www.selenium.dev/documentation/webdriver/troubleshooting/errors#no-such-element-exception\nStacktrace:\n#0 0x564bf9b515e3 <unknown>\n#1 0x564bf98140b7 <unknown>\n#2 0x564bf9861f53 <unknown>\n#3 0x564bf9862051 <unknown>\n#4 0x564bf98a79c4 <unknown>\n#5 0x564bf9888f1d <unknown>\n#6 0x564bf98a4b3d <unknown>\n#7 0x564bf9888cc3 <unknown>\n#8 0x564bf98540e4 <unknown>\n#9 0x564bf98550ae <unknown>\n#10 0x564bf9b17ce1 <unknown>\n#11 0x564bf9b1bb7e <unknown>\n#12 0x564bf9b054b5 <unknown>\n#13 0x564bf9b1c7d6 <unknown>\n#14 0x564bf9ae8dbf <unknown>\n#15 0x564bf9b3f748 <unknown>\n#16 0x564bf9b3f917 <unknown>\n#17 0x564bf9b50773 <unknown>\n#18 0x7f4628ed8044 <unknown>","time":{"start":1699664602957,"stop":1699664602970,"duration":13}},{"uid":"4a96fb0fec96739b","reportUrl":"https://zaelcovsky.github.io/StroyremAutomation/136//#testresult/4a96fb0fec96739b","status":"broken","statusDetails":"selenium.common.exceptions.NoSuchElementException: Message: no such element: Unable to locate element: {\"method\":\"xpath\",\"selector\":\"(//a[@href='/contact'])[3]\"}\n  (Session info: headless chrome=119.0.6045.105); For documentation on this error, please visit: https://www.selenium.dev/documentation/webdriver/troubleshooting/errors#no-such-element-exception\nStacktrace:\n#0 0x55ea08c195e3 <unknown>\n#1 0x55ea088dc0b7 <unknown>\n#2 0x55ea08929f53 <unknown>\n#3 0x55ea0892a051 <unknown>\n#4 0x55ea0896f9c4 <unknown>\n#5 0x55ea08950f1d <unknown>\n#6 0x55ea0896cb3d <unknown>\n#7 0x55ea08950cc3 <unknown>\n#8 0x55ea0891c0e4 <unknown>\n#9 0x55ea0891d0ae <unknown>\n#10 0x55ea08bdfce1 <unknown>\n#11 0x55ea08be3b7e <unknown>\n#12 0x55ea08bcd4b5 <unknown>\n#13 0x55ea08be47d6 <unknown>\n#14 0x55ea08bb0dbf <unknown>\n#15 0x55ea08c07748 <unknown>\n#16 0x55ea08c07917 <unknown>\n#17 0x55ea08c18773 <unknown>\n#18 0x7f1d3d4b2044 <unknown>","time":{"start":1699578287617,"stop":1699578287630,"duration":13}},{"uid":"64b00e42fd71b805","reportUrl":"https://zaelcovsky.github.io/StroyremAutomation/135//#testresult/64b00e42fd71b805","status":"broken","statusDetails":"selenium.common.exceptions.NoSuchElementException: Message: no such element: Unable to locate element: {\"method\":\"xpath\",\"selector\":\"(//a[@href='/contact'])[3]\"}\n  (Session info: headless chrome=119.0.6045.105); For documentation on this error, please visit: https://www.selenium.dev/documentation/webdriver/troubleshooting/errors#no-such-element-exception\nStacktrace:\n#0 0x56419c1a25e3 <unknown>\n#1 0x56419be650b7 <unknown>\n#2 0x56419beb2f53 <unknown>\n#3 0x56419beb3051 <unknown>\n#4 0x56419bef89c4 <unknown>\n#5 0x56419bed9f1d <unknown>\n#6 0x56419bef5b3d <unknown>\n#7 0x56419bed9cc3 <unknown>\n#8 0x56419bea50e4 <unknown>\n#9 0x56419bea60ae <unknown>\n#10 0x56419c168ce1 <unknown>\n#11 0x56419c16cb7e <unknown>\n#12 0x56419c1564b5 <unknown>\n#13 0x56419c16d7d6 <unknown>\n#14 0x56419c139dbf <unknown>\n#15 0x56419c190748 <unknown>\n#16 0x56419c190917 <unknown>\n#17 0x56419c1a1773 <unknown>\n#18 0x7efc548b2044 <unknown>","time":{"start":1699491935233,"stop":1699491935257,"duration":24}},{"uid":"5329d48d93ac2d48","reportUrl":"https://zaelcovsky.github.io/StroyremAutomation/134//#testresult/5329d48d93ac2d48","status":"broken","statusDetails":"selenium.common.exceptions.NoSuchElementException: Message: no such element: Unable to locate element: {\"method\":\"xpath\",\"selector\":\"(//a[@href='/contact'])[3]\"}\n  (Session info: headless chrome=119.0.6045.105); For documentation on this error, please visit: https://www.selenium.dev/documentation/webdriver/troubleshooting/errors#no-such-element-exception\nStacktrace:\n#0 0x55c8631865e3 <unknown>\n#1 0x55c862e490b7 <unknown>\n#2 0x55c862e96f53 <unknown>\n#3 0x55c862e97051 <unknown>\n#4 0x55c862edc9c4 <unknown>\n#5 0x55c862ebdf1d <unknown>\n#6 0x55c862ed9b3d <unknown>\n#7 0x55c862ebdcc3 <unknown>\n#8 0x55c862e890e4 <unknown>\n#9 0x55c862e8a0ae <unknown>\n#10 0x55c86314cce1 <unknown>\n#11 0x55c863150b7e <unknown>\n#12 0x55c86313a4b5 <unknown>\n#13 0x55c8631517d6 <unknown>\n#14 0x55c86311ddbf <unknown>\n#15 0x55c863174748 <unknown>\n#16 0x55c863174917 <unknown>\n#17 0x55c863185773 <unknown>\n#18 0x7f03a34f0044 <unknown>","time":{"start":1699405462191,"stop":1699405462207,"duration":16}},{"uid":"f4874730701b777","reportUrl":"https://zaelcovsky.github.io/StroyremAutomation/133//#testresult/f4874730701b777","status":"broken","statusDetails":"selenium.common.exceptions.NoSuchElementException: Message: no such element: Unable to locate element: {\"method\":\"xpath\",\"selector\":\"(//a[@href='/contact'])[3]\"}\n  (Session info: headless chrome=119.0.6045.105); For documentation on this error, please visit: https://www.selenium.dev/documentation/webdriver/troubleshooting/errors#no-such-element-exception\nStacktrace:\n#0 0x55b361d565e3 <unknown>\n#1 0x55b361a190b7 <unknown>\n#2 0x55b361a66f53 <unknown>\n#3 0x55b361a67051 <unknown>\n#4 0x55b361aac9c4 <unknown>\n#5 0x55b361a8df1d <unknown>\n#6 0x55b361aa9b3d <unknown>\n#7 0x55b361a8dcc3 <unknown>\n#8 0x55b361a590e4 <unknown>\n#9 0x55b361a5a0ae <unknown>\n#10 0x55b361d1cce1 <unknown>\n#11 0x55b361d20b7e <unknown>\n#12 0x55b361d0a4b5 <unknown>\n#13 0x55b361d217d6 <unknown>\n#14 0x55b361ceddbf <unknown>\n#15 0x55b361d44748 <unknown>\n#16 0x55b361d44917 <unknown>\n#17 0x55b361d55773 <unknown>\n#18 0x7fce99c04044 <unknown>","time":{"start":1699319138666,"stop":1699319138682,"duration":16}},{"uid":"149ab5685d06f926","reportUrl":"https://zaelcovsky.github.io/StroyremAutomation/132//#testresult/149ab5685d06f926","status":"broken","statusDetails":"selenium.common.exceptions.NoSuchElementException: Message: no such element: Unable to locate element: {\"method\":\"xpath\",\"selector\":\"(//a[@href='/contact'])[3]\"}\n  (Session info: headless chrome=119.0.6045.105); For documentation on this error, please visit: https://www.selenium.dev/documentation/webdriver/troubleshooting/errors#no-such-element-exception\nStacktrace:\n#0 0x559569acf5e3 <unknown>\n#1 0x5595697920b7 <unknown>\n#2 0x5595697dff53 <unknown>\n#3 0x5595697e0051 <unknown>\n#4 0x5595698259c4 <unknown>\n#5 0x559569806f1d <unknown>\n#6 0x559569822b3d <unknown>\n#7 0x559569806cc3 <unknown>\n#8 0x5595697d20e4 <unknown>\n#9 0x5595697d30ae <unknown>\n#10 0x559569a95ce1 <unknown>\n#11 0x559569a99b7e <unknown>\n#12 0x559569a834b5 <unknown>\n#13 0x559569a9a7d6 <unknown>\n#14 0x559569a66dbf <unknown>\n#15 0x559569abd748 <unknown>\n#16 0x559569abd917 <unknown>\n#17 0x559569ace773 <unknown>\n#18 0x7f182ecc8044 <unknown>","time":{"start":1699232809173,"stop":1699232809199,"duration":26}},{"uid":"7283ba8c89463af2","reportUrl":"https://zaelcovsky.github.io/StroyremAutomation/131//#testresult/7283ba8c89463af2","status":"broken","statusDetails":"selenium.common.exceptions.NoSuchElementException: Message: no such element: Unable to locate element: {\"method\":\"xpath\",\"selector\":\"(//a[@href='/contact'])[3]\"}\n  (Session info: headless chrome=119.0.6045.105); For documentation on this error, please visit: https://www.selenium.dev/documentation/webdriver/troubleshooting/errors#no-such-element-exception\nStacktrace:\n#0 0x55c5ff01e5e3 <unknown>\n#1 0x55c5fece10b7 <unknown>\n#2 0x55c5fed2ef53 <unknown>\n#3 0x55c5fed2f051 <unknown>\n#4 0x55c5fed749c4 <unknown>\n#5 0x55c5fed55f1d <unknown>\n#6 0x55c5fed71b3d <unknown>\n#7 0x55c5fed55cc3 <unknown>\n#8 0x55c5fed210e4 <unknown>\n#9 0x55c5fed220ae <unknown>\n#10 0x55c5fefe4ce1 <unknown>\n#11 0x55c5fefe8b7e <unknown>\n#12 0x55c5fefd24b5 <unknown>\n#13 0x55c5fefe97d6 <unknown>\n#14 0x55c5fefb5dbf <unknown>\n#15 0x55c5ff00c748 <unknown>\n#16 0x55c5ff00c917 <unknown>\n#17 0x55c5ff01d773 <unknown>\n#18 0x7f67cb845044 <unknown>","time":{"start":1699146524421,"stop":1699146524437,"duration":16}},{"uid":"a7b15808644f2707","reportUrl":"https://zaelcovsky.github.io/StroyremAutomation/130//#testresult/a7b15808644f2707","status":"broken","statusDetails":"selenium.common.exceptions.NoSuchElementException: Message: no such element: Unable to locate element: {\"method\":\"xpath\",\"selector\":\"(//a[@href='/contact'])[3]\"}\n  (Session info: headless chrome=119.0.6045.105); For documentation on this error, please visit: https://www.selenium.dev/documentation/webdriver/troubleshooting/errors#no-such-element-exception\nStacktrace:\n#0 0x558fda5815e3 <unknown>\n#1 0x558fda2440b7 <unknown>\n#2 0x558fda291f53 <unknown>\n#3 0x558fda292051 <unknown>\n#4 0x558fda2d79c4 <unknown>\n#5 0x558fda2b8f1d <unknown>\n#6 0x558fda2d4b3d <unknown>\n#7 0x558fda2b8cc3 <unknown>\n#8 0x558fda2840e4 <unknown>\n#9 0x558fda2850ae <unknown>\n#10 0x558fda547ce1 <unknown>\n#11 0x558fda54bb7e <unknown>\n#12 0x558fda5354b5 <unknown>\n#13 0x558fda54c7d6 <unknown>\n#14 0x558fda518dbf <unknown>\n#15 0x558fda56f748 <unknown>\n#16 0x558fda56f917 <unknown>\n#17 0x558fda580773 <unknown>\n#18 0x7f33f0f2b044 <unknown>","time":{"start":1699059825120,"stop":1699059825136,"duration":16}},{"uid":"118989f378c01b54","reportUrl":"https://zaelcovsky.github.io/StroyremAutomation/129//#testresult/118989f378c01b54","status":"broken","statusDetails":"selenium.common.exceptions.NoSuchElementException: Message: no such element: Unable to locate element: {\"method\":\"xpath\",\"selector\":\"(//a[@href='/contact'])[3]\"}\n  (Session info: headless chrome=119.0.6045.105); For documentation on this error, please visit: https://www.selenium.dev/documentation/webdriver/troubleshooting/errors#no-such-element-exception\nStacktrace:\n#0 0x5637d3a8b5e3 <unknown>\n#1 0x5637d374e0b7 <unknown>\n#2 0x5637d379bf53 <unknown>\n#3 0x5637d379c051 <unknown>\n#4 0x5637d37e19c4 <unknown>\n#5 0x5637d37c2f1d <unknown>\n#6 0x5637d37deb3d <unknown>\n#7 0x5637d37c2cc3 <unknown>\n#8 0x5637d378e0e4 <unknown>\n#9 0x5637d378f0ae <unknown>\n#10 0x5637d3a51ce1 <unknown>\n#11 0x5637d3a55b7e <unknown>\n#12 0x5637d3a3f4b5 <unknown>\n#13 0x5637d3a567d6 <unknown>\n#14 0x5637d3a22dbf <unknown>\n#15 0x5637d3a79748 <unknown>\n#16 0x5637d3a79917 <unknown>\n#17 0x5637d3a8a773 <unknown>\n#18 0x7f52f4aa6044 <unknown>","time":{"start":1698973437293,"stop":1698973437311,"duration":18}},{"uid":"ea7ac01f958df14","reportUrl":"https://zaelcovsky.github.io/StroyremAutomation/128//#testresult/ea7ac01f958df14","status":"broken","statusDetails":"selenium.common.exceptions.NoSuchElementException: Message: no such element: Unable to locate element: {\"method\":\"xpath\",\"selector\":\"(//a[@href='/contact'])[3]\"}\n  (Session info: headless chrome=119.0.6045.105); For documentation on this error, please visit: https://www.selenium.dev/documentation/webdriver/troubleshooting/errors#no-such-element-exception\nStacktrace:\n#0 0x55c6189485e3 <unknown>\n#1 0x55c61860b0b7 <unknown>\n#2 0x55c618658f53 <unknown>\n#3 0x55c618659051 <unknown>\n#4 0x55c61869e9c4 <unknown>\n#5 0x55c61867ff1d <unknown>\n#6 0x55c61869bb3d <unknown>\n#7 0x55c61867fcc3 <unknown>\n#8 0x55c61864b0e4 <unknown>\n#9 0x55c61864c0ae <unknown>\n#10 0x55c61890ece1 <unknown>\n#11 0x55c618912b7e <unknown>\n#12 0x55c6188fc4b5 <unknown>\n#13 0x55c6189137d6 <unknown>\n#14 0x55c6188dfdbf <unknown>\n#15 0x55c618936748 <unknown>\n#16 0x55c618936917 <unknown>\n#17 0x55c618947773 <unknown>\n#18 0x7f8eeb139044 <unknown>","time":{"start":1698887021004,"stop":1698887021016,"duration":12}},{"uid":"c11f73b75fc53f9d","reportUrl":"https://zaelcovsky.github.io/StroyremAutomation/127//#testresult/c11f73b75fc53f9d","status":"broken","statusDetails":"selenium.common.exceptions.NoSuchElementException: Message: no such element: Unable to locate element: {\"method\":\"xpath\",\"selector\":\"(//a[@href='/contact'])[3]\"}\n  (Session info: headless chrome=119.0.6045.105); For documentation on this error, please visit: https://www.selenium.dev/documentation/webdriver/troubleshooting/errors#no-such-element-exception\nStacktrace:\n#0 0x555fd16d85e3 <unknown>\n#1 0x555fd139b0b7 <unknown>\n#2 0x555fd13e8f53 <unknown>\n#3 0x555fd13e9051 <unknown>\n#4 0x555fd142e9c4 <unknown>\n#5 0x555fd140ff1d <unknown>\n#6 0x555fd142bb3d <unknown>\n#7 0x555fd140fcc3 <unknown>\n#8 0x555fd13db0e4 <unknown>\n#9 0x555fd13dc0ae <unknown>\n#10 0x555fd169ece1 <unknown>\n#11 0x555fd16a2b7e <unknown>\n#12 0x555fd168c4b5 <unknown>\n#13 0x555fd16a37d6 <unknown>\n#14 0x555fd166fdbf <unknown>\n#15 0x555fd16c6748 <unknown>\n#16 0x555fd16c6917 <unknown>\n#17 0x555fd16d7773 <unknown>\n#18 0x7f2ecab3e044 <unknown>","time":{"start":1698800886205,"stop":1698800886226,"duration":21}},{"uid":"ba711ccc72bc454","reportUrl":"https://zaelcovsky.github.io/StroyremAutomation/126//#testresult/ba711ccc72bc454","status":"broken","statusDetails":"selenium.common.exceptions.NoSuchElementException: Message: no such element: Unable to locate element: {\"method\":\"xpath\",\"selector\":\"(//a[@href='/contact'])[3]\"}\n  (Session info: headless chrome=118.0.5993.70); For documentation on this error, please visit: https://www.selenium.dev/documentation/webdriver/troubleshooting/errors#no-such-element-exception\nStacktrace:\n#0 0x5579e1633fb3 <unknown>\n#1 0x5579e13074a7 <unknown>\n#2 0x5579e134edd6 <unknown>\n#3 0x5579e134eec1 <unknown>\n#4 0x5579e138c354 <unknown>\n#5 0x5579e137096d <unknown>\n#6 0x5579e1389c02 <unknown>\n#7 0x5579e1370713 <unknown>\n#8 0x5579e134318b <unknown>\n#9 0x5579e1343f7e <unknown>\n#10 0x5579e15f98d8 <unknown>\n#11 0x5579e15fd800 <unknown>\n#12 0x5579e1607cfc <unknown>\n#13 0x5579e15fe418 <unknown>\n#14 0x5579e15cb42f <unknown>\n#15 0x5579e16224e8 <unknown>\n#16 0x5579e16226b4 <unknown>\n#17 0x5579e1633143 <unknown>\n#18 0x7fdd03517044 <unknown>","time":{"start":1698714256606,"stop":1698714256624,"duration":18}},{"uid":"2956bb1df79c12c9","reportUrl":"https://zaelcovsky.github.io/StroyremAutomation/125//#testresult/2956bb1df79c12c9","status":"broken","statusDetails":"selenium.common.exceptions.NoSuchElementException: Message: no such element: Unable to locate element: {\"method\":\"xpath\",\"selector\":\"(//a[@href='/contact'])[3]\"}\n  (Session info: headless chrome=118.0.5993.70); For documentation on this error, please visit: https://www.selenium.dev/documentation/webdriver/troubleshooting/errors#no-such-element-exception\nStacktrace:\n#0 0x557e3db14fb3 <unknown>\n#1 0x557e3d7e84a7 <unknown>\n#2 0x557e3d82fdd6 <unknown>\n#3 0x557e3d82fec1 <unknown>\n#4 0x557e3d86d354 <unknown>\n#5 0x557e3d85196d <unknown>\n#6 0x557e3d86ac02 <unknown>\n#7 0x557e3d851713 <unknown>\n#8 0x557e3d82418b <unknown>\n#9 0x557e3d824f7e <unknown>\n#10 0x557e3dada8d8 <unknown>\n#11 0x557e3dade800 <unknown>\n#12 0x557e3dae8cfc <unknown>\n#13 0x557e3dadf418 <unknown>\n#14 0x557e3daac42f <unknown>\n#15 0x557e3db034e8 <unknown>\n#16 0x557e3db036b4 <unknown>\n#17 0x557e3db14143 <unknown>\n#18 0x7f129475b044 <unknown>","time":{"start":1698627830815,"stop":1698627830835,"duration":20}},{"uid":"3a3837ed685d806","reportUrl":"https://zaelcovsky.github.io/StroyremAutomation/124//#testresult/3a3837ed685d806","status":"broken","statusDetails":"selenium.common.exceptions.NoSuchElementException: Message: no such element: Unable to locate element: {\"method\":\"xpath\",\"selector\":\"(//a[@href='/contact'])[3]\"}\n  (Session info: headless chrome=118.0.5993.70); For documentation on this error, please visit: https://www.selenium.dev/documentation/webdriver/troubleshooting/errors#no-such-element-exception\nStacktrace:\n#0 0x55e54693efb3 <unknown>\n#1 0x55e5466124a7 <unknown>\n#2 0x55e546659dd6 <unknown>\n#3 0x55e546659ec1 <unknown>\n#4 0x55e546697354 <unknown>\n#5 0x55e54667b96d <unknown>\n#6 0x55e546694c02 <unknown>\n#7 0x55e54667b713 <unknown>\n#8 0x55e54664e18b <unknown>\n#9 0x55e54664ef7e <unknown>\n#10 0x55e5469048d8 <unknown>\n#11 0x55e546908800 <unknown>\n#12 0x55e546912cfc <unknown>\n#13 0x55e546909418 <unknown>\n#14 0x55e5468d642f <unknown>\n#15 0x55e54692d4e8 <unknown>\n#16 0x55e54692d6b4 <unknown>\n#17 0x55e54693e143 <unknown>\n#18 0x7faa7fa6d044 <unknown>","time":{"start":1698541617656,"stop":1698541617672,"duration":16}}]},"tags":["smoke_test"]},"source":"1dfb79bb0a5e48d5.json","parameterValues":["'https://test2.stroyrem-nn.ru/'"]}