{"uid":"ab699f181ddf75f","name":"TD 020 Доставка товара весом до 2000кг. в синей зоне","fullName":"tests.delivery.test_delivery_calculation.TestDeliveryPageCalculation#test_positive_delivery_blue_zone_smoke","historyId":"c4ec1833f25483cec79cdb0ff77ddb11","time":{"start":1700269985415,"stop":1700269990491,"duration":5076},"status":"broken","statusMessage":"selenium.common.exceptions.NoSuchElementException: Message: no such element: Unable to locate element: {\"method\":\"xpath\",\"selector\":\"//input[@class='amount']\"}\n  (Session info: headless chrome=119.0.6045.105); For documentation on this error, please visit: https://www.selenium.dev/documentation/webdriver/troubleshooting/errors#no-such-element-exception\nStacktrace:\n#0 0x5563c7e3d5e3 <unknown>\n#1 0x5563c7b000b7 <unknown>\n#2 0x5563c7b4df53 <unknown>\n#3 0x5563c7b4e051 <unknown>\n#4 0x5563c7b939c4 <unknown>\n#5 0x5563c7b74f1d <unknown>\n#6 0x5563c7b90b3d <unknown>\n#7 0x5563c7b74cc3 <unknown>\n#8 0x5563c7b400e4 <unknown>\n#9 0x5563c7b410ae <unknown>\n#10 0x5563c7e03ce1 <unknown>\n#11 0x5563c7e07b7e <unknown>\n#12 0x5563c7df14b5 <unknown>\n#13 0x5563c7e087d6 <unknown>\n#14 0x5563c7dd4dbf <unknown>\n#15 0x5563c7e2b748 <unknown>\n#16 0x5563c7e2b917 <unknown>\n#17 0x5563c7e3c773 <unknown>\n#18 0x7f7e09bcb044 <unknown>","statusTrace":"self = <tests.delivery.test_delivery_calculation.TestDeliveryPageCalculation object at 0x7f7042992410>\ndriver = <selenium.webdriver.chrome.webdriver.WebDriver (session=\"0446cea7202494f12845012b949d058e\")>\nurl = 'https://sandboxtest.stroyrem-nn.ru/', case_id = 'TD 020'\nlink_item = 'products/shtukaturka-gipsovaya-aksolit-m50-30-kg-mashinnogo-naneseniya'\namount = 66, weight = 2000, standard = 1500, in_time = 2990, all_time = 3650\n\n    @pytest.mark.parametrize('case_id, link_item, amount, weight, standard, in_time, all_time', [\n        (\"TD 015\", bundeks_25, 1, 30, 650, 2390, 3320),\n        pytest.param(\n            \"TD 016\", aksolit_30, 8, 300, 650, 2390, 3320,\n            marks=pytest.mark.xfail(reson=\"Цена доставки: - - -\")\n        ),\n        (\"TD 017\", aksolit_30, 13, 400, 650, 2390, 3320),\n        (\"TD 018\", aksolit_30, 16, 500, 850, 2490, 3320),\n        (\"TD 019\", aksolit_30, 25, 1700, 1150, 2490, 3320),\n        (\"TD 020\", aksolit_30, 66, 2000, 1500, 2990, 3650),\n        (\"TD 021\", aksolit_30, 149, 4500, 2600, 4380, 4890),\n        (\"TD 022\", aksolit_30, 166, 5000, 2800, 5490, 5980),\n        pytest.param(\n            \"TD 023\", aksolit_30, 206, 6200, 3300, 7500, 8000,\n            marks=pytest.mark.xfail(reson=\"Цена доставки: 4300 9900 11440\")\n        ),\n        (\"TD 024\", aksolit_30, 299, 9000, 4300, 9900, 11440),\n        (\"TD 025\", aksolit_30, 333, 10000, 7000, 13900, 15900),\n        pytest.param(\n            \"TD 026\", aksolit_30, 366, 11000, 8000, 14900, 19900,\n            marks=pytest.mark.xfail(reson=\"Цена доставки: 7000 13900 15900\")\n        ),\n        pytest.param(\n            \"TD 027\", aksolit_30, 666, 20000, 14000, 16900, 23900,\n            marks=pytest.mark.xfail(reson=\"Цена доставки: 7000 13900 15900\")\n        )\n    ])\n    @pytest.mark.smoke\n    def test_positive_delivery_blue_zone_smoke(\n            self, driver, url, case_id, link_item, amount, weight, standard, in_time, all_time\n    ):\n        allure.dynamic.title(f\"{case_id} Доставка товара весом до {weight}кг. в синей зоне\")\n    \n        driver.get(f'{url}{link_item}')\n        item_page = ItemPage(driver)\n>       item_page.add_item_to_cart(amount).click_on_cart()\n\ntests/delivery/test_delivery_calculation.py:130: \n_ _ _ _ _ _ _ _ _ _ _ _ _ _ _ _ _ _ _ _ _ _ _ _ _ _ _ _ _ _ _ _ _ _ _ _ _ _ _ _ \npages/item_page.py:41: in add_item_to_cart\n    amount_field = self.find_element(self._item_amount)\nbase/seleniumbase.py:17: in find_element\n    return self.driver.find_element(*locator)\n/usr/local/lib/python3.11/site-packages/selenium/webdriver/remote/webdriver.py:740: in find_element\n    return self.execute(Command.FIND_ELEMENT, {\"using\": by, \"value\": value})[\"value\"]\n/usr/local/lib/python3.11/site-packages/selenium/webdriver/remote/webdriver.py:346: in execute\n    self.error_handler.check_response(response)\n_ _ _ _ _ _ _ _ _ _ _ _ _ _ _ _ _ _ _ _ _ _ _ _ _ _ _ _ _ _ _ _ _ _ _ _ _ _ _ _ \n\nself = <selenium.webdriver.remote.errorhandler.ErrorHandler object at 0x7f7044c799d0>\nresponse = {'status': 404, 'value': '{\"value\":{\"error\":\"no such element\",\"message\":\"no such element: Unable to locate element: {\\...\\\\n#16 0x5563c7e2b917 \\\\u003Cunknown>\\\\n#17 0x5563c7e3c773 \\\\u003Cunknown>\\\\n#18 0x7f7e09bcb044 \\\\u003Cunknown>\\\\n\"}}'}\n\n    def check_response(self, response: Dict[str, Any]) -> None:\n        \"\"\"Checks that a JSON response from the WebDriver does not have an\n        error.\n    \n        :Args:\n         - response - The JSON response from the WebDriver server as a dictionary\n           object.\n    \n        :Raises: If the response contains an error message.\n        \"\"\"\n        status = response.get(\"status\", None)\n        if not status or status == ErrorCode.SUCCESS:\n            return\n        value = None\n        message = response.get(\"message\", \"\")\n        screen: str = response.get(\"screen\", \"\")\n        stacktrace = None\n        if isinstance(status, int):\n            value_json = response.get(\"value\", None)\n            if value_json and isinstance(value_json, str):\n                import json\n    \n                try:\n                    value = json.loads(value_json)\n                    if len(value) == 1:\n                        value = value[\"value\"]\n                    status = value.get(\"error\", None)\n                    if not status:\n                        status = value.get(\"status\", ErrorCode.UNKNOWN_ERROR)\n                        message = value.get(\"value\") or value.get(\"message\")\n                        if not isinstance(message, str):\n                            value = message\n                            message = message.get(\"message\")\n                    else:\n                        message = value.get(\"message\", None)\n                except ValueError:\n                    pass\n    \n        exception_class: Type[WebDriverException]\n        if status in ErrorCode.NO_SUCH_ELEMENT:\n            exception_class = NoSuchElementException\n        elif status in ErrorCode.NO_SUCH_FRAME:\n            exception_class = NoSuchFrameException\n        elif status in ErrorCode.NO_SUCH_SHADOW_ROOT:\n            exception_class = NoSuchShadowRootException\n        elif status in ErrorCode.NO_SUCH_WINDOW:\n            exception_class = NoSuchWindowException\n        elif status in ErrorCode.STALE_ELEMENT_REFERENCE:\n            exception_class = StaleElementReferenceException\n        elif status in ErrorCode.ELEMENT_NOT_VISIBLE:\n            exception_class = ElementNotVisibleException\n        elif status in ErrorCode.INVALID_ELEMENT_STATE:\n            exception_class = InvalidElementStateException\n        elif (\n            status in ErrorCode.INVALID_SELECTOR\n            or status in ErrorCode.INVALID_XPATH_SELECTOR\n            or status in ErrorCode.INVALID_XPATH_SELECTOR_RETURN_TYPER\n        ):\n            exception_class = InvalidSelectorException\n        elif status in ErrorCode.ELEMENT_IS_NOT_SELECTABLE:\n            exception_class = ElementNotSelectableException\n        elif status in ErrorCode.ELEMENT_NOT_INTERACTABLE:\n            exception_class = ElementNotInteractableException\n        elif status in ErrorCode.INVALID_COOKIE_DOMAIN:\n            exception_class = InvalidCookieDomainException\n        elif status in ErrorCode.UNABLE_TO_SET_COOKIE:\n            exception_class = UnableToSetCookieException\n        elif status in ErrorCode.TIMEOUT:\n            exception_class = TimeoutException\n        elif status in ErrorCode.SCRIPT_TIMEOUT:\n            exception_class = TimeoutException\n        elif status in ErrorCode.UNKNOWN_ERROR:\n            exception_class = WebDriverException\n        elif status in ErrorCode.UNEXPECTED_ALERT_OPEN:\n            exception_class = UnexpectedAlertPresentException\n        elif status in ErrorCode.NO_ALERT_OPEN:\n            exception_class = NoAlertPresentException\n        elif status in ErrorCode.IME_NOT_AVAILABLE:\n            exception_class = ImeNotAvailableException\n        elif status in ErrorCode.IME_ENGINE_ACTIVATION_FAILED:\n            exception_class = ImeActivationFailedException\n        elif status in ErrorCode.MOVE_TARGET_OUT_OF_BOUNDS:\n            exception_class = MoveTargetOutOfBoundsException\n        elif status in ErrorCode.JAVASCRIPT_ERROR:\n            exception_class = JavascriptException\n        elif status in ErrorCode.SESSION_NOT_CREATED:\n            exception_class = SessionNotCreatedException\n        elif status in ErrorCode.INVALID_ARGUMENT:\n            exception_class = InvalidArgumentException\n        elif status in ErrorCode.NO_SUCH_COOKIE:\n            exception_class = NoSuchCookieException\n        elif status in ErrorCode.UNABLE_TO_CAPTURE_SCREEN:\n            exception_class = ScreenshotException\n        elif status in ErrorCode.ELEMENT_CLICK_INTERCEPTED:\n            exception_class = ElementClickInterceptedException\n        elif status in ErrorCode.INSECURE_CERTIFICATE:\n            exception_class = InsecureCertificateException\n        elif status in ErrorCode.INVALID_COORDINATES:\n            exception_class = InvalidCoordinatesException\n        elif status in ErrorCode.INVALID_SESSION_ID:\n            exception_class = InvalidSessionIdException\n        elif status in ErrorCode.UNKNOWN_METHOD:\n            exception_class = UnknownMethodException\n        else:\n            exception_class = WebDriverException\n        if not value:\n            value = response[\"value\"]\n        if isinstance(value, str):\n            raise exception_class(value)\n        if message == \"\" and \"message\" in value:\n            message = value[\"message\"]\n    \n        screen = None  # type: ignore[assignment]\n        if \"screen\" in value:\n            screen = value[\"screen\"]\n    \n        stacktrace = None\n        st_value = value.get(\"stackTrace\") or value.get(\"stacktrace\")\n        if st_value:\n            if isinstance(st_value, str):\n                stacktrace = st_value.split(\"\\n\")\n            else:\n                stacktrace = []\n                try:\n                    for frame in st_value:\n                        line = frame.get(\"lineNumber\", \"\")\n                        file = frame.get(\"fileName\", \"<anonymous>\")\n                        if line:\n                            file = f\"{file}:{line}\"\n                        meth = frame.get(\"methodName\", \"<anonymous>\")\n                        if \"className\" in frame:\n                            meth = f\"{frame['className']}.{meth}\"\n                        msg = \"    at %s (%s)\"\n                        msg = msg % (meth, file)\n                        stacktrace.append(msg)\n                except TypeError:\n                    pass\n        if exception_class == UnexpectedAlertPresentException:\n            alert_text = None\n            if \"data\" in value:\n                alert_text = value[\"data\"].get(\"text\")\n            elif \"alert\" in value:\n                alert_text = value[\"alert\"].get(\"text\")\n            raise exception_class(message, screen, stacktrace, alert_text)  # type: ignore[call-arg]  # mypy is not smart enough here\n>       raise exception_class(message, screen, stacktrace)\nE       selenium.common.exceptions.NoSuchElementException: Message: no such element: Unable to locate element: {\"method\":\"xpath\",\"selector\":\"//input[@class='amount']\"}\nE         (Session info: headless chrome=119.0.6045.105); For documentation on this error, please visit: https://www.selenium.dev/documentation/webdriver/troubleshooting/errors#no-such-element-exception\nE       Stacktrace:\nE       #0 0x5563c7e3d5e3 <unknown>\nE       #1 0x5563c7b000b7 <unknown>\nE       #2 0x5563c7b4df53 <unknown>\nE       #3 0x5563c7b4e051 <unknown>\nE       #4 0x5563c7b939c4 <unknown>\nE       #5 0x5563c7b74f1d <unknown>\nE       #6 0x5563c7b90b3d <unknown>\nE       #7 0x5563c7b74cc3 <unknown>\nE       #8 0x5563c7b400e4 <unknown>\nE       #9 0x5563c7b410ae <unknown>\nE       #10 0x5563c7e03ce1 <unknown>\nE       #11 0x5563c7e07b7e <unknown>\nE       #12 0x5563c7df14b5 <unknown>\nE       #13 0x5563c7e087d6 <unknown>\nE       #14 0x5563c7dd4dbf <unknown>\nE       #15 0x5563c7e2b748 <unknown>\nE       #16 0x5563c7e2b917 <unknown>\nE       #17 0x5563c7e3c773 <unknown>\nE       #18 0x7f7e09bcb044 <unknown>\n\n/usr/local/lib/python3.11/site-packages/selenium/webdriver/remote/errorhandler.py:245: NoSuchElementException","flaky":false,"newFailed":false,"newBroken":false,"newPassed":false,"retriesCount":0,"retriesStatusChange":false,"beforeStages":[{"name":"_session_faker","time":{"start":1700269410193,"stop":1700269410260,"duration":67},"status":"passed","steps":[],"attachments":[],"parameters":[],"shouldDisplayMessage":false,"stepsCount":0,"attachmentsCount":0,"hasContent":false},{"name":"clear_allure_results_folder","time":{"start":1700269410260,"stop":1700269410260,"duration":0},"status":"passed","steps":[],"attachments":[],"parameters":[],"shouldDisplayMessage":false,"stepsCount":0,"attachmentsCount":0,"hasContent":false},{"name":"driver","time":{"start":1700269984642,"stop":1700269985413,"duration":771},"status":"passed","steps":[],"attachments":[],"parameters":[],"shouldDisplayMessage":false,"stepsCount":0,"attachmentsCount":0,"hasContent":false},{"name":"setup","time":{"start":1700269985414,"stop":1700269985414,"duration":0},"status":"passed","steps":[],"attachments":[],"parameters":[],"shouldDisplayMessage":false,"stepsCount":0,"attachmentsCount":0,"hasContent":false}],"testStage":{"status":"broken","statusMessage":"selenium.common.exceptions.NoSuchElementException: Message: no such element: Unable to locate element: {\"method\":\"xpath\",\"selector\":\"//input[@class='amount']\"}\n  (Session info: headless chrome=119.0.6045.105); For documentation on this error, please visit: https://www.selenium.dev/documentation/webdriver/troubleshooting/errors#no-such-element-exception\nStacktrace:\n#0 0x5563c7e3d5e3 <unknown>\n#1 0x5563c7b000b7 <unknown>\n#2 0x5563c7b4df53 <unknown>\n#3 0x5563c7b4e051 <unknown>\n#4 0x5563c7b939c4 <unknown>\n#5 0x5563c7b74f1d <unknown>\n#6 0x5563c7b90b3d <unknown>\n#7 0x5563c7b74cc3 <unknown>\n#8 0x5563c7b400e4 <unknown>\n#9 0x5563c7b410ae <unknown>\n#10 0x5563c7e03ce1 <unknown>\n#11 0x5563c7e07b7e <unknown>\n#12 0x5563c7df14b5 <unknown>\n#13 0x5563c7e087d6 <unknown>\n#14 0x5563c7dd4dbf <unknown>\n#15 0x5563c7e2b748 <unknown>\n#16 0x5563c7e2b917 <unknown>\n#17 0x5563c7e3c773 <unknown>\n#18 0x7f7e09bcb044 <unknown>","statusTrace":"self = <tests.delivery.test_delivery_calculation.TestDeliveryPageCalculation object at 0x7f7042992410>\ndriver = <selenium.webdriver.chrome.webdriver.WebDriver (session=\"0446cea7202494f12845012b949d058e\")>\nurl = 'https://sandboxtest.stroyrem-nn.ru/', case_id = 'TD 020'\nlink_item = 'products/shtukaturka-gipsovaya-aksolit-m50-30-kg-mashinnogo-naneseniya'\namount = 66, weight = 2000, standard = 1500, in_time = 2990, all_time = 3650\n\n    @pytest.mark.parametrize('case_id, link_item, amount, weight, standard, in_time, all_time', [\n        (\"TD 015\", bundeks_25, 1, 30, 650, 2390, 3320),\n        pytest.param(\n            \"TD 016\", aksolit_30, 8, 300, 650, 2390, 3320,\n            marks=pytest.mark.xfail(reson=\"Цена доставки: - - -\")\n        ),\n        (\"TD 017\", aksolit_30, 13, 400, 650, 2390, 3320),\n        (\"TD 018\", aksolit_30, 16, 500, 850, 2490, 3320),\n        (\"TD 019\", aksolit_30, 25, 1700, 1150, 2490, 3320),\n        (\"TD 020\", aksolit_30, 66, 2000, 1500, 2990, 3650),\n        (\"TD 021\", aksolit_30, 149, 4500, 2600, 4380, 4890),\n        (\"TD 022\", aksolit_30, 166, 5000, 2800, 5490, 5980),\n        pytest.param(\n            \"TD 023\", aksolit_30, 206, 6200, 3300, 7500, 8000,\n            marks=pytest.mark.xfail(reson=\"Цена доставки: 4300 9900 11440\")\n        ),\n        (\"TD 024\", aksolit_30, 299, 9000, 4300, 9900, 11440),\n        (\"TD 025\", aksolit_30, 333, 10000, 7000, 13900, 15900),\n        pytest.param(\n            \"TD 026\", aksolit_30, 366, 11000, 8000, 14900, 19900,\n            marks=pytest.mark.xfail(reson=\"Цена доставки: 7000 13900 15900\")\n        ),\n        pytest.param(\n            \"TD 027\", aksolit_30, 666, 20000, 14000, 16900, 23900,\n            marks=pytest.mark.xfail(reson=\"Цена доставки: 7000 13900 15900\")\n        )\n    ])\n    @pytest.mark.smoke\n    def test_positive_delivery_blue_zone_smoke(\n            self, driver, url, case_id, link_item, amount, weight, standard, in_time, all_time\n    ):\n        allure.dynamic.title(f\"{case_id} Доставка товара весом до {weight}кг. в синей зоне\")\n    \n        driver.get(f'{url}{link_item}')\n        item_page = ItemPage(driver)\n>       item_page.add_item_to_cart(amount).click_on_cart()\n\ntests/delivery/test_delivery_calculation.py:130: \n_ _ _ _ _ _ _ _ _ _ _ _ _ _ _ _ _ _ _ _ _ _ _ _ _ _ _ _ _ _ _ _ _ _ _ _ _ _ _ _ \npages/item_page.py:41: in add_item_to_cart\n    amount_field = self.find_element(self._item_amount)\nbase/seleniumbase.py:17: in find_element\n    return self.driver.find_element(*locator)\n/usr/local/lib/python3.11/site-packages/selenium/webdriver/remote/webdriver.py:740: in find_element\n    return self.execute(Command.FIND_ELEMENT, {\"using\": by, \"value\": value})[\"value\"]\n/usr/local/lib/python3.11/site-packages/selenium/webdriver/remote/webdriver.py:346: in execute\n    self.error_handler.check_response(response)\n_ _ _ _ _ _ _ _ _ _ _ _ _ _ _ _ _ _ _ _ _ _ _ _ _ _ _ _ _ _ _ _ _ _ _ _ _ _ _ _ \n\nself = <selenium.webdriver.remote.errorhandler.ErrorHandler object at 0x7f7044c799d0>\nresponse = {'status': 404, 'value': '{\"value\":{\"error\":\"no such element\",\"message\":\"no such element: Unable to locate element: {\\...\\\\n#16 0x5563c7e2b917 \\\\u003Cunknown>\\\\n#17 0x5563c7e3c773 \\\\u003Cunknown>\\\\n#18 0x7f7e09bcb044 \\\\u003Cunknown>\\\\n\"}}'}\n\n    def check_response(self, response: Dict[str, Any]) -> None:\n        \"\"\"Checks that a JSON response from the WebDriver does not have an\n        error.\n    \n        :Args:\n         - response - The JSON response from the WebDriver server as a dictionary\n           object.\n    \n        :Raises: If the response contains an error message.\n        \"\"\"\n        status = response.get(\"status\", None)\n        if not status or status == ErrorCode.SUCCESS:\n            return\n        value = None\n        message = response.get(\"message\", \"\")\n        screen: str = response.get(\"screen\", \"\")\n        stacktrace = None\n        if isinstance(status, int):\n            value_json = response.get(\"value\", None)\n            if value_json and isinstance(value_json, str):\n                import json\n    \n                try:\n                    value = json.loads(value_json)\n                    if len(value) == 1:\n                        value = value[\"value\"]\n                    status = value.get(\"error\", None)\n                    if not status:\n                        status = value.get(\"status\", ErrorCode.UNKNOWN_ERROR)\n                        message = value.get(\"value\") or value.get(\"message\")\n                        if not isinstance(message, str):\n                            value = message\n                            message = message.get(\"message\")\n                    else:\n                        message = value.get(\"message\", None)\n                except ValueError:\n                    pass\n    \n        exception_class: Type[WebDriverException]\n        if status in ErrorCode.NO_SUCH_ELEMENT:\n            exception_class = NoSuchElementException\n        elif status in ErrorCode.NO_SUCH_FRAME:\n            exception_class = NoSuchFrameException\n        elif status in ErrorCode.NO_SUCH_SHADOW_ROOT:\n            exception_class = NoSuchShadowRootException\n        elif status in ErrorCode.NO_SUCH_WINDOW:\n            exception_class = NoSuchWindowException\n        elif status in ErrorCode.STALE_ELEMENT_REFERENCE:\n            exception_class = StaleElementReferenceException\n        elif status in ErrorCode.ELEMENT_NOT_VISIBLE:\n            exception_class = ElementNotVisibleException\n        elif status in ErrorCode.INVALID_ELEMENT_STATE:\n            exception_class = InvalidElementStateException\n        elif (\n            status in ErrorCode.INVALID_SELECTOR\n            or status in ErrorCode.INVALID_XPATH_SELECTOR\n            or status in ErrorCode.INVALID_XPATH_SELECTOR_RETURN_TYPER\n        ):\n            exception_class = InvalidSelectorException\n        elif status in ErrorCode.ELEMENT_IS_NOT_SELECTABLE:\n            exception_class = ElementNotSelectableException\n        elif status in ErrorCode.ELEMENT_NOT_INTERACTABLE:\n            exception_class = ElementNotInteractableException\n        elif status in ErrorCode.INVALID_COOKIE_DOMAIN:\n            exception_class = InvalidCookieDomainException\n        elif status in ErrorCode.UNABLE_TO_SET_COOKIE:\n            exception_class = UnableToSetCookieException\n        elif status in ErrorCode.TIMEOUT:\n            exception_class = TimeoutException\n        elif status in ErrorCode.SCRIPT_TIMEOUT:\n            exception_class = TimeoutException\n        elif status in ErrorCode.UNKNOWN_ERROR:\n            exception_class = WebDriverException\n        elif status in ErrorCode.UNEXPECTED_ALERT_OPEN:\n            exception_class = UnexpectedAlertPresentException\n        elif status in ErrorCode.NO_ALERT_OPEN:\n            exception_class = NoAlertPresentException\n        elif status in ErrorCode.IME_NOT_AVAILABLE:\n            exception_class = ImeNotAvailableException\n        elif status in ErrorCode.IME_ENGINE_ACTIVATION_FAILED:\n            exception_class = ImeActivationFailedException\n        elif status in ErrorCode.MOVE_TARGET_OUT_OF_BOUNDS:\n            exception_class = MoveTargetOutOfBoundsException\n        elif status in ErrorCode.JAVASCRIPT_ERROR:\n            exception_class = JavascriptException\n        elif status in ErrorCode.SESSION_NOT_CREATED:\n            exception_class = SessionNotCreatedException\n        elif status in ErrorCode.INVALID_ARGUMENT:\n            exception_class = InvalidArgumentException\n        elif status in ErrorCode.NO_SUCH_COOKIE:\n            exception_class = NoSuchCookieException\n        elif status in ErrorCode.UNABLE_TO_CAPTURE_SCREEN:\n            exception_class = ScreenshotException\n        elif status in ErrorCode.ELEMENT_CLICK_INTERCEPTED:\n            exception_class = ElementClickInterceptedException\n        elif status in ErrorCode.INSECURE_CERTIFICATE:\n            exception_class = InsecureCertificateException\n        elif status in ErrorCode.INVALID_COORDINATES:\n            exception_class = InvalidCoordinatesException\n        elif status in ErrorCode.INVALID_SESSION_ID:\n            exception_class = InvalidSessionIdException\n        elif status in ErrorCode.UNKNOWN_METHOD:\n            exception_class = UnknownMethodException\n        else:\n            exception_class = WebDriverException\n        if not value:\n            value = response[\"value\"]\n        if isinstance(value, str):\n            raise exception_class(value)\n        if message == \"\" and \"message\" in value:\n            message = value[\"message\"]\n    \n        screen = None  # type: ignore[assignment]\n        if \"screen\" in value:\n            screen = value[\"screen\"]\n    \n        stacktrace = None\n        st_value = value.get(\"stackTrace\") or value.get(\"stacktrace\")\n        if st_value:\n            if isinstance(st_value, str):\n                stacktrace = st_value.split(\"\\n\")\n            else:\n                stacktrace = []\n                try:\n                    for frame in st_value:\n                        line = frame.get(\"lineNumber\", \"\")\n                        file = frame.get(\"fileName\", \"<anonymous>\")\n                        if line:\n                            file = f\"{file}:{line}\"\n                        meth = frame.get(\"methodName\", \"<anonymous>\")\n                        if \"className\" in frame:\n                            meth = f\"{frame['className']}.{meth}\"\n                        msg = \"    at %s (%s)\"\n                        msg = msg % (meth, file)\n                        stacktrace.append(msg)\n                except TypeError:\n                    pass\n        if exception_class == UnexpectedAlertPresentException:\n            alert_text = None\n            if \"data\" in value:\n                alert_text = value[\"data\"].get(\"text\")\n            elif \"alert\" in value:\n                alert_text = value[\"alert\"].get(\"text\")\n            raise exception_class(message, screen, stacktrace, alert_text)  # type: ignore[call-arg]  # mypy is not smart enough here\n>       raise exception_class(message, screen, stacktrace)\nE       selenium.common.exceptions.NoSuchElementException: Message: no such element: Unable to locate element: {\"method\":\"xpath\",\"selector\":\"//input[@class='amount']\"}\nE         (Session info: headless chrome=119.0.6045.105); For documentation on this error, please visit: https://www.selenium.dev/documentation/webdriver/troubleshooting/errors#no-such-element-exception\nE       Stacktrace:\nE       #0 0x5563c7e3d5e3 <unknown>\nE       #1 0x5563c7b000b7 <unknown>\nE       #2 0x5563c7b4df53 <unknown>\nE       #3 0x5563c7b4e051 <unknown>\nE       #4 0x5563c7b939c4 <unknown>\nE       #5 0x5563c7b74f1d <unknown>\nE       #6 0x5563c7b90b3d <unknown>\nE       #7 0x5563c7b74cc3 <unknown>\nE       #8 0x5563c7b400e4 <unknown>\nE       #9 0x5563c7b410ae <unknown>\nE       #10 0x5563c7e03ce1 <unknown>\nE       #11 0x5563c7e07b7e <unknown>\nE       #12 0x5563c7df14b5 <unknown>\nE       #13 0x5563c7e087d6 <unknown>\nE       #14 0x5563c7dd4dbf <unknown>\nE       #15 0x5563c7e2b748 <unknown>\nE       #16 0x5563c7e2b917 <unknown>\nE       #17 0x5563c7e3c773 <unknown>\nE       #18 0x7f7e09bcb044 <unknown>\n\n/usr/local/lib/python3.11/site-packages/selenium/webdriver/remote/errorhandler.py:245: NoSuchElementException","steps":[{"name":"Добавляем товар в корзину в количестве 66","time":{"start":1700269990436,"stop":1700269990490,"duration":54},"status":"broken","statusMessage":"selenium.common.exceptions.NoSuchElementException: Message: no such element: Unable to locate element: {\"method\":\"xpath\",\"selector\":\"//input[@class='amount']\"}\n  (Session info: headless chrome=119.0.6045.105); For documentation on this error, please visit: https://www.selenium.dev/documentation/webdriver/troubleshooting/errors#no-such-element-exception\nStacktrace:\n#0 0x5563c7e3d5e3 <unknown>\n#1 0x5563c7b000b7 <unknown>\n#2 0x5563c7b4df53 <unknown>\n#3 0x5563c7b4e051 <unknown>\n#4 0x5563c7b939c4 <unknown>\n#5 0x5563c7b74f1d <unknown>\n#6 0x5563c7b90b3d <unknown>\n#7 0x5563c7b74cc3 <unknown>\n#8 0x5563c7b400e4 <unknown>\n#9 0x5563c7b410ae <unknown>\n#10 0x5563c7e03ce1 <unknown>\n#11 0x5563c7e07b7e <unknown>\n#12 0x5563c7df14b5 <unknown>\n#13 0x5563c7e087d6 <unknown>\n#14 0x5563c7dd4dbf <unknown>\n#15 0x5563c7e2b748 <unknown>\n#16 0x5563c7e2b917 <unknown>\n#17 0x5563c7e3c773 <unknown>\n#18 0x7f7e09bcb044 <unknown>\n\n","statusTrace":"  File \"/usr/local/lib/python3.11/site-packages/allure_commons/_allure.py\", line 192, in impl\n    return func(*a, **kw)\n           ^^^^^^^^^^^^^^\n  File \"/app/pages/item_page.py\", line 41, in add_item_to_cart\n    amount_field = self.find_element(self._item_amount)\n                   ^^^^^^^^^^^^^^^^^^^^^^^^^^^^^^^^^^^^\n  File \"/app/base/seleniumbase.py\", line 17, in find_element\n    return self.driver.find_element(*locator)\n           ^^^^^^^^^^^^^^^^^^^^^^^^^^^^^^^^^^\n  File \"/usr/local/lib/python3.11/site-packages/selenium/webdriver/remote/webdriver.py\", line 740, in find_element\n    return self.execute(Command.FIND_ELEMENT, {\"using\": by, \"value\": value})[\"value\"]\n           ^^^^^^^^^^^^^^^^^^^^^^^^^^^^^^^^^^^^^^^^^^^^^^^^^^^^^^^^^^^^^^^^^\n  File \"/usr/local/lib/python3.11/site-packages/selenium/webdriver/remote/webdriver.py\", line 346, in execute\n    self.error_handler.check_response(response)\n  File \"/usr/local/lib/python3.11/site-packages/selenium/webdriver/remote/errorhandler.py\", line 245, in check_response\n    raise exception_class(message, screen, stacktrace)\n","steps":[],"attachments":[],"parameters":[{"name":"amount","value":"66"}],"shouldDisplayMessage":true,"stepsCount":0,"attachmentsCount":0,"hasContent":true}],"attachments":[{"uid":"3788a6c46a62fde5","name":"Screenshot","source":"3788a6c46a62fde5.png","type":"image/png","size":115178},{"uid":"35f8b642747f19a0","name":"HTML source","source":"35f8b642747f19a0.html","type":"text/html","size":303988}],"parameters":[],"shouldDisplayMessage":true,"stepsCount":1,"attachmentsCount":2,"hasContent":true},"afterStages":[{"name":"setup::0","time":{"start":1700269990632,"stop":1700269990632,"duration":0},"status":"passed","steps":[],"attachments":[],"parameters":[],"shouldDisplayMessage":false,"stepsCount":0,"attachmentsCount":0,"hasContent":false},{"name":"driver::0","time":{"start":1700269990632,"stop":1700269990692,"duration":60},"status":"passed","steps":[],"attachments":[],"parameters":[],"shouldDisplayMessage":false,"stepsCount":0,"attachmentsCount":0,"hasContent":false}],"labels":[{"name":"epic","value":"Delivery Page - calculation"},{"name":"tag","value":"smoke"},{"name":"parentSuite","value":"tests.delivery"},{"name":"suite","value":"test_delivery_calculation"},{"name":"subSuite","value":"TestDeliveryPageCalculation"},{"name":"host","value":"a1a0c957014f"},{"name":"thread","value":"1-MainThread"},{"name":"framework","value":"pytest"},{"name":"language","value":"cpython3"},{"name":"package","value":"tests.delivery.test_delivery_calculation"},{"name":"resultFormat","value":"allure2"}],"parameters":[{"name":"all_time","value":"3650"},{"name":"amount","value":"66"},{"name":"case_id","value":"'TD 020'"},{"name":"in_time","value":"2990"},{"name":"link_item","value":"'products/shtukaturka-gipsovaya-aksolit-m50-30-kg-mashinnogo-naneseniya'"},{"name":"standard","value":"1500"},{"name":"url","value":"'https://sandboxtest.stroyrem-nn.ru/'"},{"name":"weight","value":"2000"}],"links":[],"hidden":false,"retry":false,"extra":{"severity":"normal","retries":[],"categories":[{"name":"Test defects","matchedStatuses":[],"flaky":false}],"history":{"statistic":{"failed":0,"broken":80,"skipped":0,"passed":0,"unknown":0,"total":80},"items":[{"uid":"c05ddd4652012e76","reportUrl":"https://zaelcovsky.github.io/StroyremAutomation/143//#testresult/c05ddd4652012e76","status":"broken","statusDetails":"selenium.common.exceptions.NoSuchElementException: Message: no such element: Unable to locate element: {\"method\":\"xpath\",\"selector\":\"//input[@class='amount']\"}\n  (Session info: headless chrome=119.0.6045.105); For documentation on this error, please visit: https://www.selenium.dev/documentation/webdriver/troubleshooting/errors#no-such-element-exception\nStacktrace:\n#0 0x563c48e405e3 <unknown>\n#1 0x563c48b030b7 <unknown>\n#2 0x563c48b50f53 <unknown>\n#3 0x563c48b51051 <unknown>\n#4 0x563c48b969c4 <unknown>\n#5 0x563c48b77f1d <unknown>\n#6 0x563c48b93b3d <unknown>\n#7 0x563c48b77cc3 <unknown>\n#8 0x563c48b430e4 <unknown>\n#9 0x563c48b440ae <unknown>\n#10 0x563c48e06ce1 <unknown>\n#11 0x563c48e0ab7e <unknown>\n#12 0x563c48df44b5 <unknown>\n#13 0x563c48e0b7d6 <unknown>\n#14 0x563c48dd7dbf <unknown>\n#15 0x563c48e2e748 <unknown>\n#16 0x563c48e2e917 <unknown>\n#17 0x563c48e3f773 <unknown>\n#18 0x7fd7752e4044 <unknown>","time":{"start":1700183599571,"stop":1700183603900,"duration":4329}},{"uid":"f4a43bd7d59aeeb8","reportUrl":"https://zaelcovsky.github.io/StroyremAutomation/142//#testresult/f4a43bd7d59aeeb8","status":"broken","statusDetails":"selenium.common.exceptions.NoSuchElementException: Message: no such element: Unable to locate element: {\"method\":\"xpath\",\"selector\":\"//input[@class='amount']\"}\n  (Session info: headless chrome=119.0.6045.105); For documentation on this error, please visit: https://www.selenium.dev/documentation/webdriver/troubleshooting/errors#no-such-element-exception\nStacktrace:\n#0 0x558241cbf5e3 <unknown>\n#1 0x5582419820b7 <unknown>\n#2 0x5582419cff53 <unknown>\n#3 0x5582419d0051 <unknown>\n#4 0x558241a159c4 <unknown>\n#5 0x5582419f6f1d <unknown>\n#6 0x558241a12b3d <unknown>\n#7 0x5582419f6cc3 <unknown>\n#8 0x5582419c20e4 <unknown>\n#9 0x5582419c30ae <unknown>\n#10 0x558241c85ce1 <unknown>\n#11 0x558241c89b7e <unknown>\n#12 0x558241c734b5 <unknown>\n#13 0x558241c8a7d6 <unknown>\n#14 0x558241c56dbf <unknown>\n#15 0x558241cad748 <unknown>\n#16 0x558241cad917 <unknown>\n#17 0x558241cbe773 <unknown>\n#18 0x7f6458635044 <unknown>","time":{"start":1700097151742,"stop":1700097155451,"duration":3709}},{"uid":"cc5ce6a10bca5299","reportUrl":"https://zaelcovsky.github.io/StroyremAutomation/141//#testresult/cc5ce6a10bca5299","status":"broken","statusDetails":"selenium.common.exceptions.NoSuchElementException: Message: no such element: Unable to locate element: {\"method\":\"xpath\",\"selector\":\"//input[@class='amount']\"}\n  (Session info: headless chrome=119.0.6045.105); For documentation on this error, please visit: https://www.selenium.dev/documentation/webdriver/troubleshooting/errors#no-such-element-exception\nStacktrace:\n#0 0x56355ec665e3 <unknown>\n#1 0x56355e9290b7 <unknown>\n#2 0x56355e976f53 <unknown>\n#3 0x56355e977051 <unknown>\n#4 0x56355e9bc9c4 <unknown>\n#5 0x56355e99df1d <unknown>\n#6 0x56355e9b9b3d <unknown>\n#7 0x56355e99dcc3 <unknown>\n#8 0x56355e9690e4 <unknown>\n#9 0x56355e96a0ae <unknown>\n#10 0x56355ec2cce1 <unknown>\n#11 0x56355ec30b7e <unknown>\n#12 0x56355ec1a4b5 <unknown>\n#13 0x56355ec317d6 <unknown>\n#14 0x56355ebfddbf <unknown>\n#15 0x56355ec54748 <unknown>\n#16 0x56355ec54917 <unknown>\n#17 0x56355ec65773 <unknown>\n#18 0x7f41930b2044 <unknown>","time":{"start":1700010679474,"stop":1700010682774,"duration":3300}},{"uid":"ba3eb927d478bd04","reportUrl":"https://zaelcovsky.github.io/StroyremAutomation/140//#testresult/ba3eb927d478bd04","status":"broken","statusDetails":"selenium.common.exceptions.NoSuchElementException: Message: no such element: Unable to locate element: {\"method\":\"xpath\",\"selector\":\"//input[@class='amount']\"}\n  (Session info: headless chrome=119.0.6045.105); For documentation on this error, please visit: https://www.selenium.dev/documentation/webdriver/troubleshooting/errors#no-such-element-exception\nStacktrace:\n#0 0x55d6c64ca5e3 <unknown>\n#1 0x55d6c618d0b7 <unknown>\n#2 0x55d6c61daf53 <unknown>\n#3 0x55d6c61db051 <unknown>\n#4 0x55d6c62209c4 <unknown>\n#5 0x55d6c6201f1d <unknown>\n#6 0x55d6c621db3d <unknown>\n#7 0x55d6c6201cc3 <unknown>\n#8 0x55d6c61cd0e4 <unknown>\n#9 0x55d6c61ce0ae <unknown>\n#10 0x55d6c6490ce1 <unknown>\n#11 0x55d6c6494b7e <unknown>\n#12 0x55d6c647e4b5 <unknown>\n#13 0x55d6c64957d6 <unknown>\n#14 0x55d6c6461dbf <unknown>\n#15 0x55d6c64b8748 <unknown>\n#16 0x55d6c64b8917 <unknown>\n#17 0x55d6c64c9773 <unknown>\n#18 0x7fe63cc2f044 <unknown>","time":{"start":1699924303631,"stop":1699924307714,"duration":4083}},{"uid":"d925090ac343eb30","reportUrl":"https://zaelcovsky.github.io/StroyremAutomation/139//#testresult/d925090ac343eb30","status":"broken","statusDetails":"selenium.common.exceptions.NoSuchElementException: Message: no such element: Unable to locate element: {\"method\":\"xpath\",\"selector\":\"//input[@class='amount']\"}\n  (Session info: headless chrome=119.0.6045.105); For documentation on this error, please visit: https://www.selenium.dev/documentation/webdriver/troubleshooting/errors#no-such-element-exception\nStacktrace:\n#0 0x55a2481765e3 <unknown>\n#1 0x55a247e390b7 <unknown>\n#2 0x55a247e86f53 <unknown>\n#3 0x55a247e87051 <unknown>\n#4 0x55a247ecc9c4 <unknown>\n#5 0x55a247eadf1d <unknown>\n#6 0x55a247ec9b3d <unknown>\n#7 0x55a247eadcc3 <unknown>\n#8 0x55a247e790e4 <unknown>\n#9 0x55a247e7a0ae <unknown>\n#10 0x55a24813cce1 <unknown>\n#11 0x55a248140b7e <unknown>\n#12 0x55a24812a4b5 <unknown>\n#13 0x55a2481417d6 <unknown>\n#14 0x55a24810ddbf <unknown>\n#15 0x55a248164748 <unknown>\n#16 0x55a248164917 <unknown>\n#17 0x55a248175773 <unknown>\n#18 0x7f5c641a3044 <unknown>","time":{"start":1699837967204,"stop":1699837970968,"duration":3764}},{"uid":"5d1db95fe314d7e7","reportUrl":"https://zaelcovsky.github.io/StroyremAutomation/138//#testresult/5d1db95fe314d7e7","status":"broken","statusDetails":"selenium.common.exceptions.NoSuchElementException: Message: no such element: Unable to locate element: {\"method\":\"xpath\",\"selector\":\"//input[@class='amount']\"}\n  (Session info: headless chrome=119.0.6045.105); For documentation on this error, please visit: https://www.selenium.dev/documentation/webdriver/troubleshooting/errors#no-such-element-exception\nStacktrace:\n#0 0x556a72b285e3 <unknown>\n#1 0x556a727eb0b7 <unknown>\n#2 0x556a72838f53 <unknown>\n#3 0x556a72839051 <unknown>\n#4 0x556a7287e9c4 <unknown>\n#5 0x556a7285ff1d <unknown>\n#6 0x556a7287bb3d <unknown>\n#7 0x556a7285fcc3 <unknown>\n#8 0x556a7282b0e4 <unknown>\n#9 0x556a7282c0ae <unknown>\n#10 0x556a72aeece1 <unknown>\n#11 0x556a72af2b7e <unknown>\n#12 0x556a72adc4b5 <unknown>\n#13 0x556a72af37d6 <unknown>\n#14 0x556a72abfdbf <unknown>\n#15 0x556a72b16748 <unknown>\n#16 0x556a72b16917 <unknown>\n#17 0x556a72b27773 <unknown>\n#18 0x7f328cc47044 <unknown>","time":{"start":1699751781190,"stop":1699751785407,"duration":4217}},{"uid":"f3885946f64ca192","reportUrl":"https://zaelcovsky.github.io/StroyremAutomation/137//#testresult/f3885946f64ca192","status":"broken","statusDetails":"selenium.common.exceptions.NoSuchElementException: Message: no such element: Unable to locate element: {\"method\":\"xpath\",\"selector\":\"//input[@class='amount']\"}\n  (Session info: headless chrome=119.0.6045.105); For documentation on this error, please visit: https://www.selenium.dev/documentation/webdriver/troubleshooting/errors#no-such-element-exception\nStacktrace:\n#0 0x55c15058d5e3 <unknown>\n#1 0x55c1502500b7 <unknown>\n#2 0x55c15029df53 <unknown>\n#3 0x55c15029e051 <unknown>\n#4 0x55c1502e39c4 <unknown>\n#5 0x55c1502c4f1d <unknown>\n#6 0x55c1502e0b3d <unknown>\n#7 0x55c1502c4cc3 <unknown>\n#8 0x55c1502900e4 <unknown>\n#9 0x55c1502910ae <unknown>\n#10 0x55c150553ce1 <unknown>\n#11 0x55c150557b7e <unknown>\n#12 0x55c1505414b5 <unknown>\n#13 0x55c1505587d6 <unknown>\n#14 0x55c150524dbf <unknown>\n#15 0x55c15057b748 <unknown>\n#16 0x55c15057b917 <unknown>\n#17 0x55c15058c773 <unknown>\n#18 0x7fdd978cd044 <unknown>","time":{"start":1699664946994,"stop":1699664950491,"duration":3497}},{"uid":"46fb46109629d243","reportUrl":"https://zaelcovsky.github.io/StroyremAutomation/136//#testresult/46fb46109629d243","status":"broken","statusDetails":"selenium.common.exceptions.NoSuchElementException: Message: no such element: Unable to locate element: {\"method\":\"xpath\",\"selector\":\"//input[@class='amount']\"}\n  (Session info: headless chrome=119.0.6045.105); For documentation on this error, please visit: https://www.selenium.dev/documentation/webdriver/troubleshooting/errors#no-such-element-exception\nStacktrace:\n#0 0x55584e3da5e3 <unknown>\n#1 0x55584e09d0b7 <unknown>\n#2 0x55584e0eaf53 <unknown>\n#3 0x55584e0eb051 <unknown>\n#4 0x55584e1309c4 <unknown>\n#5 0x55584e111f1d <unknown>\n#6 0x55584e12db3d <unknown>\n#7 0x55584e111cc3 <unknown>\n#8 0x55584e0dd0e4 <unknown>\n#9 0x55584e0de0ae <unknown>\n#10 0x55584e3a0ce1 <unknown>\n#11 0x55584e3a4b7e <unknown>\n#12 0x55584e38e4b5 <unknown>\n#13 0x55584e3a57d6 <unknown>\n#14 0x55584e371dbf <unknown>\n#15 0x55584e3c8748 <unknown>\n#16 0x55584e3c8917 <unknown>\n#17 0x55584e3d9773 <unknown>\n#18 0x7faa55af1044 <unknown>","time":{"start":1699578681752,"stop":1699578686401,"duration":4649}},{"uid":"d360b8b11573a5bb","reportUrl":"https://zaelcovsky.github.io/StroyremAutomation/135//#testresult/d360b8b11573a5bb","status":"broken","statusDetails":"selenium.common.exceptions.NoSuchElementException: Message: no such element: Unable to locate element: {\"method\":\"xpath\",\"selector\":\"//input[@class='amount']\"}\n  (Session info: headless chrome=119.0.6045.105); For documentation on this error, please visit: https://www.selenium.dev/documentation/webdriver/troubleshooting/errors#no-such-element-exception\nStacktrace:\n#0 0x55897a6bf5e3 <unknown>\n#1 0x55897a3820b7 <unknown>\n#2 0x55897a3cff53 <unknown>\n#3 0x55897a3d0051 <unknown>\n#4 0x55897a4159c4 <unknown>\n#5 0x55897a3f6f1d <unknown>\n#6 0x55897a412b3d <unknown>\n#7 0x55897a3f6cc3 <unknown>\n#8 0x55897a3c20e4 <unknown>\n#9 0x55897a3c30ae <unknown>\n#10 0x55897a685ce1 <unknown>\n#11 0x55897a689b7e <unknown>\n#12 0x55897a6734b5 <unknown>\n#13 0x55897a68a7d6 <unknown>\n#14 0x55897a656dbf <unknown>\n#15 0x55897a6ad748 <unknown>\n#16 0x55897a6ad917 <unknown>\n#17 0x55897a6be773 <unknown>\n#18 0x7f6757d18044 <unknown>","time":{"start":1699492275875,"stop":1699492279294,"duration":3419}},{"uid":"af31b85e9d5ee6b9","reportUrl":"https://zaelcovsky.github.io/StroyremAutomation/134//#testresult/af31b85e9d5ee6b9","status":"broken","statusDetails":"selenium.common.exceptions.NoSuchElementException: Message: no such element: Unable to locate element: {\"method\":\"xpath\",\"selector\":\"//input[@class='amount']\"}\n  (Session info: headless chrome=119.0.6045.105); For documentation on this error, please visit: https://www.selenium.dev/documentation/webdriver/troubleshooting/errors#no-such-element-exception\nStacktrace:\n#0 0x561157d545e3 <unknown>\n#1 0x561157a170b7 <unknown>\n#2 0x561157a64f53 <unknown>\n#3 0x561157a65051 <unknown>\n#4 0x561157aaa9c4 <unknown>\n#5 0x561157a8bf1d <unknown>\n#6 0x561157aa7b3d <unknown>\n#7 0x561157a8bcc3 <unknown>\n#8 0x561157a570e4 <unknown>\n#9 0x561157a580ae <unknown>\n#10 0x561157d1ace1 <unknown>\n#11 0x561157d1eb7e <unknown>\n#12 0x561157d084b5 <unknown>\n#13 0x561157d1f7d6 <unknown>\n#14 0x561157cebdbf <unknown>\n#15 0x561157d42748 <unknown>\n#16 0x561157d42917 <unknown>\n#17 0x561157d53773 <unknown>\n#18 0x7ff05dca1044 <unknown>","time":{"start":1699405806677,"stop":1699405810227,"duration":3550}},{"uid":"b965138e7d34ef92","reportUrl":"https://zaelcovsky.github.io/StroyremAutomation/133//#testresult/b965138e7d34ef92","status":"broken","statusDetails":"selenium.common.exceptions.NoSuchElementException: Message: no such element: Unable to locate element: {\"method\":\"xpath\",\"selector\":\"//input[@class='amount']\"}\n  (Session info: headless chrome=119.0.6045.105); For documentation on this error, please visit: https://www.selenium.dev/documentation/webdriver/troubleshooting/errors#no-such-element-exception\nStacktrace:\n#0 0x561db63445e3 <unknown>\n#1 0x561db60070b7 <unknown>\n#2 0x561db6054f53 <unknown>\n#3 0x561db6055051 <unknown>\n#4 0x561db609a9c4 <unknown>\n#5 0x561db607bf1d <unknown>\n#6 0x561db6097b3d <unknown>\n#7 0x561db607bcc3 <unknown>\n#8 0x561db60470e4 <unknown>\n#9 0x561db60480ae <unknown>\n#10 0x561db630ace1 <unknown>\n#11 0x561db630eb7e <unknown>\n#12 0x561db62f84b5 <unknown>\n#13 0x561db630f7d6 <unknown>\n#14 0x561db62dbdbf <unknown>\n#15 0x561db6332748 <unknown>\n#16 0x561db6332917 <unknown>\n#17 0x561db6343773 <unknown>\n#18 0x7f890ea36044 <unknown>","time":{"start":1699319514560,"stop":1699319518522,"duration":3962}},{"uid":"d48123487a3b4494","reportUrl":"https://zaelcovsky.github.io/StroyremAutomation/132//#testresult/d48123487a3b4494","status":"broken","statusDetails":"selenium.common.exceptions.NoSuchElementException: Message: no such element: Unable to locate element: {\"method\":\"xpath\",\"selector\":\"//input[@class='amount']\"}\n  (Session info: headless chrome=119.0.6045.105); For documentation on this error, please visit: https://www.selenium.dev/documentation/webdriver/troubleshooting/errors#no-such-element-exception\nStacktrace:\n#0 0x5599b29e15e3 <unknown>\n#1 0x5599b26a40b7 <unknown>\n#2 0x5599b26f1f53 <unknown>\n#3 0x5599b26f2051 <unknown>\n#4 0x5599b27379c4 <unknown>\n#5 0x5599b2718f1d <unknown>\n#6 0x5599b2734b3d <unknown>\n#7 0x5599b2718cc3 <unknown>\n#8 0x5599b26e40e4 <unknown>\n#9 0x5599b26e50ae <unknown>\n#10 0x5599b29a7ce1 <unknown>\n#11 0x5599b29abb7e <unknown>\n#12 0x5599b29954b5 <unknown>\n#13 0x5599b29ac7d6 <unknown>\n#14 0x5599b2978dbf <unknown>\n#15 0x5599b29cf748 <unknown>\n#16 0x5599b29cf917 <unknown>\n#17 0x5599b29e0773 <unknown>\n#18 0x7f79ec118044 <unknown>","time":{"start":1699233160558,"stop":1699233164591,"duration":4033}},{"uid":"cad220321becf0d1","reportUrl":"https://zaelcovsky.github.io/StroyremAutomation/131//#testresult/cad220321becf0d1","status":"broken","statusDetails":"selenium.common.exceptions.NoSuchElementException: Message: no such element: Unable to locate element: {\"method\":\"xpath\",\"selector\":\"//input[@class='amount']\"}\n  (Session info: headless chrome=119.0.6045.105); For documentation on this error, please visit: https://www.selenium.dev/documentation/webdriver/troubleshooting/errors#no-such-element-exception\nStacktrace:\n#0 0x5567260095e3 <unknown>\n#1 0x556725ccc0b7 <unknown>\n#2 0x556725d19f53 <unknown>\n#3 0x556725d1a051 <unknown>\n#4 0x556725d5f9c4 <unknown>\n#5 0x556725d40f1d <unknown>\n#6 0x556725d5cb3d <unknown>\n#7 0x556725d40cc3 <unknown>\n#8 0x556725d0c0e4 <unknown>\n#9 0x556725d0d0ae <unknown>\n#10 0x556725fcfce1 <unknown>\n#11 0x556725fd3b7e <unknown>\n#12 0x556725fbd4b5 <unknown>\n#13 0x556725fd47d6 <unknown>\n#14 0x556725fa0dbf <unknown>\n#15 0x556725ff7748 <unknown>\n#16 0x556725ff7917 <unknown>\n#17 0x556726008773 <unknown>\n#18 0x7fb12d7ea044 <unknown>","time":{"start":1699146926816,"stop":1699146932242,"duration":5426}},{"uid":"a9f6cb64e6cc6d18","reportUrl":"https://zaelcovsky.github.io/StroyremAutomation/130//#testresult/a9f6cb64e6cc6d18","status":"broken","statusDetails":"selenium.common.exceptions.NoSuchElementException: Message: no such element: Unable to locate element: {\"method\":\"xpath\",\"selector\":\"//input[@class='amount']\"}\n  (Session info: headless chrome=119.0.6045.105); For documentation on this error, please visit: https://www.selenium.dev/documentation/webdriver/troubleshooting/errors#no-such-element-exception\nStacktrace:\n#0 0x5629b58385e3 <unknown>\n#1 0x5629b54fb0b7 <unknown>\n#2 0x5629b5548f53 <unknown>\n#3 0x5629b5549051 <unknown>\n#4 0x5629b558e9c4 <unknown>\n#5 0x5629b556ff1d <unknown>\n#6 0x5629b558bb3d <unknown>\n#7 0x5629b556fcc3 <unknown>\n#8 0x5629b553b0e4 <unknown>\n#9 0x5629b553c0ae <unknown>\n#10 0x5629b57fece1 <unknown>\n#11 0x5629b5802b7e <unknown>\n#12 0x5629b57ec4b5 <unknown>\n#13 0x5629b58037d6 <unknown>\n#14 0x5629b57cfdbf <unknown>\n#15 0x5629b5826748 <unknown>\n#16 0x5629b5826917 <unknown>\n#17 0x5629b5837773 <unknown>\n#18 0x7fd286279044 <unknown>","time":{"start":1699060214613,"stop":1699060219552,"duration":4939}},{"uid":"e434ed3db22974bf","reportUrl":"https://zaelcovsky.github.io/StroyremAutomation/129//#testresult/e434ed3db22974bf","status":"broken","statusDetails":"selenium.common.exceptions.NoSuchElementException: Message: no such element: Unable to locate element: {\"method\":\"xpath\",\"selector\":\"//input[@class='amount']\"}\n  (Session info: headless chrome=119.0.6045.105); For documentation on this error, please visit: https://www.selenium.dev/documentation/webdriver/troubleshooting/errors#no-such-element-exception\nStacktrace:\n#0 0x556d7e47a5e3 <unknown>\n#1 0x556d7e13d0b7 <unknown>\n#2 0x556d7e18af53 <unknown>\n#3 0x556d7e18b051 <unknown>\n#4 0x556d7e1d09c4 <unknown>\n#5 0x556d7e1b1f1d <unknown>\n#6 0x556d7e1cdb3d <unknown>\n#7 0x556d7e1b1cc3 <unknown>\n#8 0x556d7e17d0e4 <unknown>\n#9 0x556d7e17e0ae <unknown>\n#10 0x556d7e440ce1 <unknown>\n#11 0x556d7e444b7e <unknown>\n#12 0x556d7e42e4b5 <unknown>\n#13 0x556d7e4457d6 <unknown>\n#14 0x556d7e411dbf <unknown>\n#15 0x556d7e468748 <unknown>\n#16 0x556d7e468917 <unknown>\n#17 0x556d7e479773 <unknown>\n#18 0x7ffbe2828044 <unknown>","time":{"start":1698973803551,"stop":1698973808542,"duration":4991}},{"uid":"4bb5cf649849be69","reportUrl":"https://zaelcovsky.github.io/StroyremAutomation/128//#testresult/4bb5cf649849be69","status":"broken","statusDetails":"selenium.common.exceptions.NoSuchElementException: Message: no such element: Unable to locate element: {\"method\":\"xpath\",\"selector\":\"//input[@class='amount']\"}\n  (Session info: headless chrome=119.0.6045.105); For documentation on this error, please visit: https://www.selenium.dev/documentation/webdriver/troubleshooting/errors#no-such-element-exception\nStacktrace:\n#0 0x55ed5b1755e3 <unknown>\n#1 0x55ed5ae380b7 <unknown>\n#2 0x55ed5ae85f53 <unknown>\n#3 0x55ed5ae86051 <unknown>\n#4 0x55ed5aecb9c4 <unknown>\n#5 0x55ed5aeacf1d <unknown>\n#6 0x55ed5aec8b3d <unknown>\n#7 0x55ed5aeaccc3 <unknown>\n#8 0x55ed5ae780e4 <unknown>\n#9 0x55ed5ae790ae <unknown>\n#10 0x55ed5b13bce1 <unknown>\n#11 0x55ed5b13fb7e <unknown>\n#12 0x55ed5b1294b5 <unknown>\n#13 0x55ed5b1407d6 <unknown>\n#14 0x55ed5b10cdbf <unknown>\n#15 0x55ed5b163748 <unknown>\n#16 0x55ed5b163917 <unknown>\n#17 0x55ed5b174773 <unknown>\n#18 0x7f7de5fb8044 <unknown>","time":{"start":1698887383423,"stop":1698887388195,"duration":4772}},{"uid":"73b513f075d769fb","reportUrl":"https://zaelcovsky.github.io/StroyremAutomation/127//#testresult/73b513f075d769fb","status":"broken","statusDetails":"selenium.common.exceptions.NoSuchElementException: Message: no such element: Unable to locate element: {\"method\":\"xpath\",\"selector\":\"//input[@class='amount']\"}\n  (Session info: headless chrome=119.0.6045.105); For documentation on this error, please visit: https://www.selenium.dev/documentation/webdriver/troubleshooting/errors#no-such-element-exception\nStacktrace:\n#0 0x56014cf905e3 <unknown>\n#1 0x56014cc530b7 <unknown>\n#2 0x56014cca0f53 <unknown>\n#3 0x56014cca1051 <unknown>\n#4 0x56014cce69c4 <unknown>\n#5 0x56014ccc7f1d <unknown>\n#6 0x56014cce3b3d <unknown>\n#7 0x56014ccc7cc3 <unknown>\n#8 0x56014cc930e4 <unknown>\n#9 0x56014cc940ae <unknown>\n#10 0x56014cf56ce1 <unknown>\n#11 0x56014cf5ab7e <unknown>\n#12 0x56014cf444b5 <unknown>\n#13 0x56014cf5b7d6 <unknown>\n#14 0x56014cf27dbf <unknown>\n#15 0x56014cf7e748 <unknown>\n#16 0x56014cf7e917 <unknown>\n#17 0x56014cf8f773 <unknown>\n#18 0x7f687ea56044 <unknown>","time":{"start":1698801278125,"stop":1698801283567,"duration":5442}},{"uid":"15e3a6fbec93f1d5","reportUrl":"https://zaelcovsky.github.io/StroyremAutomation/126//#testresult/15e3a6fbec93f1d5","status":"broken","statusDetails":"selenium.common.exceptions.NoSuchElementException: Message: no such element: Unable to locate element: {\"method\":\"xpath\",\"selector\":\"//input[@class='amount']\"}\n  (Session info: headless chrome=118.0.5993.70); For documentation on this error, please visit: https://www.selenium.dev/documentation/webdriver/troubleshooting/errors#no-such-element-exception\nStacktrace:\n#0 0x55dbe38d5fb3 <unknown>\n#1 0x55dbe35a94a7 <unknown>\n#2 0x55dbe35f0dd6 <unknown>\n#3 0x55dbe35f0ec1 <unknown>\n#4 0x55dbe362e354 <unknown>\n#5 0x55dbe361296d <unknown>\n#6 0x55dbe362bc02 <unknown>\n#7 0x55dbe3612713 <unknown>\n#8 0x55dbe35e518b <unknown>\n#9 0x55dbe35e5f7e <unknown>\n#10 0x55dbe389b8d8 <unknown>\n#11 0x55dbe389f800 <unknown>\n#12 0x55dbe38a9cfc <unknown>\n#13 0x55dbe38a0418 <unknown>\n#14 0x55dbe386d42f <unknown>\n#15 0x55dbe38c44e8 <unknown>\n#16 0x55dbe38c46b4 <unknown>\n#17 0x55dbe38d5143 <unknown>\n#18 0x7fb18cf3e044 <unknown>","time":{"start":1698714606558,"stop":1698714610553,"duration":3995}},{"uid":"59f0bc36634e1e11","reportUrl":"https://zaelcovsky.github.io/StroyremAutomation/125//#testresult/59f0bc36634e1e11","status":"broken","statusDetails":"selenium.common.exceptions.NoSuchElementException: Message: no such element: Unable to locate element: {\"method\":\"xpath\",\"selector\":\"//input[@class='amount']\"}\n  (Session info: headless chrome=118.0.5993.70); For documentation on this error, please visit: https://www.selenium.dev/documentation/webdriver/troubleshooting/errors#no-such-element-exception\nStacktrace:\n#0 0x5606de74cfb3 <unknown>\n#1 0x5606de4204a7 <unknown>\n#2 0x5606de467dd6 <unknown>\n#3 0x5606de467ec1 <unknown>\n#4 0x5606de4a5354 <unknown>\n#5 0x5606de48996d <unknown>\n#6 0x5606de4a2c02 <unknown>\n#7 0x5606de489713 <unknown>\n#8 0x5606de45c18b <unknown>\n#9 0x5606de45cf7e <unknown>\n#10 0x5606de7128d8 <unknown>\n#11 0x5606de716800 <unknown>\n#12 0x5606de720cfc <unknown>\n#13 0x5606de717418 <unknown>\n#14 0x5606de6e442f <unknown>\n#15 0x5606de73b4e8 <unknown>\n#16 0x5606de73b6b4 <unknown>\n#17 0x5606de74c143 <unknown>\n#18 0x7feb105f7044 <unknown>","time":{"start":1698628184251,"stop":1698628188546,"duration":4295}},{"uid":"2754aba53fcc66c9","reportUrl":"https://zaelcovsky.github.io/StroyremAutomation/124//#testresult/2754aba53fcc66c9","status":"broken","statusDetails":"selenium.common.exceptions.NoSuchElementException: Message: no such element: Unable to locate element: {\"method\":\"xpath\",\"selector\":\"//input[@class='amount']\"}\n  (Session info: headless chrome=118.0.5993.70); For documentation on this error, please visit: https://www.selenium.dev/documentation/webdriver/troubleshooting/errors#no-such-element-exception\nStacktrace:\n#0 0x562caf7ecfb3 <unknown>\n#1 0x562caf4c04a7 <unknown>\n#2 0x562caf507dd6 <unknown>\n#3 0x562caf507ec1 <unknown>\n#4 0x562caf545354 <unknown>\n#5 0x562caf52996d <unknown>\n#6 0x562caf542c02 <unknown>\n#7 0x562caf529713 <unknown>\n#8 0x562caf4fc18b <unknown>\n#9 0x562caf4fcf7e <unknown>\n#10 0x562caf7b28d8 <unknown>\n#11 0x562caf7b6800 <unknown>\n#12 0x562caf7c0cfc <unknown>\n#13 0x562caf7b7418 <unknown>\n#14 0x562caf78442f <unknown>\n#15 0x562caf7db4e8 <unknown>\n#16 0x562caf7db6b4 <unknown>\n#17 0x562caf7ec143 <unknown>\n#18 0x7f339b81f044 <unknown>","time":{"start":1698541965510,"stop":1698541970035,"duration":4525}}]},"tags":["smoke"]},"source":"ab699f181ddf75f.json","parameterValues":["3650","66","'TD 020'","2990","'products/shtukaturka-gipsovaya-aksolit-m50-30-kg-mashinnogo-naneseniya'","1500","'https://sandboxtest.stroyrem-nn.ru/'","2000"]}