{"uid":"711720d65580505a","name":"TD 019 Доставка товара весом до 1700кг. в синей зоне","fullName":"tests.delivery.test_delivery_calculation.TestDeliveryPageCalculation#test_positive_delivery_blue_zone_smoke","historyId":"7de17ed6f423399e8e6f079409b2bd41","time":{"start":1706749991147,"stop":1706749991586,"duration":439},"status":"broken","statusMessage":"selenium.common.exceptions.NoSuchElementException: Message: no such element: Unable to locate element: {\"method\":\"xpath\",\"selector\":\"(//a[@class='add-to-cart yellow-btn'])[1]\"}\n  (Session info: chrome-headless-shell=121.0.6167.85); For documentation on this error, please visit: https://www.selenium.dev/documentation/webdriver/troubleshooting/errors#no-such-element-exception\nStacktrace:\n#0 0x555d0b489d93 <unknown>\n#1 0x555d0b16d337 <unknown>\n#2 0x555d0b1b8d60 <unknown>\n#3 0x555d0b1b8e51 <unknown>\n#4 0x555d0b1fcbc4 <unknown>\n#5 0x555d0b1db46d <unknown>\n#6 0x555d0b1fa12d <unknown>\n#7 0x555d0b1db1e3 <unknown>\n#8 0x555d0b1ab135 <unknown>\n#9 0x555d0b1ac13e <unknown>\n#10 0x555d0b44de4b <unknown>\n#11 0x555d0b451dfa <unknown>\n#12 0x555d0b43a6d5 <unknown>\n#13 0x555d0b452a6f <unknown>\n#14 0x555d0b41e69f <unknown>\n#15 0x555d0b477098 <unknown>\n#16 0x555d0b477262 <unknown>\n#17 0x555d0b488f34 <unknown>\n#18 0x7f054a628044 <unknown>","statusTrace":"self = <tests.delivery.test_delivery_calculation.TestDeliveryPageCalculation object at 0x7fedde134290>\ndriver = <selenium.webdriver.chrome.webdriver.WebDriver (session=\"2758facae2750cca39a8bcb7b691f6c4\")>\nurl = 'https://sandboxtest.stroyrem-nn.ru/', case_id = 'TD 019'\nlink_item = 'products/shtukaturka-gipsovaya-aksolit-m50-30-kg-mashinnogo-naneseniya'\namount = 25, weight = 1700, standard = 1150, in_time = 2490, all_time = 3320\n\n    @pytest.mark.parametrize('case_id, link_item, amount, weight, standard, in_time, all_time', [\n        (\"TD 015\", bundeks_25, 1, 30, 650, 2390, 3320),\n        pytest.param(\n            \"TD 016\", aksolit_30, 8, 300, 650, 2390, 3320,\n            marks=pytest.mark.xfail(reson=\"Цена доставки: - - -\")\n        ),\n        (\"TD 017\", aksolit_30, 13, 400, 650, 2390, 3320),\n        (\"TD 018\", aksolit_30, 16, 500, 850, 2490, 3320),\n        (\"TD 019\", aksolit_30, 25, 1700, 1150, 2490, 3320),\n        (\"TD 020\", aksolit_30, 66, 2000, 1500, 2990, 3650),\n        (\"TD 021\", aksolit_30, 149, 4500, 2600, 4380, 4890),\n        (\"TD 022\", aksolit_30, 166, 5000, 2800, 5490, 5980),\n        pytest.param(\n            \"TD 023\", aksolit_30, 206, 6200, 3300, 7500, 8000,\n            marks=pytest.mark.xfail(reson=\"Цена доставки: 4300 9900 11440\")\n        ),\n        (\"TD 024\", aksolit_30, 299, 9000, 4300, 9900, 11440),\n        (\"TD 025\", aksolit_30, 333, 10000, 7000, 13900, 15900),\n        pytest.param(\n            \"TD 026\", aksolit_30, 366, 11000, 8000, 14900, 19900,\n            marks=pytest.mark.xfail(reson=\"Цена доставки: 7000 13900 15900\")\n        ),\n        pytest.param(\n            \"TD 027\", aksolit_30, 666, 20000, 14000, 16900, 23900,\n            marks=pytest.mark.xfail(reson=\"Цена доставки: 7000 13900 15900\")\n        )\n    ])\n    @pytest.mark.smoke\n    def test_positive_delivery_blue_zone_smoke(\n            self, driver, url, case_id, link_item, amount, weight, standard, in_time, all_time\n    ):\n        allure.dynamic.title(f\"{case_id} Доставка товара весом до {weight}кг. в синей зоне\")\n    \n        driver.get(f'{url}{link_item}')\n        item_page = ItemPage(driver)\n>       item_page.add_item_to_cart(amount).click_on_cart()\n\ntests/delivery/test_delivery_calculation.py:130: \n_ _ _ _ _ _ _ _ _ _ _ _ _ _ _ _ _ _ _ _ _ _ _ _ _ _ _ _ _ _ _ _ _ _ _ _ _ _ _ _ \npages/item_page.py:40: in add_item_to_cart\n    self.find_element(self._add_item).click()\nbase/seleniumbase.py:17: in find_element\n    return self.driver.find_element(*locator)\n/usr/local/lib/python3.11/site-packages/selenium/webdriver/remote/webdriver.py:740: in find_element\n    return self.execute(Command.FIND_ELEMENT, {\"using\": by, \"value\": value})[\"value\"]\n/usr/local/lib/python3.11/site-packages/selenium/webdriver/remote/webdriver.py:346: in execute\n    self.error_handler.check_response(response)\n_ _ _ _ _ _ _ _ _ _ _ _ _ _ _ _ _ _ _ _ _ _ _ _ _ _ _ _ _ _ _ _ _ _ _ _ _ _ _ _ \n\nself = <selenium.webdriver.remote.errorhandler.ErrorHandler object at 0x7feddf745ad0>\nresponse = {'status': 404, 'value': '{\"value\":{\"error\":\"no such element\",\"message\":\"no such element: Unable to locate element: {\\...\\\\n#16 0x555d0b477262 \\\\u003Cunknown>\\\\n#17 0x555d0b488f34 \\\\u003Cunknown>\\\\n#18 0x7f054a628044 \\\\u003Cunknown>\\\\n\"}}'}\n\n    def check_response(self, response: Dict[str, Any]) -> None:\n        \"\"\"Checks that a JSON response from the WebDriver does not have an\n        error.\n    \n        :Args:\n         - response - The JSON response from the WebDriver server as a dictionary\n           object.\n    \n        :Raises: If the response contains an error message.\n        \"\"\"\n        status = response.get(\"status\", None)\n        if not status or status == ErrorCode.SUCCESS:\n            return\n        value = None\n        message = response.get(\"message\", \"\")\n        screen: str = response.get(\"screen\", \"\")\n        stacktrace = None\n        if isinstance(status, int):\n            value_json = response.get(\"value\", None)\n            if value_json and isinstance(value_json, str):\n                import json\n    \n                try:\n                    value = json.loads(value_json)\n                    if len(value) == 1:\n                        value = value[\"value\"]\n                    status = value.get(\"error\", None)\n                    if not status:\n                        status = value.get(\"status\", ErrorCode.UNKNOWN_ERROR)\n                        message = value.get(\"value\") or value.get(\"message\")\n                        if not isinstance(message, str):\n                            value = message\n                            message = message.get(\"message\")\n                    else:\n                        message = value.get(\"message\", None)\n                except ValueError:\n                    pass\n    \n        exception_class: Type[WebDriverException]\n        if status in ErrorCode.NO_SUCH_ELEMENT:\n            exception_class = NoSuchElementException\n        elif status in ErrorCode.NO_SUCH_FRAME:\n            exception_class = NoSuchFrameException\n        elif status in ErrorCode.NO_SUCH_SHADOW_ROOT:\n            exception_class = NoSuchShadowRootException\n        elif status in ErrorCode.NO_SUCH_WINDOW:\n            exception_class = NoSuchWindowException\n        elif status in ErrorCode.STALE_ELEMENT_REFERENCE:\n            exception_class = StaleElementReferenceException\n        elif status in ErrorCode.ELEMENT_NOT_VISIBLE:\n            exception_class = ElementNotVisibleException\n        elif status in ErrorCode.INVALID_ELEMENT_STATE:\n            exception_class = InvalidElementStateException\n        elif (\n            status in ErrorCode.INVALID_SELECTOR\n            or status in ErrorCode.INVALID_XPATH_SELECTOR\n            or status in ErrorCode.INVALID_XPATH_SELECTOR_RETURN_TYPER\n        ):\n            exception_class = InvalidSelectorException\n        elif status in ErrorCode.ELEMENT_IS_NOT_SELECTABLE:\n            exception_class = ElementNotSelectableException\n        elif status in ErrorCode.ELEMENT_NOT_INTERACTABLE:\n            exception_class = ElementNotInteractableException\n        elif status in ErrorCode.INVALID_COOKIE_DOMAIN:\n            exception_class = InvalidCookieDomainException\n        elif status in ErrorCode.UNABLE_TO_SET_COOKIE:\n            exception_class = UnableToSetCookieException\n        elif status in ErrorCode.TIMEOUT:\n            exception_class = TimeoutException\n        elif status in ErrorCode.SCRIPT_TIMEOUT:\n            exception_class = TimeoutException\n        elif status in ErrorCode.UNKNOWN_ERROR:\n            exception_class = WebDriverException\n        elif status in ErrorCode.UNEXPECTED_ALERT_OPEN:\n            exception_class = UnexpectedAlertPresentException\n        elif status in ErrorCode.NO_ALERT_OPEN:\n            exception_class = NoAlertPresentException\n        elif status in ErrorCode.IME_NOT_AVAILABLE:\n            exception_class = ImeNotAvailableException\n        elif status in ErrorCode.IME_ENGINE_ACTIVATION_FAILED:\n            exception_class = ImeActivationFailedException\n        elif status in ErrorCode.MOVE_TARGET_OUT_OF_BOUNDS:\n            exception_class = MoveTargetOutOfBoundsException\n        elif status in ErrorCode.JAVASCRIPT_ERROR:\n            exception_class = JavascriptException\n        elif status in ErrorCode.SESSION_NOT_CREATED:\n            exception_class = SessionNotCreatedException\n        elif status in ErrorCode.INVALID_ARGUMENT:\n            exception_class = InvalidArgumentException\n        elif status in ErrorCode.NO_SUCH_COOKIE:\n            exception_class = NoSuchCookieException\n        elif status in ErrorCode.UNABLE_TO_CAPTURE_SCREEN:\n            exception_class = ScreenshotException\n        elif status in ErrorCode.ELEMENT_CLICK_INTERCEPTED:\n            exception_class = ElementClickInterceptedException\n        elif status in ErrorCode.INSECURE_CERTIFICATE:\n            exception_class = InsecureCertificateException\n        elif status in ErrorCode.INVALID_COORDINATES:\n            exception_class = InvalidCoordinatesException\n        elif status in ErrorCode.INVALID_SESSION_ID:\n            exception_class = InvalidSessionIdException\n        elif status in ErrorCode.UNKNOWN_METHOD:\n            exception_class = UnknownMethodException\n        else:\n            exception_class = WebDriverException\n        if not value:\n            value = response[\"value\"]\n        if isinstance(value, str):\n            raise exception_class(value)\n        if message == \"\" and \"message\" in value:\n            message = value[\"message\"]\n    \n        screen = None  # type: ignore[assignment]\n        if \"screen\" in value:\n            screen = value[\"screen\"]\n    \n        stacktrace = None\n        st_value = value.get(\"stackTrace\") or value.get(\"stacktrace\")\n        if st_value:\n            if isinstance(st_value, str):\n                stacktrace = st_value.split(\"\\n\")\n            else:\n                stacktrace = []\n                try:\n                    for frame in st_value:\n                        line = frame.get(\"lineNumber\", \"\")\n                        file = frame.get(\"fileName\", \"<anonymous>\")\n                        if line:\n                            file = f\"{file}:{line}\"\n                        meth = frame.get(\"methodName\", \"<anonymous>\")\n                        if \"className\" in frame:\n                            meth = f\"{frame['className']}.{meth}\"\n                        msg = \"    at %s (%s)\"\n                        msg = msg % (meth, file)\n                        stacktrace.append(msg)\n                except TypeError:\n                    pass\n        if exception_class == UnexpectedAlertPresentException:\n            alert_text = None\n            if \"data\" in value:\n                alert_text = value[\"data\"].get(\"text\")\n            elif \"alert\" in value:\n                alert_text = value[\"alert\"].get(\"text\")\n            raise exception_class(message, screen, stacktrace, alert_text)  # type: ignore[call-arg]  # mypy is not smart enough here\n>       raise exception_class(message, screen, stacktrace)\nE       selenium.common.exceptions.NoSuchElementException: Message: no such element: Unable to locate element: {\"method\":\"xpath\",\"selector\":\"(//a[@class='add-to-cart yellow-btn'])[1]\"}\nE         (Session info: chrome-headless-shell=121.0.6167.85); For documentation on this error, please visit: https://www.selenium.dev/documentation/webdriver/troubleshooting/errors#no-such-element-exception\nE       Stacktrace:\nE       #0 0x555d0b489d93 <unknown>\nE       #1 0x555d0b16d337 <unknown>\nE       #2 0x555d0b1b8d60 <unknown>\nE       #3 0x555d0b1b8e51 <unknown>\nE       #4 0x555d0b1fcbc4 <unknown>\nE       #5 0x555d0b1db46d <unknown>\nE       #6 0x555d0b1fa12d <unknown>\nE       #7 0x555d0b1db1e3 <unknown>\nE       #8 0x555d0b1ab135 <unknown>\nE       #9 0x555d0b1ac13e <unknown>\nE       #10 0x555d0b44de4b <unknown>\nE       #11 0x555d0b451dfa <unknown>\nE       #12 0x555d0b43a6d5 <unknown>\nE       #13 0x555d0b452a6f <unknown>\nE       #14 0x555d0b41e69f <unknown>\nE       #15 0x555d0b477098 <unknown>\nE       #16 0x555d0b477262 <unknown>\nE       #17 0x555d0b488f34 <unknown>\nE       #18 0x7f054a628044 <unknown>\n\n/usr/local/lib/python3.11/site-packages/selenium/webdriver/remote/errorhandler.py:245: NoSuchElementException","flaky":false,"newFailed":false,"newBroken":false,"newPassed":false,"retriesCount":0,"retriesStatusChange":false,"beforeStages":[{"name":"_session_faker","time":{"start":1706749448596,"stop":1706749448666,"duration":70},"status":"passed","steps":[],"attachments":[],"parameters":[],"shouldDisplayMessage":false,"stepsCount":0,"attachmentsCount":0,"hasContent":false,"attachmentStep":false},{"name":"clear_allure_results_folder","time":{"start":1706749448666,"stop":1706749448666,"duration":0},"status":"passed","steps":[],"attachments":[],"parameters":[],"shouldDisplayMessage":false,"stepsCount":0,"attachmentsCount":0,"hasContent":false,"attachmentStep":false},{"name":"driver","time":{"start":1706749990413,"stop":1706749991145,"duration":732},"status":"passed","steps":[],"attachments":[],"parameters":[],"shouldDisplayMessage":false,"stepsCount":0,"attachmentsCount":0,"hasContent":false,"attachmentStep":false},{"name":"setup","time":{"start":1706749991145,"stop":1706749991146,"duration":1},"status":"passed","steps":[],"attachments":[],"parameters":[],"shouldDisplayMessage":false,"stepsCount":0,"attachmentsCount":0,"hasContent":false,"attachmentStep":false}],"testStage":{"status":"broken","statusMessage":"selenium.common.exceptions.NoSuchElementException: Message: no such element: Unable to locate element: {\"method\":\"xpath\",\"selector\":\"(//a[@class='add-to-cart yellow-btn'])[1]\"}\n  (Session info: chrome-headless-shell=121.0.6167.85); For documentation on this error, please visit: https://www.selenium.dev/documentation/webdriver/troubleshooting/errors#no-such-element-exception\nStacktrace:\n#0 0x555d0b489d93 <unknown>\n#1 0x555d0b16d337 <unknown>\n#2 0x555d0b1b8d60 <unknown>\n#3 0x555d0b1b8e51 <unknown>\n#4 0x555d0b1fcbc4 <unknown>\n#5 0x555d0b1db46d <unknown>\n#6 0x555d0b1fa12d <unknown>\n#7 0x555d0b1db1e3 <unknown>\n#8 0x555d0b1ab135 <unknown>\n#9 0x555d0b1ac13e <unknown>\n#10 0x555d0b44de4b <unknown>\n#11 0x555d0b451dfa <unknown>\n#12 0x555d0b43a6d5 <unknown>\n#13 0x555d0b452a6f <unknown>\n#14 0x555d0b41e69f <unknown>\n#15 0x555d0b477098 <unknown>\n#16 0x555d0b477262 <unknown>\n#17 0x555d0b488f34 <unknown>\n#18 0x7f054a628044 <unknown>","statusTrace":"self = <tests.delivery.test_delivery_calculation.TestDeliveryPageCalculation object at 0x7fedde134290>\ndriver = <selenium.webdriver.chrome.webdriver.WebDriver (session=\"2758facae2750cca39a8bcb7b691f6c4\")>\nurl = 'https://sandboxtest.stroyrem-nn.ru/', case_id = 'TD 019'\nlink_item = 'products/shtukaturka-gipsovaya-aksolit-m50-30-kg-mashinnogo-naneseniya'\namount = 25, weight = 1700, standard = 1150, in_time = 2490, all_time = 3320\n\n    @pytest.mark.parametrize('case_id, link_item, amount, weight, standard, in_time, all_time', [\n        (\"TD 015\", bundeks_25, 1, 30, 650, 2390, 3320),\n        pytest.param(\n            \"TD 016\", aksolit_30, 8, 300, 650, 2390, 3320,\n            marks=pytest.mark.xfail(reson=\"Цена доставки: - - -\")\n        ),\n        (\"TD 017\", aksolit_30, 13, 400, 650, 2390, 3320),\n        (\"TD 018\", aksolit_30, 16, 500, 850, 2490, 3320),\n        (\"TD 019\", aksolit_30, 25, 1700, 1150, 2490, 3320),\n        (\"TD 020\", aksolit_30, 66, 2000, 1500, 2990, 3650),\n        (\"TD 021\", aksolit_30, 149, 4500, 2600, 4380, 4890),\n        (\"TD 022\", aksolit_30, 166, 5000, 2800, 5490, 5980),\n        pytest.param(\n            \"TD 023\", aksolit_30, 206, 6200, 3300, 7500, 8000,\n            marks=pytest.mark.xfail(reson=\"Цена доставки: 4300 9900 11440\")\n        ),\n        (\"TD 024\", aksolit_30, 299, 9000, 4300, 9900, 11440),\n        (\"TD 025\", aksolit_30, 333, 10000, 7000, 13900, 15900),\n        pytest.param(\n            \"TD 026\", aksolit_30, 366, 11000, 8000, 14900, 19900,\n            marks=pytest.mark.xfail(reson=\"Цена доставки: 7000 13900 15900\")\n        ),\n        pytest.param(\n            \"TD 027\", aksolit_30, 666, 20000, 14000, 16900, 23900,\n            marks=pytest.mark.xfail(reson=\"Цена доставки: 7000 13900 15900\")\n        )\n    ])\n    @pytest.mark.smoke\n    def test_positive_delivery_blue_zone_smoke(\n            self, driver, url, case_id, link_item, amount, weight, standard, in_time, all_time\n    ):\n        allure.dynamic.title(f\"{case_id} Доставка товара весом до {weight}кг. в синей зоне\")\n    \n        driver.get(f'{url}{link_item}')\n        item_page = ItemPage(driver)\n>       item_page.add_item_to_cart(amount).click_on_cart()\n\ntests/delivery/test_delivery_calculation.py:130: \n_ _ _ _ _ _ _ _ _ _ _ _ _ _ _ _ _ _ _ _ _ _ _ _ _ _ _ _ _ _ _ _ _ _ _ _ _ _ _ _ \npages/item_page.py:40: in add_item_to_cart\n    self.find_element(self._add_item).click()\nbase/seleniumbase.py:17: in find_element\n    return self.driver.find_element(*locator)\n/usr/local/lib/python3.11/site-packages/selenium/webdriver/remote/webdriver.py:740: in find_element\n    return self.execute(Command.FIND_ELEMENT, {\"using\": by, \"value\": value})[\"value\"]\n/usr/local/lib/python3.11/site-packages/selenium/webdriver/remote/webdriver.py:346: in execute\n    self.error_handler.check_response(response)\n_ _ _ _ _ _ _ _ _ _ _ _ _ _ _ _ _ _ _ _ _ _ _ _ _ _ _ _ _ _ _ _ _ _ _ _ _ _ _ _ \n\nself = <selenium.webdriver.remote.errorhandler.ErrorHandler object at 0x7feddf745ad0>\nresponse = {'status': 404, 'value': '{\"value\":{\"error\":\"no such element\",\"message\":\"no such element: Unable to locate element: {\\...\\\\n#16 0x555d0b477262 \\\\u003Cunknown>\\\\n#17 0x555d0b488f34 \\\\u003Cunknown>\\\\n#18 0x7f054a628044 \\\\u003Cunknown>\\\\n\"}}'}\n\n    def check_response(self, response: Dict[str, Any]) -> None:\n        \"\"\"Checks that a JSON response from the WebDriver does not have an\n        error.\n    \n        :Args:\n         - response - The JSON response from the WebDriver server as a dictionary\n           object.\n    \n        :Raises: If the response contains an error message.\n        \"\"\"\n        status = response.get(\"status\", None)\n        if not status or status == ErrorCode.SUCCESS:\n            return\n        value = None\n        message = response.get(\"message\", \"\")\n        screen: str = response.get(\"screen\", \"\")\n        stacktrace = None\n        if isinstance(status, int):\n            value_json = response.get(\"value\", None)\n            if value_json and isinstance(value_json, str):\n                import json\n    \n                try:\n                    value = json.loads(value_json)\n                    if len(value) == 1:\n                        value = value[\"value\"]\n                    status = value.get(\"error\", None)\n                    if not status:\n                        status = value.get(\"status\", ErrorCode.UNKNOWN_ERROR)\n                        message = value.get(\"value\") or value.get(\"message\")\n                        if not isinstance(message, str):\n                            value = message\n                            message = message.get(\"message\")\n                    else:\n                        message = value.get(\"message\", None)\n                except ValueError:\n                    pass\n    \n        exception_class: Type[WebDriverException]\n        if status in ErrorCode.NO_SUCH_ELEMENT:\n            exception_class = NoSuchElementException\n        elif status in ErrorCode.NO_SUCH_FRAME:\n            exception_class = NoSuchFrameException\n        elif status in ErrorCode.NO_SUCH_SHADOW_ROOT:\n            exception_class = NoSuchShadowRootException\n        elif status in ErrorCode.NO_SUCH_WINDOW:\n            exception_class = NoSuchWindowException\n        elif status in ErrorCode.STALE_ELEMENT_REFERENCE:\n            exception_class = StaleElementReferenceException\n        elif status in ErrorCode.ELEMENT_NOT_VISIBLE:\n            exception_class = ElementNotVisibleException\n        elif status in ErrorCode.INVALID_ELEMENT_STATE:\n            exception_class = InvalidElementStateException\n        elif (\n            status in ErrorCode.INVALID_SELECTOR\n            or status in ErrorCode.INVALID_XPATH_SELECTOR\n            or status in ErrorCode.INVALID_XPATH_SELECTOR_RETURN_TYPER\n        ):\n            exception_class = InvalidSelectorException\n        elif status in ErrorCode.ELEMENT_IS_NOT_SELECTABLE:\n            exception_class = ElementNotSelectableException\n        elif status in ErrorCode.ELEMENT_NOT_INTERACTABLE:\n            exception_class = ElementNotInteractableException\n        elif status in ErrorCode.INVALID_COOKIE_DOMAIN:\n            exception_class = InvalidCookieDomainException\n        elif status in ErrorCode.UNABLE_TO_SET_COOKIE:\n            exception_class = UnableToSetCookieException\n        elif status in ErrorCode.TIMEOUT:\n            exception_class = TimeoutException\n        elif status in ErrorCode.SCRIPT_TIMEOUT:\n            exception_class = TimeoutException\n        elif status in ErrorCode.UNKNOWN_ERROR:\n            exception_class = WebDriverException\n        elif status in ErrorCode.UNEXPECTED_ALERT_OPEN:\n            exception_class = UnexpectedAlertPresentException\n        elif status in ErrorCode.NO_ALERT_OPEN:\n            exception_class = NoAlertPresentException\n        elif status in ErrorCode.IME_NOT_AVAILABLE:\n            exception_class = ImeNotAvailableException\n        elif status in ErrorCode.IME_ENGINE_ACTIVATION_FAILED:\n            exception_class = ImeActivationFailedException\n        elif status in ErrorCode.MOVE_TARGET_OUT_OF_BOUNDS:\n            exception_class = MoveTargetOutOfBoundsException\n        elif status in ErrorCode.JAVASCRIPT_ERROR:\n            exception_class = JavascriptException\n        elif status in ErrorCode.SESSION_NOT_CREATED:\n            exception_class = SessionNotCreatedException\n        elif status in ErrorCode.INVALID_ARGUMENT:\n            exception_class = InvalidArgumentException\n        elif status in ErrorCode.NO_SUCH_COOKIE:\n            exception_class = NoSuchCookieException\n        elif status in ErrorCode.UNABLE_TO_CAPTURE_SCREEN:\n            exception_class = ScreenshotException\n        elif status in ErrorCode.ELEMENT_CLICK_INTERCEPTED:\n            exception_class = ElementClickInterceptedException\n        elif status in ErrorCode.INSECURE_CERTIFICATE:\n            exception_class = InsecureCertificateException\n        elif status in ErrorCode.INVALID_COORDINATES:\n            exception_class = InvalidCoordinatesException\n        elif status in ErrorCode.INVALID_SESSION_ID:\n            exception_class = InvalidSessionIdException\n        elif status in ErrorCode.UNKNOWN_METHOD:\n            exception_class = UnknownMethodException\n        else:\n            exception_class = WebDriverException\n        if not value:\n            value = response[\"value\"]\n        if isinstance(value, str):\n            raise exception_class(value)\n        if message == \"\" and \"message\" in value:\n            message = value[\"message\"]\n    \n        screen = None  # type: ignore[assignment]\n        if \"screen\" in value:\n            screen = value[\"screen\"]\n    \n        stacktrace = None\n        st_value = value.get(\"stackTrace\") or value.get(\"stacktrace\")\n        if st_value:\n            if isinstance(st_value, str):\n                stacktrace = st_value.split(\"\\n\")\n            else:\n                stacktrace = []\n                try:\n                    for frame in st_value:\n                        line = frame.get(\"lineNumber\", \"\")\n                        file = frame.get(\"fileName\", \"<anonymous>\")\n                        if line:\n                            file = f\"{file}:{line}\"\n                        meth = frame.get(\"methodName\", \"<anonymous>\")\n                        if \"className\" in frame:\n                            meth = f\"{frame['className']}.{meth}\"\n                        msg = \"    at %s (%s)\"\n                        msg = msg % (meth, file)\n                        stacktrace.append(msg)\n                except TypeError:\n                    pass\n        if exception_class == UnexpectedAlertPresentException:\n            alert_text = None\n            if \"data\" in value:\n                alert_text = value[\"data\"].get(\"text\")\n            elif \"alert\" in value:\n                alert_text = value[\"alert\"].get(\"text\")\n            raise exception_class(message, screen, stacktrace, alert_text)  # type: ignore[call-arg]  # mypy is not smart enough here\n>       raise exception_class(message, screen, stacktrace)\nE       selenium.common.exceptions.NoSuchElementException: Message: no such element: Unable to locate element: {\"method\":\"xpath\",\"selector\":\"(//a[@class='add-to-cart yellow-btn'])[1]\"}\nE         (Session info: chrome-headless-shell=121.0.6167.85); For documentation on this error, please visit: https://www.selenium.dev/documentation/webdriver/troubleshooting/errors#no-such-element-exception\nE       Stacktrace:\nE       #0 0x555d0b489d93 <unknown>\nE       #1 0x555d0b16d337 <unknown>\nE       #2 0x555d0b1b8d60 <unknown>\nE       #3 0x555d0b1b8e51 <unknown>\nE       #4 0x555d0b1fcbc4 <unknown>\nE       #5 0x555d0b1db46d <unknown>\nE       #6 0x555d0b1fa12d <unknown>\nE       #7 0x555d0b1db1e3 <unknown>\nE       #8 0x555d0b1ab135 <unknown>\nE       #9 0x555d0b1ac13e <unknown>\nE       #10 0x555d0b44de4b <unknown>\nE       #11 0x555d0b451dfa <unknown>\nE       #12 0x555d0b43a6d5 <unknown>\nE       #13 0x555d0b452a6f <unknown>\nE       #14 0x555d0b41e69f <unknown>\nE       #15 0x555d0b477098 <unknown>\nE       #16 0x555d0b477262 <unknown>\nE       #17 0x555d0b488f34 <unknown>\nE       #18 0x7f054a628044 <unknown>\n\n/usr/local/lib/python3.11/site-packages/selenium/webdriver/remote/errorhandler.py:245: NoSuchElementException","steps":[{"name":"Добавляем товар в корзину в количестве 25","time":{"start":1706749991573,"stop":1706749991585,"duration":12},"status":"broken","statusMessage":"selenium.common.exceptions.NoSuchElementException: Message: no such element: Unable to locate element: {\"method\":\"xpath\",\"selector\":\"(//a[@class='add-to-cart yellow-btn'])[1]\"}\n  (Session info: chrome-headless-shell=121.0.6167.85); For documentation on this error, please visit: https://www.selenium.dev/documentation/webdriver/troubleshooting/errors#no-such-element-exception\nStacktrace:\n#0 0x555d0b489d93 <unknown>\n#1 0x555d0b16d337 <unknown>\n#2 0x555d0b1b8d60 <unknown>\n#3 0x555d0b1b8e51 <unknown>\n#4 0x555d0b1fcbc4 <unknown>\n#5 0x555d0b1db46d <unknown>\n#6 0x555d0b1fa12d <unknown>\n#7 0x555d0b1db1e3 <unknown>\n#8 0x555d0b1ab135 <unknown>\n#9 0x555d0b1ac13e <unknown>\n#10 0x555d0b44de4b <unknown>\n#11 0x555d0b451dfa <unknown>\n#12 0x555d0b43a6d5 <unknown>\n#13 0x555d0b452a6f <unknown>\n#14 0x555d0b41e69f <unknown>\n#15 0x555d0b477098 <unknown>\n#16 0x555d0b477262 <unknown>\n#17 0x555d0b488f34 <unknown>\n#18 0x7f054a628044 <unknown>\n\n","statusTrace":"  File \"/usr/local/lib/python3.11/site-packages/allure_commons/_allure.py\", line 192, in impl\n    return func(*a, **kw)\n           ^^^^^^^^^^^^^^\n  File \"/app/pages/item_page.py\", line 40, in add_item_to_cart\n    self.find_element(self._add_item).click()\n    ^^^^^^^^^^^^^^^^^^^^^^^^^^^^^^^^^\n  File \"/app/base/seleniumbase.py\", line 17, in find_element\n    return self.driver.find_element(*locator)\n           ^^^^^^^^^^^^^^^^^^^^^^^^^^^^^^^^^^\n  File \"/usr/local/lib/python3.11/site-packages/selenium/webdriver/remote/webdriver.py\", line 740, in find_element\n    return self.execute(Command.FIND_ELEMENT, {\"using\": by, \"value\": value})[\"value\"]\n           ^^^^^^^^^^^^^^^^^^^^^^^^^^^^^^^^^^^^^^^^^^^^^^^^^^^^^^^^^^^^^^^^^\n  File \"/usr/local/lib/python3.11/site-packages/selenium/webdriver/remote/webdriver.py\", line 346, in execute\n    self.error_handler.check_response(response)\n  File \"/usr/local/lib/python3.11/site-packages/selenium/webdriver/remote/errorhandler.py\", line 245, in check_response\n    raise exception_class(message, screen, stacktrace)\n","steps":[],"attachments":[],"parameters":[{"name":"amount","value":"25"}],"shouldDisplayMessage":true,"stepsCount":0,"attachmentsCount":0,"hasContent":true,"attachmentStep":false}],"attachments":[{"uid":"9ac57df53dadc78","name":"Screenshot","source":"9ac57df53dadc78.png","type":"image/png","size":5862},{"uid":"8f140b68de796e4","name":"HTML source","source":"8f140b68de796e4.html","type":"text/html","size":39}],"parameters":[],"shouldDisplayMessage":true,"stepsCount":1,"attachmentsCount":2,"hasContent":true,"attachmentStep":false},"afterStages":[{"name":"setup::0","time":{"start":1706749991701,"stop":1706749991701,"duration":0},"status":"passed","steps":[],"attachments":[],"parameters":[],"shouldDisplayMessage":false,"stepsCount":0,"attachmentsCount":0,"hasContent":false,"attachmentStep":false},{"name":"driver::0","time":{"start":1706749991701,"stop":1706749991757,"duration":56},"status":"passed","steps":[],"attachments":[],"parameters":[],"shouldDisplayMessage":false,"stepsCount":0,"attachmentsCount":0,"hasContent":false,"attachmentStep":false}],"labels":[{"name":"epic","value":"Delivery Page - calculation"},{"name":"tag","value":"smoke"},{"name":"parentSuite","value":"tests.delivery"},{"name":"suite","value":"test_delivery_calculation"},{"name":"subSuite","value":"TestDeliveryPageCalculation"},{"name":"host","value":"1a76511f8a72"},{"name":"thread","value":"1-MainThread"},{"name":"framework","value":"pytest"},{"name":"language","value":"cpython3"},{"name":"package","value":"tests.delivery.test_delivery_calculation"},{"name":"resultFormat","value":"allure2"}],"parameters":[{"name":"all_time","value":"3320"},{"name":"amount","value":"25"},{"name":"case_id","value":"'TD 019'"},{"name":"in_time","value":"2490"},{"name":"link_item","value":"'products/shtukaturka-gipsovaya-aksolit-m50-30-kg-mashinnogo-naneseniya'"},{"name":"standard","value":"1150"},{"name":"url","value":"'https://sandboxtest.stroyrem-nn.ru/'"},{"name":"weight","value":"1700"}],"links":[],"hidden":false,"retry":false,"extra":{"severity":"normal","retries":[],"categories":[{"name":"Test defects","matchedStatuses":[],"flaky":false}],"history":{"statistic":{"failed":0,"broken":155,"skipped":0,"passed":0,"unknown":0,"total":155},"items":[{"uid":"529c57ebfead1c7c","reportUrl":"https://zaelcovsky.github.io/StroyremAutomation/218//#testresult/529c57ebfead1c7c","status":"broken","statusDetails":"selenium.common.exceptions.NoSuchElementException: Message: no such element: Unable to locate element: {\"method\":\"xpath\",\"selector\":\"(//a[@class='add-to-cart yellow-btn'])[1]\"}\n  (Session info: chrome-headless-shell=121.0.6167.85); For documentation on this error, please visit: https://www.selenium.dev/documentation/webdriver/troubleshooting/errors#no-such-element-exception\nStacktrace:\n#0 0x562ecc986d93 <unknown>\n#1 0x562ecc66a337 <unknown>\n#2 0x562ecc6b5d60 <unknown>\n#3 0x562ecc6b5e51 <unknown>\n#4 0x562ecc6f9bc4 <unknown>\n#5 0x562ecc6d846d <unknown>\n#6 0x562ecc6f712d <unknown>\n#7 0x562ecc6d81e3 <unknown>\n#8 0x562ecc6a8135 <unknown>\n#9 0x562ecc6a913e <unknown>\n#10 0x562ecc94ae4b <unknown>\n#11 0x562ecc94edfa <unknown>\n#12 0x562ecc9376d5 <unknown>\n#13 0x562ecc94fa6f <unknown>\n#14 0x562ecc91b69f <unknown>\n#15 0x562ecc974098 <unknown>\n#16 0x562ecc974262 <unknown>\n#17 0x562ecc985f34 <unknown>\n#18 0x7ff97d09b044 <unknown>","time":{"start":1706663307594,"stop":1706663308298,"duration":704}},{"uid":"56e3eab579230696","reportUrl":"https://zaelcovsky.github.io/StroyremAutomation/217//#testresult/56e3eab579230696","status":"broken","statusDetails":"selenium.common.exceptions.NoSuchElementException: Message: no such element: Unable to locate element: {\"method\":\"xpath\",\"selector\":\"(//a[@class='add-to-cart yellow-btn'])[1]\"}\n  (Session info: chrome-headless-shell=121.0.6167.85); For documentation on this error, please visit: https://www.selenium.dev/documentation/webdriver/troubleshooting/errors#no-such-element-exception\nStacktrace:\n#0 0x556050159d93 <unknown>\n#1 0x55604fe3d337 <unknown>\n#2 0x55604fe88d60 <unknown>\n#3 0x55604fe88e51 <unknown>\n#4 0x55604feccbc4 <unknown>\n#5 0x55604feab46d <unknown>\n#6 0x55604feca12d <unknown>\n#7 0x55604feab1e3 <unknown>\n#8 0x55604fe7b135 <unknown>\n#9 0x55604fe7c13e <unknown>\n#10 0x55605011de4b <unknown>\n#11 0x556050121dfa <unknown>\n#12 0x55605010a6d5 <unknown>\n#13 0x556050122a6f <unknown>\n#14 0x5560500ee69f <unknown>\n#15 0x556050147098 <unknown>\n#16 0x556050147262 <unknown>\n#17 0x556050158f34 <unknown>\n#18 0x7f527b20d044 <unknown>","time":{"start":1706576865827,"stop":1706576866109,"duration":282}},{"uid":"31b0819c0ced38d1","reportUrl":"https://zaelcovsky.github.io/StroyremAutomation/216//#testresult/31b0819c0ced38d1","status":"broken","statusDetails":"selenium.common.exceptions.NoSuchElementException: Message: no such element: Unable to locate element: {\"method\":\"xpath\",\"selector\":\"(//a[@class='add-to-cart yellow-btn'])[1]\"}\n  (Session info: chrome-headless-shell=121.0.6167.85); For documentation on this error, please visit: https://www.selenium.dev/documentation/webdriver/troubleshooting/errors#no-such-element-exception\nStacktrace:\n#0 0x559c43d20d93 <unknown>\n#1 0x559c43a04337 <unknown>\n#2 0x559c43a4fd60 <unknown>\n#3 0x559c43a4fe51 <unknown>\n#4 0x559c43a93bc4 <unknown>\n#5 0x559c43a7246d <unknown>\n#6 0x559c43a9112d <unknown>\n#7 0x559c43a721e3 <unknown>\n#8 0x559c43a42135 <unknown>\n#9 0x559c43a4313e <unknown>\n#10 0x559c43ce4e4b <unknown>\n#11 0x559c43ce8dfa <unknown>\n#12 0x559c43cd16d5 <unknown>\n#13 0x559c43ce9a6f <unknown>\n#14 0x559c43cb569f <unknown>\n#15 0x559c43d0e098 <unknown>\n#16 0x559c43d0e262 <unknown>\n#17 0x559c43d1ff34 <unknown>\n#18 0x7fa5d52d3044 <unknown>","time":{"start":1706490540600,"stop":1706490540943,"duration":343}},{"uid":"b6edd7e88a8bab7c","reportUrl":"https://zaelcovsky.github.io/StroyremAutomation/215//#testresult/b6edd7e88a8bab7c","status":"broken","statusDetails":"selenium.common.exceptions.NoSuchElementException: Message: no such element: Unable to locate element: {\"method\":\"xpath\",\"selector\":\"(//a[@class='add-to-cart yellow-btn'])[1]\"}\n  (Session info: chrome-headless-shell=121.0.6167.85); For documentation on this error, please visit: https://www.selenium.dev/documentation/webdriver/troubleshooting/errors#no-such-element-exception\nStacktrace:\n#0 0x55b8c6673d93 <unknown>\n#1 0x55b8c6357337 <unknown>\n#2 0x55b8c63a2d60 <unknown>\n#3 0x55b8c63a2e51 <unknown>\n#4 0x55b8c63e6bc4 <unknown>\n#5 0x55b8c63c546d <unknown>\n#6 0x55b8c63e412d <unknown>\n#7 0x55b8c63c51e3 <unknown>\n#8 0x55b8c6395135 <unknown>\n#9 0x55b8c639613e <unknown>\n#10 0x55b8c6637e4b <unknown>\n#11 0x55b8c663bdfa <unknown>\n#12 0x55b8c66246d5 <unknown>\n#13 0x55b8c663ca6f <unknown>\n#14 0x55b8c660869f <unknown>\n#15 0x55b8c6661098 <unknown>\n#16 0x55b8c6661262 <unknown>\n#17 0x55b8c6672f34 <unknown>\n#18 0x7fd25c159044 <unknown>","time":{"start":1706404374648,"stop":1706404374979,"duration":331}},{"uid":"1cec31cc2ecc82a5","reportUrl":"https://zaelcovsky.github.io/StroyremAutomation/214//#testresult/1cec31cc2ecc82a5","status":"broken","statusDetails":"selenium.common.exceptions.NoSuchElementException: Message: no such element: Unable to locate element: {\"method\":\"xpath\",\"selector\":\"(//a[@class='add-to-cart yellow-btn'])[1]\"}\n  (Session info: chrome-headless-shell=121.0.6167.85); For documentation on this error, please visit: https://www.selenium.dev/documentation/webdriver/troubleshooting/errors#no-such-element-exception\nStacktrace:\n#0 0x56405a6b4d93 <unknown>\n#1 0x56405a398337 <unknown>\n#2 0x56405a3e3d60 <unknown>\n#3 0x56405a3e3e51 <unknown>\n#4 0x56405a427bc4 <unknown>\n#5 0x56405a40646d <unknown>\n#6 0x56405a42512d <unknown>\n#7 0x56405a4061e3 <unknown>\n#8 0x56405a3d6135 <unknown>\n#9 0x56405a3d713e <unknown>\n#10 0x56405a678e4b <unknown>\n#11 0x56405a67cdfa <unknown>\n#12 0x56405a6656d5 <unknown>\n#13 0x56405a67da6f <unknown>\n#14 0x56405a64969f <unknown>\n#15 0x56405a6a2098 <unknown>\n#16 0x56405a6a2262 <unknown>\n#17 0x56405a6b3f34 <unknown>\n#18 0x7f4f7d48a044 <unknown>","time":{"start":1706317744227,"stop":1706317744649,"duration":422}},{"uid":"63a88cddaf83418","reportUrl":"https://zaelcovsky.github.io/StroyremAutomation/213//#testresult/63a88cddaf83418","status":"broken","statusDetails":"selenium.common.exceptions.NoSuchElementException: Message: no such element: Unable to locate element: {\"method\":\"xpath\",\"selector\":\"(//a[@class='add-to-cart yellow-btn'])[1]\"}\n  (Session info: chrome-headless-shell=121.0.6167.85); For documentation on this error, please visit: https://www.selenium.dev/documentation/webdriver/troubleshooting/errors#no-such-element-exception\nStacktrace:\n#0 0x5566c731dd93 <unknown>\n#1 0x5566c7001337 <unknown>\n#2 0x5566c704cd60 <unknown>\n#3 0x5566c704ce51 <unknown>\n#4 0x5566c7090bc4 <unknown>\n#5 0x5566c706f46d <unknown>\n#6 0x5566c708e12d <unknown>\n#7 0x5566c706f1e3 <unknown>\n#8 0x5566c703f135 <unknown>\n#9 0x5566c704013e <unknown>\n#10 0x5566c72e1e4b <unknown>\n#11 0x5566c72e5dfa <unknown>\n#12 0x5566c72ce6d5 <unknown>\n#13 0x5566c72e6a6f <unknown>\n#14 0x5566c72b269f <unknown>\n#15 0x5566c730b098 <unknown>\n#16 0x5566c730b262 <unknown>\n#17 0x5566c731cf34 <unknown>\n#18 0x7f3f90d27044 <unknown>","time":{"start":1706231343111,"stop":1706231343653,"duration":542}},{"uid":"21fe63984af206a9","reportUrl":"https://zaelcovsky.github.io/StroyremAutomation/212//#testresult/21fe63984af206a9","status":"broken","statusDetails":"selenium.common.exceptions.WebDriverException: Message: unknown error: net::ERR_CONNECTION_TIMED_OUT\n  (Session info: chrome-headless-shell=121.0.6167.85)\nStacktrace:\n#0 0x55cc8d57ed93 <unknown>\n#1 0x55cc8d262337 <unknown>\n#2 0x55cc8d25a193 <unknown>\n#3 0x55cc8d24a161 <unknown>\n#4 0x55cc8d24b5cb <unknown>\n#5 0x55cc8d24a414 <unknown>\n#6 0x55cc8d2495e5 <unknown>\n#7 0x55cc8d249557 <unknown>\n#8 0x55cc8d247c1a <unknown>\n#9 0x55cc8d2481ca <unknown>\n#10 0x55cc8d264b6e <unknown>\n#11 0x55cc8d2efd45 <unknown>\n#12 0x55cc8d2d0442 <unknown>\n#13 0x55cc8d2ef12d <unknown>\n#14 0x55cc8d2d01e3 <unknown>\n#15 0x55cc8d2a0135 <unknown>\n#16 0x55cc8d2a113e <unknown>\n#17 0x55cc8d542e4b <unknown>\n#18 0x55cc8d546dfa <unknown>\n#19 0x55cc8d52f6d5 <unknown>\n#20 0x55cc8d547a6f <unknown>\n#21 0x55cc8d51369f <unknown>\n#22 0x55cc8d56c098 <unknown>\n#23 0x55cc8d56c262 <unknown>\n#24 0x55cc8d57df34 <unknown>\n#25 0x7f38c3fd8044 <unknown>","time":{"start":1706147595464,"stop":1706147725647,"duration":130183}},{"uid":"277e6aa2c750a597","reportUrl":"https://zaelcovsky.github.io/StroyremAutomation/211//#testresult/277e6aa2c750a597","status":"broken","statusDetails":"selenium.common.exceptions.WebDriverException: Message: unknown error: net::ERR_CONNECTION_REFUSED\n  (Session info: chrome-headless-shell=121.0.6167.85)\nStacktrace:\n#0 0x5609cb0eed93 <unknown>\n#1 0x5609cadd2337 <unknown>\n#2 0x5609cadca193 <unknown>\n#3 0x5609cadba161 <unknown>\n#4 0x5609cadbb5cb <unknown>\n#5 0x5609cadba414 <unknown>\n#6 0x5609cadb95e5 <unknown>\n#7 0x5609cadb9557 <unknown>\n#8 0x5609cadb7c1a <unknown>\n#9 0x5609cadb81ca <unknown>\n#10 0x5609cadd4b6e <unknown>\n#11 0x5609cae5fd45 <unknown>\n#12 0x5609cae40442 <unknown>\n#13 0x5609cae5f12d <unknown>\n#14 0x5609cae401e3 <unknown>\n#15 0x5609cae10135 <unknown>\n#16 0x5609cae1113e <unknown>\n#17 0x5609cb0b2e4b <unknown>\n#18 0x5609cb0b6dfa <unknown>\n#19 0x5609cb09f6d5 <unknown>\n#20 0x5609cb0b7a6f <unknown>\n#21 0x5609cb08369f <unknown>\n#22 0x5609cb0dc098 <unknown>\n#23 0x5609cb0dc262 <unknown>\n#24 0x5609cb0edf34 <unknown>\n#25 0x7fc429993044 <unknown>","time":{"start":1706058861638,"stop":1706058861811,"duration":173}},{"uid":"86bcb53a9b123fa3","reportUrl":"https://zaelcovsky.github.io/StroyremAutomation/210//#testresult/86bcb53a9b123fa3","status":"broken","statusDetails":"selenium.common.exceptions.WebDriverException: Message: unknown error: net::ERR_CONNECTION_TIMED_OUT\n  (Session info: chrome-headless-shell=120.0.6099.109)\nStacktrace:\n#0 0x558fedf15f83 <unknown>\n#1 0x558fedbcecf7 <unknown>\n#2 0x558fedbc66ea <unknown>\n#3 0x558fedbb55a1 <unknown>\n#4 0x558fedbb6d40 <unknown>\n#5 0x558fedbb5854 <unknown>\n#6 0x558fedbb4586 <unknown>\n#7 0x558fedbb444a <unknown>\n#8 0x558fedbb27e1 <unknown>\n#9 0x558fedbb301a <unknown>\n#10 0x558fedbd1bbe <unknown>\n#11 0x558fedc677a5 <unknown>\n#12 0x558fedc480b2 <unknown>\n#13 0x558fedc67006 <unknown>\n#14 0x558fedc47e53 <unknown>\n#15 0x558fedc0fdd4 <unknown>\n#16 0x558fedc111de <unknown>\n#17 0x558fededa531 <unknown>\n#18 0x558fedede455 <unknown>\n#19 0x558fedec6f55 <unknown>\n#20 0x558fededf0ef <unknown>\n#21 0x558fedeaa99f <unknown>\n#22 0x558fedf03008 <unknown>\n#23 0x558fedf031d7 <unknown>\n#24 0x558fedf15124 <unknown>\n#25 0x7f21eef5c044 <unknown>","time":{"start":1705974845868,"stop":1705974976045,"duration":130177}},{"uid":"4d53646d2db34b8b","reportUrl":"https://zaelcovsky.github.io/StroyremAutomation/209//#testresult/4d53646d2db34b8b","status":"broken","statusDetails":"selenium.common.exceptions.WebDriverException: Message: unknown error: net::ERR_CONNECTION_TIMED_OUT\n  (Session info: chrome-headless-shell=120.0.6099.109)\nStacktrace:\n#0 0x55a065bb0f83 <unknown>\n#1 0x55a065869cf7 <unknown>\n#2 0x55a0658616ea <unknown>\n#3 0x55a0658505a1 <unknown>\n#4 0x55a065851d40 <unknown>\n#5 0x55a065850854 <unknown>\n#6 0x55a06584f586 <unknown>\n#7 0x55a06584f44a <unknown>\n#8 0x55a06584d7e1 <unknown>\n#9 0x55a06584e01a <unknown>\n#10 0x55a06586cbbe <unknown>\n#11 0x55a0659027a5 <unknown>\n#12 0x55a0658e30b2 <unknown>\n#13 0x55a065902006 <unknown>\n#14 0x55a0658e2e53 <unknown>\n#15 0x55a0658aadd4 <unknown>\n#16 0x55a0658ac1de <unknown>\n#17 0x55a065b75531 <unknown>\n#18 0x55a065b79455 <unknown>\n#19 0x55a065b61f55 <unknown>\n#20 0x55a065b7a0ef <unknown>\n#21 0x55a065b4599f <unknown>\n#22 0x55a065b9e008 <unknown>\n#23 0x55a065b9e1d7 <unknown>\n#24 0x55a065bb0124 <unknown>\n#25 0x7f3a39f21044 <unknown>","time":{"start":1705888470673,"stop":1705888600850,"duration":130177}},{"uid":"ab3b402d83d785bd","reportUrl":"https://zaelcovsky.github.io/StroyremAutomation/208//#testresult/ab3b402d83d785bd","status":"broken","statusDetails":"selenium.common.exceptions.WebDriverException: Message: unknown error: net::ERR_CONNECTION_TIMED_OUT\n  (Session info: chrome-headless-shell=120.0.6099.109)\nStacktrace:\n#0 0x564ad0701f83 <unknown>\n#1 0x564ad03bacf7 <unknown>\n#2 0x564ad03b26ea <unknown>\n#3 0x564ad03a15a1 <unknown>\n#4 0x564ad03a2d40 <unknown>\n#5 0x564ad03a1854 <unknown>\n#6 0x564ad03a0586 <unknown>\n#7 0x564ad03a044a <unknown>\n#8 0x564ad039e7e1 <unknown>\n#9 0x564ad039f01a <unknown>\n#10 0x564ad03bdbbe <unknown>\n#11 0x564ad04537a5 <unknown>\n#12 0x564ad04340b2 <unknown>\n#13 0x564ad0453006 <unknown>\n#14 0x564ad0433e53 <unknown>\n#15 0x564ad03fbdd4 <unknown>\n#16 0x564ad03fd1de <unknown>\n#17 0x564ad06c6531 <unknown>\n#18 0x564ad06ca455 <unknown>\n#19 0x564ad06b2f55 <unknown>\n#20 0x564ad06cb0ef <unknown>\n#21 0x564ad069699f <unknown>\n#22 0x564ad06ef008 <unknown>\n#23 0x564ad06ef1d7 <unknown>\n#24 0x564ad0701124 <unknown>\n#25 0x7f861d9aa044 <unknown>","time":{"start":1705802200509,"stop":1705802330682,"duration":130173}},{"uid":"b41912919c8de13b","reportUrl":"https://zaelcovsky.github.io/StroyremAutomation/207//#testresult/b41912919c8de13b","status":"broken","statusDetails":"selenium.common.exceptions.WebDriverException: Message: unknown error: net::ERR_CONNECTION_TIMED_OUT\n  (Session info: chrome-headless-shell=120.0.6099.109)\nStacktrace:\n#0 0x561e556b9f83 <unknown>\n#1 0x561e55372cf7 <unknown>\n#2 0x561e5536a6ea <unknown>\n#3 0x561e553595a1 <unknown>\n#4 0x561e5535ad40 <unknown>\n#5 0x561e55359854 <unknown>\n#6 0x561e55358586 <unknown>\n#7 0x561e5535844a <unknown>\n#8 0x561e553567e1 <unknown>\n#9 0x561e5535701a <unknown>\n#10 0x561e55375bbe <unknown>\n#11 0x561e5540b7a5 <unknown>\n#12 0x561e553ec0b2 <unknown>\n#13 0x561e5540b006 <unknown>\n#14 0x561e553ebe53 <unknown>\n#15 0x561e553b3dd4 <unknown>\n#16 0x561e553b51de <unknown>\n#17 0x561e5567e531 <unknown>\n#18 0x561e55682455 <unknown>\n#19 0x561e5566af55 <unknown>\n#20 0x561e556830ef <unknown>\n#21 0x561e5564e99f <unknown>\n#22 0x561e556a7008 <unknown>\n#23 0x561e556a71d7 <unknown>\n#24 0x561e556b9124 <unknown>\n#25 0x7f069f7ea044 <unknown>","time":{"start":1705715454230,"stop":1705715584401,"duration":130171}},{"uid":"92d5be883d8194c5","reportUrl":"https://zaelcovsky.github.io/StroyremAutomation/206//#testresult/92d5be883d8194c5","status":"broken","statusDetails":"selenium.common.exceptions.WebDriverException: Message: unknown error: net::ERR_CONNECTION_TIMED_OUT\n  (Session info: chrome-headless-shell=120.0.6099.109)\nStacktrace:\n#0 0x55e01c5cbf83 <unknown>\n#1 0x55e01c284cf7 <unknown>\n#2 0x55e01c27c6ea <unknown>\n#3 0x55e01c26b5a1 <unknown>\n#4 0x55e01c26cd40 <unknown>\n#5 0x55e01c26b854 <unknown>\n#6 0x55e01c26a586 <unknown>\n#7 0x55e01c26a44a <unknown>\n#8 0x55e01c2687e1 <unknown>\n#9 0x55e01c26901a <unknown>\n#10 0x55e01c287bbe <unknown>\n#11 0x55e01c31d7a5 <unknown>\n#12 0x55e01c2fe0b2 <unknown>\n#13 0x55e01c31d006 <unknown>\n#14 0x55e01c2fde53 <unknown>\n#15 0x55e01c2c5dd4 <unknown>\n#16 0x55e01c2c71de <unknown>\n#17 0x55e01c590531 <unknown>\n#18 0x55e01c594455 <unknown>\n#19 0x55e01c57cf55 <unknown>\n#20 0x55e01c5950ef <unknown>\n#21 0x55e01c56099f <unknown>\n#22 0x55e01c5b9008 <unknown>\n#23 0x55e01c5b91d7 <unknown>\n#24 0x55e01c5cb124 <unknown>\n#25 0x7fb65737f044 <unknown>","time":{"start":1705629122172,"stop":1705629252345,"duration":130173}},{"uid":"6dad6911aa89d34b","reportUrl":"https://zaelcovsky.github.io/StroyremAutomation/205//#testresult/6dad6911aa89d34b","status":"broken","statusDetails":"selenium.common.exceptions.WebDriverException: Message: unknown error: net::ERR_CONNECTION_TIMED_OUT\n  (Session info: chrome-headless-shell=120.0.6099.109)\nStacktrace:\n#0 0x56527dbb2f83 <unknown>\n#1 0x56527d86bcf7 <unknown>\n#2 0x56527d8636ea <unknown>\n#3 0x56527d8525a1 <unknown>\n#4 0x56527d853d40 <unknown>\n#5 0x56527d852854 <unknown>\n#6 0x56527d851586 <unknown>\n#7 0x56527d85144a <unknown>\n#8 0x56527d84f7e1 <unknown>\n#9 0x56527d85001a <unknown>\n#10 0x56527d86ebbe <unknown>\n#11 0x56527d9047a5 <unknown>\n#12 0x56527d8e50b2 <unknown>\n#13 0x56527d904006 <unknown>\n#14 0x56527d8e4e53 <unknown>\n#15 0x56527d8acdd4 <unknown>\n#16 0x56527d8ae1de <unknown>\n#17 0x56527db77531 <unknown>\n#18 0x56527db7b455 <unknown>\n#19 0x56527db63f55 <unknown>\n#20 0x56527db7c0ef <unknown>\n#21 0x56527db4799f <unknown>\n#22 0x56527dba0008 <unknown>\n#23 0x56527dba01d7 <unknown>\n#24 0x56527dbb2124 <unknown>\n#25 0x7f6de6ff9044 <unknown>","time":{"start":1705542702311,"stop":1705542832480,"duration":130169}},{"uid":"3a313d9ced66c19c","reportUrl":"https://zaelcovsky.github.io/StroyremAutomation/204//#testresult/3a313d9ced66c19c","status":"broken","statusDetails":"selenium.common.exceptions.WebDriverException: Message: unknown error: net::ERR_CONNECTION_TIMED_OUT\n  (Session info: chrome-headless-shell=120.0.6099.109)\nStacktrace:\n#0 0x55e258930f83 <unknown>\n#1 0x55e2585e9cf7 <unknown>\n#2 0x55e2585e16ea <unknown>\n#3 0x55e2585d05a1 <unknown>\n#4 0x55e2585d1d40 <unknown>\n#5 0x55e2585d0854 <unknown>\n#6 0x55e2585cf586 <unknown>\n#7 0x55e2585cf44a <unknown>\n#8 0x55e2585cd7e1 <unknown>\n#9 0x55e2585ce01a <unknown>\n#10 0x55e2585ecbbe <unknown>\n#11 0x55e2586827a5 <unknown>\n#12 0x55e2586630b2 <unknown>\n#13 0x55e258682006 <unknown>\n#14 0x55e258662e53 <unknown>\n#15 0x55e25862add4 <unknown>\n#16 0x55e25862c1de <unknown>\n#17 0x55e2588f5531 <unknown>\n#18 0x55e2588f9455 <unknown>\n#19 0x55e2588e1f55 <unknown>\n#20 0x55e2588fa0ef <unknown>\n#21 0x55e2588c599f <unknown>\n#22 0x55e25891e008 <unknown>\n#23 0x55e25891e1d7 <unknown>\n#24 0x55e258930124 <unknown>\n#25 0x7f17f11dd044 <unknown>","time":{"start":1705456427297,"stop":1705456557464,"duration":130167}},{"uid":"a7aba8ec500b721","reportUrl":"https://zaelcovsky.github.io/StroyremAutomation/203//#testresult/a7aba8ec500b721","status":"broken","statusDetails":"selenium.common.exceptions.WebDriverException: Message: unknown error: net::ERR_CONNECTION_TIMED_OUT\n  (Session info: chrome-headless-shell=120.0.6099.109)\nStacktrace:\n#0 0x55607ba7bf83 <unknown>\n#1 0x55607b734cf7 <unknown>\n#2 0x55607b72c6ea <unknown>\n#3 0x55607b71b5a1 <unknown>\n#4 0x55607b71cd40 <unknown>\n#5 0x55607b71b854 <unknown>\n#6 0x55607b71a586 <unknown>\n#7 0x55607b71a44a <unknown>\n#8 0x55607b7187e1 <unknown>\n#9 0x55607b71901a <unknown>\n#10 0x55607b737bbe <unknown>\n#11 0x55607b7cd7a5 <unknown>\n#12 0x55607b7ae0b2 <unknown>\n#13 0x55607b7cd006 <unknown>\n#14 0x55607b7ade53 <unknown>\n#15 0x55607b775dd4 <unknown>\n#16 0x55607b7771de <unknown>\n#17 0x55607ba40531 <unknown>\n#18 0x55607ba44455 <unknown>\n#19 0x55607ba2cf55 <unknown>\n#20 0x55607ba450ef <unknown>\n#21 0x55607ba1099f <unknown>\n#22 0x55607ba69008 <unknown>\n#23 0x55607ba691d7 <unknown>\n#24 0x55607ba7b124 <unknown>\n#25 0x7f189921a044 <unknown>","time":{"start":1705369922223,"stop":1705370052394,"duration":130171}},{"uid":"af7b143501538ceb","reportUrl":"https://zaelcovsky.github.io/StroyremAutomation/202//#testresult/af7b143501538ceb","status":"broken","statusDetails":"selenium.common.exceptions.NoSuchElementException: Message: no such element: Unable to locate element: {\"method\":\"xpath\",\"selector\":\"(//a[@class='add-to-cart yellow-btn'])[1]\"}\n  (Session info: chrome-headless-shell=120.0.6099.109); For documentation on this error, please visit: https://www.selenium.dev/documentation/webdriver/troubleshooting/errors#no-such-element-exception\nStacktrace:\n#0 0x55592d5b7f83 <unknown>\n#1 0x55592d270cf7 <unknown>\n#2 0x55592d2c099e <unknown>\n#3 0x55592d2c0aa1 <unknown>\n#4 0x55592d30bd64 <unknown>\n#5 0x55592d2ea0dd <unknown>\n#6 0x55592d309006 <unknown>\n#7 0x55592d2e9e53 <unknown>\n#8 0x55592d2b1dd4 <unknown>\n#9 0x55592d2b31de <unknown>\n#10 0x55592d57c531 <unknown>\n#11 0x55592d580455 <unknown>\n#12 0x55592d568f55 <unknown>\n#13 0x55592d5810ef <unknown>\n#14 0x55592d54c99f <unknown>\n#15 0x55592d5a5008 <unknown>\n#16 0x55592d5a51d7 <unknown>\n#17 0x55592d5b7124 <unknown>\n#18 0x7f1ea1973044 <unknown>","time":{"start":1705281337669,"stop":1705281338081,"duration":412}},{"uid":"4d5a2be381d35c3f","reportUrl":"https://zaelcovsky.github.io/StroyremAutomation/201//#testresult/4d5a2be381d35c3f","status":"broken","statusDetails":"selenium.common.exceptions.NoSuchElementException: Message: no such element: Unable to locate element: {\"method\":\"xpath\",\"selector\":\"(//a[@class='add-to-cart yellow-btn'])[1]\"}\n  (Session info: chrome-headless-shell=120.0.6099.109); For documentation on this error, please visit: https://www.selenium.dev/documentation/webdriver/troubleshooting/errors#no-such-element-exception\nStacktrace:\n#0 0x55bcfcff8f83 <unknown>\n#1 0x55bcfccb1cf7 <unknown>\n#2 0x55bcfcd0199e <unknown>\n#3 0x55bcfcd01aa1 <unknown>\n#4 0x55bcfcd4cd64 <unknown>\n#5 0x55bcfcd2b0dd <unknown>\n#6 0x55bcfcd4a006 <unknown>\n#7 0x55bcfcd2ae53 <unknown>\n#8 0x55bcfccf2dd4 <unknown>\n#9 0x55bcfccf41de <unknown>\n#10 0x55bcfcfbd531 <unknown>\n#11 0x55bcfcfc1455 <unknown>\n#12 0x55bcfcfa9f55 <unknown>\n#13 0x55bcfcfc20ef <unknown>\n#14 0x55bcfcf8d99f <unknown>\n#15 0x55bcfcfe6008 <unknown>\n#16 0x55bcfcfe61d7 <unknown>\n#17 0x55bcfcff8124 <unknown>\n#18 0x7f34d33fb044 <unknown>","time":{"start":1705195122558,"stop":1705195123098,"duration":540}},{"uid":"3739ebcf0b4bacf1","reportUrl":"https://zaelcovsky.github.io/StroyremAutomation/200//#testresult/3739ebcf0b4bacf1","status":"broken","statusDetails":"selenium.common.exceptions.NoSuchElementException: Message: no such element: Unable to locate element: {\"method\":\"xpath\",\"selector\":\"(//a[@class='add-to-cart yellow-btn'])[1]\"}\n  (Session info: chrome-headless-shell=120.0.6099.109); For documentation on this error, please visit: https://www.selenium.dev/documentation/webdriver/troubleshooting/errors#no-such-element-exception\nStacktrace:\n#0 0x563fd4a3cf83 <unknown>\n#1 0x563fd46f5cf7 <unknown>\n#2 0x563fd474599e <unknown>\n#3 0x563fd4745aa1 <unknown>\n#4 0x563fd4790d64 <unknown>\n#5 0x563fd476f0dd <unknown>\n#6 0x563fd478e006 <unknown>\n#7 0x563fd476ee53 <unknown>\n#8 0x563fd4736dd4 <unknown>\n#9 0x563fd47381de <unknown>\n#10 0x563fd4a01531 <unknown>\n#11 0x563fd4a05455 <unknown>\n#12 0x563fd49edf55 <unknown>\n#13 0x563fd4a060ef <unknown>\n#14 0x563fd49d199f <unknown>\n#15 0x563fd4a2a008 <unknown>\n#16 0x563fd4a2a1d7 <unknown>\n#17 0x563fd4a3c124 <unknown>\n#18 0x7f80ead69044 <unknown>","time":{"start":1705108406175,"stop":1705108406715,"duration":540}},{"uid":"54caf461e78e1f05","reportUrl":"https://zaelcovsky.github.io/StroyremAutomation/199//#testresult/54caf461e78e1f05","status":"broken","statusDetails":"selenium.common.exceptions.NoSuchElementException: Message: no such element: Unable to locate element: {\"method\":\"xpath\",\"selector\":\"(//a[@class='add-to-cart yellow-btn'])[1]\"}\n  (Session info: chrome-headless-shell=120.0.6099.109); For documentation on this error, please visit: https://www.selenium.dev/documentation/webdriver/troubleshooting/errors#no-such-element-exception\nStacktrace:\n#0 0x56192bc1ff83 <unknown>\n#1 0x56192b8d8cf7 <unknown>\n#2 0x56192b92899e <unknown>\n#3 0x56192b928aa1 <unknown>\n#4 0x56192b973d64 <unknown>\n#5 0x56192b9520dd <unknown>\n#6 0x56192b971006 <unknown>\n#7 0x56192b951e53 <unknown>\n#8 0x56192b919dd4 <unknown>\n#9 0x56192b91b1de <unknown>\n#10 0x56192bbe4531 <unknown>\n#11 0x56192bbe8455 <unknown>\n#12 0x56192bbd0f55 <unknown>\n#13 0x56192bbe90ef <unknown>\n#14 0x56192bbb499f <unknown>\n#15 0x56192bc0d008 <unknown>\n#16 0x56192bc0d1d7 <unknown>\n#17 0x56192bc1f124 <unknown>\n#18 0x7f5ab053c044 <unknown>","time":{"start":1705022049662,"stop":1705022050302,"duration":640}}]},"tags":["smoke"]},"source":"711720d65580505a.json","parameterValues":["3320","25","'TD 019'","2490","'products/shtukaturka-gipsovaya-aksolit-m50-30-kg-mashinnogo-naneseniya'","1150","'https://sandboxtest.stroyrem-nn.ru/'","1700"]}