{"uid":"7c9a1597b0d955ec","name":"test_positive_delivery_green_zone_smoke[TD 008-products/shtukaturka-gipsovaya-aksolit-m50-30-kg-mashinnogo-naneseniya-149-4500-2300-3980-4490-https://sandboxtest.stroyrem-nn.ru/]","fullName":"tests.delivery.test_delivery_calculation.TestDeliveryPageCalculation#test_positive_delivery_green_zone_smoke","historyId":"a6e4f8846394d8afbfad6037346de2a8","time":{"start":1706749975783,"stop":1706749976223,"duration":440},"status":"broken","statusMessage":"selenium.common.exceptions.NoSuchElementException: Message: no such element: Unable to locate element: {\"method\":\"xpath\",\"selector\":\"(//a[@class='add-to-cart yellow-btn'])[1]\"}\n  (Session info: chrome-headless-shell=121.0.6167.85); For documentation on this error, please visit: https://www.selenium.dev/documentation/webdriver/troubleshooting/errors#no-such-element-exception\nStacktrace:\n#0 0x55e5a274ed93 <unknown>\n#1 0x55e5a2432337 <unknown>\n#2 0x55e5a247dd60 <unknown>\n#3 0x55e5a247de51 <unknown>\n#4 0x55e5a24c1bc4 <unknown>\n#5 0x55e5a24a046d <unknown>\n#6 0x55e5a24bf12d <unknown>\n#7 0x55e5a24a01e3 <unknown>\n#8 0x55e5a2470135 <unknown>\n#9 0x55e5a247113e <unknown>\n#10 0x55e5a2712e4b <unknown>\n#11 0x55e5a2716dfa <unknown>\n#12 0x55e5a26ff6d5 <unknown>\n#13 0x55e5a2717a6f <unknown>\n#14 0x55e5a26e369f <unknown>\n#15 0x55e5a273c098 <unknown>\n#16 0x55e5a273c262 <unknown>\n#17 0x55e5a274df34 <unknown>\n#18 0x7fc084124044 <unknown>","statusTrace":"self = <tests.delivery.test_delivery_calculation.TestDeliveryPageCalculation object at 0x7fedde13bf50>\ndriver = <selenium.webdriver.chrome.webdriver.WebDriver (session=\"1b5a19d7edcc1dd3bdf7f4f2428e1980\")>\nurl = 'https://sandboxtest.stroyrem-nn.ru/', case_id = 'TD 008'\nlink_item = 'products/shtukaturka-gipsovaya-aksolit-m50-30-kg-mashinnogo-naneseniya'\namount = 149, weight = 4500, standard = 2300, in_time = 3980, all_time = 4490\n\n    @pytest.mark.parametrize('case_id, link_item, amount, weight, standard, in_time, all_time', [\n        (\"TD 001\", uroven_3000, 1, 30, 0, 1590, 2190),\n        (\"TD 002\", bundeks_25, 1, 30, 400, 1590, 2190),\n        (\"TD 003\", aksolit_30, 8, 300, 400, 1590, 2190),\n        (\"TD 004\", aksolit_30, 13, 400, 450, 1590, 2190),\n        (\"TD 005\", aksolit_30, 16, 500, 600, 1590, 2190),\n        (\"TD 006\", aksolit_30, 25, 1700, 990, 1990, 2480),\n        (\"TD 007\", aksolit_30, 66, 2000, 1300, 2490, 2980),\n        (\"TD 008\", aksolit_30, 149, 4500, 2300, 3980, 4490),\n        (\"TD 009\", aksolit_30, 166, 5000, 2500, 4990, 5480),\n        pytest.param(\n            \"TD 010\", aksolit_30, 206, 6200, 2900, 5570, 6120,\n            marks=pytest.mark.xfail(reson=\"Цена доставки 3600 7960 8980\")\n        ),\n        (\"TD 011\", aksolit_30, 299, 9000, 3600, 7960, 8980),\n        (\"TD 012\", aksolit_30, 333, 10000, 4450, 11990, 12500),\n        pytest.param(\n            \"TD 013\", aksolit_30, 366, 11000, 4800, 12450, 13480,\n            marks=pytest.mark.xfail(reason=\"Цена стандартной доставки 4450\")\n        ),\n        pytest.param(\n            \"TD 014\", aksolit_30, 666, 20000, 5400, 15600, 17490,\n            marks=pytest.mark.xfail(reason=\"Цена стандартной доставки 4450\")\n        )\n    ])\n    @pytest.mark.smoke\n    def test_positive_delivery_green_zone_smoke(\n            self, driver, url, case_id, link_item, amount, weight, standard, in_time, all_time\n    ):\n    \n        driver.get(f'{url}{link_item}')\n        item_page = ItemPage(driver)\n>       item_page.add_item_to_cart(amount).click_on_cart()\n\ntests/delivery/test_delivery_calculation.py:49: \n_ _ _ _ _ _ _ _ _ _ _ _ _ _ _ _ _ _ _ _ _ _ _ _ _ _ _ _ _ _ _ _ _ _ _ _ _ _ _ _ \npages/item_page.py:40: in add_item_to_cart\n    self.find_element(self._add_item).click()\nbase/seleniumbase.py:17: in find_element\n    return self.driver.find_element(*locator)\n/usr/local/lib/python3.11/site-packages/selenium/webdriver/remote/webdriver.py:740: in find_element\n    return self.execute(Command.FIND_ELEMENT, {\"using\": by, \"value\": value})[\"value\"]\n/usr/local/lib/python3.11/site-packages/selenium/webdriver/remote/webdriver.py:346: in execute\n    self.error_handler.check_response(response)\n_ _ _ _ _ _ _ _ _ _ _ _ _ _ _ _ _ _ _ _ _ _ _ _ _ _ _ _ _ _ _ _ _ _ _ _ _ _ _ _ \n\nself = <selenium.webdriver.remote.errorhandler.ErrorHandler object at 0x7fedde12de10>\nresponse = {'status': 404, 'value': '{\"value\":{\"error\":\"no such element\",\"message\":\"no such element: Unable to locate element: {\\...\\\\n#16 0x55e5a273c262 \\\\u003Cunknown>\\\\n#17 0x55e5a274df34 \\\\u003Cunknown>\\\\n#18 0x7fc084124044 \\\\u003Cunknown>\\\\n\"}}'}\n\n    def check_response(self, response: Dict[str, Any]) -> None:\n        \"\"\"Checks that a JSON response from the WebDriver does not have an\n        error.\n    \n        :Args:\n         - response - The JSON response from the WebDriver server as a dictionary\n           object.\n    \n        :Raises: If the response contains an error message.\n        \"\"\"\n        status = response.get(\"status\", None)\n        if not status or status == ErrorCode.SUCCESS:\n            return\n        value = None\n        message = response.get(\"message\", \"\")\n        screen: str = response.get(\"screen\", \"\")\n        stacktrace = None\n        if isinstance(status, int):\n            value_json = response.get(\"value\", None)\n            if value_json and isinstance(value_json, str):\n                import json\n    \n                try:\n                    value = json.loads(value_json)\n                    if len(value) == 1:\n                        value = value[\"value\"]\n                    status = value.get(\"error\", None)\n                    if not status:\n                        status = value.get(\"status\", ErrorCode.UNKNOWN_ERROR)\n                        message = value.get(\"value\") or value.get(\"message\")\n                        if not isinstance(message, str):\n                            value = message\n                            message = message.get(\"message\")\n                    else:\n                        message = value.get(\"message\", None)\n                except ValueError:\n                    pass\n    \n        exception_class: Type[WebDriverException]\n        if status in ErrorCode.NO_SUCH_ELEMENT:\n            exception_class = NoSuchElementException\n        elif status in ErrorCode.NO_SUCH_FRAME:\n            exception_class = NoSuchFrameException\n        elif status in ErrorCode.NO_SUCH_SHADOW_ROOT:\n            exception_class = NoSuchShadowRootException\n        elif status in ErrorCode.NO_SUCH_WINDOW:\n            exception_class = NoSuchWindowException\n        elif status in ErrorCode.STALE_ELEMENT_REFERENCE:\n            exception_class = StaleElementReferenceException\n        elif status in ErrorCode.ELEMENT_NOT_VISIBLE:\n            exception_class = ElementNotVisibleException\n        elif status in ErrorCode.INVALID_ELEMENT_STATE:\n            exception_class = InvalidElementStateException\n        elif (\n            status in ErrorCode.INVALID_SELECTOR\n            or status in ErrorCode.INVALID_XPATH_SELECTOR\n            or status in ErrorCode.INVALID_XPATH_SELECTOR_RETURN_TYPER\n        ):\n            exception_class = InvalidSelectorException\n        elif status in ErrorCode.ELEMENT_IS_NOT_SELECTABLE:\n            exception_class = ElementNotSelectableException\n        elif status in ErrorCode.ELEMENT_NOT_INTERACTABLE:\n            exception_class = ElementNotInteractableException\n        elif status in ErrorCode.INVALID_COOKIE_DOMAIN:\n            exception_class = InvalidCookieDomainException\n        elif status in ErrorCode.UNABLE_TO_SET_COOKIE:\n            exception_class = UnableToSetCookieException\n        elif status in ErrorCode.TIMEOUT:\n            exception_class = TimeoutException\n        elif status in ErrorCode.SCRIPT_TIMEOUT:\n            exception_class = TimeoutException\n        elif status in ErrorCode.UNKNOWN_ERROR:\n            exception_class = WebDriverException\n        elif status in ErrorCode.UNEXPECTED_ALERT_OPEN:\n            exception_class = UnexpectedAlertPresentException\n        elif status in ErrorCode.NO_ALERT_OPEN:\n            exception_class = NoAlertPresentException\n        elif status in ErrorCode.IME_NOT_AVAILABLE:\n            exception_class = ImeNotAvailableException\n        elif status in ErrorCode.IME_ENGINE_ACTIVATION_FAILED:\n            exception_class = ImeActivationFailedException\n        elif status in ErrorCode.MOVE_TARGET_OUT_OF_BOUNDS:\n            exception_class = MoveTargetOutOfBoundsException\n        elif status in ErrorCode.JAVASCRIPT_ERROR:\n            exception_class = JavascriptException\n        elif status in ErrorCode.SESSION_NOT_CREATED:\n            exception_class = SessionNotCreatedException\n        elif status in ErrorCode.INVALID_ARGUMENT:\n            exception_class = InvalidArgumentException\n        elif status in ErrorCode.NO_SUCH_COOKIE:\n            exception_class = NoSuchCookieException\n        elif status in ErrorCode.UNABLE_TO_CAPTURE_SCREEN:\n            exception_class = ScreenshotException\n        elif status in ErrorCode.ELEMENT_CLICK_INTERCEPTED:\n            exception_class = ElementClickInterceptedException\n        elif status in ErrorCode.INSECURE_CERTIFICATE:\n            exception_class = InsecureCertificateException\n        elif status in ErrorCode.INVALID_COORDINATES:\n            exception_class = InvalidCoordinatesException\n        elif status in ErrorCode.INVALID_SESSION_ID:\n            exception_class = InvalidSessionIdException\n        elif status in ErrorCode.UNKNOWN_METHOD:\n            exception_class = UnknownMethodException\n        else:\n            exception_class = WebDriverException\n        if not value:\n            value = response[\"value\"]\n        if isinstance(value, str):\n            raise exception_class(value)\n        if message == \"\" and \"message\" in value:\n            message = value[\"message\"]\n    \n        screen = None  # type: ignore[assignment]\n        if \"screen\" in value:\n            screen = value[\"screen\"]\n    \n        stacktrace = None\n        st_value = value.get(\"stackTrace\") or value.get(\"stacktrace\")\n        if st_value:\n            if isinstance(st_value, str):\n                stacktrace = st_value.split(\"\\n\")\n            else:\n                stacktrace = []\n                try:\n                    for frame in st_value:\n                        line = frame.get(\"lineNumber\", \"\")\n                        file = frame.get(\"fileName\", \"<anonymous>\")\n                        if line:\n                            file = f\"{file}:{line}\"\n                        meth = frame.get(\"methodName\", \"<anonymous>\")\n                        if \"className\" in frame:\n                            meth = f\"{frame['className']}.{meth}\"\n                        msg = \"    at %s (%s)\"\n                        msg = msg % (meth, file)\n                        stacktrace.append(msg)\n                except TypeError:\n                    pass\n        if exception_class == UnexpectedAlertPresentException:\n            alert_text = None\n            if \"data\" in value:\n                alert_text = value[\"data\"].get(\"text\")\n            elif \"alert\" in value:\n                alert_text = value[\"alert\"].get(\"text\")\n            raise exception_class(message, screen, stacktrace, alert_text)  # type: ignore[call-arg]  # mypy is not smart enough here\n>       raise exception_class(message, screen, stacktrace)\nE       selenium.common.exceptions.NoSuchElementException: Message: no such element: Unable to locate element: {\"method\":\"xpath\",\"selector\":\"(//a[@class='add-to-cart yellow-btn'])[1]\"}\nE         (Session info: chrome-headless-shell=121.0.6167.85); For documentation on this error, please visit: https://www.selenium.dev/documentation/webdriver/troubleshooting/errors#no-such-element-exception\nE       Stacktrace:\nE       #0 0x55e5a274ed93 <unknown>\nE       #1 0x55e5a2432337 <unknown>\nE       #2 0x55e5a247dd60 <unknown>\nE       #3 0x55e5a247de51 <unknown>\nE       #4 0x55e5a24c1bc4 <unknown>\nE       #5 0x55e5a24a046d <unknown>\nE       #6 0x55e5a24bf12d <unknown>\nE       #7 0x55e5a24a01e3 <unknown>\nE       #8 0x55e5a2470135 <unknown>\nE       #9 0x55e5a247113e <unknown>\nE       #10 0x55e5a2712e4b <unknown>\nE       #11 0x55e5a2716dfa <unknown>\nE       #12 0x55e5a26ff6d5 <unknown>\nE       #13 0x55e5a2717a6f <unknown>\nE       #14 0x55e5a26e369f <unknown>\nE       #15 0x55e5a273c098 <unknown>\nE       #16 0x55e5a273c262 <unknown>\nE       #17 0x55e5a274df34 <unknown>\nE       #18 0x7fc084124044 <unknown>\n\n/usr/local/lib/python3.11/site-packages/selenium/webdriver/remote/errorhandler.py:245: NoSuchElementException","flaky":false,"newFailed":false,"newBroken":false,"newPassed":false,"retriesCount":0,"retriesStatusChange":false,"beforeStages":[{"name":"_session_faker","time":{"start":1706749448596,"stop":1706749448666,"duration":70},"status":"passed","steps":[],"attachments":[],"parameters":[],"shouldDisplayMessage":false,"stepsCount":0,"attachmentsCount":0,"hasContent":false,"attachmentStep":false},{"name":"clear_allure_results_folder","time":{"start":1706749448666,"stop":1706749448666,"duration":0},"status":"passed","steps":[],"attachments":[],"parameters":[],"shouldDisplayMessage":false,"stepsCount":0,"attachmentsCount":0,"hasContent":false,"attachmentStep":false},{"name":"driver","time":{"start":1706749975047,"stop":1706749975781,"duration":734},"status":"passed","steps":[],"attachments":[],"parameters":[],"shouldDisplayMessage":false,"stepsCount":0,"attachmentsCount":0,"hasContent":false,"attachmentStep":false},{"name":"setup","time":{"start":1706749975782,"stop":1706749975782,"duration":0},"status":"passed","steps":[],"attachments":[],"parameters":[],"shouldDisplayMessage":false,"stepsCount":0,"attachmentsCount":0,"hasContent":false,"attachmentStep":false}],"testStage":{"status":"broken","statusMessage":"selenium.common.exceptions.NoSuchElementException: Message: no such element: Unable to locate element: {\"method\":\"xpath\",\"selector\":\"(//a[@class='add-to-cart yellow-btn'])[1]\"}\n  (Session info: chrome-headless-shell=121.0.6167.85); For documentation on this error, please visit: https://www.selenium.dev/documentation/webdriver/troubleshooting/errors#no-such-element-exception\nStacktrace:\n#0 0x55e5a274ed93 <unknown>\n#1 0x55e5a2432337 <unknown>\n#2 0x55e5a247dd60 <unknown>\n#3 0x55e5a247de51 <unknown>\n#4 0x55e5a24c1bc4 <unknown>\n#5 0x55e5a24a046d <unknown>\n#6 0x55e5a24bf12d <unknown>\n#7 0x55e5a24a01e3 <unknown>\n#8 0x55e5a2470135 <unknown>\n#9 0x55e5a247113e <unknown>\n#10 0x55e5a2712e4b <unknown>\n#11 0x55e5a2716dfa <unknown>\n#12 0x55e5a26ff6d5 <unknown>\n#13 0x55e5a2717a6f <unknown>\n#14 0x55e5a26e369f <unknown>\n#15 0x55e5a273c098 <unknown>\n#16 0x55e5a273c262 <unknown>\n#17 0x55e5a274df34 <unknown>\n#18 0x7fc084124044 <unknown>","statusTrace":"self = <tests.delivery.test_delivery_calculation.TestDeliveryPageCalculation object at 0x7fedde13bf50>\ndriver = <selenium.webdriver.chrome.webdriver.WebDriver (session=\"1b5a19d7edcc1dd3bdf7f4f2428e1980\")>\nurl = 'https://sandboxtest.stroyrem-nn.ru/', case_id = 'TD 008'\nlink_item = 'products/shtukaturka-gipsovaya-aksolit-m50-30-kg-mashinnogo-naneseniya'\namount = 149, weight = 4500, standard = 2300, in_time = 3980, all_time = 4490\n\n    @pytest.mark.parametrize('case_id, link_item, amount, weight, standard, in_time, all_time', [\n        (\"TD 001\", uroven_3000, 1, 30, 0, 1590, 2190),\n        (\"TD 002\", bundeks_25, 1, 30, 400, 1590, 2190),\n        (\"TD 003\", aksolit_30, 8, 300, 400, 1590, 2190),\n        (\"TD 004\", aksolit_30, 13, 400, 450, 1590, 2190),\n        (\"TD 005\", aksolit_30, 16, 500, 600, 1590, 2190),\n        (\"TD 006\", aksolit_30, 25, 1700, 990, 1990, 2480),\n        (\"TD 007\", aksolit_30, 66, 2000, 1300, 2490, 2980),\n        (\"TD 008\", aksolit_30, 149, 4500, 2300, 3980, 4490),\n        (\"TD 009\", aksolit_30, 166, 5000, 2500, 4990, 5480),\n        pytest.param(\n            \"TD 010\", aksolit_30, 206, 6200, 2900, 5570, 6120,\n            marks=pytest.mark.xfail(reson=\"Цена доставки 3600 7960 8980\")\n        ),\n        (\"TD 011\", aksolit_30, 299, 9000, 3600, 7960, 8980),\n        (\"TD 012\", aksolit_30, 333, 10000, 4450, 11990, 12500),\n        pytest.param(\n            \"TD 013\", aksolit_30, 366, 11000, 4800, 12450, 13480,\n            marks=pytest.mark.xfail(reason=\"Цена стандартной доставки 4450\")\n        ),\n        pytest.param(\n            \"TD 014\", aksolit_30, 666, 20000, 5400, 15600, 17490,\n            marks=pytest.mark.xfail(reason=\"Цена стандартной доставки 4450\")\n        )\n    ])\n    @pytest.mark.smoke\n    def test_positive_delivery_green_zone_smoke(\n            self, driver, url, case_id, link_item, amount, weight, standard, in_time, all_time\n    ):\n    \n        driver.get(f'{url}{link_item}')\n        item_page = ItemPage(driver)\n>       item_page.add_item_to_cart(amount).click_on_cart()\n\ntests/delivery/test_delivery_calculation.py:49: \n_ _ _ _ _ _ _ _ _ _ _ _ _ _ _ _ _ _ _ _ _ _ _ _ _ _ _ _ _ _ _ _ _ _ _ _ _ _ _ _ \npages/item_page.py:40: in add_item_to_cart\n    self.find_element(self._add_item).click()\nbase/seleniumbase.py:17: in find_element\n    return self.driver.find_element(*locator)\n/usr/local/lib/python3.11/site-packages/selenium/webdriver/remote/webdriver.py:740: in find_element\n    return self.execute(Command.FIND_ELEMENT, {\"using\": by, \"value\": value})[\"value\"]\n/usr/local/lib/python3.11/site-packages/selenium/webdriver/remote/webdriver.py:346: in execute\n    self.error_handler.check_response(response)\n_ _ _ _ _ _ _ _ _ _ _ _ _ _ _ _ _ _ _ _ _ _ _ _ _ _ _ _ _ _ _ _ _ _ _ _ _ _ _ _ \n\nself = <selenium.webdriver.remote.errorhandler.ErrorHandler object at 0x7fedde12de10>\nresponse = {'status': 404, 'value': '{\"value\":{\"error\":\"no such element\",\"message\":\"no such element: Unable to locate element: {\\...\\\\n#16 0x55e5a273c262 \\\\u003Cunknown>\\\\n#17 0x55e5a274df34 \\\\u003Cunknown>\\\\n#18 0x7fc084124044 \\\\u003Cunknown>\\\\n\"}}'}\n\n    def check_response(self, response: Dict[str, Any]) -> None:\n        \"\"\"Checks that a JSON response from the WebDriver does not have an\n        error.\n    \n        :Args:\n         - response - The JSON response from the WebDriver server as a dictionary\n           object.\n    \n        :Raises: If the response contains an error message.\n        \"\"\"\n        status = response.get(\"status\", None)\n        if not status or status == ErrorCode.SUCCESS:\n            return\n        value = None\n        message = response.get(\"message\", \"\")\n        screen: str = response.get(\"screen\", \"\")\n        stacktrace = None\n        if isinstance(status, int):\n            value_json = response.get(\"value\", None)\n            if value_json and isinstance(value_json, str):\n                import json\n    \n                try:\n                    value = json.loads(value_json)\n                    if len(value) == 1:\n                        value = value[\"value\"]\n                    status = value.get(\"error\", None)\n                    if not status:\n                        status = value.get(\"status\", ErrorCode.UNKNOWN_ERROR)\n                        message = value.get(\"value\") or value.get(\"message\")\n                        if not isinstance(message, str):\n                            value = message\n                            message = message.get(\"message\")\n                    else:\n                        message = value.get(\"message\", None)\n                except ValueError:\n                    pass\n    \n        exception_class: Type[WebDriverException]\n        if status in ErrorCode.NO_SUCH_ELEMENT:\n            exception_class = NoSuchElementException\n        elif status in ErrorCode.NO_SUCH_FRAME:\n            exception_class = NoSuchFrameException\n        elif status in ErrorCode.NO_SUCH_SHADOW_ROOT:\n            exception_class = NoSuchShadowRootException\n        elif status in ErrorCode.NO_SUCH_WINDOW:\n            exception_class = NoSuchWindowException\n        elif status in ErrorCode.STALE_ELEMENT_REFERENCE:\n            exception_class = StaleElementReferenceException\n        elif status in ErrorCode.ELEMENT_NOT_VISIBLE:\n            exception_class = ElementNotVisibleException\n        elif status in ErrorCode.INVALID_ELEMENT_STATE:\n            exception_class = InvalidElementStateException\n        elif (\n            status in ErrorCode.INVALID_SELECTOR\n            or status in ErrorCode.INVALID_XPATH_SELECTOR\n            or status in ErrorCode.INVALID_XPATH_SELECTOR_RETURN_TYPER\n        ):\n            exception_class = InvalidSelectorException\n        elif status in ErrorCode.ELEMENT_IS_NOT_SELECTABLE:\n            exception_class = ElementNotSelectableException\n        elif status in ErrorCode.ELEMENT_NOT_INTERACTABLE:\n            exception_class = ElementNotInteractableException\n        elif status in ErrorCode.INVALID_COOKIE_DOMAIN:\n            exception_class = InvalidCookieDomainException\n        elif status in ErrorCode.UNABLE_TO_SET_COOKIE:\n            exception_class = UnableToSetCookieException\n        elif status in ErrorCode.TIMEOUT:\n            exception_class = TimeoutException\n        elif status in ErrorCode.SCRIPT_TIMEOUT:\n            exception_class = TimeoutException\n        elif status in ErrorCode.UNKNOWN_ERROR:\n            exception_class = WebDriverException\n        elif status in ErrorCode.UNEXPECTED_ALERT_OPEN:\n            exception_class = UnexpectedAlertPresentException\n        elif status in ErrorCode.NO_ALERT_OPEN:\n            exception_class = NoAlertPresentException\n        elif status in ErrorCode.IME_NOT_AVAILABLE:\n            exception_class = ImeNotAvailableException\n        elif status in ErrorCode.IME_ENGINE_ACTIVATION_FAILED:\n            exception_class = ImeActivationFailedException\n        elif status in ErrorCode.MOVE_TARGET_OUT_OF_BOUNDS:\n            exception_class = MoveTargetOutOfBoundsException\n        elif status in ErrorCode.JAVASCRIPT_ERROR:\n            exception_class = JavascriptException\n        elif status in ErrorCode.SESSION_NOT_CREATED:\n            exception_class = SessionNotCreatedException\n        elif status in ErrorCode.INVALID_ARGUMENT:\n            exception_class = InvalidArgumentException\n        elif status in ErrorCode.NO_SUCH_COOKIE:\n            exception_class = NoSuchCookieException\n        elif status in ErrorCode.UNABLE_TO_CAPTURE_SCREEN:\n            exception_class = ScreenshotException\n        elif status in ErrorCode.ELEMENT_CLICK_INTERCEPTED:\n            exception_class = ElementClickInterceptedException\n        elif status in ErrorCode.INSECURE_CERTIFICATE:\n            exception_class = InsecureCertificateException\n        elif status in ErrorCode.INVALID_COORDINATES:\n            exception_class = InvalidCoordinatesException\n        elif status in ErrorCode.INVALID_SESSION_ID:\n            exception_class = InvalidSessionIdException\n        elif status in ErrorCode.UNKNOWN_METHOD:\n            exception_class = UnknownMethodException\n        else:\n            exception_class = WebDriverException\n        if not value:\n            value = response[\"value\"]\n        if isinstance(value, str):\n            raise exception_class(value)\n        if message == \"\" and \"message\" in value:\n            message = value[\"message\"]\n    \n        screen = None  # type: ignore[assignment]\n        if \"screen\" in value:\n            screen = value[\"screen\"]\n    \n        stacktrace = None\n        st_value = value.get(\"stackTrace\") or value.get(\"stacktrace\")\n        if st_value:\n            if isinstance(st_value, str):\n                stacktrace = st_value.split(\"\\n\")\n            else:\n                stacktrace = []\n                try:\n                    for frame in st_value:\n                        line = frame.get(\"lineNumber\", \"\")\n                        file = frame.get(\"fileName\", \"<anonymous>\")\n                        if line:\n                            file = f\"{file}:{line}\"\n                        meth = frame.get(\"methodName\", \"<anonymous>\")\n                        if \"className\" in frame:\n                            meth = f\"{frame['className']}.{meth}\"\n                        msg = \"    at %s (%s)\"\n                        msg = msg % (meth, file)\n                        stacktrace.append(msg)\n                except TypeError:\n                    pass\n        if exception_class == UnexpectedAlertPresentException:\n            alert_text = None\n            if \"data\" in value:\n                alert_text = value[\"data\"].get(\"text\")\n            elif \"alert\" in value:\n                alert_text = value[\"alert\"].get(\"text\")\n            raise exception_class(message, screen, stacktrace, alert_text)  # type: ignore[call-arg]  # mypy is not smart enough here\n>       raise exception_class(message, screen, stacktrace)\nE       selenium.common.exceptions.NoSuchElementException: Message: no such element: Unable to locate element: {\"method\":\"xpath\",\"selector\":\"(//a[@class='add-to-cart yellow-btn'])[1]\"}\nE         (Session info: chrome-headless-shell=121.0.6167.85); For documentation on this error, please visit: https://www.selenium.dev/documentation/webdriver/troubleshooting/errors#no-such-element-exception\nE       Stacktrace:\nE       #0 0x55e5a274ed93 <unknown>\nE       #1 0x55e5a2432337 <unknown>\nE       #2 0x55e5a247dd60 <unknown>\nE       #3 0x55e5a247de51 <unknown>\nE       #4 0x55e5a24c1bc4 <unknown>\nE       #5 0x55e5a24a046d <unknown>\nE       #6 0x55e5a24bf12d <unknown>\nE       #7 0x55e5a24a01e3 <unknown>\nE       #8 0x55e5a2470135 <unknown>\nE       #9 0x55e5a247113e <unknown>\nE       #10 0x55e5a2712e4b <unknown>\nE       #11 0x55e5a2716dfa <unknown>\nE       #12 0x55e5a26ff6d5 <unknown>\nE       #13 0x55e5a2717a6f <unknown>\nE       #14 0x55e5a26e369f <unknown>\nE       #15 0x55e5a273c098 <unknown>\nE       #16 0x55e5a273c262 <unknown>\nE       #17 0x55e5a274df34 <unknown>\nE       #18 0x7fc084124044 <unknown>\n\n/usr/local/lib/python3.11/site-packages/selenium/webdriver/remote/errorhandler.py:245: NoSuchElementException","steps":[{"name":"Добавляем товар в корзину в количестве 149","time":{"start":1706749976211,"stop":1706749976222,"duration":11},"status":"broken","statusMessage":"selenium.common.exceptions.NoSuchElementException: Message: no such element: Unable to locate element: {\"method\":\"xpath\",\"selector\":\"(//a[@class='add-to-cart yellow-btn'])[1]\"}\n  (Session info: chrome-headless-shell=121.0.6167.85); For documentation on this error, please visit: https://www.selenium.dev/documentation/webdriver/troubleshooting/errors#no-such-element-exception\nStacktrace:\n#0 0x55e5a274ed93 <unknown>\n#1 0x55e5a2432337 <unknown>\n#2 0x55e5a247dd60 <unknown>\n#3 0x55e5a247de51 <unknown>\n#4 0x55e5a24c1bc4 <unknown>\n#5 0x55e5a24a046d <unknown>\n#6 0x55e5a24bf12d <unknown>\n#7 0x55e5a24a01e3 <unknown>\n#8 0x55e5a2470135 <unknown>\n#9 0x55e5a247113e <unknown>\n#10 0x55e5a2712e4b <unknown>\n#11 0x55e5a2716dfa <unknown>\n#12 0x55e5a26ff6d5 <unknown>\n#13 0x55e5a2717a6f <unknown>\n#14 0x55e5a26e369f <unknown>\n#15 0x55e5a273c098 <unknown>\n#16 0x55e5a273c262 <unknown>\n#17 0x55e5a274df34 <unknown>\n#18 0x7fc084124044 <unknown>\n\n","statusTrace":"  File \"/usr/local/lib/python3.11/site-packages/allure_commons/_allure.py\", line 192, in impl\n    return func(*a, **kw)\n           ^^^^^^^^^^^^^^\n  File \"/app/pages/item_page.py\", line 40, in add_item_to_cart\n    self.find_element(self._add_item).click()\n    ^^^^^^^^^^^^^^^^^^^^^^^^^^^^^^^^^\n  File \"/app/base/seleniumbase.py\", line 17, in find_element\n    return self.driver.find_element(*locator)\n           ^^^^^^^^^^^^^^^^^^^^^^^^^^^^^^^^^^\n  File \"/usr/local/lib/python3.11/site-packages/selenium/webdriver/remote/webdriver.py\", line 740, in find_element\n    return self.execute(Command.FIND_ELEMENT, {\"using\": by, \"value\": value})[\"value\"]\n           ^^^^^^^^^^^^^^^^^^^^^^^^^^^^^^^^^^^^^^^^^^^^^^^^^^^^^^^^^^^^^^^^^\n  File \"/usr/local/lib/python3.11/site-packages/selenium/webdriver/remote/webdriver.py\", line 346, in execute\n    self.error_handler.check_response(response)\n  File \"/usr/local/lib/python3.11/site-packages/selenium/webdriver/remote/errorhandler.py\", line 245, in check_response\n    raise exception_class(message, screen, stacktrace)\n","steps":[],"attachments":[],"parameters":[{"name":"amount","value":"149"}],"shouldDisplayMessage":true,"stepsCount":0,"attachmentsCount":0,"hasContent":true,"attachmentStep":false}],"attachments":[{"uid":"d146b84fcd343b69","name":"Screenshot","source":"d146b84fcd343b69.png","type":"image/png","size":5862},{"uid":"6098927b9bcf992d","name":"HTML source","source":"6098927b9bcf992d.html","type":"text/html","size":39}],"parameters":[],"shouldDisplayMessage":true,"stepsCount":1,"attachmentsCount":2,"hasContent":true,"attachmentStep":false},"afterStages":[{"name":"setup::0","time":{"start":1706749976321,"stop":1706749976321,"duration":0},"status":"passed","steps":[],"attachments":[],"parameters":[],"shouldDisplayMessage":false,"stepsCount":0,"attachmentsCount":0,"hasContent":false,"attachmentStep":false},{"name":"driver::0","time":{"start":1706749976322,"stop":1706749976379,"duration":57},"status":"passed","steps":[],"attachments":[],"parameters":[],"shouldDisplayMessage":false,"stepsCount":0,"attachmentsCount":0,"hasContent":false,"attachmentStep":false}],"labels":[{"name":"epic","value":"Delivery Page - calculation"},{"name":"tag","value":"smoke"},{"name":"parentSuite","value":"tests.delivery"},{"name":"suite","value":"test_delivery_calculation"},{"name":"subSuite","value":"TestDeliveryPageCalculation"},{"name":"host","value":"1a76511f8a72"},{"name":"thread","value":"1-MainThread"},{"name":"framework","value":"pytest"},{"name":"language","value":"cpython3"},{"name":"package","value":"tests.delivery.test_delivery_calculation"},{"name":"resultFormat","value":"allure2"}],"parameters":[{"name":"all_time","value":"4490"},{"name":"amount","value":"149"},{"name":"case_id","value":"'TD 008'"},{"name":"in_time","value":"3980"},{"name":"link_item","value":"'products/shtukaturka-gipsovaya-aksolit-m50-30-kg-mashinnogo-naneseniya'"},{"name":"standard","value":"2300"},{"name":"url","value":"'https://sandboxtest.stroyrem-nn.ru/'"},{"name":"weight","value":"4500"}],"links":[],"hidden":false,"retry":false,"extra":{"severity":"normal","retries":[],"categories":[{"name":"Test defects","matchedStatuses":[],"flaky":false}],"history":{"statistic":{"failed":0,"broken":155,"skipped":0,"passed":0,"unknown":0,"total":155},"items":[{"uid":"a5266802628236c6","reportUrl":"https://zaelcovsky.github.io/StroyremAutomation/218//#testresult/a5266802628236c6","status":"broken","statusDetails":"selenium.common.exceptions.NoSuchElementException: Message: no such element: Unable to locate element: {\"method\":\"xpath\",\"selector\":\"(//a[@class='add-to-cart yellow-btn'])[1]\"}\n  (Session info: chrome-headless-shell=121.0.6167.85); For documentation on this error, please visit: https://www.selenium.dev/documentation/webdriver/troubleshooting/errors#no-such-element-exception\nStacktrace:\n#0 0x5641ce7bfd93 <unknown>\n#1 0x5641ce4a3337 <unknown>\n#2 0x5641ce4eed60 <unknown>\n#3 0x5641ce4eee51 <unknown>\n#4 0x5641ce532bc4 <unknown>\n#5 0x5641ce51146d <unknown>\n#6 0x5641ce53012d <unknown>\n#7 0x5641ce5111e3 <unknown>\n#8 0x5641ce4e1135 <unknown>\n#9 0x5641ce4e213e <unknown>\n#10 0x5641ce783e4b <unknown>\n#11 0x5641ce787dfa <unknown>\n#12 0x5641ce7706d5 <unknown>\n#13 0x5641ce788a6f <unknown>\n#14 0x5641ce75469f <unknown>\n#15 0x5641ce7ad098 <unknown>\n#16 0x5641ce7ad262 <unknown>\n#17 0x5641ce7bef34 <unknown>\n#18 0x7f1f337f2044 <unknown>","time":{"start":1706663292528,"stop":1706663292984,"duration":456}},{"uid":"17c78651cc0e6b7f","reportUrl":"https://zaelcovsky.github.io/StroyremAutomation/217//#testresult/17c78651cc0e6b7f","status":"broken","statusDetails":"selenium.common.exceptions.NoSuchElementException: Message: no such element: Unable to locate element: {\"method\":\"xpath\",\"selector\":\"(//a[@class='add-to-cart yellow-btn'])[1]\"}\n  (Session info: chrome-headless-shell=121.0.6167.85); For documentation on this error, please visit: https://www.selenium.dev/documentation/webdriver/troubleshooting/errors#no-such-element-exception\nStacktrace:\n#0 0x55964b188d93 <unknown>\n#1 0x55964ae6c337 <unknown>\n#2 0x55964aeb7d60 <unknown>\n#3 0x55964aeb7e51 <unknown>\n#4 0x55964aefbbc4 <unknown>\n#5 0x55964aeda46d <unknown>\n#6 0x55964aef912d <unknown>\n#7 0x55964aeda1e3 <unknown>\n#8 0x55964aeaa135 <unknown>\n#9 0x55964aeab13e <unknown>\n#10 0x55964b14ce4b <unknown>\n#11 0x55964b150dfa <unknown>\n#12 0x55964b1396d5 <unknown>\n#13 0x55964b151a6f <unknown>\n#14 0x55964b11d69f <unknown>\n#15 0x55964b176098 <unknown>\n#16 0x55964b176262 <unknown>\n#17 0x55964b187f34 <unknown>\n#18 0x7fcb11cd0044 <unknown>","time":{"start":1706576851603,"stop":1706576851996,"duration":393}},{"uid":"213b4cbc4f473dd4","reportUrl":"https://zaelcovsky.github.io/StroyremAutomation/216//#testresult/213b4cbc4f473dd4","status":"broken","statusDetails":"selenium.common.exceptions.NoSuchElementException: Message: no such element: Unable to locate element: {\"method\":\"xpath\",\"selector\":\"(//a[@class='add-to-cart yellow-btn'])[1]\"}\n  (Session info: chrome-headless-shell=121.0.6167.85); For documentation on this error, please visit: https://www.selenium.dev/documentation/webdriver/troubleshooting/errors#no-such-element-exception\nStacktrace:\n#0 0x55b3cadd9d93 <unknown>\n#1 0x55b3caabd337 <unknown>\n#2 0x55b3cab08d60 <unknown>\n#3 0x55b3cab08e51 <unknown>\n#4 0x55b3cab4cbc4 <unknown>\n#5 0x55b3cab2b46d <unknown>\n#6 0x55b3cab4a12d <unknown>\n#7 0x55b3cab2b1e3 <unknown>\n#8 0x55b3caafb135 <unknown>\n#9 0x55b3caafc13e <unknown>\n#10 0x55b3cad9de4b <unknown>\n#11 0x55b3cada1dfa <unknown>\n#12 0x55b3cad8a6d5 <unknown>\n#13 0x55b3cada2a6f <unknown>\n#14 0x55b3cad6e69f <unknown>\n#15 0x55b3cadc7098 <unknown>\n#16 0x55b3cadc7262 <unknown>\n#17 0x55b3cadd8f34 <unknown>\n#18 0x7ffaee46c044 <unknown>","time":{"start":1706490526147,"stop":1706490526618,"duration":471}},{"uid":"fa33186fa0947ac0","reportUrl":"https://zaelcovsky.github.io/StroyremAutomation/215//#testresult/fa33186fa0947ac0","status":"broken","statusDetails":"selenium.common.exceptions.NoSuchElementException: Message: no such element: Unable to locate element: {\"method\":\"xpath\",\"selector\":\"(//a[@class='add-to-cart yellow-btn'])[1]\"}\n  (Session info: chrome-headless-shell=121.0.6167.85); For documentation on this error, please visit: https://www.selenium.dev/documentation/webdriver/troubleshooting/errors#no-such-element-exception\nStacktrace:\n#0 0x563deed76d93 <unknown>\n#1 0x563deea5a337 <unknown>\n#2 0x563deeaa5d60 <unknown>\n#3 0x563deeaa5e51 <unknown>\n#4 0x563deeae9bc4 <unknown>\n#5 0x563deeac846d <unknown>\n#6 0x563deeae712d <unknown>\n#7 0x563deeac81e3 <unknown>\n#8 0x563deea98135 <unknown>\n#9 0x563deea9913e <unknown>\n#10 0x563deed3ae4b <unknown>\n#11 0x563deed3edfa <unknown>\n#12 0x563deed276d5 <unknown>\n#13 0x563deed3fa6f <unknown>\n#14 0x563deed0b69f <unknown>\n#15 0x563deed64098 <unknown>\n#16 0x563deed64262 <unknown>\n#17 0x563deed75f34 <unknown>\n#18 0x7f3a403e2044 <unknown>","time":{"start":1706404360720,"stop":1706404361049,"duration":329}},{"uid":"b975d05d17ea348b","reportUrl":"https://zaelcovsky.github.io/StroyremAutomation/214//#testresult/b975d05d17ea348b","status":"broken","statusDetails":"selenium.common.exceptions.NoSuchElementException: Message: no such element: Unable to locate element: {\"method\":\"xpath\",\"selector\":\"(//a[@class='add-to-cart yellow-btn'])[1]\"}\n  (Session info: chrome-headless-shell=121.0.6167.85); For documentation on this error, please visit: https://www.selenium.dev/documentation/webdriver/troubleshooting/errors#no-such-element-exception\nStacktrace:\n#0 0x556487163d93 <unknown>\n#1 0x556486e47337 <unknown>\n#2 0x556486e92d60 <unknown>\n#3 0x556486e92e51 <unknown>\n#4 0x556486ed6bc4 <unknown>\n#5 0x556486eb546d <unknown>\n#6 0x556486ed412d <unknown>\n#7 0x556486eb51e3 <unknown>\n#8 0x556486e85135 <unknown>\n#9 0x556486e8613e <unknown>\n#10 0x556487127e4b <unknown>\n#11 0x55648712bdfa <unknown>\n#12 0x5564871146d5 <unknown>\n#13 0x55648712ca6f <unknown>\n#14 0x5564870f869f <unknown>\n#15 0x556487151098 <unknown>\n#16 0x556487151262 <unknown>\n#17 0x556487162f34 <unknown>\n#18 0x7f7fcb190044 <unknown>","time":{"start":1706317728941,"stop":1706317729560,"duration":619}},{"uid":"3134293b0933c307","reportUrl":"https://zaelcovsky.github.io/StroyremAutomation/213//#testresult/3134293b0933c307","status":"broken","statusDetails":"selenium.common.exceptions.NoSuchElementException: Message: no such element: Unable to locate element: {\"method\":\"xpath\",\"selector\":\"(//a[@class='add-to-cart yellow-btn'])[1]\"}\n  (Session info: chrome-headless-shell=121.0.6167.85); For documentation on this error, please visit: https://www.selenium.dev/documentation/webdriver/troubleshooting/errors#no-such-element-exception\nStacktrace:\n#0 0x55b69368ad93 <unknown>\n#1 0x55b69336e337 <unknown>\n#2 0x55b6933b9d60 <unknown>\n#3 0x55b6933b9e51 <unknown>\n#4 0x55b6933fdbc4 <unknown>\n#5 0x55b6933dc46d <unknown>\n#6 0x55b6933fb12d <unknown>\n#7 0x55b6933dc1e3 <unknown>\n#8 0x55b6933ac135 <unknown>\n#9 0x55b6933ad13e <unknown>\n#10 0x55b69364ee4b <unknown>\n#11 0x55b693652dfa <unknown>\n#12 0x55b69363b6d5 <unknown>\n#13 0x55b693653a6f <unknown>\n#14 0x55b69361f69f <unknown>\n#15 0x55b693678098 <unknown>\n#16 0x55b693678262 <unknown>\n#17 0x55b693689f34 <unknown>\n#18 0x7f8b1b80f044 <unknown>","time":{"start":1706231328992,"stop":1706231329410,"duration":418}},{"uid":"faabf371968f4162","reportUrl":"https://zaelcovsky.github.io/StroyremAutomation/212//#testresult/faabf371968f4162","status":"broken","statusDetails":"selenium.common.exceptions.WebDriverException: Message: unknown error: net::ERR_CONNECTION_TIMED_OUT\n  (Session info: chrome-headless-shell=121.0.6167.85)\nStacktrace:\n#0 0x55781fe34d93 <unknown>\n#1 0x55781fb18337 <unknown>\n#2 0x55781fb10193 <unknown>\n#3 0x55781fb00161 <unknown>\n#4 0x55781fb015cb <unknown>\n#5 0x55781fb00414 <unknown>\n#6 0x55781faff5e5 <unknown>\n#7 0x55781faff557 <unknown>\n#8 0x55781fafdc1a <unknown>\n#9 0x55781fafe1ca <unknown>\n#10 0x55781fb1ab6e <unknown>\n#11 0x55781fba5d45 <unknown>\n#12 0x55781fb86442 <unknown>\n#13 0x55781fba512d <unknown>\n#14 0x55781fb861e3 <unknown>\n#15 0x55781fb56135 <unknown>\n#16 0x55781fb5713e <unknown>\n#17 0x55781fdf8e4b <unknown>\n#18 0x55781fdfcdfa <unknown>\n#19 0x55781fde56d5 <unknown>\n#20 0x55781fdfda6f <unknown>\n#21 0x55781fdc969f <unknown>\n#22 0x55781fe22098 <unknown>\n#23 0x55781fe22262 <unknown>\n#24 0x55781fe33f34 <unknown>\n#25 0x7f18ad15d044 <unknown>","time":{"start":1706146153671,"stop":1706146283856,"duration":130185}},{"uid":"9413f03ce89b32c0","reportUrl":"https://zaelcovsky.github.io/StroyremAutomation/211//#testresult/9413f03ce89b32c0","status":"broken","statusDetails":"selenium.common.exceptions.WebDriverException: Message: unknown error: net::ERR_CONNECTION_REFUSED\n  (Session info: chrome-headless-shell=121.0.6167.85)\nStacktrace:\n#0 0x55b64e6b7d93 <unknown>\n#1 0x55b64e39b337 <unknown>\n#2 0x55b64e393193 <unknown>\n#3 0x55b64e383161 <unknown>\n#4 0x55b64e3845cb <unknown>\n#5 0x55b64e383414 <unknown>\n#6 0x55b64e3825e5 <unknown>\n#7 0x55b64e382557 <unknown>\n#8 0x55b64e380c1a <unknown>\n#9 0x55b64e3811ca <unknown>\n#10 0x55b64e39db6e <unknown>\n#11 0x55b64e428d45 <unknown>\n#12 0x55b64e409442 <unknown>\n#13 0x55b64e42812d <unknown>\n#14 0x55b64e4091e3 <unknown>\n#15 0x55b64e3d9135 <unknown>\n#16 0x55b64e3da13e <unknown>\n#17 0x55b64e67be4b <unknown>\n#18 0x55b64e67fdfa <unknown>\n#19 0x55b64e6686d5 <unknown>\n#20 0x55b64e680a6f <unknown>\n#21 0x55b64e64c69f <unknown>\n#22 0x55b64e6a5098 <unknown>\n#23 0x55b64e6a5262 <unknown>\n#24 0x55b64e6b6f34 <unknown>\n#25 0x7fe89c031044 <unknown>","time":{"start":1706058849583,"stop":1706058849889,"duration":306}},{"uid":"6bc5ce1b4ade7fc7","reportUrl":"https://zaelcovsky.github.io/StroyremAutomation/210//#testresult/6bc5ce1b4ade7fc7","status":"broken","statusDetails":"selenium.common.exceptions.WebDriverException: Message: unknown error: net::ERR_CONNECTION_TIMED_OUT\n  (Session info: chrome-headless-shell=120.0.6099.109)\nStacktrace:\n#0 0x55bbcc02af83 <unknown>\n#1 0x55bbcbce3cf7 <unknown>\n#2 0x55bbcbcdb6ea <unknown>\n#3 0x55bbcbcca5a1 <unknown>\n#4 0x55bbcbccbd40 <unknown>\n#5 0x55bbcbcca854 <unknown>\n#6 0x55bbcbcc9586 <unknown>\n#7 0x55bbcbcc944a <unknown>\n#8 0x55bbcbcc77e1 <unknown>\n#9 0x55bbcbcc801a <unknown>\n#10 0x55bbcbce6bbe <unknown>\n#11 0x55bbcbd7c7a5 <unknown>\n#12 0x55bbcbd5d0b2 <unknown>\n#13 0x55bbcbd7c006 <unknown>\n#14 0x55bbcbd5ce53 <unknown>\n#15 0x55bbcbd24dd4 <unknown>\n#16 0x55bbcbd261de <unknown>\n#17 0x55bbcbfef531 <unknown>\n#18 0x55bbcbff3455 <unknown>\n#19 0x55bbcbfdbf55 <unknown>\n#20 0x55bbcbff40ef <unknown>\n#21 0x55bbcbfbf99f <unknown>\n#22 0x55bbcc018008 <unknown>\n#23 0x55bbcc0181d7 <unknown>\n#24 0x55bbcc02a124 <unknown>\n#25 0x7f1f7a576044 <unknown>","time":{"start":1705973404072,"stop":1705973534253,"duration":130181}},{"uid":"20b4185aafd1d616","reportUrl":"https://zaelcovsky.github.io/StroyremAutomation/209//#testresult/20b4185aafd1d616","status":"broken","statusDetails":"selenium.common.exceptions.WebDriverException: Message: unknown error: net::ERR_CONNECTION_TIMED_OUT\n  (Session info: chrome-headless-shell=120.0.6099.109)\nStacktrace:\n#0 0x55e97ca6df83 <unknown>\n#1 0x55e97c726cf7 <unknown>\n#2 0x55e97c71e6ea <unknown>\n#3 0x55e97c70d5a1 <unknown>\n#4 0x55e97c70ed40 <unknown>\n#5 0x55e97c70d854 <unknown>\n#6 0x55e97c70c586 <unknown>\n#7 0x55e97c70c44a <unknown>\n#8 0x55e97c70a7e1 <unknown>\n#9 0x55e97c70b01a <unknown>\n#10 0x55e97c729bbe <unknown>\n#11 0x55e97c7bf7a5 <unknown>\n#12 0x55e97c7a00b2 <unknown>\n#13 0x55e97c7bf006 <unknown>\n#14 0x55e97c79fe53 <unknown>\n#15 0x55e97c767dd4 <unknown>\n#16 0x55e97c7691de <unknown>\n#17 0x55e97ca32531 <unknown>\n#18 0x55e97ca36455 <unknown>\n#19 0x55e97ca1ef55 <unknown>\n#20 0x55e97ca370ef <unknown>\n#21 0x55e97ca0299f <unknown>\n#22 0x55e97ca5b008 <unknown>\n#23 0x55e97ca5b1d7 <unknown>\n#24 0x55e97ca6d124 <unknown>\n#25 0x7fcc50f53044 <unknown>","time":{"start":1705887028888,"stop":1705887159057,"duration":130169}},{"uid":"dd53d574ed0334a5","reportUrl":"https://zaelcovsky.github.io/StroyremAutomation/208//#testresult/dd53d574ed0334a5","status":"broken","statusDetails":"selenium.common.exceptions.WebDriverException: Message: unknown error: net::ERR_CONNECTION_TIMED_OUT\n  (Session info: chrome-headless-shell=120.0.6099.109)\nStacktrace:\n#0 0x55e8ca282f83 <unknown>\n#1 0x55e8c9f3bcf7 <unknown>\n#2 0x55e8c9f336ea <unknown>\n#3 0x55e8c9f225a1 <unknown>\n#4 0x55e8c9f23d40 <unknown>\n#5 0x55e8c9f22854 <unknown>\n#6 0x55e8c9f21586 <unknown>\n#7 0x55e8c9f2144a <unknown>\n#8 0x55e8c9f1f7e1 <unknown>\n#9 0x55e8c9f2001a <unknown>\n#10 0x55e8c9f3ebbe <unknown>\n#11 0x55e8c9fd47a5 <unknown>\n#12 0x55e8c9fb50b2 <unknown>\n#13 0x55e8c9fd4006 <unknown>\n#14 0x55e8c9fb4e53 <unknown>\n#15 0x55e8c9f7cdd4 <unknown>\n#16 0x55e8c9f7e1de <unknown>\n#17 0x55e8ca247531 <unknown>\n#18 0x55e8ca24b455 <unknown>\n#19 0x55e8ca233f55 <unknown>\n#20 0x55e8ca24c0ef <unknown>\n#21 0x55e8ca21799f <unknown>\n#22 0x55e8ca270008 <unknown>\n#23 0x55e8ca2701d7 <unknown>\n#24 0x55e8ca282124 <unknown>\n#25 0x7f2d5564a044 <unknown>","time":{"start":1705800758708,"stop":1705800888890,"duration":130182}},{"uid":"70d6e2040f744acb","reportUrl":"https://zaelcovsky.github.io/StroyremAutomation/207//#testresult/70d6e2040f744acb","status":"broken","statusDetails":"selenium.common.exceptions.WebDriverException: Message: unknown error: net::ERR_CONNECTION_TIMED_OUT\n  (Session info: chrome-headless-shell=120.0.6099.109)\nStacktrace:\n#0 0x562511c6ff83 <unknown>\n#1 0x562511928cf7 <unknown>\n#2 0x5625119206ea <unknown>\n#3 0x56251190f5a1 <unknown>\n#4 0x562511910d40 <unknown>\n#5 0x56251190f854 <unknown>\n#6 0x56251190e586 <unknown>\n#7 0x56251190e44a <unknown>\n#8 0x56251190c7e1 <unknown>\n#9 0x56251190d01a <unknown>\n#10 0x56251192bbbe <unknown>\n#11 0x5625119c17a5 <unknown>\n#12 0x5625119a20b2 <unknown>\n#13 0x5625119c1006 <unknown>\n#14 0x5625119a1e53 <unknown>\n#15 0x562511969dd4 <unknown>\n#16 0x56251196b1de <unknown>\n#17 0x562511c34531 <unknown>\n#18 0x562511c38455 <unknown>\n#19 0x562511c20f55 <unknown>\n#20 0x562511c390ef <unknown>\n#21 0x562511c0499f <unknown>\n#22 0x562511c5d008 <unknown>\n#23 0x562511c5d1d7 <unknown>\n#24 0x562511c6f124 <unknown>\n#25 0x7fd980e82044 <unknown>","time":{"start":1705714012437,"stop":1705714142608,"duration":130171}},{"uid":"df1aa64e6c6ba194","reportUrl":"https://zaelcovsky.github.io/StroyremAutomation/206//#testresult/df1aa64e6c6ba194","status":"broken","statusDetails":"selenium.common.exceptions.WebDriverException: Message: unknown error: net::ERR_CONNECTION_TIMED_OUT\n  (Session info: chrome-headless-shell=120.0.6099.109)\nStacktrace:\n#0 0x55f71f1cdf83 <unknown>\n#1 0x55f71ee86cf7 <unknown>\n#2 0x55f71ee7e6ea <unknown>\n#3 0x55f71ee6d5a1 <unknown>\n#4 0x55f71ee6ed40 <unknown>\n#5 0x55f71ee6d854 <unknown>\n#6 0x55f71ee6c586 <unknown>\n#7 0x55f71ee6c44a <unknown>\n#8 0x55f71ee6a7e1 <unknown>\n#9 0x55f71ee6b01a <unknown>\n#10 0x55f71ee89bbe <unknown>\n#11 0x55f71ef1f7a5 <unknown>\n#12 0x55f71ef000b2 <unknown>\n#13 0x55f71ef1f006 <unknown>\n#14 0x55f71eeffe53 <unknown>\n#15 0x55f71eec7dd4 <unknown>\n#16 0x55f71eec91de <unknown>\n#17 0x55f71f192531 <unknown>\n#18 0x55f71f196455 <unknown>\n#19 0x55f71f17ef55 <unknown>\n#20 0x55f71f1970ef <unknown>\n#21 0x55f71f16299f <unknown>\n#22 0x55f71f1bb008 <unknown>\n#23 0x55f71f1bb1d7 <unknown>\n#24 0x55f71f1cd124 <unknown>\n#25 0x7fd069770044 <unknown>","time":{"start":1705627680383,"stop":1705627810552,"duration":130169}},{"uid":"6923c259c6e522f2","reportUrl":"https://zaelcovsky.github.io/StroyremAutomation/205//#testresult/6923c259c6e522f2","status":"broken","statusDetails":"selenium.common.exceptions.WebDriverException: Message: unknown error: net::ERR_CONNECTION_TIMED_OUT\n  (Session info: chrome-headless-shell=120.0.6099.109)\nStacktrace:\n#0 0x55b1fd31bf83 <unknown>\n#1 0x55b1fcfd4cf7 <unknown>\n#2 0x55b1fcfcc6ea <unknown>\n#3 0x55b1fcfbb5a1 <unknown>\n#4 0x55b1fcfbcd40 <unknown>\n#5 0x55b1fcfbb854 <unknown>\n#6 0x55b1fcfba586 <unknown>\n#7 0x55b1fcfba44a <unknown>\n#8 0x55b1fcfb87e1 <unknown>\n#9 0x55b1fcfb901a <unknown>\n#10 0x55b1fcfd7bbe <unknown>\n#11 0x55b1fd06d7a5 <unknown>\n#12 0x55b1fd04e0b2 <unknown>\n#13 0x55b1fd06d006 <unknown>\n#14 0x55b1fd04de53 <unknown>\n#15 0x55b1fd015dd4 <unknown>\n#16 0x55b1fd0171de <unknown>\n#17 0x55b1fd2e0531 <unknown>\n#18 0x55b1fd2e4455 <unknown>\n#19 0x55b1fd2ccf55 <unknown>\n#20 0x55b1fd2e50ef <unknown>\n#21 0x55b1fd2b099f <unknown>\n#22 0x55b1fd309008 <unknown>\n#23 0x55b1fd3091d7 <unknown>\n#24 0x55b1fd31b124 <unknown>\n#25 0x7f580ffec044 <unknown>","time":{"start":1705541260522,"stop":1705541390695,"duration":130173}},{"uid":"241841bc3e82e605","reportUrl":"https://zaelcovsky.github.io/StroyremAutomation/204//#testresult/241841bc3e82e605","status":"broken","statusDetails":"selenium.common.exceptions.WebDriverException: Message: unknown error: net::ERR_CONNECTION_TIMED_OUT\n  (Session info: chrome-headless-shell=120.0.6099.109)\nStacktrace:\n#0 0x564f75c5ff83 <unknown>\n#1 0x564f75918cf7 <unknown>\n#2 0x564f759106ea <unknown>\n#3 0x564f758ff5a1 <unknown>\n#4 0x564f75900d40 <unknown>\n#5 0x564f758ff854 <unknown>\n#6 0x564f758fe586 <unknown>\n#7 0x564f758fe44a <unknown>\n#8 0x564f758fc7e1 <unknown>\n#9 0x564f758fd01a <unknown>\n#10 0x564f7591bbbe <unknown>\n#11 0x564f759b17a5 <unknown>\n#12 0x564f759920b2 <unknown>\n#13 0x564f759b1006 <unknown>\n#14 0x564f75991e53 <unknown>\n#15 0x564f75959dd4 <unknown>\n#16 0x564f7595b1de <unknown>\n#17 0x564f75c24531 <unknown>\n#18 0x564f75c28455 <unknown>\n#19 0x564f75c10f55 <unknown>\n#20 0x564f75c290ef <unknown>\n#21 0x564f75bf499f <unknown>\n#22 0x564f75c4d008 <unknown>\n#23 0x564f75c4d1d7 <unknown>\n#24 0x564f75c5f124 <unknown>\n#25 0x7f4b8ae5f044 <unknown>","time":{"start":1705454985504,"stop":1705455115672,"duration":130168}},{"uid":"cc2513347c81ed04","reportUrl":"https://zaelcovsky.github.io/StroyremAutomation/203//#testresult/cc2513347c81ed04","status":"broken","statusDetails":"selenium.common.exceptions.WebDriverException: Message: unknown error: net::ERR_CONNECTION_TIMED_OUT\n  (Session info: chrome-headless-shell=120.0.6099.109)\nStacktrace:\n#0 0x559a831cdf83 <unknown>\n#1 0x559a82e86cf7 <unknown>\n#2 0x559a82e7e6ea <unknown>\n#3 0x559a82e6d5a1 <unknown>\n#4 0x559a82e6ed40 <unknown>\n#5 0x559a82e6d854 <unknown>\n#6 0x559a82e6c586 <unknown>\n#7 0x559a82e6c44a <unknown>\n#8 0x559a82e6a7e1 <unknown>\n#9 0x559a82e6b01a <unknown>\n#10 0x559a82e89bbe <unknown>\n#11 0x559a82f1f7a5 <unknown>\n#12 0x559a82f000b2 <unknown>\n#13 0x559a82f1f006 <unknown>\n#14 0x559a82effe53 <unknown>\n#15 0x559a82ec7dd4 <unknown>\n#16 0x559a82ec91de <unknown>\n#17 0x559a83192531 <unknown>\n#18 0x559a83196455 <unknown>\n#19 0x559a8317ef55 <unknown>\n#20 0x559a831970ef <unknown>\n#21 0x559a8316299f <unknown>\n#22 0x559a831bb008 <unknown>\n#23 0x559a831bb1d7 <unknown>\n#24 0x559a831cd124 <unknown>\n#25 0x7fa3484d1044 <unknown>","time":{"start":1705368480426,"stop":1705368610601,"duration":130175}},{"uid":"8f7e7c2b9264cce3","reportUrl":"https://zaelcovsky.github.io/StroyremAutomation/202//#testresult/8f7e7c2b9264cce3","status":"broken","statusDetails":"selenium.common.exceptions.NoSuchElementException: Message: no such element: Unable to locate element: {\"method\":\"xpath\",\"selector\":\"(//a[@class='add-to-cart yellow-btn'])[1]\"}\n  (Session info: chrome-headless-shell=120.0.6099.109); For documentation on this error, please visit: https://www.selenium.dev/documentation/webdriver/troubleshooting/errors#no-such-element-exception\nStacktrace:\n#0 0x55e51f3c4f83 <unknown>\n#1 0x55e51f07dcf7 <unknown>\n#2 0x55e51f0cd99e <unknown>\n#3 0x55e51f0cdaa1 <unknown>\n#4 0x55e51f118d64 <unknown>\n#5 0x55e51f0f70dd <unknown>\n#6 0x55e51f116006 <unknown>\n#7 0x55e51f0f6e53 <unknown>\n#8 0x55e51f0bedd4 <unknown>\n#9 0x55e51f0c01de <unknown>\n#10 0x55e51f389531 <unknown>\n#11 0x55e51f38d455 <unknown>\n#12 0x55e51f375f55 <unknown>\n#13 0x55e51f38e0ef <unknown>\n#14 0x55e51f35999f <unknown>\n#15 0x55e51f3b2008 <unknown>\n#16 0x55e51f3b21d7 <unknown>\n#17 0x55e51f3c4124 <unknown>\n#18 0x7fd3a00a7044 <unknown>","time":{"start":1705281323219,"stop":1705281323609,"duration":390}},{"uid":"c71eb040bb7baf83","reportUrl":"https://zaelcovsky.github.io/StroyremAutomation/201//#testresult/c71eb040bb7baf83","status":"broken","statusDetails":"selenium.common.exceptions.NoSuchElementException: Message: no such element: Unable to locate element: {\"method\":\"xpath\",\"selector\":\"(//a[@class='add-to-cart yellow-btn'])[1]\"}\n  (Session info: chrome-headless-shell=120.0.6099.109); For documentation on this error, please visit: https://www.selenium.dev/documentation/webdriver/troubleshooting/errors#no-such-element-exception\nStacktrace:\n#0 0x557f28614f83 <unknown>\n#1 0x557f282cdcf7 <unknown>\n#2 0x557f2831d99e <unknown>\n#3 0x557f2831daa1 <unknown>\n#4 0x557f28368d64 <unknown>\n#5 0x557f283470dd <unknown>\n#6 0x557f28366006 <unknown>\n#7 0x557f28346e53 <unknown>\n#8 0x557f2830edd4 <unknown>\n#9 0x557f283101de <unknown>\n#10 0x557f285d9531 <unknown>\n#11 0x557f285dd455 <unknown>\n#12 0x557f285c5f55 <unknown>\n#13 0x557f285de0ef <unknown>\n#14 0x557f285a999f <unknown>\n#15 0x557f28602008 <unknown>\n#16 0x557f286021d7 <unknown>\n#17 0x557f28614124 <unknown>\n#18 0x7f54ced9a044 <unknown>","time":{"start":1705195106162,"stop":1705195106887,"duration":725}},{"uid":"5a6be90219d3941c","reportUrl":"https://zaelcovsky.github.io/StroyremAutomation/200//#testresult/5a6be90219d3941c","status":"broken","statusDetails":"selenium.common.exceptions.NoSuchElementException: Message: no such element: Unable to locate element: {\"method\":\"xpath\",\"selector\":\"(//a[@class='add-to-cart yellow-btn'])[1]\"}\n  (Session info: chrome-headless-shell=120.0.6099.109); For documentation on this error, please visit: https://www.selenium.dev/documentation/webdriver/troubleshooting/errors#no-such-element-exception\nStacktrace:\n#0 0x55e6d8eecf83 <unknown>\n#1 0x55e6d8ba5cf7 <unknown>\n#2 0x55e6d8bf599e <unknown>\n#3 0x55e6d8bf5aa1 <unknown>\n#4 0x55e6d8c40d64 <unknown>\n#5 0x55e6d8c1f0dd <unknown>\n#6 0x55e6d8c3e006 <unknown>\n#7 0x55e6d8c1ee53 <unknown>\n#8 0x55e6d8be6dd4 <unknown>\n#9 0x55e6d8be81de <unknown>\n#10 0x55e6d8eb1531 <unknown>\n#11 0x55e6d8eb5455 <unknown>\n#12 0x55e6d8e9df55 <unknown>\n#13 0x55e6d8eb60ef <unknown>\n#14 0x55e6d8e8199f <unknown>\n#15 0x55e6d8eda008 <unknown>\n#16 0x55e6d8eda1d7 <unknown>\n#17 0x55e6d8eec124 <unknown>\n#18 0x7f054bdb2044 <unknown>","time":{"start":1705108389991,"stop":1705108390537,"duration":546}},{"uid":"fbe23e9623ffb292","reportUrl":"https://zaelcovsky.github.io/StroyremAutomation/199//#testresult/fbe23e9623ffb292","status":"broken","statusDetails":"selenium.common.exceptions.NoSuchElementException: Message: no such element: Unable to locate element: {\"method\":\"xpath\",\"selector\":\"(//a[@class='add-to-cart yellow-btn'])[1]\"}\n  (Session info: chrome-headless-shell=120.0.6099.109); For documentation on this error, please visit: https://www.selenium.dev/documentation/webdriver/troubleshooting/errors#no-such-element-exception\nStacktrace:\n#0 0x5594983c8f83 <unknown>\n#1 0x559498081cf7 <unknown>\n#2 0x5594980d199e <unknown>\n#3 0x5594980d1aa1 <unknown>\n#4 0x55949811cd64 <unknown>\n#5 0x5594980fb0dd <unknown>\n#6 0x55949811a006 <unknown>\n#7 0x5594980fae53 <unknown>\n#8 0x5594980c2dd4 <unknown>\n#9 0x5594980c41de <unknown>\n#10 0x55949838d531 <unknown>\n#11 0x559498391455 <unknown>\n#12 0x559498379f55 <unknown>\n#13 0x5594983920ef <unknown>\n#14 0x55949835d99f <unknown>\n#15 0x5594983b6008 <unknown>\n#16 0x5594983b61d7 <unknown>\n#17 0x5594983c8124 <unknown>\n#18 0x7f7f67618044 <unknown>","time":{"start":1705022032670,"stop":1705022033454,"duration":784}}]},"tags":["smoke"]},"source":"7c9a1597b0d955ec.json","parameterValues":["4490","149","'TD 008'","3980","'products/shtukaturka-gipsovaya-aksolit-m50-30-kg-mashinnogo-naneseniya'","2300","'https://sandboxtest.stroyrem-nn.ru/'","4500"]}