{"uid":"94d4726051f1d8a3","name":"test_positive_delivery_green_zone_smoke[TD 008-products/shtukaturka-gipsovaya-aksolit-m50-30-kg-mashinnogo-naneseniya-149-4500-2300-3980-4490-https://sandboxtest.stroyrem-nn.ru/]","fullName":"tests.delivery.test_delivery_calculation.TestDeliveryPageCalculation#test_positive_delivery_green_zone_smoke","historyId":"a6e4f8846394d8afbfad6037346de2a8","time":{"start":1694048977400,"stop":1694048977949,"duration":549},"status":"broken","statusMessage":"selenium.common.exceptions.NoSuchElementException: Message: no such element: Unable to locate element: {\"method\":\"xpath\",\"selector\":\"(//a[@class='add-to-cart yellow-btn'])[1]\"}\n  (Session info: headless chrome=116.0.5845.96); For documentation on this error, please visit: https://www.selenium.dev/documentation/webdriver/troubleshooting/errors#no-such-element-exception\nStacktrace:\n#0 0x55ec9501ee23 <unknown>\n#1 0x55ec94d477a7 <unknown>\n#2 0x55ec94d861d3 <unknown>\n#3 0x55ec94d862c1 <unknown>\n#4 0x55ec94dc1a04 <unknown>\n#5 0x55ec94da703d <unknown>\n#6 0x55ec94dbf369 <unknown>\n#7 0x55ec94da6de3 <unknown>\n#8 0x55ec94d7aa7b <unknown>\n#9 0x55ec94d7b81e <unknown>\n#10 0x55ec94fe0638 <unknown>\n#11 0x55ec94fe4507 <unknown>\n#12 0x55ec94feec4c <unknown>\n#13 0x55ec94fe5136 <unknown>\n#14 0x55ec94fb39cf <unknown>\n#15 0x55ec95008b98 <unknown>\n#16 0x55ec95008d68 <unknown>\n#17 0x55ec95017cb3 <unknown>\n#18 0x7fd9e3b23044 <unknown>","statusTrace":"self = <tests.delivery.test_delivery_calculation.TestDeliveryPageCalculation object at 0x7f5790bec410>\ndriver = <selenium.webdriver.chrome.webdriver.WebDriver (session=\"5c828ac21b89ddd2c773030918f1f137\")>\nurl = 'https://sandboxtest.stroyrem-nn.ru/', case_id = 'TD 008'\nlink_item = 'products/shtukaturka-gipsovaya-aksolit-m50-30-kg-mashinnogo-naneseniya'\namount = 149, weight = 4500, standard = 2300, in_time = 3980, all_time = 4490\n\n    @pytest.mark.parametrize('case_id, link_item, amount, weight, standard, in_time, all_time', [\n        (\"TD 001\", uroven_3000, 1, 30, 0, 1590, 2190),\n        (\"TD 002\", bundeks_25, 1, 30, 400, 1590, 2190),\n        (\"TD 003\", aksolit_30, 8, 300, 400, 1590, 2190),\n        (\"TD 004\", aksolit_30, 13, 400, 450, 1590, 2190),\n        (\"TD 005\", aksolit_30, 16, 500, 600, 1590, 2190),\n        (\"TD 006\", aksolit_30, 25, 1700, 990, 1990, 2480),\n        (\"TD 007\", aksolit_30, 66, 2000, 1300, 2490, 2980),\n        (\"TD 008\", aksolit_30, 149, 4500, 2300, 3980, 4490),\n        (\"TD 009\", aksolit_30, 166, 5000, 2500, 4990, 5480),\n        pytest.param(\n            \"TD 010\", aksolit_30, 206, 6200, 2900, 5570, 6120,\n            marks=pytest.mark.xfail(reson=\"Цена доставки 3600 7960 8980\")\n        ),\n        (\"TD 011\", aksolit_30, 299, 9000, 3600, 7960, 8980),\n        (\"TD 012\", aksolit_30, 333, 10000, 4450, 11990, 12500),\n        pytest.param(\n            \"TD 013\", aksolit_30, 366, 11000, 4800, 12450, 13480,\n            marks=pytest.mark.xfail(reason=\"Цена стандартной доставки 4450\")\n        ),\n        pytest.param(\n            \"TD 014\", aksolit_30, 666, 20000, 5400, 15600, 17490,\n            marks=pytest.mark.xfail(reason=\"Цена стандартной доставки 4450\")\n        )\n    ])\n    @pytest.mark.smoke\n    def test_positive_delivery_green_zone_smoke(\n            self, driver, url, case_id, link_item, amount, weight, standard, in_time, all_time\n    ):\n    \n        driver.get(f'{url}{link_item}')\n        item_page = ItemPage(driver)\n>       item_page.add_item_to_cart(amount).click_on_cart()\n\ntests/delivery/test_delivery_calculation.py:49: \n_ _ _ _ _ _ _ _ _ _ _ _ _ _ _ _ _ _ _ _ _ _ _ _ _ _ _ _ _ _ _ _ _ _ _ _ _ _ _ _ \npages/item_page.py:40: in add_item_to_cart\n    self.find_element(self._add_item).click()\nbase/seleniumbase.py:17: in find_element\n    return self.driver.find_element(*locator)\n/usr/local/lib/python3.11/site-packages/selenium/webdriver/remote/webdriver.py:740: in find_element\n    return self.execute(Command.FIND_ELEMENT, {\"using\": by, \"value\": value})[\"value\"]\n/usr/local/lib/python3.11/site-packages/selenium/webdriver/remote/webdriver.py:346: in execute\n    self.error_handler.check_response(response)\n_ _ _ _ _ _ _ _ _ _ _ _ _ _ _ _ _ _ _ _ _ _ _ _ _ _ _ _ _ _ _ _ _ _ _ _ _ _ _ _ \n\nself = <selenium.webdriver.remote.errorhandler.ErrorHandler object at 0x7f579170cf90>\nresponse = {'status': 404, 'value': '{\"value\":{\"error\":\"no such element\",\"message\":\"no such element: Unable to locate element: {\\...\\\\n#16 0x55ec95008d68 \\\\u003Cunknown>\\\\n#17 0x55ec95017cb3 \\\\u003Cunknown>\\\\n#18 0x7fd9e3b23044 \\\\u003Cunknown>\\\\n\"}}'}\n\n    def check_response(self, response: Dict[str, Any]) -> None:\n        \"\"\"Checks that a JSON response from the WebDriver does not have an\n        error.\n    \n        :Args:\n         - response - The JSON response from the WebDriver server as a dictionary\n           object.\n    \n        :Raises: If the response contains an error message.\n        \"\"\"\n        status = response.get(\"status\", None)\n        if not status or status == ErrorCode.SUCCESS:\n            return\n        value = None\n        message = response.get(\"message\", \"\")\n        screen: str = response.get(\"screen\", \"\")\n        stacktrace = None\n        if isinstance(status, int):\n            value_json = response.get(\"value\", None)\n            if value_json and isinstance(value_json, str):\n                import json\n    \n                try:\n                    value = json.loads(value_json)\n                    if len(value) == 1:\n                        value = value[\"value\"]\n                    status = value.get(\"error\", None)\n                    if not status:\n                        status = value.get(\"status\", ErrorCode.UNKNOWN_ERROR)\n                        message = value.get(\"value\") or value.get(\"message\")\n                        if not isinstance(message, str):\n                            value = message\n                            message = message.get(\"message\")\n                    else:\n                        message = value.get(\"message\", None)\n                except ValueError:\n                    pass\n    \n        exception_class: Type[WebDriverException]\n        if status in ErrorCode.NO_SUCH_ELEMENT:\n            exception_class = NoSuchElementException\n        elif status in ErrorCode.NO_SUCH_FRAME:\n            exception_class = NoSuchFrameException\n        elif status in ErrorCode.NO_SUCH_SHADOW_ROOT:\n            exception_class = NoSuchShadowRootException\n        elif status in ErrorCode.NO_SUCH_WINDOW:\n            exception_class = NoSuchWindowException\n        elif status in ErrorCode.STALE_ELEMENT_REFERENCE:\n            exception_class = StaleElementReferenceException\n        elif status in ErrorCode.ELEMENT_NOT_VISIBLE:\n            exception_class = ElementNotVisibleException\n        elif status in ErrorCode.INVALID_ELEMENT_STATE:\n            exception_class = InvalidElementStateException\n        elif (\n            status in ErrorCode.INVALID_SELECTOR\n            or status in ErrorCode.INVALID_XPATH_SELECTOR\n            or status in ErrorCode.INVALID_XPATH_SELECTOR_RETURN_TYPER\n        ):\n            exception_class = InvalidSelectorException\n        elif status in ErrorCode.ELEMENT_IS_NOT_SELECTABLE:\n            exception_class = ElementNotSelectableException\n        elif status in ErrorCode.ELEMENT_NOT_INTERACTABLE:\n            exception_class = ElementNotInteractableException\n        elif status in ErrorCode.INVALID_COOKIE_DOMAIN:\n            exception_class = InvalidCookieDomainException\n        elif status in ErrorCode.UNABLE_TO_SET_COOKIE:\n            exception_class = UnableToSetCookieException\n        elif status in ErrorCode.TIMEOUT:\n            exception_class = TimeoutException\n        elif status in ErrorCode.SCRIPT_TIMEOUT:\n            exception_class = TimeoutException\n        elif status in ErrorCode.UNKNOWN_ERROR:\n            exception_class = WebDriverException\n        elif status in ErrorCode.UNEXPECTED_ALERT_OPEN:\n            exception_class = UnexpectedAlertPresentException\n        elif status in ErrorCode.NO_ALERT_OPEN:\n            exception_class = NoAlertPresentException\n        elif status in ErrorCode.IME_NOT_AVAILABLE:\n            exception_class = ImeNotAvailableException\n        elif status in ErrorCode.IME_ENGINE_ACTIVATION_FAILED:\n            exception_class = ImeActivationFailedException\n        elif status in ErrorCode.MOVE_TARGET_OUT_OF_BOUNDS:\n            exception_class = MoveTargetOutOfBoundsException\n        elif status in ErrorCode.JAVASCRIPT_ERROR:\n            exception_class = JavascriptException\n        elif status in ErrorCode.SESSION_NOT_CREATED:\n            exception_class = SessionNotCreatedException\n        elif status in ErrorCode.INVALID_ARGUMENT:\n            exception_class = InvalidArgumentException\n        elif status in ErrorCode.NO_SUCH_COOKIE:\n            exception_class = NoSuchCookieException\n        elif status in ErrorCode.UNABLE_TO_CAPTURE_SCREEN:\n            exception_class = ScreenshotException\n        elif status in ErrorCode.ELEMENT_CLICK_INTERCEPTED:\n            exception_class = ElementClickInterceptedException\n        elif status in ErrorCode.INSECURE_CERTIFICATE:\n            exception_class = InsecureCertificateException\n        elif status in ErrorCode.INVALID_COORDINATES:\n            exception_class = InvalidCoordinatesException\n        elif status in ErrorCode.INVALID_SESSION_ID:\n            exception_class = InvalidSessionIdException\n        elif status in ErrorCode.UNKNOWN_METHOD:\n            exception_class = UnknownMethodException\n        else:\n            exception_class = WebDriverException\n        if not value:\n            value = response[\"value\"]\n        if isinstance(value, str):\n            raise exception_class(value)\n        if message == \"\" and \"message\" in value:\n            message = value[\"message\"]\n    \n        screen = None  # type: ignore[assignment]\n        if \"screen\" in value:\n            screen = value[\"screen\"]\n    \n        stacktrace = None\n        st_value = value.get(\"stackTrace\") or value.get(\"stacktrace\")\n        if st_value:\n            if isinstance(st_value, str):\n                stacktrace = st_value.split(\"\\n\")\n            else:\n                stacktrace = []\n                try:\n                    for frame in st_value:\n                        line = frame.get(\"lineNumber\", \"\")\n                        file = frame.get(\"fileName\", \"<anonymous>\")\n                        if line:\n                            file = f\"{file}:{line}\"\n                        meth = frame.get(\"methodName\", \"<anonymous>\")\n                        if \"className\" in frame:\n                            meth = f\"{frame['className']}.{meth}\"\n                        msg = \"    at %s (%s)\"\n                        msg = msg % (meth, file)\n                        stacktrace.append(msg)\n                except TypeError:\n                    pass\n        if exception_class == UnexpectedAlertPresentException:\n            alert_text = None\n            if \"data\" in value:\n                alert_text = value[\"data\"].get(\"text\")\n            elif \"alert\" in value:\n                alert_text = value[\"alert\"].get(\"text\")\n            raise exception_class(message, screen, stacktrace, alert_text)  # type: ignore[call-arg]  # mypy is not smart enough here\n>       raise exception_class(message, screen, stacktrace)\nE       selenium.common.exceptions.NoSuchElementException: Message: no such element: Unable to locate element: {\"method\":\"xpath\",\"selector\":\"(//a[@class='add-to-cart yellow-btn'])[1]\"}\nE         (Session info: headless chrome=116.0.5845.96); For documentation on this error, please visit: https://www.selenium.dev/documentation/webdriver/troubleshooting/errors#no-such-element-exception\nE       Stacktrace:\nE       #0 0x55ec9501ee23 <unknown>\nE       #1 0x55ec94d477a7 <unknown>\nE       #2 0x55ec94d861d3 <unknown>\nE       #3 0x55ec94d862c1 <unknown>\nE       #4 0x55ec94dc1a04 <unknown>\nE       #5 0x55ec94da703d <unknown>\nE       #6 0x55ec94dbf369 <unknown>\nE       #7 0x55ec94da6de3 <unknown>\nE       #8 0x55ec94d7aa7b <unknown>\nE       #9 0x55ec94d7b81e <unknown>\nE       #10 0x55ec94fe0638 <unknown>\nE       #11 0x55ec94fe4507 <unknown>\nE       #12 0x55ec94feec4c <unknown>\nE       #13 0x55ec94fe5136 <unknown>\nE       #14 0x55ec94fb39cf <unknown>\nE       #15 0x55ec95008b98 <unknown>\nE       #16 0x55ec95008d68 <unknown>\nE       #17 0x55ec95017cb3 <unknown>\nE       #18 0x7fd9e3b23044 <unknown>\n\n/usr/local/lib/python3.11/site-packages/selenium/webdriver/remote/errorhandler.py:245: NoSuchElementException","flaky":false,"newFailed":false,"newBroken":false,"newPassed":false,"retriesCount":0,"retriesStatusChange":false,"beforeStages":[{"name":"_session_faker","time":{"start":1694048388041,"stop":1694048388137,"duration":96},"status":"passed","steps":[],"attachments":[],"parameters":[],"attachmentsCount":0,"hasContent":false,"shouldDisplayMessage":false,"stepsCount":0},{"name":"clear_allure_results_folder","time":{"start":1694048388137,"stop":1694048388138,"duration":1},"status":"passed","steps":[],"attachments":[],"parameters":[],"attachmentsCount":0,"hasContent":false,"shouldDisplayMessage":false,"stepsCount":0},{"name":"driver","time":{"start":1694048976585,"stop":1694048977398,"duration":813},"status":"passed","steps":[],"attachments":[],"parameters":[],"attachmentsCount":0,"hasContent":false,"shouldDisplayMessage":false,"stepsCount":0},{"name":"setup","time":{"start":1694048977399,"stop":1694048977399,"duration":0},"status":"passed","steps":[],"attachments":[],"parameters":[],"attachmentsCount":0,"hasContent":false,"shouldDisplayMessage":false,"stepsCount":0}],"testStage":{"status":"broken","statusMessage":"selenium.common.exceptions.NoSuchElementException: Message: no such element: Unable to locate element: {\"method\":\"xpath\",\"selector\":\"(//a[@class='add-to-cart yellow-btn'])[1]\"}\n  (Session info: headless chrome=116.0.5845.96); For documentation on this error, please visit: https://www.selenium.dev/documentation/webdriver/troubleshooting/errors#no-such-element-exception\nStacktrace:\n#0 0x55ec9501ee23 <unknown>\n#1 0x55ec94d477a7 <unknown>\n#2 0x55ec94d861d3 <unknown>\n#3 0x55ec94d862c1 <unknown>\n#4 0x55ec94dc1a04 <unknown>\n#5 0x55ec94da703d <unknown>\n#6 0x55ec94dbf369 <unknown>\n#7 0x55ec94da6de3 <unknown>\n#8 0x55ec94d7aa7b <unknown>\n#9 0x55ec94d7b81e <unknown>\n#10 0x55ec94fe0638 <unknown>\n#11 0x55ec94fe4507 <unknown>\n#12 0x55ec94feec4c <unknown>\n#13 0x55ec94fe5136 <unknown>\n#14 0x55ec94fb39cf <unknown>\n#15 0x55ec95008b98 <unknown>\n#16 0x55ec95008d68 <unknown>\n#17 0x55ec95017cb3 <unknown>\n#18 0x7fd9e3b23044 <unknown>","statusTrace":"self = <tests.delivery.test_delivery_calculation.TestDeliveryPageCalculation object at 0x7f5790bec410>\ndriver = <selenium.webdriver.chrome.webdriver.WebDriver (session=\"5c828ac21b89ddd2c773030918f1f137\")>\nurl = 'https://sandboxtest.stroyrem-nn.ru/', case_id = 'TD 008'\nlink_item = 'products/shtukaturka-gipsovaya-aksolit-m50-30-kg-mashinnogo-naneseniya'\namount = 149, weight = 4500, standard = 2300, in_time = 3980, all_time = 4490\n\n    @pytest.mark.parametrize('case_id, link_item, amount, weight, standard, in_time, all_time', [\n        (\"TD 001\", uroven_3000, 1, 30, 0, 1590, 2190),\n        (\"TD 002\", bundeks_25, 1, 30, 400, 1590, 2190),\n        (\"TD 003\", aksolit_30, 8, 300, 400, 1590, 2190),\n        (\"TD 004\", aksolit_30, 13, 400, 450, 1590, 2190),\n        (\"TD 005\", aksolit_30, 16, 500, 600, 1590, 2190),\n        (\"TD 006\", aksolit_30, 25, 1700, 990, 1990, 2480),\n        (\"TD 007\", aksolit_30, 66, 2000, 1300, 2490, 2980),\n        (\"TD 008\", aksolit_30, 149, 4500, 2300, 3980, 4490),\n        (\"TD 009\", aksolit_30, 166, 5000, 2500, 4990, 5480),\n        pytest.param(\n            \"TD 010\", aksolit_30, 206, 6200, 2900, 5570, 6120,\n            marks=pytest.mark.xfail(reson=\"Цена доставки 3600 7960 8980\")\n        ),\n        (\"TD 011\", aksolit_30, 299, 9000, 3600, 7960, 8980),\n        (\"TD 012\", aksolit_30, 333, 10000, 4450, 11990, 12500),\n        pytest.param(\n            \"TD 013\", aksolit_30, 366, 11000, 4800, 12450, 13480,\n            marks=pytest.mark.xfail(reason=\"Цена стандартной доставки 4450\")\n        ),\n        pytest.param(\n            \"TD 014\", aksolit_30, 666, 20000, 5400, 15600, 17490,\n            marks=pytest.mark.xfail(reason=\"Цена стандартной доставки 4450\")\n        )\n    ])\n    @pytest.mark.smoke\n    def test_positive_delivery_green_zone_smoke(\n            self, driver, url, case_id, link_item, amount, weight, standard, in_time, all_time\n    ):\n    \n        driver.get(f'{url}{link_item}')\n        item_page = ItemPage(driver)\n>       item_page.add_item_to_cart(amount).click_on_cart()\n\ntests/delivery/test_delivery_calculation.py:49: \n_ _ _ _ _ _ _ _ _ _ _ _ _ _ _ _ _ _ _ _ _ _ _ _ _ _ _ _ _ _ _ _ _ _ _ _ _ _ _ _ \npages/item_page.py:40: in add_item_to_cart\n    self.find_element(self._add_item).click()\nbase/seleniumbase.py:17: in find_element\n    return self.driver.find_element(*locator)\n/usr/local/lib/python3.11/site-packages/selenium/webdriver/remote/webdriver.py:740: in find_element\n    return self.execute(Command.FIND_ELEMENT, {\"using\": by, \"value\": value})[\"value\"]\n/usr/local/lib/python3.11/site-packages/selenium/webdriver/remote/webdriver.py:346: in execute\n    self.error_handler.check_response(response)\n_ _ _ _ _ _ _ _ _ _ _ _ _ _ _ _ _ _ _ _ _ _ _ _ _ _ _ _ _ _ _ _ _ _ _ _ _ _ _ _ \n\nself = <selenium.webdriver.remote.errorhandler.ErrorHandler object at 0x7f579170cf90>\nresponse = {'status': 404, 'value': '{\"value\":{\"error\":\"no such element\",\"message\":\"no such element: Unable to locate element: {\\...\\\\n#16 0x55ec95008d68 \\\\u003Cunknown>\\\\n#17 0x55ec95017cb3 \\\\u003Cunknown>\\\\n#18 0x7fd9e3b23044 \\\\u003Cunknown>\\\\n\"}}'}\n\n    def check_response(self, response: Dict[str, Any]) -> None:\n        \"\"\"Checks that a JSON response from the WebDriver does not have an\n        error.\n    \n        :Args:\n         - response - The JSON response from the WebDriver server as a dictionary\n           object.\n    \n        :Raises: If the response contains an error message.\n        \"\"\"\n        status = response.get(\"status\", None)\n        if not status or status == ErrorCode.SUCCESS:\n            return\n        value = None\n        message = response.get(\"message\", \"\")\n        screen: str = response.get(\"screen\", \"\")\n        stacktrace = None\n        if isinstance(status, int):\n            value_json = response.get(\"value\", None)\n            if value_json and isinstance(value_json, str):\n                import json\n    \n                try:\n                    value = json.loads(value_json)\n                    if len(value) == 1:\n                        value = value[\"value\"]\n                    status = value.get(\"error\", None)\n                    if not status:\n                        status = value.get(\"status\", ErrorCode.UNKNOWN_ERROR)\n                        message = value.get(\"value\") or value.get(\"message\")\n                        if not isinstance(message, str):\n                            value = message\n                            message = message.get(\"message\")\n                    else:\n                        message = value.get(\"message\", None)\n                except ValueError:\n                    pass\n    \n        exception_class: Type[WebDriverException]\n        if status in ErrorCode.NO_SUCH_ELEMENT:\n            exception_class = NoSuchElementException\n        elif status in ErrorCode.NO_SUCH_FRAME:\n            exception_class = NoSuchFrameException\n        elif status in ErrorCode.NO_SUCH_SHADOW_ROOT:\n            exception_class = NoSuchShadowRootException\n        elif status in ErrorCode.NO_SUCH_WINDOW:\n            exception_class = NoSuchWindowException\n        elif status in ErrorCode.STALE_ELEMENT_REFERENCE:\n            exception_class = StaleElementReferenceException\n        elif status in ErrorCode.ELEMENT_NOT_VISIBLE:\n            exception_class = ElementNotVisibleException\n        elif status in ErrorCode.INVALID_ELEMENT_STATE:\n            exception_class = InvalidElementStateException\n        elif (\n            status in ErrorCode.INVALID_SELECTOR\n            or status in ErrorCode.INVALID_XPATH_SELECTOR\n            or status in ErrorCode.INVALID_XPATH_SELECTOR_RETURN_TYPER\n        ):\n            exception_class = InvalidSelectorException\n        elif status in ErrorCode.ELEMENT_IS_NOT_SELECTABLE:\n            exception_class = ElementNotSelectableException\n        elif status in ErrorCode.ELEMENT_NOT_INTERACTABLE:\n            exception_class = ElementNotInteractableException\n        elif status in ErrorCode.INVALID_COOKIE_DOMAIN:\n            exception_class = InvalidCookieDomainException\n        elif status in ErrorCode.UNABLE_TO_SET_COOKIE:\n            exception_class = UnableToSetCookieException\n        elif status in ErrorCode.TIMEOUT:\n            exception_class = TimeoutException\n        elif status in ErrorCode.SCRIPT_TIMEOUT:\n            exception_class = TimeoutException\n        elif status in ErrorCode.UNKNOWN_ERROR:\n            exception_class = WebDriverException\n        elif status in ErrorCode.UNEXPECTED_ALERT_OPEN:\n            exception_class = UnexpectedAlertPresentException\n        elif status in ErrorCode.NO_ALERT_OPEN:\n            exception_class = NoAlertPresentException\n        elif status in ErrorCode.IME_NOT_AVAILABLE:\n            exception_class = ImeNotAvailableException\n        elif status in ErrorCode.IME_ENGINE_ACTIVATION_FAILED:\n            exception_class = ImeActivationFailedException\n        elif status in ErrorCode.MOVE_TARGET_OUT_OF_BOUNDS:\n            exception_class = MoveTargetOutOfBoundsException\n        elif status in ErrorCode.JAVASCRIPT_ERROR:\n            exception_class = JavascriptException\n        elif status in ErrorCode.SESSION_NOT_CREATED:\n            exception_class = SessionNotCreatedException\n        elif status in ErrorCode.INVALID_ARGUMENT:\n            exception_class = InvalidArgumentException\n        elif status in ErrorCode.NO_SUCH_COOKIE:\n            exception_class = NoSuchCookieException\n        elif status in ErrorCode.UNABLE_TO_CAPTURE_SCREEN:\n            exception_class = ScreenshotException\n        elif status in ErrorCode.ELEMENT_CLICK_INTERCEPTED:\n            exception_class = ElementClickInterceptedException\n        elif status in ErrorCode.INSECURE_CERTIFICATE:\n            exception_class = InsecureCertificateException\n        elif status in ErrorCode.INVALID_COORDINATES:\n            exception_class = InvalidCoordinatesException\n        elif status in ErrorCode.INVALID_SESSION_ID:\n            exception_class = InvalidSessionIdException\n        elif status in ErrorCode.UNKNOWN_METHOD:\n            exception_class = UnknownMethodException\n        else:\n            exception_class = WebDriverException\n        if not value:\n            value = response[\"value\"]\n        if isinstance(value, str):\n            raise exception_class(value)\n        if message == \"\" and \"message\" in value:\n            message = value[\"message\"]\n    \n        screen = None  # type: ignore[assignment]\n        if \"screen\" in value:\n            screen = value[\"screen\"]\n    \n        stacktrace = None\n        st_value = value.get(\"stackTrace\") or value.get(\"stacktrace\")\n        if st_value:\n            if isinstance(st_value, str):\n                stacktrace = st_value.split(\"\\n\")\n            else:\n                stacktrace = []\n                try:\n                    for frame in st_value:\n                        line = frame.get(\"lineNumber\", \"\")\n                        file = frame.get(\"fileName\", \"<anonymous>\")\n                        if line:\n                            file = f\"{file}:{line}\"\n                        meth = frame.get(\"methodName\", \"<anonymous>\")\n                        if \"className\" in frame:\n                            meth = f\"{frame['className']}.{meth}\"\n                        msg = \"    at %s (%s)\"\n                        msg = msg % (meth, file)\n                        stacktrace.append(msg)\n                except TypeError:\n                    pass\n        if exception_class == UnexpectedAlertPresentException:\n            alert_text = None\n            if \"data\" in value:\n                alert_text = value[\"data\"].get(\"text\")\n            elif \"alert\" in value:\n                alert_text = value[\"alert\"].get(\"text\")\n            raise exception_class(message, screen, stacktrace, alert_text)  # type: ignore[call-arg]  # mypy is not smart enough here\n>       raise exception_class(message, screen, stacktrace)\nE       selenium.common.exceptions.NoSuchElementException: Message: no such element: Unable to locate element: {\"method\":\"xpath\",\"selector\":\"(//a[@class='add-to-cart yellow-btn'])[1]\"}\nE         (Session info: headless chrome=116.0.5845.96); For documentation on this error, please visit: https://www.selenium.dev/documentation/webdriver/troubleshooting/errors#no-such-element-exception\nE       Stacktrace:\nE       #0 0x55ec9501ee23 <unknown>\nE       #1 0x55ec94d477a7 <unknown>\nE       #2 0x55ec94d861d3 <unknown>\nE       #3 0x55ec94d862c1 <unknown>\nE       #4 0x55ec94dc1a04 <unknown>\nE       #5 0x55ec94da703d <unknown>\nE       #6 0x55ec94dbf369 <unknown>\nE       #7 0x55ec94da6de3 <unknown>\nE       #8 0x55ec94d7aa7b <unknown>\nE       #9 0x55ec94d7b81e <unknown>\nE       #10 0x55ec94fe0638 <unknown>\nE       #11 0x55ec94fe4507 <unknown>\nE       #12 0x55ec94feec4c <unknown>\nE       #13 0x55ec94fe5136 <unknown>\nE       #14 0x55ec94fb39cf <unknown>\nE       #15 0x55ec95008b98 <unknown>\nE       #16 0x55ec95008d68 <unknown>\nE       #17 0x55ec95017cb3 <unknown>\nE       #18 0x7fd9e3b23044 <unknown>\n\n/usr/local/lib/python3.11/site-packages/selenium/webdriver/remote/errorhandler.py:245: NoSuchElementException","steps":[{"name":"Добавляем товар в корзину в количестве 149","time":{"start":1694048977930,"stop":1694048977948,"duration":18},"status":"broken","statusMessage":"selenium.common.exceptions.NoSuchElementException: Message: no such element: Unable to locate element: {\"method\":\"xpath\",\"selector\":\"(//a[@class='add-to-cart yellow-btn'])[1]\"}\n  (Session info: headless chrome=116.0.5845.96); For documentation on this error, please visit: https://www.selenium.dev/documentation/webdriver/troubleshooting/errors#no-such-element-exception\nStacktrace:\n#0 0x55ec9501ee23 <unknown>\n#1 0x55ec94d477a7 <unknown>\n#2 0x55ec94d861d3 <unknown>\n#3 0x55ec94d862c1 <unknown>\n#4 0x55ec94dc1a04 <unknown>\n#5 0x55ec94da703d <unknown>\n#6 0x55ec94dbf369 <unknown>\n#7 0x55ec94da6de3 <unknown>\n#8 0x55ec94d7aa7b <unknown>\n#9 0x55ec94d7b81e <unknown>\n#10 0x55ec94fe0638 <unknown>\n#11 0x55ec94fe4507 <unknown>\n#12 0x55ec94feec4c <unknown>\n#13 0x55ec94fe5136 <unknown>\n#14 0x55ec94fb39cf <unknown>\n#15 0x55ec95008b98 <unknown>\n#16 0x55ec95008d68 <unknown>\n#17 0x55ec95017cb3 <unknown>\n#18 0x7fd9e3b23044 <unknown>\n\n","statusTrace":"  File \"/usr/local/lib/python3.11/site-packages/allure_commons/_allure.py\", line 192, in impl\n    return func(*a, **kw)\n           ^^^^^^^^^^^^^^\n  File \"/app/pages/item_page.py\", line 40, in add_item_to_cart\n    self.find_element(self._add_item).click()\n    ^^^^^^^^^^^^^^^^^^^^^^^^^^^^^^^^^\n  File \"/app/base/seleniumbase.py\", line 17, in find_element\n    return self.driver.find_element(*locator)\n           ^^^^^^^^^^^^^^^^^^^^^^^^^^^^^^^^^^\n  File \"/usr/local/lib/python3.11/site-packages/selenium/webdriver/remote/webdriver.py\", line 740, in find_element\n    return self.execute(Command.FIND_ELEMENT, {\"using\": by, \"value\": value})[\"value\"]\n           ^^^^^^^^^^^^^^^^^^^^^^^^^^^^^^^^^^^^^^^^^^^^^^^^^^^^^^^^^^^^^^^^^\n  File \"/usr/local/lib/python3.11/site-packages/selenium/webdriver/remote/webdriver.py\", line 346, in execute\n    self.error_handler.check_response(response)\n  File \"/usr/local/lib/python3.11/site-packages/selenium/webdriver/remote/errorhandler.py\", line 245, in check_response\n    raise exception_class(message, screen, stacktrace)\n","steps":[],"attachments":[],"parameters":[{"name":"amount","value":"149"}],"attachmentsCount":0,"hasContent":true,"shouldDisplayMessage":true,"stepsCount":0}],"attachments":[{"uid":"7e1edda8fc723f9d","name":"Screenshot","source":"7e1edda8fc723f9d.png","type":"image/png","size":39917},{"uid":"94c2ae23a3c255aa","name":"HTML source","source":"94c2ae23a3c255aa.html","type":"text/html","size":544}],"parameters":[],"attachmentsCount":2,"hasContent":true,"shouldDisplayMessage":true,"stepsCount":1},"afterStages":[{"name":"setup::0","time":{"start":1694048978092,"stop":1694048978092,"duration":0},"status":"passed","steps":[],"attachments":[],"parameters":[],"attachmentsCount":0,"hasContent":false,"shouldDisplayMessage":false,"stepsCount":0},{"name":"driver::0","time":{"start":1694048978093,"stop":1694048978154,"duration":61},"status":"passed","steps":[],"attachments":[],"parameters":[],"attachmentsCount":0,"hasContent":false,"shouldDisplayMessage":false,"stepsCount":0}],"labels":[{"name":"epic","value":"Delivery Page - calculation"},{"name":"tag","value":"smoke"},{"name":"parentSuite","value":"tests.delivery"},{"name":"suite","value":"test_delivery_calculation"},{"name":"subSuite","value":"TestDeliveryPageCalculation"},{"name":"host","value":"60deaa3afbff"},{"name":"thread","value":"1-MainThread"},{"name":"framework","value":"pytest"},{"name":"language","value":"cpython3"},{"name":"package","value":"tests.delivery.test_delivery_calculation"},{"name":"resultFormat","value":"allure2"}],"parameters":[{"name":"all_time","value":"4490"},{"name":"amount","value":"149"},{"name":"case_id","value":"'TD 008'"},{"name":"in_time","value":"3980"},{"name":"link_item","value":"'products/shtukaturka-gipsovaya-aksolit-m50-30-kg-mashinnogo-naneseniya'"},{"name":"standard","value":"2300"},{"name":"url","value":"'https://sandboxtest.stroyrem-nn.ru/'"},{"name":"weight","value":"4500"}],"links":[],"hidden":false,"retry":false,"extra":{"severity":"normal","retries":[],"categories":[{"name":"Test defects","matchedStatuses":[],"flaky":false}],"history":{"statistic":{"failed":0,"broken":8,"skipped":0,"passed":0,"unknown":0,"total":8},"items":[{"uid":"581b43f94147f4e9","reportUrl":"https://zaelcovsky.github.io/StroyremAutomation/71//#testresult/581b43f94147f4e9","status":"broken","statusDetails":"selenium.common.exceptions.ElementNotInteractableException: Message: element not interactable\n  (Session info: headless chrome=116.0.5845.96)\nStacktrace:\n#0 0x55c61ece5e23 <unknown>\n#1 0x55c61ea0e5f6 <unknown>\n#2 0x55c61ea44c5d <unknown>\n#3 0x55c61ea6e012 <unknown>\n#4 0x55c61ea42fb6 <unknown>\n#5 0x55c61ea6e1de <unknown>\n#6 0x55c61ea86369 <unknown>\n#7 0x55c61ea6dde3 <unknown>\n#8 0x55c61ea41a7b <unknown>\n#9 0x55c61ea4281e <unknown>\n#10 0x55c61eca7638 <unknown>\n#11 0x55c61ecab507 <unknown>\n#12 0x55c61ecb5c4c <unknown>\n#13 0x55c61ecac136 <unknown>\n#14 0x55c61ec7a9cf <unknown>\n#15 0x55c61eccfb98 <unknown>\n#16 0x55c61eccfd68 <unknown>\n#17 0x55c61ecdecb3 <unknown>\n#18 0x7f50f9c3a044 <unknown>","time":{"start":1693962719449,"stop":1693962725665,"duration":6216}},{"uid":"bb37f2eda0a93043","reportUrl":"https://zaelcovsky.github.io/StroyremAutomation/70//#testresult/bb37f2eda0a93043","status":"broken","statusDetails":"selenium.common.exceptions.NoSuchElementException: Message: no such element: Unable to locate element: {\"method\":\"xpath\",\"selector\":\"(//a[@class='add-to-cart yellow-btn'])[1]\"}\n  (Session info: headless chrome=116.0.5845.96); For documentation on this error, please visit: https://www.selenium.dev/documentation/webdriver/troubleshooting/errors#no-such-element-exception\nStacktrace:\n#0 0x55744062be23 <unknown>\n#1 0x5574403547a7 <unknown>\n#2 0x5574403931d3 <unknown>\n#3 0x5574403932c1 <unknown>\n#4 0x5574403cea04 <unknown>\n#5 0x5574403b403d <unknown>\n#6 0x5574403cc369 <unknown>\n#7 0x5574403b3de3 <unknown>\n#8 0x557440387a7b <unknown>\n#9 0x55744038881e <unknown>\n#10 0x5574405ed638 <unknown>\n#11 0x5574405f1507 <unknown>\n#12 0x5574405fbc4c <unknown>\n#13 0x5574405f2136 <unknown>\n#14 0x5574405c09cf <unknown>\n#15 0x557440615b98 <unknown>\n#16 0x557440615d68 <unknown>\n#17 0x557440624cb3 <unknown>\n#18 0x7f9ebf3b5044 <unknown>","time":{"start":1693876187833,"stop":1693876192585,"duration":4752}},{"uid":"f3fff402f390ab8","reportUrl":"https://zaelcovsky.github.io/StroyremAutomation/69//#testresult/f3fff402f390ab8","status":"broken","statusDetails":"selenium.common.exceptions.ElementNotInteractableException: Message: element not interactable\n  (Session info: headless chrome=116.0.5845.96)\nStacktrace:\n#0 0x560ec3afbe23 <unknown>\n#1 0x560ec38245f6 <unknown>\n#2 0x560ec385ac5d <unknown>\n#3 0x560ec3884012 <unknown>\n#4 0x560ec3858fb6 <unknown>\n#5 0x560ec38841de <unknown>\n#6 0x560ec389c369 <unknown>\n#7 0x560ec3883de3 <unknown>\n#8 0x560ec3857a7b <unknown>\n#9 0x560ec385881e <unknown>\n#10 0x560ec3abd638 <unknown>\n#11 0x560ec3ac1507 <unknown>\n#12 0x560ec3acbc4c <unknown>\n#13 0x560ec3ac2136 <unknown>\n#14 0x560ec3a909cf <unknown>\n#15 0x560ec3ae5b98 <unknown>\n#16 0x560ec3ae5d68 <unknown>\n#17 0x560ec3af4cb3 <unknown>\n#18 0x7f7a5c856044 <unknown>","time":{"start":1693790029062,"stop":1693790035553,"duration":6491}},{"uid":"974e724bb64eef11","reportUrl":"https://zaelcovsky.github.io/StroyremAutomation/68//#testresult/974e724bb64eef11","status":"broken","statusDetails":"selenium.common.exceptions.ElementNotInteractableException: Message: element not interactable\n  (Session info: headless chrome=116.0.5845.96)\nStacktrace:\n#0 0x5636a971be23 <unknown>\n#1 0x5636a94445f6 <unknown>\n#2 0x5636a947ac5d <unknown>\n#3 0x5636a94a4012 <unknown>\n#4 0x5636a9478fb6 <unknown>\n#5 0x5636a94a41de <unknown>\n#6 0x5636a94bc369 <unknown>\n#7 0x5636a94a3de3 <unknown>\n#8 0x5636a9477a7b <unknown>\n#9 0x5636a947881e <unknown>\n#10 0x5636a96dd638 <unknown>\n#11 0x5636a96e1507 <unknown>\n#12 0x5636a96ebc4c <unknown>\n#13 0x5636a96e2136 <unknown>\n#14 0x5636a96b09cf <unknown>\n#15 0x5636a9705b98 <unknown>\n#16 0x5636a9705d68 <unknown>\n#17 0x5636a9714cb3 <unknown>\n#18 0x7f1097f1b044 <unknown>","time":{"start":1693703610556,"stop":1693703616074,"duration":5518}},{"uid":"f9eeb09cbe921641","reportUrl":"https://zaelcovsky.github.io/StroyremAutomation/67//#testresult/f9eeb09cbe921641","status":"broken","statusDetails":"selenium.common.exceptions.WebDriverException: Message: unknown error: net::ERR_CONNECTION_REFUSED\n  (Session info: headless chrome=116.0.5845.96)\nStacktrace:\n#0 0x560905d35e23 <unknown>\n#1 0x560905a5e7a7 <unknown>\n#2 0x560905a56829 <unknown>\n#3 0x560905a462c2 <unknown>\n#4 0x560905a479fb <unknown>\n#5 0x560905a4669d <unknown>\n#6 0x560905a4565c <unknown>\n#7 0x560905a455ce <unknown>\n#8 0x560905a4428a <unknown>\n#9 0x560905a446da <unknown>\n#10 0x560905a60630 <unknown>\n#11 0x560905ad6b15 <unknown>\n#12 0x560905abe012 <unknown>\n#13 0x560905ad6369 <unknown>\n#14 0x560905abdde3 <unknown>\n#15 0x560905a91a7b <unknown>\n#16 0x560905a9281e <unknown>\n#17 0x560905cf7638 <unknown>\n#18 0x560905cfb507 <unknown>\n#19 0x560905d05c4c <unknown>\n#20 0x560905cfc136 <unknown>\n#21 0x560905cca9cf <unknown>\n#22 0x560905d1fb98 <unknown>\n#23 0x560905d1fd68 <unknown>\n#24 0x560905d2ecb3 <unknown>\n#25 0x7f558570d044 <unknown>","time":{"start":1693616895531,"stop":1693616895751,"duration":220}},{"uid":"15f3a4302eac106c","reportUrl":"https://zaelcovsky.github.io/StroyremAutomation/66//#testresult/15f3a4302eac106c","status":"broken","statusDetails":"selenium.common.exceptions.WebDriverException: Message: unknown error: net::ERR_CONNECTION_REFUSED\n  (Session info: headless chrome=116.0.5845.96)\nStacktrace:\n#0 0x55e563c29e23 <unknown>\n#1 0x55e5639527a7 <unknown>\n#2 0x55e56394a829 <unknown>\n#3 0x55e56393a2c2 <unknown>\n#4 0x55e56393b9fb <unknown>\n#5 0x55e56393a69d <unknown>\n#6 0x55e56393965c <unknown>\n#7 0x55e5639395ce <unknown>\n#8 0x55e56393828a <unknown>\n#9 0x55e5639386da <unknown>\n#10 0x55e563954630 <unknown>\n#11 0x55e5639cab15 <unknown>\n#12 0x55e5639b2012 <unknown>\n#13 0x55e5639ca369 <unknown>\n#14 0x55e5639b1de3 <unknown>\n#15 0x55e563985a7b <unknown>\n#16 0x55e56398681e <unknown>\n#17 0x55e563beb638 <unknown>\n#18 0x55e563bef507 <unknown>\n#19 0x55e563bf9c4c <unknown>\n#20 0x55e563bf0136 <unknown>\n#21 0x55e563bbe9cf <unknown>\n#22 0x55e563c13b98 <unknown>\n#23 0x55e563c13d68 <unknown>\n#24 0x55e563c22cb3 <unknown>\n#25 0x7fc60662e044 <unknown>","time":{"start":1693530796617,"stop":1693530796974,"duration":357}},{"uid":"fc18cc6d0b1257e","reportUrl":"https://zaelcovsky.github.io/StroyremAutomation/9//#testresult/fc18cc6d0b1257e","status":"broken","statusDetails":"selenium.common.exceptions.ElementNotInteractableException: Message: element not interactable\n  (Session info: headless chrome=116.0.5845.96)\nStacktrace:\n#0 0x560f36dcce23 <unknown>\n#1 0x560f36af55f6 <unknown>\n#2 0x560f36b2bc5d <unknown>\n#3 0x560f36b55012 <unknown>\n#4 0x560f36b29fb6 <unknown>\n#5 0x560f36b551de <unknown>\n#6 0x560f36b6d369 <unknown>\n#7 0x560f36b54de3 <unknown>\n#8 0x560f36b28a7b <unknown>\n#9 0x560f36b2981e <unknown>\n#10 0x560f36d8e638 <unknown>\n#11 0x560f36d92507 <unknown>\n#12 0x560f36d9cc4c <unknown>\n#13 0x560f36d93136 <unknown>\n#14 0x560f36d619cf <unknown>\n#15 0x560f36db6b98 <unknown>\n#16 0x560f36db6d68 <unknown>\n#17 0x560f36dc5cb3 <unknown>\n#18 0x7f925e003044 <unknown>","time":{"start":1693506944794,"stop":1693506949023,"duration":4229}}]},"tags":["smoke"]},"source":"94d4726051f1d8a3.json","parameterValues":["4490","149","'TD 008'","3980","'products/shtukaturka-gipsovaya-aksolit-m50-30-kg-mashinnogo-naneseniya'","2300","'https://sandboxtest.stroyrem-nn.ru/'","4500"]}