{"uid":"73ad4eaac8f5271c","name":"TC 005 - Функционал блока 'Советы от профессионалов ремонта'","fullName":"tests.test_main_page.TestMainPage#test_positive_building_advices2_smoke","historyId":"bdee61a288025e17b192e643677456fc","time":{"start":1708304605359,"stop":1708304605371,"duration":12},"status":"broken","statusMessage":"selenium.common.exceptions.NoSuchElementException: Message: no such element: Unable to locate element: {\"method\":\"xpath\",\"selector\":\"//div[@class='page-block articles-block']\"}\n  (Session info: chrome-headless-shell=121.0.6167.184); For documentation on this error, please visit: https://www.selenium.dev/documentation/webdriver/troubleshooting/errors#no-such-element-exception\nStacktrace:\n#0 0x561ee440c303 <unknown>\n#1 0x561ee40f12b7 <unknown>\n#2 0x561ee413ccc0 <unknown>\n#3 0x561ee413cdb1 <unknown>\n#4 0x561ee4180b44 <unknown>\n#5 0x561ee415f3ad <unknown>\n#6 0x561ee417e07c <unknown>\n#7 0x561ee415f123 <unknown>\n#8 0x561ee412f095 <unknown>\n#9 0x561ee413009e <unknown>\n#10 0x561ee43d06ab <unknown>\n#11 0x561ee43d44ba <unknown>\n#12 0x561ee43bcf85 <unknown>\n#13 0x561ee43d512f <unknown>\n#14 0x561ee43a0e6f <unknown>\n#15 0x561ee43f95f8 <unknown>\n#16 0x561ee43f97c2 <unknown>\n#17 0x561ee440b4a4 <unknown>\n#18 0x7f60bfd2c134 <unknown>","statusTrace":"self = <tests.test_main_page.TestMainPage object at 0x7f31db8c6bd0>\nmain_page = <pages.main_page.MainPage object at 0x7f31db8d4d90>\n\n    @allure.title(\"TC 005 - Функционал блока 'Советы от профессионалов ремонта'\")\n    @pytest.mark.smoke_test\n    def test_positive_building_advices2_smoke(self, main_page):\n>       items = main_page.get_building_advices_section()\n\ntests/test_main_page.py:55: \n_ _ _ _ _ _ _ _ _ _ _ _ _ _ _ _ _ _ _ _ _ _ _ _ _ _ _ _ _ _ _ _ _ _ _ _ _ _ _ _ \npages/main_page.py:78: in get_building_advices_section\n    section = self.driver.find_element(*self._building_advices_section)\n/usr/local/lib/python3.11/site-packages/selenium/webdriver/remote/webdriver.py:740: in find_element\n    return self.execute(Command.FIND_ELEMENT, {\"using\": by, \"value\": value})[\"value\"]\n/usr/local/lib/python3.11/site-packages/selenium/webdriver/remote/webdriver.py:346: in execute\n    self.error_handler.check_response(response)\n_ _ _ _ _ _ _ _ _ _ _ _ _ _ _ _ _ _ _ _ _ _ _ _ _ _ _ _ _ _ _ _ _ _ _ _ _ _ _ _ \n\nself = <selenium.webdriver.remote.errorhandler.ErrorHandler object at 0x7f31dc0d5690>\nresponse = {'status': 404, 'value': '{\"value\":{\"error\":\"no such element\",\"message\":\"no such element: Unable to locate element: {\\...\\\\n#16 0x561ee43f97c2 \\\\u003Cunknown>\\\\n#17 0x561ee440b4a4 \\\\u003Cunknown>\\\\n#18 0x7f60bfd2c134 \\\\u003Cunknown>\\\\n\"}}'}\n\n    def check_response(self, response: Dict[str, Any]) -> None:\n        \"\"\"Checks that a JSON response from the WebDriver does not have an\n        error.\n    \n        :Args:\n         - response - The JSON response from the WebDriver server as a dictionary\n           object.\n    \n        :Raises: If the response contains an error message.\n        \"\"\"\n        status = response.get(\"status\", None)\n        if not status or status == ErrorCode.SUCCESS:\n            return\n        value = None\n        message = response.get(\"message\", \"\")\n        screen: str = response.get(\"screen\", \"\")\n        stacktrace = None\n        if isinstance(status, int):\n            value_json = response.get(\"value\", None)\n            if value_json and isinstance(value_json, str):\n                import json\n    \n                try:\n                    value = json.loads(value_json)\n                    if len(value) == 1:\n                        value = value[\"value\"]\n                    status = value.get(\"error\", None)\n                    if not status:\n                        status = value.get(\"status\", ErrorCode.UNKNOWN_ERROR)\n                        message = value.get(\"value\") or value.get(\"message\")\n                        if not isinstance(message, str):\n                            value = message\n                            message = message.get(\"message\")\n                    else:\n                        message = value.get(\"message\", None)\n                except ValueError:\n                    pass\n    \n        exception_class: Type[WebDriverException]\n        if status in ErrorCode.NO_SUCH_ELEMENT:\n            exception_class = NoSuchElementException\n        elif status in ErrorCode.NO_SUCH_FRAME:\n            exception_class = NoSuchFrameException\n        elif status in ErrorCode.NO_SUCH_SHADOW_ROOT:\n            exception_class = NoSuchShadowRootException\n        elif status in ErrorCode.NO_SUCH_WINDOW:\n            exception_class = NoSuchWindowException\n        elif status in ErrorCode.STALE_ELEMENT_REFERENCE:\n            exception_class = StaleElementReferenceException\n        elif status in ErrorCode.ELEMENT_NOT_VISIBLE:\n            exception_class = ElementNotVisibleException\n        elif status in ErrorCode.INVALID_ELEMENT_STATE:\n            exception_class = InvalidElementStateException\n        elif (\n            status in ErrorCode.INVALID_SELECTOR\n            or status in ErrorCode.INVALID_XPATH_SELECTOR\n            or status in ErrorCode.INVALID_XPATH_SELECTOR_RETURN_TYPER\n        ):\n            exception_class = InvalidSelectorException\n        elif status in ErrorCode.ELEMENT_IS_NOT_SELECTABLE:\n            exception_class = ElementNotSelectableException\n        elif status in ErrorCode.ELEMENT_NOT_INTERACTABLE:\n            exception_class = ElementNotInteractableException\n        elif status in ErrorCode.INVALID_COOKIE_DOMAIN:\n            exception_class = InvalidCookieDomainException\n        elif status in ErrorCode.UNABLE_TO_SET_COOKIE:\n            exception_class = UnableToSetCookieException\n        elif status in ErrorCode.TIMEOUT:\n            exception_class = TimeoutException\n        elif status in ErrorCode.SCRIPT_TIMEOUT:\n            exception_class = TimeoutException\n        elif status in ErrorCode.UNKNOWN_ERROR:\n            exception_class = WebDriverException\n        elif status in ErrorCode.UNEXPECTED_ALERT_OPEN:\n            exception_class = UnexpectedAlertPresentException\n        elif status in ErrorCode.NO_ALERT_OPEN:\n            exception_class = NoAlertPresentException\n        elif status in ErrorCode.IME_NOT_AVAILABLE:\n            exception_class = ImeNotAvailableException\n        elif status in ErrorCode.IME_ENGINE_ACTIVATION_FAILED:\n            exception_class = ImeActivationFailedException\n        elif status in ErrorCode.MOVE_TARGET_OUT_OF_BOUNDS:\n            exception_class = MoveTargetOutOfBoundsException\n        elif status in ErrorCode.JAVASCRIPT_ERROR:\n            exception_class = JavascriptException\n        elif status in ErrorCode.SESSION_NOT_CREATED:\n            exception_class = SessionNotCreatedException\n        elif status in ErrorCode.INVALID_ARGUMENT:\n            exception_class = InvalidArgumentException\n        elif status in ErrorCode.NO_SUCH_COOKIE:\n            exception_class = NoSuchCookieException\n        elif status in ErrorCode.UNABLE_TO_CAPTURE_SCREEN:\n            exception_class = ScreenshotException\n        elif status in ErrorCode.ELEMENT_CLICK_INTERCEPTED:\n            exception_class = ElementClickInterceptedException\n        elif status in ErrorCode.INSECURE_CERTIFICATE:\n            exception_class = InsecureCertificateException\n        elif status in ErrorCode.INVALID_COORDINATES:\n            exception_class = InvalidCoordinatesException\n        elif status in ErrorCode.INVALID_SESSION_ID:\n            exception_class = InvalidSessionIdException\n        elif status in ErrorCode.UNKNOWN_METHOD:\n            exception_class = UnknownMethodException\n        else:\n            exception_class = WebDriverException\n        if not value:\n            value = response[\"value\"]\n        if isinstance(value, str):\n            raise exception_class(value)\n        if message == \"\" and \"message\" in value:\n            message = value[\"message\"]\n    \n        screen = None  # type: ignore[assignment]\n        if \"screen\" in value:\n            screen = value[\"screen\"]\n    \n        stacktrace = None\n        st_value = value.get(\"stackTrace\") or value.get(\"stacktrace\")\n        if st_value:\n            if isinstance(st_value, str):\n                stacktrace = st_value.split(\"\\n\")\n            else:\n                stacktrace = []\n                try:\n                    for frame in st_value:\n                        line = frame.get(\"lineNumber\", \"\")\n                        file = frame.get(\"fileName\", \"<anonymous>\")\n                        if line:\n                            file = f\"{file}:{line}\"\n                        meth = frame.get(\"methodName\", \"<anonymous>\")\n                        if \"className\" in frame:\n                            meth = f\"{frame['className']}.{meth}\"\n                        msg = \"    at %s (%s)\"\n                        msg = msg % (meth, file)\n                        stacktrace.append(msg)\n                except TypeError:\n                    pass\n        if exception_class == UnexpectedAlertPresentException:\n            alert_text = None\n            if \"data\" in value:\n                alert_text = value[\"data\"].get(\"text\")\n            elif \"alert\" in value:\n                alert_text = value[\"alert\"].get(\"text\")\n            raise exception_class(message, screen, stacktrace, alert_text)  # type: ignore[call-arg]  # mypy is not smart enough here\n>       raise exception_class(message, screen, stacktrace)\nE       selenium.common.exceptions.NoSuchElementException: Message: no such element: Unable to locate element: {\"method\":\"xpath\",\"selector\":\"//div[@class='page-block articles-block']\"}\nE         (Session info: chrome-headless-shell=121.0.6167.184); For documentation on this error, please visit: https://www.selenium.dev/documentation/webdriver/troubleshooting/errors#no-such-element-exception\nE       Stacktrace:\nE       #0 0x561ee440c303 <unknown>\nE       #1 0x561ee40f12b7 <unknown>\nE       #2 0x561ee413ccc0 <unknown>\nE       #3 0x561ee413cdb1 <unknown>\nE       #4 0x561ee4180b44 <unknown>\nE       #5 0x561ee415f3ad <unknown>\nE       #6 0x561ee417e07c <unknown>\nE       #7 0x561ee415f123 <unknown>\nE       #8 0x561ee412f095 <unknown>\nE       #9 0x561ee413009e <unknown>\nE       #10 0x561ee43d06ab <unknown>\nE       #11 0x561ee43d44ba <unknown>\nE       #12 0x561ee43bcf85 <unknown>\nE       #13 0x561ee43d512f <unknown>\nE       #14 0x561ee43a0e6f <unknown>\nE       #15 0x561ee43f95f8 <unknown>\nE       #16 0x561ee43f97c2 <unknown>\nE       #17 0x561ee440b4a4 <unknown>\nE       #18 0x7f60bfd2c134 <unknown>\n\n/usr/local/lib/python3.11/site-packages/selenium/webdriver/remote/errorhandler.py:245: NoSuchElementException","flaky":false,"newFailed":false,"newBroken":false,"newPassed":false,"retriesCount":0,"retriesStatusChange":false,"beforeStages":[{"name":"_session_faker","time":{"start":1708304509548,"stop":1708304509614,"duration":66},"status":"passed","steps":[],"attachments":[],"parameters":[],"shouldDisplayMessage":false,"stepsCount":0,"attachmentsCount":0,"hasContent":false,"attachmentStep":false},{"name":"clear_allure_results_folder","time":{"start":1708304509614,"stop":1708304509614,"duration":0},"status":"passed","steps":[],"attachments":[],"parameters":[],"shouldDisplayMessage":false,"stepsCount":0,"attachmentsCount":0,"hasContent":false,"attachmentStep":false},{"name":"driver","time":{"start":1708304604056,"stop":1708304604788,"duration":732},"status":"passed","steps":[],"attachments":[],"parameters":[],"shouldDisplayMessage":false,"stepsCount":0,"attachmentsCount":0,"hasContent":false,"attachmentStep":false},{"name":"setup","time":{"start":1708304604789,"stop":1708304604789,"duration":0},"status":"passed","steps":[],"attachments":[],"parameters":[],"shouldDisplayMessage":false,"stepsCount":0,"attachmentsCount":0,"hasContent":false,"attachmentStep":false},{"name":"main_page","time":{"start":1708304604789,"stop":1708304605358,"duration":569},"status":"passed","steps":[],"attachments":[],"parameters":[],"shouldDisplayMessage":false,"stepsCount":0,"attachmentsCount":0,"hasContent":false,"attachmentStep":false}],"testStage":{"status":"broken","statusMessage":"selenium.common.exceptions.NoSuchElementException: Message: no such element: Unable to locate element: {\"method\":\"xpath\",\"selector\":\"//div[@class='page-block articles-block']\"}\n  (Session info: chrome-headless-shell=121.0.6167.184); For documentation on this error, please visit: https://www.selenium.dev/documentation/webdriver/troubleshooting/errors#no-such-element-exception\nStacktrace:\n#0 0x561ee440c303 <unknown>\n#1 0x561ee40f12b7 <unknown>\n#2 0x561ee413ccc0 <unknown>\n#3 0x561ee413cdb1 <unknown>\n#4 0x561ee4180b44 <unknown>\n#5 0x561ee415f3ad <unknown>\n#6 0x561ee417e07c <unknown>\n#7 0x561ee415f123 <unknown>\n#8 0x561ee412f095 <unknown>\n#9 0x561ee413009e <unknown>\n#10 0x561ee43d06ab <unknown>\n#11 0x561ee43d44ba <unknown>\n#12 0x561ee43bcf85 <unknown>\n#13 0x561ee43d512f <unknown>\n#14 0x561ee43a0e6f <unknown>\n#15 0x561ee43f95f8 <unknown>\n#16 0x561ee43f97c2 <unknown>\n#17 0x561ee440b4a4 <unknown>\n#18 0x7f60bfd2c134 <unknown>","statusTrace":"self = <tests.test_main_page.TestMainPage object at 0x7f31db8c6bd0>\nmain_page = <pages.main_page.MainPage object at 0x7f31db8d4d90>\n\n    @allure.title(\"TC 005 - Функционал блока 'Советы от профессионалов ремонта'\")\n    @pytest.mark.smoke_test\n    def test_positive_building_advices2_smoke(self, main_page):\n>       items = main_page.get_building_advices_section()\n\ntests/test_main_page.py:55: \n_ _ _ _ _ _ _ _ _ _ _ _ _ _ _ _ _ _ _ _ _ _ _ _ _ _ _ _ _ _ _ _ _ _ _ _ _ _ _ _ \npages/main_page.py:78: in get_building_advices_section\n    section = self.driver.find_element(*self._building_advices_section)\n/usr/local/lib/python3.11/site-packages/selenium/webdriver/remote/webdriver.py:740: in find_element\n    return self.execute(Command.FIND_ELEMENT, {\"using\": by, \"value\": value})[\"value\"]\n/usr/local/lib/python3.11/site-packages/selenium/webdriver/remote/webdriver.py:346: in execute\n    self.error_handler.check_response(response)\n_ _ _ _ _ _ _ _ _ _ _ _ _ _ _ _ _ _ _ _ _ _ _ _ _ _ _ _ _ _ _ _ _ _ _ _ _ _ _ _ \n\nself = <selenium.webdriver.remote.errorhandler.ErrorHandler object at 0x7f31dc0d5690>\nresponse = {'status': 404, 'value': '{\"value\":{\"error\":\"no such element\",\"message\":\"no such element: Unable to locate element: {\\...\\\\n#16 0x561ee43f97c2 \\\\u003Cunknown>\\\\n#17 0x561ee440b4a4 \\\\u003Cunknown>\\\\n#18 0x7f60bfd2c134 \\\\u003Cunknown>\\\\n\"}}'}\n\n    def check_response(self, response: Dict[str, Any]) -> None:\n        \"\"\"Checks that a JSON response from the WebDriver does not have an\n        error.\n    \n        :Args:\n         - response - The JSON response from the WebDriver server as a dictionary\n           object.\n    \n        :Raises: If the response contains an error message.\n        \"\"\"\n        status = response.get(\"status\", None)\n        if not status or status == ErrorCode.SUCCESS:\n            return\n        value = None\n        message = response.get(\"message\", \"\")\n        screen: str = response.get(\"screen\", \"\")\n        stacktrace = None\n        if isinstance(status, int):\n            value_json = response.get(\"value\", None)\n            if value_json and isinstance(value_json, str):\n                import json\n    \n                try:\n                    value = json.loads(value_json)\n                    if len(value) == 1:\n                        value = value[\"value\"]\n                    status = value.get(\"error\", None)\n                    if not status:\n                        status = value.get(\"status\", ErrorCode.UNKNOWN_ERROR)\n                        message = value.get(\"value\") or value.get(\"message\")\n                        if not isinstance(message, str):\n                            value = message\n                            message = message.get(\"message\")\n                    else:\n                        message = value.get(\"message\", None)\n                except ValueError:\n                    pass\n    \n        exception_class: Type[WebDriverException]\n        if status in ErrorCode.NO_SUCH_ELEMENT:\n            exception_class = NoSuchElementException\n        elif status in ErrorCode.NO_SUCH_FRAME:\n            exception_class = NoSuchFrameException\n        elif status in ErrorCode.NO_SUCH_SHADOW_ROOT:\n            exception_class = NoSuchShadowRootException\n        elif status in ErrorCode.NO_SUCH_WINDOW:\n            exception_class = NoSuchWindowException\n        elif status in ErrorCode.STALE_ELEMENT_REFERENCE:\n            exception_class = StaleElementReferenceException\n        elif status in ErrorCode.ELEMENT_NOT_VISIBLE:\n            exception_class = ElementNotVisibleException\n        elif status in ErrorCode.INVALID_ELEMENT_STATE:\n            exception_class = InvalidElementStateException\n        elif (\n            status in ErrorCode.INVALID_SELECTOR\n            or status in ErrorCode.INVALID_XPATH_SELECTOR\n            or status in ErrorCode.INVALID_XPATH_SELECTOR_RETURN_TYPER\n        ):\n            exception_class = InvalidSelectorException\n        elif status in ErrorCode.ELEMENT_IS_NOT_SELECTABLE:\n            exception_class = ElementNotSelectableException\n        elif status in ErrorCode.ELEMENT_NOT_INTERACTABLE:\n            exception_class = ElementNotInteractableException\n        elif status in ErrorCode.INVALID_COOKIE_DOMAIN:\n            exception_class = InvalidCookieDomainException\n        elif status in ErrorCode.UNABLE_TO_SET_COOKIE:\n            exception_class = UnableToSetCookieException\n        elif status in ErrorCode.TIMEOUT:\n            exception_class = TimeoutException\n        elif status in ErrorCode.SCRIPT_TIMEOUT:\n            exception_class = TimeoutException\n        elif status in ErrorCode.UNKNOWN_ERROR:\n            exception_class = WebDriverException\n        elif status in ErrorCode.UNEXPECTED_ALERT_OPEN:\n            exception_class = UnexpectedAlertPresentException\n        elif status in ErrorCode.NO_ALERT_OPEN:\n            exception_class = NoAlertPresentException\n        elif status in ErrorCode.IME_NOT_AVAILABLE:\n            exception_class = ImeNotAvailableException\n        elif status in ErrorCode.IME_ENGINE_ACTIVATION_FAILED:\n            exception_class = ImeActivationFailedException\n        elif status in ErrorCode.MOVE_TARGET_OUT_OF_BOUNDS:\n            exception_class = MoveTargetOutOfBoundsException\n        elif status in ErrorCode.JAVASCRIPT_ERROR:\n            exception_class = JavascriptException\n        elif status in ErrorCode.SESSION_NOT_CREATED:\n            exception_class = SessionNotCreatedException\n        elif status in ErrorCode.INVALID_ARGUMENT:\n            exception_class = InvalidArgumentException\n        elif status in ErrorCode.NO_SUCH_COOKIE:\n            exception_class = NoSuchCookieException\n        elif status in ErrorCode.UNABLE_TO_CAPTURE_SCREEN:\n            exception_class = ScreenshotException\n        elif status in ErrorCode.ELEMENT_CLICK_INTERCEPTED:\n            exception_class = ElementClickInterceptedException\n        elif status in ErrorCode.INSECURE_CERTIFICATE:\n            exception_class = InsecureCertificateException\n        elif status in ErrorCode.INVALID_COORDINATES:\n            exception_class = InvalidCoordinatesException\n        elif status in ErrorCode.INVALID_SESSION_ID:\n            exception_class = InvalidSessionIdException\n        elif status in ErrorCode.UNKNOWN_METHOD:\n            exception_class = UnknownMethodException\n        else:\n            exception_class = WebDriverException\n        if not value:\n            value = response[\"value\"]\n        if isinstance(value, str):\n            raise exception_class(value)\n        if message == \"\" and \"message\" in value:\n            message = value[\"message\"]\n    \n        screen = None  # type: ignore[assignment]\n        if \"screen\" in value:\n            screen = value[\"screen\"]\n    \n        stacktrace = None\n        st_value = value.get(\"stackTrace\") or value.get(\"stacktrace\")\n        if st_value:\n            if isinstance(st_value, str):\n                stacktrace = st_value.split(\"\\n\")\n            else:\n                stacktrace = []\n                try:\n                    for frame in st_value:\n                        line = frame.get(\"lineNumber\", \"\")\n                        file = frame.get(\"fileName\", \"<anonymous>\")\n                        if line:\n                            file = f\"{file}:{line}\"\n                        meth = frame.get(\"methodName\", \"<anonymous>\")\n                        if \"className\" in frame:\n                            meth = f\"{frame['className']}.{meth}\"\n                        msg = \"    at %s (%s)\"\n                        msg = msg % (meth, file)\n                        stacktrace.append(msg)\n                except TypeError:\n                    pass\n        if exception_class == UnexpectedAlertPresentException:\n            alert_text = None\n            if \"data\" in value:\n                alert_text = value[\"data\"].get(\"text\")\n            elif \"alert\" in value:\n                alert_text = value[\"alert\"].get(\"text\")\n            raise exception_class(message, screen, stacktrace, alert_text)  # type: ignore[call-arg]  # mypy is not smart enough here\n>       raise exception_class(message, screen, stacktrace)\nE       selenium.common.exceptions.NoSuchElementException: Message: no such element: Unable to locate element: {\"method\":\"xpath\",\"selector\":\"//div[@class='page-block articles-block']\"}\nE         (Session info: chrome-headless-shell=121.0.6167.184); For documentation on this error, please visit: https://www.selenium.dev/documentation/webdriver/troubleshooting/errors#no-such-element-exception\nE       Stacktrace:\nE       #0 0x561ee440c303 <unknown>\nE       #1 0x561ee40f12b7 <unknown>\nE       #2 0x561ee413ccc0 <unknown>\nE       #3 0x561ee413cdb1 <unknown>\nE       #4 0x561ee4180b44 <unknown>\nE       #5 0x561ee415f3ad <unknown>\nE       #6 0x561ee417e07c <unknown>\nE       #7 0x561ee415f123 <unknown>\nE       #8 0x561ee412f095 <unknown>\nE       #9 0x561ee413009e <unknown>\nE       #10 0x561ee43d06ab <unknown>\nE       #11 0x561ee43d44ba <unknown>\nE       #12 0x561ee43bcf85 <unknown>\nE       #13 0x561ee43d512f <unknown>\nE       #14 0x561ee43a0e6f <unknown>\nE       #15 0x561ee43f95f8 <unknown>\nE       #16 0x561ee43f97c2 <unknown>\nE       #17 0x561ee440b4a4 <unknown>\nE       #18 0x7f60bfd2c134 <unknown>\n\n/usr/local/lib/python3.11/site-packages/selenium/webdriver/remote/errorhandler.py:245: NoSuchElementException","steps":[{"name":"Проверка функциональности блока 'Советы от профессионалов ремонта'","time":{"start":1708304605359,"stop":1708304605371,"duration":12},"status":"broken","statusMessage":"selenium.common.exceptions.NoSuchElementException: Message: no such element: Unable to locate element: {\"method\":\"xpath\",\"selector\":\"//div[@class='page-block articles-block']\"}\n  (Session info: chrome-headless-shell=121.0.6167.184); For documentation on this error, please visit: https://www.selenium.dev/documentation/webdriver/troubleshooting/errors#no-such-element-exception\nStacktrace:\n#0 0x561ee440c303 <unknown>\n#1 0x561ee40f12b7 <unknown>\n#2 0x561ee413ccc0 <unknown>\n#3 0x561ee413cdb1 <unknown>\n#4 0x561ee4180b44 <unknown>\n#5 0x561ee415f3ad <unknown>\n#6 0x561ee417e07c <unknown>\n#7 0x561ee415f123 <unknown>\n#8 0x561ee412f095 <unknown>\n#9 0x561ee413009e <unknown>\n#10 0x561ee43d06ab <unknown>\n#11 0x561ee43d44ba <unknown>\n#12 0x561ee43bcf85 <unknown>\n#13 0x561ee43d512f <unknown>\n#14 0x561ee43a0e6f <unknown>\n#15 0x561ee43f95f8 <unknown>\n#16 0x561ee43f97c2 <unknown>\n#17 0x561ee440b4a4 <unknown>\n#18 0x7f60bfd2c134 <unknown>\n\n","statusTrace":"  File \"/usr/local/lib/python3.11/site-packages/allure_commons/_allure.py\", line 192, in impl\n    return func(*a, **kw)\n           ^^^^^^^^^^^^^^\n  File \"/app/pages/main_page.py\", line 78, in get_building_advices_section\n    section = self.driver.find_element(*self._building_advices_section)\n              ^^^^^^^^^^^^^^^^^^^^^^^^^^^^^^^^^^^^^^^^^^^^^^^^^^^^^^^^^\n  File \"/usr/local/lib/python3.11/site-packages/selenium/webdriver/remote/webdriver.py\", line 740, in find_element\n    return self.execute(Command.FIND_ELEMENT, {\"using\": by, \"value\": value})[\"value\"]\n           ^^^^^^^^^^^^^^^^^^^^^^^^^^^^^^^^^^^^^^^^^^^^^^^^^^^^^^^^^^^^^^^^^\n  File \"/usr/local/lib/python3.11/site-packages/selenium/webdriver/remote/webdriver.py\", line 346, in execute\n    self.error_handler.check_response(response)\n  File \"/usr/local/lib/python3.11/site-packages/selenium/webdriver/remote/errorhandler.py\", line 245, in check_response\n    raise exception_class(message, screen, stacktrace)\n","steps":[],"attachments":[],"parameters":[],"shouldDisplayMessage":true,"stepsCount":0,"attachmentsCount":0,"hasContent":true,"attachmentStep":false}],"attachments":[{"uid":"5da1a6f1b632a2c3","name":"Screenshot","source":"5da1a6f1b632a2c3.png","type":"image/png","size":39106},{"uid":"d48463dc4fa4e420","name":"HTML source","source":"d48463dc4fa4e420.html","type":"text/html","size":538}],"parameters":[],"shouldDisplayMessage":true,"stepsCount":1,"attachmentsCount":2,"hasContent":true,"attachmentStep":false},"afterStages":[{"name":"setup::0","time":{"start":1708304605480,"stop":1708304605480,"duration":0},"status":"passed","steps":[],"attachments":[],"parameters":[],"shouldDisplayMessage":false,"stepsCount":0,"attachmentsCount":0,"hasContent":false,"attachmentStep":false},{"name":"driver::0","time":{"start":1708304605480,"stop":1708304605537,"duration":57},"status":"passed","steps":[],"attachments":[],"parameters":[],"shouldDisplayMessage":false,"stepsCount":0,"attachmentsCount":0,"hasContent":false,"attachmentStep":false}],"labels":[{"name":"epic","value":"Main Page"},{"name":"tag","value":"smoke_test"},{"name":"parentSuite","value":"tests"},{"name":"suite","value":"test_main_page"},{"name":"subSuite","value":"TestMainPage"},{"name":"host","value":"f7270b96fe59"},{"name":"thread","value":"1-MainThread"},{"name":"framework","value":"pytest"},{"name":"language","value":"cpython3"},{"name":"package","value":"tests.test_main_page"},{"name":"resultFormat","value":"allure2"}],"parameters":[{"name":"url","value":"'https://test2.stroyrem-nn.ru/'"}],"links":[],"hidden":false,"retry":false,"extra":{"severity":"normal","retries":[],"categories":[{"name":"Test defects","matchedStatuses":[],"flaky":false}],"history":{"statistic":{"failed":0,"broken":158,"skipped":0,"passed":36,"unknown":0,"total":194},"items":[{"uid":"51ab2fca3987698b","reportUrl":"https://zaelcovsky.github.io/StroyremAutomation/236//#testresult/51ab2fca3987698b","status":"broken","statusDetails":"selenium.common.exceptions.NoSuchElementException: Message: no such element: Unable to locate element: {\"method\":\"xpath\",\"selector\":\"//div[@class='page-block articles-block']\"}\n  (Session info: chrome-headless-shell=121.0.6167.184); For documentation on this error, please visit: https://www.selenium.dev/documentation/webdriver/troubleshooting/errors#no-such-element-exception\nStacktrace:\n#0 0x5612433fc303 <unknown>\n#1 0x5612430e12b7 <unknown>\n#2 0x56124312ccc0 <unknown>\n#3 0x56124312cdb1 <unknown>\n#4 0x561243170b44 <unknown>\n#5 0x56124314f3ad <unknown>\n#6 0x56124316e07c <unknown>\n#7 0x56124314f123 <unknown>\n#8 0x56124311f095 <unknown>\n#9 0x56124312009e <unknown>\n#10 0x5612433c06ab <unknown>\n#11 0x5612433c44ba <unknown>\n#12 0x5612433acf85 <unknown>\n#13 0x5612433c512f <unknown>\n#14 0x561243390e6f <unknown>\n#15 0x5612433e95f8 <unknown>\n#16 0x5612433e97c2 <unknown>\n#17 0x5612433fb4a4 <unknown>\n#18 0x7f297f2ba134 <unknown>","time":{"start":1708218343916,"stop":1708218343929,"duration":13}},{"uid":"a8e836d466ea3f47","reportUrl":"https://zaelcovsky.github.io/StroyremAutomation/235//#testresult/a8e836d466ea3f47","status":"broken","statusDetails":"selenium.common.exceptions.NoSuchElementException: Message: no such element: Unable to locate element: {\"method\":\"xpath\",\"selector\":\"//div[@class='page-block articles-block']\"}\n  (Session info: chrome-headless-shell=121.0.6167.184); For documentation on this error, please visit: https://www.selenium.dev/documentation/webdriver/troubleshooting/errors#no-such-element-exception\nStacktrace:\n#0 0x556b78919303 <unknown>\n#1 0x556b785fe2b7 <unknown>\n#2 0x556b78649cc0 <unknown>\n#3 0x556b78649db1 <unknown>\n#4 0x556b7868db44 <unknown>\n#5 0x556b7866c3ad <unknown>\n#6 0x556b7868b07c <unknown>\n#7 0x556b7866c123 <unknown>\n#8 0x556b7863c095 <unknown>\n#9 0x556b7863d09e <unknown>\n#10 0x556b788dd6ab <unknown>\n#11 0x556b788e14ba <unknown>\n#12 0x556b788c9f85 <unknown>\n#13 0x556b788e212f <unknown>\n#14 0x556b788ade6f <unknown>\n#15 0x556b789065f8 <unknown>\n#16 0x556b789067c2 <unknown>\n#17 0x556b789184a4 <unknown>\n#18 0x7f452b482134 <unknown>","time":{"start":1708131650710,"stop":1708131650724,"duration":14}},{"uid":"b6e1481543e01cae","reportUrl":"https://zaelcovsky.github.io/StroyremAutomation/234//#testresult/b6e1481543e01cae","status":"broken","statusDetails":"selenium.common.exceptions.NoSuchElementException: Message: no such element: Unable to locate element: {\"method\":\"xpath\",\"selector\":\"//div[@class='page-block articles-block']\"}\n  (Session info: chrome-headless-shell=121.0.6167.85); For documentation on this error, please visit: https://www.selenium.dev/documentation/webdriver/troubleshooting/errors#no-such-element-exception\nStacktrace:\n#0 0x561587eb6d93 <unknown>\n#1 0x561587b9a337 <unknown>\n#2 0x561587be5d60 <unknown>\n#3 0x561587be5e51 <unknown>\n#4 0x561587c29bc4 <unknown>\n#5 0x561587c0846d <unknown>\n#6 0x561587c2712d <unknown>\n#7 0x561587c081e3 <unknown>\n#8 0x561587bd8135 <unknown>\n#9 0x561587bd913e <unknown>\n#10 0x561587e7ae4b <unknown>\n#11 0x561587e7edfa <unknown>\n#12 0x561587e676d5 <unknown>\n#13 0x561587e7fa6f <unknown>\n#14 0x561587e4b69f <unknown>\n#15 0x561587ea4098 <unknown>\n#16 0x561587ea4262 <unknown>\n#17 0x561587eb5f34 <unknown>\n#18 0x7f9ca71af134 <unknown>","time":{"start":1708045303083,"stop":1708045303096,"duration":13}},{"uid":"34a2278ecfae389d","reportUrl":"https://zaelcovsky.github.io/StroyremAutomation/233//#testresult/34a2278ecfae389d","status":"broken","statusDetails":"selenium.common.exceptions.NoSuchElementException: Message: no such element: Unable to locate element: {\"method\":\"xpath\",\"selector\":\"//div[@class='page-block articles-block']\"}\n  (Session info: chrome-headless-shell=121.0.6167.85); For documentation on this error, please visit: https://www.selenium.dev/documentation/webdriver/troubleshooting/errors#no-such-element-exception\nStacktrace:\n#0 0x55e58e85bd93 <unknown>\n#1 0x55e58e53f337 <unknown>\n#2 0x55e58e58ad60 <unknown>\n#3 0x55e58e58ae51 <unknown>\n#4 0x55e58e5cebc4 <unknown>\n#5 0x55e58e5ad46d <unknown>\n#6 0x55e58e5cc12d <unknown>\n#7 0x55e58e5ad1e3 <unknown>\n#8 0x55e58e57d135 <unknown>\n#9 0x55e58e57e13e <unknown>\n#10 0x55e58e81fe4b <unknown>\n#11 0x55e58e823dfa <unknown>\n#12 0x55e58e80c6d5 <unknown>\n#13 0x55e58e824a6f <unknown>\n#14 0x55e58e7f069f <unknown>\n#15 0x55e58e849098 <unknown>\n#16 0x55e58e849262 <unknown>\n#17 0x55e58e85af34 <unknown>\n#18 0x7fda8cce2134 <unknown>","time":{"start":1707958953969,"stop":1707958953982,"duration":13}},{"uid":"ae388b9cc4b8f8ee","reportUrl":"https://zaelcovsky.github.io/StroyremAutomation/232//#testresult/ae388b9cc4b8f8ee","status":"broken","statusDetails":"selenium.common.exceptions.NoSuchElementException: Message: no such element: Unable to locate element: {\"method\":\"xpath\",\"selector\":\"//div[@class='page-block articles-block']\"}\n  (Session info: chrome-headless-shell=121.0.6167.85); For documentation on this error, please visit: https://www.selenium.dev/documentation/webdriver/troubleshooting/errors#no-such-element-exception\nStacktrace:\n#0 0x55bcdc3c9d93 <unknown>\n#1 0x55bcdc0ad337 <unknown>\n#2 0x55bcdc0f8d60 <unknown>\n#3 0x55bcdc0f8e51 <unknown>\n#4 0x55bcdc13cbc4 <unknown>\n#5 0x55bcdc11b46d <unknown>\n#6 0x55bcdc13a12d <unknown>\n#7 0x55bcdc11b1e3 <unknown>\n#8 0x55bcdc0eb135 <unknown>\n#9 0x55bcdc0ec13e <unknown>\n#10 0x55bcdc38de4b <unknown>\n#11 0x55bcdc391dfa <unknown>\n#12 0x55bcdc37a6d5 <unknown>\n#13 0x55bcdc392a6f <unknown>\n#14 0x55bcdc35e69f <unknown>\n#15 0x55bcdc3b7098 <unknown>\n#16 0x55bcdc3b7262 <unknown>\n#17 0x55bcdc3c8f34 <unknown>\n#18 0x7f53dbfda134 <unknown>","time":{"start":1707872549368,"stop":1707872549381,"duration":13}},{"uid":"2a68cf64edf28f0a","reportUrl":"https://zaelcovsky.github.io/StroyremAutomation/231//#testresult/2a68cf64edf28f0a","status":"broken","statusDetails":"selenium.common.exceptions.NoSuchElementException: Message: no such element: Unable to locate element: {\"method\":\"xpath\",\"selector\":\"//div[@class='page-block articles-block']\"}\n  (Session info: chrome-headless-shell=121.0.6167.85); For documentation on this error, please visit: https://www.selenium.dev/documentation/webdriver/troubleshooting/errors#no-such-element-exception\nStacktrace:\n#0 0x5559826a1d93 <unknown>\n#1 0x555982385337 <unknown>\n#2 0x5559823d0d60 <unknown>\n#3 0x5559823d0e51 <unknown>\n#4 0x555982414bc4 <unknown>\n#5 0x5559823f346d <unknown>\n#6 0x55598241212d <unknown>\n#7 0x5559823f31e3 <unknown>\n#8 0x5559823c3135 <unknown>\n#9 0x5559823c413e <unknown>\n#10 0x555982665e4b <unknown>\n#11 0x555982669dfa <unknown>\n#12 0x5559826526d5 <unknown>\n#13 0x55598266aa6f <unknown>\n#14 0x55598263669f <unknown>\n#15 0x55598268f098 <unknown>\n#16 0x55598268f262 <unknown>\n#17 0x5559826a0f34 <unknown>\n#18 0x7fbf5f809134 <unknown>","time":{"start":1707786169852,"stop":1707786169865,"duration":13}},{"uid":"d117acebfea5e63","reportUrl":"https://zaelcovsky.github.io/StroyremAutomation/230//#testresult/d117acebfea5e63","status":"broken","statusDetails":"selenium.common.exceptions.NoSuchElementException: Message: no such element: Unable to locate element: {\"method\":\"xpath\",\"selector\":\"//div[@class='page-block articles-block']\"}\n  (Session info: chrome-headless-shell=121.0.6167.85); For documentation on this error, please visit: https://www.selenium.dev/documentation/webdriver/troubleshooting/errors#no-such-element-exception\nStacktrace:\n#0 0x56212ad1dd93 <unknown>\n#1 0x56212aa01337 <unknown>\n#2 0x56212aa4cd60 <unknown>\n#3 0x56212aa4ce51 <unknown>\n#4 0x56212aa90bc4 <unknown>\n#5 0x56212aa6f46d <unknown>\n#6 0x56212aa8e12d <unknown>\n#7 0x56212aa6f1e3 <unknown>\n#8 0x56212aa3f135 <unknown>\n#9 0x56212aa4013e <unknown>\n#10 0x56212ace1e4b <unknown>\n#11 0x56212ace5dfa <unknown>\n#12 0x56212acce6d5 <unknown>\n#13 0x56212ace6a6f <unknown>\n#14 0x56212acb269f <unknown>\n#15 0x56212ad0b098 <unknown>\n#16 0x56212ad0b262 <unknown>\n#17 0x56212ad1cf34 <unknown>\n#18 0x7f6d14240134 <unknown>","time":{"start":1707699753307,"stop":1707699753319,"duration":12}},{"uid":"de65b0a1bcbfd36b","reportUrl":"https://zaelcovsky.github.io/StroyremAutomation/229//#testresult/de65b0a1bcbfd36b","status":"broken","statusDetails":"selenium.common.exceptions.NoSuchElementException: Message: no such element: Unable to locate element: {\"method\":\"xpath\",\"selector\":\"//div[@class='page-block articles-block']\"}\n  (Session info: chrome-headless-shell=121.0.6167.85); For documentation on this error, please visit: https://www.selenium.dev/documentation/webdriver/troubleshooting/errors#no-such-element-exception\nStacktrace:\n#0 0x561573e0dd93 <unknown>\n#1 0x561573af1337 <unknown>\n#2 0x561573b3cd60 <unknown>\n#3 0x561573b3ce51 <unknown>\n#4 0x561573b80bc4 <unknown>\n#5 0x561573b5f46d <unknown>\n#6 0x561573b7e12d <unknown>\n#7 0x561573b5f1e3 <unknown>\n#8 0x561573b2f135 <unknown>\n#9 0x561573b3013e <unknown>\n#10 0x561573dd1e4b <unknown>\n#11 0x561573dd5dfa <unknown>\n#12 0x561573dbe6d5 <unknown>\n#13 0x561573dd6a6f <unknown>\n#14 0x561573da269f <unknown>\n#15 0x561573dfb098 <unknown>\n#16 0x561573dfb262 <unknown>\n#17 0x561573e0cf34 <unknown>\n#18 0x7fe960b07134 <unknown>","time":{"start":1707613577343,"stop":1707613577356,"duration":13}},{"uid":"897d19ca31e48aeb","reportUrl":"https://zaelcovsky.github.io/StroyremAutomation/228//#testresult/897d19ca31e48aeb","status":"broken","statusDetails":"selenium.common.exceptions.NoSuchElementException: Message: no such element: Unable to locate element: {\"method\":\"xpath\",\"selector\":\"//div[@class='page-block articles-block']\"}\n  (Session info: chrome-headless-shell=121.0.6167.85); For documentation on this error, please visit: https://www.selenium.dev/documentation/webdriver/troubleshooting/errors#no-such-element-exception\nStacktrace:\n#0 0x5594c3cd1d93 <unknown>\n#1 0x5594c39b5337 <unknown>\n#2 0x5594c3a00d60 <unknown>\n#3 0x5594c3a00e51 <unknown>\n#4 0x5594c3a44bc4 <unknown>\n#5 0x5594c3a2346d <unknown>\n#6 0x5594c3a4212d <unknown>\n#7 0x5594c3a231e3 <unknown>\n#8 0x5594c39f3135 <unknown>\n#9 0x5594c39f413e <unknown>\n#10 0x5594c3c95e4b <unknown>\n#11 0x5594c3c99dfa <unknown>\n#12 0x5594c3c826d5 <unknown>\n#13 0x5594c3c9aa6f <unknown>\n#14 0x5594c3c6669f <unknown>\n#15 0x5594c3cbf098 <unknown>\n#16 0x5594c3cbf262 <unknown>\n#17 0x5594c3cd0f34 <unknown>\n#18 0x7f1b2694e134 <unknown>","time":{"start":1707526790578,"stop":1707526790591,"duration":13}},{"uid":"ae0c09d9de6a8dc7","reportUrl":"https://zaelcovsky.github.io/StroyremAutomation/227//#testresult/ae0c09d9de6a8dc7","status":"broken","statusDetails":"selenium.common.exceptions.NoSuchElementException: Message: no such element: Unable to locate element: {\"method\":\"xpath\",\"selector\":\"//div[@class='page-block articles-block']\"}\n  (Session info: chrome-headless-shell=121.0.6167.85); For documentation on this error, please visit: https://www.selenium.dev/documentation/webdriver/troubleshooting/errors#no-such-element-exception\nStacktrace:\n#0 0x559a4fb90d93 <unknown>\n#1 0x559a4f874337 <unknown>\n#2 0x559a4f8bfd60 <unknown>\n#3 0x559a4f8bfe51 <unknown>\n#4 0x559a4f903bc4 <unknown>\n#5 0x559a4f8e246d <unknown>\n#6 0x559a4f90112d <unknown>\n#7 0x559a4f8e21e3 <unknown>\n#8 0x559a4f8b2135 <unknown>\n#9 0x559a4f8b313e <unknown>\n#10 0x559a4fb54e4b <unknown>\n#11 0x559a4fb58dfa <unknown>\n#12 0x559a4fb416d5 <unknown>\n#13 0x559a4fb59a6f <unknown>\n#14 0x559a4fb2569f <unknown>\n#15 0x559a4fb7e098 <unknown>\n#16 0x559a4fb7e262 <unknown>\n#17 0x559a4fb8ff34 <unknown>\n#18 0x7f847d7a1134 <unknown>","time":{"start":1707440475844,"stop":1707440475857,"duration":13}},{"uid":"37876b1de3542235","reportUrl":"https://zaelcovsky.github.io/StroyremAutomation/226//#testresult/37876b1de3542235","status":"broken","statusDetails":"selenium.common.exceptions.NoSuchElementException: Message: no such element: Unable to locate element: {\"method\":\"xpath\",\"selector\":\"//div[@class='page-block articles-block']\"}\n  (Session info: chrome-headless-shell=121.0.6167.85); For documentation on this error, please visit: https://www.selenium.dev/documentation/webdriver/troubleshooting/errors#no-such-element-exception\nStacktrace:\n#0 0x564731f3bd93 <unknown>\n#1 0x564731c1f337 <unknown>\n#2 0x564731c6ad60 <unknown>\n#3 0x564731c6ae51 <unknown>\n#4 0x564731caebc4 <unknown>\n#5 0x564731c8d46d <unknown>\n#6 0x564731cac12d <unknown>\n#7 0x564731c8d1e3 <unknown>\n#8 0x564731c5d135 <unknown>\n#9 0x564731c5e13e <unknown>\n#10 0x564731effe4b <unknown>\n#11 0x564731f03dfa <unknown>\n#12 0x564731eec6d5 <unknown>\n#13 0x564731f04a6f <unknown>\n#14 0x564731ed069f <unknown>\n#15 0x564731f29098 <unknown>\n#16 0x564731f29262 <unknown>\n#17 0x564731f3af34 <unknown>\n#18 0x7f32b1760134 <unknown>","time":{"start":1707354064716,"stop":1707354064728,"duration":12}},{"uid":"65b9d7ccd7ae92b6","reportUrl":"https://zaelcovsky.github.io/StroyremAutomation/225//#testresult/65b9d7ccd7ae92b6","status":"broken","statusDetails":"selenium.common.exceptions.NoSuchElementException: Message: no such element: Unable to locate element: {\"method\":\"xpath\",\"selector\":\"//div[@class='page-block articles-block']\"}\n  (Session info: chrome-headless-shell=121.0.6167.85); For documentation on this error, please visit: https://www.selenium.dev/documentation/webdriver/troubleshooting/errors#no-such-element-exception\nStacktrace:\n#0 0x559ab1722d93 <unknown>\n#1 0x559ab1406337 <unknown>\n#2 0x559ab1451d60 <unknown>\n#3 0x559ab1451e51 <unknown>\n#4 0x559ab1495bc4 <unknown>\n#5 0x559ab147446d <unknown>\n#6 0x559ab149312d <unknown>\n#7 0x559ab14741e3 <unknown>\n#8 0x559ab1444135 <unknown>\n#9 0x559ab144513e <unknown>\n#10 0x559ab16e6e4b <unknown>\n#11 0x559ab16eadfa <unknown>\n#12 0x559ab16d36d5 <unknown>\n#13 0x559ab16eba6f <unknown>\n#14 0x559ab16b769f <unknown>\n#15 0x559ab1710098 <unknown>\n#16 0x559ab1710262 <unknown>\n#17 0x559ab1721f34 <unknown>\n#18 0x7f31f72eb134 <unknown>","time":{"start":1707267610186,"stop":1707267610199,"duration":13}},{"uid":"e314355b7e691318","reportUrl":"https://zaelcovsky.github.io/StroyremAutomation/224//#testresult/e314355b7e691318","status":"broken","statusDetails":"selenium.common.exceptions.NoSuchElementException: Message: no such element: Unable to locate element: {\"method\":\"xpath\",\"selector\":\"//div[@class='page-block articles-block']\"}\n  (Session info: chrome-headless-shell=121.0.6167.85); For documentation on this error, please visit: https://www.selenium.dev/documentation/webdriver/troubleshooting/errors#no-such-element-exception\nStacktrace:\n#0 0x5642ff12bd93 <unknown>\n#1 0x5642fee0f337 <unknown>\n#2 0x5642fee5ad60 <unknown>\n#3 0x5642fee5ae51 <unknown>\n#4 0x5642fee9ebc4 <unknown>\n#5 0x5642fee7d46d <unknown>\n#6 0x5642fee9c12d <unknown>\n#7 0x5642fee7d1e3 <unknown>\n#8 0x5642fee4d135 <unknown>\n#9 0x5642fee4e13e <unknown>\n#10 0x5642ff0efe4b <unknown>\n#11 0x5642ff0f3dfa <unknown>\n#12 0x5642ff0dc6d5 <unknown>\n#13 0x5642ff0f4a6f <unknown>\n#14 0x5642ff0c069f <unknown>\n#15 0x5642ff119098 <unknown>\n#16 0x5642ff119262 <unknown>\n#17 0x5642ff12af34 <unknown>\n#18 0x7ffb97143134 <unknown>","time":{"start":1707181309591,"stop":1707181309603,"duration":12}},{"uid":"a0f857a9360c5723","reportUrl":"https://zaelcovsky.github.io/StroyremAutomation/223//#testresult/a0f857a9360c5723","status":"broken","statusDetails":"selenium.common.exceptions.NoSuchElementException: Message: no such element: Unable to locate element: {\"method\":\"xpath\",\"selector\":\"//div[@class='page-block articles-block']\"}\n  (Session info: chrome-headless-shell=121.0.6167.85); For documentation on this error, please visit: https://www.selenium.dev/documentation/webdriver/troubleshooting/errors#no-such-element-exception\nStacktrace:\n#0 0x55a4dee08d93 <unknown>\n#1 0x55a4deaec337 <unknown>\n#2 0x55a4deb37d60 <unknown>\n#3 0x55a4deb37e51 <unknown>\n#4 0x55a4deb7bbc4 <unknown>\n#5 0x55a4deb5a46d <unknown>\n#6 0x55a4deb7912d <unknown>\n#7 0x55a4deb5a1e3 <unknown>\n#8 0x55a4deb2a135 <unknown>\n#9 0x55a4deb2b13e <unknown>\n#10 0x55a4dedcce4b <unknown>\n#11 0x55a4dedd0dfa <unknown>\n#12 0x55a4dedb96d5 <unknown>\n#13 0x55a4dedd1a6f <unknown>\n#14 0x55a4ded9d69f <unknown>\n#15 0x55a4dedf6098 <unknown>\n#16 0x55a4dedf6262 <unknown>\n#17 0x55a4dee07f34 <unknown>\n#18 0x7fe232cb6134 <unknown>","time":{"start":1707095037272,"stop":1707095037284,"duration":12}},{"uid":"2120b9ded5330c65","reportUrl":"https://zaelcovsky.github.io/StroyremAutomation/222//#testresult/2120b9ded5330c65","status":"broken","statusDetails":"selenium.common.exceptions.NoSuchElementException: Message: no such element: Unable to locate element: {\"method\":\"xpath\",\"selector\":\"//div[@class='page-block articles-block']\"}\n  (Session info: chrome-headless-shell=121.0.6167.85); For documentation on this error, please visit: https://www.selenium.dev/documentation/webdriver/troubleshooting/errors#no-such-element-exception\nStacktrace:\n#0 0x560f2f1e6d93 <unknown>\n#1 0x560f2eeca337 <unknown>\n#2 0x560f2ef15d60 <unknown>\n#3 0x560f2ef15e51 <unknown>\n#4 0x560f2ef59bc4 <unknown>\n#5 0x560f2ef3846d <unknown>\n#6 0x560f2ef5712d <unknown>\n#7 0x560f2ef381e3 <unknown>\n#8 0x560f2ef08135 <unknown>\n#9 0x560f2ef0913e <unknown>\n#10 0x560f2f1aae4b <unknown>\n#11 0x560f2f1aedfa <unknown>\n#12 0x560f2f1976d5 <unknown>\n#13 0x560f2f1afa6f <unknown>\n#14 0x560f2f17b69f <unknown>\n#15 0x560f2f1d4098 <unknown>\n#16 0x560f2f1d4262 <unknown>\n#17 0x560f2f1e5f34 <unknown>\n#18 0x7fd9c42ab134 <unknown>","time":{"start":1707008784403,"stop":1707008784416,"duration":13}},{"uid":"bd233410ad8afac9","reportUrl":"https://zaelcovsky.github.io/StroyremAutomation/221//#testresult/bd233410ad8afac9","status":"broken","statusDetails":"selenium.common.exceptions.NoSuchElementException: Message: no such element: Unable to locate element: {\"method\":\"xpath\",\"selector\":\"//div[@class='page-block articles-block']\"}\n  (Session info: chrome-headless-shell=121.0.6167.85); For documentation on this error, please visit: https://www.selenium.dev/documentation/webdriver/troubleshooting/errors#no-such-element-exception\nStacktrace:\n#0 0x55f530861d93 <unknown>\n#1 0x55f530545337 <unknown>\n#2 0x55f530590d60 <unknown>\n#3 0x55f530590e51 <unknown>\n#4 0x55f5305d4bc4 <unknown>\n#5 0x55f5305b346d <unknown>\n#6 0x55f5305d212d <unknown>\n#7 0x55f5305b31e3 <unknown>\n#8 0x55f530583135 <unknown>\n#9 0x55f53058413e <unknown>\n#10 0x55f530825e4b <unknown>\n#11 0x55f530829dfa <unknown>\n#12 0x55f5308126d5 <unknown>\n#13 0x55f53082aa6f <unknown>\n#14 0x55f5307f669f <unknown>\n#15 0x55f53084f098 <unknown>\n#16 0x55f53084f262 <unknown>\n#17 0x55f530860f34 <unknown>\n#18 0x7f5424954134 <unknown>","time":{"start":1706922063682,"stop":1706922063695,"duration":13}},{"uid":"de80ee77484da4f","reportUrl":"https://zaelcovsky.github.io/StroyremAutomation/220//#testresult/de80ee77484da4f","status":"broken","statusDetails":"selenium.common.exceptions.NoSuchElementException: Message: no such element: Unable to locate element: {\"method\":\"xpath\",\"selector\":\"//div[@class='page-block articles-block']\"}\n  (Session info: chrome-headless-shell=121.0.6167.85); For documentation on this error, please visit: https://www.selenium.dev/documentation/webdriver/troubleshooting/errors#no-such-element-exception\nStacktrace:\n#0 0x5618ddfbbd93 <unknown>\n#1 0x5618ddc9f337 <unknown>\n#2 0x5618ddcead60 <unknown>\n#3 0x5618ddceae51 <unknown>\n#4 0x5618ddd2ebc4 <unknown>\n#5 0x5618ddd0d46d <unknown>\n#6 0x5618ddd2c12d <unknown>\n#7 0x5618ddd0d1e3 <unknown>\n#8 0x5618ddcdd135 <unknown>\n#9 0x5618ddcde13e <unknown>\n#10 0x5618ddf7fe4b <unknown>\n#11 0x5618ddf83dfa <unknown>\n#12 0x5618ddf6c6d5 <unknown>\n#13 0x5618ddf84a6f <unknown>\n#14 0x5618ddf5069f <unknown>\n#15 0x5618ddfa9098 <unknown>\n#16 0x5618ddfa9262 <unknown>\n#17 0x5618ddfbaf34 <unknown>\n#18 0x7f5a85453134 <unknown>","time":{"start":1706835728479,"stop":1706835728491,"duration":12}},{"uid":"a22e4b85b42c170d","reportUrl":"https://zaelcovsky.github.io/StroyremAutomation/219//#testresult/a22e4b85b42c170d","status":"broken","statusDetails":"selenium.common.exceptions.NoSuchElementException: Message: no such element: Unable to locate element: {\"method\":\"xpath\",\"selector\":\"//div[@class='page-block articles-block']\"}\n  (Session info: chrome-headless-shell=121.0.6167.85); For documentation on this error, please visit: https://www.selenium.dev/documentation/webdriver/troubleshooting/errors#no-such-element-exception\nStacktrace:\n#0 0x5560a9067d93 <unknown>\n#1 0x5560a8d4b337 <unknown>\n#2 0x5560a8d96d60 <unknown>\n#3 0x5560a8d96e51 <unknown>\n#4 0x5560a8ddabc4 <unknown>\n#5 0x5560a8db946d <unknown>\n#6 0x5560a8dd812d <unknown>\n#7 0x5560a8db91e3 <unknown>\n#8 0x5560a8d89135 <unknown>\n#9 0x5560a8d8a13e <unknown>\n#10 0x5560a902be4b <unknown>\n#11 0x5560a902fdfa <unknown>\n#12 0x5560a90186d5 <unknown>\n#13 0x5560a9030a6f <unknown>\n#14 0x5560a8ffc69f <unknown>\n#15 0x5560a9055098 <unknown>\n#16 0x5560a9055262 <unknown>\n#17 0x5560a9066f34 <unknown>\n#18 0x7efee5568044 <unknown>","time":{"start":1706749553710,"stop":1706749553722,"duration":12}},{"uid":"ce728ac83998d050","reportUrl":"https://zaelcovsky.github.io/StroyremAutomation/218//#testresult/ce728ac83998d050","status":"broken","statusDetails":"selenium.common.exceptions.NoSuchElementException: Message: no such element: Unable to locate element: {\"method\":\"xpath\",\"selector\":\"//div[@class='page-block articles-block']\"}\n  (Session info: chrome-headless-shell=121.0.6167.85); For documentation on this error, please visit: https://www.selenium.dev/documentation/webdriver/troubleshooting/errors#no-such-element-exception\nStacktrace:\n#0 0x5564c04b3d93 <unknown>\n#1 0x5564c0197337 <unknown>\n#2 0x5564c01e2d60 <unknown>\n#3 0x5564c01e2e51 <unknown>\n#4 0x5564c0226bc4 <unknown>\n#5 0x5564c020546d <unknown>\n#6 0x5564c022412d <unknown>\n#7 0x5564c02051e3 <unknown>\n#8 0x5564c01d5135 <unknown>\n#9 0x5564c01d613e <unknown>\n#10 0x5564c0477e4b <unknown>\n#11 0x5564c047bdfa <unknown>\n#12 0x5564c04646d5 <unknown>\n#13 0x5564c047ca6f <unknown>\n#14 0x5564c044869f <unknown>\n#15 0x5564c04a1098 <unknown>\n#16 0x5564c04a1262 <unknown>\n#17 0x5564c04b2f34 <unknown>\n#18 0x7eff83d30044 <unknown>","time":{"start":1706662941284,"stop":1706662941297,"duration":13}},{"uid":"c6dd2dd5104e57b3","reportUrl":"https://zaelcovsky.github.io/StroyremAutomation/217//#testresult/c6dd2dd5104e57b3","status":"broken","statusDetails":"selenium.common.exceptions.NoSuchElementException: Message: no such element: Unable to locate element: {\"method\":\"xpath\",\"selector\":\"//div[@class='page-block articles-block']\"}\n  (Session info: chrome-headless-shell=121.0.6167.85); For documentation on this error, please visit: https://www.selenium.dev/documentation/webdriver/troubleshooting/errors#no-such-element-exception\nStacktrace:\n#0 0x55ca6260ed93 <unknown>\n#1 0x55ca622f2337 <unknown>\n#2 0x55ca6233dd60 <unknown>\n#3 0x55ca6233de51 <unknown>\n#4 0x55ca62381bc4 <unknown>\n#5 0x55ca6236046d <unknown>\n#6 0x55ca6237f12d <unknown>\n#7 0x55ca623601e3 <unknown>\n#8 0x55ca62330135 <unknown>\n#9 0x55ca6233113e <unknown>\n#10 0x55ca625d2e4b <unknown>\n#11 0x55ca625d6dfa <unknown>\n#12 0x55ca625bf6d5 <unknown>\n#13 0x55ca625d7a6f <unknown>\n#14 0x55ca625a369f <unknown>\n#15 0x55ca625fc098 <unknown>\n#16 0x55ca625fc262 <unknown>\n#17 0x55ca6260df34 <unknown>\n#18 0x7f5c505ec044 <unknown>","time":{"start":1706576511442,"stop":1706576511455,"duration":13}}]},"tags":["smoke_test"]},"source":"73ad4eaac8f5271c.json","parameterValues":["'https://test2.stroyrem-nn.ru/'"]}