{"uid":"b6a3bb8cb43fd2ae","name":"TD 018 Доставка товара весом до 500кг. в синей зоне","fullName":"tests.delivery.test_delivery_calculation.TestDeliveryPageCalculation#test_positive_delivery_blue_zone_smoke","historyId":"95f694f6adc130155d4f19b21da55956","time":{"start":1708305027810,"stop":1708305028419,"duration":609},"status":"broken","statusMessage":"selenium.common.exceptions.NoSuchElementException: Message: no such element: Unable to locate element: {\"method\":\"xpath\",\"selector\":\"(//a[@class='add-to-cart yellow-btn'])[1]\"}\n  (Session info: chrome-headless-shell=121.0.6167.184); For documentation on this error, please visit: https://www.selenium.dev/documentation/webdriver/troubleshooting/errors#no-such-element-exception\nStacktrace:\n#0 0x55eb01a4e303 <unknown>\n#1 0x55eb017332b7 <unknown>\n#2 0x55eb0177ecc0 <unknown>\n#3 0x55eb0177edb1 <unknown>\n#4 0x55eb017c2b44 <unknown>\n#5 0x55eb017a13ad <unknown>\n#6 0x55eb017c007c <unknown>\n#7 0x55eb017a1123 <unknown>\n#8 0x55eb01771095 <unknown>\n#9 0x55eb0177209e <unknown>\n#10 0x55eb01a126ab <unknown>\n#11 0x55eb01a164ba <unknown>\n#12 0x55eb019fef85 <unknown>\n#13 0x55eb01a1712f <unknown>\n#14 0x55eb019e2e6f <unknown>\n#15 0x55eb01a3b5f8 <unknown>\n#16 0x55eb01a3b7c2 <unknown>\n#17 0x55eb01a4d4a4 <unknown>\n#18 0x7f6f71cb0134 <unknown>","statusTrace":"self = <tests.delivery.test_delivery_calculation.TestDeliveryPageCalculation object at 0x7f31db435dd0>\ndriver = <selenium.webdriver.chrome.webdriver.WebDriver (session=\"dd9461d15be2062100cd7781e4f2a9ef\")>\nurl = 'https://sandboxtest.stroyrem-nn.ru/', case_id = 'TD 018'\nlink_item = 'products/shtukaturka-gipsovaya-aksolit-m50-30-kg-mashinnogo-naneseniya'\namount = 16, weight = 500, standard = 850, in_time = 2490, all_time = 3320\n\n    @pytest.mark.parametrize('case_id, link_item, amount, weight, standard, in_time, all_time', [\n        (\"TD 015\", bundeks_25, 1, 30, 650, 2390, 3320),\n        pytest.param(\n            \"TD 016\", aksolit_30, 8, 300, 650, 2390, 3320,\n            marks=pytest.mark.xfail(reson=\"Цена доставки: - - -\")\n        ),\n        (\"TD 017\", aksolit_30, 13, 400, 650, 2390, 3320),\n        (\"TD 018\", aksolit_30, 16, 500, 850, 2490, 3320),\n        (\"TD 019\", aksolit_30, 25, 1700, 1150, 2490, 3320),\n        (\"TD 020\", aksolit_30, 66, 2000, 1500, 2990, 3650),\n        (\"TD 021\", aksolit_30, 149, 4500, 2600, 4380, 4890),\n        (\"TD 022\", aksolit_30, 166, 5000, 2800, 5490, 5980),\n        pytest.param(\n            \"TD 023\", aksolit_30, 206, 6200, 3300, 7500, 8000,\n            marks=pytest.mark.xfail(reson=\"Цена доставки: 4300 9900 11440\")\n        ),\n        (\"TD 024\", aksolit_30, 299, 9000, 4300, 9900, 11440),\n        (\"TD 025\", aksolit_30, 333, 10000, 7000, 13900, 15900),\n        pytest.param(\n            \"TD 026\", aksolit_30, 366, 11000, 8000, 14900, 19900,\n            marks=pytest.mark.xfail(reson=\"Цена доставки: 7000 13900 15900\")\n        ),\n        pytest.param(\n            \"TD 027\", aksolit_30, 666, 20000, 14000, 16900, 23900,\n            marks=pytest.mark.xfail(reson=\"Цена доставки: 7000 13900 15900\")\n        )\n    ])\n    @pytest.mark.smoke\n    def test_positive_delivery_blue_zone_smoke(\n            self, driver, url, case_id, link_item, amount, weight, standard, in_time, all_time\n    ):\n        allure.dynamic.title(f\"{case_id} Доставка товара весом до {weight}кг. в синей зоне\")\n    \n        driver.get(f'{url}{link_item}')\n        item_page = ItemPage(driver)\n>       item_page.add_item_to_cart(amount).click_on_cart()\n\ntests/delivery/test_delivery_calculation.py:130: \n_ _ _ _ _ _ _ _ _ _ _ _ _ _ _ _ _ _ _ _ _ _ _ _ _ _ _ _ _ _ _ _ _ _ _ _ _ _ _ _ \npages/item_page.py:40: in add_item_to_cart\n    self.find_element(self._add_item).click()\nbase/seleniumbase.py:17: in find_element\n    return self.driver.find_element(*locator)\n/usr/local/lib/python3.11/site-packages/selenium/webdriver/remote/webdriver.py:740: in find_element\n    return self.execute(Command.FIND_ELEMENT, {\"using\": by, \"value\": value})[\"value\"]\n/usr/local/lib/python3.11/site-packages/selenium/webdriver/remote/webdriver.py:346: in execute\n    self.error_handler.check_response(response)\n_ _ _ _ _ _ _ _ _ _ _ _ _ _ _ _ _ _ _ _ _ _ _ _ _ _ _ _ _ _ _ _ _ _ _ _ _ _ _ _ \n\nself = <selenium.webdriver.remote.errorhandler.ErrorHandler object at 0x7f31db1e93d0>\nresponse = {'status': 404, 'value': '{\"value\":{\"error\":\"no such element\",\"message\":\"no such element: Unable to locate element: {\\...\\\\n#16 0x55eb01a3b7c2 \\\\u003Cunknown>\\\\n#17 0x55eb01a4d4a4 \\\\u003Cunknown>\\\\n#18 0x7f6f71cb0134 \\\\u003Cunknown>\\\\n\"}}'}\n\n    def check_response(self, response: Dict[str, Any]) -> None:\n        \"\"\"Checks that a JSON response from the WebDriver does not have an\n        error.\n    \n        :Args:\n         - response - The JSON response from the WebDriver server as a dictionary\n           object.\n    \n        :Raises: If the response contains an error message.\n        \"\"\"\n        status = response.get(\"status\", None)\n        if not status or status == ErrorCode.SUCCESS:\n            return\n        value = None\n        message = response.get(\"message\", \"\")\n        screen: str = response.get(\"screen\", \"\")\n        stacktrace = None\n        if isinstance(status, int):\n            value_json = response.get(\"value\", None)\n            if value_json and isinstance(value_json, str):\n                import json\n    \n                try:\n                    value = json.loads(value_json)\n                    if len(value) == 1:\n                        value = value[\"value\"]\n                    status = value.get(\"error\", None)\n                    if not status:\n                        status = value.get(\"status\", ErrorCode.UNKNOWN_ERROR)\n                        message = value.get(\"value\") or value.get(\"message\")\n                        if not isinstance(message, str):\n                            value = message\n                            message = message.get(\"message\")\n                    else:\n                        message = value.get(\"message\", None)\n                except ValueError:\n                    pass\n    \n        exception_class: Type[WebDriverException]\n        if status in ErrorCode.NO_SUCH_ELEMENT:\n            exception_class = NoSuchElementException\n        elif status in ErrorCode.NO_SUCH_FRAME:\n            exception_class = NoSuchFrameException\n        elif status in ErrorCode.NO_SUCH_SHADOW_ROOT:\n            exception_class = NoSuchShadowRootException\n        elif status in ErrorCode.NO_SUCH_WINDOW:\n            exception_class = NoSuchWindowException\n        elif status in ErrorCode.STALE_ELEMENT_REFERENCE:\n            exception_class = StaleElementReferenceException\n        elif status in ErrorCode.ELEMENT_NOT_VISIBLE:\n            exception_class = ElementNotVisibleException\n        elif status in ErrorCode.INVALID_ELEMENT_STATE:\n            exception_class = InvalidElementStateException\n        elif (\n            status in ErrorCode.INVALID_SELECTOR\n            or status in ErrorCode.INVALID_XPATH_SELECTOR\n            or status in ErrorCode.INVALID_XPATH_SELECTOR_RETURN_TYPER\n        ):\n            exception_class = InvalidSelectorException\n        elif status in ErrorCode.ELEMENT_IS_NOT_SELECTABLE:\n            exception_class = ElementNotSelectableException\n        elif status in ErrorCode.ELEMENT_NOT_INTERACTABLE:\n            exception_class = ElementNotInteractableException\n        elif status in ErrorCode.INVALID_COOKIE_DOMAIN:\n            exception_class = InvalidCookieDomainException\n        elif status in ErrorCode.UNABLE_TO_SET_COOKIE:\n            exception_class = UnableToSetCookieException\n        elif status in ErrorCode.TIMEOUT:\n            exception_class = TimeoutException\n        elif status in ErrorCode.SCRIPT_TIMEOUT:\n            exception_class = TimeoutException\n        elif status in ErrorCode.UNKNOWN_ERROR:\n            exception_class = WebDriverException\n        elif status in ErrorCode.UNEXPECTED_ALERT_OPEN:\n            exception_class = UnexpectedAlertPresentException\n        elif status in ErrorCode.NO_ALERT_OPEN:\n            exception_class = NoAlertPresentException\n        elif status in ErrorCode.IME_NOT_AVAILABLE:\n            exception_class = ImeNotAvailableException\n        elif status in ErrorCode.IME_ENGINE_ACTIVATION_FAILED:\n            exception_class = ImeActivationFailedException\n        elif status in ErrorCode.MOVE_TARGET_OUT_OF_BOUNDS:\n            exception_class = MoveTargetOutOfBoundsException\n        elif status in ErrorCode.JAVASCRIPT_ERROR:\n            exception_class = JavascriptException\n        elif status in ErrorCode.SESSION_NOT_CREATED:\n            exception_class = SessionNotCreatedException\n        elif status in ErrorCode.INVALID_ARGUMENT:\n            exception_class = InvalidArgumentException\n        elif status in ErrorCode.NO_SUCH_COOKIE:\n            exception_class = NoSuchCookieException\n        elif status in ErrorCode.UNABLE_TO_CAPTURE_SCREEN:\n            exception_class = ScreenshotException\n        elif status in ErrorCode.ELEMENT_CLICK_INTERCEPTED:\n            exception_class = ElementClickInterceptedException\n        elif status in ErrorCode.INSECURE_CERTIFICATE:\n            exception_class = InsecureCertificateException\n        elif status in ErrorCode.INVALID_COORDINATES:\n            exception_class = InvalidCoordinatesException\n        elif status in ErrorCode.INVALID_SESSION_ID:\n            exception_class = InvalidSessionIdException\n        elif status in ErrorCode.UNKNOWN_METHOD:\n            exception_class = UnknownMethodException\n        else:\n            exception_class = WebDriverException\n        if not value:\n            value = response[\"value\"]\n        if isinstance(value, str):\n            raise exception_class(value)\n        if message == \"\" and \"message\" in value:\n            message = value[\"message\"]\n    \n        screen = None  # type: ignore[assignment]\n        if \"screen\" in value:\n            screen = value[\"screen\"]\n    \n        stacktrace = None\n        st_value = value.get(\"stackTrace\") or value.get(\"stacktrace\")\n        if st_value:\n            if isinstance(st_value, str):\n                stacktrace = st_value.split(\"\\n\")\n            else:\n                stacktrace = []\n                try:\n                    for frame in st_value:\n                        line = frame.get(\"lineNumber\", \"\")\n                        file = frame.get(\"fileName\", \"<anonymous>\")\n                        if line:\n                            file = f\"{file}:{line}\"\n                        meth = frame.get(\"methodName\", \"<anonymous>\")\n                        if \"className\" in frame:\n                            meth = f\"{frame['className']}.{meth}\"\n                        msg = \"    at %s (%s)\"\n                        msg = msg % (meth, file)\n                        stacktrace.append(msg)\n                except TypeError:\n                    pass\n        if exception_class == UnexpectedAlertPresentException:\n            alert_text = None\n            if \"data\" in value:\n                alert_text = value[\"data\"].get(\"text\")\n            elif \"alert\" in value:\n                alert_text = value[\"alert\"].get(\"text\")\n            raise exception_class(message, screen, stacktrace, alert_text)  # type: ignore[call-arg]  # mypy is not smart enough here\n>       raise exception_class(message, screen, stacktrace)\nE       selenium.common.exceptions.NoSuchElementException: Message: no such element: Unable to locate element: {\"method\":\"xpath\",\"selector\":\"(//a[@class='add-to-cart yellow-btn'])[1]\"}\nE         (Session info: chrome-headless-shell=121.0.6167.184); For documentation on this error, please visit: https://www.selenium.dev/documentation/webdriver/troubleshooting/errors#no-such-element-exception\nE       Stacktrace:\nE       #0 0x55eb01a4e303 <unknown>\nE       #1 0x55eb017332b7 <unknown>\nE       #2 0x55eb0177ecc0 <unknown>\nE       #3 0x55eb0177edb1 <unknown>\nE       #4 0x55eb017c2b44 <unknown>\nE       #5 0x55eb017a13ad <unknown>\nE       #6 0x55eb017c007c <unknown>\nE       #7 0x55eb017a1123 <unknown>\nE       #8 0x55eb01771095 <unknown>\nE       #9 0x55eb0177209e <unknown>\nE       #10 0x55eb01a126ab <unknown>\nE       #11 0x55eb01a164ba <unknown>\nE       #12 0x55eb019fef85 <unknown>\nE       #13 0x55eb01a1712f <unknown>\nE       #14 0x55eb019e2e6f <unknown>\nE       #15 0x55eb01a3b5f8 <unknown>\nE       #16 0x55eb01a3b7c2 <unknown>\nE       #17 0x55eb01a4d4a4 <unknown>\nE       #18 0x7f6f71cb0134 <unknown>\n\n/usr/local/lib/python3.11/site-packages/selenium/webdriver/remote/errorhandler.py:245: NoSuchElementException","flaky":false,"newFailed":false,"newBroken":false,"newPassed":false,"retriesCount":0,"retriesStatusChange":false,"beforeStages":[{"name":"_session_faker","time":{"start":1708304509548,"stop":1708304509614,"duration":66},"status":"passed","steps":[],"attachments":[],"parameters":[],"shouldDisplayMessage":false,"stepsCount":0,"attachmentsCount":0,"hasContent":false,"attachmentStep":false},{"name":"clear_allure_results_folder","time":{"start":1708304509614,"stop":1708304509614,"duration":0},"status":"passed","steps":[],"attachments":[],"parameters":[],"shouldDisplayMessage":false,"stepsCount":0,"attachmentsCount":0,"hasContent":false,"attachmentStep":false},{"name":"driver","time":{"start":1708305027037,"stop":1708305027809,"duration":772},"status":"passed","steps":[],"attachments":[],"parameters":[],"shouldDisplayMessage":false,"stepsCount":0,"attachmentsCount":0,"hasContent":false,"attachmentStep":false},{"name":"setup","time":{"start":1708305027809,"stop":1708305027809,"duration":0},"status":"passed","steps":[],"attachments":[],"parameters":[],"shouldDisplayMessage":false,"stepsCount":0,"attachmentsCount":0,"hasContent":false,"attachmentStep":false}],"testStage":{"status":"broken","statusMessage":"selenium.common.exceptions.NoSuchElementException: Message: no such element: Unable to locate element: {\"method\":\"xpath\",\"selector\":\"(//a[@class='add-to-cart yellow-btn'])[1]\"}\n  (Session info: chrome-headless-shell=121.0.6167.184); For documentation on this error, please visit: https://www.selenium.dev/documentation/webdriver/troubleshooting/errors#no-such-element-exception\nStacktrace:\n#0 0x55eb01a4e303 <unknown>\n#1 0x55eb017332b7 <unknown>\n#2 0x55eb0177ecc0 <unknown>\n#3 0x55eb0177edb1 <unknown>\n#4 0x55eb017c2b44 <unknown>\n#5 0x55eb017a13ad <unknown>\n#6 0x55eb017c007c <unknown>\n#7 0x55eb017a1123 <unknown>\n#8 0x55eb01771095 <unknown>\n#9 0x55eb0177209e <unknown>\n#10 0x55eb01a126ab <unknown>\n#11 0x55eb01a164ba <unknown>\n#12 0x55eb019fef85 <unknown>\n#13 0x55eb01a1712f <unknown>\n#14 0x55eb019e2e6f <unknown>\n#15 0x55eb01a3b5f8 <unknown>\n#16 0x55eb01a3b7c2 <unknown>\n#17 0x55eb01a4d4a4 <unknown>\n#18 0x7f6f71cb0134 <unknown>","statusTrace":"self = <tests.delivery.test_delivery_calculation.TestDeliveryPageCalculation object at 0x7f31db435dd0>\ndriver = <selenium.webdriver.chrome.webdriver.WebDriver (session=\"dd9461d15be2062100cd7781e4f2a9ef\")>\nurl = 'https://sandboxtest.stroyrem-nn.ru/', case_id = 'TD 018'\nlink_item = 'products/shtukaturka-gipsovaya-aksolit-m50-30-kg-mashinnogo-naneseniya'\namount = 16, weight = 500, standard = 850, in_time = 2490, all_time = 3320\n\n    @pytest.mark.parametrize('case_id, link_item, amount, weight, standard, in_time, all_time', [\n        (\"TD 015\", bundeks_25, 1, 30, 650, 2390, 3320),\n        pytest.param(\n            \"TD 016\", aksolit_30, 8, 300, 650, 2390, 3320,\n            marks=pytest.mark.xfail(reson=\"Цена доставки: - - -\")\n        ),\n        (\"TD 017\", aksolit_30, 13, 400, 650, 2390, 3320),\n        (\"TD 018\", aksolit_30, 16, 500, 850, 2490, 3320),\n        (\"TD 019\", aksolit_30, 25, 1700, 1150, 2490, 3320),\n        (\"TD 020\", aksolit_30, 66, 2000, 1500, 2990, 3650),\n        (\"TD 021\", aksolit_30, 149, 4500, 2600, 4380, 4890),\n        (\"TD 022\", aksolit_30, 166, 5000, 2800, 5490, 5980),\n        pytest.param(\n            \"TD 023\", aksolit_30, 206, 6200, 3300, 7500, 8000,\n            marks=pytest.mark.xfail(reson=\"Цена доставки: 4300 9900 11440\")\n        ),\n        (\"TD 024\", aksolit_30, 299, 9000, 4300, 9900, 11440),\n        (\"TD 025\", aksolit_30, 333, 10000, 7000, 13900, 15900),\n        pytest.param(\n            \"TD 026\", aksolit_30, 366, 11000, 8000, 14900, 19900,\n            marks=pytest.mark.xfail(reson=\"Цена доставки: 7000 13900 15900\")\n        ),\n        pytest.param(\n            \"TD 027\", aksolit_30, 666, 20000, 14000, 16900, 23900,\n            marks=pytest.mark.xfail(reson=\"Цена доставки: 7000 13900 15900\")\n        )\n    ])\n    @pytest.mark.smoke\n    def test_positive_delivery_blue_zone_smoke(\n            self, driver, url, case_id, link_item, amount, weight, standard, in_time, all_time\n    ):\n        allure.dynamic.title(f\"{case_id} Доставка товара весом до {weight}кг. в синей зоне\")\n    \n        driver.get(f'{url}{link_item}')\n        item_page = ItemPage(driver)\n>       item_page.add_item_to_cart(amount).click_on_cart()\n\ntests/delivery/test_delivery_calculation.py:130: \n_ _ _ _ _ _ _ _ _ _ _ _ _ _ _ _ _ _ _ _ _ _ _ _ _ _ _ _ _ _ _ _ _ _ _ _ _ _ _ _ \npages/item_page.py:40: in add_item_to_cart\n    self.find_element(self._add_item).click()\nbase/seleniumbase.py:17: in find_element\n    return self.driver.find_element(*locator)\n/usr/local/lib/python3.11/site-packages/selenium/webdriver/remote/webdriver.py:740: in find_element\n    return self.execute(Command.FIND_ELEMENT, {\"using\": by, \"value\": value})[\"value\"]\n/usr/local/lib/python3.11/site-packages/selenium/webdriver/remote/webdriver.py:346: in execute\n    self.error_handler.check_response(response)\n_ _ _ _ _ _ _ _ _ _ _ _ _ _ _ _ _ _ _ _ _ _ _ _ _ _ _ _ _ _ _ _ _ _ _ _ _ _ _ _ \n\nself = <selenium.webdriver.remote.errorhandler.ErrorHandler object at 0x7f31db1e93d0>\nresponse = {'status': 404, 'value': '{\"value\":{\"error\":\"no such element\",\"message\":\"no such element: Unable to locate element: {\\...\\\\n#16 0x55eb01a3b7c2 \\\\u003Cunknown>\\\\n#17 0x55eb01a4d4a4 \\\\u003Cunknown>\\\\n#18 0x7f6f71cb0134 \\\\u003Cunknown>\\\\n\"}}'}\n\n    def check_response(self, response: Dict[str, Any]) -> None:\n        \"\"\"Checks that a JSON response from the WebDriver does not have an\n        error.\n    \n        :Args:\n         - response - The JSON response from the WebDriver server as a dictionary\n           object.\n    \n        :Raises: If the response contains an error message.\n        \"\"\"\n        status = response.get(\"status\", None)\n        if not status or status == ErrorCode.SUCCESS:\n            return\n        value = None\n        message = response.get(\"message\", \"\")\n        screen: str = response.get(\"screen\", \"\")\n        stacktrace = None\n        if isinstance(status, int):\n            value_json = response.get(\"value\", None)\n            if value_json and isinstance(value_json, str):\n                import json\n    \n                try:\n                    value = json.loads(value_json)\n                    if len(value) == 1:\n                        value = value[\"value\"]\n                    status = value.get(\"error\", None)\n                    if not status:\n                        status = value.get(\"status\", ErrorCode.UNKNOWN_ERROR)\n                        message = value.get(\"value\") or value.get(\"message\")\n                        if not isinstance(message, str):\n                            value = message\n                            message = message.get(\"message\")\n                    else:\n                        message = value.get(\"message\", None)\n                except ValueError:\n                    pass\n    \n        exception_class: Type[WebDriverException]\n        if status in ErrorCode.NO_SUCH_ELEMENT:\n            exception_class = NoSuchElementException\n        elif status in ErrorCode.NO_SUCH_FRAME:\n            exception_class = NoSuchFrameException\n        elif status in ErrorCode.NO_SUCH_SHADOW_ROOT:\n            exception_class = NoSuchShadowRootException\n        elif status in ErrorCode.NO_SUCH_WINDOW:\n            exception_class = NoSuchWindowException\n        elif status in ErrorCode.STALE_ELEMENT_REFERENCE:\n            exception_class = StaleElementReferenceException\n        elif status in ErrorCode.ELEMENT_NOT_VISIBLE:\n            exception_class = ElementNotVisibleException\n        elif status in ErrorCode.INVALID_ELEMENT_STATE:\n            exception_class = InvalidElementStateException\n        elif (\n            status in ErrorCode.INVALID_SELECTOR\n            or status in ErrorCode.INVALID_XPATH_SELECTOR\n            or status in ErrorCode.INVALID_XPATH_SELECTOR_RETURN_TYPER\n        ):\n            exception_class = InvalidSelectorException\n        elif status in ErrorCode.ELEMENT_IS_NOT_SELECTABLE:\n            exception_class = ElementNotSelectableException\n        elif status in ErrorCode.ELEMENT_NOT_INTERACTABLE:\n            exception_class = ElementNotInteractableException\n        elif status in ErrorCode.INVALID_COOKIE_DOMAIN:\n            exception_class = InvalidCookieDomainException\n        elif status in ErrorCode.UNABLE_TO_SET_COOKIE:\n            exception_class = UnableToSetCookieException\n        elif status in ErrorCode.TIMEOUT:\n            exception_class = TimeoutException\n        elif status in ErrorCode.SCRIPT_TIMEOUT:\n            exception_class = TimeoutException\n        elif status in ErrorCode.UNKNOWN_ERROR:\n            exception_class = WebDriverException\n        elif status in ErrorCode.UNEXPECTED_ALERT_OPEN:\n            exception_class = UnexpectedAlertPresentException\n        elif status in ErrorCode.NO_ALERT_OPEN:\n            exception_class = NoAlertPresentException\n        elif status in ErrorCode.IME_NOT_AVAILABLE:\n            exception_class = ImeNotAvailableException\n        elif status in ErrorCode.IME_ENGINE_ACTIVATION_FAILED:\n            exception_class = ImeActivationFailedException\n        elif status in ErrorCode.MOVE_TARGET_OUT_OF_BOUNDS:\n            exception_class = MoveTargetOutOfBoundsException\n        elif status in ErrorCode.JAVASCRIPT_ERROR:\n            exception_class = JavascriptException\n        elif status in ErrorCode.SESSION_NOT_CREATED:\n            exception_class = SessionNotCreatedException\n        elif status in ErrorCode.INVALID_ARGUMENT:\n            exception_class = InvalidArgumentException\n        elif status in ErrorCode.NO_SUCH_COOKIE:\n            exception_class = NoSuchCookieException\n        elif status in ErrorCode.UNABLE_TO_CAPTURE_SCREEN:\n            exception_class = ScreenshotException\n        elif status in ErrorCode.ELEMENT_CLICK_INTERCEPTED:\n            exception_class = ElementClickInterceptedException\n        elif status in ErrorCode.INSECURE_CERTIFICATE:\n            exception_class = InsecureCertificateException\n        elif status in ErrorCode.INVALID_COORDINATES:\n            exception_class = InvalidCoordinatesException\n        elif status in ErrorCode.INVALID_SESSION_ID:\n            exception_class = InvalidSessionIdException\n        elif status in ErrorCode.UNKNOWN_METHOD:\n            exception_class = UnknownMethodException\n        else:\n            exception_class = WebDriverException\n        if not value:\n            value = response[\"value\"]\n        if isinstance(value, str):\n            raise exception_class(value)\n        if message == \"\" and \"message\" in value:\n            message = value[\"message\"]\n    \n        screen = None  # type: ignore[assignment]\n        if \"screen\" in value:\n            screen = value[\"screen\"]\n    \n        stacktrace = None\n        st_value = value.get(\"stackTrace\") or value.get(\"stacktrace\")\n        if st_value:\n            if isinstance(st_value, str):\n                stacktrace = st_value.split(\"\\n\")\n            else:\n                stacktrace = []\n                try:\n                    for frame in st_value:\n                        line = frame.get(\"lineNumber\", \"\")\n                        file = frame.get(\"fileName\", \"<anonymous>\")\n                        if line:\n                            file = f\"{file}:{line}\"\n                        meth = frame.get(\"methodName\", \"<anonymous>\")\n                        if \"className\" in frame:\n                            meth = f\"{frame['className']}.{meth}\"\n                        msg = \"    at %s (%s)\"\n                        msg = msg % (meth, file)\n                        stacktrace.append(msg)\n                except TypeError:\n                    pass\n        if exception_class == UnexpectedAlertPresentException:\n            alert_text = None\n            if \"data\" in value:\n                alert_text = value[\"data\"].get(\"text\")\n            elif \"alert\" in value:\n                alert_text = value[\"alert\"].get(\"text\")\n            raise exception_class(message, screen, stacktrace, alert_text)  # type: ignore[call-arg]  # mypy is not smart enough here\n>       raise exception_class(message, screen, stacktrace)\nE       selenium.common.exceptions.NoSuchElementException: Message: no such element: Unable to locate element: {\"method\":\"xpath\",\"selector\":\"(//a[@class='add-to-cart yellow-btn'])[1]\"}\nE         (Session info: chrome-headless-shell=121.0.6167.184); For documentation on this error, please visit: https://www.selenium.dev/documentation/webdriver/troubleshooting/errors#no-such-element-exception\nE       Stacktrace:\nE       #0 0x55eb01a4e303 <unknown>\nE       #1 0x55eb017332b7 <unknown>\nE       #2 0x55eb0177ecc0 <unknown>\nE       #3 0x55eb0177edb1 <unknown>\nE       #4 0x55eb017c2b44 <unknown>\nE       #5 0x55eb017a13ad <unknown>\nE       #6 0x55eb017c007c <unknown>\nE       #7 0x55eb017a1123 <unknown>\nE       #8 0x55eb01771095 <unknown>\nE       #9 0x55eb0177209e <unknown>\nE       #10 0x55eb01a126ab <unknown>\nE       #11 0x55eb01a164ba <unknown>\nE       #12 0x55eb019fef85 <unknown>\nE       #13 0x55eb01a1712f <unknown>\nE       #14 0x55eb019e2e6f <unknown>\nE       #15 0x55eb01a3b5f8 <unknown>\nE       #16 0x55eb01a3b7c2 <unknown>\nE       #17 0x55eb01a4d4a4 <unknown>\nE       #18 0x7f6f71cb0134 <unknown>\n\n/usr/local/lib/python3.11/site-packages/selenium/webdriver/remote/errorhandler.py:245: NoSuchElementException","steps":[{"name":"Добавляем товар в корзину в количестве 16","time":{"start":1708305028407,"stop":1708305028419,"duration":12},"status":"broken","statusMessage":"selenium.common.exceptions.NoSuchElementException: Message: no such element: Unable to locate element: {\"method\":\"xpath\",\"selector\":\"(//a[@class='add-to-cart yellow-btn'])[1]\"}\n  (Session info: chrome-headless-shell=121.0.6167.184); For documentation on this error, please visit: https://www.selenium.dev/documentation/webdriver/troubleshooting/errors#no-such-element-exception\nStacktrace:\n#0 0x55eb01a4e303 <unknown>\n#1 0x55eb017332b7 <unknown>\n#2 0x55eb0177ecc0 <unknown>\n#3 0x55eb0177edb1 <unknown>\n#4 0x55eb017c2b44 <unknown>\n#5 0x55eb017a13ad <unknown>\n#6 0x55eb017c007c <unknown>\n#7 0x55eb017a1123 <unknown>\n#8 0x55eb01771095 <unknown>\n#9 0x55eb0177209e <unknown>\n#10 0x55eb01a126ab <unknown>\n#11 0x55eb01a164ba <unknown>\n#12 0x55eb019fef85 <unknown>\n#13 0x55eb01a1712f <unknown>\n#14 0x55eb019e2e6f <unknown>\n#15 0x55eb01a3b5f8 <unknown>\n#16 0x55eb01a3b7c2 <unknown>\n#17 0x55eb01a4d4a4 <unknown>\n#18 0x7f6f71cb0134 <unknown>\n\n","statusTrace":"  File \"/usr/local/lib/python3.11/site-packages/allure_commons/_allure.py\", line 192, in impl\n    return func(*a, **kw)\n           ^^^^^^^^^^^^^^\n  File \"/app/pages/item_page.py\", line 40, in add_item_to_cart\n    self.find_element(self._add_item).click()\n    ^^^^^^^^^^^^^^^^^^^^^^^^^^^^^^^^^\n  File \"/app/base/seleniumbase.py\", line 17, in find_element\n    return self.driver.find_element(*locator)\n           ^^^^^^^^^^^^^^^^^^^^^^^^^^^^^^^^^^\n  File \"/usr/local/lib/python3.11/site-packages/selenium/webdriver/remote/webdriver.py\", line 740, in find_element\n    return self.execute(Command.FIND_ELEMENT, {\"using\": by, \"value\": value})[\"value\"]\n           ^^^^^^^^^^^^^^^^^^^^^^^^^^^^^^^^^^^^^^^^^^^^^^^^^^^^^^^^^^^^^^^^^\n  File \"/usr/local/lib/python3.11/site-packages/selenium/webdriver/remote/webdriver.py\", line 346, in execute\n    self.error_handler.check_response(response)\n  File \"/usr/local/lib/python3.11/site-packages/selenium/webdriver/remote/errorhandler.py\", line 245, in check_response\n    raise exception_class(message, screen, stacktrace)\n","steps":[],"attachments":[],"parameters":[{"name":"amount","value":"16"}],"shouldDisplayMessage":true,"stepsCount":0,"attachmentsCount":0,"hasContent":true,"attachmentStep":false}],"attachments":[{"uid":"2ea19df8629b71df","name":"Screenshot","source":"2ea19df8629b71df.png","type":"image/png","size":5862},{"uid":"cd951640c31a1f33","name":"HTML source","source":"cd951640c31a1f33.html","type":"text/html","size":39}],"parameters":[],"shouldDisplayMessage":true,"stepsCount":1,"attachmentsCount":2,"hasContent":true,"attachmentStep":false},"afterStages":[{"name":"setup::0","time":{"start":1708305028527,"stop":1708305028527,"duration":0},"status":"passed","steps":[],"attachments":[],"parameters":[],"shouldDisplayMessage":false,"stepsCount":0,"attachmentsCount":0,"hasContent":false,"attachmentStep":false},{"name":"driver::0","time":{"start":1708305028527,"stop":1708305028584,"duration":57},"status":"passed","steps":[],"attachments":[],"parameters":[],"shouldDisplayMessage":false,"stepsCount":0,"attachmentsCount":0,"hasContent":false,"attachmentStep":false}],"labels":[{"name":"epic","value":"Delivery Page - calculation"},{"name":"tag","value":"smoke"},{"name":"parentSuite","value":"tests.delivery"},{"name":"suite","value":"test_delivery_calculation"},{"name":"subSuite","value":"TestDeliveryPageCalculation"},{"name":"host","value":"f7270b96fe59"},{"name":"thread","value":"1-MainThread"},{"name":"framework","value":"pytest"},{"name":"language","value":"cpython3"},{"name":"package","value":"tests.delivery.test_delivery_calculation"},{"name":"resultFormat","value":"allure2"}],"parameters":[{"name":"all_time","value":"3320"},{"name":"amount","value":"16"},{"name":"case_id","value":"'TD 018'"},{"name":"in_time","value":"2490"},{"name":"link_item","value":"'products/shtukaturka-gipsovaya-aksolit-m50-30-kg-mashinnogo-naneseniya'"},{"name":"standard","value":"850"},{"name":"url","value":"'https://sandboxtest.stroyrem-nn.ru/'"},{"name":"weight","value":"500"}],"links":[],"hidden":false,"retry":false,"extra":{"severity":"normal","retries":[],"categories":[{"name":"Test defects","matchedStatuses":[],"flaky":false}],"history":{"statistic":{"failed":0,"broken":173,"skipped":0,"passed":0,"unknown":0,"total":173},"items":[{"uid":"c057da185f179ddf","reportUrl":"https://zaelcovsky.github.io/StroyremAutomation/236//#testresult/c057da185f179ddf","status":"broken","statusDetails":"selenium.common.exceptions.NoSuchElementException: Message: no such element: Unable to locate element: {\"method\":\"xpath\",\"selector\":\"(//a[@class='add-to-cart yellow-btn'])[1]\"}\n  (Session info: chrome-headless-shell=121.0.6167.184); For documentation on this error, please visit: https://www.selenium.dev/documentation/webdriver/troubleshooting/errors#no-such-element-exception\nStacktrace:\n#0 0x5573ce0c7303 <unknown>\n#1 0x5573cddac2b7 <unknown>\n#2 0x5573cddf7cc0 <unknown>\n#3 0x5573cddf7db1 <unknown>\n#4 0x5573cde3bb44 <unknown>\n#5 0x5573cde1a3ad <unknown>\n#6 0x5573cde3907c <unknown>\n#7 0x5573cde1a123 <unknown>\n#8 0x5573cddea095 <unknown>\n#9 0x5573cddeb09e <unknown>\n#10 0x5573ce08b6ab <unknown>\n#11 0x5573ce08f4ba <unknown>\n#12 0x5573ce077f85 <unknown>\n#13 0x5573ce09012f <unknown>\n#14 0x5573ce05be6f <unknown>\n#15 0x5573ce0b45f8 <unknown>\n#16 0x5573ce0b47c2 <unknown>\n#17 0x5573ce0c64a4 <unknown>\n#18 0x7fdfa4314134 <unknown>","time":{"start":1708218713863,"stop":1708218714220,"duration":357}},{"uid":"be2cc9532efe6c7","reportUrl":"https://zaelcovsky.github.io/StroyremAutomation/235//#testresult/be2cc9532efe6c7","status":"broken","statusDetails":"selenium.common.exceptions.NoSuchElementException: Message: no such element: Unable to locate element: {\"method\":\"xpath\",\"selector\":\"(//a[@class='add-to-cart yellow-btn'])[1]\"}\n  (Session info: chrome-headless-shell=121.0.6167.184); For documentation on this error, please visit: https://www.selenium.dev/documentation/webdriver/troubleshooting/errors#no-such-element-exception\nStacktrace:\n#0 0x5648578fe303 <unknown>\n#1 0x5648575e32b7 <unknown>\n#2 0x56485762ecc0 <unknown>\n#3 0x56485762edb1 <unknown>\n#4 0x564857672b44 <unknown>\n#5 0x5648576513ad <unknown>\n#6 0x56485767007c <unknown>\n#7 0x564857651123 <unknown>\n#8 0x564857621095 <unknown>\n#9 0x56485762209e <unknown>\n#10 0x5648578c26ab <unknown>\n#11 0x5648578c64ba <unknown>\n#12 0x5648578aef85 <unknown>\n#13 0x5648578c712f <unknown>\n#14 0x564857892e6f <unknown>\n#15 0x5648578eb5f8 <unknown>\n#16 0x5648578eb7c2 <unknown>\n#17 0x5648578fd4a4 <unknown>\n#18 0x7f410b07b134 <unknown>","time":{"start":1708132009609,"stop":1708132010022,"duration":413}},{"uid":"ed5254a886ac340d","reportUrl":"https://zaelcovsky.github.io/StroyremAutomation/234//#testresult/ed5254a886ac340d","status":"broken","statusDetails":"selenium.common.exceptions.NoSuchElementException: Message: no such element: Unable to locate element: {\"method\":\"xpath\",\"selector\":\"(//a[@class='add-to-cart yellow-btn'])[1]\"}\n  (Session info: chrome-headless-shell=121.0.6167.85); For documentation on this error, please visit: https://www.selenium.dev/documentation/webdriver/troubleshooting/errors#no-such-element-exception\nStacktrace:\n#0 0x55f1f7594d93 <unknown>\n#1 0x55f1f7278337 <unknown>\n#2 0x55f1f72c3d60 <unknown>\n#3 0x55f1f72c3e51 <unknown>\n#4 0x55f1f7307bc4 <unknown>\n#5 0x55f1f72e646d <unknown>\n#6 0x55f1f730512d <unknown>\n#7 0x55f1f72e61e3 <unknown>\n#8 0x55f1f72b6135 <unknown>\n#9 0x55f1f72b713e <unknown>\n#10 0x55f1f7558e4b <unknown>\n#11 0x55f1f755cdfa <unknown>\n#12 0x55f1f75456d5 <unknown>\n#13 0x55f1f755da6f <unknown>\n#14 0x55f1f752969f <unknown>\n#15 0x55f1f7582098 <unknown>\n#16 0x55f1f7582262 <unknown>\n#17 0x55f1f7593f34 <unknown>\n#18 0x7fb77720d134 <unknown>","time":{"start":1708045657501,"stop":1708045657812,"duration":311}},{"uid":"b71f24e1d44ff929","reportUrl":"https://zaelcovsky.github.io/StroyremAutomation/233//#testresult/b71f24e1d44ff929","status":"broken","statusDetails":"selenium.common.exceptions.NoSuchElementException: Message: no such element: Unable to locate element: {\"method\":\"xpath\",\"selector\":\"(//a[@class='add-to-cart yellow-btn'])[1]\"}\n  (Session info: chrome-headless-shell=121.0.6167.85); For documentation on this error, please visit: https://www.selenium.dev/documentation/webdriver/troubleshooting/errors#no-such-element-exception\nStacktrace:\n#0 0x558773fdcd93 <unknown>\n#1 0x558773cc0337 <unknown>\n#2 0x558773d0bd60 <unknown>\n#3 0x558773d0be51 <unknown>\n#4 0x558773d4fbc4 <unknown>\n#5 0x558773d2e46d <unknown>\n#6 0x558773d4d12d <unknown>\n#7 0x558773d2e1e3 <unknown>\n#8 0x558773cfe135 <unknown>\n#9 0x558773cff13e <unknown>\n#10 0x558773fa0e4b <unknown>\n#11 0x558773fa4dfa <unknown>\n#12 0x558773f8d6d5 <unknown>\n#13 0x558773fa5a6f <unknown>\n#14 0x558773f7169f <unknown>\n#15 0x558773fca098 <unknown>\n#16 0x558773fca262 <unknown>\n#17 0x558773fdbf34 <unknown>\n#18 0x7fd5ed5b4134 <unknown>","time":{"start":1707959362420,"stop":1707959362814,"duration":394}},{"uid":"13c268efeca339b0","reportUrl":"https://zaelcovsky.github.io/StroyremAutomation/232//#testresult/13c268efeca339b0","status":"broken","statusDetails":"selenium.common.exceptions.NoSuchElementException: Message: no such element: Unable to locate element: {\"method\":\"xpath\",\"selector\":\"(//a[@class='add-to-cart yellow-btn'])[1]\"}\n  (Session info: chrome-headless-shell=121.0.6167.85); For documentation on this error, please visit: https://www.selenium.dev/documentation/webdriver/troubleshooting/errors#no-such-element-exception\nStacktrace:\n#0 0x55e9c3fa7d93 <unknown>\n#1 0x55e9c3c8b337 <unknown>\n#2 0x55e9c3cd6d60 <unknown>\n#3 0x55e9c3cd6e51 <unknown>\n#4 0x55e9c3d1abc4 <unknown>\n#5 0x55e9c3cf946d <unknown>\n#6 0x55e9c3d1812d <unknown>\n#7 0x55e9c3cf91e3 <unknown>\n#8 0x55e9c3cc9135 <unknown>\n#9 0x55e9c3cca13e <unknown>\n#10 0x55e9c3f6be4b <unknown>\n#11 0x55e9c3f6fdfa <unknown>\n#12 0x55e9c3f586d5 <unknown>\n#13 0x55e9c3f70a6f <unknown>\n#14 0x55e9c3f3c69f <unknown>\n#15 0x55e9c3f95098 <unknown>\n#16 0x55e9c3f95262 <unknown>\n#17 0x55e9c3fa6f34 <unknown>\n#18 0x7fab3d356134 <unknown>","time":{"start":1707872906578,"stop":1707872907008,"duration":430}},{"uid":"e4f9472b5aa00af4","reportUrl":"https://zaelcovsky.github.io/StroyremAutomation/231//#testresult/e4f9472b5aa00af4","status":"broken","statusDetails":"selenium.common.exceptions.NoSuchElementException: Message: no such element: Unable to locate element: {\"method\":\"xpath\",\"selector\":\"(//a[@class='add-to-cart yellow-btn'])[1]\"}\n  (Session info: chrome-headless-shell=121.0.6167.85); For documentation on this error, please visit: https://www.selenium.dev/documentation/webdriver/troubleshooting/errors#no-such-element-exception\nStacktrace:\n#0 0x563898f7fd93 <unknown>\n#1 0x563898c63337 <unknown>\n#2 0x563898caed60 <unknown>\n#3 0x563898caee51 <unknown>\n#4 0x563898cf2bc4 <unknown>\n#5 0x563898cd146d <unknown>\n#6 0x563898cf012d <unknown>\n#7 0x563898cd11e3 <unknown>\n#8 0x563898ca1135 <unknown>\n#9 0x563898ca213e <unknown>\n#10 0x563898f43e4b <unknown>\n#11 0x563898f47dfa <unknown>\n#12 0x563898f306d5 <unknown>\n#13 0x563898f48a6f <unknown>\n#14 0x563898f1469f <unknown>\n#15 0x563898f6d098 <unknown>\n#16 0x563898f6d262 <unknown>\n#17 0x563898f7ef34 <unknown>\n#18 0x7f4144f47134 <unknown>","time":{"start":1707786615094,"stop":1707786615517,"duration":423}},{"uid":"e07a21ac32e2bf22","reportUrl":"https://zaelcovsky.github.io/StroyremAutomation/230//#testresult/e07a21ac32e2bf22","status":"broken","statusDetails":"selenium.common.exceptions.NoSuchElementException: Message: no such element: Unable to locate element: {\"method\":\"xpath\",\"selector\":\"(//a[@class='add-to-cart yellow-btn'])[1]\"}\n  (Session info: chrome-headless-shell=121.0.6167.85); For documentation on this error, please visit: https://www.selenium.dev/documentation/webdriver/troubleshooting/errors#no-such-element-exception\nStacktrace:\n#0 0x558fdd563d93 <unknown>\n#1 0x558fdd247337 <unknown>\n#2 0x558fdd292d60 <unknown>\n#3 0x558fdd292e51 <unknown>\n#4 0x558fdd2d6bc4 <unknown>\n#5 0x558fdd2b546d <unknown>\n#6 0x558fdd2d412d <unknown>\n#7 0x558fdd2b51e3 <unknown>\n#8 0x558fdd285135 <unknown>\n#9 0x558fdd28613e <unknown>\n#10 0x558fdd527e4b <unknown>\n#11 0x558fdd52bdfa <unknown>\n#12 0x558fdd5146d5 <unknown>\n#13 0x558fdd52ca6f <unknown>\n#14 0x558fdd4f869f <unknown>\n#15 0x558fdd551098 <unknown>\n#16 0x558fdd551262 <unknown>\n#17 0x558fdd562f34 <unknown>\n#18 0x7f10463a4134 <unknown>","time":{"start":1707700103431,"stop":1707700103841,"duration":410}},{"uid":"3512e9b18b1c513c","reportUrl":"https://zaelcovsky.github.io/StroyremAutomation/229//#testresult/3512e9b18b1c513c","status":"broken","statusDetails":"selenium.common.exceptions.NoSuchElementException: Message: no such element: Unable to locate element: {\"method\":\"xpath\",\"selector\":\"(//a[@class='add-to-cart yellow-btn'])[1]\"}\n  (Session info: chrome-headless-shell=121.0.6167.85); For documentation on this error, please visit: https://www.selenium.dev/documentation/webdriver/troubleshooting/errors#no-such-element-exception\nStacktrace:\n#0 0x55c8480a1d93 <unknown>\n#1 0x55c847d85337 <unknown>\n#2 0x55c847dd0d60 <unknown>\n#3 0x55c847dd0e51 <unknown>\n#4 0x55c847e14bc4 <unknown>\n#5 0x55c847df346d <unknown>\n#6 0x55c847e1212d <unknown>\n#7 0x55c847df31e3 <unknown>\n#8 0x55c847dc3135 <unknown>\n#9 0x55c847dc413e <unknown>\n#10 0x55c848065e4b <unknown>\n#11 0x55c848069dfa <unknown>\n#12 0x55c8480526d5 <unknown>\n#13 0x55c84806aa6f <unknown>\n#14 0x55c84803669f <unknown>\n#15 0x55c84808f098 <unknown>\n#16 0x55c84808f262 <unknown>\n#17 0x55c8480a0f34 <unknown>\n#18 0x7f3b3eef5134 <unknown>","time":{"start":1707613929421,"stop":1707613929856,"duration":435}},{"uid":"340edb5cdb1e2d68","reportUrl":"https://zaelcovsky.github.io/StroyremAutomation/228//#testresult/340edb5cdb1e2d68","status":"broken","statusDetails":"selenium.common.exceptions.NoSuchElementException: Message: no such element: Unable to locate element: {\"method\":\"xpath\",\"selector\":\"(//a[@class='add-to-cart yellow-btn'])[1]\"}\n  (Session info: chrome-headless-shell=121.0.6167.85); For documentation on this error, please visit: https://www.selenium.dev/documentation/webdriver/troubleshooting/errors#no-such-element-exception\nStacktrace:\n#0 0x557a84530d93 <unknown>\n#1 0x557a84214337 <unknown>\n#2 0x557a8425fd60 <unknown>\n#3 0x557a8425fe51 <unknown>\n#4 0x557a842a3bc4 <unknown>\n#5 0x557a8428246d <unknown>\n#6 0x557a842a112d <unknown>\n#7 0x557a842821e3 <unknown>\n#8 0x557a84252135 <unknown>\n#9 0x557a8425313e <unknown>\n#10 0x557a844f4e4b <unknown>\n#11 0x557a844f8dfa <unknown>\n#12 0x557a844e16d5 <unknown>\n#13 0x557a844f9a6f <unknown>\n#14 0x557a844c569f <unknown>\n#15 0x557a8451e098 <unknown>\n#16 0x557a8451e262 <unknown>\n#17 0x557a8452ff34 <unknown>\n#18 0x7fa484bb0134 <unknown>","time":{"start":1707527138213,"stop":1707527138519,"duration":306}},{"uid":"6fa40a82dd0e770f","reportUrl":"https://zaelcovsky.github.io/StroyremAutomation/227//#testresult/6fa40a82dd0e770f","status":"broken","statusDetails":"selenium.common.exceptions.NoSuchElementException: Message: no such element: Unable to locate element: {\"method\":\"xpath\",\"selector\":\"(//a[@class='add-to-cart yellow-btn'])[1]\"}\n  (Session info: chrome-headless-shell=121.0.6167.85); For documentation on this error, please visit: https://www.selenium.dev/documentation/webdriver/troubleshooting/errors#no-such-element-exception\nStacktrace:\n#0 0x561495eb0d93 <unknown>\n#1 0x561495b94337 <unknown>\n#2 0x561495bdfd60 <unknown>\n#3 0x561495bdfe51 <unknown>\n#4 0x561495c23bc4 <unknown>\n#5 0x561495c0246d <unknown>\n#6 0x561495c2112d <unknown>\n#7 0x561495c021e3 <unknown>\n#8 0x561495bd2135 <unknown>\n#9 0x561495bd313e <unknown>\n#10 0x561495e74e4b <unknown>\n#11 0x561495e78dfa <unknown>\n#12 0x561495e616d5 <unknown>\n#13 0x561495e79a6f <unknown>\n#14 0x561495e4569f <unknown>\n#15 0x561495e9e098 <unknown>\n#16 0x561495e9e262 <unknown>\n#17 0x561495eaff34 <unknown>\n#18 0x7f44ad77e134 <unknown>","time":{"start":1707440828002,"stop":1707440828326,"duration":324}},{"uid":"65280779883da534","reportUrl":"https://zaelcovsky.github.io/StroyremAutomation/226//#testresult/65280779883da534","status":"broken","statusDetails":"selenium.common.exceptions.NoSuchElementException: Message: no such element: Unable to locate element: {\"method\":\"xpath\",\"selector\":\"(//a[@class='add-to-cart yellow-btn'])[1]\"}\n  (Session info: chrome-headless-shell=121.0.6167.85); For documentation on this error, please visit: https://www.selenium.dev/documentation/webdriver/troubleshooting/errors#no-such-element-exception\nStacktrace:\n#0 0x559cce016d93 <unknown>\n#1 0x559ccdcfa337 <unknown>\n#2 0x559ccdd45d60 <unknown>\n#3 0x559ccdd45e51 <unknown>\n#4 0x559ccdd89bc4 <unknown>\n#5 0x559ccdd6846d <unknown>\n#6 0x559ccdd8712d <unknown>\n#7 0x559ccdd681e3 <unknown>\n#8 0x559ccdd38135 <unknown>\n#9 0x559ccdd3913e <unknown>\n#10 0x559ccdfdae4b <unknown>\n#11 0x559ccdfdedfa <unknown>\n#12 0x559ccdfc76d5 <unknown>\n#13 0x559ccdfdfa6f <unknown>\n#14 0x559ccdfab69f <unknown>\n#15 0x559cce004098 <unknown>\n#16 0x559cce004262 <unknown>\n#17 0x559cce015f34 <unknown>\n#18 0x7f5af0e5a134 <unknown>","time":{"start":1707354415857,"stop":1707354416274,"duration":417}},{"uid":"6451eda0dbe5992e","reportUrl":"https://zaelcovsky.github.io/StroyremAutomation/225//#testresult/6451eda0dbe5992e","status":"broken","statusDetails":"selenium.common.exceptions.NoSuchElementException: Message: no such element: Unable to locate element: {\"method\":\"xpath\",\"selector\":\"(//a[@class='add-to-cart yellow-btn'])[1]\"}\n  (Session info: chrome-headless-shell=121.0.6167.85); For documentation on this error, please visit: https://www.selenium.dev/documentation/webdriver/troubleshooting/errors#no-such-element-exception\nStacktrace:\n#0 0x5649a8302d93 <unknown>\n#1 0x5649a7fe6337 <unknown>\n#2 0x5649a8031d60 <unknown>\n#3 0x5649a8031e51 <unknown>\n#4 0x5649a8075bc4 <unknown>\n#5 0x5649a805446d <unknown>\n#6 0x5649a807312d <unknown>\n#7 0x5649a80541e3 <unknown>\n#8 0x5649a8024135 <unknown>\n#9 0x5649a802513e <unknown>\n#10 0x5649a82c6e4b <unknown>\n#11 0x5649a82cadfa <unknown>\n#12 0x5649a82b36d5 <unknown>\n#13 0x5649a82cba6f <unknown>\n#14 0x5649a829769f <unknown>\n#15 0x5649a82f0098 <unknown>\n#16 0x5649a82f0262 <unknown>\n#17 0x5649a8301f34 <unknown>\n#18 0x7fa209aa2134 <unknown>","time":{"start":1707267962146,"stop":1707267962453,"duration":307}},{"uid":"8219cb09bdd1374b","reportUrl":"https://zaelcovsky.github.io/StroyremAutomation/224//#testresult/8219cb09bdd1374b","status":"broken","statusDetails":"selenium.common.exceptions.NoSuchElementException: Message: no such element: Unable to locate element: {\"method\":\"xpath\",\"selector\":\"(//a[@class='add-to-cart yellow-btn'])[1]\"}\n  (Session info: chrome-headless-shell=121.0.6167.85); For documentation on this error, please visit: https://www.selenium.dev/documentation/webdriver/troubleshooting/errors#no-such-element-exception\nStacktrace:\n#0 0x55dcb07fed93 <unknown>\n#1 0x55dcb04e2337 <unknown>\n#2 0x55dcb052dd60 <unknown>\n#3 0x55dcb052de51 <unknown>\n#4 0x55dcb0571bc4 <unknown>\n#5 0x55dcb055046d <unknown>\n#6 0x55dcb056f12d <unknown>\n#7 0x55dcb05501e3 <unknown>\n#8 0x55dcb0520135 <unknown>\n#9 0x55dcb052113e <unknown>\n#10 0x55dcb07c2e4b <unknown>\n#11 0x55dcb07c6dfa <unknown>\n#12 0x55dcb07af6d5 <unknown>\n#13 0x55dcb07c7a6f <unknown>\n#14 0x55dcb079369f <unknown>\n#15 0x55dcb07ec098 <unknown>\n#16 0x55dcb07ec262 <unknown>\n#17 0x55dcb07fdf34 <unknown>\n#18 0x7f2102ec8134 <unknown>","time":{"start":1707181665162,"stop":1707181665440,"duration":278}},{"uid":"f35135c26b18cf63","reportUrl":"https://zaelcovsky.github.io/StroyremAutomation/223//#testresult/f35135c26b18cf63","status":"broken","statusDetails":"selenium.common.exceptions.NoSuchElementException: Message: no such element: Unable to locate element: {\"method\":\"xpath\",\"selector\":\"(//a[@class='add-to-cart yellow-btn'])[1]\"}\n  (Session info: chrome-headless-shell=121.0.6167.85); For documentation on this error, please visit: https://www.selenium.dev/documentation/webdriver/troubleshooting/errors#no-such-element-exception\nStacktrace:\n#0 0x55b479813d93 <unknown>\n#1 0x55b4794f7337 <unknown>\n#2 0x55b479542d60 <unknown>\n#3 0x55b479542e51 <unknown>\n#4 0x55b479586bc4 <unknown>\n#5 0x55b47956546d <unknown>\n#6 0x55b47958412d <unknown>\n#7 0x55b4795651e3 <unknown>\n#8 0x55b479535135 <unknown>\n#9 0x55b47953613e <unknown>\n#10 0x55b4797d7e4b <unknown>\n#11 0x55b4797dbdfa <unknown>\n#12 0x55b4797c46d5 <unknown>\n#13 0x55b4797dca6f <unknown>\n#14 0x55b4797a869f <unknown>\n#15 0x55b479801098 <unknown>\n#16 0x55b479801262 <unknown>\n#17 0x55b479812f34 <unknown>\n#18 0x7ff277aa0134 <unknown>","time":{"start":1707095392214,"stop":1707095392520,"duration":306}},{"uid":"6dc96174537ce234","reportUrl":"https://zaelcovsky.github.io/StroyremAutomation/222//#testresult/6dc96174537ce234","status":"broken","statusDetails":"selenium.common.exceptions.NoSuchElementException: Message: no such element: Unable to locate element: {\"method\":\"xpath\",\"selector\":\"(//a[@class='add-to-cart yellow-btn'])[1]\"}\n  (Session info: chrome-headless-shell=121.0.6167.85); For documentation on this error, please visit: https://www.selenium.dev/documentation/webdriver/troubleshooting/errors#no-such-element-exception\nStacktrace:\n#0 0x560a1285ed93 <unknown>\n#1 0x560a12542337 <unknown>\n#2 0x560a1258dd60 <unknown>\n#3 0x560a1258de51 <unknown>\n#4 0x560a125d1bc4 <unknown>\n#5 0x560a125b046d <unknown>\n#6 0x560a125cf12d <unknown>\n#7 0x560a125b01e3 <unknown>\n#8 0x560a12580135 <unknown>\n#9 0x560a1258113e <unknown>\n#10 0x560a12822e4b <unknown>\n#11 0x560a12826dfa <unknown>\n#12 0x560a1280f6d5 <unknown>\n#13 0x560a12827a6f <unknown>\n#14 0x560a127f369f <unknown>\n#15 0x560a1284c098 <unknown>\n#16 0x560a1284c262 <unknown>\n#17 0x560a1285df34 <unknown>\n#18 0x7fc876e4c134 <unknown>","time":{"start":1707009144720,"stop":1707009145041,"duration":321}},{"uid":"fdd2e09f063036a3","reportUrl":"https://zaelcovsky.github.io/StroyremAutomation/221//#testresult/fdd2e09f063036a3","status":"broken","statusDetails":"selenium.common.exceptions.NoSuchElementException: Message: no such element: Unable to locate element: {\"method\":\"xpath\",\"selector\":\"(//a[@class='add-to-cart yellow-btn'])[1]\"}\n  (Session info: chrome-headless-shell=121.0.6167.85); For documentation on this error, please visit: https://www.selenium.dev/documentation/webdriver/troubleshooting/errors#no-such-element-exception\nStacktrace:\n#0 0x55a67c674d93 <unknown>\n#1 0x55a67c358337 <unknown>\n#2 0x55a67c3a3d60 <unknown>\n#3 0x55a67c3a3e51 <unknown>\n#4 0x55a67c3e7bc4 <unknown>\n#5 0x55a67c3c646d <unknown>\n#6 0x55a67c3e512d <unknown>\n#7 0x55a67c3c61e3 <unknown>\n#8 0x55a67c396135 <unknown>\n#9 0x55a67c39713e <unknown>\n#10 0x55a67c638e4b <unknown>\n#11 0x55a67c63cdfa <unknown>\n#12 0x55a67c6256d5 <unknown>\n#13 0x55a67c63da6f <unknown>\n#14 0x55a67c60969f <unknown>\n#15 0x55a67c662098 <unknown>\n#16 0x55a67c662262 <unknown>\n#17 0x55a67c673f34 <unknown>\n#18 0x7fbcd2a03134 <unknown>","time":{"start":1706922426655,"stop":1706922426963,"duration":308}},{"uid":"841385ce4d5bc7d5","reportUrl":"https://zaelcovsky.github.io/StroyremAutomation/220//#testresult/841385ce4d5bc7d5","status":"broken","statusDetails":"selenium.common.exceptions.NoSuchElementException: Message: no such element: Unable to locate element: {\"method\":\"xpath\",\"selector\":\"(//a[@class='add-to-cart yellow-btn'])[1]\"}\n  (Session info: chrome-headless-shell=121.0.6167.85); For documentation on this error, please visit: https://www.selenium.dev/documentation/webdriver/troubleshooting/errors#no-such-element-exception\nStacktrace:\n#0 0x55a2ec3afd93 <unknown>\n#1 0x55a2ec093337 <unknown>\n#2 0x55a2ec0ded60 <unknown>\n#3 0x55a2ec0dee51 <unknown>\n#4 0x55a2ec122bc4 <unknown>\n#5 0x55a2ec10146d <unknown>\n#6 0x55a2ec12012d <unknown>\n#7 0x55a2ec1011e3 <unknown>\n#8 0x55a2ec0d1135 <unknown>\n#9 0x55a2ec0d213e <unknown>\n#10 0x55a2ec373e4b <unknown>\n#11 0x55a2ec377dfa <unknown>\n#12 0x55a2ec3606d5 <unknown>\n#13 0x55a2ec378a6f <unknown>\n#14 0x55a2ec34469f <unknown>\n#15 0x55a2ec39d098 <unknown>\n#16 0x55a2ec39d262 <unknown>\n#17 0x55a2ec3aef34 <unknown>\n#18 0x7fbbcb829134 <unknown>","time":{"start":1706836094472,"stop":1706836094802,"duration":330}},{"uid":"e898cf137377f7cf","reportUrl":"https://zaelcovsky.github.io/StroyremAutomation/219//#testresult/e898cf137377f7cf","status":"broken","statusDetails":"selenium.common.exceptions.NoSuchElementException: Message: no such element: Unable to locate element: {\"method\":\"xpath\",\"selector\":\"(//a[@class='add-to-cart yellow-btn'])[1]\"}\n  (Session info: chrome-headless-shell=121.0.6167.85); For documentation on this error, please visit: https://www.selenium.dev/documentation/webdriver/troubleshooting/errors#no-such-element-exception\nStacktrace:\n#0 0x55b27cb16d93 <unknown>\n#1 0x55b27c7fa337 <unknown>\n#2 0x55b27c845d60 <unknown>\n#3 0x55b27c845e51 <unknown>\n#4 0x55b27c889bc4 <unknown>\n#5 0x55b27c86846d <unknown>\n#6 0x55b27c88712d <unknown>\n#7 0x55b27c8681e3 <unknown>\n#8 0x55b27c838135 <unknown>\n#9 0x55b27c83913e <unknown>\n#10 0x55b27cadae4b <unknown>\n#11 0x55b27cadedfa <unknown>\n#12 0x55b27cac76d5 <unknown>\n#13 0x55b27cadfa6f <unknown>\n#14 0x55b27caab69f <unknown>\n#15 0x55b27cb04098 <unknown>\n#16 0x55b27cb04262 <unknown>\n#17 0x55b27cb15f34 <unknown>\n#18 0x7f1cfd910044 <unknown>","time":{"start":1706749989812,"stop":1706749990257,"duration":445}},{"uid":"4c8f6900ed8702d6","reportUrl":"https://zaelcovsky.github.io/StroyremAutomation/218//#testresult/4c8f6900ed8702d6","status":"broken","statusDetails":"selenium.common.exceptions.NoSuchElementException: Message: no such element: Unable to locate element: {\"method\":\"xpath\",\"selector\":\"(//a[@class='add-to-cart yellow-btn'])[1]\"}\n  (Session info: chrome-headless-shell=121.0.6167.85); For documentation on this error, please visit: https://www.selenium.dev/documentation/webdriver/troubleshooting/errors#no-such-element-exception\nStacktrace:\n#0 0x55bc3497cd93 <unknown>\n#1 0x55bc34660337 <unknown>\n#2 0x55bc346abd60 <unknown>\n#3 0x55bc346abe51 <unknown>\n#4 0x55bc346efbc4 <unknown>\n#5 0x55bc346ce46d <unknown>\n#6 0x55bc346ed12d <unknown>\n#7 0x55bc346ce1e3 <unknown>\n#8 0x55bc3469e135 <unknown>\n#9 0x55bc3469f13e <unknown>\n#10 0x55bc34940e4b <unknown>\n#11 0x55bc34944dfa <unknown>\n#12 0x55bc3492d6d5 <unknown>\n#13 0x55bc34945a6f <unknown>\n#14 0x55bc3491169f <unknown>\n#15 0x55bc3496a098 <unknown>\n#16 0x55bc3496a262 <unknown>\n#17 0x55bc3497bf34 <unknown>\n#18 0x7fdcd22c0044 <unknown>","time":{"start":1706663306367,"stop":1706663306692,"duration":325}},{"uid":"e044e767f7ec871d","reportUrl":"https://zaelcovsky.github.io/StroyremAutomation/217//#testresult/e044e767f7ec871d","status":"broken","statusDetails":"selenium.common.exceptions.NoSuchElementException: Message: no such element: Unable to locate element: {\"method\":\"xpath\",\"selector\":\"(//a[@class='add-to-cart yellow-btn'])[1]\"}\n  (Session info: chrome-headless-shell=121.0.6167.85); For documentation on this error, please visit: https://www.selenium.dev/documentation/webdriver/troubleshooting/errors#no-such-element-exception\nStacktrace:\n#0 0x55c97c951d93 <unknown>\n#1 0x55c97c635337 <unknown>\n#2 0x55c97c680d60 <unknown>\n#3 0x55c97c680e51 <unknown>\n#4 0x55c97c6c4bc4 <unknown>\n#5 0x55c97c6a346d <unknown>\n#6 0x55c97c6c212d <unknown>\n#7 0x55c97c6a31e3 <unknown>\n#8 0x55c97c673135 <unknown>\n#9 0x55c97c67413e <unknown>\n#10 0x55c97c915e4b <unknown>\n#11 0x55c97c919dfa <unknown>\n#12 0x55c97c9026d5 <unknown>\n#13 0x55c97c91aa6f <unknown>\n#14 0x55c97c8e669f <unknown>\n#15 0x55c97c93f098 <unknown>\n#16 0x55c97c93f262 <unknown>\n#17 0x55c97c950f34 <unknown>\n#18 0x7fedd6398044 <unknown>","time":{"start":1706576864528,"stop":1706576864925,"duration":397}}]},"tags":["smoke"]},"source":"b6a3bb8cb43fd2ae.json","parameterValues":["3320","16","'TD 018'","2490","'products/shtukaturka-gipsovaya-aksolit-m50-30-kg-mashinnogo-naneseniya'","850","'https://sandboxtest.stroyrem-nn.ru/'","500"]}