{"uid":"3e6de3ebda256f72","name":"test_positive_delivery_green_zone_smoke[TD 003-products/shtukaturka-gipsovaya-aksolit-m50-30-kg-mashinnogo-naneseniya-8-300-400-1590-2190-https://sandboxtest.stroyrem-nn.ru/]","fullName":"tests.delivery.test_delivery_calculation.TestDeliveryPageCalculation#test_positive_delivery_green_zone_smoke","historyId":"239a587b1da1301f58068db5c0d7b1f1","time":{"start":1707267942381,"stop":1707267942795,"duration":414},"status":"broken","statusMessage":"selenium.common.exceptions.NoSuchElementException: Message: no such element: Unable to locate element: {\"method\":\"xpath\",\"selector\":\"(//a[@class='add-to-cart yellow-btn'])[1]\"}\n  (Session info: chrome-headless-shell=121.0.6167.85); For documentation on this error, please visit: https://www.selenium.dev/documentation/webdriver/troubleshooting/errors#no-such-element-exception\nStacktrace:\n#0 0x55e7193d6d93 <unknown>\n#1 0x55e7190ba337 <unknown>\n#2 0x55e719105d60 <unknown>\n#3 0x55e719105e51 <unknown>\n#4 0x55e719149bc4 <unknown>\n#5 0x55e71912846d <unknown>\n#6 0x55e71914712d <unknown>\n#7 0x55e7191281e3 <unknown>\n#8 0x55e7190f8135 <unknown>\n#9 0x55e7190f913e <unknown>\n#10 0x55e71939ae4b <unknown>\n#11 0x55e71939edfa <unknown>\n#12 0x55e7193876d5 <unknown>\n#13 0x55e71939fa6f <unknown>\n#14 0x55e71936b69f <unknown>\n#15 0x55e7193c4098 <unknown>\n#16 0x55e7193c4262 <unknown>\n#17 0x55e7193d5f34 <unknown>\n#18 0x7f8dc6ce6134 <unknown>","statusTrace":"self = <tests.delivery.test_delivery_calculation.TestDeliveryPageCalculation object at 0x7f39cea5d690>\ndriver = <selenium.webdriver.chrome.webdriver.WebDriver (session=\"001364bd079f28874eb8d1d64e802dc7\")>\nurl = 'https://sandboxtest.stroyrem-nn.ru/', case_id = 'TD 003'\nlink_item = 'products/shtukaturka-gipsovaya-aksolit-m50-30-kg-mashinnogo-naneseniya'\namount = 8, weight = 300, standard = 400, in_time = 1590, all_time = 2190\n\n    @pytest.mark.parametrize('case_id, link_item, amount, weight, standard, in_time, all_time', [\n        (\"TD 001\", uroven_3000, 1, 30, 0, 1590, 2190),\n        (\"TD 002\", bundeks_25, 1, 30, 400, 1590, 2190),\n        (\"TD 003\", aksolit_30, 8, 300, 400, 1590, 2190),\n        (\"TD 004\", aksolit_30, 13, 400, 450, 1590, 2190),\n        (\"TD 005\", aksolit_30, 16, 500, 600, 1590, 2190),\n        (\"TD 006\", aksolit_30, 25, 1700, 990, 1990, 2480),\n        (\"TD 007\", aksolit_30, 66, 2000, 1300, 2490, 2980),\n        (\"TD 008\", aksolit_30, 149, 4500, 2300, 3980, 4490),\n        (\"TD 009\", aksolit_30, 166, 5000, 2500, 4990, 5480),\n        pytest.param(\n            \"TD 010\", aksolit_30, 206, 6200, 2900, 5570, 6120,\n            marks=pytest.mark.xfail(reson=\"Цена доставки 3600 7960 8980\")\n        ),\n        (\"TD 011\", aksolit_30, 299, 9000, 3600, 7960, 8980),\n        (\"TD 012\", aksolit_30, 333, 10000, 4450, 11990, 12500),\n        pytest.param(\n            \"TD 013\", aksolit_30, 366, 11000, 4800, 12450, 13480,\n            marks=pytest.mark.xfail(reason=\"Цена стандартной доставки 4450\")\n        ),\n        pytest.param(\n            \"TD 014\", aksolit_30, 666, 20000, 5400, 15600, 17490,\n            marks=pytest.mark.xfail(reason=\"Цена стандартной доставки 4450\")\n        )\n    ])\n    @pytest.mark.smoke\n    def test_positive_delivery_green_zone_smoke(\n            self, driver, url, case_id, link_item, amount, weight, standard, in_time, all_time\n    ):\n    \n        driver.get(f'{url}{link_item}')\n        item_page = ItemPage(driver)\n>       item_page.add_item_to_cart(amount).click_on_cart()\n\ntests/delivery/test_delivery_calculation.py:49: \n_ _ _ _ _ _ _ _ _ _ _ _ _ _ _ _ _ _ _ _ _ _ _ _ _ _ _ _ _ _ _ _ _ _ _ _ _ _ _ _ \npages/item_page.py:40: in add_item_to_cart\n    self.find_element(self._add_item).click()\nbase/seleniumbase.py:17: in find_element\n    return self.driver.find_element(*locator)\n/usr/local/lib/python3.11/site-packages/selenium/webdriver/remote/webdriver.py:740: in find_element\n    return self.execute(Command.FIND_ELEMENT, {\"using\": by, \"value\": value})[\"value\"]\n/usr/local/lib/python3.11/site-packages/selenium/webdriver/remote/webdriver.py:346: in execute\n    self.error_handler.check_response(response)\n_ _ _ _ _ _ _ _ _ _ _ _ _ _ _ _ _ _ _ _ _ _ _ _ _ _ _ _ _ _ _ _ _ _ _ _ _ _ _ _ \n\nself = <selenium.webdriver.remote.errorhandler.ErrorHandler object at 0x7f39ce5c6e50>\nresponse = {'status': 404, 'value': '{\"value\":{\"error\":\"no such element\",\"message\":\"no such element: Unable to locate element: {\\...\\\\n#16 0x55e7193c4262 \\\\u003Cunknown>\\\\n#17 0x55e7193d5f34 \\\\u003Cunknown>\\\\n#18 0x7f8dc6ce6134 \\\\u003Cunknown>\\\\n\"}}'}\n\n    def check_response(self, response: Dict[str, Any]) -> None:\n        \"\"\"Checks that a JSON response from the WebDriver does not have an\n        error.\n    \n        :Args:\n         - response - The JSON response from the WebDriver server as a dictionary\n           object.\n    \n        :Raises: If the response contains an error message.\n        \"\"\"\n        status = response.get(\"status\", None)\n        if not status or status == ErrorCode.SUCCESS:\n            return\n        value = None\n        message = response.get(\"message\", \"\")\n        screen: str = response.get(\"screen\", \"\")\n        stacktrace = None\n        if isinstance(status, int):\n            value_json = response.get(\"value\", None)\n            if value_json and isinstance(value_json, str):\n                import json\n    \n                try:\n                    value = json.loads(value_json)\n                    if len(value) == 1:\n                        value = value[\"value\"]\n                    status = value.get(\"error\", None)\n                    if not status:\n                        status = value.get(\"status\", ErrorCode.UNKNOWN_ERROR)\n                        message = value.get(\"value\") or value.get(\"message\")\n                        if not isinstance(message, str):\n                            value = message\n                            message = message.get(\"message\")\n                    else:\n                        message = value.get(\"message\", None)\n                except ValueError:\n                    pass\n    \n        exception_class: Type[WebDriverException]\n        if status in ErrorCode.NO_SUCH_ELEMENT:\n            exception_class = NoSuchElementException\n        elif status in ErrorCode.NO_SUCH_FRAME:\n            exception_class = NoSuchFrameException\n        elif status in ErrorCode.NO_SUCH_SHADOW_ROOT:\n            exception_class = NoSuchShadowRootException\n        elif status in ErrorCode.NO_SUCH_WINDOW:\n            exception_class = NoSuchWindowException\n        elif status in ErrorCode.STALE_ELEMENT_REFERENCE:\n            exception_class = StaleElementReferenceException\n        elif status in ErrorCode.ELEMENT_NOT_VISIBLE:\n            exception_class = ElementNotVisibleException\n        elif status in ErrorCode.INVALID_ELEMENT_STATE:\n            exception_class = InvalidElementStateException\n        elif (\n            status in ErrorCode.INVALID_SELECTOR\n            or status in ErrorCode.INVALID_XPATH_SELECTOR\n            or status in ErrorCode.INVALID_XPATH_SELECTOR_RETURN_TYPER\n        ):\n            exception_class = InvalidSelectorException\n        elif status in ErrorCode.ELEMENT_IS_NOT_SELECTABLE:\n            exception_class = ElementNotSelectableException\n        elif status in ErrorCode.ELEMENT_NOT_INTERACTABLE:\n            exception_class = ElementNotInteractableException\n        elif status in ErrorCode.INVALID_COOKIE_DOMAIN:\n            exception_class = InvalidCookieDomainException\n        elif status in ErrorCode.UNABLE_TO_SET_COOKIE:\n            exception_class = UnableToSetCookieException\n        elif status in ErrorCode.TIMEOUT:\n            exception_class = TimeoutException\n        elif status in ErrorCode.SCRIPT_TIMEOUT:\n            exception_class = TimeoutException\n        elif status in ErrorCode.UNKNOWN_ERROR:\n            exception_class = WebDriverException\n        elif status in ErrorCode.UNEXPECTED_ALERT_OPEN:\n            exception_class = UnexpectedAlertPresentException\n        elif status in ErrorCode.NO_ALERT_OPEN:\n            exception_class = NoAlertPresentException\n        elif status in ErrorCode.IME_NOT_AVAILABLE:\n            exception_class = ImeNotAvailableException\n        elif status in ErrorCode.IME_ENGINE_ACTIVATION_FAILED:\n            exception_class = ImeActivationFailedException\n        elif status in ErrorCode.MOVE_TARGET_OUT_OF_BOUNDS:\n            exception_class = MoveTargetOutOfBoundsException\n        elif status in ErrorCode.JAVASCRIPT_ERROR:\n            exception_class = JavascriptException\n        elif status in ErrorCode.SESSION_NOT_CREATED:\n            exception_class = SessionNotCreatedException\n        elif status in ErrorCode.INVALID_ARGUMENT:\n            exception_class = InvalidArgumentException\n        elif status in ErrorCode.NO_SUCH_COOKIE:\n            exception_class = NoSuchCookieException\n        elif status in ErrorCode.UNABLE_TO_CAPTURE_SCREEN:\n            exception_class = ScreenshotException\n        elif status in ErrorCode.ELEMENT_CLICK_INTERCEPTED:\n            exception_class = ElementClickInterceptedException\n        elif status in ErrorCode.INSECURE_CERTIFICATE:\n            exception_class = InsecureCertificateException\n        elif status in ErrorCode.INVALID_COORDINATES:\n            exception_class = InvalidCoordinatesException\n        elif status in ErrorCode.INVALID_SESSION_ID:\n            exception_class = InvalidSessionIdException\n        elif status in ErrorCode.UNKNOWN_METHOD:\n            exception_class = UnknownMethodException\n        else:\n            exception_class = WebDriverException\n        if not value:\n            value = response[\"value\"]\n        if isinstance(value, str):\n            raise exception_class(value)\n        if message == \"\" and \"message\" in value:\n            message = value[\"message\"]\n    \n        screen = None  # type: ignore[assignment]\n        if \"screen\" in value:\n            screen = value[\"screen\"]\n    \n        stacktrace = None\n        st_value = value.get(\"stackTrace\") or value.get(\"stacktrace\")\n        if st_value:\n            if isinstance(st_value, str):\n                stacktrace = st_value.split(\"\\n\")\n            else:\n                stacktrace = []\n                try:\n                    for frame in st_value:\n                        line = frame.get(\"lineNumber\", \"\")\n                        file = frame.get(\"fileName\", \"<anonymous>\")\n                        if line:\n                            file = f\"{file}:{line}\"\n                        meth = frame.get(\"methodName\", \"<anonymous>\")\n                        if \"className\" in frame:\n                            meth = f\"{frame['className']}.{meth}\"\n                        msg = \"    at %s (%s)\"\n                        msg = msg % (meth, file)\n                        stacktrace.append(msg)\n                except TypeError:\n                    pass\n        if exception_class == UnexpectedAlertPresentException:\n            alert_text = None\n            if \"data\" in value:\n                alert_text = value[\"data\"].get(\"text\")\n            elif \"alert\" in value:\n                alert_text = value[\"alert\"].get(\"text\")\n            raise exception_class(message, screen, stacktrace, alert_text)  # type: ignore[call-arg]  # mypy is not smart enough here\n>       raise exception_class(message, screen, stacktrace)\nE       selenium.common.exceptions.NoSuchElementException: Message: no such element: Unable to locate element: {\"method\":\"xpath\",\"selector\":\"(//a[@class='add-to-cart yellow-btn'])[1]\"}\nE         (Session info: chrome-headless-shell=121.0.6167.85); For documentation on this error, please visit: https://www.selenium.dev/documentation/webdriver/troubleshooting/errors#no-such-element-exception\nE       Stacktrace:\nE       #0 0x55e7193d6d93 <unknown>\nE       #1 0x55e7190ba337 <unknown>\nE       #2 0x55e719105d60 <unknown>\nE       #3 0x55e719105e51 <unknown>\nE       #4 0x55e719149bc4 <unknown>\nE       #5 0x55e71912846d <unknown>\nE       #6 0x55e71914712d <unknown>\nE       #7 0x55e7191281e3 <unknown>\nE       #8 0x55e7190f8135 <unknown>\nE       #9 0x55e7190f913e <unknown>\nE       #10 0x55e71939ae4b <unknown>\nE       #11 0x55e71939edfa <unknown>\nE       #12 0x55e7193876d5 <unknown>\nE       #13 0x55e71939fa6f <unknown>\nE       #14 0x55e71936b69f <unknown>\nE       #15 0x55e7193c4098 <unknown>\nE       #16 0x55e7193c4262 <unknown>\nE       #17 0x55e7193d5f34 <unknown>\nE       #18 0x7f8dc6ce6134 <unknown>\n\n/usr/local/lib/python3.11/site-packages/selenium/webdriver/remote/errorhandler.py:245: NoSuchElementException","flaky":false,"newFailed":false,"newBroken":false,"newPassed":false,"retriesCount":0,"retriesStatusChange":false,"beforeStages":[{"name":"_session_faker","time":{"start":1707267531261,"stop":1707267531328,"duration":67},"status":"passed","steps":[],"attachments":[],"parameters":[],"shouldDisplayMessage":false,"stepsCount":0,"attachmentsCount":0,"hasContent":false,"attachmentStep":false},{"name":"clear_allure_results_folder","time":{"start":1707267531328,"stop":1707267531329,"duration":1},"status":"passed","steps":[],"attachments":[],"parameters":[],"shouldDisplayMessage":false,"stepsCount":0,"attachmentsCount":0,"hasContent":false,"attachmentStep":false},{"name":"driver","time":{"start":1707267941648,"stop":1707267942379,"duration":731},"status":"passed","steps":[],"attachments":[],"parameters":[],"shouldDisplayMessage":false,"stepsCount":0,"attachmentsCount":0,"hasContent":false,"attachmentStep":false},{"name":"setup","time":{"start":1707267942380,"stop":1707267942380,"duration":0},"status":"passed","steps":[],"attachments":[],"parameters":[],"shouldDisplayMessage":false,"stepsCount":0,"attachmentsCount":0,"hasContent":false,"attachmentStep":false}],"testStage":{"status":"broken","statusMessage":"selenium.common.exceptions.NoSuchElementException: Message: no such element: Unable to locate element: {\"method\":\"xpath\",\"selector\":\"(//a[@class='add-to-cart yellow-btn'])[1]\"}\n  (Session info: chrome-headless-shell=121.0.6167.85); For documentation on this error, please visit: https://www.selenium.dev/documentation/webdriver/troubleshooting/errors#no-such-element-exception\nStacktrace:\n#0 0x55e7193d6d93 <unknown>\n#1 0x55e7190ba337 <unknown>\n#2 0x55e719105d60 <unknown>\n#3 0x55e719105e51 <unknown>\n#4 0x55e719149bc4 <unknown>\n#5 0x55e71912846d <unknown>\n#6 0x55e71914712d <unknown>\n#7 0x55e7191281e3 <unknown>\n#8 0x55e7190f8135 <unknown>\n#9 0x55e7190f913e <unknown>\n#10 0x55e71939ae4b <unknown>\n#11 0x55e71939edfa <unknown>\n#12 0x55e7193876d5 <unknown>\n#13 0x55e71939fa6f <unknown>\n#14 0x55e71936b69f <unknown>\n#15 0x55e7193c4098 <unknown>\n#16 0x55e7193c4262 <unknown>\n#17 0x55e7193d5f34 <unknown>\n#18 0x7f8dc6ce6134 <unknown>","statusTrace":"self = <tests.delivery.test_delivery_calculation.TestDeliveryPageCalculation object at 0x7f39cea5d690>\ndriver = <selenium.webdriver.chrome.webdriver.WebDriver (session=\"001364bd079f28874eb8d1d64e802dc7\")>\nurl = 'https://sandboxtest.stroyrem-nn.ru/', case_id = 'TD 003'\nlink_item = 'products/shtukaturka-gipsovaya-aksolit-m50-30-kg-mashinnogo-naneseniya'\namount = 8, weight = 300, standard = 400, in_time = 1590, all_time = 2190\n\n    @pytest.mark.parametrize('case_id, link_item, amount, weight, standard, in_time, all_time', [\n        (\"TD 001\", uroven_3000, 1, 30, 0, 1590, 2190),\n        (\"TD 002\", bundeks_25, 1, 30, 400, 1590, 2190),\n        (\"TD 003\", aksolit_30, 8, 300, 400, 1590, 2190),\n        (\"TD 004\", aksolit_30, 13, 400, 450, 1590, 2190),\n        (\"TD 005\", aksolit_30, 16, 500, 600, 1590, 2190),\n        (\"TD 006\", aksolit_30, 25, 1700, 990, 1990, 2480),\n        (\"TD 007\", aksolit_30, 66, 2000, 1300, 2490, 2980),\n        (\"TD 008\", aksolit_30, 149, 4500, 2300, 3980, 4490),\n        (\"TD 009\", aksolit_30, 166, 5000, 2500, 4990, 5480),\n        pytest.param(\n            \"TD 010\", aksolit_30, 206, 6200, 2900, 5570, 6120,\n            marks=pytest.mark.xfail(reson=\"Цена доставки 3600 7960 8980\")\n        ),\n        (\"TD 011\", aksolit_30, 299, 9000, 3600, 7960, 8980),\n        (\"TD 012\", aksolit_30, 333, 10000, 4450, 11990, 12500),\n        pytest.param(\n            \"TD 013\", aksolit_30, 366, 11000, 4800, 12450, 13480,\n            marks=pytest.mark.xfail(reason=\"Цена стандартной доставки 4450\")\n        ),\n        pytest.param(\n            \"TD 014\", aksolit_30, 666, 20000, 5400, 15600, 17490,\n            marks=pytest.mark.xfail(reason=\"Цена стандартной доставки 4450\")\n        )\n    ])\n    @pytest.mark.smoke\n    def test_positive_delivery_green_zone_smoke(\n            self, driver, url, case_id, link_item, amount, weight, standard, in_time, all_time\n    ):\n    \n        driver.get(f'{url}{link_item}')\n        item_page = ItemPage(driver)\n>       item_page.add_item_to_cart(amount).click_on_cart()\n\ntests/delivery/test_delivery_calculation.py:49: \n_ _ _ _ _ _ _ _ _ _ _ _ _ _ _ _ _ _ _ _ _ _ _ _ _ _ _ _ _ _ _ _ _ _ _ _ _ _ _ _ \npages/item_page.py:40: in add_item_to_cart\n    self.find_element(self._add_item).click()\nbase/seleniumbase.py:17: in find_element\n    return self.driver.find_element(*locator)\n/usr/local/lib/python3.11/site-packages/selenium/webdriver/remote/webdriver.py:740: in find_element\n    return self.execute(Command.FIND_ELEMENT, {\"using\": by, \"value\": value})[\"value\"]\n/usr/local/lib/python3.11/site-packages/selenium/webdriver/remote/webdriver.py:346: in execute\n    self.error_handler.check_response(response)\n_ _ _ _ _ _ _ _ _ _ _ _ _ _ _ _ _ _ _ _ _ _ _ _ _ _ _ _ _ _ _ _ _ _ _ _ _ _ _ _ \n\nself = <selenium.webdriver.remote.errorhandler.ErrorHandler object at 0x7f39ce5c6e50>\nresponse = {'status': 404, 'value': '{\"value\":{\"error\":\"no such element\",\"message\":\"no such element: Unable to locate element: {\\...\\\\n#16 0x55e7193c4262 \\\\u003Cunknown>\\\\n#17 0x55e7193d5f34 \\\\u003Cunknown>\\\\n#18 0x7f8dc6ce6134 \\\\u003Cunknown>\\\\n\"}}'}\n\n    def check_response(self, response: Dict[str, Any]) -> None:\n        \"\"\"Checks that a JSON response from the WebDriver does not have an\n        error.\n    \n        :Args:\n         - response - The JSON response from the WebDriver server as a dictionary\n           object.\n    \n        :Raises: If the response contains an error message.\n        \"\"\"\n        status = response.get(\"status\", None)\n        if not status or status == ErrorCode.SUCCESS:\n            return\n        value = None\n        message = response.get(\"message\", \"\")\n        screen: str = response.get(\"screen\", \"\")\n        stacktrace = None\n        if isinstance(status, int):\n            value_json = response.get(\"value\", None)\n            if value_json and isinstance(value_json, str):\n                import json\n    \n                try:\n                    value = json.loads(value_json)\n                    if len(value) == 1:\n                        value = value[\"value\"]\n                    status = value.get(\"error\", None)\n                    if not status:\n                        status = value.get(\"status\", ErrorCode.UNKNOWN_ERROR)\n                        message = value.get(\"value\") or value.get(\"message\")\n                        if not isinstance(message, str):\n                            value = message\n                            message = message.get(\"message\")\n                    else:\n                        message = value.get(\"message\", None)\n                except ValueError:\n                    pass\n    \n        exception_class: Type[WebDriverException]\n        if status in ErrorCode.NO_SUCH_ELEMENT:\n            exception_class = NoSuchElementException\n        elif status in ErrorCode.NO_SUCH_FRAME:\n            exception_class = NoSuchFrameException\n        elif status in ErrorCode.NO_SUCH_SHADOW_ROOT:\n            exception_class = NoSuchShadowRootException\n        elif status in ErrorCode.NO_SUCH_WINDOW:\n            exception_class = NoSuchWindowException\n        elif status in ErrorCode.STALE_ELEMENT_REFERENCE:\n            exception_class = StaleElementReferenceException\n        elif status in ErrorCode.ELEMENT_NOT_VISIBLE:\n            exception_class = ElementNotVisibleException\n        elif status in ErrorCode.INVALID_ELEMENT_STATE:\n            exception_class = InvalidElementStateException\n        elif (\n            status in ErrorCode.INVALID_SELECTOR\n            or status in ErrorCode.INVALID_XPATH_SELECTOR\n            or status in ErrorCode.INVALID_XPATH_SELECTOR_RETURN_TYPER\n        ):\n            exception_class = InvalidSelectorException\n        elif status in ErrorCode.ELEMENT_IS_NOT_SELECTABLE:\n            exception_class = ElementNotSelectableException\n        elif status in ErrorCode.ELEMENT_NOT_INTERACTABLE:\n            exception_class = ElementNotInteractableException\n        elif status in ErrorCode.INVALID_COOKIE_DOMAIN:\n            exception_class = InvalidCookieDomainException\n        elif status in ErrorCode.UNABLE_TO_SET_COOKIE:\n            exception_class = UnableToSetCookieException\n        elif status in ErrorCode.TIMEOUT:\n            exception_class = TimeoutException\n        elif status in ErrorCode.SCRIPT_TIMEOUT:\n            exception_class = TimeoutException\n        elif status in ErrorCode.UNKNOWN_ERROR:\n            exception_class = WebDriverException\n        elif status in ErrorCode.UNEXPECTED_ALERT_OPEN:\n            exception_class = UnexpectedAlertPresentException\n        elif status in ErrorCode.NO_ALERT_OPEN:\n            exception_class = NoAlertPresentException\n        elif status in ErrorCode.IME_NOT_AVAILABLE:\n            exception_class = ImeNotAvailableException\n        elif status in ErrorCode.IME_ENGINE_ACTIVATION_FAILED:\n            exception_class = ImeActivationFailedException\n        elif status in ErrorCode.MOVE_TARGET_OUT_OF_BOUNDS:\n            exception_class = MoveTargetOutOfBoundsException\n        elif status in ErrorCode.JAVASCRIPT_ERROR:\n            exception_class = JavascriptException\n        elif status in ErrorCode.SESSION_NOT_CREATED:\n            exception_class = SessionNotCreatedException\n        elif status in ErrorCode.INVALID_ARGUMENT:\n            exception_class = InvalidArgumentException\n        elif status in ErrorCode.NO_SUCH_COOKIE:\n            exception_class = NoSuchCookieException\n        elif status in ErrorCode.UNABLE_TO_CAPTURE_SCREEN:\n            exception_class = ScreenshotException\n        elif status in ErrorCode.ELEMENT_CLICK_INTERCEPTED:\n            exception_class = ElementClickInterceptedException\n        elif status in ErrorCode.INSECURE_CERTIFICATE:\n            exception_class = InsecureCertificateException\n        elif status in ErrorCode.INVALID_COORDINATES:\n            exception_class = InvalidCoordinatesException\n        elif status in ErrorCode.INVALID_SESSION_ID:\n            exception_class = InvalidSessionIdException\n        elif status in ErrorCode.UNKNOWN_METHOD:\n            exception_class = UnknownMethodException\n        else:\n            exception_class = WebDriverException\n        if not value:\n            value = response[\"value\"]\n        if isinstance(value, str):\n            raise exception_class(value)\n        if message == \"\" and \"message\" in value:\n            message = value[\"message\"]\n    \n        screen = None  # type: ignore[assignment]\n        if \"screen\" in value:\n            screen = value[\"screen\"]\n    \n        stacktrace = None\n        st_value = value.get(\"stackTrace\") or value.get(\"stacktrace\")\n        if st_value:\n            if isinstance(st_value, str):\n                stacktrace = st_value.split(\"\\n\")\n            else:\n                stacktrace = []\n                try:\n                    for frame in st_value:\n                        line = frame.get(\"lineNumber\", \"\")\n                        file = frame.get(\"fileName\", \"<anonymous>\")\n                        if line:\n                            file = f\"{file}:{line}\"\n                        meth = frame.get(\"methodName\", \"<anonymous>\")\n                        if \"className\" in frame:\n                            meth = f\"{frame['className']}.{meth}\"\n                        msg = \"    at %s (%s)\"\n                        msg = msg % (meth, file)\n                        stacktrace.append(msg)\n                except TypeError:\n                    pass\n        if exception_class == UnexpectedAlertPresentException:\n            alert_text = None\n            if \"data\" in value:\n                alert_text = value[\"data\"].get(\"text\")\n            elif \"alert\" in value:\n                alert_text = value[\"alert\"].get(\"text\")\n            raise exception_class(message, screen, stacktrace, alert_text)  # type: ignore[call-arg]  # mypy is not smart enough here\n>       raise exception_class(message, screen, stacktrace)\nE       selenium.common.exceptions.NoSuchElementException: Message: no such element: Unable to locate element: {\"method\":\"xpath\",\"selector\":\"(//a[@class='add-to-cart yellow-btn'])[1]\"}\nE         (Session info: chrome-headless-shell=121.0.6167.85); For documentation on this error, please visit: https://www.selenium.dev/documentation/webdriver/troubleshooting/errors#no-such-element-exception\nE       Stacktrace:\nE       #0 0x55e7193d6d93 <unknown>\nE       #1 0x55e7190ba337 <unknown>\nE       #2 0x55e719105d60 <unknown>\nE       #3 0x55e719105e51 <unknown>\nE       #4 0x55e719149bc4 <unknown>\nE       #5 0x55e71912846d <unknown>\nE       #6 0x55e71914712d <unknown>\nE       #7 0x55e7191281e3 <unknown>\nE       #8 0x55e7190f8135 <unknown>\nE       #9 0x55e7190f913e <unknown>\nE       #10 0x55e71939ae4b <unknown>\nE       #11 0x55e71939edfa <unknown>\nE       #12 0x55e7193876d5 <unknown>\nE       #13 0x55e71939fa6f <unknown>\nE       #14 0x55e71936b69f <unknown>\nE       #15 0x55e7193c4098 <unknown>\nE       #16 0x55e7193c4262 <unknown>\nE       #17 0x55e7193d5f34 <unknown>\nE       #18 0x7f8dc6ce6134 <unknown>\n\n/usr/local/lib/python3.11/site-packages/selenium/webdriver/remote/errorhandler.py:245: NoSuchElementException","steps":[{"name":"Добавляем товар в корзину в количестве 8","time":{"start":1707267942783,"stop":1707267942795,"duration":12},"status":"broken","statusMessage":"selenium.common.exceptions.NoSuchElementException: Message: no such element: Unable to locate element: {\"method\":\"xpath\",\"selector\":\"(//a[@class='add-to-cart yellow-btn'])[1]\"}\n  (Session info: chrome-headless-shell=121.0.6167.85); For documentation on this error, please visit: https://www.selenium.dev/documentation/webdriver/troubleshooting/errors#no-such-element-exception\nStacktrace:\n#0 0x55e7193d6d93 <unknown>\n#1 0x55e7190ba337 <unknown>\n#2 0x55e719105d60 <unknown>\n#3 0x55e719105e51 <unknown>\n#4 0x55e719149bc4 <unknown>\n#5 0x55e71912846d <unknown>\n#6 0x55e71914712d <unknown>\n#7 0x55e7191281e3 <unknown>\n#8 0x55e7190f8135 <unknown>\n#9 0x55e7190f913e <unknown>\n#10 0x55e71939ae4b <unknown>\n#11 0x55e71939edfa <unknown>\n#12 0x55e7193876d5 <unknown>\n#13 0x55e71939fa6f <unknown>\n#14 0x55e71936b69f <unknown>\n#15 0x55e7193c4098 <unknown>\n#16 0x55e7193c4262 <unknown>\n#17 0x55e7193d5f34 <unknown>\n#18 0x7f8dc6ce6134 <unknown>\n\n","statusTrace":"  File \"/usr/local/lib/python3.11/site-packages/allure_commons/_allure.py\", line 192, in impl\n    return func(*a, **kw)\n           ^^^^^^^^^^^^^^\n  File \"/app/pages/item_page.py\", line 40, in add_item_to_cart\n    self.find_element(self._add_item).click()\n    ^^^^^^^^^^^^^^^^^^^^^^^^^^^^^^^^^\n  File \"/app/base/seleniumbase.py\", line 17, in find_element\n    return self.driver.find_element(*locator)\n           ^^^^^^^^^^^^^^^^^^^^^^^^^^^^^^^^^^\n  File \"/usr/local/lib/python3.11/site-packages/selenium/webdriver/remote/webdriver.py\", line 740, in find_element\n    return self.execute(Command.FIND_ELEMENT, {\"using\": by, \"value\": value})[\"value\"]\n           ^^^^^^^^^^^^^^^^^^^^^^^^^^^^^^^^^^^^^^^^^^^^^^^^^^^^^^^^^^^^^^^^^\n  File \"/usr/local/lib/python3.11/site-packages/selenium/webdriver/remote/webdriver.py\", line 346, in execute\n    self.error_handler.check_response(response)\n  File \"/usr/local/lib/python3.11/site-packages/selenium/webdriver/remote/errorhandler.py\", line 245, in check_response\n    raise exception_class(message, screen, stacktrace)\n","steps":[],"attachments":[],"parameters":[{"name":"amount","value":"8"}],"shouldDisplayMessage":true,"stepsCount":0,"attachmentsCount":0,"hasContent":true,"attachmentStep":false}],"attachments":[{"uid":"f94ebdccb4e20218","name":"Screenshot","source":"f94ebdccb4e20218.png","type":"image/png","size":5862},{"uid":"8975cc4b45f72b2f","name":"HTML source","source":"8975cc4b45f72b2f.html","type":"text/html","size":39}],"parameters":[],"shouldDisplayMessage":true,"stepsCount":1,"attachmentsCount":2,"hasContent":true,"attachmentStep":false},"afterStages":[{"name":"driver::0","time":{"start":1707267942890,"stop":1707267942947,"duration":57},"status":"passed","steps":[],"attachments":[],"parameters":[],"shouldDisplayMessage":false,"stepsCount":0,"attachmentsCount":0,"hasContent":false,"attachmentStep":false},{"name":"setup::0","time":{"start":1707267942890,"stop":1707267942890,"duration":0},"status":"passed","steps":[],"attachments":[],"parameters":[],"shouldDisplayMessage":false,"stepsCount":0,"attachmentsCount":0,"hasContent":false,"attachmentStep":false}],"labels":[{"name":"epic","value":"Delivery Page - calculation"},{"name":"tag","value":"smoke"},{"name":"parentSuite","value":"tests.delivery"},{"name":"suite","value":"test_delivery_calculation"},{"name":"subSuite","value":"TestDeliveryPageCalculation"},{"name":"host","value":"5d73197f3e46"},{"name":"thread","value":"1-MainThread"},{"name":"framework","value":"pytest"},{"name":"language","value":"cpython3"},{"name":"package","value":"tests.delivery.test_delivery_calculation"},{"name":"resultFormat","value":"allure2"}],"parameters":[{"name":"all_time","value":"2190"},{"name":"amount","value":"8"},{"name":"case_id","value":"'TD 003'"},{"name":"in_time","value":"1590"},{"name":"link_item","value":"'products/shtukaturka-gipsovaya-aksolit-m50-30-kg-mashinnogo-naneseniya'"},{"name":"standard","value":"400"},{"name":"url","value":"'https://sandboxtest.stroyrem-nn.ru/'"},{"name":"weight","value":"300"}],"links":[],"hidden":false,"retry":false,"extra":{"severity":"normal","retries":[],"categories":[{"name":"Test defects","matchedStatuses":[],"flaky":false}],"history":{"statistic":{"failed":0,"broken":161,"skipped":0,"passed":0,"unknown":0,"total":161},"items":[{"uid":"addfc1cda8529dab","reportUrl":"https://zaelcovsky.github.io/StroyremAutomation/224//#testresult/addfc1cda8529dab","status":"broken","statusDetails":"selenium.common.exceptions.NoSuchElementException: Message: no such element: Unable to locate element: {\"method\":\"xpath\",\"selector\":\"(//a[@class='add-to-cart yellow-btn'])[1]\"}\n  (Session info: chrome-headless-shell=121.0.6167.85); For documentation on this error, please visit: https://www.selenium.dev/documentation/webdriver/troubleshooting/errors#no-such-element-exception\nStacktrace:\n#0 0x55d1f3648d93 <unknown>\n#1 0x55d1f332c337 <unknown>\n#2 0x55d1f3377d60 <unknown>\n#3 0x55d1f3377e51 <unknown>\n#4 0x55d1f33bbbc4 <unknown>\n#5 0x55d1f339a46d <unknown>\n#6 0x55d1f33b912d <unknown>\n#7 0x55d1f339a1e3 <unknown>\n#8 0x55d1f336a135 <unknown>\n#9 0x55d1f336b13e <unknown>\n#10 0x55d1f360ce4b <unknown>\n#11 0x55d1f3610dfa <unknown>\n#12 0x55d1f35f96d5 <unknown>\n#13 0x55d1f3611a6f <unknown>\n#14 0x55d1f35dd69f <unknown>\n#15 0x55d1f3636098 <unknown>\n#16 0x55d1f3636262 <unknown>\n#17 0x55d1f3647f34 <unknown>\n#18 0x7fa036779134 <unknown>","time":{"start":1707181646259,"stop":1707181646661,"duration":402}},{"uid":"aa19cb466f82c20","reportUrl":"https://zaelcovsky.github.io/StroyremAutomation/223//#testresult/aa19cb466f82c20","status":"broken","statusDetails":"selenium.common.exceptions.NoSuchElementException: Message: no such element: Unable to locate element: {\"method\":\"xpath\",\"selector\":\"(//a[@class='add-to-cart yellow-btn'])[1]\"}\n  (Session info: chrome-headless-shell=121.0.6167.85); For documentation on this error, please visit: https://www.selenium.dev/documentation/webdriver/troubleshooting/errors#no-such-element-exception\nStacktrace:\n#0 0x558bae832d93 <unknown>\n#1 0x558bae516337 <unknown>\n#2 0x558bae561d60 <unknown>\n#3 0x558bae561e51 <unknown>\n#4 0x558bae5a5bc4 <unknown>\n#5 0x558bae58446d <unknown>\n#6 0x558bae5a312d <unknown>\n#7 0x558bae5841e3 <unknown>\n#8 0x558bae554135 <unknown>\n#9 0x558bae55513e <unknown>\n#10 0x558bae7f6e4b <unknown>\n#11 0x558bae7fadfa <unknown>\n#12 0x558bae7e36d5 <unknown>\n#13 0x558bae7fba6f <unknown>\n#14 0x558bae7c769f <unknown>\n#15 0x558bae820098 <unknown>\n#16 0x558bae820262 <unknown>\n#17 0x558bae831f34 <unknown>\n#18 0x7f3747cd3134 <unknown>","time":{"start":1707095373127,"stop":1707095373433,"duration":306}},{"uid":"ea24a38a1d9fc2c7","reportUrl":"https://zaelcovsky.github.io/StroyremAutomation/222//#testresult/ea24a38a1d9fc2c7","status":"broken","statusDetails":"selenium.common.exceptions.NoSuchElementException: Message: no such element: Unable to locate element: {\"method\":\"xpath\",\"selector\":\"(//a[@class='add-to-cart yellow-btn'])[1]\"}\n  (Session info: chrome-headless-shell=121.0.6167.85); For documentation on this error, please visit: https://www.selenium.dev/documentation/webdriver/troubleshooting/errors#no-such-element-exception\nStacktrace:\n#0 0x55b3963dcd93 <unknown>\n#1 0x55b3960c0337 <unknown>\n#2 0x55b39610bd60 <unknown>\n#3 0x55b39610be51 <unknown>\n#4 0x55b39614fbc4 <unknown>\n#5 0x55b39612e46d <unknown>\n#6 0x55b39614d12d <unknown>\n#7 0x55b39612e1e3 <unknown>\n#8 0x55b3960fe135 <unknown>\n#9 0x55b3960ff13e <unknown>\n#10 0x55b3963a0e4b <unknown>\n#11 0x55b3963a4dfa <unknown>\n#12 0x55b39638d6d5 <unknown>\n#13 0x55b3963a5a6f <unknown>\n#14 0x55b39637169f <unknown>\n#15 0x55b3963ca098 <unknown>\n#16 0x55b3963ca262 <unknown>\n#17 0x55b3963dbf34 <unknown>\n#18 0x7f3306904134 <unknown>","time":{"start":1707009125274,"stop":1707009125869,"duration":595}},{"uid":"d4d5d778c37183b1","reportUrl":"https://zaelcovsky.github.io/StroyremAutomation/221//#testresult/d4d5d778c37183b1","status":"broken","statusDetails":"selenium.common.exceptions.NoSuchElementException: Message: no such element: Unable to locate element: {\"method\":\"xpath\",\"selector\":\"(//a[@class='add-to-cart yellow-btn'])[1]\"}\n  (Session info: chrome-headless-shell=121.0.6167.85); For documentation on this error, please visit: https://www.selenium.dev/documentation/webdriver/troubleshooting/errors#no-such-element-exception\nStacktrace:\n#0 0x5570a6701d93 <unknown>\n#1 0x5570a63e5337 <unknown>\n#2 0x5570a6430d60 <unknown>\n#3 0x5570a6430e51 <unknown>\n#4 0x5570a6474bc4 <unknown>\n#5 0x5570a645346d <unknown>\n#6 0x5570a647212d <unknown>\n#7 0x5570a64531e3 <unknown>\n#8 0x5570a6423135 <unknown>\n#9 0x5570a642413e <unknown>\n#10 0x5570a66c5e4b <unknown>\n#11 0x5570a66c9dfa <unknown>\n#12 0x5570a66b26d5 <unknown>\n#13 0x5570a66caa6f <unknown>\n#14 0x5570a669669f <unknown>\n#15 0x5570a66ef098 <unknown>\n#16 0x5570a66ef262 <unknown>\n#17 0x5570a6700f34 <unknown>\n#18 0x7fe473f17134 <unknown>","time":{"start":1706922406440,"stop":1706922406908,"duration":468}},{"uid":"f58efa9f9ee330aa","reportUrl":"https://zaelcovsky.github.io/StroyremAutomation/220//#testresult/f58efa9f9ee330aa","status":"broken","statusDetails":"selenium.common.exceptions.NoSuchElementException: Message: no such element: Unable to locate element: {\"method\":\"xpath\",\"selector\":\"(//a[@class='add-to-cart yellow-btn'])[1]\"}\n  (Session info: chrome-headless-shell=121.0.6167.85); For documentation on this error, please visit: https://www.selenium.dev/documentation/webdriver/troubleshooting/errors#no-such-element-exception\nStacktrace:\n#0 0x5596df0b5d93 <unknown>\n#1 0x5596ded99337 <unknown>\n#2 0x5596dede4d60 <unknown>\n#3 0x5596dede4e51 <unknown>\n#4 0x5596dee28bc4 <unknown>\n#5 0x5596dee0746d <unknown>\n#6 0x5596dee2612d <unknown>\n#7 0x5596dee071e3 <unknown>\n#8 0x5596dedd7135 <unknown>\n#9 0x5596dedd813e <unknown>\n#10 0x5596df079e4b <unknown>\n#11 0x5596df07ddfa <unknown>\n#12 0x5596df0666d5 <unknown>\n#13 0x5596df07ea6f <unknown>\n#14 0x5596df04a69f <unknown>\n#15 0x5596df0a3098 <unknown>\n#16 0x5596df0a3262 <unknown>\n#17 0x5596df0b4f34 <unknown>\n#18 0x7fb1333a7134 <unknown>","time":{"start":1706836073945,"stop":1706836074405,"duration":460}},{"uid":"3229baee3a532d9b","reportUrl":"https://zaelcovsky.github.io/StroyremAutomation/219//#testresult/3229baee3a532d9b","status":"broken","statusDetails":"selenium.common.exceptions.NoSuchElementException: Message: no such element: Unable to locate element: {\"method\":\"xpath\",\"selector\":\"(//a[@class='add-to-cart yellow-btn'])[1]\"}\n  (Session info: chrome-headless-shell=121.0.6167.85); For documentation on this error, please visit: https://www.selenium.dev/documentation/webdriver/troubleshooting/errors#no-such-element-exception\nStacktrace:\n#0 0x5607eaaebd93 <unknown>\n#1 0x5607ea7cf337 <unknown>\n#2 0x5607ea81ad60 <unknown>\n#3 0x5607ea81ae51 <unknown>\n#4 0x5607ea85ebc4 <unknown>\n#5 0x5607ea83d46d <unknown>\n#6 0x5607ea85c12d <unknown>\n#7 0x5607ea83d1e3 <unknown>\n#8 0x5607ea80d135 <unknown>\n#9 0x5607ea80e13e <unknown>\n#10 0x5607eaaafe4b <unknown>\n#11 0x5607eaab3dfa <unknown>\n#12 0x5607eaa9c6d5 <unknown>\n#13 0x5607eaab4a6f <unknown>\n#14 0x5607eaa8069f <unknown>\n#15 0x5607eaad9098 <unknown>\n#16 0x5607eaad9262 <unknown>\n#17 0x5607eaaeaf34 <unknown>\n#18 0x7f5a0ca89044 <unknown>","time":{"start":1706749968285,"stop":1706749968904,"duration":619}},{"uid":"8c4897a1ba83b64","reportUrl":"https://zaelcovsky.github.io/StroyremAutomation/218//#testresult/8c4897a1ba83b64","status":"broken","statusDetails":"selenium.common.exceptions.NoSuchElementException: Message: no such element: Unable to locate element: {\"method\":\"xpath\",\"selector\":\"(//a[@class='add-to-cart yellow-btn'])[1]\"}\n  (Session info: chrome-headless-shell=121.0.6167.85); For documentation on this error, please visit: https://www.selenium.dev/documentation/webdriver/troubleshooting/errors#no-such-element-exception\nStacktrace:\n#0 0x558cb9666d93 <unknown>\n#1 0x558cb934a337 <unknown>\n#2 0x558cb9395d60 <unknown>\n#3 0x558cb9395e51 <unknown>\n#4 0x558cb93d9bc4 <unknown>\n#5 0x558cb93b846d <unknown>\n#6 0x558cb93d712d <unknown>\n#7 0x558cb93b81e3 <unknown>\n#8 0x558cb9388135 <unknown>\n#9 0x558cb938913e <unknown>\n#10 0x558cb962ae4b <unknown>\n#11 0x558cb962edfa <unknown>\n#12 0x558cb96176d5 <unknown>\n#13 0x558cb962fa6f <unknown>\n#14 0x558cb95fb69f <unknown>\n#15 0x558cb9654098 <unknown>\n#16 0x558cb9654262 <unknown>\n#17 0x558cb9665f34 <unknown>\n#18 0x7f3e405ce044 <unknown>","time":{"start":1706663285925,"stop":1706663286367,"duration":442}},{"uid":"5773bef8689c0966","reportUrl":"https://zaelcovsky.github.io/StroyremAutomation/217//#testresult/5773bef8689c0966","status":"broken","statusDetails":"selenium.common.exceptions.NoSuchElementException: Message: no such element: Unable to locate element: {\"method\":\"xpath\",\"selector\":\"(//a[@class='add-to-cart yellow-btn'])[1]\"}\n  (Session info: chrome-headless-shell=121.0.6167.85); For documentation on this error, please visit: https://www.selenium.dev/documentation/webdriver/troubleshooting/errors#no-such-element-exception\nStacktrace:\n#0 0x56382a102d93 <unknown>\n#1 0x563829de6337 <unknown>\n#2 0x563829e31d60 <unknown>\n#3 0x563829e31e51 <unknown>\n#4 0x563829e75bc4 <unknown>\n#5 0x563829e5446d <unknown>\n#6 0x563829e7312d <unknown>\n#7 0x563829e541e3 <unknown>\n#8 0x563829e24135 <unknown>\n#9 0x563829e2513e <unknown>\n#10 0x56382a0c6e4b <unknown>\n#11 0x56382a0cadfa <unknown>\n#12 0x56382a0b36d5 <unknown>\n#13 0x56382a0cba6f <unknown>\n#14 0x56382a09769f <unknown>\n#15 0x56382a0f0098 <unknown>\n#16 0x56382a0f0262 <unknown>\n#17 0x56382a101f34 <unknown>\n#18 0x7fcdf8392044 <unknown>","time":{"start":1706576845155,"stop":1706576845546,"duration":391}},{"uid":"8f7bf93237d6aa3d","reportUrl":"https://zaelcovsky.github.io/StroyremAutomation/216//#testresult/8f7bf93237d6aa3d","status":"broken","statusDetails":"selenium.common.exceptions.NoSuchElementException: Message: no such element: Unable to locate element: {\"method\":\"xpath\",\"selector\":\"(//a[@class='add-to-cart yellow-btn'])[1]\"}\n  (Session info: chrome-headless-shell=121.0.6167.85); For documentation on this error, please visit: https://www.selenium.dev/documentation/webdriver/troubleshooting/errors#no-such-element-exception\nStacktrace:\n#0 0x5653a05a2d93 <unknown>\n#1 0x5653a0286337 <unknown>\n#2 0x5653a02d1d60 <unknown>\n#3 0x5653a02d1e51 <unknown>\n#4 0x5653a0315bc4 <unknown>\n#5 0x5653a02f446d <unknown>\n#6 0x5653a031312d <unknown>\n#7 0x5653a02f41e3 <unknown>\n#8 0x5653a02c4135 <unknown>\n#9 0x5653a02c513e <unknown>\n#10 0x5653a0566e4b <unknown>\n#11 0x5653a056adfa <unknown>\n#12 0x5653a05536d5 <unknown>\n#13 0x5653a056ba6f <unknown>\n#14 0x5653a053769f <unknown>\n#15 0x5653a0590098 <unknown>\n#16 0x5653a0590262 <unknown>\n#17 0x5653a05a1f34 <unknown>\n#18 0x7fe9f3ddf044 <unknown>","time":{"start":1706490519562,"stop":1706490519901,"duration":339}},{"uid":"1b0b09d76e2b112e","reportUrl":"https://zaelcovsky.github.io/StroyremAutomation/215//#testresult/1b0b09d76e2b112e","status":"broken","statusDetails":"selenium.common.exceptions.NoSuchElementException: Message: no such element: Unable to locate element: {\"method\":\"xpath\",\"selector\":\"(//a[@class='add-to-cart yellow-btn'])[1]\"}\n  (Session info: chrome-headless-shell=121.0.6167.85); For documentation on this error, please visit: https://www.selenium.dev/documentation/webdriver/troubleshooting/errors#no-such-element-exception\nStacktrace:\n#0 0x56328d814d93 <unknown>\n#1 0x56328d4f8337 <unknown>\n#2 0x56328d543d60 <unknown>\n#3 0x56328d543e51 <unknown>\n#4 0x56328d587bc4 <unknown>\n#5 0x56328d56646d <unknown>\n#6 0x56328d58512d <unknown>\n#7 0x56328d5661e3 <unknown>\n#8 0x56328d536135 <unknown>\n#9 0x56328d53713e <unknown>\n#10 0x56328d7d8e4b <unknown>\n#11 0x56328d7dcdfa <unknown>\n#12 0x56328d7c56d5 <unknown>\n#13 0x56328d7dda6f <unknown>\n#14 0x56328d7a969f <unknown>\n#15 0x56328d802098 <unknown>\n#16 0x56328d802262 <unknown>\n#17 0x56328d813f34 <unknown>\n#18 0x7f39fb8a1044 <unknown>","time":{"start":1706404354082,"stop":1706404354542,"duration":460}},{"uid":"ed03c23a8b5369e7","reportUrl":"https://zaelcovsky.github.io/StroyremAutomation/214//#testresult/ed03c23a8b5369e7","status":"broken","statusDetails":"selenium.common.exceptions.NoSuchElementException: Message: no such element: Unable to locate element: {\"method\":\"xpath\",\"selector\":\"(//a[@class='add-to-cart yellow-btn'])[1]\"}\n  (Session info: chrome-headless-shell=121.0.6167.85); For documentation on this error, please visit: https://www.selenium.dev/documentation/webdriver/troubleshooting/errors#no-such-element-exception\nStacktrace:\n#0 0x55f8b9fa4d93 <unknown>\n#1 0x55f8b9c88337 <unknown>\n#2 0x55f8b9cd3d60 <unknown>\n#3 0x55f8b9cd3e51 <unknown>\n#4 0x55f8b9d17bc4 <unknown>\n#5 0x55f8b9cf646d <unknown>\n#6 0x55f8b9d1512d <unknown>\n#7 0x55f8b9cf61e3 <unknown>\n#8 0x55f8b9cc6135 <unknown>\n#9 0x55f8b9cc713e <unknown>\n#10 0x55f8b9f68e4b <unknown>\n#11 0x55f8b9f6cdfa <unknown>\n#12 0x55f8b9f556d5 <unknown>\n#13 0x55f8b9f6da6f <unknown>\n#14 0x55f8b9f3969f <unknown>\n#15 0x55f8b9f92098 <unknown>\n#16 0x55f8b9f92262 <unknown>\n#17 0x55f8b9fa3f34 <unknown>\n#18 0x7f5fbafe0044 <unknown>","time":{"start":1706317721673,"stop":1706317722284,"duration":611}},{"uid":"9ee1e51f2d5ee2ab","reportUrl":"https://zaelcovsky.github.io/StroyremAutomation/213//#testresult/9ee1e51f2d5ee2ab","status":"broken","statusDetails":"selenium.common.exceptions.NoSuchElementException: Message: no such element: Unable to locate element: {\"method\":\"xpath\",\"selector\":\"(//a[@class='add-to-cart yellow-btn'])[1]\"}\n  (Session info: chrome-headless-shell=121.0.6167.85); For documentation on this error, please visit: https://www.selenium.dev/documentation/webdriver/troubleshooting/errors#no-such-element-exception\nStacktrace:\n#0 0x55c3a6f77d93 <unknown>\n#1 0x55c3a6c5b337 <unknown>\n#2 0x55c3a6ca6d60 <unknown>\n#3 0x55c3a6ca6e51 <unknown>\n#4 0x55c3a6ceabc4 <unknown>\n#5 0x55c3a6cc946d <unknown>\n#6 0x55c3a6ce812d <unknown>\n#7 0x55c3a6cc91e3 <unknown>\n#8 0x55c3a6c99135 <unknown>\n#9 0x55c3a6c9a13e <unknown>\n#10 0x55c3a6f3be4b <unknown>\n#11 0x55c3a6f3fdfa <unknown>\n#12 0x55c3a6f286d5 <unknown>\n#13 0x55c3a6f40a6f <unknown>\n#14 0x55c3a6f0c69f <unknown>\n#15 0x55c3a6f65098 <unknown>\n#16 0x55c3a6f65262 <unknown>\n#17 0x55c3a6f76f34 <unknown>\n#18 0x7f76ba38f044 <unknown>","time":{"start":1706231322422,"stop":1706231322832,"duration":410}},{"uid":"d1eebe5debc6a359","reportUrl":"https://zaelcovsky.github.io/StroyremAutomation/212//#testresult/d1eebe5debc6a359","status":"broken","statusDetails":"selenium.common.exceptions.WebDriverException: Message: unknown error: net::ERR_CONNECTION_TIMED_OUT\n  (Session info: chrome-headless-shell=121.0.6167.85)\nStacktrace:\n#0 0x564d55337d93 <unknown>\n#1 0x564d5501b337 <unknown>\n#2 0x564d55013193 <unknown>\n#3 0x564d55003161 <unknown>\n#4 0x564d550045cb <unknown>\n#5 0x564d55003414 <unknown>\n#6 0x564d550025e5 <unknown>\n#7 0x564d55002557 <unknown>\n#8 0x564d55000c1a <unknown>\n#9 0x564d550011ca <unknown>\n#10 0x564d5501db6e <unknown>\n#11 0x564d550a8d45 <unknown>\n#12 0x564d55089442 <unknown>\n#13 0x564d550a812d <unknown>\n#14 0x564d550891e3 <unknown>\n#15 0x564d55059135 <unknown>\n#16 0x564d5505a13e <unknown>\n#17 0x564d552fbe4b <unknown>\n#18 0x564d552ffdfa <unknown>\n#19 0x564d552e86d5 <unknown>\n#20 0x564d55300a6f <unknown>\n#21 0x564d552cc69f <unknown>\n#22 0x564d55325098 <unknown>\n#23 0x564d55325262 <unknown>\n#24 0x564d55336f34 <unknown>\n#25 0x7fce80245044 <unknown>","time":{"start":1706145498319,"stop":1706145628495,"duration":130176}},{"uid":"a85fb3281593da50","reportUrl":"https://zaelcovsky.github.io/StroyremAutomation/211//#testresult/a85fb3281593da50","status":"broken","statusDetails":"selenium.common.exceptions.WebDriverException: Message: unknown error: net::ERR_CONNECTION_REFUSED\n  (Session info: chrome-headless-shell=121.0.6167.85)\nStacktrace:\n#0 0x55f7a963bd93 <unknown>\n#1 0x55f7a931f337 <unknown>\n#2 0x55f7a9317193 <unknown>\n#3 0x55f7a9307161 <unknown>\n#4 0x55f7a93085cb <unknown>\n#5 0x55f7a9307414 <unknown>\n#6 0x55f7a93065e5 <unknown>\n#7 0x55f7a9306557 <unknown>\n#8 0x55f7a9304c1a <unknown>\n#9 0x55f7a93051ca <unknown>\n#10 0x55f7a9321b6e <unknown>\n#11 0x55f7a93acd45 <unknown>\n#12 0x55f7a938d442 <unknown>\n#13 0x55f7a93ac12d <unknown>\n#14 0x55f7a938d1e3 <unknown>\n#15 0x55f7a935d135 <unknown>\n#16 0x55f7a935e13e <unknown>\n#17 0x55f7a95ffe4b <unknown>\n#18 0x55f7a9603dfa <unknown>\n#19 0x55f7a95ec6d5 <unknown>\n#20 0x55f7a9604a6f <unknown>\n#21 0x55f7a95d069f <unknown>\n#22 0x55f7a9629098 <unknown>\n#23 0x55f7a9629262 <unknown>\n#24 0x55f7a963af34 <unknown>\n#25 0x7fce07ff2044 <unknown>","time":{"start":1706058843782,"stop":1706058843955,"duration":173}},{"uid":"b45234dc81526fee","reportUrl":"https://zaelcovsky.github.io/StroyremAutomation/210//#testresult/b45234dc81526fee","status":"broken","statusDetails":"selenium.common.exceptions.WebDriverException: Message: unknown error: net::ERR_CONNECTION_TIMED_OUT\n  (Session info: chrome-headless-shell=120.0.6099.109)\nStacktrace:\n#0 0x55e908d62f83 <unknown>\n#1 0x55e908a1bcf7 <unknown>\n#2 0x55e908a136ea <unknown>\n#3 0x55e908a025a1 <unknown>\n#4 0x55e908a03d40 <unknown>\n#5 0x55e908a02854 <unknown>\n#6 0x55e908a01586 <unknown>\n#7 0x55e908a0144a <unknown>\n#8 0x55e9089ff7e1 <unknown>\n#9 0x55e908a0001a <unknown>\n#10 0x55e908a1ebbe <unknown>\n#11 0x55e908ab47a5 <unknown>\n#12 0x55e908a950b2 <unknown>\n#13 0x55e908ab4006 <unknown>\n#14 0x55e908a94e53 <unknown>\n#15 0x55e908a5cdd4 <unknown>\n#16 0x55e908a5e1de <unknown>\n#17 0x55e908d27531 <unknown>\n#18 0x55e908d2b455 <unknown>\n#19 0x55e908d13f55 <unknown>\n#20 0x55e908d2c0ef <unknown>\n#21 0x55e908cf799f <unknown>\n#22 0x55e908d50008 <unknown>\n#23 0x55e908d501d7 <unknown>\n#24 0x55e908d62124 <unknown>\n#25 0x7f45eb46d044 <unknown>","time":{"start":1705972748714,"stop":1705972878893,"duration":130179}},{"uid":"eeac7c22dbf955bb","reportUrl":"https://zaelcovsky.github.io/StroyremAutomation/209//#testresult/eeac7c22dbf955bb","status":"broken","statusDetails":"selenium.common.exceptions.WebDriverException: Message: unknown error: net::ERR_CONNECTION_TIMED_OUT\n  (Session info: chrome-headless-shell=120.0.6099.109)\nStacktrace:\n#0 0x5589fca71f83 <unknown>\n#1 0x5589fc72acf7 <unknown>\n#2 0x5589fc7226ea <unknown>\n#3 0x5589fc7115a1 <unknown>\n#4 0x5589fc712d40 <unknown>\n#5 0x5589fc711854 <unknown>\n#6 0x5589fc710586 <unknown>\n#7 0x5589fc71044a <unknown>\n#8 0x5589fc70e7e1 <unknown>\n#9 0x5589fc70f01a <unknown>\n#10 0x5589fc72dbbe <unknown>\n#11 0x5589fc7c37a5 <unknown>\n#12 0x5589fc7a40b2 <unknown>\n#13 0x5589fc7c3006 <unknown>\n#14 0x5589fc7a3e53 <unknown>\n#15 0x5589fc76bdd4 <unknown>\n#16 0x5589fc76d1de <unknown>\n#17 0x5589fca36531 <unknown>\n#18 0x5589fca3a455 <unknown>\n#19 0x5589fca22f55 <unknown>\n#20 0x5589fca3b0ef <unknown>\n#21 0x5589fca0699f <unknown>\n#22 0x5589fca5f008 <unknown>\n#23 0x5589fca5f1d7 <unknown>\n#24 0x5589fca71124 <unknown>\n#25 0x7f5efa01c044 <unknown>","time":{"start":1705886373525,"stop":1705886503698,"duration":130173}},{"uid":"4e2a9c1e3d638cfd","reportUrl":"https://zaelcovsky.github.io/StroyremAutomation/208//#testresult/4e2a9c1e3d638cfd","status":"broken","statusDetails":"selenium.common.exceptions.WebDriverException: Message: unknown error: net::ERR_CONNECTION_TIMED_OUT\n  (Session info: chrome-headless-shell=120.0.6099.109)\nStacktrace:\n#0 0x55cced1cef83 <unknown>\n#1 0x55ccece87cf7 <unknown>\n#2 0x55ccece7f6ea <unknown>\n#3 0x55ccece6e5a1 <unknown>\n#4 0x55ccece6fd40 <unknown>\n#5 0x55ccece6e854 <unknown>\n#6 0x55ccece6d586 <unknown>\n#7 0x55ccece6d44a <unknown>\n#8 0x55ccece6b7e1 <unknown>\n#9 0x55ccece6c01a <unknown>\n#10 0x55ccece8abbe <unknown>\n#11 0x55ccecf207a5 <unknown>\n#12 0x55ccecf010b2 <unknown>\n#13 0x55ccecf20006 <unknown>\n#14 0x55ccecf00e53 <unknown>\n#15 0x55ccecec8dd4 <unknown>\n#16 0x55ccececa1de <unknown>\n#17 0x55cced193531 <unknown>\n#18 0x55cced197455 <unknown>\n#19 0x55cced17ff55 <unknown>\n#20 0x55cced1980ef <unknown>\n#21 0x55cced16399f <unknown>\n#22 0x55cced1bc008 <unknown>\n#23 0x55cced1bc1d7 <unknown>\n#24 0x55cced1ce124 <unknown>\n#25 0x7fd633a1b044 <unknown>","time":{"start":1705800103363,"stop":1705800233531,"duration":130168}},{"uid":"bd43f9249ee7c115","reportUrl":"https://zaelcovsky.github.io/StroyremAutomation/207//#testresult/bd43f9249ee7c115","status":"broken","statusDetails":"selenium.common.exceptions.WebDriverException: Message: unknown error: net::ERR_CONNECTION_TIMED_OUT\n  (Session info: chrome-headless-shell=120.0.6099.109)\nStacktrace:\n#0 0x55d6b78fff83 <unknown>\n#1 0x55d6b75b8cf7 <unknown>\n#2 0x55d6b75b06ea <unknown>\n#3 0x55d6b759f5a1 <unknown>\n#4 0x55d6b75a0d40 <unknown>\n#5 0x55d6b759f854 <unknown>\n#6 0x55d6b759e586 <unknown>\n#7 0x55d6b759e44a <unknown>\n#8 0x55d6b759c7e1 <unknown>\n#9 0x55d6b759d01a <unknown>\n#10 0x55d6b75bbbbe <unknown>\n#11 0x55d6b76517a5 <unknown>\n#12 0x55d6b76320b2 <unknown>\n#13 0x55d6b7651006 <unknown>\n#14 0x55d6b7631e53 <unknown>\n#15 0x55d6b75f9dd4 <unknown>\n#16 0x55d6b75fb1de <unknown>\n#17 0x55d6b78c4531 <unknown>\n#18 0x55d6b78c8455 <unknown>\n#19 0x55d6b78b0f55 <unknown>\n#20 0x55d6b78c90ef <unknown>\n#21 0x55d6b789499f <unknown>\n#22 0x55d6b78ed008 <unknown>\n#23 0x55d6b78ed1d7 <unknown>\n#24 0x55d6b78ff124 <unknown>\n#25 0x7fa955094044 <unknown>","time":{"start":1705713357075,"stop":1705713487249,"duration":130174}},{"uid":"91d688c7d556d280","reportUrl":"https://zaelcovsky.github.io/StroyremAutomation/206//#testresult/91d688c7d556d280","status":"broken","statusDetails":"selenium.common.exceptions.WebDriverException: Message: unknown error: net::ERR_CONNECTION_TIMED_OUT\n  (Session info: chrome-headless-shell=120.0.6099.109)\nStacktrace:\n#0 0x55dd66f6cf83 <unknown>\n#1 0x55dd66c25cf7 <unknown>\n#2 0x55dd66c1d6ea <unknown>\n#3 0x55dd66c0c5a1 <unknown>\n#4 0x55dd66c0dd40 <unknown>\n#5 0x55dd66c0c854 <unknown>\n#6 0x55dd66c0b586 <unknown>\n#7 0x55dd66c0b44a <unknown>\n#8 0x55dd66c097e1 <unknown>\n#9 0x55dd66c0a01a <unknown>\n#10 0x55dd66c28bbe <unknown>\n#11 0x55dd66cbe7a5 <unknown>\n#12 0x55dd66c9f0b2 <unknown>\n#13 0x55dd66cbe006 <unknown>\n#14 0x55dd66c9ee53 <unknown>\n#15 0x55dd66c66dd4 <unknown>\n#16 0x55dd66c681de <unknown>\n#17 0x55dd66f31531 <unknown>\n#18 0x55dd66f35455 <unknown>\n#19 0x55dd66f1df55 <unknown>\n#20 0x55dd66f360ef <unknown>\n#21 0x55dd66f0199f <unknown>\n#22 0x55dd66f5a008 <unknown>\n#23 0x55dd66f5a1d7 <unknown>\n#24 0x55dd66f6c124 <unknown>\n#25 0x7f0653214044 <unknown>","time":{"start":1705627025028,"stop":1705627155192,"duration":130164}},{"uid":"a759b0a173542743","reportUrl":"https://zaelcovsky.github.io/StroyremAutomation/205//#testresult/a759b0a173542743","status":"broken","statusDetails":"selenium.common.exceptions.WebDriverException: Message: unknown error: net::ERR_CONNECTION_TIMED_OUT\n  (Session info: chrome-headless-shell=120.0.6099.109)\nStacktrace:\n#0 0x55c959187f83 <unknown>\n#1 0x55c958e40cf7 <unknown>\n#2 0x55c958e386ea <unknown>\n#3 0x55c958e275a1 <unknown>\n#4 0x55c958e28d40 <unknown>\n#5 0x55c958e27854 <unknown>\n#6 0x55c958e26586 <unknown>\n#7 0x55c958e2644a <unknown>\n#8 0x55c958e247e1 <unknown>\n#9 0x55c958e2501a <unknown>\n#10 0x55c958e43bbe <unknown>\n#11 0x55c958ed97a5 <unknown>\n#12 0x55c958eba0b2 <unknown>\n#13 0x55c958ed9006 <unknown>\n#14 0x55c958eb9e53 <unknown>\n#15 0x55c958e81dd4 <unknown>\n#16 0x55c958e831de <unknown>\n#17 0x55c95914c531 <unknown>\n#18 0x55c959150455 <unknown>\n#19 0x55c959138f55 <unknown>\n#20 0x55c9591510ef <unknown>\n#21 0x55c95911c99f <unknown>\n#22 0x55c959175008 <unknown>\n#23 0x55c9591751d7 <unknown>\n#24 0x55c959187124 <unknown>\n#25 0x7fdded50c044 <unknown>","time":{"start":1705540605157,"stop":1705540735328,"duration":130171}}]},"tags":["smoke"]},"source":"3e6de3ebda256f72.json","parameterValues":["2190","8","'TD 003'","1590","'products/shtukaturka-gipsovaya-aksolit-m50-30-kg-mashinnogo-naneseniya'","400","'https://sandboxtest.stroyrem-nn.ru/'","300"]}