{"uid":"be4e8a6626c7b0e7","name":"TC 007 - Проверка функциональности ссылки 'Строительные советы'","fullName":"tests.test_main_page.TestMainPage#test_positive_footer_building_advices_smoke","historyId":"e1043e7d837394f182066b4573261622","time":{"start":1707267628842,"stop":1707267628856,"duration":14},"status":"broken","statusMessage":"selenium.common.exceptions.NoSuchElementException: Message: no such element: Unable to locate element: {\"method\":\"xpath\",\"selector\":\"(//a[@href='/articles'])[3]\"}\n  (Session info: chrome-headless-shell=121.0.6167.85); For documentation on this error, please visit: https://www.selenium.dev/documentation/webdriver/troubleshooting/errors#no-such-element-exception\nStacktrace:\n#0 0x558ed6a9bd93 <unknown>\n#1 0x558ed677f337 <unknown>\n#2 0x558ed67cad60 <unknown>\n#3 0x558ed67cae51 <unknown>\n#4 0x558ed680ebc4 <unknown>\n#5 0x558ed67ed46d <unknown>\n#6 0x558ed680c12d <unknown>\n#7 0x558ed67ed1e3 <unknown>\n#8 0x558ed67bd135 <unknown>\n#9 0x558ed67be13e <unknown>\n#10 0x558ed6a5fe4b <unknown>\n#11 0x558ed6a63dfa <unknown>\n#12 0x558ed6a4c6d5 <unknown>\n#13 0x558ed6a64a6f <unknown>\n#14 0x558ed6a3069f <unknown>\n#15 0x558ed6a89098 <unknown>\n#16 0x558ed6a89262 <unknown>\n#17 0x558ed6a9af34 <unknown>\n#18 0x7f9465892134 <unknown>","statusTrace":"self = <tests.test_main_page.TestMainPage object at 0x7f39cea79f50>\nmain_page = <pages.main_page.MainPage object at 0x7f39ce375fd0>\n\n    @allure.feature(\"Footer functionality\")\n    @allure.title(\"TC 007 - Проверка функциональности ссылки 'Строительные советы'\")\n    @pytest.mark.smoke_test\n    def test_positive_footer_building_advices_smoke(self, main_page):\n        articles_page = ArticlesPage(main_page.driver)\n>       main_page.check_building_tips_link()\n\ntests/test_main_page.py:75: \n_ _ _ _ _ _ _ _ _ _ _ _ _ _ _ _ _ _ _ _ _ _ _ _ _ _ _ _ _ _ _ _ _ _ _ _ _ _ _ _ \npages/main_page.py:110: in check_building_tips_link\n    self.driver.find_element(*self._building_advices_link).click()\n/usr/local/lib/python3.11/site-packages/selenium/webdriver/remote/webdriver.py:740: in find_element\n    return self.execute(Command.FIND_ELEMENT, {\"using\": by, \"value\": value})[\"value\"]\n/usr/local/lib/python3.11/site-packages/selenium/webdriver/remote/webdriver.py:346: in execute\n    self.error_handler.check_response(response)\n_ _ _ _ _ _ _ _ _ _ _ _ _ _ _ _ _ _ _ _ _ _ _ _ _ _ _ _ _ _ _ _ _ _ _ _ _ _ _ _ \n\nself = <selenium.webdriver.remote.errorhandler.ErrorHandler object at 0x7f39cdf05d50>\nresponse = {'status': 404, 'value': '{\"value\":{\"error\":\"no such element\",\"message\":\"no such element: Unable to locate element: {\\...\\\\n#16 0x558ed6a89262 \\\\u003Cunknown>\\\\n#17 0x558ed6a9af34 \\\\u003Cunknown>\\\\n#18 0x7f9465892134 \\\\u003Cunknown>\\\\n\"}}'}\n\n    def check_response(self, response: Dict[str, Any]) -> None:\n        \"\"\"Checks that a JSON response from the WebDriver does not have an\n        error.\n    \n        :Args:\n         - response - The JSON response from the WebDriver server as a dictionary\n           object.\n    \n        :Raises: If the response contains an error message.\n        \"\"\"\n        status = response.get(\"status\", None)\n        if not status or status == ErrorCode.SUCCESS:\n            return\n        value = None\n        message = response.get(\"message\", \"\")\n        screen: str = response.get(\"screen\", \"\")\n        stacktrace = None\n        if isinstance(status, int):\n            value_json = response.get(\"value\", None)\n            if value_json and isinstance(value_json, str):\n                import json\n    \n                try:\n                    value = json.loads(value_json)\n                    if len(value) == 1:\n                        value = value[\"value\"]\n                    status = value.get(\"error\", None)\n                    if not status:\n                        status = value.get(\"status\", ErrorCode.UNKNOWN_ERROR)\n                        message = value.get(\"value\") or value.get(\"message\")\n                        if not isinstance(message, str):\n                            value = message\n                            message = message.get(\"message\")\n                    else:\n                        message = value.get(\"message\", None)\n                except ValueError:\n                    pass\n    \n        exception_class: Type[WebDriverException]\n        if status in ErrorCode.NO_SUCH_ELEMENT:\n            exception_class = NoSuchElementException\n        elif status in ErrorCode.NO_SUCH_FRAME:\n            exception_class = NoSuchFrameException\n        elif status in ErrorCode.NO_SUCH_SHADOW_ROOT:\n            exception_class = NoSuchShadowRootException\n        elif status in ErrorCode.NO_SUCH_WINDOW:\n            exception_class = NoSuchWindowException\n        elif status in ErrorCode.STALE_ELEMENT_REFERENCE:\n            exception_class = StaleElementReferenceException\n        elif status in ErrorCode.ELEMENT_NOT_VISIBLE:\n            exception_class = ElementNotVisibleException\n        elif status in ErrorCode.INVALID_ELEMENT_STATE:\n            exception_class = InvalidElementStateException\n        elif (\n            status in ErrorCode.INVALID_SELECTOR\n            or status in ErrorCode.INVALID_XPATH_SELECTOR\n            or status in ErrorCode.INVALID_XPATH_SELECTOR_RETURN_TYPER\n        ):\n            exception_class = InvalidSelectorException\n        elif status in ErrorCode.ELEMENT_IS_NOT_SELECTABLE:\n            exception_class = ElementNotSelectableException\n        elif status in ErrorCode.ELEMENT_NOT_INTERACTABLE:\n            exception_class = ElementNotInteractableException\n        elif status in ErrorCode.INVALID_COOKIE_DOMAIN:\n            exception_class = InvalidCookieDomainException\n        elif status in ErrorCode.UNABLE_TO_SET_COOKIE:\n            exception_class = UnableToSetCookieException\n        elif status in ErrorCode.TIMEOUT:\n            exception_class = TimeoutException\n        elif status in ErrorCode.SCRIPT_TIMEOUT:\n            exception_class = TimeoutException\n        elif status in ErrorCode.UNKNOWN_ERROR:\n            exception_class = WebDriverException\n        elif status in ErrorCode.UNEXPECTED_ALERT_OPEN:\n            exception_class = UnexpectedAlertPresentException\n        elif status in ErrorCode.NO_ALERT_OPEN:\n            exception_class = NoAlertPresentException\n        elif status in ErrorCode.IME_NOT_AVAILABLE:\n            exception_class = ImeNotAvailableException\n        elif status in ErrorCode.IME_ENGINE_ACTIVATION_FAILED:\n            exception_class = ImeActivationFailedException\n        elif status in ErrorCode.MOVE_TARGET_OUT_OF_BOUNDS:\n            exception_class = MoveTargetOutOfBoundsException\n        elif status in ErrorCode.JAVASCRIPT_ERROR:\n            exception_class = JavascriptException\n        elif status in ErrorCode.SESSION_NOT_CREATED:\n            exception_class = SessionNotCreatedException\n        elif status in ErrorCode.INVALID_ARGUMENT:\n            exception_class = InvalidArgumentException\n        elif status in ErrorCode.NO_SUCH_COOKIE:\n            exception_class = NoSuchCookieException\n        elif status in ErrorCode.UNABLE_TO_CAPTURE_SCREEN:\n            exception_class = ScreenshotException\n        elif status in ErrorCode.ELEMENT_CLICK_INTERCEPTED:\n            exception_class = ElementClickInterceptedException\n        elif status in ErrorCode.INSECURE_CERTIFICATE:\n            exception_class = InsecureCertificateException\n        elif status in ErrorCode.INVALID_COORDINATES:\n            exception_class = InvalidCoordinatesException\n        elif status in ErrorCode.INVALID_SESSION_ID:\n            exception_class = InvalidSessionIdException\n        elif status in ErrorCode.UNKNOWN_METHOD:\n            exception_class = UnknownMethodException\n        else:\n            exception_class = WebDriverException\n        if not value:\n            value = response[\"value\"]\n        if isinstance(value, str):\n            raise exception_class(value)\n        if message == \"\" and \"message\" in value:\n            message = value[\"message\"]\n    \n        screen = None  # type: ignore[assignment]\n        if \"screen\" in value:\n            screen = value[\"screen\"]\n    \n        stacktrace = None\n        st_value = value.get(\"stackTrace\") or value.get(\"stacktrace\")\n        if st_value:\n            if isinstance(st_value, str):\n                stacktrace = st_value.split(\"\\n\")\n            else:\n                stacktrace = []\n                try:\n                    for frame in st_value:\n                        line = frame.get(\"lineNumber\", \"\")\n                        file = frame.get(\"fileName\", \"<anonymous>\")\n                        if line:\n                            file = f\"{file}:{line}\"\n                        meth = frame.get(\"methodName\", \"<anonymous>\")\n                        if \"className\" in frame:\n                            meth = f\"{frame['className']}.{meth}\"\n                        msg = \"    at %s (%s)\"\n                        msg = msg % (meth, file)\n                        stacktrace.append(msg)\n                except TypeError:\n                    pass\n        if exception_class == UnexpectedAlertPresentException:\n            alert_text = None\n            if \"data\" in value:\n                alert_text = value[\"data\"].get(\"text\")\n            elif \"alert\" in value:\n                alert_text = value[\"alert\"].get(\"text\")\n            raise exception_class(message, screen, stacktrace, alert_text)  # type: ignore[call-arg]  # mypy is not smart enough here\n>       raise exception_class(message, screen, stacktrace)\nE       selenium.common.exceptions.NoSuchElementException: Message: no such element: Unable to locate element: {\"method\":\"xpath\",\"selector\":\"(//a[@href='/articles'])[3]\"}\nE         (Session info: chrome-headless-shell=121.0.6167.85); For documentation on this error, please visit: https://www.selenium.dev/documentation/webdriver/troubleshooting/errors#no-such-element-exception\nE       Stacktrace:\nE       #0 0x558ed6a9bd93 <unknown>\nE       #1 0x558ed677f337 <unknown>\nE       #2 0x558ed67cad60 <unknown>\nE       #3 0x558ed67cae51 <unknown>\nE       #4 0x558ed680ebc4 <unknown>\nE       #5 0x558ed67ed46d <unknown>\nE       #6 0x558ed680c12d <unknown>\nE       #7 0x558ed67ed1e3 <unknown>\nE       #8 0x558ed67bd135 <unknown>\nE       #9 0x558ed67be13e <unknown>\nE       #10 0x558ed6a5fe4b <unknown>\nE       #11 0x558ed6a63dfa <unknown>\nE       #12 0x558ed6a4c6d5 <unknown>\nE       #13 0x558ed6a64a6f <unknown>\nE       #14 0x558ed6a3069f <unknown>\nE       #15 0x558ed6a89098 <unknown>\nE       #16 0x558ed6a89262 <unknown>\nE       #17 0x558ed6a9af34 <unknown>\nE       #18 0x7f9465892134 <unknown>\n\n/usr/local/lib/python3.11/site-packages/selenium/webdriver/remote/errorhandler.py:245: NoSuchElementException","flaky":false,"newFailed":false,"newBroken":false,"newPassed":false,"retriesCount":0,"retriesStatusChange":false,"beforeStages":[{"name":"_session_faker","time":{"start":1707267531261,"stop":1707267531328,"duration":67},"status":"passed","steps":[],"attachments":[],"parameters":[],"shouldDisplayMessage":false,"stepsCount":0,"attachmentsCount":0,"hasContent":false,"attachmentStep":false},{"name":"clear_allure_results_folder","time":{"start":1707267531328,"stop":1707267531329,"duration":1},"status":"passed","steps":[],"attachments":[],"parameters":[],"shouldDisplayMessage":false,"stepsCount":0,"attachmentsCount":0,"hasContent":false,"attachmentStep":false},{"name":"driver","time":{"start":1707267627491,"stop":1707267628227,"duration":736},"status":"passed","steps":[],"attachments":[],"parameters":[],"shouldDisplayMessage":false,"stepsCount":0,"attachmentsCount":0,"hasContent":false,"attachmentStep":false},{"name":"setup","time":{"start":1707267628228,"stop":1707267628228,"duration":0},"status":"passed","steps":[],"attachments":[],"parameters":[],"shouldDisplayMessage":false,"stepsCount":0,"attachmentsCount":0,"hasContent":false,"attachmentStep":false},{"name":"main_page","time":{"start":1707267628228,"stop":1707267628842,"duration":614},"status":"passed","steps":[],"attachments":[],"parameters":[],"shouldDisplayMessage":false,"stepsCount":0,"attachmentsCount":0,"hasContent":false,"attachmentStep":false}],"testStage":{"status":"broken","statusMessage":"selenium.common.exceptions.NoSuchElementException: Message: no such element: Unable to locate element: {\"method\":\"xpath\",\"selector\":\"(//a[@href='/articles'])[3]\"}\n  (Session info: chrome-headless-shell=121.0.6167.85); For documentation on this error, please visit: https://www.selenium.dev/documentation/webdriver/troubleshooting/errors#no-such-element-exception\nStacktrace:\n#0 0x558ed6a9bd93 <unknown>\n#1 0x558ed677f337 <unknown>\n#2 0x558ed67cad60 <unknown>\n#3 0x558ed67cae51 <unknown>\n#4 0x558ed680ebc4 <unknown>\n#5 0x558ed67ed46d <unknown>\n#6 0x558ed680c12d <unknown>\n#7 0x558ed67ed1e3 <unknown>\n#8 0x558ed67bd135 <unknown>\n#9 0x558ed67be13e <unknown>\n#10 0x558ed6a5fe4b <unknown>\n#11 0x558ed6a63dfa <unknown>\n#12 0x558ed6a4c6d5 <unknown>\n#13 0x558ed6a64a6f <unknown>\n#14 0x558ed6a3069f <unknown>\n#15 0x558ed6a89098 <unknown>\n#16 0x558ed6a89262 <unknown>\n#17 0x558ed6a9af34 <unknown>\n#18 0x7f9465892134 <unknown>","statusTrace":"self = <tests.test_main_page.TestMainPage object at 0x7f39cea79f50>\nmain_page = <pages.main_page.MainPage object at 0x7f39ce375fd0>\n\n    @allure.feature(\"Footer functionality\")\n    @allure.title(\"TC 007 - Проверка функциональности ссылки 'Строительные советы'\")\n    @pytest.mark.smoke_test\n    def test_positive_footer_building_advices_smoke(self, main_page):\n        articles_page = ArticlesPage(main_page.driver)\n>       main_page.check_building_tips_link()\n\ntests/test_main_page.py:75: \n_ _ _ _ _ _ _ _ _ _ _ _ _ _ _ _ _ _ _ _ _ _ _ _ _ _ _ _ _ _ _ _ _ _ _ _ _ _ _ _ \npages/main_page.py:110: in check_building_tips_link\n    self.driver.find_element(*self._building_advices_link).click()\n/usr/local/lib/python3.11/site-packages/selenium/webdriver/remote/webdriver.py:740: in find_element\n    return self.execute(Command.FIND_ELEMENT, {\"using\": by, \"value\": value})[\"value\"]\n/usr/local/lib/python3.11/site-packages/selenium/webdriver/remote/webdriver.py:346: in execute\n    self.error_handler.check_response(response)\n_ _ _ _ _ _ _ _ _ _ _ _ _ _ _ _ _ _ _ _ _ _ _ _ _ _ _ _ _ _ _ _ _ _ _ _ _ _ _ _ \n\nself = <selenium.webdriver.remote.errorhandler.ErrorHandler object at 0x7f39cdf05d50>\nresponse = {'status': 404, 'value': '{\"value\":{\"error\":\"no such element\",\"message\":\"no such element: Unable to locate element: {\\...\\\\n#16 0x558ed6a89262 \\\\u003Cunknown>\\\\n#17 0x558ed6a9af34 \\\\u003Cunknown>\\\\n#18 0x7f9465892134 \\\\u003Cunknown>\\\\n\"}}'}\n\n    def check_response(self, response: Dict[str, Any]) -> None:\n        \"\"\"Checks that a JSON response from the WebDriver does not have an\n        error.\n    \n        :Args:\n         - response - The JSON response from the WebDriver server as a dictionary\n           object.\n    \n        :Raises: If the response contains an error message.\n        \"\"\"\n        status = response.get(\"status\", None)\n        if not status or status == ErrorCode.SUCCESS:\n            return\n        value = None\n        message = response.get(\"message\", \"\")\n        screen: str = response.get(\"screen\", \"\")\n        stacktrace = None\n        if isinstance(status, int):\n            value_json = response.get(\"value\", None)\n            if value_json and isinstance(value_json, str):\n                import json\n    \n                try:\n                    value = json.loads(value_json)\n                    if len(value) == 1:\n                        value = value[\"value\"]\n                    status = value.get(\"error\", None)\n                    if not status:\n                        status = value.get(\"status\", ErrorCode.UNKNOWN_ERROR)\n                        message = value.get(\"value\") or value.get(\"message\")\n                        if not isinstance(message, str):\n                            value = message\n                            message = message.get(\"message\")\n                    else:\n                        message = value.get(\"message\", None)\n                except ValueError:\n                    pass\n    \n        exception_class: Type[WebDriverException]\n        if status in ErrorCode.NO_SUCH_ELEMENT:\n            exception_class = NoSuchElementException\n        elif status in ErrorCode.NO_SUCH_FRAME:\n            exception_class = NoSuchFrameException\n        elif status in ErrorCode.NO_SUCH_SHADOW_ROOT:\n            exception_class = NoSuchShadowRootException\n        elif status in ErrorCode.NO_SUCH_WINDOW:\n            exception_class = NoSuchWindowException\n        elif status in ErrorCode.STALE_ELEMENT_REFERENCE:\n            exception_class = StaleElementReferenceException\n        elif status in ErrorCode.ELEMENT_NOT_VISIBLE:\n            exception_class = ElementNotVisibleException\n        elif status in ErrorCode.INVALID_ELEMENT_STATE:\n            exception_class = InvalidElementStateException\n        elif (\n            status in ErrorCode.INVALID_SELECTOR\n            or status in ErrorCode.INVALID_XPATH_SELECTOR\n            or status in ErrorCode.INVALID_XPATH_SELECTOR_RETURN_TYPER\n        ):\n            exception_class = InvalidSelectorException\n        elif status in ErrorCode.ELEMENT_IS_NOT_SELECTABLE:\n            exception_class = ElementNotSelectableException\n        elif status in ErrorCode.ELEMENT_NOT_INTERACTABLE:\n            exception_class = ElementNotInteractableException\n        elif status in ErrorCode.INVALID_COOKIE_DOMAIN:\n            exception_class = InvalidCookieDomainException\n        elif status in ErrorCode.UNABLE_TO_SET_COOKIE:\n            exception_class = UnableToSetCookieException\n        elif status in ErrorCode.TIMEOUT:\n            exception_class = TimeoutException\n        elif status in ErrorCode.SCRIPT_TIMEOUT:\n            exception_class = TimeoutException\n        elif status in ErrorCode.UNKNOWN_ERROR:\n            exception_class = WebDriverException\n        elif status in ErrorCode.UNEXPECTED_ALERT_OPEN:\n            exception_class = UnexpectedAlertPresentException\n        elif status in ErrorCode.NO_ALERT_OPEN:\n            exception_class = NoAlertPresentException\n        elif status in ErrorCode.IME_NOT_AVAILABLE:\n            exception_class = ImeNotAvailableException\n        elif status in ErrorCode.IME_ENGINE_ACTIVATION_FAILED:\n            exception_class = ImeActivationFailedException\n        elif status in ErrorCode.MOVE_TARGET_OUT_OF_BOUNDS:\n            exception_class = MoveTargetOutOfBoundsException\n        elif status in ErrorCode.JAVASCRIPT_ERROR:\n            exception_class = JavascriptException\n        elif status in ErrorCode.SESSION_NOT_CREATED:\n            exception_class = SessionNotCreatedException\n        elif status in ErrorCode.INVALID_ARGUMENT:\n            exception_class = InvalidArgumentException\n        elif status in ErrorCode.NO_SUCH_COOKIE:\n            exception_class = NoSuchCookieException\n        elif status in ErrorCode.UNABLE_TO_CAPTURE_SCREEN:\n            exception_class = ScreenshotException\n        elif status in ErrorCode.ELEMENT_CLICK_INTERCEPTED:\n            exception_class = ElementClickInterceptedException\n        elif status in ErrorCode.INSECURE_CERTIFICATE:\n            exception_class = InsecureCertificateException\n        elif status in ErrorCode.INVALID_COORDINATES:\n            exception_class = InvalidCoordinatesException\n        elif status in ErrorCode.INVALID_SESSION_ID:\n            exception_class = InvalidSessionIdException\n        elif status in ErrorCode.UNKNOWN_METHOD:\n            exception_class = UnknownMethodException\n        else:\n            exception_class = WebDriverException\n        if not value:\n            value = response[\"value\"]\n        if isinstance(value, str):\n            raise exception_class(value)\n        if message == \"\" and \"message\" in value:\n            message = value[\"message\"]\n    \n        screen = None  # type: ignore[assignment]\n        if \"screen\" in value:\n            screen = value[\"screen\"]\n    \n        stacktrace = None\n        st_value = value.get(\"stackTrace\") or value.get(\"stacktrace\")\n        if st_value:\n            if isinstance(st_value, str):\n                stacktrace = st_value.split(\"\\n\")\n            else:\n                stacktrace = []\n                try:\n                    for frame in st_value:\n                        line = frame.get(\"lineNumber\", \"\")\n                        file = frame.get(\"fileName\", \"<anonymous>\")\n                        if line:\n                            file = f\"{file}:{line}\"\n                        meth = frame.get(\"methodName\", \"<anonymous>\")\n                        if \"className\" in frame:\n                            meth = f\"{frame['className']}.{meth}\"\n                        msg = \"    at %s (%s)\"\n                        msg = msg % (meth, file)\n                        stacktrace.append(msg)\n                except TypeError:\n                    pass\n        if exception_class == UnexpectedAlertPresentException:\n            alert_text = None\n            if \"data\" in value:\n                alert_text = value[\"data\"].get(\"text\")\n            elif \"alert\" in value:\n                alert_text = value[\"alert\"].get(\"text\")\n            raise exception_class(message, screen, stacktrace, alert_text)  # type: ignore[call-arg]  # mypy is not smart enough here\n>       raise exception_class(message, screen, stacktrace)\nE       selenium.common.exceptions.NoSuchElementException: Message: no such element: Unable to locate element: {\"method\":\"xpath\",\"selector\":\"(//a[@href='/articles'])[3]\"}\nE         (Session info: chrome-headless-shell=121.0.6167.85); For documentation on this error, please visit: https://www.selenium.dev/documentation/webdriver/troubleshooting/errors#no-such-element-exception\nE       Stacktrace:\nE       #0 0x558ed6a9bd93 <unknown>\nE       #1 0x558ed677f337 <unknown>\nE       #2 0x558ed67cad60 <unknown>\nE       #3 0x558ed67cae51 <unknown>\nE       #4 0x558ed680ebc4 <unknown>\nE       #5 0x558ed67ed46d <unknown>\nE       #6 0x558ed680c12d <unknown>\nE       #7 0x558ed67ed1e3 <unknown>\nE       #8 0x558ed67bd135 <unknown>\nE       #9 0x558ed67be13e <unknown>\nE       #10 0x558ed6a5fe4b <unknown>\nE       #11 0x558ed6a63dfa <unknown>\nE       #12 0x558ed6a4c6d5 <unknown>\nE       #13 0x558ed6a64a6f <unknown>\nE       #14 0x558ed6a3069f <unknown>\nE       #15 0x558ed6a89098 <unknown>\nE       #16 0x558ed6a89262 <unknown>\nE       #17 0x558ed6a9af34 <unknown>\nE       #18 0x7f9465892134 <unknown>\n\n/usr/local/lib/python3.11/site-packages/selenium/webdriver/remote/errorhandler.py:245: NoSuchElementException","steps":[{"name":"Проверка функциональности ссылки 'Строительные советы'","time":{"start":1707267628843,"stop":1707267628855,"duration":12},"status":"broken","statusMessage":"selenium.common.exceptions.NoSuchElementException: Message: no such element: Unable to locate element: {\"method\":\"xpath\",\"selector\":\"(//a[@href='/articles'])[3]\"}\n  (Session info: chrome-headless-shell=121.0.6167.85); For documentation on this error, please visit: https://www.selenium.dev/documentation/webdriver/troubleshooting/errors#no-such-element-exception\nStacktrace:\n#0 0x558ed6a9bd93 <unknown>\n#1 0x558ed677f337 <unknown>\n#2 0x558ed67cad60 <unknown>\n#3 0x558ed67cae51 <unknown>\n#4 0x558ed680ebc4 <unknown>\n#5 0x558ed67ed46d <unknown>\n#6 0x558ed680c12d <unknown>\n#7 0x558ed67ed1e3 <unknown>\n#8 0x558ed67bd135 <unknown>\n#9 0x558ed67be13e <unknown>\n#10 0x558ed6a5fe4b <unknown>\n#11 0x558ed6a63dfa <unknown>\n#12 0x558ed6a4c6d5 <unknown>\n#13 0x558ed6a64a6f <unknown>\n#14 0x558ed6a3069f <unknown>\n#15 0x558ed6a89098 <unknown>\n#16 0x558ed6a89262 <unknown>\n#17 0x558ed6a9af34 <unknown>\n#18 0x7f9465892134 <unknown>\n\n","statusTrace":"  File \"/usr/local/lib/python3.11/site-packages/allure_commons/_allure.py\", line 192, in impl\n    return func(*a, **kw)\n           ^^^^^^^^^^^^^^\n  File \"/app/pages/main_page.py\", line 110, in check_building_tips_link\n    self.driver.find_element(*self._building_advices_link).click()\n    ^^^^^^^^^^^^^^^^^^^^^^^^^^^^^^^^^^^^^^^^^^^^^^^^^^^^^^\n  File \"/usr/local/lib/python3.11/site-packages/selenium/webdriver/remote/webdriver.py\", line 740, in find_element\n    return self.execute(Command.FIND_ELEMENT, {\"using\": by, \"value\": value})[\"value\"]\n           ^^^^^^^^^^^^^^^^^^^^^^^^^^^^^^^^^^^^^^^^^^^^^^^^^^^^^^^^^^^^^^^^^\n  File \"/usr/local/lib/python3.11/site-packages/selenium/webdriver/remote/webdriver.py\", line 346, in execute\n    self.error_handler.check_response(response)\n  File \"/usr/local/lib/python3.11/site-packages/selenium/webdriver/remote/errorhandler.py\", line 245, in check_response\n    raise exception_class(message, screen, stacktrace)\n","steps":[],"attachments":[],"parameters":[],"shouldDisplayMessage":true,"stepsCount":0,"attachmentsCount":0,"hasContent":true,"attachmentStep":false}],"attachments":[{"uid":"964b39d01de9333e","name":"Screenshot","source":"964b39d01de9333e.png","type":"image/png","size":39106},{"uid":"18ec3bef549e2c28","name":"HTML source","source":"18ec3bef549e2c28.html","type":"text/html","size":538}],"parameters":[],"shouldDisplayMessage":true,"stepsCount":1,"attachmentsCount":2,"hasContent":true,"attachmentStep":false},"afterStages":[{"name":"driver::0","time":{"start":1707267628968,"stop":1707267629025,"duration":57},"status":"passed","steps":[],"attachments":[],"parameters":[],"shouldDisplayMessage":false,"stepsCount":0,"attachmentsCount":0,"hasContent":false,"attachmentStep":false},{"name":"setup::0","time":{"start":1707267628968,"stop":1707267628968,"duration":0},"status":"passed","steps":[],"attachments":[],"parameters":[],"shouldDisplayMessage":false,"stepsCount":0,"attachmentsCount":0,"hasContent":false,"attachmentStep":false}],"labels":[{"name":"epic","value":"Main Page"},{"name":"feature","value":"Footer functionality"},{"name":"tag","value":"smoke_test"},{"name":"parentSuite","value":"tests"},{"name":"suite","value":"test_main_page"},{"name":"subSuite","value":"TestMainPage"},{"name":"host","value":"5d73197f3e46"},{"name":"thread","value":"1-MainThread"},{"name":"framework","value":"pytest"},{"name":"language","value":"cpython3"},{"name":"package","value":"tests.test_main_page"},{"name":"resultFormat","value":"allure2"}],"parameters":[{"name":"url","value":"'https://test2.stroyrem-nn.ru/'"}],"links":[],"hidden":false,"retry":false,"extra":{"severity":"normal","retries":[],"categories":[{"name":"Test defects","matchedStatuses":[],"flaky":false}],"history":{"statistic":{"failed":0,"broken":147,"skipped":0,"passed":35,"unknown":0,"total":182},"items":[{"uid":"9d724ec2f1eff21c","reportUrl":"https://zaelcovsky.github.io/StroyremAutomation/224//#testresult/9d724ec2f1eff21c","status":"broken","statusDetails":"selenium.common.exceptions.NoSuchElementException: Message: no such element: Unable to locate element: {\"method\":\"xpath\",\"selector\":\"(//a[@href='/articles'])[3]\"}\n  (Session info: chrome-headless-shell=121.0.6167.85); For documentation on this error, please visit: https://www.selenium.dev/documentation/webdriver/troubleshooting/errors#no-such-element-exception\nStacktrace:\n#0 0x55c110216d93 <unknown>\n#1 0x55c10fefa337 <unknown>\n#2 0x55c10ff45d60 <unknown>\n#3 0x55c10ff45e51 <unknown>\n#4 0x55c10ff89bc4 <unknown>\n#5 0x55c10ff6846d <unknown>\n#6 0x55c10ff8712d <unknown>\n#7 0x55c10ff681e3 <unknown>\n#8 0x55c10ff38135 <unknown>\n#9 0x55c10ff3913e <unknown>\n#10 0x55c1101dae4b <unknown>\n#11 0x55c1101dedfa <unknown>\n#12 0x55c1101c76d5 <unknown>\n#13 0x55c1101dfa6f <unknown>\n#14 0x55c1101ab69f <unknown>\n#15 0x55c110204098 <unknown>\n#16 0x55c110204262 <unknown>\n#17 0x55c110215f34 <unknown>\n#18 0x7fedd37df134 <unknown>","time":{"start":1707181328557,"stop":1707181328570,"duration":13}},{"uid":"f6923cb2366d3164","reportUrl":"https://zaelcovsky.github.io/StroyremAutomation/223//#testresult/f6923cb2366d3164","status":"broken","statusDetails":"selenium.common.exceptions.NoSuchElementException: Message: no such element: Unable to locate element: {\"method\":\"xpath\",\"selector\":\"(//a[@href='/articles'])[3]\"}\n  (Session info: chrome-headless-shell=121.0.6167.85); For documentation on this error, please visit: https://www.selenium.dev/documentation/webdriver/troubleshooting/errors#no-such-element-exception\nStacktrace:\n#0 0x56154069fd93 <unknown>\n#1 0x561540383337 <unknown>\n#2 0x5615403ced60 <unknown>\n#3 0x5615403cee51 <unknown>\n#4 0x561540412bc4 <unknown>\n#5 0x5615403f146d <unknown>\n#6 0x56154041012d <unknown>\n#7 0x5615403f11e3 <unknown>\n#8 0x5615403c1135 <unknown>\n#9 0x5615403c213e <unknown>\n#10 0x561540663e4b <unknown>\n#11 0x561540667dfa <unknown>\n#12 0x5615406506d5 <unknown>\n#13 0x561540668a6f <unknown>\n#14 0x56154063469f <unknown>\n#15 0x56154068d098 <unknown>\n#16 0x56154068d262 <unknown>\n#17 0x56154069ef34 <unknown>\n#18 0x7f4abe234134 <unknown>","time":{"start":1707095056669,"stop":1707095056682,"duration":13}},{"uid":"a09d46e8eed41472","reportUrl":"https://zaelcovsky.github.io/StroyremAutomation/222//#testresult/a09d46e8eed41472","status":"broken","statusDetails":"selenium.common.exceptions.NoSuchElementException: Message: no such element: Unable to locate element: {\"method\":\"xpath\",\"selector\":\"(//a[@href='/articles'])[3]\"}\n  (Session info: chrome-headless-shell=121.0.6167.85); For documentation on this error, please visit: https://www.selenium.dev/documentation/webdriver/troubleshooting/errors#no-such-element-exception\nStacktrace:\n#0 0x562c1b081d93 <unknown>\n#1 0x562c1ad65337 <unknown>\n#2 0x562c1adb0d60 <unknown>\n#3 0x562c1adb0e51 <unknown>\n#4 0x562c1adf4bc4 <unknown>\n#5 0x562c1add346d <unknown>\n#6 0x562c1adf212d <unknown>\n#7 0x562c1add31e3 <unknown>\n#8 0x562c1ada3135 <unknown>\n#9 0x562c1ada413e <unknown>\n#10 0x562c1b045e4b <unknown>\n#11 0x562c1b049dfa <unknown>\n#12 0x562c1b0326d5 <unknown>\n#13 0x562c1b04aa6f <unknown>\n#14 0x562c1b01669f <unknown>\n#15 0x562c1b06f098 <unknown>\n#16 0x562c1b06f262 <unknown>\n#17 0x562c1b080f34 <unknown>\n#18 0x7efd9b6d4134 <unknown>","time":{"start":1707008803728,"stop":1707008803741,"duration":13}},{"uid":"270f6484a4899e01","reportUrl":"https://zaelcovsky.github.io/StroyremAutomation/221//#testresult/270f6484a4899e01","status":"broken","statusDetails":"selenium.common.exceptions.NoSuchElementException: Message: no such element: Unable to locate element: {\"method\":\"xpath\",\"selector\":\"(//a[@href='/articles'])[3]\"}\n  (Session info: chrome-headless-shell=121.0.6167.85); For documentation on this error, please visit: https://www.selenium.dev/documentation/webdriver/troubleshooting/errors#no-such-element-exception\nStacktrace:\n#0 0x55c96d347d93 <unknown>\n#1 0x55c96d02b337 <unknown>\n#2 0x55c96d076d60 <unknown>\n#3 0x55c96d076e51 <unknown>\n#4 0x55c96d0babc4 <unknown>\n#5 0x55c96d09946d <unknown>\n#6 0x55c96d0b812d <unknown>\n#7 0x55c96d0991e3 <unknown>\n#8 0x55c96d069135 <unknown>\n#9 0x55c96d06a13e <unknown>\n#10 0x55c96d30be4b <unknown>\n#11 0x55c96d30fdfa <unknown>\n#12 0x55c96d2f86d5 <unknown>\n#13 0x55c96d310a6f <unknown>\n#14 0x55c96d2dc69f <unknown>\n#15 0x55c96d335098 <unknown>\n#16 0x55c96d335262 <unknown>\n#17 0x55c96d346f34 <unknown>\n#18 0x7f7e98ef8134 <unknown>","time":{"start":1706922083525,"stop":1706922083537,"duration":12}},{"uid":"69cac10f4e8d4071","reportUrl":"https://zaelcovsky.github.io/StroyremAutomation/220//#testresult/69cac10f4e8d4071","status":"broken","statusDetails":"selenium.common.exceptions.NoSuchElementException: Message: no such element: Unable to locate element: {\"method\":\"xpath\",\"selector\":\"(//a[@href='/articles'])[3]\"}\n  (Session info: chrome-headless-shell=121.0.6167.85); For documentation on this error, please visit: https://www.selenium.dev/documentation/webdriver/troubleshooting/errors#no-such-element-exception\nStacktrace:\n#0 0x558a8cb0cd93 <unknown>\n#1 0x558a8c7f0337 <unknown>\n#2 0x558a8c83bd60 <unknown>\n#3 0x558a8c83be51 <unknown>\n#4 0x558a8c87fbc4 <unknown>\n#5 0x558a8c85e46d <unknown>\n#6 0x558a8c87d12d <unknown>\n#7 0x558a8c85e1e3 <unknown>\n#8 0x558a8c82e135 <unknown>\n#9 0x558a8c82f13e <unknown>\n#10 0x558a8cad0e4b <unknown>\n#11 0x558a8cad4dfa <unknown>\n#12 0x558a8cabd6d5 <unknown>\n#13 0x558a8cad5a6f <unknown>\n#14 0x558a8caa169f <unknown>\n#15 0x558a8cafa098 <unknown>\n#16 0x558a8cafa262 <unknown>\n#17 0x558a8cb0bf34 <unknown>\n#18 0x7f0d61d54134 <unknown>","time":{"start":1706835748735,"stop":1706835748748,"duration":13}},{"uid":"fcb8ff55ca06605b","reportUrl":"https://zaelcovsky.github.io/StroyremAutomation/219//#testresult/fcb8ff55ca06605b","status":"broken","statusDetails":"selenium.common.exceptions.NoSuchElementException: Message: no such element: Unable to locate element: {\"method\":\"xpath\",\"selector\":\"(//a[@href='/articles'])[3]\"}\n  (Session info: chrome-headless-shell=121.0.6167.85); For documentation on this error, please visit: https://www.selenium.dev/documentation/webdriver/troubleshooting/errors#no-such-element-exception\nStacktrace:\n#0 0x558f07e4cd93 <unknown>\n#1 0x558f07b30337 <unknown>\n#2 0x558f07b7bd60 <unknown>\n#3 0x558f07b7be51 <unknown>\n#4 0x558f07bbfbc4 <unknown>\n#5 0x558f07b9e46d <unknown>\n#6 0x558f07bbd12d <unknown>\n#7 0x558f07b9e1e3 <unknown>\n#8 0x558f07b6e135 <unknown>\n#9 0x558f07b6f13e <unknown>\n#10 0x558f07e10e4b <unknown>\n#11 0x558f07e14dfa <unknown>\n#12 0x558f07dfd6d5 <unknown>\n#13 0x558f07e15a6f <unknown>\n#14 0x558f07de169f <unknown>\n#15 0x558f07e3a098 <unknown>\n#16 0x558f07e3a262 <unknown>\n#17 0x558f07e4bf34 <unknown>\n#18 0x7fcbbce02044 <unknown>","time":{"start":1706749581102,"stop":1706749581115,"duration":13}},{"uid":"a9456869663cf82c","reportUrl":"https://zaelcovsky.github.io/StroyremAutomation/218//#testresult/a9456869663cf82c","status":"broken","statusDetails":"selenium.common.exceptions.NoSuchElementException: Message: no such element: Unable to locate element: {\"method\":\"xpath\",\"selector\":\"(//a[@href='/articles'])[3]\"}\n  (Session info: chrome-headless-shell=121.0.6167.85); For documentation on this error, please visit: https://www.selenium.dev/documentation/webdriver/troubleshooting/errors#no-such-element-exception\nStacktrace:\n#0 0x55eaf7b11d93 <unknown>\n#1 0x55eaf77f5337 <unknown>\n#2 0x55eaf7840d60 <unknown>\n#3 0x55eaf7840e51 <unknown>\n#4 0x55eaf7884bc4 <unknown>\n#5 0x55eaf786346d <unknown>\n#6 0x55eaf788212d <unknown>\n#7 0x55eaf78631e3 <unknown>\n#8 0x55eaf7833135 <unknown>\n#9 0x55eaf783413e <unknown>\n#10 0x55eaf7ad5e4b <unknown>\n#11 0x55eaf7ad9dfa <unknown>\n#12 0x55eaf7ac26d5 <unknown>\n#13 0x55eaf7adaa6f <unknown>\n#14 0x55eaf7aa669f <unknown>\n#15 0x55eaf7aff098 <unknown>\n#16 0x55eaf7aff262 <unknown>\n#17 0x55eaf7b10f34 <unknown>\n#18 0x7f1671ae1044 <unknown>","time":{"start":1706662961451,"stop":1706662961463,"duration":12}},{"uid":"a2b2c3528726a867","reportUrl":"https://zaelcovsky.github.io/StroyremAutomation/217//#testresult/a2b2c3528726a867","status":"broken","statusDetails":"selenium.common.exceptions.NoSuchElementException: Message: no such element: Unable to locate element: {\"method\":\"xpath\",\"selector\":\"(//a[@href='/articles'])[3]\"}\n  (Session info: chrome-headless-shell=121.0.6167.85); For documentation on this error, please visit: https://www.selenium.dev/documentation/webdriver/troubleshooting/errors#no-such-element-exception\nStacktrace:\n#0 0x557376856d93 <unknown>\n#1 0x55737653a337 <unknown>\n#2 0x557376585d60 <unknown>\n#3 0x557376585e51 <unknown>\n#4 0x5573765c9bc4 <unknown>\n#5 0x5573765a846d <unknown>\n#6 0x5573765c712d <unknown>\n#7 0x5573765a81e3 <unknown>\n#8 0x557376578135 <unknown>\n#9 0x55737657913e <unknown>\n#10 0x55737681ae4b <unknown>\n#11 0x55737681edfa <unknown>\n#12 0x5573768076d5 <unknown>\n#13 0x55737681fa6f <unknown>\n#14 0x5573767eb69f <unknown>\n#15 0x557376844098 <unknown>\n#16 0x557376844262 <unknown>\n#17 0x557376855f34 <unknown>\n#18 0x7f2a3c119044 <unknown>","time":{"start":1706576531659,"stop":1706576531673,"duration":14}},{"uid":"e521ce983d98b1b7","reportUrl":"https://zaelcovsky.github.io/StroyremAutomation/216//#testresult/e521ce983d98b1b7","status":"broken","statusDetails":"selenium.common.exceptions.NoSuchElementException: Message: no such element: Unable to locate element: {\"method\":\"xpath\",\"selector\":\"(//a[@href='/articles'])[3]\"}\n  (Session info: chrome-headless-shell=121.0.6167.85); For documentation on this error, please visit: https://www.selenium.dev/documentation/webdriver/troubleshooting/errors#no-such-element-exception\nStacktrace:\n#0 0x55f4a5c3ed93 <unknown>\n#1 0x55f4a5922337 <unknown>\n#2 0x55f4a596dd60 <unknown>\n#3 0x55f4a596de51 <unknown>\n#4 0x55f4a59b1bc4 <unknown>\n#5 0x55f4a599046d <unknown>\n#6 0x55f4a59af12d <unknown>\n#7 0x55f4a59901e3 <unknown>\n#8 0x55f4a5960135 <unknown>\n#9 0x55f4a596113e <unknown>\n#10 0x55f4a5c02e4b <unknown>\n#11 0x55f4a5c06dfa <unknown>\n#12 0x55f4a5bef6d5 <unknown>\n#13 0x55f4a5c07a6f <unknown>\n#14 0x55f4a5bd369f <unknown>\n#15 0x55f4a5c2c098 <unknown>\n#16 0x55f4a5c2c262 <unknown>\n#17 0x55f4a5c3df34 <unknown>\n#18 0x7f690cff9044 <unknown>","time":{"start":1706490188774,"stop":1706490188787,"duration":13}},{"uid":"e6732d5b5da5033c","reportUrl":"https://zaelcovsky.github.io/StroyremAutomation/215//#testresult/e6732d5b5da5033c","status":"broken","statusDetails":"selenium.common.exceptions.NoSuchElementException: Message: no such element: Unable to locate element: {\"method\":\"xpath\",\"selector\":\"(//a[@href='/articles'])[3]\"}\n  (Session info: chrome-headless-shell=121.0.6167.85); For documentation on this error, please visit: https://www.selenium.dev/documentation/webdriver/troubleshooting/errors#no-such-element-exception\nStacktrace:\n#0 0x557d93fd5d93 <unknown>\n#1 0x557d93cb9337 <unknown>\n#2 0x557d93d04d60 <unknown>\n#3 0x557d93d04e51 <unknown>\n#4 0x557d93d48bc4 <unknown>\n#5 0x557d93d2746d <unknown>\n#6 0x557d93d4612d <unknown>\n#7 0x557d93d271e3 <unknown>\n#8 0x557d93cf7135 <unknown>\n#9 0x557d93cf813e <unknown>\n#10 0x557d93f99e4b <unknown>\n#11 0x557d93f9ddfa <unknown>\n#12 0x557d93f866d5 <unknown>\n#13 0x557d93f9ea6f <unknown>\n#14 0x557d93f6a69f <unknown>\n#15 0x557d93fc3098 <unknown>\n#16 0x557d93fc3262 <unknown>\n#17 0x557d93fd4f34 <unknown>\n#18 0x7f84945c4044 <unknown>","time":{"start":1706404022476,"stop":1706404022489,"duration":13}},{"uid":"18538e38b95b9a7a","reportUrl":"https://zaelcovsky.github.io/StroyremAutomation/214//#testresult/18538e38b95b9a7a","status":"broken","statusDetails":"selenium.common.exceptions.NoSuchElementException: Message: no such element: Unable to locate element: {\"method\":\"xpath\",\"selector\":\"(//a[@href='/articles'])[3]\"}\n  (Session info: chrome-headless-shell=121.0.6167.85); For documentation on this error, please visit: https://www.selenium.dev/documentation/webdriver/troubleshooting/errors#no-such-element-exception\nStacktrace:\n#0 0x558178f30d93 <unknown>\n#1 0x558178c14337 <unknown>\n#2 0x558178c5fd60 <unknown>\n#3 0x558178c5fe51 <unknown>\n#4 0x558178ca3bc4 <unknown>\n#5 0x558178c8246d <unknown>\n#6 0x558178ca112d <unknown>\n#7 0x558178c821e3 <unknown>\n#8 0x558178c52135 <unknown>\n#9 0x558178c5313e <unknown>\n#10 0x558178ef4e4b <unknown>\n#11 0x558178ef8dfa <unknown>\n#12 0x558178ee16d5 <unknown>\n#13 0x558178ef9a6f <unknown>\n#14 0x558178ec569f <unknown>\n#15 0x558178f1e098 <unknown>\n#16 0x558178f1e262 <unknown>\n#17 0x558178f2ff34 <unknown>\n#18 0x7f0e96d7b044 <unknown>","time":{"start":1706317345532,"stop":1706317345545,"duration":13}},{"uid":"fd74cb80ab6f0aab","reportUrl":"https://zaelcovsky.github.io/StroyremAutomation/213//#testresult/fd74cb80ab6f0aab","status":"broken","statusDetails":"selenium.common.exceptions.NoSuchElementException: Message: no such element: Unable to locate element: {\"method\":\"xpath\",\"selector\":\"(//a[@href='/articles'])[3]\"}\n  (Session info: chrome-headless-shell=121.0.6167.85); For documentation on this error, please visit: https://www.selenium.dev/documentation/webdriver/troubleshooting/errors#no-such-element-exception\nStacktrace:\n#0 0x5581bb548d93 <unknown>\n#1 0x5581bb22c337 <unknown>\n#2 0x5581bb277d60 <unknown>\n#3 0x5581bb277e51 <unknown>\n#4 0x5581bb2bbbc4 <unknown>\n#5 0x5581bb29a46d <unknown>\n#6 0x5581bb2b912d <unknown>\n#7 0x5581bb29a1e3 <unknown>\n#8 0x5581bb26a135 <unknown>\n#9 0x5581bb26b13e <unknown>\n#10 0x5581bb50ce4b <unknown>\n#11 0x5581bb510dfa <unknown>\n#12 0x5581bb4f96d5 <unknown>\n#13 0x5581bb511a6f <unknown>\n#14 0x5581bb4dd69f <unknown>\n#15 0x5581bb536098 <unknown>\n#16 0x5581bb536262 <unknown>\n#17 0x5581bb547f34 <unknown>\n#18 0x7f2adab35044 <unknown>","time":{"start":1706231007187,"stop":1706231007200,"duration":13}},{"uid":"23bb65535cb14213","reportUrl":"https://zaelcovsky.github.io/StroyremAutomation/212//#testresult/23bb65535cb14213","status":"broken","statusDetails":"selenium.common.exceptions.NoSuchElementException: Message: no such element: Unable to locate element: {\"method\":\"xpath\",\"selector\":\"(//a[@href='/articles'])[3]\"}\n  (Session info: chrome-headless-shell=121.0.6167.85); For documentation on this error, please visit: https://www.selenium.dev/documentation/webdriver/troubleshooting/errors#no-such-element-exception\nStacktrace:\n#0 0x5627e45ffd93 <unknown>\n#1 0x5627e42e3337 <unknown>\n#2 0x5627e432ed60 <unknown>\n#3 0x5627e432ee51 <unknown>\n#4 0x5627e4372bc4 <unknown>\n#5 0x5627e435146d <unknown>\n#6 0x5627e437012d <unknown>\n#7 0x5627e43511e3 <unknown>\n#8 0x5627e4321135 <unknown>\n#9 0x5627e432213e <unknown>\n#10 0x5627e45c3e4b <unknown>\n#11 0x5627e45c7dfa <unknown>\n#12 0x5627e45b06d5 <unknown>\n#13 0x5627e45c8a6f <unknown>\n#14 0x5627e459469f <unknown>\n#15 0x5627e45ed098 <unknown>\n#16 0x5627e45ed262 <unknown>\n#17 0x5627e45fef34 <unknown>\n#18 0x7fadd64c3044 <unknown>","time":{"start":1706144911585,"stop":1706144911597,"duration":12}},{"uid":"cc879d9e9cc151fa","reportUrl":"https://zaelcovsky.github.io/StroyremAutomation/211//#testresult/cc879d9e9cc151fa","status":"broken","statusDetails":"selenium.common.exceptions.NoSuchElementException: Message: no such element: Unable to locate element: {\"method\":\"xpath\",\"selector\":\"(//a[@href='/articles'])[3]\"}\n  (Session info: chrome-headless-shell=121.0.6167.85); For documentation on this error, please visit: https://www.selenium.dev/documentation/webdriver/troubleshooting/errors#no-such-element-exception\nStacktrace:\n#0 0x55bec1fc9d93 <unknown>\n#1 0x55bec1cad337 <unknown>\n#2 0x55bec1cf8d60 <unknown>\n#3 0x55bec1cf8e51 <unknown>\n#4 0x55bec1d3cbc4 <unknown>\n#5 0x55bec1d1b46d <unknown>\n#6 0x55bec1d3a12d <unknown>\n#7 0x55bec1d1b1e3 <unknown>\n#8 0x55bec1ceb135 <unknown>\n#9 0x55bec1cec13e <unknown>\n#10 0x55bec1f8de4b <unknown>\n#11 0x55bec1f91dfa <unknown>\n#12 0x55bec1f7a6d5 <unknown>\n#13 0x55bec1f92a6f <unknown>\n#14 0x55bec1f5e69f <unknown>\n#15 0x55bec1fb7098 <unknown>\n#16 0x55bec1fb7262 <unknown>\n#17 0x55bec1fc8f34 <unknown>\n#18 0x7f2666f84044 <unknown>","time":{"start":1706058510453,"stop":1706058510466,"duration":13}},{"uid":"c8bc6d5e92d37f4a","reportUrl":"https://zaelcovsky.github.io/StroyremAutomation/210//#testresult/c8bc6d5e92d37f4a","status":"broken","statusDetails":"selenium.common.exceptions.NoSuchElementException: Message: no such element: Unable to locate element: {\"method\":\"xpath\",\"selector\":\"(//a[@href='/articles'])[3]\"}\n  (Session info: chrome-headless-shell=120.0.6099.109); For documentation on this error, please visit: https://www.selenium.dev/documentation/webdriver/troubleshooting/errors#no-such-element-exception\nStacktrace:\n#0 0x55f5a803ff83 <unknown>\n#1 0x55f5a7cf8cf7 <unknown>\n#2 0x55f5a7d4899e <unknown>\n#3 0x55f5a7d48aa1 <unknown>\n#4 0x55f5a7d93d64 <unknown>\n#5 0x55f5a7d720dd <unknown>\n#6 0x55f5a7d91006 <unknown>\n#7 0x55f5a7d71e53 <unknown>\n#8 0x55f5a7d39dd4 <unknown>\n#9 0x55f5a7d3b1de <unknown>\n#10 0x55f5a8004531 <unknown>\n#11 0x55f5a8008455 <unknown>\n#12 0x55f5a7ff0f55 <unknown>\n#13 0x55f5a80090ef <unknown>\n#14 0x55f5a7fd499f <unknown>\n#15 0x55f5a802d008 <unknown>\n#16 0x55f5a802d1d7 <unknown>\n#17 0x55f5a803f124 <unknown>\n#18 0x7fa78e845044 <unknown>","time":{"start":1705972127841,"stop":1705972127855,"duration":14}},{"uid":"601bf025a3785575","reportUrl":"https://zaelcovsky.github.io/StroyremAutomation/209//#testresult/601bf025a3785575","status":"broken","statusDetails":"selenium.common.exceptions.NoSuchElementException: Message: no such element: Unable to locate element: {\"method\":\"xpath\",\"selector\":\"(//a[@href='/articles'])[3]\"}\n  (Session info: chrome-headless-shell=120.0.6099.109); For documentation on this error, please visit: https://www.selenium.dev/documentation/webdriver/troubleshooting/errors#no-such-element-exception\nStacktrace:\n#0 0x560fb5255f83 <unknown>\n#1 0x560fb4f0ecf7 <unknown>\n#2 0x560fb4f5e99e <unknown>\n#3 0x560fb4f5eaa1 <unknown>\n#4 0x560fb4fa9d64 <unknown>\n#5 0x560fb4f880dd <unknown>\n#6 0x560fb4fa7006 <unknown>\n#7 0x560fb4f87e53 <unknown>\n#8 0x560fb4f4fdd4 <unknown>\n#9 0x560fb4f511de <unknown>\n#10 0x560fb521a531 <unknown>\n#11 0x560fb521e455 <unknown>\n#12 0x560fb5206f55 <unknown>\n#13 0x560fb521f0ef <unknown>\n#14 0x560fb51ea99f <unknown>\n#15 0x560fb5243008 <unknown>\n#16 0x560fb52431d7 <unknown>\n#17 0x560fb5255124 <unknown>\n#18 0x7fb254d95044 <unknown>","time":{"start":1705885797536,"stop":1705885797549,"duration":13}},{"uid":"4dcb33f96a19b71d","reportUrl":"https://zaelcovsky.github.io/StroyremAutomation/208//#testresult/4dcb33f96a19b71d","status":"broken","statusDetails":"selenium.common.exceptions.NoSuchElementException: Message: no such element: Unable to locate element: {\"method\":\"xpath\",\"selector\":\"(//a[@href='/articles'])[3]\"}\n  (Session info: chrome-headless-shell=120.0.6099.109); For documentation on this error, please visit: https://www.selenium.dev/documentation/webdriver/troubleshooting/errors#no-such-element-exception\nStacktrace:\n#0 0x558ae8875f83 <unknown>\n#1 0x558ae852ecf7 <unknown>\n#2 0x558ae857e99e <unknown>\n#3 0x558ae857eaa1 <unknown>\n#4 0x558ae85c9d64 <unknown>\n#5 0x558ae85a80dd <unknown>\n#6 0x558ae85c7006 <unknown>\n#7 0x558ae85a7e53 <unknown>\n#8 0x558ae856fdd4 <unknown>\n#9 0x558ae85711de <unknown>\n#10 0x558ae883a531 <unknown>\n#11 0x558ae883e455 <unknown>\n#12 0x558ae8826f55 <unknown>\n#13 0x558ae883f0ef <unknown>\n#14 0x558ae880a99f <unknown>\n#15 0x558ae8863008 <unknown>\n#16 0x558ae88631d7 <unknown>\n#17 0x558ae8875124 <unknown>\n#18 0x7f59051be044 <unknown>","time":{"start":1705799523691,"stop":1705799523705,"duration":14}},{"uid":"de5752fc542d66f8","reportUrl":"https://zaelcovsky.github.io/StroyremAutomation/207//#testresult/de5752fc542d66f8","status":"broken","statusDetails":"selenium.common.exceptions.NoSuchElementException: Message: no such element: Unable to locate element: {\"method\":\"xpath\",\"selector\":\"(//a[@href='/articles'])[3]\"}\n  (Session info: chrome-headless-shell=120.0.6099.109); For documentation on this error, please visit: https://www.selenium.dev/documentation/webdriver/troubleshooting/errors#no-such-element-exception\nStacktrace:\n#0 0x564415bd4f83 <unknown>\n#1 0x56441588dcf7 <unknown>\n#2 0x5644158dd99e <unknown>\n#3 0x5644158ddaa1 <unknown>\n#4 0x564415928d64 <unknown>\n#5 0x5644159070dd <unknown>\n#6 0x564415926006 <unknown>\n#7 0x564415906e53 <unknown>\n#8 0x5644158cedd4 <unknown>\n#9 0x5644158d01de <unknown>\n#10 0x564415b99531 <unknown>\n#11 0x564415b9d455 <unknown>\n#12 0x564415b85f55 <unknown>\n#13 0x564415b9e0ef <unknown>\n#14 0x564415b6999f <unknown>\n#15 0x564415bc2008 <unknown>\n#16 0x564415bc21d7 <unknown>\n#17 0x564415bd4124 <unknown>\n#18 0x7ffa9e87b044 <unknown>","time":{"start":1705712783201,"stop":1705712783213,"duration":12}},{"uid":"3d57209158b9c6fa","reportUrl":"https://zaelcovsky.github.io/StroyremAutomation/206//#testresult/3d57209158b9c6fa","status":"broken","statusDetails":"selenium.common.exceptions.NoSuchElementException: Message: no such element: Unable to locate element: {\"method\":\"xpath\",\"selector\":\"(//a[@href='/articles'])[3]\"}\n  (Session info: chrome-headless-shell=120.0.6099.109); For documentation on this error, please visit: https://www.selenium.dev/documentation/webdriver/troubleshooting/errors#no-such-element-exception\nStacktrace:\n#0 0x56191e1acf83 <unknown>\n#1 0x56191de65cf7 <unknown>\n#2 0x56191deb599e <unknown>\n#3 0x56191deb5aa1 <unknown>\n#4 0x56191df00d64 <unknown>\n#5 0x56191dedf0dd <unknown>\n#6 0x56191defe006 <unknown>\n#7 0x56191dedee53 <unknown>\n#8 0x56191dea6dd4 <unknown>\n#9 0x56191dea81de <unknown>\n#10 0x56191e171531 <unknown>\n#11 0x56191e175455 <unknown>\n#12 0x56191e15df55 <unknown>\n#13 0x56191e1760ef <unknown>\n#14 0x56191e14199f <unknown>\n#15 0x56191e19a008 <unknown>\n#16 0x56191e19a1d7 <unknown>\n#17 0x56191e1ac124 <unknown>\n#18 0x7fda11a50044 <unknown>","time":{"start":1705626450144,"stop":1705626450157,"duration":13}},{"uid":"27f45cd4db2af147","reportUrl":"https://zaelcovsky.github.io/StroyremAutomation/205//#testresult/27f45cd4db2af147","status":"broken","statusDetails":"selenium.common.exceptions.NoSuchElementException: Message: no such element: Unable to locate element: {\"method\":\"xpath\",\"selector\":\"(//a[@href='/articles'])[3]\"}\n  (Session info: chrome-headless-shell=120.0.6099.109); For documentation on this error, please visit: https://www.selenium.dev/documentation/webdriver/troubleshooting/errors#no-such-element-exception\nStacktrace:\n#0 0x5575fbf43f83 <unknown>\n#1 0x5575fbbfccf7 <unknown>\n#2 0x5575fbc4c99e <unknown>\n#3 0x5575fbc4caa1 <unknown>\n#4 0x5575fbc97d64 <unknown>\n#5 0x5575fbc760dd <unknown>\n#6 0x5575fbc95006 <unknown>\n#7 0x5575fbc75e53 <unknown>\n#8 0x5575fbc3ddd4 <unknown>\n#9 0x5575fbc3f1de <unknown>\n#10 0x5575fbf08531 <unknown>\n#11 0x5575fbf0c455 <unknown>\n#12 0x5575fbef4f55 <unknown>\n#13 0x5575fbf0d0ef <unknown>\n#14 0x5575fbed899f <unknown>\n#15 0x5575fbf31008 <unknown>\n#16 0x5575fbf311d7 <unknown>\n#17 0x5575fbf43124 <unknown>\n#18 0x7f3751c19044 <unknown>","time":{"start":1705540023844,"stop":1705540023856,"duration":12}}]},"tags":["smoke_test"]},"source":"be4e8a6626c7b0e7.json","parameterValues":["'https://test2.stroyrem-nn.ru/'"]}