{"uid":"e1d9bf56a421e4e1","name":"TC 009 - Проверка функциональности ссылки 'Доставка'","fullName":"tests.test_main_page.TestMainPage#test_positive_footer_delivery_smoke","historyId":"bc9818d241aad936f44651fb7356fb88","time":{"start":1707267646407,"stop":1707267646420,"duration":13},"status":"broken","statusMessage":"selenium.common.exceptions.NoSuchElementException: Message: no such element: Unable to locate element: {\"method\":\"xpath\",\"selector\":\"(//a[@href='/dostavka'])[3]\"}\n  (Session info: chrome-headless-shell=121.0.6167.85); For documentation on this error, please visit: https://www.selenium.dev/documentation/webdriver/troubleshooting/errors#no-such-element-exception\nStacktrace:\n#0 0x55c344921d93 <unknown>\n#1 0x55c344605337 <unknown>\n#2 0x55c344650d60 <unknown>\n#3 0x55c344650e51 <unknown>\n#4 0x55c344694bc4 <unknown>\n#5 0x55c34467346d <unknown>\n#6 0x55c34469212d <unknown>\n#7 0x55c3446731e3 <unknown>\n#8 0x55c344643135 <unknown>\n#9 0x55c34464413e <unknown>\n#10 0x55c3448e5e4b <unknown>\n#11 0x55c3448e9dfa <unknown>\n#12 0x55c3448d26d5 <unknown>\n#13 0x55c3448eaa6f <unknown>\n#14 0x55c3448b669f <unknown>\n#15 0x55c34490f098 <unknown>\n#16 0x55c34490f262 <unknown>\n#17 0x55c344920f34 <unknown>\n#18 0x7f58752df134 <unknown>","statusTrace":"self = <tests.test_main_page.TestMainPage object at 0x7f39cea3a190>\nmain_page = <pages.main_page.MainPage object at 0x7f39cdf6a650>\n\n    @allure.feature(\"Footer functionality\")\n    @allure.title(\"TC 009 - Проверка функциональности ссылки 'Доставка'\")\n    @pytest.mark.smoke_test\n    def test_positive_footer_delivery_smoke(self, main_page):\n>       main_page.check_delivery_link()\n\ntests/test_main_page.py:90: \n_ _ _ _ _ _ _ _ _ _ _ _ _ _ _ _ _ _ _ _ _ _ _ _ _ _ _ _ _ _ _ _ _ _ _ _ _ _ _ _ \npages/main_page.py:130: in check_delivery_link\n    self.driver.find_element(*self._delivery_link).click()\n/usr/local/lib/python3.11/site-packages/selenium/webdriver/remote/webdriver.py:740: in find_element\n    return self.execute(Command.FIND_ELEMENT, {\"using\": by, \"value\": value})[\"value\"]\n/usr/local/lib/python3.11/site-packages/selenium/webdriver/remote/webdriver.py:346: in execute\n    self.error_handler.check_response(response)\n_ _ _ _ _ _ _ _ _ _ _ _ _ _ _ _ _ _ _ _ _ _ _ _ _ _ _ _ _ _ _ _ _ _ _ _ _ _ _ _ \n\nself = <selenium.webdriver.remote.errorhandler.ErrorHandler object at 0x7f39ce019810>\nresponse = {'status': 404, 'value': '{\"value\":{\"error\":\"no such element\",\"message\":\"no such element: Unable to locate element: {\\...\\\\n#16 0x55c34490f262 \\\\u003Cunknown>\\\\n#17 0x55c344920f34 \\\\u003Cunknown>\\\\n#18 0x7f58752df134 \\\\u003Cunknown>\\\\n\"}}'}\n\n    def check_response(self, response: Dict[str, Any]) -> None:\n        \"\"\"Checks that a JSON response from the WebDriver does not have an\n        error.\n    \n        :Args:\n         - response - The JSON response from the WebDriver server as a dictionary\n           object.\n    \n        :Raises: If the response contains an error message.\n        \"\"\"\n        status = response.get(\"status\", None)\n        if not status or status == ErrorCode.SUCCESS:\n            return\n        value = None\n        message = response.get(\"message\", \"\")\n        screen: str = response.get(\"screen\", \"\")\n        stacktrace = None\n        if isinstance(status, int):\n            value_json = response.get(\"value\", None)\n            if value_json and isinstance(value_json, str):\n                import json\n    \n                try:\n                    value = json.loads(value_json)\n                    if len(value) == 1:\n                        value = value[\"value\"]\n                    status = value.get(\"error\", None)\n                    if not status:\n                        status = value.get(\"status\", ErrorCode.UNKNOWN_ERROR)\n                        message = value.get(\"value\") or value.get(\"message\")\n                        if not isinstance(message, str):\n                            value = message\n                            message = message.get(\"message\")\n                    else:\n                        message = value.get(\"message\", None)\n                except ValueError:\n                    pass\n    \n        exception_class: Type[WebDriverException]\n        if status in ErrorCode.NO_SUCH_ELEMENT:\n            exception_class = NoSuchElementException\n        elif status in ErrorCode.NO_SUCH_FRAME:\n            exception_class = NoSuchFrameException\n        elif status in ErrorCode.NO_SUCH_SHADOW_ROOT:\n            exception_class = NoSuchShadowRootException\n        elif status in ErrorCode.NO_SUCH_WINDOW:\n            exception_class = NoSuchWindowException\n        elif status in ErrorCode.STALE_ELEMENT_REFERENCE:\n            exception_class = StaleElementReferenceException\n        elif status in ErrorCode.ELEMENT_NOT_VISIBLE:\n            exception_class = ElementNotVisibleException\n        elif status in ErrorCode.INVALID_ELEMENT_STATE:\n            exception_class = InvalidElementStateException\n        elif (\n            status in ErrorCode.INVALID_SELECTOR\n            or status in ErrorCode.INVALID_XPATH_SELECTOR\n            or status in ErrorCode.INVALID_XPATH_SELECTOR_RETURN_TYPER\n        ):\n            exception_class = InvalidSelectorException\n        elif status in ErrorCode.ELEMENT_IS_NOT_SELECTABLE:\n            exception_class = ElementNotSelectableException\n        elif status in ErrorCode.ELEMENT_NOT_INTERACTABLE:\n            exception_class = ElementNotInteractableException\n        elif status in ErrorCode.INVALID_COOKIE_DOMAIN:\n            exception_class = InvalidCookieDomainException\n        elif status in ErrorCode.UNABLE_TO_SET_COOKIE:\n            exception_class = UnableToSetCookieException\n        elif status in ErrorCode.TIMEOUT:\n            exception_class = TimeoutException\n        elif status in ErrorCode.SCRIPT_TIMEOUT:\n            exception_class = TimeoutException\n        elif status in ErrorCode.UNKNOWN_ERROR:\n            exception_class = WebDriverException\n        elif status in ErrorCode.UNEXPECTED_ALERT_OPEN:\n            exception_class = UnexpectedAlertPresentException\n        elif status in ErrorCode.NO_ALERT_OPEN:\n            exception_class = NoAlertPresentException\n        elif status in ErrorCode.IME_NOT_AVAILABLE:\n            exception_class = ImeNotAvailableException\n        elif status in ErrorCode.IME_ENGINE_ACTIVATION_FAILED:\n            exception_class = ImeActivationFailedException\n        elif status in ErrorCode.MOVE_TARGET_OUT_OF_BOUNDS:\n            exception_class = MoveTargetOutOfBoundsException\n        elif status in ErrorCode.JAVASCRIPT_ERROR:\n            exception_class = JavascriptException\n        elif status in ErrorCode.SESSION_NOT_CREATED:\n            exception_class = SessionNotCreatedException\n        elif status in ErrorCode.INVALID_ARGUMENT:\n            exception_class = InvalidArgumentException\n        elif status in ErrorCode.NO_SUCH_COOKIE:\n            exception_class = NoSuchCookieException\n        elif status in ErrorCode.UNABLE_TO_CAPTURE_SCREEN:\n            exception_class = ScreenshotException\n        elif status in ErrorCode.ELEMENT_CLICK_INTERCEPTED:\n            exception_class = ElementClickInterceptedException\n        elif status in ErrorCode.INSECURE_CERTIFICATE:\n            exception_class = InsecureCertificateException\n        elif status in ErrorCode.INVALID_COORDINATES:\n            exception_class = InvalidCoordinatesException\n        elif status in ErrorCode.INVALID_SESSION_ID:\n            exception_class = InvalidSessionIdException\n        elif status in ErrorCode.UNKNOWN_METHOD:\n            exception_class = UnknownMethodException\n        else:\n            exception_class = WebDriverException\n        if not value:\n            value = response[\"value\"]\n        if isinstance(value, str):\n            raise exception_class(value)\n        if message == \"\" and \"message\" in value:\n            message = value[\"message\"]\n    \n        screen = None  # type: ignore[assignment]\n        if \"screen\" in value:\n            screen = value[\"screen\"]\n    \n        stacktrace = None\n        st_value = value.get(\"stackTrace\") or value.get(\"stacktrace\")\n        if st_value:\n            if isinstance(st_value, str):\n                stacktrace = st_value.split(\"\\n\")\n            else:\n                stacktrace = []\n                try:\n                    for frame in st_value:\n                        line = frame.get(\"lineNumber\", \"\")\n                        file = frame.get(\"fileName\", \"<anonymous>\")\n                        if line:\n                            file = f\"{file}:{line}\"\n                        meth = frame.get(\"methodName\", \"<anonymous>\")\n                        if \"className\" in frame:\n                            meth = f\"{frame['className']}.{meth}\"\n                        msg = \"    at %s (%s)\"\n                        msg = msg % (meth, file)\n                        stacktrace.append(msg)\n                except TypeError:\n                    pass\n        if exception_class == UnexpectedAlertPresentException:\n            alert_text = None\n            if \"data\" in value:\n                alert_text = value[\"data\"].get(\"text\")\n            elif \"alert\" in value:\n                alert_text = value[\"alert\"].get(\"text\")\n            raise exception_class(message, screen, stacktrace, alert_text)  # type: ignore[call-arg]  # mypy is not smart enough here\n>       raise exception_class(message, screen, stacktrace)\nE       selenium.common.exceptions.NoSuchElementException: Message: no such element: Unable to locate element: {\"method\":\"xpath\",\"selector\":\"(//a[@href='/dostavka'])[3]\"}\nE         (Session info: chrome-headless-shell=121.0.6167.85); For documentation on this error, please visit: https://www.selenium.dev/documentation/webdriver/troubleshooting/errors#no-such-element-exception\nE       Stacktrace:\nE       #0 0x55c344921d93 <unknown>\nE       #1 0x55c344605337 <unknown>\nE       #2 0x55c344650d60 <unknown>\nE       #3 0x55c344650e51 <unknown>\nE       #4 0x55c344694bc4 <unknown>\nE       #5 0x55c34467346d <unknown>\nE       #6 0x55c34469212d <unknown>\nE       #7 0x55c3446731e3 <unknown>\nE       #8 0x55c344643135 <unknown>\nE       #9 0x55c34464413e <unknown>\nE       #10 0x55c3448e5e4b <unknown>\nE       #11 0x55c3448e9dfa <unknown>\nE       #12 0x55c3448d26d5 <unknown>\nE       #13 0x55c3448eaa6f <unknown>\nE       #14 0x55c3448b669f <unknown>\nE       #15 0x55c34490f098 <unknown>\nE       #16 0x55c34490f262 <unknown>\nE       #17 0x55c344920f34 <unknown>\nE       #18 0x7f58752df134 <unknown>\n\n/usr/local/lib/python3.11/site-packages/selenium/webdriver/remote/errorhandler.py:245: NoSuchElementException","flaky":false,"newFailed":false,"newBroken":false,"newPassed":false,"retriesCount":0,"retriesStatusChange":false,"beforeStages":[{"name":"_session_faker","time":{"start":1707267531261,"stop":1707267531328,"duration":67},"status":"passed","steps":[],"attachments":[],"parameters":[],"shouldDisplayMessage":false,"stepsCount":0,"attachmentsCount":0,"hasContent":false,"attachmentStep":false},{"name":"clear_allure_results_folder","time":{"start":1707267531328,"stop":1707267531329,"duration":1},"status":"passed","steps":[],"attachments":[],"parameters":[],"shouldDisplayMessage":false,"stepsCount":0,"attachmentsCount":0,"hasContent":false,"attachmentStep":false},{"name":"driver","time":{"start":1707267645302,"stop":1707267646034,"duration":732},"status":"passed","steps":[],"attachments":[],"parameters":[],"shouldDisplayMessage":false,"stepsCount":0,"attachmentsCount":0,"hasContent":false,"attachmentStep":false},{"name":"main_page","time":{"start":1707267646034,"stop":1707267646407,"duration":373},"status":"passed","steps":[],"attachments":[],"parameters":[],"shouldDisplayMessage":false,"stepsCount":0,"attachmentsCount":0,"hasContent":false,"attachmentStep":false},{"name":"setup","time":{"start":1707267646034,"stop":1707267646034,"duration":0},"status":"passed","steps":[],"attachments":[],"parameters":[],"shouldDisplayMessage":false,"stepsCount":0,"attachmentsCount":0,"hasContent":false,"attachmentStep":false}],"testStage":{"status":"broken","statusMessage":"selenium.common.exceptions.NoSuchElementException: Message: no such element: Unable to locate element: {\"method\":\"xpath\",\"selector\":\"(//a[@href='/dostavka'])[3]\"}\n  (Session info: chrome-headless-shell=121.0.6167.85); For documentation on this error, please visit: https://www.selenium.dev/documentation/webdriver/troubleshooting/errors#no-such-element-exception\nStacktrace:\n#0 0x55c344921d93 <unknown>\n#1 0x55c344605337 <unknown>\n#2 0x55c344650d60 <unknown>\n#3 0x55c344650e51 <unknown>\n#4 0x55c344694bc4 <unknown>\n#5 0x55c34467346d <unknown>\n#6 0x55c34469212d <unknown>\n#7 0x55c3446731e3 <unknown>\n#8 0x55c344643135 <unknown>\n#9 0x55c34464413e <unknown>\n#10 0x55c3448e5e4b <unknown>\n#11 0x55c3448e9dfa <unknown>\n#12 0x55c3448d26d5 <unknown>\n#13 0x55c3448eaa6f <unknown>\n#14 0x55c3448b669f <unknown>\n#15 0x55c34490f098 <unknown>\n#16 0x55c34490f262 <unknown>\n#17 0x55c344920f34 <unknown>\n#18 0x7f58752df134 <unknown>","statusTrace":"self = <tests.test_main_page.TestMainPage object at 0x7f39cea3a190>\nmain_page = <pages.main_page.MainPage object at 0x7f39cdf6a650>\n\n    @allure.feature(\"Footer functionality\")\n    @allure.title(\"TC 009 - Проверка функциональности ссылки 'Доставка'\")\n    @pytest.mark.smoke_test\n    def test_positive_footer_delivery_smoke(self, main_page):\n>       main_page.check_delivery_link()\n\ntests/test_main_page.py:90: \n_ _ _ _ _ _ _ _ _ _ _ _ _ _ _ _ _ _ _ _ _ _ _ _ _ _ _ _ _ _ _ _ _ _ _ _ _ _ _ _ \npages/main_page.py:130: in check_delivery_link\n    self.driver.find_element(*self._delivery_link).click()\n/usr/local/lib/python3.11/site-packages/selenium/webdriver/remote/webdriver.py:740: in find_element\n    return self.execute(Command.FIND_ELEMENT, {\"using\": by, \"value\": value})[\"value\"]\n/usr/local/lib/python3.11/site-packages/selenium/webdriver/remote/webdriver.py:346: in execute\n    self.error_handler.check_response(response)\n_ _ _ _ _ _ _ _ _ _ _ _ _ _ _ _ _ _ _ _ _ _ _ _ _ _ _ _ _ _ _ _ _ _ _ _ _ _ _ _ \n\nself = <selenium.webdriver.remote.errorhandler.ErrorHandler object at 0x7f39ce019810>\nresponse = {'status': 404, 'value': '{\"value\":{\"error\":\"no such element\",\"message\":\"no such element: Unable to locate element: {\\...\\\\n#16 0x55c34490f262 \\\\u003Cunknown>\\\\n#17 0x55c344920f34 \\\\u003Cunknown>\\\\n#18 0x7f58752df134 \\\\u003Cunknown>\\\\n\"}}'}\n\n    def check_response(self, response: Dict[str, Any]) -> None:\n        \"\"\"Checks that a JSON response from the WebDriver does not have an\n        error.\n    \n        :Args:\n         - response - The JSON response from the WebDriver server as a dictionary\n           object.\n    \n        :Raises: If the response contains an error message.\n        \"\"\"\n        status = response.get(\"status\", None)\n        if not status or status == ErrorCode.SUCCESS:\n            return\n        value = None\n        message = response.get(\"message\", \"\")\n        screen: str = response.get(\"screen\", \"\")\n        stacktrace = None\n        if isinstance(status, int):\n            value_json = response.get(\"value\", None)\n            if value_json and isinstance(value_json, str):\n                import json\n    \n                try:\n                    value = json.loads(value_json)\n                    if len(value) == 1:\n                        value = value[\"value\"]\n                    status = value.get(\"error\", None)\n                    if not status:\n                        status = value.get(\"status\", ErrorCode.UNKNOWN_ERROR)\n                        message = value.get(\"value\") or value.get(\"message\")\n                        if not isinstance(message, str):\n                            value = message\n                            message = message.get(\"message\")\n                    else:\n                        message = value.get(\"message\", None)\n                except ValueError:\n                    pass\n    \n        exception_class: Type[WebDriverException]\n        if status in ErrorCode.NO_SUCH_ELEMENT:\n            exception_class = NoSuchElementException\n        elif status in ErrorCode.NO_SUCH_FRAME:\n            exception_class = NoSuchFrameException\n        elif status in ErrorCode.NO_SUCH_SHADOW_ROOT:\n            exception_class = NoSuchShadowRootException\n        elif status in ErrorCode.NO_SUCH_WINDOW:\n            exception_class = NoSuchWindowException\n        elif status in ErrorCode.STALE_ELEMENT_REFERENCE:\n            exception_class = StaleElementReferenceException\n        elif status in ErrorCode.ELEMENT_NOT_VISIBLE:\n            exception_class = ElementNotVisibleException\n        elif status in ErrorCode.INVALID_ELEMENT_STATE:\n            exception_class = InvalidElementStateException\n        elif (\n            status in ErrorCode.INVALID_SELECTOR\n            or status in ErrorCode.INVALID_XPATH_SELECTOR\n            or status in ErrorCode.INVALID_XPATH_SELECTOR_RETURN_TYPER\n        ):\n            exception_class = InvalidSelectorException\n        elif status in ErrorCode.ELEMENT_IS_NOT_SELECTABLE:\n            exception_class = ElementNotSelectableException\n        elif status in ErrorCode.ELEMENT_NOT_INTERACTABLE:\n            exception_class = ElementNotInteractableException\n        elif status in ErrorCode.INVALID_COOKIE_DOMAIN:\n            exception_class = InvalidCookieDomainException\n        elif status in ErrorCode.UNABLE_TO_SET_COOKIE:\n            exception_class = UnableToSetCookieException\n        elif status in ErrorCode.TIMEOUT:\n            exception_class = TimeoutException\n        elif status in ErrorCode.SCRIPT_TIMEOUT:\n            exception_class = TimeoutException\n        elif status in ErrorCode.UNKNOWN_ERROR:\n            exception_class = WebDriverException\n        elif status in ErrorCode.UNEXPECTED_ALERT_OPEN:\n            exception_class = UnexpectedAlertPresentException\n        elif status in ErrorCode.NO_ALERT_OPEN:\n            exception_class = NoAlertPresentException\n        elif status in ErrorCode.IME_NOT_AVAILABLE:\n            exception_class = ImeNotAvailableException\n        elif status in ErrorCode.IME_ENGINE_ACTIVATION_FAILED:\n            exception_class = ImeActivationFailedException\n        elif status in ErrorCode.MOVE_TARGET_OUT_OF_BOUNDS:\n            exception_class = MoveTargetOutOfBoundsException\n        elif status in ErrorCode.JAVASCRIPT_ERROR:\n            exception_class = JavascriptException\n        elif status in ErrorCode.SESSION_NOT_CREATED:\n            exception_class = SessionNotCreatedException\n        elif status in ErrorCode.INVALID_ARGUMENT:\n            exception_class = InvalidArgumentException\n        elif status in ErrorCode.NO_SUCH_COOKIE:\n            exception_class = NoSuchCookieException\n        elif status in ErrorCode.UNABLE_TO_CAPTURE_SCREEN:\n            exception_class = ScreenshotException\n        elif status in ErrorCode.ELEMENT_CLICK_INTERCEPTED:\n            exception_class = ElementClickInterceptedException\n        elif status in ErrorCode.INSECURE_CERTIFICATE:\n            exception_class = InsecureCertificateException\n        elif status in ErrorCode.INVALID_COORDINATES:\n            exception_class = InvalidCoordinatesException\n        elif status in ErrorCode.INVALID_SESSION_ID:\n            exception_class = InvalidSessionIdException\n        elif status in ErrorCode.UNKNOWN_METHOD:\n            exception_class = UnknownMethodException\n        else:\n            exception_class = WebDriverException\n        if not value:\n            value = response[\"value\"]\n        if isinstance(value, str):\n            raise exception_class(value)\n        if message == \"\" and \"message\" in value:\n            message = value[\"message\"]\n    \n        screen = None  # type: ignore[assignment]\n        if \"screen\" in value:\n            screen = value[\"screen\"]\n    \n        stacktrace = None\n        st_value = value.get(\"stackTrace\") or value.get(\"stacktrace\")\n        if st_value:\n            if isinstance(st_value, str):\n                stacktrace = st_value.split(\"\\n\")\n            else:\n                stacktrace = []\n                try:\n                    for frame in st_value:\n                        line = frame.get(\"lineNumber\", \"\")\n                        file = frame.get(\"fileName\", \"<anonymous>\")\n                        if line:\n                            file = f\"{file}:{line}\"\n                        meth = frame.get(\"methodName\", \"<anonymous>\")\n                        if \"className\" in frame:\n                            meth = f\"{frame['className']}.{meth}\"\n                        msg = \"    at %s (%s)\"\n                        msg = msg % (meth, file)\n                        stacktrace.append(msg)\n                except TypeError:\n                    pass\n        if exception_class == UnexpectedAlertPresentException:\n            alert_text = None\n            if \"data\" in value:\n                alert_text = value[\"data\"].get(\"text\")\n            elif \"alert\" in value:\n                alert_text = value[\"alert\"].get(\"text\")\n            raise exception_class(message, screen, stacktrace, alert_text)  # type: ignore[call-arg]  # mypy is not smart enough here\n>       raise exception_class(message, screen, stacktrace)\nE       selenium.common.exceptions.NoSuchElementException: Message: no such element: Unable to locate element: {\"method\":\"xpath\",\"selector\":\"(//a[@href='/dostavka'])[3]\"}\nE         (Session info: chrome-headless-shell=121.0.6167.85); For documentation on this error, please visit: https://www.selenium.dev/documentation/webdriver/troubleshooting/errors#no-such-element-exception\nE       Stacktrace:\nE       #0 0x55c344921d93 <unknown>\nE       #1 0x55c344605337 <unknown>\nE       #2 0x55c344650d60 <unknown>\nE       #3 0x55c344650e51 <unknown>\nE       #4 0x55c344694bc4 <unknown>\nE       #5 0x55c34467346d <unknown>\nE       #6 0x55c34469212d <unknown>\nE       #7 0x55c3446731e3 <unknown>\nE       #8 0x55c344643135 <unknown>\nE       #9 0x55c34464413e <unknown>\nE       #10 0x55c3448e5e4b <unknown>\nE       #11 0x55c3448e9dfa <unknown>\nE       #12 0x55c3448d26d5 <unknown>\nE       #13 0x55c3448eaa6f <unknown>\nE       #14 0x55c3448b669f <unknown>\nE       #15 0x55c34490f098 <unknown>\nE       #16 0x55c34490f262 <unknown>\nE       #17 0x55c344920f34 <unknown>\nE       #18 0x7f58752df134 <unknown>\n\n/usr/local/lib/python3.11/site-packages/selenium/webdriver/remote/errorhandler.py:245: NoSuchElementException","steps":[{"name":"Проверка функциональности ссылки 'Доставка'","time":{"start":1707267646407,"stop":1707267646419,"duration":12},"status":"broken","statusMessage":"selenium.common.exceptions.NoSuchElementException: Message: no such element: Unable to locate element: {\"method\":\"xpath\",\"selector\":\"(//a[@href='/dostavka'])[3]\"}\n  (Session info: chrome-headless-shell=121.0.6167.85); For documentation on this error, please visit: https://www.selenium.dev/documentation/webdriver/troubleshooting/errors#no-such-element-exception\nStacktrace:\n#0 0x55c344921d93 <unknown>\n#1 0x55c344605337 <unknown>\n#2 0x55c344650d60 <unknown>\n#3 0x55c344650e51 <unknown>\n#4 0x55c344694bc4 <unknown>\n#5 0x55c34467346d <unknown>\n#6 0x55c34469212d <unknown>\n#7 0x55c3446731e3 <unknown>\n#8 0x55c344643135 <unknown>\n#9 0x55c34464413e <unknown>\n#10 0x55c3448e5e4b <unknown>\n#11 0x55c3448e9dfa <unknown>\n#12 0x55c3448d26d5 <unknown>\n#13 0x55c3448eaa6f <unknown>\n#14 0x55c3448b669f <unknown>\n#15 0x55c34490f098 <unknown>\n#16 0x55c34490f262 <unknown>\n#17 0x55c344920f34 <unknown>\n#18 0x7f58752df134 <unknown>\n\n","statusTrace":"  File \"/usr/local/lib/python3.11/site-packages/allure_commons/_allure.py\", line 192, in impl\n    return func(*a, **kw)\n           ^^^^^^^^^^^^^^\n  File \"/app/pages/main_page.py\", line 130, in check_delivery_link\n    self.driver.find_element(*self._delivery_link).click()\n    ^^^^^^^^^^^^^^^^^^^^^^^^^^^^^^^^^^^^^^^^^^^^^^\n  File \"/usr/local/lib/python3.11/site-packages/selenium/webdriver/remote/webdriver.py\", line 740, in find_element\n    return self.execute(Command.FIND_ELEMENT, {\"using\": by, \"value\": value})[\"value\"]\n           ^^^^^^^^^^^^^^^^^^^^^^^^^^^^^^^^^^^^^^^^^^^^^^^^^^^^^^^^^^^^^^^^^\n  File \"/usr/local/lib/python3.11/site-packages/selenium/webdriver/remote/webdriver.py\", line 346, in execute\n    self.error_handler.check_response(response)\n  File \"/usr/local/lib/python3.11/site-packages/selenium/webdriver/remote/errorhandler.py\", line 245, in check_response\n    raise exception_class(message, screen, stacktrace)\n","steps":[],"attachments":[],"parameters":[],"shouldDisplayMessage":true,"stepsCount":0,"attachmentsCount":0,"hasContent":true,"attachmentStep":false}],"attachments":[{"uid":"9c3e14dfe89baab","name":"Screenshot","source":"9c3e14dfe89baab.png","type":"image/png","size":39106},{"uid":"62208bf9c645d93f","name":"HTML source","source":"62208bf9c645d93f.html","type":"text/html","size":538}],"parameters":[],"shouldDisplayMessage":true,"stepsCount":1,"attachmentsCount":2,"hasContent":true,"attachmentStep":false},"afterStages":[{"name":"setup::0","time":{"start":1707267646521,"stop":1707267646521,"duration":0},"status":"passed","steps":[],"attachments":[],"parameters":[],"shouldDisplayMessage":false,"stepsCount":0,"attachmentsCount":0,"hasContent":false,"attachmentStep":false},{"name":"driver::0","time":{"start":1707267646522,"stop":1707267646578,"duration":56},"status":"passed","steps":[],"attachments":[],"parameters":[],"shouldDisplayMessage":false,"stepsCount":0,"attachmentsCount":0,"hasContent":false,"attachmentStep":false}],"labels":[{"name":"epic","value":"Main Page"},{"name":"feature","value":"Footer functionality"},{"name":"tag","value":"smoke_test"},{"name":"parentSuite","value":"tests"},{"name":"suite","value":"test_main_page"},{"name":"subSuite","value":"TestMainPage"},{"name":"host","value":"5d73197f3e46"},{"name":"thread","value":"1-MainThread"},{"name":"framework","value":"pytest"},{"name":"language","value":"cpython3"},{"name":"package","value":"tests.test_main_page"},{"name":"resultFormat","value":"allure2"}],"parameters":[{"name":"url","value":"'https://test2.stroyrem-nn.ru/'"}],"links":[],"hidden":false,"retry":false,"extra":{"severity":"normal","retries":[],"categories":[{"name":"Test defects","matchedStatuses":[],"flaky":false}],"history":{"statistic":{"failed":0,"broken":147,"skipped":0,"passed":35,"unknown":0,"total":182},"items":[{"uid":"c4c03bfd1235d9d9","reportUrl":"https://zaelcovsky.github.io/StroyremAutomation/224//#testresult/c4c03bfd1235d9d9","status":"broken","statusDetails":"selenium.common.exceptions.NoSuchElementException: Message: no such element: Unable to locate element: {\"method\":\"xpath\",\"selector\":\"(//a[@href='/dostavka'])[3]\"}\n  (Session info: chrome-headless-shell=121.0.6167.85); For documentation on this error, please visit: https://www.selenium.dev/documentation/webdriver/troubleshooting/errors#no-such-element-exception\nStacktrace:\n#0 0x5576daf1bd93 <unknown>\n#1 0x5576dabff337 <unknown>\n#2 0x5576dac4ad60 <unknown>\n#3 0x5576dac4ae51 <unknown>\n#4 0x5576dac8ebc4 <unknown>\n#5 0x5576dac6d46d <unknown>\n#6 0x5576dac8c12d <unknown>\n#7 0x5576dac6d1e3 <unknown>\n#8 0x5576dac3d135 <unknown>\n#9 0x5576dac3e13e <unknown>\n#10 0x5576daedfe4b <unknown>\n#11 0x5576daee3dfa <unknown>\n#12 0x5576daecc6d5 <unknown>\n#13 0x5576daee4a6f <unknown>\n#14 0x5576daeb069f <unknown>\n#15 0x5576daf09098 <unknown>\n#16 0x5576daf09262 <unknown>\n#17 0x5576daf1af34 <unknown>\n#18 0x7f7bf3cb3134 <unknown>","time":{"start":1707181347281,"stop":1707181347294,"duration":13}},{"uid":"3fd94f4226ae6d93","reportUrl":"https://zaelcovsky.github.io/StroyremAutomation/223//#testresult/3fd94f4226ae6d93","status":"broken","statusDetails":"selenium.common.exceptions.NoSuchElementException: Message: no such element: Unable to locate element: {\"method\":\"xpath\",\"selector\":\"(//a[@href='/dostavka'])[3]\"}\n  (Session info: chrome-headless-shell=121.0.6167.85); For documentation on this error, please visit: https://www.selenium.dev/documentation/webdriver/troubleshooting/errors#no-such-element-exception\nStacktrace:\n#0 0x564927a53d93 <unknown>\n#1 0x564927737337 <unknown>\n#2 0x564927782d60 <unknown>\n#3 0x564927782e51 <unknown>\n#4 0x5649277c6bc4 <unknown>\n#5 0x5649277a546d <unknown>\n#6 0x5649277c412d <unknown>\n#7 0x5649277a51e3 <unknown>\n#8 0x564927775135 <unknown>\n#9 0x56492777613e <unknown>\n#10 0x564927a17e4b <unknown>\n#11 0x564927a1bdfa <unknown>\n#12 0x564927a046d5 <unknown>\n#13 0x564927a1ca6f <unknown>\n#14 0x5649279e869f <unknown>\n#15 0x564927a41098 <unknown>\n#16 0x564927a41262 <unknown>\n#17 0x564927a52f34 <unknown>\n#18 0x7f777ddd3134 <unknown>","time":{"start":1707095075253,"stop":1707095075266,"duration":13}},{"uid":"40d9bf15457fc6b9","reportUrl":"https://zaelcovsky.github.io/StroyremAutomation/222//#testresult/40d9bf15457fc6b9","status":"broken","statusDetails":"selenium.common.exceptions.NoSuchElementException: Message: no such element: Unable to locate element: {\"method\":\"xpath\",\"selector\":\"(//a[@href='/dostavka'])[3]\"}\n  (Session info: chrome-headless-shell=121.0.6167.85); For documentation on this error, please visit: https://www.selenium.dev/documentation/webdriver/troubleshooting/errors#no-such-element-exception\nStacktrace:\n#0 0x564b19754d93 <unknown>\n#1 0x564b19438337 <unknown>\n#2 0x564b19483d60 <unknown>\n#3 0x564b19483e51 <unknown>\n#4 0x564b194c7bc4 <unknown>\n#5 0x564b194a646d <unknown>\n#6 0x564b194c512d <unknown>\n#7 0x564b194a61e3 <unknown>\n#8 0x564b19476135 <unknown>\n#9 0x564b1947713e <unknown>\n#10 0x564b19718e4b <unknown>\n#11 0x564b1971cdfa <unknown>\n#12 0x564b197056d5 <unknown>\n#13 0x564b1971da6f <unknown>\n#14 0x564b196e969f <unknown>\n#15 0x564b19742098 <unknown>\n#16 0x564b19742262 <unknown>\n#17 0x564b19753f34 <unknown>\n#18 0x7f7cda3ff134 <unknown>","time":{"start":1707008822495,"stop":1707008822508,"duration":13}},{"uid":"1ec6753a6ef08dd2","reportUrl":"https://zaelcovsky.github.io/StroyremAutomation/221//#testresult/1ec6753a6ef08dd2","status":"broken","statusDetails":"selenium.common.exceptions.NoSuchElementException: Message: no such element: Unable to locate element: {\"method\":\"xpath\",\"selector\":\"(//a[@href='/dostavka'])[3]\"}\n  (Session info: chrome-headless-shell=121.0.6167.85); For documentation on this error, please visit: https://www.selenium.dev/documentation/webdriver/troubleshooting/errors#no-such-element-exception\nStacktrace:\n#0 0x56200b1d8d93 <unknown>\n#1 0x56200aebc337 <unknown>\n#2 0x56200af07d60 <unknown>\n#3 0x56200af07e51 <unknown>\n#4 0x56200af4bbc4 <unknown>\n#5 0x56200af2a46d <unknown>\n#6 0x56200af4912d <unknown>\n#7 0x56200af2a1e3 <unknown>\n#8 0x56200aefa135 <unknown>\n#9 0x56200aefb13e <unknown>\n#10 0x56200b19ce4b <unknown>\n#11 0x56200b1a0dfa <unknown>\n#12 0x56200b1896d5 <unknown>\n#13 0x56200b1a1a6f <unknown>\n#14 0x56200b16d69f <unknown>\n#15 0x56200b1c6098 <unknown>\n#16 0x56200b1c6262 <unknown>\n#17 0x56200b1d7f34 <unknown>\n#18 0x7f7691515134 <unknown>","time":{"start":1706922102535,"stop":1706922102548,"duration":13}},{"uid":"365a337d373dab74","reportUrl":"https://zaelcovsky.github.io/StroyremAutomation/220//#testresult/365a337d373dab74","status":"broken","statusDetails":"selenium.common.exceptions.NoSuchElementException: Message: no such element: Unable to locate element: {\"method\":\"xpath\",\"selector\":\"(//a[@href='/dostavka'])[3]\"}\n  (Session info: chrome-headless-shell=121.0.6167.85); For documentation on this error, please visit: https://www.selenium.dev/documentation/webdriver/troubleshooting/errors#no-such-element-exception\nStacktrace:\n#0 0x55b4e71c3d93 <unknown>\n#1 0x55b4e6ea7337 <unknown>\n#2 0x55b4e6ef2d60 <unknown>\n#3 0x55b4e6ef2e51 <unknown>\n#4 0x55b4e6f36bc4 <unknown>\n#5 0x55b4e6f1546d <unknown>\n#6 0x55b4e6f3412d <unknown>\n#7 0x55b4e6f151e3 <unknown>\n#8 0x55b4e6ee5135 <unknown>\n#9 0x55b4e6ee613e <unknown>\n#10 0x55b4e7187e4b <unknown>\n#11 0x55b4e718bdfa <unknown>\n#12 0x55b4e71746d5 <unknown>\n#13 0x55b4e718ca6f <unknown>\n#14 0x55b4e715869f <unknown>\n#15 0x55b4e71b1098 <unknown>\n#16 0x55b4e71b1262 <unknown>\n#17 0x55b4e71c2f34 <unknown>\n#18 0x7ffb64671134 <unknown>","time":{"start":1706835767753,"stop":1706835767766,"duration":13}},{"uid":"4cdfa252c3cbc504","reportUrl":"https://zaelcovsky.github.io/StroyremAutomation/219//#testresult/4cdfa252c3cbc504","status":"broken","statusDetails":"selenium.common.exceptions.NoSuchElementException: Message: no such element: Unable to locate element: {\"method\":\"xpath\",\"selector\":\"(//a[@href='/dostavka'])[3]\"}\n  (Session info: chrome-headless-shell=121.0.6167.85); For documentation on this error, please visit: https://www.selenium.dev/documentation/webdriver/troubleshooting/errors#no-such-element-exception\nStacktrace:\n#0 0x55e9d078bd93 <unknown>\n#1 0x55e9d046f337 <unknown>\n#2 0x55e9d04bad60 <unknown>\n#3 0x55e9d04bae51 <unknown>\n#4 0x55e9d04febc4 <unknown>\n#5 0x55e9d04dd46d <unknown>\n#6 0x55e9d04fc12d <unknown>\n#7 0x55e9d04dd1e3 <unknown>\n#8 0x55e9d04ad135 <unknown>\n#9 0x55e9d04ae13e <unknown>\n#10 0x55e9d074fe4b <unknown>\n#11 0x55e9d0753dfa <unknown>\n#12 0x55e9d073c6d5 <unknown>\n#13 0x55e9d0754a6f <unknown>\n#14 0x55e9d072069f <unknown>\n#15 0x55e9d0779098 <unknown>\n#16 0x55e9d0779262 <unknown>\n#17 0x55e9d078af34 <unknown>\n#18 0x7f1e79553044 <unknown>","time":{"start":1706749607071,"stop":1706749607085,"duration":14}},{"uid":"cb3802aaf15d570b","reportUrl":"https://zaelcovsky.github.io/StroyremAutomation/218//#testresult/cb3802aaf15d570b","status":"broken","statusDetails":"selenium.common.exceptions.NoSuchElementException: Message: no such element: Unable to locate element: {\"method\":\"xpath\",\"selector\":\"(//a[@href='/dostavka'])[3]\"}\n  (Session info: chrome-headless-shell=121.0.6167.85); For documentation on this error, please visit: https://www.selenium.dev/documentation/webdriver/troubleshooting/errors#no-such-element-exception\nStacktrace:\n#0 0x564a21aa2d93 <unknown>\n#1 0x564a21786337 <unknown>\n#2 0x564a217d1d60 <unknown>\n#3 0x564a217d1e51 <unknown>\n#4 0x564a21815bc4 <unknown>\n#5 0x564a217f446d <unknown>\n#6 0x564a2181312d <unknown>\n#7 0x564a217f41e3 <unknown>\n#8 0x564a217c4135 <unknown>\n#9 0x564a217c513e <unknown>\n#10 0x564a21a66e4b <unknown>\n#11 0x564a21a6adfa <unknown>\n#12 0x564a21a536d5 <unknown>\n#13 0x564a21a6ba6f <unknown>\n#14 0x564a21a3769f <unknown>\n#15 0x564a21a90098 <unknown>\n#16 0x564a21a90262 <unknown>\n#17 0x564a21aa1f34 <unknown>\n#18 0x7f952d304044 <unknown>","time":{"start":1706662980578,"stop":1706662980591,"duration":13}},{"uid":"5677ec49bd3c0fcf","reportUrl":"https://zaelcovsky.github.io/StroyremAutomation/217//#testresult/5677ec49bd3c0fcf","status":"broken","statusDetails":"selenium.common.exceptions.NoSuchElementException: Message: no such element: Unable to locate element: {\"method\":\"xpath\",\"selector\":\"(//a[@href='/dostavka'])[3]\"}\n  (Session info: chrome-headless-shell=121.0.6167.85); For documentation on this error, please visit: https://www.selenium.dev/documentation/webdriver/troubleshooting/errors#no-such-element-exception\nStacktrace:\n#0 0x55ec242efd93 <unknown>\n#1 0x55ec23fd3337 <unknown>\n#2 0x55ec2401ed60 <unknown>\n#3 0x55ec2401ee51 <unknown>\n#4 0x55ec24062bc4 <unknown>\n#5 0x55ec2404146d <unknown>\n#6 0x55ec2406012d <unknown>\n#7 0x55ec240411e3 <unknown>\n#8 0x55ec24011135 <unknown>\n#9 0x55ec2401213e <unknown>\n#10 0x55ec242b3e4b <unknown>\n#11 0x55ec242b7dfa <unknown>\n#12 0x55ec242a06d5 <unknown>\n#13 0x55ec242b8a6f <unknown>\n#14 0x55ec2428469f <unknown>\n#15 0x55ec242dd098 <unknown>\n#16 0x55ec242dd262 <unknown>\n#17 0x55ec242eef34 <unknown>\n#18 0x7f39d36bb044 <unknown>","time":{"start":1706576549681,"stop":1706576549694,"duration":13}},{"uid":"e8b120478b580d7d","reportUrl":"https://zaelcovsky.github.io/StroyremAutomation/216//#testresult/e8b120478b580d7d","status":"broken","statusDetails":"selenium.common.exceptions.NoSuchElementException: Message: no such element: Unable to locate element: {\"method\":\"xpath\",\"selector\":\"(//a[@href='/dostavka'])[3]\"}\n  (Session info: chrome-headless-shell=121.0.6167.85); For documentation on this error, please visit: https://www.selenium.dev/documentation/webdriver/troubleshooting/errors#no-such-element-exception\nStacktrace:\n#0 0x563f29d3cd93 <unknown>\n#1 0x563f29a20337 <unknown>\n#2 0x563f29a6bd60 <unknown>\n#3 0x563f29a6be51 <unknown>\n#4 0x563f29aafbc4 <unknown>\n#5 0x563f29a8e46d <unknown>\n#6 0x563f29aad12d <unknown>\n#7 0x563f29a8e1e3 <unknown>\n#8 0x563f29a5e135 <unknown>\n#9 0x563f29a5f13e <unknown>\n#10 0x563f29d00e4b <unknown>\n#11 0x563f29d04dfa <unknown>\n#12 0x563f29ced6d5 <unknown>\n#13 0x563f29d05a6f <unknown>\n#14 0x563f29cd169f <unknown>\n#15 0x563f29d2a098 <unknown>\n#16 0x563f29d2a262 <unknown>\n#17 0x563f29d3bf34 <unknown>\n#18 0x7f2e6c325044 <unknown>","time":{"start":1706490208093,"stop":1706490208106,"duration":13}},{"uid":"617d50d0a3060950","reportUrl":"https://zaelcovsky.github.io/StroyremAutomation/215//#testresult/617d50d0a3060950","status":"broken","statusDetails":"selenium.common.exceptions.NoSuchElementException: Message: no such element: Unable to locate element: {\"method\":\"xpath\",\"selector\":\"(//a[@href='/dostavka'])[3]\"}\n  (Session info: chrome-headless-shell=121.0.6167.85); For documentation on this error, please visit: https://www.selenium.dev/documentation/webdriver/troubleshooting/errors#no-such-element-exception\nStacktrace:\n#0 0x558303a8dd93 <unknown>\n#1 0x558303771337 <unknown>\n#2 0x5583037bcd60 <unknown>\n#3 0x5583037bce51 <unknown>\n#4 0x558303800bc4 <unknown>\n#5 0x5583037df46d <unknown>\n#6 0x5583037fe12d <unknown>\n#7 0x5583037df1e3 <unknown>\n#8 0x5583037af135 <unknown>\n#9 0x5583037b013e <unknown>\n#10 0x558303a51e4b <unknown>\n#11 0x558303a55dfa <unknown>\n#12 0x558303a3e6d5 <unknown>\n#13 0x558303a56a6f <unknown>\n#14 0x558303a2269f <unknown>\n#15 0x558303a7b098 <unknown>\n#16 0x558303a7b262 <unknown>\n#17 0x558303a8cf34 <unknown>\n#18 0x7ff9b0412044 <unknown>","time":{"start":1706404042098,"stop":1706404042111,"duration":13}},{"uid":"66ee3be5fce4d208","reportUrl":"https://zaelcovsky.github.io/StroyremAutomation/214//#testresult/66ee3be5fce4d208","status":"broken","statusDetails":"selenium.common.exceptions.NoSuchElementException: Message: no such element: Unable to locate element: {\"method\":\"xpath\",\"selector\":\"(//a[@href='/dostavka'])[3]\"}\n  (Session info: chrome-headless-shell=121.0.6167.85); For documentation on this error, please visit: https://www.selenium.dev/documentation/webdriver/troubleshooting/errors#no-such-element-exception\nStacktrace:\n#0 0x563583e1ad93 <unknown>\n#1 0x563583afe337 <unknown>\n#2 0x563583b49d60 <unknown>\n#3 0x563583b49e51 <unknown>\n#4 0x563583b8dbc4 <unknown>\n#5 0x563583b6c46d <unknown>\n#6 0x563583b8b12d <unknown>\n#7 0x563583b6c1e3 <unknown>\n#8 0x563583b3c135 <unknown>\n#9 0x563583b3d13e <unknown>\n#10 0x563583ddee4b <unknown>\n#11 0x563583de2dfa <unknown>\n#12 0x563583dcb6d5 <unknown>\n#13 0x563583de3a6f <unknown>\n#14 0x563583daf69f <unknown>\n#15 0x563583e08098 <unknown>\n#16 0x563583e08262 <unknown>\n#17 0x563583e19f34 <unknown>\n#18 0x7f6758233044 <unknown>","time":{"start":1706317370178,"stop":1706317370191,"duration":13}},{"uid":"ea0d6cf51e26d8db","reportUrl":"https://zaelcovsky.github.io/StroyremAutomation/213//#testresult/ea0d6cf51e26d8db","status":"broken","statusDetails":"selenium.common.exceptions.NoSuchElementException: Message: no such element: Unable to locate element: {\"method\":\"xpath\",\"selector\":\"(//a[@href='/dostavka'])[3]\"}\n  (Session info: chrome-headless-shell=121.0.6167.85); For documentation on this error, please visit: https://www.selenium.dev/documentation/webdriver/troubleshooting/errors#no-such-element-exception\nStacktrace:\n#0 0x5588e08eed93 <unknown>\n#1 0x5588e05d2337 <unknown>\n#2 0x5588e061dd60 <unknown>\n#3 0x5588e061de51 <unknown>\n#4 0x5588e0661bc4 <unknown>\n#5 0x5588e064046d <unknown>\n#6 0x5588e065f12d <unknown>\n#7 0x5588e06401e3 <unknown>\n#8 0x5588e0610135 <unknown>\n#9 0x5588e061113e <unknown>\n#10 0x5588e08b2e4b <unknown>\n#11 0x5588e08b6dfa <unknown>\n#12 0x5588e089f6d5 <unknown>\n#13 0x5588e08b7a6f <unknown>\n#14 0x5588e088369f <unknown>\n#15 0x5588e08dc098 <unknown>\n#16 0x5588e08dc262 <unknown>\n#17 0x5588e08edf34 <unknown>\n#18 0x7f12cfd63044 <unknown>","time":{"start":1706231025705,"stop":1706231025718,"duration":13}},{"uid":"1888a0c3944df2a8","reportUrl":"https://zaelcovsky.github.io/StroyremAutomation/212//#testresult/1888a0c3944df2a8","status":"broken","statusDetails":"selenium.common.exceptions.NoSuchElementException: Message: no such element: Unable to locate element: {\"method\":\"xpath\",\"selector\":\"(//a[@href='/dostavka'])[3]\"}\n  (Session info: chrome-headless-shell=121.0.6167.85); For documentation on this error, please visit: https://www.selenium.dev/documentation/webdriver/troubleshooting/errors#no-such-element-exception\nStacktrace:\n#0 0x55c98cc2ad93 <unknown>\n#1 0x55c98c90e337 <unknown>\n#2 0x55c98c959d60 <unknown>\n#3 0x55c98c959e51 <unknown>\n#4 0x55c98c99dbc4 <unknown>\n#5 0x55c98c97c46d <unknown>\n#6 0x55c98c99b12d <unknown>\n#7 0x55c98c97c1e3 <unknown>\n#8 0x55c98c94c135 <unknown>\n#9 0x55c98c94d13e <unknown>\n#10 0x55c98cbeee4b <unknown>\n#11 0x55c98cbf2dfa <unknown>\n#12 0x55c98cbdb6d5 <unknown>\n#13 0x55c98cbf3a6f <unknown>\n#14 0x55c98cbbf69f <unknown>\n#15 0x55c98cc18098 <unknown>\n#16 0x55c98cc18262 <unknown>\n#17 0x55c98cc29f34 <unknown>\n#18 0x7fe7d8b52044 <unknown>","time":{"start":1706144930883,"stop":1706144930895,"duration":12}},{"uid":"385e686a02986123","reportUrl":"https://zaelcovsky.github.io/StroyremAutomation/211//#testresult/385e686a02986123","status":"broken","statusDetails":"selenium.common.exceptions.NoSuchElementException: Message: no such element: Unable to locate element: {\"method\":\"xpath\",\"selector\":\"(//a[@href='/dostavka'])[3]\"}\n  (Session info: chrome-headless-shell=121.0.6167.85); For documentation on this error, please visit: https://www.selenium.dev/documentation/webdriver/troubleshooting/errors#no-such-element-exception\nStacktrace:\n#0 0x5569aaf99d93 <unknown>\n#1 0x5569aac7d337 <unknown>\n#2 0x5569aacc8d60 <unknown>\n#3 0x5569aacc8e51 <unknown>\n#4 0x5569aad0cbc4 <unknown>\n#5 0x5569aaceb46d <unknown>\n#6 0x5569aad0a12d <unknown>\n#7 0x5569aaceb1e3 <unknown>\n#8 0x5569aacbb135 <unknown>\n#9 0x5569aacbc13e <unknown>\n#10 0x5569aaf5de4b <unknown>\n#11 0x5569aaf61dfa <unknown>\n#12 0x5569aaf4a6d5 <unknown>\n#13 0x5569aaf62a6f <unknown>\n#14 0x5569aaf2e69f <unknown>\n#15 0x5569aaf87098 <unknown>\n#16 0x5569aaf87262 <unknown>\n#17 0x5569aaf98f34 <unknown>\n#18 0x7f04ba27a044 <unknown>","time":{"start":1706058531163,"stop":1706058531175,"duration":12}},{"uid":"a36df559632fb5c3","reportUrl":"https://zaelcovsky.github.io/StroyremAutomation/210//#testresult/a36df559632fb5c3","status":"broken","statusDetails":"selenium.common.exceptions.NoSuchElementException: Message: no such element: Unable to locate element: {\"method\":\"xpath\",\"selector\":\"(//a[@href='/dostavka'])[3]\"}\n  (Session info: chrome-headless-shell=120.0.6099.109); For documentation on this error, please visit: https://www.selenium.dev/documentation/webdriver/troubleshooting/errors#no-such-element-exception\nStacktrace:\n#0 0x558a88497f83 <unknown>\n#1 0x558a88150cf7 <unknown>\n#2 0x558a881a099e <unknown>\n#3 0x558a881a0aa1 <unknown>\n#4 0x558a881ebd64 <unknown>\n#5 0x558a881ca0dd <unknown>\n#6 0x558a881e9006 <unknown>\n#7 0x558a881c9e53 <unknown>\n#8 0x558a88191dd4 <unknown>\n#9 0x558a881931de <unknown>\n#10 0x558a8845c531 <unknown>\n#11 0x558a88460455 <unknown>\n#12 0x558a88448f55 <unknown>\n#13 0x558a884610ef <unknown>\n#14 0x558a8842c99f <unknown>\n#15 0x558a88485008 <unknown>\n#16 0x558a884851d7 <unknown>\n#17 0x558a88497124 <unknown>\n#18 0x7f8d2e95d044 <unknown>","time":{"start":1705972150811,"stop":1705972150824,"duration":13}},{"uid":"e95f09203edafcdf","reportUrl":"https://zaelcovsky.github.io/StroyremAutomation/209//#testresult/e95f09203edafcdf","status":"broken","statusDetails":"selenium.common.exceptions.NoSuchElementException: Message: no such element: Unable to locate element: {\"method\":\"xpath\",\"selector\":\"(//a[@href='/dostavka'])[3]\"}\n  (Session info: chrome-headless-shell=120.0.6099.109); For documentation on this error, please visit: https://www.selenium.dev/documentation/webdriver/troubleshooting/errors#no-such-element-exception\nStacktrace:\n#0 0x556ab4867f83 <unknown>\n#1 0x556ab4520cf7 <unknown>\n#2 0x556ab457099e <unknown>\n#3 0x556ab4570aa1 <unknown>\n#4 0x556ab45bbd64 <unknown>\n#5 0x556ab459a0dd <unknown>\n#6 0x556ab45b9006 <unknown>\n#7 0x556ab4599e53 <unknown>\n#8 0x556ab4561dd4 <unknown>\n#9 0x556ab45631de <unknown>\n#10 0x556ab482c531 <unknown>\n#11 0x556ab4830455 <unknown>\n#12 0x556ab4818f55 <unknown>\n#13 0x556ab48310ef <unknown>\n#14 0x556ab47fc99f <unknown>\n#15 0x556ab4855008 <unknown>\n#16 0x556ab48551d7 <unknown>\n#17 0x556ab4867124 <unknown>\n#18 0x7fab2fe20044 <unknown>","time":{"start":1705885815067,"stop":1705885815080,"duration":13}},{"uid":"cfc47f113e72817c","reportUrl":"https://zaelcovsky.github.io/StroyremAutomation/208//#testresult/cfc47f113e72817c","status":"broken","statusDetails":"selenium.common.exceptions.NoSuchElementException: Message: no such element: Unable to locate element: {\"method\":\"xpath\",\"selector\":\"(//a[@href='/dostavka'])[3]\"}\n  (Session info: chrome-headless-shell=120.0.6099.109); For documentation on this error, please visit: https://www.selenium.dev/documentation/webdriver/troubleshooting/errors#no-such-element-exception\nStacktrace:\n#0 0x560fd44d6f83 <unknown>\n#1 0x560fd418fcf7 <unknown>\n#2 0x560fd41df99e <unknown>\n#3 0x560fd41dfaa1 <unknown>\n#4 0x560fd422ad64 <unknown>\n#5 0x560fd42090dd <unknown>\n#6 0x560fd4228006 <unknown>\n#7 0x560fd4208e53 <unknown>\n#8 0x560fd41d0dd4 <unknown>\n#9 0x560fd41d21de <unknown>\n#10 0x560fd449b531 <unknown>\n#11 0x560fd449f455 <unknown>\n#12 0x560fd4487f55 <unknown>\n#13 0x560fd44a00ef <unknown>\n#14 0x560fd446b99f <unknown>\n#15 0x560fd44c4008 <unknown>\n#16 0x560fd44c41d7 <unknown>\n#17 0x560fd44d6124 <unknown>\n#18 0x7f32304b6044 <unknown>","time":{"start":1705799542146,"stop":1705799542159,"duration":13}},{"uid":"da04a84f33cdd9ba","reportUrl":"https://zaelcovsky.github.io/StroyremAutomation/207//#testresult/da04a84f33cdd9ba","status":"broken","statusDetails":"selenium.common.exceptions.NoSuchElementException: Message: no such element: Unable to locate element: {\"method\":\"xpath\",\"selector\":\"(//a[@href='/dostavka'])[3]\"}\n  (Session info: chrome-headless-shell=120.0.6099.109); For documentation on this error, please visit: https://www.selenium.dev/documentation/webdriver/troubleshooting/errors#no-such-element-exception\nStacktrace:\n#0 0x55d8f30b3f83 <unknown>\n#1 0x55d8f2d6ccf7 <unknown>\n#2 0x55d8f2dbc99e <unknown>\n#3 0x55d8f2dbcaa1 <unknown>\n#4 0x55d8f2e07d64 <unknown>\n#5 0x55d8f2de60dd <unknown>\n#6 0x55d8f2e05006 <unknown>\n#7 0x55d8f2de5e53 <unknown>\n#8 0x55d8f2daddd4 <unknown>\n#9 0x55d8f2daf1de <unknown>\n#10 0x55d8f3078531 <unknown>\n#11 0x55d8f307c455 <unknown>\n#12 0x55d8f3064f55 <unknown>\n#13 0x55d8f307d0ef <unknown>\n#14 0x55d8f304899f <unknown>\n#15 0x55d8f30a1008 <unknown>\n#16 0x55d8f30a11d7 <unknown>\n#17 0x55d8f30b3124 <unknown>\n#18 0x7f0ab564f044 <unknown>","time":{"start":1705712801154,"stop":1705712801168,"duration":14}},{"uid":"60b1e709a036bb4f","reportUrl":"https://zaelcovsky.github.io/StroyremAutomation/206//#testresult/60b1e709a036bb4f","status":"broken","statusDetails":"selenium.common.exceptions.NoSuchElementException: Message: no such element: Unable to locate element: {\"method\":\"xpath\",\"selector\":\"(//a[@href='/dostavka'])[3]\"}\n  (Session info: chrome-headless-shell=120.0.6099.109); For documentation on this error, please visit: https://www.selenium.dev/documentation/webdriver/troubleshooting/errors#no-such-element-exception\nStacktrace:\n#0 0x557dd8721f83 <unknown>\n#1 0x557dd83dacf7 <unknown>\n#2 0x557dd842a99e <unknown>\n#3 0x557dd842aaa1 <unknown>\n#4 0x557dd8475d64 <unknown>\n#5 0x557dd84540dd <unknown>\n#6 0x557dd8473006 <unknown>\n#7 0x557dd8453e53 <unknown>\n#8 0x557dd841bdd4 <unknown>\n#9 0x557dd841d1de <unknown>\n#10 0x557dd86e6531 <unknown>\n#11 0x557dd86ea455 <unknown>\n#12 0x557dd86d2f55 <unknown>\n#13 0x557dd86eb0ef <unknown>\n#14 0x557dd86b699f <unknown>\n#15 0x557dd870f008 <unknown>\n#16 0x557dd870f1d7 <unknown>\n#17 0x557dd8721124 <unknown>\n#18 0x7f19c080c044 <unknown>","time":{"start":1705626468424,"stop":1705626468437,"duration":13}},{"uid":"b21f7779744506e8","reportUrl":"https://zaelcovsky.github.io/StroyremAutomation/205//#testresult/b21f7779744506e8","status":"broken","statusDetails":"selenium.common.exceptions.NoSuchElementException: Message: no such element: Unable to locate element: {\"method\":\"xpath\",\"selector\":\"(//a[@href='/dostavka'])[3]\"}\n  (Session info: chrome-headless-shell=120.0.6099.109); For documentation on this error, please visit: https://www.selenium.dev/documentation/webdriver/troubleshooting/errors#no-such-element-exception\nStacktrace:\n#0 0x55a22cd05f83 <unknown>\n#1 0x55a22c9becf7 <unknown>\n#2 0x55a22ca0e99e <unknown>\n#3 0x55a22ca0eaa1 <unknown>\n#4 0x55a22ca59d64 <unknown>\n#5 0x55a22ca380dd <unknown>\n#6 0x55a22ca57006 <unknown>\n#7 0x55a22ca37e53 <unknown>\n#8 0x55a22c9ffdd4 <unknown>\n#9 0x55a22ca011de <unknown>\n#10 0x55a22ccca531 <unknown>\n#11 0x55a22ccce455 <unknown>\n#12 0x55a22ccb6f55 <unknown>\n#13 0x55a22cccf0ef <unknown>\n#14 0x55a22cc9a99f <unknown>\n#15 0x55a22ccf3008 <unknown>\n#16 0x55a22ccf31d7 <unknown>\n#17 0x55a22cd05124 <unknown>\n#18 0x7f4ec461f044 <unknown>","time":{"start":1705540043681,"stop":1705540043694,"duration":13}}]},"tags":["smoke_test"]},"source":"e1d9bf56a421e4e1.json","parameterValues":["'https://test2.stroyrem-nn.ru/'"]}