{"uid":"3f8dce4d87ed3133","name":"test_positive_delivery_green_zone_smoke[TD 008-products/shtukaturka-gipsovaya-aksolit-m50-30-kg-mashinnogo-naneseniya-149-4500-2300-3980-4490-https://sandboxtest.stroyrem-nn.ru/]","fullName":"tests.delivery.test_delivery_calculation.TestDeliveryPageCalculation#test_positive_delivery_green_zone_smoke","historyId":"a6e4f8846394d8afbfad6037346de2a8","time":{"start":1700010624953,"stop":1700010628514,"duration":3561},"status":"broken","statusMessage":"selenium.common.exceptions.NoSuchElementException: Message: no such element: Unable to locate element: {\"method\":\"xpath\",\"selector\":\"//input[@class='amount']\"}\n  (Session info: headless chrome=119.0.6045.105); For documentation on this error, please visit: https://www.selenium.dev/documentation/webdriver/troubleshooting/errors#no-such-element-exception\nStacktrace:\n#0 0x5615551cf5e3 <unknown>\n#1 0x561554e920b7 <unknown>\n#2 0x561554edff53 <unknown>\n#3 0x561554ee0051 <unknown>\n#4 0x561554f259c4 <unknown>\n#5 0x561554f06f1d <unknown>\n#6 0x561554f22b3d <unknown>\n#7 0x561554f06cc3 <unknown>\n#8 0x561554ed20e4 <unknown>\n#9 0x561554ed30ae <unknown>\n#10 0x561555195ce1 <unknown>\n#11 0x561555199b7e <unknown>\n#12 0x5615551834b5 <unknown>\n#13 0x56155519a7d6 <unknown>\n#14 0x561555166dbf <unknown>\n#15 0x5615551bd748 <unknown>\n#16 0x5615551bd917 <unknown>\n#17 0x5615551ce773 <unknown>\n#18 0x7f20abe03044 <unknown>","statusTrace":"self = <tests.delivery.test_delivery_calculation.TestDeliveryPageCalculation object at 0x7fdea3f8cb50>\ndriver = <selenium.webdriver.chrome.webdriver.WebDriver (session=\"d430d7d09154af1cb9f5ad08d7a99aac\")>\nurl = 'https://sandboxtest.stroyrem-nn.ru/', case_id = 'TD 008'\nlink_item = 'products/shtukaturka-gipsovaya-aksolit-m50-30-kg-mashinnogo-naneseniya'\namount = 149, weight = 4500, standard = 2300, in_time = 3980, all_time = 4490\n\n    @pytest.mark.parametrize('case_id, link_item, amount, weight, standard, in_time, all_time', [\n        (\"TD 001\", uroven_3000, 1, 30, 0, 1590, 2190),\n        (\"TD 002\", bundeks_25, 1, 30, 400, 1590, 2190),\n        (\"TD 003\", aksolit_30, 8, 300, 400, 1590, 2190),\n        (\"TD 004\", aksolit_30, 13, 400, 450, 1590, 2190),\n        (\"TD 005\", aksolit_30, 16, 500, 600, 1590, 2190),\n        (\"TD 006\", aksolit_30, 25, 1700, 990, 1990, 2480),\n        (\"TD 007\", aksolit_30, 66, 2000, 1300, 2490, 2980),\n        (\"TD 008\", aksolit_30, 149, 4500, 2300, 3980, 4490),\n        (\"TD 009\", aksolit_30, 166, 5000, 2500, 4990, 5480),\n        pytest.param(\n            \"TD 010\", aksolit_30, 206, 6200, 2900, 5570, 6120,\n            marks=pytest.mark.xfail(reson=\"Цена доставки 3600 7960 8980\")\n        ),\n        (\"TD 011\", aksolit_30, 299, 9000, 3600, 7960, 8980),\n        (\"TD 012\", aksolit_30, 333, 10000, 4450, 11990, 12500),\n        pytest.param(\n            \"TD 013\", aksolit_30, 366, 11000, 4800, 12450, 13480,\n            marks=pytest.mark.xfail(reason=\"Цена стандартной доставки 4450\")\n        ),\n        pytest.param(\n            \"TD 014\", aksolit_30, 666, 20000, 5400, 15600, 17490,\n            marks=pytest.mark.xfail(reason=\"Цена стандартной доставки 4450\")\n        )\n    ])\n    @pytest.mark.smoke\n    def test_positive_delivery_green_zone_smoke(\n            self, driver, url, case_id, link_item, amount, weight, standard, in_time, all_time\n    ):\n    \n        driver.get(f'{url}{link_item}')\n        item_page = ItemPage(driver)\n>       item_page.add_item_to_cart(amount).click_on_cart()\n\ntests/delivery/test_delivery_calculation.py:49: \n_ _ _ _ _ _ _ _ _ _ _ _ _ _ _ _ _ _ _ _ _ _ _ _ _ _ _ _ _ _ _ _ _ _ _ _ _ _ _ _ \npages/item_page.py:41: in add_item_to_cart\n    amount_field = self.find_element(self._item_amount)\nbase/seleniumbase.py:17: in find_element\n    return self.driver.find_element(*locator)\n/usr/local/lib/python3.11/site-packages/selenium/webdriver/remote/webdriver.py:740: in find_element\n    return self.execute(Command.FIND_ELEMENT, {\"using\": by, \"value\": value})[\"value\"]\n/usr/local/lib/python3.11/site-packages/selenium/webdriver/remote/webdriver.py:346: in execute\n    self.error_handler.check_response(response)\n_ _ _ _ _ _ _ _ _ _ _ _ _ _ _ _ _ _ _ _ _ _ _ _ _ _ _ _ _ _ _ _ _ _ _ _ _ _ _ _ \n\nself = <selenium.webdriver.remote.errorhandler.ErrorHandler object at 0x7fdea4cf2510>\nresponse = {'status': 404, 'value': '{\"value\":{\"error\":\"no such element\",\"message\":\"no such element: Unable to locate element: {\\...\\\\n#16 0x5615551bd917 \\\\u003Cunknown>\\\\n#17 0x5615551ce773 \\\\u003Cunknown>\\\\n#18 0x7f20abe03044 \\\\u003Cunknown>\\\\n\"}}'}\n\n    def check_response(self, response: Dict[str, Any]) -> None:\n        \"\"\"Checks that a JSON response from the WebDriver does not have an\n        error.\n    \n        :Args:\n         - response - The JSON response from the WebDriver server as a dictionary\n           object.\n    \n        :Raises: If the response contains an error message.\n        \"\"\"\n        status = response.get(\"status\", None)\n        if not status or status == ErrorCode.SUCCESS:\n            return\n        value = None\n        message = response.get(\"message\", \"\")\n        screen: str = response.get(\"screen\", \"\")\n        stacktrace = None\n        if isinstance(status, int):\n            value_json = response.get(\"value\", None)\n            if value_json and isinstance(value_json, str):\n                import json\n    \n                try:\n                    value = json.loads(value_json)\n                    if len(value) == 1:\n                        value = value[\"value\"]\n                    status = value.get(\"error\", None)\n                    if not status:\n                        status = value.get(\"status\", ErrorCode.UNKNOWN_ERROR)\n                        message = value.get(\"value\") or value.get(\"message\")\n                        if not isinstance(message, str):\n                            value = message\n                            message = message.get(\"message\")\n                    else:\n                        message = value.get(\"message\", None)\n                except ValueError:\n                    pass\n    \n        exception_class: Type[WebDriverException]\n        if status in ErrorCode.NO_SUCH_ELEMENT:\n            exception_class = NoSuchElementException\n        elif status in ErrorCode.NO_SUCH_FRAME:\n            exception_class = NoSuchFrameException\n        elif status in ErrorCode.NO_SUCH_SHADOW_ROOT:\n            exception_class = NoSuchShadowRootException\n        elif status in ErrorCode.NO_SUCH_WINDOW:\n            exception_class = NoSuchWindowException\n        elif status in ErrorCode.STALE_ELEMENT_REFERENCE:\n            exception_class = StaleElementReferenceException\n        elif status in ErrorCode.ELEMENT_NOT_VISIBLE:\n            exception_class = ElementNotVisibleException\n        elif status in ErrorCode.INVALID_ELEMENT_STATE:\n            exception_class = InvalidElementStateException\n        elif (\n            status in ErrorCode.INVALID_SELECTOR\n            or status in ErrorCode.INVALID_XPATH_SELECTOR\n            or status in ErrorCode.INVALID_XPATH_SELECTOR_RETURN_TYPER\n        ):\n            exception_class = InvalidSelectorException\n        elif status in ErrorCode.ELEMENT_IS_NOT_SELECTABLE:\n            exception_class = ElementNotSelectableException\n        elif status in ErrorCode.ELEMENT_NOT_INTERACTABLE:\n            exception_class = ElementNotInteractableException\n        elif status in ErrorCode.INVALID_COOKIE_DOMAIN:\n            exception_class = InvalidCookieDomainException\n        elif status in ErrorCode.UNABLE_TO_SET_COOKIE:\n            exception_class = UnableToSetCookieException\n        elif status in ErrorCode.TIMEOUT:\n            exception_class = TimeoutException\n        elif status in ErrorCode.SCRIPT_TIMEOUT:\n            exception_class = TimeoutException\n        elif status in ErrorCode.UNKNOWN_ERROR:\n            exception_class = WebDriverException\n        elif status in ErrorCode.UNEXPECTED_ALERT_OPEN:\n            exception_class = UnexpectedAlertPresentException\n        elif status in ErrorCode.NO_ALERT_OPEN:\n            exception_class = NoAlertPresentException\n        elif status in ErrorCode.IME_NOT_AVAILABLE:\n            exception_class = ImeNotAvailableException\n        elif status in ErrorCode.IME_ENGINE_ACTIVATION_FAILED:\n            exception_class = ImeActivationFailedException\n        elif status in ErrorCode.MOVE_TARGET_OUT_OF_BOUNDS:\n            exception_class = MoveTargetOutOfBoundsException\n        elif status in ErrorCode.JAVASCRIPT_ERROR:\n            exception_class = JavascriptException\n        elif status in ErrorCode.SESSION_NOT_CREATED:\n            exception_class = SessionNotCreatedException\n        elif status in ErrorCode.INVALID_ARGUMENT:\n            exception_class = InvalidArgumentException\n        elif status in ErrorCode.NO_SUCH_COOKIE:\n            exception_class = NoSuchCookieException\n        elif status in ErrorCode.UNABLE_TO_CAPTURE_SCREEN:\n            exception_class = ScreenshotException\n        elif status in ErrorCode.ELEMENT_CLICK_INTERCEPTED:\n            exception_class = ElementClickInterceptedException\n        elif status in ErrorCode.INSECURE_CERTIFICATE:\n            exception_class = InsecureCertificateException\n        elif status in ErrorCode.INVALID_COORDINATES:\n            exception_class = InvalidCoordinatesException\n        elif status in ErrorCode.INVALID_SESSION_ID:\n            exception_class = InvalidSessionIdException\n        elif status in ErrorCode.UNKNOWN_METHOD:\n            exception_class = UnknownMethodException\n        else:\n            exception_class = WebDriverException\n        if not value:\n            value = response[\"value\"]\n        if isinstance(value, str):\n            raise exception_class(value)\n        if message == \"\" and \"message\" in value:\n            message = value[\"message\"]\n    \n        screen = None  # type: ignore[assignment]\n        if \"screen\" in value:\n            screen = value[\"screen\"]\n    \n        stacktrace = None\n        st_value = value.get(\"stackTrace\") or value.get(\"stacktrace\")\n        if st_value:\n            if isinstance(st_value, str):\n                stacktrace = st_value.split(\"\\n\")\n            else:\n                stacktrace = []\n                try:\n                    for frame in st_value:\n                        line = frame.get(\"lineNumber\", \"\")\n                        file = frame.get(\"fileName\", \"<anonymous>\")\n                        if line:\n                            file = f\"{file}:{line}\"\n                        meth = frame.get(\"methodName\", \"<anonymous>\")\n                        if \"className\" in frame:\n                            meth = f\"{frame['className']}.{meth}\"\n                        msg = \"    at %s (%s)\"\n                        msg = msg % (meth, file)\n                        stacktrace.append(msg)\n                except TypeError:\n                    pass\n        if exception_class == UnexpectedAlertPresentException:\n            alert_text = None\n            if \"data\" in value:\n                alert_text = value[\"data\"].get(\"text\")\n            elif \"alert\" in value:\n                alert_text = value[\"alert\"].get(\"text\")\n            raise exception_class(message, screen, stacktrace, alert_text)  # type: ignore[call-arg]  # mypy is not smart enough here\n>       raise exception_class(message, screen, stacktrace)\nE       selenium.common.exceptions.NoSuchElementException: Message: no such element: Unable to locate element: {\"method\":\"xpath\",\"selector\":\"//input[@class='amount']\"}\nE         (Session info: headless chrome=119.0.6045.105); For documentation on this error, please visit: https://www.selenium.dev/documentation/webdriver/troubleshooting/errors#no-such-element-exception\nE       Stacktrace:\nE       #0 0x5615551cf5e3 <unknown>\nE       #1 0x561554e920b7 <unknown>\nE       #2 0x561554edff53 <unknown>\nE       #3 0x561554ee0051 <unknown>\nE       #4 0x561554f259c4 <unknown>\nE       #5 0x561554f06f1d <unknown>\nE       #6 0x561554f22b3d <unknown>\nE       #7 0x561554f06cc3 <unknown>\nE       #8 0x561554ed20e4 <unknown>\nE       #9 0x561554ed30ae <unknown>\nE       #10 0x561555195ce1 <unknown>\nE       #11 0x561555199b7e <unknown>\nE       #12 0x5615551834b5 <unknown>\nE       #13 0x56155519a7d6 <unknown>\nE       #14 0x561555166dbf <unknown>\nE       #15 0x5615551bd748 <unknown>\nE       #16 0x5615551bd917 <unknown>\nE       #17 0x5615551ce773 <unknown>\nE       #18 0x7f20abe03044 <unknown>\n\n/usr/local/lib/python3.11/site-packages/selenium/webdriver/remote/errorhandler.py:245: NoSuchElementException","flaky":false,"newFailed":false,"newBroken":false,"newPassed":false,"retriesCount":0,"retriesStatusChange":false,"beforeStages":[{"name":"_session_faker","time":{"start":1700010210492,"stop":1700010210563,"duration":71},"status":"passed","steps":[],"attachments":[],"parameters":[],"shouldDisplayMessage":false,"stepsCount":0,"attachmentsCount":0,"hasContent":false},{"name":"clear_allure_results_folder","time":{"start":1700010210564,"stop":1700010210564,"duration":0},"status":"passed","steps":[],"attachments":[],"parameters":[],"shouldDisplayMessage":false,"stepsCount":0,"attachmentsCount":0,"hasContent":false},{"name":"driver","time":{"start":1700010624217,"stop":1700010624952,"duration":735},"status":"passed","steps":[],"attachments":[],"parameters":[],"shouldDisplayMessage":false,"stepsCount":0,"attachmentsCount":0,"hasContent":false},{"name":"setup","time":{"start":1700010624952,"stop":1700010624952,"duration":0},"status":"passed","steps":[],"attachments":[],"parameters":[],"shouldDisplayMessage":false,"stepsCount":0,"attachmentsCount":0,"hasContent":false}],"testStage":{"status":"broken","statusMessage":"selenium.common.exceptions.NoSuchElementException: Message: no such element: Unable to locate element: {\"method\":\"xpath\",\"selector\":\"//input[@class='amount']\"}\n  (Session info: headless chrome=119.0.6045.105); For documentation on this error, please visit: https://www.selenium.dev/documentation/webdriver/troubleshooting/errors#no-such-element-exception\nStacktrace:\n#0 0x5615551cf5e3 <unknown>\n#1 0x561554e920b7 <unknown>\n#2 0x561554edff53 <unknown>\n#3 0x561554ee0051 <unknown>\n#4 0x561554f259c4 <unknown>\n#5 0x561554f06f1d <unknown>\n#6 0x561554f22b3d <unknown>\n#7 0x561554f06cc3 <unknown>\n#8 0x561554ed20e4 <unknown>\n#9 0x561554ed30ae <unknown>\n#10 0x561555195ce1 <unknown>\n#11 0x561555199b7e <unknown>\n#12 0x5615551834b5 <unknown>\n#13 0x56155519a7d6 <unknown>\n#14 0x561555166dbf <unknown>\n#15 0x5615551bd748 <unknown>\n#16 0x5615551bd917 <unknown>\n#17 0x5615551ce773 <unknown>\n#18 0x7f20abe03044 <unknown>","statusTrace":"self = <tests.delivery.test_delivery_calculation.TestDeliveryPageCalculation object at 0x7fdea3f8cb50>\ndriver = <selenium.webdriver.chrome.webdriver.WebDriver (session=\"d430d7d09154af1cb9f5ad08d7a99aac\")>\nurl = 'https://sandboxtest.stroyrem-nn.ru/', case_id = 'TD 008'\nlink_item = 'products/shtukaturka-gipsovaya-aksolit-m50-30-kg-mashinnogo-naneseniya'\namount = 149, weight = 4500, standard = 2300, in_time = 3980, all_time = 4490\n\n    @pytest.mark.parametrize('case_id, link_item, amount, weight, standard, in_time, all_time', [\n        (\"TD 001\", uroven_3000, 1, 30, 0, 1590, 2190),\n        (\"TD 002\", bundeks_25, 1, 30, 400, 1590, 2190),\n        (\"TD 003\", aksolit_30, 8, 300, 400, 1590, 2190),\n        (\"TD 004\", aksolit_30, 13, 400, 450, 1590, 2190),\n        (\"TD 005\", aksolit_30, 16, 500, 600, 1590, 2190),\n        (\"TD 006\", aksolit_30, 25, 1700, 990, 1990, 2480),\n        (\"TD 007\", aksolit_30, 66, 2000, 1300, 2490, 2980),\n        (\"TD 008\", aksolit_30, 149, 4500, 2300, 3980, 4490),\n        (\"TD 009\", aksolit_30, 166, 5000, 2500, 4990, 5480),\n        pytest.param(\n            \"TD 010\", aksolit_30, 206, 6200, 2900, 5570, 6120,\n            marks=pytest.mark.xfail(reson=\"Цена доставки 3600 7960 8980\")\n        ),\n        (\"TD 011\", aksolit_30, 299, 9000, 3600, 7960, 8980),\n        (\"TD 012\", aksolit_30, 333, 10000, 4450, 11990, 12500),\n        pytest.param(\n            \"TD 013\", aksolit_30, 366, 11000, 4800, 12450, 13480,\n            marks=pytest.mark.xfail(reason=\"Цена стандартной доставки 4450\")\n        ),\n        pytest.param(\n            \"TD 014\", aksolit_30, 666, 20000, 5400, 15600, 17490,\n            marks=pytest.mark.xfail(reason=\"Цена стандартной доставки 4450\")\n        )\n    ])\n    @pytest.mark.smoke\n    def test_positive_delivery_green_zone_smoke(\n            self, driver, url, case_id, link_item, amount, weight, standard, in_time, all_time\n    ):\n    \n        driver.get(f'{url}{link_item}')\n        item_page = ItemPage(driver)\n>       item_page.add_item_to_cart(amount).click_on_cart()\n\ntests/delivery/test_delivery_calculation.py:49: \n_ _ _ _ _ _ _ _ _ _ _ _ _ _ _ _ _ _ _ _ _ _ _ _ _ _ _ _ _ _ _ _ _ _ _ _ _ _ _ _ \npages/item_page.py:41: in add_item_to_cart\n    amount_field = self.find_element(self._item_amount)\nbase/seleniumbase.py:17: in find_element\n    return self.driver.find_element(*locator)\n/usr/local/lib/python3.11/site-packages/selenium/webdriver/remote/webdriver.py:740: in find_element\n    return self.execute(Command.FIND_ELEMENT, {\"using\": by, \"value\": value})[\"value\"]\n/usr/local/lib/python3.11/site-packages/selenium/webdriver/remote/webdriver.py:346: in execute\n    self.error_handler.check_response(response)\n_ _ _ _ _ _ _ _ _ _ _ _ _ _ _ _ _ _ _ _ _ _ _ _ _ _ _ _ _ _ _ _ _ _ _ _ _ _ _ _ \n\nself = <selenium.webdriver.remote.errorhandler.ErrorHandler object at 0x7fdea4cf2510>\nresponse = {'status': 404, 'value': '{\"value\":{\"error\":\"no such element\",\"message\":\"no such element: Unable to locate element: {\\...\\\\n#16 0x5615551bd917 \\\\u003Cunknown>\\\\n#17 0x5615551ce773 \\\\u003Cunknown>\\\\n#18 0x7f20abe03044 \\\\u003Cunknown>\\\\n\"}}'}\n\n    def check_response(self, response: Dict[str, Any]) -> None:\n        \"\"\"Checks that a JSON response from the WebDriver does not have an\n        error.\n    \n        :Args:\n         - response - The JSON response from the WebDriver server as a dictionary\n           object.\n    \n        :Raises: If the response contains an error message.\n        \"\"\"\n        status = response.get(\"status\", None)\n        if not status or status == ErrorCode.SUCCESS:\n            return\n        value = None\n        message = response.get(\"message\", \"\")\n        screen: str = response.get(\"screen\", \"\")\n        stacktrace = None\n        if isinstance(status, int):\n            value_json = response.get(\"value\", None)\n            if value_json and isinstance(value_json, str):\n                import json\n    \n                try:\n                    value = json.loads(value_json)\n                    if len(value) == 1:\n                        value = value[\"value\"]\n                    status = value.get(\"error\", None)\n                    if not status:\n                        status = value.get(\"status\", ErrorCode.UNKNOWN_ERROR)\n                        message = value.get(\"value\") or value.get(\"message\")\n                        if not isinstance(message, str):\n                            value = message\n                            message = message.get(\"message\")\n                    else:\n                        message = value.get(\"message\", None)\n                except ValueError:\n                    pass\n    \n        exception_class: Type[WebDriverException]\n        if status in ErrorCode.NO_SUCH_ELEMENT:\n            exception_class = NoSuchElementException\n        elif status in ErrorCode.NO_SUCH_FRAME:\n            exception_class = NoSuchFrameException\n        elif status in ErrorCode.NO_SUCH_SHADOW_ROOT:\n            exception_class = NoSuchShadowRootException\n        elif status in ErrorCode.NO_SUCH_WINDOW:\n            exception_class = NoSuchWindowException\n        elif status in ErrorCode.STALE_ELEMENT_REFERENCE:\n            exception_class = StaleElementReferenceException\n        elif status in ErrorCode.ELEMENT_NOT_VISIBLE:\n            exception_class = ElementNotVisibleException\n        elif status in ErrorCode.INVALID_ELEMENT_STATE:\n            exception_class = InvalidElementStateException\n        elif (\n            status in ErrorCode.INVALID_SELECTOR\n            or status in ErrorCode.INVALID_XPATH_SELECTOR\n            or status in ErrorCode.INVALID_XPATH_SELECTOR_RETURN_TYPER\n        ):\n            exception_class = InvalidSelectorException\n        elif status in ErrorCode.ELEMENT_IS_NOT_SELECTABLE:\n            exception_class = ElementNotSelectableException\n        elif status in ErrorCode.ELEMENT_NOT_INTERACTABLE:\n            exception_class = ElementNotInteractableException\n        elif status in ErrorCode.INVALID_COOKIE_DOMAIN:\n            exception_class = InvalidCookieDomainException\n        elif status in ErrorCode.UNABLE_TO_SET_COOKIE:\n            exception_class = UnableToSetCookieException\n        elif status in ErrorCode.TIMEOUT:\n            exception_class = TimeoutException\n        elif status in ErrorCode.SCRIPT_TIMEOUT:\n            exception_class = TimeoutException\n        elif status in ErrorCode.UNKNOWN_ERROR:\n            exception_class = WebDriverException\n        elif status in ErrorCode.UNEXPECTED_ALERT_OPEN:\n            exception_class = UnexpectedAlertPresentException\n        elif status in ErrorCode.NO_ALERT_OPEN:\n            exception_class = NoAlertPresentException\n        elif status in ErrorCode.IME_NOT_AVAILABLE:\n            exception_class = ImeNotAvailableException\n        elif status in ErrorCode.IME_ENGINE_ACTIVATION_FAILED:\n            exception_class = ImeActivationFailedException\n        elif status in ErrorCode.MOVE_TARGET_OUT_OF_BOUNDS:\n            exception_class = MoveTargetOutOfBoundsException\n        elif status in ErrorCode.JAVASCRIPT_ERROR:\n            exception_class = JavascriptException\n        elif status in ErrorCode.SESSION_NOT_CREATED:\n            exception_class = SessionNotCreatedException\n        elif status in ErrorCode.INVALID_ARGUMENT:\n            exception_class = InvalidArgumentException\n        elif status in ErrorCode.NO_SUCH_COOKIE:\n            exception_class = NoSuchCookieException\n        elif status in ErrorCode.UNABLE_TO_CAPTURE_SCREEN:\n            exception_class = ScreenshotException\n        elif status in ErrorCode.ELEMENT_CLICK_INTERCEPTED:\n            exception_class = ElementClickInterceptedException\n        elif status in ErrorCode.INSECURE_CERTIFICATE:\n            exception_class = InsecureCertificateException\n        elif status in ErrorCode.INVALID_COORDINATES:\n            exception_class = InvalidCoordinatesException\n        elif status in ErrorCode.INVALID_SESSION_ID:\n            exception_class = InvalidSessionIdException\n        elif status in ErrorCode.UNKNOWN_METHOD:\n            exception_class = UnknownMethodException\n        else:\n            exception_class = WebDriverException\n        if not value:\n            value = response[\"value\"]\n        if isinstance(value, str):\n            raise exception_class(value)\n        if message == \"\" and \"message\" in value:\n            message = value[\"message\"]\n    \n        screen = None  # type: ignore[assignment]\n        if \"screen\" in value:\n            screen = value[\"screen\"]\n    \n        stacktrace = None\n        st_value = value.get(\"stackTrace\") or value.get(\"stacktrace\")\n        if st_value:\n            if isinstance(st_value, str):\n                stacktrace = st_value.split(\"\\n\")\n            else:\n                stacktrace = []\n                try:\n                    for frame in st_value:\n                        line = frame.get(\"lineNumber\", \"\")\n                        file = frame.get(\"fileName\", \"<anonymous>\")\n                        if line:\n                            file = f\"{file}:{line}\"\n                        meth = frame.get(\"methodName\", \"<anonymous>\")\n                        if \"className\" in frame:\n                            meth = f\"{frame['className']}.{meth}\"\n                        msg = \"    at %s (%s)\"\n                        msg = msg % (meth, file)\n                        stacktrace.append(msg)\n                except TypeError:\n                    pass\n        if exception_class == UnexpectedAlertPresentException:\n            alert_text = None\n            if \"data\" in value:\n                alert_text = value[\"data\"].get(\"text\")\n            elif \"alert\" in value:\n                alert_text = value[\"alert\"].get(\"text\")\n            raise exception_class(message, screen, stacktrace, alert_text)  # type: ignore[call-arg]  # mypy is not smart enough here\n>       raise exception_class(message, screen, stacktrace)\nE       selenium.common.exceptions.NoSuchElementException: Message: no such element: Unable to locate element: {\"method\":\"xpath\",\"selector\":\"//input[@class='amount']\"}\nE         (Session info: headless chrome=119.0.6045.105); For documentation on this error, please visit: https://www.selenium.dev/documentation/webdriver/troubleshooting/errors#no-such-element-exception\nE       Stacktrace:\nE       #0 0x5615551cf5e3 <unknown>\nE       #1 0x561554e920b7 <unknown>\nE       #2 0x561554edff53 <unknown>\nE       #3 0x561554ee0051 <unknown>\nE       #4 0x561554f259c4 <unknown>\nE       #5 0x561554f06f1d <unknown>\nE       #6 0x561554f22b3d <unknown>\nE       #7 0x561554f06cc3 <unknown>\nE       #8 0x561554ed20e4 <unknown>\nE       #9 0x561554ed30ae <unknown>\nE       #10 0x561555195ce1 <unknown>\nE       #11 0x561555199b7e <unknown>\nE       #12 0x5615551834b5 <unknown>\nE       #13 0x56155519a7d6 <unknown>\nE       #14 0x561555166dbf <unknown>\nE       #15 0x5615551bd748 <unknown>\nE       #16 0x5615551bd917 <unknown>\nE       #17 0x5615551ce773 <unknown>\nE       #18 0x7f20abe03044 <unknown>\n\n/usr/local/lib/python3.11/site-packages/selenium/webdriver/remote/errorhandler.py:245: NoSuchElementException","steps":[{"name":"Добавляем товар в корзину в количестве 149","time":{"start":1700010628457,"stop":1700010628513,"duration":56},"status":"broken","statusMessage":"selenium.common.exceptions.NoSuchElementException: Message: no such element: Unable to locate element: {\"method\":\"xpath\",\"selector\":\"//input[@class='amount']\"}\n  (Session info: headless chrome=119.0.6045.105); For documentation on this error, please visit: https://www.selenium.dev/documentation/webdriver/troubleshooting/errors#no-such-element-exception\nStacktrace:\n#0 0x5615551cf5e3 <unknown>\n#1 0x561554e920b7 <unknown>\n#2 0x561554edff53 <unknown>\n#3 0x561554ee0051 <unknown>\n#4 0x561554f259c4 <unknown>\n#5 0x561554f06f1d <unknown>\n#6 0x561554f22b3d <unknown>\n#7 0x561554f06cc3 <unknown>\n#8 0x561554ed20e4 <unknown>\n#9 0x561554ed30ae <unknown>\n#10 0x561555195ce1 <unknown>\n#11 0x561555199b7e <unknown>\n#12 0x5615551834b5 <unknown>\n#13 0x56155519a7d6 <unknown>\n#14 0x561555166dbf <unknown>\n#15 0x5615551bd748 <unknown>\n#16 0x5615551bd917 <unknown>\n#17 0x5615551ce773 <unknown>\n#18 0x7f20abe03044 <unknown>\n\n","statusTrace":"  File \"/usr/local/lib/python3.11/site-packages/allure_commons/_allure.py\", line 192, in impl\n    return func(*a, **kw)\n           ^^^^^^^^^^^^^^\n  File \"/app/pages/item_page.py\", line 41, in add_item_to_cart\n    amount_field = self.find_element(self._item_amount)\n                   ^^^^^^^^^^^^^^^^^^^^^^^^^^^^^^^^^^^^\n  File \"/app/base/seleniumbase.py\", line 17, in find_element\n    return self.driver.find_element(*locator)\n           ^^^^^^^^^^^^^^^^^^^^^^^^^^^^^^^^^^\n  File \"/usr/local/lib/python3.11/site-packages/selenium/webdriver/remote/webdriver.py\", line 740, in find_element\n    return self.execute(Command.FIND_ELEMENT, {\"using\": by, \"value\": value})[\"value\"]\n           ^^^^^^^^^^^^^^^^^^^^^^^^^^^^^^^^^^^^^^^^^^^^^^^^^^^^^^^^^^^^^^^^^\n  File \"/usr/local/lib/python3.11/site-packages/selenium/webdriver/remote/webdriver.py\", line 346, in execute\n    self.error_handler.check_response(response)\n  File \"/usr/local/lib/python3.11/site-packages/selenium/webdriver/remote/errorhandler.py\", line 245, in check_response\n    raise exception_class(message, screen, stacktrace)\n","steps":[],"attachments":[],"parameters":[{"name":"amount","value":"149"}],"shouldDisplayMessage":true,"stepsCount":0,"attachmentsCount":0,"hasContent":true}],"attachments":[{"uid":"5f5416b5e9c0ff64","name":"Screenshot","source":"5f5416b5e9c0ff64.png","type":"image/png","size":115178},{"uid":"9b80adff9895aa3e","name":"HTML source","source":"9b80adff9895aa3e.html","type":"text/html","size":303988}],"parameters":[],"shouldDisplayMessage":true,"stepsCount":1,"attachmentsCount":2,"hasContent":true},"afterStages":[{"name":"setup::0","time":{"start":1700010628653,"stop":1700010628654,"duration":1},"status":"passed","steps":[],"attachments":[],"parameters":[],"shouldDisplayMessage":false,"stepsCount":0,"attachmentsCount":0,"hasContent":false},{"name":"driver::0","time":{"start":1700010628654,"stop":1700010628714,"duration":60},"status":"passed","steps":[],"attachments":[],"parameters":[],"shouldDisplayMessage":false,"stepsCount":0,"attachmentsCount":0,"hasContent":false}],"labels":[{"name":"epic","value":"Delivery Page - calculation"},{"name":"tag","value":"smoke"},{"name":"parentSuite","value":"tests.delivery"},{"name":"suite","value":"test_delivery_calculation"},{"name":"subSuite","value":"TestDeliveryPageCalculation"},{"name":"host","value":"6fe52928e9ff"},{"name":"thread","value":"1-MainThread"},{"name":"framework","value":"pytest"},{"name":"language","value":"cpython3"},{"name":"package","value":"tests.delivery.test_delivery_calculation"},{"name":"resultFormat","value":"allure2"}],"parameters":[{"name":"all_time","value":"4490"},{"name":"amount","value":"149"},{"name":"case_id","value":"'TD 008'"},{"name":"in_time","value":"3980"},{"name":"link_item","value":"'products/shtukaturka-gipsovaya-aksolit-m50-30-kg-mashinnogo-naneseniya'"},{"name":"standard","value":"2300"},{"name":"url","value":"'https://sandboxtest.stroyrem-nn.ru/'"},{"name":"weight","value":"4500"}],"links":[],"hidden":false,"retry":false,"extra":{"severity":"normal","retries":[],"categories":[{"name":"Test defects","matchedStatuses":[],"flaky":false}],"history":{"statistic":{"failed":0,"broken":77,"skipped":0,"passed":0,"unknown":0,"total":77},"items":[{"uid":"65995230f41650d","reportUrl":"https://zaelcovsky.github.io/StroyremAutomation/140//#testresult/65995230f41650d","status":"broken","statusDetails":"selenium.common.exceptions.NoSuchElementException: Message: no such element: Unable to locate element: {\"method\":\"xpath\",\"selector\":\"//input[@class='amount']\"}\n  (Session info: headless chrome=119.0.6045.105); For documentation on this error, please visit: https://www.selenium.dev/documentation/webdriver/troubleshooting/errors#no-such-element-exception\nStacktrace:\n#0 0x5628a1c275e3 <unknown>\n#1 0x5628a18ea0b7 <unknown>\n#2 0x5628a1937f53 <unknown>\n#3 0x5628a1938051 <unknown>\n#4 0x5628a197d9c4 <unknown>\n#5 0x5628a195ef1d <unknown>\n#6 0x5628a197ab3d <unknown>\n#7 0x5628a195ecc3 <unknown>\n#8 0x5628a192a0e4 <unknown>\n#9 0x5628a192b0ae <unknown>\n#10 0x5628a1bedce1 <unknown>\n#11 0x5628a1bf1b7e <unknown>\n#12 0x5628a1bdb4b5 <unknown>\n#13 0x5628a1bf27d6 <unknown>\n#14 0x5628a1bbedbf <unknown>\n#15 0x5628a1c15748 <unknown>\n#16 0x5628a1c15917 <unknown>\n#17 0x5628a1c26773 <unknown>\n#18 0x7fa4ec895044 <unknown>","time":{"start":1699924239855,"stop":1699924244436,"duration":4581}},{"uid":"cf8ca8cacbc329b2","reportUrl":"https://zaelcovsky.github.io/StroyremAutomation/139//#testresult/cf8ca8cacbc329b2","status":"broken","statusDetails":"selenium.common.exceptions.NoSuchElementException: Message: no such element: Unable to locate element: {\"method\":\"xpath\",\"selector\":\"//input[@class='amount']\"}\n  (Session info: headless chrome=119.0.6045.105); For documentation on this error, please visit: https://www.selenium.dev/documentation/webdriver/troubleshooting/errors#no-such-element-exception\nStacktrace:\n#0 0x55fa49d165e3 <unknown>\n#1 0x55fa499d90b7 <unknown>\n#2 0x55fa49a26f53 <unknown>\n#3 0x55fa49a27051 <unknown>\n#4 0x55fa49a6c9c4 <unknown>\n#5 0x55fa49a4df1d <unknown>\n#6 0x55fa49a69b3d <unknown>\n#7 0x55fa49a4dcc3 <unknown>\n#8 0x55fa49a190e4 <unknown>\n#9 0x55fa49a1a0ae <unknown>\n#10 0x55fa49cdcce1 <unknown>\n#11 0x55fa49ce0b7e <unknown>\n#12 0x55fa49cca4b5 <unknown>\n#13 0x55fa49ce17d6 <unknown>\n#14 0x55fa49caddbf <unknown>\n#15 0x55fa49d04748 <unknown>\n#16 0x55fa49d04917 <unknown>\n#17 0x55fa49d15773 <unknown>\n#18 0x7f816b685044 <unknown>","time":{"start":1699837906671,"stop":1699837910705,"duration":4034}},{"uid":"c56448b8b908edee","reportUrl":"https://zaelcovsky.github.io/StroyremAutomation/138//#testresult/c56448b8b908edee","status":"broken","statusDetails":"selenium.common.exceptions.NoSuchElementException: Message: no such element: Unable to locate element: {\"method\":\"xpath\",\"selector\":\"//input[@class='amount']\"}\n  (Session info: headless chrome=119.0.6045.105); For documentation on this error, please visit: https://www.selenium.dev/documentation/webdriver/troubleshooting/errors#no-such-element-exception\nStacktrace:\n#0 0x55fcf9b595e3 <unknown>\n#1 0x55fcf981c0b7 <unknown>\n#2 0x55fcf9869f53 <unknown>\n#3 0x55fcf986a051 <unknown>\n#4 0x55fcf98af9c4 <unknown>\n#5 0x55fcf9890f1d <unknown>\n#6 0x55fcf98acb3d <unknown>\n#7 0x55fcf9890cc3 <unknown>\n#8 0x55fcf985c0e4 <unknown>\n#9 0x55fcf985d0ae <unknown>\n#10 0x55fcf9b1fce1 <unknown>\n#11 0x55fcf9b23b7e <unknown>\n#12 0x55fcf9b0d4b5 <unknown>\n#13 0x55fcf9b247d6 <unknown>\n#14 0x55fcf9af0dbf <unknown>\n#15 0x55fcf9b47748 <unknown>\n#16 0x55fcf9b47917 <unknown>\n#17 0x55fcf9b58773 <unknown>\n#18 0x7f3bdbd5c044 <unknown>","time":{"start":1699751712851,"stop":1699751716869,"duration":4018}},{"uid":"d112ba59392851a5","reportUrl":"https://zaelcovsky.github.io/StroyremAutomation/137//#testresult/d112ba59392851a5","status":"broken","statusDetails":"selenium.common.exceptions.NoSuchElementException: Message: no such element: Unable to locate element: {\"method\":\"xpath\",\"selector\":\"//input[@class='amount']\"}\n  (Session info: headless chrome=119.0.6045.105); For documentation on this error, please visit: https://www.selenium.dev/documentation/webdriver/troubleshooting/errors#no-such-element-exception\nStacktrace:\n#0 0x55c8a9ab45e3 <unknown>\n#1 0x55c8a97770b7 <unknown>\n#2 0x55c8a97c4f53 <unknown>\n#3 0x55c8a97c5051 <unknown>\n#4 0x55c8a980a9c4 <unknown>\n#5 0x55c8a97ebf1d <unknown>\n#6 0x55c8a9807b3d <unknown>\n#7 0x55c8a97ebcc3 <unknown>\n#8 0x55c8a97b70e4 <unknown>\n#9 0x55c8a97b80ae <unknown>\n#10 0x55c8a9a7ace1 <unknown>\n#11 0x55c8a9a7eb7e <unknown>\n#12 0x55c8a9a684b5 <unknown>\n#13 0x55c8a9a7f7d6 <unknown>\n#14 0x55c8a9a4bdbf <unknown>\n#15 0x55c8a9aa2748 <unknown>\n#16 0x55c8a9aa2917 <unknown>\n#17 0x55c8a9ab3773 <unknown>\n#18 0x7ff2f5918044 <unknown>","time":{"start":1699664890545,"stop":1699664894389,"duration":3844}},{"uid":"71a841e311f25cb7","reportUrl":"https://zaelcovsky.github.io/StroyremAutomation/136//#testresult/71a841e311f25cb7","status":"broken","statusDetails":"selenium.common.exceptions.NoSuchElementException: Message: no such element: Unable to locate element: {\"method\":\"xpath\",\"selector\":\"//input[@class='amount']\"}\n  (Session info: headless chrome=119.0.6045.105); For documentation on this error, please visit: https://www.selenium.dev/documentation/webdriver/troubleshooting/errors#no-such-element-exception\nStacktrace:\n#0 0x55f474e105e3 <unknown>\n#1 0x55f474ad30b7 <unknown>\n#2 0x55f474b20f53 <unknown>\n#3 0x55f474b21051 <unknown>\n#4 0x55f474b669c4 <unknown>\n#5 0x55f474b47f1d <unknown>\n#6 0x55f474b63b3d <unknown>\n#7 0x55f474b47cc3 <unknown>\n#8 0x55f474b130e4 <unknown>\n#9 0x55f474b140ae <unknown>\n#10 0x55f474dd6ce1 <unknown>\n#11 0x55f474ddab7e <unknown>\n#12 0x55f474dc44b5 <unknown>\n#13 0x55f474ddb7d6 <unknown>\n#14 0x55f474da7dbf <unknown>\n#15 0x55f474dfe748 <unknown>\n#16 0x55f474dfe917 <unknown>\n#17 0x55f474e0f773 <unknown>\n#18 0x7f251e61a044 <unknown>","time":{"start":1699578614969,"stop":1699578619562,"duration":4593}},{"uid":"9279bfffdee29032","reportUrl":"https://zaelcovsky.github.io/StroyremAutomation/135//#testresult/9279bfffdee29032","status":"broken","statusDetails":"selenium.common.exceptions.NoSuchElementException: Message: no such element: Unable to locate element: {\"method\":\"xpath\",\"selector\":\"//input[@class='amount']\"}\n  (Session info: headless chrome=119.0.6045.105); For documentation on this error, please visit: https://www.selenium.dev/documentation/webdriver/troubleshooting/errors#no-such-element-exception\nStacktrace:\n#0 0x560e7022c5e3 <unknown>\n#1 0x560e6feef0b7 <unknown>\n#2 0x560e6ff3cf53 <unknown>\n#3 0x560e6ff3d051 <unknown>\n#4 0x560e6ff829c4 <unknown>\n#5 0x560e6ff63f1d <unknown>\n#6 0x560e6ff7fb3d <unknown>\n#7 0x560e6ff63cc3 <unknown>\n#8 0x560e6ff2f0e4 <unknown>\n#9 0x560e6ff300ae <unknown>\n#10 0x560e701f2ce1 <unknown>\n#11 0x560e701f6b7e <unknown>\n#12 0x560e701e04b5 <unknown>\n#13 0x560e701f77d6 <unknown>\n#14 0x560e701c3dbf <unknown>\n#15 0x560e7021a748 <unknown>\n#16 0x560e7021a917 <unknown>\n#17 0x560e7022b773 <unknown>\n#18 0x7f6b81874044 <unknown>","time":{"start":1699492220619,"stop":1699492224278,"duration":3659}},{"uid":"82d44fcac9615946","reportUrl":"https://zaelcovsky.github.io/StroyremAutomation/134//#testresult/82d44fcac9615946","status":"broken","statusDetails":"selenium.common.exceptions.NoSuchElementException: Message: no such element: Unable to locate element: {\"method\":\"xpath\",\"selector\":\"//input[@class='amount']\"}\n  (Session info: headless chrome=119.0.6045.105); For documentation on this error, please visit: https://www.selenium.dev/documentation/webdriver/troubleshooting/errors#no-such-element-exception\nStacktrace:\n#0 0x55cd41bc55e3 <unknown>\n#1 0x55cd418880b7 <unknown>\n#2 0x55cd418d5f53 <unknown>\n#3 0x55cd418d6051 <unknown>\n#4 0x55cd4191b9c4 <unknown>\n#5 0x55cd418fcf1d <unknown>\n#6 0x55cd41918b3d <unknown>\n#7 0x55cd418fccc3 <unknown>\n#8 0x55cd418c80e4 <unknown>\n#9 0x55cd418c90ae <unknown>\n#10 0x55cd41b8bce1 <unknown>\n#11 0x55cd41b8fb7e <unknown>\n#12 0x55cd41b794b5 <unknown>\n#13 0x55cd41b907d6 <unknown>\n#14 0x55cd41b5cdbf <unknown>\n#15 0x55cd41bb3748 <unknown>\n#16 0x55cd41bb3917 <unknown>\n#17 0x55cd41bc4773 <unknown>\n#18 0x7f2e8baa8044 <unknown>","time":{"start":1699405750477,"stop":1699405754387,"duration":3910}},{"uid":"b8aa425360b7b2e3","reportUrl":"https://zaelcovsky.github.io/StroyremAutomation/133//#testresult/b8aa425360b7b2e3","status":"broken","statusDetails":"selenium.common.exceptions.NoSuchElementException: Message: no such element: Unable to locate element: {\"method\":\"xpath\",\"selector\":\"//input[@class='amount']\"}\n  (Session info: headless chrome=119.0.6045.105); For documentation on this error, please visit: https://www.selenium.dev/documentation/webdriver/troubleshooting/errors#no-such-element-exception\nStacktrace:\n#0 0x55bbb85dd5e3 <unknown>\n#1 0x55bbb82a00b7 <unknown>\n#2 0x55bbb82edf53 <unknown>\n#3 0x55bbb82ee051 <unknown>\n#4 0x55bbb83339c4 <unknown>\n#5 0x55bbb8314f1d <unknown>\n#6 0x55bbb8330b3d <unknown>\n#7 0x55bbb8314cc3 <unknown>\n#8 0x55bbb82e00e4 <unknown>\n#9 0x55bbb82e10ae <unknown>\n#10 0x55bbb85a3ce1 <unknown>\n#11 0x55bbb85a7b7e <unknown>\n#12 0x55bbb85914b5 <unknown>\n#13 0x55bbb85a87d6 <unknown>\n#14 0x55bbb8574dbf <unknown>\n#15 0x55bbb85cb748 <unknown>\n#16 0x55bbb85cb917 <unknown>\n#17 0x55bbb85dc773 <unknown>\n#18 0x7f5aba0f0044 <unknown>","time":{"start":1699319449656,"stop":1699319453773,"duration":4117}},{"uid":"6e39f948c2e6b14c","reportUrl":"https://zaelcovsky.github.io/StroyremAutomation/132//#testresult/6e39f948c2e6b14c","status":"broken","statusDetails":"selenium.common.exceptions.NoSuchElementException: Message: no such element: Unable to locate element: {\"method\":\"xpath\",\"selector\":\"//input[@class='amount']\"}\n  (Session info: headless chrome=119.0.6045.105); For documentation on this error, please visit: https://www.selenium.dev/documentation/webdriver/troubleshooting/errors#no-such-element-exception\nStacktrace:\n#0 0x5584039db5e3 <unknown>\n#1 0x55840369e0b7 <unknown>\n#2 0x5584036ebf53 <unknown>\n#3 0x5584036ec051 <unknown>\n#4 0x5584037319c4 <unknown>\n#5 0x558403712f1d <unknown>\n#6 0x55840372eb3d <unknown>\n#7 0x558403712cc3 <unknown>\n#8 0x5584036de0e4 <unknown>\n#9 0x5584036df0ae <unknown>\n#10 0x5584039a1ce1 <unknown>\n#11 0x5584039a5b7e <unknown>\n#12 0x55840398f4b5 <unknown>\n#13 0x5584039a67d6 <unknown>\n#14 0x558403972dbf <unknown>\n#15 0x5584039c9748 <unknown>\n#16 0x5584039c9917 <unknown>\n#17 0x5584039da773 <unknown>\n#18 0x7fce1c233044 <unknown>","time":{"start":1699233096564,"stop":1699233100765,"duration":4201}},{"uid":"9b08a79a4e15f3f3","reportUrl":"https://zaelcovsky.github.io/StroyremAutomation/131//#testresult/9b08a79a4e15f3f3","status":"broken","statusDetails":"selenium.common.exceptions.NoSuchElementException: Message: no such element: Unable to locate element: {\"method\":\"xpath\",\"selector\":\"//input[@class='amount']\"}\n  (Session info: headless chrome=119.0.6045.105); For documentation on this error, please visit: https://www.selenium.dev/documentation/webdriver/troubleshooting/errors#no-such-element-exception\nStacktrace:\n#0 0x560b6fe1a5e3 <unknown>\n#1 0x560b6fadd0b7 <unknown>\n#2 0x560b6fb2af53 <unknown>\n#3 0x560b6fb2b051 <unknown>\n#4 0x560b6fb709c4 <unknown>\n#5 0x560b6fb51f1d <unknown>\n#6 0x560b6fb6db3d <unknown>\n#7 0x560b6fb51cc3 <unknown>\n#8 0x560b6fb1d0e4 <unknown>\n#9 0x560b6fb1e0ae <unknown>\n#10 0x560b6fde0ce1 <unknown>\n#11 0x560b6fde4b7e <unknown>\n#12 0x560b6fdce4b5 <unknown>\n#13 0x560b6fde57d6 <unknown>\n#14 0x560b6fdb1dbf <unknown>\n#15 0x560b6fe08748 <unknown>\n#16 0x560b6fe08917 <unknown>\n#17 0x560b6fe19773 <unknown>\n#18 0x7fb437939044 <unknown>","time":{"start":1699146846548,"stop":1699146852629,"duration":6081}},{"uid":"c2bffb67831a06ff","reportUrl":"https://zaelcovsky.github.io/StroyremAutomation/130//#testresult/c2bffb67831a06ff","status":"broken","statusDetails":"selenium.common.exceptions.NoSuchElementException: Message: no such element: Unable to locate element: {\"method\":\"xpath\",\"selector\":\"//input[@class='amount']\"}\n  (Session info: headless chrome=119.0.6045.105); For documentation on this error, please visit: https://www.selenium.dev/documentation/webdriver/troubleshooting/errors#no-such-element-exception\nStacktrace:\n#0 0x555c8a1915e3 <unknown>\n#1 0x555c89e540b7 <unknown>\n#2 0x555c89ea1f53 <unknown>\n#3 0x555c89ea2051 <unknown>\n#4 0x555c89ee79c4 <unknown>\n#5 0x555c89ec8f1d <unknown>\n#6 0x555c89ee4b3d <unknown>\n#7 0x555c89ec8cc3 <unknown>\n#8 0x555c89e940e4 <unknown>\n#9 0x555c89e950ae <unknown>\n#10 0x555c8a157ce1 <unknown>\n#11 0x555c8a15bb7e <unknown>\n#12 0x555c8a1454b5 <unknown>\n#13 0x555c8a15c7d6 <unknown>\n#14 0x555c8a128dbf <unknown>\n#15 0x555c8a17f748 <unknown>\n#16 0x555c8a17f917 <unknown>\n#17 0x555c8a190773 <unknown>\n#18 0x7f0d5e069044 <unknown>","time":{"start":1699060145687,"stop":1699060150339,"duration":4652}},{"uid":"ad8b1a101083835e","reportUrl":"https://zaelcovsky.github.io/StroyremAutomation/129//#testresult/ad8b1a101083835e","status":"broken","statusDetails":"selenium.common.exceptions.NoSuchElementException: Message: no such element: Unable to locate element: {\"method\":\"xpath\",\"selector\":\"//input[@class='amount']\"}\n  (Session info: headless chrome=119.0.6045.105); For documentation on this error, please visit: https://www.selenium.dev/documentation/webdriver/troubleshooting/errors#no-such-element-exception\nStacktrace:\n#0 0x5600e1db65e3 <unknown>\n#1 0x5600e1a790b7 <unknown>\n#2 0x5600e1ac6f53 <unknown>\n#3 0x5600e1ac7051 <unknown>\n#4 0x5600e1b0c9c4 <unknown>\n#5 0x5600e1aedf1d <unknown>\n#6 0x5600e1b09b3d <unknown>\n#7 0x5600e1aedcc3 <unknown>\n#8 0x5600e1ab90e4 <unknown>\n#9 0x5600e1aba0ae <unknown>\n#10 0x5600e1d7cce1 <unknown>\n#11 0x5600e1d80b7e <unknown>\n#12 0x5600e1d6a4b5 <unknown>\n#13 0x5600e1d817d6 <unknown>\n#14 0x5600e1d4ddbf <unknown>\n#15 0x5600e1da4748 <unknown>\n#16 0x5600e1da4917 <unknown>\n#17 0x5600e1db5773 <unknown>\n#18 0x7fe403256044 <unknown>","time":{"start":1698973730693,"stop":1698973735502,"duration":4809}},{"uid":"ec0cd6a1476c6ba5","reportUrl":"https://zaelcovsky.github.io/StroyremAutomation/128//#testresult/ec0cd6a1476c6ba5","status":"broken","statusDetails":"selenium.common.exceptions.NoSuchElementException: Message: no such element: Unable to locate element: {\"method\":\"xpath\",\"selector\":\"//input[@class='amount']\"}\n  (Session info: headless chrome=119.0.6045.105); For documentation on this error, please visit: https://www.selenium.dev/documentation/webdriver/troubleshooting/errors#no-such-element-exception\nStacktrace:\n#0 0x55dc85b675e3 <unknown>\n#1 0x55dc8582a0b7 <unknown>\n#2 0x55dc85877f53 <unknown>\n#3 0x55dc85878051 <unknown>\n#4 0x55dc858bd9c4 <unknown>\n#5 0x55dc8589ef1d <unknown>\n#6 0x55dc858bab3d <unknown>\n#7 0x55dc8589ecc3 <unknown>\n#8 0x55dc8586a0e4 <unknown>\n#9 0x55dc8586b0ae <unknown>\n#10 0x55dc85b2dce1 <unknown>\n#11 0x55dc85b31b7e <unknown>\n#12 0x55dc85b1b4b5 <unknown>\n#13 0x55dc85b327d6 <unknown>\n#14 0x55dc85afedbf <unknown>\n#15 0x55dc85b55748 <unknown>\n#16 0x55dc85b55917 <unknown>\n#17 0x55dc85b66773 <unknown>\n#18 0x7fcafc50d044 <unknown>","time":{"start":1698887314802,"stop":1698887319516,"duration":4714}},{"uid":"60e34a99078fb20e","reportUrl":"https://zaelcovsky.github.io/StroyremAutomation/127//#testresult/60e34a99078fb20e","status":"broken","statusDetails":"selenium.common.exceptions.NoSuchElementException: Message: no such element: Unable to locate element: {\"method\":\"xpath\",\"selector\":\"//input[@class='amount']\"}\n  (Session info: headless chrome=119.0.6045.105); For documentation on this error, please visit: https://www.selenium.dev/documentation/webdriver/troubleshooting/errors#no-such-element-exception\nStacktrace:\n#0 0x55f4715ee5e3 <unknown>\n#1 0x55f4712b10b7 <unknown>\n#2 0x55f4712fef53 <unknown>\n#3 0x55f4712ff051 <unknown>\n#4 0x55f4713449c4 <unknown>\n#5 0x55f471325f1d <unknown>\n#6 0x55f471341b3d <unknown>\n#7 0x55f471325cc3 <unknown>\n#8 0x55f4712f10e4 <unknown>\n#9 0x55f4712f20ae <unknown>\n#10 0x55f4715b4ce1 <unknown>\n#11 0x55f4715b8b7e <unknown>\n#12 0x55f4715a24b5 <unknown>\n#13 0x55f4715b97d6 <unknown>\n#14 0x55f471585dbf <unknown>\n#15 0x55f4715dc748 <unknown>\n#16 0x55f4715dc917 <unknown>\n#17 0x55f4715ed773 <unknown>\n#18 0x7f526499e044 <unknown>","time":{"start":1698801203669,"stop":1698801208824,"duration":5155}},{"uid":"8aca896919be2fb2","reportUrl":"https://zaelcovsky.github.io/StroyremAutomation/126//#testresult/8aca896919be2fb2","status":"broken","statusDetails":"selenium.common.exceptions.NoSuchElementException: Message: no such element: Unable to locate element: {\"method\":\"xpath\",\"selector\":\"//input[@class='amount']\"}\n  (Session info: headless chrome=118.0.5993.70); For documentation on this error, please visit: https://www.selenium.dev/documentation/webdriver/troubleshooting/errors#no-such-element-exception\nStacktrace:\n#0 0x5620fe009fb3 <unknown>\n#1 0x5620fdcdd4a7 <unknown>\n#2 0x5620fdd24dd6 <unknown>\n#3 0x5620fdd24ec1 <unknown>\n#4 0x5620fdd62354 <unknown>\n#5 0x5620fdd4696d <unknown>\n#6 0x5620fdd5fc02 <unknown>\n#7 0x5620fdd46713 <unknown>\n#8 0x5620fdd1918b <unknown>\n#9 0x5620fdd19f7e <unknown>\n#10 0x5620fdfcf8d8 <unknown>\n#11 0x5620fdfd3800 <unknown>\n#12 0x5620fdfddcfc <unknown>\n#13 0x5620fdfd4418 <unknown>\n#14 0x5620fdfa142f <unknown>\n#15 0x5620fdff84e8 <unknown>\n#16 0x5620fdff86b4 <unknown>\n#17 0x5620fe009143 <unknown>\n#18 0x7f3b76fcc044 <unknown>","time":{"start":1698714546458,"stop":1698714550557,"duration":4099}},{"uid":"1aa33e85cb11ca1a","reportUrl":"https://zaelcovsky.github.io/StroyremAutomation/125//#testresult/1aa33e85cb11ca1a","status":"broken","statusDetails":"selenium.common.exceptions.NoSuchElementException: Message: no such element: Unable to locate element: {\"method\":\"xpath\",\"selector\":\"//input[@class='amount']\"}\n  (Session info: headless chrome=118.0.5993.70); For documentation on this error, please visit: https://www.selenium.dev/documentation/webdriver/troubleshooting/errors#no-such-element-exception\nStacktrace:\n#0 0x55b464882fb3 <unknown>\n#1 0x55b4645564a7 <unknown>\n#2 0x55b46459ddd6 <unknown>\n#3 0x55b46459dec1 <unknown>\n#4 0x55b4645db354 <unknown>\n#5 0x55b4645bf96d <unknown>\n#6 0x55b4645d8c02 <unknown>\n#7 0x55b4645bf713 <unknown>\n#8 0x55b46459218b <unknown>\n#9 0x55b464592f7e <unknown>\n#10 0x55b4648488d8 <unknown>\n#11 0x55b46484c800 <unknown>\n#12 0x55b464856cfc <unknown>\n#13 0x55b46484d418 <unknown>\n#14 0x55b46481a42f <unknown>\n#15 0x55b4648714e8 <unknown>\n#16 0x55b4648716b4 <unknown>\n#17 0x55b464882143 <unknown>\n#18 0x7f649ef23044 <unknown>","time":{"start":1698628118220,"stop":1698628122562,"duration":4342}},{"uid":"1014b0b24834a764","reportUrl":"https://zaelcovsky.github.io/StroyremAutomation/124//#testresult/1014b0b24834a764","status":"broken","statusDetails":"selenium.common.exceptions.NoSuchElementException: Message: no such element: Unable to locate element: {\"method\":\"xpath\",\"selector\":\"//input[@class='amount']\"}\n  (Session info: headless chrome=118.0.5993.70); For documentation on this error, please visit: https://www.selenium.dev/documentation/webdriver/troubleshooting/errors#no-such-element-exception\nStacktrace:\n#0 0x55b9a7920fb3 <unknown>\n#1 0x55b9a75f44a7 <unknown>\n#2 0x55b9a763bdd6 <unknown>\n#3 0x55b9a763bec1 <unknown>\n#4 0x55b9a7679354 <unknown>\n#5 0x55b9a765d96d <unknown>\n#6 0x55b9a7676c02 <unknown>\n#7 0x55b9a765d713 <unknown>\n#8 0x55b9a763018b <unknown>\n#9 0x55b9a7630f7e <unknown>\n#10 0x55b9a78e68d8 <unknown>\n#11 0x55b9a78ea800 <unknown>\n#12 0x55b9a78f4cfc <unknown>\n#13 0x55b9a78eb418 <unknown>\n#14 0x55b9a78b842f <unknown>\n#15 0x55b9a790f4e8 <unknown>\n#16 0x55b9a790f6b4 <unknown>\n#17 0x55b9a7920143 <unknown>\n#18 0x7f25b027f044 <unknown>","time":{"start":1698541903067,"stop":1698541907486,"duration":4419}},{"uid":"464666edc03e965b","reportUrl":"https://zaelcovsky.github.io/StroyremAutomation/123//#testresult/464666edc03e965b","status":"broken","statusDetails":"selenium.common.exceptions.NoSuchElementException: Message: no such element: Unable to locate element: {\"method\":\"xpath\",\"selector\":\"//input[@class='amount']\"}\n  (Session info: headless chrome=118.0.5993.70); For documentation on this error, please visit: https://www.selenium.dev/documentation/webdriver/troubleshooting/errors#no-such-element-exception\nStacktrace:\n#0 0x55af6aafefb3 <unknown>\n#1 0x55af6a7d24a7 <unknown>\n#2 0x55af6a819dd6 <unknown>\n#3 0x55af6a819ec1 <unknown>\n#4 0x55af6a857354 <unknown>\n#5 0x55af6a83b96d <unknown>\n#6 0x55af6a854c02 <unknown>\n#7 0x55af6a83b713 <unknown>\n#8 0x55af6a80e18b <unknown>\n#9 0x55af6a80ef7e <unknown>\n#10 0x55af6aac48d8 <unknown>\n#11 0x55af6aac8800 <unknown>\n#12 0x55af6aad2cfc <unknown>\n#13 0x55af6aac9418 <unknown>\n#14 0x55af6aa9642f <unknown>\n#15 0x55af6aaed4e8 <unknown>\n#16 0x55af6aaed6b4 <unknown>\n#17 0x55af6aafe143 <unknown>\n#18 0x7f07f2352044 <unknown>","time":{"start":1698455214077,"stop":1698455219618,"duration":5541}},{"uid":"2991e3528257349d","reportUrl":"https://zaelcovsky.github.io/StroyremAutomation/122//#testresult/2991e3528257349d","status":"broken","statusDetails":"selenium.common.exceptions.NoSuchElementException: Message: no such element: Unable to locate element: {\"method\":\"xpath\",\"selector\":\"//input[@class='amount']\"}\n  (Session info: headless chrome=118.0.5993.70); For documentation on this error, please visit: https://www.selenium.dev/documentation/webdriver/troubleshooting/errors#no-such-element-exception\nStacktrace:\n#0 0x55db042d4fb3 <unknown>\n#1 0x55db03fa84a7 <unknown>\n#2 0x55db03fefdd6 <unknown>\n#3 0x55db03fefec1 <unknown>\n#4 0x55db0402d354 <unknown>\n#5 0x55db0401196d <unknown>\n#6 0x55db0402ac02 <unknown>\n#7 0x55db04011713 <unknown>\n#8 0x55db03fe418b <unknown>\n#9 0x55db03fe4f7e <unknown>\n#10 0x55db0429a8d8 <unknown>\n#11 0x55db0429e800 <unknown>\n#12 0x55db042a8cfc <unknown>\n#13 0x55db0429f418 <unknown>\n#14 0x55db0426c42f <unknown>\n#15 0x55db042c34e8 <unknown>\n#16 0x55db042c36b4 <unknown>\n#17 0x55db042d4143 <unknown>\n#18 0x7f1a49981044 <unknown>","time":{"start":1698368848823,"stop":1698368853432,"duration":4609}},{"uid":"49400be4bd1742fc","reportUrl":"https://zaelcovsky.github.io/StroyremAutomation/121//#testresult/49400be4bd1742fc","status":"broken","statusDetails":"selenium.common.exceptions.NoSuchElementException: Message: no such element: Unable to locate element: {\"method\":\"xpath\",\"selector\":\"//input[@class='amount']\"}\n  (Session info: headless chrome=118.0.5993.70); For documentation on this error, please visit: https://www.selenium.dev/documentation/webdriver/troubleshooting/errors#no-such-element-exception\nStacktrace:\n#0 0x55c47c937fb3 <unknown>\n#1 0x55c47c60b4a7 <unknown>\n#2 0x55c47c652dd6 <unknown>\n#3 0x55c47c652ec1 <unknown>\n#4 0x55c47c690354 <unknown>\n#5 0x55c47c67496d <unknown>\n#6 0x55c47c68dc02 <unknown>\n#7 0x55c47c674713 <unknown>\n#8 0x55c47c64718b <unknown>\n#9 0x55c47c647f7e <unknown>\n#10 0x55c47c8fd8d8 <unknown>\n#11 0x55c47c901800 <unknown>\n#12 0x55c47c90bcfc <unknown>\n#13 0x55c47c902418 <unknown>\n#14 0x55c47c8cf42f <unknown>\n#15 0x55c47c9264e8 <unknown>\n#16 0x55c47c9266b4 <unknown>\n#17 0x55c47c937143 <unknown>\n#18 0x7efd2f527044 <unknown>","time":{"start":1698282459912,"stop":1698282464220,"duration":4308}}]},"tags":["smoke"]},"source":"3f8dce4d87ed3133.json","parameterValues":["4490","149","'TD 008'","3980","'products/shtukaturka-gipsovaya-aksolit-m50-30-kg-mashinnogo-naneseniya'","2300","'https://sandboxtest.stroyrem-nn.ru/'","4500"]}