{"uid":"c02f8c3cd2fd5351","name":"test_positive_delivery_green_zone_smoke[TD 010-products/shtukaturka-gipsovaya-aksolit-m50-30-kg-mashinnogo-naneseniya-206-6200-2900-5570-6120-https://sandboxtest.stroyrem-nn.ru/]","fullName":"tests.delivery.test_delivery_calculation.TestDeliveryPageCalculation#test_positive_delivery_green_zone_smoke","historyId":"ece4a4b7d2c766759dd3e80afc1ed9c3","time":{"start":1700010633822,"stop":1700010637521,"duration":3699},"status":"skipped","statusMessage":"XFAIL\n\nselenium.common.exceptions.NoSuchElementException: Message: no such element: Unable to locate element: {\"method\":\"xpath\",\"selector\":\"//input[@class='amount']\"}\n  (Session info: headless chrome=119.0.6045.105); For documentation on this error, please visit: https://www.selenium.dev/documentation/webdriver/troubleshooting/errors#no-such-element-exception\nStacktrace:\n#0 0x55617bf0f5e3 <unknown>\n#1 0x55617bbd20b7 <unknown>\n#2 0x55617bc1ff53 <unknown>\n#3 0x55617bc20051 <unknown>\n#4 0x55617bc659c4 <unknown>\n#5 0x55617bc46f1d <unknown>\n#6 0x55617bc62b3d <unknown>\n#7 0x55617bc46cc3 <unknown>\n#8 0x55617bc120e4 <unknown>\n#9 0x55617bc130ae <unknown>\n#10 0x55617bed5ce1 <unknown>\n#11 0x55617bed9b7e <unknown>\n#12 0x55617bec34b5 <unknown>\n#13 0x55617beda7d6 <unknown>\n#14 0x55617bea6dbf <unknown>\n#15 0x55617befd748 <unknown>\n#16 0x55617befd917 <unknown>\n#17 0x55617bf0e773 <unknown>\n#18 0x7ff0b3df4044 <unknown>","statusTrace":"self = <tests.delivery.test_delivery_calculation.TestDeliveryPageCalculation object at 0x7fdea3f8d2d0>\ndriver = <selenium.webdriver.chrome.webdriver.WebDriver (session=\"1b3226e2ac67e3cf09e770cb11db30de\")>\nurl = 'https://sandboxtest.stroyrem-nn.ru/', case_id = 'TD 010'\nlink_item = 'products/shtukaturka-gipsovaya-aksolit-m50-30-kg-mashinnogo-naneseniya'\namount = 206, weight = 6200, standard = 2900, in_time = 5570, all_time = 6120\n\n    @pytest.mark.parametrize('case_id, link_item, amount, weight, standard, in_time, all_time', [\n        (\"TD 001\", uroven_3000, 1, 30, 0, 1590, 2190),\n        (\"TD 002\", bundeks_25, 1, 30, 400, 1590, 2190),\n        (\"TD 003\", aksolit_30, 8, 300, 400, 1590, 2190),\n        (\"TD 004\", aksolit_30, 13, 400, 450, 1590, 2190),\n        (\"TD 005\", aksolit_30, 16, 500, 600, 1590, 2190),\n        (\"TD 006\", aksolit_30, 25, 1700, 990, 1990, 2480),\n        (\"TD 007\", aksolit_30, 66, 2000, 1300, 2490, 2980),\n        (\"TD 008\", aksolit_30, 149, 4500, 2300, 3980, 4490),\n        (\"TD 009\", aksolit_30, 166, 5000, 2500, 4990, 5480),\n        pytest.param(\n            \"TD 010\", aksolit_30, 206, 6200, 2900, 5570, 6120,\n            marks=pytest.mark.xfail(reson=\"Цена доставки 3600 7960 8980\")\n        ),\n        (\"TD 011\", aksolit_30, 299, 9000, 3600, 7960, 8980),\n        (\"TD 012\", aksolit_30, 333, 10000, 4450, 11990, 12500),\n        pytest.param(\n            \"TD 013\", aksolit_30, 366, 11000, 4800, 12450, 13480,\n            marks=pytest.mark.xfail(reason=\"Цена стандартной доставки 4450\")\n        ),\n        pytest.param(\n            \"TD 014\", aksolit_30, 666, 20000, 5400, 15600, 17490,\n            marks=pytest.mark.xfail(reason=\"Цена стандартной доставки 4450\")\n        )\n    ])\n    @pytest.mark.smoke\n    def test_positive_delivery_green_zone_smoke(\n            self, driver, url, case_id, link_item, amount, weight, standard, in_time, all_time\n    ):\n    \n        driver.get(f'{url}{link_item}')\n        item_page = ItemPage(driver)\n>       item_page.add_item_to_cart(amount).click_on_cart()\n\ntests/delivery/test_delivery_calculation.py:49: \n_ _ _ _ _ _ _ _ _ _ _ _ _ _ _ _ _ _ _ _ _ _ _ _ _ _ _ _ _ _ _ _ _ _ _ _ _ _ _ _ \npages/item_page.py:41: in add_item_to_cart\n    amount_field = self.find_element(self._item_amount)\nbase/seleniumbase.py:17: in find_element\n    return self.driver.find_element(*locator)\n/usr/local/lib/python3.11/site-packages/selenium/webdriver/remote/webdriver.py:740: in find_element\n    return self.execute(Command.FIND_ELEMENT, {\"using\": by, \"value\": value})[\"value\"]\n/usr/local/lib/python3.11/site-packages/selenium/webdriver/remote/webdriver.py:346: in execute\n    self.error_handler.check_response(response)\n_ _ _ _ _ _ _ _ _ _ _ _ _ _ _ _ _ _ _ _ _ _ _ _ _ _ _ _ _ _ _ _ _ _ _ _ _ _ _ _ \n\nself = <selenium.webdriver.remote.errorhandler.ErrorHandler object at 0x7fdea3dbd050>\nresponse = {'status': 404, 'value': '{\"value\":{\"error\":\"no such element\",\"message\":\"no such element: Unable to locate element: {\\...\\\\n#16 0x55617befd917 \\\\u003Cunknown>\\\\n#17 0x55617bf0e773 \\\\u003Cunknown>\\\\n#18 0x7ff0b3df4044 \\\\u003Cunknown>\\\\n\"}}'}\n\n    def check_response(self, response: Dict[str, Any]) -> None:\n        \"\"\"Checks that a JSON response from the WebDriver does not have an\n        error.\n    \n        :Args:\n         - response - The JSON response from the WebDriver server as a dictionary\n           object.\n    \n        :Raises: If the response contains an error message.\n        \"\"\"\n        status = response.get(\"status\", None)\n        if not status or status == ErrorCode.SUCCESS:\n            return\n        value = None\n        message = response.get(\"message\", \"\")\n        screen: str = response.get(\"screen\", \"\")\n        stacktrace = None\n        if isinstance(status, int):\n            value_json = response.get(\"value\", None)\n            if value_json and isinstance(value_json, str):\n                import json\n    \n                try:\n                    value = json.loads(value_json)\n                    if len(value) == 1:\n                        value = value[\"value\"]\n                    status = value.get(\"error\", None)\n                    if not status:\n                        status = value.get(\"status\", ErrorCode.UNKNOWN_ERROR)\n                        message = value.get(\"value\") or value.get(\"message\")\n                        if not isinstance(message, str):\n                            value = message\n                            message = message.get(\"message\")\n                    else:\n                        message = value.get(\"message\", None)\n                except ValueError:\n                    pass\n    \n        exception_class: Type[WebDriverException]\n        if status in ErrorCode.NO_SUCH_ELEMENT:\n            exception_class = NoSuchElementException\n        elif status in ErrorCode.NO_SUCH_FRAME:\n            exception_class = NoSuchFrameException\n        elif status in ErrorCode.NO_SUCH_SHADOW_ROOT:\n            exception_class = NoSuchShadowRootException\n        elif status in ErrorCode.NO_SUCH_WINDOW:\n            exception_class = NoSuchWindowException\n        elif status in ErrorCode.STALE_ELEMENT_REFERENCE:\n            exception_class = StaleElementReferenceException\n        elif status in ErrorCode.ELEMENT_NOT_VISIBLE:\n            exception_class = ElementNotVisibleException\n        elif status in ErrorCode.INVALID_ELEMENT_STATE:\n            exception_class = InvalidElementStateException\n        elif (\n            status in ErrorCode.INVALID_SELECTOR\n            or status in ErrorCode.INVALID_XPATH_SELECTOR\n            or status in ErrorCode.INVALID_XPATH_SELECTOR_RETURN_TYPER\n        ):\n            exception_class = InvalidSelectorException\n        elif status in ErrorCode.ELEMENT_IS_NOT_SELECTABLE:\n            exception_class = ElementNotSelectableException\n        elif status in ErrorCode.ELEMENT_NOT_INTERACTABLE:\n            exception_class = ElementNotInteractableException\n        elif status in ErrorCode.INVALID_COOKIE_DOMAIN:\n            exception_class = InvalidCookieDomainException\n        elif status in ErrorCode.UNABLE_TO_SET_COOKIE:\n            exception_class = UnableToSetCookieException\n        elif status in ErrorCode.TIMEOUT:\n            exception_class = TimeoutException\n        elif status in ErrorCode.SCRIPT_TIMEOUT:\n            exception_class = TimeoutException\n        elif status in ErrorCode.UNKNOWN_ERROR:\n            exception_class = WebDriverException\n        elif status in ErrorCode.UNEXPECTED_ALERT_OPEN:\n            exception_class = UnexpectedAlertPresentException\n        elif status in ErrorCode.NO_ALERT_OPEN:\n            exception_class = NoAlertPresentException\n        elif status in ErrorCode.IME_NOT_AVAILABLE:\n            exception_class = ImeNotAvailableException\n        elif status in ErrorCode.IME_ENGINE_ACTIVATION_FAILED:\n            exception_class = ImeActivationFailedException\n        elif status in ErrorCode.MOVE_TARGET_OUT_OF_BOUNDS:\n            exception_class = MoveTargetOutOfBoundsException\n        elif status in ErrorCode.JAVASCRIPT_ERROR:\n            exception_class = JavascriptException\n        elif status in ErrorCode.SESSION_NOT_CREATED:\n            exception_class = SessionNotCreatedException\n        elif status in ErrorCode.INVALID_ARGUMENT:\n            exception_class = InvalidArgumentException\n        elif status in ErrorCode.NO_SUCH_COOKIE:\n            exception_class = NoSuchCookieException\n        elif status in ErrorCode.UNABLE_TO_CAPTURE_SCREEN:\n            exception_class = ScreenshotException\n        elif status in ErrorCode.ELEMENT_CLICK_INTERCEPTED:\n            exception_class = ElementClickInterceptedException\n        elif status in ErrorCode.INSECURE_CERTIFICATE:\n            exception_class = InsecureCertificateException\n        elif status in ErrorCode.INVALID_COORDINATES:\n            exception_class = InvalidCoordinatesException\n        elif status in ErrorCode.INVALID_SESSION_ID:\n            exception_class = InvalidSessionIdException\n        elif status in ErrorCode.UNKNOWN_METHOD:\n            exception_class = UnknownMethodException\n        else:\n            exception_class = WebDriverException\n        if not value:\n            value = response[\"value\"]\n        if isinstance(value, str):\n            raise exception_class(value)\n        if message == \"\" and \"message\" in value:\n            message = value[\"message\"]\n    \n        screen = None  # type: ignore[assignment]\n        if \"screen\" in value:\n            screen = value[\"screen\"]\n    \n        stacktrace = None\n        st_value = value.get(\"stackTrace\") or value.get(\"stacktrace\")\n        if st_value:\n            if isinstance(st_value, str):\n                stacktrace = st_value.split(\"\\n\")\n            else:\n                stacktrace = []\n                try:\n                    for frame in st_value:\n                        line = frame.get(\"lineNumber\", \"\")\n                        file = frame.get(\"fileName\", \"<anonymous>\")\n                        if line:\n                            file = f\"{file}:{line}\"\n                        meth = frame.get(\"methodName\", \"<anonymous>\")\n                        if \"className\" in frame:\n                            meth = f\"{frame['className']}.{meth}\"\n                        msg = \"    at %s (%s)\"\n                        msg = msg % (meth, file)\n                        stacktrace.append(msg)\n                except TypeError:\n                    pass\n        if exception_class == UnexpectedAlertPresentException:\n            alert_text = None\n            if \"data\" in value:\n                alert_text = value[\"data\"].get(\"text\")\n            elif \"alert\" in value:\n                alert_text = value[\"alert\"].get(\"text\")\n            raise exception_class(message, screen, stacktrace, alert_text)  # type: ignore[call-arg]  # mypy is not smart enough here\n>       raise exception_class(message, screen, stacktrace)\nE       selenium.common.exceptions.NoSuchElementException: Message: no such element: Unable to locate element: {\"method\":\"xpath\",\"selector\":\"//input[@class='amount']\"}\nE         (Session info: headless chrome=119.0.6045.105); For documentation on this error, please visit: https://www.selenium.dev/documentation/webdriver/troubleshooting/errors#no-such-element-exception\nE       Stacktrace:\nE       #0 0x55617bf0f5e3 <unknown>\nE       #1 0x55617bbd20b7 <unknown>\nE       #2 0x55617bc1ff53 <unknown>\nE       #3 0x55617bc20051 <unknown>\nE       #4 0x55617bc659c4 <unknown>\nE       #5 0x55617bc46f1d <unknown>\nE       #6 0x55617bc62b3d <unknown>\nE       #7 0x55617bc46cc3 <unknown>\nE       #8 0x55617bc120e4 <unknown>\nE       #9 0x55617bc130ae <unknown>\nE       #10 0x55617bed5ce1 <unknown>\nE       #11 0x55617bed9b7e <unknown>\nE       #12 0x55617bec34b5 <unknown>\nE       #13 0x55617beda7d6 <unknown>\nE       #14 0x55617bea6dbf <unknown>\nE       #15 0x55617befd748 <unknown>\nE       #16 0x55617befd917 <unknown>\nE       #17 0x55617bf0e773 <unknown>\nE       #18 0x7ff0b3df4044 <unknown>\n\n/usr/local/lib/python3.11/site-packages/selenium/webdriver/remote/errorhandler.py:245: NoSuchElementException","flaky":false,"newFailed":false,"newBroken":false,"newPassed":false,"retriesCount":0,"retriesStatusChange":false,"beforeStages":[{"name":"_session_faker","time":{"start":1700010210492,"stop":1700010210563,"duration":71},"status":"passed","steps":[],"attachments":[],"parameters":[],"shouldDisplayMessage":false,"stepsCount":0,"attachmentsCount":0,"hasContent":false},{"name":"clear_allure_results_folder","time":{"start":1700010210564,"stop":1700010210564,"duration":0},"status":"passed","steps":[],"attachments":[],"parameters":[],"shouldDisplayMessage":false,"stepsCount":0,"attachmentsCount":0,"hasContent":false},{"name":"driver","time":{"start":1700010633082,"stop":1700010633821,"duration":739},"status":"passed","steps":[],"attachments":[],"parameters":[],"shouldDisplayMessage":false,"stepsCount":0,"attachmentsCount":0,"hasContent":false},{"name":"setup","time":{"start":1700010633821,"stop":1700010633821,"duration":0},"status":"passed","steps":[],"attachments":[],"parameters":[],"shouldDisplayMessage":false,"stepsCount":0,"attachmentsCount":0,"hasContent":false}],"testStage":{"status":"skipped","statusMessage":"XFAIL\n\nselenium.common.exceptions.NoSuchElementException: Message: no such element: Unable to locate element: {\"method\":\"xpath\",\"selector\":\"//input[@class='amount']\"}\n  (Session info: headless chrome=119.0.6045.105); For documentation on this error, please visit: https://www.selenium.dev/documentation/webdriver/troubleshooting/errors#no-such-element-exception\nStacktrace:\n#0 0x55617bf0f5e3 <unknown>\n#1 0x55617bbd20b7 <unknown>\n#2 0x55617bc1ff53 <unknown>\n#3 0x55617bc20051 <unknown>\n#4 0x55617bc659c4 <unknown>\n#5 0x55617bc46f1d <unknown>\n#6 0x55617bc62b3d <unknown>\n#7 0x55617bc46cc3 <unknown>\n#8 0x55617bc120e4 <unknown>\n#9 0x55617bc130ae <unknown>\n#10 0x55617bed5ce1 <unknown>\n#11 0x55617bed9b7e <unknown>\n#12 0x55617bec34b5 <unknown>\n#13 0x55617beda7d6 <unknown>\n#14 0x55617bea6dbf <unknown>\n#15 0x55617befd748 <unknown>\n#16 0x55617befd917 <unknown>\n#17 0x55617bf0e773 <unknown>\n#18 0x7ff0b3df4044 <unknown>","statusTrace":"self = <tests.delivery.test_delivery_calculation.TestDeliveryPageCalculation object at 0x7fdea3f8d2d0>\ndriver = <selenium.webdriver.chrome.webdriver.WebDriver (session=\"1b3226e2ac67e3cf09e770cb11db30de\")>\nurl = 'https://sandboxtest.stroyrem-nn.ru/', case_id = 'TD 010'\nlink_item = 'products/shtukaturka-gipsovaya-aksolit-m50-30-kg-mashinnogo-naneseniya'\namount = 206, weight = 6200, standard = 2900, in_time = 5570, all_time = 6120\n\n    @pytest.mark.parametrize('case_id, link_item, amount, weight, standard, in_time, all_time', [\n        (\"TD 001\", uroven_3000, 1, 30, 0, 1590, 2190),\n        (\"TD 002\", bundeks_25, 1, 30, 400, 1590, 2190),\n        (\"TD 003\", aksolit_30, 8, 300, 400, 1590, 2190),\n        (\"TD 004\", aksolit_30, 13, 400, 450, 1590, 2190),\n        (\"TD 005\", aksolit_30, 16, 500, 600, 1590, 2190),\n        (\"TD 006\", aksolit_30, 25, 1700, 990, 1990, 2480),\n        (\"TD 007\", aksolit_30, 66, 2000, 1300, 2490, 2980),\n        (\"TD 008\", aksolit_30, 149, 4500, 2300, 3980, 4490),\n        (\"TD 009\", aksolit_30, 166, 5000, 2500, 4990, 5480),\n        pytest.param(\n            \"TD 010\", aksolit_30, 206, 6200, 2900, 5570, 6120,\n            marks=pytest.mark.xfail(reson=\"Цена доставки 3600 7960 8980\")\n        ),\n        (\"TD 011\", aksolit_30, 299, 9000, 3600, 7960, 8980),\n        (\"TD 012\", aksolit_30, 333, 10000, 4450, 11990, 12500),\n        pytest.param(\n            \"TD 013\", aksolit_30, 366, 11000, 4800, 12450, 13480,\n            marks=pytest.mark.xfail(reason=\"Цена стандартной доставки 4450\")\n        ),\n        pytest.param(\n            \"TD 014\", aksolit_30, 666, 20000, 5400, 15600, 17490,\n            marks=pytest.mark.xfail(reason=\"Цена стандартной доставки 4450\")\n        )\n    ])\n    @pytest.mark.smoke\n    def test_positive_delivery_green_zone_smoke(\n            self, driver, url, case_id, link_item, amount, weight, standard, in_time, all_time\n    ):\n    \n        driver.get(f'{url}{link_item}')\n        item_page = ItemPage(driver)\n>       item_page.add_item_to_cart(amount).click_on_cart()\n\ntests/delivery/test_delivery_calculation.py:49: \n_ _ _ _ _ _ _ _ _ _ _ _ _ _ _ _ _ _ _ _ _ _ _ _ _ _ _ _ _ _ _ _ _ _ _ _ _ _ _ _ \npages/item_page.py:41: in add_item_to_cart\n    amount_field = self.find_element(self._item_amount)\nbase/seleniumbase.py:17: in find_element\n    return self.driver.find_element(*locator)\n/usr/local/lib/python3.11/site-packages/selenium/webdriver/remote/webdriver.py:740: in find_element\n    return self.execute(Command.FIND_ELEMENT, {\"using\": by, \"value\": value})[\"value\"]\n/usr/local/lib/python3.11/site-packages/selenium/webdriver/remote/webdriver.py:346: in execute\n    self.error_handler.check_response(response)\n_ _ _ _ _ _ _ _ _ _ _ _ _ _ _ _ _ _ _ _ _ _ _ _ _ _ _ _ _ _ _ _ _ _ _ _ _ _ _ _ \n\nself = <selenium.webdriver.remote.errorhandler.ErrorHandler object at 0x7fdea3dbd050>\nresponse = {'status': 404, 'value': '{\"value\":{\"error\":\"no such element\",\"message\":\"no such element: Unable to locate element: {\\...\\\\n#16 0x55617befd917 \\\\u003Cunknown>\\\\n#17 0x55617bf0e773 \\\\u003Cunknown>\\\\n#18 0x7ff0b3df4044 \\\\u003Cunknown>\\\\n\"}}'}\n\n    def check_response(self, response: Dict[str, Any]) -> None:\n        \"\"\"Checks that a JSON response from the WebDriver does not have an\n        error.\n    \n        :Args:\n         - response - The JSON response from the WebDriver server as a dictionary\n           object.\n    \n        :Raises: If the response contains an error message.\n        \"\"\"\n        status = response.get(\"status\", None)\n        if not status or status == ErrorCode.SUCCESS:\n            return\n        value = None\n        message = response.get(\"message\", \"\")\n        screen: str = response.get(\"screen\", \"\")\n        stacktrace = None\n        if isinstance(status, int):\n            value_json = response.get(\"value\", None)\n            if value_json and isinstance(value_json, str):\n                import json\n    \n                try:\n                    value = json.loads(value_json)\n                    if len(value) == 1:\n                        value = value[\"value\"]\n                    status = value.get(\"error\", None)\n                    if not status:\n                        status = value.get(\"status\", ErrorCode.UNKNOWN_ERROR)\n                        message = value.get(\"value\") or value.get(\"message\")\n                        if not isinstance(message, str):\n                            value = message\n                            message = message.get(\"message\")\n                    else:\n                        message = value.get(\"message\", None)\n                except ValueError:\n                    pass\n    \n        exception_class: Type[WebDriverException]\n        if status in ErrorCode.NO_SUCH_ELEMENT:\n            exception_class = NoSuchElementException\n        elif status in ErrorCode.NO_SUCH_FRAME:\n            exception_class = NoSuchFrameException\n        elif status in ErrorCode.NO_SUCH_SHADOW_ROOT:\n            exception_class = NoSuchShadowRootException\n        elif status in ErrorCode.NO_SUCH_WINDOW:\n            exception_class = NoSuchWindowException\n        elif status in ErrorCode.STALE_ELEMENT_REFERENCE:\n            exception_class = StaleElementReferenceException\n        elif status in ErrorCode.ELEMENT_NOT_VISIBLE:\n            exception_class = ElementNotVisibleException\n        elif status in ErrorCode.INVALID_ELEMENT_STATE:\n            exception_class = InvalidElementStateException\n        elif (\n            status in ErrorCode.INVALID_SELECTOR\n            or status in ErrorCode.INVALID_XPATH_SELECTOR\n            or status in ErrorCode.INVALID_XPATH_SELECTOR_RETURN_TYPER\n        ):\n            exception_class = InvalidSelectorException\n        elif status in ErrorCode.ELEMENT_IS_NOT_SELECTABLE:\n            exception_class = ElementNotSelectableException\n        elif status in ErrorCode.ELEMENT_NOT_INTERACTABLE:\n            exception_class = ElementNotInteractableException\n        elif status in ErrorCode.INVALID_COOKIE_DOMAIN:\n            exception_class = InvalidCookieDomainException\n        elif status in ErrorCode.UNABLE_TO_SET_COOKIE:\n            exception_class = UnableToSetCookieException\n        elif status in ErrorCode.TIMEOUT:\n            exception_class = TimeoutException\n        elif status in ErrorCode.SCRIPT_TIMEOUT:\n            exception_class = TimeoutException\n        elif status in ErrorCode.UNKNOWN_ERROR:\n            exception_class = WebDriverException\n        elif status in ErrorCode.UNEXPECTED_ALERT_OPEN:\n            exception_class = UnexpectedAlertPresentException\n        elif status in ErrorCode.NO_ALERT_OPEN:\n            exception_class = NoAlertPresentException\n        elif status in ErrorCode.IME_NOT_AVAILABLE:\n            exception_class = ImeNotAvailableException\n        elif status in ErrorCode.IME_ENGINE_ACTIVATION_FAILED:\n            exception_class = ImeActivationFailedException\n        elif status in ErrorCode.MOVE_TARGET_OUT_OF_BOUNDS:\n            exception_class = MoveTargetOutOfBoundsException\n        elif status in ErrorCode.JAVASCRIPT_ERROR:\n            exception_class = JavascriptException\n        elif status in ErrorCode.SESSION_NOT_CREATED:\n            exception_class = SessionNotCreatedException\n        elif status in ErrorCode.INVALID_ARGUMENT:\n            exception_class = InvalidArgumentException\n        elif status in ErrorCode.NO_SUCH_COOKIE:\n            exception_class = NoSuchCookieException\n        elif status in ErrorCode.UNABLE_TO_CAPTURE_SCREEN:\n            exception_class = ScreenshotException\n        elif status in ErrorCode.ELEMENT_CLICK_INTERCEPTED:\n            exception_class = ElementClickInterceptedException\n        elif status in ErrorCode.INSECURE_CERTIFICATE:\n            exception_class = InsecureCertificateException\n        elif status in ErrorCode.INVALID_COORDINATES:\n            exception_class = InvalidCoordinatesException\n        elif status in ErrorCode.INVALID_SESSION_ID:\n            exception_class = InvalidSessionIdException\n        elif status in ErrorCode.UNKNOWN_METHOD:\n            exception_class = UnknownMethodException\n        else:\n            exception_class = WebDriverException\n        if not value:\n            value = response[\"value\"]\n        if isinstance(value, str):\n            raise exception_class(value)\n        if message == \"\" and \"message\" in value:\n            message = value[\"message\"]\n    \n        screen = None  # type: ignore[assignment]\n        if \"screen\" in value:\n            screen = value[\"screen\"]\n    \n        stacktrace = None\n        st_value = value.get(\"stackTrace\") or value.get(\"stacktrace\")\n        if st_value:\n            if isinstance(st_value, str):\n                stacktrace = st_value.split(\"\\n\")\n            else:\n                stacktrace = []\n                try:\n                    for frame in st_value:\n                        line = frame.get(\"lineNumber\", \"\")\n                        file = frame.get(\"fileName\", \"<anonymous>\")\n                        if line:\n                            file = f\"{file}:{line}\"\n                        meth = frame.get(\"methodName\", \"<anonymous>\")\n                        if \"className\" in frame:\n                            meth = f\"{frame['className']}.{meth}\"\n                        msg = \"    at %s (%s)\"\n                        msg = msg % (meth, file)\n                        stacktrace.append(msg)\n                except TypeError:\n                    pass\n        if exception_class == UnexpectedAlertPresentException:\n            alert_text = None\n            if \"data\" in value:\n                alert_text = value[\"data\"].get(\"text\")\n            elif \"alert\" in value:\n                alert_text = value[\"alert\"].get(\"text\")\n            raise exception_class(message, screen, stacktrace, alert_text)  # type: ignore[call-arg]  # mypy is not smart enough here\n>       raise exception_class(message, screen, stacktrace)\nE       selenium.common.exceptions.NoSuchElementException: Message: no such element: Unable to locate element: {\"method\":\"xpath\",\"selector\":\"//input[@class='amount']\"}\nE         (Session info: headless chrome=119.0.6045.105); For documentation on this error, please visit: https://www.selenium.dev/documentation/webdriver/troubleshooting/errors#no-such-element-exception\nE       Stacktrace:\nE       #0 0x55617bf0f5e3 <unknown>\nE       #1 0x55617bbd20b7 <unknown>\nE       #2 0x55617bc1ff53 <unknown>\nE       #3 0x55617bc20051 <unknown>\nE       #4 0x55617bc659c4 <unknown>\nE       #5 0x55617bc46f1d <unknown>\nE       #6 0x55617bc62b3d <unknown>\nE       #7 0x55617bc46cc3 <unknown>\nE       #8 0x55617bc120e4 <unknown>\nE       #9 0x55617bc130ae <unknown>\nE       #10 0x55617bed5ce1 <unknown>\nE       #11 0x55617bed9b7e <unknown>\nE       #12 0x55617bec34b5 <unknown>\nE       #13 0x55617beda7d6 <unknown>\nE       #14 0x55617bea6dbf <unknown>\nE       #15 0x55617befd748 <unknown>\nE       #16 0x55617befd917 <unknown>\nE       #17 0x55617bf0e773 <unknown>\nE       #18 0x7ff0b3df4044 <unknown>\n\n/usr/local/lib/python3.11/site-packages/selenium/webdriver/remote/errorhandler.py:245: NoSuchElementException","steps":[{"name":"Добавляем товар в корзину в количестве 206","time":{"start":1700010637465,"stop":1700010637521,"duration":56},"status":"broken","statusMessage":"selenium.common.exceptions.NoSuchElementException: Message: no such element: Unable to locate element: {\"method\":\"xpath\",\"selector\":\"//input[@class='amount']\"}\n  (Session info: headless chrome=119.0.6045.105); For documentation on this error, please visit: https://www.selenium.dev/documentation/webdriver/troubleshooting/errors#no-such-element-exception\nStacktrace:\n#0 0x55617bf0f5e3 <unknown>\n#1 0x55617bbd20b7 <unknown>\n#2 0x55617bc1ff53 <unknown>\n#3 0x55617bc20051 <unknown>\n#4 0x55617bc659c4 <unknown>\n#5 0x55617bc46f1d <unknown>\n#6 0x55617bc62b3d <unknown>\n#7 0x55617bc46cc3 <unknown>\n#8 0x55617bc120e4 <unknown>\n#9 0x55617bc130ae <unknown>\n#10 0x55617bed5ce1 <unknown>\n#11 0x55617bed9b7e <unknown>\n#12 0x55617bec34b5 <unknown>\n#13 0x55617beda7d6 <unknown>\n#14 0x55617bea6dbf <unknown>\n#15 0x55617befd748 <unknown>\n#16 0x55617befd917 <unknown>\n#17 0x55617bf0e773 <unknown>\n#18 0x7ff0b3df4044 <unknown>\n\n","statusTrace":"  File \"/usr/local/lib/python3.11/site-packages/allure_commons/_allure.py\", line 192, in impl\n    return func(*a, **kw)\n           ^^^^^^^^^^^^^^\n  File \"/app/pages/item_page.py\", line 41, in add_item_to_cart\n    amount_field = self.find_element(self._item_amount)\n                   ^^^^^^^^^^^^^^^^^^^^^^^^^^^^^^^^^^^^\n  File \"/app/base/seleniumbase.py\", line 17, in find_element\n    return self.driver.find_element(*locator)\n           ^^^^^^^^^^^^^^^^^^^^^^^^^^^^^^^^^^\n  File \"/usr/local/lib/python3.11/site-packages/selenium/webdriver/remote/webdriver.py\", line 740, in find_element\n    return self.execute(Command.FIND_ELEMENT, {\"using\": by, \"value\": value})[\"value\"]\n           ^^^^^^^^^^^^^^^^^^^^^^^^^^^^^^^^^^^^^^^^^^^^^^^^^^^^^^^^^^^^^^^^^\n  File \"/usr/local/lib/python3.11/site-packages/selenium/webdriver/remote/webdriver.py\", line 346, in execute\n    self.error_handler.check_response(response)\n  File \"/usr/local/lib/python3.11/site-packages/selenium/webdriver/remote/errorhandler.py\", line 245, in check_response\n    raise exception_class(message, screen, stacktrace)\n","steps":[],"attachments":[],"parameters":[{"name":"amount","value":"206"}],"shouldDisplayMessage":true,"stepsCount":0,"attachmentsCount":0,"hasContent":true}],"attachments":[{"uid":"bcec9f2be093501","name":"Screenshot","source":"bcec9f2be093501.png","type":"image/png","size":115178},{"uid":"f10382fb049b6363","name":"HTML source","source":"f10382fb049b6363.html","type":"text/html","size":303988}],"parameters":[],"shouldDisplayMessage":true,"stepsCount":1,"attachmentsCount":2,"hasContent":true},"afterStages":[{"name":"driver::0","time":{"start":1700010637668,"stop":1700010637728,"duration":60},"status":"passed","steps":[],"attachments":[],"parameters":[],"shouldDisplayMessage":false,"stepsCount":0,"attachmentsCount":0,"hasContent":false},{"name":"setup::0","time":{"start":1700010637668,"stop":1700010637668,"duration":0},"status":"passed","steps":[],"attachments":[],"parameters":[],"shouldDisplayMessage":false,"stepsCount":0,"attachmentsCount":0,"hasContent":false}],"labels":[{"name":"epic","value":"Delivery Page - calculation"},{"name":"tag","value":"smoke"},{"name":"tag","value":"@pytest.mark.xfail(reson='Цена доставки 3600 7960 8980')"},{"name":"parentSuite","value":"tests.delivery"},{"name":"suite","value":"test_delivery_calculation"},{"name":"subSuite","value":"TestDeliveryPageCalculation"},{"name":"host","value":"6fe52928e9ff"},{"name":"thread","value":"1-MainThread"},{"name":"framework","value":"pytest"},{"name":"language","value":"cpython3"},{"name":"package","value":"tests.delivery.test_delivery_calculation"},{"name":"resultFormat","value":"allure2"}],"parameters":[{"name":"all_time","value":"6120"},{"name":"amount","value":"206"},{"name":"case_id","value":"'TD 010'"},{"name":"in_time","value":"5570"},{"name":"link_item","value":"'products/shtukaturka-gipsovaya-aksolit-m50-30-kg-mashinnogo-naneseniya'"},{"name":"standard","value":"2900"},{"name":"url","value":"'https://sandboxtest.stroyrem-nn.ru/'"},{"name":"weight","value":"6200"}],"links":[],"hidden":false,"retry":false,"extra":{"severity":"normal","retries":[],"categories":[],"history":{"statistic":{"failed":0,"broken":0,"skipped":77,"passed":0,"unknown":0,"total":77},"items":[{"uid":"8bcfd60cabddae5d","reportUrl":"https://zaelcovsky.github.io/StroyremAutomation/140//#testresult/8bcfd60cabddae5d","status":"skipped","statusDetails":"XFAIL\n\nselenium.common.exceptions.NoSuchElementException: Message: no such element: Unable to locate element: {\"method\":\"xpath\",\"selector\":\"//input[@class='amount']\"}\n  (Session info: headless chrome=119.0.6045.105); For documentation on this error, please visit: https://www.selenium.dev/documentation/webdriver/troubleshooting/errors#no-such-element-exception\nStacktrace:\n#0 0x563744d025e3 <unknown>\n#1 0x5637449c50b7 <unknown>\n#2 0x563744a12f53 <unknown>\n#3 0x563744a13051 <unknown>\n#4 0x563744a589c4 <unknown>\n#5 0x563744a39f1d <unknown>\n#6 0x563744a55b3d <unknown>\n#7 0x563744a39cc3 <unknown>\n#8 0x563744a050e4 <unknown>\n#9 0x563744a060ae <unknown>\n#10 0x563744cc8ce1 <unknown>\n#11 0x563744cccb7e <unknown>\n#12 0x563744cb64b5 <unknown>\n#13 0x563744ccd7d6 <unknown>\n#14 0x563744c99dbf <unknown>\n#15 0x563744cf0748 <unknown>\n#16 0x563744cf0917 <unknown>\n#17 0x563744d01773 <unknown>\n#18 0x7f46fb3a5044 <unknown>","time":{"start":1699924250813,"stop":1699924255358,"duration":4545}},{"uid":"e882d6048ed59f08","reportUrl":"https://zaelcovsky.github.io/StroyremAutomation/139//#testresult/e882d6048ed59f08","status":"skipped","statusDetails":"XFAIL\n\nselenium.common.exceptions.NoSuchElementException: Message: no such element: Unable to locate element: {\"method\":\"xpath\",\"selector\":\"//input[@class='amount']\"}\n  (Session info: headless chrome=119.0.6045.105); For documentation on this error, please visit: https://www.selenium.dev/documentation/webdriver/troubleshooting/errors#no-such-element-exception\nStacktrace:\n#0 0x55cb6c2325e3 <unknown>\n#1 0x55cb6bef50b7 <unknown>\n#2 0x55cb6bf42f53 <unknown>\n#3 0x55cb6bf43051 <unknown>\n#4 0x55cb6bf889c4 <unknown>\n#5 0x55cb6bf69f1d <unknown>\n#6 0x55cb6bf85b3d <unknown>\n#7 0x55cb6bf69cc3 <unknown>\n#8 0x55cb6bf350e4 <unknown>\n#9 0x55cb6bf360ae <unknown>\n#10 0x55cb6c1f8ce1 <unknown>\n#11 0x55cb6c1fcb7e <unknown>\n#12 0x55cb6c1e64b5 <unknown>\n#13 0x55cb6c1fd7d6 <unknown>\n#14 0x55cb6c1c9dbf <unknown>\n#15 0x55cb6c220748 <unknown>\n#16 0x55cb6c220917 <unknown>\n#17 0x55cb6c231773 <unknown>\n#18 0x7f55f1619044 <unknown>","time":{"start":1699837921111,"stop":1699837924579,"duration":3468}},{"uid":"aebbf1ba35f5c753","reportUrl":"https://zaelcovsky.github.io/StroyremAutomation/138//#testresult/aebbf1ba35f5c753","status":"skipped","statusDetails":"XFAIL\n\nselenium.common.exceptions.NoSuchElementException: Message: no such element: Unable to locate element: {\"method\":\"xpath\",\"selector\":\"//input[@class='amount']\"}\n  (Session info: headless chrome=119.0.6045.105); For documentation on this error, please visit: https://www.selenium.dev/documentation/webdriver/troubleshooting/errors#no-such-element-exception\nStacktrace:\n#0 0x55febde995e3 <unknown>\n#1 0x55febdb5c0b7 <unknown>\n#2 0x55febdba9f53 <unknown>\n#3 0x55febdbaa051 <unknown>\n#4 0x55febdbef9c4 <unknown>\n#5 0x55febdbd0f1d <unknown>\n#6 0x55febdbecb3d <unknown>\n#7 0x55febdbd0cc3 <unknown>\n#8 0x55febdb9c0e4 <unknown>\n#9 0x55febdb9d0ae <unknown>\n#10 0x55febde5fce1 <unknown>\n#11 0x55febde63b7e <unknown>\n#12 0x55febde4d4b5 <unknown>\n#13 0x55febde647d6 <unknown>\n#14 0x55febde30dbf <unknown>\n#15 0x55febde87748 <unknown>\n#16 0x55febde87917 <unknown>\n#17 0x55febde98773 <unknown>\n#18 0x7fa2eeb9c044 <unknown>","time":{"start":1699751723093,"stop":1699751727432,"duration":4339}},{"uid":"2d26bd16dbb0e3b8","reportUrl":"https://zaelcovsky.github.io/StroyremAutomation/137//#testresult/2d26bd16dbb0e3b8","status":"skipped","statusDetails":"XFAIL\n\nselenium.common.exceptions.NoSuchElementException: Message: no such element: Unable to locate element: {\"method\":\"xpath\",\"selector\":\"//input[@class='amount']\"}\n  (Session info: headless chrome=119.0.6045.105); For documentation on this error, please visit: https://www.selenium.dev/documentation/webdriver/troubleshooting/errors#no-such-element-exception\nStacktrace:\n#0 0x559ac0aae5e3 <unknown>\n#1 0x559ac07710b7 <unknown>\n#2 0x559ac07bef53 <unknown>\n#3 0x559ac07bf051 <unknown>\n#4 0x559ac08049c4 <unknown>\n#5 0x559ac07e5f1d <unknown>\n#6 0x559ac0801b3d <unknown>\n#7 0x559ac07e5cc3 <unknown>\n#8 0x559ac07b10e4 <unknown>\n#9 0x559ac07b20ae <unknown>\n#10 0x559ac0a74ce1 <unknown>\n#11 0x559ac0a78b7e <unknown>\n#12 0x559ac0a624b5 <unknown>\n#13 0x559ac0a797d6 <unknown>\n#14 0x559ac0a45dbf <unknown>\n#15 0x559ac0a9c748 <unknown>\n#16 0x559ac0a9c917 <unknown>\n#17 0x559ac0aad773 <unknown>\n#18 0x7f7f58152044 <unknown>","time":{"start":1699664900235,"stop":1699664903961,"duration":3726}},{"uid":"4f1acde1b806db7a","reportUrl":"https://zaelcovsky.github.io/StroyremAutomation/136//#testresult/4f1acde1b806db7a","status":"skipped","statusDetails":"XFAIL\n\nselenium.common.exceptions.NoSuchElementException: Message: no such element: Unable to locate element: {\"method\":\"xpath\",\"selector\":\"//input[@class='amount']\"}\n  (Session info: headless chrome=119.0.6045.105); For documentation on this error, please visit: https://www.selenium.dev/documentation/webdriver/troubleshooting/errors#no-such-element-exception\nStacktrace:\n#0 0x561e0a9785e3 <unknown>\n#1 0x561e0a63b0b7 <unknown>\n#2 0x561e0a688f53 <unknown>\n#3 0x561e0a689051 <unknown>\n#4 0x561e0a6ce9c4 <unknown>\n#5 0x561e0a6aff1d <unknown>\n#6 0x561e0a6cbb3d <unknown>\n#7 0x561e0a6afcc3 <unknown>\n#8 0x561e0a67b0e4 <unknown>\n#9 0x561e0a67c0ae <unknown>\n#10 0x561e0a93ece1 <unknown>\n#11 0x561e0a942b7e <unknown>\n#12 0x561e0a92c4b5 <unknown>\n#13 0x561e0a9437d6 <unknown>\n#14 0x561e0a90fdbf <unknown>\n#15 0x561e0a966748 <unknown>\n#16 0x561e0a966917 <unknown>\n#17 0x561e0a977773 <unknown>\n#18 0x7f5589ed5044 <unknown>","time":{"start":1699578625755,"stop":1699578630399,"duration":4644}},{"uid":"d1b215db752336b4","reportUrl":"https://zaelcovsky.github.io/StroyremAutomation/135//#testresult/d1b215db752336b4","status":"skipped","statusDetails":"XFAIL\n\nselenium.common.exceptions.NoSuchElementException: Message: no such element: Unable to locate element: {\"method\":\"xpath\",\"selector\":\"//input[@class='amount']\"}\n  (Session info: headless chrome=119.0.6045.105); For documentation on this error, please visit: https://www.selenium.dev/documentation/webdriver/troubleshooting/errors#no-such-element-exception\nStacktrace:\n#0 0x5652cc3ad5e3 <unknown>\n#1 0x5652cc0700b7 <unknown>\n#2 0x5652cc0bdf53 <unknown>\n#3 0x5652cc0be051 <unknown>\n#4 0x5652cc1039c4 <unknown>\n#5 0x5652cc0e4f1d <unknown>\n#6 0x5652cc100b3d <unknown>\n#7 0x5652cc0e4cc3 <unknown>\n#8 0x5652cc0b00e4 <unknown>\n#9 0x5652cc0b10ae <unknown>\n#10 0x5652cc373ce1 <unknown>\n#11 0x5652cc377b7e <unknown>\n#12 0x5652cc3614b5 <unknown>\n#13 0x5652cc3787d6 <unknown>\n#14 0x5652cc344dbf <unknown>\n#15 0x5652cc39b748 <unknown>\n#16 0x5652cc39b917 <unknown>\n#17 0x5652cc3ac773 <unknown>\n#18 0x7f81e020a044 <unknown>","time":{"start":1699492229897,"stop":1699492233613,"duration":3716}},{"uid":"9190b395c1926da4","reportUrl":"https://zaelcovsky.github.io/StroyremAutomation/134//#testresult/9190b395c1926da4","status":"skipped","statusDetails":"XFAIL\n\nselenium.common.exceptions.NoSuchElementException: Message: no such element: Unable to locate element: {\"method\":\"xpath\",\"selector\":\"//input[@class='amount']\"}\n  (Session info: headless chrome=119.0.6045.105); For documentation on this error, please visit: https://www.selenium.dev/documentation/webdriver/troubleshooting/errors#no-such-element-exception\nStacktrace:\n#0 0x55dcdee9b5e3 <unknown>\n#1 0x55dcdeb5e0b7 <unknown>\n#2 0x55dcdebabf53 <unknown>\n#3 0x55dcdebac051 <unknown>\n#4 0x55dcdebf19c4 <unknown>\n#5 0x55dcdebd2f1d <unknown>\n#6 0x55dcdebeeb3d <unknown>\n#7 0x55dcdebd2cc3 <unknown>\n#8 0x55dcdeb9e0e4 <unknown>\n#9 0x55dcdeb9f0ae <unknown>\n#10 0x55dcdee61ce1 <unknown>\n#11 0x55dcdee65b7e <unknown>\n#12 0x55dcdee4f4b5 <unknown>\n#13 0x55dcdee667d6 <unknown>\n#14 0x55dcdee32dbf <unknown>\n#15 0x55dcdee89748 <unknown>\n#16 0x55dcdee89917 <unknown>\n#17 0x55dcdee9a773 <unknown>\n#18 0x7f95bf7ea044 <unknown>","time":{"start":1699405760179,"stop":1699405763896,"duration":3717}},{"uid":"abae1f1d354de1ba","reportUrl":"https://zaelcovsky.github.io/StroyremAutomation/133//#testresult/abae1f1d354de1ba","status":"skipped","statusDetails":"XFAIL\n\nselenium.common.exceptions.NoSuchElementException: Message: no such element: Unable to locate element: {\"method\":\"xpath\",\"selector\":\"//input[@class='amount']\"}\n  (Session info: headless chrome=119.0.6045.105); For documentation on this error, please visit: https://www.selenium.dev/documentation/webdriver/troubleshooting/errors#no-such-element-exception\nStacktrace:\n#0 0x5631f10ee5e3 <unknown>\n#1 0x5631f0db10b7 <unknown>\n#2 0x5631f0dfef53 <unknown>\n#3 0x5631f0dff051 <unknown>\n#4 0x5631f0e449c4 <unknown>\n#5 0x5631f0e25f1d <unknown>\n#6 0x5631f0e41b3d <unknown>\n#7 0x5631f0e25cc3 <unknown>\n#8 0x5631f0df10e4 <unknown>\n#9 0x5631f0df20ae <unknown>\n#10 0x5631f10b4ce1 <unknown>\n#11 0x5631f10b8b7e <unknown>\n#12 0x5631f10a24b5 <unknown>\n#13 0x5631f10b97d6 <unknown>\n#14 0x5631f1085dbf <unknown>\n#15 0x5631f10dc748 <unknown>\n#16 0x5631f10dc917 <unknown>\n#17 0x5631f10ed773 <unknown>\n#18 0x7f344e624044 <unknown>","time":{"start":1699319460575,"stop":1699319465286,"duration":4711}},{"uid":"7a2458005e60ab35","reportUrl":"https://zaelcovsky.github.io/StroyremAutomation/132//#testresult/7a2458005e60ab35","status":"skipped","statusDetails":"XFAIL\n\nselenium.common.exceptions.NoSuchElementException: Message: no such element: Unable to locate element: {\"method\":\"xpath\",\"selector\":\"//input[@class='amount']\"}\n  (Session info: headless chrome=119.0.6045.105); For documentation on this error, please visit: https://www.selenium.dev/documentation/webdriver/troubleshooting/errors#no-such-element-exception\nStacktrace:\n#0 0x564506f905e3 <unknown>\n#1 0x564506c530b7 <unknown>\n#2 0x564506ca0f53 <unknown>\n#3 0x564506ca1051 <unknown>\n#4 0x564506ce69c4 <unknown>\n#5 0x564506cc7f1d <unknown>\n#6 0x564506ce3b3d <unknown>\n#7 0x564506cc7cc3 <unknown>\n#8 0x564506c930e4 <unknown>\n#9 0x564506c940ae <unknown>\n#10 0x564506f56ce1 <unknown>\n#11 0x564506f5ab7e <unknown>\n#12 0x564506f444b5 <unknown>\n#13 0x564506f5b7d6 <unknown>\n#14 0x564506f27dbf <unknown>\n#15 0x564506f7e748 <unknown>\n#16 0x564506f7e917 <unknown>\n#17 0x564506f8f773 <unknown>\n#18 0x7fa247e76044 <unknown>","time":{"start":1699233107746,"stop":1699233112229,"duration":4483}},{"uid":"699a52d8c67e6813","reportUrl":"https://zaelcovsky.github.io/StroyremAutomation/131//#testresult/699a52d8c67e6813","status":"skipped","statusDetails":"XFAIL\n\nselenium.common.exceptions.NoSuchElementException: Message: no such element: Unable to locate element: {\"method\":\"xpath\",\"selector\":\"//input[@class='amount']\"}\n  (Session info: headless chrome=119.0.6045.105); For documentation on this error, please visit: https://www.selenium.dev/documentation/webdriver/troubleshooting/errors#no-such-element-exception\nStacktrace:\n#0 0x5651d02aa5e3 <unknown>\n#1 0x5651cff6d0b7 <unknown>\n#2 0x5651cffbaf53 <unknown>\n#3 0x5651cffbb051 <unknown>\n#4 0x5651d00009c4 <unknown>\n#5 0x5651cffe1f1d <unknown>\n#6 0x5651cfffdb3d <unknown>\n#7 0x5651cffe1cc3 <unknown>\n#8 0x5651cffad0e4 <unknown>\n#9 0x5651cffae0ae <unknown>\n#10 0x5651d0270ce1 <unknown>\n#11 0x5651d0274b7e <unknown>\n#12 0x5651d025e4b5 <unknown>\n#13 0x5651d02757d6 <unknown>\n#14 0x5651d0241dbf <unknown>\n#15 0x5651d0298748 <unknown>\n#16 0x5651d0298917 <unknown>\n#17 0x5651d02a9773 <unknown>\n#18 0x7f4469cd5044 <unknown>","time":{"start":1699146860367,"stop":1699146866239,"duration":5872}},{"uid":"3a20f8295293d79e","reportUrl":"https://zaelcovsky.github.io/StroyremAutomation/130//#testresult/3a20f8295293d79e","status":"skipped","statusDetails":"XFAIL\n\nselenium.common.exceptions.NoSuchElementException: Message: no such element: Unable to locate element: {\"method\":\"xpath\",\"selector\":\"//input[@class='amount']\"}\n  (Session info: headless chrome=119.0.6045.105); For documentation on this error, please visit: https://www.selenium.dev/documentation/webdriver/troubleshooting/errors#no-such-element-exception\nStacktrace:\n#0 0x55650a6a75e3 <unknown>\n#1 0x55650a36a0b7 <unknown>\n#2 0x55650a3b7f53 <unknown>\n#3 0x55650a3b8051 <unknown>\n#4 0x55650a3fd9c4 <unknown>\n#5 0x55650a3def1d <unknown>\n#6 0x55650a3fab3d <unknown>\n#7 0x55650a3decc3 <unknown>\n#8 0x55650a3aa0e4 <unknown>\n#9 0x55650a3ab0ae <unknown>\n#10 0x55650a66dce1 <unknown>\n#11 0x55650a671b7e <unknown>\n#12 0x55650a65b4b5 <unknown>\n#13 0x55650a6727d6 <unknown>\n#14 0x55650a63edbf <unknown>\n#15 0x55650a695748 <unknown>\n#16 0x55650a695917 <unknown>\n#17 0x55650a6a6773 <unknown>\n#18 0x7ff522b18044 <unknown>","time":{"start":1699060157117,"stop":1699060162051,"duration":4934}},{"uid":"359d5e88f7c4a5b4","reportUrl":"https://zaelcovsky.github.io/StroyremAutomation/129//#testresult/359d5e88f7c4a5b4","status":"skipped","statusDetails":"XFAIL\n\nselenium.common.exceptions.NoSuchElementException: Message: no such element: Unable to locate element: {\"method\":\"xpath\",\"selector\":\"//input[@class='amount']\"}\n  (Session info: headless chrome=119.0.6045.105); For documentation on this error, please visit: https://www.selenium.dev/documentation/webdriver/troubleshooting/errors#no-such-element-exception\nStacktrace:\n#0 0x55f8186f75e3 <unknown>\n#1 0x55f8183ba0b7 <unknown>\n#2 0x55f818407f53 <unknown>\n#3 0x55f818408051 <unknown>\n#4 0x55f81844d9c4 <unknown>\n#5 0x55f81842ef1d <unknown>\n#6 0x55f81844ab3d <unknown>\n#7 0x55f81842ecc3 <unknown>\n#8 0x55f8183fa0e4 <unknown>\n#9 0x55f8183fb0ae <unknown>\n#10 0x55f8186bdce1 <unknown>\n#11 0x55f8186c1b7e <unknown>\n#12 0x55f8186ab4b5 <unknown>\n#13 0x55f8186c27d6 <unknown>\n#14 0x55f81868edbf <unknown>\n#15 0x55f8186e5748 <unknown>\n#16 0x55f8186e5917 <unknown>\n#17 0x55f8186f6773 <unknown>\n#18 0x7f20a68e3044 <unknown>","time":{"start":1698973742403,"stop":1698973747499,"duration":5096}},{"uid":"c5bbaeecd85d4e52","reportUrl":"https://zaelcovsky.github.io/StroyremAutomation/128//#testresult/c5bbaeecd85d4e52","status":"skipped","statusDetails":"XFAIL\n\nselenium.common.exceptions.NoSuchElementException: Message: no such element: Unable to locate element: {\"method\":\"xpath\",\"selector\":\"//input[@class='amount']\"}\n  (Session info: headless chrome=119.0.6045.105); For documentation on this error, please visit: https://www.selenium.dev/documentation/webdriver/troubleshooting/errors#no-such-element-exception\nStacktrace:\n#0 0x55629c57f5e3 <unknown>\n#1 0x55629c2420b7 <unknown>\n#2 0x55629c28ff53 <unknown>\n#3 0x55629c290051 <unknown>\n#4 0x55629c2d59c4 <unknown>\n#5 0x55629c2b6f1d <unknown>\n#6 0x55629c2d2b3d <unknown>\n#7 0x55629c2b6cc3 <unknown>\n#8 0x55629c2820e4 <unknown>\n#9 0x55629c2830ae <unknown>\n#10 0x55629c545ce1 <unknown>\n#11 0x55629c549b7e <unknown>\n#12 0x55629c5334b5 <unknown>\n#13 0x55629c54a7d6 <unknown>\n#14 0x55629c516dbf <unknown>\n#15 0x55629c56d748 <unknown>\n#16 0x55629c56d917 <unknown>\n#17 0x55629c57e773 <unknown>\n#18 0x7f82b9c59044 <unknown>","time":{"start":1698887325521,"stop":1698887330398,"duration":4877}},{"uid":"d9e43d94269dd675","reportUrl":"https://zaelcovsky.github.io/StroyremAutomation/127//#testresult/d9e43d94269dd675","status":"skipped","statusDetails":"XFAIL\n\nselenium.common.exceptions.NoSuchElementException: Message: no such element: Unable to locate element: {\"method\":\"xpath\",\"selector\":\"//input[@class='amount']\"}\n  (Session info: headless chrome=119.0.6045.105); For documentation on this error, please visit: https://www.selenium.dev/documentation/webdriver/troubleshooting/errors#no-such-element-exception\nStacktrace:\n#0 0x55b21ede65e3 <unknown>\n#1 0x55b21eaa90b7 <unknown>\n#2 0x55b21eaf6f53 <unknown>\n#3 0x55b21eaf7051 <unknown>\n#4 0x55b21eb3c9c4 <unknown>\n#5 0x55b21eb1df1d <unknown>\n#6 0x55b21eb39b3d <unknown>\n#7 0x55b21eb1dcc3 <unknown>\n#8 0x55b21eae90e4 <unknown>\n#9 0x55b21eaea0ae <unknown>\n#10 0x55b21edacce1 <unknown>\n#11 0x55b21edb0b7e <unknown>\n#12 0x55b21ed9a4b5 <unknown>\n#13 0x55b21edb17d6 <unknown>\n#14 0x55b21ed7ddbf <unknown>\n#15 0x55b21edd4748 <unknown>\n#16 0x55b21edd4917 <unknown>\n#17 0x55b21ede5773 <unknown>\n#18 0x7fe86b663044 <unknown>","time":{"start":1698801215697,"stop":1698801220834,"duration":5137}},{"uid":"bcc8cd8f50a5630","reportUrl":"https://zaelcovsky.github.io/StroyremAutomation/126//#testresult/bcc8cd8f50a5630","status":"skipped","statusDetails":"XFAIL\n\nselenium.common.exceptions.NoSuchElementException: Message: no such element: Unable to locate element: {\"method\":\"xpath\",\"selector\":\"//input[@class='amount']\"}\n  (Session info: headless chrome=118.0.5993.70); For documentation on this error, please visit: https://www.selenium.dev/documentation/webdriver/troubleshooting/errors#no-such-element-exception\nStacktrace:\n#0 0x55b6699ebfb3 <unknown>\n#1 0x55b6696bf4a7 <unknown>\n#2 0x55b669706dd6 <unknown>\n#3 0x55b669706ec1 <unknown>\n#4 0x55b669744354 <unknown>\n#5 0x55b66972896d <unknown>\n#6 0x55b669741c02 <unknown>\n#7 0x55b669728713 <unknown>\n#8 0x55b6696fb18b <unknown>\n#9 0x55b6696fbf7e <unknown>\n#10 0x55b6699b18d8 <unknown>\n#11 0x55b6699b5800 <unknown>\n#12 0x55b6699bfcfc <unknown>\n#13 0x55b6699b6418 <unknown>\n#14 0x55b66998342f <unknown>\n#15 0x55b6699da4e8 <unknown>\n#16 0x55b6699da6b4 <unknown>\n#17 0x55b6699eb143 <unknown>\n#18 0x7f9d5701d044 <unknown>","time":{"start":1698714556608,"stop":1698714560724,"duration":4116}},{"uid":"764be0da339b22a0","reportUrl":"https://zaelcovsky.github.io/StroyremAutomation/125//#testresult/764be0da339b22a0","status":"skipped","statusDetails":"XFAIL\n\nselenium.common.exceptions.NoSuchElementException: Message: no such element: Unable to locate element: {\"method\":\"xpath\",\"selector\":\"//input[@class='amount']\"}\n  (Session info: headless chrome=118.0.5993.70); For documentation on this error, please visit: https://www.selenium.dev/documentation/webdriver/troubleshooting/errors#no-such-element-exception\nStacktrace:\n#0 0x564e37be3fb3 <unknown>\n#1 0x564e378b74a7 <unknown>\n#2 0x564e378fedd6 <unknown>\n#3 0x564e378feec1 <unknown>\n#4 0x564e3793c354 <unknown>\n#5 0x564e3792096d <unknown>\n#6 0x564e37939c02 <unknown>\n#7 0x564e37920713 <unknown>\n#8 0x564e378f318b <unknown>\n#9 0x564e378f3f7e <unknown>\n#10 0x564e37ba98d8 <unknown>\n#11 0x564e37bad800 <unknown>\n#12 0x564e37bb7cfc <unknown>\n#13 0x564e37bae418 <unknown>\n#14 0x564e37b7b42f <unknown>\n#15 0x564e37bd24e8 <unknown>\n#16 0x564e37bd26b4 <unknown>\n#17 0x564e37be3143 <unknown>\n#18 0x7f0563376044 <unknown>","time":{"start":1698628128850,"stop":1698628133497,"duration":4647}},{"uid":"6e5d2e71e7f0c663","reportUrl":"https://zaelcovsky.github.io/StroyremAutomation/124//#testresult/6e5d2e71e7f0c663","status":"skipped","statusDetails":"XFAIL\n\nselenium.common.exceptions.NoSuchElementException: Message: no such element: Unable to locate element: {\"method\":\"xpath\",\"selector\":\"//input[@class='amount']\"}\n  (Session info: headless chrome=118.0.5993.70); For documentation on this error, please visit: https://www.selenium.dev/documentation/webdriver/troubleshooting/errors#no-such-element-exception\nStacktrace:\n#0 0x565294220fb3 <unknown>\n#1 0x565293ef44a7 <unknown>\n#2 0x565293f3bdd6 <unknown>\n#3 0x565293f3bec1 <unknown>\n#4 0x565293f79354 <unknown>\n#5 0x565293f5d96d <unknown>\n#6 0x565293f76c02 <unknown>\n#7 0x565293f5d713 <unknown>\n#8 0x565293f3018b <unknown>\n#9 0x565293f30f7e <unknown>\n#10 0x5652941e68d8 <unknown>\n#11 0x5652941ea800 <unknown>\n#12 0x5652941f4cfc <unknown>\n#13 0x5652941eb418 <unknown>\n#14 0x5652941b842f <unknown>\n#15 0x56529420f4e8 <unknown>\n#16 0x56529420f6b4 <unknown>\n#17 0x565294220143 <unknown>\n#18 0x7f2faf20c044 <unknown>","time":{"start":1698541913585,"stop":1698541917461,"duration":3876}},{"uid":"463527a8f318e5bf","reportUrl":"https://zaelcovsky.github.io/StroyremAutomation/123//#testresult/463527a8f318e5bf","status":"skipped","statusDetails":"XFAIL\n\nselenium.common.exceptions.NoSuchElementException: Message: no such element: Unable to locate element: {\"method\":\"xpath\",\"selector\":\"//input[@class='amount']\"}\n  (Session info: headless chrome=118.0.5993.70); For documentation on this error, please visit: https://www.selenium.dev/documentation/webdriver/troubleshooting/errors#no-such-element-exception\nStacktrace:\n#0 0x56394405efb3 <unknown>\n#1 0x563943d324a7 <unknown>\n#2 0x563943d79dd6 <unknown>\n#3 0x563943d79ec1 <unknown>\n#4 0x563943db7354 <unknown>\n#5 0x563943d9b96d <unknown>\n#6 0x563943db4c02 <unknown>\n#7 0x563943d9b713 <unknown>\n#8 0x563943d6e18b <unknown>\n#9 0x563943d6ef7e <unknown>\n#10 0x5639440248d8 <unknown>\n#11 0x563944028800 <unknown>\n#12 0x563944032cfc <unknown>\n#13 0x563944029418 <unknown>\n#14 0x563943ff642f <unknown>\n#15 0x56394404d4e8 <unknown>\n#16 0x56394404d6b4 <unknown>\n#17 0x56394405e143 <unknown>\n#18 0x7f7ddd0de044 <unknown>","time":{"start":1698455227589,"stop":1698455232686,"duration":5097}},{"uid":"620ac038bf530fc3","reportUrl":"https://zaelcovsky.github.io/StroyremAutomation/122//#testresult/620ac038bf530fc3","status":"skipped","statusDetails":"XFAIL\n\nselenium.common.exceptions.NoSuchElementException: Message: no such element: Unable to locate element: {\"method\":\"xpath\",\"selector\":\"//input[@class='amount']\"}\n  (Session info: headless chrome=118.0.5993.70); For documentation on this error, please visit: https://www.selenium.dev/documentation/webdriver/troubleshooting/errors#no-such-element-exception\nStacktrace:\n#0 0x560a745b1fb3 <unknown>\n#1 0x560a742854a7 <unknown>\n#2 0x560a742ccdd6 <unknown>\n#3 0x560a742ccec1 <unknown>\n#4 0x560a7430a354 <unknown>\n#5 0x560a742ee96d <unknown>\n#6 0x560a74307c02 <unknown>\n#7 0x560a742ee713 <unknown>\n#8 0x560a742c118b <unknown>\n#9 0x560a742c1f7e <unknown>\n#10 0x560a745778d8 <unknown>\n#11 0x560a7457b800 <unknown>\n#12 0x560a74585cfc <unknown>\n#13 0x560a7457c418 <unknown>\n#14 0x560a7454942f <unknown>\n#15 0x560a745a04e8 <unknown>\n#16 0x560a745a06b4 <unknown>\n#17 0x560a745b1143 <unknown>\n#18 0x7fe57803b044 <unknown>","time":{"start":1698368859613,"stop":1698368867535,"duration":7922}},{"uid":"782a7145774ded5e","reportUrl":"https://zaelcovsky.github.io/StroyremAutomation/121//#testresult/782a7145774ded5e","status":"skipped","statusDetails":"XFAIL\n\nselenium.common.exceptions.NoSuchElementException: Message: no such element: Unable to locate element: {\"method\":\"xpath\",\"selector\":\"//input[@class='amount']\"}\n  (Session info: headless chrome=118.0.5993.70); For documentation on this error, please visit: https://www.selenium.dev/documentation/webdriver/troubleshooting/errors#no-such-element-exception\nStacktrace:\n#0 0x5597d5c54fb3 <unknown>\n#1 0x5597d59284a7 <unknown>\n#2 0x5597d596fdd6 <unknown>\n#3 0x5597d596fec1 <unknown>\n#4 0x5597d59ad354 <unknown>\n#5 0x5597d599196d <unknown>\n#6 0x5597d59aac02 <unknown>\n#7 0x5597d5991713 <unknown>\n#8 0x5597d596418b <unknown>\n#9 0x5597d5964f7e <unknown>\n#10 0x5597d5c1a8d8 <unknown>\n#11 0x5597d5c1e800 <unknown>\n#12 0x5597d5c28cfc <unknown>\n#13 0x5597d5c1f418 <unknown>\n#14 0x5597d5bec42f <unknown>\n#15 0x5597d5c434e8 <unknown>\n#16 0x5597d5c436b4 <unknown>\n#17 0x5597d5c54143 <unknown>\n#18 0x7f32c1586044 <unknown>","time":{"start":1698282470955,"stop":1698282475288,"duration":4333}}]},"tags":["@pytest.mark.xfail(reson='Цена доставки 3600 7960 8980')","smoke"]},"source":"c02f8c3cd2fd5351.json","parameterValues":["6120","206","'TD 010'","5570","'products/shtukaturka-gipsovaya-aksolit-m50-30-kg-mashinnogo-naneseniya'","2900","'https://sandboxtest.stroyrem-nn.ru/'","6200"]}