{"uid":"4e1cd3a6ffd71910","name":"test_positive_delivery_green_zone_smoke[TD 004-products/shtukaturka-gipsovaya-aksolit-m50-30-kg-mashinnogo-naneseniya-13-400-450-1590-2190-https://sandboxtest.stroyrem-nn.ru/]","fullName":"tests.delivery.test_delivery_calculation.TestDeliveryPageCalculation#test_positive_delivery_green_zone_smoke","historyId":"ce812b2a55ed9f6130bedf202fa509e3","time":{"start":1701306660110,"stop":1701306664148,"duration":4038},"status":"broken","statusMessage":"selenium.common.exceptions.NoSuchElementException: Message: no such element: Unable to locate element: {\"method\":\"xpath\",\"selector\":\"//input[@class='amount']\"}\n  (Session info: headless chrome=119.0.6045.105); For documentation on this error, please visit: https://www.selenium.dev/documentation/webdriver/troubleshooting/errors#no-such-element-exception\nStacktrace:\n#0 0x555877cdf5e3 <unknown>\n#1 0x5558779a20b7 <unknown>\n#2 0x5558779eff53 <unknown>\n#3 0x5558779f0051 <unknown>\n#4 0x555877a359c4 <unknown>\n#5 0x555877a16f1d <unknown>\n#6 0x555877a32b3d <unknown>\n#7 0x555877a16cc3 <unknown>\n#8 0x5558779e20e4 <unknown>\n#9 0x5558779e30ae <unknown>\n#10 0x555877ca5ce1 <unknown>\n#11 0x555877ca9b7e <unknown>\n#12 0x555877c934b5 <unknown>\n#13 0x555877caa7d6 <unknown>\n#14 0x555877c76dbf <unknown>\n#15 0x555877ccd748 <unknown>\n#16 0x555877ccd917 <unknown>\n#17 0x555877cde773 <unknown>\n#18 0x7f07d2a70044 <unknown>","statusTrace":"self = <tests.delivery.test_delivery_calculation.TestDeliveryPageCalculation object at 0x7ff0129ca690>\ndriver = <selenium.webdriver.chrome.webdriver.WebDriver (session=\"4ce76bf85a3cfa9d6a4d1a8034d47dd3\")>\nurl = 'https://sandboxtest.stroyrem-nn.ru/', case_id = 'TD 004'\nlink_item = 'products/shtukaturka-gipsovaya-aksolit-m50-30-kg-mashinnogo-naneseniya'\namount = 13, weight = 400, standard = 450, in_time = 1590, all_time = 2190\n\n    @pytest.mark.parametrize('case_id, link_item, amount, weight, standard, in_time, all_time', [\n        (\"TD 001\", uroven_3000, 1, 30, 0, 1590, 2190),\n        (\"TD 002\", bundeks_25, 1, 30, 400, 1590, 2190),\n        (\"TD 003\", aksolit_30, 8, 300, 400, 1590, 2190),\n        (\"TD 004\", aksolit_30, 13, 400, 450, 1590, 2190),\n        (\"TD 005\", aksolit_30, 16, 500, 600, 1590, 2190),\n        (\"TD 006\", aksolit_30, 25, 1700, 990, 1990, 2480),\n        (\"TD 007\", aksolit_30, 66, 2000, 1300, 2490, 2980),\n        (\"TD 008\", aksolit_30, 149, 4500, 2300, 3980, 4490),\n        (\"TD 009\", aksolit_30, 166, 5000, 2500, 4990, 5480),\n        pytest.param(\n            \"TD 010\", aksolit_30, 206, 6200, 2900, 5570, 6120,\n            marks=pytest.mark.xfail(reson=\"Цена доставки 3600 7960 8980\")\n        ),\n        (\"TD 011\", aksolit_30, 299, 9000, 3600, 7960, 8980),\n        (\"TD 012\", aksolit_30, 333, 10000, 4450, 11990, 12500),\n        pytest.param(\n            \"TD 013\", aksolit_30, 366, 11000, 4800, 12450, 13480,\n            marks=pytest.mark.xfail(reason=\"Цена стандартной доставки 4450\")\n        ),\n        pytest.param(\n            \"TD 014\", aksolit_30, 666, 20000, 5400, 15600, 17490,\n            marks=pytest.mark.xfail(reason=\"Цена стандартной доставки 4450\")\n        )\n    ])\n    @pytest.mark.smoke\n    def test_positive_delivery_green_zone_smoke(\n            self, driver, url, case_id, link_item, amount, weight, standard, in_time, all_time\n    ):\n    \n        driver.get(f'{url}{link_item}')\n        item_page = ItemPage(driver)\n>       item_page.add_item_to_cart(amount).click_on_cart()\n\ntests/delivery/test_delivery_calculation.py:49: \n_ _ _ _ _ _ _ _ _ _ _ _ _ _ _ _ _ _ _ _ _ _ _ _ _ _ _ _ _ _ _ _ _ _ _ _ _ _ _ _ \npages/item_page.py:41: in add_item_to_cart\n    amount_field = self.find_element(self._item_amount)\nbase/seleniumbase.py:17: in find_element\n    return self.driver.find_element(*locator)\n/usr/local/lib/python3.11/site-packages/selenium/webdriver/remote/webdriver.py:740: in find_element\n    return self.execute(Command.FIND_ELEMENT, {\"using\": by, \"value\": value})[\"value\"]\n/usr/local/lib/python3.11/site-packages/selenium/webdriver/remote/webdriver.py:346: in execute\n    self.error_handler.check_response(response)\n_ _ _ _ _ _ _ _ _ _ _ _ _ _ _ _ _ _ _ _ _ _ _ _ _ _ _ _ _ _ _ _ _ _ _ _ _ _ _ _ \n\nself = <selenium.webdriver.remote.errorhandler.ErrorHandler object at 0x7ff0122007d0>\nresponse = {'status': 404, 'value': '{\"value\":{\"error\":\"no such element\",\"message\":\"no such element: Unable to locate element: {\\...\\\\n#16 0x555877ccd917 \\\\u003Cunknown>\\\\n#17 0x555877cde773 \\\\u003Cunknown>\\\\n#18 0x7f07d2a70044 \\\\u003Cunknown>\\\\n\"}}'}\n\n    def check_response(self, response: Dict[str, Any]) -> None:\n        \"\"\"Checks that a JSON response from the WebDriver does not have an\n        error.\n    \n        :Args:\n         - response - The JSON response from the WebDriver server as a dictionary\n           object.\n    \n        :Raises: If the response contains an error message.\n        \"\"\"\n        status = response.get(\"status\", None)\n        if not status or status == ErrorCode.SUCCESS:\n            return\n        value = None\n        message = response.get(\"message\", \"\")\n        screen: str = response.get(\"screen\", \"\")\n        stacktrace = None\n        if isinstance(status, int):\n            value_json = response.get(\"value\", None)\n            if value_json and isinstance(value_json, str):\n                import json\n    \n                try:\n                    value = json.loads(value_json)\n                    if len(value) == 1:\n                        value = value[\"value\"]\n                    status = value.get(\"error\", None)\n                    if not status:\n                        status = value.get(\"status\", ErrorCode.UNKNOWN_ERROR)\n                        message = value.get(\"value\") or value.get(\"message\")\n                        if not isinstance(message, str):\n                            value = message\n                            message = message.get(\"message\")\n                    else:\n                        message = value.get(\"message\", None)\n                except ValueError:\n                    pass\n    \n        exception_class: Type[WebDriverException]\n        if status in ErrorCode.NO_SUCH_ELEMENT:\n            exception_class = NoSuchElementException\n        elif status in ErrorCode.NO_SUCH_FRAME:\n            exception_class = NoSuchFrameException\n        elif status in ErrorCode.NO_SUCH_SHADOW_ROOT:\n            exception_class = NoSuchShadowRootException\n        elif status in ErrorCode.NO_SUCH_WINDOW:\n            exception_class = NoSuchWindowException\n        elif status in ErrorCode.STALE_ELEMENT_REFERENCE:\n            exception_class = StaleElementReferenceException\n        elif status in ErrorCode.ELEMENT_NOT_VISIBLE:\n            exception_class = ElementNotVisibleException\n        elif status in ErrorCode.INVALID_ELEMENT_STATE:\n            exception_class = InvalidElementStateException\n        elif (\n            status in ErrorCode.INVALID_SELECTOR\n            or status in ErrorCode.INVALID_XPATH_SELECTOR\n            or status in ErrorCode.INVALID_XPATH_SELECTOR_RETURN_TYPER\n        ):\n            exception_class = InvalidSelectorException\n        elif status in ErrorCode.ELEMENT_IS_NOT_SELECTABLE:\n            exception_class = ElementNotSelectableException\n        elif status in ErrorCode.ELEMENT_NOT_INTERACTABLE:\n            exception_class = ElementNotInteractableException\n        elif status in ErrorCode.INVALID_COOKIE_DOMAIN:\n            exception_class = InvalidCookieDomainException\n        elif status in ErrorCode.UNABLE_TO_SET_COOKIE:\n            exception_class = UnableToSetCookieException\n        elif status in ErrorCode.TIMEOUT:\n            exception_class = TimeoutException\n        elif status in ErrorCode.SCRIPT_TIMEOUT:\n            exception_class = TimeoutException\n        elif status in ErrorCode.UNKNOWN_ERROR:\n            exception_class = WebDriverException\n        elif status in ErrorCode.UNEXPECTED_ALERT_OPEN:\n            exception_class = UnexpectedAlertPresentException\n        elif status in ErrorCode.NO_ALERT_OPEN:\n            exception_class = NoAlertPresentException\n        elif status in ErrorCode.IME_NOT_AVAILABLE:\n            exception_class = ImeNotAvailableException\n        elif status in ErrorCode.IME_ENGINE_ACTIVATION_FAILED:\n            exception_class = ImeActivationFailedException\n        elif status in ErrorCode.MOVE_TARGET_OUT_OF_BOUNDS:\n            exception_class = MoveTargetOutOfBoundsException\n        elif status in ErrorCode.JAVASCRIPT_ERROR:\n            exception_class = JavascriptException\n        elif status in ErrorCode.SESSION_NOT_CREATED:\n            exception_class = SessionNotCreatedException\n        elif status in ErrorCode.INVALID_ARGUMENT:\n            exception_class = InvalidArgumentException\n        elif status in ErrorCode.NO_SUCH_COOKIE:\n            exception_class = NoSuchCookieException\n        elif status in ErrorCode.UNABLE_TO_CAPTURE_SCREEN:\n            exception_class = ScreenshotException\n        elif status in ErrorCode.ELEMENT_CLICK_INTERCEPTED:\n            exception_class = ElementClickInterceptedException\n        elif status in ErrorCode.INSECURE_CERTIFICATE:\n            exception_class = InsecureCertificateException\n        elif status in ErrorCode.INVALID_COORDINATES:\n            exception_class = InvalidCoordinatesException\n        elif status in ErrorCode.INVALID_SESSION_ID:\n            exception_class = InvalidSessionIdException\n        elif status in ErrorCode.UNKNOWN_METHOD:\n            exception_class = UnknownMethodException\n        else:\n            exception_class = WebDriverException\n        if not value:\n            value = response[\"value\"]\n        if isinstance(value, str):\n            raise exception_class(value)\n        if message == \"\" and \"message\" in value:\n            message = value[\"message\"]\n    \n        screen = None  # type: ignore[assignment]\n        if \"screen\" in value:\n            screen = value[\"screen\"]\n    \n        stacktrace = None\n        st_value = value.get(\"stackTrace\") or value.get(\"stacktrace\")\n        if st_value:\n            if isinstance(st_value, str):\n                stacktrace = st_value.split(\"\\n\")\n            else:\n                stacktrace = []\n                try:\n                    for frame in st_value:\n                        line = frame.get(\"lineNumber\", \"\")\n                        file = frame.get(\"fileName\", \"<anonymous>\")\n                        if line:\n                            file = f\"{file}:{line}\"\n                        meth = frame.get(\"methodName\", \"<anonymous>\")\n                        if \"className\" in frame:\n                            meth = f\"{frame['className']}.{meth}\"\n                        msg = \"    at %s (%s)\"\n                        msg = msg % (meth, file)\n                        stacktrace.append(msg)\n                except TypeError:\n                    pass\n        if exception_class == UnexpectedAlertPresentException:\n            alert_text = None\n            if \"data\" in value:\n                alert_text = value[\"data\"].get(\"text\")\n            elif \"alert\" in value:\n                alert_text = value[\"alert\"].get(\"text\")\n            raise exception_class(message, screen, stacktrace, alert_text)  # type: ignore[call-arg]  # mypy is not smart enough here\n>       raise exception_class(message, screen, stacktrace)\nE       selenium.common.exceptions.NoSuchElementException: Message: no such element: Unable to locate element: {\"method\":\"xpath\",\"selector\":\"//input[@class='amount']\"}\nE         (Session info: headless chrome=119.0.6045.105); For documentation on this error, please visit: https://www.selenium.dev/documentation/webdriver/troubleshooting/errors#no-such-element-exception\nE       Stacktrace:\nE       #0 0x555877cdf5e3 <unknown>\nE       #1 0x5558779a20b7 <unknown>\nE       #2 0x5558779eff53 <unknown>\nE       #3 0x5558779f0051 <unknown>\nE       #4 0x555877a359c4 <unknown>\nE       #5 0x555877a16f1d <unknown>\nE       #6 0x555877a32b3d <unknown>\nE       #7 0x555877a16cc3 <unknown>\nE       #8 0x5558779e20e4 <unknown>\nE       #9 0x5558779e30ae <unknown>\nE       #10 0x555877ca5ce1 <unknown>\nE       #11 0x555877ca9b7e <unknown>\nE       #12 0x555877c934b5 <unknown>\nE       #13 0x555877caa7d6 <unknown>\nE       #14 0x555877c76dbf <unknown>\nE       #15 0x555877ccd748 <unknown>\nE       #16 0x555877ccd917 <unknown>\nE       #17 0x555877cde773 <unknown>\nE       #18 0x7f07d2a70044 <unknown>\n\n/usr/local/lib/python3.11/site-packages/selenium/webdriver/remote/errorhandler.py:245: NoSuchElementException","flaky":false,"newFailed":false,"newBroken":false,"newPassed":false,"retriesCount":0,"retriesStatusChange":false,"beforeStages":[{"name":"_session_faker","time":{"start":1701306248421,"stop":1701306248491,"duration":70},"status":"passed","steps":[],"attachments":[],"parameters":[],"shouldDisplayMessage":false,"stepsCount":0,"attachmentsCount":0,"hasContent":false},{"name":"clear_allure_results_folder","time":{"start":1701306248491,"stop":1701306248491,"duration":0},"status":"passed","steps":[],"attachments":[],"parameters":[],"shouldDisplayMessage":false,"stepsCount":0,"attachmentsCount":0,"hasContent":false},{"name":"driver","time":{"start":1701306659378,"stop":1701306660109,"duration":731},"status":"passed","steps":[],"attachments":[],"parameters":[],"shouldDisplayMessage":false,"stepsCount":0,"attachmentsCount":0,"hasContent":false},{"name":"setup","time":{"start":1701306660109,"stop":1701306660109,"duration":0},"status":"passed","steps":[],"attachments":[],"parameters":[],"shouldDisplayMessage":false,"stepsCount":0,"attachmentsCount":0,"hasContent":false}],"testStage":{"status":"broken","statusMessage":"selenium.common.exceptions.NoSuchElementException: Message: no such element: Unable to locate element: {\"method\":\"xpath\",\"selector\":\"//input[@class='amount']\"}\n  (Session info: headless chrome=119.0.6045.105); For documentation on this error, please visit: https://www.selenium.dev/documentation/webdriver/troubleshooting/errors#no-such-element-exception\nStacktrace:\n#0 0x555877cdf5e3 <unknown>\n#1 0x5558779a20b7 <unknown>\n#2 0x5558779eff53 <unknown>\n#3 0x5558779f0051 <unknown>\n#4 0x555877a359c4 <unknown>\n#5 0x555877a16f1d <unknown>\n#6 0x555877a32b3d <unknown>\n#7 0x555877a16cc3 <unknown>\n#8 0x5558779e20e4 <unknown>\n#9 0x5558779e30ae <unknown>\n#10 0x555877ca5ce1 <unknown>\n#11 0x555877ca9b7e <unknown>\n#12 0x555877c934b5 <unknown>\n#13 0x555877caa7d6 <unknown>\n#14 0x555877c76dbf <unknown>\n#15 0x555877ccd748 <unknown>\n#16 0x555877ccd917 <unknown>\n#17 0x555877cde773 <unknown>\n#18 0x7f07d2a70044 <unknown>","statusTrace":"self = <tests.delivery.test_delivery_calculation.TestDeliveryPageCalculation object at 0x7ff0129ca690>\ndriver = <selenium.webdriver.chrome.webdriver.WebDriver (session=\"4ce76bf85a3cfa9d6a4d1a8034d47dd3\")>\nurl = 'https://sandboxtest.stroyrem-nn.ru/', case_id = 'TD 004'\nlink_item = 'products/shtukaturka-gipsovaya-aksolit-m50-30-kg-mashinnogo-naneseniya'\namount = 13, weight = 400, standard = 450, in_time = 1590, all_time = 2190\n\n    @pytest.mark.parametrize('case_id, link_item, amount, weight, standard, in_time, all_time', [\n        (\"TD 001\", uroven_3000, 1, 30, 0, 1590, 2190),\n        (\"TD 002\", bundeks_25, 1, 30, 400, 1590, 2190),\n        (\"TD 003\", aksolit_30, 8, 300, 400, 1590, 2190),\n        (\"TD 004\", aksolit_30, 13, 400, 450, 1590, 2190),\n        (\"TD 005\", aksolit_30, 16, 500, 600, 1590, 2190),\n        (\"TD 006\", aksolit_30, 25, 1700, 990, 1990, 2480),\n        (\"TD 007\", aksolit_30, 66, 2000, 1300, 2490, 2980),\n        (\"TD 008\", aksolit_30, 149, 4500, 2300, 3980, 4490),\n        (\"TD 009\", aksolit_30, 166, 5000, 2500, 4990, 5480),\n        pytest.param(\n            \"TD 010\", aksolit_30, 206, 6200, 2900, 5570, 6120,\n            marks=pytest.mark.xfail(reson=\"Цена доставки 3600 7960 8980\")\n        ),\n        (\"TD 011\", aksolit_30, 299, 9000, 3600, 7960, 8980),\n        (\"TD 012\", aksolit_30, 333, 10000, 4450, 11990, 12500),\n        pytest.param(\n            \"TD 013\", aksolit_30, 366, 11000, 4800, 12450, 13480,\n            marks=pytest.mark.xfail(reason=\"Цена стандартной доставки 4450\")\n        ),\n        pytest.param(\n            \"TD 014\", aksolit_30, 666, 20000, 5400, 15600, 17490,\n            marks=pytest.mark.xfail(reason=\"Цена стандартной доставки 4450\")\n        )\n    ])\n    @pytest.mark.smoke\n    def test_positive_delivery_green_zone_smoke(\n            self, driver, url, case_id, link_item, amount, weight, standard, in_time, all_time\n    ):\n    \n        driver.get(f'{url}{link_item}')\n        item_page = ItemPage(driver)\n>       item_page.add_item_to_cart(amount).click_on_cart()\n\ntests/delivery/test_delivery_calculation.py:49: \n_ _ _ _ _ _ _ _ _ _ _ _ _ _ _ _ _ _ _ _ _ _ _ _ _ _ _ _ _ _ _ _ _ _ _ _ _ _ _ _ \npages/item_page.py:41: in add_item_to_cart\n    amount_field = self.find_element(self._item_amount)\nbase/seleniumbase.py:17: in find_element\n    return self.driver.find_element(*locator)\n/usr/local/lib/python3.11/site-packages/selenium/webdriver/remote/webdriver.py:740: in find_element\n    return self.execute(Command.FIND_ELEMENT, {\"using\": by, \"value\": value})[\"value\"]\n/usr/local/lib/python3.11/site-packages/selenium/webdriver/remote/webdriver.py:346: in execute\n    self.error_handler.check_response(response)\n_ _ _ _ _ _ _ _ _ _ _ _ _ _ _ _ _ _ _ _ _ _ _ _ _ _ _ _ _ _ _ _ _ _ _ _ _ _ _ _ \n\nself = <selenium.webdriver.remote.errorhandler.ErrorHandler object at 0x7ff0122007d0>\nresponse = {'status': 404, 'value': '{\"value\":{\"error\":\"no such element\",\"message\":\"no such element: Unable to locate element: {\\...\\\\n#16 0x555877ccd917 \\\\u003Cunknown>\\\\n#17 0x555877cde773 \\\\u003Cunknown>\\\\n#18 0x7f07d2a70044 \\\\u003Cunknown>\\\\n\"}}'}\n\n    def check_response(self, response: Dict[str, Any]) -> None:\n        \"\"\"Checks that a JSON response from the WebDriver does not have an\n        error.\n    \n        :Args:\n         - response - The JSON response from the WebDriver server as a dictionary\n           object.\n    \n        :Raises: If the response contains an error message.\n        \"\"\"\n        status = response.get(\"status\", None)\n        if not status or status == ErrorCode.SUCCESS:\n            return\n        value = None\n        message = response.get(\"message\", \"\")\n        screen: str = response.get(\"screen\", \"\")\n        stacktrace = None\n        if isinstance(status, int):\n            value_json = response.get(\"value\", None)\n            if value_json and isinstance(value_json, str):\n                import json\n    \n                try:\n                    value = json.loads(value_json)\n                    if len(value) == 1:\n                        value = value[\"value\"]\n                    status = value.get(\"error\", None)\n                    if not status:\n                        status = value.get(\"status\", ErrorCode.UNKNOWN_ERROR)\n                        message = value.get(\"value\") or value.get(\"message\")\n                        if not isinstance(message, str):\n                            value = message\n                            message = message.get(\"message\")\n                    else:\n                        message = value.get(\"message\", None)\n                except ValueError:\n                    pass\n    \n        exception_class: Type[WebDriverException]\n        if status in ErrorCode.NO_SUCH_ELEMENT:\n            exception_class = NoSuchElementException\n        elif status in ErrorCode.NO_SUCH_FRAME:\n            exception_class = NoSuchFrameException\n        elif status in ErrorCode.NO_SUCH_SHADOW_ROOT:\n            exception_class = NoSuchShadowRootException\n        elif status in ErrorCode.NO_SUCH_WINDOW:\n            exception_class = NoSuchWindowException\n        elif status in ErrorCode.STALE_ELEMENT_REFERENCE:\n            exception_class = StaleElementReferenceException\n        elif status in ErrorCode.ELEMENT_NOT_VISIBLE:\n            exception_class = ElementNotVisibleException\n        elif status in ErrorCode.INVALID_ELEMENT_STATE:\n            exception_class = InvalidElementStateException\n        elif (\n            status in ErrorCode.INVALID_SELECTOR\n            or status in ErrorCode.INVALID_XPATH_SELECTOR\n            or status in ErrorCode.INVALID_XPATH_SELECTOR_RETURN_TYPER\n        ):\n            exception_class = InvalidSelectorException\n        elif status in ErrorCode.ELEMENT_IS_NOT_SELECTABLE:\n            exception_class = ElementNotSelectableException\n        elif status in ErrorCode.ELEMENT_NOT_INTERACTABLE:\n            exception_class = ElementNotInteractableException\n        elif status in ErrorCode.INVALID_COOKIE_DOMAIN:\n            exception_class = InvalidCookieDomainException\n        elif status in ErrorCode.UNABLE_TO_SET_COOKIE:\n            exception_class = UnableToSetCookieException\n        elif status in ErrorCode.TIMEOUT:\n            exception_class = TimeoutException\n        elif status in ErrorCode.SCRIPT_TIMEOUT:\n            exception_class = TimeoutException\n        elif status in ErrorCode.UNKNOWN_ERROR:\n            exception_class = WebDriverException\n        elif status in ErrorCode.UNEXPECTED_ALERT_OPEN:\n            exception_class = UnexpectedAlertPresentException\n        elif status in ErrorCode.NO_ALERT_OPEN:\n            exception_class = NoAlertPresentException\n        elif status in ErrorCode.IME_NOT_AVAILABLE:\n            exception_class = ImeNotAvailableException\n        elif status in ErrorCode.IME_ENGINE_ACTIVATION_FAILED:\n            exception_class = ImeActivationFailedException\n        elif status in ErrorCode.MOVE_TARGET_OUT_OF_BOUNDS:\n            exception_class = MoveTargetOutOfBoundsException\n        elif status in ErrorCode.JAVASCRIPT_ERROR:\n            exception_class = JavascriptException\n        elif status in ErrorCode.SESSION_NOT_CREATED:\n            exception_class = SessionNotCreatedException\n        elif status in ErrorCode.INVALID_ARGUMENT:\n            exception_class = InvalidArgumentException\n        elif status in ErrorCode.NO_SUCH_COOKIE:\n            exception_class = NoSuchCookieException\n        elif status in ErrorCode.UNABLE_TO_CAPTURE_SCREEN:\n            exception_class = ScreenshotException\n        elif status in ErrorCode.ELEMENT_CLICK_INTERCEPTED:\n            exception_class = ElementClickInterceptedException\n        elif status in ErrorCode.INSECURE_CERTIFICATE:\n            exception_class = InsecureCertificateException\n        elif status in ErrorCode.INVALID_COORDINATES:\n            exception_class = InvalidCoordinatesException\n        elif status in ErrorCode.INVALID_SESSION_ID:\n            exception_class = InvalidSessionIdException\n        elif status in ErrorCode.UNKNOWN_METHOD:\n            exception_class = UnknownMethodException\n        else:\n            exception_class = WebDriverException\n        if not value:\n            value = response[\"value\"]\n        if isinstance(value, str):\n            raise exception_class(value)\n        if message == \"\" and \"message\" in value:\n            message = value[\"message\"]\n    \n        screen = None  # type: ignore[assignment]\n        if \"screen\" in value:\n            screen = value[\"screen\"]\n    \n        stacktrace = None\n        st_value = value.get(\"stackTrace\") or value.get(\"stacktrace\")\n        if st_value:\n            if isinstance(st_value, str):\n                stacktrace = st_value.split(\"\\n\")\n            else:\n                stacktrace = []\n                try:\n                    for frame in st_value:\n                        line = frame.get(\"lineNumber\", \"\")\n                        file = frame.get(\"fileName\", \"<anonymous>\")\n                        if line:\n                            file = f\"{file}:{line}\"\n                        meth = frame.get(\"methodName\", \"<anonymous>\")\n                        if \"className\" in frame:\n                            meth = f\"{frame['className']}.{meth}\"\n                        msg = \"    at %s (%s)\"\n                        msg = msg % (meth, file)\n                        stacktrace.append(msg)\n                except TypeError:\n                    pass\n        if exception_class == UnexpectedAlertPresentException:\n            alert_text = None\n            if \"data\" in value:\n                alert_text = value[\"data\"].get(\"text\")\n            elif \"alert\" in value:\n                alert_text = value[\"alert\"].get(\"text\")\n            raise exception_class(message, screen, stacktrace, alert_text)  # type: ignore[call-arg]  # mypy is not smart enough here\n>       raise exception_class(message, screen, stacktrace)\nE       selenium.common.exceptions.NoSuchElementException: Message: no such element: Unable to locate element: {\"method\":\"xpath\",\"selector\":\"//input[@class='amount']\"}\nE         (Session info: headless chrome=119.0.6045.105); For documentation on this error, please visit: https://www.selenium.dev/documentation/webdriver/troubleshooting/errors#no-such-element-exception\nE       Stacktrace:\nE       #0 0x555877cdf5e3 <unknown>\nE       #1 0x5558779a20b7 <unknown>\nE       #2 0x5558779eff53 <unknown>\nE       #3 0x5558779f0051 <unknown>\nE       #4 0x555877a359c4 <unknown>\nE       #5 0x555877a16f1d <unknown>\nE       #6 0x555877a32b3d <unknown>\nE       #7 0x555877a16cc3 <unknown>\nE       #8 0x5558779e20e4 <unknown>\nE       #9 0x5558779e30ae <unknown>\nE       #10 0x555877ca5ce1 <unknown>\nE       #11 0x555877ca9b7e <unknown>\nE       #12 0x555877c934b5 <unknown>\nE       #13 0x555877caa7d6 <unknown>\nE       #14 0x555877c76dbf <unknown>\nE       #15 0x555877ccd748 <unknown>\nE       #16 0x555877ccd917 <unknown>\nE       #17 0x555877cde773 <unknown>\nE       #18 0x7f07d2a70044 <unknown>\n\n/usr/local/lib/python3.11/site-packages/selenium/webdriver/remote/errorhandler.py:245: NoSuchElementException","steps":[{"name":"Добавляем товар в корзину в количестве 13","time":{"start":1701306664092,"stop":1701306664147,"duration":55},"status":"broken","statusMessage":"selenium.common.exceptions.NoSuchElementException: Message: no such element: Unable to locate element: {\"method\":\"xpath\",\"selector\":\"//input[@class='amount']\"}\n  (Session info: headless chrome=119.0.6045.105); For documentation on this error, please visit: https://www.selenium.dev/documentation/webdriver/troubleshooting/errors#no-such-element-exception\nStacktrace:\n#0 0x555877cdf5e3 <unknown>\n#1 0x5558779a20b7 <unknown>\n#2 0x5558779eff53 <unknown>\n#3 0x5558779f0051 <unknown>\n#4 0x555877a359c4 <unknown>\n#5 0x555877a16f1d <unknown>\n#6 0x555877a32b3d <unknown>\n#7 0x555877a16cc3 <unknown>\n#8 0x5558779e20e4 <unknown>\n#9 0x5558779e30ae <unknown>\n#10 0x555877ca5ce1 <unknown>\n#11 0x555877ca9b7e <unknown>\n#12 0x555877c934b5 <unknown>\n#13 0x555877caa7d6 <unknown>\n#14 0x555877c76dbf <unknown>\n#15 0x555877ccd748 <unknown>\n#16 0x555877ccd917 <unknown>\n#17 0x555877cde773 <unknown>\n#18 0x7f07d2a70044 <unknown>\n\n","statusTrace":"  File \"/usr/local/lib/python3.11/site-packages/allure_commons/_allure.py\", line 192, in impl\n    return func(*a, **kw)\n           ^^^^^^^^^^^^^^\n  File \"/app/pages/item_page.py\", line 41, in add_item_to_cart\n    amount_field = self.find_element(self._item_amount)\n                   ^^^^^^^^^^^^^^^^^^^^^^^^^^^^^^^^^^^^\n  File \"/app/base/seleniumbase.py\", line 17, in find_element\n    return self.driver.find_element(*locator)\n           ^^^^^^^^^^^^^^^^^^^^^^^^^^^^^^^^^^\n  File \"/usr/local/lib/python3.11/site-packages/selenium/webdriver/remote/webdriver.py\", line 740, in find_element\n    return self.execute(Command.FIND_ELEMENT, {\"using\": by, \"value\": value})[\"value\"]\n           ^^^^^^^^^^^^^^^^^^^^^^^^^^^^^^^^^^^^^^^^^^^^^^^^^^^^^^^^^^^^^^^^^\n  File \"/usr/local/lib/python3.11/site-packages/selenium/webdriver/remote/webdriver.py\", line 346, in execute\n    self.error_handler.check_response(response)\n  File \"/usr/local/lib/python3.11/site-packages/selenium/webdriver/remote/errorhandler.py\", line 245, in check_response\n    raise exception_class(message, screen, stacktrace)\n","steps":[],"attachments":[],"parameters":[{"name":"amount","value":"13"}],"shouldDisplayMessage":true,"stepsCount":0,"attachmentsCount":0,"hasContent":true}],"attachments":[{"uid":"c5ef9fa8ab4f614","name":"Screenshot","source":"c5ef9fa8ab4f614.png","type":"image/png","size":115178},{"uid":"ef095e75da583c6c","name":"HTML source","source":"ef095e75da583c6c.html","type":"text/html","size":303988}],"parameters":[],"shouldDisplayMessage":true,"stepsCount":1,"attachmentsCount":2,"hasContent":true},"afterStages":[{"name":"setup::0","time":{"start":1701306664281,"stop":1701306664281,"duration":0},"status":"passed","steps":[],"attachments":[],"parameters":[],"shouldDisplayMessage":false,"stepsCount":0,"attachmentsCount":0,"hasContent":false},{"name":"driver::0","time":{"start":1701306664281,"stop":1701306664341,"duration":60},"status":"passed","steps":[],"attachments":[],"parameters":[],"shouldDisplayMessage":false,"stepsCount":0,"attachmentsCount":0,"hasContent":false}],"labels":[{"name":"epic","value":"Delivery Page - calculation"},{"name":"tag","value":"smoke"},{"name":"parentSuite","value":"tests.delivery"},{"name":"suite","value":"test_delivery_calculation"},{"name":"subSuite","value":"TestDeliveryPageCalculation"},{"name":"host","value":"8fc975fab381"},{"name":"thread","value":"1-MainThread"},{"name":"framework","value":"pytest"},{"name":"language","value":"cpython3"},{"name":"package","value":"tests.delivery.test_delivery_calculation"},{"name":"resultFormat","value":"allure2"}],"parameters":[{"name":"all_time","value":"2190"},{"name":"amount","value":"13"},{"name":"case_id","value":"'TD 004'"},{"name":"in_time","value":"1590"},{"name":"link_item","value":"'products/shtukaturka-gipsovaya-aksolit-m50-30-kg-mashinnogo-naneseniya'"},{"name":"standard","value":"450"},{"name":"url","value":"'https://sandboxtest.stroyrem-nn.ru/'"},{"name":"weight","value":"400"}],"links":[],"hidden":false,"retry":false,"extra":{"severity":"normal","retries":[],"categories":[{"name":"Test defects","matchedStatuses":[],"flaky":false}],"history":{"statistic":{"failed":0,"broken":92,"skipped":0,"passed":0,"unknown":0,"total":92},"items":[{"uid":"e4e83ccce1ccd59f","reportUrl":"https://zaelcovsky.github.io/StroyremAutomation/155//#testresult/e4e83ccce1ccd59f","status":"broken","statusDetails":"selenium.common.exceptions.NoSuchElementException: Message: no such element: Unable to locate element: {\"method\":\"xpath\",\"selector\":\"//input[@class='amount']\"}\n  (Session info: headless chrome=119.0.6045.105); For documentation on this error, please visit: https://www.selenium.dev/documentation/webdriver/troubleshooting/errors#no-such-element-exception\nStacktrace:\n#0 0x5605a1c735e3 <unknown>\n#1 0x5605a19360b7 <unknown>\n#2 0x5605a1983f53 <unknown>\n#3 0x5605a1984051 <unknown>\n#4 0x5605a19c99c4 <unknown>\n#5 0x5605a19aaf1d <unknown>\n#6 0x5605a19c6b3d <unknown>\n#7 0x5605a19aacc3 <unknown>\n#8 0x5605a19760e4 <unknown>\n#9 0x5605a19770ae <unknown>\n#10 0x5605a1c39ce1 <unknown>\n#11 0x5605a1c3db7e <unknown>\n#12 0x5605a1c274b5 <unknown>\n#13 0x5605a1c3e7d6 <unknown>\n#14 0x5605a1c0adbf <unknown>\n#15 0x5605a1c61748 <unknown>\n#16 0x5605a1c61917 <unknown>\n#17 0x5605a1c72773 <unknown>\n#18 0x7fc89f4d1044 <unknown>","time":{"start":1701220289081,"stop":1701220292639,"duration":3558}},{"uid":"7b3b6921dbb75f78","reportUrl":"https://zaelcovsky.github.io/StroyremAutomation/154//#testresult/7b3b6921dbb75f78","status":"broken","statusDetails":"selenium.common.exceptions.NoSuchElementException: Message: no such element: Unable to locate element: {\"method\":\"xpath\",\"selector\":\"//input[@class='amount']\"}\n  (Session info: headless chrome=119.0.6045.105); For documentation on this error, please visit: https://www.selenium.dev/documentation/webdriver/troubleshooting/errors#no-such-element-exception\nStacktrace:\n#0 0x560b284a05e3 <unknown>\n#1 0x560b281630b7 <unknown>\n#2 0x560b281b0f53 <unknown>\n#3 0x560b281b1051 <unknown>\n#4 0x560b281f69c4 <unknown>\n#5 0x560b281d7f1d <unknown>\n#6 0x560b281f3b3d <unknown>\n#7 0x560b281d7cc3 <unknown>\n#8 0x560b281a30e4 <unknown>\n#9 0x560b281a40ae <unknown>\n#10 0x560b28466ce1 <unknown>\n#11 0x560b2846ab7e <unknown>\n#12 0x560b284544b5 <unknown>\n#13 0x560b2846b7d6 <unknown>\n#14 0x560b28437dbf <unknown>\n#15 0x560b2848e748 <unknown>\n#16 0x560b2848e917 <unknown>\n#17 0x560b2849f773 <unknown>\n#18 0x7fc7f165a044 <unknown>","time":{"start":1701133899563,"stop":1701133903256,"duration":3693}},{"uid":"ee9323a0fc94fb55","reportUrl":"https://zaelcovsky.github.io/StroyremAutomation/153//#testresult/ee9323a0fc94fb55","status":"broken","statusDetails":"selenium.common.exceptions.NoSuchElementException: Message: no such element: Unable to locate element: {\"method\":\"xpath\",\"selector\":\"//input[@class='amount']\"}\n  (Session info: headless chrome=119.0.6045.105); For documentation on this error, please visit: https://www.selenium.dev/documentation/webdriver/troubleshooting/errors#no-such-element-exception\nStacktrace:\n#0 0x55f811dd25e3 <unknown>\n#1 0x55f811a950b7 <unknown>\n#2 0x55f811ae2f53 <unknown>\n#3 0x55f811ae3051 <unknown>\n#4 0x55f811b289c4 <unknown>\n#5 0x55f811b09f1d <unknown>\n#6 0x55f811b25b3d <unknown>\n#7 0x55f811b09cc3 <unknown>\n#8 0x55f811ad50e4 <unknown>\n#9 0x55f811ad60ae <unknown>\n#10 0x55f811d98ce1 <unknown>\n#11 0x55f811d9cb7e <unknown>\n#12 0x55f811d864b5 <unknown>\n#13 0x55f811d9d7d6 <unknown>\n#14 0x55f811d69dbf <unknown>\n#15 0x55f811dc0748 <unknown>\n#16 0x55f811dc0917 <unknown>\n#17 0x55f811dd1773 <unknown>\n#18 0x7f93e40bc044 <unknown>","time":{"start":1701047505272,"stop":1701047509194,"duration":3922}},{"uid":"4a8d0b07040228cd","reportUrl":"https://zaelcovsky.github.io/StroyremAutomation/152//#testresult/4a8d0b07040228cd","status":"broken","statusDetails":"selenium.common.exceptions.NoSuchElementException: Message: no such element: Unable to locate element: {\"method\":\"xpath\",\"selector\":\"//input[@class='amount']\"}\n  (Session info: headless chrome=119.0.6045.105); For documentation on this error, please visit: https://www.selenium.dev/documentation/webdriver/troubleshooting/errors#no-such-element-exception\nStacktrace:\n#0 0x55c3348e85e3 <unknown>\n#1 0x55c3345ab0b7 <unknown>\n#2 0x55c3345f8f53 <unknown>\n#3 0x55c3345f9051 <unknown>\n#4 0x55c33463e9c4 <unknown>\n#5 0x55c33461ff1d <unknown>\n#6 0x55c33463bb3d <unknown>\n#7 0x55c33461fcc3 <unknown>\n#8 0x55c3345eb0e4 <unknown>\n#9 0x55c3345ec0ae <unknown>\n#10 0x55c3348aece1 <unknown>\n#11 0x55c3348b2b7e <unknown>\n#12 0x55c33489c4b5 <unknown>\n#13 0x55c3348b37d6 <unknown>\n#14 0x55c33487fdbf <unknown>\n#15 0x55c3348d6748 <unknown>\n#16 0x55c3348d6917 <unknown>\n#17 0x55c3348e7773 <unknown>\n#18 0x7f1edcc18044 <unknown>","time":{"start":1700961395361,"stop":1700961400337,"duration":4976}},{"uid":"295dc6ab3e251430","reportUrl":"https://zaelcovsky.github.io/StroyremAutomation/151//#testresult/295dc6ab3e251430","status":"broken","statusDetails":"selenium.common.exceptions.NoSuchElementException: Message: no such element: Unable to locate element: {\"method\":\"xpath\",\"selector\":\"//input[@class='amount']\"}\n  (Session info: headless chrome=119.0.6045.105); For documentation on this error, please visit: https://www.selenium.dev/documentation/webdriver/troubleshooting/errors#no-such-element-exception\nStacktrace:\n#0 0x55ff1c60c5e3 <unknown>\n#1 0x55ff1c2cf0b7 <unknown>\n#2 0x55ff1c31cf53 <unknown>\n#3 0x55ff1c31d051 <unknown>\n#4 0x55ff1c3629c4 <unknown>\n#5 0x55ff1c343f1d <unknown>\n#6 0x55ff1c35fb3d <unknown>\n#7 0x55ff1c343cc3 <unknown>\n#8 0x55ff1c30f0e4 <unknown>\n#9 0x55ff1c3100ae <unknown>\n#10 0x55ff1c5d2ce1 <unknown>\n#11 0x55ff1c5d6b7e <unknown>\n#12 0x55ff1c5c04b5 <unknown>\n#13 0x55ff1c5d77d6 <unknown>\n#14 0x55ff1c5a3dbf <unknown>\n#15 0x55ff1c5fa748 <unknown>\n#16 0x55ff1c5fa917 <unknown>\n#17 0x55ff1c60b773 <unknown>\n#18 0x7f8dccfd2044 <unknown>","time":{"start":1700874510799,"stop":1700874514414,"duration":3615}},{"uid":"e66bdcd930dbd9b8","reportUrl":"https://zaelcovsky.github.io/StroyremAutomation/150//#testresult/e66bdcd930dbd9b8","status":"broken","statusDetails":"selenium.common.exceptions.NoSuchElementException: Message: no such element: Unable to locate element: {\"method\":\"xpath\",\"selector\":\"//input[@class='amount']\"}\n  (Session info: headless chrome=119.0.6045.105); For documentation on this error, please visit: https://www.selenium.dev/documentation/webdriver/troubleshooting/errors#no-such-element-exception\nStacktrace:\n#0 0x55e76e7a05e3 <unknown>\n#1 0x55e76e4630b7 <unknown>\n#2 0x55e76e4b0f53 <unknown>\n#3 0x55e76e4b1051 <unknown>\n#4 0x55e76e4f69c4 <unknown>\n#5 0x55e76e4d7f1d <unknown>\n#6 0x55e76e4f3b3d <unknown>\n#7 0x55e76e4d7cc3 <unknown>\n#8 0x55e76e4a30e4 <unknown>\n#9 0x55e76e4a40ae <unknown>\n#10 0x55e76e766ce1 <unknown>\n#11 0x55e76e76ab7e <unknown>\n#12 0x55e76e7544b5 <unknown>\n#13 0x55e76e76b7d6 <unknown>\n#14 0x55e76e737dbf <unknown>\n#15 0x55e76e78e748 <unknown>\n#16 0x55e76e78e917 <unknown>\n#17 0x55e76e79f773 <unknown>\n#18 0x7f18357ec044 <unknown>","time":{"start":1700788219193,"stop":1700788223297,"duration":4104}},{"uid":"e1bc94db6850359b","reportUrl":"https://zaelcovsky.github.io/StroyremAutomation/149//#testresult/e1bc94db6850359b","status":"broken","statusDetails":"selenium.common.exceptions.NoSuchElementException: Message: no such element: Unable to locate element: {\"method\":\"xpath\",\"selector\":\"//input[@class='amount']\"}\n  (Session info: headless chrome=119.0.6045.105); For documentation on this error, please visit: https://www.selenium.dev/documentation/webdriver/troubleshooting/errors#no-such-element-exception\nStacktrace:\n#0 0x56358d7735e3 <unknown>\n#1 0x56358d4360b7 <unknown>\n#2 0x56358d483f53 <unknown>\n#3 0x56358d484051 <unknown>\n#4 0x56358d4c99c4 <unknown>\n#5 0x56358d4aaf1d <unknown>\n#6 0x56358d4c6b3d <unknown>\n#7 0x56358d4aacc3 <unknown>\n#8 0x56358d4760e4 <unknown>\n#9 0x56358d4770ae <unknown>\n#10 0x56358d739ce1 <unknown>\n#11 0x56358d73db7e <unknown>\n#12 0x56358d7274b5 <unknown>\n#13 0x56358d73e7d6 <unknown>\n#14 0x56358d70adbf <unknown>\n#15 0x56358d761748 <unknown>\n#16 0x56358d761917 <unknown>\n#17 0x56358d772773 <unknown>\n#18 0x7f07f3c9c044 <unknown>","time":{"start":1700701818358,"stop":1700701821967,"duration":3609}},{"uid":"7cb115458f36d50e","reportUrl":"https://zaelcovsky.github.io/StroyremAutomation/148//#testresult/7cb115458f36d50e","status":"broken","statusDetails":"selenium.common.exceptions.NoSuchElementException: Message: no such element: Unable to locate element: {\"method\":\"xpath\",\"selector\":\"//input[@class='amount']\"}\n  (Session info: headless chrome=119.0.6045.105); For documentation on this error, please visit: https://www.selenium.dev/documentation/webdriver/troubleshooting/errors#no-such-element-exception\nStacktrace:\n#0 0x5596ca78a5e3 <unknown>\n#1 0x5596ca44d0b7 <unknown>\n#2 0x5596ca49af53 <unknown>\n#3 0x5596ca49b051 <unknown>\n#4 0x5596ca4e09c4 <unknown>\n#5 0x5596ca4c1f1d <unknown>\n#6 0x5596ca4ddb3d <unknown>\n#7 0x5596ca4c1cc3 <unknown>\n#8 0x5596ca48d0e4 <unknown>\n#9 0x5596ca48e0ae <unknown>\n#10 0x5596ca750ce1 <unknown>\n#11 0x5596ca754b7e <unknown>\n#12 0x5596ca73e4b5 <unknown>\n#13 0x5596ca7557d6 <unknown>\n#14 0x5596ca721dbf <unknown>\n#15 0x5596ca778748 <unknown>\n#16 0x5596ca778917 <unknown>\n#17 0x5596ca789773 <unknown>\n#18 0x7f5ea3bae044 <unknown>","time":{"start":1700615562426,"stop":1700615566115,"duration":3689}},{"uid":"1762f15375dcd55c","reportUrl":"https://zaelcovsky.github.io/StroyremAutomation/147//#testresult/1762f15375dcd55c","status":"broken","statusDetails":"selenium.common.exceptions.NoSuchElementException: Message: no such element: Unable to locate element: {\"method\":\"xpath\",\"selector\":\"//input[@class='amount']\"}\n  (Session info: headless chrome=119.0.6045.105); For documentation on this error, please visit: https://www.selenium.dev/documentation/webdriver/troubleshooting/errors#no-such-element-exception\nStacktrace:\n#0 0x55fb6e4175e3 <unknown>\n#1 0x55fb6e0da0b7 <unknown>\n#2 0x55fb6e127f53 <unknown>\n#3 0x55fb6e128051 <unknown>\n#4 0x55fb6e16d9c4 <unknown>\n#5 0x55fb6e14ef1d <unknown>\n#6 0x55fb6e16ab3d <unknown>\n#7 0x55fb6e14ecc3 <unknown>\n#8 0x55fb6e11a0e4 <unknown>\n#9 0x55fb6e11b0ae <unknown>\n#10 0x55fb6e3ddce1 <unknown>\n#11 0x55fb6e3e1b7e <unknown>\n#12 0x55fb6e3cb4b5 <unknown>\n#13 0x55fb6e3e27d6 <unknown>\n#14 0x55fb6e3aedbf <unknown>\n#15 0x55fb6e405748 <unknown>\n#16 0x55fb6e405917 <unknown>\n#17 0x55fb6e416773 <unknown>\n#18 0x7febcc708044 <unknown>","time":{"start":1700529178494,"stop":1700529182801,"duration":4307}},{"uid":"52f968616372cc26","reportUrl":"https://zaelcovsky.github.io/StroyremAutomation/146//#testresult/52f968616372cc26","status":"broken","statusDetails":"selenium.common.exceptions.NoSuchElementException: Message: no such element: Unable to locate element: {\"method\":\"xpath\",\"selector\":\"//input[@class='amount']\"}\n  (Session info: headless chrome=119.0.6045.105); For documentation on this error, please visit: https://www.selenium.dev/documentation/webdriver/troubleshooting/errors#no-such-element-exception\nStacktrace:\n#0 0x562cbc9ad5e3 <unknown>\n#1 0x562cbc6700b7 <unknown>\n#2 0x562cbc6bdf53 <unknown>\n#3 0x562cbc6be051 <unknown>\n#4 0x562cbc7039c4 <unknown>\n#5 0x562cbc6e4f1d <unknown>\n#6 0x562cbc700b3d <unknown>\n#7 0x562cbc6e4cc3 <unknown>\n#8 0x562cbc6b00e4 <unknown>\n#9 0x562cbc6b10ae <unknown>\n#10 0x562cbc973ce1 <unknown>\n#11 0x562cbc977b7e <unknown>\n#12 0x562cbc9614b5 <unknown>\n#13 0x562cbc9787d6 <unknown>\n#14 0x562cbc944dbf <unknown>\n#15 0x562cbc99b748 <unknown>\n#16 0x562cbc99b917 <unknown>\n#17 0x562cbc9ac773 <unknown>\n#18 0x7f53fcf3c044 <unknown>","time":{"start":1700442707374,"stop":1700442711396,"duration":4022}},{"uid":"d4ad81aa6c2de08c","reportUrl":"https://zaelcovsky.github.io/StroyremAutomation/145//#testresult/d4ad81aa6c2de08c","status":"broken","statusDetails":"selenium.common.exceptions.NoSuchElementException: Message: no such element: Unable to locate element: {\"method\":\"xpath\",\"selector\":\"//input[@class='amount']\"}\n  (Session info: headless chrome=119.0.6045.105); For documentation on this error, please visit: https://www.selenium.dev/documentation/webdriver/troubleshooting/errors#no-such-element-exception\nStacktrace:\n#0 0x561a25d3a5e3 <unknown>\n#1 0x561a259fd0b7 <unknown>\n#2 0x561a25a4af53 <unknown>\n#3 0x561a25a4b051 <unknown>\n#4 0x561a25a909c4 <unknown>\n#5 0x561a25a71f1d <unknown>\n#6 0x561a25a8db3d <unknown>\n#7 0x561a25a71cc3 <unknown>\n#8 0x561a25a3d0e4 <unknown>\n#9 0x561a25a3e0ae <unknown>\n#10 0x561a25d00ce1 <unknown>\n#11 0x561a25d04b7e <unknown>\n#12 0x561a25cee4b5 <unknown>\n#13 0x561a25d057d6 <unknown>\n#14 0x561a25cd1dbf <unknown>\n#15 0x561a25d28748 <unknown>\n#16 0x561a25d28917 <unknown>\n#17 0x561a25d39773 <unknown>\n#18 0x7fa932b03044 <unknown>","time":{"start":1700356498825,"stop":1700356502475,"duration":3650}},{"uid":"148570e51b9bd73c","reportUrl":"https://zaelcovsky.github.io/StroyremAutomation/144//#testresult/148570e51b9bd73c","status":"broken","statusDetails":"selenium.common.exceptions.NoSuchElementException: Message: no such element: Unable to locate element: {\"method\":\"xpath\",\"selector\":\"//input[@class='amount']\"}\n  (Session info: headless chrome=119.0.6045.105); For documentation on this error, please visit: https://www.selenium.dev/documentation/webdriver/troubleshooting/errors#no-such-element-exception\nStacktrace:\n#0 0x56041ab575e3 <unknown>\n#1 0x56041a81a0b7 <unknown>\n#2 0x56041a867f53 <unknown>\n#3 0x56041a868051 <unknown>\n#4 0x56041a8ad9c4 <unknown>\n#5 0x56041a88ef1d <unknown>\n#6 0x56041a8aab3d <unknown>\n#7 0x56041a88ecc3 <unknown>\n#8 0x56041a85a0e4 <unknown>\n#9 0x56041a85b0ae <unknown>\n#10 0x56041ab1dce1 <unknown>\n#11 0x56041ab21b7e <unknown>\n#12 0x56041ab0b4b5 <unknown>\n#13 0x56041ab227d6 <unknown>\n#14 0x56041aaeedbf <unknown>\n#15 0x56041ab45748 <unknown>\n#16 0x56041ab45917 <unknown>\n#17 0x56041ab56773 <unknown>\n#18 0x7f0714619044 <unknown>","time":{"start":1700269890099,"stop":1700269894907,"duration":4808}},{"uid":"5215a53dcd318ef9","reportUrl":"https://zaelcovsky.github.io/StroyremAutomation/143//#testresult/5215a53dcd318ef9","status":"broken","statusDetails":"selenium.common.exceptions.NoSuchElementException: Message: no such element: Unable to locate element: {\"method\":\"xpath\",\"selector\":\"//input[@class='amount']\"}\n  (Session info: headless chrome=119.0.6045.105); For documentation on this error, please visit: https://www.selenium.dev/documentation/webdriver/troubleshooting/errors#no-such-element-exception\nStacktrace:\n#0 0x562fee73f5e3 <unknown>\n#1 0x562fee4020b7 <unknown>\n#2 0x562fee44ff53 <unknown>\n#3 0x562fee450051 <unknown>\n#4 0x562fee4959c4 <unknown>\n#5 0x562fee476f1d <unknown>\n#6 0x562fee492b3d <unknown>\n#7 0x562fee476cc3 <unknown>\n#8 0x562fee4420e4 <unknown>\n#9 0x562fee4430ae <unknown>\n#10 0x562fee705ce1 <unknown>\n#11 0x562fee709b7e <unknown>\n#12 0x562fee6f34b5 <unknown>\n#13 0x562fee70a7d6 <unknown>\n#14 0x562fee6d6dbf <unknown>\n#15 0x562fee72d748 <unknown>\n#16 0x562fee72d917 <unknown>\n#17 0x562fee73e773 <unknown>\n#18 0x7f88f253f044 <unknown>","time":{"start":1700183513258,"stop":1700183517670,"duration":4412}},{"uid":"a1da566794955aef","reportUrl":"https://zaelcovsky.github.io/StroyremAutomation/142//#testresult/a1da566794955aef","status":"broken","statusDetails":"selenium.common.exceptions.NoSuchElementException: Message: no such element: Unable to locate element: {\"method\":\"xpath\",\"selector\":\"//input[@class='amount']\"}\n  (Session info: headless chrome=119.0.6045.105); For documentation on this error, please visit: https://www.selenium.dev/documentation/webdriver/troubleshooting/errors#no-such-element-exception\nStacktrace:\n#0 0x5620ed1fb5e3 <unknown>\n#1 0x5620ecebe0b7 <unknown>\n#2 0x5620ecf0bf53 <unknown>\n#3 0x5620ecf0c051 <unknown>\n#4 0x5620ecf519c4 <unknown>\n#5 0x5620ecf32f1d <unknown>\n#6 0x5620ecf4eb3d <unknown>\n#7 0x5620ecf32cc3 <unknown>\n#8 0x5620ecefe0e4 <unknown>\n#9 0x5620eceff0ae <unknown>\n#10 0x5620ed1c1ce1 <unknown>\n#11 0x5620ed1c5b7e <unknown>\n#12 0x5620ed1af4b5 <unknown>\n#13 0x5620ed1c67d6 <unknown>\n#14 0x5620ed192dbf <unknown>\n#15 0x5620ed1e9748 <unknown>\n#16 0x5620ed1e9917 <unknown>\n#17 0x5620ed1fa773 <unknown>\n#18 0x7f4e52cf7044 <unknown>","time":{"start":1700097074611,"stop":1700097078478,"duration":3867}},{"uid":"5978af120fb0e4c9","reportUrl":"https://zaelcovsky.github.io/StroyremAutomation/141//#testresult/5978af120fb0e4c9","status":"broken","statusDetails":"selenium.common.exceptions.NoSuchElementException: Message: no such element: Unable to locate element: {\"method\":\"xpath\",\"selector\":\"//input[@class='amount']\"}\n  (Session info: headless chrome=119.0.6045.105); For documentation on this error, please visit: https://www.selenium.dev/documentation/webdriver/troubleshooting/errors#no-such-element-exception\nStacktrace:\n#0 0x55867e8575e3 <unknown>\n#1 0x55867e51a0b7 <unknown>\n#2 0x55867e567f53 <unknown>\n#3 0x55867e568051 <unknown>\n#4 0x55867e5ad9c4 <unknown>\n#5 0x55867e58ef1d <unknown>\n#6 0x55867e5aab3d <unknown>\n#7 0x55867e58ecc3 <unknown>\n#8 0x55867e55a0e4 <unknown>\n#9 0x55867e55b0ae <unknown>\n#10 0x55867e81dce1 <unknown>\n#11 0x55867e821b7e <unknown>\n#12 0x55867e80b4b5 <unknown>\n#13 0x55867e8227d6 <unknown>\n#14 0x55867e7eedbf <unknown>\n#15 0x55867e845748 <unknown>\n#16 0x55867e845917 <unknown>\n#17 0x55867e856773 <unknown>\n#18 0x7efdd0edb044 <unknown>","time":{"start":1700010606557,"stop":1700010610400,"duration":3843}},{"uid":"6e78cd49b52b808a","reportUrl":"https://zaelcovsky.github.io/StroyremAutomation/140//#testresult/6e78cd49b52b808a","status":"broken","statusDetails":"selenium.common.exceptions.NoSuchElementException: Message: no such element: Unable to locate element: {\"method\":\"xpath\",\"selector\":\"//input[@class='amount']\"}\n  (Session info: headless chrome=119.0.6045.105); For documentation on this error, please visit: https://www.selenium.dev/documentation/webdriver/troubleshooting/errors#no-such-element-exception\nStacktrace:\n#0 0x5647bdec95e3 <unknown>\n#1 0x5647bdb8c0b7 <unknown>\n#2 0x5647bdbd9f53 <unknown>\n#3 0x5647bdbda051 <unknown>\n#4 0x5647bdc1f9c4 <unknown>\n#5 0x5647bdc00f1d <unknown>\n#6 0x5647bdc1cb3d <unknown>\n#7 0x5647bdc00cc3 <unknown>\n#8 0x5647bdbcc0e4 <unknown>\n#9 0x5647bdbcd0ae <unknown>\n#10 0x5647bde8fce1 <unknown>\n#11 0x5647bde93b7e <unknown>\n#12 0x5647bde7d4b5 <unknown>\n#13 0x5647bde947d6 <unknown>\n#14 0x5647bde60dbf <unknown>\n#15 0x5647bdeb7748 <unknown>\n#16 0x5647bdeb7917 <unknown>\n#17 0x5647bdec8773 <unknown>\n#18 0x7f28a5de7044 <unknown>","time":{"start":1699924218506,"stop":1699924222840,"duration":4334}},{"uid":"e179eba99003ace5","reportUrl":"https://zaelcovsky.github.io/StroyremAutomation/139//#testresult/e179eba99003ace5","status":"broken","statusDetails":"selenium.common.exceptions.NoSuchElementException: Message: no such element: Unable to locate element: {\"method\":\"xpath\",\"selector\":\"//input[@class='amount']\"}\n  (Session info: headless chrome=119.0.6045.105); For documentation on this error, please visit: https://www.selenium.dev/documentation/webdriver/troubleshooting/errors#no-such-element-exception\nStacktrace:\n#0 0x562cce7565e3 <unknown>\n#1 0x562cce4190b7 <unknown>\n#2 0x562cce466f53 <unknown>\n#3 0x562cce467051 <unknown>\n#4 0x562cce4ac9c4 <unknown>\n#5 0x562cce48df1d <unknown>\n#6 0x562cce4a9b3d <unknown>\n#7 0x562cce48dcc3 <unknown>\n#8 0x562cce4590e4 <unknown>\n#9 0x562cce45a0ae <unknown>\n#10 0x562cce71cce1 <unknown>\n#11 0x562cce720b7e <unknown>\n#12 0x562cce70a4b5 <unknown>\n#13 0x562cce7217d6 <unknown>\n#14 0x562cce6eddbf <unknown>\n#15 0x562cce744748 <unknown>\n#16 0x562cce744917 <unknown>\n#17 0x562cce755773 <unknown>\n#18 0x7fa29b6ee044 <unknown>","time":{"start":1699837888607,"stop":1699837892559,"duration":3952}},{"uid":"55587675ad471455","reportUrl":"https://zaelcovsky.github.io/StroyremAutomation/138//#testresult/55587675ad471455","status":"broken","statusDetails":"selenium.common.exceptions.NoSuchElementException: Message: no such element: Unable to locate element: {\"method\":\"xpath\",\"selector\":\"//input[@class='amount']\"}\n  (Session info: headless chrome=119.0.6045.105); For documentation on this error, please visit: https://www.selenium.dev/documentation/webdriver/troubleshooting/errors#no-such-element-exception\nStacktrace:\n#0 0x556be01da5e3 <unknown>\n#1 0x556bdfe9d0b7 <unknown>\n#2 0x556bdfeeaf53 <unknown>\n#3 0x556bdfeeb051 <unknown>\n#4 0x556bdff309c4 <unknown>\n#5 0x556bdff11f1d <unknown>\n#6 0x556bdff2db3d <unknown>\n#7 0x556bdff11cc3 <unknown>\n#8 0x556bdfedd0e4 <unknown>\n#9 0x556bdfede0ae <unknown>\n#10 0x556be01a0ce1 <unknown>\n#11 0x556be01a4b7e <unknown>\n#12 0x556be018e4b5 <unknown>\n#13 0x556be01a57d6 <unknown>\n#14 0x556be0171dbf <unknown>\n#15 0x556be01c8748 <unknown>\n#16 0x556be01c8917 <unknown>\n#17 0x556be01d9773 <unknown>\n#18 0x7f5b82adc044 <unknown>","time":{"start":1699751687356,"stop":1699751695933,"duration":8577}},{"uid":"94eefedb210b1f2a","reportUrl":"https://zaelcovsky.github.io/StroyremAutomation/137//#testresult/94eefedb210b1f2a","status":"broken","statusDetails":"selenium.common.exceptions.NoSuchElementException: Message: no such element: Unable to locate element: {\"method\":\"xpath\",\"selector\":\"//input[@class='amount']\"}\n  (Session info: headless chrome=119.0.6045.105); For documentation on this error, please visit: https://www.selenium.dev/documentation/webdriver/troubleshooting/errors#no-such-element-exception\nStacktrace:\n#0 0x55de64eb55e3 <unknown>\n#1 0x55de64b780b7 <unknown>\n#2 0x55de64bc5f53 <unknown>\n#3 0x55de64bc6051 <unknown>\n#4 0x55de64c0b9c4 <unknown>\n#5 0x55de64becf1d <unknown>\n#6 0x55de64c08b3d <unknown>\n#7 0x55de64beccc3 <unknown>\n#8 0x55de64bb80e4 <unknown>\n#9 0x55de64bb90ae <unknown>\n#10 0x55de64e7bce1 <unknown>\n#11 0x55de64e7fb7e <unknown>\n#12 0x55de64e694b5 <unknown>\n#13 0x55de64e807d6 <unknown>\n#14 0x55de64e4cdbf <unknown>\n#15 0x55de64ea3748 <unknown>\n#16 0x55de64ea3917 <unknown>\n#17 0x55de64eb4773 <unknown>\n#18 0x7fe4f50a5044 <unknown>","time":{"start":1699664871236,"stop":1699664875143,"duration":3907}},{"uid":"118d01bfba8cc507","reportUrl":"https://zaelcovsky.github.io/StroyremAutomation/136//#testresult/118d01bfba8cc507","status":"broken","statusDetails":"selenium.common.exceptions.NoSuchElementException: Message: no such element: Unable to locate element: {\"method\":\"xpath\",\"selector\":\"//input[@class='amount']\"}\n  (Session info: headless chrome=119.0.6045.105); For documentation on this error, please visit: https://www.selenium.dev/documentation/webdriver/troubleshooting/errors#no-such-element-exception\nStacktrace:\n#0 0x564778cc45e3 <unknown>\n#1 0x5647789870b7 <unknown>\n#2 0x5647789d4f53 <unknown>\n#3 0x5647789d5051 <unknown>\n#4 0x564778a1a9c4 <unknown>\n#5 0x5647789fbf1d <unknown>\n#6 0x564778a17b3d <unknown>\n#7 0x5647789fbcc3 <unknown>\n#8 0x5647789c70e4 <unknown>\n#9 0x5647789c80ae <unknown>\n#10 0x564778c8ace1 <unknown>\n#11 0x564778c8eb7e <unknown>\n#12 0x564778c784b5 <unknown>\n#13 0x564778c8f7d6 <unknown>\n#14 0x564778c5bdbf <unknown>\n#15 0x564778cb2748 <unknown>\n#16 0x564778cb2917 <unknown>\n#17 0x564778cc3773 <unknown>\n#18 0x7f00d119b044 <unknown>","time":{"start":1699578592578,"stop":1699578597135,"duration":4557}}]},"tags":["smoke"]},"source":"4e1cd3a6ffd71910.json","parameterValues":["2190","13","'TD 004'","1590","'products/shtukaturka-gipsovaya-aksolit-m50-30-kg-mashinnogo-naneseniya'","450","'https://sandboxtest.stroyrem-nn.ru/'","400"]}