{"uid":"99084fa64a75109d","name":"test_positive_delivery_green_zone_smoke[TD 005-products/shtukaturka-gipsovaya-aksolit-m50-30-kg-mashinnogo-naneseniya-16-500-600-1590-2190-https://sandboxtest.stroyrem-nn.ru/]","fullName":"tests.delivery.test_delivery_calculation.TestDeliveryPageCalculation#test_positive_delivery_green_zone_smoke","historyId":"e6058ae35d5a637089e6a6aa5edf052c","time":{"start":1708736773650,"stop":1708736774249,"duration":599},"status":"broken","statusMessage":"selenium.common.exceptions.NoSuchElementException: Message: no such element: Unable to locate element: {\"method\":\"xpath\",\"selector\":\"(//a[@class='add-to-cart yellow-btn'])[1]\"}\n  (Session info: chrome-headless-shell=122.0.6261.69); For documentation on this error, please visit: https://www.selenium.dev/documentation/webdriver/troubleshooting/errors#no-such-element-exception\nStacktrace:\n#0 0x55e03908b793 <unknown>\n#1 0x55e038d7f1c6 <unknown>\n#2 0x55e038dca358 <unknown>\n#3 0x55e038dca411 <unknown>\n#4 0x55e038e0d934 <unknown>\n#5 0x55e038dec3fd <unknown>\n#6 0x55e038e0add9 <unknown>\n#7 0x55e038dec173 <unknown>\n#8 0x55e038dbd2d3 <unknown>\n#9 0x55e038dbdc9e <unknown>\n#10 0x55e03904f8cb <unknown>\n#11 0x55e039053745 <unknown>\n#12 0x55e03903c2e1 <unknown>\n#13 0x55e0390542d2 <unknown>\n#14 0x55e03902017f <unknown>\n#15 0x55e039079dc8 <unknown>\n#16 0x55e039079fc3 <unknown>\n#17 0x55e03908a944 <unknown>\n#18 0x7f1fe2d42134 <unknown>","statusTrace":"self = <tests.delivery.test_delivery_calculation.TestDeliveryPageCalculation object at 0x7f96da0ec590>\ndriver = <selenium.webdriver.chrome.webdriver.WebDriver (session=\"c51a2c63e19abaca8daadaeb8e7509a4\")>\nurl = 'https://sandboxtest.stroyrem-nn.ru/', case_id = 'TD 005'\nlink_item = 'products/shtukaturka-gipsovaya-aksolit-m50-30-kg-mashinnogo-naneseniya'\namount = 16, weight = 500, standard = 600, in_time = 1590, all_time = 2190\n\n    @pytest.mark.parametrize('case_id, link_item, amount, weight, standard, in_time, all_time', [\n        (\"TD 001\", uroven_3000, 1, 30, 0, 1590, 2190),\n        (\"TD 002\", bundeks_25, 1, 30, 400, 1590, 2190),\n        (\"TD 003\", aksolit_30, 8, 300, 400, 1590, 2190),\n        (\"TD 004\", aksolit_30, 13, 400, 450, 1590, 2190),\n        (\"TD 005\", aksolit_30, 16, 500, 600, 1590, 2190),\n        (\"TD 006\", aksolit_30, 25, 1700, 990, 1990, 2480),\n        (\"TD 007\", aksolit_30, 66, 2000, 1300, 2490, 2980),\n        (\"TD 008\", aksolit_30, 149, 4500, 2300, 3980, 4490),\n        (\"TD 009\", aksolit_30, 166, 5000, 2500, 4990, 5480),\n        pytest.param(\n            \"TD 010\", aksolit_30, 206, 6200, 2900, 5570, 6120,\n            marks=pytest.mark.xfail(reson=\"Цена доставки 3600 7960 8980\")\n        ),\n        (\"TD 011\", aksolit_30, 299, 9000, 3600, 7960, 8980),\n        (\"TD 012\", aksolit_30, 333, 10000, 4450, 11990, 12500),\n        pytest.param(\n            \"TD 013\", aksolit_30, 366, 11000, 4800, 12450, 13480,\n            marks=pytest.mark.xfail(reason=\"Цена стандартной доставки 4450\")\n        ),\n        pytest.param(\n            \"TD 014\", aksolit_30, 666, 20000, 5400, 15600, 17490,\n            marks=pytest.mark.xfail(reason=\"Цена стандартной доставки 4450\")\n        )\n    ])\n    @pytest.mark.smoke\n    def test_positive_delivery_green_zone_smoke(\n            self, driver, url, case_id, link_item, amount, weight, standard, in_time, all_time\n    ):\n    \n        driver.get(f'{url}{link_item}')\n        item_page = ItemPage(driver)\n>       item_page.add_item_to_cart(amount).click_on_cart()\n\ntests/delivery/test_delivery_calculation.py:49: \n_ _ _ _ _ _ _ _ _ _ _ _ _ _ _ _ _ _ _ _ _ _ _ _ _ _ _ _ _ _ _ _ _ _ _ _ _ _ _ _ \npages/item_page.py:40: in add_item_to_cart\n    self.find_element(self._add_item).click()\nbase/seleniumbase.py:17: in find_element\n    return self.driver.find_element(*locator)\n/usr/local/lib/python3.11/site-packages/selenium/webdriver/remote/webdriver.py:740: in find_element\n    return self.execute(Command.FIND_ELEMENT, {\"using\": by, \"value\": value})[\"value\"]\n/usr/local/lib/python3.11/site-packages/selenium/webdriver/remote/webdriver.py:346: in execute\n    self.error_handler.check_response(response)\n_ _ _ _ _ _ _ _ _ _ _ _ _ _ _ _ _ _ _ _ _ _ _ _ _ _ _ _ _ _ _ _ _ _ _ _ _ _ _ _ \n\nself = <selenium.webdriver.remote.errorhandler.ErrorHandler object at 0x7f96d99aec90>\nresponse = {'status': 404, 'value': '{\"value\":{\"error\":\"no such element\",\"message\":\"no such element: Unable to locate element: {\\...\\\\n#16 0x55e039079fc3 \\\\u003Cunknown>\\\\n#17 0x55e03908a944 \\\\u003Cunknown>\\\\n#18 0x7f1fe2d42134 \\\\u003Cunknown>\\\\n\"}}'}\n\n    def check_response(self, response: Dict[str, Any]) -> None:\n        \"\"\"Checks that a JSON response from the WebDriver does not have an\n        error.\n    \n        :Args:\n         - response - The JSON response from the WebDriver server as a dictionary\n           object.\n    \n        :Raises: If the response contains an error message.\n        \"\"\"\n        status = response.get(\"status\", None)\n        if not status or status == ErrorCode.SUCCESS:\n            return\n        value = None\n        message = response.get(\"message\", \"\")\n        screen: str = response.get(\"screen\", \"\")\n        stacktrace = None\n        if isinstance(status, int):\n            value_json = response.get(\"value\", None)\n            if value_json and isinstance(value_json, str):\n                import json\n    \n                try:\n                    value = json.loads(value_json)\n                    if len(value) == 1:\n                        value = value[\"value\"]\n                    status = value.get(\"error\", None)\n                    if not status:\n                        status = value.get(\"status\", ErrorCode.UNKNOWN_ERROR)\n                        message = value.get(\"value\") or value.get(\"message\")\n                        if not isinstance(message, str):\n                            value = message\n                            message = message.get(\"message\")\n                    else:\n                        message = value.get(\"message\", None)\n                except ValueError:\n                    pass\n    \n        exception_class: Type[WebDriverException]\n        if status in ErrorCode.NO_SUCH_ELEMENT:\n            exception_class = NoSuchElementException\n        elif status in ErrorCode.NO_SUCH_FRAME:\n            exception_class = NoSuchFrameException\n        elif status in ErrorCode.NO_SUCH_SHADOW_ROOT:\n            exception_class = NoSuchShadowRootException\n        elif status in ErrorCode.NO_SUCH_WINDOW:\n            exception_class = NoSuchWindowException\n        elif status in ErrorCode.STALE_ELEMENT_REFERENCE:\n            exception_class = StaleElementReferenceException\n        elif status in ErrorCode.ELEMENT_NOT_VISIBLE:\n            exception_class = ElementNotVisibleException\n        elif status in ErrorCode.INVALID_ELEMENT_STATE:\n            exception_class = InvalidElementStateException\n        elif (\n            status in ErrorCode.INVALID_SELECTOR\n            or status in ErrorCode.INVALID_XPATH_SELECTOR\n            or status in ErrorCode.INVALID_XPATH_SELECTOR_RETURN_TYPER\n        ):\n            exception_class = InvalidSelectorException\n        elif status in ErrorCode.ELEMENT_IS_NOT_SELECTABLE:\n            exception_class = ElementNotSelectableException\n        elif status in ErrorCode.ELEMENT_NOT_INTERACTABLE:\n            exception_class = ElementNotInteractableException\n        elif status in ErrorCode.INVALID_COOKIE_DOMAIN:\n            exception_class = InvalidCookieDomainException\n        elif status in ErrorCode.UNABLE_TO_SET_COOKIE:\n            exception_class = UnableToSetCookieException\n        elif status in ErrorCode.TIMEOUT:\n            exception_class = TimeoutException\n        elif status in ErrorCode.SCRIPT_TIMEOUT:\n            exception_class = TimeoutException\n        elif status in ErrorCode.UNKNOWN_ERROR:\n            exception_class = WebDriverException\n        elif status in ErrorCode.UNEXPECTED_ALERT_OPEN:\n            exception_class = UnexpectedAlertPresentException\n        elif status in ErrorCode.NO_ALERT_OPEN:\n            exception_class = NoAlertPresentException\n        elif status in ErrorCode.IME_NOT_AVAILABLE:\n            exception_class = ImeNotAvailableException\n        elif status in ErrorCode.IME_ENGINE_ACTIVATION_FAILED:\n            exception_class = ImeActivationFailedException\n        elif status in ErrorCode.MOVE_TARGET_OUT_OF_BOUNDS:\n            exception_class = MoveTargetOutOfBoundsException\n        elif status in ErrorCode.JAVASCRIPT_ERROR:\n            exception_class = JavascriptException\n        elif status in ErrorCode.SESSION_NOT_CREATED:\n            exception_class = SessionNotCreatedException\n        elif status in ErrorCode.INVALID_ARGUMENT:\n            exception_class = InvalidArgumentException\n        elif status in ErrorCode.NO_SUCH_COOKIE:\n            exception_class = NoSuchCookieException\n        elif status in ErrorCode.UNABLE_TO_CAPTURE_SCREEN:\n            exception_class = ScreenshotException\n        elif status in ErrorCode.ELEMENT_CLICK_INTERCEPTED:\n            exception_class = ElementClickInterceptedException\n        elif status in ErrorCode.INSECURE_CERTIFICATE:\n            exception_class = InsecureCertificateException\n        elif status in ErrorCode.INVALID_COORDINATES:\n            exception_class = InvalidCoordinatesException\n        elif status in ErrorCode.INVALID_SESSION_ID:\n            exception_class = InvalidSessionIdException\n        elif status in ErrorCode.UNKNOWN_METHOD:\n            exception_class = UnknownMethodException\n        else:\n            exception_class = WebDriverException\n        if not value:\n            value = response[\"value\"]\n        if isinstance(value, str):\n            raise exception_class(value)\n        if message == \"\" and \"message\" in value:\n            message = value[\"message\"]\n    \n        screen = None  # type: ignore[assignment]\n        if \"screen\" in value:\n            screen = value[\"screen\"]\n    \n        stacktrace = None\n        st_value = value.get(\"stackTrace\") or value.get(\"stacktrace\")\n        if st_value:\n            if isinstance(st_value, str):\n                stacktrace = st_value.split(\"\\n\")\n            else:\n                stacktrace = []\n                try:\n                    for frame in st_value:\n                        line = frame.get(\"lineNumber\", \"\")\n                        file = frame.get(\"fileName\", \"<anonymous>\")\n                        if line:\n                            file = f\"{file}:{line}\"\n                        meth = frame.get(\"methodName\", \"<anonymous>\")\n                        if \"className\" in frame:\n                            meth = f\"{frame['className']}.{meth}\"\n                        msg = \"    at %s (%s)\"\n                        msg = msg % (meth, file)\n                        stacktrace.append(msg)\n                except TypeError:\n                    pass\n        if exception_class == UnexpectedAlertPresentException:\n            alert_text = None\n            if \"data\" in value:\n                alert_text = value[\"data\"].get(\"text\")\n            elif \"alert\" in value:\n                alert_text = value[\"alert\"].get(\"text\")\n            raise exception_class(message, screen, stacktrace, alert_text)  # type: ignore[call-arg]  # mypy is not smart enough here\n>       raise exception_class(message, screen, stacktrace)\nE       selenium.common.exceptions.NoSuchElementException: Message: no such element: Unable to locate element: {\"method\":\"xpath\",\"selector\":\"(//a[@class='add-to-cart yellow-btn'])[1]\"}\nE         (Session info: chrome-headless-shell=122.0.6261.69); For documentation on this error, please visit: https://www.selenium.dev/documentation/webdriver/troubleshooting/errors#no-such-element-exception\nE       Stacktrace:\nE       #0 0x55e03908b793 <unknown>\nE       #1 0x55e038d7f1c6 <unknown>\nE       #2 0x55e038dca358 <unknown>\nE       #3 0x55e038dca411 <unknown>\nE       #4 0x55e038e0d934 <unknown>\nE       #5 0x55e038dec3fd <unknown>\nE       #6 0x55e038e0add9 <unknown>\nE       #7 0x55e038dec173 <unknown>\nE       #8 0x55e038dbd2d3 <unknown>\nE       #9 0x55e038dbdc9e <unknown>\nE       #10 0x55e03904f8cb <unknown>\nE       #11 0x55e039053745 <unknown>\nE       #12 0x55e03903c2e1 <unknown>\nE       #13 0x55e0390542d2 <unknown>\nE       #14 0x55e03902017f <unknown>\nE       #15 0x55e039079dc8 <unknown>\nE       #16 0x55e039079fc3 <unknown>\nE       #17 0x55e03908a944 <unknown>\nE       #18 0x7f1fe2d42134 <unknown>\n\n/usr/local/lib/python3.11/site-packages/selenium/webdriver/remote/errorhandler.py:245: NoSuchElementException","flaky":false,"newFailed":false,"newBroken":false,"newPassed":false,"retriesCount":0,"retriesStatusChange":false,"beforeStages":[{"name":"_session_faker","time":{"start":1708736272424,"stop":1708736272496,"duration":72},"status":"passed","steps":[],"attachments":[],"parameters":[],"shouldDisplayMessage":false,"stepsCount":0,"attachmentsCount":0,"hasContent":false,"attachmentStep":false},{"name":"clear_allure_results_folder","time":{"start":1708736272496,"stop":1708736272496,"duration":0},"status":"passed","steps":[],"attachments":[],"parameters":[],"shouldDisplayMessage":false,"stepsCount":0,"attachmentsCount":0,"hasContent":false,"attachmentStep":false},{"name":"driver","time":{"start":1708736772917,"stop":1708736773649,"duration":732},"status":"passed","steps":[],"attachments":[],"parameters":[],"shouldDisplayMessage":false,"stepsCount":0,"attachmentsCount":0,"hasContent":false,"attachmentStep":false},{"name":"setup","time":{"start":1708736773649,"stop":1708736773649,"duration":0},"status":"passed","steps":[],"attachments":[],"parameters":[],"shouldDisplayMessage":false,"stepsCount":0,"attachmentsCount":0,"hasContent":false,"attachmentStep":false}],"testStage":{"status":"broken","statusMessage":"selenium.common.exceptions.NoSuchElementException: Message: no such element: Unable to locate element: {\"method\":\"xpath\",\"selector\":\"(//a[@class='add-to-cart yellow-btn'])[1]\"}\n  (Session info: chrome-headless-shell=122.0.6261.69); For documentation on this error, please visit: https://www.selenium.dev/documentation/webdriver/troubleshooting/errors#no-such-element-exception\nStacktrace:\n#0 0x55e03908b793 <unknown>\n#1 0x55e038d7f1c6 <unknown>\n#2 0x55e038dca358 <unknown>\n#3 0x55e038dca411 <unknown>\n#4 0x55e038e0d934 <unknown>\n#5 0x55e038dec3fd <unknown>\n#6 0x55e038e0add9 <unknown>\n#7 0x55e038dec173 <unknown>\n#8 0x55e038dbd2d3 <unknown>\n#9 0x55e038dbdc9e <unknown>\n#10 0x55e03904f8cb <unknown>\n#11 0x55e039053745 <unknown>\n#12 0x55e03903c2e1 <unknown>\n#13 0x55e0390542d2 <unknown>\n#14 0x55e03902017f <unknown>\n#15 0x55e039079dc8 <unknown>\n#16 0x55e039079fc3 <unknown>\n#17 0x55e03908a944 <unknown>\n#18 0x7f1fe2d42134 <unknown>","statusTrace":"self = <tests.delivery.test_delivery_calculation.TestDeliveryPageCalculation object at 0x7f96da0ec590>\ndriver = <selenium.webdriver.chrome.webdriver.WebDriver (session=\"c51a2c63e19abaca8daadaeb8e7509a4\")>\nurl = 'https://sandboxtest.stroyrem-nn.ru/', case_id = 'TD 005'\nlink_item = 'products/shtukaturka-gipsovaya-aksolit-m50-30-kg-mashinnogo-naneseniya'\namount = 16, weight = 500, standard = 600, in_time = 1590, all_time = 2190\n\n    @pytest.mark.parametrize('case_id, link_item, amount, weight, standard, in_time, all_time', [\n        (\"TD 001\", uroven_3000, 1, 30, 0, 1590, 2190),\n        (\"TD 002\", bundeks_25, 1, 30, 400, 1590, 2190),\n        (\"TD 003\", aksolit_30, 8, 300, 400, 1590, 2190),\n        (\"TD 004\", aksolit_30, 13, 400, 450, 1590, 2190),\n        (\"TD 005\", aksolit_30, 16, 500, 600, 1590, 2190),\n        (\"TD 006\", aksolit_30, 25, 1700, 990, 1990, 2480),\n        (\"TD 007\", aksolit_30, 66, 2000, 1300, 2490, 2980),\n        (\"TD 008\", aksolit_30, 149, 4500, 2300, 3980, 4490),\n        (\"TD 009\", aksolit_30, 166, 5000, 2500, 4990, 5480),\n        pytest.param(\n            \"TD 010\", aksolit_30, 206, 6200, 2900, 5570, 6120,\n            marks=pytest.mark.xfail(reson=\"Цена доставки 3600 7960 8980\")\n        ),\n        (\"TD 011\", aksolit_30, 299, 9000, 3600, 7960, 8980),\n        (\"TD 012\", aksolit_30, 333, 10000, 4450, 11990, 12500),\n        pytest.param(\n            \"TD 013\", aksolit_30, 366, 11000, 4800, 12450, 13480,\n            marks=pytest.mark.xfail(reason=\"Цена стандартной доставки 4450\")\n        ),\n        pytest.param(\n            \"TD 014\", aksolit_30, 666, 20000, 5400, 15600, 17490,\n            marks=pytest.mark.xfail(reason=\"Цена стандартной доставки 4450\")\n        )\n    ])\n    @pytest.mark.smoke\n    def test_positive_delivery_green_zone_smoke(\n            self, driver, url, case_id, link_item, amount, weight, standard, in_time, all_time\n    ):\n    \n        driver.get(f'{url}{link_item}')\n        item_page = ItemPage(driver)\n>       item_page.add_item_to_cart(amount).click_on_cart()\n\ntests/delivery/test_delivery_calculation.py:49: \n_ _ _ _ _ _ _ _ _ _ _ _ _ _ _ _ _ _ _ _ _ _ _ _ _ _ _ _ _ _ _ _ _ _ _ _ _ _ _ _ \npages/item_page.py:40: in add_item_to_cart\n    self.find_element(self._add_item).click()\nbase/seleniumbase.py:17: in find_element\n    return self.driver.find_element(*locator)\n/usr/local/lib/python3.11/site-packages/selenium/webdriver/remote/webdriver.py:740: in find_element\n    return self.execute(Command.FIND_ELEMENT, {\"using\": by, \"value\": value})[\"value\"]\n/usr/local/lib/python3.11/site-packages/selenium/webdriver/remote/webdriver.py:346: in execute\n    self.error_handler.check_response(response)\n_ _ _ _ _ _ _ _ _ _ _ _ _ _ _ _ _ _ _ _ _ _ _ _ _ _ _ _ _ _ _ _ _ _ _ _ _ _ _ _ \n\nself = <selenium.webdriver.remote.errorhandler.ErrorHandler object at 0x7f96d99aec90>\nresponse = {'status': 404, 'value': '{\"value\":{\"error\":\"no such element\",\"message\":\"no such element: Unable to locate element: {\\...\\\\n#16 0x55e039079fc3 \\\\u003Cunknown>\\\\n#17 0x55e03908a944 \\\\u003Cunknown>\\\\n#18 0x7f1fe2d42134 \\\\u003Cunknown>\\\\n\"}}'}\n\n    def check_response(self, response: Dict[str, Any]) -> None:\n        \"\"\"Checks that a JSON response from the WebDriver does not have an\n        error.\n    \n        :Args:\n         - response - The JSON response from the WebDriver server as a dictionary\n           object.\n    \n        :Raises: If the response contains an error message.\n        \"\"\"\n        status = response.get(\"status\", None)\n        if not status or status == ErrorCode.SUCCESS:\n            return\n        value = None\n        message = response.get(\"message\", \"\")\n        screen: str = response.get(\"screen\", \"\")\n        stacktrace = None\n        if isinstance(status, int):\n            value_json = response.get(\"value\", None)\n            if value_json and isinstance(value_json, str):\n                import json\n    \n                try:\n                    value = json.loads(value_json)\n                    if len(value) == 1:\n                        value = value[\"value\"]\n                    status = value.get(\"error\", None)\n                    if not status:\n                        status = value.get(\"status\", ErrorCode.UNKNOWN_ERROR)\n                        message = value.get(\"value\") or value.get(\"message\")\n                        if not isinstance(message, str):\n                            value = message\n                            message = message.get(\"message\")\n                    else:\n                        message = value.get(\"message\", None)\n                except ValueError:\n                    pass\n    \n        exception_class: Type[WebDriverException]\n        if status in ErrorCode.NO_SUCH_ELEMENT:\n            exception_class = NoSuchElementException\n        elif status in ErrorCode.NO_SUCH_FRAME:\n            exception_class = NoSuchFrameException\n        elif status in ErrorCode.NO_SUCH_SHADOW_ROOT:\n            exception_class = NoSuchShadowRootException\n        elif status in ErrorCode.NO_SUCH_WINDOW:\n            exception_class = NoSuchWindowException\n        elif status in ErrorCode.STALE_ELEMENT_REFERENCE:\n            exception_class = StaleElementReferenceException\n        elif status in ErrorCode.ELEMENT_NOT_VISIBLE:\n            exception_class = ElementNotVisibleException\n        elif status in ErrorCode.INVALID_ELEMENT_STATE:\n            exception_class = InvalidElementStateException\n        elif (\n            status in ErrorCode.INVALID_SELECTOR\n            or status in ErrorCode.INVALID_XPATH_SELECTOR\n            or status in ErrorCode.INVALID_XPATH_SELECTOR_RETURN_TYPER\n        ):\n            exception_class = InvalidSelectorException\n        elif status in ErrorCode.ELEMENT_IS_NOT_SELECTABLE:\n            exception_class = ElementNotSelectableException\n        elif status in ErrorCode.ELEMENT_NOT_INTERACTABLE:\n            exception_class = ElementNotInteractableException\n        elif status in ErrorCode.INVALID_COOKIE_DOMAIN:\n            exception_class = InvalidCookieDomainException\n        elif status in ErrorCode.UNABLE_TO_SET_COOKIE:\n            exception_class = UnableToSetCookieException\n        elif status in ErrorCode.TIMEOUT:\n            exception_class = TimeoutException\n        elif status in ErrorCode.SCRIPT_TIMEOUT:\n            exception_class = TimeoutException\n        elif status in ErrorCode.UNKNOWN_ERROR:\n            exception_class = WebDriverException\n        elif status in ErrorCode.UNEXPECTED_ALERT_OPEN:\n            exception_class = UnexpectedAlertPresentException\n        elif status in ErrorCode.NO_ALERT_OPEN:\n            exception_class = NoAlertPresentException\n        elif status in ErrorCode.IME_NOT_AVAILABLE:\n            exception_class = ImeNotAvailableException\n        elif status in ErrorCode.IME_ENGINE_ACTIVATION_FAILED:\n            exception_class = ImeActivationFailedException\n        elif status in ErrorCode.MOVE_TARGET_OUT_OF_BOUNDS:\n            exception_class = MoveTargetOutOfBoundsException\n        elif status in ErrorCode.JAVASCRIPT_ERROR:\n            exception_class = JavascriptException\n        elif status in ErrorCode.SESSION_NOT_CREATED:\n            exception_class = SessionNotCreatedException\n        elif status in ErrorCode.INVALID_ARGUMENT:\n            exception_class = InvalidArgumentException\n        elif status in ErrorCode.NO_SUCH_COOKIE:\n            exception_class = NoSuchCookieException\n        elif status in ErrorCode.UNABLE_TO_CAPTURE_SCREEN:\n            exception_class = ScreenshotException\n        elif status in ErrorCode.ELEMENT_CLICK_INTERCEPTED:\n            exception_class = ElementClickInterceptedException\n        elif status in ErrorCode.INSECURE_CERTIFICATE:\n            exception_class = InsecureCertificateException\n        elif status in ErrorCode.INVALID_COORDINATES:\n            exception_class = InvalidCoordinatesException\n        elif status in ErrorCode.INVALID_SESSION_ID:\n            exception_class = InvalidSessionIdException\n        elif status in ErrorCode.UNKNOWN_METHOD:\n            exception_class = UnknownMethodException\n        else:\n            exception_class = WebDriverException\n        if not value:\n            value = response[\"value\"]\n        if isinstance(value, str):\n            raise exception_class(value)\n        if message == \"\" and \"message\" in value:\n            message = value[\"message\"]\n    \n        screen = None  # type: ignore[assignment]\n        if \"screen\" in value:\n            screen = value[\"screen\"]\n    \n        stacktrace = None\n        st_value = value.get(\"stackTrace\") or value.get(\"stacktrace\")\n        if st_value:\n            if isinstance(st_value, str):\n                stacktrace = st_value.split(\"\\n\")\n            else:\n                stacktrace = []\n                try:\n                    for frame in st_value:\n                        line = frame.get(\"lineNumber\", \"\")\n                        file = frame.get(\"fileName\", \"<anonymous>\")\n                        if line:\n                            file = f\"{file}:{line}\"\n                        meth = frame.get(\"methodName\", \"<anonymous>\")\n                        if \"className\" in frame:\n                            meth = f\"{frame['className']}.{meth}\"\n                        msg = \"    at %s (%s)\"\n                        msg = msg % (meth, file)\n                        stacktrace.append(msg)\n                except TypeError:\n                    pass\n        if exception_class == UnexpectedAlertPresentException:\n            alert_text = None\n            if \"data\" in value:\n                alert_text = value[\"data\"].get(\"text\")\n            elif \"alert\" in value:\n                alert_text = value[\"alert\"].get(\"text\")\n            raise exception_class(message, screen, stacktrace, alert_text)  # type: ignore[call-arg]  # mypy is not smart enough here\n>       raise exception_class(message, screen, stacktrace)\nE       selenium.common.exceptions.NoSuchElementException: Message: no such element: Unable to locate element: {\"method\":\"xpath\",\"selector\":\"(//a[@class='add-to-cart yellow-btn'])[1]\"}\nE         (Session info: chrome-headless-shell=122.0.6261.69); For documentation on this error, please visit: https://www.selenium.dev/documentation/webdriver/troubleshooting/errors#no-such-element-exception\nE       Stacktrace:\nE       #0 0x55e03908b793 <unknown>\nE       #1 0x55e038d7f1c6 <unknown>\nE       #2 0x55e038dca358 <unknown>\nE       #3 0x55e038dca411 <unknown>\nE       #4 0x55e038e0d934 <unknown>\nE       #5 0x55e038dec3fd <unknown>\nE       #6 0x55e038e0add9 <unknown>\nE       #7 0x55e038dec173 <unknown>\nE       #8 0x55e038dbd2d3 <unknown>\nE       #9 0x55e038dbdc9e <unknown>\nE       #10 0x55e03904f8cb <unknown>\nE       #11 0x55e039053745 <unknown>\nE       #12 0x55e03903c2e1 <unknown>\nE       #13 0x55e0390542d2 <unknown>\nE       #14 0x55e03902017f <unknown>\nE       #15 0x55e039079dc8 <unknown>\nE       #16 0x55e039079fc3 <unknown>\nE       #17 0x55e03908a944 <unknown>\nE       #18 0x7f1fe2d42134 <unknown>\n\n/usr/local/lib/python3.11/site-packages/selenium/webdriver/remote/errorhandler.py:245: NoSuchElementException","steps":[{"name":"Добавляем товар в корзину в количестве 16","time":{"start":1708736774236,"stop":1708736774248,"duration":12},"status":"broken","statusMessage":"selenium.common.exceptions.NoSuchElementException: Message: no such element: Unable to locate element: {\"method\":\"xpath\",\"selector\":\"(//a[@class='add-to-cart yellow-btn'])[1]\"}\n  (Session info: chrome-headless-shell=122.0.6261.69); For documentation on this error, please visit: https://www.selenium.dev/documentation/webdriver/troubleshooting/errors#no-such-element-exception\nStacktrace:\n#0 0x55e03908b793 <unknown>\n#1 0x55e038d7f1c6 <unknown>\n#2 0x55e038dca358 <unknown>\n#3 0x55e038dca411 <unknown>\n#4 0x55e038e0d934 <unknown>\n#5 0x55e038dec3fd <unknown>\n#6 0x55e038e0add9 <unknown>\n#7 0x55e038dec173 <unknown>\n#8 0x55e038dbd2d3 <unknown>\n#9 0x55e038dbdc9e <unknown>\n#10 0x55e03904f8cb <unknown>\n#11 0x55e039053745 <unknown>\n#12 0x55e03903c2e1 <unknown>\n#13 0x55e0390542d2 <unknown>\n#14 0x55e03902017f <unknown>\n#15 0x55e039079dc8 <unknown>\n#16 0x55e039079fc3 <unknown>\n#17 0x55e03908a944 <unknown>\n#18 0x7f1fe2d42134 <unknown>\n\n","statusTrace":"  File \"/usr/local/lib/python3.11/site-packages/allure_commons/_allure.py\", line 192, in impl\n    return func(*a, **kw)\n           ^^^^^^^^^^^^^^\n  File \"/app/pages/item_page.py\", line 40, in add_item_to_cart\n    self.find_element(self._add_item).click()\n    ^^^^^^^^^^^^^^^^^^^^^^^^^^^^^^^^^\n  File \"/app/base/seleniumbase.py\", line 17, in find_element\n    return self.driver.find_element(*locator)\n           ^^^^^^^^^^^^^^^^^^^^^^^^^^^^^^^^^^\n  File \"/usr/local/lib/python3.11/site-packages/selenium/webdriver/remote/webdriver.py\", line 740, in find_element\n    return self.execute(Command.FIND_ELEMENT, {\"using\": by, \"value\": value})[\"value\"]\n           ^^^^^^^^^^^^^^^^^^^^^^^^^^^^^^^^^^^^^^^^^^^^^^^^^^^^^^^^^^^^^^^^^\n  File \"/usr/local/lib/python3.11/site-packages/selenium/webdriver/remote/webdriver.py\", line 346, in execute\n    self.error_handler.check_response(response)\n  File \"/usr/local/lib/python3.11/site-packages/selenium/webdriver/remote/errorhandler.py\", line 245, in check_response\n    raise exception_class(message, screen, stacktrace)\n","steps":[],"attachments":[],"parameters":[{"name":"amount","value":"16"}],"shouldDisplayMessage":true,"stepsCount":0,"attachmentsCount":0,"hasContent":true,"attachmentStep":false}],"attachments":[{"uid":"d7400bdb29cd68df","name":"Screenshot","source":"d7400bdb29cd68df.png","type":"image/png","size":5862},{"uid":"ad1c9a80038c0a0f","name":"HTML source","source":"ad1c9a80038c0a0f.html","type":"text/html","size":39}],"parameters":[],"shouldDisplayMessage":true,"stepsCount":1,"attachmentsCount":2,"hasContent":true,"attachmentStep":false},"afterStages":[{"name":"driver::0","time":{"start":1708736774356,"stop":1708736774413,"duration":57},"status":"passed","steps":[],"attachments":[],"parameters":[],"shouldDisplayMessage":false,"stepsCount":0,"attachmentsCount":0,"hasContent":false,"attachmentStep":false},{"name":"setup::0","time":{"start":1708736774356,"stop":1708736774356,"duration":0},"status":"passed","steps":[],"attachments":[],"parameters":[],"shouldDisplayMessage":false,"stepsCount":0,"attachmentsCount":0,"hasContent":false,"attachmentStep":false}],"labels":[{"name":"epic","value":"Delivery Page - calculation"},{"name":"tag","value":"smoke"},{"name":"parentSuite","value":"tests.delivery"},{"name":"suite","value":"test_delivery_calculation"},{"name":"subSuite","value":"TestDeliveryPageCalculation"},{"name":"host","value":"86066b23ab49"},{"name":"thread","value":"1-MainThread"},{"name":"framework","value":"pytest"},{"name":"language","value":"cpython3"},{"name":"package","value":"tests.delivery.test_delivery_calculation"},{"name":"resultFormat","value":"allure2"}],"parameters":[{"name":"all_time","value":"2190"},{"name":"amount","value":"16"},{"name":"case_id","value":"'TD 005'"},{"name":"in_time","value":"1590"},{"name":"link_item","value":"'products/shtukaturka-gipsovaya-aksolit-m50-30-kg-mashinnogo-naneseniya'"},{"name":"standard","value":"600"},{"name":"url","value":"'https://sandboxtest.stroyrem-nn.ru/'"},{"name":"weight","value":"500"}],"links":[],"hidden":false,"retry":false,"extra":{"severity":"normal","retries":[],"categories":[{"name":"Test defects","matchedStatuses":[],"flaky":false}],"history":{"statistic":{"failed":0,"broken":178,"skipped":0,"passed":0,"unknown":0,"total":178},"items":[{"uid":"9c6bd58054841e8d","reportUrl":"https://zaelcovsky.github.io/StroyremAutomation/241//#testresult/9c6bd58054841e8d","status":"broken","statusDetails":"selenium.common.exceptions.NoSuchElementException: Message: no such element: Unable to locate element: {\"method\":\"xpath\",\"selector\":\"(//a[@class='add-to-cart yellow-btn'])[1]\"}\n  (Session info: chrome-headless-shell=122.0.6261.69); For documentation on this error, please visit: https://www.selenium.dev/documentation/webdriver/troubleshooting/errors#no-such-element-exception\nStacktrace:\n#0 0x562fb23fc793 <unknown>\n#1 0x562fb20f01c6 <unknown>\n#2 0x562fb213b358 <unknown>\n#3 0x562fb213b411 <unknown>\n#4 0x562fb217e934 <unknown>\n#5 0x562fb215d3fd <unknown>\n#6 0x562fb217bdd9 <unknown>\n#7 0x562fb215d173 <unknown>\n#8 0x562fb212e2d3 <unknown>\n#9 0x562fb212ec9e <unknown>\n#10 0x562fb23c08cb <unknown>\n#11 0x562fb23c4745 <unknown>\n#12 0x562fb23ad2e1 <unknown>\n#13 0x562fb23c52d2 <unknown>\n#14 0x562fb239117f <unknown>\n#15 0x562fb23eadc8 <unknown>\n#16 0x562fb23eafc3 <unknown>\n#17 0x562fb23fb944 <unknown>\n#18 0x7fd15f20e134 <unknown>","time":{"start":1708650373341,"stop":1708650373756,"duration":415}},{"uid":"474d811ea4c5d27","reportUrl":"https://zaelcovsky.github.io/StroyremAutomation/240//#testresult/474d811ea4c5d27","status":"broken","statusDetails":"selenium.common.exceptions.NoSuchElementException: Message: no such element: Unable to locate element: {\"method\":\"xpath\",\"selector\":\"(//a[@class='add-to-cart yellow-btn'])[1]\"}\n  (Session info: chrome-headless-shell=122.0.6261.57); For documentation on this error, please visit: https://www.selenium.dev/documentation/webdriver/troubleshooting/errors#no-such-element-exception\nStacktrace:\n#0 0x5630d08d87d3 <unknown>\n#1 0x5630d05cc1c6 <unknown>\n#2 0x5630d0617358 <unknown>\n#3 0x5630d0617411 <unknown>\n#4 0x5630d065a934 <unknown>\n#5 0x5630d06393fd <unknown>\n#6 0x5630d0657dd9 <unknown>\n#7 0x5630d0639173 <unknown>\n#8 0x5630d060a2d3 <unknown>\n#9 0x5630d060ac9e <unknown>\n#10 0x5630d089c90b <unknown>\n#11 0x5630d08a0785 <unknown>\n#12 0x5630d0889321 <unknown>\n#13 0x5630d08a1312 <unknown>\n#14 0x5630d086d1bf <unknown>\n#15 0x5630d08c6e08 <unknown>\n#16 0x5630d08c7003 <unknown>\n#17 0x5630d08d7984 <unknown>\n#18 0x7f7c02001134 <unknown>","time":{"start":1708564010749,"stop":1708564011160,"duration":411}},{"uid":"e94ad550f197c2ff","reportUrl":"https://zaelcovsky.github.io/StroyremAutomation/239//#testresult/e94ad550f197c2ff","status":"broken","statusDetails":"selenium.common.exceptions.NoSuchElementException: Message: no such element: Unable to locate element: {\"method\":\"xpath\",\"selector\":\"(//a[@class='add-to-cart yellow-btn'])[1]\"}\n  (Session info: chrome-headless-shell=122.0.6261.57); For documentation on this error, please visit: https://www.selenium.dev/documentation/webdriver/troubleshooting/errors#no-such-element-exception\nStacktrace:\n#0 0x55b19c8177d3 <unknown>\n#1 0x55b19c50b1c6 <unknown>\n#2 0x55b19c556358 <unknown>\n#3 0x55b19c556411 <unknown>\n#4 0x55b19c599934 <unknown>\n#5 0x55b19c5783fd <unknown>\n#6 0x55b19c596dd9 <unknown>\n#7 0x55b19c578173 <unknown>\n#8 0x55b19c5492d3 <unknown>\n#9 0x55b19c549c9e <unknown>\n#10 0x55b19c7db90b <unknown>\n#11 0x55b19c7df785 <unknown>\n#12 0x55b19c7c8321 <unknown>\n#13 0x55b19c7e0312 <unknown>\n#14 0x55b19c7ac1bf <unknown>\n#15 0x55b19c805e08 <unknown>\n#16 0x55b19c806003 <unknown>\n#17 0x55b19c816984 <unknown>\n#18 0x7f586ad54134 <unknown>","time":{"start":1708477668060,"stop":1708477668486,"duration":426}},{"uid":"6c9959e58e3b2ace","reportUrl":"https://zaelcovsky.github.io/StroyremAutomation/238//#testresult/6c9959e58e3b2ace","status":"broken","statusDetails":"selenium.common.exceptions.NoSuchElementException: Message: no such element: Unable to locate element: {\"method\":\"xpath\",\"selector\":\"(//a[@class='add-to-cart yellow-btn'])[1]\"}\n  (Session info: chrome-headless-shell=121.0.6167.184); For documentation on this error, please visit: https://www.selenium.dev/documentation/webdriver/troubleshooting/errors#no-such-element-exception\nStacktrace:\n#0 0x55a046a0a303 <unknown>\n#1 0x55a0466ef2b7 <unknown>\n#2 0x55a04673acc0 <unknown>\n#3 0x55a04673adb1 <unknown>\n#4 0x55a04677eb44 <unknown>\n#5 0x55a04675d3ad <unknown>\n#6 0x55a04677c07c <unknown>\n#7 0x55a04675d123 <unknown>\n#8 0x55a04672d095 <unknown>\n#9 0x55a04672e09e <unknown>\n#10 0x55a0469ce6ab <unknown>\n#11 0x55a0469d24ba <unknown>\n#12 0x55a0469baf85 <unknown>\n#13 0x55a0469d312f <unknown>\n#14 0x55a04699ee6f <unknown>\n#15 0x55a0469f75f8 <unknown>\n#16 0x55a0469f77c2 <unknown>\n#17 0x55a046a094a4 <unknown>\n#18 0x7f7c3af1d134 <unknown>","time":{"start":1708391202433,"stop":1708391202790,"duration":357}},{"uid":"5b64eadcddf7ff27","reportUrl":"https://zaelcovsky.github.io/StroyremAutomation/237//#testresult/5b64eadcddf7ff27","status":"broken","statusDetails":"selenium.common.exceptions.NoSuchElementException: Message: no such element: Unable to locate element: {\"method\":\"xpath\",\"selector\":\"(//a[@class='add-to-cart yellow-btn'])[1]\"}\n  (Session info: chrome-headless-shell=121.0.6167.184); For documentation on this error, please visit: https://www.selenium.dev/documentation/webdriver/troubleshooting/errors#no-such-element-exception\nStacktrace:\n#0 0x55c993609303 <unknown>\n#1 0x55c9932ee2b7 <unknown>\n#2 0x55c993339cc0 <unknown>\n#3 0x55c993339db1 <unknown>\n#4 0x55c99337db44 <unknown>\n#5 0x55c99335c3ad <unknown>\n#6 0x55c99337b07c <unknown>\n#7 0x55c99335c123 <unknown>\n#8 0x55c99332c095 <unknown>\n#9 0x55c99332d09e <unknown>\n#10 0x55c9935cd6ab <unknown>\n#11 0x55c9935d14ba <unknown>\n#12 0x55c9935b9f85 <unknown>\n#13 0x55c9935d212f <unknown>\n#14 0x55c99359de6f <unknown>\n#15 0x55c9935f65f8 <unknown>\n#16 0x55c9935f67c2 <unknown>\n#17 0x55c9936084a4 <unknown>\n#18 0x7f27cd45f134 <unknown>","time":{"start":1708305009386,"stop":1708305009839,"duration":453}},{"uid":"fb79af96ec0637a4","reportUrl":"https://zaelcovsky.github.io/StroyremAutomation/236//#testresult/fb79af96ec0637a4","status":"broken","statusDetails":"selenium.common.exceptions.NoSuchElementException: Message: no such element: Unable to locate element: {\"method\":\"xpath\",\"selector\":\"(//a[@class='add-to-cart yellow-btn'])[1]\"}\n  (Session info: chrome-headless-shell=121.0.6167.184); For documentation on this error, please visit: https://www.selenium.dev/documentation/webdriver/troubleshooting/errors#no-such-element-exception\nStacktrace:\n#0 0x5576f424e303 <unknown>\n#1 0x5576f3f332b7 <unknown>\n#2 0x5576f3f7ecc0 <unknown>\n#3 0x5576f3f7edb1 <unknown>\n#4 0x5576f3fc2b44 <unknown>\n#5 0x5576f3fa13ad <unknown>\n#6 0x5576f3fc007c <unknown>\n#7 0x5576f3fa1123 <unknown>\n#8 0x5576f3f71095 <unknown>\n#9 0x5576f3f7209e <unknown>\n#10 0x5576f42126ab <unknown>\n#11 0x5576f42164ba <unknown>\n#12 0x5576f41fef85 <unknown>\n#13 0x5576f421712f <unknown>\n#14 0x5576f41e2e6f <unknown>\n#15 0x5576f423b5f8 <unknown>\n#16 0x5576f423b7c2 <unknown>\n#17 0x5576f424d4a4 <unknown>\n#18 0x7f7af5c73134 <unknown>","time":{"start":1708218697132,"stop":1708218697583,"duration":451}},{"uid":"3a747a99db346d79","reportUrl":"https://zaelcovsky.github.io/StroyremAutomation/235//#testresult/3a747a99db346d79","status":"broken","statusDetails":"selenium.common.exceptions.NoSuchElementException: Message: no such element: Unable to locate element: {\"method\":\"xpath\",\"selector\":\"(//a[@class='add-to-cart yellow-btn'])[1]\"}\n  (Session info: chrome-headless-shell=121.0.6167.184); For documentation on this error, please visit: https://www.selenium.dev/documentation/webdriver/troubleshooting/errors#no-such-element-exception\nStacktrace:\n#0 0x56061cc83303 <unknown>\n#1 0x56061c9682b7 <unknown>\n#2 0x56061c9b3cc0 <unknown>\n#3 0x56061c9b3db1 <unknown>\n#4 0x56061c9f7b44 <unknown>\n#5 0x56061c9d63ad <unknown>\n#6 0x56061c9f507c <unknown>\n#7 0x56061c9d6123 <unknown>\n#8 0x56061c9a6095 <unknown>\n#9 0x56061c9a709e <unknown>\n#10 0x56061cc476ab <unknown>\n#11 0x56061cc4b4ba <unknown>\n#12 0x56061cc33f85 <unknown>\n#13 0x56061cc4c12f <unknown>\n#14 0x56061cc17e6f <unknown>\n#15 0x56061cc705f8 <unknown>\n#16 0x56061cc707c2 <unknown>\n#17 0x56061cc824a4 <unknown>\n#18 0x7ff9366cf134 <unknown>","time":{"start":1708131992528,"stop":1708131992939,"duration":411}},{"uid":"e7bb5d64f1b2d6ec","reportUrl":"https://zaelcovsky.github.io/StroyremAutomation/234//#testresult/e7bb5d64f1b2d6ec","status":"broken","statusDetails":"selenium.common.exceptions.NoSuchElementException: Message: no such element: Unable to locate element: {\"method\":\"xpath\",\"selector\":\"(//a[@class='add-to-cart yellow-btn'])[1]\"}\n  (Session info: chrome-headless-shell=121.0.6167.85); For documentation on this error, please visit: https://www.selenium.dev/documentation/webdriver/troubleshooting/errors#no-such-element-exception\nStacktrace:\n#0 0x561582077d93 <unknown>\n#1 0x561581d5b337 <unknown>\n#2 0x561581da6d60 <unknown>\n#3 0x561581da6e51 <unknown>\n#4 0x561581deabc4 <unknown>\n#5 0x561581dc946d <unknown>\n#6 0x561581de812d <unknown>\n#7 0x561581dc91e3 <unknown>\n#8 0x561581d99135 <unknown>\n#9 0x561581d9a13e <unknown>\n#10 0x56158203be4b <unknown>\n#11 0x56158203fdfa <unknown>\n#12 0x5615820286d5 <unknown>\n#13 0x561582040a6f <unknown>\n#14 0x56158200c69f <unknown>\n#15 0x561582065098 <unknown>\n#16 0x561582065262 <unknown>\n#17 0x561582076f34 <unknown>\n#18 0x7fed25e06134 <unknown>","time":{"start":1708045640516,"stop":1708045640930,"duration":414}},{"uid":"2d25c07d44a3468b","reportUrl":"https://zaelcovsky.github.io/StroyremAutomation/233//#testresult/2d25c07d44a3468b","status":"broken","statusDetails":"selenium.common.exceptions.NoSuchElementException: Message: no such element: Unable to locate element: {\"method\":\"xpath\",\"selector\":\"(//a[@class='add-to-cart yellow-btn'])[1]\"}\n  (Session info: chrome-headless-shell=121.0.6167.85); For documentation on this error, please visit: https://www.selenium.dev/documentation/webdriver/troubleshooting/errors#no-such-element-exception\nStacktrace:\n#0 0x5601233bad93 <unknown>\n#1 0x56012309e337 <unknown>\n#2 0x5601230e9d60 <unknown>\n#3 0x5601230e9e51 <unknown>\n#4 0x56012312dbc4 <unknown>\n#5 0x56012310c46d <unknown>\n#6 0x56012312b12d <unknown>\n#7 0x56012310c1e3 <unknown>\n#8 0x5601230dc135 <unknown>\n#9 0x5601230dd13e <unknown>\n#10 0x56012337ee4b <unknown>\n#11 0x560123382dfa <unknown>\n#12 0x56012336b6d5 <unknown>\n#13 0x560123383a6f <unknown>\n#14 0x56012334f69f <unknown>\n#15 0x5601233a8098 <unknown>\n#16 0x5601233a8262 <unknown>\n#17 0x5601233b9f34 <unknown>\n#18 0x7ff09b61c134 <unknown>","time":{"start":1707959345024,"stop":1707959345430,"duration":406}},{"uid":"dcf078508142a9f5","reportUrl":"https://zaelcovsky.github.io/StroyremAutomation/232//#testresult/dcf078508142a9f5","status":"broken","statusDetails":"selenium.common.exceptions.NoSuchElementException: Message: no such element: Unable to locate element: {\"method\":\"xpath\",\"selector\":\"(//a[@class='add-to-cart yellow-btn'])[1]\"}\n  (Session info: chrome-headless-shell=121.0.6167.85); For documentation on this error, please visit: https://www.selenium.dev/documentation/webdriver/troubleshooting/errors#no-such-element-exception\nStacktrace:\n#0 0x55c147f35d93 <unknown>\n#1 0x55c147c19337 <unknown>\n#2 0x55c147c64d60 <unknown>\n#3 0x55c147c64e51 <unknown>\n#4 0x55c147ca8bc4 <unknown>\n#5 0x55c147c8746d <unknown>\n#6 0x55c147ca612d <unknown>\n#7 0x55c147c871e3 <unknown>\n#8 0x55c147c57135 <unknown>\n#9 0x55c147c5813e <unknown>\n#10 0x55c147ef9e4b <unknown>\n#11 0x55c147efddfa <unknown>\n#12 0x55c147ee66d5 <unknown>\n#13 0x55c147efea6f <unknown>\n#14 0x55c147eca69f <unknown>\n#15 0x55c147f23098 <unknown>\n#16 0x55c147f23262 <unknown>\n#17 0x55c147f34f34 <unknown>\n#18 0x7fc606d9f134 <unknown>","time":{"start":1707872889394,"stop":1707872889826,"duration":432}},{"uid":"d94ed0c1c0bfd2b2","reportUrl":"https://zaelcovsky.github.io/StroyremAutomation/231//#testresult/d94ed0c1c0bfd2b2","status":"broken","statusDetails":"selenium.common.exceptions.NoSuchElementException: Message: no such element: Unable to locate element: {\"method\":\"xpath\",\"selector\":\"(//a[@class='add-to-cart yellow-btn'])[1]\"}\n  (Session info: chrome-headless-shell=121.0.6167.85); For documentation on this error, please visit: https://www.selenium.dev/documentation/webdriver/troubleshooting/errors#no-such-element-exception\nStacktrace:\n#0 0x559371946d93 <unknown>\n#1 0x55937162a337 <unknown>\n#2 0x559371675d60 <unknown>\n#3 0x559371675e51 <unknown>\n#4 0x5593716b9bc4 <unknown>\n#5 0x55937169846d <unknown>\n#6 0x5593716b712d <unknown>\n#7 0x5593716981e3 <unknown>\n#8 0x559371668135 <unknown>\n#9 0x55937166913e <unknown>\n#10 0x55937190ae4b <unknown>\n#11 0x55937190edfa <unknown>\n#12 0x5593718f76d5 <unknown>\n#13 0x55937190fa6f <unknown>\n#14 0x5593718db69f <unknown>\n#15 0x559371934098 <unknown>\n#16 0x559371934262 <unknown>\n#17 0x559371945f34 <unknown>\n#18 0x7f89c8cda134 <unknown>","time":{"start":1707786596490,"stop":1707786597106,"duration":616}},{"uid":"382f30f0761551ec","reportUrl":"https://zaelcovsky.github.io/StroyremAutomation/230//#testresult/382f30f0761551ec","status":"broken","statusDetails":"selenium.common.exceptions.NoSuchElementException: Message: no such element: Unable to locate element: {\"method\":\"xpath\",\"selector\":\"(//a[@class='add-to-cart yellow-btn'])[1]\"}\n  (Session info: chrome-headless-shell=121.0.6167.85); For documentation on this error, please visit: https://www.selenium.dev/documentation/webdriver/troubleshooting/errors#no-such-element-exception\nStacktrace:\n#0 0x55da42cc8d93 <unknown>\n#1 0x55da429ac337 <unknown>\n#2 0x55da429f7d60 <unknown>\n#3 0x55da429f7e51 <unknown>\n#4 0x55da42a3bbc4 <unknown>\n#5 0x55da42a1a46d <unknown>\n#6 0x55da42a3912d <unknown>\n#7 0x55da42a1a1e3 <unknown>\n#8 0x55da429ea135 <unknown>\n#9 0x55da429eb13e <unknown>\n#10 0x55da42c8ce4b <unknown>\n#11 0x55da42c90dfa <unknown>\n#12 0x55da42c796d5 <unknown>\n#13 0x55da42c91a6f <unknown>\n#14 0x55da42c5d69f <unknown>\n#15 0x55da42cb6098 <unknown>\n#16 0x55da42cb6262 <unknown>\n#17 0x55da42cc7f34 <unknown>\n#18 0x7f59e681d134 <unknown>","time":{"start":1707700086895,"stop":1707700087425,"duration":530}},{"uid":"fb59a368ca6d9359","reportUrl":"https://zaelcovsky.github.io/StroyremAutomation/229//#testresult/fb59a368ca6d9359","status":"broken","statusDetails":"selenium.common.exceptions.NoSuchElementException: Message: no such element: Unable to locate element: {\"method\":\"xpath\",\"selector\":\"(//a[@class='add-to-cart yellow-btn'])[1]\"}\n  (Session info: chrome-headless-shell=121.0.6167.85); For documentation on this error, please visit: https://www.selenium.dev/documentation/webdriver/troubleshooting/errors#no-such-element-exception\nStacktrace:\n#0 0x56019135dd93 <unknown>\n#1 0x560191041337 <unknown>\n#2 0x56019108cd60 <unknown>\n#3 0x56019108ce51 <unknown>\n#4 0x5601910d0bc4 <unknown>\n#5 0x5601910af46d <unknown>\n#6 0x5601910ce12d <unknown>\n#7 0x5601910af1e3 <unknown>\n#8 0x56019107f135 <unknown>\n#9 0x56019108013e <unknown>\n#10 0x560191321e4b <unknown>\n#11 0x560191325dfa <unknown>\n#12 0x56019130e6d5 <unknown>\n#13 0x560191326a6f <unknown>\n#14 0x5601912f269f <unknown>\n#15 0x56019134b098 <unknown>\n#16 0x56019134b262 <unknown>\n#17 0x56019135cf34 <unknown>\n#18 0x7f45db9fa134 <unknown>","time":{"start":1707613912025,"stop":1707613912437,"duration":412}},{"uid":"96841bc45239751b","reportUrl":"https://zaelcovsky.github.io/StroyremAutomation/228//#testresult/96841bc45239751b","status":"broken","statusDetails":"selenium.common.exceptions.NoSuchElementException: Message: no such element: Unable to locate element: {\"method\":\"xpath\",\"selector\":\"(//a[@class='add-to-cart yellow-btn'])[1]\"}\n  (Session info: chrome-headless-shell=121.0.6167.85); For documentation on this error, please visit: https://www.selenium.dev/documentation/webdriver/troubleshooting/errors#no-such-element-exception\nStacktrace:\n#0 0x56266ac83d93 <unknown>\n#1 0x56266a967337 <unknown>\n#2 0x56266a9b2d60 <unknown>\n#3 0x56266a9b2e51 <unknown>\n#4 0x56266a9f6bc4 <unknown>\n#5 0x56266a9d546d <unknown>\n#6 0x56266a9f412d <unknown>\n#7 0x56266a9d51e3 <unknown>\n#8 0x56266a9a5135 <unknown>\n#9 0x56266a9a613e <unknown>\n#10 0x56266ac47e4b <unknown>\n#11 0x56266ac4bdfa <unknown>\n#12 0x56266ac346d5 <unknown>\n#13 0x56266ac4ca6f <unknown>\n#14 0x56266ac1869f <unknown>\n#15 0x56266ac71098 <unknown>\n#16 0x56266ac71262 <unknown>\n#17 0x56266ac82f34 <unknown>\n#18 0x7feda2da8134 <unknown>","time":{"start":1707527121563,"stop":1707527121970,"duration":407}},{"uid":"9c806b9df8ad97d1","reportUrl":"https://zaelcovsky.github.io/StroyremAutomation/227//#testresult/9c806b9df8ad97d1","status":"broken","statusDetails":"selenium.common.exceptions.NoSuchElementException: Message: no such element: Unable to locate element: {\"method\":\"xpath\",\"selector\":\"(//a[@class='add-to-cart yellow-btn'])[1]\"}\n  (Session info: chrome-headless-shell=121.0.6167.85); For documentation on this error, please visit: https://www.selenium.dev/documentation/webdriver/troubleshooting/errors#no-such-element-exception\nStacktrace:\n#0 0x56241eb02d93 <unknown>\n#1 0x56241e7e6337 <unknown>\n#2 0x56241e831d60 <unknown>\n#3 0x56241e831e51 <unknown>\n#4 0x56241e875bc4 <unknown>\n#5 0x56241e85446d <unknown>\n#6 0x56241e87312d <unknown>\n#7 0x56241e8541e3 <unknown>\n#8 0x56241e824135 <unknown>\n#9 0x56241e82513e <unknown>\n#10 0x56241eac6e4b <unknown>\n#11 0x56241eacadfa <unknown>\n#12 0x56241eab36d5 <unknown>\n#13 0x56241eacba6f <unknown>\n#14 0x56241ea9769f <unknown>\n#15 0x56241eaf0098 <unknown>\n#16 0x56241eaf0262 <unknown>\n#17 0x56241eb01f34 <unknown>\n#18 0x7f74f05cf134 <unknown>","time":{"start":1707440810685,"stop":1707440811156,"duration":471}},{"uid":"83b0ca4baa56630d","reportUrl":"https://zaelcovsky.github.io/StroyremAutomation/226//#testresult/83b0ca4baa56630d","status":"broken","statusDetails":"selenium.common.exceptions.NoSuchElementException: Message: no such element: Unable to locate element: {\"method\":\"xpath\",\"selector\":\"(//a[@class='add-to-cart yellow-btn'])[1]\"}\n  (Session info: chrome-headless-shell=121.0.6167.85); For documentation on this error, please visit: https://www.selenium.dev/documentation/webdriver/troubleshooting/errors#no-such-element-exception\nStacktrace:\n#0 0x561d3c247d93 <unknown>\n#1 0x561d3bf2b337 <unknown>\n#2 0x561d3bf76d60 <unknown>\n#3 0x561d3bf76e51 <unknown>\n#4 0x561d3bfbabc4 <unknown>\n#5 0x561d3bf9946d <unknown>\n#6 0x561d3bfb812d <unknown>\n#7 0x561d3bf991e3 <unknown>\n#8 0x561d3bf69135 <unknown>\n#9 0x561d3bf6a13e <unknown>\n#10 0x561d3c20be4b <unknown>\n#11 0x561d3c20fdfa <unknown>\n#12 0x561d3c1f86d5 <unknown>\n#13 0x561d3c210a6f <unknown>\n#14 0x561d3c1dc69f <unknown>\n#15 0x561d3c235098 <unknown>\n#16 0x561d3c235262 <unknown>\n#17 0x561d3c246f34 <unknown>\n#18 0x7f40c8607134 <unknown>","time":{"start":1707354398979,"stop":1707354399400,"duration":421}},{"uid":"dab141d16e4d581a","reportUrl":"https://zaelcovsky.github.io/StroyremAutomation/225//#testresult/dab141d16e4d581a","status":"broken","statusDetails":"selenium.common.exceptions.NoSuchElementException: Message: no such element: Unable to locate element: {\"method\":\"xpath\",\"selector\":\"(//a[@class='add-to-cart yellow-btn'])[1]\"}\n  (Session info: chrome-headless-shell=121.0.6167.85); For documentation on this error, please visit: https://www.selenium.dev/documentation/webdriver/troubleshooting/errors#no-such-element-exception\nStacktrace:\n#0 0x5637c2b18d93 <unknown>\n#1 0x5637c27fc337 <unknown>\n#2 0x5637c2847d60 <unknown>\n#3 0x5637c2847e51 <unknown>\n#4 0x5637c288bbc4 <unknown>\n#5 0x5637c286a46d <unknown>\n#6 0x5637c288912d <unknown>\n#7 0x5637c286a1e3 <unknown>\n#8 0x5637c283a135 <unknown>\n#9 0x5637c283b13e <unknown>\n#10 0x5637c2adce4b <unknown>\n#11 0x5637c2ae0dfa <unknown>\n#12 0x5637c2ac96d5 <unknown>\n#13 0x5637c2ae1a6f <unknown>\n#14 0x5637c2aad69f <unknown>\n#15 0x5637c2b06098 <unknown>\n#16 0x5637c2b06262 <unknown>\n#17 0x5637c2b17f34 <unknown>\n#18 0x7f42d9643134 <unknown>","time":{"start":1707267945133,"stop":1707267945590,"duration":457}},{"uid":"d3828c2dde4b5130","reportUrl":"https://zaelcovsky.github.io/StroyremAutomation/224//#testresult/d3828c2dde4b5130","status":"broken","statusDetails":"selenium.common.exceptions.NoSuchElementException: Message: no such element: Unable to locate element: {\"method\":\"xpath\",\"selector\":\"(//a[@class='add-to-cart yellow-btn'])[1]\"}\n  (Session info: chrome-headless-shell=121.0.6167.85); For documentation on this error, please visit: https://www.selenium.dev/documentation/webdriver/troubleshooting/errors#no-such-element-exception\nStacktrace:\n#0 0x55e8e9facd93 <unknown>\n#1 0x55e8e9c90337 <unknown>\n#2 0x55e8e9cdbd60 <unknown>\n#3 0x55e8e9cdbe51 <unknown>\n#4 0x55e8e9d1fbc4 <unknown>\n#5 0x55e8e9cfe46d <unknown>\n#6 0x55e8e9d1d12d <unknown>\n#7 0x55e8e9cfe1e3 <unknown>\n#8 0x55e8e9cce135 <unknown>\n#9 0x55e8e9ccf13e <unknown>\n#10 0x55e8e9f70e4b <unknown>\n#11 0x55e8e9f74dfa <unknown>\n#12 0x55e8e9f5d6d5 <unknown>\n#13 0x55e8e9f75a6f <unknown>\n#14 0x55e8e9f4169f <unknown>\n#15 0x55e8e9f9a098 <unknown>\n#16 0x55e8e9f9a262 <unknown>\n#17 0x55e8e9fabf34 <unknown>\n#18 0x7f259e85b134 <unknown>","time":{"start":1707181648857,"stop":1707181649142,"duration":285}},{"uid":"642bf803fc3bd6a7","reportUrl":"https://zaelcovsky.github.io/StroyremAutomation/223//#testresult/642bf803fc3bd6a7","status":"broken","statusDetails":"selenium.common.exceptions.NoSuchElementException: Message: no such element: Unable to locate element: {\"method\":\"xpath\",\"selector\":\"(//a[@class='add-to-cart yellow-btn'])[1]\"}\n  (Session info: chrome-headless-shell=121.0.6167.85); For documentation on this error, please visit: https://www.selenium.dev/documentation/webdriver/troubleshooting/errors#no-such-element-exception\nStacktrace:\n#0 0x55ea15fa0d93 <unknown>\n#1 0x55ea15c84337 <unknown>\n#2 0x55ea15ccfd60 <unknown>\n#3 0x55ea15ccfe51 <unknown>\n#4 0x55ea15d13bc4 <unknown>\n#5 0x55ea15cf246d <unknown>\n#6 0x55ea15d1112d <unknown>\n#7 0x55ea15cf21e3 <unknown>\n#8 0x55ea15cc2135 <unknown>\n#9 0x55ea15cc313e <unknown>\n#10 0x55ea15f64e4b <unknown>\n#11 0x55ea15f68dfa <unknown>\n#12 0x55ea15f516d5 <unknown>\n#13 0x55ea15f69a6f <unknown>\n#14 0x55ea15f3569f <unknown>\n#15 0x55ea15f8e098 <unknown>\n#16 0x55ea15f8e262 <unknown>\n#17 0x55ea15f9ff34 <unknown>\n#18 0x7f279a7dd134 <unknown>","time":{"start":1707095375646,"stop":1707095376063,"duration":417}},{"uid":"a2c3a9db79ab0a2f","reportUrl":"https://zaelcovsky.github.io/StroyremAutomation/222//#testresult/a2c3a9db79ab0a2f","status":"broken","statusDetails":"selenium.common.exceptions.NoSuchElementException: Message: no such element: Unable to locate element: {\"method\":\"xpath\",\"selector\":\"(//a[@class='add-to-cart yellow-btn'])[1]\"}\n  (Session info: chrome-headless-shell=121.0.6167.85); For documentation on this error, please visit: https://www.selenium.dev/documentation/webdriver/troubleshooting/errors#no-such-element-exception\nStacktrace:\n#0 0x55e12e259d93 <unknown>\n#1 0x55e12df3d337 <unknown>\n#2 0x55e12df88d60 <unknown>\n#3 0x55e12df88e51 <unknown>\n#4 0x55e12dfccbc4 <unknown>\n#5 0x55e12dfab46d <unknown>\n#6 0x55e12dfca12d <unknown>\n#7 0x55e12dfab1e3 <unknown>\n#8 0x55e12df7b135 <unknown>\n#9 0x55e12df7c13e <unknown>\n#10 0x55e12e21de4b <unknown>\n#11 0x55e12e221dfa <unknown>\n#12 0x55e12e20a6d5 <unknown>\n#13 0x55e12e222a6f <unknown>\n#14 0x55e12e1ee69f <unknown>\n#15 0x55e12e247098 <unknown>\n#16 0x55e12e247262 <unknown>\n#17 0x55e12e258f34 <unknown>\n#18 0x7f92bf5d8134 <unknown>","time":{"start":1707009128099,"stop":1707009128418,"duration":319}}]},"tags":["smoke"]},"source":"99084fa64a75109d.json","parameterValues":["2190","16","'TD 005'","1590","'products/shtukaturka-gipsovaya-aksolit-m50-30-kg-mashinnogo-naneseniya'","600","'https://sandboxtest.stroyrem-nn.ru/'","500"]}