{"uid":"810478ee4667f925","name":"TC 018 - Проверка функциональности ссылки 'Акции'","fullName":"tests.test_main_page.TestMainPage#test_positive_footer_sale_smoke","historyId":"7c44ee0a7729c87256702511cdfce3ef","time":{"start":1706922194281,"stop":1706922194294,"duration":13},"status":"broken","statusMessage":"selenium.common.exceptions.NoSuchElementException: Message: no such element: Unable to locate element: {\"method\":\"xpath\",\"selector\":\"(//a[contains(text(), 'Акции')])[2]\"}\n  (Session info: chrome-headless-shell=121.0.6167.85); For documentation on this error, please visit: https://www.selenium.dev/documentation/webdriver/troubleshooting/errors#no-such-element-exception\nStacktrace:\n#0 0x564c3bc36d93 <unknown>\n#1 0x564c3b91a337 <unknown>\n#2 0x564c3b965d60 <unknown>\n#3 0x564c3b965e51 <unknown>\n#4 0x564c3b9a9bc4 <unknown>\n#5 0x564c3b98846d <unknown>\n#6 0x564c3b9a712d <unknown>\n#7 0x564c3b9881e3 <unknown>\n#8 0x564c3b958135 <unknown>\n#9 0x564c3b95913e <unknown>\n#10 0x564c3bbfae4b <unknown>\n#11 0x564c3bbfedfa <unknown>\n#12 0x564c3bbe76d5 <unknown>\n#13 0x564c3bbffa6f <unknown>\n#14 0x564c3bbcb69f <unknown>\n#15 0x564c3bc24098 <unknown>\n#16 0x564c3bc24262 <unknown>\n#17 0x564c3bc35f34 <unknown>\n#18 0x7f6016950134 <unknown>","statusTrace":"self = <tests.test_main_page.TestMainPage object at 0x7fafd79a2050>\nmain_page = <pages.main_page.MainPage object at 0x7fafd6eafe50>\n\n    @allure.feature(\"Footer functionality\")\n    @allure.title(\"TC 018 - Проверка функциональности ссылки 'Акции'\")\n    @pytest.mark.smoke_test\n    def test_positive_footer_sale_smoke(self, main_page):\n>       title = main_page.check_shares_link()\n\ntests/test_main_page.py:161: \n_ _ _ _ _ _ _ _ _ _ _ _ _ _ _ _ _ _ _ _ _ _ _ _ _ _ _ _ _ _ _ _ _ _ _ _ _ _ _ _ \npages/main_page.py:188: in check_shares_link\n    self.driver.find_element(*self._shares_link).click()\n/usr/local/lib/python3.11/site-packages/selenium/webdriver/remote/webdriver.py:740: in find_element\n    return self.execute(Command.FIND_ELEMENT, {\"using\": by, \"value\": value})[\"value\"]\n/usr/local/lib/python3.11/site-packages/selenium/webdriver/remote/webdriver.py:346: in execute\n    self.error_handler.check_response(response)\n_ _ _ _ _ _ _ _ _ _ _ _ _ _ _ _ _ _ _ _ _ _ _ _ _ _ _ _ _ _ _ _ _ _ _ _ _ _ _ _ \n\nself = <selenium.webdriver.remote.errorhandler.ErrorHandler object at 0x7fafd81d4b90>\nresponse = {'status': 404, 'value': '{\"value\":{\"error\":\"no such element\",\"message\":\"no such element: Unable to locate element: {\\...\\\\n#16 0x564c3bc24262 \\\\u003Cunknown>\\\\n#17 0x564c3bc35f34 \\\\u003Cunknown>\\\\n#18 0x7f6016950134 \\\\u003Cunknown>\\\\n\"}}'}\n\n    def check_response(self, response: Dict[str, Any]) -> None:\n        \"\"\"Checks that a JSON response from the WebDriver does not have an\n        error.\n    \n        :Args:\n         - response - The JSON response from the WebDriver server as a dictionary\n           object.\n    \n        :Raises: If the response contains an error message.\n        \"\"\"\n        status = response.get(\"status\", None)\n        if not status or status == ErrorCode.SUCCESS:\n            return\n        value = None\n        message = response.get(\"message\", \"\")\n        screen: str = response.get(\"screen\", \"\")\n        stacktrace = None\n        if isinstance(status, int):\n            value_json = response.get(\"value\", None)\n            if value_json and isinstance(value_json, str):\n                import json\n    \n                try:\n                    value = json.loads(value_json)\n                    if len(value) == 1:\n                        value = value[\"value\"]\n                    status = value.get(\"error\", None)\n                    if not status:\n                        status = value.get(\"status\", ErrorCode.UNKNOWN_ERROR)\n                        message = value.get(\"value\") or value.get(\"message\")\n                        if not isinstance(message, str):\n                            value = message\n                            message = message.get(\"message\")\n                    else:\n                        message = value.get(\"message\", None)\n                except ValueError:\n                    pass\n    \n        exception_class: Type[WebDriverException]\n        if status in ErrorCode.NO_SUCH_ELEMENT:\n            exception_class = NoSuchElementException\n        elif status in ErrorCode.NO_SUCH_FRAME:\n            exception_class = NoSuchFrameException\n        elif status in ErrorCode.NO_SUCH_SHADOW_ROOT:\n            exception_class = NoSuchShadowRootException\n        elif status in ErrorCode.NO_SUCH_WINDOW:\n            exception_class = NoSuchWindowException\n        elif status in ErrorCode.STALE_ELEMENT_REFERENCE:\n            exception_class = StaleElementReferenceException\n        elif status in ErrorCode.ELEMENT_NOT_VISIBLE:\n            exception_class = ElementNotVisibleException\n        elif status in ErrorCode.INVALID_ELEMENT_STATE:\n            exception_class = InvalidElementStateException\n        elif (\n            status in ErrorCode.INVALID_SELECTOR\n            or status in ErrorCode.INVALID_XPATH_SELECTOR\n            or status in ErrorCode.INVALID_XPATH_SELECTOR_RETURN_TYPER\n        ):\n            exception_class = InvalidSelectorException\n        elif status in ErrorCode.ELEMENT_IS_NOT_SELECTABLE:\n            exception_class = ElementNotSelectableException\n        elif status in ErrorCode.ELEMENT_NOT_INTERACTABLE:\n            exception_class = ElementNotInteractableException\n        elif status in ErrorCode.INVALID_COOKIE_DOMAIN:\n            exception_class = InvalidCookieDomainException\n        elif status in ErrorCode.UNABLE_TO_SET_COOKIE:\n            exception_class = UnableToSetCookieException\n        elif status in ErrorCode.TIMEOUT:\n            exception_class = TimeoutException\n        elif status in ErrorCode.SCRIPT_TIMEOUT:\n            exception_class = TimeoutException\n        elif status in ErrorCode.UNKNOWN_ERROR:\n            exception_class = WebDriverException\n        elif status in ErrorCode.UNEXPECTED_ALERT_OPEN:\n            exception_class = UnexpectedAlertPresentException\n        elif status in ErrorCode.NO_ALERT_OPEN:\n            exception_class = NoAlertPresentException\n        elif status in ErrorCode.IME_NOT_AVAILABLE:\n            exception_class = ImeNotAvailableException\n        elif status in ErrorCode.IME_ENGINE_ACTIVATION_FAILED:\n            exception_class = ImeActivationFailedException\n        elif status in ErrorCode.MOVE_TARGET_OUT_OF_BOUNDS:\n            exception_class = MoveTargetOutOfBoundsException\n        elif status in ErrorCode.JAVASCRIPT_ERROR:\n            exception_class = JavascriptException\n        elif status in ErrorCode.SESSION_NOT_CREATED:\n            exception_class = SessionNotCreatedException\n        elif status in ErrorCode.INVALID_ARGUMENT:\n            exception_class = InvalidArgumentException\n        elif status in ErrorCode.NO_SUCH_COOKIE:\n            exception_class = NoSuchCookieException\n        elif status in ErrorCode.UNABLE_TO_CAPTURE_SCREEN:\n            exception_class = ScreenshotException\n        elif status in ErrorCode.ELEMENT_CLICK_INTERCEPTED:\n            exception_class = ElementClickInterceptedException\n        elif status in ErrorCode.INSECURE_CERTIFICATE:\n            exception_class = InsecureCertificateException\n        elif status in ErrorCode.INVALID_COORDINATES:\n            exception_class = InvalidCoordinatesException\n        elif status in ErrorCode.INVALID_SESSION_ID:\n            exception_class = InvalidSessionIdException\n        elif status in ErrorCode.UNKNOWN_METHOD:\n            exception_class = UnknownMethodException\n        else:\n            exception_class = WebDriverException\n        if not value:\n            value = response[\"value\"]\n        if isinstance(value, str):\n            raise exception_class(value)\n        if message == \"\" and \"message\" in value:\n            message = value[\"message\"]\n    \n        screen = None  # type: ignore[assignment]\n        if \"screen\" in value:\n            screen = value[\"screen\"]\n    \n        stacktrace = None\n        st_value = value.get(\"stackTrace\") or value.get(\"stacktrace\")\n        if st_value:\n            if isinstance(st_value, str):\n                stacktrace = st_value.split(\"\\n\")\n            else:\n                stacktrace = []\n                try:\n                    for frame in st_value:\n                        line = frame.get(\"lineNumber\", \"\")\n                        file = frame.get(\"fileName\", \"<anonymous>\")\n                        if line:\n                            file = f\"{file}:{line}\"\n                        meth = frame.get(\"methodName\", \"<anonymous>\")\n                        if \"className\" in frame:\n                            meth = f\"{frame['className']}.{meth}\"\n                        msg = \"    at %s (%s)\"\n                        msg = msg % (meth, file)\n                        stacktrace.append(msg)\n                except TypeError:\n                    pass\n        if exception_class == UnexpectedAlertPresentException:\n            alert_text = None\n            if \"data\" in value:\n                alert_text = value[\"data\"].get(\"text\")\n            elif \"alert\" in value:\n                alert_text = value[\"alert\"].get(\"text\")\n            raise exception_class(message, screen, stacktrace, alert_text)  # type: ignore[call-arg]  # mypy is not smart enough here\n>       raise exception_class(message, screen, stacktrace)\nE       selenium.common.exceptions.NoSuchElementException: Message: no such element: Unable to locate element: {\"method\":\"xpath\",\"selector\":\"(//a[contains(text(), 'Акции')])[2]\"}\nE         (Session info: chrome-headless-shell=121.0.6167.85); For documentation on this error, please visit: https://www.selenium.dev/documentation/webdriver/troubleshooting/errors#no-such-element-exception\nE       Stacktrace:\nE       #0 0x564c3bc36d93 <unknown>\nE       #1 0x564c3b91a337 <unknown>\nE       #2 0x564c3b965d60 <unknown>\nE       #3 0x564c3b965e51 <unknown>\nE       #4 0x564c3b9a9bc4 <unknown>\nE       #5 0x564c3b98846d <unknown>\nE       #6 0x564c3b9a712d <unknown>\nE       #7 0x564c3b9881e3 <unknown>\nE       #8 0x564c3b958135 <unknown>\nE       #9 0x564c3b95913e <unknown>\nE       #10 0x564c3bbfae4b <unknown>\nE       #11 0x564c3bbfedfa <unknown>\nE       #12 0x564c3bbe76d5 <unknown>\nE       #13 0x564c3bbffa6f <unknown>\nE       #14 0x564c3bbcb69f <unknown>\nE       #15 0x564c3bc24098 <unknown>\nE       #16 0x564c3bc24262 <unknown>\nE       #17 0x564c3bc35f34 <unknown>\nE       #18 0x7f6016950134 <unknown>\n\n/usr/local/lib/python3.11/site-packages/selenium/webdriver/remote/errorhandler.py:245: NoSuchElementException","flaky":false,"newFailed":false,"newBroken":false,"newPassed":false,"retriesCount":0,"retriesStatusChange":false,"beforeStages":[{"name":"_session_faker","time":{"start":1706921981676,"stop":1706921981746,"duration":70},"status":"passed","steps":[],"attachments":[],"parameters":[],"shouldDisplayMessage":false,"stepsCount":0,"attachmentsCount":0,"hasContent":false,"attachmentStep":false},{"name":"clear_allure_results_folder","time":{"start":1706921981746,"stop":1706921981746,"duration":0},"status":"passed","steps":[],"attachments":[],"parameters":[],"shouldDisplayMessage":false,"stepsCount":0,"attachmentsCount":0,"hasContent":false,"attachmentStep":false},{"name":"driver","time":{"start":1706922192758,"stop":1706922193495,"duration":737},"status":"passed","steps":[],"attachments":[],"parameters":[],"shouldDisplayMessage":false,"stepsCount":0,"attachmentsCount":0,"hasContent":false,"attachmentStep":false},{"name":"setup","time":{"start":1706922193495,"stop":1706922193495,"duration":0},"status":"passed","steps":[],"attachments":[],"parameters":[],"shouldDisplayMessage":false,"stepsCount":0,"attachmentsCount":0,"hasContent":false,"attachmentStep":false},{"name":"main_page","time":{"start":1706922193495,"stop":1706922194281,"duration":786},"status":"passed","steps":[],"attachments":[],"parameters":[],"shouldDisplayMessage":false,"stepsCount":0,"attachmentsCount":0,"hasContent":false,"attachmentStep":false}],"testStage":{"status":"broken","statusMessage":"selenium.common.exceptions.NoSuchElementException: Message: no such element: Unable to locate element: {\"method\":\"xpath\",\"selector\":\"(//a[contains(text(), 'Акции')])[2]\"}\n  (Session info: chrome-headless-shell=121.0.6167.85); For documentation on this error, please visit: https://www.selenium.dev/documentation/webdriver/troubleshooting/errors#no-such-element-exception\nStacktrace:\n#0 0x564c3bc36d93 <unknown>\n#1 0x564c3b91a337 <unknown>\n#2 0x564c3b965d60 <unknown>\n#3 0x564c3b965e51 <unknown>\n#4 0x564c3b9a9bc4 <unknown>\n#5 0x564c3b98846d <unknown>\n#6 0x564c3b9a712d <unknown>\n#7 0x564c3b9881e3 <unknown>\n#8 0x564c3b958135 <unknown>\n#9 0x564c3b95913e <unknown>\n#10 0x564c3bbfae4b <unknown>\n#11 0x564c3bbfedfa <unknown>\n#12 0x564c3bbe76d5 <unknown>\n#13 0x564c3bbffa6f <unknown>\n#14 0x564c3bbcb69f <unknown>\n#15 0x564c3bc24098 <unknown>\n#16 0x564c3bc24262 <unknown>\n#17 0x564c3bc35f34 <unknown>\n#18 0x7f6016950134 <unknown>","statusTrace":"self = <tests.test_main_page.TestMainPage object at 0x7fafd79a2050>\nmain_page = <pages.main_page.MainPage object at 0x7fafd6eafe50>\n\n    @allure.feature(\"Footer functionality\")\n    @allure.title(\"TC 018 - Проверка функциональности ссылки 'Акции'\")\n    @pytest.mark.smoke_test\n    def test_positive_footer_sale_smoke(self, main_page):\n>       title = main_page.check_shares_link()\n\ntests/test_main_page.py:161: \n_ _ _ _ _ _ _ _ _ _ _ _ _ _ _ _ _ _ _ _ _ _ _ _ _ _ _ _ _ _ _ _ _ _ _ _ _ _ _ _ \npages/main_page.py:188: in check_shares_link\n    self.driver.find_element(*self._shares_link).click()\n/usr/local/lib/python3.11/site-packages/selenium/webdriver/remote/webdriver.py:740: in find_element\n    return self.execute(Command.FIND_ELEMENT, {\"using\": by, \"value\": value})[\"value\"]\n/usr/local/lib/python3.11/site-packages/selenium/webdriver/remote/webdriver.py:346: in execute\n    self.error_handler.check_response(response)\n_ _ _ _ _ _ _ _ _ _ _ _ _ _ _ _ _ _ _ _ _ _ _ _ _ _ _ _ _ _ _ _ _ _ _ _ _ _ _ _ \n\nself = <selenium.webdriver.remote.errorhandler.ErrorHandler object at 0x7fafd81d4b90>\nresponse = {'status': 404, 'value': '{\"value\":{\"error\":\"no such element\",\"message\":\"no such element: Unable to locate element: {\\...\\\\n#16 0x564c3bc24262 \\\\u003Cunknown>\\\\n#17 0x564c3bc35f34 \\\\u003Cunknown>\\\\n#18 0x7f6016950134 \\\\u003Cunknown>\\\\n\"}}'}\n\n    def check_response(self, response: Dict[str, Any]) -> None:\n        \"\"\"Checks that a JSON response from the WebDriver does not have an\n        error.\n    \n        :Args:\n         - response - The JSON response from the WebDriver server as a dictionary\n           object.\n    \n        :Raises: If the response contains an error message.\n        \"\"\"\n        status = response.get(\"status\", None)\n        if not status or status == ErrorCode.SUCCESS:\n            return\n        value = None\n        message = response.get(\"message\", \"\")\n        screen: str = response.get(\"screen\", \"\")\n        stacktrace = None\n        if isinstance(status, int):\n            value_json = response.get(\"value\", None)\n            if value_json and isinstance(value_json, str):\n                import json\n    \n                try:\n                    value = json.loads(value_json)\n                    if len(value) == 1:\n                        value = value[\"value\"]\n                    status = value.get(\"error\", None)\n                    if not status:\n                        status = value.get(\"status\", ErrorCode.UNKNOWN_ERROR)\n                        message = value.get(\"value\") or value.get(\"message\")\n                        if not isinstance(message, str):\n                            value = message\n                            message = message.get(\"message\")\n                    else:\n                        message = value.get(\"message\", None)\n                except ValueError:\n                    pass\n    \n        exception_class: Type[WebDriverException]\n        if status in ErrorCode.NO_SUCH_ELEMENT:\n            exception_class = NoSuchElementException\n        elif status in ErrorCode.NO_SUCH_FRAME:\n            exception_class = NoSuchFrameException\n        elif status in ErrorCode.NO_SUCH_SHADOW_ROOT:\n            exception_class = NoSuchShadowRootException\n        elif status in ErrorCode.NO_SUCH_WINDOW:\n            exception_class = NoSuchWindowException\n        elif status in ErrorCode.STALE_ELEMENT_REFERENCE:\n            exception_class = StaleElementReferenceException\n        elif status in ErrorCode.ELEMENT_NOT_VISIBLE:\n            exception_class = ElementNotVisibleException\n        elif status in ErrorCode.INVALID_ELEMENT_STATE:\n            exception_class = InvalidElementStateException\n        elif (\n            status in ErrorCode.INVALID_SELECTOR\n            or status in ErrorCode.INVALID_XPATH_SELECTOR\n            or status in ErrorCode.INVALID_XPATH_SELECTOR_RETURN_TYPER\n        ):\n            exception_class = InvalidSelectorException\n        elif status in ErrorCode.ELEMENT_IS_NOT_SELECTABLE:\n            exception_class = ElementNotSelectableException\n        elif status in ErrorCode.ELEMENT_NOT_INTERACTABLE:\n            exception_class = ElementNotInteractableException\n        elif status in ErrorCode.INVALID_COOKIE_DOMAIN:\n            exception_class = InvalidCookieDomainException\n        elif status in ErrorCode.UNABLE_TO_SET_COOKIE:\n            exception_class = UnableToSetCookieException\n        elif status in ErrorCode.TIMEOUT:\n            exception_class = TimeoutException\n        elif status in ErrorCode.SCRIPT_TIMEOUT:\n            exception_class = TimeoutException\n        elif status in ErrorCode.UNKNOWN_ERROR:\n            exception_class = WebDriverException\n        elif status in ErrorCode.UNEXPECTED_ALERT_OPEN:\n            exception_class = UnexpectedAlertPresentException\n        elif status in ErrorCode.NO_ALERT_OPEN:\n            exception_class = NoAlertPresentException\n        elif status in ErrorCode.IME_NOT_AVAILABLE:\n            exception_class = ImeNotAvailableException\n        elif status in ErrorCode.IME_ENGINE_ACTIVATION_FAILED:\n            exception_class = ImeActivationFailedException\n        elif status in ErrorCode.MOVE_TARGET_OUT_OF_BOUNDS:\n            exception_class = MoveTargetOutOfBoundsException\n        elif status in ErrorCode.JAVASCRIPT_ERROR:\n            exception_class = JavascriptException\n        elif status in ErrorCode.SESSION_NOT_CREATED:\n            exception_class = SessionNotCreatedException\n        elif status in ErrorCode.INVALID_ARGUMENT:\n            exception_class = InvalidArgumentException\n        elif status in ErrorCode.NO_SUCH_COOKIE:\n            exception_class = NoSuchCookieException\n        elif status in ErrorCode.UNABLE_TO_CAPTURE_SCREEN:\n            exception_class = ScreenshotException\n        elif status in ErrorCode.ELEMENT_CLICK_INTERCEPTED:\n            exception_class = ElementClickInterceptedException\n        elif status in ErrorCode.INSECURE_CERTIFICATE:\n            exception_class = InsecureCertificateException\n        elif status in ErrorCode.INVALID_COORDINATES:\n            exception_class = InvalidCoordinatesException\n        elif status in ErrorCode.INVALID_SESSION_ID:\n            exception_class = InvalidSessionIdException\n        elif status in ErrorCode.UNKNOWN_METHOD:\n            exception_class = UnknownMethodException\n        else:\n            exception_class = WebDriverException\n        if not value:\n            value = response[\"value\"]\n        if isinstance(value, str):\n            raise exception_class(value)\n        if message == \"\" and \"message\" in value:\n            message = value[\"message\"]\n    \n        screen = None  # type: ignore[assignment]\n        if \"screen\" in value:\n            screen = value[\"screen\"]\n    \n        stacktrace = None\n        st_value = value.get(\"stackTrace\") or value.get(\"stacktrace\")\n        if st_value:\n            if isinstance(st_value, str):\n                stacktrace = st_value.split(\"\\n\")\n            else:\n                stacktrace = []\n                try:\n                    for frame in st_value:\n                        line = frame.get(\"lineNumber\", \"\")\n                        file = frame.get(\"fileName\", \"<anonymous>\")\n                        if line:\n                            file = f\"{file}:{line}\"\n                        meth = frame.get(\"methodName\", \"<anonymous>\")\n                        if \"className\" in frame:\n                            meth = f\"{frame['className']}.{meth}\"\n                        msg = \"    at %s (%s)\"\n                        msg = msg % (meth, file)\n                        stacktrace.append(msg)\n                except TypeError:\n                    pass\n        if exception_class == UnexpectedAlertPresentException:\n            alert_text = None\n            if \"data\" in value:\n                alert_text = value[\"data\"].get(\"text\")\n            elif \"alert\" in value:\n                alert_text = value[\"alert\"].get(\"text\")\n            raise exception_class(message, screen, stacktrace, alert_text)  # type: ignore[call-arg]  # mypy is not smart enough here\n>       raise exception_class(message, screen, stacktrace)\nE       selenium.common.exceptions.NoSuchElementException: Message: no such element: Unable to locate element: {\"method\":\"xpath\",\"selector\":\"(//a[contains(text(), 'Акции')])[2]\"}\nE         (Session info: chrome-headless-shell=121.0.6167.85); For documentation on this error, please visit: https://www.selenium.dev/documentation/webdriver/troubleshooting/errors#no-such-element-exception\nE       Stacktrace:\nE       #0 0x564c3bc36d93 <unknown>\nE       #1 0x564c3b91a337 <unknown>\nE       #2 0x564c3b965d60 <unknown>\nE       #3 0x564c3b965e51 <unknown>\nE       #4 0x564c3b9a9bc4 <unknown>\nE       #5 0x564c3b98846d <unknown>\nE       #6 0x564c3b9a712d <unknown>\nE       #7 0x564c3b9881e3 <unknown>\nE       #8 0x564c3b958135 <unknown>\nE       #9 0x564c3b95913e <unknown>\nE       #10 0x564c3bbfae4b <unknown>\nE       #11 0x564c3bbfedfa <unknown>\nE       #12 0x564c3bbe76d5 <unknown>\nE       #13 0x564c3bbffa6f <unknown>\nE       #14 0x564c3bbcb69f <unknown>\nE       #15 0x564c3bc24098 <unknown>\nE       #16 0x564c3bc24262 <unknown>\nE       #17 0x564c3bc35f34 <unknown>\nE       #18 0x7f6016950134 <unknown>\n\n/usr/local/lib/python3.11/site-packages/selenium/webdriver/remote/errorhandler.py:245: NoSuchElementException","steps":[{"name":"Проверка функциональности ссылки 'Акции'","time":{"start":1706922194281,"stop":1706922194294,"duration":13},"status":"broken","statusMessage":"selenium.common.exceptions.NoSuchElementException: Message: no such element: Unable to locate element: {\"method\":\"xpath\",\"selector\":\"(//a[contains(text(), 'Акции')])[2]\"}\n  (Session info: chrome-headless-shell=121.0.6167.85); For documentation on this error, please visit: https://www.selenium.dev/documentation/webdriver/troubleshooting/errors#no-such-element-exception\nStacktrace:\n#0 0x564c3bc36d93 <unknown>\n#1 0x564c3b91a337 <unknown>\n#2 0x564c3b965d60 <unknown>\n#3 0x564c3b965e51 <unknown>\n#4 0x564c3b9a9bc4 <unknown>\n#5 0x564c3b98846d <unknown>\n#6 0x564c3b9a712d <unknown>\n#7 0x564c3b9881e3 <unknown>\n#8 0x564c3b958135 <unknown>\n#9 0x564c3b95913e <unknown>\n#10 0x564c3bbfae4b <unknown>\n#11 0x564c3bbfedfa <unknown>\n#12 0x564c3bbe76d5 <unknown>\n#13 0x564c3bbffa6f <unknown>\n#14 0x564c3bbcb69f <unknown>\n#15 0x564c3bc24098 <unknown>\n#16 0x564c3bc24262 <unknown>\n#17 0x564c3bc35f34 <unknown>\n#18 0x7f6016950134 <unknown>\n\n","statusTrace":"  File \"/usr/local/lib/python3.11/site-packages/allure_commons/_allure.py\", line 192, in impl\n    return func(*a, **kw)\n           ^^^^^^^^^^^^^^\n  File \"/app/pages/main_page.py\", line 188, in check_shares_link\n    self.driver.find_element(*self._shares_link).click()\n    ^^^^^^^^^^^^^^^^^^^^^^^^^^^^^^^^^^^^^^^^^^^^\n  File \"/usr/local/lib/python3.11/site-packages/selenium/webdriver/remote/webdriver.py\", line 740, in find_element\n    return self.execute(Command.FIND_ELEMENT, {\"using\": by, \"value\": value})[\"value\"]\n           ^^^^^^^^^^^^^^^^^^^^^^^^^^^^^^^^^^^^^^^^^^^^^^^^^^^^^^^^^^^^^^^^^\n  File \"/usr/local/lib/python3.11/site-packages/selenium/webdriver/remote/webdriver.py\", line 346, in execute\n    self.error_handler.check_response(response)\n  File \"/usr/local/lib/python3.11/site-packages/selenium/webdriver/remote/errorhandler.py\", line 245, in check_response\n    raise exception_class(message, screen, stacktrace)\n","steps":[],"attachments":[],"parameters":[],"shouldDisplayMessage":true,"stepsCount":0,"attachmentsCount":0,"hasContent":true,"attachmentStep":false}],"attachments":[{"uid":"98690e29c9e0654f","name":"Screenshot","source":"98690e29c9e0654f.png","type":"image/png","size":39106},{"uid":"269c2475cf00a3ed","name":"HTML source","source":"269c2475cf00a3ed.html","type":"text/html","size":538}],"parameters":[],"shouldDisplayMessage":true,"stepsCount":1,"attachmentsCount":2,"hasContent":true,"attachmentStep":false},"afterStages":[{"name":"driver::0","time":{"start":1706922194418,"stop":1706922194475,"duration":57},"status":"passed","steps":[],"attachments":[],"parameters":[],"shouldDisplayMessage":false,"stepsCount":0,"attachmentsCount":0,"hasContent":false,"attachmentStep":false},{"name":"setup::0","time":{"start":1706922194418,"stop":1706922194418,"duration":0},"status":"passed","steps":[],"attachments":[],"parameters":[],"shouldDisplayMessage":false,"stepsCount":0,"attachmentsCount":0,"hasContent":false,"attachmentStep":false}],"labels":[{"name":"feature","value":"Footer functionality"},{"name":"epic","value":"Main Page"},{"name":"tag","value":"smoke_test"},{"name":"parentSuite","value":"tests"},{"name":"suite","value":"test_main_page"},{"name":"subSuite","value":"TestMainPage"},{"name":"host","value":"442148a90571"},{"name":"thread","value":"1-MainThread"},{"name":"framework","value":"pytest"},{"name":"language","value":"cpython3"},{"name":"package","value":"tests.test_main_page"},{"name":"resultFormat","value":"allure2"}],"parameters":[{"name":"url","value":"'https://test2.stroyrem-nn.ru/'"}],"links":[],"hidden":false,"retry":false,"extra":{"severity":"normal","retries":[],"categories":[{"name":"Test defects","matchedStatuses":[],"flaky":false}],"history":{"statistic":{"failed":0,"broken":144,"skipped":0,"passed":34,"unknown":0,"total":178},"items":[{"uid":"85168d1631c39093","reportUrl":"https://zaelcovsky.github.io/StroyremAutomation/220//#testresult/85168d1631c39093","status":"broken","statusDetails":"selenium.common.exceptions.NoSuchElementException: Message: no such element: Unable to locate element: {\"method\":\"xpath\",\"selector\":\"(//a[contains(text(), 'Акции')])[2]\"}\n  (Session info: chrome-headless-shell=121.0.6167.85); For documentation on this error, please visit: https://www.selenium.dev/documentation/webdriver/troubleshooting/errors#no-such-element-exception\nStacktrace:\n#0 0x56281da1dd93 <unknown>\n#1 0x56281d701337 <unknown>\n#2 0x56281d74cd60 <unknown>\n#3 0x56281d74ce51 <unknown>\n#4 0x56281d790bc4 <unknown>\n#5 0x56281d76f46d <unknown>\n#6 0x56281d78e12d <unknown>\n#7 0x56281d76f1e3 <unknown>\n#8 0x56281d73f135 <unknown>\n#9 0x56281d74013e <unknown>\n#10 0x56281d9e1e4b <unknown>\n#11 0x56281d9e5dfa <unknown>\n#12 0x56281d9ce6d5 <unknown>\n#13 0x56281d9e6a6f <unknown>\n#14 0x56281d9b269f <unknown>\n#15 0x56281da0b098 <unknown>\n#16 0x56281da0b262 <unknown>\n#17 0x56281da1cf34 <unknown>\n#18 0x7fca74aa5134 <unknown>","time":{"start":1706835861199,"stop":1706835861212,"duration":13}},{"uid":"78963fd3a51163c4","reportUrl":"https://zaelcovsky.github.io/StroyremAutomation/219//#testresult/78963fd3a51163c4","status":"broken","statusDetails":"selenium.common.exceptions.NoSuchElementException: Message: no such element: Unable to locate element: {\"method\":\"xpath\",\"selector\":\"(//a[contains(text(), 'Акции')])[2]\"}\n  (Session info: chrome-headless-shell=121.0.6167.85); For documentation on this error, please visit: https://www.selenium.dev/documentation/webdriver/troubleshooting/errors#no-such-element-exception\nStacktrace:\n#0 0x564b3a9cbd93 <unknown>\n#1 0x564b3a6af337 <unknown>\n#2 0x564b3a6fad60 <unknown>\n#3 0x564b3a6fae51 <unknown>\n#4 0x564b3a73ebc4 <unknown>\n#5 0x564b3a71d46d <unknown>\n#6 0x564b3a73c12d <unknown>\n#7 0x564b3a71d1e3 <unknown>\n#8 0x564b3a6ed135 <unknown>\n#9 0x564b3a6ee13e <unknown>\n#10 0x564b3a98fe4b <unknown>\n#11 0x564b3a993dfa <unknown>\n#12 0x564b3a97c6d5 <unknown>\n#13 0x564b3a994a6f <unknown>\n#14 0x564b3a96069f <unknown>\n#15 0x564b3a9b9098 <unknown>\n#16 0x564b3a9b9262 <unknown>\n#17 0x564b3a9caf34 <unknown>\n#18 0x7f4ae3c02044 <unknown>","time":{"start":1706749734201,"stop":1706749734214,"duration":13}},{"uid":"58e0efe9eaa0d2db","reportUrl":"https://zaelcovsky.github.io/StroyremAutomation/218//#testresult/58e0efe9eaa0d2db","status":"broken","statusDetails":"selenium.common.exceptions.NoSuchElementException: Message: no such element: Unable to locate element: {\"method\":\"xpath\",\"selector\":\"(//a[contains(text(), 'Акции')])[2]\"}\n  (Session info: chrome-headless-shell=121.0.6167.85); For documentation on this error, please visit: https://www.selenium.dev/documentation/webdriver/troubleshooting/errors#no-such-element-exception\nStacktrace:\n#0 0x55e4ee0a1d93 <unknown>\n#1 0x55e4edd85337 <unknown>\n#2 0x55e4eddd0d60 <unknown>\n#3 0x55e4eddd0e51 <unknown>\n#4 0x55e4ede14bc4 <unknown>\n#5 0x55e4eddf346d <unknown>\n#6 0x55e4ede1212d <unknown>\n#7 0x55e4eddf31e3 <unknown>\n#8 0x55e4eddc3135 <unknown>\n#9 0x55e4eddc413e <unknown>\n#10 0x55e4ee065e4b <unknown>\n#11 0x55e4ee069dfa <unknown>\n#12 0x55e4ee0526d5 <unknown>\n#13 0x55e4ee06aa6f <unknown>\n#14 0x55e4ee03669f <unknown>\n#15 0x55e4ee08f098 <unknown>\n#16 0x55e4ee08f262 <unknown>\n#17 0x55e4ee0a0f34 <unknown>\n#18 0x7fd18153b044 <unknown>","time":{"start":1706663073023,"stop":1706663073037,"duration":14}},{"uid":"5c7a70010867c270","reportUrl":"https://zaelcovsky.github.io/StroyremAutomation/217//#testresult/5c7a70010867c270","status":"broken","statusDetails":"selenium.common.exceptions.NoSuchElementException: Message: no such element: Unable to locate element: {\"method\":\"xpath\",\"selector\":\"(//a[contains(text(), 'Акции')])[2]\"}\n  (Session info: chrome-headless-shell=121.0.6167.85); For documentation on this error, please visit: https://www.selenium.dev/documentation/webdriver/troubleshooting/errors#no-such-element-exception\nStacktrace:\n#0 0x55b4fabadd93 <unknown>\n#1 0x55b4fa891337 <unknown>\n#2 0x55b4fa8dcd60 <unknown>\n#3 0x55b4fa8dce51 <unknown>\n#4 0x55b4fa920bc4 <unknown>\n#5 0x55b4fa8ff46d <unknown>\n#6 0x55b4fa91e12d <unknown>\n#7 0x55b4fa8ff1e3 <unknown>\n#8 0x55b4fa8cf135 <unknown>\n#9 0x55b4fa8d013e <unknown>\n#10 0x55b4fab71e4b <unknown>\n#11 0x55b4fab75dfa <unknown>\n#12 0x55b4fab5e6d5 <unknown>\n#13 0x55b4fab76a6f <unknown>\n#14 0x55b4fab4269f <unknown>\n#15 0x55b4fab9b098 <unknown>\n#16 0x55b4fab9b262 <unknown>\n#17 0x55b4fabacf34 <unknown>\n#18 0x7f4d7f9ef044 <unknown>","time":{"start":1706576635091,"stop":1706576635105,"duration":14}},{"uid":"87824cadb4172016","reportUrl":"https://zaelcovsky.github.io/StroyremAutomation/216//#testresult/87824cadb4172016","status":"broken","statusDetails":"selenium.common.exceptions.NoSuchElementException: Message: no such element: Unable to locate element: {\"method\":\"xpath\",\"selector\":\"(//a[contains(text(), 'Акции')])[2]\"}\n  (Session info: chrome-headless-shell=121.0.6167.85); For documentation on this error, please visit: https://www.selenium.dev/documentation/webdriver/troubleshooting/errors#no-such-element-exception\nStacktrace:\n#0 0x559baf9bbd93 <unknown>\n#1 0x559baf69f337 <unknown>\n#2 0x559baf6ead60 <unknown>\n#3 0x559baf6eae51 <unknown>\n#4 0x559baf72ebc4 <unknown>\n#5 0x559baf70d46d <unknown>\n#6 0x559baf72c12d <unknown>\n#7 0x559baf70d1e3 <unknown>\n#8 0x559baf6dd135 <unknown>\n#9 0x559baf6de13e <unknown>\n#10 0x559baf97fe4b <unknown>\n#11 0x559baf983dfa <unknown>\n#12 0x559baf96c6d5 <unknown>\n#13 0x559baf984a6f <unknown>\n#14 0x559baf95069f <unknown>\n#15 0x559baf9a9098 <unknown>\n#16 0x559baf9a9262 <unknown>\n#17 0x559baf9baf34 <unknown>\n#18 0x7f503a053044 <unknown>","time":{"start":1706490304353,"stop":1706490304367,"duration":14}},{"uid":"5c9581228623b9cb","reportUrl":"https://zaelcovsky.github.io/StroyremAutomation/215//#testresult/5c9581228623b9cb","status":"broken","statusDetails":"selenium.common.exceptions.NoSuchElementException: Message: no such element: Unable to locate element: {\"method\":\"xpath\",\"selector\":\"(//a[contains(text(), 'Акции')])[2]\"}\n  (Session info: chrome-headless-shell=121.0.6167.85); For documentation on this error, please visit: https://www.selenium.dev/documentation/webdriver/troubleshooting/errors#no-such-element-exception\nStacktrace:\n#0 0x5557a87dbd93 <unknown>\n#1 0x5557a84bf337 <unknown>\n#2 0x5557a850ad60 <unknown>\n#3 0x5557a850ae51 <unknown>\n#4 0x5557a854ebc4 <unknown>\n#5 0x5557a852d46d <unknown>\n#6 0x5557a854c12d <unknown>\n#7 0x5557a852d1e3 <unknown>\n#8 0x5557a84fd135 <unknown>\n#9 0x5557a84fe13e <unknown>\n#10 0x5557a879fe4b <unknown>\n#11 0x5557a87a3dfa <unknown>\n#12 0x5557a878c6d5 <unknown>\n#13 0x5557a87a4a6f <unknown>\n#14 0x5557a877069f <unknown>\n#15 0x5557a87c9098 <unknown>\n#16 0x5557a87c9262 <unknown>\n#17 0x5557a87daf34 <unknown>\n#18 0x7fa3f08ca044 <unknown>","time":{"start":1706404138534,"stop":1706404138548,"duration":14}},{"uid":"7432ae4a498a61f1","reportUrl":"https://zaelcovsky.github.io/StroyremAutomation/214//#testresult/7432ae4a498a61f1","status":"broken","statusDetails":"selenium.common.exceptions.NoSuchElementException: Message: no such element: Unable to locate element: {\"method\":\"xpath\",\"selector\":\"(//a[contains(text(), 'Акции')])[2]\"}\n  (Session info: chrome-headless-shell=121.0.6167.85); For documentation on this error, please visit: https://www.selenium.dev/documentation/webdriver/troubleshooting/errors#no-such-element-exception\nStacktrace:\n#0 0x5649988c5d93 <unknown>\n#1 0x5649985a9337 <unknown>\n#2 0x5649985f4d60 <unknown>\n#3 0x5649985f4e51 <unknown>\n#4 0x564998638bc4 <unknown>\n#5 0x56499861746d <unknown>\n#6 0x56499863612d <unknown>\n#7 0x5649986171e3 <unknown>\n#8 0x5649985e7135 <unknown>\n#9 0x5649985e813e <unknown>\n#10 0x564998889e4b <unknown>\n#11 0x56499888ddfa <unknown>\n#12 0x5649988766d5 <unknown>\n#13 0x56499888ea6f <unknown>\n#14 0x56499885a69f <unknown>\n#15 0x5649988b3098 <unknown>\n#16 0x5649988b3262 <unknown>\n#17 0x5649988c4f34 <unknown>\n#18 0x7f17958b6044 <unknown>","time":{"start":1706317490366,"stop":1706317490380,"duration":14}},{"uid":"f1729f3dabb7ea27","reportUrl":"https://zaelcovsky.github.io/StroyremAutomation/213//#testresult/f1729f3dabb7ea27","status":"broken","statusDetails":"selenium.common.exceptions.NoSuchElementException: Message: no such element: Unable to locate element: {\"method\":\"xpath\",\"selector\":\"(//a[contains(text(), 'Акции')])[2]\"}\n  (Session info: chrome-headless-shell=121.0.6167.85); For documentation on this error, please visit: https://www.selenium.dev/documentation/webdriver/troubleshooting/errors#no-such-element-exception\nStacktrace:\n#0 0x556a646d3d93 <unknown>\n#1 0x556a643b7337 <unknown>\n#2 0x556a64402d60 <unknown>\n#3 0x556a64402e51 <unknown>\n#4 0x556a64446bc4 <unknown>\n#5 0x556a6442546d <unknown>\n#6 0x556a6444412d <unknown>\n#7 0x556a644251e3 <unknown>\n#8 0x556a643f5135 <unknown>\n#9 0x556a643f613e <unknown>\n#10 0x556a64697e4b <unknown>\n#11 0x556a6469bdfa <unknown>\n#12 0x556a646846d5 <unknown>\n#13 0x556a6469ca6f <unknown>\n#14 0x556a6466869f <unknown>\n#15 0x556a646c1098 <unknown>\n#16 0x556a646c1262 <unknown>\n#17 0x556a646d2f34 <unknown>\n#18 0x7faef016f044 <unknown>","time":{"start":1706231112947,"stop":1706231112960,"duration":13}},{"uid":"ea97eb7380882b92","reportUrl":"https://zaelcovsky.github.io/StroyremAutomation/212//#testresult/ea97eb7380882b92","status":"broken","statusDetails":"selenium.common.exceptions.NoSuchElementException: Message: no such element: Unable to locate element: {\"method\":\"xpath\",\"selector\":\"(//a[contains(text(), 'Акции')])[2]\"}\n  (Session info: chrome-headless-shell=121.0.6167.85); For documentation on this error, please visit: https://www.selenium.dev/documentation/webdriver/troubleshooting/errors#no-such-element-exception\nStacktrace:\n#0 0x55cc30bf6d93 <unknown>\n#1 0x55cc308da337 <unknown>\n#2 0x55cc30925d60 <unknown>\n#3 0x55cc30925e51 <unknown>\n#4 0x55cc30969bc4 <unknown>\n#5 0x55cc3094846d <unknown>\n#6 0x55cc3096712d <unknown>\n#7 0x55cc309481e3 <unknown>\n#8 0x55cc30918135 <unknown>\n#9 0x55cc3091913e <unknown>\n#10 0x55cc30bbae4b <unknown>\n#11 0x55cc30bbedfa <unknown>\n#12 0x55cc30ba76d5 <unknown>\n#13 0x55cc30bbfa6f <unknown>\n#14 0x55cc30b8b69f <unknown>\n#15 0x55cc30be4098 <unknown>\n#16 0x55cc30be4262 <unknown>\n#17 0x55cc30bf5f34 <unknown>\n#18 0x7f84e7f62044 <unknown>","time":{"start":1706145025522,"stop":1706145025535,"duration":13}},{"uid":"eb4628e4dea1a188","reportUrl":"https://zaelcovsky.github.io/StroyremAutomation/211//#testresult/eb4628e4dea1a188","status":"broken","statusDetails":"selenium.common.exceptions.NoSuchElementException: Message: no such element: Unable to locate element: {\"method\":\"xpath\",\"selector\":\"(//a[contains(text(), 'Акции')])[2]\"}\n  (Session info: chrome-headless-shell=121.0.6167.85); For documentation on this error, please visit: https://www.selenium.dev/documentation/webdriver/troubleshooting/errors#no-such-element-exception\nStacktrace:\n#0 0x560415dbcd93 <unknown>\n#1 0x560415aa0337 <unknown>\n#2 0x560415aebd60 <unknown>\n#3 0x560415aebe51 <unknown>\n#4 0x560415b2fbc4 <unknown>\n#5 0x560415b0e46d <unknown>\n#6 0x560415b2d12d <unknown>\n#7 0x560415b0e1e3 <unknown>\n#8 0x560415ade135 <unknown>\n#9 0x560415adf13e <unknown>\n#10 0x560415d80e4b <unknown>\n#11 0x560415d84dfa <unknown>\n#12 0x560415d6d6d5 <unknown>\n#13 0x560415d85a6f <unknown>\n#14 0x560415d5169f <unknown>\n#15 0x560415daa098 <unknown>\n#16 0x560415daa262 <unknown>\n#17 0x560415dbbf34 <unknown>\n#18 0x7fe93a649044 <unknown>","time":{"start":1706058626176,"stop":1706058626190,"duration":14}},{"uid":"9c8f7f975f20122c","reportUrl":"https://zaelcovsky.github.io/StroyremAutomation/210//#testresult/9c8f7f975f20122c","status":"broken","statusDetails":"selenium.common.exceptions.NoSuchElementException: Message: no such element: Unable to locate element: {\"method\":\"xpath\",\"selector\":\"(//a[contains(text(), 'Акции')])[2]\"}\n  (Session info: chrome-headless-shell=120.0.6099.109); For documentation on this error, please visit: https://www.selenium.dev/documentation/webdriver/troubleshooting/errors#no-such-element-exception\nStacktrace:\n#0 0x55e5d7534f83 <unknown>\n#1 0x55e5d71edcf7 <unknown>\n#2 0x55e5d723d99e <unknown>\n#3 0x55e5d723daa1 <unknown>\n#4 0x55e5d7288d64 <unknown>\n#5 0x55e5d72670dd <unknown>\n#6 0x55e5d7286006 <unknown>\n#7 0x55e5d7266e53 <unknown>\n#8 0x55e5d722edd4 <unknown>\n#9 0x55e5d72301de <unknown>\n#10 0x55e5d74f9531 <unknown>\n#11 0x55e5d74fd455 <unknown>\n#12 0x55e5d74e5f55 <unknown>\n#13 0x55e5d74fe0ef <unknown>\n#14 0x55e5d74c999f <unknown>\n#15 0x55e5d7522008 <unknown>\n#16 0x55e5d75221d7 <unknown>\n#17 0x55e5d7534124 <unknown>\n#18 0x7f6fdc811044 <unknown>","time":{"start":1705972262825,"stop":1705972262838,"duration":13}},{"uid":"2fac828971b76e45","reportUrl":"https://zaelcovsky.github.io/StroyremAutomation/209//#testresult/2fac828971b76e45","status":"broken","statusDetails":"selenium.common.exceptions.NoSuchElementException: Message: no such element: Unable to locate element: {\"method\":\"xpath\",\"selector\":\"(//a[contains(text(), 'Акции')])[2]\"}\n  (Session info: chrome-headless-shell=120.0.6099.109); For documentation on this error, please visit: https://www.selenium.dev/documentation/webdriver/troubleshooting/errors#no-such-element-exception\nStacktrace:\n#0 0x55ed6ce49f83 <unknown>\n#1 0x55ed6cb02cf7 <unknown>\n#2 0x55ed6cb5299e <unknown>\n#3 0x55ed6cb52aa1 <unknown>\n#4 0x55ed6cb9dd64 <unknown>\n#5 0x55ed6cb7c0dd <unknown>\n#6 0x55ed6cb9b006 <unknown>\n#7 0x55ed6cb7be53 <unknown>\n#8 0x55ed6cb43dd4 <unknown>\n#9 0x55ed6cb451de <unknown>\n#10 0x55ed6ce0e531 <unknown>\n#11 0x55ed6ce12455 <unknown>\n#12 0x55ed6cdfaf55 <unknown>\n#13 0x55ed6ce130ef <unknown>\n#14 0x55ed6cdde99f <unknown>\n#15 0x55ed6ce37008 <unknown>\n#16 0x55ed6ce371d7 <unknown>\n#17 0x55ed6ce49124 <unknown>\n#18 0x7fbf89e07044 <unknown>","time":{"start":1705885902421,"stop":1705885902435,"duration":14}},{"uid":"6b9b38583d72332a","reportUrl":"https://zaelcovsky.github.io/StroyremAutomation/208//#testresult/6b9b38583d72332a","status":"broken","statusDetails":"selenium.common.exceptions.NoSuchElementException: Message: no such element: Unable to locate element: {\"method\":\"xpath\",\"selector\":\"(//a[contains(text(), 'Акции')])[2]\"}\n  (Session info: chrome-headless-shell=120.0.6099.109); For documentation on this error, please visit: https://www.selenium.dev/documentation/webdriver/troubleshooting/errors#no-such-element-exception\nStacktrace:\n#0 0x564c90716f83 <unknown>\n#1 0x564c903cfcf7 <unknown>\n#2 0x564c9041f99e <unknown>\n#3 0x564c9041faa1 <unknown>\n#4 0x564c9046ad64 <unknown>\n#5 0x564c904490dd <unknown>\n#6 0x564c90468006 <unknown>\n#7 0x564c90448e53 <unknown>\n#8 0x564c90410dd4 <unknown>\n#9 0x564c904121de <unknown>\n#10 0x564c906db531 <unknown>\n#11 0x564c906df455 <unknown>\n#12 0x564c906c7f55 <unknown>\n#13 0x564c906e00ef <unknown>\n#14 0x564c906ab99f <unknown>\n#15 0x564c90704008 <unknown>\n#16 0x564c907041d7 <unknown>\n#17 0x564c90716124 <unknown>\n#18 0x7f829de1f044 <unknown>","time":{"start":1705799631206,"stop":1705799631219,"duration":13}},{"uid":"422c3f4a4269de24","reportUrl":"https://zaelcovsky.github.io/StroyremAutomation/207//#testresult/422c3f4a4269de24","status":"broken","statusDetails":"selenium.common.exceptions.NoSuchElementException: Message: no such element: Unable to locate element: {\"method\":\"xpath\",\"selector\":\"(//a[contains(text(), 'Акции')])[2]\"}\n  (Session info: chrome-headless-shell=120.0.6099.109); For documentation on this error, please visit: https://www.selenium.dev/documentation/webdriver/troubleshooting/errors#no-such-element-exception\nStacktrace:\n#0 0x564ccb42ff83 <unknown>\n#1 0x564ccb0e8cf7 <unknown>\n#2 0x564ccb13899e <unknown>\n#3 0x564ccb138aa1 <unknown>\n#4 0x564ccb183d64 <unknown>\n#5 0x564ccb1620dd <unknown>\n#6 0x564ccb181006 <unknown>\n#7 0x564ccb161e53 <unknown>\n#8 0x564ccb129dd4 <unknown>\n#9 0x564ccb12b1de <unknown>\n#10 0x564ccb3f4531 <unknown>\n#11 0x564ccb3f8455 <unknown>\n#12 0x564ccb3e0f55 <unknown>\n#13 0x564ccb3f90ef <unknown>\n#14 0x564ccb3c499f <unknown>\n#15 0x564ccb41d008 <unknown>\n#16 0x564ccb41d1d7 <unknown>\n#17 0x564ccb42f124 <unknown>\n#18 0x7f471b423044 <unknown>","time":{"start":1705712889227,"stop":1705712889241,"duration":14}},{"uid":"8d2bff7bdb15c50b","reportUrl":"https://zaelcovsky.github.io/StroyremAutomation/206//#testresult/8d2bff7bdb15c50b","status":"broken","statusDetails":"selenium.common.exceptions.NoSuchElementException: Message: no such element: Unable to locate element: {\"method\":\"xpath\",\"selector\":\"(//a[contains(text(), 'Акции')])[2]\"}\n  (Session info: chrome-headless-shell=120.0.6099.109); For documentation on this error, please visit: https://www.selenium.dev/documentation/webdriver/troubleshooting/errors#no-such-element-exception\nStacktrace:\n#0 0x55961c802f83 <unknown>\n#1 0x55961c4bbcf7 <unknown>\n#2 0x55961c50b99e <unknown>\n#3 0x55961c50baa1 <unknown>\n#4 0x55961c556d64 <unknown>\n#5 0x55961c5350dd <unknown>\n#6 0x55961c554006 <unknown>\n#7 0x55961c534e53 <unknown>\n#8 0x55961c4fcdd4 <unknown>\n#9 0x55961c4fe1de <unknown>\n#10 0x55961c7c7531 <unknown>\n#11 0x55961c7cb455 <unknown>\n#12 0x55961c7b3f55 <unknown>\n#13 0x55961c7cc0ef <unknown>\n#14 0x55961c79799f <unknown>\n#15 0x55961c7f0008 <unknown>\n#16 0x55961c7f01d7 <unknown>\n#17 0x55961c802124 <unknown>\n#18 0x7f1e4df55044 <unknown>","time":{"start":1705626555517,"stop":1705626555530,"duration":13}},{"uid":"49d82f8d3478bdc","reportUrl":"https://zaelcovsky.github.io/StroyremAutomation/205//#testresult/49d82f8d3478bdc","status":"broken","statusDetails":"selenium.common.exceptions.NoSuchElementException: Message: no such element: Unable to locate element: {\"method\":\"xpath\",\"selector\":\"(//a[contains(text(), 'Акции')])[2]\"}\n  (Session info: chrome-headless-shell=120.0.6099.109); For documentation on this error, please visit: https://www.selenium.dev/documentation/webdriver/troubleshooting/errors#no-such-element-exception\nStacktrace:\n#0 0x55f9a774ff83 <unknown>\n#1 0x55f9a7408cf7 <unknown>\n#2 0x55f9a745899e <unknown>\n#3 0x55f9a7458aa1 <unknown>\n#4 0x55f9a74a3d64 <unknown>\n#5 0x55f9a74820dd <unknown>\n#6 0x55f9a74a1006 <unknown>\n#7 0x55f9a7481e53 <unknown>\n#8 0x55f9a7449dd4 <unknown>\n#9 0x55f9a744b1de <unknown>\n#10 0x55f9a7714531 <unknown>\n#11 0x55f9a7718455 <unknown>\n#12 0x55f9a7700f55 <unknown>\n#13 0x55f9a77190ef <unknown>\n#14 0x55f9a76e499f <unknown>\n#15 0x55f9a773d008 <unknown>\n#16 0x55f9a773d1d7 <unknown>\n#17 0x55f9a774f124 <unknown>\n#18 0x7fcfb779c044 <unknown>","time":{"start":1705540134376,"stop":1705540134389,"duration":13}},{"uid":"5a1393c062268afd","reportUrl":"https://zaelcovsky.github.io/StroyremAutomation/204//#testresult/5a1393c062268afd","status":"broken","statusDetails":"selenium.common.exceptions.NoSuchElementException: Message: no such element: Unable to locate element: {\"method\":\"xpath\",\"selector\":\"(//a[contains(text(), 'Акции')])[2]\"}\n  (Session info: chrome-headless-shell=120.0.6099.109); For documentation on this error, please visit: https://www.selenium.dev/documentation/webdriver/troubleshooting/errors#no-such-element-exception\nStacktrace:\n#0 0x55a1a7646f83 <unknown>\n#1 0x55a1a72ffcf7 <unknown>\n#2 0x55a1a734f99e <unknown>\n#3 0x55a1a734faa1 <unknown>\n#4 0x55a1a739ad64 <unknown>\n#5 0x55a1a73790dd <unknown>\n#6 0x55a1a7398006 <unknown>\n#7 0x55a1a7378e53 <unknown>\n#8 0x55a1a7340dd4 <unknown>\n#9 0x55a1a73421de <unknown>\n#10 0x55a1a760b531 <unknown>\n#11 0x55a1a760f455 <unknown>\n#12 0x55a1a75f7f55 <unknown>\n#13 0x55a1a76100ef <unknown>\n#14 0x55a1a75db99f <unknown>\n#15 0x55a1a7634008 <unknown>\n#16 0x55a1a76341d7 <unknown>\n#17 0x55a1a7646124 <unknown>\n#18 0x7f6eea881044 <unknown>","time":{"start":1705453833850,"stop":1705453833863,"duration":13}},{"uid":"48fec9434e7a48c9","reportUrl":"https://zaelcovsky.github.io/StroyremAutomation/203//#testresult/48fec9434e7a48c9","status":"broken","statusDetails":"selenium.common.exceptions.NoSuchElementException: Message: no such element: Unable to locate element: {\"method\":\"xpath\",\"selector\":\"(//a[contains(text(), 'Акции')])[2]\"}\n  (Session info: chrome-headless-shell=120.0.6099.109); For documentation on this error, please visit: https://www.selenium.dev/documentation/webdriver/troubleshooting/errors#no-such-element-exception\nStacktrace:\n#0 0x55ca30517f83 <unknown>\n#1 0x55ca301d0cf7 <unknown>\n#2 0x55ca3022099e <unknown>\n#3 0x55ca30220aa1 <unknown>\n#4 0x55ca3026bd64 <unknown>\n#5 0x55ca3024a0dd <unknown>\n#6 0x55ca30269006 <unknown>\n#7 0x55ca30249e53 <unknown>\n#8 0x55ca30211dd4 <unknown>\n#9 0x55ca302131de <unknown>\n#10 0x55ca304dc531 <unknown>\n#11 0x55ca304e0455 <unknown>\n#12 0x55ca304c8f55 <unknown>\n#13 0x55ca304e10ef <unknown>\n#14 0x55ca304ac99f <unknown>\n#15 0x55ca30505008 <unknown>\n#16 0x55ca305051d7 <unknown>\n#17 0x55ca30517124 <unknown>\n#18 0x7fe1b1747044 <unknown>","time":{"start":1705367355974,"stop":1705367355987,"duration":13}},{"uid":"ceb051fdae8d36d9","reportUrl":"https://zaelcovsky.github.io/StroyremAutomation/202//#testresult/ceb051fdae8d36d9","status":"broken","statusDetails":"selenium.common.exceptions.NoSuchElementException: Message: no such element: Unable to locate element: {\"method\":\"xpath\",\"selector\":\"(//a[contains(text(), 'Акции')])[2]\"}\n  (Session info: chrome-headless-shell=120.0.6099.109); For documentation on this error, please visit: https://www.selenium.dev/documentation/webdriver/troubleshooting/errors#no-such-element-exception\nStacktrace:\n#0 0x563b9e0d5f83 <unknown>\n#1 0x563b9dd8ecf7 <unknown>\n#2 0x563b9ddde99e <unknown>\n#3 0x563b9dddeaa1 <unknown>\n#4 0x563b9de29d64 <unknown>\n#5 0x563b9de080dd <unknown>\n#6 0x563b9de27006 <unknown>\n#7 0x563b9de07e53 <unknown>\n#8 0x563b9ddcfdd4 <unknown>\n#9 0x563b9ddd11de <unknown>\n#10 0x563b9e09a531 <unknown>\n#11 0x563b9e09e455 <unknown>\n#12 0x563b9e086f55 <unknown>\n#13 0x563b9e09f0ef <unknown>\n#14 0x563b9e06a99f <unknown>\n#15 0x563b9e0c3008 <unknown>\n#16 0x563b9e0c31d7 <unknown>\n#17 0x563b9e0d5124 <unknown>\n#18 0x7f1552638044 <unknown>","time":{"start":1705281093585,"stop":1705281093599,"duration":14}},{"uid":"66569fd39375753e","reportUrl":"https://zaelcovsky.github.io/StroyremAutomation/201//#testresult/66569fd39375753e","status":"broken","statusDetails":"selenium.common.exceptions.NoSuchElementException: Message: no such element: Unable to locate element: {\"method\":\"xpath\",\"selector\":\"(//a[contains(text(), 'Акции')])[2]\"}\n  (Session info: chrome-headless-shell=120.0.6099.109); For documentation on this error, please visit: https://www.selenium.dev/documentation/webdriver/troubleshooting/errors#no-such-element-exception\nStacktrace:\n#0 0x561d2d3e6f83 <unknown>\n#1 0x561d2d09fcf7 <unknown>\n#2 0x561d2d0ef99e <unknown>\n#3 0x561d2d0efaa1 <unknown>\n#4 0x561d2d13ad64 <unknown>\n#5 0x561d2d1190dd <unknown>\n#6 0x561d2d138006 <unknown>\n#7 0x561d2d118e53 <unknown>\n#8 0x561d2d0e0dd4 <unknown>\n#9 0x561d2d0e21de <unknown>\n#10 0x561d2d3ab531 <unknown>\n#11 0x561d2d3af455 <unknown>\n#12 0x561d2d397f55 <unknown>\n#13 0x561d2d3b00ef <unknown>\n#14 0x561d2d37b99f <unknown>\n#15 0x561d2d3d4008 <unknown>\n#16 0x561d2d3d41d7 <unknown>\n#17 0x561d2d3e6124 <unknown>\n#18 0x7f79293e4044 <unknown>","time":{"start":1705194871659,"stop":1705194871674,"duration":15}}]},"tags":["smoke_test"]},"source":"810478ee4667f925.json","parameterValues":["'https://test2.stroyrem-nn.ru/'"]}