{"uid":"dee4fd1bc9159db4","name":"TD 026 Доставка товара весом до 11000кг. в синей зоне","fullName":"tests.delivery.test_delivery_calculation.TestDeliveryPageCalculation#test_positive_delivery_blue_zone_smoke","historyId":"8627394da03f78c724b6bd3e4cd7677c","time":{"start":1706922436320,"stop":1706922436886,"duration":566},"status":"skipped","statusMessage":"XFAIL\n\nselenium.common.exceptions.NoSuchElementException: Message: no such element: Unable to locate element: {\"method\":\"xpath\",\"selector\":\"(//a[@class='add-to-cart yellow-btn'])[1]\"}\n  (Session info: chrome-headless-shell=121.0.6167.85); For documentation on this error, please visit: https://www.selenium.dev/documentation/webdriver/troubleshooting/errors#no-such-element-exception\nStacktrace:\n#0 0x55fcd9120d93 <unknown>\n#1 0x55fcd8e04337 <unknown>\n#2 0x55fcd8e4fd60 <unknown>\n#3 0x55fcd8e4fe51 <unknown>\n#4 0x55fcd8e93bc4 <unknown>\n#5 0x55fcd8e7246d <unknown>\n#6 0x55fcd8e9112d <unknown>\n#7 0x55fcd8e721e3 <unknown>\n#8 0x55fcd8e42135 <unknown>\n#9 0x55fcd8e4313e <unknown>\n#10 0x55fcd90e4e4b <unknown>\n#11 0x55fcd90e8dfa <unknown>\n#12 0x55fcd90d16d5 <unknown>\n#13 0x55fcd90e9a6f <unknown>\n#14 0x55fcd90b569f <unknown>\n#15 0x55fcd910e098 <unknown>\n#16 0x55fcd910e262 <unknown>\n#17 0x55fcd911ff34 <unknown>\n#18 0x7f2787f4d134 <unknown>","statusTrace":"self = <tests.delivery.test_delivery_calculation.TestDeliveryPageCalculation object at 0x7fafd7627a50>\ndriver = <selenium.webdriver.chrome.webdriver.WebDriver (session=\"8026268113099caa7232ce39b99dae81\")>\nurl = 'https://sandboxtest.stroyrem-nn.ru/', case_id = 'TD 026'\nlink_item = 'products/shtukaturka-gipsovaya-aksolit-m50-30-kg-mashinnogo-naneseniya'\namount = 366, weight = 11000, standard = 8000, in_time = 14900, all_time = 19900\n\n    @pytest.mark.parametrize('case_id, link_item, amount, weight, standard, in_time, all_time', [\n        (\"TD 015\", bundeks_25, 1, 30, 650, 2390, 3320),\n        pytest.param(\n            \"TD 016\", aksolit_30, 8, 300, 650, 2390, 3320,\n            marks=pytest.mark.xfail(reson=\"Цена доставки: - - -\")\n        ),\n        (\"TD 017\", aksolit_30, 13, 400, 650, 2390, 3320),\n        (\"TD 018\", aksolit_30, 16, 500, 850, 2490, 3320),\n        (\"TD 019\", aksolit_30, 25, 1700, 1150, 2490, 3320),\n        (\"TD 020\", aksolit_30, 66, 2000, 1500, 2990, 3650),\n        (\"TD 021\", aksolit_30, 149, 4500, 2600, 4380, 4890),\n        (\"TD 022\", aksolit_30, 166, 5000, 2800, 5490, 5980),\n        pytest.param(\n            \"TD 023\", aksolit_30, 206, 6200, 3300, 7500, 8000,\n            marks=pytest.mark.xfail(reson=\"Цена доставки: 4300 9900 11440\")\n        ),\n        (\"TD 024\", aksolit_30, 299, 9000, 4300, 9900, 11440),\n        (\"TD 025\", aksolit_30, 333, 10000, 7000, 13900, 15900),\n        pytest.param(\n            \"TD 026\", aksolit_30, 366, 11000, 8000, 14900, 19900,\n            marks=pytest.mark.xfail(reson=\"Цена доставки: 7000 13900 15900\")\n        ),\n        pytest.param(\n            \"TD 027\", aksolit_30, 666, 20000, 14000, 16900, 23900,\n            marks=pytest.mark.xfail(reson=\"Цена доставки: 7000 13900 15900\")\n        )\n    ])\n    @pytest.mark.smoke\n    def test_positive_delivery_blue_zone_smoke(\n            self, driver, url, case_id, link_item, amount, weight, standard, in_time, all_time\n    ):\n        allure.dynamic.title(f\"{case_id} Доставка товара весом до {weight}кг. в синей зоне\")\n    \n        driver.get(f'{url}{link_item}')\n        item_page = ItemPage(driver)\n>       item_page.add_item_to_cart(amount).click_on_cart()\n\ntests/delivery/test_delivery_calculation.py:130: \n_ _ _ _ _ _ _ _ _ _ _ _ _ _ _ _ _ _ _ _ _ _ _ _ _ _ _ _ _ _ _ _ _ _ _ _ _ _ _ _ \npages/item_page.py:40: in add_item_to_cart\n    self.find_element(self._add_item).click()\nbase/seleniumbase.py:17: in find_element\n    return self.driver.find_element(*locator)\n/usr/local/lib/python3.11/site-packages/selenium/webdriver/remote/webdriver.py:740: in find_element\n    return self.execute(Command.FIND_ELEMENT, {\"using\": by, \"value\": value})[\"value\"]\n/usr/local/lib/python3.11/site-packages/selenium/webdriver/remote/webdriver.py:346: in execute\n    self.error_handler.check_response(response)\n_ _ _ _ _ _ _ _ _ _ _ _ _ _ _ _ _ _ _ _ _ _ _ _ _ _ _ _ _ _ _ _ _ _ _ _ _ _ _ _ \n\nself = <selenium.webdriver.remote.errorhandler.ErrorHandler object at 0x7fafd7333cd0>\nresponse = {'status': 404, 'value': '{\"value\":{\"error\":\"no such element\",\"message\":\"no such element: Unable to locate element: {\\...\\\\n#16 0x55fcd910e262 \\\\u003Cunknown>\\\\n#17 0x55fcd911ff34 \\\\u003Cunknown>\\\\n#18 0x7f2787f4d134 \\\\u003Cunknown>\\\\n\"}}'}\n\n    def check_response(self, response: Dict[str, Any]) -> None:\n        \"\"\"Checks that a JSON response from the WebDriver does not have an\n        error.\n    \n        :Args:\n         - response - The JSON response from the WebDriver server as a dictionary\n           object.\n    \n        :Raises: If the response contains an error message.\n        \"\"\"\n        status = response.get(\"status\", None)\n        if not status or status == ErrorCode.SUCCESS:\n            return\n        value = None\n        message = response.get(\"message\", \"\")\n        screen: str = response.get(\"screen\", \"\")\n        stacktrace = None\n        if isinstance(status, int):\n            value_json = response.get(\"value\", None)\n            if value_json and isinstance(value_json, str):\n                import json\n    \n                try:\n                    value = json.loads(value_json)\n                    if len(value) == 1:\n                        value = value[\"value\"]\n                    status = value.get(\"error\", None)\n                    if not status:\n                        status = value.get(\"status\", ErrorCode.UNKNOWN_ERROR)\n                        message = value.get(\"value\") or value.get(\"message\")\n                        if not isinstance(message, str):\n                            value = message\n                            message = message.get(\"message\")\n                    else:\n                        message = value.get(\"message\", None)\n                except ValueError:\n                    pass\n    \n        exception_class: Type[WebDriverException]\n        if status in ErrorCode.NO_SUCH_ELEMENT:\n            exception_class = NoSuchElementException\n        elif status in ErrorCode.NO_SUCH_FRAME:\n            exception_class = NoSuchFrameException\n        elif status in ErrorCode.NO_SUCH_SHADOW_ROOT:\n            exception_class = NoSuchShadowRootException\n        elif status in ErrorCode.NO_SUCH_WINDOW:\n            exception_class = NoSuchWindowException\n        elif status in ErrorCode.STALE_ELEMENT_REFERENCE:\n            exception_class = StaleElementReferenceException\n        elif status in ErrorCode.ELEMENT_NOT_VISIBLE:\n            exception_class = ElementNotVisibleException\n        elif status in ErrorCode.INVALID_ELEMENT_STATE:\n            exception_class = InvalidElementStateException\n        elif (\n            status in ErrorCode.INVALID_SELECTOR\n            or status in ErrorCode.INVALID_XPATH_SELECTOR\n            or status in ErrorCode.INVALID_XPATH_SELECTOR_RETURN_TYPER\n        ):\n            exception_class = InvalidSelectorException\n        elif status in ErrorCode.ELEMENT_IS_NOT_SELECTABLE:\n            exception_class = ElementNotSelectableException\n        elif status in ErrorCode.ELEMENT_NOT_INTERACTABLE:\n            exception_class = ElementNotInteractableException\n        elif status in ErrorCode.INVALID_COOKIE_DOMAIN:\n            exception_class = InvalidCookieDomainException\n        elif status in ErrorCode.UNABLE_TO_SET_COOKIE:\n            exception_class = UnableToSetCookieException\n        elif status in ErrorCode.TIMEOUT:\n            exception_class = TimeoutException\n        elif status in ErrorCode.SCRIPT_TIMEOUT:\n            exception_class = TimeoutException\n        elif status in ErrorCode.UNKNOWN_ERROR:\n            exception_class = WebDriverException\n        elif status in ErrorCode.UNEXPECTED_ALERT_OPEN:\n            exception_class = UnexpectedAlertPresentException\n        elif status in ErrorCode.NO_ALERT_OPEN:\n            exception_class = NoAlertPresentException\n        elif status in ErrorCode.IME_NOT_AVAILABLE:\n            exception_class = ImeNotAvailableException\n        elif status in ErrorCode.IME_ENGINE_ACTIVATION_FAILED:\n            exception_class = ImeActivationFailedException\n        elif status in ErrorCode.MOVE_TARGET_OUT_OF_BOUNDS:\n            exception_class = MoveTargetOutOfBoundsException\n        elif status in ErrorCode.JAVASCRIPT_ERROR:\n            exception_class = JavascriptException\n        elif status in ErrorCode.SESSION_NOT_CREATED:\n            exception_class = SessionNotCreatedException\n        elif status in ErrorCode.INVALID_ARGUMENT:\n            exception_class = InvalidArgumentException\n        elif status in ErrorCode.NO_SUCH_COOKIE:\n            exception_class = NoSuchCookieException\n        elif status in ErrorCode.UNABLE_TO_CAPTURE_SCREEN:\n            exception_class = ScreenshotException\n        elif status in ErrorCode.ELEMENT_CLICK_INTERCEPTED:\n            exception_class = ElementClickInterceptedException\n        elif status in ErrorCode.INSECURE_CERTIFICATE:\n            exception_class = InsecureCertificateException\n        elif status in ErrorCode.INVALID_COORDINATES:\n            exception_class = InvalidCoordinatesException\n        elif status in ErrorCode.INVALID_SESSION_ID:\n            exception_class = InvalidSessionIdException\n        elif status in ErrorCode.UNKNOWN_METHOD:\n            exception_class = UnknownMethodException\n        else:\n            exception_class = WebDriverException\n        if not value:\n            value = response[\"value\"]\n        if isinstance(value, str):\n            raise exception_class(value)\n        if message == \"\" and \"message\" in value:\n            message = value[\"message\"]\n    \n        screen = None  # type: ignore[assignment]\n        if \"screen\" in value:\n            screen = value[\"screen\"]\n    \n        stacktrace = None\n        st_value = value.get(\"stackTrace\") or value.get(\"stacktrace\")\n        if st_value:\n            if isinstance(st_value, str):\n                stacktrace = st_value.split(\"\\n\")\n            else:\n                stacktrace = []\n                try:\n                    for frame in st_value:\n                        line = frame.get(\"lineNumber\", \"\")\n                        file = frame.get(\"fileName\", \"<anonymous>\")\n                        if line:\n                            file = f\"{file}:{line}\"\n                        meth = frame.get(\"methodName\", \"<anonymous>\")\n                        if \"className\" in frame:\n                            meth = f\"{frame['className']}.{meth}\"\n                        msg = \"    at %s (%s)\"\n                        msg = msg % (meth, file)\n                        stacktrace.append(msg)\n                except TypeError:\n                    pass\n        if exception_class == UnexpectedAlertPresentException:\n            alert_text = None\n            if \"data\" in value:\n                alert_text = value[\"data\"].get(\"text\")\n            elif \"alert\" in value:\n                alert_text = value[\"alert\"].get(\"text\")\n            raise exception_class(message, screen, stacktrace, alert_text)  # type: ignore[call-arg]  # mypy is not smart enough here\n>       raise exception_class(message, screen, stacktrace)\nE       selenium.common.exceptions.NoSuchElementException: Message: no such element: Unable to locate element: {\"method\":\"xpath\",\"selector\":\"(//a[@class='add-to-cart yellow-btn'])[1]\"}\nE         (Session info: chrome-headless-shell=121.0.6167.85); For documentation on this error, please visit: https://www.selenium.dev/documentation/webdriver/troubleshooting/errors#no-such-element-exception\nE       Stacktrace:\nE       #0 0x55fcd9120d93 <unknown>\nE       #1 0x55fcd8e04337 <unknown>\nE       #2 0x55fcd8e4fd60 <unknown>\nE       #3 0x55fcd8e4fe51 <unknown>\nE       #4 0x55fcd8e93bc4 <unknown>\nE       #5 0x55fcd8e7246d <unknown>\nE       #6 0x55fcd8e9112d <unknown>\nE       #7 0x55fcd8e721e3 <unknown>\nE       #8 0x55fcd8e42135 <unknown>\nE       #9 0x55fcd8e4313e <unknown>\nE       #10 0x55fcd90e4e4b <unknown>\nE       #11 0x55fcd90e8dfa <unknown>\nE       #12 0x55fcd90d16d5 <unknown>\nE       #13 0x55fcd90e9a6f <unknown>\nE       #14 0x55fcd90b569f <unknown>\nE       #15 0x55fcd910e098 <unknown>\nE       #16 0x55fcd910e262 <unknown>\nE       #17 0x55fcd911ff34 <unknown>\nE       #18 0x7f2787f4d134 <unknown>\n\n/usr/local/lib/python3.11/site-packages/selenium/webdriver/remote/errorhandler.py:245: NoSuchElementException","flaky":false,"newFailed":false,"newBroken":false,"newPassed":false,"retriesCount":0,"retriesStatusChange":false,"beforeStages":[{"name":"_session_faker","time":{"start":1706921981676,"stop":1706921981746,"duration":70},"status":"passed","steps":[],"attachments":[],"parameters":[],"shouldDisplayMessage":false,"stepsCount":0,"attachmentsCount":0,"hasContent":false,"attachmentStep":false},{"name":"clear_allure_results_folder","time":{"start":1706921981746,"stop":1706921981746,"duration":0},"status":"passed","steps":[],"attachments":[],"parameters":[],"shouldDisplayMessage":false,"stepsCount":0,"attachmentsCount":0,"hasContent":false,"attachmentStep":false},{"name":"driver","time":{"start":1706922435583,"stop":1706922436319,"duration":736},"status":"passed","steps":[],"attachments":[],"parameters":[],"shouldDisplayMessage":false,"stepsCount":0,"attachmentsCount":0,"hasContent":false,"attachmentStep":false},{"name":"setup","time":{"start":1706922436319,"stop":1706922436319,"duration":0},"status":"passed","steps":[],"attachments":[],"parameters":[],"shouldDisplayMessage":false,"stepsCount":0,"attachmentsCount":0,"hasContent":false,"attachmentStep":false}],"testStage":{"status":"skipped","statusMessage":"XFAIL\n\nselenium.common.exceptions.NoSuchElementException: Message: no such element: Unable to locate element: {\"method\":\"xpath\",\"selector\":\"(//a[@class='add-to-cart yellow-btn'])[1]\"}\n  (Session info: chrome-headless-shell=121.0.6167.85); For documentation on this error, please visit: https://www.selenium.dev/documentation/webdriver/troubleshooting/errors#no-such-element-exception\nStacktrace:\n#0 0x55fcd9120d93 <unknown>\n#1 0x55fcd8e04337 <unknown>\n#2 0x55fcd8e4fd60 <unknown>\n#3 0x55fcd8e4fe51 <unknown>\n#4 0x55fcd8e93bc4 <unknown>\n#5 0x55fcd8e7246d <unknown>\n#6 0x55fcd8e9112d <unknown>\n#7 0x55fcd8e721e3 <unknown>\n#8 0x55fcd8e42135 <unknown>\n#9 0x55fcd8e4313e <unknown>\n#10 0x55fcd90e4e4b <unknown>\n#11 0x55fcd90e8dfa <unknown>\n#12 0x55fcd90d16d5 <unknown>\n#13 0x55fcd90e9a6f <unknown>\n#14 0x55fcd90b569f <unknown>\n#15 0x55fcd910e098 <unknown>\n#16 0x55fcd910e262 <unknown>\n#17 0x55fcd911ff34 <unknown>\n#18 0x7f2787f4d134 <unknown>","statusTrace":"self = <tests.delivery.test_delivery_calculation.TestDeliveryPageCalculation object at 0x7fafd7627a50>\ndriver = <selenium.webdriver.chrome.webdriver.WebDriver (session=\"8026268113099caa7232ce39b99dae81\")>\nurl = 'https://sandboxtest.stroyrem-nn.ru/', case_id = 'TD 026'\nlink_item = 'products/shtukaturka-gipsovaya-aksolit-m50-30-kg-mashinnogo-naneseniya'\namount = 366, weight = 11000, standard = 8000, in_time = 14900, all_time = 19900\n\n    @pytest.mark.parametrize('case_id, link_item, amount, weight, standard, in_time, all_time', [\n        (\"TD 015\", bundeks_25, 1, 30, 650, 2390, 3320),\n        pytest.param(\n            \"TD 016\", aksolit_30, 8, 300, 650, 2390, 3320,\n            marks=pytest.mark.xfail(reson=\"Цена доставки: - - -\")\n        ),\n        (\"TD 017\", aksolit_30, 13, 400, 650, 2390, 3320),\n        (\"TD 018\", aksolit_30, 16, 500, 850, 2490, 3320),\n        (\"TD 019\", aksolit_30, 25, 1700, 1150, 2490, 3320),\n        (\"TD 020\", aksolit_30, 66, 2000, 1500, 2990, 3650),\n        (\"TD 021\", aksolit_30, 149, 4500, 2600, 4380, 4890),\n        (\"TD 022\", aksolit_30, 166, 5000, 2800, 5490, 5980),\n        pytest.param(\n            \"TD 023\", aksolit_30, 206, 6200, 3300, 7500, 8000,\n            marks=pytest.mark.xfail(reson=\"Цена доставки: 4300 9900 11440\")\n        ),\n        (\"TD 024\", aksolit_30, 299, 9000, 4300, 9900, 11440),\n        (\"TD 025\", aksolit_30, 333, 10000, 7000, 13900, 15900),\n        pytest.param(\n            \"TD 026\", aksolit_30, 366, 11000, 8000, 14900, 19900,\n            marks=pytest.mark.xfail(reson=\"Цена доставки: 7000 13900 15900\")\n        ),\n        pytest.param(\n            \"TD 027\", aksolit_30, 666, 20000, 14000, 16900, 23900,\n            marks=pytest.mark.xfail(reson=\"Цена доставки: 7000 13900 15900\")\n        )\n    ])\n    @pytest.mark.smoke\n    def test_positive_delivery_blue_zone_smoke(\n            self, driver, url, case_id, link_item, amount, weight, standard, in_time, all_time\n    ):\n        allure.dynamic.title(f\"{case_id} Доставка товара весом до {weight}кг. в синей зоне\")\n    \n        driver.get(f'{url}{link_item}')\n        item_page = ItemPage(driver)\n>       item_page.add_item_to_cart(amount).click_on_cart()\n\ntests/delivery/test_delivery_calculation.py:130: \n_ _ _ _ _ _ _ _ _ _ _ _ _ _ _ _ _ _ _ _ _ _ _ _ _ _ _ _ _ _ _ _ _ _ _ _ _ _ _ _ \npages/item_page.py:40: in add_item_to_cart\n    self.find_element(self._add_item).click()\nbase/seleniumbase.py:17: in find_element\n    return self.driver.find_element(*locator)\n/usr/local/lib/python3.11/site-packages/selenium/webdriver/remote/webdriver.py:740: in find_element\n    return self.execute(Command.FIND_ELEMENT, {\"using\": by, \"value\": value})[\"value\"]\n/usr/local/lib/python3.11/site-packages/selenium/webdriver/remote/webdriver.py:346: in execute\n    self.error_handler.check_response(response)\n_ _ _ _ _ _ _ _ _ _ _ _ _ _ _ _ _ _ _ _ _ _ _ _ _ _ _ _ _ _ _ _ _ _ _ _ _ _ _ _ \n\nself = <selenium.webdriver.remote.errorhandler.ErrorHandler object at 0x7fafd7333cd0>\nresponse = {'status': 404, 'value': '{\"value\":{\"error\":\"no such element\",\"message\":\"no such element: Unable to locate element: {\\...\\\\n#16 0x55fcd910e262 \\\\u003Cunknown>\\\\n#17 0x55fcd911ff34 \\\\u003Cunknown>\\\\n#18 0x7f2787f4d134 \\\\u003Cunknown>\\\\n\"}}'}\n\n    def check_response(self, response: Dict[str, Any]) -> None:\n        \"\"\"Checks that a JSON response from the WebDriver does not have an\n        error.\n    \n        :Args:\n         - response - The JSON response from the WebDriver server as a dictionary\n           object.\n    \n        :Raises: If the response contains an error message.\n        \"\"\"\n        status = response.get(\"status\", None)\n        if not status or status == ErrorCode.SUCCESS:\n            return\n        value = None\n        message = response.get(\"message\", \"\")\n        screen: str = response.get(\"screen\", \"\")\n        stacktrace = None\n        if isinstance(status, int):\n            value_json = response.get(\"value\", None)\n            if value_json and isinstance(value_json, str):\n                import json\n    \n                try:\n                    value = json.loads(value_json)\n                    if len(value) == 1:\n                        value = value[\"value\"]\n                    status = value.get(\"error\", None)\n                    if not status:\n                        status = value.get(\"status\", ErrorCode.UNKNOWN_ERROR)\n                        message = value.get(\"value\") or value.get(\"message\")\n                        if not isinstance(message, str):\n                            value = message\n                            message = message.get(\"message\")\n                    else:\n                        message = value.get(\"message\", None)\n                except ValueError:\n                    pass\n    \n        exception_class: Type[WebDriverException]\n        if status in ErrorCode.NO_SUCH_ELEMENT:\n            exception_class = NoSuchElementException\n        elif status in ErrorCode.NO_SUCH_FRAME:\n            exception_class = NoSuchFrameException\n        elif status in ErrorCode.NO_SUCH_SHADOW_ROOT:\n            exception_class = NoSuchShadowRootException\n        elif status in ErrorCode.NO_SUCH_WINDOW:\n            exception_class = NoSuchWindowException\n        elif status in ErrorCode.STALE_ELEMENT_REFERENCE:\n            exception_class = StaleElementReferenceException\n        elif status in ErrorCode.ELEMENT_NOT_VISIBLE:\n            exception_class = ElementNotVisibleException\n        elif status in ErrorCode.INVALID_ELEMENT_STATE:\n            exception_class = InvalidElementStateException\n        elif (\n            status in ErrorCode.INVALID_SELECTOR\n            or status in ErrorCode.INVALID_XPATH_SELECTOR\n            or status in ErrorCode.INVALID_XPATH_SELECTOR_RETURN_TYPER\n        ):\n            exception_class = InvalidSelectorException\n        elif status in ErrorCode.ELEMENT_IS_NOT_SELECTABLE:\n            exception_class = ElementNotSelectableException\n        elif status in ErrorCode.ELEMENT_NOT_INTERACTABLE:\n            exception_class = ElementNotInteractableException\n        elif status in ErrorCode.INVALID_COOKIE_DOMAIN:\n            exception_class = InvalidCookieDomainException\n        elif status in ErrorCode.UNABLE_TO_SET_COOKIE:\n            exception_class = UnableToSetCookieException\n        elif status in ErrorCode.TIMEOUT:\n            exception_class = TimeoutException\n        elif status in ErrorCode.SCRIPT_TIMEOUT:\n            exception_class = TimeoutException\n        elif status in ErrorCode.UNKNOWN_ERROR:\n            exception_class = WebDriverException\n        elif status in ErrorCode.UNEXPECTED_ALERT_OPEN:\n            exception_class = UnexpectedAlertPresentException\n        elif status in ErrorCode.NO_ALERT_OPEN:\n            exception_class = NoAlertPresentException\n        elif status in ErrorCode.IME_NOT_AVAILABLE:\n            exception_class = ImeNotAvailableException\n        elif status in ErrorCode.IME_ENGINE_ACTIVATION_FAILED:\n            exception_class = ImeActivationFailedException\n        elif status in ErrorCode.MOVE_TARGET_OUT_OF_BOUNDS:\n            exception_class = MoveTargetOutOfBoundsException\n        elif status in ErrorCode.JAVASCRIPT_ERROR:\n            exception_class = JavascriptException\n        elif status in ErrorCode.SESSION_NOT_CREATED:\n            exception_class = SessionNotCreatedException\n        elif status in ErrorCode.INVALID_ARGUMENT:\n            exception_class = InvalidArgumentException\n        elif status in ErrorCode.NO_SUCH_COOKIE:\n            exception_class = NoSuchCookieException\n        elif status in ErrorCode.UNABLE_TO_CAPTURE_SCREEN:\n            exception_class = ScreenshotException\n        elif status in ErrorCode.ELEMENT_CLICK_INTERCEPTED:\n            exception_class = ElementClickInterceptedException\n        elif status in ErrorCode.INSECURE_CERTIFICATE:\n            exception_class = InsecureCertificateException\n        elif status in ErrorCode.INVALID_COORDINATES:\n            exception_class = InvalidCoordinatesException\n        elif status in ErrorCode.INVALID_SESSION_ID:\n            exception_class = InvalidSessionIdException\n        elif status in ErrorCode.UNKNOWN_METHOD:\n            exception_class = UnknownMethodException\n        else:\n            exception_class = WebDriverException\n        if not value:\n            value = response[\"value\"]\n        if isinstance(value, str):\n            raise exception_class(value)\n        if message == \"\" and \"message\" in value:\n            message = value[\"message\"]\n    \n        screen = None  # type: ignore[assignment]\n        if \"screen\" in value:\n            screen = value[\"screen\"]\n    \n        stacktrace = None\n        st_value = value.get(\"stackTrace\") or value.get(\"stacktrace\")\n        if st_value:\n            if isinstance(st_value, str):\n                stacktrace = st_value.split(\"\\n\")\n            else:\n                stacktrace = []\n                try:\n                    for frame in st_value:\n                        line = frame.get(\"lineNumber\", \"\")\n                        file = frame.get(\"fileName\", \"<anonymous>\")\n                        if line:\n                            file = f\"{file}:{line}\"\n                        meth = frame.get(\"methodName\", \"<anonymous>\")\n                        if \"className\" in frame:\n                            meth = f\"{frame['className']}.{meth}\"\n                        msg = \"    at %s (%s)\"\n                        msg = msg % (meth, file)\n                        stacktrace.append(msg)\n                except TypeError:\n                    pass\n        if exception_class == UnexpectedAlertPresentException:\n            alert_text = None\n            if \"data\" in value:\n                alert_text = value[\"data\"].get(\"text\")\n            elif \"alert\" in value:\n                alert_text = value[\"alert\"].get(\"text\")\n            raise exception_class(message, screen, stacktrace, alert_text)  # type: ignore[call-arg]  # mypy is not smart enough here\n>       raise exception_class(message, screen, stacktrace)\nE       selenium.common.exceptions.NoSuchElementException: Message: no such element: Unable to locate element: {\"method\":\"xpath\",\"selector\":\"(//a[@class='add-to-cart yellow-btn'])[1]\"}\nE         (Session info: chrome-headless-shell=121.0.6167.85); For documentation on this error, please visit: https://www.selenium.dev/documentation/webdriver/troubleshooting/errors#no-such-element-exception\nE       Stacktrace:\nE       #0 0x55fcd9120d93 <unknown>\nE       #1 0x55fcd8e04337 <unknown>\nE       #2 0x55fcd8e4fd60 <unknown>\nE       #3 0x55fcd8e4fe51 <unknown>\nE       #4 0x55fcd8e93bc4 <unknown>\nE       #5 0x55fcd8e7246d <unknown>\nE       #6 0x55fcd8e9112d <unknown>\nE       #7 0x55fcd8e721e3 <unknown>\nE       #8 0x55fcd8e42135 <unknown>\nE       #9 0x55fcd8e4313e <unknown>\nE       #10 0x55fcd90e4e4b <unknown>\nE       #11 0x55fcd90e8dfa <unknown>\nE       #12 0x55fcd90d16d5 <unknown>\nE       #13 0x55fcd90e9a6f <unknown>\nE       #14 0x55fcd90b569f <unknown>\nE       #15 0x55fcd910e098 <unknown>\nE       #16 0x55fcd910e262 <unknown>\nE       #17 0x55fcd911ff34 <unknown>\nE       #18 0x7f2787f4d134 <unknown>\n\n/usr/local/lib/python3.11/site-packages/selenium/webdriver/remote/errorhandler.py:245: NoSuchElementException","steps":[{"name":"Добавляем товар в корзину в количестве 366","time":{"start":1706922436873,"stop":1706922436885,"duration":12},"status":"broken","statusMessage":"selenium.common.exceptions.NoSuchElementException: Message: no such element: Unable to locate element: {\"method\":\"xpath\",\"selector\":\"(//a[@class='add-to-cart yellow-btn'])[1]\"}\n  (Session info: chrome-headless-shell=121.0.6167.85); For documentation on this error, please visit: https://www.selenium.dev/documentation/webdriver/troubleshooting/errors#no-such-element-exception\nStacktrace:\n#0 0x55fcd9120d93 <unknown>\n#1 0x55fcd8e04337 <unknown>\n#2 0x55fcd8e4fd60 <unknown>\n#3 0x55fcd8e4fe51 <unknown>\n#4 0x55fcd8e93bc4 <unknown>\n#5 0x55fcd8e7246d <unknown>\n#6 0x55fcd8e9112d <unknown>\n#7 0x55fcd8e721e3 <unknown>\n#8 0x55fcd8e42135 <unknown>\n#9 0x55fcd8e4313e <unknown>\n#10 0x55fcd90e4e4b <unknown>\n#11 0x55fcd90e8dfa <unknown>\n#12 0x55fcd90d16d5 <unknown>\n#13 0x55fcd90e9a6f <unknown>\n#14 0x55fcd90b569f <unknown>\n#15 0x55fcd910e098 <unknown>\n#16 0x55fcd910e262 <unknown>\n#17 0x55fcd911ff34 <unknown>\n#18 0x7f2787f4d134 <unknown>\n\n","statusTrace":"  File \"/usr/local/lib/python3.11/site-packages/allure_commons/_allure.py\", line 192, in impl\n    return func(*a, **kw)\n           ^^^^^^^^^^^^^^\n  File \"/app/pages/item_page.py\", line 40, in add_item_to_cart\n    self.find_element(self._add_item).click()\n    ^^^^^^^^^^^^^^^^^^^^^^^^^^^^^^^^^\n  File \"/app/base/seleniumbase.py\", line 17, in find_element\n    return self.driver.find_element(*locator)\n           ^^^^^^^^^^^^^^^^^^^^^^^^^^^^^^^^^^\n  File \"/usr/local/lib/python3.11/site-packages/selenium/webdriver/remote/webdriver.py\", line 740, in find_element\n    return self.execute(Command.FIND_ELEMENT, {\"using\": by, \"value\": value})[\"value\"]\n           ^^^^^^^^^^^^^^^^^^^^^^^^^^^^^^^^^^^^^^^^^^^^^^^^^^^^^^^^^^^^^^^^^\n  File \"/usr/local/lib/python3.11/site-packages/selenium/webdriver/remote/webdriver.py\", line 346, in execute\n    self.error_handler.check_response(response)\n  File \"/usr/local/lib/python3.11/site-packages/selenium/webdriver/remote/errorhandler.py\", line 245, in check_response\n    raise exception_class(message, screen, stacktrace)\n","steps":[],"attachments":[],"parameters":[{"name":"amount","value":"366"}],"shouldDisplayMessage":true,"stepsCount":0,"attachmentsCount":0,"hasContent":true,"attachmentStep":false}],"attachments":[{"uid":"30d722f447b82e96","name":"Screenshot","source":"30d722f447b82e96.png","type":"image/png","size":5862},{"uid":"6ede17ed4159638f","name":"HTML source","source":"6ede17ed4159638f.html","type":"text/html","size":39}],"parameters":[],"shouldDisplayMessage":true,"stepsCount":1,"attachmentsCount":2,"hasContent":true,"attachmentStep":false},"afterStages":[{"name":"setup::0","time":{"start":1706922437005,"stop":1706922437005,"duration":0},"status":"passed","steps":[],"attachments":[],"parameters":[],"shouldDisplayMessage":false,"stepsCount":0,"attachmentsCount":0,"hasContent":false,"attachmentStep":false},{"name":"driver::0","time":{"start":1706922437005,"stop":1706922437062,"duration":57},"status":"passed","steps":[],"attachments":[],"parameters":[],"shouldDisplayMessage":false,"stepsCount":0,"attachmentsCount":0,"hasContent":false,"attachmentStep":false}],"labels":[{"name":"epic","value":"Delivery Page - calculation"},{"name":"tag","value":"smoke"},{"name":"tag","value":"@pytest.mark.xfail(reson='Цена доставки: 7000 13900 15900')"},{"name":"parentSuite","value":"tests.delivery"},{"name":"suite","value":"test_delivery_calculation"},{"name":"subSuite","value":"TestDeliveryPageCalculation"},{"name":"host","value":"442148a90571"},{"name":"thread","value":"1-MainThread"},{"name":"framework","value":"pytest"},{"name":"language","value":"cpython3"},{"name":"package","value":"tests.delivery.test_delivery_calculation"},{"name":"resultFormat","value":"allure2"}],"parameters":[{"name":"all_time","value":"19900"},{"name":"amount","value":"366"},{"name":"case_id","value":"'TD 026'"},{"name":"in_time","value":"14900"},{"name":"link_item","value":"'products/shtukaturka-gipsovaya-aksolit-m50-30-kg-mashinnogo-naneseniya'"},{"name":"standard","value":"8000"},{"name":"url","value":"'https://sandboxtest.stroyrem-nn.ru/'"},{"name":"weight","value":"11000"}],"links":[],"hidden":false,"retry":false,"extra":{"severity":"normal","retries":[],"categories":[],"history":{"statistic":{"failed":0,"broken":0,"skipped":157,"passed":0,"unknown":0,"total":157},"items":[{"uid":"47043e5d3627db6b","reportUrl":"https://zaelcovsky.github.io/StroyremAutomation/220//#testresult/47043e5d3627db6b","status":"skipped","statusDetails":"XFAIL\n\nselenium.common.exceptions.NoSuchElementException: Message: no such element: Unable to locate element: {\"method\":\"xpath\",\"selector\":\"(//a[@class='add-to-cart yellow-btn'])[1]\"}\n  (Session info: chrome-headless-shell=121.0.6167.85); For documentation on this error, please visit: https://www.selenium.dev/documentation/webdriver/troubleshooting/errors#no-such-element-exception\nStacktrace:\n#0 0x561f1a485d93 <unknown>\n#1 0x561f1a169337 <unknown>\n#2 0x561f1a1b4d60 <unknown>\n#3 0x561f1a1b4e51 <unknown>\n#4 0x561f1a1f8bc4 <unknown>\n#5 0x561f1a1d746d <unknown>\n#6 0x561f1a1f612d <unknown>\n#7 0x561f1a1d71e3 <unknown>\n#8 0x561f1a1a7135 <unknown>\n#9 0x561f1a1a813e <unknown>\n#10 0x561f1a449e4b <unknown>\n#11 0x561f1a44ddfa <unknown>\n#12 0x561f1a4366d5 <unknown>\n#13 0x561f1a44ea6f <unknown>\n#14 0x561f1a41a69f <unknown>\n#15 0x561f1a473098 <unknown>\n#16 0x561f1a473262 <unknown>\n#17 0x561f1a484f34 <unknown>\n#18 0x7f14cdac3134 <unknown>","time":{"start":1706836105141,"stop":1706836105469,"duration":328}},{"uid":"e4228174735d08b8","reportUrl":"https://zaelcovsky.github.io/StroyremAutomation/219//#testresult/e4228174735d08b8","status":"skipped","statusDetails":"XFAIL\n\nselenium.common.exceptions.NoSuchElementException: Message: no such element: Unable to locate element: {\"method\":\"xpath\",\"selector\":\"(//a[@class='add-to-cart yellow-btn'])[1]\"}\n  (Session info: chrome-headless-shell=121.0.6167.85); For documentation on this error, please visit: https://www.selenium.dev/documentation/webdriver/troubleshooting/errors#no-such-element-exception\nStacktrace:\n#0 0x56155802fd93 <unknown>\n#1 0x561557d13337 <unknown>\n#2 0x561557d5ed60 <unknown>\n#3 0x561557d5ee51 <unknown>\n#4 0x561557da2bc4 <unknown>\n#5 0x561557d8146d <unknown>\n#6 0x561557da012d <unknown>\n#7 0x561557d811e3 <unknown>\n#8 0x561557d51135 <unknown>\n#9 0x561557d5213e <unknown>\n#10 0x561557ff3e4b <unknown>\n#11 0x561557ff7dfa <unknown>\n#12 0x561557fe06d5 <unknown>\n#13 0x561557ff8a6f <unknown>\n#14 0x561557fc469f <unknown>\n#15 0x56155801d098 <unknown>\n#16 0x56155801d262 <unknown>\n#17 0x56155802ef34 <unknown>\n#18 0x7f7ba4065044 <unknown>","time":{"start":1706750000762,"stop":1706750001211,"duration":449}},{"uid":"1f39b05b59ccb69e","reportUrl":"https://zaelcovsky.github.io/StroyremAutomation/218//#testresult/1f39b05b59ccb69e","status":"skipped","statusDetails":"XFAIL\n\nselenium.common.exceptions.NoSuchElementException: Message: no such element: Unable to locate element: {\"method\":\"xpath\",\"selector\":\"(//a[@class='add-to-cart yellow-btn'])[1]\"}\n  (Session info: chrome-headless-shell=121.0.6167.85); For documentation on this error, please visit: https://www.selenium.dev/documentation/webdriver/troubleshooting/errors#no-such-element-exception\nStacktrace:\n#0 0x56217ccb3d93 <unknown>\n#1 0x56217c997337 <unknown>\n#2 0x56217c9e2d60 <unknown>\n#3 0x56217c9e2e51 <unknown>\n#4 0x56217ca26bc4 <unknown>\n#5 0x56217ca0546d <unknown>\n#6 0x56217ca2412d <unknown>\n#7 0x56217ca051e3 <unknown>\n#8 0x56217c9d5135 <unknown>\n#9 0x56217c9d613e <unknown>\n#10 0x56217cc77e4b <unknown>\n#11 0x56217cc7bdfa <unknown>\n#12 0x56217cc646d5 <unknown>\n#13 0x56217cc7ca6f <unknown>\n#14 0x56217cc4869f <unknown>\n#15 0x56217cca1098 <unknown>\n#16 0x56217cca1262 <unknown>\n#17 0x56217ccb2f34 <unknown>\n#18 0x7f664efad044 <unknown>","time":{"start":1706663316681,"stop":1706663316992,"duration":311}},{"uid":"6ddf9c8f4e74f2ee","reportUrl":"https://zaelcovsky.github.io/StroyremAutomation/217//#testresult/6ddf9c8f4e74f2ee","status":"skipped","statusDetails":"XFAIL\n\nselenium.common.exceptions.NoSuchElementException: Message: no such element: Unable to locate element: {\"method\":\"xpath\",\"selector\":\"(//a[@class='add-to-cart yellow-btn'])[1]\"}\n  (Session info: chrome-headless-shell=121.0.6167.85); For documentation on this error, please visit: https://www.selenium.dev/documentation/webdriver/troubleshooting/errors#no-such-element-exception\nStacktrace:\n#0 0x560aca617d93 <unknown>\n#1 0x560aca2fb337 <unknown>\n#2 0x560aca346d60 <unknown>\n#3 0x560aca346e51 <unknown>\n#4 0x560aca38abc4 <unknown>\n#5 0x560aca36946d <unknown>\n#6 0x560aca38812d <unknown>\n#7 0x560aca3691e3 <unknown>\n#8 0x560aca339135 <unknown>\n#9 0x560aca33a13e <unknown>\n#10 0x560aca5dbe4b <unknown>\n#11 0x560aca5dfdfa <unknown>\n#12 0x560aca5c86d5 <unknown>\n#13 0x560aca5e0a6f <unknown>\n#14 0x560aca5ac69f <unknown>\n#15 0x560aca605098 <unknown>\n#16 0x560aca605262 <unknown>\n#17 0x560aca616f34 <unknown>\n#18 0x7f48a811d044 <unknown>","time":{"start":1706576874409,"stop":1706576874812,"duration":403}},{"uid":"730d000f0d444df8","reportUrl":"https://zaelcovsky.github.io/StroyremAutomation/216//#testresult/730d000f0d444df8","status":"skipped","statusDetails":"XFAIL\n\nselenium.common.exceptions.NoSuchElementException: Message: no such element: Unable to locate element: {\"method\":\"xpath\",\"selector\":\"(//a[@class='add-to-cart yellow-btn'])[1]\"}\n  (Session info: chrome-headless-shell=121.0.6167.85); For documentation on this error, please visit: https://www.selenium.dev/documentation/webdriver/troubleshooting/errors#no-such-element-exception\nStacktrace:\n#0 0x561cd3718d93 <unknown>\n#1 0x561cd33fc337 <unknown>\n#2 0x561cd3447d60 <unknown>\n#3 0x561cd3447e51 <unknown>\n#4 0x561cd348bbc4 <unknown>\n#5 0x561cd346a46d <unknown>\n#6 0x561cd348912d <unknown>\n#7 0x561cd346a1e3 <unknown>\n#8 0x561cd343a135 <unknown>\n#9 0x561cd343b13e <unknown>\n#10 0x561cd36dce4b <unknown>\n#11 0x561cd36e0dfa <unknown>\n#12 0x561cd36c96d5 <unknown>\n#13 0x561cd36e1a6f <unknown>\n#14 0x561cd36ad69f <unknown>\n#15 0x561cd3706098 <unknown>\n#16 0x561cd3706262 <unknown>\n#17 0x561cd3717f34 <unknown>\n#18 0x7f1d11d02044 <unknown>","time":{"start":1706490549309,"stop":1706490549631,"duration":322}},{"uid":"70a6ad7dc5ace0fa","reportUrl":"https://zaelcovsky.github.io/StroyremAutomation/215//#testresult/70a6ad7dc5ace0fa","status":"skipped","statusDetails":"XFAIL\n\nselenium.common.exceptions.NoSuchElementException: Message: no such element: Unable to locate element: {\"method\":\"xpath\",\"selector\":\"(//a[@class='add-to-cart yellow-btn'])[1]\"}\n  (Session info: chrome-headless-shell=121.0.6167.85); For documentation on this error, please visit: https://www.selenium.dev/documentation/webdriver/troubleshooting/errors#no-such-element-exception\nStacktrace:\n#0 0x562704df2d93 <unknown>\n#1 0x562704ad6337 <unknown>\n#2 0x562704b21d60 <unknown>\n#3 0x562704b21e51 <unknown>\n#4 0x562704b65bc4 <unknown>\n#5 0x562704b4446d <unknown>\n#6 0x562704b6312d <unknown>\n#7 0x562704b441e3 <unknown>\n#8 0x562704b14135 <unknown>\n#9 0x562704b1513e <unknown>\n#10 0x562704db6e4b <unknown>\n#11 0x562704dbadfa <unknown>\n#12 0x562704da36d5 <unknown>\n#13 0x562704dbba6f <unknown>\n#14 0x562704d8769f <unknown>\n#15 0x562704de0098 <unknown>\n#16 0x562704de0262 <unknown>\n#17 0x562704df1f34 <unknown>\n#18 0x7f2873935044 <unknown>","time":{"start":1706404383322,"stop":1706404383666,"duration":344}},{"uid":"30a5edd81a6756b8","reportUrl":"https://zaelcovsky.github.io/StroyremAutomation/214//#testresult/30a5edd81a6756b8","status":"skipped","statusDetails":"XFAIL\n\nselenium.common.exceptions.NoSuchElementException: Message: no such element: Unable to locate element: {\"method\":\"xpath\",\"selector\":\"(//a[@class='add-to-cart yellow-btn'])[1]\"}\n  (Session info: chrome-headless-shell=121.0.6167.85); For documentation on this error, please visit: https://www.selenium.dev/documentation/webdriver/troubleshooting/errors#no-such-element-exception\nStacktrace:\n#0 0x5645f0d41d93 <unknown>\n#1 0x5645f0a25337 <unknown>\n#2 0x5645f0a70d60 <unknown>\n#3 0x5645f0a70e51 <unknown>\n#4 0x5645f0ab4bc4 <unknown>\n#5 0x5645f0a9346d <unknown>\n#6 0x5645f0ab212d <unknown>\n#7 0x5645f0a931e3 <unknown>\n#8 0x5645f0a63135 <unknown>\n#9 0x5645f0a6413e <unknown>\n#10 0x5645f0d05e4b <unknown>\n#11 0x5645f0d09dfa <unknown>\n#12 0x5645f0cf26d5 <unknown>\n#13 0x5645f0d0aa6f <unknown>\n#14 0x5645f0cd669f <unknown>\n#15 0x5645f0d2f098 <unknown>\n#16 0x5645f0d2f262 <unknown>\n#17 0x5645f0d40f34 <unknown>\n#18 0x7fa3f085f044 <unknown>","time":{"start":1706317753980,"stop":1706317754599,"duration":619}},{"uid":"f9df42e64c287d7c","reportUrl":"https://zaelcovsky.github.io/StroyremAutomation/213//#testresult/f9df42e64c287d7c","status":"skipped","statusDetails":"XFAIL\n\nselenium.common.exceptions.NoSuchElementException: Message: no such element: Unable to locate element: {\"method\":\"xpath\",\"selector\":\"(//a[@class='add-to-cart yellow-btn'])[1]\"}\n  (Session info: chrome-headless-shell=121.0.6167.85); For documentation on this error, please visit: https://www.selenium.dev/documentation/webdriver/troubleshooting/errors#no-such-element-exception\nStacktrace:\n#0 0x55abe380cd93 <unknown>\n#1 0x55abe34f0337 <unknown>\n#2 0x55abe353bd60 <unknown>\n#3 0x55abe353be51 <unknown>\n#4 0x55abe357fbc4 <unknown>\n#5 0x55abe355e46d <unknown>\n#6 0x55abe357d12d <unknown>\n#7 0x55abe355e1e3 <unknown>\n#8 0x55abe352e135 <unknown>\n#9 0x55abe352f13e <unknown>\n#10 0x55abe37d0e4b <unknown>\n#11 0x55abe37d4dfa <unknown>\n#12 0x55abe37bd6d5 <unknown>\n#13 0x55abe37d5a6f <unknown>\n#14 0x55abe37a169f <unknown>\n#15 0x55abe37fa098 <unknown>\n#16 0x55abe37fa262 <unknown>\n#17 0x55abe380bf34 <unknown>\n#18 0x7f246db8c044 <unknown>","time":{"start":1706231351979,"stop":1706231352384,"duration":405}},{"uid":"69a9c49e72ad468c","reportUrl":"https://zaelcovsky.github.io/StroyremAutomation/212//#testresult/69a9c49e72ad468c","status":"skipped","statusDetails":"XFAIL\n\nselenium.common.exceptions.WebDriverException: Message: unknown error: net::ERR_CONNECTION_TIMED_OUT\n  (Session info: chrome-headless-shell=121.0.6167.85)\nStacktrace:\n#0 0x563fcd676d93 <unknown>\n#1 0x563fcd35a337 <unknown>\n#2 0x563fcd352193 <unknown>\n#3 0x563fcd342161 <unknown>\n#4 0x563fcd3435cb <unknown>\n#5 0x563fcd342414 <unknown>\n#6 0x563fcd3415e5 <unknown>\n#7 0x563fcd341557 <unknown>\n#8 0x563fcd33fc1a <unknown>\n#9 0x563fcd3401ca <unknown>\n#10 0x563fcd35cb6e <unknown>\n#11 0x563fcd3e7d45 <unknown>\n#12 0x563fcd3c8442 <unknown>\n#13 0x563fcd3e712d <unknown>\n#14 0x563fcd3c81e3 <unknown>\n#15 0x563fcd398135 <unknown>\n#16 0x563fcd39913e <unknown>\n#17 0x563fcd63ae4b <unknown>\n#18 0x563fcd63edfa <unknown>\n#19 0x563fcd6276d5 <unknown>\n#20 0x563fcd63fa6f <unknown>\n#21 0x563fcd60b69f <unknown>\n#22 0x563fcd664098 <unknown>\n#23 0x563fcd664262 <unknown>\n#24 0x563fcd675f34 <unknown>\n#25 0x7f1f549c3044 <unknown>","time":{"start":1706148512977,"stop":1706148643151,"duration":130174}},{"uid":"b03f8394b25baa3a","reportUrl":"https://zaelcovsky.github.io/StroyremAutomation/211//#testresult/b03f8394b25baa3a","status":"skipped","statusDetails":"XFAIL\n\nselenium.common.exceptions.WebDriverException: Message: unknown error: net::ERR_CONNECTION_REFUSED\n  (Session info: chrome-headless-shell=121.0.6167.85)\nStacktrace:\n#0 0x561997718d93 <unknown>\n#1 0x5619973fc337 <unknown>\n#2 0x5619973f4193 <unknown>\n#3 0x5619973e4161 <unknown>\n#4 0x5619973e55cb <unknown>\n#5 0x5619973e4414 <unknown>\n#6 0x5619973e35e5 <unknown>\n#7 0x5619973e3557 <unknown>\n#8 0x5619973e1c1a <unknown>\n#9 0x5619973e21ca <unknown>\n#10 0x5619973feb6e <unknown>\n#11 0x561997489d45 <unknown>\n#12 0x56199746a442 <unknown>\n#13 0x56199748912d <unknown>\n#14 0x56199746a1e3 <unknown>\n#15 0x56199743a135 <unknown>\n#16 0x56199743b13e <unknown>\n#17 0x5619976dce4b <unknown>\n#18 0x5619976e0dfa <unknown>\n#19 0x5619976c96d5 <unknown>\n#20 0x5619976e1a6f <unknown>\n#21 0x5619976ad69f <unknown>\n#22 0x561997706098 <unknown>\n#23 0x561997706262 <unknown>\n#24 0x561997717f34 <unknown>\n#25 0x7f9517ee1044 <unknown>","time":{"start":1706058869302,"stop":1706058869478,"duration":176}},{"uid":"5ac7f0c45224e963","reportUrl":"https://zaelcovsky.github.io/StroyremAutomation/210//#testresult/5ac7f0c45224e963","status":"skipped","statusDetails":"XFAIL\n\nselenium.common.exceptions.WebDriverException: Message: unknown error: net::ERR_CONNECTION_TIMED_OUT\n  (Session info: chrome-headless-shell=120.0.6099.109)\nStacktrace:\n#0 0x55d803471f83 <unknown>\n#1 0x55d80312acf7 <unknown>\n#2 0x55d8031226ea <unknown>\n#3 0x55d8031115a1 <unknown>\n#4 0x55d803112d40 <unknown>\n#5 0x55d803111854 <unknown>\n#6 0x55d803110586 <unknown>\n#7 0x55d80311044a <unknown>\n#8 0x55d80310e7e1 <unknown>\n#9 0x55d80310f01a <unknown>\n#10 0x55d80312dbbe <unknown>\n#11 0x55d8031c37a5 <unknown>\n#12 0x55d8031a40b2 <unknown>\n#13 0x55d8031c3006 <unknown>\n#14 0x55d8031a3e53 <unknown>\n#15 0x55d80316bdd4 <unknown>\n#16 0x55d80316d1de <unknown>\n#17 0x55d803436531 <unknown>\n#18 0x55d80343a455 <unknown>\n#19 0x55d803422f55 <unknown>\n#20 0x55d80343b0ef <unknown>\n#21 0x55d80340699f <unknown>\n#22 0x55d80345f008 <unknown>\n#23 0x55d80345f1d7 <unknown>\n#24 0x55d803471124 <unknown>\n#25 0x7f44a6831044 <unknown>","time":{"start":1705975763382,"stop":1705975893549,"duration":130167}},{"uid":"a1b418bd021c1a16","reportUrl":"https://zaelcovsky.github.io/StroyremAutomation/209//#testresult/a1b418bd021c1a16","status":"skipped","statusDetails":"XFAIL\n\nselenium.common.exceptions.WebDriverException: Message: unknown error: net::ERR_CONNECTION_TIMED_OUT\n  (Session info: chrome-headless-shell=120.0.6099.109)\nStacktrace:\n#0 0x5565d06daf83 <unknown>\n#1 0x5565d0393cf7 <unknown>\n#2 0x5565d038b6ea <unknown>\n#3 0x5565d037a5a1 <unknown>\n#4 0x5565d037bd40 <unknown>\n#5 0x5565d037a854 <unknown>\n#6 0x5565d0379586 <unknown>\n#7 0x5565d037944a <unknown>\n#8 0x5565d03777e1 <unknown>\n#9 0x5565d037801a <unknown>\n#10 0x5565d0396bbe <unknown>\n#11 0x5565d042c7a5 <unknown>\n#12 0x5565d040d0b2 <unknown>\n#13 0x5565d042c006 <unknown>\n#14 0x5565d040ce53 <unknown>\n#15 0x5565d03d4dd4 <unknown>\n#16 0x5565d03d61de <unknown>\n#17 0x5565d069f531 <unknown>\n#18 0x5565d06a3455 <unknown>\n#19 0x5565d068bf55 <unknown>\n#20 0x5565d06a40ef <unknown>\n#21 0x5565d066f99f <unknown>\n#22 0x5565d06c8008 <unknown>\n#23 0x5565d06c81d7 <unknown>\n#24 0x5565d06da124 <unknown>\n#25 0x7f5f34a73044 <unknown>","time":{"start":1705889388193,"stop":1705889518354,"duration":130161}},{"uid":"ffbf26084229ed2c","reportUrl":"https://zaelcovsky.github.io/StroyremAutomation/208//#testresult/ffbf26084229ed2c","status":"skipped","statusDetails":"XFAIL\n\nselenium.common.exceptions.WebDriverException: Message: unknown error: net::ERR_CONNECTION_TIMED_OUT\n  (Session info: chrome-headless-shell=120.0.6099.109)\nStacktrace:\n#0 0x55b3fca07f83 <unknown>\n#1 0x55b3fc6c0cf7 <unknown>\n#2 0x55b3fc6b86ea <unknown>\n#3 0x55b3fc6a75a1 <unknown>\n#4 0x55b3fc6a8d40 <unknown>\n#5 0x55b3fc6a7854 <unknown>\n#6 0x55b3fc6a6586 <unknown>\n#7 0x55b3fc6a644a <unknown>\n#8 0x55b3fc6a47e1 <unknown>\n#9 0x55b3fc6a501a <unknown>\n#10 0x55b3fc6c3bbe <unknown>\n#11 0x55b3fc7597a5 <unknown>\n#12 0x55b3fc73a0b2 <unknown>\n#13 0x55b3fc759006 <unknown>\n#14 0x55b3fc739e53 <unknown>\n#15 0x55b3fc701dd4 <unknown>\n#16 0x55b3fc7031de <unknown>\n#17 0x55b3fc9cc531 <unknown>\n#18 0x55b3fc9d0455 <unknown>\n#19 0x55b3fc9b8f55 <unknown>\n#20 0x55b3fc9d10ef <unknown>\n#21 0x55b3fc99c99f <unknown>\n#22 0x55b3fc9f5008 <unknown>\n#23 0x55b3fc9f51d7 <unknown>\n#24 0x55b3fca07124 <unknown>\n#25 0x7fc3478cf044 <unknown>","time":{"start":1705803118005,"stop":1705803248186,"duration":130181}},{"uid":"39e7f765169a5f33","reportUrl":"https://zaelcovsky.github.io/StroyremAutomation/207//#testresult/39e7f765169a5f33","status":"skipped","statusDetails":"XFAIL\n\nselenium.common.exceptions.WebDriverException: Message: unknown error: net::ERR_CONNECTION_TIMED_OUT\n  (Session info: chrome-headless-shell=120.0.6099.109)\nStacktrace:\n#0 0x55955950ff83 <unknown>\n#1 0x5595591c8cf7 <unknown>\n#2 0x5595591c06ea <unknown>\n#3 0x5595591af5a1 <unknown>\n#4 0x5595591b0d40 <unknown>\n#5 0x5595591af854 <unknown>\n#6 0x5595591ae586 <unknown>\n#7 0x5595591ae44a <unknown>\n#8 0x5595591ac7e1 <unknown>\n#9 0x5595591ad01a <unknown>\n#10 0x5595591cbbbe <unknown>\n#11 0x5595592617a5 <unknown>\n#12 0x5595592420b2 <unknown>\n#13 0x559559261006 <unknown>\n#14 0x559559241e53 <unknown>\n#15 0x559559209dd4 <unknown>\n#16 0x55955920b1de <unknown>\n#17 0x5595594d4531 <unknown>\n#18 0x5595594d8455 <unknown>\n#19 0x5595594c0f55 <unknown>\n#20 0x5595594d90ef <unknown>\n#21 0x5595594a499f <unknown>\n#22 0x5595594fd008 <unknown>\n#23 0x5595594fd1d7 <unknown>\n#24 0x55955950f124 <unknown>\n#25 0x7f14d373c044 <unknown>","time":{"start":1705716371731,"stop":1705716501904,"duration":130173}},{"uid":"d984078ab5b60349","reportUrl":"https://zaelcovsky.github.io/StroyremAutomation/206//#testresult/d984078ab5b60349","status":"skipped","statusDetails":"XFAIL\n\nselenium.common.exceptions.WebDriverException: Message: unknown error: net::ERR_CONNECTION_TIMED_OUT\n  (Session info: chrome-headless-shell=120.0.6099.109)\nStacktrace:\n#0 0x5597e08fcf83 <unknown>\n#1 0x5597e05b5cf7 <unknown>\n#2 0x5597e05ad6ea <unknown>\n#3 0x5597e059c5a1 <unknown>\n#4 0x5597e059dd40 <unknown>\n#5 0x5597e059c854 <unknown>\n#6 0x5597e059b586 <unknown>\n#7 0x5597e059b44a <unknown>\n#8 0x5597e05997e1 <unknown>\n#9 0x5597e059a01a <unknown>\n#10 0x5597e05b8bbe <unknown>\n#11 0x5597e064e7a5 <unknown>\n#12 0x5597e062f0b2 <unknown>\n#13 0x5597e064e006 <unknown>\n#14 0x5597e062ee53 <unknown>\n#15 0x5597e05f6dd4 <unknown>\n#16 0x5597e05f81de <unknown>\n#17 0x5597e08c1531 <unknown>\n#18 0x5597e08c5455 <unknown>\n#19 0x5597e08adf55 <unknown>\n#20 0x5597e08c60ef <unknown>\n#21 0x5597e089199f <unknown>\n#22 0x5597e08ea008 <unknown>\n#23 0x5597e08ea1d7 <unknown>\n#24 0x5597e08fc124 <unknown>\n#25 0x7fafe48c9044 <unknown>","time":{"start":1705630039671,"stop":1705630169848,"duration":130177}},{"uid":"159ab499da1cfb6e","reportUrl":"https://zaelcovsky.github.io/StroyremAutomation/205//#testresult/159ab499da1cfb6e","status":"skipped","statusDetails":"XFAIL\n\nselenium.common.exceptions.WebDriverException: Message: unknown error: net::ERR_CONNECTION_TIMED_OUT\n  (Session info: chrome-headless-shell=120.0.6099.109)\nStacktrace:\n#0 0x55c68140ff83 <unknown>\n#1 0x55c6810c8cf7 <unknown>\n#2 0x55c6810c06ea <unknown>\n#3 0x55c6810af5a1 <unknown>\n#4 0x55c6810b0d40 <unknown>\n#5 0x55c6810af854 <unknown>\n#6 0x55c6810ae586 <unknown>\n#7 0x55c6810ae44a <unknown>\n#8 0x55c6810ac7e1 <unknown>\n#9 0x55c6810ad01a <unknown>\n#10 0x55c6810cbbbe <unknown>\n#11 0x55c6811617a5 <unknown>\n#12 0x55c6811420b2 <unknown>\n#13 0x55c681161006 <unknown>\n#14 0x55c681141e53 <unknown>\n#15 0x55c681109dd4 <unknown>\n#16 0x55c68110b1de <unknown>\n#17 0x55c6813d4531 <unknown>\n#18 0x55c6813d8455 <unknown>\n#19 0x55c6813c0f55 <unknown>\n#20 0x55c6813d90ef <unknown>\n#21 0x55c6813a499f <unknown>\n#22 0x55c6813fd008 <unknown>\n#23 0x55c6813fd1d7 <unknown>\n#24 0x55c68140f124 <unknown>\n#25 0x7f02f0dbe044 <unknown>","time":{"start":1705543619806,"stop":1705543749983,"duration":130177}},{"uid":"b0b5cd05580bc787","reportUrl":"https://zaelcovsky.github.io/StroyremAutomation/204//#testresult/b0b5cd05580bc787","status":"skipped","statusDetails":"XFAIL\n\nselenium.common.exceptions.WebDriverException: Message: unknown error: net::ERR_CONNECTION_TIMED_OUT\n  (Session info: chrome-headless-shell=120.0.6099.109)\nStacktrace:\n#0 0x56008033df83 <unknown>\n#1 0x56007fff6cf7 <unknown>\n#2 0x56007ffee6ea <unknown>\n#3 0x56007ffdd5a1 <unknown>\n#4 0x56007ffded40 <unknown>\n#5 0x56007ffdd854 <unknown>\n#6 0x56007ffdc586 <unknown>\n#7 0x56007ffdc44a <unknown>\n#8 0x56007ffda7e1 <unknown>\n#9 0x56007ffdb01a <unknown>\n#10 0x56007fff9bbe <unknown>\n#11 0x56008008f7a5 <unknown>\n#12 0x5600800700b2 <unknown>\n#13 0x56008008f006 <unknown>\n#14 0x56008006fe53 <unknown>\n#15 0x560080037dd4 <unknown>\n#16 0x5600800391de <unknown>\n#17 0x560080302531 <unknown>\n#18 0x560080306455 <unknown>\n#19 0x5600802eef55 <unknown>\n#20 0x5600803070ef <unknown>\n#21 0x5600802d299f <unknown>\n#22 0x56008032b008 <unknown>\n#23 0x56008032b1d7 <unknown>\n#24 0x56008033d124 <unknown>\n#25 0x7fdac7f07044 <unknown>","time":{"start":1705457344793,"stop":1705457474967,"duration":130174}},{"uid":"1d78227927ba4f17","reportUrl":"https://zaelcovsky.github.io/StroyremAutomation/203//#testresult/1d78227927ba4f17","status":"skipped","statusDetails":"XFAIL\n\nselenium.common.exceptions.WebDriverException: Message: unknown error: net::ERR_CONNECTION_TIMED_OUT\n  (Session info: chrome-headless-shell=120.0.6099.109)\nStacktrace:\n#0 0x55cb7d2f5f83 <unknown>\n#1 0x55cb7cfaecf7 <unknown>\n#2 0x55cb7cfa66ea <unknown>\n#3 0x55cb7cf955a1 <unknown>\n#4 0x55cb7cf96d40 <unknown>\n#5 0x55cb7cf95854 <unknown>\n#6 0x55cb7cf94586 <unknown>\n#7 0x55cb7cf9444a <unknown>\n#8 0x55cb7cf927e1 <unknown>\n#9 0x55cb7cf9301a <unknown>\n#10 0x55cb7cfb1bbe <unknown>\n#11 0x55cb7d0477a5 <unknown>\n#12 0x55cb7d0280b2 <unknown>\n#13 0x55cb7d047006 <unknown>\n#14 0x55cb7d027e53 <unknown>\n#15 0x55cb7cfefdd4 <unknown>\n#16 0x55cb7cff11de <unknown>\n#17 0x55cb7d2ba531 <unknown>\n#18 0x55cb7d2be455 <unknown>\n#19 0x55cb7d2a6f55 <unknown>\n#20 0x55cb7d2bf0ef <unknown>\n#21 0x55cb7d28a99f <unknown>\n#22 0x55cb7d2e3008 <unknown>\n#23 0x55cb7d2e31d7 <unknown>\n#24 0x55cb7d2f5124 <unknown>\n#25 0x7f6ef7aa1044 <unknown>","time":{"start":1705370839715,"stop":1705370969897,"duration":130182}},{"uid":"1513552ea1997c29","reportUrl":"https://zaelcovsky.github.io/StroyremAutomation/202//#testresult/1513552ea1997c29","status":"skipped","statusDetails":"XFAIL\n\nselenium.common.exceptions.NoSuchElementException: Message: no such element: Unable to locate element: {\"method\":\"xpath\",\"selector\":\"(//a[@class='add-to-cart yellow-btn'])[1]\"}\n  (Session info: chrome-headless-shell=120.0.6099.109); For documentation on this error, please visit: https://www.selenium.dev/documentation/webdriver/troubleshooting/errors#no-such-element-exception\nStacktrace:\n#0 0x55c488cdbf83 <unknown>\n#1 0x55c488994cf7 <unknown>\n#2 0x55c4889e499e <unknown>\n#3 0x55c4889e4aa1 <unknown>\n#4 0x55c488a2fd64 <unknown>\n#5 0x55c488a0e0dd <unknown>\n#6 0x55c488a2d006 <unknown>\n#7 0x55c488a0de53 <unknown>\n#8 0x55c4889d5dd4 <unknown>\n#9 0x55c4889d71de <unknown>\n#10 0x55c488ca0531 <unknown>\n#11 0x55c488ca4455 <unknown>\n#12 0x55c488c8cf55 <unknown>\n#13 0x55c488ca50ef <unknown>\n#14 0x55c488c7099f <unknown>\n#15 0x55c488cc9008 <unknown>\n#16 0x55c488cc91d7 <unknown>\n#17 0x55c488cdb124 <unknown>\n#18 0x7f1c478e6044 <unknown>","time":{"start":1705281346470,"stop":1705281347182,"duration":712}},{"uid":"e02ec3da559d7486","reportUrl":"https://zaelcovsky.github.io/StroyremAutomation/201//#testresult/e02ec3da559d7486","status":"skipped","statusDetails":"XFAIL\n\nselenium.common.exceptions.NoSuchElementException: Message: no such element: Unable to locate element: {\"method\":\"xpath\",\"selector\":\"(//a[@class='add-to-cart yellow-btn'])[1]\"}\n  (Session info: chrome-headless-shell=120.0.6099.109); For documentation on this error, please visit: https://www.selenium.dev/documentation/webdriver/troubleshooting/errors#no-such-element-exception\nStacktrace:\n#0 0x5564a4ff5f83 <unknown>\n#1 0x5564a4caecf7 <unknown>\n#2 0x5564a4cfe99e <unknown>\n#3 0x5564a4cfeaa1 <unknown>\n#4 0x5564a4d49d64 <unknown>\n#5 0x5564a4d280dd <unknown>\n#6 0x5564a4d47006 <unknown>\n#7 0x5564a4d27e53 <unknown>\n#8 0x5564a4cefdd4 <unknown>\n#9 0x5564a4cf11de <unknown>\n#10 0x5564a4fba531 <unknown>\n#11 0x5564a4fbe455 <unknown>\n#12 0x5564a4fa6f55 <unknown>\n#13 0x5564a4fbf0ef <unknown>\n#14 0x5564a4f8a99f <unknown>\n#15 0x5564a4fe3008 <unknown>\n#16 0x5564a4fe31d7 <unknown>\n#17 0x5564a4ff5124 <unknown>\n#18 0x7f814a7b6044 <unknown>","time":{"start":1705195132862,"stop":1705195133412,"duration":550}}]},"tags":["@pytest.mark.xfail(reson='Цена доставки: 7000 13900 15900')","smoke"]},"source":"dee4fd1bc9159db4.json","parameterValues":["19900","366","'TD 026'","14900","'products/shtukaturka-gipsovaya-aksolit-m50-30-kg-mashinnogo-naneseniya'","8000","'https://sandboxtest.stroyrem-nn.ru/'","11000"]}