{"uid":"8546ce6769449a7e","name":"TD 025 Доставка товара весом до 10000кг. в синей зоне","fullName":"tests.delivery.test_delivery_calculation.TestDeliveryPageCalculation#test_positive_delivery_blue_zone_smoke","historyId":"5c91f1b6a5c2e7b4c36fa79019f7f7db","time":{"start":1702775782031,"stop":1702775782415,"duration":384},"status":"broken","statusMessage":"selenium.common.exceptions.NoSuchElementException: Message: no such element: Unable to locate element: {\"method\":\"xpath\",\"selector\":\"(//a[@class='add-to-cart yellow-btn'])[1]\"}\n  (Session info: chrome-headless-shell=120.0.6099.71); For documentation on this error, please visit: https://www.selenium.dev/documentation/webdriver/troubleshooting/errors#no-such-element-exception\nStacktrace:\n#0 0x55d78c398d33 <unknown>\n#1 0x55d78c055f87 <unknown>\n#2 0x55d78c0a5c0e <unknown>\n#3 0x55d78c0a5d11 <unknown>\n#4 0x55d78c0f1004 <unknown>\n#5 0x55d78c0cf36d <unknown>\n#6 0x55d78c0ee297 <unknown>\n#7 0x55d78c0cf0e3 <unknown>\n#8 0x55d78c097044 <unknown>\n#9 0x55d78c09844e <unknown>\n#10 0x55d78c35d861 <unknown>\n#11 0x55d78c361785 <unknown>\n#12 0x55d78c34b285 <unknown>\n#13 0x55d78c36241f <unknown>\n#14 0x55d78c32f20f <unknown>\n#15 0x55d78c386028 <unknown>\n#16 0x55d78c3861f7 <unknown>\n#17 0x55d78c397ed4 <unknown>\n#18 0x7f9e5f85c044 <unknown>","statusTrace":"self = <tests.delivery.test_delivery_calculation.TestDeliveryPageCalculation object at 0x7ff194969790>\ndriver = <selenium.webdriver.chrome.webdriver.WebDriver (session=\"a594c193a4f3dba38dcade8402db049a\")>\nurl = 'https://sandboxtest.stroyrem-nn.ru/', case_id = 'TD 025'\nlink_item = 'products/shtukaturka-gipsovaya-aksolit-m50-30-kg-mashinnogo-naneseniya'\namount = 333, weight = 10000, standard = 7000, in_time = 13900, all_time = 15900\n\n    @pytest.mark.parametrize('case_id, link_item, amount, weight, standard, in_time, all_time', [\n        (\"TD 015\", bundeks_25, 1, 30, 650, 2390, 3320),\n        pytest.param(\n            \"TD 016\", aksolit_30, 8, 300, 650, 2390, 3320,\n            marks=pytest.mark.xfail(reson=\"Цена доставки: - - -\")\n        ),\n        (\"TD 017\", aksolit_30, 13, 400, 650, 2390, 3320),\n        (\"TD 018\", aksolit_30, 16, 500, 850, 2490, 3320),\n        (\"TD 019\", aksolit_30, 25, 1700, 1150, 2490, 3320),\n        (\"TD 020\", aksolit_30, 66, 2000, 1500, 2990, 3650),\n        (\"TD 021\", aksolit_30, 149, 4500, 2600, 4380, 4890),\n        (\"TD 022\", aksolit_30, 166, 5000, 2800, 5490, 5980),\n        pytest.param(\n            \"TD 023\", aksolit_30, 206, 6200, 3300, 7500, 8000,\n            marks=pytest.mark.xfail(reson=\"Цена доставки: 4300 9900 11440\")\n        ),\n        (\"TD 024\", aksolit_30, 299, 9000, 4300, 9900, 11440),\n        (\"TD 025\", aksolit_30, 333, 10000, 7000, 13900, 15900),\n        pytest.param(\n            \"TD 026\", aksolit_30, 366, 11000, 8000, 14900, 19900,\n            marks=pytest.mark.xfail(reson=\"Цена доставки: 7000 13900 15900\")\n        ),\n        pytest.param(\n            \"TD 027\", aksolit_30, 666, 20000, 14000, 16900, 23900,\n            marks=pytest.mark.xfail(reson=\"Цена доставки: 7000 13900 15900\")\n        )\n    ])\n    @pytest.mark.smoke\n    def test_positive_delivery_blue_zone_smoke(\n            self, driver, url, case_id, link_item, amount, weight, standard, in_time, all_time\n    ):\n        allure.dynamic.title(f\"{case_id} Доставка товара весом до {weight}кг. в синей зоне\")\n    \n        driver.get(f'{url}{link_item}')\n        item_page = ItemPage(driver)\n>       item_page.add_item_to_cart(amount).click_on_cart()\n\ntests/delivery/test_delivery_calculation.py:130: \n_ _ _ _ _ _ _ _ _ _ _ _ _ _ _ _ _ _ _ _ _ _ _ _ _ _ _ _ _ _ _ _ _ _ _ _ _ _ _ _ \npages/item_page.py:40: in add_item_to_cart\n    self.find_element(self._add_item).click()\nbase/seleniumbase.py:17: in find_element\n    return self.driver.find_element(*locator)\n/usr/local/lib/python3.11/site-packages/selenium/webdriver/remote/webdriver.py:740: in find_element\n    return self.execute(Command.FIND_ELEMENT, {\"using\": by, \"value\": value})[\"value\"]\n/usr/local/lib/python3.11/site-packages/selenium/webdriver/remote/webdriver.py:346: in execute\n    self.error_handler.check_response(response)\n_ _ _ _ _ _ _ _ _ _ _ _ _ _ _ _ _ _ _ _ _ _ _ _ _ _ _ _ _ _ _ _ _ _ _ _ _ _ _ _ \n\nself = <selenium.webdriver.remote.errorhandler.ErrorHandler object at 0x7ff194941c10>\nresponse = {'status': 404, 'value': '{\"value\":{\"error\":\"no such element\",\"message\":\"no such element: Unable to locate element: {\\...\\\\n#16 0x55d78c3861f7 \\\\u003Cunknown>\\\\n#17 0x55d78c397ed4 \\\\u003Cunknown>\\\\n#18 0x7f9e5f85c044 \\\\u003Cunknown>\\\\n\"}}'}\n\n    def check_response(self, response: Dict[str, Any]) -> None:\n        \"\"\"Checks that a JSON response from the WebDriver does not have an\n        error.\n    \n        :Args:\n         - response - The JSON response from the WebDriver server as a dictionary\n           object.\n    \n        :Raises: If the response contains an error message.\n        \"\"\"\n        status = response.get(\"status\", None)\n        if not status or status == ErrorCode.SUCCESS:\n            return\n        value = None\n        message = response.get(\"message\", \"\")\n        screen: str = response.get(\"screen\", \"\")\n        stacktrace = None\n        if isinstance(status, int):\n            value_json = response.get(\"value\", None)\n            if value_json and isinstance(value_json, str):\n                import json\n    \n                try:\n                    value = json.loads(value_json)\n                    if len(value) == 1:\n                        value = value[\"value\"]\n                    status = value.get(\"error\", None)\n                    if not status:\n                        status = value.get(\"status\", ErrorCode.UNKNOWN_ERROR)\n                        message = value.get(\"value\") or value.get(\"message\")\n                        if not isinstance(message, str):\n                            value = message\n                            message = message.get(\"message\")\n                    else:\n                        message = value.get(\"message\", None)\n                except ValueError:\n                    pass\n    \n        exception_class: Type[WebDriverException]\n        if status in ErrorCode.NO_SUCH_ELEMENT:\n            exception_class = NoSuchElementException\n        elif status in ErrorCode.NO_SUCH_FRAME:\n            exception_class = NoSuchFrameException\n        elif status in ErrorCode.NO_SUCH_SHADOW_ROOT:\n            exception_class = NoSuchShadowRootException\n        elif status in ErrorCode.NO_SUCH_WINDOW:\n            exception_class = NoSuchWindowException\n        elif status in ErrorCode.STALE_ELEMENT_REFERENCE:\n            exception_class = StaleElementReferenceException\n        elif status in ErrorCode.ELEMENT_NOT_VISIBLE:\n            exception_class = ElementNotVisibleException\n        elif status in ErrorCode.INVALID_ELEMENT_STATE:\n            exception_class = InvalidElementStateException\n        elif (\n            status in ErrorCode.INVALID_SELECTOR\n            or status in ErrorCode.INVALID_XPATH_SELECTOR\n            or status in ErrorCode.INVALID_XPATH_SELECTOR_RETURN_TYPER\n        ):\n            exception_class = InvalidSelectorException\n        elif status in ErrorCode.ELEMENT_IS_NOT_SELECTABLE:\n            exception_class = ElementNotSelectableException\n        elif status in ErrorCode.ELEMENT_NOT_INTERACTABLE:\n            exception_class = ElementNotInteractableException\n        elif status in ErrorCode.INVALID_COOKIE_DOMAIN:\n            exception_class = InvalidCookieDomainException\n        elif status in ErrorCode.UNABLE_TO_SET_COOKIE:\n            exception_class = UnableToSetCookieException\n        elif status in ErrorCode.TIMEOUT:\n            exception_class = TimeoutException\n        elif status in ErrorCode.SCRIPT_TIMEOUT:\n            exception_class = TimeoutException\n        elif status in ErrorCode.UNKNOWN_ERROR:\n            exception_class = WebDriverException\n        elif status in ErrorCode.UNEXPECTED_ALERT_OPEN:\n            exception_class = UnexpectedAlertPresentException\n        elif status in ErrorCode.NO_ALERT_OPEN:\n            exception_class = NoAlertPresentException\n        elif status in ErrorCode.IME_NOT_AVAILABLE:\n            exception_class = ImeNotAvailableException\n        elif status in ErrorCode.IME_ENGINE_ACTIVATION_FAILED:\n            exception_class = ImeActivationFailedException\n        elif status in ErrorCode.MOVE_TARGET_OUT_OF_BOUNDS:\n            exception_class = MoveTargetOutOfBoundsException\n        elif status in ErrorCode.JAVASCRIPT_ERROR:\n            exception_class = JavascriptException\n        elif status in ErrorCode.SESSION_NOT_CREATED:\n            exception_class = SessionNotCreatedException\n        elif status in ErrorCode.INVALID_ARGUMENT:\n            exception_class = InvalidArgumentException\n        elif status in ErrorCode.NO_SUCH_COOKIE:\n            exception_class = NoSuchCookieException\n        elif status in ErrorCode.UNABLE_TO_CAPTURE_SCREEN:\n            exception_class = ScreenshotException\n        elif status in ErrorCode.ELEMENT_CLICK_INTERCEPTED:\n            exception_class = ElementClickInterceptedException\n        elif status in ErrorCode.INSECURE_CERTIFICATE:\n            exception_class = InsecureCertificateException\n        elif status in ErrorCode.INVALID_COORDINATES:\n            exception_class = InvalidCoordinatesException\n        elif status in ErrorCode.INVALID_SESSION_ID:\n            exception_class = InvalidSessionIdException\n        elif status in ErrorCode.UNKNOWN_METHOD:\n            exception_class = UnknownMethodException\n        else:\n            exception_class = WebDriverException\n        if not value:\n            value = response[\"value\"]\n        if isinstance(value, str):\n            raise exception_class(value)\n        if message == \"\" and \"message\" in value:\n            message = value[\"message\"]\n    \n        screen = None  # type: ignore[assignment]\n        if \"screen\" in value:\n            screen = value[\"screen\"]\n    \n        stacktrace = None\n        st_value = value.get(\"stackTrace\") or value.get(\"stacktrace\")\n        if st_value:\n            if isinstance(st_value, str):\n                stacktrace = st_value.split(\"\\n\")\n            else:\n                stacktrace = []\n                try:\n                    for frame in st_value:\n                        line = frame.get(\"lineNumber\", \"\")\n                        file = frame.get(\"fileName\", \"<anonymous>\")\n                        if line:\n                            file = f\"{file}:{line}\"\n                        meth = frame.get(\"methodName\", \"<anonymous>\")\n                        if \"className\" in frame:\n                            meth = f\"{frame['className']}.{meth}\"\n                        msg = \"    at %s (%s)\"\n                        msg = msg % (meth, file)\n                        stacktrace.append(msg)\n                except TypeError:\n                    pass\n        if exception_class == UnexpectedAlertPresentException:\n            alert_text = None\n            if \"data\" in value:\n                alert_text = value[\"data\"].get(\"text\")\n            elif \"alert\" in value:\n                alert_text = value[\"alert\"].get(\"text\")\n            raise exception_class(message, screen, stacktrace, alert_text)  # type: ignore[call-arg]  # mypy is not smart enough here\n>       raise exception_class(message, screen, stacktrace)\nE       selenium.common.exceptions.NoSuchElementException: Message: no such element: Unable to locate element: {\"method\":\"xpath\",\"selector\":\"(//a[@class='add-to-cart yellow-btn'])[1]\"}\nE         (Session info: chrome-headless-shell=120.0.6099.71); For documentation on this error, please visit: https://www.selenium.dev/documentation/webdriver/troubleshooting/errors#no-such-element-exception\nE       Stacktrace:\nE       #0 0x55d78c398d33 <unknown>\nE       #1 0x55d78c055f87 <unknown>\nE       #2 0x55d78c0a5c0e <unknown>\nE       #3 0x55d78c0a5d11 <unknown>\nE       #4 0x55d78c0f1004 <unknown>\nE       #5 0x55d78c0cf36d <unknown>\nE       #6 0x55d78c0ee297 <unknown>\nE       #7 0x55d78c0cf0e3 <unknown>\nE       #8 0x55d78c097044 <unknown>\nE       #9 0x55d78c09844e <unknown>\nE       #10 0x55d78c35d861 <unknown>\nE       #11 0x55d78c361785 <unknown>\nE       #12 0x55d78c34b285 <unknown>\nE       #13 0x55d78c36241f <unknown>\nE       #14 0x55d78c32f20f <unknown>\nE       #15 0x55d78c386028 <unknown>\nE       #16 0x55d78c3861f7 <unknown>\nE       #17 0x55d78c397ed4 <unknown>\nE       #18 0x7f9e5f85c044 <unknown>\n\n/usr/local/lib/python3.11/site-packages/selenium/webdriver/remote/errorhandler.py:245: NoSuchElementException","flaky":false,"newFailed":false,"newBroken":false,"newPassed":false,"retriesCount":0,"retriesStatusChange":false,"beforeStages":[{"name":"_session_faker","time":{"start":1702775331757,"stop":1702775331825,"duration":68},"status":"passed","steps":[],"attachments":[],"parameters":[],"shouldDisplayMessage":false,"stepsCount":0,"attachmentsCount":0,"hasContent":false,"attachmentStep":false},{"name":"clear_allure_results_folder","time":{"start":1702775331826,"stop":1702775331826,"duration":0},"status":"passed","steps":[],"attachments":[],"parameters":[],"shouldDisplayMessage":false,"stepsCount":0,"attachmentsCount":0,"hasContent":false,"attachmentStep":false},{"name":"driver","time":{"start":1702775781292,"stop":1702775782029,"duration":737},"status":"passed","steps":[],"attachments":[],"parameters":[],"shouldDisplayMessage":false,"stepsCount":0,"attachmentsCount":0,"hasContent":false,"attachmentStep":false},{"name":"setup","time":{"start":1702775782030,"stop":1702775782030,"duration":0},"status":"passed","steps":[],"attachments":[],"parameters":[],"shouldDisplayMessage":false,"stepsCount":0,"attachmentsCount":0,"hasContent":false,"attachmentStep":false}],"testStage":{"status":"broken","statusMessage":"selenium.common.exceptions.NoSuchElementException: Message: no such element: Unable to locate element: {\"method\":\"xpath\",\"selector\":\"(//a[@class='add-to-cart yellow-btn'])[1]\"}\n  (Session info: chrome-headless-shell=120.0.6099.71); For documentation on this error, please visit: https://www.selenium.dev/documentation/webdriver/troubleshooting/errors#no-such-element-exception\nStacktrace:\n#0 0x55d78c398d33 <unknown>\n#1 0x55d78c055f87 <unknown>\n#2 0x55d78c0a5c0e <unknown>\n#3 0x55d78c0a5d11 <unknown>\n#4 0x55d78c0f1004 <unknown>\n#5 0x55d78c0cf36d <unknown>\n#6 0x55d78c0ee297 <unknown>\n#7 0x55d78c0cf0e3 <unknown>\n#8 0x55d78c097044 <unknown>\n#9 0x55d78c09844e <unknown>\n#10 0x55d78c35d861 <unknown>\n#11 0x55d78c361785 <unknown>\n#12 0x55d78c34b285 <unknown>\n#13 0x55d78c36241f <unknown>\n#14 0x55d78c32f20f <unknown>\n#15 0x55d78c386028 <unknown>\n#16 0x55d78c3861f7 <unknown>\n#17 0x55d78c397ed4 <unknown>\n#18 0x7f9e5f85c044 <unknown>","statusTrace":"self = <tests.delivery.test_delivery_calculation.TestDeliveryPageCalculation object at 0x7ff194969790>\ndriver = <selenium.webdriver.chrome.webdriver.WebDriver (session=\"a594c193a4f3dba38dcade8402db049a\")>\nurl = 'https://sandboxtest.stroyrem-nn.ru/', case_id = 'TD 025'\nlink_item = 'products/shtukaturka-gipsovaya-aksolit-m50-30-kg-mashinnogo-naneseniya'\namount = 333, weight = 10000, standard = 7000, in_time = 13900, all_time = 15900\n\n    @pytest.mark.parametrize('case_id, link_item, amount, weight, standard, in_time, all_time', [\n        (\"TD 015\", bundeks_25, 1, 30, 650, 2390, 3320),\n        pytest.param(\n            \"TD 016\", aksolit_30, 8, 300, 650, 2390, 3320,\n            marks=pytest.mark.xfail(reson=\"Цена доставки: - - -\")\n        ),\n        (\"TD 017\", aksolit_30, 13, 400, 650, 2390, 3320),\n        (\"TD 018\", aksolit_30, 16, 500, 850, 2490, 3320),\n        (\"TD 019\", aksolit_30, 25, 1700, 1150, 2490, 3320),\n        (\"TD 020\", aksolit_30, 66, 2000, 1500, 2990, 3650),\n        (\"TD 021\", aksolit_30, 149, 4500, 2600, 4380, 4890),\n        (\"TD 022\", aksolit_30, 166, 5000, 2800, 5490, 5980),\n        pytest.param(\n            \"TD 023\", aksolit_30, 206, 6200, 3300, 7500, 8000,\n            marks=pytest.mark.xfail(reson=\"Цена доставки: 4300 9900 11440\")\n        ),\n        (\"TD 024\", aksolit_30, 299, 9000, 4300, 9900, 11440),\n        (\"TD 025\", aksolit_30, 333, 10000, 7000, 13900, 15900),\n        pytest.param(\n            \"TD 026\", aksolit_30, 366, 11000, 8000, 14900, 19900,\n            marks=pytest.mark.xfail(reson=\"Цена доставки: 7000 13900 15900\")\n        ),\n        pytest.param(\n            \"TD 027\", aksolit_30, 666, 20000, 14000, 16900, 23900,\n            marks=pytest.mark.xfail(reson=\"Цена доставки: 7000 13900 15900\")\n        )\n    ])\n    @pytest.mark.smoke\n    def test_positive_delivery_blue_zone_smoke(\n            self, driver, url, case_id, link_item, amount, weight, standard, in_time, all_time\n    ):\n        allure.dynamic.title(f\"{case_id} Доставка товара весом до {weight}кг. в синей зоне\")\n    \n        driver.get(f'{url}{link_item}')\n        item_page = ItemPage(driver)\n>       item_page.add_item_to_cart(amount).click_on_cart()\n\ntests/delivery/test_delivery_calculation.py:130: \n_ _ _ _ _ _ _ _ _ _ _ _ _ _ _ _ _ _ _ _ _ _ _ _ _ _ _ _ _ _ _ _ _ _ _ _ _ _ _ _ \npages/item_page.py:40: in add_item_to_cart\n    self.find_element(self._add_item).click()\nbase/seleniumbase.py:17: in find_element\n    return self.driver.find_element(*locator)\n/usr/local/lib/python3.11/site-packages/selenium/webdriver/remote/webdriver.py:740: in find_element\n    return self.execute(Command.FIND_ELEMENT, {\"using\": by, \"value\": value})[\"value\"]\n/usr/local/lib/python3.11/site-packages/selenium/webdriver/remote/webdriver.py:346: in execute\n    self.error_handler.check_response(response)\n_ _ _ _ _ _ _ _ _ _ _ _ _ _ _ _ _ _ _ _ _ _ _ _ _ _ _ _ _ _ _ _ _ _ _ _ _ _ _ _ \n\nself = <selenium.webdriver.remote.errorhandler.ErrorHandler object at 0x7ff194941c10>\nresponse = {'status': 404, 'value': '{\"value\":{\"error\":\"no such element\",\"message\":\"no such element: Unable to locate element: {\\...\\\\n#16 0x55d78c3861f7 \\\\u003Cunknown>\\\\n#17 0x55d78c397ed4 \\\\u003Cunknown>\\\\n#18 0x7f9e5f85c044 \\\\u003Cunknown>\\\\n\"}}'}\n\n    def check_response(self, response: Dict[str, Any]) -> None:\n        \"\"\"Checks that a JSON response from the WebDriver does not have an\n        error.\n    \n        :Args:\n         - response - The JSON response from the WebDriver server as a dictionary\n           object.\n    \n        :Raises: If the response contains an error message.\n        \"\"\"\n        status = response.get(\"status\", None)\n        if not status or status == ErrorCode.SUCCESS:\n            return\n        value = None\n        message = response.get(\"message\", \"\")\n        screen: str = response.get(\"screen\", \"\")\n        stacktrace = None\n        if isinstance(status, int):\n            value_json = response.get(\"value\", None)\n            if value_json and isinstance(value_json, str):\n                import json\n    \n                try:\n                    value = json.loads(value_json)\n                    if len(value) == 1:\n                        value = value[\"value\"]\n                    status = value.get(\"error\", None)\n                    if not status:\n                        status = value.get(\"status\", ErrorCode.UNKNOWN_ERROR)\n                        message = value.get(\"value\") or value.get(\"message\")\n                        if not isinstance(message, str):\n                            value = message\n                            message = message.get(\"message\")\n                    else:\n                        message = value.get(\"message\", None)\n                except ValueError:\n                    pass\n    \n        exception_class: Type[WebDriverException]\n        if status in ErrorCode.NO_SUCH_ELEMENT:\n            exception_class = NoSuchElementException\n        elif status in ErrorCode.NO_SUCH_FRAME:\n            exception_class = NoSuchFrameException\n        elif status in ErrorCode.NO_SUCH_SHADOW_ROOT:\n            exception_class = NoSuchShadowRootException\n        elif status in ErrorCode.NO_SUCH_WINDOW:\n            exception_class = NoSuchWindowException\n        elif status in ErrorCode.STALE_ELEMENT_REFERENCE:\n            exception_class = StaleElementReferenceException\n        elif status in ErrorCode.ELEMENT_NOT_VISIBLE:\n            exception_class = ElementNotVisibleException\n        elif status in ErrorCode.INVALID_ELEMENT_STATE:\n            exception_class = InvalidElementStateException\n        elif (\n            status in ErrorCode.INVALID_SELECTOR\n            or status in ErrorCode.INVALID_XPATH_SELECTOR\n            or status in ErrorCode.INVALID_XPATH_SELECTOR_RETURN_TYPER\n        ):\n            exception_class = InvalidSelectorException\n        elif status in ErrorCode.ELEMENT_IS_NOT_SELECTABLE:\n            exception_class = ElementNotSelectableException\n        elif status in ErrorCode.ELEMENT_NOT_INTERACTABLE:\n            exception_class = ElementNotInteractableException\n        elif status in ErrorCode.INVALID_COOKIE_DOMAIN:\n            exception_class = InvalidCookieDomainException\n        elif status in ErrorCode.UNABLE_TO_SET_COOKIE:\n            exception_class = UnableToSetCookieException\n        elif status in ErrorCode.TIMEOUT:\n            exception_class = TimeoutException\n        elif status in ErrorCode.SCRIPT_TIMEOUT:\n            exception_class = TimeoutException\n        elif status in ErrorCode.UNKNOWN_ERROR:\n            exception_class = WebDriverException\n        elif status in ErrorCode.UNEXPECTED_ALERT_OPEN:\n            exception_class = UnexpectedAlertPresentException\n        elif status in ErrorCode.NO_ALERT_OPEN:\n            exception_class = NoAlertPresentException\n        elif status in ErrorCode.IME_NOT_AVAILABLE:\n            exception_class = ImeNotAvailableException\n        elif status in ErrorCode.IME_ENGINE_ACTIVATION_FAILED:\n            exception_class = ImeActivationFailedException\n        elif status in ErrorCode.MOVE_TARGET_OUT_OF_BOUNDS:\n            exception_class = MoveTargetOutOfBoundsException\n        elif status in ErrorCode.JAVASCRIPT_ERROR:\n            exception_class = JavascriptException\n        elif status in ErrorCode.SESSION_NOT_CREATED:\n            exception_class = SessionNotCreatedException\n        elif status in ErrorCode.INVALID_ARGUMENT:\n            exception_class = InvalidArgumentException\n        elif status in ErrorCode.NO_SUCH_COOKIE:\n            exception_class = NoSuchCookieException\n        elif status in ErrorCode.UNABLE_TO_CAPTURE_SCREEN:\n            exception_class = ScreenshotException\n        elif status in ErrorCode.ELEMENT_CLICK_INTERCEPTED:\n            exception_class = ElementClickInterceptedException\n        elif status in ErrorCode.INSECURE_CERTIFICATE:\n            exception_class = InsecureCertificateException\n        elif status in ErrorCode.INVALID_COORDINATES:\n            exception_class = InvalidCoordinatesException\n        elif status in ErrorCode.INVALID_SESSION_ID:\n            exception_class = InvalidSessionIdException\n        elif status in ErrorCode.UNKNOWN_METHOD:\n            exception_class = UnknownMethodException\n        else:\n            exception_class = WebDriverException\n        if not value:\n            value = response[\"value\"]\n        if isinstance(value, str):\n            raise exception_class(value)\n        if message == \"\" and \"message\" in value:\n            message = value[\"message\"]\n    \n        screen = None  # type: ignore[assignment]\n        if \"screen\" in value:\n            screen = value[\"screen\"]\n    \n        stacktrace = None\n        st_value = value.get(\"stackTrace\") or value.get(\"stacktrace\")\n        if st_value:\n            if isinstance(st_value, str):\n                stacktrace = st_value.split(\"\\n\")\n            else:\n                stacktrace = []\n                try:\n                    for frame in st_value:\n                        line = frame.get(\"lineNumber\", \"\")\n                        file = frame.get(\"fileName\", \"<anonymous>\")\n                        if line:\n                            file = f\"{file}:{line}\"\n                        meth = frame.get(\"methodName\", \"<anonymous>\")\n                        if \"className\" in frame:\n                            meth = f\"{frame['className']}.{meth}\"\n                        msg = \"    at %s (%s)\"\n                        msg = msg % (meth, file)\n                        stacktrace.append(msg)\n                except TypeError:\n                    pass\n        if exception_class == UnexpectedAlertPresentException:\n            alert_text = None\n            if \"data\" in value:\n                alert_text = value[\"data\"].get(\"text\")\n            elif \"alert\" in value:\n                alert_text = value[\"alert\"].get(\"text\")\n            raise exception_class(message, screen, stacktrace, alert_text)  # type: ignore[call-arg]  # mypy is not smart enough here\n>       raise exception_class(message, screen, stacktrace)\nE       selenium.common.exceptions.NoSuchElementException: Message: no such element: Unable to locate element: {\"method\":\"xpath\",\"selector\":\"(//a[@class='add-to-cart yellow-btn'])[1]\"}\nE         (Session info: chrome-headless-shell=120.0.6099.71); For documentation on this error, please visit: https://www.selenium.dev/documentation/webdriver/troubleshooting/errors#no-such-element-exception\nE       Stacktrace:\nE       #0 0x55d78c398d33 <unknown>\nE       #1 0x55d78c055f87 <unknown>\nE       #2 0x55d78c0a5c0e <unknown>\nE       #3 0x55d78c0a5d11 <unknown>\nE       #4 0x55d78c0f1004 <unknown>\nE       #5 0x55d78c0cf36d <unknown>\nE       #6 0x55d78c0ee297 <unknown>\nE       #7 0x55d78c0cf0e3 <unknown>\nE       #8 0x55d78c097044 <unknown>\nE       #9 0x55d78c09844e <unknown>\nE       #10 0x55d78c35d861 <unknown>\nE       #11 0x55d78c361785 <unknown>\nE       #12 0x55d78c34b285 <unknown>\nE       #13 0x55d78c36241f <unknown>\nE       #14 0x55d78c32f20f <unknown>\nE       #15 0x55d78c386028 <unknown>\nE       #16 0x55d78c3861f7 <unknown>\nE       #17 0x55d78c397ed4 <unknown>\nE       #18 0x7f9e5f85c044 <unknown>\n\n/usr/local/lib/python3.11/site-packages/selenium/webdriver/remote/errorhandler.py:245: NoSuchElementException","steps":[{"name":"Добавляем товар в корзину в количестве 333","time":{"start":1702775782402,"stop":1702775782414,"duration":12},"status":"broken","statusMessage":"selenium.common.exceptions.NoSuchElementException: Message: no such element: Unable to locate element: {\"method\":\"xpath\",\"selector\":\"(//a[@class='add-to-cart yellow-btn'])[1]\"}\n  (Session info: chrome-headless-shell=120.0.6099.71); For documentation on this error, please visit: https://www.selenium.dev/documentation/webdriver/troubleshooting/errors#no-such-element-exception\nStacktrace:\n#0 0x55d78c398d33 <unknown>\n#1 0x55d78c055f87 <unknown>\n#2 0x55d78c0a5c0e <unknown>\n#3 0x55d78c0a5d11 <unknown>\n#4 0x55d78c0f1004 <unknown>\n#5 0x55d78c0cf36d <unknown>\n#6 0x55d78c0ee297 <unknown>\n#7 0x55d78c0cf0e3 <unknown>\n#8 0x55d78c097044 <unknown>\n#9 0x55d78c09844e <unknown>\n#10 0x55d78c35d861 <unknown>\n#11 0x55d78c361785 <unknown>\n#12 0x55d78c34b285 <unknown>\n#13 0x55d78c36241f <unknown>\n#14 0x55d78c32f20f <unknown>\n#15 0x55d78c386028 <unknown>\n#16 0x55d78c3861f7 <unknown>\n#17 0x55d78c397ed4 <unknown>\n#18 0x7f9e5f85c044 <unknown>\n\n","statusTrace":"  File \"/usr/local/lib/python3.11/site-packages/allure_commons/_allure.py\", line 192, in impl\n    return func(*a, **kw)\n           ^^^^^^^^^^^^^^\n  File \"/app/pages/item_page.py\", line 40, in add_item_to_cart\n    self.find_element(self._add_item).click()\n    ^^^^^^^^^^^^^^^^^^^^^^^^^^^^^^^^^\n  File \"/app/base/seleniumbase.py\", line 17, in find_element\n    return self.driver.find_element(*locator)\n           ^^^^^^^^^^^^^^^^^^^^^^^^^^^^^^^^^^\n  File \"/usr/local/lib/python3.11/site-packages/selenium/webdriver/remote/webdriver.py\", line 740, in find_element\n    return self.execute(Command.FIND_ELEMENT, {\"using\": by, \"value\": value})[\"value\"]\n           ^^^^^^^^^^^^^^^^^^^^^^^^^^^^^^^^^^^^^^^^^^^^^^^^^^^^^^^^^^^^^^^^^\n  File \"/usr/local/lib/python3.11/site-packages/selenium/webdriver/remote/webdriver.py\", line 346, in execute\n    self.error_handler.check_response(response)\n  File \"/usr/local/lib/python3.11/site-packages/selenium/webdriver/remote/errorhandler.py\", line 245, in check_response\n    raise exception_class(message, screen, stacktrace)\n","steps":[],"attachments":[],"parameters":[{"name":"amount","value":"333"}],"shouldDisplayMessage":true,"stepsCount":0,"attachmentsCount":0,"hasContent":true,"attachmentStep":false}],"attachments":[{"uid":"203c7fb9baa4b230","name":"Screenshot","source":"203c7fb9baa4b230.png","type":"image/png","size":5862},{"uid":"c94a5e7b286f03e7","name":"HTML source","source":"c94a5e7b286f03e7.html","type":"text/html","size":39}],"parameters":[],"shouldDisplayMessage":true,"stepsCount":1,"attachmentsCount":2,"hasContent":true,"attachmentStep":false},"afterStages":[{"name":"driver::0","time":{"start":1702775782516,"stop":1702775782574,"duration":58},"status":"passed","steps":[],"attachments":[],"parameters":[],"shouldDisplayMessage":false,"stepsCount":0,"attachmentsCount":0,"hasContent":false,"attachmentStep":false},{"name":"setup::0","time":{"start":1702775782516,"stop":1702775782516,"duration":0},"status":"passed","steps":[],"attachments":[],"parameters":[],"shouldDisplayMessage":false,"stepsCount":0,"attachmentsCount":0,"hasContent":false,"attachmentStep":false}],"labels":[{"name":"epic","value":"Delivery Page - calculation"},{"name":"tag","value":"smoke"},{"name":"parentSuite","value":"tests.delivery"},{"name":"suite","value":"test_delivery_calculation"},{"name":"subSuite","value":"TestDeliveryPageCalculation"},{"name":"host","value":"b9baf45fd721"},{"name":"thread","value":"1-MainThread"},{"name":"framework","value":"pytest"},{"name":"language","value":"cpython3"},{"name":"package","value":"tests.delivery.test_delivery_calculation"},{"name":"resultFormat","value":"allure2"}],"parameters":[{"name":"all_time","value":"15900"},{"name":"amount","value":"333"},{"name":"case_id","value":"'TD 025'"},{"name":"in_time","value":"13900"},{"name":"link_item","value":"'products/shtukaturka-gipsovaya-aksolit-m50-30-kg-mashinnogo-naneseniya'"},{"name":"standard","value":"7000"},{"name":"url","value":"'https://sandboxtest.stroyrem-nn.ru/'"},{"name":"weight","value":"10000"}],"links":[],"hidden":false,"retry":false,"extra":{"severity":"normal","retries":[],"categories":[{"name":"Test defects","matchedStatuses":[],"flaky":false}],"history":{"statistic":{"failed":0,"broken":109,"skipped":0,"passed":0,"unknown":0,"total":109},"items":[{"uid":"ae34f1ecd59ca291","reportUrl":"https://zaelcovsky.github.io/StroyremAutomation/172//#testresult/ae34f1ecd59ca291","status":"broken","statusDetails":"selenium.common.exceptions.NoSuchElementException: Message: no such element: Unable to locate element: {\"method\":\"xpath\",\"selector\":\"(//a[@class='add-to-cart yellow-btn'])[1]\"}\n  (Session info: chrome-headless-shell=120.0.6099.71); For documentation on this error, please visit: https://www.selenium.dev/documentation/webdriver/troubleshooting/errors#no-such-element-exception\nStacktrace:\n#0 0x5566b44ced33 <unknown>\n#1 0x5566b418bf87 <unknown>\n#2 0x5566b41dbc0e <unknown>\n#3 0x5566b41dbd11 <unknown>\n#4 0x5566b4227004 <unknown>\n#5 0x5566b420536d <unknown>\n#6 0x5566b4224297 <unknown>\n#7 0x5566b42050e3 <unknown>\n#8 0x5566b41cd044 <unknown>\n#9 0x5566b41ce44e <unknown>\n#10 0x5566b4493861 <unknown>\n#11 0x5566b4497785 <unknown>\n#12 0x5566b4481285 <unknown>\n#13 0x5566b449841f <unknown>\n#14 0x5566b446520f <unknown>\n#15 0x5566b44bc028 <unknown>\n#16 0x5566b44bc1f7 <unknown>\n#17 0x5566b44cded4 <unknown>\n#18 0x7f5cccbe3044 <unknown>","time":{"start":1702689058710,"stop":1702689059152,"duration":442}},{"uid":"c9500fa55a5265b0","reportUrl":"https://zaelcovsky.github.io/StroyremAutomation/171//#testresult/c9500fa55a5265b0","status":"broken","statusDetails":"selenium.common.exceptions.NoSuchElementException: Message: no such element: Unable to locate element: {\"method\":\"xpath\",\"selector\":\"(//a[@class='add-to-cart yellow-btn'])[1]\"}\n  (Session info: chrome-headless-shell=120.0.6099.71); For documentation on this error, please visit: https://www.selenium.dev/documentation/webdriver/troubleshooting/errors#no-such-element-exception\nStacktrace:\n#0 0x559ffc40ed33 <unknown>\n#1 0x559ffc0cbf87 <unknown>\n#2 0x559ffc11bc0e <unknown>\n#3 0x559ffc11bd11 <unknown>\n#4 0x559ffc167004 <unknown>\n#5 0x559ffc14536d <unknown>\n#6 0x559ffc164297 <unknown>\n#7 0x559ffc1450e3 <unknown>\n#8 0x559ffc10d044 <unknown>\n#9 0x559ffc10e44e <unknown>\n#10 0x559ffc3d3861 <unknown>\n#11 0x559ffc3d7785 <unknown>\n#12 0x559ffc3c1285 <unknown>\n#13 0x559ffc3d841f <unknown>\n#14 0x559ffc3a520f <unknown>\n#15 0x559ffc3fc028 <unknown>\n#16 0x559ffc3fc1f7 <unknown>\n#17 0x559ffc40ded4 <unknown>\n#18 0x7f4a22fe3044 <unknown>","time":{"start":1702602881704,"stop":1702602882153,"duration":449}},{"uid":"5ba14fc8f2e0f112","reportUrl":"https://zaelcovsky.github.io/StroyremAutomation/170//#testresult/5ba14fc8f2e0f112","status":"broken","statusDetails":"selenium.common.exceptions.NoSuchElementException: Message: no such element: Unable to locate element: {\"method\":\"xpath\",\"selector\":\"(//a[@class='add-to-cart yellow-btn'])[1]\"}\n  (Session info: chrome-headless-shell=120.0.6099.71); For documentation on this error, please visit: https://www.selenium.dev/documentation/webdriver/troubleshooting/errors#no-such-element-exception\nStacktrace:\n#0 0x5636e0343d33 <unknown>\n#1 0x5636e0000f87 <unknown>\n#2 0x5636e0050c0e <unknown>\n#3 0x5636e0050d11 <unknown>\n#4 0x5636e009c004 <unknown>\n#5 0x5636e007a36d <unknown>\n#6 0x5636e0099297 <unknown>\n#7 0x5636e007a0e3 <unknown>\n#8 0x5636e0042044 <unknown>\n#9 0x5636e004344e <unknown>\n#10 0x5636e0308861 <unknown>\n#11 0x5636e030c785 <unknown>\n#12 0x5636e02f6285 <unknown>\n#13 0x5636e030d41f <unknown>\n#14 0x5636e02da20f <unknown>\n#15 0x5636e0331028 <unknown>\n#16 0x5636e03311f7 <unknown>\n#17 0x5636e0342ed4 <unknown>\n#18 0x7f68c7b9c044 <unknown>","time":{"start":1702516244799,"stop":1702516245281,"duration":482}},{"uid":"e96158306dcfe1e8","reportUrl":"https://zaelcovsky.github.io/StroyremAutomation/169//#testresult/e96158306dcfe1e8","status":"broken","statusDetails":"selenium.common.exceptions.NoSuchElementException: Message: no such element: Unable to locate element: {\"method\":\"xpath\",\"selector\":\"(//a[@class='add-to-cart yellow-btn'])[1]\"}\n  (Session info: chrome-headless-shell=120.0.6099.71); For documentation on this error, please visit: https://www.selenium.dev/documentation/webdriver/troubleshooting/errors#no-such-element-exception\nStacktrace:\n#0 0x55f162f45d33 <unknown>\n#1 0x55f162c02f87 <unknown>\n#2 0x55f162c52c0e <unknown>\n#3 0x55f162c52d11 <unknown>\n#4 0x55f162c9e004 <unknown>\n#5 0x55f162c7c36d <unknown>\n#6 0x55f162c9b297 <unknown>\n#7 0x55f162c7c0e3 <unknown>\n#8 0x55f162c44044 <unknown>\n#9 0x55f162c4544e <unknown>\n#10 0x55f162f0a861 <unknown>\n#11 0x55f162f0e785 <unknown>\n#12 0x55f162ef8285 <unknown>\n#13 0x55f162f0f41f <unknown>\n#14 0x55f162edc20f <unknown>\n#15 0x55f162f33028 <unknown>\n#16 0x55f162f331f7 <unknown>\n#17 0x55f162f44ed4 <unknown>\n#18 0x7f56b9654044 <unknown>","time":{"start":1702429882504,"stop":1702429882833,"duration":329}},{"uid":"e552ed60fdd962f8","reportUrl":"https://zaelcovsky.github.io/StroyremAutomation/168//#testresult/e552ed60fdd962f8","status":"broken","statusDetails":"selenium.common.exceptions.NoSuchElementException: Message: no such element: Unable to locate element: {\"method\":\"xpath\",\"selector\":\"(//a[@class='add-to-cart yellow-btn'])[1]\"}\n  (Session info: chrome-headless-shell=120.0.6099.71); For documentation on this error, please visit: https://www.selenium.dev/documentation/webdriver/troubleshooting/errors#no-such-element-exception\nStacktrace:\n#0 0x556526c12d33 <unknown>\n#1 0x5565268cff87 <unknown>\n#2 0x55652691fc0e <unknown>\n#3 0x55652691fd11 <unknown>\n#4 0x55652696b004 <unknown>\n#5 0x55652694936d <unknown>\n#6 0x556526968297 <unknown>\n#7 0x5565269490e3 <unknown>\n#8 0x556526911044 <unknown>\n#9 0x55652691244e <unknown>\n#10 0x556526bd7861 <unknown>\n#11 0x556526bdb785 <unknown>\n#12 0x556526bc5285 <unknown>\n#13 0x556526bdc41f <unknown>\n#14 0x556526ba920f <unknown>\n#15 0x556526c00028 <unknown>\n#16 0x556526c001f7 <unknown>\n#17 0x556526c11ed4 <unknown>\n#18 0x7f3c44b95044 <unknown>","time":{"start":1702343625599,"stop":1702343626039,"duration":440}},{"uid":"e0605537d8266f36","reportUrl":"https://zaelcovsky.github.io/StroyremAutomation/167//#testresult/e0605537d8266f36","status":"broken","statusDetails":"selenium.common.exceptions.NoSuchElementException: Message: no such element: Unable to locate element: {\"method\":\"xpath\",\"selector\":\"(//a[@class='add-to-cart yellow-btn'])[1]\"}\n  (Session info: chrome-headless-shell=120.0.6099.71); For documentation on this error, please visit: https://www.selenium.dev/documentation/webdriver/troubleshooting/errors#no-such-element-exception\nStacktrace:\n#0 0x56047bdb6d33 <unknown>\n#1 0x56047ba73f87 <unknown>\n#2 0x56047bac3c0e <unknown>\n#3 0x56047bac3d11 <unknown>\n#4 0x56047bb0f004 <unknown>\n#5 0x56047baed36d <unknown>\n#6 0x56047bb0c297 <unknown>\n#7 0x56047baed0e3 <unknown>\n#8 0x56047bab5044 <unknown>\n#9 0x56047bab644e <unknown>\n#10 0x56047bd7b861 <unknown>\n#11 0x56047bd7f785 <unknown>\n#12 0x56047bd69285 <unknown>\n#13 0x56047bd8041f <unknown>\n#14 0x56047bd4d20f <unknown>\n#15 0x56047bda4028 <unknown>\n#16 0x56047bda41f7 <unknown>\n#17 0x56047bdb5ed4 <unknown>\n#18 0x7f4271272044 <unknown>","time":{"start":1702257247648,"stop":1702257248089,"duration":441}},{"uid":"7e16d15c36915d34","reportUrl":"https://zaelcovsky.github.io/StroyremAutomation/166//#testresult/7e16d15c36915d34","status":"broken","statusDetails":"selenium.common.exceptions.NoSuchElementException: Message: no such element: Unable to locate element: {\"method\":\"xpath\",\"selector\":\"(//a[@class='add-to-cart yellow-btn'])[1]\"}\n  (Session info: chrome-headless-shell=120.0.6099.71); For documentation on this error, please visit: https://www.selenium.dev/documentation/webdriver/troubleshooting/errors#no-such-element-exception\nStacktrace:\n#0 0x5566628e7d33 <unknown>\n#1 0x5566625a4f87 <unknown>\n#2 0x5566625f4c0e <unknown>\n#3 0x5566625f4d11 <unknown>\n#4 0x556662640004 <unknown>\n#5 0x55666261e36d <unknown>\n#6 0x55666263d297 <unknown>\n#7 0x55666261e0e3 <unknown>\n#8 0x5566625e6044 <unknown>\n#9 0x5566625e744e <unknown>\n#10 0x5566628ac861 <unknown>\n#11 0x5566628b0785 <unknown>\n#12 0x55666289a285 <unknown>\n#13 0x5566628b141f <unknown>\n#14 0x55666287e20f <unknown>\n#15 0x5566628d5028 <unknown>\n#16 0x5566628d51f7 <unknown>\n#17 0x5566628e6ed4 <unknown>\n#18 0x7f95fe7d1044 <unknown>","time":{"start":1702170947846,"stop":1702170948263,"duration":417}},{"uid":"5392d8b2556dab83","reportUrl":"https://zaelcovsky.github.io/StroyremAutomation/165//#testresult/5392d8b2556dab83","status":"broken","statusDetails":"selenium.common.exceptions.NoSuchElementException: Message: no such element: Unable to locate element: {\"method\":\"xpath\",\"selector\":\"(//a[@class='add-to-cart yellow-btn'])[1]\"}\n  (Session info: chrome-headless-shell=120.0.6099.71); For documentation on this error, please visit: https://www.selenium.dev/documentation/webdriver/troubleshooting/errors#no-such-element-exception\nStacktrace:\n#0 0x55b928f88d33 <unknown>\n#1 0x55b928c45f87 <unknown>\n#2 0x55b928c95c0e <unknown>\n#3 0x55b928c95d11 <unknown>\n#4 0x55b928ce1004 <unknown>\n#5 0x55b928cbf36d <unknown>\n#6 0x55b928cde297 <unknown>\n#7 0x55b928cbf0e3 <unknown>\n#8 0x55b928c87044 <unknown>\n#9 0x55b928c8844e <unknown>\n#10 0x55b928f4d861 <unknown>\n#11 0x55b928f51785 <unknown>\n#12 0x55b928f3b285 <unknown>\n#13 0x55b928f5241f <unknown>\n#14 0x55b928f1f20f <unknown>\n#15 0x55b928f76028 <unknown>\n#16 0x55b928f761f7 <unknown>\n#17 0x55b928f87ed4 <unknown>\n#18 0x7f321f261044 <unknown>","time":{"start":1702084211777,"stop":1702084212081,"duration":304}},{"uid":"5f79f89c3aa8cbd6","reportUrl":"https://zaelcovsky.github.io/StroyremAutomation/164//#testresult/5f79f89c3aa8cbd6","status":"broken","statusDetails":"selenium.common.exceptions.NoSuchElementException: Message: no such element: Unable to locate element: {\"method\":\"xpath\",\"selector\":\"(//a[@class='add-to-cart yellow-btn'])[1]\"}\n  (Session info: chrome-headless-shell=120.0.6099.71); For documentation on this error, please visit: https://www.selenium.dev/documentation/webdriver/troubleshooting/errors#no-such-element-exception\nStacktrace:\n#0 0x55c257761d33 <unknown>\n#1 0x55c25741ef87 <unknown>\n#2 0x55c25746ec0e <unknown>\n#3 0x55c25746ed11 <unknown>\n#4 0x55c2574ba004 <unknown>\n#5 0x55c25749836d <unknown>\n#6 0x55c2574b7297 <unknown>\n#7 0x55c2574980e3 <unknown>\n#8 0x55c257460044 <unknown>\n#9 0x55c25746144e <unknown>\n#10 0x55c257726861 <unknown>\n#11 0x55c25772a785 <unknown>\n#12 0x55c257714285 <unknown>\n#13 0x55c25772b41f <unknown>\n#14 0x55c2576f820f <unknown>\n#15 0x55c25774f028 <unknown>\n#16 0x55c25774f1f7 <unknown>\n#17 0x55c257760ed4 <unknown>\n#18 0x7ff6bc167044 <unknown>","time":{"start":1701998024945,"stop":1701998025554,"duration":609}},{"uid":"46163ab9f5b25253","reportUrl":"https://zaelcovsky.github.io/StroyremAutomation/163//#testresult/46163ab9f5b25253","status":"broken","statusDetails":"selenium.common.exceptions.NoSuchElementException: Message: no such element: Unable to locate element: {\"method\":\"xpath\",\"selector\":\"(//a[@class='add-to-cart yellow-btn'])[1]\"}\n  (Session info: chrome-headless-shell=120.0.6099.71); For documentation on this error, please visit: https://www.selenium.dev/documentation/webdriver/troubleshooting/errors#no-such-element-exception\nStacktrace:\n#0 0x5576dd113d33 <unknown>\n#1 0x5576dcdd0f87 <unknown>\n#2 0x5576dce20c0e <unknown>\n#3 0x5576dce20d11 <unknown>\n#4 0x5576dce6c004 <unknown>\n#5 0x5576dce4a36d <unknown>\n#6 0x5576dce69297 <unknown>\n#7 0x5576dce4a0e3 <unknown>\n#8 0x5576dce12044 <unknown>\n#9 0x5576dce1344e <unknown>\n#10 0x5576dd0d8861 <unknown>\n#11 0x5576dd0dc785 <unknown>\n#12 0x5576dd0c6285 <unknown>\n#13 0x5576dd0dd41f <unknown>\n#14 0x5576dd0aa20f <unknown>\n#15 0x5576dd101028 <unknown>\n#16 0x5576dd1011f7 <unknown>\n#17 0x5576dd112ed4 <unknown>\n#18 0x7f49f0d33044 <unknown>","time":{"start":1701911588651,"stop":1701911589146,"duration":495}},{"uid":"a8fe623d640f1a05","reportUrl":"https://zaelcovsky.github.io/StroyremAutomation/162//#testresult/a8fe623d640f1a05","status":"broken","statusDetails":"selenium.common.exceptions.NoSuchElementException: Message: no such element: Unable to locate element: {\"method\":\"xpath\",\"selector\":\"(//a[@class='add-to-cart yellow-btn'])[1]\"}\n  (Session info: chrome-headless-shell=120.0.6099.62); For documentation on this error, please visit: https://www.selenium.dev/documentation/webdriver/troubleshooting/errors#no-such-element-exception\nStacktrace:\n#0 0x55724641bdc3 <unknown>\n#1 0x5572460d8f87 <unknown>\n#2 0x557246128c0e <unknown>\n#3 0x557246128d11 <unknown>\n#4 0x557246174004 <unknown>\n#5 0x55724615236d <unknown>\n#6 0x557246171297 <unknown>\n#7 0x5572461520e3 <unknown>\n#8 0x55724611a044 <unknown>\n#9 0x55724611b44e <unknown>\n#10 0x5572463e08f1 <unknown>\n#11 0x5572463e4815 <unknown>\n#12 0x5572463ce315 <unknown>\n#13 0x5572463e54af <unknown>\n#14 0x5572463b229f <unknown>\n#15 0x5572464090b8 <unknown>\n#16 0x557246409287 <unknown>\n#17 0x55724641af64 <unknown>\n#18 0x7f2da7cfb044 <unknown>","time":{"start":1701825219312,"stop":1701825219742,"duration":430}},{"uid":"2a0b3e94e62d4825","reportUrl":"https://zaelcovsky.github.io/StroyremAutomation/161//#testresult/2a0b3e94e62d4825","status":"broken","statusDetails":"selenium.common.exceptions.NoSuchElementException: Message: no such element: Unable to locate element: {\"method\":\"xpath\",\"selector\":\"(//a[@class='add-to-cart yellow-btn'])[1]\"}\n  (Session info: headless chrome=119.0.6045.105); For documentation on this error, please visit: https://www.selenium.dev/documentation/webdriver/troubleshooting/errors#no-such-element-exception\nStacktrace:\n#0 0x5575afc095e3 <unknown>\n#1 0x5575af8cc0b7 <unknown>\n#2 0x5575af919f53 <unknown>\n#3 0x5575af91a051 <unknown>\n#4 0x5575af95f9c4 <unknown>\n#5 0x5575af940f1d <unknown>\n#6 0x5575af95cb3d <unknown>\n#7 0x5575af940cc3 <unknown>\n#8 0x5575af90c0e4 <unknown>\n#9 0x5575af90d0ae <unknown>\n#10 0x5575afbcfce1 <unknown>\n#11 0x5575afbd3b7e <unknown>\n#12 0x5575afbbd4b5 <unknown>\n#13 0x5575afbd47d6 <unknown>\n#14 0x5575afba0dbf <unknown>\n#15 0x5575afbf7748 <unknown>\n#16 0x5575afbf7917 <unknown>\n#17 0x5575afc08773 <unknown>\n#18 0x7fd389714044 <unknown>","time":{"start":1701738726862,"stop":1701738727194,"duration":332}},{"uid":"874b298394b43262","reportUrl":"https://zaelcovsky.github.io/StroyremAutomation/160//#testresult/874b298394b43262","status":"broken","statusDetails":"selenium.common.exceptions.NoSuchElementException: Message: no such element: Unable to locate element: {\"method\":\"xpath\",\"selector\":\"//input[@class='amount']\"}\n  (Session info: headless chrome=119.0.6045.105); For documentation on this error, please visit: https://www.selenium.dev/documentation/webdriver/troubleshooting/errors#no-such-element-exception\nStacktrace:\n#0 0x55e0b3e345e3 <unknown>\n#1 0x55e0b3af70b7 <unknown>\n#2 0x55e0b3b44f53 <unknown>\n#3 0x55e0b3b45051 <unknown>\n#4 0x55e0b3b8a9c4 <unknown>\n#5 0x55e0b3b6bf1d <unknown>\n#6 0x55e0b3b87b3d <unknown>\n#7 0x55e0b3b6bcc3 <unknown>\n#8 0x55e0b3b370e4 <unknown>\n#9 0x55e0b3b380ae <unknown>\n#10 0x55e0b3dface1 <unknown>\n#11 0x55e0b3dfeb7e <unknown>\n#12 0x55e0b3de84b5 <unknown>\n#13 0x55e0b3dff7d6 <unknown>\n#14 0x55e0b3dcbdbf <unknown>\n#15 0x55e0b3e22748 <unknown>\n#16 0x55e0b3e22917 <unknown>\n#17 0x55e0b3e33773 <unknown>\n#18 0x7fd58046c044 <unknown>","time":{"start":1701652480570,"stop":1701652485319,"duration":4749}},{"uid":"c3b9a1c4af9e56f8","reportUrl":"https://zaelcovsky.github.io/StroyremAutomation/159//#testresult/c3b9a1c4af9e56f8","status":"broken","statusDetails":"selenium.common.exceptions.NoSuchElementException: Message: no such element: Unable to locate element: {\"method\":\"xpath\",\"selector\":\"//input[@class='amount']\"}\n  (Session info: headless chrome=119.0.6045.105); For documentation on this error, please visit: https://www.selenium.dev/documentation/webdriver/troubleshooting/errors#no-such-element-exception\nStacktrace:\n#0 0x55fc061b85e3 <unknown>\n#1 0x55fc05e7b0b7 <unknown>\n#2 0x55fc05ec8f53 <unknown>\n#3 0x55fc05ec9051 <unknown>\n#4 0x55fc05f0e9c4 <unknown>\n#5 0x55fc05eeff1d <unknown>\n#6 0x55fc05f0bb3d <unknown>\n#7 0x55fc05eefcc3 <unknown>\n#8 0x55fc05ebb0e4 <unknown>\n#9 0x55fc05ebc0ae <unknown>\n#10 0x55fc0617ece1 <unknown>\n#11 0x55fc06182b7e <unknown>\n#12 0x55fc0616c4b5 <unknown>\n#13 0x55fc061837d6 <unknown>\n#14 0x55fc0614fdbf <unknown>\n#15 0x55fc061a6748 <unknown>\n#16 0x55fc061a6917 <unknown>\n#17 0x55fc061b7773 <unknown>\n#18 0x7f173d10a044 <unknown>","time":{"start":1701566223493,"stop":1701566227458,"duration":3965}},{"uid":"1bcb8d36b7895b5b","reportUrl":"https://zaelcovsky.github.io/StroyremAutomation/158//#testresult/1bcb8d36b7895b5b","status":"broken","statusDetails":"selenium.common.exceptions.NoSuchElementException: Message: no such element: Unable to locate element: {\"method\":\"xpath\",\"selector\":\"//input[@class='amount']\"}\n  (Session info: headless chrome=119.0.6045.105); For documentation on this error, please visit: https://www.selenium.dev/documentation/webdriver/troubleshooting/errors#no-such-element-exception\nStacktrace:\n#0 0x557f1569f5e3 <unknown>\n#1 0x557f153620b7 <unknown>\n#2 0x557f153aff53 <unknown>\n#3 0x557f153b0051 <unknown>\n#4 0x557f153f59c4 <unknown>\n#5 0x557f153d6f1d <unknown>\n#6 0x557f153f2b3d <unknown>\n#7 0x557f153d6cc3 <unknown>\n#8 0x557f153a20e4 <unknown>\n#9 0x557f153a30ae <unknown>\n#10 0x557f15665ce1 <unknown>\n#11 0x557f15669b7e <unknown>\n#12 0x557f156534b5 <unknown>\n#13 0x557f1566a7d6 <unknown>\n#14 0x557f15636dbf <unknown>\n#15 0x557f1568d748 <unknown>\n#16 0x557f1568d917 <unknown>\n#17 0x557f1569e773 <unknown>\n#18 0x7fa38f502044 <unknown>","time":{"start":1701479481530,"stop":1701479485452,"duration":3922}},{"uid":"21d98990a0a3aa88","reportUrl":"https://zaelcovsky.github.io/StroyremAutomation/157//#testresult/21d98990a0a3aa88","status":"broken","statusDetails":"selenium.common.exceptions.NoSuchElementException: Message: no such element: Unable to locate element: {\"method\":\"xpath\",\"selector\":\"//input[@class='amount']\"}\n  (Session info: headless chrome=119.0.6045.105); For documentation on this error, please visit: https://www.selenium.dev/documentation/webdriver/troubleshooting/errors#no-such-element-exception\nStacktrace:\n#0 0x555861afe5e3 <unknown>\n#1 0x5558617c10b7 <unknown>\n#2 0x55586180ef53 <unknown>\n#3 0x55586180f051 <unknown>\n#4 0x5558618549c4 <unknown>\n#5 0x555861835f1d <unknown>\n#6 0x555861851b3d <unknown>\n#7 0x555861835cc3 <unknown>\n#8 0x5558618010e4 <unknown>\n#9 0x5558618020ae <unknown>\n#10 0x555861ac4ce1 <unknown>\n#11 0x555861ac8b7e <unknown>\n#12 0x555861ab24b5 <unknown>\n#13 0x555861ac97d6 <unknown>\n#14 0x555861a95dbf <unknown>\n#15 0x555861aec748 <unknown>\n#16 0x555861aec917 <unknown>\n#17 0x555861afd773 <unknown>\n#18 0x7fc457944044 <unknown>","time":{"start":1701393628405,"stop":1701393633046,"duration":4641}},{"uid":"4eda63e4d0570935","reportUrl":"https://zaelcovsky.github.io/StroyremAutomation/156//#testresult/4eda63e4d0570935","status":"broken","statusDetails":"selenium.common.exceptions.NoSuchElementException: Message: no such element: Unable to locate element: {\"method\":\"xpath\",\"selector\":\"//input[@class='amount']\"}\n  (Session info: headless chrome=119.0.6045.105); For documentation on this error, please visit: https://www.selenium.dev/documentation/webdriver/troubleshooting/errors#no-such-element-exception\nStacktrace:\n#0 0x560cd1ab35e3 <unknown>\n#1 0x560cd17760b7 <unknown>\n#2 0x560cd17c3f53 <unknown>\n#3 0x560cd17c4051 <unknown>\n#4 0x560cd18099c4 <unknown>\n#5 0x560cd17eaf1d <unknown>\n#6 0x560cd1806b3d <unknown>\n#7 0x560cd17eacc3 <unknown>\n#8 0x560cd17b60e4 <unknown>\n#9 0x560cd17b70ae <unknown>\n#10 0x560cd1a79ce1 <unknown>\n#11 0x560cd1a7db7e <unknown>\n#12 0x560cd1a674b5 <unknown>\n#13 0x560cd1a7e7d6 <unknown>\n#14 0x560cd1a4adbf <unknown>\n#15 0x560cd1aa1748 <unknown>\n#16 0x560cd1aa1917 <unknown>\n#17 0x560cd1ab2773 <unknown>\n#18 0x7f4d6596d044 <unknown>","time":{"start":1701306769722,"stop":1701306773515,"duration":3793}},{"uid":"13c46dae2382df94","reportUrl":"https://zaelcovsky.github.io/StroyremAutomation/155//#testresult/13c46dae2382df94","status":"broken","statusDetails":"selenium.common.exceptions.NoSuchElementException: Message: no such element: Unable to locate element: {\"method\":\"xpath\",\"selector\":\"//input[@class='amount']\"}\n  (Session info: headless chrome=119.0.6045.105); For documentation on this error, please visit: https://www.selenium.dev/documentation/webdriver/troubleshooting/errors#no-such-element-exception\nStacktrace:\n#0 0x560bf92b65e3 <unknown>\n#1 0x560bf8f790b7 <unknown>\n#2 0x560bf8fc6f53 <unknown>\n#3 0x560bf8fc7051 <unknown>\n#4 0x560bf900c9c4 <unknown>\n#5 0x560bf8fedf1d <unknown>\n#6 0x560bf9009b3d <unknown>\n#7 0x560bf8fedcc3 <unknown>\n#8 0x560bf8fb90e4 <unknown>\n#9 0x560bf8fba0ae <unknown>\n#10 0x560bf927cce1 <unknown>\n#11 0x560bf9280b7e <unknown>\n#12 0x560bf926a4b5 <unknown>\n#13 0x560bf92817d6 <unknown>\n#14 0x560bf924ddbf <unknown>\n#15 0x560bf92a4748 <unknown>\n#16 0x560bf92a4917 <unknown>\n#17 0x560bf92b5773 <unknown>\n#18 0x7f196cd11044 <unknown>","time":{"start":1701220384059,"stop":1701220387429,"duration":3370}},{"uid":"ed211b94640a1f54","reportUrl":"https://zaelcovsky.github.io/StroyremAutomation/154//#testresult/ed211b94640a1f54","status":"broken","statusDetails":"selenium.common.exceptions.NoSuchElementException: Message: no such element: Unable to locate element: {\"method\":\"xpath\",\"selector\":\"//input[@class='amount']\"}\n  (Session info: headless chrome=119.0.6045.105); For documentation on this error, please visit: https://www.selenium.dev/documentation/webdriver/troubleshooting/errors#no-such-element-exception\nStacktrace:\n#0 0x55e35ef9d5e3 <unknown>\n#1 0x55e35ec600b7 <unknown>\n#2 0x55e35ecadf53 <unknown>\n#3 0x55e35ecae051 <unknown>\n#4 0x55e35ecf39c4 <unknown>\n#5 0x55e35ecd4f1d <unknown>\n#6 0x55e35ecf0b3d <unknown>\n#7 0x55e35ecd4cc3 <unknown>\n#8 0x55e35eca00e4 <unknown>\n#9 0x55e35eca10ae <unknown>\n#10 0x55e35ef63ce1 <unknown>\n#11 0x55e35ef67b7e <unknown>\n#12 0x55e35ef514b5 <unknown>\n#13 0x55e35ef687d6 <unknown>\n#14 0x55e35ef34dbf <unknown>\n#15 0x55e35ef8b748 <unknown>\n#16 0x55e35ef8b917 <unknown>\n#17 0x55e35ef9c773 <unknown>\n#18 0x7f424a28c044 <unknown>","time":{"start":1701133993751,"stop":1701133997214,"duration":3463}},{"uid":"4773ece9e3b52344","reportUrl":"https://zaelcovsky.github.io/StroyremAutomation/153//#testresult/4773ece9e3b52344","status":"broken","statusDetails":"selenium.common.exceptions.NoSuchElementException: Message: no such element: Unable to locate element: {\"method\":\"xpath\",\"selector\":\"//input[@class='amount']\"}\n  (Session info: headless chrome=119.0.6045.105); For documentation on this error, please visit: https://www.selenium.dev/documentation/webdriver/troubleshooting/errors#no-such-element-exception\nStacktrace:\n#0 0x5643aec995e3 <unknown>\n#1 0x5643ae95c0b7 <unknown>\n#2 0x5643ae9a9f53 <unknown>\n#3 0x5643ae9aa051 <unknown>\n#4 0x5643ae9ef9c4 <unknown>\n#5 0x5643ae9d0f1d <unknown>\n#6 0x5643ae9ecb3d <unknown>\n#7 0x5643ae9d0cc3 <unknown>\n#8 0x5643ae99c0e4 <unknown>\n#9 0x5643ae99d0ae <unknown>\n#10 0x5643aec5fce1 <unknown>\n#11 0x5643aec63b7e <unknown>\n#12 0x5643aec4d4b5 <unknown>\n#13 0x5643aec647d6 <unknown>\n#14 0x5643aec30dbf <unknown>\n#15 0x5643aec87748 <unknown>\n#16 0x5643aec87917 <unknown>\n#17 0x5643aec98773 <unknown>\n#18 0x7fd4fcdc5044 <unknown>","time":{"start":1701047605867,"stop":1701047609713,"duration":3846}}]},"tags":["smoke"]},"source":"8546ce6769449a7e.json","parameterValues":["15900","333","'TD 025'","13900","'products/shtukaturka-gipsovaya-aksolit-m50-30-kg-mashinnogo-naneseniya'","7000","'https://sandboxtest.stroyrem-nn.ru/'","10000"]}