{"uid":"726d336dfe96db1a","name":"TD 018 Доставка товара весом до 500кг. в синей зоне","fullName":"tests.delivery.test_delivery_calculation.TestDeliveryPageCalculation#test_positive_delivery_blue_zone_smoke","historyId":"95f694f6adc130155d4f19b21da55956","time":{"start":1710724191502,"stop":1710724191887,"duration":385},"status":"broken","statusMessage":"selenium.common.exceptions.NoSuchElementException: Message: no such element: Unable to locate element: {\"method\":\"xpath\",\"selector\":\"(//a[@class='add-to-cart yellow-btn'])[1]\"}\n  (Session info: chrome-headless-shell=122.0.6261.128); For documentation on this error, please visit: https://www.selenium.dev/documentation/webdriver/troubleshooting/errors#no-such-element-exception\nStacktrace:\n#0 0x63c6c25a1f33 <unknown>\n#1 0x63c6c2299ce6 <unknown>\n#2 0x63c6c22e4e48 <unknown>\n#3 0x63c6c22e4f01 <unknown>\n#4 0x63c6c23283f4 <unknown>\n#5 0x63c6c2306edd <unknown>\n#6 0x63c6c2325899 <unknown>\n#7 0x63c6c2306c53 <unknown>\n#8 0x63c6c22d7db3 <unknown>\n#9 0x63c6c22d877e <unknown>\n#10 0x63c6c256786b <unknown>\n#11 0x63c6c256b885 <unknown>\n#12 0x63c6c2555181 <unknown>\n#13 0x63c6c256c412 <unknown>\n#14 0x63c6c253925f <unknown>\n#15 0x63c6c2590528 <unknown>\n#16 0x63c6c2590723 <unknown>\n#17 0x63c6c25a10e4 <unknown>\n#18 0x738db0b53134 <unknown>","statusTrace":"self = <tests.delivery.test_delivery_calculation.TestDeliveryPageCalculation object at 0x78307bbb8ad0>\ndriver = <selenium.webdriver.chrome.webdriver.WebDriver (session=\"0a8348e6500dcc35dc1e0a0babe9b78c\")>\nurl = 'https://sandboxtest.stroyrem-nn.ru/', case_id = 'TD 018'\nlink_item = 'products/shtukaturka-gipsovaya-aksolit-m50-30-kg-mashinnogo-naneseniya'\namount = 16, weight = 500, standard = 850, in_time = 2490, all_time = 3320\n\n    @pytest.mark.parametrize('case_id, link_item, amount, weight, standard, in_time, all_time', [\n        (\"TD 015\", bundeks_25, 1, 30, 650, 2390, 3320),\n        pytest.param(\n            \"TD 016\", aksolit_30, 8, 300, 650, 2390, 3320,\n            marks=pytest.mark.xfail(reson=\"Цена доставки: - - -\")\n        ),\n        (\"TD 017\", aksolit_30, 13, 400, 650, 2390, 3320),\n        (\"TD 018\", aksolit_30, 16, 500, 850, 2490, 3320),\n        (\"TD 019\", aksolit_30, 25, 1700, 1150, 2490, 3320),\n        (\"TD 020\", aksolit_30, 66, 2000, 1500, 2990, 3650),\n        (\"TD 021\", aksolit_30, 149, 4500, 2600, 4380, 4890),\n        (\"TD 022\", aksolit_30, 166, 5000, 2800, 5490, 5980),\n        pytest.param(\n            \"TD 023\", aksolit_30, 206, 6200, 3300, 7500, 8000,\n            marks=pytest.mark.xfail(reson=\"Цена доставки: 4300 9900 11440\")\n        ),\n        (\"TD 024\", aksolit_30, 299, 9000, 4300, 9900, 11440),\n        (\"TD 025\", aksolit_30, 333, 10000, 7000, 13900, 15900),\n        pytest.param(\n            \"TD 026\", aksolit_30, 366, 11000, 8000, 14900, 19900,\n            marks=pytest.mark.xfail(reson=\"Цена доставки: 7000 13900 15900\")\n        ),\n        pytest.param(\n            \"TD 027\", aksolit_30, 666, 20000, 14000, 16900, 23900,\n            marks=pytest.mark.xfail(reson=\"Цена доставки: 7000 13900 15900\")\n        )\n    ])\n    @pytest.mark.smoke\n    def test_positive_delivery_blue_zone_smoke(\n            self, driver, url, case_id, link_item, amount, weight, standard, in_time, all_time\n    ):\n        allure.dynamic.title(f\"{case_id} Доставка товара весом до {weight}кг. в синей зоне\")\n    \n        driver.get(f'{url}{link_item}')\n        item_page = ItemPage(driver)\n>       item_page.add_item_to_cart(amount).click_on_cart()\n\ntests/delivery/test_delivery_calculation.py:130: \n_ _ _ _ _ _ _ _ _ _ _ _ _ _ _ _ _ _ _ _ _ _ _ _ _ _ _ _ _ _ _ _ _ _ _ _ _ _ _ _ \npages/item_page.py:40: in add_item_to_cart\n    self.find_element(self._add_item).click()\nbase/seleniumbase.py:17: in find_element\n    return self.driver.find_element(*locator)\n/usr/local/lib/python3.11/site-packages/selenium/webdriver/remote/webdriver.py:740: in find_element\n    return self.execute(Command.FIND_ELEMENT, {\"using\": by, \"value\": value})[\"value\"]\n/usr/local/lib/python3.11/site-packages/selenium/webdriver/remote/webdriver.py:346: in execute\n    self.error_handler.check_response(response)\n_ _ _ _ _ _ _ _ _ _ _ _ _ _ _ _ _ _ _ _ _ _ _ _ _ _ _ _ _ _ _ _ _ _ _ _ _ _ _ _ \n\nself = <selenium.webdriver.remote.errorhandler.ErrorHandler object at 0x78307c8668d0>\nresponse = {'status': 404, 'value': '{\"value\":{\"error\":\"no such element\",\"message\":\"no such element: Unable to locate element: {\\...\\\\n#16 0x63c6c2590723 \\\\u003Cunknown>\\\\n#17 0x63c6c25a10e4 \\\\u003Cunknown>\\\\n#18 0x738db0b53134 \\\\u003Cunknown>\\\\n\"}}'}\n\n    def check_response(self, response: Dict[str, Any]) -> None:\n        \"\"\"Checks that a JSON response from the WebDriver does not have an\n        error.\n    \n        :Args:\n         - response - The JSON response from the WebDriver server as a dictionary\n           object.\n    \n        :Raises: If the response contains an error message.\n        \"\"\"\n        status = response.get(\"status\", None)\n        if not status or status == ErrorCode.SUCCESS:\n            return\n        value = None\n        message = response.get(\"message\", \"\")\n        screen: str = response.get(\"screen\", \"\")\n        stacktrace = None\n        if isinstance(status, int):\n            value_json = response.get(\"value\", None)\n            if value_json and isinstance(value_json, str):\n                import json\n    \n                try:\n                    value = json.loads(value_json)\n                    if len(value) == 1:\n                        value = value[\"value\"]\n                    status = value.get(\"error\", None)\n                    if not status:\n                        status = value.get(\"status\", ErrorCode.UNKNOWN_ERROR)\n                        message = value.get(\"value\") or value.get(\"message\")\n                        if not isinstance(message, str):\n                            value = message\n                            message = message.get(\"message\")\n                    else:\n                        message = value.get(\"message\", None)\n                except ValueError:\n                    pass\n    \n        exception_class: Type[WebDriverException]\n        if status in ErrorCode.NO_SUCH_ELEMENT:\n            exception_class = NoSuchElementException\n        elif status in ErrorCode.NO_SUCH_FRAME:\n            exception_class = NoSuchFrameException\n        elif status in ErrorCode.NO_SUCH_SHADOW_ROOT:\n            exception_class = NoSuchShadowRootException\n        elif status in ErrorCode.NO_SUCH_WINDOW:\n            exception_class = NoSuchWindowException\n        elif status in ErrorCode.STALE_ELEMENT_REFERENCE:\n            exception_class = StaleElementReferenceException\n        elif status in ErrorCode.ELEMENT_NOT_VISIBLE:\n            exception_class = ElementNotVisibleException\n        elif status in ErrorCode.INVALID_ELEMENT_STATE:\n            exception_class = InvalidElementStateException\n        elif (\n            status in ErrorCode.INVALID_SELECTOR\n            or status in ErrorCode.INVALID_XPATH_SELECTOR\n            or status in ErrorCode.INVALID_XPATH_SELECTOR_RETURN_TYPER\n        ):\n            exception_class = InvalidSelectorException\n        elif status in ErrorCode.ELEMENT_IS_NOT_SELECTABLE:\n            exception_class = ElementNotSelectableException\n        elif status in ErrorCode.ELEMENT_NOT_INTERACTABLE:\n            exception_class = ElementNotInteractableException\n        elif status in ErrorCode.INVALID_COOKIE_DOMAIN:\n            exception_class = InvalidCookieDomainException\n        elif status in ErrorCode.UNABLE_TO_SET_COOKIE:\n            exception_class = UnableToSetCookieException\n        elif status in ErrorCode.TIMEOUT:\n            exception_class = TimeoutException\n        elif status in ErrorCode.SCRIPT_TIMEOUT:\n            exception_class = TimeoutException\n        elif status in ErrorCode.UNKNOWN_ERROR:\n            exception_class = WebDriverException\n        elif status in ErrorCode.UNEXPECTED_ALERT_OPEN:\n            exception_class = UnexpectedAlertPresentException\n        elif status in ErrorCode.NO_ALERT_OPEN:\n            exception_class = NoAlertPresentException\n        elif status in ErrorCode.IME_NOT_AVAILABLE:\n            exception_class = ImeNotAvailableException\n        elif status in ErrorCode.IME_ENGINE_ACTIVATION_FAILED:\n            exception_class = ImeActivationFailedException\n        elif status in ErrorCode.MOVE_TARGET_OUT_OF_BOUNDS:\n            exception_class = MoveTargetOutOfBoundsException\n        elif status in ErrorCode.JAVASCRIPT_ERROR:\n            exception_class = JavascriptException\n        elif status in ErrorCode.SESSION_NOT_CREATED:\n            exception_class = SessionNotCreatedException\n        elif status in ErrorCode.INVALID_ARGUMENT:\n            exception_class = InvalidArgumentException\n        elif status in ErrorCode.NO_SUCH_COOKIE:\n            exception_class = NoSuchCookieException\n        elif status in ErrorCode.UNABLE_TO_CAPTURE_SCREEN:\n            exception_class = ScreenshotException\n        elif status in ErrorCode.ELEMENT_CLICK_INTERCEPTED:\n            exception_class = ElementClickInterceptedException\n        elif status in ErrorCode.INSECURE_CERTIFICATE:\n            exception_class = InsecureCertificateException\n        elif status in ErrorCode.INVALID_COORDINATES:\n            exception_class = InvalidCoordinatesException\n        elif status in ErrorCode.INVALID_SESSION_ID:\n            exception_class = InvalidSessionIdException\n        elif status in ErrorCode.UNKNOWN_METHOD:\n            exception_class = UnknownMethodException\n        else:\n            exception_class = WebDriverException\n        if not value:\n            value = response[\"value\"]\n        if isinstance(value, str):\n            raise exception_class(value)\n        if message == \"\" and \"message\" in value:\n            message = value[\"message\"]\n    \n        screen = None  # type: ignore[assignment]\n        if \"screen\" in value:\n            screen = value[\"screen\"]\n    \n        stacktrace = None\n        st_value = value.get(\"stackTrace\") or value.get(\"stacktrace\")\n        if st_value:\n            if isinstance(st_value, str):\n                stacktrace = st_value.split(\"\\n\")\n            else:\n                stacktrace = []\n                try:\n                    for frame in st_value:\n                        line = frame.get(\"lineNumber\", \"\")\n                        file = frame.get(\"fileName\", \"<anonymous>\")\n                        if line:\n                            file = f\"{file}:{line}\"\n                        meth = frame.get(\"methodName\", \"<anonymous>\")\n                        if \"className\" in frame:\n                            meth = f\"{frame['className']}.{meth}\"\n                        msg = \"    at %s (%s)\"\n                        msg = msg % (meth, file)\n                        stacktrace.append(msg)\n                except TypeError:\n                    pass\n        if exception_class == UnexpectedAlertPresentException:\n            alert_text = None\n            if \"data\" in value:\n                alert_text = value[\"data\"].get(\"text\")\n            elif \"alert\" in value:\n                alert_text = value[\"alert\"].get(\"text\")\n            raise exception_class(message, screen, stacktrace, alert_text)  # type: ignore[call-arg]  # mypy is not smart enough here\n>       raise exception_class(message, screen, stacktrace)\nE       selenium.common.exceptions.NoSuchElementException: Message: no such element: Unable to locate element: {\"method\":\"xpath\",\"selector\":\"(//a[@class='add-to-cart yellow-btn'])[1]\"}\nE         (Session info: chrome-headless-shell=122.0.6261.128); For documentation on this error, please visit: https://www.selenium.dev/documentation/webdriver/troubleshooting/errors#no-such-element-exception\nE       Stacktrace:\nE       #0 0x63c6c25a1f33 <unknown>\nE       #1 0x63c6c2299ce6 <unknown>\nE       #2 0x63c6c22e4e48 <unknown>\nE       #3 0x63c6c22e4f01 <unknown>\nE       #4 0x63c6c23283f4 <unknown>\nE       #5 0x63c6c2306edd <unknown>\nE       #6 0x63c6c2325899 <unknown>\nE       #7 0x63c6c2306c53 <unknown>\nE       #8 0x63c6c22d7db3 <unknown>\nE       #9 0x63c6c22d877e <unknown>\nE       #10 0x63c6c256786b <unknown>\nE       #11 0x63c6c256b885 <unknown>\nE       #12 0x63c6c2555181 <unknown>\nE       #13 0x63c6c256c412 <unknown>\nE       #14 0x63c6c253925f <unknown>\nE       #15 0x63c6c2590528 <unknown>\nE       #16 0x63c6c2590723 <unknown>\nE       #17 0x63c6c25a10e4 <unknown>\nE       #18 0x738db0b53134 <unknown>\n\n/usr/local/lib/python3.11/site-packages/selenium/webdriver/remote/errorhandler.py:245: NoSuchElementException","flaky":false,"newFailed":false,"newBroken":false,"newPassed":false,"retriesCount":0,"retriesStatusChange":false,"beforeStages":[{"name":"_session_faker","time":{"start":1710723696536,"stop":1710723696603,"duration":67},"status":"passed","steps":[],"attachments":[],"parameters":[],"shouldDisplayMessage":false,"stepsCount":0,"attachmentsCount":0,"hasContent":false,"attachmentStep":false},{"name":"clear_allure_results_folder","time":{"start":1710723696603,"stop":1710723696603,"duration":0},"status":"passed","steps":[],"attachments":[],"parameters":[],"shouldDisplayMessage":false,"stepsCount":0,"attachmentsCount":0,"hasContent":false,"attachmentStep":false},{"name":"driver","time":{"start":1710724190764,"stop":1710724191501,"duration":737},"status":"passed","steps":[],"attachments":[],"parameters":[],"shouldDisplayMessage":false,"stepsCount":0,"attachmentsCount":0,"hasContent":false,"attachmentStep":false},{"name":"setup","time":{"start":1710724191501,"stop":1710724191501,"duration":0},"status":"passed","steps":[],"attachments":[],"parameters":[],"shouldDisplayMessage":false,"stepsCount":0,"attachmentsCount":0,"hasContent":false,"attachmentStep":false}],"testStage":{"status":"broken","statusMessage":"selenium.common.exceptions.NoSuchElementException: Message: no such element: Unable to locate element: {\"method\":\"xpath\",\"selector\":\"(//a[@class='add-to-cart yellow-btn'])[1]\"}\n  (Session info: chrome-headless-shell=122.0.6261.128); For documentation on this error, please visit: https://www.selenium.dev/documentation/webdriver/troubleshooting/errors#no-such-element-exception\nStacktrace:\n#0 0x63c6c25a1f33 <unknown>\n#1 0x63c6c2299ce6 <unknown>\n#2 0x63c6c22e4e48 <unknown>\n#3 0x63c6c22e4f01 <unknown>\n#4 0x63c6c23283f4 <unknown>\n#5 0x63c6c2306edd <unknown>\n#6 0x63c6c2325899 <unknown>\n#7 0x63c6c2306c53 <unknown>\n#8 0x63c6c22d7db3 <unknown>\n#9 0x63c6c22d877e <unknown>\n#10 0x63c6c256786b <unknown>\n#11 0x63c6c256b885 <unknown>\n#12 0x63c6c2555181 <unknown>\n#13 0x63c6c256c412 <unknown>\n#14 0x63c6c253925f <unknown>\n#15 0x63c6c2590528 <unknown>\n#16 0x63c6c2590723 <unknown>\n#17 0x63c6c25a10e4 <unknown>\n#18 0x738db0b53134 <unknown>","statusTrace":"self = <tests.delivery.test_delivery_calculation.TestDeliveryPageCalculation object at 0x78307bbb8ad0>\ndriver = <selenium.webdriver.chrome.webdriver.WebDriver (session=\"0a8348e6500dcc35dc1e0a0babe9b78c\")>\nurl = 'https://sandboxtest.stroyrem-nn.ru/', case_id = 'TD 018'\nlink_item = 'products/shtukaturka-gipsovaya-aksolit-m50-30-kg-mashinnogo-naneseniya'\namount = 16, weight = 500, standard = 850, in_time = 2490, all_time = 3320\n\n    @pytest.mark.parametrize('case_id, link_item, amount, weight, standard, in_time, all_time', [\n        (\"TD 015\", bundeks_25, 1, 30, 650, 2390, 3320),\n        pytest.param(\n            \"TD 016\", aksolit_30, 8, 300, 650, 2390, 3320,\n            marks=pytest.mark.xfail(reson=\"Цена доставки: - - -\")\n        ),\n        (\"TD 017\", aksolit_30, 13, 400, 650, 2390, 3320),\n        (\"TD 018\", aksolit_30, 16, 500, 850, 2490, 3320),\n        (\"TD 019\", aksolit_30, 25, 1700, 1150, 2490, 3320),\n        (\"TD 020\", aksolit_30, 66, 2000, 1500, 2990, 3650),\n        (\"TD 021\", aksolit_30, 149, 4500, 2600, 4380, 4890),\n        (\"TD 022\", aksolit_30, 166, 5000, 2800, 5490, 5980),\n        pytest.param(\n            \"TD 023\", aksolit_30, 206, 6200, 3300, 7500, 8000,\n            marks=pytest.mark.xfail(reson=\"Цена доставки: 4300 9900 11440\")\n        ),\n        (\"TD 024\", aksolit_30, 299, 9000, 4300, 9900, 11440),\n        (\"TD 025\", aksolit_30, 333, 10000, 7000, 13900, 15900),\n        pytest.param(\n            \"TD 026\", aksolit_30, 366, 11000, 8000, 14900, 19900,\n            marks=pytest.mark.xfail(reson=\"Цена доставки: 7000 13900 15900\")\n        ),\n        pytest.param(\n            \"TD 027\", aksolit_30, 666, 20000, 14000, 16900, 23900,\n            marks=pytest.mark.xfail(reson=\"Цена доставки: 7000 13900 15900\")\n        )\n    ])\n    @pytest.mark.smoke\n    def test_positive_delivery_blue_zone_smoke(\n            self, driver, url, case_id, link_item, amount, weight, standard, in_time, all_time\n    ):\n        allure.dynamic.title(f\"{case_id} Доставка товара весом до {weight}кг. в синей зоне\")\n    \n        driver.get(f'{url}{link_item}')\n        item_page = ItemPage(driver)\n>       item_page.add_item_to_cart(amount).click_on_cart()\n\ntests/delivery/test_delivery_calculation.py:130: \n_ _ _ _ _ _ _ _ _ _ _ _ _ _ _ _ _ _ _ _ _ _ _ _ _ _ _ _ _ _ _ _ _ _ _ _ _ _ _ _ \npages/item_page.py:40: in add_item_to_cart\n    self.find_element(self._add_item).click()\nbase/seleniumbase.py:17: in find_element\n    return self.driver.find_element(*locator)\n/usr/local/lib/python3.11/site-packages/selenium/webdriver/remote/webdriver.py:740: in find_element\n    return self.execute(Command.FIND_ELEMENT, {\"using\": by, \"value\": value})[\"value\"]\n/usr/local/lib/python3.11/site-packages/selenium/webdriver/remote/webdriver.py:346: in execute\n    self.error_handler.check_response(response)\n_ _ _ _ _ _ _ _ _ _ _ _ _ _ _ _ _ _ _ _ _ _ _ _ _ _ _ _ _ _ _ _ _ _ _ _ _ _ _ _ \n\nself = <selenium.webdriver.remote.errorhandler.ErrorHandler object at 0x78307c8668d0>\nresponse = {'status': 404, 'value': '{\"value\":{\"error\":\"no such element\",\"message\":\"no such element: Unable to locate element: {\\...\\\\n#16 0x63c6c2590723 \\\\u003Cunknown>\\\\n#17 0x63c6c25a10e4 \\\\u003Cunknown>\\\\n#18 0x738db0b53134 \\\\u003Cunknown>\\\\n\"}}'}\n\n    def check_response(self, response: Dict[str, Any]) -> None:\n        \"\"\"Checks that a JSON response from the WebDriver does not have an\n        error.\n    \n        :Args:\n         - response - The JSON response from the WebDriver server as a dictionary\n           object.\n    \n        :Raises: If the response contains an error message.\n        \"\"\"\n        status = response.get(\"status\", None)\n        if not status or status == ErrorCode.SUCCESS:\n            return\n        value = None\n        message = response.get(\"message\", \"\")\n        screen: str = response.get(\"screen\", \"\")\n        stacktrace = None\n        if isinstance(status, int):\n            value_json = response.get(\"value\", None)\n            if value_json and isinstance(value_json, str):\n                import json\n    \n                try:\n                    value = json.loads(value_json)\n                    if len(value) == 1:\n                        value = value[\"value\"]\n                    status = value.get(\"error\", None)\n                    if not status:\n                        status = value.get(\"status\", ErrorCode.UNKNOWN_ERROR)\n                        message = value.get(\"value\") or value.get(\"message\")\n                        if not isinstance(message, str):\n                            value = message\n                            message = message.get(\"message\")\n                    else:\n                        message = value.get(\"message\", None)\n                except ValueError:\n                    pass\n    \n        exception_class: Type[WebDriverException]\n        if status in ErrorCode.NO_SUCH_ELEMENT:\n            exception_class = NoSuchElementException\n        elif status in ErrorCode.NO_SUCH_FRAME:\n            exception_class = NoSuchFrameException\n        elif status in ErrorCode.NO_SUCH_SHADOW_ROOT:\n            exception_class = NoSuchShadowRootException\n        elif status in ErrorCode.NO_SUCH_WINDOW:\n            exception_class = NoSuchWindowException\n        elif status in ErrorCode.STALE_ELEMENT_REFERENCE:\n            exception_class = StaleElementReferenceException\n        elif status in ErrorCode.ELEMENT_NOT_VISIBLE:\n            exception_class = ElementNotVisibleException\n        elif status in ErrorCode.INVALID_ELEMENT_STATE:\n            exception_class = InvalidElementStateException\n        elif (\n            status in ErrorCode.INVALID_SELECTOR\n            or status in ErrorCode.INVALID_XPATH_SELECTOR\n            or status in ErrorCode.INVALID_XPATH_SELECTOR_RETURN_TYPER\n        ):\n            exception_class = InvalidSelectorException\n        elif status in ErrorCode.ELEMENT_IS_NOT_SELECTABLE:\n            exception_class = ElementNotSelectableException\n        elif status in ErrorCode.ELEMENT_NOT_INTERACTABLE:\n            exception_class = ElementNotInteractableException\n        elif status in ErrorCode.INVALID_COOKIE_DOMAIN:\n            exception_class = InvalidCookieDomainException\n        elif status in ErrorCode.UNABLE_TO_SET_COOKIE:\n            exception_class = UnableToSetCookieException\n        elif status in ErrorCode.TIMEOUT:\n            exception_class = TimeoutException\n        elif status in ErrorCode.SCRIPT_TIMEOUT:\n            exception_class = TimeoutException\n        elif status in ErrorCode.UNKNOWN_ERROR:\n            exception_class = WebDriverException\n        elif status in ErrorCode.UNEXPECTED_ALERT_OPEN:\n            exception_class = UnexpectedAlertPresentException\n        elif status in ErrorCode.NO_ALERT_OPEN:\n            exception_class = NoAlertPresentException\n        elif status in ErrorCode.IME_NOT_AVAILABLE:\n            exception_class = ImeNotAvailableException\n        elif status in ErrorCode.IME_ENGINE_ACTIVATION_FAILED:\n            exception_class = ImeActivationFailedException\n        elif status in ErrorCode.MOVE_TARGET_OUT_OF_BOUNDS:\n            exception_class = MoveTargetOutOfBoundsException\n        elif status in ErrorCode.JAVASCRIPT_ERROR:\n            exception_class = JavascriptException\n        elif status in ErrorCode.SESSION_NOT_CREATED:\n            exception_class = SessionNotCreatedException\n        elif status in ErrorCode.INVALID_ARGUMENT:\n            exception_class = InvalidArgumentException\n        elif status in ErrorCode.NO_SUCH_COOKIE:\n            exception_class = NoSuchCookieException\n        elif status in ErrorCode.UNABLE_TO_CAPTURE_SCREEN:\n            exception_class = ScreenshotException\n        elif status in ErrorCode.ELEMENT_CLICK_INTERCEPTED:\n            exception_class = ElementClickInterceptedException\n        elif status in ErrorCode.INSECURE_CERTIFICATE:\n            exception_class = InsecureCertificateException\n        elif status in ErrorCode.INVALID_COORDINATES:\n            exception_class = InvalidCoordinatesException\n        elif status in ErrorCode.INVALID_SESSION_ID:\n            exception_class = InvalidSessionIdException\n        elif status in ErrorCode.UNKNOWN_METHOD:\n            exception_class = UnknownMethodException\n        else:\n            exception_class = WebDriverException\n        if not value:\n            value = response[\"value\"]\n        if isinstance(value, str):\n            raise exception_class(value)\n        if message == \"\" and \"message\" in value:\n            message = value[\"message\"]\n    \n        screen = None  # type: ignore[assignment]\n        if \"screen\" in value:\n            screen = value[\"screen\"]\n    \n        stacktrace = None\n        st_value = value.get(\"stackTrace\") or value.get(\"stacktrace\")\n        if st_value:\n            if isinstance(st_value, str):\n                stacktrace = st_value.split(\"\\n\")\n            else:\n                stacktrace = []\n                try:\n                    for frame in st_value:\n                        line = frame.get(\"lineNumber\", \"\")\n                        file = frame.get(\"fileName\", \"<anonymous>\")\n                        if line:\n                            file = f\"{file}:{line}\"\n                        meth = frame.get(\"methodName\", \"<anonymous>\")\n                        if \"className\" in frame:\n                            meth = f\"{frame['className']}.{meth}\"\n                        msg = \"    at %s (%s)\"\n                        msg = msg % (meth, file)\n                        stacktrace.append(msg)\n                except TypeError:\n                    pass\n        if exception_class == UnexpectedAlertPresentException:\n            alert_text = None\n            if \"data\" in value:\n                alert_text = value[\"data\"].get(\"text\")\n            elif \"alert\" in value:\n                alert_text = value[\"alert\"].get(\"text\")\n            raise exception_class(message, screen, stacktrace, alert_text)  # type: ignore[call-arg]  # mypy is not smart enough here\n>       raise exception_class(message, screen, stacktrace)\nE       selenium.common.exceptions.NoSuchElementException: Message: no such element: Unable to locate element: {\"method\":\"xpath\",\"selector\":\"(//a[@class='add-to-cart yellow-btn'])[1]\"}\nE         (Session info: chrome-headless-shell=122.0.6261.128); For documentation on this error, please visit: https://www.selenium.dev/documentation/webdriver/troubleshooting/errors#no-such-element-exception\nE       Stacktrace:\nE       #0 0x63c6c25a1f33 <unknown>\nE       #1 0x63c6c2299ce6 <unknown>\nE       #2 0x63c6c22e4e48 <unknown>\nE       #3 0x63c6c22e4f01 <unknown>\nE       #4 0x63c6c23283f4 <unknown>\nE       #5 0x63c6c2306edd <unknown>\nE       #6 0x63c6c2325899 <unknown>\nE       #7 0x63c6c2306c53 <unknown>\nE       #8 0x63c6c22d7db3 <unknown>\nE       #9 0x63c6c22d877e <unknown>\nE       #10 0x63c6c256786b <unknown>\nE       #11 0x63c6c256b885 <unknown>\nE       #12 0x63c6c2555181 <unknown>\nE       #13 0x63c6c256c412 <unknown>\nE       #14 0x63c6c253925f <unknown>\nE       #15 0x63c6c2590528 <unknown>\nE       #16 0x63c6c2590723 <unknown>\nE       #17 0x63c6c25a10e4 <unknown>\nE       #18 0x738db0b53134 <unknown>\n\n/usr/local/lib/python3.11/site-packages/selenium/webdriver/remote/errorhandler.py:245: NoSuchElementException","steps":[{"name":"Добавляем товар в корзину в количестве 16","time":{"start":1710724191874,"stop":1710724191886,"duration":12},"status":"broken","statusMessage":"selenium.common.exceptions.NoSuchElementException: Message: no such element: Unable to locate element: {\"method\":\"xpath\",\"selector\":\"(//a[@class='add-to-cart yellow-btn'])[1]\"}\n  (Session info: chrome-headless-shell=122.0.6261.128); For documentation on this error, please visit: https://www.selenium.dev/documentation/webdriver/troubleshooting/errors#no-such-element-exception\nStacktrace:\n#0 0x63c6c25a1f33 <unknown>\n#1 0x63c6c2299ce6 <unknown>\n#2 0x63c6c22e4e48 <unknown>\n#3 0x63c6c22e4f01 <unknown>\n#4 0x63c6c23283f4 <unknown>\n#5 0x63c6c2306edd <unknown>\n#6 0x63c6c2325899 <unknown>\n#7 0x63c6c2306c53 <unknown>\n#8 0x63c6c22d7db3 <unknown>\n#9 0x63c6c22d877e <unknown>\n#10 0x63c6c256786b <unknown>\n#11 0x63c6c256b885 <unknown>\n#12 0x63c6c2555181 <unknown>\n#13 0x63c6c256c412 <unknown>\n#14 0x63c6c253925f <unknown>\n#15 0x63c6c2590528 <unknown>\n#16 0x63c6c2590723 <unknown>\n#17 0x63c6c25a10e4 <unknown>\n#18 0x738db0b53134 <unknown>\n\n","statusTrace":"  File \"/usr/local/lib/python3.11/site-packages/allure_commons/_allure.py\", line 192, in impl\n    return func(*a, **kw)\n           ^^^^^^^^^^^^^^\n  File \"/app/pages/item_page.py\", line 40, in add_item_to_cart\n    self.find_element(self._add_item).click()\n    ^^^^^^^^^^^^^^^^^^^^^^^^^^^^^^^^^\n  File \"/app/base/seleniumbase.py\", line 17, in find_element\n    return self.driver.find_element(*locator)\n           ^^^^^^^^^^^^^^^^^^^^^^^^^^^^^^^^^^\n  File \"/usr/local/lib/python3.11/site-packages/selenium/webdriver/remote/webdriver.py\", line 740, in find_element\n    return self.execute(Command.FIND_ELEMENT, {\"using\": by, \"value\": value})[\"value\"]\n           ^^^^^^^^^^^^^^^^^^^^^^^^^^^^^^^^^^^^^^^^^^^^^^^^^^^^^^^^^^^^^^^^^\n  File \"/usr/local/lib/python3.11/site-packages/selenium/webdriver/remote/webdriver.py\", line 346, in execute\n    self.error_handler.check_response(response)\n  File \"/usr/local/lib/python3.11/site-packages/selenium/webdriver/remote/errorhandler.py\", line 245, in check_response\n    raise exception_class(message, screen, stacktrace)\n","steps":[],"attachments":[],"parameters":[{"name":"amount","value":"16"}],"shouldDisplayMessage":true,"stepsCount":0,"attachmentsCount":0,"hasContent":true,"attachmentStep":false}],"attachments":[{"uid":"75d33790dae36e0","name":"Screenshot","source":"75d33790dae36e0.png","type":"image/png","size":5862},{"uid":"95439b1b3453a886","name":"HTML source","source":"95439b1b3453a886.html","type":"text/html","size":39}],"parameters":[],"shouldDisplayMessage":true,"stepsCount":1,"attachmentsCount":2,"hasContent":true,"attachmentStep":false},"afterStages":[{"name":"driver::0","time":{"start":1710724191989,"stop":1710724192046,"duration":57},"status":"passed","steps":[],"attachments":[],"parameters":[],"shouldDisplayMessage":false,"stepsCount":0,"attachmentsCount":0,"hasContent":false,"attachmentStep":false},{"name":"setup::0","time":{"start":1710724191989,"stop":1710724191989,"duration":0},"status":"passed","steps":[],"attachments":[],"parameters":[],"shouldDisplayMessage":false,"stepsCount":0,"attachmentsCount":0,"hasContent":false,"attachmentStep":false}],"labels":[{"name":"epic","value":"Delivery Page - calculation"},{"name":"tag","value":"smoke"},{"name":"parentSuite","value":"tests.delivery"},{"name":"suite","value":"test_delivery_calculation"},{"name":"subSuite","value":"TestDeliveryPageCalculation"},{"name":"host","value":"48242af1f760"},{"name":"thread","value":"1-MainThread"},{"name":"framework","value":"pytest"},{"name":"language","value":"cpython3"},{"name":"package","value":"tests.delivery.test_delivery_calculation"},{"name":"resultFormat","value":"allure2"}],"parameters":[{"name":"all_time","value":"3320"},{"name":"amount","value":"16"},{"name":"case_id","value":"'TD 018'"},{"name":"in_time","value":"2490"},{"name":"link_item","value":"'products/shtukaturka-gipsovaya-aksolit-m50-30-kg-mashinnogo-naneseniya'"},{"name":"standard","value":"850"},{"name":"url","value":"'https://sandboxtest.stroyrem-nn.ru/'"},{"name":"weight","value":"500"}],"links":[],"hidden":false,"retry":false,"extra":{"severity":"normal","retries":[],"categories":[{"name":"Test defects","matchedStatuses":[],"flaky":false}],"history":{"statistic":{"failed":0,"broken":201,"skipped":0,"passed":0,"unknown":0,"total":201},"items":[{"uid":"6d26e011af8c6557","reportUrl":"https://zaelcovsky.github.io/StroyremAutomation/264//#testresult/6d26e011af8c6557","status":"broken","statusDetails":"selenium.common.exceptions.NoSuchElementException: Message: no such element: Unable to locate element: {\"method\":\"xpath\",\"selector\":\"(//a[@class='add-to-cart yellow-btn'])[1]\"}\n  (Session info: chrome-headless-shell=122.0.6261.128); For documentation on this error, please visit: https://www.selenium.dev/documentation/webdriver/troubleshooting/errors#no-such-element-exception\nStacktrace:\n#0 0x59ef3cf6af33 <unknown>\n#1 0x59ef3cc62ce6 <unknown>\n#2 0x59ef3ccade48 <unknown>\n#3 0x59ef3ccadf01 <unknown>\n#4 0x59ef3ccf13f4 <unknown>\n#5 0x59ef3cccfedd <unknown>\n#6 0x59ef3ccee899 <unknown>\n#7 0x59ef3cccfc53 <unknown>\n#8 0x59ef3cca0db3 <unknown>\n#9 0x59ef3cca177e <unknown>\n#10 0x59ef3cf3086b <unknown>\n#11 0x59ef3cf34885 <unknown>\n#12 0x59ef3cf1e181 <unknown>\n#13 0x59ef3cf35412 <unknown>\n#14 0x59ef3cf0225f <unknown>\n#15 0x59ef3cf59528 <unknown>\n#16 0x59ef3cf59723 <unknown>\n#17 0x59ef3cf6a0e4 <unknown>\n#18 0x7c6f7a3d2134 <unknown>","time":{"start":1710637973798,"stop":1710637974221,"duration":423}},{"uid":"45d2e49ffa2a115b","reportUrl":"https://zaelcovsky.github.io/StroyremAutomation/263//#testresult/45d2e49ffa2a115b","status":"broken","statusDetails":"selenium.common.exceptions.NoSuchElementException: Message: no such element: Unable to locate element: {\"method\":\"xpath\",\"selector\":\"(//a[@class='add-to-cart yellow-btn'])[1]\"}\n  (Session info: chrome-headless-shell=122.0.6261.128); For documentation on this error, please visit: https://www.selenium.dev/documentation/webdriver/troubleshooting/errors#no-such-element-exception\nStacktrace:\n#0 0x61b2dd09af33 <unknown>\n#1 0x61b2dcd92ce6 <unknown>\n#2 0x61b2dcddde48 <unknown>\n#3 0x61b2dcdddf01 <unknown>\n#4 0x61b2dce213f4 <unknown>\n#5 0x61b2dcdffedd <unknown>\n#6 0x61b2dce1e899 <unknown>\n#7 0x61b2dcdffc53 <unknown>\n#8 0x61b2dcdd0db3 <unknown>\n#9 0x61b2dcdd177e <unknown>\n#10 0x61b2dd06086b <unknown>\n#11 0x61b2dd064885 <unknown>\n#12 0x61b2dd04e181 <unknown>\n#13 0x61b2dd065412 <unknown>\n#14 0x61b2dd03225f <unknown>\n#15 0x61b2dd089528 <unknown>\n#16 0x61b2dd089723 <unknown>\n#17 0x61b2dd09a0e4 <unknown>\n#18 0x7935d06db134 <unknown>","time":{"start":1710551193619,"stop":1710551194040,"duration":421}},{"uid":"2b066de45e956028","reportUrl":"https://zaelcovsky.github.io/StroyremAutomation/262//#testresult/2b066de45e956028","status":"broken","statusDetails":"selenium.common.exceptions.NoSuchElementException: Message: no such element: Unable to locate element: {\"method\":\"xpath\",\"selector\":\"(//a[@class='add-to-cart yellow-btn'])[1]\"}\n  (Session info: chrome-headless-shell=122.0.6261.128); For documentation on this error, please visit: https://www.selenium.dev/documentation/webdriver/troubleshooting/errors#no-such-element-exception\nStacktrace:\n#0 0x5fbccfbcdf33 <unknown>\n#1 0x5fbccf8c5ce6 <unknown>\n#2 0x5fbccf910e48 <unknown>\n#3 0x5fbccf910f01 <unknown>\n#4 0x5fbccf9543f4 <unknown>\n#5 0x5fbccf932edd <unknown>\n#6 0x5fbccf951899 <unknown>\n#7 0x5fbccf932c53 <unknown>\n#8 0x5fbccf903db3 <unknown>\n#9 0x5fbccf90477e <unknown>\n#10 0x5fbccfb9386b <unknown>\n#11 0x5fbccfb97885 <unknown>\n#12 0x5fbccfb81181 <unknown>\n#13 0x5fbccfb98412 <unknown>\n#14 0x5fbccfb6525f <unknown>\n#15 0x5fbccfbbc528 <unknown>\n#16 0x5fbccfbbc723 <unknown>\n#17 0x5fbccfbcd0e4 <unknown>\n#18 0x775996a11134 <unknown>","time":{"start":1710464990997,"stop":1710464991402,"duration":405}},{"uid":"761b783ce82dea26","reportUrl":"https://zaelcovsky.github.io/StroyremAutomation/261//#testresult/761b783ce82dea26","status":"broken","statusDetails":"selenium.common.exceptions.NoSuchElementException: Message: no such element: Unable to locate element: {\"method\":\"xpath\",\"selector\":\"(//a[@class='add-to-cart yellow-btn'])[1]\"}\n  (Session info: chrome-headless-shell=122.0.6261.128); For documentation on this error, please visit: https://www.selenium.dev/documentation/webdriver/troubleshooting/errors#no-such-element-exception\nStacktrace:\n#0 0x5fbe2d27df33 <unknown>\n#1 0x5fbe2cf75ce6 <unknown>\n#2 0x5fbe2cfc0e48 <unknown>\n#3 0x5fbe2cfc0f01 <unknown>\n#4 0x5fbe2d0043f4 <unknown>\n#5 0x5fbe2cfe2edd <unknown>\n#6 0x5fbe2d001899 <unknown>\n#7 0x5fbe2cfe2c53 <unknown>\n#8 0x5fbe2cfb3db3 <unknown>\n#9 0x5fbe2cfb477e <unknown>\n#10 0x5fbe2d24386b <unknown>\n#11 0x5fbe2d247885 <unknown>\n#12 0x5fbe2d231181 <unknown>\n#13 0x5fbe2d248412 <unknown>\n#14 0x5fbe2d21525f <unknown>\n#15 0x5fbe2d26c528 <unknown>\n#16 0x5fbe2d26c723 <unknown>\n#17 0x5fbe2d27d0e4 <unknown>\n#18 0x756c67dd8134 <unknown>","time":{"start":1710378528591,"stop":1710378529533,"duration":942}},{"uid":"e0681dacbb7d932","reportUrl":"https://zaelcovsky.github.io/StroyremAutomation/260//#testresult/e0681dacbb7d932","status":"broken","statusDetails":"selenium.common.exceptions.NoSuchElementException: Message: no such element: Unable to locate element: {\"method\":\"xpath\",\"selector\":\"(//a[@class='add-to-cart yellow-btn'])[1]\"}\n  (Session info: chrome-headless-shell=122.0.6261.128); For documentation on this error, please visit: https://www.selenium.dev/documentation/webdriver/troubleshooting/errors#no-such-element-exception\nStacktrace:\n#0 0x5577f1c10f33 <unknown>\n#1 0x5577f1908ce6 <unknown>\n#2 0x5577f1953e48 <unknown>\n#3 0x5577f1953f01 <unknown>\n#4 0x5577f19973f4 <unknown>\n#5 0x5577f1975edd <unknown>\n#6 0x5577f1994899 <unknown>\n#7 0x5577f1975c53 <unknown>\n#8 0x5577f1946db3 <unknown>\n#9 0x5577f194777e <unknown>\n#10 0x5577f1bd686b <unknown>\n#11 0x5577f1bda885 <unknown>\n#12 0x5577f1bc4181 <unknown>\n#13 0x5577f1bdb412 <unknown>\n#14 0x5577f1ba825f <unknown>\n#15 0x5577f1bff528 <unknown>\n#16 0x5577f1bff723 <unknown>\n#17 0x5577f1c100e4 <unknown>\n#18 0x7fc6ab4ae134 <unknown>","time":{"start":1710292266568,"stop":1710292266987,"duration":419}},{"uid":"e438c5854b01a0b4","reportUrl":"https://zaelcovsky.github.io/StroyremAutomation/259//#testresult/e438c5854b01a0b4","status":"broken","statusDetails":"selenium.common.exceptions.NoSuchElementException: Message: no such element: Unable to locate element: {\"method\":\"xpath\",\"selector\":\"(//a[@class='add-to-cart yellow-btn'])[1]\"}\n  (Session info: chrome-headless-shell=122.0.6261.111); For documentation on this error, please visit: https://www.selenium.dev/documentation/webdriver/troubleshooting/errors#no-such-element-exception\nStacktrace:\n#0 0x5af976788ec3 <unknown>\n#1 0x5af976480ce6 <unknown>\n#2 0x5af9764cbe48 <unknown>\n#3 0x5af9764cbf01 <unknown>\n#4 0x5af97650f3f4 <unknown>\n#5 0x5af9764ededd <unknown>\n#6 0x5af97650c899 <unknown>\n#7 0x5af9764edc53 <unknown>\n#8 0x5af9764bedb3 <unknown>\n#9 0x5af9764bf77e <unknown>\n#10 0x5af97674e7fb <unknown>\n#11 0x5af976752815 <unknown>\n#12 0x5af97673c111 <unknown>\n#13 0x5af9767533a2 <unknown>\n#14 0x5af9767201ef <unknown>\n#15 0x5af9767774b8 <unknown>\n#16 0x5af9767776b3 <unknown>\n#17 0x5af976788074 <unknown>\n#18 0x730fff5f9134 <unknown>","time":{"start":1710205637986,"stop":1710205638322,"duration":336}},{"uid":"32a0107db7d66ef5","reportUrl":"https://zaelcovsky.github.io/StroyremAutomation/258//#testresult/32a0107db7d66ef5","status":"broken","statusDetails":"selenium.common.exceptions.NoSuchElementException: Message: no such element: Unable to locate element: {\"method\":\"xpath\",\"selector\":\"(//a[@class='add-to-cart yellow-btn'])[1]\"}\n  (Session info: chrome-headless-shell=122.0.6261.111); For documentation on this error, please visit: https://www.selenium.dev/documentation/webdriver/troubleshooting/errors#no-such-element-exception\nStacktrace:\n#0 0x56261e13aec3 <unknown>\n#1 0x56261de32ce6 <unknown>\n#2 0x56261de7de48 <unknown>\n#3 0x56261de7df01 <unknown>\n#4 0x56261dec13f4 <unknown>\n#5 0x56261de9fedd <unknown>\n#6 0x56261debe899 <unknown>\n#7 0x56261de9fc53 <unknown>\n#8 0x56261de70db3 <unknown>\n#9 0x56261de7177e <unknown>\n#10 0x56261e1007fb <unknown>\n#11 0x56261e104815 <unknown>\n#12 0x56261e0ee111 <unknown>\n#13 0x56261e1053a2 <unknown>\n#14 0x56261e0d21ef <unknown>\n#15 0x56261e1294b8 <unknown>\n#16 0x56261e1296b3 <unknown>\n#17 0x56261e13a074 <unknown>\n#18 0x7f50c9bfc134 <unknown>","time":{"start":1710119313069,"stop":1710119313365,"duration":296}},{"uid":"8a19e2ff9a250393","reportUrl":"https://zaelcovsky.github.io/StroyremAutomation/257//#testresult/8a19e2ff9a250393","status":"broken","statusDetails":"selenium.common.exceptions.NoSuchElementException: Message: no such element: Unable to locate element: {\"method\":\"xpath\",\"selector\":\"(//a[@class='add-to-cart yellow-btn'])[1]\"}\n  (Session info: chrome-headless-shell=122.0.6261.111); For documentation on this error, please visit: https://www.selenium.dev/documentation/webdriver/troubleshooting/errors#no-such-element-exception\nStacktrace:\n#0 0x56307f8edec3 <unknown>\n#1 0x56307f5e5ce6 <unknown>\n#2 0x56307f630e48 <unknown>\n#3 0x56307f630f01 <unknown>\n#4 0x56307f6743f4 <unknown>\n#5 0x56307f652edd <unknown>\n#6 0x56307f671899 <unknown>\n#7 0x56307f652c53 <unknown>\n#8 0x56307f623db3 <unknown>\n#9 0x56307f62477e <unknown>\n#10 0x56307f8b37fb <unknown>\n#11 0x56307f8b7815 <unknown>\n#12 0x56307f8a1111 <unknown>\n#13 0x56307f8b83a2 <unknown>\n#14 0x56307f8851ef <unknown>\n#15 0x56307f8dc4b8 <unknown>\n#16 0x56307f8dc6b3 <unknown>\n#17 0x56307f8ed074 <unknown>\n#18 0x7f6ed94bb134 <unknown>","time":{"start":1710033154271,"stop":1710033154665,"duration":394}},{"uid":"79eb9e57540cadd1","reportUrl":"https://zaelcovsky.github.io/StroyremAutomation/256//#testresult/79eb9e57540cadd1","status":"broken","statusDetails":"selenium.common.exceptions.NoSuchElementException: Message: no such element: Unable to locate element: {\"method\":\"xpath\",\"selector\":\"(//a[@class='add-to-cart yellow-btn'])[1]\"}\n  (Session info: chrome-headless-shell=122.0.6261.111); For documentation on this error, please visit: https://www.selenium.dev/documentation/webdriver/troubleshooting/errors#no-such-element-exception\nStacktrace:\n#0 0x55fe29d83ec3 <unknown>\n#1 0x55fe29a7bce6 <unknown>\n#2 0x55fe29ac6e48 <unknown>\n#3 0x55fe29ac6f01 <unknown>\n#4 0x55fe29b0a3f4 <unknown>\n#5 0x55fe29ae8edd <unknown>\n#6 0x55fe29b07899 <unknown>\n#7 0x55fe29ae8c53 <unknown>\n#8 0x55fe29ab9db3 <unknown>\n#9 0x55fe29aba77e <unknown>\n#10 0x55fe29d497fb <unknown>\n#11 0x55fe29d4d815 <unknown>\n#12 0x55fe29d37111 <unknown>\n#13 0x55fe29d4e3a2 <unknown>\n#14 0x55fe29d1b1ef <unknown>\n#15 0x55fe29d724b8 <unknown>\n#16 0x55fe29d726b3 <unknown>\n#17 0x55fe29d83074 <unknown>\n#18 0x7f736ab8d134 <unknown>","time":{"start":1709946404574,"stop":1709946404998,"duration":424}},{"uid":"a777ed30a7764162","reportUrl":"https://zaelcovsky.github.io/StroyremAutomation/255//#testresult/a777ed30a7764162","status":"broken","statusDetails":"selenium.common.exceptions.NoSuchElementException: Message: no such element: Unable to locate element: {\"method\":\"xpath\",\"selector\":\"(//a[@class='add-to-cart yellow-btn'])[1]\"}\n  (Session info: chrome-headless-shell=122.0.6261.111); For documentation on this error, please visit: https://www.selenium.dev/documentation/webdriver/troubleshooting/errors#no-such-element-exception\nStacktrace:\n#0 0x558469e99ec3 <unknown>\n#1 0x558469b91ce6 <unknown>\n#2 0x558469bdce48 <unknown>\n#3 0x558469bdcf01 <unknown>\n#4 0x558469c203f4 <unknown>\n#5 0x558469bfeedd <unknown>\n#6 0x558469c1d899 <unknown>\n#7 0x558469bfec53 <unknown>\n#8 0x558469bcfdb3 <unknown>\n#9 0x558469bd077e <unknown>\n#10 0x558469e5f7fb <unknown>\n#11 0x558469e63815 <unknown>\n#12 0x558469e4d111 <unknown>\n#13 0x558469e643a2 <unknown>\n#14 0x558469e311ef <unknown>\n#15 0x558469e884b8 <unknown>\n#16 0x558469e886b3 <unknown>\n#17 0x558469e99074 <unknown>\n#18 0x7ff192c13134 <unknown>","time":{"start":1709860040702,"stop":1709860041135,"duration":433}},{"uid":"af94d5aa3c69a5b1","reportUrl":"https://zaelcovsky.github.io/StroyremAutomation/254//#testresult/af94d5aa3c69a5b1","status":"broken","statusDetails":"selenium.common.exceptions.NoSuchElementException: Message: no such element: Unable to locate element: {\"method\":\"xpath\",\"selector\":\"(//a[@class='add-to-cart yellow-btn'])[1]\"}\n  (Session info: chrome-headless-shell=122.0.6261.94); For documentation on this error, please visit: https://www.selenium.dev/documentation/webdriver/troubleshooting/errors#no-such-element-exception\nStacktrace:\n#0 0x5602b0188e93 <unknown>\n#1 0x5602afe80ce6 <unknown>\n#2 0x5602afecbe48 <unknown>\n#3 0x5602afecbf01 <unknown>\n#4 0x5602aff0f3f4 <unknown>\n#5 0x5602afeededd <unknown>\n#6 0x5602aff0c899 <unknown>\n#7 0x5602afeedc53 <unknown>\n#8 0x5602afebedb3 <unknown>\n#9 0x5602afebf77e <unknown>\n#10 0x5602b014e7cb <unknown>\n#11 0x5602b01527e5 <unknown>\n#12 0x5602b013c0e1 <unknown>\n#13 0x5602b0153372 <unknown>\n#14 0x5602b01201bf <unknown>\n#15 0x5602b0177488 <unknown>\n#16 0x5602b0177683 <unknown>\n#17 0x5602b0188044 <unknown>\n#18 0x7fe6267fa134 <unknown>","time":{"start":1709773142872,"stop":1709773143280,"duration":408}},{"uid":"62040d3c0c3b4bbd","reportUrl":"https://zaelcovsky.github.io/StroyremAutomation/253//#testresult/62040d3c0c3b4bbd","status":"broken","statusDetails":"selenium.common.exceptions.NoSuchElementException: Message: no such element: Unable to locate element: {\"method\":\"xpath\",\"selector\":\"(//a[@class='add-to-cart yellow-btn'])[1]\"}\n  (Session info: chrome-headless-shell=122.0.6261.94); For documentation on this error, please visit: https://www.selenium.dev/documentation/webdriver/troubleshooting/errors#no-such-element-exception\nStacktrace:\n#0 0x55f8b57dde93 <unknown>\n#1 0x55f8b54d5ce6 <unknown>\n#2 0x55f8b5520e48 <unknown>\n#3 0x55f8b5520f01 <unknown>\n#4 0x55f8b55643f4 <unknown>\n#5 0x55f8b5542edd <unknown>\n#6 0x55f8b5561899 <unknown>\n#7 0x55f8b5542c53 <unknown>\n#8 0x55f8b5513db3 <unknown>\n#9 0x55f8b551477e <unknown>\n#10 0x55f8b57a37cb <unknown>\n#11 0x55f8b57a77e5 <unknown>\n#12 0x55f8b57910e1 <unknown>\n#13 0x55f8b57a8372 <unknown>\n#14 0x55f8b57751bf <unknown>\n#15 0x55f8b57cc488 <unknown>\n#16 0x55f8b57cc683 <unknown>\n#17 0x55f8b57dd044 <unknown>\n#18 0x7fe812372134 <unknown>","time":{"start":1709687247712,"stop":1709687248120,"duration":408}},{"uid":"cb3d70e7c1ca6706","reportUrl":"https://zaelcovsky.github.io/StroyremAutomation/252//#testresult/cb3d70e7c1ca6706","status":"broken","statusDetails":"selenium.common.exceptions.NoSuchElementException: Message: no such element: Unable to locate element: {\"method\":\"xpath\",\"selector\":\"(//a[@class='add-to-cart yellow-btn'])[1]\"}\n  (Session info: chrome-headless-shell=122.0.6261.94); For documentation on this error, please visit: https://www.selenium.dev/documentation/webdriver/troubleshooting/errors#no-such-element-exception\nStacktrace:\n#0 0x5592b4dbde93 <unknown>\n#1 0x5592b4ab5ce6 <unknown>\n#2 0x5592b4b00e48 <unknown>\n#3 0x5592b4b00f01 <unknown>\n#4 0x5592b4b443f4 <unknown>\n#5 0x5592b4b22edd <unknown>\n#6 0x5592b4b41899 <unknown>\n#7 0x5592b4b22c53 <unknown>\n#8 0x5592b4af3db3 <unknown>\n#9 0x5592b4af477e <unknown>\n#10 0x5592b4d837cb <unknown>\n#11 0x5592b4d877e5 <unknown>\n#12 0x5592b4d710e1 <unknown>\n#13 0x5592b4d88372 <unknown>\n#14 0x5592b4d551bf <unknown>\n#15 0x5592b4dac488 <unknown>\n#16 0x5592b4dac683 <unknown>\n#17 0x5592b4dbd044 <unknown>\n#18 0x7fc5bd590134 <unknown>","time":{"start":1709600829273,"stop":1709600829896,"duration":623}},{"uid":"f2675c0f9bf062c2","reportUrl":"https://zaelcovsky.github.io/StroyremAutomation/251//#testresult/f2675c0f9bf062c2","status":"broken","statusDetails":"selenium.common.exceptions.NoSuchElementException: Message: no such element: Unable to locate element: {\"method\":\"xpath\",\"selector\":\"(//a[@class='add-to-cart yellow-btn'])[1]\"}\n  (Session info: chrome-headless-shell=122.0.6261.94); For documentation on this error, please visit: https://www.selenium.dev/documentation/webdriver/troubleshooting/errors#no-such-element-exception\nStacktrace:\n#0 0x55a036377e93 <unknown>\n#1 0x55a03606fce6 <unknown>\n#2 0x55a0360bae48 <unknown>\n#3 0x55a0360baf01 <unknown>\n#4 0x55a0360fe3f4 <unknown>\n#5 0x55a0360dcedd <unknown>\n#6 0x55a0360fb899 <unknown>\n#7 0x55a0360dcc53 <unknown>\n#8 0x55a0360addb3 <unknown>\n#9 0x55a0360ae77e <unknown>\n#10 0x55a03633d7cb <unknown>\n#11 0x55a0363417e5 <unknown>\n#12 0x55a03632b0e1 <unknown>\n#13 0x55a036342372 <unknown>\n#14 0x55a03630f1bf <unknown>\n#15 0x55a036366488 <unknown>\n#16 0x55a036366683 <unknown>\n#17 0x55a036377044 <unknown>\n#18 0x7f84fb0db134 <unknown>","time":{"start":1709514484494,"stop":1709514484804,"duration":310}},{"uid":"7d722b4d11fac259","reportUrl":"https://zaelcovsky.github.io/StroyremAutomation/250//#testresult/7d722b4d11fac259","status":"broken","statusDetails":"selenium.common.exceptions.NoSuchElementException: Message: no such element: Unable to locate element: {\"method\":\"xpath\",\"selector\":\"(//a[@class='add-to-cart yellow-btn'])[1]\"}\n  (Session info: chrome-headless-shell=122.0.6261.94); For documentation on this error, please visit: https://www.selenium.dev/documentation/webdriver/troubleshooting/errors#no-such-element-exception\nStacktrace:\n#0 0x560b54ae2e93 <unknown>\n#1 0x560b547dace6 <unknown>\n#2 0x560b54825e48 <unknown>\n#3 0x560b54825f01 <unknown>\n#4 0x560b548693f4 <unknown>\n#5 0x560b54847edd <unknown>\n#6 0x560b54866899 <unknown>\n#7 0x560b54847c53 <unknown>\n#8 0x560b54818db3 <unknown>\n#9 0x560b5481977e <unknown>\n#10 0x560b54aa87cb <unknown>\n#11 0x560b54aac7e5 <unknown>\n#12 0x560b54a960e1 <unknown>\n#13 0x560b54aad372 <unknown>\n#14 0x560b54a7a1bf <unknown>\n#15 0x560b54ad1488 <unknown>\n#16 0x560b54ad1683 <unknown>\n#17 0x560b54ae2044 <unknown>\n#18 0x7f0418436134 <unknown>","time":{"start":1709428301548,"stop":1709428301948,"duration":400}},{"uid":"7c0efe95e11a5f61","reportUrl":"https://zaelcovsky.github.io/StroyremAutomation/249//#testresult/7c0efe95e11a5f61","status":"broken","statusDetails":"selenium.common.exceptions.NoSuchElementException: Message: no such element: Unable to locate element: {\"method\":\"xpath\",\"selector\":\"(//a[@class='add-to-cart yellow-btn'])[1]\"}\n  (Session info: chrome-headless-shell=122.0.6261.94); For documentation on this error, please visit: https://www.selenium.dev/documentation/webdriver/troubleshooting/errors#no-such-element-exception\nStacktrace:\n#0 0x55744c811e93 <unknown>\n#1 0x55744c509ce6 <unknown>\n#2 0x55744c554e48 <unknown>\n#3 0x55744c554f01 <unknown>\n#4 0x55744c5983f4 <unknown>\n#5 0x55744c576edd <unknown>\n#6 0x55744c595899 <unknown>\n#7 0x55744c576c53 <unknown>\n#8 0x55744c547db3 <unknown>\n#9 0x55744c54877e <unknown>\n#10 0x55744c7d77cb <unknown>\n#11 0x55744c7db7e5 <unknown>\n#12 0x55744c7c50e1 <unknown>\n#13 0x55744c7dc372 <unknown>\n#14 0x55744c7a91bf <unknown>\n#15 0x55744c800488 <unknown>\n#16 0x55744c800683 <unknown>\n#17 0x55744c811044 <unknown>\n#18 0x7fa4e3a1c134 <unknown>","time":{"start":1709341648308,"stop":1709341649228,"duration":920}},{"uid":"a7608f696a78f1a8","reportUrl":"https://zaelcovsky.github.io/StroyremAutomation/248//#testresult/a7608f696a78f1a8","status":"broken","statusDetails":"selenium.common.exceptions.NoSuchElementException: Message: no such element: Unable to locate element: {\"method\":\"xpath\",\"selector\":\"(//a[@class='add-to-cart yellow-btn'])[1]\"}\n  (Session info: chrome-headless-shell=122.0.6261.94); For documentation on this error, please visit: https://www.selenium.dev/documentation/webdriver/troubleshooting/errors#no-such-element-exception\nStacktrace:\n#0 0x561407d46e93 <unknown>\n#1 0x561407a3ece6 <unknown>\n#2 0x561407a89e48 <unknown>\n#3 0x561407a89f01 <unknown>\n#4 0x561407acd3f4 <unknown>\n#5 0x561407aabedd <unknown>\n#6 0x561407aca899 <unknown>\n#7 0x561407aabc53 <unknown>\n#8 0x561407a7cdb3 <unknown>\n#9 0x561407a7d77e <unknown>\n#10 0x561407d0c7cb <unknown>\n#11 0x561407d107e5 <unknown>\n#12 0x561407cfa0e1 <unknown>\n#13 0x561407d11372 <unknown>\n#14 0x561407cde1bf <unknown>\n#15 0x561407d35488 <unknown>\n#16 0x561407d35683 <unknown>\n#17 0x561407d46044 <unknown>\n#18 0x7fa241c15134 <unknown>","time":{"start":1709255575192,"stop":1709255575505,"duration":313}},{"uid":"97ac08354aef429d","reportUrl":"https://zaelcovsky.github.io/StroyremAutomation/247//#testresult/97ac08354aef429d","status":"broken","statusDetails":"selenium.common.exceptions.NoSuchElementException: Message: no such element: Unable to locate element: {\"method\":\"xpath\",\"selector\":\"(//a[@class='add-to-cart yellow-btn'])[1]\"}\n  (Session info: chrome-headless-shell=122.0.6261.94); For documentation on this error, please visit: https://www.selenium.dev/documentation/webdriver/troubleshooting/errors#no-such-element-exception\nStacktrace:\n#0 0x5622582b9e93 <unknown>\n#1 0x562257fb1ce6 <unknown>\n#2 0x562257ffce48 <unknown>\n#3 0x562257ffcf01 <unknown>\n#4 0x5622580403f4 <unknown>\n#5 0x56225801eedd <unknown>\n#6 0x56225803d899 <unknown>\n#7 0x56225801ec53 <unknown>\n#8 0x562257fefdb3 <unknown>\n#9 0x562257ff077e <unknown>\n#10 0x56225827f7cb <unknown>\n#11 0x5622582837e5 <unknown>\n#12 0x56225826d0e1 <unknown>\n#13 0x562258284372 <unknown>\n#14 0x5622582511bf <unknown>\n#15 0x5622582a8488 <unknown>\n#16 0x5622582a8683 <unknown>\n#17 0x5622582b9044 <unknown>\n#18 0x7fcd48ed1134 <unknown>","time":{"start":1709168839723,"stop":1709168840053,"duration":330}},{"uid":"7cdb365db530e8ee","reportUrl":"https://zaelcovsky.github.io/StroyremAutomation/246//#testresult/7cdb365db530e8ee","status":"broken","statusDetails":"selenium.common.exceptions.NoSuchElementException: Message: no such element: Unable to locate element: {\"method\":\"xpath\",\"selector\":\"(//a[@class='add-to-cart yellow-btn'])[1]\"}\n  (Session info: chrome-headless-shell=122.0.6261.94); For documentation on this error, please visit: https://www.selenium.dev/documentation/webdriver/troubleshooting/errors#no-such-element-exception\nStacktrace:\n#0 0x56553c2cce93 <unknown>\n#1 0x56553bfc4ce6 <unknown>\n#2 0x56553c00fe48 <unknown>\n#3 0x56553c00ff01 <unknown>\n#4 0x56553c0533f4 <unknown>\n#5 0x56553c031edd <unknown>\n#6 0x56553c050899 <unknown>\n#7 0x56553c031c53 <unknown>\n#8 0x56553c002db3 <unknown>\n#9 0x56553c00377e <unknown>\n#10 0x56553c2927cb <unknown>\n#11 0x56553c2967e5 <unknown>\n#12 0x56553c2800e1 <unknown>\n#13 0x56553c297372 <unknown>\n#14 0x56553c2641bf <unknown>\n#15 0x56553c2bb488 <unknown>\n#16 0x56553c2bb683 <unknown>\n#17 0x56553c2cc044 <unknown>\n#18 0x7fc1a1865134 <unknown>","time":{"start":1709082457470,"stop":1709082457804,"duration":334}},{"uid":"ad345c59f175860f","reportUrl":"https://zaelcovsky.github.io/StroyremAutomation/245//#testresult/ad345c59f175860f","status":"broken","statusDetails":"selenium.common.exceptions.NoSuchElementException: Message: no such element: Unable to locate element: {\"method\":\"xpath\",\"selector\":\"(//a[@class='add-to-cart yellow-btn'])[1]\"}\n  (Session info: chrome-headless-shell=122.0.6261.69); For documentation on this error, please visit: https://www.selenium.dev/documentation/webdriver/troubleshooting/errors#no-such-element-exception\nStacktrace:\n#0 0x559882445793 <unknown>\n#1 0x5598821391c6 <unknown>\n#2 0x559882184358 <unknown>\n#3 0x559882184411 <unknown>\n#4 0x5598821c7934 <unknown>\n#5 0x5598821a63fd <unknown>\n#6 0x5598821c4dd9 <unknown>\n#7 0x5598821a6173 <unknown>\n#8 0x5598821772d3 <unknown>\n#9 0x559882177c9e <unknown>\n#10 0x5598824098cb <unknown>\n#11 0x55988240d745 <unknown>\n#12 0x5598823f62e1 <unknown>\n#13 0x55988240e2d2 <unknown>\n#14 0x5598823da17f <unknown>\n#15 0x559882433dc8 <unknown>\n#16 0x559882433fc3 <unknown>\n#17 0x559882444944 <unknown>\n#18 0x7fce56b62134 <unknown>","time":{"start":1708996084850,"stop":1708996085264,"duration":414}}]},"tags":["smoke"]},"source":"726d336dfe96db1a.json","parameterValues":["3320","16","'TD 018'","2490","'products/shtukaturka-gipsovaya-aksolit-m50-30-kg-mashinnogo-naneseniya'","850","'https://sandboxtest.stroyrem-nn.ru/'","500"]}