{"uid":"fd90c46848292da6","name":"TD 015 Доставка товара весом до 30кг. в синей зоне","fullName":"tests.delivery.test_delivery_calculation.TestDeliveryPageCalculation#test_positive_delivery_blue_zone_smoke","historyId":"ae12a59ab9fb9a38e23182dccc7cf409","time":{"start":1699664923387,"stop":1699664927070,"duration":3683},"status":"broken","statusMessage":"selenium.common.exceptions.NoSuchElementException: Message: no such element: Unable to locate element: {\"method\":\"xpath\",\"selector\":\"//input[@class='amount']\"}\n  (Session info: headless chrome=119.0.6045.105); For documentation on this error, please visit: https://www.selenium.dev/documentation/webdriver/troubleshooting/errors#no-such-element-exception\nStacktrace:\n#0 0x55b8b66ee5e3 <unknown>\n#1 0x55b8b63b10b7 <unknown>\n#2 0x55b8b63fef53 <unknown>\n#3 0x55b8b63ff051 <unknown>\n#4 0x55b8b64449c4 <unknown>\n#5 0x55b8b6425f1d <unknown>\n#6 0x55b8b6441b3d <unknown>\n#7 0x55b8b6425cc3 <unknown>\n#8 0x55b8b63f10e4 <unknown>\n#9 0x55b8b63f20ae <unknown>\n#10 0x55b8b66b4ce1 <unknown>\n#11 0x55b8b66b8b7e <unknown>\n#12 0x55b8b66a24b5 <unknown>\n#13 0x55b8b66b97d6 <unknown>\n#14 0x55b8b6685dbf <unknown>\n#15 0x55b8b66dc748 <unknown>\n#16 0x55b8b66dc917 <unknown>\n#17 0x55b8b66ed773 <unknown>\n#18 0x7fca347d2044 <unknown>","statusTrace":"self = <tests.delivery.test_delivery_calculation.TestDeliveryPageCalculation object at 0x7f90a5848190>\ndriver = <selenium.webdriver.chrome.webdriver.WebDriver (session=\"177b740f655adc0b073c0adb6cba1e87\")>\nurl = 'https://sandboxtest.stroyrem-nn.ru/', case_id = 'TD 015'\nlink_item = 'products/shtukaturka-tsementnaya-bergauf-bau-putts-tsement-25kg-56sht'\namount = 1, weight = 30, standard = 650, in_time = 2390, all_time = 3320\n\n    @pytest.mark.parametrize('case_id, link_item, amount, weight, standard, in_time, all_time', [\n        (\"TD 015\", bundeks_25, 1, 30, 650, 2390, 3320),\n        pytest.param(\n            \"TD 016\", aksolit_30, 8, 300, 650, 2390, 3320,\n            marks=pytest.mark.xfail(reson=\"Цена доставки: - - -\")\n        ),\n        (\"TD 017\", aksolit_30, 13, 400, 650, 2390, 3320),\n        (\"TD 018\", aksolit_30, 16, 500, 850, 2490, 3320),\n        (\"TD 019\", aksolit_30, 25, 1700, 1150, 2490, 3320),\n        (\"TD 020\", aksolit_30, 66, 2000, 1500, 2990, 3650),\n        (\"TD 021\", aksolit_30, 149, 4500, 2600, 4380, 4890),\n        (\"TD 022\", aksolit_30, 166, 5000, 2800, 5490, 5980),\n        pytest.param(\n            \"TD 023\", aksolit_30, 206, 6200, 3300, 7500, 8000,\n            marks=pytest.mark.xfail(reson=\"Цена доставки: 4300 9900 11440\")\n        ),\n        (\"TD 024\", aksolit_30, 299, 9000, 4300, 9900, 11440),\n        (\"TD 025\", aksolit_30, 333, 10000, 7000, 13900, 15900),\n        pytest.param(\n            \"TD 026\", aksolit_30, 366, 11000, 8000, 14900, 19900,\n            marks=pytest.mark.xfail(reson=\"Цена доставки: 7000 13900 15900\")\n        ),\n        pytest.param(\n            \"TD 027\", aksolit_30, 666, 20000, 14000, 16900, 23900,\n            marks=pytest.mark.xfail(reson=\"Цена доставки: 7000 13900 15900\")\n        )\n    ])\n    @pytest.mark.smoke\n    def test_positive_delivery_blue_zone_smoke(\n            self, driver, url, case_id, link_item, amount, weight, standard, in_time, all_time\n    ):\n        allure.dynamic.title(f\"{case_id} Доставка товара весом до {weight}кг. в синей зоне\")\n    \n        driver.get(f'{url}{link_item}')\n        item_page = ItemPage(driver)\n>       item_page.add_item_to_cart(amount).click_on_cart()\n\ntests/delivery/test_delivery_calculation.py:130: \n_ _ _ _ _ _ _ _ _ _ _ _ _ _ _ _ _ _ _ _ _ _ _ _ _ _ _ _ _ _ _ _ _ _ _ _ _ _ _ _ \npages/item_page.py:41: in add_item_to_cart\n    amount_field = self.find_element(self._item_amount)\nbase/seleniumbase.py:17: in find_element\n    return self.driver.find_element(*locator)\n/usr/local/lib/python3.11/site-packages/selenium/webdriver/remote/webdriver.py:740: in find_element\n    return self.execute(Command.FIND_ELEMENT, {\"using\": by, \"value\": value})[\"value\"]\n/usr/local/lib/python3.11/site-packages/selenium/webdriver/remote/webdriver.py:346: in execute\n    self.error_handler.check_response(response)\n_ _ _ _ _ _ _ _ _ _ _ _ _ _ _ _ _ _ _ _ _ _ _ _ _ _ _ _ _ _ _ _ _ _ _ _ _ _ _ _ \n\nself = <selenium.webdriver.remote.errorhandler.ErrorHandler object at 0x7f90a5e34d10>\nresponse = {'status': 404, 'value': '{\"value\":{\"error\":\"no such element\",\"message\":\"no such element: Unable to locate element: {\\...\\\\n#16 0x55b8b66dc917 \\\\u003Cunknown>\\\\n#17 0x55b8b66ed773 \\\\u003Cunknown>\\\\n#18 0x7fca347d2044 \\\\u003Cunknown>\\\\n\"}}'}\n\n    def check_response(self, response: Dict[str, Any]) -> None:\n        \"\"\"Checks that a JSON response from the WebDriver does not have an\n        error.\n    \n        :Args:\n         - response - The JSON response from the WebDriver server as a dictionary\n           object.\n    \n        :Raises: If the response contains an error message.\n        \"\"\"\n        status = response.get(\"status\", None)\n        if not status or status == ErrorCode.SUCCESS:\n            return\n        value = None\n        message = response.get(\"message\", \"\")\n        screen: str = response.get(\"screen\", \"\")\n        stacktrace = None\n        if isinstance(status, int):\n            value_json = response.get(\"value\", None)\n            if value_json and isinstance(value_json, str):\n                import json\n    \n                try:\n                    value = json.loads(value_json)\n                    if len(value) == 1:\n                        value = value[\"value\"]\n                    status = value.get(\"error\", None)\n                    if not status:\n                        status = value.get(\"status\", ErrorCode.UNKNOWN_ERROR)\n                        message = value.get(\"value\") or value.get(\"message\")\n                        if not isinstance(message, str):\n                            value = message\n                            message = message.get(\"message\")\n                    else:\n                        message = value.get(\"message\", None)\n                except ValueError:\n                    pass\n    \n        exception_class: Type[WebDriverException]\n        if status in ErrorCode.NO_SUCH_ELEMENT:\n            exception_class = NoSuchElementException\n        elif status in ErrorCode.NO_SUCH_FRAME:\n            exception_class = NoSuchFrameException\n        elif status in ErrorCode.NO_SUCH_SHADOW_ROOT:\n            exception_class = NoSuchShadowRootException\n        elif status in ErrorCode.NO_SUCH_WINDOW:\n            exception_class = NoSuchWindowException\n        elif status in ErrorCode.STALE_ELEMENT_REFERENCE:\n            exception_class = StaleElementReferenceException\n        elif status in ErrorCode.ELEMENT_NOT_VISIBLE:\n            exception_class = ElementNotVisibleException\n        elif status in ErrorCode.INVALID_ELEMENT_STATE:\n            exception_class = InvalidElementStateException\n        elif (\n            status in ErrorCode.INVALID_SELECTOR\n            or status in ErrorCode.INVALID_XPATH_SELECTOR\n            or status in ErrorCode.INVALID_XPATH_SELECTOR_RETURN_TYPER\n        ):\n            exception_class = InvalidSelectorException\n        elif status in ErrorCode.ELEMENT_IS_NOT_SELECTABLE:\n            exception_class = ElementNotSelectableException\n        elif status in ErrorCode.ELEMENT_NOT_INTERACTABLE:\n            exception_class = ElementNotInteractableException\n        elif status in ErrorCode.INVALID_COOKIE_DOMAIN:\n            exception_class = InvalidCookieDomainException\n        elif status in ErrorCode.UNABLE_TO_SET_COOKIE:\n            exception_class = UnableToSetCookieException\n        elif status in ErrorCode.TIMEOUT:\n            exception_class = TimeoutException\n        elif status in ErrorCode.SCRIPT_TIMEOUT:\n            exception_class = TimeoutException\n        elif status in ErrorCode.UNKNOWN_ERROR:\n            exception_class = WebDriverException\n        elif status in ErrorCode.UNEXPECTED_ALERT_OPEN:\n            exception_class = UnexpectedAlertPresentException\n        elif status in ErrorCode.NO_ALERT_OPEN:\n            exception_class = NoAlertPresentException\n        elif status in ErrorCode.IME_NOT_AVAILABLE:\n            exception_class = ImeNotAvailableException\n        elif status in ErrorCode.IME_ENGINE_ACTIVATION_FAILED:\n            exception_class = ImeActivationFailedException\n        elif status in ErrorCode.MOVE_TARGET_OUT_OF_BOUNDS:\n            exception_class = MoveTargetOutOfBoundsException\n        elif status in ErrorCode.JAVASCRIPT_ERROR:\n            exception_class = JavascriptException\n        elif status in ErrorCode.SESSION_NOT_CREATED:\n            exception_class = SessionNotCreatedException\n        elif status in ErrorCode.INVALID_ARGUMENT:\n            exception_class = InvalidArgumentException\n        elif status in ErrorCode.NO_SUCH_COOKIE:\n            exception_class = NoSuchCookieException\n        elif status in ErrorCode.UNABLE_TO_CAPTURE_SCREEN:\n            exception_class = ScreenshotException\n        elif status in ErrorCode.ELEMENT_CLICK_INTERCEPTED:\n            exception_class = ElementClickInterceptedException\n        elif status in ErrorCode.INSECURE_CERTIFICATE:\n            exception_class = InsecureCertificateException\n        elif status in ErrorCode.INVALID_COORDINATES:\n            exception_class = InvalidCoordinatesException\n        elif status in ErrorCode.INVALID_SESSION_ID:\n            exception_class = InvalidSessionIdException\n        elif status in ErrorCode.UNKNOWN_METHOD:\n            exception_class = UnknownMethodException\n        else:\n            exception_class = WebDriverException\n        if not value:\n            value = response[\"value\"]\n        if isinstance(value, str):\n            raise exception_class(value)\n        if message == \"\" and \"message\" in value:\n            message = value[\"message\"]\n    \n        screen = None  # type: ignore[assignment]\n        if \"screen\" in value:\n            screen = value[\"screen\"]\n    \n        stacktrace = None\n        st_value = value.get(\"stackTrace\") or value.get(\"stacktrace\")\n        if st_value:\n            if isinstance(st_value, str):\n                stacktrace = st_value.split(\"\\n\")\n            else:\n                stacktrace = []\n                try:\n                    for frame in st_value:\n                        line = frame.get(\"lineNumber\", \"\")\n                        file = frame.get(\"fileName\", \"<anonymous>\")\n                        if line:\n                            file = f\"{file}:{line}\"\n                        meth = frame.get(\"methodName\", \"<anonymous>\")\n                        if \"className\" in frame:\n                            meth = f\"{frame['className']}.{meth}\"\n                        msg = \"    at %s (%s)\"\n                        msg = msg % (meth, file)\n                        stacktrace.append(msg)\n                except TypeError:\n                    pass\n        if exception_class == UnexpectedAlertPresentException:\n            alert_text = None\n            if \"data\" in value:\n                alert_text = value[\"data\"].get(\"text\")\n            elif \"alert\" in value:\n                alert_text = value[\"alert\"].get(\"text\")\n            raise exception_class(message, screen, stacktrace, alert_text)  # type: ignore[call-arg]  # mypy is not smart enough here\n>       raise exception_class(message, screen, stacktrace)\nE       selenium.common.exceptions.NoSuchElementException: Message: no such element: Unable to locate element: {\"method\":\"xpath\",\"selector\":\"//input[@class='amount']\"}\nE         (Session info: headless chrome=119.0.6045.105); For documentation on this error, please visit: https://www.selenium.dev/documentation/webdriver/troubleshooting/errors#no-such-element-exception\nE       Stacktrace:\nE       #0 0x55b8b66ee5e3 <unknown>\nE       #1 0x55b8b63b10b7 <unknown>\nE       #2 0x55b8b63fef53 <unknown>\nE       #3 0x55b8b63ff051 <unknown>\nE       #4 0x55b8b64449c4 <unknown>\nE       #5 0x55b8b6425f1d <unknown>\nE       #6 0x55b8b6441b3d <unknown>\nE       #7 0x55b8b6425cc3 <unknown>\nE       #8 0x55b8b63f10e4 <unknown>\nE       #9 0x55b8b63f20ae <unknown>\nE       #10 0x55b8b66b4ce1 <unknown>\nE       #11 0x55b8b66b8b7e <unknown>\nE       #12 0x55b8b66a24b5 <unknown>\nE       #13 0x55b8b66b97d6 <unknown>\nE       #14 0x55b8b6685dbf <unknown>\nE       #15 0x55b8b66dc748 <unknown>\nE       #16 0x55b8b66dc917 <unknown>\nE       #17 0x55b8b66ed773 <unknown>\nE       #18 0x7fca347d2044 <unknown>\n\n/usr/local/lib/python3.11/site-packages/selenium/webdriver/remote/errorhandler.py:245: NoSuchElementException","flaky":false,"newFailed":false,"newBroken":false,"newPassed":false,"retriesCount":0,"retriesStatusChange":false,"beforeStages":[{"name":"_session_faker","time":{"start":1699664459239,"stop":1699664459303,"duration":64},"status":"passed","steps":[],"attachments":[],"parameters":[],"shouldDisplayMessage":false,"stepsCount":0,"attachmentsCount":0,"hasContent":false},{"name":"clear_allure_results_folder","time":{"start":1699664459304,"stop":1699664459304,"duration":0},"status":"passed","steps":[],"attachments":[],"parameters":[],"shouldDisplayMessage":false,"stepsCount":0,"attachmentsCount":0,"hasContent":false},{"name":"driver","time":{"start":1699664922648,"stop":1699664923386,"duration":738},"status":"passed","steps":[],"attachments":[],"parameters":[],"shouldDisplayMessage":false,"stepsCount":0,"attachmentsCount":0,"hasContent":false},{"name":"setup","time":{"start":1699664923386,"stop":1699664923386,"duration":0},"status":"passed","steps":[],"attachments":[],"parameters":[],"shouldDisplayMessage":false,"stepsCount":0,"attachmentsCount":0,"hasContent":false}],"testStage":{"status":"broken","statusMessage":"selenium.common.exceptions.NoSuchElementException: Message: no such element: Unable to locate element: {\"method\":\"xpath\",\"selector\":\"//input[@class='amount']\"}\n  (Session info: headless chrome=119.0.6045.105); For documentation on this error, please visit: https://www.selenium.dev/documentation/webdriver/troubleshooting/errors#no-such-element-exception\nStacktrace:\n#0 0x55b8b66ee5e3 <unknown>\n#1 0x55b8b63b10b7 <unknown>\n#2 0x55b8b63fef53 <unknown>\n#3 0x55b8b63ff051 <unknown>\n#4 0x55b8b64449c4 <unknown>\n#5 0x55b8b6425f1d <unknown>\n#6 0x55b8b6441b3d <unknown>\n#7 0x55b8b6425cc3 <unknown>\n#8 0x55b8b63f10e4 <unknown>\n#9 0x55b8b63f20ae <unknown>\n#10 0x55b8b66b4ce1 <unknown>\n#11 0x55b8b66b8b7e <unknown>\n#12 0x55b8b66a24b5 <unknown>\n#13 0x55b8b66b97d6 <unknown>\n#14 0x55b8b6685dbf <unknown>\n#15 0x55b8b66dc748 <unknown>\n#16 0x55b8b66dc917 <unknown>\n#17 0x55b8b66ed773 <unknown>\n#18 0x7fca347d2044 <unknown>","statusTrace":"self = <tests.delivery.test_delivery_calculation.TestDeliveryPageCalculation object at 0x7f90a5848190>\ndriver = <selenium.webdriver.chrome.webdriver.WebDriver (session=\"177b740f655adc0b073c0adb6cba1e87\")>\nurl = 'https://sandboxtest.stroyrem-nn.ru/', case_id = 'TD 015'\nlink_item = 'products/shtukaturka-tsementnaya-bergauf-bau-putts-tsement-25kg-56sht'\namount = 1, weight = 30, standard = 650, in_time = 2390, all_time = 3320\n\n    @pytest.mark.parametrize('case_id, link_item, amount, weight, standard, in_time, all_time', [\n        (\"TD 015\", bundeks_25, 1, 30, 650, 2390, 3320),\n        pytest.param(\n            \"TD 016\", aksolit_30, 8, 300, 650, 2390, 3320,\n            marks=pytest.mark.xfail(reson=\"Цена доставки: - - -\")\n        ),\n        (\"TD 017\", aksolit_30, 13, 400, 650, 2390, 3320),\n        (\"TD 018\", aksolit_30, 16, 500, 850, 2490, 3320),\n        (\"TD 019\", aksolit_30, 25, 1700, 1150, 2490, 3320),\n        (\"TD 020\", aksolit_30, 66, 2000, 1500, 2990, 3650),\n        (\"TD 021\", aksolit_30, 149, 4500, 2600, 4380, 4890),\n        (\"TD 022\", aksolit_30, 166, 5000, 2800, 5490, 5980),\n        pytest.param(\n            \"TD 023\", aksolit_30, 206, 6200, 3300, 7500, 8000,\n            marks=pytest.mark.xfail(reson=\"Цена доставки: 4300 9900 11440\")\n        ),\n        (\"TD 024\", aksolit_30, 299, 9000, 4300, 9900, 11440),\n        (\"TD 025\", aksolit_30, 333, 10000, 7000, 13900, 15900),\n        pytest.param(\n            \"TD 026\", aksolit_30, 366, 11000, 8000, 14900, 19900,\n            marks=pytest.mark.xfail(reson=\"Цена доставки: 7000 13900 15900\")\n        ),\n        pytest.param(\n            \"TD 027\", aksolit_30, 666, 20000, 14000, 16900, 23900,\n            marks=pytest.mark.xfail(reson=\"Цена доставки: 7000 13900 15900\")\n        )\n    ])\n    @pytest.mark.smoke\n    def test_positive_delivery_blue_zone_smoke(\n            self, driver, url, case_id, link_item, amount, weight, standard, in_time, all_time\n    ):\n        allure.dynamic.title(f\"{case_id} Доставка товара весом до {weight}кг. в синей зоне\")\n    \n        driver.get(f'{url}{link_item}')\n        item_page = ItemPage(driver)\n>       item_page.add_item_to_cart(amount).click_on_cart()\n\ntests/delivery/test_delivery_calculation.py:130: \n_ _ _ _ _ _ _ _ _ _ _ _ _ _ _ _ _ _ _ _ _ _ _ _ _ _ _ _ _ _ _ _ _ _ _ _ _ _ _ _ \npages/item_page.py:41: in add_item_to_cart\n    amount_field = self.find_element(self._item_amount)\nbase/seleniumbase.py:17: in find_element\n    return self.driver.find_element(*locator)\n/usr/local/lib/python3.11/site-packages/selenium/webdriver/remote/webdriver.py:740: in find_element\n    return self.execute(Command.FIND_ELEMENT, {\"using\": by, \"value\": value})[\"value\"]\n/usr/local/lib/python3.11/site-packages/selenium/webdriver/remote/webdriver.py:346: in execute\n    self.error_handler.check_response(response)\n_ _ _ _ _ _ _ _ _ _ _ _ _ _ _ _ _ _ _ _ _ _ _ _ _ _ _ _ _ _ _ _ _ _ _ _ _ _ _ _ \n\nself = <selenium.webdriver.remote.errorhandler.ErrorHandler object at 0x7f90a5e34d10>\nresponse = {'status': 404, 'value': '{\"value\":{\"error\":\"no such element\",\"message\":\"no such element: Unable to locate element: {\\...\\\\n#16 0x55b8b66dc917 \\\\u003Cunknown>\\\\n#17 0x55b8b66ed773 \\\\u003Cunknown>\\\\n#18 0x7fca347d2044 \\\\u003Cunknown>\\\\n\"}}'}\n\n    def check_response(self, response: Dict[str, Any]) -> None:\n        \"\"\"Checks that a JSON response from the WebDriver does not have an\n        error.\n    \n        :Args:\n         - response - The JSON response from the WebDriver server as a dictionary\n           object.\n    \n        :Raises: If the response contains an error message.\n        \"\"\"\n        status = response.get(\"status\", None)\n        if not status or status == ErrorCode.SUCCESS:\n            return\n        value = None\n        message = response.get(\"message\", \"\")\n        screen: str = response.get(\"screen\", \"\")\n        stacktrace = None\n        if isinstance(status, int):\n            value_json = response.get(\"value\", None)\n            if value_json and isinstance(value_json, str):\n                import json\n    \n                try:\n                    value = json.loads(value_json)\n                    if len(value) == 1:\n                        value = value[\"value\"]\n                    status = value.get(\"error\", None)\n                    if not status:\n                        status = value.get(\"status\", ErrorCode.UNKNOWN_ERROR)\n                        message = value.get(\"value\") or value.get(\"message\")\n                        if not isinstance(message, str):\n                            value = message\n                            message = message.get(\"message\")\n                    else:\n                        message = value.get(\"message\", None)\n                except ValueError:\n                    pass\n    \n        exception_class: Type[WebDriverException]\n        if status in ErrorCode.NO_SUCH_ELEMENT:\n            exception_class = NoSuchElementException\n        elif status in ErrorCode.NO_SUCH_FRAME:\n            exception_class = NoSuchFrameException\n        elif status in ErrorCode.NO_SUCH_SHADOW_ROOT:\n            exception_class = NoSuchShadowRootException\n        elif status in ErrorCode.NO_SUCH_WINDOW:\n            exception_class = NoSuchWindowException\n        elif status in ErrorCode.STALE_ELEMENT_REFERENCE:\n            exception_class = StaleElementReferenceException\n        elif status in ErrorCode.ELEMENT_NOT_VISIBLE:\n            exception_class = ElementNotVisibleException\n        elif status in ErrorCode.INVALID_ELEMENT_STATE:\n            exception_class = InvalidElementStateException\n        elif (\n            status in ErrorCode.INVALID_SELECTOR\n            or status in ErrorCode.INVALID_XPATH_SELECTOR\n            or status in ErrorCode.INVALID_XPATH_SELECTOR_RETURN_TYPER\n        ):\n            exception_class = InvalidSelectorException\n        elif status in ErrorCode.ELEMENT_IS_NOT_SELECTABLE:\n            exception_class = ElementNotSelectableException\n        elif status in ErrorCode.ELEMENT_NOT_INTERACTABLE:\n            exception_class = ElementNotInteractableException\n        elif status in ErrorCode.INVALID_COOKIE_DOMAIN:\n            exception_class = InvalidCookieDomainException\n        elif status in ErrorCode.UNABLE_TO_SET_COOKIE:\n            exception_class = UnableToSetCookieException\n        elif status in ErrorCode.TIMEOUT:\n            exception_class = TimeoutException\n        elif status in ErrorCode.SCRIPT_TIMEOUT:\n            exception_class = TimeoutException\n        elif status in ErrorCode.UNKNOWN_ERROR:\n            exception_class = WebDriverException\n        elif status in ErrorCode.UNEXPECTED_ALERT_OPEN:\n            exception_class = UnexpectedAlertPresentException\n        elif status in ErrorCode.NO_ALERT_OPEN:\n            exception_class = NoAlertPresentException\n        elif status in ErrorCode.IME_NOT_AVAILABLE:\n            exception_class = ImeNotAvailableException\n        elif status in ErrorCode.IME_ENGINE_ACTIVATION_FAILED:\n            exception_class = ImeActivationFailedException\n        elif status in ErrorCode.MOVE_TARGET_OUT_OF_BOUNDS:\n            exception_class = MoveTargetOutOfBoundsException\n        elif status in ErrorCode.JAVASCRIPT_ERROR:\n            exception_class = JavascriptException\n        elif status in ErrorCode.SESSION_NOT_CREATED:\n            exception_class = SessionNotCreatedException\n        elif status in ErrorCode.INVALID_ARGUMENT:\n            exception_class = InvalidArgumentException\n        elif status in ErrorCode.NO_SUCH_COOKIE:\n            exception_class = NoSuchCookieException\n        elif status in ErrorCode.UNABLE_TO_CAPTURE_SCREEN:\n            exception_class = ScreenshotException\n        elif status in ErrorCode.ELEMENT_CLICK_INTERCEPTED:\n            exception_class = ElementClickInterceptedException\n        elif status in ErrorCode.INSECURE_CERTIFICATE:\n            exception_class = InsecureCertificateException\n        elif status in ErrorCode.INVALID_COORDINATES:\n            exception_class = InvalidCoordinatesException\n        elif status in ErrorCode.INVALID_SESSION_ID:\n            exception_class = InvalidSessionIdException\n        elif status in ErrorCode.UNKNOWN_METHOD:\n            exception_class = UnknownMethodException\n        else:\n            exception_class = WebDriverException\n        if not value:\n            value = response[\"value\"]\n        if isinstance(value, str):\n            raise exception_class(value)\n        if message == \"\" and \"message\" in value:\n            message = value[\"message\"]\n    \n        screen = None  # type: ignore[assignment]\n        if \"screen\" in value:\n            screen = value[\"screen\"]\n    \n        stacktrace = None\n        st_value = value.get(\"stackTrace\") or value.get(\"stacktrace\")\n        if st_value:\n            if isinstance(st_value, str):\n                stacktrace = st_value.split(\"\\n\")\n            else:\n                stacktrace = []\n                try:\n                    for frame in st_value:\n                        line = frame.get(\"lineNumber\", \"\")\n                        file = frame.get(\"fileName\", \"<anonymous>\")\n                        if line:\n                            file = f\"{file}:{line}\"\n                        meth = frame.get(\"methodName\", \"<anonymous>\")\n                        if \"className\" in frame:\n                            meth = f\"{frame['className']}.{meth}\"\n                        msg = \"    at %s (%s)\"\n                        msg = msg % (meth, file)\n                        stacktrace.append(msg)\n                except TypeError:\n                    pass\n        if exception_class == UnexpectedAlertPresentException:\n            alert_text = None\n            if \"data\" in value:\n                alert_text = value[\"data\"].get(\"text\")\n            elif \"alert\" in value:\n                alert_text = value[\"alert\"].get(\"text\")\n            raise exception_class(message, screen, stacktrace, alert_text)  # type: ignore[call-arg]  # mypy is not smart enough here\n>       raise exception_class(message, screen, stacktrace)\nE       selenium.common.exceptions.NoSuchElementException: Message: no such element: Unable to locate element: {\"method\":\"xpath\",\"selector\":\"//input[@class='amount']\"}\nE         (Session info: headless chrome=119.0.6045.105); For documentation on this error, please visit: https://www.selenium.dev/documentation/webdriver/troubleshooting/errors#no-such-element-exception\nE       Stacktrace:\nE       #0 0x55b8b66ee5e3 <unknown>\nE       #1 0x55b8b63b10b7 <unknown>\nE       #2 0x55b8b63fef53 <unknown>\nE       #3 0x55b8b63ff051 <unknown>\nE       #4 0x55b8b64449c4 <unknown>\nE       #5 0x55b8b6425f1d <unknown>\nE       #6 0x55b8b6441b3d <unknown>\nE       #7 0x55b8b6425cc3 <unknown>\nE       #8 0x55b8b63f10e4 <unknown>\nE       #9 0x55b8b63f20ae <unknown>\nE       #10 0x55b8b66b4ce1 <unknown>\nE       #11 0x55b8b66b8b7e <unknown>\nE       #12 0x55b8b66a24b5 <unknown>\nE       #13 0x55b8b66b97d6 <unknown>\nE       #14 0x55b8b6685dbf <unknown>\nE       #15 0x55b8b66dc748 <unknown>\nE       #16 0x55b8b66dc917 <unknown>\nE       #17 0x55b8b66ed773 <unknown>\nE       #18 0x7fca347d2044 <unknown>\n\n/usr/local/lib/python3.11/site-packages/selenium/webdriver/remote/errorhandler.py:245: NoSuchElementException","steps":[{"name":"Добавляем товар в корзину в количестве 1","time":{"start":1699664927015,"stop":1699664927070,"duration":55},"status":"broken","statusMessage":"selenium.common.exceptions.NoSuchElementException: Message: no such element: Unable to locate element: {\"method\":\"xpath\",\"selector\":\"//input[@class='amount']\"}\n  (Session info: headless chrome=119.0.6045.105); For documentation on this error, please visit: https://www.selenium.dev/documentation/webdriver/troubleshooting/errors#no-such-element-exception\nStacktrace:\n#0 0x55b8b66ee5e3 <unknown>\n#1 0x55b8b63b10b7 <unknown>\n#2 0x55b8b63fef53 <unknown>\n#3 0x55b8b63ff051 <unknown>\n#4 0x55b8b64449c4 <unknown>\n#5 0x55b8b6425f1d <unknown>\n#6 0x55b8b6441b3d <unknown>\n#7 0x55b8b6425cc3 <unknown>\n#8 0x55b8b63f10e4 <unknown>\n#9 0x55b8b63f20ae <unknown>\n#10 0x55b8b66b4ce1 <unknown>\n#11 0x55b8b66b8b7e <unknown>\n#12 0x55b8b66a24b5 <unknown>\n#13 0x55b8b66b97d6 <unknown>\n#14 0x55b8b6685dbf <unknown>\n#15 0x55b8b66dc748 <unknown>\n#16 0x55b8b66dc917 <unknown>\n#17 0x55b8b66ed773 <unknown>\n#18 0x7fca347d2044 <unknown>\n\n","statusTrace":"  File \"/usr/local/lib/python3.11/site-packages/allure_commons/_allure.py\", line 192, in impl\n    return func(*a, **kw)\n           ^^^^^^^^^^^^^^\n  File \"/app/pages/item_page.py\", line 41, in add_item_to_cart\n    amount_field = self.find_element(self._item_amount)\n                   ^^^^^^^^^^^^^^^^^^^^^^^^^^^^^^^^^^^^\n  File \"/app/base/seleniumbase.py\", line 17, in find_element\n    return self.driver.find_element(*locator)\n           ^^^^^^^^^^^^^^^^^^^^^^^^^^^^^^^^^^\n  File \"/usr/local/lib/python3.11/site-packages/selenium/webdriver/remote/webdriver.py\", line 740, in find_element\n    return self.execute(Command.FIND_ELEMENT, {\"using\": by, \"value\": value})[\"value\"]\n           ^^^^^^^^^^^^^^^^^^^^^^^^^^^^^^^^^^^^^^^^^^^^^^^^^^^^^^^^^^^^^^^^^\n  File \"/usr/local/lib/python3.11/site-packages/selenium/webdriver/remote/webdriver.py\", line 346, in execute\n    self.error_handler.check_response(response)\n  File \"/usr/local/lib/python3.11/site-packages/selenium/webdriver/remote/errorhandler.py\", line 245, in check_response\n    raise exception_class(message, screen, stacktrace)\n","steps":[],"attachments":[],"parameters":[{"name":"amount","value":"1"}],"shouldDisplayMessage":true,"stepsCount":0,"attachmentsCount":0,"hasContent":true}],"attachments":[{"uid":"581a66490e813faf","name":"Screenshot","source":"581a66490e813faf.png","type":"image/png","size":115178},{"uid":"353298f9d0784072","name":"HTML source","source":"353298f9d0784072.html","type":"text/html","size":303987}],"parameters":[],"shouldDisplayMessage":true,"stepsCount":1,"attachmentsCount":2,"hasContent":true},"afterStages":[{"name":"setup::0","time":{"start":1699664927218,"stop":1699664927218,"duration":0},"status":"passed","steps":[],"attachments":[],"parameters":[],"shouldDisplayMessage":false,"stepsCount":0,"attachmentsCount":0,"hasContent":false},{"name":"driver::0","time":{"start":1699664927218,"stop":1699664927279,"duration":61},"status":"passed","steps":[],"attachments":[],"parameters":[],"shouldDisplayMessage":false,"stepsCount":0,"attachmentsCount":0,"hasContent":false}],"labels":[{"name":"epic","value":"Delivery Page - calculation"},{"name":"tag","value":"smoke"},{"name":"parentSuite","value":"tests.delivery"},{"name":"suite","value":"test_delivery_calculation"},{"name":"subSuite","value":"TestDeliveryPageCalculation"},{"name":"host","value":"d233cdcd9ca3"},{"name":"thread","value":"1-MainThread"},{"name":"framework","value":"pytest"},{"name":"language","value":"cpython3"},{"name":"package","value":"tests.delivery.test_delivery_calculation"},{"name":"resultFormat","value":"allure2"}],"parameters":[{"name":"all_time","value":"3320"},{"name":"amount","value":"1"},{"name":"case_id","value":"'TD 015'"},{"name":"in_time","value":"2390"},{"name":"link_item","value":"'products/shtukaturka-tsementnaya-bergauf-bau-putts-tsement-25kg-56sht'"},{"name":"standard","value":"650"},{"name":"url","value":"'https://sandboxtest.stroyrem-nn.ru/'"},{"name":"weight","value":"30"}],"links":[],"hidden":false,"retry":false,"extra":{"severity":"normal","retries":[],"categories":[{"name":"Test defects","matchedStatuses":[],"flaky":false}],"history":{"statistic":{"failed":0,"broken":73,"skipped":0,"passed":0,"unknown":0,"total":73},"items":[{"uid":"726bf1c43a71458d","reportUrl":"https://zaelcovsky.github.io/StroyremAutomation/136//#testresult/726bf1c43a71458d","status":"broken","statusDetails":"selenium.common.exceptions.NoSuchElementException: Message: no such element: Unable to locate element: {\"method\":\"xpath\",\"selector\":\"//input[@class='amount']\"}\n  (Session info: headless chrome=119.0.6045.105); For documentation on this error, please visit: https://www.selenium.dev/documentation/webdriver/troubleshooting/errors#no-such-element-exception\nStacktrace:\n#0 0x5596a21515e3 <unknown>\n#1 0x5596a1e140b7 <unknown>\n#2 0x5596a1e61f53 <unknown>\n#3 0x5596a1e62051 <unknown>\n#4 0x5596a1ea79c4 <unknown>\n#5 0x5596a1e88f1d <unknown>\n#6 0x5596a1ea4b3d <unknown>\n#7 0x5596a1e88cc3 <unknown>\n#8 0x5596a1e540e4 <unknown>\n#9 0x5596a1e550ae <unknown>\n#10 0x5596a2117ce1 <unknown>\n#11 0x5596a211bb7e <unknown>\n#12 0x5596a21054b5 <unknown>\n#13 0x5596a211c7d6 <unknown>\n#14 0x5596a20e8dbf <unknown>\n#15 0x5596a213f748 <unknown>\n#16 0x5596a213f917 <unknown>\n#17 0x5596a2150773 <unknown>\n#18 0x7f1861b32044 <unknown>","time":{"start":1699578655237,"stop":1699578659642,"duration":4405}},{"uid":"772f333141627a9","reportUrl":"https://zaelcovsky.github.io/StroyremAutomation/135//#testresult/772f333141627a9","status":"broken","statusDetails":"selenium.common.exceptions.NoSuchElementException: Message: no such element: Unable to locate element: {\"method\":\"xpath\",\"selector\":\"//input[@class='amount']\"}\n  (Session info: headless chrome=119.0.6045.105); For documentation on this error, please visit: https://www.selenium.dev/documentation/webdriver/troubleshooting/errors#no-such-element-exception\nStacktrace:\n#0 0x55e0fd0a95e3 <unknown>\n#1 0x55e0fcd6c0b7 <unknown>\n#2 0x55e0fcdb9f53 <unknown>\n#3 0x55e0fcdba051 <unknown>\n#4 0x55e0fcdff9c4 <unknown>\n#5 0x55e0fcde0f1d <unknown>\n#6 0x55e0fcdfcb3d <unknown>\n#7 0x55e0fcde0cc3 <unknown>\n#8 0x55e0fcdac0e4 <unknown>\n#9 0x55e0fcdad0ae <unknown>\n#10 0x55e0fd06fce1 <unknown>\n#11 0x55e0fd073b7e <unknown>\n#12 0x55e0fd05d4b5 <unknown>\n#13 0x55e0fd0747d6 <unknown>\n#14 0x55e0fd040dbf <unknown>\n#15 0x55e0fd097748 <unknown>\n#16 0x55e0fd097917 <unknown>\n#17 0x55e0fd0a8773 <unknown>\n#18 0x7f88ec228044 <unknown>","time":{"start":1699492253161,"stop":1699492256654,"duration":3493}},{"uid":"450a0d6fa496e146","reportUrl":"https://zaelcovsky.github.io/StroyremAutomation/134//#testresult/450a0d6fa496e146","status":"broken","statusDetails":"selenium.common.exceptions.NoSuchElementException: Message: no such element: Unable to locate element: {\"method\":\"xpath\",\"selector\":\"//input[@class='amount']\"}\n  (Session info: headless chrome=119.0.6045.105); For documentation on this error, please visit: https://www.selenium.dev/documentation/webdriver/troubleshooting/errors#no-such-element-exception\nStacktrace:\n#0 0x55a8c14665e3 <unknown>\n#1 0x55a8c11290b7 <unknown>\n#2 0x55a8c1176f53 <unknown>\n#3 0x55a8c1177051 <unknown>\n#4 0x55a8c11bc9c4 <unknown>\n#5 0x55a8c119df1d <unknown>\n#6 0x55a8c11b9b3d <unknown>\n#7 0x55a8c119dcc3 <unknown>\n#8 0x55a8c11690e4 <unknown>\n#9 0x55a8c116a0ae <unknown>\n#10 0x55a8c142cce1 <unknown>\n#11 0x55a8c1430b7e <unknown>\n#12 0x55a8c141a4b5 <unknown>\n#13 0x55a8c14317d6 <unknown>\n#14 0x55a8c13fddbf <unknown>\n#15 0x55a8c1454748 <unknown>\n#16 0x55a8c1454917 <unknown>\n#17 0x55a8c1465773 <unknown>\n#18 0x7f7ea0ccc044 <unknown>","time":{"start":1699405783689,"stop":1699405787306,"duration":3617}},{"uid":"9878e1b0d31a5c11","reportUrl":"https://zaelcovsky.github.io/StroyremAutomation/133//#testresult/9878e1b0d31a5c11","status":"broken","statusDetails":"selenium.common.exceptions.NoSuchElementException: Message: no such element: Unable to locate element: {\"method\":\"xpath\",\"selector\":\"//input[@class='amount']\"}\n  (Session info: headless chrome=119.0.6045.105); For documentation on this error, please visit: https://www.selenium.dev/documentation/webdriver/troubleshooting/errors#no-such-element-exception\nStacktrace:\n#0 0x55e0144585e3 <unknown>\n#1 0x55e01411b0b7 <unknown>\n#2 0x55e014168f53 <unknown>\n#3 0x55e014169051 <unknown>\n#4 0x55e0141ae9c4 <unknown>\n#5 0x55e01418ff1d <unknown>\n#6 0x55e0141abb3d <unknown>\n#7 0x55e01418fcc3 <unknown>\n#8 0x55e01415b0e4 <unknown>\n#9 0x55e01415c0ae <unknown>\n#10 0x55e01441ece1 <unknown>\n#11 0x55e014422b7e <unknown>\n#12 0x55e01440c4b5 <unknown>\n#13 0x55e0144237d6 <unknown>\n#14 0x55e0143efdbf <unknown>\n#15 0x55e014446748 <unknown>\n#16 0x55e014446917 <unknown>\n#17 0x55e014457773 <unknown>\n#18 0x7f1110799044 <unknown>","time":{"start":1699319488287,"stop":1699319492363,"duration":4076}},{"uid":"35a742fb9c077e68","reportUrl":"https://zaelcovsky.github.io/StroyremAutomation/132//#testresult/35a742fb9c077e68","status":"broken","statusDetails":"selenium.common.exceptions.NoSuchElementException: Message: no such element: Unable to locate element: {\"method\":\"xpath\",\"selector\":\"//input[@class='amount']\"}\n  (Session info: headless chrome=119.0.6045.105); For documentation on this error, please visit: https://www.selenium.dev/documentation/webdriver/troubleshooting/errors#no-such-element-exception\nStacktrace:\n#0 0x5566798ff5e3 <unknown>\n#1 0x5566795c20b7 <unknown>\n#2 0x55667960ff53 <unknown>\n#3 0x556679610051 <unknown>\n#4 0x5566796559c4 <unknown>\n#5 0x556679636f1d <unknown>\n#6 0x556679652b3d <unknown>\n#7 0x556679636cc3 <unknown>\n#8 0x5566796020e4 <unknown>\n#9 0x5566796030ae <unknown>\n#10 0x5566798c5ce1 <unknown>\n#11 0x5566798c9b7e <unknown>\n#12 0x5566798b34b5 <unknown>\n#13 0x5566798ca7d6 <unknown>\n#14 0x556679896dbf <unknown>\n#15 0x5566798ed748 <unknown>\n#16 0x5566798ed917 <unknown>\n#17 0x5566798fe773 <unknown>\n#18 0x7f14b7b07044 <unknown>","time":{"start":1699233134927,"stop":1699233138796,"duration":3869}},{"uid":"2e49db12cc3d90f3","reportUrl":"https://zaelcovsky.github.io/StroyremAutomation/131//#testresult/2e49db12cc3d90f3","status":"broken","statusDetails":"selenium.common.exceptions.NoSuchElementException: Message: no such element: Unable to locate element: {\"method\":\"xpath\",\"selector\":\"//input[@class='amount']\"}\n  (Session info: headless chrome=119.0.6045.105); For documentation on this error, please visit: https://www.selenium.dev/documentation/webdriver/troubleshooting/errors#no-such-element-exception\nStacktrace:\n#0 0x55e8d9ee95e3 <unknown>\n#1 0x55e8d9bac0b7 <unknown>\n#2 0x55e8d9bf9f53 <unknown>\n#3 0x55e8d9bfa051 <unknown>\n#4 0x55e8d9c3f9c4 <unknown>\n#5 0x55e8d9c20f1d <unknown>\n#6 0x55e8d9c3cb3d <unknown>\n#7 0x55e8d9c20cc3 <unknown>\n#8 0x55e8d9bec0e4 <unknown>\n#9 0x55e8d9bed0ae <unknown>\n#10 0x55e8d9eafce1 <unknown>\n#11 0x55e8d9eb3b7e <unknown>\n#12 0x55e8d9e9d4b5 <unknown>\n#13 0x55e8d9eb47d6 <unknown>\n#14 0x55e8d9e80dbf <unknown>\n#15 0x55e8d9ed7748 <unknown>\n#16 0x55e8d9ed7917 <unknown>\n#17 0x55e8d9ee8773 <unknown>\n#18 0x7fd2b5aa1044 <unknown>","time":{"start":1699146893012,"stop":1699146898292,"duration":5280}},{"uid":"1918a78c876e1408","reportUrl":"https://zaelcovsky.github.io/StroyremAutomation/130//#testresult/1918a78c876e1408","status":"broken","statusDetails":"selenium.common.exceptions.NoSuchElementException: Message: no such element: Unable to locate element: {\"method\":\"xpath\",\"selector\":\"//input[@class='amount']\"}\n  (Session info: headless chrome=119.0.6045.105); For documentation on this error, please visit: https://www.selenium.dev/documentation/webdriver/troubleshooting/errors#no-such-element-exception\nStacktrace:\n#0 0x557b9099c5e3 <unknown>\n#1 0x557b9065f0b7 <unknown>\n#2 0x557b906acf53 <unknown>\n#3 0x557b906ad051 <unknown>\n#4 0x557b906f29c4 <unknown>\n#5 0x557b906d3f1d <unknown>\n#6 0x557b906efb3d <unknown>\n#7 0x557b906d3cc3 <unknown>\n#8 0x557b9069f0e4 <unknown>\n#9 0x557b906a00ae <unknown>\n#10 0x557b90962ce1 <unknown>\n#11 0x557b90966b7e <unknown>\n#12 0x557b909504b5 <unknown>\n#13 0x557b909677d6 <unknown>\n#14 0x557b90933dbf <unknown>\n#15 0x557b9098a748 <unknown>\n#16 0x557b9098a917 <unknown>\n#17 0x557b9099b773 <unknown>\n#18 0x7f15fba5a044 <unknown>","time":{"start":1699060185723,"stop":1699060190590,"duration":4867}},{"uid":"142803cb66f74416","reportUrl":"https://zaelcovsky.github.io/StroyremAutomation/129//#testresult/142803cb66f74416","status":"broken","statusDetails":"selenium.common.exceptions.NoSuchElementException: Message: no such element: Unable to locate element: {\"method\":\"xpath\",\"selector\":\"//input[@class='amount']\"}\n  (Session info: headless chrome=119.0.6045.105); For documentation on this error, please visit: https://www.selenium.dev/documentation/webdriver/troubleshooting/errors#no-such-element-exception\nStacktrace:\n#0 0x563ca34905e3 <unknown>\n#1 0x563ca31530b7 <unknown>\n#2 0x563ca31a0f53 <unknown>\n#3 0x563ca31a1051 <unknown>\n#4 0x563ca31e69c4 <unknown>\n#5 0x563ca31c7f1d <unknown>\n#6 0x563ca31e3b3d <unknown>\n#7 0x563ca31c7cc3 <unknown>\n#8 0x563ca31930e4 <unknown>\n#9 0x563ca31940ae <unknown>\n#10 0x563ca3456ce1 <unknown>\n#11 0x563ca345ab7e <unknown>\n#12 0x563ca34444b5 <unknown>\n#13 0x563ca345b7d6 <unknown>\n#14 0x563ca3427dbf <unknown>\n#15 0x563ca347e748 <unknown>\n#16 0x563ca347e917 <unknown>\n#17 0x563ca348f773 <unknown>\n#18 0x7f71d550b044 <unknown>","time":{"start":1698973773514,"stop":1698973778354,"duration":4840}},{"uid":"671fe5b9cd446805","reportUrl":"https://zaelcovsky.github.io/StroyremAutomation/128//#testresult/671fe5b9cd446805","status":"broken","statusDetails":"selenium.common.exceptions.NoSuchElementException: Message: no such element: Unable to locate element: {\"method\":\"xpath\",\"selector\":\"//input[@class='amount']\"}\n  (Session info: headless chrome=119.0.6045.105); For documentation on this error, please visit: https://www.selenium.dev/documentation/webdriver/troubleshooting/errors#no-such-element-exception\nStacktrace:\n#0 0x55c33c0295e3 <unknown>\n#1 0x55c33bcec0b7 <unknown>\n#2 0x55c33bd39f53 <unknown>\n#3 0x55c33bd3a051 <unknown>\n#4 0x55c33bd7f9c4 <unknown>\n#5 0x55c33bd60f1d <unknown>\n#6 0x55c33bd7cb3d <unknown>\n#7 0x55c33bd60cc3 <unknown>\n#8 0x55c33bd2c0e4 <unknown>\n#9 0x55c33bd2d0ae <unknown>\n#10 0x55c33bfefce1 <unknown>\n#11 0x55c33bff3b7e <unknown>\n#12 0x55c33bfdd4b5 <unknown>\n#13 0x55c33bff47d6 <unknown>\n#14 0x55c33bfc0dbf <unknown>\n#15 0x55c33c017748 <unknown>\n#16 0x55c33c017917 <unknown>\n#17 0x55c33c028773 <unknown>\n#18 0x7fad03e51044 <unknown>","time":{"start":1698887355090,"stop":1698887359772,"duration":4682}},{"uid":"e835eb6ca6130602","reportUrl":"https://zaelcovsky.github.io/StroyremAutomation/127//#testresult/e835eb6ca6130602","status":"broken","statusDetails":"selenium.common.exceptions.NoSuchElementException: Message: no such element: Unable to locate element: {\"method\":\"xpath\",\"selector\":\"//input[@class='amount']\"}\n  (Session info: headless chrome=119.0.6045.105); For documentation on this error, please visit: https://www.selenium.dev/documentation/webdriver/troubleshooting/errors#no-such-element-exception\nStacktrace:\n#0 0x55727f4195e3 <unknown>\n#1 0x55727f0dc0b7 <unknown>\n#2 0x55727f129f53 <unknown>\n#3 0x55727f12a051 <unknown>\n#4 0x55727f16f9c4 <unknown>\n#5 0x55727f150f1d <unknown>\n#6 0x55727f16cb3d <unknown>\n#7 0x55727f150cc3 <unknown>\n#8 0x55727f11c0e4 <unknown>\n#9 0x55727f11d0ae <unknown>\n#10 0x55727f3dfce1 <unknown>\n#11 0x55727f3e3b7e <unknown>\n#12 0x55727f3cd4b5 <unknown>\n#13 0x55727f3e47d6 <unknown>\n#14 0x55727f3b0dbf <unknown>\n#15 0x55727f407748 <unknown>\n#16 0x55727f407917 <unknown>\n#17 0x55727f418773 <unknown>\n#18 0x7f9f155a8044 <unknown>","time":{"start":1698801247338,"stop":1698801252785,"duration":5447}},{"uid":"fb803843c24b1f11","reportUrl":"https://zaelcovsky.github.io/StroyremAutomation/126//#testresult/fb803843c24b1f11","status":"broken","statusDetails":"selenium.common.exceptions.NoSuchElementException: Message: no such element: Unable to locate element: {\"method\":\"xpath\",\"selector\":\"//input[@class='amount']\"}\n  (Session info: headless chrome=118.0.5993.70); For documentation on this error, please visit: https://www.selenium.dev/documentation/webdriver/troubleshooting/errors#no-such-element-exception\nStacktrace:\n#0 0x55f85af0efb3 <unknown>\n#1 0x55f85abe24a7 <unknown>\n#2 0x55f85ac29dd6 <unknown>\n#3 0x55f85ac29ec1 <unknown>\n#4 0x55f85ac67354 <unknown>\n#5 0x55f85ac4b96d <unknown>\n#6 0x55f85ac64c02 <unknown>\n#7 0x55f85ac4b713 <unknown>\n#8 0x55f85ac1e18b <unknown>\n#9 0x55f85ac1ef7e <unknown>\n#10 0x55f85aed48d8 <unknown>\n#11 0x55f85aed8800 <unknown>\n#12 0x55f85aee2cfc <unknown>\n#13 0x55f85aed9418 <unknown>\n#14 0x55f85aea642f <unknown>\n#15 0x55f85aefd4e8 <unknown>\n#16 0x55f85aefd6b4 <unknown>\n#17 0x55f85af0e143 <unknown>\n#18 0x7f5841caa044 <unknown>","time":{"start":1698714581492,"stop":1698714585217,"duration":3725}},{"uid":"60e5a12cd4e7fb96","reportUrl":"https://zaelcovsky.github.io/StroyremAutomation/125//#testresult/60e5a12cd4e7fb96","status":"broken","statusDetails":"selenium.common.exceptions.NoSuchElementException: Message: no such element: Unable to locate element: {\"method\":\"xpath\",\"selector\":\"//input[@class='amount']\"}\n  (Session info: headless chrome=118.0.5993.70); For documentation on this error, please visit: https://www.selenium.dev/documentation/webdriver/troubleshooting/errors#no-such-element-exception\nStacktrace:\n#0 0x55b83c496fb3 <unknown>\n#1 0x55b83c16a4a7 <unknown>\n#2 0x55b83c1b1dd6 <unknown>\n#3 0x55b83c1b1ec1 <unknown>\n#4 0x55b83c1ef354 <unknown>\n#5 0x55b83c1d396d <unknown>\n#6 0x55b83c1ecc02 <unknown>\n#7 0x55b83c1d3713 <unknown>\n#8 0x55b83c1a618b <unknown>\n#9 0x55b83c1a6f7e <unknown>\n#10 0x55b83c45c8d8 <unknown>\n#11 0x55b83c460800 <unknown>\n#12 0x55b83c46acfc <unknown>\n#13 0x55b83c461418 <unknown>\n#14 0x55b83c42e42f <unknown>\n#15 0x55b83c4854e8 <unknown>\n#16 0x55b83c4856b4 <unknown>\n#17 0x55b83c496143 <unknown>\n#18 0x7f0b20c9a044 <unknown>","time":{"start":1698628157218,"stop":1698628161621,"duration":4403}},{"uid":"efda84437a207988","reportUrl":"https://zaelcovsky.github.io/StroyremAutomation/124//#testresult/efda84437a207988","status":"broken","statusDetails":"selenium.common.exceptions.NoSuchElementException: Message: no such element: Unable to locate element: {\"method\":\"xpath\",\"selector\":\"//input[@class='amount']\"}\n  (Session info: headless chrome=118.0.5993.70); For documentation on this error, please visit: https://www.selenium.dev/documentation/webdriver/troubleshooting/errors#no-such-element-exception\nStacktrace:\n#0 0x55af73d63fb3 <unknown>\n#1 0x55af73a374a7 <unknown>\n#2 0x55af73a7edd6 <unknown>\n#3 0x55af73a7eec1 <unknown>\n#4 0x55af73abc354 <unknown>\n#5 0x55af73aa096d <unknown>\n#6 0x55af73ab9c02 <unknown>\n#7 0x55af73aa0713 <unknown>\n#8 0x55af73a7318b <unknown>\n#9 0x55af73a73f7e <unknown>\n#10 0x55af73d298d8 <unknown>\n#11 0x55af73d2d800 <unknown>\n#12 0x55af73d37cfc <unknown>\n#13 0x55af73d2e418 <unknown>\n#14 0x55af73cfb42f <unknown>\n#15 0x55af73d524e8 <unknown>\n#16 0x55af73d526b4 <unknown>\n#17 0x55af73d63143 <unknown>\n#18 0x7fccd005f044 <unknown>","time":{"start":1698541939564,"stop":1698541943466,"duration":3902}},{"uid":"3ac36ffa1632fc57","reportUrl":"https://zaelcovsky.github.io/StroyremAutomation/123//#testresult/3ac36ffa1632fc57","status":"broken","statusDetails":"selenium.common.exceptions.NoSuchElementException: Message: no such element: Unable to locate element: {\"method\":\"xpath\",\"selector\":\"//input[@class='amount']\"}\n  (Session info: headless chrome=118.0.5993.70); For documentation on this error, please visit: https://www.selenium.dev/documentation/webdriver/troubleshooting/errors#no-such-element-exception\nStacktrace:\n#0 0x558e0d8fffb3 <unknown>\n#1 0x558e0d5d34a7 <unknown>\n#2 0x558e0d61add6 <unknown>\n#3 0x558e0d61aec1 <unknown>\n#4 0x558e0d658354 <unknown>\n#5 0x558e0d63c96d <unknown>\n#6 0x558e0d655c02 <unknown>\n#7 0x558e0d63c713 <unknown>\n#8 0x558e0d60f18b <unknown>\n#9 0x558e0d60ff7e <unknown>\n#10 0x558e0d8c58d8 <unknown>\n#11 0x558e0d8c9800 <unknown>\n#12 0x558e0d8d3cfc <unknown>\n#13 0x558e0d8ca418 <unknown>\n#14 0x558e0d89742f <unknown>\n#15 0x558e0d8ee4e8 <unknown>\n#16 0x558e0d8ee6b4 <unknown>\n#17 0x558e0d8ff143 <unknown>\n#18 0x7fa829e0b044 <unknown>","time":{"start":1698455258081,"stop":1698455263209,"duration":5128}},{"uid":"fb9d62227c87f32e","reportUrl":"https://zaelcovsky.github.io/StroyremAutomation/122//#testresult/fb9d62227c87f32e","status":"broken","statusDetails":"selenium.common.exceptions.NoSuchElementException: Message: no such element: Unable to locate element: {\"method\":\"xpath\",\"selector\":\"//input[@class='amount']\"}\n  (Session info: headless chrome=118.0.5993.70); For documentation on this error, please visit: https://www.selenium.dev/documentation/webdriver/troubleshooting/errors#no-such-element-exception\nStacktrace:\n#0 0x55b90d940fb3 <unknown>\n#1 0x55b90d6144a7 <unknown>\n#2 0x55b90d65bdd6 <unknown>\n#3 0x55b90d65bec1 <unknown>\n#4 0x55b90d699354 <unknown>\n#5 0x55b90d67d96d <unknown>\n#6 0x55b90d696c02 <unknown>\n#7 0x55b90d67d713 <unknown>\n#8 0x55b90d65018b <unknown>\n#9 0x55b90d650f7e <unknown>\n#10 0x55b90d9068d8 <unknown>\n#11 0x55b90d90a800 <unknown>\n#12 0x55b90d914cfc <unknown>\n#13 0x55b90d90b418 <unknown>\n#14 0x55b90d8d842f <unknown>\n#15 0x55b90d92f4e8 <unknown>\n#16 0x55b90d92f6b4 <unknown>\n#17 0x55b90d940143 <unknown>\n#18 0x7fad1e318044 <unknown>","time":{"start":1698368891081,"stop":1698368895502,"duration":4421}},{"uid":"36e84c6f9b3a0832","reportUrl":"https://zaelcovsky.github.io/StroyremAutomation/121//#testresult/36e84c6f9b3a0832","status":"broken","statusDetails":"selenium.common.exceptions.NoSuchElementException: Message: no such element: Unable to locate element: {\"method\":\"xpath\",\"selector\":\"//input[@class='amount']\"}\n  (Session info: headless chrome=118.0.5993.70); For documentation on this error, please visit: https://www.selenium.dev/documentation/webdriver/troubleshooting/errors#no-such-element-exception\nStacktrace:\n#0 0x559d3ef73fb3 <unknown>\n#1 0x559d3ec474a7 <unknown>\n#2 0x559d3ec8edd6 <unknown>\n#3 0x559d3ec8eec1 <unknown>\n#4 0x559d3eccc354 <unknown>\n#5 0x559d3ecb096d <unknown>\n#6 0x559d3ecc9c02 <unknown>\n#7 0x559d3ecb0713 <unknown>\n#8 0x559d3ec8318b <unknown>\n#9 0x559d3ec83f7e <unknown>\n#10 0x559d3ef398d8 <unknown>\n#11 0x559d3ef3d800 <unknown>\n#12 0x559d3ef47cfc <unknown>\n#13 0x559d3ef3e418 <unknown>\n#14 0x559d3ef0b42f <unknown>\n#15 0x559d3ef624e8 <unknown>\n#16 0x559d3ef626b4 <unknown>\n#17 0x559d3ef73143 <unknown>\n#18 0x7f7df61ff044 <unknown>","time":{"start":1698282499642,"stop":1698282503592,"duration":3950}},{"uid":"56f66680a1c172f4","reportUrl":"https://zaelcovsky.github.io/StroyremAutomation/120//#testresult/56f66680a1c172f4","status":"broken","statusDetails":"selenium.common.exceptions.NoSuchElementException: Message: no such element: Unable to locate element: {\"method\":\"xpath\",\"selector\":\"//input[@class='amount']\"}\n  (Session info: headless chrome=118.0.5993.70); For documentation on this error, please visit: https://www.selenium.dev/documentation/webdriver/troubleshooting/errors#no-such-element-exception\nStacktrace:\n#0 0x55cc1f0e4fb3 <unknown>\n#1 0x55cc1edb84a7 <unknown>\n#2 0x55cc1edffdd6 <unknown>\n#3 0x55cc1edffec1 <unknown>\n#4 0x55cc1ee3d354 <unknown>\n#5 0x55cc1ee2196d <unknown>\n#6 0x55cc1ee3ac02 <unknown>\n#7 0x55cc1ee21713 <unknown>\n#8 0x55cc1edf418b <unknown>\n#9 0x55cc1edf4f7e <unknown>\n#10 0x55cc1f0aa8d8 <unknown>\n#11 0x55cc1f0ae800 <unknown>\n#12 0x55cc1f0b8cfc <unknown>\n#13 0x55cc1f0af418 <unknown>\n#14 0x55cc1f07c42f <unknown>\n#15 0x55cc1f0d34e8 <unknown>\n#16 0x55cc1f0d36b4 <unknown>\n#17 0x55cc1f0e4143 <unknown>\n#18 0x7f08429f4044 <unknown>","time":{"start":1698196126117,"stop":1698196130257,"duration":4140}},{"uid":"6c505f9978dfbec7","reportUrl":"https://zaelcovsky.github.io/StroyremAutomation/119//#testresult/6c505f9978dfbec7","status":"broken","statusDetails":"selenium.common.exceptions.NoSuchElementException: Message: no such element: Unable to locate element: {\"method\":\"xpath\",\"selector\":\"//input[@class='amount']\"}\n  (Session info: headless chrome=118.0.5993.70); For documentation on this error, please visit: https://www.selenium.dev/documentation/webdriver/troubleshooting/errors#no-such-element-exception\nStacktrace:\n#0 0x55b10b8c3fb3 <unknown>\n#1 0x55b10b5974a7 <unknown>\n#2 0x55b10b5dedd6 <unknown>\n#3 0x55b10b5deec1 <unknown>\n#4 0x55b10b61c354 <unknown>\n#5 0x55b10b60096d <unknown>\n#6 0x55b10b619c02 <unknown>\n#7 0x55b10b600713 <unknown>\n#8 0x55b10b5d318b <unknown>\n#9 0x55b10b5d3f7e <unknown>\n#10 0x55b10b8898d8 <unknown>\n#11 0x55b10b88d800 <unknown>\n#12 0x55b10b897cfc <unknown>\n#13 0x55b10b88e418 <unknown>\n#14 0x55b10b85b42f <unknown>\n#15 0x55b10b8b24e8 <unknown>\n#16 0x55b10b8b26b4 <unknown>\n#17 0x55b10b8c3143 <unknown>\n#18 0x7fb144779044 <unknown>","time":{"start":1698109795680,"stop":1698109801064,"duration":5384}},{"uid":"f7824d03b0c06940","reportUrl":"https://zaelcovsky.github.io/StroyremAutomation/118//#testresult/f7824d03b0c06940","status":"broken","statusDetails":"selenium.common.exceptions.NoSuchElementException: Message: no such element: Unable to locate element: {\"method\":\"xpath\",\"selector\":\"//input[@class='amount']\"}\n  (Session info: headless chrome=118.0.5993.70); For documentation on this error, please visit: https://www.selenium.dev/documentation/webdriver/troubleshooting/errors#no-such-element-exception\nStacktrace:\n#0 0x55dde7fbffb3 <unknown>\n#1 0x55dde7c934a7 <unknown>\n#2 0x55dde7cdadd6 <unknown>\n#3 0x55dde7cdaec1 <unknown>\n#4 0x55dde7d18354 <unknown>\n#5 0x55dde7cfc96d <unknown>\n#6 0x55dde7d15c02 <unknown>\n#7 0x55dde7cfc713 <unknown>\n#8 0x55dde7ccf18b <unknown>\n#9 0x55dde7ccff7e <unknown>\n#10 0x55dde7f858d8 <unknown>\n#11 0x55dde7f89800 <unknown>\n#12 0x55dde7f93cfc <unknown>\n#13 0x55dde7f8a418 <unknown>\n#14 0x55dde7f5742f <unknown>\n#15 0x55dde7fae4e8 <unknown>\n#16 0x55dde7fae6b4 <unknown>\n#17 0x55dde7fbf143 <unknown>\n#18 0x7fe7cf674044 <unknown>","time":{"start":1698023373753,"stop":1698023378555,"duration":4802}},{"uid":"9f6d99c34aa8e40b","reportUrl":"https://zaelcovsky.github.io/StroyremAutomation/117//#testresult/9f6d99c34aa8e40b","status":"broken","statusDetails":"selenium.common.exceptions.NoSuchElementException: Message: no such element: Unable to locate element: {\"method\":\"xpath\",\"selector\":\"//input[@class='amount']\"}\n  (Session info: headless chrome=118.0.5993.70); For documentation on this error, please visit: https://www.selenium.dev/documentation/webdriver/troubleshooting/errors#no-such-element-exception\nStacktrace:\n#0 0x56115c936fb3 <unknown>\n#1 0x56115c60a4a7 <unknown>\n#2 0x56115c651dd6 <unknown>\n#3 0x56115c651ec1 <unknown>\n#4 0x56115c68f354 <unknown>\n#5 0x56115c67396d <unknown>\n#6 0x56115c68cc02 <unknown>\n#7 0x56115c673713 <unknown>\n#8 0x56115c64618b <unknown>\n#9 0x56115c646f7e <unknown>\n#10 0x56115c8fc8d8 <unknown>\n#11 0x56115c900800 <unknown>\n#12 0x56115c90acfc <unknown>\n#13 0x56115c901418 <unknown>\n#14 0x56115c8ce42f <unknown>\n#15 0x56115c9254e8 <unknown>\n#16 0x56115c9256b4 <unknown>\n#17 0x56115c936143 <unknown>\n#18 0x7f630e921044 <unknown>","time":{"start":1697937170513,"stop":1697937175315,"duration":4802}}]},"tags":["smoke"]},"source":"fd90c46848292da6.json","parameterValues":["3320","1","'TD 015'","2390","'products/shtukaturka-tsementnaya-bergauf-bau-putts-tsement-25kg-56sht'","650","'https://sandboxtest.stroyrem-nn.ru/'","30"]}