{"uid":"4d7e67c87bc3185e","name":"TD 026 Доставка товара весом до 11000кг. в синей зоне","fullName":"tests.delivery.test_delivery_calculation.TestDeliveryPageCalculation#test_positive_delivery_blue_zone_smoke","historyId":"8627394da03f78c724b6bd3e4cd7677c","time":{"start":1702689060058,"stop":1702689060410,"duration":352},"status":"skipped","statusMessage":"XFAIL\n\nselenium.common.exceptions.NoSuchElementException: Message: no such element: Unable to locate element: {\"method\":\"xpath\",\"selector\":\"(//a[@class='add-to-cart yellow-btn'])[1]\"}\n  (Session info: chrome-headless-shell=120.0.6099.71); For documentation on this error, please visit: https://www.selenium.dev/documentation/webdriver/troubleshooting/errors#no-such-element-exception\nStacktrace:\n#0 0x564cc59e3d33 <unknown>\n#1 0x564cc56a0f87 <unknown>\n#2 0x564cc56f0c0e <unknown>\n#3 0x564cc56f0d11 <unknown>\n#4 0x564cc573c004 <unknown>\n#5 0x564cc571a36d <unknown>\n#6 0x564cc5739297 <unknown>\n#7 0x564cc571a0e3 <unknown>\n#8 0x564cc56e2044 <unknown>\n#9 0x564cc56e344e <unknown>\n#10 0x564cc59a8861 <unknown>\n#11 0x564cc59ac785 <unknown>\n#12 0x564cc5996285 <unknown>\n#13 0x564cc59ad41f <unknown>\n#14 0x564cc597a20f <unknown>\n#15 0x564cc59d1028 <unknown>\n#16 0x564cc59d11f7 <unknown>\n#17 0x564cc59e2ed4 <unknown>\n#18 0x7f426106a044 <unknown>","statusTrace":"self = <tests.delivery.test_delivery_calculation.TestDeliveryPageCalculation object at 0x7f5342347550>\ndriver = <selenium.webdriver.chrome.webdriver.WebDriver (session=\"aa2d44bae68105767d6d5a6236025cc9\")>\nurl = 'https://sandboxtest.stroyrem-nn.ru/', case_id = 'TD 026'\nlink_item = 'products/shtukaturka-gipsovaya-aksolit-m50-30-kg-mashinnogo-naneseniya'\namount = 366, weight = 11000, standard = 8000, in_time = 14900, all_time = 19900\n\n    @pytest.mark.parametrize('case_id, link_item, amount, weight, standard, in_time, all_time', [\n        (\"TD 015\", bundeks_25, 1, 30, 650, 2390, 3320),\n        pytest.param(\n            \"TD 016\", aksolit_30, 8, 300, 650, 2390, 3320,\n            marks=pytest.mark.xfail(reson=\"Цена доставки: - - -\")\n        ),\n        (\"TD 017\", aksolit_30, 13, 400, 650, 2390, 3320),\n        (\"TD 018\", aksolit_30, 16, 500, 850, 2490, 3320),\n        (\"TD 019\", aksolit_30, 25, 1700, 1150, 2490, 3320),\n        (\"TD 020\", aksolit_30, 66, 2000, 1500, 2990, 3650),\n        (\"TD 021\", aksolit_30, 149, 4500, 2600, 4380, 4890),\n        (\"TD 022\", aksolit_30, 166, 5000, 2800, 5490, 5980),\n        pytest.param(\n            \"TD 023\", aksolit_30, 206, 6200, 3300, 7500, 8000,\n            marks=pytest.mark.xfail(reson=\"Цена доставки: 4300 9900 11440\")\n        ),\n        (\"TD 024\", aksolit_30, 299, 9000, 4300, 9900, 11440),\n        (\"TD 025\", aksolit_30, 333, 10000, 7000, 13900, 15900),\n        pytest.param(\n            \"TD 026\", aksolit_30, 366, 11000, 8000, 14900, 19900,\n            marks=pytest.mark.xfail(reson=\"Цена доставки: 7000 13900 15900\")\n        ),\n        pytest.param(\n            \"TD 027\", aksolit_30, 666, 20000, 14000, 16900, 23900,\n            marks=pytest.mark.xfail(reson=\"Цена доставки: 7000 13900 15900\")\n        )\n    ])\n    @pytest.mark.smoke\n    def test_positive_delivery_blue_zone_smoke(\n            self, driver, url, case_id, link_item, amount, weight, standard, in_time, all_time\n    ):\n        allure.dynamic.title(f\"{case_id} Доставка товара весом до {weight}кг. в синей зоне\")\n    \n        driver.get(f'{url}{link_item}')\n        item_page = ItemPage(driver)\n>       item_page.add_item_to_cart(amount).click_on_cart()\n\ntests/delivery/test_delivery_calculation.py:130: \n_ _ _ _ _ _ _ _ _ _ _ _ _ _ _ _ _ _ _ _ _ _ _ _ _ _ _ _ _ _ _ _ _ _ _ _ _ _ _ _ \npages/item_page.py:40: in add_item_to_cart\n    self.find_element(self._add_item).click()\nbase/seleniumbase.py:17: in find_element\n    return self.driver.find_element(*locator)\n/usr/local/lib/python3.11/site-packages/selenium/webdriver/remote/webdriver.py:740: in find_element\n    return self.execute(Command.FIND_ELEMENT, {\"using\": by, \"value\": value})[\"value\"]\n/usr/local/lib/python3.11/site-packages/selenium/webdriver/remote/webdriver.py:346: in execute\n    self.error_handler.check_response(response)\n_ _ _ _ _ _ _ _ _ _ _ _ _ _ _ _ _ _ _ _ _ _ _ _ _ _ _ _ _ _ _ _ _ _ _ _ _ _ _ _ \n\nself = <selenium.webdriver.remote.errorhandler.ErrorHandler object at 0x7f5341b6e110>\nresponse = {'status': 404, 'value': '{\"value\":{\"error\":\"no such element\",\"message\":\"no such element: Unable to locate element: {\\...\\\\n#16 0x564cc59d11f7 \\\\u003Cunknown>\\\\n#17 0x564cc59e2ed4 \\\\u003Cunknown>\\\\n#18 0x7f426106a044 \\\\u003Cunknown>\\\\n\"}}'}\n\n    def check_response(self, response: Dict[str, Any]) -> None:\n        \"\"\"Checks that a JSON response from the WebDriver does not have an\n        error.\n    \n        :Args:\n         - response - The JSON response from the WebDriver server as a dictionary\n           object.\n    \n        :Raises: If the response contains an error message.\n        \"\"\"\n        status = response.get(\"status\", None)\n        if not status or status == ErrorCode.SUCCESS:\n            return\n        value = None\n        message = response.get(\"message\", \"\")\n        screen: str = response.get(\"screen\", \"\")\n        stacktrace = None\n        if isinstance(status, int):\n            value_json = response.get(\"value\", None)\n            if value_json and isinstance(value_json, str):\n                import json\n    \n                try:\n                    value = json.loads(value_json)\n                    if len(value) == 1:\n                        value = value[\"value\"]\n                    status = value.get(\"error\", None)\n                    if not status:\n                        status = value.get(\"status\", ErrorCode.UNKNOWN_ERROR)\n                        message = value.get(\"value\") or value.get(\"message\")\n                        if not isinstance(message, str):\n                            value = message\n                            message = message.get(\"message\")\n                    else:\n                        message = value.get(\"message\", None)\n                except ValueError:\n                    pass\n    \n        exception_class: Type[WebDriverException]\n        if status in ErrorCode.NO_SUCH_ELEMENT:\n            exception_class = NoSuchElementException\n        elif status in ErrorCode.NO_SUCH_FRAME:\n            exception_class = NoSuchFrameException\n        elif status in ErrorCode.NO_SUCH_SHADOW_ROOT:\n            exception_class = NoSuchShadowRootException\n        elif status in ErrorCode.NO_SUCH_WINDOW:\n            exception_class = NoSuchWindowException\n        elif status in ErrorCode.STALE_ELEMENT_REFERENCE:\n            exception_class = StaleElementReferenceException\n        elif status in ErrorCode.ELEMENT_NOT_VISIBLE:\n            exception_class = ElementNotVisibleException\n        elif status in ErrorCode.INVALID_ELEMENT_STATE:\n            exception_class = InvalidElementStateException\n        elif (\n            status in ErrorCode.INVALID_SELECTOR\n            or status in ErrorCode.INVALID_XPATH_SELECTOR\n            or status in ErrorCode.INVALID_XPATH_SELECTOR_RETURN_TYPER\n        ):\n            exception_class = InvalidSelectorException\n        elif status in ErrorCode.ELEMENT_IS_NOT_SELECTABLE:\n            exception_class = ElementNotSelectableException\n        elif status in ErrorCode.ELEMENT_NOT_INTERACTABLE:\n            exception_class = ElementNotInteractableException\n        elif status in ErrorCode.INVALID_COOKIE_DOMAIN:\n            exception_class = InvalidCookieDomainException\n        elif status in ErrorCode.UNABLE_TO_SET_COOKIE:\n            exception_class = UnableToSetCookieException\n        elif status in ErrorCode.TIMEOUT:\n            exception_class = TimeoutException\n        elif status in ErrorCode.SCRIPT_TIMEOUT:\n            exception_class = TimeoutException\n        elif status in ErrorCode.UNKNOWN_ERROR:\n            exception_class = WebDriverException\n        elif status in ErrorCode.UNEXPECTED_ALERT_OPEN:\n            exception_class = UnexpectedAlertPresentException\n        elif status in ErrorCode.NO_ALERT_OPEN:\n            exception_class = NoAlertPresentException\n        elif status in ErrorCode.IME_NOT_AVAILABLE:\n            exception_class = ImeNotAvailableException\n        elif status in ErrorCode.IME_ENGINE_ACTIVATION_FAILED:\n            exception_class = ImeActivationFailedException\n        elif status in ErrorCode.MOVE_TARGET_OUT_OF_BOUNDS:\n            exception_class = MoveTargetOutOfBoundsException\n        elif status in ErrorCode.JAVASCRIPT_ERROR:\n            exception_class = JavascriptException\n        elif status in ErrorCode.SESSION_NOT_CREATED:\n            exception_class = SessionNotCreatedException\n        elif status in ErrorCode.INVALID_ARGUMENT:\n            exception_class = InvalidArgumentException\n        elif status in ErrorCode.NO_SUCH_COOKIE:\n            exception_class = NoSuchCookieException\n        elif status in ErrorCode.UNABLE_TO_CAPTURE_SCREEN:\n            exception_class = ScreenshotException\n        elif status in ErrorCode.ELEMENT_CLICK_INTERCEPTED:\n            exception_class = ElementClickInterceptedException\n        elif status in ErrorCode.INSECURE_CERTIFICATE:\n            exception_class = InsecureCertificateException\n        elif status in ErrorCode.INVALID_COORDINATES:\n            exception_class = InvalidCoordinatesException\n        elif status in ErrorCode.INVALID_SESSION_ID:\n            exception_class = InvalidSessionIdException\n        elif status in ErrorCode.UNKNOWN_METHOD:\n            exception_class = UnknownMethodException\n        else:\n            exception_class = WebDriverException\n        if not value:\n            value = response[\"value\"]\n        if isinstance(value, str):\n            raise exception_class(value)\n        if message == \"\" and \"message\" in value:\n            message = value[\"message\"]\n    \n        screen = None  # type: ignore[assignment]\n        if \"screen\" in value:\n            screen = value[\"screen\"]\n    \n        stacktrace = None\n        st_value = value.get(\"stackTrace\") or value.get(\"stacktrace\")\n        if st_value:\n            if isinstance(st_value, str):\n                stacktrace = st_value.split(\"\\n\")\n            else:\n                stacktrace = []\n                try:\n                    for frame in st_value:\n                        line = frame.get(\"lineNumber\", \"\")\n                        file = frame.get(\"fileName\", \"<anonymous>\")\n                        if line:\n                            file = f\"{file}:{line}\"\n                        meth = frame.get(\"methodName\", \"<anonymous>\")\n                        if \"className\" in frame:\n                            meth = f\"{frame['className']}.{meth}\"\n                        msg = \"    at %s (%s)\"\n                        msg = msg % (meth, file)\n                        stacktrace.append(msg)\n                except TypeError:\n                    pass\n        if exception_class == UnexpectedAlertPresentException:\n            alert_text = None\n            if \"data\" in value:\n                alert_text = value[\"data\"].get(\"text\")\n            elif \"alert\" in value:\n                alert_text = value[\"alert\"].get(\"text\")\n            raise exception_class(message, screen, stacktrace, alert_text)  # type: ignore[call-arg]  # mypy is not smart enough here\n>       raise exception_class(message, screen, stacktrace)\nE       selenium.common.exceptions.NoSuchElementException: Message: no such element: Unable to locate element: {\"method\":\"xpath\",\"selector\":\"(//a[@class='add-to-cart yellow-btn'])[1]\"}\nE         (Session info: chrome-headless-shell=120.0.6099.71); For documentation on this error, please visit: https://www.selenium.dev/documentation/webdriver/troubleshooting/errors#no-such-element-exception\nE       Stacktrace:\nE       #0 0x564cc59e3d33 <unknown>\nE       #1 0x564cc56a0f87 <unknown>\nE       #2 0x564cc56f0c0e <unknown>\nE       #3 0x564cc56f0d11 <unknown>\nE       #4 0x564cc573c004 <unknown>\nE       #5 0x564cc571a36d <unknown>\nE       #6 0x564cc5739297 <unknown>\nE       #7 0x564cc571a0e3 <unknown>\nE       #8 0x564cc56e2044 <unknown>\nE       #9 0x564cc56e344e <unknown>\nE       #10 0x564cc59a8861 <unknown>\nE       #11 0x564cc59ac785 <unknown>\nE       #12 0x564cc5996285 <unknown>\nE       #13 0x564cc59ad41f <unknown>\nE       #14 0x564cc597a20f <unknown>\nE       #15 0x564cc59d1028 <unknown>\nE       #16 0x564cc59d11f7 <unknown>\nE       #17 0x564cc59e2ed4 <unknown>\nE       #18 0x7f426106a044 <unknown>\n\n/usr/local/lib/python3.11/site-packages/selenium/webdriver/remote/errorhandler.py:245: NoSuchElementException","flaky":false,"newFailed":false,"newBroken":false,"newPassed":false,"retriesCount":0,"retriesStatusChange":false,"beforeStages":[{"name":"_session_faker","time":{"start":1702688629002,"stop":1702688629074,"duration":72},"status":"passed","steps":[],"attachments":[],"parameters":[],"shouldDisplayMessage":false,"stepsCount":0,"attachmentsCount":0,"hasContent":false,"attachmentStep":false},{"name":"clear_allure_results_folder","time":{"start":1702688629074,"stop":1702688629074,"duration":0},"status":"passed","steps":[],"attachments":[],"parameters":[],"shouldDisplayMessage":false,"stepsCount":0,"attachmentsCount":0,"hasContent":false,"attachmentStep":false},{"name":"driver","time":{"start":1702689059322,"stop":1702689060057,"duration":735},"status":"passed","steps":[],"attachments":[],"parameters":[],"shouldDisplayMessage":false,"stepsCount":0,"attachmentsCount":0,"hasContent":false,"attachmentStep":false},{"name":"setup","time":{"start":1702689060057,"stop":1702689060057,"duration":0},"status":"passed","steps":[],"attachments":[],"parameters":[],"shouldDisplayMessage":false,"stepsCount":0,"attachmentsCount":0,"hasContent":false,"attachmentStep":false}],"testStage":{"status":"skipped","statusMessage":"XFAIL\n\nselenium.common.exceptions.NoSuchElementException: Message: no such element: Unable to locate element: {\"method\":\"xpath\",\"selector\":\"(//a[@class='add-to-cart yellow-btn'])[1]\"}\n  (Session info: chrome-headless-shell=120.0.6099.71); For documentation on this error, please visit: https://www.selenium.dev/documentation/webdriver/troubleshooting/errors#no-such-element-exception\nStacktrace:\n#0 0x564cc59e3d33 <unknown>\n#1 0x564cc56a0f87 <unknown>\n#2 0x564cc56f0c0e <unknown>\n#3 0x564cc56f0d11 <unknown>\n#4 0x564cc573c004 <unknown>\n#5 0x564cc571a36d <unknown>\n#6 0x564cc5739297 <unknown>\n#7 0x564cc571a0e3 <unknown>\n#8 0x564cc56e2044 <unknown>\n#9 0x564cc56e344e <unknown>\n#10 0x564cc59a8861 <unknown>\n#11 0x564cc59ac785 <unknown>\n#12 0x564cc5996285 <unknown>\n#13 0x564cc59ad41f <unknown>\n#14 0x564cc597a20f <unknown>\n#15 0x564cc59d1028 <unknown>\n#16 0x564cc59d11f7 <unknown>\n#17 0x564cc59e2ed4 <unknown>\n#18 0x7f426106a044 <unknown>","statusTrace":"self = <tests.delivery.test_delivery_calculation.TestDeliveryPageCalculation object at 0x7f5342347550>\ndriver = <selenium.webdriver.chrome.webdriver.WebDriver (session=\"aa2d44bae68105767d6d5a6236025cc9\")>\nurl = 'https://sandboxtest.stroyrem-nn.ru/', case_id = 'TD 026'\nlink_item = 'products/shtukaturka-gipsovaya-aksolit-m50-30-kg-mashinnogo-naneseniya'\namount = 366, weight = 11000, standard = 8000, in_time = 14900, all_time = 19900\n\n    @pytest.mark.parametrize('case_id, link_item, amount, weight, standard, in_time, all_time', [\n        (\"TD 015\", bundeks_25, 1, 30, 650, 2390, 3320),\n        pytest.param(\n            \"TD 016\", aksolit_30, 8, 300, 650, 2390, 3320,\n            marks=pytest.mark.xfail(reson=\"Цена доставки: - - -\")\n        ),\n        (\"TD 017\", aksolit_30, 13, 400, 650, 2390, 3320),\n        (\"TD 018\", aksolit_30, 16, 500, 850, 2490, 3320),\n        (\"TD 019\", aksolit_30, 25, 1700, 1150, 2490, 3320),\n        (\"TD 020\", aksolit_30, 66, 2000, 1500, 2990, 3650),\n        (\"TD 021\", aksolit_30, 149, 4500, 2600, 4380, 4890),\n        (\"TD 022\", aksolit_30, 166, 5000, 2800, 5490, 5980),\n        pytest.param(\n            \"TD 023\", aksolit_30, 206, 6200, 3300, 7500, 8000,\n            marks=pytest.mark.xfail(reson=\"Цена доставки: 4300 9900 11440\")\n        ),\n        (\"TD 024\", aksolit_30, 299, 9000, 4300, 9900, 11440),\n        (\"TD 025\", aksolit_30, 333, 10000, 7000, 13900, 15900),\n        pytest.param(\n            \"TD 026\", aksolit_30, 366, 11000, 8000, 14900, 19900,\n            marks=pytest.mark.xfail(reson=\"Цена доставки: 7000 13900 15900\")\n        ),\n        pytest.param(\n            \"TD 027\", aksolit_30, 666, 20000, 14000, 16900, 23900,\n            marks=pytest.mark.xfail(reson=\"Цена доставки: 7000 13900 15900\")\n        )\n    ])\n    @pytest.mark.smoke\n    def test_positive_delivery_blue_zone_smoke(\n            self, driver, url, case_id, link_item, amount, weight, standard, in_time, all_time\n    ):\n        allure.dynamic.title(f\"{case_id} Доставка товара весом до {weight}кг. в синей зоне\")\n    \n        driver.get(f'{url}{link_item}')\n        item_page = ItemPage(driver)\n>       item_page.add_item_to_cart(amount).click_on_cart()\n\ntests/delivery/test_delivery_calculation.py:130: \n_ _ _ _ _ _ _ _ _ _ _ _ _ _ _ _ _ _ _ _ _ _ _ _ _ _ _ _ _ _ _ _ _ _ _ _ _ _ _ _ \npages/item_page.py:40: in add_item_to_cart\n    self.find_element(self._add_item).click()\nbase/seleniumbase.py:17: in find_element\n    return self.driver.find_element(*locator)\n/usr/local/lib/python3.11/site-packages/selenium/webdriver/remote/webdriver.py:740: in find_element\n    return self.execute(Command.FIND_ELEMENT, {\"using\": by, \"value\": value})[\"value\"]\n/usr/local/lib/python3.11/site-packages/selenium/webdriver/remote/webdriver.py:346: in execute\n    self.error_handler.check_response(response)\n_ _ _ _ _ _ _ _ _ _ _ _ _ _ _ _ _ _ _ _ _ _ _ _ _ _ _ _ _ _ _ _ _ _ _ _ _ _ _ _ \n\nself = <selenium.webdriver.remote.errorhandler.ErrorHandler object at 0x7f5341b6e110>\nresponse = {'status': 404, 'value': '{\"value\":{\"error\":\"no such element\",\"message\":\"no such element: Unable to locate element: {\\...\\\\n#16 0x564cc59d11f7 \\\\u003Cunknown>\\\\n#17 0x564cc59e2ed4 \\\\u003Cunknown>\\\\n#18 0x7f426106a044 \\\\u003Cunknown>\\\\n\"}}'}\n\n    def check_response(self, response: Dict[str, Any]) -> None:\n        \"\"\"Checks that a JSON response from the WebDriver does not have an\n        error.\n    \n        :Args:\n         - response - The JSON response from the WebDriver server as a dictionary\n           object.\n    \n        :Raises: If the response contains an error message.\n        \"\"\"\n        status = response.get(\"status\", None)\n        if not status or status == ErrorCode.SUCCESS:\n            return\n        value = None\n        message = response.get(\"message\", \"\")\n        screen: str = response.get(\"screen\", \"\")\n        stacktrace = None\n        if isinstance(status, int):\n            value_json = response.get(\"value\", None)\n            if value_json and isinstance(value_json, str):\n                import json\n    \n                try:\n                    value = json.loads(value_json)\n                    if len(value) == 1:\n                        value = value[\"value\"]\n                    status = value.get(\"error\", None)\n                    if not status:\n                        status = value.get(\"status\", ErrorCode.UNKNOWN_ERROR)\n                        message = value.get(\"value\") or value.get(\"message\")\n                        if not isinstance(message, str):\n                            value = message\n                            message = message.get(\"message\")\n                    else:\n                        message = value.get(\"message\", None)\n                except ValueError:\n                    pass\n    \n        exception_class: Type[WebDriverException]\n        if status in ErrorCode.NO_SUCH_ELEMENT:\n            exception_class = NoSuchElementException\n        elif status in ErrorCode.NO_SUCH_FRAME:\n            exception_class = NoSuchFrameException\n        elif status in ErrorCode.NO_SUCH_SHADOW_ROOT:\n            exception_class = NoSuchShadowRootException\n        elif status in ErrorCode.NO_SUCH_WINDOW:\n            exception_class = NoSuchWindowException\n        elif status in ErrorCode.STALE_ELEMENT_REFERENCE:\n            exception_class = StaleElementReferenceException\n        elif status in ErrorCode.ELEMENT_NOT_VISIBLE:\n            exception_class = ElementNotVisibleException\n        elif status in ErrorCode.INVALID_ELEMENT_STATE:\n            exception_class = InvalidElementStateException\n        elif (\n            status in ErrorCode.INVALID_SELECTOR\n            or status in ErrorCode.INVALID_XPATH_SELECTOR\n            or status in ErrorCode.INVALID_XPATH_SELECTOR_RETURN_TYPER\n        ):\n            exception_class = InvalidSelectorException\n        elif status in ErrorCode.ELEMENT_IS_NOT_SELECTABLE:\n            exception_class = ElementNotSelectableException\n        elif status in ErrorCode.ELEMENT_NOT_INTERACTABLE:\n            exception_class = ElementNotInteractableException\n        elif status in ErrorCode.INVALID_COOKIE_DOMAIN:\n            exception_class = InvalidCookieDomainException\n        elif status in ErrorCode.UNABLE_TO_SET_COOKIE:\n            exception_class = UnableToSetCookieException\n        elif status in ErrorCode.TIMEOUT:\n            exception_class = TimeoutException\n        elif status in ErrorCode.SCRIPT_TIMEOUT:\n            exception_class = TimeoutException\n        elif status in ErrorCode.UNKNOWN_ERROR:\n            exception_class = WebDriverException\n        elif status in ErrorCode.UNEXPECTED_ALERT_OPEN:\n            exception_class = UnexpectedAlertPresentException\n        elif status in ErrorCode.NO_ALERT_OPEN:\n            exception_class = NoAlertPresentException\n        elif status in ErrorCode.IME_NOT_AVAILABLE:\n            exception_class = ImeNotAvailableException\n        elif status in ErrorCode.IME_ENGINE_ACTIVATION_FAILED:\n            exception_class = ImeActivationFailedException\n        elif status in ErrorCode.MOVE_TARGET_OUT_OF_BOUNDS:\n            exception_class = MoveTargetOutOfBoundsException\n        elif status in ErrorCode.JAVASCRIPT_ERROR:\n            exception_class = JavascriptException\n        elif status in ErrorCode.SESSION_NOT_CREATED:\n            exception_class = SessionNotCreatedException\n        elif status in ErrorCode.INVALID_ARGUMENT:\n            exception_class = InvalidArgumentException\n        elif status in ErrorCode.NO_SUCH_COOKIE:\n            exception_class = NoSuchCookieException\n        elif status in ErrorCode.UNABLE_TO_CAPTURE_SCREEN:\n            exception_class = ScreenshotException\n        elif status in ErrorCode.ELEMENT_CLICK_INTERCEPTED:\n            exception_class = ElementClickInterceptedException\n        elif status in ErrorCode.INSECURE_CERTIFICATE:\n            exception_class = InsecureCertificateException\n        elif status in ErrorCode.INVALID_COORDINATES:\n            exception_class = InvalidCoordinatesException\n        elif status in ErrorCode.INVALID_SESSION_ID:\n            exception_class = InvalidSessionIdException\n        elif status in ErrorCode.UNKNOWN_METHOD:\n            exception_class = UnknownMethodException\n        else:\n            exception_class = WebDriverException\n        if not value:\n            value = response[\"value\"]\n        if isinstance(value, str):\n            raise exception_class(value)\n        if message == \"\" and \"message\" in value:\n            message = value[\"message\"]\n    \n        screen = None  # type: ignore[assignment]\n        if \"screen\" in value:\n            screen = value[\"screen\"]\n    \n        stacktrace = None\n        st_value = value.get(\"stackTrace\") or value.get(\"stacktrace\")\n        if st_value:\n            if isinstance(st_value, str):\n                stacktrace = st_value.split(\"\\n\")\n            else:\n                stacktrace = []\n                try:\n                    for frame in st_value:\n                        line = frame.get(\"lineNumber\", \"\")\n                        file = frame.get(\"fileName\", \"<anonymous>\")\n                        if line:\n                            file = f\"{file}:{line}\"\n                        meth = frame.get(\"methodName\", \"<anonymous>\")\n                        if \"className\" in frame:\n                            meth = f\"{frame['className']}.{meth}\"\n                        msg = \"    at %s (%s)\"\n                        msg = msg % (meth, file)\n                        stacktrace.append(msg)\n                except TypeError:\n                    pass\n        if exception_class == UnexpectedAlertPresentException:\n            alert_text = None\n            if \"data\" in value:\n                alert_text = value[\"data\"].get(\"text\")\n            elif \"alert\" in value:\n                alert_text = value[\"alert\"].get(\"text\")\n            raise exception_class(message, screen, stacktrace, alert_text)  # type: ignore[call-arg]  # mypy is not smart enough here\n>       raise exception_class(message, screen, stacktrace)\nE       selenium.common.exceptions.NoSuchElementException: Message: no such element: Unable to locate element: {\"method\":\"xpath\",\"selector\":\"(//a[@class='add-to-cart yellow-btn'])[1]\"}\nE         (Session info: chrome-headless-shell=120.0.6099.71); For documentation on this error, please visit: https://www.selenium.dev/documentation/webdriver/troubleshooting/errors#no-such-element-exception\nE       Stacktrace:\nE       #0 0x564cc59e3d33 <unknown>\nE       #1 0x564cc56a0f87 <unknown>\nE       #2 0x564cc56f0c0e <unknown>\nE       #3 0x564cc56f0d11 <unknown>\nE       #4 0x564cc573c004 <unknown>\nE       #5 0x564cc571a36d <unknown>\nE       #6 0x564cc5739297 <unknown>\nE       #7 0x564cc571a0e3 <unknown>\nE       #8 0x564cc56e2044 <unknown>\nE       #9 0x564cc56e344e <unknown>\nE       #10 0x564cc59a8861 <unknown>\nE       #11 0x564cc59ac785 <unknown>\nE       #12 0x564cc5996285 <unknown>\nE       #13 0x564cc59ad41f <unknown>\nE       #14 0x564cc597a20f <unknown>\nE       #15 0x564cc59d1028 <unknown>\nE       #16 0x564cc59d11f7 <unknown>\nE       #17 0x564cc59e2ed4 <unknown>\nE       #18 0x7f426106a044 <unknown>\n\n/usr/local/lib/python3.11/site-packages/selenium/webdriver/remote/errorhandler.py:245: NoSuchElementException","steps":[{"name":"Добавляем товар в корзину в количестве 366","time":{"start":1702689060397,"stop":1702689060409,"duration":12},"status":"broken","statusMessage":"selenium.common.exceptions.NoSuchElementException: Message: no such element: Unable to locate element: {\"method\":\"xpath\",\"selector\":\"(//a[@class='add-to-cart yellow-btn'])[1]\"}\n  (Session info: chrome-headless-shell=120.0.6099.71); For documentation on this error, please visit: https://www.selenium.dev/documentation/webdriver/troubleshooting/errors#no-such-element-exception\nStacktrace:\n#0 0x564cc59e3d33 <unknown>\n#1 0x564cc56a0f87 <unknown>\n#2 0x564cc56f0c0e <unknown>\n#3 0x564cc56f0d11 <unknown>\n#4 0x564cc573c004 <unknown>\n#5 0x564cc571a36d <unknown>\n#6 0x564cc5739297 <unknown>\n#7 0x564cc571a0e3 <unknown>\n#8 0x564cc56e2044 <unknown>\n#9 0x564cc56e344e <unknown>\n#10 0x564cc59a8861 <unknown>\n#11 0x564cc59ac785 <unknown>\n#12 0x564cc5996285 <unknown>\n#13 0x564cc59ad41f <unknown>\n#14 0x564cc597a20f <unknown>\n#15 0x564cc59d1028 <unknown>\n#16 0x564cc59d11f7 <unknown>\n#17 0x564cc59e2ed4 <unknown>\n#18 0x7f426106a044 <unknown>\n\n","statusTrace":"  File \"/usr/local/lib/python3.11/site-packages/allure_commons/_allure.py\", line 192, in impl\n    return func(*a, **kw)\n           ^^^^^^^^^^^^^^\n  File \"/app/pages/item_page.py\", line 40, in add_item_to_cart\n    self.find_element(self._add_item).click()\n    ^^^^^^^^^^^^^^^^^^^^^^^^^^^^^^^^^\n  File \"/app/base/seleniumbase.py\", line 17, in find_element\n    return self.driver.find_element(*locator)\n           ^^^^^^^^^^^^^^^^^^^^^^^^^^^^^^^^^^\n  File \"/usr/local/lib/python3.11/site-packages/selenium/webdriver/remote/webdriver.py\", line 740, in find_element\n    return self.execute(Command.FIND_ELEMENT, {\"using\": by, \"value\": value})[\"value\"]\n           ^^^^^^^^^^^^^^^^^^^^^^^^^^^^^^^^^^^^^^^^^^^^^^^^^^^^^^^^^^^^^^^^^\n  File \"/usr/local/lib/python3.11/site-packages/selenium/webdriver/remote/webdriver.py\", line 346, in execute\n    self.error_handler.check_response(response)\n  File \"/usr/local/lib/python3.11/site-packages/selenium/webdriver/remote/errorhandler.py\", line 245, in check_response\n    raise exception_class(message, screen, stacktrace)\n","steps":[],"attachments":[],"parameters":[{"name":"amount","value":"366"}],"shouldDisplayMessage":true,"stepsCount":0,"attachmentsCount":0,"hasContent":true,"attachmentStep":false}],"attachments":[{"uid":"abde360d87c6b6bd","name":"Screenshot","source":"abde360d87c6b6bd.png","type":"image/png","size":5862},{"uid":"242f99c0d1587d9f","name":"HTML source","source":"242f99c0d1587d9f.html","type":"text/html","size":39}],"parameters":[],"shouldDisplayMessage":true,"stepsCount":1,"attachmentsCount":2,"hasContent":true,"attachmentStep":false},"afterStages":[{"name":"setup::0","time":{"start":1702689060535,"stop":1702689060535,"duration":0},"status":"passed","steps":[],"attachments":[],"parameters":[],"shouldDisplayMessage":false,"stepsCount":0,"attachmentsCount":0,"hasContent":false,"attachmentStep":false},{"name":"driver::0","time":{"start":1702689060535,"stop":1702689060592,"duration":57},"status":"passed","steps":[],"attachments":[],"parameters":[],"shouldDisplayMessage":false,"stepsCount":0,"attachmentsCount":0,"hasContent":false,"attachmentStep":false}],"labels":[{"name":"epic","value":"Delivery Page - calculation"},{"name":"tag","value":"smoke"},{"name":"tag","value":"@pytest.mark.xfail(reson='Цена доставки: 7000 13900 15900')"},{"name":"parentSuite","value":"tests.delivery"},{"name":"suite","value":"test_delivery_calculation"},{"name":"subSuite","value":"TestDeliveryPageCalculation"},{"name":"host","value":"9d2dee62f9c7"},{"name":"thread","value":"1-MainThread"},{"name":"framework","value":"pytest"},{"name":"language","value":"cpython3"},{"name":"package","value":"tests.delivery.test_delivery_calculation"},{"name":"resultFormat","value":"allure2"}],"parameters":[{"name":"all_time","value":"19900"},{"name":"amount","value":"366"},{"name":"case_id","value":"'TD 026'"},{"name":"in_time","value":"14900"},{"name":"link_item","value":"'products/shtukaturka-gipsovaya-aksolit-m50-30-kg-mashinnogo-naneseniya'"},{"name":"standard","value":"8000"},{"name":"url","value":"'https://sandboxtest.stroyrem-nn.ru/'"},{"name":"weight","value":"11000"}],"links":[],"hidden":false,"retry":false,"extra":{"severity":"normal","retries":[],"categories":[],"history":{"statistic":{"failed":0,"broken":0,"skipped":108,"passed":0,"unknown":0,"total":108},"items":[{"uid":"a30fbc970fe4fd21","reportUrl":"https://zaelcovsky.github.io/StroyremAutomation/171//#testresult/a30fbc970fe4fd21","status":"skipped","statusDetails":"XFAIL\n\nselenium.common.exceptions.NoSuchElementException: Message: no such element: Unable to locate element: {\"method\":\"xpath\",\"selector\":\"(//a[@class='add-to-cart yellow-btn'])[1]\"}\n  (Session info: chrome-headless-shell=120.0.6099.71); For documentation on this error, please visit: https://www.selenium.dev/documentation/webdriver/troubleshooting/errors#no-such-element-exception\nStacktrace:\n#0 0x56141fe85d33 <unknown>\n#1 0x56141fb42f87 <unknown>\n#2 0x56141fb92c0e <unknown>\n#3 0x56141fb92d11 <unknown>\n#4 0x56141fbde004 <unknown>\n#5 0x56141fbbc36d <unknown>\n#6 0x56141fbdb297 <unknown>\n#7 0x56141fbbc0e3 <unknown>\n#8 0x56141fb84044 <unknown>\n#9 0x56141fb8544e <unknown>\n#10 0x56141fe4a861 <unknown>\n#11 0x56141fe4e785 <unknown>\n#12 0x56141fe38285 <unknown>\n#13 0x56141fe4f41f <unknown>\n#14 0x56141fe1c20f <unknown>\n#15 0x56141fe73028 <unknown>\n#16 0x56141fe731f7 <unknown>\n#17 0x56141fe84ed4 <unknown>\n#18 0x7f5d267e8044 <unknown>","time":{"start":1702602883056,"stop":1702602883919,"duration":863}},{"uid":"3e8014c0aa8b326c","reportUrl":"https://zaelcovsky.github.io/StroyremAutomation/170//#testresult/3e8014c0aa8b326c","status":"skipped","statusDetails":"XFAIL\n\nselenium.common.exceptions.NoSuchElementException: Message: no such element: Unable to locate element: {\"method\":\"xpath\",\"selector\":\"(//a[@class='add-to-cart yellow-btn'])[1]\"}\n  (Session info: chrome-headless-shell=120.0.6099.71); For documentation on this error, please visit: https://www.selenium.dev/documentation/webdriver/troubleshooting/errors#no-such-element-exception\nStacktrace:\n#0 0x564748475d33 <unknown>\n#1 0x564748132f87 <unknown>\n#2 0x564748182c0e <unknown>\n#3 0x564748182d11 <unknown>\n#4 0x5647481ce004 <unknown>\n#5 0x5647481ac36d <unknown>\n#6 0x5647481cb297 <unknown>\n#7 0x5647481ac0e3 <unknown>\n#8 0x564748174044 <unknown>\n#9 0x56474817544e <unknown>\n#10 0x56474843a861 <unknown>\n#11 0x56474843e785 <unknown>\n#12 0x564748428285 <unknown>\n#13 0x56474843f41f <unknown>\n#14 0x56474840c20f <unknown>\n#15 0x564748463028 <unknown>\n#16 0x5647484631f7 <unknown>\n#17 0x564748474ed4 <unknown>\n#18 0x7fbd250e7044 <unknown>","time":{"start":1702516246178,"stop":1702516246647,"duration":469}},{"uid":"8f08d51ffc937920","reportUrl":"https://zaelcovsky.github.io/StroyremAutomation/169//#testresult/8f08d51ffc937920","status":"skipped","statusDetails":"XFAIL\n\nselenium.common.exceptions.NoSuchElementException: Message: no such element: Unable to locate element: {\"method\":\"xpath\",\"selector\":\"(//a[@class='add-to-cart yellow-btn'])[1]\"}\n  (Session info: chrome-headless-shell=120.0.6099.71); For documentation on this error, please visit: https://www.selenium.dev/documentation/webdriver/troubleshooting/errors#no-such-element-exception\nStacktrace:\n#0 0x55c1e05c7d33 <unknown>\n#1 0x55c1e0284f87 <unknown>\n#2 0x55c1e02d4c0e <unknown>\n#3 0x55c1e02d4d11 <unknown>\n#4 0x55c1e0320004 <unknown>\n#5 0x55c1e02fe36d <unknown>\n#6 0x55c1e031d297 <unknown>\n#7 0x55c1e02fe0e3 <unknown>\n#8 0x55c1e02c6044 <unknown>\n#9 0x55c1e02c744e <unknown>\n#10 0x55c1e058c861 <unknown>\n#11 0x55c1e0590785 <unknown>\n#12 0x55c1e057a285 <unknown>\n#13 0x55c1e059141f <unknown>\n#14 0x55c1e055e20f <unknown>\n#15 0x55c1e05b5028 <unknown>\n#16 0x55c1e05b51f7 <unknown>\n#17 0x55c1e05c6ed4 <unknown>\n#18 0x7f4438511044 <unknown>","time":{"start":1702429883719,"stop":1702429884064,"duration":345}},{"uid":"ae634b64e2da964","reportUrl":"https://zaelcovsky.github.io/StroyremAutomation/168//#testresult/ae634b64e2da964","status":"skipped","statusDetails":"XFAIL\n\nselenium.common.exceptions.NoSuchElementException: Message: no such element: Unable to locate element: {\"method\":\"xpath\",\"selector\":\"(//a[@class='add-to-cart yellow-btn'])[1]\"}\n  (Session info: chrome-headless-shell=120.0.6099.71); For documentation on this error, please visit: https://www.selenium.dev/documentation/webdriver/troubleshooting/errors#no-such-element-exception\nStacktrace:\n#0 0x55f6aa858d33 <unknown>\n#1 0x55f6aa515f87 <unknown>\n#2 0x55f6aa565c0e <unknown>\n#3 0x55f6aa565d11 <unknown>\n#4 0x55f6aa5b1004 <unknown>\n#5 0x55f6aa58f36d <unknown>\n#6 0x55f6aa5ae297 <unknown>\n#7 0x55f6aa58f0e3 <unknown>\n#8 0x55f6aa557044 <unknown>\n#9 0x55f6aa55844e <unknown>\n#10 0x55f6aa81d861 <unknown>\n#11 0x55f6aa821785 <unknown>\n#12 0x55f6aa80b285 <unknown>\n#13 0x55f6aa82241f <unknown>\n#14 0x55f6aa7ef20f <unknown>\n#15 0x55f6aa846028 <unknown>\n#16 0x55f6aa8461f7 <unknown>\n#17 0x55f6aa857ed4 <unknown>\n#18 0x7f6643510044 <unknown>","time":{"start":1702343626940,"stop":1702343627391,"duration":451}},{"uid":"3b2c766211d75423","reportUrl":"https://zaelcovsky.github.io/StroyremAutomation/167//#testresult/3b2c766211d75423","status":"skipped","statusDetails":"XFAIL\n\nselenium.common.exceptions.NoSuchElementException: Message: no such element: Unable to locate element: {\"method\":\"xpath\",\"selector\":\"(//a[@class='add-to-cart yellow-btn'])[1]\"}\n  (Session info: chrome-headless-shell=120.0.6099.71); For documentation on this error, please visit: https://www.selenium.dev/documentation/webdriver/troubleshooting/errors#no-such-element-exception\nStacktrace:\n#0 0x556ca39d4d33 <unknown>\n#1 0x556ca3691f87 <unknown>\n#2 0x556ca36e1c0e <unknown>\n#3 0x556ca36e1d11 <unknown>\n#4 0x556ca372d004 <unknown>\n#5 0x556ca370b36d <unknown>\n#6 0x556ca372a297 <unknown>\n#7 0x556ca370b0e3 <unknown>\n#8 0x556ca36d3044 <unknown>\n#9 0x556ca36d444e <unknown>\n#10 0x556ca3999861 <unknown>\n#11 0x556ca399d785 <unknown>\n#12 0x556ca3987285 <unknown>\n#13 0x556ca399e41f <unknown>\n#14 0x556ca396b20f <unknown>\n#15 0x556ca39c2028 <unknown>\n#16 0x556ca39c21f7 <unknown>\n#17 0x556ca39d3ed4 <unknown>\n#18 0x7f50db552044 <unknown>","time":{"start":1702257248984,"stop":1702257249425,"duration":441}},{"uid":"60b809af273aaea6","reportUrl":"https://zaelcovsky.github.io/StroyremAutomation/166//#testresult/60b809af273aaea6","status":"skipped","statusDetails":"XFAIL\n\nselenium.common.exceptions.NoSuchElementException: Message: no such element: Unable to locate element: {\"method\":\"xpath\",\"selector\":\"(//a[@class='add-to-cart yellow-btn'])[1]\"}\n  (Session info: chrome-headless-shell=120.0.6099.71); For documentation on this error, please visit: https://www.selenium.dev/documentation/webdriver/troubleshooting/errors#no-such-element-exception\nStacktrace:\n#0 0x559d3fba8d33 <unknown>\n#1 0x559d3f865f87 <unknown>\n#2 0x559d3f8b5c0e <unknown>\n#3 0x559d3f8b5d11 <unknown>\n#4 0x559d3f901004 <unknown>\n#5 0x559d3f8df36d <unknown>\n#6 0x559d3f8fe297 <unknown>\n#7 0x559d3f8df0e3 <unknown>\n#8 0x559d3f8a7044 <unknown>\n#9 0x559d3f8a844e <unknown>\n#10 0x559d3fb6d861 <unknown>\n#11 0x559d3fb71785 <unknown>\n#12 0x559d3fb5b285 <unknown>\n#13 0x559d3fb7241f <unknown>\n#14 0x559d3fb3f20f <unknown>\n#15 0x559d3fb96028 <unknown>\n#16 0x559d3fb961f7 <unknown>\n#17 0x559d3fba7ed4 <unknown>\n#18 0x7f421429c044 <unknown>","time":{"start":1702170949160,"stop":1702170949532,"duration":372}},{"uid":"e22ad7de47c5a423","reportUrl":"https://zaelcovsky.github.io/StroyremAutomation/165//#testresult/e22ad7de47c5a423","status":"skipped","statusDetails":"XFAIL\n\nselenium.common.exceptions.NoSuchElementException: Message: no such element: Unable to locate element: {\"method\":\"xpath\",\"selector\":\"(//a[@class='add-to-cart yellow-btn'])[1]\"}\n  (Session info: chrome-headless-shell=120.0.6099.71); For documentation on this error, please visit: https://www.selenium.dev/documentation/webdriver/troubleshooting/errors#no-such-element-exception\nStacktrace:\n#0 0x55764acb6d33 <unknown>\n#1 0x55764a973f87 <unknown>\n#2 0x55764a9c3c0e <unknown>\n#3 0x55764a9c3d11 <unknown>\n#4 0x55764aa0f004 <unknown>\n#5 0x55764a9ed36d <unknown>\n#6 0x55764aa0c297 <unknown>\n#7 0x55764a9ed0e3 <unknown>\n#8 0x55764a9b5044 <unknown>\n#9 0x55764a9b644e <unknown>\n#10 0x55764ac7b861 <unknown>\n#11 0x55764ac7f785 <unknown>\n#12 0x55764ac69285 <unknown>\n#13 0x55764ac8041f <unknown>\n#14 0x55764ac4d20f <unknown>\n#15 0x55764aca4028 <unknown>\n#16 0x55764aca41f7 <unknown>\n#17 0x55764acb5ed4 <unknown>\n#18 0x7fc187c91044 <unknown>","time":{"start":1702084212990,"stop":1702084213566,"duration":576}},{"uid":"18e09162b0f24d73","reportUrl":"https://zaelcovsky.github.io/StroyremAutomation/164//#testresult/18e09162b0f24d73","status":"skipped","statusDetails":"XFAIL\n\nselenium.common.exceptions.NoSuchElementException: Message: no such element: Unable to locate element: {\"method\":\"xpath\",\"selector\":\"(//a[@class='add-to-cart yellow-btn'])[1]\"}\n  (Session info: chrome-headless-shell=120.0.6099.71); For documentation on this error, please visit: https://www.selenium.dev/documentation/webdriver/troubleshooting/errors#no-such-element-exception\nStacktrace:\n#0 0x55c861c56d33 <unknown>\n#1 0x55c861913f87 <unknown>\n#2 0x55c861963c0e <unknown>\n#3 0x55c861963d11 <unknown>\n#4 0x55c8619af004 <unknown>\n#5 0x55c86198d36d <unknown>\n#6 0x55c8619ac297 <unknown>\n#7 0x55c86198d0e3 <unknown>\n#8 0x55c861955044 <unknown>\n#9 0x55c86195644e <unknown>\n#10 0x55c861c1b861 <unknown>\n#11 0x55c861c1f785 <unknown>\n#12 0x55c861c09285 <unknown>\n#13 0x55c861c2041f <unknown>\n#14 0x55c861bed20f <unknown>\n#15 0x55c861c44028 <unknown>\n#16 0x55c861c441f7 <unknown>\n#17 0x55c861c55ed4 <unknown>\n#18 0x7fad138f9044 <unknown>","time":{"start":1701998026463,"stop":1701998026921,"duration":458}},{"uid":"576d305a743c75c5","reportUrl":"https://zaelcovsky.github.io/StroyremAutomation/163//#testresult/576d305a743c75c5","status":"skipped","statusDetails":"XFAIL\n\nselenium.common.exceptions.NoSuchElementException: Message: no such element: Unable to locate element: {\"method\":\"xpath\",\"selector\":\"(//a[@class='add-to-cart yellow-btn'])[1]\"}\n  (Session info: chrome-headless-shell=120.0.6099.71); For documentation on this error, please visit: https://www.selenium.dev/documentation/webdriver/troubleshooting/errors#no-such-element-exception\nStacktrace:\n#0 0x55e3f3066d33 <unknown>\n#1 0x55e3f2d23f87 <unknown>\n#2 0x55e3f2d73c0e <unknown>\n#3 0x55e3f2d73d11 <unknown>\n#4 0x55e3f2dbf004 <unknown>\n#5 0x55e3f2d9d36d <unknown>\n#6 0x55e3f2dbc297 <unknown>\n#7 0x55e3f2d9d0e3 <unknown>\n#8 0x55e3f2d65044 <unknown>\n#9 0x55e3f2d6644e <unknown>\n#10 0x55e3f302b861 <unknown>\n#11 0x55e3f302f785 <unknown>\n#12 0x55e3f3019285 <unknown>\n#13 0x55e3f303041f <unknown>\n#14 0x55e3f2ffd20f <unknown>\n#15 0x55e3f3054028 <unknown>\n#16 0x55e3f30541f7 <unknown>\n#17 0x55e3f3065ed4 <unknown>\n#18 0x7f04674d3044 <unknown>","time":{"start":1701911590066,"stop":1701911590592,"duration":526}},{"uid":"709756a9f1e38d6a","reportUrl":"https://zaelcovsky.github.io/StroyremAutomation/162//#testresult/709756a9f1e38d6a","status":"skipped","statusDetails":"XFAIL\n\nselenium.common.exceptions.NoSuchElementException: Message: no such element: Unable to locate element: {\"method\":\"xpath\",\"selector\":\"(//a[@class='add-to-cart yellow-btn'])[1]\"}\n  (Session info: chrome-headless-shell=120.0.6099.62); For documentation on this error, please visit: https://www.selenium.dev/documentation/webdriver/troubleshooting/errors#no-such-element-exception\nStacktrace:\n#0 0x56463035bdc3 <unknown>\n#1 0x564630018f87 <unknown>\n#2 0x564630068c0e <unknown>\n#3 0x564630068d11 <unknown>\n#4 0x5646300b4004 <unknown>\n#5 0x56463009236d <unknown>\n#6 0x5646300b1297 <unknown>\n#7 0x5646300920e3 <unknown>\n#8 0x56463005a044 <unknown>\n#9 0x56463005b44e <unknown>\n#10 0x5646303208f1 <unknown>\n#11 0x564630324815 <unknown>\n#12 0x56463030e315 <unknown>\n#13 0x5646303254af <unknown>\n#14 0x5646302f229f <unknown>\n#15 0x5646303490b8 <unknown>\n#16 0x564630349287 <unknown>\n#17 0x56463035af64 <unknown>\n#18 0x7fec6ed33044 <unknown>","time":{"start":1701825220642,"stop":1701825221080,"duration":438}},{"uid":"455b860fe6ffdfeb","reportUrl":"https://zaelcovsky.github.io/StroyremAutomation/161//#testresult/455b860fe6ffdfeb","status":"skipped","statusDetails":"XFAIL\n\nselenium.common.exceptions.NoSuchElementException: Message: no such element: Unable to locate element: {\"method\":\"xpath\",\"selector\":\"(//a[@class='add-to-cart yellow-btn'])[1]\"}\n  (Session info: headless chrome=119.0.6045.105); For documentation on this error, please visit: https://www.selenium.dev/documentation/webdriver/troubleshooting/errors#no-such-element-exception\nStacktrace:\n#0 0x558c6de075e3 <unknown>\n#1 0x558c6daca0b7 <unknown>\n#2 0x558c6db17f53 <unknown>\n#3 0x558c6db18051 <unknown>\n#4 0x558c6db5d9c4 <unknown>\n#5 0x558c6db3ef1d <unknown>\n#6 0x558c6db5ab3d <unknown>\n#7 0x558c6db3ecc3 <unknown>\n#8 0x558c6db0a0e4 <unknown>\n#9 0x558c6db0b0ae <unknown>\n#10 0x558c6ddcdce1 <unknown>\n#11 0x558c6ddd1b7e <unknown>\n#12 0x558c6ddbb4b5 <unknown>\n#13 0x558c6ddd27d6 <unknown>\n#14 0x558c6dd9edbf <unknown>\n#15 0x558c6ddf5748 <unknown>\n#16 0x558c6ddf5917 <unknown>\n#17 0x558c6de06773 <unknown>\n#18 0x7fd2ce2d3044 <unknown>","time":{"start":1701738728098,"stop":1701738728537,"duration":439}},{"uid":"11003ae1fc8504f3","reportUrl":"https://zaelcovsky.github.io/StroyremAutomation/160//#testresult/11003ae1fc8504f3","status":"skipped","statusDetails":"XFAIL\n\nselenium.common.exceptions.NoSuchElementException: Message: no such element: Unable to locate element: {\"method\":\"xpath\",\"selector\":\"//input[@class='amount']\"}\n  (Session info: headless chrome=119.0.6045.105); For documentation on this error, please visit: https://www.selenium.dev/documentation/webdriver/troubleshooting/errors#no-such-element-exception\nStacktrace:\n#0 0x556f099ef5e3 <unknown>\n#1 0x556f096b20b7 <unknown>\n#2 0x556f096fff53 <unknown>\n#3 0x556f09700051 <unknown>\n#4 0x556f097459c4 <unknown>\n#5 0x556f09726f1d <unknown>\n#6 0x556f09742b3d <unknown>\n#7 0x556f09726cc3 <unknown>\n#8 0x556f096f20e4 <unknown>\n#9 0x556f096f30ae <unknown>\n#10 0x556f099b5ce1 <unknown>\n#11 0x556f099b9b7e <unknown>\n#12 0x556f099a34b5 <unknown>\n#13 0x556f099ba7d6 <unknown>\n#14 0x556f09986dbf <unknown>\n#15 0x556f099dd748 <unknown>\n#16 0x556f099dd917 <unknown>\n#17 0x556f099ee773 <unknown>\n#18 0x7f085f314044 <unknown>","time":{"start":1701652486252,"stop":1701652490761,"duration":4509}},{"uid":"fee1b72a052d2702","reportUrl":"https://zaelcovsky.github.io/StroyremAutomation/159//#testresult/fee1b72a052d2702","status":"skipped","statusDetails":"XFAIL\n\nselenium.common.exceptions.NoSuchElementException: Message: no such element: Unable to locate element: {\"method\":\"xpath\",\"selector\":\"//input[@class='amount']\"}\n  (Session info: headless chrome=119.0.6045.105); For documentation on this error, please visit: https://www.selenium.dev/documentation/webdriver/troubleshooting/errors#no-such-element-exception\nStacktrace:\n#0 0x55ce7fe455e3 <unknown>\n#1 0x55ce7fb080b7 <unknown>\n#2 0x55ce7fb55f53 <unknown>\n#3 0x55ce7fb56051 <unknown>\n#4 0x55ce7fb9b9c4 <unknown>\n#5 0x55ce7fb7cf1d <unknown>\n#6 0x55ce7fb98b3d <unknown>\n#7 0x55ce7fb7ccc3 <unknown>\n#8 0x55ce7fb480e4 <unknown>\n#9 0x55ce7fb490ae <unknown>\n#10 0x55ce7fe0bce1 <unknown>\n#11 0x55ce7fe0fb7e <unknown>\n#12 0x55ce7fdf94b5 <unknown>\n#13 0x55ce7fe107d6 <unknown>\n#14 0x55ce7fddcdbf <unknown>\n#15 0x55ce7fe33748 <unknown>\n#16 0x55ce7fe33917 <unknown>\n#17 0x55ce7fe44773 <unknown>\n#18 0x7ff7f3ddf044 <unknown>","time":{"start":1701566228421,"stop":1701566232348,"duration":3927}},{"uid":"aad9bec515e5c261","reportUrl":"https://zaelcovsky.github.io/StroyremAutomation/158//#testresult/aad9bec515e5c261","status":"skipped","statusDetails":"XFAIL\n\nselenium.common.exceptions.NoSuchElementException: Message: no such element: Unable to locate element: {\"method\":\"xpath\",\"selector\":\"//input[@class='amount']\"}\n  (Session info: headless chrome=119.0.6045.105); For documentation on this error, please visit: https://www.selenium.dev/documentation/webdriver/troubleshooting/errors#no-such-element-exception\nStacktrace:\n#0 0x562341bba5e3 <unknown>\n#1 0x56234187d0b7 <unknown>\n#2 0x5623418caf53 <unknown>\n#3 0x5623418cb051 <unknown>\n#4 0x5623419109c4 <unknown>\n#5 0x5623418f1f1d <unknown>\n#6 0x56234190db3d <unknown>\n#7 0x5623418f1cc3 <unknown>\n#8 0x5623418bd0e4 <unknown>\n#9 0x5623418be0ae <unknown>\n#10 0x562341b80ce1 <unknown>\n#11 0x562341b84b7e <unknown>\n#12 0x562341b6e4b5 <unknown>\n#13 0x562341b857d6 <unknown>\n#14 0x562341b51dbf <unknown>\n#15 0x562341ba8748 <unknown>\n#16 0x562341ba8917 <unknown>\n#17 0x562341bb9773 <unknown>\n#18 0x7f8306231044 <unknown>","time":{"start":1701479486447,"stop":1701479490337,"duration":3890}},{"uid":"bbbf123dbf1062bb","reportUrl":"https://zaelcovsky.github.io/StroyremAutomation/157//#testresult/bbbf123dbf1062bb","status":"skipped","statusDetails":"XFAIL\n\nselenium.common.exceptions.NoSuchElementException: Message: no such element: Unable to locate element: {\"method\":\"xpath\",\"selector\":\"//input[@class='amount']\"}\n  (Session info: headless chrome=119.0.6045.105); For documentation on this error, please visit: https://www.selenium.dev/documentation/webdriver/troubleshooting/errors#no-such-element-exception\nStacktrace:\n#0 0x5641c88ba5e3 <unknown>\n#1 0x5641c857d0b7 <unknown>\n#2 0x5641c85caf53 <unknown>\n#3 0x5641c85cb051 <unknown>\n#4 0x5641c86109c4 <unknown>\n#5 0x5641c85f1f1d <unknown>\n#6 0x5641c860db3d <unknown>\n#7 0x5641c85f1cc3 <unknown>\n#8 0x5641c85bd0e4 <unknown>\n#9 0x5641c85be0ae <unknown>\n#10 0x5641c8880ce1 <unknown>\n#11 0x5641c8884b7e <unknown>\n#12 0x5641c886e4b5 <unknown>\n#13 0x5641c88857d6 <unknown>\n#14 0x5641c8851dbf <unknown>\n#15 0x5641c88a8748 <unknown>\n#16 0x5641c88a8917 <unknown>\n#17 0x5641c88b9773 <unknown>\n#18 0x7f499f226044 <unknown>","time":{"start":1701393633999,"stop":1701393638673,"duration":4674}},{"uid":"54d2a4b6cd0feab2","reportUrl":"https://zaelcovsky.github.io/StroyremAutomation/156//#testresult/54d2a4b6cd0feab2","status":"skipped","statusDetails":"XFAIL\n\nselenium.common.exceptions.NoSuchElementException: Message: no such element: Unable to locate element: {\"method\":\"xpath\",\"selector\":\"//input[@class='amount']\"}\n  (Session info: headless chrome=119.0.6045.105); For documentation on this error, please visit: https://www.selenium.dev/documentation/webdriver/troubleshooting/errors#no-such-element-exception\nStacktrace:\n#0 0x5615dd6d35e3 <unknown>\n#1 0x5615dd3960b7 <unknown>\n#2 0x5615dd3e3f53 <unknown>\n#3 0x5615dd3e4051 <unknown>\n#4 0x5615dd4299c4 <unknown>\n#5 0x5615dd40af1d <unknown>\n#6 0x5615dd426b3d <unknown>\n#7 0x5615dd40acc3 <unknown>\n#8 0x5615dd3d60e4 <unknown>\n#9 0x5615dd3d70ae <unknown>\n#10 0x5615dd699ce1 <unknown>\n#11 0x5615dd69db7e <unknown>\n#12 0x5615dd6874b5 <unknown>\n#13 0x5615dd69e7d6 <unknown>\n#14 0x5615dd66adbf <unknown>\n#15 0x5615dd6c1748 <unknown>\n#16 0x5615dd6c1917 <unknown>\n#17 0x5615dd6d2773 <unknown>\n#18 0x7f162cb0c044 <unknown>","time":{"start":1701306774460,"stop":1701306778370,"duration":3910}},{"uid":"bc5fc5a1be13c34","reportUrl":"https://zaelcovsky.github.io/StroyremAutomation/155//#testresult/bc5fc5a1be13c34","status":"skipped","statusDetails":"XFAIL\n\nselenium.common.exceptions.NoSuchElementException: Message: no such element: Unable to locate element: {\"method\":\"xpath\",\"selector\":\"//input[@class='amount']\"}\n  (Session info: headless chrome=119.0.6045.105); For documentation on this error, please visit: https://www.selenium.dev/documentation/webdriver/troubleshooting/errors#no-such-element-exception\nStacktrace:\n#0 0x5608a94a85e3 <unknown>\n#1 0x5608a916b0b7 <unknown>\n#2 0x5608a91b8f53 <unknown>\n#3 0x5608a91b9051 <unknown>\n#4 0x5608a91fe9c4 <unknown>\n#5 0x5608a91dff1d <unknown>\n#6 0x5608a91fbb3d <unknown>\n#7 0x5608a91dfcc3 <unknown>\n#8 0x5608a91ab0e4 <unknown>\n#9 0x5608a91ac0ae <unknown>\n#10 0x5608a946ece1 <unknown>\n#11 0x5608a9472b7e <unknown>\n#12 0x5608a945c4b5 <unknown>\n#13 0x5608a94737d6 <unknown>\n#14 0x5608a943fdbf <unknown>\n#15 0x5608a9496748 <unknown>\n#16 0x5608a9496917 <unknown>\n#17 0x5608a94a7773 <unknown>\n#18 0x7f71e5bcc044 <unknown>","time":{"start":1701220388364,"stop":1701220391774,"duration":3410}},{"uid":"9fe91fcc8c728dca","reportUrl":"https://zaelcovsky.github.io/StroyremAutomation/154//#testresult/9fe91fcc8c728dca","status":"skipped","statusDetails":"XFAIL\n\nselenium.common.exceptions.NoSuchElementException: Message: no such element: Unable to locate element: {\"method\":\"xpath\",\"selector\":\"//input[@class='amount']\"}\n  (Session info: headless chrome=119.0.6045.105); For documentation on this error, please visit: https://www.selenium.dev/documentation/webdriver/troubleshooting/errors#no-such-element-exception\nStacktrace:\n#0 0x555c1dffe5e3 <unknown>\n#1 0x555c1dcc10b7 <unknown>\n#2 0x555c1dd0ef53 <unknown>\n#3 0x555c1dd0f051 <unknown>\n#4 0x555c1dd549c4 <unknown>\n#5 0x555c1dd35f1d <unknown>\n#6 0x555c1dd51b3d <unknown>\n#7 0x555c1dd35cc3 <unknown>\n#8 0x555c1dd010e4 <unknown>\n#9 0x555c1dd020ae <unknown>\n#10 0x555c1dfc4ce1 <unknown>\n#11 0x555c1dfc8b7e <unknown>\n#12 0x555c1dfb24b5 <unknown>\n#13 0x555c1dfc97d6 <unknown>\n#14 0x555c1df95dbf <unknown>\n#15 0x555c1dfec748 <unknown>\n#16 0x555c1dfec917 <unknown>\n#17 0x555c1dffd773 <unknown>\n#18 0x7f7269bd1044 <unknown>","time":{"start":1701133998161,"stop":1701134001793,"duration":3632}},{"uid":"3496b42d4b2c20a1","reportUrl":"https://zaelcovsky.github.io/StroyremAutomation/153//#testresult/3496b42d4b2c20a1","status":"skipped","statusDetails":"XFAIL\n\nselenium.common.exceptions.NoSuchElementException: Message: no such element: Unable to locate element: {\"method\":\"xpath\",\"selector\":\"//input[@class='amount']\"}\n  (Session info: headless chrome=119.0.6045.105); For documentation on this error, please visit: https://www.selenium.dev/documentation/webdriver/troubleshooting/errors#no-such-element-exception\nStacktrace:\n#0 0x562bd71c45e3 <unknown>\n#1 0x562bd6e870b7 <unknown>\n#2 0x562bd6ed4f53 <unknown>\n#3 0x562bd6ed5051 <unknown>\n#4 0x562bd6f1a9c4 <unknown>\n#5 0x562bd6efbf1d <unknown>\n#6 0x562bd6f17b3d <unknown>\n#7 0x562bd6efbcc3 <unknown>\n#8 0x562bd6ec70e4 <unknown>\n#9 0x562bd6ec80ae <unknown>\n#10 0x562bd718ace1 <unknown>\n#11 0x562bd718eb7e <unknown>\n#12 0x562bd71784b5 <unknown>\n#13 0x562bd718f7d6 <unknown>\n#14 0x562bd715bdbf <unknown>\n#15 0x562bd71b2748 <unknown>\n#16 0x562bd71b2917 <unknown>\n#17 0x562bd71c3773 <unknown>\n#18 0x7fa2ba49a044 <unknown>","time":{"start":1701047610645,"stop":1701047614715,"duration":4070}},{"uid":"2eea447593d07b44","reportUrl":"https://zaelcovsky.github.io/StroyremAutomation/152//#testresult/2eea447593d07b44","status":"skipped","statusDetails":"XFAIL\n\nselenium.common.exceptions.NoSuchElementException: Message: no such element: Unable to locate element: {\"method\":\"xpath\",\"selector\":\"//input[@class='amount']\"}\n  (Session info: headless chrome=119.0.6045.105); For documentation on this error, please visit: https://www.selenium.dev/documentation/webdriver/troubleshooting/errors#no-such-element-exception\nStacktrace:\n#0 0x5647d318b5e3 <unknown>\n#1 0x5647d2e4e0b7 <unknown>\n#2 0x5647d2e9bf53 <unknown>\n#3 0x5647d2e9c051 <unknown>\n#4 0x5647d2ee19c4 <unknown>\n#5 0x5647d2ec2f1d <unknown>\n#6 0x5647d2edeb3d <unknown>\n#7 0x5647d2ec2cc3 <unknown>\n#8 0x5647d2e8e0e4 <unknown>\n#9 0x5647d2e8f0ae <unknown>\n#10 0x5647d3151ce1 <unknown>\n#11 0x5647d3155b7e <unknown>\n#12 0x5647d313f4b5 <unknown>\n#13 0x5647d31567d6 <unknown>\n#14 0x5647d3122dbf <unknown>\n#15 0x5647d3179748 <unknown>\n#16 0x5647d3179917 <unknown>\n#17 0x5647d318a773 <unknown>\n#18 0x7f8023802044 <unknown>","time":{"start":1700961524437,"stop":1700961529440,"duration":5003}}]},"tags":["@pytest.mark.xfail(reson='Цена доставки: 7000 13900 15900')","smoke"]},"source":"4d7e67c87bc3185e.json","parameterValues":["19900","366","'TD 026'","14900","'products/shtukaturka-gipsovaya-aksolit-m50-30-kg-mashinnogo-naneseniya'","8000","'https://sandboxtest.stroyrem-nn.ru/'","11000"]}