{"uid":"3b9f2d4845815a22","name":"TC 012 - Проверка функциональности ссылки 'Местоположение'","fullName":"tests.test_main_page.TestMainPage#test_positive_footer_location_smoke","historyId":"f096cd37294bea290e9040a7edc973e4","time":{"start":1696035704948,"stop":1696035704964,"duration":16},"status":"broken","statusMessage":"selenium.common.exceptions.NoSuchElementException: Message: no such element: Unable to locate element: {\"method\":\"xpath\",\"selector\":\"(//a[@href='/contact'])[3]\"}\n  (Session info: headless chrome=117.0.5938.92); For documentation on this error, please visit: https://www.selenium.dev/documentation/webdriver/troubleshooting/errors#no-such-element-exception\nStacktrace:\n#0 0x55b1649df6b3 <unknown>\n#1 0x55b1646b51e7 <unknown>\n#2 0x55b1646fc566 <unknown>\n#3 0x55b1646fc651 <unknown>\n#4 0x55b164739a74 <unknown>\n#5 0x55b16471e0ed <unknown>\n#6 0x55b164737322 <unknown>\n#7 0x55b16471de93 <unknown>\n#8 0x55b1646f0934 <unknown>\n#9 0x55b1646f171e <unknown>\n#10 0x55b1649a4cb8 <unknown>\n#11 0x55b1649a8bf0 <unknown>\n#12 0x55b1649b319c <unknown>\n#13 0x55b1649a9808 <unknown>\n#14 0x55b16497627f <unknown>\n#15 0x55b1649cde88 <unknown>\n#16 0x55b1649ce059 <unknown>\n#17 0x55b1649de843 <unknown>\n#18 0x7f3752504044 <unknown>","statusTrace":"self = <tests.test_main_page.TestMainPage object at 0x7f9f850c2850>\nmain_page = <pages.main_page.MainPage object at 0x7f9f85f1acd0>\n\n    @allure.feature(\"Footer functionality\")\n    @allure.title(\"TC 012 - Проверка функциональности ссылки 'Местоположение'\")\n    @pytest.mark.smoke_test\n    def test_positive_footer_location_smoke(self, main_page):\n        location_page = LocationPage(main_page.driver)\n>       main_page.check_location_link()\n\ntests/test_main_page.py:116: \n_ _ _ _ _ _ _ _ _ _ _ _ _ _ _ _ _ _ _ _ _ _ _ _ _ _ _ _ _ _ _ _ _ _ _ _ _ _ _ _ \npages/main_page.py:148: in check_location_link\n    self.driver.find_element(*self._location).click()\n/usr/local/lib/python3.11/site-packages/selenium/webdriver/remote/webdriver.py:740: in find_element\n    return self.execute(Command.FIND_ELEMENT, {\"using\": by, \"value\": value})[\"value\"]\n/usr/local/lib/python3.11/site-packages/selenium/webdriver/remote/webdriver.py:346: in execute\n    self.error_handler.check_response(response)\n_ _ _ _ _ _ _ _ _ _ _ _ _ _ _ _ _ _ _ _ _ _ _ _ _ _ _ _ _ _ _ _ _ _ _ _ _ _ _ _ \n\nself = <selenium.webdriver.remote.errorhandler.ErrorHandler object at 0x7f9f85f467d0>\nresponse = {'status': 404, 'value': '{\"value\":{\"error\":\"no such element\",\"message\":\"no such element: Unable to locate element: {\\...\\\\n#16 0x55b1649ce059 \\\\u003Cunknown>\\\\n#17 0x55b1649de843 \\\\u003Cunknown>\\\\n#18 0x7f3752504044 \\\\u003Cunknown>\\\\n\"}}'}\n\n    def check_response(self, response: Dict[str, Any]) -> None:\n        \"\"\"Checks that a JSON response from the WebDriver does not have an\n        error.\n    \n        :Args:\n         - response - The JSON response from the WebDriver server as a dictionary\n           object.\n    \n        :Raises: If the response contains an error message.\n        \"\"\"\n        status = response.get(\"status\", None)\n        if not status or status == ErrorCode.SUCCESS:\n            return\n        value = None\n        message = response.get(\"message\", \"\")\n        screen: str = response.get(\"screen\", \"\")\n        stacktrace = None\n        if isinstance(status, int):\n            value_json = response.get(\"value\", None)\n            if value_json and isinstance(value_json, str):\n                import json\n    \n                try:\n                    value = json.loads(value_json)\n                    if len(value) == 1:\n                        value = value[\"value\"]\n                    status = value.get(\"error\", None)\n                    if not status:\n                        status = value.get(\"status\", ErrorCode.UNKNOWN_ERROR)\n                        message = value.get(\"value\") or value.get(\"message\")\n                        if not isinstance(message, str):\n                            value = message\n                            message = message.get(\"message\")\n                    else:\n                        message = value.get(\"message\", None)\n                except ValueError:\n                    pass\n    \n        exception_class: Type[WebDriverException]\n        if status in ErrorCode.NO_SUCH_ELEMENT:\n            exception_class = NoSuchElementException\n        elif status in ErrorCode.NO_SUCH_FRAME:\n            exception_class = NoSuchFrameException\n        elif status in ErrorCode.NO_SUCH_SHADOW_ROOT:\n            exception_class = NoSuchShadowRootException\n        elif status in ErrorCode.NO_SUCH_WINDOW:\n            exception_class = NoSuchWindowException\n        elif status in ErrorCode.STALE_ELEMENT_REFERENCE:\n            exception_class = StaleElementReferenceException\n        elif status in ErrorCode.ELEMENT_NOT_VISIBLE:\n            exception_class = ElementNotVisibleException\n        elif status in ErrorCode.INVALID_ELEMENT_STATE:\n            exception_class = InvalidElementStateException\n        elif (\n            status in ErrorCode.INVALID_SELECTOR\n            or status in ErrorCode.INVALID_XPATH_SELECTOR\n            or status in ErrorCode.INVALID_XPATH_SELECTOR_RETURN_TYPER\n        ):\n            exception_class = InvalidSelectorException\n        elif status in ErrorCode.ELEMENT_IS_NOT_SELECTABLE:\n            exception_class = ElementNotSelectableException\n        elif status in ErrorCode.ELEMENT_NOT_INTERACTABLE:\n            exception_class = ElementNotInteractableException\n        elif status in ErrorCode.INVALID_COOKIE_DOMAIN:\n            exception_class = InvalidCookieDomainException\n        elif status in ErrorCode.UNABLE_TO_SET_COOKIE:\n            exception_class = UnableToSetCookieException\n        elif status in ErrorCode.TIMEOUT:\n            exception_class = TimeoutException\n        elif status in ErrorCode.SCRIPT_TIMEOUT:\n            exception_class = TimeoutException\n        elif status in ErrorCode.UNKNOWN_ERROR:\n            exception_class = WebDriverException\n        elif status in ErrorCode.UNEXPECTED_ALERT_OPEN:\n            exception_class = UnexpectedAlertPresentException\n        elif status in ErrorCode.NO_ALERT_OPEN:\n            exception_class = NoAlertPresentException\n        elif status in ErrorCode.IME_NOT_AVAILABLE:\n            exception_class = ImeNotAvailableException\n        elif status in ErrorCode.IME_ENGINE_ACTIVATION_FAILED:\n            exception_class = ImeActivationFailedException\n        elif status in ErrorCode.MOVE_TARGET_OUT_OF_BOUNDS:\n            exception_class = MoveTargetOutOfBoundsException\n        elif status in ErrorCode.JAVASCRIPT_ERROR:\n            exception_class = JavascriptException\n        elif status in ErrorCode.SESSION_NOT_CREATED:\n            exception_class = SessionNotCreatedException\n        elif status in ErrorCode.INVALID_ARGUMENT:\n            exception_class = InvalidArgumentException\n        elif status in ErrorCode.NO_SUCH_COOKIE:\n            exception_class = NoSuchCookieException\n        elif status in ErrorCode.UNABLE_TO_CAPTURE_SCREEN:\n            exception_class = ScreenshotException\n        elif status in ErrorCode.ELEMENT_CLICK_INTERCEPTED:\n            exception_class = ElementClickInterceptedException\n        elif status in ErrorCode.INSECURE_CERTIFICATE:\n            exception_class = InsecureCertificateException\n        elif status in ErrorCode.INVALID_COORDINATES:\n            exception_class = InvalidCoordinatesException\n        elif status in ErrorCode.INVALID_SESSION_ID:\n            exception_class = InvalidSessionIdException\n        elif status in ErrorCode.UNKNOWN_METHOD:\n            exception_class = UnknownMethodException\n        else:\n            exception_class = WebDriverException\n        if not value:\n            value = response[\"value\"]\n        if isinstance(value, str):\n            raise exception_class(value)\n        if message == \"\" and \"message\" in value:\n            message = value[\"message\"]\n    \n        screen = None  # type: ignore[assignment]\n        if \"screen\" in value:\n            screen = value[\"screen\"]\n    \n        stacktrace = None\n        st_value = value.get(\"stackTrace\") or value.get(\"stacktrace\")\n        if st_value:\n            if isinstance(st_value, str):\n                stacktrace = st_value.split(\"\\n\")\n            else:\n                stacktrace = []\n                try:\n                    for frame in st_value:\n                        line = frame.get(\"lineNumber\", \"\")\n                        file = frame.get(\"fileName\", \"<anonymous>\")\n                        if line:\n                            file = f\"{file}:{line}\"\n                        meth = frame.get(\"methodName\", \"<anonymous>\")\n                        if \"className\" in frame:\n                            meth = f\"{frame['className']}.{meth}\"\n                        msg = \"    at %s (%s)\"\n                        msg = msg % (meth, file)\n                        stacktrace.append(msg)\n                except TypeError:\n                    pass\n        if exception_class == UnexpectedAlertPresentException:\n            alert_text = None\n            if \"data\" in value:\n                alert_text = value[\"data\"].get(\"text\")\n            elif \"alert\" in value:\n                alert_text = value[\"alert\"].get(\"text\")\n            raise exception_class(message, screen, stacktrace, alert_text)  # type: ignore[call-arg]  # mypy is not smart enough here\n>       raise exception_class(message, screen, stacktrace)\nE       selenium.common.exceptions.NoSuchElementException: Message: no such element: Unable to locate element: {\"method\":\"xpath\",\"selector\":\"(//a[@href='/contact'])[3]\"}\nE         (Session info: headless chrome=117.0.5938.92); For documentation on this error, please visit: https://www.selenium.dev/documentation/webdriver/troubleshooting/errors#no-such-element-exception\nE       Stacktrace:\nE       #0 0x55b1649df6b3 <unknown>\nE       #1 0x55b1646b51e7 <unknown>\nE       #2 0x55b1646fc566 <unknown>\nE       #3 0x55b1646fc651 <unknown>\nE       #4 0x55b164739a74 <unknown>\nE       #5 0x55b16471e0ed <unknown>\nE       #6 0x55b164737322 <unknown>\nE       #7 0x55b16471de93 <unknown>\nE       #8 0x55b1646f0934 <unknown>\nE       #9 0x55b1646f171e <unknown>\nE       #10 0x55b1649a4cb8 <unknown>\nE       #11 0x55b1649a8bf0 <unknown>\nE       #12 0x55b1649b319c <unknown>\nE       #13 0x55b1649a9808 <unknown>\nE       #14 0x55b16497627f <unknown>\nE       #15 0x55b1649cde88 <unknown>\nE       #16 0x55b1649ce059 <unknown>\nE       #17 0x55b1649de843 <unknown>\nE       #18 0x7f3752504044 <unknown>\n\n/usr/local/lib/python3.11/site-packages/selenium/webdriver/remote/errorhandler.py:245: NoSuchElementException","flaky":false,"newFailed":false,"newBroken":false,"newPassed":false,"retriesCount":0,"retriesStatusChange":false,"beforeStages":[{"name":"_session_faker","time":{"start":1696035563668,"stop":1696035563751,"duration":83},"status":"passed","steps":[],"attachments":[],"parameters":[],"shouldDisplayMessage":false,"stepsCount":0,"attachmentsCount":0,"hasContent":false},{"name":"clear_allure_results_folder","time":{"start":1696035563751,"stop":1696035563751,"duration":0},"status":"passed","steps":[],"attachments":[],"parameters":[],"shouldDisplayMessage":false,"stepsCount":0,"attachmentsCount":0,"hasContent":false},{"name":"driver","time":{"start":1696035703774,"stop":1696035704551,"duration":777},"status":"passed","steps":[],"attachments":[],"parameters":[],"shouldDisplayMessage":false,"stepsCount":0,"attachmentsCount":0,"hasContent":false},{"name":"setup","time":{"start":1696035704551,"stop":1696035704551,"duration":0},"status":"passed","steps":[],"attachments":[],"parameters":[],"shouldDisplayMessage":false,"stepsCount":0,"attachmentsCount":0,"hasContent":false},{"name":"main_page","time":{"start":1696035704551,"stop":1696035704948,"duration":397},"status":"passed","steps":[],"attachments":[],"parameters":[],"shouldDisplayMessage":false,"stepsCount":0,"attachmentsCount":0,"hasContent":false}],"testStage":{"status":"broken","statusMessage":"selenium.common.exceptions.NoSuchElementException: Message: no such element: Unable to locate element: {\"method\":\"xpath\",\"selector\":\"(//a[@href='/contact'])[3]\"}\n  (Session info: headless chrome=117.0.5938.92); For documentation on this error, please visit: https://www.selenium.dev/documentation/webdriver/troubleshooting/errors#no-such-element-exception\nStacktrace:\n#0 0x55b1649df6b3 <unknown>\n#1 0x55b1646b51e7 <unknown>\n#2 0x55b1646fc566 <unknown>\n#3 0x55b1646fc651 <unknown>\n#4 0x55b164739a74 <unknown>\n#5 0x55b16471e0ed <unknown>\n#6 0x55b164737322 <unknown>\n#7 0x55b16471de93 <unknown>\n#8 0x55b1646f0934 <unknown>\n#9 0x55b1646f171e <unknown>\n#10 0x55b1649a4cb8 <unknown>\n#11 0x55b1649a8bf0 <unknown>\n#12 0x55b1649b319c <unknown>\n#13 0x55b1649a9808 <unknown>\n#14 0x55b16497627f <unknown>\n#15 0x55b1649cde88 <unknown>\n#16 0x55b1649ce059 <unknown>\n#17 0x55b1649de843 <unknown>\n#18 0x7f3752504044 <unknown>","statusTrace":"self = <tests.test_main_page.TestMainPage object at 0x7f9f850c2850>\nmain_page = <pages.main_page.MainPage object at 0x7f9f85f1acd0>\n\n    @allure.feature(\"Footer functionality\")\n    @allure.title(\"TC 012 - Проверка функциональности ссылки 'Местоположение'\")\n    @pytest.mark.smoke_test\n    def test_positive_footer_location_smoke(self, main_page):\n        location_page = LocationPage(main_page.driver)\n>       main_page.check_location_link()\n\ntests/test_main_page.py:116: \n_ _ _ _ _ _ _ _ _ _ _ _ _ _ _ _ _ _ _ _ _ _ _ _ _ _ _ _ _ _ _ _ _ _ _ _ _ _ _ _ \npages/main_page.py:148: in check_location_link\n    self.driver.find_element(*self._location).click()\n/usr/local/lib/python3.11/site-packages/selenium/webdriver/remote/webdriver.py:740: in find_element\n    return self.execute(Command.FIND_ELEMENT, {\"using\": by, \"value\": value})[\"value\"]\n/usr/local/lib/python3.11/site-packages/selenium/webdriver/remote/webdriver.py:346: in execute\n    self.error_handler.check_response(response)\n_ _ _ _ _ _ _ _ _ _ _ _ _ _ _ _ _ _ _ _ _ _ _ _ _ _ _ _ _ _ _ _ _ _ _ _ _ _ _ _ \n\nself = <selenium.webdriver.remote.errorhandler.ErrorHandler object at 0x7f9f85f467d0>\nresponse = {'status': 404, 'value': '{\"value\":{\"error\":\"no such element\",\"message\":\"no such element: Unable to locate element: {\\...\\\\n#16 0x55b1649ce059 \\\\u003Cunknown>\\\\n#17 0x55b1649de843 \\\\u003Cunknown>\\\\n#18 0x7f3752504044 \\\\u003Cunknown>\\\\n\"}}'}\n\n    def check_response(self, response: Dict[str, Any]) -> None:\n        \"\"\"Checks that a JSON response from the WebDriver does not have an\n        error.\n    \n        :Args:\n         - response - The JSON response from the WebDriver server as a dictionary\n           object.\n    \n        :Raises: If the response contains an error message.\n        \"\"\"\n        status = response.get(\"status\", None)\n        if not status or status == ErrorCode.SUCCESS:\n            return\n        value = None\n        message = response.get(\"message\", \"\")\n        screen: str = response.get(\"screen\", \"\")\n        stacktrace = None\n        if isinstance(status, int):\n            value_json = response.get(\"value\", None)\n            if value_json and isinstance(value_json, str):\n                import json\n    \n                try:\n                    value = json.loads(value_json)\n                    if len(value) == 1:\n                        value = value[\"value\"]\n                    status = value.get(\"error\", None)\n                    if not status:\n                        status = value.get(\"status\", ErrorCode.UNKNOWN_ERROR)\n                        message = value.get(\"value\") or value.get(\"message\")\n                        if not isinstance(message, str):\n                            value = message\n                            message = message.get(\"message\")\n                    else:\n                        message = value.get(\"message\", None)\n                except ValueError:\n                    pass\n    \n        exception_class: Type[WebDriverException]\n        if status in ErrorCode.NO_SUCH_ELEMENT:\n            exception_class = NoSuchElementException\n        elif status in ErrorCode.NO_SUCH_FRAME:\n            exception_class = NoSuchFrameException\n        elif status in ErrorCode.NO_SUCH_SHADOW_ROOT:\n            exception_class = NoSuchShadowRootException\n        elif status in ErrorCode.NO_SUCH_WINDOW:\n            exception_class = NoSuchWindowException\n        elif status in ErrorCode.STALE_ELEMENT_REFERENCE:\n            exception_class = StaleElementReferenceException\n        elif status in ErrorCode.ELEMENT_NOT_VISIBLE:\n            exception_class = ElementNotVisibleException\n        elif status in ErrorCode.INVALID_ELEMENT_STATE:\n            exception_class = InvalidElementStateException\n        elif (\n            status in ErrorCode.INVALID_SELECTOR\n            or status in ErrorCode.INVALID_XPATH_SELECTOR\n            or status in ErrorCode.INVALID_XPATH_SELECTOR_RETURN_TYPER\n        ):\n            exception_class = InvalidSelectorException\n        elif status in ErrorCode.ELEMENT_IS_NOT_SELECTABLE:\n            exception_class = ElementNotSelectableException\n        elif status in ErrorCode.ELEMENT_NOT_INTERACTABLE:\n            exception_class = ElementNotInteractableException\n        elif status in ErrorCode.INVALID_COOKIE_DOMAIN:\n            exception_class = InvalidCookieDomainException\n        elif status in ErrorCode.UNABLE_TO_SET_COOKIE:\n            exception_class = UnableToSetCookieException\n        elif status in ErrorCode.TIMEOUT:\n            exception_class = TimeoutException\n        elif status in ErrorCode.SCRIPT_TIMEOUT:\n            exception_class = TimeoutException\n        elif status in ErrorCode.UNKNOWN_ERROR:\n            exception_class = WebDriverException\n        elif status in ErrorCode.UNEXPECTED_ALERT_OPEN:\n            exception_class = UnexpectedAlertPresentException\n        elif status in ErrorCode.NO_ALERT_OPEN:\n            exception_class = NoAlertPresentException\n        elif status in ErrorCode.IME_NOT_AVAILABLE:\n            exception_class = ImeNotAvailableException\n        elif status in ErrorCode.IME_ENGINE_ACTIVATION_FAILED:\n            exception_class = ImeActivationFailedException\n        elif status in ErrorCode.MOVE_TARGET_OUT_OF_BOUNDS:\n            exception_class = MoveTargetOutOfBoundsException\n        elif status in ErrorCode.JAVASCRIPT_ERROR:\n            exception_class = JavascriptException\n        elif status in ErrorCode.SESSION_NOT_CREATED:\n            exception_class = SessionNotCreatedException\n        elif status in ErrorCode.INVALID_ARGUMENT:\n            exception_class = InvalidArgumentException\n        elif status in ErrorCode.NO_SUCH_COOKIE:\n            exception_class = NoSuchCookieException\n        elif status in ErrorCode.UNABLE_TO_CAPTURE_SCREEN:\n            exception_class = ScreenshotException\n        elif status in ErrorCode.ELEMENT_CLICK_INTERCEPTED:\n            exception_class = ElementClickInterceptedException\n        elif status in ErrorCode.INSECURE_CERTIFICATE:\n            exception_class = InsecureCertificateException\n        elif status in ErrorCode.INVALID_COORDINATES:\n            exception_class = InvalidCoordinatesException\n        elif status in ErrorCode.INVALID_SESSION_ID:\n            exception_class = InvalidSessionIdException\n        elif status in ErrorCode.UNKNOWN_METHOD:\n            exception_class = UnknownMethodException\n        else:\n            exception_class = WebDriverException\n        if not value:\n            value = response[\"value\"]\n        if isinstance(value, str):\n            raise exception_class(value)\n        if message == \"\" and \"message\" in value:\n            message = value[\"message\"]\n    \n        screen = None  # type: ignore[assignment]\n        if \"screen\" in value:\n            screen = value[\"screen\"]\n    \n        stacktrace = None\n        st_value = value.get(\"stackTrace\") or value.get(\"stacktrace\")\n        if st_value:\n            if isinstance(st_value, str):\n                stacktrace = st_value.split(\"\\n\")\n            else:\n                stacktrace = []\n                try:\n                    for frame in st_value:\n                        line = frame.get(\"lineNumber\", \"\")\n                        file = frame.get(\"fileName\", \"<anonymous>\")\n                        if line:\n                            file = f\"{file}:{line}\"\n                        meth = frame.get(\"methodName\", \"<anonymous>\")\n                        if \"className\" in frame:\n                            meth = f\"{frame['className']}.{meth}\"\n                        msg = \"    at %s (%s)\"\n                        msg = msg % (meth, file)\n                        stacktrace.append(msg)\n                except TypeError:\n                    pass\n        if exception_class == UnexpectedAlertPresentException:\n            alert_text = None\n            if \"data\" in value:\n                alert_text = value[\"data\"].get(\"text\")\n            elif \"alert\" in value:\n                alert_text = value[\"alert\"].get(\"text\")\n            raise exception_class(message, screen, stacktrace, alert_text)  # type: ignore[call-arg]  # mypy is not smart enough here\n>       raise exception_class(message, screen, stacktrace)\nE       selenium.common.exceptions.NoSuchElementException: Message: no such element: Unable to locate element: {\"method\":\"xpath\",\"selector\":\"(//a[@href='/contact'])[3]\"}\nE         (Session info: headless chrome=117.0.5938.92); For documentation on this error, please visit: https://www.selenium.dev/documentation/webdriver/troubleshooting/errors#no-such-element-exception\nE       Stacktrace:\nE       #0 0x55b1649df6b3 <unknown>\nE       #1 0x55b1646b51e7 <unknown>\nE       #2 0x55b1646fc566 <unknown>\nE       #3 0x55b1646fc651 <unknown>\nE       #4 0x55b164739a74 <unknown>\nE       #5 0x55b16471e0ed <unknown>\nE       #6 0x55b164737322 <unknown>\nE       #7 0x55b16471de93 <unknown>\nE       #8 0x55b1646f0934 <unknown>\nE       #9 0x55b1646f171e <unknown>\nE       #10 0x55b1649a4cb8 <unknown>\nE       #11 0x55b1649a8bf0 <unknown>\nE       #12 0x55b1649b319c <unknown>\nE       #13 0x55b1649a9808 <unknown>\nE       #14 0x55b16497627f <unknown>\nE       #15 0x55b1649cde88 <unknown>\nE       #16 0x55b1649ce059 <unknown>\nE       #17 0x55b1649de843 <unknown>\nE       #18 0x7f3752504044 <unknown>\n\n/usr/local/lib/python3.11/site-packages/selenium/webdriver/remote/errorhandler.py:245: NoSuchElementException","steps":[{"name":"Проверка функциональности ссылки 'Местоположение'","time":{"start":1696035704948,"stop":1696035704963,"duration":15},"status":"broken","statusMessage":"selenium.common.exceptions.NoSuchElementException: Message: no such element: Unable to locate element: {\"method\":\"xpath\",\"selector\":\"(//a[@href='/contact'])[3]\"}\n  (Session info: headless chrome=117.0.5938.92); For documentation on this error, please visit: https://www.selenium.dev/documentation/webdriver/troubleshooting/errors#no-such-element-exception\nStacktrace:\n#0 0x55b1649df6b3 <unknown>\n#1 0x55b1646b51e7 <unknown>\n#2 0x55b1646fc566 <unknown>\n#3 0x55b1646fc651 <unknown>\n#4 0x55b164739a74 <unknown>\n#5 0x55b16471e0ed <unknown>\n#6 0x55b164737322 <unknown>\n#7 0x55b16471de93 <unknown>\n#8 0x55b1646f0934 <unknown>\n#9 0x55b1646f171e <unknown>\n#10 0x55b1649a4cb8 <unknown>\n#11 0x55b1649a8bf0 <unknown>\n#12 0x55b1649b319c <unknown>\n#13 0x55b1649a9808 <unknown>\n#14 0x55b16497627f <unknown>\n#15 0x55b1649cde88 <unknown>\n#16 0x55b1649ce059 <unknown>\n#17 0x55b1649de843 <unknown>\n#18 0x7f3752504044 <unknown>\n\n","statusTrace":"  File \"/usr/local/lib/python3.11/site-packages/allure_commons/_allure.py\", line 192, in impl\n    return func(*a, **kw)\n           ^^^^^^^^^^^^^^\n  File \"/app/pages/main_page.py\", line 148, in check_location_link\n    self.driver.find_element(*self._location).click()\n    ^^^^^^^^^^^^^^^^^^^^^^^^^^^^^^^^^^^^^^^^^\n  File \"/usr/local/lib/python3.11/site-packages/selenium/webdriver/remote/webdriver.py\", line 740, in find_element\n    return self.execute(Command.FIND_ELEMENT, {\"using\": by, \"value\": value})[\"value\"]\n           ^^^^^^^^^^^^^^^^^^^^^^^^^^^^^^^^^^^^^^^^^^^^^^^^^^^^^^^^^^^^^^^^^\n  File \"/usr/local/lib/python3.11/site-packages/selenium/webdriver/remote/webdriver.py\", line 346, in execute\n    self.error_handler.check_response(response)\n  File \"/usr/local/lib/python3.11/site-packages/selenium/webdriver/remote/errorhandler.py\", line 245, in check_response\n    raise exception_class(message, screen, stacktrace)\n","steps":[],"attachments":[],"parameters":[],"shouldDisplayMessage":true,"stepsCount":0,"attachmentsCount":0,"hasContent":true}],"attachments":[{"uid":"990dcd9909147833","name":"Screenshot","source":"990dcd9909147833.png","type":"image/png","size":39127},{"uid":"6094929eee53f3ec","name":"HTML source","source":"6094929eee53f3ec.html","type":"text/html","size":538}],"parameters":[],"shouldDisplayMessage":true,"stepsCount":1,"attachmentsCount":2,"hasContent":true},"afterStages":[{"name":"driver::0","time":{"start":1696035705093,"stop":1696035705149,"duration":56},"status":"passed","steps":[],"attachments":[],"parameters":[],"shouldDisplayMessage":false,"stepsCount":0,"attachmentsCount":0,"hasContent":false},{"name":"setup::0","time":{"start":1696035705093,"stop":1696035705093,"duration":0},"status":"passed","steps":[],"attachments":[],"parameters":[],"shouldDisplayMessage":false,"stepsCount":0,"attachmentsCount":0,"hasContent":false}],"labels":[{"name":"feature","value":"Footer functionality"},{"name":"epic","value":"Main Page"},{"name":"tag","value":"smoke_test"},{"name":"parentSuite","value":"tests"},{"name":"suite","value":"test_main_page"},{"name":"subSuite","value":"TestMainPage"},{"name":"host","value":"0ae21cdde367"},{"name":"thread","value":"1-MainThread"},{"name":"framework","value":"pytest"},{"name":"language","value":"cpython3"},{"name":"package","value":"tests.test_main_page"},{"name":"resultFormat","value":"allure2"}],"parameters":[{"name":"url","value":"'https://test2.stroyrem-nn.ru/'"}],"links":[],"hidden":false,"retry":false,"extra":{"severity":"normal","retries":[],"categories":[{"name":"Test defects","matchedStatuses":[],"flaky":false}],"history":{"statistic":{"failed":0,"broken":17,"skipped":0,"passed":35,"unknown":0,"total":52},"items":[{"uid":"af835e2077d16789","reportUrl":"https://zaelcovsky.github.io/StroyremAutomation/94//#testresult/af835e2077d16789","status":"broken","statusDetails":"selenium.common.exceptions.NoSuchElementException: Message: no such element: Unable to locate element: {\"method\":\"xpath\",\"selector\":\"(//a[@href='/contact'])[3]\"}\n  (Session info: headless chrome=117.0.5938.92); For documentation on this error, please visit: https://www.selenium.dev/documentation/webdriver/troubleshooting/errors#no-such-element-exception\nStacktrace:\n#0 0x5573f6f206b3 <unknown>\n#1 0x5573f6bf61e7 <unknown>\n#2 0x5573f6c3d566 <unknown>\n#3 0x5573f6c3d651 <unknown>\n#4 0x5573f6c7aa74 <unknown>\n#5 0x5573f6c5f0ed <unknown>\n#6 0x5573f6c78322 <unknown>\n#7 0x5573f6c5ee93 <unknown>\n#8 0x5573f6c31934 <unknown>\n#9 0x5573f6c3271e <unknown>\n#10 0x5573f6ee5cb8 <unknown>\n#11 0x5573f6ee9bf0 <unknown>\n#12 0x5573f6ef419c <unknown>\n#13 0x5573f6eea808 <unknown>\n#14 0x5573f6eb727f <unknown>\n#15 0x5573f6f0ee88 <unknown>\n#16 0x5573f6f0f059 <unknown>\n#17 0x5573f6f1f843 <unknown>\n#18 0x7fbcf2830044 <unknown>","time":{"start":1695949387675,"stop":1695949387690,"duration":15}},{"uid":"d6850f526b663ef6","reportUrl":"https://zaelcovsky.github.io/StroyremAutomation/93//#testresult/d6850f526b663ef6","status":"broken","statusDetails":"selenium.common.exceptions.NoSuchElementException: Message: no such element: Unable to locate element: {\"method\":\"xpath\",\"selector\":\"(//a[@href='/contact'])[3]\"}\n  (Session info: headless chrome=117.0.5938.92); For documentation on this error, please visit: https://www.selenium.dev/documentation/webdriver/troubleshooting/errors#no-such-element-exception\nStacktrace:\n#0 0x563d438e36b3 <unknown>\n#1 0x563d435b91e7 <unknown>\n#2 0x563d43600566 <unknown>\n#3 0x563d43600651 <unknown>\n#4 0x563d4363da74 <unknown>\n#5 0x563d436220ed <unknown>\n#6 0x563d4363b322 <unknown>\n#7 0x563d43621e93 <unknown>\n#8 0x563d435f4934 <unknown>\n#9 0x563d435f571e <unknown>\n#10 0x563d438a8cb8 <unknown>\n#11 0x563d438acbf0 <unknown>\n#12 0x563d438b719c <unknown>\n#13 0x563d438ad808 <unknown>\n#14 0x563d4387a27f <unknown>\n#15 0x563d438d1e88 <unknown>\n#16 0x563d438d2059 <unknown>\n#17 0x563d438e2843 <unknown>\n#18 0x7fc04b56b044 <unknown>","time":{"start":1695862980156,"stop":1695862980172,"duration":16}},{"uid":"47db44d256e445a1","reportUrl":"https://zaelcovsky.github.io/StroyremAutomation/92//#testresult/47db44d256e445a1","status":"broken","statusDetails":"selenium.common.exceptions.NoSuchElementException: Message: no such element: Unable to locate element: {\"method\":\"xpath\",\"selector\":\"(//a[@href='/contact'])[3]\"}\n  (Session info: headless chrome=117.0.5938.92); For documentation on this error, please visit: https://www.selenium.dev/documentation/webdriver/troubleshooting/errors#no-such-element-exception\nStacktrace:\n#0 0x5571714a36b3 <unknown>\n#1 0x5571711791e7 <unknown>\n#2 0x5571711c0566 <unknown>\n#3 0x5571711c0651 <unknown>\n#4 0x5571711fda74 <unknown>\n#5 0x5571711e20ed <unknown>\n#6 0x5571711fb322 <unknown>\n#7 0x5571711e1e93 <unknown>\n#8 0x5571711b4934 <unknown>\n#9 0x5571711b571e <unknown>\n#10 0x557171468cb8 <unknown>\n#11 0x55717146cbf0 <unknown>\n#12 0x55717147719c <unknown>\n#13 0x55717146d808 <unknown>\n#14 0x55717143a27f <unknown>\n#15 0x557171491e88 <unknown>\n#16 0x557171492059 <unknown>\n#17 0x5571714a2843 <unknown>\n#18 0x7fef4657a044 <unknown>","time":{"start":1695776665208,"stop":1695776665227,"duration":19}},{"uid":"846859a1c0c0e698","reportUrl":"https://zaelcovsky.github.io/StroyremAutomation/91//#testresult/846859a1c0c0e698","status":"broken","statusDetails":"selenium.common.exceptions.NoSuchElementException: Message: no such element: Unable to locate element: {\"method\":\"xpath\",\"selector\":\"(//a[@href='/contact'])[3]\"}\n  (Session info: headless chrome=117.0.5938.92); For documentation on this error, please visit: https://www.selenium.dev/documentation/webdriver/troubleshooting/errors#no-such-element-exception\nStacktrace:\n#0 0x55db7575d6b3 <unknown>\n#1 0x55db754331e7 <unknown>\n#2 0x55db7547a566 <unknown>\n#3 0x55db7547a651 <unknown>\n#4 0x55db754b7a74 <unknown>\n#5 0x55db7549c0ed <unknown>\n#6 0x55db754b5322 <unknown>\n#7 0x55db7549be93 <unknown>\n#8 0x55db7546e934 <unknown>\n#9 0x55db7546f71e <unknown>\n#10 0x55db75722cb8 <unknown>\n#11 0x55db75726bf0 <unknown>\n#12 0x55db7573119c <unknown>\n#13 0x55db75727808 <unknown>\n#14 0x55db756f427f <unknown>\n#15 0x55db7574be88 <unknown>\n#16 0x55db7574c059 <unknown>\n#17 0x55db7575c843 <unknown>\n#18 0x7f6e09183044 <unknown>","time":{"start":1695690309101,"stop":1695690309120,"duration":19}},{"uid":"e443d8a976a96f3","reportUrl":"https://zaelcovsky.github.io/StroyremAutomation/90//#testresult/e443d8a976a96f3","status":"broken","statusDetails":"selenium.common.exceptions.NoSuchElementException: Message: no such element: Unable to locate element: {\"method\":\"xpath\",\"selector\":\"(//a[@href='/contact'])[3]\"}\n  (Session info: headless chrome=117.0.5938.92); For documentation on this error, please visit: https://www.selenium.dev/documentation/webdriver/troubleshooting/errors#no-such-element-exception\nStacktrace:\n#0 0x560b837406b3 <unknown>\n#1 0x560b834161e7 <unknown>\n#2 0x560b8345d566 <unknown>\n#3 0x560b8345d651 <unknown>\n#4 0x560b8349aa74 <unknown>\n#5 0x560b8347f0ed <unknown>\n#6 0x560b83498322 <unknown>\n#7 0x560b8347ee93 <unknown>\n#8 0x560b83451934 <unknown>\n#9 0x560b8345271e <unknown>\n#10 0x560b83705cb8 <unknown>\n#11 0x560b83709bf0 <unknown>\n#12 0x560b8371419c <unknown>\n#13 0x560b8370a808 <unknown>\n#14 0x560b836d727f <unknown>\n#15 0x560b8372ee88 <unknown>\n#16 0x560b8372f059 <unknown>\n#17 0x560b8373f843 <unknown>\n#18 0x7f01a8ae1044 <unknown>","time":{"start":1695603811632,"stop":1695603811648,"duration":16}},{"uid":"2e14f1f28b929694","reportUrl":"https://zaelcovsky.github.io/StroyremAutomation/89//#testresult/2e14f1f28b929694","status":"broken","statusDetails":"selenium.common.exceptions.NoSuchElementException: Message: no such element: Unable to locate element: {\"method\":\"xpath\",\"selector\":\"(//a[@href='/contact'])[3]\"}\n  (Session info: headless chrome=117.0.5938.92); For documentation on this error, please visit: https://www.selenium.dev/documentation/webdriver/troubleshooting/errors#no-such-element-exception\nStacktrace:\n#0 0x56061ecb26b3 <unknown>\n#1 0x56061e9881e7 <unknown>\n#2 0x56061e9cf566 <unknown>\n#3 0x56061e9cf651 <unknown>\n#4 0x56061ea0ca74 <unknown>\n#5 0x56061e9f10ed <unknown>\n#6 0x56061ea0a322 <unknown>\n#7 0x56061e9f0e93 <unknown>\n#8 0x56061e9c3934 <unknown>\n#9 0x56061e9c471e <unknown>\n#10 0x56061ec77cb8 <unknown>\n#11 0x56061ec7bbf0 <unknown>\n#12 0x56061ec8619c <unknown>\n#13 0x56061ec7c808 <unknown>\n#14 0x56061ec4927f <unknown>\n#15 0x56061eca0e88 <unknown>\n#16 0x56061eca1059 <unknown>\n#17 0x56061ecb1843 <unknown>\n#18 0x7f48fe708044 <unknown>","time":{"start":1695517608010,"stop":1695517608025,"duration":15}},{"uid":"fd6d6b7608b766a","reportUrl":"https://zaelcovsky.github.io/StroyremAutomation/88//#testresult/fd6d6b7608b766a","status":"broken","statusDetails":"selenium.common.exceptions.NoSuchElementException: Message: no such element: Unable to locate element: {\"method\":\"xpath\",\"selector\":\"(//a[@href='/contact'])[3]\"}\n  (Session info: headless chrome=117.0.5938.92); For documentation on this error, please visit: https://www.selenium.dev/documentation/webdriver/troubleshooting/errors#no-such-element-exception\nStacktrace:\n#0 0x5588754fa6b3 <unknown>\n#1 0x5588751d01e7 <unknown>\n#2 0x558875217566 <unknown>\n#3 0x558875217651 <unknown>\n#4 0x558875254a74 <unknown>\n#5 0x5588752390ed <unknown>\n#6 0x558875252322 <unknown>\n#7 0x558875238e93 <unknown>\n#8 0x55887520b934 <unknown>\n#9 0x55887520c71e <unknown>\n#10 0x5588754bfcb8 <unknown>\n#11 0x5588754c3bf0 <unknown>\n#12 0x5588754ce19c <unknown>\n#13 0x5588754c4808 <unknown>\n#14 0x55887549127f <unknown>\n#15 0x5588754e8e88 <unknown>\n#16 0x5588754e9059 <unknown>\n#17 0x5588754f9843 <unknown>\n#18 0x7fbccac65044 <unknown>","time":{"start":1695430933412,"stop":1695430933437,"duration":25}},{"uid":"890fffbc971b8b2","reportUrl":"https://zaelcovsky.github.io/StroyremAutomation/87//#testresult/890fffbc971b8b2","status":"broken","statusDetails":"selenium.common.exceptions.NoSuchElementException: Message: no such element: Unable to locate element: {\"method\":\"xpath\",\"selector\":\"(//a[@href='/contact'])[3]\"}\n  (Session info: headless chrome=117.0.5938.92); For documentation on this error, please visit: https://www.selenium.dev/documentation/webdriver/troubleshooting/errors#no-such-element-exception\nStacktrace:\n#0 0x55d1ea17e6b3 <unknown>\n#1 0x55d1e9e541e7 <unknown>\n#2 0x55d1e9e9b566 <unknown>\n#3 0x55d1e9e9b651 <unknown>\n#4 0x55d1e9ed8a74 <unknown>\n#5 0x55d1e9ebd0ed <unknown>\n#6 0x55d1e9ed6322 <unknown>\n#7 0x55d1e9ebce93 <unknown>\n#8 0x55d1e9e8f934 <unknown>\n#9 0x55d1e9e9071e <unknown>\n#10 0x55d1ea143cb8 <unknown>\n#11 0x55d1ea147bf0 <unknown>\n#12 0x55d1ea15219c <unknown>\n#13 0x55d1ea148808 <unknown>\n#14 0x55d1ea11527f <unknown>\n#15 0x55d1ea16ce88 <unknown>\n#16 0x55d1ea16d059 <unknown>\n#17 0x55d1ea17d843 <unknown>\n#18 0x7f7615b99044 <unknown>","time":{"start":1695344572739,"stop":1695344572755,"duration":16}},{"uid":"43e8015208be50cd","reportUrl":"https://zaelcovsky.github.io/StroyremAutomation/86//#testresult/43e8015208be50cd","status":"broken","statusDetails":"selenium.common.exceptions.NoSuchElementException: Message: no such element: Unable to locate element: {\"method\":\"xpath\",\"selector\":\"(//a[@href='/contact'])[3]\"}\n  (Session info: headless chrome=117.0.5938.88); For documentation on this error, please visit: https://www.selenium.dev/documentation/webdriver/troubleshooting/errors#no-such-element-exception\nStacktrace:\n#0 0x560ad70cb6c3 <unknown>\n#1 0x560ad6da11e7 <unknown>\n#2 0x560ad6de8566 <unknown>\n#3 0x560ad6de8651 <unknown>\n#4 0x560ad6e25a74 <unknown>\n#5 0x560ad6e0a0ed <unknown>\n#6 0x560ad6e23322 <unknown>\n#7 0x560ad6e09e93 <unknown>\n#8 0x560ad6ddc934 <unknown>\n#9 0x560ad6ddd71e <unknown>\n#10 0x560ad7090cc8 <unknown>\n#11 0x560ad7094c00 <unknown>\n#12 0x560ad709f1ac <unknown>\n#13 0x560ad7095818 <unknown>\n#14 0x560ad706228f <unknown>\n#15 0x560ad70b9e98 <unknown>\n#16 0x560ad70ba069 <unknown>\n#17 0x560ad70ca853 <unknown>\n#18 0x7f1053308044 <unknown>","time":{"start":1695258133388,"stop":1695258133403,"duration":15}},{"uid":"7e2fd6b41ddb658e","reportUrl":"https://zaelcovsky.github.io/StroyremAutomation/85//#testresult/7e2fd6b41ddb658e","status":"broken","statusDetails":"selenium.common.exceptions.NoSuchElementException: Message: no such element: Unable to locate element: {\"method\":\"xpath\",\"selector\":\"(//a[@href='/contact'])[3]\"}\n  (Session info: headless chrome=117.0.5938.88); For documentation on this error, please visit: https://www.selenium.dev/documentation/webdriver/troubleshooting/errors#no-such-element-exception\nStacktrace:\n#0 0x5616b31216c3 <unknown>\n#1 0x5616b2df71e7 <unknown>\n#2 0x5616b2e3e566 <unknown>\n#3 0x5616b2e3e651 <unknown>\n#4 0x5616b2e7ba74 <unknown>\n#5 0x5616b2e600ed <unknown>\n#6 0x5616b2e79322 <unknown>\n#7 0x5616b2e5fe93 <unknown>\n#8 0x5616b2e32934 <unknown>\n#9 0x5616b2e3371e <unknown>\n#10 0x5616b30e6cc8 <unknown>\n#11 0x5616b30eac00 <unknown>\n#12 0x5616b30f51ac <unknown>\n#13 0x5616b30eb818 <unknown>\n#14 0x5616b30b828f <unknown>\n#15 0x5616b310fe98 <unknown>\n#16 0x5616b3110069 <unknown>\n#17 0x5616b3120853 <unknown>\n#18 0x7f3f09b14044 <unknown>","time":{"start":1695171813653,"stop":1695171813673,"duration":20}},{"uid":"d6d9b52d9eac4bf2","reportUrl":"https://zaelcovsky.github.io/StroyremAutomation/84//#testresult/d6d9b52d9eac4bf2","status":"passed","time":{"start":1695085484792,"stop":1695085488033,"duration":3241}},{"uid":"c76e91c1482c056d","reportUrl":"https://zaelcovsky.github.io/StroyremAutomation/83//#testresult/c76e91c1482c056d","status":"broken","statusDetails":"selenium.common.exceptions.NoSuchElementException: Message: no such element: Unable to locate element: {\"method\":\"xpath\",\"selector\":\"(//a[@href='/contact'])[3]\"}\n  (Session info: headless chrome=117.0.5938.88); For documentation on this error, please visit: https://www.selenium.dev/documentation/webdriver/troubleshooting/errors#no-such-element-exception\nStacktrace:\n#0 0x55a37efb86c3 <unknown>\n#1 0x55a37ec8e1e7 <unknown>\n#2 0x55a37ecd5566 <unknown>\n#3 0x55a37ecd5651 <unknown>\n#4 0x55a37ed12a74 <unknown>\n#5 0x55a37ecf70ed <unknown>\n#6 0x55a37ed10322 <unknown>\n#7 0x55a37ecf6e93 <unknown>\n#8 0x55a37ecc9934 <unknown>\n#9 0x55a37ecca71e <unknown>\n#10 0x55a37ef7dcc8 <unknown>\n#11 0x55a37ef81c00 <unknown>\n#12 0x55a37ef8c1ac <unknown>\n#13 0x55a37ef82818 <unknown>\n#14 0x55a37ef4f28f <unknown>\n#15 0x55a37efa6e98 <unknown>\n#16 0x55a37efa7069 <unknown>\n#17 0x55a37efb7853 <unknown>\n#18 0x7f29eda84044 <unknown>","time":{"start":1694999052817,"stop":1694999052836,"duration":19}},{"uid":"bb06b75ef977583c","reportUrl":"https://zaelcovsky.github.io/StroyremAutomation/82//#testresult/bb06b75ef977583c","status":"broken","statusDetails":"selenium.common.exceptions.NoSuchElementException: Message: no such element: Unable to locate element: {\"method\":\"xpath\",\"selector\":\"(//a[@href='/contact'])[3]\"}\n  (Session info: headless chrome=117.0.5938.88); For documentation on this error, please visit: https://www.selenium.dev/documentation/webdriver/troubleshooting/errors#no-such-element-exception\nStacktrace:\n#0 0x5573755556c3 <unknown>\n#1 0x55737522b1e7 <unknown>\n#2 0x557375272566 <unknown>\n#3 0x557375272651 <unknown>\n#4 0x5573752afa74 <unknown>\n#5 0x5573752940ed <unknown>\n#6 0x5573752ad322 <unknown>\n#7 0x557375293e93 <unknown>\n#8 0x557375266934 <unknown>\n#9 0x55737526771e <unknown>\n#10 0x55737551acc8 <unknown>\n#11 0x55737551ec00 <unknown>\n#12 0x5573755291ac <unknown>\n#13 0x55737551f818 <unknown>\n#14 0x5573754ec28f <unknown>\n#15 0x557375543e98 <unknown>\n#16 0x557375544069 <unknown>\n#17 0x557375554853 <unknown>\n#18 0x7f3ab7203044 <unknown>","time":{"start":1694912754745,"stop":1694912754762,"duration":17}},{"uid":"6de030707b1e340f","reportUrl":"https://zaelcovsky.github.io/StroyremAutomation/81//#testresult/6de030707b1e340f","status":"broken","statusDetails":"selenium.common.exceptions.NoSuchElementException: Message: no such element: Unable to locate element: {\"method\":\"xpath\",\"selector\":\"(//a[@href='/contact'])[3]\"}\n  (Session info: headless chrome=117.0.5938.88); For documentation on this error, please visit: https://www.selenium.dev/documentation/webdriver/troubleshooting/errors#no-such-element-exception\nStacktrace:\n#0 0x55afadf476c3 <unknown>\n#1 0x55afadc1d1e7 <unknown>\n#2 0x55afadc64566 <unknown>\n#3 0x55afadc64651 <unknown>\n#4 0x55afadca1a74 <unknown>\n#5 0x55afadc860ed <unknown>\n#6 0x55afadc9f322 <unknown>\n#7 0x55afadc85e93 <unknown>\n#8 0x55afadc58934 <unknown>\n#9 0x55afadc5971e <unknown>\n#10 0x55afadf0ccc8 <unknown>\n#11 0x55afadf10c00 <unknown>\n#12 0x55afadf1b1ac <unknown>\n#13 0x55afadf11818 <unknown>\n#14 0x55afadede28f <unknown>\n#15 0x55afadf35e98 <unknown>\n#16 0x55afadf36069 <unknown>\n#17 0x55afadf46853 <unknown>\n#18 0x7ff12da66044 <unknown>","time":{"start":1694826138815,"stop":1694826138836,"duration":21}},{"uid":"515a3f97e0839ad","reportUrl":"https://zaelcovsky.github.io/StroyremAutomation/80//#testresult/515a3f97e0839ad","status":"broken","statusDetails":"selenium.common.exceptions.NoSuchElementException: Message: no such element: Unable to locate element: {\"method\":\"xpath\",\"selector\":\"(//a[@href='/contact'])[3]\"}\n  (Session info: headless chrome=117.0.5938.62); For documentation on this error, please visit: https://www.selenium.dev/documentation/webdriver/troubleshooting/errors#no-such-element-exception\nStacktrace:\n#0 0x55a03ede3693 <unknown>\n#1 0x55a03eab91e7 <unknown>\n#2 0x55a03eb00566 <unknown>\n#3 0x55a03eb00651 <unknown>\n#4 0x55a03eb3da74 <unknown>\n#5 0x55a03eb220ed <unknown>\n#6 0x55a03eb3b322 <unknown>\n#7 0x55a03eb21e93 <unknown>\n#8 0x55a03eaf4934 <unknown>\n#9 0x55a03eaf571e <unknown>\n#10 0x55a03eda8c98 <unknown>\n#11 0x55a03edacbd0 <unknown>\n#12 0x55a03edb717c <unknown>\n#13 0x55a03edad7e8 <unknown>\n#14 0x55a03ed7a25f <unknown>\n#15 0x55a03edd1e68 <unknown>\n#16 0x55a03edd2039 <unknown>\n#17 0x55a03ede2823 <unknown>\n#18 0x7fb07465b044 <unknown>","time":{"start":1694739798977,"stop":1694739798994,"duration":17}},{"uid":"7e56f3f7cc56d0e2","reportUrl":"https://zaelcovsky.github.io/StroyremAutomation/79//#testresult/7e56f3f7cc56d0e2","status":"passed","time":{"start":1694653490458,"stop":1694653495493,"duration":5035}},{"uid":"2059e0e84956836c","reportUrl":"https://zaelcovsky.github.io/StroyremAutomation/78//#testresult/2059e0e84956836c","status":"passed","time":{"start":1694567078009,"stop":1694567081335,"duration":3326}},{"uid":"b781e7ab13fdc80","reportUrl":"https://zaelcovsky.github.io/StroyremAutomation/77//#testresult/b781e7ab13fdc80","status":"passed","time":{"start":1694480623404,"stop":1694480628387,"duration":4983}},{"uid":"9b63226c86d8d5c6","reportUrl":"https://zaelcovsky.github.io/StroyremAutomation/76//#testresult/9b63226c86d8d5c6","status":"passed","time":{"start":1694394230267,"stop":1694394234185,"duration":3918}},{"uid":"81f9e15acf165d38","reportUrl":"https://zaelcovsky.github.io/StroyremAutomation/75//#testresult/81f9e15acf165d38","status":"passed","time":{"start":1694307998035,"stop":1694308001454,"duration":3419}}]},"tags":["smoke_test"]},"source":"3b9f2d4845815a22.json","parameterValues":["'https://test2.stroyrem-nn.ru/'"]}