{"uid":"5e5c9786f68e5c6b","name":"test_positive_delivery_green_zone_smoke[TD 011-products/shtukaturka-gipsovaya-aksolit-m50-30-kg-mashinnogo-naneseniya-299-9000-3600-7960-8980-https://sandboxtest.stroyrem-nn.ru/]","fullName":"tests.delivery.test_delivery_calculation.TestDeliveryPageCalculation#test_positive_delivery_green_zone_smoke","historyId":"100ca5819a1aaf944b508696eeea00de","time":{"start":1696035948804,"stop":1696035949342,"duration":538},"status":"broken","statusMessage":"selenium.common.exceptions.NoSuchElementException: Message: no such element: Unable to locate element: {\"method\":\"xpath\",\"selector\":\"(//a[@class='add-to-cart yellow-btn'])[1]\"}\n  (Session info: headless chrome=117.0.5938.92); For documentation on this error, please visit: https://www.selenium.dev/documentation/webdriver/troubleshooting/errors#no-such-element-exception\nStacktrace:\n#0 0x555a2914c6b3 <unknown>\n#1 0x555a28e221e7 <unknown>\n#2 0x555a28e69566 <unknown>\n#3 0x555a28e69651 <unknown>\n#4 0x555a28ea6a74 <unknown>\n#5 0x555a28e8b0ed <unknown>\n#6 0x555a28ea4322 <unknown>\n#7 0x555a28e8ae93 <unknown>\n#8 0x555a28e5d934 <unknown>\n#9 0x555a28e5e71e <unknown>\n#10 0x555a29111cb8 <unknown>\n#11 0x555a29115bf0 <unknown>\n#12 0x555a2912019c <unknown>\n#13 0x555a29116808 <unknown>\n#14 0x555a290e327f <unknown>\n#15 0x555a2913ae88 <unknown>\n#16 0x555a2913b059 <unknown>\n#17 0x555a2914b843 <unknown>\n#18 0x7f08c7d36044 <unknown>","statusTrace":"self = <tests.delivery.test_delivery_calculation.TestDeliveryPageCalculation object at 0x7f9f84dc2690>\ndriver = <selenium.webdriver.chrome.webdriver.WebDriver (session=\"3c7a70abf180e22d241506d0d4f8d059\")>\nurl = 'https://sandboxtest.stroyrem-nn.ru/', case_id = 'TD 011'\nlink_item = 'products/shtukaturka-gipsovaya-aksolit-m50-30-kg-mashinnogo-naneseniya'\namount = 299, weight = 9000, standard = 3600, in_time = 7960, all_time = 8980\n\n    @pytest.mark.parametrize('case_id, link_item, amount, weight, standard, in_time, all_time', [\n        (\"TD 001\", uroven_3000, 1, 30, 0, 1590, 2190),\n        (\"TD 002\", bundeks_25, 1, 30, 400, 1590, 2190),\n        (\"TD 003\", aksolit_30, 8, 300, 400, 1590, 2190),\n        (\"TD 004\", aksolit_30, 13, 400, 450, 1590, 2190),\n        (\"TD 005\", aksolit_30, 16, 500, 600, 1590, 2190),\n        (\"TD 006\", aksolit_30, 25, 1700, 990, 1990, 2480),\n        (\"TD 007\", aksolit_30, 66, 2000, 1300, 2490, 2980),\n        (\"TD 008\", aksolit_30, 149, 4500, 2300, 3980, 4490),\n        (\"TD 009\", aksolit_30, 166, 5000, 2500, 4990, 5480),\n        pytest.param(\n            \"TD 010\", aksolit_30, 206, 6200, 2900, 5570, 6120,\n            marks=pytest.mark.xfail(reson=\"Цена доставки 3600 7960 8980\")\n        ),\n        (\"TD 011\", aksolit_30, 299, 9000, 3600, 7960, 8980),\n        (\"TD 012\", aksolit_30, 333, 10000, 4450, 11990, 12500),\n        pytest.param(\n            \"TD 013\", aksolit_30, 366, 11000, 4800, 12450, 13480,\n            marks=pytest.mark.xfail(reason=\"Цена стандартной доставки 4450\")\n        ),\n        pytest.param(\n            \"TD 014\", aksolit_30, 666, 20000, 5400, 15600, 17490,\n            marks=pytest.mark.xfail(reason=\"Цена стандартной доставки 4450\")\n        )\n    ])\n    @pytest.mark.smoke\n    def test_positive_delivery_green_zone_smoke(\n            self, driver, url, case_id, link_item, amount, weight, standard, in_time, all_time\n    ):\n    \n        driver.get(f'{url}{link_item}')\n        item_page = ItemPage(driver)\n>       item_page.add_item_to_cart(amount).click_on_cart()\n\ntests/delivery/test_delivery_calculation.py:49: \n_ _ _ _ _ _ _ _ _ _ _ _ _ _ _ _ _ _ _ _ _ _ _ _ _ _ _ _ _ _ _ _ _ _ _ _ _ _ _ _ \npages/item_page.py:40: in add_item_to_cart\n    self.find_element(self._add_item).click()\nbase/seleniumbase.py:17: in find_element\n    return self.driver.find_element(*locator)\n/usr/local/lib/python3.11/site-packages/selenium/webdriver/remote/webdriver.py:740: in find_element\n    return self.execute(Command.FIND_ELEMENT, {\"using\": by, \"value\": value})[\"value\"]\n/usr/local/lib/python3.11/site-packages/selenium/webdriver/remote/webdriver.py:346: in execute\n    self.error_handler.check_response(response)\n_ _ _ _ _ _ _ _ _ _ _ _ _ _ _ _ _ _ _ _ _ _ _ _ _ _ _ _ _ _ _ _ _ _ _ _ _ _ _ _ \n\nself = <selenium.webdriver.remote.errorhandler.ErrorHandler object at 0x7f9f83db2490>\nresponse = {'status': 404, 'value': '{\"value\":{\"error\":\"no such element\",\"message\":\"no such element: Unable to locate element: {\\...\\\\n#16 0x555a2913b059 \\\\u003Cunknown>\\\\n#17 0x555a2914b843 \\\\u003Cunknown>\\\\n#18 0x7f08c7d36044 \\\\u003Cunknown>\\\\n\"}}'}\n\n    def check_response(self, response: Dict[str, Any]) -> None:\n        \"\"\"Checks that a JSON response from the WebDriver does not have an\n        error.\n    \n        :Args:\n         - response - The JSON response from the WebDriver server as a dictionary\n           object.\n    \n        :Raises: If the response contains an error message.\n        \"\"\"\n        status = response.get(\"status\", None)\n        if not status or status == ErrorCode.SUCCESS:\n            return\n        value = None\n        message = response.get(\"message\", \"\")\n        screen: str = response.get(\"screen\", \"\")\n        stacktrace = None\n        if isinstance(status, int):\n            value_json = response.get(\"value\", None)\n            if value_json and isinstance(value_json, str):\n                import json\n    \n                try:\n                    value = json.loads(value_json)\n                    if len(value) == 1:\n                        value = value[\"value\"]\n                    status = value.get(\"error\", None)\n                    if not status:\n                        status = value.get(\"status\", ErrorCode.UNKNOWN_ERROR)\n                        message = value.get(\"value\") or value.get(\"message\")\n                        if not isinstance(message, str):\n                            value = message\n                            message = message.get(\"message\")\n                    else:\n                        message = value.get(\"message\", None)\n                except ValueError:\n                    pass\n    \n        exception_class: Type[WebDriverException]\n        if status in ErrorCode.NO_SUCH_ELEMENT:\n            exception_class = NoSuchElementException\n        elif status in ErrorCode.NO_SUCH_FRAME:\n            exception_class = NoSuchFrameException\n        elif status in ErrorCode.NO_SUCH_SHADOW_ROOT:\n            exception_class = NoSuchShadowRootException\n        elif status in ErrorCode.NO_SUCH_WINDOW:\n            exception_class = NoSuchWindowException\n        elif status in ErrorCode.STALE_ELEMENT_REFERENCE:\n            exception_class = StaleElementReferenceException\n        elif status in ErrorCode.ELEMENT_NOT_VISIBLE:\n            exception_class = ElementNotVisibleException\n        elif status in ErrorCode.INVALID_ELEMENT_STATE:\n            exception_class = InvalidElementStateException\n        elif (\n            status in ErrorCode.INVALID_SELECTOR\n            or status in ErrorCode.INVALID_XPATH_SELECTOR\n            or status in ErrorCode.INVALID_XPATH_SELECTOR_RETURN_TYPER\n        ):\n            exception_class = InvalidSelectorException\n        elif status in ErrorCode.ELEMENT_IS_NOT_SELECTABLE:\n            exception_class = ElementNotSelectableException\n        elif status in ErrorCode.ELEMENT_NOT_INTERACTABLE:\n            exception_class = ElementNotInteractableException\n        elif status in ErrorCode.INVALID_COOKIE_DOMAIN:\n            exception_class = InvalidCookieDomainException\n        elif status in ErrorCode.UNABLE_TO_SET_COOKIE:\n            exception_class = UnableToSetCookieException\n        elif status in ErrorCode.TIMEOUT:\n            exception_class = TimeoutException\n        elif status in ErrorCode.SCRIPT_TIMEOUT:\n            exception_class = TimeoutException\n        elif status in ErrorCode.UNKNOWN_ERROR:\n            exception_class = WebDriverException\n        elif status in ErrorCode.UNEXPECTED_ALERT_OPEN:\n            exception_class = UnexpectedAlertPresentException\n        elif status in ErrorCode.NO_ALERT_OPEN:\n            exception_class = NoAlertPresentException\n        elif status in ErrorCode.IME_NOT_AVAILABLE:\n            exception_class = ImeNotAvailableException\n        elif status in ErrorCode.IME_ENGINE_ACTIVATION_FAILED:\n            exception_class = ImeActivationFailedException\n        elif status in ErrorCode.MOVE_TARGET_OUT_OF_BOUNDS:\n            exception_class = MoveTargetOutOfBoundsException\n        elif status in ErrorCode.JAVASCRIPT_ERROR:\n            exception_class = JavascriptException\n        elif status in ErrorCode.SESSION_NOT_CREATED:\n            exception_class = SessionNotCreatedException\n        elif status in ErrorCode.INVALID_ARGUMENT:\n            exception_class = InvalidArgumentException\n        elif status in ErrorCode.NO_SUCH_COOKIE:\n            exception_class = NoSuchCookieException\n        elif status in ErrorCode.UNABLE_TO_CAPTURE_SCREEN:\n            exception_class = ScreenshotException\n        elif status in ErrorCode.ELEMENT_CLICK_INTERCEPTED:\n            exception_class = ElementClickInterceptedException\n        elif status in ErrorCode.INSECURE_CERTIFICATE:\n            exception_class = InsecureCertificateException\n        elif status in ErrorCode.INVALID_COORDINATES:\n            exception_class = InvalidCoordinatesException\n        elif status in ErrorCode.INVALID_SESSION_ID:\n            exception_class = InvalidSessionIdException\n        elif status in ErrorCode.UNKNOWN_METHOD:\n            exception_class = UnknownMethodException\n        else:\n            exception_class = WebDriverException\n        if not value:\n            value = response[\"value\"]\n        if isinstance(value, str):\n            raise exception_class(value)\n        if message == \"\" and \"message\" in value:\n            message = value[\"message\"]\n    \n        screen = None  # type: ignore[assignment]\n        if \"screen\" in value:\n            screen = value[\"screen\"]\n    \n        stacktrace = None\n        st_value = value.get(\"stackTrace\") or value.get(\"stacktrace\")\n        if st_value:\n            if isinstance(st_value, str):\n                stacktrace = st_value.split(\"\\n\")\n            else:\n                stacktrace = []\n                try:\n                    for frame in st_value:\n                        line = frame.get(\"lineNumber\", \"\")\n                        file = frame.get(\"fileName\", \"<anonymous>\")\n                        if line:\n                            file = f\"{file}:{line}\"\n                        meth = frame.get(\"methodName\", \"<anonymous>\")\n                        if \"className\" in frame:\n                            meth = f\"{frame['className']}.{meth}\"\n                        msg = \"    at %s (%s)\"\n                        msg = msg % (meth, file)\n                        stacktrace.append(msg)\n                except TypeError:\n                    pass\n        if exception_class == UnexpectedAlertPresentException:\n            alert_text = None\n            if \"data\" in value:\n                alert_text = value[\"data\"].get(\"text\")\n            elif \"alert\" in value:\n                alert_text = value[\"alert\"].get(\"text\")\n            raise exception_class(message, screen, stacktrace, alert_text)  # type: ignore[call-arg]  # mypy is not smart enough here\n>       raise exception_class(message, screen, stacktrace)\nE       selenium.common.exceptions.NoSuchElementException: Message: no such element: Unable to locate element: {\"method\":\"xpath\",\"selector\":\"(//a[@class='add-to-cart yellow-btn'])[1]\"}\nE         (Session info: headless chrome=117.0.5938.92); For documentation on this error, please visit: https://www.selenium.dev/documentation/webdriver/troubleshooting/errors#no-such-element-exception\nE       Stacktrace:\nE       #0 0x555a2914c6b3 <unknown>\nE       #1 0x555a28e221e7 <unknown>\nE       #2 0x555a28e69566 <unknown>\nE       #3 0x555a28e69651 <unknown>\nE       #4 0x555a28ea6a74 <unknown>\nE       #5 0x555a28e8b0ed <unknown>\nE       #6 0x555a28ea4322 <unknown>\nE       #7 0x555a28e8ae93 <unknown>\nE       #8 0x555a28e5d934 <unknown>\nE       #9 0x555a28e5e71e <unknown>\nE       #10 0x555a29111cb8 <unknown>\nE       #11 0x555a29115bf0 <unknown>\nE       #12 0x555a2912019c <unknown>\nE       #13 0x555a29116808 <unknown>\nE       #14 0x555a290e327f <unknown>\nE       #15 0x555a2913ae88 <unknown>\nE       #16 0x555a2913b059 <unknown>\nE       #17 0x555a2914b843 <unknown>\nE       #18 0x7f08c7d36044 <unknown>\n\n/usr/local/lib/python3.11/site-packages/selenium/webdriver/remote/errorhandler.py:245: NoSuchElementException","flaky":false,"newFailed":false,"newBroken":false,"newPassed":false,"retriesCount":0,"retriesStatusChange":false,"beforeStages":[{"name":"_session_faker","time":{"start":1696035563668,"stop":1696035563751,"duration":83},"status":"passed","steps":[],"attachments":[],"parameters":[],"shouldDisplayMessage":false,"stepsCount":0,"attachmentsCount":0,"hasContent":false},{"name":"clear_allure_results_folder","time":{"start":1696035563751,"stop":1696035563751,"duration":0},"status":"passed","steps":[],"attachments":[],"parameters":[],"shouldDisplayMessage":false,"stepsCount":0,"attachmentsCount":0,"hasContent":false},{"name":"driver","time":{"start":1696035948026,"stop":1696035948802,"duration":776},"status":"passed","steps":[],"attachments":[],"parameters":[],"shouldDisplayMessage":false,"stepsCount":0,"attachmentsCount":0,"hasContent":false},{"name":"setup","time":{"start":1696035948802,"stop":1696035948803,"duration":1},"status":"passed","steps":[],"attachments":[],"parameters":[],"shouldDisplayMessage":false,"stepsCount":0,"attachmentsCount":0,"hasContent":false}],"testStage":{"status":"broken","statusMessage":"selenium.common.exceptions.NoSuchElementException: Message: no such element: Unable to locate element: {\"method\":\"xpath\",\"selector\":\"(//a[@class='add-to-cart yellow-btn'])[1]\"}\n  (Session info: headless chrome=117.0.5938.92); For documentation on this error, please visit: https://www.selenium.dev/documentation/webdriver/troubleshooting/errors#no-such-element-exception\nStacktrace:\n#0 0x555a2914c6b3 <unknown>\n#1 0x555a28e221e7 <unknown>\n#2 0x555a28e69566 <unknown>\n#3 0x555a28e69651 <unknown>\n#4 0x555a28ea6a74 <unknown>\n#5 0x555a28e8b0ed <unknown>\n#6 0x555a28ea4322 <unknown>\n#7 0x555a28e8ae93 <unknown>\n#8 0x555a28e5d934 <unknown>\n#9 0x555a28e5e71e <unknown>\n#10 0x555a29111cb8 <unknown>\n#11 0x555a29115bf0 <unknown>\n#12 0x555a2912019c <unknown>\n#13 0x555a29116808 <unknown>\n#14 0x555a290e327f <unknown>\n#15 0x555a2913ae88 <unknown>\n#16 0x555a2913b059 <unknown>\n#17 0x555a2914b843 <unknown>\n#18 0x7f08c7d36044 <unknown>","statusTrace":"self = <tests.delivery.test_delivery_calculation.TestDeliveryPageCalculation object at 0x7f9f84dc2690>\ndriver = <selenium.webdriver.chrome.webdriver.WebDriver (session=\"3c7a70abf180e22d241506d0d4f8d059\")>\nurl = 'https://sandboxtest.stroyrem-nn.ru/', case_id = 'TD 011'\nlink_item = 'products/shtukaturka-gipsovaya-aksolit-m50-30-kg-mashinnogo-naneseniya'\namount = 299, weight = 9000, standard = 3600, in_time = 7960, all_time = 8980\n\n    @pytest.mark.parametrize('case_id, link_item, amount, weight, standard, in_time, all_time', [\n        (\"TD 001\", uroven_3000, 1, 30, 0, 1590, 2190),\n        (\"TD 002\", bundeks_25, 1, 30, 400, 1590, 2190),\n        (\"TD 003\", aksolit_30, 8, 300, 400, 1590, 2190),\n        (\"TD 004\", aksolit_30, 13, 400, 450, 1590, 2190),\n        (\"TD 005\", aksolit_30, 16, 500, 600, 1590, 2190),\n        (\"TD 006\", aksolit_30, 25, 1700, 990, 1990, 2480),\n        (\"TD 007\", aksolit_30, 66, 2000, 1300, 2490, 2980),\n        (\"TD 008\", aksolit_30, 149, 4500, 2300, 3980, 4490),\n        (\"TD 009\", aksolit_30, 166, 5000, 2500, 4990, 5480),\n        pytest.param(\n            \"TD 010\", aksolit_30, 206, 6200, 2900, 5570, 6120,\n            marks=pytest.mark.xfail(reson=\"Цена доставки 3600 7960 8980\")\n        ),\n        (\"TD 011\", aksolit_30, 299, 9000, 3600, 7960, 8980),\n        (\"TD 012\", aksolit_30, 333, 10000, 4450, 11990, 12500),\n        pytest.param(\n            \"TD 013\", aksolit_30, 366, 11000, 4800, 12450, 13480,\n            marks=pytest.mark.xfail(reason=\"Цена стандартной доставки 4450\")\n        ),\n        pytest.param(\n            \"TD 014\", aksolit_30, 666, 20000, 5400, 15600, 17490,\n            marks=pytest.mark.xfail(reason=\"Цена стандартной доставки 4450\")\n        )\n    ])\n    @pytest.mark.smoke\n    def test_positive_delivery_green_zone_smoke(\n            self, driver, url, case_id, link_item, amount, weight, standard, in_time, all_time\n    ):\n    \n        driver.get(f'{url}{link_item}')\n        item_page = ItemPage(driver)\n>       item_page.add_item_to_cart(amount).click_on_cart()\n\ntests/delivery/test_delivery_calculation.py:49: \n_ _ _ _ _ _ _ _ _ _ _ _ _ _ _ _ _ _ _ _ _ _ _ _ _ _ _ _ _ _ _ _ _ _ _ _ _ _ _ _ \npages/item_page.py:40: in add_item_to_cart\n    self.find_element(self._add_item).click()\nbase/seleniumbase.py:17: in find_element\n    return self.driver.find_element(*locator)\n/usr/local/lib/python3.11/site-packages/selenium/webdriver/remote/webdriver.py:740: in find_element\n    return self.execute(Command.FIND_ELEMENT, {\"using\": by, \"value\": value})[\"value\"]\n/usr/local/lib/python3.11/site-packages/selenium/webdriver/remote/webdriver.py:346: in execute\n    self.error_handler.check_response(response)\n_ _ _ _ _ _ _ _ _ _ _ _ _ _ _ _ _ _ _ _ _ _ _ _ _ _ _ _ _ _ _ _ _ _ _ _ _ _ _ _ \n\nself = <selenium.webdriver.remote.errorhandler.ErrorHandler object at 0x7f9f83db2490>\nresponse = {'status': 404, 'value': '{\"value\":{\"error\":\"no such element\",\"message\":\"no such element: Unable to locate element: {\\...\\\\n#16 0x555a2913b059 \\\\u003Cunknown>\\\\n#17 0x555a2914b843 \\\\u003Cunknown>\\\\n#18 0x7f08c7d36044 \\\\u003Cunknown>\\\\n\"}}'}\n\n    def check_response(self, response: Dict[str, Any]) -> None:\n        \"\"\"Checks that a JSON response from the WebDriver does not have an\n        error.\n    \n        :Args:\n         - response - The JSON response from the WebDriver server as a dictionary\n           object.\n    \n        :Raises: If the response contains an error message.\n        \"\"\"\n        status = response.get(\"status\", None)\n        if not status or status == ErrorCode.SUCCESS:\n            return\n        value = None\n        message = response.get(\"message\", \"\")\n        screen: str = response.get(\"screen\", \"\")\n        stacktrace = None\n        if isinstance(status, int):\n            value_json = response.get(\"value\", None)\n            if value_json and isinstance(value_json, str):\n                import json\n    \n                try:\n                    value = json.loads(value_json)\n                    if len(value) == 1:\n                        value = value[\"value\"]\n                    status = value.get(\"error\", None)\n                    if not status:\n                        status = value.get(\"status\", ErrorCode.UNKNOWN_ERROR)\n                        message = value.get(\"value\") or value.get(\"message\")\n                        if not isinstance(message, str):\n                            value = message\n                            message = message.get(\"message\")\n                    else:\n                        message = value.get(\"message\", None)\n                except ValueError:\n                    pass\n    \n        exception_class: Type[WebDriverException]\n        if status in ErrorCode.NO_SUCH_ELEMENT:\n            exception_class = NoSuchElementException\n        elif status in ErrorCode.NO_SUCH_FRAME:\n            exception_class = NoSuchFrameException\n        elif status in ErrorCode.NO_SUCH_SHADOW_ROOT:\n            exception_class = NoSuchShadowRootException\n        elif status in ErrorCode.NO_SUCH_WINDOW:\n            exception_class = NoSuchWindowException\n        elif status in ErrorCode.STALE_ELEMENT_REFERENCE:\n            exception_class = StaleElementReferenceException\n        elif status in ErrorCode.ELEMENT_NOT_VISIBLE:\n            exception_class = ElementNotVisibleException\n        elif status in ErrorCode.INVALID_ELEMENT_STATE:\n            exception_class = InvalidElementStateException\n        elif (\n            status in ErrorCode.INVALID_SELECTOR\n            or status in ErrorCode.INVALID_XPATH_SELECTOR\n            or status in ErrorCode.INVALID_XPATH_SELECTOR_RETURN_TYPER\n        ):\n            exception_class = InvalidSelectorException\n        elif status in ErrorCode.ELEMENT_IS_NOT_SELECTABLE:\n            exception_class = ElementNotSelectableException\n        elif status in ErrorCode.ELEMENT_NOT_INTERACTABLE:\n            exception_class = ElementNotInteractableException\n        elif status in ErrorCode.INVALID_COOKIE_DOMAIN:\n            exception_class = InvalidCookieDomainException\n        elif status in ErrorCode.UNABLE_TO_SET_COOKIE:\n            exception_class = UnableToSetCookieException\n        elif status in ErrorCode.TIMEOUT:\n            exception_class = TimeoutException\n        elif status in ErrorCode.SCRIPT_TIMEOUT:\n            exception_class = TimeoutException\n        elif status in ErrorCode.UNKNOWN_ERROR:\n            exception_class = WebDriverException\n        elif status in ErrorCode.UNEXPECTED_ALERT_OPEN:\n            exception_class = UnexpectedAlertPresentException\n        elif status in ErrorCode.NO_ALERT_OPEN:\n            exception_class = NoAlertPresentException\n        elif status in ErrorCode.IME_NOT_AVAILABLE:\n            exception_class = ImeNotAvailableException\n        elif status in ErrorCode.IME_ENGINE_ACTIVATION_FAILED:\n            exception_class = ImeActivationFailedException\n        elif status in ErrorCode.MOVE_TARGET_OUT_OF_BOUNDS:\n            exception_class = MoveTargetOutOfBoundsException\n        elif status in ErrorCode.JAVASCRIPT_ERROR:\n            exception_class = JavascriptException\n        elif status in ErrorCode.SESSION_NOT_CREATED:\n            exception_class = SessionNotCreatedException\n        elif status in ErrorCode.INVALID_ARGUMENT:\n            exception_class = InvalidArgumentException\n        elif status in ErrorCode.NO_SUCH_COOKIE:\n            exception_class = NoSuchCookieException\n        elif status in ErrorCode.UNABLE_TO_CAPTURE_SCREEN:\n            exception_class = ScreenshotException\n        elif status in ErrorCode.ELEMENT_CLICK_INTERCEPTED:\n            exception_class = ElementClickInterceptedException\n        elif status in ErrorCode.INSECURE_CERTIFICATE:\n            exception_class = InsecureCertificateException\n        elif status in ErrorCode.INVALID_COORDINATES:\n            exception_class = InvalidCoordinatesException\n        elif status in ErrorCode.INVALID_SESSION_ID:\n            exception_class = InvalidSessionIdException\n        elif status in ErrorCode.UNKNOWN_METHOD:\n            exception_class = UnknownMethodException\n        else:\n            exception_class = WebDriverException\n        if not value:\n            value = response[\"value\"]\n        if isinstance(value, str):\n            raise exception_class(value)\n        if message == \"\" and \"message\" in value:\n            message = value[\"message\"]\n    \n        screen = None  # type: ignore[assignment]\n        if \"screen\" in value:\n            screen = value[\"screen\"]\n    \n        stacktrace = None\n        st_value = value.get(\"stackTrace\") or value.get(\"stacktrace\")\n        if st_value:\n            if isinstance(st_value, str):\n                stacktrace = st_value.split(\"\\n\")\n            else:\n                stacktrace = []\n                try:\n                    for frame in st_value:\n                        line = frame.get(\"lineNumber\", \"\")\n                        file = frame.get(\"fileName\", \"<anonymous>\")\n                        if line:\n                            file = f\"{file}:{line}\"\n                        meth = frame.get(\"methodName\", \"<anonymous>\")\n                        if \"className\" in frame:\n                            meth = f\"{frame['className']}.{meth}\"\n                        msg = \"    at %s (%s)\"\n                        msg = msg % (meth, file)\n                        stacktrace.append(msg)\n                except TypeError:\n                    pass\n        if exception_class == UnexpectedAlertPresentException:\n            alert_text = None\n            if \"data\" in value:\n                alert_text = value[\"data\"].get(\"text\")\n            elif \"alert\" in value:\n                alert_text = value[\"alert\"].get(\"text\")\n            raise exception_class(message, screen, stacktrace, alert_text)  # type: ignore[call-arg]  # mypy is not smart enough here\n>       raise exception_class(message, screen, stacktrace)\nE       selenium.common.exceptions.NoSuchElementException: Message: no such element: Unable to locate element: {\"method\":\"xpath\",\"selector\":\"(//a[@class='add-to-cart yellow-btn'])[1]\"}\nE         (Session info: headless chrome=117.0.5938.92); For documentation on this error, please visit: https://www.selenium.dev/documentation/webdriver/troubleshooting/errors#no-such-element-exception\nE       Stacktrace:\nE       #0 0x555a2914c6b3 <unknown>\nE       #1 0x555a28e221e7 <unknown>\nE       #2 0x555a28e69566 <unknown>\nE       #3 0x555a28e69651 <unknown>\nE       #4 0x555a28ea6a74 <unknown>\nE       #5 0x555a28e8b0ed <unknown>\nE       #6 0x555a28ea4322 <unknown>\nE       #7 0x555a28e8ae93 <unknown>\nE       #8 0x555a28e5d934 <unknown>\nE       #9 0x555a28e5e71e <unknown>\nE       #10 0x555a29111cb8 <unknown>\nE       #11 0x555a29115bf0 <unknown>\nE       #12 0x555a2912019c <unknown>\nE       #13 0x555a29116808 <unknown>\nE       #14 0x555a290e327f <unknown>\nE       #15 0x555a2913ae88 <unknown>\nE       #16 0x555a2913b059 <unknown>\nE       #17 0x555a2914b843 <unknown>\nE       #18 0x7f08c7d36044 <unknown>\n\n/usr/local/lib/python3.11/site-packages/selenium/webdriver/remote/errorhandler.py:245: NoSuchElementException","steps":[{"name":"Добавляем товар в корзину в количестве 299","time":{"start":1696035949323,"stop":1696035949342,"duration":19},"status":"broken","statusMessage":"selenium.common.exceptions.NoSuchElementException: Message: no such element: Unable to locate element: {\"method\":\"xpath\",\"selector\":\"(//a[@class='add-to-cart yellow-btn'])[1]\"}\n  (Session info: headless chrome=117.0.5938.92); For documentation on this error, please visit: https://www.selenium.dev/documentation/webdriver/troubleshooting/errors#no-such-element-exception\nStacktrace:\n#0 0x555a2914c6b3 <unknown>\n#1 0x555a28e221e7 <unknown>\n#2 0x555a28e69566 <unknown>\n#3 0x555a28e69651 <unknown>\n#4 0x555a28ea6a74 <unknown>\n#5 0x555a28e8b0ed <unknown>\n#6 0x555a28ea4322 <unknown>\n#7 0x555a28e8ae93 <unknown>\n#8 0x555a28e5d934 <unknown>\n#9 0x555a28e5e71e <unknown>\n#10 0x555a29111cb8 <unknown>\n#11 0x555a29115bf0 <unknown>\n#12 0x555a2912019c <unknown>\n#13 0x555a29116808 <unknown>\n#14 0x555a290e327f <unknown>\n#15 0x555a2913ae88 <unknown>\n#16 0x555a2913b059 <unknown>\n#17 0x555a2914b843 <unknown>\n#18 0x7f08c7d36044 <unknown>\n\n","statusTrace":"  File \"/usr/local/lib/python3.11/site-packages/allure_commons/_allure.py\", line 192, in impl\n    return func(*a, **kw)\n           ^^^^^^^^^^^^^^\n  File \"/app/pages/item_page.py\", line 40, in add_item_to_cart\n    self.find_element(self._add_item).click()\n    ^^^^^^^^^^^^^^^^^^^^^^^^^^^^^^^^^\n  File \"/app/base/seleniumbase.py\", line 17, in find_element\n    return self.driver.find_element(*locator)\n           ^^^^^^^^^^^^^^^^^^^^^^^^^^^^^^^^^^\n  File \"/usr/local/lib/python3.11/site-packages/selenium/webdriver/remote/webdriver.py\", line 740, in find_element\n    return self.execute(Command.FIND_ELEMENT, {\"using\": by, \"value\": value})[\"value\"]\n           ^^^^^^^^^^^^^^^^^^^^^^^^^^^^^^^^^^^^^^^^^^^^^^^^^^^^^^^^^^^^^^^^^\n  File \"/usr/local/lib/python3.11/site-packages/selenium/webdriver/remote/webdriver.py\", line 346, in execute\n    self.error_handler.check_response(response)\n  File \"/usr/local/lib/python3.11/site-packages/selenium/webdriver/remote/errorhandler.py\", line 245, in check_response\n    raise exception_class(message, screen, stacktrace)\n","steps":[],"attachments":[],"parameters":[{"name":"amount","value":"299"}],"shouldDisplayMessage":true,"stepsCount":0,"attachmentsCount":0,"hasContent":true}],"attachments":[{"uid":"f431992066d7012b","name":"Screenshot","source":"f431992066d7012b.png","type":"image/png","size":39917},{"uid":"ecfb83b43f4bdca","name":"HTML source","source":"ecfb83b43f4bdca.html","type":"text/html","size":544}],"parameters":[],"shouldDisplayMessage":true,"stepsCount":1,"attachmentsCount":2,"hasContent":true},"afterStages":[{"name":"setup::0","time":{"start":1696035949466,"stop":1696035949466,"duration":0},"status":"passed","steps":[],"attachments":[],"parameters":[],"shouldDisplayMessage":false,"stepsCount":0,"attachmentsCount":0,"hasContent":false},{"name":"driver::0","time":{"start":1696035949467,"stop":1696035949523,"duration":56},"status":"passed","steps":[],"attachments":[],"parameters":[],"shouldDisplayMessage":false,"stepsCount":0,"attachmentsCount":0,"hasContent":false}],"labels":[{"name":"epic","value":"Delivery Page - calculation"},{"name":"tag","value":"smoke"},{"name":"parentSuite","value":"tests.delivery"},{"name":"suite","value":"test_delivery_calculation"},{"name":"subSuite","value":"TestDeliveryPageCalculation"},{"name":"host","value":"0ae21cdde367"},{"name":"thread","value":"1-MainThread"},{"name":"framework","value":"pytest"},{"name":"language","value":"cpython3"},{"name":"package","value":"tests.delivery.test_delivery_calculation"},{"name":"resultFormat","value":"allure2"}],"parameters":[{"name":"all_time","value":"8980"},{"name":"amount","value":"299"},{"name":"case_id","value":"'TD 011'"},{"name":"in_time","value":"7960"},{"name":"link_item","value":"'products/shtukaturka-gipsovaya-aksolit-m50-30-kg-mashinnogo-naneseniya'"},{"name":"standard","value":"3600"},{"name":"url","value":"'https://sandboxtest.stroyrem-nn.ru/'"},{"name":"weight","value":"9000"}],"links":[],"hidden":false,"retry":false,"extra":{"severity":"normal","retries":[],"categories":[{"name":"Test defects","matchedStatuses":[],"flaky":false}],"history":{"statistic":{"failed":0,"broken":31,"skipped":0,"passed":0,"unknown":0,"total":31},"items":[{"uid":"c4292b64c93a89af","reportUrl":"https://zaelcovsky.github.io/StroyremAutomation/94//#testresult/c4292b64c93a89af","status":"broken","statusDetails":"selenium.common.exceptions.NoSuchElementException: Message: no such element: Unable to locate element: {\"method\":\"xpath\",\"selector\":\"(//a[@class='add-to-cart yellow-btn'])[1]\"}\n  (Session info: headless chrome=117.0.5938.92); For documentation on this error, please visit: https://www.selenium.dev/documentation/webdriver/troubleshooting/errors#no-such-element-exception\nStacktrace:\n#0 0x557952a4e6b3 <unknown>\n#1 0x5579527241e7 <unknown>\n#2 0x55795276b566 <unknown>\n#3 0x55795276b651 <unknown>\n#4 0x5579527a8a74 <unknown>\n#5 0x55795278d0ed <unknown>\n#6 0x5579527a6322 <unknown>\n#7 0x55795278ce93 <unknown>\n#8 0x55795275f934 <unknown>\n#9 0x55795276071e <unknown>\n#10 0x557952a13cb8 <unknown>\n#11 0x557952a17bf0 <unknown>\n#12 0x557952a2219c <unknown>\n#13 0x557952a18808 <unknown>\n#14 0x5579529e527f <unknown>\n#15 0x557952a3ce88 <unknown>\n#16 0x557952a3d059 <unknown>\n#17 0x557952a4d843 <unknown>\n#18 0x7f4c28517044 <unknown>","time":{"start":1695949635962,"stop":1695949636393,"duration":431}},{"uid":"3c2880941e7336d1","reportUrl":"https://zaelcovsky.github.io/StroyremAutomation/93//#testresult/3c2880941e7336d1","status":"broken","statusDetails":"selenium.common.exceptions.NoSuchElementException: Message: no such element: Unable to locate element: {\"method\":\"xpath\",\"selector\":\"(//a[@class='add-to-cart yellow-btn'])[1]\"}\n  (Session info: headless chrome=117.0.5938.92); For documentation on this error, please visit: https://www.selenium.dev/documentation/webdriver/troubleshooting/errors#no-such-element-exception\nStacktrace:\n#0 0x55e0236486b3 <unknown>\n#1 0x55e02331e1e7 <unknown>\n#2 0x55e023365566 <unknown>\n#3 0x55e023365651 <unknown>\n#4 0x55e0233a2a74 <unknown>\n#5 0x55e0233870ed <unknown>\n#6 0x55e0233a0322 <unknown>\n#7 0x55e023386e93 <unknown>\n#8 0x55e023359934 <unknown>\n#9 0x55e02335a71e <unknown>\n#10 0x55e02360dcb8 <unknown>\n#11 0x55e023611bf0 <unknown>\n#12 0x55e02361c19c <unknown>\n#13 0x55e023612808 <unknown>\n#14 0x55e0235df27f <unknown>\n#15 0x55e023636e88 <unknown>\n#16 0x55e023637059 <unknown>\n#17 0x55e023647843 <unknown>\n#18 0x7f69554a4044 <unknown>","time":{"start":1695863225611,"stop":1695863226024,"duration":413}},{"uid":"bdef75670b419a7d","reportUrl":"https://zaelcovsky.github.io/StroyremAutomation/92//#testresult/bdef75670b419a7d","status":"broken","statusDetails":"selenium.common.exceptions.ElementNotInteractableException: Message: element not interactable\n  (Session info: headless chrome=117.0.5938.92)\nStacktrace:\n#0 0x55c9a1c046b3 <unknown>\n#1 0x55c9a18da036 <unknown>\n#2 0x55c9a1918c1d <unknown>\n#3 0x55c9a19430c2 <unknown>\n#4 0x55c9a1916f16 <unknown>\n#5 0x55c9a194328e <unknown>\n#6 0x55c9a195c322 <unknown>\n#7 0x55c9a1942e93 <unknown>\n#8 0x55c9a1915934 <unknown>\n#9 0x55c9a191671e <unknown>\n#10 0x55c9a1bc9cb8 <unknown>\n#11 0x55c9a1bcdbf0 <unknown>\n#12 0x55c9a1bd819c <unknown>\n#13 0x55c9a1bce808 <unknown>\n#14 0x55c9a1b9b27f <unknown>\n#15 0x55c9a1bf2e88 <unknown>\n#16 0x55c9a1bf3059 <unknown>\n#17 0x55c9a1c03843 <unknown>\n#18 0x7f49d2293044 <unknown>","time":{"start":1695777007561,"stop":1695777014715,"duration":7154}},{"uid":"d30dc011ac4fb5ca","reportUrl":"https://zaelcovsky.github.io/StroyremAutomation/91//#testresult/d30dc011ac4fb5ca","status":"broken","statusDetails":"selenium.common.exceptions.NoSuchElementException: Message: no such element: Unable to locate element: {\"method\":\"xpath\",\"selector\":\"(//a[@class='add-to-cart yellow-btn'])[1]\"}\n  (Session info: headless chrome=117.0.5938.92); For documentation on this error, please visit: https://www.selenium.dev/documentation/webdriver/troubleshooting/errors#no-such-element-exception\nStacktrace:\n#0 0x559b810a56b3 <unknown>\n#1 0x559b80d7b1e7 <unknown>\n#2 0x559b80dc2566 <unknown>\n#3 0x559b80dc2651 <unknown>\n#4 0x559b80dffa74 <unknown>\n#5 0x559b80de40ed <unknown>\n#6 0x559b80dfd322 <unknown>\n#7 0x559b80de3e93 <unknown>\n#8 0x559b80db6934 <unknown>\n#9 0x559b80db771e <unknown>\n#10 0x559b8106acb8 <unknown>\n#11 0x559b8106ebf0 <unknown>\n#12 0x559b8107919c <unknown>\n#13 0x559b8106f808 <unknown>\n#14 0x559b8103c27f <unknown>\n#15 0x559b81093e88 <unknown>\n#16 0x559b81094059 <unknown>\n#17 0x559b810a4843 <unknown>\n#18 0x7f28d9989044 <unknown>","time":{"start":1695690671734,"stop":1695690672390,"duration":656}},{"uid":"fb52052fbb30779a","reportUrl":"https://zaelcovsky.github.io/StroyremAutomation/90//#testresult/fb52052fbb30779a","status":"broken","statusDetails":"selenium.common.exceptions.NoSuchElementException: Message: no such element: Unable to locate element: {\"method\":\"xpath\",\"selector\":\"(//a[@class='add-to-cart yellow-btn'])[1]\"}\n  (Session info: headless chrome=117.0.5938.92); For documentation on this error, please visit: https://www.selenium.dev/documentation/webdriver/troubleshooting/errors#no-such-element-exception\nStacktrace:\n#0 0x55d731b036b3 <unknown>\n#1 0x55d7317d91e7 <unknown>\n#2 0x55d731820566 <unknown>\n#3 0x55d731820651 <unknown>\n#4 0x55d73185da74 <unknown>\n#5 0x55d7318420ed <unknown>\n#6 0x55d73185b322 <unknown>\n#7 0x55d731841e93 <unknown>\n#8 0x55d731814934 <unknown>\n#9 0x55d73181571e <unknown>\n#10 0x55d731ac8cb8 <unknown>\n#11 0x55d731accbf0 <unknown>\n#12 0x55d731ad719c <unknown>\n#13 0x55d731acd808 <unknown>\n#14 0x55d731a9a27f <unknown>\n#15 0x55d731af1e88 <unknown>\n#16 0x55d731af2059 <unknown>\n#17 0x55d731b02843 <unknown>\n#18 0x7f9e9148c044 <unknown>","time":{"start":1695604061129,"stop":1695604065871,"duration":4742}},{"uid":"d5f7431e24a4735a","reportUrl":"https://zaelcovsky.github.io/StroyremAutomation/89//#testresult/d5f7431e24a4735a","status":"broken","statusDetails":"selenium.common.exceptions.NoSuchElementException: Message: no such element: Unable to locate element: {\"method\":\"xpath\",\"selector\":\"(//a[@class='add-to-cart yellow-btn'])[1]\"}\n  (Session info: headless chrome=117.0.5938.92); For documentation on this error, please visit: https://www.selenium.dev/documentation/webdriver/troubleshooting/errors#no-such-element-exception\nStacktrace:\n#0 0x564d5bbf06b3 <unknown>\n#1 0x564d5b8c61e7 <unknown>\n#2 0x564d5b90d566 <unknown>\n#3 0x564d5b90d651 <unknown>\n#4 0x564d5b94aa74 <unknown>\n#5 0x564d5b92f0ed <unknown>\n#6 0x564d5b948322 <unknown>\n#7 0x564d5b92ee93 <unknown>\n#8 0x564d5b901934 <unknown>\n#9 0x564d5b90271e <unknown>\n#10 0x564d5bbb5cb8 <unknown>\n#11 0x564d5bbb9bf0 <unknown>\n#12 0x564d5bbc419c <unknown>\n#13 0x564d5bbba808 <unknown>\n#14 0x564d5bb8727f <unknown>\n#15 0x564d5bbdee88 <unknown>\n#16 0x564d5bbdf059 <unknown>\n#17 0x564d5bbef843 <unknown>\n#18 0x7fcf5c4fa044 <unknown>","time":{"start":1695517894225,"stop":1695517894985,"duration":760}},{"uid":"1e885a6d1221ee1f","reportUrl":"https://zaelcovsky.github.io/StroyremAutomation/88//#testresult/1e885a6d1221ee1f","status":"broken","statusDetails":"selenium.common.exceptions.NoSuchElementException: Message: no such element: Unable to locate element: {\"method\":\"xpath\",\"selector\":\"(//a[@class='add-to-cart yellow-btn'])[1]\"}\n  (Session info: headless chrome=117.0.5938.92); For documentation on this error, please visit: https://www.selenium.dev/documentation/webdriver/troubleshooting/errors#no-such-element-exception\nStacktrace:\n#0 0x561612c676b3 <unknown>\n#1 0x56161293d1e7 <unknown>\n#2 0x561612984566 <unknown>\n#3 0x561612984651 <unknown>\n#4 0x5616129c1a74 <unknown>\n#5 0x5616129a60ed <unknown>\n#6 0x5616129bf322 <unknown>\n#7 0x5616129a5e93 <unknown>\n#8 0x561612978934 <unknown>\n#9 0x56161297971e <unknown>\n#10 0x561612c2ccb8 <unknown>\n#11 0x561612c30bf0 <unknown>\n#12 0x561612c3b19c <unknown>\n#13 0x561612c31808 <unknown>\n#14 0x561612bfe27f <unknown>\n#15 0x561612c55e88 <unknown>\n#16 0x561612c56059 <unknown>\n#17 0x561612c66843 <unknown>\n#18 0x7f4d6bceb044 <unknown>","time":{"start":1695431239001,"stop":1695431239822,"duration":821}},{"uid":"783792440883ade9","reportUrl":"https://zaelcovsky.github.io/StroyremAutomation/87//#testresult/783792440883ade9","status":"broken","statusDetails":"selenium.common.exceptions.NoSuchElementException: Message: no such element: Unable to locate element: {\"method\":\"xpath\",\"selector\":\"(//a[@class='add-to-cart yellow-btn'])[1]\"}\n  (Session info: headless chrome=117.0.5938.92); For documentation on this error, please visit: https://www.selenium.dev/documentation/webdriver/troubleshooting/errors#no-such-element-exception\nStacktrace:\n#0 0x5654d83136b3 <unknown>\n#1 0x5654d7fe91e7 <unknown>\n#2 0x5654d8030566 <unknown>\n#3 0x5654d8030651 <unknown>\n#4 0x5654d806da74 <unknown>\n#5 0x5654d80520ed <unknown>\n#6 0x5654d806b322 <unknown>\n#7 0x5654d8051e93 <unknown>\n#8 0x5654d8024934 <unknown>\n#9 0x5654d802571e <unknown>\n#10 0x5654d82d8cb8 <unknown>\n#11 0x5654d82dcbf0 <unknown>\n#12 0x5654d82e719c <unknown>\n#13 0x5654d82dd808 <unknown>\n#14 0x5654d82aa27f <unknown>\n#15 0x5654d8301e88 <unknown>\n#16 0x5654d8302059 <unknown>\n#17 0x5654d8312843 <unknown>\n#18 0x7f7ef5334044 <unknown>","time":{"start":1695344820127,"stop":1695344820569,"duration":442}},{"uid":"d55c4afef23986f","reportUrl":"https://zaelcovsky.github.io/StroyremAutomation/86//#testresult/d55c4afef23986f","status":"broken","statusDetails":"selenium.common.exceptions.NoSuchElementException: Message: no such element: Unable to locate element: {\"method\":\"xpath\",\"selector\":\"(//a[@class='add-to-cart yellow-btn'])[1]\"}\n  (Session info: headless chrome=117.0.5938.88); For documentation on this error, please visit: https://www.selenium.dev/documentation/webdriver/troubleshooting/errors#no-such-element-exception\nStacktrace:\n#0 0x56391b0ca6c3 <unknown>\n#1 0x56391ada01e7 <unknown>\n#2 0x56391ade7566 <unknown>\n#3 0x56391ade7651 <unknown>\n#4 0x56391ae24a74 <unknown>\n#5 0x56391ae090ed <unknown>\n#6 0x56391ae22322 <unknown>\n#7 0x56391ae08e93 <unknown>\n#8 0x56391addb934 <unknown>\n#9 0x56391addc71e <unknown>\n#10 0x56391b08fcc8 <unknown>\n#11 0x56391b093c00 <unknown>\n#12 0x56391b09e1ac <unknown>\n#13 0x56391b094818 <unknown>\n#14 0x56391b06128f <unknown>\n#15 0x56391b0b8e98 <unknown>\n#16 0x56391b0b9069 <unknown>\n#17 0x56391b0c9853 <unknown>\n#18 0x7f0eddf7e044 <unknown>","time":{"start":1695258383577,"stop":1695258384023,"duration":446}},{"uid":"f195bba75ea6616e","reportUrl":"https://zaelcovsky.github.io/StroyremAutomation/85//#testresult/f195bba75ea6616e","status":"broken","statusDetails":"selenium.common.exceptions.ElementNotInteractableException: Message: element not interactable\n  (Session info: headless chrome=117.0.5938.88)\nStacktrace:\n#0 0x55cf968b76c3 <unknown>\n#1 0x55cf9658d036 <unknown>\n#2 0x55cf965cbc1d <unknown>\n#3 0x55cf965f60c2 <unknown>\n#4 0x55cf965c9f16 <unknown>\n#5 0x55cf965f628e <unknown>\n#6 0x55cf9660f322 <unknown>\n#7 0x55cf965f5e93 <unknown>\n#8 0x55cf965c8934 <unknown>\n#9 0x55cf965c971e <unknown>\n#10 0x55cf9687ccc8 <unknown>\n#11 0x55cf96880c00 <unknown>\n#12 0x55cf9688b1ac <unknown>\n#13 0x55cf96881818 <unknown>\n#14 0x55cf9684e28f <unknown>\n#15 0x55cf968a5e98 <unknown>\n#16 0x55cf968a6069 <unknown>\n#17 0x55cf968b6853 <unknown>\n#18 0x7f6d48d54044 <unknown>","time":{"start":1695172172820,"stop":1695172178854,"duration":6034}},{"uid":"6cb61de50c0d7ae7","reportUrl":"https://zaelcovsky.github.io/StroyremAutomation/84//#testresult/6cb61de50c0d7ae7","status":"broken","statusDetails":"selenium.common.exceptions.NoSuchElementException: Message: no such element: Unable to locate element: {\"method\":\"xpath\",\"selector\":\"(//a[@class='add-to-cart yellow-btn'])[1]\"}\n  (Session info: headless chrome=117.0.5938.88); For documentation on this error, please visit: https://www.selenium.dev/documentation/webdriver/troubleshooting/errors#no-such-element-exception\nStacktrace:\n#0 0x55cec2f866c3 <unknown>\n#1 0x55cec2c5c1e7 <unknown>\n#2 0x55cec2ca3566 <unknown>\n#3 0x55cec2ca3651 <unknown>\n#4 0x55cec2ce0a74 <unknown>\n#5 0x55cec2cc50ed <unknown>\n#6 0x55cec2cde322 <unknown>\n#7 0x55cec2cc4e93 <unknown>\n#8 0x55cec2c97934 <unknown>\n#9 0x55cec2c9871e <unknown>\n#10 0x55cec2f4bcc8 <unknown>\n#11 0x55cec2f4fc00 <unknown>\n#12 0x55cec2f5a1ac <unknown>\n#13 0x55cec2f50818 <unknown>\n#14 0x55cec2f1d28f <unknown>\n#15 0x55cec2f74e98 <unknown>\n#16 0x55cec2f75069 <unknown>\n#17 0x55cec2f85853 <unknown>\n#18 0x7faaea7a0044 <unknown>","time":{"start":1695085764837,"stop":1695085765264,"duration":427}},{"uid":"8d66c07ff7d37e68","reportUrl":"https://zaelcovsky.github.io/StroyremAutomation/83//#testresult/8d66c07ff7d37e68","status":"broken","statusDetails":"selenium.common.exceptions.NoSuchElementException: Message: no such element: Unable to locate element: {\"method\":\"xpath\",\"selector\":\"(//a[@class='add-to-cart yellow-btn'])[1]\"}\n  (Session info: headless chrome=117.0.5938.88); For documentation on this error, please visit: https://www.selenium.dev/documentation/webdriver/troubleshooting/errors#no-such-element-exception\nStacktrace:\n#0 0x55a7d3c1b6c3 <unknown>\n#1 0x55a7d38f11e7 <unknown>\n#2 0x55a7d3938566 <unknown>\n#3 0x55a7d3938651 <unknown>\n#4 0x55a7d3975a74 <unknown>\n#5 0x55a7d395a0ed <unknown>\n#6 0x55a7d3973322 <unknown>\n#7 0x55a7d3959e93 <unknown>\n#8 0x55a7d392c934 <unknown>\n#9 0x55a7d392d71e <unknown>\n#10 0x55a7d3be0cc8 <unknown>\n#11 0x55a7d3be4c00 <unknown>\n#12 0x55a7d3bef1ac <unknown>\n#13 0x55a7d3be5818 <unknown>\n#14 0x55a7d3bb228f <unknown>\n#15 0x55a7d3c09e98 <unknown>\n#16 0x55a7d3c0a069 <unknown>\n#17 0x55a7d3c1a853 <unknown>\n#18 0x7f2259b22044 <unknown>","time":{"start":1694999356581,"stop":1694999357215,"duration":634}},{"uid":"5f29f407dfaaf360","reportUrl":"https://zaelcovsky.github.io/StroyremAutomation/82//#testresult/5f29f407dfaaf360","status":"broken","statusDetails":"selenium.common.exceptions.NoSuchElementException: Message: no such element: Unable to locate element: {\"method\":\"xpath\",\"selector\":\"(//a[@class='add-to-cart yellow-btn'])[1]\"}\n  (Session info: headless chrome=117.0.5938.88); For documentation on this error, please visit: https://www.selenium.dev/documentation/webdriver/troubleshooting/errors#no-such-element-exception\nStacktrace:\n#0 0x5582ac7896c3 <unknown>\n#1 0x5582ac45f1e7 <unknown>\n#2 0x5582ac4a6566 <unknown>\n#3 0x5582ac4a6651 <unknown>\n#4 0x5582ac4e3a74 <unknown>\n#5 0x5582ac4c80ed <unknown>\n#6 0x5582ac4e1322 <unknown>\n#7 0x5582ac4c7e93 <unknown>\n#8 0x5582ac49a934 <unknown>\n#9 0x5582ac49b71e <unknown>\n#10 0x5582ac74ecc8 <unknown>\n#11 0x5582ac752c00 <unknown>\n#12 0x5582ac75d1ac <unknown>\n#13 0x5582ac753818 <unknown>\n#14 0x5582ac72028f <unknown>\n#15 0x5582ac777e98 <unknown>\n#16 0x5582ac778069 <unknown>\n#17 0x5582ac788853 <unknown>\n#18 0x7f58b678d044 <unknown>","time":{"start":1694913006187,"stop":1694913006745,"duration":558}},{"uid":"901e6f543d89a9cc","reportUrl":"https://zaelcovsky.github.io/StroyremAutomation/81//#testresult/901e6f543d89a9cc","status":"broken","statusDetails":"selenium.common.exceptions.NoSuchElementException: Message: no such element: Unable to locate element: {\"method\":\"xpath\",\"selector\":\"(//a[@class='add-to-cart yellow-btn'])[1]\"}\n  (Session info: headless chrome=117.0.5938.88); For documentation on this error, please visit: https://www.selenium.dev/documentation/webdriver/troubleshooting/errors#no-such-element-exception\nStacktrace:\n#0 0x558045d2a6c3 <unknown>\n#1 0x558045a001e7 <unknown>\n#2 0x558045a47566 <unknown>\n#3 0x558045a47651 <unknown>\n#4 0x558045a84a74 <unknown>\n#5 0x558045a690ed <unknown>\n#6 0x558045a82322 <unknown>\n#7 0x558045a68e93 <unknown>\n#8 0x558045a3b934 <unknown>\n#9 0x558045a3c71e <unknown>\n#10 0x558045cefcc8 <unknown>\n#11 0x558045cf3c00 <unknown>\n#12 0x558045cfe1ac <unknown>\n#13 0x558045cf4818 <unknown>\n#14 0x558045cc128f <unknown>\n#15 0x558045d18e98 <unknown>\n#16 0x558045d19069 <unknown>\n#17 0x558045d29853 <unknown>\n#18 0x7f084a8c5044 <unknown>","time":{"start":1694826439500,"stop":1694826440117,"duration":617}},{"uid":"781ea6cb67d69306","reportUrl":"https://zaelcovsky.github.io/StroyremAutomation/80//#testresult/781ea6cb67d69306","status":"broken","statusDetails":"selenium.common.exceptions.NoSuchElementException: Message: no such element: Unable to locate element: {\"method\":\"xpath\",\"selector\":\"(//a[@class='add-to-cart yellow-btn'])[1]\"}\n  (Session info: headless chrome=117.0.5938.62); For documentation on this error, please visit: https://www.selenium.dev/documentation/webdriver/troubleshooting/errors#no-such-element-exception\nStacktrace:\n#0 0x55a96cec6693 <unknown>\n#1 0x55a96cb9c1e7 <unknown>\n#2 0x55a96cbe3566 <unknown>\n#3 0x55a96cbe3651 <unknown>\n#4 0x55a96cc20a74 <unknown>\n#5 0x55a96cc050ed <unknown>\n#6 0x55a96cc1e322 <unknown>\n#7 0x55a96cc04e93 <unknown>\n#8 0x55a96cbd7934 <unknown>\n#9 0x55a96cbd871e <unknown>\n#10 0x55a96ce8bc98 <unknown>\n#11 0x55a96ce8fbd0 <unknown>\n#12 0x55a96ce9a17c <unknown>\n#13 0x55a96ce907e8 <unknown>\n#14 0x55a96ce5d25f <unknown>\n#15 0x55a96ceb4e68 <unknown>\n#16 0x55a96ceb5039 <unknown>\n#17 0x55a96cec5823 <unknown>\n#18 0x7f6336874044 <unknown>","time":{"start":1694740050346,"stop":1694740051083,"duration":737}},{"uid":"fda079b20c581b17","reportUrl":"https://zaelcovsky.github.io/StroyremAutomation/79//#testresult/fda079b20c581b17","status":"broken","statusDetails":"selenium.common.exceptions.NoSuchElementException: Message: no such element: Unable to locate element: {\"method\":\"xpath\",\"selector\":\"(//a[@class='add-to-cart yellow-btn'])[1]\"}\n  (Session info: headless chrome=117.0.5938.62); For documentation on this error, please visit: https://www.selenium.dev/documentation/webdriver/troubleshooting/errors#no-such-element-exception\nStacktrace:\n#0 0x55d6b5c6c693 <unknown>\n#1 0x55d6b59421e7 <unknown>\n#2 0x55d6b5989566 <unknown>\n#3 0x55d6b5989651 <unknown>\n#4 0x55d6b59c6a74 <unknown>\n#5 0x55d6b59ab0ed <unknown>\n#6 0x55d6b59c4322 <unknown>\n#7 0x55d6b59aae93 <unknown>\n#8 0x55d6b597d934 <unknown>\n#9 0x55d6b597e71e <unknown>\n#10 0x55d6b5c31c98 <unknown>\n#11 0x55d6b5c35bd0 <unknown>\n#12 0x55d6b5c4017c <unknown>\n#13 0x55d6b5c367e8 <unknown>\n#14 0x55d6b5c0325f <unknown>\n#15 0x55d6b5c5ae68 <unknown>\n#16 0x55d6b5c5b039 <unknown>\n#17 0x55d6b5c6b823 <unknown>\n#18 0x7f5ef82c5044 <unknown>","time":{"start":1694653875438,"stop":1694653876245,"duration":807}},{"uid":"a3588e88cd28f528","reportUrl":"https://zaelcovsky.github.io/StroyremAutomation/78//#testresult/a3588e88cd28f528","status":"broken","statusDetails":"selenium.common.exceptions.NoSuchElementException: Message: no such element: Unable to locate element: {\"method\":\"xpath\",\"selector\":\"(//a[@class='add-to-cart yellow-btn'])[1]\"}\n  (Session info: headless chrome=117.0.5938.62); For documentation on this error, please visit: https://www.selenium.dev/documentation/webdriver/troubleshooting/errors#no-such-element-exception\nStacktrace:\n#0 0x55c58d8c7693 <unknown>\n#1 0x55c58d59d1e7 <unknown>\n#2 0x55c58d5e4566 <unknown>\n#3 0x55c58d5e4651 <unknown>\n#4 0x55c58d621a74 <unknown>\n#5 0x55c58d6060ed <unknown>\n#6 0x55c58d61f322 <unknown>\n#7 0x55c58d605e93 <unknown>\n#8 0x55c58d5d8934 <unknown>\n#9 0x55c58d5d971e <unknown>\n#10 0x55c58d88cc98 <unknown>\n#11 0x55c58d890bd0 <unknown>\n#12 0x55c58d89b17c <unknown>\n#13 0x55c58d8917e8 <unknown>\n#14 0x55c58d85e25f <unknown>\n#15 0x55c58d8b5e68 <unknown>\n#16 0x55c58d8b6039 <unknown>\n#17 0x55c58d8c6823 <unknown>\n#18 0x7f806e4f2044 <unknown>","time":{"start":1694567364128,"stop":1694567364700,"duration":572}},{"uid":"ef140081d948cf1e","reportUrl":"https://zaelcovsky.github.io/StroyremAutomation/77//#testresult/ef140081d948cf1e","status":"broken","statusDetails":"selenium.common.exceptions.NoSuchElementException: Message: no such element: Unable to locate element: {\"method\":\"xpath\",\"selector\":\"(//a[@class='add-to-cart yellow-btn'])[1]\"}\n  (Session info: headless chrome=116.0.5845.96); For documentation on this error, please visit: https://www.selenium.dev/documentation/webdriver/troubleshooting/errors#no-such-element-exception\nStacktrace:\n#0 0x5624a01d0e23 <unknown>\n#1 0x56249fef97a7 <unknown>\n#2 0x56249ff381d3 <unknown>\n#3 0x56249ff382c1 <unknown>\n#4 0x56249ff73a04 <unknown>\n#5 0x56249ff5903d <unknown>\n#6 0x56249ff71369 <unknown>\n#7 0x56249ff58de3 <unknown>\n#8 0x56249ff2ca7b <unknown>\n#9 0x56249ff2d81e <unknown>\n#10 0x5624a0192638 <unknown>\n#11 0x5624a0196507 <unknown>\n#12 0x5624a01a0c4c <unknown>\n#13 0x5624a0197136 <unknown>\n#14 0x5624a01659cf <unknown>\n#15 0x5624a01bab98 <unknown>\n#16 0x5624a01bad68 <unknown>\n#17 0x5624a01c9cb3 <unknown>\n#18 0x7fdcd0f46044 <unknown>","time":{"start":1694481010330,"stop":1694481011195,"duration":865}},{"uid":"54eda991a54b2fa7","reportUrl":"https://zaelcovsky.github.io/StroyremAutomation/76//#testresult/54eda991a54b2fa7","status":"broken","statusDetails":"selenium.common.exceptions.NoSuchElementException: Message: no such element: Unable to locate element: {\"method\":\"xpath\",\"selector\":\"(//a[@class='add-to-cart yellow-btn'])[1]\"}\n  (Session info: headless chrome=116.0.5845.96); For documentation on this error, please visit: https://www.selenium.dev/documentation/webdriver/troubleshooting/errors#no-such-element-exception\nStacktrace:\n#0 0x563f5d869e23 <unknown>\n#1 0x563f5d5927a7 <unknown>\n#2 0x563f5d5d11d3 <unknown>\n#3 0x563f5d5d12c1 <unknown>\n#4 0x563f5d60ca04 <unknown>\n#5 0x563f5d5f203d <unknown>\n#6 0x563f5d60a369 <unknown>\n#7 0x563f5d5f1de3 <unknown>\n#8 0x563f5d5c5a7b <unknown>\n#9 0x563f5d5c681e <unknown>\n#10 0x563f5d82b638 <unknown>\n#11 0x563f5d82f507 <unknown>\n#12 0x563f5d839c4c <unknown>\n#13 0x563f5d830136 <unknown>\n#14 0x563f5d7fe9cf <unknown>\n#15 0x563f5d853b98 <unknown>\n#16 0x563f5d853d68 <unknown>\n#17 0x563f5d862cb3 <unknown>\n#18 0x7f70978cc044 <unknown>","time":{"start":1694394522847,"stop":1694394523430,"duration":583}},{"uid":"2ebc260cf557c6d0","reportUrl":"https://zaelcovsky.github.io/StroyremAutomation/75//#testresult/2ebc260cf557c6d0","status":"broken","statusDetails":"selenium.common.exceptions.NoSuchElementException: Message: no such element: Unable to locate element: {\"method\":\"xpath\",\"selector\":\"(//a[@class='add-to-cart yellow-btn'])[1]\"}\n  (Session info: headless chrome=116.0.5845.96); For documentation on this error, please visit: https://www.selenium.dev/documentation/webdriver/troubleshooting/errors#no-such-element-exception\nStacktrace:\n#0 0x5622a1f6be23 <unknown>\n#1 0x5622a1c947a7 <unknown>\n#2 0x5622a1cd31d3 <unknown>\n#3 0x5622a1cd32c1 <unknown>\n#4 0x5622a1d0ea04 <unknown>\n#5 0x5622a1cf403d <unknown>\n#6 0x5622a1d0c369 <unknown>\n#7 0x5622a1cf3de3 <unknown>\n#8 0x5622a1cc7a7b <unknown>\n#9 0x5622a1cc881e <unknown>\n#10 0x5622a1f2d638 <unknown>\n#11 0x5622a1f31507 <unknown>\n#12 0x5622a1f3bc4c <unknown>\n#13 0x5622a1f32136 <unknown>\n#14 0x5622a1f009cf <unknown>\n#15 0x5622a1f55b98 <unknown>\n#16 0x5622a1f55d68 <unknown>\n#17 0x5622a1f64cb3 <unknown>\n#18 0x7f805176e044 <unknown>","time":{"start":1694308278681,"stop":1694308279119,"duration":438}}]},"tags":["smoke"]},"source":"5e5c9786f68e5c6b.json","parameterValues":["8980","299","'TD 011'","7960","'products/shtukaturka-gipsovaya-aksolit-m50-30-kg-mashinnogo-naneseniya'","3600","'https://sandboxtest.stroyrem-nn.ru/'","9000"]}