{"uid":"e3ef0853c4c0189c","name":"TD 017 Доставка товара весом до 400кг. в синей зоне","fullName":"tests.delivery.test_delivery_calculation.TestDeliveryPageCalculation#test_positive_delivery_blue_zone_smoke","historyId":"81af0bc3e563f7b2736d18e07047a083","time":{"start":1694999366696,"stop":1694999367366,"duration":670},"status":"broken","statusMessage":"selenium.common.exceptions.NoSuchElementException: Message: no such element: Unable to locate element: {\"method\":\"xpath\",\"selector\":\"(//a[@class='add-to-cart yellow-btn'])[1]\"}\n  (Session info: headless chrome=117.0.5938.88); For documentation on this error, please visit: https://www.selenium.dev/documentation/webdriver/troubleshooting/errors#no-such-element-exception\nStacktrace:\n#0 0x55a1c521e6c3 <unknown>\n#1 0x55a1c4ef41e7 <unknown>\n#2 0x55a1c4f3b566 <unknown>\n#3 0x55a1c4f3b651 <unknown>\n#4 0x55a1c4f78a74 <unknown>\n#5 0x55a1c4f5d0ed <unknown>\n#6 0x55a1c4f76322 <unknown>\n#7 0x55a1c4f5ce93 <unknown>\n#8 0x55a1c4f2f934 <unknown>\n#9 0x55a1c4f3071e <unknown>\n#10 0x55a1c51e3cc8 <unknown>\n#11 0x55a1c51e7c00 <unknown>\n#12 0x55a1c51f21ac <unknown>\n#13 0x55a1c51e8818 <unknown>\n#14 0x55a1c51b528f <unknown>\n#15 0x55a1c520ce98 <unknown>\n#16 0x55a1c520d069 <unknown>\n#17 0x55a1c521d853 <unknown>\n#18 0x7ff44ea95044 <unknown>","statusTrace":"self = <tests.delivery.test_delivery_calculation.TestDeliveryPageCalculation object at 0x7f1f5db351d0>\ndriver = <selenium.webdriver.chrome.webdriver.WebDriver (session=\"81b2c65f3befa805383614f137a01b8e\")>\nurl = 'https://sandboxtest.stroyrem-nn.ru/', case_id = 'TD 017'\nlink_item = 'products/shtukaturka-gipsovaya-aksolit-m50-30-kg-mashinnogo-naneseniya'\namount = 13, weight = 400, standard = 650, in_time = 2390, all_time = 3320\n\n    @pytest.mark.parametrize('case_id, link_item, amount, weight, standard, in_time, all_time', [\n        (\"TD 015\", bundeks_25, 1, 30, 650, 2390, 3320),\n        pytest.param(\n            \"TD 016\", aksolit_30, 8, 300, 650, 2390, 3320,\n            marks=pytest.mark.xfail(reson=\"Цена доставки: - - -\")\n        ),\n        (\"TD 017\", aksolit_30, 13, 400, 650, 2390, 3320),\n        (\"TD 018\", aksolit_30, 16, 500, 850, 2490, 3320),\n        (\"TD 019\", aksolit_30, 25, 1700, 1150, 2490, 3320),\n        (\"TD 020\", aksolit_30, 66, 2000, 1500, 2990, 3650),\n        (\"TD 021\", aksolit_30, 149, 4500, 2600, 4380, 4890),\n        (\"TD 022\", aksolit_30, 166, 5000, 2800, 5490, 5980),\n        pytest.param(\n            \"TD 023\", aksolit_30, 206, 6200, 3300, 7500, 8000,\n            marks=pytest.mark.xfail(reson=\"Цена доставки: 4300 9900 11440\")\n        ),\n        (\"TD 024\", aksolit_30, 299, 9000, 4300, 9900, 11440),\n        (\"TD 025\", aksolit_30, 333, 10000, 7000, 13900, 15900),\n        pytest.param(\n            \"TD 026\", aksolit_30, 366, 11000, 8000, 14900, 19900,\n            marks=pytest.mark.xfail(reson=\"Цена доставки: 7000 13900 15900\")\n        ),\n        pytest.param(\n            \"TD 027\", aksolit_30, 666, 20000, 14000, 16900, 23900,\n            marks=pytest.mark.xfail(reson=\"Цена доставки: 7000 13900 15900\")\n        )\n    ])\n    @pytest.mark.smoke\n    def test_positive_delivery_blue_zone_smoke(\n            self, driver, url, case_id, link_item, amount, weight, standard, in_time, all_time\n    ):\n        allure.dynamic.title(f\"{case_id} Доставка товара весом до {weight}кг. в синей зоне\")\n    \n        driver.get(f'{url}{link_item}')\n        item_page = ItemPage(driver)\n>       item_page.add_item_to_cart(amount).click_on_cart()\n\ntests/delivery/test_delivery_calculation.py:130: \n_ _ _ _ _ _ _ _ _ _ _ _ _ _ _ _ _ _ _ _ _ _ _ _ _ _ _ _ _ _ _ _ _ _ _ _ _ _ _ _ \npages/item_page.py:40: in add_item_to_cart\n    self.find_element(self._add_item).click()\nbase/seleniumbase.py:17: in find_element\n    return self.driver.find_element(*locator)\n/usr/local/lib/python3.11/site-packages/selenium/webdriver/remote/webdriver.py:740: in find_element\n    return self.execute(Command.FIND_ELEMENT, {\"using\": by, \"value\": value})[\"value\"]\n/usr/local/lib/python3.11/site-packages/selenium/webdriver/remote/webdriver.py:346: in execute\n    self.error_handler.check_response(response)\n_ _ _ _ _ _ _ _ _ _ _ _ _ _ _ _ _ _ _ _ _ _ _ _ _ _ _ _ _ _ _ _ _ _ _ _ _ _ _ _ \n\nself = <selenium.webdriver.remote.errorhandler.ErrorHandler object at 0x7f1f5e760750>\nresponse = {'status': 404, 'value': '{\"value\":{\"error\":\"no such element\",\"message\":\"no such element: Unable to locate element: {\\...\\\\n#16 0x55a1c520d069 \\\\u003Cunknown>\\\\n#17 0x55a1c521d853 \\\\u003Cunknown>\\\\n#18 0x7ff44ea95044 \\\\u003Cunknown>\\\\n\"}}'}\n\n    def check_response(self, response: Dict[str, Any]) -> None:\n        \"\"\"Checks that a JSON response from the WebDriver does not have an\n        error.\n    \n        :Args:\n         - response - The JSON response from the WebDriver server as a dictionary\n           object.\n    \n        :Raises: If the response contains an error message.\n        \"\"\"\n        status = response.get(\"status\", None)\n        if not status or status == ErrorCode.SUCCESS:\n            return\n        value = None\n        message = response.get(\"message\", \"\")\n        screen: str = response.get(\"screen\", \"\")\n        stacktrace = None\n        if isinstance(status, int):\n            value_json = response.get(\"value\", None)\n            if value_json and isinstance(value_json, str):\n                import json\n    \n                try:\n                    value = json.loads(value_json)\n                    if len(value) == 1:\n                        value = value[\"value\"]\n                    status = value.get(\"error\", None)\n                    if not status:\n                        status = value.get(\"status\", ErrorCode.UNKNOWN_ERROR)\n                        message = value.get(\"value\") or value.get(\"message\")\n                        if not isinstance(message, str):\n                            value = message\n                            message = message.get(\"message\")\n                    else:\n                        message = value.get(\"message\", None)\n                except ValueError:\n                    pass\n    \n        exception_class: Type[WebDriverException]\n        if status in ErrorCode.NO_SUCH_ELEMENT:\n            exception_class = NoSuchElementException\n        elif status in ErrorCode.NO_SUCH_FRAME:\n            exception_class = NoSuchFrameException\n        elif status in ErrorCode.NO_SUCH_SHADOW_ROOT:\n            exception_class = NoSuchShadowRootException\n        elif status in ErrorCode.NO_SUCH_WINDOW:\n            exception_class = NoSuchWindowException\n        elif status in ErrorCode.STALE_ELEMENT_REFERENCE:\n            exception_class = StaleElementReferenceException\n        elif status in ErrorCode.ELEMENT_NOT_VISIBLE:\n            exception_class = ElementNotVisibleException\n        elif status in ErrorCode.INVALID_ELEMENT_STATE:\n            exception_class = InvalidElementStateException\n        elif (\n            status in ErrorCode.INVALID_SELECTOR\n            or status in ErrorCode.INVALID_XPATH_SELECTOR\n            or status in ErrorCode.INVALID_XPATH_SELECTOR_RETURN_TYPER\n        ):\n            exception_class = InvalidSelectorException\n        elif status in ErrorCode.ELEMENT_IS_NOT_SELECTABLE:\n            exception_class = ElementNotSelectableException\n        elif status in ErrorCode.ELEMENT_NOT_INTERACTABLE:\n            exception_class = ElementNotInteractableException\n        elif status in ErrorCode.INVALID_COOKIE_DOMAIN:\n            exception_class = InvalidCookieDomainException\n        elif status in ErrorCode.UNABLE_TO_SET_COOKIE:\n            exception_class = UnableToSetCookieException\n        elif status in ErrorCode.TIMEOUT:\n            exception_class = TimeoutException\n        elif status in ErrorCode.SCRIPT_TIMEOUT:\n            exception_class = TimeoutException\n        elif status in ErrorCode.UNKNOWN_ERROR:\n            exception_class = WebDriverException\n        elif status in ErrorCode.UNEXPECTED_ALERT_OPEN:\n            exception_class = UnexpectedAlertPresentException\n        elif status in ErrorCode.NO_ALERT_OPEN:\n            exception_class = NoAlertPresentException\n        elif status in ErrorCode.IME_NOT_AVAILABLE:\n            exception_class = ImeNotAvailableException\n        elif status in ErrorCode.IME_ENGINE_ACTIVATION_FAILED:\n            exception_class = ImeActivationFailedException\n        elif status in ErrorCode.MOVE_TARGET_OUT_OF_BOUNDS:\n            exception_class = MoveTargetOutOfBoundsException\n        elif status in ErrorCode.JAVASCRIPT_ERROR:\n            exception_class = JavascriptException\n        elif status in ErrorCode.SESSION_NOT_CREATED:\n            exception_class = SessionNotCreatedException\n        elif status in ErrorCode.INVALID_ARGUMENT:\n            exception_class = InvalidArgumentException\n        elif status in ErrorCode.NO_SUCH_COOKIE:\n            exception_class = NoSuchCookieException\n        elif status in ErrorCode.UNABLE_TO_CAPTURE_SCREEN:\n            exception_class = ScreenshotException\n        elif status in ErrorCode.ELEMENT_CLICK_INTERCEPTED:\n            exception_class = ElementClickInterceptedException\n        elif status in ErrorCode.INSECURE_CERTIFICATE:\n            exception_class = InsecureCertificateException\n        elif status in ErrorCode.INVALID_COORDINATES:\n            exception_class = InvalidCoordinatesException\n        elif status in ErrorCode.INVALID_SESSION_ID:\n            exception_class = InvalidSessionIdException\n        elif status in ErrorCode.UNKNOWN_METHOD:\n            exception_class = UnknownMethodException\n        else:\n            exception_class = WebDriverException\n        if not value:\n            value = response[\"value\"]\n        if isinstance(value, str):\n            raise exception_class(value)\n        if message == \"\" and \"message\" in value:\n            message = value[\"message\"]\n    \n        screen = None  # type: ignore[assignment]\n        if \"screen\" in value:\n            screen = value[\"screen\"]\n    \n        stacktrace = None\n        st_value = value.get(\"stackTrace\") or value.get(\"stacktrace\")\n        if st_value:\n            if isinstance(st_value, str):\n                stacktrace = st_value.split(\"\\n\")\n            else:\n                stacktrace = []\n                try:\n                    for frame in st_value:\n                        line = frame.get(\"lineNumber\", \"\")\n                        file = frame.get(\"fileName\", \"<anonymous>\")\n                        if line:\n                            file = f\"{file}:{line}\"\n                        meth = frame.get(\"methodName\", \"<anonymous>\")\n                        if \"className\" in frame:\n                            meth = f\"{frame['className']}.{meth}\"\n                        msg = \"    at %s (%s)\"\n                        msg = msg % (meth, file)\n                        stacktrace.append(msg)\n                except TypeError:\n                    pass\n        if exception_class == UnexpectedAlertPresentException:\n            alert_text = None\n            if \"data\" in value:\n                alert_text = value[\"data\"].get(\"text\")\n            elif \"alert\" in value:\n                alert_text = value[\"alert\"].get(\"text\")\n            raise exception_class(message, screen, stacktrace, alert_text)  # type: ignore[call-arg]  # mypy is not smart enough here\n>       raise exception_class(message, screen, stacktrace)\nE       selenium.common.exceptions.NoSuchElementException: Message: no such element: Unable to locate element: {\"method\":\"xpath\",\"selector\":\"(//a[@class='add-to-cart yellow-btn'])[1]\"}\nE         (Session info: headless chrome=117.0.5938.88); For documentation on this error, please visit: https://www.selenium.dev/documentation/webdriver/troubleshooting/errors#no-such-element-exception\nE       Stacktrace:\nE       #0 0x55a1c521e6c3 <unknown>\nE       #1 0x55a1c4ef41e7 <unknown>\nE       #2 0x55a1c4f3b566 <unknown>\nE       #3 0x55a1c4f3b651 <unknown>\nE       #4 0x55a1c4f78a74 <unknown>\nE       #5 0x55a1c4f5d0ed <unknown>\nE       #6 0x55a1c4f76322 <unknown>\nE       #7 0x55a1c4f5ce93 <unknown>\nE       #8 0x55a1c4f2f934 <unknown>\nE       #9 0x55a1c4f3071e <unknown>\nE       #10 0x55a1c51e3cc8 <unknown>\nE       #11 0x55a1c51e7c00 <unknown>\nE       #12 0x55a1c51f21ac <unknown>\nE       #13 0x55a1c51e8818 <unknown>\nE       #14 0x55a1c51b528f <unknown>\nE       #15 0x55a1c520ce98 <unknown>\nE       #16 0x55a1c520d069 <unknown>\nE       #17 0x55a1c521d853 <unknown>\nE       #18 0x7ff44ea95044 <unknown>\n\n/usr/local/lib/python3.11/site-packages/selenium/webdriver/remote/errorhandler.py:245: NoSuchElementException","flaky":false,"newFailed":false,"newBroken":false,"newPassed":false,"retriesCount":0,"retriesStatusChange":false,"beforeStages":[{"name":"_session_faker","time":{"start":1694998863731,"stop":1694998863837,"duration":106},"status":"passed","steps":[],"attachments":[],"parameters":[],"shouldDisplayMessage":false,"stepsCount":0,"attachmentsCount":0,"hasContent":false},{"name":"clear_allure_results_folder","time":{"start":1694998863837,"stop":1694998863837,"duration":0},"status":"passed","steps":[],"attachments":[],"parameters":[],"shouldDisplayMessage":false,"stepsCount":0,"attachmentsCount":0,"hasContent":false},{"name":"driver","time":{"start":1694999365875,"stop":1694999366694,"duration":819},"status":"passed","steps":[],"attachments":[],"parameters":[],"shouldDisplayMessage":false,"stepsCount":0,"attachmentsCount":0,"hasContent":false},{"name":"setup","time":{"start":1694999366694,"stop":1694999366695,"duration":1},"status":"passed","steps":[],"attachments":[],"parameters":[],"shouldDisplayMessage":false,"stepsCount":0,"attachmentsCount":0,"hasContent":false}],"testStage":{"status":"broken","statusMessage":"selenium.common.exceptions.NoSuchElementException: Message: no such element: Unable to locate element: {\"method\":\"xpath\",\"selector\":\"(//a[@class='add-to-cart yellow-btn'])[1]\"}\n  (Session info: headless chrome=117.0.5938.88); For documentation on this error, please visit: https://www.selenium.dev/documentation/webdriver/troubleshooting/errors#no-such-element-exception\nStacktrace:\n#0 0x55a1c521e6c3 <unknown>\n#1 0x55a1c4ef41e7 <unknown>\n#2 0x55a1c4f3b566 <unknown>\n#3 0x55a1c4f3b651 <unknown>\n#4 0x55a1c4f78a74 <unknown>\n#5 0x55a1c4f5d0ed <unknown>\n#6 0x55a1c4f76322 <unknown>\n#7 0x55a1c4f5ce93 <unknown>\n#8 0x55a1c4f2f934 <unknown>\n#9 0x55a1c4f3071e <unknown>\n#10 0x55a1c51e3cc8 <unknown>\n#11 0x55a1c51e7c00 <unknown>\n#12 0x55a1c51f21ac <unknown>\n#13 0x55a1c51e8818 <unknown>\n#14 0x55a1c51b528f <unknown>\n#15 0x55a1c520ce98 <unknown>\n#16 0x55a1c520d069 <unknown>\n#17 0x55a1c521d853 <unknown>\n#18 0x7ff44ea95044 <unknown>","statusTrace":"self = <tests.delivery.test_delivery_calculation.TestDeliveryPageCalculation object at 0x7f1f5db351d0>\ndriver = <selenium.webdriver.chrome.webdriver.WebDriver (session=\"81b2c65f3befa805383614f137a01b8e\")>\nurl = 'https://sandboxtest.stroyrem-nn.ru/', case_id = 'TD 017'\nlink_item = 'products/shtukaturka-gipsovaya-aksolit-m50-30-kg-mashinnogo-naneseniya'\namount = 13, weight = 400, standard = 650, in_time = 2390, all_time = 3320\n\n    @pytest.mark.parametrize('case_id, link_item, amount, weight, standard, in_time, all_time', [\n        (\"TD 015\", bundeks_25, 1, 30, 650, 2390, 3320),\n        pytest.param(\n            \"TD 016\", aksolit_30, 8, 300, 650, 2390, 3320,\n            marks=pytest.mark.xfail(reson=\"Цена доставки: - - -\")\n        ),\n        (\"TD 017\", aksolit_30, 13, 400, 650, 2390, 3320),\n        (\"TD 018\", aksolit_30, 16, 500, 850, 2490, 3320),\n        (\"TD 019\", aksolit_30, 25, 1700, 1150, 2490, 3320),\n        (\"TD 020\", aksolit_30, 66, 2000, 1500, 2990, 3650),\n        (\"TD 021\", aksolit_30, 149, 4500, 2600, 4380, 4890),\n        (\"TD 022\", aksolit_30, 166, 5000, 2800, 5490, 5980),\n        pytest.param(\n            \"TD 023\", aksolit_30, 206, 6200, 3300, 7500, 8000,\n            marks=pytest.mark.xfail(reson=\"Цена доставки: 4300 9900 11440\")\n        ),\n        (\"TD 024\", aksolit_30, 299, 9000, 4300, 9900, 11440),\n        (\"TD 025\", aksolit_30, 333, 10000, 7000, 13900, 15900),\n        pytest.param(\n            \"TD 026\", aksolit_30, 366, 11000, 8000, 14900, 19900,\n            marks=pytest.mark.xfail(reson=\"Цена доставки: 7000 13900 15900\")\n        ),\n        pytest.param(\n            \"TD 027\", aksolit_30, 666, 20000, 14000, 16900, 23900,\n            marks=pytest.mark.xfail(reson=\"Цена доставки: 7000 13900 15900\")\n        )\n    ])\n    @pytest.mark.smoke\n    def test_positive_delivery_blue_zone_smoke(\n            self, driver, url, case_id, link_item, amount, weight, standard, in_time, all_time\n    ):\n        allure.dynamic.title(f\"{case_id} Доставка товара весом до {weight}кг. в синей зоне\")\n    \n        driver.get(f'{url}{link_item}')\n        item_page = ItemPage(driver)\n>       item_page.add_item_to_cart(amount).click_on_cart()\n\ntests/delivery/test_delivery_calculation.py:130: \n_ _ _ _ _ _ _ _ _ _ _ _ _ _ _ _ _ _ _ _ _ _ _ _ _ _ _ _ _ _ _ _ _ _ _ _ _ _ _ _ \npages/item_page.py:40: in add_item_to_cart\n    self.find_element(self._add_item).click()\nbase/seleniumbase.py:17: in find_element\n    return self.driver.find_element(*locator)\n/usr/local/lib/python3.11/site-packages/selenium/webdriver/remote/webdriver.py:740: in find_element\n    return self.execute(Command.FIND_ELEMENT, {\"using\": by, \"value\": value})[\"value\"]\n/usr/local/lib/python3.11/site-packages/selenium/webdriver/remote/webdriver.py:346: in execute\n    self.error_handler.check_response(response)\n_ _ _ _ _ _ _ _ _ _ _ _ _ _ _ _ _ _ _ _ _ _ _ _ _ _ _ _ _ _ _ _ _ _ _ _ _ _ _ _ \n\nself = <selenium.webdriver.remote.errorhandler.ErrorHandler object at 0x7f1f5e760750>\nresponse = {'status': 404, 'value': '{\"value\":{\"error\":\"no such element\",\"message\":\"no such element: Unable to locate element: {\\...\\\\n#16 0x55a1c520d069 \\\\u003Cunknown>\\\\n#17 0x55a1c521d853 \\\\u003Cunknown>\\\\n#18 0x7ff44ea95044 \\\\u003Cunknown>\\\\n\"}}'}\n\n    def check_response(self, response: Dict[str, Any]) -> None:\n        \"\"\"Checks that a JSON response from the WebDriver does not have an\n        error.\n    \n        :Args:\n         - response - The JSON response from the WebDriver server as a dictionary\n           object.\n    \n        :Raises: If the response contains an error message.\n        \"\"\"\n        status = response.get(\"status\", None)\n        if not status or status == ErrorCode.SUCCESS:\n            return\n        value = None\n        message = response.get(\"message\", \"\")\n        screen: str = response.get(\"screen\", \"\")\n        stacktrace = None\n        if isinstance(status, int):\n            value_json = response.get(\"value\", None)\n            if value_json and isinstance(value_json, str):\n                import json\n    \n                try:\n                    value = json.loads(value_json)\n                    if len(value) == 1:\n                        value = value[\"value\"]\n                    status = value.get(\"error\", None)\n                    if not status:\n                        status = value.get(\"status\", ErrorCode.UNKNOWN_ERROR)\n                        message = value.get(\"value\") or value.get(\"message\")\n                        if not isinstance(message, str):\n                            value = message\n                            message = message.get(\"message\")\n                    else:\n                        message = value.get(\"message\", None)\n                except ValueError:\n                    pass\n    \n        exception_class: Type[WebDriverException]\n        if status in ErrorCode.NO_SUCH_ELEMENT:\n            exception_class = NoSuchElementException\n        elif status in ErrorCode.NO_SUCH_FRAME:\n            exception_class = NoSuchFrameException\n        elif status in ErrorCode.NO_SUCH_SHADOW_ROOT:\n            exception_class = NoSuchShadowRootException\n        elif status in ErrorCode.NO_SUCH_WINDOW:\n            exception_class = NoSuchWindowException\n        elif status in ErrorCode.STALE_ELEMENT_REFERENCE:\n            exception_class = StaleElementReferenceException\n        elif status in ErrorCode.ELEMENT_NOT_VISIBLE:\n            exception_class = ElementNotVisibleException\n        elif status in ErrorCode.INVALID_ELEMENT_STATE:\n            exception_class = InvalidElementStateException\n        elif (\n            status in ErrorCode.INVALID_SELECTOR\n            or status in ErrorCode.INVALID_XPATH_SELECTOR\n            or status in ErrorCode.INVALID_XPATH_SELECTOR_RETURN_TYPER\n        ):\n            exception_class = InvalidSelectorException\n        elif status in ErrorCode.ELEMENT_IS_NOT_SELECTABLE:\n            exception_class = ElementNotSelectableException\n        elif status in ErrorCode.ELEMENT_NOT_INTERACTABLE:\n            exception_class = ElementNotInteractableException\n        elif status in ErrorCode.INVALID_COOKIE_DOMAIN:\n            exception_class = InvalidCookieDomainException\n        elif status in ErrorCode.UNABLE_TO_SET_COOKIE:\n            exception_class = UnableToSetCookieException\n        elif status in ErrorCode.TIMEOUT:\n            exception_class = TimeoutException\n        elif status in ErrorCode.SCRIPT_TIMEOUT:\n            exception_class = TimeoutException\n        elif status in ErrorCode.UNKNOWN_ERROR:\n            exception_class = WebDriverException\n        elif status in ErrorCode.UNEXPECTED_ALERT_OPEN:\n            exception_class = UnexpectedAlertPresentException\n        elif status in ErrorCode.NO_ALERT_OPEN:\n            exception_class = NoAlertPresentException\n        elif status in ErrorCode.IME_NOT_AVAILABLE:\n            exception_class = ImeNotAvailableException\n        elif status in ErrorCode.IME_ENGINE_ACTIVATION_FAILED:\n            exception_class = ImeActivationFailedException\n        elif status in ErrorCode.MOVE_TARGET_OUT_OF_BOUNDS:\n            exception_class = MoveTargetOutOfBoundsException\n        elif status in ErrorCode.JAVASCRIPT_ERROR:\n            exception_class = JavascriptException\n        elif status in ErrorCode.SESSION_NOT_CREATED:\n            exception_class = SessionNotCreatedException\n        elif status in ErrorCode.INVALID_ARGUMENT:\n            exception_class = InvalidArgumentException\n        elif status in ErrorCode.NO_SUCH_COOKIE:\n            exception_class = NoSuchCookieException\n        elif status in ErrorCode.UNABLE_TO_CAPTURE_SCREEN:\n            exception_class = ScreenshotException\n        elif status in ErrorCode.ELEMENT_CLICK_INTERCEPTED:\n            exception_class = ElementClickInterceptedException\n        elif status in ErrorCode.INSECURE_CERTIFICATE:\n            exception_class = InsecureCertificateException\n        elif status in ErrorCode.INVALID_COORDINATES:\n            exception_class = InvalidCoordinatesException\n        elif status in ErrorCode.INVALID_SESSION_ID:\n            exception_class = InvalidSessionIdException\n        elif status in ErrorCode.UNKNOWN_METHOD:\n            exception_class = UnknownMethodException\n        else:\n            exception_class = WebDriverException\n        if not value:\n            value = response[\"value\"]\n        if isinstance(value, str):\n            raise exception_class(value)\n        if message == \"\" and \"message\" in value:\n            message = value[\"message\"]\n    \n        screen = None  # type: ignore[assignment]\n        if \"screen\" in value:\n            screen = value[\"screen\"]\n    \n        stacktrace = None\n        st_value = value.get(\"stackTrace\") or value.get(\"stacktrace\")\n        if st_value:\n            if isinstance(st_value, str):\n                stacktrace = st_value.split(\"\\n\")\n            else:\n                stacktrace = []\n                try:\n                    for frame in st_value:\n                        line = frame.get(\"lineNumber\", \"\")\n                        file = frame.get(\"fileName\", \"<anonymous>\")\n                        if line:\n                            file = f\"{file}:{line}\"\n                        meth = frame.get(\"methodName\", \"<anonymous>\")\n                        if \"className\" in frame:\n                            meth = f\"{frame['className']}.{meth}\"\n                        msg = \"    at %s (%s)\"\n                        msg = msg % (meth, file)\n                        stacktrace.append(msg)\n                except TypeError:\n                    pass\n        if exception_class == UnexpectedAlertPresentException:\n            alert_text = None\n            if \"data\" in value:\n                alert_text = value[\"data\"].get(\"text\")\n            elif \"alert\" in value:\n                alert_text = value[\"alert\"].get(\"text\")\n            raise exception_class(message, screen, stacktrace, alert_text)  # type: ignore[call-arg]  # mypy is not smart enough here\n>       raise exception_class(message, screen, stacktrace)\nE       selenium.common.exceptions.NoSuchElementException: Message: no such element: Unable to locate element: {\"method\":\"xpath\",\"selector\":\"(//a[@class='add-to-cart yellow-btn'])[1]\"}\nE         (Session info: headless chrome=117.0.5938.88); For documentation on this error, please visit: https://www.selenium.dev/documentation/webdriver/troubleshooting/errors#no-such-element-exception\nE       Stacktrace:\nE       #0 0x55a1c521e6c3 <unknown>\nE       #1 0x55a1c4ef41e7 <unknown>\nE       #2 0x55a1c4f3b566 <unknown>\nE       #3 0x55a1c4f3b651 <unknown>\nE       #4 0x55a1c4f78a74 <unknown>\nE       #5 0x55a1c4f5d0ed <unknown>\nE       #6 0x55a1c4f76322 <unknown>\nE       #7 0x55a1c4f5ce93 <unknown>\nE       #8 0x55a1c4f2f934 <unknown>\nE       #9 0x55a1c4f3071e <unknown>\nE       #10 0x55a1c51e3cc8 <unknown>\nE       #11 0x55a1c51e7c00 <unknown>\nE       #12 0x55a1c51f21ac <unknown>\nE       #13 0x55a1c51e8818 <unknown>\nE       #14 0x55a1c51b528f <unknown>\nE       #15 0x55a1c520ce98 <unknown>\nE       #16 0x55a1c520d069 <unknown>\nE       #17 0x55a1c521d853 <unknown>\nE       #18 0x7ff44ea95044 <unknown>\n\n/usr/local/lib/python3.11/site-packages/selenium/webdriver/remote/errorhandler.py:245: NoSuchElementException","steps":[{"name":"Добавляем товар в корзину в количестве 13","time":{"start":1694999367344,"stop":1694999367365,"duration":21},"status":"broken","statusMessage":"selenium.common.exceptions.NoSuchElementException: Message: no such element: Unable to locate element: {\"method\":\"xpath\",\"selector\":\"(//a[@class='add-to-cart yellow-btn'])[1]\"}\n  (Session info: headless chrome=117.0.5938.88); For documentation on this error, please visit: https://www.selenium.dev/documentation/webdriver/troubleshooting/errors#no-such-element-exception\nStacktrace:\n#0 0x55a1c521e6c3 <unknown>\n#1 0x55a1c4ef41e7 <unknown>\n#2 0x55a1c4f3b566 <unknown>\n#3 0x55a1c4f3b651 <unknown>\n#4 0x55a1c4f78a74 <unknown>\n#5 0x55a1c4f5d0ed <unknown>\n#6 0x55a1c4f76322 <unknown>\n#7 0x55a1c4f5ce93 <unknown>\n#8 0x55a1c4f2f934 <unknown>\n#9 0x55a1c4f3071e <unknown>\n#10 0x55a1c51e3cc8 <unknown>\n#11 0x55a1c51e7c00 <unknown>\n#12 0x55a1c51f21ac <unknown>\n#13 0x55a1c51e8818 <unknown>\n#14 0x55a1c51b528f <unknown>\n#15 0x55a1c520ce98 <unknown>\n#16 0x55a1c520d069 <unknown>\n#17 0x55a1c521d853 <unknown>\n#18 0x7ff44ea95044 <unknown>\n\n","statusTrace":"  File \"/usr/local/lib/python3.11/site-packages/allure_commons/_allure.py\", line 192, in impl\n    return func(*a, **kw)\n           ^^^^^^^^^^^^^^\n  File \"/app/pages/item_page.py\", line 40, in add_item_to_cart\n    self.find_element(self._add_item).click()\n    ^^^^^^^^^^^^^^^^^^^^^^^^^^^^^^^^^\n  File \"/app/base/seleniumbase.py\", line 17, in find_element\n    return self.driver.find_element(*locator)\n           ^^^^^^^^^^^^^^^^^^^^^^^^^^^^^^^^^^\n  File \"/usr/local/lib/python3.11/site-packages/selenium/webdriver/remote/webdriver.py\", line 740, in find_element\n    return self.execute(Command.FIND_ELEMENT, {\"using\": by, \"value\": value})[\"value\"]\n           ^^^^^^^^^^^^^^^^^^^^^^^^^^^^^^^^^^^^^^^^^^^^^^^^^^^^^^^^^^^^^^^^^\n  File \"/usr/local/lib/python3.11/site-packages/selenium/webdriver/remote/webdriver.py\", line 346, in execute\n    self.error_handler.check_response(response)\n  File \"/usr/local/lib/python3.11/site-packages/selenium/webdriver/remote/errorhandler.py\", line 245, in check_response\n    raise exception_class(message, screen, stacktrace)\n","steps":[],"attachments":[],"parameters":[{"name":"amount","value":"13"}],"shouldDisplayMessage":true,"stepsCount":0,"attachmentsCount":0,"hasContent":true}],"attachments":[{"uid":"1f9d5776f6da388a","name":"Screenshot","source":"1f9d5776f6da388a.png","type":"image/png","size":39917},{"uid":"403153090abb68bc","name":"HTML source","source":"403153090abb68bc.html","type":"text/html","size":544}],"parameters":[],"shouldDisplayMessage":true,"stepsCount":1,"attachmentsCount":2,"hasContent":true},"afterStages":[{"name":"setup::0","time":{"start":1694999367532,"stop":1694999367532,"duration":0},"status":"passed","steps":[],"attachments":[],"parameters":[],"shouldDisplayMessage":false,"stepsCount":0,"attachmentsCount":0,"hasContent":false},{"name":"driver::0","time":{"start":1694999367533,"stop":1694999367590,"duration":57},"status":"passed","steps":[],"attachments":[],"parameters":[],"shouldDisplayMessage":false,"stepsCount":0,"attachmentsCount":0,"hasContent":false}],"labels":[{"name":"epic","value":"Delivery Page - calculation"},{"name":"tag","value":"smoke"},{"name":"parentSuite","value":"tests.delivery"},{"name":"suite","value":"test_delivery_calculation"},{"name":"subSuite","value":"TestDeliveryPageCalculation"},{"name":"host","value":"87a0c1f9f7fb"},{"name":"thread","value":"1-MainThread"},{"name":"framework","value":"pytest"},{"name":"language","value":"cpython3"},{"name":"package","value":"tests.delivery.test_delivery_calculation"},{"name":"resultFormat","value":"allure2"}],"parameters":[{"name":"all_time","value":"3320"},{"name":"amount","value":"13"},{"name":"case_id","value":"'TD 017'"},{"name":"in_time","value":"2390"},{"name":"link_item","value":"'products/shtukaturka-gipsovaya-aksolit-m50-30-kg-mashinnogo-naneseniya'"},{"name":"standard","value":"650"},{"name":"url","value":"'https://sandboxtest.stroyrem-nn.ru/'"},{"name":"weight","value":"400"}],"links":[],"hidden":false,"retry":false,"extra":{"severity":"normal","retries":[],"categories":[{"name":"Test defects","matchedStatuses":[],"flaky":false}],"history":{"statistic":{"failed":0,"broken":19,"skipped":0,"passed":0,"unknown":0,"total":19},"items":[{"uid":"3e51b4ac4bdbb6b4","reportUrl":"https://zaelcovsky.github.io/StroyremAutomation/82//#testresult/3e51b4ac4bdbb6b4","status":"broken","statusDetails":"selenium.common.exceptions.NoSuchElementException: Message: no such element: Unable to locate element: {\"method\":\"xpath\",\"selector\":\"(//a[@class='add-to-cart yellow-btn'])[1]\"}\n  (Session info: headless chrome=117.0.5938.88); For documentation on this error, please visit: https://www.selenium.dev/documentation/webdriver/troubleshooting/errors#no-such-element-exception\nStacktrace:\n#0 0x556931cb36c3 <unknown>\n#1 0x5569319891e7 <unknown>\n#2 0x5569319d0566 <unknown>\n#3 0x5569319d0651 <unknown>\n#4 0x556931a0da74 <unknown>\n#5 0x5569319f20ed <unknown>\n#6 0x556931a0b322 <unknown>\n#7 0x5569319f1e93 <unknown>\n#8 0x5569319c4934 <unknown>\n#9 0x5569319c571e <unknown>\n#10 0x556931c78cc8 <unknown>\n#11 0x556931c7cc00 <unknown>\n#12 0x556931c871ac <unknown>\n#13 0x556931c7d818 <unknown>\n#14 0x556931c4a28f <unknown>\n#15 0x556931ca1e98 <unknown>\n#16 0x556931ca2069 <unknown>\n#17 0x556931cb2853 <unknown>\n#18 0x7f00a6631044 <unknown>","time":{"start":1694913015037,"stop":1694913015490,"duration":453}},{"uid":"74b689c4e6f12e6","reportUrl":"https://zaelcovsky.github.io/StroyremAutomation/81//#testresult/74b689c4e6f12e6","status":"broken","statusDetails":"selenium.common.exceptions.NoSuchElementException: Message: no such element: Unable to locate element: {\"method\":\"xpath\",\"selector\":\"(//a[@class='add-to-cart yellow-btn'])[1]\"}\n  (Session info: headless chrome=117.0.5938.88); For documentation on this error, please visit: https://www.selenium.dev/documentation/webdriver/troubleshooting/errors#no-such-element-exception\nStacktrace:\n#0 0x5628d03606c3 <unknown>\n#1 0x5628d00361e7 <unknown>\n#2 0x5628d007d566 <unknown>\n#3 0x5628d007d651 <unknown>\n#4 0x5628d00baa74 <unknown>\n#5 0x5628d009f0ed <unknown>\n#6 0x5628d00b8322 <unknown>\n#7 0x5628d009ee93 <unknown>\n#8 0x5628d0071934 <unknown>\n#9 0x5628d007271e <unknown>\n#10 0x5628d0325cc8 <unknown>\n#11 0x5628d0329c00 <unknown>\n#12 0x5628d03341ac <unknown>\n#13 0x5628d032a818 <unknown>\n#14 0x5628d02f728f <unknown>\n#15 0x5628d034ee98 <unknown>\n#16 0x5628d034f069 <unknown>\n#17 0x5628d035f853 <unknown>\n#18 0x7fdda8d01044 <unknown>","time":{"start":1694826450124,"stop":1694826450745,"duration":621}},{"uid":"f535aab8d12c8b03","reportUrl":"https://zaelcovsky.github.io/StroyremAutomation/80//#testresult/f535aab8d12c8b03","status":"broken","statusDetails":"selenium.common.exceptions.NoSuchElementException: Message: no such element: Unable to locate element: {\"method\":\"xpath\",\"selector\":\"(//a[@class='add-to-cart yellow-btn'])[1]\"}\n  (Session info: headless chrome=117.0.5938.62); For documentation on this error, please visit: https://www.selenium.dev/documentation/webdriver/troubleshooting/errors#no-such-element-exception\nStacktrace:\n#0 0x564f00605693 <unknown>\n#1 0x564f002db1e7 <unknown>\n#2 0x564f00322566 <unknown>\n#3 0x564f00322651 <unknown>\n#4 0x564f0035fa74 <unknown>\n#5 0x564f003440ed <unknown>\n#6 0x564f0035d322 <unknown>\n#7 0x564f00343e93 <unknown>\n#8 0x564f00316934 <unknown>\n#9 0x564f0031771e <unknown>\n#10 0x564f005cac98 <unknown>\n#11 0x564f005cebd0 <unknown>\n#12 0x564f005d917c <unknown>\n#13 0x564f005cf7e8 <unknown>\n#14 0x564f0059c25f <unknown>\n#15 0x564f005f3e68 <unknown>\n#16 0x564f005f4039 <unknown>\n#17 0x564f00604823 <unknown>\n#18 0x7f54a1692044 <unknown>","time":{"start":1694740059721,"stop":1694740061041,"duration":1320}},{"uid":"c99acf570a77bf44","reportUrl":"https://zaelcovsky.github.io/StroyremAutomation/79//#testresult/c99acf570a77bf44","status":"broken","statusDetails":"selenium.common.exceptions.NoSuchElementException: Message: no such element: Unable to locate element: {\"method\":\"xpath\",\"selector\":\"(//a[@class='add-to-cart yellow-btn'])[1]\"}\n  (Session info: headless chrome=117.0.5938.62); For documentation on this error, please visit: https://www.selenium.dev/documentation/webdriver/troubleshooting/errors#no-such-element-exception\nStacktrace:\n#0 0x5556806a4693 <unknown>\n#1 0x55568037a1e7 <unknown>\n#2 0x5556803c1566 <unknown>\n#3 0x5556803c1651 <unknown>\n#4 0x5556803fea74 <unknown>\n#5 0x5556803e30ed <unknown>\n#6 0x5556803fc322 <unknown>\n#7 0x5556803e2e93 <unknown>\n#8 0x5556803b5934 <unknown>\n#9 0x5556803b671e <unknown>\n#10 0x555680669c98 <unknown>\n#11 0x55568066dbd0 <unknown>\n#12 0x55568067817c <unknown>\n#13 0x55568066e7e8 <unknown>\n#14 0x55568063b25f <unknown>\n#15 0x555680692e68 <unknown>\n#16 0x555680693039 <unknown>\n#17 0x5556806a3823 <unknown>\n#18 0x7f4fa9a39044 <unknown>","time":{"start":1694653885931,"stop":1694653886554,"duration":623}},{"uid":"df97a926f97114f6","reportUrl":"https://zaelcovsky.github.io/StroyremAutomation/78//#testresult/df97a926f97114f6","status":"broken","statusDetails":"selenium.common.exceptions.NoSuchElementException: Message: no such element: Unable to locate element: {\"method\":\"xpath\",\"selector\":\"(//a[@class='add-to-cart yellow-btn'])[1]\"}\n  (Session info: headless chrome=117.0.5938.62); For documentation on this error, please visit: https://www.selenium.dev/documentation/webdriver/troubleshooting/errors#no-such-element-exception\nStacktrace:\n#0 0x5622a0f24693 <unknown>\n#1 0x5622a0bfa1e7 <unknown>\n#2 0x5622a0c41566 <unknown>\n#3 0x5622a0c41651 <unknown>\n#4 0x5622a0c7ea74 <unknown>\n#5 0x5622a0c630ed <unknown>\n#6 0x5622a0c7c322 <unknown>\n#7 0x5622a0c62e93 <unknown>\n#8 0x5622a0c35934 <unknown>\n#9 0x5622a0c3671e <unknown>\n#10 0x5622a0ee9c98 <unknown>\n#11 0x5622a0eedbd0 <unknown>\n#12 0x5622a0ef817c <unknown>\n#13 0x5622a0eee7e8 <unknown>\n#14 0x5622a0ebb25f <unknown>\n#15 0x5622a0f12e68 <unknown>\n#16 0x5622a0f13039 <unknown>\n#17 0x5622a0f23823 <unknown>\n#18 0x7fc21026f044 <unknown>","time":{"start":1694567373200,"stop":1694567373605,"duration":405}},{"uid":"8a6d081fa13ce0fe","reportUrl":"https://zaelcovsky.github.io/StroyremAutomation/77//#testresult/8a6d081fa13ce0fe","status":"broken","statusDetails":"selenium.common.exceptions.NoSuchElementException: Message: no such element: Unable to locate element: {\"method\":\"xpath\",\"selector\":\"(//a[@class='add-to-cart yellow-btn'])[1]\"}\n  (Session info: headless chrome=116.0.5845.96); For documentation on this error, please visit: https://www.selenium.dev/documentation/webdriver/troubleshooting/errors#no-such-element-exception\nStacktrace:\n#0 0x55fb96e40e23 <unknown>\n#1 0x55fb96b697a7 <unknown>\n#2 0x55fb96ba81d3 <unknown>\n#3 0x55fb96ba82c1 <unknown>\n#4 0x55fb96be3a04 <unknown>\n#5 0x55fb96bc903d <unknown>\n#6 0x55fb96be1369 <unknown>\n#7 0x55fb96bc8de3 <unknown>\n#8 0x55fb96b9ca7b <unknown>\n#9 0x55fb96b9d81e <unknown>\n#10 0x55fb96e02638 <unknown>\n#11 0x55fb96e06507 <unknown>\n#12 0x55fb96e10c4c <unknown>\n#13 0x55fb96e07136 <unknown>\n#14 0x55fb96dd59cf <unknown>\n#15 0x55fb96e2ab98 <unknown>\n#16 0x55fb96e2ad68 <unknown>\n#17 0x55fb96e39cb3 <unknown>\n#18 0x7f692d802044 <unknown>","time":{"start":1694481024818,"stop":1694481025482,"duration":664}},{"uid":"8393e6eca2569cc3","reportUrl":"https://zaelcovsky.github.io/StroyremAutomation/76//#testresult/8393e6eca2569cc3","status":"broken","statusDetails":"selenium.common.exceptions.NoSuchElementException: Message: no such element: Unable to locate element: {\"method\":\"xpath\",\"selector\":\"(//a[@class='add-to-cart yellow-btn'])[1]\"}\n  (Session info: headless chrome=116.0.5845.96); For documentation on this error, please visit: https://www.selenium.dev/documentation/webdriver/troubleshooting/errors#no-such-element-exception\nStacktrace:\n#0 0x555c39f91e23 <unknown>\n#1 0x555c39cba7a7 <unknown>\n#2 0x555c39cf91d3 <unknown>\n#3 0x555c39cf92c1 <unknown>\n#4 0x555c39d34a04 <unknown>\n#5 0x555c39d1a03d <unknown>\n#6 0x555c39d32369 <unknown>\n#7 0x555c39d19de3 <unknown>\n#8 0x555c39ceda7b <unknown>\n#9 0x555c39cee81e <unknown>\n#10 0x555c39f53638 <unknown>\n#11 0x555c39f57507 <unknown>\n#12 0x555c39f61c4c <unknown>\n#13 0x555c39f58136 <unknown>\n#14 0x555c39f269cf <unknown>\n#15 0x555c39f7bb98 <unknown>\n#16 0x555c39f7bd68 <unknown>\n#17 0x555c39f8acb3 <unknown>\n#18 0x7f7638a2d044 <unknown>","time":{"start":1694394531461,"stop":1694394531919,"duration":458}},{"uid":"3809280263a9e04d","reportUrl":"https://zaelcovsky.github.io/StroyremAutomation/75//#testresult/3809280263a9e04d","status":"broken","statusDetails":"selenium.common.exceptions.NoSuchElementException: Message: no such element: Unable to locate element: {\"method\":\"xpath\",\"selector\":\"(//a[@class='add-to-cart yellow-btn'])[1]\"}\n  (Session info: headless chrome=116.0.5845.96); For documentation on this error, please visit: https://www.selenium.dev/documentation/webdriver/troubleshooting/errors#no-such-element-exception\nStacktrace:\n#0 0x565030fe2e23 <unknown>\n#1 0x565030d0b7a7 <unknown>\n#2 0x565030d4a1d3 <unknown>\n#3 0x565030d4a2c1 <unknown>\n#4 0x565030d85a04 <unknown>\n#5 0x565030d6b03d <unknown>\n#6 0x565030d83369 <unknown>\n#7 0x565030d6ade3 <unknown>\n#8 0x565030d3ea7b <unknown>\n#9 0x565030d3f81e <unknown>\n#10 0x565030fa4638 <unknown>\n#11 0x565030fa8507 <unknown>\n#12 0x565030fb2c4c <unknown>\n#13 0x565030fa9136 <unknown>\n#14 0x565030f779cf <unknown>\n#15 0x565030fccb98 <unknown>\n#16 0x565030fccd68 <unknown>\n#17 0x565030fdbcb3 <unknown>\n#18 0x7f4f7f479044 <unknown>","time":{"start":1694308287536,"stop":1694308288096,"duration":560}},{"uid":"8ca29be5a5f78f92","reportUrl":"https://zaelcovsky.github.io/StroyremAutomation/74//#testresult/8ca29be5a5f78f92","status":"broken","statusDetails":"selenium.common.exceptions.NoSuchElementException: Message: no such element: Unable to locate element: {\"method\":\"xpath\",\"selector\":\"(//a[@class='add-to-cart yellow-btn'])[1]\"}\n  (Session info: headless chrome=116.0.5845.96); For documentation on this error, please visit: https://www.selenium.dev/documentation/webdriver/troubleshooting/errors#no-such-element-exception\nStacktrace:\n#0 0x55f34c97fe23 <unknown>\n#1 0x55f34c6a87a7 <unknown>\n#2 0x55f34c6e71d3 <unknown>\n#3 0x55f34c6e72c1 <unknown>\n#4 0x55f34c722a04 <unknown>\n#5 0x55f34c70803d <unknown>\n#6 0x55f34c720369 <unknown>\n#7 0x55f34c707de3 <unknown>\n#8 0x55f34c6dba7b <unknown>\n#9 0x55f34c6dc81e <unknown>\n#10 0x55f34c941638 <unknown>\n#11 0x55f34c945507 <unknown>\n#12 0x55f34c94fc4c <unknown>\n#13 0x55f34c946136 <unknown>\n#14 0x55f34c9149cf <unknown>\n#15 0x55f34c969b98 <unknown>\n#16 0x55f34c969d68 <unknown>\n#17 0x55f34c978cb3 <unknown>\n#18 0x7f71b455b044 <unknown>","time":{"start":1694221829808,"stop":1694221830435,"duration":627}},{"uid":"6c8b778dec4f4f79","reportUrl":"https://zaelcovsky.github.io/StroyremAutomation/73//#testresult/6c8b778dec4f4f79","status":"broken","statusDetails":"selenium.common.exceptions.NoSuchElementException: Message: no such element: Unable to locate element: {\"method\":\"xpath\",\"selector\":\"(//a[@class='add-to-cart yellow-btn'])[1]\"}\n  (Session info: headless chrome=116.0.5845.96); For documentation on this error, please visit: https://www.selenium.dev/documentation/webdriver/troubleshooting/errors#no-such-element-exception\nStacktrace:\n#0 0x55ac777ebe23 <unknown>\n#1 0x55ac775147a7 <unknown>\n#2 0x55ac775531d3 <unknown>\n#3 0x55ac775532c1 <unknown>\n#4 0x55ac7758ea04 <unknown>\n#5 0x55ac7757403d <unknown>\n#6 0x55ac7758c369 <unknown>\n#7 0x55ac77573de3 <unknown>\n#8 0x55ac77547a7b <unknown>\n#9 0x55ac7754881e <unknown>\n#10 0x55ac777ad638 <unknown>\n#11 0x55ac777b1507 <unknown>\n#12 0x55ac777bbc4c <unknown>\n#13 0x55ac777b2136 <unknown>\n#14 0x55ac777809cf <unknown>\n#15 0x55ac777d5b98 <unknown>\n#16 0x55ac777d5d68 <unknown>\n#17 0x55ac777e4cb3 <unknown>\n#18 0x7fced3029044 <unknown>","time":{"start":1694135288427,"stop":1694135289002,"duration":575}},{"uid":"3921804d84491fdc","reportUrl":"https://zaelcovsky.github.io/StroyremAutomation/72//#testresult/3921804d84491fdc","status":"broken","statusDetails":"selenium.common.exceptions.NoSuchElementException: Message: no such element: Unable to locate element: {\"method\":\"xpath\",\"selector\":\"(//a[@class='add-to-cart yellow-btn'])[1]\"}\n  (Session info: headless chrome=116.0.5845.96); For documentation on this error, please visit: https://www.selenium.dev/documentation/webdriver/troubleshooting/errors#no-such-element-exception\nStacktrace:\n#0 0x56444af99e23 <unknown>\n#1 0x56444acc27a7 <unknown>\n#2 0x56444ad011d3 <unknown>\n#3 0x56444ad012c1 <unknown>\n#4 0x56444ad3ca04 <unknown>\n#5 0x56444ad2203d <unknown>\n#6 0x56444ad3a369 <unknown>\n#7 0x56444ad21de3 <unknown>\n#8 0x56444acf5a7b <unknown>\n#9 0x56444acf681e <unknown>\n#10 0x56444af5b638 <unknown>\n#11 0x56444af5f507 <unknown>\n#12 0x56444af69c4c <unknown>\n#13 0x56444af60136 <unknown>\n#14 0x56444af2e9cf <unknown>\n#15 0x56444af83b98 <unknown>\n#16 0x56444af83d68 <unknown>\n#17 0x56444af92cb3 <unknown>\n#18 0x7f915e9a6044 <unknown>","time":{"start":1694048996965,"stop":1694048997515,"duration":550}},{"uid":"17b53980b50b07ae","reportUrl":"https://zaelcovsky.github.io/StroyremAutomation/71//#testresult/17b53980b50b07ae","status":"broken","statusDetails":"selenium.common.exceptions.ElementNotInteractableException: Message: element not interactable\n  (Session info: headless chrome=116.0.5845.96)\nStacktrace:\n#0 0x55c487bc0e23 <unknown>\n#1 0x55c4878e95f6 <unknown>\n#2 0x55c48791fc5d <unknown>\n#3 0x55c487949012 <unknown>\n#4 0x55c48791dfb6 <unknown>\n#5 0x55c4879491de <unknown>\n#6 0x55c487961369 <unknown>\n#7 0x55c487948de3 <unknown>\n#8 0x55c48791ca7b <unknown>\n#9 0x55c48791d81e <unknown>\n#10 0x55c487b82638 <unknown>\n#11 0x55c487b86507 <unknown>\n#12 0x55c487b90c4c <unknown>\n#13 0x55c487b87136 <unknown>\n#14 0x55c487b559cf <unknown>\n#15 0x55c487baab98 <unknown>\n#16 0x55c487baad68 <unknown>\n#17 0x55c487bb9cb3 <unknown>\n#18 0x7fc5e39e4044 <unknown>","time":{"start":1693962786018,"stop":1693962792427,"duration":6409}},{"uid":"cff54cfed7f9ae79","reportUrl":"https://zaelcovsky.github.io/StroyremAutomation/70//#testresult/cff54cfed7f9ae79","status":"broken","statusDetails":"selenium.common.exceptions.NoSuchElementException: Message: no such element: Unable to locate element: {\"method\":\"xpath\",\"selector\":\"(//a[@class='add-to-cart yellow-btn'])[1]\"}\n  (Session info: headless chrome=116.0.5845.96); For documentation on this error, please visit: https://www.selenium.dev/documentation/webdriver/troubleshooting/errors#no-such-element-exception\nStacktrace:\n#0 0x5633f5082e23 <unknown>\n#1 0x5633f4dab7a7 <unknown>\n#2 0x5633f4dea1d3 <unknown>\n#3 0x5633f4dea2c1 <unknown>\n#4 0x5633f4e25a04 <unknown>\n#5 0x5633f4e0b03d <unknown>\n#6 0x5633f4e23369 <unknown>\n#7 0x5633f4e0ade3 <unknown>\n#8 0x5633f4ddea7b <unknown>\n#9 0x5633f4ddf81e <unknown>\n#10 0x5633f5044638 <unknown>\n#11 0x5633f5048507 <unknown>\n#12 0x5633f5052c4c <unknown>\n#13 0x5633f5049136 <unknown>\n#14 0x5633f50179cf <unknown>\n#15 0x5633f506cb98 <unknown>\n#16 0x5633f506cd68 <unknown>\n#17 0x5633f507bcb3 <unknown>\n#18 0x7fbe69daa044 <unknown>","time":{"start":1693876206919,"stop":1693876207537,"duration":618}},{"uid":"62b997b1d9143a96","reportUrl":"https://zaelcovsky.github.io/StroyremAutomation/69//#testresult/62b997b1d9143a96","status":"broken","statusDetails":"selenium.common.exceptions.ElementNotInteractableException: Message: element not interactable\n  (Session info: headless chrome=116.0.5845.96)\nStacktrace:\n#0 0x55fe962e6e23 <unknown>\n#1 0x55fe9600f5f6 <unknown>\n#2 0x55fe96045c5d <unknown>\n#3 0x55fe9606f012 <unknown>\n#4 0x55fe96043fb6 <unknown>\n#5 0x55fe9606f1de <unknown>\n#6 0x55fe96087369 <unknown>\n#7 0x55fe9606ede3 <unknown>\n#8 0x55fe96042a7b <unknown>\n#9 0x55fe9604381e <unknown>\n#10 0x55fe962a8638 <unknown>\n#11 0x55fe962ac507 <unknown>\n#12 0x55fe962b6c4c <unknown>\n#13 0x55fe962ad136 <unknown>\n#14 0x55fe9627b9cf <unknown>\n#15 0x55fe962d0b98 <unknown>\n#16 0x55fe962d0d68 <unknown>\n#17 0x55fe962dfcb3 <unknown>\n#18 0x7f93ece71044 <unknown>","time":{"start":1693790101315,"stop":1693790107927,"duration":6612}},{"uid":"2af6ad27d2a62627","reportUrl":"https://zaelcovsky.github.io/StroyremAutomation/68//#testresult/2af6ad27d2a62627","status":"broken","statusDetails":"selenium.common.exceptions.ElementNotInteractableException: Message: element not interactable\n  (Session info: headless chrome=116.0.5845.96)\nStacktrace:\n#0 0x5594b985de23 <unknown>\n#1 0x5594b95865f6 <unknown>\n#2 0x5594b95bcc5d <unknown>\n#3 0x5594b95e6012 <unknown>\n#4 0x5594b95bafb6 <unknown>\n#5 0x5594b95e61de <unknown>\n#6 0x5594b95fe369 <unknown>\n#7 0x5594b95e5de3 <unknown>\n#8 0x5594b95b9a7b <unknown>\n#9 0x5594b95ba81e <unknown>\n#10 0x5594b981f638 <unknown>\n#11 0x5594b9823507 <unknown>\n#12 0x5594b982dc4c <unknown>\n#13 0x5594b9824136 <unknown>\n#14 0x5594b97f29cf <unknown>\n#15 0x5594b9847b98 <unknown>\n#16 0x5594b9847d68 <unknown>\n#17 0x5594b9856cb3 <unknown>\n#18 0x7f345b8a6044 <unknown>","time":{"start":1693703670999,"stop":1693703677480,"duration":6481}},{"uid":"3a3823563612d554","reportUrl":"https://zaelcovsky.github.io/StroyremAutomation/67//#testresult/3a3823563612d554","status":"broken","statusDetails":"selenium.common.exceptions.WebDriverException: Message: unknown error: net::ERR_CONNECTION_REFUSED\n  (Session info: headless chrome=116.0.5845.96)\nStacktrace:\n#0 0x55dbd0f06e23 <unknown>\n#1 0x55dbd0c2f7a7 <unknown>\n#2 0x55dbd0c27829 <unknown>\n#3 0x55dbd0c172c2 <unknown>\n#4 0x55dbd0c189fb <unknown>\n#5 0x55dbd0c1769d <unknown>\n#6 0x55dbd0c1665c <unknown>\n#7 0x55dbd0c165ce <unknown>\n#8 0x55dbd0c1528a <unknown>\n#9 0x55dbd0c156da <unknown>\n#10 0x55dbd0c31630 <unknown>\n#11 0x55dbd0ca7b15 <unknown>\n#12 0x55dbd0c8f012 <unknown>\n#13 0x55dbd0ca7369 <unknown>\n#14 0x55dbd0c8ede3 <unknown>\n#15 0x55dbd0c62a7b <unknown>\n#16 0x55dbd0c6381e <unknown>\n#17 0x55dbd0ec8638 <unknown>\n#18 0x55dbd0ecc507 <unknown>\n#19 0x55dbd0ed6c4c <unknown>\n#20 0x55dbd0ecd136 <unknown>\n#21 0x55dbd0e9b9cf <unknown>\n#22 0x55dbd0ef0b98 <unknown>\n#23 0x55dbd0ef0d68 <unknown>\n#24 0x55dbd0effcb3 <unknown>\n#25 0x7fd52bee2044 <unknown>","time":{"start":1693616908048,"stop":1693616908273,"duration":225}},{"uid":"14eede7fa54e4752","reportUrl":"https://zaelcovsky.github.io/StroyremAutomation/66//#testresult/14eede7fa54e4752","status":"broken","statusDetails":"selenium.common.exceptions.WebDriverException: Message: unknown error: net::ERR_CONNECTION_REFUSED\n  (Session info: headless chrome=116.0.5845.96)\nStacktrace:\n#0 0x557a2763be23 <unknown>\n#1 0x557a273647a7 <unknown>\n#2 0x557a2735c829 <unknown>\n#3 0x557a2734c2c2 <unknown>\n#4 0x557a2734d9fb <unknown>\n#5 0x557a2734c69d <unknown>\n#6 0x557a2734b65c <unknown>\n#7 0x557a2734b5ce <unknown>\n#8 0x557a2734a28a <unknown>\n#9 0x557a2734a6da <unknown>\n#10 0x557a27366630 <unknown>\n#11 0x557a273dcb15 <unknown>\n#12 0x557a273c4012 <unknown>\n#13 0x557a273dc369 <unknown>\n#14 0x557a273c3de3 <unknown>\n#15 0x557a27397a7b <unknown>\n#16 0x557a2739881e <unknown>\n#17 0x557a275fd638 <unknown>\n#18 0x557a27601507 <unknown>\n#19 0x557a2760bc4c <unknown>\n#20 0x557a27602136 <unknown>\n#21 0x557a275d09cf <unknown>\n#22 0x557a27625b98 <unknown>\n#23 0x557a27625d68 <unknown>\n#24 0x557a27634cb3 <unknown>\n#25 0x7fe2cf848044 <unknown>","time":{"start":1693530807763,"stop":1693530808115,"duration":352}},{"uid":"4f92ff2f716931de","reportUrl":"https://zaelcovsky.github.io/StroyremAutomation/9//#testresult/4f92ff2f716931de","status":"broken","statusDetails":"selenium.common.exceptions.ElementNotInteractableException: Message: element not interactable\n  (Session info: headless chrome=116.0.5845.96)\nStacktrace:\n#0 0x55c139820e23 <unknown>\n#1 0x55c1395495f6 <unknown>\n#2 0x55c13957fc5d <unknown>\n#3 0x55c1395a9012 <unknown>\n#4 0x55c13957dfb6 <unknown>\n#5 0x55c1395a91de <unknown>\n#6 0x55c1395c1369 <unknown>\n#7 0x55c1395a8de3 <unknown>\n#8 0x55c13957ca7b <unknown>\n#9 0x55c13957d81e <unknown>\n#10 0x55c1397e2638 <unknown>\n#11 0x55c1397e6507 <unknown>\n#12 0x55c1397f0c4c <unknown>\n#13 0x55c1397e7136 <unknown>\n#14 0x55c1397b59cf <unknown>\n#15 0x55c13980ab98 <unknown>\n#16 0x55c13980ad68 <unknown>\n#17 0x55c139819cb3 <unknown>\n#18 0x7ff41fc0e044 <unknown>","time":{"start":1693506988709,"stop":1693506992492,"duration":3783}}]},"tags":["smoke"]},"source":"e3ef0853c4c0189c.json","parameterValues":["3320","13","'TD 017'","2390","'products/shtukaturka-gipsovaya-aksolit-m50-30-kg-mashinnogo-naneseniya'","650","'https://sandboxtest.stroyrem-nn.ru/'","400"]}