{"uid":"7cc294fbc9964188","name":"TD 022 Доставка товара весом до 5000кг. в синей зоне","fullName":"tests.delivery.test_delivery_calculation.TestDeliveryPageCalculation#test_positive_delivery_blue_zone_smoke","historyId":"88e507e8c34e246e904b871854b91bc0","time":{"start":1709946410038,"stop":1709946410662,"duration":624},"status":"broken","statusMessage":"selenium.common.exceptions.NoSuchElementException: Message: no such element: Unable to locate element: {\"method\":\"xpath\",\"selector\":\"(//a[@class='add-to-cart yellow-btn'])[1]\"}\n  (Session info: chrome-headless-shell=122.0.6261.111); For documentation on this error, please visit: https://www.selenium.dev/documentation/webdriver/troubleshooting/errors#no-such-element-exception\nStacktrace:\n#0 0x5623893fcec3 <unknown>\n#1 0x5623890f4ce6 <unknown>\n#2 0x56238913fe48 <unknown>\n#3 0x56238913ff01 <unknown>\n#4 0x5623891833f4 <unknown>\n#5 0x562389161edd <unknown>\n#6 0x562389180899 <unknown>\n#7 0x562389161c53 <unknown>\n#8 0x562389132db3 <unknown>\n#9 0x56238913377e <unknown>\n#10 0x5623893c27fb <unknown>\n#11 0x5623893c6815 <unknown>\n#12 0x5623893b0111 <unknown>\n#13 0x5623893c73a2 <unknown>\n#14 0x5623893941ef <unknown>\n#15 0x5623893eb4b8 <unknown>\n#16 0x5623893eb6b3 <unknown>\n#17 0x5623893fc074 <unknown>\n#18 0x7f071ea4a134 <unknown>","statusTrace":"self = <tests.delivery.test_delivery_calculation.TestDeliveryPageCalculation object at 0x7fadc7bf6d50>\ndriver = <selenium.webdriver.chrome.webdriver.WebDriver (session=\"d22bb82288e2ce48bdcc217bccd13d56\")>\nurl = 'https://sandboxtest.stroyrem-nn.ru/', case_id = 'TD 022'\nlink_item = 'products/shtukaturka-gipsovaya-aksolit-m50-30-kg-mashinnogo-naneseniya'\namount = 166, weight = 5000, standard = 2800, in_time = 5490, all_time = 5980\n\n    @pytest.mark.parametrize('case_id, link_item, amount, weight, standard, in_time, all_time', [\n        (\"TD 015\", bundeks_25, 1, 30, 650, 2390, 3320),\n        pytest.param(\n            \"TD 016\", aksolit_30, 8, 300, 650, 2390, 3320,\n            marks=pytest.mark.xfail(reson=\"Цена доставки: - - -\")\n        ),\n        (\"TD 017\", aksolit_30, 13, 400, 650, 2390, 3320),\n        (\"TD 018\", aksolit_30, 16, 500, 850, 2490, 3320),\n        (\"TD 019\", aksolit_30, 25, 1700, 1150, 2490, 3320),\n        (\"TD 020\", aksolit_30, 66, 2000, 1500, 2990, 3650),\n        (\"TD 021\", aksolit_30, 149, 4500, 2600, 4380, 4890),\n        (\"TD 022\", aksolit_30, 166, 5000, 2800, 5490, 5980),\n        pytest.param(\n            \"TD 023\", aksolit_30, 206, 6200, 3300, 7500, 8000,\n            marks=pytest.mark.xfail(reson=\"Цена доставки: 4300 9900 11440\")\n        ),\n        (\"TD 024\", aksolit_30, 299, 9000, 4300, 9900, 11440),\n        (\"TD 025\", aksolit_30, 333, 10000, 7000, 13900, 15900),\n        pytest.param(\n            \"TD 026\", aksolit_30, 366, 11000, 8000, 14900, 19900,\n            marks=pytest.mark.xfail(reson=\"Цена доставки: 7000 13900 15900\")\n        ),\n        pytest.param(\n            \"TD 027\", aksolit_30, 666, 20000, 14000, 16900, 23900,\n            marks=pytest.mark.xfail(reson=\"Цена доставки: 7000 13900 15900\")\n        )\n    ])\n    @pytest.mark.smoke\n    def test_positive_delivery_blue_zone_smoke(\n            self, driver, url, case_id, link_item, amount, weight, standard, in_time, all_time\n    ):\n        allure.dynamic.title(f\"{case_id} Доставка товара весом до {weight}кг. в синей зоне\")\n    \n        driver.get(f'{url}{link_item}')\n        item_page = ItemPage(driver)\n>       item_page.add_item_to_cart(amount).click_on_cart()\n\ntests/delivery/test_delivery_calculation.py:130: \n_ _ _ _ _ _ _ _ _ _ _ _ _ _ _ _ _ _ _ _ _ _ _ _ _ _ _ _ _ _ _ _ _ _ _ _ _ _ _ _ \npages/item_page.py:40: in add_item_to_cart\n    self.find_element(self._add_item).click()\nbase/seleniumbase.py:17: in find_element\n    return self.driver.find_element(*locator)\n/usr/local/lib/python3.11/site-packages/selenium/webdriver/remote/webdriver.py:740: in find_element\n    return self.execute(Command.FIND_ELEMENT, {\"using\": by, \"value\": value})[\"value\"]\n/usr/local/lib/python3.11/site-packages/selenium/webdriver/remote/webdriver.py:346: in execute\n    self.error_handler.check_response(response)\n_ _ _ _ _ _ _ _ _ _ _ _ _ _ _ _ _ _ _ _ _ _ _ _ _ _ _ _ _ _ _ _ _ _ _ _ _ _ _ _ \n\nself = <selenium.webdriver.remote.errorhandler.ErrorHandler object at 0x7fadc75aa310>\nresponse = {'status': 404, 'value': '{\"value\":{\"error\":\"no such element\",\"message\":\"no such element: Unable to locate element: {\\...\\\\n#16 0x5623893eb6b3 \\\\u003Cunknown>\\\\n#17 0x5623893fc074 \\\\u003Cunknown>\\\\n#18 0x7f071ea4a134 \\\\u003Cunknown>\\\\n\"}}'}\n\n    def check_response(self, response: Dict[str, Any]) -> None:\n        \"\"\"Checks that a JSON response from the WebDriver does not have an\n        error.\n    \n        :Args:\n         - response - The JSON response from the WebDriver server as a dictionary\n           object.\n    \n        :Raises: If the response contains an error message.\n        \"\"\"\n        status = response.get(\"status\", None)\n        if not status or status == ErrorCode.SUCCESS:\n            return\n        value = None\n        message = response.get(\"message\", \"\")\n        screen: str = response.get(\"screen\", \"\")\n        stacktrace = None\n        if isinstance(status, int):\n            value_json = response.get(\"value\", None)\n            if value_json and isinstance(value_json, str):\n                import json\n    \n                try:\n                    value = json.loads(value_json)\n                    if len(value) == 1:\n                        value = value[\"value\"]\n                    status = value.get(\"error\", None)\n                    if not status:\n                        status = value.get(\"status\", ErrorCode.UNKNOWN_ERROR)\n                        message = value.get(\"value\") or value.get(\"message\")\n                        if not isinstance(message, str):\n                            value = message\n                            message = message.get(\"message\")\n                    else:\n                        message = value.get(\"message\", None)\n                except ValueError:\n                    pass\n    \n        exception_class: Type[WebDriverException]\n        if status in ErrorCode.NO_SUCH_ELEMENT:\n            exception_class = NoSuchElementException\n        elif status in ErrorCode.NO_SUCH_FRAME:\n            exception_class = NoSuchFrameException\n        elif status in ErrorCode.NO_SUCH_SHADOW_ROOT:\n            exception_class = NoSuchShadowRootException\n        elif status in ErrorCode.NO_SUCH_WINDOW:\n            exception_class = NoSuchWindowException\n        elif status in ErrorCode.STALE_ELEMENT_REFERENCE:\n            exception_class = StaleElementReferenceException\n        elif status in ErrorCode.ELEMENT_NOT_VISIBLE:\n            exception_class = ElementNotVisibleException\n        elif status in ErrorCode.INVALID_ELEMENT_STATE:\n            exception_class = InvalidElementStateException\n        elif (\n            status in ErrorCode.INVALID_SELECTOR\n            or status in ErrorCode.INVALID_XPATH_SELECTOR\n            or status in ErrorCode.INVALID_XPATH_SELECTOR_RETURN_TYPER\n        ):\n            exception_class = InvalidSelectorException\n        elif status in ErrorCode.ELEMENT_IS_NOT_SELECTABLE:\n            exception_class = ElementNotSelectableException\n        elif status in ErrorCode.ELEMENT_NOT_INTERACTABLE:\n            exception_class = ElementNotInteractableException\n        elif status in ErrorCode.INVALID_COOKIE_DOMAIN:\n            exception_class = InvalidCookieDomainException\n        elif status in ErrorCode.UNABLE_TO_SET_COOKIE:\n            exception_class = UnableToSetCookieException\n        elif status in ErrorCode.TIMEOUT:\n            exception_class = TimeoutException\n        elif status in ErrorCode.SCRIPT_TIMEOUT:\n            exception_class = TimeoutException\n        elif status in ErrorCode.UNKNOWN_ERROR:\n            exception_class = WebDriverException\n        elif status in ErrorCode.UNEXPECTED_ALERT_OPEN:\n            exception_class = UnexpectedAlertPresentException\n        elif status in ErrorCode.NO_ALERT_OPEN:\n            exception_class = NoAlertPresentException\n        elif status in ErrorCode.IME_NOT_AVAILABLE:\n            exception_class = ImeNotAvailableException\n        elif status in ErrorCode.IME_ENGINE_ACTIVATION_FAILED:\n            exception_class = ImeActivationFailedException\n        elif status in ErrorCode.MOVE_TARGET_OUT_OF_BOUNDS:\n            exception_class = MoveTargetOutOfBoundsException\n        elif status in ErrorCode.JAVASCRIPT_ERROR:\n            exception_class = JavascriptException\n        elif status in ErrorCode.SESSION_NOT_CREATED:\n            exception_class = SessionNotCreatedException\n        elif status in ErrorCode.INVALID_ARGUMENT:\n            exception_class = InvalidArgumentException\n        elif status in ErrorCode.NO_SUCH_COOKIE:\n            exception_class = NoSuchCookieException\n        elif status in ErrorCode.UNABLE_TO_CAPTURE_SCREEN:\n            exception_class = ScreenshotException\n        elif status in ErrorCode.ELEMENT_CLICK_INTERCEPTED:\n            exception_class = ElementClickInterceptedException\n        elif status in ErrorCode.INSECURE_CERTIFICATE:\n            exception_class = InsecureCertificateException\n        elif status in ErrorCode.INVALID_COORDINATES:\n            exception_class = InvalidCoordinatesException\n        elif status in ErrorCode.INVALID_SESSION_ID:\n            exception_class = InvalidSessionIdException\n        elif status in ErrorCode.UNKNOWN_METHOD:\n            exception_class = UnknownMethodException\n        else:\n            exception_class = WebDriverException\n        if not value:\n            value = response[\"value\"]\n        if isinstance(value, str):\n            raise exception_class(value)\n        if message == \"\" and \"message\" in value:\n            message = value[\"message\"]\n    \n        screen = None  # type: ignore[assignment]\n        if \"screen\" in value:\n            screen = value[\"screen\"]\n    \n        stacktrace = None\n        st_value = value.get(\"stackTrace\") or value.get(\"stacktrace\")\n        if st_value:\n            if isinstance(st_value, str):\n                stacktrace = st_value.split(\"\\n\")\n            else:\n                stacktrace = []\n                try:\n                    for frame in st_value:\n                        line = frame.get(\"lineNumber\", \"\")\n                        file = frame.get(\"fileName\", \"<anonymous>\")\n                        if line:\n                            file = f\"{file}:{line}\"\n                        meth = frame.get(\"methodName\", \"<anonymous>\")\n                        if \"className\" in frame:\n                            meth = f\"{frame['className']}.{meth}\"\n                        msg = \"    at %s (%s)\"\n                        msg = msg % (meth, file)\n                        stacktrace.append(msg)\n                except TypeError:\n                    pass\n        if exception_class == UnexpectedAlertPresentException:\n            alert_text = None\n            if \"data\" in value:\n                alert_text = value[\"data\"].get(\"text\")\n            elif \"alert\" in value:\n                alert_text = value[\"alert\"].get(\"text\")\n            raise exception_class(message, screen, stacktrace, alert_text)  # type: ignore[call-arg]  # mypy is not smart enough here\n>       raise exception_class(message, screen, stacktrace)\nE       selenium.common.exceptions.NoSuchElementException: Message: no such element: Unable to locate element: {\"method\":\"xpath\",\"selector\":\"(//a[@class='add-to-cart yellow-btn'])[1]\"}\nE         (Session info: chrome-headless-shell=122.0.6261.111); For documentation on this error, please visit: https://www.selenium.dev/documentation/webdriver/troubleshooting/errors#no-such-element-exception\nE       Stacktrace:\nE       #0 0x5623893fcec3 <unknown>\nE       #1 0x5623890f4ce6 <unknown>\nE       #2 0x56238913fe48 <unknown>\nE       #3 0x56238913ff01 <unknown>\nE       #4 0x5623891833f4 <unknown>\nE       #5 0x562389161edd <unknown>\nE       #6 0x562389180899 <unknown>\nE       #7 0x562389161c53 <unknown>\nE       #8 0x562389132db3 <unknown>\nE       #9 0x56238913377e <unknown>\nE       #10 0x5623893c27fb <unknown>\nE       #11 0x5623893c6815 <unknown>\nE       #12 0x5623893b0111 <unknown>\nE       #13 0x5623893c73a2 <unknown>\nE       #14 0x5623893941ef <unknown>\nE       #15 0x5623893eb4b8 <unknown>\nE       #16 0x5623893eb6b3 <unknown>\nE       #17 0x5623893fc074 <unknown>\nE       #18 0x7f071ea4a134 <unknown>\n\n/usr/local/lib/python3.11/site-packages/selenium/webdriver/remote/errorhandler.py:245: NoSuchElementException","flaky":false,"newFailed":false,"newBroken":false,"newPassed":false,"retriesCount":0,"retriesStatusChange":false,"beforeStages":[{"name":"_session_faker","time":{"start":1709945886245,"stop":1709945886311,"duration":66},"status":"passed","steps":[],"attachments":[],"parameters":[],"shouldDisplayMessage":false,"stepsCount":0,"attachmentsCount":0,"hasContent":false,"attachmentStep":false},{"name":"clear_allure_results_folder","time":{"start":1709945886311,"stop":1709945886311,"duration":0},"status":"passed","steps":[],"attachments":[],"parameters":[],"shouldDisplayMessage":false,"stepsCount":0,"attachmentsCount":0,"hasContent":false,"attachmentStep":false},{"name":"driver","time":{"start":1709946409310,"stop":1709946410037,"duration":727},"status":"passed","steps":[],"attachments":[],"parameters":[],"shouldDisplayMessage":false,"stepsCount":0,"attachmentsCount":0,"hasContent":false,"attachmentStep":false},{"name":"setup","time":{"start":1709946410037,"stop":1709946410037,"duration":0},"status":"passed","steps":[],"attachments":[],"parameters":[],"shouldDisplayMessage":false,"stepsCount":0,"attachmentsCount":0,"hasContent":false,"attachmentStep":false}],"testStage":{"status":"broken","statusMessage":"selenium.common.exceptions.NoSuchElementException: Message: no such element: Unable to locate element: {\"method\":\"xpath\",\"selector\":\"(//a[@class='add-to-cart yellow-btn'])[1]\"}\n  (Session info: chrome-headless-shell=122.0.6261.111); For documentation on this error, please visit: https://www.selenium.dev/documentation/webdriver/troubleshooting/errors#no-such-element-exception\nStacktrace:\n#0 0x5623893fcec3 <unknown>\n#1 0x5623890f4ce6 <unknown>\n#2 0x56238913fe48 <unknown>\n#3 0x56238913ff01 <unknown>\n#4 0x5623891833f4 <unknown>\n#5 0x562389161edd <unknown>\n#6 0x562389180899 <unknown>\n#7 0x562389161c53 <unknown>\n#8 0x562389132db3 <unknown>\n#9 0x56238913377e <unknown>\n#10 0x5623893c27fb <unknown>\n#11 0x5623893c6815 <unknown>\n#12 0x5623893b0111 <unknown>\n#13 0x5623893c73a2 <unknown>\n#14 0x5623893941ef <unknown>\n#15 0x5623893eb4b8 <unknown>\n#16 0x5623893eb6b3 <unknown>\n#17 0x5623893fc074 <unknown>\n#18 0x7f071ea4a134 <unknown>","statusTrace":"self = <tests.delivery.test_delivery_calculation.TestDeliveryPageCalculation object at 0x7fadc7bf6d50>\ndriver = <selenium.webdriver.chrome.webdriver.WebDriver (session=\"d22bb82288e2ce48bdcc217bccd13d56\")>\nurl = 'https://sandboxtest.stroyrem-nn.ru/', case_id = 'TD 022'\nlink_item = 'products/shtukaturka-gipsovaya-aksolit-m50-30-kg-mashinnogo-naneseniya'\namount = 166, weight = 5000, standard = 2800, in_time = 5490, all_time = 5980\n\n    @pytest.mark.parametrize('case_id, link_item, amount, weight, standard, in_time, all_time', [\n        (\"TD 015\", bundeks_25, 1, 30, 650, 2390, 3320),\n        pytest.param(\n            \"TD 016\", aksolit_30, 8, 300, 650, 2390, 3320,\n            marks=pytest.mark.xfail(reson=\"Цена доставки: - - -\")\n        ),\n        (\"TD 017\", aksolit_30, 13, 400, 650, 2390, 3320),\n        (\"TD 018\", aksolit_30, 16, 500, 850, 2490, 3320),\n        (\"TD 019\", aksolit_30, 25, 1700, 1150, 2490, 3320),\n        (\"TD 020\", aksolit_30, 66, 2000, 1500, 2990, 3650),\n        (\"TD 021\", aksolit_30, 149, 4500, 2600, 4380, 4890),\n        (\"TD 022\", aksolit_30, 166, 5000, 2800, 5490, 5980),\n        pytest.param(\n            \"TD 023\", aksolit_30, 206, 6200, 3300, 7500, 8000,\n            marks=pytest.mark.xfail(reson=\"Цена доставки: 4300 9900 11440\")\n        ),\n        (\"TD 024\", aksolit_30, 299, 9000, 4300, 9900, 11440),\n        (\"TD 025\", aksolit_30, 333, 10000, 7000, 13900, 15900),\n        pytest.param(\n            \"TD 026\", aksolit_30, 366, 11000, 8000, 14900, 19900,\n            marks=pytest.mark.xfail(reson=\"Цена доставки: 7000 13900 15900\")\n        ),\n        pytest.param(\n            \"TD 027\", aksolit_30, 666, 20000, 14000, 16900, 23900,\n            marks=pytest.mark.xfail(reson=\"Цена доставки: 7000 13900 15900\")\n        )\n    ])\n    @pytest.mark.smoke\n    def test_positive_delivery_blue_zone_smoke(\n            self, driver, url, case_id, link_item, amount, weight, standard, in_time, all_time\n    ):\n        allure.dynamic.title(f\"{case_id} Доставка товара весом до {weight}кг. в синей зоне\")\n    \n        driver.get(f'{url}{link_item}')\n        item_page = ItemPage(driver)\n>       item_page.add_item_to_cart(amount).click_on_cart()\n\ntests/delivery/test_delivery_calculation.py:130: \n_ _ _ _ _ _ _ _ _ _ _ _ _ _ _ _ _ _ _ _ _ _ _ _ _ _ _ _ _ _ _ _ _ _ _ _ _ _ _ _ \npages/item_page.py:40: in add_item_to_cart\n    self.find_element(self._add_item).click()\nbase/seleniumbase.py:17: in find_element\n    return self.driver.find_element(*locator)\n/usr/local/lib/python3.11/site-packages/selenium/webdriver/remote/webdriver.py:740: in find_element\n    return self.execute(Command.FIND_ELEMENT, {\"using\": by, \"value\": value})[\"value\"]\n/usr/local/lib/python3.11/site-packages/selenium/webdriver/remote/webdriver.py:346: in execute\n    self.error_handler.check_response(response)\n_ _ _ _ _ _ _ _ _ _ _ _ _ _ _ _ _ _ _ _ _ _ _ _ _ _ _ _ _ _ _ _ _ _ _ _ _ _ _ _ \n\nself = <selenium.webdriver.remote.errorhandler.ErrorHandler object at 0x7fadc75aa310>\nresponse = {'status': 404, 'value': '{\"value\":{\"error\":\"no such element\",\"message\":\"no such element: Unable to locate element: {\\...\\\\n#16 0x5623893eb6b3 \\\\u003Cunknown>\\\\n#17 0x5623893fc074 \\\\u003Cunknown>\\\\n#18 0x7f071ea4a134 \\\\u003Cunknown>\\\\n\"}}'}\n\n    def check_response(self, response: Dict[str, Any]) -> None:\n        \"\"\"Checks that a JSON response from the WebDriver does not have an\n        error.\n    \n        :Args:\n         - response - The JSON response from the WebDriver server as a dictionary\n           object.\n    \n        :Raises: If the response contains an error message.\n        \"\"\"\n        status = response.get(\"status\", None)\n        if not status or status == ErrorCode.SUCCESS:\n            return\n        value = None\n        message = response.get(\"message\", \"\")\n        screen: str = response.get(\"screen\", \"\")\n        stacktrace = None\n        if isinstance(status, int):\n            value_json = response.get(\"value\", None)\n            if value_json and isinstance(value_json, str):\n                import json\n    \n                try:\n                    value = json.loads(value_json)\n                    if len(value) == 1:\n                        value = value[\"value\"]\n                    status = value.get(\"error\", None)\n                    if not status:\n                        status = value.get(\"status\", ErrorCode.UNKNOWN_ERROR)\n                        message = value.get(\"value\") or value.get(\"message\")\n                        if not isinstance(message, str):\n                            value = message\n                            message = message.get(\"message\")\n                    else:\n                        message = value.get(\"message\", None)\n                except ValueError:\n                    pass\n    \n        exception_class: Type[WebDriverException]\n        if status in ErrorCode.NO_SUCH_ELEMENT:\n            exception_class = NoSuchElementException\n        elif status in ErrorCode.NO_SUCH_FRAME:\n            exception_class = NoSuchFrameException\n        elif status in ErrorCode.NO_SUCH_SHADOW_ROOT:\n            exception_class = NoSuchShadowRootException\n        elif status in ErrorCode.NO_SUCH_WINDOW:\n            exception_class = NoSuchWindowException\n        elif status in ErrorCode.STALE_ELEMENT_REFERENCE:\n            exception_class = StaleElementReferenceException\n        elif status in ErrorCode.ELEMENT_NOT_VISIBLE:\n            exception_class = ElementNotVisibleException\n        elif status in ErrorCode.INVALID_ELEMENT_STATE:\n            exception_class = InvalidElementStateException\n        elif (\n            status in ErrorCode.INVALID_SELECTOR\n            or status in ErrorCode.INVALID_XPATH_SELECTOR\n            or status in ErrorCode.INVALID_XPATH_SELECTOR_RETURN_TYPER\n        ):\n            exception_class = InvalidSelectorException\n        elif status in ErrorCode.ELEMENT_IS_NOT_SELECTABLE:\n            exception_class = ElementNotSelectableException\n        elif status in ErrorCode.ELEMENT_NOT_INTERACTABLE:\n            exception_class = ElementNotInteractableException\n        elif status in ErrorCode.INVALID_COOKIE_DOMAIN:\n            exception_class = InvalidCookieDomainException\n        elif status in ErrorCode.UNABLE_TO_SET_COOKIE:\n            exception_class = UnableToSetCookieException\n        elif status in ErrorCode.TIMEOUT:\n            exception_class = TimeoutException\n        elif status in ErrorCode.SCRIPT_TIMEOUT:\n            exception_class = TimeoutException\n        elif status in ErrorCode.UNKNOWN_ERROR:\n            exception_class = WebDriverException\n        elif status in ErrorCode.UNEXPECTED_ALERT_OPEN:\n            exception_class = UnexpectedAlertPresentException\n        elif status in ErrorCode.NO_ALERT_OPEN:\n            exception_class = NoAlertPresentException\n        elif status in ErrorCode.IME_NOT_AVAILABLE:\n            exception_class = ImeNotAvailableException\n        elif status in ErrorCode.IME_ENGINE_ACTIVATION_FAILED:\n            exception_class = ImeActivationFailedException\n        elif status in ErrorCode.MOVE_TARGET_OUT_OF_BOUNDS:\n            exception_class = MoveTargetOutOfBoundsException\n        elif status in ErrorCode.JAVASCRIPT_ERROR:\n            exception_class = JavascriptException\n        elif status in ErrorCode.SESSION_NOT_CREATED:\n            exception_class = SessionNotCreatedException\n        elif status in ErrorCode.INVALID_ARGUMENT:\n            exception_class = InvalidArgumentException\n        elif status in ErrorCode.NO_SUCH_COOKIE:\n            exception_class = NoSuchCookieException\n        elif status in ErrorCode.UNABLE_TO_CAPTURE_SCREEN:\n            exception_class = ScreenshotException\n        elif status in ErrorCode.ELEMENT_CLICK_INTERCEPTED:\n            exception_class = ElementClickInterceptedException\n        elif status in ErrorCode.INSECURE_CERTIFICATE:\n            exception_class = InsecureCertificateException\n        elif status in ErrorCode.INVALID_COORDINATES:\n            exception_class = InvalidCoordinatesException\n        elif status in ErrorCode.INVALID_SESSION_ID:\n            exception_class = InvalidSessionIdException\n        elif status in ErrorCode.UNKNOWN_METHOD:\n            exception_class = UnknownMethodException\n        else:\n            exception_class = WebDriverException\n        if not value:\n            value = response[\"value\"]\n        if isinstance(value, str):\n            raise exception_class(value)\n        if message == \"\" and \"message\" in value:\n            message = value[\"message\"]\n    \n        screen = None  # type: ignore[assignment]\n        if \"screen\" in value:\n            screen = value[\"screen\"]\n    \n        stacktrace = None\n        st_value = value.get(\"stackTrace\") or value.get(\"stacktrace\")\n        if st_value:\n            if isinstance(st_value, str):\n                stacktrace = st_value.split(\"\\n\")\n            else:\n                stacktrace = []\n                try:\n                    for frame in st_value:\n                        line = frame.get(\"lineNumber\", \"\")\n                        file = frame.get(\"fileName\", \"<anonymous>\")\n                        if line:\n                            file = f\"{file}:{line}\"\n                        meth = frame.get(\"methodName\", \"<anonymous>\")\n                        if \"className\" in frame:\n                            meth = f\"{frame['className']}.{meth}\"\n                        msg = \"    at %s (%s)\"\n                        msg = msg % (meth, file)\n                        stacktrace.append(msg)\n                except TypeError:\n                    pass\n        if exception_class == UnexpectedAlertPresentException:\n            alert_text = None\n            if \"data\" in value:\n                alert_text = value[\"data\"].get(\"text\")\n            elif \"alert\" in value:\n                alert_text = value[\"alert\"].get(\"text\")\n            raise exception_class(message, screen, stacktrace, alert_text)  # type: ignore[call-arg]  # mypy is not smart enough here\n>       raise exception_class(message, screen, stacktrace)\nE       selenium.common.exceptions.NoSuchElementException: Message: no such element: Unable to locate element: {\"method\":\"xpath\",\"selector\":\"(//a[@class='add-to-cart yellow-btn'])[1]\"}\nE         (Session info: chrome-headless-shell=122.0.6261.111); For documentation on this error, please visit: https://www.selenium.dev/documentation/webdriver/troubleshooting/errors#no-such-element-exception\nE       Stacktrace:\nE       #0 0x5623893fcec3 <unknown>\nE       #1 0x5623890f4ce6 <unknown>\nE       #2 0x56238913fe48 <unknown>\nE       #3 0x56238913ff01 <unknown>\nE       #4 0x5623891833f4 <unknown>\nE       #5 0x562389161edd <unknown>\nE       #6 0x562389180899 <unknown>\nE       #7 0x562389161c53 <unknown>\nE       #8 0x562389132db3 <unknown>\nE       #9 0x56238913377e <unknown>\nE       #10 0x5623893c27fb <unknown>\nE       #11 0x5623893c6815 <unknown>\nE       #12 0x5623893b0111 <unknown>\nE       #13 0x5623893c73a2 <unknown>\nE       #14 0x5623893941ef <unknown>\nE       #15 0x5623893eb4b8 <unknown>\nE       #16 0x5623893eb6b3 <unknown>\nE       #17 0x5623893fc074 <unknown>\nE       #18 0x7f071ea4a134 <unknown>\n\n/usr/local/lib/python3.11/site-packages/selenium/webdriver/remote/errorhandler.py:245: NoSuchElementException","steps":[{"name":"Добавляем товар в корзину в количестве 166","time":{"start":1709946410650,"stop":1709946410661,"duration":11},"status":"broken","statusMessage":"selenium.common.exceptions.NoSuchElementException: Message: no such element: Unable to locate element: {\"method\":\"xpath\",\"selector\":\"(//a[@class='add-to-cart yellow-btn'])[1]\"}\n  (Session info: chrome-headless-shell=122.0.6261.111); For documentation on this error, please visit: https://www.selenium.dev/documentation/webdriver/troubleshooting/errors#no-such-element-exception\nStacktrace:\n#0 0x5623893fcec3 <unknown>\n#1 0x5623890f4ce6 <unknown>\n#2 0x56238913fe48 <unknown>\n#3 0x56238913ff01 <unknown>\n#4 0x5623891833f4 <unknown>\n#5 0x562389161edd <unknown>\n#6 0x562389180899 <unknown>\n#7 0x562389161c53 <unknown>\n#8 0x562389132db3 <unknown>\n#9 0x56238913377e <unknown>\n#10 0x5623893c27fb <unknown>\n#11 0x5623893c6815 <unknown>\n#12 0x5623893b0111 <unknown>\n#13 0x5623893c73a2 <unknown>\n#14 0x5623893941ef <unknown>\n#15 0x5623893eb4b8 <unknown>\n#16 0x5623893eb6b3 <unknown>\n#17 0x5623893fc074 <unknown>\n#18 0x7f071ea4a134 <unknown>\n\n","statusTrace":"  File \"/usr/local/lib/python3.11/site-packages/allure_commons/_allure.py\", line 192, in impl\n    return func(*a, **kw)\n           ^^^^^^^^^^^^^^\n  File \"/app/pages/item_page.py\", line 40, in add_item_to_cart\n    self.find_element(self._add_item).click()\n    ^^^^^^^^^^^^^^^^^^^^^^^^^^^^^^^^^\n  File \"/app/base/seleniumbase.py\", line 17, in find_element\n    return self.driver.find_element(*locator)\n           ^^^^^^^^^^^^^^^^^^^^^^^^^^^^^^^^^^\n  File \"/usr/local/lib/python3.11/site-packages/selenium/webdriver/remote/webdriver.py\", line 740, in find_element\n    return self.execute(Command.FIND_ELEMENT, {\"using\": by, \"value\": value})[\"value\"]\n           ^^^^^^^^^^^^^^^^^^^^^^^^^^^^^^^^^^^^^^^^^^^^^^^^^^^^^^^^^^^^^^^^^\n  File \"/usr/local/lib/python3.11/site-packages/selenium/webdriver/remote/webdriver.py\", line 346, in execute\n    self.error_handler.check_response(response)\n  File \"/usr/local/lib/python3.11/site-packages/selenium/webdriver/remote/errorhandler.py\", line 245, in check_response\n    raise exception_class(message, screen, stacktrace)\n","steps":[],"attachments":[],"parameters":[{"name":"amount","value":"166"}],"shouldDisplayMessage":true,"stepsCount":0,"attachmentsCount":0,"hasContent":true,"attachmentStep":false}],"attachments":[{"uid":"6a4d59a53197d575","name":"Screenshot","source":"6a4d59a53197d575.png","type":"image/png","size":5862},{"uid":"ccce70661b551702","name":"HTML source","source":"ccce70661b551702.html","type":"text/html","size":39}],"parameters":[],"shouldDisplayMessage":true,"stepsCount":1,"attachmentsCount":2,"hasContent":true,"attachmentStep":false},"afterStages":[{"name":"driver::0","time":{"start":1709946410769,"stop":1709946410826,"duration":57},"status":"passed","steps":[],"attachments":[],"parameters":[],"shouldDisplayMessage":false,"stepsCount":0,"attachmentsCount":0,"hasContent":false,"attachmentStep":false},{"name":"setup::0","time":{"start":1709946410769,"stop":1709946410769,"duration":0},"status":"passed","steps":[],"attachments":[],"parameters":[],"shouldDisplayMessage":false,"stepsCount":0,"attachmentsCount":0,"hasContent":false,"attachmentStep":false}],"labels":[{"name":"epic","value":"Delivery Page - calculation"},{"name":"tag","value":"smoke"},{"name":"parentSuite","value":"tests.delivery"},{"name":"suite","value":"test_delivery_calculation"},{"name":"subSuite","value":"TestDeliveryPageCalculation"},{"name":"host","value":"47c28445a096"},{"name":"thread","value":"1-MainThread"},{"name":"framework","value":"pytest"},{"name":"language","value":"cpython3"},{"name":"package","value":"tests.delivery.test_delivery_calculation"},{"name":"resultFormat","value":"allure2"}],"parameters":[{"name":"all_time","value":"5980"},{"name":"amount","value":"166"},{"name":"case_id","value":"'TD 022'"},{"name":"in_time","value":"5490"},{"name":"link_item","value":"'products/shtukaturka-gipsovaya-aksolit-m50-30-kg-mashinnogo-naneseniya'"},{"name":"standard","value":"2800"},{"name":"url","value":"'https://sandboxtest.stroyrem-nn.ru/'"},{"name":"weight","value":"5000"}],"links":[],"hidden":false,"retry":false,"extra":{"severity":"normal","retries":[],"categories":[{"name":"Test defects","matchedStatuses":[],"flaky":false}],"history":{"statistic":{"failed":0,"broken":192,"skipped":0,"passed":0,"unknown":0,"total":192},"items":[{"uid":"27d653e099d5683e","reportUrl":"https://zaelcovsky.github.io/StroyremAutomation/255//#testresult/27d653e099d5683e","status":"broken","statusDetails":"selenium.common.exceptions.NoSuchElementException: Message: no such element: Unable to locate element: {\"method\":\"xpath\",\"selector\":\"(//a[@class='add-to-cart yellow-btn'])[1]\"}\n  (Session info: chrome-headless-shell=122.0.6261.111); For documentation on this error, please visit: https://www.selenium.dev/documentation/webdriver/troubleshooting/errors#no-such-element-exception\nStacktrace:\n#0 0x55fe1d257ec3 <unknown>\n#1 0x55fe1cf4fce6 <unknown>\n#2 0x55fe1cf9ae48 <unknown>\n#3 0x55fe1cf9af01 <unknown>\n#4 0x55fe1cfde3f4 <unknown>\n#5 0x55fe1cfbcedd <unknown>\n#6 0x55fe1cfdb899 <unknown>\n#7 0x55fe1cfbcc53 <unknown>\n#8 0x55fe1cf8ddb3 <unknown>\n#9 0x55fe1cf8e77e <unknown>\n#10 0x55fe1d21d7fb <unknown>\n#11 0x55fe1d221815 <unknown>\n#12 0x55fe1d20b111 <unknown>\n#13 0x55fe1d2223a2 <unknown>\n#14 0x55fe1d1ef1ef <unknown>\n#15 0x55fe1d2464b8 <unknown>\n#16 0x55fe1d2466b3 <unknown>\n#17 0x55fe1d257074 <unknown>\n#18 0x7f859e0e5134 <unknown>","time":{"start":1709860046078,"stop":1709860046527,"duration":449}},{"uid":"7d63e35b7cf17594","reportUrl":"https://zaelcovsky.github.io/StroyremAutomation/254//#testresult/7d63e35b7cf17594","status":"broken","statusDetails":"selenium.common.exceptions.NoSuchElementException: Message: no such element: Unable to locate element: {\"method\":\"xpath\",\"selector\":\"(//a[@class='add-to-cart yellow-btn'])[1]\"}\n  (Session info: chrome-headless-shell=122.0.6261.94); For documentation on this error, please visit: https://www.selenium.dev/documentation/webdriver/troubleshooting/errors#no-such-element-exception\nStacktrace:\n#0 0x55560c412e93 <unknown>\n#1 0x55560c10ace6 <unknown>\n#2 0x55560c155e48 <unknown>\n#3 0x55560c155f01 <unknown>\n#4 0x55560c1993f4 <unknown>\n#5 0x55560c177edd <unknown>\n#6 0x55560c196899 <unknown>\n#7 0x55560c177c53 <unknown>\n#8 0x55560c148db3 <unknown>\n#9 0x55560c14977e <unknown>\n#10 0x55560c3d87cb <unknown>\n#11 0x55560c3dc7e5 <unknown>\n#12 0x55560c3c60e1 <unknown>\n#13 0x55560c3dd372 <unknown>\n#14 0x55560c3aa1bf <unknown>\n#15 0x55560c401488 <unknown>\n#16 0x55560c401683 <unknown>\n#17 0x55560c412044 <unknown>\n#18 0x7f4c4a34e134 <unknown>","time":{"start":1709773148235,"stop":1709773148628,"duration":393}},{"uid":"22841e2e090398de","reportUrl":"https://zaelcovsky.github.io/StroyremAutomation/253//#testresult/22841e2e090398de","status":"broken","statusDetails":"selenium.common.exceptions.NoSuchElementException: Message: no such element: Unable to locate element: {\"method\":\"xpath\",\"selector\":\"(//a[@class='add-to-cart yellow-btn'])[1]\"}\n  (Session info: chrome-headless-shell=122.0.6261.94); For documentation on this error, please visit: https://www.selenium.dev/documentation/webdriver/troubleshooting/errors#no-such-element-exception\nStacktrace:\n#0 0x555b56c17e93 <unknown>\n#1 0x555b5690fce6 <unknown>\n#2 0x555b5695ae48 <unknown>\n#3 0x555b5695af01 <unknown>\n#4 0x555b5699e3f4 <unknown>\n#5 0x555b5697cedd <unknown>\n#6 0x555b5699b899 <unknown>\n#7 0x555b5697cc53 <unknown>\n#8 0x555b5694ddb3 <unknown>\n#9 0x555b5694e77e <unknown>\n#10 0x555b56bdd7cb <unknown>\n#11 0x555b56be17e5 <unknown>\n#12 0x555b56bcb0e1 <unknown>\n#13 0x555b56be2372 <unknown>\n#14 0x555b56baf1bf <unknown>\n#15 0x555b56c06488 <unknown>\n#16 0x555b56c06683 <unknown>\n#17 0x555b56c17044 <unknown>\n#18 0x7f46ab1d4134 <unknown>","time":{"start":1709687252693,"stop":1709687253105,"duration":412}},{"uid":"4938930ce5c95f0","reportUrl":"https://zaelcovsky.github.io/StroyremAutomation/252//#testresult/4938930ce5c95f0","status":"broken","statusDetails":"selenium.common.exceptions.NoSuchElementException: Message: no such element: Unable to locate element: {\"method\":\"xpath\",\"selector\":\"(//a[@class='add-to-cart yellow-btn'])[1]\"}\n  (Session info: chrome-headless-shell=122.0.6261.94); For documentation on this error, please visit: https://www.selenium.dev/documentation/webdriver/troubleshooting/errors#no-such-element-exception\nStacktrace:\n#0 0x555f29423e93 <unknown>\n#1 0x555f2911bce6 <unknown>\n#2 0x555f29166e48 <unknown>\n#3 0x555f29166f01 <unknown>\n#4 0x555f291aa3f4 <unknown>\n#5 0x555f29188edd <unknown>\n#6 0x555f291a7899 <unknown>\n#7 0x555f29188c53 <unknown>\n#8 0x555f29159db3 <unknown>\n#9 0x555f2915a77e <unknown>\n#10 0x555f293e97cb <unknown>\n#11 0x555f293ed7e5 <unknown>\n#12 0x555f293d70e1 <unknown>\n#13 0x555f293ee372 <unknown>\n#14 0x555f293bb1bf <unknown>\n#15 0x555f29412488 <unknown>\n#16 0x555f29412683 <unknown>\n#17 0x555f29423044 <unknown>\n#18 0x7fbda3fb4134 <unknown>","time":{"start":1709600834841,"stop":1709600835473,"duration":632}},{"uid":"750b801d9561168a","reportUrl":"https://zaelcovsky.github.io/StroyremAutomation/251//#testresult/750b801d9561168a","status":"broken","statusDetails":"selenium.common.exceptions.NoSuchElementException: Message: no such element: Unable to locate element: {\"method\":\"xpath\",\"selector\":\"(//a[@class='add-to-cart yellow-btn'])[1]\"}\n  (Session info: chrome-headless-shell=122.0.6261.94); For documentation on this error, please visit: https://www.selenium.dev/documentation/webdriver/troubleshooting/errors#no-such-element-exception\nStacktrace:\n#0 0x55a47141ce93 <unknown>\n#1 0x55a471114ce6 <unknown>\n#2 0x55a47115fe48 <unknown>\n#3 0x55a47115ff01 <unknown>\n#4 0x55a4711a33f4 <unknown>\n#5 0x55a471181edd <unknown>\n#6 0x55a4711a0899 <unknown>\n#7 0x55a471181c53 <unknown>\n#8 0x55a471152db3 <unknown>\n#9 0x55a47115377e <unknown>\n#10 0x55a4713e27cb <unknown>\n#11 0x55a4713e67e5 <unknown>\n#12 0x55a4713d00e1 <unknown>\n#13 0x55a4713e7372 <unknown>\n#14 0x55a4713b41bf <unknown>\n#15 0x55a47140b488 <unknown>\n#16 0x55a47140b683 <unknown>\n#17 0x55a47141c044 <unknown>\n#18 0x7f4ecf9d1134 <unknown>","time":{"start":1709514489372,"stop":1709514489662,"duration":290}},{"uid":"53bab0229d9132ef","reportUrl":"https://zaelcovsky.github.io/StroyremAutomation/250//#testresult/53bab0229d9132ef","status":"broken","statusDetails":"selenium.common.exceptions.NoSuchElementException: Message: no such element: Unable to locate element: {\"method\":\"xpath\",\"selector\":\"(//a[@class='add-to-cart yellow-btn'])[1]\"}\n  (Session info: chrome-headless-shell=122.0.6261.94); For documentation on this error, please visit: https://www.selenium.dev/documentation/webdriver/troubleshooting/errors#no-such-element-exception\nStacktrace:\n#0 0x55a618a60e93 <unknown>\n#1 0x55a618758ce6 <unknown>\n#2 0x55a6187a3e48 <unknown>\n#3 0x55a6187a3f01 <unknown>\n#4 0x55a6187e73f4 <unknown>\n#5 0x55a6187c5edd <unknown>\n#6 0x55a6187e4899 <unknown>\n#7 0x55a6187c5c53 <unknown>\n#8 0x55a618796db3 <unknown>\n#9 0x55a61879777e <unknown>\n#10 0x55a618a267cb <unknown>\n#11 0x55a618a2a7e5 <unknown>\n#12 0x55a618a140e1 <unknown>\n#13 0x55a618a2b372 <unknown>\n#14 0x55a6189f81bf <unknown>\n#15 0x55a618a4f488 <unknown>\n#16 0x55a618a4f683 <unknown>\n#17 0x55a618a60044 <unknown>\n#18 0x7fa489b6b134 <unknown>","time":{"start":1709428306735,"stop":1709428307144,"duration":409}},{"uid":"630fcc675e3c883a","reportUrl":"https://zaelcovsky.github.io/StroyremAutomation/249//#testresult/630fcc675e3c883a","status":"broken","statusDetails":"selenium.common.exceptions.NoSuchElementException: Message: no such element: Unable to locate element: {\"method\":\"xpath\",\"selector\":\"(//a[@class='add-to-cart yellow-btn'])[1]\"}\n  (Session info: chrome-headless-shell=122.0.6261.94); For documentation on this error, please visit: https://www.selenium.dev/documentation/webdriver/troubleshooting/errors#no-such-element-exception\nStacktrace:\n#0 0x559b093afe93 <unknown>\n#1 0x559b090a7ce6 <unknown>\n#2 0x559b090f2e48 <unknown>\n#3 0x559b090f2f01 <unknown>\n#4 0x559b091363f4 <unknown>\n#5 0x559b09114edd <unknown>\n#6 0x559b09133899 <unknown>\n#7 0x559b09114c53 <unknown>\n#8 0x559b090e5db3 <unknown>\n#9 0x559b090e677e <unknown>\n#10 0x559b093757cb <unknown>\n#11 0x559b093797e5 <unknown>\n#12 0x559b093630e1 <unknown>\n#13 0x559b0937a372 <unknown>\n#14 0x559b093471bf <unknown>\n#15 0x559b0939e488 <unknown>\n#16 0x559b0939e683 <unknown>\n#17 0x559b093af044 <unknown>\n#18 0x7f89b01e4134 <unknown>","time":{"start":1709341654289,"stop":1709341654711,"duration":422}},{"uid":"ed679236c994a38d","reportUrl":"https://zaelcovsky.github.io/StroyremAutomation/248//#testresult/ed679236c994a38d","status":"broken","statusDetails":"selenium.common.exceptions.NoSuchElementException: Message: no such element: Unable to locate element: {\"method\":\"xpath\",\"selector\":\"(//a[@class='add-to-cart yellow-btn'])[1]\"}\n  (Session info: chrome-headless-shell=122.0.6261.94); For documentation on this error, please visit: https://www.selenium.dev/documentation/webdriver/troubleshooting/errors#no-such-element-exception\nStacktrace:\n#0 0x5602f9b93e93 <unknown>\n#1 0x5602f988bce6 <unknown>\n#2 0x5602f98d6e48 <unknown>\n#3 0x5602f98d6f01 <unknown>\n#4 0x5602f991a3f4 <unknown>\n#5 0x5602f98f8edd <unknown>\n#6 0x5602f9917899 <unknown>\n#7 0x5602f98f8c53 <unknown>\n#8 0x5602f98c9db3 <unknown>\n#9 0x5602f98ca77e <unknown>\n#10 0x5602f9b597cb <unknown>\n#11 0x5602f9b5d7e5 <unknown>\n#12 0x5602f9b470e1 <unknown>\n#13 0x5602f9b5e372 <unknown>\n#14 0x5602f9b2b1bf <unknown>\n#15 0x5602f9b82488 <unknown>\n#16 0x5602f9b82683 <unknown>\n#17 0x5602f9b93044 <unknown>\n#18 0x7fc78d21a134 <unknown>","time":{"start":1709255580130,"stop":1709255580425,"duration":295}},{"uid":"3249a2be4666d6e5","reportUrl":"https://zaelcovsky.github.io/StroyremAutomation/247//#testresult/3249a2be4666d6e5","status":"broken","statusDetails":"selenium.common.exceptions.NoSuchElementException: Message: no such element: Unable to locate element: {\"method\":\"xpath\",\"selector\":\"(//a[@class='add-to-cart yellow-btn'])[1]\"}\n  (Session info: chrome-headless-shell=122.0.6261.94); For documentation on this error, please visit: https://www.selenium.dev/documentation/webdriver/troubleshooting/errors#no-such-element-exception\nStacktrace:\n#0 0x55cff30dee93 <unknown>\n#1 0x55cff2dd6ce6 <unknown>\n#2 0x55cff2e21e48 <unknown>\n#3 0x55cff2e21f01 <unknown>\n#4 0x55cff2e653f4 <unknown>\n#5 0x55cff2e43edd <unknown>\n#6 0x55cff2e62899 <unknown>\n#7 0x55cff2e43c53 <unknown>\n#8 0x55cff2e14db3 <unknown>\n#9 0x55cff2e1577e <unknown>\n#10 0x55cff30a47cb <unknown>\n#11 0x55cff30a87e5 <unknown>\n#12 0x55cff30920e1 <unknown>\n#13 0x55cff30a9372 <unknown>\n#14 0x55cff30761bf <unknown>\n#15 0x55cff30cd488 <unknown>\n#16 0x55cff30cd683 <unknown>\n#17 0x55cff30de044 <unknown>\n#18 0x7f09ae569134 <unknown>","time":{"start":1709168844660,"stop":1709168844982,"duration":322}},{"uid":"8aa99882730ffd7a","reportUrl":"https://zaelcovsky.github.io/StroyremAutomation/246//#testresult/8aa99882730ffd7a","status":"broken","statusDetails":"selenium.common.exceptions.NoSuchElementException: Message: no such element: Unable to locate element: {\"method\":\"xpath\",\"selector\":\"(//a[@class='add-to-cart yellow-btn'])[1]\"}\n  (Session info: chrome-headless-shell=122.0.6261.94); For documentation on this error, please visit: https://www.selenium.dev/documentation/webdriver/troubleshooting/errors#no-such-element-exception\nStacktrace:\n#0 0x5570f1623e93 <unknown>\n#1 0x5570f131bce6 <unknown>\n#2 0x5570f1366e48 <unknown>\n#3 0x5570f1366f01 <unknown>\n#4 0x5570f13aa3f4 <unknown>\n#5 0x5570f1388edd <unknown>\n#6 0x5570f13a7899 <unknown>\n#7 0x5570f1388c53 <unknown>\n#8 0x5570f1359db3 <unknown>\n#9 0x5570f135a77e <unknown>\n#10 0x5570f15e97cb <unknown>\n#11 0x5570f15ed7e5 <unknown>\n#12 0x5570f15d70e1 <unknown>\n#13 0x5570f15ee372 <unknown>\n#14 0x5570f15bb1bf <unknown>\n#15 0x5570f1612488 <unknown>\n#16 0x5570f1612683 <unknown>\n#17 0x5570f1623044 <unknown>\n#18 0x7f64e5012134 <unknown>","time":{"start":1709082462557,"stop":1709082463038,"duration":481}},{"uid":"f71647bef6f93142","reportUrl":"https://zaelcovsky.github.io/StroyremAutomation/245//#testresult/f71647bef6f93142","status":"broken","statusDetails":"selenium.common.exceptions.NoSuchElementException: Message: no such element: Unable to locate element: {\"method\":\"xpath\",\"selector\":\"(//a[@class='add-to-cart yellow-btn'])[1]\"}\n  (Session info: chrome-headless-shell=122.0.6261.69); For documentation on this error, please visit: https://www.selenium.dev/documentation/webdriver/troubleshooting/errors#no-such-element-exception\nStacktrace:\n#0 0x55beb1a03793 <unknown>\n#1 0x55beb16f71c6 <unknown>\n#2 0x55beb1742358 <unknown>\n#3 0x55beb1742411 <unknown>\n#4 0x55beb1785934 <unknown>\n#5 0x55beb17643fd <unknown>\n#6 0x55beb1782dd9 <unknown>\n#7 0x55beb1764173 <unknown>\n#8 0x55beb17352d3 <unknown>\n#9 0x55beb1735c9e <unknown>\n#10 0x55beb19c78cb <unknown>\n#11 0x55beb19cb745 <unknown>\n#12 0x55beb19b42e1 <unknown>\n#13 0x55beb19cc2d2 <unknown>\n#14 0x55beb199817f <unknown>\n#15 0x55beb19f1dc8 <unknown>\n#16 0x55beb19f1fc3 <unknown>\n#17 0x55beb1a02944 <unknown>\n#18 0x7ff92d874134 <unknown>","time":{"start":1708996090049,"stop":1708996090455,"duration":406}},{"uid":"5da3a54f31b87cb8","reportUrl":"https://zaelcovsky.github.io/StroyremAutomation/244//#testresult/5da3a54f31b87cb8","status":"broken","statusDetails":"selenium.common.exceptions.NoSuchElementException: Message: no such element: Unable to locate element: {\"method\":\"xpath\",\"selector\":\"(//a[@class='add-to-cart yellow-btn'])[1]\"}\n  (Session info: chrome-headless-shell=122.0.6261.69); For documentation on this error, please visit: https://www.selenium.dev/documentation/webdriver/troubleshooting/errors#no-such-element-exception\nStacktrace:\n#0 0x55a5a3142793 <unknown>\n#1 0x55a5a2e361c6 <unknown>\n#2 0x55a5a2e81358 <unknown>\n#3 0x55a5a2e81411 <unknown>\n#4 0x55a5a2ec4934 <unknown>\n#5 0x55a5a2ea33fd <unknown>\n#6 0x55a5a2ec1dd9 <unknown>\n#7 0x55a5a2ea3173 <unknown>\n#8 0x55a5a2e742d3 <unknown>\n#9 0x55a5a2e74c9e <unknown>\n#10 0x55a5a31068cb <unknown>\n#11 0x55a5a310a745 <unknown>\n#12 0x55a5a30f32e1 <unknown>\n#13 0x55a5a310b2d2 <unknown>\n#14 0x55a5a30d717f <unknown>\n#15 0x55a5a3130dc8 <unknown>\n#16 0x55a5a3130fc3 <unknown>\n#17 0x55a5a3141944 <unknown>\n#18 0x7fa6df0d8134 <unknown>","time":{"start":1708909712893,"stop":1708909713189,"duration":296}},{"uid":"48b36b86871a7d39","reportUrl":"https://zaelcovsky.github.io/StroyremAutomation/243//#testresult/48b36b86871a7d39","status":"broken","statusDetails":"selenium.common.exceptions.NoSuchElementException: Message: no such element: Unable to locate element: {\"method\":\"xpath\",\"selector\":\"(//a[@class='add-to-cart yellow-btn'])[1]\"}\n  (Session info: chrome-headless-shell=122.0.6261.69); For documentation on this error, please visit: https://www.selenium.dev/documentation/webdriver/troubleshooting/errors#no-such-element-exception\nStacktrace:\n#0 0x56419d9a0793 <unknown>\n#1 0x56419d6941c6 <unknown>\n#2 0x56419d6df358 <unknown>\n#3 0x56419d6df411 <unknown>\n#4 0x56419d722934 <unknown>\n#5 0x56419d7013fd <unknown>\n#6 0x56419d71fdd9 <unknown>\n#7 0x56419d701173 <unknown>\n#8 0x56419d6d22d3 <unknown>\n#9 0x56419d6d2c9e <unknown>\n#10 0x56419d9648cb <unknown>\n#11 0x56419d968745 <unknown>\n#12 0x56419d9512e1 <unknown>\n#13 0x56419d9692d2 <unknown>\n#14 0x56419d93517f <unknown>\n#15 0x56419d98edc8 <unknown>\n#16 0x56419d98efc3 <unknown>\n#17 0x56419d99f944 <unknown>\n#18 0x7f569a7f0134 <unknown>","time":{"start":1708823496418,"stop":1708823496708,"duration":290}},{"uid":"90f275426d94305","reportUrl":"https://zaelcovsky.github.io/StroyremAutomation/242//#testresult/90f275426d94305","status":"broken","statusDetails":"selenium.common.exceptions.NoSuchElementException: Message: no such element: Unable to locate element: {\"method\":\"xpath\",\"selector\":\"(//a[@class='add-to-cart yellow-btn'])[1]\"}\n  (Session info: chrome-headless-shell=122.0.6261.69); For documentation on this error, please visit: https://www.selenium.dev/documentation/webdriver/troubleshooting/errors#no-such-element-exception\nStacktrace:\n#0 0x5591a5b4e793 <unknown>\n#1 0x5591a58421c6 <unknown>\n#2 0x5591a588d358 <unknown>\n#3 0x5591a588d411 <unknown>\n#4 0x5591a58d0934 <unknown>\n#5 0x5591a58af3fd <unknown>\n#6 0x5591a58cddd9 <unknown>\n#7 0x5591a58af173 <unknown>\n#8 0x5591a58802d3 <unknown>\n#9 0x5591a5880c9e <unknown>\n#10 0x5591a5b128cb <unknown>\n#11 0x5591a5b16745 <unknown>\n#12 0x5591a5aff2e1 <unknown>\n#13 0x5591a5b172d2 <unknown>\n#14 0x5591a5ae317f <unknown>\n#15 0x5591a5b3cdc8 <unknown>\n#16 0x5591a5b3cfc3 <unknown>\n#17 0x5591a5b4d944 <unknown>\n#18 0x7f6959e6c134 <unknown>","time":{"start":1708736797400,"stop":1708736797828,"duration":428}},{"uid":"c5fcf3b115502b15","reportUrl":"https://zaelcovsky.github.io/StroyremAutomation/241//#testresult/c5fcf3b115502b15","status":"broken","statusDetails":"selenium.common.exceptions.NoSuchElementException: Message: no such element: Unable to locate element: {\"method\":\"xpath\",\"selector\":\"(//a[@class='add-to-cart yellow-btn'])[1]\"}\n  (Session info: chrome-headless-shell=122.0.6261.69); For documentation on this error, please visit: https://www.selenium.dev/documentation/webdriver/troubleshooting/errors#no-such-element-exception\nStacktrace:\n#0 0x562a5023e793 <unknown>\n#1 0x562a4ff321c6 <unknown>\n#2 0x562a4ff7d358 <unknown>\n#3 0x562a4ff7d411 <unknown>\n#4 0x562a4ffc0934 <unknown>\n#5 0x562a4ff9f3fd <unknown>\n#6 0x562a4ffbddd9 <unknown>\n#7 0x562a4ff9f173 <unknown>\n#8 0x562a4ff702d3 <unknown>\n#9 0x562a4ff70c9e <unknown>\n#10 0x562a502028cb <unknown>\n#11 0x562a50206745 <unknown>\n#12 0x562a501ef2e1 <unknown>\n#13 0x562a502072d2 <unknown>\n#14 0x562a501d317f <unknown>\n#15 0x562a5022cdc8 <unknown>\n#16 0x562a5022cfc3 <unknown>\n#17 0x562a5023d944 <unknown>\n#18 0x7f9a2fb60134 <unknown>","time":{"start":1708650395066,"stop":1708650395643,"duration":577}},{"uid":"a772499e360eee1b","reportUrl":"https://zaelcovsky.github.io/StroyremAutomation/240//#testresult/a772499e360eee1b","status":"broken","statusDetails":"selenium.common.exceptions.NoSuchElementException: Message: no such element: Unable to locate element: {\"method\":\"xpath\",\"selector\":\"(//a[@class='add-to-cart yellow-btn'])[1]\"}\n  (Session info: chrome-headless-shell=122.0.6261.57); For documentation on this error, please visit: https://www.selenium.dev/documentation/webdriver/troubleshooting/errors#no-such-element-exception\nStacktrace:\n#0 0x556576de07d3 <unknown>\n#1 0x556576ad41c6 <unknown>\n#2 0x556576b1f358 <unknown>\n#3 0x556576b1f411 <unknown>\n#4 0x556576b62934 <unknown>\n#5 0x556576b413fd <unknown>\n#6 0x556576b5fdd9 <unknown>\n#7 0x556576b41173 <unknown>\n#8 0x556576b122d3 <unknown>\n#9 0x556576b12c9e <unknown>\n#10 0x556576da490b <unknown>\n#11 0x556576da8785 <unknown>\n#12 0x556576d91321 <unknown>\n#13 0x556576da9312 <unknown>\n#14 0x556576d751bf <unknown>\n#15 0x556576dcee08 <unknown>\n#16 0x556576dcf003 <unknown>\n#17 0x556576ddf984 <unknown>\n#18 0x7fba6cabf134 <unknown>","time":{"start":1708564032261,"stop":1708564032838,"duration":577}},{"uid":"45a880375a95ebeb","reportUrl":"https://zaelcovsky.github.io/StroyremAutomation/239//#testresult/45a880375a95ebeb","status":"broken","statusDetails":"selenium.common.exceptions.NoSuchElementException: Message: no such element: Unable to locate element: {\"method\":\"xpath\",\"selector\":\"(//a[@class='add-to-cart yellow-btn'])[1]\"}\n  (Session info: chrome-headless-shell=122.0.6261.57); For documentation on this error, please visit: https://www.selenium.dev/documentation/webdriver/troubleshooting/errors#no-such-element-exception\nStacktrace:\n#0 0x55e4a74937d3 <unknown>\n#1 0x55e4a71871c6 <unknown>\n#2 0x55e4a71d2358 <unknown>\n#3 0x55e4a71d2411 <unknown>\n#4 0x55e4a7215934 <unknown>\n#5 0x55e4a71f43fd <unknown>\n#6 0x55e4a7212dd9 <unknown>\n#7 0x55e4a71f4173 <unknown>\n#8 0x55e4a71c52d3 <unknown>\n#9 0x55e4a71c5c9e <unknown>\n#10 0x55e4a745790b <unknown>\n#11 0x55e4a745b785 <unknown>\n#12 0x55e4a7444321 <unknown>\n#13 0x55e4a745c312 <unknown>\n#14 0x55e4a74281bf <unknown>\n#15 0x55e4a7481e08 <unknown>\n#16 0x55e4a7482003 <unknown>\n#17 0x55e4a7492984 <unknown>\n#18 0x7f879c898134 <unknown>","time":{"start":1708477690120,"stop":1708477690414,"duration":294}},{"uid":"1ad1cc35a6270f6f","reportUrl":"https://zaelcovsky.github.io/StroyremAutomation/238//#testresult/1ad1cc35a6270f6f","status":"broken","statusDetails":"selenium.common.exceptions.NoSuchElementException: Message: no such element: Unable to locate element: {\"method\":\"xpath\",\"selector\":\"(//a[@class='add-to-cart yellow-btn'])[1]\"}\n  (Session info: chrome-headless-shell=121.0.6167.184); For documentation on this error, please visit: https://www.selenium.dev/documentation/webdriver/troubleshooting/errors#no-such-element-exception\nStacktrace:\n#0 0x55cc2bd68303 <unknown>\n#1 0x55cc2ba4d2b7 <unknown>\n#2 0x55cc2ba98cc0 <unknown>\n#3 0x55cc2ba98db1 <unknown>\n#4 0x55cc2badcb44 <unknown>\n#5 0x55cc2babb3ad <unknown>\n#6 0x55cc2bada07c <unknown>\n#7 0x55cc2babb123 <unknown>\n#8 0x55cc2ba8b095 <unknown>\n#9 0x55cc2ba8c09e <unknown>\n#10 0x55cc2bd2c6ab <unknown>\n#11 0x55cc2bd304ba <unknown>\n#12 0x55cc2bd18f85 <unknown>\n#13 0x55cc2bd3112f <unknown>\n#14 0x55cc2bcfce6f <unknown>\n#15 0x55cc2bd555f8 <unknown>\n#16 0x55cc2bd557c2 <unknown>\n#17 0x55cc2bd674a4 <unknown>\n#18 0x7fc2c9025134 <unknown>","time":{"start":1708391224225,"stop":1708391224551,"duration":326}},{"uid":"fb05a7d80acdb62e","reportUrl":"https://zaelcovsky.github.io/StroyremAutomation/237//#testresult/fb05a7d80acdb62e","status":"broken","statusDetails":"selenium.common.exceptions.NoSuchElementException: Message: no such element: Unable to locate element: {\"method\":\"xpath\",\"selector\":\"(//a[@class='add-to-cart yellow-btn'])[1]\"}\n  (Session info: chrome-headless-shell=121.0.6167.184); For documentation on this error, please visit: https://www.selenium.dev/documentation/webdriver/troubleshooting/errors#no-such-element-exception\nStacktrace:\n#0 0x55a7ad6ef303 <unknown>\n#1 0x55a7ad3d42b7 <unknown>\n#2 0x55a7ad41fcc0 <unknown>\n#3 0x55a7ad41fdb1 <unknown>\n#4 0x55a7ad463b44 <unknown>\n#5 0x55a7ad4423ad <unknown>\n#6 0x55a7ad46107c <unknown>\n#7 0x55a7ad442123 <unknown>\n#8 0x55a7ad412095 <unknown>\n#9 0x55a7ad41309e <unknown>\n#10 0x55a7ad6b36ab <unknown>\n#11 0x55a7ad6b74ba <unknown>\n#12 0x55a7ad69ff85 <unknown>\n#13 0x55a7ad6b812f <unknown>\n#14 0x55a7ad683e6f <unknown>\n#15 0x55a7ad6dc5f8 <unknown>\n#16 0x55a7ad6dc7c2 <unknown>\n#17 0x55a7ad6ee4a4 <unknown>\n#18 0x7f1a2ac17134 <unknown>","time":{"start":1708305033484,"stop":1708305033924,"duration":440}},{"uid":"392c5fe7ab21387e","reportUrl":"https://zaelcovsky.github.io/StroyremAutomation/236//#testresult/392c5fe7ab21387e","status":"broken","statusDetails":"selenium.common.exceptions.NoSuchElementException: Message: no such element: Unable to locate element: {\"method\":\"xpath\",\"selector\":\"(//a[@class='add-to-cart yellow-btn'])[1]\"}\n  (Session info: chrome-headless-shell=121.0.6167.184); For documentation on this error, please visit: https://www.selenium.dev/documentation/webdriver/troubleshooting/errors#no-such-element-exception\nStacktrace:\n#0 0x5643144c8303 <unknown>\n#1 0x5643141ad2b7 <unknown>\n#2 0x5643141f8cc0 <unknown>\n#3 0x5643141f8db1 <unknown>\n#4 0x56431423cb44 <unknown>\n#5 0x56431421b3ad <unknown>\n#6 0x56431423a07c <unknown>\n#7 0x56431421b123 <unknown>\n#8 0x5643141eb095 <unknown>\n#9 0x5643141ec09e <unknown>\n#10 0x56431448c6ab <unknown>\n#11 0x5643144904ba <unknown>\n#12 0x564314478f85 <unknown>\n#13 0x56431449112f <unknown>\n#14 0x56431445ce6f <unknown>\n#15 0x5643144b55f8 <unknown>\n#16 0x5643144b57c2 <unknown>\n#17 0x5643144c74a4 <unknown>\n#18 0x7f6218ecd134 <unknown>","time":{"start":1708218718810,"stop":1708218719148,"duration":338}}]},"tags":["smoke"]},"source":"7cc294fbc9964188.json","parameterValues":["5980","166","'TD 022'","5490","'products/shtukaturka-gipsovaya-aksolit-m50-30-kg-mashinnogo-naneseniya'","2800","'https://sandboxtest.stroyrem-nn.ru/'","5000"]}