{"uid":"128b6d518eb6ff3e","name":"TD 022 Доставка товара весом до 5000кг. в синей зоне","fullName":"tests.delivery.test_delivery_calculation.TestDeliveryPageCalculation#test_positive_delivery_blue_zone_smoke","historyId":"88e507e8c34e246e904b871854b91bc0","time":{"start":1695085781565,"stop":1695085781966,"duration":401},"status":"broken","statusMessage":"selenium.common.exceptions.NoSuchElementException: Message: no such element: Unable to locate element: {\"method\":\"xpath\",\"selector\":\"(//a[@class='add-to-cart yellow-btn'])[1]\"}\n  (Session info: headless chrome=117.0.5938.88); For documentation on this error, please visit: https://www.selenium.dev/documentation/webdriver/troubleshooting/errors#no-such-element-exception\nStacktrace:\n#0 0x563f205136c3 <unknown>\n#1 0x563f201e91e7 <unknown>\n#2 0x563f20230566 <unknown>\n#3 0x563f20230651 <unknown>\n#4 0x563f2026da74 <unknown>\n#5 0x563f202520ed <unknown>\n#6 0x563f2026b322 <unknown>\n#7 0x563f20251e93 <unknown>\n#8 0x563f20224934 <unknown>\n#9 0x563f2022571e <unknown>\n#10 0x563f204d8cc8 <unknown>\n#11 0x563f204dcc00 <unknown>\n#12 0x563f204e71ac <unknown>\n#13 0x563f204dd818 <unknown>\n#14 0x563f204aa28f <unknown>\n#15 0x563f20501e98 <unknown>\n#16 0x563f20502069 <unknown>\n#17 0x563f20512853 <unknown>\n#18 0x7f9705577044 <unknown>","statusTrace":"self = <tests.delivery.test_delivery_calculation.TestDeliveryPageCalculation object at 0x7f1f2de3af50>\ndriver = <selenium.webdriver.chrome.webdriver.WebDriver (session=\"fa7713584f2e468c5e30fbe060fd9d9a\")>\nurl = 'https://sandboxtest.stroyrem-nn.ru/', case_id = 'TD 022'\nlink_item = 'products/shtukaturka-gipsovaya-aksolit-m50-30-kg-mashinnogo-naneseniya'\namount = 166, weight = 5000, standard = 2800, in_time = 5490, all_time = 5980\n\n    @pytest.mark.parametrize('case_id, link_item, amount, weight, standard, in_time, all_time', [\n        (\"TD 015\", bundeks_25, 1, 30, 650, 2390, 3320),\n        pytest.param(\n            \"TD 016\", aksolit_30, 8, 300, 650, 2390, 3320,\n            marks=pytest.mark.xfail(reson=\"Цена доставки: - - -\")\n        ),\n        (\"TD 017\", aksolit_30, 13, 400, 650, 2390, 3320),\n        (\"TD 018\", aksolit_30, 16, 500, 850, 2490, 3320),\n        (\"TD 019\", aksolit_30, 25, 1700, 1150, 2490, 3320),\n        (\"TD 020\", aksolit_30, 66, 2000, 1500, 2990, 3650),\n        (\"TD 021\", aksolit_30, 149, 4500, 2600, 4380, 4890),\n        (\"TD 022\", aksolit_30, 166, 5000, 2800, 5490, 5980),\n        pytest.param(\n            \"TD 023\", aksolit_30, 206, 6200, 3300, 7500, 8000,\n            marks=pytest.mark.xfail(reson=\"Цена доставки: 4300 9900 11440\")\n        ),\n        (\"TD 024\", aksolit_30, 299, 9000, 4300, 9900, 11440),\n        (\"TD 025\", aksolit_30, 333, 10000, 7000, 13900, 15900),\n        pytest.param(\n            \"TD 026\", aksolit_30, 366, 11000, 8000, 14900, 19900,\n            marks=pytest.mark.xfail(reson=\"Цена доставки: 7000 13900 15900\")\n        ),\n        pytest.param(\n            \"TD 027\", aksolit_30, 666, 20000, 14000, 16900, 23900,\n            marks=pytest.mark.xfail(reson=\"Цена доставки: 7000 13900 15900\")\n        )\n    ])\n    @pytest.mark.smoke\n    def test_positive_delivery_blue_zone_smoke(\n            self, driver, url, case_id, link_item, amount, weight, standard, in_time, all_time\n    ):\n        allure.dynamic.title(f\"{case_id} Доставка товара весом до {weight}кг. в синей зоне\")\n    \n        driver.get(f'{url}{link_item}')\n        item_page = ItemPage(driver)\n>       item_page.add_item_to_cart(amount).click_on_cart()\n\ntests/delivery/test_delivery_calculation.py:130: \n_ _ _ _ _ _ _ _ _ _ _ _ _ _ _ _ _ _ _ _ _ _ _ _ _ _ _ _ _ _ _ _ _ _ _ _ _ _ _ _ \npages/item_page.py:40: in add_item_to_cart\n    self.find_element(self._add_item).click()\nbase/seleniumbase.py:17: in find_element\n    return self.driver.find_element(*locator)\n/usr/local/lib/python3.11/site-packages/selenium/webdriver/remote/webdriver.py:740: in find_element\n    return self.execute(Command.FIND_ELEMENT, {\"using\": by, \"value\": value})[\"value\"]\n/usr/local/lib/python3.11/site-packages/selenium/webdriver/remote/webdriver.py:346: in execute\n    self.error_handler.check_response(response)\n_ _ _ _ _ _ _ _ _ _ _ _ _ _ _ _ _ _ _ _ _ _ _ _ _ _ _ _ _ _ _ _ _ _ _ _ _ _ _ _ \n\nself = <selenium.webdriver.remote.errorhandler.ErrorHandler object at 0x7f1f2e217310>\nresponse = {'status': 404, 'value': '{\"value\":{\"error\":\"no such element\",\"message\":\"no such element: Unable to locate element: {\\...\\\\n#16 0x563f20502069 \\\\u003Cunknown>\\\\n#17 0x563f20512853 \\\\u003Cunknown>\\\\n#18 0x7f9705577044 \\\\u003Cunknown>\\\\n\"}}'}\n\n    def check_response(self, response: Dict[str, Any]) -> None:\n        \"\"\"Checks that a JSON response from the WebDriver does not have an\n        error.\n    \n        :Args:\n         - response - The JSON response from the WebDriver server as a dictionary\n           object.\n    \n        :Raises: If the response contains an error message.\n        \"\"\"\n        status = response.get(\"status\", None)\n        if not status or status == ErrorCode.SUCCESS:\n            return\n        value = None\n        message = response.get(\"message\", \"\")\n        screen: str = response.get(\"screen\", \"\")\n        stacktrace = None\n        if isinstance(status, int):\n            value_json = response.get(\"value\", None)\n            if value_json and isinstance(value_json, str):\n                import json\n    \n                try:\n                    value = json.loads(value_json)\n                    if len(value) == 1:\n                        value = value[\"value\"]\n                    status = value.get(\"error\", None)\n                    if not status:\n                        status = value.get(\"status\", ErrorCode.UNKNOWN_ERROR)\n                        message = value.get(\"value\") or value.get(\"message\")\n                        if not isinstance(message, str):\n                            value = message\n                            message = message.get(\"message\")\n                    else:\n                        message = value.get(\"message\", None)\n                except ValueError:\n                    pass\n    \n        exception_class: Type[WebDriverException]\n        if status in ErrorCode.NO_SUCH_ELEMENT:\n            exception_class = NoSuchElementException\n        elif status in ErrorCode.NO_SUCH_FRAME:\n            exception_class = NoSuchFrameException\n        elif status in ErrorCode.NO_SUCH_SHADOW_ROOT:\n            exception_class = NoSuchShadowRootException\n        elif status in ErrorCode.NO_SUCH_WINDOW:\n            exception_class = NoSuchWindowException\n        elif status in ErrorCode.STALE_ELEMENT_REFERENCE:\n            exception_class = StaleElementReferenceException\n        elif status in ErrorCode.ELEMENT_NOT_VISIBLE:\n            exception_class = ElementNotVisibleException\n        elif status in ErrorCode.INVALID_ELEMENT_STATE:\n            exception_class = InvalidElementStateException\n        elif (\n            status in ErrorCode.INVALID_SELECTOR\n            or status in ErrorCode.INVALID_XPATH_SELECTOR\n            or status in ErrorCode.INVALID_XPATH_SELECTOR_RETURN_TYPER\n        ):\n            exception_class = InvalidSelectorException\n        elif status in ErrorCode.ELEMENT_IS_NOT_SELECTABLE:\n            exception_class = ElementNotSelectableException\n        elif status in ErrorCode.ELEMENT_NOT_INTERACTABLE:\n            exception_class = ElementNotInteractableException\n        elif status in ErrorCode.INVALID_COOKIE_DOMAIN:\n            exception_class = InvalidCookieDomainException\n        elif status in ErrorCode.UNABLE_TO_SET_COOKIE:\n            exception_class = UnableToSetCookieException\n        elif status in ErrorCode.TIMEOUT:\n            exception_class = TimeoutException\n        elif status in ErrorCode.SCRIPT_TIMEOUT:\n            exception_class = TimeoutException\n        elif status in ErrorCode.UNKNOWN_ERROR:\n            exception_class = WebDriverException\n        elif status in ErrorCode.UNEXPECTED_ALERT_OPEN:\n            exception_class = UnexpectedAlertPresentException\n        elif status in ErrorCode.NO_ALERT_OPEN:\n            exception_class = NoAlertPresentException\n        elif status in ErrorCode.IME_NOT_AVAILABLE:\n            exception_class = ImeNotAvailableException\n        elif status in ErrorCode.IME_ENGINE_ACTIVATION_FAILED:\n            exception_class = ImeActivationFailedException\n        elif status in ErrorCode.MOVE_TARGET_OUT_OF_BOUNDS:\n            exception_class = MoveTargetOutOfBoundsException\n        elif status in ErrorCode.JAVASCRIPT_ERROR:\n            exception_class = JavascriptException\n        elif status in ErrorCode.SESSION_NOT_CREATED:\n            exception_class = SessionNotCreatedException\n        elif status in ErrorCode.INVALID_ARGUMENT:\n            exception_class = InvalidArgumentException\n        elif status in ErrorCode.NO_SUCH_COOKIE:\n            exception_class = NoSuchCookieException\n        elif status in ErrorCode.UNABLE_TO_CAPTURE_SCREEN:\n            exception_class = ScreenshotException\n        elif status in ErrorCode.ELEMENT_CLICK_INTERCEPTED:\n            exception_class = ElementClickInterceptedException\n        elif status in ErrorCode.INSECURE_CERTIFICATE:\n            exception_class = InsecureCertificateException\n        elif status in ErrorCode.INVALID_COORDINATES:\n            exception_class = InvalidCoordinatesException\n        elif status in ErrorCode.INVALID_SESSION_ID:\n            exception_class = InvalidSessionIdException\n        elif status in ErrorCode.UNKNOWN_METHOD:\n            exception_class = UnknownMethodException\n        else:\n            exception_class = WebDriverException\n        if not value:\n            value = response[\"value\"]\n        if isinstance(value, str):\n            raise exception_class(value)\n        if message == \"\" and \"message\" in value:\n            message = value[\"message\"]\n    \n        screen = None  # type: ignore[assignment]\n        if \"screen\" in value:\n            screen = value[\"screen\"]\n    \n        stacktrace = None\n        st_value = value.get(\"stackTrace\") or value.get(\"stacktrace\")\n        if st_value:\n            if isinstance(st_value, str):\n                stacktrace = st_value.split(\"\\n\")\n            else:\n                stacktrace = []\n                try:\n                    for frame in st_value:\n                        line = frame.get(\"lineNumber\", \"\")\n                        file = frame.get(\"fileName\", \"<anonymous>\")\n                        if line:\n                            file = f\"{file}:{line}\"\n                        meth = frame.get(\"methodName\", \"<anonymous>\")\n                        if \"className\" in frame:\n                            meth = f\"{frame['className']}.{meth}\"\n                        msg = \"    at %s (%s)\"\n                        msg = msg % (meth, file)\n                        stacktrace.append(msg)\n                except TypeError:\n                    pass\n        if exception_class == UnexpectedAlertPresentException:\n            alert_text = None\n            if \"data\" in value:\n                alert_text = value[\"data\"].get(\"text\")\n            elif \"alert\" in value:\n                alert_text = value[\"alert\"].get(\"text\")\n            raise exception_class(message, screen, stacktrace, alert_text)  # type: ignore[call-arg]  # mypy is not smart enough here\n>       raise exception_class(message, screen, stacktrace)\nE       selenium.common.exceptions.NoSuchElementException: Message: no such element: Unable to locate element: {\"method\":\"xpath\",\"selector\":\"(//a[@class='add-to-cart yellow-btn'])[1]\"}\nE         (Session info: headless chrome=117.0.5938.88); For documentation on this error, please visit: https://www.selenium.dev/documentation/webdriver/troubleshooting/errors#no-such-element-exception\nE       Stacktrace:\nE       #0 0x563f205136c3 <unknown>\nE       #1 0x563f201e91e7 <unknown>\nE       #2 0x563f20230566 <unknown>\nE       #3 0x563f20230651 <unknown>\nE       #4 0x563f2026da74 <unknown>\nE       #5 0x563f202520ed <unknown>\nE       #6 0x563f2026b322 <unknown>\nE       #7 0x563f20251e93 <unknown>\nE       #8 0x563f20224934 <unknown>\nE       #9 0x563f2022571e <unknown>\nE       #10 0x563f204d8cc8 <unknown>\nE       #11 0x563f204dcc00 <unknown>\nE       #12 0x563f204e71ac <unknown>\nE       #13 0x563f204dd818 <unknown>\nE       #14 0x563f204aa28f <unknown>\nE       #15 0x563f20501e98 <unknown>\nE       #16 0x563f20502069 <unknown>\nE       #17 0x563f20512853 <unknown>\nE       #18 0x7f9705577044 <unknown>\n\n/usr/local/lib/python3.11/site-packages/selenium/webdriver/remote/errorhandler.py:245: NoSuchElementException","flaky":false,"newFailed":false,"newBroken":false,"newPassed":false,"retriesCount":0,"retriesStatusChange":false,"beforeStages":[{"name":"_session_faker","time":{"start":1695085253188,"stop":1695085253268,"duration":80},"status":"passed","steps":[],"attachments":[],"parameters":[],"shouldDisplayMessage":false,"stepsCount":0,"attachmentsCount":0,"hasContent":false},{"name":"clear_allure_results_folder","time":{"start":1695085253268,"stop":1695085253268,"duration":0},"status":"passed","steps":[],"attachments":[],"parameters":[],"shouldDisplayMessage":false,"stepsCount":0,"attachmentsCount":0,"hasContent":false},{"name":"driver","time":{"start":1695085780798,"stop":1695085781564,"duration":766},"status":"passed","steps":[],"attachments":[],"parameters":[],"shouldDisplayMessage":false,"stepsCount":0,"attachmentsCount":0,"hasContent":false},{"name":"setup","time":{"start":1695085781564,"stop":1695085781564,"duration":0},"status":"passed","steps":[],"attachments":[],"parameters":[],"shouldDisplayMessage":false,"stepsCount":0,"attachmentsCount":0,"hasContent":false}],"testStage":{"status":"broken","statusMessage":"selenium.common.exceptions.NoSuchElementException: Message: no such element: Unable to locate element: {\"method\":\"xpath\",\"selector\":\"(//a[@class='add-to-cart yellow-btn'])[1]\"}\n  (Session info: headless chrome=117.0.5938.88); For documentation on this error, please visit: https://www.selenium.dev/documentation/webdriver/troubleshooting/errors#no-such-element-exception\nStacktrace:\n#0 0x563f205136c3 <unknown>\n#1 0x563f201e91e7 <unknown>\n#2 0x563f20230566 <unknown>\n#3 0x563f20230651 <unknown>\n#4 0x563f2026da74 <unknown>\n#5 0x563f202520ed <unknown>\n#6 0x563f2026b322 <unknown>\n#7 0x563f20251e93 <unknown>\n#8 0x563f20224934 <unknown>\n#9 0x563f2022571e <unknown>\n#10 0x563f204d8cc8 <unknown>\n#11 0x563f204dcc00 <unknown>\n#12 0x563f204e71ac <unknown>\n#13 0x563f204dd818 <unknown>\n#14 0x563f204aa28f <unknown>\n#15 0x563f20501e98 <unknown>\n#16 0x563f20502069 <unknown>\n#17 0x563f20512853 <unknown>\n#18 0x7f9705577044 <unknown>","statusTrace":"self = <tests.delivery.test_delivery_calculation.TestDeliveryPageCalculation object at 0x7f1f2de3af50>\ndriver = <selenium.webdriver.chrome.webdriver.WebDriver (session=\"fa7713584f2e468c5e30fbe060fd9d9a\")>\nurl = 'https://sandboxtest.stroyrem-nn.ru/', case_id = 'TD 022'\nlink_item = 'products/shtukaturka-gipsovaya-aksolit-m50-30-kg-mashinnogo-naneseniya'\namount = 166, weight = 5000, standard = 2800, in_time = 5490, all_time = 5980\n\n    @pytest.mark.parametrize('case_id, link_item, amount, weight, standard, in_time, all_time', [\n        (\"TD 015\", bundeks_25, 1, 30, 650, 2390, 3320),\n        pytest.param(\n            \"TD 016\", aksolit_30, 8, 300, 650, 2390, 3320,\n            marks=pytest.mark.xfail(reson=\"Цена доставки: - - -\")\n        ),\n        (\"TD 017\", aksolit_30, 13, 400, 650, 2390, 3320),\n        (\"TD 018\", aksolit_30, 16, 500, 850, 2490, 3320),\n        (\"TD 019\", aksolit_30, 25, 1700, 1150, 2490, 3320),\n        (\"TD 020\", aksolit_30, 66, 2000, 1500, 2990, 3650),\n        (\"TD 021\", aksolit_30, 149, 4500, 2600, 4380, 4890),\n        (\"TD 022\", aksolit_30, 166, 5000, 2800, 5490, 5980),\n        pytest.param(\n            \"TD 023\", aksolit_30, 206, 6200, 3300, 7500, 8000,\n            marks=pytest.mark.xfail(reson=\"Цена доставки: 4300 9900 11440\")\n        ),\n        (\"TD 024\", aksolit_30, 299, 9000, 4300, 9900, 11440),\n        (\"TD 025\", aksolit_30, 333, 10000, 7000, 13900, 15900),\n        pytest.param(\n            \"TD 026\", aksolit_30, 366, 11000, 8000, 14900, 19900,\n            marks=pytest.mark.xfail(reson=\"Цена доставки: 7000 13900 15900\")\n        ),\n        pytest.param(\n            \"TD 027\", aksolit_30, 666, 20000, 14000, 16900, 23900,\n            marks=pytest.mark.xfail(reson=\"Цена доставки: 7000 13900 15900\")\n        )\n    ])\n    @pytest.mark.smoke\n    def test_positive_delivery_blue_zone_smoke(\n            self, driver, url, case_id, link_item, amount, weight, standard, in_time, all_time\n    ):\n        allure.dynamic.title(f\"{case_id} Доставка товара весом до {weight}кг. в синей зоне\")\n    \n        driver.get(f'{url}{link_item}')\n        item_page = ItemPage(driver)\n>       item_page.add_item_to_cart(amount).click_on_cart()\n\ntests/delivery/test_delivery_calculation.py:130: \n_ _ _ _ _ _ _ _ _ _ _ _ _ _ _ _ _ _ _ _ _ _ _ _ _ _ _ _ _ _ _ _ _ _ _ _ _ _ _ _ \npages/item_page.py:40: in add_item_to_cart\n    self.find_element(self._add_item).click()\nbase/seleniumbase.py:17: in find_element\n    return self.driver.find_element(*locator)\n/usr/local/lib/python3.11/site-packages/selenium/webdriver/remote/webdriver.py:740: in find_element\n    return self.execute(Command.FIND_ELEMENT, {\"using\": by, \"value\": value})[\"value\"]\n/usr/local/lib/python3.11/site-packages/selenium/webdriver/remote/webdriver.py:346: in execute\n    self.error_handler.check_response(response)\n_ _ _ _ _ _ _ _ _ _ _ _ _ _ _ _ _ _ _ _ _ _ _ _ _ _ _ _ _ _ _ _ _ _ _ _ _ _ _ _ \n\nself = <selenium.webdriver.remote.errorhandler.ErrorHandler object at 0x7f1f2e217310>\nresponse = {'status': 404, 'value': '{\"value\":{\"error\":\"no such element\",\"message\":\"no such element: Unable to locate element: {\\...\\\\n#16 0x563f20502069 \\\\u003Cunknown>\\\\n#17 0x563f20512853 \\\\u003Cunknown>\\\\n#18 0x7f9705577044 \\\\u003Cunknown>\\\\n\"}}'}\n\n    def check_response(self, response: Dict[str, Any]) -> None:\n        \"\"\"Checks that a JSON response from the WebDriver does not have an\n        error.\n    \n        :Args:\n         - response - The JSON response from the WebDriver server as a dictionary\n           object.\n    \n        :Raises: If the response contains an error message.\n        \"\"\"\n        status = response.get(\"status\", None)\n        if not status or status == ErrorCode.SUCCESS:\n            return\n        value = None\n        message = response.get(\"message\", \"\")\n        screen: str = response.get(\"screen\", \"\")\n        stacktrace = None\n        if isinstance(status, int):\n            value_json = response.get(\"value\", None)\n            if value_json and isinstance(value_json, str):\n                import json\n    \n                try:\n                    value = json.loads(value_json)\n                    if len(value) == 1:\n                        value = value[\"value\"]\n                    status = value.get(\"error\", None)\n                    if not status:\n                        status = value.get(\"status\", ErrorCode.UNKNOWN_ERROR)\n                        message = value.get(\"value\") or value.get(\"message\")\n                        if not isinstance(message, str):\n                            value = message\n                            message = message.get(\"message\")\n                    else:\n                        message = value.get(\"message\", None)\n                except ValueError:\n                    pass\n    \n        exception_class: Type[WebDriverException]\n        if status in ErrorCode.NO_SUCH_ELEMENT:\n            exception_class = NoSuchElementException\n        elif status in ErrorCode.NO_SUCH_FRAME:\n            exception_class = NoSuchFrameException\n        elif status in ErrorCode.NO_SUCH_SHADOW_ROOT:\n            exception_class = NoSuchShadowRootException\n        elif status in ErrorCode.NO_SUCH_WINDOW:\n            exception_class = NoSuchWindowException\n        elif status in ErrorCode.STALE_ELEMENT_REFERENCE:\n            exception_class = StaleElementReferenceException\n        elif status in ErrorCode.ELEMENT_NOT_VISIBLE:\n            exception_class = ElementNotVisibleException\n        elif status in ErrorCode.INVALID_ELEMENT_STATE:\n            exception_class = InvalidElementStateException\n        elif (\n            status in ErrorCode.INVALID_SELECTOR\n            or status in ErrorCode.INVALID_XPATH_SELECTOR\n            or status in ErrorCode.INVALID_XPATH_SELECTOR_RETURN_TYPER\n        ):\n            exception_class = InvalidSelectorException\n        elif status in ErrorCode.ELEMENT_IS_NOT_SELECTABLE:\n            exception_class = ElementNotSelectableException\n        elif status in ErrorCode.ELEMENT_NOT_INTERACTABLE:\n            exception_class = ElementNotInteractableException\n        elif status in ErrorCode.INVALID_COOKIE_DOMAIN:\n            exception_class = InvalidCookieDomainException\n        elif status in ErrorCode.UNABLE_TO_SET_COOKIE:\n            exception_class = UnableToSetCookieException\n        elif status in ErrorCode.TIMEOUT:\n            exception_class = TimeoutException\n        elif status in ErrorCode.SCRIPT_TIMEOUT:\n            exception_class = TimeoutException\n        elif status in ErrorCode.UNKNOWN_ERROR:\n            exception_class = WebDriverException\n        elif status in ErrorCode.UNEXPECTED_ALERT_OPEN:\n            exception_class = UnexpectedAlertPresentException\n        elif status in ErrorCode.NO_ALERT_OPEN:\n            exception_class = NoAlertPresentException\n        elif status in ErrorCode.IME_NOT_AVAILABLE:\n            exception_class = ImeNotAvailableException\n        elif status in ErrorCode.IME_ENGINE_ACTIVATION_FAILED:\n            exception_class = ImeActivationFailedException\n        elif status in ErrorCode.MOVE_TARGET_OUT_OF_BOUNDS:\n            exception_class = MoveTargetOutOfBoundsException\n        elif status in ErrorCode.JAVASCRIPT_ERROR:\n            exception_class = JavascriptException\n        elif status in ErrorCode.SESSION_NOT_CREATED:\n            exception_class = SessionNotCreatedException\n        elif status in ErrorCode.INVALID_ARGUMENT:\n            exception_class = InvalidArgumentException\n        elif status in ErrorCode.NO_SUCH_COOKIE:\n            exception_class = NoSuchCookieException\n        elif status in ErrorCode.UNABLE_TO_CAPTURE_SCREEN:\n            exception_class = ScreenshotException\n        elif status in ErrorCode.ELEMENT_CLICK_INTERCEPTED:\n            exception_class = ElementClickInterceptedException\n        elif status in ErrorCode.INSECURE_CERTIFICATE:\n            exception_class = InsecureCertificateException\n        elif status in ErrorCode.INVALID_COORDINATES:\n            exception_class = InvalidCoordinatesException\n        elif status in ErrorCode.INVALID_SESSION_ID:\n            exception_class = InvalidSessionIdException\n        elif status in ErrorCode.UNKNOWN_METHOD:\n            exception_class = UnknownMethodException\n        else:\n            exception_class = WebDriverException\n        if not value:\n            value = response[\"value\"]\n        if isinstance(value, str):\n            raise exception_class(value)\n        if message == \"\" and \"message\" in value:\n            message = value[\"message\"]\n    \n        screen = None  # type: ignore[assignment]\n        if \"screen\" in value:\n            screen = value[\"screen\"]\n    \n        stacktrace = None\n        st_value = value.get(\"stackTrace\") or value.get(\"stacktrace\")\n        if st_value:\n            if isinstance(st_value, str):\n                stacktrace = st_value.split(\"\\n\")\n            else:\n                stacktrace = []\n                try:\n                    for frame in st_value:\n                        line = frame.get(\"lineNumber\", \"\")\n                        file = frame.get(\"fileName\", \"<anonymous>\")\n                        if line:\n                            file = f\"{file}:{line}\"\n                        meth = frame.get(\"methodName\", \"<anonymous>\")\n                        if \"className\" in frame:\n                            meth = f\"{frame['className']}.{meth}\"\n                        msg = \"    at %s (%s)\"\n                        msg = msg % (meth, file)\n                        stacktrace.append(msg)\n                except TypeError:\n                    pass\n        if exception_class == UnexpectedAlertPresentException:\n            alert_text = None\n            if \"data\" in value:\n                alert_text = value[\"data\"].get(\"text\")\n            elif \"alert\" in value:\n                alert_text = value[\"alert\"].get(\"text\")\n            raise exception_class(message, screen, stacktrace, alert_text)  # type: ignore[call-arg]  # mypy is not smart enough here\n>       raise exception_class(message, screen, stacktrace)\nE       selenium.common.exceptions.NoSuchElementException: Message: no such element: Unable to locate element: {\"method\":\"xpath\",\"selector\":\"(//a[@class='add-to-cart yellow-btn'])[1]\"}\nE         (Session info: headless chrome=117.0.5938.88); For documentation on this error, please visit: https://www.selenium.dev/documentation/webdriver/troubleshooting/errors#no-such-element-exception\nE       Stacktrace:\nE       #0 0x563f205136c3 <unknown>\nE       #1 0x563f201e91e7 <unknown>\nE       #2 0x563f20230566 <unknown>\nE       #3 0x563f20230651 <unknown>\nE       #4 0x563f2026da74 <unknown>\nE       #5 0x563f202520ed <unknown>\nE       #6 0x563f2026b322 <unknown>\nE       #7 0x563f20251e93 <unknown>\nE       #8 0x563f20224934 <unknown>\nE       #9 0x563f2022571e <unknown>\nE       #10 0x563f204d8cc8 <unknown>\nE       #11 0x563f204dcc00 <unknown>\nE       #12 0x563f204e71ac <unknown>\nE       #13 0x563f204dd818 <unknown>\nE       #14 0x563f204aa28f <unknown>\nE       #15 0x563f20501e98 <unknown>\nE       #16 0x563f20502069 <unknown>\nE       #17 0x563f20512853 <unknown>\nE       #18 0x7f9705577044 <unknown>\n\n/usr/local/lib/python3.11/site-packages/selenium/webdriver/remote/errorhandler.py:245: NoSuchElementException","steps":[{"name":"Добавляем товар в корзину в количестве 166","time":{"start":1695085781950,"stop":1695085781965,"duration":15},"status":"broken","statusMessage":"selenium.common.exceptions.NoSuchElementException: Message: no such element: Unable to locate element: {\"method\":\"xpath\",\"selector\":\"(//a[@class='add-to-cart yellow-btn'])[1]\"}\n  (Session info: headless chrome=117.0.5938.88); For documentation on this error, please visit: https://www.selenium.dev/documentation/webdriver/troubleshooting/errors#no-such-element-exception\nStacktrace:\n#0 0x563f205136c3 <unknown>\n#1 0x563f201e91e7 <unknown>\n#2 0x563f20230566 <unknown>\n#3 0x563f20230651 <unknown>\n#4 0x563f2026da74 <unknown>\n#5 0x563f202520ed <unknown>\n#6 0x563f2026b322 <unknown>\n#7 0x563f20251e93 <unknown>\n#8 0x563f20224934 <unknown>\n#9 0x563f2022571e <unknown>\n#10 0x563f204d8cc8 <unknown>\n#11 0x563f204dcc00 <unknown>\n#12 0x563f204e71ac <unknown>\n#13 0x563f204dd818 <unknown>\n#14 0x563f204aa28f <unknown>\n#15 0x563f20501e98 <unknown>\n#16 0x563f20502069 <unknown>\n#17 0x563f20512853 <unknown>\n#18 0x7f9705577044 <unknown>\n\n","statusTrace":"  File \"/usr/local/lib/python3.11/site-packages/allure_commons/_allure.py\", line 192, in impl\n    return func(*a, **kw)\n           ^^^^^^^^^^^^^^\n  File \"/app/pages/item_page.py\", line 40, in add_item_to_cart\n    self.find_element(self._add_item).click()\n    ^^^^^^^^^^^^^^^^^^^^^^^^^^^^^^^^^\n  File \"/app/base/seleniumbase.py\", line 17, in find_element\n    return self.driver.find_element(*locator)\n           ^^^^^^^^^^^^^^^^^^^^^^^^^^^^^^^^^^\n  File \"/usr/local/lib/python3.11/site-packages/selenium/webdriver/remote/webdriver.py\", line 740, in find_element\n    return self.execute(Command.FIND_ELEMENT, {\"using\": by, \"value\": value})[\"value\"]\n           ^^^^^^^^^^^^^^^^^^^^^^^^^^^^^^^^^^^^^^^^^^^^^^^^^^^^^^^^^^^^^^^^^\n  File \"/usr/local/lib/python3.11/site-packages/selenium/webdriver/remote/webdriver.py\", line 346, in execute\n    self.error_handler.check_response(response)\n  File \"/usr/local/lib/python3.11/site-packages/selenium/webdriver/remote/errorhandler.py\", line 245, in check_response\n    raise exception_class(message, screen, stacktrace)\n","steps":[],"attachments":[],"parameters":[{"name":"amount","value":"166"}],"shouldDisplayMessage":true,"stepsCount":0,"attachmentsCount":0,"hasContent":true}],"attachments":[{"uid":"e2c992061436d9b6","name":"Screenshot","source":"e2c992061436d9b6.png","type":"image/png","size":39917},{"uid":"8cd966036594509b","name":"HTML source","source":"8cd966036594509b.html","type":"text/html","size":544}],"parameters":[],"shouldDisplayMessage":true,"stepsCount":1,"attachmentsCount":2,"hasContent":true},"afterStages":[{"name":"setup::0","time":{"start":1695085782090,"stop":1695085782090,"duration":0},"status":"passed","steps":[],"attachments":[],"parameters":[],"shouldDisplayMessage":false,"stepsCount":0,"attachmentsCount":0,"hasContent":false},{"name":"driver::0","time":{"start":1695085782091,"stop":1695085782145,"duration":54},"status":"passed","steps":[],"attachments":[],"parameters":[],"shouldDisplayMessage":false,"stepsCount":0,"attachmentsCount":0,"hasContent":false}],"labels":[{"name":"epic","value":"Delivery Page - calculation"},{"name":"tag","value":"smoke"},{"name":"parentSuite","value":"tests.delivery"},{"name":"suite","value":"test_delivery_calculation"},{"name":"subSuite","value":"TestDeliveryPageCalculation"},{"name":"host","value":"b190833cf6a7"},{"name":"thread","value":"1-MainThread"},{"name":"framework","value":"pytest"},{"name":"language","value":"cpython3"},{"name":"package","value":"tests.delivery.test_delivery_calculation"},{"name":"resultFormat","value":"allure2"}],"parameters":[{"name":"all_time","value":"5980"},{"name":"amount","value":"166"},{"name":"case_id","value":"'TD 022'"},{"name":"in_time","value":"5490"},{"name":"link_item","value":"'products/shtukaturka-gipsovaya-aksolit-m50-30-kg-mashinnogo-naneseniya'"},{"name":"standard","value":"2800"},{"name":"url","value":"'https://sandboxtest.stroyrem-nn.ru/'"},{"name":"weight","value":"5000"}],"links":[],"hidden":false,"retry":false,"extra":{"severity":"normal","retries":[],"categories":[{"name":"Test defects","matchedStatuses":[],"flaky":false}],"history":{"statistic":{"failed":0,"broken":20,"skipped":0,"passed":0,"unknown":0,"total":20},"items":[{"uid":"901083bd2775e4dd","reportUrl":"https://zaelcovsky.github.io/StroyremAutomation/83//#testresult/901083bd2775e4dd","status":"broken","statusDetails":"selenium.common.exceptions.NoSuchElementException: Message: no such element: Unable to locate element: {\"method\":\"xpath\",\"selector\":\"(//a[@class='add-to-cart yellow-btn'])[1]\"}\n  (Session info: headless chrome=117.0.5938.88); For documentation on this error, please visit: https://www.selenium.dev/documentation/webdriver/troubleshooting/errors#no-such-element-exception\nStacktrace:\n#0 0x559b9c3dd6c3 <unknown>\n#1 0x559b9c0b31e7 <unknown>\n#2 0x559b9c0fa566 <unknown>\n#3 0x559b9c0fa651 <unknown>\n#4 0x559b9c137a74 <unknown>\n#5 0x559b9c11c0ed <unknown>\n#6 0x559b9c135322 <unknown>\n#7 0x559b9c11be93 <unknown>\n#8 0x559b9c0ee934 <unknown>\n#9 0x559b9c0ef71e <unknown>\n#10 0x559b9c3a2cc8 <unknown>\n#11 0x559b9c3a6c00 <unknown>\n#12 0x559b9c3b11ac <unknown>\n#13 0x559b9c3a7818 <unknown>\n#14 0x559b9c37428f <unknown>\n#15 0x559b9c3cbe98 <unknown>\n#16 0x559b9c3cc069 <unknown>\n#17 0x559b9c3dc853 <unknown>\n#18 0x7f03dbc44044 <unknown>","time":{"start":1694999375072,"stop":1694999375749,"duration":677}},{"uid":"3f1fb0bce98e0ca8","reportUrl":"https://zaelcovsky.github.io/StroyremAutomation/82//#testresult/3f1fb0bce98e0ca8","status":"broken","statusDetails":"selenium.common.exceptions.NoSuchElementException: Message: no such element: Unable to locate element: {\"method\":\"xpath\",\"selector\":\"(//a[@class='add-to-cart yellow-btn'])[1]\"}\n  (Session info: headless chrome=117.0.5938.88); For documentation on this error, please visit: https://www.selenium.dev/documentation/webdriver/troubleshooting/errors#no-such-element-exception\nStacktrace:\n#0 0x55e9428666c3 <unknown>\n#1 0x55e94253c1e7 <unknown>\n#2 0x55e942583566 <unknown>\n#3 0x55e942583651 <unknown>\n#4 0x55e9425c0a74 <unknown>\n#5 0x55e9425a50ed <unknown>\n#6 0x55e9425be322 <unknown>\n#7 0x55e9425a4e93 <unknown>\n#8 0x55e942577934 <unknown>\n#9 0x55e94257871e <unknown>\n#10 0x55e94282bcc8 <unknown>\n#11 0x55e94282fc00 <unknown>\n#12 0x55e94283a1ac <unknown>\n#13 0x55e942830818 <unknown>\n#14 0x55e9427fd28f <unknown>\n#15 0x55e942854e98 <unknown>\n#16 0x55e942855069 <unknown>\n#17 0x55e942865853 <unknown>\n#18 0x7efd8429e044 <unknown>","time":{"start":1694913022282,"stop":1694913022737,"duration":455}},{"uid":"40b30e44f5459a26","reportUrl":"https://zaelcovsky.github.io/StroyremAutomation/81//#testresult/40b30e44f5459a26","status":"broken","statusDetails":"selenium.common.exceptions.NoSuchElementException: Message: no such element: Unable to locate element: {\"method\":\"xpath\",\"selector\":\"(//a[@class='add-to-cart yellow-btn'])[1]\"}\n  (Session info: headless chrome=117.0.5938.88); For documentation on this error, please visit: https://www.selenium.dev/documentation/webdriver/troubleshooting/errors#no-such-element-exception\nStacktrace:\n#0 0x5583a95d16c3 <unknown>\n#1 0x5583a92a71e7 <unknown>\n#2 0x5583a92ee566 <unknown>\n#3 0x5583a92ee651 <unknown>\n#4 0x5583a932ba74 <unknown>\n#5 0x5583a93100ed <unknown>\n#6 0x5583a9329322 <unknown>\n#7 0x5583a930fe93 <unknown>\n#8 0x5583a92e2934 <unknown>\n#9 0x5583a92e371e <unknown>\n#10 0x5583a9596cc8 <unknown>\n#11 0x5583a959ac00 <unknown>\n#12 0x5583a95a51ac <unknown>\n#13 0x5583a959b818 <unknown>\n#14 0x5583a956828f <unknown>\n#15 0x5583a95bfe98 <unknown>\n#16 0x5583a95c0069 <unknown>\n#17 0x5583a95d0853 <unknown>\n#18 0x7fc8da6a1044 <unknown>","time":{"start":1694826458747,"stop":1694826459396,"duration":649}},{"uid":"41baa19d9b90f9d1","reportUrl":"https://zaelcovsky.github.io/StroyremAutomation/80//#testresult/41baa19d9b90f9d1","status":"broken","statusDetails":"selenium.common.exceptions.NoSuchElementException: Message: no such element: Unable to locate element: {\"method\":\"xpath\",\"selector\":\"(//a[@class='add-to-cart yellow-btn'])[1]\"}\n  (Session info: headless chrome=117.0.5938.62); For documentation on this error, please visit: https://www.selenium.dev/documentation/webdriver/troubleshooting/errors#no-such-element-exception\nStacktrace:\n#0 0x556664906693 <unknown>\n#1 0x5566645dc1e7 <unknown>\n#2 0x556664623566 <unknown>\n#3 0x556664623651 <unknown>\n#4 0x556664660a74 <unknown>\n#5 0x5566646450ed <unknown>\n#6 0x55666465e322 <unknown>\n#7 0x556664644e93 <unknown>\n#8 0x556664617934 <unknown>\n#9 0x55666461871e <unknown>\n#10 0x5566648cbc98 <unknown>\n#11 0x5566648cfbd0 <unknown>\n#12 0x5566648da17c <unknown>\n#13 0x5566648d07e8 <unknown>\n#14 0x55666489d25f <unknown>\n#15 0x5566648f4e68 <unknown>\n#16 0x5566648f5039 <unknown>\n#17 0x556664905823 <unknown>\n#18 0x7f4292883044 <unknown>","time":{"start":1694740067656,"stop":1694740068233,"duration":577}},{"uid":"233ae47f15e5c15b","reportUrl":"https://zaelcovsky.github.io/StroyremAutomation/79//#testresult/233ae47f15e5c15b","status":"broken","statusDetails":"selenium.common.exceptions.NoSuchElementException: Message: no such element: Unable to locate element: {\"method\":\"xpath\",\"selector\":\"(//a[@class='add-to-cart yellow-btn'])[1]\"}\n  (Session info: headless chrome=117.0.5938.62); For documentation on this error, please visit: https://www.selenium.dev/documentation/webdriver/troubleshooting/errors#no-such-element-exception\nStacktrace:\n#0 0x55f351ff8693 <unknown>\n#1 0x55f351cce1e7 <unknown>\n#2 0x55f351d15566 <unknown>\n#3 0x55f351d15651 <unknown>\n#4 0x55f351d52a74 <unknown>\n#5 0x55f351d370ed <unknown>\n#6 0x55f351d50322 <unknown>\n#7 0x55f351d36e93 <unknown>\n#8 0x55f351d09934 <unknown>\n#9 0x55f351d0a71e <unknown>\n#10 0x55f351fbdc98 <unknown>\n#11 0x55f351fc1bd0 <unknown>\n#12 0x55f351fcc17c <unknown>\n#13 0x55f351fc27e8 <unknown>\n#14 0x55f351f8f25f <unknown>\n#15 0x55f351fe6e68 <unknown>\n#16 0x55f351fe7039 <unknown>\n#17 0x55f351ff7823 <unknown>\n#18 0x7f5152437044 <unknown>","time":{"start":1694653894359,"stop":1694653895053,"duration":694}},{"uid":"1431e5f769d435df","reportUrl":"https://zaelcovsky.github.io/StroyremAutomation/78//#testresult/1431e5f769d435df","status":"broken","statusDetails":"selenium.common.exceptions.NoSuchElementException: Message: no such element: Unable to locate element: {\"method\":\"xpath\",\"selector\":\"(//a[@class='add-to-cart yellow-btn'])[1]\"}\n  (Session info: headless chrome=117.0.5938.62); For documentation on this error, please visit: https://www.selenium.dev/documentation/webdriver/troubleshooting/errors#no-such-element-exception\nStacktrace:\n#0 0x559cb1518693 <unknown>\n#1 0x559cb11ee1e7 <unknown>\n#2 0x559cb1235566 <unknown>\n#3 0x559cb1235651 <unknown>\n#4 0x559cb1272a74 <unknown>\n#5 0x559cb12570ed <unknown>\n#6 0x559cb1270322 <unknown>\n#7 0x559cb1256e93 <unknown>\n#8 0x559cb1229934 <unknown>\n#9 0x559cb122a71e <unknown>\n#10 0x559cb14ddc98 <unknown>\n#11 0x559cb14e1bd0 <unknown>\n#12 0x559cb14ec17c <unknown>\n#13 0x559cb14e27e8 <unknown>\n#14 0x559cb14af25f <unknown>\n#15 0x559cb1506e68 <unknown>\n#16 0x559cb1507039 <unknown>\n#17 0x559cb1517823 <unknown>\n#18 0x7f401b724044 <unknown>","time":{"start":1694567380910,"stop":1694567381362,"duration":452}},{"uid":"b810031b9b937d1","reportUrl":"https://zaelcovsky.github.io/StroyremAutomation/77//#testresult/b810031b9b937d1","status":"broken","statusDetails":"selenium.common.exceptions.NoSuchElementException: Message: no such element: Unable to locate element: {\"method\":\"xpath\",\"selector\":\"(//a[@class='add-to-cart yellow-btn'])[1]\"}\n  (Session info: headless chrome=116.0.5845.96); For documentation on this error, please visit: https://www.selenium.dev/documentation/webdriver/troubleshooting/errors#no-such-element-exception\nStacktrace:\n#0 0x557224212e23 <unknown>\n#1 0x557223f3b7a7 <unknown>\n#2 0x557223f7a1d3 <unknown>\n#3 0x557223f7a2c1 <unknown>\n#4 0x557223fb5a04 <unknown>\n#5 0x557223f9b03d <unknown>\n#6 0x557223fb3369 <unknown>\n#7 0x557223f9ade3 <unknown>\n#8 0x557223f6ea7b <unknown>\n#9 0x557223f6f81e <unknown>\n#10 0x5572241d4638 <unknown>\n#11 0x5572241d8507 <unknown>\n#12 0x5572241e2c4c <unknown>\n#13 0x5572241d9136 <unknown>\n#14 0x5572241a79cf <unknown>\n#15 0x5572241fcb98 <unknown>\n#16 0x5572241fcd68 <unknown>\n#17 0x55722420bcb3 <unknown>\n#18 0x7f4ad9fa7044 <unknown>","time":{"start":1694481033394,"stop":1694481034093,"duration":699}},{"uid":"2b7f0ee0321fd129","reportUrl":"https://zaelcovsky.github.io/StroyremAutomation/76//#testresult/2b7f0ee0321fd129","status":"broken","statusDetails":"selenium.common.exceptions.NoSuchElementException: Message: no such element: Unable to locate element: {\"method\":\"xpath\",\"selector\":\"(//a[@class='add-to-cart yellow-btn'])[1]\"}\n  (Session info: headless chrome=116.0.5845.96); For documentation on this error, please visit: https://www.selenium.dev/documentation/webdriver/troubleshooting/errors#no-such-element-exception\nStacktrace:\n#0 0x559c31de4e23 <unknown>\n#1 0x559c31b0d7a7 <unknown>\n#2 0x559c31b4c1d3 <unknown>\n#3 0x559c31b4c2c1 <unknown>\n#4 0x559c31b87a04 <unknown>\n#5 0x559c31b6d03d <unknown>\n#6 0x559c31b85369 <unknown>\n#7 0x559c31b6cde3 <unknown>\n#8 0x559c31b40a7b <unknown>\n#9 0x559c31b4181e <unknown>\n#10 0x559c31da6638 <unknown>\n#11 0x559c31daa507 <unknown>\n#12 0x559c31db4c4c <unknown>\n#13 0x559c31dab136 <unknown>\n#14 0x559c31d799cf <unknown>\n#15 0x559c31dceb98 <unknown>\n#16 0x559c31dced68 <unknown>\n#17 0x559c31dddcb3 <unknown>\n#18 0x7f2f5a52e044 <unknown>","time":{"start":1694394539085,"stop":1694394539624,"duration":539}},{"uid":"25130bdf3989552f","reportUrl":"https://zaelcovsky.github.io/StroyremAutomation/75//#testresult/25130bdf3989552f","status":"broken","statusDetails":"selenium.common.exceptions.NoSuchElementException: Message: no such element: Unable to locate element: {\"method\":\"xpath\",\"selector\":\"(//a[@class='add-to-cart yellow-btn'])[1]\"}\n  (Session info: headless chrome=116.0.5845.96); For documentation on this error, please visit: https://www.selenium.dev/documentation/webdriver/troubleshooting/errors#no-such-element-exception\nStacktrace:\n#0 0x5603433a5e23 <unknown>\n#1 0x5603430ce7a7 <unknown>\n#2 0x56034310d1d3 <unknown>\n#3 0x56034310d2c1 <unknown>\n#4 0x560343148a04 <unknown>\n#5 0x56034312e03d <unknown>\n#6 0x560343146369 <unknown>\n#7 0x56034312dde3 <unknown>\n#8 0x560343101a7b <unknown>\n#9 0x56034310281e <unknown>\n#10 0x560343367638 <unknown>\n#11 0x56034336b507 <unknown>\n#12 0x560343375c4c <unknown>\n#13 0x56034336c136 <unknown>\n#14 0x56034333a9cf <unknown>\n#15 0x56034338fb98 <unknown>\n#16 0x56034338fd68 <unknown>\n#17 0x56034339ecb3 <unknown>\n#18 0x7fab2030a044 <unknown>","time":{"start":1694308295078,"stop":1694308295518,"duration":440}},{"uid":"d170a93be47734dc","reportUrl":"https://zaelcovsky.github.io/StroyremAutomation/74//#testresult/d170a93be47734dc","status":"broken","statusDetails":"selenium.common.exceptions.NoSuchElementException: Message: no such element: Unable to locate element: {\"method\":\"xpath\",\"selector\":\"(//a[@class='add-to-cart yellow-btn'])[1]\"}\n  (Session info: headless chrome=116.0.5845.96); For documentation on this error, please visit: https://www.selenium.dev/documentation/webdriver/troubleshooting/errors#no-such-element-exception\nStacktrace:\n#0 0x5620e464ee23 <unknown>\n#1 0x5620e43777a7 <unknown>\n#2 0x5620e43b61d3 <unknown>\n#3 0x5620e43b62c1 <unknown>\n#4 0x5620e43f1a04 <unknown>\n#5 0x5620e43d703d <unknown>\n#6 0x5620e43ef369 <unknown>\n#7 0x5620e43d6de3 <unknown>\n#8 0x5620e43aaa7b <unknown>\n#9 0x5620e43ab81e <unknown>\n#10 0x5620e4610638 <unknown>\n#11 0x5620e4614507 <unknown>\n#12 0x5620e461ec4c <unknown>\n#13 0x5620e4615136 <unknown>\n#14 0x5620e45e39cf <unknown>\n#15 0x5620e4638b98 <unknown>\n#16 0x5620e4638d68 <unknown>\n#17 0x5620e4647cb3 <unknown>\n#18 0x7f2afb40b044 <unknown>","time":{"start":1694221838110,"stop":1694221838912,"duration":802}},{"uid":"e99704475c17b387","reportUrl":"https://zaelcovsky.github.io/StroyremAutomation/73//#testresult/e99704475c17b387","status":"broken","statusDetails":"selenium.common.exceptions.NoSuchElementException: Message: no such element: Unable to locate element: {\"method\":\"xpath\",\"selector\":\"(//a[@class='add-to-cart yellow-btn'])[1]\"}\n  (Session info: headless chrome=116.0.5845.96); For documentation on this error, please visit: https://www.selenium.dev/documentation/webdriver/troubleshooting/errors#no-such-element-exception\nStacktrace:\n#0 0x55e3ccf14e23 <unknown>\n#1 0x55e3ccc3d7a7 <unknown>\n#2 0x55e3ccc7c1d3 <unknown>\n#3 0x55e3ccc7c2c1 <unknown>\n#4 0x55e3cccb7a04 <unknown>\n#5 0x55e3ccc9d03d <unknown>\n#6 0x55e3cccb5369 <unknown>\n#7 0x55e3ccc9cde3 <unknown>\n#8 0x55e3ccc70a7b <unknown>\n#9 0x55e3ccc7181e <unknown>\n#10 0x55e3cced6638 <unknown>\n#11 0x55e3cceda507 <unknown>\n#12 0x55e3ccee4c4c <unknown>\n#13 0x55e3ccedb136 <unknown>\n#14 0x55e3ccea99cf <unknown>\n#15 0x55e3ccefeb98 <unknown>\n#16 0x55e3ccefed68 <unknown>\n#17 0x55e3ccf0dcb3 <unknown>\n#18 0x7f0abfaa2044 <unknown>","time":{"start":1694135295897,"stop":1694135296351,"duration":454}},{"uid":"2e83a93eb0c63749","reportUrl":"https://zaelcovsky.github.io/StroyremAutomation/72//#testresult/2e83a93eb0c63749","status":"broken","statusDetails":"selenium.common.exceptions.NoSuchElementException: Message: no such element: Unable to locate element: {\"method\":\"xpath\",\"selector\":\"(//a[@class='add-to-cart yellow-btn'])[1]\"}\n  (Session info: headless chrome=116.0.5845.96); For documentation on this error, please visit: https://www.selenium.dev/documentation/webdriver/troubleshooting/errors#no-such-element-exception\nStacktrace:\n#0 0x563727cdbe23 <unknown>\n#1 0x563727a047a7 <unknown>\n#2 0x563727a431d3 <unknown>\n#3 0x563727a432c1 <unknown>\n#4 0x563727a7ea04 <unknown>\n#5 0x563727a6403d <unknown>\n#6 0x563727a7c369 <unknown>\n#7 0x563727a63de3 <unknown>\n#8 0x563727a37a7b <unknown>\n#9 0x563727a3881e <unknown>\n#10 0x563727c9d638 <unknown>\n#11 0x563727ca1507 <unknown>\n#12 0x563727cabc4c <unknown>\n#13 0x563727ca2136 <unknown>\n#14 0x563727c709cf <unknown>\n#15 0x563727cc5b98 <unknown>\n#16 0x563727cc5d68 <unknown>\n#17 0x563727cd4cb3 <unknown>\n#18 0x7fd0eaf4a044 <unknown>","time":{"start":1694049004891,"stop":1694049005435,"duration":544}},{"uid":"6587826fdf0eac7","reportUrl":"https://zaelcovsky.github.io/StroyremAutomation/71//#testresult/6587826fdf0eac7","status":"broken","statusDetails":"selenium.common.exceptions.ElementNotInteractableException: Message: element not interactable\n  (Session info: headless chrome=116.0.5845.96)\nStacktrace:\n#0 0x564519b56e23 <unknown>\n#1 0x56451987f5f6 <unknown>\n#2 0x5645198b5c5d <unknown>\n#3 0x5645198df012 <unknown>\n#4 0x5645198b3fb6 <unknown>\n#5 0x5645198df1de <unknown>\n#6 0x5645198f7369 <unknown>\n#7 0x5645198dede3 <unknown>\n#8 0x5645198b2a7b <unknown>\n#9 0x5645198b381e <unknown>\n#10 0x564519b18638 <unknown>\n#11 0x564519b1c507 <unknown>\n#12 0x564519b26c4c <unknown>\n#13 0x564519b1d136 <unknown>\n#14 0x564519aeb9cf <unknown>\n#15 0x564519b40b98 <unknown>\n#16 0x564519b40d68 <unknown>\n#17 0x564519b4fcb3 <unknown>\n#18 0x7f2bb4f9c044 <unknown>","time":{"start":1693962822624,"stop":1693962828885,"duration":6261}},{"uid":"19da717817951ed5","reportUrl":"https://zaelcovsky.github.io/StroyremAutomation/70//#testresult/19da717817951ed5","status":"broken","statusDetails":"selenium.common.exceptions.NoSuchElementException: Message: no such element: Unable to locate element: {\"method\":\"xpath\",\"selector\":\"(//a[@class='add-to-cart yellow-btn'])[1]\"}\n  (Session info: headless chrome=116.0.5845.96); For documentation on this error, please visit: https://www.selenium.dev/documentation/webdriver/troubleshooting/errors#no-such-element-exception\nStacktrace:\n#0 0x5599af89ae23 <unknown>\n#1 0x5599af5c37a7 <unknown>\n#2 0x5599af6021d3 <unknown>\n#3 0x5599af6022c1 <unknown>\n#4 0x5599af63da04 <unknown>\n#5 0x5599af62303d <unknown>\n#6 0x5599af63b369 <unknown>\n#7 0x5599af622de3 <unknown>\n#8 0x5599af5f6a7b <unknown>\n#9 0x5599af5f781e <unknown>\n#10 0x5599af85c638 <unknown>\n#11 0x5599af860507 <unknown>\n#12 0x5599af86ac4c <unknown>\n#13 0x5599af861136 <unknown>\n#14 0x5599af82f9cf <unknown>\n#15 0x5599af884b98 <unknown>\n#16 0x5599af884d68 <unknown>\n#17 0x5599af893cb3 <unknown>\n#18 0x7f1322994044 <unknown>","time":{"start":1693876215112,"stop":1693876215687,"duration":575}},{"uid":"e6849dc72e6d53e9","reportUrl":"https://zaelcovsky.github.io/StroyremAutomation/69//#testresult/e6849dc72e6d53e9","status":"broken","statusDetails":"selenium.common.exceptions.ElementNotInteractableException: Message: element not interactable\n  (Session info: headless chrome=116.0.5845.96)\nStacktrace:\n#0 0x5615ed003e23 <unknown>\n#1 0x5615ecd2c5f6 <unknown>\n#2 0x5615ecd62c5d <unknown>\n#3 0x5615ecd8c012 <unknown>\n#4 0x5615ecd60fb6 <unknown>\n#5 0x5615ecd8c1de <unknown>\n#6 0x5615ecda4369 <unknown>\n#7 0x5615ecd8bde3 <unknown>\n#8 0x5615ecd5fa7b <unknown>\n#9 0x5615ecd6081e <unknown>\n#10 0x5615ecfc5638 <unknown>\n#11 0x5615ecfc9507 <unknown>\n#12 0x5615ecfd3c4c <unknown>\n#13 0x5615ecfca136 <unknown>\n#14 0x5615ecf989cf <unknown>\n#15 0x5615ecfedb98 <unknown>\n#16 0x5615ecfedd68 <unknown>\n#17 0x5615ecffccb3 <unknown>\n#18 0x7fcb02495044 <unknown>","time":{"start":1693790139834,"stop":1693790147270,"duration":7436}},{"uid":"9600a8a5dd950331","reportUrl":"https://zaelcovsky.github.io/StroyremAutomation/68//#testresult/9600a8a5dd950331","status":"broken","statusDetails":"selenium.common.exceptions.ElementNotInteractableException: Message: element not interactable\n  (Session info: headless chrome=116.0.5845.96)\nStacktrace:\n#0 0x5588a436ce23 <unknown>\n#1 0x5588a40955f6 <unknown>\n#2 0x5588a40cbc5d <unknown>\n#3 0x5588a40f5012 <unknown>\n#4 0x5588a40c9fb6 <unknown>\n#5 0x5588a40f51de <unknown>\n#6 0x5588a410d369 <unknown>\n#7 0x5588a40f4de3 <unknown>\n#8 0x5588a40c8a7b <unknown>\n#9 0x5588a40c981e <unknown>\n#10 0x5588a432e638 <unknown>\n#11 0x5588a4332507 <unknown>\n#12 0x5588a433cc4c <unknown>\n#13 0x5588a4333136 <unknown>\n#14 0x5588a43019cf <unknown>\n#15 0x5588a4356b98 <unknown>\n#16 0x5588a4356d68 <unknown>\n#17 0x5588a4365cb3 <unknown>\n#18 0x7fcf1a6b9044 <unknown>","time":{"start":1693703705826,"stop":1693703711428,"duration":5602}},{"uid":"65ef66c36e98e8b3","reportUrl":"https://zaelcovsky.github.io/StroyremAutomation/67//#testresult/65ef66c36e98e8b3","status":"broken","statusDetails":"selenium.common.exceptions.WebDriverException: Message: unknown error: net::ERR_CONNECTION_REFUSED\n  (Session info: headless chrome=116.0.5845.96)\nStacktrace:\n#0 0x55a8e4a60e23 <unknown>\n#1 0x55a8e47897a7 <unknown>\n#2 0x55a8e4781829 <unknown>\n#3 0x55a8e47712c2 <unknown>\n#4 0x55a8e47729fb <unknown>\n#5 0x55a8e477169d <unknown>\n#6 0x55a8e477065c <unknown>\n#7 0x55a8e47705ce <unknown>\n#8 0x55a8e476f28a <unknown>\n#9 0x55a8e476f6da <unknown>\n#10 0x55a8e478b630 <unknown>\n#11 0x55a8e4801b15 <unknown>\n#12 0x55a8e47e9012 <unknown>\n#13 0x55a8e4801369 <unknown>\n#14 0x55a8e47e8de3 <unknown>\n#15 0x55a8e47bca7b <unknown>\n#16 0x55a8e47bd81e <unknown>\n#17 0x55a8e4a22638 <unknown>\n#18 0x55a8e4a26507 <unknown>\n#19 0x55a8e4a30c4c <unknown>\n#20 0x55a8e4a27136 <unknown>\n#21 0x55a8e49f59cf <unknown>\n#22 0x55a8e4a4ab98 <unknown>\n#23 0x55a8e4a4ad68 <unknown>\n#24 0x55a8e4a59cb3 <unknown>\n#25 0x7f5622901044 <unknown>","time":{"start":1693616914788,"stop":1693616915155,"duration":367}},{"uid":"14c75f5886feb4e1","reportUrl":"https://zaelcovsky.github.io/StroyremAutomation/66//#testresult/14c75f5886feb4e1","status":"broken","statusDetails":"selenium.common.exceptions.WebDriverException: Message: unknown error: net::ERR_CONNECTION_REFUSED\n  (Session info: headless chrome=116.0.5845.96)\nStacktrace:\n#0 0x55bb3028be23 <unknown>\n#1 0x55bb2ffb47a7 <unknown>\n#2 0x55bb2ffac829 <unknown>\n#3 0x55bb2ff9c2c2 <unknown>\n#4 0x55bb2ff9d9fb <unknown>\n#5 0x55bb2ff9c69d <unknown>\n#6 0x55bb2ff9b65c <unknown>\n#7 0x55bb2ff9b5ce <unknown>\n#8 0x55bb2ff9a28a <unknown>\n#9 0x55bb2ff9a6da <unknown>\n#10 0x55bb2ffb6630 <unknown>\n#11 0x55bb3002cb15 <unknown>\n#12 0x55bb30014012 <unknown>\n#13 0x55bb3002c369 <unknown>\n#14 0x55bb30013de3 <unknown>\n#15 0x55bb2ffe7a7b <unknown>\n#16 0x55bb2ffe881e <unknown>\n#17 0x55bb3024d638 <unknown>\n#18 0x55bb30251507 <unknown>\n#19 0x55bb3025bc4c <unknown>\n#20 0x55bb30252136 <unknown>\n#21 0x55bb302209cf <unknown>\n#22 0x55bb30275b98 <unknown>\n#23 0x55bb30275d68 <unknown>\n#24 0x55bb30284cb3 <unknown>\n#25 0x7f379e5cb044 <unknown>","time":{"start":1693530813916,"stop":1693530814117,"duration":201}},{"uid":"2e1a16410c3e0b54","reportUrl":"https://zaelcovsky.github.io/StroyremAutomation/9//#testresult/2e1a16410c3e0b54","status":"broken","statusDetails":"selenium.common.exceptions.ElementNotInteractableException: Message: element not interactable\n  (Session info: headless chrome=116.0.5845.96)\nStacktrace:\n#0 0x561fb31cae23 <unknown>\n#1 0x561fb2ef35f6 <unknown>\n#2 0x561fb2f29c5d <unknown>\n#3 0x561fb2f53012 <unknown>\n#4 0x561fb2f27fb6 <unknown>\n#5 0x561fb2f531de <unknown>\n#6 0x561fb2f6b369 <unknown>\n#7 0x561fb2f52de3 <unknown>\n#8 0x561fb2f26a7b <unknown>\n#9 0x561fb2f2781e <unknown>\n#10 0x561fb318c638 <unknown>\n#11 0x561fb3190507 <unknown>\n#12 0x561fb319ac4c <unknown>\n#13 0x561fb3191136 <unknown>\n#14 0x561fb315f9cf <unknown>\n#15 0x561fb31b4b98 <unknown>\n#16 0x561fb31b4d68 <unknown>\n#17 0x561fb31c3cb3 <unknown>\n#18 0x7fc17fbc1044 <unknown>","time":{"start":1693507012599,"stop":1693507016340,"duration":3741}}]},"tags":["smoke"]},"source":"128b6d518eb6ff3e.json","parameterValues":["5980","166","'TD 022'","5490","'products/shtukaturka-gipsovaya-aksolit-m50-30-kg-mashinnogo-naneseniya'","2800","'https://sandboxtest.stroyrem-nn.ru/'","5000"]}