{"uid":"ae5f18051b1796e6","name":"TC 016 - Проверка функциональности ссылки 'Прайс'","fullName":"tests.test_main_page.TestMainPage#test_positive_footer_price_smoke","historyId":"4222516aee639cdbaaeb3c242b26aadd","time":{"start":1708823240017,"stop":1708823240030,"duration":13},"status":"broken","statusMessage":"selenium.common.exceptions.NoSuchElementException: Message: no such element: Unable to locate element: {\"method\":\"xpath\",\"selector\":\"//a[@href='/price']\"}\n  (Session info: chrome-headless-shell=122.0.6261.69); For documentation on this error, please visit: https://www.selenium.dev/documentation/webdriver/troubleshooting/errors#no-such-element-exception\nStacktrace:\n#0 0x561c1c53d793 <unknown>\n#1 0x561c1c2311c6 <unknown>\n#2 0x561c1c27c358 <unknown>\n#3 0x561c1c27c411 <unknown>\n#4 0x561c1c2bf934 <unknown>\n#5 0x561c1c29e3fd <unknown>\n#6 0x561c1c2bcdd9 <unknown>\n#7 0x561c1c29e173 <unknown>\n#8 0x561c1c26f2d3 <unknown>\n#9 0x561c1c26fc9e <unknown>\n#10 0x561c1c5018cb <unknown>\n#11 0x561c1c505745 <unknown>\n#12 0x561c1c4ee2e1 <unknown>\n#13 0x561c1c5062d2 <unknown>\n#14 0x561c1c4d217f <unknown>\n#15 0x561c1c52bdc8 <unknown>\n#16 0x561c1c52bfc3 <unknown>\n#17 0x561c1c53c944 <unknown>\n#18 0x7fd5ade31134 <unknown>","statusTrace":"self = <tests.test_main_page.TestMainPage object at 0x7f789a50c610>\nmain_page = <pages.main_page.MainPage object at 0x7f7899b05d10>\n\n    @allure.feature(\"Footer functionality\")\n    @allure.title(\"TC 016 - Проверка функциональности ссылки 'Прайс'\")\n    # @pytest.mark.xfail(reason=\"При переходе на страницу выдает 404 ошибку\")\n    @pytest.mark.smoke_test\n    def test_positive_footer_price_smoke(self, main_page):\n>       main_page.check_price_link()\n\ntests/test_main_page.py:146: \n_ _ _ _ _ _ _ _ _ _ _ _ _ _ _ _ _ _ _ _ _ _ _ _ _ _ _ _ _ _ _ _ _ _ _ _ _ _ _ _ \npages/main_page.py:174: in check_price_link\n    self.driver.find_element(*self._price_link).click()\n/usr/local/lib/python3.11/site-packages/selenium/webdriver/remote/webdriver.py:740: in find_element\n    return self.execute(Command.FIND_ELEMENT, {\"using\": by, \"value\": value})[\"value\"]\n/usr/local/lib/python3.11/site-packages/selenium/webdriver/remote/webdriver.py:346: in execute\n    self.error_handler.check_response(response)\n_ _ _ _ _ _ _ _ _ _ _ _ _ _ _ _ _ _ _ _ _ _ _ _ _ _ _ _ _ _ _ _ _ _ _ _ _ _ _ _ \n\nself = <selenium.webdriver.remote.errorhandler.ErrorHandler object at 0x7f789a1a9b90>\nresponse = {'status': 404, 'value': '{\"value\":{\"error\":\"no such element\",\"message\":\"no such element: Unable to locate element: {\\...\\\\n#16 0x561c1c52bfc3 \\\\u003Cunknown>\\\\n#17 0x561c1c53c944 \\\\u003Cunknown>\\\\n#18 0x7fd5ade31134 \\\\u003Cunknown>\\\\n\"}}'}\n\n    def check_response(self, response: Dict[str, Any]) -> None:\n        \"\"\"Checks that a JSON response from the WebDriver does not have an\n        error.\n    \n        :Args:\n         - response - The JSON response from the WebDriver server as a dictionary\n           object.\n    \n        :Raises: If the response contains an error message.\n        \"\"\"\n        status = response.get(\"status\", None)\n        if not status or status == ErrorCode.SUCCESS:\n            return\n        value = None\n        message = response.get(\"message\", \"\")\n        screen: str = response.get(\"screen\", \"\")\n        stacktrace = None\n        if isinstance(status, int):\n            value_json = response.get(\"value\", None)\n            if value_json and isinstance(value_json, str):\n                import json\n    \n                try:\n                    value = json.loads(value_json)\n                    if len(value) == 1:\n                        value = value[\"value\"]\n                    status = value.get(\"error\", None)\n                    if not status:\n                        status = value.get(\"status\", ErrorCode.UNKNOWN_ERROR)\n                        message = value.get(\"value\") or value.get(\"message\")\n                        if not isinstance(message, str):\n                            value = message\n                            message = message.get(\"message\")\n                    else:\n                        message = value.get(\"message\", None)\n                except ValueError:\n                    pass\n    \n        exception_class: Type[WebDriverException]\n        if status in ErrorCode.NO_SUCH_ELEMENT:\n            exception_class = NoSuchElementException\n        elif status in ErrorCode.NO_SUCH_FRAME:\n            exception_class = NoSuchFrameException\n        elif status in ErrorCode.NO_SUCH_SHADOW_ROOT:\n            exception_class = NoSuchShadowRootException\n        elif status in ErrorCode.NO_SUCH_WINDOW:\n            exception_class = NoSuchWindowException\n        elif status in ErrorCode.STALE_ELEMENT_REFERENCE:\n            exception_class = StaleElementReferenceException\n        elif status in ErrorCode.ELEMENT_NOT_VISIBLE:\n            exception_class = ElementNotVisibleException\n        elif status in ErrorCode.INVALID_ELEMENT_STATE:\n            exception_class = InvalidElementStateException\n        elif (\n            status in ErrorCode.INVALID_SELECTOR\n            or status in ErrorCode.INVALID_XPATH_SELECTOR\n            or status in ErrorCode.INVALID_XPATH_SELECTOR_RETURN_TYPER\n        ):\n            exception_class = InvalidSelectorException\n        elif status in ErrorCode.ELEMENT_IS_NOT_SELECTABLE:\n            exception_class = ElementNotSelectableException\n        elif status in ErrorCode.ELEMENT_NOT_INTERACTABLE:\n            exception_class = ElementNotInteractableException\n        elif status in ErrorCode.INVALID_COOKIE_DOMAIN:\n            exception_class = InvalidCookieDomainException\n        elif status in ErrorCode.UNABLE_TO_SET_COOKIE:\n            exception_class = UnableToSetCookieException\n        elif status in ErrorCode.TIMEOUT:\n            exception_class = TimeoutException\n        elif status in ErrorCode.SCRIPT_TIMEOUT:\n            exception_class = TimeoutException\n        elif status in ErrorCode.UNKNOWN_ERROR:\n            exception_class = WebDriverException\n        elif status in ErrorCode.UNEXPECTED_ALERT_OPEN:\n            exception_class = UnexpectedAlertPresentException\n        elif status in ErrorCode.NO_ALERT_OPEN:\n            exception_class = NoAlertPresentException\n        elif status in ErrorCode.IME_NOT_AVAILABLE:\n            exception_class = ImeNotAvailableException\n        elif status in ErrorCode.IME_ENGINE_ACTIVATION_FAILED:\n            exception_class = ImeActivationFailedException\n        elif status in ErrorCode.MOVE_TARGET_OUT_OF_BOUNDS:\n            exception_class = MoveTargetOutOfBoundsException\n        elif status in ErrorCode.JAVASCRIPT_ERROR:\n            exception_class = JavascriptException\n        elif status in ErrorCode.SESSION_NOT_CREATED:\n            exception_class = SessionNotCreatedException\n        elif status in ErrorCode.INVALID_ARGUMENT:\n            exception_class = InvalidArgumentException\n        elif status in ErrorCode.NO_SUCH_COOKIE:\n            exception_class = NoSuchCookieException\n        elif status in ErrorCode.UNABLE_TO_CAPTURE_SCREEN:\n            exception_class = ScreenshotException\n        elif status in ErrorCode.ELEMENT_CLICK_INTERCEPTED:\n            exception_class = ElementClickInterceptedException\n        elif status in ErrorCode.INSECURE_CERTIFICATE:\n            exception_class = InsecureCertificateException\n        elif status in ErrorCode.INVALID_COORDINATES:\n            exception_class = InvalidCoordinatesException\n        elif status in ErrorCode.INVALID_SESSION_ID:\n            exception_class = InvalidSessionIdException\n        elif status in ErrorCode.UNKNOWN_METHOD:\n            exception_class = UnknownMethodException\n        else:\n            exception_class = WebDriverException\n        if not value:\n            value = response[\"value\"]\n        if isinstance(value, str):\n            raise exception_class(value)\n        if message == \"\" and \"message\" in value:\n            message = value[\"message\"]\n    \n        screen = None  # type: ignore[assignment]\n        if \"screen\" in value:\n            screen = value[\"screen\"]\n    \n        stacktrace = None\n        st_value = value.get(\"stackTrace\") or value.get(\"stacktrace\")\n        if st_value:\n            if isinstance(st_value, str):\n                stacktrace = st_value.split(\"\\n\")\n            else:\n                stacktrace = []\n                try:\n                    for frame in st_value:\n                        line = frame.get(\"lineNumber\", \"\")\n                        file = frame.get(\"fileName\", \"<anonymous>\")\n                        if line:\n                            file = f\"{file}:{line}\"\n                        meth = frame.get(\"methodName\", \"<anonymous>\")\n                        if \"className\" in frame:\n                            meth = f\"{frame['className']}.{meth}\"\n                        msg = \"    at %s (%s)\"\n                        msg = msg % (meth, file)\n                        stacktrace.append(msg)\n                except TypeError:\n                    pass\n        if exception_class == UnexpectedAlertPresentException:\n            alert_text = None\n            if \"data\" in value:\n                alert_text = value[\"data\"].get(\"text\")\n            elif \"alert\" in value:\n                alert_text = value[\"alert\"].get(\"text\")\n            raise exception_class(message, screen, stacktrace, alert_text)  # type: ignore[call-arg]  # mypy is not smart enough here\n>       raise exception_class(message, screen, stacktrace)\nE       selenium.common.exceptions.NoSuchElementException: Message: no such element: Unable to locate element: {\"method\":\"xpath\",\"selector\":\"//a[@href='/price']\"}\nE         (Session info: chrome-headless-shell=122.0.6261.69); For documentation on this error, please visit: https://www.selenium.dev/documentation/webdriver/troubleshooting/errors#no-such-element-exception\nE       Stacktrace:\nE       #0 0x561c1c53d793 <unknown>\nE       #1 0x561c1c2311c6 <unknown>\nE       #2 0x561c1c27c358 <unknown>\nE       #3 0x561c1c27c411 <unknown>\nE       #4 0x561c1c2bf934 <unknown>\nE       #5 0x561c1c29e3fd <unknown>\nE       #6 0x561c1c2bcdd9 <unknown>\nE       #7 0x561c1c29e173 <unknown>\nE       #8 0x561c1c26f2d3 <unknown>\nE       #9 0x561c1c26fc9e <unknown>\nE       #10 0x561c1c5018cb <unknown>\nE       #11 0x561c1c505745 <unknown>\nE       #12 0x561c1c4ee2e1 <unknown>\nE       #13 0x561c1c5062d2 <unknown>\nE       #14 0x561c1c4d217f <unknown>\nE       #15 0x561c1c52bdc8 <unknown>\nE       #16 0x561c1c52bfc3 <unknown>\nE       #17 0x561c1c53c944 <unknown>\nE       #18 0x7fd5ade31134 <unknown>\n\n/usr/local/lib/python3.11/site-packages/selenium/webdriver/remote/errorhandler.py:245: NoSuchElementException","flaky":false,"newFailed":false,"newBroken":false,"newPassed":false,"retriesCount":0,"retriesStatusChange":false,"beforeStages":[{"name":"_session_faker","time":{"start":1708823056024,"stop":1708823056094,"duration":70},"status":"passed","steps":[],"attachments":[],"parameters":[],"shouldDisplayMessage":false,"stepsCount":0,"attachmentsCount":0,"hasContent":false,"attachmentStep":false},{"name":"clear_allure_results_folder","time":{"start":1708823056094,"stop":1708823056094,"duration":0},"status":"passed","steps":[],"attachments":[],"parameters":[],"shouldDisplayMessage":false,"stepsCount":0,"attachmentsCount":0,"hasContent":false,"attachmentStep":false},{"name":"driver","time":{"start":1708823238806,"stop":1708823239541,"duration":735},"status":"passed","steps":[],"attachments":[],"parameters":[],"shouldDisplayMessage":false,"stepsCount":0,"attachmentsCount":0,"hasContent":false,"attachmentStep":false},{"name":"setup","time":{"start":1708823239541,"stop":1708823239541,"duration":0},"status":"passed","steps":[],"attachments":[],"parameters":[],"shouldDisplayMessage":false,"stepsCount":0,"attachmentsCount":0,"hasContent":false,"attachmentStep":false},{"name":"main_page","time":{"start":1708823239541,"stop":1708823240016,"duration":475},"status":"passed","steps":[],"attachments":[],"parameters":[],"shouldDisplayMessage":false,"stepsCount":0,"attachmentsCount":0,"hasContent":false,"attachmentStep":false}],"testStage":{"status":"broken","statusMessage":"selenium.common.exceptions.NoSuchElementException: Message: no such element: Unable to locate element: {\"method\":\"xpath\",\"selector\":\"//a[@href='/price']\"}\n  (Session info: chrome-headless-shell=122.0.6261.69); For documentation on this error, please visit: https://www.selenium.dev/documentation/webdriver/troubleshooting/errors#no-such-element-exception\nStacktrace:\n#0 0x561c1c53d793 <unknown>\n#1 0x561c1c2311c6 <unknown>\n#2 0x561c1c27c358 <unknown>\n#3 0x561c1c27c411 <unknown>\n#4 0x561c1c2bf934 <unknown>\n#5 0x561c1c29e3fd <unknown>\n#6 0x561c1c2bcdd9 <unknown>\n#7 0x561c1c29e173 <unknown>\n#8 0x561c1c26f2d3 <unknown>\n#9 0x561c1c26fc9e <unknown>\n#10 0x561c1c5018cb <unknown>\n#11 0x561c1c505745 <unknown>\n#12 0x561c1c4ee2e1 <unknown>\n#13 0x561c1c5062d2 <unknown>\n#14 0x561c1c4d217f <unknown>\n#15 0x561c1c52bdc8 <unknown>\n#16 0x561c1c52bfc3 <unknown>\n#17 0x561c1c53c944 <unknown>\n#18 0x7fd5ade31134 <unknown>","statusTrace":"self = <tests.test_main_page.TestMainPage object at 0x7f789a50c610>\nmain_page = <pages.main_page.MainPage object at 0x7f7899b05d10>\n\n    @allure.feature(\"Footer functionality\")\n    @allure.title(\"TC 016 - Проверка функциональности ссылки 'Прайс'\")\n    # @pytest.mark.xfail(reason=\"При переходе на страницу выдает 404 ошибку\")\n    @pytest.mark.smoke_test\n    def test_positive_footer_price_smoke(self, main_page):\n>       main_page.check_price_link()\n\ntests/test_main_page.py:146: \n_ _ _ _ _ _ _ _ _ _ _ _ _ _ _ _ _ _ _ _ _ _ _ _ _ _ _ _ _ _ _ _ _ _ _ _ _ _ _ _ \npages/main_page.py:174: in check_price_link\n    self.driver.find_element(*self._price_link).click()\n/usr/local/lib/python3.11/site-packages/selenium/webdriver/remote/webdriver.py:740: in find_element\n    return self.execute(Command.FIND_ELEMENT, {\"using\": by, \"value\": value})[\"value\"]\n/usr/local/lib/python3.11/site-packages/selenium/webdriver/remote/webdriver.py:346: in execute\n    self.error_handler.check_response(response)\n_ _ _ _ _ _ _ _ _ _ _ _ _ _ _ _ _ _ _ _ _ _ _ _ _ _ _ _ _ _ _ _ _ _ _ _ _ _ _ _ \n\nself = <selenium.webdriver.remote.errorhandler.ErrorHandler object at 0x7f789a1a9b90>\nresponse = {'status': 404, 'value': '{\"value\":{\"error\":\"no such element\",\"message\":\"no such element: Unable to locate element: {\\...\\\\n#16 0x561c1c52bfc3 \\\\u003Cunknown>\\\\n#17 0x561c1c53c944 \\\\u003Cunknown>\\\\n#18 0x7fd5ade31134 \\\\u003Cunknown>\\\\n\"}}'}\n\n    def check_response(self, response: Dict[str, Any]) -> None:\n        \"\"\"Checks that a JSON response from the WebDriver does not have an\n        error.\n    \n        :Args:\n         - response - The JSON response from the WebDriver server as a dictionary\n           object.\n    \n        :Raises: If the response contains an error message.\n        \"\"\"\n        status = response.get(\"status\", None)\n        if not status or status == ErrorCode.SUCCESS:\n            return\n        value = None\n        message = response.get(\"message\", \"\")\n        screen: str = response.get(\"screen\", \"\")\n        stacktrace = None\n        if isinstance(status, int):\n            value_json = response.get(\"value\", None)\n            if value_json and isinstance(value_json, str):\n                import json\n    \n                try:\n                    value = json.loads(value_json)\n                    if len(value) == 1:\n                        value = value[\"value\"]\n                    status = value.get(\"error\", None)\n                    if not status:\n                        status = value.get(\"status\", ErrorCode.UNKNOWN_ERROR)\n                        message = value.get(\"value\") or value.get(\"message\")\n                        if not isinstance(message, str):\n                            value = message\n                            message = message.get(\"message\")\n                    else:\n                        message = value.get(\"message\", None)\n                except ValueError:\n                    pass\n    \n        exception_class: Type[WebDriverException]\n        if status in ErrorCode.NO_SUCH_ELEMENT:\n            exception_class = NoSuchElementException\n        elif status in ErrorCode.NO_SUCH_FRAME:\n            exception_class = NoSuchFrameException\n        elif status in ErrorCode.NO_SUCH_SHADOW_ROOT:\n            exception_class = NoSuchShadowRootException\n        elif status in ErrorCode.NO_SUCH_WINDOW:\n            exception_class = NoSuchWindowException\n        elif status in ErrorCode.STALE_ELEMENT_REFERENCE:\n            exception_class = StaleElementReferenceException\n        elif status in ErrorCode.ELEMENT_NOT_VISIBLE:\n            exception_class = ElementNotVisibleException\n        elif status in ErrorCode.INVALID_ELEMENT_STATE:\n            exception_class = InvalidElementStateException\n        elif (\n            status in ErrorCode.INVALID_SELECTOR\n            or status in ErrorCode.INVALID_XPATH_SELECTOR\n            or status in ErrorCode.INVALID_XPATH_SELECTOR_RETURN_TYPER\n        ):\n            exception_class = InvalidSelectorException\n        elif status in ErrorCode.ELEMENT_IS_NOT_SELECTABLE:\n            exception_class = ElementNotSelectableException\n        elif status in ErrorCode.ELEMENT_NOT_INTERACTABLE:\n            exception_class = ElementNotInteractableException\n        elif status in ErrorCode.INVALID_COOKIE_DOMAIN:\n            exception_class = InvalidCookieDomainException\n        elif status in ErrorCode.UNABLE_TO_SET_COOKIE:\n            exception_class = UnableToSetCookieException\n        elif status in ErrorCode.TIMEOUT:\n            exception_class = TimeoutException\n        elif status in ErrorCode.SCRIPT_TIMEOUT:\n            exception_class = TimeoutException\n        elif status in ErrorCode.UNKNOWN_ERROR:\n            exception_class = WebDriverException\n        elif status in ErrorCode.UNEXPECTED_ALERT_OPEN:\n            exception_class = UnexpectedAlertPresentException\n        elif status in ErrorCode.NO_ALERT_OPEN:\n            exception_class = NoAlertPresentException\n        elif status in ErrorCode.IME_NOT_AVAILABLE:\n            exception_class = ImeNotAvailableException\n        elif status in ErrorCode.IME_ENGINE_ACTIVATION_FAILED:\n            exception_class = ImeActivationFailedException\n        elif status in ErrorCode.MOVE_TARGET_OUT_OF_BOUNDS:\n            exception_class = MoveTargetOutOfBoundsException\n        elif status in ErrorCode.JAVASCRIPT_ERROR:\n            exception_class = JavascriptException\n        elif status in ErrorCode.SESSION_NOT_CREATED:\n            exception_class = SessionNotCreatedException\n        elif status in ErrorCode.INVALID_ARGUMENT:\n            exception_class = InvalidArgumentException\n        elif status in ErrorCode.NO_SUCH_COOKIE:\n            exception_class = NoSuchCookieException\n        elif status in ErrorCode.UNABLE_TO_CAPTURE_SCREEN:\n            exception_class = ScreenshotException\n        elif status in ErrorCode.ELEMENT_CLICK_INTERCEPTED:\n            exception_class = ElementClickInterceptedException\n        elif status in ErrorCode.INSECURE_CERTIFICATE:\n            exception_class = InsecureCertificateException\n        elif status in ErrorCode.INVALID_COORDINATES:\n            exception_class = InvalidCoordinatesException\n        elif status in ErrorCode.INVALID_SESSION_ID:\n            exception_class = InvalidSessionIdException\n        elif status in ErrorCode.UNKNOWN_METHOD:\n            exception_class = UnknownMethodException\n        else:\n            exception_class = WebDriverException\n        if not value:\n            value = response[\"value\"]\n        if isinstance(value, str):\n            raise exception_class(value)\n        if message == \"\" and \"message\" in value:\n            message = value[\"message\"]\n    \n        screen = None  # type: ignore[assignment]\n        if \"screen\" in value:\n            screen = value[\"screen\"]\n    \n        stacktrace = None\n        st_value = value.get(\"stackTrace\") or value.get(\"stacktrace\")\n        if st_value:\n            if isinstance(st_value, str):\n                stacktrace = st_value.split(\"\\n\")\n            else:\n                stacktrace = []\n                try:\n                    for frame in st_value:\n                        line = frame.get(\"lineNumber\", \"\")\n                        file = frame.get(\"fileName\", \"<anonymous>\")\n                        if line:\n                            file = f\"{file}:{line}\"\n                        meth = frame.get(\"methodName\", \"<anonymous>\")\n                        if \"className\" in frame:\n                            meth = f\"{frame['className']}.{meth}\"\n                        msg = \"    at %s (%s)\"\n                        msg = msg % (meth, file)\n                        stacktrace.append(msg)\n                except TypeError:\n                    pass\n        if exception_class == UnexpectedAlertPresentException:\n            alert_text = None\n            if \"data\" in value:\n                alert_text = value[\"data\"].get(\"text\")\n            elif \"alert\" in value:\n                alert_text = value[\"alert\"].get(\"text\")\n            raise exception_class(message, screen, stacktrace, alert_text)  # type: ignore[call-arg]  # mypy is not smart enough here\n>       raise exception_class(message, screen, stacktrace)\nE       selenium.common.exceptions.NoSuchElementException: Message: no such element: Unable to locate element: {\"method\":\"xpath\",\"selector\":\"//a[@href='/price']\"}\nE         (Session info: chrome-headless-shell=122.0.6261.69); For documentation on this error, please visit: https://www.selenium.dev/documentation/webdriver/troubleshooting/errors#no-such-element-exception\nE       Stacktrace:\nE       #0 0x561c1c53d793 <unknown>\nE       #1 0x561c1c2311c6 <unknown>\nE       #2 0x561c1c27c358 <unknown>\nE       #3 0x561c1c27c411 <unknown>\nE       #4 0x561c1c2bf934 <unknown>\nE       #5 0x561c1c29e3fd <unknown>\nE       #6 0x561c1c2bcdd9 <unknown>\nE       #7 0x561c1c29e173 <unknown>\nE       #8 0x561c1c26f2d3 <unknown>\nE       #9 0x561c1c26fc9e <unknown>\nE       #10 0x561c1c5018cb <unknown>\nE       #11 0x561c1c505745 <unknown>\nE       #12 0x561c1c4ee2e1 <unknown>\nE       #13 0x561c1c5062d2 <unknown>\nE       #14 0x561c1c4d217f <unknown>\nE       #15 0x561c1c52bdc8 <unknown>\nE       #16 0x561c1c52bfc3 <unknown>\nE       #17 0x561c1c53c944 <unknown>\nE       #18 0x7fd5ade31134 <unknown>\n\n/usr/local/lib/python3.11/site-packages/selenium/webdriver/remote/errorhandler.py:245: NoSuchElementException","steps":[{"name":"Проверка функциональности ссылки 'Прайс'","time":{"start":1708823240017,"stop":1708823240029,"duration":12},"status":"broken","statusMessage":"selenium.common.exceptions.NoSuchElementException: Message: no such element: Unable to locate element: {\"method\":\"xpath\",\"selector\":\"//a[@href='/price']\"}\n  (Session info: chrome-headless-shell=122.0.6261.69); For documentation on this error, please visit: https://www.selenium.dev/documentation/webdriver/troubleshooting/errors#no-such-element-exception\nStacktrace:\n#0 0x561c1c53d793 <unknown>\n#1 0x561c1c2311c6 <unknown>\n#2 0x561c1c27c358 <unknown>\n#3 0x561c1c27c411 <unknown>\n#4 0x561c1c2bf934 <unknown>\n#5 0x561c1c29e3fd <unknown>\n#6 0x561c1c2bcdd9 <unknown>\n#7 0x561c1c29e173 <unknown>\n#8 0x561c1c26f2d3 <unknown>\n#9 0x561c1c26fc9e <unknown>\n#10 0x561c1c5018cb <unknown>\n#11 0x561c1c505745 <unknown>\n#12 0x561c1c4ee2e1 <unknown>\n#13 0x561c1c5062d2 <unknown>\n#14 0x561c1c4d217f <unknown>\n#15 0x561c1c52bdc8 <unknown>\n#16 0x561c1c52bfc3 <unknown>\n#17 0x561c1c53c944 <unknown>\n#18 0x7fd5ade31134 <unknown>\n\n","statusTrace":"  File \"/usr/local/lib/python3.11/site-packages/allure_commons/_allure.py\", line 192, in impl\n    return func(*a, **kw)\n           ^^^^^^^^^^^^^^\n  File \"/app/pages/main_page.py\", line 174, in check_price_link\n    self.driver.find_element(*self._price_link).click()\n    ^^^^^^^^^^^^^^^^^^^^^^^^^^^^^^^^^^^^^^^^^^^\n  File \"/usr/local/lib/python3.11/site-packages/selenium/webdriver/remote/webdriver.py\", line 740, in find_element\n    return self.execute(Command.FIND_ELEMENT, {\"using\": by, \"value\": value})[\"value\"]\n           ^^^^^^^^^^^^^^^^^^^^^^^^^^^^^^^^^^^^^^^^^^^^^^^^^^^^^^^^^^^^^^^^^\n  File \"/usr/local/lib/python3.11/site-packages/selenium/webdriver/remote/webdriver.py\", line 346, in execute\n    self.error_handler.check_response(response)\n  File \"/usr/local/lib/python3.11/site-packages/selenium/webdriver/remote/errorhandler.py\", line 245, in check_response\n    raise exception_class(message, screen, stacktrace)\n","steps":[],"attachments":[],"parameters":[],"shouldDisplayMessage":true,"stepsCount":0,"attachmentsCount":0,"hasContent":true,"attachmentStep":false}],"attachments":[{"uid":"3c9a73612d35b8f","name":"Screenshot","source":"3c9a73612d35b8f.png","type":"image/png","size":39106},{"uid":"1d799c32a036d22c","name":"HTML source","source":"1d799c32a036d22c.html","type":"text/html","size":538}],"parameters":[],"shouldDisplayMessage":true,"stepsCount":1,"attachmentsCount":2,"hasContent":true,"attachmentStep":false},"afterStages":[{"name":"setup::0","time":{"start":1708823240135,"stop":1708823240135,"duration":0},"status":"passed","steps":[],"attachments":[],"parameters":[],"shouldDisplayMessage":false,"stepsCount":0,"attachmentsCount":0,"hasContent":false,"attachmentStep":false},{"name":"driver::0","time":{"start":1708823240136,"stop":1708823240193,"duration":57},"status":"passed","steps":[],"attachments":[],"parameters":[],"shouldDisplayMessage":false,"stepsCount":0,"attachmentsCount":0,"hasContent":false,"attachmentStep":false}],"labels":[{"name":"feature","value":"Footer functionality"},{"name":"epic","value":"Main Page"},{"name":"tag","value":"smoke_test"},{"name":"parentSuite","value":"tests"},{"name":"suite","value":"test_main_page"},{"name":"subSuite","value":"TestMainPage"},{"name":"host","value":"fae4715a67ac"},{"name":"thread","value":"1-MainThread"},{"name":"framework","value":"pytest"},{"name":"language","value":"cpython3"},{"name":"package","value":"tests.test_main_page"},{"name":"resultFormat","value":"allure2"}],"parameters":[{"name":"url","value":"'https://test2.stroyrem-nn.ru/'"}],"links":[],"hidden":false,"retry":false,"extra":{"severity":"normal","retries":[],"categories":[{"name":"Test defects","matchedStatuses":[],"flaky":false}],"history":{"statistic":{"failed":0,"broken":163,"skipped":2,"passed":35,"unknown":0,"total":200},"items":[{"uid":"e078baccf8ccf96d","reportUrl":"https://zaelcovsky.github.io/StroyremAutomation/242//#testresult/e078baccf8ccf96d","status":"broken","statusDetails":"selenium.common.exceptions.NoSuchElementException: Message: no such element: Unable to locate element: {\"method\":\"xpath\",\"selector\":\"//a[@href='/price']\"}\n  (Session info: chrome-headless-shell=122.0.6261.69); For documentation on this error, please visit: https://www.selenium.dev/documentation/webdriver/troubleshooting/errors#no-such-element-exception\nStacktrace:\n#0 0x562196291793 <unknown>\n#1 0x562195f851c6 <unknown>\n#2 0x562195fd0358 <unknown>\n#3 0x562195fd0411 <unknown>\n#4 0x562196013934 <unknown>\n#5 0x562195ff23fd <unknown>\n#6 0x562196010dd9 <unknown>\n#7 0x562195ff2173 <unknown>\n#8 0x562195fc32d3 <unknown>\n#9 0x562195fc3c9e <unknown>\n#10 0x5621962558cb <unknown>\n#11 0x562196259745 <unknown>\n#12 0x5621962422e1 <unknown>\n#13 0x56219625a2d2 <unknown>\n#14 0x56219622617f <unknown>\n#15 0x56219627fdc8 <unknown>\n#16 0x56219627ffc3 <unknown>\n#17 0x562196290944 <unknown>\n#18 0x7f1013984134 <unknown>","time":{"start":1708736509496,"stop":1708736509509,"duration":13}},{"uid":"a8cd794bcc8bc6eb","reportUrl":"https://zaelcovsky.github.io/StroyremAutomation/241//#testresult/a8cd794bcc8bc6eb","status":"broken","statusDetails":"selenium.common.exceptions.NoSuchElementException: Message: no such element: Unable to locate element: {\"method\":\"xpath\",\"selector\":\"//a[@href='/price']\"}\n  (Session info: chrome-headless-shell=122.0.6261.69); For documentation on this error, please visit: https://www.selenium.dev/documentation/webdriver/troubleshooting/errors#no-such-element-exception\nStacktrace:\n#0 0x562c6c18d793 <unknown>\n#1 0x562c6be811c6 <unknown>\n#2 0x562c6becc358 <unknown>\n#3 0x562c6becc411 <unknown>\n#4 0x562c6bf0f934 <unknown>\n#5 0x562c6beee3fd <unknown>\n#6 0x562c6bf0cdd9 <unknown>\n#7 0x562c6beee173 <unknown>\n#8 0x562c6bebf2d3 <unknown>\n#9 0x562c6bebfc9e <unknown>\n#10 0x562c6c1518cb <unknown>\n#11 0x562c6c155745 <unknown>\n#12 0x562c6c13e2e1 <unknown>\n#13 0x562c6c1562d2 <unknown>\n#14 0x562c6c12217f <unknown>\n#15 0x562c6c17bdc8 <unknown>\n#16 0x562c6c17bfc3 <unknown>\n#17 0x562c6c18c944 <unknown>\n#18 0x7fe124088134 <unknown>","time":{"start":1708650138174,"stop":1708650138187,"duration":13}},{"uid":"e99cb18d322a8e6a","reportUrl":"https://zaelcovsky.github.io/StroyremAutomation/240//#testresult/e99cb18d322a8e6a","status":"broken","statusDetails":"selenium.common.exceptions.NoSuchElementException: Message: no such element: Unable to locate element: {\"method\":\"xpath\",\"selector\":\"//a[@href='/price']\"}\n  (Session info: chrome-headless-shell=122.0.6261.57); For documentation on this error, please visit: https://www.selenium.dev/documentation/webdriver/troubleshooting/errors#no-such-element-exception\nStacktrace:\n#0 0x55a84ae347d3 <unknown>\n#1 0x55a84ab281c6 <unknown>\n#2 0x55a84ab73358 <unknown>\n#3 0x55a84ab73411 <unknown>\n#4 0x55a84abb6934 <unknown>\n#5 0x55a84ab953fd <unknown>\n#6 0x55a84abb3dd9 <unknown>\n#7 0x55a84ab95173 <unknown>\n#8 0x55a84ab662d3 <unknown>\n#9 0x55a84ab66c9e <unknown>\n#10 0x55a84adf890b <unknown>\n#11 0x55a84adfc785 <unknown>\n#12 0x55a84ade5321 <unknown>\n#13 0x55a84adfd312 <unknown>\n#14 0x55a84adc91bf <unknown>\n#15 0x55a84ae22e08 <unknown>\n#16 0x55a84ae23003 <unknown>\n#17 0x55a84ae33984 <unknown>\n#18 0x7f4226bec134 <unknown>","time":{"start":1708563773854,"stop":1708563773867,"duration":13}},{"uid":"a29a441b98830ee9","reportUrl":"https://zaelcovsky.github.io/StroyremAutomation/239//#testresult/a29a441b98830ee9","status":"broken","statusDetails":"selenium.common.exceptions.NoSuchElementException: Message: no such element: Unable to locate element: {\"method\":\"xpath\",\"selector\":\"//a[@href='/price']\"}\n  (Session info: chrome-headless-shell=122.0.6261.57); For documentation on this error, please visit: https://www.selenium.dev/documentation/webdriver/troubleshooting/errors#no-such-element-exception\nStacktrace:\n#0 0x5574777267d3 <unknown>\n#1 0x55747741a1c6 <unknown>\n#2 0x557477465358 <unknown>\n#3 0x557477465411 <unknown>\n#4 0x5574774a8934 <unknown>\n#5 0x5574774873fd <unknown>\n#6 0x5574774a5dd9 <unknown>\n#7 0x557477487173 <unknown>\n#8 0x5574774582d3 <unknown>\n#9 0x557477458c9e <unknown>\n#10 0x5574776ea90b <unknown>\n#11 0x5574776ee785 <unknown>\n#12 0x5574776d7321 <unknown>\n#13 0x5574776ef312 <unknown>\n#14 0x5574776bb1bf <unknown>\n#15 0x557477714e08 <unknown>\n#16 0x557477715003 <unknown>\n#17 0x557477725984 <unknown>\n#18 0x7fce4d94d134 <unknown>","time":{"start":1708477431765,"stop":1708477431778,"duration":13}},{"uid":"e622fa3fd4e2185c","reportUrl":"https://zaelcovsky.github.io/StroyremAutomation/238//#testresult/e622fa3fd4e2185c","status":"broken","statusDetails":"selenium.common.exceptions.NoSuchElementException: Message: no such element: Unable to locate element: {\"method\":\"xpath\",\"selector\":\"//a[@href='/price']\"}\n  (Session info: chrome-headless-shell=121.0.6167.184); For documentation on this error, please visit: https://www.selenium.dev/documentation/webdriver/troubleshooting/errors#no-such-element-exception\nStacktrace:\n#0 0x55e3381a2303 <unknown>\n#1 0x55e337e872b7 <unknown>\n#2 0x55e337ed2cc0 <unknown>\n#3 0x55e337ed2db1 <unknown>\n#4 0x55e337f16b44 <unknown>\n#5 0x55e337ef53ad <unknown>\n#6 0x55e337f1407c <unknown>\n#7 0x55e337ef5123 <unknown>\n#8 0x55e337ec5095 <unknown>\n#9 0x55e337ec609e <unknown>\n#10 0x55e3381666ab <unknown>\n#11 0x55e33816a4ba <unknown>\n#12 0x55e338152f85 <unknown>\n#13 0x55e33816b12f <unknown>\n#14 0x55e338136e6f <unknown>\n#15 0x55e33818f5f8 <unknown>\n#16 0x55e33818f7c2 <unknown>\n#17 0x55e3381a14a4 <unknown>\n#18 0x7f17d01c5134 <unknown>","time":{"start":1708390961520,"stop":1708390961532,"duration":12}},{"uid":"b95f55ff0f5f4069","reportUrl":"https://zaelcovsky.github.io/StroyremAutomation/237//#testresult/b95f55ff0f5f4069","status":"broken","statusDetails":"selenium.common.exceptions.NoSuchElementException: Message: no such element: Unable to locate element: {\"method\":\"xpath\",\"selector\":\"//a[@href='/price']\"}\n  (Session info: chrome-headless-shell=121.0.6167.184); For documentation on this error, please visit: https://www.selenium.dev/documentation/webdriver/troubleshooting/errors#no-such-element-exception\nStacktrace:\n#0 0x563c3207d303 <unknown>\n#1 0x563c31d622b7 <unknown>\n#2 0x563c31dadcc0 <unknown>\n#3 0x563c31daddb1 <unknown>\n#4 0x563c31df1b44 <unknown>\n#5 0x563c31dd03ad <unknown>\n#6 0x563c31def07c <unknown>\n#7 0x563c31dd0123 <unknown>\n#8 0x563c31da0095 <unknown>\n#9 0x563c31da109e <unknown>\n#10 0x563c320416ab <unknown>\n#11 0x563c320454ba <unknown>\n#12 0x563c3202df85 <unknown>\n#13 0x563c3204612f <unknown>\n#14 0x563c32011e6f <unknown>\n#15 0x563c3206a5f8 <unknown>\n#16 0x563c3206a7c2 <unknown>\n#17 0x563c3207c4a4 <unknown>\n#18 0x7fecc3dce134 <unknown>","time":{"start":1708304744942,"stop":1708304744955,"duration":13}},{"uid":"a69c30d648507ea5","reportUrl":"https://zaelcovsky.github.io/StroyremAutomation/236//#testresult/a69c30d648507ea5","status":"broken","statusDetails":"selenium.common.exceptions.NoSuchElementException: Message: no such element: Unable to locate element: {\"method\":\"xpath\",\"selector\":\"//a[@href='/price']\"}\n  (Session info: chrome-headless-shell=121.0.6167.184); For documentation on this error, please visit: https://www.selenium.dev/documentation/webdriver/troubleshooting/errors#no-such-element-exception\nStacktrace:\n#0 0x55700959e303 <unknown>\n#1 0x5570092832b7 <unknown>\n#2 0x5570092cecc0 <unknown>\n#3 0x5570092cedb1 <unknown>\n#4 0x557009312b44 <unknown>\n#5 0x5570092f13ad <unknown>\n#6 0x55700931007c <unknown>\n#7 0x5570092f1123 <unknown>\n#8 0x5570092c1095 <unknown>\n#9 0x5570092c209e <unknown>\n#10 0x5570095626ab <unknown>\n#11 0x5570095664ba <unknown>\n#12 0x55700954ef85 <unknown>\n#13 0x55700956712f <unknown>\n#14 0x557009532e6f <unknown>\n#15 0x55700958b5f8 <unknown>\n#16 0x55700958b7c2 <unknown>\n#17 0x55700959d4a4 <unknown>\n#18 0x7f3870ae4134 <unknown>","time":{"start":1708218454816,"stop":1708218454829,"duration":13}},{"uid":"62bded47ce99f54","reportUrl":"https://zaelcovsky.github.io/StroyremAutomation/235//#testresult/62bded47ce99f54","status":"broken","statusDetails":"selenium.common.exceptions.NoSuchElementException: Message: no such element: Unable to locate element: {\"method\":\"xpath\",\"selector\":\"//a[@href='/price']\"}\n  (Session info: chrome-headless-shell=121.0.6167.184); For documentation on this error, please visit: https://www.selenium.dev/documentation/webdriver/troubleshooting/errors#no-such-element-exception\nStacktrace:\n#0 0x557d15a02303 <unknown>\n#1 0x557d156e72b7 <unknown>\n#2 0x557d15732cc0 <unknown>\n#3 0x557d15732db1 <unknown>\n#4 0x557d15776b44 <unknown>\n#5 0x557d157553ad <unknown>\n#6 0x557d1577407c <unknown>\n#7 0x557d15755123 <unknown>\n#8 0x557d15725095 <unknown>\n#9 0x557d1572609e <unknown>\n#10 0x557d159c66ab <unknown>\n#11 0x557d159ca4ba <unknown>\n#12 0x557d159b2f85 <unknown>\n#13 0x557d159cb12f <unknown>\n#14 0x557d15996e6f <unknown>\n#15 0x557d159ef5f8 <unknown>\n#16 0x557d159ef7c2 <unknown>\n#17 0x557d15a014a4 <unknown>\n#18 0x7fea8ba49134 <unknown>","time":{"start":1708131755772,"stop":1708131755785,"duration":13}},{"uid":"6a95fba10dbd21d8","reportUrl":"https://zaelcovsky.github.io/StroyremAutomation/234//#testresult/6a95fba10dbd21d8","status":"broken","statusDetails":"selenium.common.exceptions.NoSuchElementException: Message: no such element: Unable to locate element: {\"method\":\"xpath\",\"selector\":\"//a[@href='/price']\"}\n  (Session info: chrome-headless-shell=121.0.6167.85); For documentation on this error, please visit: https://www.selenium.dev/documentation/webdriver/troubleshooting/errors#no-such-element-exception\nStacktrace:\n#0 0x56132596fd93 <unknown>\n#1 0x561325653337 <unknown>\n#2 0x56132569ed60 <unknown>\n#3 0x56132569ee51 <unknown>\n#4 0x5613256e2bc4 <unknown>\n#5 0x5613256c146d <unknown>\n#6 0x5613256e012d <unknown>\n#7 0x5613256c11e3 <unknown>\n#8 0x561325691135 <unknown>\n#9 0x56132569213e <unknown>\n#10 0x561325933e4b <unknown>\n#11 0x561325937dfa <unknown>\n#12 0x5613259206d5 <unknown>\n#13 0x561325938a6f <unknown>\n#14 0x56132590469f <unknown>\n#15 0x56132595d098 <unknown>\n#16 0x56132595d262 <unknown>\n#17 0x56132596ef34 <unknown>\n#18 0x7f6616571134 <unknown>","time":{"start":1708045404569,"stop":1708045404581,"duration":12}},{"uid":"c970b5e4d1e1b842","reportUrl":"https://zaelcovsky.github.io/StroyremAutomation/233//#testresult/c970b5e4d1e1b842","status":"broken","statusDetails":"selenium.common.exceptions.NoSuchElementException: Message: no such element: Unable to locate element: {\"method\":\"xpath\",\"selector\":\"//a[@href='/price']\"}\n  (Session info: chrome-headless-shell=121.0.6167.85); For documentation on this error, please visit: https://www.selenium.dev/documentation/webdriver/troubleshooting/errors#no-such-element-exception\nStacktrace:\n#0 0x5647738fbd93 <unknown>\n#1 0x5647735df337 <unknown>\n#2 0x56477362ad60 <unknown>\n#3 0x56477362ae51 <unknown>\n#4 0x56477366ebc4 <unknown>\n#5 0x56477364d46d <unknown>\n#6 0x56477366c12d <unknown>\n#7 0x56477364d1e3 <unknown>\n#8 0x56477361d135 <unknown>\n#9 0x56477361e13e <unknown>\n#10 0x5647738bfe4b <unknown>\n#11 0x5647738c3dfa <unknown>\n#12 0x5647738ac6d5 <unknown>\n#13 0x5647738c4a6f <unknown>\n#14 0x56477389069f <unknown>\n#15 0x5647738e9098 <unknown>\n#16 0x5647738e9262 <unknown>\n#17 0x5647738faf34 <unknown>\n#18 0x7f63f4df9134 <unknown>","time":{"start":1707959085876,"stop":1707959085889,"duration":13}},{"uid":"c7a25d0d0be52b29","reportUrl":"https://zaelcovsky.github.io/StroyremAutomation/232//#testresult/c7a25d0d0be52b29","status":"broken","statusDetails":"selenium.common.exceptions.NoSuchElementException: Message: no such element: Unable to locate element: {\"method\":\"xpath\",\"selector\":\"//a[@href='/price']\"}\n  (Session info: chrome-headless-shell=121.0.6167.85); For documentation on this error, please visit: https://www.selenium.dev/documentation/webdriver/troubleshooting/errors#no-such-element-exception\nStacktrace:\n#0 0x560e2a6b5d93 <unknown>\n#1 0x560e2a399337 <unknown>\n#2 0x560e2a3e4d60 <unknown>\n#3 0x560e2a3e4e51 <unknown>\n#4 0x560e2a428bc4 <unknown>\n#5 0x560e2a40746d <unknown>\n#6 0x560e2a42612d <unknown>\n#7 0x560e2a4071e3 <unknown>\n#8 0x560e2a3d7135 <unknown>\n#9 0x560e2a3d813e <unknown>\n#10 0x560e2a679e4b <unknown>\n#11 0x560e2a67ddfa <unknown>\n#12 0x560e2a6666d5 <unknown>\n#13 0x560e2a67ea6f <unknown>\n#14 0x560e2a64a69f <unknown>\n#15 0x560e2a6a3098 <unknown>\n#16 0x560e2a6a3262 <unknown>\n#17 0x560e2a6b4f34 <unknown>\n#18 0x7f4c7c476134 <unknown>","time":{"start":1707872653366,"stop":1707872653379,"duration":13}},{"uid":"1c9ffa799872b6c9","reportUrl":"https://zaelcovsky.github.io/StroyremAutomation/231//#testresult/1c9ffa799872b6c9","status":"broken","statusDetails":"selenium.common.exceptions.NoSuchElementException: Message: no such element: Unable to locate element: {\"method\":\"xpath\",\"selector\":\"//a[@href='/price']\"}\n  (Session info: chrome-headless-shell=121.0.6167.85); For documentation on this error, please visit: https://www.selenium.dev/documentation/webdriver/troubleshooting/errors#no-such-element-exception\nStacktrace:\n#0 0x56369c738d93 <unknown>\n#1 0x56369c41c337 <unknown>\n#2 0x56369c467d60 <unknown>\n#3 0x56369c467e51 <unknown>\n#4 0x56369c4abbc4 <unknown>\n#5 0x56369c48a46d <unknown>\n#6 0x56369c4a912d <unknown>\n#7 0x56369c48a1e3 <unknown>\n#8 0x56369c45a135 <unknown>\n#9 0x56369c45b13e <unknown>\n#10 0x56369c6fce4b <unknown>\n#11 0x56369c700dfa <unknown>\n#12 0x56369c6e96d5 <unknown>\n#13 0x56369c701a6f <unknown>\n#14 0x56369c6cd69f <unknown>\n#15 0x56369c726098 <unknown>\n#16 0x56369c726262 <unknown>\n#17 0x56369c737f34 <unknown>\n#18 0x7f9813243134 <unknown>","time":{"start":1707786324175,"stop":1707786324188,"duration":13}},{"uid":"5293568e1b822947","reportUrl":"https://zaelcovsky.github.io/StroyremAutomation/230//#testresult/5293568e1b822947","status":"broken","statusDetails":"selenium.common.exceptions.NoSuchElementException: Message: no such element: Unable to locate element: {\"method\":\"xpath\",\"selector\":\"//a[@href='/price']\"}\n  (Session info: chrome-headless-shell=121.0.6167.85); For documentation on this error, please visit: https://www.selenium.dev/documentation/webdriver/troubleshooting/errors#no-such-element-exception\nStacktrace:\n#0 0x5603af7c0d93 <unknown>\n#1 0x5603af4a4337 <unknown>\n#2 0x5603af4efd60 <unknown>\n#3 0x5603af4efe51 <unknown>\n#4 0x5603af533bc4 <unknown>\n#5 0x5603af51246d <unknown>\n#6 0x5603af53112d <unknown>\n#7 0x5603af5121e3 <unknown>\n#8 0x5603af4e2135 <unknown>\n#9 0x5603af4e313e <unknown>\n#10 0x5603af784e4b <unknown>\n#11 0x5603af788dfa <unknown>\n#12 0x5603af7716d5 <unknown>\n#13 0x5603af789a6f <unknown>\n#14 0x5603af75569f <unknown>\n#15 0x5603af7ae098 <unknown>\n#16 0x5603af7ae262 <unknown>\n#17 0x5603af7bff34 <unknown>\n#18 0x7fe699f92134 <unknown>","time":{"start":1707699853796,"stop":1707699853809,"duration":13}},{"uid":"fac6a573db282be0","reportUrl":"https://zaelcovsky.github.io/StroyremAutomation/229//#testresult/fac6a573db282be0","status":"broken","statusDetails":"selenium.common.exceptions.NoSuchElementException: Message: no such element: Unable to locate element: {\"method\":\"xpath\",\"selector\":\"//a[@href='/price']\"}\n  (Session info: chrome-headless-shell=121.0.6167.85); For documentation on this error, please visit: https://www.selenium.dev/documentation/webdriver/troubleshooting/errors#no-such-element-exception\nStacktrace:\n#0 0x5634cb01ed93 <unknown>\n#1 0x5634cad02337 <unknown>\n#2 0x5634cad4dd60 <unknown>\n#3 0x5634cad4de51 <unknown>\n#4 0x5634cad91bc4 <unknown>\n#5 0x5634cad7046d <unknown>\n#6 0x5634cad8f12d <unknown>\n#7 0x5634cad701e3 <unknown>\n#8 0x5634cad40135 <unknown>\n#9 0x5634cad4113e <unknown>\n#10 0x5634cafe2e4b <unknown>\n#11 0x5634cafe6dfa <unknown>\n#12 0x5634cafcf6d5 <unknown>\n#13 0x5634cafe7a6f <unknown>\n#14 0x5634cafb369f <unknown>\n#15 0x5634cb00c098 <unknown>\n#16 0x5634cb00c262 <unknown>\n#17 0x5634cb01df34 <unknown>\n#18 0x7f1ba1183134 <unknown>","time":{"start":1707613677351,"stop":1707613677364,"duration":13}},{"uid":"45f8ac66345fdccf","reportUrl":"https://zaelcovsky.github.io/StroyremAutomation/228//#testresult/45f8ac66345fdccf","status":"broken","statusDetails":"selenium.common.exceptions.NoSuchElementException: Message: no such element: Unable to locate element: {\"method\":\"xpath\",\"selector\":\"//a[@href='/price']\"}\n  (Session info: chrome-headless-shell=121.0.6167.85); For documentation on this error, please visit: https://www.selenium.dev/documentation/webdriver/troubleshooting/errors#no-such-element-exception\nStacktrace:\n#0 0x5560e2f24d93 <unknown>\n#1 0x5560e2c08337 <unknown>\n#2 0x5560e2c53d60 <unknown>\n#3 0x5560e2c53e51 <unknown>\n#4 0x5560e2c97bc4 <unknown>\n#5 0x5560e2c7646d <unknown>\n#6 0x5560e2c9512d <unknown>\n#7 0x5560e2c761e3 <unknown>\n#8 0x5560e2c46135 <unknown>\n#9 0x5560e2c4713e <unknown>\n#10 0x5560e2ee8e4b <unknown>\n#11 0x5560e2eecdfa <unknown>\n#12 0x5560e2ed56d5 <unknown>\n#13 0x5560e2eeda6f <unknown>\n#14 0x5560e2eb969f <unknown>\n#15 0x5560e2f12098 <unknown>\n#16 0x5560e2f12262 <unknown>\n#17 0x5560e2f23f34 <unknown>\n#18 0x7faa525cf134 <unknown>","time":{"start":1707526889399,"stop":1707526889412,"duration":13}},{"uid":"2e14946bd963445","reportUrl":"https://zaelcovsky.github.io/StroyremAutomation/227//#testresult/2e14946bd963445","status":"broken","statusDetails":"selenium.common.exceptions.NoSuchElementException: Message: no such element: Unable to locate element: {\"method\":\"xpath\",\"selector\":\"//a[@href='/price']\"}\n  (Session info: chrome-headless-shell=121.0.6167.85); For documentation on this error, please visit: https://www.selenium.dev/documentation/webdriver/troubleshooting/errors#no-such-element-exception\nStacktrace:\n#0 0x55f375c4cd93 <unknown>\n#1 0x55f375930337 <unknown>\n#2 0x55f37597bd60 <unknown>\n#3 0x55f37597be51 <unknown>\n#4 0x55f3759bfbc4 <unknown>\n#5 0x55f37599e46d <unknown>\n#6 0x55f3759bd12d <unknown>\n#7 0x55f37599e1e3 <unknown>\n#8 0x55f37596e135 <unknown>\n#9 0x55f37596f13e <unknown>\n#10 0x55f375c10e4b <unknown>\n#11 0x55f375c14dfa <unknown>\n#12 0x55f375bfd6d5 <unknown>\n#13 0x55f375c15a6f <unknown>\n#14 0x55f375be169f <unknown>\n#15 0x55f375c3a098 <unknown>\n#16 0x55f375c3a262 <unknown>\n#17 0x55f375c4bf34 <unknown>\n#18 0x7f33444fd134 <unknown>","time":{"start":1707440576829,"stop":1707440576842,"duration":13}},{"uid":"72e22a7a86ee228e","reportUrl":"https://zaelcovsky.github.io/StroyremAutomation/226//#testresult/72e22a7a86ee228e","status":"broken","statusDetails":"selenium.common.exceptions.NoSuchElementException: Message: no such element: Unable to locate element: {\"method\":\"xpath\",\"selector\":\"//a[@href='/price']\"}\n  (Session info: chrome-headless-shell=121.0.6167.85); For documentation on this error, please visit: https://www.selenium.dev/documentation/webdriver/troubleshooting/errors#no-such-element-exception\nStacktrace:\n#0 0x557b93fb9d93 <unknown>\n#1 0x557b93c9d337 <unknown>\n#2 0x557b93ce8d60 <unknown>\n#3 0x557b93ce8e51 <unknown>\n#4 0x557b93d2cbc4 <unknown>\n#5 0x557b93d0b46d <unknown>\n#6 0x557b93d2a12d <unknown>\n#7 0x557b93d0b1e3 <unknown>\n#8 0x557b93cdb135 <unknown>\n#9 0x557b93cdc13e <unknown>\n#10 0x557b93f7de4b <unknown>\n#11 0x557b93f81dfa <unknown>\n#12 0x557b93f6a6d5 <unknown>\n#13 0x557b93f82a6f <unknown>\n#14 0x557b93f4e69f <unknown>\n#15 0x557b93fa7098 <unknown>\n#16 0x557b93fa7262 <unknown>\n#17 0x557b93fb8f34 <unknown>\n#18 0x7fd347b47134 <unknown>","time":{"start":1707354164512,"stop":1707354164525,"duration":13}},{"uid":"b00f001ff0a3198f","reportUrl":"https://zaelcovsky.github.io/StroyremAutomation/225//#testresult/b00f001ff0a3198f","status":"broken","statusDetails":"selenium.common.exceptions.NoSuchElementException: Message: no such element: Unable to locate element: {\"method\":\"xpath\",\"selector\":\"//a[@href='/price']\"}\n  (Session info: chrome-headless-shell=121.0.6167.85); For documentation on this error, please visit: https://www.selenium.dev/documentation/webdriver/troubleshooting/errors#no-such-element-exception\nStacktrace:\n#0 0x55e6da466d93 <unknown>\n#1 0x55e6da14a337 <unknown>\n#2 0x55e6da195d60 <unknown>\n#3 0x55e6da195e51 <unknown>\n#4 0x55e6da1d9bc4 <unknown>\n#5 0x55e6da1b846d <unknown>\n#6 0x55e6da1d712d <unknown>\n#7 0x55e6da1b81e3 <unknown>\n#8 0x55e6da188135 <unknown>\n#9 0x55e6da18913e <unknown>\n#10 0x55e6da42ae4b <unknown>\n#11 0x55e6da42edfa <unknown>\n#12 0x55e6da4176d5 <unknown>\n#13 0x55e6da42fa6f <unknown>\n#14 0x55e6da3fb69f <unknown>\n#15 0x55e6da454098 <unknown>\n#16 0x55e6da454262 <unknown>\n#17 0x55e6da465f34 <unknown>\n#18 0x7fa2a251a134 <unknown>","time":{"start":1707267711076,"stop":1707267711088,"duration":12}},{"uid":"bec264885fa34518","reportUrl":"https://zaelcovsky.github.io/StroyremAutomation/224//#testresult/bec264885fa34518","status":"broken","statusDetails":"selenium.common.exceptions.NoSuchElementException: Message: no such element: Unable to locate element: {\"method\":\"xpath\",\"selector\":\"//a[@href='/price']\"}\n  (Session info: chrome-headless-shell=121.0.6167.85); For documentation on this error, please visit: https://www.selenium.dev/documentation/webdriver/troubleshooting/errors#no-such-element-exception\nStacktrace:\n#0 0x5569c6f00d93 <unknown>\n#1 0x5569c6be4337 <unknown>\n#2 0x5569c6c2fd60 <unknown>\n#3 0x5569c6c2fe51 <unknown>\n#4 0x5569c6c73bc4 <unknown>\n#5 0x5569c6c5246d <unknown>\n#6 0x5569c6c7112d <unknown>\n#7 0x5569c6c521e3 <unknown>\n#8 0x5569c6c22135 <unknown>\n#9 0x5569c6c2313e <unknown>\n#10 0x5569c6ec4e4b <unknown>\n#11 0x5569c6ec8dfa <unknown>\n#12 0x5569c6eb16d5 <unknown>\n#13 0x5569c6ec9a6f <unknown>\n#14 0x5569c6e9569f <unknown>\n#15 0x5569c6eee098 <unknown>\n#16 0x5569c6eee262 <unknown>\n#17 0x5569c6efff34 <unknown>\n#18 0x7f925d3ea134 <unknown>","time":{"start":1707181413946,"stop":1707181413959,"duration":13}},{"uid":"b3ea9f4d8b129d6d","reportUrl":"https://zaelcovsky.github.io/StroyremAutomation/223//#testresult/b3ea9f4d8b129d6d","status":"broken","statusDetails":"selenium.common.exceptions.NoSuchElementException: Message: no such element: Unable to locate element: {\"method\":\"xpath\",\"selector\":\"//a[@href='/price']\"}\n  (Session info: chrome-headless-shell=121.0.6167.85); For documentation on this error, please visit: https://www.selenium.dev/documentation/webdriver/troubleshooting/errors#no-such-element-exception\nStacktrace:\n#0 0x55eb04c9fd93 <unknown>\n#1 0x55eb04983337 <unknown>\n#2 0x55eb049ced60 <unknown>\n#3 0x55eb049cee51 <unknown>\n#4 0x55eb04a12bc4 <unknown>\n#5 0x55eb049f146d <unknown>\n#6 0x55eb04a1012d <unknown>\n#7 0x55eb049f11e3 <unknown>\n#8 0x55eb049c1135 <unknown>\n#9 0x55eb049c213e <unknown>\n#10 0x55eb04c63e4b <unknown>\n#11 0x55eb04c67dfa <unknown>\n#12 0x55eb04c506d5 <unknown>\n#13 0x55eb04c68a6f <unknown>\n#14 0x55eb04c3469f <unknown>\n#15 0x55eb04c8d098 <unknown>\n#16 0x55eb04c8d262 <unknown>\n#17 0x55eb04c9ef34 <unknown>\n#18 0x7fa05990b134 <unknown>","time":{"start":1707095140571,"stop":1707095140584,"duration":13}}]},"tags":["smoke_test"]},"source":"ae5f18051b1796e6.json","parameterValues":["'https://test2.stroyrem-nn.ru/'"]}