{"uid":"1e9a05d86c2664b9","name":"TC 014 - Проверка функциональности ссылки 'Оплатить заказ'","fullName":"tests.test_main_page.TestMainPage#test_positive_footer_payment_order_smoke","historyId":"534ccbf5f4c791c824cbd75395f48a3b","time":{"start":1705108102423,"stop":1705108102436,"duration":13},"status":"broken","statusMessage":"selenium.common.exceptions.NoSuchElementException: Message: no such element: Unable to locate element: {\"method\":\"xpath\",\"selector\":\"(//a[@href='#order-pay'])[3]\"}\n  (Session info: chrome-headless-shell=120.0.6099.109); For documentation on this error, please visit: https://www.selenium.dev/documentation/webdriver/troubleshooting/errors#no-such-element-exception\nStacktrace:\n#0 0x557f36111f83 <unknown>\n#1 0x557f35dcacf7 <unknown>\n#2 0x557f35e1a99e <unknown>\n#3 0x557f35e1aaa1 <unknown>\n#4 0x557f35e65d64 <unknown>\n#5 0x557f35e440dd <unknown>\n#6 0x557f35e63006 <unknown>\n#7 0x557f35e43e53 <unknown>\n#8 0x557f35e0bdd4 <unknown>\n#9 0x557f35e0d1de <unknown>\n#10 0x557f360d6531 <unknown>\n#11 0x557f360da455 <unknown>\n#12 0x557f360c2f55 <unknown>\n#13 0x557f360db0ef <unknown>\n#14 0x557f360a699f <unknown>\n#15 0x557f360ff008 <unknown>\n#16 0x557f360ff1d7 <unknown>\n#17 0x557f36111124 <unknown>\n#18 0x7ff673f3b044 <unknown>","statusTrace":"self = <tests.test_main_page.TestMainPage object at 0x7ff09d409750>\nmain_page = <pages.main_page.MainPage object at 0x7ff09cf73390>\n\n    @allure.feature(\"Footer functionality\")\n    @allure.title(\"TC 014 - Проверка функциональности ссылки 'Оплатить заказ'\")\n    @pytest.mark.smoke_test\n    def test_positive_footer_payment_order_smoke(self, main_page):\n>       title = main_page.check_payment_order_link()\n\ntests/test_main_page.py:131: \n_ _ _ _ _ _ _ _ _ _ _ _ _ _ _ _ _ _ _ _ _ _ _ _ _ _ _ _ _ _ _ _ _ _ _ _ _ _ _ _ \npages/main_page.py:161: in check_payment_order_link\n    self.driver.find_element(*self._payment_order_link).click()\n/usr/local/lib/python3.11/site-packages/selenium/webdriver/remote/webdriver.py:740: in find_element\n    return self.execute(Command.FIND_ELEMENT, {\"using\": by, \"value\": value})[\"value\"]\n/usr/local/lib/python3.11/site-packages/selenium/webdriver/remote/webdriver.py:346: in execute\n    self.error_handler.check_response(response)\n_ _ _ _ _ _ _ _ _ _ _ _ _ _ _ _ _ _ _ _ _ _ _ _ _ _ _ _ _ _ _ _ _ _ _ _ _ _ _ _ \n\nself = <selenium.webdriver.remote.errorhandler.ErrorHandler object at 0x7ff09cd33050>\nresponse = {'status': 404, 'value': '{\"value\":{\"error\":\"no such element\",\"message\":\"no such element: Unable to locate element: {\\...\\\\n#16 0x557f360ff1d7 \\\\u003Cunknown>\\\\n#17 0x557f36111124 \\\\u003Cunknown>\\\\n#18 0x7ff673f3b044 \\\\u003Cunknown>\\\\n\"}}'}\n\n    def check_response(self, response: Dict[str, Any]) -> None:\n        \"\"\"Checks that a JSON response from the WebDriver does not have an\n        error.\n    \n        :Args:\n         - response - The JSON response from the WebDriver server as a dictionary\n           object.\n    \n        :Raises: If the response contains an error message.\n        \"\"\"\n        status = response.get(\"status\", None)\n        if not status or status == ErrorCode.SUCCESS:\n            return\n        value = None\n        message = response.get(\"message\", \"\")\n        screen: str = response.get(\"screen\", \"\")\n        stacktrace = None\n        if isinstance(status, int):\n            value_json = response.get(\"value\", None)\n            if value_json and isinstance(value_json, str):\n                import json\n    \n                try:\n                    value = json.loads(value_json)\n                    if len(value) == 1:\n                        value = value[\"value\"]\n                    status = value.get(\"error\", None)\n                    if not status:\n                        status = value.get(\"status\", ErrorCode.UNKNOWN_ERROR)\n                        message = value.get(\"value\") or value.get(\"message\")\n                        if not isinstance(message, str):\n                            value = message\n                            message = message.get(\"message\")\n                    else:\n                        message = value.get(\"message\", None)\n                except ValueError:\n                    pass\n    \n        exception_class: Type[WebDriverException]\n        if status in ErrorCode.NO_SUCH_ELEMENT:\n            exception_class = NoSuchElementException\n        elif status in ErrorCode.NO_SUCH_FRAME:\n            exception_class = NoSuchFrameException\n        elif status in ErrorCode.NO_SUCH_SHADOW_ROOT:\n            exception_class = NoSuchShadowRootException\n        elif status in ErrorCode.NO_SUCH_WINDOW:\n            exception_class = NoSuchWindowException\n        elif status in ErrorCode.STALE_ELEMENT_REFERENCE:\n            exception_class = StaleElementReferenceException\n        elif status in ErrorCode.ELEMENT_NOT_VISIBLE:\n            exception_class = ElementNotVisibleException\n        elif status in ErrorCode.INVALID_ELEMENT_STATE:\n            exception_class = InvalidElementStateException\n        elif (\n            status in ErrorCode.INVALID_SELECTOR\n            or status in ErrorCode.INVALID_XPATH_SELECTOR\n            or status in ErrorCode.INVALID_XPATH_SELECTOR_RETURN_TYPER\n        ):\n            exception_class = InvalidSelectorException\n        elif status in ErrorCode.ELEMENT_IS_NOT_SELECTABLE:\n            exception_class = ElementNotSelectableException\n        elif status in ErrorCode.ELEMENT_NOT_INTERACTABLE:\n            exception_class = ElementNotInteractableException\n        elif status in ErrorCode.INVALID_COOKIE_DOMAIN:\n            exception_class = InvalidCookieDomainException\n        elif status in ErrorCode.UNABLE_TO_SET_COOKIE:\n            exception_class = UnableToSetCookieException\n        elif status in ErrorCode.TIMEOUT:\n            exception_class = TimeoutException\n        elif status in ErrorCode.SCRIPT_TIMEOUT:\n            exception_class = TimeoutException\n        elif status in ErrorCode.UNKNOWN_ERROR:\n            exception_class = WebDriverException\n        elif status in ErrorCode.UNEXPECTED_ALERT_OPEN:\n            exception_class = UnexpectedAlertPresentException\n        elif status in ErrorCode.NO_ALERT_OPEN:\n            exception_class = NoAlertPresentException\n        elif status in ErrorCode.IME_NOT_AVAILABLE:\n            exception_class = ImeNotAvailableException\n        elif status in ErrorCode.IME_ENGINE_ACTIVATION_FAILED:\n            exception_class = ImeActivationFailedException\n        elif status in ErrorCode.MOVE_TARGET_OUT_OF_BOUNDS:\n            exception_class = MoveTargetOutOfBoundsException\n        elif status in ErrorCode.JAVASCRIPT_ERROR:\n            exception_class = JavascriptException\n        elif status in ErrorCode.SESSION_NOT_CREATED:\n            exception_class = SessionNotCreatedException\n        elif status in ErrorCode.INVALID_ARGUMENT:\n            exception_class = InvalidArgumentException\n        elif status in ErrorCode.NO_SUCH_COOKIE:\n            exception_class = NoSuchCookieException\n        elif status in ErrorCode.UNABLE_TO_CAPTURE_SCREEN:\n            exception_class = ScreenshotException\n        elif status in ErrorCode.ELEMENT_CLICK_INTERCEPTED:\n            exception_class = ElementClickInterceptedException\n        elif status in ErrorCode.INSECURE_CERTIFICATE:\n            exception_class = InsecureCertificateException\n        elif status in ErrorCode.INVALID_COORDINATES:\n            exception_class = InvalidCoordinatesException\n        elif status in ErrorCode.INVALID_SESSION_ID:\n            exception_class = InvalidSessionIdException\n        elif status in ErrorCode.UNKNOWN_METHOD:\n            exception_class = UnknownMethodException\n        else:\n            exception_class = WebDriverException\n        if not value:\n            value = response[\"value\"]\n        if isinstance(value, str):\n            raise exception_class(value)\n        if message == \"\" and \"message\" in value:\n            message = value[\"message\"]\n    \n        screen = None  # type: ignore[assignment]\n        if \"screen\" in value:\n            screen = value[\"screen\"]\n    \n        stacktrace = None\n        st_value = value.get(\"stackTrace\") or value.get(\"stacktrace\")\n        if st_value:\n            if isinstance(st_value, str):\n                stacktrace = st_value.split(\"\\n\")\n            else:\n                stacktrace = []\n                try:\n                    for frame in st_value:\n                        line = frame.get(\"lineNumber\", \"\")\n                        file = frame.get(\"fileName\", \"<anonymous>\")\n                        if line:\n                            file = f\"{file}:{line}\"\n                        meth = frame.get(\"methodName\", \"<anonymous>\")\n                        if \"className\" in frame:\n                            meth = f\"{frame['className']}.{meth}\"\n                        msg = \"    at %s (%s)\"\n                        msg = msg % (meth, file)\n                        stacktrace.append(msg)\n                except TypeError:\n                    pass\n        if exception_class == UnexpectedAlertPresentException:\n            alert_text = None\n            if \"data\" in value:\n                alert_text = value[\"data\"].get(\"text\")\n            elif \"alert\" in value:\n                alert_text = value[\"alert\"].get(\"text\")\n            raise exception_class(message, screen, stacktrace, alert_text)  # type: ignore[call-arg]  # mypy is not smart enough here\n>       raise exception_class(message, screen, stacktrace)\nE       selenium.common.exceptions.NoSuchElementException: Message: no such element: Unable to locate element: {\"method\":\"xpath\",\"selector\":\"(//a[@href='#order-pay'])[3]\"}\nE         (Session info: chrome-headless-shell=120.0.6099.109); For documentation on this error, please visit: https://www.selenium.dev/documentation/webdriver/troubleshooting/errors#no-such-element-exception\nE       Stacktrace:\nE       #0 0x557f36111f83 <unknown>\nE       #1 0x557f35dcacf7 <unknown>\nE       #2 0x557f35e1a99e <unknown>\nE       #3 0x557f35e1aaa1 <unknown>\nE       #4 0x557f35e65d64 <unknown>\nE       #5 0x557f35e440dd <unknown>\nE       #6 0x557f35e63006 <unknown>\nE       #7 0x557f35e43e53 <unknown>\nE       #8 0x557f35e0bdd4 <unknown>\nE       #9 0x557f35e0d1de <unknown>\nE       #10 0x557f360d6531 <unknown>\nE       #11 0x557f360da455 <unknown>\nE       #12 0x557f360c2f55 <unknown>\nE       #13 0x557f360db0ef <unknown>\nE       #14 0x557f360a699f <unknown>\nE       #15 0x557f360ff008 <unknown>\nE       #16 0x557f360ff1d7 <unknown>\nE       #17 0x557f36111124 <unknown>\nE       #18 0x7ff673f3b044 <unknown>\n\n/usr/local/lib/python3.11/site-packages/selenium/webdriver/remote/errorhandler.py:245: NoSuchElementException","flaky":false,"newFailed":false,"newBroken":false,"newPassed":false,"retriesCount":0,"retriesStatusChange":false,"beforeStages":[{"name":"_session_faker","time":{"start":1705107884174,"stop":1705107884241,"duration":67},"status":"passed","steps":[],"attachments":[],"parameters":[],"shouldDisplayMessage":false,"stepsCount":0,"attachmentsCount":0,"hasContent":false,"attachmentStep":false},{"name":"clear_allure_results_folder","time":{"start":1705107884241,"stop":1705107884241,"duration":0},"status":"passed","steps":[],"attachments":[],"parameters":[],"shouldDisplayMessage":false,"stepsCount":0,"attachmentsCount":0,"hasContent":false,"attachmentStep":false},{"name":"driver","time":{"start":1705108101158,"stop":1705108101892,"duration":734},"status":"passed","steps":[],"attachments":[],"parameters":[],"shouldDisplayMessage":false,"stepsCount":0,"attachmentsCount":0,"hasContent":false,"attachmentStep":false},{"name":"main_page","time":{"start":1705108101892,"stop":1705108102423,"duration":531},"status":"passed","steps":[],"attachments":[],"parameters":[],"shouldDisplayMessage":false,"stepsCount":0,"attachmentsCount":0,"hasContent":false,"attachmentStep":false},{"name":"setup","time":{"start":1705108101892,"stop":1705108101892,"duration":0},"status":"passed","steps":[],"attachments":[],"parameters":[],"shouldDisplayMessage":false,"stepsCount":0,"attachmentsCount":0,"hasContent":false,"attachmentStep":false}],"testStage":{"status":"broken","statusMessage":"selenium.common.exceptions.NoSuchElementException: Message: no such element: Unable to locate element: {\"method\":\"xpath\",\"selector\":\"(//a[@href='#order-pay'])[3]\"}\n  (Session info: chrome-headless-shell=120.0.6099.109); For documentation on this error, please visit: https://www.selenium.dev/documentation/webdriver/troubleshooting/errors#no-such-element-exception\nStacktrace:\n#0 0x557f36111f83 <unknown>\n#1 0x557f35dcacf7 <unknown>\n#2 0x557f35e1a99e <unknown>\n#3 0x557f35e1aaa1 <unknown>\n#4 0x557f35e65d64 <unknown>\n#5 0x557f35e440dd <unknown>\n#6 0x557f35e63006 <unknown>\n#7 0x557f35e43e53 <unknown>\n#8 0x557f35e0bdd4 <unknown>\n#9 0x557f35e0d1de <unknown>\n#10 0x557f360d6531 <unknown>\n#11 0x557f360da455 <unknown>\n#12 0x557f360c2f55 <unknown>\n#13 0x557f360db0ef <unknown>\n#14 0x557f360a699f <unknown>\n#15 0x557f360ff008 <unknown>\n#16 0x557f360ff1d7 <unknown>\n#17 0x557f36111124 <unknown>\n#18 0x7ff673f3b044 <unknown>","statusTrace":"self = <tests.test_main_page.TestMainPage object at 0x7ff09d409750>\nmain_page = <pages.main_page.MainPage object at 0x7ff09cf73390>\n\n    @allure.feature(\"Footer functionality\")\n    @allure.title(\"TC 014 - Проверка функциональности ссылки 'Оплатить заказ'\")\n    @pytest.mark.smoke_test\n    def test_positive_footer_payment_order_smoke(self, main_page):\n>       title = main_page.check_payment_order_link()\n\ntests/test_main_page.py:131: \n_ _ _ _ _ _ _ _ _ _ _ _ _ _ _ _ _ _ _ _ _ _ _ _ _ _ _ _ _ _ _ _ _ _ _ _ _ _ _ _ \npages/main_page.py:161: in check_payment_order_link\n    self.driver.find_element(*self._payment_order_link).click()\n/usr/local/lib/python3.11/site-packages/selenium/webdriver/remote/webdriver.py:740: in find_element\n    return self.execute(Command.FIND_ELEMENT, {\"using\": by, \"value\": value})[\"value\"]\n/usr/local/lib/python3.11/site-packages/selenium/webdriver/remote/webdriver.py:346: in execute\n    self.error_handler.check_response(response)\n_ _ _ _ _ _ _ _ _ _ _ _ _ _ _ _ _ _ _ _ _ _ _ _ _ _ _ _ _ _ _ _ _ _ _ _ _ _ _ _ \n\nself = <selenium.webdriver.remote.errorhandler.ErrorHandler object at 0x7ff09cd33050>\nresponse = {'status': 404, 'value': '{\"value\":{\"error\":\"no such element\",\"message\":\"no such element: Unable to locate element: {\\...\\\\n#16 0x557f360ff1d7 \\\\u003Cunknown>\\\\n#17 0x557f36111124 \\\\u003Cunknown>\\\\n#18 0x7ff673f3b044 \\\\u003Cunknown>\\\\n\"}}'}\n\n    def check_response(self, response: Dict[str, Any]) -> None:\n        \"\"\"Checks that a JSON response from the WebDriver does not have an\n        error.\n    \n        :Args:\n         - response - The JSON response from the WebDriver server as a dictionary\n           object.\n    \n        :Raises: If the response contains an error message.\n        \"\"\"\n        status = response.get(\"status\", None)\n        if not status or status == ErrorCode.SUCCESS:\n            return\n        value = None\n        message = response.get(\"message\", \"\")\n        screen: str = response.get(\"screen\", \"\")\n        stacktrace = None\n        if isinstance(status, int):\n            value_json = response.get(\"value\", None)\n            if value_json and isinstance(value_json, str):\n                import json\n    \n                try:\n                    value = json.loads(value_json)\n                    if len(value) == 1:\n                        value = value[\"value\"]\n                    status = value.get(\"error\", None)\n                    if not status:\n                        status = value.get(\"status\", ErrorCode.UNKNOWN_ERROR)\n                        message = value.get(\"value\") or value.get(\"message\")\n                        if not isinstance(message, str):\n                            value = message\n                            message = message.get(\"message\")\n                    else:\n                        message = value.get(\"message\", None)\n                except ValueError:\n                    pass\n    \n        exception_class: Type[WebDriverException]\n        if status in ErrorCode.NO_SUCH_ELEMENT:\n            exception_class = NoSuchElementException\n        elif status in ErrorCode.NO_SUCH_FRAME:\n            exception_class = NoSuchFrameException\n        elif status in ErrorCode.NO_SUCH_SHADOW_ROOT:\n            exception_class = NoSuchShadowRootException\n        elif status in ErrorCode.NO_SUCH_WINDOW:\n            exception_class = NoSuchWindowException\n        elif status in ErrorCode.STALE_ELEMENT_REFERENCE:\n            exception_class = StaleElementReferenceException\n        elif status in ErrorCode.ELEMENT_NOT_VISIBLE:\n            exception_class = ElementNotVisibleException\n        elif status in ErrorCode.INVALID_ELEMENT_STATE:\n            exception_class = InvalidElementStateException\n        elif (\n            status in ErrorCode.INVALID_SELECTOR\n            or status in ErrorCode.INVALID_XPATH_SELECTOR\n            or status in ErrorCode.INVALID_XPATH_SELECTOR_RETURN_TYPER\n        ):\n            exception_class = InvalidSelectorException\n        elif status in ErrorCode.ELEMENT_IS_NOT_SELECTABLE:\n            exception_class = ElementNotSelectableException\n        elif status in ErrorCode.ELEMENT_NOT_INTERACTABLE:\n            exception_class = ElementNotInteractableException\n        elif status in ErrorCode.INVALID_COOKIE_DOMAIN:\n            exception_class = InvalidCookieDomainException\n        elif status in ErrorCode.UNABLE_TO_SET_COOKIE:\n            exception_class = UnableToSetCookieException\n        elif status in ErrorCode.TIMEOUT:\n            exception_class = TimeoutException\n        elif status in ErrorCode.SCRIPT_TIMEOUT:\n            exception_class = TimeoutException\n        elif status in ErrorCode.UNKNOWN_ERROR:\n            exception_class = WebDriverException\n        elif status in ErrorCode.UNEXPECTED_ALERT_OPEN:\n            exception_class = UnexpectedAlertPresentException\n        elif status in ErrorCode.NO_ALERT_OPEN:\n            exception_class = NoAlertPresentException\n        elif status in ErrorCode.IME_NOT_AVAILABLE:\n            exception_class = ImeNotAvailableException\n        elif status in ErrorCode.IME_ENGINE_ACTIVATION_FAILED:\n            exception_class = ImeActivationFailedException\n        elif status in ErrorCode.MOVE_TARGET_OUT_OF_BOUNDS:\n            exception_class = MoveTargetOutOfBoundsException\n        elif status in ErrorCode.JAVASCRIPT_ERROR:\n            exception_class = JavascriptException\n        elif status in ErrorCode.SESSION_NOT_CREATED:\n            exception_class = SessionNotCreatedException\n        elif status in ErrorCode.INVALID_ARGUMENT:\n            exception_class = InvalidArgumentException\n        elif status in ErrorCode.NO_SUCH_COOKIE:\n            exception_class = NoSuchCookieException\n        elif status in ErrorCode.UNABLE_TO_CAPTURE_SCREEN:\n            exception_class = ScreenshotException\n        elif status in ErrorCode.ELEMENT_CLICK_INTERCEPTED:\n            exception_class = ElementClickInterceptedException\n        elif status in ErrorCode.INSECURE_CERTIFICATE:\n            exception_class = InsecureCertificateException\n        elif status in ErrorCode.INVALID_COORDINATES:\n            exception_class = InvalidCoordinatesException\n        elif status in ErrorCode.INVALID_SESSION_ID:\n            exception_class = InvalidSessionIdException\n        elif status in ErrorCode.UNKNOWN_METHOD:\n            exception_class = UnknownMethodException\n        else:\n            exception_class = WebDriverException\n        if not value:\n            value = response[\"value\"]\n        if isinstance(value, str):\n            raise exception_class(value)\n        if message == \"\" and \"message\" in value:\n            message = value[\"message\"]\n    \n        screen = None  # type: ignore[assignment]\n        if \"screen\" in value:\n            screen = value[\"screen\"]\n    \n        stacktrace = None\n        st_value = value.get(\"stackTrace\") or value.get(\"stacktrace\")\n        if st_value:\n            if isinstance(st_value, str):\n                stacktrace = st_value.split(\"\\n\")\n            else:\n                stacktrace = []\n                try:\n                    for frame in st_value:\n                        line = frame.get(\"lineNumber\", \"\")\n                        file = frame.get(\"fileName\", \"<anonymous>\")\n                        if line:\n                            file = f\"{file}:{line}\"\n                        meth = frame.get(\"methodName\", \"<anonymous>\")\n                        if \"className\" in frame:\n                            meth = f\"{frame['className']}.{meth}\"\n                        msg = \"    at %s (%s)\"\n                        msg = msg % (meth, file)\n                        stacktrace.append(msg)\n                except TypeError:\n                    pass\n        if exception_class == UnexpectedAlertPresentException:\n            alert_text = None\n            if \"data\" in value:\n                alert_text = value[\"data\"].get(\"text\")\n            elif \"alert\" in value:\n                alert_text = value[\"alert\"].get(\"text\")\n            raise exception_class(message, screen, stacktrace, alert_text)  # type: ignore[call-arg]  # mypy is not smart enough here\n>       raise exception_class(message, screen, stacktrace)\nE       selenium.common.exceptions.NoSuchElementException: Message: no such element: Unable to locate element: {\"method\":\"xpath\",\"selector\":\"(//a[@href='#order-pay'])[3]\"}\nE         (Session info: chrome-headless-shell=120.0.6099.109); For documentation on this error, please visit: https://www.selenium.dev/documentation/webdriver/troubleshooting/errors#no-such-element-exception\nE       Stacktrace:\nE       #0 0x557f36111f83 <unknown>\nE       #1 0x557f35dcacf7 <unknown>\nE       #2 0x557f35e1a99e <unknown>\nE       #3 0x557f35e1aaa1 <unknown>\nE       #4 0x557f35e65d64 <unknown>\nE       #5 0x557f35e440dd <unknown>\nE       #6 0x557f35e63006 <unknown>\nE       #7 0x557f35e43e53 <unknown>\nE       #8 0x557f35e0bdd4 <unknown>\nE       #9 0x557f35e0d1de <unknown>\nE       #10 0x557f360d6531 <unknown>\nE       #11 0x557f360da455 <unknown>\nE       #12 0x557f360c2f55 <unknown>\nE       #13 0x557f360db0ef <unknown>\nE       #14 0x557f360a699f <unknown>\nE       #15 0x557f360ff008 <unknown>\nE       #16 0x557f360ff1d7 <unknown>\nE       #17 0x557f36111124 <unknown>\nE       #18 0x7ff673f3b044 <unknown>\n\n/usr/local/lib/python3.11/site-packages/selenium/webdriver/remote/errorhandler.py:245: NoSuchElementException","steps":[{"name":"Проверка функциональности ссылки 'Оплатить заказ'","time":{"start":1705108102424,"stop":1705108102436,"duration":12},"status":"broken","statusMessage":"selenium.common.exceptions.NoSuchElementException: Message: no such element: Unable to locate element: {\"method\":\"xpath\",\"selector\":\"(//a[@href='#order-pay'])[3]\"}\n  (Session info: chrome-headless-shell=120.0.6099.109); For documentation on this error, please visit: https://www.selenium.dev/documentation/webdriver/troubleshooting/errors#no-such-element-exception\nStacktrace:\n#0 0x557f36111f83 <unknown>\n#1 0x557f35dcacf7 <unknown>\n#2 0x557f35e1a99e <unknown>\n#3 0x557f35e1aaa1 <unknown>\n#4 0x557f35e65d64 <unknown>\n#5 0x557f35e440dd <unknown>\n#6 0x557f35e63006 <unknown>\n#7 0x557f35e43e53 <unknown>\n#8 0x557f35e0bdd4 <unknown>\n#9 0x557f35e0d1de <unknown>\n#10 0x557f360d6531 <unknown>\n#11 0x557f360da455 <unknown>\n#12 0x557f360c2f55 <unknown>\n#13 0x557f360db0ef <unknown>\n#14 0x557f360a699f <unknown>\n#15 0x557f360ff008 <unknown>\n#16 0x557f360ff1d7 <unknown>\n#17 0x557f36111124 <unknown>\n#18 0x7ff673f3b044 <unknown>\n\n","statusTrace":"  File \"/usr/local/lib/python3.11/site-packages/allure_commons/_allure.py\", line 192, in impl\n    return func(*a, **kw)\n           ^^^^^^^^^^^^^^\n  File \"/app/pages/main_page.py\", line 161, in check_payment_order_link\n    self.driver.find_element(*self._payment_order_link).click()\n    ^^^^^^^^^^^^^^^^^^^^^^^^^^^^^^^^^^^^^^^^^^^^^^^^^^^\n  File \"/usr/local/lib/python3.11/site-packages/selenium/webdriver/remote/webdriver.py\", line 740, in find_element\n    return self.execute(Command.FIND_ELEMENT, {\"using\": by, \"value\": value})[\"value\"]\n           ^^^^^^^^^^^^^^^^^^^^^^^^^^^^^^^^^^^^^^^^^^^^^^^^^^^^^^^^^^^^^^^^^\n  File \"/usr/local/lib/python3.11/site-packages/selenium/webdriver/remote/webdriver.py\", line 346, in execute\n    self.error_handler.check_response(response)\n  File \"/usr/local/lib/python3.11/site-packages/selenium/webdriver/remote/errorhandler.py\", line 245, in check_response\n    raise exception_class(message, screen, stacktrace)\n","steps":[],"attachments":[],"parameters":[],"shouldDisplayMessage":true,"stepsCount":0,"attachmentsCount":0,"hasContent":true,"attachmentStep":false}],"attachments":[{"uid":"f44ac013a94b8c81","name":"Screenshot","source":"f44ac013a94b8c81.png","type":"image/png","size":39106},{"uid":"94eabd712a502a1a","name":"HTML source","source":"94eabd712a502a1a.html","type":"text/html","size":538}],"parameters":[],"shouldDisplayMessage":true,"stepsCount":1,"attachmentsCount":2,"hasContent":true,"attachmentStep":false},"afterStages":[{"name":"setup::0","time":{"start":1705108102549,"stop":1705108102549,"duration":0},"status":"passed","steps":[],"attachments":[],"parameters":[],"shouldDisplayMessage":false,"stepsCount":0,"attachmentsCount":0,"hasContent":false,"attachmentStep":false},{"name":"driver::0","time":{"start":1705108102549,"stop":1705108102605,"duration":56},"status":"passed","steps":[],"attachments":[],"parameters":[],"shouldDisplayMessage":false,"stepsCount":0,"attachmentsCount":0,"hasContent":false,"attachmentStep":false}],"labels":[{"name":"epic","value":"Main Page"},{"name":"feature","value":"Footer functionality"},{"name":"tag","value":"smoke_test"},{"name":"parentSuite","value":"tests"},{"name":"suite","value":"test_main_page"},{"name":"subSuite","value":"TestMainPage"},{"name":"host","value":"b123aef6f2a0"},{"name":"thread","value":"1-MainThread"},{"name":"framework","value":"pytest"},{"name":"language","value":"cpython3"},{"name":"package","value":"tests.test_main_page"},{"name":"resultFormat","value":"allure2"}],"parameters":[{"name":"url","value":"'https://test2.stroyrem-nn.ru/'"}],"links":[],"hidden":false,"retry":false,"extra":{"severity":"normal","retries":[],"categories":[{"name":"Test defects","matchedStatuses":[],"flaky":false}],"history":{"statistic":{"failed":0,"broken":122,"skipped":0,"passed":35,"unknown":0,"total":157},"items":[{"uid":"a16cfd2d5ec4ccba","reportUrl":"https://zaelcovsky.github.io/StroyremAutomation/199//#testresult/a16cfd2d5ec4ccba","status":"broken","statusDetails":"selenium.common.exceptions.NoSuchElementException: Message: no such element: Unable to locate element: {\"method\":\"xpath\",\"selector\":\"(//a[@href='#order-pay'])[3]\"}\n  (Session info: chrome-headless-shell=120.0.6099.109); For documentation on this error, please visit: https://www.selenium.dev/documentation/webdriver/troubleshooting/errors#no-such-element-exception\nStacktrace:\n#0 0x564de8ecbf83 <unknown>\n#1 0x564de8b84cf7 <unknown>\n#2 0x564de8bd499e <unknown>\n#3 0x564de8bd4aa1 <unknown>\n#4 0x564de8c1fd64 <unknown>\n#5 0x564de8bfe0dd <unknown>\n#6 0x564de8c1d006 <unknown>\n#7 0x564de8bfde53 <unknown>\n#8 0x564de8bc5dd4 <unknown>\n#9 0x564de8bc71de <unknown>\n#10 0x564de8e90531 <unknown>\n#11 0x564de8e94455 <unknown>\n#12 0x564de8e7cf55 <unknown>\n#13 0x564de8e950ef <unknown>\n#14 0x564de8e6099f <unknown>\n#15 0x564de8eb9008 <unknown>\n#16 0x564de8eb91d7 <unknown>\n#17 0x564de8ecb124 <unknown>\n#18 0x7efc0b39e044 <unknown>","time":{"start":1705021748944,"stop":1705021748957,"duration":13}},{"uid":"39c20b69775e3283","reportUrl":"https://zaelcovsky.github.io/StroyremAutomation/198//#testresult/39c20b69775e3283","status":"broken","statusDetails":"selenium.common.exceptions.NoSuchElementException: Message: no such element: Unable to locate element: {\"method\":\"xpath\",\"selector\":\"(//a[@href='#order-pay'])[3]\"}\n  (Session info: chrome-headless-shell=120.0.6099.109); For documentation on this error, please visit: https://www.selenium.dev/documentation/webdriver/troubleshooting/errors#no-such-element-exception\nStacktrace:\n#0 0x561582361f83 <unknown>\n#1 0x56158201acf7 <unknown>\n#2 0x56158206a99e <unknown>\n#3 0x56158206aaa1 <unknown>\n#4 0x5615820b5d64 <unknown>\n#5 0x5615820940dd <unknown>\n#6 0x5615820b3006 <unknown>\n#7 0x561582093e53 <unknown>\n#8 0x56158205bdd4 <unknown>\n#9 0x56158205d1de <unknown>\n#10 0x561582326531 <unknown>\n#11 0x56158232a455 <unknown>\n#12 0x561582312f55 <unknown>\n#13 0x56158232b0ef <unknown>\n#14 0x5615822f699f <unknown>\n#15 0x56158234f008 <unknown>\n#16 0x56158234f1d7 <unknown>\n#17 0x561582361124 <unknown>\n#18 0x7fa7803e4044 <unknown>","time":{"start":1704935300047,"stop":1704935300059,"duration":12}},{"uid":"138fbd3a7ffa82b5","reportUrl":"https://zaelcovsky.github.io/StroyremAutomation/197//#testresult/138fbd3a7ffa82b5","status":"broken","statusDetails":"selenium.common.exceptions.NoSuchElementException: Message: no such element: Unable to locate element: {\"method\":\"xpath\",\"selector\":\"(//a[@href='#order-pay'])[3]\"}\n  (Session info: chrome-headless-shell=120.0.6099.109); For documentation on this error, please visit: https://www.selenium.dev/documentation/webdriver/troubleshooting/errors#no-such-element-exception\nStacktrace:\n#0 0x559865c2bf83 <unknown>\n#1 0x5598658e4cf7 <unknown>\n#2 0x55986593499e <unknown>\n#3 0x559865934aa1 <unknown>\n#4 0x55986597fd64 <unknown>\n#5 0x55986595e0dd <unknown>\n#6 0x55986597d006 <unknown>\n#7 0x55986595de53 <unknown>\n#8 0x559865925dd4 <unknown>\n#9 0x5598659271de <unknown>\n#10 0x559865bf0531 <unknown>\n#11 0x559865bf4455 <unknown>\n#12 0x559865bdcf55 <unknown>\n#13 0x559865bf50ef <unknown>\n#14 0x559865bc099f <unknown>\n#15 0x559865c19008 <unknown>\n#16 0x559865c191d7 <unknown>\n#17 0x559865c2b124 <unknown>\n#18 0x7f02aa458044 <unknown>","time":{"start":1704848898727,"stop":1704848898740,"duration":13}},{"uid":"7df0f973706c4a70","reportUrl":"https://zaelcovsky.github.io/StroyremAutomation/196//#testresult/7df0f973706c4a70","status":"broken","statusDetails":"selenium.common.exceptions.NoSuchElementException: Message: no such element: Unable to locate element: {\"method\":\"xpath\",\"selector\":\"(//a[@href='#order-pay'])[3]\"}\n  (Session info: chrome-headless-shell=120.0.6099.109); For documentation on this error, please visit: https://www.selenium.dev/documentation/webdriver/troubleshooting/errors#no-such-element-exception\nStacktrace:\n#0 0x5648a45edf83 <unknown>\n#1 0x5648a42a6cf7 <unknown>\n#2 0x5648a42f699e <unknown>\n#3 0x5648a42f6aa1 <unknown>\n#4 0x5648a4341d64 <unknown>\n#5 0x5648a43200dd <unknown>\n#6 0x5648a433f006 <unknown>\n#7 0x5648a431fe53 <unknown>\n#8 0x5648a42e7dd4 <unknown>\n#9 0x5648a42e91de <unknown>\n#10 0x5648a45b2531 <unknown>\n#11 0x5648a45b6455 <unknown>\n#12 0x5648a459ef55 <unknown>\n#13 0x5648a45b70ef <unknown>\n#14 0x5648a458299f <unknown>\n#15 0x5648a45db008 <unknown>\n#16 0x5648a45db1d7 <unknown>\n#17 0x5648a45ed124 <unknown>\n#18 0x7fad0f9e2044 <unknown>","time":{"start":1704762497231,"stop":1704762497244,"duration":13}},{"uid":"79f783288b0bebfd","reportUrl":"https://zaelcovsky.github.io/StroyremAutomation/195//#testresult/79f783288b0bebfd","status":"broken","statusDetails":"selenium.common.exceptions.NoSuchElementException: Message: no such element: Unable to locate element: {\"method\":\"xpath\",\"selector\":\"(//a[@href='#order-pay'])[3]\"}\n  (Session info: chrome-headless-shell=120.0.6099.109); For documentation on this error, please visit: https://www.selenium.dev/documentation/webdriver/troubleshooting/errors#no-such-element-exception\nStacktrace:\n#0 0x55f2e4269f83 <unknown>\n#1 0x55f2e3f22cf7 <unknown>\n#2 0x55f2e3f7299e <unknown>\n#3 0x55f2e3f72aa1 <unknown>\n#4 0x55f2e3fbdd64 <unknown>\n#5 0x55f2e3f9c0dd <unknown>\n#6 0x55f2e3fbb006 <unknown>\n#7 0x55f2e3f9be53 <unknown>\n#8 0x55f2e3f63dd4 <unknown>\n#9 0x55f2e3f651de <unknown>\n#10 0x55f2e422e531 <unknown>\n#11 0x55f2e4232455 <unknown>\n#12 0x55f2e421af55 <unknown>\n#13 0x55f2e42330ef <unknown>\n#14 0x55f2e41fe99f <unknown>\n#15 0x55f2e4257008 <unknown>\n#16 0x55f2e42571d7 <unknown>\n#17 0x55f2e4269124 <unknown>\n#18 0x7f614ba00044 <unknown>","time":{"start":1704676160310,"stop":1704676160323,"duration":13}},{"uid":"c7f4c10dc1f20bad","reportUrl":"https://zaelcovsky.github.io/StroyremAutomation/194//#testresult/c7f4c10dc1f20bad","status":"broken","statusDetails":"selenium.common.exceptions.NoSuchElementException: Message: no such element: Unable to locate element: {\"method\":\"xpath\",\"selector\":\"(//a[@href='#order-pay'])[3]\"}\n  (Session info: chrome-headless-shell=120.0.6099.109); For documentation on this error, please visit: https://www.selenium.dev/documentation/webdriver/troubleshooting/errors#no-such-element-exception\nStacktrace:\n#0 0x55e97715bf83 <unknown>\n#1 0x55e976e14cf7 <unknown>\n#2 0x55e976e6499e <unknown>\n#3 0x55e976e64aa1 <unknown>\n#4 0x55e976eafd64 <unknown>\n#5 0x55e976e8e0dd <unknown>\n#6 0x55e976ead006 <unknown>\n#7 0x55e976e8de53 <unknown>\n#8 0x55e976e55dd4 <unknown>\n#9 0x55e976e571de <unknown>\n#10 0x55e977120531 <unknown>\n#11 0x55e977124455 <unknown>\n#12 0x55e97710cf55 <unknown>\n#13 0x55e9771250ef <unknown>\n#14 0x55e9770f099f <unknown>\n#15 0x55e977149008 <unknown>\n#16 0x55e9771491d7 <unknown>\n#17 0x55e97715b124 <unknown>\n#18 0x7fee882fc044 <unknown>","time":{"start":1704590060783,"stop":1704590060796,"duration":13}},{"uid":"419b5e25ca7030d5","reportUrl":"https://zaelcovsky.github.io/StroyremAutomation/193//#testresult/419b5e25ca7030d5","status":"broken","statusDetails":"selenium.common.exceptions.NoSuchElementException: Message: no such element: Unable to locate element: {\"method\":\"xpath\",\"selector\":\"(//a[@href='#order-pay'])[3]\"}\n  (Session info: chrome-headless-shell=120.0.6099.109); For documentation on this error, please visit: https://www.selenium.dev/documentation/webdriver/troubleshooting/errors#no-such-element-exception\nStacktrace:\n#0 0x559ced281f83 <unknown>\n#1 0x559cecf3acf7 <unknown>\n#2 0x559cecf8a99e <unknown>\n#3 0x559cecf8aaa1 <unknown>\n#4 0x559cecfd5d64 <unknown>\n#5 0x559cecfb40dd <unknown>\n#6 0x559cecfd3006 <unknown>\n#7 0x559cecfb3e53 <unknown>\n#8 0x559cecf7bdd4 <unknown>\n#9 0x559cecf7d1de <unknown>\n#10 0x559ced246531 <unknown>\n#11 0x559ced24a455 <unknown>\n#12 0x559ced232f55 <unknown>\n#13 0x559ced24b0ef <unknown>\n#14 0x559ced21699f <unknown>\n#15 0x559ced26f008 <unknown>\n#16 0x559ced26f1d7 <unknown>\n#17 0x559ced281124 <unknown>\n#18 0x7f3ff2777044 <unknown>","time":{"start":1704503166319,"stop":1704503166332,"duration":13}},{"uid":"1e3c1538344b2eb4","reportUrl":"https://zaelcovsky.github.io/StroyremAutomation/192//#testresult/1e3c1538344b2eb4","status":"broken","statusDetails":"selenium.common.exceptions.NoSuchElementException: Message: no such element: Unable to locate element: {\"method\":\"xpath\",\"selector\":\"(//a[@href='#order-pay'])[3]\"}\n  (Session info: chrome-headless-shell=120.0.6099.109); For documentation on this error, please visit: https://www.selenium.dev/documentation/webdriver/troubleshooting/errors#no-such-element-exception\nStacktrace:\n#0 0x558beff29f83 <unknown>\n#1 0x558befbe2cf7 <unknown>\n#2 0x558befc3299e <unknown>\n#3 0x558befc32aa1 <unknown>\n#4 0x558befc7dd64 <unknown>\n#5 0x558befc5c0dd <unknown>\n#6 0x558befc7b006 <unknown>\n#7 0x558befc5be53 <unknown>\n#8 0x558befc23dd4 <unknown>\n#9 0x558befc251de <unknown>\n#10 0x558befeee531 <unknown>\n#11 0x558befef2455 <unknown>\n#12 0x558befedaf55 <unknown>\n#13 0x558befef30ef <unknown>\n#14 0x558befebe99f <unknown>\n#15 0x558beff17008 <unknown>\n#16 0x558beff171d7 <unknown>\n#17 0x558beff29124 <unknown>\n#18 0x7f25e6c0e044 <unknown>","time":{"start":1704416825624,"stop":1704416825637,"duration":13}},{"uid":"8ea6d471ab7378b1","reportUrl":"https://zaelcovsky.github.io/StroyremAutomation/191//#testresult/8ea6d471ab7378b1","status":"broken","statusDetails":"selenium.common.exceptions.NoSuchElementException: Message: no such element: Unable to locate element: {\"method\":\"xpath\",\"selector\":\"(//a[@href='#order-pay'])[3]\"}\n  (Session info: chrome-headless-shell=120.0.6099.109); For documentation on this error, please visit: https://www.selenium.dev/documentation/webdriver/troubleshooting/errors#no-such-element-exception\nStacktrace:\n#0 0x558eacefcf83 <unknown>\n#1 0x558eacbb5cf7 <unknown>\n#2 0x558eacc0599e <unknown>\n#3 0x558eacc05aa1 <unknown>\n#4 0x558eacc50d64 <unknown>\n#5 0x558eacc2f0dd <unknown>\n#6 0x558eacc4e006 <unknown>\n#7 0x558eacc2ee53 <unknown>\n#8 0x558eacbf6dd4 <unknown>\n#9 0x558eacbf81de <unknown>\n#10 0x558eacec1531 <unknown>\n#11 0x558eacec5455 <unknown>\n#12 0x558eaceadf55 <unknown>\n#13 0x558eacec60ef <unknown>\n#14 0x558eace9199f <unknown>\n#15 0x558eaceea008 <unknown>\n#16 0x558eaceea1d7 <unknown>\n#17 0x558eacefc124 <unknown>\n#18 0x7f6ae8ffc044 <unknown>","time":{"start":1704330465137,"stop":1704330465150,"duration":13}},{"uid":"9d7775a71c16a9ae","reportUrl":"https://zaelcovsky.github.io/StroyremAutomation/190//#testresult/9d7775a71c16a9ae","status":"broken","statusDetails":"selenium.common.exceptions.NoSuchElementException: Message: no such element: Unable to locate element: {\"method\":\"xpath\",\"selector\":\"(//a[@href='#order-pay'])[3]\"}\n  (Session info: chrome-headless-shell=120.0.6099.109); For documentation on this error, please visit: https://www.selenium.dev/documentation/webdriver/troubleshooting/errors#no-such-element-exception\nStacktrace:\n#0 0x563c5f5b2f83 <unknown>\n#1 0x563c5f26bcf7 <unknown>\n#2 0x563c5f2bb99e <unknown>\n#3 0x563c5f2bbaa1 <unknown>\n#4 0x563c5f306d64 <unknown>\n#5 0x563c5f2e50dd <unknown>\n#6 0x563c5f304006 <unknown>\n#7 0x563c5f2e4e53 <unknown>\n#8 0x563c5f2acdd4 <unknown>\n#9 0x563c5f2ae1de <unknown>\n#10 0x563c5f577531 <unknown>\n#11 0x563c5f57b455 <unknown>\n#12 0x563c5f563f55 <unknown>\n#13 0x563c5f57c0ef <unknown>\n#14 0x563c5f54799f <unknown>\n#15 0x563c5f5a0008 <unknown>\n#16 0x563c5f5a01d7 <unknown>\n#17 0x563c5f5b2124 <unknown>\n#18 0x7f8803659044 <unknown>","time":{"start":1704244000340,"stop":1704244000353,"duration":13}},{"uid":"629599e2ecece886","reportUrl":"https://zaelcovsky.github.io/StroyremAutomation/189//#testresult/629599e2ecece886","status":"broken","statusDetails":"selenium.common.exceptions.NoSuchElementException: Message: no such element: Unable to locate element: {\"method\":\"xpath\",\"selector\":\"(//a[@href='#order-pay'])[3]\"}\n  (Session info: chrome-headless-shell=120.0.6099.109); For documentation on this error, please visit: https://www.selenium.dev/documentation/webdriver/troubleshooting/errors#no-such-element-exception\nStacktrace:\n#0 0x56115607af83 <unknown>\n#1 0x561155d33cf7 <unknown>\n#2 0x561155d8399e <unknown>\n#3 0x561155d83aa1 <unknown>\n#4 0x561155dced64 <unknown>\n#5 0x561155dad0dd <unknown>\n#6 0x561155dcc006 <unknown>\n#7 0x561155dace53 <unknown>\n#8 0x561155d74dd4 <unknown>\n#9 0x561155d761de <unknown>\n#10 0x56115603f531 <unknown>\n#11 0x561156043455 <unknown>\n#12 0x56115602bf55 <unknown>\n#13 0x5611560440ef <unknown>\n#14 0x56115600f99f <unknown>\n#15 0x561156068008 <unknown>\n#16 0x5611560681d7 <unknown>\n#17 0x56115607a124 <unknown>\n#18 0x7f95c4c5e044 <unknown>","time":{"start":1704157517403,"stop":1704157517416,"duration":13}},{"uid":"425caf5467285b0c","reportUrl":"https://zaelcovsky.github.io/StroyremAutomation/188//#testresult/425caf5467285b0c","status":"broken","statusDetails":"selenium.common.exceptions.NoSuchElementException: Message: no such element: Unable to locate element: {\"method\":\"xpath\",\"selector\":\"(//a[@href='#order-pay'])[3]\"}\n  (Session info: chrome-headless-shell=120.0.6099.109); For documentation on this error, please visit: https://www.selenium.dev/documentation/webdriver/troubleshooting/errors#no-such-element-exception\nStacktrace:\n#0 0x563e85bb7f83 <unknown>\n#1 0x563e85870cf7 <unknown>\n#2 0x563e858c099e <unknown>\n#3 0x563e858c0aa1 <unknown>\n#4 0x563e8590bd64 <unknown>\n#5 0x563e858ea0dd <unknown>\n#6 0x563e85909006 <unknown>\n#7 0x563e858e9e53 <unknown>\n#8 0x563e858b1dd4 <unknown>\n#9 0x563e858b31de <unknown>\n#10 0x563e85b7c531 <unknown>\n#11 0x563e85b80455 <unknown>\n#12 0x563e85b68f55 <unknown>\n#13 0x563e85b810ef <unknown>\n#14 0x563e85b4c99f <unknown>\n#15 0x563e85ba5008 <unknown>\n#16 0x563e85ba51d7 <unknown>\n#17 0x563e85bb7124 <unknown>\n#18 0x7f3f88a4c044 <unknown>","time":{"start":1704071577952,"stop":1704071577965,"duration":13}},{"uid":"93c93fe811742fbd","reportUrl":"https://zaelcovsky.github.io/StroyremAutomation/187//#testresult/93c93fe811742fbd","status":"broken","statusDetails":"selenium.common.exceptions.NoSuchElementException: Message: no such element: Unable to locate element: {\"method\":\"xpath\",\"selector\":\"(//a[@href='#order-pay'])[3]\"}\n  (Session info: chrome-headless-shell=120.0.6099.109); For documentation on this error, please visit: https://www.selenium.dev/documentation/webdriver/troubleshooting/errors#no-such-element-exception\nStacktrace:\n#0 0x560057d82f83 <unknown>\n#1 0x560057a3bcf7 <unknown>\n#2 0x560057a8b99e <unknown>\n#3 0x560057a8baa1 <unknown>\n#4 0x560057ad6d64 <unknown>\n#5 0x560057ab50dd <unknown>\n#6 0x560057ad4006 <unknown>\n#7 0x560057ab4e53 <unknown>\n#8 0x560057a7cdd4 <unknown>\n#9 0x560057a7e1de <unknown>\n#10 0x560057d47531 <unknown>\n#11 0x560057d4b455 <unknown>\n#12 0x560057d33f55 <unknown>\n#13 0x560057d4c0ef <unknown>\n#14 0x560057d1799f <unknown>\n#15 0x560057d70008 <unknown>\n#16 0x560057d701d7 <unknown>\n#17 0x560057d82124 <unknown>\n#18 0x7fccc1afd044 <unknown>","time":{"start":1703985053706,"stop":1703985053718,"duration":12}},{"uid":"15b66cd3e928d593","reportUrl":"https://zaelcovsky.github.io/StroyremAutomation/186//#testresult/15b66cd3e928d593","status":"broken","statusDetails":"selenium.common.exceptions.NoSuchElementException: Message: no such element: Unable to locate element: {\"method\":\"xpath\",\"selector\":\"(//a[@href='#order-pay'])[3]\"}\n  (Session info: chrome-headless-shell=120.0.6099.109); For documentation on this error, please visit: https://www.selenium.dev/documentation/webdriver/troubleshooting/errors#no-such-element-exception\nStacktrace:\n#0 0x55f047493f83 <unknown>\n#1 0x55f04714ccf7 <unknown>\n#2 0x55f04719c99e <unknown>\n#3 0x55f04719caa1 <unknown>\n#4 0x55f0471e7d64 <unknown>\n#5 0x55f0471c60dd <unknown>\n#6 0x55f0471e5006 <unknown>\n#7 0x55f0471c5e53 <unknown>\n#8 0x55f04718ddd4 <unknown>\n#9 0x55f04718f1de <unknown>\n#10 0x55f047458531 <unknown>\n#11 0x55f04745c455 <unknown>\n#12 0x55f047444f55 <unknown>\n#13 0x55f04745d0ef <unknown>\n#14 0x55f04742899f <unknown>\n#15 0x55f047481008 <unknown>\n#16 0x55f0474811d7 <unknown>\n#17 0x55f047493124 <unknown>\n#18 0x7f85e7e6a044 <unknown>","time":{"start":1703898302556,"stop":1703898302568,"duration":12}},{"uid":"98b23dc8175417d7","reportUrl":"https://zaelcovsky.github.io/StroyremAutomation/185//#testresult/98b23dc8175417d7","status":"broken","statusDetails":"selenium.common.exceptions.NoSuchElementException: Message: no such element: Unable to locate element: {\"method\":\"xpath\",\"selector\":\"(//a[@href='#order-pay'])[3]\"}\n  (Session info: chrome-headless-shell=120.0.6099.109); For documentation on this error, please visit: https://www.selenium.dev/documentation/webdriver/troubleshooting/errors#no-such-element-exception\nStacktrace:\n#0 0x55a5b5114f83 <unknown>\n#1 0x55a5b4dcdcf7 <unknown>\n#2 0x55a5b4e1d99e <unknown>\n#3 0x55a5b4e1daa1 <unknown>\n#4 0x55a5b4e68d64 <unknown>\n#5 0x55a5b4e470dd <unknown>\n#6 0x55a5b4e66006 <unknown>\n#7 0x55a5b4e46e53 <unknown>\n#8 0x55a5b4e0edd4 <unknown>\n#9 0x55a5b4e101de <unknown>\n#10 0x55a5b50d9531 <unknown>\n#11 0x55a5b50dd455 <unknown>\n#12 0x55a5b50c5f55 <unknown>\n#13 0x55a5b50de0ef <unknown>\n#14 0x55a5b50a999f <unknown>\n#15 0x55a5b5102008 <unknown>\n#16 0x55a5b51021d7 <unknown>\n#17 0x55a5b5114124 <unknown>\n#18 0x7fe0d9545044 <unknown>","time":{"start":1703811355988,"stop":1703811356002,"duration":14}},{"uid":"4b2dec7cab5096ab","reportUrl":"https://zaelcovsky.github.io/StroyremAutomation/184//#testresult/4b2dec7cab5096ab","status":"broken","statusDetails":"selenium.common.exceptions.NoSuchElementException: Message: no such element: Unable to locate element: {\"method\":\"xpath\",\"selector\":\"(//a[@href='#order-pay'])[3]\"}\n  (Session info: chrome-headless-shell=120.0.6099.109); For documentation on this error, please visit: https://www.selenium.dev/documentation/webdriver/troubleshooting/errors#no-such-element-exception\nStacktrace:\n#0 0x55c515738f83 <unknown>\n#1 0x55c5153f1cf7 <unknown>\n#2 0x55c51544199e <unknown>\n#3 0x55c515441aa1 <unknown>\n#4 0x55c51548cd64 <unknown>\n#5 0x55c51546b0dd <unknown>\n#6 0x55c51548a006 <unknown>\n#7 0x55c51546ae53 <unknown>\n#8 0x55c515432dd4 <unknown>\n#9 0x55c5154341de <unknown>\n#10 0x55c5156fd531 <unknown>\n#11 0x55c515701455 <unknown>\n#12 0x55c5156e9f55 <unknown>\n#13 0x55c5157020ef <unknown>\n#14 0x55c5156cd99f <unknown>\n#15 0x55c515726008 <unknown>\n#16 0x55c5157261d7 <unknown>\n#17 0x55c515738124 <unknown>\n#18 0x7f3d8204d044 <unknown>","time":{"start":1703725475025,"stop":1703725475038,"duration":13}},{"uid":"e9b1b6a954d14291","reportUrl":"https://zaelcovsky.github.io/StroyremAutomation/183//#testresult/e9b1b6a954d14291","status":"broken","statusDetails":"selenium.common.exceptions.NoSuchElementException: Message: no such element: Unable to locate element: {\"method\":\"xpath\",\"selector\":\"(//a[@href='#order-pay'])[3]\"}\n  (Session info: chrome-headless-shell=120.0.6099.109); For documentation on this error, please visit: https://www.selenium.dev/documentation/webdriver/troubleshooting/errors#no-such-element-exception\nStacktrace:\n#0 0x56187191df83 <unknown>\n#1 0x5618715d6cf7 <unknown>\n#2 0x56187162699e <unknown>\n#3 0x561871626aa1 <unknown>\n#4 0x561871671d64 <unknown>\n#5 0x5618716500dd <unknown>\n#6 0x56187166f006 <unknown>\n#7 0x56187164fe53 <unknown>\n#8 0x561871617dd4 <unknown>\n#9 0x5618716191de <unknown>\n#10 0x5618718e2531 <unknown>\n#11 0x5618718e6455 <unknown>\n#12 0x5618718cef55 <unknown>\n#13 0x5618718e70ef <unknown>\n#14 0x5618718b299f <unknown>\n#15 0x56187190b008 <unknown>\n#16 0x56187190b1d7 <unknown>\n#17 0x56187191d124 <unknown>\n#18 0x7fc4ed30e044 <unknown>","time":{"start":1703639128261,"stop":1703639128274,"duration":13}},{"uid":"4f181a7cff69055","reportUrl":"https://zaelcovsky.github.io/StroyremAutomation/182//#testresult/4f181a7cff69055","status":"broken","statusDetails":"selenium.common.exceptions.NoSuchElementException: Message: no such element: Unable to locate element: {\"method\":\"xpath\",\"selector\":\"(//a[@href='#order-pay'])[3]\"}\n  (Session info: chrome-headless-shell=120.0.6099.109); For documentation on this error, please visit: https://www.selenium.dev/documentation/webdriver/troubleshooting/errors#no-such-element-exception\nStacktrace:\n#0 0x55f0afd06f83 <unknown>\n#1 0x55f0af9bfcf7 <unknown>\n#2 0x55f0afa0f99e <unknown>\n#3 0x55f0afa0faa1 <unknown>\n#4 0x55f0afa5ad64 <unknown>\n#5 0x55f0afa390dd <unknown>\n#6 0x55f0afa58006 <unknown>\n#7 0x55f0afa38e53 <unknown>\n#8 0x55f0afa00dd4 <unknown>\n#9 0x55f0afa021de <unknown>\n#10 0x55f0afccb531 <unknown>\n#11 0x55f0afccf455 <unknown>\n#12 0x55f0afcb7f55 <unknown>\n#13 0x55f0afcd00ef <unknown>\n#14 0x55f0afc9b99f <unknown>\n#15 0x55f0afcf4008 <unknown>\n#16 0x55f0afcf41d7 <unknown>\n#17 0x55f0afd06124 <unknown>\n#18 0x7f46344c2044 <unknown>","time":{"start":1703552655342,"stop":1703552655355,"duration":13}},{"uid":"75b679739532d1d5","reportUrl":"https://zaelcovsky.github.io/StroyremAutomation/181//#testresult/75b679739532d1d5","status":"broken","statusDetails":"selenium.common.exceptions.NoSuchElementException: Message: no such element: Unable to locate element: {\"method\":\"xpath\",\"selector\":\"(//a[@href='#order-pay'])[3]\"}\n  (Session info: chrome-headless-shell=120.0.6099.109); For documentation on this error, please visit: https://www.selenium.dev/documentation/webdriver/troubleshooting/errors#no-such-element-exception\nStacktrace:\n#0 0x559ef6f4af83 <unknown>\n#1 0x559ef6c03cf7 <unknown>\n#2 0x559ef6c5399e <unknown>\n#3 0x559ef6c53aa1 <unknown>\n#4 0x559ef6c9ed64 <unknown>\n#5 0x559ef6c7d0dd <unknown>\n#6 0x559ef6c9c006 <unknown>\n#7 0x559ef6c7ce53 <unknown>\n#8 0x559ef6c44dd4 <unknown>\n#9 0x559ef6c461de <unknown>\n#10 0x559ef6f0f531 <unknown>\n#11 0x559ef6f13455 <unknown>\n#12 0x559ef6efbf55 <unknown>\n#13 0x559ef6f140ef <unknown>\n#14 0x559ef6edf99f <unknown>\n#15 0x559ef6f38008 <unknown>\n#16 0x559ef6f381d7 <unknown>\n#17 0x559ef6f4a124 <unknown>\n#18 0x7fb6c2ceb044 <unknown>","time":{"start":1703466424227,"stop":1703466424240,"duration":13}},{"uid":"16fd5968041e8d52","reportUrl":"https://zaelcovsky.github.io/StroyremAutomation/180//#testresult/16fd5968041e8d52","status":"broken","statusDetails":"selenium.common.exceptions.NoSuchElementException: Message: no such element: Unable to locate element: {\"method\":\"xpath\",\"selector\":\"(//a[@href='#order-pay'])[3]\"}\n  (Session info: chrome-headless-shell=120.0.6099.109); For documentation on this error, please visit: https://www.selenium.dev/documentation/webdriver/troubleshooting/errors#no-such-element-exception\nStacktrace:\n#0 0x56466fbadf83 <unknown>\n#1 0x56466f866cf7 <unknown>\n#2 0x56466f8b699e <unknown>\n#3 0x56466f8b6aa1 <unknown>\n#4 0x56466f901d64 <unknown>\n#5 0x56466f8e00dd <unknown>\n#6 0x56466f8ff006 <unknown>\n#7 0x56466f8dfe53 <unknown>\n#8 0x56466f8a7dd4 <unknown>\n#9 0x56466f8a91de <unknown>\n#10 0x56466fb72531 <unknown>\n#11 0x56466fb76455 <unknown>\n#12 0x56466fb5ef55 <unknown>\n#13 0x56466fb770ef <unknown>\n#14 0x56466fb4299f <unknown>\n#15 0x56466fb9b008 <unknown>\n#16 0x56466fb9b1d7 <unknown>\n#17 0x56466fbad124 <unknown>\n#18 0x7f7506bf0044 <unknown>","time":{"start":1703380224999,"stop":1703380225011,"duration":12}}]},"tags":["smoke_test"]},"source":"1e9a05d86c2664b9.json","parameterValues":["'https://test2.stroyrem-nn.ru/'"]}