{"uid":"3ab5d3687cd2d88b","name":"test_positive_delivery_green_zone_smoke[TD 006-products/shtukaturka-gipsovaya-aksolit-m50-30-kg-mashinnogo-naneseniya-25-1700-990-1990-2480-https://sandboxtest.stroyrem-nn.ru/]","fullName":"tests.delivery.test_delivery_calculation.TestDeliveryPageCalculation#test_positive_delivery_green_zone_smoke","historyId":"1df20f878cd9f5f7374b8a6cd977ef7b","time":{"start":1705108386955,"stop":1705108387490,"duration":535},"status":"broken","statusMessage":"selenium.common.exceptions.NoSuchElementException: Message: no such element: Unable to locate element: {\"method\":\"xpath\",\"selector\":\"(//a[@class='add-to-cart yellow-btn'])[1]\"}\n  (Session info: chrome-headless-shell=120.0.6099.109); For documentation on this error, please visit: https://www.selenium.dev/documentation/webdriver/troubleshooting/errors#no-such-element-exception\nStacktrace:\n#0 0x55b768c25f83 <unknown>\n#1 0x55b7688decf7 <unknown>\n#2 0x55b76892e99e <unknown>\n#3 0x55b76892eaa1 <unknown>\n#4 0x55b768979d64 <unknown>\n#5 0x55b7689580dd <unknown>\n#6 0x55b768977006 <unknown>\n#7 0x55b768957e53 <unknown>\n#8 0x55b76891fdd4 <unknown>\n#9 0x55b7689211de <unknown>\n#10 0x55b768bea531 <unknown>\n#11 0x55b768bee455 <unknown>\n#12 0x55b768bd6f55 <unknown>\n#13 0x55b768bef0ef <unknown>\n#14 0x55b768bba99f <unknown>\n#15 0x55b768c13008 <unknown>\n#16 0x55b768c131d7 <unknown>\n#17 0x55b768c25124 <unknown>\n#18 0x7f0f4c3c6044 <unknown>","statusTrace":"self = <tests.delivery.test_delivery_calculation.TestDeliveryPageCalculation object at 0x7ff09cf74fd0>\ndriver = <selenium.webdriver.chrome.webdriver.WebDriver (session=\"3787c6a41e54330c088ea620f0e380a6\")>\nurl = 'https://sandboxtest.stroyrem-nn.ru/', case_id = 'TD 006'\nlink_item = 'products/shtukaturka-gipsovaya-aksolit-m50-30-kg-mashinnogo-naneseniya'\namount = 25, weight = 1700, standard = 990, in_time = 1990, all_time = 2480\n\n    @pytest.mark.parametrize('case_id, link_item, amount, weight, standard, in_time, all_time', [\n        (\"TD 001\", uroven_3000, 1, 30, 0, 1590, 2190),\n        (\"TD 002\", bundeks_25, 1, 30, 400, 1590, 2190),\n        (\"TD 003\", aksolit_30, 8, 300, 400, 1590, 2190),\n        (\"TD 004\", aksolit_30, 13, 400, 450, 1590, 2190),\n        (\"TD 005\", aksolit_30, 16, 500, 600, 1590, 2190),\n        (\"TD 006\", aksolit_30, 25, 1700, 990, 1990, 2480),\n        (\"TD 007\", aksolit_30, 66, 2000, 1300, 2490, 2980),\n        (\"TD 008\", aksolit_30, 149, 4500, 2300, 3980, 4490),\n        (\"TD 009\", aksolit_30, 166, 5000, 2500, 4990, 5480),\n        pytest.param(\n            \"TD 010\", aksolit_30, 206, 6200, 2900, 5570, 6120,\n            marks=pytest.mark.xfail(reson=\"Цена доставки 3600 7960 8980\")\n        ),\n        (\"TD 011\", aksolit_30, 299, 9000, 3600, 7960, 8980),\n        (\"TD 012\", aksolit_30, 333, 10000, 4450, 11990, 12500),\n        pytest.param(\n            \"TD 013\", aksolit_30, 366, 11000, 4800, 12450, 13480,\n            marks=pytest.mark.xfail(reason=\"Цена стандартной доставки 4450\")\n        ),\n        pytest.param(\n            \"TD 014\", aksolit_30, 666, 20000, 5400, 15600, 17490,\n            marks=pytest.mark.xfail(reason=\"Цена стандартной доставки 4450\")\n        )\n    ])\n    @pytest.mark.smoke\n    def test_positive_delivery_green_zone_smoke(\n            self, driver, url, case_id, link_item, amount, weight, standard, in_time, all_time\n    ):\n    \n        driver.get(f'{url}{link_item}')\n        item_page = ItemPage(driver)\n>       item_page.add_item_to_cart(amount).click_on_cart()\n\ntests/delivery/test_delivery_calculation.py:49: \n_ _ _ _ _ _ _ _ _ _ _ _ _ _ _ _ _ _ _ _ _ _ _ _ _ _ _ _ _ _ _ _ _ _ _ _ _ _ _ _ \npages/item_page.py:40: in add_item_to_cart\n    self.find_element(self._add_item).click()\nbase/seleniumbase.py:17: in find_element\n    return self.driver.find_element(*locator)\n/usr/local/lib/python3.11/site-packages/selenium/webdriver/remote/webdriver.py:740: in find_element\n    return self.execute(Command.FIND_ELEMENT, {\"using\": by, \"value\": value})[\"value\"]\n/usr/local/lib/python3.11/site-packages/selenium/webdriver/remote/webdriver.py:346: in execute\n    self.error_handler.check_response(response)\n_ _ _ _ _ _ _ _ _ _ _ _ _ _ _ _ _ _ _ _ _ _ _ _ _ _ _ _ _ _ _ _ _ _ _ _ _ _ _ _ \n\nself = <selenium.webdriver.remote.errorhandler.ErrorHandler object at 0x7ff09c856fd0>\nresponse = {'status': 404, 'value': '{\"value\":{\"error\":\"no such element\",\"message\":\"no such element: Unable to locate element: {\\...\\\\n#16 0x55b768c131d7 \\\\u003Cunknown>\\\\n#17 0x55b768c25124 \\\\u003Cunknown>\\\\n#18 0x7f0f4c3c6044 \\\\u003Cunknown>\\\\n\"}}'}\n\n    def check_response(self, response: Dict[str, Any]) -> None:\n        \"\"\"Checks that a JSON response from the WebDriver does not have an\n        error.\n    \n        :Args:\n         - response - The JSON response from the WebDriver server as a dictionary\n           object.\n    \n        :Raises: If the response contains an error message.\n        \"\"\"\n        status = response.get(\"status\", None)\n        if not status or status == ErrorCode.SUCCESS:\n            return\n        value = None\n        message = response.get(\"message\", \"\")\n        screen: str = response.get(\"screen\", \"\")\n        stacktrace = None\n        if isinstance(status, int):\n            value_json = response.get(\"value\", None)\n            if value_json and isinstance(value_json, str):\n                import json\n    \n                try:\n                    value = json.loads(value_json)\n                    if len(value) == 1:\n                        value = value[\"value\"]\n                    status = value.get(\"error\", None)\n                    if not status:\n                        status = value.get(\"status\", ErrorCode.UNKNOWN_ERROR)\n                        message = value.get(\"value\") or value.get(\"message\")\n                        if not isinstance(message, str):\n                            value = message\n                            message = message.get(\"message\")\n                    else:\n                        message = value.get(\"message\", None)\n                except ValueError:\n                    pass\n    \n        exception_class: Type[WebDriverException]\n        if status in ErrorCode.NO_SUCH_ELEMENT:\n            exception_class = NoSuchElementException\n        elif status in ErrorCode.NO_SUCH_FRAME:\n            exception_class = NoSuchFrameException\n        elif status in ErrorCode.NO_SUCH_SHADOW_ROOT:\n            exception_class = NoSuchShadowRootException\n        elif status in ErrorCode.NO_SUCH_WINDOW:\n            exception_class = NoSuchWindowException\n        elif status in ErrorCode.STALE_ELEMENT_REFERENCE:\n            exception_class = StaleElementReferenceException\n        elif status in ErrorCode.ELEMENT_NOT_VISIBLE:\n            exception_class = ElementNotVisibleException\n        elif status in ErrorCode.INVALID_ELEMENT_STATE:\n            exception_class = InvalidElementStateException\n        elif (\n            status in ErrorCode.INVALID_SELECTOR\n            or status in ErrorCode.INVALID_XPATH_SELECTOR\n            or status in ErrorCode.INVALID_XPATH_SELECTOR_RETURN_TYPER\n        ):\n            exception_class = InvalidSelectorException\n        elif status in ErrorCode.ELEMENT_IS_NOT_SELECTABLE:\n            exception_class = ElementNotSelectableException\n        elif status in ErrorCode.ELEMENT_NOT_INTERACTABLE:\n            exception_class = ElementNotInteractableException\n        elif status in ErrorCode.INVALID_COOKIE_DOMAIN:\n            exception_class = InvalidCookieDomainException\n        elif status in ErrorCode.UNABLE_TO_SET_COOKIE:\n            exception_class = UnableToSetCookieException\n        elif status in ErrorCode.TIMEOUT:\n            exception_class = TimeoutException\n        elif status in ErrorCode.SCRIPT_TIMEOUT:\n            exception_class = TimeoutException\n        elif status in ErrorCode.UNKNOWN_ERROR:\n            exception_class = WebDriverException\n        elif status in ErrorCode.UNEXPECTED_ALERT_OPEN:\n            exception_class = UnexpectedAlertPresentException\n        elif status in ErrorCode.NO_ALERT_OPEN:\n            exception_class = NoAlertPresentException\n        elif status in ErrorCode.IME_NOT_AVAILABLE:\n            exception_class = ImeNotAvailableException\n        elif status in ErrorCode.IME_ENGINE_ACTIVATION_FAILED:\n            exception_class = ImeActivationFailedException\n        elif status in ErrorCode.MOVE_TARGET_OUT_OF_BOUNDS:\n            exception_class = MoveTargetOutOfBoundsException\n        elif status in ErrorCode.JAVASCRIPT_ERROR:\n            exception_class = JavascriptException\n        elif status in ErrorCode.SESSION_NOT_CREATED:\n            exception_class = SessionNotCreatedException\n        elif status in ErrorCode.INVALID_ARGUMENT:\n            exception_class = InvalidArgumentException\n        elif status in ErrorCode.NO_SUCH_COOKIE:\n            exception_class = NoSuchCookieException\n        elif status in ErrorCode.UNABLE_TO_CAPTURE_SCREEN:\n            exception_class = ScreenshotException\n        elif status in ErrorCode.ELEMENT_CLICK_INTERCEPTED:\n            exception_class = ElementClickInterceptedException\n        elif status in ErrorCode.INSECURE_CERTIFICATE:\n            exception_class = InsecureCertificateException\n        elif status in ErrorCode.INVALID_COORDINATES:\n            exception_class = InvalidCoordinatesException\n        elif status in ErrorCode.INVALID_SESSION_ID:\n            exception_class = InvalidSessionIdException\n        elif status in ErrorCode.UNKNOWN_METHOD:\n            exception_class = UnknownMethodException\n        else:\n            exception_class = WebDriverException\n        if not value:\n            value = response[\"value\"]\n        if isinstance(value, str):\n            raise exception_class(value)\n        if message == \"\" and \"message\" in value:\n            message = value[\"message\"]\n    \n        screen = None  # type: ignore[assignment]\n        if \"screen\" in value:\n            screen = value[\"screen\"]\n    \n        stacktrace = None\n        st_value = value.get(\"stackTrace\") or value.get(\"stacktrace\")\n        if st_value:\n            if isinstance(st_value, str):\n                stacktrace = st_value.split(\"\\n\")\n            else:\n                stacktrace = []\n                try:\n                    for frame in st_value:\n                        line = frame.get(\"lineNumber\", \"\")\n                        file = frame.get(\"fileName\", \"<anonymous>\")\n                        if line:\n                            file = f\"{file}:{line}\"\n                        meth = frame.get(\"methodName\", \"<anonymous>\")\n                        if \"className\" in frame:\n                            meth = f\"{frame['className']}.{meth}\"\n                        msg = \"    at %s (%s)\"\n                        msg = msg % (meth, file)\n                        stacktrace.append(msg)\n                except TypeError:\n                    pass\n        if exception_class == UnexpectedAlertPresentException:\n            alert_text = None\n            if \"data\" in value:\n                alert_text = value[\"data\"].get(\"text\")\n            elif \"alert\" in value:\n                alert_text = value[\"alert\"].get(\"text\")\n            raise exception_class(message, screen, stacktrace, alert_text)  # type: ignore[call-arg]  # mypy is not smart enough here\n>       raise exception_class(message, screen, stacktrace)\nE       selenium.common.exceptions.NoSuchElementException: Message: no such element: Unable to locate element: {\"method\":\"xpath\",\"selector\":\"(//a[@class='add-to-cart yellow-btn'])[1]\"}\nE         (Session info: chrome-headless-shell=120.0.6099.109); For documentation on this error, please visit: https://www.selenium.dev/documentation/webdriver/troubleshooting/errors#no-such-element-exception\nE       Stacktrace:\nE       #0 0x55b768c25f83 <unknown>\nE       #1 0x55b7688decf7 <unknown>\nE       #2 0x55b76892e99e <unknown>\nE       #3 0x55b76892eaa1 <unknown>\nE       #4 0x55b768979d64 <unknown>\nE       #5 0x55b7689580dd <unknown>\nE       #6 0x55b768977006 <unknown>\nE       #7 0x55b768957e53 <unknown>\nE       #8 0x55b76891fdd4 <unknown>\nE       #9 0x55b7689211de <unknown>\nE       #10 0x55b768bea531 <unknown>\nE       #11 0x55b768bee455 <unknown>\nE       #12 0x55b768bd6f55 <unknown>\nE       #13 0x55b768bef0ef <unknown>\nE       #14 0x55b768bba99f <unknown>\nE       #15 0x55b768c13008 <unknown>\nE       #16 0x55b768c131d7 <unknown>\nE       #17 0x55b768c25124 <unknown>\nE       #18 0x7f0f4c3c6044 <unknown>\n\n/usr/local/lib/python3.11/site-packages/selenium/webdriver/remote/errorhandler.py:245: NoSuchElementException","flaky":false,"newFailed":false,"newBroken":false,"newPassed":false,"retriesCount":0,"retriesStatusChange":false,"beforeStages":[{"name":"_session_faker","time":{"start":1705107884174,"stop":1705107884241,"duration":67},"status":"passed","steps":[],"attachments":[],"parameters":[],"shouldDisplayMessage":false,"stepsCount":0,"attachmentsCount":0,"hasContent":false,"attachmentStep":false},{"name":"clear_allure_results_folder","time":{"start":1705107884241,"stop":1705107884241,"duration":0},"status":"passed","steps":[],"attachments":[],"parameters":[],"shouldDisplayMessage":false,"stepsCount":0,"attachmentsCount":0,"hasContent":false,"attachmentStep":false},{"name":"driver","time":{"start":1705108386228,"stop":1705108386954,"duration":726},"status":"passed","steps":[],"attachments":[],"parameters":[],"shouldDisplayMessage":false,"stepsCount":0,"attachmentsCount":0,"hasContent":false,"attachmentStep":false},{"name":"setup","time":{"start":1705108386954,"stop":1705108386954,"duration":0},"status":"passed","steps":[],"attachments":[],"parameters":[],"shouldDisplayMessage":false,"stepsCount":0,"attachmentsCount":0,"hasContent":false,"attachmentStep":false}],"testStage":{"status":"broken","statusMessage":"selenium.common.exceptions.NoSuchElementException: Message: no such element: Unable to locate element: {\"method\":\"xpath\",\"selector\":\"(//a[@class='add-to-cart yellow-btn'])[1]\"}\n  (Session info: chrome-headless-shell=120.0.6099.109); For documentation on this error, please visit: https://www.selenium.dev/documentation/webdriver/troubleshooting/errors#no-such-element-exception\nStacktrace:\n#0 0x55b768c25f83 <unknown>\n#1 0x55b7688decf7 <unknown>\n#2 0x55b76892e99e <unknown>\n#3 0x55b76892eaa1 <unknown>\n#4 0x55b768979d64 <unknown>\n#5 0x55b7689580dd <unknown>\n#6 0x55b768977006 <unknown>\n#7 0x55b768957e53 <unknown>\n#8 0x55b76891fdd4 <unknown>\n#9 0x55b7689211de <unknown>\n#10 0x55b768bea531 <unknown>\n#11 0x55b768bee455 <unknown>\n#12 0x55b768bd6f55 <unknown>\n#13 0x55b768bef0ef <unknown>\n#14 0x55b768bba99f <unknown>\n#15 0x55b768c13008 <unknown>\n#16 0x55b768c131d7 <unknown>\n#17 0x55b768c25124 <unknown>\n#18 0x7f0f4c3c6044 <unknown>","statusTrace":"self = <tests.delivery.test_delivery_calculation.TestDeliveryPageCalculation object at 0x7ff09cf74fd0>\ndriver = <selenium.webdriver.chrome.webdriver.WebDriver (session=\"3787c6a41e54330c088ea620f0e380a6\")>\nurl = 'https://sandboxtest.stroyrem-nn.ru/', case_id = 'TD 006'\nlink_item = 'products/shtukaturka-gipsovaya-aksolit-m50-30-kg-mashinnogo-naneseniya'\namount = 25, weight = 1700, standard = 990, in_time = 1990, all_time = 2480\n\n    @pytest.mark.parametrize('case_id, link_item, amount, weight, standard, in_time, all_time', [\n        (\"TD 001\", uroven_3000, 1, 30, 0, 1590, 2190),\n        (\"TD 002\", bundeks_25, 1, 30, 400, 1590, 2190),\n        (\"TD 003\", aksolit_30, 8, 300, 400, 1590, 2190),\n        (\"TD 004\", aksolit_30, 13, 400, 450, 1590, 2190),\n        (\"TD 005\", aksolit_30, 16, 500, 600, 1590, 2190),\n        (\"TD 006\", aksolit_30, 25, 1700, 990, 1990, 2480),\n        (\"TD 007\", aksolit_30, 66, 2000, 1300, 2490, 2980),\n        (\"TD 008\", aksolit_30, 149, 4500, 2300, 3980, 4490),\n        (\"TD 009\", aksolit_30, 166, 5000, 2500, 4990, 5480),\n        pytest.param(\n            \"TD 010\", aksolit_30, 206, 6200, 2900, 5570, 6120,\n            marks=pytest.mark.xfail(reson=\"Цена доставки 3600 7960 8980\")\n        ),\n        (\"TD 011\", aksolit_30, 299, 9000, 3600, 7960, 8980),\n        (\"TD 012\", aksolit_30, 333, 10000, 4450, 11990, 12500),\n        pytest.param(\n            \"TD 013\", aksolit_30, 366, 11000, 4800, 12450, 13480,\n            marks=pytest.mark.xfail(reason=\"Цена стандартной доставки 4450\")\n        ),\n        pytest.param(\n            \"TD 014\", aksolit_30, 666, 20000, 5400, 15600, 17490,\n            marks=pytest.mark.xfail(reason=\"Цена стандартной доставки 4450\")\n        )\n    ])\n    @pytest.mark.smoke\n    def test_positive_delivery_green_zone_smoke(\n            self, driver, url, case_id, link_item, amount, weight, standard, in_time, all_time\n    ):\n    \n        driver.get(f'{url}{link_item}')\n        item_page = ItemPage(driver)\n>       item_page.add_item_to_cart(amount).click_on_cart()\n\ntests/delivery/test_delivery_calculation.py:49: \n_ _ _ _ _ _ _ _ _ _ _ _ _ _ _ _ _ _ _ _ _ _ _ _ _ _ _ _ _ _ _ _ _ _ _ _ _ _ _ _ \npages/item_page.py:40: in add_item_to_cart\n    self.find_element(self._add_item).click()\nbase/seleniumbase.py:17: in find_element\n    return self.driver.find_element(*locator)\n/usr/local/lib/python3.11/site-packages/selenium/webdriver/remote/webdriver.py:740: in find_element\n    return self.execute(Command.FIND_ELEMENT, {\"using\": by, \"value\": value})[\"value\"]\n/usr/local/lib/python3.11/site-packages/selenium/webdriver/remote/webdriver.py:346: in execute\n    self.error_handler.check_response(response)\n_ _ _ _ _ _ _ _ _ _ _ _ _ _ _ _ _ _ _ _ _ _ _ _ _ _ _ _ _ _ _ _ _ _ _ _ _ _ _ _ \n\nself = <selenium.webdriver.remote.errorhandler.ErrorHandler object at 0x7ff09c856fd0>\nresponse = {'status': 404, 'value': '{\"value\":{\"error\":\"no such element\",\"message\":\"no such element: Unable to locate element: {\\...\\\\n#16 0x55b768c131d7 \\\\u003Cunknown>\\\\n#17 0x55b768c25124 \\\\u003Cunknown>\\\\n#18 0x7f0f4c3c6044 \\\\u003Cunknown>\\\\n\"}}'}\n\n    def check_response(self, response: Dict[str, Any]) -> None:\n        \"\"\"Checks that a JSON response from the WebDriver does not have an\n        error.\n    \n        :Args:\n         - response - The JSON response from the WebDriver server as a dictionary\n           object.\n    \n        :Raises: If the response contains an error message.\n        \"\"\"\n        status = response.get(\"status\", None)\n        if not status or status == ErrorCode.SUCCESS:\n            return\n        value = None\n        message = response.get(\"message\", \"\")\n        screen: str = response.get(\"screen\", \"\")\n        stacktrace = None\n        if isinstance(status, int):\n            value_json = response.get(\"value\", None)\n            if value_json and isinstance(value_json, str):\n                import json\n    \n                try:\n                    value = json.loads(value_json)\n                    if len(value) == 1:\n                        value = value[\"value\"]\n                    status = value.get(\"error\", None)\n                    if not status:\n                        status = value.get(\"status\", ErrorCode.UNKNOWN_ERROR)\n                        message = value.get(\"value\") or value.get(\"message\")\n                        if not isinstance(message, str):\n                            value = message\n                            message = message.get(\"message\")\n                    else:\n                        message = value.get(\"message\", None)\n                except ValueError:\n                    pass\n    \n        exception_class: Type[WebDriverException]\n        if status in ErrorCode.NO_SUCH_ELEMENT:\n            exception_class = NoSuchElementException\n        elif status in ErrorCode.NO_SUCH_FRAME:\n            exception_class = NoSuchFrameException\n        elif status in ErrorCode.NO_SUCH_SHADOW_ROOT:\n            exception_class = NoSuchShadowRootException\n        elif status in ErrorCode.NO_SUCH_WINDOW:\n            exception_class = NoSuchWindowException\n        elif status in ErrorCode.STALE_ELEMENT_REFERENCE:\n            exception_class = StaleElementReferenceException\n        elif status in ErrorCode.ELEMENT_NOT_VISIBLE:\n            exception_class = ElementNotVisibleException\n        elif status in ErrorCode.INVALID_ELEMENT_STATE:\n            exception_class = InvalidElementStateException\n        elif (\n            status in ErrorCode.INVALID_SELECTOR\n            or status in ErrorCode.INVALID_XPATH_SELECTOR\n            or status in ErrorCode.INVALID_XPATH_SELECTOR_RETURN_TYPER\n        ):\n            exception_class = InvalidSelectorException\n        elif status in ErrorCode.ELEMENT_IS_NOT_SELECTABLE:\n            exception_class = ElementNotSelectableException\n        elif status in ErrorCode.ELEMENT_NOT_INTERACTABLE:\n            exception_class = ElementNotInteractableException\n        elif status in ErrorCode.INVALID_COOKIE_DOMAIN:\n            exception_class = InvalidCookieDomainException\n        elif status in ErrorCode.UNABLE_TO_SET_COOKIE:\n            exception_class = UnableToSetCookieException\n        elif status in ErrorCode.TIMEOUT:\n            exception_class = TimeoutException\n        elif status in ErrorCode.SCRIPT_TIMEOUT:\n            exception_class = TimeoutException\n        elif status in ErrorCode.UNKNOWN_ERROR:\n            exception_class = WebDriverException\n        elif status in ErrorCode.UNEXPECTED_ALERT_OPEN:\n            exception_class = UnexpectedAlertPresentException\n        elif status in ErrorCode.NO_ALERT_OPEN:\n            exception_class = NoAlertPresentException\n        elif status in ErrorCode.IME_NOT_AVAILABLE:\n            exception_class = ImeNotAvailableException\n        elif status in ErrorCode.IME_ENGINE_ACTIVATION_FAILED:\n            exception_class = ImeActivationFailedException\n        elif status in ErrorCode.MOVE_TARGET_OUT_OF_BOUNDS:\n            exception_class = MoveTargetOutOfBoundsException\n        elif status in ErrorCode.JAVASCRIPT_ERROR:\n            exception_class = JavascriptException\n        elif status in ErrorCode.SESSION_NOT_CREATED:\n            exception_class = SessionNotCreatedException\n        elif status in ErrorCode.INVALID_ARGUMENT:\n            exception_class = InvalidArgumentException\n        elif status in ErrorCode.NO_SUCH_COOKIE:\n            exception_class = NoSuchCookieException\n        elif status in ErrorCode.UNABLE_TO_CAPTURE_SCREEN:\n            exception_class = ScreenshotException\n        elif status in ErrorCode.ELEMENT_CLICK_INTERCEPTED:\n            exception_class = ElementClickInterceptedException\n        elif status in ErrorCode.INSECURE_CERTIFICATE:\n            exception_class = InsecureCertificateException\n        elif status in ErrorCode.INVALID_COORDINATES:\n            exception_class = InvalidCoordinatesException\n        elif status in ErrorCode.INVALID_SESSION_ID:\n            exception_class = InvalidSessionIdException\n        elif status in ErrorCode.UNKNOWN_METHOD:\n            exception_class = UnknownMethodException\n        else:\n            exception_class = WebDriverException\n        if not value:\n            value = response[\"value\"]\n        if isinstance(value, str):\n            raise exception_class(value)\n        if message == \"\" and \"message\" in value:\n            message = value[\"message\"]\n    \n        screen = None  # type: ignore[assignment]\n        if \"screen\" in value:\n            screen = value[\"screen\"]\n    \n        stacktrace = None\n        st_value = value.get(\"stackTrace\") or value.get(\"stacktrace\")\n        if st_value:\n            if isinstance(st_value, str):\n                stacktrace = st_value.split(\"\\n\")\n            else:\n                stacktrace = []\n                try:\n                    for frame in st_value:\n                        line = frame.get(\"lineNumber\", \"\")\n                        file = frame.get(\"fileName\", \"<anonymous>\")\n                        if line:\n                            file = f\"{file}:{line}\"\n                        meth = frame.get(\"methodName\", \"<anonymous>\")\n                        if \"className\" in frame:\n                            meth = f\"{frame['className']}.{meth}\"\n                        msg = \"    at %s (%s)\"\n                        msg = msg % (meth, file)\n                        stacktrace.append(msg)\n                except TypeError:\n                    pass\n        if exception_class == UnexpectedAlertPresentException:\n            alert_text = None\n            if \"data\" in value:\n                alert_text = value[\"data\"].get(\"text\")\n            elif \"alert\" in value:\n                alert_text = value[\"alert\"].get(\"text\")\n            raise exception_class(message, screen, stacktrace, alert_text)  # type: ignore[call-arg]  # mypy is not smart enough here\n>       raise exception_class(message, screen, stacktrace)\nE       selenium.common.exceptions.NoSuchElementException: Message: no such element: Unable to locate element: {\"method\":\"xpath\",\"selector\":\"(//a[@class='add-to-cart yellow-btn'])[1]\"}\nE         (Session info: chrome-headless-shell=120.0.6099.109); For documentation on this error, please visit: https://www.selenium.dev/documentation/webdriver/troubleshooting/errors#no-such-element-exception\nE       Stacktrace:\nE       #0 0x55b768c25f83 <unknown>\nE       #1 0x55b7688decf7 <unknown>\nE       #2 0x55b76892e99e <unknown>\nE       #3 0x55b76892eaa1 <unknown>\nE       #4 0x55b768979d64 <unknown>\nE       #5 0x55b7689580dd <unknown>\nE       #6 0x55b768977006 <unknown>\nE       #7 0x55b768957e53 <unknown>\nE       #8 0x55b76891fdd4 <unknown>\nE       #9 0x55b7689211de <unknown>\nE       #10 0x55b768bea531 <unknown>\nE       #11 0x55b768bee455 <unknown>\nE       #12 0x55b768bd6f55 <unknown>\nE       #13 0x55b768bef0ef <unknown>\nE       #14 0x55b768bba99f <unknown>\nE       #15 0x55b768c13008 <unknown>\nE       #16 0x55b768c131d7 <unknown>\nE       #17 0x55b768c25124 <unknown>\nE       #18 0x7f0f4c3c6044 <unknown>\n\n/usr/local/lib/python3.11/site-packages/selenium/webdriver/remote/errorhandler.py:245: NoSuchElementException","steps":[{"name":"Добавляем товар в корзину в количестве 25","time":{"start":1705108387477,"stop":1705108387489,"duration":12},"status":"broken","statusMessage":"selenium.common.exceptions.NoSuchElementException: Message: no such element: Unable to locate element: {\"method\":\"xpath\",\"selector\":\"(//a[@class='add-to-cart yellow-btn'])[1]\"}\n  (Session info: chrome-headless-shell=120.0.6099.109); For documentation on this error, please visit: https://www.selenium.dev/documentation/webdriver/troubleshooting/errors#no-such-element-exception\nStacktrace:\n#0 0x55b768c25f83 <unknown>\n#1 0x55b7688decf7 <unknown>\n#2 0x55b76892e99e <unknown>\n#3 0x55b76892eaa1 <unknown>\n#4 0x55b768979d64 <unknown>\n#5 0x55b7689580dd <unknown>\n#6 0x55b768977006 <unknown>\n#7 0x55b768957e53 <unknown>\n#8 0x55b76891fdd4 <unknown>\n#9 0x55b7689211de <unknown>\n#10 0x55b768bea531 <unknown>\n#11 0x55b768bee455 <unknown>\n#12 0x55b768bd6f55 <unknown>\n#13 0x55b768bef0ef <unknown>\n#14 0x55b768bba99f <unknown>\n#15 0x55b768c13008 <unknown>\n#16 0x55b768c131d7 <unknown>\n#17 0x55b768c25124 <unknown>\n#18 0x7f0f4c3c6044 <unknown>\n\n","statusTrace":"  File \"/usr/local/lib/python3.11/site-packages/allure_commons/_allure.py\", line 192, in impl\n    return func(*a, **kw)\n           ^^^^^^^^^^^^^^\n  File \"/app/pages/item_page.py\", line 40, in add_item_to_cart\n    self.find_element(self._add_item).click()\n    ^^^^^^^^^^^^^^^^^^^^^^^^^^^^^^^^^\n  File \"/app/base/seleniumbase.py\", line 17, in find_element\n    return self.driver.find_element(*locator)\n           ^^^^^^^^^^^^^^^^^^^^^^^^^^^^^^^^^^\n  File \"/usr/local/lib/python3.11/site-packages/selenium/webdriver/remote/webdriver.py\", line 740, in find_element\n    return self.execute(Command.FIND_ELEMENT, {\"using\": by, \"value\": value})[\"value\"]\n           ^^^^^^^^^^^^^^^^^^^^^^^^^^^^^^^^^^^^^^^^^^^^^^^^^^^^^^^^^^^^^^^^^\n  File \"/usr/local/lib/python3.11/site-packages/selenium/webdriver/remote/webdriver.py\", line 346, in execute\n    self.error_handler.check_response(response)\n  File \"/usr/local/lib/python3.11/site-packages/selenium/webdriver/remote/errorhandler.py\", line 245, in check_response\n    raise exception_class(message, screen, stacktrace)\n","steps":[],"attachments":[],"parameters":[{"name":"amount","value":"25"}],"shouldDisplayMessage":true,"stepsCount":0,"attachmentsCount":0,"hasContent":true,"attachmentStep":false}],"attachments":[{"uid":"a362e0483b44a3c6","name":"Screenshot","source":"a362e0483b44a3c6.png","type":"image/png","size":5862},{"uid":"1e38329fe9011fa1","name":"HTML source","source":"1e38329fe9011fa1.html","type":"text/html","size":39}],"parameters":[],"shouldDisplayMessage":true,"stepsCount":1,"attachmentsCount":2,"hasContent":true,"attachmentStep":false},"afterStages":[{"name":"driver::0","time":{"start":1705108387594,"stop":1705108387651,"duration":57},"status":"passed","steps":[],"attachments":[],"parameters":[],"shouldDisplayMessage":false,"stepsCount":0,"attachmentsCount":0,"hasContent":false,"attachmentStep":false},{"name":"setup::0","time":{"start":1705108387594,"stop":1705108387594,"duration":0},"status":"passed","steps":[],"attachments":[],"parameters":[],"shouldDisplayMessage":false,"stepsCount":0,"attachmentsCount":0,"hasContent":false,"attachmentStep":false}],"labels":[{"name":"epic","value":"Delivery Page - calculation"},{"name":"tag","value":"smoke"},{"name":"parentSuite","value":"tests.delivery"},{"name":"suite","value":"test_delivery_calculation"},{"name":"subSuite","value":"TestDeliveryPageCalculation"},{"name":"host","value":"b123aef6f2a0"},{"name":"thread","value":"1-MainThread"},{"name":"framework","value":"pytest"},{"name":"language","value":"cpython3"},{"name":"package","value":"tests.delivery.test_delivery_calculation"},{"name":"resultFormat","value":"allure2"}],"parameters":[{"name":"all_time","value":"2480"},{"name":"amount","value":"25"},{"name":"case_id","value":"'TD 006'"},{"name":"in_time","value":"1990"},{"name":"link_item","value":"'products/shtukaturka-gipsovaya-aksolit-m50-30-kg-mashinnogo-naneseniya'"},{"name":"standard","value":"990"},{"name":"url","value":"'https://sandboxtest.stroyrem-nn.ru/'"},{"name":"weight","value":"1700"}],"links":[],"hidden":false,"retry":false,"extra":{"severity":"normal","retries":[],"categories":[{"name":"Test defects","matchedStatuses":[],"flaky":false}],"history":{"statistic":{"failed":0,"broken":136,"skipped":0,"passed":0,"unknown":0,"total":136},"items":[{"uid":"f2747605eaa6fb4a","reportUrl":"https://zaelcovsky.github.io/StroyremAutomation/199//#testresult/f2747605eaa6fb4a","status":"broken","statusDetails":"selenium.common.exceptions.NoSuchElementException: Message: no such element: Unable to locate element: {\"method\":\"xpath\",\"selector\":\"(//a[@class='add-to-cart yellow-btn'])[1]\"}\n  (Session info: chrome-headless-shell=120.0.6099.109); For documentation on this error, please visit: https://www.selenium.dev/documentation/webdriver/troubleshooting/errors#no-such-element-exception\nStacktrace:\n#0 0x5617f62bff83 <unknown>\n#1 0x5617f5f78cf7 <unknown>\n#2 0x5617f5fc899e <unknown>\n#3 0x5617f5fc8aa1 <unknown>\n#4 0x5617f6013d64 <unknown>\n#5 0x5617f5ff20dd <unknown>\n#6 0x5617f6011006 <unknown>\n#7 0x5617f5ff1e53 <unknown>\n#8 0x5617f5fb9dd4 <unknown>\n#9 0x5617f5fbb1de <unknown>\n#10 0x5617f6284531 <unknown>\n#11 0x5617f6288455 <unknown>\n#12 0x5617f6270f55 <unknown>\n#13 0x5617f62890ef <unknown>\n#14 0x5617f625499f <unknown>\n#15 0x5617f62ad008 <unknown>\n#16 0x5617f62ad1d7 <unknown>\n#17 0x5617f62bf124 <unknown>\n#18 0x7f448921a044 <unknown>","time":{"start":1705022029629,"stop":1705022030259,"duration":630}},{"uid":"ecdb566fc86a2098","reportUrl":"https://zaelcovsky.github.io/StroyremAutomation/198//#testresult/ecdb566fc86a2098","status":"broken","statusDetails":"selenium.common.exceptions.NoSuchElementException: Message: no such element: Unable to locate element: {\"method\":\"xpath\",\"selector\":\"(//a[@class='add-to-cart yellow-btn'])[1]\"}\n  (Session info: chrome-headless-shell=120.0.6099.109); For documentation on this error, please visit: https://www.selenium.dev/documentation/webdriver/troubleshooting/errors#no-such-element-exception\nStacktrace:\n#0 0x562af3533f83 <unknown>\n#1 0x562af31eccf7 <unknown>\n#2 0x562af323c99e <unknown>\n#3 0x562af323caa1 <unknown>\n#4 0x562af3287d64 <unknown>\n#5 0x562af32660dd <unknown>\n#6 0x562af3285006 <unknown>\n#7 0x562af3265e53 <unknown>\n#8 0x562af322ddd4 <unknown>\n#9 0x562af322f1de <unknown>\n#10 0x562af34f8531 <unknown>\n#11 0x562af34fc455 <unknown>\n#12 0x562af34e4f55 <unknown>\n#13 0x562af34fd0ef <unknown>\n#14 0x562af34c899f <unknown>\n#15 0x562af3521008 <unknown>\n#16 0x562af35211d7 <unknown>\n#17 0x562af3533124 <unknown>\n#18 0x7f6e3c93b044 <unknown>","time":{"start":1704935556785,"stop":1704935557212,"duration":427}},{"uid":"efc06b840247828b","reportUrl":"https://zaelcovsky.github.io/StroyremAutomation/197//#testresult/efc06b840247828b","status":"broken","statusDetails":"selenium.common.exceptions.NoSuchElementException: Message: no such element: Unable to locate element: {\"method\":\"xpath\",\"selector\":\"(//a[@class='add-to-cart yellow-btn'])[1]\"}\n  (Session info: chrome-headless-shell=120.0.6099.109); For documentation on this error, please visit: https://www.selenium.dev/documentation/webdriver/troubleshooting/errors#no-such-element-exception\nStacktrace:\n#0 0x5603a8d45f83 <unknown>\n#1 0x5603a89fecf7 <unknown>\n#2 0x5603a8a4e99e <unknown>\n#3 0x5603a8a4eaa1 <unknown>\n#4 0x5603a8a99d64 <unknown>\n#5 0x5603a8a780dd <unknown>\n#6 0x5603a8a97006 <unknown>\n#7 0x5603a8a77e53 <unknown>\n#8 0x5603a8a3fdd4 <unknown>\n#9 0x5603a8a411de <unknown>\n#10 0x5603a8d0a531 <unknown>\n#11 0x5603a8d0e455 <unknown>\n#12 0x5603a8cf6f55 <unknown>\n#13 0x5603a8d0f0ef <unknown>\n#14 0x5603a8cda99f <unknown>\n#15 0x5603a8d33008 <unknown>\n#16 0x5603a8d331d7 <unknown>\n#17 0x5603a8d45124 <unknown>\n#18 0x7fd54cb8c044 <unknown>","time":{"start":1704849153462,"stop":1704849153865,"duration":403}},{"uid":"3c40017a33310832","reportUrl":"https://zaelcovsky.github.io/StroyremAutomation/196//#testresult/3c40017a33310832","status":"broken","statusDetails":"selenium.common.exceptions.NoSuchElementException: Message: no such element: Unable to locate element: {\"method\":\"xpath\",\"selector\":\"(//a[@class='add-to-cart yellow-btn'])[1]\"}\n  (Session info: chrome-headless-shell=120.0.6099.109); For documentation on this error, please visit: https://www.selenium.dev/documentation/webdriver/troubleshooting/errors#no-such-element-exception\nStacktrace:\n#0 0x55fdb2bd9f83 <unknown>\n#1 0x55fdb2892cf7 <unknown>\n#2 0x55fdb28e299e <unknown>\n#3 0x55fdb28e2aa1 <unknown>\n#4 0x55fdb292dd64 <unknown>\n#5 0x55fdb290c0dd <unknown>\n#6 0x55fdb292b006 <unknown>\n#7 0x55fdb290be53 <unknown>\n#8 0x55fdb28d3dd4 <unknown>\n#9 0x55fdb28d51de <unknown>\n#10 0x55fdb2b9e531 <unknown>\n#11 0x55fdb2ba2455 <unknown>\n#12 0x55fdb2b8af55 <unknown>\n#13 0x55fdb2ba30ef <unknown>\n#14 0x55fdb2b6e99f <unknown>\n#15 0x55fdb2bc7008 <unknown>\n#16 0x55fdb2bc71d7 <unknown>\n#17 0x55fdb2bd9124 <unknown>\n#18 0x7fdff9a18044 <unknown>","time":{"start":1704762752783,"stop":1704762753348,"duration":565}},{"uid":"f1887cb114ac26fc","reportUrl":"https://zaelcovsky.github.io/StroyremAutomation/195//#testresult/f1887cb114ac26fc","status":"broken","statusDetails":"selenium.common.exceptions.NoSuchElementException: Message: no such element: Unable to locate element: {\"method\":\"xpath\",\"selector\":\"(//a[@class='add-to-cart yellow-btn'])[1]\"}\n  (Session info: chrome-headless-shell=120.0.6099.109); For documentation on this error, please visit: https://www.selenium.dev/documentation/webdriver/troubleshooting/errors#no-such-element-exception\nStacktrace:\n#0 0x5635c6863f83 <unknown>\n#1 0x5635c651ccf7 <unknown>\n#2 0x5635c656c99e <unknown>\n#3 0x5635c656caa1 <unknown>\n#4 0x5635c65b7d64 <unknown>\n#5 0x5635c65960dd <unknown>\n#6 0x5635c65b5006 <unknown>\n#7 0x5635c6595e53 <unknown>\n#8 0x5635c655ddd4 <unknown>\n#9 0x5635c655f1de <unknown>\n#10 0x5635c6828531 <unknown>\n#11 0x5635c682c455 <unknown>\n#12 0x5635c6814f55 <unknown>\n#13 0x5635c682d0ef <unknown>\n#14 0x5635c67f899f <unknown>\n#15 0x5635c6851008 <unknown>\n#16 0x5635c68511d7 <unknown>\n#17 0x5635c6863124 <unknown>\n#18 0x7f6a35352044 <unknown>","time":{"start":1704676453090,"stop":1704676453727,"duration":637}},{"uid":"8a5555a0fb976a22","reportUrl":"https://zaelcovsky.github.io/StroyremAutomation/194//#testresult/8a5555a0fb976a22","status":"broken","statusDetails":"selenium.common.exceptions.NoSuchElementException: Message: no such element: Unable to locate element: {\"method\":\"xpath\",\"selector\":\"(//a[@class='add-to-cart yellow-btn'])[1]\"}\n  (Session info: chrome-headless-shell=120.0.6099.109); For documentation on this error, please visit: https://www.selenium.dev/documentation/webdriver/troubleshooting/errors#no-such-element-exception\nStacktrace:\n#0 0x562222826f83 <unknown>\n#1 0x5622224dfcf7 <unknown>\n#2 0x56222252f99e <unknown>\n#3 0x56222252faa1 <unknown>\n#4 0x56222257ad64 <unknown>\n#5 0x5622225590dd <unknown>\n#6 0x562222578006 <unknown>\n#7 0x562222558e53 <unknown>\n#8 0x562222520dd4 <unknown>\n#9 0x5622225221de <unknown>\n#10 0x5622227eb531 <unknown>\n#11 0x5622227ef455 <unknown>\n#12 0x5622227d7f55 <unknown>\n#13 0x5622227f00ef <unknown>\n#14 0x5622227bb99f <unknown>\n#15 0x562222814008 <unknown>\n#16 0x5622228141d7 <unknown>\n#17 0x562222826124 <unknown>\n#18 0x7f9369f62044 <unknown>","time":{"start":1704590351390,"stop":1704590352023,"duration":633}},{"uid":"e0a17b08592f8082","reportUrl":"https://zaelcovsky.github.io/StroyremAutomation/193//#testresult/e0a17b08592f8082","status":"broken","statusDetails":"selenium.common.exceptions.NoSuchElementException: Message: no such element: Unable to locate element: {\"method\":\"xpath\",\"selector\":\"(//a[@class='add-to-cart yellow-btn'])[1]\"}\n  (Session info: chrome-headless-shell=120.0.6099.109); For documentation on this error, please visit: https://www.selenium.dev/documentation/webdriver/troubleshooting/errors#no-such-element-exception\nStacktrace:\n#0 0x5564249c6f83 <unknown>\n#1 0x55642467fcf7 <unknown>\n#2 0x5564246cf99e <unknown>\n#3 0x5564246cfaa1 <unknown>\n#4 0x55642471ad64 <unknown>\n#5 0x5564246f90dd <unknown>\n#6 0x556424718006 <unknown>\n#7 0x5564246f8e53 <unknown>\n#8 0x5564246c0dd4 <unknown>\n#9 0x5564246c21de <unknown>\n#10 0x55642498b531 <unknown>\n#11 0x55642498f455 <unknown>\n#12 0x556424977f55 <unknown>\n#13 0x5564249900ef <unknown>\n#14 0x55642495b99f <unknown>\n#15 0x5564249b4008 <unknown>\n#16 0x5564249b41d7 <unknown>\n#17 0x5564249c6124 <unknown>\n#18 0x7f6fd7da0044 <unknown>","time":{"start":1704503421401,"stop":1704503422051,"duration":650}},{"uid":"7b390b92607a4d5f","reportUrl":"https://zaelcovsky.github.io/StroyremAutomation/192//#testresult/7b390b92607a4d5f","status":"broken","statusDetails":"selenium.common.exceptions.NoSuchElementException: Message: no such element: Unable to locate element: {\"method\":\"xpath\",\"selector\":\"(//a[@class='add-to-cart yellow-btn'])[1]\"}\n  (Session info: chrome-headless-shell=120.0.6099.109); For documentation on this error, please visit: https://www.selenium.dev/documentation/webdriver/troubleshooting/errors#no-such-element-exception\nStacktrace:\n#0 0x55ce83538f83 <unknown>\n#1 0x55ce831f1cf7 <unknown>\n#2 0x55ce8324199e <unknown>\n#3 0x55ce83241aa1 <unknown>\n#4 0x55ce8328cd64 <unknown>\n#5 0x55ce8326b0dd <unknown>\n#6 0x55ce8328a006 <unknown>\n#7 0x55ce8326ae53 <unknown>\n#8 0x55ce83232dd4 <unknown>\n#9 0x55ce832341de <unknown>\n#10 0x55ce834fd531 <unknown>\n#11 0x55ce83501455 <unknown>\n#12 0x55ce834e9f55 <unknown>\n#13 0x55ce835020ef <unknown>\n#14 0x55ce834cd99f <unknown>\n#15 0x55ce83526008 <unknown>\n#16 0x55ce835261d7 <unknown>\n#17 0x55ce83538124 <unknown>\n#18 0x7f6011362044 <unknown>","time":{"start":1704417080779,"stop":1704417081140,"duration":361}},{"uid":"63846f3fb4305e9f","reportUrl":"https://zaelcovsky.github.io/StroyremAutomation/191//#testresult/63846f3fb4305e9f","status":"broken","statusDetails":"selenium.common.exceptions.NoSuchElementException: Message: no such element: Unable to locate element: {\"method\":\"xpath\",\"selector\":\"(//a[@class='add-to-cart yellow-btn'])[1]\"}\n  (Session info: chrome-headless-shell=120.0.6099.109); For documentation on this error, please visit: https://www.selenium.dev/documentation/webdriver/troubleshooting/errors#no-such-element-exception\nStacktrace:\n#0 0x55739f230f83 <unknown>\n#1 0x55739eee9cf7 <unknown>\n#2 0x55739ef3999e <unknown>\n#3 0x55739ef39aa1 <unknown>\n#4 0x55739ef84d64 <unknown>\n#5 0x55739ef630dd <unknown>\n#6 0x55739ef82006 <unknown>\n#7 0x55739ef62e53 <unknown>\n#8 0x55739ef2add4 <unknown>\n#9 0x55739ef2c1de <unknown>\n#10 0x55739f1f5531 <unknown>\n#11 0x55739f1f9455 <unknown>\n#12 0x55739f1e1f55 <unknown>\n#13 0x55739f1fa0ef <unknown>\n#14 0x55739f1c599f <unknown>\n#15 0x55739f21e008 <unknown>\n#16 0x55739f21e1d7 <unknown>\n#17 0x55739f230124 <unknown>\n#18 0x7fcf26439044 <unknown>","time":{"start":1704330763623,"stop":1704330764077,"duration":454}},{"uid":"cb0d386d1b99d9b2","reportUrl":"https://zaelcovsky.github.io/StroyremAutomation/190//#testresult/cb0d386d1b99d9b2","status":"broken","statusDetails":"selenium.common.exceptions.NoSuchElementException: Message: no such element: Unable to locate element: {\"method\":\"xpath\",\"selector\":\"(//a[@class='add-to-cart yellow-btn'])[1]\"}\n  (Session info: chrome-headless-shell=120.0.6099.109); For documentation on this error, please visit: https://www.selenium.dev/documentation/webdriver/troubleshooting/errors#no-such-element-exception\nStacktrace:\n#0 0x55812fa5ff83 <unknown>\n#1 0x55812f718cf7 <unknown>\n#2 0x55812f76899e <unknown>\n#3 0x55812f768aa1 <unknown>\n#4 0x55812f7b3d64 <unknown>\n#5 0x55812f7920dd <unknown>\n#6 0x55812f7b1006 <unknown>\n#7 0x55812f791e53 <unknown>\n#8 0x55812f759dd4 <unknown>\n#9 0x55812f75b1de <unknown>\n#10 0x55812fa24531 <unknown>\n#11 0x55812fa28455 <unknown>\n#12 0x55812fa10f55 <unknown>\n#13 0x55812fa290ef <unknown>\n#14 0x55812f9f499f <unknown>\n#15 0x55812fa4d008 <unknown>\n#16 0x55812fa4d1d7 <unknown>\n#17 0x55812fa5f124 <unknown>\n#18 0x7f2b6ea2c044 <unknown>","time":{"start":1704244255258,"stop":1704244255690,"duration":432}},{"uid":"53bdf1fdcaec9edc","reportUrl":"https://zaelcovsky.github.io/StroyremAutomation/189//#testresult/53bdf1fdcaec9edc","status":"broken","statusDetails":"selenium.common.exceptions.NoSuchElementException: Message: no such element: Unable to locate element: {\"method\":\"xpath\",\"selector\":\"(//a[@class='add-to-cart yellow-btn'])[1]\"}\n  (Session info: chrome-headless-shell=120.0.6099.109); For documentation on this error, please visit: https://www.selenium.dev/documentation/webdriver/troubleshooting/errors#no-such-element-exception\nStacktrace:\n#0 0x564115cf7f83 <unknown>\n#1 0x5641159b0cf7 <unknown>\n#2 0x564115a0099e <unknown>\n#3 0x564115a00aa1 <unknown>\n#4 0x564115a4bd64 <unknown>\n#5 0x564115a2a0dd <unknown>\n#6 0x564115a49006 <unknown>\n#7 0x564115a29e53 <unknown>\n#8 0x5641159f1dd4 <unknown>\n#9 0x5641159f31de <unknown>\n#10 0x564115cbc531 <unknown>\n#11 0x564115cc0455 <unknown>\n#12 0x564115ca8f55 <unknown>\n#13 0x564115cc10ef <unknown>\n#14 0x564115c8c99f <unknown>\n#15 0x564115ce5008 <unknown>\n#16 0x564115ce51d7 <unknown>\n#17 0x564115cf7124 <unknown>\n#18 0x7fb251b90044 <unknown>","time":{"start":1704157773223,"stop":1704157773680,"duration":457}},{"uid":"8b88d3a83acfa539","reportUrl":"https://zaelcovsky.github.io/StroyremAutomation/188//#testresult/8b88d3a83acfa539","status":"broken","statusDetails":"selenium.common.exceptions.NoSuchElementException: Message: no such element: Unable to locate element: {\"method\":\"xpath\",\"selector\":\"(//a[@class='add-to-cart yellow-btn'])[1]\"}\n  (Session info: chrome-headless-shell=120.0.6099.109); For documentation on this error, please visit: https://www.selenium.dev/documentation/webdriver/troubleshooting/errors#no-such-element-exception\nStacktrace:\n#0 0x561972c25f83 <unknown>\n#1 0x5619728decf7 <unknown>\n#2 0x56197292e99e <unknown>\n#3 0x56197292eaa1 <unknown>\n#4 0x561972979d64 <unknown>\n#5 0x5619729580dd <unknown>\n#6 0x561972977006 <unknown>\n#7 0x561972957e53 <unknown>\n#8 0x56197291fdd4 <unknown>\n#9 0x5619729211de <unknown>\n#10 0x561972bea531 <unknown>\n#11 0x561972bee455 <unknown>\n#12 0x561972bd6f55 <unknown>\n#13 0x561972bef0ef <unknown>\n#14 0x561972bba99f <unknown>\n#15 0x561972c13008 <unknown>\n#16 0x561972c131d7 <unknown>\n#17 0x561972c25124 <unknown>\n#18 0x7f287d23a044 <unknown>","time":{"start":1704071860441,"stop":1704071861020,"duration":579}},{"uid":"613f859805d2d632","reportUrl":"https://zaelcovsky.github.io/StroyremAutomation/187//#testresult/613f859805d2d632","status":"broken","statusDetails":"selenium.common.exceptions.NoSuchElementException: Message: no such element: Unable to locate element: {\"method\":\"xpath\",\"selector\":\"(//a[@class='add-to-cart yellow-btn'])[1]\"}\n  (Session info: chrome-headless-shell=120.0.6099.109); For documentation on this error, please visit: https://www.selenium.dev/documentation/webdriver/troubleshooting/errors#no-such-element-exception\nStacktrace:\n#0 0x557c52a45f83 <unknown>\n#1 0x557c526fecf7 <unknown>\n#2 0x557c5274e99e <unknown>\n#3 0x557c5274eaa1 <unknown>\n#4 0x557c52799d64 <unknown>\n#5 0x557c527780dd <unknown>\n#6 0x557c52797006 <unknown>\n#7 0x557c52777e53 <unknown>\n#8 0x557c5273fdd4 <unknown>\n#9 0x557c527411de <unknown>\n#10 0x557c52a0a531 <unknown>\n#11 0x557c52a0e455 <unknown>\n#12 0x557c529f6f55 <unknown>\n#13 0x557c52a0f0ef <unknown>\n#14 0x557c529da99f <unknown>\n#15 0x557c52a33008 <unknown>\n#16 0x557c52a331d7 <unknown>\n#17 0x557c52a45124 <unknown>\n#18 0x7ff19e179044 <unknown>","time":{"start":1703985318581,"stop":1703985318972,"duration":391}},{"uid":"f73f8f6afaa5dab1","reportUrl":"https://zaelcovsky.github.io/StroyremAutomation/186//#testresult/f73f8f6afaa5dab1","status":"broken","statusDetails":"selenium.common.exceptions.NoSuchElementException: Message: no such element: Unable to locate element: {\"method\":\"xpath\",\"selector\":\"(//a[@class='add-to-cart yellow-btn'])[1]\"}\n  (Session info: chrome-headless-shell=120.0.6099.109); For documentation on this error, please visit: https://www.selenium.dev/documentation/webdriver/troubleshooting/errors#no-such-element-exception\nStacktrace:\n#0 0x55fbf7bfcf83 <unknown>\n#1 0x55fbf78b5cf7 <unknown>\n#2 0x55fbf790599e <unknown>\n#3 0x55fbf7905aa1 <unknown>\n#4 0x55fbf7950d64 <unknown>\n#5 0x55fbf792f0dd <unknown>\n#6 0x55fbf794e006 <unknown>\n#7 0x55fbf792ee53 <unknown>\n#8 0x55fbf78f6dd4 <unknown>\n#9 0x55fbf78f81de <unknown>\n#10 0x55fbf7bc1531 <unknown>\n#11 0x55fbf7bc5455 <unknown>\n#12 0x55fbf7badf55 <unknown>\n#13 0x55fbf7bc60ef <unknown>\n#14 0x55fbf7b9199f <unknown>\n#15 0x55fbf7bea008 <unknown>\n#16 0x55fbf7bea1d7 <unknown>\n#17 0x55fbf7bfc124 <unknown>\n#18 0x7f3394452044 <unknown>","time":{"start":1703898590931,"stop":1703898591368,"duration":437}},{"uid":"230199d2f5e43647","reportUrl":"https://zaelcovsky.github.io/StroyremAutomation/185//#testresult/230199d2f5e43647","status":"broken","statusDetails":"selenium.common.exceptions.NoSuchElementException: Message: no such element: Unable to locate element: {\"method\":\"xpath\",\"selector\":\"(//a[@class='add-to-cart yellow-btn'])[1]\"}\n  (Session info: chrome-headless-shell=120.0.6099.109); For documentation on this error, please visit: https://www.selenium.dev/documentation/webdriver/troubleshooting/errors#no-such-element-exception\nStacktrace:\n#0 0x561367798f83 <unknown>\n#1 0x561367451cf7 <unknown>\n#2 0x5613674a199e <unknown>\n#3 0x5613674a1aa1 <unknown>\n#4 0x5613674ecd64 <unknown>\n#5 0x5613674cb0dd <unknown>\n#6 0x5613674ea006 <unknown>\n#7 0x5613674cae53 <unknown>\n#8 0x561367492dd4 <unknown>\n#9 0x5613674941de <unknown>\n#10 0x56136775d531 <unknown>\n#11 0x561367761455 <unknown>\n#12 0x561367749f55 <unknown>\n#13 0x5613677620ef <unknown>\n#14 0x56136772d99f <unknown>\n#15 0x561367786008 <unknown>\n#16 0x5613677861d7 <unknown>\n#17 0x561367798124 <unknown>\n#18 0x7f83ef1d0044 <unknown>","time":{"start":1703811608576,"stop":1703811609128,"duration":552}},{"uid":"7fa2acae3ab0b58f","reportUrl":"https://zaelcovsky.github.io/StroyremAutomation/184//#testresult/7fa2acae3ab0b58f","status":"broken","statusDetails":"selenium.common.exceptions.NoSuchElementException: Message: no such element: Unable to locate element: {\"method\":\"xpath\",\"selector\":\"(//a[@class='add-to-cart yellow-btn'])[1]\"}\n  (Session info: chrome-headless-shell=120.0.6099.109); For documentation on this error, please visit: https://www.selenium.dev/documentation/webdriver/troubleshooting/errors#no-such-element-exception\nStacktrace:\n#0 0x55f6fb325f83 <unknown>\n#1 0x55f6fafdecf7 <unknown>\n#2 0x55f6fb02e99e <unknown>\n#3 0x55f6fb02eaa1 <unknown>\n#4 0x55f6fb079d64 <unknown>\n#5 0x55f6fb0580dd <unknown>\n#6 0x55f6fb077006 <unknown>\n#7 0x55f6fb057e53 <unknown>\n#8 0x55f6fb01fdd4 <unknown>\n#9 0x55f6fb0211de <unknown>\n#10 0x55f6fb2ea531 <unknown>\n#11 0x55f6fb2ee455 <unknown>\n#12 0x55f6fb2d6f55 <unknown>\n#13 0x55f6fb2ef0ef <unknown>\n#14 0x55f6fb2ba99f <unknown>\n#15 0x55f6fb313008 <unknown>\n#16 0x55f6fb3131d7 <unknown>\n#17 0x55f6fb325124 <unknown>\n#18 0x7f196fa36044 <unknown>","time":{"start":1703725737329,"stop":1703725737836,"duration":507}},{"uid":"a5775075a9f614e9","reportUrl":"https://zaelcovsky.github.io/StroyremAutomation/183//#testresult/a5775075a9f614e9","status":"broken","statusDetails":"selenium.common.exceptions.NoSuchElementException: Message: no such element: Unable to locate element: {\"method\":\"xpath\",\"selector\":\"(//a[@class='add-to-cart yellow-btn'])[1]\"}\n  (Session info: chrome-headless-shell=120.0.6099.109); For documentation on this error, please visit: https://www.selenium.dev/documentation/webdriver/troubleshooting/errors#no-such-element-exception\nStacktrace:\n#0 0x55ec89d43f83 <unknown>\n#1 0x55ec899fccf7 <unknown>\n#2 0x55ec89a4c99e <unknown>\n#3 0x55ec89a4caa1 <unknown>\n#4 0x55ec89a97d64 <unknown>\n#5 0x55ec89a760dd <unknown>\n#6 0x55ec89a95006 <unknown>\n#7 0x55ec89a75e53 <unknown>\n#8 0x55ec89a3ddd4 <unknown>\n#9 0x55ec89a3f1de <unknown>\n#10 0x55ec89d08531 <unknown>\n#11 0x55ec89d0c455 <unknown>\n#12 0x55ec89cf4f55 <unknown>\n#13 0x55ec89d0d0ef <unknown>\n#14 0x55ec89cd899f <unknown>\n#15 0x55ec89d31008 <unknown>\n#16 0x55ec89d311d7 <unknown>\n#17 0x55ec89d43124 <unknown>\n#18 0x7f7b4dae5044 <unknown>","time":{"start":1703639416555,"stop":1703639417190,"duration":635}},{"uid":"2972df7d3852de16","reportUrl":"https://zaelcovsky.github.io/StroyremAutomation/182//#testresult/2972df7d3852de16","status":"broken","statusDetails":"selenium.common.exceptions.NoSuchElementException: Message: no such element: Unable to locate element: {\"method\":\"xpath\",\"selector\":\"(//a[@class='add-to-cart yellow-btn'])[1]\"}\n  (Session info: chrome-headless-shell=120.0.6099.109); For documentation on this error, please visit: https://www.selenium.dev/documentation/webdriver/troubleshooting/errors#no-such-element-exception\nStacktrace:\n#0 0x559129d8ef83 <unknown>\n#1 0x559129a47cf7 <unknown>\n#2 0x559129a9799e <unknown>\n#3 0x559129a97aa1 <unknown>\n#4 0x559129ae2d64 <unknown>\n#5 0x559129ac10dd <unknown>\n#6 0x559129ae0006 <unknown>\n#7 0x559129ac0e53 <unknown>\n#8 0x559129a88dd4 <unknown>\n#9 0x559129a8a1de <unknown>\n#10 0x559129d53531 <unknown>\n#11 0x559129d57455 <unknown>\n#12 0x559129d3ff55 <unknown>\n#13 0x559129d580ef <unknown>\n#14 0x559129d2399f <unknown>\n#15 0x559129d7c008 <unknown>\n#16 0x559129d7c1d7 <unknown>\n#17 0x559129d8e124 <unknown>\n#18 0x7fd2b3518044 <unknown>","time":{"start":1703552907796,"stop":1703552908262,"duration":466}},{"uid":"5ad5b306c95b9f61","reportUrl":"https://zaelcovsky.github.io/StroyremAutomation/181//#testresult/5ad5b306c95b9f61","status":"broken","statusDetails":"selenium.common.exceptions.NoSuchElementException: Message: no such element: Unable to locate element: {\"method\":\"xpath\",\"selector\":\"(//a[@class='add-to-cart yellow-btn'])[1]\"}\n  (Session info: chrome-headless-shell=120.0.6099.109); For documentation on this error, please visit: https://www.selenium.dev/documentation/webdriver/troubleshooting/errors#no-such-element-exception\nStacktrace:\n#0 0x555c7a914f83 <unknown>\n#1 0x555c7a5cdcf7 <unknown>\n#2 0x555c7a61d99e <unknown>\n#3 0x555c7a61daa1 <unknown>\n#4 0x555c7a668d64 <unknown>\n#5 0x555c7a6470dd <unknown>\n#6 0x555c7a666006 <unknown>\n#7 0x555c7a646e53 <unknown>\n#8 0x555c7a60edd4 <unknown>\n#9 0x555c7a6101de <unknown>\n#10 0x555c7a8d9531 <unknown>\n#11 0x555c7a8dd455 <unknown>\n#12 0x555c7a8c5f55 <unknown>\n#13 0x555c7a8de0ef <unknown>\n#14 0x555c7a8a999f <unknown>\n#15 0x555c7a902008 <unknown>\n#16 0x555c7a9021d7 <unknown>\n#17 0x555c7a914124 <unknown>\n#18 0x7fd768903044 <unknown>","time":{"start":1703466677931,"stop":1703466678604,"duration":673}},{"uid":"e92c31e3a8ad137","reportUrl":"https://zaelcovsky.github.io/StroyremAutomation/180//#testresult/e92c31e3a8ad137","status":"broken","statusDetails":"selenium.common.exceptions.NoSuchElementException: Message: no such element: Unable to locate element: {\"method\":\"xpath\",\"selector\":\"(//a[@class='add-to-cart yellow-btn'])[1]\"}\n  (Session info: chrome-headless-shell=120.0.6099.109); For documentation on this error, please visit: https://www.selenium.dev/documentation/webdriver/troubleshooting/errors#no-such-element-exception\nStacktrace:\n#0 0x5561e9878f83 <unknown>\n#1 0x5561e9531cf7 <unknown>\n#2 0x5561e958199e <unknown>\n#3 0x5561e9581aa1 <unknown>\n#4 0x5561e95ccd64 <unknown>\n#5 0x5561e95ab0dd <unknown>\n#6 0x5561e95ca006 <unknown>\n#7 0x5561e95aae53 <unknown>\n#8 0x5561e9572dd4 <unknown>\n#9 0x5561e95741de <unknown>\n#10 0x5561e983d531 <unknown>\n#11 0x5561e9841455 <unknown>\n#12 0x5561e9829f55 <unknown>\n#13 0x5561e98420ef <unknown>\n#14 0x5561e980d99f <unknown>\n#15 0x5561e9866008 <unknown>\n#16 0x5561e98661d7 <unknown>\n#17 0x5561e9878124 <unknown>\n#18 0x7f9ea1a14044 <unknown>","time":{"start":1703380507424,"stop":1703380508055,"duration":631}}]},"tags":["smoke"]},"source":"3ab5d3687cd2d88b.json","parameterValues":["2480","25","'TD 006'","1990","'products/shtukaturka-gipsovaya-aksolit-m50-30-kg-mashinnogo-naneseniya'","990","'https://sandboxtest.stroyrem-nn.ru/'","1700"]}