{"uid":"cbabe7a4b827249","name":"TC 016 - Проверка функциональности ссылки 'Прайс'","fullName":"tests.test_main_page.TestMainPage#test_positive_footer_price_smoke","historyId":"6072e517f402f79d55e6be6751e80691","time":{"start":1705108124165,"stop":1705108124178,"duration":13},"status":"broken","statusMessage":"selenium.common.exceptions.NoSuchElementException: Message: no such element: Unable to locate element: {\"method\":\"xpath\",\"selector\":\"//a[@href='/price']\"}\n  (Session info: chrome-headless-shell=120.0.6099.109); For documentation on this error, please visit: https://www.selenium.dev/documentation/webdriver/troubleshooting/errors#no-such-element-exception\nStacktrace:\n#0 0x5599da8daf83 <unknown>\n#1 0x5599da593cf7 <unknown>\n#2 0x5599da5e399e <unknown>\n#3 0x5599da5e3aa1 <unknown>\n#4 0x5599da62ed64 <unknown>\n#5 0x5599da60d0dd <unknown>\n#6 0x5599da62c006 <unknown>\n#7 0x5599da60ce53 <unknown>\n#8 0x5599da5d4dd4 <unknown>\n#9 0x5599da5d61de <unknown>\n#10 0x5599da89f531 <unknown>\n#11 0x5599da8a3455 <unknown>\n#12 0x5599da88bf55 <unknown>\n#13 0x5599da8a40ef <unknown>\n#14 0x5599da86f99f <unknown>\n#15 0x5599da8c8008 <unknown>\n#16 0x5599da8c81d7 <unknown>\n#17 0x5599da8da124 <unknown>\n#18 0x7f4414452044 <unknown>","statusTrace":"self = <tests.test_main_page.TestMainPage object at 0x7ff09d40a4d0>\nmain_page = <pages.main_page.MainPage object at 0x7ff09c8f6250>\n\n    @allure.feature(\"Footer functionality\")\n    @allure.title(\"TC 016 - Проверка функциональности ссылки 'Прайс'\")\n    # @pytest.mark.xfail(reason=\"При переходе на страницу выдает 404 ошибку\")\n    @pytest.mark.smoke_test\n    def test_positive_footer_price_smoke(self, main_page):\n>       main_page.check_price_link()\n\ntests/test_main_page.py:146: \n_ _ _ _ _ _ _ _ _ _ _ _ _ _ _ _ _ _ _ _ _ _ _ _ _ _ _ _ _ _ _ _ _ _ _ _ _ _ _ _ \npages/main_page.py:174: in check_price_link\n    self.driver.find_element(*self._price_link).click()\n/usr/local/lib/python3.11/site-packages/selenium/webdriver/remote/webdriver.py:740: in find_element\n    return self.execute(Command.FIND_ELEMENT, {\"using\": by, \"value\": value})[\"value\"]\n/usr/local/lib/python3.11/site-packages/selenium/webdriver/remote/webdriver.py:346: in execute\n    self.error_handler.check_response(response)\n_ _ _ _ _ _ _ _ _ _ _ _ _ _ _ _ _ _ _ _ _ _ _ _ _ _ _ _ _ _ _ _ _ _ _ _ _ _ _ _ \n\nself = <selenium.webdriver.remote.errorhandler.ErrorHandler object at 0x7ff09d3f4290>\nresponse = {'status': 404, 'value': '{\"value\":{\"error\":\"no such element\",\"message\":\"no such element: Unable to locate element: {\\...\\\\n#16 0x5599da8c81d7 \\\\u003Cunknown>\\\\n#17 0x5599da8da124 \\\\u003Cunknown>\\\\n#18 0x7f4414452044 \\\\u003Cunknown>\\\\n\"}}'}\n\n    def check_response(self, response: Dict[str, Any]) -> None:\n        \"\"\"Checks that a JSON response from the WebDriver does not have an\n        error.\n    \n        :Args:\n         - response - The JSON response from the WebDriver server as a dictionary\n           object.\n    \n        :Raises: If the response contains an error message.\n        \"\"\"\n        status = response.get(\"status\", None)\n        if not status or status == ErrorCode.SUCCESS:\n            return\n        value = None\n        message = response.get(\"message\", \"\")\n        screen: str = response.get(\"screen\", \"\")\n        stacktrace = None\n        if isinstance(status, int):\n            value_json = response.get(\"value\", None)\n            if value_json and isinstance(value_json, str):\n                import json\n    \n                try:\n                    value = json.loads(value_json)\n                    if len(value) == 1:\n                        value = value[\"value\"]\n                    status = value.get(\"error\", None)\n                    if not status:\n                        status = value.get(\"status\", ErrorCode.UNKNOWN_ERROR)\n                        message = value.get(\"value\") or value.get(\"message\")\n                        if not isinstance(message, str):\n                            value = message\n                            message = message.get(\"message\")\n                    else:\n                        message = value.get(\"message\", None)\n                except ValueError:\n                    pass\n    \n        exception_class: Type[WebDriverException]\n        if status in ErrorCode.NO_SUCH_ELEMENT:\n            exception_class = NoSuchElementException\n        elif status in ErrorCode.NO_SUCH_FRAME:\n            exception_class = NoSuchFrameException\n        elif status in ErrorCode.NO_SUCH_SHADOW_ROOT:\n            exception_class = NoSuchShadowRootException\n        elif status in ErrorCode.NO_SUCH_WINDOW:\n            exception_class = NoSuchWindowException\n        elif status in ErrorCode.STALE_ELEMENT_REFERENCE:\n            exception_class = StaleElementReferenceException\n        elif status in ErrorCode.ELEMENT_NOT_VISIBLE:\n            exception_class = ElementNotVisibleException\n        elif status in ErrorCode.INVALID_ELEMENT_STATE:\n            exception_class = InvalidElementStateException\n        elif (\n            status in ErrorCode.INVALID_SELECTOR\n            or status in ErrorCode.INVALID_XPATH_SELECTOR\n            or status in ErrorCode.INVALID_XPATH_SELECTOR_RETURN_TYPER\n        ):\n            exception_class = InvalidSelectorException\n        elif status in ErrorCode.ELEMENT_IS_NOT_SELECTABLE:\n            exception_class = ElementNotSelectableException\n        elif status in ErrorCode.ELEMENT_NOT_INTERACTABLE:\n            exception_class = ElementNotInteractableException\n        elif status in ErrorCode.INVALID_COOKIE_DOMAIN:\n            exception_class = InvalidCookieDomainException\n        elif status in ErrorCode.UNABLE_TO_SET_COOKIE:\n            exception_class = UnableToSetCookieException\n        elif status in ErrorCode.TIMEOUT:\n            exception_class = TimeoutException\n        elif status in ErrorCode.SCRIPT_TIMEOUT:\n            exception_class = TimeoutException\n        elif status in ErrorCode.UNKNOWN_ERROR:\n            exception_class = WebDriverException\n        elif status in ErrorCode.UNEXPECTED_ALERT_OPEN:\n            exception_class = UnexpectedAlertPresentException\n        elif status in ErrorCode.NO_ALERT_OPEN:\n            exception_class = NoAlertPresentException\n        elif status in ErrorCode.IME_NOT_AVAILABLE:\n            exception_class = ImeNotAvailableException\n        elif status in ErrorCode.IME_ENGINE_ACTIVATION_FAILED:\n            exception_class = ImeActivationFailedException\n        elif status in ErrorCode.MOVE_TARGET_OUT_OF_BOUNDS:\n            exception_class = MoveTargetOutOfBoundsException\n        elif status in ErrorCode.JAVASCRIPT_ERROR:\n            exception_class = JavascriptException\n        elif status in ErrorCode.SESSION_NOT_CREATED:\n            exception_class = SessionNotCreatedException\n        elif status in ErrorCode.INVALID_ARGUMENT:\n            exception_class = InvalidArgumentException\n        elif status in ErrorCode.NO_SUCH_COOKIE:\n            exception_class = NoSuchCookieException\n        elif status in ErrorCode.UNABLE_TO_CAPTURE_SCREEN:\n            exception_class = ScreenshotException\n        elif status in ErrorCode.ELEMENT_CLICK_INTERCEPTED:\n            exception_class = ElementClickInterceptedException\n        elif status in ErrorCode.INSECURE_CERTIFICATE:\n            exception_class = InsecureCertificateException\n        elif status in ErrorCode.INVALID_COORDINATES:\n            exception_class = InvalidCoordinatesException\n        elif status in ErrorCode.INVALID_SESSION_ID:\n            exception_class = InvalidSessionIdException\n        elif status in ErrorCode.UNKNOWN_METHOD:\n            exception_class = UnknownMethodException\n        else:\n            exception_class = WebDriverException\n        if not value:\n            value = response[\"value\"]\n        if isinstance(value, str):\n            raise exception_class(value)\n        if message == \"\" and \"message\" in value:\n            message = value[\"message\"]\n    \n        screen = None  # type: ignore[assignment]\n        if \"screen\" in value:\n            screen = value[\"screen\"]\n    \n        stacktrace = None\n        st_value = value.get(\"stackTrace\") or value.get(\"stacktrace\")\n        if st_value:\n            if isinstance(st_value, str):\n                stacktrace = st_value.split(\"\\n\")\n            else:\n                stacktrace = []\n                try:\n                    for frame in st_value:\n                        line = frame.get(\"lineNumber\", \"\")\n                        file = frame.get(\"fileName\", \"<anonymous>\")\n                        if line:\n                            file = f\"{file}:{line}\"\n                        meth = frame.get(\"methodName\", \"<anonymous>\")\n                        if \"className\" in frame:\n                            meth = f\"{frame['className']}.{meth}\"\n                        msg = \"    at %s (%s)\"\n                        msg = msg % (meth, file)\n                        stacktrace.append(msg)\n                except TypeError:\n                    pass\n        if exception_class == UnexpectedAlertPresentException:\n            alert_text = None\n            if \"data\" in value:\n                alert_text = value[\"data\"].get(\"text\")\n            elif \"alert\" in value:\n                alert_text = value[\"alert\"].get(\"text\")\n            raise exception_class(message, screen, stacktrace, alert_text)  # type: ignore[call-arg]  # mypy is not smart enough here\n>       raise exception_class(message, screen, stacktrace)\nE       selenium.common.exceptions.NoSuchElementException: Message: no such element: Unable to locate element: {\"method\":\"xpath\",\"selector\":\"//a[@href='/price']\"}\nE         (Session info: chrome-headless-shell=120.0.6099.109); For documentation on this error, please visit: https://www.selenium.dev/documentation/webdriver/troubleshooting/errors#no-such-element-exception\nE       Stacktrace:\nE       #0 0x5599da8daf83 <unknown>\nE       #1 0x5599da593cf7 <unknown>\nE       #2 0x5599da5e399e <unknown>\nE       #3 0x5599da5e3aa1 <unknown>\nE       #4 0x5599da62ed64 <unknown>\nE       #5 0x5599da60d0dd <unknown>\nE       #6 0x5599da62c006 <unknown>\nE       #7 0x5599da60ce53 <unknown>\nE       #8 0x5599da5d4dd4 <unknown>\nE       #9 0x5599da5d61de <unknown>\nE       #10 0x5599da89f531 <unknown>\nE       #11 0x5599da8a3455 <unknown>\nE       #12 0x5599da88bf55 <unknown>\nE       #13 0x5599da8a40ef <unknown>\nE       #14 0x5599da86f99f <unknown>\nE       #15 0x5599da8c8008 <unknown>\nE       #16 0x5599da8c81d7 <unknown>\nE       #17 0x5599da8da124 <unknown>\nE       #18 0x7f4414452044 <unknown>\n\n/usr/local/lib/python3.11/site-packages/selenium/webdriver/remote/errorhandler.py:245: NoSuchElementException","flaky":false,"newFailed":false,"newBroken":false,"newPassed":false,"retriesCount":0,"retriesStatusChange":false,"beforeStages":[{"name":"_session_faker","time":{"start":1705107884174,"stop":1705107884241,"duration":67},"status":"passed","steps":[],"attachments":[],"parameters":[],"shouldDisplayMessage":false,"stepsCount":0,"attachmentsCount":0,"hasContent":false,"attachmentStep":false},{"name":"clear_allure_results_folder","time":{"start":1705107884241,"stop":1705107884241,"duration":0},"status":"passed","steps":[],"attachments":[],"parameters":[],"shouldDisplayMessage":false,"stepsCount":0,"attachmentsCount":0,"hasContent":false,"attachmentStep":false},{"name":"driver","time":{"start":1705108113706,"stop":1705108114443,"duration":737},"status":"passed","steps":[],"attachments":[],"parameters":[],"shouldDisplayMessage":false,"stepsCount":0,"attachmentsCount":0,"hasContent":false,"attachmentStep":false},{"name":"setup","time":{"start":1705108114443,"stop":1705108114443,"duration":0},"status":"passed","steps":[],"attachments":[],"parameters":[],"shouldDisplayMessage":false,"stepsCount":0,"attachmentsCount":0,"hasContent":false,"attachmentStep":false},{"name":"main_page","time":{"start":1705108114444,"stop":1705108124165,"duration":9721},"status":"passed","steps":[],"attachments":[],"parameters":[],"shouldDisplayMessage":false,"stepsCount":0,"attachmentsCount":0,"hasContent":false,"attachmentStep":false}],"testStage":{"status":"broken","statusMessage":"selenium.common.exceptions.NoSuchElementException: Message: no such element: Unable to locate element: {\"method\":\"xpath\",\"selector\":\"//a[@href='/price']\"}\n  (Session info: chrome-headless-shell=120.0.6099.109); For documentation on this error, please visit: https://www.selenium.dev/documentation/webdriver/troubleshooting/errors#no-such-element-exception\nStacktrace:\n#0 0x5599da8daf83 <unknown>\n#1 0x5599da593cf7 <unknown>\n#2 0x5599da5e399e <unknown>\n#3 0x5599da5e3aa1 <unknown>\n#4 0x5599da62ed64 <unknown>\n#5 0x5599da60d0dd <unknown>\n#6 0x5599da62c006 <unknown>\n#7 0x5599da60ce53 <unknown>\n#8 0x5599da5d4dd4 <unknown>\n#9 0x5599da5d61de <unknown>\n#10 0x5599da89f531 <unknown>\n#11 0x5599da8a3455 <unknown>\n#12 0x5599da88bf55 <unknown>\n#13 0x5599da8a40ef <unknown>\n#14 0x5599da86f99f <unknown>\n#15 0x5599da8c8008 <unknown>\n#16 0x5599da8c81d7 <unknown>\n#17 0x5599da8da124 <unknown>\n#18 0x7f4414452044 <unknown>","statusTrace":"self = <tests.test_main_page.TestMainPage object at 0x7ff09d40a4d0>\nmain_page = <pages.main_page.MainPage object at 0x7ff09c8f6250>\n\n    @allure.feature(\"Footer functionality\")\n    @allure.title(\"TC 016 - Проверка функциональности ссылки 'Прайс'\")\n    # @pytest.mark.xfail(reason=\"При переходе на страницу выдает 404 ошибку\")\n    @pytest.mark.smoke_test\n    def test_positive_footer_price_smoke(self, main_page):\n>       main_page.check_price_link()\n\ntests/test_main_page.py:146: \n_ _ _ _ _ _ _ _ _ _ _ _ _ _ _ _ _ _ _ _ _ _ _ _ _ _ _ _ _ _ _ _ _ _ _ _ _ _ _ _ \npages/main_page.py:174: in check_price_link\n    self.driver.find_element(*self._price_link).click()\n/usr/local/lib/python3.11/site-packages/selenium/webdriver/remote/webdriver.py:740: in find_element\n    return self.execute(Command.FIND_ELEMENT, {\"using\": by, \"value\": value})[\"value\"]\n/usr/local/lib/python3.11/site-packages/selenium/webdriver/remote/webdriver.py:346: in execute\n    self.error_handler.check_response(response)\n_ _ _ _ _ _ _ _ _ _ _ _ _ _ _ _ _ _ _ _ _ _ _ _ _ _ _ _ _ _ _ _ _ _ _ _ _ _ _ _ \n\nself = <selenium.webdriver.remote.errorhandler.ErrorHandler object at 0x7ff09d3f4290>\nresponse = {'status': 404, 'value': '{\"value\":{\"error\":\"no such element\",\"message\":\"no such element: Unable to locate element: {\\...\\\\n#16 0x5599da8c81d7 \\\\u003Cunknown>\\\\n#17 0x5599da8da124 \\\\u003Cunknown>\\\\n#18 0x7f4414452044 \\\\u003Cunknown>\\\\n\"}}'}\n\n    def check_response(self, response: Dict[str, Any]) -> None:\n        \"\"\"Checks that a JSON response from the WebDriver does not have an\n        error.\n    \n        :Args:\n         - response - The JSON response from the WebDriver server as a dictionary\n           object.\n    \n        :Raises: If the response contains an error message.\n        \"\"\"\n        status = response.get(\"status\", None)\n        if not status or status == ErrorCode.SUCCESS:\n            return\n        value = None\n        message = response.get(\"message\", \"\")\n        screen: str = response.get(\"screen\", \"\")\n        stacktrace = None\n        if isinstance(status, int):\n            value_json = response.get(\"value\", None)\n            if value_json and isinstance(value_json, str):\n                import json\n    \n                try:\n                    value = json.loads(value_json)\n                    if len(value) == 1:\n                        value = value[\"value\"]\n                    status = value.get(\"error\", None)\n                    if not status:\n                        status = value.get(\"status\", ErrorCode.UNKNOWN_ERROR)\n                        message = value.get(\"value\") or value.get(\"message\")\n                        if not isinstance(message, str):\n                            value = message\n                            message = message.get(\"message\")\n                    else:\n                        message = value.get(\"message\", None)\n                except ValueError:\n                    pass\n    \n        exception_class: Type[WebDriverException]\n        if status in ErrorCode.NO_SUCH_ELEMENT:\n            exception_class = NoSuchElementException\n        elif status in ErrorCode.NO_SUCH_FRAME:\n            exception_class = NoSuchFrameException\n        elif status in ErrorCode.NO_SUCH_SHADOW_ROOT:\n            exception_class = NoSuchShadowRootException\n        elif status in ErrorCode.NO_SUCH_WINDOW:\n            exception_class = NoSuchWindowException\n        elif status in ErrorCode.STALE_ELEMENT_REFERENCE:\n            exception_class = StaleElementReferenceException\n        elif status in ErrorCode.ELEMENT_NOT_VISIBLE:\n            exception_class = ElementNotVisibleException\n        elif status in ErrorCode.INVALID_ELEMENT_STATE:\n            exception_class = InvalidElementStateException\n        elif (\n            status in ErrorCode.INVALID_SELECTOR\n            or status in ErrorCode.INVALID_XPATH_SELECTOR\n            or status in ErrorCode.INVALID_XPATH_SELECTOR_RETURN_TYPER\n        ):\n            exception_class = InvalidSelectorException\n        elif status in ErrorCode.ELEMENT_IS_NOT_SELECTABLE:\n            exception_class = ElementNotSelectableException\n        elif status in ErrorCode.ELEMENT_NOT_INTERACTABLE:\n            exception_class = ElementNotInteractableException\n        elif status in ErrorCode.INVALID_COOKIE_DOMAIN:\n            exception_class = InvalidCookieDomainException\n        elif status in ErrorCode.UNABLE_TO_SET_COOKIE:\n            exception_class = UnableToSetCookieException\n        elif status in ErrorCode.TIMEOUT:\n            exception_class = TimeoutException\n        elif status in ErrorCode.SCRIPT_TIMEOUT:\n            exception_class = TimeoutException\n        elif status in ErrorCode.UNKNOWN_ERROR:\n            exception_class = WebDriverException\n        elif status in ErrorCode.UNEXPECTED_ALERT_OPEN:\n            exception_class = UnexpectedAlertPresentException\n        elif status in ErrorCode.NO_ALERT_OPEN:\n            exception_class = NoAlertPresentException\n        elif status in ErrorCode.IME_NOT_AVAILABLE:\n            exception_class = ImeNotAvailableException\n        elif status in ErrorCode.IME_ENGINE_ACTIVATION_FAILED:\n            exception_class = ImeActivationFailedException\n        elif status in ErrorCode.MOVE_TARGET_OUT_OF_BOUNDS:\n            exception_class = MoveTargetOutOfBoundsException\n        elif status in ErrorCode.JAVASCRIPT_ERROR:\n            exception_class = JavascriptException\n        elif status in ErrorCode.SESSION_NOT_CREATED:\n            exception_class = SessionNotCreatedException\n        elif status in ErrorCode.INVALID_ARGUMENT:\n            exception_class = InvalidArgumentException\n        elif status in ErrorCode.NO_SUCH_COOKIE:\n            exception_class = NoSuchCookieException\n        elif status in ErrorCode.UNABLE_TO_CAPTURE_SCREEN:\n            exception_class = ScreenshotException\n        elif status in ErrorCode.ELEMENT_CLICK_INTERCEPTED:\n            exception_class = ElementClickInterceptedException\n        elif status in ErrorCode.INSECURE_CERTIFICATE:\n            exception_class = InsecureCertificateException\n        elif status in ErrorCode.INVALID_COORDINATES:\n            exception_class = InvalidCoordinatesException\n        elif status in ErrorCode.INVALID_SESSION_ID:\n            exception_class = InvalidSessionIdException\n        elif status in ErrorCode.UNKNOWN_METHOD:\n            exception_class = UnknownMethodException\n        else:\n            exception_class = WebDriverException\n        if not value:\n            value = response[\"value\"]\n        if isinstance(value, str):\n            raise exception_class(value)\n        if message == \"\" and \"message\" in value:\n            message = value[\"message\"]\n    \n        screen = None  # type: ignore[assignment]\n        if \"screen\" in value:\n            screen = value[\"screen\"]\n    \n        stacktrace = None\n        st_value = value.get(\"stackTrace\") or value.get(\"stacktrace\")\n        if st_value:\n            if isinstance(st_value, str):\n                stacktrace = st_value.split(\"\\n\")\n            else:\n                stacktrace = []\n                try:\n                    for frame in st_value:\n                        line = frame.get(\"lineNumber\", \"\")\n                        file = frame.get(\"fileName\", \"<anonymous>\")\n                        if line:\n                            file = f\"{file}:{line}\"\n                        meth = frame.get(\"methodName\", \"<anonymous>\")\n                        if \"className\" in frame:\n                            meth = f\"{frame['className']}.{meth}\"\n                        msg = \"    at %s (%s)\"\n                        msg = msg % (meth, file)\n                        stacktrace.append(msg)\n                except TypeError:\n                    pass\n        if exception_class == UnexpectedAlertPresentException:\n            alert_text = None\n            if \"data\" in value:\n                alert_text = value[\"data\"].get(\"text\")\n            elif \"alert\" in value:\n                alert_text = value[\"alert\"].get(\"text\")\n            raise exception_class(message, screen, stacktrace, alert_text)  # type: ignore[call-arg]  # mypy is not smart enough here\n>       raise exception_class(message, screen, stacktrace)\nE       selenium.common.exceptions.NoSuchElementException: Message: no such element: Unable to locate element: {\"method\":\"xpath\",\"selector\":\"//a[@href='/price']\"}\nE         (Session info: chrome-headless-shell=120.0.6099.109); For documentation on this error, please visit: https://www.selenium.dev/documentation/webdriver/troubleshooting/errors#no-such-element-exception\nE       Stacktrace:\nE       #0 0x5599da8daf83 <unknown>\nE       #1 0x5599da593cf7 <unknown>\nE       #2 0x5599da5e399e <unknown>\nE       #3 0x5599da5e3aa1 <unknown>\nE       #4 0x5599da62ed64 <unknown>\nE       #5 0x5599da60d0dd <unknown>\nE       #6 0x5599da62c006 <unknown>\nE       #7 0x5599da60ce53 <unknown>\nE       #8 0x5599da5d4dd4 <unknown>\nE       #9 0x5599da5d61de <unknown>\nE       #10 0x5599da89f531 <unknown>\nE       #11 0x5599da8a3455 <unknown>\nE       #12 0x5599da88bf55 <unknown>\nE       #13 0x5599da8a40ef <unknown>\nE       #14 0x5599da86f99f <unknown>\nE       #15 0x5599da8c8008 <unknown>\nE       #16 0x5599da8c81d7 <unknown>\nE       #17 0x5599da8da124 <unknown>\nE       #18 0x7f4414452044 <unknown>\n\n/usr/local/lib/python3.11/site-packages/selenium/webdriver/remote/errorhandler.py:245: NoSuchElementException","steps":[{"name":"Проверка функциональности ссылки 'Прайс'","time":{"start":1705108124165,"stop":1705108124178,"duration":13},"status":"broken","statusMessage":"selenium.common.exceptions.NoSuchElementException: Message: no such element: Unable to locate element: {\"method\":\"xpath\",\"selector\":\"//a[@href='/price']\"}\n  (Session info: chrome-headless-shell=120.0.6099.109); For documentation on this error, please visit: https://www.selenium.dev/documentation/webdriver/troubleshooting/errors#no-such-element-exception\nStacktrace:\n#0 0x5599da8daf83 <unknown>\n#1 0x5599da593cf7 <unknown>\n#2 0x5599da5e399e <unknown>\n#3 0x5599da5e3aa1 <unknown>\n#4 0x5599da62ed64 <unknown>\n#5 0x5599da60d0dd <unknown>\n#6 0x5599da62c006 <unknown>\n#7 0x5599da60ce53 <unknown>\n#8 0x5599da5d4dd4 <unknown>\n#9 0x5599da5d61de <unknown>\n#10 0x5599da89f531 <unknown>\n#11 0x5599da8a3455 <unknown>\n#12 0x5599da88bf55 <unknown>\n#13 0x5599da8a40ef <unknown>\n#14 0x5599da86f99f <unknown>\n#15 0x5599da8c8008 <unknown>\n#16 0x5599da8c81d7 <unknown>\n#17 0x5599da8da124 <unknown>\n#18 0x7f4414452044 <unknown>\n\n","statusTrace":"  File \"/usr/local/lib/python3.11/site-packages/allure_commons/_allure.py\", line 192, in impl\n    return func(*a, **kw)\n           ^^^^^^^^^^^^^^\n  File \"/app/pages/main_page.py\", line 174, in check_price_link\n    self.driver.find_element(*self._price_link).click()\n    ^^^^^^^^^^^^^^^^^^^^^^^^^^^^^^^^^^^^^^^^^^^\n  File \"/usr/local/lib/python3.11/site-packages/selenium/webdriver/remote/webdriver.py\", line 740, in find_element\n    return self.execute(Command.FIND_ELEMENT, {\"using\": by, \"value\": value})[\"value\"]\n           ^^^^^^^^^^^^^^^^^^^^^^^^^^^^^^^^^^^^^^^^^^^^^^^^^^^^^^^^^^^^^^^^^\n  File \"/usr/local/lib/python3.11/site-packages/selenium/webdriver/remote/webdriver.py\", line 346, in execute\n    self.error_handler.check_response(response)\n  File \"/usr/local/lib/python3.11/site-packages/selenium/webdriver/remote/errorhandler.py\", line 245, in check_response\n    raise exception_class(message, screen, stacktrace)\n","steps":[],"attachments":[],"parameters":[],"shouldDisplayMessage":true,"stepsCount":0,"attachmentsCount":0,"hasContent":true,"attachmentStep":false}],"attachments":[{"uid":"4124a38ffed23957","name":"Screenshot","source":"4124a38ffed23957.png","type":"image/png","size":238812},{"uid":"7bed3042808953ee","name":"HTML source","source":"7bed3042808953ee.html","type":"text/html","size":400010}],"parameters":[],"shouldDisplayMessage":true,"stepsCount":1,"attachmentsCount":2,"hasContent":true,"attachmentStep":false},"afterStages":[{"name":"setup::0","time":{"start":1705108124340,"stop":1705108124340,"duration":0},"status":"passed","steps":[],"attachments":[],"parameters":[],"shouldDisplayMessage":false,"stepsCount":0,"attachmentsCount":0,"hasContent":false,"attachmentStep":false},{"name":"driver::0","time":{"start":1705108124340,"stop":1705108124407,"duration":67},"status":"passed","steps":[],"attachments":[],"parameters":[],"shouldDisplayMessage":false,"stepsCount":0,"attachmentsCount":0,"hasContent":false,"attachmentStep":false}],"labels":[{"name":"epic","value":"Main Page"},{"name":"feature","value":"Footer functionality"},{"name":"tag","value":"smoke_test"},{"name":"parentSuite","value":"tests"},{"name":"suite","value":"test_main_page"},{"name":"subSuite","value":"TestMainPage"},{"name":"host","value":"b123aef6f2a0"},{"name":"thread","value":"1-MainThread"},{"name":"framework","value":"pytest"},{"name":"language","value":"cpython3"},{"name":"package","value":"tests.test_main_page"},{"name":"resultFormat","value":"allure2"}],"parameters":[{"name":"url","value":"'https://stroyrem-nn.ru/'"}],"links":[],"hidden":false,"retry":false,"extra":{"severity":"normal","retries":[],"categories":[{"name":"Test defects","matchedStatuses":[],"flaky":false}],"history":{"statistic":{"failed":0,"broken":83,"skipped":0,"passed":74,"unknown":0,"total":157},"items":[{"uid":"b3d139a25f146e7","reportUrl":"https://zaelcovsky.github.io/StroyremAutomation/199//#testresult/b3d139a25f146e7","status":"broken","statusDetails":"selenium.common.exceptions.NoSuchElementException: Message: no such element: Unable to locate element: {\"method\":\"xpath\",\"selector\":\"//a[@href='/price']\"}\n  (Session info: chrome-headless-shell=120.0.6099.109); For documentation on this error, please visit: https://www.selenium.dev/documentation/webdriver/troubleshooting/errors#no-such-element-exception\nStacktrace:\n#0 0x561e3c79bf83 <unknown>\n#1 0x561e3c454cf7 <unknown>\n#2 0x561e3c4a499e <unknown>\n#3 0x561e3c4a4aa1 <unknown>\n#4 0x561e3c4efd64 <unknown>\n#5 0x561e3c4ce0dd <unknown>\n#6 0x561e3c4ed006 <unknown>\n#7 0x561e3c4cde53 <unknown>\n#8 0x561e3c495dd4 <unknown>\n#9 0x561e3c4971de <unknown>\n#10 0x561e3c760531 <unknown>\n#11 0x561e3c764455 <unknown>\n#12 0x561e3c74cf55 <unknown>\n#13 0x561e3c7650ef <unknown>\n#14 0x561e3c73099f <unknown>\n#15 0x561e3c789008 <unknown>\n#16 0x561e3c7891d7 <unknown>\n#17 0x561e3c79b124 <unknown>\n#18 0x7f3e816bf044 <unknown>","time":{"start":1705021768802,"stop":1705021768815,"duration":13}},{"uid":"99d21168d4672077","reportUrl":"https://zaelcovsky.github.io/StroyremAutomation/198//#testresult/99d21168d4672077","status":"broken","statusDetails":"selenium.common.exceptions.NoSuchElementException: Message: no such element: Unable to locate element: {\"method\":\"xpath\",\"selector\":\"//a[@href='/price']\"}\n  (Session info: chrome-headless-shell=120.0.6099.109); For documentation on this error, please visit: https://www.selenium.dev/documentation/webdriver/troubleshooting/errors#no-such-element-exception\nStacktrace:\n#0 0x55b9d2c8ef83 <unknown>\n#1 0x55b9d2947cf7 <unknown>\n#2 0x55b9d299799e <unknown>\n#3 0x55b9d2997aa1 <unknown>\n#4 0x55b9d29e2d64 <unknown>\n#5 0x55b9d29c10dd <unknown>\n#6 0x55b9d29e0006 <unknown>\n#7 0x55b9d29c0e53 <unknown>\n#8 0x55b9d2988dd4 <unknown>\n#9 0x55b9d298a1de <unknown>\n#10 0x55b9d2c53531 <unknown>\n#11 0x55b9d2c57455 <unknown>\n#12 0x55b9d2c3ff55 <unknown>\n#13 0x55b9d2c580ef <unknown>\n#14 0x55b9d2c2399f <unknown>\n#15 0x55b9d2c7c008 <unknown>\n#16 0x55b9d2c7c1d7 <unknown>\n#17 0x55b9d2c8e124 <unknown>\n#18 0x7f37cb12a044 <unknown>","time":{"start":1704935315738,"stop":1704935315752,"duration":14}},{"uid":"df430995276314ed","reportUrl":"https://zaelcovsky.github.io/StroyremAutomation/197//#testresult/df430995276314ed","status":"broken","statusDetails":"selenium.common.exceptions.NoSuchElementException: Message: no such element: Unable to locate element: {\"method\":\"xpath\",\"selector\":\"//a[@href='/price']\"}\n  (Session info: chrome-headless-shell=120.0.6099.109); For documentation on this error, please visit: https://www.selenium.dev/documentation/webdriver/troubleshooting/errors#no-such-element-exception\nStacktrace:\n#0 0x562b96e47f83 <unknown>\n#1 0x562b96b00cf7 <unknown>\n#2 0x562b96b5099e <unknown>\n#3 0x562b96b50aa1 <unknown>\n#4 0x562b96b9bd64 <unknown>\n#5 0x562b96b7a0dd <unknown>\n#6 0x562b96b99006 <unknown>\n#7 0x562b96b79e53 <unknown>\n#8 0x562b96b41dd4 <unknown>\n#9 0x562b96b431de <unknown>\n#10 0x562b96e0c531 <unknown>\n#11 0x562b96e10455 <unknown>\n#12 0x562b96df8f55 <unknown>\n#13 0x562b96e110ef <unknown>\n#14 0x562b96ddc99f <unknown>\n#15 0x562b96e35008 <unknown>\n#16 0x562b96e351d7 <unknown>\n#17 0x562b96e47124 <unknown>\n#18 0x7ff877bb1044 <unknown>","time":{"start":1704848914413,"stop":1704848914427,"duration":14}},{"uid":"fe63a611ebca59de","reportUrl":"https://zaelcovsky.github.io/StroyremAutomation/196//#testresult/fe63a611ebca59de","status":"broken","statusDetails":"selenium.common.exceptions.NoSuchElementException: Message: no such element: Unable to locate element: {\"method\":\"xpath\",\"selector\":\"//a[@href='/price']\"}\n  (Session info: chrome-headless-shell=120.0.6099.109); For documentation on this error, please visit: https://www.selenium.dev/documentation/webdriver/troubleshooting/errors#no-such-element-exception\nStacktrace:\n#0 0x55bc9c2b6f83 <unknown>\n#1 0x55bc9bf6fcf7 <unknown>\n#2 0x55bc9bfbf99e <unknown>\n#3 0x55bc9bfbfaa1 <unknown>\n#4 0x55bc9c00ad64 <unknown>\n#5 0x55bc9bfe90dd <unknown>\n#6 0x55bc9c008006 <unknown>\n#7 0x55bc9bfe8e53 <unknown>\n#8 0x55bc9bfb0dd4 <unknown>\n#9 0x55bc9bfb21de <unknown>\n#10 0x55bc9c27b531 <unknown>\n#11 0x55bc9c27f455 <unknown>\n#12 0x55bc9c267f55 <unknown>\n#13 0x55bc9c2800ef <unknown>\n#14 0x55bc9c24b99f <unknown>\n#15 0x55bc9c2a4008 <unknown>\n#16 0x55bc9c2a41d7 <unknown>\n#17 0x55bc9c2b6124 <unknown>\n#18 0x7f9be4d34044 <unknown>","time":{"start":1704762513562,"stop":1704762513576,"duration":14}},{"uid":"e42dddcb73a08b58","reportUrl":"https://zaelcovsky.github.io/StroyremAutomation/195//#testresult/e42dddcb73a08b58","status":"broken","statusDetails":"selenium.common.exceptions.NoSuchElementException: Message: no such element: Unable to locate element: {\"method\":\"xpath\",\"selector\":\"//a[@href='/price']\"}\n  (Session info: chrome-headless-shell=120.0.6099.109); For documentation on this error, please visit: https://www.selenium.dev/documentation/webdriver/troubleshooting/errors#no-such-element-exception\nStacktrace:\n#0 0x564db838af83 <unknown>\n#1 0x564db8043cf7 <unknown>\n#2 0x564db809399e <unknown>\n#3 0x564db8093aa1 <unknown>\n#4 0x564db80ded64 <unknown>\n#5 0x564db80bd0dd <unknown>\n#6 0x564db80dc006 <unknown>\n#7 0x564db80bce53 <unknown>\n#8 0x564db8084dd4 <unknown>\n#9 0x564db80861de <unknown>\n#10 0x564db834f531 <unknown>\n#11 0x564db8353455 <unknown>\n#12 0x564db833bf55 <unknown>\n#13 0x564db83540ef <unknown>\n#14 0x564db831f99f <unknown>\n#15 0x564db8378008 <unknown>\n#16 0x564db83781d7 <unknown>\n#17 0x564db838a124 <unknown>\n#18 0x7f83ba410044 <unknown>","time":{"start":1704676182531,"stop":1704676182545,"duration":14}},{"uid":"db8cce26a5a6158f","reportUrl":"https://zaelcovsky.github.io/StroyremAutomation/194//#testresult/db8cce26a5a6158f","status":"broken","statusDetails":"selenium.common.exceptions.NoSuchElementException: Message: no such element: Unable to locate element: {\"method\":\"xpath\",\"selector\":\"//a[@href='/price']\"}\n  (Session info: chrome-headless-shell=120.0.6099.109); For documentation on this error, please visit: https://www.selenium.dev/documentation/webdriver/troubleshooting/errors#no-such-element-exception\nStacktrace:\n#0 0x55c881325f83 <unknown>\n#1 0x55c880fdecf7 <unknown>\n#2 0x55c88102e99e <unknown>\n#3 0x55c88102eaa1 <unknown>\n#4 0x55c881079d64 <unknown>\n#5 0x55c8810580dd <unknown>\n#6 0x55c881077006 <unknown>\n#7 0x55c881057e53 <unknown>\n#8 0x55c88101fdd4 <unknown>\n#9 0x55c8810211de <unknown>\n#10 0x55c8812ea531 <unknown>\n#11 0x55c8812ee455 <unknown>\n#12 0x55c8812d6f55 <unknown>\n#13 0x55c8812ef0ef <unknown>\n#14 0x55c8812ba99f <unknown>\n#15 0x55c881313008 <unknown>\n#16 0x55c8813131d7 <unknown>\n#17 0x55c881325124 <unknown>\n#18 0x7fe7a276e044 <unknown>","time":{"start":1704590082189,"stop":1704590082203,"duration":14}},{"uid":"e293544ab1256fb0","reportUrl":"https://zaelcovsky.github.io/StroyremAutomation/193//#testresult/e293544ab1256fb0","status":"broken","statusDetails":"selenium.common.exceptions.NoSuchElementException: Message: no such element: Unable to locate element: {\"method\":\"xpath\",\"selector\":\"//a[@href='/price']\"}\n  (Session info: chrome-headless-shell=120.0.6099.109); For documentation on this error, please visit: https://www.selenium.dev/documentation/webdriver/troubleshooting/errors#no-such-element-exception\nStacktrace:\n#0 0x55fd4fba7f83 <unknown>\n#1 0x55fd4f860cf7 <unknown>\n#2 0x55fd4f8b099e <unknown>\n#3 0x55fd4f8b0aa1 <unknown>\n#4 0x55fd4f8fbd64 <unknown>\n#5 0x55fd4f8da0dd <unknown>\n#6 0x55fd4f8f9006 <unknown>\n#7 0x55fd4f8d9e53 <unknown>\n#8 0x55fd4f8a1dd4 <unknown>\n#9 0x55fd4f8a31de <unknown>\n#10 0x55fd4fb6c531 <unknown>\n#11 0x55fd4fb70455 <unknown>\n#12 0x55fd4fb58f55 <unknown>\n#13 0x55fd4fb710ef <unknown>\n#14 0x55fd4fb3c99f <unknown>\n#15 0x55fd4fb95008 <unknown>\n#16 0x55fd4fb951d7 <unknown>\n#17 0x55fd4fba7124 <unknown>\n#18 0x7f6bfb2d6044 <unknown>","time":{"start":1704503181797,"stop":1704503181812,"duration":15}},{"uid":"7670e4378d1672c5","reportUrl":"https://zaelcovsky.github.io/StroyremAutomation/192//#testresult/7670e4378d1672c5","status":"broken","statusDetails":"selenium.common.exceptions.NoSuchElementException: Message: no such element: Unable to locate element: {\"method\":\"xpath\",\"selector\":\"//a[@href='/price']\"}\n  (Session info: chrome-headless-shell=120.0.6099.109); For documentation on this error, please visit: https://www.selenium.dev/documentation/webdriver/troubleshooting/errors#no-such-element-exception\nStacktrace:\n#0 0x559c0a346f83 <unknown>\n#1 0x559c09fffcf7 <unknown>\n#2 0x559c0a04f99e <unknown>\n#3 0x559c0a04faa1 <unknown>\n#4 0x559c0a09ad64 <unknown>\n#5 0x559c0a0790dd <unknown>\n#6 0x559c0a098006 <unknown>\n#7 0x559c0a078e53 <unknown>\n#8 0x559c0a040dd4 <unknown>\n#9 0x559c0a0421de <unknown>\n#10 0x559c0a30b531 <unknown>\n#11 0x559c0a30f455 <unknown>\n#12 0x559c0a2f7f55 <unknown>\n#13 0x559c0a3100ef <unknown>\n#14 0x559c0a2db99f <unknown>\n#15 0x559c0a334008 <unknown>\n#16 0x559c0a3341d7 <unknown>\n#17 0x559c0a346124 <unknown>\n#18 0x7f181731b044 <unknown>","time":{"start":1704416841722,"stop":1704416841735,"duration":13}},{"uid":"7428e6a0f3c0df49","reportUrl":"https://zaelcovsky.github.io/StroyremAutomation/191//#testresult/7428e6a0f3c0df49","status":"broken","statusDetails":"selenium.common.exceptions.NoSuchElementException: Message: no such element: Unable to locate element: {\"method\":\"xpath\",\"selector\":\"//a[@href='/price']\"}\n  (Session info: chrome-headless-shell=120.0.6099.109); For documentation on this error, please visit: https://www.selenium.dev/documentation/webdriver/troubleshooting/errors#no-such-element-exception\nStacktrace:\n#0 0x561916e79f83 <unknown>\n#1 0x561916b32cf7 <unknown>\n#2 0x561916b8299e <unknown>\n#3 0x561916b82aa1 <unknown>\n#4 0x561916bcdd64 <unknown>\n#5 0x561916bac0dd <unknown>\n#6 0x561916bcb006 <unknown>\n#7 0x561916babe53 <unknown>\n#8 0x561916b73dd4 <unknown>\n#9 0x561916b751de <unknown>\n#10 0x561916e3e531 <unknown>\n#11 0x561916e42455 <unknown>\n#12 0x561916e2af55 <unknown>\n#13 0x561916e430ef <unknown>\n#14 0x561916e0e99f <unknown>\n#15 0x561916e67008 <unknown>\n#16 0x561916e671d7 <unknown>\n#17 0x561916e79124 <unknown>\n#18 0x7f5e342ea044 <unknown>","time":{"start":1704330489733,"stop":1704330489747,"duration":14}},{"uid":"667b4c5e7c6a6ba2","reportUrl":"https://zaelcovsky.github.io/StroyremAutomation/190//#testresult/667b4c5e7c6a6ba2","status":"broken","statusDetails":"selenium.common.exceptions.NoSuchElementException: Message: no such element: Unable to locate element: {\"method\":\"xpath\",\"selector\":\"//a[@href='/price']\"}\n  (Session info: chrome-headless-shell=120.0.6099.109); For documentation on this error, please visit: https://www.selenium.dev/documentation/webdriver/troubleshooting/errors#no-such-element-exception\nStacktrace:\n#0 0x5637f1923f83 <unknown>\n#1 0x5637f15dccf7 <unknown>\n#2 0x5637f162c99e <unknown>\n#3 0x5637f162caa1 <unknown>\n#4 0x5637f1677d64 <unknown>\n#5 0x5637f16560dd <unknown>\n#6 0x5637f1675006 <unknown>\n#7 0x5637f1655e53 <unknown>\n#8 0x5637f161ddd4 <unknown>\n#9 0x5637f161f1de <unknown>\n#10 0x5637f18e8531 <unknown>\n#11 0x5637f18ec455 <unknown>\n#12 0x5637f18d4f55 <unknown>\n#13 0x5637f18ed0ef <unknown>\n#14 0x5637f18b899f <unknown>\n#15 0x5637f1911008 <unknown>\n#16 0x5637f19111d7 <unknown>\n#17 0x5637f1923124 <unknown>\n#18 0x7f73dde51044 <unknown>","time":{"start":1704244015820,"stop":1704244015834,"duration":14}},{"uid":"894bf301fea83811","reportUrl":"https://zaelcovsky.github.io/StroyremAutomation/189//#testresult/894bf301fea83811","status":"broken","statusDetails":"selenium.common.exceptions.NoSuchElementException: Message: no such element: Unable to locate element: {\"method\":\"xpath\",\"selector\":\"//a[@href='/price']\"}\n  (Session info: chrome-headless-shell=120.0.6099.109); For documentation on this error, please visit: https://www.selenium.dev/documentation/webdriver/troubleshooting/errors#no-such-element-exception\nStacktrace:\n#0 0x5634a1babf83 <unknown>\n#1 0x5634a1864cf7 <unknown>\n#2 0x5634a18b499e <unknown>\n#3 0x5634a18b4aa1 <unknown>\n#4 0x5634a18ffd64 <unknown>\n#5 0x5634a18de0dd <unknown>\n#6 0x5634a18fd006 <unknown>\n#7 0x5634a18dde53 <unknown>\n#8 0x5634a18a5dd4 <unknown>\n#9 0x5634a18a71de <unknown>\n#10 0x5634a1b70531 <unknown>\n#11 0x5634a1b74455 <unknown>\n#12 0x5634a1b5cf55 <unknown>\n#13 0x5634a1b750ef <unknown>\n#14 0x5634a1b4099f <unknown>\n#15 0x5634a1b99008 <unknown>\n#16 0x5634a1b991d7 <unknown>\n#17 0x5634a1bab124 <unknown>\n#18 0x7f8bb788f044 <unknown>","time":{"start":1704157533655,"stop":1704157533668,"duration":13}},{"uid":"e05b07702ce4f484","reportUrl":"https://zaelcovsky.github.io/StroyremAutomation/188//#testresult/e05b07702ce4f484","status":"broken","statusDetails":"selenium.common.exceptions.NoSuchElementException: Message: no such element: Unable to locate element: {\"method\":\"xpath\",\"selector\":\"//a[@href='/price']\"}\n  (Session info: chrome-headless-shell=120.0.6099.109); For documentation on this error, please visit: https://www.selenium.dev/documentation/webdriver/troubleshooting/errors#no-such-element-exception\nStacktrace:\n#0 0x5594b1a03f83 <unknown>\n#1 0x5594b16bccf7 <unknown>\n#2 0x5594b170c99e <unknown>\n#3 0x5594b170caa1 <unknown>\n#4 0x5594b1757d64 <unknown>\n#5 0x5594b17360dd <unknown>\n#6 0x5594b1755006 <unknown>\n#7 0x5594b1735e53 <unknown>\n#8 0x5594b16fddd4 <unknown>\n#9 0x5594b16ff1de <unknown>\n#10 0x5594b19c8531 <unknown>\n#11 0x5594b19cc455 <unknown>\n#12 0x5594b19b4f55 <unknown>\n#13 0x5594b19cd0ef <unknown>\n#14 0x5594b199899f <unknown>\n#15 0x5594b19f1008 <unknown>\n#16 0x5594b19f11d7 <unknown>\n#17 0x5594b1a03124 <unknown>\n#18 0x7fcce01e9044 <unknown>","time":{"start":1704071598256,"stop":1704071598271,"duration":15}},{"uid":"598fa952818040e5","reportUrl":"https://zaelcovsky.github.io/StroyremAutomation/187//#testresult/598fa952818040e5","status":"broken","statusDetails":"selenium.common.exceptions.NoSuchElementException: Message: no such element: Unable to locate element: {\"method\":\"xpath\",\"selector\":\"//a[@href='/price']\"}\n  (Session info: chrome-headless-shell=120.0.6099.109); For documentation on this error, please visit: https://www.selenium.dev/documentation/webdriver/troubleshooting/errors#no-such-element-exception\nStacktrace:\n#0 0x55f71307ef83 <unknown>\n#1 0x55f712d37cf7 <unknown>\n#2 0x55f712d8799e <unknown>\n#3 0x55f712d87aa1 <unknown>\n#4 0x55f712dd2d64 <unknown>\n#5 0x55f712db10dd <unknown>\n#6 0x55f712dd0006 <unknown>\n#7 0x55f712db0e53 <unknown>\n#8 0x55f712d78dd4 <unknown>\n#9 0x55f712d7a1de <unknown>\n#10 0x55f713043531 <unknown>\n#11 0x55f713047455 <unknown>\n#12 0x55f71302ff55 <unknown>\n#13 0x55f7130480ef <unknown>\n#14 0x55f71301399f <unknown>\n#15 0x55f71306c008 <unknown>\n#16 0x55f71306c1d7 <unknown>\n#17 0x55f71307e124 <unknown>\n#18 0x7f2ffbd38044 <unknown>","time":{"start":1703985071045,"stop":1703985071059,"duration":14}},{"uid":"9616cbf5abecb0c8","reportUrl":"https://zaelcovsky.github.io/StroyremAutomation/186//#testresult/9616cbf5abecb0c8","status":"broken","statusDetails":"selenium.common.exceptions.NoSuchElementException: Message: no such element: Unable to locate element: {\"method\":\"xpath\",\"selector\":\"//a[@href='/price']\"}\n  (Session info: chrome-headless-shell=120.0.6099.109); For documentation on this error, please visit: https://www.selenium.dev/documentation/webdriver/troubleshooting/errors#no-such-element-exception\nStacktrace:\n#0 0x55c994577f83 <unknown>\n#1 0x55c994230cf7 <unknown>\n#2 0x55c99428099e <unknown>\n#3 0x55c994280aa1 <unknown>\n#4 0x55c9942cbd64 <unknown>\n#5 0x55c9942aa0dd <unknown>\n#6 0x55c9942c9006 <unknown>\n#7 0x55c9942a9e53 <unknown>\n#8 0x55c994271dd4 <unknown>\n#9 0x55c9942731de <unknown>\n#10 0x55c99453c531 <unknown>\n#11 0x55c994540455 <unknown>\n#12 0x55c994528f55 <unknown>\n#13 0x55c9945410ef <unknown>\n#14 0x55c99450c99f <unknown>\n#15 0x55c994565008 <unknown>\n#16 0x55c9945651d7 <unknown>\n#17 0x55c994577124 <unknown>\n#18 0x7f65304cb044 <unknown>","time":{"start":1703898324023,"stop":1703898324037,"duration":14}},{"uid":"e5c26377fcac1f2e","reportUrl":"https://zaelcovsky.github.io/StroyremAutomation/185//#testresult/e5c26377fcac1f2e","status":"broken","statusDetails":"selenium.common.exceptions.NoSuchElementException: Message: no such element: Unable to locate element: {\"method\":\"xpath\",\"selector\":\"//a[@href='/price']\"}\n  (Session info: chrome-headless-shell=120.0.6099.109); For documentation on this error, please visit: https://www.selenium.dev/documentation/webdriver/troubleshooting/errors#no-such-element-exception\nStacktrace:\n#0 0x559f90367f83 <unknown>\n#1 0x559f90020cf7 <unknown>\n#2 0x559f9007099e <unknown>\n#3 0x559f90070aa1 <unknown>\n#4 0x559f900bbd64 <unknown>\n#5 0x559f9009a0dd <unknown>\n#6 0x559f900b9006 <unknown>\n#7 0x559f90099e53 <unknown>\n#8 0x559f90061dd4 <unknown>\n#9 0x559f900631de <unknown>\n#10 0x559f9032c531 <unknown>\n#11 0x559f90330455 <unknown>\n#12 0x559f90318f55 <unknown>\n#13 0x559f903310ef <unknown>\n#14 0x559f902fc99f <unknown>\n#15 0x559f90355008 <unknown>\n#16 0x559f903551d7 <unknown>\n#17 0x559f90367124 <unknown>\n#18 0x7f4ca1bdb044 <unknown>","time":{"start":1703811371313,"stop":1703811371327,"duration":14}},{"uid":"c60f39b47fa8f8f2","reportUrl":"https://zaelcovsky.github.io/StroyremAutomation/184//#testresult/c60f39b47fa8f8f2","status":"broken","statusDetails":"selenium.common.exceptions.NoSuchElementException: Message: no such element: Unable to locate element: {\"method\":\"xpath\",\"selector\":\"//a[@href='/price']\"}\n  (Session info: chrome-headless-shell=120.0.6099.109); For documentation on this error, please visit: https://www.selenium.dev/documentation/webdriver/troubleshooting/errors#no-such-element-exception\nStacktrace:\n#0 0x55c9238fbf83 <unknown>\n#1 0x55c9235b4cf7 <unknown>\n#2 0x55c92360499e <unknown>\n#3 0x55c923604aa1 <unknown>\n#4 0x55c92364fd64 <unknown>\n#5 0x55c92362e0dd <unknown>\n#6 0x55c92364d006 <unknown>\n#7 0x55c92362de53 <unknown>\n#8 0x55c9235f5dd4 <unknown>\n#9 0x55c9235f71de <unknown>\n#10 0x55c9238c0531 <unknown>\n#11 0x55c9238c4455 <unknown>\n#12 0x55c9238acf55 <unknown>\n#13 0x55c9238c50ef <unknown>\n#14 0x55c92389099f <unknown>\n#15 0x55c9238e9008 <unknown>\n#16 0x55c9238e91d7 <unknown>\n#17 0x55c9238fb124 <unknown>\n#18 0x7f7e30fb2044 <unknown>","time":{"start":1703725492355,"stop":1703725492370,"duration":15}},{"uid":"f5371f2e9095a7a6","reportUrl":"https://zaelcovsky.github.io/StroyremAutomation/183//#testresult/f5371f2e9095a7a6","status":"broken","statusDetails":"selenium.common.exceptions.NoSuchElementException: Message: no such element: Unable to locate element: {\"method\":\"xpath\",\"selector\":\"//a[@href='/price']\"}\n  (Session info: chrome-headless-shell=120.0.6099.109); For documentation on this error, please visit: https://www.selenium.dev/documentation/webdriver/troubleshooting/errors#no-such-element-exception\nStacktrace:\n#0 0x55f4fe962f83 <unknown>\n#1 0x55f4fe61bcf7 <unknown>\n#2 0x55f4fe66b99e <unknown>\n#3 0x55f4fe66baa1 <unknown>\n#4 0x55f4fe6b6d64 <unknown>\n#5 0x55f4fe6950dd <unknown>\n#6 0x55f4fe6b4006 <unknown>\n#7 0x55f4fe694e53 <unknown>\n#8 0x55f4fe65cdd4 <unknown>\n#9 0x55f4fe65e1de <unknown>\n#10 0x55f4fe927531 <unknown>\n#11 0x55f4fe92b455 <unknown>\n#12 0x55f4fe913f55 <unknown>\n#13 0x55f4fe92c0ef <unknown>\n#14 0x55f4fe8f799f <unknown>\n#15 0x55f4fe950008 <unknown>\n#16 0x55f4fe9501d7 <unknown>\n#17 0x55f4fe962124 <unknown>\n#18 0x7f7a94275044 <unknown>","time":{"start":1703639150167,"stop":1703639150180,"duration":13}},{"uid":"280baf02d8b00f56","reportUrl":"https://zaelcovsky.github.io/StroyremAutomation/182//#testresult/280baf02d8b00f56","status":"broken","statusDetails":"selenium.common.exceptions.NoSuchElementException: Message: no such element: Unable to locate element: {\"method\":\"xpath\",\"selector\":\"//a[@href='/price']\"}\n  (Session info: chrome-headless-shell=120.0.6099.109); For documentation on this error, please visit: https://www.selenium.dev/documentation/webdriver/troubleshooting/errors#no-such-element-exception\nStacktrace:\n#0 0x55aea1a97f83 <unknown>\n#1 0x55aea1750cf7 <unknown>\n#2 0x55aea17a099e <unknown>\n#3 0x55aea17a0aa1 <unknown>\n#4 0x55aea17ebd64 <unknown>\n#5 0x55aea17ca0dd <unknown>\n#6 0x55aea17e9006 <unknown>\n#7 0x55aea17c9e53 <unknown>\n#8 0x55aea1791dd4 <unknown>\n#9 0x55aea17931de <unknown>\n#10 0x55aea1a5c531 <unknown>\n#11 0x55aea1a60455 <unknown>\n#12 0x55aea1a48f55 <unknown>\n#13 0x55aea1a610ef <unknown>\n#14 0x55aea1a2c99f <unknown>\n#15 0x55aea1a85008 <unknown>\n#16 0x55aea1a851d7 <unknown>\n#17 0x55aea1a97124 <unknown>\n#18 0x7f12d516f044 <unknown>","time":{"start":1703552670685,"stop":1703552670698,"duration":13}},{"uid":"24e5df3a07219560","reportUrl":"https://zaelcovsky.github.io/StroyremAutomation/181//#testresult/24e5df3a07219560","status":"broken","statusDetails":"selenium.common.exceptions.NoSuchElementException: Message: no such element: Unable to locate element: {\"method\":\"xpath\",\"selector\":\"//a[@href='/price']\"}\n  (Session info: chrome-headless-shell=120.0.6099.109); For documentation on this error, please visit: https://www.selenium.dev/documentation/webdriver/troubleshooting/errors#no-such-element-exception\nStacktrace:\n#0 0x557b2ead7f83 <unknown>\n#1 0x557b2e790cf7 <unknown>\n#2 0x557b2e7e099e <unknown>\n#3 0x557b2e7e0aa1 <unknown>\n#4 0x557b2e82bd64 <unknown>\n#5 0x557b2e80a0dd <unknown>\n#6 0x557b2e829006 <unknown>\n#7 0x557b2e809e53 <unknown>\n#8 0x557b2e7d1dd4 <unknown>\n#9 0x557b2e7d31de <unknown>\n#10 0x557b2ea9c531 <unknown>\n#11 0x557b2eaa0455 <unknown>\n#12 0x557b2ea88f55 <unknown>\n#13 0x557b2eaa10ef <unknown>\n#14 0x557b2ea6c99f <unknown>\n#15 0x557b2eac5008 <unknown>\n#16 0x557b2eac51d7 <unknown>\n#17 0x557b2ead7124 <unknown>\n#18 0x7f601c25d044 <unknown>","time":{"start":1703466440049,"stop":1703466440063,"duration":14}},{"uid":"c5ec49aa0b7e5723","reportUrl":"https://zaelcovsky.github.io/StroyremAutomation/180//#testresult/c5ec49aa0b7e5723","status":"broken","statusDetails":"selenium.common.exceptions.NoSuchElementException: Message: no such element: Unable to locate element: {\"method\":\"xpath\",\"selector\":\"//a[@href='/price']\"}\n  (Session info: chrome-headless-shell=120.0.6099.109); For documentation on this error, please visit: https://www.selenium.dev/documentation/webdriver/troubleshooting/errors#no-such-element-exception\nStacktrace:\n#0 0x55b331ed4f83 <unknown>\n#1 0x55b331b8dcf7 <unknown>\n#2 0x55b331bdd99e <unknown>\n#3 0x55b331bddaa1 <unknown>\n#4 0x55b331c28d64 <unknown>\n#5 0x55b331c070dd <unknown>\n#6 0x55b331c26006 <unknown>\n#7 0x55b331c06e53 <unknown>\n#8 0x55b331bcedd4 <unknown>\n#9 0x55b331bd01de <unknown>\n#10 0x55b331e99531 <unknown>\n#11 0x55b331e9d455 <unknown>\n#12 0x55b331e85f55 <unknown>\n#13 0x55b331e9e0ef <unknown>\n#14 0x55b331e6999f <unknown>\n#15 0x55b331ec2008 <unknown>\n#16 0x55b331ec21d7 <unknown>\n#17 0x55b331ed4124 <unknown>\n#18 0x7f18ec6b0044 <unknown>","time":{"start":1703380244419,"stop":1703380244432,"duration":13}}]},"tags":["smoke_test"]},"source":"cbabe7a4b827249.json","parameterValues":["'https://stroyrem-nn.ru/'"]}