{"uid":"6716c00ec2d64931","name":"TC 006 - Проверка функциональности ссылки 'Обратный звонок'","fullName":"tests.test_main_page.TestMainPage#test_positive_footer_back_call_smoke","historyId":"e70d08884877bbd8c1896610e4ab110a","time":{"start":1711328637674,"stop":1711328637687,"duration":13},"status":"skipped","statusMessage":"XFAIL Сломалось?\n\nselenium.common.exceptions.NoSuchElementException: Message: no such element: Unable to locate element: {\"method\":\"xpath\",\"selector\":\"(//a[@href='#backcall-popup'])[2]\"}\n  (Session info: chrome-headless-shell=123.0.6312.58); For documentation on this error, please visit: https://www.selenium.dev/documentation/webdriver/troubleshooting/errors#no-such-element-exception\nStacktrace:\n#0 0x56232b458993 <unknown>\n#1 0x56232b153136 <unknown>\n#2 0x56232b19dd48 <unknown>\n#3 0x56232b19de01 <unknown>\n#4 0x56232b1e0e44 <unknown>\n#5 0x56232b1bfcfd <unknown>\n#6 0x56232b1de319 <unknown>\n#7 0x56232b1bfa73 <unknown>\n#8 0x56232b190c93 <unknown>\n#9 0x56232b19165e <unknown>\n#10 0x56232b41d08b <unknown>\n#11 0x56232b421005 <unknown>\n#12 0x56232b40b491 <unknown>\n#13 0x56232b421b92 <unknown>\n#14 0x56232b3f09ef <unknown>\n#15 0x56232b447df8 <unknown>\n#16 0x56232b447fcb <unknown>\n#17 0x56232b457ae4 <unknown>\n#18 0x7fec89426134 <unknown>","statusTrace":"self = <tests.test_main_page.TestMainPage object at 0x7fdb87ad0dd0>\nmain_page = <pages.main_page.MainPage object at 0x7fdb883ec110>\n\n    @allure.feature(\"Footer functionality\")\n    @allure.title(\"TC 006 - Проверка функциональности ссылки 'Обратный звонок'\")\n    @pytest.mark.xfail(reason=\"Сломалось?\")\n    @pytest.mark.smoke_test\n    def test_positive_footer_back_call_smoke(self, main_page):\n>       result = main_page.check_call_back_link()\n\ntests/test_main_page.py:67: \n_ _ _ _ _ _ _ _ _ _ _ _ _ _ _ _ _ _ _ _ _ _ _ _ _ _ _ _ _ _ _ _ _ _ _ _ _ _ _ _ \npages/main_page.py:103: in check_call_back_link\n    self.driver.find_element(*self._call_back_link).click()\n/usr/local/lib/python3.11/site-packages/selenium/webdriver/remote/webdriver.py:740: in find_element\n    return self.execute(Command.FIND_ELEMENT, {\"using\": by, \"value\": value})[\"value\"]\n/usr/local/lib/python3.11/site-packages/selenium/webdriver/remote/webdriver.py:346: in execute\n    self.error_handler.check_response(response)\n_ _ _ _ _ _ _ _ _ _ _ _ _ _ _ _ _ _ _ _ _ _ _ _ _ _ _ _ _ _ _ _ _ _ _ _ _ _ _ _ \n\nself = <selenium.webdriver.remote.errorhandler.ErrorHandler object at 0x7fdb87bb62d0>\nresponse = {'status': 404, 'value': '{\"value\":{\"error\":\"no such element\",\"message\":\"no such element: Unable to locate element: {\\...\\\\n#16 0x56232b447fcb \\\\u003Cunknown>\\\\n#17 0x56232b457ae4 \\\\u003Cunknown>\\\\n#18 0x7fec89426134 \\\\u003Cunknown>\\\\n\"}}'}\n\n    def check_response(self, response: Dict[str, Any]) -> None:\n        \"\"\"Checks that a JSON response from the WebDriver does not have an\n        error.\n    \n        :Args:\n         - response - The JSON response from the WebDriver server as a dictionary\n           object.\n    \n        :Raises: If the response contains an error message.\n        \"\"\"\n        status = response.get(\"status\", None)\n        if not status or status == ErrorCode.SUCCESS:\n            return\n        value = None\n        message = response.get(\"message\", \"\")\n        screen: str = response.get(\"screen\", \"\")\n        stacktrace = None\n        if isinstance(status, int):\n            value_json = response.get(\"value\", None)\n            if value_json and isinstance(value_json, str):\n                import json\n    \n                try:\n                    value = json.loads(value_json)\n                    if len(value) == 1:\n                        value = value[\"value\"]\n                    status = value.get(\"error\", None)\n                    if not status:\n                        status = value.get(\"status\", ErrorCode.UNKNOWN_ERROR)\n                        message = value.get(\"value\") or value.get(\"message\")\n                        if not isinstance(message, str):\n                            value = message\n                            message = message.get(\"message\")\n                    else:\n                        message = value.get(\"message\", None)\n                except ValueError:\n                    pass\n    \n        exception_class: Type[WebDriverException]\n        if status in ErrorCode.NO_SUCH_ELEMENT:\n            exception_class = NoSuchElementException\n        elif status in ErrorCode.NO_SUCH_FRAME:\n            exception_class = NoSuchFrameException\n        elif status in ErrorCode.NO_SUCH_SHADOW_ROOT:\n            exception_class = NoSuchShadowRootException\n        elif status in ErrorCode.NO_SUCH_WINDOW:\n            exception_class = NoSuchWindowException\n        elif status in ErrorCode.STALE_ELEMENT_REFERENCE:\n            exception_class = StaleElementReferenceException\n        elif status in ErrorCode.ELEMENT_NOT_VISIBLE:\n            exception_class = ElementNotVisibleException\n        elif status in ErrorCode.INVALID_ELEMENT_STATE:\n            exception_class = InvalidElementStateException\n        elif (\n            status in ErrorCode.INVALID_SELECTOR\n            or status in ErrorCode.INVALID_XPATH_SELECTOR\n            or status in ErrorCode.INVALID_XPATH_SELECTOR_RETURN_TYPER\n        ):\n            exception_class = InvalidSelectorException\n        elif status in ErrorCode.ELEMENT_IS_NOT_SELECTABLE:\n            exception_class = ElementNotSelectableException\n        elif status in ErrorCode.ELEMENT_NOT_INTERACTABLE:\n            exception_class = ElementNotInteractableException\n        elif status in ErrorCode.INVALID_COOKIE_DOMAIN:\n            exception_class = InvalidCookieDomainException\n        elif status in ErrorCode.UNABLE_TO_SET_COOKIE:\n            exception_class = UnableToSetCookieException\n        elif status in ErrorCode.TIMEOUT:\n            exception_class = TimeoutException\n        elif status in ErrorCode.SCRIPT_TIMEOUT:\n            exception_class = TimeoutException\n        elif status in ErrorCode.UNKNOWN_ERROR:\n            exception_class = WebDriverException\n        elif status in ErrorCode.UNEXPECTED_ALERT_OPEN:\n            exception_class = UnexpectedAlertPresentException\n        elif status in ErrorCode.NO_ALERT_OPEN:\n            exception_class = NoAlertPresentException\n        elif status in ErrorCode.IME_NOT_AVAILABLE:\n            exception_class = ImeNotAvailableException\n        elif status in ErrorCode.IME_ENGINE_ACTIVATION_FAILED:\n            exception_class = ImeActivationFailedException\n        elif status in ErrorCode.MOVE_TARGET_OUT_OF_BOUNDS:\n            exception_class = MoveTargetOutOfBoundsException\n        elif status in ErrorCode.JAVASCRIPT_ERROR:\n            exception_class = JavascriptException\n        elif status in ErrorCode.SESSION_NOT_CREATED:\n            exception_class = SessionNotCreatedException\n        elif status in ErrorCode.INVALID_ARGUMENT:\n            exception_class = InvalidArgumentException\n        elif status in ErrorCode.NO_SUCH_COOKIE:\n            exception_class = NoSuchCookieException\n        elif status in ErrorCode.UNABLE_TO_CAPTURE_SCREEN:\n            exception_class = ScreenshotException\n        elif status in ErrorCode.ELEMENT_CLICK_INTERCEPTED:\n            exception_class = ElementClickInterceptedException\n        elif status in ErrorCode.INSECURE_CERTIFICATE:\n            exception_class = InsecureCertificateException\n        elif status in ErrorCode.INVALID_COORDINATES:\n            exception_class = InvalidCoordinatesException\n        elif status in ErrorCode.INVALID_SESSION_ID:\n            exception_class = InvalidSessionIdException\n        elif status in ErrorCode.UNKNOWN_METHOD:\n            exception_class = UnknownMethodException\n        else:\n            exception_class = WebDriverException\n        if not value:\n            value = response[\"value\"]\n        if isinstance(value, str):\n            raise exception_class(value)\n        if message == \"\" and \"message\" in value:\n            message = value[\"message\"]\n    \n        screen = None  # type: ignore[assignment]\n        if \"screen\" in value:\n            screen = value[\"screen\"]\n    \n        stacktrace = None\n        st_value = value.get(\"stackTrace\") or value.get(\"stacktrace\")\n        if st_value:\n            if isinstance(st_value, str):\n                stacktrace = st_value.split(\"\\n\")\n            else:\n                stacktrace = []\n                try:\n                    for frame in st_value:\n                        line = frame.get(\"lineNumber\", \"\")\n                        file = frame.get(\"fileName\", \"<anonymous>\")\n                        if line:\n                            file = f\"{file}:{line}\"\n                        meth = frame.get(\"methodName\", \"<anonymous>\")\n                        if \"className\" in frame:\n                            meth = f\"{frame['className']}.{meth}\"\n                        msg = \"    at %s (%s)\"\n                        msg = msg % (meth, file)\n                        stacktrace.append(msg)\n                except TypeError:\n                    pass\n        if exception_class == UnexpectedAlertPresentException:\n            alert_text = None\n            if \"data\" in value:\n                alert_text = value[\"data\"].get(\"text\")\n            elif \"alert\" in value:\n                alert_text = value[\"alert\"].get(\"text\")\n            raise exception_class(message, screen, stacktrace, alert_text)  # type: ignore[call-arg]  # mypy is not smart enough here\n>       raise exception_class(message, screen, stacktrace)\nE       selenium.common.exceptions.NoSuchElementException: Message: no such element: Unable to locate element: {\"method\":\"xpath\",\"selector\":\"(//a[@href='#backcall-popup'])[2]\"}\nE         (Session info: chrome-headless-shell=123.0.6312.58); For documentation on this error, please visit: https://www.selenium.dev/documentation/webdriver/troubleshooting/errors#no-such-element-exception\nE       Stacktrace:\nE       #0 0x56232b458993 <unknown>\nE       #1 0x56232b153136 <unknown>\nE       #2 0x56232b19dd48 <unknown>\nE       #3 0x56232b19de01 <unknown>\nE       #4 0x56232b1e0e44 <unknown>\nE       #5 0x56232b1bfcfd <unknown>\nE       #6 0x56232b1de319 <unknown>\nE       #7 0x56232b1bfa73 <unknown>\nE       #8 0x56232b190c93 <unknown>\nE       #9 0x56232b19165e <unknown>\nE       #10 0x56232b41d08b <unknown>\nE       #11 0x56232b421005 <unknown>\nE       #12 0x56232b40b491 <unknown>\nE       #13 0x56232b421b92 <unknown>\nE       #14 0x56232b3f09ef <unknown>\nE       #15 0x56232b447df8 <unknown>\nE       #16 0x56232b447fcb <unknown>\nE       #17 0x56232b457ae4 <unknown>\nE       #18 0x7fec89426134 <unknown>\n\n/usr/local/lib/python3.11/site-packages/selenium/webdriver/remote/errorhandler.py:245: NoSuchElementException","flaky":false,"newFailed":false,"newBroken":false,"newPassed":false,"retriesCount":0,"retriesStatusChange":false,"beforeStages":[{"name":"_session_faker","time":{"start":1711328549760,"stop":1711328549826,"duration":66},"status":"passed","steps":[],"attachments":[],"parameters":[],"shouldDisplayMessage":false,"stepsCount":0,"attachmentsCount":0,"hasContent":false,"attachmentStep":false},{"name":"clear_allure_results_folder","time":{"start":1711328549826,"stop":1711328549826,"duration":0},"status":"passed","steps":[],"attachments":[],"parameters":[],"shouldDisplayMessage":false,"stepsCount":0,"attachmentsCount":0,"hasContent":false,"attachmentStep":false},{"name":"driver","time":{"start":1711328636245,"stop":1711328636974,"duration":729},"status":"passed","steps":[],"attachments":[],"parameters":[],"shouldDisplayMessage":false,"stepsCount":0,"attachmentsCount":0,"hasContent":false,"attachmentStep":false},{"name":"main_page","time":{"start":1711328636975,"stop":1711328637674,"duration":699},"status":"passed","steps":[],"attachments":[],"parameters":[],"shouldDisplayMessage":false,"stepsCount":0,"attachmentsCount":0,"hasContent":false,"attachmentStep":false},{"name":"setup","time":{"start":1711328636975,"stop":1711328636975,"duration":0},"status":"passed","steps":[],"attachments":[],"parameters":[],"shouldDisplayMessage":false,"stepsCount":0,"attachmentsCount":0,"hasContent":false,"attachmentStep":false}],"testStage":{"status":"skipped","statusMessage":"XFAIL Сломалось?\n\nselenium.common.exceptions.NoSuchElementException: Message: no such element: Unable to locate element: {\"method\":\"xpath\",\"selector\":\"(//a[@href='#backcall-popup'])[2]\"}\n  (Session info: chrome-headless-shell=123.0.6312.58); For documentation on this error, please visit: https://www.selenium.dev/documentation/webdriver/troubleshooting/errors#no-such-element-exception\nStacktrace:\n#0 0x56232b458993 <unknown>\n#1 0x56232b153136 <unknown>\n#2 0x56232b19dd48 <unknown>\n#3 0x56232b19de01 <unknown>\n#4 0x56232b1e0e44 <unknown>\n#5 0x56232b1bfcfd <unknown>\n#6 0x56232b1de319 <unknown>\n#7 0x56232b1bfa73 <unknown>\n#8 0x56232b190c93 <unknown>\n#9 0x56232b19165e <unknown>\n#10 0x56232b41d08b <unknown>\n#11 0x56232b421005 <unknown>\n#12 0x56232b40b491 <unknown>\n#13 0x56232b421b92 <unknown>\n#14 0x56232b3f09ef <unknown>\n#15 0x56232b447df8 <unknown>\n#16 0x56232b447fcb <unknown>\n#17 0x56232b457ae4 <unknown>\n#18 0x7fec89426134 <unknown>","statusTrace":"self = <tests.test_main_page.TestMainPage object at 0x7fdb87ad0dd0>\nmain_page = <pages.main_page.MainPage object at 0x7fdb883ec110>\n\n    @allure.feature(\"Footer functionality\")\n    @allure.title(\"TC 006 - Проверка функциональности ссылки 'Обратный звонок'\")\n    @pytest.mark.xfail(reason=\"Сломалось?\")\n    @pytest.mark.smoke_test\n    def test_positive_footer_back_call_smoke(self, main_page):\n>       result = main_page.check_call_back_link()\n\ntests/test_main_page.py:67: \n_ _ _ _ _ _ _ _ _ _ _ _ _ _ _ _ _ _ _ _ _ _ _ _ _ _ _ _ _ _ _ _ _ _ _ _ _ _ _ _ \npages/main_page.py:103: in check_call_back_link\n    self.driver.find_element(*self._call_back_link).click()\n/usr/local/lib/python3.11/site-packages/selenium/webdriver/remote/webdriver.py:740: in find_element\n    return self.execute(Command.FIND_ELEMENT, {\"using\": by, \"value\": value})[\"value\"]\n/usr/local/lib/python3.11/site-packages/selenium/webdriver/remote/webdriver.py:346: in execute\n    self.error_handler.check_response(response)\n_ _ _ _ _ _ _ _ _ _ _ _ _ _ _ _ _ _ _ _ _ _ _ _ _ _ _ _ _ _ _ _ _ _ _ _ _ _ _ _ \n\nself = <selenium.webdriver.remote.errorhandler.ErrorHandler object at 0x7fdb87bb62d0>\nresponse = {'status': 404, 'value': '{\"value\":{\"error\":\"no such element\",\"message\":\"no such element: Unable to locate element: {\\...\\\\n#16 0x56232b447fcb \\\\u003Cunknown>\\\\n#17 0x56232b457ae4 \\\\u003Cunknown>\\\\n#18 0x7fec89426134 \\\\u003Cunknown>\\\\n\"}}'}\n\n    def check_response(self, response: Dict[str, Any]) -> None:\n        \"\"\"Checks that a JSON response from the WebDriver does not have an\n        error.\n    \n        :Args:\n         - response - The JSON response from the WebDriver server as a dictionary\n           object.\n    \n        :Raises: If the response contains an error message.\n        \"\"\"\n        status = response.get(\"status\", None)\n        if not status or status == ErrorCode.SUCCESS:\n            return\n        value = None\n        message = response.get(\"message\", \"\")\n        screen: str = response.get(\"screen\", \"\")\n        stacktrace = None\n        if isinstance(status, int):\n            value_json = response.get(\"value\", None)\n            if value_json and isinstance(value_json, str):\n                import json\n    \n                try:\n                    value = json.loads(value_json)\n                    if len(value) == 1:\n                        value = value[\"value\"]\n                    status = value.get(\"error\", None)\n                    if not status:\n                        status = value.get(\"status\", ErrorCode.UNKNOWN_ERROR)\n                        message = value.get(\"value\") or value.get(\"message\")\n                        if not isinstance(message, str):\n                            value = message\n                            message = message.get(\"message\")\n                    else:\n                        message = value.get(\"message\", None)\n                except ValueError:\n                    pass\n    \n        exception_class: Type[WebDriverException]\n        if status in ErrorCode.NO_SUCH_ELEMENT:\n            exception_class = NoSuchElementException\n        elif status in ErrorCode.NO_SUCH_FRAME:\n            exception_class = NoSuchFrameException\n        elif status in ErrorCode.NO_SUCH_SHADOW_ROOT:\n            exception_class = NoSuchShadowRootException\n        elif status in ErrorCode.NO_SUCH_WINDOW:\n            exception_class = NoSuchWindowException\n        elif status in ErrorCode.STALE_ELEMENT_REFERENCE:\n            exception_class = StaleElementReferenceException\n        elif status in ErrorCode.ELEMENT_NOT_VISIBLE:\n            exception_class = ElementNotVisibleException\n        elif status in ErrorCode.INVALID_ELEMENT_STATE:\n            exception_class = InvalidElementStateException\n        elif (\n            status in ErrorCode.INVALID_SELECTOR\n            or status in ErrorCode.INVALID_XPATH_SELECTOR\n            or status in ErrorCode.INVALID_XPATH_SELECTOR_RETURN_TYPER\n        ):\n            exception_class = InvalidSelectorException\n        elif status in ErrorCode.ELEMENT_IS_NOT_SELECTABLE:\n            exception_class = ElementNotSelectableException\n        elif status in ErrorCode.ELEMENT_NOT_INTERACTABLE:\n            exception_class = ElementNotInteractableException\n        elif status in ErrorCode.INVALID_COOKIE_DOMAIN:\n            exception_class = InvalidCookieDomainException\n        elif status in ErrorCode.UNABLE_TO_SET_COOKIE:\n            exception_class = UnableToSetCookieException\n        elif status in ErrorCode.TIMEOUT:\n            exception_class = TimeoutException\n        elif status in ErrorCode.SCRIPT_TIMEOUT:\n            exception_class = TimeoutException\n        elif status in ErrorCode.UNKNOWN_ERROR:\n            exception_class = WebDriverException\n        elif status in ErrorCode.UNEXPECTED_ALERT_OPEN:\n            exception_class = UnexpectedAlertPresentException\n        elif status in ErrorCode.NO_ALERT_OPEN:\n            exception_class = NoAlertPresentException\n        elif status in ErrorCode.IME_NOT_AVAILABLE:\n            exception_class = ImeNotAvailableException\n        elif status in ErrorCode.IME_ENGINE_ACTIVATION_FAILED:\n            exception_class = ImeActivationFailedException\n        elif status in ErrorCode.MOVE_TARGET_OUT_OF_BOUNDS:\n            exception_class = MoveTargetOutOfBoundsException\n        elif status in ErrorCode.JAVASCRIPT_ERROR:\n            exception_class = JavascriptException\n        elif status in ErrorCode.SESSION_NOT_CREATED:\n            exception_class = SessionNotCreatedException\n        elif status in ErrorCode.INVALID_ARGUMENT:\n            exception_class = InvalidArgumentException\n        elif status in ErrorCode.NO_SUCH_COOKIE:\n            exception_class = NoSuchCookieException\n        elif status in ErrorCode.UNABLE_TO_CAPTURE_SCREEN:\n            exception_class = ScreenshotException\n        elif status in ErrorCode.ELEMENT_CLICK_INTERCEPTED:\n            exception_class = ElementClickInterceptedException\n        elif status in ErrorCode.INSECURE_CERTIFICATE:\n            exception_class = InsecureCertificateException\n        elif status in ErrorCode.INVALID_COORDINATES:\n            exception_class = InvalidCoordinatesException\n        elif status in ErrorCode.INVALID_SESSION_ID:\n            exception_class = InvalidSessionIdException\n        elif status in ErrorCode.UNKNOWN_METHOD:\n            exception_class = UnknownMethodException\n        else:\n            exception_class = WebDriverException\n        if not value:\n            value = response[\"value\"]\n        if isinstance(value, str):\n            raise exception_class(value)\n        if message == \"\" and \"message\" in value:\n            message = value[\"message\"]\n    \n        screen = None  # type: ignore[assignment]\n        if \"screen\" in value:\n            screen = value[\"screen\"]\n    \n        stacktrace = None\n        st_value = value.get(\"stackTrace\") or value.get(\"stacktrace\")\n        if st_value:\n            if isinstance(st_value, str):\n                stacktrace = st_value.split(\"\\n\")\n            else:\n                stacktrace = []\n                try:\n                    for frame in st_value:\n                        line = frame.get(\"lineNumber\", \"\")\n                        file = frame.get(\"fileName\", \"<anonymous>\")\n                        if line:\n                            file = f\"{file}:{line}\"\n                        meth = frame.get(\"methodName\", \"<anonymous>\")\n                        if \"className\" in frame:\n                            meth = f\"{frame['className']}.{meth}\"\n                        msg = \"    at %s (%s)\"\n                        msg = msg % (meth, file)\n                        stacktrace.append(msg)\n                except TypeError:\n                    pass\n        if exception_class == UnexpectedAlertPresentException:\n            alert_text = None\n            if \"data\" in value:\n                alert_text = value[\"data\"].get(\"text\")\n            elif \"alert\" in value:\n                alert_text = value[\"alert\"].get(\"text\")\n            raise exception_class(message, screen, stacktrace, alert_text)  # type: ignore[call-arg]  # mypy is not smart enough here\n>       raise exception_class(message, screen, stacktrace)\nE       selenium.common.exceptions.NoSuchElementException: Message: no such element: Unable to locate element: {\"method\":\"xpath\",\"selector\":\"(//a[@href='#backcall-popup'])[2]\"}\nE         (Session info: chrome-headless-shell=123.0.6312.58); For documentation on this error, please visit: https://www.selenium.dev/documentation/webdriver/troubleshooting/errors#no-such-element-exception\nE       Stacktrace:\nE       #0 0x56232b458993 <unknown>\nE       #1 0x56232b153136 <unknown>\nE       #2 0x56232b19dd48 <unknown>\nE       #3 0x56232b19de01 <unknown>\nE       #4 0x56232b1e0e44 <unknown>\nE       #5 0x56232b1bfcfd <unknown>\nE       #6 0x56232b1de319 <unknown>\nE       #7 0x56232b1bfa73 <unknown>\nE       #8 0x56232b190c93 <unknown>\nE       #9 0x56232b19165e <unknown>\nE       #10 0x56232b41d08b <unknown>\nE       #11 0x56232b421005 <unknown>\nE       #12 0x56232b40b491 <unknown>\nE       #13 0x56232b421b92 <unknown>\nE       #14 0x56232b3f09ef <unknown>\nE       #15 0x56232b447df8 <unknown>\nE       #16 0x56232b447fcb <unknown>\nE       #17 0x56232b457ae4 <unknown>\nE       #18 0x7fec89426134 <unknown>\n\n/usr/local/lib/python3.11/site-packages/selenium/webdriver/remote/errorhandler.py:245: NoSuchElementException","steps":[{"name":"Проверка функциональности ссылки 'Обратный звонок'","time":{"start":1711328637675,"stop":1711328637687,"duration":12},"status":"broken","statusMessage":"selenium.common.exceptions.NoSuchElementException: Message: no such element: Unable to locate element: {\"method\":\"xpath\",\"selector\":\"(//a[@href='#backcall-popup'])[2]\"}\n  (Session info: chrome-headless-shell=123.0.6312.58); For documentation on this error, please visit: https://www.selenium.dev/documentation/webdriver/troubleshooting/errors#no-such-element-exception\nStacktrace:\n#0 0x56232b458993 <unknown>\n#1 0x56232b153136 <unknown>\n#2 0x56232b19dd48 <unknown>\n#3 0x56232b19de01 <unknown>\n#4 0x56232b1e0e44 <unknown>\n#5 0x56232b1bfcfd <unknown>\n#6 0x56232b1de319 <unknown>\n#7 0x56232b1bfa73 <unknown>\n#8 0x56232b190c93 <unknown>\n#9 0x56232b19165e <unknown>\n#10 0x56232b41d08b <unknown>\n#11 0x56232b421005 <unknown>\n#12 0x56232b40b491 <unknown>\n#13 0x56232b421b92 <unknown>\n#14 0x56232b3f09ef <unknown>\n#15 0x56232b447df8 <unknown>\n#16 0x56232b447fcb <unknown>\n#17 0x56232b457ae4 <unknown>\n#18 0x7fec89426134 <unknown>\n\n","statusTrace":"  File \"/usr/local/lib/python3.11/site-packages/allure_commons/_allure.py\", line 192, in impl\n    return func(*a, **kw)\n           ^^^^^^^^^^^^^^\n  File \"/app/pages/main_page.py\", line 103, in check_call_back_link\n    self.driver.find_element(*self._call_back_link).click()\n    ^^^^^^^^^^^^^^^^^^^^^^^^^^^^^^^^^^^^^^^^^^^^^^^\n  File \"/usr/local/lib/python3.11/site-packages/selenium/webdriver/remote/webdriver.py\", line 740, in find_element\n    return self.execute(Command.FIND_ELEMENT, {\"using\": by, \"value\": value})[\"value\"]\n           ^^^^^^^^^^^^^^^^^^^^^^^^^^^^^^^^^^^^^^^^^^^^^^^^^^^^^^^^^^^^^^^^^\n  File \"/usr/local/lib/python3.11/site-packages/selenium/webdriver/remote/webdriver.py\", line 346, in execute\n    self.error_handler.check_response(response)\n  File \"/usr/local/lib/python3.11/site-packages/selenium/webdriver/remote/errorhandler.py\", line 245, in check_response\n    raise exception_class(message, screen, stacktrace)\n","steps":[],"attachments":[],"parameters":[],"shouldDisplayMessage":true,"stepsCount":0,"attachmentsCount":0,"hasContent":true,"attachmentStep":false}],"attachments":[{"uid":"b8fca954ce9f8ce3","name":"Screenshot","source":"b8fca954ce9f8ce3.png","type":"image/png","size":39106},{"uid":"ed76ea9f5b2cbc6e","name":"HTML source","source":"ed76ea9f5b2cbc6e.html","type":"text/html","size":538}],"parameters":[],"shouldDisplayMessage":true,"stepsCount":1,"attachmentsCount":2,"hasContent":true,"attachmentStep":false},"afterStages":[{"name":"driver::0","time":{"start":1711328637791,"stop":1711328637848,"duration":57},"status":"passed","steps":[],"attachments":[],"parameters":[],"shouldDisplayMessage":false,"stepsCount":0,"attachmentsCount":0,"hasContent":false,"attachmentStep":false},{"name":"setup::0","time":{"start":1711328637791,"stop":1711328637791,"duration":0},"status":"passed","steps":[],"attachments":[],"parameters":[],"shouldDisplayMessage":false,"stepsCount":0,"attachmentsCount":0,"hasContent":false,"attachmentStep":false}],"labels":[{"name":"epic","value":"Main Page"},{"name":"feature","value":"Footer functionality"},{"name":"tag","value":"smoke_test"},{"name":"tag","value":"@pytest.mark.xfail(reason='Сломалось?')"},{"name":"parentSuite","value":"tests"},{"name":"suite","value":"test_main_page"},{"name":"subSuite","value":"TestMainPage"},{"name":"host","value":"e5801d9a46fe"},{"name":"thread","value":"1-MainThread"},{"name":"framework","value":"pytest"},{"name":"language","value":"cpython3"},{"name":"package","value":"tests.test_main_page"},{"name":"resultFormat","value":"allure2"}],"parameters":[{"name":"url","value":"'https://test2.stroyrem-nn.ru/'"}],"links":[],"hidden":false,"retry":false,"extra":{"severity":"normal","retries":[],"categories":[],"history":{"statistic":{"failed":0,"broken":7,"skipped":208,"passed":14,"unknown":0,"total":229},"items":[{"uid":"3273eb4f721705f5","reportUrl":"https://zaelcovsky.github.io/StroyremAutomation/271//#testresult/3273eb4f721705f5","status":"skipped","statusDetails":"XFAIL Сломалось?\n\nselenium.common.exceptions.NoSuchElementException: Message: no such element: Unable to locate element: {\"method\":\"xpath\",\"selector\":\"(//a[@href='#backcall-popup'])[2]\"}\n  (Session info: chrome-headless-shell=123.0.6312.58); For documentation on this error, please visit: https://www.selenium.dev/documentation/webdriver/troubleshooting/errors#no-such-element-exception\nStacktrace:\n#0 0x5648505bf993 <unknown>\n#1 0x5648502ba136 <unknown>\n#2 0x564850304d48 <unknown>\n#3 0x564850304e01 <unknown>\n#4 0x564850347e44 <unknown>\n#5 0x564850326cfd <unknown>\n#6 0x564850345319 <unknown>\n#7 0x564850326a73 <unknown>\n#8 0x5648502f7c93 <unknown>\n#9 0x5648502f865e <unknown>\n#10 0x56485058408b <unknown>\n#11 0x564850588005 <unknown>\n#12 0x564850572491 <unknown>\n#13 0x564850588b92 <unknown>\n#14 0x5648505579ef <unknown>\n#15 0x5648505aedf8 <unknown>\n#16 0x5648505aefcb <unknown>\n#17 0x5648505beae4 <unknown>\n#18 0x7f3ce2923134 <unknown>","time":{"start":1711242513182,"stop":1711242513195,"duration":13}},{"uid":"6fe08778a0769ad3","reportUrl":"https://zaelcovsky.github.io/StroyremAutomation/270//#testresult/6fe08778a0769ad3","status":"skipped","statusDetails":"XFAIL Сломалось?\n\nselenium.common.exceptions.NoSuchElementException: Message: no such element: Unable to locate element: {\"method\":\"xpath\",\"selector\":\"(//a[@href='#backcall-popup'])[2]\"}\n  (Session info: chrome-headless-shell=123.0.6312.58); For documentation on this error, please visit: https://www.selenium.dev/documentation/webdriver/troubleshooting/errors#no-such-element-exception\nStacktrace:\n#0 0x558eba8de993 <unknown>\n#1 0x558eba5d9136 <unknown>\n#2 0x558eba623d48 <unknown>\n#3 0x558eba623e01 <unknown>\n#4 0x558eba666e44 <unknown>\n#5 0x558eba645cfd <unknown>\n#6 0x558eba664319 <unknown>\n#7 0x558eba645a73 <unknown>\n#8 0x558eba616c93 <unknown>\n#9 0x558eba61765e <unknown>\n#10 0x558eba8a308b <unknown>\n#11 0x558eba8a7005 <unknown>\n#12 0x558eba891491 <unknown>\n#13 0x558eba8a7b92 <unknown>\n#14 0x558eba8769ef <unknown>\n#15 0x558eba8cddf8 <unknown>\n#16 0x558eba8cdfcb <unknown>\n#17 0x558eba8ddae4 <unknown>\n#18 0x7f40689b8134 <unknown>","time":{"start":1711155659551,"stop":1711155659564,"duration":13}},{"uid":"94b274fa5915c51f","reportUrl":"https://zaelcovsky.github.io/StroyremAutomation/269//#testresult/94b274fa5915c51f","status":"skipped","statusDetails":"XFAIL Сломалось?\n\nselenium.common.exceptions.NoSuchElementException: Message: no such element: Unable to locate element: {\"method\":\"xpath\",\"selector\":\"(//a[@href='#backcall-popup'])[2]\"}\n  (Session info: chrome-headless-shell=123.0.6312.58); For documentation on this error, please visit: https://www.selenium.dev/documentation/webdriver/troubleshooting/errors#no-such-element-exception\nStacktrace:\n#0 0x562cdbfb1993 <unknown>\n#1 0x562cdbcac136 <unknown>\n#2 0x562cdbcf6d48 <unknown>\n#3 0x562cdbcf6e01 <unknown>\n#4 0x562cdbd39e44 <unknown>\n#5 0x562cdbd18cfd <unknown>\n#6 0x562cdbd37319 <unknown>\n#7 0x562cdbd18a73 <unknown>\n#8 0x562cdbce9c93 <unknown>\n#9 0x562cdbcea65e <unknown>\n#10 0x562cdbf7608b <unknown>\n#11 0x562cdbf7a005 <unknown>\n#12 0x562cdbf64491 <unknown>\n#13 0x562cdbf7ab92 <unknown>\n#14 0x562cdbf499ef <unknown>\n#15 0x562cdbfa0df8 <unknown>\n#16 0x562cdbfa0fcb <unknown>\n#17 0x562cdbfb0ae4 <unknown>\n#18 0x7f93976b5134 <unknown>","time":{"start":1711069338205,"stop":1711069338218,"duration":13}},{"uid":"1157199ebd6b2a3","reportUrl":"https://zaelcovsky.github.io/StroyremAutomation/268//#testresult/1157199ebd6b2a3","status":"skipped","statusDetails":"XFAIL Сломалось?\n\nselenium.common.exceptions.NoSuchElementException: Message: no such element: Unable to locate element: {\"method\":\"xpath\",\"selector\":\"(//a[@href='#backcall-popup'])[2]\"}\n  (Session info: chrome-headless-shell=123.0.6312.58); For documentation on this error, please visit: https://www.selenium.dev/documentation/webdriver/troubleshooting/errors#no-such-element-exception\nStacktrace:\n#0 0x55d6c4132993 <unknown>\n#1 0x55d6c3e2d136 <unknown>\n#2 0x55d6c3e77d48 <unknown>\n#3 0x55d6c3e77e01 <unknown>\n#4 0x55d6c3ebae44 <unknown>\n#5 0x55d6c3e99cfd <unknown>\n#6 0x55d6c3eb8319 <unknown>\n#7 0x55d6c3e99a73 <unknown>\n#8 0x55d6c3e6ac93 <unknown>\n#9 0x55d6c3e6b65e <unknown>\n#10 0x55d6c40f708b <unknown>\n#11 0x55d6c40fb005 <unknown>\n#12 0x55d6c40e5491 <unknown>\n#13 0x55d6c40fbb92 <unknown>\n#14 0x55d6c40ca9ef <unknown>\n#15 0x55d6c4121df8 <unknown>\n#16 0x55d6c4121fcb <unknown>\n#17 0x55d6c4131ae4 <unknown>\n#18 0x7fe486ed3134 <unknown>","time":{"start":1710983027153,"stop":1710983027166,"duration":13}},{"uid":"bac24b309dd54f58","reportUrl":"https://zaelcovsky.github.io/StroyremAutomation/267//#testresult/bac24b309dd54f58","status":"skipped","statusDetails":"XFAIL Сломалось?\n\nselenium.common.exceptions.NoSuchElementException: Message: no such element: Unable to locate element: {\"method\":\"xpath\",\"selector\":\"(//a[@href='#backcall-popup'])[2]\"}\n  (Session info: chrome-headless-shell=123.0.6312.58); For documentation on this error, please visit: https://www.selenium.dev/documentation/webdriver/troubleshooting/errors#no-such-element-exception\nStacktrace:\n#0 0x566df4d6c993 <unknown>\n#1 0x566df4a67136 <unknown>\n#2 0x566df4ab1d48 <unknown>\n#3 0x566df4ab1e01 <unknown>\n#4 0x566df4af4e44 <unknown>\n#5 0x566df4ad3cfd <unknown>\n#6 0x566df4af2319 <unknown>\n#7 0x566df4ad3a73 <unknown>\n#8 0x566df4aa4c93 <unknown>\n#9 0x566df4aa565e <unknown>\n#10 0x566df4d3108b <unknown>\n#11 0x566df4d35005 <unknown>\n#12 0x566df4d1f491 <unknown>\n#13 0x566df4d35b92 <unknown>\n#14 0x566df4d049ef <unknown>\n#15 0x566df4d5bdf8 <unknown>\n#16 0x566df4d5bfcb <unknown>\n#17 0x566df4d6bae4 <unknown>\n#18 0x7f30fdbca134 <unknown>","time":{"start":1710896532820,"stop":1710896532833,"duration":13}},{"uid":"a1714b220e3d06c9","reportUrl":"https://zaelcovsky.github.io/StroyremAutomation/266//#testresult/a1714b220e3d06c9","status":"skipped","statusDetails":"XFAIL Сломалось?\n\nselenium.common.exceptions.NoSuchElementException: Message: no such element: Unable to locate element: {\"method\":\"xpath\",\"selector\":\"(//a[@href='#backcall-popup'])[2]\"}\n  (Session info: chrome-headless-shell=122.0.6261.128); For documentation on this error, please visit: https://www.selenium.dev/documentation/webdriver/troubleshooting/errors#no-such-element-exception\nStacktrace:\n#0 0x5dcf9c186f33 <unknown>\n#1 0x5dcf9be7ece6 <unknown>\n#2 0x5dcf9bec9e48 <unknown>\n#3 0x5dcf9bec9f01 <unknown>\n#4 0x5dcf9bf0d3f4 <unknown>\n#5 0x5dcf9beebedd <unknown>\n#6 0x5dcf9bf0a899 <unknown>\n#7 0x5dcf9beebc53 <unknown>\n#8 0x5dcf9bebcdb3 <unknown>\n#9 0x5dcf9bebd77e <unknown>\n#10 0x5dcf9c14c86b <unknown>\n#11 0x5dcf9c150885 <unknown>\n#12 0x5dcf9c13a181 <unknown>\n#13 0x5dcf9c151412 <unknown>\n#14 0x5dcf9c11e25f <unknown>\n#15 0x5dcf9c175528 <unknown>\n#16 0x5dcf9c175723 <unknown>\n#17 0x5dcf9c1860e4 <unknown>\n#18 0x7d8fb6406134 <unknown>","time":{"start":1710810121486,"stop":1710810121498,"duration":12}},{"uid":"f98b1498e91497df","reportUrl":"https://zaelcovsky.github.io/StroyremAutomation/265//#testresult/f98b1498e91497df","status":"skipped","statusDetails":"XFAIL Сломалось?\n\nselenium.common.exceptions.NoSuchElementException: Message: no such element: Unable to locate element: {\"method\":\"xpath\",\"selector\":\"(//a[@href='#backcall-popup'])[2]\"}\n  (Session info: chrome-headless-shell=122.0.6261.128); For documentation on this error, please visit: https://www.selenium.dev/documentation/webdriver/troubleshooting/errors#no-such-element-exception\nStacktrace:\n#0 0x55bb7eb24f33 <unknown>\n#1 0x55bb7e81cce6 <unknown>\n#2 0x55bb7e867e48 <unknown>\n#3 0x55bb7e867f01 <unknown>\n#4 0x55bb7e8ab3f4 <unknown>\n#5 0x55bb7e889edd <unknown>\n#6 0x55bb7e8a8899 <unknown>\n#7 0x55bb7e889c53 <unknown>\n#8 0x55bb7e85adb3 <unknown>\n#9 0x55bb7e85b77e <unknown>\n#10 0x55bb7eaea86b <unknown>\n#11 0x55bb7eaee885 <unknown>\n#12 0x55bb7ead8181 <unknown>\n#13 0x55bb7eaef412 <unknown>\n#14 0x55bb7eabc25f <unknown>\n#15 0x55bb7eb13528 <unknown>\n#16 0x55bb7eb13723 <unknown>\n#17 0x55bb7eb240e4 <unknown>\n#18 0x75add497b134 <unknown>","time":{"start":1710723801777,"stop":1710723801790,"duration":13}},{"uid":"6f824d744caf46b0","reportUrl":"https://zaelcovsky.github.io/StroyremAutomation/264//#testresult/6f824d744caf46b0","status":"skipped","statusDetails":"XFAIL Сломалось?\n\nselenium.common.exceptions.NoSuchElementException: Message: no such element: Unable to locate element: {\"method\":\"xpath\",\"selector\":\"(//a[@href='#backcall-popup'])[2]\"}\n  (Session info: chrome-headless-shell=122.0.6261.128); For documentation on this error, please visit: https://www.selenium.dev/documentation/webdriver/troubleshooting/errors#no-such-element-exception\nStacktrace:\n#0 0x5f43f86cef33 <unknown>\n#1 0x5f43f83c6ce6 <unknown>\n#2 0x5f43f8411e48 <unknown>\n#3 0x5f43f8411f01 <unknown>\n#4 0x5f43f84553f4 <unknown>\n#5 0x5f43f8433edd <unknown>\n#6 0x5f43f8452899 <unknown>\n#7 0x5f43f8433c53 <unknown>\n#8 0x5f43f8404db3 <unknown>\n#9 0x5f43f840577e <unknown>\n#10 0x5f43f869486b <unknown>\n#11 0x5f43f8698885 <unknown>\n#12 0x5f43f8682181 <unknown>\n#13 0x5f43f8699412 <unknown>\n#14 0x5f43f866625f <unknown>\n#15 0x5f43f86bd528 <unknown>\n#16 0x5f43f86bd723 <unknown>\n#17 0x5f43f86ce0e4 <unknown>\n#18 0x7c989d003134 <unknown>","time":{"start":1710637568038,"stop":1710637568051,"duration":13}},{"uid":"e36be6546be8aa53","reportUrl":"https://zaelcovsky.github.io/StroyremAutomation/263//#testresult/e36be6546be8aa53","status":"skipped","statusDetails":"XFAIL Сломалось?\n\nselenium.common.exceptions.NoSuchElementException: Message: no such element: Unable to locate element: {\"method\":\"xpath\",\"selector\":\"(//a[@href='#backcall-popup'])[2]\"}\n  (Session info: chrome-headless-shell=122.0.6261.128); For documentation on this error, please visit: https://www.selenium.dev/documentation/webdriver/troubleshooting/errors#no-such-element-exception\nStacktrace:\n#0 0x65241f628f33 <unknown>\n#1 0x65241f320ce6 <unknown>\n#2 0x65241f36be48 <unknown>\n#3 0x65241f36bf01 <unknown>\n#4 0x65241f3af3f4 <unknown>\n#5 0x65241f38dedd <unknown>\n#6 0x65241f3ac899 <unknown>\n#7 0x65241f38dc53 <unknown>\n#8 0x65241f35edb3 <unknown>\n#9 0x65241f35f77e <unknown>\n#10 0x65241f5ee86b <unknown>\n#11 0x65241f5f2885 <unknown>\n#12 0x65241f5dc181 <unknown>\n#13 0x65241f5f3412 <unknown>\n#14 0x65241f5c025f <unknown>\n#15 0x65241f617528 <unknown>\n#16 0x65241f617723 <unknown>\n#17 0x65241f6280e4 <unknown>\n#18 0x7de206dc5134 <unknown>","time":{"start":1710550846826,"stop":1710550846838,"duration":12}},{"uid":"dcf8d38a6102eca5","reportUrl":"https://zaelcovsky.github.io/StroyremAutomation/262//#testresult/dcf8d38a6102eca5","status":"skipped","statusDetails":"XFAIL Сломалось?\n\nselenium.common.exceptions.NoSuchElementException: Message: no such element: Unable to locate element: {\"method\":\"xpath\",\"selector\":\"(//a[@href='#backcall-popup'])[2]\"}\n  (Session info: chrome-headless-shell=122.0.6261.128); For documentation on this error, please visit: https://www.selenium.dev/documentation/webdriver/troubleshooting/errors#no-such-element-exception\nStacktrace:\n#0 0x5afc220f2f33 <unknown>\n#1 0x5afc21deace6 <unknown>\n#2 0x5afc21e35e48 <unknown>\n#3 0x5afc21e35f01 <unknown>\n#4 0x5afc21e793f4 <unknown>\n#5 0x5afc21e57edd <unknown>\n#6 0x5afc21e76899 <unknown>\n#7 0x5afc21e57c53 <unknown>\n#8 0x5afc21e28db3 <unknown>\n#9 0x5afc21e2977e <unknown>\n#10 0x5afc220b886b <unknown>\n#11 0x5afc220bc885 <unknown>\n#12 0x5afc220a6181 <unknown>\n#13 0x5afc220bd412 <unknown>\n#14 0x5afc2208a25f <unknown>\n#15 0x5afc220e1528 <unknown>\n#16 0x5afc220e1723 <unknown>\n#17 0x5afc220f20e4 <unknown>\n#18 0x7261cfab8134 <unknown>","time":{"start":1710464588192,"stop":1710464588205,"duration":13}},{"uid":"6211fa006937bced","reportUrl":"https://zaelcovsky.github.io/StroyremAutomation/261//#testresult/6211fa006937bced","status":"skipped","statusDetails":"XFAIL Сломалось?\n\nselenium.common.exceptions.NoSuchElementException: Message: no such element: Unable to locate element: {\"method\":\"xpath\",\"selector\":\"(//a[@href='#backcall-popup'])[2]\"}\n  (Session info: chrome-headless-shell=122.0.6261.128); For documentation on this error, please visit: https://www.selenium.dev/documentation/webdriver/troubleshooting/errors#no-such-element-exception\nStacktrace:\n#0 0x652d16347f33 <unknown>\n#1 0x652d1603fce6 <unknown>\n#2 0x652d1608ae48 <unknown>\n#3 0x652d1608af01 <unknown>\n#4 0x652d160ce3f4 <unknown>\n#5 0x652d160acedd <unknown>\n#6 0x652d160cb899 <unknown>\n#7 0x652d160acc53 <unknown>\n#8 0x652d1607ddb3 <unknown>\n#9 0x652d1607e77e <unknown>\n#10 0x652d1630d86b <unknown>\n#11 0x652d16311885 <unknown>\n#12 0x652d162fb181 <unknown>\n#13 0x652d16312412 <unknown>\n#14 0x652d162df25f <unknown>\n#15 0x652d16336528 <unknown>\n#16 0x652d16336723 <unknown>\n#17 0x652d163470e4 <unknown>\n#18 0x77bb5d9ce134 <unknown>","time":{"start":1710378124177,"stop":1710378124190,"duration":13}},{"uid":"dda21513cb212d07","reportUrl":"https://zaelcovsky.github.io/StroyremAutomation/260//#testresult/dda21513cb212d07","status":"skipped","statusDetails":"XFAIL Сломалось?\n\nselenium.common.exceptions.NoSuchElementException: Message: no such element: Unable to locate element: {\"method\":\"xpath\",\"selector\":\"(//a[@href='#backcall-popup'])[2]\"}\n  (Session info: chrome-headless-shell=122.0.6261.128); For documentation on this error, please visit: https://www.selenium.dev/documentation/webdriver/troubleshooting/errors#no-such-element-exception\nStacktrace:\n#0 0x55d7b17a9f33 <unknown>\n#1 0x55d7b14a1ce6 <unknown>\n#2 0x55d7b14ece48 <unknown>\n#3 0x55d7b14ecf01 <unknown>\n#4 0x55d7b15303f4 <unknown>\n#5 0x55d7b150eedd <unknown>\n#6 0x55d7b152d899 <unknown>\n#7 0x55d7b150ec53 <unknown>\n#8 0x55d7b14dfdb3 <unknown>\n#9 0x55d7b14e077e <unknown>\n#10 0x55d7b176f86b <unknown>\n#11 0x55d7b1773885 <unknown>\n#12 0x55d7b175d181 <unknown>\n#13 0x55d7b1774412 <unknown>\n#14 0x55d7b174125f <unknown>\n#15 0x55d7b1798528 <unknown>\n#16 0x55d7b1798723 <unknown>\n#17 0x55d7b17a90e4 <unknown>\n#18 0x7f388ec00134 <unknown>","time":{"start":1710291914623,"stop":1710291914640,"duration":17}},{"uid":"3e31496f53ecebad","reportUrl":"https://zaelcovsky.github.io/StroyremAutomation/259//#testresult/3e31496f53ecebad","status":"skipped","statusDetails":"XFAIL Сломалось?\n\nselenium.common.exceptions.NoSuchElementException: Message: no such element: Unable to locate element: {\"method\":\"xpath\",\"selector\":\"(//a[@href='#backcall-popup'])[2]\"}\n  (Session info: chrome-headless-shell=122.0.6261.111); For documentation on this error, please visit: https://www.selenium.dev/documentation/webdriver/troubleshooting/errors#no-such-element-exception\nStacktrace:\n#0 0x575e9d1d6ec3 <unknown>\n#1 0x575e9cecece6 <unknown>\n#2 0x575e9cf19e48 <unknown>\n#3 0x575e9cf19f01 <unknown>\n#4 0x575e9cf5d3f4 <unknown>\n#5 0x575e9cf3bedd <unknown>\n#6 0x575e9cf5a899 <unknown>\n#7 0x575e9cf3bc53 <unknown>\n#8 0x575e9cf0cdb3 <unknown>\n#9 0x575e9cf0d77e <unknown>\n#10 0x575e9d19c7fb <unknown>\n#11 0x575e9d1a0815 <unknown>\n#12 0x575e9d18a111 <unknown>\n#13 0x575e9d1a13a2 <unknown>\n#14 0x575e9d16e1ef <unknown>\n#15 0x575e9d1c54b8 <unknown>\n#16 0x575e9d1c56b3 <unknown>\n#17 0x575e9d1d6074 <unknown>\n#18 0x7c803504b134 <unknown>","time":{"start":1710205277878,"stop":1710205277892,"duration":14}},{"uid":"3395bc5beb19a464","reportUrl":"https://zaelcovsky.github.io/StroyremAutomation/258//#testresult/3395bc5beb19a464","status":"skipped","statusDetails":"XFAIL Сломалось?\n\nselenium.common.exceptions.NoSuchElementException: Message: no such element: Unable to locate element: {\"method\":\"xpath\",\"selector\":\"(//a[@href='#backcall-popup'])[2]\"}\n  (Session info: chrome-headless-shell=122.0.6261.111); For documentation on this error, please visit: https://www.selenium.dev/documentation/webdriver/troubleshooting/errors#no-such-element-exception\nStacktrace:\n#0 0x55c872d1aec3 <unknown>\n#1 0x55c872a12ce6 <unknown>\n#2 0x55c872a5de48 <unknown>\n#3 0x55c872a5df01 <unknown>\n#4 0x55c872aa13f4 <unknown>\n#5 0x55c872a7fedd <unknown>\n#6 0x55c872a9e899 <unknown>\n#7 0x55c872a7fc53 <unknown>\n#8 0x55c872a50db3 <unknown>\n#9 0x55c872a5177e <unknown>\n#10 0x55c872ce07fb <unknown>\n#11 0x55c872ce4815 <unknown>\n#12 0x55c872cce111 <unknown>\n#13 0x55c872ce53a2 <unknown>\n#14 0x55c872cb21ef <unknown>\n#15 0x55c872d094b8 <unknown>\n#16 0x55c872d096b3 <unknown>\n#17 0x55c872d1a074 <unknown>\n#18 0x7fd41ecd8134 <unknown>","time":{"start":1710118961080,"stop":1710118961092,"duration":12}},{"uid":"a1d2fc92bcd447ab","reportUrl":"https://zaelcovsky.github.io/StroyremAutomation/257//#testresult/a1d2fc92bcd447ab","status":"skipped","statusDetails":"XFAIL Сломалось?\n\nselenium.common.exceptions.NoSuchElementException: Message: no such element: Unable to locate element: {\"method\":\"xpath\",\"selector\":\"(//a[@href='#backcall-popup'])[2]\"}\n  (Session info: chrome-headless-shell=122.0.6261.111); For documentation on this error, please visit: https://www.selenium.dev/documentation/webdriver/troubleshooting/errors#no-such-element-exception\nStacktrace:\n#0 0x55e29ff8dec3 <unknown>\n#1 0x55e29fc85ce6 <unknown>\n#2 0x55e29fcd0e48 <unknown>\n#3 0x55e29fcd0f01 <unknown>\n#4 0x55e29fd143f4 <unknown>\n#5 0x55e29fcf2edd <unknown>\n#6 0x55e29fd11899 <unknown>\n#7 0x55e29fcf2c53 <unknown>\n#8 0x55e29fcc3db3 <unknown>\n#9 0x55e29fcc477e <unknown>\n#10 0x55e29ff537fb <unknown>\n#11 0x55e29ff57815 <unknown>\n#12 0x55e29ff41111 <unknown>\n#13 0x55e29ff583a2 <unknown>\n#14 0x55e29ff251ef <unknown>\n#15 0x55e29ff7c4b8 <unknown>\n#16 0x55e29ff7c6b3 <unknown>\n#17 0x55e29ff8d074 <unknown>\n#18 0x7f597c6c2134 <unknown>","time":{"start":1710032765442,"stop":1710032765454,"duration":12}},{"uid":"986b532e9ec8fc76","reportUrl":"https://zaelcovsky.github.io/StroyremAutomation/256//#testresult/986b532e9ec8fc76","status":"skipped","statusDetails":"XFAIL Сломалось?\n\nselenium.common.exceptions.NoSuchElementException: Message: no such element: Unable to locate element: {\"method\":\"xpath\",\"selector\":\"(//a[@href='#backcall-popup'])[2]\"}\n  (Session info: chrome-headless-shell=122.0.6261.111); For documentation on this error, please visit: https://www.selenium.dev/documentation/webdriver/troubleshooting/errors#no-such-element-exception\nStacktrace:\n#0 0x5555aa61dec3 <unknown>\n#1 0x5555aa315ce6 <unknown>\n#2 0x5555aa360e48 <unknown>\n#3 0x5555aa360f01 <unknown>\n#4 0x5555aa3a43f4 <unknown>\n#5 0x5555aa382edd <unknown>\n#6 0x5555aa3a1899 <unknown>\n#7 0x5555aa382c53 <unknown>\n#8 0x5555aa353db3 <unknown>\n#9 0x5555aa35477e <unknown>\n#10 0x5555aa5e37fb <unknown>\n#11 0x5555aa5e7815 <unknown>\n#12 0x5555aa5d1111 <unknown>\n#13 0x5555aa5e83a2 <unknown>\n#14 0x5555aa5b51ef <unknown>\n#15 0x5555aa60c4b8 <unknown>\n#16 0x5555aa60c6b3 <unknown>\n#17 0x5555aa61d074 <unknown>\n#18 0x7faea50e8134 <unknown>","time":{"start":1709945994711,"stop":1709945994724,"duration":13}},{"uid":"c30f3d56e53018f6","reportUrl":"https://zaelcovsky.github.io/StroyremAutomation/255//#testresult/c30f3d56e53018f6","status":"skipped","statusDetails":"XFAIL Сломалось?\n\nselenium.common.exceptions.NoSuchElementException: Message: no such element: Unable to locate element: {\"method\":\"xpath\",\"selector\":\"(//a[@href='#backcall-popup'])[2]\"}\n  (Session info: chrome-headless-shell=122.0.6261.111); For documentation on this error, please visit: https://www.selenium.dev/documentation/webdriver/troubleshooting/errors#no-such-element-exception\nStacktrace:\n#0 0x565361b17ec3 <unknown>\n#1 0x56536180fce6 <unknown>\n#2 0x56536185ae48 <unknown>\n#3 0x56536185af01 <unknown>\n#4 0x56536189e3f4 <unknown>\n#5 0x56536187cedd <unknown>\n#6 0x56536189b899 <unknown>\n#7 0x56536187cc53 <unknown>\n#8 0x56536184ddb3 <unknown>\n#9 0x56536184e77e <unknown>\n#10 0x565361add7fb <unknown>\n#11 0x565361ae1815 <unknown>\n#12 0x565361acb111 <unknown>\n#13 0x565361ae23a2 <unknown>\n#14 0x565361aaf1ef <unknown>\n#15 0x565361b064b8 <unknown>\n#16 0x565361b066b3 <unknown>\n#17 0x565361b17074 <unknown>\n#18 0x7fec14915134 <unknown>","time":{"start":1709859688958,"stop":1709859688971,"duration":13}},{"uid":"f091f45b4925f609","reportUrl":"https://zaelcovsky.github.io/StroyremAutomation/254//#testresult/f091f45b4925f609","status":"skipped","statusDetails":"XFAIL Сломалось?\n\nselenium.common.exceptions.NoSuchElementException: Message: no such element: Unable to locate element: {\"method\":\"xpath\",\"selector\":\"(//a[@href='#backcall-popup'])[2]\"}\n  (Session info: chrome-headless-shell=122.0.6261.94); For documentation on this error, please visit: https://www.selenium.dev/documentation/webdriver/troubleshooting/errors#no-such-element-exception\nStacktrace:\n#0 0x55590651ae93 <unknown>\n#1 0x555906212ce6 <unknown>\n#2 0x55590625de48 <unknown>\n#3 0x55590625df01 <unknown>\n#4 0x5559062a13f4 <unknown>\n#5 0x55590627fedd <unknown>\n#6 0x55590629e899 <unknown>\n#7 0x55590627fc53 <unknown>\n#8 0x555906250db3 <unknown>\n#9 0x55590625177e <unknown>\n#10 0x5559064e07cb <unknown>\n#11 0x5559064e47e5 <unknown>\n#12 0x5559064ce0e1 <unknown>\n#13 0x5559064e5372 <unknown>\n#14 0x5559064b21bf <unknown>\n#15 0x555906509488 <unknown>\n#16 0x555906509683 <unknown>\n#17 0x55590651a044 <unknown>\n#18 0x7f6373ffa134 <unknown>","time":{"start":1709772748796,"stop":1709772748809,"duration":13}},{"uid":"78a99b9626d085f8","reportUrl":"https://zaelcovsky.github.io/StroyremAutomation/253//#testresult/78a99b9626d085f8","status":"skipped","statusDetails":"XFAIL Сломалось?\n\nselenium.common.exceptions.NoSuchElementException: Message: no such element: Unable to locate element: {\"method\":\"xpath\",\"selector\":\"(//a[@href='#backcall-popup'])[2]\"}\n  (Session info: chrome-headless-shell=122.0.6261.94); For documentation on this error, please visit: https://www.selenium.dev/documentation/webdriver/troubleshooting/errors#no-such-element-exception\nStacktrace:\n#0 0x56297a76ce93 <unknown>\n#1 0x56297a464ce6 <unknown>\n#2 0x56297a4afe48 <unknown>\n#3 0x56297a4aff01 <unknown>\n#4 0x56297a4f33f4 <unknown>\n#5 0x56297a4d1edd <unknown>\n#6 0x56297a4f0899 <unknown>\n#7 0x56297a4d1c53 <unknown>\n#8 0x56297a4a2db3 <unknown>\n#9 0x56297a4a377e <unknown>\n#10 0x56297a7327cb <unknown>\n#11 0x56297a7367e5 <unknown>\n#12 0x56297a7200e1 <unknown>\n#13 0x56297a737372 <unknown>\n#14 0x56297a7041bf <unknown>\n#15 0x56297a75b488 <unknown>\n#16 0x56297a75b683 <unknown>\n#17 0x56297a76c044 <unknown>\n#18 0x7f83aa2ed134 <unknown>","time":{"start":1709686893528,"stop":1709686893541,"duration":13}},{"uid":"d63f443218055456","reportUrl":"https://zaelcovsky.github.io/StroyremAutomation/252//#testresult/d63f443218055456","status":"skipped","statusDetails":"XFAIL Сломалось?\n\nselenium.common.exceptions.NoSuchElementException: Message: no such element: Unable to locate element: {\"method\":\"xpath\",\"selector\":\"(//a[@href='#backcall-popup'])[2]\"}\n  (Session info: chrome-headless-shell=122.0.6261.94); For documentation on this error, please visit: https://www.selenium.dev/documentation/webdriver/troubleshooting/errors#no-such-element-exception\nStacktrace:\n#0 0x559035756e93 <unknown>\n#1 0x55903544ece6 <unknown>\n#2 0x559035499e48 <unknown>\n#3 0x559035499f01 <unknown>\n#4 0x5590354dd3f4 <unknown>\n#5 0x5590354bbedd <unknown>\n#6 0x5590354da899 <unknown>\n#7 0x5590354bbc53 <unknown>\n#8 0x55903548cdb3 <unknown>\n#9 0x55903548d77e <unknown>\n#10 0x55903571c7cb <unknown>\n#11 0x5590357207e5 <unknown>\n#12 0x55903570a0e1 <unknown>\n#13 0x559035721372 <unknown>\n#14 0x5590356ee1bf <unknown>\n#15 0x559035745488 <unknown>\n#16 0x559035745683 <unknown>\n#17 0x559035756044 <unknown>\n#18 0x7ff39daa0134 <unknown>","time":{"start":1709600483158,"stop":1709600483171,"duration":13}}]},"tags":["@pytest.mark.xfail(reason='Сломалось?')","smoke_test"]},"source":"6716c00ec2d64931.json","parameterValues":["'https://test2.stroyrem-nn.ru/'"]}