{"uid":"a574ac1edb35e146","name":"test_positive_delivery_green_zone_smoke[TD 001-products/uroven---uglomer-elektronnyj-kapro-992-1-30-0-1590-2190-https://sandboxtest.stroyrem-nn.ru/]","fullName":"tests.delivery.test_delivery_calculation.TestDeliveryPageCalculation#test_positive_delivery_green_zone_smoke","historyId":"7d50f9d85ab9724fc9bef1ba931d63a5","time":{"start":1708909685277,"stop":1708909685842,"duration":565},"status":"broken","statusMessage":"selenium.common.exceptions.NoSuchElementException: Message: no such element: Unable to locate element: {\"method\":\"xpath\",\"selector\":\"(//a[@class='add-to-cart yellow-btn'])[1]\"}\n  (Session info: chrome-headless-shell=122.0.6261.69); For documentation on this error, please visit: https://www.selenium.dev/documentation/webdriver/troubleshooting/errors#no-such-element-exception\nStacktrace:\n#0 0x55e5d29c9793 <unknown>\n#1 0x55e5d26bd1c6 <unknown>\n#2 0x55e5d2708358 <unknown>\n#3 0x55e5d2708411 <unknown>\n#4 0x55e5d274b934 <unknown>\n#5 0x55e5d272a3fd <unknown>\n#6 0x55e5d2748dd9 <unknown>\n#7 0x55e5d272a173 <unknown>\n#8 0x55e5d26fb2d3 <unknown>\n#9 0x55e5d26fbc9e <unknown>\n#10 0x55e5d298d8cb <unknown>\n#11 0x55e5d2991745 <unknown>\n#12 0x55e5d297a2e1 <unknown>\n#13 0x55e5d29922d2 <unknown>\n#14 0x55e5d295e17f <unknown>\n#15 0x55e5d29b7dc8 <unknown>\n#16 0x55e5d29b7fc3 <unknown>\n#17 0x55e5d29c8944 <unknown>\n#18 0x7f6f65a86134 <unknown>","statusTrace":"self = <tests.delivery.test_delivery_calculation.TestDeliveryPageCalculation object at 0x7fdfdb4e7790>\ndriver = <selenium.webdriver.chrome.webdriver.WebDriver (session=\"64d38e8094a0c7181a0e7b79f2428332\")>\nurl = 'https://sandboxtest.stroyrem-nn.ru/', case_id = 'TD 001'\nlink_item = 'products/uroven---uglomer-elektronnyj-kapro-992', amount = 1\nweight = 30, standard = 0, in_time = 1590, all_time = 2190\n\n    @pytest.mark.parametrize('case_id, link_item, amount, weight, standard, in_time, all_time', [\n        (\"TD 001\", uroven_3000, 1, 30, 0, 1590, 2190),\n        (\"TD 002\", bundeks_25, 1, 30, 400, 1590, 2190),\n        (\"TD 003\", aksolit_30, 8, 300, 400, 1590, 2190),\n        (\"TD 004\", aksolit_30, 13, 400, 450, 1590, 2190),\n        (\"TD 005\", aksolit_30, 16, 500, 600, 1590, 2190),\n        (\"TD 006\", aksolit_30, 25, 1700, 990, 1990, 2480),\n        (\"TD 007\", aksolit_30, 66, 2000, 1300, 2490, 2980),\n        (\"TD 008\", aksolit_30, 149, 4500, 2300, 3980, 4490),\n        (\"TD 009\", aksolit_30, 166, 5000, 2500, 4990, 5480),\n        pytest.param(\n            \"TD 010\", aksolit_30, 206, 6200, 2900, 5570, 6120,\n            marks=pytest.mark.xfail(reson=\"Цена доставки 3600 7960 8980\")\n        ),\n        (\"TD 011\", aksolit_30, 299, 9000, 3600, 7960, 8980),\n        (\"TD 012\", aksolit_30, 333, 10000, 4450, 11990, 12500),\n        pytest.param(\n            \"TD 013\", aksolit_30, 366, 11000, 4800, 12450, 13480,\n            marks=pytest.mark.xfail(reason=\"Цена стандартной доставки 4450\")\n        ),\n        pytest.param(\n            \"TD 014\", aksolit_30, 666, 20000, 5400, 15600, 17490,\n            marks=pytest.mark.xfail(reason=\"Цена стандартной доставки 4450\")\n        )\n    ])\n    @pytest.mark.smoke\n    def test_positive_delivery_green_zone_smoke(\n            self, driver, url, case_id, link_item, amount, weight, standard, in_time, all_time\n    ):\n    \n        driver.get(f'{url}{link_item}')\n        item_page = ItemPage(driver)\n>       item_page.add_item_to_cart(amount).click_on_cart()\n\ntests/delivery/test_delivery_calculation.py:49: \n_ _ _ _ _ _ _ _ _ _ _ _ _ _ _ _ _ _ _ _ _ _ _ _ _ _ _ _ _ _ _ _ _ _ _ _ _ _ _ _ \npages/item_page.py:40: in add_item_to_cart\n    self.find_element(self._add_item).click()\nbase/seleniumbase.py:17: in find_element\n    return self.driver.find_element(*locator)\n/usr/local/lib/python3.11/site-packages/selenium/webdriver/remote/webdriver.py:740: in find_element\n    return self.execute(Command.FIND_ELEMENT, {\"using\": by, \"value\": value})[\"value\"]\n/usr/local/lib/python3.11/site-packages/selenium/webdriver/remote/webdriver.py:346: in execute\n    self.error_handler.check_response(response)\n_ _ _ _ _ _ _ _ _ _ _ _ _ _ _ _ _ _ _ _ _ _ _ _ _ _ _ _ _ _ _ _ _ _ _ _ _ _ _ _ \n\nself = <selenium.webdriver.remote.errorhandler.ErrorHandler object at 0x7fdfdaaff150>\nresponse = {'status': 404, 'value': '{\"value\":{\"error\":\"no such element\",\"message\":\"no such element: Unable to locate element: {\\...\\\\n#16 0x55e5d29b7fc3 \\\\u003Cunknown>\\\\n#17 0x55e5d29c8944 \\\\u003Cunknown>\\\\n#18 0x7f6f65a86134 \\\\u003Cunknown>\\\\n\"}}'}\n\n    def check_response(self, response: Dict[str, Any]) -> None:\n        \"\"\"Checks that a JSON response from the WebDriver does not have an\n        error.\n    \n        :Args:\n         - response - The JSON response from the WebDriver server as a dictionary\n           object.\n    \n        :Raises: If the response contains an error message.\n        \"\"\"\n        status = response.get(\"status\", None)\n        if not status or status == ErrorCode.SUCCESS:\n            return\n        value = None\n        message = response.get(\"message\", \"\")\n        screen: str = response.get(\"screen\", \"\")\n        stacktrace = None\n        if isinstance(status, int):\n            value_json = response.get(\"value\", None)\n            if value_json and isinstance(value_json, str):\n                import json\n    \n                try:\n                    value = json.loads(value_json)\n                    if len(value) == 1:\n                        value = value[\"value\"]\n                    status = value.get(\"error\", None)\n                    if not status:\n                        status = value.get(\"status\", ErrorCode.UNKNOWN_ERROR)\n                        message = value.get(\"value\") or value.get(\"message\")\n                        if not isinstance(message, str):\n                            value = message\n                            message = message.get(\"message\")\n                    else:\n                        message = value.get(\"message\", None)\n                except ValueError:\n                    pass\n    \n        exception_class: Type[WebDriverException]\n        if status in ErrorCode.NO_SUCH_ELEMENT:\n            exception_class = NoSuchElementException\n        elif status in ErrorCode.NO_SUCH_FRAME:\n            exception_class = NoSuchFrameException\n        elif status in ErrorCode.NO_SUCH_SHADOW_ROOT:\n            exception_class = NoSuchShadowRootException\n        elif status in ErrorCode.NO_SUCH_WINDOW:\n            exception_class = NoSuchWindowException\n        elif status in ErrorCode.STALE_ELEMENT_REFERENCE:\n            exception_class = StaleElementReferenceException\n        elif status in ErrorCode.ELEMENT_NOT_VISIBLE:\n            exception_class = ElementNotVisibleException\n        elif status in ErrorCode.INVALID_ELEMENT_STATE:\n            exception_class = InvalidElementStateException\n        elif (\n            status in ErrorCode.INVALID_SELECTOR\n            or status in ErrorCode.INVALID_XPATH_SELECTOR\n            or status in ErrorCode.INVALID_XPATH_SELECTOR_RETURN_TYPER\n        ):\n            exception_class = InvalidSelectorException\n        elif status in ErrorCode.ELEMENT_IS_NOT_SELECTABLE:\n            exception_class = ElementNotSelectableException\n        elif status in ErrorCode.ELEMENT_NOT_INTERACTABLE:\n            exception_class = ElementNotInteractableException\n        elif status in ErrorCode.INVALID_COOKIE_DOMAIN:\n            exception_class = InvalidCookieDomainException\n        elif status in ErrorCode.UNABLE_TO_SET_COOKIE:\n            exception_class = UnableToSetCookieException\n        elif status in ErrorCode.TIMEOUT:\n            exception_class = TimeoutException\n        elif status in ErrorCode.SCRIPT_TIMEOUT:\n            exception_class = TimeoutException\n        elif status in ErrorCode.UNKNOWN_ERROR:\n            exception_class = WebDriverException\n        elif status in ErrorCode.UNEXPECTED_ALERT_OPEN:\n            exception_class = UnexpectedAlertPresentException\n        elif status in ErrorCode.NO_ALERT_OPEN:\n            exception_class = NoAlertPresentException\n        elif status in ErrorCode.IME_NOT_AVAILABLE:\n            exception_class = ImeNotAvailableException\n        elif status in ErrorCode.IME_ENGINE_ACTIVATION_FAILED:\n            exception_class = ImeActivationFailedException\n        elif status in ErrorCode.MOVE_TARGET_OUT_OF_BOUNDS:\n            exception_class = MoveTargetOutOfBoundsException\n        elif status in ErrorCode.JAVASCRIPT_ERROR:\n            exception_class = JavascriptException\n        elif status in ErrorCode.SESSION_NOT_CREATED:\n            exception_class = SessionNotCreatedException\n        elif status in ErrorCode.INVALID_ARGUMENT:\n            exception_class = InvalidArgumentException\n        elif status in ErrorCode.NO_SUCH_COOKIE:\n            exception_class = NoSuchCookieException\n        elif status in ErrorCode.UNABLE_TO_CAPTURE_SCREEN:\n            exception_class = ScreenshotException\n        elif status in ErrorCode.ELEMENT_CLICK_INTERCEPTED:\n            exception_class = ElementClickInterceptedException\n        elif status in ErrorCode.INSECURE_CERTIFICATE:\n            exception_class = InsecureCertificateException\n        elif status in ErrorCode.INVALID_COORDINATES:\n            exception_class = InvalidCoordinatesException\n        elif status in ErrorCode.INVALID_SESSION_ID:\n            exception_class = InvalidSessionIdException\n        elif status in ErrorCode.UNKNOWN_METHOD:\n            exception_class = UnknownMethodException\n        else:\n            exception_class = WebDriverException\n        if not value:\n            value = response[\"value\"]\n        if isinstance(value, str):\n            raise exception_class(value)\n        if message == \"\" and \"message\" in value:\n            message = value[\"message\"]\n    \n        screen = None  # type: ignore[assignment]\n        if \"screen\" in value:\n            screen = value[\"screen\"]\n    \n        stacktrace = None\n        st_value = value.get(\"stackTrace\") or value.get(\"stacktrace\")\n        if st_value:\n            if isinstance(st_value, str):\n                stacktrace = st_value.split(\"\\n\")\n            else:\n                stacktrace = []\n                try:\n                    for frame in st_value:\n                        line = frame.get(\"lineNumber\", \"\")\n                        file = frame.get(\"fileName\", \"<anonymous>\")\n                        if line:\n                            file = f\"{file}:{line}\"\n                        meth = frame.get(\"methodName\", \"<anonymous>\")\n                        if \"className\" in frame:\n                            meth = f\"{frame['className']}.{meth}\"\n                        msg = \"    at %s (%s)\"\n                        msg = msg % (meth, file)\n                        stacktrace.append(msg)\n                except TypeError:\n                    pass\n        if exception_class == UnexpectedAlertPresentException:\n            alert_text = None\n            if \"data\" in value:\n                alert_text = value[\"data\"].get(\"text\")\n            elif \"alert\" in value:\n                alert_text = value[\"alert\"].get(\"text\")\n            raise exception_class(message, screen, stacktrace, alert_text)  # type: ignore[call-arg]  # mypy is not smart enough here\n>       raise exception_class(message, screen, stacktrace)\nE       selenium.common.exceptions.NoSuchElementException: Message: no such element: Unable to locate element: {\"method\":\"xpath\",\"selector\":\"(//a[@class='add-to-cart yellow-btn'])[1]\"}\nE         (Session info: chrome-headless-shell=122.0.6261.69); For documentation on this error, please visit: https://www.selenium.dev/documentation/webdriver/troubleshooting/errors#no-such-element-exception\nE       Stacktrace:\nE       #0 0x55e5d29c9793 <unknown>\nE       #1 0x55e5d26bd1c6 <unknown>\nE       #2 0x55e5d2708358 <unknown>\nE       #3 0x55e5d2708411 <unknown>\nE       #4 0x55e5d274b934 <unknown>\nE       #5 0x55e5d272a3fd <unknown>\nE       #6 0x55e5d2748dd9 <unknown>\nE       #7 0x55e5d272a173 <unknown>\nE       #8 0x55e5d26fb2d3 <unknown>\nE       #9 0x55e5d26fbc9e <unknown>\nE       #10 0x55e5d298d8cb <unknown>\nE       #11 0x55e5d2991745 <unknown>\nE       #12 0x55e5d297a2e1 <unknown>\nE       #13 0x55e5d29922d2 <unknown>\nE       #14 0x55e5d295e17f <unknown>\nE       #15 0x55e5d29b7dc8 <unknown>\nE       #16 0x55e5d29b7fc3 <unknown>\nE       #17 0x55e5d29c8944 <unknown>\nE       #18 0x7f6f65a86134 <unknown>\n\n/usr/local/lib/python3.11/site-packages/selenium/webdriver/remote/errorhandler.py:245: NoSuchElementException","flaky":false,"newFailed":false,"newBroken":false,"newPassed":false,"retriesCount":0,"retriesStatusChange":false,"beforeStages":[{"name":"_session_faker","time":{"start":1708909276700,"stop":1708909276768,"duration":68},"status":"passed","steps":[],"attachments":[],"parameters":[],"shouldDisplayMessage":false,"stepsCount":0,"attachmentsCount":0,"hasContent":false,"attachmentStep":false},{"name":"clear_allure_results_folder","time":{"start":1708909276768,"stop":1708909276769,"duration":1},"status":"passed","steps":[],"attachments":[],"parameters":[],"shouldDisplayMessage":false,"stepsCount":0,"attachmentsCount":0,"hasContent":false,"attachmentStep":false},{"name":"driver","time":{"start":1708909684548,"stop":1708909685275,"duration":727},"status":"passed","steps":[],"attachments":[],"parameters":[],"shouldDisplayMessage":false,"stepsCount":0,"attachmentsCount":0,"hasContent":false,"attachmentStep":false},{"name":"setup","time":{"start":1708909685276,"stop":1708909685276,"duration":0},"status":"passed","steps":[],"attachments":[],"parameters":[],"shouldDisplayMessage":false,"stepsCount":0,"attachmentsCount":0,"hasContent":false,"attachmentStep":false}],"testStage":{"status":"broken","statusMessage":"selenium.common.exceptions.NoSuchElementException: Message: no such element: Unable to locate element: {\"method\":\"xpath\",\"selector\":\"(//a[@class='add-to-cart yellow-btn'])[1]\"}\n  (Session info: chrome-headless-shell=122.0.6261.69); For documentation on this error, please visit: https://www.selenium.dev/documentation/webdriver/troubleshooting/errors#no-such-element-exception\nStacktrace:\n#0 0x55e5d29c9793 <unknown>\n#1 0x55e5d26bd1c6 <unknown>\n#2 0x55e5d2708358 <unknown>\n#3 0x55e5d2708411 <unknown>\n#4 0x55e5d274b934 <unknown>\n#5 0x55e5d272a3fd <unknown>\n#6 0x55e5d2748dd9 <unknown>\n#7 0x55e5d272a173 <unknown>\n#8 0x55e5d26fb2d3 <unknown>\n#9 0x55e5d26fbc9e <unknown>\n#10 0x55e5d298d8cb <unknown>\n#11 0x55e5d2991745 <unknown>\n#12 0x55e5d297a2e1 <unknown>\n#13 0x55e5d29922d2 <unknown>\n#14 0x55e5d295e17f <unknown>\n#15 0x55e5d29b7dc8 <unknown>\n#16 0x55e5d29b7fc3 <unknown>\n#17 0x55e5d29c8944 <unknown>\n#18 0x7f6f65a86134 <unknown>","statusTrace":"self = <tests.delivery.test_delivery_calculation.TestDeliveryPageCalculation object at 0x7fdfdb4e7790>\ndriver = <selenium.webdriver.chrome.webdriver.WebDriver (session=\"64d38e8094a0c7181a0e7b79f2428332\")>\nurl = 'https://sandboxtest.stroyrem-nn.ru/', case_id = 'TD 001'\nlink_item = 'products/uroven---uglomer-elektronnyj-kapro-992', amount = 1\nweight = 30, standard = 0, in_time = 1590, all_time = 2190\n\n    @pytest.mark.parametrize('case_id, link_item, amount, weight, standard, in_time, all_time', [\n        (\"TD 001\", uroven_3000, 1, 30, 0, 1590, 2190),\n        (\"TD 002\", bundeks_25, 1, 30, 400, 1590, 2190),\n        (\"TD 003\", aksolit_30, 8, 300, 400, 1590, 2190),\n        (\"TD 004\", aksolit_30, 13, 400, 450, 1590, 2190),\n        (\"TD 005\", aksolit_30, 16, 500, 600, 1590, 2190),\n        (\"TD 006\", aksolit_30, 25, 1700, 990, 1990, 2480),\n        (\"TD 007\", aksolit_30, 66, 2000, 1300, 2490, 2980),\n        (\"TD 008\", aksolit_30, 149, 4500, 2300, 3980, 4490),\n        (\"TD 009\", aksolit_30, 166, 5000, 2500, 4990, 5480),\n        pytest.param(\n            \"TD 010\", aksolit_30, 206, 6200, 2900, 5570, 6120,\n            marks=pytest.mark.xfail(reson=\"Цена доставки 3600 7960 8980\")\n        ),\n        (\"TD 011\", aksolit_30, 299, 9000, 3600, 7960, 8980),\n        (\"TD 012\", aksolit_30, 333, 10000, 4450, 11990, 12500),\n        pytest.param(\n            \"TD 013\", aksolit_30, 366, 11000, 4800, 12450, 13480,\n            marks=pytest.mark.xfail(reason=\"Цена стандартной доставки 4450\")\n        ),\n        pytest.param(\n            \"TD 014\", aksolit_30, 666, 20000, 5400, 15600, 17490,\n            marks=pytest.mark.xfail(reason=\"Цена стандартной доставки 4450\")\n        )\n    ])\n    @pytest.mark.smoke\n    def test_positive_delivery_green_zone_smoke(\n            self, driver, url, case_id, link_item, amount, weight, standard, in_time, all_time\n    ):\n    \n        driver.get(f'{url}{link_item}')\n        item_page = ItemPage(driver)\n>       item_page.add_item_to_cart(amount).click_on_cart()\n\ntests/delivery/test_delivery_calculation.py:49: \n_ _ _ _ _ _ _ _ _ _ _ _ _ _ _ _ _ _ _ _ _ _ _ _ _ _ _ _ _ _ _ _ _ _ _ _ _ _ _ _ \npages/item_page.py:40: in add_item_to_cart\n    self.find_element(self._add_item).click()\nbase/seleniumbase.py:17: in find_element\n    return self.driver.find_element(*locator)\n/usr/local/lib/python3.11/site-packages/selenium/webdriver/remote/webdriver.py:740: in find_element\n    return self.execute(Command.FIND_ELEMENT, {\"using\": by, \"value\": value})[\"value\"]\n/usr/local/lib/python3.11/site-packages/selenium/webdriver/remote/webdriver.py:346: in execute\n    self.error_handler.check_response(response)\n_ _ _ _ _ _ _ _ _ _ _ _ _ _ _ _ _ _ _ _ _ _ _ _ _ _ _ _ _ _ _ _ _ _ _ _ _ _ _ _ \n\nself = <selenium.webdriver.remote.errorhandler.ErrorHandler object at 0x7fdfdaaff150>\nresponse = {'status': 404, 'value': '{\"value\":{\"error\":\"no such element\",\"message\":\"no such element: Unable to locate element: {\\...\\\\n#16 0x55e5d29b7fc3 \\\\u003Cunknown>\\\\n#17 0x55e5d29c8944 \\\\u003Cunknown>\\\\n#18 0x7f6f65a86134 \\\\u003Cunknown>\\\\n\"}}'}\n\n    def check_response(self, response: Dict[str, Any]) -> None:\n        \"\"\"Checks that a JSON response from the WebDriver does not have an\n        error.\n    \n        :Args:\n         - response - The JSON response from the WebDriver server as a dictionary\n           object.\n    \n        :Raises: If the response contains an error message.\n        \"\"\"\n        status = response.get(\"status\", None)\n        if not status or status == ErrorCode.SUCCESS:\n            return\n        value = None\n        message = response.get(\"message\", \"\")\n        screen: str = response.get(\"screen\", \"\")\n        stacktrace = None\n        if isinstance(status, int):\n            value_json = response.get(\"value\", None)\n            if value_json and isinstance(value_json, str):\n                import json\n    \n                try:\n                    value = json.loads(value_json)\n                    if len(value) == 1:\n                        value = value[\"value\"]\n                    status = value.get(\"error\", None)\n                    if not status:\n                        status = value.get(\"status\", ErrorCode.UNKNOWN_ERROR)\n                        message = value.get(\"value\") or value.get(\"message\")\n                        if not isinstance(message, str):\n                            value = message\n                            message = message.get(\"message\")\n                    else:\n                        message = value.get(\"message\", None)\n                except ValueError:\n                    pass\n    \n        exception_class: Type[WebDriverException]\n        if status in ErrorCode.NO_SUCH_ELEMENT:\n            exception_class = NoSuchElementException\n        elif status in ErrorCode.NO_SUCH_FRAME:\n            exception_class = NoSuchFrameException\n        elif status in ErrorCode.NO_SUCH_SHADOW_ROOT:\n            exception_class = NoSuchShadowRootException\n        elif status in ErrorCode.NO_SUCH_WINDOW:\n            exception_class = NoSuchWindowException\n        elif status in ErrorCode.STALE_ELEMENT_REFERENCE:\n            exception_class = StaleElementReferenceException\n        elif status in ErrorCode.ELEMENT_NOT_VISIBLE:\n            exception_class = ElementNotVisibleException\n        elif status in ErrorCode.INVALID_ELEMENT_STATE:\n            exception_class = InvalidElementStateException\n        elif (\n            status in ErrorCode.INVALID_SELECTOR\n            or status in ErrorCode.INVALID_XPATH_SELECTOR\n            or status in ErrorCode.INVALID_XPATH_SELECTOR_RETURN_TYPER\n        ):\n            exception_class = InvalidSelectorException\n        elif status in ErrorCode.ELEMENT_IS_NOT_SELECTABLE:\n            exception_class = ElementNotSelectableException\n        elif status in ErrorCode.ELEMENT_NOT_INTERACTABLE:\n            exception_class = ElementNotInteractableException\n        elif status in ErrorCode.INVALID_COOKIE_DOMAIN:\n            exception_class = InvalidCookieDomainException\n        elif status in ErrorCode.UNABLE_TO_SET_COOKIE:\n            exception_class = UnableToSetCookieException\n        elif status in ErrorCode.TIMEOUT:\n            exception_class = TimeoutException\n        elif status in ErrorCode.SCRIPT_TIMEOUT:\n            exception_class = TimeoutException\n        elif status in ErrorCode.UNKNOWN_ERROR:\n            exception_class = WebDriverException\n        elif status in ErrorCode.UNEXPECTED_ALERT_OPEN:\n            exception_class = UnexpectedAlertPresentException\n        elif status in ErrorCode.NO_ALERT_OPEN:\n            exception_class = NoAlertPresentException\n        elif status in ErrorCode.IME_NOT_AVAILABLE:\n            exception_class = ImeNotAvailableException\n        elif status in ErrorCode.IME_ENGINE_ACTIVATION_FAILED:\n            exception_class = ImeActivationFailedException\n        elif status in ErrorCode.MOVE_TARGET_OUT_OF_BOUNDS:\n            exception_class = MoveTargetOutOfBoundsException\n        elif status in ErrorCode.JAVASCRIPT_ERROR:\n            exception_class = JavascriptException\n        elif status in ErrorCode.SESSION_NOT_CREATED:\n            exception_class = SessionNotCreatedException\n        elif status in ErrorCode.INVALID_ARGUMENT:\n            exception_class = InvalidArgumentException\n        elif status in ErrorCode.NO_SUCH_COOKIE:\n            exception_class = NoSuchCookieException\n        elif status in ErrorCode.UNABLE_TO_CAPTURE_SCREEN:\n            exception_class = ScreenshotException\n        elif status in ErrorCode.ELEMENT_CLICK_INTERCEPTED:\n            exception_class = ElementClickInterceptedException\n        elif status in ErrorCode.INSECURE_CERTIFICATE:\n            exception_class = InsecureCertificateException\n        elif status in ErrorCode.INVALID_COORDINATES:\n            exception_class = InvalidCoordinatesException\n        elif status in ErrorCode.INVALID_SESSION_ID:\n            exception_class = InvalidSessionIdException\n        elif status in ErrorCode.UNKNOWN_METHOD:\n            exception_class = UnknownMethodException\n        else:\n            exception_class = WebDriverException\n        if not value:\n            value = response[\"value\"]\n        if isinstance(value, str):\n            raise exception_class(value)\n        if message == \"\" and \"message\" in value:\n            message = value[\"message\"]\n    \n        screen = None  # type: ignore[assignment]\n        if \"screen\" in value:\n            screen = value[\"screen\"]\n    \n        stacktrace = None\n        st_value = value.get(\"stackTrace\") or value.get(\"stacktrace\")\n        if st_value:\n            if isinstance(st_value, str):\n                stacktrace = st_value.split(\"\\n\")\n            else:\n                stacktrace = []\n                try:\n                    for frame in st_value:\n                        line = frame.get(\"lineNumber\", \"\")\n                        file = frame.get(\"fileName\", \"<anonymous>\")\n                        if line:\n                            file = f\"{file}:{line}\"\n                        meth = frame.get(\"methodName\", \"<anonymous>\")\n                        if \"className\" in frame:\n                            meth = f\"{frame['className']}.{meth}\"\n                        msg = \"    at %s (%s)\"\n                        msg = msg % (meth, file)\n                        stacktrace.append(msg)\n                except TypeError:\n                    pass\n        if exception_class == UnexpectedAlertPresentException:\n            alert_text = None\n            if \"data\" in value:\n                alert_text = value[\"data\"].get(\"text\")\n            elif \"alert\" in value:\n                alert_text = value[\"alert\"].get(\"text\")\n            raise exception_class(message, screen, stacktrace, alert_text)  # type: ignore[call-arg]  # mypy is not smart enough here\n>       raise exception_class(message, screen, stacktrace)\nE       selenium.common.exceptions.NoSuchElementException: Message: no such element: Unable to locate element: {\"method\":\"xpath\",\"selector\":\"(//a[@class='add-to-cart yellow-btn'])[1]\"}\nE         (Session info: chrome-headless-shell=122.0.6261.69); For documentation on this error, please visit: https://www.selenium.dev/documentation/webdriver/troubleshooting/errors#no-such-element-exception\nE       Stacktrace:\nE       #0 0x55e5d29c9793 <unknown>\nE       #1 0x55e5d26bd1c6 <unknown>\nE       #2 0x55e5d2708358 <unknown>\nE       #3 0x55e5d2708411 <unknown>\nE       #4 0x55e5d274b934 <unknown>\nE       #5 0x55e5d272a3fd <unknown>\nE       #6 0x55e5d2748dd9 <unknown>\nE       #7 0x55e5d272a173 <unknown>\nE       #8 0x55e5d26fb2d3 <unknown>\nE       #9 0x55e5d26fbc9e <unknown>\nE       #10 0x55e5d298d8cb <unknown>\nE       #11 0x55e5d2991745 <unknown>\nE       #12 0x55e5d297a2e1 <unknown>\nE       #13 0x55e5d29922d2 <unknown>\nE       #14 0x55e5d295e17f <unknown>\nE       #15 0x55e5d29b7dc8 <unknown>\nE       #16 0x55e5d29b7fc3 <unknown>\nE       #17 0x55e5d29c8944 <unknown>\nE       #18 0x7f6f65a86134 <unknown>\n\n/usr/local/lib/python3.11/site-packages/selenium/webdriver/remote/errorhandler.py:245: NoSuchElementException","steps":[{"name":"Добавляем товар в корзину в количестве 1","time":{"start":1708909685830,"stop":1708909685842,"duration":12},"status":"broken","statusMessage":"selenium.common.exceptions.NoSuchElementException: Message: no such element: Unable to locate element: {\"method\":\"xpath\",\"selector\":\"(//a[@class='add-to-cart yellow-btn'])[1]\"}\n  (Session info: chrome-headless-shell=122.0.6261.69); For documentation on this error, please visit: https://www.selenium.dev/documentation/webdriver/troubleshooting/errors#no-such-element-exception\nStacktrace:\n#0 0x55e5d29c9793 <unknown>\n#1 0x55e5d26bd1c6 <unknown>\n#2 0x55e5d2708358 <unknown>\n#3 0x55e5d2708411 <unknown>\n#4 0x55e5d274b934 <unknown>\n#5 0x55e5d272a3fd <unknown>\n#6 0x55e5d2748dd9 <unknown>\n#7 0x55e5d272a173 <unknown>\n#8 0x55e5d26fb2d3 <unknown>\n#9 0x55e5d26fbc9e <unknown>\n#10 0x55e5d298d8cb <unknown>\n#11 0x55e5d2991745 <unknown>\n#12 0x55e5d297a2e1 <unknown>\n#13 0x55e5d29922d2 <unknown>\n#14 0x55e5d295e17f <unknown>\n#15 0x55e5d29b7dc8 <unknown>\n#16 0x55e5d29b7fc3 <unknown>\n#17 0x55e5d29c8944 <unknown>\n#18 0x7f6f65a86134 <unknown>\n\n","statusTrace":"  File \"/usr/local/lib/python3.11/site-packages/allure_commons/_allure.py\", line 192, in impl\n    return func(*a, **kw)\n           ^^^^^^^^^^^^^^\n  File \"/app/pages/item_page.py\", line 40, in add_item_to_cart\n    self.find_element(self._add_item).click()\n    ^^^^^^^^^^^^^^^^^^^^^^^^^^^^^^^^^\n  File \"/app/base/seleniumbase.py\", line 17, in find_element\n    return self.driver.find_element(*locator)\n           ^^^^^^^^^^^^^^^^^^^^^^^^^^^^^^^^^^\n  File \"/usr/local/lib/python3.11/site-packages/selenium/webdriver/remote/webdriver.py\", line 740, in find_element\n    return self.execute(Command.FIND_ELEMENT, {\"using\": by, \"value\": value})[\"value\"]\n           ^^^^^^^^^^^^^^^^^^^^^^^^^^^^^^^^^^^^^^^^^^^^^^^^^^^^^^^^^^^^^^^^^\n  File \"/usr/local/lib/python3.11/site-packages/selenium/webdriver/remote/webdriver.py\", line 346, in execute\n    self.error_handler.check_response(response)\n  File \"/usr/local/lib/python3.11/site-packages/selenium/webdriver/remote/errorhandler.py\", line 245, in check_response\n    raise exception_class(message, screen, stacktrace)\n","steps":[],"attachments":[],"parameters":[{"name":"amount","value":"1"}],"shouldDisplayMessage":true,"stepsCount":0,"attachmentsCount":0,"hasContent":true,"attachmentStep":false}],"attachments":[{"uid":"5e632babb0db30d1","name":"Screenshot","source":"5e632babb0db30d1.png","type":"image/png","size":5862},{"uid":"c2f6bfe16ae59308","name":"HTML source","source":"c2f6bfe16ae59308.html","type":"text/html","size":39}],"parameters":[],"shouldDisplayMessage":true,"stepsCount":1,"attachmentsCount":2,"hasContent":true,"attachmentStep":false},"afterStages":[{"name":"driver::0","time":{"start":1708909685951,"stop":1708909686007,"duration":56},"status":"passed","steps":[],"attachments":[],"parameters":[],"shouldDisplayMessage":false,"stepsCount":0,"attachmentsCount":0,"hasContent":false,"attachmentStep":false},{"name":"setup::0","time":{"start":1708909685951,"stop":1708909685951,"duration":0},"status":"passed","steps":[],"attachments":[],"parameters":[],"shouldDisplayMessage":false,"stepsCount":0,"attachmentsCount":0,"hasContent":false,"attachmentStep":false}],"labels":[{"name":"epic","value":"Delivery Page - calculation"},{"name":"tag","value":"smoke"},{"name":"parentSuite","value":"tests.delivery"},{"name":"suite","value":"test_delivery_calculation"},{"name":"subSuite","value":"TestDeliveryPageCalculation"},{"name":"host","value":"c903e7ad2af7"},{"name":"thread","value":"1-MainThread"},{"name":"framework","value":"pytest"},{"name":"language","value":"cpython3"},{"name":"package","value":"tests.delivery.test_delivery_calculation"},{"name":"resultFormat","value":"allure2"}],"parameters":[{"name":"all_time","value":"2190"},{"name":"amount","value":"1"},{"name":"case_id","value":"'TD 001'"},{"name":"in_time","value":"1590"},{"name":"link_item","value":"'products/uroven---uglomer-elektronnyj-kapro-992'"},{"name":"standard","value":"0"},{"name":"url","value":"'https://sandboxtest.stroyrem-nn.ru/'"},{"name":"weight","value":"30"}],"links":[],"hidden":false,"retry":false,"extra":{"severity":"normal","retries":[],"categories":[{"name":"Test defects","matchedStatuses":[],"flaky":false}],"history":{"statistic":{"failed":0,"broken":180,"skipped":0,"passed":0,"unknown":0,"total":180},"items":[{"uid":"5351af23d1a6beb4","reportUrl":"https://zaelcovsky.github.io/StroyremAutomation/243//#testresult/5351af23d1a6beb4","status":"broken","statusDetails":"selenium.common.exceptions.NoSuchElementException: Message: no such element: Unable to locate element: {\"method\":\"xpath\",\"selector\":\"(//a[@class='add-to-cart yellow-btn'])[1]\"}\n  (Session info: chrome-headless-shell=122.0.6261.69); For documentation on this error, please visit: https://www.selenium.dev/documentation/webdriver/troubleshooting/errors#no-such-element-exception\nStacktrace:\n#0 0x5583b6c3b793 <unknown>\n#1 0x5583b692f1c6 <unknown>\n#2 0x5583b697a358 <unknown>\n#3 0x5583b697a411 <unknown>\n#4 0x5583b69bd934 <unknown>\n#5 0x5583b699c3fd <unknown>\n#6 0x5583b69badd9 <unknown>\n#7 0x5583b699c173 <unknown>\n#8 0x5583b696d2d3 <unknown>\n#9 0x5583b696dc9e <unknown>\n#10 0x5583b6bff8cb <unknown>\n#11 0x5583b6c03745 <unknown>\n#12 0x5583b6bec2e1 <unknown>\n#13 0x5583b6c042d2 <unknown>\n#14 0x5583b6bd017f <unknown>\n#15 0x5583b6c29dc8 <unknown>\n#16 0x5583b6c29fc3 <unknown>\n#17 0x5583b6c3a944 <unknown>\n#18 0x7fe8ba169134 <unknown>","time":{"start":1708823469708,"stop":1708823470107,"duration":399}},{"uid":"1f52bd359db29969","reportUrl":"https://zaelcovsky.github.io/StroyremAutomation/242//#testresult/1f52bd359db29969","status":"broken","statusDetails":"selenium.common.exceptions.NoSuchElementException: Message: no such element: Unable to locate element: {\"method\":\"xpath\",\"selector\":\"(//a[@class='add-to-cart yellow-btn'])[1]\"}\n  (Session info: chrome-headless-shell=122.0.6261.69); For documentation on this error, please visit: https://www.selenium.dev/documentation/webdriver/troubleshooting/errors#no-such-element-exception\nStacktrace:\n#0 0x559d8b2f6793 <unknown>\n#1 0x559d8afea1c6 <unknown>\n#2 0x559d8b035358 <unknown>\n#3 0x559d8b035411 <unknown>\n#4 0x559d8b078934 <unknown>\n#5 0x559d8b0573fd <unknown>\n#6 0x559d8b075dd9 <unknown>\n#7 0x559d8b057173 <unknown>\n#8 0x559d8b0282d3 <unknown>\n#9 0x559d8b028c9e <unknown>\n#10 0x559d8b2ba8cb <unknown>\n#11 0x559d8b2be745 <unknown>\n#12 0x559d8b2a72e1 <unknown>\n#13 0x559d8b2bf2d2 <unknown>\n#14 0x559d8b28b17f <unknown>\n#15 0x559d8b2e4dc8 <unknown>\n#16 0x559d8b2e4fc3 <unknown>\n#17 0x559d8b2f5944 <unknown>\n#18 0x7feaeb40b134 <unknown>","time":{"start":1708736767606,"stop":1708736768250,"duration":644}},{"uid":"a2d29fb58378be6","reportUrl":"https://zaelcovsky.github.io/StroyremAutomation/241//#testresult/a2d29fb58378be6","status":"broken","statusDetails":"selenium.common.exceptions.NoSuchElementException: Message: no such element: Unable to locate element: {\"method\":\"xpath\",\"selector\":\"(//a[@class='add-to-cart yellow-btn'])[1]\"}\n  (Session info: chrome-headless-shell=122.0.6261.69); For documentation on this error, please visit: https://www.selenium.dev/documentation/webdriver/troubleshooting/errors#no-such-element-exception\nStacktrace:\n#0 0x55e86775d793 <unknown>\n#1 0x55e8674511c6 <unknown>\n#2 0x55e86749c358 <unknown>\n#3 0x55e86749c411 <unknown>\n#4 0x55e8674df934 <unknown>\n#5 0x55e8674be3fd <unknown>\n#6 0x55e8674dcdd9 <unknown>\n#7 0x55e8674be173 <unknown>\n#8 0x55e86748f2d3 <unknown>\n#9 0x55e86748fc9e <unknown>\n#10 0x55e8677218cb <unknown>\n#11 0x55e867725745 <unknown>\n#12 0x55e86770e2e1 <unknown>\n#13 0x55e8677262d2 <unknown>\n#14 0x55e8676f217f <unknown>\n#15 0x55e86774bdc8 <unknown>\n#16 0x55e86774bfc3 <unknown>\n#17 0x55e86775c944 <unknown>\n#18 0x7fdd4a25b134 <unknown>","time":{"start":1708650368172,"stop":1708650368581,"duration":409}},{"uid":"5ba529e8dc88b863","reportUrl":"https://zaelcovsky.github.io/StroyremAutomation/240//#testresult/5ba529e8dc88b863","status":"broken","statusDetails":"selenium.common.exceptions.NoSuchElementException: Message: no such element: Unable to locate element: {\"method\":\"xpath\",\"selector\":\"(//a[@class='add-to-cart yellow-btn'])[1]\"}\n  (Session info: chrome-headless-shell=122.0.6261.57); For documentation on this error, please visit: https://www.selenium.dev/documentation/webdriver/troubleshooting/errors#no-such-element-exception\nStacktrace:\n#0 0x55856f37e7d3 <unknown>\n#1 0x55856f0721c6 <unknown>\n#2 0x55856f0bd358 <unknown>\n#3 0x55856f0bd411 <unknown>\n#4 0x55856f100934 <unknown>\n#5 0x55856f0df3fd <unknown>\n#6 0x55856f0fddd9 <unknown>\n#7 0x55856f0df173 <unknown>\n#8 0x55856f0b02d3 <unknown>\n#9 0x55856f0b0c9e <unknown>\n#10 0x55856f34290b <unknown>\n#11 0x55856f346785 <unknown>\n#12 0x55856f32f321 <unknown>\n#13 0x55856f347312 <unknown>\n#14 0x55856f3131bf <unknown>\n#15 0x55856f36ce08 <unknown>\n#16 0x55856f36d003 <unknown>\n#17 0x55856f37d984 <unknown>\n#18 0x7f1350e3e134 <unknown>","time":{"start":1708564005443,"stop":1708564005994,"duration":551}},{"uid":"be1a6d997e6db609","reportUrl":"https://zaelcovsky.github.io/StroyremAutomation/239//#testresult/be1a6d997e6db609","status":"broken","statusDetails":"selenium.common.exceptions.NoSuchElementException: Message: no such element: Unable to locate element: {\"method\":\"xpath\",\"selector\":\"(//a[@class='add-to-cart yellow-btn'])[1]\"}\n  (Session info: chrome-headless-shell=122.0.6261.57); For documentation on this error, please visit: https://www.selenium.dev/documentation/webdriver/troubleshooting/errors#no-such-element-exception\nStacktrace:\n#0 0x55b31c5117d3 <unknown>\n#1 0x55b31c2051c6 <unknown>\n#2 0x55b31c250358 <unknown>\n#3 0x55b31c250411 <unknown>\n#4 0x55b31c293934 <unknown>\n#5 0x55b31c2723fd <unknown>\n#6 0x55b31c290dd9 <unknown>\n#7 0x55b31c272173 <unknown>\n#8 0x55b31c2432d3 <unknown>\n#9 0x55b31c243c9e <unknown>\n#10 0x55b31c4d590b <unknown>\n#11 0x55b31c4d9785 <unknown>\n#12 0x55b31c4c2321 <unknown>\n#13 0x55b31c4da312 <unknown>\n#14 0x55b31c4a61bf <unknown>\n#15 0x55b31c4ffe08 <unknown>\n#16 0x55b31c500003 <unknown>\n#17 0x55b31c510984 <unknown>\n#18 0x7fae579bd134 <unknown>","time":{"start":1708477662602,"stop":1708477663175,"duration":573}},{"uid":"7a85114ba1f57555","reportUrl":"https://zaelcovsky.github.io/StroyremAutomation/238//#testresult/7a85114ba1f57555","status":"broken","statusDetails":"selenium.common.exceptions.NoSuchElementException: Message: no such element: Unable to locate element: {\"method\":\"xpath\",\"selector\":\"(//a[@class='add-to-cart yellow-btn'])[1]\"}\n  (Session info: chrome-headless-shell=121.0.6167.184); For documentation on this error, please visit: https://www.selenium.dev/documentation/webdriver/troubleshooting/errors#no-such-element-exception\nStacktrace:\n#0 0x557a5d812303 <unknown>\n#1 0x557a5d4f72b7 <unknown>\n#2 0x557a5d542cc0 <unknown>\n#3 0x557a5d542db1 <unknown>\n#4 0x557a5d586b44 <unknown>\n#5 0x557a5d5653ad <unknown>\n#6 0x557a5d58407c <unknown>\n#7 0x557a5d565123 <unknown>\n#8 0x557a5d535095 <unknown>\n#9 0x557a5d53609e <unknown>\n#10 0x557a5d7d66ab <unknown>\n#11 0x557a5d7da4ba <unknown>\n#12 0x557a5d7c2f85 <unknown>\n#13 0x557a5d7db12f <unknown>\n#14 0x557a5d7a6e6f <unknown>\n#15 0x557a5d7ff5f8 <unknown>\n#16 0x557a5d7ff7c2 <unknown>\n#17 0x557a5d8114a4 <unknown>\n#18 0x7f31693bf134 <unknown>","time":{"start":1708391196610,"stop":1708391197093,"duration":483}},{"uid":"d9c625c473e5b14c","reportUrl":"https://zaelcovsky.github.io/StroyremAutomation/237//#testresult/d9c625c473e5b14c","status":"broken","statusDetails":"selenium.common.exceptions.NoSuchElementException: Message: no such element: Unable to locate element: {\"method\":\"xpath\",\"selector\":\"(//a[@class='add-to-cart yellow-btn'])[1]\"}\n  (Session info: chrome-headless-shell=121.0.6167.184); For documentation on this error, please visit: https://www.selenium.dev/documentation/webdriver/troubleshooting/errors#no-such-element-exception\nStacktrace:\n#0 0x557bc7c66303 <unknown>\n#1 0x557bc794b2b7 <unknown>\n#2 0x557bc7996cc0 <unknown>\n#3 0x557bc7996db1 <unknown>\n#4 0x557bc79dab44 <unknown>\n#5 0x557bc79b93ad <unknown>\n#6 0x557bc79d807c <unknown>\n#7 0x557bc79b9123 <unknown>\n#8 0x557bc7989095 <unknown>\n#9 0x557bc798a09e <unknown>\n#10 0x557bc7c2a6ab <unknown>\n#11 0x557bc7c2e4ba <unknown>\n#12 0x557bc7c16f85 <unknown>\n#13 0x557bc7c2f12f <unknown>\n#14 0x557bc7bfae6f <unknown>\n#15 0x557bc7c535f8 <unknown>\n#16 0x557bc7c537c2 <unknown>\n#17 0x557bc7c654a4 <unknown>\n#18 0x7f639b3fd134 <unknown>","time":{"start":1708305003327,"stop":1708305003983,"duration":656}},{"uid":"18b5b280d9671111","reportUrl":"https://zaelcovsky.github.io/StroyremAutomation/236//#testresult/18b5b280d9671111","status":"broken","statusDetails":"selenium.common.exceptions.NoSuchElementException: Message: no such element: Unable to locate element: {\"method\":\"xpath\",\"selector\":\"(//a[@class='add-to-cart yellow-btn'])[1]\"}\n  (Session info: chrome-headless-shell=121.0.6167.184); For documentation on this error, please visit: https://www.selenium.dev/documentation/webdriver/troubleshooting/errors#no-such-element-exception\nStacktrace:\n#0 0x56469ebb6303 <unknown>\n#1 0x56469e89b2b7 <unknown>\n#2 0x56469e8e6cc0 <unknown>\n#3 0x56469e8e6db1 <unknown>\n#4 0x56469e92ab44 <unknown>\n#5 0x56469e9093ad <unknown>\n#6 0x56469e92807c <unknown>\n#7 0x56469e909123 <unknown>\n#8 0x56469e8d9095 <unknown>\n#9 0x56469e8da09e <unknown>\n#10 0x56469eb7a6ab <unknown>\n#11 0x56469eb7e4ba <unknown>\n#12 0x56469eb66f85 <unknown>\n#13 0x56469eb7f12f <unknown>\n#14 0x56469eb4ae6f <unknown>\n#15 0x56469eba35f8 <unknown>\n#16 0x56469eba37c2 <unknown>\n#17 0x56469ebb54a4 <unknown>\n#18 0x7ff9234f5134 <unknown>","time":{"start":1708218691790,"stop":1708218692276,"duration":486}},{"uid":"f2d7ee27bb491c57","reportUrl":"https://zaelcovsky.github.io/StroyremAutomation/235//#testresult/f2d7ee27bb491c57","status":"broken","statusDetails":"selenium.common.exceptions.NoSuchElementException: Message: no such element: Unable to locate element: {\"method\":\"xpath\",\"selector\":\"(//a[@class='add-to-cart yellow-btn'])[1]\"}\n  (Session info: chrome-headless-shell=121.0.6167.184); For documentation on this error, please visit: https://www.selenium.dev/documentation/webdriver/troubleshooting/errors#no-such-element-exception\nStacktrace:\n#0 0x556618d57303 <unknown>\n#1 0x556618a3c2b7 <unknown>\n#2 0x556618a87cc0 <unknown>\n#3 0x556618a87db1 <unknown>\n#4 0x556618acbb44 <unknown>\n#5 0x556618aaa3ad <unknown>\n#6 0x556618ac907c <unknown>\n#7 0x556618aaa123 <unknown>\n#8 0x556618a7a095 <unknown>\n#9 0x556618a7b09e <unknown>\n#10 0x556618d1b6ab <unknown>\n#11 0x556618d1f4ba <unknown>\n#12 0x556618d07f85 <unknown>\n#13 0x556618d2012f <unknown>\n#14 0x556618cebe6f <unknown>\n#15 0x556618d445f8 <unknown>\n#16 0x556618d447c2 <unknown>\n#17 0x556618d564a4 <unknown>\n#18 0x7fe270b03134 <unknown>","time":{"start":1708131987200,"stop":1708131987612,"duration":412}},{"uid":"eb2e24b2b98fe425","reportUrl":"https://zaelcovsky.github.io/StroyremAutomation/234//#testresult/eb2e24b2b98fe425","status":"broken","statusDetails":"selenium.common.exceptions.NoSuchElementException: Message: no such element: Unable to locate element: {\"method\":\"xpath\",\"selector\":\"(//a[@class='add-to-cart yellow-btn'])[1]\"}\n  (Session info: chrome-headless-shell=121.0.6167.85); For documentation on this error, please visit: https://www.selenium.dev/documentation/webdriver/troubleshooting/errors#no-such-element-exception\nStacktrace:\n#0 0x55612ad60d93 <unknown>\n#1 0x55612aa44337 <unknown>\n#2 0x55612aa8fd60 <unknown>\n#3 0x55612aa8fe51 <unknown>\n#4 0x55612aad3bc4 <unknown>\n#5 0x55612aab246d <unknown>\n#6 0x55612aad112d <unknown>\n#7 0x55612aab21e3 <unknown>\n#8 0x55612aa82135 <unknown>\n#9 0x55612aa8313e <unknown>\n#10 0x55612ad24e4b <unknown>\n#11 0x55612ad28dfa <unknown>\n#12 0x55612ad116d5 <unknown>\n#13 0x55612ad29a6f <unknown>\n#14 0x55612acf569f <unknown>\n#15 0x55612ad4e098 <unknown>\n#16 0x55612ad4e262 <unknown>\n#17 0x55612ad5ff34 <unknown>\n#18 0x7efe5c052134 <unknown>","time":{"start":1708045635353,"stop":1708045635782,"duration":429}},{"uid":"364db3e3b821e80c","reportUrl":"https://zaelcovsky.github.io/StroyremAutomation/233//#testresult/364db3e3b821e80c","status":"broken","statusDetails":"selenium.common.exceptions.NoSuchElementException: Message: no such element: Unable to locate element: {\"method\":\"xpath\",\"selector\":\"(//a[@class='add-to-cart yellow-btn'])[1]\"}\n  (Session info: chrome-headless-shell=121.0.6167.85); For documentation on this error, please visit: https://www.selenium.dev/documentation/webdriver/troubleshooting/errors#no-such-element-exception\nStacktrace:\n#0 0x557a23253d93 <unknown>\n#1 0x557a22f37337 <unknown>\n#2 0x557a22f82d60 <unknown>\n#3 0x557a22f82e51 <unknown>\n#4 0x557a22fc6bc4 <unknown>\n#5 0x557a22fa546d <unknown>\n#6 0x557a22fc412d <unknown>\n#7 0x557a22fa51e3 <unknown>\n#8 0x557a22f75135 <unknown>\n#9 0x557a22f7613e <unknown>\n#10 0x557a23217e4b <unknown>\n#11 0x557a2321bdfa <unknown>\n#12 0x557a232046d5 <unknown>\n#13 0x557a2321ca6f <unknown>\n#14 0x557a231e869f <unknown>\n#15 0x557a23241098 <unknown>\n#16 0x557a23241262 <unknown>\n#17 0x557a23252f34 <unknown>\n#18 0x7f59babe8134 <unknown>","time":{"start":1707959339018,"stop":1707959339594,"duration":576}},{"uid":"72ac9fae767ea80d","reportUrl":"https://zaelcovsky.github.io/StroyremAutomation/232//#testresult/72ac9fae767ea80d","status":"broken","statusDetails":"selenium.common.exceptions.NoSuchElementException: Message: no such element: Unable to locate element: {\"method\":\"xpath\",\"selector\":\"(//a[@class='add-to-cart yellow-btn'])[1]\"}\n  (Session info: chrome-headless-shell=121.0.6167.85); For documentation on this error, please visit: https://www.selenium.dev/documentation/webdriver/troubleshooting/errors#no-such-element-exception\nStacktrace:\n#0 0x55fd1da7dd93 <unknown>\n#1 0x55fd1d761337 <unknown>\n#2 0x55fd1d7acd60 <unknown>\n#3 0x55fd1d7ace51 <unknown>\n#4 0x55fd1d7f0bc4 <unknown>\n#5 0x55fd1d7cf46d <unknown>\n#6 0x55fd1d7ee12d <unknown>\n#7 0x55fd1d7cf1e3 <unknown>\n#8 0x55fd1d79f135 <unknown>\n#9 0x55fd1d7a013e <unknown>\n#10 0x55fd1da41e4b <unknown>\n#11 0x55fd1da45dfa <unknown>\n#12 0x55fd1da2e6d5 <unknown>\n#13 0x55fd1da46a6f <unknown>\n#14 0x55fd1da1269f <unknown>\n#15 0x55fd1da6b098 <unknown>\n#16 0x55fd1da6b262 <unknown>\n#17 0x55fd1da7cf34 <unknown>\n#18 0x7f95d6a91134 <unknown>","time":{"start":1707872884000,"stop":1707872884419,"duration":419}},{"uid":"9c5acca9cd240022","reportUrl":"https://zaelcovsky.github.io/StroyremAutomation/231//#testresult/9c5acca9cd240022","status":"broken","statusDetails":"selenium.common.exceptions.NoSuchElementException: Message: no such element: Unable to locate element: {\"method\":\"xpath\",\"selector\":\"(//a[@class='add-to-cart yellow-btn'])[1]\"}\n  (Session info: chrome-headless-shell=121.0.6167.85); For documentation on this error, please visit: https://www.selenium.dev/documentation/webdriver/troubleshooting/errors#no-such-element-exception\nStacktrace:\n#0 0x55762058dd93 <unknown>\n#1 0x557620271337 <unknown>\n#2 0x5576202bcd60 <unknown>\n#3 0x5576202bce51 <unknown>\n#4 0x557620300bc4 <unknown>\n#5 0x5576202df46d <unknown>\n#6 0x5576202fe12d <unknown>\n#7 0x5576202df1e3 <unknown>\n#8 0x5576202af135 <unknown>\n#9 0x5576202b013e <unknown>\n#10 0x557620551e4b <unknown>\n#11 0x557620555dfa <unknown>\n#12 0x55762053e6d5 <unknown>\n#13 0x557620556a6f <unknown>\n#14 0x55762052269f <unknown>\n#15 0x55762057b098 <unknown>\n#16 0x55762057b262 <unknown>\n#17 0x55762058cf34 <unknown>\n#18 0x7fb6a1753134 <unknown>","time":{"start":1707786590217,"stop":1707786590835,"duration":618}},{"uid":"f1df4944c5d99ab0","reportUrl":"https://zaelcovsky.github.io/StroyremAutomation/230//#testresult/f1df4944c5d99ab0","status":"broken","statusDetails":"selenium.common.exceptions.NoSuchElementException: Message: no such element: Unable to locate element: {\"method\":\"xpath\",\"selector\":\"(//a[@class='add-to-cart yellow-btn'])[1]\"}\n  (Session info: chrome-headless-shell=121.0.6167.85); For documentation on this error, please visit: https://www.selenium.dev/documentation/webdriver/troubleshooting/errors#no-such-element-exception\nStacktrace:\n#0 0x5612b6781d93 <unknown>\n#1 0x5612b6465337 <unknown>\n#2 0x5612b64b0d60 <unknown>\n#3 0x5612b64b0e51 <unknown>\n#4 0x5612b64f4bc4 <unknown>\n#5 0x5612b64d346d <unknown>\n#6 0x5612b64f212d <unknown>\n#7 0x5612b64d31e3 <unknown>\n#8 0x5612b64a3135 <unknown>\n#9 0x5612b64a413e <unknown>\n#10 0x5612b6745e4b <unknown>\n#11 0x5612b6749dfa <unknown>\n#12 0x5612b67326d5 <unknown>\n#13 0x5612b674aa6f <unknown>\n#14 0x5612b671669f <unknown>\n#15 0x5612b676f098 <unknown>\n#16 0x5612b676f262 <unknown>\n#17 0x5612b6780f34 <unknown>\n#18 0x7f52fcfdc134 <unknown>","time":{"start":1707700081669,"stop":1707700082095,"duration":426}},{"uid":"3d8b5d3988104c18","reportUrl":"https://zaelcovsky.github.io/StroyremAutomation/229//#testresult/3d8b5d3988104c18","status":"broken","statusDetails":"selenium.common.exceptions.NoSuchElementException: Message: no such element: Unable to locate element: {\"method\":\"xpath\",\"selector\":\"(//a[@class='add-to-cart yellow-btn'])[1]\"}\n  (Session info: chrome-headless-shell=121.0.6167.85); For documentation on this error, please visit: https://www.selenium.dev/documentation/webdriver/troubleshooting/errors#no-such-element-exception\nStacktrace:\n#0 0x5570f6421d93 <unknown>\n#1 0x5570f6105337 <unknown>\n#2 0x5570f6150d60 <unknown>\n#3 0x5570f6150e51 <unknown>\n#4 0x5570f6194bc4 <unknown>\n#5 0x5570f617346d <unknown>\n#6 0x5570f619212d <unknown>\n#7 0x5570f61731e3 <unknown>\n#8 0x5570f6143135 <unknown>\n#9 0x5570f614413e <unknown>\n#10 0x5570f63e5e4b <unknown>\n#11 0x5570f63e9dfa <unknown>\n#12 0x5570f63d26d5 <unknown>\n#13 0x5570f63eaa6f <unknown>\n#14 0x5570f63b669f <unknown>\n#15 0x5570f640f098 <unknown>\n#16 0x5570f640f262 <unknown>\n#17 0x5570f6420f34 <unknown>\n#18 0x7fe3d17a2134 <unknown>","time":{"start":1707613906860,"stop":1707613907276,"duration":416}},{"uid":"35447902f6d4d0e2","reportUrl":"https://zaelcovsky.github.io/StroyremAutomation/228//#testresult/35447902f6d4d0e2","status":"broken","statusDetails":"selenium.common.exceptions.NoSuchElementException: Message: no such element: Unable to locate element: {\"method\":\"xpath\",\"selector\":\"(//a[@class='add-to-cart yellow-btn'])[1]\"}\n  (Session info: chrome-headless-shell=121.0.6167.85); For documentation on this error, please visit: https://www.selenium.dev/documentation/webdriver/troubleshooting/errors#no-such-element-exception\nStacktrace:\n#0 0x561907090d93 <unknown>\n#1 0x561906d74337 <unknown>\n#2 0x561906dbfd60 <unknown>\n#3 0x561906dbfe51 <unknown>\n#4 0x561906e03bc4 <unknown>\n#5 0x561906de246d <unknown>\n#6 0x561906e0112d <unknown>\n#7 0x561906de21e3 <unknown>\n#8 0x561906db2135 <unknown>\n#9 0x561906db313e <unknown>\n#10 0x561907054e4b <unknown>\n#11 0x561907058dfa <unknown>\n#12 0x5619070416d5 <unknown>\n#13 0x561907059a6f <unknown>\n#14 0x56190702569f <unknown>\n#15 0x56190707e098 <unknown>\n#16 0x56190707e262 <unknown>\n#17 0x56190708ff34 <unknown>\n#18 0x7f2aae40c134 <unknown>","time":{"start":1707527116113,"stop":1707527116501,"duration":388}},{"uid":"532261b078d2aecc","reportUrl":"https://zaelcovsky.github.io/StroyremAutomation/227//#testresult/532261b078d2aecc","status":"broken","statusDetails":"selenium.common.exceptions.NoSuchElementException: Message: no such element: Unable to locate element: {\"method\":\"xpath\",\"selector\":\"(//a[@class='add-to-cart yellow-btn'])[1]\"}\n  (Session info: chrome-headless-shell=121.0.6167.85); For documentation on this error, please visit: https://www.selenium.dev/documentation/webdriver/troubleshooting/errors#no-such-element-exception\nStacktrace:\n#0 0x55cb5a75fd93 <unknown>\n#1 0x55cb5a443337 <unknown>\n#2 0x55cb5a48ed60 <unknown>\n#3 0x55cb5a48ee51 <unknown>\n#4 0x55cb5a4d2bc4 <unknown>\n#5 0x55cb5a4b146d <unknown>\n#6 0x55cb5a4d012d <unknown>\n#7 0x55cb5a4b11e3 <unknown>\n#8 0x55cb5a481135 <unknown>\n#9 0x55cb5a48213e <unknown>\n#10 0x55cb5a723e4b <unknown>\n#11 0x55cb5a727dfa <unknown>\n#12 0x55cb5a7106d5 <unknown>\n#13 0x55cb5a728a6f <unknown>\n#14 0x55cb5a6f469f <unknown>\n#15 0x55cb5a74d098 <unknown>\n#16 0x55cb5a74d262 <unknown>\n#17 0x55cb5a75ef34 <unknown>\n#18 0x7f974c57b134 <unknown>","time":{"start":1707440805514,"stop":1707440805946,"duration":432}},{"uid":"de9d2f568e2ff320","reportUrl":"https://zaelcovsky.github.io/StroyremAutomation/226//#testresult/de9d2f568e2ff320","status":"broken","statusDetails":"selenium.common.exceptions.NoSuchElementException: Message: no such element: Unable to locate element: {\"method\":\"xpath\",\"selector\":\"(//a[@class='add-to-cart yellow-btn'])[1]\"}\n  (Session info: chrome-headless-shell=121.0.6167.85); For documentation on this error, please visit: https://www.selenium.dev/documentation/webdriver/troubleshooting/errors#no-such-element-exception\nStacktrace:\n#0 0x5606b6d13d93 <unknown>\n#1 0x5606b69f7337 <unknown>\n#2 0x5606b6a42d60 <unknown>\n#3 0x5606b6a42e51 <unknown>\n#4 0x5606b6a86bc4 <unknown>\n#5 0x5606b6a6546d <unknown>\n#6 0x5606b6a8412d <unknown>\n#7 0x5606b6a651e3 <unknown>\n#8 0x5606b6a35135 <unknown>\n#9 0x5606b6a3613e <unknown>\n#10 0x5606b6cd7e4b <unknown>\n#11 0x5606b6cdbdfa <unknown>\n#12 0x5606b6cc46d5 <unknown>\n#13 0x5606b6cdca6f <unknown>\n#14 0x5606b6ca869f <unknown>\n#15 0x5606b6d01098 <unknown>\n#16 0x5606b6d01262 <unknown>\n#17 0x5606b6d12f34 <unknown>\n#18 0x7f431297c134 <unknown>","time":{"start":1707354393100,"stop":1707354393511,"duration":411}},{"uid":"ff3f671245b7f302","reportUrl":"https://zaelcovsky.github.io/StroyremAutomation/225//#testresult/ff3f671245b7f302","status":"broken","statusDetails":"selenium.common.exceptions.NoSuchElementException: Message: no such element: Unable to locate element: {\"method\":\"xpath\",\"selector\":\"(//a[@class='add-to-cart yellow-btn'])[1]\"}\n  (Session info: chrome-headless-shell=121.0.6167.85); For documentation on this error, please visit: https://www.selenium.dev/documentation/webdriver/troubleshooting/errors#no-such-element-exception\nStacktrace:\n#0 0x55e829022d93 <unknown>\n#1 0x55e828d06337 <unknown>\n#2 0x55e828d51d60 <unknown>\n#3 0x55e828d51e51 <unknown>\n#4 0x55e828d95bc4 <unknown>\n#5 0x55e828d7446d <unknown>\n#6 0x55e828d9312d <unknown>\n#7 0x55e828d741e3 <unknown>\n#8 0x55e828d44135 <unknown>\n#9 0x55e828d4513e <unknown>\n#10 0x55e828fe6e4b <unknown>\n#11 0x55e828feadfa <unknown>\n#12 0x55e828fd36d5 <unknown>\n#13 0x55e828feba6f <unknown>\n#14 0x55e828fb769f <unknown>\n#15 0x55e829010098 <unknown>\n#16 0x55e829010262 <unknown>\n#17 0x55e829021f34 <unknown>\n#18 0x7fb0ec3af134 <unknown>","time":{"start":1707267939879,"stop":1707267940289,"duration":410}},{"uid":"cdd473dc5b264fd0","reportUrl":"https://zaelcovsky.github.io/StroyremAutomation/224//#testresult/cdd473dc5b264fd0","status":"broken","statusDetails":"selenium.common.exceptions.NoSuchElementException: Message: no such element: Unable to locate element: {\"method\":\"xpath\",\"selector\":\"(//a[@class='add-to-cart yellow-btn'])[1]\"}\n  (Session info: chrome-headless-shell=121.0.6167.85); For documentation on this error, please visit: https://www.selenium.dev/documentation/webdriver/troubleshooting/errors#no-such-element-exception\nStacktrace:\n#0 0x55a30a61bd93 <unknown>\n#1 0x55a30a2ff337 <unknown>\n#2 0x55a30a34ad60 <unknown>\n#3 0x55a30a34ae51 <unknown>\n#4 0x55a30a38ebc4 <unknown>\n#5 0x55a30a36d46d <unknown>\n#6 0x55a30a38c12d <unknown>\n#7 0x55a30a36d1e3 <unknown>\n#8 0x55a30a33d135 <unknown>\n#9 0x55a30a33e13e <unknown>\n#10 0x55a30a5dfe4b <unknown>\n#11 0x55a30a5e3dfa <unknown>\n#12 0x55a30a5cc6d5 <unknown>\n#13 0x55a30a5e4a6f <unknown>\n#14 0x55a30a5b069f <unknown>\n#15 0x55a30a609098 <unknown>\n#16 0x55a30a609262 <unknown>\n#17 0x55a30a61af34 <unknown>\n#18 0x7f590d8cc134 <unknown>","time":{"start":1707181643766,"stop":1707181644180,"duration":414}}]},"tags":["smoke"]},"source":"a574ac1edb35e146.json","parameterValues":["2190","1","'TD 001'","1590","'products/uroven---uglomer-elektronnyj-kapro-992'","0","'https://sandboxtest.stroyrem-nn.ru/'","30"]}