{"uid":"bb6741feebedad1","name":"TC 018 - Проверка функциональности ссылки 'Акции'","fullName":"tests.test_main_page.TestMainPage#test_positive_footer_sale_smoke","historyId":"7c44ee0a7729c87256702511cdfce3ef","time":{"start":1695603879020,"stop":1695603879036,"duration":16},"status":"broken","statusMessage":"selenium.common.exceptions.NoSuchElementException: Message: no such element: Unable to locate element: {\"method\":\"xpath\",\"selector\":\"(//a[contains(text(), 'Акции')])[2]\"}\n  (Session info: headless chrome=117.0.5938.92); For documentation on this error, please visit: https://www.selenium.dev/documentation/webdriver/troubleshooting/errors#no-such-element-exception\nStacktrace:\n#0 0x55b790ce86b3 <unknown>\n#1 0x55b7909be1e7 <unknown>\n#2 0x55b790a05566 <unknown>\n#3 0x55b790a05651 <unknown>\n#4 0x55b790a42a74 <unknown>\n#5 0x55b790a270ed <unknown>\n#6 0x55b790a40322 <unknown>\n#7 0x55b790a26e93 <unknown>\n#8 0x55b7909f9934 <unknown>\n#9 0x55b7909fa71e <unknown>\n#10 0x55b790cadcb8 <unknown>\n#11 0x55b790cb1bf0 <unknown>\n#12 0x55b790cbc19c <unknown>\n#13 0x55b790cb2808 <unknown>\n#14 0x55b790c7f27f <unknown>\n#15 0x55b790cd6e88 <unknown>\n#16 0x55b790cd7059 <unknown>\n#17 0x55b790ce7843 <unknown>\n#18 0x7fde7e016044 <unknown>","statusTrace":"self = <tests.test_main_page.TestMainPage object at 0x7fc139bdb5d0>\nmain_page = <pages.main_page.MainPage object at 0x7fc13988a650>\n\n    @allure.feature(\"Footer functionality\")\n    @allure.title(\"TC 018 - Проверка функциональности ссылки 'Акции'\")\n    @pytest.mark.smoke_test\n    def test_positive_footer_sale_smoke(self, main_page):\n>       title = main_page.check_shares_link()\n\ntests/test_main_page.py:161: \n_ _ _ _ _ _ _ _ _ _ _ _ _ _ _ _ _ _ _ _ _ _ _ _ _ _ _ _ _ _ _ _ _ _ _ _ _ _ _ _ \npages/main_page.py:188: in check_shares_link\n    self.driver.find_element(*self._shares_link).click()\n/usr/local/lib/python3.11/site-packages/selenium/webdriver/remote/webdriver.py:740: in find_element\n    return self.execute(Command.FIND_ELEMENT, {\"using\": by, \"value\": value})[\"value\"]\n/usr/local/lib/python3.11/site-packages/selenium/webdriver/remote/webdriver.py:346: in execute\n    self.error_handler.check_response(response)\n_ _ _ _ _ _ _ _ _ _ _ _ _ _ _ _ _ _ _ _ _ _ _ _ _ _ _ _ _ _ _ _ _ _ _ _ _ _ _ _ \n\nself = <selenium.webdriver.remote.errorhandler.ErrorHandler object at 0x7fc13985a710>\nresponse = {'status': 404, 'value': '{\"value\":{\"error\":\"no such element\",\"message\":\"no such element: Unable to locate element: {\\...\\\\n#16 0x55b790cd7059 \\\\u003Cunknown>\\\\n#17 0x55b790ce7843 \\\\u003Cunknown>\\\\n#18 0x7fde7e016044 \\\\u003Cunknown>\\\\n\"}}'}\n\n    def check_response(self, response: Dict[str, Any]) -> None:\n        \"\"\"Checks that a JSON response from the WebDriver does not have an\n        error.\n    \n        :Args:\n         - response - The JSON response from the WebDriver server as a dictionary\n           object.\n    \n        :Raises: If the response contains an error message.\n        \"\"\"\n        status = response.get(\"status\", None)\n        if not status or status == ErrorCode.SUCCESS:\n            return\n        value = None\n        message = response.get(\"message\", \"\")\n        screen: str = response.get(\"screen\", \"\")\n        stacktrace = None\n        if isinstance(status, int):\n            value_json = response.get(\"value\", None)\n            if value_json and isinstance(value_json, str):\n                import json\n    \n                try:\n                    value = json.loads(value_json)\n                    if len(value) == 1:\n                        value = value[\"value\"]\n                    status = value.get(\"error\", None)\n                    if not status:\n                        status = value.get(\"status\", ErrorCode.UNKNOWN_ERROR)\n                        message = value.get(\"value\") or value.get(\"message\")\n                        if not isinstance(message, str):\n                            value = message\n                            message = message.get(\"message\")\n                    else:\n                        message = value.get(\"message\", None)\n                except ValueError:\n                    pass\n    \n        exception_class: Type[WebDriverException]\n        if status in ErrorCode.NO_SUCH_ELEMENT:\n            exception_class = NoSuchElementException\n        elif status in ErrorCode.NO_SUCH_FRAME:\n            exception_class = NoSuchFrameException\n        elif status in ErrorCode.NO_SUCH_SHADOW_ROOT:\n            exception_class = NoSuchShadowRootException\n        elif status in ErrorCode.NO_SUCH_WINDOW:\n            exception_class = NoSuchWindowException\n        elif status in ErrorCode.STALE_ELEMENT_REFERENCE:\n            exception_class = StaleElementReferenceException\n        elif status in ErrorCode.ELEMENT_NOT_VISIBLE:\n            exception_class = ElementNotVisibleException\n        elif status in ErrorCode.INVALID_ELEMENT_STATE:\n            exception_class = InvalidElementStateException\n        elif (\n            status in ErrorCode.INVALID_SELECTOR\n            or status in ErrorCode.INVALID_XPATH_SELECTOR\n            or status in ErrorCode.INVALID_XPATH_SELECTOR_RETURN_TYPER\n        ):\n            exception_class = InvalidSelectorException\n        elif status in ErrorCode.ELEMENT_IS_NOT_SELECTABLE:\n            exception_class = ElementNotSelectableException\n        elif status in ErrorCode.ELEMENT_NOT_INTERACTABLE:\n            exception_class = ElementNotInteractableException\n        elif status in ErrorCode.INVALID_COOKIE_DOMAIN:\n            exception_class = InvalidCookieDomainException\n        elif status in ErrorCode.UNABLE_TO_SET_COOKIE:\n            exception_class = UnableToSetCookieException\n        elif status in ErrorCode.TIMEOUT:\n            exception_class = TimeoutException\n        elif status in ErrorCode.SCRIPT_TIMEOUT:\n            exception_class = TimeoutException\n        elif status in ErrorCode.UNKNOWN_ERROR:\n            exception_class = WebDriverException\n        elif status in ErrorCode.UNEXPECTED_ALERT_OPEN:\n            exception_class = UnexpectedAlertPresentException\n        elif status in ErrorCode.NO_ALERT_OPEN:\n            exception_class = NoAlertPresentException\n        elif status in ErrorCode.IME_NOT_AVAILABLE:\n            exception_class = ImeNotAvailableException\n        elif status in ErrorCode.IME_ENGINE_ACTIVATION_FAILED:\n            exception_class = ImeActivationFailedException\n        elif status in ErrorCode.MOVE_TARGET_OUT_OF_BOUNDS:\n            exception_class = MoveTargetOutOfBoundsException\n        elif status in ErrorCode.JAVASCRIPT_ERROR:\n            exception_class = JavascriptException\n        elif status in ErrorCode.SESSION_NOT_CREATED:\n            exception_class = SessionNotCreatedException\n        elif status in ErrorCode.INVALID_ARGUMENT:\n            exception_class = InvalidArgumentException\n        elif status in ErrorCode.NO_SUCH_COOKIE:\n            exception_class = NoSuchCookieException\n        elif status in ErrorCode.UNABLE_TO_CAPTURE_SCREEN:\n            exception_class = ScreenshotException\n        elif status in ErrorCode.ELEMENT_CLICK_INTERCEPTED:\n            exception_class = ElementClickInterceptedException\n        elif status in ErrorCode.INSECURE_CERTIFICATE:\n            exception_class = InsecureCertificateException\n        elif status in ErrorCode.INVALID_COORDINATES:\n            exception_class = InvalidCoordinatesException\n        elif status in ErrorCode.INVALID_SESSION_ID:\n            exception_class = InvalidSessionIdException\n        elif status in ErrorCode.UNKNOWN_METHOD:\n            exception_class = UnknownMethodException\n        else:\n            exception_class = WebDriverException\n        if not value:\n            value = response[\"value\"]\n        if isinstance(value, str):\n            raise exception_class(value)\n        if message == \"\" and \"message\" in value:\n            message = value[\"message\"]\n    \n        screen = None  # type: ignore[assignment]\n        if \"screen\" in value:\n            screen = value[\"screen\"]\n    \n        stacktrace = None\n        st_value = value.get(\"stackTrace\") or value.get(\"stacktrace\")\n        if st_value:\n            if isinstance(st_value, str):\n                stacktrace = st_value.split(\"\\n\")\n            else:\n                stacktrace = []\n                try:\n                    for frame in st_value:\n                        line = frame.get(\"lineNumber\", \"\")\n                        file = frame.get(\"fileName\", \"<anonymous>\")\n                        if line:\n                            file = f\"{file}:{line}\"\n                        meth = frame.get(\"methodName\", \"<anonymous>\")\n                        if \"className\" in frame:\n                            meth = f\"{frame['className']}.{meth}\"\n                        msg = \"    at %s (%s)\"\n                        msg = msg % (meth, file)\n                        stacktrace.append(msg)\n                except TypeError:\n                    pass\n        if exception_class == UnexpectedAlertPresentException:\n            alert_text = None\n            if \"data\" in value:\n                alert_text = value[\"data\"].get(\"text\")\n            elif \"alert\" in value:\n                alert_text = value[\"alert\"].get(\"text\")\n            raise exception_class(message, screen, stacktrace, alert_text)  # type: ignore[call-arg]  # mypy is not smart enough here\n>       raise exception_class(message, screen, stacktrace)\nE       selenium.common.exceptions.NoSuchElementException: Message: no such element: Unable to locate element: {\"method\":\"xpath\",\"selector\":\"(//a[contains(text(), 'Акции')])[2]\"}\nE         (Session info: headless chrome=117.0.5938.92); For documentation on this error, please visit: https://www.selenium.dev/documentation/webdriver/troubleshooting/errors#no-such-element-exception\nE       Stacktrace:\nE       #0 0x55b790ce86b3 <unknown>\nE       #1 0x55b7909be1e7 <unknown>\nE       #2 0x55b790a05566 <unknown>\nE       #3 0x55b790a05651 <unknown>\nE       #4 0x55b790a42a74 <unknown>\nE       #5 0x55b790a270ed <unknown>\nE       #6 0x55b790a40322 <unknown>\nE       #7 0x55b790a26e93 <unknown>\nE       #8 0x55b7909f9934 <unknown>\nE       #9 0x55b7909fa71e <unknown>\nE       #10 0x55b790cadcb8 <unknown>\nE       #11 0x55b790cb1bf0 <unknown>\nE       #12 0x55b790cbc19c <unknown>\nE       #13 0x55b790cb2808 <unknown>\nE       #14 0x55b790c7f27f <unknown>\nE       #15 0x55b790cd6e88 <unknown>\nE       #16 0x55b790cd7059 <unknown>\nE       #17 0x55b790ce7843 <unknown>\nE       #18 0x7fde7e016044 <unknown>\n\n/usr/local/lib/python3.11/site-packages/selenium/webdriver/remote/errorhandler.py:245: NoSuchElementException","flaky":false,"newFailed":false,"newBroken":false,"newPassed":false,"retriesCount":0,"retriesStatusChange":false,"beforeStages":[{"name":"_session_faker","time":{"start":1695603669996,"stop":1695603670073,"duration":77},"status":"passed","steps":[],"attachments":[],"parameters":[],"shouldDisplayMessage":false,"stepsCount":0,"attachmentsCount":0,"hasContent":false},{"name":"clear_allure_results_folder","time":{"start":1695603670073,"stop":1695603670073,"duration":0},"status":"passed","steps":[],"attachments":[],"parameters":[],"shouldDisplayMessage":false,"stepsCount":0,"attachmentsCount":0,"hasContent":false},{"name":"driver","time":{"start":1695603877828,"stop":1695603878589,"duration":761},"status":"passed","steps":[],"attachments":[],"parameters":[],"shouldDisplayMessage":false,"stepsCount":0,"attachmentsCount":0,"hasContent":false},{"name":"main_page","time":{"start":1695603878589,"stop":1695603879019,"duration":430},"status":"passed","steps":[],"attachments":[],"parameters":[],"shouldDisplayMessage":false,"stepsCount":0,"attachmentsCount":0,"hasContent":false},{"name":"setup","time":{"start":1695603878589,"stop":1695603878589,"duration":0},"status":"passed","steps":[],"attachments":[],"parameters":[],"shouldDisplayMessage":false,"stepsCount":0,"attachmentsCount":0,"hasContent":false}],"testStage":{"status":"broken","statusMessage":"selenium.common.exceptions.NoSuchElementException: Message: no such element: Unable to locate element: {\"method\":\"xpath\",\"selector\":\"(//a[contains(text(), 'Акции')])[2]\"}\n  (Session info: headless chrome=117.0.5938.92); For documentation on this error, please visit: https://www.selenium.dev/documentation/webdriver/troubleshooting/errors#no-such-element-exception\nStacktrace:\n#0 0x55b790ce86b3 <unknown>\n#1 0x55b7909be1e7 <unknown>\n#2 0x55b790a05566 <unknown>\n#3 0x55b790a05651 <unknown>\n#4 0x55b790a42a74 <unknown>\n#5 0x55b790a270ed <unknown>\n#6 0x55b790a40322 <unknown>\n#7 0x55b790a26e93 <unknown>\n#8 0x55b7909f9934 <unknown>\n#9 0x55b7909fa71e <unknown>\n#10 0x55b790cadcb8 <unknown>\n#11 0x55b790cb1bf0 <unknown>\n#12 0x55b790cbc19c <unknown>\n#13 0x55b790cb2808 <unknown>\n#14 0x55b790c7f27f <unknown>\n#15 0x55b790cd6e88 <unknown>\n#16 0x55b790cd7059 <unknown>\n#17 0x55b790ce7843 <unknown>\n#18 0x7fde7e016044 <unknown>","statusTrace":"self = <tests.test_main_page.TestMainPage object at 0x7fc139bdb5d0>\nmain_page = <pages.main_page.MainPage object at 0x7fc13988a650>\n\n    @allure.feature(\"Footer functionality\")\n    @allure.title(\"TC 018 - Проверка функциональности ссылки 'Акции'\")\n    @pytest.mark.smoke_test\n    def test_positive_footer_sale_smoke(self, main_page):\n>       title = main_page.check_shares_link()\n\ntests/test_main_page.py:161: \n_ _ _ _ _ _ _ _ _ _ _ _ _ _ _ _ _ _ _ _ _ _ _ _ _ _ _ _ _ _ _ _ _ _ _ _ _ _ _ _ \npages/main_page.py:188: in check_shares_link\n    self.driver.find_element(*self._shares_link).click()\n/usr/local/lib/python3.11/site-packages/selenium/webdriver/remote/webdriver.py:740: in find_element\n    return self.execute(Command.FIND_ELEMENT, {\"using\": by, \"value\": value})[\"value\"]\n/usr/local/lib/python3.11/site-packages/selenium/webdriver/remote/webdriver.py:346: in execute\n    self.error_handler.check_response(response)\n_ _ _ _ _ _ _ _ _ _ _ _ _ _ _ _ _ _ _ _ _ _ _ _ _ _ _ _ _ _ _ _ _ _ _ _ _ _ _ _ \n\nself = <selenium.webdriver.remote.errorhandler.ErrorHandler object at 0x7fc13985a710>\nresponse = {'status': 404, 'value': '{\"value\":{\"error\":\"no such element\",\"message\":\"no such element: Unable to locate element: {\\...\\\\n#16 0x55b790cd7059 \\\\u003Cunknown>\\\\n#17 0x55b790ce7843 \\\\u003Cunknown>\\\\n#18 0x7fde7e016044 \\\\u003Cunknown>\\\\n\"}}'}\n\n    def check_response(self, response: Dict[str, Any]) -> None:\n        \"\"\"Checks that a JSON response from the WebDriver does not have an\n        error.\n    \n        :Args:\n         - response - The JSON response from the WebDriver server as a dictionary\n           object.\n    \n        :Raises: If the response contains an error message.\n        \"\"\"\n        status = response.get(\"status\", None)\n        if not status or status == ErrorCode.SUCCESS:\n            return\n        value = None\n        message = response.get(\"message\", \"\")\n        screen: str = response.get(\"screen\", \"\")\n        stacktrace = None\n        if isinstance(status, int):\n            value_json = response.get(\"value\", None)\n            if value_json and isinstance(value_json, str):\n                import json\n    \n                try:\n                    value = json.loads(value_json)\n                    if len(value) == 1:\n                        value = value[\"value\"]\n                    status = value.get(\"error\", None)\n                    if not status:\n                        status = value.get(\"status\", ErrorCode.UNKNOWN_ERROR)\n                        message = value.get(\"value\") or value.get(\"message\")\n                        if not isinstance(message, str):\n                            value = message\n                            message = message.get(\"message\")\n                    else:\n                        message = value.get(\"message\", None)\n                except ValueError:\n                    pass\n    \n        exception_class: Type[WebDriverException]\n        if status in ErrorCode.NO_SUCH_ELEMENT:\n            exception_class = NoSuchElementException\n        elif status in ErrorCode.NO_SUCH_FRAME:\n            exception_class = NoSuchFrameException\n        elif status in ErrorCode.NO_SUCH_SHADOW_ROOT:\n            exception_class = NoSuchShadowRootException\n        elif status in ErrorCode.NO_SUCH_WINDOW:\n            exception_class = NoSuchWindowException\n        elif status in ErrorCode.STALE_ELEMENT_REFERENCE:\n            exception_class = StaleElementReferenceException\n        elif status in ErrorCode.ELEMENT_NOT_VISIBLE:\n            exception_class = ElementNotVisibleException\n        elif status in ErrorCode.INVALID_ELEMENT_STATE:\n            exception_class = InvalidElementStateException\n        elif (\n            status in ErrorCode.INVALID_SELECTOR\n            or status in ErrorCode.INVALID_XPATH_SELECTOR\n            or status in ErrorCode.INVALID_XPATH_SELECTOR_RETURN_TYPER\n        ):\n            exception_class = InvalidSelectorException\n        elif status in ErrorCode.ELEMENT_IS_NOT_SELECTABLE:\n            exception_class = ElementNotSelectableException\n        elif status in ErrorCode.ELEMENT_NOT_INTERACTABLE:\n            exception_class = ElementNotInteractableException\n        elif status in ErrorCode.INVALID_COOKIE_DOMAIN:\n            exception_class = InvalidCookieDomainException\n        elif status in ErrorCode.UNABLE_TO_SET_COOKIE:\n            exception_class = UnableToSetCookieException\n        elif status in ErrorCode.TIMEOUT:\n            exception_class = TimeoutException\n        elif status in ErrorCode.SCRIPT_TIMEOUT:\n            exception_class = TimeoutException\n        elif status in ErrorCode.UNKNOWN_ERROR:\n            exception_class = WebDriverException\n        elif status in ErrorCode.UNEXPECTED_ALERT_OPEN:\n            exception_class = UnexpectedAlertPresentException\n        elif status in ErrorCode.NO_ALERT_OPEN:\n            exception_class = NoAlertPresentException\n        elif status in ErrorCode.IME_NOT_AVAILABLE:\n            exception_class = ImeNotAvailableException\n        elif status in ErrorCode.IME_ENGINE_ACTIVATION_FAILED:\n            exception_class = ImeActivationFailedException\n        elif status in ErrorCode.MOVE_TARGET_OUT_OF_BOUNDS:\n            exception_class = MoveTargetOutOfBoundsException\n        elif status in ErrorCode.JAVASCRIPT_ERROR:\n            exception_class = JavascriptException\n        elif status in ErrorCode.SESSION_NOT_CREATED:\n            exception_class = SessionNotCreatedException\n        elif status in ErrorCode.INVALID_ARGUMENT:\n            exception_class = InvalidArgumentException\n        elif status in ErrorCode.NO_SUCH_COOKIE:\n            exception_class = NoSuchCookieException\n        elif status in ErrorCode.UNABLE_TO_CAPTURE_SCREEN:\n            exception_class = ScreenshotException\n        elif status in ErrorCode.ELEMENT_CLICK_INTERCEPTED:\n            exception_class = ElementClickInterceptedException\n        elif status in ErrorCode.INSECURE_CERTIFICATE:\n            exception_class = InsecureCertificateException\n        elif status in ErrorCode.INVALID_COORDINATES:\n            exception_class = InvalidCoordinatesException\n        elif status in ErrorCode.INVALID_SESSION_ID:\n            exception_class = InvalidSessionIdException\n        elif status in ErrorCode.UNKNOWN_METHOD:\n            exception_class = UnknownMethodException\n        else:\n            exception_class = WebDriverException\n        if not value:\n            value = response[\"value\"]\n        if isinstance(value, str):\n            raise exception_class(value)\n        if message == \"\" and \"message\" in value:\n            message = value[\"message\"]\n    \n        screen = None  # type: ignore[assignment]\n        if \"screen\" in value:\n            screen = value[\"screen\"]\n    \n        stacktrace = None\n        st_value = value.get(\"stackTrace\") or value.get(\"stacktrace\")\n        if st_value:\n            if isinstance(st_value, str):\n                stacktrace = st_value.split(\"\\n\")\n            else:\n                stacktrace = []\n                try:\n                    for frame in st_value:\n                        line = frame.get(\"lineNumber\", \"\")\n                        file = frame.get(\"fileName\", \"<anonymous>\")\n                        if line:\n                            file = f\"{file}:{line}\"\n                        meth = frame.get(\"methodName\", \"<anonymous>\")\n                        if \"className\" in frame:\n                            meth = f\"{frame['className']}.{meth}\"\n                        msg = \"    at %s (%s)\"\n                        msg = msg % (meth, file)\n                        stacktrace.append(msg)\n                except TypeError:\n                    pass\n        if exception_class == UnexpectedAlertPresentException:\n            alert_text = None\n            if \"data\" in value:\n                alert_text = value[\"data\"].get(\"text\")\n            elif \"alert\" in value:\n                alert_text = value[\"alert\"].get(\"text\")\n            raise exception_class(message, screen, stacktrace, alert_text)  # type: ignore[call-arg]  # mypy is not smart enough here\n>       raise exception_class(message, screen, stacktrace)\nE       selenium.common.exceptions.NoSuchElementException: Message: no such element: Unable to locate element: {\"method\":\"xpath\",\"selector\":\"(//a[contains(text(), 'Акции')])[2]\"}\nE         (Session info: headless chrome=117.0.5938.92); For documentation on this error, please visit: https://www.selenium.dev/documentation/webdriver/troubleshooting/errors#no-such-element-exception\nE       Stacktrace:\nE       #0 0x55b790ce86b3 <unknown>\nE       #1 0x55b7909be1e7 <unknown>\nE       #2 0x55b790a05566 <unknown>\nE       #3 0x55b790a05651 <unknown>\nE       #4 0x55b790a42a74 <unknown>\nE       #5 0x55b790a270ed <unknown>\nE       #6 0x55b790a40322 <unknown>\nE       #7 0x55b790a26e93 <unknown>\nE       #8 0x55b7909f9934 <unknown>\nE       #9 0x55b7909fa71e <unknown>\nE       #10 0x55b790cadcb8 <unknown>\nE       #11 0x55b790cb1bf0 <unknown>\nE       #12 0x55b790cbc19c <unknown>\nE       #13 0x55b790cb2808 <unknown>\nE       #14 0x55b790c7f27f <unknown>\nE       #15 0x55b790cd6e88 <unknown>\nE       #16 0x55b790cd7059 <unknown>\nE       #17 0x55b790ce7843 <unknown>\nE       #18 0x7fde7e016044 <unknown>\n\n/usr/local/lib/python3.11/site-packages/selenium/webdriver/remote/errorhandler.py:245: NoSuchElementException","steps":[{"name":"Проверка функциональности ссылки 'Акции'","time":{"start":1695603879020,"stop":1695603879035,"duration":15},"status":"broken","statusMessage":"selenium.common.exceptions.NoSuchElementException: Message: no such element: Unable to locate element: {\"method\":\"xpath\",\"selector\":\"(//a[contains(text(), 'Акции')])[2]\"}\n  (Session info: headless chrome=117.0.5938.92); For documentation on this error, please visit: https://www.selenium.dev/documentation/webdriver/troubleshooting/errors#no-such-element-exception\nStacktrace:\n#0 0x55b790ce86b3 <unknown>\n#1 0x55b7909be1e7 <unknown>\n#2 0x55b790a05566 <unknown>\n#3 0x55b790a05651 <unknown>\n#4 0x55b790a42a74 <unknown>\n#5 0x55b790a270ed <unknown>\n#6 0x55b790a40322 <unknown>\n#7 0x55b790a26e93 <unknown>\n#8 0x55b7909f9934 <unknown>\n#9 0x55b7909fa71e <unknown>\n#10 0x55b790cadcb8 <unknown>\n#11 0x55b790cb1bf0 <unknown>\n#12 0x55b790cbc19c <unknown>\n#13 0x55b790cb2808 <unknown>\n#14 0x55b790c7f27f <unknown>\n#15 0x55b790cd6e88 <unknown>\n#16 0x55b790cd7059 <unknown>\n#17 0x55b790ce7843 <unknown>\n#18 0x7fde7e016044 <unknown>\n\n","statusTrace":"  File \"/usr/local/lib/python3.11/site-packages/allure_commons/_allure.py\", line 192, in impl\n    return func(*a, **kw)\n           ^^^^^^^^^^^^^^\n  File \"/app/pages/main_page.py\", line 188, in check_shares_link\n    self.driver.find_element(*self._shares_link).click()\n    ^^^^^^^^^^^^^^^^^^^^^^^^^^^^^^^^^^^^^^^^^^^^\n  File \"/usr/local/lib/python3.11/site-packages/selenium/webdriver/remote/webdriver.py\", line 740, in find_element\n    return self.execute(Command.FIND_ELEMENT, {\"using\": by, \"value\": value})[\"value\"]\n           ^^^^^^^^^^^^^^^^^^^^^^^^^^^^^^^^^^^^^^^^^^^^^^^^^^^^^^^^^^^^^^^^^\n  File \"/usr/local/lib/python3.11/site-packages/selenium/webdriver/remote/webdriver.py\", line 346, in execute\n    self.error_handler.check_response(response)\n  File \"/usr/local/lib/python3.11/site-packages/selenium/webdriver/remote/errorhandler.py\", line 245, in check_response\n    raise exception_class(message, screen, stacktrace)\n","steps":[],"attachments":[],"parameters":[],"shouldDisplayMessage":true,"stepsCount":0,"attachmentsCount":0,"hasContent":true}],"attachments":[{"uid":"c521b867ce1534d0","name":"Screenshot","source":"c521b867ce1534d0.png","type":"image/png","size":39127},{"uid":"d02b6b9d123314a4","name":"HTML source","source":"d02b6b9d123314a4.html","type":"text/html","size":538}],"parameters":[],"shouldDisplayMessage":true,"stepsCount":1,"attachmentsCount":2,"hasContent":true},"afterStages":[{"name":"setup::0","time":{"start":1695603879181,"stop":1695603879182,"duration":1},"status":"passed","steps":[],"attachments":[],"parameters":[],"shouldDisplayMessage":false,"stepsCount":0,"attachmentsCount":0,"hasContent":false},{"name":"driver::0","time":{"start":1695603879182,"stop":1695603879237,"duration":55},"status":"passed","steps":[],"attachments":[],"parameters":[],"shouldDisplayMessage":false,"stepsCount":0,"attachmentsCount":0,"hasContent":false}],"labels":[{"name":"epic","value":"Main Page"},{"name":"feature","value":"Footer functionality"},{"name":"tag","value":"smoke_test"},{"name":"parentSuite","value":"tests"},{"name":"suite","value":"test_main_page"},{"name":"subSuite","value":"TestMainPage"},{"name":"host","value":"dae9e45eb751"},{"name":"thread","value":"1-MainThread"},{"name":"framework","value":"pytest"},{"name":"language","value":"cpython3"},{"name":"package","value":"tests.test_main_page"},{"name":"resultFormat","value":"allure2"}],"parameters":[{"name":"url","value":"'https://test2.stroyrem-nn.ru/'"}],"links":[],"hidden":false,"retry":false,"extra":{"severity":"normal","retries":[],"categories":[{"name":"Test defects","matchedStatuses":[],"flaky":false}],"history":{"statistic":{"failed":0,"broken":13,"skipped":0,"passed":34,"unknown":0,"total":47},"items":[{"uid":"1b8df37af23d69f9","reportUrl":"https://zaelcovsky.github.io/StroyremAutomation/89//#testresult/1b8df37af23d69f9","status":"broken","statusDetails":"selenium.common.exceptions.NoSuchElementException: Message: no such element: Unable to locate element: {\"method\":\"xpath\",\"selector\":\"(//a[contains(text(), 'Акции')])[2]\"}\n  (Session info: headless chrome=117.0.5938.92); For documentation on this error, please visit: https://www.selenium.dev/documentation/webdriver/troubleshooting/errors#no-such-element-exception\nStacktrace:\n#0 0x56447d8ec6b3 <unknown>\n#1 0x56447d5c21e7 <unknown>\n#2 0x56447d609566 <unknown>\n#3 0x56447d609651 <unknown>\n#4 0x56447d646a74 <unknown>\n#5 0x56447d62b0ed <unknown>\n#6 0x56447d644322 <unknown>\n#7 0x56447d62ae93 <unknown>\n#8 0x56447d5fd934 <unknown>\n#9 0x56447d5fe71e <unknown>\n#10 0x56447d8b1cb8 <unknown>\n#11 0x56447d8b5bf0 <unknown>\n#12 0x56447d8c019c <unknown>\n#13 0x56447d8b6808 <unknown>\n#14 0x56447d88327f <unknown>\n#15 0x56447d8dae88 <unknown>\n#16 0x56447d8db059 <unknown>\n#17 0x56447d8eb843 <unknown>\n#18 0x7f66daa68044 <unknown>","time":{"start":1695517691742,"stop":1695517691761,"duration":19}},{"uid":"18a1096719aaacac","reportUrl":"https://zaelcovsky.github.io/StroyremAutomation/88//#testresult/18a1096719aaacac","status":"broken","statusDetails":"selenium.common.exceptions.NoSuchElementException: Message: no such element: Unable to locate element: {\"method\":\"xpath\",\"selector\":\"(//a[contains(text(), 'Акции')])[2]\"}\n  (Session info: headless chrome=117.0.5938.92); For documentation on this error, please visit: https://www.selenium.dev/documentation/webdriver/troubleshooting/errors#no-such-element-exception\nStacktrace:\n#0 0x561ad64276b3 <unknown>\n#1 0x561ad60fd1e7 <unknown>\n#2 0x561ad6144566 <unknown>\n#3 0x561ad6144651 <unknown>\n#4 0x561ad6181a74 <unknown>\n#5 0x561ad61660ed <unknown>\n#6 0x561ad617f322 <unknown>\n#7 0x561ad6165e93 <unknown>\n#8 0x561ad6138934 <unknown>\n#9 0x561ad613971e <unknown>\n#10 0x561ad63eccb8 <unknown>\n#11 0x561ad63f0bf0 <unknown>\n#12 0x561ad63fb19c <unknown>\n#13 0x561ad63f1808 <unknown>\n#14 0x561ad63be27f <unknown>\n#15 0x561ad6415e88 <unknown>\n#16 0x561ad6416059 <unknown>\n#17 0x561ad6426843 <unknown>\n#18 0x7f625f0fc044 <unknown>","time":{"start":1695431026481,"stop":1695431026512,"duration":31}},{"uid":"827c12be7750853f","reportUrl":"https://zaelcovsky.github.io/StroyremAutomation/87//#testresult/827c12be7750853f","status":"broken","statusDetails":"selenium.common.exceptions.NoSuchElementException: Message: no such element: Unable to locate element: {\"method\":\"xpath\",\"selector\":\"(//a[contains(text(), 'Акции')])[2]\"}\n  (Session info: headless chrome=117.0.5938.92); For documentation on this error, please visit: https://www.selenium.dev/documentation/webdriver/troubleshooting/errors#no-such-element-exception\nStacktrace:\n#0 0x55910c0ff6b3 <unknown>\n#1 0x55910bdd51e7 <unknown>\n#2 0x55910be1c566 <unknown>\n#3 0x55910be1c651 <unknown>\n#4 0x55910be59a74 <unknown>\n#5 0x55910be3e0ed <unknown>\n#6 0x55910be57322 <unknown>\n#7 0x55910be3de93 <unknown>\n#8 0x55910be10934 <unknown>\n#9 0x55910be1171e <unknown>\n#10 0x55910c0c4cb8 <unknown>\n#11 0x55910c0c8bf0 <unknown>\n#12 0x55910c0d319c <unknown>\n#13 0x55910c0c9808 <unknown>\n#14 0x55910c09627f <unknown>\n#15 0x55910c0ede88 <unknown>\n#16 0x55910c0ee059 <unknown>\n#17 0x55910c0fe843 <unknown>\n#18 0x7f446a2f1044 <unknown>","time":{"start":1695344637237,"stop":1695344637253,"duration":16}},{"uid":"d0c3306797459d2c","reportUrl":"https://zaelcovsky.github.io/StroyremAutomation/86//#testresult/d0c3306797459d2c","status":"broken","statusDetails":"selenium.common.exceptions.NoSuchElementException: Message: no such element: Unable to locate element: {\"method\":\"xpath\",\"selector\":\"(//a[contains(text(), 'Акции')])[2]\"}\n  (Session info: headless chrome=117.0.5938.88); For documentation on this error, please visit: https://www.selenium.dev/documentation/webdriver/troubleshooting/errors#no-such-element-exception\nStacktrace:\n#0 0x56470991f6c3 <unknown>\n#1 0x5647095f51e7 <unknown>\n#2 0x56470963c566 <unknown>\n#3 0x56470963c651 <unknown>\n#4 0x564709679a74 <unknown>\n#5 0x56470965e0ed <unknown>\n#6 0x564709677322 <unknown>\n#7 0x56470965de93 <unknown>\n#8 0x564709630934 <unknown>\n#9 0x56470963171e <unknown>\n#10 0x5647098e4cc8 <unknown>\n#11 0x5647098e8c00 <unknown>\n#12 0x5647098f31ac <unknown>\n#13 0x5647098e9818 <unknown>\n#14 0x5647098b628f <unknown>\n#15 0x56470990de98 <unknown>\n#16 0x56470990e069 <unknown>\n#17 0x56470991e853 <unknown>\n#18 0x7f1a01b30044 <unknown>","time":{"start":1695258197585,"stop":1695258197605,"duration":20}},{"uid":"21877a9786d26183","reportUrl":"https://zaelcovsky.github.io/StroyremAutomation/85//#testresult/21877a9786d26183","status":"broken","statusDetails":"selenium.common.exceptions.NoSuchElementException: Message: no such element: Unable to locate element: {\"method\":\"xpath\",\"selector\":\"(//a[contains(text(), 'Акции')])[2]\"}\n  (Session info: headless chrome=117.0.5938.88); For documentation on this error, please visit: https://www.selenium.dev/documentation/webdriver/troubleshooting/errors#no-such-element-exception\nStacktrace:\n#0 0x55c3f5c326c3 <unknown>\n#1 0x55c3f59081e7 <unknown>\n#2 0x55c3f594f566 <unknown>\n#3 0x55c3f594f651 <unknown>\n#4 0x55c3f598ca74 <unknown>\n#5 0x55c3f59710ed <unknown>\n#6 0x55c3f598a322 <unknown>\n#7 0x55c3f5970e93 <unknown>\n#8 0x55c3f5943934 <unknown>\n#9 0x55c3f594471e <unknown>\n#10 0x55c3f5bf7cc8 <unknown>\n#11 0x55c3f5bfbc00 <unknown>\n#12 0x55c3f5c061ac <unknown>\n#13 0x55c3f5bfc818 <unknown>\n#14 0x55c3f5bc928f <unknown>\n#15 0x55c3f5c20e98 <unknown>\n#16 0x55c3f5c21069 <unknown>\n#17 0x55c3f5c31853 <unknown>\n#18 0x7f10a7ed7044 <unknown>","time":{"start":1695171904907,"stop":1695171904925,"duration":18}},{"uid":"a5ba77f9f52d5659","reportUrl":"https://zaelcovsky.github.io/StroyremAutomation/84//#testresult/a5ba77f9f52d5659","status":"passed","time":{"start":1695085604923,"stop":1695085610853,"duration":5930}},{"uid":"a0dba8e9435b779f","reportUrl":"https://zaelcovsky.github.io/StroyremAutomation/83//#testresult/a0dba8e9435b779f","status":"broken","statusDetails":"selenium.common.exceptions.NoSuchElementException: Message: no such element: Unable to locate element: {\"method\":\"xpath\",\"selector\":\"(//a[contains(text(), 'Акции')])[2]\"}\n  (Session info: headless chrome=117.0.5938.88); For documentation on this error, please visit: https://www.selenium.dev/documentation/webdriver/troubleshooting/errors#no-such-element-exception\nStacktrace:\n#0 0x5581dd6aa6c3 <unknown>\n#1 0x5581dd3801e7 <unknown>\n#2 0x5581dd3c7566 <unknown>\n#3 0x5581dd3c7651 <unknown>\n#4 0x5581dd404a74 <unknown>\n#5 0x5581dd3e90ed <unknown>\n#6 0x5581dd402322 <unknown>\n#7 0x5581dd3e8e93 <unknown>\n#8 0x5581dd3bb934 <unknown>\n#9 0x5581dd3bc71e <unknown>\n#10 0x5581dd66fcc8 <unknown>\n#11 0x5581dd673c00 <unknown>\n#12 0x5581dd67e1ac <unknown>\n#13 0x5581dd674818 <unknown>\n#14 0x5581dd64128f <unknown>\n#15 0x5581dd698e98 <unknown>\n#16 0x5581dd699069 <unknown>\n#17 0x5581dd6a9853 <unknown>\n#18 0x7f1a23a69044 <unknown>","time":{"start":1694999144315,"stop":1694999144335,"duration":20}},{"uid":"e48213397300658e","reportUrl":"https://zaelcovsky.github.io/StroyremAutomation/82//#testresult/e48213397300658e","status":"broken","statusDetails":"selenium.common.exceptions.NoSuchElementException: Message: no such element: Unable to locate element: {\"method\":\"xpath\",\"selector\":\"(//a[contains(text(), 'Акции')])[2]\"}\n  (Session info: headless chrome=117.0.5938.88); For documentation on this error, please visit: https://www.selenium.dev/documentation/webdriver/troubleshooting/errors#no-such-element-exception\nStacktrace:\n#0 0x5597cbe516c3 <unknown>\n#1 0x5597cbb271e7 <unknown>\n#2 0x5597cbb6e566 <unknown>\n#3 0x5597cbb6e651 <unknown>\n#4 0x5597cbbaba74 <unknown>\n#5 0x5597cbb900ed <unknown>\n#6 0x5597cbba9322 <unknown>\n#7 0x5597cbb8fe93 <unknown>\n#8 0x5597cbb62934 <unknown>\n#9 0x5597cbb6371e <unknown>\n#10 0x5597cbe16cc8 <unknown>\n#11 0x5597cbe1ac00 <unknown>\n#12 0x5597cbe251ac <unknown>\n#13 0x5597cbe1b818 <unknown>\n#14 0x5597cbde828f <unknown>\n#15 0x5597cbe3fe98 <unknown>\n#16 0x5597cbe40069 <unknown>\n#17 0x5597cbe50853 <unknown>\n#18 0x7f9e6aaf9044 <unknown>","time":{"start":1694912822273,"stop":1694912822291,"duration":18}},{"uid":"89c225a636a135fc","reportUrl":"https://zaelcovsky.github.io/StroyremAutomation/81//#testresult/89c225a636a135fc","status":"broken","statusDetails":"selenium.common.exceptions.NoSuchElementException: Message: no such element: Unable to locate element: {\"method\":\"xpath\",\"selector\":\"(//a[contains(text(), 'Акции')])[2]\"}\n  (Session info: headless chrome=117.0.5938.88); For documentation on this error, please visit: https://www.selenium.dev/documentation/webdriver/troubleshooting/errors#no-such-element-exception\nStacktrace:\n#0 0x55dbdf9486c3 <unknown>\n#1 0x55dbdf61e1e7 <unknown>\n#2 0x55dbdf665566 <unknown>\n#3 0x55dbdf665651 <unknown>\n#4 0x55dbdf6a2a74 <unknown>\n#5 0x55dbdf6870ed <unknown>\n#6 0x55dbdf6a0322 <unknown>\n#7 0x55dbdf686e93 <unknown>\n#8 0x55dbdf659934 <unknown>\n#9 0x55dbdf65a71e <unknown>\n#10 0x55dbdf90dcc8 <unknown>\n#11 0x55dbdf911c00 <unknown>\n#12 0x55dbdf91c1ac <unknown>\n#13 0x55dbdf912818 <unknown>\n#14 0x55dbdf8df28f <unknown>\n#15 0x55dbdf936e98 <unknown>\n#16 0x55dbdf937069 <unknown>\n#17 0x55dbdf947853 <unknown>\n#18 0x7f3543e2f044 <unknown>","time":{"start":1694826228967,"stop":1694826228986,"duration":19}},{"uid":"338e2b3d1fbe1df6","reportUrl":"https://zaelcovsky.github.io/StroyremAutomation/80//#testresult/338e2b3d1fbe1df6","status":"broken","statusDetails":"selenium.common.exceptions.NoSuchElementException: Message: no such element: Unable to locate element: {\"method\":\"xpath\",\"selector\":\"(//a[contains(text(), 'Акции')])[2]\"}\n  (Session info: headless chrome=117.0.5938.62); For documentation on this error, please visit: https://www.selenium.dev/documentation/webdriver/troubleshooting/errors#no-such-element-exception\nStacktrace:\n#0 0x5640c1b21693 <unknown>\n#1 0x5640c17f71e7 <unknown>\n#2 0x5640c183e566 <unknown>\n#3 0x5640c183e651 <unknown>\n#4 0x5640c187ba74 <unknown>\n#5 0x5640c18600ed <unknown>\n#6 0x5640c1879322 <unknown>\n#7 0x5640c185fe93 <unknown>\n#8 0x5640c1832934 <unknown>\n#9 0x5640c183371e <unknown>\n#10 0x5640c1ae6c98 <unknown>\n#11 0x5640c1aeabd0 <unknown>\n#12 0x5640c1af517c <unknown>\n#13 0x5640c1aeb7e8 <unknown>\n#14 0x5640c1ab825f <unknown>\n#15 0x5640c1b0fe68 <unknown>\n#16 0x5640c1b10039 <unknown>\n#17 0x5640c1b20823 <unknown>\n#18 0x7fab376f3044 <unknown>","time":{"start":1694739866023,"stop":1694739866039,"duration":16}},{"uid":"e5fc4fa52d1fd66a","reportUrl":"https://zaelcovsky.github.io/StroyremAutomation/79//#testresult/e5fc4fa52d1fd66a","status":"passed","time":{"start":1694653648944,"stop":1694653655177,"duration":6233}},{"uid":"43bbfd615b35bc61","reportUrl":"https://zaelcovsky.github.io/StroyremAutomation/78//#testresult/43bbfd615b35bc61","status":"passed","time":{"start":1694567187592,"stop":1694567191825,"duration":4233}},{"uid":"dca8fbe90e87fa16","reportUrl":"https://zaelcovsky.github.io/StroyremAutomation/77//#testresult/dca8fbe90e87fa16","status":"passed","time":{"start":1694480779932,"stop":1694480786332,"duration":6400}},{"uid":"78d391dfe19dd6f4","reportUrl":"https://zaelcovsky.github.io/StroyremAutomation/76//#testresult/78d391dfe19dd6f4","status":"passed","time":{"start":1694394343001,"stop":1694394347309,"duration":4308}},{"uid":"26ea562b341100f","reportUrl":"https://zaelcovsky.github.io/StroyremAutomation/75//#testresult/26ea562b341100f","status":"passed","time":{"start":1694308105164,"stop":1694308109308,"duration":4144}},{"uid":"6c00e353d17a5ab6","reportUrl":"https://zaelcovsky.github.io/StroyremAutomation/74//#testresult/6c00e353d17a5ab6","status":"passed","time":{"start":1694221587117,"stop":1694221593269,"duration":6152}},{"uid":"cb6ef42fbad5e4f7","reportUrl":"https://zaelcovsky.github.io/StroyremAutomation/73//#testresult/cb6ef42fbad5e4f7","status":"passed","time":{"start":1694135099618,"stop":1694135103946,"duration":4328}},{"uid":"65cafb0b758c061f","reportUrl":"https://zaelcovsky.github.io/StroyremAutomation/72//#testresult/65cafb0b758c061f","status":"passed","time":{"start":1694048778128,"stop":1694048783329,"duration":5201}},{"uid":"d472a6af5dd44036","reportUrl":"https://zaelcovsky.github.io/StroyremAutomation/71//#testresult/d472a6af5dd44036","status":"passed","time":{"start":1693962458046,"stop":1693962464125,"duration":6079}},{"uid":"d23447469647f5df","reportUrl":"https://zaelcovsky.github.io/StroyremAutomation/70//#testresult/d23447469647f5df","status":"passed","time":{"start":1693875980742,"stop":1693875986204,"duration":5462}}]},"tags":["smoke_test"]},"source":"bb6741feebedad1.json","parameterValues":["'https://test2.stroyrem-nn.ru/'"]}