{"uid":"1b9423af63d2a76","name":"test_positive_delivery_green_zone_smoke[TD 007-products/shtukaturka-gipsovaya-aksolit-m50-30-kg-mashinnogo-naneseniya-66-2000-1300-2490-2980-https://sandboxtest.stroyrem-nn.ru/]","fullName":"tests.delivery.test_delivery_calculation.TestDeliveryPageCalculation#test_positive_delivery_green_zone_smoke","historyId":"01706720b82fe343c373f6b78a174407","time":{"start":1709514470090,"stop":1709514470701,"duration":611},"status":"broken","statusMessage":"selenium.common.exceptions.NoSuchElementException: Message: no such element: Unable to locate element: {\"method\":\"xpath\",\"selector\":\"(//a[@class='add-to-cart yellow-btn'])[1]\"}\n  (Session info: chrome-headless-shell=122.0.6261.94); For documentation on this error, please visit: https://www.selenium.dev/documentation/webdriver/troubleshooting/errors#no-such-element-exception\nStacktrace:\n#0 0x561322609e93 <unknown>\n#1 0x561322301ce6 <unknown>\n#2 0x56132234ce48 <unknown>\n#3 0x56132234cf01 <unknown>\n#4 0x5613223903f4 <unknown>\n#5 0x56132236eedd <unknown>\n#6 0x56132238d899 <unknown>\n#7 0x56132236ec53 <unknown>\n#8 0x56132233fdb3 <unknown>\n#9 0x56132234077e <unknown>\n#10 0x5613225cf7cb <unknown>\n#11 0x5613225d37e5 <unknown>\n#12 0x5613225bd0e1 <unknown>\n#13 0x5613225d4372 <unknown>\n#14 0x5613225a11bf <unknown>\n#15 0x5613225f8488 <unknown>\n#16 0x5613225f8683 <unknown>\n#17 0x561322609044 <unknown>\n#18 0x7f9be2bdb134 <unknown>","statusTrace":"self = <tests.delivery.test_delivery_calculation.TestDeliveryPageCalculation object at 0x7f4a64c37750>\ndriver = <selenium.webdriver.chrome.webdriver.WebDriver (session=\"abdd6cccc36d18f9b065e3411fb7fad0\")>\nurl = 'https://sandboxtest.stroyrem-nn.ru/', case_id = 'TD 007'\nlink_item = 'products/shtukaturka-gipsovaya-aksolit-m50-30-kg-mashinnogo-naneseniya'\namount = 66, weight = 2000, standard = 1300, in_time = 2490, all_time = 2980\n\n    @pytest.mark.parametrize('case_id, link_item, amount, weight, standard, in_time, all_time', [\n        (\"TD 001\", uroven_3000, 1, 30, 0, 1590, 2190),\n        (\"TD 002\", bundeks_25, 1, 30, 400, 1590, 2190),\n        (\"TD 003\", aksolit_30, 8, 300, 400, 1590, 2190),\n        (\"TD 004\", aksolit_30, 13, 400, 450, 1590, 2190),\n        (\"TD 005\", aksolit_30, 16, 500, 600, 1590, 2190),\n        (\"TD 006\", aksolit_30, 25, 1700, 990, 1990, 2480),\n        (\"TD 007\", aksolit_30, 66, 2000, 1300, 2490, 2980),\n        (\"TD 008\", aksolit_30, 149, 4500, 2300, 3980, 4490),\n        (\"TD 009\", aksolit_30, 166, 5000, 2500, 4990, 5480),\n        pytest.param(\n            \"TD 010\", aksolit_30, 206, 6200, 2900, 5570, 6120,\n            marks=pytest.mark.xfail(reson=\"Цена доставки 3600 7960 8980\")\n        ),\n        (\"TD 011\", aksolit_30, 299, 9000, 3600, 7960, 8980),\n        (\"TD 012\", aksolit_30, 333, 10000, 4450, 11990, 12500),\n        pytest.param(\n            \"TD 013\", aksolit_30, 366, 11000, 4800, 12450, 13480,\n            marks=pytest.mark.xfail(reason=\"Цена стандартной доставки 4450\")\n        ),\n        pytest.param(\n            \"TD 014\", aksolit_30, 666, 20000, 5400, 15600, 17490,\n            marks=pytest.mark.xfail(reason=\"Цена стандартной доставки 4450\")\n        )\n    ])\n    @pytest.mark.smoke\n    def test_positive_delivery_green_zone_smoke(\n            self, driver, url, case_id, link_item, amount, weight, standard, in_time, all_time\n    ):\n    \n        driver.get(f'{url}{link_item}')\n        item_page = ItemPage(driver)\n>       item_page.add_item_to_cart(amount).click_on_cart()\n\ntests/delivery/test_delivery_calculation.py:49: \n_ _ _ _ _ _ _ _ _ _ _ _ _ _ _ _ _ _ _ _ _ _ _ _ _ _ _ _ _ _ _ _ _ _ _ _ _ _ _ _ \npages/item_page.py:40: in add_item_to_cart\n    self.find_element(self._add_item).click()\nbase/seleniumbase.py:17: in find_element\n    return self.driver.find_element(*locator)\n/usr/local/lib/python3.11/site-packages/selenium/webdriver/remote/webdriver.py:740: in find_element\n    return self.execute(Command.FIND_ELEMENT, {\"using\": by, \"value\": value})[\"value\"]\n/usr/local/lib/python3.11/site-packages/selenium/webdriver/remote/webdriver.py:346: in execute\n    self.error_handler.check_response(response)\n_ _ _ _ _ _ _ _ _ _ _ _ _ _ _ _ _ _ _ _ _ _ _ _ _ _ _ _ _ _ _ _ _ _ _ _ _ _ _ _ \n\nself = <selenium.webdriver.remote.errorhandler.ErrorHandler object at 0x7f4a645eb910>\nresponse = {'status': 404, 'value': '{\"value\":{\"error\":\"no such element\",\"message\":\"no such element: Unable to locate element: {\\...\\\\n#16 0x5613225f8683 \\\\u003Cunknown>\\\\n#17 0x561322609044 \\\\u003Cunknown>\\\\n#18 0x7f9be2bdb134 \\\\u003Cunknown>\\\\n\"}}'}\n\n    def check_response(self, response: Dict[str, Any]) -> None:\n        \"\"\"Checks that a JSON response from the WebDriver does not have an\n        error.\n    \n        :Args:\n         - response - The JSON response from the WebDriver server as a dictionary\n           object.\n    \n        :Raises: If the response contains an error message.\n        \"\"\"\n        status = response.get(\"status\", None)\n        if not status or status == ErrorCode.SUCCESS:\n            return\n        value = None\n        message = response.get(\"message\", \"\")\n        screen: str = response.get(\"screen\", \"\")\n        stacktrace = None\n        if isinstance(status, int):\n            value_json = response.get(\"value\", None)\n            if value_json and isinstance(value_json, str):\n                import json\n    \n                try:\n                    value = json.loads(value_json)\n                    if len(value) == 1:\n                        value = value[\"value\"]\n                    status = value.get(\"error\", None)\n                    if not status:\n                        status = value.get(\"status\", ErrorCode.UNKNOWN_ERROR)\n                        message = value.get(\"value\") or value.get(\"message\")\n                        if not isinstance(message, str):\n                            value = message\n                            message = message.get(\"message\")\n                    else:\n                        message = value.get(\"message\", None)\n                except ValueError:\n                    pass\n    \n        exception_class: Type[WebDriverException]\n        if status in ErrorCode.NO_SUCH_ELEMENT:\n            exception_class = NoSuchElementException\n        elif status in ErrorCode.NO_SUCH_FRAME:\n            exception_class = NoSuchFrameException\n        elif status in ErrorCode.NO_SUCH_SHADOW_ROOT:\n            exception_class = NoSuchShadowRootException\n        elif status in ErrorCode.NO_SUCH_WINDOW:\n            exception_class = NoSuchWindowException\n        elif status in ErrorCode.STALE_ELEMENT_REFERENCE:\n            exception_class = StaleElementReferenceException\n        elif status in ErrorCode.ELEMENT_NOT_VISIBLE:\n            exception_class = ElementNotVisibleException\n        elif status in ErrorCode.INVALID_ELEMENT_STATE:\n            exception_class = InvalidElementStateException\n        elif (\n            status in ErrorCode.INVALID_SELECTOR\n            or status in ErrorCode.INVALID_XPATH_SELECTOR\n            or status in ErrorCode.INVALID_XPATH_SELECTOR_RETURN_TYPER\n        ):\n            exception_class = InvalidSelectorException\n        elif status in ErrorCode.ELEMENT_IS_NOT_SELECTABLE:\n            exception_class = ElementNotSelectableException\n        elif status in ErrorCode.ELEMENT_NOT_INTERACTABLE:\n            exception_class = ElementNotInteractableException\n        elif status in ErrorCode.INVALID_COOKIE_DOMAIN:\n            exception_class = InvalidCookieDomainException\n        elif status in ErrorCode.UNABLE_TO_SET_COOKIE:\n            exception_class = UnableToSetCookieException\n        elif status in ErrorCode.TIMEOUT:\n            exception_class = TimeoutException\n        elif status in ErrorCode.SCRIPT_TIMEOUT:\n            exception_class = TimeoutException\n        elif status in ErrorCode.UNKNOWN_ERROR:\n            exception_class = WebDriverException\n        elif status in ErrorCode.UNEXPECTED_ALERT_OPEN:\n            exception_class = UnexpectedAlertPresentException\n        elif status in ErrorCode.NO_ALERT_OPEN:\n            exception_class = NoAlertPresentException\n        elif status in ErrorCode.IME_NOT_AVAILABLE:\n            exception_class = ImeNotAvailableException\n        elif status in ErrorCode.IME_ENGINE_ACTIVATION_FAILED:\n            exception_class = ImeActivationFailedException\n        elif status in ErrorCode.MOVE_TARGET_OUT_OF_BOUNDS:\n            exception_class = MoveTargetOutOfBoundsException\n        elif status in ErrorCode.JAVASCRIPT_ERROR:\n            exception_class = JavascriptException\n        elif status in ErrorCode.SESSION_NOT_CREATED:\n            exception_class = SessionNotCreatedException\n        elif status in ErrorCode.INVALID_ARGUMENT:\n            exception_class = InvalidArgumentException\n        elif status in ErrorCode.NO_SUCH_COOKIE:\n            exception_class = NoSuchCookieException\n        elif status in ErrorCode.UNABLE_TO_CAPTURE_SCREEN:\n            exception_class = ScreenshotException\n        elif status in ErrorCode.ELEMENT_CLICK_INTERCEPTED:\n            exception_class = ElementClickInterceptedException\n        elif status in ErrorCode.INSECURE_CERTIFICATE:\n            exception_class = InsecureCertificateException\n        elif status in ErrorCode.INVALID_COORDINATES:\n            exception_class = InvalidCoordinatesException\n        elif status in ErrorCode.INVALID_SESSION_ID:\n            exception_class = InvalidSessionIdException\n        elif status in ErrorCode.UNKNOWN_METHOD:\n            exception_class = UnknownMethodException\n        else:\n            exception_class = WebDriverException\n        if not value:\n            value = response[\"value\"]\n        if isinstance(value, str):\n            raise exception_class(value)\n        if message == \"\" and \"message\" in value:\n            message = value[\"message\"]\n    \n        screen = None  # type: ignore[assignment]\n        if \"screen\" in value:\n            screen = value[\"screen\"]\n    \n        stacktrace = None\n        st_value = value.get(\"stackTrace\") or value.get(\"stacktrace\")\n        if st_value:\n            if isinstance(st_value, str):\n                stacktrace = st_value.split(\"\\n\")\n            else:\n                stacktrace = []\n                try:\n                    for frame in st_value:\n                        line = frame.get(\"lineNumber\", \"\")\n                        file = frame.get(\"fileName\", \"<anonymous>\")\n                        if line:\n                            file = f\"{file}:{line}\"\n                        meth = frame.get(\"methodName\", \"<anonymous>\")\n                        if \"className\" in frame:\n                            meth = f\"{frame['className']}.{meth}\"\n                        msg = \"    at %s (%s)\"\n                        msg = msg % (meth, file)\n                        stacktrace.append(msg)\n                except TypeError:\n                    pass\n        if exception_class == UnexpectedAlertPresentException:\n            alert_text = None\n            if \"data\" in value:\n                alert_text = value[\"data\"].get(\"text\")\n            elif \"alert\" in value:\n                alert_text = value[\"alert\"].get(\"text\")\n            raise exception_class(message, screen, stacktrace, alert_text)  # type: ignore[call-arg]  # mypy is not smart enough here\n>       raise exception_class(message, screen, stacktrace)\nE       selenium.common.exceptions.NoSuchElementException: Message: no such element: Unable to locate element: {\"method\":\"xpath\",\"selector\":\"(//a[@class='add-to-cart yellow-btn'])[1]\"}\nE         (Session info: chrome-headless-shell=122.0.6261.94); For documentation on this error, please visit: https://www.selenium.dev/documentation/webdriver/troubleshooting/errors#no-such-element-exception\nE       Stacktrace:\nE       #0 0x561322609e93 <unknown>\nE       #1 0x561322301ce6 <unknown>\nE       #2 0x56132234ce48 <unknown>\nE       #3 0x56132234cf01 <unknown>\nE       #4 0x5613223903f4 <unknown>\nE       #5 0x56132236eedd <unknown>\nE       #6 0x56132238d899 <unknown>\nE       #7 0x56132236ec53 <unknown>\nE       #8 0x56132233fdb3 <unknown>\nE       #9 0x56132234077e <unknown>\nE       #10 0x5613225cf7cb <unknown>\nE       #11 0x5613225d37e5 <unknown>\nE       #12 0x5613225bd0e1 <unknown>\nE       #13 0x5613225d4372 <unknown>\nE       #14 0x5613225a11bf <unknown>\nE       #15 0x5613225f8488 <unknown>\nE       #16 0x5613225f8683 <unknown>\nE       #17 0x561322609044 <unknown>\nE       #18 0x7f9be2bdb134 <unknown>\n\n/usr/local/lib/python3.11/site-packages/selenium/webdriver/remote/errorhandler.py:245: NoSuchElementException","flaky":false,"newFailed":false,"newBroken":false,"newPassed":false,"retriesCount":0,"retriesStatusChange":false,"beforeStages":[{"name":"_session_faker","time":{"start":1709514058886,"stop":1709514058953,"duration":67},"status":"passed","steps":[],"attachments":[],"parameters":[],"shouldDisplayMessage":false,"stepsCount":0,"attachmentsCount":0,"hasContent":false,"attachmentStep":false},{"name":"clear_allure_results_folder","time":{"start":1709514058953,"stop":1709514058953,"duration":0},"status":"passed","steps":[],"attachments":[],"parameters":[],"shouldDisplayMessage":false,"stepsCount":0,"attachmentsCount":0,"hasContent":false,"attachmentStep":false},{"name":"driver","time":{"start":1709514469358,"stop":1709514470089,"duration":731},"status":"passed","steps":[],"attachments":[],"parameters":[],"shouldDisplayMessage":false,"stepsCount":0,"attachmentsCount":0,"hasContent":false,"attachmentStep":false},{"name":"setup","time":{"start":1709514470089,"stop":1709514470089,"duration":0},"status":"passed","steps":[],"attachments":[],"parameters":[],"shouldDisplayMessage":false,"stepsCount":0,"attachmentsCount":0,"hasContent":false,"attachmentStep":false}],"testStage":{"status":"broken","statusMessage":"selenium.common.exceptions.NoSuchElementException: Message: no such element: Unable to locate element: {\"method\":\"xpath\",\"selector\":\"(//a[@class='add-to-cart yellow-btn'])[1]\"}\n  (Session info: chrome-headless-shell=122.0.6261.94); For documentation on this error, please visit: https://www.selenium.dev/documentation/webdriver/troubleshooting/errors#no-such-element-exception\nStacktrace:\n#0 0x561322609e93 <unknown>\n#1 0x561322301ce6 <unknown>\n#2 0x56132234ce48 <unknown>\n#3 0x56132234cf01 <unknown>\n#4 0x5613223903f4 <unknown>\n#5 0x56132236eedd <unknown>\n#6 0x56132238d899 <unknown>\n#7 0x56132236ec53 <unknown>\n#8 0x56132233fdb3 <unknown>\n#9 0x56132234077e <unknown>\n#10 0x5613225cf7cb <unknown>\n#11 0x5613225d37e5 <unknown>\n#12 0x5613225bd0e1 <unknown>\n#13 0x5613225d4372 <unknown>\n#14 0x5613225a11bf <unknown>\n#15 0x5613225f8488 <unknown>\n#16 0x5613225f8683 <unknown>\n#17 0x561322609044 <unknown>\n#18 0x7f9be2bdb134 <unknown>","statusTrace":"self = <tests.delivery.test_delivery_calculation.TestDeliveryPageCalculation object at 0x7f4a64c37750>\ndriver = <selenium.webdriver.chrome.webdriver.WebDriver (session=\"abdd6cccc36d18f9b065e3411fb7fad0\")>\nurl = 'https://sandboxtest.stroyrem-nn.ru/', case_id = 'TD 007'\nlink_item = 'products/shtukaturka-gipsovaya-aksolit-m50-30-kg-mashinnogo-naneseniya'\namount = 66, weight = 2000, standard = 1300, in_time = 2490, all_time = 2980\n\n    @pytest.mark.parametrize('case_id, link_item, amount, weight, standard, in_time, all_time', [\n        (\"TD 001\", uroven_3000, 1, 30, 0, 1590, 2190),\n        (\"TD 002\", bundeks_25, 1, 30, 400, 1590, 2190),\n        (\"TD 003\", aksolit_30, 8, 300, 400, 1590, 2190),\n        (\"TD 004\", aksolit_30, 13, 400, 450, 1590, 2190),\n        (\"TD 005\", aksolit_30, 16, 500, 600, 1590, 2190),\n        (\"TD 006\", aksolit_30, 25, 1700, 990, 1990, 2480),\n        (\"TD 007\", aksolit_30, 66, 2000, 1300, 2490, 2980),\n        (\"TD 008\", aksolit_30, 149, 4500, 2300, 3980, 4490),\n        (\"TD 009\", aksolit_30, 166, 5000, 2500, 4990, 5480),\n        pytest.param(\n            \"TD 010\", aksolit_30, 206, 6200, 2900, 5570, 6120,\n            marks=pytest.mark.xfail(reson=\"Цена доставки 3600 7960 8980\")\n        ),\n        (\"TD 011\", aksolit_30, 299, 9000, 3600, 7960, 8980),\n        (\"TD 012\", aksolit_30, 333, 10000, 4450, 11990, 12500),\n        pytest.param(\n            \"TD 013\", aksolit_30, 366, 11000, 4800, 12450, 13480,\n            marks=pytest.mark.xfail(reason=\"Цена стандартной доставки 4450\")\n        ),\n        pytest.param(\n            \"TD 014\", aksolit_30, 666, 20000, 5400, 15600, 17490,\n            marks=pytest.mark.xfail(reason=\"Цена стандартной доставки 4450\")\n        )\n    ])\n    @pytest.mark.smoke\n    def test_positive_delivery_green_zone_smoke(\n            self, driver, url, case_id, link_item, amount, weight, standard, in_time, all_time\n    ):\n    \n        driver.get(f'{url}{link_item}')\n        item_page = ItemPage(driver)\n>       item_page.add_item_to_cart(amount).click_on_cart()\n\ntests/delivery/test_delivery_calculation.py:49: \n_ _ _ _ _ _ _ _ _ _ _ _ _ _ _ _ _ _ _ _ _ _ _ _ _ _ _ _ _ _ _ _ _ _ _ _ _ _ _ _ \npages/item_page.py:40: in add_item_to_cart\n    self.find_element(self._add_item).click()\nbase/seleniumbase.py:17: in find_element\n    return self.driver.find_element(*locator)\n/usr/local/lib/python3.11/site-packages/selenium/webdriver/remote/webdriver.py:740: in find_element\n    return self.execute(Command.FIND_ELEMENT, {\"using\": by, \"value\": value})[\"value\"]\n/usr/local/lib/python3.11/site-packages/selenium/webdriver/remote/webdriver.py:346: in execute\n    self.error_handler.check_response(response)\n_ _ _ _ _ _ _ _ _ _ _ _ _ _ _ _ _ _ _ _ _ _ _ _ _ _ _ _ _ _ _ _ _ _ _ _ _ _ _ _ \n\nself = <selenium.webdriver.remote.errorhandler.ErrorHandler object at 0x7f4a645eb910>\nresponse = {'status': 404, 'value': '{\"value\":{\"error\":\"no such element\",\"message\":\"no such element: Unable to locate element: {\\...\\\\n#16 0x5613225f8683 \\\\u003Cunknown>\\\\n#17 0x561322609044 \\\\u003Cunknown>\\\\n#18 0x7f9be2bdb134 \\\\u003Cunknown>\\\\n\"}}'}\n\n    def check_response(self, response: Dict[str, Any]) -> None:\n        \"\"\"Checks that a JSON response from the WebDriver does not have an\n        error.\n    \n        :Args:\n         - response - The JSON response from the WebDriver server as a dictionary\n           object.\n    \n        :Raises: If the response contains an error message.\n        \"\"\"\n        status = response.get(\"status\", None)\n        if not status or status == ErrorCode.SUCCESS:\n            return\n        value = None\n        message = response.get(\"message\", \"\")\n        screen: str = response.get(\"screen\", \"\")\n        stacktrace = None\n        if isinstance(status, int):\n            value_json = response.get(\"value\", None)\n            if value_json and isinstance(value_json, str):\n                import json\n    \n                try:\n                    value = json.loads(value_json)\n                    if len(value) == 1:\n                        value = value[\"value\"]\n                    status = value.get(\"error\", None)\n                    if not status:\n                        status = value.get(\"status\", ErrorCode.UNKNOWN_ERROR)\n                        message = value.get(\"value\") or value.get(\"message\")\n                        if not isinstance(message, str):\n                            value = message\n                            message = message.get(\"message\")\n                    else:\n                        message = value.get(\"message\", None)\n                except ValueError:\n                    pass\n    \n        exception_class: Type[WebDriverException]\n        if status in ErrorCode.NO_SUCH_ELEMENT:\n            exception_class = NoSuchElementException\n        elif status in ErrorCode.NO_SUCH_FRAME:\n            exception_class = NoSuchFrameException\n        elif status in ErrorCode.NO_SUCH_SHADOW_ROOT:\n            exception_class = NoSuchShadowRootException\n        elif status in ErrorCode.NO_SUCH_WINDOW:\n            exception_class = NoSuchWindowException\n        elif status in ErrorCode.STALE_ELEMENT_REFERENCE:\n            exception_class = StaleElementReferenceException\n        elif status in ErrorCode.ELEMENT_NOT_VISIBLE:\n            exception_class = ElementNotVisibleException\n        elif status in ErrorCode.INVALID_ELEMENT_STATE:\n            exception_class = InvalidElementStateException\n        elif (\n            status in ErrorCode.INVALID_SELECTOR\n            or status in ErrorCode.INVALID_XPATH_SELECTOR\n            or status in ErrorCode.INVALID_XPATH_SELECTOR_RETURN_TYPER\n        ):\n            exception_class = InvalidSelectorException\n        elif status in ErrorCode.ELEMENT_IS_NOT_SELECTABLE:\n            exception_class = ElementNotSelectableException\n        elif status in ErrorCode.ELEMENT_NOT_INTERACTABLE:\n            exception_class = ElementNotInteractableException\n        elif status in ErrorCode.INVALID_COOKIE_DOMAIN:\n            exception_class = InvalidCookieDomainException\n        elif status in ErrorCode.UNABLE_TO_SET_COOKIE:\n            exception_class = UnableToSetCookieException\n        elif status in ErrorCode.TIMEOUT:\n            exception_class = TimeoutException\n        elif status in ErrorCode.SCRIPT_TIMEOUT:\n            exception_class = TimeoutException\n        elif status in ErrorCode.UNKNOWN_ERROR:\n            exception_class = WebDriverException\n        elif status in ErrorCode.UNEXPECTED_ALERT_OPEN:\n            exception_class = UnexpectedAlertPresentException\n        elif status in ErrorCode.NO_ALERT_OPEN:\n            exception_class = NoAlertPresentException\n        elif status in ErrorCode.IME_NOT_AVAILABLE:\n            exception_class = ImeNotAvailableException\n        elif status in ErrorCode.IME_ENGINE_ACTIVATION_FAILED:\n            exception_class = ImeActivationFailedException\n        elif status in ErrorCode.MOVE_TARGET_OUT_OF_BOUNDS:\n            exception_class = MoveTargetOutOfBoundsException\n        elif status in ErrorCode.JAVASCRIPT_ERROR:\n            exception_class = JavascriptException\n        elif status in ErrorCode.SESSION_NOT_CREATED:\n            exception_class = SessionNotCreatedException\n        elif status in ErrorCode.INVALID_ARGUMENT:\n            exception_class = InvalidArgumentException\n        elif status in ErrorCode.NO_SUCH_COOKIE:\n            exception_class = NoSuchCookieException\n        elif status in ErrorCode.UNABLE_TO_CAPTURE_SCREEN:\n            exception_class = ScreenshotException\n        elif status in ErrorCode.ELEMENT_CLICK_INTERCEPTED:\n            exception_class = ElementClickInterceptedException\n        elif status in ErrorCode.INSECURE_CERTIFICATE:\n            exception_class = InsecureCertificateException\n        elif status in ErrorCode.INVALID_COORDINATES:\n            exception_class = InvalidCoordinatesException\n        elif status in ErrorCode.INVALID_SESSION_ID:\n            exception_class = InvalidSessionIdException\n        elif status in ErrorCode.UNKNOWN_METHOD:\n            exception_class = UnknownMethodException\n        else:\n            exception_class = WebDriverException\n        if not value:\n            value = response[\"value\"]\n        if isinstance(value, str):\n            raise exception_class(value)\n        if message == \"\" and \"message\" in value:\n            message = value[\"message\"]\n    \n        screen = None  # type: ignore[assignment]\n        if \"screen\" in value:\n            screen = value[\"screen\"]\n    \n        stacktrace = None\n        st_value = value.get(\"stackTrace\") or value.get(\"stacktrace\")\n        if st_value:\n            if isinstance(st_value, str):\n                stacktrace = st_value.split(\"\\n\")\n            else:\n                stacktrace = []\n                try:\n                    for frame in st_value:\n                        line = frame.get(\"lineNumber\", \"\")\n                        file = frame.get(\"fileName\", \"<anonymous>\")\n                        if line:\n                            file = f\"{file}:{line}\"\n                        meth = frame.get(\"methodName\", \"<anonymous>\")\n                        if \"className\" in frame:\n                            meth = f\"{frame['className']}.{meth}\"\n                        msg = \"    at %s (%s)\"\n                        msg = msg % (meth, file)\n                        stacktrace.append(msg)\n                except TypeError:\n                    pass\n        if exception_class == UnexpectedAlertPresentException:\n            alert_text = None\n            if \"data\" in value:\n                alert_text = value[\"data\"].get(\"text\")\n            elif \"alert\" in value:\n                alert_text = value[\"alert\"].get(\"text\")\n            raise exception_class(message, screen, stacktrace, alert_text)  # type: ignore[call-arg]  # mypy is not smart enough here\n>       raise exception_class(message, screen, stacktrace)\nE       selenium.common.exceptions.NoSuchElementException: Message: no such element: Unable to locate element: {\"method\":\"xpath\",\"selector\":\"(//a[@class='add-to-cart yellow-btn'])[1]\"}\nE         (Session info: chrome-headless-shell=122.0.6261.94); For documentation on this error, please visit: https://www.selenium.dev/documentation/webdriver/troubleshooting/errors#no-such-element-exception\nE       Stacktrace:\nE       #0 0x561322609e93 <unknown>\nE       #1 0x561322301ce6 <unknown>\nE       #2 0x56132234ce48 <unknown>\nE       #3 0x56132234cf01 <unknown>\nE       #4 0x5613223903f4 <unknown>\nE       #5 0x56132236eedd <unknown>\nE       #6 0x56132238d899 <unknown>\nE       #7 0x56132236ec53 <unknown>\nE       #8 0x56132233fdb3 <unknown>\nE       #9 0x56132234077e <unknown>\nE       #10 0x5613225cf7cb <unknown>\nE       #11 0x5613225d37e5 <unknown>\nE       #12 0x5613225bd0e1 <unknown>\nE       #13 0x5613225d4372 <unknown>\nE       #14 0x5613225a11bf <unknown>\nE       #15 0x5613225f8488 <unknown>\nE       #16 0x5613225f8683 <unknown>\nE       #17 0x561322609044 <unknown>\nE       #18 0x7f9be2bdb134 <unknown>\n\n/usr/local/lib/python3.11/site-packages/selenium/webdriver/remote/errorhandler.py:245: NoSuchElementException","steps":[{"name":"Добавляем товар в корзину в количестве 66","time":{"start":1709514470688,"stop":1709514470700,"duration":12},"status":"broken","statusMessage":"selenium.common.exceptions.NoSuchElementException: Message: no such element: Unable to locate element: {\"method\":\"xpath\",\"selector\":\"(//a[@class='add-to-cart yellow-btn'])[1]\"}\n  (Session info: chrome-headless-shell=122.0.6261.94); For documentation on this error, please visit: https://www.selenium.dev/documentation/webdriver/troubleshooting/errors#no-such-element-exception\nStacktrace:\n#0 0x561322609e93 <unknown>\n#1 0x561322301ce6 <unknown>\n#2 0x56132234ce48 <unknown>\n#3 0x56132234cf01 <unknown>\n#4 0x5613223903f4 <unknown>\n#5 0x56132236eedd <unknown>\n#6 0x56132238d899 <unknown>\n#7 0x56132236ec53 <unknown>\n#8 0x56132233fdb3 <unknown>\n#9 0x56132234077e <unknown>\n#10 0x5613225cf7cb <unknown>\n#11 0x5613225d37e5 <unknown>\n#12 0x5613225bd0e1 <unknown>\n#13 0x5613225d4372 <unknown>\n#14 0x5613225a11bf <unknown>\n#15 0x5613225f8488 <unknown>\n#16 0x5613225f8683 <unknown>\n#17 0x561322609044 <unknown>\n#18 0x7f9be2bdb134 <unknown>\n\n","statusTrace":"  File \"/usr/local/lib/python3.11/site-packages/allure_commons/_allure.py\", line 192, in impl\n    return func(*a, **kw)\n           ^^^^^^^^^^^^^^\n  File \"/app/pages/item_page.py\", line 40, in add_item_to_cart\n    self.find_element(self._add_item).click()\n    ^^^^^^^^^^^^^^^^^^^^^^^^^^^^^^^^^\n  File \"/app/base/seleniumbase.py\", line 17, in find_element\n    return self.driver.find_element(*locator)\n           ^^^^^^^^^^^^^^^^^^^^^^^^^^^^^^^^^^\n  File \"/usr/local/lib/python3.11/site-packages/selenium/webdriver/remote/webdriver.py\", line 740, in find_element\n    return self.execute(Command.FIND_ELEMENT, {\"using\": by, \"value\": value})[\"value\"]\n           ^^^^^^^^^^^^^^^^^^^^^^^^^^^^^^^^^^^^^^^^^^^^^^^^^^^^^^^^^^^^^^^^^\n  File \"/usr/local/lib/python3.11/site-packages/selenium/webdriver/remote/webdriver.py\", line 346, in execute\n    self.error_handler.check_response(response)\n  File \"/usr/local/lib/python3.11/site-packages/selenium/webdriver/remote/errorhandler.py\", line 245, in check_response\n    raise exception_class(message, screen, stacktrace)\n","steps":[],"attachments":[],"parameters":[{"name":"amount","value":"66"}],"shouldDisplayMessage":true,"stepsCount":0,"attachmentsCount":0,"hasContent":true,"attachmentStep":false}],"attachments":[{"uid":"854a25225cc0f4b2","name":"Screenshot","source":"854a25225cc0f4b2.png","type":"image/png","size":5862},{"uid":"6ceda51e679777e3","name":"HTML source","source":"6ceda51e679777e3.html","type":"text/html","size":39}],"parameters":[],"shouldDisplayMessage":true,"stepsCount":1,"attachmentsCount":2,"hasContent":true,"attachmentStep":false},"afterStages":[{"name":"driver::0","time":{"start":1709514470800,"stop":1709514470856,"duration":56},"status":"passed","steps":[],"attachments":[],"parameters":[],"shouldDisplayMessage":false,"stepsCount":0,"attachmentsCount":0,"hasContent":false,"attachmentStep":false},{"name":"setup::0","time":{"start":1709514470800,"stop":1709514470800,"duration":0},"status":"passed","steps":[],"attachments":[],"parameters":[],"shouldDisplayMessage":false,"stepsCount":0,"attachmentsCount":0,"hasContent":false,"attachmentStep":false}],"labels":[{"name":"epic","value":"Delivery Page - calculation"},{"name":"tag","value":"smoke"},{"name":"parentSuite","value":"tests.delivery"},{"name":"suite","value":"test_delivery_calculation"},{"name":"subSuite","value":"TestDeliveryPageCalculation"},{"name":"host","value":"157c61e32c81"},{"name":"thread","value":"1-MainThread"},{"name":"framework","value":"pytest"},{"name":"language","value":"cpython3"},{"name":"package","value":"tests.delivery.test_delivery_calculation"},{"name":"resultFormat","value":"allure2"}],"parameters":[{"name":"all_time","value":"2980"},{"name":"amount","value":"66"},{"name":"case_id","value":"'TD 007'"},{"name":"in_time","value":"2490"},{"name":"link_item","value":"'products/shtukaturka-gipsovaya-aksolit-m50-30-kg-mashinnogo-naneseniya'"},{"name":"standard","value":"1300"},{"name":"url","value":"'https://sandboxtest.stroyrem-nn.ru/'"},{"name":"weight","value":"2000"}],"links":[],"hidden":false,"retry":false,"extra":{"severity":"normal","retries":[],"categories":[{"name":"Test defects","matchedStatuses":[],"flaky":false}],"history":{"statistic":{"failed":0,"broken":187,"skipped":0,"passed":0,"unknown":0,"total":187},"items":[{"uid":"89f7f7b190cdf025","reportUrl":"https://zaelcovsky.github.io/StroyremAutomation/250//#testresult/89f7f7b190cdf025","status":"broken","statusDetails":"selenium.common.exceptions.NoSuchElementException: Message: no such element: Unable to locate element: {\"method\":\"xpath\",\"selector\":\"(//a[@class='add-to-cart yellow-btn'])[1]\"}\n  (Session info: chrome-headless-shell=122.0.6261.94); For documentation on this error, please visit: https://www.selenium.dev/documentation/webdriver/troubleshooting/errors#no-such-element-exception\nStacktrace:\n#0 0x56490e2b4e93 <unknown>\n#1 0x56490dfacce6 <unknown>\n#2 0x56490dff7e48 <unknown>\n#3 0x56490dff7f01 <unknown>\n#4 0x56490e03b3f4 <unknown>\n#5 0x56490e019edd <unknown>\n#6 0x56490e038899 <unknown>\n#7 0x56490e019c53 <unknown>\n#8 0x56490dfeadb3 <unknown>\n#9 0x56490dfeb77e <unknown>\n#10 0x56490e27a7cb <unknown>\n#11 0x56490e27e7e5 <unknown>\n#12 0x56490e2680e1 <unknown>\n#13 0x56490e27f372 <unknown>\n#14 0x56490e24c1bf <unknown>\n#15 0x56490e2a3488 <unknown>\n#16 0x56490e2a3683 <unknown>\n#17 0x56490e2b4044 <unknown>\n#18 0x7f9e99efe134 <unknown>","time":{"start":1709428287266,"stop":1709428287673,"duration":407}},{"uid":"d898fc06b827d5e4","reportUrl":"https://zaelcovsky.github.io/StroyremAutomation/249//#testresult/d898fc06b827d5e4","status":"broken","statusDetails":"selenium.common.exceptions.NoSuchElementException: Message: no such element: Unable to locate element: {\"method\":\"xpath\",\"selector\":\"(//a[@class='add-to-cart yellow-btn'])[1]\"}\n  (Session info: chrome-headless-shell=122.0.6261.94); For documentation on this error, please visit: https://www.selenium.dev/documentation/webdriver/troubleshooting/errors#no-such-element-exception\nStacktrace:\n#0 0x55d9d7a05e93 <unknown>\n#1 0x55d9d76fdce6 <unknown>\n#2 0x55d9d7748e48 <unknown>\n#3 0x55d9d7748f01 <unknown>\n#4 0x55d9d778c3f4 <unknown>\n#5 0x55d9d776aedd <unknown>\n#6 0x55d9d7789899 <unknown>\n#7 0x55d9d776ac53 <unknown>\n#8 0x55d9d773bdb3 <unknown>\n#9 0x55d9d773c77e <unknown>\n#10 0x55d9d79cb7cb <unknown>\n#11 0x55d9d79cf7e5 <unknown>\n#12 0x55d9d79b90e1 <unknown>\n#13 0x55d9d79d0372 <unknown>\n#14 0x55d9d799d1bf <unknown>\n#15 0x55d9d79f4488 <unknown>\n#16 0x55d9d79f4683 <unknown>\n#17 0x55d9d7a05044 <unknown>\n#18 0x7ffbbee95134 <unknown>","time":{"start":1709341632641,"stop":1709341633060,"duration":419}},{"uid":"229470183adbb8ff","reportUrl":"https://zaelcovsky.github.io/StroyremAutomation/248//#testresult/229470183adbb8ff","status":"broken","statusDetails":"selenium.common.exceptions.NoSuchElementException: Message: no such element: Unable to locate element: {\"method\":\"xpath\",\"selector\":\"(//a[@class='add-to-cart yellow-btn'])[1]\"}\n  (Session info: chrome-headless-shell=122.0.6261.94); For documentation on this error, please visit: https://www.selenium.dev/documentation/webdriver/troubleshooting/errors#no-such-element-exception\nStacktrace:\n#0 0x564c91368e93 <unknown>\n#1 0x564c91060ce6 <unknown>\n#2 0x564c910abe48 <unknown>\n#3 0x564c910abf01 <unknown>\n#4 0x564c910ef3f4 <unknown>\n#5 0x564c910cdedd <unknown>\n#6 0x564c910ec899 <unknown>\n#7 0x564c910cdc53 <unknown>\n#8 0x564c9109edb3 <unknown>\n#9 0x564c9109f77e <unknown>\n#10 0x564c9132e7cb <unknown>\n#11 0x564c913327e5 <unknown>\n#12 0x564c9131c0e1 <unknown>\n#13 0x564c91333372 <unknown>\n#14 0x564c913001bf <unknown>\n#15 0x564c91357488 <unknown>\n#16 0x564c91357683 <unknown>\n#17 0x564c91368044 <unknown>\n#18 0x7fb68d88c134 <unknown>","time":{"start":1709255561276,"stop":1709255561575,"duration":299}},{"uid":"b81eb4faa2bd774f","reportUrl":"https://zaelcovsky.github.io/StroyremAutomation/247//#testresult/b81eb4faa2bd774f","status":"broken","statusDetails":"selenium.common.exceptions.NoSuchElementException: Message: no such element: Unable to locate element: {\"method\":\"xpath\",\"selector\":\"(//a[@class='add-to-cart yellow-btn'])[1]\"}\n  (Session info: chrome-headless-shell=122.0.6261.94); For documentation on this error, please visit: https://www.selenium.dev/documentation/webdriver/troubleshooting/errors#no-such-element-exception\nStacktrace:\n#0 0x55f2cf69de93 <unknown>\n#1 0x55f2cf395ce6 <unknown>\n#2 0x55f2cf3e0e48 <unknown>\n#3 0x55f2cf3e0f01 <unknown>\n#4 0x55f2cf4243f4 <unknown>\n#5 0x55f2cf402edd <unknown>\n#6 0x55f2cf421899 <unknown>\n#7 0x55f2cf402c53 <unknown>\n#8 0x55f2cf3d3db3 <unknown>\n#9 0x55f2cf3d477e <unknown>\n#10 0x55f2cf6637cb <unknown>\n#11 0x55f2cf6677e5 <unknown>\n#12 0x55f2cf6510e1 <unknown>\n#13 0x55f2cf668372 <unknown>\n#14 0x55f2cf6351bf <unknown>\n#15 0x55f2cf68c488 <unknown>\n#16 0x55f2cf68c683 <unknown>\n#17 0x55f2cf69d044 <unknown>\n#18 0x7f87244f8134 <unknown>","time":{"start":1709168825604,"stop":1709168826068,"duration":464}},{"uid":"3fd156bd068a18e6","reportUrl":"https://zaelcovsky.github.io/StroyremAutomation/246//#testresult/3fd156bd068a18e6","status":"broken","statusDetails":"selenium.common.exceptions.NoSuchElementException: Message: no such element: Unable to locate element: {\"method\":\"xpath\",\"selector\":\"(//a[@class='add-to-cart yellow-btn'])[1]\"}\n  (Session info: chrome-headless-shell=122.0.6261.94); For documentation on this error, please visit: https://www.selenium.dev/documentation/webdriver/troubleshooting/errors#no-such-element-exception\nStacktrace:\n#0 0x556567b53e93 <unknown>\n#1 0x55656784bce6 <unknown>\n#2 0x556567896e48 <unknown>\n#3 0x556567896f01 <unknown>\n#4 0x5565678da3f4 <unknown>\n#5 0x5565678b8edd <unknown>\n#6 0x5565678d7899 <unknown>\n#7 0x5565678b8c53 <unknown>\n#8 0x556567889db3 <unknown>\n#9 0x55656788a77e <unknown>\n#10 0x556567b197cb <unknown>\n#11 0x556567b1d7e5 <unknown>\n#12 0x556567b070e1 <unknown>\n#13 0x556567b1e372 <unknown>\n#14 0x556567aeb1bf <unknown>\n#15 0x556567b42488 <unknown>\n#16 0x556567b42683 <unknown>\n#17 0x556567b53044 <unknown>\n#18 0x7f8e2370b134 <unknown>","time":{"start":1709082443132,"stop":1709082443604,"duration":472}},{"uid":"704781b8ea6b04b3","reportUrl":"https://zaelcovsky.github.io/StroyremAutomation/245//#testresult/704781b8ea6b04b3","status":"broken","statusDetails":"selenium.common.exceptions.NoSuchElementException: Message: no such element: Unable to locate element: {\"method\":\"xpath\",\"selector\":\"(//a[@class='add-to-cart yellow-btn'])[1]\"}\n  (Session info: chrome-headless-shell=122.0.6261.69); For documentation on this error, please visit: https://www.selenium.dev/documentation/webdriver/troubleshooting/errors#no-such-element-exception\nStacktrace:\n#0 0x564cec8d8793 <unknown>\n#1 0x564cec5cc1c6 <unknown>\n#2 0x564cec617358 <unknown>\n#3 0x564cec617411 <unknown>\n#4 0x564cec65a934 <unknown>\n#5 0x564cec6393fd <unknown>\n#6 0x564cec657dd9 <unknown>\n#7 0x564cec639173 <unknown>\n#8 0x564cec60a2d3 <unknown>\n#9 0x564cec60ac9e <unknown>\n#10 0x564cec89c8cb <unknown>\n#11 0x564cec8a0745 <unknown>\n#12 0x564cec8892e1 <unknown>\n#13 0x564cec8a12d2 <unknown>\n#14 0x564cec86d17f <unknown>\n#15 0x564cec8c6dc8 <unknown>\n#16 0x564cec8c6fc3 <unknown>\n#17 0x564cec8d7944 <unknown>\n#18 0x7fb70123f134 <unknown>","time":{"start":1708996070222,"stop":1708996070627,"duration":405}},{"uid":"d9d3920b179f90f1","reportUrl":"https://zaelcovsky.github.io/StroyremAutomation/244//#testresult/d9d3920b179f90f1","status":"broken","statusDetails":"selenium.common.exceptions.NoSuchElementException: Message: no such element: Unable to locate element: {\"method\":\"xpath\",\"selector\":\"(//a[@class='add-to-cart yellow-btn'])[1]\"}\n  (Session info: chrome-headless-shell=122.0.6261.69); For documentation on this error, please visit: https://www.selenium.dev/documentation/webdriver/troubleshooting/errors#no-such-element-exception\nStacktrace:\n#0 0x565266042793 <unknown>\n#1 0x565265d361c6 <unknown>\n#2 0x565265d81358 <unknown>\n#3 0x565265d81411 <unknown>\n#4 0x565265dc4934 <unknown>\n#5 0x565265da33fd <unknown>\n#6 0x565265dc1dd9 <unknown>\n#7 0x565265da3173 <unknown>\n#8 0x565265d742d3 <unknown>\n#9 0x565265d74c9e <unknown>\n#10 0x5652660068cb <unknown>\n#11 0x56526600a745 <unknown>\n#12 0x565265ff32e1 <unknown>\n#13 0x56526600b2d2 <unknown>\n#14 0x565265fd717f <unknown>\n#15 0x565266030dc8 <unknown>\n#16 0x565266030fc3 <unknown>\n#17 0x565266041944 <unknown>\n#18 0x7f88729e7134 <unknown>","time":{"start":1708909693524,"stop":1708909693819,"duration":295}},{"uid":"5ff2b82836055281","reportUrl":"https://zaelcovsky.github.io/StroyremAutomation/243//#testresult/5ff2b82836055281","status":"broken","statusDetails":"selenium.common.exceptions.NoSuchElementException: Message: no such element: Unable to locate element: {\"method\":\"xpath\",\"selector\":\"(//a[@class='add-to-cart yellow-btn'])[1]\"}\n  (Session info: chrome-headless-shell=122.0.6261.69); For documentation on this error, please visit: https://www.selenium.dev/documentation/webdriver/troubleshooting/errors#no-such-element-exception\nStacktrace:\n#0 0x55a23c962793 <unknown>\n#1 0x55a23c6561c6 <unknown>\n#2 0x55a23c6a1358 <unknown>\n#3 0x55a23c6a1411 <unknown>\n#4 0x55a23c6e4934 <unknown>\n#5 0x55a23c6c33fd <unknown>\n#6 0x55a23c6e1dd9 <unknown>\n#7 0x55a23c6c3173 <unknown>\n#8 0x55a23c6942d3 <unknown>\n#9 0x55a23c694c9e <unknown>\n#10 0x55a23c9268cb <unknown>\n#11 0x55a23c92a745 <unknown>\n#12 0x55a23c9132e1 <unknown>\n#13 0x55a23c92b2d2 <unknown>\n#14 0x55a23c8f717f <unknown>\n#15 0x55a23c950dc8 <unknown>\n#16 0x55a23c950fc3 <unknown>\n#17 0x55a23c961944 <unknown>\n#18 0x7feedd8bf134 <unknown>","time":{"start":1708823477437,"stop":1708823477840,"duration":403}},{"uid":"c357bb32d1fc1f4d","reportUrl":"https://zaelcovsky.github.io/StroyremAutomation/242//#testresult/c357bb32d1fc1f4d","status":"broken","statusDetails":"selenium.common.exceptions.NoSuchElementException: Message: no such element: Unable to locate element: {\"method\":\"xpath\",\"selector\":\"(//a[@class='add-to-cart yellow-btn'])[1]\"}\n  (Session info: chrome-headless-shell=122.0.6261.69); For documentation on this error, please visit: https://www.selenium.dev/documentation/webdriver/troubleshooting/errors#no-such-element-exception\nStacktrace:\n#0 0x561dfee7f793 <unknown>\n#1 0x561dfeb731c6 <unknown>\n#2 0x561dfebbe358 <unknown>\n#3 0x561dfebbe411 <unknown>\n#4 0x561dfec01934 <unknown>\n#5 0x561dfebe03fd <unknown>\n#6 0x561dfebfedd9 <unknown>\n#7 0x561dfebe0173 <unknown>\n#8 0x561dfebb12d3 <unknown>\n#9 0x561dfebb1c9e <unknown>\n#10 0x561dfee438cb <unknown>\n#11 0x561dfee47745 <unknown>\n#12 0x561dfee302e1 <unknown>\n#13 0x561dfee482d2 <unknown>\n#14 0x561dfee1417f <unknown>\n#15 0x561dfee6ddc8 <unknown>\n#16 0x561dfee6dfc3 <unknown>\n#17 0x561dfee7e944 <unknown>\n#18 0x7f020f498134 <unknown>","time":{"start":1708736776651,"stop":1708736777258,"duration":607}},{"uid":"31506bf86516a1cd","reportUrl":"https://zaelcovsky.github.io/StroyremAutomation/241//#testresult/31506bf86516a1cd","status":"broken","statusDetails":"selenium.common.exceptions.NoSuchElementException: Message: no such element: Unable to locate element: {\"method\":\"xpath\",\"selector\":\"(//a[@class='add-to-cart yellow-btn'])[1]\"}\n  (Session info: chrome-headless-shell=122.0.6261.69); For documentation on this error, please visit: https://www.selenium.dev/documentation/webdriver/troubleshooting/errors#no-such-element-exception\nStacktrace:\n#0 0x5556b4d72793 <unknown>\n#1 0x5556b4a661c6 <unknown>\n#2 0x5556b4ab1358 <unknown>\n#3 0x5556b4ab1411 <unknown>\n#4 0x5556b4af4934 <unknown>\n#5 0x5556b4ad33fd <unknown>\n#6 0x5556b4af1dd9 <unknown>\n#7 0x5556b4ad3173 <unknown>\n#8 0x5556b4aa42d3 <unknown>\n#9 0x5556b4aa4c9e <unknown>\n#10 0x5556b4d368cb <unknown>\n#11 0x5556b4d3a745 <unknown>\n#12 0x5556b4d232e1 <unknown>\n#13 0x5556b4d3b2d2 <unknown>\n#14 0x5556b4d0717f <unknown>\n#15 0x5556b4d60dc8 <unknown>\n#16 0x5556b4d60fc3 <unknown>\n#17 0x5556b4d71944 <unknown>\n#18 0x7ff657249134 <unknown>","time":{"start":1708650375959,"stop":1708650376642,"duration":683}},{"uid":"19be36a9aca3b828","reportUrl":"https://zaelcovsky.github.io/StroyremAutomation/240//#testresult/19be36a9aca3b828","status":"broken","statusDetails":"selenium.common.exceptions.NoSuchElementException: Message: no such element: Unable to locate element: {\"method\":\"xpath\",\"selector\":\"(//a[@class='add-to-cart yellow-btn'])[1]\"}\n  (Session info: chrome-headless-shell=122.0.6261.57); For documentation on this error, please visit: https://www.selenium.dev/documentation/webdriver/troubleshooting/errors#no-such-element-exception\nStacktrace:\n#0 0x56029e8507d3 <unknown>\n#1 0x56029e5441c6 <unknown>\n#2 0x56029e58f358 <unknown>\n#3 0x56029e58f411 <unknown>\n#4 0x56029e5d2934 <unknown>\n#5 0x56029e5b13fd <unknown>\n#6 0x56029e5cfdd9 <unknown>\n#7 0x56029e5b1173 <unknown>\n#8 0x56029e5822d3 <unknown>\n#9 0x56029e582c9e <unknown>\n#10 0x56029e81490b <unknown>\n#11 0x56029e818785 <unknown>\n#12 0x56029e801321 <unknown>\n#13 0x56029e819312 <unknown>\n#14 0x56029e7e51bf <unknown>\n#15 0x56029e83ee08 <unknown>\n#16 0x56029e83f003 <unknown>\n#17 0x56029e84f984 <unknown>\n#18 0x7fedaa1a4134 <unknown>","time":{"start":1708564013380,"stop":1708564013802,"duration":422}},{"uid":"8ef54eab6302f1f","reportUrl":"https://zaelcovsky.github.io/StroyremAutomation/239//#testresult/8ef54eab6302f1f","status":"broken","statusDetails":"selenium.common.exceptions.NoSuchElementException: Message: no such element: Unable to locate element: {\"method\":\"xpath\",\"selector\":\"(//a[@class='add-to-cart yellow-btn'])[1]\"}\n  (Session info: chrome-headless-shell=122.0.6261.57); For documentation on this error, please visit: https://www.selenium.dev/documentation/webdriver/troubleshooting/errors#no-such-element-exception\nStacktrace:\n#0 0x564fa8ae87d3 <unknown>\n#1 0x564fa87dc1c6 <unknown>\n#2 0x564fa8827358 <unknown>\n#3 0x564fa8827411 <unknown>\n#4 0x564fa886a934 <unknown>\n#5 0x564fa88493fd <unknown>\n#6 0x564fa8867dd9 <unknown>\n#7 0x564fa8849173 <unknown>\n#8 0x564fa881a2d3 <unknown>\n#9 0x564fa881ac9e <unknown>\n#10 0x564fa8aac90b <unknown>\n#11 0x564fa8ab0785 <unknown>\n#12 0x564fa8a99321 <unknown>\n#13 0x564fa8ab1312 <unknown>\n#14 0x564fa8a7d1bf <unknown>\n#15 0x564fa8ad6e08 <unknown>\n#16 0x564fa8ad7003 <unknown>\n#17 0x564fa8ae7984 <unknown>\n#18 0x7ff93632b134 <unknown>","time":{"start":1708477670917,"stop":1708477671334,"duration":417}},{"uid":"42434b74be727a61","reportUrl":"https://zaelcovsky.github.io/StroyremAutomation/238//#testresult/42434b74be727a61","status":"broken","statusDetails":"selenium.common.exceptions.NoSuchElementException: Message: no such element: Unable to locate element: {\"method\":\"xpath\",\"selector\":\"(//a[@class='add-to-cart yellow-btn'])[1]\"}\n  (Session info: chrome-headless-shell=121.0.6167.184); For documentation on this error, please visit: https://www.selenium.dev/documentation/webdriver/troubleshooting/errors#no-such-element-exception\nStacktrace:\n#0 0x5580bfbbc303 <unknown>\n#1 0x5580bf8a12b7 <unknown>\n#2 0x5580bf8eccc0 <unknown>\n#3 0x5580bf8ecdb1 <unknown>\n#4 0x5580bf930b44 <unknown>\n#5 0x5580bf90f3ad <unknown>\n#6 0x5580bf92e07c <unknown>\n#7 0x5580bf90f123 <unknown>\n#8 0x5580bf8df095 <unknown>\n#9 0x5580bf8e009e <unknown>\n#10 0x5580bfb806ab <unknown>\n#11 0x5580bfb844ba <unknown>\n#12 0x5580bfb6cf85 <unknown>\n#13 0x5580bfb8512f <unknown>\n#14 0x5580bfb50e6f <unknown>\n#15 0x5580bfba95f8 <unknown>\n#16 0x5580bfba97c2 <unknown>\n#17 0x5580bfbbb4a4 <unknown>\n#18 0x7fcdbc5a4134 <unknown>","time":{"start":1708391205332,"stop":1708391205788,"duration":456}},{"uid":"428f5e1d1173a182","reportUrl":"https://zaelcovsky.github.io/StroyremAutomation/237//#testresult/428f5e1d1173a182","status":"broken","statusDetails":"selenium.common.exceptions.NoSuchElementException: Message: no such element: Unable to locate element: {\"method\":\"xpath\",\"selector\":\"(//a[@class='add-to-cart yellow-btn'])[1]\"}\n  (Session info: chrome-headless-shell=121.0.6167.184); For documentation on this error, please visit: https://www.selenium.dev/documentation/webdriver/troubleshooting/errors#no-such-element-exception\nStacktrace:\n#0 0x558d0fbbe303 <unknown>\n#1 0x558d0f8a32b7 <unknown>\n#2 0x558d0f8eecc0 <unknown>\n#3 0x558d0f8eedb1 <unknown>\n#4 0x558d0f932b44 <unknown>\n#5 0x558d0f9113ad <unknown>\n#6 0x558d0f93007c <unknown>\n#7 0x558d0f911123 <unknown>\n#8 0x558d0f8e1095 <unknown>\n#9 0x558d0f8e209e <unknown>\n#10 0x558d0fb826ab <unknown>\n#11 0x558d0fb864ba <unknown>\n#12 0x558d0fb6ef85 <unknown>\n#13 0x558d0fb8712f <unknown>\n#14 0x558d0fb52e6f <unknown>\n#15 0x558d0fbab5f8 <unknown>\n#16 0x558d0fbab7c2 <unknown>\n#17 0x558d0fbbd4a4 <unknown>\n#18 0x7f707a06a134 <unknown>","time":{"start":1708305012254,"stop":1708305012879,"duration":625}},{"uid":"47e6f8bc61cba924","reportUrl":"https://zaelcovsky.github.io/StroyremAutomation/236//#testresult/47e6f8bc61cba924","status":"broken","statusDetails":"selenium.common.exceptions.NoSuchElementException: Message: no such element: Unable to locate element: {\"method\":\"xpath\",\"selector\":\"(//a[@class='add-to-cart yellow-btn'])[1]\"}\n  (Session info: chrome-headless-shell=121.0.6167.184); For documentation on this error, please visit: https://www.selenium.dev/documentation/webdriver/troubleshooting/errors#no-such-element-exception\nStacktrace:\n#0 0x55bf71d37303 <unknown>\n#1 0x55bf71a1c2b7 <unknown>\n#2 0x55bf71a67cc0 <unknown>\n#3 0x55bf71a67db1 <unknown>\n#4 0x55bf71aabb44 <unknown>\n#5 0x55bf71a8a3ad <unknown>\n#6 0x55bf71aa907c <unknown>\n#7 0x55bf71a8a123 <unknown>\n#8 0x55bf71a5a095 <unknown>\n#9 0x55bf71a5b09e <unknown>\n#10 0x55bf71cfb6ab <unknown>\n#11 0x55bf71cff4ba <unknown>\n#12 0x55bf71ce7f85 <unknown>\n#13 0x55bf71d0012f <unknown>\n#14 0x55bf71ccbe6f <unknown>\n#15 0x55bf71d245f8 <unknown>\n#16 0x55bf71d247c2 <unknown>\n#17 0x55bf71d364a4 <unknown>\n#18 0x7f23258f5134 <unknown>","time":{"start":1708218699747,"stop":1708218700231,"duration":484}},{"uid":"f7309fea7d957ba6","reportUrl":"https://zaelcovsky.github.io/StroyremAutomation/235//#testresult/f7309fea7d957ba6","status":"broken","statusDetails":"selenium.common.exceptions.NoSuchElementException: Message: no such element: Unable to locate element: {\"method\":\"xpath\",\"selector\":\"(//a[@class='add-to-cart yellow-btn'])[1]\"}\n  (Session info: chrome-headless-shell=121.0.6167.184); For documentation on this error, please visit: https://www.selenium.dev/documentation/webdriver/troubleshooting/errors#no-such-element-exception\nStacktrace:\n#0 0x560673fad303 <unknown>\n#1 0x560673c922b7 <unknown>\n#2 0x560673cddcc0 <unknown>\n#3 0x560673cdddb1 <unknown>\n#4 0x560673d21b44 <unknown>\n#5 0x560673d003ad <unknown>\n#6 0x560673d1f07c <unknown>\n#7 0x560673d00123 <unknown>\n#8 0x560673cd0095 <unknown>\n#9 0x560673cd109e <unknown>\n#10 0x560673f716ab <unknown>\n#11 0x560673f754ba <unknown>\n#12 0x560673f5df85 <unknown>\n#13 0x560673f7612f <unknown>\n#14 0x560673f41e6f <unknown>\n#15 0x560673f9a5f8 <unknown>\n#16 0x560673f9a7c2 <unknown>\n#17 0x560673fac4a4 <unknown>\n#18 0x7efe50c34134 <unknown>","time":{"start":1708131995167,"stop":1708131995582,"duration":415}},{"uid":"7197de08ae89320","reportUrl":"https://zaelcovsky.github.io/StroyremAutomation/234//#testresult/7197de08ae89320","status":"broken","statusDetails":"selenium.common.exceptions.NoSuchElementException: Message: no such element: Unable to locate element: {\"method\":\"xpath\",\"selector\":\"(//a[@class='add-to-cart yellow-btn'])[1]\"}\n  (Session info: chrome-headless-shell=121.0.6167.85); For documentation on this error, please visit: https://www.selenium.dev/documentation/webdriver/troubleshooting/errors#no-such-element-exception\nStacktrace:\n#0 0x56063f39fd93 <unknown>\n#1 0x56063f083337 <unknown>\n#2 0x56063f0ced60 <unknown>\n#3 0x56063f0cee51 <unknown>\n#4 0x56063f112bc4 <unknown>\n#5 0x56063f0f146d <unknown>\n#6 0x56063f11012d <unknown>\n#7 0x56063f0f11e3 <unknown>\n#8 0x56063f0c1135 <unknown>\n#9 0x56063f0c213e <unknown>\n#10 0x56063f363e4b <unknown>\n#11 0x56063f367dfa <unknown>\n#12 0x56063f3506d5 <unknown>\n#13 0x56063f368a6f <unknown>\n#14 0x56063f33469f <unknown>\n#15 0x56063f38d098 <unknown>\n#16 0x56063f38d262 <unknown>\n#17 0x56063f39ef34 <unknown>\n#18 0x7f34271ba134 <unknown>","time":{"start":1708045643168,"stop":1708045643599,"duration":431}},{"uid":"418c37f849dc7e01","reportUrl":"https://zaelcovsky.github.io/StroyremAutomation/233//#testresult/418c37f849dc7e01","status":"broken","statusDetails":"selenium.common.exceptions.NoSuchElementException: Message: no such element: Unable to locate element: {\"method\":\"xpath\",\"selector\":\"(//a[@class='add-to-cart yellow-btn'])[1]\"}\n  (Session info: chrome-headless-shell=121.0.6167.85); For documentation on this error, please visit: https://www.selenium.dev/documentation/webdriver/troubleshooting/errors#no-such-element-exception\nStacktrace:\n#0 0x560ce70ebd93 <unknown>\n#1 0x560ce6dcf337 <unknown>\n#2 0x560ce6e1ad60 <unknown>\n#3 0x560ce6e1ae51 <unknown>\n#4 0x560ce6e5ebc4 <unknown>\n#5 0x560ce6e3d46d <unknown>\n#6 0x560ce6e5c12d <unknown>\n#7 0x560ce6e3d1e3 <unknown>\n#8 0x560ce6e0d135 <unknown>\n#9 0x560ce6e0e13e <unknown>\n#10 0x560ce70afe4b <unknown>\n#11 0x560ce70b3dfa <unknown>\n#12 0x560ce709c6d5 <unknown>\n#13 0x560ce70b4a6f <unknown>\n#14 0x560ce708069f <unknown>\n#15 0x560ce70d9098 <unknown>\n#16 0x560ce70d9262 <unknown>\n#17 0x560ce70eaf34 <unknown>\n#18 0x7fd25ec13134 <unknown>","time":{"start":1707959347819,"stop":1707959348229,"duration":410}},{"uid":"ae571dc050b67b0b","reportUrl":"https://zaelcovsky.github.io/StroyremAutomation/232//#testresult/ae571dc050b67b0b","status":"broken","statusDetails":"selenium.common.exceptions.NoSuchElementException: Message: no such element: Unable to locate element: {\"method\":\"xpath\",\"selector\":\"(//a[@class='add-to-cart yellow-btn'])[1]\"}\n  (Session info: chrome-headless-shell=121.0.6167.85); For documentation on this error, please visit: https://www.selenium.dev/documentation/webdriver/troubleshooting/errors#no-such-element-exception\nStacktrace:\n#0 0x555d4a236d93 <unknown>\n#1 0x555d49f1a337 <unknown>\n#2 0x555d49f65d60 <unknown>\n#3 0x555d49f65e51 <unknown>\n#4 0x555d49fa9bc4 <unknown>\n#5 0x555d49f8846d <unknown>\n#6 0x555d49fa712d <unknown>\n#7 0x555d49f881e3 <unknown>\n#8 0x555d49f58135 <unknown>\n#9 0x555d49f5913e <unknown>\n#10 0x555d4a1fae4b <unknown>\n#11 0x555d4a1fedfa <unknown>\n#12 0x555d4a1e76d5 <unknown>\n#13 0x555d4a1ffa6f <unknown>\n#14 0x555d4a1cb69f <unknown>\n#15 0x555d4a224098 <unknown>\n#16 0x555d4a224262 <unknown>\n#17 0x555d4a235f34 <unknown>\n#18 0x7f6666cfb134 <unknown>","time":{"start":1707872892094,"stop":1707872892403,"duration":309}},{"uid":"b112f7a87ee34836","reportUrl":"https://zaelcovsky.github.io/StroyremAutomation/231//#testresult/b112f7a87ee34836","status":"broken","statusDetails":"selenium.common.exceptions.NoSuchElementException: Message: no such element: Unable to locate element: {\"method\":\"xpath\",\"selector\":\"(//a[@class='add-to-cart yellow-btn'])[1]\"}\n  (Session info: chrome-headless-shell=121.0.6167.85); For documentation on this error, please visit: https://www.selenium.dev/documentation/webdriver/troubleshooting/errors#no-such-element-exception\nStacktrace:\n#0 0x56364bc5cd93 <unknown>\n#1 0x56364b940337 <unknown>\n#2 0x56364b98bd60 <unknown>\n#3 0x56364b98be51 <unknown>\n#4 0x56364b9cfbc4 <unknown>\n#5 0x56364b9ae46d <unknown>\n#6 0x56364b9cd12d <unknown>\n#7 0x56364b9ae1e3 <unknown>\n#8 0x56364b97e135 <unknown>\n#9 0x56364b97f13e <unknown>\n#10 0x56364bc20e4b <unknown>\n#11 0x56364bc24dfa <unknown>\n#12 0x56364bc0d6d5 <unknown>\n#13 0x56364bc25a6f <unknown>\n#14 0x56364bbf169f <unknown>\n#15 0x56364bc4a098 <unknown>\n#16 0x56364bc4a262 <unknown>\n#17 0x56364bc5bf34 <unknown>\n#18 0x7fd449dbb134 <unknown>","time":{"start":1707786599356,"stop":1707786599973,"duration":617}}]},"tags":["smoke"]},"source":"1b9423af63d2a76.json","parameterValues":["2980","66","'TD 007'","2490","'products/shtukaturka-gipsovaya-aksolit-m50-30-kg-mashinnogo-naneseniya'","1300","'https://sandboxtest.stroyrem-nn.ru/'","2000"]}