{"uid":"536c92e607a31890","name":"TD 027 Доставка товара весом до 20000кг. в синей зоне","fullName":"tests.delivery.test_delivery_calculation.TestDeliveryPageCalculation#test_positive_delivery_blue_zone_smoke","historyId":"49062b7c5da85eb347f6307a3580a7f1","time":{"start":1700874617071,"stop":1700874620681,"duration":3610},"status":"skipped","statusMessage":"XFAIL\n\nselenium.common.exceptions.NoSuchElementException: Message: no such element: Unable to locate element: {\"method\":\"xpath\",\"selector\":\"//input[@class='amount']\"}\n  (Session info: headless chrome=119.0.6045.105); For documentation on this error, please visit: https://www.selenium.dev/documentation/webdriver/troubleshooting/errors#no-such-element-exception\nStacktrace:\n#0 0x55c44edf35e3 <unknown>\n#1 0x55c44eab60b7 <unknown>\n#2 0x55c44eb03f53 <unknown>\n#3 0x55c44eb04051 <unknown>\n#4 0x55c44eb499c4 <unknown>\n#5 0x55c44eb2af1d <unknown>\n#6 0x55c44eb46b3d <unknown>\n#7 0x55c44eb2acc3 <unknown>\n#8 0x55c44eaf60e4 <unknown>\n#9 0x55c44eaf70ae <unknown>\n#10 0x55c44edb9ce1 <unknown>\n#11 0x55c44edbdb7e <unknown>\n#12 0x55c44eda74b5 <unknown>\n#13 0x55c44edbe7d6 <unknown>\n#14 0x55c44ed8adbf <unknown>\n#15 0x55c44ede1748 <unknown>\n#16 0x55c44ede1917 <unknown>\n#17 0x55c44edf2773 <unknown>\n#18 0x7f6cd96e4044 <unknown>","statusTrace":"self = <tests.delivery.test_delivery_calculation.TestDeliveryPageCalculation object at 0x7f8882877150>\ndriver = <selenium.webdriver.chrome.webdriver.WebDriver (session=\"80df50ce28bc2ee274fc66033720b6f2\")>\nurl = 'https://sandboxtest.stroyrem-nn.ru/', case_id = 'TD 027'\nlink_item = 'products/shtukaturka-gipsovaya-aksolit-m50-30-kg-mashinnogo-naneseniya'\namount = 666, weight = 20000, standard = 14000, in_time = 16900\nall_time = 23900\n\n    @pytest.mark.parametrize('case_id, link_item, amount, weight, standard, in_time, all_time', [\n        (\"TD 015\", bundeks_25, 1, 30, 650, 2390, 3320),\n        pytest.param(\n            \"TD 016\", aksolit_30, 8, 300, 650, 2390, 3320,\n            marks=pytest.mark.xfail(reson=\"Цена доставки: - - -\")\n        ),\n        (\"TD 017\", aksolit_30, 13, 400, 650, 2390, 3320),\n        (\"TD 018\", aksolit_30, 16, 500, 850, 2490, 3320),\n        (\"TD 019\", aksolit_30, 25, 1700, 1150, 2490, 3320),\n        (\"TD 020\", aksolit_30, 66, 2000, 1500, 2990, 3650),\n        (\"TD 021\", aksolit_30, 149, 4500, 2600, 4380, 4890),\n        (\"TD 022\", aksolit_30, 166, 5000, 2800, 5490, 5980),\n        pytest.param(\n            \"TD 023\", aksolit_30, 206, 6200, 3300, 7500, 8000,\n            marks=pytest.mark.xfail(reson=\"Цена доставки: 4300 9900 11440\")\n        ),\n        (\"TD 024\", aksolit_30, 299, 9000, 4300, 9900, 11440),\n        (\"TD 025\", aksolit_30, 333, 10000, 7000, 13900, 15900),\n        pytest.param(\n            \"TD 026\", aksolit_30, 366, 11000, 8000, 14900, 19900,\n            marks=pytest.mark.xfail(reson=\"Цена доставки: 7000 13900 15900\")\n        ),\n        pytest.param(\n            \"TD 027\", aksolit_30, 666, 20000, 14000, 16900, 23900,\n            marks=pytest.mark.xfail(reson=\"Цена доставки: 7000 13900 15900\")\n        )\n    ])\n    @pytest.mark.smoke\n    def test_positive_delivery_blue_zone_smoke(\n            self, driver, url, case_id, link_item, amount, weight, standard, in_time, all_time\n    ):\n        allure.dynamic.title(f\"{case_id} Доставка товара весом до {weight}кг. в синей зоне\")\n    \n        driver.get(f'{url}{link_item}')\n        item_page = ItemPage(driver)\n>       item_page.add_item_to_cart(amount).click_on_cart()\n\ntests/delivery/test_delivery_calculation.py:130: \n_ _ _ _ _ _ _ _ _ _ _ _ _ _ _ _ _ _ _ _ _ _ _ _ _ _ _ _ _ _ _ _ _ _ _ _ _ _ _ _ \npages/item_page.py:41: in add_item_to_cart\n    amount_field = self.find_element(self._item_amount)\nbase/seleniumbase.py:17: in find_element\n    return self.driver.find_element(*locator)\n/usr/local/lib/python3.11/site-packages/selenium/webdriver/remote/webdriver.py:740: in find_element\n    return self.execute(Command.FIND_ELEMENT, {\"using\": by, \"value\": value})[\"value\"]\n/usr/local/lib/python3.11/site-packages/selenium/webdriver/remote/webdriver.py:346: in execute\n    self.error_handler.check_response(response)\n_ _ _ _ _ _ _ _ _ _ _ _ _ _ _ _ _ _ _ _ _ _ _ _ _ _ _ _ _ _ _ _ _ _ _ _ _ _ _ _ \n\nself = <selenium.webdriver.remote.errorhandler.ErrorHandler object at 0x7f88821ef4d0>\nresponse = {'status': 404, 'value': '{\"value\":{\"error\":\"no such element\",\"message\":\"no such element: Unable to locate element: {\\...\\\\n#16 0x55c44ede1917 \\\\u003Cunknown>\\\\n#17 0x55c44edf2773 \\\\u003Cunknown>\\\\n#18 0x7f6cd96e4044 \\\\u003Cunknown>\\\\n\"}}'}\n\n    def check_response(self, response: Dict[str, Any]) -> None:\n        \"\"\"Checks that a JSON response from the WebDriver does not have an\n        error.\n    \n        :Args:\n         - response - The JSON response from the WebDriver server as a dictionary\n           object.\n    \n        :Raises: If the response contains an error message.\n        \"\"\"\n        status = response.get(\"status\", None)\n        if not status or status == ErrorCode.SUCCESS:\n            return\n        value = None\n        message = response.get(\"message\", \"\")\n        screen: str = response.get(\"screen\", \"\")\n        stacktrace = None\n        if isinstance(status, int):\n            value_json = response.get(\"value\", None)\n            if value_json and isinstance(value_json, str):\n                import json\n    \n                try:\n                    value = json.loads(value_json)\n                    if len(value) == 1:\n                        value = value[\"value\"]\n                    status = value.get(\"error\", None)\n                    if not status:\n                        status = value.get(\"status\", ErrorCode.UNKNOWN_ERROR)\n                        message = value.get(\"value\") or value.get(\"message\")\n                        if not isinstance(message, str):\n                            value = message\n                            message = message.get(\"message\")\n                    else:\n                        message = value.get(\"message\", None)\n                except ValueError:\n                    pass\n    \n        exception_class: Type[WebDriverException]\n        if status in ErrorCode.NO_SUCH_ELEMENT:\n            exception_class = NoSuchElementException\n        elif status in ErrorCode.NO_SUCH_FRAME:\n            exception_class = NoSuchFrameException\n        elif status in ErrorCode.NO_SUCH_SHADOW_ROOT:\n            exception_class = NoSuchShadowRootException\n        elif status in ErrorCode.NO_SUCH_WINDOW:\n            exception_class = NoSuchWindowException\n        elif status in ErrorCode.STALE_ELEMENT_REFERENCE:\n            exception_class = StaleElementReferenceException\n        elif status in ErrorCode.ELEMENT_NOT_VISIBLE:\n            exception_class = ElementNotVisibleException\n        elif status in ErrorCode.INVALID_ELEMENT_STATE:\n            exception_class = InvalidElementStateException\n        elif (\n            status in ErrorCode.INVALID_SELECTOR\n            or status in ErrorCode.INVALID_XPATH_SELECTOR\n            or status in ErrorCode.INVALID_XPATH_SELECTOR_RETURN_TYPER\n        ):\n            exception_class = InvalidSelectorException\n        elif status in ErrorCode.ELEMENT_IS_NOT_SELECTABLE:\n            exception_class = ElementNotSelectableException\n        elif status in ErrorCode.ELEMENT_NOT_INTERACTABLE:\n            exception_class = ElementNotInteractableException\n        elif status in ErrorCode.INVALID_COOKIE_DOMAIN:\n            exception_class = InvalidCookieDomainException\n        elif status in ErrorCode.UNABLE_TO_SET_COOKIE:\n            exception_class = UnableToSetCookieException\n        elif status in ErrorCode.TIMEOUT:\n            exception_class = TimeoutException\n        elif status in ErrorCode.SCRIPT_TIMEOUT:\n            exception_class = TimeoutException\n        elif status in ErrorCode.UNKNOWN_ERROR:\n            exception_class = WebDriverException\n        elif status in ErrorCode.UNEXPECTED_ALERT_OPEN:\n            exception_class = UnexpectedAlertPresentException\n        elif status in ErrorCode.NO_ALERT_OPEN:\n            exception_class = NoAlertPresentException\n        elif status in ErrorCode.IME_NOT_AVAILABLE:\n            exception_class = ImeNotAvailableException\n        elif status in ErrorCode.IME_ENGINE_ACTIVATION_FAILED:\n            exception_class = ImeActivationFailedException\n        elif status in ErrorCode.MOVE_TARGET_OUT_OF_BOUNDS:\n            exception_class = MoveTargetOutOfBoundsException\n        elif status in ErrorCode.JAVASCRIPT_ERROR:\n            exception_class = JavascriptException\n        elif status in ErrorCode.SESSION_NOT_CREATED:\n            exception_class = SessionNotCreatedException\n        elif status in ErrorCode.INVALID_ARGUMENT:\n            exception_class = InvalidArgumentException\n        elif status in ErrorCode.NO_SUCH_COOKIE:\n            exception_class = NoSuchCookieException\n        elif status in ErrorCode.UNABLE_TO_CAPTURE_SCREEN:\n            exception_class = ScreenshotException\n        elif status in ErrorCode.ELEMENT_CLICK_INTERCEPTED:\n            exception_class = ElementClickInterceptedException\n        elif status in ErrorCode.INSECURE_CERTIFICATE:\n            exception_class = InsecureCertificateException\n        elif status in ErrorCode.INVALID_COORDINATES:\n            exception_class = InvalidCoordinatesException\n        elif status in ErrorCode.INVALID_SESSION_ID:\n            exception_class = InvalidSessionIdException\n        elif status in ErrorCode.UNKNOWN_METHOD:\n            exception_class = UnknownMethodException\n        else:\n            exception_class = WebDriverException\n        if not value:\n            value = response[\"value\"]\n        if isinstance(value, str):\n            raise exception_class(value)\n        if message == \"\" and \"message\" in value:\n            message = value[\"message\"]\n    \n        screen = None  # type: ignore[assignment]\n        if \"screen\" in value:\n            screen = value[\"screen\"]\n    \n        stacktrace = None\n        st_value = value.get(\"stackTrace\") or value.get(\"stacktrace\")\n        if st_value:\n            if isinstance(st_value, str):\n                stacktrace = st_value.split(\"\\n\")\n            else:\n                stacktrace = []\n                try:\n                    for frame in st_value:\n                        line = frame.get(\"lineNumber\", \"\")\n                        file = frame.get(\"fileName\", \"<anonymous>\")\n                        if line:\n                            file = f\"{file}:{line}\"\n                        meth = frame.get(\"methodName\", \"<anonymous>\")\n                        if \"className\" in frame:\n                            meth = f\"{frame['className']}.{meth}\"\n                        msg = \"    at %s (%s)\"\n                        msg = msg % (meth, file)\n                        stacktrace.append(msg)\n                except TypeError:\n                    pass\n        if exception_class == UnexpectedAlertPresentException:\n            alert_text = None\n            if \"data\" in value:\n                alert_text = value[\"data\"].get(\"text\")\n            elif \"alert\" in value:\n                alert_text = value[\"alert\"].get(\"text\")\n            raise exception_class(message, screen, stacktrace, alert_text)  # type: ignore[call-arg]  # mypy is not smart enough here\n>       raise exception_class(message, screen, stacktrace)\nE       selenium.common.exceptions.NoSuchElementException: Message: no such element: Unable to locate element: {\"method\":\"xpath\",\"selector\":\"//input[@class='amount']\"}\nE         (Session info: headless chrome=119.0.6045.105); For documentation on this error, please visit: https://www.selenium.dev/documentation/webdriver/troubleshooting/errors#no-such-element-exception\nE       Stacktrace:\nE       #0 0x55c44edf35e3 <unknown>\nE       #1 0x55c44eab60b7 <unknown>\nE       #2 0x55c44eb03f53 <unknown>\nE       #3 0x55c44eb04051 <unknown>\nE       #4 0x55c44eb499c4 <unknown>\nE       #5 0x55c44eb2af1d <unknown>\nE       #6 0x55c44eb46b3d <unknown>\nE       #7 0x55c44eb2acc3 <unknown>\nE       #8 0x55c44eaf60e4 <unknown>\nE       #9 0x55c44eaf70ae <unknown>\nE       #10 0x55c44edb9ce1 <unknown>\nE       #11 0x55c44edbdb7e <unknown>\nE       #12 0x55c44eda74b5 <unknown>\nE       #13 0x55c44edbe7d6 <unknown>\nE       #14 0x55c44ed8adbf <unknown>\nE       #15 0x55c44ede1748 <unknown>\nE       #16 0x55c44ede1917 <unknown>\nE       #17 0x55c44edf2773 <unknown>\nE       #18 0x7f6cd96e4044 <unknown>\n\n/usr/local/lib/python3.11/site-packages/selenium/webdriver/remote/errorhandler.py:245: NoSuchElementException","flaky":false,"newFailed":false,"newBroken":false,"newPassed":false,"retriesCount":0,"retriesStatusChange":false,"beforeStages":[{"name":"_session_faker","time":{"start":1700874099621,"stop":1700874099687,"duration":66},"status":"passed","steps":[],"attachments":[],"parameters":[],"shouldDisplayMessage":false,"stepsCount":0,"attachmentsCount":0,"hasContent":false},{"name":"clear_allure_results_folder","time":{"start":1700874099687,"stop":1700874099687,"duration":0},"status":"passed","steps":[],"attachments":[],"parameters":[],"shouldDisplayMessage":false,"stepsCount":0,"attachmentsCount":0,"hasContent":false},{"name":"driver","time":{"start":1700874616339,"stop":1700874617069,"duration":730},"status":"passed","steps":[],"attachments":[],"parameters":[],"shouldDisplayMessage":false,"stepsCount":0,"attachmentsCount":0,"hasContent":false},{"name":"setup","time":{"start":1700874617069,"stop":1700874617069,"duration":0},"status":"passed","steps":[],"attachments":[],"parameters":[],"shouldDisplayMessage":false,"stepsCount":0,"attachmentsCount":0,"hasContent":false}],"testStage":{"status":"skipped","statusMessage":"XFAIL\n\nselenium.common.exceptions.NoSuchElementException: Message: no such element: Unable to locate element: {\"method\":\"xpath\",\"selector\":\"//input[@class='amount']\"}\n  (Session info: headless chrome=119.0.6045.105); For documentation on this error, please visit: https://www.selenium.dev/documentation/webdriver/troubleshooting/errors#no-such-element-exception\nStacktrace:\n#0 0x55c44edf35e3 <unknown>\n#1 0x55c44eab60b7 <unknown>\n#2 0x55c44eb03f53 <unknown>\n#3 0x55c44eb04051 <unknown>\n#4 0x55c44eb499c4 <unknown>\n#5 0x55c44eb2af1d <unknown>\n#6 0x55c44eb46b3d <unknown>\n#7 0x55c44eb2acc3 <unknown>\n#8 0x55c44eaf60e4 <unknown>\n#9 0x55c44eaf70ae <unknown>\n#10 0x55c44edb9ce1 <unknown>\n#11 0x55c44edbdb7e <unknown>\n#12 0x55c44eda74b5 <unknown>\n#13 0x55c44edbe7d6 <unknown>\n#14 0x55c44ed8adbf <unknown>\n#15 0x55c44ede1748 <unknown>\n#16 0x55c44ede1917 <unknown>\n#17 0x55c44edf2773 <unknown>\n#18 0x7f6cd96e4044 <unknown>","statusTrace":"self = <tests.delivery.test_delivery_calculation.TestDeliveryPageCalculation object at 0x7f8882877150>\ndriver = <selenium.webdriver.chrome.webdriver.WebDriver (session=\"80df50ce28bc2ee274fc66033720b6f2\")>\nurl = 'https://sandboxtest.stroyrem-nn.ru/', case_id = 'TD 027'\nlink_item = 'products/shtukaturka-gipsovaya-aksolit-m50-30-kg-mashinnogo-naneseniya'\namount = 666, weight = 20000, standard = 14000, in_time = 16900\nall_time = 23900\n\n    @pytest.mark.parametrize('case_id, link_item, amount, weight, standard, in_time, all_time', [\n        (\"TD 015\", bundeks_25, 1, 30, 650, 2390, 3320),\n        pytest.param(\n            \"TD 016\", aksolit_30, 8, 300, 650, 2390, 3320,\n            marks=pytest.mark.xfail(reson=\"Цена доставки: - - -\")\n        ),\n        (\"TD 017\", aksolit_30, 13, 400, 650, 2390, 3320),\n        (\"TD 018\", aksolit_30, 16, 500, 850, 2490, 3320),\n        (\"TD 019\", aksolit_30, 25, 1700, 1150, 2490, 3320),\n        (\"TD 020\", aksolit_30, 66, 2000, 1500, 2990, 3650),\n        (\"TD 021\", aksolit_30, 149, 4500, 2600, 4380, 4890),\n        (\"TD 022\", aksolit_30, 166, 5000, 2800, 5490, 5980),\n        pytest.param(\n            \"TD 023\", aksolit_30, 206, 6200, 3300, 7500, 8000,\n            marks=pytest.mark.xfail(reson=\"Цена доставки: 4300 9900 11440\")\n        ),\n        (\"TD 024\", aksolit_30, 299, 9000, 4300, 9900, 11440),\n        (\"TD 025\", aksolit_30, 333, 10000, 7000, 13900, 15900),\n        pytest.param(\n            \"TD 026\", aksolit_30, 366, 11000, 8000, 14900, 19900,\n            marks=pytest.mark.xfail(reson=\"Цена доставки: 7000 13900 15900\")\n        ),\n        pytest.param(\n            \"TD 027\", aksolit_30, 666, 20000, 14000, 16900, 23900,\n            marks=pytest.mark.xfail(reson=\"Цена доставки: 7000 13900 15900\")\n        )\n    ])\n    @pytest.mark.smoke\n    def test_positive_delivery_blue_zone_smoke(\n            self, driver, url, case_id, link_item, amount, weight, standard, in_time, all_time\n    ):\n        allure.dynamic.title(f\"{case_id} Доставка товара весом до {weight}кг. в синей зоне\")\n    \n        driver.get(f'{url}{link_item}')\n        item_page = ItemPage(driver)\n>       item_page.add_item_to_cart(amount).click_on_cart()\n\ntests/delivery/test_delivery_calculation.py:130: \n_ _ _ _ _ _ _ _ _ _ _ _ _ _ _ _ _ _ _ _ _ _ _ _ _ _ _ _ _ _ _ _ _ _ _ _ _ _ _ _ \npages/item_page.py:41: in add_item_to_cart\n    amount_field = self.find_element(self._item_amount)\nbase/seleniumbase.py:17: in find_element\n    return self.driver.find_element(*locator)\n/usr/local/lib/python3.11/site-packages/selenium/webdriver/remote/webdriver.py:740: in find_element\n    return self.execute(Command.FIND_ELEMENT, {\"using\": by, \"value\": value})[\"value\"]\n/usr/local/lib/python3.11/site-packages/selenium/webdriver/remote/webdriver.py:346: in execute\n    self.error_handler.check_response(response)\n_ _ _ _ _ _ _ _ _ _ _ _ _ _ _ _ _ _ _ _ _ _ _ _ _ _ _ _ _ _ _ _ _ _ _ _ _ _ _ _ \n\nself = <selenium.webdriver.remote.errorhandler.ErrorHandler object at 0x7f88821ef4d0>\nresponse = {'status': 404, 'value': '{\"value\":{\"error\":\"no such element\",\"message\":\"no such element: Unable to locate element: {\\...\\\\n#16 0x55c44ede1917 \\\\u003Cunknown>\\\\n#17 0x55c44edf2773 \\\\u003Cunknown>\\\\n#18 0x7f6cd96e4044 \\\\u003Cunknown>\\\\n\"}}'}\n\n    def check_response(self, response: Dict[str, Any]) -> None:\n        \"\"\"Checks that a JSON response from the WebDriver does not have an\n        error.\n    \n        :Args:\n         - response - The JSON response from the WebDriver server as a dictionary\n           object.\n    \n        :Raises: If the response contains an error message.\n        \"\"\"\n        status = response.get(\"status\", None)\n        if not status or status == ErrorCode.SUCCESS:\n            return\n        value = None\n        message = response.get(\"message\", \"\")\n        screen: str = response.get(\"screen\", \"\")\n        stacktrace = None\n        if isinstance(status, int):\n            value_json = response.get(\"value\", None)\n            if value_json and isinstance(value_json, str):\n                import json\n    \n                try:\n                    value = json.loads(value_json)\n                    if len(value) == 1:\n                        value = value[\"value\"]\n                    status = value.get(\"error\", None)\n                    if not status:\n                        status = value.get(\"status\", ErrorCode.UNKNOWN_ERROR)\n                        message = value.get(\"value\") or value.get(\"message\")\n                        if not isinstance(message, str):\n                            value = message\n                            message = message.get(\"message\")\n                    else:\n                        message = value.get(\"message\", None)\n                except ValueError:\n                    pass\n    \n        exception_class: Type[WebDriverException]\n        if status in ErrorCode.NO_SUCH_ELEMENT:\n            exception_class = NoSuchElementException\n        elif status in ErrorCode.NO_SUCH_FRAME:\n            exception_class = NoSuchFrameException\n        elif status in ErrorCode.NO_SUCH_SHADOW_ROOT:\n            exception_class = NoSuchShadowRootException\n        elif status in ErrorCode.NO_SUCH_WINDOW:\n            exception_class = NoSuchWindowException\n        elif status in ErrorCode.STALE_ELEMENT_REFERENCE:\n            exception_class = StaleElementReferenceException\n        elif status in ErrorCode.ELEMENT_NOT_VISIBLE:\n            exception_class = ElementNotVisibleException\n        elif status in ErrorCode.INVALID_ELEMENT_STATE:\n            exception_class = InvalidElementStateException\n        elif (\n            status in ErrorCode.INVALID_SELECTOR\n            or status in ErrorCode.INVALID_XPATH_SELECTOR\n            or status in ErrorCode.INVALID_XPATH_SELECTOR_RETURN_TYPER\n        ):\n            exception_class = InvalidSelectorException\n        elif status in ErrorCode.ELEMENT_IS_NOT_SELECTABLE:\n            exception_class = ElementNotSelectableException\n        elif status in ErrorCode.ELEMENT_NOT_INTERACTABLE:\n            exception_class = ElementNotInteractableException\n        elif status in ErrorCode.INVALID_COOKIE_DOMAIN:\n            exception_class = InvalidCookieDomainException\n        elif status in ErrorCode.UNABLE_TO_SET_COOKIE:\n            exception_class = UnableToSetCookieException\n        elif status in ErrorCode.TIMEOUT:\n            exception_class = TimeoutException\n        elif status in ErrorCode.SCRIPT_TIMEOUT:\n            exception_class = TimeoutException\n        elif status in ErrorCode.UNKNOWN_ERROR:\n            exception_class = WebDriverException\n        elif status in ErrorCode.UNEXPECTED_ALERT_OPEN:\n            exception_class = UnexpectedAlertPresentException\n        elif status in ErrorCode.NO_ALERT_OPEN:\n            exception_class = NoAlertPresentException\n        elif status in ErrorCode.IME_NOT_AVAILABLE:\n            exception_class = ImeNotAvailableException\n        elif status in ErrorCode.IME_ENGINE_ACTIVATION_FAILED:\n            exception_class = ImeActivationFailedException\n        elif status in ErrorCode.MOVE_TARGET_OUT_OF_BOUNDS:\n            exception_class = MoveTargetOutOfBoundsException\n        elif status in ErrorCode.JAVASCRIPT_ERROR:\n            exception_class = JavascriptException\n        elif status in ErrorCode.SESSION_NOT_CREATED:\n            exception_class = SessionNotCreatedException\n        elif status in ErrorCode.INVALID_ARGUMENT:\n            exception_class = InvalidArgumentException\n        elif status in ErrorCode.NO_SUCH_COOKIE:\n            exception_class = NoSuchCookieException\n        elif status in ErrorCode.UNABLE_TO_CAPTURE_SCREEN:\n            exception_class = ScreenshotException\n        elif status in ErrorCode.ELEMENT_CLICK_INTERCEPTED:\n            exception_class = ElementClickInterceptedException\n        elif status in ErrorCode.INSECURE_CERTIFICATE:\n            exception_class = InsecureCertificateException\n        elif status in ErrorCode.INVALID_COORDINATES:\n            exception_class = InvalidCoordinatesException\n        elif status in ErrorCode.INVALID_SESSION_ID:\n            exception_class = InvalidSessionIdException\n        elif status in ErrorCode.UNKNOWN_METHOD:\n            exception_class = UnknownMethodException\n        else:\n            exception_class = WebDriverException\n        if not value:\n            value = response[\"value\"]\n        if isinstance(value, str):\n            raise exception_class(value)\n        if message == \"\" and \"message\" in value:\n            message = value[\"message\"]\n    \n        screen = None  # type: ignore[assignment]\n        if \"screen\" in value:\n            screen = value[\"screen\"]\n    \n        stacktrace = None\n        st_value = value.get(\"stackTrace\") or value.get(\"stacktrace\")\n        if st_value:\n            if isinstance(st_value, str):\n                stacktrace = st_value.split(\"\\n\")\n            else:\n                stacktrace = []\n                try:\n                    for frame in st_value:\n                        line = frame.get(\"lineNumber\", \"\")\n                        file = frame.get(\"fileName\", \"<anonymous>\")\n                        if line:\n                            file = f\"{file}:{line}\"\n                        meth = frame.get(\"methodName\", \"<anonymous>\")\n                        if \"className\" in frame:\n                            meth = f\"{frame['className']}.{meth}\"\n                        msg = \"    at %s (%s)\"\n                        msg = msg % (meth, file)\n                        stacktrace.append(msg)\n                except TypeError:\n                    pass\n        if exception_class == UnexpectedAlertPresentException:\n            alert_text = None\n            if \"data\" in value:\n                alert_text = value[\"data\"].get(\"text\")\n            elif \"alert\" in value:\n                alert_text = value[\"alert\"].get(\"text\")\n            raise exception_class(message, screen, stacktrace, alert_text)  # type: ignore[call-arg]  # mypy is not smart enough here\n>       raise exception_class(message, screen, stacktrace)\nE       selenium.common.exceptions.NoSuchElementException: Message: no such element: Unable to locate element: {\"method\":\"xpath\",\"selector\":\"//input[@class='amount']\"}\nE         (Session info: headless chrome=119.0.6045.105); For documentation on this error, please visit: https://www.selenium.dev/documentation/webdriver/troubleshooting/errors#no-such-element-exception\nE       Stacktrace:\nE       #0 0x55c44edf35e3 <unknown>\nE       #1 0x55c44eab60b7 <unknown>\nE       #2 0x55c44eb03f53 <unknown>\nE       #3 0x55c44eb04051 <unknown>\nE       #4 0x55c44eb499c4 <unknown>\nE       #5 0x55c44eb2af1d <unknown>\nE       #6 0x55c44eb46b3d <unknown>\nE       #7 0x55c44eb2acc3 <unknown>\nE       #8 0x55c44eaf60e4 <unknown>\nE       #9 0x55c44eaf70ae <unknown>\nE       #10 0x55c44edb9ce1 <unknown>\nE       #11 0x55c44edbdb7e <unknown>\nE       #12 0x55c44eda74b5 <unknown>\nE       #13 0x55c44edbe7d6 <unknown>\nE       #14 0x55c44ed8adbf <unknown>\nE       #15 0x55c44ede1748 <unknown>\nE       #16 0x55c44ede1917 <unknown>\nE       #17 0x55c44edf2773 <unknown>\nE       #18 0x7f6cd96e4044 <unknown>\n\n/usr/local/lib/python3.11/site-packages/selenium/webdriver/remote/errorhandler.py:245: NoSuchElementException","steps":[{"name":"Добавляем товар в корзину в количестве 666","time":{"start":1700874620626,"stop":1700874620680,"duration":54},"status":"broken","statusMessage":"selenium.common.exceptions.NoSuchElementException: Message: no such element: Unable to locate element: {\"method\":\"xpath\",\"selector\":\"//input[@class='amount']\"}\n  (Session info: headless chrome=119.0.6045.105); For documentation on this error, please visit: https://www.selenium.dev/documentation/webdriver/troubleshooting/errors#no-such-element-exception\nStacktrace:\n#0 0x55c44edf35e3 <unknown>\n#1 0x55c44eab60b7 <unknown>\n#2 0x55c44eb03f53 <unknown>\n#3 0x55c44eb04051 <unknown>\n#4 0x55c44eb499c4 <unknown>\n#5 0x55c44eb2af1d <unknown>\n#6 0x55c44eb46b3d <unknown>\n#7 0x55c44eb2acc3 <unknown>\n#8 0x55c44eaf60e4 <unknown>\n#9 0x55c44eaf70ae <unknown>\n#10 0x55c44edb9ce1 <unknown>\n#11 0x55c44edbdb7e <unknown>\n#12 0x55c44eda74b5 <unknown>\n#13 0x55c44edbe7d6 <unknown>\n#14 0x55c44ed8adbf <unknown>\n#15 0x55c44ede1748 <unknown>\n#16 0x55c44ede1917 <unknown>\n#17 0x55c44edf2773 <unknown>\n#18 0x7f6cd96e4044 <unknown>\n\n","statusTrace":"  File \"/usr/local/lib/python3.11/site-packages/allure_commons/_allure.py\", line 192, in impl\n    return func(*a, **kw)\n           ^^^^^^^^^^^^^^\n  File \"/app/pages/item_page.py\", line 41, in add_item_to_cart\n    amount_field = self.find_element(self._item_amount)\n                   ^^^^^^^^^^^^^^^^^^^^^^^^^^^^^^^^^^^^\n  File \"/app/base/seleniumbase.py\", line 17, in find_element\n    return self.driver.find_element(*locator)\n           ^^^^^^^^^^^^^^^^^^^^^^^^^^^^^^^^^^\n  File \"/usr/local/lib/python3.11/site-packages/selenium/webdriver/remote/webdriver.py\", line 740, in find_element\n    return self.execute(Command.FIND_ELEMENT, {\"using\": by, \"value\": value})[\"value\"]\n           ^^^^^^^^^^^^^^^^^^^^^^^^^^^^^^^^^^^^^^^^^^^^^^^^^^^^^^^^^^^^^^^^^\n  File \"/usr/local/lib/python3.11/site-packages/selenium/webdriver/remote/webdriver.py\", line 346, in execute\n    self.error_handler.check_response(response)\n  File \"/usr/local/lib/python3.11/site-packages/selenium/webdriver/remote/errorhandler.py\", line 245, in check_response\n    raise exception_class(message, screen, stacktrace)\n","steps":[],"attachments":[],"parameters":[{"name":"amount","value":"666"}],"shouldDisplayMessage":true,"stepsCount":0,"attachmentsCount":0,"hasContent":true}],"attachments":[{"uid":"93e601917152afc2","name":"Screenshot","source":"93e601917152afc2.png","type":"image/png","size":115178},{"uid":"a34b20f62b9cc103","name":"HTML source","source":"a34b20f62b9cc103.html","type":"text/html","size":303988}],"parameters":[],"shouldDisplayMessage":true,"stepsCount":1,"attachmentsCount":2,"hasContent":true},"afterStages":[{"name":"setup::0","time":{"start":1700874620827,"stop":1700874620827,"duration":0},"status":"passed","steps":[],"attachments":[],"parameters":[],"shouldDisplayMessage":false,"stepsCount":0,"attachmentsCount":0,"hasContent":false},{"name":"driver::0","time":{"start":1700874620827,"stop":1700874620888,"duration":61},"status":"passed","steps":[],"attachments":[],"parameters":[],"shouldDisplayMessage":false,"stepsCount":0,"attachmentsCount":0,"hasContent":false}],"labels":[{"name":"epic","value":"Delivery Page - calculation"},{"name":"tag","value":"smoke"},{"name":"tag","value":"@pytest.mark.xfail(reson='Цена доставки: 7000 13900 15900')"},{"name":"parentSuite","value":"tests.delivery"},{"name":"suite","value":"test_delivery_calculation"},{"name":"subSuite","value":"TestDeliveryPageCalculation"},{"name":"host","value":"bd72fe2f89a6"},{"name":"thread","value":"1-MainThread"},{"name":"framework","value":"pytest"},{"name":"language","value":"cpython3"},{"name":"package","value":"tests.delivery.test_delivery_calculation"},{"name":"resultFormat","value":"allure2"}],"parameters":[{"name":"all_time","value":"23900"},{"name":"amount","value":"666"},{"name":"case_id","value":"'TD 027'"},{"name":"in_time","value":"16900"},{"name":"link_item","value":"'products/shtukaturka-gipsovaya-aksolit-m50-30-kg-mashinnogo-naneseniya'"},{"name":"standard","value":"14000"},{"name":"url","value":"'https://sandboxtest.stroyrem-nn.ru/'"},{"name":"weight","value":"20000"}],"links":[],"hidden":false,"retry":false,"extra":{"severity":"normal","retries":[],"categories":[],"history":{"statistic":{"failed":0,"broken":0,"skipped":87,"passed":0,"unknown":0,"total":87},"items":[{"uid":"cf3240c4949ce19d","reportUrl":"https://zaelcovsky.github.io/StroyremAutomation/150//#testresult/cf3240c4949ce19d","status":"skipped","statusDetails":"XFAIL\n\nselenium.common.exceptions.NoSuchElementException: Message: no such element: Unable to locate element: {\"method\":\"xpath\",\"selector\":\"//input[@class='amount']\"}\n  (Session info: headless chrome=119.0.6045.105); For documentation on this error, please visit: https://www.selenium.dev/documentation/webdriver/troubleshooting/errors#no-such-element-exception\nStacktrace:\n#0 0x5599115485e3 <unknown>\n#1 0x55991120b0b7 <unknown>\n#2 0x559911258f53 <unknown>\n#3 0x559911259051 <unknown>\n#4 0x55991129e9c4 <unknown>\n#5 0x55991127ff1d <unknown>\n#6 0x55991129bb3d <unknown>\n#7 0x55991127fcc3 <unknown>\n#8 0x55991124b0e4 <unknown>\n#9 0x55991124c0ae <unknown>\n#10 0x55991150ece1 <unknown>\n#11 0x559911512b7e <unknown>\n#12 0x5599114fc4b5 <unknown>\n#13 0x5599115137d6 <unknown>\n#14 0x5599114dfdbf <unknown>\n#15 0x559911536748 <unknown>\n#16 0x559911536917 <unknown>\n#17 0x559911547773 <unknown>\n#18 0x7f725b963044 <unknown>","time":{"start":1700788328130,"stop":1700788331782,"duration":3652}},{"uid":"ec59ae3be8156c35","reportUrl":"https://zaelcovsky.github.io/StroyremAutomation/149//#testresult/ec59ae3be8156c35","status":"skipped","statusDetails":"XFAIL\n\nselenium.common.exceptions.NoSuchElementException: Message: no such element: Unable to locate element: {\"method\":\"xpath\",\"selector\":\"//input[@class='amount']\"}\n  (Session info: headless chrome=119.0.6045.105); For documentation on this error, please visit: https://www.selenium.dev/documentation/webdriver/troubleshooting/errors#no-such-element-exception\nStacktrace:\n#0 0x564d6d3025e3 <unknown>\n#1 0x564d6cfc50b7 <unknown>\n#2 0x564d6d012f53 <unknown>\n#3 0x564d6d013051 <unknown>\n#4 0x564d6d0589c4 <unknown>\n#5 0x564d6d039f1d <unknown>\n#6 0x564d6d055b3d <unknown>\n#7 0x564d6d039cc3 <unknown>\n#8 0x564d6d0050e4 <unknown>\n#9 0x564d6d0060ae <unknown>\n#10 0x564d6d2c8ce1 <unknown>\n#11 0x564d6d2ccb7e <unknown>\n#12 0x564d6d2b64b5 <unknown>\n#13 0x564d6d2cd7d6 <unknown>\n#14 0x564d6d299dbf <unknown>\n#15 0x564d6d2f0748 <unknown>\n#16 0x564d6d2f0917 <unknown>\n#17 0x564d6d301773 <unknown>\n#18 0x7f70ed3e2044 <unknown>","time":{"start":1700701921653,"stop":1700701925258,"duration":3605}},{"uid":"647d3b843b559f67","reportUrl":"https://zaelcovsky.github.io/StroyremAutomation/148//#testresult/647d3b843b559f67","status":"skipped","statusDetails":"XFAIL\n\nselenium.common.exceptions.NoSuchElementException: Message: no such element: Unable to locate element: {\"method\":\"xpath\",\"selector\":\"//input[@class='amount']\"}\n  (Session info: headless chrome=119.0.6045.105); For documentation on this error, please visit: https://www.selenium.dev/documentation/webdriver/troubleshooting/errors#no-such-element-exception\nStacktrace:\n#0 0x55622db025e3 <unknown>\n#1 0x55622d7c50b7 <unknown>\n#2 0x55622d812f53 <unknown>\n#3 0x55622d813051 <unknown>\n#4 0x55622d8589c4 <unknown>\n#5 0x55622d839f1d <unknown>\n#6 0x55622d855b3d <unknown>\n#7 0x55622d839cc3 <unknown>\n#8 0x55622d8050e4 <unknown>\n#9 0x55622d8060ae <unknown>\n#10 0x55622dac8ce1 <unknown>\n#11 0x55622daccb7e <unknown>\n#12 0x55622dab64b5 <unknown>\n#13 0x55622dacd7d6 <unknown>\n#14 0x55622da99dbf <unknown>\n#15 0x55622daf0748 <unknown>\n#16 0x55622daf0917 <unknown>\n#17 0x55622db01773 <unknown>\n#18 0x7fd22b44a044 <unknown>","time":{"start":1700615662902,"stop":1700615666248,"duration":3346}},{"uid":"52620f1ea144aea","reportUrl":"https://zaelcovsky.github.io/StroyremAutomation/147//#testresult/52620f1ea144aea","status":"skipped","statusDetails":"XFAIL\n\nselenium.common.exceptions.NoSuchElementException: Message: no such element: Unable to locate element: {\"method\":\"xpath\",\"selector\":\"//input[@class='amount']\"}\n  (Session info: headless chrome=119.0.6045.105); For documentation on this error, please visit: https://www.selenium.dev/documentation/webdriver/troubleshooting/errors#no-such-element-exception\nStacktrace:\n#0 0x55780befa5e3 <unknown>\n#1 0x55780bbbd0b7 <unknown>\n#2 0x55780bc0af53 <unknown>\n#3 0x55780bc0b051 <unknown>\n#4 0x55780bc509c4 <unknown>\n#5 0x55780bc31f1d <unknown>\n#6 0x55780bc4db3d <unknown>\n#7 0x55780bc31cc3 <unknown>\n#8 0x55780bbfd0e4 <unknown>\n#9 0x55780bbfe0ae <unknown>\n#10 0x55780bec0ce1 <unknown>\n#11 0x55780bec4b7e <unknown>\n#12 0x55780beae4b5 <unknown>\n#13 0x55780bec57d6 <unknown>\n#14 0x55780be91dbf <unknown>\n#15 0x55780bee8748 <unknown>\n#16 0x55780bee8917 <unknown>\n#17 0x55780bef9773 <unknown>\n#18 0x7f7c2c5f6044 <unknown>","time":{"start":1700529302754,"stop":1700529307352,"duration":4598}},{"uid":"eb3bcf7fedd5c4d5","reportUrl":"https://zaelcovsky.github.io/StroyremAutomation/146//#testresult/eb3bcf7fedd5c4d5","status":"skipped","statusDetails":"XFAIL\n\nselenium.common.exceptions.NoSuchElementException: Message: no such element: Unable to locate element: {\"method\":\"xpath\",\"selector\":\"//input[@class='amount']\"}\n  (Session info: headless chrome=119.0.6045.105); For documentation on this error, please visit: https://www.selenium.dev/documentation/webdriver/troubleshooting/errors#no-such-element-exception\nStacktrace:\n#0 0x5561ff7fa5e3 <unknown>\n#1 0x5561ff4bd0b7 <unknown>\n#2 0x5561ff50af53 <unknown>\n#3 0x5561ff50b051 <unknown>\n#4 0x5561ff5509c4 <unknown>\n#5 0x5561ff531f1d <unknown>\n#6 0x5561ff54db3d <unknown>\n#7 0x5561ff531cc3 <unknown>\n#8 0x5561ff4fd0e4 <unknown>\n#9 0x5561ff4fe0ae <unknown>\n#10 0x5561ff7c0ce1 <unknown>\n#11 0x5561ff7c4b7e <unknown>\n#12 0x5561ff7ae4b5 <unknown>\n#13 0x5561ff7c57d6 <unknown>\n#14 0x5561ff791dbf <unknown>\n#15 0x5561ff7e8748 <unknown>\n#16 0x5561ff7e8917 <unknown>\n#17 0x5561ff7f9773 <unknown>\n#18 0x7fb9c3fe9044 <unknown>","time":{"start":1700442817213,"stop":1700442820826,"duration":3613}},{"uid":"e6533d421b6315e7","reportUrl":"https://zaelcovsky.github.io/StroyremAutomation/145//#testresult/e6533d421b6315e7","status":"skipped","statusDetails":"XFAIL\n\nselenium.common.exceptions.NoSuchElementException: Message: no such element: Unable to locate element: {\"method\":\"xpath\",\"selector\":\"//input[@class='amount']\"}\n  (Session info: headless chrome=119.0.6045.105); For documentation on this error, please visit: https://www.selenium.dev/documentation/webdriver/troubleshooting/errors#no-such-element-exception\nStacktrace:\n#0 0x5609908005e3 <unknown>\n#1 0x5609904c30b7 <unknown>\n#2 0x560990510f53 <unknown>\n#3 0x560990511051 <unknown>\n#4 0x5609905569c4 <unknown>\n#5 0x560990537f1d <unknown>\n#6 0x560990553b3d <unknown>\n#7 0x560990537cc3 <unknown>\n#8 0x5609905030e4 <unknown>\n#9 0x5609905040ae <unknown>\n#10 0x5609907c6ce1 <unknown>\n#11 0x5609907cab7e <unknown>\n#12 0x5609907b44b5 <unknown>\n#13 0x5609907cb7d6 <unknown>\n#14 0x560990797dbf <unknown>\n#15 0x5609907ee748 <unknown>\n#16 0x5609907ee917 <unknown>\n#17 0x5609907ff773 <unknown>\n#18 0x7f9c5aced044 <unknown>","time":{"start":1700356605418,"stop":1700356609250,"duration":3832}},{"uid":"734688d24c85849c","reportUrl":"https://zaelcovsky.github.io/StroyremAutomation/144//#testresult/734688d24c85849c","status":"skipped","statusDetails":"XFAIL\n\nselenium.common.exceptions.NoSuchElementException: Message: no such element: Unable to locate element: {\"method\":\"xpath\",\"selector\":\"//input[@class='amount']\"}\n  (Session info: headless chrome=119.0.6045.105); For documentation on this error, please visit: https://www.selenium.dev/documentation/webdriver/troubleshooting/errors#no-such-element-exception\nStacktrace:\n#0 0x5597454225e3 <unknown>\n#1 0x5597450e50b7 <unknown>\n#2 0x559745132f53 <unknown>\n#3 0x559745133051 <unknown>\n#4 0x5597451789c4 <unknown>\n#5 0x559745159f1d <unknown>\n#6 0x559745175b3d <unknown>\n#7 0x559745159cc3 <unknown>\n#8 0x5597451250e4 <unknown>\n#9 0x5597451260ae <unknown>\n#10 0x5597453e8ce1 <unknown>\n#11 0x5597453ecb7e <unknown>\n#12 0x5597453d64b5 <unknown>\n#13 0x5597453ed7d6 <unknown>\n#14 0x5597453b9dbf <unknown>\n#15 0x559745410748 <unknown>\n#16 0x559745410917 <unknown>\n#17 0x559745421773 <unknown>\n#18 0x7f741cf78044 <unknown>","time":{"start":1700270025375,"stop":1700270030007,"duration":4632}},{"uid":"a6fccabeeebcbb4f","reportUrl":"https://zaelcovsky.github.io/StroyremAutomation/143//#testresult/a6fccabeeebcbb4f","status":"skipped","statusDetails":"XFAIL\n\nselenium.common.exceptions.NoSuchElementException: Message: no such element: Unable to locate element: {\"method\":\"xpath\",\"selector\":\"//input[@class='amount']\"}\n  (Session info: headless chrome=119.0.6045.105); For documentation on this error, please visit: https://www.selenium.dev/documentation/webdriver/troubleshooting/errors#no-such-element-exception\nStacktrace:\n#0 0x559b2794e5e3 <unknown>\n#1 0x559b276110b7 <unknown>\n#2 0x559b2765ef53 <unknown>\n#3 0x559b2765f051 <unknown>\n#4 0x559b276a49c4 <unknown>\n#5 0x559b27685f1d <unknown>\n#6 0x559b276a1b3d <unknown>\n#7 0x559b27685cc3 <unknown>\n#8 0x559b276510e4 <unknown>\n#9 0x559b276520ae <unknown>\n#10 0x559b27914ce1 <unknown>\n#11 0x559b27918b7e <unknown>\n#12 0x559b279024b5 <unknown>\n#13 0x559b279197d6 <unknown>\n#14 0x559b278e5dbf <unknown>\n#15 0x559b2793c748 <unknown>\n#16 0x559b2793c917 <unknown>\n#17 0x559b2794d773 <unknown>\n#18 0x7f290c3df044 <unknown>","time":{"start":1700183636946,"stop":1700183641483,"duration":4537}},{"uid":"b8ac89c50eeb889d","reportUrl":"https://zaelcovsky.github.io/StroyremAutomation/142//#testresult/b8ac89c50eeb889d","status":"skipped","statusDetails":"XFAIL\n\nselenium.common.exceptions.NoSuchElementException: Message: no such element: Unable to locate element: {\"method\":\"xpath\",\"selector\":\"//input[@class='amount']\"}\n  (Session info: headless chrome=119.0.6045.105); For documentation on this error, please visit: https://www.selenium.dev/documentation/webdriver/troubleshooting/errors#no-such-element-exception\nStacktrace:\n#0 0x559345d4c5e3 <unknown>\n#1 0x559345a0f0b7 <unknown>\n#2 0x559345a5cf53 <unknown>\n#3 0x559345a5d051 <unknown>\n#4 0x559345aa29c4 <unknown>\n#5 0x559345a83f1d <unknown>\n#6 0x559345a9fb3d <unknown>\n#7 0x559345a83cc3 <unknown>\n#8 0x559345a4f0e4 <unknown>\n#9 0x559345a500ae <unknown>\n#10 0x559345d12ce1 <unknown>\n#11 0x559345d16b7e <unknown>\n#12 0x559345d004b5 <unknown>\n#13 0x559345d177d6 <unknown>\n#14 0x559345ce3dbf <unknown>\n#15 0x559345d3a748 <unknown>\n#16 0x559345d3a917 <unknown>\n#17 0x559345d4b773 <unknown>\n#18 0x7f683a437044 <unknown>","time":{"start":1700097184724,"stop":1700097188576,"duration":3852}},{"uid":"d09de5c6018e4be5","reportUrl":"https://zaelcovsky.github.io/StroyremAutomation/141//#testresult/d09de5c6018e4be5","status":"skipped","statusDetails":"XFAIL\n\nselenium.common.exceptions.NoSuchElementException: Message: no such element: Unable to locate element: {\"method\":\"xpath\",\"selector\":\"//input[@class='amount']\"}\n  (Session info: headless chrome=119.0.6045.105); For documentation on this error, please visit: https://www.selenium.dev/documentation/webdriver/troubleshooting/errors#no-such-element-exception\nStacktrace:\n#0 0x563fc0d0f5e3 <unknown>\n#1 0x563fc09d20b7 <unknown>\n#2 0x563fc0a1ff53 <unknown>\n#3 0x563fc0a20051 <unknown>\n#4 0x563fc0a659c4 <unknown>\n#5 0x563fc0a46f1d <unknown>\n#6 0x563fc0a62b3d <unknown>\n#7 0x563fc0a46cc3 <unknown>\n#8 0x563fc0a120e4 <unknown>\n#9 0x563fc0a130ae <unknown>\n#10 0x563fc0cd5ce1 <unknown>\n#11 0x563fc0cd9b7e <unknown>\n#12 0x563fc0cc34b5 <unknown>\n#13 0x563fc0cda7d6 <unknown>\n#14 0x563fc0ca6dbf <unknown>\n#15 0x563fc0cfd748 <unknown>\n#16 0x563fc0cfd917 <unknown>\n#17 0x563fc0d0e773 <unknown>\n#18 0x7f578441d044 <unknown>","time":{"start":1700010711004,"stop":1700010714572,"duration":3568}},{"uid":"65db5e90e4698570","reportUrl":"https://zaelcovsky.github.io/StroyremAutomation/140//#testresult/65db5e90e4698570","status":"skipped","statusDetails":"XFAIL\n\nselenium.common.exceptions.NoSuchElementException: Message: no such element: Unable to locate element: {\"method\":\"xpath\",\"selector\":\"//input[@class='amount']\"}\n  (Session info: headless chrome=119.0.6045.105); For documentation on this error, please visit: https://www.selenium.dev/documentation/webdriver/troubleshooting/errors#no-such-element-exception\nStacktrace:\n#0 0x55f487d195e3 <unknown>\n#1 0x55f4879dc0b7 <unknown>\n#2 0x55f487a29f53 <unknown>\n#3 0x55f487a2a051 <unknown>\n#4 0x55f487a6f9c4 <unknown>\n#5 0x55f487a50f1d <unknown>\n#6 0x55f487a6cb3d <unknown>\n#7 0x55f487a50cc3 <unknown>\n#8 0x55f487a1c0e4 <unknown>\n#9 0x55f487a1d0ae <unknown>\n#10 0x55f487cdfce1 <unknown>\n#11 0x55f487ce3b7e <unknown>\n#12 0x55f487ccd4b5 <unknown>\n#13 0x55f487ce47d6 <unknown>\n#14 0x55f487cb0dbf <unknown>\n#15 0x55f487d07748 <unknown>\n#16 0x55f487d07917 <unknown>\n#17 0x55f487d18773 <unknown>\n#18 0x7f30fdaa1044 <unknown>","time":{"start":1699924340361,"stop":1699924344642,"duration":4281}},{"uid":"61d3f50f252d3675","reportUrl":"https://zaelcovsky.github.io/StroyremAutomation/139//#testresult/61d3f50f252d3675","status":"skipped","statusDetails":"XFAIL\n\nselenium.common.exceptions.NoSuchElementException: Message: no such element: Unable to locate element: {\"method\":\"xpath\",\"selector\":\"//input[@class='amount']\"}\n  (Session info: headless chrome=119.0.6045.105); For documentation on this error, please visit: https://www.selenium.dev/documentation/webdriver/troubleshooting/errors#no-such-element-exception\nStacktrace:\n#0 0x5559bd8175e3 <unknown>\n#1 0x5559bd4da0b7 <unknown>\n#2 0x5559bd527f53 <unknown>\n#3 0x5559bd528051 <unknown>\n#4 0x5559bd56d9c4 <unknown>\n#5 0x5559bd54ef1d <unknown>\n#6 0x5559bd56ab3d <unknown>\n#7 0x5559bd54ecc3 <unknown>\n#8 0x5559bd51a0e4 <unknown>\n#9 0x5559bd51b0ae <unknown>\n#10 0x5559bd7ddce1 <unknown>\n#11 0x5559bd7e1b7e <unknown>\n#12 0x5559bd7cb4b5 <unknown>\n#13 0x5559bd7e27d6 <unknown>\n#14 0x5559bd7aedbf <unknown>\n#15 0x5559bd805748 <unknown>\n#16 0x5559bd805917 <unknown>\n#17 0x5559bd816773 <unknown>\n#18 0x7faac52c8044 <unknown>","time":{"start":1699838008384,"stop":1699838012055,"duration":3671}},{"uid":"3c6f4dbf92231775","reportUrl":"https://zaelcovsky.github.io/StroyremAutomation/138//#testresult/3c6f4dbf92231775","status":"skipped","statusDetails":"XFAIL\n\nselenium.common.exceptions.NoSuchElementException: Message: no such element: Unable to locate element: {\"method\":\"xpath\",\"selector\":\"//input[@class='amount']\"}\n  (Session info: headless chrome=119.0.6045.105); For documentation on this error, please visit: https://www.selenium.dev/documentation/webdriver/troubleshooting/errors#no-such-element-exception\nStacktrace:\n#0 0x557b6dc4d5e3 <unknown>\n#1 0x557b6d9100b7 <unknown>\n#2 0x557b6d95df53 <unknown>\n#3 0x557b6d95e051 <unknown>\n#4 0x557b6d9a39c4 <unknown>\n#5 0x557b6d984f1d <unknown>\n#6 0x557b6d9a0b3d <unknown>\n#7 0x557b6d984cc3 <unknown>\n#8 0x557b6d9500e4 <unknown>\n#9 0x557b6d9510ae <unknown>\n#10 0x557b6dc13ce1 <unknown>\n#11 0x557b6dc17b7e <unknown>\n#12 0x557b6dc014b5 <unknown>\n#13 0x557b6dc187d6 <unknown>\n#14 0x557b6dbe4dbf <unknown>\n#15 0x557b6dc3b748 <unknown>\n#16 0x557b6dc3b917 <unknown>\n#17 0x557b6dc4c773 <unknown>\n#18 0x7fa61d489044 <unknown>","time":{"start":1699751817055,"stop":1699751820964,"duration":3909}},{"uid":"6a36e89004dda5ae","reportUrl":"https://zaelcovsky.github.io/StroyremAutomation/137//#testresult/6a36e89004dda5ae","status":"skipped","statusDetails":"XFAIL\n\nselenium.common.exceptions.NoSuchElementException: Message: no such element: Unable to locate element: {\"method\":\"xpath\",\"selector\":\"//input[@class='amount']\"}\n  (Session info: headless chrome=119.0.6045.105); For documentation on this error, please visit: https://www.selenium.dev/documentation/webdriver/troubleshooting/errors#no-such-element-exception\nStacktrace:\n#0 0x555e50b4c5e3 <unknown>\n#1 0x555e5080f0b7 <unknown>\n#2 0x555e5085cf53 <unknown>\n#3 0x555e5085d051 <unknown>\n#4 0x555e508a29c4 <unknown>\n#5 0x555e50883f1d <unknown>\n#6 0x555e5089fb3d <unknown>\n#7 0x555e50883cc3 <unknown>\n#8 0x555e5084f0e4 <unknown>\n#9 0x555e508500ae <unknown>\n#10 0x555e50b12ce1 <unknown>\n#11 0x555e50b16b7e <unknown>\n#12 0x555e50b004b5 <unknown>\n#13 0x555e50b177d6 <unknown>\n#14 0x555e50ae3dbf <unknown>\n#15 0x555e50b3a748 <unknown>\n#16 0x555e50b3a917 <unknown>\n#17 0x555e50b4b773 <unknown>\n#18 0x7fa7513c1044 <unknown>","time":{"start":1699664978692,"stop":1699664982394,"duration":3702}},{"uid":"e5e0ed60de2081ff","reportUrl":"https://zaelcovsky.github.io/StroyremAutomation/136//#testresult/e5e0ed60de2081ff","status":"skipped","statusDetails":"XFAIL\n\nselenium.common.exceptions.NoSuchElementException: Message: no such element: Unable to locate element: {\"method\":\"xpath\",\"selector\":\"//input[@class='amount']\"}\n  (Session info: headless chrome=119.0.6045.105); For documentation on this error, please visit: https://www.selenium.dev/documentation/webdriver/troubleshooting/errors#no-such-element-exception\nStacktrace:\n#0 0x55f8074145e3 <unknown>\n#1 0x55f8070d70b7 <unknown>\n#2 0x55f807124f53 <unknown>\n#3 0x55f807125051 <unknown>\n#4 0x55f80716a9c4 <unknown>\n#5 0x55f80714bf1d <unknown>\n#6 0x55f807167b3d <unknown>\n#7 0x55f80714bcc3 <unknown>\n#8 0x55f8071170e4 <unknown>\n#9 0x55f8071180ae <unknown>\n#10 0x55f8073dace1 <unknown>\n#11 0x55f8073deb7e <unknown>\n#12 0x55f8073c84b5 <unknown>\n#13 0x55f8073df7d6 <unknown>\n#14 0x55f8073abdbf <unknown>\n#15 0x55f807402748 <unknown>\n#16 0x55f807402917 <unknown>\n#17 0x55f807413773 <unknown>\n#18 0x7fc3842e4044 <unknown>","time":{"start":1699578718986,"stop":1699578723529,"duration":4543}},{"uid":"f94c3a6e6af442f6","reportUrl":"https://zaelcovsky.github.io/StroyremAutomation/135//#testresult/f94c3a6e6af442f6","status":"skipped","statusDetails":"XFAIL\n\nselenium.common.exceptions.NoSuchElementException: Message: no such element: Unable to locate element: {\"method\":\"xpath\",\"selector\":\"//input[@class='amount']\"}\n  (Session info: headless chrome=119.0.6045.105); For documentation on this error, please visit: https://www.selenium.dev/documentation/webdriver/troubleshooting/errors#no-such-element-exception\nStacktrace:\n#0 0x564e10dd35e3 <unknown>\n#1 0x564e10a960b7 <unknown>\n#2 0x564e10ae3f53 <unknown>\n#3 0x564e10ae4051 <unknown>\n#4 0x564e10b299c4 <unknown>\n#5 0x564e10b0af1d <unknown>\n#6 0x564e10b26b3d <unknown>\n#7 0x564e10b0acc3 <unknown>\n#8 0x564e10ad60e4 <unknown>\n#9 0x564e10ad70ae <unknown>\n#10 0x564e10d99ce1 <unknown>\n#11 0x564e10d9db7e <unknown>\n#12 0x564e10d874b5 <unknown>\n#13 0x564e10d9e7d6 <unknown>\n#14 0x564e10d6adbf <unknown>\n#15 0x564e10dc1748 <unknown>\n#16 0x564e10dc1917 <unknown>\n#17 0x564e10dd2773 <unknown>\n#18 0x7fd86adb5044 <unknown>","time":{"start":1699492308434,"stop":1699492311822,"duration":3388}},{"uid":"6911f837148018e4","reportUrl":"https://zaelcovsky.github.io/StroyremAutomation/134//#testresult/6911f837148018e4","status":"skipped","statusDetails":"XFAIL\n\nselenium.common.exceptions.NoSuchElementException: Message: no such element: Unable to locate element: {\"method\":\"xpath\",\"selector\":\"//input[@class='amount']\"}\n  (Session info: headless chrome=119.0.6045.105); For documentation on this error, please visit: https://www.selenium.dev/documentation/webdriver/troubleshooting/errors#no-such-element-exception\nStacktrace:\n#0 0x558de8ea25e3 <unknown>\n#1 0x558de8b650b7 <unknown>\n#2 0x558de8bb2f53 <unknown>\n#3 0x558de8bb3051 <unknown>\n#4 0x558de8bf89c4 <unknown>\n#5 0x558de8bd9f1d <unknown>\n#6 0x558de8bf5b3d <unknown>\n#7 0x558de8bd9cc3 <unknown>\n#8 0x558de8ba50e4 <unknown>\n#9 0x558de8ba60ae <unknown>\n#10 0x558de8e68ce1 <unknown>\n#11 0x558de8e6cb7e <unknown>\n#12 0x558de8e564b5 <unknown>\n#13 0x558de8e6d7d6 <unknown>\n#14 0x558de8e39dbf <unknown>\n#15 0x558de8e90748 <unknown>\n#16 0x558de8e90917 <unknown>\n#17 0x558de8ea1773 <unknown>\n#18 0x7f8dde1f1044 <unknown>","time":{"start":1699405838064,"stop":1699405841614,"duration":3550}},{"uid":"b609dfa6dbf23d42","reportUrl":"https://zaelcovsky.github.io/StroyremAutomation/133//#testresult/b609dfa6dbf23d42","status":"skipped","statusDetails":"XFAIL\n\nselenium.common.exceptions.NoSuchElementException: Message: no such element: Unable to locate element: {\"method\":\"xpath\",\"selector\":\"//input[@class='amount']\"}\n  (Session info: headless chrome=119.0.6045.105); For documentation on this error, please visit: https://www.selenium.dev/documentation/webdriver/troubleshooting/errors#no-such-element-exception\nStacktrace:\n#0 0x55a6453925e3 <unknown>\n#1 0x55a6450550b7 <unknown>\n#2 0x55a6450a2f53 <unknown>\n#3 0x55a6450a3051 <unknown>\n#4 0x55a6450e89c4 <unknown>\n#5 0x55a6450c9f1d <unknown>\n#6 0x55a6450e5b3d <unknown>\n#7 0x55a6450c9cc3 <unknown>\n#8 0x55a6450950e4 <unknown>\n#9 0x55a6450960ae <unknown>\n#10 0x55a645358ce1 <unknown>\n#11 0x55a64535cb7e <unknown>\n#12 0x55a6453464b5 <unknown>\n#13 0x55a64535d7d6 <unknown>\n#14 0x55a645329dbf <unknown>\n#15 0x55a645380748 <unknown>\n#16 0x55a645380917 <unknown>\n#17 0x55a645391773 <unknown>\n#18 0x7efc2eec7044 <unknown>","time":{"start":1699319549973,"stop":1699319553961,"duration":3988}},{"uid":"f733069e173f6189","reportUrl":"https://zaelcovsky.github.io/StroyremAutomation/132//#testresult/f733069e173f6189","status":"skipped","statusDetails":"XFAIL\n\nselenium.common.exceptions.NoSuchElementException: Message: no such element: Unable to locate element: {\"method\":\"xpath\",\"selector\":\"//input[@class='amount']\"}\n  (Session info: headless chrome=119.0.6045.105); For documentation on this error, please visit: https://www.selenium.dev/documentation/webdriver/troubleshooting/errors#no-such-element-exception\nStacktrace:\n#0 0x558e7dbf35e3 <unknown>\n#1 0x558e7d8b60b7 <unknown>\n#2 0x558e7d903f53 <unknown>\n#3 0x558e7d904051 <unknown>\n#4 0x558e7d9499c4 <unknown>\n#5 0x558e7d92af1d <unknown>\n#6 0x558e7d946b3d <unknown>\n#7 0x558e7d92acc3 <unknown>\n#8 0x558e7d8f60e4 <unknown>\n#9 0x558e7d8f70ae <unknown>\n#10 0x558e7dbb9ce1 <unknown>\n#11 0x558e7dbbdb7e <unknown>\n#12 0x558e7dba74b5 <unknown>\n#13 0x558e7dbbe7d6 <unknown>\n#14 0x558e7db8adbf <unknown>\n#15 0x558e7dbe1748 <unknown>\n#16 0x558e7dbe1917 <unknown>\n#17 0x558e7dbf2773 <unknown>\n#18 0x7fd003882044 <unknown>","time":{"start":1699233195365,"stop":1699233199452,"duration":4087}},{"uid":"cf211ffe1c1aea42","reportUrl":"https://zaelcovsky.github.io/StroyremAutomation/131//#testresult/cf211ffe1c1aea42","status":"skipped","statusDetails":"XFAIL\n\nselenium.common.exceptions.NoSuchElementException: Message: no such element: Unable to locate element: {\"method\":\"xpath\",\"selector\":\"//input[@class='amount']\"}\n  (Session info: headless chrome=119.0.6045.105); For documentation on this error, please visit: https://www.selenium.dev/documentation/webdriver/troubleshooting/errors#no-such-element-exception\nStacktrace:\n#0 0x563cd80475e3 <unknown>\n#1 0x563cd7d0a0b7 <unknown>\n#2 0x563cd7d57f53 <unknown>\n#3 0x563cd7d58051 <unknown>\n#4 0x563cd7d9d9c4 <unknown>\n#5 0x563cd7d7ef1d <unknown>\n#6 0x563cd7d9ab3d <unknown>\n#7 0x563cd7d7ecc3 <unknown>\n#8 0x563cd7d4a0e4 <unknown>\n#9 0x563cd7d4b0ae <unknown>\n#10 0x563cd800dce1 <unknown>\n#11 0x563cd8011b7e <unknown>\n#12 0x563cd7ffb4b5 <unknown>\n#13 0x563cd80127d6 <unknown>\n#14 0x563cd7fdedbf <unknown>\n#15 0x563cd8035748 <unknown>\n#16 0x563cd8035917 <unknown>\n#17 0x563cd8046773 <unknown>\n#18 0x7f0a34b76044 <unknown>","time":{"start":1699146973598,"stop":1699146978902,"duration":5304}}]},"tags":["@pytest.mark.xfail(reson='Цена доставки: 7000 13900 15900')","smoke"]},"source":"536c92e607a31890.json","parameterValues":["23900","666","'TD 027'","16900","'products/shtukaturka-gipsovaya-aksolit-m50-30-kg-mashinnogo-naneseniya'","14000","'https://sandboxtest.stroyrem-nn.ru/'","20000"]}