{"uid":"ac23b3daeebfd8f8","name":"TC 010 - Проверка функциональности ссылки 'email'","fullName":"tests.test_main_page.TestMainPage#test_positive_footer_email_smoke","historyId":"e74c5b055592413915ce1908666f1f44","time":{"start":1700874219401,"stop":1700874219414,"duration":13},"status":"broken","statusMessage":"selenium.common.exceptions.NoSuchElementException: Message: no such element: Unable to locate element: {\"method\":\"xpath\",\"selector\":\"//a[@class='footer-email']\"}\n  (Session info: headless chrome=119.0.6045.105); For documentation on this error, please visit: https://www.selenium.dev/documentation/webdriver/troubleshooting/errors#no-such-element-exception\nStacktrace:\n#0 0x5611f8a3c5e3 <unknown>\n#1 0x5611f86ff0b7 <unknown>\n#2 0x5611f874cf53 <unknown>\n#3 0x5611f874d051 <unknown>\n#4 0x5611f87929c4 <unknown>\n#5 0x5611f8773f1d <unknown>\n#6 0x5611f878fb3d <unknown>\n#7 0x5611f8773cc3 <unknown>\n#8 0x5611f873f0e4 <unknown>\n#9 0x5611f87400ae <unknown>\n#10 0x5611f8a02ce1 <unknown>\n#11 0x5611f8a06b7e <unknown>\n#12 0x5611f89f04b5 <unknown>\n#13 0x5611f8a077d6 <unknown>\n#14 0x5611f89d3dbf <unknown>\n#15 0x5611f8a2a748 <unknown>\n#16 0x5611f8a2a917 <unknown>\n#17 0x5611f8a3b773 <unknown>\n#18 0x7f7ba74cd044 <unknown>","statusTrace":"self = <tests.test_main_page.TestMainPage object at 0x7f8882d048d0>\nmain_page = <pages.main_page.MainPage object at 0x7f8882275610>\n\n    @allure.feature(\"Footer functionality\")\n    @allure.title(\"TC 010 - Проверка функциональности ссылки 'email'\")\n    # @pytest.mark.xfail(reason=\"Попап не реализован\")\n    @pytest.mark.smoke_test\n    def test_positive_footer_email_smoke(self, main_page):\n>       main_page.check_email_link()\n\ntests/test_main_page.py:100: \n_ _ _ _ _ _ _ _ _ _ _ _ _ _ _ _ _ _ _ _ _ _ _ _ _ _ _ _ _ _ _ _ _ _ _ _ _ _ _ _ \npages/main_page.py:136: in check_email_link\n    self.driver.find_element(*self._email_link).click()\n/usr/local/lib/python3.11/site-packages/selenium/webdriver/remote/webdriver.py:740: in find_element\n    return self.execute(Command.FIND_ELEMENT, {\"using\": by, \"value\": value})[\"value\"]\n/usr/local/lib/python3.11/site-packages/selenium/webdriver/remote/webdriver.py:346: in execute\n    self.error_handler.check_response(response)\n_ _ _ _ _ _ _ _ _ _ _ _ _ _ _ _ _ _ _ _ _ _ _ _ _ _ _ _ _ _ _ _ _ _ _ _ _ _ _ _ \n\nself = <selenium.webdriver.remote.errorhandler.ErrorHandler object at 0x7f888227e1d0>\nresponse = {'status': 404, 'value': '{\"value\":{\"error\":\"no such element\",\"message\":\"no such element: Unable to locate element: {\\...\\\\n#16 0x5611f8a2a917 \\\\u003Cunknown>\\\\n#17 0x5611f8a3b773 \\\\u003Cunknown>\\\\n#18 0x7f7ba74cd044 \\\\u003Cunknown>\\\\n\"}}'}\n\n    def check_response(self, response: Dict[str, Any]) -> None:\n        \"\"\"Checks that a JSON response from the WebDriver does not have an\n        error.\n    \n        :Args:\n         - response - The JSON response from the WebDriver server as a dictionary\n           object.\n    \n        :Raises: If the response contains an error message.\n        \"\"\"\n        status = response.get(\"status\", None)\n        if not status or status == ErrorCode.SUCCESS:\n            return\n        value = None\n        message = response.get(\"message\", \"\")\n        screen: str = response.get(\"screen\", \"\")\n        stacktrace = None\n        if isinstance(status, int):\n            value_json = response.get(\"value\", None)\n            if value_json and isinstance(value_json, str):\n                import json\n    \n                try:\n                    value = json.loads(value_json)\n                    if len(value) == 1:\n                        value = value[\"value\"]\n                    status = value.get(\"error\", None)\n                    if not status:\n                        status = value.get(\"status\", ErrorCode.UNKNOWN_ERROR)\n                        message = value.get(\"value\") or value.get(\"message\")\n                        if not isinstance(message, str):\n                            value = message\n                            message = message.get(\"message\")\n                    else:\n                        message = value.get(\"message\", None)\n                except ValueError:\n                    pass\n    \n        exception_class: Type[WebDriverException]\n        if status in ErrorCode.NO_SUCH_ELEMENT:\n            exception_class = NoSuchElementException\n        elif status in ErrorCode.NO_SUCH_FRAME:\n            exception_class = NoSuchFrameException\n        elif status in ErrorCode.NO_SUCH_SHADOW_ROOT:\n            exception_class = NoSuchShadowRootException\n        elif status in ErrorCode.NO_SUCH_WINDOW:\n            exception_class = NoSuchWindowException\n        elif status in ErrorCode.STALE_ELEMENT_REFERENCE:\n            exception_class = StaleElementReferenceException\n        elif status in ErrorCode.ELEMENT_NOT_VISIBLE:\n            exception_class = ElementNotVisibleException\n        elif status in ErrorCode.INVALID_ELEMENT_STATE:\n            exception_class = InvalidElementStateException\n        elif (\n            status in ErrorCode.INVALID_SELECTOR\n            or status in ErrorCode.INVALID_XPATH_SELECTOR\n            or status in ErrorCode.INVALID_XPATH_SELECTOR_RETURN_TYPER\n        ):\n            exception_class = InvalidSelectorException\n        elif status in ErrorCode.ELEMENT_IS_NOT_SELECTABLE:\n            exception_class = ElementNotSelectableException\n        elif status in ErrorCode.ELEMENT_NOT_INTERACTABLE:\n            exception_class = ElementNotInteractableException\n        elif status in ErrorCode.INVALID_COOKIE_DOMAIN:\n            exception_class = InvalidCookieDomainException\n        elif status in ErrorCode.UNABLE_TO_SET_COOKIE:\n            exception_class = UnableToSetCookieException\n        elif status in ErrorCode.TIMEOUT:\n            exception_class = TimeoutException\n        elif status in ErrorCode.SCRIPT_TIMEOUT:\n            exception_class = TimeoutException\n        elif status in ErrorCode.UNKNOWN_ERROR:\n            exception_class = WebDriverException\n        elif status in ErrorCode.UNEXPECTED_ALERT_OPEN:\n            exception_class = UnexpectedAlertPresentException\n        elif status in ErrorCode.NO_ALERT_OPEN:\n            exception_class = NoAlertPresentException\n        elif status in ErrorCode.IME_NOT_AVAILABLE:\n            exception_class = ImeNotAvailableException\n        elif status in ErrorCode.IME_ENGINE_ACTIVATION_FAILED:\n            exception_class = ImeActivationFailedException\n        elif status in ErrorCode.MOVE_TARGET_OUT_OF_BOUNDS:\n            exception_class = MoveTargetOutOfBoundsException\n        elif status in ErrorCode.JAVASCRIPT_ERROR:\n            exception_class = JavascriptException\n        elif status in ErrorCode.SESSION_NOT_CREATED:\n            exception_class = SessionNotCreatedException\n        elif status in ErrorCode.INVALID_ARGUMENT:\n            exception_class = InvalidArgumentException\n        elif status in ErrorCode.NO_SUCH_COOKIE:\n            exception_class = NoSuchCookieException\n        elif status in ErrorCode.UNABLE_TO_CAPTURE_SCREEN:\n            exception_class = ScreenshotException\n        elif status in ErrorCode.ELEMENT_CLICK_INTERCEPTED:\n            exception_class = ElementClickInterceptedException\n        elif status in ErrorCode.INSECURE_CERTIFICATE:\n            exception_class = InsecureCertificateException\n        elif status in ErrorCode.INVALID_COORDINATES:\n            exception_class = InvalidCoordinatesException\n        elif status in ErrorCode.INVALID_SESSION_ID:\n            exception_class = InvalidSessionIdException\n        elif status in ErrorCode.UNKNOWN_METHOD:\n            exception_class = UnknownMethodException\n        else:\n            exception_class = WebDriverException\n        if not value:\n            value = response[\"value\"]\n        if isinstance(value, str):\n            raise exception_class(value)\n        if message == \"\" and \"message\" in value:\n            message = value[\"message\"]\n    \n        screen = None  # type: ignore[assignment]\n        if \"screen\" in value:\n            screen = value[\"screen\"]\n    \n        stacktrace = None\n        st_value = value.get(\"stackTrace\") or value.get(\"stacktrace\")\n        if st_value:\n            if isinstance(st_value, str):\n                stacktrace = st_value.split(\"\\n\")\n            else:\n                stacktrace = []\n                try:\n                    for frame in st_value:\n                        line = frame.get(\"lineNumber\", \"\")\n                        file = frame.get(\"fileName\", \"<anonymous>\")\n                        if line:\n                            file = f\"{file}:{line}\"\n                        meth = frame.get(\"methodName\", \"<anonymous>\")\n                        if \"className\" in frame:\n                            meth = f\"{frame['className']}.{meth}\"\n                        msg = \"    at %s (%s)\"\n                        msg = msg % (meth, file)\n                        stacktrace.append(msg)\n                except TypeError:\n                    pass\n        if exception_class == UnexpectedAlertPresentException:\n            alert_text = None\n            if \"data\" in value:\n                alert_text = value[\"data\"].get(\"text\")\n            elif \"alert\" in value:\n                alert_text = value[\"alert\"].get(\"text\")\n            raise exception_class(message, screen, stacktrace, alert_text)  # type: ignore[call-arg]  # mypy is not smart enough here\n>       raise exception_class(message, screen, stacktrace)\nE       selenium.common.exceptions.NoSuchElementException: Message: no such element: Unable to locate element: {\"method\":\"xpath\",\"selector\":\"//a[@class='footer-email']\"}\nE         (Session info: headless chrome=119.0.6045.105); For documentation on this error, please visit: https://www.selenium.dev/documentation/webdriver/troubleshooting/errors#no-such-element-exception\nE       Stacktrace:\nE       #0 0x5611f8a3c5e3 <unknown>\nE       #1 0x5611f86ff0b7 <unknown>\nE       #2 0x5611f874cf53 <unknown>\nE       #3 0x5611f874d051 <unknown>\nE       #4 0x5611f87929c4 <unknown>\nE       #5 0x5611f8773f1d <unknown>\nE       #6 0x5611f878fb3d <unknown>\nE       #7 0x5611f8773cc3 <unknown>\nE       #8 0x5611f873f0e4 <unknown>\nE       #9 0x5611f87400ae <unknown>\nE       #10 0x5611f8a02ce1 <unknown>\nE       #11 0x5611f8a06b7e <unknown>\nE       #12 0x5611f89f04b5 <unknown>\nE       #13 0x5611f8a077d6 <unknown>\nE       #14 0x5611f89d3dbf <unknown>\nE       #15 0x5611f8a2a748 <unknown>\nE       #16 0x5611f8a2a917 <unknown>\nE       #17 0x5611f8a3b773 <unknown>\nE       #18 0x7f7ba74cd044 <unknown>\n\n/usr/local/lib/python3.11/site-packages/selenium/webdriver/remote/errorhandler.py:245: NoSuchElementException","flaky":false,"newFailed":false,"newBroken":false,"newPassed":false,"retriesCount":0,"retriesStatusChange":false,"beforeStages":[{"name":"_session_faker","time":{"start":1700874099621,"stop":1700874099687,"duration":66},"status":"passed","steps":[],"attachments":[],"parameters":[],"shouldDisplayMessage":false,"stepsCount":0,"attachmentsCount":0,"hasContent":false},{"name":"clear_allure_results_folder","time":{"start":1700874099687,"stop":1700874099687,"duration":0},"status":"passed","steps":[],"attachments":[],"parameters":[],"shouldDisplayMessage":false,"stepsCount":0,"attachmentsCount":0,"hasContent":false},{"name":"driver","time":{"start":1700874218289,"stop":1700874219022,"duration":733},"status":"passed","steps":[],"attachments":[],"parameters":[],"shouldDisplayMessage":false,"stepsCount":0,"attachmentsCount":0,"hasContent":false},{"name":"setup","time":{"start":1700874219022,"stop":1700874219022,"duration":0},"status":"passed","steps":[],"attachments":[],"parameters":[],"shouldDisplayMessage":false,"stepsCount":0,"attachmentsCount":0,"hasContent":false},{"name":"main_page","time":{"start":1700874219022,"stop":1700874219401,"duration":379},"status":"passed","steps":[],"attachments":[],"parameters":[],"shouldDisplayMessage":false,"stepsCount":0,"attachmentsCount":0,"hasContent":false}],"testStage":{"status":"broken","statusMessage":"selenium.common.exceptions.NoSuchElementException: Message: no such element: Unable to locate element: {\"method\":\"xpath\",\"selector\":\"//a[@class='footer-email']\"}\n  (Session info: headless chrome=119.0.6045.105); For documentation on this error, please visit: https://www.selenium.dev/documentation/webdriver/troubleshooting/errors#no-such-element-exception\nStacktrace:\n#0 0x5611f8a3c5e3 <unknown>\n#1 0x5611f86ff0b7 <unknown>\n#2 0x5611f874cf53 <unknown>\n#3 0x5611f874d051 <unknown>\n#4 0x5611f87929c4 <unknown>\n#5 0x5611f8773f1d <unknown>\n#6 0x5611f878fb3d <unknown>\n#7 0x5611f8773cc3 <unknown>\n#8 0x5611f873f0e4 <unknown>\n#9 0x5611f87400ae <unknown>\n#10 0x5611f8a02ce1 <unknown>\n#11 0x5611f8a06b7e <unknown>\n#12 0x5611f89f04b5 <unknown>\n#13 0x5611f8a077d6 <unknown>\n#14 0x5611f89d3dbf <unknown>\n#15 0x5611f8a2a748 <unknown>\n#16 0x5611f8a2a917 <unknown>\n#17 0x5611f8a3b773 <unknown>\n#18 0x7f7ba74cd044 <unknown>","statusTrace":"self = <tests.test_main_page.TestMainPage object at 0x7f8882d048d0>\nmain_page = <pages.main_page.MainPage object at 0x7f8882275610>\n\n    @allure.feature(\"Footer functionality\")\n    @allure.title(\"TC 010 - Проверка функциональности ссылки 'email'\")\n    # @pytest.mark.xfail(reason=\"Попап не реализован\")\n    @pytest.mark.smoke_test\n    def test_positive_footer_email_smoke(self, main_page):\n>       main_page.check_email_link()\n\ntests/test_main_page.py:100: \n_ _ _ _ _ _ _ _ _ _ _ _ _ _ _ _ _ _ _ _ _ _ _ _ _ _ _ _ _ _ _ _ _ _ _ _ _ _ _ _ \npages/main_page.py:136: in check_email_link\n    self.driver.find_element(*self._email_link).click()\n/usr/local/lib/python3.11/site-packages/selenium/webdriver/remote/webdriver.py:740: in find_element\n    return self.execute(Command.FIND_ELEMENT, {\"using\": by, \"value\": value})[\"value\"]\n/usr/local/lib/python3.11/site-packages/selenium/webdriver/remote/webdriver.py:346: in execute\n    self.error_handler.check_response(response)\n_ _ _ _ _ _ _ _ _ _ _ _ _ _ _ _ _ _ _ _ _ _ _ _ _ _ _ _ _ _ _ _ _ _ _ _ _ _ _ _ \n\nself = <selenium.webdriver.remote.errorhandler.ErrorHandler object at 0x7f888227e1d0>\nresponse = {'status': 404, 'value': '{\"value\":{\"error\":\"no such element\",\"message\":\"no such element: Unable to locate element: {\\...\\\\n#16 0x5611f8a2a917 \\\\u003Cunknown>\\\\n#17 0x5611f8a3b773 \\\\u003Cunknown>\\\\n#18 0x7f7ba74cd044 \\\\u003Cunknown>\\\\n\"}}'}\n\n    def check_response(self, response: Dict[str, Any]) -> None:\n        \"\"\"Checks that a JSON response from the WebDriver does not have an\n        error.\n    \n        :Args:\n         - response - The JSON response from the WebDriver server as a dictionary\n           object.\n    \n        :Raises: If the response contains an error message.\n        \"\"\"\n        status = response.get(\"status\", None)\n        if not status or status == ErrorCode.SUCCESS:\n            return\n        value = None\n        message = response.get(\"message\", \"\")\n        screen: str = response.get(\"screen\", \"\")\n        stacktrace = None\n        if isinstance(status, int):\n            value_json = response.get(\"value\", None)\n            if value_json and isinstance(value_json, str):\n                import json\n    \n                try:\n                    value = json.loads(value_json)\n                    if len(value) == 1:\n                        value = value[\"value\"]\n                    status = value.get(\"error\", None)\n                    if not status:\n                        status = value.get(\"status\", ErrorCode.UNKNOWN_ERROR)\n                        message = value.get(\"value\") or value.get(\"message\")\n                        if not isinstance(message, str):\n                            value = message\n                            message = message.get(\"message\")\n                    else:\n                        message = value.get(\"message\", None)\n                except ValueError:\n                    pass\n    \n        exception_class: Type[WebDriverException]\n        if status in ErrorCode.NO_SUCH_ELEMENT:\n            exception_class = NoSuchElementException\n        elif status in ErrorCode.NO_SUCH_FRAME:\n            exception_class = NoSuchFrameException\n        elif status in ErrorCode.NO_SUCH_SHADOW_ROOT:\n            exception_class = NoSuchShadowRootException\n        elif status in ErrorCode.NO_SUCH_WINDOW:\n            exception_class = NoSuchWindowException\n        elif status in ErrorCode.STALE_ELEMENT_REFERENCE:\n            exception_class = StaleElementReferenceException\n        elif status in ErrorCode.ELEMENT_NOT_VISIBLE:\n            exception_class = ElementNotVisibleException\n        elif status in ErrorCode.INVALID_ELEMENT_STATE:\n            exception_class = InvalidElementStateException\n        elif (\n            status in ErrorCode.INVALID_SELECTOR\n            or status in ErrorCode.INVALID_XPATH_SELECTOR\n            or status in ErrorCode.INVALID_XPATH_SELECTOR_RETURN_TYPER\n        ):\n            exception_class = InvalidSelectorException\n        elif status in ErrorCode.ELEMENT_IS_NOT_SELECTABLE:\n            exception_class = ElementNotSelectableException\n        elif status in ErrorCode.ELEMENT_NOT_INTERACTABLE:\n            exception_class = ElementNotInteractableException\n        elif status in ErrorCode.INVALID_COOKIE_DOMAIN:\n            exception_class = InvalidCookieDomainException\n        elif status in ErrorCode.UNABLE_TO_SET_COOKIE:\n            exception_class = UnableToSetCookieException\n        elif status in ErrorCode.TIMEOUT:\n            exception_class = TimeoutException\n        elif status in ErrorCode.SCRIPT_TIMEOUT:\n            exception_class = TimeoutException\n        elif status in ErrorCode.UNKNOWN_ERROR:\n            exception_class = WebDriverException\n        elif status in ErrorCode.UNEXPECTED_ALERT_OPEN:\n            exception_class = UnexpectedAlertPresentException\n        elif status in ErrorCode.NO_ALERT_OPEN:\n            exception_class = NoAlertPresentException\n        elif status in ErrorCode.IME_NOT_AVAILABLE:\n            exception_class = ImeNotAvailableException\n        elif status in ErrorCode.IME_ENGINE_ACTIVATION_FAILED:\n            exception_class = ImeActivationFailedException\n        elif status in ErrorCode.MOVE_TARGET_OUT_OF_BOUNDS:\n            exception_class = MoveTargetOutOfBoundsException\n        elif status in ErrorCode.JAVASCRIPT_ERROR:\n            exception_class = JavascriptException\n        elif status in ErrorCode.SESSION_NOT_CREATED:\n            exception_class = SessionNotCreatedException\n        elif status in ErrorCode.INVALID_ARGUMENT:\n            exception_class = InvalidArgumentException\n        elif status in ErrorCode.NO_SUCH_COOKIE:\n            exception_class = NoSuchCookieException\n        elif status in ErrorCode.UNABLE_TO_CAPTURE_SCREEN:\n            exception_class = ScreenshotException\n        elif status in ErrorCode.ELEMENT_CLICK_INTERCEPTED:\n            exception_class = ElementClickInterceptedException\n        elif status in ErrorCode.INSECURE_CERTIFICATE:\n            exception_class = InsecureCertificateException\n        elif status in ErrorCode.INVALID_COORDINATES:\n            exception_class = InvalidCoordinatesException\n        elif status in ErrorCode.INVALID_SESSION_ID:\n            exception_class = InvalidSessionIdException\n        elif status in ErrorCode.UNKNOWN_METHOD:\n            exception_class = UnknownMethodException\n        else:\n            exception_class = WebDriverException\n        if not value:\n            value = response[\"value\"]\n        if isinstance(value, str):\n            raise exception_class(value)\n        if message == \"\" and \"message\" in value:\n            message = value[\"message\"]\n    \n        screen = None  # type: ignore[assignment]\n        if \"screen\" in value:\n            screen = value[\"screen\"]\n    \n        stacktrace = None\n        st_value = value.get(\"stackTrace\") or value.get(\"stacktrace\")\n        if st_value:\n            if isinstance(st_value, str):\n                stacktrace = st_value.split(\"\\n\")\n            else:\n                stacktrace = []\n                try:\n                    for frame in st_value:\n                        line = frame.get(\"lineNumber\", \"\")\n                        file = frame.get(\"fileName\", \"<anonymous>\")\n                        if line:\n                            file = f\"{file}:{line}\"\n                        meth = frame.get(\"methodName\", \"<anonymous>\")\n                        if \"className\" in frame:\n                            meth = f\"{frame['className']}.{meth}\"\n                        msg = \"    at %s (%s)\"\n                        msg = msg % (meth, file)\n                        stacktrace.append(msg)\n                except TypeError:\n                    pass\n        if exception_class == UnexpectedAlertPresentException:\n            alert_text = None\n            if \"data\" in value:\n                alert_text = value[\"data\"].get(\"text\")\n            elif \"alert\" in value:\n                alert_text = value[\"alert\"].get(\"text\")\n            raise exception_class(message, screen, stacktrace, alert_text)  # type: ignore[call-arg]  # mypy is not smart enough here\n>       raise exception_class(message, screen, stacktrace)\nE       selenium.common.exceptions.NoSuchElementException: Message: no such element: Unable to locate element: {\"method\":\"xpath\",\"selector\":\"//a[@class='footer-email']\"}\nE         (Session info: headless chrome=119.0.6045.105); For documentation on this error, please visit: https://www.selenium.dev/documentation/webdriver/troubleshooting/errors#no-such-element-exception\nE       Stacktrace:\nE       #0 0x5611f8a3c5e3 <unknown>\nE       #1 0x5611f86ff0b7 <unknown>\nE       #2 0x5611f874cf53 <unknown>\nE       #3 0x5611f874d051 <unknown>\nE       #4 0x5611f87929c4 <unknown>\nE       #5 0x5611f8773f1d <unknown>\nE       #6 0x5611f878fb3d <unknown>\nE       #7 0x5611f8773cc3 <unknown>\nE       #8 0x5611f873f0e4 <unknown>\nE       #9 0x5611f87400ae <unknown>\nE       #10 0x5611f8a02ce1 <unknown>\nE       #11 0x5611f8a06b7e <unknown>\nE       #12 0x5611f89f04b5 <unknown>\nE       #13 0x5611f8a077d6 <unknown>\nE       #14 0x5611f89d3dbf <unknown>\nE       #15 0x5611f8a2a748 <unknown>\nE       #16 0x5611f8a2a917 <unknown>\nE       #17 0x5611f8a3b773 <unknown>\nE       #18 0x7f7ba74cd044 <unknown>\n\n/usr/local/lib/python3.11/site-packages/selenium/webdriver/remote/errorhandler.py:245: NoSuchElementException","steps":[{"name":"Проверка функциональности ссылки 'email'-info@stroyrem-nn.ru","time":{"start":1700874219402,"stop":1700874219414,"duration":12},"status":"broken","statusMessage":"selenium.common.exceptions.NoSuchElementException: Message: no such element: Unable to locate element: {\"method\":\"xpath\",\"selector\":\"//a[@class='footer-email']\"}\n  (Session info: headless chrome=119.0.6045.105); For documentation on this error, please visit: https://www.selenium.dev/documentation/webdriver/troubleshooting/errors#no-such-element-exception\nStacktrace:\n#0 0x5611f8a3c5e3 <unknown>\n#1 0x5611f86ff0b7 <unknown>\n#2 0x5611f874cf53 <unknown>\n#3 0x5611f874d051 <unknown>\n#4 0x5611f87929c4 <unknown>\n#5 0x5611f8773f1d <unknown>\n#6 0x5611f878fb3d <unknown>\n#7 0x5611f8773cc3 <unknown>\n#8 0x5611f873f0e4 <unknown>\n#9 0x5611f87400ae <unknown>\n#10 0x5611f8a02ce1 <unknown>\n#11 0x5611f8a06b7e <unknown>\n#12 0x5611f89f04b5 <unknown>\n#13 0x5611f8a077d6 <unknown>\n#14 0x5611f89d3dbf <unknown>\n#15 0x5611f8a2a748 <unknown>\n#16 0x5611f8a2a917 <unknown>\n#17 0x5611f8a3b773 <unknown>\n#18 0x7f7ba74cd044 <unknown>\n\n","statusTrace":"  File \"/usr/local/lib/python3.11/site-packages/allure_commons/_allure.py\", line 192, in impl\n    return func(*a, **kw)\n           ^^^^^^^^^^^^^^\n  File \"/app/pages/main_page.py\", line 136, in check_email_link\n    self.driver.find_element(*self._email_link).click()\n    ^^^^^^^^^^^^^^^^^^^^^^^^^^^^^^^^^^^^^^^^^^^\n  File \"/usr/local/lib/python3.11/site-packages/selenium/webdriver/remote/webdriver.py\", line 740, in find_element\n    return self.execute(Command.FIND_ELEMENT, {\"using\": by, \"value\": value})[\"value\"]\n           ^^^^^^^^^^^^^^^^^^^^^^^^^^^^^^^^^^^^^^^^^^^^^^^^^^^^^^^^^^^^^^^^^\n  File \"/usr/local/lib/python3.11/site-packages/selenium/webdriver/remote/webdriver.py\", line 346, in execute\n    self.error_handler.check_response(response)\n  File \"/usr/local/lib/python3.11/site-packages/selenium/webdriver/remote/errorhandler.py\", line 245, in check_response\n    raise exception_class(message, screen, stacktrace)\n","steps":[],"attachments":[],"parameters":[],"shouldDisplayMessage":true,"stepsCount":0,"attachmentsCount":0,"hasContent":true}],"attachments":[{"uid":"b83b30328b2e98b4","name":"Screenshot","source":"b83b30328b2e98b4.png","type":"image/png","size":39127},{"uid":"d714d4fee415df21","name":"HTML source","source":"d714d4fee415df21.html","type":"text/html","size":538}],"parameters":[],"shouldDisplayMessage":true,"stepsCount":1,"attachmentsCount":2,"hasContent":true},"afterStages":[{"name":"setup::0","time":{"start":1700874219521,"stop":1700874219521,"duration":0},"status":"passed","steps":[],"attachments":[],"parameters":[],"shouldDisplayMessage":false,"stepsCount":0,"attachmentsCount":0,"hasContent":false},{"name":"driver::0","time":{"start":1700874219521,"stop":1700874219578,"duration":57},"status":"passed","steps":[],"attachments":[],"parameters":[],"shouldDisplayMessage":false,"stepsCount":0,"attachmentsCount":0,"hasContent":false}],"labels":[{"name":"feature","value":"Footer functionality"},{"name":"epic","value":"Main Page"},{"name":"tag","value":"smoke_test"},{"name":"parentSuite","value":"tests"},{"name":"suite","value":"test_main_page"},{"name":"subSuite","value":"TestMainPage"},{"name":"host","value":"bd72fe2f89a6"},{"name":"thread","value":"1-MainThread"},{"name":"framework","value":"pytest"},{"name":"language","value":"cpython3"},{"name":"package","value":"tests.test_main_page"},{"name":"resultFormat","value":"allure2"}],"parameters":[{"name":"url","value":"'https://test2.stroyrem-nn.ru/'"}],"links":[],"hidden":false,"retry":false,"extra":{"severity":"normal","retries":[],"categories":[{"name":"Test defects","matchedStatuses":[],"flaky":false}],"history":{"statistic":{"failed":0,"broken":71,"skipped":2,"passed":35,"unknown":0,"total":108},"items":[{"uid":"cfc898182beb4f95","reportUrl":"https://zaelcovsky.github.io/StroyremAutomation/150//#testresult/cfc898182beb4f95","status":"broken","statusDetails":"selenium.common.exceptions.NoSuchElementException: Message: no such element: Unable to locate element: {\"method\":\"xpath\",\"selector\":\"//a[@class='footer-email']\"}\n  (Session info: headless chrome=119.0.6045.105); For documentation on this error, please visit: https://www.selenium.dev/documentation/webdriver/troubleshooting/errors#no-such-element-exception\nStacktrace:\n#0 0x5639020105e3 <unknown>\n#1 0x563901cd30b7 <unknown>\n#2 0x563901d20f53 <unknown>\n#3 0x563901d21051 <unknown>\n#4 0x563901d669c4 <unknown>\n#5 0x563901d47f1d <unknown>\n#6 0x563901d63b3d <unknown>\n#7 0x563901d47cc3 <unknown>\n#8 0x563901d130e4 <unknown>\n#9 0x563901d140ae <unknown>\n#10 0x563901fd6ce1 <unknown>\n#11 0x563901fdab7e <unknown>\n#12 0x563901fc44b5 <unknown>\n#13 0x563901fdb7d6 <unknown>\n#14 0x563901fa7dbf <unknown>\n#15 0x563901ffe748 <unknown>\n#16 0x563901ffe917 <unknown>\n#17 0x56390200f773 <unknown>\n#18 0x7f4be26e8044 <unknown>","time":{"start":1700787900931,"stop":1700787900944,"duration":13}},{"uid":"c17f480f419bdca3","reportUrl":"https://zaelcovsky.github.io/StroyremAutomation/149//#testresult/c17f480f419bdca3","status":"broken","statusDetails":"selenium.common.exceptions.NoSuchElementException: Message: no such element: Unable to locate element: {\"method\":\"xpath\",\"selector\":\"//a[@class='footer-email']\"}\n  (Session info: headless chrome=119.0.6045.105); For documentation on this error, please visit: https://www.selenium.dev/documentation/webdriver/troubleshooting/errors#no-such-element-exception\nStacktrace:\n#0 0x563623bf15e3 <unknown>\n#1 0x5636238b40b7 <unknown>\n#2 0x563623901f53 <unknown>\n#3 0x563623902051 <unknown>\n#4 0x5636239479c4 <unknown>\n#5 0x563623928f1d <unknown>\n#6 0x563623944b3d <unknown>\n#7 0x563623928cc3 <unknown>\n#8 0x5636238f40e4 <unknown>\n#9 0x5636238f50ae <unknown>\n#10 0x563623bb7ce1 <unknown>\n#11 0x563623bbbb7e <unknown>\n#12 0x563623ba54b5 <unknown>\n#13 0x563623bbc7d6 <unknown>\n#14 0x563623b88dbf <unknown>\n#15 0x563623bdf748 <unknown>\n#16 0x563623bdf917 <unknown>\n#17 0x563623bf0773 <unknown>\n#18 0x7fc2c24ef044 <unknown>","time":{"start":1700701540010,"stop":1700701540023,"duration":13}},{"uid":"f89254d063f40a08","reportUrl":"https://zaelcovsky.github.io/StroyremAutomation/148//#testresult/f89254d063f40a08","status":"broken","statusDetails":"selenium.common.exceptions.NoSuchElementException: Message: no such element: Unable to locate element: {\"method\":\"xpath\",\"selector\":\"//a[@class='footer-email']\"}\n  (Session info: headless chrome=119.0.6045.105); For documentation on this error, please visit: https://www.selenium.dev/documentation/webdriver/troubleshooting/errors#no-such-element-exception\nStacktrace:\n#0 0x555ff2d8a5e3 <unknown>\n#1 0x555ff2a4d0b7 <unknown>\n#2 0x555ff2a9af53 <unknown>\n#3 0x555ff2a9b051 <unknown>\n#4 0x555ff2ae09c4 <unknown>\n#5 0x555ff2ac1f1d <unknown>\n#6 0x555ff2addb3d <unknown>\n#7 0x555ff2ac1cc3 <unknown>\n#8 0x555ff2a8d0e4 <unknown>\n#9 0x555ff2a8e0ae <unknown>\n#10 0x555ff2d50ce1 <unknown>\n#11 0x555ff2d54b7e <unknown>\n#12 0x555ff2d3e4b5 <unknown>\n#13 0x555ff2d557d6 <unknown>\n#14 0x555ff2d21dbf <unknown>\n#15 0x555ff2d78748 <unknown>\n#16 0x555ff2d78917 <unknown>\n#17 0x555ff2d89773 <unknown>\n#18 0x7f3034f1f044 <unknown>","time":{"start":1700615288131,"stop":1700615288144,"duration":13}},{"uid":"5667f7e86be64dc8","reportUrl":"https://zaelcovsky.github.io/StroyremAutomation/147//#testresult/5667f7e86be64dc8","status":"broken","statusDetails":"selenium.common.exceptions.NoSuchElementException: Message: no such element: Unable to locate element: {\"method\":\"xpath\",\"selector\":\"//a[@class='footer-email']\"}\n  (Session info: headless chrome=119.0.6045.105); For documentation on this error, please visit: https://www.selenium.dev/documentation/webdriver/troubleshooting/errors#no-such-element-exception\nStacktrace:\n#0 0x559b113e05e3 <unknown>\n#1 0x559b110a30b7 <unknown>\n#2 0x559b110f0f53 <unknown>\n#3 0x559b110f1051 <unknown>\n#4 0x559b111369c4 <unknown>\n#5 0x559b11117f1d <unknown>\n#6 0x559b11133b3d <unknown>\n#7 0x559b11117cc3 <unknown>\n#8 0x559b110e30e4 <unknown>\n#9 0x559b110e40ae <unknown>\n#10 0x559b113a6ce1 <unknown>\n#11 0x559b113aab7e <unknown>\n#12 0x559b113944b5 <unknown>\n#13 0x559b113ab7d6 <unknown>\n#14 0x559b11377dbf <unknown>\n#15 0x559b113ce748 <unknown>\n#16 0x559b113ce917 <unknown>\n#17 0x559b113df773 <unknown>\n#18 0x7fdc9e1e3044 <unknown>","time":{"start":1700528863207,"stop":1700528863220,"duration":13}},{"uid":"74a306e0e3f50c88","reportUrl":"https://zaelcovsky.github.io/StroyremAutomation/146//#testresult/74a306e0e3f50c88","status":"broken","statusDetails":"selenium.common.exceptions.NoSuchElementException: Message: no such element: Unable to locate element: {\"method\":\"xpath\",\"selector\":\"//a[@class='footer-email']\"}\n  (Session info: headless chrome=119.0.6045.105); For documentation on this error, please visit: https://www.selenium.dev/documentation/webdriver/troubleshooting/errors#no-such-element-exception\nStacktrace:\n#0 0x55e57321a5e3 <unknown>\n#1 0x55e572edd0b7 <unknown>\n#2 0x55e572f2af53 <unknown>\n#3 0x55e572f2b051 <unknown>\n#4 0x55e572f709c4 <unknown>\n#5 0x55e572f51f1d <unknown>\n#6 0x55e572f6db3d <unknown>\n#7 0x55e572f51cc3 <unknown>\n#8 0x55e572f1d0e4 <unknown>\n#9 0x55e572f1e0ae <unknown>\n#10 0x55e5731e0ce1 <unknown>\n#11 0x55e5731e4b7e <unknown>\n#12 0x55e5731ce4b5 <unknown>\n#13 0x55e5731e57d6 <unknown>\n#14 0x55e5731b1dbf <unknown>\n#15 0x55e573208748 <unknown>\n#16 0x55e573208917 <unknown>\n#17 0x55e573219773 <unknown>\n#18 0x7f9502b95044 <unknown>","time":{"start":1700442421208,"stop":1700442421220,"duration":12}},{"uid":"281e4f9aec6098bd","reportUrl":"https://zaelcovsky.github.io/StroyremAutomation/145//#testresult/281e4f9aec6098bd","status":"broken","statusDetails":"selenium.common.exceptions.NoSuchElementException: Message: no such element: Unable to locate element: {\"method\":\"xpath\",\"selector\":\"//a[@class='footer-email']\"}\n  (Session info: headless chrome=119.0.6045.105); For documentation on this error, please visit: https://www.selenium.dev/documentation/webdriver/troubleshooting/errors#no-such-element-exception\nStacktrace:\n#0 0x558239e675e3 <unknown>\n#1 0x558239b2a0b7 <unknown>\n#2 0x558239b77f53 <unknown>\n#3 0x558239b78051 <unknown>\n#4 0x558239bbd9c4 <unknown>\n#5 0x558239b9ef1d <unknown>\n#6 0x558239bbab3d <unknown>\n#7 0x558239b9ecc3 <unknown>\n#8 0x558239b6a0e4 <unknown>\n#9 0x558239b6b0ae <unknown>\n#10 0x558239e2dce1 <unknown>\n#11 0x558239e31b7e <unknown>\n#12 0x558239e1b4b5 <unknown>\n#13 0x558239e327d6 <unknown>\n#14 0x558239dfedbf <unknown>\n#15 0x558239e55748 <unknown>\n#16 0x558239e55917 <unknown>\n#17 0x558239e66773 <unknown>\n#18 0x7f017f415044 <unknown>","time":{"start":1700356213958,"stop":1700356213971,"duration":13}},{"uid":"85d3ceacce015498","reportUrl":"https://zaelcovsky.github.io/StroyremAutomation/144//#testresult/85d3ceacce015498","status":"broken","statusDetails":"selenium.common.exceptions.NoSuchElementException: Message: no such element: Unable to locate element: {\"method\":\"xpath\",\"selector\":\"//a[@class='footer-email']\"}\n  (Session info: headless chrome=119.0.6045.105); For documentation on this error, please visit: https://www.selenium.dev/documentation/webdriver/troubleshooting/errors#no-such-element-exception\nStacktrace:\n#0 0x5609632575e3 <unknown>\n#1 0x560962f1a0b7 <unknown>\n#2 0x560962f67f53 <unknown>\n#3 0x560962f68051 <unknown>\n#4 0x560962fad9c4 <unknown>\n#5 0x560962f8ef1d <unknown>\n#6 0x560962faab3d <unknown>\n#7 0x560962f8ecc3 <unknown>\n#8 0x560962f5a0e4 <unknown>\n#9 0x560962f5b0ae <unknown>\n#10 0x56096321dce1 <unknown>\n#11 0x560963221b7e <unknown>\n#12 0x56096320b4b5 <unknown>\n#13 0x5609632227d6 <unknown>\n#14 0x5609631eedbf <unknown>\n#15 0x560963245748 <unknown>\n#16 0x560963245917 <unknown>\n#17 0x560963256773 <unknown>\n#18 0x7f1d2a3d9044 <unknown>","time":{"start":1700269559093,"stop":1700269559106,"duration":13}},{"uid":"e332090d3ca10a4","reportUrl":"https://zaelcovsky.github.io/StroyremAutomation/143//#testresult/e332090d3ca10a4","status":"broken","statusDetails":"selenium.common.exceptions.NoSuchElementException: Message: no such element: Unable to locate element: {\"method\":\"xpath\",\"selector\":\"//a[@class='footer-email']\"}\n  (Session info: headless chrome=119.0.6045.105); For documentation on this error, please visit: https://www.selenium.dev/documentation/webdriver/troubleshooting/errors#no-such-element-exception\nStacktrace:\n#0 0x55b33c5875e3 <unknown>\n#1 0x55b33c24a0b7 <unknown>\n#2 0x55b33c297f53 <unknown>\n#3 0x55b33c298051 <unknown>\n#4 0x55b33c2dd9c4 <unknown>\n#5 0x55b33c2bef1d <unknown>\n#6 0x55b33c2dab3d <unknown>\n#7 0x55b33c2becc3 <unknown>\n#8 0x55b33c28a0e4 <unknown>\n#9 0x55b33c28b0ae <unknown>\n#10 0x55b33c54dce1 <unknown>\n#11 0x55b33c551b7e <unknown>\n#12 0x55b33c53b4b5 <unknown>\n#13 0x55b33c5527d6 <unknown>\n#14 0x55b33c51edbf <unknown>\n#15 0x55b33c575748 <unknown>\n#16 0x55b33c575917 <unknown>\n#17 0x55b33c586773 <unknown>\n#18 0x7fc489d27044 <unknown>","time":{"start":1700183193845,"stop":1700183193858,"duration":13}},{"uid":"eeab9167f18ea56b","reportUrl":"https://zaelcovsky.github.io/StroyremAutomation/142//#testresult/eeab9167f18ea56b","status":"broken","statusDetails":"selenium.common.exceptions.NoSuchElementException: Message: no such element: Unable to locate element: {\"method\":\"xpath\",\"selector\":\"//a[@class='footer-email']\"}\n  (Session info: headless chrome=119.0.6045.105); For documentation on this error, please visit: https://www.selenium.dev/documentation/webdriver/troubleshooting/errors#no-such-element-exception\nStacktrace:\n#0 0x557ba0e6d5e3 <unknown>\n#1 0x557ba0b300b7 <unknown>\n#2 0x557ba0b7df53 <unknown>\n#3 0x557ba0b7e051 <unknown>\n#4 0x557ba0bc39c4 <unknown>\n#5 0x557ba0ba4f1d <unknown>\n#6 0x557ba0bc0b3d <unknown>\n#7 0x557ba0ba4cc3 <unknown>\n#8 0x557ba0b700e4 <unknown>\n#9 0x557ba0b710ae <unknown>\n#10 0x557ba0e33ce1 <unknown>\n#11 0x557ba0e37b7e <unknown>\n#12 0x557ba0e214b5 <unknown>\n#13 0x557ba0e387d6 <unknown>\n#14 0x557ba0e04dbf <unknown>\n#15 0x557ba0e5b748 <unknown>\n#16 0x557ba0e5b917 <unknown>\n#17 0x557ba0e6c773 <unknown>\n#18 0x7ff25cc57044 <unknown>","time":{"start":1700096788352,"stop":1700096788365,"duration":13}},{"uid":"465133155eb815f6","reportUrl":"https://zaelcovsky.github.io/StroyremAutomation/141//#testresult/465133155eb815f6","status":"broken","statusDetails":"selenium.common.exceptions.NoSuchElementException: Message: no such element: Unable to locate element: {\"method\":\"xpath\",\"selector\":\"//a[@class='footer-email']\"}\n  (Session info: headless chrome=119.0.6045.105); For documentation on this error, please visit: https://www.selenium.dev/documentation/webdriver/troubleshooting/errors#no-such-element-exception\nStacktrace:\n#0 0x55a5865d15e3 <unknown>\n#1 0x55a5862940b7 <unknown>\n#2 0x55a5862e1f53 <unknown>\n#3 0x55a5862e2051 <unknown>\n#4 0x55a5863279c4 <unknown>\n#5 0x55a586308f1d <unknown>\n#6 0x55a586324b3d <unknown>\n#7 0x55a586308cc3 <unknown>\n#8 0x55a5862d40e4 <unknown>\n#9 0x55a5862d50ae <unknown>\n#10 0x55a586597ce1 <unknown>\n#11 0x55a58659bb7e <unknown>\n#12 0x55a5865854b5 <unknown>\n#13 0x55a58659c7d6 <unknown>\n#14 0x55a586568dbf <unknown>\n#15 0x55a5865bf748 <unknown>\n#16 0x55a5865bf917 <unknown>\n#17 0x55a5865d0773 <unknown>\n#18 0x7fb596c40044 <unknown>","time":{"start":1700010322835,"stop":1700010322848,"duration":13}},{"uid":"d17352f9eedae33c","reportUrl":"https://zaelcovsky.github.io/StroyremAutomation/140//#testresult/d17352f9eedae33c","status":"broken","statusDetails":"selenium.common.exceptions.NoSuchElementException: Message: no such element: Unable to locate element: {\"method\":\"xpath\",\"selector\":\"//a[@class='footer-email']\"}\n  (Session info: headless chrome=119.0.6045.105); For documentation on this error, please visit: https://www.selenium.dev/documentation/webdriver/troubleshooting/errors#no-such-element-exception\nStacktrace:\n#0 0x55ddcddf85e3 <unknown>\n#1 0x55ddcdabb0b7 <unknown>\n#2 0x55ddcdb08f53 <unknown>\n#3 0x55ddcdb09051 <unknown>\n#4 0x55ddcdb4e9c4 <unknown>\n#5 0x55ddcdb2ff1d <unknown>\n#6 0x55ddcdb4bb3d <unknown>\n#7 0x55ddcdb2fcc3 <unknown>\n#8 0x55ddcdafb0e4 <unknown>\n#9 0x55ddcdafc0ae <unknown>\n#10 0x55ddcddbece1 <unknown>\n#11 0x55ddcddc2b7e <unknown>\n#12 0x55ddcddac4b5 <unknown>\n#13 0x55ddcddc37d6 <unknown>\n#14 0x55ddcdd8fdbf <unknown>\n#15 0x55ddcdde6748 <unknown>\n#16 0x55ddcdde6917 <unknown>\n#17 0x55ddcddf7773 <unknown>\n#18 0x7fa58532a044 <unknown>","time":{"start":1699923907726,"stop":1699923907746,"duration":20}},{"uid":"7d14c058cab98d68","reportUrl":"https://zaelcovsky.github.io/StroyremAutomation/139//#testresult/7d14c058cab98d68","status":"broken","statusDetails":"selenium.common.exceptions.NoSuchElementException: Message: no such element: Unable to locate element: {\"method\":\"xpath\",\"selector\":\"//a[@class='footer-email']\"}\n  (Session info: headless chrome=119.0.6045.105); For documentation on this error, please visit: https://www.selenium.dev/documentation/webdriver/troubleshooting/errors#no-such-element-exception\nStacktrace:\n#0 0x55742a81d5e3 <unknown>\n#1 0x55742a4e00b7 <unknown>\n#2 0x55742a52df53 <unknown>\n#3 0x55742a52e051 <unknown>\n#4 0x55742a5739c4 <unknown>\n#5 0x55742a554f1d <unknown>\n#6 0x55742a570b3d <unknown>\n#7 0x55742a554cc3 <unknown>\n#8 0x55742a5200e4 <unknown>\n#9 0x55742a5210ae <unknown>\n#10 0x55742a7e3ce1 <unknown>\n#11 0x55742a7e7b7e <unknown>\n#12 0x55742a7d14b5 <unknown>\n#13 0x55742a7e87d6 <unknown>\n#14 0x55742a7b4dbf <unknown>\n#15 0x55742a80b748 <unknown>\n#16 0x55742a80b917 <unknown>\n#17 0x55742a81c773 <unknown>\n#18 0x7fb269a2c044 <unknown>","time":{"start":1699837603654,"stop":1699837603667,"duration":13}},{"uid":"a473898957648038","reportUrl":"https://zaelcovsky.github.io/StroyremAutomation/138//#testresult/a473898957648038","status":"broken","statusDetails":"selenium.common.exceptions.NoSuchElementException: Message: no such element: Unable to locate element: {\"method\":\"xpath\",\"selector\":\"//a[@class='footer-email']\"}\n  (Session info: headless chrome=119.0.6045.105); For documentation on this error, please visit: https://www.selenium.dev/documentation/webdriver/troubleshooting/errors#no-such-element-exception\nStacktrace:\n#0 0x5623742da5e3 <unknown>\n#1 0x562373f9d0b7 <unknown>\n#2 0x562373feaf53 <unknown>\n#3 0x562373feb051 <unknown>\n#4 0x5623740309c4 <unknown>\n#5 0x562374011f1d <unknown>\n#6 0x56237402db3d <unknown>\n#7 0x562374011cc3 <unknown>\n#8 0x562373fdd0e4 <unknown>\n#9 0x562373fde0ae <unknown>\n#10 0x5623742a0ce1 <unknown>\n#11 0x5623742a4b7e <unknown>\n#12 0x56237428e4b5 <unknown>\n#13 0x5623742a57d6 <unknown>\n#14 0x562374271dbf <unknown>\n#15 0x5623742c8748 <unknown>\n#16 0x5623742c8917 <unknown>\n#17 0x5623742d9773 <unknown>\n#18 0x7ff903b1f044 <unknown>","time":{"start":1699751373087,"stop":1699751373107,"duration":20}},{"uid":"498751a21138d70b","reportUrl":"https://zaelcovsky.github.io/StroyremAutomation/137//#testresult/498751a21138d70b","status":"broken","statusDetails":"selenium.common.exceptions.NoSuchElementException: Message: no such element: Unable to locate element: {\"method\":\"xpath\",\"selector\":\"//a[@class='footer-email']\"}\n  (Session info: headless chrome=119.0.6045.105); For documentation on this error, please visit: https://www.selenium.dev/documentation/webdriver/troubleshooting/errors#no-such-element-exception\nStacktrace:\n#0 0x55c1e5d415e3 <unknown>\n#1 0x55c1e5a040b7 <unknown>\n#2 0x55c1e5a51f53 <unknown>\n#3 0x55c1e5a52051 <unknown>\n#4 0x55c1e5a979c4 <unknown>\n#5 0x55c1e5a78f1d <unknown>\n#6 0x55c1e5a94b3d <unknown>\n#7 0x55c1e5a78cc3 <unknown>\n#8 0x55c1e5a440e4 <unknown>\n#9 0x55c1e5a450ae <unknown>\n#10 0x55c1e5d07ce1 <unknown>\n#11 0x55c1e5d0bb7e <unknown>\n#12 0x55c1e5cf54b5 <unknown>\n#13 0x55c1e5d0c7d6 <unknown>\n#14 0x55c1e5cd8dbf <unknown>\n#15 0x55c1e5d2f748 <unknown>\n#16 0x55c1e5d2f917 <unknown>\n#17 0x55c1e5d40773 <unknown>\n#18 0x7f99bc0d1044 <unknown>","time":{"start":1699664583754,"stop":1699664583767,"duration":13}},{"uid":"cee35f9216e0671e","reportUrl":"https://zaelcovsky.github.io/StroyremAutomation/136//#testresult/cee35f9216e0671e","status":"broken","statusDetails":"selenium.common.exceptions.NoSuchElementException: Message: no such element: Unable to locate element: {\"method\":\"xpath\",\"selector\":\"//a[@class='footer-email']\"}\n  (Session info: headless chrome=119.0.6045.105); For documentation on this error, please visit: https://www.selenium.dev/documentation/webdriver/troubleshooting/errors#no-such-element-exception\nStacktrace:\n#0 0x55605d28f5e3 <unknown>\n#1 0x55605cf520b7 <unknown>\n#2 0x55605cf9ff53 <unknown>\n#3 0x55605cfa0051 <unknown>\n#4 0x55605cfe59c4 <unknown>\n#5 0x55605cfc6f1d <unknown>\n#6 0x55605cfe2b3d <unknown>\n#7 0x55605cfc6cc3 <unknown>\n#8 0x55605cf920e4 <unknown>\n#9 0x55605cf930ae <unknown>\n#10 0x55605d255ce1 <unknown>\n#11 0x55605d259b7e <unknown>\n#12 0x55605d2434b5 <unknown>\n#13 0x55605d25a7d6 <unknown>\n#14 0x55605d226dbf <unknown>\n#15 0x55605d27d748 <unknown>\n#16 0x55605d27d917 <unknown>\n#17 0x55605d28e773 <unknown>\n#18 0x7f2765ef2044 <unknown>","time":{"start":1699578266013,"stop":1699578266026,"duration":13}},{"uid":"678a5b6de1ebeff3","reportUrl":"https://zaelcovsky.github.io/StroyremAutomation/135//#testresult/678a5b6de1ebeff3","status":"broken","statusDetails":"selenium.common.exceptions.NoSuchElementException: Message: no such element: Unable to locate element: {\"method\":\"xpath\",\"selector\":\"//a[@class='footer-email']\"}\n  (Session info: headless chrome=119.0.6045.105); For documentation on this error, please visit: https://www.selenium.dev/documentation/webdriver/troubleshooting/errors#no-such-element-exception\nStacktrace:\n#0 0x558de284a5e3 <unknown>\n#1 0x558de250d0b7 <unknown>\n#2 0x558de255af53 <unknown>\n#3 0x558de255b051 <unknown>\n#4 0x558de25a09c4 <unknown>\n#5 0x558de2581f1d <unknown>\n#6 0x558de259db3d <unknown>\n#7 0x558de2581cc3 <unknown>\n#8 0x558de254d0e4 <unknown>\n#9 0x558de254e0ae <unknown>\n#10 0x558de2810ce1 <unknown>\n#11 0x558de2814b7e <unknown>\n#12 0x558de27fe4b5 <unknown>\n#13 0x558de28157d6 <unknown>\n#14 0x558de27e1dbf <unknown>\n#15 0x558de2838748 <unknown>\n#16 0x558de2838917 <unknown>\n#17 0x558de2849773 <unknown>\n#18 0x7ff5ce8c4044 <unknown>","time":{"start":1699491916828,"stop":1699491916848,"duration":20}},{"uid":"643d9b25cf3ba92a","reportUrl":"https://zaelcovsky.github.io/StroyremAutomation/134//#testresult/643d9b25cf3ba92a","status":"broken","statusDetails":"selenium.common.exceptions.NoSuchElementException: Message: no such element: Unable to locate element: {\"method\":\"xpath\",\"selector\":\"//a[@class='footer-email']\"}\n  (Session info: headless chrome=119.0.6045.105); For documentation on this error, please visit: https://www.selenium.dev/documentation/webdriver/troubleshooting/errors#no-such-element-exception\nStacktrace:\n#0 0x55f0f84cd5e3 <unknown>\n#1 0x55f0f81900b7 <unknown>\n#2 0x55f0f81ddf53 <unknown>\n#3 0x55f0f81de051 <unknown>\n#4 0x55f0f82239c4 <unknown>\n#5 0x55f0f8204f1d <unknown>\n#6 0x55f0f8220b3d <unknown>\n#7 0x55f0f8204cc3 <unknown>\n#8 0x55f0f81d00e4 <unknown>\n#9 0x55f0f81d10ae <unknown>\n#10 0x55f0f8493ce1 <unknown>\n#11 0x55f0f8497b7e <unknown>\n#12 0x55f0f84814b5 <unknown>\n#13 0x55f0f84987d6 <unknown>\n#14 0x55f0f8464dbf <unknown>\n#15 0x55f0f84bb748 <unknown>\n#16 0x55f0f84bb917 <unknown>\n#17 0x55f0f84cc773 <unknown>\n#18 0x7f2f5f9e2044 <unknown>","time":{"start":1699405444349,"stop":1699405444364,"duration":15}},{"uid":"f90a1eeab3381cfc","reportUrl":"https://zaelcovsky.github.io/StroyremAutomation/133//#testresult/f90a1eeab3381cfc","status":"broken","statusDetails":"selenium.common.exceptions.NoSuchElementException: Message: no such element: Unable to locate element: {\"method\":\"xpath\",\"selector\":\"//a[@class='footer-email']\"}\n  (Session info: headless chrome=119.0.6045.105); For documentation on this error, please visit: https://www.selenium.dev/documentation/webdriver/troubleshooting/errors#no-such-element-exception\nStacktrace:\n#0 0x5638f5e0c5e3 <unknown>\n#1 0x5638f5acf0b7 <unknown>\n#2 0x5638f5b1cf53 <unknown>\n#3 0x5638f5b1d051 <unknown>\n#4 0x5638f5b629c4 <unknown>\n#5 0x5638f5b43f1d <unknown>\n#6 0x5638f5b5fb3d <unknown>\n#7 0x5638f5b43cc3 <unknown>\n#8 0x5638f5b0f0e4 <unknown>\n#9 0x5638f5b100ae <unknown>\n#10 0x5638f5dd2ce1 <unknown>\n#11 0x5638f5dd6b7e <unknown>\n#12 0x5638f5dc04b5 <unknown>\n#13 0x5638f5dd77d6 <unknown>\n#14 0x5638f5da3dbf <unknown>\n#15 0x5638f5dfa748 <unknown>\n#16 0x5638f5dfa917 <unknown>\n#17 0x5638f5e0b773 <unknown>\n#18 0x7fbc9e856044 <unknown>","time":{"start":1699319116725,"stop":1699319116742,"duration":17}},{"uid":"70753b55c5cdc884","reportUrl":"https://zaelcovsky.github.io/StroyremAutomation/132//#testresult/70753b55c5cdc884","status":"broken","statusDetails":"selenium.common.exceptions.NoSuchElementException: Message: no such element: Unable to locate element: {\"method\":\"xpath\",\"selector\":\"//a[@class='footer-email']\"}\n  (Session info: headless chrome=119.0.6045.105); For documentation on this error, please visit: https://www.selenium.dev/documentation/webdriver/troubleshooting/errors#no-such-element-exception\nStacktrace:\n#0 0x561fd44d95e3 <unknown>\n#1 0x561fd419c0b7 <unknown>\n#2 0x561fd41e9f53 <unknown>\n#3 0x561fd41ea051 <unknown>\n#4 0x561fd422f9c4 <unknown>\n#5 0x561fd4210f1d <unknown>\n#6 0x561fd422cb3d <unknown>\n#7 0x561fd4210cc3 <unknown>\n#8 0x561fd41dc0e4 <unknown>\n#9 0x561fd41dd0ae <unknown>\n#10 0x561fd449fce1 <unknown>\n#11 0x561fd44a3b7e <unknown>\n#12 0x561fd448d4b5 <unknown>\n#13 0x561fd44a47d6 <unknown>\n#14 0x561fd4470dbf <unknown>\n#15 0x561fd44c7748 <unknown>\n#16 0x561fd44c7917 <unknown>\n#17 0x561fd44d8773 <unknown>\n#18 0x7fbaf12d7044 <unknown>","time":{"start":1699232790224,"stop":1699232790242,"duration":18}},{"uid":"c152ebd2f67e428b","reportUrl":"https://zaelcovsky.github.io/StroyremAutomation/131//#testresult/c152ebd2f67e428b","status":"broken","statusDetails":"selenium.common.exceptions.NoSuchElementException: Message: no such element: Unable to locate element: {\"method\":\"xpath\",\"selector\":\"//a[@class='footer-email']\"}\n  (Session info: headless chrome=119.0.6045.105); For documentation on this error, please visit: https://www.selenium.dev/documentation/webdriver/troubleshooting/errors#no-such-element-exception\nStacktrace:\n#0 0x55bcecbe95e3 <unknown>\n#1 0x55bcec8ac0b7 <unknown>\n#2 0x55bcec8f9f53 <unknown>\n#3 0x55bcec8fa051 <unknown>\n#4 0x55bcec93f9c4 <unknown>\n#5 0x55bcec920f1d <unknown>\n#6 0x55bcec93cb3d <unknown>\n#7 0x55bcec920cc3 <unknown>\n#8 0x55bcec8ec0e4 <unknown>\n#9 0x55bcec8ed0ae <unknown>\n#10 0x55bcecbafce1 <unknown>\n#11 0x55bcecbb3b7e <unknown>\n#12 0x55bcecb9d4b5 <unknown>\n#13 0x55bcecbb47d6 <unknown>\n#14 0x55bcecb80dbf <unknown>\n#15 0x55bcecbd7748 <unknown>\n#16 0x55bcecbd7917 <unknown>\n#17 0x55bcecbe8773 <unknown>\n#18 0x7f42caf70044 <unknown>","time":{"start":1699146503505,"stop":1699146503521,"duration":16}}]},"tags":["smoke_test"]},"source":"ac23b3daeebfd8f8.json","parameterValues":["'https://test2.stroyrem-nn.ru/'"]}