{"uid":"10e03d264b1174e2","name":"TC 013 - Проверка функциональности ссылки 'Новинки'","fullName":"tests.test_main_page.TestMainPage#test_positive_footer_new_in_stock_smoke","historyId":"8106411f22e82ecfa99236e2b434caee","time":{"start":1707181387148,"stop":1707181387161,"duration":13},"status":"broken","statusMessage":"selenium.common.exceptions.NoSuchElementException: Message: no such element: Unable to locate element: {\"method\":\"xpath\",\"selector\":\"(//a[@href='/catalog/new'])[3]\"}\n  (Session info: chrome-headless-shell=121.0.6167.85); For documentation on this error, please visit: https://www.selenium.dev/documentation/webdriver/troubleshooting/errors#no-such-element-exception\nStacktrace:\n#0 0x55824af29d93 <unknown>\n#1 0x55824ac0d337 <unknown>\n#2 0x55824ac58d60 <unknown>\n#3 0x55824ac58e51 <unknown>\n#4 0x55824ac9cbc4 <unknown>\n#5 0x55824ac7b46d <unknown>\n#6 0x55824ac9a12d <unknown>\n#7 0x55824ac7b1e3 <unknown>\n#8 0x55824ac4b135 <unknown>\n#9 0x55824ac4c13e <unknown>\n#10 0x55824aeede4b <unknown>\n#11 0x55824aef1dfa <unknown>\n#12 0x55824aeda6d5 <unknown>\n#13 0x55824aef2a6f <unknown>\n#14 0x55824aebe69f <unknown>\n#15 0x55824af17098 <unknown>\n#16 0x55824af17262 <unknown>\n#17 0x55824af28f34 <unknown>\n#18 0x7f47fa975134 <unknown>","statusTrace":"self = <tests.test_main_page.TestMainPage object at 0x7f4b7fbeaf10>\nmain_page = <pages.main_page.MainPage object at 0x7f4b7f787750>\n\n    @allure.feature(\"Footer functionality\")\n    @allure.title(\"TC 013 - Проверка функциональности ссылки 'Новинки'\")\n    @pytest.mark.smoke_test\n    def test_positive_footer_new_in_stock_smoke(self, main_page):\n        catalog_page = CatalogPage(main_page.driver)\n>       main_page.check_new_in_stock_link()\n\ntests/test_main_page.py:124: \n_ _ _ _ _ _ _ _ _ _ _ _ _ _ _ _ _ _ _ _ _ _ _ _ _ _ _ _ _ _ _ _ _ _ _ _ _ _ _ _ \npages/main_page.py:154: in check_new_in_stock_link\n    self.driver.find_element(*self._new_products_link).click()\n/usr/local/lib/python3.11/site-packages/selenium/webdriver/remote/webdriver.py:740: in find_element\n    return self.execute(Command.FIND_ELEMENT, {\"using\": by, \"value\": value})[\"value\"]\n/usr/local/lib/python3.11/site-packages/selenium/webdriver/remote/webdriver.py:346: in execute\n    self.error_handler.check_response(response)\n_ _ _ _ _ _ _ _ _ _ _ _ _ _ _ _ _ _ _ _ _ _ _ _ _ _ _ _ _ _ _ _ _ _ _ _ _ _ _ _ \n\nself = <selenium.webdriver.remote.errorhandler.ErrorHandler object at 0x7f4b7f744b10>\nresponse = {'status': 404, 'value': '{\"value\":{\"error\":\"no such element\",\"message\":\"no such element: Unable to locate element: {\\...\\\\n#16 0x55824af17262 \\\\u003Cunknown>\\\\n#17 0x55824af28f34 \\\\u003Cunknown>\\\\n#18 0x7f47fa975134 \\\\u003Cunknown>\\\\n\"}}'}\n\n    def check_response(self, response: Dict[str, Any]) -> None:\n        \"\"\"Checks that a JSON response from the WebDriver does not have an\n        error.\n    \n        :Args:\n         - response - The JSON response from the WebDriver server as a dictionary\n           object.\n    \n        :Raises: If the response contains an error message.\n        \"\"\"\n        status = response.get(\"status\", None)\n        if not status or status == ErrorCode.SUCCESS:\n            return\n        value = None\n        message = response.get(\"message\", \"\")\n        screen: str = response.get(\"screen\", \"\")\n        stacktrace = None\n        if isinstance(status, int):\n            value_json = response.get(\"value\", None)\n            if value_json and isinstance(value_json, str):\n                import json\n    \n                try:\n                    value = json.loads(value_json)\n                    if len(value) == 1:\n                        value = value[\"value\"]\n                    status = value.get(\"error\", None)\n                    if not status:\n                        status = value.get(\"status\", ErrorCode.UNKNOWN_ERROR)\n                        message = value.get(\"value\") or value.get(\"message\")\n                        if not isinstance(message, str):\n                            value = message\n                            message = message.get(\"message\")\n                    else:\n                        message = value.get(\"message\", None)\n                except ValueError:\n                    pass\n    \n        exception_class: Type[WebDriverException]\n        if status in ErrorCode.NO_SUCH_ELEMENT:\n            exception_class = NoSuchElementException\n        elif status in ErrorCode.NO_SUCH_FRAME:\n            exception_class = NoSuchFrameException\n        elif status in ErrorCode.NO_SUCH_SHADOW_ROOT:\n            exception_class = NoSuchShadowRootException\n        elif status in ErrorCode.NO_SUCH_WINDOW:\n            exception_class = NoSuchWindowException\n        elif status in ErrorCode.STALE_ELEMENT_REFERENCE:\n            exception_class = StaleElementReferenceException\n        elif status in ErrorCode.ELEMENT_NOT_VISIBLE:\n            exception_class = ElementNotVisibleException\n        elif status in ErrorCode.INVALID_ELEMENT_STATE:\n            exception_class = InvalidElementStateException\n        elif (\n            status in ErrorCode.INVALID_SELECTOR\n            or status in ErrorCode.INVALID_XPATH_SELECTOR\n            or status in ErrorCode.INVALID_XPATH_SELECTOR_RETURN_TYPER\n        ):\n            exception_class = InvalidSelectorException\n        elif status in ErrorCode.ELEMENT_IS_NOT_SELECTABLE:\n            exception_class = ElementNotSelectableException\n        elif status in ErrorCode.ELEMENT_NOT_INTERACTABLE:\n            exception_class = ElementNotInteractableException\n        elif status in ErrorCode.INVALID_COOKIE_DOMAIN:\n            exception_class = InvalidCookieDomainException\n        elif status in ErrorCode.UNABLE_TO_SET_COOKIE:\n            exception_class = UnableToSetCookieException\n        elif status in ErrorCode.TIMEOUT:\n            exception_class = TimeoutException\n        elif status in ErrorCode.SCRIPT_TIMEOUT:\n            exception_class = TimeoutException\n        elif status in ErrorCode.UNKNOWN_ERROR:\n            exception_class = WebDriverException\n        elif status in ErrorCode.UNEXPECTED_ALERT_OPEN:\n            exception_class = UnexpectedAlertPresentException\n        elif status in ErrorCode.NO_ALERT_OPEN:\n            exception_class = NoAlertPresentException\n        elif status in ErrorCode.IME_NOT_AVAILABLE:\n            exception_class = ImeNotAvailableException\n        elif status in ErrorCode.IME_ENGINE_ACTIVATION_FAILED:\n            exception_class = ImeActivationFailedException\n        elif status in ErrorCode.MOVE_TARGET_OUT_OF_BOUNDS:\n            exception_class = MoveTargetOutOfBoundsException\n        elif status in ErrorCode.JAVASCRIPT_ERROR:\n            exception_class = JavascriptException\n        elif status in ErrorCode.SESSION_NOT_CREATED:\n            exception_class = SessionNotCreatedException\n        elif status in ErrorCode.INVALID_ARGUMENT:\n            exception_class = InvalidArgumentException\n        elif status in ErrorCode.NO_SUCH_COOKIE:\n            exception_class = NoSuchCookieException\n        elif status in ErrorCode.UNABLE_TO_CAPTURE_SCREEN:\n            exception_class = ScreenshotException\n        elif status in ErrorCode.ELEMENT_CLICK_INTERCEPTED:\n            exception_class = ElementClickInterceptedException\n        elif status in ErrorCode.INSECURE_CERTIFICATE:\n            exception_class = InsecureCertificateException\n        elif status in ErrorCode.INVALID_COORDINATES:\n            exception_class = InvalidCoordinatesException\n        elif status in ErrorCode.INVALID_SESSION_ID:\n            exception_class = InvalidSessionIdException\n        elif status in ErrorCode.UNKNOWN_METHOD:\n            exception_class = UnknownMethodException\n        else:\n            exception_class = WebDriverException\n        if not value:\n            value = response[\"value\"]\n        if isinstance(value, str):\n            raise exception_class(value)\n        if message == \"\" and \"message\" in value:\n            message = value[\"message\"]\n    \n        screen = None  # type: ignore[assignment]\n        if \"screen\" in value:\n            screen = value[\"screen\"]\n    \n        stacktrace = None\n        st_value = value.get(\"stackTrace\") or value.get(\"stacktrace\")\n        if st_value:\n            if isinstance(st_value, str):\n                stacktrace = st_value.split(\"\\n\")\n            else:\n                stacktrace = []\n                try:\n                    for frame in st_value:\n                        line = frame.get(\"lineNumber\", \"\")\n                        file = frame.get(\"fileName\", \"<anonymous>\")\n                        if line:\n                            file = f\"{file}:{line}\"\n                        meth = frame.get(\"methodName\", \"<anonymous>\")\n                        if \"className\" in frame:\n                            meth = f\"{frame['className']}.{meth}\"\n                        msg = \"    at %s (%s)\"\n                        msg = msg % (meth, file)\n                        stacktrace.append(msg)\n                except TypeError:\n                    pass\n        if exception_class == UnexpectedAlertPresentException:\n            alert_text = None\n            if \"data\" in value:\n                alert_text = value[\"data\"].get(\"text\")\n            elif \"alert\" in value:\n                alert_text = value[\"alert\"].get(\"text\")\n            raise exception_class(message, screen, stacktrace, alert_text)  # type: ignore[call-arg]  # mypy is not smart enough here\n>       raise exception_class(message, screen, stacktrace)\nE       selenium.common.exceptions.NoSuchElementException: Message: no such element: Unable to locate element: {\"method\":\"xpath\",\"selector\":\"(//a[@href='/catalog/new'])[3]\"}\nE         (Session info: chrome-headless-shell=121.0.6167.85); For documentation on this error, please visit: https://www.selenium.dev/documentation/webdriver/troubleshooting/errors#no-such-element-exception\nE       Stacktrace:\nE       #0 0x55824af29d93 <unknown>\nE       #1 0x55824ac0d337 <unknown>\nE       #2 0x55824ac58d60 <unknown>\nE       #3 0x55824ac58e51 <unknown>\nE       #4 0x55824ac9cbc4 <unknown>\nE       #5 0x55824ac7b46d <unknown>\nE       #6 0x55824ac9a12d <unknown>\nE       #7 0x55824ac7b1e3 <unknown>\nE       #8 0x55824ac4b135 <unknown>\nE       #9 0x55824ac4c13e <unknown>\nE       #10 0x55824aeede4b <unknown>\nE       #11 0x55824aef1dfa <unknown>\nE       #12 0x55824aeda6d5 <unknown>\nE       #13 0x55824aef2a6f <unknown>\nE       #14 0x55824aebe69f <unknown>\nE       #15 0x55824af17098 <unknown>\nE       #16 0x55824af17262 <unknown>\nE       #17 0x55824af28f34 <unknown>\nE       #18 0x7f47fa975134 <unknown>\n\n/usr/local/lib/python3.11/site-packages/selenium/webdriver/remote/errorhandler.py:245: NoSuchElementException","flaky":false,"newFailed":false,"newBroken":false,"newPassed":false,"retriesCount":0,"retriesStatusChange":false,"beforeStages":[{"name":"_session_faker","time":{"start":1707181227504,"stop":1707181227573,"duration":69},"status":"passed","steps":[],"attachments":[],"parameters":[],"shouldDisplayMessage":false,"stepsCount":0,"attachmentsCount":0,"hasContent":false,"attachmentStep":false},{"name":"clear_allure_results_folder","time":{"start":1707181227573,"stop":1707181227573,"duration":0},"status":"passed","steps":[],"attachments":[],"parameters":[],"shouldDisplayMessage":false,"stepsCount":0,"attachmentsCount":0,"hasContent":false,"attachmentStep":false},{"name":"driver","time":{"start":1707181386029,"stop":1707181386760,"duration":731},"status":"passed","steps":[],"attachments":[],"parameters":[],"shouldDisplayMessage":false,"stepsCount":0,"attachmentsCount":0,"hasContent":false,"attachmentStep":false},{"name":"setup","time":{"start":1707181386760,"stop":1707181386760,"duration":0},"status":"passed","steps":[],"attachments":[],"parameters":[],"shouldDisplayMessage":false,"stepsCount":0,"attachmentsCount":0,"hasContent":false,"attachmentStep":false},{"name":"main_page","time":{"start":1707181386761,"stop":1707181387148,"duration":387},"status":"passed","steps":[],"attachments":[],"parameters":[],"shouldDisplayMessage":false,"stepsCount":0,"attachmentsCount":0,"hasContent":false,"attachmentStep":false}],"testStage":{"status":"broken","statusMessage":"selenium.common.exceptions.NoSuchElementException: Message: no such element: Unable to locate element: {\"method\":\"xpath\",\"selector\":\"(//a[@href='/catalog/new'])[3]\"}\n  (Session info: chrome-headless-shell=121.0.6167.85); For documentation on this error, please visit: https://www.selenium.dev/documentation/webdriver/troubleshooting/errors#no-such-element-exception\nStacktrace:\n#0 0x55824af29d93 <unknown>\n#1 0x55824ac0d337 <unknown>\n#2 0x55824ac58d60 <unknown>\n#3 0x55824ac58e51 <unknown>\n#4 0x55824ac9cbc4 <unknown>\n#5 0x55824ac7b46d <unknown>\n#6 0x55824ac9a12d <unknown>\n#7 0x55824ac7b1e3 <unknown>\n#8 0x55824ac4b135 <unknown>\n#9 0x55824ac4c13e <unknown>\n#10 0x55824aeede4b <unknown>\n#11 0x55824aef1dfa <unknown>\n#12 0x55824aeda6d5 <unknown>\n#13 0x55824aef2a6f <unknown>\n#14 0x55824aebe69f <unknown>\n#15 0x55824af17098 <unknown>\n#16 0x55824af17262 <unknown>\n#17 0x55824af28f34 <unknown>\n#18 0x7f47fa975134 <unknown>","statusTrace":"self = <tests.test_main_page.TestMainPage object at 0x7f4b7fbeaf10>\nmain_page = <pages.main_page.MainPage object at 0x7f4b7f787750>\n\n    @allure.feature(\"Footer functionality\")\n    @allure.title(\"TC 013 - Проверка функциональности ссылки 'Новинки'\")\n    @pytest.mark.smoke_test\n    def test_positive_footer_new_in_stock_smoke(self, main_page):\n        catalog_page = CatalogPage(main_page.driver)\n>       main_page.check_new_in_stock_link()\n\ntests/test_main_page.py:124: \n_ _ _ _ _ _ _ _ _ _ _ _ _ _ _ _ _ _ _ _ _ _ _ _ _ _ _ _ _ _ _ _ _ _ _ _ _ _ _ _ \npages/main_page.py:154: in check_new_in_stock_link\n    self.driver.find_element(*self._new_products_link).click()\n/usr/local/lib/python3.11/site-packages/selenium/webdriver/remote/webdriver.py:740: in find_element\n    return self.execute(Command.FIND_ELEMENT, {\"using\": by, \"value\": value})[\"value\"]\n/usr/local/lib/python3.11/site-packages/selenium/webdriver/remote/webdriver.py:346: in execute\n    self.error_handler.check_response(response)\n_ _ _ _ _ _ _ _ _ _ _ _ _ _ _ _ _ _ _ _ _ _ _ _ _ _ _ _ _ _ _ _ _ _ _ _ _ _ _ _ \n\nself = <selenium.webdriver.remote.errorhandler.ErrorHandler object at 0x7f4b7f744b10>\nresponse = {'status': 404, 'value': '{\"value\":{\"error\":\"no such element\",\"message\":\"no such element: Unable to locate element: {\\...\\\\n#16 0x55824af17262 \\\\u003Cunknown>\\\\n#17 0x55824af28f34 \\\\u003Cunknown>\\\\n#18 0x7f47fa975134 \\\\u003Cunknown>\\\\n\"}}'}\n\n    def check_response(self, response: Dict[str, Any]) -> None:\n        \"\"\"Checks that a JSON response from the WebDriver does not have an\n        error.\n    \n        :Args:\n         - response - The JSON response from the WebDriver server as a dictionary\n           object.\n    \n        :Raises: If the response contains an error message.\n        \"\"\"\n        status = response.get(\"status\", None)\n        if not status or status == ErrorCode.SUCCESS:\n            return\n        value = None\n        message = response.get(\"message\", \"\")\n        screen: str = response.get(\"screen\", \"\")\n        stacktrace = None\n        if isinstance(status, int):\n            value_json = response.get(\"value\", None)\n            if value_json and isinstance(value_json, str):\n                import json\n    \n                try:\n                    value = json.loads(value_json)\n                    if len(value) == 1:\n                        value = value[\"value\"]\n                    status = value.get(\"error\", None)\n                    if not status:\n                        status = value.get(\"status\", ErrorCode.UNKNOWN_ERROR)\n                        message = value.get(\"value\") or value.get(\"message\")\n                        if not isinstance(message, str):\n                            value = message\n                            message = message.get(\"message\")\n                    else:\n                        message = value.get(\"message\", None)\n                except ValueError:\n                    pass\n    \n        exception_class: Type[WebDriverException]\n        if status in ErrorCode.NO_SUCH_ELEMENT:\n            exception_class = NoSuchElementException\n        elif status in ErrorCode.NO_SUCH_FRAME:\n            exception_class = NoSuchFrameException\n        elif status in ErrorCode.NO_SUCH_SHADOW_ROOT:\n            exception_class = NoSuchShadowRootException\n        elif status in ErrorCode.NO_SUCH_WINDOW:\n            exception_class = NoSuchWindowException\n        elif status in ErrorCode.STALE_ELEMENT_REFERENCE:\n            exception_class = StaleElementReferenceException\n        elif status in ErrorCode.ELEMENT_NOT_VISIBLE:\n            exception_class = ElementNotVisibleException\n        elif status in ErrorCode.INVALID_ELEMENT_STATE:\n            exception_class = InvalidElementStateException\n        elif (\n            status in ErrorCode.INVALID_SELECTOR\n            or status in ErrorCode.INVALID_XPATH_SELECTOR\n            or status in ErrorCode.INVALID_XPATH_SELECTOR_RETURN_TYPER\n        ):\n            exception_class = InvalidSelectorException\n        elif status in ErrorCode.ELEMENT_IS_NOT_SELECTABLE:\n            exception_class = ElementNotSelectableException\n        elif status in ErrorCode.ELEMENT_NOT_INTERACTABLE:\n            exception_class = ElementNotInteractableException\n        elif status in ErrorCode.INVALID_COOKIE_DOMAIN:\n            exception_class = InvalidCookieDomainException\n        elif status in ErrorCode.UNABLE_TO_SET_COOKIE:\n            exception_class = UnableToSetCookieException\n        elif status in ErrorCode.TIMEOUT:\n            exception_class = TimeoutException\n        elif status in ErrorCode.SCRIPT_TIMEOUT:\n            exception_class = TimeoutException\n        elif status in ErrorCode.UNKNOWN_ERROR:\n            exception_class = WebDriverException\n        elif status in ErrorCode.UNEXPECTED_ALERT_OPEN:\n            exception_class = UnexpectedAlertPresentException\n        elif status in ErrorCode.NO_ALERT_OPEN:\n            exception_class = NoAlertPresentException\n        elif status in ErrorCode.IME_NOT_AVAILABLE:\n            exception_class = ImeNotAvailableException\n        elif status in ErrorCode.IME_ENGINE_ACTIVATION_FAILED:\n            exception_class = ImeActivationFailedException\n        elif status in ErrorCode.MOVE_TARGET_OUT_OF_BOUNDS:\n            exception_class = MoveTargetOutOfBoundsException\n        elif status in ErrorCode.JAVASCRIPT_ERROR:\n            exception_class = JavascriptException\n        elif status in ErrorCode.SESSION_NOT_CREATED:\n            exception_class = SessionNotCreatedException\n        elif status in ErrorCode.INVALID_ARGUMENT:\n            exception_class = InvalidArgumentException\n        elif status in ErrorCode.NO_SUCH_COOKIE:\n            exception_class = NoSuchCookieException\n        elif status in ErrorCode.UNABLE_TO_CAPTURE_SCREEN:\n            exception_class = ScreenshotException\n        elif status in ErrorCode.ELEMENT_CLICK_INTERCEPTED:\n            exception_class = ElementClickInterceptedException\n        elif status in ErrorCode.INSECURE_CERTIFICATE:\n            exception_class = InsecureCertificateException\n        elif status in ErrorCode.INVALID_COORDINATES:\n            exception_class = InvalidCoordinatesException\n        elif status in ErrorCode.INVALID_SESSION_ID:\n            exception_class = InvalidSessionIdException\n        elif status in ErrorCode.UNKNOWN_METHOD:\n            exception_class = UnknownMethodException\n        else:\n            exception_class = WebDriverException\n        if not value:\n            value = response[\"value\"]\n        if isinstance(value, str):\n            raise exception_class(value)\n        if message == \"\" and \"message\" in value:\n            message = value[\"message\"]\n    \n        screen = None  # type: ignore[assignment]\n        if \"screen\" in value:\n            screen = value[\"screen\"]\n    \n        stacktrace = None\n        st_value = value.get(\"stackTrace\") or value.get(\"stacktrace\")\n        if st_value:\n            if isinstance(st_value, str):\n                stacktrace = st_value.split(\"\\n\")\n            else:\n                stacktrace = []\n                try:\n                    for frame in st_value:\n                        line = frame.get(\"lineNumber\", \"\")\n                        file = frame.get(\"fileName\", \"<anonymous>\")\n                        if line:\n                            file = f\"{file}:{line}\"\n                        meth = frame.get(\"methodName\", \"<anonymous>\")\n                        if \"className\" in frame:\n                            meth = f\"{frame['className']}.{meth}\"\n                        msg = \"    at %s (%s)\"\n                        msg = msg % (meth, file)\n                        stacktrace.append(msg)\n                except TypeError:\n                    pass\n        if exception_class == UnexpectedAlertPresentException:\n            alert_text = None\n            if \"data\" in value:\n                alert_text = value[\"data\"].get(\"text\")\n            elif \"alert\" in value:\n                alert_text = value[\"alert\"].get(\"text\")\n            raise exception_class(message, screen, stacktrace, alert_text)  # type: ignore[call-arg]  # mypy is not smart enough here\n>       raise exception_class(message, screen, stacktrace)\nE       selenium.common.exceptions.NoSuchElementException: Message: no such element: Unable to locate element: {\"method\":\"xpath\",\"selector\":\"(//a[@href='/catalog/new'])[3]\"}\nE         (Session info: chrome-headless-shell=121.0.6167.85); For documentation on this error, please visit: https://www.selenium.dev/documentation/webdriver/troubleshooting/errors#no-such-element-exception\nE       Stacktrace:\nE       #0 0x55824af29d93 <unknown>\nE       #1 0x55824ac0d337 <unknown>\nE       #2 0x55824ac58d60 <unknown>\nE       #3 0x55824ac58e51 <unknown>\nE       #4 0x55824ac9cbc4 <unknown>\nE       #5 0x55824ac7b46d <unknown>\nE       #6 0x55824ac9a12d <unknown>\nE       #7 0x55824ac7b1e3 <unknown>\nE       #8 0x55824ac4b135 <unknown>\nE       #9 0x55824ac4c13e <unknown>\nE       #10 0x55824aeede4b <unknown>\nE       #11 0x55824aef1dfa <unknown>\nE       #12 0x55824aeda6d5 <unknown>\nE       #13 0x55824aef2a6f <unknown>\nE       #14 0x55824aebe69f <unknown>\nE       #15 0x55824af17098 <unknown>\nE       #16 0x55824af17262 <unknown>\nE       #17 0x55824af28f34 <unknown>\nE       #18 0x7f47fa975134 <unknown>\n\n/usr/local/lib/python3.11/site-packages/selenium/webdriver/remote/errorhandler.py:245: NoSuchElementException","steps":[{"name":"Проверка функциональности ссылки 'Новинки'","time":{"start":1707181387149,"stop":1707181387161,"duration":12},"status":"broken","statusMessage":"selenium.common.exceptions.NoSuchElementException: Message: no such element: Unable to locate element: {\"method\":\"xpath\",\"selector\":\"(//a[@href='/catalog/new'])[3]\"}\n  (Session info: chrome-headless-shell=121.0.6167.85); For documentation on this error, please visit: https://www.selenium.dev/documentation/webdriver/troubleshooting/errors#no-such-element-exception\nStacktrace:\n#0 0x55824af29d93 <unknown>\n#1 0x55824ac0d337 <unknown>\n#2 0x55824ac58d60 <unknown>\n#3 0x55824ac58e51 <unknown>\n#4 0x55824ac9cbc4 <unknown>\n#5 0x55824ac7b46d <unknown>\n#6 0x55824ac9a12d <unknown>\n#7 0x55824ac7b1e3 <unknown>\n#8 0x55824ac4b135 <unknown>\n#9 0x55824ac4c13e <unknown>\n#10 0x55824aeede4b <unknown>\n#11 0x55824aef1dfa <unknown>\n#12 0x55824aeda6d5 <unknown>\n#13 0x55824aef2a6f <unknown>\n#14 0x55824aebe69f <unknown>\n#15 0x55824af17098 <unknown>\n#16 0x55824af17262 <unknown>\n#17 0x55824af28f34 <unknown>\n#18 0x7f47fa975134 <unknown>\n\n","statusTrace":"  File \"/usr/local/lib/python3.11/site-packages/allure_commons/_allure.py\", line 192, in impl\n    return func(*a, **kw)\n           ^^^^^^^^^^^^^^\n  File \"/app/pages/main_page.py\", line 154, in check_new_in_stock_link\n    self.driver.find_element(*self._new_products_link).click()\n    ^^^^^^^^^^^^^^^^^^^^^^^^^^^^^^^^^^^^^^^^^^^^^^^^^^\n  File \"/usr/local/lib/python3.11/site-packages/selenium/webdriver/remote/webdriver.py\", line 740, in find_element\n    return self.execute(Command.FIND_ELEMENT, {\"using\": by, \"value\": value})[\"value\"]\n           ^^^^^^^^^^^^^^^^^^^^^^^^^^^^^^^^^^^^^^^^^^^^^^^^^^^^^^^^^^^^^^^^^\n  File \"/usr/local/lib/python3.11/site-packages/selenium/webdriver/remote/webdriver.py\", line 346, in execute\n    self.error_handler.check_response(response)\n  File \"/usr/local/lib/python3.11/site-packages/selenium/webdriver/remote/errorhandler.py\", line 245, in check_response\n    raise exception_class(message, screen, stacktrace)\n","steps":[],"attachments":[],"parameters":[],"shouldDisplayMessage":true,"stepsCount":0,"attachmentsCount":0,"hasContent":true,"attachmentStep":false}],"attachments":[{"uid":"2e706ab159698930","name":"Screenshot","source":"2e706ab159698930.png","type":"image/png","size":39106},{"uid":"9ac3c50852a0a253","name":"HTML source","source":"9ac3c50852a0a253.html","type":"text/html","size":538}],"parameters":[],"shouldDisplayMessage":true,"stepsCount":1,"attachmentsCount":2,"hasContent":true,"attachmentStep":false},"afterStages":[{"name":"setup::0","time":{"start":1707181387263,"stop":1707181387263,"duration":0},"status":"passed","steps":[],"attachments":[],"parameters":[],"shouldDisplayMessage":false,"stepsCount":0,"attachmentsCount":0,"hasContent":false,"attachmentStep":false},{"name":"driver::0","time":{"start":1707181387263,"stop":1707181387320,"duration":57},"status":"passed","steps":[],"attachments":[],"parameters":[],"shouldDisplayMessage":false,"stepsCount":0,"attachmentsCount":0,"hasContent":false,"attachmentStep":false}],"labels":[{"name":"epic","value":"Main Page"},{"name":"feature","value":"Footer functionality"},{"name":"tag","value":"smoke_test"},{"name":"parentSuite","value":"tests"},{"name":"suite","value":"test_main_page"},{"name":"subSuite","value":"TestMainPage"},{"name":"host","value":"cd84b770ca67"},{"name":"thread","value":"1-MainThread"},{"name":"framework","value":"pytest"},{"name":"language","value":"cpython3"},{"name":"package","value":"tests.test_main_page"},{"name":"resultFormat","value":"allure2"}],"parameters":[{"name":"url","value":"'https://test2.stroyrem-nn.ru/'"}],"links":[],"hidden":false,"retry":false,"extra":{"severity":"normal","retries":[],"categories":[{"name":"Test defects","matchedStatuses":[],"flaky":false}],"history":{"statistic":{"failed":0,"broken":147,"skipped":0,"passed":34,"unknown":0,"total":181},"items":[{"uid":"5536334f01c71a49","reportUrl":"https://zaelcovsky.github.io/StroyremAutomation/223//#testresult/5536334f01c71a49","status":"broken","statusDetails":"selenium.common.exceptions.NoSuchElementException: Message: no such element: Unable to locate element: {\"method\":\"xpath\",\"selector\":\"(//a[@href='/catalog/new'])[3]\"}\n  (Session info: chrome-headless-shell=121.0.6167.85); For documentation on this error, please visit: https://www.selenium.dev/documentation/webdriver/troubleshooting/errors#no-such-element-exception\nStacktrace:\n#0 0x55aab27d9d93 <unknown>\n#1 0x55aab24bd337 <unknown>\n#2 0x55aab2508d60 <unknown>\n#3 0x55aab2508e51 <unknown>\n#4 0x55aab254cbc4 <unknown>\n#5 0x55aab252b46d <unknown>\n#6 0x55aab254a12d <unknown>\n#7 0x55aab252b1e3 <unknown>\n#8 0x55aab24fb135 <unknown>\n#9 0x55aab24fc13e <unknown>\n#10 0x55aab279de4b <unknown>\n#11 0x55aab27a1dfa <unknown>\n#12 0x55aab278a6d5 <unknown>\n#13 0x55aab27a2a6f <unknown>\n#14 0x55aab276e69f <unknown>\n#15 0x55aab27c7098 <unknown>\n#16 0x55aab27c7262 <unknown>\n#17 0x55aab27d8f34 <unknown>\n#18 0x7f7ae3275134 <unknown>","time":{"start":1707095115322,"stop":1707095115335,"duration":13}},{"uid":"a84931ab630288e","reportUrl":"https://zaelcovsky.github.io/StroyremAutomation/222//#testresult/a84931ab630288e","status":"broken","statusDetails":"selenium.common.exceptions.NoSuchElementException: Message: no such element: Unable to locate element: {\"method\":\"xpath\",\"selector\":\"(//a[@href='/catalog/new'])[3]\"}\n  (Session info: chrome-headless-shell=121.0.6167.85); For documentation on this error, please visit: https://www.selenium.dev/documentation/webdriver/troubleshooting/errors#no-such-element-exception\nStacktrace:\n#0 0x560b0fdbfd93 <unknown>\n#1 0x560b0faa3337 <unknown>\n#2 0x560b0faeed60 <unknown>\n#3 0x560b0faeee51 <unknown>\n#4 0x560b0fb32bc4 <unknown>\n#5 0x560b0fb1146d <unknown>\n#6 0x560b0fb3012d <unknown>\n#7 0x560b0fb111e3 <unknown>\n#8 0x560b0fae1135 <unknown>\n#9 0x560b0fae213e <unknown>\n#10 0x560b0fd83e4b <unknown>\n#11 0x560b0fd87dfa <unknown>\n#12 0x560b0fd706d5 <unknown>\n#13 0x560b0fd88a6f <unknown>\n#14 0x560b0fd5469f <unknown>\n#15 0x560b0fdad098 <unknown>\n#16 0x560b0fdad262 <unknown>\n#17 0x560b0fdbef34 <unknown>\n#18 0x7f877c060134 <unknown>","time":{"start":1707008863078,"stop":1707008863092,"duration":14}},{"uid":"4f06c569a4ef2dec","reportUrl":"https://zaelcovsky.github.io/StroyremAutomation/221//#testresult/4f06c569a4ef2dec","status":"broken","statusDetails":"selenium.common.exceptions.NoSuchElementException: Message: no such element: Unable to locate element: {\"method\":\"xpath\",\"selector\":\"(//a[@href='/catalog/new'])[3]\"}\n  (Session info: chrome-headless-shell=121.0.6167.85); For documentation on this error, please visit: https://www.selenium.dev/documentation/webdriver/troubleshooting/errors#no-such-element-exception\nStacktrace:\n#0 0x55e3030dcd93 <unknown>\n#1 0x55e302dc0337 <unknown>\n#2 0x55e302e0bd60 <unknown>\n#3 0x55e302e0be51 <unknown>\n#4 0x55e302e4fbc4 <unknown>\n#5 0x55e302e2e46d <unknown>\n#6 0x55e302e4d12d <unknown>\n#7 0x55e302e2e1e3 <unknown>\n#8 0x55e302dfe135 <unknown>\n#9 0x55e302dff13e <unknown>\n#10 0x55e3030a0e4b <unknown>\n#11 0x55e3030a4dfa <unknown>\n#12 0x55e30308d6d5 <unknown>\n#13 0x55e3030a5a6f <unknown>\n#14 0x55e30307169f <unknown>\n#15 0x55e3030ca098 <unknown>\n#16 0x55e3030ca262 <unknown>\n#17 0x55e3030dbf34 <unknown>\n#18 0x7fde12a9a134 <unknown>","time":{"start":1706922144749,"stop":1706922144762,"duration":13}},{"uid":"3d4be32bc391ff49","reportUrl":"https://zaelcovsky.github.io/StroyremAutomation/220//#testresult/3d4be32bc391ff49","status":"broken","statusDetails":"selenium.common.exceptions.NoSuchElementException: Message: no such element: Unable to locate element: {\"method\":\"xpath\",\"selector\":\"(//a[@href='/catalog/new'])[3]\"}\n  (Session info: chrome-headless-shell=121.0.6167.85); For documentation on this error, please visit: https://www.selenium.dev/documentation/webdriver/troubleshooting/errors#no-such-element-exception\nStacktrace:\n#0 0x561606bf9d93 <unknown>\n#1 0x5616068dd337 <unknown>\n#2 0x561606928d60 <unknown>\n#3 0x561606928e51 <unknown>\n#4 0x56160696cbc4 <unknown>\n#5 0x56160694b46d <unknown>\n#6 0x56160696a12d <unknown>\n#7 0x56160694b1e3 <unknown>\n#8 0x56160691b135 <unknown>\n#9 0x56160691c13e <unknown>\n#10 0x561606bbde4b <unknown>\n#11 0x561606bc1dfa <unknown>\n#12 0x561606baa6d5 <unknown>\n#13 0x561606bc2a6f <unknown>\n#14 0x561606b8e69f <unknown>\n#15 0x561606be7098 <unknown>\n#16 0x561606be7262 <unknown>\n#17 0x561606bf8f34 <unknown>\n#18 0x7f3c880df134 <unknown>","time":{"start":1706835809653,"stop":1706835809666,"duration":13}},{"uid":"245c432d7e878eb6","reportUrl":"https://zaelcovsky.github.io/StroyremAutomation/219//#testresult/245c432d7e878eb6","status":"broken","statusDetails":"selenium.common.exceptions.NoSuchElementException: Message: no such element: Unable to locate element: {\"method\":\"xpath\",\"selector\":\"(//a[@href='/catalog/new'])[3]\"}\n  (Session info: chrome-headless-shell=121.0.6167.85); For documentation on this error, please visit: https://www.selenium.dev/documentation/webdriver/troubleshooting/errors#no-such-element-exception\nStacktrace:\n#0 0x55a738070d93 <unknown>\n#1 0x55a737d54337 <unknown>\n#2 0x55a737d9fd60 <unknown>\n#3 0x55a737d9fe51 <unknown>\n#4 0x55a737de3bc4 <unknown>\n#5 0x55a737dc246d <unknown>\n#6 0x55a737de112d <unknown>\n#7 0x55a737dc21e3 <unknown>\n#8 0x55a737d92135 <unknown>\n#9 0x55a737d9313e <unknown>\n#10 0x55a738034e4b <unknown>\n#11 0x55a738038dfa <unknown>\n#12 0x55a7380216d5 <unknown>\n#13 0x55a738039a6f <unknown>\n#14 0x55a73800569f <unknown>\n#15 0x55a73805e098 <unknown>\n#16 0x55a73805e262 <unknown>\n#17 0x55a73806ff34 <unknown>\n#18 0x7f1bb3587044 <unknown>","time":{"start":1706749666695,"stop":1706749666707,"duration":12}},{"uid":"cc876feed8be3984","reportUrl":"https://zaelcovsky.github.io/StroyremAutomation/218//#testresult/cc876feed8be3984","status":"broken","statusDetails":"selenium.common.exceptions.NoSuchElementException: Message: no such element: Unable to locate element: {\"method\":\"xpath\",\"selector\":\"(//a[@href='/catalog/new'])[3]\"}\n  (Session info: chrome-headless-shell=121.0.6167.85); For documentation on this error, please visit: https://www.selenium.dev/documentation/webdriver/troubleshooting/errors#no-such-element-exception\nStacktrace:\n#0 0x55c4deb77d93 <unknown>\n#1 0x55c4de85b337 <unknown>\n#2 0x55c4de8a6d60 <unknown>\n#3 0x55c4de8a6e51 <unknown>\n#4 0x55c4de8eabc4 <unknown>\n#5 0x55c4de8c946d <unknown>\n#6 0x55c4de8e812d <unknown>\n#7 0x55c4de8c91e3 <unknown>\n#8 0x55c4de899135 <unknown>\n#9 0x55c4de89a13e <unknown>\n#10 0x55c4deb3be4b <unknown>\n#11 0x55c4deb3fdfa <unknown>\n#12 0x55c4deb286d5 <unknown>\n#13 0x55c4deb40a6f <unknown>\n#14 0x55c4deb0c69f <unknown>\n#15 0x55c4deb65098 <unknown>\n#16 0x55c4deb65262 <unknown>\n#17 0x55c4deb76f34 <unknown>\n#18 0x7f7b052fc044 <unknown>","time":{"start":1706663022272,"stop":1706663022285,"duration":13}},{"uid":"66dde04210fdb0e7","reportUrl":"https://zaelcovsky.github.io/StroyremAutomation/217//#testresult/66dde04210fdb0e7","status":"broken","statusDetails":"selenium.common.exceptions.NoSuchElementException: Message: no such element: Unable to locate element: {\"method\":\"xpath\",\"selector\":\"(//a[@href='/catalog/new'])[3]\"}\n  (Session info: chrome-headless-shell=121.0.6167.85); For documentation on this error, please visit: https://www.selenium.dev/documentation/webdriver/troubleshooting/errors#no-such-element-exception\nStacktrace:\n#0 0x55ad4a69cd93 <unknown>\n#1 0x55ad4a380337 <unknown>\n#2 0x55ad4a3cbd60 <unknown>\n#3 0x55ad4a3cbe51 <unknown>\n#4 0x55ad4a40fbc4 <unknown>\n#5 0x55ad4a3ee46d <unknown>\n#6 0x55ad4a40d12d <unknown>\n#7 0x55ad4a3ee1e3 <unknown>\n#8 0x55ad4a3be135 <unknown>\n#9 0x55ad4a3bf13e <unknown>\n#10 0x55ad4a660e4b <unknown>\n#11 0x55ad4a664dfa <unknown>\n#12 0x55ad4a64d6d5 <unknown>\n#13 0x55ad4a665a6f <unknown>\n#14 0x55ad4a63169f <unknown>\n#15 0x55ad4a68a098 <unknown>\n#16 0x55ad4a68a262 <unknown>\n#17 0x55ad4a69bf34 <unknown>\n#18 0x7f7e8836d044 <unknown>","time":{"start":1706576588865,"stop":1706576588879,"duration":14}},{"uid":"63af4f67f558fb11","reportUrl":"https://zaelcovsky.github.io/StroyremAutomation/216//#testresult/63af4f67f558fb11","status":"broken","statusDetails":"selenium.common.exceptions.NoSuchElementException: Message: no such element: Unable to locate element: {\"method\":\"xpath\",\"selector\":\"(//a[@href='/catalog/new'])[3]\"}\n  (Session info: chrome-headless-shell=121.0.6167.85); For documentation on this error, please visit: https://www.selenium.dev/documentation/webdriver/troubleshooting/errors#no-such-element-exception\nStacktrace:\n#0 0x5654ea791d93 <unknown>\n#1 0x5654ea475337 <unknown>\n#2 0x5654ea4c0d60 <unknown>\n#3 0x5654ea4c0e51 <unknown>\n#4 0x5654ea504bc4 <unknown>\n#5 0x5654ea4e346d <unknown>\n#6 0x5654ea50212d <unknown>\n#7 0x5654ea4e31e3 <unknown>\n#8 0x5654ea4b3135 <unknown>\n#9 0x5654ea4b413e <unknown>\n#10 0x5654ea755e4b <unknown>\n#11 0x5654ea759dfa <unknown>\n#12 0x5654ea7426d5 <unknown>\n#13 0x5654ea75aa6f <unknown>\n#14 0x5654ea72669f <unknown>\n#15 0x5654ea77f098 <unknown>\n#16 0x5654ea77f262 <unknown>\n#17 0x5654ea790f34 <unknown>\n#18 0x7f0636661044 <unknown>","time":{"start":1706490251312,"stop":1706490251325,"duration":13}},{"uid":"1dc7c58f527a2fe6","reportUrl":"https://zaelcovsky.github.io/StroyremAutomation/215//#testresult/1dc7c58f527a2fe6","status":"broken","statusDetails":"selenium.common.exceptions.NoSuchElementException: Message: no such element: Unable to locate element: {\"method\":\"xpath\",\"selector\":\"(//a[@href='/catalog/new'])[3]\"}\n  (Session info: chrome-headless-shell=121.0.6167.85); For documentation on this error, please visit: https://www.selenium.dev/documentation/webdriver/troubleshooting/errors#no-such-element-exception\nStacktrace:\n#0 0x5640cac72d93 <unknown>\n#1 0x5640ca956337 <unknown>\n#2 0x5640ca9a1d60 <unknown>\n#3 0x5640ca9a1e51 <unknown>\n#4 0x5640ca9e5bc4 <unknown>\n#5 0x5640ca9c446d <unknown>\n#6 0x5640ca9e312d <unknown>\n#7 0x5640ca9c41e3 <unknown>\n#8 0x5640ca994135 <unknown>\n#9 0x5640ca99513e <unknown>\n#10 0x5640cac36e4b <unknown>\n#11 0x5640cac3adfa <unknown>\n#12 0x5640cac236d5 <unknown>\n#13 0x5640cac3ba6f <unknown>\n#14 0x5640cac0769f <unknown>\n#15 0x5640cac60098 <unknown>\n#16 0x5640cac60262 <unknown>\n#17 0x5640cac71f34 <unknown>\n#18 0x7f5a13e02044 <unknown>","time":{"start":1706404086096,"stop":1706404086109,"duration":13}},{"uid":"5780a74ecd63eced","reportUrl":"https://zaelcovsky.github.io/StroyremAutomation/214//#testresult/5780a74ecd63eced","status":"broken","statusDetails":"selenium.common.exceptions.NoSuchElementException: Message: no such element: Unable to locate element: {\"method\":\"xpath\",\"selector\":\"(//a[@href='/catalog/new'])[3]\"}\n  (Session info: chrome-headless-shell=121.0.6167.85); For documentation on this error, please visit: https://www.selenium.dev/documentation/webdriver/troubleshooting/errors#no-such-element-exception\nStacktrace:\n#0 0x5603e08a7d93 <unknown>\n#1 0x5603e058b337 <unknown>\n#2 0x5603e05d6d60 <unknown>\n#3 0x5603e05d6e51 <unknown>\n#4 0x5603e061abc4 <unknown>\n#5 0x5603e05f946d <unknown>\n#6 0x5603e061812d <unknown>\n#7 0x5603e05f91e3 <unknown>\n#8 0x5603e05c9135 <unknown>\n#9 0x5603e05ca13e <unknown>\n#10 0x5603e086be4b <unknown>\n#11 0x5603e086fdfa <unknown>\n#12 0x5603e08586d5 <unknown>\n#13 0x5603e0870a6f <unknown>\n#14 0x5603e083c69f <unknown>\n#15 0x5603e0895098 <unknown>\n#16 0x5603e0895262 <unknown>\n#17 0x5603e08a6f34 <unknown>\n#18 0x7ffa59bab044 <unknown>","time":{"start":1706317424336,"stop":1706317424349,"duration":13}},{"uid":"5b6619da88bd1318","reportUrl":"https://zaelcovsky.github.io/StroyremAutomation/213//#testresult/5b6619da88bd1318","status":"broken","statusDetails":"selenium.common.exceptions.NoSuchElementException: Message: no such element: Unable to locate element: {\"method\":\"xpath\",\"selector\":\"(//a[@href='/catalog/new'])[3]\"}\n  (Session info: chrome-headless-shell=121.0.6167.85); For documentation on this error, please visit: https://www.selenium.dev/documentation/webdriver/troubleshooting/errors#no-such-element-exception\nStacktrace:\n#0 0x55922f839d93 <unknown>\n#1 0x55922f51d337 <unknown>\n#2 0x55922f568d60 <unknown>\n#3 0x55922f568e51 <unknown>\n#4 0x55922f5acbc4 <unknown>\n#5 0x55922f58b46d <unknown>\n#6 0x55922f5aa12d <unknown>\n#7 0x55922f58b1e3 <unknown>\n#8 0x55922f55b135 <unknown>\n#9 0x55922f55c13e <unknown>\n#10 0x55922f7fde4b <unknown>\n#11 0x55922f801dfa <unknown>\n#12 0x55922f7ea6d5 <unknown>\n#13 0x55922f802a6f <unknown>\n#14 0x55922f7ce69f <unknown>\n#15 0x55922f827098 <unknown>\n#16 0x55922f827262 <unknown>\n#17 0x55922f838f34 <unknown>\n#18 0x7fa94f9a1044 <unknown>","time":{"start":1706231064860,"stop":1706231064874,"duration":14}},{"uid":"adf937aa6105149","reportUrl":"https://zaelcovsky.github.io/StroyremAutomation/212//#testresult/adf937aa6105149","status":"broken","statusDetails":"selenium.common.exceptions.NoSuchElementException: Message: no such element: Unable to locate element: {\"method\":\"xpath\",\"selector\":\"(//a[@href='/catalog/new'])[3]\"}\n  (Session info: chrome-headless-shell=121.0.6167.85); For documentation on this error, please visit: https://www.selenium.dev/documentation/webdriver/troubleshooting/errors#no-such-element-exception\nStacktrace:\n#0 0x563452904d93 <unknown>\n#1 0x5634525e8337 <unknown>\n#2 0x563452633d60 <unknown>\n#3 0x563452633e51 <unknown>\n#4 0x563452677bc4 <unknown>\n#5 0x56345265646d <unknown>\n#6 0x56345267512d <unknown>\n#7 0x5634526561e3 <unknown>\n#8 0x563452626135 <unknown>\n#9 0x56345262713e <unknown>\n#10 0x5634528c8e4b <unknown>\n#11 0x5634528ccdfa <unknown>\n#12 0x5634528b56d5 <unknown>\n#13 0x5634528cda6f <unknown>\n#14 0x56345289969f <unknown>\n#15 0x5634528f2098 <unknown>\n#16 0x5634528f2262 <unknown>\n#17 0x563452903f34 <unknown>\n#18 0x7f7d40d9a044 <unknown>","time":{"start":1706144973095,"stop":1706144973108,"duration":13}},{"uid":"ca438bb9724a784f","reportUrl":"https://zaelcovsky.github.io/StroyremAutomation/211//#testresult/ca438bb9724a784f","status":"broken","statusDetails":"selenium.common.exceptions.NoSuchElementException: Message: no such element: Unable to locate element: {\"method\":\"xpath\",\"selector\":\"(//a[@href='/catalog/new'])[3]\"}\n  (Session info: chrome-headless-shell=121.0.6167.85); For documentation on this error, please visit: https://www.selenium.dev/documentation/webdriver/troubleshooting/errors#no-such-element-exception\nStacktrace:\n#0 0x55bf5ede1d93 <unknown>\n#1 0x55bf5eac5337 <unknown>\n#2 0x55bf5eb10d60 <unknown>\n#3 0x55bf5eb10e51 <unknown>\n#4 0x55bf5eb54bc4 <unknown>\n#5 0x55bf5eb3346d <unknown>\n#6 0x55bf5eb5212d <unknown>\n#7 0x55bf5eb331e3 <unknown>\n#8 0x55bf5eb03135 <unknown>\n#9 0x55bf5eb0413e <unknown>\n#10 0x55bf5eda5e4b <unknown>\n#11 0x55bf5eda9dfa <unknown>\n#12 0x55bf5ed926d5 <unknown>\n#13 0x55bf5edaaa6f <unknown>\n#14 0x55bf5ed7669f <unknown>\n#15 0x55bf5edcf098 <unknown>\n#16 0x55bf5edcf262 <unknown>\n#17 0x55bf5ede0f34 <unknown>\n#18 0x7fa5fb6c8044 <unknown>","time":{"start":1706058573751,"stop":1706058573764,"duration":13}},{"uid":"44db7d1a461e1b69","reportUrl":"https://zaelcovsky.github.io/StroyremAutomation/210//#testresult/44db7d1a461e1b69","status":"broken","statusDetails":"selenium.common.exceptions.NoSuchElementException: Message: no such element: Unable to locate element: {\"method\":\"xpath\",\"selector\":\"(//a[@href='/catalog/new'])[3]\"}\n  (Session info: chrome-headless-shell=120.0.6099.109); For documentation on this error, please visit: https://www.selenium.dev/documentation/webdriver/troubleshooting/errors#no-such-element-exception\nStacktrace:\n#0 0x5633eaf9cf83 <unknown>\n#1 0x5633eac55cf7 <unknown>\n#2 0x5633eaca599e <unknown>\n#3 0x5633eaca5aa1 <unknown>\n#4 0x5633eacf0d64 <unknown>\n#5 0x5633eaccf0dd <unknown>\n#6 0x5633eacee006 <unknown>\n#7 0x5633eaccee53 <unknown>\n#8 0x5633eac96dd4 <unknown>\n#9 0x5633eac981de <unknown>\n#10 0x5633eaf61531 <unknown>\n#11 0x5633eaf65455 <unknown>\n#12 0x5633eaf4df55 <unknown>\n#13 0x5633eaf660ef <unknown>\n#14 0x5633eaf3199f <unknown>\n#15 0x5633eaf8a008 <unknown>\n#16 0x5633eaf8a1d7 <unknown>\n#17 0x5633eaf9c124 <unknown>\n#18 0x7f8508611044 <unknown>","time":{"start":1705972201407,"stop":1705972201420,"duration":13}},{"uid":"681f29ebe02c8c8d","reportUrl":"https://zaelcovsky.github.io/StroyremAutomation/209//#testresult/681f29ebe02c8c8d","status":"broken","statusDetails":"selenium.common.exceptions.NoSuchElementException: Message: no such element: Unable to locate element: {\"method\":\"xpath\",\"selector\":\"(//a[@href='/catalog/new'])[3]\"}\n  (Session info: chrome-headless-shell=120.0.6099.109); For documentation on this error, please visit: https://www.selenium.dev/documentation/webdriver/troubleshooting/errors#no-such-element-exception\nStacktrace:\n#0 0x56344fbb9f83 <unknown>\n#1 0x56344f872cf7 <unknown>\n#2 0x56344f8c299e <unknown>\n#3 0x56344f8c2aa1 <unknown>\n#4 0x56344f90dd64 <unknown>\n#5 0x56344f8ec0dd <unknown>\n#6 0x56344f90b006 <unknown>\n#7 0x56344f8ebe53 <unknown>\n#8 0x56344f8b3dd4 <unknown>\n#9 0x56344f8b51de <unknown>\n#10 0x56344fb7e531 <unknown>\n#11 0x56344fb82455 <unknown>\n#12 0x56344fb6af55 <unknown>\n#13 0x56344fb830ef <unknown>\n#14 0x56344fb4e99f <unknown>\n#15 0x56344fba7008 <unknown>\n#16 0x56344fba71d7 <unknown>\n#17 0x56344fbb9124 <unknown>\n#18 0x7f047d473044 <unknown>","time":{"start":1705885855174,"stop":1705885855187,"duration":13}},{"uid":"c957856c7850f70c","reportUrl":"https://zaelcovsky.github.io/StroyremAutomation/208//#testresult/c957856c7850f70c","status":"broken","statusDetails":"selenium.common.exceptions.NoSuchElementException: Message: no such element: Unable to locate element: {\"method\":\"xpath\",\"selector\":\"(//a[@href='/catalog/new'])[3]\"}\n  (Session info: chrome-headless-shell=120.0.6099.109); For documentation on this error, please visit: https://www.selenium.dev/documentation/webdriver/troubleshooting/errors#no-such-element-exception\nStacktrace:\n#0 0x562da8db1f83 <unknown>\n#1 0x562da8a6acf7 <unknown>\n#2 0x562da8aba99e <unknown>\n#3 0x562da8abaaa1 <unknown>\n#4 0x562da8b05d64 <unknown>\n#5 0x562da8ae40dd <unknown>\n#6 0x562da8b03006 <unknown>\n#7 0x562da8ae3e53 <unknown>\n#8 0x562da8aabdd4 <unknown>\n#9 0x562da8aad1de <unknown>\n#10 0x562da8d76531 <unknown>\n#11 0x562da8d7a455 <unknown>\n#12 0x562da8d62f55 <unknown>\n#13 0x562da8d7b0ef <unknown>\n#14 0x562da8d4699f <unknown>\n#15 0x562da8d9f008 <unknown>\n#16 0x562da8d9f1d7 <unknown>\n#17 0x562da8db1124 <unknown>\n#18 0x7fa32d7f5044 <unknown>","time":{"start":1705799581695,"stop":1705799581708,"duration":13}},{"uid":"89e991ef29a217dd","reportUrl":"https://zaelcovsky.github.io/StroyremAutomation/207//#testresult/89e991ef29a217dd","status":"broken","statusDetails":"selenium.common.exceptions.NoSuchElementException: Message: no such element: Unable to locate element: {\"method\":\"xpath\",\"selector\":\"(//a[@href='/catalog/new'])[3]\"}\n  (Session info: chrome-headless-shell=120.0.6099.109); For documentation on this error, please visit: https://www.selenium.dev/documentation/webdriver/troubleshooting/errors#no-such-element-exception\nStacktrace:\n#0 0x55af775d9f83 <unknown>\n#1 0x55af77292cf7 <unknown>\n#2 0x55af772e299e <unknown>\n#3 0x55af772e2aa1 <unknown>\n#4 0x55af7732dd64 <unknown>\n#5 0x55af7730c0dd <unknown>\n#6 0x55af7732b006 <unknown>\n#7 0x55af7730be53 <unknown>\n#8 0x55af772d3dd4 <unknown>\n#9 0x55af772d51de <unknown>\n#10 0x55af7759e531 <unknown>\n#11 0x55af775a2455 <unknown>\n#12 0x55af7758af55 <unknown>\n#13 0x55af775a30ef <unknown>\n#14 0x55af7756e99f <unknown>\n#15 0x55af775c7008 <unknown>\n#16 0x55af775c71d7 <unknown>\n#17 0x55af775d9124 <unknown>\n#18 0x7f2387346044 <unknown>","time":{"start":1705712841266,"stop":1705712841280,"duration":14}},{"uid":"d140a5e87cfe3a92","reportUrl":"https://zaelcovsky.github.io/StroyremAutomation/206//#testresult/d140a5e87cfe3a92","status":"broken","statusDetails":"selenium.common.exceptions.NoSuchElementException: Message: no such element: Unable to locate element: {\"method\":\"xpath\",\"selector\":\"(//a[@href='/catalog/new'])[3]\"}\n  (Session info: chrome-headless-shell=120.0.6099.109); For documentation on this error, please visit: https://www.selenium.dev/documentation/webdriver/troubleshooting/errors#no-such-element-exception\nStacktrace:\n#0 0x558c5988ef83 <unknown>\n#1 0x558c59547cf7 <unknown>\n#2 0x558c5959799e <unknown>\n#3 0x558c59597aa1 <unknown>\n#4 0x558c595e2d64 <unknown>\n#5 0x558c595c10dd <unknown>\n#6 0x558c595e0006 <unknown>\n#7 0x558c595c0e53 <unknown>\n#8 0x558c59588dd4 <unknown>\n#9 0x558c5958a1de <unknown>\n#10 0x558c59853531 <unknown>\n#11 0x558c59857455 <unknown>\n#12 0x558c5983ff55 <unknown>\n#13 0x558c598580ef <unknown>\n#14 0x558c5982399f <unknown>\n#15 0x558c5987c008 <unknown>\n#16 0x558c5987c1d7 <unknown>\n#17 0x558c5988e124 <unknown>\n#18 0x7ff928736044 <unknown>","time":{"start":1705626508032,"stop":1705626508046,"duration":14}},{"uid":"40748a5b1935ad94","reportUrl":"https://zaelcovsky.github.io/StroyremAutomation/205//#testresult/40748a5b1935ad94","status":"broken","statusDetails":"selenium.common.exceptions.NoSuchElementException: Message: no such element: Unable to locate element: {\"method\":\"xpath\",\"selector\":\"(//a[@href='/catalog/new'])[3]\"}\n  (Session info: chrome-headless-shell=120.0.6099.109); For documentation on this error, please visit: https://www.selenium.dev/documentation/webdriver/troubleshooting/errors#no-such-element-exception\nStacktrace:\n#0 0x563cced64f83 <unknown>\n#1 0x563ccea1dcf7 <unknown>\n#2 0x563ccea6d99e <unknown>\n#3 0x563ccea6daa1 <unknown>\n#4 0x563cceab8d64 <unknown>\n#5 0x563ccea970dd <unknown>\n#6 0x563cceab6006 <unknown>\n#7 0x563ccea96e53 <unknown>\n#8 0x563ccea5edd4 <unknown>\n#9 0x563ccea601de <unknown>\n#10 0x563cced29531 <unknown>\n#11 0x563cced2d455 <unknown>\n#12 0x563cced15f55 <unknown>\n#13 0x563cced2e0ef <unknown>\n#14 0x563ccecf999f <unknown>\n#15 0x563cced52008 <unknown>\n#16 0x563cced521d7 <unknown>\n#17 0x563cced64124 <unknown>\n#18 0x7f8677de0044 <unknown>","time":{"start":1705540084093,"stop":1705540084106,"duration":13}},{"uid":"aa30a5524a171b28","reportUrl":"https://zaelcovsky.github.io/StroyremAutomation/204//#testresult/aa30a5524a171b28","status":"broken","statusDetails":"selenium.common.exceptions.NoSuchElementException: Message: no such element: Unable to locate element: {\"method\":\"xpath\",\"selector\":\"(//a[@href='/catalog/new'])[3]\"}\n  (Session info: chrome-headless-shell=120.0.6099.109); For documentation on this error, please visit: https://www.selenium.dev/documentation/webdriver/troubleshooting/errors#no-such-element-exception\nStacktrace:\n#0 0x5568a6a0ff83 <unknown>\n#1 0x5568a66c8cf7 <unknown>\n#2 0x5568a671899e <unknown>\n#3 0x5568a6718aa1 <unknown>\n#4 0x5568a6763d64 <unknown>\n#5 0x5568a67420dd <unknown>\n#6 0x5568a6761006 <unknown>\n#7 0x5568a6741e53 <unknown>\n#8 0x5568a6709dd4 <unknown>\n#9 0x5568a670b1de <unknown>\n#10 0x5568a69d4531 <unknown>\n#11 0x5568a69d8455 <unknown>\n#12 0x5568a69c0f55 <unknown>\n#13 0x5568a69d90ef <unknown>\n#14 0x5568a69a499f <unknown>\n#15 0x5568a69fd008 <unknown>\n#16 0x5568a69fd1d7 <unknown>\n#17 0x5568a6a0f124 <unknown>\n#18 0x7f50937f9044 <unknown>","time":{"start":1705453765181,"stop":1705453765194,"duration":13}}]},"tags":["smoke_test"]},"source":"10e03d264b1174e2.json","parameterValues":["'https://test2.stroyrem-nn.ru/'"]}