{"uid":"c83ed63835a0953f","name":"test_positive_delivery_green_zone_smoke[TD 009-products/shtukaturka-gipsovaya-aksolit-m50-30-kg-mashinnogo-naneseniya-166-5000-2500-4990-5480-https://sandboxtest.stroyrem-nn.ru/]","fullName":"tests.delivery.test_delivery_calculation.TestDeliveryPageCalculation#test_positive_delivery_green_zone_smoke","historyId":"8179091af2334708b6b6862d13d35737","time":{"start":1701393534306,"stop":1701393539421,"duration":5115},"status":"broken","statusMessage":"selenium.common.exceptions.NoSuchElementException: Message: no such element: Unable to locate element: {\"method\":\"xpath\",\"selector\":\"//input[@class='amount']\"}\n  (Session info: headless chrome=119.0.6045.105); For documentation on this error, please visit: https://www.selenium.dev/documentation/webdriver/troubleshooting/errors#no-such-element-exception\nStacktrace:\n#0 0x5648ef0fd5e3 <unknown>\n#1 0x5648eedc00b7 <unknown>\n#2 0x5648eee0df53 <unknown>\n#3 0x5648eee0e051 <unknown>\n#4 0x5648eee539c4 <unknown>\n#5 0x5648eee34f1d <unknown>\n#6 0x5648eee50b3d <unknown>\n#7 0x5648eee34cc3 <unknown>\n#8 0x5648eee000e4 <unknown>\n#9 0x5648eee010ae <unknown>\n#10 0x5648ef0c3ce1 <unknown>\n#11 0x5648ef0c7b7e <unknown>\n#12 0x5648ef0b14b5 <unknown>\n#13 0x5648ef0c87d6 <unknown>\n#14 0x5648ef094dbf <unknown>\n#15 0x5648ef0eb748 <unknown>\n#16 0x5648ef0eb917 <unknown>\n#17 0x5648ef0fc773 <unknown>\n#18 0x7f5a4999b044 <unknown>","statusTrace":"self = <tests.delivery.test_delivery_calculation.TestDeliveryPageCalculation object at 0x7f503d57e350>\ndriver = <selenium.webdriver.chrome.webdriver.WebDriver (session=\"d12a517949347891cacc172fc5802fa1\")>\nurl = 'https://sandboxtest.stroyrem-nn.ru/', case_id = 'TD 009'\nlink_item = 'products/shtukaturka-gipsovaya-aksolit-m50-30-kg-mashinnogo-naneseniya'\namount = 166, weight = 5000, standard = 2500, in_time = 4990, all_time = 5480\n\n    @pytest.mark.parametrize('case_id, link_item, amount, weight, standard, in_time, all_time', [\n        (\"TD 001\", uroven_3000, 1, 30, 0, 1590, 2190),\n        (\"TD 002\", bundeks_25, 1, 30, 400, 1590, 2190),\n        (\"TD 003\", aksolit_30, 8, 300, 400, 1590, 2190),\n        (\"TD 004\", aksolit_30, 13, 400, 450, 1590, 2190),\n        (\"TD 005\", aksolit_30, 16, 500, 600, 1590, 2190),\n        (\"TD 006\", aksolit_30, 25, 1700, 990, 1990, 2480),\n        (\"TD 007\", aksolit_30, 66, 2000, 1300, 2490, 2980),\n        (\"TD 008\", aksolit_30, 149, 4500, 2300, 3980, 4490),\n        (\"TD 009\", aksolit_30, 166, 5000, 2500, 4990, 5480),\n        pytest.param(\n            \"TD 010\", aksolit_30, 206, 6200, 2900, 5570, 6120,\n            marks=pytest.mark.xfail(reson=\"Цена доставки 3600 7960 8980\")\n        ),\n        (\"TD 011\", aksolit_30, 299, 9000, 3600, 7960, 8980),\n        (\"TD 012\", aksolit_30, 333, 10000, 4450, 11990, 12500),\n        pytest.param(\n            \"TD 013\", aksolit_30, 366, 11000, 4800, 12450, 13480,\n            marks=pytest.mark.xfail(reason=\"Цена стандартной доставки 4450\")\n        ),\n        pytest.param(\n            \"TD 014\", aksolit_30, 666, 20000, 5400, 15600, 17490,\n            marks=pytest.mark.xfail(reason=\"Цена стандартной доставки 4450\")\n        )\n    ])\n    @pytest.mark.smoke\n    def test_positive_delivery_green_zone_smoke(\n            self, driver, url, case_id, link_item, amount, weight, standard, in_time, all_time\n    ):\n    \n        driver.get(f'{url}{link_item}')\n        item_page = ItemPage(driver)\n>       item_page.add_item_to_cart(amount).click_on_cart()\n\ntests/delivery/test_delivery_calculation.py:49: \n_ _ _ _ _ _ _ _ _ _ _ _ _ _ _ _ _ _ _ _ _ _ _ _ _ _ _ _ _ _ _ _ _ _ _ _ _ _ _ _ \npages/item_page.py:41: in add_item_to_cart\n    amount_field = self.find_element(self._item_amount)\nbase/seleniumbase.py:17: in find_element\n    return self.driver.find_element(*locator)\n/usr/local/lib/python3.11/site-packages/selenium/webdriver/remote/webdriver.py:740: in find_element\n    return self.execute(Command.FIND_ELEMENT, {\"using\": by, \"value\": value})[\"value\"]\n/usr/local/lib/python3.11/site-packages/selenium/webdriver/remote/webdriver.py:346: in execute\n    self.error_handler.check_response(response)\n_ _ _ _ _ _ _ _ _ _ _ _ _ _ _ _ _ _ _ _ _ _ _ _ _ _ _ _ _ _ _ _ _ _ _ _ _ _ _ _ \n\nself = <selenium.webdriver.remote.errorhandler.ErrorHandler object at 0x7f503d291ad0>\nresponse = {'status': 404, 'value': '{\"value\":{\"error\":\"no such element\",\"message\":\"no such element: Unable to locate element: {\\...\\\\n#16 0x5648ef0eb917 \\\\u003Cunknown>\\\\n#17 0x5648ef0fc773 \\\\u003Cunknown>\\\\n#18 0x7f5a4999b044 \\\\u003Cunknown>\\\\n\"}}'}\n\n    def check_response(self, response: Dict[str, Any]) -> None:\n        \"\"\"Checks that a JSON response from the WebDriver does not have an\n        error.\n    \n        :Args:\n         - response - The JSON response from the WebDriver server as a dictionary\n           object.\n    \n        :Raises: If the response contains an error message.\n        \"\"\"\n        status = response.get(\"status\", None)\n        if not status or status == ErrorCode.SUCCESS:\n            return\n        value = None\n        message = response.get(\"message\", \"\")\n        screen: str = response.get(\"screen\", \"\")\n        stacktrace = None\n        if isinstance(status, int):\n            value_json = response.get(\"value\", None)\n            if value_json and isinstance(value_json, str):\n                import json\n    \n                try:\n                    value = json.loads(value_json)\n                    if len(value) == 1:\n                        value = value[\"value\"]\n                    status = value.get(\"error\", None)\n                    if not status:\n                        status = value.get(\"status\", ErrorCode.UNKNOWN_ERROR)\n                        message = value.get(\"value\") or value.get(\"message\")\n                        if not isinstance(message, str):\n                            value = message\n                            message = message.get(\"message\")\n                    else:\n                        message = value.get(\"message\", None)\n                except ValueError:\n                    pass\n    \n        exception_class: Type[WebDriverException]\n        if status in ErrorCode.NO_SUCH_ELEMENT:\n            exception_class = NoSuchElementException\n        elif status in ErrorCode.NO_SUCH_FRAME:\n            exception_class = NoSuchFrameException\n        elif status in ErrorCode.NO_SUCH_SHADOW_ROOT:\n            exception_class = NoSuchShadowRootException\n        elif status in ErrorCode.NO_SUCH_WINDOW:\n            exception_class = NoSuchWindowException\n        elif status in ErrorCode.STALE_ELEMENT_REFERENCE:\n            exception_class = StaleElementReferenceException\n        elif status in ErrorCode.ELEMENT_NOT_VISIBLE:\n            exception_class = ElementNotVisibleException\n        elif status in ErrorCode.INVALID_ELEMENT_STATE:\n            exception_class = InvalidElementStateException\n        elif (\n            status in ErrorCode.INVALID_SELECTOR\n            or status in ErrorCode.INVALID_XPATH_SELECTOR\n            or status in ErrorCode.INVALID_XPATH_SELECTOR_RETURN_TYPER\n        ):\n            exception_class = InvalidSelectorException\n        elif status in ErrorCode.ELEMENT_IS_NOT_SELECTABLE:\n            exception_class = ElementNotSelectableException\n        elif status in ErrorCode.ELEMENT_NOT_INTERACTABLE:\n            exception_class = ElementNotInteractableException\n        elif status in ErrorCode.INVALID_COOKIE_DOMAIN:\n            exception_class = InvalidCookieDomainException\n        elif status in ErrorCode.UNABLE_TO_SET_COOKIE:\n            exception_class = UnableToSetCookieException\n        elif status in ErrorCode.TIMEOUT:\n            exception_class = TimeoutException\n        elif status in ErrorCode.SCRIPT_TIMEOUT:\n            exception_class = TimeoutException\n        elif status in ErrorCode.UNKNOWN_ERROR:\n            exception_class = WebDriverException\n        elif status in ErrorCode.UNEXPECTED_ALERT_OPEN:\n            exception_class = UnexpectedAlertPresentException\n        elif status in ErrorCode.NO_ALERT_OPEN:\n            exception_class = NoAlertPresentException\n        elif status in ErrorCode.IME_NOT_AVAILABLE:\n            exception_class = ImeNotAvailableException\n        elif status in ErrorCode.IME_ENGINE_ACTIVATION_FAILED:\n            exception_class = ImeActivationFailedException\n        elif status in ErrorCode.MOVE_TARGET_OUT_OF_BOUNDS:\n            exception_class = MoveTargetOutOfBoundsException\n        elif status in ErrorCode.JAVASCRIPT_ERROR:\n            exception_class = JavascriptException\n        elif status in ErrorCode.SESSION_NOT_CREATED:\n            exception_class = SessionNotCreatedException\n        elif status in ErrorCode.INVALID_ARGUMENT:\n            exception_class = InvalidArgumentException\n        elif status in ErrorCode.NO_SUCH_COOKIE:\n            exception_class = NoSuchCookieException\n        elif status in ErrorCode.UNABLE_TO_CAPTURE_SCREEN:\n            exception_class = ScreenshotException\n        elif status in ErrorCode.ELEMENT_CLICK_INTERCEPTED:\n            exception_class = ElementClickInterceptedException\n        elif status in ErrorCode.INSECURE_CERTIFICATE:\n            exception_class = InsecureCertificateException\n        elif status in ErrorCode.INVALID_COORDINATES:\n            exception_class = InvalidCoordinatesException\n        elif status in ErrorCode.INVALID_SESSION_ID:\n            exception_class = InvalidSessionIdException\n        elif status in ErrorCode.UNKNOWN_METHOD:\n            exception_class = UnknownMethodException\n        else:\n            exception_class = WebDriverException\n        if not value:\n            value = response[\"value\"]\n        if isinstance(value, str):\n            raise exception_class(value)\n        if message == \"\" and \"message\" in value:\n            message = value[\"message\"]\n    \n        screen = None  # type: ignore[assignment]\n        if \"screen\" in value:\n            screen = value[\"screen\"]\n    \n        stacktrace = None\n        st_value = value.get(\"stackTrace\") or value.get(\"stacktrace\")\n        if st_value:\n            if isinstance(st_value, str):\n                stacktrace = st_value.split(\"\\n\")\n            else:\n                stacktrace = []\n                try:\n                    for frame in st_value:\n                        line = frame.get(\"lineNumber\", \"\")\n                        file = frame.get(\"fileName\", \"<anonymous>\")\n                        if line:\n                            file = f\"{file}:{line}\"\n                        meth = frame.get(\"methodName\", \"<anonymous>\")\n                        if \"className\" in frame:\n                            meth = f\"{frame['className']}.{meth}\"\n                        msg = \"    at %s (%s)\"\n                        msg = msg % (meth, file)\n                        stacktrace.append(msg)\n                except TypeError:\n                    pass\n        if exception_class == UnexpectedAlertPresentException:\n            alert_text = None\n            if \"data\" in value:\n                alert_text = value[\"data\"].get(\"text\")\n            elif \"alert\" in value:\n                alert_text = value[\"alert\"].get(\"text\")\n            raise exception_class(message, screen, stacktrace, alert_text)  # type: ignore[call-arg]  # mypy is not smart enough here\n>       raise exception_class(message, screen, stacktrace)\nE       selenium.common.exceptions.NoSuchElementException: Message: no such element: Unable to locate element: {\"method\":\"xpath\",\"selector\":\"//input[@class='amount']\"}\nE         (Session info: headless chrome=119.0.6045.105); For documentation on this error, please visit: https://www.selenium.dev/documentation/webdriver/troubleshooting/errors#no-such-element-exception\nE       Stacktrace:\nE       #0 0x5648ef0fd5e3 <unknown>\nE       #1 0x5648eedc00b7 <unknown>\nE       #2 0x5648eee0df53 <unknown>\nE       #3 0x5648eee0e051 <unknown>\nE       #4 0x5648eee539c4 <unknown>\nE       #5 0x5648eee34f1d <unknown>\nE       #6 0x5648eee50b3d <unknown>\nE       #7 0x5648eee34cc3 <unknown>\nE       #8 0x5648eee000e4 <unknown>\nE       #9 0x5648eee010ae <unknown>\nE       #10 0x5648ef0c3ce1 <unknown>\nE       #11 0x5648ef0c7b7e <unknown>\nE       #12 0x5648ef0b14b5 <unknown>\nE       #13 0x5648ef0c87d6 <unknown>\nE       #14 0x5648ef094dbf <unknown>\nE       #15 0x5648ef0eb748 <unknown>\nE       #16 0x5648ef0eb917 <unknown>\nE       #17 0x5648ef0fc773 <unknown>\nE       #18 0x7f5a4999b044 <unknown>\n\n/usr/local/lib/python3.11/site-packages/selenium/webdriver/remote/errorhandler.py:245: NoSuchElementException","flaky":false,"newFailed":false,"newBroken":false,"newPassed":false,"retriesCount":0,"retriesStatusChange":false,"beforeStages":[{"name":"_session_faker","time":{"start":1701393010180,"stop":1701393010248,"duration":68},"status":"passed","steps":[],"attachments":[],"parameters":[],"shouldDisplayMessage":false,"stepsCount":0,"attachmentsCount":0,"hasContent":false},{"name":"clear_allure_results_folder","time":{"start":1701393010248,"stop":1701393010249,"duration":1},"status":"passed","steps":[],"attachments":[],"parameters":[],"shouldDisplayMessage":false,"stepsCount":0,"attachmentsCount":0,"hasContent":false},{"name":"driver","time":{"start":1701393533567,"stop":1701393534305,"duration":738},"status":"passed","steps":[],"attachments":[],"parameters":[],"shouldDisplayMessage":false,"stepsCount":0,"attachmentsCount":0,"hasContent":false},{"name":"setup","time":{"start":1701393534305,"stop":1701393534305,"duration":0},"status":"passed","steps":[],"attachments":[],"parameters":[],"shouldDisplayMessage":false,"stepsCount":0,"attachmentsCount":0,"hasContent":false}],"testStage":{"status":"broken","statusMessage":"selenium.common.exceptions.NoSuchElementException: Message: no such element: Unable to locate element: {\"method\":\"xpath\",\"selector\":\"//input[@class='amount']\"}\n  (Session info: headless chrome=119.0.6045.105); For documentation on this error, please visit: https://www.selenium.dev/documentation/webdriver/troubleshooting/errors#no-such-element-exception\nStacktrace:\n#0 0x5648ef0fd5e3 <unknown>\n#1 0x5648eedc00b7 <unknown>\n#2 0x5648eee0df53 <unknown>\n#3 0x5648eee0e051 <unknown>\n#4 0x5648eee539c4 <unknown>\n#5 0x5648eee34f1d <unknown>\n#6 0x5648eee50b3d <unknown>\n#7 0x5648eee34cc3 <unknown>\n#8 0x5648eee000e4 <unknown>\n#9 0x5648eee010ae <unknown>\n#10 0x5648ef0c3ce1 <unknown>\n#11 0x5648ef0c7b7e <unknown>\n#12 0x5648ef0b14b5 <unknown>\n#13 0x5648ef0c87d6 <unknown>\n#14 0x5648ef094dbf <unknown>\n#15 0x5648ef0eb748 <unknown>\n#16 0x5648ef0eb917 <unknown>\n#17 0x5648ef0fc773 <unknown>\n#18 0x7f5a4999b044 <unknown>","statusTrace":"self = <tests.delivery.test_delivery_calculation.TestDeliveryPageCalculation object at 0x7f503d57e350>\ndriver = <selenium.webdriver.chrome.webdriver.WebDriver (session=\"d12a517949347891cacc172fc5802fa1\")>\nurl = 'https://sandboxtest.stroyrem-nn.ru/', case_id = 'TD 009'\nlink_item = 'products/shtukaturka-gipsovaya-aksolit-m50-30-kg-mashinnogo-naneseniya'\namount = 166, weight = 5000, standard = 2500, in_time = 4990, all_time = 5480\n\n    @pytest.mark.parametrize('case_id, link_item, amount, weight, standard, in_time, all_time', [\n        (\"TD 001\", uroven_3000, 1, 30, 0, 1590, 2190),\n        (\"TD 002\", bundeks_25, 1, 30, 400, 1590, 2190),\n        (\"TD 003\", aksolit_30, 8, 300, 400, 1590, 2190),\n        (\"TD 004\", aksolit_30, 13, 400, 450, 1590, 2190),\n        (\"TD 005\", aksolit_30, 16, 500, 600, 1590, 2190),\n        (\"TD 006\", aksolit_30, 25, 1700, 990, 1990, 2480),\n        (\"TD 007\", aksolit_30, 66, 2000, 1300, 2490, 2980),\n        (\"TD 008\", aksolit_30, 149, 4500, 2300, 3980, 4490),\n        (\"TD 009\", aksolit_30, 166, 5000, 2500, 4990, 5480),\n        pytest.param(\n            \"TD 010\", aksolit_30, 206, 6200, 2900, 5570, 6120,\n            marks=pytest.mark.xfail(reson=\"Цена доставки 3600 7960 8980\")\n        ),\n        (\"TD 011\", aksolit_30, 299, 9000, 3600, 7960, 8980),\n        (\"TD 012\", aksolit_30, 333, 10000, 4450, 11990, 12500),\n        pytest.param(\n            \"TD 013\", aksolit_30, 366, 11000, 4800, 12450, 13480,\n            marks=pytest.mark.xfail(reason=\"Цена стандартной доставки 4450\")\n        ),\n        pytest.param(\n            \"TD 014\", aksolit_30, 666, 20000, 5400, 15600, 17490,\n            marks=pytest.mark.xfail(reason=\"Цена стандартной доставки 4450\")\n        )\n    ])\n    @pytest.mark.smoke\n    def test_positive_delivery_green_zone_smoke(\n            self, driver, url, case_id, link_item, amount, weight, standard, in_time, all_time\n    ):\n    \n        driver.get(f'{url}{link_item}')\n        item_page = ItemPage(driver)\n>       item_page.add_item_to_cart(amount).click_on_cart()\n\ntests/delivery/test_delivery_calculation.py:49: \n_ _ _ _ _ _ _ _ _ _ _ _ _ _ _ _ _ _ _ _ _ _ _ _ _ _ _ _ _ _ _ _ _ _ _ _ _ _ _ _ \npages/item_page.py:41: in add_item_to_cart\n    amount_field = self.find_element(self._item_amount)\nbase/seleniumbase.py:17: in find_element\n    return self.driver.find_element(*locator)\n/usr/local/lib/python3.11/site-packages/selenium/webdriver/remote/webdriver.py:740: in find_element\n    return self.execute(Command.FIND_ELEMENT, {\"using\": by, \"value\": value})[\"value\"]\n/usr/local/lib/python3.11/site-packages/selenium/webdriver/remote/webdriver.py:346: in execute\n    self.error_handler.check_response(response)\n_ _ _ _ _ _ _ _ _ _ _ _ _ _ _ _ _ _ _ _ _ _ _ _ _ _ _ _ _ _ _ _ _ _ _ _ _ _ _ _ \n\nself = <selenium.webdriver.remote.errorhandler.ErrorHandler object at 0x7f503d291ad0>\nresponse = {'status': 404, 'value': '{\"value\":{\"error\":\"no such element\",\"message\":\"no such element: Unable to locate element: {\\...\\\\n#16 0x5648ef0eb917 \\\\u003Cunknown>\\\\n#17 0x5648ef0fc773 \\\\u003Cunknown>\\\\n#18 0x7f5a4999b044 \\\\u003Cunknown>\\\\n\"}}'}\n\n    def check_response(self, response: Dict[str, Any]) -> None:\n        \"\"\"Checks that a JSON response from the WebDriver does not have an\n        error.\n    \n        :Args:\n         - response - The JSON response from the WebDriver server as a dictionary\n           object.\n    \n        :Raises: If the response contains an error message.\n        \"\"\"\n        status = response.get(\"status\", None)\n        if not status or status == ErrorCode.SUCCESS:\n            return\n        value = None\n        message = response.get(\"message\", \"\")\n        screen: str = response.get(\"screen\", \"\")\n        stacktrace = None\n        if isinstance(status, int):\n            value_json = response.get(\"value\", None)\n            if value_json and isinstance(value_json, str):\n                import json\n    \n                try:\n                    value = json.loads(value_json)\n                    if len(value) == 1:\n                        value = value[\"value\"]\n                    status = value.get(\"error\", None)\n                    if not status:\n                        status = value.get(\"status\", ErrorCode.UNKNOWN_ERROR)\n                        message = value.get(\"value\") or value.get(\"message\")\n                        if not isinstance(message, str):\n                            value = message\n                            message = message.get(\"message\")\n                    else:\n                        message = value.get(\"message\", None)\n                except ValueError:\n                    pass\n    \n        exception_class: Type[WebDriverException]\n        if status in ErrorCode.NO_SUCH_ELEMENT:\n            exception_class = NoSuchElementException\n        elif status in ErrorCode.NO_SUCH_FRAME:\n            exception_class = NoSuchFrameException\n        elif status in ErrorCode.NO_SUCH_SHADOW_ROOT:\n            exception_class = NoSuchShadowRootException\n        elif status in ErrorCode.NO_SUCH_WINDOW:\n            exception_class = NoSuchWindowException\n        elif status in ErrorCode.STALE_ELEMENT_REFERENCE:\n            exception_class = StaleElementReferenceException\n        elif status in ErrorCode.ELEMENT_NOT_VISIBLE:\n            exception_class = ElementNotVisibleException\n        elif status in ErrorCode.INVALID_ELEMENT_STATE:\n            exception_class = InvalidElementStateException\n        elif (\n            status in ErrorCode.INVALID_SELECTOR\n            or status in ErrorCode.INVALID_XPATH_SELECTOR\n            or status in ErrorCode.INVALID_XPATH_SELECTOR_RETURN_TYPER\n        ):\n            exception_class = InvalidSelectorException\n        elif status in ErrorCode.ELEMENT_IS_NOT_SELECTABLE:\n            exception_class = ElementNotSelectableException\n        elif status in ErrorCode.ELEMENT_NOT_INTERACTABLE:\n            exception_class = ElementNotInteractableException\n        elif status in ErrorCode.INVALID_COOKIE_DOMAIN:\n            exception_class = InvalidCookieDomainException\n        elif status in ErrorCode.UNABLE_TO_SET_COOKIE:\n            exception_class = UnableToSetCookieException\n        elif status in ErrorCode.TIMEOUT:\n            exception_class = TimeoutException\n        elif status in ErrorCode.SCRIPT_TIMEOUT:\n            exception_class = TimeoutException\n        elif status in ErrorCode.UNKNOWN_ERROR:\n            exception_class = WebDriverException\n        elif status in ErrorCode.UNEXPECTED_ALERT_OPEN:\n            exception_class = UnexpectedAlertPresentException\n        elif status in ErrorCode.NO_ALERT_OPEN:\n            exception_class = NoAlertPresentException\n        elif status in ErrorCode.IME_NOT_AVAILABLE:\n            exception_class = ImeNotAvailableException\n        elif status in ErrorCode.IME_ENGINE_ACTIVATION_FAILED:\n            exception_class = ImeActivationFailedException\n        elif status in ErrorCode.MOVE_TARGET_OUT_OF_BOUNDS:\n            exception_class = MoveTargetOutOfBoundsException\n        elif status in ErrorCode.JAVASCRIPT_ERROR:\n            exception_class = JavascriptException\n        elif status in ErrorCode.SESSION_NOT_CREATED:\n            exception_class = SessionNotCreatedException\n        elif status in ErrorCode.INVALID_ARGUMENT:\n            exception_class = InvalidArgumentException\n        elif status in ErrorCode.NO_SUCH_COOKIE:\n            exception_class = NoSuchCookieException\n        elif status in ErrorCode.UNABLE_TO_CAPTURE_SCREEN:\n            exception_class = ScreenshotException\n        elif status in ErrorCode.ELEMENT_CLICK_INTERCEPTED:\n            exception_class = ElementClickInterceptedException\n        elif status in ErrorCode.INSECURE_CERTIFICATE:\n            exception_class = InsecureCertificateException\n        elif status in ErrorCode.INVALID_COORDINATES:\n            exception_class = InvalidCoordinatesException\n        elif status in ErrorCode.INVALID_SESSION_ID:\n            exception_class = InvalidSessionIdException\n        elif status in ErrorCode.UNKNOWN_METHOD:\n            exception_class = UnknownMethodException\n        else:\n            exception_class = WebDriverException\n        if not value:\n            value = response[\"value\"]\n        if isinstance(value, str):\n            raise exception_class(value)\n        if message == \"\" and \"message\" in value:\n            message = value[\"message\"]\n    \n        screen = None  # type: ignore[assignment]\n        if \"screen\" in value:\n            screen = value[\"screen\"]\n    \n        stacktrace = None\n        st_value = value.get(\"stackTrace\") or value.get(\"stacktrace\")\n        if st_value:\n            if isinstance(st_value, str):\n                stacktrace = st_value.split(\"\\n\")\n            else:\n                stacktrace = []\n                try:\n                    for frame in st_value:\n                        line = frame.get(\"lineNumber\", \"\")\n                        file = frame.get(\"fileName\", \"<anonymous>\")\n                        if line:\n                            file = f\"{file}:{line}\"\n                        meth = frame.get(\"methodName\", \"<anonymous>\")\n                        if \"className\" in frame:\n                            meth = f\"{frame['className']}.{meth}\"\n                        msg = \"    at %s (%s)\"\n                        msg = msg % (meth, file)\n                        stacktrace.append(msg)\n                except TypeError:\n                    pass\n        if exception_class == UnexpectedAlertPresentException:\n            alert_text = None\n            if \"data\" in value:\n                alert_text = value[\"data\"].get(\"text\")\n            elif \"alert\" in value:\n                alert_text = value[\"alert\"].get(\"text\")\n            raise exception_class(message, screen, stacktrace, alert_text)  # type: ignore[call-arg]  # mypy is not smart enough here\n>       raise exception_class(message, screen, stacktrace)\nE       selenium.common.exceptions.NoSuchElementException: Message: no such element: Unable to locate element: {\"method\":\"xpath\",\"selector\":\"//input[@class='amount']\"}\nE         (Session info: headless chrome=119.0.6045.105); For documentation on this error, please visit: https://www.selenium.dev/documentation/webdriver/troubleshooting/errors#no-such-element-exception\nE       Stacktrace:\nE       #0 0x5648ef0fd5e3 <unknown>\nE       #1 0x5648eedc00b7 <unknown>\nE       #2 0x5648eee0df53 <unknown>\nE       #3 0x5648eee0e051 <unknown>\nE       #4 0x5648eee539c4 <unknown>\nE       #5 0x5648eee34f1d <unknown>\nE       #6 0x5648eee50b3d <unknown>\nE       #7 0x5648eee34cc3 <unknown>\nE       #8 0x5648eee000e4 <unknown>\nE       #9 0x5648eee010ae <unknown>\nE       #10 0x5648ef0c3ce1 <unknown>\nE       #11 0x5648ef0c7b7e <unknown>\nE       #12 0x5648ef0b14b5 <unknown>\nE       #13 0x5648ef0c87d6 <unknown>\nE       #14 0x5648ef094dbf <unknown>\nE       #15 0x5648ef0eb748 <unknown>\nE       #16 0x5648ef0eb917 <unknown>\nE       #17 0x5648ef0fc773 <unknown>\nE       #18 0x7f5a4999b044 <unknown>\n\n/usr/local/lib/python3.11/site-packages/selenium/webdriver/remote/errorhandler.py:245: NoSuchElementException","steps":[{"name":"Добавляем товар в корзину в количестве 166","time":{"start":1701393539365,"stop":1701393539420,"duration":55},"status":"broken","statusMessage":"selenium.common.exceptions.NoSuchElementException: Message: no such element: Unable to locate element: {\"method\":\"xpath\",\"selector\":\"//input[@class='amount']\"}\n  (Session info: headless chrome=119.0.6045.105); For documentation on this error, please visit: https://www.selenium.dev/documentation/webdriver/troubleshooting/errors#no-such-element-exception\nStacktrace:\n#0 0x5648ef0fd5e3 <unknown>\n#1 0x5648eedc00b7 <unknown>\n#2 0x5648eee0df53 <unknown>\n#3 0x5648eee0e051 <unknown>\n#4 0x5648eee539c4 <unknown>\n#5 0x5648eee34f1d <unknown>\n#6 0x5648eee50b3d <unknown>\n#7 0x5648eee34cc3 <unknown>\n#8 0x5648eee000e4 <unknown>\n#9 0x5648eee010ae <unknown>\n#10 0x5648ef0c3ce1 <unknown>\n#11 0x5648ef0c7b7e <unknown>\n#12 0x5648ef0b14b5 <unknown>\n#13 0x5648ef0c87d6 <unknown>\n#14 0x5648ef094dbf <unknown>\n#15 0x5648ef0eb748 <unknown>\n#16 0x5648ef0eb917 <unknown>\n#17 0x5648ef0fc773 <unknown>\n#18 0x7f5a4999b044 <unknown>\n\n","statusTrace":"  File \"/usr/local/lib/python3.11/site-packages/allure_commons/_allure.py\", line 192, in impl\n    return func(*a, **kw)\n           ^^^^^^^^^^^^^^\n  File \"/app/pages/item_page.py\", line 41, in add_item_to_cart\n    amount_field = self.find_element(self._item_amount)\n                   ^^^^^^^^^^^^^^^^^^^^^^^^^^^^^^^^^^^^\n  File \"/app/base/seleniumbase.py\", line 17, in find_element\n    return self.driver.find_element(*locator)\n           ^^^^^^^^^^^^^^^^^^^^^^^^^^^^^^^^^^\n  File \"/usr/local/lib/python3.11/site-packages/selenium/webdriver/remote/webdriver.py\", line 740, in find_element\n    return self.execute(Command.FIND_ELEMENT, {\"using\": by, \"value\": value})[\"value\"]\n           ^^^^^^^^^^^^^^^^^^^^^^^^^^^^^^^^^^^^^^^^^^^^^^^^^^^^^^^^^^^^^^^^^\n  File \"/usr/local/lib/python3.11/site-packages/selenium/webdriver/remote/webdriver.py\", line 346, in execute\n    self.error_handler.check_response(response)\n  File \"/usr/local/lib/python3.11/site-packages/selenium/webdriver/remote/errorhandler.py\", line 245, in check_response\n    raise exception_class(message, screen, stacktrace)\n","steps":[],"attachments":[],"parameters":[{"name":"amount","value":"166"}],"shouldDisplayMessage":true,"stepsCount":0,"attachmentsCount":0,"hasContent":true}],"attachments":[{"uid":"70f11c70c3ce83a9","name":"Screenshot","source":"70f11c70c3ce83a9.png","type":"image/png","size":115178},{"uid":"10f49381346bf099","name":"HTML source","source":"10f49381346bf099.html","type":"text/html","size":303988}],"parameters":[],"shouldDisplayMessage":true,"stepsCount":1,"attachmentsCount":2,"hasContent":true},"afterStages":[{"name":"driver::0","time":{"start":1701393539555,"stop":1701393539616,"duration":61},"status":"passed","steps":[],"attachments":[],"parameters":[],"shouldDisplayMessage":false,"stepsCount":0,"attachmentsCount":0,"hasContent":false},{"name":"setup::0","time":{"start":1701393539555,"stop":1701393539555,"duration":0},"status":"passed","steps":[],"attachments":[],"parameters":[],"shouldDisplayMessage":false,"stepsCount":0,"attachmentsCount":0,"hasContent":false}],"labels":[{"name":"epic","value":"Delivery Page - calculation"},{"name":"tag","value":"smoke"},{"name":"parentSuite","value":"tests.delivery"},{"name":"suite","value":"test_delivery_calculation"},{"name":"subSuite","value":"TestDeliveryPageCalculation"},{"name":"host","value":"ec0b12d4825f"},{"name":"thread","value":"1-MainThread"},{"name":"framework","value":"pytest"},{"name":"language","value":"cpython3"},{"name":"package","value":"tests.delivery.test_delivery_calculation"},{"name":"resultFormat","value":"allure2"}],"parameters":[{"name":"all_time","value":"5480"},{"name":"amount","value":"166"},{"name":"case_id","value":"'TD 009'"},{"name":"in_time","value":"4990"},{"name":"link_item","value":"'products/shtukaturka-gipsovaya-aksolit-m50-30-kg-mashinnogo-naneseniya'"},{"name":"standard","value":"2500"},{"name":"url","value":"'https://sandboxtest.stroyrem-nn.ru/'"},{"name":"weight","value":"5000"}],"links":[],"hidden":false,"retry":false,"extra":{"severity":"normal","retries":[],"categories":[{"name":"Test defects","matchedStatuses":[],"flaky":false}],"history":{"statistic":{"failed":0,"broken":93,"skipped":0,"passed":0,"unknown":0,"total":93},"items":[{"uid":"345114ebc6c391f7","reportUrl":"https://zaelcovsky.github.io/StroyremAutomation/156//#testresult/345114ebc6c391f7","status":"broken","statusDetails":"selenium.common.exceptions.NoSuchElementException: Message: no such element: Unable to locate element: {\"method\":\"xpath\",\"selector\":\"//input[@class='amount']\"}\n  (Session info: headless chrome=119.0.6045.105); For documentation on this error, please visit: https://www.selenium.dev/documentation/webdriver/troubleshooting/errors#no-such-element-exception\nStacktrace:\n#0 0x555ecb86c5e3 <unknown>\n#1 0x555ecb52f0b7 <unknown>\n#2 0x555ecb57cf53 <unknown>\n#3 0x555ecb57d051 <unknown>\n#4 0x555ecb5c29c4 <unknown>\n#5 0x555ecb5a3f1d <unknown>\n#6 0x555ecb5bfb3d <unknown>\n#7 0x555ecb5a3cc3 <unknown>\n#8 0x555ecb56f0e4 <unknown>\n#9 0x555ecb5700ae <unknown>\n#10 0x555ecb832ce1 <unknown>\n#11 0x555ecb836b7e <unknown>\n#12 0x555ecb8204b5 <unknown>\n#13 0x555ecb8377d6 <unknown>\n#14 0x555ecb803dbf <unknown>\n#15 0x555ecb85a748 <unknown>\n#16 0x555ecb85a917 <unknown>\n#17 0x555ecb86b773 <unknown>\n#18 0x7f5baac93044 <unknown>","time":{"start":1701306688882,"stop":1701306697373,"duration":8491}},{"uid":"8187137571e9b024","reportUrl":"https://zaelcovsky.github.io/StroyremAutomation/155//#testresult/8187137571e9b024","status":"broken","statusDetails":"selenium.common.exceptions.NoSuchElementException: Message: no such element: Unable to locate element: {\"method\":\"xpath\",\"selector\":\"//input[@class='amount']\"}\n  (Session info: headless chrome=119.0.6045.105); For documentation on this error, please visit: https://www.selenium.dev/documentation/webdriver/troubleshooting/errors#no-such-element-exception\nStacktrace:\n#0 0x555896f555e3 <unknown>\n#1 0x555896c180b7 <unknown>\n#2 0x555896c65f53 <unknown>\n#3 0x555896c66051 <unknown>\n#4 0x555896cab9c4 <unknown>\n#5 0x555896c8cf1d <unknown>\n#6 0x555896ca8b3d <unknown>\n#7 0x555896c8ccc3 <unknown>\n#8 0x555896c580e4 <unknown>\n#9 0x555896c590ae <unknown>\n#10 0x555896f1bce1 <unknown>\n#11 0x555896f1fb7e <unknown>\n#12 0x555896f094b5 <unknown>\n#13 0x555896f207d6 <unknown>\n#14 0x555896eecdbf <unknown>\n#15 0x555896f43748 <unknown>\n#16 0x555896f43917 <unknown>\n#17 0x555896f54773 <unknown>\n#18 0x7fd1c51ec044 <unknown>","time":{"start":1701220311515,"stop":1701220315128,"duration":3613}},{"uid":"f3a51a0c9d14ca27","reportUrl":"https://zaelcovsky.github.io/StroyremAutomation/154//#testresult/f3a51a0c9d14ca27","status":"broken","statusDetails":"selenium.common.exceptions.NoSuchElementException: Message: no such element: Unable to locate element: {\"method\":\"xpath\",\"selector\":\"//input[@class='amount']\"}\n  (Session info: headless chrome=119.0.6045.105); For documentation on this error, please visit: https://www.selenium.dev/documentation/webdriver/troubleshooting/errors#no-such-element-exception\nStacktrace:\n#0 0x55cb3521f5e3 <unknown>\n#1 0x55cb34ee20b7 <unknown>\n#2 0x55cb34f2ff53 <unknown>\n#3 0x55cb34f30051 <unknown>\n#4 0x55cb34f759c4 <unknown>\n#5 0x55cb34f56f1d <unknown>\n#6 0x55cb34f72b3d <unknown>\n#7 0x55cb34f56cc3 <unknown>\n#8 0x55cb34f220e4 <unknown>\n#9 0x55cb34f230ae <unknown>\n#10 0x55cb351e5ce1 <unknown>\n#11 0x55cb351e9b7e <unknown>\n#12 0x55cb351d34b5 <unknown>\n#13 0x55cb351ea7d6 <unknown>\n#14 0x55cb351b6dbf <unknown>\n#15 0x55cb3520d748 <unknown>\n#16 0x55cb3520d917 <unknown>\n#17 0x55cb3521e773 <unknown>\n#18 0x7f5636959044 <unknown>","time":{"start":1701133922214,"stop":1701133925662,"duration":3448}},{"uid":"42a2742b6a6da1d0","reportUrl":"https://zaelcovsky.github.io/StroyremAutomation/153//#testresult/42a2742b6a6da1d0","status":"broken","statusDetails":"selenium.common.exceptions.NoSuchElementException: Message: no such element: Unable to locate element: {\"method\":\"xpath\",\"selector\":\"//input[@class='amount']\"}\n  (Session info: headless chrome=119.0.6045.105); For documentation on this error, please visit: https://www.selenium.dev/documentation/webdriver/troubleshooting/errors#no-such-element-exception\nStacktrace:\n#0 0x56213975d5e3 <unknown>\n#1 0x5621394200b7 <unknown>\n#2 0x56213946df53 <unknown>\n#3 0x56213946e051 <unknown>\n#4 0x5621394b39c4 <unknown>\n#5 0x562139494f1d <unknown>\n#6 0x5621394b0b3d <unknown>\n#7 0x562139494cc3 <unknown>\n#8 0x5621394600e4 <unknown>\n#9 0x5621394610ae <unknown>\n#10 0x562139723ce1 <unknown>\n#11 0x562139727b7e <unknown>\n#12 0x5621397114b5 <unknown>\n#13 0x5621397287d6 <unknown>\n#14 0x5621396f4dbf <unknown>\n#15 0x56213974b748 <unknown>\n#16 0x56213974b917 <unknown>\n#17 0x56213975c773 <unknown>\n#18 0x7f74e6328044 <unknown>","time":{"start":1701047530288,"stop":1701047534570,"duration":4282}},{"uid":"6e82c6fe5acfc20c","reportUrl":"https://zaelcovsky.github.io/StroyremAutomation/152//#testresult/6e82c6fe5acfc20c","status":"broken","statusDetails":"selenium.common.exceptions.NoSuchElementException: Message: no such element: Unable to locate element: {\"method\":\"xpath\",\"selector\":\"//input[@class='amount']\"}\n  (Session info: headless chrome=119.0.6045.105); For documentation on this error, please visit: https://www.selenium.dev/documentation/webdriver/troubleshooting/errors#no-such-element-exception\nStacktrace:\n#0 0x55e7c870b5e3 <unknown>\n#1 0x55e7c83ce0b7 <unknown>\n#2 0x55e7c841bf53 <unknown>\n#3 0x55e7c841c051 <unknown>\n#4 0x55e7c84619c4 <unknown>\n#5 0x55e7c8442f1d <unknown>\n#6 0x55e7c845eb3d <unknown>\n#7 0x55e7c8442cc3 <unknown>\n#8 0x55e7c840e0e4 <unknown>\n#9 0x55e7c840f0ae <unknown>\n#10 0x55e7c86d1ce1 <unknown>\n#11 0x55e7c86d5b7e <unknown>\n#12 0x55e7c86bf4b5 <unknown>\n#13 0x55e7c86d67d6 <unknown>\n#14 0x55e7c86a2dbf <unknown>\n#15 0x55e7c86f9748 <unknown>\n#16 0x55e7c86f9917 <unknown>\n#17 0x55e7c870a773 <unknown>\n#18 0x7fb39b1b8044 <unknown>","time":{"start":1700961425051,"stop":1700961429935,"duration":4884}},{"uid":"326e7812e03ec80f","reportUrl":"https://zaelcovsky.github.io/StroyremAutomation/151//#testresult/326e7812e03ec80f","status":"broken","statusDetails":"selenium.common.exceptions.NoSuchElementException: Message: no such element: Unable to locate element: {\"method\":\"xpath\",\"selector\":\"//input[@class='amount']\"}\n  (Session info: headless chrome=119.0.6045.105); For documentation on this error, please visit: https://www.selenium.dev/documentation/webdriver/troubleshooting/errors#no-such-element-exception\nStacktrace:\n#0 0x55e44288c5e3 <unknown>\n#1 0x55e44254f0b7 <unknown>\n#2 0x55e44259cf53 <unknown>\n#3 0x55e44259d051 <unknown>\n#4 0x55e4425e29c4 <unknown>\n#5 0x55e4425c3f1d <unknown>\n#6 0x55e4425dfb3d <unknown>\n#7 0x55e4425c3cc3 <unknown>\n#8 0x55e44258f0e4 <unknown>\n#9 0x55e4425900ae <unknown>\n#10 0x55e442852ce1 <unknown>\n#11 0x55e442856b7e <unknown>\n#12 0x55e4428404b5 <unknown>\n#13 0x55e4428577d6 <unknown>\n#14 0x55e442823dbf <unknown>\n#15 0x55e44287a748 <unknown>\n#16 0x55e44287a917 <unknown>\n#17 0x55e44288b773 <unknown>\n#18 0x7fcf34820044 <unknown>","time":{"start":1700874533530,"stop":1700874537369,"duration":3839}},{"uid":"98a7ffbdf6bd77bb","reportUrl":"https://zaelcovsky.github.io/StroyremAutomation/150//#testresult/98a7ffbdf6bd77bb","status":"broken","statusDetails":"selenium.common.exceptions.NoSuchElementException: Message: no such element: Unable to locate element: {\"method\":\"xpath\",\"selector\":\"//input[@class='amount']\"}\n  (Session info: headless chrome=119.0.6045.105); For documentation on this error, please visit: https://www.selenium.dev/documentation/webdriver/troubleshooting/errors#no-such-element-exception\nStacktrace:\n#0 0x5632e511f5e3 <unknown>\n#1 0x5632e4de20b7 <unknown>\n#2 0x5632e4e2ff53 <unknown>\n#3 0x5632e4e30051 <unknown>\n#4 0x5632e4e759c4 <unknown>\n#5 0x5632e4e56f1d <unknown>\n#6 0x5632e4e72b3d <unknown>\n#7 0x5632e4e56cc3 <unknown>\n#8 0x5632e4e220e4 <unknown>\n#9 0x5632e4e230ae <unknown>\n#10 0x5632e50e5ce1 <unknown>\n#11 0x5632e50e9b7e <unknown>\n#12 0x5632e50d34b5 <unknown>\n#13 0x5632e50ea7d6 <unknown>\n#14 0x5632e50b6dbf <unknown>\n#15 0x5632e510d748 <unknown>\n#16 0x5632e510d917 <unknown>\n#17 0x5632e511e773 <unknown>\n#18 0x7fddb0ad2044 <unknown>","time":{"start":1700788243285,"stop":1700788246880,"duration":3595}},{"uid":"bee5303c0a929a04","reportUrl":"https://zaelcovsky.github.io/StroyremAutomation/149//#testresult/bee5303c0a929a04","status":"broken","statusDetails":"selenium.common.exceptions.NoSuchElementException: Message: no such element: Unable to locate element: {\"method\":\"xpath\",\"selector\":\"//input[@class='amount']\"}\n  (Session info: headless chrome=119.0.6045.105); For documentation on this error, please visit: https://www.selenium.dev/documentation/webdriver/troubleshooting/errors#no-such-element-exception\nStacktrace:\n#0 0x5572ae0ca5e3 <unknown>\n#1 0x5572add8d0b7 <unknown>\n#2 0x5572adddaf53 <unknown>\n#3 0x5572adddb051 <unknown>\n#4 0x5572ade209c4 <unknown>\n#5 0x5572ade01f1d <unknown>\n#6 0x5572ade1db3d <unknown>\n#7 0x5572ade01cc3 <unknown>\n#8 0x5572addcd0e4 <unknown>\n#9 0x5572addce0ae <unknown>\n#10 0x5572ae090ce1 <unknown>\n#11 0x5572ae094b7e <unknown>\n#12 0x5572ae07e4b5 <unknown>\n#13 0x5572ae0957d6 <unknown>\n#14 0x5572ae061dbf <unknown>\n#15 0x5572ae0b8748 <unknown>\n#16 0x5572ae0b8917 <unknown>\n#17 0x5572ae0c9773 <unknown>\n#18 0x7fcb2bc79044 <unknown>","time":{"start":1700701841112,"stop":1700701844505,"duration":3393}},{"uid":"8df8607796d9a4ce","reportUrl":"https://zaelcovsky.github.io/StroyremAutomation/148//#testresult/8df8607796d9a4ce","status":"broken","statusDetails":"selenium.common.exceptions.NoSuchElementException: Message: no such element: Unable to locate element: {\"method\":\"xpath\",\"selector\":\"//input[@class='amount']\"}\n  (Session info: headless chrome=119.0.6045.105); For documentation on this error, please visit: https://www.selenium.dev/documentation/webdriver/troubleshooting/errors#no-such-element-exception\nStacktrace:\n#0 0x560cf89755e3 <unknown>\n#1 0x560cf86380b7 <unknown>\n#2 0x560cf8685f53 <unknown>\n#3 0x560cf8686051 <unknown>\n#4 0x560cf86cb9c4 <unknown>\n#5 0x560cf86acf1d <unknown>\n#6 0x560cf86c8b3d <unknown>\n#7 0x560cf86accc3 <unknown>\n#8 0x560cf86780e4 <unknown>\n#9 0x560cf86790ae <unknown>\n#10 0x560cf893bce1 <unknown>\n#11 0x560cf893fb7e <unknown>\n#12 0x560cf89294b5 <unknown>\n#13 0x560cf89407d6 <unknown>\n#14 0x560cf890cdbf <unknown>\n#15 0x560cf8963748 <unknown>\n#16 0x560cf8963917 <unknown>\n#17 0x560cf8974773 <unknown>\n#18 0x7f7c0e061044 <unknown>","time":{"start":1700615585051,"stop":1700615588471,"duration":3420}},{"uid":"804f1154f4602e1","reportUrl":"https://zaelcovsky.github.io/StroyremAutomation/147//#testresult/804f1154f4602e1","status":"broken","statusDetails":"selenium.common.exceptions.NoSuchElementException: Message: no such element: Unable to locate element: {\"method\":\"xpath\",\"selector\":\"//input[@class='amount']\"}\n  (Session info: headless chrome=119.0.6045.105); For documentation on this error, please visit: https://www.selenium.dev/documentation/webdriver/troubleshooting/errors#no-such-element-exception\nStacktrace:\n#0 0x562c2b0f75e3 <unknown>\n#1 0x562c2adba0b7 <unknown>\n#2 0x562c2ae07f53 <unknown>\n#3 0x562c2ae08051 <unknown>\n#4 0x562c2ae4d9c4 <unknown>\n#5 0x562c2ae2ef1d <unknown>\n#6 0x562c2ae4ab3d <unknown>\n#7 0x562c2ae2ecc3 <unknown>\n#8 0x562c2adfa0e4 <unknown>\n#9 0x562c2adfb0ae <unknown>\n#10 0x562c2b0bdce1 <unknown>\n#11 0x562c2b0c1b7e <unknown>\n#12 0x562c2b0ab4b5 <unknown>\n#13 0x562c2b0c27d6 <unknown>\n#14 0x562c2b08edbf <unknown>\n#15 0x562c2b0e5748 <unknown>\n#16 0x562c2b0e5917 <unknown>\n#17 0x562c2b0f6773 <unknown>\n#18 0x7fe492450044 <unknown>","time":{"start":1700529205704,"stop":1700529210068,"duration":4364}},{"uid":"1b70b839dec85f06","reportUrl":"https://zaelcovsky.github.io/StroyremAutomation/146//#testresult/1b70b839dec85f06","status":"broken","statusDetails":"selenium.common.exceptions.NoSuchElementException: Message: no such element: Unable to locate element: {\"method\":\"xpath\",\"selector\":\"//input[@class='amount']\"}\n  (Session info: headless chrome=119.0.6045.105); For documentation on this error, please visit: https://www.selenium.dev/documentation/webdriver/troubleshooting/errors#no-such-element-exception\nStacktrace:\n#0 0x55f3724805e3 <unknown>\n#1 0x55f3721430b7 <unknown>\n#2 0x55f372190f53 <unknown>\n#3 0x55f372191051 <unknown>\n#4 0x55f3721d69c4 <unknown>\n#5 0x55f3721b7f1d <unknown>\n#6 0x55f3721d3b3d <unknown>\n#7 0x55f3721b7cc3 <unknown>\n#8 0x55f3721830e4 <unknown>\n#9 0x55f3721840ae <unknown>\n#10 0x55f372446ce1 <unknown>\n#11 0x55f37244ab7e <unknown>\n#12 0x55f3724344b5 <unknown>\n#13 0x55f37244b7d6 <unknown>\n#14 0x55f372417dbf <unknown>\n#15 0x55f37246e748 <unknown>\n#16 0x55f37246e917 <unknown>\n#17 0x55f37247f773 <unknown>\n#18 0x7ff7de9ec044 <unknown>","time":{"start":1700442731830,"stop":1700442735775,"duration":3945}},{"uid":"ce17d41c92c86a22","reportUrl":"https://zaelcovsky.github.io/StroyremAutomation/145//#testresult/ce17d41c92c86a22","status":"broken","statusDetails":"selenium.common.exceptions.NoSuchElementException: Message: no such element: Unable to locate element: {\"method\":\"xpath\",\"selector\":\"//input[@class='amount']\"}\n  (Session info: headless chrome=119.0.6045.105); For documentation on this error, please visit: https://www.selenium.dev/documentation/webdriver/troubleshooting/errors#no-such-element-exception\nStacktrace:\n#0 0x56553b0125e3 <unknown>\n#1 0x56553acd50b7 <unknown>\n#2 0x56553ad22f53 <unknown>\n#3 0x56553ad23051 <unknown>\n#4 0x56553ad689c4 <unknown>\n#5 0x56553ad49f1d <unknown>\n#6 0x56553ad65b3d <unknown>\n#7 0x56553ad49cc3 <unknown>\n#8 0x56553ad150e4 <unknown>\n#9 0x56553ad160ae <unknown>\n#10 0x56553afd8ce1 <unknown>\n#11 0x56553afdcb7e <unknown>\n#12 0x56553afc64b5 <unknown>\n#13 0x56553afdd7d6 <unknown>\n#14 0x56553afa9dbf <unknown>\n#15 0x56553b000748 <unknown>\n#16 0x56553b000917 <unknown>\n#17 0x56553b011773 <unknown>\n#18 0x7fb6d9757044 <unknown>","time":{"start":1700356522409,"stop":1700356525955,"duration":3546}},{"uid":"d334fde11b0e3bd9","reportUrl":"https://zaelcovsky.github.io/StroyremAutomation/144//#testresult/d334fde11b0e3bd9","status":"broken","statusDetails":"selenium.common.exceptions.NoSuchElementException: Message: no such element: Unable to locate element: {\"method\":\"xpath\",\"selector\":\"//input[@class='amount']\"}\n  (Session info: headless chrome=119.0.6045.105); For documentation on this error, please visit: https://www.selenium.dev/documentation/webdriver/troubleshooting/errors#no-such-element-exception\nStacktrace:\n#0 0x563a67a8f5e3 <unknown>\n#1 0x563a677520b7 <unknown>\n#2 0x563a6779ff53 <unknown>\n#3 0x563a677a0051 <unknown>\n#4 0x563a677e59c4 <unknown>\n#5 0x563a677c6f1d <unknown>\n#6 0x563a677e2b3d <unknown>\n#7 0x563a677c6cc3 <unknown>\n#8 0x563a677920e4 <unknown>\n#9 0x563a677930ae <unknown>\n#10 0x563a67a55ce1 <unknown>\n#11 0x563a67a59b7e <unknown>\n#12 0x563a67a434b5 <unknown>\n#13 0x563a67a5a7d6 <unknown>\n#14 0x563a67a26dbf <unknown>\n#15 0x563a67a7d748 <unknown>\n#16 0x563a67a7d917 <unknown>\n#17 0x563a67a8e773 <unknown>\n#18 0x7fe1eb0b0044 <unknown>","time":{"start":1700269920722,"stop":1700269925665,"duration":4943}},{"uid":"76fa2266c598f2e5","reportUrl":"https://zaelcovsky.github.io/StroyremAutomation/143//#testresult/76fa2266c598f2e5","status":"broken","statusDetails":"selenium.common.exceptions.NoSuchElementException: Message: no such element: Unable to locate element: {\"method\":\"xpath\",\"selector\":\"//input[@class='amount']\"}\n  (Session info: headless chrome=119.0.6045.105); For documentation on this error, please visit: https://www.selenium.dev/documentation/webdriver/troubleshooting/errors#no-such-element-exception\nStacktrace:\n#0 0x55e7c70375e3 <unknown>\n#1 0x55e7c6cfa0b7 <unknown>\n#2 0x55e7c6d47f53 <unknown>\n#3 0x55e7c6d48051 <unknown>\n#4 0x55e7c6d8d9c4 <unknown>\n#5 0x55e7c6d6ef1d <unknown>\n#6 0x55e7c6d8ab3d <unknown>\n#7 0x55e7c6d6ecc3 <unknown>\n#8 0x55e7c6d3a0e4 <unknown>\n#9 0x55e7c6d3b0ae <unknown>\n#10 0x55e7c6ffdce1 <unknown>\n#11 0x55e7c7001b7e <unknown>\n#12 0x55e7c6feb4b5 <unknown>\n#13 0x55e7c70027d6 <unknown>\n#14 0x55e7c6fcedbf <unknown>\n#15 0x55e7c7025748 <unknown>\n#16 0x55e7c7025917 <unknown>\n#17 0x55e7c7036773 <unknown>\n#18 0x7fa6e99b8044 <unknown>","time":{"start":1700183540708,"stop":1700183545046,"duration":4338}},{"uid":"50efac007ac4b019","reportUrl":"https://zaelcovsky.github.io/StroyremAutomation/142//#testresult/50efac007ac4b019","status":"broken","statusDetails":"selenium.common.exceptions.NoSuchElementException: Message: no such element: Unable to locate element: {\"method\":\"xpath\",\"selector\":\"//input[@class='amount']\"}\n  (Session info: headless chrome=119.0.6045.105); For documentation on this error, please visit: https://www.selenium.dev/documentation/webdriver/troubleshooting/errors#no-such-element-exception\nStacktrace:\n#0 0x55c7a00cf5e3 <unknown>\n#1 0x55c79fd920b7 <unknown>\n#2 0x55c79fddff53 <unknown>\n#3 0x55c79fde0051 <unknown>\n#4 0x55c79fe259c4 <unknown>\n#5 0x55c79fe06f1d <unknown>\n#6 0x55c79fe22b3d <unknown>\n#7 0x55c79fe06cc3 <unknown>\n#8 0x55c79fdd20e4 <unknown>\n#9 0x55c79fdd30ae <unknown>\n#10 0x55c7a0095ce1 <unknown>\n#11 0x55c7a0099b7e <unknown>\n#12 0x55c7a00834b5 <unknown>\n#13 0x55c7a009a7d6 <unknown>\n#14 0x55c7a0066dbf <unknown>\n#15 0x55c7a00bd748 <unknown>\n#16 0x55c7a00bd917 <unknown>\n#17 0x55c7a00ce773 <unknown>\n#18 0x7f3a9410c044 <unknown>","time":{"start":1700097099255,"stop":1700097103383,"duration":4128}},{"uid":"ef38b7deef0eaa4e","reportUrl":"https://zaelcovsky.github.io/StroyremAutomation/141//#testresult/ef38b7deef0eaa4e","status":"broken","statusDetails":"selenium.common.exceptions.NoSuchElementException: Message: no such element: Unable to locate element: {\"method\":\"xpath\",\"selector\":\"//input[@class='amount']\"}\n  (Session info: headless chrome=119.0.6045.105); For documentation on this error, please visit: https://www.selenium.dev/documentation/webdriver/troubleshooting/errors#no-such-element-exception\nStacktrace:\n#0 0x555b71b7e5e3 <unknown>\n#1 0x555b718410b7 <unknown>\n#2 0x555b7188ef53 <unknown>\n#3 0x555b7188f051 <unknown>\n#4 0x555b718d49c4 <unknown>\n#5 0x555b718b5f1d <unknown>\n#6 0x555b718d1b3d <unknown>\n#7 0x555b718b5cc3 <unknown>\n#8 0x555b718810e4 <unknown>\n#9 0x555b718820ae <unknown>\n#10 0x555b71b44ce1 <unknown>\n#11 0x555b71b48b7e <unknown>\n#12 0x555b71b324b5 <unknown>\n#13 0x555b71b497d6 <unknown>\n#14 0x555b71b15dbf <unknown>\n#15 0x555b71b6c748 <unknown>\n#16 0x555b71b6c917 <unknown>\n#17 0x555b71b7d773 <unknown>\n#18 0x7f3f0b2b7044 <unknown>","time":{"start":1700010629458,"stop":1700010632877,"duration":3419}},{"uid":"ca04a2bded7f859","reportUrl":"https://zaelcovsky.github.io/StroyremAutomation/140//#testresult/ca04a2bded7f859","status":"broken","statusDetails":"selenium.common.exceptions.NoSuchElementException: Message: no such element: Unable to locate element: {\"method\":\"xpath\",\"selector\":\"//input[@class='amount']\"}\n  (Session info: headless chrome=119.0.6045.105); For documentation on this error, please visit: https://www.selenium.dev/documentation/webdriver/troubleshooting/errors#no-such-element-exception\nStacktrace:\n#0 0x558689f415e3 <unknown>\n#1 0x558689c040b7 <unknown>\n#2 0x558689c51f53 <unknown>\n#3 0x558689c52051 <unknown>\n#4 0x558689c979c4 <unknown>\n#5 0x558689c78f1d <unknown>\n#6 0x558689c94b3d <unknown>\n#7 0x558689c78cc3 <unknown>\n#8 0x558689c440e4 <unknown>\n#9 0x558689c450ae <unknown>\n#10 0x558689f07ce1 <unknown>\n#11 0x558689f0bb7e <unknown>\n#12 0x558689ef54b5 <unknown>\n#13 0x558689f0c7d6 <unknown>\n#14 0x558689ed8dbf <unknown>\n#15 0x558689f2f748 <unknown>\n#16 0x558689f2f917 <unknown>\n#17 0x558689f40773 <unknown>\n#18 0x7f1eb7c64044 <unknown>","time":{"start":1699924245538,"stop":1699924249722,"duration":4184}},{"uid":"7d8e38bbe4a71e51","reportUrl":"https://zaelcovsky.github.io/StroyremAutomation/139//#testresult/7d8e38bbe4a71e51","status":"broken","statusDetails":"selenium.common.exceptions.NoSuchElementException: Message: no such element: Unable to locate element: {\"method\":\"xpath\",\"selector\":\"//input[@class='amount']\"}\n  (Session info: headless chrome=119.0.6045.105); For documentation on this error, please visit: https://www.selenium.dev/documentation/webdriver/troubleshooting/errors#no-such-element-exception\nStacktrace:\n#0 0x5595044b45e3 <unknown>\n#1 0x5595041770b7 <unknown>\n#2 0x5595041c4f53 <unknown>\n#3 0x5595041c5051 <unknown>\n#4 0x55950420a9c4 <unknown>\n#5 0x5595041ebf1d <unknown>\n#6 0x559504207b3d <unknown>\n#7 0x5595041ebcc3 <unknown>\n#8 0x5595041b70e4 <unknown>\n#9 0x5595041b80ae <unknown>\n#10 0x55950447ace1 <unknown>\n#11 0x55950447eb7e <unknown>\n#12 0x5595044684b5 <unknown>\n#13 0x55950447f7d6 <unknown>\n#14 0x55950444bdbf <unknown>\n#15 0x5595044a2748 <unknown>\n#16 0x5595044a2917 <unknown>\n#17 0x5595044b3773 <unknown>\n#18 0x7f25e6b2e044 <unknown>","time":{"start":1699837911639,"stop":1699837920158,"duration":8519}},{"uid":"c6e99314dd6333d9","reportUrl":"https://zaelcovsky.github.io/StroyremAutomation/138//#testresult/c6e99314dd6333d9","status":"broken","statusDetails":"selenium.common.exceptions.NoSuchElementException: Message: no such element: Unable to locate element: {\"method\":\"xpath\",\"selector\":\"//input[@class='amount']\"}\n  (Session info: headless chrome=119.0.6045.105); For documentation on this error, please visit: https://www.selenium.dev/documentation/webdriver/troubleshooting/errors#no-such-element-exception\nStacktrace:\n#0 0x5602042b95e3 <unknown>\n#1 0x560203f7c0b7 <unknown>\n#2 0x560203fc9f53 <unknown>\n#3 0x560203fca051 <unknown>\n#4 0x56020400f9c4 <unknown>\n#5 0x560203ff0f1d <unknown>\n#6 0x56020400cb3d <unknown>\n#7 0x560203ff0cc3 <unknown>\n#8 0x560203fbc0e4 <unknown>\n#9 0x560203fbd0ae <unknown>\n#10 0x56020427fce1 <unknown>\n#11 0x560204283b7e <unknown>\n#12 0x56020426d4b5 <unknown>\n#13 0x5602042847d6 <unknown>\n#14 0x560204250dbf <unknown>\n#15 0x5602042a7748 <unknown>\n#16 0x5602042a7917 <unknown>\n#17 0x5602042b8773 <unknown>\n#18 0x7f81f5329044 <unknown>","time":{"start":1699751717994,"stop":1699751721979,"duration":3985}},{"uid":"166baa26edcfc45d","reportUrl":"https://zaelcovsky.github.io/StroyremAutomation/137//#testresult/166baa26edcfc45d","status":"broken","statusDetails":"selenium.common.exceptions.NoSuchElementException: Message: no such element: Unable to locate element: {\"method\":\"xpath\",\"selector\":\"//input[@class='amount']\"}\n  (Session info: headless chrome=119.0.6045.105); For documentation on this error, please visit: https://www.selenium.dev/documentation/webdriver/troubleshooting/errors#no-such-element-exception\nStacktrace:\n#0 0x55dfadae75e3 <unknown>\n#1 0x55dfad7aa0b7 <unknown>\n#2 0x55dfad7f7f53 <unknown>\n#3 0x55dfad7f8051 <unknown>\n#4 0x55dfad83d9c4 <unknown>\n#5 0x55dfad81ef1d <unknown>\n#6 0x55dfad83ab3d <unknown>\n#7 0x55dfad81ecc3 <unknown>\n#8 0x55dfad7ea0e4 <unknown>\n#9 0x55dfad7eb0ae <unknown>\n#10 0x55dfadaadce1 <unknown>\n#11 0x55dfadab1b7e <unknown>\n#12 0x55dfada9b4b5 <unknown>\n#13 0x55dfadab27d6 <unknown>\n#14 0x55dfada7edbf <unknown>\n#15 0x55dfadad5748 <unknown>\n#16 0x55dfadad5917 <unknown>\n#17 0x55dfadae6773 <unknown>\n#18 0x7f87d06ba044 <unknown>","time":{"start":1699664895356,"stop":1699664899252,"duration":3896}}]},"tags":["smoke"]},"source":"c83ed63835a0953f.json","parameterValues":["5480","166","'TD 009'","4990","'products/shtukaturka-gipsovaya-aksolit-m50-30-kg-mashinnogo-naneseniya'","2500","'https://sandboxtest.stroyrem-nn.ru/'","5000"]}