{"uid":"1c81f7825a4083a3","name":"test_positive_delivery_green_zone_smoke[TD 009-products/shtukaturka-gipsovaya-aksolit-m50-30-kg-mashinnogo-naneseniya-166-5000-2500-4990-5480-https://sandboxtest.stroyrem-nn.ru/]","fullName":"tests.delivery.test_delivery_calculation.TestDeliveryPageCalculation#test_positive_delivery_green_zone_smoke","historyId":"8179091af2334708b6b6862d13d35737","time":{"start":1699233101826,"stop":1699233106684,"duration":4858},"status":"broken","statusMessage":"selenium.common.exceptions.NoSuchElementException: Message: no such element: Unable to locate element: {\"method\":\"xpath\",\"selector\":\"//input[@class='amount']\"}\n  (Session info: headless chrome=119.0.6045.105); For documentation on this error, please visit: https://www.selenium.dev/documentation/webdriver/troubleshooting/errors#no-such-element-exception\nStacktrace:\n#0 0x555e832815e3 <unknown>\n#1 0x555e82f440b7 <unknown>\n#2 0x555e82f91f53 <unknown>\n#3 0x555e82f92051 <unknown>\n#4 0x555e82fd79c4 <unknown>\n#5 0x555e82fb8f1d <unknown>\n#6 0x555e82fd4b3d <unknown>\n#7 0x555e82fb8cc3 <unknown>\n#8 0x555e82f840e4 <unknown>\n#9 0x555e82f850ae <unknown>\n#10 0x555e83247ce1 <unknown>\n#11 0x555e8324bb7e <unknown>\n#12 0x555e832354b5 <unknown>\n#13 0x555e8324c7d6 <unknown>\n#14 0x555e83218dbf <unknown>\n#15 0x555e8326f748 <unknown>\n#16 0x555e8326f917 <unknown>\n#17 0x555e83280773 <unknown>\n#18 0x7ff38694c044 <unknown>","statusTrace":"self = <tests.delivery.test_delivery_calculation.TestDeliveryPageCalculation object at 0x7f8c03f1a650>\ndriver = <selenium.webdriver.chrome.webdriver.WebDriver (session=\"9e88e77d2df61cd7a5a82683dff15fb8\")>\nurl = 'https://sandboxtest.stroyrem-nn.ru/', case_id = 'TD 009'\nlink_item = 'products/shtukaturka-gipsovaya-aksolit-m50-30-kg-mashinnogo-naneseniya'\namount = 166, weight = 5000, standard = 2500, in_time = 4990, all_time = 5480\n\n    @pytest.mark.parametrize('case_id, link_item, amount, weight, standard, in_time, all_time', [\n        (\"TD 001\", uroven_3000, 1, 30, 0, 1590, 2190),\n        (\"TD 002\", bundeks_25, 1, 30, 400, 1590, 2190),\n        (\"TD 003\", aksolit_30, 8, 300, 400, 1590, 2190),\n        (\"TD 004\", aksolit_30, 13, 400, 450, 1590, 2190),\n        (\"TD 005\", aksolit_30, 16, 500, 600, 1590, 2190),\n        (\"TD 006\", aksolit_30, 25, 1700, 990, 1990, 2480),\n        (\"TD 007\", aksolit_30, 66, 2000, 1300, 2490, 2980),\n        (\"TD 008\", aksolit_30, 149, 4500, 2300, 3980, 4490),\n        (\"TD 009\", aksolit_30, 166, 5000, 2500, 4990, 5480),\n        pytest.param(\n            \"TD 010\", aksolit_30, 206, 6200, 2900, 5570, 6120,\n            marks=pytest.mark.xfail(reson=\"Цена доставки 3600 7960 8980\")\n        ),\n        (\"TD 011\", aksolit_30, 299, 9000, 3600, 7960, 8980),\n        (\"TD 012\", aksolit_30, 333, 10000, 4450, 11990, 12500),\n        pytest.param(\n            \"TD 013\", aksolit_30, 366, 11000, 4800, 12450, 13480,\n            marks=pytest.mark.xfail(reason=\"Цена стандартной доставки 4450\")\n        ),\n        pytest.param(\n            \"TD 014\", aksolit_30, 666, 20000, 5400, 15600, 17490,\n            marks=pytest.mark.xfail(reason=\"Цена стандартной доставки 4450\")\n        )\n    ])\n    @pytest.mark.smoke\n    def test_positive_delivery_green_zone_smoke(\n            self, driver, url, case_id, link_item, amount, weight, standard, in_time, all_time\n    ):\n    \n        driver.get(f'{url}{link_item}')\n        item_page = ItemPage(driver)\n>       item_page.add_item_to_cart(amount).click_on_cart()\n\ntests/delivery/test_delivery_calculation.py:49: \n_ _ _ _ _ _ _ _ _ _ _ _ _ _ _ _ _ _ _ _ _ _ _ _ _ _ _ _ _ _ _ _ _ _ _ _ _ _ _ _ \npages/item_page.py:41: in add_item_to_cart\n    amount_field = self.find_element(self._item_amount)\nbase/seleniumbase.py:17: in find_element\n    return self.driver.find_element(*locator)\n/usr/local/lib/python3.11/site-packages/selenium/webdriver/remote/webdriver.py:740: in find_element\n    return self.execute(Command.FIND_ELEMENT, {\"using\": by, \"value\": value})[\"value\"]\n/usr/local/lib/python3.11/site-packages/selenium/webdriver/remote/webdriver.py:346: in execute\n    self.error_handler.check_response(response)\n_ _ _ _ _ _ _ _ _ _ _ _ _ _ _ _ _ _ _ _ _ _ _ _ _ _ _ _ _ _ _ _ _ _ _ _ _ _ _ _ \n\nself = <selenium.webdriver.remote.errorhandler.ErrorHandler object at 0x7f8c02d90150>\nresponse = {'status': 404, 'value': '{\"value\":{\"error\":\"no such element\",\"message\":\"no such element: Unable to locate element: {\\...\\\\n#16 0x555e8326f917 \\\\u003Cunknown>\\\\n#17 0x555e83280773 \\\\u003Cunknown>\\\\n#18 0x7ff38694c044 \\\\u003Cunknown>\\\\n\"}}'}\n\n    def check_response(self, response: Dict[str, Any]) -> None:\n        \"\"\"Checks that a JSON response from the WebDriver does not have an\n        error.\n    \n        :Args:\n         - response - The JSON response from the WebDriver server as a dictionary\n           object.\n    \n        :Raises: If the response contains an error message.\n        \"\"\"\n        status = response.get(\"status\", None)\n        if not status or status == ErrorCode.SUCCESS:\n            return\n        value = None\n        message = response.get(\"message\", \"\")\n        screen: str = response.get(\"screen\", \"\")\n        stacktrace = None\n        if isinstance(status, int):\n            value_json = response.get(\"value\", None)\n            if value_json and isinstance(value_json, str):\n                import json\n    \n                try:\n                    value = json.loads(value_json)\n                    if len(value) == 1:\n                        value = value[\"value\"]\n                    status = value.get(\"error\", None)\n                    if not status:\n                        status = value.get(\"status\", ErrorCode.UNKNOWN_ERROR)\n                        message = value.get(\"value\") or value.get(\"message\")\n                        if not isinstance(message, str):\n                            value = message\n                            message = message.get(\"message\")\n                    else:\n                        message = value.get(\"message\", None)\n                except ValueError:\n                    pass\n    \n        exception_class: Type[WebDriverException]\n        if status in ErrorCode.NO_SUCH_ELEMENT:\n            exception_class = NoSuchElementException\n        elif status in ErrorCode.NO_SUCH_FRAME:\n            exception_class = NoSuchFrameException\n        elif status in ErrorCode.NO_SUCH_SHADOW_ROOT:\n            exception_class = NoSuchShadowRootException\n        elif status in ErrorCode.NO_SUCH_WINDOW:\n            exception_class = NoSuchWindowException\n        elif status in ErrorCode.STALE_ELEMENT_REFERENCE:\n            exception_class = StaleElementReferenceException\n        elif status in ErrorCode.ELEMENT_NOT_VISIBLE:\n            exception_class = ElementNotVisibleException\n        elif status in ErrorCode.INVALID_ELEMENT_STATE:\n            exception_class = InvalidElementStateException\n        elif (\n            status in ErrorCode.INVALID_SELECTOR\n            or status in ErrorCode.INVALID_XPATH_SELECTOR\n            or status in ErrorCode.INVALID_XPATH_SELECTOR_RETURN_TYPER\n        ):\n            exception_class = InvalidSelectorException\n        elif status in ErrorCode.ELEMENT_IS_NOT_SELECTABLE:\n            exception_class = ElementNotSelectableException\n        elif status in ErrorCode.ELEMENT_NOT_INTERACTABLE:\n            exception_class = ElementNotInteractableException\n        elif status in ErrorCode.INVALID_COOKIE_DOMAIN:\n            exception_class = InvalidCookieDomainException\n        elif status in ErrorCode.UNABLE_TO_SET_COOKIE:\n            exception_class = UnableToSetCookieException\n        elif status in ErrorCode.TIMEOUT:\n            exception_class = TimeoutException\n        elif status in ErrorCode.SCRIPT_TIMEOUT:\n            exception_class = TimeoutException\n        elif status in ErrorCode.UNKNOWN_ERROR:\n            exception_class = WebDriverException\n        elif status in ErrorCode.UNEXPECTED_ALERT_OPEN:\n            exception_class = UnexpectedAlertPresentException\n        elif status in ErrorCode.NO_ALERT_OPEN:\n            exception_class = NoAlertPresentException\n        elif status in ErrorCode.IME_NOT_AVAILABLE:\n            exception_class = ImeNotAvailableException\n        elif status in ErrorCode.IME_ENGINE_ACTIVATION_FAILED:\n            exception_class = ImeActivationFailedException\n        elif status in ErrorCode.MOVE_TARGET_OUT_OF_BOUNDS:\n            exception_class = MoveTargetOutOfBoundsException\n        elif status in ErrorCode.JAVASCRIPT_ERROR:\n            exception_class = JavascriptException\n        elif status in ErrorCode.SESSION_NOT_CREATED:\n            exception_class = SessionNotCreatedException\n        elif status in ErrorCode.INVALID_ARGUMENT:\n            exception_class = InvalidArgumentException\n        elif status in ErrorCode.NO_SUCH_COOKIE:\n            exception_class = NoSuchCookieException\n        elif status in ErrorCode.UNABLE_TO_CAPTURE_SCREEN:\n            exception_class = ScreenshotException\n        elif status in ErrorCode.ELEMENT_CLICK_INTERCEPTED:\n            exception_class = ElementClickInterceptedException\n        elif status in ErrorCode.INSECURE_CERTIFICATE:\n            exception_class = InsecureCertificateException\n        elif status in ErrorCode.INVALID_COORDINATES:\n            exception_class = InvalidCoordinatesException\n        elif status in ErrorCode.INVALID_SESSION_ID:\n            exception_class = InvalidSessionIdException\n        elif status in ErrorCode.UNKNOWN_METHOD:\n            exception_class = UnknownMethodException\n        else:\n            exception_class = WebDriverException\n        if not value:\n            value = response[\"value\"]\n        if isinstance(value, str):\n            raise exception_class(value)\n        if message == \"\" and \"message\" in value:\n            message = value[\"message\"]\n    \n        screen = None  # type: ignore[assignment]\n        if \"screen\" in value:\n            screen = value[\"screen\"]\n    \n        stacktrace = None\n        st_value = value.get(\"stackTrace\") or value.get(\"stacktrace\")\n        if st_value:\n            if isinstance(st_value, str):\n                stacktrace = st_value.split(\"\\n\")\n            else:\n                stacktrace = []\n                try:\n                    for frame in st_value:\n                        line = frame.get(\"lineNumber\", \"\")\n                        file = frame.get(\"fileName\", \"<anonymous>\")\n                        if line:\n                            file = f\"{file}:{line}\"\n                        meth = frame.get(\"methodName\", \"<anonymous>\")\n                        if \"className\" in frame:\n                            meth = f\"{frame['className']}.{meth}\"\n                        msg = \"    at %s (%s)\"\n                        msg = msg % (meth, file)\n                        stacktrace.append(msg)\n                except TypeError:\n                    pass\n        if exception_class == UnexpectedAlertPresentException:\n            alert_text = None\n            if \"data\" in value:\n                alert_text = value[\"data\"].get(\"text\")\n            elif \"alert\" in value:\n                alert_text = value[\"alert\"].get(\"text\")\n            raise exception_class(message, screen, stacktrace, alert_text)  # type: ignore[call-arg]  # mypy is not smart enough here\n>       raise exception_class(message, screen, stacktrace)\nE       selenium.common.exceptions.NoSuchElementException: Message: no such element: Unable to locate element: {\"method\":\"xpath\",\"selector\":\"//input[@class='amount']\"}\nE         (Session info: headless chrome=119.0.6045.105); For documentation on this error, please visit: https://www.selenium.dev/documentation/webdriver/troubleshooting/errors#no-such-element-exception\nE       Stacktrace:\nE       #0 0x555e832815e3 <unknown>\nE       #1 0x555e82f440b7 <unknown>\nE       #2 0x555e82f91f53 <unknown>\nE       #3 0x555e82f92051 <unknown>\nE       #4 0x555e82fd79c4 <unknown>\nE       #5 0x555e82fb8f1d <unknown>\nE       #6 0x555e82fd4b3d <unknown>\nE       #7 0x555e82fb8cc3 <unknown>\nE       #8 0x555e82f840e4 <unknown>\nE       #9 0x555e82f850ae <unknown>\nE       #10 0x555e83247ce1 <unknown>\nE       #11 0x555e8324bb7e <unknown>\nE       #12 0x555e832354b5 <unknown>\nE       #13 0x555e8324c7d6 <unknown>\nE       #14 0x555e83218dbf <unknown>\nE       #15 0x555e8326f748 <unknown>\nE       #16 0x555e8326f917 <unknown>\nE       #17 0x555e83280773 <unknown>\nE       #18 0x7ff38694c044 <unknown>\n\n/usr/local/lib/python3.11/site-packages/selenium/webdriver/remote/errorhandler.py:245: NoSuchElementException","flaky":false,"newFailed":false,"newBroken":false,"newPassed":false,"retriesCount":0,"retriesStatusChange":false,"beforeStages":[{"name":"_session_faker","time":{"start":1699232671937,"stop":1699232672036,"duration":99},"status":"passed","steps":[],"attachments":[],"parameters":[],"shouldDisplayMessage":false,"stepsCount":0,"attachmentsCount":0,"hasContent":false},{"name":"clear_allure_results_folder","time":{"start":1699232672037,"stop":1699232672037,"duration":0},"status":"passed","steps":[],"attachments":[],"parameters":[],"shouldDisplayMessage":false,"stepsCount":0,"attachmentsCount":0,"hasContent":false},{"name":"driver","time":{"start":1699233101001,"stop":1699233101823,"duration":822},"status":"passed","steps":[],"attachments":[],"parameters":[],"shouldDisplayMessage":false,"stepsCount":0,"attachmentsCount":0,"hasContent":false},{"name":"setup","time":{"start":1699233101823,"stop":1699233101824,"duration":1},"status":"passed","steps":[],"attachments":[],"parameters":[],"shouldDisplayMessage":false,"stepsCount":0,"attachmentsCount":0,"hasContent":false}],"testStage":{"status":"broken","statusMessage":"selenium.common.exceptions.NoSuchElementException: Message: no such element: Unable to locate element: {\"method\":\"xpath\",\"selector\":\"//input[@class='amount']\"}\n  (Session info: headless chrome=119.0.6045.105); For documentation on this error, please visit: https://www.selenium.dev/documentation/webdriver/troubleshooting/errors#no-such-element-exception\nStacktrace:\n#0 0x555e832815e3 <unknown>\n#1 0x555e82f440b7 <unknown>\n#2 0x555e82f91f53 <unknown>\n#3 0x555e82f92051 <unknown>\n#4 0x555e82fd79c4 <unknown>\n#5 0x555e82fb8f1d <unknown>\n#6 0x555e82fd4b3d <unknown>\n#7 0x555e82fb8cc3 <unknown>\n#8 0x555e82f840e4 <unknown>\n#9 0x555e82f850ae <unknown>\n#10 0x555e83247ce1 <unknown>\n#11 0x555e8324bb7e <unknown>\n#12 0x555e832354b5 <unknown>\n#13 0x555e8324c7d6 <unknown>\n#14 0x555e83218dbf <unknown>\n#15 0x555e8326f748 <unknown>\n#16 0x555e8326f917 <unknown>\n#17 0x555e83280773 <unknown>\n#18 0x7ff38694c044 <unknown>","statusTrace":"self = <tests.delivery.test_delivery_calculation.TestDeliveryPageCalculation object at 0x7f8c03f1a650>\ndriver = <selenium.webdriver.chrome.webdriver.WebDriver (session=\"9e88e77d2df61cd7a5a82683dff15fb8\")>\nurl = 'https://sandboxtest.stroyrem-nn.ru/', case_id = 'TD 009'\nlink_item = 'products/shtukaturka-gipsovaya-aksolit-m50-30-kg-mashinnogo-naneseniya'\namount = 166, weight = 5000, standard = 2500, in_time = 4990, all_time = 5480\n\n    @pytest.mark.parametrize('case_id, link_item, amount, weight, standard, in_time, all_time', [\n        (\"TD 001\", uroven_3000, 1, 30, 0, 1590, 2190),\n        (\"TD 002\", bundeks_25, 1, 30, 400, 1590, 2190),\n        (\"TD 003\", aksolit_30, 8, 300, 400, 1590, 2190),\n        (\"TD 004\", aksolit_30, 13, 400, 450, 1590, 2190),\n        (\"TD 005\", aksolit_30, 16, 500, 600, 1590, 2190),\n        (\"TD 006\", aksolit_30, 25, 1700, 990, 1990, 2480),\n        (\"TD 007\", aksolit_30, 66, 2000, 1300, 2490, 2980),\n        (\"TD 008\", aksolit_30, 149, 4500, 2300, 3980, 4490),\n        (\"TD 009\", aksolit_30, 166, 5000, 2500, 4990, 5480),\n        pytest.param(\n            \"TD 010\", aksolit_30, 206, 6200, 2900, 5570, 6120,\n            marks=pytest.mark.xfail(reson=\"Цена доставки 3600 7960 8980\")\n        ),\n        (\"TD 011\", aksolit_30, 299, 9000, 3600, 7960, 8980),\n        (\"TD 012\", aksolit_30, 333, 10000, 4450, 11990, 12500),\n        pytest.param(\n            \"TD 013\", aksolit_30, 366, 11000, 4800, 12450, 13480,\n            marks=pytest.mark.xfail(reason=\"Цена стандартной доставки 4450\")\n        ),\n        pytest.param(\n            \"TD 014\", aksolit_30, 666, 20000, 5400, 15600, 17490,\n            marks=pytest.mark.xfail(reason=\"Цена стандартной доставки 4450\")\n        )\n    ])\n    @pytest.mark.smoke\n    def test_positive_delivery_green_zone_smoke(\n            self, driver, url, case_id, link_item, amount, weight, standard, in_time, all_time\n    ):\n    \n        driver.get(f'{url}{link_item}')\n        item_page = ItemPage(driver)\n>       item_page.add_item_to_cart(amount).click_on_cart()\n\ntests/delivery/test_delivery_calculation.py:49: \n_ _ _ _ _ _ _ _ _ _ _ _ _ _ _ _ _ _ _ _ _ _ _ _ _ _ _ _ _ _ _ _ _ _ _ _ _ _ _ _ \npages/item_page.py:41: in add_item_to_cart\n    amount_field = self.find_element(self._item_amount)\nbase/seleniumbase.py:17: in find_element\n    return self.driver.find_element(*locator)\n/usr/local/lib/python3.11/site-packages/selenium/webdriver/remote/webdriver.py:740: in find_element\n    return self.execute(Command.FIND_ELEMENT, {\"using\": by, \"value\": value})[\"value\"]\n/usr/local/lib/python3.11/site-packages/selenium/webdriver/remote/webdriver.py:346: in execute\n    self.error_handler.check_response(response)\n_ _ _ _ _ _ _ _ _ _ _ _ _ _ _ _ _ _ _ _ _ _ _ _ _ _ _ _ _ _ _ _ _ _ _ _ _ _ _ _ \n\nself = <selenium.webdriver.remote.errorhandler.ErrorHandler object at 0x7f8c02d90150>\nresponse = {'status': 404, 'value': '{\"value\":{\"error\":\"no such element\",\"message\":\"no such element: Unable to locate element: {\\...\\\\n#16 0x555e8326f917 \\\\u003Cunknown>\\\\n#17 0x555e83280773 \\\\u003Cunknown>\\\\n#18 0x7ff38694c044 \\\\u003Cunknown>\\\\n\"}}'}\n\n    def check_response(self, response: Dict[str, Any]) -> None:\n        \"\"\"Checks that a JSON response from the WebDriver does not have an\n        error.\n    \n        :Args:\n         - response - The JSON response from the WebDriver server as a dictionary\n           object.\n    \n        :Raises: If the response contains an error message.\n        \"\"\"\n        status = response.get(\"status\", None)\n        if not status or status == ErrorCode.SUCCESS:\n            return\n        value = None\n        message = response.get(\"message\", \"\")\n        screen: str = response.get(\"screen\", \"\")\n        stacktrace = None\n        if isinstance(status, int):\n            value_json = response.get(\"value\", None)\n            if value_json and isinstance(value_json, str):\n                import json\n    \n                try:\n                    value = json.loads(value_json)\n                    if len(value) == 1:\n                        value = value[\"value\"]\n                    status = value.get(\"error\", None)\n                    if not status:\n                        status = value.get(\"status\", ErrorCode.UNKNOWN_ERROR)\n                        message = value.get(\"value\") or value.get(\"message\")\n                        if not isinstance(message, str):\n                            value = message\n                            message = message.get(\"message\")\n                    else:\n                        message = value.get(\"message\", None)\n                except ValueError:\n                    pass\n    \n        exception_class: Type[WebDriverException]\n        if status in ErrorCode.NO_SUCH_ELEMENT:\n            exception_class = NoSuchElementException\n        elif status in ErrorCode.NO_SUCH_FRAME:\n            exception_class = NoSuchFrameException\n        elif status in ErrorCode.NO_SUCH_SHADOW_ROOT:\n            exception_class = NoSuchShadowRootException\n        elif status in ErrorCode.NO_SUCH_WINDOW:\n            exception_class = NoSuchWindowException\n        elif status in ErrorCode.STALE_ELEMENT_REFERENCE:\n            exception_class = StaleElementReferenceException\n        elif status in ErrorCode.ELEMENT_NOT_VISIBLE:\n            exception_class = ElementNotVisibleException\n        elif status in ErrorCode.INVALID_ELEMENT_STATE:\n            exception_class = InvalidElementStateException\n        elif (\n            status in ErrorCode.INVALID_SELECTOR\n            or status in ErrorCode.INVALID_XPATH_SELECTOR\n            or status in ErrorCode.INVALID_XPATH_SELECTOR_RETURN_TYPER\n        ):\n            exception_class = InvalidSelectorException\n        elif status in ErrorCode.ELEMENT_IS_NOT_SELECTABLE:\n            exception_class = ElementNotSelectableException\n        elif status in ErrorCode.ELEMENT_NOT_INTERACTABLE:\n            exception_class = ElementNotInteractableException\n        elif status in ErrorCode.INVALID_COOKIE_DOMAIN:\n            exception_class = InvalidCookieDomainException\n        elif status in ErrorCode.UNABLE_TO_SET_COOKIE:\n            exception_class = UnableToSetCookieException\n        elif status in ErrorCode.TIMEOUT:\n            exception_class = TimeoutException\n        elif status in ErrorCode.SCRIPT_TIMEOUT:\n            exception_class = TimeoutException\n        elif status in ErrorCode.UNKNOWN_ERROR:\n            exception_class = WebDriverException\n        elif status in ErrorCode.UNEXPECTED_ALERT_OPEN:\n            exception_class = UnexpectedAlertPresentException\n        elif status in ErrorCode.NO_ALERT_OPEN:\n            exception_class = NoAlertPresentException\n        elif status in ErrorCode.IME_NOT_AVAILABLE:\n            exception_class = ImeNotAvailableException\n        elif status in ErrorCode.IME_ENGINE_ACTIVATION_FAILED:\n            exception_class = ImeActivationFailedException\n        elif status in ErrorCode.MOVE_TARGET_OUT_OF_BOUNDS:\n            exception_class = MoveTargetOutOfBoundsException\n        elif status in ErrorCode.JAVASCRIPT_ERROR:\n            exception_class = JavascriptException\n        elif status in ErrorCode.SESSION_NOT_CREATED:\n            exception_class = SessionNotCreatedException\n        elif status in ErrorCode.INVALID_ARGUMENT:\n            exception_class = InvalidArgumentException\n        elif status in ErrorCode.NO_SUCH_COOKIE:\n            exception_class = NoSuchCookieException\n        elif status in ErrorCode.UNABLE_TO_CAPTURE_SCREEN:\n            exception_class = ScreenshotException\n        elif status in ErrorCode.ELEMENT_CLICK_INTERCEPTED:\n            exception_class = ElementClickInterceptedException\n        elif status in ErrorCode.INSECURE_CERTIFICATE:\n            exception_class = InsecureCertificateException\n        elif status in ErrorCode.INVALID_COORDINATES:\n            exception_class = InvalidCoordinatesException\n        elif status in ErrorCode.INVALID_SESSION_ID:\n            exception_class = InvalidSessionIdException\n        elif status in ErrorCode.UNKNOWN_METHOD:\n            exception_class = UnknownMethodException\n        else:\n            exception_class = WebDriverException\n        if not value:\n            value = response[\"value\"]\n        if isinstance(value, str):\n            raise exception_class(value)\n        if message == \"\" and \"message\" in value:\n            message = value[\"message\"]\n    \n        screen = None  # type: ignore[assignment]\n        if \"screen\" in value:\n            screen = value[\"screen\"]\n    \n        stacktrace = None\n        st_value = value.get(\"stackTrace\") or value.get(\"stacktrace\")\n        if st_value:\n            if isinstance(st_value, str):\n                stacktrace = st_value.split(\"\\n\")\n            else:\n                stacktrace = []\n                try:\n                    for frame in st_value:\n                        line = frame.get(\"lineNumber\", \"\")\n                        file = frame.get(\"fileName\", \"<anonymous>\")\n                        if line:\n                            file = f\"{file}:{line}\"\n                        meth = frame.get(\"methodName\", \"<anonymous>\")\n                        if \"className\" in frame:\n                            meth = f\"{frame['className']}.{meth}\"\n                        msg = \"    at %s (%s)\"\n                        msg = msg % (meth, file)\n                        stacktrace.append(msg)\n                except TypeError:\n                    pass\n        if exception_class == UnexpectedAlertPresentException:\n            alert_text = None\n            if \"data\" in value:\n                alert_text = value[\"data\"].get(\"text\")\n            elif \"alert\" in value:\n                alert_text = value[\"alert\"].get(\"text\")\n            raise exception_class(message, screen, stacktrace, alert_text)  # type: ignore[call-arg]  # mypy is not smart enough here\n>       raise exception_class(message, screen, stacktrace)\nE       selenium.common.exceptions.NoSuchElementException: Message: no such element: Unable to locate element: {\"method\":\"xpath\",\"selector\":\"//input[@class='amount']\"}\nE         (Session info: headless chrome=119.0.6045.105); For documentation on this error, please visit: https://www.selenium.dev/documentation/webdriver/troubleshooting/errors#no-such-element-exception\nE       Stacktrace:\nE       #0 0x555e832815e3 <unknown>\nE       #1 0x555e82f440b7 <unknown>\nE       #2 0x555e82f91f53 <unknown>\nE       #3 0x555e82f92051 <unknown>\nE       #4 0x555e82fd79c4 <unknown>\nE       #5 0x555e82fb8f1d <unknown>\nE       #6 0x555e82fd4b3d <unknown>\nE       #7 0x555e82fb8cc3 <unknown>\nE       #8 0x555e82f840e4 <unknown>\nE       #9 0x555e82f850ae <unknown>\nE       #10 0x555e83247ce1 <unknown>\nE       #11 0x555e8324bb7e <unknown>\nE       #12 0x555e832354b5 <unknown>\nE       #13 0x555e8324c7d6 <unknown>\nE       #14 0x555e83218dbf <unknown>\nE       #15 0x555e8326f748 <unknown>\nE       #16 0x555e8326f917 <unknown>\nE       #17 0x555e83280773 <unknown>\nE       #18 0x7ff38694c044 <unknown>\n\n/usr/local/lib/python3.11/site-packages/selenium/webdriver/remote/errorhandler.py:245: NoSuchElementException","steps":[{"name":"Добавляем товар в корзину в количестве 166","time":{"start":1699233106584,"stop":1699233106683,"duration":99},"status":"broken","statusMessage":"selenium.common.exceptions.NoSuchElementException: Message: no such element: Unable to locate element: {\"method\":\"xpath\",\"selector\":\"//input[@class='amount']\"}\n  (Session info: headless chrome=119.0.6045.105); For documentation on this error, please visit: https://www.selenium.dev/documentation/webdriver/troubleshooting/errors#no-such-element-exception\nStacktrace:\n#0 0x555e832815e3 <unknown>\n#1 0x555e82f440b7 <unknown>\n#2 0x555e82f91f53 <unknown>\n#3 0x555e82f92051 <unknown>\n#4 0x555e82fd79c4 <unknown>\n#5 0x555e82fb8f1d <unknown>\n#6 0x555e82fd4b3d <unknown>\n#7 0x555e82fb8cc3 <unknown>\n#8 0x555e82f840e4 <unknown>\n#9 0x555e82f850ae <unknown>\n#10 0x555e83247ce1 <unknown>\n#11 0x555e8324bb7e <unknown>\n#12 0x555e832354b5 <unknown>\n#13 0x555e8324c7d6 <unknown>\n#14 0x555e83218dbf <unknown>\n#15 0x555e8326f748 <unknown>\n#16 0x555e8326f917 <unknown>\n#17 0x555e83280773 <unknown>\n#18 0x7ff38694c044 <unknown>\n\n","statusTrace":"  File \"/usr/local/lib/python3.11/site-packages/allure_commons/_allure.py\", line 192, in impl\n    return func(*a, **kw)\n           ^^^^^^^^^^^^^^\n  File \"/app/pages/item_page.py\", line 41, in add_item_to_cart\n    amount_field = self.find_element(self._item_amount)\n                   ^^^^^^^^^^^^^^^^^^^^^^^^^^^^^^^^^^^^\n  File \"/app/base/seleniumbase.py\", line 17, in find_element\n    return self.driver.find_element(*locator)\n           ^^^^^^^^^^^^^^^^^^^^^^^^^^^^^^^^^^\n  File \"/usr/local/lib/python3.11/site-packages/selenium/webdriver/remote/webdriver.py\", line 740, in find_element\n    return self.execute(Command.FIND_ELEMENT, {\"using\": by, \"value\": value})[\"value\"]\n           ^^^^^^^^^^^^^^^^^^^^^^^^^^^^^^^^^^^^^^^^^^^^^^^^^^^^^^^^^^^^^^^^^\n  File \"/usr/local/lib/python3.11/site-packages/selenium/webdriver/remote/webdriver.py\", line 346, in execute\n    self.error_handler.check_response(response)\n  File \"/usr/local/lib/python3.11/site-packages/selenium/webdriver/remote/errorhandler.py\", line 245, in check_response\n    raise exception_class(message, screen, stacktrace)\n","steps":[],"attachments":[],"parameters":[{"name":"amount","value":"166"}],"shouldDisplayMessage":true,"stepsCount":0,"attachmentsCount":0,"hasContent":true}],"attachments":[{"uid":"70812445f844f562","name":"Screenshot","source":"70812445f844f562.png","type":"image/png","size":115178}],"parameters":[],"shouldDisplayMessage":true,"stepsCount":1,"attachmentsCount":1,"hasContent":true},"afterStages":[{"name":"setup::0","time":{"start":1699233106863,"stop":1699233106863,"duration":0},"status":"passed","steps":[],"attachments":[],"parameters":[],"shouldDisplayMessage":false,"stepsCount":0,"attachmentsCount":0,"hasContent":false},{"name":"driver::0","time":{"start":1699233106863,"stop":1699233106924,"duration":61},"status":"passed","steps":[],"attachments":[],"parameters":[],"shouldDisplayMessage":false,"stepsCount":0,"attachmentsCount":0,"hasContent":false}],"labels":[{"name":"epic","value":"Delivery Page - calculation"},{"name":"tag","value":"smoke"},{"name":"parentSuite","value":"tests.delivery"},{"name":"suite","value":"test_delivery_calculation"},{"name":"subSuite","value":"TestDeliveryPageCalculation"},{"name":"host","value":"b08214eb3c95"},{"name":"thread","value":"1-MainThread"},{"name":"framework","value":"pytest"},{"name":"language","value":"cpython3"},{"name":"package","value":"tests.delivery.test_delivery_calculation"},{"name":"resultFormat","value":"allure2"}],"parameters":[{"name":"all_time","value":"5480"},{"name":"amount","value":"166"},{"name":"case_id","value":"'TD 009'"},{"name":"in_time","value":"4990"},{"name":"link_item","value":"'products/shtukaturka-gipsovaya-aksolit-m50-30-kg-mashinnogo-naneseniya'"},{"name":"standard","value":"2500"},{"name":"url","value":"'https://sandboxtest.stroyrem-nn.ru/'"},{"name":"weight","value":"5000"}],"links":[],"hidden":false,"retry":false,"extra":{"severity":"normal","retries":[],"categories":[{"name":"Test defects","matchedStatuses":[],"flaky":false}],"history":{"statistic":{"failed":0,"broken":68,"skipped":0,"passed":0,"unknown":0,"total":68},"items":[{"uid":"2e0d402367d5581","reportUrl":"https://zaelcovsky.github.io/StroyremAutomation/131//#testresult/2e0d402367d5581","status":"broken","statusDetails":"selenium.common.exceptions.NoSuchElementException: Message: no such element: Unable to locate element: {\"method\":\"xpath\",\"selector\":\"//input[@class='amount']\"}\n  (Session info: headless chrome=119.0.6045.105); For documentation on this error, please visit: https://www.selenium.dev/documentation/webdriver/troubleshooting/errors#no-such-element-exception\nStacktrace:\n#0 0x558b692d35e3 <unknown>\n#1 0x558b68f960b7 <unknown>\n#2 0x558b68fe3f53 <unknown>\n#3 0x558b68fe4051 <unknown>\n#4 0x558b690299c4 <unknown>\n#5 0x558b6900af1d <unknown>\n#6 0x558b69026b3d <unknown>\n#7 0x558b6900acc3 <unknown>\n#8 0x558b68fd60e4 <unknown>\n#9 0x558b68fd70ae <unknown>\n#10 0x558b69299ce1 <unknown>\n#11 0x558b6929db7e <unknown>\n#12 0x558b692874b5 <unknown>\n#13 0x558b6929e7d6 <unknown>\n#14 0x558b6926adbf <unknown>\n#15 0x558b692c1748 <unknown>\n#16 0x558b692c1917 <unknown>\n#17 0x558b692d2773 <unknown>\n#18 0x7fecbe68a044 <unknown>","time":{"start":1699146853652,"stop":1699146859348,"duration":5696}},{"uid":"d6a5afc111eb44da","reportUrl":"https://zaelcovsky.github.io/StroyremAutomation/130//#testresult/d6a5afc111eb44da","status":"broken","statusDetails":"selenium.common.exceptions.NoSuchElementException: Message: no such element: Unable to locate element: {\"method\":\"xpath\",\"selector\":\"//input[@class='amount']\"}\n  (Session info: headless chrome=119.0.6045.105); For documentation on this error, please visit: https://www.selenium.dev/documentation/webdriver/troubleshooting/errors#no-such-element-exception\nStacktrace:\n#0 0x555c385165e3 <unknown>\n#1 0x555c381d90b7 <unknown>\n#2 0x555c38226f53 <unknown>\n#3 0x555c38227051 <unknown>\n#4 0x555c3826c9c4 <unknown>\n#5 0x555c3824df1d <unknown>\n#6 0x555c38269b3d <unknown>\n#7 0x555c3824dcc3 <unknown>\n#8 0x555c382190e4 <unknown>\n#9 0x555c3821a0ae <unknown>\n#10 0x555c384dcce1 <unknown>\n#11 0x555c384e0b7e <unknown>\n#12 0x555c384ca4b5 <unknown>\n#13 0x555c384e17d6 <unknown>\n#14 0x555c384addbf <unknown>\n#15 0x555c38504748 <unknown>\n#16 0x555c38504917 <unknown>\n#17 0x555c38515773 <unknown>\n#18 0x7f0f0207d044 <unknown>","time":{"start":1699060151327,"stop":1699060156114,"duration":4787}},{"uid":"e4a4ec15120d7f63","reportUrl":"https://zaelcovsky.github.io/StroyremAutomation/129//#testresult/e4a4ec15120d7f63","status":"broken","statusDetails":"selenium.common.exceptions.NoSuchElementException: Message: no such element: Unable to locate element: {\"method\":\"xpath\",\"selector\":\"//input[@class='amount']\"}\n  (Session info: headless chrome=119.0.6045.105); For documentation on this error, please visit: https://www.selenium.dev/documentation/webdriver/troubleshooting/errors#no-such-element-exception\nStacktrace:\n#0 0x56100a0965e3 <unknown>\n#1 0x561009d590b7 <unknown>\n#2 0x561009da6f53 <unknown>\n#3 0x561009da7051 <unknown>\n#4 0x561009dec9c4 <unknown>\n#5 0x561009dcdf1d <unknown>\n#6 0x561009de9b3d <unknown>\n#7 0x561009dcdcc3 <unknown>\n#8 0x561009d990e4 <unknown>\n#9 0x561009d9a0ae <unknown>\n#10 0x56100a05cce1 <unknown>\n#11 0x56100a060b7e <unknown>\n#12 0x56100a04a4b5 <unknown>\n#13 0x56100a0617d6 <unknown>\n#14 0x56100a02ddbf <unknown>\n#15 0x56100a084748 <unknown>\n#16 0x56100a084917 <unknown>\n#17 0x56100a095773 <unknown>\n#18 0x7f96cd96d044 <unknown>","time":{"start":1698973736535,"stop":1698973741352,"duration":4817}},{"uid":"6775b0ca7edd8eb7","reportUrl":"https://zaelcovsky.github.io/StroyremAutomation/128//#testresult/6775b0ca7edd8eb7","status":"broken","statusDetails":"selenium.common.exceptions.NoSuchElementException: Message: no such element: Unable to locate element: {\"method\":\"xpath\",\"selector\":\"//input[@class='amount']\"}\n  (Session info: headless chrome=119.0.6045.105); For documentation on this error, please visit: https://www.selenium.dev/documentation/webdriver/troubleshooting/errors#no-such-element-exception\nStacktrace:\n#0 0x5587da3745e3 <unknown>\n#1 0x5587da0370b7 <unknown>\n#2 0x5587da084f53 <unknown>\n#3 0x5587da085051 <unknown>\n#4 0x5587da0ca9c4 <unknown>\n#5 0x5587da0abf1d <unknown>\n#6 0x5587da0c7b3d <unknown>\n#7 0x5587da0abcc3 <unknown>\n#8 0x5587da0770e4 <unknown>\n#9 0x5587da0780ae <unknown>\n#10 0x5587da33ace1 <unknown>\n#11 0x5587da33eb7e <unknown>\n#12 0x5587da3284b5 <unknown>\n#13 0x5587da33f7d6 <unknown>\n#14 0x5587da30bdbf <unknown>\n#15 0x5587da362748 <unknown>\n#16 0x5587da362917 <unknown>\n#17 0x5587da373773 <unknown>\n#18 0x7fcc79f00044 <unknown>","time":{"start":1698887320455,"stop":1698887324587,"duration":4132}},{"uid":"3aa83d3dc20651a7","reportUrl":"https://zaelcovsky.github.io/StroyremAutomation/127//#testresult/3aa83d3dc20651a7","status":"broken","statusDetails":"selenium.common.exceptions.NoSuchElementException: Message: no such element: Unable to locate element: {\"method\":\"xpath\",\"selector\":\"//input[@class='amount']\"}\n  (Session info: headless chrome=119.0.6045.105); For documentation on this error, please visit: https://www.selenium.dev/documentation/webdriver/troubleshooting/errors#no-such-element-exception\nStacktrace:\n#0 0x56252975c5e3 <unknown>\n#1 0x56252941f0b7 <unknown>\n#2 0x56252946cf53 <unknown>\n#3 0x56252946d051 <unknown>\n#4 0x5625294b29c4 <unknown>\n#5 0x562529493f1d <unknown>\n#6 0x5625294afb3d <unknown>\n#7 0x562529493cc3 <unknown>\n#8 0x56252945f0e4 <unknown>\n#9 0x5625294600ae <unknown>\n#10 0x562529722ce1 <unknown>\n#11 0x562529726b7e <unknown>\n#12 0x5625297104b5 <unknown>\n#13 0x5625297277d6 <unknown>\n#14 0x5625296f3dbf <unknown>\n#15 0x56252974a748 <unknown>\n#16 0x56252974a917 <unknown>\n#17 0x56252975b773 <unknown>\n#18 0x7f286256f044 <unknown>","time":{"start":1698801209942,"stop":1698801214565,"duration":4623}},{"uid":"444ce43e4ce3c413","reportUrl":"https://zaelcovsky.github.io/StroyremAutomation/126//#testresult/444ce43e4ce3c413","status":"broken","statusDetails":"selenium.common.exceptions.NoSuchElementException: Message: no such element: Unable to locate element: {\"method\":\"xpath\",\"selector\":\"//input[@class='amount']\"}\n  (Session info: headless chrome=118.0.5993.70); For documentation on this error, please visit: https://www.selenium.dev/documentation/webdriver/troubleshooting/errors#no-such-element-exception\nStacktrace:\n#0 0x55e0c0cf3fb3 <unknown>\n#1 0x55e0c09c74a7 <unknown>\n#2 0x55e0c0a0edd6 <unknown>\n#3 0x55e0c0a0eec1 <unknown>\n#4 0x55e0c0a4c354 <unknown>\n#5 0x55e0c0a3096d <unknown>\n#6 0x55e0c0a49c02 <unknown>\n#7 0x55e0c0a30713 <unknown>\n#8 0x55e0c0a0318b <unknown>\n#9 0x55e0c0a03f7e <unknown>\n#10 0x55e0c0cb98d8 <unknown>\n#11 0x55e0c0cbd800 <unknown>\n#12 0x55e0c0cc7cfc <unknown>\n#13 0x55e0c0cbe418 <unknown>\n#14 0x55e0c0c8b42f <unknown>\n#15 0x55e0c0ce24e8 <unknown>\n#16 0x55e0c0ce26b4 <unknown>\n#17 0x55e0c0cf3143 <unknown>\n#18 0x7f905643b044 <unknown>","time":{"start":1698714551594,"stop":1698714555537,"duration":3943}},{"uid":"118c28427d6ef4f2","reportUrl":"https://zaelcovsky.github.io/StroyremAutomation/125//#testresult/118c28427d6ef4f2","status":"broken","statusDetails":"selenium.common.exceptions.NoSuchElementException: Message: no such element: Unable to locate element: {\"method\":\"xpath\",\"selector\":\"//input[@class='amount']\"}\n  (Session info: headless chrome=118.0.5993.70); For documentation on this error, please visit: https://www.selenium.dev/documentation/webdriver/troubleshooting/errors#no-such-element-exception\nStacktrace:\n#0 0x56212968bfb3 <unknown>\n#1 0x56212935f4a7 <unknown>\n#2 0x5621293a6dd6 <unknown>\n#3 0x5621293a6ec1 <unknown>\n#4 0x5621293e4354 <unknown>\n#5 0x5621293c896d <unknown>\n#6 0x5621293e1c02 <unknown>\n#7 0x5621293c8713 <unknown>\n#8 0x56212939b18b <unknown>\n#9 0x56212939bf7e <unknown>\n#10 0x5621296518d8 <unknown>\n#11 0x562129655800 <unknown>\n#12 0x56212965fcfc <unknown>\n#13 0x562129656418 <unknown>\n#14 0x56212962342f <unknown>\n#15 0x56212967a4e8 <unknown>\n#16 0x56212967a6b4 <unknown>\n#17 0x56212968b143 <unknown>\n#18 0x7f1de493a044 <unknown>","time":{"start":1698628123572,"stop":1698628127840,"duration":4268}},{"uid":"303bc24efb17b9d2","reportUrl":"https://zaelcovsky.github.io/StroyremAutomation/124//#testresult/303bc24efb17b9d2","status":"broken","statusDetails":"selenium.common.exceptions.NoSuchElementException: Message: no such element: Unable to locate element: {\"method\":\"xpath\",\"selector\":\"//input[@class='amount']\"}\n  (Session info: headless chrome=118.0.5993.70); For documentation on this error, please visit: https://www.selenium.dev/documentation/webdriver/troubleshooting/errors#no-such-element-exception\nStacktrace:\n#0 0x5559acdc4fb3 <unknown>\n#1 0x5559aca984a7 <unknown>\n#2 0x5559acadfdd6 <unknown>\n#3 0x5559acadfec1 <unknown>\n#4 0x5559acb1d354 <unknown>\n#5 0x5559acb0196d <unknown>\n#6 0x5559acb1ac02 <unknown>\n#7 0x5559acb01713 <unknown>\n#8 0x5559acad418b <unknown>\n#9 0x5559acad4f7e <unknown>\n#10 0x5559acd8a8d8 <unknown>\n#11 0x5559acd8e800 <unknown>\n#12 0x5559acd98cfc <unknown>\n#13 0x5559acd8f418 <unknown>\n#14 0x5559acd5c42f <unknown>\n#15 0x5559acdb34e8 <unknown>\n#16 0x5559acdb36b4 <unknown>\n#17 0x5559acdc4143 <unknown>\n#18 0x7f4f95eb1044 <unknown>","time":{"start":1698541908516,"stop":1698541912533,"duration":4017}},{"uid":"cf1dda74af5a6a9c","reportUrl":"https://zaelcovsky.github.io/StroyremAutomation/123//#testresult/cf1dda74af5a6a9c","status":"broken","statusDetails":"selenium.common.exceptions.NoSuchElementException: Message: no such element: Unable to locate element: {\"method\":\"xpath\",\"selector\":\"//input[@class='amount']\"}\n  (Session info: headless chrome=118.0.5993.70); For documentation on this error, please visit: https://www.selenium.dev/documentation/webdriver/troubleshooting/errors#no-such-element-exception\nStacktrace:\n#0 0x562f291aafb3 <unknown>\n#1 0x562f28e7e4a7 <unknown>\n#2 0x562f28ec5dd6 <unknown>\n#3 0x562f28ec5ec1 <unknown>\n#4 0x562f28f03354 <unknown>\n#5 0x562f28ee796d <unknown>\n#6 0x562f28f00c02 <unknown>\n#7 0x562f28ee7713 <unknown>\n#8 0x562f28eba18b <unknown>\n#9 0x562f28ebaf7e <unknown>\n#10 0x562f291708d8 <unknown>\n#11 0x562f29174800 <unknown>\n#12 0x562f2917ecfc <unknown>\n#13 0x562f29175418 <unknown>\n#14 0x562f2914242f <unknown>\n#15 0x562f291994e8 <unknown>\n#16 0x562f291996b4 <unknown>\n#17 0x562f291aa143 <unknown>\n#18 0x7f67fa234044 <unknown>","time":{"start":1698455220686,"stop":1698455226512,"duration":5826}},{"uid":"bf646290aac8254","reportUrl":"https://zaelcovsky.github.io/StroyremAutomation/122//#testresult/bf646290aac8254","status":"broken","statusDetails":"selenium.common.exceptions.NoSuchElementException: Message: no such element: Unable to locate element: {\"method\":\"xpath\",\"selector\":\"//input[@class='amount']\"}\n  (Session info: headless chrome=118.0.5993.70); For documentation on this error, please visit: https://www.selenium.dev/documentation/webdriver/troubleshooting/errors#no-such-element-exception\nStacktrace:\n#0 0x55b48d760fb3 <unknown>\n#1 0x55b48d4344a7 <unknown>\n#2 0x55b48d47bdd6 <unknown>\n#3 0x55b48d47bec1 <unknown>\n#4 0x55b48d4b9354 <unknown>\n#5 0x55b48d49d96d <unknown>\n#6 0x55b48d4b6c02 <unknown>\n#7 0x55b48d49d713 <unknown>\n#8 0x55b48d47018b <unknown>\n#9 0x55b48d470f7e <unknown>\n#10 0x55b48d7268d8 <unknown>\n#11 0x55b48d72a800 <unknown>\n#12 0x55b48d734cfc <unknown>\n#13 0x55b48d72b418 <unknown>\n#14 0x55b48d6f842f <unknown>\n#15 0x55b48d74f4e8 <unknown>\n#16 0x55b48d74f6b4 <unknown>\n#17 0x55b48d760143 <unknown>\n#18 0x7fedb750a044 <unknown>","time":{"start":1698368854460,"stop":1698368858578,"duration":4118}},{"uid":"2ed395bbe008c58c","reportUrl":"https://zaelcovsky.github.io/StroyremAutomation/121//#testresult/2ed395bbe008c58c","status":"broken","statusDetails":"selenium.common.exceptions.NoSuchElementException: Message: no such element: Unable to locate element: {\"method\":\"xpath\",\"selector\":\"//input[@class='amount']\"}\n  (Session info: headless chrome=118.0.5993.70); For documentation on this error, please visit: https://www.selenium.dev/documentation/webdriver/troubleshooting/errors#no-such-element-exception\nStacktrace:\n#0 0x55e0a6f53fb3 <unknown>\n#1 0x55e0a6c274a7 <unknown>\n#2 0x55e0a6c6edd6 <unknown>\n#3 0x55e0a6c6eec1 <unknown>\n#4 0x55e0a6cac354 <unknown>\n#5 0x55e0a6c9096d <unknown>\n#6 0x55e0a6ca9c02 <unknown>\n#7 0x55e0a6c90713 <unknown>\n#8 0x55e0a6c6318b <unknown>\n#9 0x55e0a6c63f7e <unknown>\n#10 0x55e0a6f198d8 <unknown>\n#11 0x55e0a6f1d800 <unknown>\n#12 0x55e0a6f27cfc <unknown>\n#13 0x55e0a6f1e418 <unknown>\n#14 0x55e0a6eeb42f <unknown>\n#15 0x55e0a6f424e8 <unknown>\n#16 0x55e0a6f426b4 <unknown>\n#17 0x55e0a6f53143 <unknown>\n#18 0x7f4af1e0a044 <unknown>","time":{"start":1698282465358,"stop":1698282469842,"duration":4484}},{"uid":"7886efa1d65bf97f","reportUrl":"https://zaelcovsky.github.io/StroyremAutomation/120//#testresult/7886efa1d65bf97f","status":"broken","statusDetails":"selenium.common.exceptions.NoSuchElementException: Message: no such element: Unable to locate element: {\"method\":\"xpath\",\"selector\":\"//input[@class='amount']\"}\n  (Session info: headless chrome=118.0.5993.70); For documentation on this error, please visit: https://www.selenium.dev/documentation/webdriver/troubleshooting/errors#no-such-element-exception\nStacktrace:\n#0 0x56506acaefb3 <unknown>\n#1 0x56506a9824a7 <unknown>\n#2 0x56506a9c9dd6 <unknown>\n#3 0x56506a9c9ec1 <unknown>\n#4 0x56506aa07354 <unknown>\n#5 0x56506a9eb96d <unknown>\n#6 0x56506aa04c02 <unknown>\n#7 0x56506a9eb713 <unknown>\n#8 0x56506a9be18b <unknown>\n#9 0x56506a9bef7e <unknown>\n#10 0x56506ac748d8 <unknown>\n#11 0x56506ac78800 <unknown>\n#12 0x56506ac82cfc <unknown>\n#13 0x56506ac79418 <unknown>\n#14 0x56506ac4642f <unknown>\n#15 0x56506ac9d4e8 <unknown>\n#16 0x56506ac9d6b4 <unknown>\n#17 0x56506acae143 <unknown>\n#18 0x7fcee577f044 <unknown>","time":{"start":1698196094669,"stop":1698196098685,"duration":4016}},{"uid":"134c143c131fc32e","reportUrl":"https://zaelcovsky.github.io/StroyremAutomation/119//#testresult/134c143c131fc32e","status":"broken","statusDetails":"selenium.common.exceptions.NoSuchElementException: Message: no such element: Unable to locate element: {\"method\":\"xpath\",\"selector\":\"//input[@class='amount']\"}\n  (Session info: headless chrome=118.0.5993.70); For documentation on this error, please visit: https://www.selenium.dev/documentation/webdriver/troubleshooting/errors#no-such-element-exception\nStacktrace:\n#0 0x557215e98fb3 <unknown>\n#1 0x557215b6c4a7 <unknown>\n#2 0x557215bb3dd6 <unknown>\n#3 0x557215bb3ec1 <unknown>\n#4 0x557215bf1354 <unknown>\n#5 0x557215bd596d <unknown>\n#6 0x557215beec02 <unknown>\n#7 0x557215bd5713 <unknown>\n#8 0x557215ba818b <unknown>\n#9 0x557215ba8f7e <unknown>\n#10 0x557215e5e8d8 <unknown>\n#11 0x557215e62800 <unknown>\n#12 0x557215e6ccfc <unknown>\n#13 0x557215e63418 <unknown>\n#14 0x557215e3042f <unknown>\n#15 0x557215e874e8 <unknown>\n#16 0x557215e876b4 <unknown>\n#17 0x557215e98143 <unknown>\n#18 0x7f7b2374e044 <unknown>","time":{"start":1698109756419,"stop":1698109762161,"duration":5742}},{"uid":"9227ece6478bc1a4","reportUrl":"https://zaelcovsky.github.io/StroyremAutomation/118//#testresult/9227ece6478bc1a4","status":"broken","statusDetails":"selenium.common.exceptions.NoSuchElementException: Message: no such element: Unable to locate element: {\"method\":\"xpath\",\"selector\":\"//input[@class='amount']\"}\n  (Session info: headless chrome=118.0.5993.70); For documentation on this error, please visit: https://www.selenium.dev/documentation/webdriver/troubleshooting/errors#no-such-element-exception\nStacktrace:\n#0 0x563d45cbdfb3 <unknown>\n#1 0x563d459914a7 <unknown>\n#2 0x563d459d8dd6 <unknown>\n#3 0x563d459d8ec1 <unknown>\n#4 0x563d45a16354 <unknown>\n#5 0x563d459fa96d <unknown>\n#6 0x563d45a13c02 <unknown>\n#7 0x563d459fa713 <unknown>\n#8 0x563d459cd18b <unknown>\n#9 0x563d459cdf7e <unknown>\n#10 0x563d45c838d8 <unknown>\n#11 0x563d45c87800 <unknown>\n#12 0x563d45c91cfc <unknown>\n#13 0x563d45c88418 <unknown>\n#14 0x563d45c5542f <unknown>\n#15 0x563d45cac4e8 <unknown>\n#16 0x563d45cac6b4 <unknown>\n#17 0x563d45cbd143 <unknown>\n#18 0x7f457f5f2044 <unknown>","time":{"start":1698023339460,"stop":1698023344478,"duration":5018}},{"uid":"a3a590680ba87e3","reportUrl":"https://zaelcovsky.github.io/StroyremAutomation/117//#testresult/a3a590680ba87e3","status":"broken","statusDetails":"selenium.common.exceptions.NoSuchElementException: Message: no such element: Unable to locate element: {\"method\":\"xpath\",\"selector\":\"//input[@class='amount']\"}\n  (Session info: headless chrome=118.0.5993.70); For documentation on this error, please visit: https://www.selenium.dev/documentation/webdriver/troubleshooting/errors#no-such-element-exception\nStacktrace:\n#0 0x55e6fd800fb3 <unknown>\n#1 0x55e6fd4d44a7 <unknown>\n#2 0x55e6fd51bdd6 <unknown>\n#3 0x55e6fd51bec1 <unknown>\n#4 0x55e6fd559354 <unknown>\n#5 0x55e6fd53d96d <unknown>\n#6 0x55e6fd556c02 <unknown>\n#7 0x55e6fd53d713 <unknown>\n#8 0x55e6fd51018b <unknown>\n#9 0x55e6fd510f7e <unknown>\n#10 0x55e6fd7c68d8 <unknown>\n#11 0x55e6fd7ca800 <unknown>\n#12 0x55e6fd7d4cfc <unknown>\n#13 0x55e6fd7cb418 <unknown>\n#14 0x55e6fd79842f <unknown>\n#15 0x55e6fd7ef4e8 <unknown>\n#16 0x55e6fd7ef6b4 <unknown>\n#17 0x55e6fd800143 <unknown>\n#18 0x7fc74e246044 <unknown>","time":{"start":1697937136757,"stop":1697937141431,"duration":4674}},{"uid":"9c98071c55d9bd9","reportUrl":"https://zaelcovsky.github.io/StroyremAutomation/116//#testresult/9c98071c55d9bd9","status":"broken","statusDetails":"selenium.common.exceptions.NoSuchElementException: Message: no such element: Unable to locate element: {\"method\":\"xpath\",\"selector\":\"//input[@class='amount']\"}\n  (Session info: headless chrome=118.0.5993.70); For documentation on this error, please visit: https://www.selenium.dev/documentation/webdriver/troubleshooting/errors#no-such-element-exception\nStacktrace:\n#0 0x5629ceec8fb3 <unknown>\n#1 0x5629ceb9c4a7 <unknown>\n#2 0x5629cebe3dd6 <unknown>\n#3 0x5629cebe3ec1 <unknown>\n#4 0x5629cec21354 <unknown>\n#5 0x5629cec0596d <unknown>\n#6 0x5629cec1ec02 <unknown>\n#7 0x5629cec05713 <unknown>\n#8 0x5629cebd818b <unknown>\n#9 0x5629cebd8f7e <unknown>\n#10 0x5629cee8e8d8 <unknown>\n#11 0x5629cee92800 <unknown>\n#12 0x5629cee9ccfc <unknown>\n#13 0x5629cee93418 <unknown>\n#14 0x5629cee6042f <unknown>\n#15 0x5629ceeb74e8 <unknown>\n#16 0x5629ceeb76b4 <unknown>\n#17 0x5629ceec8143 <unknown>\n#18 0x7fb189f62044 <unknown>","time":{"start":1697850443222,"stop":1697850448030,"duration":4808}},{"uid":"3883b229820a71b8","reportUrl":"https://zaelcovsky.github.io/StroyremAutomation/115//#testresult/3883b229820a71b8","status":"broken","statusDetails":"selenium.common.exceptions.NoSuchElementException: Message: no such element: Unable to locate element: {\"method\":\"xpath\",\"selector\":\"//input[@class='amount']\"}\n  (Session info: headless chrome=118.0.5993.70); For documentation on this error, please visit: https://www.selenium.dev/documentation/webdriver/troubleshooting/errors#no-such-element-exception\nStacktrace:\n#0 0x5598fa9c3fb3 <unknown>\n#1 0x5598fa6974a7 <unknown>\n#2 0x5598fa6dedd6 <unknown>\n#3 0x5598fa6deec1 <unknown>\n#4 0x5598fa71c354 <unknown>\n#5 0x5598fa70096d <unknown>\n#6 0x5598fa719c02 <unknown>\n#7 0x5598fa700713 <unknown>\n#8 0x5598fa6d318b <unknown>\n#9 0x5598fa6d3f7e <unknown>\n#10 0x5598fa9898d8 <unknown>\n#11 0x5598fa98d800 <unknown>\n#12 0x5598fa997cfc <unknown>\n#13 0x5598fa98e418 <unknown>\n#14 0x5598fa95b42f <unknown>\n#15 0x5598fa9b24e8 <unknown>\n#16 0x5598fa9b26b4 <unknown>\n#17 0x5598fa9c3143 <unknown>\n#18 0x7fa981aa7044 <unknown>","time":{"start":1697764173606,"stop":1697764180311,"duration":6705}},{"uid":"d4483db58301762","reportUrl":"https://zaelcovsky.github.io/StroyremAutomation/114//#testresult/d4483db58301762","status":"broken","statusDetails":"selenium.common.exceptions.NoSuchElementException: Message: no such element: Unable to locate element: {\"method\":\"xpath\",\"selector\":\"//input[@class='amount']\"}\n  (Session info: headless chrome=118.0.5993.70); For documentation on this error, please visit: https://www.selenium.dev/documentation/webdriver/troubleshooting/errors#no-such-element-exception\nStacktrace:\n#0 0x56352fdf3fb3 <unknown>\n#1 0x56352fac74a7 <unknown>\n#2 0x56352fb0edd6 <unknown>\n#3 0x56352fb0eec1 <unknown>\n#4 0x56352fb4c354 <unknown>\n#5 0x56352fb3096d <unknown>\n#6 0x56352fb49c02 <unknown>\n#7 0x56352fb30713 <unknown>\n#8 0x56352fb0318b <unknown>\n#9 0x56352fb03f7e <unknown>\n#10 0x56352fdb98d8 <unknown>\n#11 0x56352fdbd800 <unknown>\n#12 0x56352fdc7cfc <unknown>\n#13 0x56352fdbe418 <unknown>\n#14 0x56352fd8b42f <unknown>\n#15 0x56352fde24e8 <unknown>\n#16 0x56352fde26b4 <unknown>\n#17 0x56352fdf3143 <unknown>\n#18 0x7fbe145a2044 <unknown>","time":{"start":1697677780527,"stop":1697677786507,"duration":5980}},{"uid":"5eb30a53c0d60f96","reportUrl":"https://zaelcovsky.github.io/StroyremAutomation/113//#testresult/5eb30a53c0d60f96","status":"broken","statusDetails":"selenium.common.exceptions.NoSuchElementException: Message: no such element: Unable to locate element: {\"method\":\"xpath\",\"selector\":\"//input[@class='amount']\"}\n  (Session info: headless chrome=118.0.5993.70); For documentation on this error, please visit: https://www.selenium.dev/documentation/webdriver/troubleshooting/errors#no-such-element-exception\nStacktrace:\n#0 0x55881d1fcfb3 <unknown>\n#1 0x55881ced04a7 <unknown>\n#2 0x55881cf17dd6 <unknown>\n#3 0x55881cf17ec1 <unknown>\n#4 0x55881cf55354 <unknown>\n#5 0x55881cf3996d <unknown>\n#6 0x55881cf52c02 <unknown>\n#7 0x55881cf39713 <unknown>\n#8 0x55881cf0c18b <unknown>\n#9 0x55881cf0cf7e <unknown>\n#10 0x55881d1c28d8 <unknown>\n#11 0x55881d1c6800 <unknown>\n#12 0x55881d1d0cfc <unknown>\n#13 0x55881d1c7418 <unknown>\n#14 0x55881d19442f <unknown>\n#15 0x55881d1eb4e8 <unknown>\n#16 0x55881d1eb6b4 <unknown>\n#17 0x55881d1fc143 <unknown>\n#18 0x7fc96bc71044 <unknown>","time":{"start":1697591446886,"stop":1697591453528,"duration":6642}},{"uid":"512fbaea63ba6601","reportUrl":"https://zaelcovsky.github.io/StroyremAutomation/112//#testresult/512fbaea63ba6601","status":"broken","statusDetails":"selenium.common.exceptions.NoSuchElementException: Message: no such element: Unable to locate element: {\"method\":\"xpath\",\"selector\":\"//input[@class='amount']\"}\n  (Session info: headless chrome=118.0.5993.70); For documentation on this error, please visit: https://www.selenium.dev/documentation/webdriver/troubleshooting/errors#no-such-element-exception\nStacktrace:\n#0 0x5649064b5fb3 <unknown>\n#1 0x5649061894a7 <unknown>\n#2 0x5649061d0dd6 <unknown>\n#3 0x5649061d0ec1 <unknown>\n#4 0x56490620e354 <unknown>\n#5 0x5649061f296d <unknown>\n#6 0x56490620bc02 <unknown>\n#7 0x5649061f2713 <unknown>\n#8 0x5649061c518b <unknown>\n#9 0x5649061c5f7e <unknown>\n#10 0x56490647b8d8 <unknown>\n#11 0x56490647f800 <unknown>\n#12 0x564906489cfc <unknown>\n#13 0x564906480418 <unknown>\n#14 0x56490644d42f <unknown>\n#15 0x5649064a44e8 <unknown>\n#16 0x5649064a46b4 <unknown>\n#17 0x5649064b5143 <unknown>\n#18 0x7fcdb35be044 <unknown>","time":{"start":1697505075024,"stop":1697505080998,"duration":5974}}]},"tags":["smoke"]},"source":"1c81f7825a4083a3.json","parameterValues":["5480","166","'TD 009'","4990","'products/shtukaturka-gipsovaya-aksolit-m50-30-kg-mashinnogo-naneseniya'","2500","'https://sandboxtest.stroyrem-nn.ru/'","5000"]}