{"uid":"67ae5595545209a5","name":"TC 015 - Проверка функциональности ссылки 'telephone number'","fullName":"tests.test_main_page.TestMainPage#test_positive_footer_phone_number_smoke","historyId":"163ed31aac2370f1c79cdc8248a5369f","time":{"start":1699232838746,"stop":1699232838765,"duration":19},"status":"broken","statusMessage":"selenium.common.exceptions.NoSuchElementException: Message: no such element: Unable to locate element: {\"method\":\"xpath\",\"selector\":\"//a[@class='footer-phone']\"}\n  (Session info: headless chrome=119.0.6045.105); For documentation on this error, please visit: https://www.selenium.dev/documentation/webdriver/troubleshooting/errors#no-such-element-exception\nStacktrace:\n#0 0x55fa3a8505e3 <unknown>\n#1 0x55fa3a5130b7 <unknown>\n#2 0x55fa3a560f53 <unknown>\n#3 0x55fa3a561051 <unknown>\n#4 0x55fa3a5a69c4 <unknown>\n#5 0x55fa3a587f1d <unknown>\n#6 0x55fa3a5a3b3d <unknown>\n#7 0x55fa3a587cc3 <unknown>\n#8 0x55fa3a5530e4 <unknown>\n#9 0x55fa3a5540ae <unknown>\n#10 0x55fa3a816ce1 <unknown>\n#11 0x55fa3a81ab7e <unknown>\n#12 0x55fa3a8044b5 <unknown>\n#13 0x55fa3a81b7d6 <unknown>\n#14 0x55fa3a7e7dbf <unknown>\n#15 0x55fa3a83e748 <unknown>\n#16 0x55fa3a83e917 <unknown>\n#17 0x55fa3a84f773 <unknown>\n#18 0x7f82357f0044 <unknown>","statusTrace":"self = <tests.test_main_page.TestMainPage object at 0x7f8c03f13250>\nmain_page = <pages.main_page.MainPage object at 0x7f8c02e90fd0>\n\n    @allure.feature(\"Footer functionality\")\n    @allure.title(\"TC 015 - Проверка функциональности ссылки 'telephone number'\")\n    # @pytest.mark.xfail(reason=\"Попап не реализован\")\n    @pytest.mark.smoke_test\n    def test_positive_footer_phone_number_smoke(self, main_page):\n>       main_page.check_telephone_number_link()\n\ntests/test_main_page.py:139: \n_ _ _ _ _ _ _ _ _ _ _ _ _ _ _ _ _ _ _ _ _ _ _ _ _ _ _ _ _ _ _ _ _ _ _ _ _ _ _ _ \npages/main_page.py:168: in check_telephone_number_link\n    self.driver.find_element(*self._telephone_number_link).click()\n/usr/local/lib/python3.11/site-packages/selenium/webdriver/remote/webdriver.py:740: in find_element\n    return self.execute(Command.FIND_ELEMENT, {\"using\": by, \"value\": value})[\"value\"]\n/usr/local/lib/python3.11/site-packages/selenium/webdriver/remote/webdriver.py:346: in execute\n    self.error_handler.check_response(response)\n_ _ _ _ _ _ _ _ _ _ _ _ _ _ _ _ _ _ _ _ _ _ _ _ _ _ _ _ _ _ _ _ _ _ _ _ _ _ _ _ \n\nself = <selenium.webdriver.remote.errorhandler.ErrorHandler object at 0x7f8c02e28f10>\nresponse = {'status': 404, 'value': '{\"value\":{\"error\":\"no such element\",\"message\":\"no such element: Unable to locate element: {\\...\\\\n#16 0x55fa3a83e917 \\\\u003Cunknown>\\\\n#17 0x55fa3a84f773 \\\\u003Cunknown>\\\\n#18 0x7f82357f0044 \\\\u003Cunknown>\\\\n\"}}'}\n\n    def check_response(self, response: Dict[str, Any]) -> None:\n        \"\"\"Checks that a JSON response from the WebDriver does not have an\n        error.\n    \n        :Args:\n         - response - The JSON response from the WebDriver server as a dictionary\n           object.\n    \n        :Raises: If the response contains an error message.\n        \"\"\"\n        status = response.get(\"status\", None)\n        if not status or status == ErrorCode.SUCCESS:\n            return\n        value = None\n        message = response.get(\"message\", \"\")\n        screen: str = response.get(\"screen\", \"\")\n        stacktrace = None\n        if isinstance(status, int):\n            value_json = response.get(\"value\", None)\n            if value_json and isinstance(value_json, str):\n                import json\n    \n                try:\n                    value = json.loads(value_json)\n                    if len(value) == 1:\n                        value = value[\"value\"]\n                    status = value.get(\"error\", None)\n                    if not status:\n                        status = value.get(\"status\", ErrorCode.UNKNOWN_ERROR)\n                        message = value.get(\"value\") or value.get(\"message\")\n                        if not isinstance(message, str):\n                            value = message\n                            message = message.get(\"message\")\n                    else:\n                        message = value.get(\"message\", None)\n                except ValueError:\n                    pass\n    \n        exception_class: Type[WebDriverException]\n        if status in ErrorCode.NO_SUCH_ELEMENT:\n            exception_class = NoSuchElementException\n        elif status in ErrorCode.NO_SUCH_FRAME:\n            exception_class = NoSuchFrameException\n        elif status in ErrorCode.NO_SUCH_SHADOW_ROOT:\n            exception_class = NoSuchShadowRootException\n        elif status in ErrorCode.NO_SUCH_WINDOW:\n            exception_class = NoSuchWindowException\n        elif status in ErrorCode.STALE_ELEMENT_REFERENCE:\n            exception_class = StaleElementReferenceException\n        elif status in ErrorCode.ELEMENT_NOT_VISIBLE:\n            exception_class = ElementNotVisibleException\n        elif status in ErrorCode.INVALID_ELEMENT_STATE:\n            exception_class = InvalidElementStateException\n        elif (\n            status in ErrorCode.INVALID_SELECTOR\n            or status in ErrorCode.INVALID_XPATH_SELECTOR\n            or status in ErrorCode.INVALID_XPATH_SELECTOR_RETURN_TYPER\n        ):\n            exception_class = InvalidSelectorException\n        elif status in ErrorCode.ELEMENT_IS_NOT_SELECTABLE:\n            exception_class = ElementNotSelectableException\n        elif status in ErrorCode.ELEMENT_NOT_INTERACTABLE:\n            exception_class = ElementNotInteractableException\n        elif status in ErrorCode.INVALID_COOKIE_DOMAIN:\n            exception_class = InvalidCookieDomainException\n        elif status in ErrorCode.UNABLE_TO_SET_COOKIE:\n            exception_class = UnableToSetCookieException\n        elif status in ErrorCode.TIMEOUT:\n            exception_class = TimeoutException\n        elif status in ErrorCode.SCRIPT_TIMEOUT:\n            exception_class = TimeoutException\n        elif status in ErrorCode.UNKNOWN_ERROR:\n            exception_class = WebDriverException\n        elif status in ErrorCode.UNEXPECTED_ALERT_OPEN:\n            exception_class = UnexpectedAlertPresentException\n        elif status in ErrorCode.NO_ALERT_OPEN:\n            exception_class = NoAlertPresentException\n        elif status in ErrorCode.IME_NOT_AVAILABLE:\n            exception_class = ImeNotAvailableException\n        elif status in ErrorCode.IME_ENGINE_ACTIVATION_FAILED:\n            exception_class = ImeActivationFailedException\n        elif status in ErrorCode.MOVE_TARGET_OUT_OF_BOUNDS:\n            exception_class = MoveTargetOutOfBoundsException\n        elif status in ErrorCode.JAVASCRIPT_ERROR:\n            exception_class = JavascriptException\n        elif status in ErrorCode.SESSION_NOT_CREATED:\n            exception_class = SessionNotCreatedException\n        elif status in ErrorCode.INVALID_ARGUMENT:\n            exception_class = InvalidArgumentException\n        elif status in ErrorCode.NO_SUCH_COOKIE:\n            exception_class = NoSuchCookieException\n        elif status in ErrorCode.UNABLE_TO_CAPTURE_SCREEN:\n            exception_class = ScreenshotException\n        elif status in ErrorCode.ELEMENT_CLICK_INTERCEPTED:\n            exception_class = ElementClickInterceptedException\n        elif status in ErrorCode.INSECURE_CERTIFICATE:\n            exception_class = InsecureCertificateException\n        elif status in ErrorCode.INVALID_COORDINATES:\n            exception_class = InvalidCoordinatesException\n        elif status in ErrorCode.INVALID_SESSION_ID:\n            exception_class = InvalidSessionIdException\n        elif status in ErrorCode.UNKNOWN_METHOD:\n            exception_class = UnknownMethodException\n        else:\n            exception_class = WebDriverException\n        if not value:\n            value = response[\"value\"]\n        if isinstance(value, str):\n            raise exception_class(value)\n        if message == \"\" and \"message\" in value:\n            message = value[\"message\"]\n    \n        screen = None  # type: ignore[assignment]\n        if \"screen\" in value:\n            screen = value[\"screen\"]\n    \n        stacktrace = None\n        st_value = value.get(\"stackTrace\") or value.get(\"stacktrace\")\n        if st_value:\n            if isinstance(st_value, str):\n                stacktrace = st_value.split(\"\\n\")\n            else:\n                stacktrace = []\n                try:\n                    for frame in st_value:\n                        line = frame.get(\"lineNumber\", \"\")\n                        file = frame.get(\"fileName\", \"<anonymous>\")\n                        if line:\n                            file = f\"{file}:{line}\"\n                        meth = frame.get(\"methodName\", \"<anonymous>\")\n                        if \"className\" in frame:\n                            meth = f\"{frame['className']}.{meth}\"\n                        msg = \"    at %s (%s)\"\n                        msg = msg % (meth, file)\n                        stacktrace.append(msg)\n                except TypeError:\n                    pass\n        if exception_class == UnexpectedAlertPresentException:\n            alert_text = None\n            if \"data\" in value:\n                alert_text = value[\"data\"].get(\"text\")\n            elif \"alert\" in value:\n                alert_text = value[\"alert\"].get(\"text\")\n            raise exception_class(message, screen, stacktrace, alert_text)  # type: ignore[call-arg]  # mypy is not smart enough here\n>       raise exception_class(message, screen, stacktrace)\nE       selenium.common.exceptions.NoSuchElementException: Message: no such element: Unable to locate element: {\"method\":\"xpath\",\"selector\":\"//a[@class='footer-phone']\"}\nE         (Session info: headless chrome=119.0.6045.105); For documentation on this error, please visit: https://www.selenium.dev/documentation/webdriver/troubleshooting/errors#no-such-element-exception\nE       Stacktrace:\nE       #0 0x55fa3a8505e3 <unknown>\nE       #1 0x55fa3a5130b7 <unknown>\nE       #2 0x55fa3a560f53 <unknown>\nE       #3 0x55fa3a561051 <unknown>\nE       #4 0x55fa3a5a69c4 <unknown>\nE       #5 0x55fa3a587f1d <unknown>\nE       #6 0x55fa3a5a3b3d <unknown>\nE       #7 0x55fa3a587cc3 <unknown>\nE       #8 0x55fa3a5530e4 <unknown>\nE       #9 0x55fa3a5540ae <unknown>\nE       #10 0x55fa3a816ce1 <unknown>\nE       #11 0x55fa3a81ab7e <unknown>\nE       #12 0x55fa3a8044b5 <unknown>\nE       #13 0x55fa3a81b7d6 <unknown>\nE       #14 0x55fa3a7e7dbf <unknown>\nE       #15 0x55fa3a83e748 <unknown>\nE       #16 0x55fa3a83e917 <unknown>\nE       #17 0x55fa3a84f773 <unknown>\nE       #18 0x7f82357f0044 <unknown>\n\n/usr/local/lib/python3.11/site-packages/selenium/webdriver/remote/errorhandler.py:245: NoSuchElementException","flaky":false,"newFailed":false,"newBroken":false,"newPassed":false,"retriesCount":0,"retriesStatusChange":false,"beforeStages":[{"name":"_session_faker","time":{"start":1699232671937,"stop":1699232672036,"duration":99},"status":"passed","steps":[],"attachments":[],"parameters":[],"shouldDisplayMessage":false,"stepsCount":0,"attachmentsCount":0,"hasContent":false},{"name":"clear_allure_results_folder","time":{"start":1699232672037,"stop":1699232672037,"duration":0},"status":"passed","steps":[],"attachments":[],"parameters":[],"shouldDisplayMessage":false,"stepsCount":0,"attachmentsCount":0,"hasContent":false},{"name":"driver","time":{"start":1699232837514,"stop":1699232838328,"duration":814},"status":"passed","steps":[],"attachments":[],"parameters":[],"shouldDisplayMessage":false,"stepsCount":0,"attachmentsCount":0,"hasContent":false},{"name":"setup","time":{"start":1699232838328,"stop":1699232838328,"duration":0},"status":"passed","steps":[],"attachments":[],"parameters":[],"shouldDisplayMessage":false,"stepsCount":0,"attachmentsCount":0,"hasContent":false},{"name":"main_page","time":{"start":1699232838329,"stop":1699232838746,"duration":417},"status":"passed","steps":[],"attachments":[],"parameters":[],"shouldDisplayMessage":false,"stepsCount":0,"attachmentsCount":0,"hasContent":false}],"testStage":{"status":"broken","statusMessage":"selenium.common.exceptions.NoSuchElementException: Message: no such element: Unable to locate element: {\"method\":\"xpath\",\"selector\":\"//a[@class='footer-phone']\"}\n  (Session info: headless chrome=119.0.6045.105); For documentation on this error, please visit: https://www.selenium.dev/documentation/webdriver/troubleshooting/errors#no-such-element-exception\nStacktrace:\n#0 0x55fa3a8505e3 <unknown>\n#1 0x55fa3a5130b7 <unknown>\n#2 0x55fa3a560f53 <unknown>\n#3 0x55fa3a561051 <unknown>\n#4 0x55fa3a5a69c4 <unknown>\n#5 0x55fa3a587f1d <unknown>\n#6 0x55fa3a5a3b3d <unknown>\n#7 0x55fa3a587cc3 <unknown>\n#8 0x55fa3a5530e4 <unknown>\n#9 0x55fa3a5540ae <unknown>\n#10 0x55fa3a816ce1 <unknown>\n#11 0x55fa3a81ab7e <unknown>\n#12 0x55fa3a8044b5 <unknown>\n#13 0x55fa3a81b7d6 <unknown>\n#14 0x55fa3a7e7dbf <unknown>\n#15 0x55fa3a83e748 <unknown>\n#16 0x55fa3a83e917 <unknown>\n#17 0x55fa3a84f773 <unknown>\n#18 0x7f82357f0044 <unknown>","statusTrace":"self = <tests.test_main_page.TestMainPage object at 0x7f8c03f13250>\nmain_page = <pages.main_page.MainPage object at 0x7f8c02e90fd0>\n\n    @allure.feature(\"Footer functionality\")\n    @allure.title(\"TC 015 - Проверка функциональности ссылки 'telephone number'\")\n    # @pytest.mark.xfail(reason=\"Попап не реализован\")\n    @pytest.mark.smoke_test\n    def test_positive_footer_phone_number_smoke(self, main_page):\n>       main_page.check_telephone_number_link()\n\ntests/test_main_page.py:139: \n_ _ _ _ _ _ _ _ _ _ _ _ _ _ _ _ _ _ _ _ _ _ _ _ _ _ _ _ _ _ _ _ _ _ _ _ _ _ _ _ \npages/main_page.py:168: in check_telephone_number_link\n    self.driver.find_element(*self._telephone_number_link).click()\n/usr/local/lib/python3.11/site-packages/selenium/webdriver/remote/webdriver.py:740: in find_element\n    return self.execute(Command.FIND_ELEMENT, {\"using\": by, \"value\": value})[\"value\"]\n/usr/local/lib/python3.11/site-packages/selenium/webdriver/remote/webdriver.py:346: in execute\n    self.error_handler.check_response(response)\n_ _ _ _ _ _ _ _ _ _ _ _ _ _ _ _ _ _ _ _ _ _ _ _ _ _ _ _ _ _ _ _ _ _ _ _ _ _ _ _ \n\nself = <selenium.webdriver.remote.errorhandler.ErrorHandler object at 0x7f8c02e28f10>\nresponse = {'status': 404, 'value': '{\"value\":{\"error\":\"no such element\",\"message\":\"no such element: Unable to locate element: {\\...\\\\n#16 0x55fa3a83e917 \\\\u003Cunknown>\\\\n#17 0x55fa3a84f773 \\\\u003Cunknown>\\\\n#18 0x7f82357f0044 \\\\u003Cunknown>\\\\n\"}}'}\n\n    def check_response(self, response: Dict[str, Any]) -> None:\n        \"\"\"Checks that a JSON response from the WebDriver does not have an\n        error.\n    \n        :Args:\n         - response - The JSON response from the WebDriver server as a dictionary\n           object.\n    \n        :Raises: If the response contains an error message.\n        \"\"\"\n        status = response.get(\"status\", None)\n        if not status or status == ErrorCode.SUCCESS:\n            return\n        value = None\n        message = response.get(\"message\", \"\")\n        screen: str = response.get(\"screen\", \"\")\n        stacktrace = None\n        if isinstance(status, int):\n            value_json = response.get(\"value\", None)\n            if value_json and isinstance(value_json, str):\n                import json\n    \n                try:\n                    value = json.loads(value_json)\n                    if len(value) == 1:\n                        value = value[\"value\"]\n                    status = value.get(\"error\", None)\n                    if not status:\n                        status = value.get(\"status\", ErrorCode.UNKNOWN_ERROR)\n                        message = value.get(\"value\") or value.get(\"message\")\n                        if not isinstance(message, str):\n                            value = message\n                            message = message.get(\"message\")\n                    else:\n                        message = value.get(\"message\", None)\n                except ValueError:\n                    pass\n    \n        exception_class: Type[WebDriverException]\n        if status in ErrorCode.NO_SUCH_ELEMENT:\n            exception_class = NoSuchElementException\n        elif status in ErrorCode.NO_SUCH_FRAME:\n            exception_class = NoSuchFrameException\n        elif status in ErrorCode.NO_SUCH_SHADOW_ROOT:\n            exception_class = NoSuchShadowRootException\n        elif status in ErrorCode.NO_SUCH_WINDOW:\n            exception_class = NoSuchWindowException\n        elif status in ErrorCode.STALE_ELEMENT_REFERENCE:\n            exception_class = StaleElementReferenceException\n        elif status in ErrorCode.ELEMENT_NOT_VISIBLE:\n            exception_class = ElementNotVisibleException\n        elif status in ErrorCode.INVALID_ELEMENT_STATE:\n            exception_class = InvalidElementStateException\n        elif (\n            status in ErrorCode.INVALID_SELECTOR\n            or status in ErrorCode.INVALID_XPATH_SELECTOR\n            or status in ErrorCode.INVALID_XPATH_SELECTOR_RETURN_TYPER\n        ):\n            exception_class = InvalidSelectorException\n        elif status in ErrorCode.ELEMENT_IS_NOT_SELECTABLE:\n            exception_class = ElementNotSelectableException\n        elif status in ErrorCode.ELEMENT_NOT_INTERACTABLE:\n            exception_class = ElementNotInteractableException\n        elif status in ErrorCode.INVALID_COOKIE_DOMAIN:\n            exception_class = InvalidCookieDomainException\n        elif status in ErrorCode.UNABLE_TO_SET_COOKIE:\n            exception_class = UnableToSetCookieException\n        elif status in ErrorCode.TIMEOUT:\n            exception_class = TimeoutException\n        elif status in ErrorCode.SCRIPT_TIMEOUT:\n            exception_class = TimeoutException\n        elif status in ErrorCode.UNKNOWN_ERROR:\n            exception_class = WebDriverException\n        elif status in ErrorCode.UNEXPECTED_ALERT_OPEN:\n            exception_class = UnexpectedAlertPresentException\n        elif status in ErrorCode.NO_ALERT_OPEN:\n            exception_class = NoAlertPresentException\n        elif status in ErrorCode.IME_NOT_AVAILABLE:\n            exception_class = ImeNotAvailableException\n        elif status in ErrorCode.IME_ENGINE_ACTIVATION_FAILED:\n            exception_class = ImeActivationFailedException\n        elif status in ErrorCode.MOVE_TARGET_OUT_OF_BOUNDS:\n            exception_class = MoveTargetOutOfBoundsException\n        elif status in ErrorCode.JAVASCRIPT_ERROR:\n            exception_class = JavascriptException\n        elif status in ErrorCode.SESSION_NOT_CREATED:\n            exception_class = SessionNotCreatedException\n        elif status in ErrorCode.INVALID_ARGUMENT:\n            exception_class = InvalidArgumentException\n        elif status in ErrorCode.NO_SUCH_COOKIE:\n            exception_class = NoSuchCookieException\n        elif status in ErrorCode.UNABLE_TO_CAPTURE_SCREEN:\n            exception_class = ScreenshotException\n        elif status in ErrorCode.ELEMENT_CLICK_INTERCEPTED:\n            exception_class = ElementClickInterceptedException\n        elif status in ErrorCode.INSECURE_CERTIFICATE:\n            exception_class = InsecureCertificateException\n        elif status in ErrorCode.INVALID_COORDINATES:\n            exception_class = InvalidCoordinatesException\n        elif status in ErrorCode.INVALID_SESSION_ID:\n            exception_class = InvalidSessionIdException\n        elif status in ErrorCode.UNKNOWN_METHOD:\n            exception_class = UnknownMethodException\n        else:\n            exception_class = WebDriverException\n        if not value:\n            value = response[\"value\"]\n        if isinstance(value, str):\n            raise exception_class(value)\n        if message == \"\" and \"message\" in value:\n            message = value[\"message\"]\n    \n        screen = None  # type: ignore[assignment]\n        if \"screen\" in value:\n            screen = value[\"screen\"]\n    \n        stacktrace = None\n        st_value = value.get(\"stackTrace\") or value.get(\"stacktrace\")\n        if st_value:\n            if isinstance(st_value, str):\n                stacktrace = st_value.split(\"\\n\")\n            else:\n                stacktrace = []\n                try:\n                    for frame in st_value:\n                        line = frame.get(\"lineNumber\", \"\")\n                        file = frame.get(\"fileName\", \"<anonymous>\")\n                        if line:\n                            file = f\"{file}:{line}\"\n                        meth = frame.get(\"methodName\", \"<anonymous>\")\n                        if \"className\" in frame:\n                            meth = f\"{frame['className']}.{meth}\"\n                        msg = \"    at %s (%s)\"\n                        msg = msg % (meth, file)\n                        stacktrace.append(msg)\n                except TypeError:\n                    pass\n        if exception_class == UnexpectedAlertPresentException:\n            alert_text = None\n            if \"data\" in value:\n                alert_text = value[\"data\"].get(\"text\")\n            elif \"alert\" in value:\n                alert_text = value[\"alert\"].get(\"text\")\n            raise exception_class(message, screen, stacktrace, alert_text)  # type: ignore[call-arg]  # mypy is not smart enough here\n>       raise exception_class(message, screen, stacktrace)\nE       selenium.common.exceptions.NoSuchElementException: Message: no such element: Unable to locate element: {\"method\":\"xpath\",\"selector\":\"//a[@class='footer-phone']\"}\nE         (Session info: headless chrome=119.0.6045.105); For documentation on this error, please visit: https://www.selenium.dev/documentation/webdriver/troubleshooting/errors#no-such-element-exception\nE       Stacktrace:\nE       #0 0x55fa3a8505e3 <unknown>\nE       #1 0x55fa3a5130b7 <unknown>\nE       #2 0x55fa3a560f53 <unknown>\nE       #3 0x55fa3a561051 <unknown>\nE       #4 0x55fa3a5a69c4 <unknown>\nE       #5 0x55fa3a587f1d <unknown>\nE       #6 0x55fa3a5a3b3d <unknown>\nE       #7 0x55fa3a587cc3 <unknown>\nE       #8 0x55fa3a5530e4 <unknown>\nE       #9 0x55fa3a5540ae <unknown>\nE       #10 0x55fa3a816ce1 <unknown>\nE       #11 0x55fa3a81ab7e <unknown>\nE       #12 0x55fa3a8044b5 <unknown>\nE       #13 0x55fa3a81b7d6 <unknown>\nE       #14 0x55fa3a7e7dbf <unknown>\nE       #15 0x55fa3a83e748 <unknown>\nE       #16 0x55fa3a83e917 <unknown>\nE       #17 0x55fa3a84f773 <unknown>\nE       #18 0x7f82357f0044 <unknown>\n\n/usr/local/lib/python3.11/site-packages/selenium/webdriver/remote/errorhandler.py:245: NoSuchElementException","steps":[{"name":"Проверка функциональности ссылки 'номер телефона'-8 (831) 260-11-60","time":{"start":1699232838747,"stop":1699232838764,"duration":17},"status":"broken","statusMessage":"selenium.common.exceptions.NoSuchElementException: Message: no such element: Unable to locate element: {\"method\":\"xpath\",\"selector\":\"//a[@class='footer-phone']\"}\n  (Session info: headless chrome=119.0.6045.105); For documentation on this error, please visit: https://www.selenium.dev/documentation/webdriver/troubleshooting/errors#no-such-element-exception\nStacktrace:\n#0 0x55fa3a8505e3 <unknown>\n#1 0x55fa3a5130b7 <unknown>\n#2 0x55fa3a560f53 <unknown>\n#3 0x55fa3a561051 <unknown>\n#4 0x55fa3a5a69c4 <unknown>\n#5 0x55fa3a587f1d <unknown>\n#6 0x55fa3a5a3b3d <unknown>\n#7 0x55fa3a587cc3 <unknown>\n#8 0x55fa3a5530e4 <unknown>\n#9 0x55fa3a5540ae <unknown>\n#10 0x55fa3a816ce1 <unknown>\n#11 0x55fa3a81ab7e <unknown>\n#12 0x55fa3a8044b5 <unknown>\n#13 0x55fa3a81b7d6 <unknown>\n#14 0x55fa3a7e7dbf <unknown>\n#15 0x55fa3a83e748 <unknown>\n#16 0x55fa3a83e917 <unknown>\n#17 0x55fa3a84f773 <unknown>\n#18 0x7f82357f0044 <unknown>\n\n","statusTrace":"  File \"/usr/local/lib/python3.11/site-packages/allure_commons/_allure.py\", line 192, in impl\n    return func(*a, **kw)\n           ^^^^^^^^^^^^^^\n  File \"/app/pages/main_page.py\", line 168, in check_telephone_number_link\n    self.driver.find_element(*self._telephone_number_link).click()\n    ^^^^^^^^^^^^^^^^^^^^^^^^^^^^^^^^^^^^^^^^^^^^^^^^^^^^^^\n  File \"/usr/local/lib/python3.11/site-packages/selenium/webdriver/remote/webdriver.py\", line 740, in find_element\n    return self.execute(Command.FIND_ELEMENT, {\"using\": by, \"value\": value})[\"value\"]\n           ^^^^^^^^^^^^^^^^^^^^^^^^^^^^^^^^^^^^^^^^^^^^^^^^^^^^^^^^^^^^^^^^^\n  File \"/usr/local/lib/python3.11/site-packages/selenium/webdriver/remote/webdriver.py\", line 346, in execute\n    self.error_handler.check_response(response)\n  File \"/usr/local/lib/python3.11/site-packages/selenium/webdriver/remote/errorhandler.py\", line 245, in check_response\n    raise exception_class(message, screen, stacktrace)\n","steps":[],"attachments":[],"parameters":[],"shouldDisplayMessage":true,"stepsCount":0,"attachmentsCount":0,"hasContent":true}],"attachments":[{"uid":"10d49a507c17c9c","name":"Screenshot","source":"10d49a507c17c9c.png","type":"image/png","size":39127},{"uid":"3f5f0bff76170cc9","name":"HTML source","source":"3f5f0bff76170cc9.html","type":"text/html","size":538}],"parameters":[],"shouldDisplayMessage":true,"stepsCount":1,"attachmentsCount":2,"hasContent":true},"afterStages":[{"name":"setup::0","time":{"start":1699232838928,"stop":1699232838928,"duration":0},"status":"passed","steps":[],"attachments":[],"parameters":[],"shouldDisplayMessage":false,"stepsCount":0,"attachmentsCount":0,"hasContent":false},{"name":"driver::0","time":{"start":1699232838929,"stop":1699232838991,"duration":62},"status":"passed","steps":[],"attachments":[],"parameters":[],"shouldDisplayMessage":false,"stepsCount":0,"attachmentsCount":0,"hasContent":false}],"labels":[{"name":"feature","value":"Footer functionality"},{"name":"epic","value":"Main Page"},{"name":"tag","value":"smoke_test"},{"name":"parentSuite","value":"tests"},{"name":"suite","value":"test_main_page"},{"name":"subSuite","value":"TestMainPage"},{"name":"host","value":"b08214eb3c95"},{"name":"thread","value":"1-MainThread"},{"name":"framework","value":"pytest"},{"name":"language","value":"cpython3"},{"name":"package","value":"tests.test_main_page"},{"name":"resultFormat","value":"allure2"}],"parameters":[{"name":"url","value":"'https://test2.stroyrem-nn.ru/'"}],"links":[],"hidden":false,"retry":false,"extra":{"severity":"normal","retries":[],"categories":[{"name":"Test defects","matchedStatuses":[],"flaky":false}],"history":{"statistic":{"failed":0,"broken":52,"skipped":2,"passed":35,"unknown":0,"total":89},"items":[{"uid":"fcfde7b859a45ca8","reportUrl":"https://zaelcovsky.github.io/StroyremAutomation/131//#testresult/fcfde7b859a45ca8","status":"broken","statusDetails":"selenium.common.exceptions.NoSuchElementException: Message: no such element: Unable to locate element: {\"method\":\"xpath\",\"selector\":\"//a[@class='footer-phone']\"}\n  (Session info: headless chrome=119.0.6045.105); For documentation on this error, please visit: https://www.selenium.dev/documentation/webdriver/troubleshooting/errors#no-such-element-exception\nStacktrace:\n#0 0x55f704da95e3 <unknown>\n#1 0x55f704a6c0b7 <unknown>\n#2 0x55f704ab9f53 <unknown>\n#3 0x55f704aba051 <unknown>\n#4 0x55f704aff9c4 <unknown>\n#5 0x55f704ae0f1d <unknown>\n#6 0x55f704afcb3d <unknown>\n#7 0x55f704ae0cc3 <unknown>\n#8 0x55f704aac0e4 <unknown>\n#9 0x55f704aad0ae <unknown>\n#10 0x55f704d6fce1 <unknown>\n#11 0x55f704d73b7e <unknown>\n#12 0x55f704d5d4b5 <unknown>\n#13 0x55f704d747d6 <unknown>\n#14 0x55f704d40dbf <unknown>\n#15 0x55f704d97748 <unknown>\n#16 0x55f704d97917 <unknown>\n#17 0x55f704da8773 <unknown>\n#18 0x7fa4dcad6044 <unknown>","time":{"start":1699146559274,"stop":1699146559290,"duration":16}},{"uid":"75e41ee6aed94b27","reportUrl":"https://zaelcovsky.github.io/StroyremAutomation/130//#testresult/75e41ee6aed94b27","status":"broken","statusDetails":"selenium.common.exceptions.NoSuchElementException: Message: no such element: Unable to locate element: {\"method\":\"xpath\",\"selector\":\"//a[@class='footer-phone']\"}\n  (Session info: headless chrome=119.0.6045.105); For documentation on this error, please visit: https://www.selenium.dev/documentation/webdriver/troubleshooting/errors#no-such-element-exception\nStacktrace:\n#0 0x55d6878415e3 <unknown>\n#1 0x55d6875040b7 <unknown>\n#2 0x55d687551f53 <unknown>\n#3 0x55d687552051 <unknown>\n#4 0x55d6875979c4 <unknown>\n#5 0x55d687578f1d <unknown>\n#6 0x55d687594b3d <unknown>\n#7 0x55d687578cc3 <unknown>\n#8 0x55d6875440e4 <unknown>\n#9 0x55d6875450ae <unknown>\n#10 0x55d687807ce1 <unknown>\n#11 0x55d68780bb7e <unknown>\n#12 0x55d6877f54b5 <unknown>\n#13 0x55d68780c7d6 <unknown>\n#14 0x55d6877d8dbf <unknown>\n#15 0x55d68782f748 <unknown>\n#16 0x55d68782f917 <unknown>\n#17 0x55d687840773 <unknown>\n#18 0x7f5c14948044 <unknown>","time":{"start":1699059862834,"stop":1699059862850,"duration":16}},{"uid":"e556ffb0ea8c37b3","reportUrl":"https://zaelcovsky.github.io/StroyremAutomation/129//#testresult/e556ffb0ea8c37b3","status":"broken","statusDetails":"selenium.common.exceptions.NoSuchElementException: Message: no such element: Unable to locate element: {\"method\":\"xpath\",\"selector\":\"//a[@class='footer-phone']\"}\n  (Session info: headless chrome=119.0.6045.105); For documentation on this error, please visit: https://www.selenium.dev/documentation/webdriver/troubleshooting/errors#no-such-element-exception\nStacktrace:\n#0 0x5577b20425e3 <unknown>\n#1 0x5577b1d050b7 <unknown>\n#2 0x5577b1d52f53 <unknown>\n#3 0x5577b1d53051 <unknown>\n#4 0x5577b1d989c4 <unknown>\n#5 0x5577b1d79f1d <unknown>\n#6 0x5577b1d95b3d <unknown>\n#7 0x5577b1d79cc3 <unknown>\n#8 0x5577b1d450e4 <unknown>\n#9 0x5577b1d460ae <unknown>\n#10 0x5577b2008ce1 <unknown>\n#11 0x5577b200cb7e <unknown>\n#12 0x5577b1ff64b5 <unknown>\n#13 0x5577b200d7d6 <unknown>\n#14 0x5577b1fd9dbf <unknown>\n#15 0x5577b2030748 <unknown>\n#16 0x5577b2030917 <unknown>\n#17 0x5577b2041773 <unknown>\n#18 0x7f82bd3b0044 <unknown>","time":{"start":1698973466943,"stop":1698973466960,"duration":17}},{"uid":"32f4caa5e36871c4","reportUrl":"https://zaelcovsky.github.io/StroyremAutomation/128//#testresult/32f4caa5e36871c4","status":"broken","statusDetails":"selenium.common.exceptions.NoSuchElementException: Message: no such element: Unable to locate element: {\"method\":\"xpath\",\"selector\":\"//a[@class='footer-phone']\"}\n  (Session info: headless chrome=119.0.6045.105); For documentation on this error, please visit: https://www.selenium.dev/documentation/webdriver/troubleshooting/errors#no-such-element-exception\nStacktrace:\n#0 0x55aefd4525e3 <unknown>\n#1 0x55aefd1150b7 <unknown>\n#2 0x55aefd162f53 <unknown>\n#3 0x55aefd163051 <unknown>\n#4 0x55aefd1a89c4 <unknown>\n#5 0x55aefd189f1d <unknown>\n#6 0x55aefd1a5b3d <unknown>\n#7 0x55aefd189cc3 <unknown>\n#8 0x55aefd1550e4 <unknown>\n#9 0x55aefd1560ae <unknown>\n#10 0x55aefd418ce1 <unknown>\n#11 0x55aefd41cb7e <unknown>\n#12 0x55aefd4064b5 <unknown>\n#13 0x55aefd41d7d6 <unknown>\n#14 0x55aefd3e9dbf <unknown>\n#15 0x55aefd440748 <unknown>\n#16 0x55aefd440917 <unknown>\n#17 0x55aefd451773 <unknown>\n#18 0x7f7cfbd47044 <unknown>","time":{"start":1698887052262,"stop":1698887052275,"duration":13}},{"uid":"bb91bc8c4e51aae3","reportUrl":"https://zaelcovsky.github.io/StroyremAutomation/127//#testresult/bb91bc8c4e51aae3","status":"broken","statusDetails":"selenium.common.exceptions.NoSuchElementException: Message: no such element: Unable to locate element: {\"method\":\"xpath\",\"selector\":\"//a[@class='footer-phone']\"}\n  (Session info: headless chrome=119.0.6045.105); For documentation on this error, please visit: https://www.selenium.dev/documentation/webdriver/troubleshooting/errors#no-such-element-exception\nStacktrace:\n#0 0x55b4d39f75e3 <unknown>\n#1 0x55b4d36ba0b7 <unknown>\n#2 0x55b4d3707f53 <unknown>\n#3 0x55b4d3708051 <unknown>\n#4 0x55b4d374d9c4 <unknown>\n#5 0x55b4d372ef1d <unknown>\n#6 0x55b4d374ab3d <unknown>\n#7 0x55b4d372ecc3 <unknown>\n#8 0x55b4d36fa0e4 <unknown>\n#9 0x55b4d36fb0ae <unknown>\n#10 0x55b4d39bdce1 <unknown>\n#11 0x55b4d39c1b7e <unknown>\n#12 0x55b4d39ab4b5 <unknown>\n#13 0x55b4d39c27d6 <unknown>\n#14 0x55b4d398edbf <unknown>\n#15 0x55b4d39e5748 <unknown>\n#16 0x55b4d39e5917 <unknown>\n#17 0x55b4d39f6773 <unknown>\n#18 0x7fab7ff12044 <unknown>","time":{"start":1698800922122,"stop":1698800922146,"duration":24}},{"uid":"726ff8ec801b2dac","reportUrl":"https://zaelcovsky.github.io/StroyremAutomation/126//#testresult/726ff8ec801b2dac","status":"broken","statusDetails":"selenium.common.exceptions.NoSuchElementException: Message: no such element: Unable to locate element: {\"method\":\"xpath\",\"selector\":\"//a[@class='footer-phone']\"}\n  (Session info: headless chrome=118.0.5993.70); For documentation on this error, please visit: https://www.selenium.dev/documentation/webdriver/troubleshooting/errors#no-such-element-exception\nStacktrace:\n#0 0x5611fd7cffb3 <unknown>\n#1 0x5611fd4a34a7 <unknown>\n#2 0x5611fd4eadd6 <unknown>\n#3 0x5611fd4eaec1 <unknown>\n#4 0x5611fd528354 <unknown>\n#5 0x5611fd50c96d <unknown>\n#6 0x5611fd525c02 <unknown>\n#7 0x5611fd50c713 <unknown>\n#8 0x5611fd4df18b <unknown>\n#9 0x5611fd4dff7e <unknown>\n#10 0x5611fd7958d8 <unknown>\n#11 0x5611fd799800 <unknown>\n#12 0x5611fd7a3cfc <unknown>\n#13 0x5611fd79a418 <unknown>\n#14 0x5611fd76742f <unknown>\n#15 0x5611fd7be4e8 <unknown>\n#16 0x5611fd7be6b4 <unknown>\n#17 0x5611fd7cf143 <unknown>\n#18 0x7f190719d044 <unknown>","time":{"start":1698714286154,"stop":1698714286172,"duration":18}},{"uid":"6e932c3b0660c1","reportUrl":"https://zaelcovsky.github.io/StroyremAutomation/125//#testresult/6e932c3b0660c1","status":"broken","statusDetails":"selenium.common.exceptions.NoSuchElementException: Message: no such element: Unable to locate element: {\"method\":\"xpath\",\"selector\":\"//a[@class='footer-phone']\"}\n  (Session info: headless chrome=118.0.5993.70); For documentation on this error, please visit: https://www.selenium.dev/documentation/webdriver/troubleshooting/errors#no-such-element-exception\nStacktrace:\n#0 0x55cf8c535fb3 <unknown>\n#1 0x55cf8c2094a7 <unknown>\n#2 0x55cf8c250dd6 <unknown>\n#3 0x55cf8c250ec1 <unknown>\n#4 0x55cf8c28e354 <unknown>\n#5 0x55cf8c27296d <unknown>\n#6 0x55cf8c28bc02 <unknown>\n#7 0x55cf8c272713 <unknown>\n#8 0x55cf8c24518b <unknown>\n#9 0x55cf8c245f7e <unknown>\n#10 0x55cf8c4fb8d8 <unknown>\n#11 0x55cf8c4ff800 <unknown>\n#12 0x55cf8c509cfc <unknown>\n#13 0x55cf8c500418 <unknown>\n#14 0x55cf8c4cd42f <unknown>\n#15 0x55cf8c5244e8 <unknown>\n#16 0x55cf8c5246b4 <unknown>\n#17 0x55cf8c535143 <unknown>\n#18 0x7f34a91b1044 <unknown>","time":{"start":1698627858584,"stop":1698627858600,"duration":16}},{"uid":"e42c997c594cd5a","reportUrl":"https://zaelcovsky.github.io/StroyremAutomation/124//#testresult/e42c997c594cd5a","status":"broken","statusDetails":"selenium.common.exceptions.NoSuchElementException: Message: no such element: Unable to locate element: {\"method\":\"xpath\",\"selector\":\"//a[@class='footer-phone']\"}\n  (Session info: headless chrome=118.0.5993.70); For documentation on this error, please visit: https://www.selenium.dev/documentation/webdriver/troubleshooting/errors#no-such-element-exception\nStacktrace:\n#0 0x55c20790afb3 <unknown>\n#1 0x55c2075de4a7 <unknown>\n#2 0x55c207625dd6 <unknown>\n#3 0x55c207625ec1 <unknown>\n#4 0x55c207663354 <unknown>\n#5 0x55c20764796d <unknown>\n#6 0x55c207660c02 <unknown>\n#7 0x55c207647713 <unknown>\n#8 0x55c20761a18b <unknown>\n#9 0x55c20761af7e <unknown>\n#10 0x55c2078d08d8 <unknown>\n#11 0x55c2078d4800 <unknown>\n#12 0x55c2078decfc <unknown>\n#13 0x55c2078d5418 <unknown>\n#14 0x55c2078a242f <unknown>\n#15 0x55c2078f94e8 <unknown>\n#16 0x55c2078f96b4 <unknown>\n#17 0x55c20790a143 <unknown>\n#18 0x7fa18d838044 <unknown>","time":{"start":1698541646916,"stop":1698541646939,"duration":23}},{"uid":"3c4c6cbedb146abb","reportUrl":"https://zaelcovsky.github.io/StroyremAutomation/123//#testresult/3c4c6cbedb146abb","status":"broken","statusDetails":"selenium.common.exceptions.NoSuchElementException: Message: no such element: Unable to locate element: {\"method\":\"xpath\",\"selector\":\"//a[@class='footer-phone']\"}\n  (Session info: headless chrome=118.0.5993.70); For documentation on this error, please visit: https://www.selenium.dev/documentation/webdriver/troubleshooting/errors#no-such-element-exception\nStacktrace:\n#0 0x55d45bae6fb3 <unknown>\n#1 0x55d45b7ba4a7 <unknown>\n#2 0x55d45b801dd6 <unknown>\n#3 0x55d45b801ec1 <unknown>\n#4 0x55d45b83f354 <unknown>\n#5 0x55d45b82396d <unknown>\n#6 0x55d45b83cc02 <unknown>\n#7 0x55d45b823713 <unknown>\n#8 0x55d45b7f618b <unknown>\n#9 0x55d45b7f6f7e <unknown>\n#10 0x55d45baac8d8 <unknown>\n#11 0x55d45bab0800 <unknown>\n#12 0x55d45babacfc <unknown>\n#13 0x55d45bab1418 <unknown>\n#14 0x55d45ba7e42f <unknown>\n#15 0x55d45bad54e8 <unknown>\n#16 0x55d45bad56b4 <unknown>\n#17 0x55d45bae6143 <unknown>\n#18 0x7fe4aa4c9044 <unknown>","time":{"start":1698454933918,"stop":1698454933935,"duration":17}},{"uid":"a8d895f72086223c","reportUrl":"https://zaelcovsky.github.io/StroyremAutomation/122//#testresult/a8d895f72086223c","status":"broken","statusDetails":"selenium.common.exceptions.NoSuchElementException: Message: no such element: Unable to locate element: {\"method\":\"xpath\",\"selector\":\"//a[@class='footer-phone']\"}\n  (Session info: headless chrome=118.0.5993.70); For documentation on this error, please visit: https://www.selenium.dev/documentation/webdriver/troubleshooting/errors#no-such-element-exception\nStacktrace:\n#0 0x556189456fb3 <unknown>\n#1 0x55618912a4a7 <unknown>\n#2 0x556189171dd6 <unknown>\n#3 0x556189171ec1 <unknown>\n#4 0x5561891af354 <unknown>\n#5 0x55618919396d <unknown>\n#6 0x5561891acc02 <unknown>\n#7 0x556189193713 <unknown>\n#8 0x55618916618b <unknown>\n#9 0x556189166f7e <unknown>\n#10 0x55618941c8d8 <unknown>\n#11 0x556189420800 <unknown>\n#12 0x55618942acfc <unknown>\n#13 0x556189421418 <unknown>\n#14 0x5561893ee42f <unknown>\n#15 0x5561894454e8 <unknown>\n#16 0x5561894456b4 <unknown>\n#17 0x556189456143 <unknown>\n#18 0x7fd6cc2cf044 <unknown>","time":{"start":1698368586003,"stop":1698368586020,"duration":17}},{"uid":"e5e758541332675e","reportUrl":"https://zaelcovsky.github.io/StroyremAutomation/121//#testresult/e5e758541332675e","status":"broken","statusDetails":"selenium.common.exceptions.NoSuchElementException: Message: no such element: Unable to locate element: {\"method\":\"xpath\",\"selector\":\"//a[@class='footer-phone']\"}\n  (Session info: headless chrome=118.0.5993.70); For documentation on this error, please visit: https://www.selenium.dev/documentation/webdriver/troubleshooting/errors#no-such-element-exception\nStacktrace:\n#0 0x55b82a2b6fb3 <unknown>\n#1 0x55b829f8a4a7 <unknown>\n#2 0x55b829fd1dd6 <unknown>\n#3 0x55b829fd1ec1 <unknown>\n#4 0x55b82a00f354 <unknown>\n#5 0x55b829ff396d <unknown>\n#6 0x55b82a00cc02 <unknown>\n#7 0x55b829ff3713 <unknown>\n#8 0x55b829fc618b <unknown>\n#9 0x55b829fc6f7e <unknown>\n#10 0x55b82a27c8d8 <unknown>\n#11 0x55b82a280800 <unknown>\n#12 0x55b82a28acfc <unknown>\n#13 0x55b82a281418 <unknown>\n#14 0x55b82a24e42f <unknown>\n#15 0x55b82a2a54e8 <unknown>\n#16 0x55b82a2a56b4 <unknown>\n#17 0x55b82a2b6143 <unknown>\n#18 0x7efd3dc3f044 <unknown>","time":{"start":1698282191583,"stop":1698282191604,"duration":21}},{"uid":"e7e663c9aa9f4ae9","reportUrl":"https://zaelcovsky.github.io/StroyremAutomation/120//#testresult/e7e663c9aa9f4ae9","status":"broken","statusDetails":"selenium.common.exceptions.NoSuchElementException: Message: no such element: Unable to locate element: {\"method\":\"xpath\",\"selector\":\"//a[@class='footer-phone']\"}\n  (Session info: headless chrome=118.0.5993.70); For documentation on this error, please visit: https://www.selenium.dev/documentation/webdriver/troubleshooting/errors#no-such-element-exception\nStacktrace:\n#0 0x558a2740afb3 <unknown>\n#1 0x558a270de4a7 <unknown>\n#2 0x558a27125dd6 <unknown>\n#3 0x558a27125ec1 <unknown>\n#4 0x558a27163354 <unknown>\n#5 0x558a2714796d <unknown>\n#6 0x558a27160c02 <unknown>\n#7 0x558a27147713 <unknown>\n#8 0x558a2711a18b <unknown>\n#9 0x558a2711af7e <unknown>\n#10 0x558a273d08d8 <unknown>\n#11 0x558a273d4800 <unknown>\n#12 0x558a273decfc <unknown>\n#13 0x558a273d5418 <unknown>\n#14 0x558a273a242f <unknown>\n#15 0x558a273f94e8 <unknown>\n#16 0x558a273f96b4 <unknown>\n#17 0x558a2740a143 <unknown>\n#18 0x7fbc9e8c2044 <unknown>","time":{"start":1698195826592,"stop":1698195826607,"duration":15}},{"uid":"50027b4158f448ea","reportUrl":"https://zaelcovsky.github.io/StroyremAutomation/119//#testresult/50027b4158f448ea","status":"broken","statusDetails":"selenium.common.exceptions.NoSuchElementException: Message: no such element: Unable to locate element: {\"method\":\"xpath\",\"selector\":\"//a[@class='footer-phone']\"}\n  (Session info: headless chrome=118.0.5993.70); For documentation on this error, please visit: https://www.selenium.dev/documentation/webdriver/troubleshooting/errors#no-such-element-exception\nStacktrace:\n#0 0x55c46003afb3 <unknown>\n#1 0x55c45fd0e4a7 <unknown>\n#2 0x55c45fd55dd6 <unknown>\n#3 0x55c45fd55ec1 <unknown>\n#4 0x55c45fd93354 <unknown>\n#5 0x55c45fd7796d <unknown>\n#6 0x55c45fd90c02 <unknown>\n#7 0x55c45fd77713 <unknown>\n#8 0x55c45fd4a18b <unknown>\n#9 0x55c45fd4af7e <unknown>\n#10 0x55c4600008d8 <unknown>\n#11 0x55c460004800 <unknown>\n#12 0x55c46000ecfc <unknown>\n#13 0x55c460005418 <unknown>\n#14 0x55c45ffd242f <unknown>\n#15 0x55c4600294e8 <unknown>\n#16 0x55c4600296b4 <unknown>\n#17 0x55c46003a143 <unknown>\n#18 0x7fdac2da1044 <unknown>","time":{"start":1698109468010,"stop":1698109468033,"duration":23}},{"uid":"34d4846dd4509941","reportUrl":"https://zaelcovsky.github.io/StroyremAutomation/118//#testresult/34d4846dd4509941","status":"broken","statusDetails":"selenium.common.exceptions.NoSuchElementException: Message: no such element: Unable to locate element: {\"method\":\"xpath\",\"selector\":\"//a[@class='footer-phone']\"}\n  (Session info: headless chrome=118.0.5993.70); For documentation on this error, please visit: https://www.selenium.dev/documentation/webdriver/troubleshooting/errors#no-such-element-exception\nStacktrace:\n#0 0x564acd0b5fb3 <unknown>\n#1 0x564accd894a7 <unknown>\n#2 0x564accdd0dd6 <unknown>\n#3 0x564accdd0ec1 <unknown>\n#4 0x564acce0e354 <unknown>\n#5 0x564accdf296d <unknown>\n#6 0x564acce0bc02 <unknown>\n#7 0x564accdf2713 <unknown>\n#8 0x564accdc518b <unknown>\n#9 0x564accdc5f7e <unknown>\n#10 0x564acd07b8d8 <unknown>\n#11 0x564acd07f800 <unknown>\n#12 0x564acd089cfc <unknown>\n#13 0x564acd080418 <unknown>\n#14 0x564acd04d42f <unknown>\n#15 0x564acd0a44e8 <unknown>\n#16 0x564acd0a46b4 <unknown>\n#17 0x564acd0b5143 <unknown>\n#18 0x7f48dfbae044 <unknown>","time":{"start":1698023067373,"stop":1698023067389,"duration":16}},{"uid":"ce069874f5b08eac","reportUrl":"https://zaelcovsky.github.io/StroyremAutomation/117//#testresult/ce069874f5b08eac","status":"broken","statusDetails":"selenium.common.exceptions.NoSuchElementException: Message: no such element: Unable to locate element: {\"method\":\"xpath\",\"selector\":\"//a[@class='footer-phone']\"}\n  (Session info: headless chrome=118.0.5993.70); For documentation on this error, please visit: https://www.selenium.dev/documentation/webdriver/troubleshooting/errors#no-such-element-exception\nStacktrace:\n#0 0x558a40032fb3 <unknown>\n#1 0x558a3fd064a7 <unknown>\n#2 0x558a3fd4ddd6 <unknown>\n#3 0x558a3fd4dec1 <unknown>\n#4 0x558a3fd8b354 <unknown>\n#5 0x558a3fd6f96d <unknown>\n#6 0x558a3fd88c02 <unknown>\n#7 0x558a3fd6f713 <unknown>\n#8 0x558a3fd4218b <unknown>\n#9 0x558a3fd42f7e <unknown>\n#10 0x558a3fff88d8 <unknown>\n#11 0x558a3fffc800 <unknown>\n#12 0x558a40006cfc <unknown>\n#13 0x558a3fffd418 <unknown>\n#14 0x558a3ffca42f <unknown>\n#15 0x558a400214e8 <unknown>\n#16 0x558a400216b4 <unknown>\n#17 0x558a40032143 <unknown>\n#18 0x7fd3ea9e3044 <unknown>","time":{"start":1697936876289,"stop":1697936876307,"duration":18}},{"uid":"942e65f5ab73ea7e","reportUrl":"https://zaelcovsky.github.io/StroyremAutomation/116//#testresult/942e65f5ab73ea7e","status":"broken","statusDetails":"selenium.common.exceptions.NoSuchElementException: Message: no such element: Unable to locate element: {\"method\":\"xpath\",\"selector\":\"//a[@class='footer-phone']\"}\n  (Session info: headless chrome=118.0.5993.70); For documentation on this error, please visit: https://www.selenium.dev/documentation/webdriver/troubleshooting/errors#no-such-element-exception\nStacktrace:\n#0 0x55f698ba6fb3 <unknown>\n#1 0x55f69887a4a7 <unknown>\n#2 0x55f6988c1dd6 <unknown>\n#3 0x55f6988c1ec1 <unknown>\n#4 0x55f6988ff354 <unknown>\n#5 0x55f6988e396d <unknown>\n#6 0x55f6988fcc02 <unknown>\n#7 0x55f6988e3713 <unknown>\n#8 0x55f6988b618b <unknown>\n#9 0x55f6988b6f7e <unknown>\n#10 0x55f698b6c8d8 <unknown>\n#11 0x55f698b70800 <unknown>\n#12 0x55f698b7acfc <unknown>\n#13 0x55f698b71418 <unknown>\n#14 0x55f698b3e42f <unknown>\n#15 0x55f698b954e8 <unknown>\n#16 0x55f698b956b4 <unknown>\n#17 0x55f698ba6143 <unknown>\n#18 0x7f671de0c044 <unknown>","time":{"start":1697850169703,"stop":1697850169720,"duration":17}},{"uid":"536741276ea881f2","reportUrl":"https://zaelcovsky.github.io/StroyremAutomation/115//#testresult/536741276ea881f2","status":"broken","statusDetails":"selenium.common.exceptions.NoSuchElementException: Message: no such element: Unable to locate element: {\"method\":\"xpath\",\"selector\":\"//a[@class='footer-phone']\"}\n  (Session info: headless chrome=118.0.5993.70); For documentation on this error, please visit: https://www.selenium.dev/documentation/webdriver/troubleshooting/errors#no-such-element-exception\nStacktrace:\n#0 0x561920b5efb3 <unknown>\n#1 0x5619208324a7 <unknown>\n#2 0x561920879dd6 <unknown>\n#3 0x561920879ec1 <unknown>\n#4 0x5619208b7354 <unknown>\n#5 0x56192089b96d <unknown>\n#6 0x5619208b4c02 <unknown>\n#7 0x56192089b713 <unknown>\n#8 0x56192086e18b <unknown>\n#9 0x56192086ef7e <unknown>\n#10 0x561920b248d8 <unknown>\n#11 0x561920b28800 <unknown>\n#12 0x561920b32cfc <unknown>\n#13 0x561920b29418 <unknown>\n#14 0x561920af642f <unknown>\n#15 0x561920b4d4e8 <unknown>\n#16 0x561920b4d6b4 <unknown>\n#17 0x561920b5e143 <unknown>\n#18 0x7f258cee5044 <unknown>","time":{"start":1697763883391,"stop":1697763883406,"duration":15}},{"uid":"3f153461ac73bc5c","reportUrl":"https://zaelcovsky.github.io/StroyremAutomation/114//#testresult/3f153461ac73bc5c","status":"broken","statusDetails":"selenium.common.exceptions.NoSuchElementException: Message: no such element: Unable to locate element: {\"method\":\"xpath\",\"selector\":\"//a[@class='footer-phone']\"}\n  (Session info: headless chrome=118.0.5993.70); For documentation on this error, please visit: https://www.selenium.dev/documentation/webdriver/troubleshooting/errors#no-such-element-exception\nStacktrace:\n#0 0x557109214fb3 <unknown>\n#1 0x557108ee84a7 <unknown>\n#2 0x557108f2fdd6 <unknown>\n#3 0x557108f2fec1 <unknown>\n#4 0x557108f6d354 <unknown>\n#5 0x557108f5196d <unknown>\n#6 0x557108f6ac02 <unknown>\n#7 0x557108f51713 <unknown>\n#8 0x557108f2418b <unknown>\n#9 0x557108f24f7e <unknown>\n#10 0x5571091da8d8 <unknown>\n#11 0x5571091de800 <unknown>\n#12 0x5571091e8cfc <unknown>\n#13 0x5571091df418 <unknown>\n#14 0x5571091ac42f <unknown>\n#15 0x5571092034e8 <unknown>\n#16 0x5571092036b4 <unknown>\n#17 0x557109214143 <unknown>\n#18 0x7fcf05263044 <unknown>","time":{"start":1697677484092,"stop":1697677484113,"duration":21}},{"uid":"1cbac1513e065b65","reportUrl":"https://zaelcovsky.github.io/StroyremAutomation/113//#testresult/1cbac1513e065b65","status":"broken","statusDetails":"selenium.common.exceptions.NoSuchElementException: Message: no such element: Unable to locate element: {\"method\":\"xpath\",\"selector\":\"//a[@class='footer-phone']\"}\n  (Session info: headless chrome=118.0.5993.70); For documentation on this error, please visit: https://www.selenium.dev/documentation/webdriver/troubleshooting/errors#no-such-element-exception\nStacktrace:\n#0 0x55b3c7715fb3 <unknown>\n#1 0x55b3c73e94a7 <unknown>\n#2 0x55b3c7430dd6 <unknown>\n#3 0x55b3c7430ec1 <unknown>\n#4 0x55b3c746e354 <unknown>\n#5 0x55b3c745296d <unknown>\n#6 0x55b3c746bc02 <unknown>\n#7 0x55b3c7452713 <unknown>\n#8 0x55b3c742518b <unknown>\n#9 0x55b3c7425f7e <unknown>\n#10 0x55b3c76db8d8 <unknown>\n#11 0x55b3c76df800 <unknown>\n#12 0x55b3c76e9cfc <unknown>\n#13 0x55b3c76e0418 <unknown>\n#14 0x55b3c76ad42f <unknown>\n#15 0x55b3c77044e8 <unknown>\n#16 0x55b3c77046b4 <unknown>\n#17 0x55b3c7715143 <unknown>\n#18 0x7f13aa6e5044 <unknown>","time":{"start":1697591127783,"stop":1697591127802,"duration":19}},{"uid":"2aba882f71736fac","reportUrl":"https://zaelcovsky.github.io/StroyremAutomation/112//#testresult/2aba882f71736fac","status":"broken","statusDetails":"selenium.common.exceptions.NoSuchElementException: Message: no such element: Unable to locate element: {\"method\":\"xpath\",\"selector\":\"//a[@class='footer-phone']\"}\n  (Session info: headless chrome=118.0.5993.70); For documentation on this error, please visit: https://www.selenium.dev/documentation/webdriver/troubleshooting/errors#no-such-element-exception\nStacktrace:\n#0 0x55b50488dfb3 <unknown>\n#1 0x55b5045614a7 <unknown>\n#2 0x55b5045a8dd6 <unknown>\n#3 0x55b5045a8ec1 <unknown>\n#4 0x55b5045e6354 <unknown>\n#5 0x55b5045ca96d <unknown>\n#6 0x55b5045e3c02 <unknown>\n#7 0x55b5045ca713 <unknown>\n#8 0x55b50459d18b <unknown>\n#9 0x55b50459df7e <unknown>\n#10 0x55b5048538d8 <unknown>\n#11 0x55b504857800 <unknown>\n#12 0x55b504861cfc <unknown>\n#13 0x55b504858418 <unknown>\n#14 0x55b50482542f <unknown>\n#15 0x55b50487c4e8 <unknown>\n#16 0x55b50487c6b4 <unknown>\n#17 0x55b50488d143 <unknown>\n#18 0x7f93b21e9044 <unknown>","time":{"start":1697504742373,"stop":1697504742394,"duration":21}}]},"tags":["smoke_test"]},"source":"67ae5595545209a5.json","parameterValues":["'https://test2.stroyrem-nn.ru/'"]}