{"uid":"c255f595a03223da","name":"TC 005 - Функционал блока 'Советы от профессионалов ремонта'","fullName":"tests.test_main_page.TestMainPage#test_positive_building_advices2_smoke","historyId":"bdee61a288025e17b192e643677456fc","time":{"start":1699232742972,"stop":1699232742992,"duration":20},"status":"broken","statusMessage":"selenium.common.exceptions.NoSuchElementException: Message: no such element: Unable to locate element: {\"method\":\"xpath\",\"selector\":\"//div[@class='page-block articles-block']\"}\n  (Session info: headless chrome=119.0.6045.105); For documentation on this error, please visit: https://www.selenium.dev/documentation/webdriver/troubleshooting/errors#no-such-element-exception\nStacktrace:\n#0 0x5581408575e3 <unknown>\n#1 0x55814051a0b7 <unknown>\n#2 0x558140567f53 <unknown>\n#3 0x558140568051 <unknown>\n#4 0x5581405ad9c4 <unknown>\n#5 0x55814058ef1d <unknown>\n#6 0x5581405aab3d <unknown>\n#7 0x55814058ecc3 <unknown>\n#8 0x55814055a0e4 <unknown>\n#9 0x55814055b0ae <unknown>\n#10 0x55814081dce1 <unknown>\n#11 0x558140821b7e <unknown>\n#12 0x55814080b4b5 <unknown>\n#13 0x5581408227d6 <unknown>\n#14 0x5581407eedbf <unknown>\n#15 0x558140845748 <unknown>\n#16 0x558140845917 <unknown>\n#17 0x558140856773 <unknown>\n#18 0x7efe7dec1044 <unknown>","statusTrace":"self = <tests.test_main_page.TestMainPage object at 0x7f8c03f1b7d0>\nmain_page = <pages.main_page.MainPage object at 0x7f8c03f4bed0>\n\n    @allure.title(\"TC 005 - Функционал блока 'Советы от профессионалов ремонта'\")\n    @pytest.mark.smoke_test\n    def test_positive_building_advices2_smoke(self, main_page):\n>       items = main_page.get_building_advices_section()\n\ntests/test_main_page.py:55: \n_ _ _ _ _ _ _ _ _ _ _ _ _ _ _ _ _ _ _ _ _ _ _ _ _ _ _ _ _ _ _ _ _ _ _ _ _ _ _ _ \npages/main_page.py:78: in get_building_advices_section\n    section = self.driver.find_element(*self._building_advices_section)\n/usr/local/lib/python3.11/site-packages/selenium/webdriver/remote/webdriver.py:740: in find_element\n    return self.execute(Command.FIND_ELEMENT, {\"using\": by, \"value\": value})[\"value\"]\n/usr/local/lib/python3.11/site-packages/selenium/webdriver/remote/webdriver.py:346: in execute\n    self.error_handler.check_response(response)\n_ _ _ _ _ _ _ _ _ _ _ _ _ _ _ _ _ _ _ _ _ _ _ _ _ _ _ _ _ _ _ _ _ _ _ _ _ _ _ _ \n\nself = <selenium.webdriver.remote.errorhandler.ErrorHandler object at 0x7f8c042c5890>\nresponse = {'status': 404, 'value': '{\"value\":{\"error\":\"no such element\",\"message\":\"no such element: Unable to locate element: {\\...\\\\n#16 0x558140845917 \\\\u003Cunknown>\\\\n#17 0x558140856773 \\\\u003Cunknown>\\\\n#18 0x7efe7dec1044 \\\\u003Cunknown>\\\\n\"}}'}\n\n    def check_response(self, response: Dict[str, Any]) -> None:\n        \"\"\"Checks that a JSON response from the WebDriver does not have an\n        error.\n    \n        :Args:\n         - response - The JSON response from the WebDriver server as a dictionary\n           object.\n    \n        :Raises: If the response contains an error message.\n        \"\"\"\n        status = response.get(\"status\", None)\n        if not status or status == ErrorCode.SUCCESS:\n            return\n        value = None\n        message = response.get(\"message\", \"\")\n        screen: str = response.get(\"screen\", \"\")\n        stacktrace = None\n        if isinstance(status, int):\n            value_json = response.get(\"value\", None)\n            if value_json and isinstance(value_json, str):\n                import json\n    \n                try:\n                    value = json.loads(value_json)\n                    if len(value) == 1:\n                        value = value[\"value\"]\n                    status = value.get(\"error\", None)\n                    if not status:\n                        status = value.get(\"status\", ErrorCode.UNKNOWN_ERROR)\n                        message = value.get(\"value\") or value.get(\"message\")\n                        if not isinstance(message, str):\n                            value = message\n                            message = message.get(\"message\")\n                    else:\n                        message = value.get(\"message\", None)\n                except ValueError:\n                    pass\n    \n        exception_class: Type[WebDriverException]\n        if status in ErrorCode.NO_SUCH_ELEMENT:\n            exception_class = NoSuchElementException\n        elif status in ErrorCode.NO_SUCH_FRAME:\n            exception_class = NoSuchFrameException\n        elif status in ErrorCode.NO_SUCH_SHADOW_ROOT:\n            exception_class = NoSuchShadowRootException\n        elif status in ErrorCode.NO_SUCH_WINDOW:\n            exception_class = NoSuchWindowException\n        elif status in ErrorCode.STALE_ELEMENT_REFERENCE:\n            exception_class = StaleElementReferenceException\n        elif status in ErrorCode.ELEMENT_NOT_VISIBLE:\n            exception_class = ElementNotVisibleException\n        elif status in ErrorCode.INVALID_ELEMENT_STATE:\n            exception_class = InvalidElementStateException\n        elif (\n            status in ErrorCode.INVALID_SELECTOR\n            or status in ErrorCode.INVALID_XPATH_SELECTOR\n            or status in ErrorCode.INVALID_XPATH_SELECTOR_RETURN_TYPER\n        ):\n            exception_class = InvalidSelectorException\n        elif status in ErrorCode.ELEMENT_IS_NOT_SELECTABLE:\n            exception_class = ElementNotSelectableException\n        elif status in ErrorCode.ELEMENT_NOT_INTERACTABLE:\n            exception_class = ElementNotInteractableException\n        elif status in ErrorCode.INVALID_COOKIE_DOMAIN:\n            exception_class = InvalidCookieDomainException\n        elif status in ErrorCode.UNABLE_TO_SET_COOKIE:\n            exception_class = UnableToSetCookieException\n        elif status in ErrorCode.TIMEOUT:\n            exception_class = TimeoutException\n        elif status in ErrorCode.SCRIPT_TIMEOUT:\n            exception_class = TimeoutException\n        elif status in ErrorCode.UNKNOWN_ERROR:\n            exception_class = WebDriverException\n        elif status in ErrorCode.UNEXPECTED_ALERT_OPEN:\n            exception_class = UnexpectedAlertPresentException\n        elif status in ErrorCode.NO_ALERT_OPEN:\n            exception_class = NoAlertPresentException\n        elif status in ErrorCode.IME_NOT_AVAILABLE:\n            exception_class = ImeNotAvailableException\n        elif status in ErrorCode.IME_ENGINE_ACTIVATION_FAILED:\n            exception_class = ImeActivationFailedException\n        elif status in ErrorCode.MOVE_TARGET_OUT_OF_BOUNDS:\n            exception_class = MoveTargetOutOfBoundsException\n        elif status in ErrorCode.JAVASCRIPT_ERROR:\n            exception_class = JavascriptException\n        elif status in ErrorCode.SESSION_NOT_CREATED:\n            exception_class = SessionNotCreatedException\n        elif status in ErrorCode.INVALID_ARGUMENT:\n            exception_class = InvalidArgumentException\n        elif status in ErrorCode.NO_SUCH_COOKIE:\n            exception_class = NoSuchCookieException\n        elif status in ErrorCode.UNABLE_TO_CAPTURE_SCREEN:\n            exception_class = ScreenshotException\n        elif status in ErrorCode.ELEMENT_CLICK_INTERCEPTED:\n            exception_class = ElementClickInterceptedException\n        elif status in ErrorCode.INSECURE_CERTIFICATE:\n            exception_class = InsecureCertificateException\n        elif status in ErrorCode.INVALID_COORDINATES:\n            exception_class = InvalidCoordinatesException\n        elif status in ErrorCode.INVALID_SESSION_ID:\n            exception_class = InvalidSessionIdException\n        elif status in ErrorCode.UNKNOWN_METHOD:\n            exception_class = UnknownMethodException\n        else:\n            exception_class = WebDriverException\n        if not value:\n            value = response[\"value\"]\n        if isinstance(value, str):\n            raise exception_class(value)\n        if message == \"\" and \"message\" in value:\n            message = value[\"message\"]\n    \n        screen = None  # type: ignore[assignment]\n        if \"screen\" in value:\n            screen = value[\"screen\"]\n    \n        stacktrace = None\n        st_value = value.get(\"stackTrace\") or value.get(\"stacktrace\")\n        if st_value:\n            if isinstance(st_value, str):\n                stacktrace = st_value.split(\"\\n\")\n            else:\n                stacktrace = []\n                try:\n                    for frame in st_value:\n                        line = frame.get(\"lineNumber\", \"\")\n                        file = frame.get(\"fileName\", \"<anonymous>\")\n                        if line:\n                            file = f\"{file}:{line}\"\n                        meth = frame.get(\"methodName\", \"<anonymous>\")\n                        if \"className\" in frame:\n                            meth = f\"{frame['className']}.{meth}\"\n                        msg = \"    at %s (%s)\"\n                        msg = msg % (meth, file)\n                        stacktrace.append(msg)\n                except TypeError:\n                    pass\n        if exception_class == UnexpectedAlertPresentException:\n            alert_text = None\n            if \"data\" in value:\n                alert_text = value[\"data\"].get(\"text\")\n            elif \"alert\" in value:\n                alert_text = value[\"alert\"].get(\"text\")\n            raise exception_class(message, screen, stacktrace, alert_text)  # type: ignore[call-arg]  # mypy is not smart enough here\n>       raise exception_class(message, screen, stacktrace)\nE       selenium.common.exceptions.NoSuchElementException: Message: no such element: Unable to locate element: {\"method\":\"xpath\",\"selector\":\"//div[@class='page-block articles-block']\"}\nE         (Session info: headless chrome=119.0.6045.105); For documentation on this error, please visit: https://www.selenium.dev/documentation/webdriver/troubleshooting/errors#no-such-element-exception\nE       Stacktrace:\nE       #0 0x5581408575e3 <unknown>\nE       #1 0x55814051a0b7 <unknown>\nE       #2 0x558140567f53 <unknown>\nE       #3 0x558140568051 <unknown>\nE       #4 0x5581405ad9c4 <unknown>\nE       #5 0x55814058ef1d <unknown>\nE       #6 0x5581405aab3d <unknown>\nE       #7 0x55814058ecc3 <unknown>\nE       #8 0x55814055a0e4 <unknown>\nE       #9 0x55814055b0ae <unknown>\nE       #10 0x55814081dce1 <unknown>\nE       #11 0x558140821b7e <unknown>\nE       #12 0x55814080b4b5 <unknown>\nE       #13 0x5581408227d6 <unknown>\nE       #14 0x5581407eedbf <unknown>\nE       #15 0x558140845748 <unknown>\nE       #16 0x558140845917 <unknown>\nE       #17 0x558140856773 <unknown>\nE       #18 0x7efe7dec1044 <unknown>\n\n/usr/local/lib/python3.11/site-packages/selenium/webdriver/remote/errorhandler.py:245: NoSuchElementException","flaky":false,"newFailed":false,"newBroken":false,"newPassed":false,"retriesCount":0,"retriesStatusChange":false,"beforeStages":[{"name":"_session_faker","time":{"start":1699232671937,"stop":1699232672036,"duration":99},"status":"passed","steps":[],"attachments":[],"parameters":[],"shouldDisplayMessage":false,"stepsCount":0,"attachmentsCount":0,"hasContent":false},{"name":"clear_allure_results_folder","time":{"start":1699232672037,"stop":1699232672037,"duration":0},"status":"passed","steps":[],"attachments":[],"parameters":[],"shouldDisplayMessage":false,"stepsCount":0,"attachmentsCount":0,"hasContent":false},{"name":"driver","time":{"start":1699232741496,"stop":1699232742413,"duration":917},"status":"passed","steps":[],"attachments":[],"parameters":[],"shouldDisplayMessage":false,"stepsCount":0,"attachmentsCount":0,"hasContent":false},{"name":"setup","time":{"start":1699232742413,"stop":1699232742413,"duration":0},"status":"passed","steps":[],"attachments":[],"parameters":[],"shouldDisplayMessage":false,"stepsCount":0,"attachmentsCount":0,"hasContent":false},{"name":"main_page","time":{"start":1699232742414,"stop":1699232742971,"duration":557},"status":"passed","steps":[],"attachments":[],"parameters":[],"shouldDisplayMessage":false,"stepsCount":0,"attachmentsCount":0,"hasContent":false}],"testStage":{"status":"broken","statusMessage":"selenium.common.exceptions.NoSuchElementException: Message: no such element: Unable to locate element: {\"method\":\"xpath\",\"selector\":\"//div[@class='page-block articles-block']\"}\n  (Session info: headless chrome=119.0.6045.105); For documentation on this error, please visit: https://www.selenium.dev/documentation/webdriver/troubleshooting/errors#no-such-element-exception\nStacktrace:\n#0 0x5581408575e3 <unknown>\n#1 0x55814051a0b7 <unknown>\n#2 0x558140567f53 <unknown>\n#3 0x558140568051 <unknown>\n#4 0x5581405ad9c4 <unknown>\n#5 0x55814058ef1d <unknown>\n#6 0x5581405aab3d <unknown>\n#7 0x55814058ecc3 <unknown>\n#8 0x55814055a0e4 <unknown>\n#9 0x55814055b0ae <unknown>\n#10 0x55814081dce1 <unknown>\n#11 0x558140821b7e <unknown>\n#12 0x55814080b4b5 <unknown>\n#13 0x5581408227d6 <unknown>\n#14 0x5581407eedbf <unknown>\n#15 0x558140845748 <unknown>\n#16 0x558140845917 <unknown>\n#17 0x558140856773 <unknown>\n#18 0x7efe7dec1044 <unknown>","statusTrace":"self = <tests.test_main_page.TestMainPage object at 0x7f8c03f1b7d0>\nmain_page = <pages.main_page.MainPage object at 0x7f8c03f4bed0>\n\n    @allure.title(\"TC 005 - Функционал блока 'Советы от профессионалов ремонта'\")\n    @pytest.mark.smoke_test\n    def test_positive_building_advices2_smoke(self, main_page):\n>       items = main_page.get_building_advices_section()\n\ntests/test_main_page.py:55: \n_ _ _ _ _ _ _ _ _ _ _ _ _ _ _ _ _ _ _ _ _ _ _ _ _ _ _ _ _ _ _ _ _ _ _ _ _ _ _ _ \npages/main_page.py:78: in get_building_advices_section\n    section = self.driver.find_element(*self._building_advices_section)\n/usr/local/lib/python3.11/site-packages/selenium/webdriver/remote/webdriver.py:740: in find_element\n    return self.execute(Command.FIND_ELEMENT, {\"using\": by, \"value\": value})[\"value\"]\n/usr/local/lib/python3.11/site-packages/selenium/webdriver/remote/webdriver.py:346: in execute\n    self.error_handler.check_response(response)\n_ _ _ _ _ _ _ _ _ _ _ _ _ _ _ _ _ _ _ _ _ _ _ _ _ _ _ _ _ _ _ _ _ _ _ _ _ _ _ _ \n\nself = <selenium.webdriver.remote.errorhandler.ErrorHandler object at 0x7f8c042c5890>\nresponse = {'status': 404, 'value': '{\"value\":{\"error\":\"no such element\",\"message\":\"no such element: Unable to locate element: {\\...\\\\n#16 0x558140845917 \\\\u003Cunknown>\\\\n#17 0x558140856773 \\\\u003Cunknown>\\\\n#18 0x7efe7dec1044 \\\\u003Cunknown>\\\\n\"}}'}\n\n    def check_response(self, response: Dict[str, Any]) -> None:\n        \"\"\"Checks that a JSON response from the WebDriver does not have an\n        error.\n    \n        :Args:\n         - response - The JSON response from the WebDriver server as a dictionary\n           object.\n    \n        :Raises: If the response contains an error message.\n        \"\"\"\n        status = response.get(\"status\", None)\n        if not status or status == ErrorCode.SUCCESS:\n            return\n        value = None\n        message = response.get(\"message\", \"\")\n        screen: str = response.get(\"screen\", \"\")\n        stacktrace = None\n        if isinstance(status, int):\n            value_json = response.get(\"value\", None)\n            if value_json and isinstance(value_json, str):\n                import json\n    \n                try:\n                    value = json.loads(value_json)\n                    if len(value) == 1:\n                        value = value[\"value\"]\n                    status = value.get(\"error\", None)\n                    if not status:\n                        status = value.get(\"status\", ErrorCode.UNKNOWN_ERROR)\n                        message = value.get(\"value\") or value.get(\"message\")\n                        if not isinstance(message, str):\n                            value = message\n                            message = message.get(\"message\")\n                    else:\n                        message = value.get(\"message\", None)\n                except ValueError:\n                    pass\n    \n        exception_class: Type[WebDriverException]\n        if status in ErrorCode.NO_SUCH_ELEMENT:\n            exception_class = NoSuchElementException\n        elif status in ErrorCode.NO_SUCH_FRAME:\n            exception_class = NoSuchFrameException\n        elif status in ErrorCode.NO_SUCH_SHADOW_ROOT:\n            exception_class = NoSuchShadowRootException\n        elif status in ErrorCode.NO_SUCH_WINDOW:\n            exception_class = NoSuchWindowException\n        elif status in ErrorCode.STALE_ELEMENT_REFERENCE:\n            exception_class = StaleElementReferenceException\n        elif status in ErrorCode.ELEMENT_NOT_VISIBLE:\n            exception_class = ElementNotVisibleException\n        elif status in ErrorCode.INVALID_ELEMENT_STATE:\n            exception_class = InvalidElementStateException\n        elif (\n            status in ErrorCode.INVALID_SELECTOR\n            or status in ErrorCode.INVALID_XPATH_SELECTOR\n            or status in ErrorCode.INVALID_XPATH_SELECTOR_RETURN_TYPER\n        ):\n            exception_class = InvalidSelectorException\n        elif status in ErrorCode.ELEMENT_IS_NOT_SELECTABLE:\n            exception_class = ElementNotSelectableException\n        elif status in ErrorCode.ELEMENT_NOT_INTERACTABLE:\n            exception_class = ElementNotInteractableException\n        elif status in ErrorCode.INVALID_COOKIE_DOMAIN:\n            exception_class = InvalidCookieDomainException\n        elif status in ErrorCode.UNABLE_TO_SET_COOKIE:\n            exception_class = UnableToSetCookieException\n        elif status in ErrorCode.TIMEOUT:\n            exception_class = TimeoutException\n        elif status in ErrorCode.SCRIPT_TIMEOUT:\n            exception_class = TimeoutException\n        elif status in ErrorCode.UNKNOWN_ERROR:\n            exception_class = WebDriverException\n        elif status in ErrorCode.UNEXPECTED_ALERT_OPEN:\n            exception_class = UnexpectedAlertPresentException\n        elif status in ErrorCode.NO_ALERT_OPEN:\n            exception_class = NoAlertPresentException\n        elif status in ErrorCode.IME_NOT_AVAILABLE:\n            exception_class = ImeNotAvailableException\n        elif status in ErrorCode.IME_ENGINE_ACTIVATION_FAILED:\n            exception_class = ImeActivationFailedException\n        elif status in ErrorCode.MOVE_TARGET_OUT_OF_BOUNDS:\n            exception_class = MoveTargetOutOfBoundsException\n        elif status in ErrorCode.JAVASCRIPT_ERROR:\n            exception_class = JavascriptException\n        elif status in ErrorCode.SESSION_NOT_CREATED:\n            exception_class = SessionNotCreatedException\n        elif status in ErrorCode.INVALID_ARGUMENT:\n            exception_class = InvalidArgumentException\n        elif status in ErrorCode.NO_SUCH_COOKIE:\n            exception_class = NoSuchCookieException\n        elif status in ErrorCode.UNABLE_TO_CAPTURE_SCREEN:\n            exception_class = ScreenshotException\n        elif status in ErrorCode.ELEMENT_CLICK_INTERCEPTED:\n            exception_class = ElementClickInterceptedException\n        elif status in ErrorCode.INSECURE_CERTIFICATE:\n            exception_class = InsecureCertificateException\n        elif status in ErrorCode.INVALID_COORDINATES:\n            exception_class = InvalidCoordinatesException\n        elif status in ErrorCode.INVALID_SESSION_ID:\n            exception_class = InvalidSessionIdException\n        elif status in ErrorCode.UNKNOWN_METHOD:\n            exception_class = UnknownMethodException\n        else:\n            exception_class = WebDriverException\n        if not value:\n            value = response[\"value\"]\n        if isinstance(value, str):\n            raise exception_class(value)\n        if message == \"\" and \"message\" in value:\n            message = value[\"message\"]\n    \n        screen = None  # type: ignore[assignment]\n        if \"screen\" in value:\n            screen = value[\"screen\"]\n    \n        stacktrace = None\n        st_value = value.get(\"stackTrace\") or value.get(\"stacktrace\")\n        if st_value:\n            if isinstance(st_value, str):\n                stacktrace = st_value.split(\"\\n\")\n            else:\n                stacktrace = []\n                try:\n                    for frame in st_value:\n                        line = frame.get(\"lineNumber\", \"\")\n                        file = frame.get(\"fileName\", \"<anonymous>\")\n                        if line:\n                            file = f\"{file}:{line}\"\n                        meth = frame.get(\"methodName\", \"<anonymous>\")\n                        if \"className\" in frame:\n                            meth = f\"{frame['className']}.{meth}\"\n                        msg = \"    at %s (%s)\"\n                        msg = msg % (meth, file)\n                        stacktrace.append(msg)\n                except TypeError:\n                    pass\n        if exception_class == UnexpectedAlertPresentException:\n            alert_text = None\n            if \"data\" in value:\n                alert_text = value[\"data\"].get(\"text\")\n            elif \"alert\" in value:\n                alert_text = value[\"alert\"].get(\"text\")\n            raise exception_class(message, screen, stacktrace, alert_text)  # type: ignore[call-arg]  # mypy is not smart enough here\n>       raise exception_class(message, screen, stacktrace)\nE       selenium.common.exceptions.NoSuchElementException: Message: no such element: Unable to locate element: {\"method\":\"xpath\",\"selector\":\"//div[@class='page-block articles-block']\"}\nE         (Session info: headless chrome=119.0.6045.105); For documentation on this error, please visit: https://www.selenium.dev/documentation/webdriver/troubleshooting/errors#no-such-element-exception\nE       Stacktrace:\nE       #0 0x5581408575e3 <unknown>\nE       #1 0x55814051a0b7 <unknown>\nE       #2 0x558140567f53 <unknown>\nE       #3 0x558140568051 <unknown>\nE       #4 0x5581405ad9c4 <unknown>\nE       #5 0x55814058ef1d <unknown>\nE       #6 0x5581405aab3d <unknown>\nE       #7 0x55814058ecc3 <unknown>\nE       #8 0x55814055a0e4 <unknown>\nE       #9 0x55814055b0ae <unknown>\nE       #10 0x55814081dce1 <unknown>\nE       #11 0x558140821b7e <unknown>\nE       #12 0x55814080b4b5 <unknown>\nE       #13 0x5581408227d6 <unknown>\nE       #14 0x5581407eedbf <unknown>\nE       #15 0x558140845748 <unknown>\nE       #16 0x558140845917 <unknown>\nE       #17 0x558140856773 <unknown>\nE       #18 0x7efe7dec1044 <unknown>\n\n/usr/local/lib/python3.11/site-packages/selenium/webdriver/remote/errorhandler.py:245: NoSuchElementException","steps":[{"name":"Проверка функциональности блока 'Советы от профессионалов ремонта'","time":{"start":1699232742972,"stop":1699232742991,"duration":19},"status":"broken","statusMessage":"selenium.common.exceptions.NoSuchElementException: Message: no such element: Unable to locate element: {\"method\":\"xpath\",\"selector\":\"//div[@class='page-block articles-block']\"}\n  (Session info: headless chrome=119.0.6045.105); For documentation on this error, please visit: https://www.selenium.dev/documentation/webdriver/troubleshooting/errors#no-such-element-exception\nStacktrace:\n#0 0x5581408575e3 <unknown>\n#1 0x55814051a0b7 <unknown>\n#2 0x558140567f53 <unknown>\n#3 0x558140568051 <unknown>\n#4 0x5581405ad9c4 <unknown>\n#5 0x55814058ef1d <unknown>\n#6 0x5581405aab3d <unknown>\n#7 0x55814058ecc3 <unknown>\n#8 0x55814055a0e4 <unknown>\n#9 0x55814055b0ae <unknown>\n#10 0x55814081dce1 <unknown>\n#11 0x558140821b7e <unknown>\n#12 0x55814080b4b5 <unknown>\n#13 0x5581408227d6 <unknown>\n#14 0x5581407eedbf <unknown>\n#15 0x558140845748 <unknown>\n#16 0x558140845917 <unknown>\n#17 0x558140856773 <unknown>\n#18 0x7efe7dec1044 <unknown>\n\n","statusTrace":"  File \"/usr/local/lib/python3.11/site-packages/allure_commons/_allure.py\", line 192, in impl\n    return func(*a, **kw)\n           ^^^^^^^^^^^^^^\n  File \"/app/pages/main_page.py\", line 78, in get_building_advices_section\n    section = self.driver.find_element(*self._building_advices_section)\n              ^^^^^^^^^^^^^^^^^^^^^^^^^^^^^^^^^^^^^^^^^^^^^^^^^^^^^^^^^\n  File \"/usr/local/lib/python3.11/site-packages/selenium/webdriver/remote/webdriver.py\", line 740, in find_element\n    return self.execute(Command.FIND_ELEMENT, {\"using\": by, \"value\": value})[\"value\"]\n           ^^^^^^^^^^^^^^^^^^^^^^^^^^^^^^^^^^^^^^^^^^^^^^^^^^^^^^^^^^^^^^^^^\n  File \"/usr/local/lib/python3.11/site-packages/selenium/webdriver/remote/webdriver.py\", line 346, in execute\n    self.error_handler.check_response(response)\n  File \"/usr/local/lib/python3.11/site-packages/selenium/webdriver/remote/errorhandler.py\", line 245, in check_response\n    raise exception_class(message, screen, stacktrace)\n","steps":[],"attachments":[],"parameters":[],"shouldDisplayMessage":true,"stepsCount":0,"attachmentsCount":0,"hasContent":true}],"attachments":[{"uid":"4a4a06f51e917101","name":"Screenshot","source":"4a4a06f51e917101.png","type":"image/png","size":39127},{"uid":"f11b1d0c5931130c","name":"HTML source","source":"f11b1d0c5931130c.html","type":"text/html","size":538}],"parameters":[],"shouldDisplayMessage":true,"stepsCount":1,"attachmentsCount":2,"hasContent":true},"afterStages":[{"name":"setup::0","time":{"start":1699232743158,"stop":1699232743158,"duration":0},"status":"passed","steps":[],"attachments":[],"parameters":[],"shouldDisplayMessage":false,"stepsCount":0,"attachmentsCount":0,"hasContent":false},{"name":"driver::0","time":{"start":1699232743159,"stop":1699232743217,"duration":58},"status":"passed","steps":[],"attachments":[],"parameters":[],"shouldDisplayMessage":false,"stepsCount":0,"attachmentsCount":0,"hasContent":false}],"labels":[{"name":"epic","value":"Main Page"},{"name":"tag","value":"smoke_test"},{"name":"parentSuite","value":"tests"},{"name":"suite","value":"test_main_page"},{"name":"subSuite","value":"TestMainPage"},{"name":"host","value":"b08214eb3c95"},{"name":"thread","value":"1-MainThread"},{"name":"framework","value":"pytest"},{"name":"language","value":"cpython3"},{"name":"package","value":"tests.test_main_page"},{"name":"resultFormat","value":"allure2"}],"parameters":[{"name":"url","value":"'https://test2.stroyrem-nn.ru/'"}],"links":[],"hidden":false,"retry":false,"extra":{"severity":"normal","retries":[],"categories":[{"name":"Test defects","matchedStatuses":[],"flaky":false}],"history":{"statistic":{"failed":0,"broken":53,"skipped":0,"passed":36,"unknown":0,"total":89},"items":[{"uid":"1f66939590a1a01b","reportUrl":"https://zaelcovsky.github.io/StroyremAutomation/131//#testresult/1f66939590a1a01b","status":"broken","statusDetails":"selenium.common.exceptions.NoSuchElementException: Message: no such element: Unable to locate element: {\"method\":\"xpath\",\"selector\":\"//div[@class='page-block articles-block']\"}\n  (Session info: headless chrome=119.0.6045.105); For documentation on this error, please visit: https://www.selenium.dev/documentation/webdriver/troubleshooting/errors#no-such-element-exception\nStacktrace:\n#0 0x557b9c2575e3 <unknown>\n#1 0x557b9bf1a0b7 <unknown>\n#2 0x557b9bf67f53 <unknown>\n#3 0x557b9bf68051 <unknown>\n#4 0x557b9bfad9c4 <unknown>\n#5 0x557b9bf8ef1d <unknown>\n#6 0x557b9bfaab3d <unknown>\n#7 0x557b9bf8ecc3 <unknown>\n#8 0x557b9bf5a0e4 <unknown>\n#9 0x557b9bf5b0ae <unknown>\n#10 0x557b9c21dce1 <unknown>\n#11 0x557b9c221b7e <unknown>\n#12 0x557b9c20b4b5 <unknown>\n#13 0x557b9c2227d6 <unknown>\n#14 0x557b9c1eedbf <unknown>\n#15 0x557b9c245748 <unknown>\n#16 0x557b9c245917 <unknown>\n#17 0x557b9c256773 <unknown>\n#18 0x7f713e7a5044 <unknown>","time":{"start":1699146450362,"stop":1699146450378,"duration":16}},{"uid":"ae1dad9fcfea2ff1","reportUrl":"https://zaelcovsky.github.io/StroyremAutomation/130//#testresult/ae1dad9fcfea2ff1","status":"broken","statusDetails":"selenium.common.exceptions.NoSuchElementException: Message: no such element: Unable to locate element: {\"method\":\"xpath\",\"selector\":\"//div[@class='page-block articles-block']\"}\n  (Session info: headless chrome=119.0.6045.105); For documentation on this error, please visit: https://www.selenium.dev/documentation/webdriver/troubleshooting/errors#no-such-element-exception\nStacktrace:\n#0 0x5564707db5e3 <unknown>\n#1 0x55647049e0b7 <unknown>\n#2 0x5564704ebf53 <unknown>\n#3 0x5564704ec051 <unknown>\n#4 0x5564705319c4 <unknown>\n#5 0x556470512f1d <unknown>\n#6 0x55647052eb3d <unknown>\n#7 0x556470512cc3 <unknown>\n#8 0x5564704de0e4 <unknown>\n#9 0x5564704df0ae <unknown>\n#10 0x5564707a1ce1 <unknown>\n#11 0x5564707a5b7e <unknown>\n#12 0x55647078f4b5 <unknown>\n#13 0x5564707a67d6 <unknown>\n#14 0x556470772dbf <unknown>\n#15 0x5564707c9748 <unknown>\n#16 0x5564707c9917 <unknown>\n#17 0x5564707da773 <unknown>\n#18 0x7ff367eb1044 <unknown>","time":{"start":1699059746628,"stop":1699059746644,"duration":16}},{"uid":"80162271452f0ba3","reportUrl":"https://zaelcovsky.github.io/StroyremAutomation/129//#testresult/80162271452f0ba3","status":"broken","statusDetails":"selenium.common.exceptions.NoSuchElementException: Message: no such element: Unable to locate element: {\"method\":\"xpath\",\"selector\":\"//div[@class='page-block articles-block']\"}\n  (Session info: headless chrome=119.0.6045.105); For documentation on this error, please visit: https://www.selenium.dev/documentation/webdriver/troubleshooting/errors#no-such-element-exception\nStacktrace:\n#0 0x5652a1a2a5e3 <unknown>\n#1 0x5652a16ed0b7 <unknown>\n#2 0x5652a173af53 <unknown>\n#3 0x5652a173b051 <unknown>\n#4 0x5652a17809c4 <unknown>\n#5 0x5652a1761f1d <unknown>\n#6 0x5652a177db3d <unknown>\n#7 0x5652a1761cc3 <unknown>\n#8 0x5652a172d0e4 <unknown>\n#9 0x5652a172e0ae <unknown>\n#10 0x5652a19f0ce1 <unknown>\n#11 0x5652a19f4b7e <unknown>\n#12 0x5652a19de4b5 <unknown>\n#13 0x5652a19f57d6 <unknown>\n#14 0x5652a19c1dbf <unknown>\n#15 0x5652a1a18748 <unknown>\n#16 0x5652a1a18917 <unknown>\n#17 0x5652a1a29773 <unknown>\n#18 0x7f0ef9db0044 <unknown>","time":{"start":1698973372632,"stop":1698973372648,"duration":16}},{"uid":"7ddca461b0e3c1d","reportUrl":"https://zaelcovsky.github.io/StroyremAutomation/128//#testresult/7ddca461b0e3c1d","status":"broken","statusDetails":"selenium.common.exceptions.NoSuchElementException: Message: no such element: Unable to locate element: {\"method\":\"xpath\",\"selector\":\"//div[@class='page-block articles-block']\"}\n  (Session info: headless chrome=119.0.6045.105); For documentation on this error, please visit: https://www.selenium.dev/documentation/webdriver/troubleshooting/errors#no-such-element-exception\nStacktrace:\n#0 0x561b9fb7b5e3 <unknown>\n#1 0x561b9f83e0b7 <unknown>\n#2 0x561b9f88bf53 <unknown>\n#3 0x561b9f88c051 <unknown>\n#4 0x561b9f8d19c4 <unknown>\n#5 0x561b9f8b2f1d <unknown>\n#6 0x561b9f8ceb3d <unknown>\n#7 0x561b9f8b2cc3 <unknown>\n#8 0x561b9f87e0e4 <unknown>\n#9 0x561b9f87f0ae <unknown>\n#10 0x561b9fb41ce1 <unknown>\n#11 0x561b9fb45b7e <unknown>\n#12 0x561b9fb2f4b5 <unknown>\n#13 0x561b9fb467d6 <unknown>\n#14 0x561b9fb12dbf <unknown>\n#15 0x561b9fb69748 <unknown>\n#16 0x561b9fb69917 <unknown>\n#17 0x561b9fb7a773 <unknown>\n#18 0x7fde732df044 <unknown>","time":{"start":1698886953847,"stop":1698886953860,"duration":13}},{"uid":"cfb68a095ccccd01","reportUrl":"https://zaelcovsky.github.io/StroyremAutomation/127//#testresult/cfb68a095ccccd01","status":"broken","statusDetails":"selenium.common.exceptions.NoSuchElementException: Message: no such element: Unable to locate element: {\"method\":\"xpath\",\"selector\":\"//div[@class='page-block articles-block']\"}\n  (Session info: headless chrome=119.0.6045.105); For documentation on this error, please visit: https://www.selenium.dev/documentation/webdriver/troubleshooting/errors#no-such-element-exception\nStacktrace:\n#0 0x555909d605e3 <unknown>\n#1 0x555909a230b7 <unknown>\n#2 0x555909a70f53 <unknown>\n#3 0x555909a71051 <unknown>\n#4 0x555909ab69c4 <unknown>\n#5 0x555909a97f1d <unknown>\n#6 0x555909ab3b3d <unknown>\n#7 0x555909a97cc3 <unknown>\n#8 0x555909a630e4 <unknown>\n#9 0x555909a640ae <unknown>\n#10 0x555909d26ce1 <unknown>\n#11 0x555909d2ab7e <unknown>\n#12 0x555909d144b5 <unknown>\n#13 0x555909d2b7d6 <unknown>\n#14 0x555909cf7dbf <unknown>\n#15 0x555909d4e748 <unknown>\n#16 0x555909d4e917 <unknown>\n#17 0x555909d5f773 <unknown>\n#18 0x7f3ae7750044 <unknown>","time":{"start":1698800812005,"stop":1698800812025,"duration":20}},{"uid":"25360fb48f4f88c3","reportUrl":"https://zaelcovsky.github.io/StroyremAutomation/126//#testresult/25360fb48f4f88c3","status":"broken","statusDetails":"selenium.common.exceptions.NoSuchElementException: Message: no such element: Unable to locate element: {\"method\":\"xpath\",\"selector\":\"//div[@class='page-block articles-block']\"}\n  (Session info: headless chrome=118.0.5993.70); For documentation on this error, please visit: https://www.selenium.dev/documentation/webdriver/troubleshooting/errors#no-such-element-exception\nStacktrace:\n#0 0x55f9a49cdfb3 <unknown>\n#1 0x55f9a46a14a7 <unknown>\n#2 0x55f9a46e8dd6 <unknown>\n#3 0x55f9a46e8ec1 <unknown>\n#4 0x55f9a4726354 <unknown>\n#5 0x55f9a470a96d <unknown>\n#6 0x55f9a4723c02 <unknown>\n#7 0x55f9a470a713 <unknown>\n#8 0x55f9a46dd18b <unknown>\n#9 0x55f9a46ddf7e <unknown>\n#10 0x55f9a49938d8 <unknown>\n#11 0x55f9a4997800 <unknown>\n#12 0x55f9a49a1cfc <unknown>\n#13 0x55f9a4998418 <unknown>\n#14 0x55f9a496542f <unknown>\n#15 0x55f9a49bc4e8 <unknown>\n#16 0x55f9a49bc6b4 <unknown>\n#17 0x55f9a49cd143 <unknown>\n#18 0x7f2db460c044 <unknown>","time":{"start":1698714191184,"stop":1698714191202,"duration":18}},{"uid":"e12368886f02d5ed","reportUrl":"https://zaelcovsky.github.io/StroyremAutomation/125//#testresult/e12368886f02d5ed","status":"broken","statusDetails":"selenium.common.exceptions.NoSuchElementException: Message: no such element: Unable to locate element: {\"method\":\"xpath\",\"selector\":\"//div[@class='page-block articles-block']\"}\n  (Session info: headless chrome=118.0.5993.70); For documentation on this error, please visit: https://www.selenium.dev/documentation/webdriver/troubleshooting/errors#no-such-element-exception\nStacktrace:\n#0 0x5564e7e81fb3 <unknown>\n#1 0x5564e7b554a7 <unknown>\n#2 0x5564e7b9cdd6 <unknown>\n#3 0x5564e7b9cec1 <unknown>\n#4 0x5564e7bda354 <unknown>\n#5 0x5564e7bbe96d <unknown>\n#6 0x5564e7bd7c02 <unknown>\n#7 0x5564e7bbe713 <unknown>\n#8 0x5564e7b9118b <unknown>\n#9 0x5564e7b91f7e <unknown>\n#10 0x5564e7e478d8 <unknown>\n#11 0x5564e7e4b800 <unknown>\n#12 0x5564e7e55cfc <unknown>\n#13 0x5564e7e4c418 <unknown>\n#14 0x5564e7e1942f <unknown>\n#15 0x5564e7e704e8 <unknown>\n#16 0x5564e7e706b4 <unknown>\n#17 0x5564e7e81143 <unknown>\n#18 0x7f0187723044 <unknown>","time":{"start":1698627768808,"stop":1698627768824,"duration":16}},{"uid":"ce13a582d63b4537","reportUrl":"https://zaelcovsky.github.io/StroyremAutomation/124//#testresult/ce13a582d63b4537","status":"broken","statusDetails":"selenium.common.exceptions.NoSuchElementException: Message: no such element: Unable to locate element: {\"method\":\"xpath\",\"selector\":\"//div[@class='page-block articles-block']\"}\n  (Session info: headless chrome=118.0.5993.70); For documentation on this error, please visit: https://www.selenium.dev/documentation/webdriver/troubleshooting/errors#no-such-element-exception\nStacktrace:\n#0 0x556ad3883fb3 <unknown>\n#1 0x556ad35574a7 <unknown>\n#2 0x556ad359edd6 <unknown>\n#3 0x556ad359eec1 <unknown>\n#4 0x556ad35dc354 <unknown>\n#5 0x556ad35c096d <unknown>\n#6 0x556ad35d9c02 <unknown>\n#7 0x556ad35c0713 <unknown>\n#8 0x556ad359318b <unknown>\n#9 0x556ad3593f7e <unknown>\n#10 0x556ad38498d8 <unknown>\n#11 0x556ad384d800 <unknown>\n#12 0x556ad3857cfc <unknown>\n#13 0x556ad384e418 <unknown>\n#14 0x556ad381b42f <unknown>\n#15 0x556ad38724e8 <unknown>\n#16 0x556ad38726b4 <unknown>\n#17 0x556ad3883143 <unknown>\n#18 0x7f0244303044 <unknown>","time":{"start":1698541553832,"stop":1698541553851,"duration":19}},{"uid":"a203385363fbe147","reportUrl":"https://zaelcovsky.github.io/StroyremAutomation/123//#testresult/a203385363fbe147","status":"broken","statusDetails":"selenium.common.exceptions.NoSuchElementException: Message: no such element: Unable to locate element: {\"method\":\"xpath\",\"selector\":\"//div[@class='page-block articles-block']\"}\n  (Session info: headless chrome=118.0.5993.70); For documentation on this error, please visit: https://www.selenium.dev/documentation/webdriver/troubleshooting/errors#no-such-element-exception\nStacktrace:\n#0 0x556e2227bfb3 <unknown>\n#1 0x556e21f4f4a7 <unknown>\n#2 0x556e21f96dd6 <unknown>\n#3 0x556e21f96ec1 <unknown>\n#4 0x556e21fd4354 <unknown>\n#5 0x556e21fb896d <unknown>\n#6 0x556e21fd1c02 <unknown>\n#7 0x556e21fb8713 <unknown>\n#8 0x556e21f8b18b <unknown>\n#9 0x556e21f8bf7e <unknown>\n#10 0x556e222418d8 <unknown>\n#11 0x556e22245800 <unknown>\n#12 0x556e2224fcfc <unknown>\n#13 0x556e22246418 <unknown>\n#14 0x556e2221342f <unknown>\n#15 0x556e2226a4e8 <unknown>\n#16 0x556e2226a6b4 <unknown>\n#17 0x556e2227b143 <unknown>\n#18 0x7f78f70b9044 <unknown>","time":{"start":1698454826252,"stop":1698454826269,"duration":17}},{"uid":"2b6f68ca60bf0c2c","reportUrl":"https://zaelcovsky.github.io/StroyremAutomation/122//#testresult/2b6f68ca60bf0c2c","status":"broken","statusDetails":"selenium.common.exceptions.NoSuchElementException: Message: no such element: Unable to locate element: {\"method\":\"xpath\",\"selector\":\"//div[@class='page-block articles-block']\"}\n  (Session info: headless chrome=118.0.5993.70); For documentation on this error, please visit: https://www.selenium.dev/documentation/webdriver/troubleshooting/errors#no-such-element-exception\nStacktrace:\n#0 0x55b16f91dfb3 <unknown>\n#1 0x55b16f5f14a7 <unknown>\n#2 0x55b16f638dd6 <unknown>\n#3 0x55b16f638ec1 <unknown>\n#4 0x55b16f676354 <unknown>\n#5 0x55b16f65a96d <unknown>\n#6 0x55b16f673c02 <unknown>\n#7 0x55b16f65a713 <unknown>\n#8 0x55b16f62d18b <unknown>\n#9 0x55b16f62df7e <unknown>\n#10 0x55b16f8e38d8 <unknown>\n#11 0x55b16f8e7800 <unknown>\n#12 0x55b16f8f1cfc <unknown>\n#13 0x55b16f8e8418 <unknown>\n#14 0x55b16f8b542f <unknown>\n#15 0x55b16f90c4e8 <unknown>\n#16 0x55b16f90c6b4 <unknown>\n#17 0x55b16f91d143 <unknown>\n#18 0x7f46d73de044 <unknown>","time":{"start":1698368488779,"stop":1698368488794,"duration":15}},{"uid":"1d242bc949684e1c","reportUrl":"https://zaelcovsky.github.io/StroyremAutomation/121//#testresult/1d242bc949684e1c","status":"broken","statusDetails":"selenium.common.exceptions.NoSuchElementException: Message: no such element: Unable to locate element: {\"method\":\"xpath\",\"selector\":\"//div[@class='page-block articles-block']\"}\n  (Session info: headless chrome=118.0.5993.70); For documentation on this error, please visit: https://www.selenium.dev/documentation/webdriver/troubleshooting/errors#no-such-element-exception\nStacktrace:\n#0 0x55de5c3defb3 <unknown>\n#1 0x55de5c0b24a7 <unknown>\n#2 0x55de5c0f9dd6 <unknown>\n#3 0x55de5c0f9ec1 <unknown>\n#4 0x55de5c137354 <unknown>\n#5 0x55de5c11b96d <unknown>\n#6 0x55de5c134c02 <unknown>\n#7 0x55de5c11b713 <unknown>\n#8 0x55de5c0ee18b <unknown>\n#9 0x55de5c0eef7e <unknown>\n#10 0x55de5c3a48d8 <unknown>\n#11 0x55de5c3a8800 <unknown>\n#12 0x55de5c3b2cfc <unknown>\n#13 0x55de5c3a9418 <unknown>\n#14 0x55de5c37642f <unknown>\n#15 0x55de5c3cd4e8 <unknown>\n#16 0x55de5c3cd6b4 <unknown>\n#17 0x55de5c3de143 <unknown>\n#18 0x7f358d5b5044 <unknown>","time":{"start":1698282096971,"stop":1698282096996,"duration":25}},{"uid":"d4593c7cd70c5129","reportUrl":"https://zaelcovsky.github.io/StroyremAutomation/120//#testresult/d4593c7cd70c5129","status":"broken","statusDetails":"selenium.common.exceptions.NoSuchElementException: Message: no such element: Unable to locate element: {\"method\":\"xpath\",\"selector\":\"//div[@class='page-block articles-block']\"}\n  (Session info: headless chrome=118.0.5993.70); For documentation on this error, please visit: https://www.selenium.dev/documentation/webdriver/troubleshooting/errors#no-such-element-exception\nStacktrace:\n#0 0x55b3c10c9fb3 <unknown>\n#1 0x55b3c0d9d4a7 <unknown>\n#2 0x55b3c0de4dd6 <unknown>\n#3 0x55b3c0de4ec1 <unknown>\n#4 0x55b3c0e22354 <unknown>\n#5 0x55b3c0e0696d <unknown>\n#6 0x55b3c0e1fc02 <unknown>\n#7 0x55b3c0e06713 <unknown>\n#8 0x55b3c0dd918b <unknown>\n#9 0x55b3c0dd9f7e <unknown>\n#10 0x55b3c108f8d8 <unknown>\n#11 0x55b3c1093800 <unknown>\n#12 0x55b3c109dcfc <unknown>\n#13 0x55b3c1094418 <unknown>\n#14 0x55b3c106142f <unknown>\n#15 0x55b3c10b84e8 <unknown>\n#16 0x55b3c10b86b4 <unknown>\n#17 0x55b3c10c9143 <unknown>\n#18 0x7f15f7c16044 <unknown>","time":{"start":1698195734095,"stop":1698195734110,"duration":15}},{"uid":"ac9bb3b7cdfa918b","reportUrl":"https://zaelcovsky.github.io/StroyremAutomation/119//#testresult/ac9bb3b7cdfa918b","status":"broken","statusDetails":"selenium.common.exceptions.NoSuchElementException: Message: no such element: Unable to locate element: {\"method\":\"xpath\",\"selector\":\"//div[@class='page-block articles-block']\"}\n  (Session info: headless chrome=118.0.5993.70); For documentation on this error, please visit: https://www.selenium.dev/documentation/webdriver/troubleshooting/errors#no-such-element-exception\nStacktrace:\n#0 0x555c633f8fb3 <unknown>\n#1 0x555c630cc4a7 <unknown>\n#2 0x555c63113dd6 <unknown>\n#3 0x555c63113ec1 <unknown>\n#4 0x555c63151354 <unknown>\n#5 0x555c6313596d <unknown>\n#6 0x555c6314ec02 <unknown>\n#7 0x555c63135713 <unknown>\n#8 0x555c6310818b <unknown>\n#9 0x555c63108f7e <unknown>\n#10 0x555c633be8d8 <unknown>\n#11 0x555c633c2800 <unknown>\n#12 0x555c633cccfc <unknown>\n#13 0x555c633c3418 <unknown>\n#14 0x555c6339042f <unknown>\n#15 0x555c633e74e8 <unknown>\n#16 0x555c633e76b4 <unknown>\n#17 0x555c633f8143 <unknown>\n#18 0x7f23c67d4044 <unknown>","time":{"start":1698109356537,"stop":1698109356558,"duration":21}},{"uid":"d40489d3b1ab1f5f","reportUrl":"https://zaelcovsky.github.io/StroyremAutomation/118//#testresult/d40489d3b1ab1f5f","status":"broken","statusDetails":"selenium.common.exceptions.NoSuchElementException: Message: no such element: Unable to locate element: {\"method\":\"xpath\",\"selector\":\"//div[@class='page-block articles-block']\"}\n  (Session info: headless chrome=118.0.5993.70); For documentation on this error, please visit: https://www.selenium.dev/documentation/webdriver/troubleshooting/errors#no-such-element-exception\nStacktrace:\n#0 0x55b3e0262fb3 <unknown>\n#1 0x55b3dff364a7 <unknown>\n#2 0x55b3dff7ddd6 <unknown>\n#3 0x55b3dff7dec1 <unknown>\n#4 0x55b3dffbb354 <unknown>\n#5 0x55b3dff9f96d <unknown>\n#6 0x55b3dffb8c02 <unknown>\n#7 0x55b3dff9f713 <unknown>\n#8 0x55b3dff7218b <unknown>\n#9 0x55b3dff72f7e <unknown>\n#10 0x55b3e02288d8 <unknown>\n#11 0x55b3e022c800 <unknown>\n#12 0x55b3e0236cfc <unknown>\n#13 0x55b3e022d418 <unknown>\n#14 0x55b3e01fa42f <unknown>\n#15 0x55b3e02514e8 <unknown>\n#16 0x55b3e02516b4 <unknown>\n#17 0x55b3e0262143 <unknown>\n#18 0x7fe75c384044 <unknown>","time":{"start":1698022969592,"stop":1698022969608,"duration":16}},{"uid":"35549008be7db727","reportUrl":"https://zaelcovsky.github.io/StroyremAutomation/117//#testresult/35549008be7db727","status":"broken","statusDetails":"selenium.common.exceptions.NoSuchElementException: Message: no such element: Unable to locate element: {\"method\":\"xpath\",\"selector\":\"//div[@class='page-block articles-block']\"}\n  (Session info: headless chrome=118.0.5993.70); For documentation on this error, please visit: https://www.selenium.dev/documentation/webdriver/troubleshooting/errors#no-such-element-exception\nStacktrace:\n#0 0x55b4c3a16fb3 <unknown>\n#1 0x55b4c36ea4a7 <unknown>\n#2 0x55b4c3731dd6 <unknown>\n#3 0x55b4c3731ec1 <unknown>\n#4 0x55b4c376f354 <unknown>\n#5 0x55b4c375396d <unknown>\n#6 0x55b4c376cc02 <unknown>\n#7 0x55b4c3753713 <unknown>\n#8 0x55b4c372618b <unknown>\n#9 0x55b4c3726f7e <unknown>\n#10 0x55b4c39dc8d8 <unknown>\n#11 0x55b4c39e0800 <unknown>\n#12 0x55b4c39eacfc <unknown>\n#13 0x55b4c39e1418 <unknown>\n#14 0x55b4c39ae42f <unknown>\n#15 0x55b4c3a054e8 <unknown>\n#16 0x55b4c3a056b4 <unknown>\n#17 0x55b4c3a16143 <unknown>\n#18 0x7fc39a294044 <unknown>","time":{"start":1697936784655,"stop":1697936784675,"duration":20}},{"uid":"31058934c869608f","reportUrl":"https://zaelcovsky.github.io/StroyremAutomation/116//#testresult/31058934c869608f","status":"broken","statusDetails":"selenium.common.exceptions.NoSuchElementException: Message: no such element: Unable to locate element: {\"method\":\"xpath\",\"selector\":\"//div[@class='page-block articles-block']\"}\n  (Session info: headless chrome=118.0.5993.70); For documentation on this error, please visit: https://www.selenium.dev/documentation/webdriver/troubleshooting/errors#no-such-element-exception\nStacktrace:\n#0 0x5646e9a42fb3 <unknown>\n#1 0x5646e97164a7 <unknown>\n#2 0x5646e975ddd6 <unknown>\n#3 0x5646e975dec1 <unknown>\n#4 0x5646e979b354 <unknown>\n#5 0x5646e977f96d <unknown>\n#6 0x5646e9798c02 <unknown>\n#7 0x5646e977f713 <unknown>\n#8 0x5646e975218b <unknown>\n#9 0x5646e9752f7e <unknown>\n#10 0x5646e9a088d8 <unknown>\n#11 0x5646e9a0c800 <unknown>\n#12 0x5646e9a16cfc <unknown>\n#13 0x5646e9a0d418 <unknown>\n#14 0x5646e99da42f <unknown>\n#15 0x5646e9a314e8 <unknown>\n#16 0x5646e9a316b4 <unknown>\n#17 0x5646e9a42143 <unknown>\n#18 0x7ffa95579044 <unknown>","time":{"start":1697850050921,"stop":1697850050936,"duration":15}},{"uid":"367293a2129cdca2","reportUrl":"https://zaelcovsky.github.io/StroyremAutomation/115//#testresult/367293a2129cdca2","status":"broken","statusDetails":"selenium.common.exceptions.NoSuchElementException: Message: no such element: Unable to locate element: {\"method\":\"xpath\",\"selector\":\"//div[@class='page-block articles-block']\"}\n  (Session info: headless chrome=118.0.5993.70); For documentation on this error, please visit: https://www.selenium.dev/documentation/webdriver/troubleshooting/errors#no-such-element-exception\nStacktrace:\n#0 0x557855f40fb3 <unknown>\n#1 0x557855c144a7 <unknown>\n#2 0x557855c5bdd6 <unknown>\n#3 0x557855c5bec1 <unknown>\n#4 0x557855c99354 <unknown>\n#5 0x557855c7d96d <unknown>\n#6 0x557855c96c02 <unknown>\n#7 0x557855c7d713 <unknown>\n#8 0x557855c5018b <unknown>\n#9 0x557855c50f7e <unknown>\n#10 0x557855f068d8 <unknown>\n#11 0x557855f0a800 <unknown>\n#12 0x557855f14cfc <unknown>\n#13 0x557855f0b418 <unknown>\n#14 0x557855ed842f <unknown>\n#15 0x557855f2f4e8 <unknown>\n#16 0x557855f2f6b4 <unknown>\n#17 0x557855f40143 <unknown>\n#18 0x7f4592723044 <unknown>","time":{"start":1697763769180,"stop":1697763769196,"duration":16}},{"uid":"8844c0a39bf2c712","reportUrl":"https://zaelcovsky.github.io/StroyremAutomation/114//#testresult/8844c0a39bf2c712","status":"broken","statusDetails":"selenium.common.exceptions.NoSuchElementException: Message: no such element: Unable to locate element: {\"method\":\"xpath\",\"selector\":\"//div[@class='page-block articles-block']\"}\n  (Session info: headless chrome=118.0.5993.70); For documentation on this error, please visit: https://www.selenium.dev/documentation/webdriver/troubleshooting/errors#no-such-element-exception\nStacktrace:\n#0 0x55d108641fb3 <unknown>\n#1 0x55d1083154a7 <unknown>\n#2 0x55d10835cdd6 <unknown>\n#3 0x55d10835cec1 <unknown>\n#4 0x55d10839a354 <unknown>\n#5 0x55d10837e96d <unknown>\n#6 0x55d108397c02 <unknown>\n#7 0x55d10837e713 <unknown>\n#8 0x55d10835118b <unknown>\n#9 0x55d108351f7e <unknown>\n#10 0x55d1086078d8 <unknown>\n#11 0x55d10860b800 <unknown>\n#12 0x55d108615cfc <unknown>\n#13 0x55d10860c418 <unknown>\n#14 0x55d1085d942f <unknown>\n#15 0x55d1086304e8 <unknown>\n#16 0x55d1086306b4 <unknown>\n#17 0x55d108641143 <unknown>\n#18 0x7f87099c9044 <unknown>","time":{"start":1697677373460,"stop":1697677373478,"duration":18}},{"uid":"1c702da1b306680c","reportUrl":"https://zaelcovsky.github.io/StroyremAutomation/113//#testresult/1c702da1b306680c","status":"broken","statusDetails":"selenium.common.exceptions.NoSuchElementException: Message: no such element: Unable to locate element: {\"method\":\"xpath\",\"selector\":\"//div[@class='page-block articles-block']\"}\n  (Session info: headless chrome=118.0.5993.70); For documentation on this error, please visit: https://www.selenium.dev/documentation/webdriver/troubleshooting/errors#no-such-element-exception\nStacktrace:\n#0 0x5627f3b7ffb3 <unknown>\n#1 0x5627f38534a7 <unknown>\n#2 0x5627f389add6 <unknown>\n#3 0x5627f389aec1 <unknown>\n#4 0x5627f38d8354 <unknown>\n#5 0x5627f38bc96d <unknown>\n#6 0x5627f38d5c02 <unknown>\n#7 0x5627f38bc713 <unknown>\n#8 0x5627f388f18b <unknown>\n#9 0x5627f388ff7e <unknown>\n#10 0x5627f3b458d8 <unknown>\n#11 0x5627f3b49800 <unknown>\n#12 0x5627f3b53cfc <unknown>\n#13 0x5627f3b4a418 <unknown>\n#14 0x5627f3b1742f <unknown>\n#15 0x5627f3b6e4e8 <unknown>\n#16 0x5627f3b6e6b4 <unknown>\n#17 0x5627f3b7f143 <unknown>\n#18 0x7f18e0143044 <unknown>","time":{"start":1697590998198,"stop":1697590998216,"duration":18}},{"uid":"ad7ecf51f5c1251","reportUrl":"https://zaelcovsky.github.io/StroyremAutomation/112//#testresult/ad7ecf51f5c1251","status":"broken","statusDetails":"selenium.common.exceptions.NoSuchElementException: Message: no such element: Unable to locate element: {\"method\":\"xpath\",\"selector\":\"//div[@class='page-block articles-block']\"}\n  (Session info: headless chrome=118.0.5993.70); For documentation on this error, please visit: https://www.selenium.dev/documentation/webdriver/troubleshooting/errors#no-such-element-exception\nStacktrace:\n#0 0x5590af804fb3 <unknown>\n#1 0x5590af4d84a7 <unknown>\n#2 0x5590af51fdd6 <unknown>\n#3 0x5590af51fec1 <unknown>\n#4 0x5590af55d354 <unknown>\n#5 0x5590af54196d <unknown>\n#6 0x5590af55ac02 <unknown>\n#7 0x5590af541713 <unknown>\n#8 0x5590af51418b <unknown>\n#9 0x5590af514f7e <unknown>\n#10 0x5590af7ca8d8 <unknown>\n#11 0x5590af7ce800 <unknown>\n#12 0x5590af7d8cfc <unknown>\n#13 0x5590af7cf418 <unknown>\n#14 0x5590af79c42f <unknown>\n#15 0x5590af7f34e8 <unknown>\n#16 0x5590af7f36b4 <unknown>\n#17 0x5590af804143 <unknown>\n#18 0x7fb92fc70044 <unknown>","time":{"start":1697504610937,"stop":1697504610956,"duration":19}}]},"tags":["smoke_test"]},"source":"c255f595a03223da.json","parameterValues":["'https://test2.stroyrem-nn.ru/'"]}