{"uid":"d7f222596b38c7fc","name":"TC 016 - Проверка функциональности ссылки 'Прайс'","fullName":"tests.test_main_page.TestMainPage#test_positive_footer_price_smoke","historyId":"6072e517f402f79d55e6be6751e80691","time":{"start":1699232845621,"stop":1699232845642,"duration":21},"status":"broken","statusMessage":"selenium.common.exceptions.NoSuchElementException: Message: no such element: Unable to locate element: {\"method\":\"xpath\",\"selector\":\"//a[@href='/price']\"}\n  (Session info: headless chrome=119.0.6045.105); For documentation on this error, please visit: https://www.selenium.dev/documentation/webdriver/troubleshooting/errors#no-such-element-exception\nStacktrace:\n#0 0x5560e60605e3 <unknown>\n#1 0x5560e5d230b7 <unknown>\n#2 0x5560e5d70f53 <unknown>\n#3 0x5560e5d71051 <unknown>\n#4 0x5560e5db69c4 <unknown>\n#5 0x5560e5d97f1d <unknown>\n#6 0x5560e5db3b3d <unknown>\n#7 0x5560e5d97cc3 <unknown>\n#8 0x5560e5d630e4 <unknown>\n#9 0x5560e5d640ae <unknown>\n#10 0x5560e6026ce1 <unknown>\n#11 0x5560e602ab7e <unknown>\n#12 0x5560e60144b5 <unknown>\n#13 0x5560e602b7d6 <unknown>\n#14 0x5560e5ff7dbf <unknown>\n#15 0x5560e604e748 <unknown>\n#16 0x5560e604e917 <unknown>\n#17 0x5560e605f773 <unknown>\n#18 0x7f2079b2a044 <unknown>","statusTrace":"self = <tests.test_main_page.TestMainPage object at 0x7f8c03f13a10>\nmain_page = <pages.main_page.MainPage object at 0x7f8c03ddbd90>\n\n    @allure.feature(\"Footer functionality\")\n    @allure.title(\"TC 016 - Проверка функциональности ссылки 'Прайс'\")\n    # @pytest.mark.xfail(reason=\"При переходе на страницу выдает 404 ошибку\")\n    @pytest.mark.smoke_test\n    def test_positive_footer_price_smoke(self, main_page):\n>       main_page.check_price_link()\n\ntests/test_main_page.py:146: \n_ _ _ _ _ _ _ _ _ _ _ _ _ _ _ _ _ _ _ _ _ _ _ _ _ _ _ _ _ _ _ _ _ _ _ _ _ _ _ _ \npages/main_page.py:174: in check_price_link\n    self.driver.find_element(*self._price_link).click()\n/usr/local/lib/python3.11/site-packages/selenium/webdriver/remote/webdriver.py:740: in find_element\n    return self.execute(Command.FIND_ELEMENT, {\"using\": by, \"value\": value})[\"value\"]\n/usr/local/lib/python3.11/site-packages/selenium/webdriver/remote/webdriver.py:346: in execute\n    self.error_handler.check_response(response)\n_ _ _ _ _ _ _ _ _ _ _ _ _ _ _ _ _ _ _ _ _ _ _ _ _ _ _ _ _ _ _ _ _ _ _ _ _ _ _ _ \n\nself = <selenium.webdriver.remote.errorhandler.ErrorHandler object at 0x7f8c02d3c190>\nresponse = {'status': 404, 'value': '{\"value\":{\"error\":\"no such element\",\"message\":\"no such element: Unable to locate element: {\\...\\\\n#16 0x5560e604e917 \\\\u003Cunknown>\\\\n#17 0x5560e605f773 \\\\u003Cunknown>\\\\n#18 0x7f2079b2a044 \\\\u003Cunknown>\\\\n\"}}'}\n\n    def check_response(self, response: Dict[str, Any]) -> None:\n        \"\"\"Checks that a JSON response from the WebDriver does not have an\n        error.\n    \n        :Args:\n         - response - The JSON response from the WebDriver server as a dictionary\n           object.\n    \n        :Raises: If the response contains an error message.\n        \"\"\"\n        status = response.get(\"status\", None)\n        if not status or status == ErrorCode.SUCCESS:\n            return\n        value = None\n        message = response.get(\"message\", \"\")\n        screen: str = response.get(\"screen\", \"\")\n        stacktrace = None\n        if isinstance(status, int):\n            value_json = response.get(\"value\", None)\n            if value_json and isinstance(value_json, str):\n                import json\n    \n                try:\n                    value = json.loads(value_json)\n                    if len(value) == 1:\n                        value = value[\"value\"]\n                    status = value.get(\"error\", None)\n                    if not status:\n                        status = value.get(\"status\", ErrorCode.UNKNOWN_ERROR)\n                        message = value.get(\"value\") or value.get(\"message\")\n                        if not isinstance(message, str):\n                            value = message\n                            message = message.get(\"message\")\n                    else:\n                        message = value.get(\"message\", None)\n                except ValueError:\n                    pass\n    \n        exception_class: Type[WebDriverException]\n        if status in ErrorCode.NO_SUCH_ELEMENT:\n            exception_class = NoSuchElementException\n        elif status in ErrorCode.NO_SUCH_FRAME:\n            exception_class = NoSuchFrameException\n        elif status in ErrorCode.NO_SUCH_SHADOW_ROOT:\n            exception_class = NoSuchShadowRootException\n        elif status in ErrorCode.NO_SUCH_WINDOW:\n            exception_class = NoSuchWindowException\n        elif status in ErrorCode.STALE_ELEMENT_REFERENCE:\n            exception_class = StaleElementReferenceException\n        elif status in ErrorCode.ELEMENT_NOT_VISIBLE:\n            exception_class = ElementNotVisibleException\n        elif status in ErrorCode.INVALID_ELEMENT_STATE:\n            exception_class = InvalidElementStateException\n        elif (\n            status in ErrorCode.INVALID_SELECTOR\n            or status in ErrorCode.INVALID_XPATH_SELECTOR\n            or status in ErrorCode.INVALID_XPATH_SELECTOR_RETURN_TYPER\n        ):\n            exception_class = InvalidSelectorException\n        elif status in ErrorCode.ELEMENT_IS_NOT_SELECTABLE:\n            exception_class = ElementNotSelectableException\n        elif status in ErrorCode.ELEMENT_NOT_INTERACTABLE:\n            exception_class = ElementNotInteractableException\n        elif status in ErrorCode.INVALID_COOKIE_DOMAIN:\n            exception_class = InvalidCookieDomainException\n        elif status in ErrorCode.UNABLE_TO_SET_COOKIE:\n            exception_class = UnableToSetCookieException\n        elif status in ErrorCode.TIMEOUT:\n            exception_class = TimeoutException\n        elif status in ErrorCode.SCRIPT_TIMEOUT:\n            exception_class = TimeoutException\n        elif status in ErrorCode.UNKNOWN_ERROR:\n            exception_class = WebDriverException\n        elif status in ErrorCode.UNEXPECTED_ALERT_OPEN:\n            exception_class = UnexpectedAlertPresentException\n        elif status in ErrorCode.NO_ALERT_OPEN:\n            exception_class = NoAlertPresentException\n        elif status in ErrorCode.IME_NOT_AVAILABLE:\n            exception_class = ImeNotAvailableException\n        elif status in ErrorCode.IME_ENGINE_ACTIVATION_FAILED:\n            exception_class = ImeActivationFailedException\n        elif status in ErrorCode.MOVE_TARGET_OUT_OF_BOUNDS:\n            exception_class = MoveTargetOutOfBoundsException\n        elif status in ErrorCode.JAVASCRIPT_ERROR:\n            exception_class = JavascriptException\n        elif status in ErrorCode.SESSION_NOT_CREATED:\n            exception_class = SessionNotCreatedException\n        elif status in ErrorCode.INVALID_ARGUMENT:\n            exception_class = InvalidArgumentException\n        elif status in ErrorCode.NO_SUCH_COOKIE:\n            exception_class = NoSuchCookieException\n        elif status in ErrorCode.UNABLE_TO_CAPTURE_SCREEN:\n            exception_class = ScreenshotException\n        elif status in ErrorCode.ELEMENT_CLICK_INTERCEPTED:\n            exception_class = ElementClickInterceptedException\n        elif status in ErrorCode.INSECURE_CERTIFICATE:\n            exception_class = InsecureCertificateException\n        elif status in ErrorCode.INVALID_COORDINATES:\n            exception_class = InvalidCoordinatesException\n        elif status in ErrorCode.INVALID_SESSION_ID:\n            exception_class = InvalidSessionIdException\n        elif status in ErrorCode.UNKNOWN_METHOD:\n            exception_class = UnknownMethodException\n        else:\n            exception_class = WebDriverException\n        if not value:\n            value = response[\"value\"]\n        if isinstance(value, str):\n            raise exception_class(value)\n        if message == \"\" and \"message\" in value:\n            message = value[\"message\"]\n    \n        screen = None  # type: ignore[assignment]\n        if \"screen\" in value:\n            screen = value[\"screen\"]\n    \n        stacktrace = None\n        st_value = value.get(\"stackTrace\") or value.get(\"stacktrace\")\n        if st_value:\n            if isinstance(st_value, str):\n                stacktrace = st_value.split(\"\\n\")\n            else:\n                stacktrace = []\n                try:\n                    for frame in st_value:\n                        line = frame.get(\"lineNumber\", \"\")\n                        file = frame.get(\"fileName\", \"<anonymous>\")\n                        if line:\n                            file = f\"{file}:{line}\"\n                        meth = frame.get(\"methodName\", \"<anonymous>\")\n                        if \"className\" in frame:\n                            meth = f\"{frame['className']}.{meth}\"\n                        msg = \"    at %s (%s)\"\n                        msg = msg % (meth, file)\n                        stacktrace.append(msg)\n                except TypeError:\n                    pass\n        if exception_class == UnexpectedAlertPresentException:\n            alert_text = None\n            if \"data\" in value:\n                alert_text = value[\"data\"].get(\"text\")\n            elif \"alert\" in value:\n                alert_text = value[\"alert\"].get(\"text\")\n            raise exception_class(message, screen, stacktrace, alert_text)  # type: ignore[call-arg]  # mypy is not smart enough here\n>       raise exception_class(message, screen, stacktrace)\nE       selenium.common.exceptions.NoSuchElementException: Message: no such element: Unable to locate element: {\"method\":\"xpath\",\"selector\":\"//a[@href='/price']\"}\nE         (Session info: headless chrome=119.0.6045.105); For documentation on this error, please visit: https://www.selenium.dev/documentation/webdriver/troubleshooting/errors#no-such-element-exception\nE       Stacktrace:\nE       #0 0x5560e60605e3 <unknown>\nE       #1 0x5560e5d230b7 <unknown>\nE       #2 0x5560e5d70f53 <unknown>\nE       #3 0x5560e5d71051 <unknown>\nE       #4 0x5560e5db69c4 <unknown>\nE       #5 0x5560e5d97f1d <unknown>\nE       #6 0x5560e5db3b3d <unknown>\nE       #7 0x5560e5d97cc3 <unknown>\nE       #8 0x5560e5d630e4 <unknown>\nE       #9 0x5560e5d640ae <unknown>\nE       #10 0x5560e6026ce1 <unknown>\nE       #11 0x5560e602ab7e <unknown>\nE       #12 0x5560e60144b5 <unknown>\nE       #13 0x5560e602b7d6 <unknown>\nE       #14 0x5560e5ff7dbf <unknown>\nE       #15 0x5560e604e748 <unknown>\nE       #16 0x5560e604e917 <unknown>\nE       #17 0x5560e605f773 <unknown>\nE       #18 0x7f2079b2a044 <unknown>\n\n/usr/local/lib/python3.11/site-packages/selenium/webdriver/remote/errorhandler.py:245: NoSuchElementException","flaky":false,"newFailed":false,"newBroken":false,"newPassed":false,"retriesCount":0,"retriesStatusChange":false,"beforeStages":[{"name":"_session_faker","time":{"start":1699232671937,"stop":1699232672036,"duration":99},"status":"passed","steps":[],"attachments":[],"parameters":[],"shouldDisplayMessage":false,"stepsCount":0,"attachmentsCount":0,"hasContent":false},{"name":"clear_allure_results_folder","time":{"start":1699232672037,"stop":1699232672037,"duration":0},"status":"passed","steps":[],"attachments":[],"parameters":[],"shouldDisplayMessage":false,"stepsCount":0,"attachmentsCount":0,"hasContent":false},{"name":"driver","time":{"start":1699232838993,"stop":1699232839801,"duration":808},"status":"passed","steps":[],"attachments":[],"parameters":[],"shouldDisplayMessage":false,"stepsCount":0,"attachmentsCount":0,"hasContent":false},{"name":"setup","time":{"start":1699232839801,"stop":1699232839801,"duration":0},"status":"passed","steps":[],"attachments":[],"parameters":[],"shouldDisplayMessage":false,"stepsCount":0,"attachmentsCount":0,"hasContent":false},{"name":"main_page","time":{"start":1699232839802,"stop":1699232845620,"duration":5818},"status":"passed","steps":[],"attachments":[],"parameters":[],"shouldDisplayMessage":false,"stepsCount":0,"attachmentsCount":0,"hasContent":false}],"testStage":{"status":"broken","statusMessage":"selenium.common.exceptions.NoSuchElementException: Message: no such element: Unable to locate element: {\"method\":\"xpath\",\"selector\":\"//a[@href='/price']\"}\n  (Session info: headless chrome=119.0.6045.105); For documentation on this error, please visit: https://www.selenium.dev/documentation/webdriver/troubleshooting/errors#no-such-element-exception\nStacktrace:\n#0 0x5560e60605e3 <unknown>\n#1 0x5560e5d230b7 <unknown>\n#2 0x5560e5d70f53 <unknown>\n#3 0x5560e5d71051 <unknown>\n#4 0x5560e5db69c4 <unknown>\n#5 0x5560e5d97f1d <unknown>\n#6 0x5560e5db3b3d <unknown>\n#7 0x5560e5d97cc3 <unknown>\n#8 0x5560e5d630e4 <unknown>\n#9 0x5560e5d640ae <unknown>\n#10 0x5560e6026ce1 <unknown>\n#11 0x5560e602ab7e <unknown>\n#12 0x5560e60144b5 <unknown>\n#13 0x5560e602b7d6 <unknown>\n#14 0x5560e5ff7dbf <unknown>\n#15 0x5560e604e748 <unknown>\n#16 0x5560e604e917 <unknown>\n#17 0x5560e605f773 <unknown>\n#18 0x7f2079b2a044 <unknown>","statusTrace":"self = <tests.test_main_page.TestMainPage object at 0x7f8c03f13a10>\nmain_page = <pages.main_page.MainPage object at 0x7f8c03ddbd90>\n\n    @allure.feature(\"Footer functionality\")\n    @allure.title(\"TC 016 - Проверка функциональности ссылки 'Прайс'\")\n    # @pytest.mark.xfail(reason=\"При переходе на страницу выдает 404 ошибку\")\n    @pytest.mark.smoke_test\n    def test_positive_footer_price_smoke(self, main_page):\n>       main_page.check_price_link()\n\ntests/test_main_page.py:146: \n_ _ _ _ _ _ _ _ _ _ _ _ _ _ _ _ _ _ _ _ _ _ _ _ _ _ _ _ _ _ _ _ _ _ _ _ _ _ _ _ \npages/main_page.py:174: in check_price_link\n    self.driver.find_element(*self._price_link).click()\n/usr/local/lib/python3.11/site-packages/selenium/webdriver/remote/webdriver.py:740: in find_element\n    return self.execute(Command.FIND_ELEMENT, {\"using\": by, \"value\": value})[\"value\"]\n/usr/local/lib/python3.11/site-packages/selenium/webdriver/remote/webdriver.py:346: in execute\n    self.error_handler.check_response(response)\n_ _ _ _ _ _ _ _ _ _ _ _ _ _ _ _ _ _ _ _ _ _ _ _ _ _ _ _ _ _ _ _ _ _ _ _ _ _ _ _ \n\nself = <selenium.webdriver.remote.errorhandler.ErrorHandler object at 0x7f8c02d3c190>\nresponse = {'status': 404, 'value': '{\"value\":{\"error\":\"no such element\",\"message\":\"no such element: Unable to locate element: {\\...\\\\n#16 0x5560e604e917 \\\\u003Cunknown>\\\\n#17 0x5560e605f773 \\\\u003Cunknown>\\\\n#18 0x7f2079b2a044 \\\\u003Cunknown>\\\\n\"}}'}\n\n    def check_response(self, response: Dict[str, Any]) -> None:\n        \"\"\"Checks that a JSON response from the WebDriver does not have an\n        error.\n    \n        :Args:\n         - response - The JSON response from the WebDriver server as a dictionary\n           object.\n    \n        :Raises: If the response contains an error message.\n        \"\"\"\n        status = response.get(\"status\", None)\n        if not status or status == ErrorCode.SUCCESS:\n            return\n        value = None\n        message = response.get(\"message\", \"\")\n        screen: str = response.get(\"screen\", \"\")\n        stacktrace = None\n        if isinstance(status, int):\n            value_json = response.get(\"value\", None)\n            if value_json and isinstance(value_json, str):\n                import json\n    \n                try:\n                    value = json.loads(value_json)\n                    if len(value) == 1:\n                        value = value[\"value\"]\n                    status = value.get(\"error\", None)\n                    if not status:\n                        status = value.get(\"status\", ErrorCode.UNKNOWN_ERROR)\n                        message = value.get(\"value\") or value.get(\"message\")\n                        if not isinstance(message, str):\n                            value = message\n                            message = message.get(\"message\")\n                    else:\n                        message = value.get(\"message\", None)\n                except ValueError:\n                    pass\n    \n        exception_class: Type[WebDriverException]\n        if status in ErrorCode.NO_SUCH_ELEMENT:\n            exception_class = NoSuchElementException\n        elif status in ErrorCode.NO_SUCH_FRAME:\n            exception_class = NoSuchFrameException\n        elif status in ErrorCode.NO_SUCH_SHADOW_ROOT:\n            exception_class = NoSuchShadowRootException\n        elif status in ErrorCode.NO_SUCH_WINDOW:\n            exception_class = NoSuchWindowException\n        elif status in ErrorCode.STALE_ELEMENT_REFERENCE:\n            exception_class = StaleElementReferenceException\n        elif status in ErrorCode.ELEMENT_NOT_VISIBLE:\n            exception_class = ElementNotVisibleException\n        elif status in ErrorCode.INVALID_ELEMENT_STATE:\n            exception_class = InvalidElementStateException\n        elif (\n            status in ErrorCode.INVALID_SELECTOR\n            or status in ErrorCode.INVALID_XPATH_SELECTOR\n            or status in ErrorCode.INVALID_XPATH_SELECTOR_RETURN_TYPER\n        ):\n            exception_class = InvalidSelectorException\n        elif status in ErrorCode.ELEMENT_IS_NOT_SELECTABLE:\n            exception_class = ElementNotSelectableException\n        elif status in ErrorCode.ELEMENT_NOT_INTERACTABLE:\n            exception_class = ElementNotInteractableException\n        elif status in ErrorCode.INVALID_COOKIE_DOMAIN:\n            exception_class = InvalidCookieDomainException\n        elif status in ErrorCode.UNABLE_TO_SET_COOKIE:\n            exception_class = UnableToSetCookieException\n        elif status in ErrorCode.TIMEOUT:\n            exception_class = TimeoutException\n        elif status in ErrorCode.SCRIPT_TIMEOUT:\n            exception_class = TimeoutException\n        elif status in ErrorCode.UNKNOWN_ERROR:\n            exception_class = WebDriverException\n        elif status in ErrorCode.UNEXPECTED_ALERT_OPEN:\n            exception_class = UnexpectedAlertPresentException\n        elif status in ErrorCode.NO_ALERT_OPEN:\n            exception_class = NoAlertPresentException\n        elif status in ErrorCode.IME_NOT_AVAILABLE:\n            exception_class = ImeNotAvailableException\n        elif status in ErrorCode.IME_ENGINE_ACTIVATION_FAILED:\n            exception_class = ImeActivationFailedException\n        elif status in ErrorCode.MOVE_TARGET_OUT_OF_BOUNDS:\n            exception_class = MoveTargetOutOfBoundsException\n        elif status in ErrorCode.JAVASCRIPT_ERROR:\n            exception_class = JavascriptException\n        elif status in ErrorCode.SESSION_NOT_CREATED:\n            exception_class = SessionNotCreatedException\n        elif status in ErrorCode.INVALID_ARGUMENT:\n            exception_class = InvalidArgumentException\n        elif status in ErrorCode.NO_SUCH_COOKIE:\n            exception_class = NoSuchCookieException\n        elif status in ErrorCode.UNABLE_TO_CAPTURE_SCREEN:\n            exception_class = ScreenshotException\n        elif status in ErrorCode.ELEMENT_CLICK_INTERCEPTED:\n            exception_class = ElementClickInterceptedException\n        elif status in ErrorCode.INSECURE_CERTIFICATE:\n            exception_class = InsecureCertificateException\n        elif status in ErrorCode.INVALID_COORDINATES:\n            exception_class = InvalidCoordinatesException\n        elif status in ErrorCode.INVALID_SESSION_ID:\n            exception_class = InvalidSessionIdException\n        elif status in ErrorCode.UNKNOWN_METHOD:\n            exception_class = UnknownMethodException\n        else:\n            exception_class = WebDriverException\n        if not value:\n            value = response[\"value\"]\n        if isinstance(value, str):\n            raise exception_class(value)\n        if message == \"\" and \"message\" in value:\n            message = value[\"message\"]\n    \n        screen = None  # type: ignore[assignment]\n        if \"screen\" in value:\n            screen = value[\"screen\"]\n    \n        stacktrace = None\n        st_value = value.get(\"stackTrace\") or value.get(\"stacktrace\")\n        if st_value:\n            if isinstance(st_value, str):\n                stacktrace = st_value.split(\"\\n\")\n            else:\n                stacktrace = []\n                try:\n                    for frame in st_value:\n                        line = frame.get(\"lineNumber\", \"\")\n                        file = frame.get(\"fileName\", \"<anonymous>\")\n                        if line:\n                            file = f\"{file}:{line}\"\n                        meth = frame.get(\"methodName\", \"<anonymous>\")\n                        if \"className\" in frame:\n                            meth = f\"{frame['className']}.{meth}\"\n                        msg = \"    at %s (%s)\"\n                        msg = msg % (meth, file)\n                        stacktrace.append(msg)\n                except TypeError:\n                    pass\n        if exception_class == UnexpectedAlertPresentException:\n            alert_text = None\n            if \"data\" in value:\n                alert_text = value[\"data\"].get(\"text\")\n            elif \"alert\" in value:\n                alert_text = value[\"alert\"].get(\"text\")\n            raise exception_class(message, screen, stacktrace, alert_text)  # type: ignore[call-arg]  # mypy is not smart enough here\n>       raise exception_class(message, screen, stacktrace)\nE       selenium.common.exceptions.NoSuchElementException: Message: no such element: Unable to locate element: {\"method\":\"xpath\",\"selector\":\"//a[@href='/price']\"}\nE         (Session info: headless chrome=119.0.6045.105); For documentation on this error, please visit: https://www.selenium.dev/documentation/webdriver/troubleshooting/errors#no-such-element-exception\nE       Stacktrace:\nE       #0 0x5560e60605e3 <unknown>\nE       #1 0x5560e5d230b7 <unknown>\nE       #2 0x5560e5d70f53 <unknown>\nE       #3 0x5560e5d71051 <unknown>\nE       #4 0x5560e5db69c4 <unknown>\nE       #5 0x5560e5d97f1d <unknown>\nE       #6 0x5560e5db3b3d <unknown>\nE       #7 0x5560e5d97cc3 <unknown>\nE       #8 0x5560e5d630e4 <unknown>\nE       #9 0x5560e5d640ae <unknown>\nE       #10 0x5560e6026ce1 <unknown>\nE       #11 0x5560e602ab7e <unknown>\nE       #12 0x5560e60144b5 <unknown>\nE       #13 0x5560e602b7d6 <unknown>\nE       #14 0x5560e5ff7dbf <unknown>\nE       #15 0x5560e604e748 <unknown>\nE       #16 0x5560e604e917 <unknown>\nE       #17 0x5560e605f773 <unknown>\nE       #18 0x7f2079b2a044 <unknown>\n\n/usr/local/lib/python3.11/site-packages/selenium/webdriver/remote/errorhandler.py:245: NoSuchElementException","steps":[{"name":"Проверка функциональности ссылки 'Прайс'","time":{"start":1699232845621,"stop":1699232845641,"duration":20},"status":"broken","statusMessage":"selenium.common.exceptions.NoSuchElementException: Message: no such element: Unable to locate element: {\"method\":\"xpath\",\"selector\":\"//a[@href='/price']\"}\n  (Session info: headless chrome=119.0.6045.105); For documentation on this error, please visit: https://www.selenium.dev/documentation/webdriver/troubleshooting/errors#no-such-element-exception\nStacktrace:\n#0 0x5560e60605e3 <unknown>\n#1 0x5560e5d230b7 <unknown>\n#2 0x5560e5d70f53 <unknown>\n#3 0x5560e5d71051 <unknown>\n#4 0x5560e5db69c4 <unknown>\n#5 0x5560e5d97f1d <unknown>\n#6 0x5560e5db3b3d <unknown>\n#7 0x5560e5d97cc3 <unknown>\n#8 0x5560e5d630e4 <unknown>\n#9 0x5560e5d640ae <unknown>\n#10 0x5560e6026ce1 <unknown>\n#11 0x5560e602ab7e <unknown>\n#12 0x5560e60144b5 <unknown>\n#13 0x5560e602b7d6 <unknown>\n#14 0x5560e5ff7dbf <unknown>\n#15 0x5560e604e748 <unknown>\n#16 0x5560e604e917 <unknown>\n#17 0x5560e605f773 <unknown>\n#18 0x7f2079b2a044 <unknown>\n\n","statusTrace":"  File \"/usr/local/lib/python3.11/site-packages/allure_commons/_allure.py\", line 192, in impl\n    return func(*a, **kw)\n           ^^^^^^^^^^^^^^\n  File \"/app/pages/main_page.py\", line 174, in check_price_link\n    self.driver.find_element(*self._price_link).click()\n    ^^^^^^^^^^^^^^^^^^^^^^^^^^^^^^^^^^^^^^^^^^^\n  File \"/usr/local/lib/python3.11/site-packages/selenium/webdriver/remote/webdriver.py\", line 740, in find_element\n    return self.execute(Command.FIND_ELEMENT, {\"using\": by, \"value\": value})[\"value\"]\n           ^^^^^^^^^^^^^^^^^^^^^^^^^^^^^^^^^^^^^^^^^^^^^^^^^^^^^^^^^^^^^^^^^\n  File \"/usr/local/lib/python3.11/site-packages/selenium/webdriver/remote/webdriver.py\", line 346, in execute\n    self.error_handler.check_response(response)\n  File \"/usr/local/lib/python3.11/site-packages/selenium/webdriver/remote/errorhandler.py\", line 245, in check_response\n    raise exception_class(message, screen, stacktrace)\n","steps":[],"attachments":[],"parameters":[],"shouldDisplayMessage":true,"stepsCount":0,"attachmentsCount":0,"hasContent":true}],"attachments":[{"uid":"674891bdf723528b","name":"Screenshot","source":"674891bdf723528b.png","type":"image/png","size":107684},{"uid":"c8a8f70838e94326","name":"HTML source","source":"c8a8f70838e94326.html","type":"text/html","size":393755}],"parameters":[],"shouldDisplayMessage":true,"stepsCount":1,"attachmentsCount":2,"hasContent":true},"afterStages":[{"name":"driver::0","time":{"start":1699232845872,"stop":1699232845940,"duration":68},"status":"passed","steps":[],"attachments":[],"parameters":[],"shouldDisplayMessage":false,"stepsCount":0,"attachmentsCount":0,"hasContent":false},{"name":"setup::0","time":{"start":1699232845872,"stop":1699232845872,"duration":0},"status":"passed","steps":[],"attachments":[],"parameters":[],"shouldDisplayMessage":false,"stepsCount":0,"attachmentsCount":0,"hasContent":false}],"labels":[{"name":"feature","value":"Footer functionality"},{"name":"epic","value":"Main Page"},{"name":"tag","value":"smoke_test"},{"name":"parentSuite","value":"tests"},{"name":"suite","value":"test_main_page"},{"name":"subSuite","value":"TestMainPage"},{"name":"host","value":"b08214eb3c95"},{"name":"thread","value":"1-MainThread"},{"name":"framework","value":"pytest"},{"name":"language","value":"cpython3"},{"name":"package","value":"tests.test_main_page"},{"name":"resultFormat","value":"allure2"}],"parameters":[{"name":"url","value":"'https://stroyrem-nn.ru/'"}],"links":[],"hidden":false,"retry":false,"extra":{"severity":"normal","retries":[],"categories":[{"name":"Test defects","matchedStatuses":[],"flaky":false}],"history":{"statistic":{"failed":0,"broken":15,"skipped":0,"passed":74,"unknown":0,"total":89},"items":[{"uid":"b5f87950e6e697d5","reportUrl":"https://zaelcovsky.github.io/StroyremAutomation/131//#testresult/b5f87950e6e697d5","status":"broken","statusDetails":"selenium.common.exceptions.NoSuchElementException: Message: no such element: Unable to locate element: {\"method\":\"xpath\",\"selector\":\"//a[@href='/price']\"}\n  (Session info: headless chrome=119.0.6045.105); For documentation on this error, please visit: https://www.selenium.dev/documentation/webdriver/troubleshooting/errors#no-such-element-exception\nStacktrace:\n#0 0x55ff54cd65e3 <unknown>\n#1 0x55ff549990b7 <unknown>\n#2 0x55ff549e6f53 <unknown>\n#3 0x55ff549e7051 <unknown>\n#4 0x55ff54a2c9c4 <unknown>\n#5 0x55ff54a0df1d <unknown>\n#6 0x55ff54a29b3d <unknown>\n#7 0x55ff54a0dcc3 <unknown>\n#8 0x55ff549d90e4 <unknown>\n#9 0x55ff549da0ae <unknown>\n#10 0x55ff54c9cce1 <unknown>\n#11 0x55ff54ca0b7e <unknown>\n#12 0x55ff54c8a4b5 <unknown>\n#13 0x55ff54ca17d6 <unknown>\n#14 0x55ff54c6ddbf <unknown>\n#15 0x55ff54cc4748 <unknown>\n#16 0x55ff54cc4917 <unknown>\n#17 0x55ff54cd5773 <unknown>\n#18 0x7f55770d5044 <unknown>","time":{"start":1699146567485,"stop":1699146567505,"duration":20}},{"uid":"831a48aaa3418831","reportUrl":"https://zaelcovsky.github.io/StroyremAutomation/130//#testresult/831a48aaa3418831","status":"broken","statusDetails":"selenium.common.exceptions.NoSuchElementException: Message: no such element: Unable to locate element: {\"method\":\"xpath\",\"selector\":\"//a[@href='/price']\"}\n  (Session info: headless chrome=119.0.6045.105); For documentation on this error, please visit: https://www.selenium.dev/documentation/webdriver/troubleshooting/errors#no-such-element-exception\nStacktrace:\n#0 0x5644a73cc5e3 <unknown>\n#1 0x5644a708f0b7 <unknown>\n#2 0x5644a70dcf53 <unknown>\n#3 0x5644a70dd051 <unknown>\n#4 0x5644a71229c4 <unknown>\n#5 0x5644a7103f1d <unknown>\n#6 0x5644a711fb3d <unknown>\n#7 0x5644a7103cc3 <unknown>\n#8 0x5644a70cf0e4 <unknown>\n#9 0x5644a70d00ae <unknown>\n#10 0x5644a7392ce1 <unknown>\n#11 0x5644a7396b7e <unknown>\n#12 0x5644a73804b5 <unknown>\n#13 0x5644a73977d6 <unknown>\n#14 0x5644a7363dbf <unknown>\n#15 0x5644a73ba748 <unknown>\n#16 0x5644a73ba917 <unknown>\n#17 0x5644a73cb773 <unknown>\n#18 0x7fb9a0286044 <unknown>","time":{"start":1699059871721,"stop":1699059871741,"duration":20}},{"uid":"569ac22e1e9ec27e","reportUrl":"https://zaelcovsky.github.io/StroyremAutomation/129//#testresult/569ac22e1e9ec27e","status":"broken","statusDetails":"selenium.common.exceptions.NoSuchElementException: Message: no such element: Unable to locate element: {\"method\":\"xpath\",\"selector\":\"//a[@href='/price']\"}\n  (Session info: headless chrome=119.0.6045.105); For documentation on this error, please visit: https://www.selenium.dev/documentation/webdriver/troubleshooting/errors#no-such-element-exception\nStacktrace:\n#0 0x55ad43be15e3 <unknown>\n#1 0x55ad438a40b7 <unknown>\n#2 0x55ad438f1f53 <unknown>\n#3 0x55ad438f2051 <unknown>\n#4 0x55ad439379c4 <unknown>\n#5 0x55ad43918f1d <unknown>\n#6 0x55ad43934b3d <unknown>\n#7 0x55ad43918cc3 <unknown>\n#8 0x55ad438e40e4 <unknown>\n#9 0x55ad438e50ae <unknown>\n#10 0x55ad43ba7ce1 <unknown>\n#11 0x55ad43babb7e <unknown>\n#12 0x55ad43b954b5 <unknown>\n#13 0x55ad43bac7d6 <unknown>\n#14 0x55ad43b78dbf <unknown>\n#15 0x55ad43bcf748 <unknown>\n#16 0x55ad43bcf917 <unknown>\n#17 0x55ad43be0773 <unknown>\n#18 0x7fa442ee7044 <unknown>","time":{"start":1698973473872,"stop":1698973473893,"duration":21}},{"uid":"38eda58932c6dbd7","reportUrl":"https://zaelcovsky.github.io/StroyremAutomation/128//#testresult/38eda58932c6dbd7","status":"broken","statusDetails":"selenium.common.exceptions.NoSuchElementException: Message: no such element: Unable to locate element: {\"method\":\"xpath\",\"selector\":\"//a[@href='/price']\"}\n  (Session info: headless chrome=119.0.6045.105); For documentation on this error, please visit: https://www.selenium.dev/documentation/webdriver/troubleshooting/errors#no-such-element-exception\nStacktrace:\n#0 0x55c2264275e3 <unknown>\n#1 0x55c2260ea0b7 <unknown>\n#2 0x55c226137f53 <unknown>\n#3 0x55c226138051 <unknown>\n#4 0x55c22617d9c4 <unknown>\n#5 0x55c22615ef1d <unknown>\n#6 0x55c22617ab3d <unknown>\n#7 0x55c22615ecc3 <unknown>\n#8 0x55c22612a0e4 <unknown>\n#9 0x55c22612b0ae <unknown>\n#10 0x55c2263edce1 <unknown>\n#11 0x55c2263f1b7e <unknown>\n#12 0x55c2263db4b5 <unknown>\n#13 0x55c2263f27d6 <unknown>\n#14 0x55c2263bedbf <unknown>\n#15 0x55c226415748 <unknown>\n#16 0x55c226415917 <unknown>\n#17 0x55c226426773 <unknown>\n#18 0x7fb7ba7c8044 <unknown>","time":{"start":1698887059637,"stop":1698887059651,"duration":14}},{"uid":"87d748df382c91f9","reportUrl":"https://zaelcovsky.github.io/StroyremAutomation/127//#testresult/87d748df382c91f9","status":"broken","statusDetails":"selenium.common.exceptions.NoSuchElementException: Message: no such element: Unable to locate element: {\"method\":\"xpath\",\"selector\":\"//a[@href='/price']\"}\n  (Session info: headless chrome=119.0.6045.105); For documentation on this error, please visit: https://www.selenium.dev/documentation/webdriver/troubleshooting/errors#no-such-element-exception\nStacktrace:\n#0 0x55b885b385e3 <unknown>\n#1 0x55b8857fb0b7 <unknown>\n#2 0x55b885848f53 <unknown>\n#3 0x55b885849051 <unknown>\n#4 0x55b88588e9c4 <unknown>\n#5 0x55b88586ff1d <unknown>\n#6 0x55b88588bb3d <unknown>\n#7 0x55b88586fcc3 <unknown>\n#8 0x55b88583b0e4 <unknown>\n#9 0x55b88583c0ae <unknown>\n#10 0x55b885afece1 <unknown>\n#11 0x55b885b02b7e <unknown>\n#12 0x55b885aec4b5 <unknown>\n#13 0x55b885b037d6 <unknown>\n#14 0x55b885acfdbf <unknown>\n#15 0x55b885b26748 <unknown>\n#16 0x55b885b26917 <unknown>\n#17 0x55b885b37773 <unknown>\n#18 0x7f5d70ceb044 <unknown>","time":{"start":1698800930155,"stop":1698800930185,"duration":30}},{"uid":"2f9500c1557f6824","reportUrl":"https://zaelcovsky.github.io/StroyremAutomation/126//#testresult/2f9500c1557f6824","status":"broken","statusDetails":"selenium.common.exceptions.NoSuchElementException: Message: no such element: Unable to locate element: {\"method\":\"xpath\",\"selector\":\"//a[@href='/price']\"}\n  (Session info: headless chrome=118.0.5993.70); For documentation on this error, please visit: https://www.selenium.dev/documentation/webdriver/troubleshooting/errors#no-such-element-exception\nStacktrace:\n#0 0x55ebe9b90fb3 <unknown>\n#1 0x55ebe98644a7 <unknown>\n#2 0x55ebe98abdd6 <unknown>\n#3 0x55ebe98abec1 <unknown>\n#4 0x55ebe98e9354 <unknown>\n#5 0x55ebe98cd96d <unknown>\n#6 0x55ebe98e6c02 <unknown>\n#7 0x55ebe98cd713 <unknown>\n#8 0x55ebe98a018b <unknown>\n#9 0x55ebe98a0f7e <unknown>\n#10 0x55ebe9b568d8 <unknown>\n#11 0x55ebe9b5a800 <unknown>\n#12 0x55ebe9b64cfc <unknown>\n#13 0x55ebe9b5b418 <unknown>\n#14 0x55ebe9b2842f <unknown>\n#15 0x55ebe9b7f4e8 <unknown>\n#16 0x55ebe9b7f6b4 <unknown>\n#17 0x55ebe9b90143 <unknown>\n#18 0x7fa3528da044 <unknown>","time":{"start":1698714293204,"stop":1698714293224,"duration":20}},{"uid":"9392e00daa4dfe0c","reportUrl":"https://zaelcovsky.github.io/StroyremAutomation/125//#testresult/9392e00daa4dfe0c","status":"broken","statusDetails":"selenium.common.exceptions.NoSuchElementException: Message: no such element: Unable to locate element: {\"method\":\"xpath\",\"selector\":\"//a[@href='/price']\"}\n  (Session info: headless chrome=118.0.5993.70); For documentation on this error, please visit: https://www.selenium.dev/documentation/webdriver/troubleshooting/errors#no-such-element-exception\nStacktrace:\n#0 0x55698c1fafb3 <unknown>\n#1 0x55698bece4a7 <unknown>\n#2 0x55698bf15dd6 <unknown>\n#3 0x55698bf15ec1 <unknown>\n#4 0x55698bf53354 <unknown>\n#5 0x55698bf3796d <unknown>\n#6 0x55698bf50c02 <unknown>\n#7 0x55698bf37713 <unknown>\n#8 0x55698bf0a18b <unknown>\n#9 0x55698bf0af7e <unknown>\n#10 0x55698c1c08d8 <unknown>\n#11 0x55698c1c4800 <unknown>\n#12 0x55698c1cecfc <unknown>\n#13 0x55698c1c5418 <unknown>\n#14 0x55698c19242f <unknown>\n#15 0x55698c1e94e8 <unknown>\n#16 0x55698c1e96b4 <unknown>\n#17 0x55698c1fa143 <unknown>\n#18 0x7f335d6b1044 <unknown>","time":{"start":1698627865257,"stop":1698627865276,"duration":19}},{"uid":"a6504109b7891dee","reportUrl":"https://zaelcovsky.github.io/StroyremAutomation/124//#testresult/a6504109b7891dee","status":"broken","statusDetails":"selenium.common.exceptions.NoSuchElementException: Message: no such element: Unable to locate element: {\"method\":\"xpath\",\"selector\":\"//a[@href='/price']\"}\n  (Session info: headless chrome=118.0.5993.70); For documentation on this error, please visit: https://www.selenium.dev/documentation/webdriver/troubleshooting/errors#no-such-element-exception\nStacktrace:\n#0 0x55ddd71cffb3 <unknown>\n#1 0x55ddd6ea34a7 <unknown>\n#2 0x55ddd6eeadd6 <unknown>\n#3 0x55ddd6eeaec1 <unknown>\n#4 0x55ddd6f28354 <unknown>\n#5 0x55ddd6f0c96d <unknown>\n#6 0x55ddd6f25c02 <unknown>\n#7 0x55ddd6f0c713 <unknown>\n#8 0x55ddd6edf18b <unknown>\n#9 0x55ddd6edff7e <unknown>\n#10 0x55ddd71958d8 <unknown>\n#11 0x55ddd7199800 <unknown>\n#12 0x55ddd71a3cfc <unknown>\n#13 0x55ddd719a418 <unknown>\n#14 0x55ddd716742f <unknown>\n#15 0x55ddd71be4e8 <unknown>\n#16 0x55ddd71be6b4 <unknown>\n#17 0x55ddd71cf143 <unknown>\n#18 0x7feb4de78044 <unknown>","time":{"start":1698541653793,"stop":1698541653816,"duration":23}},{"uid":"78625bfd9e287a61","reportUrl":"https://zaelcovsky.github.io/StroyremAutomation/123//#testresult/78625bfd9e287a61","status":"broken","statusDetails":"selenium.common.exceptions.NoSuchElementException: Message: no such element: Unable to locate element: {\"method\":\"xpath\",\"selector\":\"//a[@href='/price']\"}\n  (Session info: headless chrome=118.0.5993.70); For documentation on this error, please visit: https://www.selenium.dev/documentation/webdriver/troubleshooting/errors#no-such-element-exception\nStacktrace:\n#0 0x55a46d741fb3 <unknown>\n#1 0x55a46d4154a7 <unknown>\n#2 0x55a46d45cdd6 <unknown>\n#3 0x55a46d45cec1 <unknown>\n#4 0x55a46d49a354 <unknown>\n#5 0x55a46d47e96d <unknown>\n#6 0x55a46d497c02 <unknown>\n#7 0x55a46d47e713 <unknown>\n#8 0x55a46d45118b <unknown>\n#9 0x55a46d451f7e <unknown>\n#10 0x55a46d7078d8 <unknown>\n#11 0x55a46d70b800 <unknown>\n#12 0x55a46d715cfc <unknown>\n#13 0x55a46d70c418 <unknown>\n#14 0x55a46d6d942f <unknown>\n#15 0x55a46d7304e8 <unknown>\n#16 0x55a46d7306b4 <unknown>\n#17 0x55a46d741143 <unknown>\n#18 0x7f4534758044 <unknown>","time":{"start":1698454941875,"stop":1698454941897,"duration":22}},{"uid":"e957afa4f2c29840","reportUrl":"https://zaelcovsky.github.io/StroyremAutomation/122//#testresult/e957afa4f2c29840","status":"broken","statusDetails":"selenium.common.exceptions.NoSuchElementException: Message: no such element: Unable to locate element: {\"method\":\"xpath\",\"selector\":\"//a[@href='/price']\"}\n  (Session info: headless chrome=118.0.5993.70); For documentation on this error, please visit: https://www.selenium.dev/documentation/webdriver/troubleshooting/errors#no-such-element-exception\nStacktrace:\n#0 0x55d99238efb3 <unknown>\n#1 0x55d9920624a7 <unknown>\n#2 0x55d9920a9dd6 <unknown>\n#3 0x55d9920a9ec1 <unknown>\n#4 0x55d9920e7354 <unknown>\n#5 0x55d9920cb96d <unknown>\n#6 0x55d9920e4c02 <unknown>\n#7 0x55d9920cb713 <unknown>\n#8 0x55d99209e18b <unknown>\n#9 0x55d99209ef7e <unknown>\n#10 0x55d9923548d8 <unknown>\n#11 0x55d992358800 <unknown>\n#12 0x55d992362cfc <unknown>\n#13 0x55d992359418 <unknown>\n#14 0x55d99232642f <unknown>\n#15 0x55d99237d4e8 <unknown>\n#16 0x55d99237d6b4 <unknown>\n#17 0x55d99238e143 <unknown>\n#18 0x7f9eb66b5044 <unknown>","time":{"start":1698368592770,"stop":1698368592791,"duration":21}},{"uid":"6f1716b7b57b9f81","reportUrl":"https://zaelcovsky.github.io/StroyremAutomation/121//#testresult/6f1716b7b57b9f81","status":"broken","statusDetails":"selenium.common.exceptions.NoSuchElementException: Message: no such element: Unable to locate element: {\"method\":\"xpath\",\"selector\":\"//a[@href='/price']\"}\n  (Session info: headless chrome=118.0.5993.70); For documentation on this error, please visit: https://www.selenium.dev/documentation/webdriver/troubleshooting/errors#no-such-element-exception\nStacktrace:\n#0 0x559a32232fb3 <unknown>\n#1 0x559a31f064a7 <unknown>\n#2 0x559a31f4ddd6 <unknown>\n#3 0x559a31f4dec1 <unknown>\n#4 0x559a31f8b354 <unknown>\n#5 0x559a31f6f96d <unknown>\n#6 0x559a31f88c02 <unknown>\n#7 0x559a31f6f713 <unknown>\n#8 0x559a31f4218b <unknown>\n#9 0x559a31f42f7e <unknown>\n#10 0x559a321f88d8 <unknown>\n#11 0x559a321fc800 <unknown>\n#12 0x559a32206cfc <unknown>\n#13 0x559a321fd418 <unknown>\n#14 0x559a321ca42f <unknown>\n#15 0x559a322214e8 <unknown>\n#16 0x559a322216b4 <unknown>\n#17 0x559a32232143 <unknown>\n#18 0x7f031c255044 <unknown>","time":{"start":1698282198451,"stop":1698282198480,"duration":29}},{"uid":"6f9bbd12d15de8f6","reportUrl":"https://zaelcovsky.github.io/StroyremAutomation/120//#testresult/6f9bbd12d15de8f6","status":"broken","statusDetails":"selenium.common.exceptions.NoSuchElementException: Message: no such element: Unable to locate element: {\"method\":\"xpath\",\"selector\":\"//a[@href='/price']\"}\n  (Session info: headless chrome=118.0.5993.70); For documentation on this error, please visit: https://www.selenium.dev/documentation/webdriver/troubleshooting/errors#no-such-element-exception\nStacktrace:\n#0 0x5589ccc4bfb3 <unknown>\n#1 0x5589cc91f4a7 <unknown>\n#2 0x5589cc966dd6 <unknown>\n#3 0x5589cc966ec1 <unknown>\n#4 0x5589cc9a4354 <unknown>\n#5 0x5589cc98896d <unknown>\n#6 0x5589cc9a1c02 <unknown>\n#7 0x5589cc988713 <unknown>\n#8 0x5589cc95b18b <unknown>\n#9 0x5589cc95bf7e <unknown>\n#10 0x5589ccc118d8 <unknown>\n#11 0x5589ccc15800 <unknown>\n#12 0x5589ccc1fcfc <unknown>\n#13 0x5589ccc16418 <unknown>\n#14 0x5589ccbe342f <unknown>\n#15 0x5589ccc3a4e8 <unknown>\n#16 0x5589ccc3a6b4 <unknown>\n#17 0x5589ccc4b143 <unknown>\n#18 0x7f6e2cc25044 <unknown>","time":{"start":1698195833311,"stop":1698195833329,"duration":18}},{"uid":"956b5c95c1621544","reportUrl":"https://zaelcovsky.github.io/StroyremAutomation/119//#testresult/956b5c95c1621544","status":"broken","statusDetails":"selenium.common.exceptions.NoSuchElementException: Message: no such element: Unable to locate element: {\"method\":\"xpath\",\"selector\":\"//a[@href='/price']\"}\n  (Session info: headless chrome=118.0.5993.70); For documentation on this error, please visit: https://www.selenium.dev/documentation/webdriver/troubleshooting/errors#no-such-element-exception\nStacktrace:\n#0 0x563b729aafb3 <unknown>\n#1 0x563b7267e4a7 <unknown>\n#2 0x563b726c5dd6 <unknown>\n#3 0x563b726c5ec1 <unknown>\n#4 0x563b72703354 <unknown>\n#5 0x563b726e796d <unknown>\n#6 0x563b72700c02 <unknown>\n#7 0x563b726e7713 <unknown>\n#8 0x563b726ba18b <unknown>\n#9 0x563b726baf7e <unknown>\n#10 0x563b729708d8 <unknown>\n#11 0x563b72974800 <unknown>\n#12 0x563b7297ecfc <unknown>\n#13 0x563b72975418 <unknown>\n#14 0x563b7294242f <unknown>\n#15 0x563b729994e8 <unknown>\n#16 0x563b729996b4 <unknown>\n#17 0x563b729aa143 <unknown>\n#18 0x7f7c7b7c8044 <unknown>","time":{"start":1698109476221,"stop":1698109476245,"duration":24}},{"uid":"92e16e509cb3bb01","reportUrl":"https://zaelcovsky.github.io/StroyremAutomation/118//#testresult/92e16e509cb3bb01","status":"broken","statusDetails":"selenium.common.exceptions.NoSuchElementException: Message: no such element: Unable to locate element: {\"method\":\"xpath\",\"selector\":\"//a[@href='/price']\"}\n  (Session info: headless chrome=118.0.5993.70); For documentation on this error, please visit: https://www.selenium.dev/documentation/webdriver/troubleshooting/errors#no-such-element-exception\nStacktrace:\n#0 0x55c43c3e9fb3 <unknown>\n#1 0x55c43c0bd4a7 <unknown>\n#2 0x55c43c104dd6 <unknown>\n#3 0x55c43c104ec1 <unknown>\n#4 0x55c43c142354 <unknown>\n#5 0x55c43c12696d <unknown>\n#6 0x55c43c13fc02 <unknown>\n#7 0x55c43c126713 <unknown>\n#8 0x55c43c0f918b <unknown>\n#9 0x55c43c0f9f7e <unknown>\n#10 0x55c43c3af8d8 <unknown>\n#11 0x55c43c3b3800 <unknown>\n#12 0x55c43c3bdcfc <unknown>\n#13 0x55c43c3b4418 <unknown>\n#14 0x55c43c38142f <unknown>\n#15 0x55c43c3d84e8 <unknown>\n#16 0x55c43c3d86b4 <unknown>\n#17 0x55c43c3e9143 <unknown>\n#18 0x7f49e5733044 <unknown>","time":{"start":1698023074421,"stop":1698023074441,"duration":20}},{"uid":"2e69cf776cdcd84a","reportUrl":"https://zaelcovsky.github.io/StroyremAutomation/117//#testresult/2e69cf776cdcd84a","status":"passed","time":{"start":1697936882868,"stop":1697936884848,"duration":1980}},{"uid":"3437a93fc5f087be","reportUrl":"https://zaelcovsky.github.io/StroyremAutomation/116//#testresult/3437a93fc5f087be","status":"passed","time":{"start":1697850176822,"stop":1697850179092,"duration":2270}},{"uid":"116ab1f6938c58a2","reportUrl":"https://zaelcovsky.github.io/StroyremAutomation/115//#testresult/116ab1f6938c58a2","status":"passed","time":{"start":1697763891383,"stop":1697763893734,"duration":2351}},{"uid":"766162998e7f7bd3","reportUrl":"https://zaelcovsky.github.io/StroyremAutomation/114//#testresult/766162998e7f7bd3","status":"passed","time":{"start":1697677492355,"stop":1697677494842,"duration":2487}},{"uid":"8fc2b415ff9f577","reportUrl":"https://zaelcovsky.github.io/StroyremAutomation/113//#testresult/8fc2b415ff9f577","status":"passed","time":{"start":1697591137351,"stop":1697591139756,"duration":2405}},{"uid":"7ad6e353268b4b72","reportUrl":"https://zaelcovsky.github.io/StroyremAutomation/112//#testresult/7ad6e353268b4b72","status":"passed","time":{"start":1697504752201,"stop":1697504754488,"duration":2287}}]},"tags":["smoke_test"]},"source":"d7f222596b38c7fc.json","parameterValues":["'https://stroyrem-nn.ru/'"]}