{"uid":"48d3e9407e022bfc","name":"TD 025 Доставка товара весом до 10000кг. в синей зоне","fullName":"tests.delivery.test_delivery_calculation.TestDeliveryPageCalculation#test_positive_delivery_blue_zone_smoke","historyId":"5c91f1b6a5c2e7b4c36fa79019f7f7db","time":{"start":1704244280522,"stop":1704244280904,"duration":382},"status":"broken","statusMessage":"selenium.common.exceptions.NoSuchElementException: Message: no such element: Unable to locate element: {\"method\":\"xpath\",\"selector\":\"(//a[@class='add-to-cart yellow-btn'])[1]\"}\n  (Session info: chrome-headless-shell=120.0.6099.109); For documentation on this error, please visit: https://www.selenium.dev/documentation/webdriver/troubleshooting/errors#no-such-element-exception\nStacktrace:\n#0 0x55dd6303ff83 <unknown>\n#1 0x55dd62cf8cf7 <unknown>\n#2 0x55dd62d4899e <unknown>\n#3 0x55dd62d48aa1 <unknown>\n#4 0x55dd62d93d64 <unknown>\n#5 0x55dd62d720dd <unknown>\n#6 0x55dd62d91006 <unknown>\n#7 0x55dd62d71e53 <unknown>\n#8 0x55dd62d39dd4 <unknown>\n#9 0x55dd62d3b1de <unknown>\n#10 0x55dd63004531 <unknown>\n#11 0x55dd63008455 <unknown>\n#12 0x55dd62ff0f55 <unknown>\n#13 0x55dd630090ef <unknown>\n#14 0x55dd62fd499f <unknown>\n#15 0x55dd6302d008 <unknown>\n#16 0x55dd6302d1d7 <unknown>\n#17 0x55dd6303f124 <unknown>\n#18 0x7f4e5566a044 <unknown>","statusTrace":"self = <tests.delivery.test_delivery_calculation.TestDeliveryPageCalculation object at 0x7f3b942cb050>\ndriver = <selenium.webdriver.chrome.webdriver.WebDriver (session=\"3c3898a8d812ae4a1f29a129ea50f38c\")>\nurl = 'https://sandboxtest.stroyrem-nn.ru/', case_id = 'TD 025'\nlink_item = 'products/shtukaturka-gipsovaya-aksolit-m50-30-kg-mashinnogo-naneseniya'\namount = 333, weight = 10000, standard = 7000, in_time = 13900, all_time = 15900\n\n    @pytest.mark.parametrize('case_id, link_item, amount, weight, standard, in_time, all_time', [\n        (\"TD 015\", bundeks_25, 1, 30, 650, 2390, 3320),\n        pytest.param(\n            \"TD 016\", aksolit_30, 8, 300, 650, 2390, 3320,\n            marks=pytest.mark.xfail(reson=\"Цена доставки: - - -\")\n        ),\n        (\"TD 017\", aksolit_30, 13, 400, 650, 2390, 3320),\n        (\"TD 018\", aksolit_30, 16, 500, 850, 2490, 3320),\n        (\"TD 019\", aksolit_30, 25, 1700, 1150, 2490, 3320),\n        (\"TD 020\", aksolit_30, 66, 2000, 1500, 2990, 3650),\n        (\"TD 021\", aksolit_30, 149, 4500, 2600, 4380, 4890),\n        (\"TD 022\", aksolit_30, 166, 5000, 2800, 5490, 5980),\n        pytest.param(\n            \"TD 023\", aksolit_30, 206, 6200, 3300, 7500, 8000,\n            marks=pytest.mark.xfail(reson=\"Цена доставки: 4300 9900 11440\")\n        ),\n        (\"TD 024\", aksolit_30, 299, 9000, 4300, 9900, 11440),\n        (\"TD 025\", aksolit_30, 333, 10000, 7000, 13900, 15900),\n        pytest.param(\n            \"TD 026\", aksolit_30, 366, 11000, 8000, 14900, 19900,\n            marks=pytest.mark.xfail(reson=\"Цена доставки: 7000 13900 15900\")\n        ),\n        pytest.param(\n            \"TD 027\", aksolit_30, 666, 20000, 14000, 16900, 23900,\n            marks=pytest.mark.xfail(reson=\"Цена доставки: 7000 13900 15900\")\n        )\n    ])\n    @pytest.mark.smoke\n    def test_positive_delivery_blue_zone_smoke(\n            self, driver, url, case_id, link_item, amount, weight, standard, in_time, all_time\n    ):\n        allure.dynamic.title(f\"{case_id} Доставка товара весом до {weight}кг. в синей зоне\")\n    \n        driver.get(f'{url}{link_item}')\n        item_page = ItemPage(driver)\n>       item_page.add_item_to_cart(amount).click_on_cart()\n\ntests/delivery/test_delivery_calculation.py:130: \n_ _ _ _ _ _ _ _ _ _ _ _ _ _ _ _ _ _ _ _ _ _ _ _ _ _ _ _ _ _ _ _ _ _ _ _ _ _ _ _ \npages/item_page.py:40: in add_item_to_cart\n    self.find_element(self._add_item).click()\nbase/seleniumbase.py:17: in find_element\n    return self.driver.find_element(*locator)\n/usr/local/lib/python3.11/site-packages/selenium/webdriver/remote/webdriver.py:740: in find_element\n    return self.execute(Command.FIND_ELEMENT, {\"using\": by, \"value\": value})[\"value\"]\n/usr/local/lib/python3.11/site-packages/selenium/webdriver/remote/webdriver.py:346: in execute\n    self.error_handler.check_response(response)\n_ _ _ _ _ _ _ _ _ _ _ _ _ _ _ _ _ _ _ _ _ _ _ _ _ _ _ _ _ _ _ _ _ _ _ _ _ _ _ _ \n\nself = <selenium.webdriver.remote.errorhandler.ErrorHandler object at 0x7f3b93cf5490>\nresponse = {'status': 404, 'value': '{\"value\":{\"error\":\"no such element\",\"message\":\"no such element: Unable to locate element: {\\...\\\\n#16 0x55dd6302d1d7 \\\\u003Cunknown>\\\\n#17 0x55dd6303f124 \\\\u003Cunknown>\\\\n#18 0x7f4e5566a044 \\\\u003Cunknown>\\\\n\"}}'}\n\n    def check_response(self, response: Dict[str, Any]) -> None:\n        \"\"\"Checks that a JSON response from the WebDriver does not have an\n        error.\n    \n        :Args:\n         - response - The JSON response from the WebDriver server as a dictionary\n           object.\n    \n        :Raises: If the response contains an error message.\n        \"\"\"\n        status = response.get(\"status\", None)\n        if not status or status == ErrorCode.SUCCESS:\n            return\n        value = None\n        message = response.get(\"message\", \"\")\n        screen: str = response.get(\"screen\", \"\")\n        stacktrace = None\n        if isinstance(status, int):\n            value_json = response.get(\"value\", None)\n            if value_json and isinstance(value_json, str):\n                import json\n    \n                try:\n                    value = json.loads(value_json)\n                    if len(value) == 1:\n                        value = value[\"value\"]\n                    status = value.get(\"error\", None)\n                    if not status:\n                        status = value.get(\"status\", ErrorCode.UNKNOWN_ERROR)\n                        message = value.get(\"value\") or value.get(\"message\")\n                        if not isinstance(message, str):\n                            value = message\n                            message = message.get(\"message\")\n                    else:\n                        message = value.get(\"message\", None)\n                except ValueError:\n                    pass\n    \n        exception_class: Type[WebDriverException]\n        if status in ErrorCode.NO_SUCH_ELEMENT:\n            exception_class = NoSuchElementException\n        elif status in ErrorCode.NO_SUCH_FRAME:\n            exception_class = NoSuchFrameException\n        elif status in ErrorCode.NO_SUCH_SHADOW_ROOT:\n            exception_class = NoSuchShadowRootException\n        elif status in ErrorCode.NO_SUCH_WINDOW:\n            exception_class = NoSuchWindowException\n        elif status in ErrorCode.STALE_ELEMENT_REFERENCE:\n            exception_class = StaleElementReferenceException\n        elif status in ErrorCode.ELEMENT_NOT_VISIBLE:\n            exception_class = ElementNotVisibleException\n        elif status in ErrorCode.INVALID_ELEMENT_STATE:\n            exception_class = InvalidElementStateException\n        elif (\n            status in ErrorCode.INVALID_SELECTOR\n            or status in ErrorCode.INVALID_XPATH_SELECTOR\n            or status in ErrorCode.INVALID_XPATH_SELECTOR_RETURN_TYPER\n        ):\n            exception_class = InvalidSelectorException\n        elif status in ErrorCode.ELEMENT_IS_NOT_SELECTABLE:\n            exception_class = ElementNotSelectableException\n        elif status in ErrorCode.ELEMENT_NOT_INTERACTABLE:\n            exception_class = ElementNotInteractableException\n        elif status in ErrorCode.INVALID_COOKIE_DOMAIN:\n            exception_class = InvalidCookieDomainException\n        elif status in ErrorCode.UNABLE_TO_SET_COOKIE:\n            exception_class = UnableToSetCookieException\n        elif status in ErrorCode.TIMEOUT:\n            exception_class = TimeoutException\n        elif status in ErrorCode.SCRIPT_TIMEOUT:\n            exception_class = TimeoutException\n        elif status in ErrorCode.UNKNOWN_ERROR:\n            exception_class = WebDriverException\n        elif status in ErrorCode.UNEXPECTED_ALERT_OPEN:\n            exception_class = UnexpectedAlertPresentException\n        elif status in ErrorCode.NO_ALERT_OPEN:\n            exception_class = NoAlertPresentException\n        elif status in ErrorCode.IME_NOT_AVAILABLE:\n            exception_class = ImeNotAvailableException\n        elif status in ErrorCode.IME_ENGINE_ACTIVATION_FAILED:\n            exception_class = ImeActivationFailedException\n        elif status in ErrorCode.MOVE_TARGET_OUT_OF_BOUNDS:\n            exception_class = MoveTargetOutOfBoundsException\n        elif status in ErrorCode.JAVASCRIPT_ERROR:\n            exception_class = JavascriptException\n        elif status in ErrorCode.SESSION_NOT_CREATED:\n            exception_class = SessionNotCreatedException\n        elif status in ErrorCode.INVALID_ARGUMENT:\n            exception_class = InvalidArgumentException\n        elif status in ErrorCode.NO_SUCH_COOKIE:\n            exception_class = NoSuchCookieException\n        elif status in ErrorCode.UNABLE_TO_CAPTURE_SCREEN:\n            exception_class = ScreenshotException\n        elif status in ErrorCode.ELEMENT_CLICK_INTERCEPTED:\n            exception_class = ElementClickInterceptedException\n        elif status in ErrorCode.INSECURE_CERTIFICATE:\n            exception_class = InsecureCertificateException\n        elif status in ErrorCode.INVALID_COORDINATES:\n            exception_class = InvalidCoordinatesException\n        elif status in ErrorCode.INVALID_SESSION_ID:\n            exception_class = InvalidSessionIdException\n        elif status in ErrorCode.UNKNOWN_METHOD:\n            exception_class = UnknownMethodException\n        else:\n            exception_class = WebDriverException\n        if not value:\n            value = response[\"value\"]\n        if isinstance(value, str):\n            raise exception_class(value)\n        if message == \"\" and \"message\" in value:\n            message = value[\"message\"]\n    \n        screen = None  # type: ignore[assignment]\n        if \"screen\" in value:\n            screen = value[\"screen\"]\n    \n        stacktrace = None\n        st_value = value.get(\"stackTrace\") or value.get(\"stacktrace\")\n        if st_value:\n            if isinstance(st_value, str):\n                stacktrace = st_value.split(\"\\n\")\n            else:\n                stacktrace = []\n                try:\n                    for frame in st_value:\n                        line = frame.get(\"lineNumber\", \"\")\n                        file = frame.get(\"fileName\", \"<anonymous>\")\n                        if line:\n                            file = f\"{file}:{line}\"\n                        meth = frame.get(\"methodName\", \"<anonymous>\")\n                        if \"className\" in frame:\n                            meth = f\"{frame['className']}.{meth}\"\n                        msg = \"    at %s (%s)\"\n                        msg = msg % (meth, file)\n                        stacktrace.append(msg)\n                except TypeError:\n                    pass\n        if exception_class == UnexpectedAlertPresentException:\n            alert_text = None\n            if \"data\" in value:\n                alert_text = value[\"data\"].get(\"text\")\n            elif \"alert\" in value:\n                alert_text = value[\"alert\"].get(\"text\")\n            raise exception_class(message, screen, stacktrace, alert_text)  # type: ignore[call-arg]  # mypy is not smart enough here\n>       raise exception_class(message, screen, stacktrace)\nE       selenium.common.exceptions.NoSuchElementException: Message: no such element: Unable to locate element: {\"method\":\"xpath\",\"selector\":\"(//a[@class='add-to-cart yellow-btn'])[1]\"}\nE         (Session info: chrome-headless-shell=120.0.6099.109); For documentation on this error, please visit: https://www.selenium.dev/documentation/webdriver/troubleshooting/errors#no-such-element-exception\nE       Stacktrace:\nE       #0 0x55dd6303ff83 <unknown>\nE       #1 0x55dd62cf8cf7 <unknown>\nE       #2 0x55dd62d4899e <unknown>\nE       #3 0x55dd62d48aa1 <unknown>\nE       #4 0x55dd62d93d64 <unknown>\nE       #5 0x55dd62d720dd <unknown>\nE       #6 0x55dd62d91006 <unknown>\nE       #7 0x55dd62d71e53 <unknown>\nE       #8 0x55dd62d39dd4 <unknown>\nE       #9 0x55dd62d3b1de <unknown>\nE       #10 0x55dd63004531 <unknown>\nE       #11 0x55dd63008455 <unknown>\nE       #12 0x55dd62ff0f55 <unknown>\nE       #13 0x55dd630090ef <unknown>\nE       #14 0x55dd62fd499f <unknown>\nE       #15 0x55dd6302d008 <unknown>\nE       #16 0x55dd6302d1d7 <unknown>\nE       #17 0x55dd6303f124 <unknown>\nE       #18 0x7f4e5566a044 <unknown>\n\n/usr/local/lib/python3.11/site-packages/selenium/webdriver/remote/errorhandler.py:245: NoSuchElementException","flaky":false,"newFailed":false,"newBroken":false,"newPassed":false,"retriesCount":0,"retriesStatusChange":false,"beforeStages":[{"name":"_session_faker","time":{"start":1704243830133,"stop":1704243830202,"duration":69},"status":"passed","steps":[],"attachments":[],"parameters":[],"shouldDisplayMessage":false,"stepsCount":0,"attachmentsCount":0,"hasContent":false,"attachmentStep":false},{"name":"clear_allure_results_folder","time":{"start":1704243830202,"stop":1704243830202,"duration":0},"status":"passed","steps":[],"attachments":[],"parameters":[],"shouldDisplayMessage":false,"stepsCount":0,"attachmentsCount":0,"hasContent":false,"attachmentStep":false},{"name":"driver","time":{"start":1704244279787,"stop":1704244280521,"duration":734},"status":"passed","steps":[],"attachments":[],"parameters":[],"shouldDisplayMessage":false,"stepsCount":0,"attachmentsCount":0,"hasContent":false,"attachmentStep":false},{"name":"setup","time":{"start":1704244280521,"stop":1704244280521,"duration":0},"status":"passed","steps":[],"attachments":[],"parameters":[],"shouldDisplayMessage":false,"stepsCount":0,"attachmentsCount":0,"hasContent":false,"attachmentStep":false}],"testStage":{"status":"broken","statusMessage":"selenium.common.exceptions.NoSuchElementException: Message: no such element: Unable to locate element: {\"method\":\"xpath\",\"selector\":\"(//a[@class='add-to-cart yellow-btn'])[1]\"}\n  (Session info: chrome-headless-shell=120.0.6099.109); For documentation on this error, please visit: https://www.selenium.dev/documentation/webdriver/troubleshooting/errors#no-such-element-exception\nStacktrace:\n#0 0x55dd6303ff83 <unknown>\n#1 0x55dd62cf8cf7 <unknown>\n#2 0x55dd62d4899e <unknown>\n#3 0x55dd62d48aa1 <unknown>\n#4 0x55dd62d93d64 <unknown>\n#5 0x55dd62d720dd <unknown>\n#6 0x55dd62d91006 <unknown>\n#7 0x55dd62d71e53 <unknown>\n#8 0x55dd62d39dd4 <unknown>\n#9 0x55dd62d3b1de <unknown>\n#10 0x55dd63004531 <unknown>\n#11 0x55dd63008455 <unknown>\n#12 0x55dd62ff0f55 <unknown>\n#13 0x55dd630090ef <unknown>\n#14 0x55dd62fd499f <unknown>\n#15 0x55dd6302d008 <unknown>\n#16 0x55dd6302d1d7 <unknown>\n#17 0x55dd6303f124 <unknown>\n#18 0x7f4e5566a044 <unknown>","statusTrace":"self = <tests.delivery.test_delivery_calculation.TestDeliveryPageCalculation object at 0x7f3b942cb050>\ndriver = <selenium.webdriver.chrome.webdriver.WebDriver (session=\"3c3898a8d812ae4a1f29a129ea50f38c\")>\nurl = 'https://sandboxtest.stroyrem-nn.ru/', case_id = 'TD 025'\nlink_item = 'products/shtukaturka-gipsovaya-aksolit-m50-30-kg-mashinnogo-naneseniya'\namount = 333, weight = 10000, standard = 7000, in_time = 13900, all_time = 15900\n\n    @pytest.mark.parametrize('case_id, link_item, amount, weight, standard, in_time, all_time', [\n        (\"TD 015\", bundeks_25, 1, 30, 650, 2390, 3320),\n        pytest.param(\n            \"TD 016\", aksolit_30, 8, 300, 650, 2390, 3320,\n            marks=pytest.mark.xfail(reson=\"Цена доставки: - - -\")\n        ),\n        (\"TD 017\", aksolit_30, 13, 400, 650, 2390, 3320),\n        (\"TD 018\", aksolit_30, 16, 500, 850, 2490, 3320),\n        (\"TD 019\", aksolit_30, 25, 1700, 1150, 2490, 3320),\n        (\"TD 020\", aksolit_30, 66, 2000, 1500, 2990, 3650),\n        (\"TD 021\", aksolit_30, 149, 4500, 2600, 4380, 4890),\n        (\"TD 022\", aksolit_30, 166, 5000, 2800, 5490, 5980),\n        pytest.param(\n            \"TD 023\", aksolit_30, 206, 6200, 3300, 7500, 8000,\n            marks=pytest.mark.xfail(reson=\"Цена доставки: 4300 9900 11440\")\n        ),\n        (\"TD 024\", aksolit_30, 299, 9000, 4300, 9900, 11440),\n        (\"TD 025\", aksolit_30, 333, 10000, 7000, 13900, 15900),\n        pytest.param(\n            \"TD 026\", aksolit_30, 366, 11000, 8000, 14900, 19900,\n            marks=pytest.mark.xfail(reson=\"Цена доставки: 7000 13900 15900\")\n        ),\n        pytest.param(\n            \"TD 027\", aksolit_30, 666, 20000, 14000, 16900, 23900,\n            marks=pytest.mark.xfail(reson=\"Цена доставки: 7000 13900 15900\")\n        )\n    ])\n    @pytest.mark.smoke\n    def test_positive_delivery_blue_zone_smoke(\n            self, driver, url, case_id, link_item, amount, weight, standard, in_time, all_time\n    ):\n        allure.dynamic.title(f\"{case_id} Доставка товара весом до {weight}кг. в синей зоне\")\n    \n        driver.get(f'{url}{link_item}')\n        item_page = ItemPage(driver)\n>       item_page.add_item_to_cart(amount).click_on_cart()\n\ntests/delivery/test_delivery_calculation.py:130: \n_ _ _ _ _ _ _ _ _ _ _ _ _ _ _ _ _ _ _ _ _ _ _ _ _ _ _ _ _ _ _ _ _ _ _ _ _ _ _ _ \npages/item_page.py:40: in add_item_to_cart\n    self.find_element(self._add_item).click()\nbase/seleniumbase.py:17: in find_element\n    return self.driver.find_element(*locator)\n/usr/local/lib/python3.11/site-packages/selenium/webdriver/remote/webdriver.py:740: in find_element\n    return self.execute(Command.FIND_ELEMENT, {\"using\": by, \"value\": value})[\"value\"]\n/usr/local/lib/python3.11/site-packages/selenium/webdriver/remote/webdriver.py:346: in execute\n    self.error_handler.check_response(response)\n_ _ _ _ _ _ _ _ _ _ _ _ _ _ _ _ _ _ _ _ _ _ _ _ _ _ _ _ _ _ _ _ _ _ _ _ _ _ _ _ \n\nself = <selenium.webdriver.remote.errorhandler.ErrorHandler object at 0x7f3b93cf5490>\nresponse = {'status': 404, 'value': '{\"value\":{\"error\":\"no such element\",\"message\":\"no such element: Unable to locate element: {\\...\\\\n#16 0x55dd6302d1d7 \\\\u003Cunknown>\\\\n#17 0x55dd6303f124 \\\\u003Cunknown>\\\\n#18 0x7f4e5566a044 \\\\u003Cunknown>\\\\n\"}}'}\n\n    def check_response(self, response: Dict[str, Any]) -> None:\n        \"\"\"Checks that a JSON response from the WebDriver does not have an\n        error.\n    \n        :Args:\n         - response - The JSON response from the WebDriver server as a dictionary\n           object.\n    \n        :Raises: If the response contains an error message.\n        \"\"\"\n        status = response.get(\"status\", None)\n        if not status or status == ErrorCode.SUCCESS:\n            return\n        value = None\n        message = response.get(\"message\", \"\")\n        screen: str = response.get(\"screen\", \"\")\n        stacktrace = None\n        if isinstance(status, int):\n            value_json = response.get(\"value\", None)\n            if value_json and isinstance(value_json, str):\n                import json\n    \n                try:\n                    value = json.loads(value_json)\n                    if len(value) == 1:\n                        value = value[\"value\"]\n                    status = value.get(\"error\", None)\n                    if not status:\n                        status = value.get(\"status\", ErrorCode.UNKNOWN_ERROR)\n                        message = value.get(\"value\") or value.get(\"message\")\n                        if not isinstance(message, str):\n                            value = message\n                            message = message.get(\"message\")\n                    else:\n                        message = value.get(\"message\", None)\n                except ValueError:\n                    pass\n    \n        exception_class: Type[WebDriverException]\n        if status in ErrorCode.NO_SUCH_ELEMENT:\n            exception_class = NoSuchElementException\n        elif status in ErrorCode.NO_SUCH_FRAME:\n            exception_class = NoSuchFrameException\n        elif status in ErrorCode.NO_SUCH_SHADOW_ROOT:\n            exception_class = NoSuchShadowRootException\n        elif status in ErrorCode.NO_SUCH_WINDOW:\n            exception_class = NoSuchWindowException\n        elif status in ErrorCode.STALE_ELEMENT_REFERENCE:\n            exception_class = StaleElementReferenceException\n        elif status in ErrorCode.ELEMENT_NOT_VISIBLE:\n            exception_class = ElementNotVisibleException\n        elif status in ErrorCode.INVALID_ELEMENT_STATE:\n            exception_class = InvalidElementStateException\n        elif (\n            status in ErrorCode.INVALID_SELECTOR\n            or status in ErrorCode.INVALID_XPATH_SELECTOR\n            or status in ErrorCode.INVALID_XPATH_SELECTOR_RETURN_TYPER\n        ):\n            exception_class = InvalidSelectorException\n        elif status in ErrorCode.ELEMENT_IS_NOT_SELECTABLE:\n            exception_class = ElementNotSelectableException\n        elif status in ErrorCode.ELEMENT_NOT_INTERACTABLE:\n            exception_class = ElementNotInteractableException\n        elif status in ErrorCode.INVALID_COOKIE_DOMAIN:\n            exception_class = InvalidCookieDomainException\n        elif status in ErrorCode.UNABLE_TO_SET_COOKIE:\n            exception_class = UnableToSetCookieException\n        elif status in ErrorCode.TIMEOUT:\n            exception_class = TimeoutException\n        elif status in ErrorCode.SCRIPT_TIMEOUT:\n            exception_class = TimeoutException\n        elif status in ErrorCode.UNKNOWN_ERROR:\n            exception_class = WebDriverException\n        elif status in ErrorCode.UNEXPECTED_ALERT_OPEN:\n            exception_class = UnexpectedAlertPresentException\n        elif status in ErrorCode.NO_ALERT_OPEN:\n            exception_class = NoAlertPresentException\n        elif status in ErrorCode.IME_NOT_AVAILABLE:\n            exception_class = ImeNotAvailableException\n        elif status in ErrorCode.IME_ENGINE_ACTIVATION_FAILED:\n            exception_class = ImeActivationFailedException\n        elif status in ErrorCode.MOVE_TARGET_OUT_OF_BOUNDS:\n            exception_class = MoveTargetOutOfBoundsException\n        elif status in ErrorCode.JAVASCRIPT_ERROR:\n            exception_class = JavascriptException\n        elif status in ErrorCode.SESSION_NOT_CREATED:\n            exception_class = SessionNotCreatedException\n        elif status in ErrorCode.INVALID_ARGUMENT:\n            exception_class = InvalidArgumentException\n        elif status in ErrorCode.NO_SUCH_COOKIE:\n            exception_class = NoSuchCookieException\n        elif status in ErrorCode.UNABLE_TO_CAPTURE_SCREEN:\n            exception_class = ScreenshotException\n        elif status in ErrorCode.ELEMENT_CLICK_INTERCEPTED:\n            exception_class = ElementClickInterceptedException\n        elif status in ErrorCode.INSECURE_CERTIFICATE:\n            exception_class = InsecureCertificateException\n        elif status in ErrorCode.INVALID_COORDINATES:\n            exception_class = InvalidCoordinatesException\n        elif status in ErrorCode.INVALID_SESSION_ID:\n            exception_class = InvalidSessionIdException\n        elif status in ErrorCode.UNKNOWN_METHOD:\n            exception_class = UnknownMethodException\n        else:\n            exception_class = WebDriverException\n        if not value:\n            value = response[\"value\"]\n        if isinstance(value, str):\n            raise exception_class(value)\n        if message == \"\" and \"message\" in value:\n            message = value[\"message\"]\n    \n        screen = None  # type: ignore[assignment]\n        if \"screen\" in value:\n            screen = value[\"screen\"]\n    \n        stacktrace = None\n        st_value = value.get(\"stackTrace\") or value.get(\"stacktrace\")\n        if st_value:\n            if isinstance(st_value, str):\n                stacktrace = st_value.split(\"\\n\")\n            else:\n                stacktrace = []\n                try:\n                    for frame in st_value:\n                        line = frame.get(\"lineNumber\", \"\")\n                        file = frame.get(\"fileName\", \"<anonymous>\")\n                        if line:\n                            file = f\"{file}:{line}\"\n                        meth = frame.get(\"methodName\", \"<anonymous>\")\n                        if \"className\" in frame:\n                            meth = f\"{frame['className']}.{meth}\"\n                        msg = \"    at %s (%s)\"\n                        msg = msg % (meth, file)\n                        stacktrace.append(msg)\n                except TypeError:\n                    pass\n        if exception_class == UnexpectedAlertPresentException:\n            alert_text = None\n            if \"data\" in value:\n                alert_text = value[\"data\"].get(\"text\")\n            elif \"alert\" in value:\n                alert_text = value[\"alert\"].get(\"text\")\n            raise exception_class(message, screen, stacktrace, alert_text)  # type: ignore[call-arg]  # mypy is not smart enough here\n>       raise exception_class(message, screen, stacktrace)\nE       selenium.common.exceptions.NoSuchElementException: Message: no such element: Unable to locate element: {\"method\":\"xpath\",\"selector\":\"(//a[@class='add-to-cart yellow-btn'])[1]\"}\nE         (Session info: chrome-headless-shell=120.0.6099.109); For documentation on this error, please visit: https://www.selenium.dev/documentation/webdriver/troubleshooting/errors#no-such-element-exception\nE       Stacktrace:\nE       #0 0x55dd6303ff83 <unknown>\nE       #1 0x55dd62cf8cf7 <unknown>\nE       #2 0x55dd62d4899e <unknown>\nE       #3 0x55dd62d48aa1 <unknown>\nE       #4 0x55dd62d93d64 <unknown>\nE       #5 0x55dd62d720dd <unknown>\nE       #6 0x55dd62d91006 <unknown>\nE       #7 0x55dd62d71e53 <unknown>\nE       #8 0x55dd62d39dd4 <unknown>\nE       #9 0x55dd62d3b1de <unknown>\nE       #10 0x55dd63004531 <unknown>\nE       #11 0x55dd63008455 <unknown>\nE       #12 0x55dd62ff0f55 <unknown>\nE       #13 0x55dd630090ef <unknown>\nE       #14 0x55dd62fd499f <unknown>\nE       #15 0x55dd6302d008 <unknown>\nE       #16 0x55dd6302d1d7 <unknown>\nE       #17 0x55dd6303f124 <unknown>\nE       #18 0x7f4e5566a044 <unknown>\n\n/usr/local/lib/python3.11/site-packages/selenium/webdriver/remote/errorhandler.py:245: NoSuchElementException","steps":[{"name":"Добавляем товар в корзину в количестве 333","time":{"start":1704244280892,"stop":1704244280904,"duration":12},"status":"broken","statusMessage":"selenium.common.exceptions.NoSuchElementException: Message: no such element: Unable to locate element: {\"method\":\"xpath\",\"selector\":\"(//a[@class='add-to-cart yellow-btn'])[1]\"}\n  (Session info: chrome-headless-shell=120.0.6099.109); For documentation on this error, please visit: https://www.selenium.dev/documentation/webdriver/troubleshooting/errors#no-such-element-exception\nStacktrace:\n#0 0x55dd6303ff83 <unknown>\n#1 0x55dd62cf8cf7 <unknown>\n#2 0x55dd62d4899e <unknown>\n#3 0x55dd62d48aa1 <unknown>\n#4 0x55dd62d93d64 <unknown>\n#5 0x55dd62d720dd <unknown>\n#6 0x55dd62d91006 <unknown>\n#7 0x55dd62d71e53 <unknown>\n#8 0x55dd62d39dd4 <unknown>\n#9 0x55dd62d3b1de <unknown>\n#10 0x55dd63004531 <unknown>\n#11 0x55dd63008455 <unknown>\n#12 0x55dd62ff0f55 <unknown>\n#13 0x55dd630090ef <unknown>\n#14 0x55dd62fd499f <unknown>\n#15 0x55dd6302d008 <unknown>\n#16 0x55dd6302d1d7 <unknown>\n#17 0x55dd6303f124 <unknown>\n#18 0x7f4e5566a044 <unknown>\n\n","statusTrace":"  File \"/usr/local/lib/python3.11/site-packages/allure_commons/_allure.py\", line 192, in impl\n    return func(*a, **kw)\n           ^^^^^^^^^^^^^^\n  File \"/app/pages/item_page.py\", line 40, in add_item_to_cart\n    self.find_element(self._add_item).click()\n    ^^^^^^^^^^^^^^^^^^^^^^^^^^^^^^^^^\n  File \"/app/base/seleniumbase.py\", line 17, in find_element\n    return self.driver.find_element(*locator)\n           ^^^^^^^^^^^^^^^^^^^^^^^^^^^^^^^^^^\n  File \"/usr/local/lib/python3.11/site-packages/selenium/webdriver/remote/webdriver.py\", line 740, in find_element\n    return self.execute(Command.FIND_ELEMENT, {\"using\": by, \"value\": value})[\"value\"]\n           ^^^^^^^^^^^^^^^^^^^^^^^^^^^^^^^^^^^^^^^^^^^^^^^^^^^^^^^^^^^^^^^^^\n  File \"/usr/local/lib/python3.11/site-packages/selenium/webdriver/remote/webdriver.py\", line 346, in execute\n    self.error_handler.check_response(response)\n  File \"/usr/local/lib/python3.11/site-packages/selenium/webdriver/remote/errorhandler.py\", line 245, in check_response\n    raise exception_class(message, screen, stacktrace)\n","steps":[],"attachments":[],"parameters":[{"name":"amount","value":"333"}],"shouldDisplayMessage":true,"stepsCount":0,"attachmentsCount":0,"hasContent":true,"attachmentStep":false}],"attachments":[{"uid":"98daa2bd4e192d57","name":"Screenshot","source":"98daa2bd4e192d57.png","type":"image/png","size":5862},{"uid":"365755f4cd8c6512","name":"HTML source","source":"365755f4cd8c6512.html","type":"text/html","size":39}],"parameters":[],"shouldDisplayMessage":true,"stepsCount":1,"attachmentsCount":2,"hasContent":true,"attachmentStep":false},"afterStages":[{"name":"setup::0","time":{"start":1704244281011,"stop":1704244281011,"duration":0},"status":"passed","steps":[],"attachments":[],"parameters":[],"shouldDisplayMessage":false,"stepsCount":0,"attachmentsCount":0,"hasContent":false,"attachmentStep":false},{"name":"driver::0","time":{"start":1704244281011,"stop":1704244281068,"duration":57},"status":"passed","steps":[],"attachments":[],"parameters":[],"shouldDisplayMessage":false,"stepsCount":0,"attachmentsCount":0,"hasContent":false,"attachmentStep":false}],"labels":[{"name":"epic","value":"Delivery Page - calculation"},{"name":"tag","value":"smoke"},{"name":"parentSuite","value":"tests.delivery"},{"name":"suite","value":"test_delivery_calculation"},{"name":"subSuite","value":"TestDeliveryPageCalculation"},{"name":"host","value":"4cb293251c94"},{"name":"thread","value":"1-MainThread"},{"name":"framework","value":"pytest"},{"name":"language","value":"cpython3"},{"name":"package","value":"tests.delivery.test_delivery_calculation"},{"name":"resultFormat","value":"allure2"}],"parameters":[{"name":"all_time","value":"15900"},{"name":"amount","value":"333"},{"name":"case_id","value":"'TD 025'"},{"name":"in_time","value":"13900"},{"name":"link_item","value":"'products/shtukaturka-gipsovaya-aksolit-m50-30-kg-mashinnogo-naneseniya'"},{"name":"standard","value":"7000"},{"name":"url","value":"'https://sandboxtest.stroyrem-nn.ru/'"},{"name":"weight","value":"10000"}],"links":[],"hidden":false,"retry":false,"extra":{"severity":"normal","retries":[],"categories":[{"name":"Test defects","matchedStatuses":[],"flaky":false}],"history":{"statistic":{"failed":0,"broken":126,"skipped":0,"passed":0,"unknown":0,"total":126},"items":[{"uid":"7dddb75828a93139","reportUrl":"https://zaelcovsky.github.io/StroyremAutomation/189//#testresult/7dddb75828a93139","status":"broken","statusDetails":"selenium.common.exceptions.NoSuchElementException: Message: no such element: Unable to locate element: {\"method\":\"xpath\",\"selector\":\"(//a[@class='add-to-cart yellow-btn'])[1]\"}\n  (Session info: chrome-headless-shell=120.0.6099.109); For documentation on this error, please visit: https://www.selenium.dev/documentation/webdriver/troubleshooting/errors#no-such-element-exception\nStacktrace:\n#0 0x564e3129ef83 <unknown>\n#1 0x564e30f57cf7 <unknown>\n#2 0x564e30fa799e <unknown>\n#3 0x564e30fa7aa1 <unknown>\n#4 0x564e30ff2d64 <unknown>\n#5 0x564e30fd10dd <unknown>\n#6 0x564e30ff0006 <unknown>\n#7 0x564e30fd0e53 <unknown>\n#8 0x564e30f98dd4 <unknown>\n#9 0x564e30f9a1de <unknown>\n#10 0x564e31263531 <unknown>\n#11 0x564e31267455 <unknown>\n#12 0x564e3124ff55 <unknown>\n#13 0x564e312680ef <unknown>\n#14 0x564e3123399f <unknown>\n#15 0x564e3128c008 <unknown>\n#16 0x564e3128c1d7 <unknown>\n#17 0x564e3129e124 <unknown>\n#18 0x7fb1b91a7044 <unknown>","time":{"start":1704157798765,"stop":1704157799262,"duration":497}},{"uid":"daaa1c9398e82d0","reportUrl":"https://zaelcovsky.github.io/StroyremAutomation/188//#testresult/daaa1c9398e82d0","status":"broken","statusDetails":"selenium.common.exceptions.NoSuchElementException: Message: no such element: Unable to locate element: {\"method\":\"xpath\",\"selector\":\"(//a[@class='add-to-cart yellow-btn'])[1]\"}\n  (Session info: chrome-headless-shell=120.0.6099.109); For documentation on this error, please visit: https://www.selenium.dev/documentation/webdriver/troubleshooting/errors#no-such-element-exception\nStacktrace:\n#0 0x55cba9b97f83 <unknown>\n#1 0x55cba9850cf7 <unknown>\n#2 0x55cba98a099e <unknown>\n#3 0x55cba98a0aa1 <unknown>\n#4 0x55cba98ebd64 <unknown>\n#5 0x55cba98ca0dd <unknown>\n#6 0x55cba98e9006 <unknown>\n#7 0x55cba98c9e53 <unknown>\n#8 0x55cba9891dd4 <unknown>\n#9 0x55cba98931de <unknown>\n#10 0x55cba9b5c531 <unknown>\n#11 0x55cba9b60455 <unknown>\n#12 0x55cba9b48f55 <unknown>\n#13 0x55cba9b610ef <unknown>\n#14 0x55cba9b2c99f <unknown>\n#15 0x55cba9b85008 <unknown>\n#16 0x55cba9b851d7 <unknown>\n#17 0x55cba9b97124 <unknown>\n#18 0x7fdc5444a044 <unknown>","time":{"start":1704071888944,"stop":1704071889500,"duration":556}},{"uid":"6b82397b1d56c394","reportUrl":"https://zaelcovsky.github.io/StroyremAutomation/187//#testresult/6b82397b1d56c394","status":"broken","statusDetails":"selenium.common.exceptions.NoSuchElementException: Message: no such element: Unable to locate element: {\"method\":\"xpath\",\"selector\":\"(//a[@class='add-to-cart yellow-btn'])[1]\"}\n  (Session info: chrome-headless-shell=120.0.6099.109); For documentation on this error, please visit: https://www.selenium.dev/documentation/webdriver/troubleshooting/errors#no-such-element-exception\nStacktrace:\n#0 0x5640c1b33f83 <unknown>\n#1 0x5640c17eccf7 <unknown>\n#2 0x5640c183c99e <unknown>\n#3 0x5640c183caa1 <unknown>\n#4 0x5640c1887d64 <unknown>\n#5 0x5640c18660dd <unknown>\n#6 0x5640c1885006 <unknown>\n#7 0x5640c1865e53 <unknown>\n#8 0x5640c182ddd4 <unknown>\n#9 0x5640c182f1de <unknown>\n#10 0x5640c1af8531 <unknown>\n#11 0x5640c1afc455 <unknown>\n#12 0x5640c1ae4f55 <unknown>\n#13 0x5640c1afd0ef <unknown>\n#14 0x5640c1ac899f <unknown>\n#15 0x5640c1b21008 <unknown>\n#16 0x5640c1b211d7 <unknown>\n#17 0x5640c1b33124 <unknown>\n#18 0x7f8b600e8044 <unknown>","time":{"start":1703985342599,"stop":1703985342932,"duration":333}},{"uid":"f49ee45e68b95c89","reportUrl":"https://zaelcovsky.github.io/StroyremAutomation/186//#testresult/f49ee45e68b95c89","status":"broken","statusDetails":"selenium.common.exceptions.NoSuchElementException: Message: no such element: Unable to locate element: {\"method\":\"xpath\",\"selector\":\"(//a[@class='add-to-cart yellow-btn'])[1]\"}\n  (Session info: chrome-headless-shell=120.0.6099.109); For documentation on this error, please visit: https://www.selenium.dev/documentation/webdriver/troubleshooting/errors#no-such-element-exception\nStacktrace:\n#0 0x561b8d274f83 <unknown>\n#1 0x561b8cf2dcf7 <unknown>\n#2 0x561b8cf7d99e <unknown>\n#3 0x561b8cf7daa1 <unknown>\n#4 0x561b8cfc8d64 <unknown>\n#5 0x561b8cfa70dd <unknown>\n#6 0x561b8cfc6006 <unknown>\n#7 0x561b8cfa6e53 <unknown>\n#8 0x561b8cf6edd4 <unknown>\n#9 0x561b8cf701de <unknown>\n#10 0x561b8d239531 <unknown>\n#11 0x561b8d23d455 <unknown>\n#12 0x561b8d225f55 <unknown>\n#13 0x561b8d23e0ef <unknown>\n#14 0x561b8d20999f <unknown>\n#15 0x561b8d262008 <unknown>\n#16 0x561b8d2621d7 <unknown>\n#17 0x561b8d274124 <unknown>\n#18 0x7fbbab014044 <unknown>","time":{"start":1703898617315,"stop":1703898617762,"duration":447}},{"uid":"a250cf1e71338d1b","reportUrl":"https://zaelcovsky.github.io/StroyremAutomation/185//#testresult/a250cf1e71338d1b","status":"broken","statusDetails":"selenium.common.exceptions.NoSuchElementException: Message: no such element: Unable to locate element: {\"method\":\"xpath\",\"selector\":\"(//a[@class='add-to-cart yellow-btn'])[1]\"}\n  (Session info: chrome-headless-shell=120.0.6099.109); For documentation on this error, please visit: https://www.selenium.dev/documentation/webdriver/troubleshooting/errors#no-such-element-exception\nStacktrace:\n#0 0x55fc7e8dcf83 <unknown>\n#1 0x55fc7e595cf7 <unknown>\n#2 0x55fc7e5e599e <unknown>\n#3 0x55fc7e5e5aa1 <unknown>\n#4 0x55fc7e630d64 <unknown>\n#5 0x55fc7e60f0dd <unknown>\n#6 0x55fc7e62e006 <unknown>\n#7 0x55fc7e60ee53 <unknown>\n#8 0x55fc7e5d6dd4 <unknown>\n#9 0x55fc7e5d81de <unknown>\n#10 0x55fc7e8a1531 <unknown>\n#11 0x55fc7e8a5455 <unknown>\n#12 0x55fc7e88df55 <unknown>\n#13 0x55fc7e8a60ef <unknown>\n#14 0x55fc7e87199f <unknown>\n#15 0x55fc7e8ca008 <unknown>\n#16 0x55fc7e8ca1d7 <unknown>\n#17 0x55fc7e8dc124 <unknown>\n#18 0x7ff487806044 <unknown>","time":{"start":1703811634407,"stop":1703811634743,"duration":336}},{"uid":"825850f0d74b6c15","reportUrl":"https://zaelcovsky.github.io/StroyremAutomation/184//#testresult/825850f0d74b6c15","status":"broken","statusDetails":"selenium.common.exceptions.NoSuchElementException: Message: no such element: Unable to locate element: {\"method\":\"xpath\",\"selector\":\"(//a[@class='add-to-cart yellow-btn'])[1]\"}\n  (Session info: chrome-headless-shell=120.0.6099.109); For documentation on this error, please visit: https://www.selenium.dev/documentation/webdriver/troubleshooting/errors#no-such-element-exception\nStacktrace:\n#0 0x55a985de7f83 <unknown>\n#1 0x55a985aa0cf7 <unknown>\n#2 0x55a985af099e <unknown>\n#3 0x55a985af0aa1 <unknown>\n#4 0x55a985b3bd64 <unknown>\n#5 0x55a985b1a0dd <unknown>\n#6 0x55a985b39006 <unknown>\n#7 0x55a985b19e53 <unknown>\n#8 0x55a985ae1dd4 <unknown>\n#9 0x55a985ae31de <unknown>\n#10 0x55a985dac531 <unknown>\n#11 0x55a985db0455 <unknown>\n#12 0x55a985d98f55 <unknown>\n#13 0x55a985db10ef <unknown>\n#14 0x55a985d7c99f <unknown>\n#15 0x55a985dd5008 <unknown>\n#16 0x55a985dd51d7 <unknown>\n#17 0x55a985de7124 <unknown>\n#18 0x7f77149ea044 <unknown>","time":{"start":1703725761874,"stop":1703725762227,"duration":353}},{"uid":"1c8f826cbca4b1ad","reportUrl":"https://zaelcovsky.github.io/StroyremAutomation/183//#testresult/1c8f826cbca4b1ad","status":"broken","statusDetails":"selenium.common.exceptions.NoSuchElementException: Message: no such element: Unable to locate element: {\"method\":\"xpath\",\"selector\":\"(//a[@class='add-to-cart yellow-btn'])[1]\"}\n  (Session info: chrome-headless-shell=120.0.6099.109); For documentation on this error, please visit: https://www.selenium.dev/documentation/webdriver/troubleshooting/errors#no-such-element-exception\nStacktrace:\n#0 0x5624b7932f83 <unknown>\n#1 0x5624b75ebcf7 <unknown>\n#2 0x5624b763b99e <unknown>\n#3 0x5624b763baa1 <unknown>\n#4 0x5624b7686d64 <unknown>\n#5 0x5624b76650dd <unknown>\n#6 0x5624b7684006 <unknown>\n#7 0x5624b7664e53 <unknown>\n#8 0x5624b762cdd4 <unknown>\n#9 0x5624b762e1de <unknown>\n#10 0x5624b78f7531 <unknown>\n#11 0x5624b78fb455 <unknown>\n#12 0x5624b78e3f55 <unknown>\n#13 0x5624b78fc0ef <unknown>\n#14 0x5624b78c799f <unknown>\n#15 0x5624b7920008 <unknown>\n#16 0x5624b79201d7 <unknown>\n#17 0x5624b7932124 <unknown>\n#18 0x7f0128d4e044 <unknown>","time":{"start":1703639443522,"stop":1703639443974,"duration":452}},{"uid":"d04463e5b07318bf","reportUrl":"https://zaelcovsky.github.io/StroyremAutomation/182//#testresult/d04463e5b07318bf","status":"broken","statusDetails":"selenium.common.exceptions.NoSuchElementException: Message: no such element: Unable to locate element: {\"method\":\"xpath\",\"selector\":\"(//a[@class='add-to-cart yellow-btn'])[1]\"}\n  (Session info: chrome-headless-shell=120.0.6099.109); For documentation on this error, please visit: https://www.selenium.dev/documentation/webdriver/troubleshooting/errors#no-such-element-exception\nStacktrace:\n#0 0x55ca29b1ff83 <unknown>\n#1 0x55ca297d8cf7 <unknown>\n#2 0x55ca2982899e <unknown>\n#3 0x55ca29828aa1 <unknown>\n#4 0x55ca29873d64 <unknown>\n#5 0x55ca298520dd <unknown>\n#6 0x55ca29871006 <unknown>\n#7 0x55ca29851e53 <unknown>\n#8 0x55ca29819dd4 <unknown>\n#9 0x55ca2981b1de <unknown>\n#10 0x55ca29ae4531 <unknown>\n#11 0x55ca29ae8455 <unknown>\n#12 0x55ca29ad0f55 <unknown>\n#13 0x55ca29ae90ef <unknown>\n#14 0x55ca29ab499f <unknown>\n#15 0x55ca29b0d008 <unknown>\n#16 0x55ca29b0d1d7 <unknown>\n#17 0x55ca29b1f124 <unknown>\n#18 0x7f48d8f17044 <unknown>","time":{"start":1703552933033,"stop":1703552933767,"duration":734}},{"uid":"c239561817e204d7","reportUrl":"https://zaelcovsky.github.io/StroyremAutomation/181//#testresult/c239561817e204d7","status":"broken","statusDetails":"selenium.common.exceptions.NoSuchElementException: Message: no such element: Unable to locate element: {\"method\":\"xpath\",\"selector\":\"(//a[@class='add-to-cart yellow-btn'])[1]\"}\n  (Session info: chrome-headless-shell=120.0.6099.109); For documentation on this error, please visit: https://www.selenium.dev/documentation/webdriver/troubleshooting/errors#no-such-element-exception\nStacktrace:\n#0 0x5612f1cabf83 <unknown>\n#1 0x5612f1964cf7 <unknown>\n#2 0x5612f19b499e <unknown>\n#3 0x5612f19b4aa1 <unknown>\n#4 0x5612f19ffd64 <unknown>\n#5 0x5612f19de0dd <unknown>\n#6 0x5612f19fd006 <unknown>\n#7 0x5612f19dde53 <unknown>\n#8 0x5612f19a5dd4 <unknown>\n#9 0x5612f19a71de <unknown>\n#10 0x5612f1c70531 <unknown>\n#11 0x5612f1c74455 <unknown>\n#12 0x5612f1c5cf55 <unknown>\n#13 0x5612f1c750ef <unknown>\n#14 0x5612f1c4099f <unknown>\n#15 0x5612f1c99008 <unknown>\n#16 0x5612f1c991d7 <unknown>\n#17 0x5612f1cab124 <unknown>\n#18 0x7f597488a044 <unknown>","time":{"start":1703466703905,"stop":1703466704308,"duration":403}},{"uid":"5ecad6c1e5dfd4bd","reportUrl":"https://zaelcovsky.github.io/StroyremAutomation/180//#testresult/5ecad6c1e5dfd4bd","status":"broken","statusDetails":"selenium.common.exceptions.NoSuchElementException: Message: no such element: Unable to locate element: {\"method\":\"xpath\",\"selector\":\"(//a[@class='add-to-cart yellow-btn'])[1]\"}\n  (Session info: chrome-headless-shell=120.0.6099.109); For documentation on this error, please visit: https://www.selenium.dev/documentation/webdriver/troubleshooting/errors#no-such-element-exception\nStacktrace:\n#0 0x55e7b51a2f83 <unknown>\n#1 0x55e7b4e5bcf7 <unknown>\n#2 0x55e7b4eab99e <unknown>\n#3 0x55e7b4eabaa1 <unknown>\n#4 0x55e7b4ef6d64 <unknown>\n#5 0x55e7b4ed50dd <unknown>\n#6 0x55e7b4ef4006 <unknown>\n#7 0x55e7b4ed4e53 <unknown>\n#8 0x55e7b4e9cdd4 <unknown>\n#9 0x55e7b4e9e1de <unknown>\n#10 0x55e7b5167531 <unknown>\n#11 0x55e7b516b455 <unknown>\n#12 0x55e7b5153f55 <unknown>\n#13 0x55e7b516c0ef <unknown>\n#14 0x55e7b513799f <unknown>\n#15 0x55e7b5190008 <unknown>\n#16 0x55e7b51901d7 <unknown>\n#17 0x55e7b51a2124 <unknown>\n#18 0x7fdb29f76044 <unknown>","time":{"start":1703380537011,"stop":1703380537678,"duration":667}},{"uid":"bd17ac3a27b616f8","reportUrl":"https://zaelcovsky.github.io/StroyremAutomation/179//#testresult/bd17ac3a27b616f8","status":"broken","statusDetails":"selenium.common.exceptions.NoSuchElementException: Message: no such element: Unable to locate element: {\"method\":\"xpath\",\"selector\":\"(//a[@class='add-to-cart yellow-btn'])[1]\"}\n  (Session info: chrome-headless-shell=120.0.6099.109); For documentation on this error, please visit: https://www.selenium.dev/documentation/webdriver/troubleshooting/errors#no-such-element-exception\nStacktrace:\n#0 0x55b64d90cf83 <unknown>\n#1 0x55b64d5c5cf7 <unknown>\n#2 0x55b64d61599e <unknown>\n#3 0x55b64d615aa1 <unknown>\n#4 0x55b64d660d64 <unknown>\n#5 0x55b64d63f0dd <unknown>\n#6 0x55b64d65e006 <unknown>\n#7 0x55b64d63ee53 <unknown>\n#8 0x55b64d606dd4 <unknown>\n#9 0x55b64d6081de <unknown>\n#10 0x55b64d8d1531 <unknown>\n#11 0x55b64d8d5455 <unknown>\n#12 0x55b64d8bdf55 <unknown>\n#13 0x55b64d8d60ef <unknown>\n#14 0x55b64d8a199f <unknown>\n#15 0x55b64d8fa008 <unknown>\n#16 0x55b64d8fa1d7 <unknown>\n#17 0x55b64d90c124 <unknown>\n#18 0x7f8b17121044 <unknown>","time":{"start":1703293765320,"stop":1703293765757,"duration":437}},{"uid":"8d2954141d4d83a5","reportUrl":"https://zaelcovsky.github.io/StroyremAutomation/178//#testresult/8d2954141d4d83a5","status":"broken","statusDetails":"selenium.common.exceptions.NoSuchElementException: Message: no such element: Unable to locate element: {\"method\":\"xpath\",\"selector\":\"(//a[@class='add-to-cart yellow-btn'])[1]\"}\n  (Session info: chrome-headless-shell=120.0.6099.109); For documentation on this error, please visit: https://www.selenium.dev/documentation/webdriver/troubleshooting/errors#no-such-element-exception\nStacktrace:\n#0 0x55bac1bd7f83 <unknown>\n#1 0x55bac1890cf7 <unknown>\n#2 0x55bac18e099e <unknown>\n#3 0x55bac18e0aa1 <unknown>\n#4 0x55bac192bd64 <unknown>\n#5 0x55bac190a0dd <unknown>\n#6 0x55bac1929006 <unknown>\n#7 0x55bac1909e53 <unknown>\n#8 0x55bac18d1dd4 <unknown>\n#9 0x55bac18d31de <unknown>\n#10 0x55bac1b9c531 <unknown>\n#11 0x55bac1ba0455 <unknown>\n#12 0x55bac1b88f55 <unknown>\n#13 0x55bac1ba10ef <unknown>\n#14 0x55bac1b6c99f <unknown>\n#15 0x55bac1bc5008 <unknown>\n#16 0x55bac1bc51d7 <unknown>\n#17 0x55bac1bd7124 <unknown>\n#18 0x7f26a40ec044 <unknown>","time":{"start":1703207393841,"stop":1703207394160,"duration":319}},{"uid":"bc8202acc5c75df6","reportUrl":"https://zaelcovsky.github.io/StroyremAutomation/177//#testresult/bc8202acc5c75df6","status":"broken","statusDetails":"selenium.common.exceptions.NoSuchElementException: Message: no such element: Unable to locate element: {\"method\":\"xpath\",\"selector\":\"(//a[@class='add-to-cart yellow-btn'])[1]\"}\n  (Session info: chrome-headless-shell=120.0.6099.109); For documentation on this error, please visit: https://www.selenium.dev/documentation/webdriver/troubleshooting/errors#no-such-element-exception\nStacktrace:\n#0 0x561aeb36df83 <unknown>\n#1 0x561aeb026cf7 <unknown>\n#2 0x561aeb07699e <unknown>\n#3 0x561aeb076aa1 <unknown>\n#4 0x561aeb0c1d64 <unknown>\n#5 0x561aeb0a00dd <unknown>\n#6 0x561aeb0bf006 <unknown>\n#7 0x561aeb09fe53 <unknown>\n#8 0x561aeb067dd4 <unknown>\n#9 0x561aeb0691de <unknown>\n#10 0x561aeb332531 <unknown>\n#11 0x561aeb336455 <unknown>\n#12 0x561aeb31ef55 <unknown>\n#13 0x561aeb3370ef <unknown>\n#14 0x561aeb30299f <unknown>\n#15 0x561aeb35b008 <unknown>\n#16 0x561aeb35b1d7 <unknown>\n#17 0x561aeb36d124 <unknown>\n#18 0x7f44979b2044 <unknown>","time":{"start":1703121010364,"stop":1703121010911,"duration":547}},{"uid":"cdd483e392617e10","reportUrl":"https://zaelcovsky.github.io/StroyremAutomation/176//#testresult/cdd483e392617e10","status":"broken","statusDetails":"selenium.common.exceptions.NoSuchElementException: Message: no such element: Unable to locate element: {\"method\":\"xpath\",\"selector\":\"(//a[@class='add-to-cart yellow-btn'])[1]\"}\n  (Session info: chrome-headless-shell=120.0.6099.109); For documentation on this error, please visit: https://www.selenium.dev/documentation/webdriver/troubleshooting/errors#no-such-element-exception\nStacktrace:\n#0 0x55cf5ce0af83 <unknown>\n#1 0x55cf5cac3cf7 <unknown>\n#2 0x55cf5cb1399e <unknown>\n#3 0x55cf5cb13aa1 <unknown>\n#4 0x55cf5cb5ed64 <unknown>\n#5 0x55cf5cb3d0dd <unknown>\n#6 0x55cf5cb5c006 <unknown>\n#7 0x55cf5cb3ce53 <unknown>\n#8 0x55cf5cb04dd4 <unknown>\n#9 0x55cf5cb061de <unknown>\n#10 0x55cf5cdcf531 <unknown>\n#11 0x55cf5cdd3455 <unknown>\n#12 0x55cf5cdbbf55 <unknown>\n#13 0x55cf5cdd40ef <unknown>\n#14 0x55cf5cd9f99f <unknown>\n#15 0x55cf5cdf8008 <unknown>\n#16 0x55cf5cdf81d7 <unknown>\n#17 0x55cf5ce0a124 <unknown>\n#18 0x7fd4ba2bb044 <unknown>","time":{"start":1703034023052,"stop":1703034023557,"duration":505}},{"uid":"ddd8334dc59b3b24","reportUrl":"https://zaelcovsky.github.io/StroyremAutomation/175//#testresult/ddd8334dc59b3b24","status":"broken","statusDetails":"selenium.common.exceptions.NoSuchElementException: Message: no such element: Unable to locate element: {\"method\":\"xpath\",\"selector\":\"(//a[@class='add-to-cart yellow-btn'])[1]\"}\n  (Session info: chrome-headless-shell=120.0.6099.109); For documentation on this error, please visit: https://www.selenium.dev/documentation/webdriver/troubleshooting/errors#no-such-element-exception\nStacktrace:\n#0 0x558e94cb6f83 <unknown>\n#1 0x558e9496fcf7 <unknown>\n#2 0x558e949bf99e <unknown>\n#3 0x558e949bfaa1 <unknown>\n#4 0x558e94a0ad64 <unknown>\n#5 0x558e949e90dd <unknown>\n#6 0x558e94a08006 <unknown>\n#7 0x558e949e8e53 <unknown>\n#8 0x558e949b0dd4 <unknown>\n#9 0x558e949b21de <unknown>\n#10 0x558e94c7b531 <unknown>\n#11 0x558e94c7f455 <unknown>\n#12 0x558e94c67f55 <unknown>\n#13 0x558e94c800ef <unknown>\n#14 0x558e94c4b99f <unknown>\n#15 0x558e94ca4008 <unknown>\n#16 0x558e94ca41d7 <unknown>\n#17 0x558e94cb6124 <unknown>\n#18 0x7fddc52b9044 <unknown>","time":{"start":1702948285151,"stop":1702948285650,"duration":499}},{"uid":"3bce3cc38b98ef73","reportUrl":"https://zaelcovsky.github.io/StroyremAutomation/174//#testresult/3bce3cc38b98ef73","status":"broken","statusDetails":"selenium.common.exceptions.NoSuchElementException: Message: no such element: Unable to locate element: {\"method\":\"xpath\",\"selector\":\"(//a[@class='add-to-cart yellow-btn'])[1]\"}\n  (Session info: chrome-headless-shell=120.0.6099.71); For documentation on this error, please visit: https://www.selenium.dev/documentation/webdriver/troubleshooting/errors#no-such-element-exception\nStacktrace:\n#0 0x55ecd173fd33 <unknown>\n#1 0x55ecd13fcf87 <unknown>\n#2 0x55ecd144cc0e <unknown>\n#3 0x55ecd144cd11 <unknown>\n#4 0x55ecd1498004 <unknown>\n#5 0x55ecd147636d <unknown>\n#6 0x55ecd1495297 <unknown>\n#7 0x55ecd14760e3 <unknown>\n#8 0x55ecd143e044 <unknown>\n#9 0x55ecd143f44e <unknown>\n#10 0x55ecd1704861 <unknown>\n#11 0x55ecd1708785 <unknown>\n#12 0x55ecd16f2285 <unknown>\n#13 0x55ecd170941f <unknown>\n#14 0x55ecd16d620f <unknown>\n#15 0x55ecd172d028 <unknown>\n#16 0x55ecd172d1f7 <unknown>\n#17 0x55ecd173eed4 <unknown>\n#18 0x7f5bd943e044 <unknown>","time":{"start":1702861975541,"stop":1702861976022,"duration":481}},{"uid":"8546ce6769449a7e","reportUrl":"https://zaelcovsky.github.io/StroyremAutomation/173//#testresult/8546ce6769449a7e","status":"broken","statusDetails":"selenium.common.exceptions.NoSuchElementException: Message: no such element: Unable to locate element: {\"method\":\"xpath\",\"selector\":\"(//a[@class='add-to-cart yellow-btn'])[1]\"}\n  (Session info: chrome-headless-shell=120.0.6099.71); For documentation on this error, please visit: https://www.selenium.dev/documentation/webdriver/troubleshooting/errors#no-such-element-exception\nStacktrace:\n#0 0x55d78c398d33 <unknown>\n#1 0x55d78c055f87 <unknown>\n#2 0x55d78c0a5c0e <unknown>\n#3 0x55d78c0a5d11 <unknown>\n#4 0x55d78c0f1004 <unknown>\n#5 0x55d78c0cf36d <unknown>\n#6 0x55d78c0ee297 <unknown>\n#7 0x55d78c0cf0e3 <unknown>\n#8 0x55d78c097044 <unknown>\n#9 0x55d78c09844e <unknown>\n#10 0x55d78c35d861 <unknown>\n#11 0x55d78c361785 <unknown>\n#12 0x55d78c34b285 <unknown>\n#13 0x55d78c36241f <unknown>\n#14 0x55d78c32f20f <unknown>\n#15 0x55d78c386028 <unknown>\n#16 0x55d78c3861f7 <unknown>\n#17 0x55d78c397ed4 <unknown>\n#18 0x7f9e5f85c044 <unknown>","time":{"start":1702775782031,"stop":1702775782415,"duration":384}},{"uid":"ae34f1ecd59ca291","reportUrl":"https://zaelcovsky.github.io/StroyremAutomation/172//#testresult/ae34f1ecd59ca291","status":"broken","statusDetails":"selenium.common.exceptions.NoSuchElementException: Message: no such element: Unable to locate element: {\"method\":\"xpath\",\"selector\":\"(//a[@class='add-to-cart yellow-btn'])[1]\"}\n  (Session info: chrome-headless-shell=120.0.6099.71); For documentation on this error, please visit: https://www.selenium.dev/documentation/webdriver/troubleshooting/errors#no-such-element-exception\nStacktrace:\n#0 0x5566b44ced33 <unknown>\n#1 0x5566b418bf87 <unknown>\n#2 0x5566b41dbc0e <unknown>\n#3 0x5566b41dbd11 <unknown>\n#4 0x5566b4227004 <unknown>\n#5 0x5566b420536d <unknown>\n#6 0x5566b4224297 <unknown>\n#7 0x5566b42050e3 <unknown>\n#8 0x5566b41cd044 <unknown>\n#9 0x5566b41ce44e <unknown>\n#10 0x5566b4493861 <unknown>\n#11 0x5566b4497785 <unknown>\n#12 0x5566b4481285 <unknown>\n#13 0x5566b449841f <unknown>\n#14 0x5566b446520f <unknown>\n#15 0x5566b44bc028 <unknown>\n#16 0x5566b44bc1f7 <unknown>\n#17 0x5566b44cded4 <unknown>\n#18 0x7f5cccbe3044 <unknown>","time":{"start":1702689058710,"stop":1702689059152,"duration":442}},{"uid":"c9500fa55a5265b0","reportUrl":"https://zaelcovsky.github.io/StroyremAutomation/171//#testresult/c9500fa55a5265b0","status":"broken","statusDetails":"selenium.common.exceptions.NoSuchElementException: Message: no such element: Unable to locate element: {\"method\":\"xpath\",\"selector\":\"(//a[@class='add-to-cart yellow-btn'])[1]\"}\n  (Session info: chrome-headless-shell=120.0.6099.71); For documentation on this error, please visit: https://www.selenium.dev/documentation/webdriver/troubleshooting/errors#no-such-element-exception\nStacktrace:\n#0 0x559ffc40ed33 <unknown>\n#1 0x559ffc0cbf87 <unknown>\n#2 0x559ffc11bc0e <unknown>\n#3 0x559ffc11bd11 <unknown>\n#4 0x559ffc167004 <unknown>\n#5 0x559ffc14536d <unknown>\n#6 0x559ffc164297 <unknown>\n#7 0x559ffc1450e3 <unknown>\n#8 0x559ffc10d044 <unknown>\n#9 0x559ffc10e44e <unknown>\n#10 0x559ffc3d3861 <unknown>\n#11 0x559ffc3d7785 <unknown>\n#12 0x559ffc3c1285 <unknown>\n#13 0x559ffc3d841f <unknown>\n#14 0x559ffc3a520f <unknown>\n#15 0x559ffc3fc028 <unknown>\n#16 0x559ffc3fc1f7 <unknown>\n#17 0x559ffc40ded4 <unknown>\n#18 0x7f4a22fe3044 <unknown>","time":{"start":1702602881704,"stop":1702602882153,"duration":449}},{"uid":"5ba14fc8f2e0f112","reportUrl":"https://zaelcovsky.github.io/StroyremAutomation/170//#testresult/5ba14fc8f2e0f112","status":"broken","statusDetails":"selenium.common.exceptions.NoSuchElementException: Message: no such element: Unable to locate element: {\"method\":\"xpath\",\"selector\":\"(//a[@class='add-to-cart yellow-btn'])[1]\"}\n  (Session info: chrome-headless-shell=120.0.6099.71); For documentation on this error, please visit: https://www.selenium.dev/documentation/webdriver/troubleshooting/errors#no-such-element-exception\nStacktrace:\n#0 0x5636e0343d33 <unknown>\n#1 0x5636e0000f87 <unknown>\n#2 0x5636e0050c0e <unknown>\n#3 0x5636e0050d11 <unknown>\n#4 0x5636e009c004 <unknown>\n#5 0x5636e007a36d <unknown>\n#6 0x5636e0099297 <unknown>\n#7 0x5636e007a0e3 <unknown>\n#8 0x5636e0042044 <unknown>\n#9 0x5636e004344e <unknown>\n#10 0x5636e0308861 <unknown>\n#11 0x5636e030c785 <unknown>\n#12 0x5636e02f6285 <unknown>\n#13 0x5636e030d41f <unknown>\n#14 0x5636e02da20f <unknown>\n#15 0x5636e0331028 <unknown>\n#16 0x5636e03311f7 <unknown>\n#17 0x5636e0342ed4 <unknown>\n#18 0x7f68c7b9c044 <unknown>","time":{"start":1702516244799,"stop":1702516245281,"duration":482}}]},"tags":["smoke"]},"source":"48d3e9407e022bfc.json","parameterValues":["15900","333","'TD 025'","13900","'products/shtukaturka-gipsovaya-aksolit-m50-30-kg-mashinnogo-naneseniya'","7000","'https://sandboxtest.stroyrem-nn.ru/'","10000"]}