{"uid":"35f4ed0e14b31dff","name":"test_positive_delivery_green_zone_smoke[TD 004-products/shtukaturka-gipsovaya-aksolit-m50-30-kg-mashinnogo-naneseniya-13-400-450-1590-2190-https://sandboxtest.stroyrem-nn.ru/]","fullName":"tests.delivery.test_delivery_calculation.TestDeliveryPageCalculation#test_positive_delivery_green_zone_smoke","historyId":"ce812b2a55ed9f6130bedf202fa509e3","time":{"start":1709341628455,"stop":1709341628887,"duration":432},"status":"broken","statusMessage":"selenium.common.exceptions.NoSuchElementException: Message: no such element: Unable to locate element: {\"method\":\"xpath\",\"selector\":\"(//a[@class='add-to-cart yellow-btn'])[1]\"}\n  (Session info: chrome-headless-shell=122.0.6261.94); For documentation on this error, please visit: https://www.selenium.dev/documentation/webdriver/troubleshooting/errors#no-such-element-exception\nStacktrace:\n#0 0x563356ca9e93 <unknown>\n#1 0x5633569a1ce6 <unknown>\n#2 0x5633569ece48 <unknown>\n#3 0x5633569ecf01 <unknown>\n#4 0x563356a303f4 <unknown>\n#5 0x563356a0eedd <unknown>\n#6 0x563356a2d899 <unknown>\n#7 0x563356a0ec53 <unknown>\n#8 0x5633569dfdb3 <unknown>\n#9 0x5633569e077e <unknown>\n#10 0x563356c6f7cb <unknown>\n#11 0x563356c737e5 <unknown>\n#12 0x563356c5d0e1 <unknown>\n#13 0x563356c74372 <unknown>\n#14 0x563356c411bf <unknown>\n#15 0x563356c98488 <unknown>\n#16 0x563356c98683 <unknown>\n#17 0x563356ca9044 <unknown>\n#18 0x7f8f6e503134 <unknown>","statusTrace":"self = <tests.delivery.test_delivery_calculation.TestDeliveryPageCalculation object at 0x7f47a38b9d50>\ndriver = <selenium.webdriver.chrome.webdriver.WebDriver (session=\"49d79bc9124cd4f4494b50a9d8d79b27\")>\nurl = 'https://sandboxtest.stroyrem-nn.ru/', case_id = 'TD 004'\nlink_item = 'products/shtukaturka-gipsovaya-aksolit-m50-30-kg-mashinnogo-naneseniya'\namount = 13, weight = 400, standard = 450, in_time = 1590, all_time = 2190\n\n    @pytest.mark.parametrize('case_id, link_item, amount, weight, standard, in_time, all_time', [\n        (\"TD 001\", uroven_3000, 1, 30, 0, 1590, 2190),\n        (\"TD 002\", bundeks_25, 1, 30, 400, 1590, 2190),\n        (\"TD 003\", aksolit_30, 8, 300, 400, 1590, 2190),\n        (\"TD 004\", aksolit_30, 13, 400, 450, 1590, 2190),\n        (\"TD 005\", aksolit_30, 16, 500, 600, 1590, 2190),\n        (\"TD 006\", aksolit_30, 25, 1700, 990, 1990, 2480),\n        (\"TD 007\", aksolit_30, 66, 2000, 1300, 2490, 2980),\n        (\"TD 008\", aksolit_30, 149, 4500, 2300, 3980, 4490),\n        (\"TD 009\", aksolit_30, 166, 5000, 2500, 4990, 5480),\n        pytest.param(\n            \"TD 010\", aksolit_30, 206, 6200, 2900, 5570, 6120,\n            marks=pytest.mark.xfail(reson=\"Цена доставки 3600 7960 8980\")\n        ),\n        (\"TD 011\", aksolit_30, 299, 9000, 3600, 7960, 8980),\n        (\"TD 012\", aksolit_30, 333, 10000, 4450, 11990, 12500),\n        pytest.param(\n            \"TD 013\", aksolit_30, 366, 11000, 4800, 12450, 13480,\n            marks=pytest.mark.xfail(reason=\"Цена стандартной доставки 4450\")\n        ),\n        pytest.param(\n            \"TD 014\", aksolit_30, 666, 20000, 5400, 15600, 17490,\n            marks=pytest.mark.xfail(reason=\"Цена стандартной доставки 4450\")\n        )\n    ])\n    @pytest.mark.smoke\n    def test_positive_delivery_green_zone_smoke(\n            self, driver, url, case_id, link_item, amount, weight, standard, in_time, all_time\n    ):\n    \n        driver.get(f'{url}{link_item}')\n        item_page = ItemPage(driver)\n>       item_page.add_item_to_cart(amount).click_on_cart()\n\ntests/delivery/test_delivery_calculation.py:49: \n_ _ _ _ _ _ _ _ _ _ _ _ _ _ _ _ _ _ _ _ _ _ _ _ _ _ _ _ _ _ _ _ _ _ _ _ _ _ _ _ \npages/item_page.py:40: in add_item_to_cart\n    self.find_element(self._add_item).click()\nbase/seleniumbase.py:17: in find_element\n    return self.driver.find_element(*locator)\n/usr/local/lib/python3.11/site-packages/selenium/webdriver/remote/webdriver.py:740: in find_element\n    return self.execute(Command.FIND_ELEMENT, {\"using\": by, \"value\": value})[\"value\"]\n/usr/local/lib/python3.11/site-packages/selenium/webdriver/remote/webdriver.py:346: in execute\n    self.error_handler.check_response(response)\n_ _ _ _ _ _ _ _ _ _ _ _ _ _ _ _ _ _ _ _ _ _ _ _ _ _ _ _ _ _ _ _ _ _ _ _ _ _ _ _ \n\nself = <selenium.webdriver.remote.errorhandler.ErrorHandler object at 0x7f47a313cf10>\nresponse = {'status': 404, 'value': '{\"value\":{\"error\":\"no such element\",\"message\":\"no such element: Unable to locate element: {\\...\\\\n#16 0x563356c98683 \\\\u003Cunknown>\\\\n#17 0x563356ca9044 \\\\u003Cunknown>\\\\n#18 0x7f8f6e503134 \\\\u003Cunknown>\\\\n\"}}'}\n\n    def check_response(self, response: Dict[str, Any]) -> None:\n        \"\"\"Checks that a JSON response from the WebDriver does not have an\n        error.\n    \n        :Args:\n         - response - The JSON response from the WebDriver server as a dictionary\n           object.\n    \n        :Raises: If the response contains an error message.\n        \"\"\"\n        status = response.get(\"status\", None)\n        if not status or status == ErrorCode.SUCCESS:\n            return\n        value = None\n        message = response.get(\"message\", \"\")\n        screen: str = response.get(\"screen\", \"\")\n        stacktrace = None\n        if isinstance(status, int):\n            value_json = response.get(\"value\", None)\n            if value_json and isinstance(value_json, str):\n                import json\n    \n                try:\n                    value = json.loads(value_json)\n                    if len(value) == 1:\n                        value = value[\"value\"]\n                    status = value.get(\"error\", None)\n                    if not status:\n                        status = value.get(\"status\", ErrorCode.UNKNOWN_ERROR)\n                        message = value.get(\"value\") or value.get(\"message\")\n                        if not isinstance(message, str):\n                            value = message\n                            message = message.get(\"message\")\n                    else:\n                        message = value.get(\"message\", None)\n                except ValueError:\n                    pass\n    \n        exception_class: Type[WebDriverException]\n        if status in ErrorCode.NO_SUCH_ELEMENT:\n            exception_class = NoSuchElementException\n        elif status in ErrorCode.NO_SUCH_FRAME:\n            exception_class = NoSuchFrameException\n        elif status in ErrorCode.NO_SUCH_SHADOW_ROOT:\n            exception_class = NoSuchShadowRootException\n        elif status in ErrorCode.NO_SUCH_WINDOW:\n            exception_class = NoSuchWindowException\n        elif status in ErrorCode.STALE_ELEMENT_REFERENCE:\n            exception_class = StaleElementReferenceException\n        elif status in ErrorCode.ELEMENT_NOT_VISIBLE:\n            exception_class = ElementNotVisibleException\n        elif status in ErrorCode.INVALID_ELEMENT_STATE:\n            exception_class = InvalidElementStateException\n        elif (\n            status in ErrorCode.INVALID_SELECTOR\n            or status in ErrorCode.INVALID_XPATH_SELECTOR\n            or status in ErrorCode.INVALID_XPATH_SELECTOR_RETURN_TYPER\n        ):\n            exception_class = InvalidSelectorException\n        elif status in ErrorCode.ELEMENT_IS_NOT_SELECTABLE:\n            exception_class = ElementNotSelectableException\n        elif status in ErrorCode.ELEMENT_NOT_INTERACTABLE:\n            exception_class = ElementNotInteractableException\n        elif status in ErrorCode.INVALID_COOKIE_DOMAIN:\n            exception_class = InvalidCookieDomainException\n        elif status in ErrorCode.UNABLE_TO_SET_COOKIE:\n            exception_class = UnableToSetCookieException\n        elif status in ErrorCode.TIMEOUT:\n            exception_class = TimeoutException\n        elif status in ErrorCode.SCRIPT_TIMEOUT:\n            exception_class = TimeoutException\n        elif status in ErrorCode.UNKNOWN_ERROR:\n            exception_class = WebDriverException\n        elif status in ErrorCode.UNEXPECTED_ALERT_OPEN:\n            exception_class = UnexpectedAlertPresentException\n        elif status in ErrorCode.NO_ALERT_OPEN:\n            exception_class = NoAlertPresentException\n        elif status in ErrorCode.IME_NOT_AVAILABLE:\n            exception_class = ImeNotAvailableException\n        elif status in ErrorCode.IME_ENGINE_ACTIVATION_FAILED:\n            exception_class = ImeActivationFailedException\n        elif status in ErrorCode.MOVE_TARGET_OUT_OF_BOUNDS:\n            exception_class = MoveTargetOutOfBoundsException\n        elif status in ErrorCode.JAVASCRIPT_ERROR:\n            exception_class = JavascriptException\n        elif status in ErrorCode.SESSION_NOT_CREATED:\n            exception_class = SessionNotCreatedException\n        elif status in ErrorCode.INVALID_ARGUMENT:\n            exception_class = InvalidArgumentException\n        elif status in ErrorCode.NO_SUCH_COOKIE:\n            exception_class = NoSuchCookieException\n        elif status in ErrorCode.UNABLE_TO_CAPTURE_SCREEN:\n            exception_class = ScreenshotException\n        elif status in ErrorCode.ELEMENT_CLICK_INTERCEPTED:\n            exception_class = ElementClickInterceptedException\n        elif status in ErrorCode.INSECURE_CERTIFICATE:\n            exception_class = InsecureCertificateException\n        elif status in ErrorCode.INVALID_COORDINATES:\n            exception_class = InvalidCoordinatesException\n        elif status in ErrorCode.INVALID_SESSION_ID:\n            exception_class = InvalidSessionIdException\n        elif status in ErrorCode.UNKNOWN_METHOD:\n            exception_class = UnknownMethodException\n        else:\n            exception_class = WebDriverException\n        if not value:\n            value = response[\"value\"]\n        if isinstance(value, str):\n            raise exception_class(value)\n        if message == \"\" and \"message\" in value:\n            message = value[\"message\"]\n    \n        screen = None  # type: ignore[assignment]\n        if \"screen\" in value:\n            screen = value[\"screen\"]\n    \n        stacktrace = None\n        st_value = value.get(\"stackTrace\") or value.get(\"stacktrace\")\n        if st_value:\n            if isinstance(st_value, str):\n                stacktrace = st_value.split(\"\\n\")\n            else:\n                stacktrace = []\n                try:\n                    for frame in st_value:\n                        line = frame.get(\"lineNumber\", \"\")\n                        file = frame.get(\"fileName\", \"<anonymous>\")\n                        if line:\n                            file = f\"{file}:{line}\"\n                        meth = frame.get(\"methodName\", \"<anonymous>\")\n                        if \"className\" in frame:\n                            meth = f\"{frame['className']}.{meth}\"\n                        msg = \"    at %s (%s)\"\n                        msg = msg % (meth, file)\n                        stacktrace.append(msg)\n                except TypeError:\n                    pass\n        if exception_class == UnexpectedAlertPresentException:\n            alert_text = None\n            if \"data\" in value:\n                alert_text = value[\"data\"].get(\"text\")\n            elif \"alert\" in value:\n                alert_text = value[\"alert\"].get(\"text\")\n            raise exception_class(message, screen, stacktrace, alert_text)  # type: ignore[call-arg]  # mypy is not smart enough here\n>       raise exception_class(message, screen, stacktrace)\nE       selenium.common.exceptions.NoSuchElementException: Message: no such element: Unable to locate element: {\"method\":\"xpath\",\"selector\":\"(//a[@class='add-to-cart yellow-btn'])[1]\"}\nE         (Session info: chrome-headless-shell=122.0.6261.94); For documentation on this error, please visit: https://www.selenium.dev/documentation/webdriver/troubleshooting/errors#no-such-element-exception\nE       Stacktrace:\nE       #0 0x563356ca9e93 <unknown>\nE       #1 0x5633569a1ce6 <unknown>\nE       #2 0x5633569ece48 <unknown>\nE       #3 0x5633569ecf01 <unknown>\nE       #4 0x563356a303f4 <unknown>\nE       #5 0x563356a0eedd <unknown>\nE       #6 0x563356a2d899 <unknown>\nE       #7 0x563356a0ec53 <unknown>\nE       #8 0x5633569dfdb3 <unknown>\nE       #9 0x5633569e077e <unknown>\nE       #10 0x563356c6f7cb <unknown>\nE       #11 0x563356c737e5 <unknown>\nE       #12 0x563356c5d0e1 <unknown>\nE       #13 0x563356c74372 <unknown>\nE       #14 0x563356c411bf <unknown>\nE       #15 0x563356c98488 <unknown>\nE       #16 0x563356c98683 <unknown>\nE       #17 0x563356ca9044 <unknown>\nE       #18 0x7f8f6e503134 <unknown>\n\n/usr/local/lib/python3.11/site-packages/selenium/webdriver/remote/errorhandler.py:245: NoSuchElementException","flaky":false,"newFailed":false,"newBroken":false,"newPassed":false,"retriesCount":0,"retriesStatusChange":false,"beforeStages":[{"name":"_session_faker","time":{"start":1709341127956,"stop":1709341128031,"duration":75},"status":"passed","steps":[],"attachments":[],"parameters":[],"shouldDisplayMessage":false,"stepsCount":0,"attachmentsCount":0,"hasContent":false,"attachmentStep":false},{"name":"clear_allure_results_folder","time":{"start":1709341128031,"stop":1709341128031,"duration":0},"status":"passed","steps":[],"attachments":[],"parameters":[],"shouldDisplayMessage":false,"stepsCount":0,"attachmentsCount":0,"hasContent":false,"attachmentStep":false},{"name":"driver","time":{"start":1709341627719,"stop":1709341628453,"duration":734},"status":"passed","steps":[],"attachments":[],"parameters":[],"shouldDisplayMessage":false,"stepsCount":0,"attachmentsCount":0,"hasContent":false,"attachmentStep":false},{"name":"setup","time":{"start":1709341628454,"stop":1709341628454,"duration":0},"status":"passed","steps":[],"attachments":[],"parameters":[],"shouldDisplayMessage":false,"stepsCount":0,"attachmentsCount":0,"hasContent":false,"attachmentStep":false}],"testStage":{"status":"broken","statusMessage":"selenium.common.exceptions.NoSuchElementException: Message: no such element: Unable to locate element: {\"method\":\"xpath\",\"selector\":\"(//a[@class='add-to-cart yellow-btn'])[1]\"}\n  (Session info: chrome-headless-shell=122.0.6261.94); For documentation on this error, please visit: https://www.selenium.dev/documentation/webdriver/troubleshooting/errors#no-such-element-exception\nStacktrace:\n#0 0x563356ca9e93 <unknown>\n#1 0x5633569a1ce6 <unknown>\n#2 0x5633569ece48 <unknown>\n#3 0x5633569ecf01 <unknown>\n#4 0x563356a303f4 <unknown>\n#5 0x563356a0eedd <unknown>\n#6 0x563356a2d899 <unknown>\n#7 0x563356a0ec53 <unknown>\n#8 0x5633569dfdb3 <unknown>\n#9 0x5633569e077e <unknown>\n#10 0x563356c6f7cb <unknown>\n#11 0x563356c737e5 <unknown>\n#12 0x563356c5d0e1 <unknown>\n#13 0x563356c74372 <unknown>\n#14 0x563356c411bf <unknown>\n#15 0x563356c98488 <unknown>\n#16 0x563356c98683 <unknown>\n#17 0x563356ca9044 <unknown>\n#18 0x7f8f6e503134 <unknown>","statusTrace":"self = <tests.delivery.test_delivery_calculation.TestDeliveryPageCalculation object at 0x7f47a38b9d50>\ndriver = <selenium.webdriver.chrome.webdriver.WebDriver (session=\"49d79bc9124cd4f4494b50a9d8d79b27\")>\nurl = 'https://sandboxtest.stroyrem-nn.ru/', case_id = 'TD 004'\nlink_item = 'products/shtukaturka-gipsovaya-aksolit-m50-30-kg-mashinnogo-naneseniya'\namount = 13, weight = 400, standard = 450, in_time = 1590, all_time = 2190\n\n    @pytest.mark.parametrize('case_id, link_item, amount, weight, standard, in_time, all_time', [\n        (\"TD 001\", uroven_3000, 1, 30, 0, 1590, 2190),\n        (\"TD 002\", bundeks_25, 1, 30, 400, 1590, 2190),\n        (\"TD 003\", aksolit_30, 8, 300, 400, 1590, 2190),\n        (\"TD 004\", aksolit_30, 13, 400, 450, 1590, 2190),\n        (\"TD 005\", aksolit_30, 16, 500, 600, 1590, 2190),\n        (\"TD 006\", aksolit_30, 25, 1700, 990, 1990, 2480),\n        (\"TD 007\", aksolit_30, 66, 2000, 1300, 2490, 2980),\n        (\"TD 008\", aksolit_30, 149, 4500, 2300, 3980, 4490),\n        (\"TD 009\", aksolit_30, 166, 5000, 2500, 4990, 5480),\n        pytest.param(\n            \"TD 010\", aksolit_30, 206, 6200, 2900, 5570, 6120,\n            marks=pytest.mark.xfail(reson=\"Цена доставки 3600 7960 8980\")\n        ),\n        (\"TD 011\", aksolit_30, 299, 9000, 3600, 7960, 8980),\n        (\"TD 012\", aksolit_30, 333, 10000, 4450, 11990, 12500),\n        pytest.param(\n            \"TD 013\", aksolit_30, 366, 11000, 4800, 12450, 13480,\n            marks=pytest.mark.xfail(reason=\"Цена стандартной доставки 4450\")\n        ),\n        pytest.param(\n            \"TD 014\", aksolit_30, 666, 20000, 5400, 15600, 17490,\n            marks=pytest.mark.xfail(reason=\"Цена стандартной доставки 4450\")\n        )\n    ])\n    @pytest.mark.smoke\n    def test_positive_delivery_green_zone_smoke(\n            self, driver, url, case_id, link_item, amount, weight, standard, in_time, all_time\n    ):\n    \n        driver.get(f'{url}{link_item}')\n        item_page = ItemPage(driver)\n>       item_page.add_item_to_cart(amount).click_on_cart()\n\ntests/delivery/test_delivery_calculation.py:49: \n_ _ _ _ _ _ _ _ _ _ _ _ _ _ _ _ _ _ _ _ _ _ _ _ _ _ _ _ _ _ _ _ _ _ _ _ _ _ _ _ \npages/item_page.py:40: in add_item_to_cart\n    self.find_element(self._add_item).click()\nbase/seleniumbase.py:17: in find_element\n    return self.driver.find_element(*locator)\n/usr/local/lib/python3.11/site-packages/selenium/webdriver/remote/webdriver.py:740: in find_element\n    return self.execute(Command.FIND_ELEMENT, {\"using\": by, \"value\": value})[\"value\"]\n/usr/local/lib/python3.11/site-packages/selenium/webdriver/remote/webdriver.py:346: in execute\n    self.error_handler.check_response(response)\n_ _ _ _ _ _ _ _ _ _ _ _ _ _ _ _ _ _ _ _ _ _ _ _ _ _ _ _ _ _ _ _ _ _ _ _ _ _ _ _ \n\nself = <selenium.webdriver.remote.errorhandler.ErrorHandler object at 0x7f47a313cf10>\nresponse = {'status': 404, 'value': '{\"value\":{\"error\":\"no such element\",\"message\":\"no such element: Unable to locate element: {\\...\\\\n#16 0x563356c98683 \\\\u003Cunknown>\\\\n#17 0x563356ca9044 \\\\u003Cunknown>\\\\n#18 0x7f8f6e503134 \\\\u003Cunknown>\\\\n\"}}'}\n\n    def check_response(self, response: Dict[str, Any]) -> None:\n        \"\"\"Checks that a JSON response from the WebDriver does not have an\n        error.\n    \n        :Args:\n         - response - The JSON response from the WebDriver server as a dictionary\n           object.\n    \n        :Raises: If the response contains an error message.\n        \"\"\"\n        status = response.get(\"status\", None)\n        if not status or status == ErrorCode.SUCCESS:\n            return\n        value = None\n        message = response.get(\"message\", \"\")\n        screen: str = response.get(\"screen\", \"\")\n        stacktrace = None\n        if isinstance(status, int):\n            value_json = response.get(\"value\", None)\n            if value_json and isinstance(value_json, str):\n                import json\n    \n                try:\n                    value = json.loads(value_json)\n                    if len(value) == 1:\n                        value = value[\"value\"]\n                    status = value.get(\"error\", None)\n                    if not status:\n                        status = value.get(\"status\", ErrorCode.UNKNOWN_ERROR)\n                        message = value.get(\"value\") or value.get(\"message\")\n                        if not isinstance(message, str):\n                            value = message\n                            message = message.get(\"message\")\n                    else:\n                        message = value.get(\"message\", None)\n                except ValueError:\n                    pass\n    \n        exception_class: Type[WebDriverException]\n        if status in ErrorCode.NO_SUCH_ELEMENT:\n            exception_class = NoSuchElementException\n        elif status in ErrorCode.NO_SUCH_FRAME:\n            exception_class = NoSuchFrameException\n        elif status in ErrorCode.NO_SUCH_SHADOW_ROOT:\n            exception_class = NoSuchShadowRootException\n        elif status in ErrorCode.NO_SUCH_WINDOW:\n            exception_class = NoSuchWindowException\n        elif status in ErrorCode.STALE_ELEMENT_REFERENCE:\n            exception_class = StaleElementReferenceException\n        elif status in ErrorCode.ELEMENT_NOT_VISIBLE:\n            exception_class = ElementNotVisibleException\n        elif status in ErrorCode.INVALID_ELEMENT_STATE:\n            exception_class = InvalidElementStateException\n        elif (\n            status in ErrorCode.INVALID_SELECTOR\n            or status in ErrorCode.INVALID_XPATH_SELECTOR\n            or status in ErrorCode.INVALID_XPATH_SELECTOR_RETURN_TYPER\n        ):\n            exception_class = InvalidSelectorException\n        elif status in ErrorCode.ELEMENT_IS_NOT_SELECTABLE:\n            exception_class = ElementNotSelectableException\n        elif status in ErrorCode.ELEMENT_NOT_INTERACTABLE:\n            exception_class = ElementNotInteractableException\n        elif status in ErrorCode.INVALID_COOKIE_DOMAIN:\n            exception_class = InvalidCookieDomainException\n        elif status in ErrorCode.UNABLE_TO_SET_COOKIE:\n            exception_class = UnableToSetCookieException\n        elif status in ErrorCode.TIMEOUT:\n            exception_class = TimeoutException\n        elif status in ErrorCode.SCRIPT_TIMEOUT:\n            exception_class = TimeoutException\n        elif status in ErrorCode.UNKNOWN_ERROR:\n            exception_class = WebDriverException\n        elif status in ErrorCode.UNEXPECTED_ALERT_OPEN:\n            exception_class = UnexpectedAlertPresentException\n        elif status in ErrorCode.NO_ALERT_OPEN:\n            exception_class = NoAlertPresentException\n        elif status in ErrorCode.IME_NOT_AVAILABLE:\n            exception_class = ImeNotAvailableException\n        elif status in ErrorCode.IME_ENGINE_ACTIVATION_FAILED:\n            exception_class = ImeActivationFailedException\n        elif status in ErrorCode.MOVE_TARGET_OUT_OF_BOUNDS:\n            exception_class = MoveTargetOutOfBoundsException\n        elif status in ErrorCode.JAVASCRIPT_ERROR:\n            exception_class = JavascriptException\n        elif status in ErrorCode.SESSION_NOT_CREATED:\n            exception_class = SessionNotCreatedException\n        elif status in ErrorCode.INVALID_ARGUMENT:\n            exception_class = InvalidArgumentException\n        elif status in ErrorCode.NO_SUCH_COOKIE:\n            exception_class = NoSuchCookieException\n        elif status in ErrorCode.UNABLE_TO_CAPTURE_SCREEN:\n            exception_class = ScreenshotException\n        elif status in ErrorCode.ELEMENT_CLICK_INTERCEPTED:\n            exception_class = ElementClickInterceptedException\n        elif status in ErrorCode.INSECURE_CERTIFICATE:\n            exception_class = InsecureCertificateException\n        elif status in ErrorCode.INVALID_COORDINATES:\n            exception_class = InvalidCoordinatesException\n        elif status in ErrorCode.INVALID_SESSION_ID:\n            exception_class = InvalidSessionIdException\n        elif status in ErrorCode.UNKNOWN_METHOD:\n            exception_class = UnknownMethodException\n        else:\n            exception_class = WebDriverException\n        if not value:\n            value = response[\"value\"]\n        if isinstance(value, str):\n            raise exception_class(value)\n        if message == \"\" and \"message\" in value:\n            message = value[\"message\"]\n    \n        screen = None  # type: ignore[assignment]\n        if \"screen\" in value:\n            screen = value[\"screen\"]\n    \n        stacktrace = None\n        st_value = value.get(\"stackTrace\") or value.get(\"stacktrace\")\n        if st_value:\n            if isinstance(st_value, str):\n                stacktrace = st_value.split(\"\\n\")\n            else:\n                stacktrace = []\n                try:\n                    for frame in st_value:\n                        line = frame.get(\"lineNumber\", \"\")\n                        file = frame.get(\"fileName\", \"<anonymous>\")\n                        if line:\n                            file = f\"{file}:{line}\"\n                        meth = frame.get(\"methodName\", \"<anonymous>\")\n                        if \"className\" in frame:\n                            meth = f\"{frame['className']}.{meth}\"\n                        msg = \"    at %s (%s)\"\n                        msg = msg % (meth, file)\n                        stacktrace.append(msg)\n                except TypeError:\n                    pass\n        if exception_class == UnexpectedAlertPresentException:\n            alert_text = None\n            if \"data\" in value:\n                alert_text = value[\"data\"].get(\"text\")\n            elif \"alert\" in value:\n                alert_text = value[\"alert\"].get(\"text\")\n            raise exception_class(message, screen, stacktrace, alert_text)  # type: ignore[call-arg]  # mypy is not smart enough here\n>       raise exception_class(message, screen, stacktrace)\nE       selenium.common.exceptions.NoSuchElementException: Message: no such element: Unable to locate element: {\"method\":\"xpath\",\"selector\":\"(//a[@class='add-to-cart yellow-btn'])[1]\"}\nE         (Session info: chrome-headless-shell=122.0.6261.94); For documentation on this error, please visit: https://www.selenium.dev/documentation/webdriver/troubleshooting/errors#no-such-element-exception\nE       Stacktrace:\nE       #0 0x563356ca9e93 <unknown>\nE       #1 0x5633569a1ce6 <unknown>\nE       #2 0x5633569ece48 <unknown>\nE       #3 0x5633569ecf01 <unknown>\nE       #4 0x563356a303f4 <unknown>\nE       #5 0x563356a0eedd <unknown>\nE       #6 0x563356a2d899 <unknown>\nE       #7 0x563356a0ec53 <unknown>\nE       #8 0x5633569dfdb3 <unknown>\nE       #9 0x5633569e077e <unknown>\nE       #10 0x563356c6f7cb <unknown>\nE       #11 0x563356c737e5 <unknown>\nE       #12 0x563356c5d0e1 <unknown>\nE       #13 0x563356c74372 <unknown>\nE       #14 0x563356c411bf <unknown>\nE       #15 0x563356c98488 <unknown>\nE       #16 0x563356c98683 <unknown>\nE       #17 0x563356ca9044 <unknown>\nE       #18 0x7f8f6e503134 <unknown>\n\n/usr/local/lib/python3.11/site-packages/selenium/webdriver/remote/errorhandler.py:245: NoSuchElementException","steps":[{"name":"Добавляем товар в корзину в количестве 13","time":{"start":1709341628874,"stop":1709341628886,"duration":12},"status":"broken","statusMessage":"selenium.common.exceptions.NoSuchElementException: Message: no such element: Unable to locate element: {\"method\":\"xpath\",\"selector\":\"(//a[@class='add-to-cart yellow-btn'])[1]\"}\n  (Session info: chrome-headless-shell=122.0.6261.94); For documentation on this error, please visit: https://www.selenium.dev/documentation/webdriver/troubleshooting/errors#no-such-element-exception\nStacktrace:\n#0 0x563356ca9e93 <unknown>\n#1 0x5633569a1ce6 <unknown>\n#2 0x5633569ece48 <unknown>\n#3 0x5633569ecf01 <unknown>\n#4 0x563356a303f4 <unknown>\n#5 0x563356a0eedd <unknown>\n#6 0x563356a2d899 <unknown>\n#7 0x563356a0ec53 <unknown>\n#8 0x5633569dfdb3 <unknown>\n#9 0x5633569e077e <unknown>\n#10 0x563356c6f7cb <unknown>\n#11 0x563356c737e5 <unknown>\n#12 0x563356c5d0e1 <unknown>\n#13 0x563356c74372 <unknown>\n#14 0x563356c411bf <unknown>\n#15 0x563356c98488 <unknown>\n#16 0x563356c98683 <unknown>\n#17 0x563356ca9044 <unknown>\n#18 0x7f8f6e503134 <unknown>\n\n","statusTrace":"  File \"/usr/local/lib/python3.11/site-packages/allure_commons/_allure.py\", line 192, in impl\n    return func(*a, **kw)\n           ^^^^^^^^^^^^^^\n  File \"/app/pages/item_page.py\", line 40, in add_item_to_cart\n    self.find_element(self._add_item).click()\n    ^^^^^^^^^^^^^^^^^^^^^^^^^^^^^^^^^\n  File \"/app/base/seleniumbase.py\", line 17, in find_element\n    return self.driver.find_element(*locator)\n           ^^^^^^^^^^^^^^^^^^^^^^^^^^^^^^^^^^\n  File \"/usr/local/lib/python3.11/site-packages/selenium/webdriver/remote/webdriver.py\", line 740, in find_element\n    return self.execute(Command.FIND_ELEMENT, {\"using\": by, \"value\": value})[\"value\"]\n           ^^^^^^^^^^^^^^^^^^^^^^^^^^^^^^^^^^^^^^^^^^^^^^^^^^^^^^^^^^^^^^^^^\n  File \"/usr/local/lib/python3.11/site-packages/selenium/webdriver/remote/webdriver.py\", line 346, in execute\n    self.error_handler.check_response(response)\n  File \"/usr/local/lib/python3.11/site-packages/selenium/webdriver/remote/errorhandler.py\", line 245, in check_response\n    raise exception_class(message, screen, stacktrace)\n","steps":[],"attachments":[],"parameters":[{"name":"amount","value":"13"}],"shouldDisplayMessage":true,"stepsCount":0,"attachmentsCount":0,"hasContent":true,"attachmentStep":false}],"attachments":[{"uid":"646b5e221b20ccf2","name":"Screenshot","source":"646b5e221b20ccf2.png","type":"image/png","size":5862},{"uid":"cdf3703594eca1ab","name":"HTML source","source":"cdf3703594eca1ab.html","type":"text/html","size":39}],"parameters":[],"shouldDisplayMessage":true,"stepsCount":1,"attachmentsCount":2,"hasContent":true,"attachmentStep":false},"afterStages":[{"name":"setup::0","time":{"start":1709341628994,"stop":1709341628994,"duration":0},"status":"passed","steps":[],"attachments":[],"parameters":[],"shouldDisplayMessage":false,"stepsCount":0,"attachmentsCount":0,"hasContent":false,"attachmentStep":false},{"name":"driver::0","time":{"start":1709341628994,"stop":1709341629051,"duration":57},"status":"passed","steps":[],"attachments":[],"parameters":[],"shouldDisplayMessage":false,"stepsCount":0,"attachmentsCount":0,"hasContent":false,"attachmentStep":false}],"labels":[{"name":"epic","value":"Delivery Page - calculation"},{"name":"tag","value":"smoke"},{"name":"parentSuite","value":"tests.delivery"},{"name":"suite","value":"test_delivery_calculation"},{"name":"subSuite","value":"TestDeliveryPageCalculation"},{"name":"host","value":"40841efdd82e"},{"name":"thread","value":"1-MainThread"},{"name":"framework","value":"pytest"},{"name":"language","value":"cpython3"},{"name":"package","value":"tests.delivery.test_delivery_calculation"},{"name":"resultFormat","value":"allure2"}],"parameters":[{"name":"all_time","value":"2190"},{"name":"amount","value":"13"},{"name":"case_id","value":"'TD 004'"},{"name":"in_time","value":"1590"},{"name":"link_item","value":"'products/shtukaturka-gipsovaya-aksolit-m50-30-kg-mashinnogo-naneseniya'"},{"name":"standard","value":"450"},{"name":"url","value":"'https://sandboxtest.stroyrem-nn.ru/'"},{"name":"weight","value":"400"}],"links":[],"hidden":false,"retry":false,"extra":{"severity":"normal","retries":[],"categories":[{"name":"Test defects","matchedStatuses":[],"flaky":false}],"history":{"statistic":{"failed":0,"broken":185,"skipped":0,"passed":0,"unknown":0,"total":185},"items":[{"uid":"8cb913dd7b96820d","reportUrl":"https://zaelcovsky.github.io/StroyremAutomation/248//#testresult/8cb913dd7b96820d","status":"broken","statusDetails":"selenium.common.exceptions.NoSuchElementException: Message: no such element: Unable to locate element: {\"method\":\"xpath\",\"selector\":\"(//a[@class='add-to-cart yellow-btn'])[1]\"}\n  (Session info: chrome-headless-shell=122.0.6261.94); For documentation on this error, please visit: https://www.selenium.dev/documentation/webdriver/troubleshooting/errors#no-such-element-exception\nStacktrace:\n#0 0x555fe4608e93 <unknown>\n#1 0x555fe4300ce6 <unknown>\n#2 0x555fe434be48 <unknown>\n#3 0x555fe434bf01 <unknown>\n#4 0x555fe438f3f4 <unknown>\n#5 0x555fe436dedd <unknown>\n#6 0x555fe438c899 <unknown>\n#7 0x555fe436dc53 <unknown>\n#8 0x555fe433edb3 <unknown>\n#9 0x555fe433f77e <unknown>\n#10 0x555fe45ce7cb <unknown>\n#11 0x555fe45d27e5 <unknown>\n#12 0x555fe45bc0e1 <unknown>\n#13 0x555fe45d3372 <unknown>\n#14 0x555fe45a01bf <unknown>\n#15 0x555fe45f7488 <unknown>\n#16 0x555fe45f7683 <unknown>\n#17 0x555fe4608044 <unknown>\n#18 0x7f2fb63d2134 <unknown>","time":{"start":1709255557235,"stop":1709255557666,"duration":431}},{"uid":"4b7bd2a7a84d3bad","reportUrl":"https://zaelcovsky.github.io/StroyremAutomation/247//#testresult/4b7bd2a7a84d3bad","status":"broken","statusDetails":"selenium.common.exceptions.NoSuchElementException: Message: no such element: Unable to locate element: {\"method\":\"xpath\",\"selector\":\"(//a[@class='add-to-cart yellow-btn'])[1]\"}\n  (Session info: chrome-headless-shell=122.0.6261.94); For documentation on this error, please visit: https://www.selenium.dev/documentation/webdriver/troubleshooting/errors#no-such-element-exception\nStacktrace:\n#0 0x560ac06cce93 <unknown>\n#1 0x560ac03c4ce6 <unknown>\n#2 0x560ac040fe48 <unknown>\n#3 0x560ac040ff01 <unknown>\n#4 0x560ac04533f4 <unknown>\n#5 0x560ac0431edd <unknown>\n#6 0x560ac0450899 <unknown>\n#7 0x560ac0431c53 <unknown>\n#8 0x560ac0402db3 <unknown>\n#9 0x560ac040377e <unknown>\n#10 0x560ac06927cb <unknown>\n#11 0x560ac06967e5 <unknown>\n#12 0x560ac06800e1 <unknown>\n#13 0x560ac0697372 <unknown>\n#14 0x560ac06641bf <unknown>\n#15 0x560ac06bb488 <unknown>\n#16 0x560ac06bb683 <unknown>\n#17 0x560ac06cc044 <unknown>\n#18 0x7fdded195134 <unknown>","time":{"start":1709168821442,"stop":1709168821925,"duration":483}},{"uid":"954fdfeb3b5151f0","reportUrl":"https://zaelcovsky.github.io/StroyremAutomation/246//#testresult/954fdfeb3b5151f0","status":"broken","statusDetails":"selenium.common.exceptions.NoSuchElementException: Message: no such element: Unable to locate element: {\"method\":\"xpath\",\"selector\":\"(//a[@class='add-to-cart yellow-btn'])[1]\"}\n  (Session info: chrome-headless-shell=122.0.6261.94); For documentation on this error, please visit: https://www.selenium.dev/documentation/webdriver/troubleshooting/errors#no-such-element-exception\nStacktrace:\n#0 0x55753e5c7e93 <unknown>\n#1 0x55753e2bfce6 <unknown>\n#2 0x55753e30ae48 <unknown>\n#3 0x55753e30af01 <unknown>\n#4 0x55753e34e3f4 <unknown>\n#5 0x55753e32cedd <unknown>\n#6 0x55753e34b899 <unknown>\n#7 0x55753e32cc53 <unknown>\n#8 0x55753e2fddb3 <unknown>\n#9 0x55753e2fe77e <unknown>\n#10 0x55753e58d7cb <unknown>\n#11 0x55753e5917e5 <unknown>\n#12 0x55753e57b0e1 <unknown>\n#13 0x55753e592372 <unknown>\n#14 0x55753e55f1bf <unknown>\n#15 0x55753e5b6488 <unknown>\n#16 0x55753e5b6683 <unknown>\n#17 0x55753e5c7044 <unknown>\n#18 0x7f5128781134 <unknown>","time":{"start":1709082439160,"stop":1709082439642,"duration":482}},{"uid":"6a34ca26d01ffc46","reportUrl":"https://zaelcovsky.github.io/StroyremAutomation/245//#testresult/6a34ca26d01ffc46","status":"broken","statusDetails":"selenium.common.exceptions.NoSuchElementException: Message: no such element: Unable to locate element: {\"method\":\"xpath\",\"selector\":\"(//a[@class='add-to-cart yellow-btn'])[1]\"}\n  (Session info: chrome-headless-shell=122.0.6261.69); For documentation on this error, please visit: https://www.selenium.dev/documentation/webdriver/troubleshooting/errors#no-such-element-exception\nStacktrace:\n#0 0x55ec72b14793 <unknown>\n#1 0x55ec728081c6 <unknown>\n#2 0x55ec72853358 <unknown>\n#3 0x55ec72853411 <unknown>\n#4 0x55ec72896934 <unknown>\n#5 0x55ec728753fd <unknown>\n#6 0x55ec72893dd9 <unknown>\n#7 0x55ec72875173 <unknown>\n#8 0x55ec728462d3 <unknown>\n#9 0x55ec72846c9e <unknown>\n#10 0x55ec72ad88cb <unknown>\n#11 0x55ec72adc745 <unknown>\n#12 0x55ec72ac52e1 <unknown>\n#13 0x55ec72add2d2 <unknown>\n#14 0x55ec72aa917f <unknown>\n#15 0x55ec72b02dc8 <unknown>\n#16 0x55ec72b02fc3 <unknown>\n#17 0x55ec72b13944 <unknown>\n#18 0x7f85e319e134 <unknown>","time":{"start":1708996066198,"stop":1708996066595,"duration":397}},{"uid":"450134a48cf87425","reportUrl":"https://zaelcovsky.github.io/StroyremAutomation/244//#testresult/450134a48cf87425","status":"broken","statusDetails":"selenium.common.exceptions.NoSuchElementException: Message: no such element: Unable to locate element: {\"method\":\"xpath\",\"selector\":\"(//a[@class='add-to-cart yellow-btn'])[1]\"}\n  (Session info: chrome-headless-shell=122.0.6261.69); For documentation on this error, please visit: https://www.selenium.dev/documentation/webdriver/troubleshooting/errors#no-such-element-exception\nStacktrace:\n#0 0x5590ca827793 <unknown>\n#1 0x5590ca51b1c6 <unknown>\n#2 0x5590ca566358 <unknown>\n#3 0x5590ca566411 <unknown>\n#4 0x5590ca5a9934 <unknown>\n#5 0x5590ca5883fd <unknown>\n#6 0x5590ca5a6dd9 <unknown>\n#7 0x5590ca588173 <unknown>\n#8 0x5590ca5592d3 <unknown>\n#9 0x5590ca559c9e <unknown>\n#10 0x5590ca7eb8cb <unknown>\n#11 0x5590ca7ef745 <unknown>\n#12 0x5590ca7d82e1 <unknown>\n#13 0x5590ca7f02d2 <unknown>\n#14 0x5590ca7bc17f <unknown>\n#15 0x5590ca815dc8 <unknown>\n#16 0x5590ca815fc3 <unknown>\n#17 0x5590ca826944 <unknown>\n#18 0x7f2898e7b134 <unknown>","time":{"start":1708909689346,"stop":1708909689993,"duration":647}},{"uid":"11c22d1cadefc8fd","reportUrl":"https://zaelcovsky.github.io/StroyremAutomation/243//#testresult/11c22d1cadefc8fd","status":"broken","statusDetails":"selenium.common.exceptions.NoSuchElementException: Message: no such element: Unable to locate element: {\"method\":\"xpath\",\"selector\":\"(//a[@class='add-to-cart yellow-btn'])[1]\"}\n  (Session info: chrome-headless-shell=122.0.6261.69); For documentation on this error, please visit: https://www.selenium.dev/documentation/webdriver/troubleshooting/errors#no-such-element-exception\nStacktrace:\n#0 0x55f43fd1e793 <unknown>\n#1 0x55f43fa121c6 <unknown>\n#2 0x55f43fa5d358 <unknown>\n#3 0x55f43fa5d411 <unknown>\n#4 0x55f43faa0934 <unknown>\n#5 0x55f43fa7f3fd <unknown>\n#6 0x55f43fa9ddd9 <unknown>\n#7 0x55f43fa7f173 <unknown>\n#8 0x55f43fa502d3 <unknown>\n#9 0x55f43fa50c9e <unknown>\n#10 0x55f43fce28cb <unknown>\n#11 0x55f43fce6745 <unknown>\n#12 0x55f43fccf2e1 <unknown>\n#13 0x55f43fce72d2 <unknown>\n#14 0x55f43fcb317f <unknown>\n#15 0x55f43fd0cdc8 <unknown>\n#16 0x55f43fd0cfc3 <unknown>\n#17 0x55f43fd1d944 <unknown>\n#18 0x7f38e6d54134 <unknown>","time":{"start":1708823473631,"stop":1708823474031,"duration":400}},{"uid":"bc301989938b74e7","reportUrl":"https://zaelcovsky.github.io/StroyremAutomation/242//#testresult/bc301989938b74e7","status":"broken","statusDetails":"selenium.common.exceptions.NoSuchElementException: Message: no such element: Unable to locate element: {\"method\":\"xpath\",\"selector\":\"(//a[@class='add-to-cart yellow-btn'])[1]\"}\n  (Session info: chrome-headless-shell=122.0.6261.69); For documentation on this error, please visit: https://www.selenium.dev/documentation/webdriver/troubleshooting/errors#no-such-element-exception\nStacktrace:\n#0 0x56223fa34793 <unknown>\n#1 0x56223f7281c6 <unknown>\n#2 0x56223f773358 <unknown>\n#3 0x56223f773411 <unknown>\n#4 0x56223f7b6934 <unknown>\n#5 0x56223f7953fd <unknown>\n#6 0x56223f7b3dd9 <unknown>\n#7 0x56223f795173 <unknown>\n#8 0x56223f7662d3 <unknown>\n#9 0x56223f766c9e <unknown>\n#10 0x56223f9f88cb <unknown>\n#11 0x56223f9fc745 <unknown>\n#12 0x56223f9e52e1 <unknown>\n#13 0x56223f9fd2d2 <unknown>\n#14 0x56223f9c917f <unknown>\n#15 0x56223fa22dc8 <unknown>\n#16 0x56223fa22fc3 <unknown>\n#17 0x56223fa33944 <unknown>\n#18 0x7f925a545134 <unknown>","time":{"start":1708736772170,"stop":1708736772765,"duration":595}},{"uid":"f541caff475c4091","reportUrl":"https://zaelcovsky.github.io/StroyremAutomation/241//#testresult/f541caff475c4091","status":"broken","statusDetails":"selenium.common.exceptions.NoSuchElementException: Message: no such element: Unable to locate element: {\"method\":\"xpath\",\"selector\":\"(//a[@class='add-to-cart yellow-btn'])[1]\"}\n  (Session info: chrome-headless-shell=122.0.6261.69); For documentation on this error, please visit: https://www.selenium.dev/documentation/webdriver/troubleshooting/errors#no-such-element-exception\nStacktrace:\n#0 0x55b4e82b3793 <unknown>\n#1 0x55b4e7fa71c6 <unknown>\n#2 0x55b4e7ff2358 <unknown>\n#3 0x55b4e7ff2411 <unknown>\n#4 0x55b4e8035934 <unknown>\n#5 0x55b4e80143fd <unknown>\n#6 0x55b4e8032dd9 <unknown>\n#7 0x55b4e8014173 <unknown>\n#8 0x55b4e7fe52d3 <unknown>\n#9 0x55b4e7fe5c9e <unknown>\n#10 0x55b4e82778cb <unknown>\n#11 0x55b4e827b745 <unknown>\n#12 0x55b4e82642e1 <unknown>\n#13 0x55b4e827c2d2 <unknown>\n#14 0x55b4e824817f <unknown>\n#15 0x55b4e82a1dc8 <unknown>\n#16 0x55b4e82a1fc3 <unknown>\n#17 0x55b4e82b2944 <unknown>\n#18 0x7f7235d59134 <unknown>","time":{"start":1708650372119,"stop":1708650372431,"duration":312}},{"uid":"f62d826cd045b821","reportUrl":"https://zaelcovsky.github.io/StroyremAutomation/240//#testresult/f62d826cd045b821","status":"broken","statusDetails":"selenium.common.exceptions.NoSuchElementException: Message: no such element: Unable to locate element: {\"method\":\"xpath\",\"selector\":\"(//a[@class='add-to-cart yellow-btn'])[1]\"}\n  (Session info: chrome-headless-shell=122.0.6261.57); For documentation on this error, please visit: https://www.selenium.dev/documentation/webdriver/troubleshooting/errors#no-such-element-exception\nStacktrace:\n#0 0x56434e6107d3 <unknown>\n#1 0x56434e3041c6 <unknown>\n#2 0x56434e34f358 <unknown>\n#3 0x56434e34f411 <unknown>\n#4 0x56434e392934 <unknown>\n#5 0x56434e3713fd <unknown>\n#6 0x56434e38fdd9 <unknown>\n#7 0x56434e371173 <unknown>\n#8 0x56434e3422d3 <unknown>\n#9 0x56434e342c9e <unknown>\n#10 0x56434e5d490b <unknown>\n#11 0x56434e5d8785 <unknown>\n#12 0x56434e5c1321 <unknown>\n#13 0x56434e5d9312 <unknown>\n#14 0x56434e5a51bf <unknown>\n#15 0x56434e5fee08 <unknown>\n#16 0x56434e5ff003 <unknown>\n#17 0x56434e60f984 <unknown>\n#18 0x7f5fc9bc7134 <unknown>","time":{"start":1708564009438,"stop":1708564009853,"duration":415}},{"uid":"11f6de10cf993f25","reportUrl":"https://zaelcovsky.github.io/StroyremAutomation/239//#testresult/11f6de10cf993f25","status":"broken","statusDetails":"selenium.common.exceptions.NoSuchElementException: Message: no such element: Unable to locate element: {\"method\":\"xpath\",\"selector\":\"(//a[@class='add-to-cart yellow-btn'])[1]\"}\n  (Session info: chrome-headless-shell=122.0.6261.57); For documentation on this error, please visit: https://www.selenium.dev/documentation/webdriver/troubleshooting/errors#no-such-element-exception\nStacktrace:\n#0 0x555b5681c7d3 <unknown>\n#1 0x555b565101c6 <unknown>\n#2 0x555b5655b358 <unknown>\n#3 0x555b5655b411 <unknown>\n#4 0x555b5659e934 <unknown>\n#5 0x555b5657d3fd <unknown>\n#6 0x555b5659bdd9 <unknown>\n#7 0x555b5657d173 <unknown>\n#8 0x555b5654e2d3 <unknown>\n#9 0x555b5654ec9e <unknown>\n#10 0x555b567e090b <unknown>\n#11 0x555b567e4785 <unknown>\n#12 0x555b567cd321 <unknown>\n#13 0x555b567e5312 <unknown>\n#14 0x555b567b11bf <unknown>\n#15 0x555b5680ae08 <unknown>\n#16 0x555b5680b003 <unknown>\n#17 0x555b5681b984 <unknown>\n#18 0x7f7eeaa16134 <unknown>","time":{"start":1708477666717,"stop":1708477667144,"duration":427}},{"uid":"17f09ca77fe925d4","reportUrl":"https://zaelcovsky.github.io/StroyremAutomation/238//#testresult/17f09ca77fe925d4","status":"broken","statusDetails":"selenium.common.exceptions.NoSuchElementException: Message: no such element: Unable to locate element: {\"method\":\"xpath\",\"selector\":\"(//a[@class='add-to-cart yellow-btn'])[1]\"}\n  (Session info: chrome-headless-shell=121.0.6167.184); For documentation on this error, please visit: https://www.selenium.dev/documentation/webdriver/troubleshooting/errors#no-such-element-exception\nStacktrace:\n#0 0x55db61f5a303 <unknown>\n#1 0x55db61c3f2b7 <unknown>\n#2 0x55db61c8acc0 <unknown>\n#3 0x55db61c8adb1 <unknown>\n#4 0x55db61cceb44 <unknown>\n#5 0x55db61cad3ad <unknown>\n#6 0x55db61ccc07c <unknown>\n#7 0x55db61cad123 <unknown>\n#8 0x55db61c7d095 <unknown>\n#9 0x55db61c7e09e <unknown>\n#10 0x55db61f1e6ab <unknown>\n#11 0x55db61f224ba <unknown>\n#12 0x55db61f0af85 <unknown>\n#13 0x55db61f2312f <unknown>\n#14 0x55db61eeee6f <unknown>\n#15 0x55db61f475f8 <unknown>\n#16 0x55db61f477c2 <unknown>\n#17 0x55db61f594a4 <unknown>\n#18 0x7fb24dc05134 <unknown>","time":{"start":1708391201079,"stop":1708391201540,"duration":461}},{"uid":"b45005672ec01fe1","reportUrl":"https://zaelcovsky.github.io/StroyremAutomation/237//#testresult/b45005672ec01fe1","status":"broken","statusDetails":"selenium.common.exceptions.NoSuchElementException: Message: no such element: Unable to locate element: {\"method\":\"xpath\",\"selector\":\"(//a[@class='add-to-cart yellow-btn'])[1]\"}\n  (Session info: chrome-headless-shell=121.0.6167.184); For documentation on this error, please visit: https://www.selenium.dev/documentation/webdriver/troubleshooting/errors#no-such-element-exception\nStacktrace:\n#0 0x55a7fb11d303 <unknown>\n#1 0x55a7fae022b7 <unknown>\n#2 0x55a7fae4dcc0 <unknown>\n#3 0x55a7fae4ddb1 <unknown>\n#4 0x55a7fae91b44 <unknown>\n#5 0x55a7fae703ad <unknown>\n#6 0x55a7fae8f07c <unknown>\n#7 0x55a7fae70123 <unknown>\n#8 0x55a7fae40095 <unknown>\n#9 0x55a7fae4109e <unknown>\n#10 0x55a7fb0e16ab <unknown>\n#11 0x55a7fb0e54ba <unknown>\n#12 0x55a7fb0cdf85 <unknown>\n#13 0x55a7fb0e612f <unknown>\n#14 0x55a7fb0b1e6f <unknown>\n#15 0x55a7fb10a5f8 <unknown>\n#16 0x55a7fb10a7c2 <unknown>\n#17 0x55a7fb11c4a4 <unknown>\n#18 0x7faf7cf3f134 <unknown>","time":{"start":1708305007887,"stop":1708305008485,"duration":598}},{"uid":"76b24903ee273e63","reportUrl":"https://zaelcovsky.github.io/StroyremAutomation/236//#testresult/76b24903ee273e63","status":"broken","statusDetails":"selenium.common.exceptions.NoSuchElementException: Message: no such element: Unable to locate element: {\"method\":\"xpath\",\"selector\":\"(//a[@class='add-to-cart yellow-btn'])[1]\"}\n  (Session info: chrome-headless-shell=121.0.6167.184); For documentation on this error, please visit: https://www.selenium.dev/documentation/webdriver/troubleshooting/errors#no-such-element-exception\nStacktrace:\n#0 0x55bbe48a9303 <unknown>\n#1 0x55bbe458e2b7 <unknown>\n#2 0x55bbe45d9cc0 <unknown>\n#3 0x55bbe45d9db1 <unknown>\n#4 0x55bbe461db44 <unknown>\n#5 0x55bbe45fc3ad <unknown>\n#6 0x55bbe461b07c <unknown>\n#7 0x55bbe45fc123 <unknown>\n#8 0x55bbe45cc095 <unknown>\n#9 0x55bbe45cd09e <unknown>\n#10 0x55bbe486d6ab <unknown>\n#11 0x55bbe48714ba <unknown>\n#12 0x55bbe4859f85 <unknown>\n#13 0x55bbe487212f <unknown>\n#14 0x55bbe483de6f <unknown>\n#15 0x55bbe48965f8 <unknown>\n#16 0x55bbe48967c2 <unknown>\n#17 0x55bbe48a84a4 <unknown>\n#18 0x7f88cb85f134 <unknown>","time":{"start":1708218695913,"stop":1708218696233,"duration":320}},{"uid":"61b3c637e1bc8f50","reportUrl":"https://zaelcovsky.github.io/StroyremAutomation/235//#testresult/61b3c637e1bc8f50","status":"broken","statusDetails":"selenium.common.exceptions.NoSuchElementException: Message: no such element: Unable to locate element: {\"method\":\"xpath\",\"selector\":\"(//a[@class='add-to-cart yellow-btn'])[1]\"}\n  (Session info: chrome-headless-shell=121.0.6167.184); For documentation on this error, please visit: https://www.selenium.dev/documentation/webdriver/troubleshooting/errors#no-such-element-exception\nStacktrace:\n#0 0x5580cea65303 <unknown>\n#1 0x5580ce74a2b7 <unknown>\n#2 0x5580ce795cc0 <unknown>\n#3 0x5580ce795db1 <unknown>\n#4 0x5580ce7d9b44 <unknown>\n#5 0x5580ce7b83ad <unknown>\n#6 0x5580ce7d707c <unknown>\n#7 0x5580ce7b8123 <unknown>\n#8 0x5580ce788095 <unknown>\n#9 0x5580ce78909e <unknown>\n#10 0x5580cea296ab <unknown>\n#11 0x5580cea2d4ba <unknown>\n#12 0x5580cea15f85 <unknown>\n#13 0x5580cea2e12f <unknown>\n#14 0x5580ce9f9e6f <unknown>\n#15 0x5580cea525f8 <unknown>\n#16 0x5580cea527c2 <unknown>\n#17 0x5580cea644a4 <unknown>\n#18 0x7f8d663cc134 <unknown>","time":{"start":1708131991325,"stop":1708131991637,"duration":312}},{"uid":"d8e4dbf89e9f281b","reportUrl":"https://zaelcovsky.github.io/StroyremAutomation/234//#testresult/d8e4dbf89e9f281b","status":"broken","statusDetails":"selenium.common.exceptions.NoSuchElementException: Message: no such element: Unable to locate element: {\"method\":\"xpath\",\"selector\":\"(//a[@class='add-to-cart yellow-btn'])[1]\"}\n  (Session info: chrome-headless-shell=121.0.6167.85); For documentation on this error, please visit: https://www.selenium.dev/documentation/webdriver/troubleshooting/errors#no-such-element-exception\nStacktrace:\n#0 0x5581c777ed93 <unknown>\n#1 0x5581c7462337 <unknown>\n#2 0x5581c74add60 <unknown>\n#3 0x5581c74ade51 <unknown>\n#4 0x5581c74f1bc4 <unknown>\n#5 0x5581c74d046d <unknown>\n#6 0x5581c74ef12d <unknown>\n#7 0x5581c74d01e3 <unknown>\n#8 0x5581c74a0135 <unknown>\n#9 0x5581c74a113e <unknown>\n#10 0x5581c7742e4b <unknown>\n#11 0x5581c7746dfa <unknown>\n#12 0x5581c772f6d5 <unknown>\n#13 0x5581c7747a6f <unknown>\n#14 0x5581c771369f <unknown>\n#15 0x5581c776c098 <unknown>\n#16 0x5581c776c262 <unknown>\n#17 0x5581c777df34 <unknown>\n#18 0x7fc404106134 <unknown>","time":{"start":1708045639203,"stop":1708045639616,"duration":413}},{"uid":"42ce65424afdac4d","reportUrl":"https://zaelcovsky.github.io/StroyremAutomation/233//#testresult/42ce65424afdac4d","status":"broken","statusDetails":"selenium.common.exceptions.NoSuchElementException: Message: no such element: Unable to locate element: {\"method\":\"xpath\",\"selector\":\"(//a[@class='add-to-cart yellow-btn'])[1]\"}\n  (Session info: chrome-headless-shell=121.0.6167.85); For documentation on this error, please visit: https://www.selenium.dev/documentation/webdriver/troubleshooting/errors#no-such-element-exception\nStacktrace:\n#0 0x564cdf582d93 <unknown>\n#1 0x564cdf266337 <unknown>\n#2 0x564cdf2b1d60 <unknown>\n#3 0x564cdf2b1e51 <unknown>\n#4 0x564cdf2f5bc4 <unknown>\n#5 0x564cdf2d446d <unknown>\n#6 0x564cdf2f312d <unknown>\n#7 0x564cdf2d41e3 <unknown>\n#8 0x564cdf2a4135 <unknown>\n#9 0x564cdf2a513e <unknown>\n#10 0x564cdf546e4b <unknown>\n#11 0x564cdf54adfa <unknown>\n#12 0x564cdf5336d5 <unknown>\n#13 0x564cdf54ba6f <unknown>\n#14 0x564cdf51769f <unknown>\n#15 0x564cdf570098 <unknown>\n#16 0x564cdf570262 <unknown>\n#17 0x564cdf581f34 <unknown>\n#18 0x7fbcb5e60134 <unknown>","time":{"start":1707959343540,"stop":1707959344116,"duration":576}},{"uid":"d328843911e1d074","reportUrl":"https://zaelcovsky.github.io/StroyremAutomation/232//#testresult/d328843911e1d074","status":"broken","statusDetails":"selenium.common.exceptions.NoSuchElementException: Message: no such element: Unable to locate element: {\"method\":\"xpath\",\"selector\":\"(//a[@class='add-to-cart yellow-btn'])[1]\"}\n  (Session info: chrome-headless-shell=121.0.6167.85); For documentation on this error, please visit: https://www.selenium.dev/documentation/webdriver/troubleshooting/errors#no-such-element-exception\nStacktrace:\n#0 0x5605e3981d93 <unknown>\n#1 0x5605e3665337 <unknown>\n#2 0x5605e36b0d60 <unknown>\n#3 0x5605e36b0e51 <unknown>\n#4 0x5605e36f4bc4 <unknown>\n#5 0x5605e36d346d <unknown>\n#6 0x5605e36f212d <unknown>\n#7 0x5605e36d31e3 <unknown>\n#8 0x5605e36a3135 <unknown>\n#9 0x5605e36a413e <unknown>\n#10 0x5605e3945e4b <unknown>\n#11 0x5605e3949dfa <unknown>\n#12 0x5605e39326d5 <unknown>\n#13 0x5605e394aa6f <unknown>\n#14 0x5605e391669f <unknown>\n#15 0x5605e396f098 <unknown>\n#16 0x5605e396f262 <unknown>\n#17 0x5605e3980f34 <unknown>\n#18 0x7fbc40ddf134 <unknown>","time":{"start":1707872888079,"stop":1707872888490,"duration":411}},{"uid":"808207e1c667d216","reportUrl":"https://zaelcovsky.github.io/StroyremAutomation/231//#testresult/808207e1c667d216","status":"broken","statusDetails":"selenium.common.exceptions.NoSuchElementException: Message: no such element: Unable to locate element: {\"method\":\"xpath\",\"selector\":\"(//a[@class='add-to-cart yellow-btn'])[1]\"}\n  (Session info: chrome-headless-shell=121.0.6167.85); For documentation on this error, please visit: https://www.selenium.dev/documentation/webdriver/troubleshooting/errors#no-such-element-exception\nStacktrace:\n#0 0x5583510dbd93 <unknown>\n#1 0x558350dbf337 <unknown>\n#2 0x558350e0ad60 <unknown>\n#3 0x558350e0ae51 <unknown>\n#4 0x558350e4ebc4 <unknown>\n#5 0x558350e2d46d <unknown>\n#6 0x558350e4c12d <unknown>\n#7 0x558350e2d1e3 <unknown>\n#8 0x558350dfd135 <unknown>\n#9 0x558350dfe13e <unknown>\n#10 0x55835109fe4b <unknown>\n#11 0x5583510a3dfa <unknown>\n#12 0x55835108c6d5 <unknown>\n#13 0x5583510a4a6f <unknown>\n#14 0x55835107069f <unknown>\n#15 0x5583510c9098 <unknown>\n#16 0x5583510c9262 <unknown>\n#17 0x5583510daf34 <unknown>\n#18 0x7f3acad4a134 <unknown>","time":{"start":1707786594779,"stop":1707786595588,"duration":809}},{"uid":"168b010c18a676c2","reportUrl":"https://zaelcovsky.github.io/StroyremAutomation/230//#testresult/168b010c18a676c2","status":"broken","statusDetails":"selenium.common.exceptions.NoSuchElementException: Message: no such element: Unable to locate element: {\"method\":\"xpath\",\"selector\":\"(//a[@class='add-to-cart yellow-btn'])[1]\"}\n  (Session info: chrome-headless-shell=121.0.6167.85); For documentation on this error, please visit: https://www.selenium.dev/documentation/webdriver/troubleshooting/errors#no-such-element-exception\nStacktrace:\n#0 0x556349521d93 <unknown>\n#1 0x556349205337 <unknown>\n#2 0x556349250d60 <unknown>\n#3 0x556349250e51 <unknown>\n#4 0x556349294bc4 <unknown>\n#5 0x55634927346d <unknown>\n#6 0x55634929212d <unknown>\n#7 0x5563492731e3 <unknown>\n#8 0x556349243135 <unknown>\n#9 0x55634924413e <unknown>\n#10 0x5563494e5e4b <unknown>\n#11 0x5563494e9dfa <unknown>\n#12 0x5563494d26d5 <unknown>\n#13 0x5563494eaa6f <unknown>\n#14 0x5563494b669f <unknown>\n#15 0x55634950f098 <unknown>\n#16 0x55634950f262 <unknown>\n#17 0x556349520f34 <unknown>\n#18 0x7f1a80a37134 <unknown>","time":{"start":1707700085584,"stop":1707700086000,"duration":416}},{"uid":"741edfaf52328b98","reportUrl":"https://zaelcovsky.github.io/StroyremAutomation/229//#testresult/741edfaf52328b98","status":"broken","statusDetails":"selenium.common.exceptions.NoSuchElementException: Message: no such element: Unable to locate element: {\"method\":\"xpath\",\"selector\":\"(//a[@class='add-to-cart yellow-btn'])[1]\"}\n  (Session info: chrome-headless-shell=121.0.6167.85); For documentation on this error, please visit: https://www.selenium.dev/documentation/webdriver/troubleshooting/errors#no-such-element-exception\nStacktrace:\n#0 0x55a045d16d93 <unknown>\n#1 0x55a0459fa337 <unknown>\n#2 0x55a045a45d60 <unknown>\n#3 0x55a045a45e51 <unknown>\n#4 0x55a045a89bc4 <unknown>\n#5 0x55a045a6846d <unknown>\n#6 0x55a045a8712d <unknown>\n#7 0x55a045a681e3 <unknown>\n#8 0x55a045a38135 <unknown>\n#9 0x55a045a3913e <unknown>\n#10 0x55a045cdae4b <unknown>\n#11 0x55a045cdedfa <unknown>\n#12 0x55a045cc76d5 <unknown>\n#13 0x55a045cdfa6f <unknown>\n#14 0x55a045cab69f <unknown>\n#15 0x55a045d04098 <unknown>\n#16 0x55a045d04262 <unknown>\n#17 0x55a045d15f34 <unknown>\n#18 0x7f67a7aee134 <unknown>","time":{"start":1707613910808,"stop":1707613911118,"duration":310}}]},"tags":["smoke"]},"source":"35f4ed0e14b31dff.json","parameterValues":["2190","13","'TD 004'","1590","'products/shtukaturka-gipsovaya-aksolit-m50-30-kg-mashinnogo-naneseniya'","450","'https://sandboxtest.stroyrem-nn.ru/'","400"]}