{"uid":"c99d9fc735bc639e","name":"TD 020 Доставка товара весом до 2000кг. в синей зоне","fullName":"tests.delivery.test_delivery_calculation.TestDeliveryPageCalculation#test_positive_delivery_blue_zone_smoke","historyId":"c4ec1833f25483cec79cdb0ff77ddb11","time":{"start":1695949649198,"stop":1695949649607,"duration":409},"status":"broken","statusMessage":"selenium.common.exceptions.NoSuchElementException: Message: no such element: Unable to locate element: {\"method\":\"xpath\",\"selector\":\"(//a[@class='add-to-cart yellow-btn'])[1]\"}\n  (Session info: headless chrome=117.0.5938.92); For documentation on this error, please visit: https://www.selenium.dev/documentation/webdriver/troubleshooting/errors#no-such-element-exception\nStacktrace:\n#0 0x55be1c6c26b3 <unknown>\n#1 0x55be1c3981e7 <unknown>\n#2 0x55be1c3df566 <unknown>\n#3 0x55be1c3df651 <unknown>\n#4 0x55be1c41ca74 <unknown>\n#5 0x55be1c4010ed <unknown>\n#6 0x55be1c41a322 <unknown>\n#7 0x55be1c400e93 <unknown>\n#8 0x55be1c3d3934 <unknown>\n#9 0x55be1c3d471e <unknown>\n#10 0x55be1c687cb8 <unknown>\n#11 0x55be1c68bbf0 <unknown>\n#12 0x55be1c69619c <unknown>\n#13 0x55be1c68c808 <unknown>\n#14 0x55be1c65927f <unknown>\n#15 0x55be1c6b0e88 <unknown>\n#16 0x55be1c6b1059 <unknown>\n#17 0x55be1c6c1843 <unknown>\n#18 0x7ffb7ee63044 <unknown>","statusTrace":"self = <tests.delivery.test_delivery_calculation.TestDeliveryPageCalculation object at 0x7f79052a5490>\ndriver = <selenium.webdriver.chrome.webdriver.WebDriver (session=\"52b9892e36d0baefe8d82342cc342e52\")>\nurl = 'https://sandboxtest.stroyrem-nn.ru/', case_id = 'TD 020'\nlink_item = 'products/shtukaturka-gipsovaya-aksolit-m50-30-kg-mashinnogo-naneseniya'\namount = 66, weight = 2000, standard = 1500, in_time = 2990, all_time = 3650\n\n    @pytest.mark.parametrize('case_id, link_item, amount, weight, standard, in_time, all_time', [\n        (\"TD 015\", bundeks_25, 1, 30, 650, 2390, 3320),\n        pytest.param(\n            \"TD 016\", aksolit_30, 8, 300, 650, 2390, 3320,\n            marks=pytest.mark.xfail(reson=\"Цена доставки: - - -\")\n        ),\n        (\"TD 017\", aksolit_30, 13, 400, 650, 2390, 3320),\n        (\"TD 018\", aksolit_30, 16, 500, 850, 2490, 3320),\n        (\"TD 019\", aksolit_30, 25, 1700, 1150, 2490, 3320),\n        (\"TD 020\", aksolit_30, 66, 2000, 1500, 2990, 3650),\n        (\"TD 021\", aksolit_30, 149, 4500, 2600, 4380, 4890),\n        (\"TD 022\", aksolit_30, 166, 5000, 2800, 5490, 5980),\n        pytest.param(\n            \"TD 023\", aksolit_30, 206, 6200, 3300, 7500, 8000,\n            marks=pytest.mark.xfail(reson=\"Цена доставки: 4300 9900 11440\")\n        ),\n        (\"TD 024\", aksolit_30, 299, 9000, 4300, 9900, 11440),\n        (\"TD 025\", aksolit_30, 333, 10000, 7000, 13900, 15900),\n        pytest.param(\n            \"TD 026\", aksolit_30, 366, 11000, 8000, 14900, 19900,\n            marks=pytest.mark.xfail(reson=\"Цена доставки: 7000 13900 15900\")\n        ),\n        pytest.param(\n            \"TD 027\", aksolit_30, 666, 20000, 14000, 16900, 23900,\n            marks=pytest.mark.xfail(reson=\"Цена доставки: 7000 13900 15900\")\n        )\n    ])\n    @pytest.mark.smoke\n    def test_positive_delivery_blue_zone_smoke(\n            self, driver, url, case_id, link_item, amount, weight, standard, in_time, all_time\n    ):\n        allure.dynamic.title(f\"{case_id} Доставка товара весом до {weight}кг. в синей зоне\")\n    \n        driver.get(f'{url}{link_item}')\n        item_page = ItemPage(driver)\n>       item_page.add_item_to_cart(amount).click_on_cart()\n\ntests/delivery/test_delivery_calculation.py:130: \n_ _ _ _ _ _ _ _ _ _ _ _ _ _ _ _ _ _ _ _ _ _ _ _ _ _ _ _ _ _ _ _ _ _ _ _ _ _ _ _ \npages/item_page.py:40: in add_item_to_cart\n    self.find_element(self._add_item).click()\nbase/seleniumbase.py:17: in find_element\n    return self.driver.find_element(*locator)\n/usr/local/lib/python3.11/site-packages/selenium/webdriver/remote/webdriver.py:740: in find_element\n    return self.execute(Command.FIND_ELEMENT, {\"using\": by, \"value\": value})[\"value\"]\n/usr/local/lib/python3.11/site-packages/selenium/webdriver/remote/webdriver.py:346: in execute\n    self.error_handler.check_response(response)\n_ _ _ _ _ _ _ _ _ _ _ _ _ _ _ _ _ _ _ _ _ _ _ _ _ _ _ _ _ _ _ _ _ _ _ _ _ _ _ _ \n\nself = <selenium.webdriver.remote.errorhandler.ErrorHandler object at 0x7f7903e1b550>\nresponse = {'status': 404, 'value': '{\"value\":{\"error\":\"no such element\",\"message\":\"no such element: Unable to locate element: {\\...\\\\n#16 0x55be1c6b1059 \\\\u003Cunknown>\\\\n#17 0x55be1c6c1843 \\\\u003Cunknown>\\\\n#18 0x7ffb7ee63044 \\\\u003Cunknown>\\\\n\"}}'}\n\n    def check_response(self, response: Dict[str, Any]) -> None:\n        \"\"\"Checks that a JSON response from the WebDriver does not have an\n        error.\n    \n        :Args:\n         - response - The JSON response from the WebDriver server as a dictionary\n           object.\n    \n        :Raises: If the response contains an error message.\n        \"\"\"\n        status = response.get(\"status\", None)\n        if not status or status == ErrorCode.SUCCESS:\n            return\n        value = None\n        message = response.get(\"message\", \"\")\n        screen: str = response.get(\"screen\", \"\")\n        stacktrace = None\n        if isinstance(status, int):\n            value_json = response.get(\"value\", None)\n            if value_json and isinstance(value_json, str):\n                import json\n    \n                try:\n                    value = json.loads(value_json)\n                    if len(value) == 1:\n                        value = value[\"value\"]\n                    status = value.get(\"error\", None)\n                    if not status:\n                        status = value.get(\"status\", ErrorCode.UNKNOWN_ERROR)\n                        message = value.get(\"value\") or value.get(\"message\")\n                        if not isinstance(message, str):\n                            value = message\n                            message = message.get(\"message\")\n                    else:\n                        message = value.get(\"message\", None)\n                except ValueError:\n                    pass\n    \n        exception_class: Type[WebDriverException]\n        if status in ErrorCode.NO_SUCH_ELEMENT:\n            exception_class = NoSuchElementException\n        elif status in ErrorCode.NO_SUCH_FRAME:\n            exception_class = NoSuchFrameException\n        elif status in ErrorCode.NO_SUCH_SHADOW_ROOT:\n            exception_class = NoSuchShadowRootException\n        elif status in ErrorCode.NO_SUCH_WINDOW:\n            exception_class = NoSuchWindowException\n        elif status in ErrorCode.STALE_ELEMENT_REFERENCE:\n            exception_class = StaleElementReferenceException\n        elif status in ErrorCode.ELEMENT_NOT_VISIBLE:\n            exception_class = ElementNotVisibleException\n        elif status in ErrorCode.INVALID_ELEMENT_STATE:\n            exception_class = InvalidElementStateException\n        elif (\n            status in ErrorCode.INVALID_SELECTOR\n            or status in ErrorCode.INVALID_XPATH_SELECTOR\n            or status in ErrorCode.INVALID_XPATH_SELECTOR_RETURN_TYPER\n        ):\n            exception_class = InvalidSelectorException\n        elif status in ErrorCode.ELEMENT_IS_NOT_SELECTABLE:\n            exception_class = ElementNotSelectableException\n        elif status in ErrorCode.ELEMENT_NOT_INTERACTABLE:\n            exception_class = ElementNotInteractableException\n        elif status in ErrorCode.INVALID_COOKIE_DOMAIN:\n            exception_class = InvalidCookieDomainException\n        elif status in ErrorCode.UNABLE_TO_SET_COOKIE:\n            exception_class = UnableToSetCookieException\n        elif status in ErrorCode.TIMEOUT:\n            exception_class = TimeoutException\n        elif status in ErrorCode.SCRIPT_TIMEOUT:\n            exception_class = TimeoutException\n        elif status in ErrorCode.UNKNOWN_ERROR:\n            exception_class = WebDriverException\n        elif status in ErrorCode.UNEXPECTED_ALERT_OPEN:\n            exception_class = UnexpectedAlertPresentException\n        elif status in ErrorCode.NO_ALERT_OPEN:\n            exception_class = NoAlertPresentException\n        elif status in ErrorCode.IME_NOT_AVAILABLE:\n            exception_class = ImeNotAvailableException\n        elif status in ErrorCode.IME_ENGINE_ACTIVATION_FAILED:\n            exception_class = ImeActivationFailedException\n        elif status in ErrorCode.MOVE_TARGET_OUT_OF_BOUNDS:\n            exception_class = MoveTargetOutOfBoundsException\n        elif status in ErrorCode.JAVASCRIPT_ERROR:\n            exception_class = JavascriptException\n        elif status in ErrorCode.SESSION_NOT_CREATED:\n            exception_class = SessionNotCreatedException\n        elif status in ErrorCode.INVALID_ARGUMENT:\n            exception_class = InvalidArgumentException\n        elif status in ErrorCode.NO_SUCH_COOKIE:\n            exception_class = NoSuchCookieException\n        elif status in ErrorCode.UNABLE_TO_CAPTURE_SCREEN:\n            exception_class = ScreenshotException\n        elif status in ErrorCode.ELEMENT_CLICK_INTERCEPTED:\n            exception_class = ElementClickInterceptedException\n        elif status in ErrorCode.INSECURE_CERTIFICATE:\n            exception_class = InsecureCertificateException\n        elif status in ErrorCode.INVALID_COORDINATES:\n            exception_class = InvalidCoordinatesException\n        elif status in ErrorCode.INVALID_SESSION_ID:\n            exception_class = InvalidSessionIdException\n        elif status in ErrorCode.UNKNOWN_METHOD:\n            exception_class = UnknownMethodException\n        else:\n            exception_class = WebDriverException\n        if not value:\n            value = response[\"value\"]\n        if isinstance(value, str):\n            raise exception_class(value)\n        if message == \"\" and \"message\" in value:\n            message = value[\"message\"]\n    \n        screen = None  # type: ignore[assignment]\n        if \"screen\" in value:\n            screen = value[\"screen\"]\n    \n        stacktrace = None\n        st_value = value.get(\"stackTrace\") or value.get(\"stacktrace\")\n        if st_value:\n            if isinstance(st_value, str):\n                stacktrace = st_value.split(\"\\n\")\n            else:\n                stacktrace = []\n                try:\n                    for frame in st_value:\n                        line = frame.get(\"lineNumber\", \"\")\n                        file = frame.get(\"fileName\", \"<anonymous>\")\n                        if line:\n                            file = f\"{file}:{line}\"\n                        meth = frame.get(\"methodName\", \"<anonymous>\")\n                        if \"className\" in frame:\n                            meth = f\"{frame['className']}.{meth}\"\n                        msg = \"    at %s (%s)\"\n                        msg = msg % (meth, file)\n                        stacktrace.append(msg)\n                except TypeError:\n                    pass\n        if exception_class == UnexpectedAlertPresentException:\n            alert_text = None\n            if \"data\" in value:\n                alert_text = value[\"data\"].get(\"text\")\n            elif \"alert\" in value:\n                alert_text = value[\"alert\"].get(\"text\")\n            raise exception_class(message, screen, stacktrace, alert_text)  # type: ignore[call-arg]  # mypy is not smart enough here\n>       raise exception_class(message, screen, stacktrace)\nE       selenium.common.exceptions.NoSuchElementException: Message: no such element: Unable to locate element: {\"method\":\"xpath\",\"selector\":\"(//a[@class='add-to-cart yellow-btn'])[1]\"}\nE         (Session info: headless chrome=117.0.5938.92); For documentation on this error, please visit: https://www.selenium.dev/documentation/webdriver/troubleshooting/errors#no-such-element-exception\nE       Stacktrace:\nE       #0 0x55be1c6c26b3 <unknown>\nE       #1 0x55be1c3981e7 <unknown>\nE       #2 0x55be1c3df566 <unknown>\nE       #3 0x55be1c3df651 <unknown>\nE       #4 0x55be1c41ca74 <unknown>\nE       #5 0x55be1c4010ed <unknown>\nE       #6 0x55be1c41a322 <unknown>\nE       #7 0x55be1c400e93 <unknown>\nE       #8 0x55be1c3d3934 <unknown>\nE       #9 0x55be1c3d471e <unknown>\nE       #10 0x55be1c687cb8 <unknown>\nE       #11 0x55be1c68bbf0 <unknown>\nE       #12 0x55be1c69619c <unknown>\nE       #13 0x55be1c68c808 <unknown>\nE       #14 0x55be1c65927f <unknown>\nE       #15 0x55be1c6b0e88 <unknown>\nE       #16 0x55be1c6b1059 <unknown>\nE       #17 0x55be1c6c1843 <unknown>\nE       #18 0x7ffb7ee63044 <unknown>\n\n/usr/local/lib/python3.11/site-packages/selenium/webdriver/remote/errorhandler.py:245: NoSuchElementException","flaky":false,"newFailed":false,"newBroken":false,"newPassed":false,"retriesCount":0,"retriesStatusChange":false,"beforeStages":[{"name":"_session_faker","time":{"start":1695949247533,"stop":1695949247617,"duration":84},"status":"passed","steps":[],"attachments":[],"parameters":[],"shouldDisplayMessage":false,"stepsCount":0,"attachmentsCount":0,"hasContent":false},{"name":"clear_allure_results_folder","time":{"start":1695949247617,"stop":1695949247617,"duration":0},"status":"passed","steps":[],"attachments":[],"parameters":[],"shouldDisplayMessage":false,"stepsCount":0,"attachmentsCount":0,"hasContent":false},{"name":"driver","time":{"start":1695949648417,"stop":1695949649197,"duration":780},"status":"passed","steps":[],"attachments":[],"parameters":[],"shouldDisplayMessage":false,"stepsCount":0,"attachmentsCount":0,"hasContent":false},{"name":"setup","time":{"start":1695949649197,"stop":1695949649197,"duration":0},"status":"passed","steps":[],"attachments":[],"parameters":[],"shouldDisplayMessage":false,"stepsCount":0,"attachmentsCount":0,"hasContent":false}],"testStage":{"status":"broken","statusMessage":"selenium.common.exceptions.NoSuchElementException: Message: no such element: Unable to locate element: {\"method\":\"xpath\",\"selector\":\"(//a[@class='add-to-cart yellow-btn'])[1]\"}\n  (Session info: headless chrome=117.0.5938.92); For documentation on this error, please visit: https://www.selenium.dev/documentation/webdriver/troubleshooting/errors#no-such-element-exception\nStacktrace:\n#0 0x55be1c6c26b3 <unknown>\n#1 0x55be1c3981e7 <unknown>\n#2 0x55be1c3df566 <unknown>\n#3 0x55be1c3df651 <unknown>\n#4 0x55be1c41ca74 <unknown>\n#5 0x55be1c4010ed <unknown>\n#6 0x55be1c41a322 <unknown>\n#7 0x55be1c400e93 <unknown>\n#8 0x55be1c3d3934 <unknown>\n#9 0x55be1c3d471e <unknown>\n#10 0x55be1c687cb8 <unknown>\n#11 0x55be1c68bbf0 <unknown>\n#12 0x55be1c69619c <unknown>\n#13 0x55be1c68c808 <unknown>\n#14 0x55be1c65927f <unknown>\n#15 0x55be1c6b0e88 <unknown>\n#16 0x55be1c6b1059 <unknown>\n#17 0x55be1c6c1843 <unknown>\n#18 0x7ffb7ee63044 <unknown>","statusTrace":"self = <tests.delivery.test_delivery_calculation.TestDeliveryPageCalculation object at 0x7f79052a5490>\ndriver = <selenium.webdriver.chrome.webdriver.WebDriver (session=\"52b9892e36d0baefe8d82342cc342e52\")>\nurl = 'https://sandboxtest.stroyrem-nn.ru/', case_id = 'TD 020'\nlink_item = 'products/shtukaturka-gipsovaya-aksolit-m50-30-kg-mashinnogo-naneseniya'\namount = 66, weight = 2000, standard = 1500, in_time = 2990, all_time = 3650\n\n    @pytest.mark.parametrize('case_id, link_item, amount, weight, standard, in_time, all_time', [\n        (\"TD 015\", bundeks_25, 1, 30, 650, 2390, 3320),\n        pytest.param(\n            \"TD 016\", aksolit_30, 8, 300, 650, 2390, 3320,\n            marks=pytest.mark.xfail(reson=\"Цена доставки: - - -\")\n        ),\n        (\"TD 017\", aksolit_30, 13, 400, 650, 2390, 3320),\n        (\"TD 018\", aksolit_30, 16, 500, 850, 2490, 3320),\n        (\"TD 019\", aksolit_30, 25, 1700, 1150, 2490, 3320),\n        (\"TD 020\", aksolit_30, 66, 2000, 1500, 2990, 3650),\n        (\"TD 021\", aksolit_30, 149, 4500, 2600, 4380, 4890),\n        (\"TD 022\", aksolit_30, 166, 5000, 2800, 5490, 5980),\n        pytest.param(\n            \"TD 023\", aksolit_30, 206, 6200, 3300, 7500, 8000,\n            marks=pytest.mark.xfail(reson=\"Цена доставки: 4300 9900 11440\")\n        ),\n        (\"TD 024\", aksolit_30, 299, 9000, 4300, 9900, 11440),\n        (\"TD 025\", aksolit_30, 333, 10000, 7000, 13900, 15900),\n        pytest.param(\n            \"TD 026\", aksolit_30, 366, 11000, 8000, 14900, 19900,\n            marks=pytest.mark.xfail(reson=\"Цена доставки: 7000 13900 15900\")\n        ),\n        pytest.param(\n            \"TD 027\", aksolit_30, 666, 20000, 14000, 16900, 23900,\n            marks=pytest.mark.xfail(reson=\"Цена доставки: 7000 13900 15900\")\n        )\n    ])\n    @pytest.mark.smoke\n    def test_positive_delivery_blue_zone_smoke(\n            self, driver, url, case_id, link_item, amount, weight, standard, in_time, all_time\n    ):\n        allure.dynamic.title(f\"{case_id} Доставка товара весом до {weight}кг. в синей зоне\")\n    \n        driver.get(f'{url}{link_item}')\n        item_page = ItemPage(driver)\n>       item_page.add_item_to_cart(amount).click_on_cart()\n\ntests/delivery/test_delivery_calculation.py:130: \n_ _ _ _ _ _ _ _ _ _ _ _ _ _ _ _ _ _ _ _ _ _ _ _ _ _ _ _ _ _ _ _ _ _ _ _ _ _ _ _ \npages/item_page.py:40: in add_item_to_cart\n    self.find_element(self._add_item).click()\nbase/seleniumbase.py:17: in find_element\n    return self.driver.find_element(*locator)\n/usr/local/lib/python3.11/site-packages/selenium/webdriver/remote/webdriver.py:740: in find_element\n    return self.execute(Command.FIND_ELEMENT, {\"using\": by, \"value\": value})[\"value\"]\n/usr/local/lib/python3.11/site-packages/selenium/webdriver/remote/webdriver.py:346: in execute\n    self.error_handler.check_response(response)\n_ _ _ _ _ _ _ _ _ _ _ _ _ _ _ _ _ _ _ _ _ _ _ _ _ _ _ _ _ _ _ _ _ _ _ _ _ _ _ _ \n\nself = <selenium.webdriver.remote.errorhandler.ErrorHandler object at 0x7f7903e1b550>\nresponse = {'status': 404, 'value': '{\"value\":{\"error\":\"no such element\",\"message\":\"no such element: Unable to locate element: {\\...\\\\n#16 0x55be1c6b1059 \\\\u003Cunknown>\\\\n#17 0x55be1c6c1843 \\\\u003Cunknown>\\\\n#18 0x7ffb7ee63044 \\\\u003Cunknown>\\\\n\"}}'}\n\n    def check_response(self, response: Dict[str, Any]) -> None:\n        \"\"\"Checks that a JSON response from the WebDriver does not have an\n        error.\n    \n        :Args:\n         - response - The JSON response from the WebDriver server as a dictionary\n           object.\n    \n        :Raises: If the response contains an error message.\n        \"\"\"\n        status = response.get(\"status\", None)\n        if not status or status == ErrorCode.SUCCESS:\n            return\n        value = None\n        message = response.get(\"message\", \"\")\n        screen: str = response.get(\"screen\", \"\")\n        stacktrace = None\n        if isinstance(status, int):\n            value_json = response.get(\"value\", None)\n            if value_json and isinstance(value_json, str):\n                import json\n    \n                try:\n                    value = json.loads(value_json)\n                    if len(value) == 1:\n                        value = value[\"value\"]\n                    status = value.get(\"error\", None)\n                    if not status:\n                        status = value.get(\"status\", ErrorCode.UNKNOWN_ERROR)\n                        message = value.get(\"value\") or value.get(\"message\")\n                        if not isinstance(message, str):\n                            value = message\n                            message = message.get(\"message\")\n                    else:\n                        message = value.get(\"message\", None)\n                except ValueError:\n                    pass\n    \n        exception_class: Type[WebDriverException]\n        if status in ErrorCode.NO_SUCH_ELEMENT:\n            exception_class = NoSuchElementException\n        elif status in ErrorCode.NO_SUCH_FRAME:\n            exception_class = NoSuchFrameException\n        elif status in ErrorCode.NO_SUCH_SHADOW_ROOT:\n            exception_class = NoSuchShadowRootException\n        elif status in ErrorCode.NO_SUCH_WINDOW:\n            exception_class = NoSuchWindowException\n        elif status in ErrorCode.STALE_ELEMENT_REFERENCE:\n            exception_class = StaleElementReferenceException\n        elif status in ErrorCode.ELEMENT_NOT_VISIBLE:\n            exception_class = ElementNotVisibleException\n        elif status in ErrorCode.INVALID_ELEMENT_STATE:\n            exception_class = InvalidElementStateException\n        elif (\n            status in ErrorCode.INVALID_SELECTOR\n            or status in ErrorCode.INVALID_XPATH_SELECTOR\n            or status in ErrorCode.INVALID_XPATH_SELECTOR_RETURN_TYPER\n        ):\n            exception_class = InvalidSelectorException\n        elif status in ErrorCode.ELEMENT_IS_NOT_SELECTABLE:\n            exception_class = ElementNotSelectableException\n        elif status in ErrorCode.ELEMENT_NOT_INTERACTABLE:\n            exception_class = ElementNotInteractableException\n        elif status in ErrorCode.INVALID_COOKIE_DOMAIN:\n            exception_class = InvalidCookieDomainException\n        elif status in ErrorCode.UNABLE_TO_SET_COOKIE:\n            exception_class = UnableToSetCookieException\n        elif status in ErrorCode.TIMEOUT:\n            exception_class = TimeoutException\n        elif status in ErrorCode.SCRIPT_TIMEOUT:\n            exception_class = TimeoutException\n        elif status in ErrorCode.UNKNOWN_ERROR:\n            exception_class = WebDriverException\n        elif status in ErrorCode.UNEXPECTED_ALERT_OPEN:\n            exception_class = UnexpectedAlertPresentException\n        elif status in ErrorCode.NO_ALERT_OPEN:\n            exception_class = NoAlertPresentException\n        elif status in ErrorCode.IME_NOT_AVAILABLE:\n            exception_class = ImeNotAvailableException\n        elif status in ErrorCode.IME_ENGINE_ACTIVATION_FAILED:\n            exception_class = ImeActivationFailedException\n        elif status in ErrorCode.MOVE_TARGET_OUT_OF_BOUNDS:\n            exception_class = MoveTargetOutOfBoundsException\n        elif status in ErrorCode.JAVASCRIPT_ERROR:\n            exception_class = JavascriptException\n        elif status in ErrorCode.SESSION_NOT_CREATED:\n            exception_class = SessionNotCreatedException\n        elif status in ErrorCode.INVALID_ARGUMENT:\n            exception_class = InvalidArgumentException\n        elif status in ErrorCode.NO_SUCH_COOKIE:\n            exception_class = NoSuchCookieException\n        elif status in ErrorCode.UNABLE_TO_CAPTURE_SCREEN:\n            exception_class = ScreenshotException\n        elif status in ErrorCode.ELEMENT_CLICK_INTERCEPTED:\n            exception_class = ElementClickInterceptedException\n        elif status in ErrorCode.INSECURE_CERTIFICATE:\n            exception_class = InsecureCertificateException\n        elif status in ErrorCode.INVALID_COORDINATES:\n            exception_class = InvalidCoordinatesException\n        elif status in ErrorCode.INVALID_SESSION_ID:\n            exception_class = InvalidSessionIdException\n        elif status in ErrorCode.UNKNOWN_METHOD:\n            exception_class = UnknownMethodException\n        else:\n            exception_class = WebDriverException\n        if not value:\n            value = response[\"value\"]\n        if isinstance(value, str):\n            raise exception_class(value)\n        if message == \"\" and \"message\" in value:\n            message = value[\"message\"]\n    \n        screen = None  # type: ignore[assignment]\n        if \"screen\" in value:\n            screen = value[\"screen\"]\n    \n        stacktrace = None\n        st_value = value.get(\"stackTrace\") or value.get(\"stacktrace\")\n        if st_value:\n            if isinstance(st_value, str):\n                stacktrace = st_value.split(\"\\n\")\n            else:\n                stacktrace = []\n                try:\n                    for frame in st_value:\n                        line = frame.get(\"lineNumber\", \"\")\n                        file = frame.get(\"fileName\", \"<anonymous>\")\n                        if line:\n                            file = f\"{file}:{line}\"\n                        meth = frame.get(\"methodName\", \"<anonymous>\")\n                        if \"className\" in frame:\n                            meth = f\"{frame['className']}.{meth}\"\n                        msg = \"    at %s (%s)\"\n                        msg = msg % (meth, file)\n                        stacktrace.append(msg)\n                except TypeError:\n                    pass\n        if exception_class == UnexpectedAlertPresentException:\n            alert_text = None\n            if \"data\" in value:\n                alert_text = value[\"data\"].get(\"text\")\n            elif \"alert\" in value:\n                alert_text = value[\"alert\"].get(\"text\")\n            raise exception_class(message, screen, stacktrace, alert_text)  # type: ignore[call-arg]  # mypy is not smart enough here\n>       raise exception_class(message, screen, stacktrace)\nE       selenium.common.exceptions.NoSuchElementException: Message: no such element: Unable to locate element: {\"method\":\"xpath\",\"selector\":\"(//a[@class='add-to-cart yellow-btn'])[1]\"}\nE         (Session info: headless chrome=117.0.5938.92); For documentation on this error, please visit: https://www.selenium.dev/documentation/webdriver/troubleshooting/errors#no-such-element-exception\nE       Stacktrace:\nE       #0 0x55be1c6c26b3 <unknown>\nE       #1 0x55be1c3981e7 <unknown>\nE       #2 0x55be1c3df566 <unknown>\nE       #3 0x55be1c3df651 <unknown>\nE       #4 0x55be1c41ca74 <unknown>\nE       #5 0x55be1c4010ed <unknown>\nE       #6 0x55be1c41a322 <unknown>\nE       #7 0x55be1c400e93 <unknown>\nE       #8 0x55be1c3d3934 <unknown>\nE       #9 0x55be1c3d471e <unknown>\nE       #10 0x55be1c687cb8 <unknown>\nE       #11 0x55be1c68bbf0 <unknown>\nE       #12 0x55be1c69619c <unknown>\nE       #13 0x55be1c68c808 <unknown>\nE       #14 0x55be1c65927f <unknown>\nE       #15 0x55be1c6b0e88 <unknown>\nE       #16 0x55be1c6b1059 <unknown>\nE       #17 0x55be1c6c1843 <unknown>\nE       #18 0x7ffb7ee63044 <unknown>\n\n/usr/local/lib/python3.11/site-packages/selenium/webdriver/remote/errorhandler.py:245: NoSuchElementException","steps":[{"name":"Добавляем товар в корзину в количестве 66","time":{"start":1695949649591,"stop":1695949649606,"duration":15},"status":"broken","statusMessage":"selenium.common.exceptions.NoSuchElementException: Message: no such element: Unable to locate element: {\"method\":\"xpath\",\"selector\":\"(//a[@class='add-to-cart yellow-btn'])[1]\"}\n  (Session info: headless chrome=117.0.5938.92); For documentation on this error, please visit: https://www.selenium.dev/documentation/webdriver/troubleshooting/errors#no-such-element-exception\nStacktrace:\n#0 0x55be1c6c26b3 <unknown>\n#1 0x55be1c3981e7 <unknown>\n#2 0x55be1c3df566 <unknown>\n#3 0x55be1c3df651 <unknown>\n#4 0x55be1c41ca74 <unknown>\n#5 0x55be1c4010ed <unknown>\n#6 0x55be1c41a322 <unknown>\n#7 0x55be1c400e93 <unknown>\n#8 0x55be1c3d3934 <unknown>\n#9 0x55be1c3d471e <unknown>\n#10 0x55be1c687cb8 <unknown>\n#11 0x55be1c68bbf0 <unknown>\n#12 0x55be1c69619c <unknown>\n#13 0x55be1c68c808 <unknown>\n#14 0x55be1c65927f <unknown>\n#15 0x55be1c6b0e88 <unknown>\n#16 0x55be1c6b1059 <unknown>\n#17 0x55be1c6c1843 <unknown>\n#18 0x7ffb7ee63044 <unknown>\n\n","statusTrace":"  File \"/usr/local/lib/python3.11/site-packages/allure_commons/_allure.py\", line 192, in impl\n    return func(*a, **kw)\n           ^^^^^^^^^^^^^^\n  File \"/app/pages/item_page.py\", line 40, in add_item_to_cart\n    self.find_element(self._add_item).click()\n    ^^^^^^^^^^^^^^^^^^^^^^^^^^^^^^^^^\n  File \"/app/base/seleniumbase.py\", line 17, in find_element\n    return self.driver.find_element(*locator)\n           ^^^^^^^^^^^^^^^^^^^^^^^^^^^^^^^^^^\n  File \"/usr/local/lib/python3.11/site-packages/selenium/webdriver/remote/webdriver.py\", line 740, in find_element\n    return self.execute(Command.FIND_ELEMENT, {\"using\": by, \"value\": value})[\"value\"]\n           ^^^^^^^^^^^^^^^^^^^^^^^^^^^^^^^^^^^^^^^^^^^^^^^^^^^^^^^^^^^^^^^^^\n  File \"/usr/local/lib/python3.11/site-packages/selenium/webdriver/remote/webdriver.py\", line 346, in execute\n    self.error_handler.check_response(response)\n  File \"/usr/local/lib/python3.11/site-packages/selenium/webdriver/remote/errorhandler.py\", line 245, in check_response\n    raise exception_class(message, screen, stacktrace)\n","steps":[],"attachments":[],"parameters":[{"name":"amount","value":"66"}],"shouldDisplayMessage":true,"stepsCount":0,"attachmentsCount":0,"hasContent":true}],"attachments":[{"uid":"d7d7020e6f76f133","name":"Screenshot","source":"d7d7020e6f76f133.png","type":"image/png","size":39917},{"uid":"9c1cebf84a76e30","name":"HTML source","source":"9c1cebf84a76e30.html","type":"text/html","size":544}],"parameters":[],"shouldDisplayMessage":true,"stepsCount":1,"attachmentsCount":2,"hasContent":true},"afterStages":[{"name":"setup::0","time":{"start":1695949649724,"stop":1695949649724,"duration":0},"status":"passed","steps":[],"attachments":[],"parameters":[],"shouldDisplayMessage":false,"stepsCount":0,"attachmentsCount":0,"hasContent":false},{"name":"driver::0","time":{"start":1695949649724,"stop":1695949649781,"duration":57},"status":"passed","steps":[],"attachments":[],"parameters":[],"shouldDisplayMessage":false,"stepsCount":0,"attachmentsCount":0,"hasContent":false}],"labels":[{"name":"epic","value":"Delivery Page - calculation"},{"name":"tag","value":"smoke"},{"name":"parentSuite","value":"tests.delivery"},{"name":"suite","value":"test_delivery_calculation"},{"name":"subSuite","value":"TestDeliveryPageCalculation"},{"name":"host","value":"532a50de75d1"},{"name":"thread","value":"1-MainThread"},{"name":"framework","value":"pytest"},{"name":"language","value":"cpython3"},{"name":"package","value":"tests.delivery.test_delivery_calculation"},{"name":"resultFormat","value":"allure2"}],"parameters":[{"name":"all_time","value":"3650"},{"name":"amount","value":"66"},{"name":"case_id","value":"'TD 020'"},{"name":"in_time","value":"2990"},{"name":"link_item","value":"'products/shtukaturka-gipsovaya-aksolit-m50-30-kg-mashinnogo-naneseniya'"},{"name":"standard","value":"1500"},{"name":"url","value":"'https://sandboxtest.stroyrem-nn.ru/'"},{"name":"weight","value":"2000"}],"links":[],"hidden":false,"retry":false,"extra":{"severity":"normal","retries":[],"categories":[{"name":"Test defects","matchedStatuses":[],"flaky":false}],"history":{"statistic":{"failed":0,"broken":30,"skipped":0,"passed":0,"unknown":0,"total":30},"items":[{"uid":"61d963e9a76e2260","reportUrl":"https://zaelcovsky.github.io/StroyremAutomation/93//#testresult/61d963e9a76e2260","status":"broken","statusDetails":"selenium.common.exceptions.NoSuchElementException: Message: no such element: Unable to locate element: {\"method\":\"xpath\",\"selector\":\"(//a[@class='add-to-cart yellow-btn'])[1]\"}\n  (Session info: headless chrome=117.0.5938.92); For documentation on this error, please visit: https://www.selenium.dev/documentation/webdriver/troubleshooting/errors#no-such-element-exception\nStacktrace:\n#0 0x55b12f3786b3 <unknown>\n#1 0x55b12f04e1e7 <unknown>\n#2 0x55b12f095566 <unknown>\n#3 0x55b12f095651 <unknown>\n#4 0x55b12f0d2a74 <unknown>\n#5 0x55b12f0b70ed <unknown>\n#6 0x55b12f0d0322 <unknown>\n#7 0x55b12f0b6e93 <unknown>\n#8 0x55b12f089934 <unknown>\n#9 0x55b12f08a71e <unknown>\n#10 0x55b12f33dcb8 <unknown>\n#11 0x55b12f341bf0 <unknown>\n#12 0x55b12f34c19c <unknown>\n#13 0x55b12f342808 <unknown>\n#14 0x55b12f30f27f <unknown>\n#15 0x55b12f366e88 <unknown>\n#16 0x55b12f367059 <unknown>\n#17 0x55b12f377843 <unknown>\n#18 0x7f9c749f3044 <unknown>","time":{"start":1695863243489,"stop":1695863243904,"duration":415}},{"uid":"244a92b78b4e1c91","reportUrl":"https://zaelcovsky.github.io/StroyremAutomation/92//#testresult/244a92b78b4e1c91","status":"broken","statusDetails":"selenium.common.exceptions.ElementNotInteractableException: Message: element not interactable\n  (Session info: headless chrome=117.0.5938.92)\nStacktrace:\n#0 0x562df689b6b3 <unknown>\n#1 0x562df6571036 <unknown>\n#2 0x562df65afc1d <unknown>\n#3 0x562df65da0c2 <unknown>\n#4 0x562df65adf16 <unknown>\n#5 0x562df65da28e <unknown>\n#6 0x562df65f3322 <unknown>\n#7 0x562df65d9e93 <unknown>\n#8 0x562df65ac934 <unknown>\n#9 0x562df65ad71e <unknown>\n#10 0x562df6860cb8 <unknown>\n#11 0x562df6864bf0 <unknown>\n#12 0x562df686f19c <unknown>\n#13 0x562df6865808 <unknown>\n#14 0x562df683227f <unknown>\n#15 0x562df6889e88 <unknown>\n#16 0x562df688a059 <unknown>\n#17 0x562df689a843 <unknown>\n#18 0x7f4802bd1044 <unknown>","time":{"start":1695777074201,"stop":1695777080609,"duration":6408}},{"uid":"758a9afe96a6b507","reportUrl":"https://zaelcovsky.github.io/StroyremAutomation/91//#testresult/758a9afe96a6b507","status":"broken","statusDetails":"selenium.common.exceptions.NoSuchElementException: Message: no such element: Unable to locate element: {\"method\":\"xpath\",\"selector\":\"(//a[@class='add-to-cart yellow-btn'])[1]\"}\n  (Session info: headless chrome=117.0.5938.92); For documentation on this error, please visit: https://www.selenium.dev/documentation/webdriver/troubleshooting/errors#no-such-element-exception\nStacktrace:\n#0 0x5600dc7406b3 <unknown>\n#1 0x5600dc4161e7 <unknown>\n#2 0x5600dc45d566 <unknown>\n#3 0x5600dc45d651 <unknown>\n#4 0x5600dc49aa74 <unknown>\n#5 0x5600dc47f0ed <unknown>\n#6 0x5600dc498322 <unknown>\n#7 0x5600dc47ee93 <unknown>\n#8 0x5600dc451934 <unknown>\n#9 0x5600dc45271e <unknown>\n#10 0x5600dc705cb8 <unknown>\n#11 0x5600dc709bf0 <unknown>\n#12 0x5600dc71419c <unknown>\n#13 0x5600dc70a808 <unknown>\n#14 0x5600dc6d727f <unknown>\n#15 0x5600dc72ee88 <unknown>\n#16 0x5600dc72f059 <unknown>\n#17 0x5600dc73f843 <unknown>\n#18 0x7fcd81d66044 <unknown>","time":{"start":1695690687248,"stop":1695690687904,"duration":656}},{"uid":"d76b8c12a0a9a8cd","reportUrl":"https://zaelcovsky.github.io/StroyremAutomation/90//#testresult/d76b8c12a0a9a8cd","status":"broken","statusDetails":"selenium.common.exceptions.NoSuchElementException: Message: no such element: Unable to locate element: {\"method\":\"xpath\",\"selector\":\"(//a[@class='add-to-cart yellow-btn'])[1]\"}\n  (Session info: headless chrome=117.0.5938.92); For documentation on this error, please visit: https://www.selenium.dev/documentation/webdriver/troubleshooting/errors#no-such-element-exception\nStacktrace:\n#0 0x55c86a23a6b3 <unknown>\n#1 0x55c869f101e7 <unknown>\n#2 0x55c869f57566 <unknown>\n#3 0x55c869f57651 <unknown>\n#4 0x55c869f94a74 <unknown>\n#5 0x55c869f790ed <unknown>\n#6 0x55c869f92322 <unknown>\n#7 0x55c869f78e93 <unknown>\n#8 0x55c869f4b934 <unknown>\n#9 0x55c869f4c71e <unknown>\n#10 0x55c86a1ffcb8 <unknown>\n#11 0x55c86a203bf0 <unknown>\n#12 0x55c86a20e19c <unknown>\n#13 0x55c86a204808 <unknown>\n#14 0x55c86a1d127f <unknown>\n#15 0x55c86a228e88 <unknown>\n#16 0x55c86a229059 <unknown>\n#17 0x55c86a239843 <unknown>\n#18 0x7f5ed777f044 <unknown>","time":{"start":1695604078714,"stop":1695604079238,"duration":524}},{"uid":"b499999c810b7916","reportUrl":"https://zaelcovsky.github.io/StroyremAutomation/89//#testresult/b499999c810b7916","status":"broken","statusDetails":"selenium.common.exceptions.NoSuchElementException: Message: no such element: Unable to locate element: {\"method\":\"xpath\",\"selector\":\"(//a[@class='add-to-cart yellow-btn'])[1]\"}\n  (Session info: headless chrome=117.0.5938.92); For documentation on this error, please visit: https://www.selenium.dev/documentation/webdriver/troubleshooting/errors#no-such-element-exception\nStacktrace:\n#0 0x564ea878e6b3 <unknown>\n#1 0x564ea84641e7 <unknown>\n#2 0x564ea84ab566 <unknown>\n#3 0x564ea84ab651 <unknown>\n#4 0x564ea84e8a74 <unknown>\n#5 0x564ea84cd0ed <unknown>\n#6 0x564ea84e6322 <unknown>\n#7 0x564ea84cce93 <unknown>\n#8 0x564ea849f934 <unknown>\n#9 0x564ea84a071e <unknown>\n#10 0x564ea8753cb8 <unknown>\n#11 0x564ea8757bf0 <unknown>\n#12 0x564ea876219c <unknown>\n#13 0x564ea8758808 <unknown>\n#14 0x564ea872527f <unknown>\n#15 0x564ea877ce88 <unknown>\n#16 0x564ea877d059 <unknown>\n#17 0x564ea878d843 <unknown>\n#18 0x7fd8759a7044 <unknown>","time":{"start":1695517908962,"stop":1695517909585,"duration":623}},{"uid":"272b3ae25e7b029","reportUrl":"https://zaelcovsky.github.io/StroyremAutomation/88//#testresult/272b3ae25e7b029","status":"broken","statusDetails":"selenium.common.exceptions.NoSuchElementException: Message: no such element: Unable to locate element: {\"method\":\"xpath\",\"selector\":\"(//a[@class='add-to-cart yellow-btn'])[1]\"}\n  (Session info: headless chrome=117.0.5938.92); For documentation on this error, please visit: https://www.selenium.dev/documentation/webdriver/troubleshooting/errors#no-such-element-exception\nStacktrace:\n#0 0x55b1f8da36b3 <unknown>\n#1 0x55b1f8a791e7 <unknown>\n#2 0x55b1f8ac0566 <unknown>\n#3 0x55b1f8ac0651 <unknown>\n#4 0x55b1f8afda74 <unknown>\n#5 0x55b1f8ae20ed <unknown>\n#6 0x55b1f8afb322 <unknown>\n#7 0x55b1f8ae1e93 <unknown>\n#8 0x55b1f8ab4934 <unknown>\n#9 0x55b1f8ab571e <unknown>\n#10 0x55b1f8d68cb8 <unknown>\n#11 0x55b1f8d6cbf0 <unknown>\n#12 0x55b1f8d7719c <unknown>\n#13 0x55b1f8d6d808 <unknown>\n#14 0x55b1f8d3a27f <unknown>\n#15 0x55b1f8d91e88 <unknown>\n#16 0x55b1f8d92059 <unknown>\n#17 0x55b1f8da2843 <unknown>\n#18 0x7ff118f85044 <unknown>","time":{"start":1695431254615,"stop":1695431255263,"duration":648}},{"uid":"3d1ffb410bfd9d9c","reportUrl":"https://zaelcovsky.github.io/StroyremAutomation/87//#testresult/3d1ffb410bfd9d9c","status":"broken","statusDetails":"selenium.common.exceptions.NoSuchElementException: Message: no such element: Unable to locate element: {\"method\":\"xpath\",\"selector\":\"(//a[@class='add-to-cart yellow-btn'])[1]\"}\n  (Session info: headless chrome=117.0.5938.92); For documentation on this error, please visit: https://www.selenium.dev/documentation/webdriver/troubleshooting/errors#no-such-element-exception\nStacktrace:\n#0 0x55ce0631a6b3 <unknown>\n#1 0x55ce05ff01e7 <unknown>\n#2 0x55ce06037566 <unknown>\n#3 0x55ce06037651 <unknown>\n#4 0x55ce06074a74 <unknown>\n#5 0x55ce060590ed <unknown>\n#6 0x55ce06072322 <unknown>\n#7 0x55ce06058e93 <unknown>\n#8 0x55ce0602b934 <unknown>\n#9 0x55ce0602c71e <unknown>\n#10 0x55ce062dfcb8 <unknown>\n#11 0x55ce062e3bf0 <unknown>\n#12 0x55ce062ee19c <unknown>\n#13 0x55ce062e4808 <unknown>\n#14 0x55ce062b127f <unknown>\n#15 0x55ce06308e88 <unknown>\n#16 0x55ce06309059 <unknown>\n#17 0x55ce06319843 <unknown>\n#18 0x7f731dd93044 <unknown>","time":{"start":1695344833312,"stop":1695344833745,"duration":433}},{"uid":"5de32ba732ec8b4a","reportUrl":"https://zaelcovsky.github.io/StroyremAutomation/86//#testresult/5de32ba732ec8b4a","status":"broken","statusDetails":"selenium.common.exceptions.NoSuchElementException: Message: no such element: Unable to locate element: {\"method\":\"xpath\",\"selector\":\"(//a[@class='add-to-cart yellow-btn'])[1]\"}\n  (Session info: headless chrome=117.0.5938.88); For documentation on this error, please visit: https://www.selenium.dev/documentation/webdriver/troubleshooting/errors#no-such-element-exception\nStacktrace:\n#0 0x561f203246c3 <unknown>\n#1 0x561f1fffa1e7 <unknown>\n#2 0x561f20041566 <unknown>\n#3 0x561f20041651 <unknown>\n#4 0x561f2007ea74 <unknown>\n#5 0x561f200630ed <unknown>\n#6 0x561f2007c322 <unknown>\n#7 0x561f20062e93 <unknown>\n#8 0x561f20035934 <unknown>\n#9 0x561f2003671e <unknown>\n#10 0x561f202e9cc8 <unknown>\n#11 0x561f202edc00 <unknown>\n#12 0x561f202f81ac <unknown>\n#13 0x561f202ee818 <unknown>\n#14 0x561f202bb28f <unknown>\n#15 0x561f20312e98 <unknown>\n#16 0x561f20313069 <unknown>\n#17 0x561f20323853 <unknown>\n#18 0x7f27a63c3044 <unknown>","time":{"start":1695258396138,"stop":1695258396759,"duration":621}},{"uid":"43a07a970de5d05e","reportUrl":"https://zaelcovsky.github.io/StroyremAutomation/85//#testresult/43a07a970de5d05e","status":"broken","statusDetails":"selenium.common.exceptions.ElementNotInteractableException: Message: element not interactable\n  (Session info: headless chrome=117.0.5938.88)\nStacktrace:\n#0 0x55f7759bc6c3 <unknown>\n#1 0x55f775692036 <unknown>\n#2 0x55f7756d0c1d <unknown>\n#3 0x55f7756fb0c2 <unknown>\n#4 0x55f7756cef16 <unknown>\n#5 0x55f7756fb28e <unknown>\n#6 0x55f775714322 <unknown>\n#7 0x55f7756fae93 <unknown>\n#8 0x55f7756cd934 <unknown>\n#9 0x55f7756ce71e <unknown>\n#10 0x55f775981cc8 <unknown>\n#11 0x55f775985c00 <unknown>\n#12 0x55f7759901ac <unknown>\n#13 0x55f775986818 <unknown>\n#14 0x55f77595328f <unknown>\n#15 0x55f7759aae98 <unknown>\n#16 0x55f7759ab069 <unknown>\n#17 0x55f7759bb853 <unknown>\n#18 0x7feb356e9044 <unknown>","time":{"start":1695172237536,"stop":1695172243523,"duration":5987}},{"uid":"86f4564ab259f528","reportUrl":"https://zaelcovsky.github.io/StroyremAutomation/84//#testresult/86f4564ab259f528","status":"broken","statusDetails":"selenium.common.exceptions.NoSuchElementException: Message: no such element: Unable to locate element: {\"method\":\"xpath\",\"selector\":\"(//a[@class='add-to-cart yellow-btn'])[1]\"}\n  (Session info: headless chrome=117.0.5938.88); For documentation on this error, please visit: https://www.selenium.dev/documentation/webdriver/troubleshooting/errors#no-such-element-exception\nStacktrace:\n#0 0x55c73ac4d6c3 <unknown>\n#1 0x55c73a9231e7 <unknown>\n#2 0x55c73a96a566 <unknown>\n#3 0x55c73a96a651 <unknown>\n#4 0x55c73a9a7a74 <unknown>\n#5 0x55c73a98c0ed <unknown>\n#6 0x55c73a9a5322 <unknown>\n#7 0x55c73a98be93 <unknown>\n#8 0x55c73a95e934 <unknown>\n#9 0x55c73a95f71e <unknown>\n#10 0x55c73ac12cc8 <unknown>\n#11 0x55c73ac16c00 <unknown>\n#12 0x55c73ac211ac <unknown>\n#13 0x55c73ac17818 <unknown>\n#14 0x55c73abe428f <unknown>\n#15 0x55c73ac3be98 <unknown>\n#16 0x55c73ac3c069 <unknown>\n#17 0x55c73ac4c853 <unknown>\n#18 0x7fe84c412044 <unknown>","time":{"start":1695085778370,"stop":1695085779120,"duration":750}},{"uid":"ea05278b9d469524","reportUrl":"https://zaelcovsky.github.io/StroyremAutomation/83//#testresult/ea05278b9d469524","status":"broken","statusDetails":"selenium.common.exceptions.NoSuchElementException: Message: no such element: Unable to locate element: {\"method\":\"xpath\",\"selector\":\"(//a[@class='add-to-cart yellow-btn'])[1]\"}\n  (Session info: headless chrome=117.0.5938.88); For documentation on this error, please visit: https://www.selenium.dev/documentation/webdriver/troubleshooting/errors#no-such-element-exception\nStacktrace:\n#0 0x55c4346176c3 <unknown>\n#1 0x55c4342ed1e7 <unknown>\n#2 0x55c434334566 <unknown>\n#3 0x55c434334651 <unknown>\n#4 0x55c434371a74 <unknown>\n#5 0x55c4343560ed <unknown>\n#6 0x55c43436f322 <unknown>\n#7 0x55c434355e93 <unknown>\n#8 0x55c434328934 <unknown>\n#9 0x55c43432971e <unknown>\n#10 0x55c4345dccc8 <unknown>\n#11 0x55c4345e0c00 <unknown>\n#12 0x55c4345eb1ac <unknown>\n#13 0x55c4345e1818 <unknown>\n#14 0x55c4345ae28f <unknown>\n#15 0x55c434605e98 <unknown>\n#16 0x55c434606069 <unknown>\n#17 0x55c434616853 <unknown>\n#18 0x7f7dadaf3044 <unknown>","time":{"start":1694999371721,"stop":1694999372383,"duration":662}},{"uid":"3375b34a80a4a3e","reportUrl":"https://zaelcovsky.github.io/StroyremAutomation/82//#testresult/3375b34a80a4a3e","status":"broken","statusDetails":"selenium.common.exceptions.NoSuchElementException: Message: no such element: Unable to locate element: {\"method\":\"xpath\",\"selector\":\"(//a[@class='add-to-cart yellow-btn'])[1]\"}\n  (Session info: headless chrome=117.0.5938.88); For documentation on this error, please visit: https://www.selenium.dev/documentation/webdriver/troubleshooting/errors#no-such-element-exception\nStacktrace:\n#0 0x55cb5993d6c3 <unknown>\n#1 0x55cb596131e7 <unknown>\n#2 0x55cb5965a566 <unknown>\n#3 0x55cb5965a651 <unknown>\n#4 0x55cb59697a74 <unknown>\n#5 0x55cb5967c0ed <unknown>\n#6 0x55cb59695322 <unknown>\n#7 0x55cb5967be93 <unknown>\n#8 0x55cb5964e934 <unknown>\n#9 0x55cb5964f71e <unknown>\n#10 0x55cb59902cc8 <unknown>\n#11 0x55cb59906c00 <unknown>\n#12 0x55cb599111ac <unknown>\n#13 0x55cb59907818 <unknown>\n#14 0x55cb598d428f <unknown>\n#15 0x55cb5992be98 <unknown>\n#16 0x55cb5992c069 <unknown>\n#17 0x55cb5993c853 <unknown>\n#18 0x7f7942196044 <unknown>","time":{"start":1694913019469,"stop":1694913019892,"duration":423}},{"uid":"78586e10032a5552","reportUrl":"https://zaelcovsky.github.io/StroyremAutomation/81//#testresult/78586e10032a5552","status":"broken","statusDetails":"selenium.common.exceptions.NoSuchElementException: Message: no such element: Unable to locate element: {\"method\":\"xpath\",\"selector\":\"(//a[@class='add-to-cart yellow-btn'])[1]\"}\n  (Session info: headless chrome=117.0.5938.88); For documentation on this error, please visit: https://www.selenium.dev/documentation/webdriver/troubleshooting/errors#no-such-element-exception\nStacktrace:\n#0 0x558f425c96c3 <unknown>\n#1 0x558f4229f1e7 <unknown>\n#2 0x558f422e6566 <unknown>\n#3 0x558f422e6651 <unknown>\n#4 0x558f42323a74 <unknown>\n#5 0x558f423080ed <unknown>\n#6 0x558f42321322 <unknown>\n#7 0x558f42307e93 <unknown>\n#8 0x558f422da934 <unknown>\n#9 0x558f422db71e <unknown>\n#10 0x558f4258ecc8 <unknown>\n#11 0x558f42592c00 <unknown>\n#12 0x558f4259d1ac <unknown>\n#13 0x558f42593818 <unknown>\n#14 0x558f4256028f <unknown>\n#15 0x558f425b7e98 <unknown>\n#16 0x558f425b8069 <unknown>\n#17 0x558f425c8853 <unknown>\n#18 0x7f3590d3a044 <unknown>","time":{"start":1694826455075,"stop":1694826455919,"duration":844}},{"uid":"cf270fd21590b6c8","reportUrl":"https://zaelcovsky.github.io/StroyremAutomation/80//#testresult/cf270fd21590b6c8","status":"broken","statusDetails":"selenium.common.exceptions.NoSuchElementException: Message: no such element: Unable to locate element: {\"method\":\"xpath\",\"selector\":\"(//a[@class='add-to-cart yellow-btn'])[1]\"}\n  (Session info: headless chrome=117.0.5938.62); For documentation on this error, please visit: https://www.selenium.dev/documentation/webdriver/troubleshooting/errors#no-such-element-exception\nStacktrace:\n#0 0x55ba54c77693 <unknown>\n#1 0x55ba5494d1e7 <unknown>\n#2 0x55ba54994566 <unknown>\n#3 0x55ba54994651 <unknown>\n#4 0x55ba549d1a74 <unknown>\n#5 0x55ba549b60ed <unknown>\n#6 0x55ba549cf322 <unknown>\n#7 0x55ba549b5e93 <unknown>\n#8 0x55ba54988934 <unknown>\n#9 0x55ba5498971e <unknown>\n#10 0x55ba54c3cc98 <unknown>\n#11 0x55ba54c40bd0 <unknown>\n#12 0x55ba54c4b17c <unknown>\n#13 0x55ba54c417e8 <unknown>\n#14 0x55ba54c0e25f <unknown>\n#15 0x55ba54c65e68 <unknown>\n#16 0x55ba54c66039 <unknown>\n#17 0x55ba54c76823 <unknown>\n#18 0x7f1f3273f044 <unknown>","time":{"start":1694740064821,"stop":1694740065267,"duration":446}},{"uid":"a8328624a7f9e942","reportUrl":"https://zaelcovsky.github.io/StroyremAutomation/79//#testresult/a8328624a7f9e942","status":"broken","statusDetails":"selenium.common.exceptions.NoSuchElementException: Message: no such element: Unable to locate element: {\"method\":\"xpath\",\"selector\":\"(//a[@class='add-to-cart yellow-btn'])[1]\"}\n  (Session info: headless chrome=117.0.5938.62); For documentation on this error, please visit: https://www.selenium.dev/documentation/webdriver/troubleshooting/errors#no-such-element-exception\nStacktrace:\n#0 0x55e7b9fd6693 <unknown>\n#1 0x55e7b9cac1e7 <unknown>\n#2 0x55e7b9cf3566 <unknown>\n#3 0x55e7b9cf3651 <unknown>\n#4 0x55e7b9d30a74 <unknown>\n#5 0x55e7b9d150ed <unknown>\n#6 0x55e7b9d2e322 <unknown>\n#7 0x55e7b9d14e93 <unknown>\n#8 0x55e7b9ce7934 <unknown>\n#9 0x55e7b9ce871e <unknown>\n#10 0x55e7b9f9bc98 <unknown>\n#11 0x55e7b9f9fbd0 <unknown>\n#12 0x55e7b9faa17c <unknown>\n#13 0x55e7b9fa07e8 <unknown>\n#14 0x55e7b9f6d25f <unknown>\n#15 0x55e7b9fc4e68 <unknown>\n#16 0x55e7b9fc5039 <unknown>\n#17 0x55e7b9fd5823 <unknown>\n#18 0x7f4add39a044 <unknown>","time":{"start":1694653890875,"stop":1694653891523,"duration":648}},{"uid":"1e4c7e9edcd89bfb","reportUrl":"https://zaelcovsky.github.io/StroyremAutomation/78//#testresult/1e4c7e9edcd89bfb","status":"broken","statusDetails":"selenium.common.exceptions.NoSuchElementException: Message: no such element: Unable to locate element: {\"method\":\"xpath\",\"selector\":\"(//a[@class='add-to-cart yellow-btn'])[1]\"}\n  (Session info: headless chrome=117.0.5938.62); For documentation on this error, please visit: https://www.selenium.dev/documentation/webdriver/troubleshooting/errors#no-such-element-exception\nStacktrace:\n#0 0x560a042c9693 <unknown>\n#1 0x560a03f9f1e7 <unknown>\n#2 0x560a03fe6566 <unknown>\n#3 0x560a03fe6651 <unknown>\n#4 0x560a04023a74 <unknown>\n#5 0x560a040080ed <unknown>\n#6 0x560a04021322 <unknown>\n#7 0x560a04007e93 <unknown>\n#8 0x560a03fda934 <unknown>\n#9 0x560a03fdb71e <unknown>\n#10 0x560a0428ec98 <unknown>\n#11 0x560a04292bd0 <unknown>\n#12 0x560a0429d17c <unknown>\n#13 0x560a042937e8 <unknown>\n#14 0x560a0426025f <unknown>\n#15 0x560a042b7e68 <unknown>\n#16 0x560a042b8039 <unknown>\n#17 0x560a042c8823 <unknown>\n#18 0x7f5c4c82a044 <unknown>","time":{"start":1694567377851,"stop":1694567378410,"duration":559}},{"uid":"640c6f0ecffa8891","reportUrl":"https://zaelcovsky.github.io/StroyremAutomation/77//#testresult/640c6f0ecffa8891","status":"broken","statusDetails":"selenium.common.exceptions.NoSuchElementException: Message: no such element: Unable to locate element: {\"method\":\"xpath\",\"selector\":\"(//a[@class='add-to-cart yellow-btn'])[1]\"}\n  (Session info: headless chrome=116.0.5845.96); For documentation on this error, please visit: https://www.selenium.dev/documentation/webdriver/troubleshooting/errors#no-such-element-exception\nStacktrace:\n#0 0x563fe4ae0e23 <unknown>\n#1 0x563fe48097a7 <unknown>\n#2 0x563fe48481d3 <unknown>\n#3 0x563fe48482c1 <unknown>\n#4 0x563fe4883a04 <unknown>\n#5 0x563fe486903d <unknown>\n#6 0x563fe4881369 <unknown>\n#7 0x563fe4868de3 <unknown>\n#8 0x563fe483ca7b <unknown>\n#9 0x563fe483d81e <unknown>\n#10 0x563fe4aa2638 <unknown>\n#11 0x563fe4aa6507 <unknown>\n#12 0x563fe4ab0c4c <unknown>\n#13 0x563fe4aa7136 <unknown>\n#14 0x563fe4a759cf <unknown>\n#15 0x563fe4acab98 <unknown>\n#16 0x563fe4acad68 <unknown>\n#17 0x563fe4ad9cb3 <unknown>\n#18 0x7f7418933044 <unknown>","time":{"start":1694481029824,"stop":1694481030527,"duration":703}},{"uid":"4918925a4c74d75f","reportUrl":"https://zaelcovsky.github.io/StroyremAutomation/76//#testresult/4918925a4c74d75f","status":"broken","statusDetails":"selenium.common.exceptions.NoSuchElementException: Message: no such element: Unable to locate element: {\"method\":\"xpath\",\"selector\":\"(//a[@class='add-to-cart yellow-btn'])[1]\"}\n  (Session info: headless chrome=116.0.5845.96); For documentation on this error, please visit: https://www.selenium.dev/documentation/webdriver/troubleshooting/errors#no-such-element-exception\nStacktrace:\n#0 0x564db83c5e23 <unknown>\n#1 0x564db80ee7a7 <unknown>\n#2 0x564db812d1d3 <unknown>\n#3 0x564db812d2c1 <unknown>\n#4 0x564db8168a04 <unknown>\n#5 0x564db814e03d <unknown>\n#6 0x564db8166369 <unknown>\n#7 0x564db814dde3 <unknown>\n#8 0x564db8121a7b <unknown>\n#9 0x564db812281e <unknown>\n#10 0x564db8387638 <unknown>\n#11 0x564db838b507 <unknown>\n#12 0x564db8395c4c <unknown>\n#13 0x564db838c136 <unknown>\n#14 0x564db835a9cf <unknown>\n#15 0x564db83afb98 <unknown>\n#16 0x564db83afd68 <unknown>\n#17 0x564db83becb3 <unknown>\n#18 0x7ff60a268044 <unknown>","time":{"start":1694394535923,"stop":1694394536721,"duration":798}},{"uid":"b2566e39bee9f6d6","reportUrl":"https://zaelcovsky.github.io/StroyremAutomation/75//#testresult/b2566e39bee9f6d6","status":"broken","statusDetails":"selenium.common.exceptions.NoSuchElementException: Message: no such element: Unable to locate element: {\"method\":\"xpath\",\"selector\":\"(//a[@class='add-to-cart yellow-btn'])[1]\"}\n  (Session info: headless chrome=116.0.5845.96); For documentation on this error, please visit: https://www.selenium.dev/documentation/webdriver/troubleshooting/errors#no-such-element-exception\nStacktrace:\n#0 0x55f8f6e02e23 <unknown>\n#1 0x55f8f6b2b7a7 <unknown>\n#2 0x55f8f6b6a1d3 <unknown>\n#3 0x55f8f6b6a2c1 <unknown>\n#4 0x55f8f6ba5a04 <unknown>\n#5 0x55f8f6b8b03d <unknown>\n#6 0x55f8f6ba3369 <unknown>\n#7 0x55f8f6b8ade3 <unknown>\n#8 0x55f8f6b5ea7b <unknown>\n#9 0x55f8f6b5f81e <unknown>\n#10 0x55f8f6dc4638 <unknown>\n#11 0x55f8f6dc8507 <unknown>\n#12 0x55f8f6dd2c4c <unknown>\n#13 0x55f8f6dc9136 <unknown>\n#14 0x55f8f6d979cf <unknown>\n#15 0x55f8f6decb98 <unknown>\n#16 0x55f8f6decd68 <unknown>\n#17 0x55f8f6dfbcb3 <unknown>\n#18 0x7f1bf6cf9044 <unknown>","time":{"start":1694308292032,"stop":1694308292568,"duration":536}},{"uid":"a75ef8592c1b5a68","reportUrl":"https://zaelcovsky.github.io/StroyremAutomation/74//#testresult/a75ef8592c1b5a68","status":"broken","statusDetails":"selenium.common.exceptions.NoSuchElementException: Message: no such element: Unable to locate element: {\"method\":\"xpath\",\"selector\":\"(//a[@class='add-to-cart yellow-btn'])[1]\"}\n  (Session info: headless chrome=116.0.5845.96); For documentation on this error, please visit: https://www.selenium.dev/documentation/webdriver/troubleshooting/errors#no-such-element-exception\nStacktrace:\n#0 0x5568d6238e23 <unknown>\n#1 0x5568d5f617a7 <unknown>\n#2 0x5568d5fa01d3 <unknown>\n#3 0x5568d5fa02c1 <unknown>\n#4 0x5568d5fdba04 <unknown>\n#5 0x5568d5fc103d <unknown>\n#6 0x5568d5fd9369 <unknown>\n#7 0x5568d5fc0de3 <unknown>\n#8 0x5568d5f94a7b <unknown>\n#9 0x5568d5f9581e <unknown>\n#10 0x5568d61fa638 <unknown>\n#11 0x5568d61fe507 <unknown>\n#12 0x5568d6208c4c <unknown>\n#13 0x5568d61ff136 <unknown>\n#14 0x5568d61cd9cf <unknown>\n#15 0x5568d6222b98 <unknown>\n#16 0x5568d6222d68 <unknown>\n#17 0x5568d6231cb3 <unknown>\n#18 0x7f59f78f6044 <unknown>","time":{"start":1694221834781,"stop":1694221835408,"duration":627}}]},"tags":["smoke"]},"source":"c99d9fc735bc639e.json","parameterValues":["3650","66","'TD 020'","2990","'products/shtukaturka-gipsovaya-aksolit-m50-30-kg-mashinnogo-naneseniya'","1500","'https://sandboxtest.stroyrem-nn.ru/'","2000"]}