{"uid":"8aeb83ec55c4474f","name":"test_positive_delivery_green_zone_smoke[TD 003-products/shtukaturka-gipsovaya-aksolit-m50-30-kg-mashinnogo-naneseniya-8-300-400-1590-2190-https://sandboxtest.stroyrem-nn.ru/]","fullName":"tests.delivery.test_delivery_calculation.TestDeliveryPageCalculation#test_positive_delivery_green_zone_smoke","historyId":"239a587b1da1301f58068db5c0d7b1f1","time":{"start":1711415317166,"stop":1711415317722,"duration":556},"status":"broken","statusMessage":"selenium.common.exceptions.NoSuchElementException: Message: no such element: Unable to locate element: {\"method\":\"xpath\",\"selector\":\"(//a[@class='add-to-cart yellow-btn'])[1]\"}\n  (Session info: chrome-headless-shell=123.0.6312.58); For documentation on this error, please visit: https://www.selenium.dev/documentation/webdriver/troubleshooting/errors#no-such-element-exception\nStacktrace:\n#0 0x56115bf2a993 <unknown>\n#1 0x56115bc25136 <unknown>\n#2 0x56115bc6fd48 <unknown>\n#3 0x56115bc6fe01 <unknown>\n#4 0x56115bcb2e44 <unknown>\n#5 0x56115bc91cfd <unknown>\n#6 0x56115bcb0319 <unknown>\n#7 0x56115bc91a73 <unknown>\n#8 0x56115bc62c93 <unknown>\n#9 0x56115bc6365e <unknown>\n#10 0x56115beef08b <unknown>\n#11 0x56115bef3005 <unknown>\n#12 0x56115bedd491 <unknown>\n#13 0x56115bef3b92 <unknown>\n#14 0x56115bec29ef <unknown>\n#15 0x56115bf19df8 <unknown>\n#16 0x56115bf19fcb <unknown>\n#17 0x56115bf29ae4 <unknown>\n#18 0x7f1c12566134 <unknown>","statusTrace":"self = <tests.delivery.test_delivery_calculation.TestDeliveryPageCalculation object at 0x7f3c5c0e92d0>\ndriver = <selenium.webdriver.chrome.webdriver.WebDriver (session=\"7581ca4fff287ee0ba7b3d8d43a0a710\")>\nurl = 'https://sandboxtest.stroyrem-nn.ru/', case_id = 'TD 003'\nlink_item = 'products/shtukaturka-gipsovaya-aksolit-m50-30-kg-mashinnogo-naneseniya'\namount = 8, weight = 300, standard = 400, in_time = 1590, all_time = 2190\n\n    @pytest.mark.parametrize('case_id, link_item, amount, weight, standard, in_time, all_time', [\n        (\"TD 001\", uroven_3000, 1, 30, 0, 1590, 2190),\n        (\"TD 002\", bundeks_25, 1, 30, 400, 1590, 2190),\n        (\"TD 003\", aksolit_30, 8, 300, 400, 1590, 2190),\n        (\"TD 004\", aksolit_30, 13, 400, 450, 1590, 2190),\n        (\"TD 005\", aksolit_30, 16, 500, 600, 1590, 2190),\n        (\"TD 006\", aksolit_30, 25, 1700, 990, 1990, 2480),\n        (\"TD 007\", aksolit_30, 66, 2000, 1300, 2490, 2980),\n        (\"TD 008\", aksolit_30, 149, 4500, 2300, 3980, 4490),\n        (\"TD 009\", aksolit_30, 166, 5000, 2500, 4990, 5480),\n        pytest.param(\n            \"TD 010\", aksolit_30, 206, 6200, 2900, 5570, 6120,\n            marks=pytest.mark.xfail(reson=\"Цена доставки 3600 7960 8980\")\n        ),\n        (\"TD 011\", aksolit_30, 299, 9000, 3600, 7960, 8980),\n        (\"TD 012\", aksolit_30, 333, 10000, 4450, 11990, 12500),\n        pytest.param(\n            \"TD 013\", aksolit_30, 366, 11000, 4800, 12450, 13480,\n            marks=pytest.mark.xfail(reason=\"Цена стандартной доставки 4450\")\n        ),\n        pytest.param(\n            \"TD 014\", aksolit_30, 666, 20000, 5400, 15600, 17490,\n            marks=pytest.mark.xfail(reason=\"Цена стандартной доставки 4450\")\n        )\n    ])\n    @pytest.mark.smoke\n    def test_positive_delivery_green_zone_smoke(\n            self, driver, url, case_id, link_item, amount, weight, standard, in_time, all_time\n    ):\n    \n        driver.get(f'{url}{link_item}')\n        item_page = ItemPage(driver)\n>       item_page.add_item_to_cart(amount).click_on_cart()\n\ntests/delivery/test_delivery_calculation.py:49: \n_ _ _ _ _ _ _ _ _ _ _ _ _ _ _ _ _ _ _ _ _ _ _ _ _ _ _ _ _ _ _ _ _ _ _ _ _ _ _ _ \npages/item_page.py:40: in add_item_to_cart\n    self.find_element(self._add_item).click()\nbase/seleniumbase.py:17: in find_element\n    return self.driver.find_element(*locator)\n/usr/local/lib/python3.11/site-packages/selenium/webdriver/remote/webdriver.py:740: in find_element\n    return self.execute(Command.FIND_ELEMENT, {\"using\": by, \"value\": value})[\"value\"]\n/usr/local/lib/python3.11/site-packages/selenium/webdriver/remote/webdriver.py:346: in execute\n    self.error_handler.check_response(response)\n_ _ _ _ _ _ _ _ _ _ _ _ _ _ _ _ _ _ _ _ _ _ _ _ _ _ _ _ _ _ _ _ _ _ _ _ _ _ _ _ \n\nself = <selenium.webdriver.remote.errorhandler.ErrorHandler object at 0x7f3c5aa22990>\nresponse = {'status': 404, 'value': '{\"value\":{\"error\":\"no such element\",\"message\":\"no such element: Unable to locate element: {\\...\\\\n#16 0x56115bf19fcb \\\\u003Cunknown>\\\\n#17 0x56115bf29ae4 \\\\u003Cunknown>\\\\n#18 0x7f1c12566134 \\\\u003Cunknown>\\\\n\"}}'}\n\n    def check_response(self, response: Dict[str, Any]) -> None:\n        \"\"\"Checks that a JSON response from the WebDriver does not have an\n        error.\n    \n        :Args:\n         - response - The JSON response from the WebDriver server as a dictionary\n           object.\n    \n        :Raises: If the response contains an error message.\n        \"\"\"\n        status = response.get(\"status\", None)\n        if not status or status == ErrorCode.SUCCESS:\n            return\n        value = None\n        message = response.get(\"message\", \"\")\n        screen: str = response.get(\"screen\", \"\")\n        stacktrace = None\n        if isinstance(status, int):\n            value_json = response.get(\"value\", None)\n            if value_json and isinstance(value_json, str):\n                import json\n    \n                try:\n                    value = json.loads(value_json)\n                    if len(value) == 1:\n                        value = value[\"value\"]\n                    status = value.get(\"error\", None)\n                    if not status:\n                        status = value.get(\"status\", ErrorCode.UNKNOWN_ERROR)\n                        message = value.get(\"value\") or value.get(\"message\")\n                        if not isinstance(message, str):\n                            value = message\n                            message = message.get(\"message\")\n                    else:\n                        message = value.get(\"message\", None)\n                except ValueError:\n                    pass\n    \n        exception_class: Type[WebDriverException]\n        if status in ErrorCode.NO_SUCH_ELEMENT:\n            exception_class = NoSuchElementException\n        elif status in ErrorCode.NO_SUCH_FRAME:\n            exception_class = NoSuchFrameException\n        elif status in ErrorCode.NO_SUCH_SHADOW_ROOT:\n            exception_class = NoSuchShadowRootException\n        elif status in ErrorCode.NO_SUCH_WINDOW:\n            exception_class = NoSuchWindowException\n        elif status in ErrorCode.STALE_ELEMENT_REFERENCE:\n            exception_class = StaleElementReferenceException\n        elif status in ErrorCode.ELEMENT_NOT_VISIBLE:\n            exception_class = ElementNotVisibleException\n        elif status in ErrorCode.INVALID_ELEMENT_STATE:\n            exception_class = InvalidElementStateException\n        elif (\n            status in ErrorCode.INVALID_SELECTOR\n            or status in ErrorCode.INVALID_XPATH_SELECTOR\n            or status in ErrorCode.INVALID_XPATH_SELECTOR_RETURN_TYPER\n        ):\n            exception_class = InvalidSelectorException\n        elif status in ErrorCode.ELEMENT_IS_NOT_SELECTABLE:\n            exception_class = ElementNotSelectableException\n        elif status in ErrorCode.ELEMENT_NOT_INTERACTABLE:\n            exception_class = ElementNotInteractableException\n        elif status in ErrorCode.INVALID_COOKIE_DOMAIN:\n            exception_class = InvalidCookieDomainException\n        elif status in ErrorCode.UNABLE_TO_SET_COOKIE:\n            exception_class = UnableToSetCookieException\n        elif status in ErrorCode.TIMEOUT:\n            exception_class = TimeoutException\n        elif status in ErrorCode.SCRIPT_TIMEOUT:\n            exception_class = TimeoutException\n        elif status in ErrorCode.UNKNOWN_ERROR:\n            exception_class = WebDriverException\n        elif status in ErrorCode.UNEXPECTED_ALERT_OPEN:\n            exception_class = UnexpectedAlertPresentException\n        elif status in ErrorCode.NO_ALERT_OPEN:\n            exception_class = NoAlertPresentException\n        elif status in ErrorCode.IME_NOT_AVAILABLE:\n            exception_class = ImeNotAvailableException\n        elif status in ErrorCode.IME_ENGINE_ACTIVATION_FAILED:\n            exception_class = ImeActivationFailedException\n        elif status in ErrorCode.MOVE_TARGET_OUT_OF_BOUNDS:\n            exception_class = MoveTargetOutOfBoundsException\n        elif status in ErrorCode.JAVASCRIPT_ERROR:\n            exception_class = JavascriptException\n        elif status in ErrorCode.SESSION_NOT_CREATED:\n            exception_class = SessionNotCreatedException\n        elif status in ErrorCode.INVALID_ARGUMENT:\n            exception_class = InvalidArgumentException\n        elif status in ErrorCode.NO_SUCH_COOKIE:\n            exception_class = NoSuchCookieException\n        elif status in ErrorCode.UNABLE_TO_CAPTURE_SCREEN:\n            exception_class = ScreenshotException\n        elif status in ErrorCode.ELEMENT_CLICK_INTERCEPTED:\n            exception_class = ElementClickInterceptedException\n        elif status in ErrorCode.INSECURE_CERTIFICATE:\n            exception_class = InsecureCertificateException\n        elif status in ErrorCode.INVALID_COORDINATES:\n            exception_class = InvalidCoordinatesException\n        elif status in ErrorCode.INVALID_SESSION_ID:\n            exception_class = InvalidSessionIdException\n        elif status in ErrorCode.UNKNOWN_METHOD:\n            exception_class = UnknownMethodException\n        else:\n            exception_class = WebDriverException\n        if not value:\n            value = response[\"value\"]\n        if isinstance(value, str):\n            raise exception_class(value)\n        if message == \"\" and \"message\" in value:\n            message = value[\"message\"]\n    \n        screen = None  # type: ignore[assignment]\n        if \"screen\" in value:\n            screen = value[\"screen\"]\n    \n        stacktrace = None\n        st_value = value.get(\"stackTrace\") or value.get(\"stacktrace\")\n        if st_value:\n            if isinstance(st_value, str):\n                stacktrace = st_value.split(\"\\n\")\n            else:\n                stacktrace = []\n                try:\n                    for frame in st_value:\n                        line = frame.get(\"lineNumber\", \"\")\n                        file = frame.get(\"fileName\", \"<anonymous>\")\n                        if line:\n                            file = f\"{file}:{line}\"\n                        meth = frame.get(\"methodName\", \"<anonymous>\")\n                        if \"className\" in frame:\n                            meth = f\"{frame['className']}.{meth}\"\n                        msg = \"    at %s (%s)\"\n                        msg = msg % (meth, file)\n                        stacktrace.append(msg)\n                except TypeError:\n                    pass\n        if exception_class == UnexpectedAlertPresentException:\n            alert_text = None\n            if \"data\" in value:\n                alert_text = value[\"data\"].get(\"text\")\n            elif \"alert\" in value:\n                alert_text = value[\"alert\"].get(\"text\")\n            raise exception_class(message, screen, stacktrace, alert_text)  # type: ignore[call-arg]  # mypy is not smart enough here\n>       raise exception_class(message, screen, stacktrace)\nE       selenium.common.exceptions.NoSuchElementException: Message: no such element: Unable to locate element: {\"method\":\"xpath\",\"selector\":\"(//a[@class='add-to-cart yellow-btn'])[1]\"}\nE         (Session info: chrome-headless-shell=123.0.6312.58); For documentation on this error, please visit: https://www.selenium.dev/documentation/webdriver/troubleshooting/errors#no-such-element-exception\nE       Stacktrace:\nE       #0 0x56115bf2a993 <unknown>\nE       #1 0x56115bc25136 <unknown>\nE       #2 0x56115bc6fd48 <unknown>\nE       #3 0x56115bc6fe01 <unknown>\nE       #4 0x56115bcb2e44 <unknown>\nE       #5 0x56115bc91cfd <unknown>\nE       #6 0x56115bcb0319 <unknown>\nE       #7 0x56115bc91a73 <unknown>\nE       #8 0x56115bc62c93 <unknown>\nE       #9 0x56115bc6365e <unknown>\nE       #10 0x56115beef08b <unknown>\nE       #11 0x56115bef3005 <unknown>\nE       #12 0x56115bedd491 <unknown>\nE       #13 0x56115bef3b92 <unknown>\nE       #14 0x56115bec29ef <unknown>\nE       #15 0x56115bf19df8 <unknown>\nE       #16 0x56115bf19fcb <unknown>\nE       #17 0x56115bf29ae4 <unknown>\nE       #18 0x7f1c12566134 <unknown>\n\n/usr/local/lib/python3.11/site-packages/selenium/webdriver/remote/errorhandler.py:245: NoSuchElementException","flaky":false,"newFailed":false,"newBroken":false,"newPassed":false,"retriesCount":0,"retriesStatusChange":false,"beforeStages":[{"name":"_session_faker","time":{"start":1711414850575,"stop":1711414850645,"duration":70},"status":"passed","steps":[],"attachments":[],"parameters":[],"shouldDisplayMessage":false,"stepsCount":0,"attachmentsCount":0,"hasContent":false,"attachmentStep":false},{"name":"clear_allure_results_folder","time":{"start":1711414850645,"stop":1711414850645,"duration":0},"status":"passed","steps":[],"attachments":[],"parameters":[],"shouldDisplayMessage":false,"stepsCount":0,"attachmentsCount":0,"hasContent":false,"attachmentStep":false},{"name":"driver","time":{"start":1711415316429,"stop":1711415317164,"duration":735},"status":"passed","steps":[],"attachments":[],"parameters":[],"shouldDisplayMessage":false,"stepsCount":0,"attachmentsCount":0,"hasContent":false,"attachmentStep":false},{"name":"setup","time":{"start":1711415317165,"stop":1711415317165,"duration":0},"status":"passed","steps":[],"attachments":[],"parameters":[],"shouldDisplayMessage":false,"stepsCount":0,"attachmentsCount":0,"hasContent":false,"attachmentStep":false}],"testStage":{"status":"broken","statusMessage":"selenium.common.exceptions.NoSuchElementException: Message: no such element: Unable to locate element: {\"method\":\"xpath\",\"selector\":\"(//a[@class='add-to-cart yellow-btn'])[1]\"}\n  (Session info: chrome-headless-shell=123.0.6312.58); For documentation on this error, please visit: https://www.selenium.dev/documentation/webdriver/troubleshooting/errors#no-such-element-exception\nStacktrace:\n#0 0x56115bf2a993 <unknown>\n#1 0x56115bc25136 <unknown>\n#2 0x56115bc6fd48 <unknown>\n#3 0x56115bc6fe01 <unknown>\n#4 0x56115bcb2e44 <unknown>\n#5 0x56115bc91cfd <unknown>\n#6 0x56115bcb0319 <unknown>\n#7 0x56115bc91a73 <unknown>\n#8 0x56115bc62c93 <unknown>\n#9 0x56115bc6365e <unknown>\n#10 0x56115beef08b <unknown>\n#11 0x56115bef3005 <unknown>\n#12 0x56115bedd491 <unknown>\n#13 0x56115bef3b92 <unknown>\n#14 0x56115bec29ef <unknown>\n#15 0x56115bf19df8 <unknown>\n#16 0x56115bf19fcb <unknown>\n#17 0x56115bf29ae4 <unknown>\n#18 0x7f1c12566134 <unknown>","statusTrace":"self = <tests.delivery.test_delivery_calculation.TestDeliveryPageCalculation object at 0x7f3c5c0e92d0>\ndriver = <selenium.webdriver.chrome.webdriver.WebDriver (session=\"7581ca4fff287ee0ba7b3d8d43a0a710\")>\nurl = 'https://sandboxtest.stroyrem-nn.ru/', case_id = 'TD 003'\nlink_item = 'products/shtukaturka-gipsovaya-aksolit-m50-30-kg-mashinnogo-naneseniya'\namount = 8, weight = 300, standard = 400, in_time = 1590, all_time = 2190\n\n    @pytest.mark.parametrize('case_id, link_item, amount, weight, standard, in_time, all_time', [\n        (\"TD 001\", uroven_3000, 1, 30, 0, 1590, 2190),\n        (\"TD 002\", bundeks_25, 1, 30, 400, 1590, 2190),\n        (\"TD 003\", aksolit_30, 8, 300, 400, 1590, 2190),\n        (\"TD 004\", aksolit_30, 13, 400, 450, 1590, 2190),\n        (\"TD 005\", aksolit_30, 16, 500, 600, 1590, 2190),\n        (\"TD 006\", aksolit_30, 25, 1700, 990, 1990, 2480),\n        (\"TD 007\", aksolit_30, 66, 2000, 1300, 2490, 2980),\n        (\"TD 008\", aksolit_30, 149, 4500, 2300, 3980, 4490),\n        (\"TD 009\", aksolit_30, 166, 5000, 2500, 4990, 5480),\n        pytest.param(\n            \"TD 010\", aksolit_30, 206, 6200, 2900, 5570, 6120,\n            marks=pytest.mark.xfail(reson=\"Цена доставки 3600 7960 8980\")\n        ),\n        (\"TD 011\", aksolit_30, 299, 9000, 3600, 7960, 8980),\n        (\"TD 012\", aksolit_30, 333, 10000, 4450, 11990, 12500),\n        pytest.param(\n            \"TD 013\", aksolit_30, 366, 11000, 4800, 12450, 13480,\n            marks=pytest.mark.xfail(reason=\"Цена стандартной доставки 4450\")\n        ),\n        pytest.param(\n            \"TD 014\", aksolit_30, 666, 20000, 5400, 15600, 17490,\n            marks=pytest.mark.xfail(reason=\"Цена стандартной доставки 4450\")\n        )\n    ])\n    @pytest.mark.smoke\n    def test_positive_delivery_green_zone_smoke(\n            self, driver, url, case_id, link_item, amount, weight, standard, in_time, all_time\n    ):\n    \n        driver.get(f'{url}{link_item}')\n        item_page = ItemPage(driver)\n>       item_page.add_item_to_cart(amount).click_on_cart()\n\ntests/delivery/test_delivery_calculation.py:49: \n_ _ _ _ _ _ _ _ _ _ _ _ _ _ _ _ _ _ _ _ _ _ _ _ _ _ _ _ _ _ _ _ _ _ _ _ _ _ _ _ \npages/item_page.py:40: in add_item_to_cart\n    self.find_element(self._add_item).click()\nbase/seleniumbase.py:17: in find_element\n    return self.driver.find_element(*locator)\n/usr/local/lib/python3.11/site-packages/selenium/webdriver/remote/webdriver.py:740: in find_element\n    return self.execute(Command.FIND_ELEMENT, {\"using\": by, \"value\": value})[\"value\"]\n/usr/local/lib/python3.11/site-packages/selenium/webdriver/remote/webdriver.py:346: in execute\n    self.error_handler.check_response(response)\n_ _ _ _ _ _ _ _ _ _ _ _ _ _ _ _ _ _ _ _ _ _ _ _ _ _ _ _ _ _ _ _ _ _ _ _ _ _ _ _ \n\nself = <selenium.webdriver.remote.errorhandler.ErrorHandler object at 0x7f3c5aa22990>\nresponse = {'status': 404, 'value': '{\"value\":{\"error\":\"no such element\",\"message\":\"no such element: Unable to locate element: {\\...\\\\n#16 0x56115bf19fcb \\\\u003Cunknown>\\\\n#17 0x56115bf29ae4 \\\\u003Cunknown>\\\\n#18 0x7f1c12566134 \\\\u003Cunknown>\\\\n\"}}'}\n\n    def check_response(self, response: Dict[str, Any]) -> None:\n        \"\"\"Checks that a JSON response from the WebDriver does not have an\n        error.\n    \n        :Args:\n         - response - The JSON response from the WebDriver server as a dictionary\n           object.\n    \n        :Raises: If the response contains an error message.\n        \"\"\"\n        status = response.get(\"status\", None)\n        if not status or status == ErrorCode.SUCCESS:\n            return\n        value = None\n        message = response.get(\"message\", \"\")\n        screen: str = response.get(\"screen\", \"\")\n        stacktrace = None\n        if isinstance(status, int):\n            value_json = response.get(\"value\", None)\n            if value_json and isinstance(value_json, str):\n                import json\n    \n                try:\n                    value = json.loads(value_json)\n                    if len(value) == 1:\n                        value = value[\"value\"]\n                    status = value.get(\"error\", None)\n                    if not status:\n                        status = value.get(\"status\", ErrorCode.UNKNOWN_ERROR)\n                        message = value.get(\"value\") or value.get(\"message\")\n                        if not isinstance(message, str):\n                            value = message\n                            message = message.get(\"message\")\n                    else:\n                        message = value.get(\"message\", None)\n                except ValueError:\n                    pass\n    \n        exception_class: Type[WebDriverException]\n        if status in ErrorCode.NO_SUCH_ELEMENT:\n            exception_class = NoSuchElementException\n        elif status in ErrorCode.NO_SUCH_FRAME:\n            exception_class = NoSuchFrameException\n        elif status in ErrorCode.NO_SUCH_SHADOW_ROOT:\n            exception_class = NoSuchShadowRootException\n        elif status in ErrorCode.NO_SUCH_WINDOW:\n            exception_class = NoSuchWindowException\n        elif status in ErrorCode.STALE_ELEMENT_REFERENCE:\n            exception_class = StaleElementReferenceException\n        elif status in ErrorCode.ELEMENT_NOT_VISIBLE:\n            exception_class = ElementNotVisibleException\n        elif status in ErrorCode.INVALID_ELEMENT_STATE:\n            exception_class = InvalidElementStateException\n        elif (\n            status in ErrorCode.INVALID_SELECTOR\n            or status in ErrorCode.INVALID_XPATH_SELECTOR\n            or status in ErrorCode.INVALID_XPATH_SELECTOR_RETURN_TYPER\n        ):\n            exception_class = InvalidSelectorException\n        elif status in ErrorCode.ELEMENT_IS_NOT_SELECTABLE:\n            exception_class = ElementNotSelectableException\n        elif status in ErrorCode.ELEMENT_NOT_INTERACTABLE:\n            exception_class = ElementNotInteractableException\n        elif status in ErrorCode.INVALID_COOKIE_DOMAIN:\n            exception_class = InvalidCookieDomainException\n        elif status in ErrorCode.UNABLE_TO_SET_COOKIE:\n            exception_class = UnableToSetCookieException\n        elif status in ErrorCode.TIMEOUT:\n            exception_class = TimeoutException\n        elif status in ErrorCode.SCRIPT_TIMEOUT:\n            exception_class = TimeoutException\n        elif status in ErrorCode.UNKNOWN_ERROR:\n            exception_class = WebDriverException\n        elif status in ErrorCode.UNEXPECTED_ALERT_OPEN:\n            exception_class = UnexpectedAlertPresentException\n        elif status in ErrorCode.NO_ALERT_OPEN:\n            exception_class = NoAlertPresentException\n        elif status in ErrorCode.IME_NOT_AVAILABLE:\n            exception_class = ImeNotAvailableException\n        elif status in ErrorCode.IME_ENGINE_ACTIVATION_FAILED:\n            exception_class = ImeActivationFailedException\n        elif status in ErrorCode.MOVE_TARGET_OUT_OF_BOUNDS:\n            exception_class = MoveTargetOutOfBoundsException\n        elif status in ErrorCode.JAVASCRIPT_ERROR:\n            exception_class = JavascriptException\n        elif status in ErrorCode.SESSION_NOT_CREATED:\n            exception_class = SessionNotCreatedException\n        elif status in ErrorCode.INVALID_ARGUMENT:\n            exception_class = InvalidArgumentException\n        elif status in ErrorCode.NO_SUCH_COOKIE:\n            exception_class = NoSuchCookieException\n        elif status in ErrorCode.UNABLE_TO_CAPTURE_SCREEN:\n            exception_class = ScreenshotException\n        elif status in ErrorCode.ELEMENT_CLICK_INTERCEPTED:\n            exception_class = ElementClickInterceptedException\n        elif status in ErrorCode.INSECURE_CERTIFICATE:\n            exception_class = InsecureCertificateException\n        elif status in ErrorCode.INVALID_COORDINATES:\n            exception_class = InvalidCoordinatesException\n        elif status in ErrorCode.INVALID_SESSION_ID:\n            exception_class = InvalidSessionIdException\n        elif status in ErrorCode.UNKNOWN_METHOD:\n            exception_class = UnknownMethodException\n        else:\n            exception_class = WebDriverException\n        if not value:\n            value = response[\"value\"]\n        if isinstance(value, str):\n            raise exception_class(value)\n        if message == \"\" and \"message\" in value:\n            message = value[\"message\"]\n    \n        screen = None  # type: ignore[assignment]\n        if \"screen\" in value:\n            screen = value[\"screen\"]\n    \n        stacktrace = None\n        st_value = value.get(\"stackTrace\") or value.get(\"stacktrace\")\n        if st_value:\n            if isinstance(st_value, str):\n                stacktrace = st_value.split(\"\\n\")\n            else:\n                stacktrace = []\n                try:\n                    for frame in st_value:\n                        line = frame.get(\"lineNumber\", \"\")\n                        file = frame.get(\"fileName\", \"<anonymous>\")\n                        if line:\n                            file = f\"{file}:{line}\"\n                        meth = frame.get(\"methodName\", \"<anonymous>\")\n                        if \"className\" in frame:\n                            meth = f\"{frame['className']}.{meth}\"\n                        msg = \"    at %s (%s)\"\n                        msg = msg % (meth, file)\n                        stacktrace.append(msg)\n                except TypeError:\n                    pass\n        if exception_class == UnexpectedAlertPresentException:\n            alert_text = None\n            if \"data\" in value:\n                alert_text = value[\"data\"].get(\"text\")\n            elif \"alert\" in value:\n                alert_text = value[\"alert\"].get(\"text\")\n            raise exception_class(message, screen, stacktrace, alert_text)  # type: ignore[call-arg]  # mypy is not smart enough here\n>       raise exception_class(message, screen, stacktrace)\nE       selenium.common.exceptions.NoSuchElementException: Message: no such element: Unable to locate element: {\"method\":\"xpath\",\"selector\":\"(//a[@class='add-to-cart yellow-btn'])[1]\"}\nE         (Session info: chrome-headless-shell=123.0.6312.58); For documentation on this error, please visit: https://www.selenium.dev/documentation/webdriver/troubleshooting/errors#no-such-element-exception\nE       Stacktrace:\nE       #0 0x56115bf2a993 <unknown>\nE       #1 0x56115bc25136 <unknown>\nE       #2 0x56115bc6fd48 <unknown>\nE       #3 0x56115bc6fe01 <unknown>\nE       #4 0x56115bcb2e44 <unknown>\nE       #5 0x56115bc91cfd <unknown>\nE       #6 0x56115bcb0319 <unknown>\nE       #7 0x56115bc91a73 <unknown>\nE       #8 0x56115bc62c93 <unknown>\nE       #9 0x56115bc6365e <unknown>\nE       #10 0x56115beef08b <unknown>\nE       #11 0x56115bef3005 <unknown>\nE       #12 0x56115bedd491 <unknown>\nE       #13 0x56115bef3b92 <unknown>\nE       #14 0x56115bec29ef <unknown>\nE       #15 0x56115bf19df8 <unknown>\nE       #16 0x56115bf19fcb <unknown>\nE       #17 0x56115bf29ae4 <unknown>\nE       #18 0x7f1c12566134 <unknown>\n\n/usr/local/lib/python3.11/site-packages/selenium/webdriver/remote/errorhandler.py:245: NoSuchElementException","steps":[{"name":"Добавляем товар в корзину в количестве 8","time":{"start":1711415317709,"stop":1711415317721,"duration":12},"status":"broken","statusMessage":"selenium.common.exceptions.NoSuchElementException: Message: no such element: Unable to locate element: {\"method\":\"xpath\",\"selector\":\"(//a[@class='add-to-cart yellow-btn'])[1]\"}\n  (Session info: chrome-headless-shell=123.0.6312.58); For documentation on this error, please visit: https://www.selenium.dev/documentation/webdriver/troubleshooting/errors#no-such-element-exception\nStacktrace:\n#0 0x56115bf2a993 <unknown>\n#1 0x56115bc25136 <unknown>\n#2 0x56115bc6fd48 <unknown>\n#3 0x56115bc6fe01 <unknown>\n#4 0x56115bcb2e44 <unknown>\n#5 0x56115bc91cfd <unknown>\n#6 0x56115bcb0319 <unknown>\n#7 0x56115bc91a73 <unknown>\n#8 0x56115bc62c93 <unknown>\n#9 0x56115bc6365e <unknown>\n#10 0x56115beef08b <unknown>\n#11 0x56115bef3005 <unknown>\n#12 0x56115bedd491 <unknown>\n#13 0x56115bef3b92 <unknown>\n#14 0x56115bec29ef <unknown>\n#15 0x56115bf19df8 <unknown>\n#16 0x56115bf19fcb <unknown>\n#17 0x56115bf29ae4 <unknown>\n#18 0x7f1c12566134 <unknown>\n\n","statusTrace":"  File \"/usr/local/lib/python3.11/site-packages/allure_commons/_allure.py\", line 192, in impl\n    return func(*a, **kw)\n           ^^^^^^^^^^^^^^\n  File \"/app/pages/item_page.py\", line 40, in add_item_to_cart\n    self.find_element(self._add_item).click()\n    ^^^^^^^^^^^^^^^^^^^^^^^^^^^^^^^^^\n  File \"/app/base/seleniumbase.py\", line 17, in find_element\n    return self.driver.find_element(*locator)\n           ^^^^^^^^^^^^^^^^^^^^^^^^^^^^^^^^^^\n  File \"/usr/local/lib/python3.11/site-packages/selenium/webdriver/remote/webdriver.py\", line 740, in find_element\n    return self.execute(Command.FIND_ELEMENT, {\"using\": by, \"value\": value})[\"value\"]\n           ^^^^^^^^^^^^^^^^^^^^^^^^^^^^^^^^^^^^^^^^^^^^^^^^^^^^^^^^^^^^^^^^^\n  File \"/usr/local/lib/python3.11/site-packages/selenium/webdriver/remote/webdriver.py\", line 346, in execute\n    self.error_handler.check_response(response)\n  File \"/usr/local/lib/python3.11/site-packages/selenium/webdriver/remote/errorhandler.py\", line 245, in check_response\n    raise exception_class(message, screen, stacktrace)\n","steps":[],"attachments":[],"parameters":[{"name":"amount","value":"8"}],"shouldDisplayMessage":true,"stepsCount":0,"attachmentsCount":0,"hasContent":true,"attachmentStep":false}],"attachments":[{"uid":"1b2adefd571279d4","name":"Screenshot","source":"1b2adefd571279d4.png","type":"image/png","size":5862},{"uid":"5d02a3959c991af9","name":"HTML source","source":"5d02a3959c991af9.html","type":"text/html","size":39}],"parameters":[],"shouldDisplayMessage":true,"stepsCount":1,"attachmentsCount":2,"hasContent":true,"attachmentStep":false},"afterStages":[{"name":"setup::0","time":{"start":1711415317820,"stop":1711415317820,"duration":0},"status":"passed","steps":[],"attachments":[],"parameters":[],"shouldDisplayMessage":false,"stepsCount":0,"attachmentsCount":0,"hasContent":false,"attachmentStep":false},{"name":"driver::0","time":{"start":1711415317820,"stop":1711415317877,"duration":57},"status":"passed","steps":[],"attachments":[],"parameters":[],"shouldDisplayMessage":false,"stepsCount":0,"attachmentsCount":0,"hasContent":false,"attachmentStep":false}],"labels":[{"name":"epic","value":"Delivery Page - calculation"},{"name":"tag","value":"smoke"},{"name":"parentSuite","value":"tests.delivery"},{"name":"suite","value":"test_delivery_calculation"},{"name":"subSuite","value":"TestDeliveryPageCalculation"},{"name":"host","value":"3b6b791c373d"},{"name":"thread","value":"1-MainThread"},{"name":"framework","value":"pytest"},{"name":"language","value":"cpython3"},{"name":"package","value":"tests.delivery.test_delivery_calculation"},{"name":"resultFormat","value":"allure2"}],"parameters":[{"name":"all_time","value":"2190"},{"name":"amount","value":"8"},{"name":"case_id","value":"'TD 003'"},{"name":"in_time","value":"1590"},{"name":"link_item","value":"'products/shtukaturka-gipsovaya-aksolit-m50-30-kg-mashinnogo-naneseniya'"},{"name":"standard","value":"400"},{"name":"url","value":"'https://sandboxtest.stroyrem-nn.ru/'"},{"name":"weight","value":"300"}],"links":[],"hidden":false,"retry":false,"extra":{"severity":"normal","retries":[],"categories":[{"name":"Test defects","matchedStatuses":[],"flaky":false}],"history":{"statistic":{"failed":0,"broken":209,"skipped":0,"passed":0,"unknown":0,"total":209},"items":[{"uid":"ad21f8aac8df8b4a","reportUrl":"https://zaelcovsky.github.io/StroyremAutomation/272//#testresult/ad21f8aac8df8b4a","status":"broken","statusDetails":"selenium.common.exceptions.NoSuchElementException: Message: no such element: Unable to locate element: {\"method\":\"xpath\",\"selector\":\"(//a[@class='add-to-cart yellow-btn'])[1]\"}\n  (Session info: chrome-headless-shell=123.0.6312.58); For documentation on this error, please visit: https://www.selenium.dev/documentation/webdriver/troubleshooting/errors#no-such-element-exception\nStacktrace:\n#0 0x560241856993 <unknown>\n#1 0x560241551136 <unknown>\n#2 0x56024159bd48 <unknown>\n#3 0x56024159be01 <unknown>\n#4 0x5602415dee44 <unknown>\n#5 0x5602415bdcfd <unknown>\n#6 0x5602415dc319 <unknown>\n#7 0x5602415bda73 <unknown>\n#8 0x56024158ec93 <unknown>\n#9 0x56024158f65e <unknown>\n#10 0x56024181b08b <unknown>\n#11 0x56024181f005 <unknown>\n#12 0x560241809491 <unknown>\n#13 0x56024181fb92 <unknown>\n#14 0x5602417ee9ef <unknown>\n#15 0x560241845df8 <unknown>\n#16 0x560241845fcb <unknown>\n#17 0x560241855ae4 <unknown>\n#18 0x7f747724e134 <unknown>","time":{"start":1711328960990,"stop":1711328961521,"duration":531}},{"uid":"76e67e6efbde0426","reportUrl":"https://zaelcovsky.github.io/StroyremAutomation/271//#testresult/76e67e6efbde0426","status":"broken","statusDetails":"selenium.common.exceptions.NoSuchElementException: Message: no such element: Unable to locate element: {\"method\":\"xpath\",\"selector\":\"(//a[@class='add-to-cart yellow-btn'])[1]\"}\n  (Session info: chrome-headless-shell=123.0.6312.58); For documentation on this error, please visit: https://www.selenium.dev/documentation/webdriver/troubleshooting/errors#no-such-element-exception\nStacktrace:\n#0 0x556d9330c993 <unknown>\n#1 0x556d93007136 <unknown>\n#2 0x556d93051d48 <unknown>\n#3 0x556d93051e01 <unknown>\n#4 0x556d93094e44 <unknown>\n#5 0x556d93073cfd <unknown>\n#6 0x556d93092319 <unknown>\n#7 0x556d93073a73 <unknown>\n#8 0x556d93044c93 <unknown>\n#9 0x556d9304565e <unknown>\n#10 0x556d932d108b <unknown>\n#11 0x556d932d5005 <unknown>\n#12 0x556d932bf491 <unknown>\n#13 0x556d932d5b92 <unknown>\n#14 0x556d932a49ef <unknown>\n#15 0x556d932fbdf8 <unknown>\n#16 0x556d932fbfcb <unknown>\n#17 0x556d9330bae4 <unknown>\n#18 0x7fa13d8f4134 <unknown>","time":{"start":1711242894044,"stop":1711242894635,"duration":591}},{"uid":"f65a646fe9e5d29f","reportUrl":"https://zaelcovsky.github.io/StroyremAutomation/270//#testresult/f65a646fe9e5d29f","status":"broken","statusDetails":"selenium.common.exceptions.NoSuchElementException: Message: no such element: Unable to locate element: {\"method\":\"xpath\",\"selector\":\"(//a[@class='add-to-cart yellow-btn'])[1]\"}\n  (Session info: chrome-headless-shell=123.0.6312.58); For documentation on this error, please visit: https://www.selenium.dev/documentation/webdriver/troubleshooting/errors#no-such-element-exception\nStacktrace:\n#0 0x555f01d8e993 <unknown>\n#1 0x555f01a89136 <unknown>\n#2 0x555f01ad3d48 <unknown>\n#3 0x555f01ad3e01 <unknown>\n#4 0x555f01b16e44 <unknown>\n#5 0x555f01af5cfd <unknown>\n#6 0x555f01b14319 <unknown>\n#7 0x555f01af5a73 <unknown>\n#8 0x555f01ac6c93 <unknown>\n#9 0x555f01ac765e <unknown>\n#10 0x555f01d5308b <unknown>\n#11 0x555f01d57005 <unknown>\n#12 0x555f01d41491 <unknown>\n#13 0x555f01d57b92 <unknown>\n#14 0x555f01d269ef <unknown>\n#15 0x555f01d7ddf8 <unknown>\n#16 0x555f01d7dfcb <unknown>\n#17 0x555f01d8dae4 <unknown>\n#18 0x7fc3cceb6134 <unknown>","time":{"start":1711155996259,"stop":1711155996721,"duration":462}},{"uid":"1e07205385fdfd1","reportUrl":"https://zaelcovsky.github.io/StroyremAutomation/269//#testresult/1e07205385fdfd1","status":"broken","statusDetails":"selenium.common.exceptions.NoSuchElementException: Message: no such element: Unable to locate element: {\"method\":\"xpath\",\"selector\":\"(//a[@class='add-to-cart yellow-btn'])[1]\"}\n  (Session info: chrome-headless-shell=123.0.6312.58); For documentation on this error, please visit: https://www.selenium.dev/documentation/webdriver/troubleshooting/errors#no-such-element-exception\nStacktrace:\n#0 0x562fc6b60993 <unknown>\n#1 0x562fc685b136 <unknown>\n#2 0x562fc68a5d48 <unknown>\n#3 0x562fc68a5e01 <unknown>\n#4 0x562fc68e8e44 <unknown>\n#5 0x562fc68c7cfd <unknown>\n#6 0x562fc68e6319 <unknown>\n#7 0x562fc68c7a73 <unknown>\n#8 0x562fc6898c93 <unknown>\n#9 0x562fc689965e <unknown>\n#10 0x562fc6b2508b <unknown>\n#11 0x562fc6b29005 <unknown>\n#12 0x562fc6b13491 <unknown>\n#13 0x562fc6b29b92 <unknown>\n#14 0x562fc6af89ef <unknown>\n#15 0x562fc6b4fdf8 <unknown>\n#16 0x562fc6b4ffcb <unknown>\n#17 0x562fc6b5fae4 <unknown>\n#18 0x7f10557fb134 <unknown>","time":{"start":1711069705042,"stop":1711069705425,"duration":383}},{"uid":"ab8def71bf53a72e","reportUrl":"https://zaelcovsky.github.io/StroyremAutomation/268//#testresult/ab8def71bf53a72e","status":"broken","statusDetails":"selenium.common.exceptions.NoSuchElementException: Message: no such element: Unable to locate element: {\"method\":\"xpath\",\"selector\":\"(//a[@class='add-to-cart yellow-btn'])[1]\"}\n  (Session info: chrome-headless-shell=123.0.6312.58); For documentation on this error, please visit: https://www.selenium.dev/documentation/webdriver/troubleshooting/errors#no-such-element-exception\nStacktrace:\n#0 0x5573ba8e5993 <unknown>\n#1 0x5573ba5e0136 <unknown>\n#2 0x5573ba62ad48 <unknown>\n#3 0x5573ba62ae01 <unknown>\n#4 0x5573ba66de44 <unknown>\n#5 0x5573ba64ccfd <unknown>\n#6 0x5573ba66b319 <unknown>\n#7 0x5573ba64ca73 <unknown>\n#8 0x5573ba61dc93 <unknown>\n#9 0x5573ba61e65e <unknown>\n#10 0x5573ba8aa08b <unknown>\n#11 0x5573ba8ae005 <unknown>\n#12 0x5573ba898491 <unknown>\n#13 0x5573ba8aeb92 <unknown>\n#14 0x5573ba87d9ef <unknown>\n#15 0x5573ba8d4df8 <unknown>\n#16 0x5573ba8d4fcb <unknown>\n#17 0x5573ba8e4ae4 <unknown>\n#18 0x7f5c364e0134 <unknown>","time":{"start":1710983396154,"stop":1710983396708,"duration":554}},{"uid":"a20e31071ad73a9a","reportUrl":"https://zaelcovsky.github.io/StroyremAutomation/267//#testresult/a20e31071ad73a9a","status":"broken","statusDetails":"selenium.common.exceptions.NoSuchElementException: Message: no such element: Unable to locate element: {\"method\":\"xpath\",\"selector\":\"(//a[@class='add-to-cart yellow-btn'])[1]\"}\n  (Session info: chrome-headless-shell=123.0.6312.58); For documentation on this error, please visit: https://www.selenium.dev/documentation/webdriver/troubleshooting/errors#no-such-element-exception\nStacktrace:\n#0 0x64f6c42a9993 <unknown>\n#1 0x64f6c3fa4136 <unknown>\n#2 0x64f6c3feed48 <unknown>\n#3 0x64f6c3feee01 <unknown>\n#4 0x64f6c4031e44 <unknown>\n#5 0x64f6c4010cfd <unknown>\n#6 0x64f6c402f319 <unknown>\n#7 0x64f6c4010a73 <unknown>\n#8 0x64f6c3fe1c93 <unknown>\n#9 0x64f6c3fe265e <unknown>\n#10 0x64f6c426e08b <unknown>\n#11 0x64f6c4272005 <unknown>\n#12 0x64f6c425c491 <unknown>\n#13 0x64f6c4272b92 <unknown>\n#14 0x64f6c42419ef <unknown>\n#15 0x64f6c4298df8 <unknown>\n#16 0x64f6c4298fcb <unknown>\n#17 0x64f6c42a8ae4 <unknown>\n#18 0x7d5a58591134 <unknown>","time":{"start":1710896902236,"stop":1710896902780,"duration":544}},{"uid":"391fa6a6853f01a4","reportUrl":"https://zaelcovsky.github.io/StroyremAutomation/266//#testresult/391fa6a6853f01a4","status":"broken","statusDetails":"selenium.common.exceptions.NoSuchElementException: Message: no such element: Unable to locate element: {\"method\":\"xpath\",\"selector\":\"(//a[@class='add-to-cart yellow-btn'])[1]\"}\n  (Session info: chrome-headless-shell=122.0.6261.128); For documentation on this error, please visit: https://www.selenium.dev/documentation/webdriver/troubleshooting/errors#no-such-element-exception\nStacktrace:\n#0 0x5adb5d8ddf33 <unknown>\n#1 0x5adb5d5d5ce6 <unknown>\n#2 0x5adb5d620e48 <unknown>\n#3 0x5adb5d620f01 <unknown>\n#4 0x5adb5d6643f4 <unknown>\n#5 0x5adb5d642edd <unknown>\n#6 0x5adb5d661899 <unknown>\n#7 0x5adb5d642c53 <unknown>\n#8 0x5adb5d613db3 <unknown>\n#9 0x5adb5d61477e <unknown>\n#10 0x5adb5d8a386b <unknown>\n#11 0x5adb5d8a7885 <unknown>\n#12 0x5adb5d891181 <unknown>\n#13 0x5adb5d8a8412 <unknown>\n#14 0x5adb5d87525f <unknown>\n#15 0x5adb5d8cc528 <unknown>\n#16 0x5adb5d8cc723 <unknown>\n#17 0x5adb5d8dd0e4 <unknown>\n#18 0x7837dec9c134 <unknown>","time":{"start":1710810446294,"stop":1710810446703,"duration":409}},{"uid":"2a6dccbcb44ac3bd","reportUrl":"https://zaelcovsky.github.io/StroyremAutomation/265//#testresult/2a6dccbcb44ac3bd","status":"broken","statusDetails":"selenium.common.exceptions.NoSuchElementException: Message: no such element: Unable to locate element: {\"method\":\"xpath\",\"selector\":\"(//a[@class='add-to-cart yellow-btn'])[1]\"}\n  (Session info: chrome-headless-shell=122.0.6261.128); For documentation on this error, please visit: https://www.selenium.dev/documentation/webdriver/troubleshooting/errors#no-such-element-exception\nStacktrace:\n#0 0x64bdb0758f33 <unknown>\n#1 0x64bdb0450ce6 <unknown>\n#2 0x64bdb049be48 <unknown>\n#3 0x64bdb049bf01 <unknown>\n#4 0x64bdb04df3f4 <unknown>\n#5 0x64bdb04bdedd <unknown>\n#6 0x64bdb04dc899 <unknown>\n#7 0x64bdb04bdc53 <unknown>\n#8 0x64bdb048edb3 <unknown>\n#9 0x64bdb048f77e <unknown>\n#10 0x64bdb071e86b <unknown>\n#11 0x64bdb0722885 <unknown>\n#12 0x64bdb070c181 <unknown>\n#13 0x64bdb0723412 <unknown>\n#14 0x64bdb06f025f <unknown>\n#15 0x64bdb0747528 <unknown>\n#16 0x64bdb0747723 <unknown>\n#17 0x64bdb07580e4 <unknown>\n#18 0x78d77e27f134 <unknown>","time":{"start":1710724170103,"stop":1710724171705,"duration":1602}},{"uid":"e6d186820e6a6cdd","reportUrl":"https://zaelcovsky.github.io/StroyremAutomation/264//#testresult/e6d186820e6a6cdd","status":"broken","statusDetails":"selenium.common.exceptions.NoSuchElementException: Message: no such element: Unable to locate element: {\"method\":\"xpath\",\"selector\":\"(//a[@class='add-to-cart yellow-btn'])[1]\"}\n  (Session info: chrome-headless-shell=122.0.6261.128); For documentation on this error, please visit: https://www.selenium.dev/documentation/webdriver/troubleshooting/errors#no-such-element-exception\nStacktrace:\n#0 0x5ebddc81bf33 <unknown>\n#1 0x5ebddc513ce6 <unknown>\n#2 0x5ebddc55ee48 <unknown>\n#3 0x5ebddc55ef01 <unknown>\n#4 0x5ebddc5a23f4 <unknown>\n#5 0x5ebddc580edd <unknown>\n#6 0x5ebddc59f899 <unknown>\n#7 0x5ebddc580c53 <unknown>\n#8 0x5ebddc551db3 <unknown>\n#9 0x5ebddc55277e <unknown>\n#10 0x5ebddc7e186b <unknown>\n#11 0x5ebddc7e5885 <unknown>\n#12 0x5ebddc7cf181 <unknown>\n#13 0x5ebddc7e6412 <unknown>\n#14 0x5ebddc7b325f <unknown>\n#15 0x5ebddc80a528 <unknown>\n#16 0x5ebddc80a723 <unknown>\n#17 0x5ebddc81b0e4 <unknown>\n#18 0x7904f402a134 <unknown>","time":{"start":1710637952267,"stop":1710637952859,"duration":592}},{"uid":"30e9479673b1496a","reportUrl":"https://zaelcovsky.github.io/StroyremAutomation/263//#testresult/30e9479673b1496a","status":"broken","statusDetails":"selenium.common.exceptions.NoSuchElementException: Message: no such element: Unable to locate element: {\"method\":\"xpath\",\"selector\":\"(//a[@class='add-to-cart yellow-btn'])[1]\"}\n  (Session info: chrome-headless-shell=122.0.6261.128); For documentation on this error, please visit: https://www.selenium.dev/documentation/webdriver/troubleshooting/errors#no-such-element-exception\nStacktrace:\n#0 0x5b22c71bcf33 <unknown>\n#1 0x5b22c6eb4ce6 <unknown>\n#2 0x5b22c6effe48 <unknown>\n#3 0x5b22c6efff01 <unknown>\n#4 0x5b22c6f433f4 <unknown>\n#5 0x5b22c6f21edd <unknown>\n#6 0x5b22c6f40899 <unknown>\n#7 0x5b22c6f21c53 <unknown>\n#8 0x5b22c6ef2db3 <unknown>\n#9 0x5b22c6ef377e <unknown>\n#10 0x5b22c718286b <unknown>\n#11 0x5b22c7186885 <unknown>\n#12 0x5b22c7170181 <unknown>\n#13 0x5b22c7187412 <unknown>\n#14 0x5b22c715425f <unknown>\n#15 0x5b22c71ab528 <unknown>\n#16 0x5b22c71ab723 <unknown>\n#17 0x5b22c71bc0e4 <unknown>\n#18 0x705ebc70a134 <unknown>","time":{"start":1710551174005,"stop":1710551174421,"duration":416}},{"uid":"55adeda1ef9b278c","reportUrl":"https://zaelcovsky.github.io/StroyremAutomation/262//#testresult/55adeda1ef9b278c","status":"broken","statusDetails":"selenium.common.exceptions.NoSuchElementException: Message: no such element: Unable to locate element: {\"method\":\"xpath\",\"selector\":\"(//a[@class='add-to-cart yellow-btn'])[1]\"}\n  (Session info: chrome-headless-shell=122.0.6261.128); For documentation on this error, please visit: https://www.selenium.dev/documentation/webdriver/troubleshooting/errors#no-such-element-exception\nStacktrace:\n#0 0x58570f9f6f33 <unknown>\n#1 0x58570f6eece6 <unknown>\n#2 0x58570f739e48 <unknown>\n#3 0x58570f739f01 <unknown>\n#4 0x58570f77d3f4 <unknown>\n#5 0x58570f75bedd <unknown>\n#6 0x58570f77a899 <unknown>\n#7 0x58570f75bc53 <unknown>\n#8 0x58570f72cdb3 <unknown>\n#9 0x58570f72d77e <unknown>\n#10 0x58570f9bc86b <unknown>\n#11 0x58570f9c0885 <unknown>\n#12 0x58570f9aa181 <unknown>\n#13 0x58570f9c1412 <unknown>\n#14 0x58570f98e25f <unknown>\n#15 0x58570f9e5528 <unknown>\n#16 0x58570f9e5723 <unknown>\n#17 0x58570f9f60e4 <unknown>\n#18 0x7f44dc0cd134 <unknown>","time":{"start":1710464970774,"stop":1710464971180,"duration":406}},{"uid":"7de121ac414c2864","reportUrl":"https://zaelcovsky.github.io/StroyremAutomation/261//#testresult/7de121ac414c2864","status":"broken","statusDetails":"selenium.common.exceptions.NoSuchElementException: Message: no such element: Unable to locate element: {\"method\":\"xpath\",\"selector\":\"(//a[@class='add-to-cart yellow-btn'])[1]\"}\n  (Session info: chrome-headless-shell=122.0.6261.128); For documentation on this error, please visit: https://www.selenium.dev/documentation/webdriver/troubleshooting/errors#no-such-element-exception\nStacktrace:\n#0 0x6047f0826f33 <unknown>\n#1 0x6047f051ece6 <unknown>\n#2 0x6047f0569e48 <unknown>\n#3 0x6047f0569f01 <unknown>\n#4 0x6047f05ad3f4 <unknown>\n#5 0x6047f058bedd <unknown>\n#6 0x6047f05aa899 <unknown>\n#7 0x6047f058bc53 <unknown>\n#8 0x6047f055cdb3 <unknown>\n#9 0x6047f055d77e <unknown>\n#10 0x6047f07ec86b <unknown>\n#11 0x6047f07f0885 <unknown>\n#12 0x6047f07da181 <unknown>\n#13 0x6047f07f1412 <unknown>\n#14 0x6047f07be25f <unknown>\n#15 0x6047f0815528 <unknown>\n#16 0x6047f0815723 <unknown>\n#17 0x6047f08260e4 <unknown>\n#18 0x794700b86134 <unknown>","time":{"start":1710378506726,"stop":1710378507471,"duration":745}},{"uid":"9a5cc80cbb31c17c","reportUrl":"https://zaelcovsky.github.io/StroyremAutomation/260//#testresult/9a5cc80cbb31c17c","status":"broken","statusDetails":"selenium.common.exceptions.NoSuchElementException: Message: no such element: Unable to locate element: {\"method\":\"xpath\",\"selector\":\"(//a[@class='add-to-cart yellow-btn'])[1]\"}\n  (Session info: chrome-headless-shell=122.0.6261.128); For documentation on this error, please visit: https://www.selenium.dev/documentation/webdriver/troubleshooting/errors#no-such-element-exception\nStacktrace:\n#0 0x55626151df33 <unknown>\n#1 0x556261215ce6 <unknown>\n#2 0x556261260e48 <unknown>\n#3 0x556261260f01 <unknown>\n#4 0x5562612a43f4 <unknown>\n#5 0x556261282edd <unknown>\n#6 0x5562612a1899 <unknown>\n#7 0x556261282c53 <unknown>\n#8 0x556261253db3 <unknown>\n#9 0x55626125477e <unknown>\n#10 0x5562614e386b <unknown>\n#11 0x5562614e7885 <unknown>\n#12 0x5562614d1181 <unknown>\n#13 0x5562614e8412 <unknown>\n#14 0x5562614b525f <unknown>\n#15 0x55626150c528 <unknown>\n#16 0x55626150c723 <unknown>\n#17 0x55626151d0e4 <unknown>\n#18 0x7fd74536f134 <unknown>","time":{"start":1710292245839,"stop":1710292246475,"duration":636}},{"uid":"5292a5f7be8809d6","reportUrl":"https://zaelcovsky.github.io/StroyremAutomation/259//#testresult/5292a5f7be8809d6","status":"broken","statusDetails":"selenium.common.exceptions.NoSuchElementException: Message: no such element: Unable to locate element: {\"method\":\"xpath\",\"selector\":\"(//a[@class='add-to-cart yellow-btn'])[1]\"}\n  (Session info: chrome-headless-shell=122.0.6261.111); For documentation on this error, please visit: https://www.selenium.dev/documentation/webdriver/troubleshooting/errors#no-such-element-exception\nStacktrace:\n#0 0x5fd35cdf4ec3 <unknown>\n#1 0x5fd35caecce6 <unknown>\n#2 0x5fd35cb37e48 <unknown>\n#3 0x5fd35cb37f01 <unknown>\n#4 0x5fd35cb7b3f4 <unknown>\n#5 0x5fd35cb59edd <unknown>\n#6 0x5fd35cb78899 <unknown>\n#7 0x5fd35cb59c53 <unknown>\n#8 0x5fd35cb2adb3 <unknown>\n#9 0x5fd35cb2b77e <unknown>\n#10 0x5fd35cdba7fb <unknown>\n#11 0x5fd35cdbe815 <unknown>\n#12 0x5fd35cda8111 <unknown>\n#13 0x5fd35cdbf3a2 <unknown>\n#14 0x5fd35cd8c1ef <unknown>\n#15 0x5fd35cde34b8 <unknown>\n#16 0x5fd35cde36b3 <unknown>\n#17 0x5fd35cdf4074 <unknown>\n#18 0x7486f68c6134 <unknown>","time":{"start":1710205618747,"stop":1710205619213,"duration":466}},{"uid":"a38ec0afae9f92c0","reportUrl":"https://zaelcovsky.github.io/StroyremAutomation/258//#testresult/a38ec0afae9f92c0","status":"broken","statusDetails":"selenium.common.exceptions.NoSuchElementException: Message: no such element: Unable to locate element: {\"method\":\"xpath\",\"selector\":\"(//a[@class='add-to-cart yellow-btn'])[1]\"}\n  (Session info: chrome-headless-shell=122.0.6261.111); For documentation on this error, please visit: https://www.selenium.dev/documentation/webdriver/troubleshooting/errors#no-such-element-exception\nStacktrace:\n#0 0x5611a985dec3 <unknown>\n#1 0x5611a9555ce6 <unknown>\n#2 0x5611a95a0e48 <unknown>\n#3 0x5611a95a0f01 <unknown>\n#4 0x5611a95e43f4 <unknown>\n#5 0x5611a95c2edd <unknown>\n#6 0x5611a95e1899 <unknown>\n#7 0x5611a95c2c53 <unknown>\n#8 0x5611a9593db3 <unknown>\n#9 0x5611a959477e <unknown>\n#10 0x5611a98237fb <unknown>\n#11 0x5611a9827815 <unknown>\n#12 0x5611a9811111 <unknown>\n#13 0x5611a98283a2 <unknown>\n#14 0x5611a97f51ef <unknown>\n#15 0x5611a984c4b8 <unknown>\n#16 0x5611a984c6b3 <unknown>\n#17 0x5611a985d074 <unknown>\n#18 0x7fd9d09ba134 <unknown>","time":{"start":1710119293301,"stop":1710119293852,"duration":551}},{"uid":"6a5eab5afbc88b3","reportUrl":"https://zaelcovsky.github.io/StroyremAutomation/257//#testresult/6a5eab5afbc88b3","status":"broken","statusDetails":"selenium.common.exceptions.NoSuchElementException: Message: no such element: Unable to locate element: {\"method\":\"xpath\",\"selector\":\"(//a[@class='add-to-cart yellow-btn'])[1]\"}\n  (Session info: chrome-headless-shell=122.0.6261.111); For documentation on this error, please visit: https://www.selenium.dev/documentation/webdriver/troubleshooting/errors#no-such-element-exception\nStacktrace:\n#0 0x55aa762a6ec3 <unknown>\n#1 0x55aa75f9ece6 <unknown>\n#2 0x55aa75fe9e48 <unknown>\n#3 0x55aa75fe9f01 <unknown>\n#4 0x55aa7602d3f4 <unknown>\n#5 0x55aa7600bedd <unknown>\n#6 0x55aa7602a899 <unknown>\n#7 0x55aa7600bc53 <unknown>\n#8 0x55aa75fdcdb3 <unknown>\n#9 0x55aa75fdd77e <unknown>\n#10 0x55aa7626c7fb <unknown>\n#11 0x55aa76270815 <unknown>\n#12 0x55aa7625a111 <unknown>\n#13 0x55aa762713a2 <unknown>\n#14 0x55aa7623e1ef <unknown>\n#15 0x55aa762954b8 <unknown>\n#16 0x55aa762956b3 <unknown>\n#17 0x55aa762a6074 <unknown>\n#18 0x7f0dbefc5134 <unknown>","time":{"start":1710033134290,"stop":1710033134679,"duration":389}},{"uid":"f37951572e1344fe","reportUrl":"https://zaelcovsky.github.io/StroyremAutomation/256//#testresult/f37951572e1344fe","status":"broken","statusDetails":"selenium.common.exceptions.NoSuchElementException: Message: no such element: Unable to locate element: {\"method\":\"xpath\",\"selector\":\"(//a[@class='add-to-cart yellow-btn'])[1]\"}\n  (Session info: chrome-headless-shell=122.0.6261.111); For documentation on this error, please visit: https://www.selenium.dev/documentation/webdriver/troubleshooting/errors#no-such-element-exception\nStacktrace:\n#0 0x564fc896eec3 <unknown>\n#1 0x564fc8666ce6 <unknown>\n#2 0x564fc86b1e48 <unknown>\n#3 0x564fc86b1f01 <unknown>\n#4 0x564fc86f53f4 <unknown>\n#5 0x564fc86d3edd <unknown>\n#6 0x564fc86f2899 <unknown>\n#7 0x564fc86d3c53 <unknown>\n#8 0x564fc86a4db3 <unknown>\n#9 0x564fc86a577e <unknown>\n#10 0x564fc89347fb <unknown>\n#11 0x564fc8938815 <unknown>\n#12 0x564fc8922111 <unknown>\n#13 0x564fc89393a2 <unknown>\n#14 0x564fc89061ef <unknown>\n#15 0x564fc895d4b8 <unknown>\n#16 0x564fc895d6b3 <unknown>\n#17 0x564fc896e074 <unknown>\n#18 0x7fe3b7934134 <unknown>","time":{"start":1709946381460,"stop":1709946382436,"duration":976}},{"uid":"5d597559b66cef9d","reportUrl":"https://zaelcovsky.github.io/StroyremAutomation/255//#testresult/5d597559b66cef9d","status":"broken","statusDetails":"selenium.common.exceptions.NoSuchElementException: Message: no such element: Unable to locate element: {\"method\":\"xpath\",\"selector\":\"(//a[@class='add-to-cart yellow-btn'])[1]\"}\n  (Session info: chrome-headless-shell=122.0.6261.111); For documentation on this error, please visit: https://www.selenium.dev/documentation/webdriver/troubleshooting/errors#no-such-element-exception\nStacktrace:\n#0 0x557aa60fcec3 <unknown>\n#1 0x557aa5df4ce6 <unknown>\n#2 0x557aa5e3fe48 <unknown>\n#3 0x557aa5e3ff01 <unknown>\n#4 0x557aa5e833f4 <unknown>\n#5 0x557aa5e61edd <unknown>\n#6 0x557aa5e80899 <unknown>\n#7 0x557aa5e61c53 <unknown>\n#8 0x557aa5e32db3 <unknown>\n#9 0x557aa5e3377e <unknown>\n#10 0x557aa60c27fb <unknown>\n#11 0x557aa60c6815 <unknown>\n#12 0x557aa60b0111 <unknown>\n#13 0x557aa60c73a2 <unknown>\n#14 0x557aa60941ef <unknown>\n#15 0x557aa60eb4b8 <unknown>\n#16 0x557aa60eb6b3 <unknown>\n#17 0x557aa60fc074 <unknown>\n#18 0x7fa312c8a134 <unknown>","time":{"start":1709860020702,"stop":1709860021129,"duration":427}},{"uid":"d801f22d7425c839","reportUrl":"https://zaelcovsky.github.io/StroyremAutomation/254//#testresult/d801f22d7425c839","status":"broken","statusDetails":"selenium.common.exceptions.NoSuchElementException: Message: no such element: Unable to locate element: {\"method\":\"xpath\",\"selector\":\"(//a[@class='add-to-cart yellow-btn'])[1]\"}\n  (Session info: chrome-headless-shell=122.0.6261.94); For documentation on this error, please visit: https://www.selenium.dev/documentation/webdriver/troubleshooting/errors#no-such-element-exception\nStacktrace:\n#0 0x560f316b6e93 <unknown>\n#1 0x560f313aece6 <unknown>\n#2 0x560f313f9e48 <unknown>\n#3 0x560f313f9f01 <unknown>\n#4 0x560f3143d3f4 <unknown>\n#5 0x560f3141bedd <unknown>\n#6 0x560f3143a899 <unknown>\n#7 0x560f3141bc53 <unknown>\n#8 0x560f313ecdb3 <unknown>\n#9 0x560f313ed77e <unknown>\n#10 0x560f3167c7cb <unknown>\n#11 0x560f316807e5 <unknown>\n#12 0x560f3166a0e1 <unknown>\n#13 0x560f31681372 <unknown>\n#14 0x560f3164e1bf <unknown>\n#15 0x560f316a5488 <unknown>\n#16 0x560f316a5683 <unknown>\n#17 0x560f316b6044 <unknown>\n#18 0x7f795bee6134 <unknown>","time":{"start":1709773122811,"stop":1709773123402,"duration":591}},{"uid":"57dd01de6e73baa5","reportUrl":"https://zaelcovsky.github.io/StroyremAutomation/253//#testresult/57dd01de6e73baa5","status":"broken","statusDetails":"selenium.common.exceptions.NoSuchElementException: Message: no such element: Unable to locate element: {\"method\":\"xpath\",\"selector\":\"(//a[@class='add-to-cart yellow-btn'])[1]\"}\n  (Session info: chrome-headless-shell=122.0.6261.94); For documentation on this error, please visit: https://www.selenium.dev/documentation/webdriver/troubleshooting/errors#no-such-element-exception\nStacktrace:\n#0 0x5622f0f43e93 <unknown>\n#1 0x5622f0c3bce6 <unknown>\n#2 0x5622f0c86e48 <unknown>\n#3 0x5622f0c86f01 <unknown>\n#4 0x5622f0cca3f4 <unknown>\n#5 0x5622f0ca8edd <unknown>\n#6 0x5622f0cc7899 <unknown>\n#7 0x5622f0ca8c53 <unknown>\n#8 0x5622f0c79db3 <unknown>\n#9 0x5622f0c7a77e <unknown>\n#10 0x5622f0f097cb <unknown>\n#11 0x5622f0f0d7e5 <unknown>\n#12 0x5622f0ef70e1 <unknown>\n#13 0x5622f0f0e372 <unknown>\n#14 0x5622f0edb1bf <unknown>\n#15 0x5622f0f32488 <unknown>\n#16 0x5622f0f32683 <unknown>\n#17 0x5622f0f43044 <unknown>\n#18 0x7f4eb4f9c134 <unknown>","time":{"start":1709687228042,"stop":1709687228462,"duration":420}}]},"tags":["smoke"]},"source":"8aeb83ec55c4474f.json","parameterValues":["2190","8","'TD 003'","1590","'products/shtukaturka-gipsovaya-aksolit-m50-30-kg-mashinnogo-naneseniya'","400","'https://sandboxtest.stroyrem-nn.ru/'","300"]}