{"uid":"b59c823343609344","name":"TD 025 Доставка товара весом до 10000кг. в синей зоне","fullName":"tests.delivery.test_delivery_calculation.TestDeliveryPageCalculation#test_positive_delivery_blue_zone_smoke","historyId":"5c91f1b6a5c2e7b4c36fa79019f7f7db","time":{"start":1694135300284,"stop":1694135301671,"duration":1387},"status":"broken","statusMessage":"selenium.common.exceptions.NoSuchElementException: Message: no such element: Unable to locate element: {\"method\":\"xpath\",\"selector\":\"(//a[@class='add-to-cart yellow-btn'])[1]\"}\n  (Session info: headless chrome=116.0.5845.96); For documentation on this error, please visit: https://www.selenium.dev/documentation/webdriver/troubleshooting/errors#no-such-element-exception\nStacktrace:\n#0 0x5561ba05fe23 <unknown>\n#1 0x5561b9d887a7 <unknown>\n#2 0x5561b9dc71d3 <unknown>\n#3 0x5561b9dc72c1 <unknown>\n#4 0x5561b9e02a04 <unknown>\n#5 0x5561b9de803d <unknown>\n#6 0x5561b9e00369 <unknown>\n#7 0x5561b9de7de3 <unknown>\n#8 0x5561b9dbba7b <unknown>\n#9 0x5561b9dbc81e <unknown>\n#10 0x5561ba021638 <unknown>\n#11 0x5561ba025507 <unknown>\n#12 0x5561ba02fc4c <unknown>\n#13 0x5561ba026136 <unknown>\n#14 0x5561b9ff49cf <unknown>\n#15 0x5561ba049b98 <unknown>\n#16 0x5561ba049d68 <unknown>\n#17 0x5561ba058cb3 <unknown>\n#18 0x7f0092a18044 <unknown>","statusTrace":"self = <tests.delivery.test_delivery_calculation.TestDeliveryPageCalculation object at 0x7f9f3dfaad50>\ndriver = <selenium.webdriver.chrome.webdriver.WebDriver (session=\"c0f608f7b3a9a0e0f55586bd98d4eb01\")>\nurl = 'https://sandboxtest.stroyrem-nn.ru/', case_id = 'TD 025'\nlink_item = 'products/shtukaturka-gipsovaya-aksolit-m50-30-kg-mashinnogo-naneseniya'\namount = 333, weight = 10000, standard = 7000, in_time = 13900, all_time = 15900\n\n    @pytest.mark.parametrize('case_id, link_item, amount, weight, standard, in_time, all_time', [\n        (\"TD 015\", bundeks_25, 1, 30, 650, 2390, 3320),\n        pytest.param(\n            \"TD 016\", aksolit_30, 8, 300, 650, 2390, 3320,\n            marks=pytest.mark.xfail(reson=\"Цена доставки: - - -\")\n        ),\n        (\"TD 017\", aksolit_30, 13, 400, 650, 2390, 3320),\n        (\"TD 018\", aksolit_30, 16, 500, 850, 2490, 3320),\n        (\"TD 019\", aksolit_30, 25, 1700, 1150, 2490, 3320),\n        (\"TD 020\", aksolit_30, 66, 2000, 1500, 2990, 3650),\n        (\"TD 021\", aksolit_30, 149, 4500, 2600, 4380, 4890),\n        (\"TD 022\", aksolit_30, 166, 5000, 2800, 5490, 5980),\n        pytest.param(\n            \"TD 023\", aksolit_30, 206, 6200, 3300, 7500, 8000,\n            marks=pytest.mark.xfail(reson=\"Цена доставки: 4300 9900 11440\")\n        ),\n        (\"TD 024\", aksolit_30, 299, 9000, 4300, 9900, 11440),\n        (\"TD 025\", aksolit_30, 333, 10000, 7000, 13900, 15900),\n        pytest.param(\n            \"TD 026\", aksolit_30, 366, 11000, 8000, 14900, 19900,\n            marks=pytest.mark.xfail(reson=\"Цена доставки: 7000 13900 15900\")\n        ),\n        pytest.param(\n            \"TD 027\", aksolit_30, 666, 20000, 14000, 16900, 23900,\n            marks=pytest.mark.xfail(reson=\"Цена доставки: 7000 13900 15900\")\n        )\n    ])\n    @pytest.mark.smoke\n    def test_positive_delivery_blue_zone_smoke(\n            self, driver, url, case_id, link_item, amount, weight, standard, in_time, all_time\n    ):\n        allure.dynamic.title(f\"{case_id} Доставка товара весом до {weight}кг. в синей зоне\")\n    \n        driver.get(f'{url}{link_item}')\n        item_page = ItemPage(driver)\n>       item_page.add_item_to_cart(amount).click_on_cart()\n\ntests/delivery/test_delivery_calculation.py:130: \n_ _ _ _ _ _ _ _ _ _ _ _ _ _ _ _ _ _ _ _ _ _ _ _ _ _ _ _ _ _ _ _ _ _ _ _ _ _ _ _ \npages/item_page.py:40: in add_item_to_cart\n    self.find_element(self._add_item).click()\nbase/seleniumbase.py:17: in find_element\n    return self.driver.find_element(*locator)\n/usr/local/lib/python3.11/site-packages/selenium/webdriver/remote/webdriver.py:740: in find_element\n    return self.execute(Command.FIND_ELEMENT, {\"using\": by, \"value\": value})[\"value\"]\n/usr/local/lib/python3.11/site-packages/selenium/webdriver/remote/webdriver.py:346: in execute\n    self.error_handler.check_response(response)\n_ _ _ _ _ _ _ _ _ _ _ _ _ _ _ _ _ _ _ _ _ _ _ _ _ _ _ _ _ _ _ _ _ _ _ _ _ _ _ _ \n\nself = <selenium.webdriver.remote.errorhandler.ErrorHandler object at 0x7f9f3d5a8410>\nresponse = {'status': 404, 'value': '{\"value\":{\"error\":\"no such element\",\"message\":\"no such element: Unable to locate element: {\\...\\\\n#16 0x5561ba049d68 \\\\u003Cunknown>\\\\n#17 0x5561ba058cb3 \\\\u003Cunknown>\\\\n#18 0x7f0092a18044 \\\\u003Cunknown>\\\\n\"}}'}\n\n    def check_response(self, response: Dict[str, Any]) -> None:\n        \"\"\"Checks that a JSON response from the WebDriver does not have an\n        error.\n    \n        :Args:\n         - response - The JSON response from the WebDriver server as a dictionary\n           object.\n    \n        :Raises: If the response contains an error message.\n        \"\"\"\n        status = response.get(\"status\", None)\n        if not status or status == ErrorCode.SUCCESS:\n            return\n        value = None\n        message = response.get(\"message\", \"\")\n        screen: str = response.get(\"screen\", \"\")\n        stacktrace = None\n        if isinstance(status, int):\n            value_json = response.get(\"value\", None)\n            if value_json and isinstance(value_json, str):\n                import json\n    \n                try:\n                    value = json.loads(value_json)\n                    if len(value) == 1:\n                        value = value[\"value\"]\n                    status = value.get(\"error\", None)\n                    if not status:\n                        status = value.get(\"status\", ErrorCode.UNKNOWN_ERROR)\n                        message = value.get(\"value\") or value.get(\"message\")\n                        if not isinstance(message, str):\n                            value = message\n                            message = message.get(\"message\")\n                    else:\n                        message = value.get(\"message\", None)\n                except ValueError:\n                    pass\n    \n        exception_class: Type[WebDriverException]\n        if status in ErrorCode.NO_SUCH_ELEMENT:\n            exception_class = NoSuchElementException\n        elif status in ErrorCode.NO_SUCH_FRAME:\n            exception_class = NoSuchFrameException\n        elif status in ErrorCode.NO_SUCH_SHADOW_ROOT:\n            exception_class = NoSuchShadowRootException\n        elif status in ErrorCode.NO_SUCH_WINDOW:\n            exception_class = NoSuchWindowException\n        elif status in ErrorCode.STALE_ELEMENT_REFERENCE:\n            exception_class = StaleElementReferenceException\n        elif status in ErrorCode.ELEMENT_NOT_VISIBLE:\n            exception_class = ElementNotVisibleException\n        elif status in ErrorCode.INVALID_ELEMENT_STATE:\n            exception_class = InvalidElementStateException\n        elif (\n            status in ErrorCode.INVALID_SELECTOR\n            or status in ErrorCode.INVALID_XPATH_SELECTOR\n            or status in ErrorCode.INVALID_XPATH_SELECTOR_RETURN_TYPER\n        ):\n            exception_class = InvalidSelectorException\n        elif status in ErrorCode.ELEMENT_IS_NOT_SELECTABLE:\n            exception_class = ElementNotSelectableException\n        elif status in ErrorCode.ELEMENT_NOT_INTERACTABLE:\n            exception_class = ElementNotInteractableException\n        elif status in ErrorCode.INVALID_COOKIE_DOMAIN:\n            exception_class = InvalidCookieDomainException\n        elif status in ErrorCode.UNABLE_TO_SET_COOKIE:\n            exception_class = UnableToSetCookieException\n        elif status in ErrorCode.TIMEOUT:\n            exception_class = TimeoutException\n        elif status in ErrorCode.SCRIPT_TIMEOUT:\n            exception_class = TimeoutException\n        elif status in ErrorCode.UNKNOWN_ERROR:\n            exception_class = WebDriverException\n        elif status in ErrorCode.UNEXPECTED_ALERT_OPEN:\n            exception_class = UnexpectedAlertPresentException\n        elif status in ErrorCode.NO_ALERT_OPEN:\n            exception_class = NoAlertPresentException\n        elif status in ErrorCode.IME_NOT_AVAILABLE:\n            exception_class = ImeNotAvailableException\n        elif status in ErrorCode.IME_ENGINE_ACTIVATION_FAILED:\n            exception_class = ImeActivationFailedException\n        elif status in ErrorCode.MOVE_TARGET_OUT_OF_BOUNDS:\n            exception_class = MoveTargetOutOfBoundsException\n        elif status in ErrorCode.JAVASCRIPT_ERROR:\n            exception_class = JavascriptException\n        elif status in ErrorCode.SESSION_NOT_CREATED:\n            exception_class = SessionNotCreatedException\n        elif status in ErrorCode.INVALID_ARGUMENT:\n            exception_class = InvalidArgumentException\n        elif status in ErrorCode.NO_SUCH_COOKIE:\n            exception_class = NoSuchCookieException\n        elif status in ErrorCode.UNABLE_TO_CAPTURE_SCREEN:\n            exception_class = ScreenshotException\n        elif status in ErrorCode.ELEMENT_CLICK_INTERCEPTED:\n            exception_class = ElementClickInterceptedException\n        elif status in ErrorCode.INSECURE_CERTIFICATE:\n            exception_class = InsecureCertificateException\n        elif status in ErrorCode.INVALID_COORDINATES:\n            exception_class = InvalidCoordinatesException\n        elif status in ErrorCode.INVALID_SESSION_ID:\n            exception_class = InvalidSessionIdException\n        elif status in ErrorCode.UNKNOWN_METHOD:\n            exception_class = UnknownMethodException\n        else:\n            exception_class = WebDriverException\n        if not value:\n            value = response[\"value\"]\n        if isinstance(value, str):\n            raise exception_class(value)\n        if message == \"\" and \"message\" in value:\n            message = value[\"message\"]\n    \n        screen = None  # type: ignore[assignment]\n        if \"screen\" in value:\n            screen = value[\"screen\"]\n    \n        stacktrace = None\n        st_value = value.get(\"stackTrace\") or value.get(\"stacktrace\")\n        if st_value:\n            if isinstance(st_value, str):\n                stacktrace = st_value.split(\"\\n\")\n            else:\n                stacktrace = []\n                try:\n                    for frame in st_value:\n                        line = frame.get(\"lineNumber\", \"\")\n                        file = frame.get(\"fileName\", \"<anonymous>\")\n                        if line:\n                            file = f\"{file}:{line}\"\n                        meth = frame.get(\"methodName\", \"<anonymous>\")\n                        if \"className\" in frame:\n                            meth = f\"{frame['className']}.{meth}\"\n                        msg = \"    at %s (%s)\"\n                        msg = msg % (meth, file)\n                        stacktrace.append(msg)\n                except TypeError:\n                    pass\n        if exception_class == UnexpectedAlertPresentException:\n            alert_text = None\n            if \"data\" in value:\n                alert_text = value[\"data\"].get(\"text\")\n            elif \"alert\" in value:\n                alert_text = value[\"alert\"].get(\"text\")\n            raise exception_class(message, screen, stacktrace, alert_text)  # type: ignore[call-arg]  # mypy is not smart enough here\n>       raise exception_class(message, screen, stacktrace)\nE       selenium.common.exceptions.NoSuchElementException: Message: no such element: Unable to locate element: {\"method\":\"xpath\",\"selector\":\"(//a[@class='add-to-cart yellow-btn'])[1]\"}\nE         (Session info: headless chrome=116.0.5845.96); For documentation on this error, please visit: https://www.selenium.dev/documentation/webdriver/troubleshooting/errors#no-such-element-exception\nE       Stacktrace:\nE       #0 0x5561ba05fe23 <unknown>\nE       #1 0x5561b9d887a7 <unknown>\nE       #2 0x5561b9dc71d3 <unknown>\nE       #3 0x5561b9dc72c1 <unknown>\nE       #4 0x5561b9e02a04 <unknown>\nE       #5 0x5561b9de803d <unknown>\nE       #6 0x5561b9e00369 <unknown>\nE       #7 0x5561b9de7de3 <unknown>\nE       #8 0x5561b9dbba7b <unknown>\nE       #9 0x5561b9dbc81e <unknown>\nE       #10 0x5561ba021638 <unknown>\nE       #11 0x5561ba025507 <unknown>\nE       #12 0x5561ba02fc4c <unknown>\nE       #13 0x5561ba026136 <unknown>\nE       #14 0x5561b9ff49cf <unknown>\nE       #15 0x5561ba049b98 <unknown>\nE       #16 0x5561ba049d68 <unknown>\nE       #17 0x5561ba058cb3 <unknown>\nE       #18 0x7f0092a18044 <unknown>\n\n/usr/local/lib/python3.11/site-packages/selenium/webdriver/remote/errorhandler.py:245: NoSuchElementException","flaky":false,"newFailed":false,"newBroken":false,"newPassed":false,"retriesCount":0,"retriesStatusChange":false,"beforeStages":[{"name":"_session_faker","time":{"start":1694134767935,"stop":1694134768025,"duration":90},"status":"passed","steps":[],"attachments":[],"parameters":[],"shouldDisplayMessage":false,"stepsCount":0,"attachmentsCount":0,"hasContent":false},{"name":"clear_allure_results_folder","time":{"start":1694134768025,"stop":1694134768026,"duration":1},"status":"passed","steps":[],"attachments":[],"parameters":[],"shouldDisplayMessage":false,"stepsCount":0,"attachmentsCount":0,"hasContent":false},{"name":"driver","time":{"start":1694135299498,"stop":1694135300283,"duration":785},"status":"passed","steps":[],"attachments":[],"parameters":[],"shouldDisplayMessage":false,"stepsCount":0,"attachmentsCount":0,"hasContent":false},{"name":"setup","time":{"start":1694135300283,"stop":1694135300283,"duration":0},"status":"passed","steps":[],"attachments":[],"parameters":[],"shouldDisplayMessage":false,"stepsCount":0,"attachmentsCount":0,"hasContent":false}],"testStage":{"status":"broken","statusMessage":"selenium.common.exceptions.NoSuchElementException: Message: no such element: Unable to locate element: {\"method\":\"xpath\",\"selector\":\"(//a[@class='add-to-cart yellow-btn'])[1]\"}\n  (Session info: headless chrome=116.0.5845.96); For documentation on this error, please visit: https://www.selenium.dev/documentation/webdriver/troubleshooting/errors#no-such-element-exception\nStacktrace:\n#0 0x5561ba05fe23 <unknown>\n#1 0x5561b9d887a7 <unknown>\n#2 0x5561b9dc71d3 <unknown>\n#3 0x5561b9dc72c1 <unknown>\n#4 0x5561b9e02a04 <unknown>\n#5 0x5561b9de803d <unknown>\n#6 0x5561b9e00369 <unknown>\n#7 0x5561b9de7de3 <unknown>\n#8 0x5561b9dbba7b <unknown>\n#9 0x5561b9dbc81e <unknown>\n#10 0x5561ba021638 <unknown>\n#11 0x5561ba025507 <unknown>\n#12 0x5561ba02fc4c <unknown>\n#13 0x5561ba026136 <unknown>\n#14 0x5561b9ff49cf <unknown>\n#15 0x5561ba049b98 <unknown>\n#16 0x5561ba049d68 <unknown>\n#17 0x5561ba058cb3 <unknown>\n#18 0x7f0092a18044 <unknown>","statusTrace":"self = <tests.delivery.test_delivery_calculation.TestDeliveryPageCalculation object at 0x7f9f3dfaad50>\ndriver = <selenium.webdriver.chrome.webdriver.WebDriver (session=\"c0f608f7b3a9a0e0f55586bd98d4eb01\")>\nurl = 'https://sandboxtest.stroyrem-nn.ru/', case_id = 'TD 025'\nlink_item = 'products/shtukaturka-gipsovaya-aksolit-m50-30-kg-mashinnogo-naneseniya'\namount = 333, weight = 10000, standard = 7000, in_time = 13900, all_time = 15900\n\n    @pytest.mark.parametrize('case_id, link_item, amount, weight, standard, in_time, all_time', [\n        (\"TD 015\", bundeks_25, 1, 30, 650, 2390, 3320),\n        pytest.param(\n            \"TD 016\", aksolit_30, 8, 300, 650, 2390, 3320,\n            marks=pytest.mark.xfail(reson=\"Цена доставки: - - -\")\n        ),\n        (\"TD 017\", aksolit_30, 13, 400, 650, 2390, 3320),\n        (\"TD 018\", aksolit_30, 16, 500, 850, 2490, 3320),\n        (\"TD 019\", aksolit_30, 25, 1700, 1150, 2490, 3320),\n        (\"TD 020\", aksolit_30, 66, 2000, 1500, 2990, 3650),\n        (\"TD 021\", aksolit_30, 149, 4500, 2600, 4380, 4890),\n        (\"TD 022\", aksolit_30, 166, 5000, 2800, 5490, 5980),\n        pytest.param(\n            \"TD 023\", aksolit_30, 206, 6200, 3300, 7500, 8000,\n            marks=pytest.mark.xfail(reson=\"Цена доставки: 4300 9900 11440\")\n        ),\n        (\"TD 024\", aksolit_30, 299, 9000, 4300, 9900, 11440),\n        (\"TD 025\", aksolit_30, 333, 10000, 7000, 13900, 15900),\n        pytest.param(\n            \"TD 026\", aksolit_30, 366, 11000, 8000, 14900, 19900,\n            marks=pytest.mark.xfail(reson=\"Цена доставки: 7000 13900 15900\")\n        ),\n        pytest.param(\n            \"TD 027\", aksolit_30, 666, 20000, 14000, 16900, 23900,\n            marks=pytest.mark.xfail(reson=\"Цена доставки: 7000 13900 15900\")\n        )\n    ])\n    @pytest.mark.smoke\n    def test_positive_delivery_blue_zone_smoke(\n            self, driver, url, case_id, link_item, amount, weight, standard, in_time, all_time\n    ):\n        allure.dynamic.title(f\"{case_id} Доставка товара весом до {weight}кг. в синей зоне\")\n    \n        driver.get(f'{url}{link_item}')\n        item_page = ItemPage(driver)\n>       item_page.add_item_to_cart(amount).click_on_cart()\n\ntests/delivery/test_delivery_calculation.py:130: \n_ _ _ _ _ _ _ _ _ _ _ _ _ _ _ _ _ _ _ _ _ _ _ _ _ _ _ _ _ _ _ _ _ _ _ _ _ _ _ _ \npages/item_page.py:40: in add_item_to_cart\n    self.find_element(self._add_item).click()\nbase/seleniumbase.py:17: in find_element\n    return self.driver.find_element(*locator)\n/usr/local/lib/python3.11/site-packages/selenium/webdriver/remote/webdriver.py:740: in find_element\n    return self.execute(Command.FIND_ELEMENT, {\"using\": by, \"value\": value})[\"value\"]\n/usr/local/lib/python3.11/site-packages/selenium/webdriver/remote/webdriver.py:346: in execute\n    self.error_handler.check_response(response)\n_ _ _ _ _ _ _ _ _ _ _ _ _ _ _ _ _ _ _ _ _ _ _ _ _ _ _ _ _ _ _ _ _ _ _ _ _ _ _ _ \n\nself = <selenium.webdriver.remote.errorhandler.ErrorHandler object at 0x7f9f3d5a8410>\nresponse = {'status': 404, 'value': '{\"value\":{\"error\":\"no such element\",\"message\":\"no such element: Unable to locate element: {\\...\\\\n#16 0x5561ba049d68 \\\\u003Cunknown>\\\\n#17 0x5561ba058cb3 \\\\u003Cunknown>\\\\n#18 0x7f0092a18044 \\\\u003Cunknown>\\\\n\"}}'}\n\n    def check_response(self, response: Dict[str, Any]) -> None:\n        \"\"\"Checks that a JSON response from the WebDriver does not have an\n        error.\n    \n        :Args:\n         - response - The JSON response from the WebDriver server as a dictionary\n           object.\n    \n        :Raises: If the response contains an error message.\n        \"\"\"\n        status = response.get(\"status\", None)\n        if not status or status == ErrorCode.SUCCESS:\n            return\n        value = None\n        message = response.get(\"message\", \"\")\n        screen: str = response.get(\"screen\", \"\")\n        stacktrace = None\n        if isinstance(status, int):\n            value_json = response.get(\"value\", None)\n            if value_json and isinstance(value_json, str):\n                import json\n    \n                try:\n                    value = json.loads(value_json)\n                    if len(value) == 1:\n                        value = value[\"value\"]\n                    status = value.get(\"error\", None)\n                    if not status:\n                        status = value.get(\"status\", ErrorCode.UNKNOWN_ERROR)\n                        message = value.get(\"value\") or value.get(\"message\")\n                        if not isinstance(message, str):\n                            value = message\n                            message = message.get(\"message\")\n                    else:\n                        message = value.get(\"message\", None)\n                except ValueError:\n                    pass\n    \n        exception_class: Type[WebDriverException]\n        if status in ErrorCode.NO_SUCH_ELEMENT:\n            exception_class = NoSuchElementException\n        elif status in ErrorCode.NO_SUCH_FRAME:\n            exception_class = NoSuchFrameException\n        elif status in ErrorCode.NO_SUCH_SHADOW_ROOT:\n            exception_class = NoSuchShadowRootException\n        elif status in ErrorCode.NO_SUCH_WINDOW:\n            exception_class = NoSuchWindowException\n        elif status in ErrorCode.STALE_ELEMENT_REFERENCE:\n            exception_class = StaleElementReferenceException\n        elif status in ErrorCode.ELEMENT_NOT_VISIBLE:\n            exception_class = ElementNotVisibleException\n        elif status in ErrorCode.INVALID_ELEMENT_STATE:\n            exception_class = InvalidElementStateException\n        elif (\n            status in ErrorCode.INVALID_SELECTOR\n            or status in ErrorCode.INVALID_XPATH_SELECTOR\n            or status in ErrorCode.INVALID_XPATH_SELECTOR_RETURN_TYPER\n        ):\n            exception_class = InvalidSelectorException\n        elif status in ErrorCode.ELEMENT_IS_NOT_SELECTABLE:\n            exception_class = ElementNotSelectableException\n        elif status in ErrorCode.ELEMENT_NOT_INTERACTABLE:\n            exception_class = ElementNotInteractableException\n        elif status in ErrorCode.INVALID_COOKIE_DOMAIN:\n            exception_class = InvalidCookieDomainException\n        elif status in ErrorCode.UNABLE_TO_SET_COOKIE:\n            exception_class = UnableToSetCookieException\n        elif status in ErrorCode.TIMEOUT:\n            exception_class = TimeoutException\n        elif status in ErrorCode.SCRIPT_TIMEOUT:\n            exception_class = TimeoutException\n        elif status in ErrorCode.UNKNOWN_ERROR:\n            exception_class = WebDriverException\n        elif status in ErrorCode.UNEXPECTED_ALERT_OPEN:\n            exception_class = UnexpectedAlertPresentException\n        elif status in ErrorCode.NO_ALERT_OPEN:\n            exception_class = NoAlertPresentException\n        elif status in ErrorCode.IME_NOT_AVAILABLE:\n            exception_class = ImeNotAvailableException\n        elif status in ErrorCode.IME_ENGINE_ACTIVATION_FAILED:\n            exception_class = ImeActivationFailedException\n        elif status in ErrorCode.MOVE_TARGET_OUT_OF_BOUNDS:\n            exception_class = MoveTargetOutOfBoundsException\n        elif status in ErrorCode.JAVASCRIPT_ERROR:\n            exception_class = JavascriptException\n        elif status in ErrorCode.SESSION_NOT_CREATED:\n            exception_class = SessionNotCreatedException\n        elif status in ErrorCode.INVALID_ARGUMENT:\n            exception_class = InvalidArgumentException\n        elif status in ErrorCode.NO_SUCH_COOKIE:\n            exception_class = NoSuchCookieException\n        elif status in ErrorCode.UNABLE_TO_CAPTURE_SCREEN:\n            exception_class = ScreenshotException\n        elif status in ErrorCode.ELEMENT_CLICK_INTERCEPTED:\n            exception_class = ElementClickInterceptedException\n        elif status in ErrorCode.INSECURE_CERTIFICATE:\n            exception_class = InsecureCertificateException\n        elif status in ErrorCode.INVALID_COORDINATES:\n            exception_class = InvalidCoordinatesException\n        elif status in ErrorCode.INVALID_SESSION_ID:\n            exception_class = InvalidSessionIdException\n        elif status in ErrorCode.UNKNOWN_METHOD:\n            exception_class = UnknownMethodException\n        else:\n            exception_class = WebDriverException\n        if not value:\n            value = response[\"value\"]\n        if isinstance(value, str):\n            raise exception_class(value)\n        if message == \"\" and \"message\" in value:\n            message = value[\"message\"]\n    \n        screen = None  # type: ignore[assignment]\n        if \"screen\" in value:\n            screen = value[\"screen\"]\n    \n        stacktrace = None\n        st_value = value.get(\"stackTrace\") or value.get(\"stacktrace\")\n        if st_value:\n            if isinstance(st_value, str):\n                stacktrace = st_value.split(\"\\n\")\n            else:\n                stacktrace = []\n                try:\n                    for frame in st_value:\n                        line = frame.get(\"lineNumber\", \"\")\n                        file = frame.get(\"fileName\", \"<anonymous>\")\n                        if line:\n                            file = f\"{file}:{line}\"\n                        meth = frame.get(\"methodName\", \"<anonymous>\")\n                        if \"className\" in frame:\n                            meth = f\"{frame['className']}.{meth}\"\n                        msg = \"    at %s (%s)\"\n                        msg = msg % (meth, file)\n                        stacktrace.append(msg)\n                except TypeError:\n                    pass\n        if exception_class == UnexpectedAlertPresentException:\n            alert_text = None\n            if \"data\" in value:\n                alert_text = value[\"data\"].get(\"text\")\n            elif \"alert\" in value:\n                alert_text = value[\"alert\"].get(\"text\")\n            raise exception_class(message, screen, stacktrace, alert_text)  # type: ignore[call-arg]  # mypy is not smart enough here\n>       raise exception_class(message, screen, stacktrace)\nE       selenium.common.exceptions.NoSuchElementException: Message: no such element: Unable to locate element: {\"method\":\"xpath\",\"selector\":\"(//a[@class='add-to-cart yellow-btn'])[1]\"}\nE         (Session info: headless chrome=116.0.5845.96); For documentation on this error, please visit: https://www.selenium.dev/documentation/webdriver/troubleshooting/errors#no-such-element-exception\nE       Stacktrace:\nE       #0 0x5561ba05fe23 <unknown>\nE       #1 0x5561b9d887a7 <unknown>\nE       #2 0x5561b9dc71d3 <unknown>\nE       #3 0x5561b9dc72c1 <unknown>\nE       #4 0x5561b9e02a04 <unknown>\nE       #5 0x5561b9de803d <unknown>\nE       #6 0x5561b9e00369 <unknown>\nE       #7 0x5561b9de7de3 <unknown>\nE       #8 0x5561b9dbba7b <unknown>\nE       #9 0x5561b9dbc81e <unknown>\nE       #10 0x5561ba021638 <unknown>\nE       #11 0x5561ba025507 <unknown>\nE       #12 0x5561ba02fc4c <unknown>\nE       #13 0x5561ba026136 <unknown>\nE       #14 0x5561b9ff49cf <unknown>\nE       #15 0x5561ba049b98 <unknown>\nE       #16 0x5561ba049d68 <unknown>\nE       #17 0x5561ba058cb3 <unknown>\nE       #18 0x7f0092a18044 <unknown>\n\n/usr/local/lib/python3.11/site-packages/selenium/webdriver/remote/errorhandler.py:245: NoSuchElementException","steps":[{"name":"Добавляем товар в корзину в количестве 333","time":{"start":1694135301651,"stop":1694135301670,"duration":19},"status":"broken","statusMessage":"selenium.common.exceptions.NoSuchElementException: Message: no such element: Unable to locate element: {\"method\":\"xpath\",\"selector\":\"(//a[@class='add-to-cart yellow-btn'])[1]\"}\n  (Session info: headless chrome=116.0.5845.96); For documentation on this error, please visit: https://www.selenium.dev/documentation/webdriver/troubleshooting/errors#no-such-element-exception\nStacktrace:\n#0 0x5561ba05fe23 <unknown>\n#1 0x5561b9d887a7 <unknown>\n#2 0x5561b9dc71d3 <unknown>\n#3 0x5561b9dc72c1 <unknown>\n#4 0x5561b9e02a04 <unknown>\n#5 0x5561b9de803d <unknown>\n#6 0x5561b9e00369 <unknown>\n#7 0x5561b9de7de3 <unknown>\n#8 0x5561b9dbba7b <unknown>\n#9 0x5561b9dbc81e <unknown>\n#10 0x5561ba021638 <unknown>\n#11 0x5561ba025507 <unknown>\n#12 0x5561ba02fc4c <unknown>\n#13 0x5561ba026136 <unknown>\n#14 0x5561b9ff49cf <unknown>\n#15 0x5561ba049b98 <unknown>\n#16 0x5561ba049d68 <unknown>\n#17 0x5561ba058cb3 <unknown>\n#18 0x7f0092a18044 <unknown>\n\n","statusTrace":"  File \"/usr/local/lib/python3.11/site-packages/allure_commons/_allure.py\", line 192, in impl\n    return func(*a, **kw)\n           ^^^^^^^^^^^^^^\n  File \"/app/pages/item_page.py\", line 40, in add_item_to_cart\n    self.find_element(self._add_item).click()\n    ^^^^^^^^^^^^^^^^^^^^^^^^^^^^^^^^^\n  File \"/app/base/seleniumbase.py\", line 17, in find_element\n    return self.driver.find_element(*locator)\n           ^^^^^^^^^^^^^^^^^^^^^^^^^^^^^^^^^^\n  File \"/usr/local/lib/python3.11/site-packages/selenium/webdriver/remote/webdriver.py\", line 740, in find_element\n    return self.execute(Command.FIND_ELEMENT, {\"using\": by, \"value\": value})[\"value\"]\n           ^^^^^^^^^^^^^^^^^^^^^^^^^^^^^^^^^^^^^^^^^^^^^^^^^^^^^^^^^^^^^^^^^\n  File \"/usr/local/lib/python3.11/site-packages/selenium/webdriver/remote/webdriver.py\", line 346, in execute\n    self.error_handler.check_response(response)\n  File \"/usr/local/lib/python3.11/site-packages/selenium/webdriver/remote/errorhandler.py\", line 245, in check_response\n    raise exception_class(message, screen, stacktrace)\n","steps":[],"attachments":[],"parameters":[{"name":"amount","value":"333"}],"shouldDisplayMessage":true,"stepsCount":0,"attachmentsCount":0,"hasContent":true}],"attachments":[{"uid":"f495db873ed769ca","name":"Screenshot","source":"f495db873ed769ca.png","type":"image/png","size":39917},{"uid":"37fbb9178126cbba","name":"HTML source","source":"37fbb9178126cbba.html","type":"text/html","size":544}],"parameters":[],"shouldDisplayMessage":true,"stepsCount":1,"attachmentsCount":2,"hasContent":true},"afterStages":[{"name":"driver::0","time":{"start":1694135301806,"stop":1694135301862,"duration":56},"status":"passed","steps":[],"attachments":[],"parameters":[],"shouldDisplayMessage":false,"stepsCount":0,"attachmentsCount":0,"hasContent":false},{"name":"setup::0","time":{"start":1694135301806,"stop":1694135301806,"duration":0},"status":"passed","steps":[],"attachments":[],"parameters":[],"shouldDisplayMessage":false,"stepsCount":0,"attachmentsCount":0,"hasContent":false}],"labels":[{"name":"epic","value":"Delivery Page - calculation"},{"name":"tag","value":"smoke"},{"name":"parentSuite","value":"tests.delivery"},{"name":"suite","value":"test_delivery_calculation"},{"name":"subSuite","value":"TestDeliveryPageCalculation"},{"name":"host","value":"05ac5e9927d5"},{"name":"thread","value":"1-MainThread"},{"name":"framework","value":"pytest"},{"name":"language","value":"cpython3"},{"name":"package","value":"tests.delivery.test_delivery_calculation"},{"name":"resultFormat","value":"allure2"}],"parameters":[{"name":"all_time","value":"15900"},{"name":"amount","value":"333"},{"name":"case_id","value":"'TD 025'"},{"name":"in_time","value":"13900"},{"name":"link_item","value":"'products/shtukaturka-gipsovaya-aksolit-m50-30-kg-mashinnogo-naneseniya'"},{"name":"standard","value":"7000"},{"name":"url","value":"'https://sandboxtest.stroyrem-nn.ru/'"},{"name":"weight","value":"10000"}],"links":[],"hidden":false,"retry":false,"extra":{"severity":"normal","retries":[],"categories":[{"name":"Test defects","matchedStatuses":[],"flaky":false}],"history":{"statistic":{"failed":0,"broken":9,"skipped":0,"passed":0,"unknown":0,"total":9},"items":[{"uid":"8c8247af9a673a92","reportUrl":"https://zaelcovsky.github.io/StroyremAutomation/72//#testresult/8c8247af9a673a92","status":"broken","statusDetails":"selenium.common.exceptions.NoSuchElementException: Message: no such element: Unable to locate element: {\"method\":\"xpath\",\"selector\":\"(//a[@class='add-to-cart yellow-btn'])[1]\"}\n  (Session info: headless chrome=116.0.5845.96); For documentation on this error, please visit: https://www.selenium.dev/documentation/webdriver/troubleshooting/errors#no-such-element-exception\nStacktrace:\n#0 0x555c2ef9fe23 <unknown>\n#1 0x555c2ecc87a7 <unknown>\n#2 0x555c2ed071d3 <unknown>\n#3 0x555c2ed072c1 <unknown>\n#4 0x555c2ed42a04 <unknown>\n#5 0x555c2ed2803d <unknown>\n#6 0x555c2ed40369 <unknown>\n#7 0x555c2ed27de3 <unknown>\n#8 0x555c2ecfba7b <unknown>\n#9 0x555c2ecfc81e <unknown>\n#10 0x555c2ef61638 <unknown>\n#11 0x555c2ef65507 <unknown>\n#12 0x555c2ef6fc4c <unknown>\n#13 0x555c2ef66136 <unknown>\n#14 0x555c2ef349cf <unknown>\n#15 0x555c2ef89b98 <unknown>\n#16 0x555c2ef89d68 <unknown>\n#17 0x555c2ef98cb3 <unknown>\n#18 0x7f329316f044 <unknown>","time":{"start":1694049009707,"stop":1694049010245,"duration":538}},{"uid":"fe56bf9e227b575f","reportUrl":"https://zaelcovsky.github.io/StroyremAutomation/71//#testresult/fe56bf9e227b575f","status":"broken","statusDetails":"selenium.common.exceptions.ElementNotInteractableException: Message: element not interactable\n  (Session info: headless chrome=116.0.5845.96)\nStacktrace:\n#0 0x563611f8ae23 <unknown>\n#1 0x563611cb35f6 <unknown>\n#2 0x563611ce9c5d <unknown>\n#3 0x563611d13012 <unknown>\n#4 0x563611ce7fb6 <unknown>\n#5 0x563611d131de <unknown>\n#6 0x563611d2b369 <unknown>\n#7 0x563611d12de3 <unknown>\n#8 0x563611ce6a7b <unknown>\n#9 0x563611ce781e <unknown>\n#10 0x563611f4c638 <unknown>\n#11 0x563611f50507 <unknown>\n#12 0x563611f5ac4c <unknown>\n#13 0x563611f51136 <unknown>\n#14 0x563611f1f9cf <unknown>\n#15 0x563611f74b98 <unknown>\n#16 0x563611f74d68 <unknown>\n#17 0x563611f83cb3 <unknown>\n#18 0x7fa7185f5044 <unknown>","time":{"start":1693962844517,"stop":1693962850803,"duration":6286}},{"uid":"2d0a80d68d02ed1e","reportUrl":"https://zaelcovsky.github.io/StroyremAutomation/70//#testresult/2d0a80d68d02ed1e","status":"broken","statusDetails":"selenium.common.exceptions.NoSuchElementException: Message: no such element: Unable to locate element: {\"method\":\"xpath\",\"selector\":\"(//a[@class='add-to-cart yellow-btn'])[1]\"}\n  (Session info: headless chrome=116.0.5845.96); For documentation on this error, please visit: https://www.selenium.dev/documentation/webdriver/troubleshooting/errors#no-such-element-exception\nStacktrace:\n#0 0x55e38114de23 <unknown>\n#1 0x55e380e767a7 <unknown>\n#2 0x55e380eb51d3 <unknown>\n#3 0x55e380eb52c1 <unknown>\n#4 0x55e380ef0a04 <unknown>\n#5 0x55e380ed603d <unknown>\n#6 0x55e380eee369 <unknown>\n#7 0x55e380ed5de3 <unknown>\n#8 0x55e380ea9a7b <unknown>\n#9 0x55e380eaa81e <unknown>\n#10 0x55e38110f638 <unknown>\n#11 0x55e381113507 <unknown>\n#12 0x55e38111dc4c <unknown>\n#13 0x55e381114136 <unknown>\n#14 0x55e3810e29cf <unknown>\n#15 0x55e381137b98 <unknown>\n#16 0x55e381137d68 <unknown>\n#17 0x55e381146cb3 <unknown>\n#18 0x7f56f2d0d044 <unknown>","time":{"start":1693876219988,"stop":1693876220597,"duration":609}},{"uid":"64b0262d59ce53c2","reportUrl":"https://zaelcovsky.github.io/StroyremAutomation/69//#testresult/64b0262d59ce53c2","status":"broken","statusDetails":"selenium.common.exceptions.ElementNotInteractableException: Message: element not interactable\n  (Session info: headless chrome=116.0.5845.96)\nStacktrace:\n#0 0x55e7b4335e23 <unknown>\n#1 0x55e7b405e5f6 <unknown>\n#2 0x55e7b4094c5d <unknown>\n#3 0x55e7b40be012 <unknown>\n#4 0x55e7b4092fb6 <unknown>\n#5 0x55e7b40be1de <unknown>\n#6 0x55e7b40d6369 <unknown>\n#7 0x55e7b40bdde3 <unknown>\n#8 0x55e7b4091a7b <unknown>\n#9 0x55e7b409281e <unknown>\n#10 0x55e7b42f7638 <unknown>\n#11 0x55e7b42fb507 <unknown>\n#12 0x55e7b4305c4c <unknown>\n#13 0x55e7b42fc136 <unknown>\n#14 0x55e7b42ca9cf <unknown>\n#15 0x55e7b431fb98 <unknown>\n#16 0x55e7b431fd68 <unknown>\n#17 0x55e7b432ecb3 <unknown>\n#18 0x7ff6587c6044 <unknown>","time":{"start":1693790165666,"stop":1693790172146,"duration":6480}},{"uid":"bd299d9525e65162","reportUrl":"https://zaelcovsky.github.io/StroyremAutomation/68//#testresult/bd299d9525e65162","status":"broken","statusDetails":"selenium.common.exceptions.ElementNotInteractableException: Message: element not interactable\n  (Session info: headless chrome=116.0.5845.96)\nStacktrace:\n#0 0x55fa58188e23 <unknown>\n#1 0x55fa57eb15f6 <unknown>\n#2 0x55fa57ee7c5d <unknown>\n#3 0x55fa57f11012 <unknown>\n#4 0x55fa57ee5fb6 <unknown>\n#5 0x55fa57f111de <unknown>\n#6 0x55fa57f29369 <unknown>\n#7 0x55fa57f10de3 <unknown>\n#8 0x55fa57ee4a7b <unknown>\n#9 0x55fa57ee581e <unknown>\n#10 0x55fa5814a638 <unknown>\n#11 0x55fa5814e507 <unknown>\n#12 0x55fa58158c4c <unknown>\n#13 0x55fa5814f136 <unknown>\n#14 0x55fa5811d9cf <unknown>\n#15 0x55fa58172b98 <unknown>\n#16 0x55fa58172d68 <unknown>\n#17 0x55fa58181cb3 <unknown>\n#18 0x7fe0763a8044 <unknown>","time":{"start":1693703725664,"stop":1693703731099,"duration":5435}},{"uid":"704fa52bd2ca70d7","reportUrl":"https://zaelcovsky.github.io/StroyremAutomation/67//#testresult/704fa52bd2ca70d7","status":"broken","statusDetails":"selenium.common.exceptions.WebDriverException: Message: unknown error: net::ERR_CONNECTION_REFUSED\n  (Session info: headless chrome=116.0.5845.96)\nStacktrace:\n#0 0x559b3f60fe23 <unknown>\n#1 0x559b3f3387a7 <unknown>\n#2 0x559b3f330829 <unknown>\n#3 0x559b3f3202c2 <unknown>\n#4 0x559b3f3219fb <unknown>\n#5 0x559b3f32069d <unknown>\n#6 0x559b3f31f65c <unknown>\n#7 0x559b3f31f5ce <unknown>\n#8 0x559b3f31e28a <unknown>\n#9 0x559b3f31e6da <unknown>\n#10 0x559b3f33a630 <unknown>\n#11 0x559b3f3b0b15 <unknown>\n#12 0x559b3f398012 <unknown>\n#13 0x559b3f3b0369 <unknown>\n#14 0x559b3f397de3 <unknown>\n#15 0x559b3f36ba7b <unknown>\n#16 0x559b3f36c81e <unknown>\n#17 0x559b3f5d1638 <unknown>\n#18 0x559b3f5d5507 <unknown>\n#19 0x559b3f5dfc4c <unknown>\n#20 0x559b3f5d6136 <unknown>\n#21 0x559b3f5a49cf <unknown>\n#22 0x559b3f5f9b98 <unknown>\n#23 0x559b3f5f9d68 <unknown>\n#24 0x559b3f608cb3 <unknown>\n#25 0x7f6ce9b49044 <unknown>","time":{"start":1693616918774,"stop":1693616919000,"duration":226}},{"uid":"d7a5d022c2d2a2d2","reportUrl":"https://zaelcovsky.github.io/StroyremAutomation/66//#testresult/d7a5d022c2d2a2d2","status":"broken","statusDetails":"selenium.common.exceptions.WebDriverException: Message: unknown error: net::ERR_CONNECTION_REFUSED\n  (Session info: headless chrome=116.0.5845.96)\nStacktrace:\n#0 0x55b790267e23 <unknown>\n#1 0x55b78ff907a7 <unknown>\n#2 0x55b78ff88829 <unknown>\n#3 0x55b78ff782c2 <unknown>\n#4 0x55b78ff799fb <unknown>\n#5 0x55b78ff7869d <unknown>\n#6 0x55b78ff7765c <unknown>\n#7 0x55b78ff775ce <unknown>\n#8 0x55b78ff7628a <unknown>\n#9 0x55b78ff766da <unknown>\n#10 0x55b78ff92630 <unknown>\n#11 0x55b790008b15 <unknown>\n#12 0x55b78fff0012 <unknown>\n#13 0x55b790008369 <unknown>\n#14 0x55b78ffefde3 <unknown>\n#15 0x55b78ffc3a7b <unknown>\n#16 0x55b78ffc481e <unknown>\n#17 0x55b790229638 <unknown>\n#18 0x55b79022d507 <unknown>\n#19 0x55b790237c4c <unknown>\n#20 0x55b79022e136 <unknown>\n#21 0x55b7901fc9cf <unknown>\n#22 0x55b790251b98 <unknown>\n#23 0x55b790251d68 <unknown>\n#24 0x55b790260cb3 <unknown>\n#25 0x7fb732f08044 <unknown>","time":{"start":1693530817425,"stop":1693530817618,"duration":193}},{"uid":"21f8fa7f75209a1a","reportUrl":"https://zaelcovsky.github.io/StroyremAutomation/9//#testresult/21f8fa7f75209a1a","status":"broken","statusDetails":"selenium.common.exceptions.ElementNotInteractableException: Message: element not interactable\n  (Session info: headless chrome=116.0.5845.96)\nStacktrace:\n#0 0x555ea9399e23 <unknown>\n#1 0x555ea90c25f6 <unknown>\n#2 0x555ea90f8c5d <unknown>\n#3 0x555ea9122012 <unknown>\n#4 0x555ea90f6fb6 <unknown>\n#5 0x555ea91221de <unknown>\n#6 0x555ea913a369 <unknown>\n#7 0x555ea9121de3 <unknown>\n#8 0x555ea90f5a7b <unknown>\n#9 0x555ea90f681e <unknown>\n#10 0x555ea935b638 <unknown>\n#11 0x555ea935f507 <unknown>\n#12 0x555ea9369c4c <unknown>\n#13 0x555ea9360136 <unknown>\n#14 0x555ea932e9cf <unknown>\n#15 0x555ea9383b98 <unknown>\n#16 0x555ea9383d68 <unknown>\n#17 0x555ea9392cb3 <unknown>\n#18 0x7fd336e4f044 <unknown>","time":{"start":1693507026774,"stop":1693507030540,"duration":3766}}]},"tags":["smoke"]},"source":"b59c823343609344.json","parameterValues":["15900","333","'TD 025'","13900","'products/shtukaturka-gipsovaya-aksolit-m50-30-kg-mashinnogo-naneseniya'","7000","'https://sandboxtest.stroyrem-nn.ru/'","10000"]}