{"uid":"34652746c9d40986","name":"TC 018 - Проверка функциональности ссылки 'Акции'","fullName":"tests.test_main_page.TestMainPage#test_positive_footer_sale_smoke","historyId":"7c44ee0a7729c87256702511cdfce3ef","time":{"start":1701911346679,"stop":1701911346693,"duration":14},"status":"broken","statusMessage":"selenium.common.exceptions.NoSuchElementException: Message: no such element: Unable to locate element: {\"method\":\"xpath\",\"selector\":\"(//a[contains(text(), 'Акции')])[2]\"}\n  (Session info: chrome-headless-shell=120.0.6099.71); For documentation on this error, please visit: https://www.selenium.dev/documentation/webdriver/troubleshooting/errors#no-such-element-exception\nStacktrace:\n#0 0x55f3972ebd33 <unknown>\n#1 0x55f396fa8f87 <unknown>\n#2 0x55f396ff8c0e <unknown>\n#3 0x55f396ff8d11 <unknown>\n#4 0x55f397044004 <unknown>\n#5 0x55f39702236d <unknown>\n#6 0x55f397041297 <unknown>\n#7 0x55f3970220e3 <unknown>\n#8 0x55f396fea044 <unknown>\n#9 0x55f396feb44e <unknown>\n#10 0x55f3972b0861 <unknown>\n#11 0x55f3972b4785 <unknown>\n#12 0x55f39729e285 <unknown>\n#13 0x55f3972b541f <unknown>\n#14 0x55f39728220f <unknown>\n#15 0x55f3972d9028 <unknown>\n#16 0x55f3972d91f7 <unknown>\n#17 0x55f3972eaed4 <unknown>\n#18 0x7f252bc20044 <unknown>","statusTrace":"self = <tests.test_main_page.TestMainPage object at 0x7f576bf73410>\nmain_page = <pages.main_page.MainPage object at 0x7f576b3a7f50>\n\n    @allure.feature(\"Footer functionality\")\n    @allure.title(\"TC 018 - Проверка функциональности ссылки 'Акции'\")\n    @pytest.mark.smoke_test\n    def test_positive_footer_sale_smoke(self, main_page):\n>       title = main_page.check_shares_link()\n\ntests/test_main_page.py:161: \n_ _ _ _ _ _ _ _ _ _ _ _ _ _ _ _ _ _ _ _ _ _ _ _ _ _ _ _ _ _ _ _ _ _ _ _ _ _ _ _ \npages/main_page.py:188: in check_shares_link\n    self.driver.find_element(*self._shares_link).click()\n/usr/local/lib/python3.11/site-packages/selenium/webdriver/remote/webdriver.py:740: in find_element\n    return self.execute(Command.FIND_ELEMENT, {\"using\": by, \"value\": value})[\"value\"]\n/usr/local/lib/python3.11/site-packages/selenium/webdriver/remote/webdriver.py:346: in execute\n    self.error_handler.check_response(response)\n_ _ _ _ _ _ _ _ _ _ _ _ _ _ _ _ _ _ _ _ _ _ _ _ _ _ _ _ _ _ _ _ _ _ _ _ _ _ _ _ \n\nself = <selenium.webdriver.remote.errorhandler.ErrorHandler object at 0x7f576b8ff310>\nresponse = {'status': 404, 'value': '{\"value\":{\"error\":\"no such element\",\"message\":\"no such element: Unable to locate element: {\\...\\\\n#16 0x55f3972d91f7 \\\\u003Cunknown>\\\\n#17 0x55f3972eaed4 \\\\u003Cunknown>\\\\n#18 0x7f252bc20044 \\\\u003Cunknown>\\\\n\"}}'}\n\n    def check_response(self, response: Dict[str, Any]) -> None:\n        \"\"\"Checks that a JSON response from the WebDriver does not have an\n        error.\n    \n        :Args:\n         - response - The JSON response from the WebDriver server as a dictionary\n           object.\n    \n        :Raises: If the response contains an error message.\n        \"\"\"\n        status = response.get(\"status\", None)\n        if not status or status == ErrorCode.SUCCESS:\n            return\n        value = None\n        message = response.get(\"message\", \"\")\n        screen: str = response.get(\"screen\", \"\")\n        stacktrace = None\n        if isinstance(status, int):\n            value_json = response.get(\"value\", None)\n            if value_json and isinstance(value_json, str):\n                import json\n    \n                try:\n                    value = json.loads(value_json)\n                    if len(value) == 1:\n                        value = value[\"value\"]\n                    status = value.get(\"error\", None)\n                    if not status:\n                        status = value.get(\"status\", ErrorCode.UNKNOWN_ERROR)\n                        message = value.get(\"value\") or value.get(\"message\")\n                        if not isinstance(message, str):\n                            value = message\n                            message = message.get(\"message\")\n                    else:\n                        message = value.get(\"message\", None)\n                except ValueError:\n                    pass\n    \n        exception_class: Type[WebDriverException]\n        if status in ErrorCode.NO_SUCH_ELEMENT:\n            exception_class = NoSuchElementException\n        elif status in ErrorCode.NO_SUCH_FRAME:\n            exception_class = NoSuchFrameException\n        elif status in ErrorCode.NO_SUCH_SHADOW_ROOT:\n            exception_class = NoSuchShadowRootException\n        elif status in ErrorCode.NO_SUCH_WINDOW:\n            exception_class = NoSuchWindowException\n        elif status in ErrorCode.STALE_ELEMENT_REFERENCE:\n            exception_class = StaleElementReferenceException\n        elif status in ErrorCode.ELEMENT_NOT_VISIBLE:\n            exception_class = ElementNotVisibleException\n        elif status in ErrorCode.INVALID_ELEMENT_STATE:\n            exception_class = InvalidElementStateException\n        elif (\n            status in ErrorCode.INVALID_SELECTOR\n            or status in ErrorCode.INVALID_XPATH_SELECTOR\n            or status in ErrorCode.INVALID_XPATH_SELECTOR_RETURN_TYPER\n        ):\n            exception_class = InvalidSelectorException\n        elif status in ErrorCode.ELEMENT_IS_NOT_SELECTABLE:\n            exception_class = ElementNotSelectableException\n        elif status in ErrorCode.ELEMENT_NOT_INTERACTABLE:\n            exception_class = ElementNotInteractableException\n        elif status in ErrorCode.INVALID_COOKIE_DOMAIN:\n            exception_class = InvalidCookieDomainException\n        elif status in ErrorCode.UNABLE_TO_SET_COOKIE:\n            exception_class = UnableToSetCookieException\n        elif status in ErrorCode.TIMEOUT:\n            exception_class = TimeoutException\n        elif status in ErrorCode.SCRIPT_TIMEOUT:\n            exception_class = TimeoutException\n        elif status in ErrorCode.UNKNOWN_ERROR:\n            exception_class = WebDriverException\n        elif status in ErrorCode.UNEXPECTED_ALERT_OPEN:\n            exception_class = UnexpectedAlertPresentException\n        elif status in ErrorCode.NO_ALERT_OPEN:\n            exception_class = NoAlertPresentException\n        elif status in ErrorCode.IME_NOT_AVAILABLE:\n            exception_class = ImeNotAvailableException\n        elif status in ErrorCode.IME_ENGINE_ACTIVATION_FAILED:\n            exception_class = ImeActivationFailedException\n        elif status in ErrorCode.MOVE_TARGET_OUT_OF_BOUNDS:\n            exception_class = MoveTargetOutOfBoundsException\n        elif status in ErrorCode.JAVASCRIPT_ERROR:\n            exception_class = JavascriptException\n        elif status in ErrorCode.SESSION_NOT_CREATED:\n            exception_class = SessionNotCreatedException\n        elif status in ErrorCode.INVALID_ARGUMENT:\n            exception_class = InvalidArgumentException\n        elif status in ErrorCode.NO_SUCH_COOKIE:\n            exception_class = NoSuchCookieException\n        elif status in ErrorCode.UNABLE_TO_CAPTURE_SCREEN:\n            exception_class = ScreenshotException\n        elif status in ErrorCode.ELEMENT_CLICK_INTERCEPTED:\n            exception_class = ElementClickInterceptedException\n        elif status in ErrorCode.INSECURE_CERTIFICATE:\n            exception_class = InsecureCertificateException\n        elif status in ErrorCode.INVALID_COORDINATES:\n            exception_class = InvalidCoordinatesException\n        elif status in ErrorCode.INVALID_SESSION_ID:\n            exception_class = InvalidSessionIdException\n        elif status in ErrorCode.UNKNOWN_METHOD:\n            exception_class = UnknownMethodException\n        else:\n            exception_class = WebDriverException\n        if not value:\n            value = response[\"value\"]\n        if isinstance(value, str):\n            raise exception_class(value)\n        if message == \"\" and \"message\" in value:\n            message = value[\"message\"]\n    \n        screen = None  # type: ignore[assignment]\n        if \"screen\" in value:\n            screen = value[\"screen\"]\n    \n        stacktrace = None\n        st_value = value.get(\"stackTrace\") or value.get(\"stacktrace\")\n        if st_value:\n            if isinstance(st_value, str):\n                stacktrace = st_value.split(\"\\n\")\n            else:\n                stacktrace = []\n                try:\n                    for frame in st_value:\n                        line = frame.get(\"lineNumber\", \"\")\n                        file = frame.get(\"fileName\", \"<anonymous>\")\n                        if line:\n                            file = f\"{file}:{line}\"\n                        meth = frame.get(\"methodName\", \"<anonymous>\")\n                        if \"className\" in frame:\n                            meth = f\"{frame['className']}.{meth}\"\n                        msg = \"    at %s (%s)\"\n                        msg = msg % (meth, file)\n                        stacktrace.append(msg)\n                except TypeError:\n                    pass\n        if exception_class == UnexpectedAlertPresentException:\n            alert_text = None\n            if \"data\" in value:\n                alert_text = value[\"data\"].get(\"text\")\n            elif \"alert\" in value:\n                alert_text = value[\"alert\"].get(\"text\")\n            raise exception_class(message, screen, stacktrace, alert_text)  # type: ignore[call-arg]  # mypy is not smart enough here\n>       raise exception_class(message, screen, stacktrace)\nE       selenium.common.exceptions.NoSuchElementException: Message: no such element: Unable to locate element: {\"method\":\"xpath\",\"selector\":\"(//a[contains(text(), 'Акции')])[2]\"}\nE         (Session info: chrome-headless-shell=120.0.6099.71); For documentation on this error, please visit: https://www.selenium.dev/documentation/webdriver/troubleshooting/errors#no-such-element-exception\nE       Stacktrace:\nE       #0 0x55f3972ebd33 <unknown>\nE       #1 0x55f396fa8f87 <unknown>\nE       #2 0x55f396ff8c0e <unknown>\nE       #3 0x55f396ff8d11 <unknown>\nE       #4 0x55f397044004 <unknown>\nE       #5 0x55f39702236d <unknown>\nE       #6 0x55f397041297 <unknown>\nE       #7 0x55f3970220e3 <unknown>\nE       #8 0x55f396fea044 <unknown>\nE       #9 0x55f396feb44e <unknown>\nE       #10 0x55f3972b0861 <unknown>\nE       #11 0x55f3972b4785 <unknown>\nE       #12 0x55f39729e285 <unknown>\nE       #13 0x55f3972b541f <unknown>\nE       #14 0x55f39728220f <unknown>\nE       #15 0x55f3972d9028 <unknown>\nE       #16 0x55f3972d91f7 <unknown>\nE       #17 0x55f3972eaed4 <unknown>\nE       #18 0x7f252bc20044 <unknown>\n\n/usr/local/lib/python3.11/site-packages/selenium/webdriver/remote/errorhandler.py:245: NoSuchElementException","flaky":false,"newFailed":false,"newBroken":false,"newPassed":false,"retriesCount":0,"retriesStatusChange":false,"beforeStages":[{"name":"_session_faker","time":{"start":1701911077295,"stop":1701911077377,"duration":82},"status":"passed","steps":[],"attachments":[],"parameters":[],"shouldDisplayMessage":false,"stepsCount":0,"attachmentsCount":0,"hasContent":false,"attachmentStep":false},{"name":"clear_allure_results_folder","time":{"start":1701911077378,"stop":1701911077378,"duration":0},"status":"passed","steps":[],"attachments":[],"parameters":[],"shouldDisplayMessage":false,"stepsCount":0,"attachmentsCount":0,"hasContent":false,"attachmentStep":false},{"name":"driver","time":{"start":1701911345394,"stop":1701911346131,"duration":737},"status":"passed","steps":[],"attachments":[],"parameters":[],"shouldDisplayMessage":false,"stepsCount":0,"attachmentsCount":0,"hasContent":false,"attachmentStep":false},{"name":"setup","time":{"start":1701911346131,"stop":1701911346131,"duration":0},"status":"passed","steps":[],"attachments":[],"parameters":[],"shouldDisplayMessage":false,"stepsCount":0,"attachmentsCount":0,"hasContent":false,"attachmentStep":false},{"name":"main_page","time":{"start":1701911346132,"stop":1701911346679,"duration":547},"status":"passed","steps":[],"attachments":[],"parameters":[],"shouldDisplayMessage":false,"stepsCount":0,"attachmentsCount":0,"hasContent":false,"attachmentStep":false}],"testStage":{"status":"broken","statusMessage":"selenium.common.exceptions.NoSuchElementException: Message: no such element: Unable to locate element: {\"method\":\"xpath\",\"selector\":\"(//a[contains(text(), 'Акции')])[2]\"}\n  (Session info: chrome-headless-shell=120.0.6099.71); For documentation on this error, please visit: https://www.selenium.dev/documentation/webdriver/troubleshooting/errors#no-such-element-exception\nStacktrace:\n#0 0x55f3972ebd33 <unknown>\n#1 0x55f396fa8f87 <unknown>\n#2 0x55f396ff8c0e <unknown>\n#3 0x55f396ff8d11 <unknown>\n#4 0x55f397044004 <unknown>\n#5 0x55f39702236d <unknown>\n#6 0x55f397041297 <unknown>\n#7 0x55f3970220e3 <unknown>\n#8 0x55f396fea044 <unknown>\n#9 0x55f396feb44e <unknown>\n#10 0x55f3972b0861 <unknown>\n#11 0x55f3972b4785 <unknown>\n#12 0x55f39729e285 <unknown>\n#13 0x55f3972b541f <unknown>\n#14 0x55f39728220f <unknown>\n#15 0x55f3972d9028 <unknown>\n#16 0x55f3972d91f7 <unknown>\n#17 0x55f3972eaed4 <unknown>\n#18 0x7f252bc20044 <unknown>","statusTrace":"self = <tests.test_main_page.TestMainPage object at 0x7f576bf73410>\nmain_page = <pages.main_page.MainPage object at 0x7f576b3a7f50>\n\n    @allure.feature(\"Footer functionality\")\n    @allure.title(\"TC 018 - Проверка функциональности ссылки 'Акции'\")\n    @pytest.mark.smoke_test\n    def test_positive_footer_sale_smoke(self, main_page):\n>       title = main_page.check_shares_link()\n\ntests/test_main_page.py:161: \n_ _ _ _ _ _ _ _ _ _ _ _ _ _ _ _ _ _ _ _ _ _ _ _ _ _ _ _ _ _ _ _ _ _ _ _ _ _ _ _ \npages/main_page.py:188: in check_shares_link\n    self.driver.find_element(*self._shares_link).click()\n/usr/local/lib/python3.11/site-packages/selenium/webdriver/remote/webdriver.py:740: in find_element\n    return self.execute(Command.FIND_ELEMENT, {\"using\": by, \"value\": value})[\"value\"]\n/usr/local/lib/python3.11/site-packages/selenium/webdriver/remote/webdriver.py:346: in execute\n    self.error_handler.check_response(response)\n_ _ _ _ _ _ _ _ _ _ _ _ _ _ _ _ _ _ _ _ _ _ _ _ _ _ _ _ _ _ _ _ _ _ _ _ _ _ _ _ \n\nself = <selenium.webdriver.remote.errorhandler.ErrorHandler object at 0x7f576b8ff310>\nresponse = {'status': 404, 'value': '{\"value\":{\"error\":\"no such element\",\"message\":\"no such element: Unable to locate element: {\\...\\\\n#16 0x55f3972d91f7 \\\\u003Cunknown>\\\\n#17 0x55f3972eaed4 \\\\u003Cunknown>\\\\n#18 0x7f252bc20044 \\\\u003Cunknown>\\\\n\"}}'}\n\n    def check_response(self, response: Dict[str, Any]) -> None:\n        \"\"\"Checks that a JSON response from the WebDriver does not have an\n        error.\n    \n        :Args:\n         - response - The JSON response from the WebDriver server as a dictionary\n           object.\n    \n        :Raises: If the response contains an error message.\n        \"\"\"\n        status = response.get(\"status\", None)\n        if not status or status == ErrorCode.SUCCESS:\n            return\n        value = None\n        message = response.get(\"message\", \"\")\n        screen: str = response.get(\"screen\", \"\")\n        stacktrace = None\n        if isinstance(status, int):\n            value_json = response.get(\"value\", None)\n            if value_json and isinstance(value_json, str):\n                import json\n    \n                try:\n                    value = json.loads(value_json)\n                    if len(value) == 1:\n                        value = value[\"value\"]\n                    status = value.get(\"error\", None)\n                    if not status:\n                        status = value.get(\"status\", ErrorCode.UNKNOWN_ERROR)\n                        message = value.get(\"value\") or value.get(\"message\")\n                        if not isinstance(message, str):\n                            value = message\n                            message = message.get(\"message\")\n                    else:\n                        message = value.get(\"message\", None)\n                except ValueError:\n                    pass\n    \n        exception_class: Type[WebDriverException]\n        if status in ErrorCode.NO_SUCH_ELEMENT:\n            exception_class = NoSuchElementException\n        elif status in ErrorCode.NO_SUCH_FRAME:\n            exception_class = NoSuchFrameException\n        elif status in ErrorCode.NO_SUCH_SHADOW_ROOT:\n            exception_class = NoSuchShadowRootException\n        elif status in ErrorCode.NO_SUCH_WINDOW:\n            exception_class = NoSuchWindowException\n        elif status in ErrorCode.STALE_ELEMENT_REFERENCE:\n            exception_class = StaleElementReferenceException\n        elif status in ErrorCode.ELEMENT_NOT_VISIBLE:\n            exception_class = ElementNotVisibleException\n        elif status in ErrorCode.INVALID_ELEMENT_STATE:\n            exception_class = InvalidElementStateException\n        elif (\n            status in ErrorCode.INVALID_SELECTOR\n            or status in ErrorCode.INVALID_XPATH_SELECTOR\n            or status in ErrorCode.INVALID_XPATH_SELECTOR_RETURN_TYPER\n        ):\n            exception_class = InvalidSelectorException\n        elif status in ErrorCode.ELEMENT_IS_NOT_SELECTABLE:\n            exception_class = ElementNotSelectableException\n        elif status in ErrorCode.ELEMENT_NOT_INTERACTABLE:\n            exception_class = ElementNotInteractableException\n        elif status in ErrorCode.INVALID_COOKIE_DOMAIN:\n            exception_class = InvalidCookieDomainException\n        elif status in ErrorCode.UNABLE_TO_SET_COOKIE:\n            exception_class = UnableToSetCookieException\n        elif status in ErrorCode.TIMEOUT:\n            exception_class = TimeoutException\n        elif status in ErrorCode.SCRIPT_TIMEOUT:\n            exception_class = TimeoutException\n        elif status in ErrorCode.UNKNOWN_ERROR:\n            exception_class = WebDriverException\n        elif status in ErrorCode.UNEXPECTED_ALERT_OPEN:\n            exception_class = UnexpectedAlertPresentException\n        elif status in ErrorCode.NO_ALERT_OPEN:\n            exception_class = NoAlertPresentException\n        elif status in ErrorCode.IME_NOT_AVAILABLE:\n            exception_class = ImeNotAvailableException\n        elif status in ErrorCode.IME_ENGINE_ACTIVATION_FAILED:\n            exception_class = ImeActivationFailedException\n        elif status in ErrorCode.MOVE_TARGET_OUT_OF_BOUNDS:\n            exception_class = MoveTargetOutOfBoundsException\n        elif status in ErrorCode.JAVASCRIPT_ERROR:\n            exception_class = JavascriptException\n        elif status in ErrorCode.SESSION_NOT_CREATED:\n            exception_class = SessionNotCreatedException\n        elif status in ErrorCode.INVALID_ARGUMENT:\n            exception_class = InvalidArgumentException\n        elif status in ErrorCode.NO_SUCH_COOKIE:\n            exception_class = NoSuchCookieException\n        elif status in ErrorCode.UNABLE_TO_CAPTURE_SCREEN:\n            exception_class = ScreenshotException\n        elif status in ErrorCode.ELEMENT_CLICK_INTERCEPTED:\n            exception_class = ElementClickInterceptedException\n        elif status in ErrorCode.INSECURE_CERTIFICATE:\n            exception_class = InsecureCertificateException\n        elif status in ErrorCode.INVALID_COORDINATES:\n            exception_class = InvalidCoordinatesException\n        elif status in ErrorCode.INVALID_SESSION_ID:\n            exception_class = InvalidSessionIdException\n        elif status in ErrorCode.UNKNOWN_METHOD:\n            exception_class = UnknownMethodException\n        else:\n            exception_class = WebDriverException\n        if not value:\n            value = response[\"value\"]\n        if isinstance(value, str):\n            raise exception_class(value)\n        if message == \"\" and \"message\" in value:\n            message = value[\"message\"]\n    \n        screen = None  # type: ignore[assignment]\n        if \"screen\" in value:\n            screen = value[\"screen\"]\n    \n        stacktrace = None\n        st_value = value.get(\"stackTrace\") or value.get(\"stacktrace\")\n        if st_value:\n            if isinstance(st_value, str):\n                stacktrace = st_value.split(\"\\n\")\n            else:\n                stacktrace = []\n                try:\n                    for frame in st_value:\n                        line = frame.get(\"lineNumber\", \"\")\n                        file = frame.get(\"fileName\", \"<anonymous>\")\n                        if line:\n                            file = f\"{file}:{line}\"\n                        meth = frame.get(\"methodName\", \"<anonymous>\")\n                        if \"className\" in frame:\n                            meth = f\"{frame['className']}.{meth}\"\n                        msg = \"    at %s (%s)\"\n                        msg = msg % (meth, file)\n                        stacktrace.append(msg)\n                except TypeError:\n                    pass\n        if exception_class == UnexpectedAlertPresentException:\n            alert_text = None\n            if \"data\" in value:\n                alert_text = value[\"data\"].get(\"text\")\n            elif \"alert\" in value:\n                alert_text = value[\"alert\"].get(\"text\")\n            raise exception_class(message, screen, stacktrace, alert_text)  # type: ignore[call-arg]  # mypy is not smart enough here\n>       raise exception_class(message, screen, stacktrace)\nE       selenium.common.exceptions.NoSuchElementException: Message: no such element: Unable to locate element: {\"method\":\"xpath\",\"selector\":\"(//a[contains(text(), 'Акции')])[2]\"}\nE         (Session info: chrome-headless-shell=120.0.6099.71); For documentation on this error, please visit: https://www.selenium.dev/documentation/webdriver/troubleshooting/errors#no-such-element-exception\nE       Stacktrace:\nE       #0 0x55f3972ebd33 <unknown>\nE       #1 0x55f396fa8f87 <unknown>\nE       #2 0x55f396ff8c0e <unknown>\nE       #3 0x55f396ff8d11 <unknown>\nE       #4 0x55f397044004 <unknown>\nE       #5 0x55f39702236d <unknown>\nE       #6 0x55f397041297 <unknown>\nE       #7 0x55f3970220e3 <unknown>\nE       #8 0x55f396fea044 <unknown>\nE       #9 0x55f396feb44e <unknown>\nE       #10 0x55f3972b0861 <unknown>\nE       #11 0x55f3972b4785 <unknown>\nE       #12 0x55f39729e285 <unknown>\nE       #13 0x55f3972b541f <unknown>\nE       #14 0x55f39728220f <unknown>\nE       #15 0x55f3972d9028 <unknown>\nE       #16 0x55f3972d91f7 <unknown>\nE       #17 0x55f3972eaed4 <unknown>\nE       #18 0x7f252bc20044 <unknown>\n\n/usr/local/lib/python3.11/site-packages/selenium/webdriver/remote/errorhandler.py:245: NoSuchElementException","steps":[{"name":"Проверка функциональности ссылки 'Акции'","time":{"start":1701911346679,"stop":1701911346693,"duration":14},"status":"broken","statusMessage":"selenium.common.exceptions.NoSuchElementException: Message: no such element: Unable to locate element: {\"method\":\"xpath\",\"selector\":\"(//a[contains(text(), 'Акции')])[2]\"}\n  (Session info: chrome-headless-shell=120.0.6099.71); For documentation on this error, please visit: https://www.selenium.dev/documentation/webdriver/troubleshooting/errors#no-such-element-exception\nStacktrace:\n#0 0x55f3972ebd33 <unknown>\n#1 0x55f396fa8f87 <unknown>\n#2 0x55f396ff8c0e <unknown>\n#3 0x55f396ff8d11 <unknown>\n#4 0x55f397044004 <unknown>\n#5 0x55f39702236d <unknown>\n#6 0x55f397041297 <unknown>\n#7 0x55f3970220e3 <unknown>\n#8 0x55f396fea044 <unknown>\n#9 0x55f396feb44e <unknown>\n#10 0x55f3972b0861 <unknown>\n#11 0x55f3972b4785 <unknown>\n#12 0x55f39729e285 <unknown>\n#13 0x55f3972b541f <unknown>\n#14 0x55f39728220f <unknown>\n#15 0x55f3972d9028 <unknown>\n#16 0x55f3972d91f7 <unknown>\n#17 0x55f3972eaed4 <unknown>\n#18 0x7f252bc20044 <unknown>\n\n","statusTrace":"  File \"/usr/local/lib/python3.11/site-packages/allure_commons/_allure.py\", line 192, in impl\n    return func(*a, **kw)\n           ^^^^^^^^^^^^^^\n  File \"/app/pages/main_page.py\", line 188, in check_shares_link\n    self.driver.find_element(*self._shares_link).click()\n    ^^^^^^^^^^^^^^^^^^^^^^^^^^^^^^^^^^^^^^^^^^^^\n  File \"/usr/local/lib/python3.11/site-packages/selenium/webdriver/remote/webdriver.py\", line 740, in find_element\n    return self.execute(Command.FIND_ELEMENT, {\"using\": by, \"value\": value})[\"value\"]\n           ^^^^^^^^^^^^^^^^^^^^^^^^^^^^^^^^^^^^^^^^^^^^^^^^^^^^^^^^^^^^^^^^^\n  File \"/usr/local/lib/python3.11/site-packages/selenium/webdriver/remote/webdriver.py\", line 346, in execute\n    self.error_handler.check_response(response)\n  File \"/usr/local/lib/python3.11/site-packages/selenium/webdriver/remote/errorhandler.py\", line 245, in check_response\n    raise exception_class(message, screen, stacktrace)\n","steps":[],"attachments":[],"parameters":[],"shouldDisplayMessage":true,"stepsCount":0,"attachmentsCount":0,"hasContent":true,"attachmentStep":false}],"attachments":[{"uid":"420fdf34cedc9a8d","name":"Screenshot","source":"420fdf34cedc9a8d.png","type":"image/png","size":39106},{"uid":"719ea434e5ad5c9a","name":"HTML source","source":"719ea434e5ad5c9a.html","type":"text/html","size":538}],"parameters":[],"shouldDisplayMessage":true,"stepsCount":1,"attachmentsCount":2,"hasContent":true,"attachmentStep":false},"afterStages":[{"name":"driver::0","time":{"start":1701911346804,"stop":1701911346862,"duration":58},"status":"passed","steps":[],"attachments":[],"parameters":[],"shouldDisplayMessage":false,"stepsCount":0,"attachmentsCount":0,"hasContent":false,"attachmentStep":false},{"name":"setup::0","time":{"start":1701911346804,"stop":1701911346804,"duration":0},"status":"passed","steps":[],"attachments":[],"parameters":[],"shouldDisplayMessage":false,"stepsCount":0,"attachmentsCount":0,"hasContent":false,"attachmentStep":false}],"labels":[{"name":"feature","value":"Footer functionality"},{"name":"epic","value":"Main Page"},{"name":"tag","value":"smoke_test"},{"name":"parentSuite","value":"tests"},{"name":"suite","value":"test_main_page"},{"name":"subSuite","value":"TestMainPage"},{"name":"host","value":"b1aeeb69c754"},{"name":"thread","value":"1-MainThread"},{"name":"framework","value":"pytest"},{"name":"language","value":"cpython3"},{"name":"package","value":"tests.test_main_page"},{"name":"resultFormat","value":"allure2"}],"parameters":[{"name":"url","value":"'https://test2.stroyrem-nn.ru/'"}],"links":[],"hidden":false,"retry":false,"extra":{"severity":"normal","retries":[],"categories":[{"name":"Test defects","matchedStatuses":[],"flaky":false}],"history":{"statistic":{"failed":0,"broken":86,"skipped":0,"passed":34,"unknown":0,"total":120},"items":[{"uid":"ec84eacb1b719383","reportUrl":"https://zaelcovsky.github.io/StroyremAutomation/162//#testresult/ec84eacb1b719383","status":"broken","statusDetails":"selenium.common.exceptions.NoSuchElementException: Message: no such element: Unable to locate element: {\"method\":\"xpath\",\"selector\":\"(//a[contains(text(), 'Акции')])[2]\"}\n  (Session info: chrome-headless-shell=120.0.6099.62); For documentation on this error, please visit: https://www.selenium.dev/documentation/webdriver/troubleshooting/errors#no-such-element-exception\nStacktrace:\n#0 0x55d90ee80dc3 <unknown>\n#1 0x55d90eb3df87 <unknown>\n#2 0x55d90eb8dc0e <unknown>\n#3 0x55d90eb8dd11 <unknown>\n#4 0x55d90ebd9004 <unknown>\n#5 0x55d90ebb736d <unknown>\n#6 0x55d90ebd6297 <unknown>\n#7 0x55d90ebb70e3 <unknown>\n#8 0x55d90eb7f044 <unknown>\n#9 0x55d90eb8044e <unknown>\n#10 0x55d90ee458f1 <unknown>\n#11 0x55d90ee49815 <unknown>\n#12 0x55d90ee33315 <unknown>\n#13 0x55d90ee4a4af <unknown>\n#14 0x55d90ee1729f <unknown>\n#15 0x55d90ee6e0b8 <unknown>\n#16 0x55d90ee6e287 <unknown>\n#17 0x55d90ee7ff64 <unknown>\n#18 0x7fb8b3be5044 <unknown>","time":{"start":1701824973926,"stop":1701824973939,"duration":13}},{"uid":"2796eb26f22e6c4f","reportUrl":"https://zaelcovsky.github.io/StroyremAutomation/161//#testresult/2796eb26f22e6c4f","status":"broken","statusDetails":"selenium.common.exceptions.NoSuchElementException: Message: no such element: Unable to locate element: {\"method\":\"xpath\",\"selector\":\"(//a[contains(text(), 'Акции')])[2]\"}\n  (Session info: headless chrome=119.0.6045.105); For documentation on this error, please visit: https://www.selenium.dev/documentation/webdriver/troubleshooting/errors#no-such-element-exception\nStacktrace:\n#0 0x563a910235e3 <unknown>\n#1 0x563a90ce60b7 <unknown>\n#2 0x563a90d33f53 <unknown>\n#3 0x563a90d34051 <unknown>\n#4 0x563a90d799c4 <unknown>\n#5 0x563a90d5af1d <unknown>\n#6 0x563a90d76b3d <unknown>\n#7 0x563a90d5acc3 <unknown>\n#8 0x563a90d260e4 <unknown>\n#9 0x563a90d270ae <unknown>\n#10 0x563a90fe9ce1 <unknown>\n#11 0x563a90fedb7e <unknown>\n#12 0x563a90fd74b5 <unknown>\n#13 0x563a90fee7d6 <unknown>\n#14 0x563a90fbadbf <unknown>\n#15 0x563a91011748 <unknown>\n#16 0x563a91011917 <unknown>\n#17 0x563a91022773 <unknown>\n#18 0x7f79828aa044 <unknown>","time":{"start":1701738500089,"stop":1701738500103,"duration":14}},{"uid":"4c03348613ab11d","reportUrl":"https://zaelcovsky.github.io/StroyremAutomation/160//#testresult/4c03348613ab11d","status":"broken","statusDetails":"selenium.common.exceptions.NoSuchElementException: Message: no such element: Unable to locate element: {\"method\":\"xpath\",\"selector\":\"(//a[contains(text(), 'Акции')])[2]\"}\n  (Session info: headless chrome=119.0.6045.105); For documentation on this error, please visit: https://www.selenium.dev/documentation/webdriver/troubleshooting/errors#no-such-element-exception\nStacktrace:\n#0 0x55d59b6f85e3 <unknown>\n#1 0x55d59b3bb0b7 <unknown>\n#2 0x55d59b408f53 <unknown>\n#3 0x55d59b409051 <unknown>\n#4 0x55d59b44e9c4 <unknown>\n#5 0x55d59b42ff1d <unknown>\n#6 0x55d59b44bb3d <unknown>\n#7 0x55d59b42fcc3 <unknown>\n#8 0x55d59b3fb0e4 <unknown>\n#9 0x55d59b3fc0ae <unknown>\n#10 0x55d59b6bece1 <unknown>\n#11 0x55d59b6c2b7e <unknown>\n#12 0x55d59b6ac4b5 <unknown>\n#13 0x55d59b6c37d6 <unknown>\n#14 0x55d59b68fdbf <unknown>\n#15 0x55d59b6e6748 <unknown>\n#16 0x55d59b6e6917 <unknown>\n#17 0x55d59b6f7773 <unknown>\n#18 0x7f7e5998d044 <unknown>","time":{"start":1701652140502,"stop":1701652140516,"duration":14}},{"uid":"53d589664fcc9b4e","reportUrl":"https://zaelcovsky.github.io/StroyremAutomation/159//#testresult/53d589664fcc9b4e","status":"broken","statusDetails":"selenium.common.exceptions.NoSuchElementException: Message: no such element: Unable to locate element: {\"method\":\"xpath\",\"selector\":\"(//a[contains(text(), 'Акции')])[2]\"}\n  (Session info: headless chrome=119.0.6045.105); For documentation on this error, please visit: https://www.selenium.dev/documentation/webdriver/troubleshooting/errors#no-such-element-exception\nStacktrace:\n#0 0x564a281a45e3 <unknown>\n#1 0x564a27e670b7 <unknown>\n#2 0x564a27eb4f53 <unknown>\n#3 0x564a27eb5051 <unknown>\n#4 0x564a27efa9c4 <unknown>\n#5 0x564a27edbf1d <unknown>\n#6 0x564a27ef7b3d <unknown>\n#7 0x564a27edbcc3 <unknown>\n#8 0x564a27ea70e4 <unknown>\n#9 0x564a27ea80ae <unknown>\n#10 0x564a2816ace1 <unknown>\n#11 0x564a2816eb7e <unknown>\n#12 0x564a281584b5 <unknown>\n#13 0x564a2816f7d6 <unknown>\n#14 0x564a2813bdbf <unknown>\n#15 0x564a28192748 <unknown>\n#16 0x564a28192917 <unknown>\n#17 0x564a281a3773 <unknown>\n#18 0x7f4909daf044 <unknown>","time":{"start":1701565908131,"stop":1701565908145,"duration":14}},{"uid":"bd786a941bae32","reportUrl":"https://zaelcovsky.github.io/StroyremAutomation/158//#testresult/bd786a941bae32","status":"broken","statusDetails":"selenium.common.exceptions.NoSuchElementException: Message: no such element: Unable to locate element: {\"method\":\"xpath\",\"selector\":\"(//a[contains(text(), 'Акции')])[2]\"}\n  (Session info: headless chrome=119.0.6045.105); For documentation on this error, please visit: https://www.selenium.dev/documentation/webdriver/troubleshooting/errors#no-such-element-exception\nStacktrace:\n#0 0x5562c83f45e3 <unknown>\n#1 0x5562c80b70b7 <unknown>\n#2 0x5562c8104f53 <unknown>\n#3 0x5562c8105051 <unknown>\n#4 0x5562c814a9c4 <unknown>\n#5 0x5562c812bf1d <unknown>\n#6 0x5562c8147b3d <unknown>\n#7 0x5562c812bcc3 <unknown>\n#8 0x5562c80f70e4 <unknown>\n#9 0x5562c80f80ae <unknown>\n#10 0x5562c83bace1 <unknown>\n#11 0x5562c83beb7e <unknown>\n#12 0x5562c83a84b5 <unknown>\n#13 0x5562c83bf7d6 <unknown>\n#14 0x5562c838bdbf <unknown>\n#15 0x5562c83e2748 <unknown>\n#16 0x5562c83e2917 <unknown>\n#17 0x5562c83f3773 <unknown>\n#18 0x7f7d581e9044 <unknown>","time":{"start":1701479163257,"stop":1701479163273,"duration":16}},{"uid":"b59cef2054256707","reportUrl":"https://zaelcovsky.github.io/StroyremAutomation/157//#testresult/b59cef2054256707","status":"broken","statusDetails":"selenium.common.exceptions.NoSuchElementException: Message: no such element: Unable to locate element: {\"method\":\"xpath\",\"selector\":\"(//a[contains(text(), 'Акции')])[2]\"}\n  (Session info: headless chrome=119.0.6045.105); For documentation on this error, please visit: https://www.selenium.dev/documentation/webdriver/troubleshooting/errors#no-such-element-exception\nStacktrace:\n#0 0x55628471e5e3 <unknown>\n#1 0x5562843e10b7 <unknown>\n#2 0x55628442ef53 <unknown>\n#3 0x55628442f051 <unknown>\n#4 0x5562844749c4 <unknown>\n#5 0x556284455f1d <unknown>\n#6 0x556284471b3d <unknown>\n#7 0x556284455cc3 <unknown>\n#8 0x5562844210e4 <unknown>\n#9 0x5562844220ae <unknown>\n#10 0x5562846e4ce1 <unknown>\n#11 0x5562846e8b7e <unknown>\n#12 0x5562846d24b5 <unknown>\n#13 0x5562846e97d6 <unknown>\n#14 0x5562846b5dbf <unknown>\n#15 0x55628470c748 <unknown>\n#16 0x55628470c917 <unknown>\n#17 0x55628471d773 <unknown>\n#18 0x7fa3668d4044 <unknown>","time":{"start":1701393274468,"stop":1701393274482,"duration":14}},{"uid":"299ebfdf2436c570","reportUrl":"https://zaelcovsky.github.io/StroyremAutomation/156//#testresult/299ebfdf2436c570","status":"broken","statusDetails":"selenium.common.exceptions.NoSuchElementException: Message: no such element: Unable to locate element: {\"method\":\"xpath\",\"selector\":\"(//a[contains(text(), 'Акции')])[2]\"}\n  (Session info: headless chrome=119.0.6045.105); For documentation on this error, please visit: https://www.selenium.dev/documentation/webdriver/troubleshooting/errors#no-such-element-exception\nStacktrace:\n#0 0x55e851b7c5e3 <unknown>\n#1 0x55e85183f0b7 <unknown>\n#2 0x55e85188cf53 <unknown>\n#3 0x55e85188d051 <unknown>\n#4 0x55e8518d29c4 <unknown>\n#5 0x55e8518b3f1d <unknown>\n#6 0x55e8518cfb3d <unknown>\n#7 0x55e8518b3cc3 <unknown>\n#8 0x55e85187f0e4 <unknown>\n#9 0x55e8518800ae <unknown>\n#10 0x55e851b42ce1 <unknown>\n#11 0x55e851b46b7e <unknown>\n#12 0x55e851b304b5 <unknown>\n#13 0x55e851b477d6 <unknown>\n#14 0x55e851b13dbf <unknown>\n#15 0x55e851b6a748 <unknown>\n#16 0x55e851b6a917 <unknown>\n#17 0x55e851b7b773 <unknown>\n#18 0x7f730bb09044 <unknown>","time":{"start":1701306454648,"stop":1701306454662,"duration":14}},{"uid":"d081907458070cbd","reportUrl":"https://zaelcovsky.github.io/StroyremAutomation/155//#testresult/d081907458070cbd","status":"broken","statusDetails":"selenium.common.exceptions.NoSuchElementException: Message: no such element: Unable to locate element: {\"method\":\"xpath\",\"selector\":\"(//a[contains(text(), 'Акции')])[2]\"}\n  (Session info: headless chrome=119.0.6045.105); For documentation on this error, please visit: https://www.selenium.dev/documentation/webdriver/troubleshooting/errors#no-such-element-exception\nStacktrace:\n#0 0x561d999a65e3 <unknown>\n#1 0x561d996690b7 <unknown>\n#2 0x561d996b6f53 <unknown>\n#3 0x561d996b7051 <unknown>\n#4 0x561d996fc9c4 <unknown>\n#5 0x561d996ddf1d <unknown>\n#6 0x561d996f9b3d <unknown>\n#7 0x561d996ddcc3 <unknown>\n#8 0x561d996a90e4 <unknown>\n#9 0x561d996aa0ae <unknown>\n#10 0x561d9996cce1 <unknown>\n#11 0x561d99970b7e <unknown>\n#12 0x561d9995a4b5 <unknown>\n#13 0x561d999717d6 <unknown>\n#14 0x561d9993ddbf <unknown>\n#15 0x561d99994748 <unknown>\n#16 0x561d99994917 <unknown>\n#17 0x561d999a5773 <unknown>\n#18 0x7fbf4e553044 <unknown>","time":{"start":1701220090326,"stop":1701220090340,"duration":14}},{"uid":"40564654ab55bbfa","reportUrl":"https://zaelcovsky.github.io/StroyremAutomation/154//#testresult/40564654ab55bbfa","status":"broken","statusDetails":"selenium.common.exceptions.NoSuchElementException: Message: no such element: Unable to locate element: {\"method\":\"xpath\",\"selector\":\"(//a[contains(text(), 'Акции')])[2]\"}\n  (Session info: headless chrome=119.0.6045.105); For documentation on this error, please visit: https://www.selenium.dev/documentation/webdriver/troubleshooting/errors#no-such-element-exception\nStacktrace:\n#0 0x55b030ea25e3 <unknown>\n#1 0x55b030b650b7 <unknown>\n#2 0x55b030bb2f53 <unknown>\n#3 0x55b030bb3051 <unknown>\n#4 0x55b030bf89c4 <unknown>\n#5 0x55b030bd9f1d <unknown>\n#6 0x55b030bf5b3d <unknown>\n#7 0x55b030bd9cc3 <unknown>\n#8 0x55b030ba50e4 <unknown>\n#9 0x55b030ba60ae <unknown>\n#10 0x55b030e68ce1 <unknown>\n#11 0x55b030e6cb7e <unknown>\n#12 0x55b030e564b5 <unknown>\n#13 0x55b030e6d7d6 <unknown>\n#14 0x55b030e39dbf <unknown>\n#15 0x55b030e90748 <unknown>\n#16 0x55b030e90917 <unknown>\n#17 0x55b030ea1773 <unknown>\n#18 0x7f024440b044 <unknown>","time":{"start":1701133698482,"stop":1701133698495,"duration":13}},{"uid":"583ea585e26fc493","reportUrl":"https://zaelcovsky.github.io/StroyremAutomation/153//#testresult/583ea585e26fc493","status":"broken","statusDetails":"selenium.common.exceptions.NoSuchElementException: Message: no such element: Unable to locate element: {\"method\":\"xpath\",\"selector\":\"(//a[contains(text(), 'Акции')])[2]\"}\n  (Session info: headless chrome=119.0.6045.105); For documentation on this error, please visit: https://www.selenium.dev/documentation/webdriver/troubleshooting/errors#no-such-element-exception\nStacktrace:\n#0 0x5598ce5cd5e3 <unknown>\n#1 0x5598ce2900b7 <unknown>\n#2 0x5598ce2ddf53 <unknown>\n#3 0x5598ce2de051 <unknown>\n#4 0x5598ce3239c4 <unknown>\n#5 0x5598ce304f1d <unknown>\n#6 0x5598ce320b3d <unknown>\n#7 0x5598ce304cc3 <unknown>\n#8 0x5598ce2d00e4 <unknown>\n#9 0x5598ce2d10ae <unknown>\n#10 0x5598ce593ce1 <unknown>\n#11 0x5598ce597b7e <unknown>\n#12 0x5598ce5814b5 <unknown>\n#13 0x5598ce5987d6 <unknown>\n#14 0x5598ce564dbf <unknown>\n#15 0x5598ce5bb748 <unknown>\n#16 0x5598ce5bb917 <unknown>\n#17 0x5598ce5cc773 <unknown>\n#18 0x7f5a8d2b5044 <unknown>","time":{"start":1701047289506,"stop":1701047289519,"duration":13}},{"uid":"9a7d8d08ea8de7f1","reportUrl":"https://zaelcovsky.github.io/StroyremAutomation/152//#testresult/9a7d8d08ea8de7f1","status":"broken","statusDetails":"selenium.common.exceptions.NoSuchElementException: Message: no such element: Unable to locate element: {\"method\":\"xpath\",\"selector\":\"(//a[contains(text(), 'Акции')])[2]\"}\n  (Session info: headless chrome=119.0.6045.105); For documentation on this error, please visit: https://www.selenium.dev/documentation/webdriver/troubleshooting/errors#no-such-element-exception\nStacktrace:\n#0 0x5555c90b65e3 <unknown>\n#1 0x5555c8d790b7 <unknown>\n#2 0x5555c8dc6f53 <unknown>\n#3 0x5555c8dc7051 <unknown>\n#4 0x5555c8e0c9c4 <unknown>\n#5 0x5555c8dedf1d <unknown>\n#6 0x5555c8e09b3d <unknown>\n#7 0x5555c8dedcc3 <unknown>\n#8 0x5555c8db90e4 <unknown>\n#9 0x5555c8dba0ae <unknown>\n#10 0x5555c907cce1 <unknown>\n#11 0x5555c9080b7e <unknown>\n#12 0x5555c906a4b5 <unknown>\n#13 0x5555c90817d6 <unknown>\n#14 0x5555c904ddbf <unknown>\n#15 0x5555c90a4748 <unknown>\n#16 0x5555c90a4917 <unknown>\n#17 0x5555c90b5773 <unknown>\n#18 0x7f7fbc644044 <unknown>","time":{"start":1700961158877,"stop":1700961158891,"duration":14}},{"uid":"cdb2ceba82b570d4","reportUrl":"https://zaelcovsky.github.io/StroyremAutomation/151//#testresult/cdb2ceba82b570d4","status":"broken","statusDetails":"selenium.common.exceptions.NoSuchElementException: Message: no such element: Unable to locate element: {\"method\":\"xpath\",\"selector\":\"(//a[contains(text(), 'Акции')])[2]\"}\n  (Session info: headless chrome=119.0.6045.105); For documentation on this error, please visit: https://www.selenium.dev/documentation/webdriver/troubleshooting/errors#no-such-element-exception\nStacktrace:\n#0 0x55c3604005e3 <unknown>\n#1 0x55c3600c30b7 <unknown>\n#2 0x55c360110f53 <unknown>\n#3 0x55c360111051 <unknown>\n#4 0x55c3601569c4 <unknown>\n#5 0x55c360137f1d <unknown>\n#6 0x55c360153b3d <unknown>\n#7 0x55c360137cc3 <unknown>\n#8 0x55c3601030e4 <unknown>\n#9 0x55c3601040ae <unknown>\n#10 0x55c3603c6ce1 <unknown>\n#11 0x55c3603cab7e <unknown>\n#12 0x55c3603b44b5 <unknown>\n#13 0x55c3603cb7d6 <unknown>\n#14 0x55c360397dbf <unknown>\n#15 0x55c3603ee748 <unknown>\n#16 0x55c3603ee917 <unknown>\n#17 0x55c3603ff773 <unknown>\n#18 0x7f69464b2044 <unknown>","time":{"start":1700874300946,"stop":1700874300959,"duration":13}},{"uid":"715c7d7625764ee5","reportUrl":"https://zaelcovsky.github.io/StroyremAutomation/150//#testresult/715c7d7625764ee5","status":"broken","statusDetails":"selenium.common.exceptions.NoSuchElementException: Message: no such element: Unable to locate element: {\"method\":\"xpath\",\"selector\":\"(//a[contains(text(), 'Акции')])[2]\"}\n  (Session info: headless chrome=119.0.6045.105); For documentation on this error, please visit: https://www.selenium.dev/documentation/webdriver/troubleshooting/errors#no-such-element-exception\nStacktrace:\n#0 0x55dbe00e55e3 <unknown>\n#1 0x55dbdfda80b7 <unknown>\n#2 0x55dbdfdf5f53 <unknown>\n#3 0x55dbdfdf6051 <unknown>\n#4 0x55dbdfe3b9c4 <unknown>\n#5 0x55dbdfe1cf1d <unknown>\n#6 0x55dbdfe38b3d <unknown>\n#7 0x55dbdfe1ccc3 <unknown>\n#8 0x55dbdfde80e4 <unknown>\n#9 0x55dbdfde90ae <unknown>\n#10 0x55dbe00abce1 <unknown>\n#11 0x55dbe00afb7e <unknown>\n#12 0x55dbe00994b5 <unknown>\n#13 0x55dbe00b07d6 <unknown>\n#14 0x55dbe007cdbf <unknown>\n#15 0x55dbe00d3748 <unknown>\n#16 0x55dbe00d3917 <unknown>\n#17 0x55dbe00e4773 <unknown>\n#18 0x7f1a4a0f7044 <unknown>","time":{"start":1700788000880,"stop":1700788000894,"duration":14}},{"uid":"e62cc920a2f9a31c","reportUrl":"https://zaelcovsky.github.io/StroyremAutomation/149//#testresult/e62cc920a2f9a31c","status":"broken","statusDetails":"selenium.common.exceptions.NoSuchElementException: Message: no such element: Unable to locate element: {\"method\":\"xpath\",\"selector\":\"(//a[contains(text(), 'Акции')])[2]\"}\n  (Session info: headless chrome=119.0.6045.105); For documentation on this error, please visit: https://www.selenium.dev/documentation/webdriver/troubleshooting/errors#no-such-element-exception\nStacktrace:\n#0 0x55bee50aa5e3 <unknown>\n#1 0x55bee4d6d0b7 <unknown>\n#2 0x55bee4dbaf53 <unknown>\n#3 0x55bee4dbb051 <unknown>\n#4 0x55bee4e009c4 <unknown>\n#5 0x55bee4de1f1d <unknown>\n#6 0x55bee4dfdb3d <unknown>\n#7 0x55bee4de1cc3 <unknown>\n#8 0x55bee4dad0e4 <unknown>\n#9 0x55bee4dae0ae <unknown>\n#10 0x55bee5070ce1 <unknown>\n#11 0x55bee5074b7e <unknown>\n#12 0x55bee505e4b5 <unknown>\n#13 0x55bee50757d6 <unknown>\n#14 0x55bee5041dbf <unknown>\n#15 0x55bee5098748 <unknown>\n#16 0x55bee5098917 <unknown>\n#17 0x55bee50a9773 <unknown>\n#18 0x7fbcc0e5b044 <unknown>","time":{"start":1700701618807,"stop":1700701618821,"duration":14}},{"uid":"31ee7f9335b7262a","reportUrl":"https://zaelcovsky.github.io/StroyremAutomation/148//#testresult/31ee7f9335b7262a","status":"broken","statusDetails":"selenium.common.exceptions.NoSuchElementException: Message: no such element: Unable to locate element: {\"method\":\"xpath\",\"selector\":\"(//a[contains(text(), 'Акции')])[2]\"}\n  (Session info: headless chrome=119.0.6045.105); For documentation on this error, please visit: https://www.selenium.dev/documentation/webdriver/troubleshooting/errors#no-such-element-exception\nStacktrace:\n#0 0x5590225235e3 <unknown>\n#1 0x5590221e60b7 <unknown>\n#2 0x559022233f53 <unknown>\n#3 0x559022234051 <unknown>\n#4 0x5590222799c4 <unknown>\n#5 0x55902225af1d <unknown>\n#6 0x559022276b3d <unknown>\n#7 0x55902225acc3 <unknown>\n#8 0x5590222260e4 <unknown>\n#9 0x5590222270ae <unknown>\n#10 0x5590224e9ce1 <unknown>\n#11 0x5590224edb7e <unknown>\n#12 0x5590224d74b5 <unknown>\n#13 0x5590224ee7d6 <unknown>\n#14 0x5590224badbf <unknown>\n#15 0x559022511748 <unknown>\n#16 0x559022511917 <unknown>\n#17 0x559022522773 <unknown>\n#18 0x7fec53a8e044 <unknown>","time":{"start":1700615364713,"stop":1700615364727,"duration":14}},{"uid":"1e18c2be37d04da5","reportUrl":"https://zaelcovsky.github.io/StroyremAutomation/147//#testresult/1e18c2be37d04da5","status":"broken","statusDetails":"selenium.common.exceptions.NoSuchElementException: Message: no such element: Unable to locate element: {\"method\":\"xpath\",\"selector\":\"(//a[contains(text(), 'Акции')])[2]\"}\n  (Session info: headless chrome=119.0.6045.105); For documentation on this error, please visit: https://www.selenium.dev/documentation/webdriver/troubleshooting/errors#no-such-element-exception\nStacktrace:\n#0 0x55ea9ee7c5e3 <unknown>\n#1 0x55ea9eb3f0b7 <unknown>\n#2 0x55ea9eb8cf53 <unknown>\n#3 0x55ea9eb8d051 <unknown>\n#4 0x55ea9ebd29c4 <unknown>\n#5 0x55ea9ebb3f1d <unknown>\n#6 0x55ea9ebcfb3d <unknown>\n#7 0x55ea9ebb3cc3 <unknown>\n#8 0x55ea9eb7f0e4 <unknown>\n#9 0x55ea9eb800ae <unknown>\n#10 0x55ea9ee42ce1 <unknown>\n#11 0x55ea9ee46b7e <unknown>\n#12 0x55ea9ee304b5 <unknown>\n#13 0x55ea9ee477d6 <unknown>\n#14 0x55ea9ee13dbf <unknown>\n#15 0x55ea9ee6a748 <unknown>\n#16 0x55ea9ee6a917 <unknown>\n#17 0x55ea9ee7b773 <unknown>\n#18 0x7efcf8ddc044 <unknown>","time":{"start":1700528961315,"stop":1700528961328,"duration":13}},{"uid":"7eb9ee5a146d07c6","reportUrl":"https://zaelcovsky.github.io/StroyremAutomation/146//#testresult/7eb9ee5a146d07c6","status":"broken","statusDetails":"selenium.common.exceptions.NoSuchElementException: Message: no such element: Unable to locate element: {\"method\":\"xpath\",\"selector\":\"(//a[contains(text(), 'Акции')])[2]\"}\n  (Session info: headless chrome=119.0.6045.105); For documentation on this error, please visit: https://www.selenium.dev/documentation/webdriver/troubleshooting/errors#no-such-element-exception\nStacktrace:\n#0 0x56252e8955e3 <unknown>\n#1 0x56252e5580b7 <unknown>\n#2 0x56252e5a5f53 <unknown>\n#3 0x56252e5a6051 <unknown>\n#4 0x56252e5eb9c4 <unknown>\n#5 0x56252e5ccf1d <unknown>\n#6 0x56252e5e8b3d <unknown>\n#7 0x56252e5cccc3 <unknown>\n#8 0x56252e5980e4 <unknown>\n#9 0x56252e5990ae <unknown>\n#10 0x56252e85bce1 <unknown>\n#11 0x56252e85fb7e <unknown>\n#12 0x56252e8494b5 <unknown>\n#13 0x56252e8607d6 <unknown>\n#14 0x56252e82cdbf <unknown>\n#15 0x56252e883748 <unknown>\n#16 0x56252e883917 <unknown>\n#17 0x56252e894773 <unknown>\n#18 0x7f0961968044 <unknown>","time":{"start":1700442503420,"stop":1700442503433,"duration":13}},{"uid":"e38ffc087e438a7e","reportUrl":"https://zaelcovsky.github.io/StroyremAutomation/145//#testresult/e38ffc087e438a7e","status":"broken","statusDetails":"selenium.common.exceptions.NoSuchElementException: Message: no such element: Unable to locate element: {\"method\":\"xpath\",\"selector\":\"(//a[contains(text(), 'Акции')])[2]\"}\n  (Session info: headless chrome=119.0.6045.105); For documentation on this error, please visit: https://www.selenium.dev/documentation/webdriver/troubleshooting/errors#no-such-element-exception\nStacktrace:\n#0 0x55db343155e3 <unknown>\n#1 0x55db33fd80b7 <unknown>\n#2 0x55db34025f53 <unknown>\n#3 0x55db34026051 <unknown>\n#4 0x55db3406b9c4 <unknown>\n#5 0x55db3404cf1d <unknown>\n#6 0x55db34068b3d <unknown>\n#7 0x55db3404ccc3 <unknown>\n#8 0x55db340180e4 <unknown>\n#9 0x55db340190ae <unknown>\n#10 0x55db342dbce1 <unknown>\n#11 0x55db342dfb7e <unknown>\n#12 0x55db342c94b5 <unknown>\n#13 0x55db342e07d6 <unknown>\n#14 0x55db342acdbf <unknown>\n#15 0x55db34303748 <unknown>\n#16 0x55db34303917 <unknown>\n#17 0x55db34314773 <unknown>\n#18 0x7f4b8e66a044 <unknown>","time":{"start":1700356291833,"stop":1700356291846,"duration":13}},{"uid":"27a7b86fb81f752d","reportUrl":"https://zaelcovsky.github.io/StroyremAutomation/144//#testresult/27a7b86fb81f752d","status":"broken","statusDetails":"selenium.common.exceptions.NoSuchElementException: Message: no such element: Unable to locate element: {\"method\":\"xpath\",\"selector\":\"(//a[contains(text(), 'Акции')])[2]\"}\n  (Session info: headless chrome=119.0.6045.105); For documentation on this error, please visit: https://www.selenium.dev/documentation/webdriver/troubleshooting/errors#no-such-element-exception\nStacktrace:\n#0 0x561a93fdd5e3 <unknown>\n#1 0x561a93ca00b7 <unknown>\n#2 0x561a93cedf53 <unknown>\n#3 0x561a93cee051 <unknown>\n#4 0x561a93d339c4 <unknown>\n#5 0x561a93d14f1d <unknown>\n#6 0x561a93d30b3d <unknown>\n#7 0x561a93d14cc3 <unknown>\n#8 0x561a93ce00e4 <unknown>\n#9 0x561a93ce10ae <unknown>\n#10 0x561a93fa3ce1 <unknown>\n#11 0x561a93fa7b7e <unknown>\n#12 0x561a93f914b5 <unknown>\n#13 0x561a93fa87d6 <unknown>\n#14 0x561a93f74dbf <unknown>\n#15 0x561a93fcb748 <unknown>\n#16 0x561a93fcb917 <unknown>\n#17 0x561a93fdc773 <unknown>\n#18 0x7f2627fb1044 <unknown>","time":{"start":1700269665415,"stop":1700269665428,"duration":13}},{"uid":"d2dd6b5e1fc36258","reportUrl":"https://zaelcovsky.github.io/StroyremAutomation/143//#testresult/d2dd6b5e1fc36258","status":"broken","statusDetails":"selenium.common.exceptions.NoSuchElementException: Message: no such element: Unable to locate element: {\"method\":\"xpath\",\"selector\":\"(//a[contains(text(), 'Акции')])[2]\"}\n  (Session info: headless chrome=119.0.6045.105); For documentation on this error, please visit: https://www.selenium.dev/documentation/webdriver/troubleshooting/errors#no-such-element-exception\nStacktrace:\n#0 0x55ce6060f5e3 <unknown>\n#1 0x55ce602d20b7 <unknown>\n#2 0x55ce6031ff53 <unknown>\n#3 0x55ce60320051 <unknown>\n#4 0x55ce603659c4 <unknown>\n#5 0x55ce60346f1d <unknown>\n#6 0x55ce60362b3d <unknown>\n#7 0x55ce60346cc3 <unknown>\n#8 0x55ce603120e4 <unknown>\n#9 0x55ce603130ae <unknown>\n#10 0x55ce605d5ce1 <unknown>\n#11 0x55ce605d9b7e <unknown>\n#12 0x55ce605c34b5 <unknown>\n#13 0x55ce605da7d6 <unknown>\n#14 0x55ce605a6dbf <unknown>\n#15 0x55ce605fd748 <unknown>\n#16 0x55ce605fd917 <unknown>\n#17 0x55ce6060e773 <unknown>\n#18 0x7f227a2ff044 <unknown>","time":{"start":1700183294206,"stop":1700183294220,"duration":14}}]},"tags":["smoke_test"]},"source":"34652746c9d40986.json","parameterValues":["'https://test2.stroyrem-nn.ru/'"]}