{"uid":"a1f64e2aa85066a9","name":"TD 015 Доставка товара весом до 30кг. в синей зоне","fullName":"tests.delivery.test_delivery_calculation.TestDeliveryPageCalculation#test_positive_delivery_blue_zone_smoke","historyId":"ae12a59ab9fb9a38e23182dccc7cf409","time":{"start":1707700099879,"stop":1707700100171,"duration":292},"status":"broken","statusMessage":"selenium.common.exceptions.NoSuchElementException: Message: no such element: Unable to locate element: {\"method\":\"xpath\",\"selector\":\"(//a[@class='add-to-cart yellow-btn'])[1]\"}\n  (Session info: chrome-headless-shell=121.0.6167.85); For documentation on this error, please visit: https://www.selenium.dev/documentation/webdriver/troubleshooting/errors#no-such-element-exception\nStacktrace:\n#0 0x55a194c5dd93 <unknown>\n#1 0x55a194941337 <unknown>\n#2 0x55a19498cd60 <unknown>\n#3 0x55a19498ce51 <unknown>\n#4 0x55a1949d0bc4 <unknown>\n#5 0x55a1949af46d <unknown>\n#6 0x55a1949ce12d <unknown>\n#7 0x55a1949af1e3 <unknown>\n#8 0x55a19497f135 <unknown>\n#9 0x55a19498013e <unknown>\n#10 0x55a194c21e4b <unknown>\n#11 0x55a194c25dfa <unknown>\n#12 0x55a194c0e6d5 <unknown>\n#13 0x55a194c26a6f <unknown>\n#14 0x55a194bf269f <unknown>\n#15 0x55a194c4b098 <unknown>\n#16 0x55a194c4b262 <unknown>\n#17 0x55a194c5cf34 <unknown>\n#18 0x7fe63ffab134 <unknown>","statusTrace":"self = <tests.delivery.test_delivery_calculation.TestDeliveryPageCalculation object at 0x7f0fb3e62650>\ndriver = <selenium.webdriver.chrome.webdriver.WebDriver (session=\"462532f5c4c32a6bd7bedd36578d3ee8\")>\nurl = 'https://sandboxtest.stroyrem-nn.ru/', case_id = 'TD 015'\nlink_item = 'products/shtukaturka-tsementnaya-bergauf-bau-putts-tsement-25kg-56sht'\namount = 1, weight = 30, standard = 650, in_time = 2390, all_time = 3320\n\n    @pytest.mark.parametrize('case_id, link_item, amount, weight, standard, in_time, all_time', [\n        (\"TD 015\", bundeks_25, 1, 30, 650, 2390, 3320),\n        pytest.param(\n            \"TD 016\", aksolit_30, 8, 300, 650, 2390, 3320,\n            marks=pytest.mark.xfail(reson=\"Цена доставки: - - -\")\n        ),\n        (\"TD 017\", aksolit_30, 13, 400, 650, 2390, 3320),\n        (\"TD 018\", aksolit_30, 16, 500, 850, 2490, 3320),\n        (\"TD 019\", aksolit_30, 25, 1700, 1150, 2490, 3320),\n        (\"TD 020\", aksolit_30, 66, 2000, 1500, 2990, 3650),\n        (\"TD 021\", aksolit_30, 149, 4500, 2600, 4380, 4890),\n        (\"TD 022\", aksolit_30, 166, 5000, 2800, 5490, 5980),\n        pytest.param(\n            \"TD 023\", aksolit_30, 206, 6200, 3300, 7500, 8000,\n            marks=pytest.mark.xfail(reson=\"Цена доставки: 4300 9900 11440\")\n        ),\n        (\"TD 024\", aksolit_30, 299, 9000, 4300, 9900, 11440),\n        (\"TD 025\", aksolit_30, 333, 10000, 7000, 13900, 15900),\n        pytest.param(\n            \"TD 026\", aksolit_30, 366, 11000, 8000, 14900, 19900,\n            marks=pytest.mark.xfail(reson=\"Цена доставки: 7000 13900 15900\")\n        ),\n        pytest.param(\n            \"TD 027\", aksolit_30, 666, 20000, 14000, 16900, 23900,\n            marks=pytest.mark.xfail(reson=\"Цена доставки: 7000 13900 15900\")\n        )\n    ])\n    @pytest.mark.smoke\n    def test_positive_delivery_blue_zone_smoke(\n            self, driver, url, case_id, link_item, amount, weight, standard, in_time, all_time\n    ):\n        allure.dynamic.title(f\"{case_id} Доставка товара весом до {weight}кг. в синей зоне\")\n    \n        driver.get(f'{url}{link_item}')\n        item_page = ItemPage(driver)\n>       item_page.add_item_to_cart(amount).click_on_cart()\n\ntests/delivery/test_delivery_calculation.py:130: \n_ _ _ _ _ _ _ _ _ _ _ _ _ _ _ _ _ _ _ _ _ _ _ _ _ _ _ _ _ _ _ _ _ _ _ _ _ _ _ _ \npages/item_page.py:40: in add_item_to_cart\n    self.find_element(self._add_item).click()\nbase/seleniumbase.py:17: in find_element\n    return self.driver.find_element(*locator)\n/usr/local/lib/python3.11/site-packages/selenium/webdriver/remote/webdriver.py:740: in find_element\n    return self.execute(Command.FIND_ELEMENT, {\"using\": by, \"value\": value})[\"value\"]\n/usr/local/lib/python3.11/site-packages/selenium/webdriver/remote/webdriver.py:346: in execute\n    self.error_handler.check_response(response)\n_ _ _ _ _ _ _ _ _ _ _ _ _ _ _ _ _ _ _ _ _ _ _ _ _ _ _ _ _ _ _ _ _ _ _ _ _ _ _ _ \n\nself = <selenium.webdriver.remote.errorhandler.ErrorHandler object at 0x7f0fb2cc1150>\nresponse = {'status': 404, 'value': '{\"value\":{\"error\":\"no such element\",\"message\":\"no such element: Unable to locate element: {\\...\\\\n#16 0x55a194c4b262 \\\\u003Cunknown>\\\\n#17 0x55a194c5cf34 \\\\u003Cunknown>\\\\n#18 0x7fe63ffab134 \\\\u003Cunknown>\\\\n\"}}'}\n\n    def check_response(self, response: Dict[str, Any]) -> None:\n        \"\"\"Checks that a JSON response from the WebDriver does not have an\n        error.\n    \n        :Args:\n         - response - The JSON response from the WebDriver server as a dictionary\n           object.\n    \n        :Raises: If the response contains an error message.\n        \"\"\"\n        status = response.get(\"status\", None)\n        if not status or status == ErrorCode.SUCCESS:\n            return\n        value = None\n        message = response.get(\"message\", \"\")\n        screen: str = response.get(\"screen\", \"\")\n        stacktrace = None\n        if isinstance(status, int):\n            value_json = response.get(\"value\", None)\n            if value_json and isinstance(value_json, str):\n                import json\n    \n                try:\n                    value = json.loads(value_json)\n                    if len(value) == 1:\n                        value = value[\"value\"]\n                    status = value.get(\"error\", None)\n                    if not status:\n                        status = value.get(\"status\", ErrorCode.UNKNOWN_ERROR)\n                        message = value.get(\"value\") or value.get(\"message\")\n                        if not isinstance(message, str):\n                            value = message\n                            message = message.get(\"message\")\n                    else:\n                        message = value.get(\"message\", None)\n                except ValueError:\n                    pass\n    \n        exception_class: Type[WebDriverException]\n        if status in ErrorCode.NO_SUCH_ELEMENT:\n            exception_class = NoSuchElementException\n        elif status in ErrorCode.NO_SUCH_FRAME:\n            exception_class = NoSuchFrameException\n        elif status in ErrorCode.NO_SUCH_SHADOW_ROOT:\n            exception_class = NoSuchShadowRootException\n        elif status in ErrorCode.NO_SUCH_WINDOW:\n            exception_class = NoSuchWindowException\n        elif status in ErrorCode.STALE_ELEMENT_REFERENCE:\n            exception_class = StaleElementReferenceException\n        elif status in ErrorCode.ELEMENT_NOT_VISIBLE:\n            exception_class = ElementNotVisibleException\n        elif status in ErrorCode.INVALID_ELEMENT_STATE:\n            exception_class = InvalidElementStateException\n        elif (\n            status in ErrorCode.INVALID_SELECTOR\n            or status in ErrorCode.INVALID_XPATH_SELECTOR\n            or status in ErrorCode.INVALID_XPATH_SELECTOR_RETURN_TYPER\n        ):\n            exception_class = InvalidSelectorException\n        elif status in ErrorCode.ELEMENT_IS_NOT_SELECTABLE:\n            exception_class = ElementNotSelectableException\n        elif status in ErrorCode.ELEMENT_NOT_INTERACTABLE:\n            exception_class = ElementNotInteractableException\n        elif status in ErrorCode.INVALID_COOKIE_DOMAIN:\n            exception_class = InvalidCookieDomainException\n        elif status in ErrorCode.UNABLE_TO_SET_COOKIE:\n            exception_class = UnableToSetCookieException\n        elif status in ErrorCode.TIMEOUT:\n            exception_class = TimeoutException\n        elif status in ErrorCode.SCRIPT_TIMEOUT:\n            exception_class = TimeoutException\n        elif status in ErrorCode.UNKNOWN_ERROR:\n            exception_class = WebDriverException\n        elif status in ErrorCode.UNEXPECTED_ALERT_OPEN:\n            exception_class = UnexpectedAlertPresentException\n        elif status in ErrorCode.NO_ALERT_OPEN:\n            exception_class = NoAlertPresentException\n        elif status in ErrorCode.IME_NOT_AVAILABLE:\n            exception_class = ImeNotAvailableException\n        elif status in ErrorCode.IME_ENGINE_ACTIVATION_FAILED:\n            exception_class = ImeActivationFailedException\n        elif status in ErrorCode.MOVE_TARGET_OUT_OF_BOUNDS:\n            exception_class = MoveTargetOutOfBoundsException\n        elif status in ErrorCode.JAVASCRIPT_ERROR:\n            exception_class = JavascriptException\n        elif status in ErrorCode.SESSION_NOT_CREATED:\n            exception_class = SessionNotCreatedException\n        elif status in ErrorCode.INVALID_ARGUMENT:\n            exception_class = InvalidArgumentException\n        elif status in ErrorCode.NO_SUCH_COOKIE:\n            exception_class = NoSuchCookieException\n        elif status in ErrorCode.UNABLE_TO_CAPTURE_SCREEN:\n            exception_class = ScreenshotException\n        elif status in ErrorCode.ELEMENT_CLICK_INTERCEPTED:\n            exception_class = ElementClickInterceptedException\n        elif status in ErrorCode.INSECURE_CERTIFICATE:\n            exception_class = InsecureCertificateException\n        elif status in ErrorCode.INVALID_COORDINATES:\n            exception_class = InvalidCoordinatesException\n        elif status in ErrorCode.INVALID_SESSION_ID:\n            exception_class = InvalidSessionIdException\n        elif status in ErrorCode.UNKNOWN_METHOD:\n            exception_class = UnknownMethodException\n        else:\n            exception_class = WebDriverException\n        if not value:\n            value = response[\"value\"]\n        if isinstance(value, str):\n            raise exception_class(value)\n        if message == \"\" and \"message\" in value:\n            message = value[\"message\"]\n    \n        screen = None  # type: ignore[assignment]\n        if \"screen\" in value:\n            screen = value[\"screen\"]\n    \n        stacktrace = None\n        st_value = value.get(\"stackTrace\") or value.get(\"stacktrace\")\n        if st_value:\n            if isinstance(st_value, str):\n                stacktrace = st_value.split(\"\\n\")\n            else:\n                stacktrace = []\n                try:\n                    for frame in st_value:\n                        line = frame.get(\"lineNumber\", \"\")\n                        file = frame.get(\"fileName\", \"<anonymous>\")\n                        if line:\n                            file = f\"{file}:{line}\"\n                        meth = frame.get(\"methodName\", \"<anonymous>\")\n                        if \"className\" in frame:\n                            meth = f\"{frame['className']}.{meth}\"\n                        msg = \"    at %s (%s)\"\n                        msg = msg % (meth, file)\n                        stacktrace.append(msg)\n                except TypeError:\n                    pass\n        if exception_class == UnexpectedAlertPresentException:\n            alert_text = None\n            if \"data\" in value:\n                alert_text = value[\"data\"].get(\"text\")\n            elif \"alert\" in value:\n                alert_text = value[\"alert\"].get(\"text\")\n            raise exception_class(message, screen, stacktrace, alert_text)  # type: ignore[call-arg]  # mypy is not smart enough here\n>       raise exception_class(message, screen, stacktrace)\nE       selenium.common.exceptions.NoSuchElementException: Message: no such element: Unable to locate element: {\"method\":\"xpath\",\"selector\":\"(//a[@class='add-to-cart yellow-btn'])[1]\"}\nE         (Session info: chrome-headless-shell=121.0.6167.85); For documentation on this error, please visit: https://www.selenium.dev/documentation/webdriver/troubleshooting/errors#no-such-element-exception\nE       Stacktrace:\nE       #0 0x55a194c5dd93 <unknown>\nE       #1 0x55a194941337 <unknown>\nE       #2 0x55a19498cd60 <unknown>\nE       #3 0x55a19498ce51 <unknown>\nE       #4 0x55a1949d0bc4 <unknown>\nE       #5 0x55a1949af46d <unknown>\nE       #6 0x55a1949ce12d <unknown>\nE       #7 0x55a1949af1e3 <unknown>\nE       #8 0x55a19497f135 <unknown>\nE       #9 0x55a19498013e <unknown>\nE       #10 0x55a194c21e4b <unknown>\nE       #11 0x55a194c25dfa <unknown>\nE       #12 0x55a194c0e6d5 <unknown>\nE       #13 0x55a194c26a6f <unknown>\nE       #14 0x55a194bf269f <unknown>\nE       #15 0x55a194c4b098 <unknown>\nE       #16 0x55a194c4b262 <unknown>\nE       #17 0x55a194c5cf34 <unknown>\nE       #18 0x7fe63ffab134 <unknown>\n\n/usr/local/lib/python3.11/site-packages/selenium/webdriver/remote/errorhandler.py:245: NoSuchElementException","flaky":false,"newFailed":false,"newBroken":false,"newPassed":false,"retriesCount":0,"retriesStatusChange":false,"beforeStages":[{"name":"_session_faker","time":{"start":1707699674162,"stop":1707699674230,"duration":68},"status":"passed","steps":[],"attachments":[],"parameters":[],"shouldDisplayMessage":false,"stepsCount":0,"attachmentsCount":0,"hasContent":false,"attachmentStep":false},{"name":"clear_allure_results_folder","time":{"start":1707699674230,"stop":1707699674230,"duration":0},"status":"passed","steps":[],"attachments":[],"parameters":[],"shouldDisplayMessage":false,"stepsCount":0,"attachmentsCount":0,"hasContent":false,"attachmentStep":false},{"name":"driver","time":{"start":1707700099145,"stop":1707700099877,"duration":732},"status":"passed","steps":[],"attachments":[],"parameters":[],"shouldDisplayMessage":false,"stepsCount":0,"attachmentsCount":0,"hasContent":false,"attachmentStep":false},{"name":"setup","time":{"start":1707700099877,"stop":1707700099878,"duration":1},"status":"passed","steps":[],"attachments":[],"parameters":[],"shouldDisplayMessage":false,"stepsCount":0,"attachmentsCount":0,"hasContent":false,"attachmentStep":false}],"testStage":{"status":"broken","statusMessage":"selenium.common.exceptions.NoSuchElementException: Message: no such element: Unable to locate element: {\"method\":\"xpath\",\"selector\":\"(//a[@class='add-to-cart yellow-btn'])[1]\"}\n  (Session info: chrome-headless-shell=121.0.6167.85); For documentation on this error, please visit: https://www.selenium.dev/documentation/webdriver/troubleshooting/errors#no-such-element-exception\nStacktrace:\n#0 0x55a194c5dd93 <unknown>\n#1 0x55a194941337 <unknown>\n#2 0x55a19498cd60 <unknown>\n#3 0x55a19498ce51 <unknown>\n#4 0x55a1949d0bc4 <unknown>\n#5 0x55a1949af46d <unknown>\n#6 0x55a1949ce12d <unknown>\n#7 0x55a1949af1e3 <unknown>\n#8 0x55a19497f135 <unknown>\n#9 0x55a19498013e <unknown>\n#10 0x55a194c21e4b <unknown>\n#11 0x55a194c25dfa <unknown>\n#12 0x55a194c0e6d5 <unknown>\n#13 0x55a194c26a6f <unknown>\n#14 0x55a194bf269f <unknown>\n#15 0x55a194c4b098 <unknown>\n#16 0x55a194c4b262 <unknown>\n#17 0x55a194c5cf34 <unknown>\n#18 0x7fe63ffab134 <unknown>","statusTrace":"self = <tests.delivery.test_delivery_calculation.TestDeliveryPageCalculation object at 0x7f0fb3e62650>\ndriver = <selenium.webdriver.chrome.webdriver.WebDriver (session=\"462532f5c4c32a6bd7bedd36578d3ee8\")>\nurl = 'https://sandboxtest.stroyrem-nn.ru/', case_id = 'TD 015'\nlink_item = 'products/shtukaturka-tsementnaya-bergauf-bau-putts-tsement-25kg-56sht'\namount = 1, weight = 30, standard = 650, in_time = 2390, all_time = 3320\n\n    @pytest.mark.parametrize('case_id, link_item, amount, weight, standard, in_time, all_time', [\n        (\"TD 015\", bundeks_25, 1, 30, 650, 2390, 3320),\n        pytest.param(\n            \"TD 016\", aksolit_30, 8, 300, 650, 2390, 3320,\n            marks=pytest.mark.xfail(reson=\"Цена доставки: - - -\")\n        ),\n        (\"TD 017\", aksolit_30, 13, 400, 650, 2390, 3320),\n        (\"TD 018\", aksolit_30, 16, 500, 850, 2490, 3320),\n        (\"TD 019\", aksolit_30, 25, 1700, 1150, 2490, 3320),\n        (\"TD 020\", aksolit_30, 66, 2000, 1500, 2990, 3650),\n        (\"TD 021\", aksolit_30, 149, 4500, 2600, 4380, 4890),\n        (\"TD 022\", aksolit_30, 166, 5000, 2800, 5490, 5980),\n        pytest.param(\n            \"TD 023\", aksolit_30, 206, 6200, 3300, 7500, 8000,\n            marks=pytest.mark.xfail(reson=\"Цена доставки: 4300 9900 11440\")\n        ),\n        (\"TD 024\", aksolit_30, 299, 9000, 4300, 9900, 11440),\n        (\"TD 025\", aksolit_30, 333, 10000, 7000, 13900, 15900),\n        pytest.param(\n            \"TD 026\", aksolit_30, 366, 11000, 8000, 14900, 19900,\n            marks=pytest.mark.xfail(reson=\"Цена доставки: 7000 13900 15900\")\n        ),\n        pytest.param(\n            \"TD 027\", aksolit_30, 666, 20000, 14000, 16900, 23900,\n            marks=pytest.mark.xfail(reson=\"Цена доставки: 7000 13900 15900\")\n        )\n    ])\n    @pytest.mark.smoke\n    def test_positive_delivery_blue_zone_smoke(\n            self, driver, url, case_id, link_item, amount, weight, standard, in_time, all_time\n    ):\n        allure.dynamic.title(f\"{case_id} Доставка товара весом до {weight}кг. в синей зоне\")\n    \n        driver.get(f'{url}{link_item}')\n        item_page = ItemPage(driver)\n>       item_page.add_item_to_cart(amount).click_on_cart()\n\ntests/delivery/test_delivery_calculation.py:130: \n_ _ _ _ _ _ _ _ _ _ _ _ _ _ _ _ _ _ _ _ _ _ _ _ _ _ _ _ _ _ _ _ _ _ _ _ _ _ _ _ \npages/item_page.py:40: in add_item_to_cart\n    self.find_element(self._add_item).click()\nbase/seleniumbase.py:17: in find_element\n    return self.driver.find_element(*locator)\n/usr/local/lib/python3.11/site-packages/selenium/webdriver/remote/webdriver.py:740: in find_element\n    return self.execute(Command.FIND_ELEMENT, {\"using\": by, \"value\": value})[\"value\"]\n/usr/local/lib/python3.11/site-packages/selenium/webdriver/remote/webdriver.py:346: in execute\n    self.error_handler.check_response(response)\n_ _ _ _ _ _ _ _ _ _ _ _ _ _ _ _ _ _ _ _ _ _ _ _ _ _ _ _ _ _ _ _ _ _ _ _ _ _ _ _ \n\nself = <selenium.webdriver.remote.errorhandler.ErrorHandler object at 0x7f0fb2cc1150>\nresponse = {'status': 404, 'value': '{\"value\":{\"error\":\"no such element\",\"message\":\"no such element: Unable to locate element: {\\...\\\\n#16 0x55a194c4b262 \\\\u003Cunknown>\\\\n#17 0x55a194c5cf34 \\\\u003Cunknown>\\\\n#18 0x7fe63ffab134 \\\\u003Cunknown>\\\\n\"}}'}\n\n    def check_response(self, response: Dict[str, Any]) -> None:\n        \"\"\"Checks that a JSON response from the WebDriver does not have an\n        error.\n    \n        :Args:\n         - response - The JSON response from the WebDriver server as a dictionary\n           object.\n    \n        :Raises: If the response contains an error message.\n        \"\"\"\n        status = response.get(\"status\", None)\n        if not status or status == ErrorCode.SUCCESS:\n            return\n        value = None\n        message = response.get(\"message\", \"\")\n        screen: str = response.get(\"screen\", \"\")\n        stacktrace = None\n        if isinstance(status, int):\n            value_json = response.get(\"value\", None)\n            if value_json and isinstance(value_json, str):\n                import json\n    \n                try:\n                    value = json.loads(value_json)\n                    if len(value) == 1:\n                        value = value[\"value\"]\n                    status = value.get(\"error\", None)\n                    if not status:\n                        status = value.get(\"status\", ErrorCode.UNKNOWN_ERROR)\n                        message = value.get(\"value\") or value.get(\"message\")\n                        if not isinstance(message, str):\n                            value = message\n                            message = message.get(\"message\")\n                    else:\n                        message = value.get(\"message\", None)\n                except ValueError:\n                    pass\n    \n        exception_class: Type[WebDriverException]\n        if status in ErrorCode.NO_SUCH_ELEMENT:\n            exception_class = NoSuchElementException\n        elif status in ErrorCode.NO_SUCH_FRAME:\n            exception_class = NoSuchFrameException\n        elif status in ErrorCode.NO_SUCH_SHADOW_ROOT:\n            exception_class = NoSuchShadowRootException\n        elif status in ErrorCode.NO_SUCH_WINDOW:\n            exception_class = NoSuchWindowException\n        elif status in ErrorCode.STALE_ELEMENT_REFERENCE:\n            exception_class = StaleElementReferenceException\n        elif status in ErrorCode.ELEMENT_NOT_VISIBLE:\n            exception_class = ElementNotVisibleException\n        elif status in ErrorCode.INVALID_ELEMENT_STATE:\n            exception_class = InvalidElementStateException\n        elif (\n            status in ErrorCode.INVALID_SELECTOR\n            or status in ErrorCode.INVALID_XPATH_SELECTOR\n            or status in ErrorCode.INVALID_XPATH_SELECTOR_RETURN_TYPER\n        ):\n            exception_class = InvalidSelectorException\n        elif status in ErrorCode.ELEMENT_IS_NOT_SELECTABLE:\n            exception_class = ElementNotSelectableException\n        elif status in ErrorCode.ELEMENT_NOT_INTERACTABLE:\n            exception_class = ElementNotInteractableException\n        elif status in ErrorCode.INVALID_COOKIE_DOMAIN:\n            exception_class = InvalidCookieDomainException\n        elif status in ErrorCode.UNABLE_TO_SET_COOKIE:\n            exception_class = UnableToSetCookieException\n        elif status in ErrorCode.TIMEOUT:\n            exception_class = TimeoutException\n        elif status in ErrorCode.SCRIPT_TIMEOUT:\n            exception_class = TimeoutException\n        elif status in ErrorCode.UNKNOWN_ERROR:\n            exception_class = WebDriverException\n        elif status in ErrorCode.UNEXPECTED_ALERT_OPEN:\n            exception_class = UnexpectedAlertPresentException\n        elif status in ErrorCode.NO_ALERT_OPEN:\n            exception_class = NoAlertPresentException\n        elif status in ErrorCode.IME_NOT_AVAILABLE:\n            exception_class = ImeNotAvailableException\n        elif status in ErrorCode.IME_ENGINE_ACTIVATION_FAILED:\n            exception_class = ImeActivationFailedException\n        elif status in ErrorCode.MOVE_TARGET_OUT_OF_BOUNDS:\n            exception_class = MoveTargetOutOfBoundsException\n        elif status in ErrorCode.JAVASCRIPT_ERROR:\n            exception_class = JavascriptException\n        elif status in ErrorCode.SESSION_NOT_CREATED:\n            exception_class = SessionNotCreatedException\n        elif status in ErrorCode.INVALID_ARGUMENT:\n            exception_class = InvalidArgumentException\n        elif status in ErrorCode.NO_SUCH_COOKIE:\n            exception_class = NoSuchCookieException\n        elif status in ErrorCode.UNABLE_TO_CAPTURE_SCREEN:\n            exception_class = ScreenshotException\n        elif status in ErrorCode.ELEMENT_CLICK_INTERCEPTED:\n            exception_class = ElementClickInterceptedException\n        elif status in ErrorCode.INSECURE_CERTIFICATE:\n            exception_class = InsecureCertificateException\n        elif status in ErrorCode.INVALID_COORDINATES:\n            exception_class = InvalidCoordinatesException\n        elif status in ErrorCode.INVALID_SESSION_ID:\n            exception_class = InvalidSessionIdException\n        elif status in ErrorCode.UNKNOWN_METHOD:\n            exception_class = UnknownMethodException\n        else:\n            exception_class = WebDriverException\n        if not value:\n            value = response[\"value\"]\n        if isinstance(value, str):\n            raise exception_class(value)\n        if message == \"\" and \"message\" in value:\n            message = value[\"message\"]\n    \n        screen = None  # type: ignore[assignment]\n        if \"screen\" in value:\n            screen = value[\"screen\"]\n    \n        stacktrace = None\n        st_value = value.get(\"stackTrace\") or value.get(\"stacktrace\")\n        if st_value:\n            if isinstance(st_value, str):\n                stacktrace = st_value.split(\"\\n\")\n            else:\n                stacktrace = []\n                try:\n                    for frame in st_value:\n                        line = frame.get(\"lineNumber\", \"\")\n                        file = frame.get(\"fileName\", \"<anonymous>\")\n                        if line:\n                            file = f\"{file}:{line}\"\n                        meth = frame.get(\"methodName\", \"<anonymous>\")\n                        if \"className\" in frame:\n                            meth = f\"{frame['className']}.{meth}\"\n                        msg = \"    at %s (%s)\"\n                        msg = msg % (meth, file)\n                        stacktrace.append(msg)\n                except TypeError:\n                    pass\n        if exception_class == UnexpectedAlertPresentException:\n            alert_text = None\n            if \"data\" in value:\n                alert_text = value[\"data\"].get(\"text\")\n            elif \"alert\" in value:\n                alert_text = value[\"alert\"].get(\"text\")\n            raise exception_class(message, screen, stacktrace, alert_text)  # type: ignore[call-arg]  # mypy is not smart enough here\n>       raise exception_class(message, screen, stacktrace)\nE       selenium.common.exceptions.NoSuchElementException: Message: no such element: Unable to locate element: {\"method\":\"xpath\",\"selector\":\"(//a[@class='add-to-cart yellow-btn'])[1]\"}\nE         (Session info: chrome-headless-shell=121.0.6167.85); For documentation on this error, please visit: https://www.selenium.dev/documentation/webdriver/troubleshooting/errors#no-such-element-exception\nE       Stacktrace:\nE       #0 0x55a194c5dd93 <unknown>\nE       #1 0x55a194941337 <unknown>\nE       #2 0x55a19498cd60 <unknown>\nE       #3 0x55a19498ce51 <unknown>\nE       #4 0x55a1949d0bc4 <unknown>\nE       #5 0x55a1949af46d <unknown>\nE       #6 0x55a1949ce12d <unknown>\nE       #7 0x55a1949af1e3 <unknown>\nE       #8 0x55a19497f135 <unknown>\nE       #9 0x55a19498013e <unknown>\nE       #10 0x55a194c21e4b <unknown>\nE       #11 0x55a194c25dfa <unknown>\nE       #12 0x55a194c0e6d5 <unknown>\nE       #13 0x55a194c26a6f <unknown>\nE       #14 0x55a194bf269f <unknown>\nE       #15 0x55a194c4b098 <unknown>\nE       #16 0x55a194c4b262 <unknown>\nE       #17 0x55a194c5cf34 <unknown>\nE       #18 0x7fe63ffab134 <unknown>\n\n/usr/local/lib/python3.11/site-packages/selenium/webdriver/remote/errorhandler.py:245: NoSuchElementException","steps":[{"name":"Добавляем товар в корзину в количестве 1","time":{"start":1707700100158,"stop":1707700100170,"duration":12},"status":"broken","statusMessage":"selenium.common.exceptions.NoSuchElementException: Message: no such element: Unable to locate element: {\"method\":\"xpath\",\"selector\":\"(//a[@class='add-to-cart yellow-btn'])[1]\"}\n  (Session info: chrome-headless-shell=121.0.6167.85); For documentation on this error, please visit: https://www.selenium.dev/documentation/webdriver/troubleshooting/errors#no-such-element-exception\nStacktrace:\n#0 0x55a194c5dd93 <unknown>\n#1 0x55a194941337 <unknown>\n#2 0x55a19498cd60 <unknown>\n#3 0x55a19498ce51 <unknown>\n#4 0x55a1949d0bc4 <unknown>\n#5 0x55a1949af46d <unknown>\n#6 0x55a1949ce12d <unknown>\n#7 0x55a1949af1e3 <unknown>\n#8 0x55a19497f135 <unknown>\n#9 0x55a19498013e <unknown>\n#10 0x55a194c21e4b <unknown>\n#11 0x55a194c25dfa <unknown>\n#12 0x55a194c0e6d5 <unknown>\n#13 0x55a194c26a6f <unknown>\n#14 0x55a194bf269f <unknown>\n#15 0x55a194c4b098 <unknown>\n#16 0x55a194c4b262 <unknown>\n#17 0x55a194c5cf34 <unknown>\n#18 0x7fe63ffab134 <unknown>\n\n","statusTrace":"  File \"/usr/local/lib/python3.11/site-packages/allure_commons/_allure.py\", line 192, in impl\n    return func(*a, **kw)\n           ^^^^^^^^^^^^^^\n  File \"/app/pages/item_page.py\", line 40, in add_item_to_cart\n    self.find_element(self._add_item).click()\n    ^^^^^^^^^^^^^^^^^^^^^^^^^^^^^^^^^\n  File \"/app/base/seleniumbase.py\", line 17, in find_element\n    return self.driver.find_element(*locator)\n           ^^^^^^^^^^^^^^^^^^^^^^^^^^^^^^^^^^\n  File \"/usr/local/lib/python3.11/site-packages/selenium/webdriver/remote/webdriver.py\", line 740, in find_element\n    return self.execute(Command.FIND_ELEMENT, {\"using\": by, \"value\": value})[\"value\"]\n           ^^^^^^^^^^^^^^^^^^^^^^^^^^^^^^^^^^^^^^^^^^^^^^^^^^^^^^^^^^^^^^^^^\n  File \"/usr/local/lib/python3.11/site-packages/selenium/webdriver/remote/webdriver.py\", line 346, in execute\n    self.error_handler.check_response(response)\n  File \"/usr/local/lib/python3.11/site-packages/selenium/webdriver/remote/errorhandler.py\", line 245, in check_response\n    raise exception_class(message, screen, stacktrace)\n","steps":[],"attachments":[],"parameters":[{"name":"amount","value":"1"}],"shouldDisplayMessage":true,"stepsCount":0,"attachmentsCount":0,"hasContent":true,"attachmentStep":false}],"attachments":[{"uid":"ba3da42c0a37c994","name":"Screenshot","source":"ba3da42c0a37c994.png","type":"image/png","size":5862},{"uid":"9b382b8f9dec3e29","name":"HTML source","source":"9b382b8f9dec3e29.html","type":"text/html","size":39}],"parameters":[],"shouldDisplayMessage":true,"stepsCount":1,"attachmentsCount":2,"hasContent":true,"attachmentStep":false},"afterStages":[{"name":"setup::0","time":{"start":1707700100270,"stop":1707700100270,"duration":0},"status":"passed","steps":[],"attachments":[],"parameters":[],"shouldDisplayMessage":false,"stepsCount":0,"attachmentsCount":0,"hasContent":false,"attachmentStep":false},{"name":"driver::0","time":{"start":1707700100270,"stop":1707700100327,"duration":57},"status":"passed","steps":[],"attachments":[],"parameters":[],"shouldDisplayMessage":false,"stepsCount":0,"attachmentsCount":0,"hasContent":false,"attachmentStep":false}],"labels":[{"name":"epic","value":"Delivery Page - calculation"},{"name":"tag","value":"smoke"},{"name":"parentSuite","value":"tests.delivery"},{"name":"suite","value":"test_delivery_calculation"},{"name":"subSuite","value":"TestDeliveryPageCalculation"},{"name":"host","value":"b726774bd3df"},{"name":"thread","value":"1-MainThread"},{"name":"framework","value":"pytest"},{"name":"language","value":"cpython3"},{"name":"package","value":"tests.delivery.test_delivery_calculation"},{"name":"resultFormat","value":"allure2"}],"parameters":[{"name":"all_time","value":"3320"},{"name":"amount","value":"1"},{"name":"case_id","value":"'TD 015'"},{"name":"in_time","value":"2390"},{"name":"link_item","value":"'products/shtukaturka-tsementnaya-bergauf-bau-putts-tsement-25kg-56sht'"},{"name":"standard","value":"650"},{"name":"url","value":"'https://sandboxtest.stroyrem-nn.ru/'"},{"name":"weight","value":"30"}],"links":[],"hidden":false,"retry":false,"extra":{"severity":"normal","retries":[],"categories":[{"name":"Test defects","matchedStatuses":[],"flaky":false}],"history":{"statistic":{"failed":0,"broken":166,"skipped":0,"passed":0,"unknown":0,"total":166},"items":[{"uid":"8804edf736ead0bc","reportUrl":"https://zaelcovsky.github.io/StroyremAutomation/229//#testresult/8804edf736ead0bc","status":"broken","statusDetails":"selenium.common.exceptions.NoSuchElementException: Message: no such element: Unable to locate element: {\"method\":\"xpath\",\"selector\":\"(//a[@class='add-to-cart yellow-btn'])[1]\"}\n  (Session info: chrome-headless-shell=121.0.6167.85); For documentation on this error, please visit: https://www.selenium.dev/documentation/webdriver/troubleshooting/errors#no-such-element-exception\nStacktrace:\n#0 0x557e00f5ed93 <unknown>\n#1 0x557e00c42337 <unknown>\n#2 0x557e00c8dd60 <unknown>\n#3 0x557e00c8de51 <unknown>\n#4 0x557e00cd1bc4 <unknown>\n#5 0x557e00cb046d <unknown>\n#6 0x557e00ccf12d <unknown>\n#7 0x557e00cb01e3 <unknown>\n#8 0x557e00c80135 <unknown>\n#9 0x557e00c8113e <unknown>\n#10 0x557e00f22e4b <unknown>\n#11 0x557e00f26dfa <unknown>\n#12 0x557e00f0f6d5 <unknown>\n#13 0x557e00f27a6f <unknown>\n#14 0x557e00ef369f <unknown>\n#15 0x557e00f4c098 <unknown>\n#16 0x557e00f4c262 <unknown>\n#17 0x557e00f5df34 <unknown>\n#18 0x7f432e592134 <unknown>","time":{"start":1707613925077,"stop":1707613925393,"duration":316}},{"uid":"46e18fe75617a1e5","reportUrl":"https://zaelcovsky.github.io/StroyremAutomation/228//#testresult/46e18fe75617a1e5","status":"broken","statusDetails":"selenium.common.exceptions.NoSuchElementException: Message: no such element: Unable to locate element: {\"method\":\"xpath\",\"selector\":\"(//a[@class='add-to-cart yellow-btn'])[1]\"}\n  (Session info: chrome-headless-shell=121.0.6167.85); For documentation on this error, please visit: https://www.selenium.dev/documentation/webdriver/troubleshooting/errors#no-such-element-exception\nStacktrace:\n#0 0x55f1616d3d93 <unknown>\n#1 0x55f1613b7337 <unknown>\n#2 0x55f161402d60 <unknown>\n#3 0x55f161402e51 <unknown>\n#4 0x55f161446bc4 <unknown>\n#5 0x55f16142546d <unknown>\n#6 0x55f16144412d <unknown>\n#7 0x55f1614251e3 <unknown>\n#8 0x55f1613f5135 <unknown>\n#9 0x55f1613f613e <unknown>\n#10 0x55f161697e4b <unknown>\n#11 0x55f16169bdfa <unknown>\n#12 0x55f1616846d5 <unknown>\n#13 0x55f16169ca6f <unknown>\n#14 0x55f16166869f <unknown>\n#15 0x55f1616c1098 <unknown>\n#16 0x55f1616c1262 <unknown>\n#17 0x55f1616d2f34 <unknown>\n#18 0x7ff8ee602134 <unknown>","time":{"start":1707527134540,"stop":1707527134948,"duration":408}},{"uid":"5d5f90d81b64f881","reportUrl":"https://zaelcovsky.github.io/StroyremAutomation/227//#testresult/5d5f90d81b64f881","status":"broken","statusDetails":"selenium.common.exceptions.NoSuchElementException: Message: no such element: Unable to locate element: {\"method\":\"xpath\",\"selector\":\"(//a[@class='add-to-cart yellow-btn'])[1]\"}\n  (Session info: chrome-headless-shell=121.0.6167.85); For documentation on this error, please visit: https://www.selenium.dev/documentation/webdriver/troubleshooting/errors#no-such-element-exception\nStacktrace:\n#0 0x55fbf06fcd93 <unknown>\n#1 0x55fbf03e0337 <unknown>\n#2 0x55fbf042bd60 <unknown>\n#3 0x55fbf042be51 <unknown>\n#4 0x55fbf046fbc4 <unknown>\n#5 0x55fbf044e46d <unknown>\n#6 0x55fbf046d12d <unknown>\n#7 0x55fbf044e1e3 <unknown>\n#8 0x55fbf041e135 <unknown>\n#9 0x55fbf041f13e <unknown>\n#10 0x55fbf06c0e4b <unknown>\n#11 0x55fbf06c4dfa <unknown>\n#12 0x55fbf06ad6d5 <unknown>\n#13 0x55fbf06c5a6f <unknown>\n#14 0x55fbf069169f <unknown>\n#15 0x55fbf06ea098 <unknown>\n#16 0x55fbf06ea262 <unknown>\n#17 0x55fbf06fbf34 <unknown>\n#18 0x7f2fbb21b134 <unknown>","time":{"start":1707440824158,"stop":1707440824588,"duration":430}},{"uid":"208e6d0808f1c43","reportUrl":"https://zaelcovsky.github.io/StroyremAutomation/226//#testresult/208e6d0808f1c43","status":"broken","statusDetails":"selenium.common.exceptions.NoSuchElementException: Message: no such element: Unable to locate element: {\"method\":\"xpath\",\"selector\":\"(//a[@class='add-to-cart yellow-btn'])[1]\"}\n  (Session info: chrome-headless-shell=121.0.6167.85); For documentation on this error, please visit: https://www.selenium.dev/documentation/webdriver/troubleshooting/errors#no-such-element-exception\nStacktrace:\n#0 0x559435cafd93 <unknown>\n#1 0x559435993337 <unknown>\n#2 0x5594359ded60 <unknown>\n#3 0x5594359dee51 <unknown>\n#4 0x559435a22bc4 <unknown>\n#5 0x559435a0146d <unknown>\n#6 0x559435a2012d <unknown>\n#7 0x559435a011e3 <unknown>\n#8 0x5594359d1135 <unknown>\n#9 0x5594359d213e <unknown>\n#10 0x559435c73e4b <unknown>\n#11 0x559435c77dfa <unknown>\n#12 0x559435c606d5 <unknown>\n#13 0x559435c78a6f <unknown>\n#14 0x559435c4469f <unknown>\n#15 0x559435c9d098 <unknown>\n#16 0x559435c9d262 <unknown>\n#17 0x559435caef34 <unknown>\n#18 0x7fa26ce1c134 <unknown>","time":{"start":1707354412094,"stop":1707354412524,"duration":430}},{"uid":"d8e2e9ab06e7f79a","reportUrl":"https://zaelcovsky.github.io/StroyremAutomation/225//#testresult/d8e2e9ab06e7f79a","status":"broken","statusDetails":"selenium.common.exceptions.NoSuchElementException: Message: no such element: Unable to locate element: {\"method\":\"xpath\",\"selector\":\"(//a[@class='add-to-cart yellow-btn'])[1]\"}\n  (Session info: chrome-headless-shell=121.0.6167.85); For documentation on this error, please visit: https://www.selenium.dev/documentation/webdriver/troubleshooting/errors#no-such-element-exception\nStacktrace:\n#0 0x5628a9731d93 <unknown>\n#1 0x5628a9415337 <unknown>\n#2 0x5628a9460d60 <unknown>\n#3 0x5628a9460e51 <unknown>\n#4 0x5628a94a4bc4 <unknown>\n#5 0x5628a948346d <unknown>\n#6 0x5628a94a212d <unknown>\n#7 0x5628a94831e3 <unknown>\n#8 0x5628a9453135 <unknown>\n#9 0x5628a945413e <unknown>\n#10 0x5628a96f5e4b <unknown>\n#11 0x5628a96f9dfa <unknown>\n#12 0x5628a96e26d5 <unknown>\n#13 0x5628a96faa6f <unknown>\n#14 0x5628a96c669f <unknown>\n#15 0x5628a971f098 <unknown>\n#16 0x5628a971f262 <unknown>\n#17 0x5628a9730f34 <unknown>\n#18 0x7fc81f4e2134 <unknown>","time":{"start":1707267958446,"stop":1707267958756,"duration":310}},{"uid":"b3565090705471de","reportUrl":"https://zaelcovsky.github.io/StroyremAutomation/224//#testresult/b3565090705471de","status":"broken","statusDetails":"selenium.common.exceptions.NoSuchElementException: Message: no such element: Unable to locate element: {\"method\":\"xpath\",\"selector\":\"(//a[@class='add-to-cart yellow-btn'])[1]\"}\n  (Session info: chrome-headless-shell=121.0.6167.85); For documentation on this error, please visit: https://www.selenium.dev/documentation/webdriver/troubleshooting/errors#no-such-element-exception\nStacktrace:\n#0 0x55a8649d2d93 <unknown>\n#1 0x55a8646b6337 <unknown>\n#2 0x55a864701d60 <unknown>\n#3 0x55a864701e51 <unknown>\n#4 0x55a864745bc4 <unknown>\n#5 0x55a86472446d <unknown>\n#6 0x55a86474312d <unknown>\n#7 0x55a8647241e3 <unknown>\n#8 0x55a8646f4135 <unknown>\n#9 0x55a8646f513e <unknown>\n#10 0x55a864996e4b <unknown>\n#11 0x55a86499adfa <unknown>\n#12 0x55a8649836d5 <unknown>\n#13 0x55a86499ba6f <unknown>\n#14 0x55a86496769f <unknown>\n#15 0x55a8649c0098 <unknown>\n#16 0x55a8649c0262 <unknown>\n#17 0x55a8649d1f34 <unknown>\n#18 0x7fc430df0134 <unknown>","time":{"start":1707181661512,"stop":1707181661916,"duration":404}},{"uid":"fdedbef7e138337","reportUrl":"https://zaelcovsky.github.io/StroyremAutomation/223//#testresult/fdedbef7e138337","status":"broken","statusDetails":"selenium.common.exceptions.NoSuchElementException: Message: no such element: Unable to locate element: {\"method\":\"xpath\",\"selector\":\"(//a[@class='add-to-cart yellow-btn'])[1]\"}\n  (Session info: chrome-headless-shell=121.0.6167.85); For documentation on this error, please visit: https://www.selenium.dev/documentation/webdriver/troubleshooting/errors#no-such-element-exception\nStacktrace:\n#0 0x559c7202cd93 <unknown>\n#1 0x559c71d10337 <unknown>\n#2 0x559c71d5bd60 <unknown>\n#3 0x559c71d5be51 <unknown>\n#4 0x559c71d9fbc4 <unknown>\n#5 0x559c71d7e46d <unknown>\n#6 0x559c71d9d12d <unknown>\n#7 0x559c71d7e1e3 <unknown>\n#8 0x559c71d4e135 <unknown>\n#9 0x559c71d4f13e <unknown>\n#10 0x559c71ff0e4b <unknown>\n#11 0x559c71ff4dfa <unknown>\n#12 0x559c71fdd6d5 <unknown>\n#13 0x559c71ff5a6f <unknown>\n#14 0x559c71fc169f <unknown>\n#15 0x559c7201a098 <unknown>\n#16 0x559c7201a262 <unknown>\n#17 0x559c7202bf34 <unknown>\n#18 0x7fbddc2bb134 <unknown>","time":{"start":1707095388520,"stop":1707095388813,"duration":293}},{"uid":"b03969dbabb98237","reportUrl":"https://zaelcovsky.github.io/StroyremAutomation/222//#testresult/b03969dbabb98237","status":"broken","statusDetails":"selenium.common.exceptions.NoSuchElementException: Message: no such element: Unable to locate element: {\"method\":\"xpath\",\"selector\":\"(//a[@class='add-to-cart yellow-btn'])[1]\"}\n  (Session info: chrome-headless-shell=121.0.6167.85); For documentation on this error, please visit: https://www.selenium.dev/documentation/webdriver/troubleshooting/errors#no-such-element-exception\nStacktrace:\n#0 0x55af5b374d93 <unknown>\n#1 0x55af5b058337 <unknown>\n#2 0x55af5b0a3d60 <unknown>\n#3 0x55af5b0a3e51 <unknown>\n#4 0x55af5b0e7bc4 <unknown>\n#5 0x55af5b0c646d <unknown>\n#6 0x55af5b0e512d <unknown>\n#7 0x55af5b0c61e3 <unknown>\n#8 0x55af5b096135 <unknown>\n#9 0x55af5b09713e <unknown>\n#10 0x55af5b338e4b <unknown>\n#11 0x55af5b33cdfa <unknown>\n#12 0x55af5b3256d5 <unknown>\n#13 0x55af5b33da6f <unknown>\n#14 0x55af5b30969f <unknown>\n#15 0x55af5b362098 <unknown>\n#16 0x55af5b362262 <unknown>\n#17 0x55af5b373f34 <unknown>\n#18 0x7f260daeb134 <unknown>","time":{"start":1707009141076,"stop":1707009141391,"duration":315}},{"uid":"4e267103a197b23d","reportUrl":"https://zaelcovsky.github.io/StroyremAutomation/221//#testresult/4e267103a197b23d","status":"broken","statusDetails":"selenium.common.exceptions.NoSuchElementException: Message: no such element: Unable to locate element: {\"method\":\"xpath\",\"selector\":\"(//a[@class='add-to-cart yellow-btn'])[1]\"}\n  (Session info: chrome-headless-shell=121.0.6167.85); For documentation on this error, please visit: https://www.selenium.dev/documentation/webdriver/troubleshooting/errors#no-such-element-exception\nStacktrace:\n#0 0x55b83e55ad93 <unknown>\n#1 0x55b83e23e337 <unknown>\n#2 0x55b83e289d60 <unknown>\n#3 0x55b83e289e51 <unknown>\n#4 0x55b83e2cdbc4 <unknown>\n#5 0x55b83e2ac46d <unknown>\n#6 0x55b83e2cb12d <unknown>\n#7 0x55b83e2ac1e3 <unknown>\n#8 0x55b83e27c135 <unknown>\n#9 0x55b83e27d13e <unknown>\n#10 0x55b83e51ee4b <unknown>\n#11 0x55b83e522dfa <unknown>\n#12 0x55b83e50b6d5 <unknown>\n#13 0x55b83e523a6f <unknown>\n#14 0x55b83e4ef69f <unknown>\n#15 0x55b83e548098 <unknown>\n#16 0x55b83e548262 <unknown>\n#17 0x55b83e559f34 <unknown>\n#18 0x7f3c8640a134 <unknown>","time":{"start":1706922422749,"stop":1706922423213,"duration":464}},{"uid":"2c550e8ca6e0260f","reportUrl":"https://zaelcovsky.github.io/StroyremAutomation/220//#testresult/2c550e8ca6e0260f","status":"broken","statusDetails":"selenium.common.exceptions.NoSuchElementException: Message: no such element: Unable to locate element: {\"method\":\"xpath\",\"selector\":\"(//a[@class='add-to-cart yellow-btn'])[1]\"}\n  (Session info: chrome-headless-shell=121.0.6167.85); For documentation on this error, please visit: https://www.selenium.dev/documentation/webdriver/troubleshooting/errors#no-such-element-exception\nStacktrace:\n#0 0x55e6c8bf7d93 <unknown>\n#1 0x55e6c88db337 <unknown>\n#2 0x55e6c8926d60 <unknown>\n#3 0x55e6c8926e51 <unknown>\n#4 0x55e6c896abc4 <unknown>\n#5 0x55e6c894946d <unknown>\n#6 0x55e6c896812d <unknown>\n#7 0x55e6c89491e3 <unknown>\n#8 0x55e6c8919135 <unknown>\n#9 0x55e6c891a13e <unknown>\n#10 0x55e6c8bbbe4b <unknown>\n#11 0x55e6c8bbfdfa <unknown>\n#12 0x55e6c8ba86d5 <unknown>\n#13 0x55e6c8bc0a6f <unknown>\n#14 0x55e6c8b8c69f <unknown>\n#15 0x55e6c8be5098 <unknown>\n#16 0x55e6c8be5262 <unknown>\n#17 0x55e6c8bf6f34 <unknown>\n#18 0x7f4277a7f134 <unknown>","time":{"start":1706836090478,"stop":1706836090784,"duration":306}},{"uid":"7e3435dbee048984","reportUrl":"https://zaelcovsky.github.io/StroyremAutomation/219//#testresult/7e3435dbee048984","status":"broken","statusDetails":"selenium.common.exceptions.NoSuchElementException: Message: no such element: Unable to locate element: {\"method\":\"xpath\",\"selector\":\"(//a[@class='add-to-cart yellow-btn'])[1]\"}\n  (Session info: chrome-headless-shell=121.0.6167.85); For documentation on this error, please visit: https://www.selenium.dev/documentation/webdriver/troubleshooting/errors#no-such-element-exception\nStacktrace:\n#0 0x55e871912d93 <unknown>\n#1 0x55e8715f6337 <unknown>\n#2 0x55e871641d60 <unknown>\n#3 0x55e871641e51 <unknown>\n#4 0x55e871685bc4 <unknown>\n#5 0x55e87166446d <unknown>\n#6 0x55e87168312d <unknown>\n#7 0x55e8716641e3 <unknown>\n#8 0x55e871634135 <unknown>\n#9 0x55e87163513e <unknown>\n#10 0x55e8718d6e4b <unknown>\n#11 0x55e8718dadfa <unknown>\n#12 0x55e8718c36d5 <unknown>\n#13 0x55e8718dba6f <unknown>\n#14 0x55e8718a769f <unknown>\n#15 0x55e871900098 <unknown>\n#16 0x55e871900262 <unknown>\n#17 0x55e871911f34 <unknown>\n#18 0x7ff60c346044 <unknown>","time":{"start":1706749985560,"stop":1706749986204,"duration":644}},{"uid":"c5300add21ce9af","reportUrl":"https://zaelcovsky.github.io/StroyremAutomation/218//#testresult/c5300add21ce9af","status":"broken","statusDetails":"selenium.common.exceptions.NoSuchElementException: Message: no such element: Unable to locate element: {\"method\":\"xpath\",\"selector\":\"(//a[@class='add-to-cart yellow-btn'])[1]\"}\n  (Session info: chrome-headless-shell=121.0.6167.85); For documentation on this error, please visit: https://www.selenium.dev/documentation/webdriver/troubleshooting/errors#no-such-element-exception\nStacktrace:\n#0 0x5589f487cd93 <unknown>\n#1 0x5589f4560337 <unknown>\n#2 0x5589f45abd60 <unknown>\n#3 0x5589f45abe51 <unknown>\n#4 0x5589f45efbc4 <unknown>\n#5 0x5589f45ce46d <unknown>\n#6 0x5589f45ed12d <unknown>\n#7 0x5589f45ce1e3 <unknown>\n#8 0x5589f459e135 <unknown>\n#9 0x5589f459f13e <unknown>\n#10 0x5589f4840e4b <unknown>\n#11 0x5589f4844dfa <unknown>\n#12 0x5589f482d6d5 <unknown>\n#13 0x5589f4845a6f <unknown>\n#14 0x5589f481169f <unknown>\n#15 0x5589f486a098 <unknown>\n#16 0x5589f486a262 <unknown>\n#17 0x5589f487bf34 <unknown>\n#18 0x7f4bf7233044 <unknown>","time":{"start":1706663302133,"stop":1706663302823,"duration":690}},{"uid":"5bc8d4d119cdfde8","reportUrl":"https://zaelcovsky.github.io/StroyremAutomation/217//#testresult/5bc8d4d119cdfde8","status":"broken","statusDetails":"selenium.common.exceptions.NoSuchElementException: Message: no such element: Unable to locate element: {\"method\":\"xpath\",\"selector\":\"(//a[@class='add-to-cart yellow-btn'])[1]\"}\n  (Session info: chrome-headless-shell=121.0.6167.85); For documentation on this error, please visit: https://www.selenium.dev/documentation/webdriver/troubleshooting/errors#no-such-element-exception\nStacktrace:\n#0 0x557e9ca87d93 <unknown>\n#1 0x557e9c76b337 <unknown>\n#2 0x557e9c7b6d60 <unknown>\n#3 0x557e9c7b6e51 <unknown>\n#4 0x557e9c7fabc4 <unknown>\n#5 0x557e9c7d946d <unknown>\n#6 0x557e9c7f812d <unknown>\n#7 0x557e9c7d91e3 <unknown>\n#8 0x557e9c7a9135 <unknown>\n#9 0x557e9c7aa13e <unknown>\n#10 0x557e9ca4be4b <unknown>\n#11 0x557e9ca4fdfa <unknown>\n#12 0x557e9ca386d5 <unknown>\n#13 0x557e9ca50a6f <unknown>\n#14 0x557e9ca1c69f <unknown>\n#15 0x557e9ca75098 <unknown>\n#16 0x557e9ca75262 <unknown>\n#17 0x557e9ca86f34 <unknown>\n#18 0x7f652059b044 <unknown>","time":{"start":1706576860554,"stop":1706576860968,"duration":414}},{"uid":"39f95714bcb89b2d","reportUrl":"https://zaelcovsky.github.io/StroyremAutomation/216//#testresult/39f95714bcb89b2d","status":"broken","statusDetails":"selenium.common.exceptions.NoSuchElementException: Message: no such element: Unable to locate element: {\"method\":\"xpath\",\"selector\":\"(//a[@class='add-to-cart yellow-btn'])[1]\"}\n  (Session info: chrome-headless-shell=121.0.6167.85); For documentation on this error, please visit: https://www.selenium.dev/documentation/webdriver/troubleshooting/errors#no-such-element-exception\nStacktrace:\n#0 0x561cdc2e8d93 <unknown>\n#1 0x561cdbfcc337 <unknown>\n#2 0x561cdc017d60 <unknown>\n#3 0x561cdc017e51 <unknown>\n#4 0x561cdc05bbc4 <unknown>\n#5 0x561cdc03a46d <unknown>\n#6 0x561cdc05912d <unknown>\n#7 0x561cdc03a1e3 <unknown>\n#8 0x561cdc00a135 <unknown>\n#9 0x561cdc00b13e <unknown>\n#10 0x561cdc2ace4b <unknown>\n#11 0x561cdc2b0dfa <unknown>\n#12 0x561cdc2996d5 <unknown>\n#13 0x561cdc2b1a6f <unknown>\n#14 0x561cdc27d69f <unknown>\n#15 0x561cdc2d6098 <unknown>\n#16 0x561cdc2d6262 <unknown>\n#17 0x561cdc2e7f34 <unknown>\n#18 0x7ffa10d70044 <unknown>","time":{"start":1706490535683,"stop":1706490536005,"duration":322}},{"uid":"a2e35a8b2da53a34","reportUrl":"https://zaelcovsky.github.io/StroyremAutomation/215//#testresult/a2e35a8b2da53a34","status":"broken","statusDetails":"selenium.common.exceptions.NoSuchElementException: Message: no such element: Unable to locate element: {\"method\":\"xpath\",\"selector\":\"(//a[@class='add-to-cart yellow-btn'])[1]\"}\n  (Session info: chrome-headless-shell=121.0.6167.85); For documentation on this error, please visit: https://www.selenium.dev/documentation/webdriver/troubleshooting/errors#no-such-element-exception\nStacktrace:\n#0 0x55b93097ad93 <unknown>\n#1 0x55b93065e337 <unknown>\n#2 0x55b9306a9d60 <unknown>\n#3 0x55b9306a9e51 <unknown>\n#4 0x55b9306edbc4 <unknown>\n#5 0x55b9306cc46d <unknown>\n#6 0x55b9306eb12d <unknown>\n#7 0x55b9306cc1e3 <unknown>\n#8 0x55b93069c135 <unknown>\n#9 0x55b93069d13e <unknown>\n#10 0x55b93093ee4b <unknown>\n#11 0x55b930942dfa <unknown>\n#12 0x55b93092b6d5 <unknown>\n#13 0x55b930943a6f <unknown>\n#14 0x55b93090f69f <unknown>\n#15 0x55b930968098 <unknown>\n#16 0x55b930968262 <unknown>\n#17 0x55b930979f34 <unknown>\n#18 0x7f1c1bf07044 <unknown>","time":{"start":1706404369535,"stop":1706404369861,"duration":326}},{"uid":"ff99250060a36985","reportUrl":"https://zaelcovsky.github.io/StroyremAutomation/214//#testresult/ff99250060a36985","status":"broken","statusDetails":"selenium.common.exceptions.NoSuchElementException: Message: no such element: Unable to locate element: {\"method\":\"xpath\",\"selector\":\"(//a[@class='add-to-cart yellow-btn'])[1]\"}\n  (Session info: chrome-headless-shell=121.0.6167.85); For documentation on this error, please visit: https://www.selenium.dev/documentation/webdriver/troubleshooting/errors#no-such-element-exception\nStacktrace:\n#0 0x56348ddf0d93 <unknown>\n#1 0x56348dad4337 <unknown>\n#2 0x56348db1fd60 <unknown>\n#3 0x56348db1fe51 <unknown>\n#4 0x56348db63bc4 <unknown>\n#5 0x56348db4246d <unknown>\n#6 0x56348db6112d <unknown>\n#7 0x56348db421e3 <unknown>\n#8 0x56348db12135 <unknown>\n#9 0x56348db1313e <unknown>\n#10 0x56348ddb4e4b <unknown>\n#11 0x56348ddb8dfa <unknown>\n#12 0x56348dda16d5 <unknown>\n#13 0x56348ddb9a6f <unknown>\n#14 0x56348dd8569f <unknown>\n#15 0x56348ddde098 <unknown>\n#16 0x56348ddde262 <unknown>\n#17 0x56348ddeff34 <unknown>\n#18 0x7fb09269f044 <unknown>","time":{"start":1706317738693,"stop":1706317739292,"duration":599}},{"uid":"f3bd7d3fbe7ca9bb","reportUrl":"https://zaelcovsky.github.io/StroyremAutomation/213//#testresult/f3bd7d3fbe7ca9bb","status":"broken","statusDetails":"selenium.common.exceptions.NoSuchElementException: Message: no such element: Unable to locate element: {\"method\":\"xpath\",\"selector\":\"(//a[@class='add-to-cart yellow-btn'])[1]\"}\n  (Session info: chrome-headless-shell=121.0.6167.85); For documentation on this error, please visit: https://www.selenium.dev/documentation/webdriver/troubleshooting/errors#no-such-element-exception\nStacktrace:\n#0 0x55c6e32ddd93 <unknown>\n#1 0x55c6e2fc1337 <unknown>\n#2 0x55c6e300cd60 <unknown>\n#3 0x55c6e300ce51 <unknown>\n#4 0x55c6e3050bc4 <unknown>\n#5 0x55c6e302f46d <unknown>\n#6 0x55c6e304e12d <unknown>\n#7 0x55c6e302f1e3 <unknown>\n#8 0x55c6e2fff135 <unknown>\n#9 0x55c6e300013e <unknown>\n#10 0x55c6e32a1e4b <unknown>\n#11 0x55c6e32a5dfa <unknown>\n#12 0x55c6e328e6d5 <unknown>\n#13 0x55c6e32a6a6f <unknown>\n#14 0x55c6e327269f <unknown>\n#15 0x55c6e32cb098 <unknown>\n#16 0x55c6e32cb262 <unknown>\n#17 0x55c6e32dcf34 <unknown>\n#18 0x7feb315ff044 <unknown>","time":{"start":1706231338178,"stop":1706231338478,"duration":300}},{"uid":"d0d4a13d6921d16f","reportUrl":"https://zaelcovsky.github.io/StroyremAutomation/212//#testresult/d0d4a13d6921d16f","status":"broken","statusDetails":"selenium.common.exceptions.WebDriverException: Message: unknown error: net::ERR_CONNECTION_TIMED_OUT\n  (Session info: chrome-headless-shell=121.0.6167.85)\nStacktrace:\n#0 0x559e9716bd93 <unknown>\n#1 0x559e96e4f337 <unknown>\n#2 0x559e96e47193 <unknown>\n#3 0x559e96e37161 <unknown>\n#4 0x559e96e385cb <unknown>\n#5 0x559e96e37414 <unknown>\n#6 0x559e96e365e5 <unknown>\n#7 0x559e96e36557 <unknown>\n#8 0x559e96e34c1a <unknown>\n#9 0x559e96e351ca <unknown>\n#10 0x559e96e51b6e <unknown>\n#11 0x559e96edcd45 <unknown>\n#12 0x559e96ebd442 <unknown>\n#13 0x559e96edc12d <unknown>\n#14 0x559e96ebd1e3 <unknown>\n#15 0x559e96e8d135 <unknown>\n#16 0x559e96e8e13e <unknown>\n#17 0x559e9712fe4b <unknown>\n#18 0x559e97133dfa <unknown>\n#19 0x559e9711c6d5 <unknown>\n#20 0x559e97134a6f <unknown>\n#21 0x559e9710069f <unknown>\n#22 0x559e97159098 <unknown>\n#23 0x559e97159262 <unknown>\n#24 0x559e9716af34 <unknown>\n#25 0x7fd7b6c02044 <unknown>","time":{"start":1706147071190,"stop":1706147201360,"duration":130170}},{"uid":"3fd9ac7892674965","reportUrl":"https://zaelcovsky.github.io/StroyremAutomation/211//#testresult/3fd9ac7892674965","status":"broken","statusDetails":"selenium.common.exceptions.WebDriverException: Message: unknown error: net::ERR_CONNECTION_REFUSED\n  (Session info: chrome-headless-shell=121.0.6167.85)\nStacktrace:\n#0 0x55bd56e70d93 <unknown>\n#1 0x55bd56b54337 <unknown>\n#2 0x55bd56b4c193 <unknown>\n#3 0x55bd56b3c161 <unknown>\n#4 0x55bd56b3d5cb <unknown>\n#5 0x55bd56b3c414 <unknown>\n#6 0x55bd56b3b5e5 <unknown>\n#7 0x55bd56b3b557 <unknown>\n#8 0x55bd56b39c1a <unknown>\n#9 0x55bd56b3a1ca <unknown>\n#10 0x55bd56b56b6e <unknown>\n#11 0x55bd56be1d45 <unknown>\n#12 0x55bd56bc2442 <unknown>\n#13 0x55bd56be112d <unknown>\n#14 0x55bd56bc21e3 <unknown>\n#15 0x55bd56b92135 <unknown>\n#16 0x55bd56b9313e <unknown>\n#17 0x55bd56e34e4b <unknown>\n#18 0x55bd56e38dfa <unknown>\n#19 0x55bd56e216d5 <unknown>\n#20 0x55bd56e39a6f <unknown>\n#21 0x55bd56e0569f <unknown>\n#22 0x55bd56e5e098 <unknown>\n#23 0x55bd56e5e262 <unknown>\n#24 0x55bd56e6ff34 <unknown>\n#25 0x7fe540421044 <unknown>","time":{"start":1706058857338,"stop":1706058857507,"duration":169}},{"uid":"ed6c93d000977fa8","reportUrl":"https://zaelcovsky.github.io/StroyremAutomation/210//#testresult/ed6c93d000977fa8","status":"broken","statusDetails":"selenium.common.exceptions.WebDriverException: Message: unknown error: net::ERR_CONNECTION_TIMED_OUT\n  (Session info: chrome-headless-shell=120.0.6099.109)\nStacktrace:\n#0 0x559577b40f83 <unknown>\n#1 0x5595777f9cf7 <unknown>\n#2 0x5595777f16ea <unknown>\n#3 0x5595777e05a1 <unknown>\n#4 0x5595777e1d40 <unknown>\n#5 0x5595777e0854 <unknown>\n#6 0x5595777df586 <unknown>\n#7 0x5595777df44a <unknown>\n#8 0x5595777dd7e1 <unknown>\n#9 0x5595777de01a <unknown>\n#10 0x5595777fcbbe <unknown>\n#11 0x5595778927a5 <unknown>\n#12 0x5595778730b2 <unknown>\n#13 0x559577892006 <unknown>\n#14 0x559577872e53 <unknown>\n#15 0x55957783add4 <unknown>\n#16 0x55957783c1de <unknown>\n#17 0x559577b05531 <unknown>\n#18 0x559577b09455 <unknown>\n#19 0x559577af1f55 <unknown>\n#20 0x559577b0a0ef <unknown>\n#21 0x559577ad599f <unknown>\n#22 0x559577b2e008 <unknown>\n#23 0x559577b2e1d7 <unknown>\n#24 0x559577b40124 <unknown>\n#25 0x7f5e09031044 <unknown>","time":{"start":1705974321582,"stop":1705974451757,"duration":130175}}]},"tags":["smoke"]},"source":"a1f64e2aa85066a9.json","parameterValues":["3320","1","'TD 015'","2390","'products/shtukaturka-tsementnaya-bergauf-bau-putts-tsement-25kg-56sht'","650","'https://sandboxtest.stroyrem-nn.ru/'","30"]}