{"uid":"cf85545fef7709f9","name":"test_positive_delivery_green_zone_smoke[TD 006-products/shtukaturka-gipsovaya-aksolit-m50-30-kg-mashinnogo-naneseniya-25-1700-990-1990-2480-https://sandboxtest.stroyrem-nn.ru/]","fullName":"tests.delivery.test_delivery_calculation.TestDeliveryPageCalculation#test_positive_delivery_green_zone_smoke","historyId":"1df20f878cd9f5f7374b8a6cd977ef7b","time":{"start":1707700088322,"stop":1707700088715,"duration":393},"status":"broken","statusMessage":"selenium.common.exceptions.NoSuchElementException: Message: no such element: Unable to locate element: {\"method\":\"xpath\",\"selector\":\"(//a[@class='add-to-cart yellow-btn'])[1]\"}\n  (Session info: chrome-headless-shell=121.0.6167.85); For documentation on this error, please visit: https://www.selenium.dev/documentation/webdriver/troubleshooting/errors#no-such-element-exception\nStacktrace:\n#0 0x55fdf5f9ed93 <unknown>\n#1 0x55fdf5c82337 <unknown>\n#2 0x55fdf5ccdd60 <unknown>\n#3 0x55fdf5ccde51 <unknown>\n#4 0x55fdf5d11bc4 <unknown>\n#5 0x55fdf5cf046d <unknown>\n#6 0x55fdf5d0f12d <unknown>\n#7 0x55fdf5cf01e3 <unknown>\n#8 0x55fdf5cc0135 <unknown>\n#9 0x55fdf5cc113e <unknown>\n#10 0x55fdf5f62e4b <unknown>\n#11 0x55fdf5f66dfa <unknown>\n#12 0x55fdf5f4f6d5 <unknown>\n#13 0x55fdf5f67a6f <unknown>\n#14 0x55fdf5f3369f <unknown>\n#15 0x55fdf5f8c098 <unknown>\n#16 0x55fdf5f8c262 <unknown>\n#17 0x55fdf5f9df34 <unknown>\n#18 0x7f7d7b37b134 <unknown>","statusTrace":"self = <tests.delivery.test_delivery_calculation.TestDeliveryPageCalculation object at 0x7f0fb3e4cf10>\ndriver = <selenium.webdriver.chrome.webdriver.WebDriver (session=\"64538cd099c377b427559f72b7e50a26\")>\nurl = 'https://sandboxtest.stroyrem-nn.ru/', case_id = 'TD 006'\nlink_item = 'products/shtukaturka-gipsovaya-aksolit-m50-30-kg-mashinnogo-naneseniya'\namount = 25, weight = 1700, standard = 990, in_time = 1990, all_time = 2480\n\n    @pytest.mark.parametrize('case_id, link_item, amount, weight, standard, in_time, all_time', [\n        (\"TD 001\", uroven_3000, 1, 30, 0, 1590, 2190),\n        (\"TD 002\", bundeks_25, 1, 30, 400, 1590, 2190),\n        (\"TD 003\", aksolit_30, 8, 300, 400, 1590, 2190),\n        (\"TD 004\", aksolit_30, 13, 400, 450, 1590, 2190),\n        (\"TD 005\", aksolit_30, 16, 500, 600, 1590, 2190),\n        (\"TD 006\", aksolit_30, 25, 1700, 990, 1990, 2480),\n        (\"TD 007\", aksolit_30, 66, 2000, 1300, 2490, 2980),\n        (\"TD 008\", aksolit_30, 149, 4500, 2300, 3980, 4490),\n        (\"TD 009\", aksolit_30, 166, 5000, 2500, 4990, 5480),\n        pytest.param(\n            \"TD 010\", aksolit_30, 206, 6200, 2900, 5570, 6120,\n            marks=pytest.mark.xfail(reson=\"Цена доставки 3600 7960 8980\")\n        ),\n        (\"TD 011\", aksolit_30, 299, 9000, 3600, 7960, 8980),\n        (\"TD 012\", aksolit_30, 333, 10000, 4450, 11990, 12500),\n        pytest.param(\n            \"TD 013\", aksolit_30, 366, 11000, 4800, 12450, 13480,\n            marks=pytest.mark.xfail(reason=\"Цена стандартной доставки 4450\")\n        ),\n        pytest.param(\n            \"TD 014\", aksolit_30, 666, 20000, 5400, 15600, 17490,\n            marks=pytest.mark.xfail(reason=\"Цена стандартной доставки 4450\")\n        )\n    ])\n    @pytest.mark.smoke\n    def test_positive_delivery_green_zone_smoke(\n            self, driver, url, case_id, link_item, amount, weight, standard, in_time, all_time\n    ):\n    \n        driver.get(f'{url}{link_item}')\n        item_page = ItemPage(driver)\n>       item_page.add_item_to_cart(amount).click_on_cart()\n\ntests/delivery/test_delivery_calculation.py:49: \n_ _ _ _ _ _ _ _ _ _ _ _ _ _ _ _ _ _ _ _ _ _ _ _ _ _ _ _ _ _ _ _ _ _ _ _ _ _ _ _ \npages/item_page.py:40: in add_item_to_cart\n    self.find_element(self._add_item).click()\nbase/seleniumbase.py:17: in find_element\n    return self.driver.find_element(*locator)\n/usr/local/lib/python3.11/site-packages/selenium/webdriver/remote/webdriver.py:740: in find_element\n    return self.execute(Command.FIND_ELEMENT, {\"using\": by, \"value\": value})[\"value\"]\n/usr/local/lib/python3.11/site-packages/selenium/webdriver/remote/webdriver.py:346: in execute\n    self.error_handler.check_response(response)\n_ _ _ _ _ _ _ _ _ _ _ _ _ _ _ _ _ _ _ _ _ _ _ _ _ _ _ _ _ _ _ _ _ _ _ _ _ _ _ _ \n\nself = <selenium.webdriver.remote.errorhandler.ErrorHandler object at 0x7f0fb3d0e890>\nresponse = {'status': 404, 'value': '{\"value\":{\"error\":\"no such element\",\"message\":\"no such element: Unable to locate element: {\\...\\\\n#16 0x55fdf5f8c262 \\\\u003Cunknown>\\\\n#17 0x55fdf5f9df34 \\\\u003Cunknown>\\\\n#18 0x7f7d7b37b134 \\\\u003Cunknown>\\\\n\"}}'}\n\n    def check_response(self, response: Dict[str, Any]) -> None:\n        \"\"\"Checks that a JSON response from the WebDriver does not have an\n        error.\n    \n        :Args:\n         - response - The JSON response from the WebDriver server as a dictionary\n           object.\n    \n        :Raises: If the response contains an error message.\n        \"\"\"\n        status = response.get(\"status\", None)\n        if not status or status == ErrorCode.SUCCESS:\n            return\n        value = None\n        message = response.get(\"message\", \"\")\n        screen: str = response.get(\"screen\", \"\")\n        stacktrace = None\n        if isinstance(status, int):\n            value_json = response.get(\"value\", None)\n            if value_json and isinstance(value_json, str):\n                import json\n    \n                try:\n                    value = json.loads(value_json)\n                    if len(value) == 1:\n                        value = value[\"value\"]\n                    status = value.get(\"error\", None)\n                    if not status:\n                        status = value.get(\"status\", ErrorCode.UNKNOWN_ERROR)\n                        message = value.get(\"value\") or value.get(\"message\")\n                        if not isinstance(message, str):\n                            value = message\n                            message = message.get(\"message\")\n                    else:\n                        message = value.get(\"message\", None)\n                except ValueError:\n                    pass\n    \n        exception_class: Type[WebDriverException]\n        if status in ErrorCode.NO_SUCH_ELEMENT:\n            exception_class = NoSuchElementException\n        elif status in ErrorCode.NO_SUCH_FRAME:\n            exception_class = NoSuchFrameException\n        elif status in ErrorCode.NO_SUCH_SHADOW_ROOT:\n            exception_class = NoSuchShadowRootException\n        elif status in ErrorCode.NO_SUCH_WINDOW:\n            exception_class = NoSuchWindowException\n        elif status in ErrorCode.STALE_ELEMENT_REFERENCE:\n            exception_class = StaleElementReferenceException\n        elif status in ErrorCode.ELEMENT_NOT_VISIBLE:\n            exception_class = ElementNotVisibleException\n        elif status in ErrorCode.INVALID_ELEMENT_STATE:\n            exception_class = InvalidElementStateException\n        elif (\n            status in ErrorCode.INVALID_SELECTOR\n            or status in ErrorCode.INVALID_XPATH_SELECTOR\n            or status in ErrorCode.INVALID_XPATH_SELECTOR_RETURN_TYPER\n        ):\n            exception_class = InvalidSelectorException\n        elif status in ErrorCode.ELEMENT_IS_NOT_SELECTABLE:\n            exception_class = ElementNotSelectableException\n        elif status in ErrorCode.ELEMENT_NOT_INTERACTABLE:\n            exception_class = ElementNotInteractableException\n        elif status in ErrorCode.INVALID_COOKIE_DOMAIN:\n            exception_class = InvalidCookieDomainException\n        elif status in ErrorCode.UNABLE_TO_SET_COOKIE:\n            exception_class = UnableToSetCookieException\n        elif status in ErrorCode.TIMEOUT:\n            exception_class = TimeoutException\n        elif status in ErrorCode.SCRIPT_TIMEOUT:\n            exception_class = TimeoutException\n        elif status in ErrorCode.UNKNOWN_ERROR:\n            exception_class = WebDriverException\n        elif status in ErrorCode.UNEXPECTED_ALERT_OPEN:\n            exception_class = UnexpectedAlertPresentException\n        elif status in ErrorCode.NO_ALERT_OPEN:\n            exception_class = NoAlertPresentException\n        elif status in ErrorCode.IME_NOT_AVAILABLE:\n            exception_class = ImeNotAvailableException\n        elif status in ErrorCode.IME_ENGINE_ACTIVATION_FAILED:\n            exception_class = ImeActivationFailedException\n        elif status in ErrorCode.MOVE_TARGET_OUT_OF_BOUNDS:\n            exception_class = MoveTargetOutOfBoundsException\n        elif status in ErrorCode.JAVASCRIPT_ERROR:\n            exception_class = JavascriptException\n        elif status in ErrorCode.SESSION_NOT_CREATED:\n            exception_class = SessionNotCreatedException\n        elif status in ErrorCode.INVALID_ARGUMENT:\n            exception_class = InvalidArgumentException\n        elif status in ErrorCode.NO_SUCH_COOKIE:\n            exception_class = NoSuchCookieException\n        elif status in ErrorCode.UNABLE_TO_CAPTURE_SCREEN:\n            exception_class = ScreenshotException\n        elif status in ErrorCode.ELEMENT_CLICK_INTERCEPTED:\n            exception_class = ElementClickInterceptedException\n        elif status in ErrorCode.INSECURE_CERTIFICATE:\n            exception_class = InsecureCertificateException\n        elif status in ErrorCode.INVALID_COORDINATES:\n            exception_class = InvalidCoordinatesException\n        elif status in ErrorCode.INVALID_SESSION_ID:\n            exception_class = InvalidSessionIdException\n        elif status in ErrorCode.UNKNOWN_METHOD:\n            exception_class = UnknownMethodException\n        else:\n            exception_class = WebDriverException\n        if not value:\n            value = response[\"value\"]\n        if isinstance(value, str):\n            raise exception_class(value)\n        if message == \"\" and \"message\" in value:\n            message = value[\"message\"]\n    \n        screen = None  # type: ignore[assignment]\n        if \"screen\" in value:\n            screen = value[\"screen\"]\n    \n        stacktrace = None\n        st_value = value.get(\"stackTrace\") or value.get(\"stacktrace\")\n        if st_value:\n            if isinstance(st_value, str):\n                stacktrace = st_value.split(\"\\n\")\n            else:\n                stacktrace = []\n                try:\n                    for frame in st_value:\n                        line = frame.get(\"lineNumber\", \"\")\n                        file = frame.get(\"fileName\", \"<anonymous>\")\n                        if line:\n                            file = f\"{file}:{line}\"\n                        meth = frame.get(\"methodName\", \"<anonymous>\")\n                        if \"className\" in frame:\n                            meth = f\"{frame['className']}.{meth}\"\n                        msg = \"    at %s (%s)\"\n                        msg = msg % (meth, file)\n                        stacktrace.append(msg)\n                except TypeError:\n                    pass\n        if exception_class == UnexpectedAlertPresentException:\n            alert_text = None\n            if \"data\" in value:\n                alert_text = value[\"data\"].get(\"text\")\n            elif \"alert\" in value:\n                alert_text = value[\"alert\"].get(\"text\")\n            raise exception_class(message, screen, stacktrace, alert_text)  # type: ignore[call-arg]  # mypy is not smart enough here\n>       raise exception_class(message, screen, stacktrace)\nE       selenium.common.exceptions.NoSuchElementException: Message: no such element: Unable to locate element: {\"method\":\"xpath\",\"selector\":\"(//a[@class='add-to-cart yellow-btn'])[1]\"}\nE         (Session info: chrome-headless-shell=121.0.6167.85); For documentation on this error, please visit: https://www.selenium.dev/documentation/webdriver/troubleshooting/errors#no-such-element-exception\nE       Stacktrace:\nE       #0 0x55fdf5f9ed93 <unknown>\nE       #1 0x55fdf5c82337 <unknown>\nE       #2 0x55fdf5ccdd60 <unknown>\nE       #3 0x55fdf5ccde51 <unknown>\nE       #4 0x55fdf5d11bc4 <unknown>\nE       #5 0x55fdf5cf046d <unknown>\nE       #6 0x55fdf5d0f12d <unknown>\nE       #7 0x55fdf5cf01e3 <unknown>\nE       #8 0x55fdf5cc0135 <unknown>\nE       #9 0x55fdf5cc113e <unknown>\nE       #10 0x55fdf5f62e4b <unknown>\nE       #11 0x55fdf5f66dfa <unknown>\nE       #12 0x55fdf5f4f6d5 <unknown>\nE       #13 0x55fdf5f67a6f <unknown>\nE       #14 0x55fdf5f3369f <unknown>\nE       #15 0x55fdf5f8c098 <unknown>\nE       #16 0x55fdf5f8c262 <unknown>\nE       #17 0x55fdf5f9df34 <unknown>\nE       #18 0x7f7d7b37b134 <unknown>\n\n/usr/local/lib/python3.11/site-packages/selenium/webdriver/remote/errorhandler.py:245: NoSuchElementException","flaky":false,"newFailed":false,"newBroken":false,"newPassed":false,"retriesCount":0,"retriesStatusChange":false,"beforeStages":[{"name":"_session_faker","time":{"start":1707699674162,"stop":1707699674230,"duration":68},"status":"passed","steps":[],"attachments":[],"parameters":[],"shouldDisplayMessage":false,"stepsCount":0,"attachmentsCount":0,"hasContent":false,"attachmentStep":false},{"name":"clear_allure_results_folder","time":{"start":1707699674230,"stop":1707699674230,"duration":0},"status":"passed","steps":[],"attachments":[],"parameters":[],"shouldDisplayMessage":false,"stepsCount":0,"attachmentsCount":0,"hasContent":false,"attachmentStep":false},{"name":"driver","time":{"start":1707700087592,"stop":1707700088321,"duration":729},"status":"passed","steps":[],"attachments":[],"parameters":[],"shouldDisplayMessage":false,"stepsCount":0,"attachmentsCount":0,"hasContent":false,"attachmentStep":false},{"name":"setup","time":{"start":1707700088321,"stop":1707700088321,"duration":0},"status":"passed","steps":[],"attachments":[],"parameters":[],"shouldDisplayMessage":false,"stepsCount":0,"attachmentsCount":0,"hasContent":false,"attachmentStep":false}],"testStage":{"status":"broken","statusMessage":"selenium.common.exceptions.NoSuchElementException: Message: no such element: Unable to locate element: {\"method\":\"xpath\",\"selector\":\"(//a[@class='add-to-cart yellow-btn'])[1]\"}\n  (Session info: chrome-headless-shell=121.0.6167.85); For documentation on this error, please visit: https://www.selenium.dev/documentation/webdriver/troubleshooting/errors#no-such-element-exception\nStacktrace:\n#0 0x55fdf5f9ed93 <unknown>\n#1 0x55fdf5c82337 <unknown>\n#2 0x55fdf5ccdd60 <unknown>\n#3 0x55fdf5ccde51 <unknown>\n#4 0x55fdf5d11bc4 <unknown>\n#5 0x55fdf5cf046d <unknown>\n#6 0x55fdf5d0f12d <unknown>\n#7 0x55fdf5cf01e3 <unknown>\n#8 0x55fdf5cc0135 <unknown>\n#9 0x55fdf5cc113e <unknown>\n#10 0x55fdf5f62e4b <unknown>\n#11 0x55fdf5f66dfa <unknown>\n#12 0x55fdf5f4f6d5 <unknown>\n#13 0x55fdf5f67a6f <unknown>\n#14 0x55fdf5f3369f <unknown>\n#15 0x55fdf5f8c098 <unknown>\n#16 0x55fdf5f8c262 <unknown>\n#17 0x55fdf5f9df34 <unknown>\n#18 0x7f7d7b37b134 <unknown>","statusTrace":"self = <tests.delivery.test_delivery_calculation.TestDeliveryPageCalculation object at 0x7f0fb3e4cf10>\ndriver = <selenium.webdriver.chrome.webdriver.WebDriver (session=\"64538cd099c377b427559f72b7e50a26\")>\nurl = 'https://sandboxtest.stroyrem-nn.ru/', case_id = 'TD 006'\nlink_item = 'products/shtukaturka-gipsovaya-aksolit-m50-30-kg-mashinnogo-naneseniya'\namount = 25, weight = 1700, standard = 990, in_time = 1990, all_time = 2480\n\n    @pytest.mark.parametrize('case_id, link_item, amount, weight, standard, in_time, all_time', [\n        (\"TD 001\", uroven_3000, 1, 30, 0, 1590, 2190),\n        (\"TD 002\", bundeks_25, 1, 30, 400, 1590, 2190),\n        (\"TD 003\", aksolit_30, 8, 300, 400, 1590, 2190),\n        (\"TD 004\", aksolit_30, 13, 400, 450, 1590, 2190),\n        (\"TD 005\", aksolit_30, 16, 500, 600, 1590, 2190),\n        (\"TD 006\", aksolit_30, 25, 1700, 990, 1990, 2480),\n        (\"TD 007\", aksolit_30, 66, 2000, 1300, 2490, 2980),\n        (\"TD 008\", aksolit_30, 149, 4500, 2300, 3980, 4490),\n        (\"TD 009\", aksolit_30, 166, 5000, 2500, 4990, 5480),\n        pytest.param(\n            \"TD 010\", aksolit_30, 206, 6200, 2900, 5570, 6120,\n            marks=pytest.mark.xfail(reson=\"Цена доставки 3600 7960 8980\")\n        ),\n        (\"TD 011\", aksolit_30, 299, 9000, 3600, 7960, 8980),\n        (\"TD 012\", aksolit_30, 333, 10000, 4450, 11990, 12500),\n        pytest.param(\n            \"TD 013\", aksolit_30, 366, 11000, 4800, 12450, 13480,\n            marks=pytest.mark.xfail(reason=\"Цена стандартной доставки 4450\")\n        ),\n        pytest.param(\n            \"TD 014\", aksolit_30, 666, 20000, 5400, 15600, 17490,\n            marks=pytest.mark.xfail(reason=\"Цена стандартной доставки 4450\")\n        )\n    ])\n    @pytest.mark.smoke\n    def test_positive_delivery_green_zone_smoke(\n            self, driver, url, case_id, link_item, amount, weight, standard, in_time, all_time\n    ):\n    \n        driver.get(f'{url}{link_item}')\n        item_page = ItemPage(driver)\n>       item_page.add_item_to_cart(amount).click_on_cart()\n\ntests/delivery/test_delivery_calculation.py:49: \n_ _ _ _ _ _ _ _ _ _ _ _ _ _ _ _ _ _ _ _ _ _ _ _ _ _ _ _ _ _ _ _ _ _ _ _ _ _ _ _ \npages/item_page.py:40: in add_item_to_cart\n    self.find_element(self._add_item).click()\nbase/seleniumbase.py:17: in find_element\n    return self.driver.find_element(*locator)\n/usr/local/lib/python3.11/site-packages/selenium/webdriver/remote/webdriver.py:740: in find_element\n    return self.execute(Command.FIND_ELEMENT, {\"using\": by, \"value\": value})[\"value\"]\n/usr/local/lib/python3.11/site-packages/selenium/webdriver/remote/webdriver.py:346: in execute\n    self.error_handler.check_response(response)\n_ _ _ _ _ _ _ _ _ _ _ _ _ _ _ _ _ _ _ _ _ _ _ _ _ _ _ _ _ _ _ _ _ _ _ _ _ _ _ _ \n\nself = <selenium.webdriver.remote.errorhandler.ErrorHandler object at 0x7f0fb3d0e890>\nresponse = {'status': 404, 'value': '{\"value\":{\"error\":\"no such element\",\"message\":\"no such element: Unable to locate element: {\\...\\\\n#16 0x55fdf5f8c262 \\\\u003Cunknown>\\\\n#17 0x55fdf5f9df34 \\\\u003Cunknown>\\\\n#18 0x7f7d7b37b134 \\\\u003Cunknown>\\\\n\"}}'}\n\n    def check_response(self, response: Dict[str, Any]) -> None:\n        \"\"\"Checks that a JSON response from the WebDriver does not have an\n        error.\n    \n        :Args:\n         - response - The JSON response from the WebDriver server as a dictionary\n           object.\n    \n        :Raises: If the response contains an error message.\n        \"\"\"\n        status = response.get(\"status\", None)\n        if not status or status == ErrorCode.SUCCESS:\n            return\n        value = None\n        message = response.get(\"message\", \"\")\n        screen: str = response.get(\"screen\", \"\")\n        stacktrace = None\n        if isinstance(status, int):\n            value_json = response.get(\"value\", None)\n            if value_json and isinstance(value_json, str):\n                import json\n    \n                try:\n                    value = json.loads(value_json)\n                    if len(value) == 1:\n                        value = value[\"value\"]\n                    status = value.get(\"error\", None)\n                    if not status:\n                        status = value.get(\"status\", ErrorCode.UNKNOWN_ERROR)\n                        message = value.get(\"value\") or value.get(\"message\")\n                        if not isinstance(message, str):\n                            value = message\n                            message = message.get(\"message\")\n                    else:\n                        message = value.get(\"message\", None)\n                except ValueError:\n                    pass\n    \n        exception_class: Type[WebDriverException]\n        if status in ErrorCode.NO_SUCH_ELEMENT:\n            exception_class = NoSuchElementException\n        elif status in ErrorCode.NO_SUCH_FRAME:\n            exception_class = NoSuchFrameException\n        elif status in ErrorCode.NO_SUCH_SHADOW_ROOT:\n            exception_class = NoSuchShadowRootException\n        elif status in ErrorCode.NO_SUCH_WINDOW:\n            exception_class = NoSuchWindowException\n        elif status in ErrorCode.STALE_ELEMENT_REFERENCE:\n            exception_class = StaleElementReferenceException\n        elif status in ErrorCode.ELEMENT_NOT_VISIBLE:\n            exception_class = ElementNotVisibleException\n        elif status in ErrorCode.INVALID_ELEMENT_STATE:\n            exception_class = InvalidElementStateException\n        elif (\n            status in ErrorCode.INVALID_SELECTOR\n            or status in ErrorCode.INVALID_XPATH_SELECTOR\n            or status in ErrorCode.INVALID_XPATH_SELECTOR_RETURN_TYPER\n        ):\n            exception_class = InvalidSelectorException\n        elif status in ErrorCode.ELEMENT_IS_NOT_SELECTABLE:\n            exception_class = ElementNotSelectableException\n        elif status in ErrorCode.ELEMENT_NOT_INTERACTABLE:\n            exception_class = ElementNotInteractableException\n        elif status in ErrorCode.INVALID_COOKIE_DOMAIN:\n            exception_class = InvalidCookieDomainException\n        elif status in ErrorCode.UNABLE_TO_SET_COOKIE:\n            exception_class = UnableToSetCookieException\n        elif status in ErrorCode.TIMEOUT:\n            exception_class = TimeoutException\n        elif status in ErrorCode.SCRIPT_TIMEOUT:\n            exception_class = TimeoutException\n        elif status in ErrorCode.UNKNOWN_ERROR:\n            exception_class = WebDriverException\n        elif status in ErrorCode.UNEXPECTED_ALERT_OPEN:\n            exception_class = UnexpectedAlertPresentException\n        elif status in ErrorCode.NO_ALERT_OPEN:\n            exception_class = NoAlertPresentException\n        elif status in ErrorCode.IME_NOT_AVAILABLE:\n            exception_class = ImeNotAvailableException\n        elif status in ErrorCode.IME_ENGINE_ACTIVATION_FAILED:\n            exception_class = ImeActivationFailedException\n        elif status in ErrorCode.MOVE_TARGET_OUT_OF_BOUNDS:\n            exception_class = MoveTargetOutOfBoundsException\n        elif status in ErrorCode.JAVASCRIPT_ERROR:\n            exception_class = JavascriptException\n        elif status in ErrorCode.SESSION_NOT_CREATED:\n            exception_class = SessionNotCreatedException\n        elif status in ErrorCode.INVALID_ARGUMENT:\n            exception_class = InvalidArgumentException\n        elif status in ErrorCode.NO_SUCH_COOKIE:\n            exception_class = NoSuchCookieException\n        elif status in ErrorCode.UNABLE_TO_CAPTURE_SCREEN:\n            exception_class = ScreenshotException\n        elif status in ErrorCode.ELEMENT_CLICK_INTERCEPTED:\n            exception_class = ElementClickInterceptedException\n        elif status in ErrorCode.INSECURE_CERTIFICATE:\n            exception_class = InsecureCertificateException\n        elif status in ErrorCode.INVALID_COORDINATES:\n            exception_class = InvalidCoordinatesException\n        elif status in ErrorCode.INVALID_SESSION_ID:\n            exception_class = InvalidSessionIdException\n        elif status in ErrorCode.UNKNOWN_METHOD:\n            exception_class = UnknownMethodException\n        else:\n            exception_class = WebDriverException\n        if not value:\n            value = response[\"value\"]\n        if isinstance(value, str):\n            raise exception_class(value)\n        if message == \"\" and \"message\" in value:\n            message = value[\"message\"]\n    \n        screen = None  # type: ignore[assignment]\n        if \"screen\" in value:\n            screen = value[\"screen\"]\n    \n        stacktrace = None\n        st_value = value.get(\"stackTrace\") or value.get(\"stacktrace\")\n        if st_value:\n            if isinstance(st_value, str):\n                stacktrace = st_value.split(\"\\n\")\n            else:\n                stacktrace = []\n                try:\n                    for frame in st_value:\n                        line = frame.get(\"lineNumber\", \"\")\n                        file = frame.get(\"fileName\", \"<anonymous>\")\n                        if line:\n                            file = f\"{file}:{line}\"\n                        meth = frame.get(\"methodName\", \"<anonymous>\")\n                        if \"className\" in frame:\n                            meth = f\"{frame['className']}.{meth}\"\n                        msg = \"    at %s (%s)\"\n                        msg = msg % (meth, file)\n                        stacktrace.append(msg)\n                except TypeError:\n                    pass\n        if exception_class == UnexpectedAlertPresentException:\n            alert_text = None\n            if \"data\" in value:\n                alert_text = value[\"data\"].get(\"text\")\n            elif \"alert\" in value:\n                alert_text = value[\"alert\"].get(\"text\")\n            raise exception_class(message, screen, stacktrace, alert_text)  # type: ignore[call-arg]  # mypy is not smart enough here\n>       raise exception_class(message, screen, stacktrace)\nE       selenium.common.exceptions.NoSuchElementException: Message: no such element: Unable to locate element: {\"method\":\"xpath\",\"selector\":\"(//a[@class='add-to-cart yellow-btn'])[1]\"}\nE         (Session info: chrome-headless-shell=121.0.6167.85); For documentation on this error, please visit: https://www.selenium.dev/documentation/webdriver/troubleshooting/errors#no-such-element-exception\nE       Stacktrace:\nE       #0 0x55fdf5f9ed93 <unknown>\nE       #1 0x55fdf5c82337 <unknown>\nE       #2 0x55fdf5ccdd60 <unknown>\nE       #3 0x55fdf5ccde51 <unknown>\nE       #4 0x55fdf5d11bc4 <unknown>\nE       #5 0x55fdf5cf046d <unknown>\nE       #6 0x55fdf5d0f12d <unknown>\nE       #7 0x55fdf5cf01e3 <unknown>\nE       #8 0x55fdf5cc0135 <unknown>\nE       #9 0x55fdf5cc113e <unknown>\nE       #10 0x55fdf5f62e4b <unknown>\nE       #11 0x55fdf5f66dfa <unknown>\nE       #12 0x55fdf5f4f6d5 <unknown>\nE       #13 0x55fdf5f67a6f <unknown>\nE       #14 0x55fdf5f3369f <unknown>\nE       #15 0x55fdf5f8c098 <unknown>\nE       #16 0x55fdf5f8c262 <unknown>\nE       #17 0x55fdf5f9df34 <unknown>\nE       #18 0x7f7d7b37b134 <unknown>\n\n/usr/local/lib/python3.11/site-packages/selenium/webdriver/remote/errorhandler.py:245: NoSuchElementException","steps":[{"name":"Добавляем товар в корзину в количестве 25","time":{"start":1707700088703,"stop":1707700088715,"duration":12},"status":"broken","statusMessage":"selenium.common.exceptions.NoSuchElementException: Message: no such element: Unable to locate element: {\"method\":\"xpath\",\"selector\":\"(//a[@class='add-to-cart yellow-btn'])[1]\"}\n  (Session info: chrome-headless-shell=121.0.6167.85); For documentation on this error, please visit: https://www.selenium.dev/documentation/webdriver/troubleshooting/errors#no-such-element-exception\nStacktrace:\n#0 0x55fdf5f9ed93 <unknown>\n#1 0x55fdf5c82337 <unknown>\n#2 0x55fdf5ccdd60 <unknown>\n#3 0x55fdf5ccde51 <unknown>\n#4 0x55fdf5d11bc4 <unknown>\n#5 0x55fdf5cf046d <unknown>\n#6 0x55fdf5d0f12d <unknown>\n#7 0x55fdf5cf01e3 <unknown>\n#8 0x55fdf5cc0135 <unknown>\n#9 0x55fdf5cc113e <unknown>\n#10 0x55fdf5f62e4b <unknown>\n#11 0x55fdf5f66dfa <unknown>\n#12 0x55fdf5f4f6d5 <unknown>\n#13 0x55fdf5f67a6f <unknown>\n#14 0x55fdf5f3369f <unknown>\n#15 0x55fdf5f8c098 <unknown>\n#16 0x55fdf5f8c262 <unknown>\n#17 0x55fdf5f9df34 <unknown>\n#18 0x7f7d7b37b134 <unknown>\n\n","statusTrace":"  File \"/usr/local/lib/python3.11/site-packages/allure_commons/_allure.py\", line 192, in impl\n    return func(*a, **kw)\n           ^^^^^^^^^^^^^^\n  File \"/app/pages/item_page.py\", line 40, in add_item_to_cart\n    self.find_element(self._add_item).click()\n    ^^^^^^^^^^^^^^^^^^^^^^^^^^^^^^^^^\n  File \"/app/base/seleniumbase.py\", line 17, in find_element\n    return self.driver.find_element(*locator)\n           ^^^^^^^^^^^^^^^^^^^^^^^^^^^^^^^^^^\n  File \"/usr/local/lib/python3.11/site-packages/selenium/webdriver/remote/webdriver.py\", line 740, in find_element\n    return self.execute(Command.FIND_ELEMENT, {\"using\": by, \"value\": value})[\"value\"]\n           ^^^^^^^^^^^^^^^^^^^^^^^^^^^^^^^^^^^^^^^^^^^^^^^^^^^^^^^^^^^^^^^^^\n  File \"/usr/local/lib/python3.11/site-packages/selenium/webdriver/remote/webdriver.py\", line 346, in execute\n    self.error_handler.check_response(response)\n  File \"/usr/local/lib/python3.11/site-packages/selenium/webdriver/remote/errorhandler.py\", line 245, in check_response\n    raise exception_class(message, screen, stacktrace)\n","steps":[],"attachments":[],"parameters":[{"name":"amount","value":"25"}],"shouldDisplayMessage":true,"stepsCount":0,"attachmentsCount":0,"hasContent":true,"attachmentStep":false}],"attachments":[{"uid":"5cf39ca2309de7e0","name":"Screenshot","source":"5cf39ca2309de7e0.png","type":"image/png","size":5862},{"uid":"e2cbc1b6b09837be","name":"HTML source","source":"e2cbc1b6b09837be.html","type":"text/html","size":39}],"parameters":[],"shouldDisplayMessage":true,"stepsCount":1,"attachmentsCount":2,"hasContent":true,"attachmentStep":false},"afterStages":[{"name":"driver::0","time":{"start":1707700088820,"stop":1707700088877,"duration":57},"status":"passed","steps":[],"attachments":[],"parameters":[],"shouldDisplayMessage":false,"stepsCount":0,"attachmentsCount":0,"hasContent":false,"attachmentStep":false},{"name":"setup::0","time":{"start":1707700088820,"stop":1707700088820,"duration":0},"status":"passed","steps":[],"attachments":[],"parameters":[],"shouldDisplayMessage":false,"stepsCount":0,"attachmentsCount":0,"hasContent":false,"attachmentStep":false}],"labels":[{"name":"epic","value":"Delivery Page - calculation"},{"name":"tag","value":"smoke"},{"name":"parentSuite","value":"tests.delivery"},{"name":"suite","value":"test_delivery_calculation"},{"name":"subSuite","value":"TestDeliveryPageCalculation"},{"name":"host","value":"b726774bd3df"},{"name":"thread","value":"1-MainThread"},{"name":"framework","value":"pytest"},{"name":"language","value":"cpython3"},{"name":"package","value":"tests.delivery.test_delivery_calculation"},{"name":"resultFormat","value":"allure2"}],"parameters":[{"name":"all_time","value":"2480"},{"name":"amount","value":"25"},{"name":"case_id","value":"'TD 006'"},{"name":"in_time","value":"1990"},{"name":"link_item","value":"'products/shtukaturka-gipsovaya-aksolit-m50-30-kg-mashinnogo-naneseniya'"},{"name":"standard","value":"990"},{"name":"url","value":"'https://sandboxtest.stroyrem-nn.ru/'"},{"name":"weight","value":"1700"}],"links":[],"hidden":false,"retry":false,"extra":{"severity":"normal","retries":[],"categories":[{"name":"Test defects","matchedStatuses":[],"flaky":false}],"history":{"statistic":{"failed":0,"broken":166,"skipped":0,"passed":0,"unknown":0,"total":166},"items":[{"uid":"61fbef4a01130b78","reportUrl":"https://zaelcovsky.github.io/StroyremAutomation/229//#testresult/61fbef4a01130b78","status":"broken","statusDetails":"selenium.common.exceptions.NoSuchElementException: Message: no such element: Unable to locate element: {\"method\":\"xpath\",\"selector\":\"(//a[@class='add-to-cart yellow-btn'])[1]\"}\n  (Session info: chrome-headless-shell=121.0.6167.85); For documentation on this error, please visit: https://www.selenium.dev/documentation/webdriver/troubleshooting/errors#no-such-element-exception\nStacktrace:\n#0 0x564cd504ad93 <unknown>\n#1 0x564cd4d2e337 <unknown>\n#2 0x564cd4d79d60 <unknown>\n#3 0x564cd4d79e51 <unknown>\n#4 0x564cd4dbdbc4 <unknown>\n#5 0x564cd4d9c46d <unknown>\n#6 0x564cd4dbb12d <unknown>\n#7 0x564cd4d9c1e3 <unknown>\n#8 0x564cd4d6c135 <unknown>\n#9 0x564cd4d6d13e <unknown>\n#10 0x564cd500ee4b <unknown>\n#11 0x564cd5012dfa <unknown>\n#12 0x564cd4ffb6d5 <unknown>\n#13 0x564cd5013a6f <unknown>\n#14 0x564cd4fdf69f <unknown>\n#15 0x564cd5038098 <unknown>\n#16 0x564cd5038262 <unknown>\n#17 0x564cd5049f34 <unknown>\n#18 0x7f9caab56134 <unknown>","time":{"start":1707613913351,"stop":1707613913764,"duration":413}},{"uid":"d7891964c2bcbaa3","reportUrl":"https://zaelcovsky.github.io/StroyremAutomation/228//#testresult/d7891964c2bcbaa3","status":"broken","statusDetails":"selenium.common.exceptions.NoSuchElementException: Message: no such element: Unable to locate element: {\"method\":\"xpath\",\"selector\":\"(//a[@class='add-to-cart yellow-btn'])[1]\"}\n  (Session info: chrome-headless-shell=121.0.6167.85); For documentation on this error, please visit: https://www.selenium.dev/documentation/webdriver/troubleshooting/errors#no-such-element-exception\nStacktrace:\n#0 0x5556fe791d93 <unknown>\n#1 0x5556fe475337 <unknown>\n#2 0x5556fe4c0d60 <unknown>\n#3 0x5556fe4c0e51 <unknown>\n#4 0x5556fe504bc4 <unknown>\n#5 0x5556fe4e346d <unknown>\n#6 0x5556fe50212d <unknown>\n#7 0x5556fe4e31e3 <unknown>\n#8 0x5556fe4b3135 <unknown>\n#9 0x5556fe4b413e <unknown>\n#10 0x5556fe755e4b <unknown>\n#11 0x5556fe759dfa <unknown>\n#12 0x5556fe7426d5 <unknown>\n#13 0x5556fe75aa6f <unknown>\n#14 0x5556fe72669f <unknown>\n#15 0x5556fe77f098 <unknown>\n#16 0x5556fe77f262 <unknown>\n#17 0x5556fe790f34 <unknown>\n#18 0x7f83092f1134 <unknown>","time":{"start":1707527122871,"stop":1707527123151,"duration":280}},{"uid":"d7e8c28fabb43192","reportUrl":"https://zaelcovsky.github.io/StroyremAutomation/227//#testresult/d7e8c28fabb43192","status":"broken","statusDetails":"selenium.common.exceptions.NoSuchElementException: Message: no such element: Unable to locate element: {\"method\":\"xpath\",\"selector\":\"(//a[@class='add-to-cart yellow-btn'])[1]\"}\n  (Session info: chrome-headless-shell=121.0.6167.85); For documentation on this error, please visit: https://www.selenium.dev/documentation/webdriver/troubleshooting/errors#no-such-element-exception\nStacktrace:\n#0 0x56546eda5d93 <unknown>\n#1 0x56546ea89337 <unknown>\n#2 0x56546ead4d60 <unknown>\n#3 0x56546ead4e51 <unknown>\n#4 0x56546eb18bc4 <unknown>\n#5 0x56546eaf746d <unknown>\n#6 0x56546eb1612d <unknown>\n#7 0x56546eaf71e3 <unknown>\n#8 0x56546eac7135 <unknown>\n#9 0x56546eac813e <unknown>\n#10 0x56546ed69e4b <unknown>\n#11 0x56546ed6ddfa <unknown>\n#12 0x56546ed566d5 <unknown>\n#13 0x56546ed6ea6f <unknown>\n#14 0x56546ed3a69f <unknown>\n#15 0x56546ed93098 <unknown>\n#16 0x56546ed93262 <unknown>\n#17 0x56546eda4f34 <unknown>\n#18 0x7f1db406f134 <unknown>","time":{"start":1707440812063,"stop":1707440812358,"duration":295}},{"uid":"c8a3186446256e86","reportUrl":"https://zaelcovsky.github.io/StroyremAutomation/226//#testresult/c8a3186446256e86","status":"broken","statusDetails":"selenium.common.exceptions.NoSuchElementException: Message: no such element: Unable to locate element: {\"method\":\"xpath\",\"selector\":\"(//a[@class='add-to-cart yellow-btn'])[1]\"}\n  (Session info: chrome-headless-shell=121.0.6167.85); For documentation on this error, please visit: https://www.selenium.dev/documentation/webdriver/troubleshooting/errors#no-such-element-exception\nStacktrace:\n#0 0x56454bc96d93 <unknown>\n#1 0x56454b97a337 <unknown>\n#2 0x56454b9c5d60 <unknown>\n#3 0x56454b9c5e51 <unknown>\n#4 0x56454ba09bc4 <unknown>\n#5 0x56454b9e846d <unknown>\n#6 0x56454ba0712d <unknown>\n#7 0x56454b9e81e3 <unknown>\n#8 0x56454b9b8135 <unknown>\n#9 0x56454b9b913e <unknown>\n#10 0x56454bc5ae4b <unknown>\n#11 0x56454bc5edfa <unknown>\n#12 0x56454bc476d5 <unknown>\n#13 0x56454bc5fa6f <unknown>\n#14 0x56454bc2b69f <unknown>\n#15 0x56454bc84098 <unknown>\n#16 0x56454bc84262 <unknown>\n#17 0x56454bc95f34 <unknown>\n#18 0x7f2576e2b134 <unknown>","time":{"start":1707354400304,"stop":1707354400593,"duration":289}},{"uid":"ab57a90503a13ee3","reportUrl":"https://zaelcovsky.github.io/StroyremAutomation/225//#testresult/ab57a90503a13ee3","status":"broken","statusDetails":"selenium.common.exceptions.NoSuchElementException: Message: no such element: Unable to locate element: {\"method\":\"xpath\",\"selector\":\"(//a[@class='add-to-cart yellow-btn'])[1]\"}\n  (Session info: chrome-headless-shell=121.0.6167.85); For documentation on this error, please visit: https://www.selenium.dev/documentation/webdriver/troubleshooting/errors#no-such-element-exception\nStacktrace:\n#0 0x564c8cd23d93 <unknown>\n#1 0x564c8ca07337 <unknown>\n#2 0x564c8ca52d60 <unknown>\n#3 0x564c8ca52e51 <unknown>\n#4 0x564c8ca96bc4 <unknown>\n#5 0x564c8ca7546d <unknown>\n#6 0x564c8ca9412d <unknown>\n#7 0x564c8ca751e3 <unknown>\n#8 0x564c8ca45135 <unknown>\n#9 0x564c8ca4613e <unknown>\n#10 0x564c8cce7e4b <unknown>\n#11 0x564c8ccebdfa <unknown>\n#12 0x564c8ccd46d5 <unknown>\n#13 0x564c8cceca6f <unknown>\n#14 0x564c8ccb869f <unknown>\n#15 0x564c8cd11098 <unknown>\n#16 0x564c8cd11262 <unknown>\n#17 0x564c8cd22f34 <unknown>\n#18 0x7fd28ad3c134 <unknown>","time":{"start":1707267946500,"stop":1707267946909,"duration":409}},{"uid":"5b1989e61d20c996","reportUrl":"https://zaelcovsky.github.io/StroyremAutomation/224//#testresult/5b1989e61d20c996","status":"broken","statusDetails":"selenium.common.exceptions.NoSuchElementException: Message: no such element: Unable to locate element: {\"method\":\"xpath\",\"selector\":\"(//a[@class='add-to-cart yellow-btn'])[1]\"}\n  (Session info: chrome-headless-shell=121.0.6167.85); For documentation on this error, please visit: https://www.selenium.dev/documentation/webdriver/troubleshooting/errors#no-such-element-exception\nStacktrace:\n#0 0x557e3950bd93 <unknown>\n#1 0x557e391ef337 <unknown>\n#2 0x557e3923ad60 <unknown>\n#3 0x557e3923ae51 <unknown>\n#4 0x557e3927ebc4 <unknown>\n#5 0x557e3925d46d <unknown>\n#6 0x557e3927c12d <unknown>\n#7 0x557e3925d1e3 <unknown>\n#8 0x557e3922d135 <unknown>\n#9 0x557e3922e13e <unknown>\n#10 0x557e394cfe4b <unknown>\n#11 0x557e394d3dfa <unknown>\n#12 0x557e394bc6d5 <unknown>\n#13 0x557e394d4a6f <unknown>\n#14 0x557e394a069f <unknown>\n#15 0x557e394f9098 <unknown>\n#16 0x557e394f9262 <unknown>\n#17 0x557e3950af34 <unknown>\n#18 0x7f7e6565f134 <unknown>","time":{"start":1707181650058,"stop":1707181650456,"duration":398}},{"uid":"25902ccfbdd3e1cb","reportUrl":"https://zaelcovsky.github.io/StroyremAutomation/223//#testresult/25902ccfbdd3e1cb","status":"broken","statusDetails":"selenium.common.exceptions.NoSuchElementException: Message: no such element: Unable to locate element: {\"method\":\"xpath\",\"selector\":\"(//a[@class='add-to-cart yellow-btn'])[1]\"}\n  (Session info: chrome-headless-shell=121.0.6167.85); For documentation on this error, please visit: https://www.selenium.dev/documentation/webdriver/troubleshooting/errors#no-such-element-exception\nStacktrace:\n#0 0x555e9406bd93 <unknown>\n#1 0x555e93d4f337 <unknown>\n#2 0x555e93d9ad60 <unknown>\n#3 0x555e93d9ae51 <unknown>\n#4 0x555e93ddebc4 <unknown>\n#5 0x555e93dbd46d <unknown>\n#6 0x555e93ddc12d <unknown>\n#7 0x555e93dbd1e3 <unknown>\n#8 0x555e93d8d135 <unknown>\n#9 0x555e93d8e13e <unknown>\n#10 0x555e9402fe4b <unknown>\n#11 0x555e94033dfa <unknown>\n#12 0x555e9401c6d5 <unknown>\n#13 0x555e94034a6f <unknown>\n#14 0x555e9400069f <unknown>\n#15 0x555e94059098 <unknown>\n#16 0x555e94059262 <unknown>\n#17 0x555e9406af34 <unknown>\n#18 0x7f7313571134 <unknown>","time":{"start":1707095376982,"stop":1707095377383,"duration":401}},{"uid":"636f0fc52fad1489","reportUrl":"https://zaelcovsky.github.io/StroyremAutomation/222//#testresult/636f0fc52fad1489","status":"broken","statusDetails":"selenium.common.exceptions.NoSuchElementException: Message: no such element: Unable to locate element: {\"method\":\"xpath\",\"selector\":\"(//a[@class='add-to-cart yellow-btn'])[1]\"}\n  (Session info: chrome-headless-shell=121.0.6167.85); For documentation on this error, please visit: https://www.selenium.dev/documentation/webdriver/troubleshooting/errors#no-such-element-exception\nStacktrace:\n#0 0x55ab308fbd93 <unknown>\n#1 0x55ab305df337 <unknown>\n#2 0x55ab3062ad60 <unknown>\n#3 0x55ab3062ae51 <unknown>\n#4 0x55ab3066ebc4 <unknown>\n#5 0x55ab3064d46d <unknown>\n#6 0x55ab3066c12d <unknown>\n#7 0x55ab3064d1e3 <unknown>\n#8 0x55ab3061d135 <unknown>\n#9 0x55ab3061e13e <unknown>\n#10 0x55ab308bfe4b <unknown>\n#11 0x55ab308c3dfa <unknown>\n#12 0x55ab308ac6d5 <unknown>\n#13 0x55ab308c4a6f <unknown>\n#14 0x55ab3089069f <unknown>\n#15 0x55ab308e9098 <unknown>\n#16 0x55ab308e9262 <unknown>\n#17 0x55ab308faf34 <unknown>\n#18 0x7fd87a1e7134 <unknown>","time":{"start":1707009129336,"stop":1707009129785,"duration":449}},{"uid":"151285dbf85099","reportUrl":"https://zaelcovsky.github.io/StroyremAutomation/221//#testresult/151285dbf85099","status":"broken","statusDetails":"selenium.common.exceptions.NoSuchElementException: Message: no such element: Unable to locate element: {\"method\":\"xpath\",\"selector\":\"(//a[@class='add-to-cart yellow-btn'])[1]\"}\n  (Session info: chrome-headless-shell=121.0.6167.85); For documentation on this error, please visit: https://www.selenium.dev/documentation/webdriver/troubleshooting/errors#no-such-element-exception\nStacktrace:\n#0 0x55a38af39d93 <unknown>\n#1 0x55a38ac1d337 <unknown>\n#2 0x55a38ac68d60 <unknown>\n#3 0x55a38ac68e51 <unknown>\n#4 0x55a38acacbc4 <unknown>\n#5 0x55a38ac8b46d <unknown>\n#6 0x55a38acaa12d <unknown>\n#7 0x55a38ac8b1e3 <unknown>\n#8 0x55a38ac5b135 <unknown>\n#9 0x55a38ac5c13e <unknown>\n#10 0x55a38aefde4b <unknown>\n#11 0x55a38af01dfa <unknown>\n#12 0x55a38aeea6d5 <unknown>\n#13 0x55a38af02a6f <unknown>\n#14 0x55a38aece69f <unknown>\n#15 0x55a38af27098 <unknown>\n#16 0x55a38af27262 <unknown>\n#17 0x55a38af38f34 <unknown>\n#18 0x7f33de37d134 <unknown>","time":{"start":1706922410484,"stop":1706922410931,"duration":447}},{"uid":"c0eed2fdbd0b5a55","reportUrl":"https://zaelcovsky.github.io/StroyremAutomation/220//#testresult/c0eed2fdbd0b5a55","status":"broken","statusDetails":"selenium.common.exceptions.NoSuchElementException: Message: no such element: Unable to locate element: {\"method\":\"xpath\",\"selector\":\"(//a[@class='add-to-cart yellow-btn'])[1]\"}\n  (Session info: chrome-headless-shell=121.0.6167.85); For documentation on this error, please visit: https://www.selenium.dev/documentation/webdriver/troubleshooting/errors#no-such-element-exception\nStacktrace:\n#0 0x55762c08bd93 <unknown>\n#1 0x55762bd6f337 <unknown>\n#2 0x55762bdbad60 <unknown>\n#3 0x55762bdbae51 <unknown>\n#4 0x55762bdfebc4 <unknown>\n#5 0x55762bddd46d <unknown>\n#6 0x55762bdfc12d <unknown>\n#7 0x55762bddd1e3 <unknown>\n#8 0x55762bdad135 <unknown>\n#9 0x55762bdae13e <unknown>\n#10 0x55762c04fe4b <unknown>\n#11 0x55762c053dfa <unknown>\n#12 0x55762c03c6d5 <unknown>\n#13 0x55762c054a6f <unknown>\n#14 0x55762c02069f <unknown>\n#15 0x55762c079098 <unknown>\n#16 0x55762c079262 <unknown>\n#17 0x55762c08af34 <unknown>\n#18 0x7fe7e58a4134 <unknown>","time":{"start":1706836078005,"stop":1706836078461,"duration":456}},{"uid":"9ed59261194d6eac","reportUrl":"https://zaelcovsky.github.io/StroyremAutomation/219//#testresult/9ed59261194d6eac","status":"broken","statusDetails":"selenium.common.exceptions.NoSuchElementException: Message: no such element: Unable to locate element: {\"method\":\"xpath\",\"selector\":\"(//a[@class='add-to-cart yellow-btn'])[1]\"}\n  (Session info: chrome-headless-shell=121.0.6167.85); For documentation on this error, please visit: https://www.selenium.dev/documentation/webdriver/troubleshooting/errors#no-such-element-exception\nStacktrace:\n#0 0x55ceb25fbd93 <unknown>\n#1 0x55ceb22df337 <unknown>\n#2 0x55ceb232ad60 <unknown>\n#3 0x55ceb232ae51 <unknown>\n#4 0x55ceb236ebc4 <unknown>\n#5 0x55ceb234d46d <unknown>\n#6 0x55ceb236c12d <unknown>\n#7 0x55ceb234d1e3 <unknown>\n#8 0x55ceb231d135 <unknown>\n#9 0x55ceb231e13e <unknown>\n#10 0x55ceb25bfe4b <unknown>\n#11 0x55ceb25c3dfa <unknown>\n#12 0x55ceb25ac6d5 <unknown>\n#13 0x55ceb25c4a6f <unknown>\n#14 0x55ceb259069f <unknown>\n#15 0x55ceb25e9098 <unknown>\n#16 0x55ceb25e9262 <unknown>\n#17 0x55ceb25faf34 <unknown>\n#18 0x7f7db6cee044 <unknown>","time":{"start":1706749972864,"stop":1706749973319,"duration":455}},{"uid":"66e4658c32ab6eb3","reportUrl":"https://zaelcovsky.github.io/StroyremAutomation/218//#testresult/66e4658c32ab6eb3","status":"broken","statusDetails":"selenium.common.exceptions.NoSuchElementException: Message: no such element: Unable to locate element: {\"method\":\"xpath\",\"selector\":\"(//a[@class='add-to-cart yellow-btn'])[1]\"}\n  (Session info: chrome-headless-shell=121.0.6167.85); For documentation on this error, please visit: https://www.selenium.dev/documentation/webdriver/troubleshooting/errors#no-such-element-exception\nStacktrace:\n#0 0x5631899b6d93 <unknown>\n#1 0x56318969a337 <unknown>\n#2 0x5631896e5d60 <unknown>\n#3 0x5631896e5e51 <unknown>\n#4 0x563189729bc4 <unknown>\n#5 0x56318970846d <unknown>\n#6 0x56318972712d <unknown>\n#7 0x5631897081e3 <unknown>\n#8 0x5631896d8135 <unknown>\n#9 0x5631896d913e <unknown>\n#10 0x56318997ae4b <unknown>\n#11 0x56318997edfa <unknown>\n#12 0x5631899676d5 <unknown>\n#13 0x56318997fa6f <unknown>\n#14 0x56318994b69f <unknown>\n#15 0x5631899a4098 <unknown>\n#16 0x5631899a4262 <unknown>\n#17 0x5631899b5f34 <unknown>\n#18 0x7fb0aa604044 <unknown>","time":{"start":1706663289991,"stop":1706663290312,"duration":321}},{"uid":"78d9402abb26b01","reportUrl":"https://zaelcovsky.github.io/StroyremAutomation/217//#testresult/78d9402abb26b01","status":"broken","statusDetails":"selenium.common.exceptions.NoSuchElementException: Message: no such element: Unable to locate element: {\"method\":\"xpath\",\"selector\":\"(//a[@class='add-to-cart yellow-btn'])[1]\"}\n  (Session info: chrome-headless-shell=121.0.6167.85); For documentation on this error, please visit: https://www.selenium.dev/documentation/webdriver/troubleshooting/errors#no-such-element-exception\nStacktrace:\n#0 0x564d932e8d93 <unknown>\n#1 0x564d92fcc337 <unknown>\n#2 0x564d93017d60 <unknown>\n#3 0x564d93017e51 <unknown>\n#4 0x564d9305bbc4 <unknown>\n#5 0x564d9303a46d <unknown>\n#6 0x564d9305912d <unknown>\n#7 0x564d9303a1e3 <unknown>\n#8 0x564d9300a135 <unknown>\n#9 0x564d9300b13e <unknown>\n#10 0x564d932ace4b <unknown>\n#11 0x564d932b0dfa <unknown>\n#12 0x564d932996d5 <unknown>\n#13 0x564d932b1a6f <unknown>\n#14 0x564d9327d69f <unknown>\n#15 0x564d932d6098 <unknown>\n#16 0x564d932d6262 <unknown>\n#17 0x564d932e7f34 <unknown>\n#18 0x7ff569fd2044 <unknown>","time":{"start":1706576848984,"stop":1706576849384,"duration":400}},{"uid":"f32215def2571ed","reportUrl":"https://zaelcovsky.github.io/StroyremAutomation/216//#testresult/f32215def2571ed","status":"broken","statusDetails":"selenium.common.exceptions.NoSuchElementException: Message: no such element: Unable to locate element: {\"method\":\"xpath\",\"selector\":\"(//a[@class='add-to-cart yellow-btn'])[1]\"}\n  (Session info: chrome-headless-shell=121.0.6167.85); For documentation on this error, please visit: https://www.selenium.dev/documentation/webdriver/troubleshooting/errors#no-such-element-exception\nStacktrace:\n#0 0x56101d134d93 <unknown>\n#1 0x56101ce18337 <unknown>\n#2 0x56101ce63d60 <unknown>\n#3 0x56101ce63e51 <unknown>\n#4 0x56101cea7bc4 <unknown>\n#5 0x56101ce8646d <unknown>\n#6 0x56101cea512d <unknown>\n#7 0x56101ce861e3 <unknown>\n#8 0x56101ce56135 <unknown>\n#9 0x56101ce5713e <unknown>\n#10 0x56101d0f8e4b <unknown>\n#11 0x56101d0fcdfa <unknown>\n#12 0x56101d0e56d5 <unknown>\n#13 0x56101d0fda6f <unknown>\n#14 0x56101d0c969f <unknown>\n#15 0x56101d122098 <unknown>\n#16 0x56101d122262 <unknown>\n#17 0x56101d133f34 <unknown>\n#18 0x7f541b45a044 <unknown>","time":{"start":1706490523542,"stop":1706490524003,"duration":461}},{"uid":"1426ecfafa658b4d","reportUrl":"https://zaelcovsky.github.io/StroyremAutomation/215//#testresult/1426ecfafa658b4d","status":"broken","statusDetails":"selenium.common.exceptions.NoSuchElementException: Message: no such element: Unable to locate element: {\"method\":\"xpath\",\"selector\":\"(//a[@class='add-to-cart yellow-btn'])[1]\"}\n  (Session info: chrome-headless-shell=121.0.6167.85); For documentation on this error, please visit: https://www.selenium.dev/documentation/webdriver/troubleshooting/errors#no-such-element-exception\nStacktrace:\n#0 0x560658586d93 <unknown>\n#1 0x56065826a337 <unknown>\n#2 0x5606582b5d60 <unknown>\n#3 0x5606582b5e51 <unknown>\n#4 0x5606582f9bc4 <unknown>\n#5 0x5606582d846d <unknown>\n#6 0x5606582f712d <unknown>\n#7 0x5606582d81e3 <unknown>\n#8 0x5606582a8135 <unknown>\n#9 0x5606582a913e <unknown>\n#10 0x56065854ae4b <unknown>\n#11 0x56065854edfa <unknown>\n#12 0x5606585376d5 <unknown>\n#13 0x56065854fa6f <unknown>\n#14 0x56065851b69f <unknown>\n#15 0x560658574098 <unknown>\n#16 0x560658574262 <unknown>\n#17 0x560658585f34 <unknown>\n#18 0x7fd5c4e93044 <unknown>","time":{"start":1706404358157,"stop":1706404358475,"duration":318}},{"uid":"1040d2ef2ec85de2","reportUrl":"https://zaelcovsky.github.io/StroyremAutomation/214//#testresult/1040d2ef2ec85de2","status":"broken","statusDetails":"selenium.common.exceptions.NoSuchElementException: Message: no such element: Unable to locate element: {\"method\":\"xpath\",\"selector\":\"(//a[@class='add-to-cart yellow-btn'])[1]\"}\n  (Session info: chrome-headless-shell=121.0.6167.85); For documentation on this error, please visit: https://www.selenium.dev/documentation/webdriver/troubleshooting/errors#no-such-element-exception\nStacktrace:\n#0 0x5607ef8e9d93 <unknown>\n#1 0x5607ef5cd337 <unknown>\n#2 0x5607ef618d60 <unknown>\n#3 0x5607ef618e51 <unknown>\n#4 0x5607ef65cbc4 <unknown>\n#5 0x5607ef63b46d <unknown>\n#6 0x5607ef65a12d <unknown>\n#7 0x5607ef63b1e3 <unknown>\n#8 0x5607ef60b135 <unknown>\n#9 0x5607ef60c13e <unknown>\n#10 0x5607ef8ade4b <unknown>\n#11 0x5607ef8b1dfa <unknown>\n#12 0x5607ef89a6d5 <unknown>\n#13 0x5607ef8b2a6f <unknown>\n#14 0x5607ef87e69f <unknown>\n#15 0x5607ef8d7098 <unknown>\n#16 0x5607ef8d7262 <unknown>\n#17 0x5607ef8e8f34 <unknown>\n#18 0x7f50e3d7a044 <unknown>","time":{"start":1706317726256,"stop":1706317726684,"duration":428}},{"uid":"ea12a77d1276fcb7","reportUrl":"https://zaelcovsky.github.io/StroyremAutomation/213//#testresult/ea12a77d1276fcb7","status":"broken","statusDetails":"selenium.common.exceptions.NoSuchElementException: Message: no such element: Unable to locate element: {\"method\":\"xpath\",\"selector\":\"(//a[@class='add-to-cart yellow-btn'])[1]\"}\n  (Session info: chrome-headless-shell=121.0.6167.85); For documentation on this error, please visit: https://www.selenium.dev/documentation/webdriver/troubleshooting/errors#no-such-element-exception\nStacktrace:\n#0 0x564470396d93 <unknown>\n#1 0x56447007a337 <unknown>\n#2 0x5644700c5d60 <unknown>\n#3 0x5644700c5e51 <unknown>\n#4 0x564470109bc4 <unknown>\n#5 0x5644700e846d <unknown>\n#6 0x56447010712d <unknown>\n#7 0x5644700e81e3 <unknown>\n#8 0x5644700b8135 <unknown>\n#9 0x5644700b913e <unknown>\n#10 0x56447035ae4b <unknown>\n#11 0x56447035edfa <unknown>\n#12 0x5644703476d5 <unknown>\n#13 0x56447035fa6f <unknown>\n#14 0x56447032b69f <unknown>\n#15 0x564470384098 <unknown>\n#16 0x564470384262 <unknown>\n#17 0x564470395f34 <unknown>\n#18 0x7fc67bde7044 <unknown>","time":{"start":1706231326254,"stop":1706231326794,"duration":540}},{"uid":"aad54c06a090d22f","reportUrl":"https://zaelcovsky.github.io/StroyremAutomation/212//#testresult/aad54c06a090d22f","status":"broken","statusDetails":"selenium.common.exceptions.WebDriverException: Message: unknown error: net::ERR_CONNECTION_TIMED_OUT\n  (Session info: chrome-headless-shell=121.0.6167.85)\nStacktrace:\n#0 0x562c71fbbd93 <unknown>\n#1 0x562c71c9f337 <unknown>\n#2 0x562c71c97193 <unknown>\n#3 0x562c71c87161 <unknown>\n#4 0x562c71c885cb <unknown>\n#5 0x562c71c87414 <unknown>\n#6 0x562c71c865e5 <unknown>\n#7 0x562c71c86557 <unknown>\n#8 0x562c71c84c1a <unknown>\n#9 0x562c71c851ca <unknown>\n#10 0x562c71ca1b6e <unknown>\n#11 0x562c71d2cd45 <unknown>\n#12 0x562c71d0d442 <unknown>\n#13 0x562c71d2c12d <unknown>\n#14 0x562c71d0d1e3 <unknown>\n#15 0x562c71cdd135 <unknown>\n#16 0x562c71cde13e <unknown>\n#17 0x562c71f7fe4b <unknown>\n#18 0x562c71f83dfa <unknown>\n#19 0x562c71f6c6d5 <unknown>\n#20 0x562c71f84a6f <unknown>\n#21 0x562c71f5069f <unknown>\n#22 0x562c71fa9098 <unknown>\n#23 0x562c71fa9262 <unknown>\n#24 0x562c71fbaf34 <unknown>\n#25 0x7f560c6f1044 <unknown>","time":{"start":1706145891543,"stop":1706146021711,"duration":130168}},{"uid":"4c72aac431561079","reportUrl":"https://zaelcovsky.github.io/StroyremAutomation/211//#testresult/4c72aac431561079","status":"broken","statusDetails":"selenium.common.exceptions.WebDriverException: Message: unknown error: net::ERR_CONNECTION_REFUSED\n  (Session info: chrome-headless-shell=121.0.6167.85)\nStacktrace:\n#0 0x55891985ed93 <unknown>\n#1 0x558919542337 <unknown>\n#2 0x55891953a193 <unknown>\n#3 0x55891952a161 <unknown>\n#4 0x55891952b5cb <unknown>\n#5 0x55891952a414 <unknown>\n#6 0x5589195295e5 <unknown>\n#7 0x558919529557 <unknown>\n#8 0x558919527c1a <unknown>\n#9 0x5589195281ca <unknown>\n#10 0x558919544b6e <unknown>\n#11 0x5589195cfd45 <unknown>\n#12 0x5589195b0442 <unknown>\n#13 0x5589195cf12d <unknown>\n#14 0x5589195b01e3 <unknown>\n#15 0x558919580135 <unknown>\n#16 0x55891958113e <unknown>\n#17 0x558919822e4b <unknown>\n#18 0x558919826dfa <unknown>\n#19 0x55891980f6d5 <unknown>\n#20 0x558919827a6f <unknown>\n#21 0x5589197f369f <unknown>\n#22 0x55891984c098 <unknown>\n#23 0x55891984c262 <unknown>\n#24 0x55891985df34 <unknown>\n#25 0x7f2b7d341044 <unknown>","time":{"start":1706058847307,"stop":1706058847472,"duration":165}},{"uid":"4941d3a51414cd21","reportUrl":"https://zaelcovsky.github.io/StroyremAutomation/210//#testresult/4941d3a51414cd21","status":"broken","statusDetails":"selenium.common.exceptions.WebDriverException: Message: unknown error: net::ERR_CONNECTION_TIMED_OUT\n  (Session info: chrome-headless-shell=120.0.6099.109)\nStacktrace:\n#0 0x560590c58f83 <unknown>\n#1 0x560590911cf7 <unknown>\n#2 0x5605909096ea <unknown>\n#3 0x5605908f85a1 <unknown>\n#4 0x5605908f9d40 <unknown>\n#5 0x5605908f8854 <unknown>\n#6 0x5605908f7586 <unknown>\n#7 0x5605908f744a <unknown>\n#8 0x5605908f57e1 <unknown>\n#9 0x5605908f601a <unknown>\n#10 0x560590914bbe <unknown>\n#11 0x5605909aa7a5 <unknown>\n#12 0x56059098b0b2 <unknown>\n#13 0x5605909aa006 <unknown>\n#14 0x56059098ae53 <unknown>\n#15 0x560590952dd4 <unknown>\n#16 0x5605909541de <unknown>\n#17 0x560590c1d531 <unknown>\n#18 0x560590c21455 <unknown>\n#19 0x560590c09f55 <unknown>\n#20 0x560590c220ef <unknown>\n#21 0x560590bed99f <unknown>\n#22 0x560590c46008 <unknown>\n#23 0x560590c461d7 <unknown>\n#24 0x560590c58124 <unknown>\n#25 0x7f48da73c044 <unknown>","time":{"start":1705973141952,"stop":1705973272109,"duration":130157}}]},"tags":["smoke"]},"source":"cf85545fef7709f9.json","parameterValues":["2480","25","'TD 006'","1990","'products/shtukaturka-gipsovaya-aksolit-m50-30-kg-mashinnogo-naneseniya'","990","'https://sandboxtest.stroyrem-nn.ru/'","1700"]}