{"uid":"ea3fceacb533cd8","name":"TD 026 Доставка товара весом до 11000кг. в синей зоне","fullName":"tests.delivery.test_delivery_calculation.TestDeliveryPageCalculation#test_positive_delivery_blue_zone_smoke","historyId":"8627394da03f78c724b6bd3e4cd7677c","time":{"start":1697505201868,"stop":1697505207571,"duration":5703},"status":"skipped","statusMessage":"XFAIL\n\nselenium.common.exceptions.NoSuchElementException: Message: no such element: Unable to locate element: {\"method\":\"xpath\",\"selector\":\"//input[@class='amount']\"}\n  (Session info: headless chrome=118.0.5993.70); For documentation on this error, please visit: https://www.selenium.dev/documentation/webdriver/troubleshooting/errors#no-such-element-exception\nStacktrace:\n#0 0x5619ca4cdfb3 <unknown>\n#1 0x5619ca1a14a7 <unknown>\n#2 0x5619ca1e8dd6 <unknown>\n#3 0x5619ca1e8ec1 <unknown>\n#4 0x5619ca226354 <unknown>\n#5 0x5619ca20a96d <unknown>\n#6 0x5619ca223c02 <unknown>\n#7 0x5619ca20a713 <unknown>\n#8 0x5619ca1dd18b <unknown>\n#9 0x5619ca1ddf7e <unknown>\n#10 0x5619ca4938d8 <unknown>\n#11 0x5619ca497800 <unknown>\n#12 0x5619ca4a1cfc <unknown>\n#13 0x5619ca498418 <unknown>\n#14 0x5619ca46542f <unknown>\n#15 0x5619ca4bc4e8 <unknown>\n#16 0x5619ca4bc6b4 <unknown>\n#17 0x5619ca4cd143 <unknown>\n#18 0x7fb291b00044 <unknown>","statusTrace":"self = <tests.delivery.test_delivery_calculation.TestDeliveryPageCalculation object at 0x7fac95425e50>\ndriver = <selenium.webdriver.chrome.webdriver.WebDriver (session=\"3834d05c9d8fbd787f1888782ccbe986\")>\nurl = 'https://sandboxtest.stroyrem-nn.ru/', case_id = 'TD 026'\nlink_item = 'products/shtukaturka-gipsovaya-aksolit-m50-30-kg-mashinnogo-naneseniya'\namount = 366, weight = 11000, standard = 8000, in_time = 14900, all_time = 19900\n\n    @pytest.mark.parametrize('case_id, link_item, amount, weight, standard, in_time, all_time', [\n        (\"TD 015\", bundeks_25, 1, 30, 650, 2390, 3320),\n        pytest.param(\n            \"TD 016\", aksolit_30, 8, 300, 650, 2390, 3320,\n            marks=pytest.mark.xfail(reson=\"Цена доставки: - - -\")\n        ),\n        (\"TD 017\", aksolit_30, 13, 400, 650, 2390, 3320),\n        (\"TD 018\", aksolit_30, 16, 500, 850, 2490, 3320),\n        (\"TD 019\", aksolit_30, 25, 1700, 1150, 2490, 3320),\n        (\"TD 020\", aksolit_30, 66, 2000, 1500, 2990, 3650),\n        (\"TD 021\", aksolit_30, 149, 4500, 2600, 4380, 4890),\n        (\"TD 022\", aksolit_30, 166, 5000, 2800, 5490, 5980),\n        pytest.param(\n            \"TD 023\", aksolit_30, 206, 6200, 3300, 7500, 8000,\n            marks=pytest.mark.xfail(reson=\"Цена доставки: 4300 9900 11440\")\n        ),\n        (\"TD 024\", aksolit_30, 299, 9000, 4300, 9900, 11440),\n        (\"TD 025\", aksolit_30, 333, 10000, 7000, 13900, 15900),\n        pytest.param(\n            \"TD 026\", aksolit_30, 366, 11000, 8000, 14900, 19900,\n            marks=pytest.mark.xfail(reson=\"Цена доставки: 7000 13900 15900\")\n        ),\n        pytest.param(\n            \"TD 027\", aksolit_30, 666, 20000, 14000, 16900, 23900,\n            marks=pytest.mark.xfail(reson=\"Цена доставки: 7000 13900 15900\")\n        )\n    ])\n    @pytest.mark.smoke\n    def test_positive_delivery_blue_zone_smoke(\n            self, driver, url, case_id, link_item, amount, weight, standard, in_time, all_time\n    ):\n        allure.dynamic.title(f\"{case_id} Доставка товара весом до {weight}кг. в синей зоне\")\n    \n        driver.get(f'{url}{link_item}')\n        item_page = ItemPage(driver)\n>       item_page.add_item_to_cart(amount).click_on_cart()\n\ntests/delivery/test_delivery_calculation.py:130: \n_ _ _ _ _ _ _ _ _ _ _ _ _ _ _ _ _ _ _ _ _ _ _ _ _ _ _ _ _ _ _ _ _ _ _ _ _ _ _ _ \npages/item_page.py:41: in add_item_to_cart\n    amount_field = self.find_element(self._item_amount)\nbase/seleniumbase.py:17: in find_element\n    return self.driver.find_element(*locator)\n/usr/local/lib/python3.11/site-packages/selenium/webdriver/remote/webdriver.py:740: in find_element\n    return self.execute(Command.FIND_ELEMENT, {\"using\": by, \"value\": value})[\"value\"]\n/usr/local/lib/python3.11/site-packages/selenium/webdriver/remote/webdriver.py:346: in execute\n    self.error_handler.check_response(response)\n_ _ _ _ _ _ _ _ _ _ _ _ _ _ _ _ _ _ _ _ _ _ _ _ _ _ _ _ _ _ _ _ _ _ _ _ _ _ _ _ \n\nself = <selenium.webdriver.remote.errorhandler.ErrorHandler object at 0x7fac95a29050>\nresponse = {'status': 404, 'value': '{\"value\":{\"error\":\"no such element\",\"message\":\"no such element: Unable to locate element: {\\...\\\\n#16 0x5619ca4bc6b4 \\\\u003Cunknown>\\\\n#17 0x5619ca4cd143 \\\\u003Cunknown>\\\\n#18 0x7fb291b00044 \\\\u003Cunknown>\\\\n\"}}'}\n\n    def check_response(self, response: Dict[str, Any]) -> None:\n        \"\"\"Checks that a JSON response from the WebDriver does not have an\n        error.\n    \n        :Args:\n         - response - The JSON response from the WebDriver server as a dictionary\n           object.\n    \n        :Raises: If the response contains an error message.\n        \"\"\"\n        status = response.get(\"status\", None)\n        if not status or status == ErrorCode.SUCCESS:\n            return\n        value = None\n        message = response.get(\"message\", \"\")\n        screen: str = response.get(\"screen\", \"\")\n        stacktrace = None\n        if isinstance(status, int):\n            value_json = response.get(\"value\", None)\n            if value_json and isinstance(value_json, str):\n                import json\n    \n                try:\n                    value = json.loads(value_json)\n                    if len(value) == 1:\n                        value = value[\"value\"]\n                    status = value.get(\"error\", None)\n                    if not status:\n                        status = value.get(\"status\", ErrorCode.UNKNOWN_ERROR)\n                        message = value.get(\"value\") or value.get(\"message\")\n                        if not isinstance(message, str):\n                            value = message\n                            message = message.get(\"message\")\n                    else:\n                        message = value.get(\"message\", None)\n                except ValueError:\n                    pass\n    \n        exception_class: Type[WebDriverException]\n        if status in ErrorCode.NO_SUCH_ELEMENT:\n            exception_class = NoSuchElementException\n        elif status in ErrorCode.NO_SUCH_FRAME:\n            exception_class = NoSuchFrameException\n        elif status in ErrorCode.NO_SUCH_SHADOW_ROOT:\n            exception_class = NoSuchShadowRootException\n        elif status in ErrorCode.NO_SUCH_WINDOW:\n            exception_class = NoSuchWindowException\n        elif status in ErrorCode.STALE_ELEMENT_REFERENCE:\n            exception_class = StaleElementReferenceException\n        elif status in ErrorCode.ELEMENT_NOT_VISIBLE:\n            exception_class = ElementNotVisibleException\n        elif status in ErrorCode.INVALID_ELEMENT_STATE:\n            exception_class = InvalidElementStateException\n        elif (\n            status in ErrorCode.INVALID_SELECTOR\n            or status in ErrorCode.INVALID_XPATH_SELECTOR\n            or status in ErrorCode.INVALID_XPATH_SELECTOR_RETURN_TYPER\n        ):\n            exception_class = InvalidSelectorException\n        elif status in ErrorCode.ELEMENT_IS_NOT_SELECTABLE:\n            exception_class = ElementNotSelectableException\n        elif status in ErrorCode.ELEMENT_NOT_INTERACTABLE:\n            exception_class = ElementNotInteractableException\n        elif status in ErrorCode.INVALID_COOKIE_DOMAIN:\n            exception_class = InvalidCookieDomainException\n        elif status in ErrorCode.UNABLE_TO_SET_COOKIE:\n            exception_class = UnableToSetCookieException\n        elif status in ErrorCode.TIMEOUT:\n            exception_class = TimeoutException\n        elif status in ErrorCode.SCRIPT_TIMEOUT:\n            exception_class = TimeoutException\n        elif status in ErrorCode.UNKNOWN_ERROR:\n            exception_class = WebDriverException\n        elif status in ErrorCode.UNEXPECTED_ALERT_OPEN:\n            exception_class = UnexpectedAlertPresentException\n        elif status in ErrorCode.NO_ALERT_OPEN:\n            exception_class = NoAlertPresentException\n        elif status in ErrorCode.IME_NOT_AVAILABLE:\n            exception_class = ImeNotAvailableException\n        elif status in ErrorCode.IME_ENGINE_ACTIVATION_FAILED:\n            exception_class = ImeActivationFailedException\n        elif status in ErrorCode.MOVE_TARGET_OUT_OF_BOUNDS:\n            exception_class = MoveTargetOutOfBoundsException\n        elif status in ErrorCode.JAVASCRIPT_ERROR:\n            exception_class = JavascriptException\n        elif status in ErrorCode.SESSION_NOT_CREATED:\n            exception_class = SessionNotCreatedException\n        elif status in ErrorCode.INVALID_ARGUMENT:\n            exception_class = InvalidArgumentException\n        elif status in ErrorCode.NO_SUCH_COOKIE:\n            exception_class = NoSuchCookieException\n        elif status in ErrorCode.UNABLE_TO_CAPTURE_SCREEN:\n            exception_class = ScreenshotException\n        elif status in ErrorCode.ELEMENT_CLICK_INTERCEPTED:\n            exception_class = ElementClickInterceptedException\n        elif status in ErrorCode.INSECURE_CERTIFICATE:\n            exception_class = InsecureCertificateException\n        elif status in ErrorCode.INVALID_COORDINATES:\n            exception_class = InvalidCoordinatesException\n        elif status in ErrorCode.INVALID_SESSION_ID:\n            exception_class = InvalidSessionIdException\n        elif status in ErrorCode.UNKNOWN_METHOD:\n            exception_class = UnknownMethodException\n        else:\n            exception_class = WebDriverException\n        if not value:\n            value = response[\"value\"]\n        if isinstance(value, str):\n            raise exception_class(value)\n        if message == \"\" and \"message\" in value:\n            message = value[\"message\"]\n    \n        screen = None  # type: ignore[assignment]\n        if \"screen\" in value:\n            screen = value[\"screen\"]\n    \n        stacktrace = None\n        st_value = value.get(\"stackTrace\") or value.get(\"stacktrace\")\n        if st_value:\n            if isinstance(st_value, str):\n                stacktrace = st_value.split(\"\\n\")\n            else:\n                stacktrace = []\n                try:\n                    for frame in st_value:\n                        line = frame.get(\"lineNumber\", \"\")\n                        file = frame.get(\"fileName\", \"<anonymous>\")\n                        if line:\n                            file = f\"{file}:{line}\"\n                        meth = frame.get(\"methodName\", \"<anonymous>\")\n                        if \"className\" in frame:\n                            meth = f\"{frame['className']}.{meth}\"\n                        msg = \"    at %s (%s)\"\n                        msg = msg % (meth, file)\n                        stacktrace.append(msg)\n                except TypeError:\n                    pass\n        if exception_class == UnexpectedAlertPresentException:\n            alert_text = None\n            if \"data\" in value:\n                alert_text = value[\"data\"].get(\"text\")\n            elif \"alert\" in value:\n                alert_text = value[\"alert\"].get(\"text\")\n            raise exception_class(message, screen, stacktrace, alert_text)  # type: ignore[call-arg]  # mypy is not smart enough here\n>       raise exception_class(message, screen, stacktrace)\nE       selenium.common.exceptions.NoSuchElementException: Message: no such element: Unable to locate element: {\"method\":\"xpath\",\"selector\":\"//input[@class='amount']\"}\nE         (Session info: headless chrome=118.0.5993.70); For documentation on this error, please visit: https://www.selenium.dev/documentation/webdriver/troubleshooting/errors#no-such-element-exception\nE       Stacktrace:\nE       #0 0x5619ca4cdfb3 <unknown>\nE       #1 0x5619ca1a14a7 <unknown>\nE       #2 0x5619ca1e8dd6 <unknown>\nE       #3 0x5619ca1e8ec1 <unknown>\nE       #4 0x5619ca226354 <unknown>\nE       #5 0x5619ca20a96d <unknown>\nE       #6 0x5619ca223c02 <unknown>\nE       #7 0x5619ca20a713 <unknown>\nE       #8 0x5619ca1dd18b <unknown>\nE       #9 0x5619ca1ddf7e <unknown>\nE       #10 0x5619ca4938d8 <unknown>\nE       #11 0x5619ca497800 <unknown>\nE       #12 0x5619ca4a1cfc <unknown>\nE       #13 0x5619ca498418 <unknown>\nE       #14 0x5619ca46542f <unknown>\nE       #15 0x5619ca4bc4e8 <unknown>\nE       #16 0x5619ca4bc6b4 <unknown>\nE       #17 0x5619ca4cd143 <unknown>\nE       #18 0x7fb291b00044 <unknown>\n\n/usr/local/lib/python3.11/site-packages/selenium/webdriver/remote/errorhandler.py:245: NoSuchElementException","flaky":false,"newFailed":false,"newBroken":false,"newPassed":false,"retriesCount":0,"retriesStatusChange":false,"beforeStages":[{"name":"_session_faker","time":{"start":1697504523057,"stop":1697504523154,"duration":97},"status":"passed","steps":[],"attachments":[],"parameters":[],"shouldDisplayMessage":false,"stepsCount":0,"attachmentsCount":0,"hasContent":false},{"name":"clear_allure_results_folder","time":{"start":1697504523154,"stop":1697504523154,"duration":0},"status":"passed","steps":[],"attachments":[],"parameters":[],"shouldDisplayMessage":false,"stepsCount":0,"attachmentsCount":0,"hasContent":false},{"name":"driver","time":{"start":1697505201058,"stop":1697505201865,"duration":807},"status":"passed","steps":[],"attachments":[],"parameters":[],"shouldDisplayMessage":false,"stepsCount":0,"attachmentsCount":0,"hasContent":false},{"name":"setup","time":{"start":1697505201865,"stop":1697505201866,"duration":1},"status":"passed","steps":[],"attachments":[],"parameters":[],"shouldDisplayMessage":false,"stepsCount":0,"attachmentsCount":0,"hasContent":false}],"testStage":{"status":"skipped","statusMessage":"XFAIL\n\nselenium.common.exceptions.NoSuchElementException: Message: no such element: Unable to locate element: {\"method\":\"xpath\",\"selector\":\"//input[@class='amount']\"}\n  (Session info: headless chrome=118.0.5993.70); For documentation on this error, please visit: https://www.selenium.dev/documentation/webdriver/troubleshooting/errors#no-such-element-exception\nStacktrace:\n#0 0x5619ca4cdfb3 <unknown>\n#1 0x5619ca1a14a7 <unknown>\n#2 0x5619ca1e8dd6 <unknown>\n#3 0x5619ca1e8ec1 <unknown>\n#4 0x5619ca226354 <unknown>\n#5 0x5619ca20a96d <unknown>\n#6 0x5619ca223c02 <unknown>\n#7 0x5619ca20a713 <unknown>\n#8 0x5619ca1dd18b <unknown>\n#9 0x5619ca1ddf7e <unknown>\n#10 0x5619ca4938d8 <unknown>\n#11 0x5619ca497800 <unknown>\n#12 0x5619ca4a1cfc <unknown>\n#13 0x5619ca498418 <unknown>\n#14 0x5619ca46542f <unknown>\n#15 0x5619ca4bc4e8 <unknown>\n#16 0x5619ca4bc6b4 <unknown>\n#17 0x5619ca4cd143 <unknown>\n#18 0x7fb291b00044 <unknown>","statusTrace":"self = <tests.delivery.test_delivery_calculation.TestDeliveryPageCalculation object at 0x7fac95425e50>\ndriver = <selenium.webdriver.chrome.webdriver.WebDriver (session=\"3834d05c9d8fbd787f1888782ccbe986\")>\nurl = 'https://sandboxtest.stroyrem-nn.ru/', case_id = 'TD 026'\nlink_item = 'products/shtukaturka-gipsovaya-aksolit-m50-30-kg-mashinnogo-naneseniya'\namount = 366, weight = 11000, standard = 8000, in_time = 14900, all_time = 19900\n\n    @pytest.mark.parametrize('case_id, link_item, amount, weight, standard, in_time, all_time', [\n        (\"TD 015\", bundeks_25, 1, 30, 650, 2390, 3320),\n        pytest.param(\n            \"TD 016\", aksolit_30, 8, 300, 650, 2390, 3320,\n            marks=pytest.mark.xfail(reson=\"Цена доставки: - - -\")\n        ),\n        (\"TD 017\", aksolit_30, 13, 400, 650, 2390, 3320),\n        (\"TD 018\", aksolit_30, 16, 500, 850, 2490, 3320),\n        (\"TD 019\", aksolit_30, 25, 1700, 1150, 2490, 3320),\n        (\"TD 020\", aksolit_30, 66, 2000, 1500, 2990, 3650),\n        (\"TD 021\", aksolit_30, 149, 4500, 2600, 4380, 4890),\n        (\"TD 022\", aksolit_30, 166, 5000, 2800, 5490, 5980),\n        pytest.param(\n            \"TD 023\", aksolit_30, 206, 6200, 3300, 7500, 8000,\n            marks=pytest.mark.xfail(reson=\"Цена доставки: 4300 9900 11440\")\n        ),\n        (\"TD 024\", aksolit_30, 299, 9000, 4300, 9900, 11440),\n        (\"TD 025\", aksolit_30, 333, 10000, 7000, 13900, 15900),\n        pytest.param(\n            \"TD 026\", aksolit_30, 366, 11000, 8000, 14900, 19900,\n            marks=pytest.mark.xfail(reson=\"Цена доставки: 7000 13900 15900\")\n        ),\n        pytest.param(\n            \"TD 027\", aksolit_30, 666, 20000, 14000, 16900, 23900,\n            marks=pytest.mark.xfail(reson=\"Цена доставки: 7000 13900 15900\")\n        )\n    ])\n    @pytest.mark.smoke\n    def test_positive_delivery_blue_zone_smoke(\n            self, driver, url, case_id, link_item, amount, weight, standard, in_time, all_time\n    ):\n        allure.dynamic.title(f\"{case_id} Доставка товара весом до {weight}кг. в синей зоне\")\n    \n        driver.get(f'{url}{link_item}')\n        item_page = ItemPage(driver)\n>       item_page.add_item_to_cart(amount).click_on_cart()\n\ntests/delivery/test_delivery_calculation.py:130: \n_ _ _ _ _ _ _ _ _ _ _ _ _ _ _ _ _ _ _ _ _ _ _ _ _ _ _ _ _ _ _ _ _ _ _ _ _ _ _ _ \npages/item_page.py:41: in add_item_to_cart\n    amount_field = self.find_element(self._item_amount)\nbase/seleniumbase.py:17: in find_element\n    return self.driver.find_element(*locator)\n/usr/local/lib/python3.11/site-packages/selenium/webdriver/remote/webdriver.py:740: in find_element\n    return self.execute(Command.FIND_ELEMENT, {\"using\": by, \"value\": value})[\"value\"]\n/usr/local/lib/python3.11/site-packages/selenium/webdriver/remote/webdriver.py:346: in execute\n    self.error_handler.check_response(response)\n_ _ _ _ _ _ _ _ _ _ _ _ _ _ _ _ _ _ _ _ _ _ _ _ _ _ _ _ _ _ _ _ _ _ _ _ _ _ _ _ \n\nself = <selenium.webdriver.remote.errorhandler.ErrorHandler object at 0x7fac95a29050>\nresponse = {'status': 404, 'value': '{\"value\":{\"error\":\"no such element\",\"message\":\"no such element: Unable to locate element: {\\...\\\\n#16 0x5619ca4bc6b4 \\\\u003Cunknown>\\\\n#17 0x5619ca4cd143 \\\\u003Cunknown>\\\\n#18 0x7fb291b00044 \\\\u003Cunknown>\\\\n\"}}'}\n\n    def check_response(self, response: Dict[str, Any]) -> None:\n        \"\"\"Checks that a JSON response from the WebDriver does not have an\n        error.\n    \n        :Args:\n         - response - The JSON response from the WebDriver server as a dictionary\n           object.\n    \n        :Raises: If the response contains an error message.\n        \"\"\"\n        status = response.get(\"status\", None)\n        if not status or status == ErrorCode.SUCCESS:\n            return\n        value = None\n        message = response.get(\"message\", \"\")\n        screen: str = response.get(\"screen\", \"\")\n        stacktrace = None\n        if isinstance(status, int):\n            value_json = response.get(\"value\", None)\n            if value_json and isinstance(value_json, str):\n                import json\n    \n                try:\n                    value = json.loads(value_json)\n                    if len(value) == 1:\n                        value = value[\"value\"]\n                    status = value.get(\"error\", None)\n                    if not status:\n                        status = value.get(\"status\", ErrorCode.UNKNOWN_ERROR)\n                        message = value.get(\"value\") or value.get(\"message\")\n                        if not isinstance(message, str):\n                            value = message\n                            message = message.get(\"message\")\n                    else:\n                        message = value.get(\"message\", None)\n                except ValueError:\n                    pass\n    \n        exception_class: Type[WebDriverException]\n        if status in ErrorCode.NO_SUCH_ELEMENT:\n            exception_class = NoSuchElementException\n        elif status in ErrorCode.NO_SUCH_FRAME:\n            exception_class = NoSuchFrameException\n        elif status in ErrorCode.NO_SUCH_SHADOW_ROOT:\n            exception_class = NoSuchShadowRootException\n        elif status in ErrorCode.NO_SUCH_WINDOW:\n            exception_class = NoSuchWindowException\n        elif status in ErrorCode.STALE_ELEMENT_REFERENCE:\n            exception_class = StaleElementReferenceException\n        elif status in ErrorCode.ELEMENT_NOT_VISIBLE:\n            exception_class = ElementNotVisibleException\n        elif status in ErrorCode.INVALID_ELEMENT_STATE:\n            exception_class = InvalidElementStateException\n        elif (\n            status in ErrorCode.INVALID_SELECTOR\n            or status in ErrorCode.INVALID_XPATH_SELECTOR\n            or status in ErrorCode.INVALID_XPATH_SELECTOR_RETURN_TYPER\n        ):\n            exception_class = InvalidSelectorException\n        elif status in ErrorCode.ELEMENT_IS_NOT_SELECTABLE:\n            exception_class = ElementNotSelectableException\n        elif status in ErrorCode.ELEMENT_NOT_INTERACTABLE:\n            exception_class = ElementNotInteractableException\n        elif status in ErrorCode.INVALID_COOKIE_DOMAIN:\n            exception_class = InvalidCookieDomainException\n        elif status in ErrorCode.UNABLE_TO_SET_COOKIE:\n            exception_class = UnableToSetCookieException\n        elif status in ErrorCode.TIMEOUT:\n            exception_class = TimeoutException\n        elif status in ErrorCode.SCRIPT_TIMEOUT:\n            exception_class = TimeoutException\n        elif status in ErrorCode.UNKNOWN_ERROR:\n            exception_class = WebDriverException\n        elif status in ErrorCode.UNEXPECTED_ALERT_OPEN:\n            exception_class = UnexpectedAlertPresentException\n        elif status in ErrorCode.NO_ALERT_OPEN:\n            exception_class = NoAlertPresentException\n        elif status in ErrorCode.IME_NOT_AVAILABLE:\n            exception_class = ImeNotAvailableException\n        elif status in ErrorCode.IME_ENGINE_ACTIVATION_FAILED:\n            exception_class = ImeActivationFailedException\n        elif status in ErrorCode.MOVE_TARGET_OUT_OF_BOUNDS:\n            exception_class = MoveTargetOutOfBoundsException\n        elif status in ErrorCode.JAVASCRIPT_ERROR:\n            exception_class = JavascriptException\n        elif status in ErrorCode.SESSION_NOT_CREATED:\n            exception_class = SessionNotCreatedException\n        elif status in ErrorCode.INVALID_ARGUMENT:\n            exception_class = InvalidArgumentException\n        elif status in ErrorCode.NO_SUCH_COOKIE:\n            exception_class = NoSuchCookieException\n        elif status in ErrorCode.UNABLE_TO_CAPTURE_SCREEN:\n            exception_class = ScreenshotException\n        elif status in ErrorCode.ELEMENT_CLICK_INTERCEPTED:\n            exception_class = ElementClickInterceptedException\n        elif status in ErrorCode.INSECURE_CERTIFICATE:\n            exception_class = InsecureCertificateException\n        elif status in ErrorCode.INVALID_COORDINATES:\n            exception_class = InvalidCoordinatesException\n        elif status in ErrorCode.INVALID_SESSION_ID:\n            exception_class = InvalidSessionIdException\n        elif status in ErrorCode.UNKNOWN_METHOD:\n            exception_class = UnknownMethodException\n        else:\n            exception_class = WebDriverException\n        if not value:\n            value = response[\"value\"]\n        if isinstance(value, str):\n            raise exception_class(value)\n        if message == \"\" and \"message\" in value:\n            message = value[\"message\"]\n    \n        screen = None  # type: ignore[assignment]\n        if \"screen\" in value:\n            screen = value[\"screen\"]\n    \n        stacktrace = None\n        st_value = value.get(\"stackTrace\") or value.get(\"stacktrace\")\n        if st_value:\n            if isinstance(st_value, str):\n                stacktrace = st_value.split(\"\\n\")\n            else:\n                stacktrace = []\n                try:\n                    for frame in st_value:\n                        line = frame.get(\"lineNumber\", \"\")\n                        file = frame.get(\"fileName\", \"<anonymous>\")\n                        if line:\n                            file = f\"{file}:{line}\"\n                        meth = frame.get(\"methodName\", \"<anonymous>\")\n                        if \"className\" in frame:\n                            meth = f\"{frame['className']}.{meth}\"\n                        msg = \"    at %s (%s)\"\n                        msg = msg % (meth, file)\n                        stacktrace.append(msg)\n                except TypeError:\n                    pass\n        if exception_class == UnexpectedAlertPresentException:\n            alert_text = None\n            if \"data\" in value:\n                alert_text = value[\"data\"].get(\"text\")\n            elif \"alert\" in value:\n                alert_text = value[\"alert\"].get(\"text\")\n            raise exception_class(message, screen, stacktrace, alert_text)  # type: ignore[call-arg]  # mypy is not smart enough here\n>       raise exception_class(message, screen, stacktrace)\nE       selenium.common.exceptions.NoSuchElementException: Message: no such element: Unable to locate element: {\"method\":\"xpath\",\"selector\":\"//input[@class='amount']\"}\nE         (Session info: headless chrome=118.0.5993.70); For documentation on this error, please visit: https://www.selenium.dev/documentation/webdriver/troubleshooting/errors#no-such-element-exception\nE       Stacktrace:\nE       #0 0x5619ca4cdfb3 <unknown>\nE       #1 0x5619ca1a14a7 <unknown>\nE       #2 0x5619ca1e8dd6 <unknown>\nE       #3 0x5619ca1e8ec1 <unknown>\nE       #4 0x5619ca226354 <unknown>\nE       #5 0x5619ca20a96d <unknown>\nE       #6 0x5619ca223c02 <unknown>\nE       #7 0x5619ca20a713 <unknown>\nE       #8 0x5619ca1dd18b <unknown>\nE       #9 0x5619ca1ddf7e <unknown>\nE       #10 0x5619ca4938d8 <unknown>\nE       #11 0x5619ca497800 <unknown>\nE       #12 0x5619ca4a1cfc <unknown>\nE       #13 0x5619ca498418 <unknown>\nE       #14 0x5619ca46542f <unknown>\nE       #15 0x5619ca4bc4e8 <unknown>\nE       #16 0x5619ca4bc6b4 <unknown>\nE       #17 0x5619ca4cd143 <unknown>\nE       #18 0x7fb291b00044 <unknown>\n\n/usr/local/lib/python3.11/site-packages/selenium/webdriver/remote/errorhandler.py:245: NoSuchElementException","steps":[{"name":"Добавляем товар в корзину в количестве 366","time":{"start":1697505207482,"stop":1697505207570,"duration":88},"status":"broken","statusMessage":"selenium.common.exceptions.NoSuchElementException: Message: no such element: Unable to locate element: {\"method\":\"xpath\",\"selector\":\"//input[@class='amount']\"}\n  (Session info: headless chrome=118.0.5993.70); For documentation on this error, please visit: https://www.selenium.dev/documentation/webdriver/troubleshooting/errors#no-such-element-exception\nStacktrace:\n#0 0x5619ca4cdfb3 <unknown>\n#1 0x5619ca1a14a7 <unknown>\n#2 0x5619ca1e8dd6 <unknown>\n#3 0x5619ca1e8ec1 <unknown>\n#4 0x5619ca226354 <unknown>\n#5 0x5619ca20a96d <unknown>\n#6 0x5619ca223c02 <unknown>\n#7 0x5619ca20a713 <unknown>\n#8 0x5619ca1dd18b <unknown>\n#9 0x5619ca1ddf7e <unknown>\n#10 0x5619ca4938d8 <unknown>\n#11 0x5619ca497800 <unknown>\n#12 0x5619ca4a1cfc <unknown>\n#13 0x5619ca498418 <unknown>\n#14 0x5619ca46542f <unknown>\n#15 0x5619ca4bc4e8 <unknown>\n#16 0x5619ca4bc6b4 <unknown>\n#17 0x5619ca4cd143 <unknown>\n#18 0x7fb291b00044 <unknown>\n\n","statusTrace":"  File \"/usr/local/lib/python3.11/site-packages/allure_commons/_allure.py\", line 192, in impl\n    return func(*a, **kw)\n           ^^^^^^^^^^^^^^\n  File \"/app/pages/item_page.py\", line 41, in add_item_to_cart\n    amount_field = self.find_element(self._item_amount)\n                   ^^^^^^^^^^^^^^^^^^^^^^^^^^^^^^^^^^^^\n  File \"/app/base/seleniumbase.py\", line 17, in find_element\n    return self.driver.find_element(*locator)\n           ^^^^^^^^^^^^^^^^^^^^^^^^^^^^^^^^^^\n  File \"/usr/local/lib/python3.11/site-packages/selenium/webdriver/remote/webdriver.py\", line 740, in find_element\n    return self.execute(Command.FIND_ELEMENT, {\"using\": by, \"value\": value})[\"value\"]\n           ^^^^^^^^^^^^^^^^^^^^^^^^^^^^^^^^^^^^^^^^^^^^^^^^^^^^^^^^^^^^^^^^^\n  File \"/usr/local/lib/python3.11/site-packages/selenium/webdriver/remote/webdriver.py\", line 346, in execute\n    self.error_handler.check_response(response)\n  File \"/usr/local/lib/python3.11/site-packages/selenium/webdriver/remote/errorhandler.py\", line 245, in check_response\n    raise exception_class(message, screen, stacktrace)\n","steps":[],"attachments":[],"parameters":[{"name":"amount","value":"366"}],"shouldDisplayMessage":true,"stepsCount":0,"attachmentsCount":0,"hasContent":true}],"attachments":[{"uid":"76a7134c2833deb6","name":"Screenshot","source":"76a7134c2833deb6.png","type":"image/png","size":115178},{"uid":"cd309b0e2cd69a79","name":"HTML source","source":"cd309b0e2cd69a79.html","type":"text/html","size":303985}],"parameters":[],"shouldDisplayMessage":true,"stepsCount":1,"attachmentsCount":2,"hasContent":true},"afterStages":[{"name":"driver::0","time":{"start":1697505207776,"stop":1697505207836,"duration":60},"status":"passed","steps":[],"attachments":[],"parameters":[],"shouldDisplayMessage":false,"stepsCount":0,"attachmentsCount":0,"hasContent":false},{"name":"setup::0","time":{"start":1697505207776,"stop":1697505207776,"duration":0},"status":"passed","steps":[],"attachments":[],"parameters":[],"shouldDisplayMessage":false,"stepsCount":0,"attachmentsCount":0,"hasContent":false}],"labels":[{"name":"epic","value":"Delivery Page - calculation"},{"name":"tag","value":"smoke"},{"name":"tag","value":"@pytest.mark.xfail(reson='Цена доставки: 7000 13900 15900')"},{"name":"parentSuite","value":"tests.delivery"},{"name":"suite","value":"test_delivery_calculation"},{"name":"subSuite","value":"TestDeliveryPageCalculation"},{"name":"host","value":"5b39d549b693"},{"name":"thread","value":"1-MainThread"},{"name":"framework","value":"pytest"},{"name":"language","value":"cpython3"},{"name":"package","value":"tests.delivery.test_delivery_calculation"},{"name":"resultFormat","value":"allure2"}],"parameters":[{"name":"all_time","value":"19900"},{"name":"amount","value":"366"},{"name":"case_id","value":"'TD 026'"},{"name":"in_time","value":"14900"},{"name":"link_item","value":"'products/shtukaturka-gipsovaya-aksolit-m50-30-kg-mashinnogo-naneseniya'"},{"name":"standard","value":"8000"},{"name":"url","value":"'https://sandboxtest.stroyrem-nn.ru/'"},{"name":"weight","value":"11000"}],"links":[],"hidden":false,"retry":false,"extra":{"severity":"normal","retries":[],"categories":[],"history":{"statistic":{"failed":0,"broken":0,"skipped":48,"passed":0,"unknown":0,"total":48},"items":[{"uid":"eaf3096c62f1fbfa","reportUrl":"https://zaelcovsky.github.io/StroyremAutomation/111//#testresult/eaf3096c62f1fbfa","status":"skipped","statusDetails":"XFAIL\n\nselenium.common.exceptions.NoSuchElementException: Message: no such element: Unable to locate element: {\"method\":\"xpath\",\"selector\":\"//input[@class='amount']\"}\n  (Session info: headless chrome=118.0.5993.70); For documentation on this error, please visit: https://www.selenium.dev/documentation/webdriver/troubleshooting/errors#no-such-element-exception\nStacktrace:\n#0 0x5646c82d7fb3 <unknown>\n#1 0x5646c7fab4a7 <unknown>\n#2 0x5646c7ff2dd6 <unknown>\n#3 0x5646c7ff2ec1 <unknown>\n#4 0x5646c8030354 <unknown>\n#5 0x5646c801496d <unknown>\n#6 0x5646c802dc02 <unknown>\n#7 0x5646c8014713 <unknown>\n#8 0x5646c7fe718b <unknown>\n#9 0x5646c7fe7f7e <unknown>\n#10 0x5646c829d8d8 <unknown>\n#11 0x5646c82a1800 <unknown>\n#12 0x5646c82abcfc <unknown>\n#13 0x5646c82a2418 <unknown>\n#14 0x5646c826f42f <unknown>\n#15 0x5646c82c64e8 <unknown>\n#16 0x5646c82c66b4 <unknown>\n#17 0x5646c82d7143 <unknown>\n#18 0x7f3484dfe044 <unknown>","time":{"start":1697418731361,"stop":1697418737062,"duration":5701}},{"uid":"72643ff5bea22d96","reportUrl":"https://zaelcovsky.github.io/StroyremAutomation/110//#testresult/72643ff5bea22d96","status":"skipped","statusDetails":"XFAIL\n\nselenium.common.exceptions.NoSuchElementException: Message: no such element: Unable to locate element: {\"method\":\"xpath\",\"selector\":\"(//a[@class='add-to-cart yellow-btn'])[1]\"}\n  (Session info: headless chrome=118.0.5993.70); For documentation on this error, please visit: https://www.selenium.dev/documentation/webdriver/troubleshooting/errors#no-such-element-exception\nStacktrace:\n#0 0x55e42ef1cfb3 <unknown>\n#1 0x55e42ebf04a7 <unknown>\n#2 0x55e42ec37dd6 <unknown>\n#3 0x55e42ec37ec1 <unknown>\n#4 0x55e42ec75354 <unknown>\n#5 0x55e42ec5996d <unknown>\n#6 0x55e42ec72c02 <unknown>\n#7 0x55e42ec59713 <unknown>\n#8 0x55e42ec2c18b <unknown>\n#9 0x55e42ec2cf7e <unknown>\n#10 0x55e42eee28d8 <unknown>\n#11 0x55e42eee6800 <unknown>\n#12 0x55e42eef0cfc <unknown>\n#13 0x55e42eee7418 <unknown>\n#14 0x55e42eeb442f <unknown>\n#15 0x55e42ef0b4e8 <unknown>\n#16 0x55e42ef0b6b4 <unknown>\n#17 0x55e42ef1c143 <unknown>\n#18 0x7f30ff7a1044 <unknown>","time":{"start":1697332407003,"stop":1697332407638,"duration":635}},{"uid":"edbeb70a51f2b372","reportUrl":"https://zaelcovsky.github.io/StroyremAutomation/109//#testresult/edbeb70a51f2b372","status":"skipped","statusDetails":"XFAIL\n\nselenium.common.exceptions.NoSuchElementException: Message: no such element: Unable to locate element: {\"method\":\"xpath\",\"selector\":\"//input[@class='amount']\"}\n  (Session info: headless chrome=118.0.5993.70); For documentation on this error, please visit: https://www.selenium.dev/documentation/webdriver/troubleshooting/errors#no-such-element-exception\nStacktrace:\n#0 0x55b724d58fb3 <unknown>\n#1 0x55b724a2c4a7 <unknown>\n#2 0x55b724a73dd6 <unknown>\n#3 0x55b724a73ec1 <unknown>\n#4 0x55b724ab1354 <unknown>\n#5 0x55b724a9596d <unknown>\n#6 0x55b724aaec02 <unknown>\n#7 0x55b724a95713 <unknown>\n#8 0x55b724a6818b <unknown>\n#9 0x55b724a68f7e <unknown>\n#10 0x55b724d1e8d8 <unknown>\n#11 0x55b724d22800 <unknown>\n#12 0x55b724d2ccfc <unknown>\n#13 0x55b724d23418 <unknown>\n#14 0x55b724cf042f <unknown>\n#15 0x55b724d474e8 <unknown>\n#16 0x55b724d476b4 <unknown>\n#17 0x55b724d58143 <unknown>\n#18 0x7f3f52589044 <unknown>","time":{"start":1697246153309,"stop":1697246169247,"duration":15938}},{"uid":"4c7dda55ccb74a0f","reportUrl":"https://zaelcovsky.github.io/StroyremAutomation/108//#testresult/4c7dda55ccb74a0f","status":"skipped","statusDetails":"XFAIL\n\nselenium.common.exceptions.NoSuchElementException: Message: no such element: Unable to locate element: {\"method\":\"xpath\",\"selector\":\"(//a[@class='add-to-cart yellow-btn'])[1]\"}\n  (Session info: headless chrome=118.0.5993.70); For documentation on this error, please visit: https://www.selenium.dev/documentation/webdriver/troubleshooting/errors#no-such-element-exception\nStacktrace:\n#0 0x55e646906fb3 <unknown>\n#1 0x55e6465da4a7 <unknown>\n#2 0x55e646621dd6 <unknown>\n#3 0x55e646621ec1 <unknown>\n#4 0x55e64665f354 <unknown>\n#5 0x55e64664396d <unknown>\n#6 0x55e64665cc02 <unknown>\n#7 0x55e646643713 <unknown>\n#8 0x55e64661618b <unknown>\n#9 0x55e646616f7e <unknown>\n#10 0x55e6468cc8d8 <unknown>\n#11 0x55e6468d0800 <unknown>\n#12 0x55e6468dacfc <unknown>\n#13 0x55e6468d1418 <unknown>\n#14 0x55e64689e42f <unknown>\n#15 0x55e6468f54e8 <unknown>\n#16 0x55e6468f56b4 <unknown>\n#17 0x55e646906143 <unknown>\n#18 0x7f92dbeda044 <unknown>","time":{"start":1697159574695,"stop":1697159579766,"duration":5071}},{"uid":"60e59b53a60fce7d","reportUrl":"https://zaelcovsky.github.io/StroyremAutomation/107//#testresult/60e59b53a60fce7d","status":"skipped","statusDetails":"XFAIL\n\nselenium.common.exceptions.NoSuchElementException: Message: no such element: Unable to locate element: {\"method\":\"xpath\",\"selector\":\"(//a[@class='add-to-cart yellow-btn'])[1]\"}\n  (Session info: headless chrome=118.0.5993.70); For documentation on this error, please visit: https://www.selenium.dev/documentation/webdriver/troubleshooting/errors#no-such-element-exception\nStacktrace:\n#0 0x560fa0f60fb3 <unknown>\n#1 0x560fa0c344a7 <unknown>\n#2 0x560fa0c7bdd6 <unknown>\n#3 0x560fa0c7bec1 <unknown>\n#4 0x560fa0cb9354 <unknown>\n#5 0x560fa0c9d96d <unknown>\n#6 0x560fa0cb6c02 <unknown>\n#7 0x560fa0c9d713 <unknown>\n#8 0x560fa0c7018b <unknown>\n#9 0x560fa0c70f7e <unknown>\n#10 0x560fa0f268d8 <unknown>\n#11 0x560fa0f2a800 <unknown>\n#12 0x560fa0f34cfc <unknown>\n#13 0x560fa0f2b418 <unknown>\n#14 0x560fa0ef842f <unknown>\n#15 0x560fa0f4f4e8 <unknown>\n#16 0x560fa0f4f6b4 <unknown>\n#17 0x560fa0f60143 <unknown>\n#18 0x7f7efcdca044 <unknown>","time":{"start":1697072954909,"stop":1697072958206,"duration":3297}},{"uid":"a685fbab4896f82b","reportUrl":"https://zaelcovsky.github.io/StroyremAutomation/106//#testresult/a685fbab4896f82b","status":"skipped","statusDetails":"XFAIL\n\nselenium.common.exceptions.NoSuchElementException: Message: no such element: Unable to locate element: {\"method\":\"xpath\",\"selector\":\"(//a[@class='add-to-cart yellow-btn'])[1]\"}\n  (Session info: headless chrome=118.0.5993.70); For documentation on this error, please visit: https://www.selenium.dev/documentation/webdriver/troubleshooting/errors#no-such-element-exception\nStacktrace:\n#0 0x556aef035fb3 <unknown>\n#1 0x556aeed094a7 <unknown>\n#2 0x556aeed50dd6 <unknown>\n#3 0x556aeed50ec1 <unknown>\n#4 0x556aeed8e354 <unknown>\n#5 0x556aeed7296d <unknown>\n#6 0x556aeed8bc02 <unknown>\n#7 0x556aeed72713 <unknown>\n#8 0x556aeed4518b <unknown>\n#9 0x556aeed45f7e <unknown>\n#10 0x556aeeffb8d8 <unknown>\n#11 0x556aeefff800 <unknown>\n#12 0x556aef009cfc <unknown>\n#13 0x556aef000418 <unknown>\n#14 0x556aeefcd42f <unknown>\n#15 0x556aef0244e8 <unknown>\n#16 0x556aef0246b4 <unknown>\n#17 0x556aef035143 <unknown>\n#18 0x7fc71de63044 <unknown>","time":{"start":1696986588238,"stop":1696986591264,"duration":3026}},{"uid":"a5257a638522fd49","reportUrl":"https://zaelcovsky.github.io/StroyremAutomation/105//#testresult/a5257a638522fd49","status":"skipped","statusDetails":"XFAIL\n\nselenium.common.exceptions.NoSuchElementException: Message: no such element: Unable to locate element: {\"method\":\"xpath\",\"selector\":\"(//a[@class='add-to-cart yellow-btn'])[1]\"}\n  (Session info: headless chrome=117.0.5938.149); For documentation on this error, please visit: https://www.selenium.dev/documentation/webdriver/troubleshooting/errors#no-such-element-exception\nStacktrace:\n#0 0x561fcfe94933 <unknown>\n#1 0x561fcfb6e6f7 <unknown>\n#2 0x561fcfbb5aa6 <unknown>\n#3 0x561fcfbb5b91 <unknown>\n#4 0x561fcfbf2fc4 <unknown>\n#5 0x561fcfbd762d <unknown>\n#6 0x561fcfbf0857 <unknown>\n#7 0x561fcfbd73d3 <unknown>\n#8 0x561fcfba9e64 <unknown>\n#9 0x561fcfbaac4e <unknown>\n#10 0x561fcfe5a558 <unknown>\n#11 0x561fcfe5e4a0 <unknown>\n#12 0x561fcfe6897c <unknown>\n#13 0x561fcfe5f0b8 <unknown>\n#14 0x561fcfe2acdf <unknown>\n#15 0x561fcfe83048 <unknown>\n#16 0x561fcfe83219 <unknown>\n#17 0x561fcfe93ac3 <unknown>\n#18 0x7f9c67093044 <unknown>","time":{"start":1696900074780,"stop":1696900075190,"duration":410}},{"uid":"72be45e9a602bdfd","reportUrl":"https://zaelcovsky.github.io/StroyremAutomation/104//#testresult/72be45e9a602bdfd","status":"skipped","statusDetails":"XFAIL\n\nselenium.common.exceptions.NoSuchElementException: Message: no such element: Unable to locate element: {\"method\":\"xpath\",\"selector\":\"(//a[@class='add-to-cart yellow-btn'])[1]\"}\n  (Session info: headless chrome=117.0.5938.149); For documentation on this error, please visit: https://www.selenium.dev/documentation/webdriver/troubleshooting/errors#no-such-element-exception\nStacktrace:\n#0 0x555f5957b933 <unknown>\n#1 0x555f592556f7 <unknown>\n#2 0x555f5929caa6 <unknown>\n#3 0x555f5929cb91 <unknown>\n#4 0x555f592d9fc4 <unknown>\n#5 0x555f592be62d <unknown>\n#6 0x555f592d7857 <unknown>\n#7 0x555f592be3d3 <unknown>\n#8 0x555f59290e64 <unknown>\n#9 0x555f59291c4e <unknown>\n#10 0x555f59541558 <unknown>\n#11 0x555f595454a0 <unknown>\n#12 0x555f5954f97c <unknown>\n#13 0x555f595460b8 <unknown>\n#14 0x555f59511cdf <unknown>\n#15 0x555f5956a048 <unknown>\n#16 0x555f5956a219 <unknown>\n#17 0x555f5957aac3 <unknown>\n#18 0x7f272ab0b044 <unknown>","time":{"start":1696813779211,"stop":1696813779747,"duration":536}},{"uid":"d057571f58093ac1","reportUrl":"https://zaelcovsky.github.io/StroyremAutomation/103//#testresult/d057571f58093ac1","status":"skipped","statusDetails":"XFAIL\n\nselenium.common.exceptions.NoSuchElementException: Message: no such element: Unable to locate element: {\"method\":\"xpath\",\"selector\":\"(//a[@class='add-to-cart yellow-btn'])[1]\"}\n  (Session info: headless chrome=117.0.5938.149); For documentation on this error, please visit: https://www.selenium.dev/documentation/webdriver/troubleshooting/errors#no-such-element-exception\nStacktrace:\n#0 0x55ecfd117933 <unknown>\n#1 0x55ecfcdf16f7 <unknown>\n#2 0x55ecfce38aa6 <unknown>\n#3 0x55ecfce38b91 <unknown>\n#4 0x55ecfce75fc4 <unknown>\n#5 0x55ecfce5a62d <unknown>\n#6 0x55ecfce73857 <unknown>\n#7 0x55ecfce5a3d3 <unknown>\n#8 0x55ecfce2ce64 <unknown>\n#9 0x55ecfce2dc4e <unknown>\n#10 0x55ecfd0dd558 <unknown>\n#11 0x55ecfd0e14a0 <unknown>\n#12 0x55ecfd0eb97c <unknown>\n#13 0x55ecfd0e20b8 <unknown>\n#14 0x55ecfd0adcdf <unknown>\n#15 0x55ecfd106048 <unknown>\n#16 0x55ecfd106219 <unknown>\n#17 0x55ecfd116ac3 <unknown>\n#18 0x7fb048b10044 <unknown>","time":{"start":1696727644281,"stop":1696727644898,"duration":617}},{"uid":"de390e1e67416aa5","reportUrl":"https://zaelcovsky.github.io/StroyremAutomation/102//#testresult/de390e1e67416aa5","status":"skipped","statusDetails":"XFAIL\n\nselenium.common.exceptions.NoSuchElementException: Message: no such element: Unable to locate element: {\"method\":\"xpath\",\"selector\":\"(//a[@class='add-to-cart yellow-btn'])[1]\"}\n  (Session info: headless chrome=117.0.5938.149); For documentation on this error, please visit: https://www.selenium.dev/documentation/webdriver/troubleshooting/errors#no-such-element-exception\nStacktrace:\n#0 0x562f3a573933 <unknown>\n#1 0x562f3a24d6f7 <unknown>\n#2 0x562f3a294aa6 <unknown>\n#3 0x562f3a294b91 <unknown>\n#4 0x562f3a2d1fc4 <unknown>\n#5 0x562f3a2b662d <unknown>\n#6 0x562f3a2cf857 <unknown>\n#7 0x562f3a2b63d3 <unknown>\n#8 0x562f3a288e64 <unknown>\n#9 0x562f3a289c4e <unknown>\n#10 0x562f3a539558 <unknown>\n#11 0x562f3a53d4a0 <unknown>\n#12 0x562f3a54797c <unknown>\n#13 0x562f3a53e0b8 <unknown>\n#14 0x562f3a509cdf <unknown>\n#15 0x562f3a562048 <unknown>\n#16 0x562f3a562219 <unknown>\n#17 0x562f3a572ac3 <unknown>\n#18 0x7f14d7719044 <unknown>","time":{"start":1696640936027,"stop":1696640936578,"duration":551}},{"uid":"85388e24bd06d493","reportUrl":"https://zaelcovsky.github.io/StroyremAutomation/101//#testresult/85388e24bd06d493","status":"skipped","statusDetails":"XFAIL\n\nselenium.common.exceptions.NoSuchElementException: Message: no such element: Unable to locate element: {\"method\":\"xpath\",\"selector\":\"(//a[@class='add-to-cart yellow-btn'])[1]\"}\n  (Session info: headless chrome=117.0.5938.149); For documentation on this error, please visit: https://www.selenium.dev/documentation/webdriver/troubleshooting/errors#no-such-element-exception\nStacktrace:\n#0 0x5578d2d0c933 <unknown>\n#1 0x5578d29e66f7 <unknown>\n#2 0x5578d2a2daa6 <unknown>\n#3 0x5578d2a2db91 <unknown>\n#4 0x5578d2a6afc4 <unknown>\n#5 0x5578d2a4f62d <unknown>\n#6 0x5578d2a68857 <unknown>\n#7 0x5578d2a4f3d3 <unknown>\n#8 0x5578d2a21e64 <unknown>\n#9 0x5578d2a22c4e <unknown>\n#10 0x5578d2cd2558 <unknown>\n#11 0x5578d2cd64a0 <unknown>\n#12 0x5578d2ce097c <unknown>\n#13 0x5578d2cd70b8 <unknown>\n#14 0x5578d2ca2cdf <unknown>\n#15 0x5578d2cfb048 <unknown>\n#16 0x5578d2cfb219 <unknown>\n#17 0x5578d2d0bac3 <unknown>\n#18 0x7fe654f38044 <unknown>","time":{"start":1696554541667,"stop":1696554542164,"duration":497}},{"uid":"dc9798bc646fb496","reportUrl":"https://zaelcovsky.github.io/StroyremAutomation/100//#testresult/dc9798bc646fb496","status":"skipped","statusDetails":"XFAIL\n\nselenium.common.exceptions.NoSuchElementException: Message: no such element: Unable to locate element: {\"method\":\"xpath\",\"selector\":\"(//a[@class='add-to-cart yellow-btn'])[1]\"}\n  (Session info: headless chrome=117.0.5938.149); For documentation on this error, please visit: https://www.selenium.dev/documentation/webdriver/troubleshooting/errors#no-such-element-exception\nStacktrace:\n#0 0x55b292f1a933 <unknown>\n#1 0x55b292bf46f7 <unknown>\n#2 0x55b292c3baa6 <unknown>\n#3 0x55b292c3bb91 <unknown>\n#4 0x55b292c78fc4 <unknown>\n#5 0x55b292c5d62d <unknown>\n#6 0x55b292c76857 <unknown>\n#7 0x55b292c5d3d3 <unknown>\n#8 0x55b292c2fe64 <unknown>\n#9 0x55b292c30c4e <unknown>\n#10 0x55b292ee0558 <unknown>\n#11 0x55b292ee44a0 <unknown>\n#12 0x55b292eee97c <unknown>\n#13 0x55b292ee50b8 <unknown>\n#14 0x55b292eb0cdf <unknown>\n#15 0x55b292f09048 <unknown>\n#16 0x55b292f09219 <unknown>\n#17 0x55b292f19ac3 <unknown>\n#18 0x7f3b92b12044 <unknown>","time":{"start":1696468373326,"stop":1696468374034,"duration":708}},{"uid":"d58abc9eb52dd56c","reportUrl":"https://zaelcovsky.github.io/StroyremAutomation/99//#testresult/d58abc9eb52dd56c","status":"skipped","statusDetails":"XFAIL\n\nselenium.common.exceptions.NoSuchElementException: Message: no such element: Unable to locate element: {\"method\":\"xpath\",\"selector\":\"(//a[@class='add-to-cart yellow-btn'])[1]\"}\n  (Session info: headless chrome=117.0.5938.92); For documentation on this error, please visit: https://www.selenium.dev/documentation/webdriver/troubleshooting/errors#no-such-element-exception\nStacktrace:\n#0 0x55577af4e6b3 <unknown>\n#1 0x55577ac241e7 <unknown>\n#2 0x55577ac6b566 <unknown>\n#3 0x55577ac6b651 <unknown>\n#4 0x55577aca8a74 <unknown>\n#5 0x55577ac8d0ed <unknown>\n#6 0x55577aca6322 <unknown>\n#7 0x55577ac8ce93 <unknown>\n#8 0x55577ac5f934 <unknown>\n#9 0x55577ac6071e <unknown>\n#10 0x55577af13cb8 <unknown>\n#11 0x55577af17bf0 <unknown>\n#12 0x55577af2219c <unknown>\n#13 0x55577af18808 <unknown>\n#14 0x55577aee527f <unknown>\n#15 0x55577af3ce88 <unknown>\n#16 0x55577af3d059 <unknown>\n#17 0x55577af4d843 <unknown>\n#18 0x7fd8aa53b044 <unknown>","time":{"start":1696381830204,"stop":1696381830713,"duration":509}},{"uid":"81ccfbec5fc62f80","reportUrl":"https://zaelcovsky.github.io/StroyremAutomation/98//#testresult/81ccfbec5fc62f80","status":"skipped","statusDetails":"XFAIL\n\nselenium.common.exceptions.NoSuchElementException: Message: no such element: Unable to locate element: {\"method\":\"xpath\",\"selector\":\"(//a[@class='add-to-cart yellow-btn'])[1]\"}\n  (Session info: headless chrome=117.0.5938.92); For documentation on this error, please visit: https://www.selenium.dev/documentation/webdriver/troubleshooting/errors#no-such-element-exception\nStacktrace:\n#0 0x55d7f8a336b3 <unknown>\n#1 0x55d7f87091e7 <unknown>\n#2 0x55d7f8750566 <unknown>\n#3 0x55d7f8750651 <unknown>\n#4 0x55d7f878da74 <unknown>\n#5 0x55d7f87720ed <unknown>\n#6 0x55d7f878b322 <unknown>\n#7 0x55d7f8771e93 <unknown>\n#8 0x55d7f8744934 <unknown>\n#9 0x55d7f874571e <unknown>\n#10 0x55d7f89f8cb8 <unknown>\n#11 0x55d7f89fcbf0 <unknown>\n#12 0x55d7f8a0719c <unknown>\n#13 0x55d7f89fd808 <unknown>\n#14 0x55d7f89ca27f <unknown>\n#15 0x55d7f8a21e88 <unknown>\n#16 0x55d7f8a22059 <unknown>\n#17 0x55d7f8a32843 <unknown>\n#18 0x7fba964ad044 <unknown>","time":{"start":1696295420626,"stop":1696295421145,"duration":519}},{"uid":"6d7adac30f5ab520","reportUrl":"https://zaelcovsky.github.io/StroyremAutomation/97//#testresult/6d7adac30f5ab520","status":"skipped","statusDetails":"XFAIL\n\nselenium.common.exceptions.NoSuchElementException: Message: no such element: Unable to locate element: {\"method\":\"xpath\",\"selector\":\"(//a[@class='add-to-cart yellow-btn'])[1]\"}\n  (Session info: headless chrome=117.0.5938.92); For documentation on this error, please visit: https://www.selenium.dev/documentation/webdriver/troubleshooting/errors#no-such-element-exception\nStacktrace:\n#0 0x558a4264c6b3 <unknown>\n#1 0x558a423221e7 <unknown>\n#2 0x558a42369566 <unknown>\n#3 0x558a42369651 <unknown>\n#4 0x558a423a6a74 <unknown>\n#5 0x558a4238b0ed <unknown>\n#6 0x558a423a4322 <unknown>\n#7 0x558a4238ae93 <unknown>\n#8 0x558a4235d934 <unknown>\n#9 0x558a4235e71e <unknown>\n#10 0x558a42611cb8 <unknown>\n#11 0x558a42615bf0 <unknown>\n#12 0x558a4262019c <unknown>\n#13 0x558a42616808 <unknown>\n#14 0x558a425e327f <unknown>\n#15 0x558a4263ae88 <unknown>\n#16 0x558a4263b059 <unknown>\n#17 0x558a4264b843 <unknown>\n#18 0x7f7c12b85044 <unknown>","time":{"start":1696208989608,"stop":1696208990235,"duration":627}},{"uid":"f98668ed7655fb5","reportUrl":"https://zaelcovsky.github.io/StroyremAutomation/96//#testresult/f98668ed7655fb5","status":"skipped","statusDetails":"XFAIL\n\nselenium.common.exceptions.NoSuchElementException: Message: no such element: Unable to locate element: {\"method\":\"xpath\",\"selector\":\"(//a[@class='add-to-cart yellow-btn'])[1]\"}\n  (Session info: headless chrome=117.0.5938.92); For documentation on this error, please visit: https://www.selenium.dev/documentation/webdriver/troubleshooting/errors#no-such-element-exception\nStacktrace:\n#0 0x561902f186b3 <unknown>\n#1 0x561902bee1e7 <unknown>\n#2 0x561902c35566 <unknown>\n#3 0x561902c35651 <unknown>\n#4 0x561902c72a74 <unknown>\n#5 0x561902c570ed <unknown>\n#6 0x561902c70322 <unknown>\n#7 0x561902c56e93 <unknown>\n#8 0x561902c29934 <unknown>\n#9 0x561902c2a71e <unknown>\n#10 0x561902eddcb8 <unknown>\n#11 0x561902ee1bf0 <unknown>\n#12 0x561902eec19c <unknown>\n#13 0x561902ee2808 <unknown>\n#14 0x561902eaf27f <unknown>\n#15 0x561902f06e88 <unknown>\n#16 0x561902f07059 <unknown>\n#17 0x561902f17843 <unknown>\n#18 0x7f126415f044 <unknown>","time":{"start":1696123042536,"stop":1696123043161,"duration":625}},{"uid":"6b699c4dbe3db818","reportUrl":"https://zaelcovsky.github.io/StroyremAutomation/95//#testresult/6b699c4dbe3db818","status":"skipped","statusDetails":"XFAIL\n\nselenium.common.exceptions.NoSuchElementException: Message: no such element: Unable to locate element: {\"method\":\"xpath\",\"selector\":\"(//a[@class='add-to-cart yellow-btn'])[1]\"}\n  (Session info: headless chrome=117.0.5938.92); For documentation on this error, please visit: https://www.selenium.dev/documentation/webdriver/troubleshooting/errors#no-such-element-exception\nStacktrace:\n#0 0x55c79740c6b3 <unknown>\n#1 0x55c7970e21e7 <unknown>\n#2 0x55c797129566 <unknown>\n#3 0x55c797129651 <unknown>\n#4 0x55c797166a74 <unknown>\n#5 0x55c79714b0ed <unknown>\n#6 0x55c797164322 <unknown>\n#7 0x55c79714ae93 <unknown>\n#8 0x55c79711d934 <unknown>\n#9 0x55c79711e71e <unknown>\n#10 0x55c7973d1cb8 <unknown>\n#11 0x55c7973d5bf0 <unknown>\n#12 0x55c7973e019c <unknown>\n#13 0x55c7973d6808 <unknown>\n#14 0x55c7973a327f <unknown>\n#15 0x55c7973fae88 <unknown>\n#16 0x55c7973fb059 <unknown>\n#17 0x55c79740b843 <unknown>\n#18 0x7f8b64608044 <unknown>","time":{"start":1696035970121,"stop":1696035970540,"duration":419}},{"uid":"86e18dcb6f870a05","reportUrl":"https://zaelcovsky.github.io/StroyremAutomation/94//#testresult/86e18dcb6f870a05","status":"skipped","statusDetails":"XFAIL\n\nselenium.common.exceptions.NoSuchElementException: Message: no such element: Unable to locate element: {\"method\":\"xpath\",\"selector\":\"(//a[@class='add-to-cart yellow-btn'])[1]\"}\n  (Session info: headless chrome=117.0.5938.92); For documentation on this error, please visit: https://www.selenium.dev/documentation/webdriver/troubleshooting/errors#no-such-element-exception\nStacktrace:\n#0 0x56142ab746b3 <unknown>\n#1 0x56142a84a1e7 <unknown>\n#2 0x56142a891566 <unknown>\n#3 0x56142a891651 <unknown>\n#4 0x56142a8cea74 <unknown>\n#5 0x56142a8b30ed <unknown>\n#6 0x56142a8cc322 <unknown>\n#7 0x56142a8b2e93 <unknown>\n#8 0x56142a885934 <unknown>\n#9 0x56142a88671e <unknown>\n#10 0x56142ab39cb8 <unknown>\n#11 0x56142ab3dbf0 <unknown>\n#12 0x56142ab4819c <unknown>\n#13 0x56142ab3e808 <unknown>\n#14 0x56142ab0b27f <unknown>\n#15 0x56142ab62e88 <unknown>\n#16 0x56142ab63059 <unknown>\n#17 0x56142ab73843 <unknown>\n#18 0x7f000d48e044 <unknown>","time":{"start":1695949662624,"stop":1695949663029,"duration":405}},{"uid":"a9deaab66d42f389","reportUrl":"https://zaelcovsky.github.io/StroyremAutomation/93//#testresult/a9deaab66d42f389","status":"skipped","statusDetails":"XFAIL\n\nselenium.common.exceptions.NoSuchElementException: Message: no such element: Unable to locate element: {\"method\":\"xpath\",\"selector\":\"(//a[@class='add-to-cart yellow-btn'])[1]\"}\n  (Session info: headless chrome=117.0.5938.92); For documentation on this error, please visit: https://www.selenium.dev/documentation/webdriver/troubleshooting/errors#no-such-element-exception\nStacktrace:\n#0 0x562cf6cb36b3 <unknown>\n#1 0x562cf69891e7 <unknown>\n#2 0x562cf69d0566 <unknown>\n#3 0x562cf69d0651 <unknown>\n#4 0x562cf6a0da74 <unknown>\n#5 0x562cf69f20ed <unknown>\n#6 0x562cf6a0b322 <unknown>\n#7 0x562cf69f1e93 <unknown>\n#8 0x562cf69c4934 <unknown>\n#9 0x562cf69c571e <unknown>\n#10 0x562cf6c78cb8 <unknown>\n#11 0x562cf6c7cbf0 <unknown>\n#12 0x562cf6c8719c <unknown>\n#13 0x562cf6c7d808 <unknown>\n#14 0x562cf6c4a27f <unknown>\n#15 0x562cf6ca1e88 <unknown>\n#16 0x562cf6ca2059 <unknown>\n#17 0x562cf6cb2843 <unknown>\n#18 0x7f604d958044 <unknown>","time":{"start":1695863252143,"stop":1695863252675,"duration":532}},{"uid":"28a4bf365f82f590","reportUrl":"https://zaelcovsky.github.io/StroyremAutomation/92//#testresult/28a4bf365f82f590","status":"skipped","statusDetails":"XFAIL\n\nselenium.common.exceptions.ElementNotInteractableException: Message: element not interactable\n  (Session info: headless chrome=117.0.5938.92)\nStacktrace:\n#0 0x55db101d36b3 <unknown>\n#1 0x55db0fea9036 <unknown>\n#2 0x55db0fee7c1d <unknown>\n#3 0x55db0ff120c2 <unknown>\n#4 0x55db0fee5f16 <unknown>\n#5 0x55db0ff1228e <unknown>\n#6 0x55db0ff2b322 <unknown>\n#7 0x55db0ff11e93 <unknown>\n#8 0x55db0fee4934 <unknown>\n#9 0x55db0fee571e <unknown>\n#10 0x55db10198cb8 <unknown>\n#11 0x55db1019cbf0 <unknown>\n#12 0x55db101a719c <unknown>\n#13 0x55db1019d808 <unknown>\n#14 0x55db1016a27f <unknown>\n#15 0x55db101c1e88 <unknown>\n#16 0x55db101c2059 <unknown>\n#17 0x55db101d2843 <unknown>\n#18 0x7fface8f5044 <unknown>","time":{"start":1695777119028,"stop":1695777125728,"duration":6700}}]},"tags":["@pytest.mark.xfail(reson='Цена доставки: 7000 13900 15900')","smoke"]},"source":"ea3fceacb533cd8.json","parameterValues":["19900","366","'TD 026'","14900","'products/shtukaturka-gipsovaya-aksolit-m50-30-kg-mashinnogo-naneseniya'","8000","'https://sandboxtest.stroyrem-nn.ru/'","11000"]}