{"uid":"1d3a7a232687112c","name":"test_positive_delivery_green_zone_smoke[TD 008-products/shtukaturka-gipsovaya-aksolit-m50-30-kg-mashinnogo-naneseniya-149-4500-2300-3980-4490-https://sandboxtest.stroyrem-nn.ru/]","fullName":"tests.delivery.test_delivery_calculation.TestDeliveryPageCalculation#test_positive_delivery_green_zone_smoke","historyId":"a6e4f8846394d8afbfad6037346de2a8","time":{"start":1708218701130,"stop":1708218701473,"duration":343},"status":"broken","statusMessage":"selenium.common.exceptions.NoSuchElementException: Message: no such element: Unable to locate element: {\"method\":\"xpath\",\"selector\":\"(//a[@class='add-to-cart yellow-btn'])[1]\"}\n  (Session info: chrome-headless-shell=121.0.6167.184); For documentation on this error, please visit: https://www.selenium.dev/documentation/webdriver/troubleshooting/errors#no-such-element-exception\nStacktrace:\n#0 0x55c4b3db6303 <unknown>\n#1 0x55c4b3a9b2b7 <unknown>\n#2 0x55c4b3ae6cc0 <unknown>\n#3 0x55c4b3ae6db1 <unknown>\n#4 0x55c4b3b2ab44 <unknown>\n#5 0x55c4b3b093ad <unknown>\n#6 0x55c4b3b2807c <unknown>\n#7 0x55c4b3b09123 <unknown>\n#8 0x55c4b3ad9095 <unknown>\n#9 0x55c4b3ada09e <unknown>\n#10 0x55c4b3d7a6ab <unknown>\n#11 0x55c4b3d7e4ba <unknown>\n#12 0x55c4b3d66f85 <unknown>\n#13 0x55c4b3d7f12f <unknown>\n#14 0x55c4b3d4ae6f <unknown>\n#15 0x55c4b3da35f8 <unknown>\n#16 0x55c4b3da37c2 <unknown>\n#17 0x55c4b3db54a4 <unknown>\n#18 0x7f0b4ea91134 <unknown>","statusTrace":"self = <tests.delivery.test_delivery_calculation.TestDeliveryPageCalculation object at 0x7f439ca1ac10>\ndriver = <selenium.webdriver.chrome.webdriver.WebDriver (session=\"1aa9741225951864922c5d47965b12a5\")>\nurl = 'https://sandboxtest.stroyrem-nn.ru/', case_id = 'TD 008'\nlink_item = 'products/shtukaturka-gipsovaya-aksolit-m50-30-kg-mashinnogo-naneseniya'\namount = 149, weight = 4500, standard = 2300, in_time = 3980, all_time = 4490\n\n    @pytest.mark.parametrize('case_id, link_item, amount, weight, standard, in_time, all_time', [\n        (\"TD 001\", uroven_3000, 1, 30, 0, 1590, 2190),\n        (\"TD 002\", bundeks_25, 1, 30, 400, 1590, 2190),\n        (\"TD 003\", aksolit_30, 8, 300, 400, 1590, 2190),\n        (\"TD 004\", aksolit_30, 13, 400, 450, 1590, 2190),\n        (\"TD 005\", aksolit_30, 16, 500, 600, 1590, 2190),\n        (\"TD 006\", aksolit_30, 25, 1700, 990, 1990, 2480),\n        (\"TD 007\", aksolit_30, 66, 2000, 1300, 2490, 2980),\n        (\"TD 008\", aksolit_30, 149, 4500, 2300, 3980, 4490),\n        (\"TD 009\", aksolit_30, 166, 5000, 2500, 4990, 5480),\n        pytest.param(\n            \"TD 010\", aksolit_30, 206, 6200, 2900, 5570, 6120,\n            marks=pytest.mark.xfail(reson=\"Цена доставки 3600 7960 8980\")\n        ),\n        (\"TD 011\", aksolit_30, 299, 9000, 3600, 7960, 8980),\n        (\"TD 012\", aksolit_30, 333, 10000, 4450, 11990, 12500),\n        pytest.param(\n            \"TD 013\", aksolit_30, 366, 11000, 4800, 12450, 13480,\n            marks=pytest.mark.xfail(reason=\"Цена стандартной доставки 4450\")\n        ),\n        pytest.param(\n            \"TD 014\", aksolit_30, 666, 20000, 5400, 15600, 17490,\n            marks=pytest.mark.xfail(reason=\"Цена стандартной доставки 4450\")\n        )\n    ])\n    @pytest.mark.smoke\n    def test_positive_delivery_green_zone_smoke(\n            self, driver, url, case_id, link_item, amount, weight, standard, in_time, all_time\n    ):\n    \n        driver.get(f'{url}{link_item}')\n        item_page = ItemPage(driver)\n>       item_page.add_item_to_cart(amount).click_on_cart()\n\ntests/delivery/test_delivery_calculation.py:49: \n_ _ _ _ _ _ _ _ _ _ _ _ _ _ _ _ _ _ _ _ _ _ _ _ _ _ _ _ _ _ _ _ _ _ _ _ _ _ _ _ \npages/item_page.py:40: in add_item_to_cart\n    self.find_element(self._add_item).click()\nbase/seleniumbase.py:17: in find_element\n    return self.driver.find_element(*locator)\n/usr/local/lib/python3.11/site-packages/selenium/webdriver/remote/webdriver.py:740: in find_element\n    return self.execute(Command.FIND_ELEMENT, {\"using\": by, \"value\": value})[\"value\"]\n/usr/local/lib/python3.11/site-packages/selenium/webdriver/remote/webdriver.py:346: in execute\n    self.error_handler.check_response(response)\n_ _ _ _ _ _ _ _ _ _ _ _ _ _ _ _ _ _ _ _ _ _ _ _ _ _ _ _ _ _ _ _ _ _ _ _ _ _ _ _ \n\nself = <selenium.webdriver.remote.errorhandler.ErrorHandler object at 0x7f439c703490>\nresponse = {'status': 404, 'value': '{\"value\":{\"error\":\"no such element\",\"message\":\"no such element: Unable to locate element: {\\...\\\\n#16 0x55c4b3da37c2 \\\\u003Cunknown>\\\\n#17 0x55c4b3db54a4 \\\\u003Cunknown>\\\\n#18 0x7f0b4ea91134 \\\\u003Cunknown>\\\\n\"}}'}\n\n    def check_response(self, response: Dict[str, Any]) -> None:\n        \"\"\"Checks that a JSON response from the WebDriver does not have an\n        error.\n    \n        :Args:\n         - response - The JSON response from the WebDriver server as a dictionary\n           object.\n    \n        :Raises: If the response contains an error message.\n        \"\"\"\n        status = response.get(\"status\", None)\n        if not status or status == ErrorCode.SUCCESS:\n            return\n        value = None\n        message = response.get(\"message\", \"\")\n        screen: str = response.get(\"screen\", \"\")\n        stacktrace = None\n        if isinstance(status, int):\n            value_json = response.get(\"value\", None)\n            if value_json and isinstance(value_json, str):\n                import json\n    \n                try:\n                    value = json.loads(value_json)\n                    if len(value) == 1:\n                        value = value[\"value\"]\n                    status = value.get(\"error\", None)\n                    if not status:\n                        status = value.get(\"status\", ErrorCode.UNKNOWN_ERROR)\n                        message = value.get(\"value\") or value.get(\"message\")\n                        if not isinstance(message, str):\n                            value = message\n                            message = message.get(\"message\")\n                    else:\n                        message = value.get(\"message\", None)\n                except ValueError:\n                    pass\n    \n        exception_class: Type[WebDriverException]\n        if status in ErrorCode.NO_SUCH_ELEMENT:\n            exception_class = NoSuchElementException\n        elif status in ErrorCode.NO_SUCH_FRAME:\n            exception_class = NoSuchFrameException\n        elif status in ErrorCode.NO_SUCH_SHADOW_ROOT:\n            exception_class = NoSuchShadowRootException\n        elif status in ErrorCode.NO_SUCH_WINDOW:\n            exception_class = NoSuchWindowException\n        elif status in ErrorCode.STALE_ELEMENT_REFERENCE:\n            exception_class = StaleElementReferenceException\n        elif status in ErrorCode.ELEMENT_NOT_VISIBLE:\n            exception_class = ElementNotVisibleException\n        elif status in ErrorCode.INVALID_ELEMENT_STATE:\n            exception_class = InvalidElementStateException\n        elif (\n            status in ErrorCode.INVALID_SELECTOR\n            or status in ErrorCode.INVALID_XPATH_SELECTOR\n            or status in ErrorCode.INVALID_XPATH_SELECTOR_RETURN_TYPER\n        ):\n            exception_class = InvalidSelectorException\n        elif status in ErrorCode.ELEMENT_IS_NOT_SELECTABLE:\n            exception_class = ElementNotSelectableException\n        elif status in ErrorCode.ELEMENT_NOT_INTERACTABLE:\n            exception_class = ElementNotInteractableException\n        elif status in ErrorCode.INVALID_COOKIE_DOMAIN:\n            exception_class = InvalidCookieDomainException\n        elif status in ErrorCode.UNABLE_TO_SET_COOKIE:\n            exception_class = UnableToSetCookieException\n        elif status in ErrorCode.TIMEOUT:\n            exception_class = TimeoutException\n        elif status in ErrorCode.SCRIPT_TIMEOUT:\n            exception_class = TimeoutException\n        elif status in ErrorCode.UNKNOWN_ERROR:\n            exception_class = WebDriverException\n        elif status in ErrorCode.UNEXPECTED_ALERT_OPEN:\n            exception_class = UnexpectedAlertPresentException\n        elif status in ErrorCode.NO_ALERT_OPEN:\n            exception_class = NoAlertPresentException\n        elif status in ErrorCode.IME_NOT_AVAILABLE:\n            exception_class = ImeNotAvailableException\n        elif status in ErrorCode.IME_ENGINE_ACTIVATION_FAILED:\n            exception_class = ImeActivationFailedException\n        elif status in ErrorCode.MOVE_TARGET_OUT_OF_BOUNDS:\n            exception_class = MoveTargetOutOfBoundsException\n        elif status in ErrorCode.JAVASCRIPT_ERROR:\n            exception_class = JavascriptException\n        elif status in ErrorCode.SESSION_NOT_CREATED:\n            exception_class = SessionNotCreatedException\n        elif status in ErrorCode.INVALID_ARGUMENT:\n            exception_class = InvalidArgumentException\n        elif status in ErrorCode.NO_SUCH_COOKIE:\n            exception_class = NoSuchCookieException\n        elif status in ErrorCode.UNABLE_TO_CAPTURE_SCREEN:\n            exception_class = ScreenshotException\n        elif status in ErrorCode.ELEMENT_CLICK_INTERCEPTED:\n            exception_class = ElementClickInterceptedException\n        elif status in ErrorCode.INSECURE_CERTIFICATE:\n            exception_class = InsecureCertificateException\n        elif status in ErrorCode.INVALID_COORDINATES:\n            exception_class = InvalidCoordinatesException\n        elif status in ErrorCode.INVALID_SESSION_ID:\n            exception_class = InvalidSessionIdException\n        elif status in ErrorCode.UNKNOWN_METHOD:\n            exception_class = UnknownMethodException\n        else:\n            exception_class = WebDriverException\n        if not value:\n            value = response[\"value\"]\n        if isinstance(value, str):\n            raise exception_class(value)\n        if message == \"\" and \"message\" in value:\n            message = value[\"message\"]\n    \n        screen = None  # type: ignore[assignment]\n        if \"screen\" in value:\n            screen = value[\"screen\"]\n    \n        stacktrace = None\n        st_value = value.get(\"stackTrace\") or value.get(\"stacktrace\")\n        if st_value:\n            if isinstance(st_value, str):\n                stacktrace = st_value.split(\"\\n\")\n            else:\n                stacktrace = []\n                try:\n                    for frame in st_value:\n                        line = frame.get(\"lineNumber\", \"\")\n                        file = frame.get(\"fileName\", \"<anonymous>\")\n                        if line:\n                            file = f\"{file}:{line}\"\n                        meth = frame.get(\"methodName\", \"<anonymous>\")\n                        if \"className\" in frame:\n                            meth = f\"{frame['className']}.{meth}\"\n                        msg = \"    at %s (%s)\"\n                        msg = msg % (meth, file)\n                        stacktrace.append(msg)\n                except TypeError:\n                    pass\n        if exception_class == UnexpectedAlertPresentException:\n            alert_text = None\n            if \"data\" in value:\n                alert_text = value[\"data\"].get(\"text\")\n            elif \"alert\" in value:\n                alert_text = value[\"alert\"].get(\"text\")\n            raise exception_class(message, screen, stacktrace, alert_text)  # type: ignore[call-arg]  # mypy is not smart enough here\n>       raise exception_class(message, screen, stacktrace)\nE       selenium.common.exceptions.NoSuchElementException: Message: no such element: Unable to locate element: {\"method\":\"xpath\",\"selector\":\"(//a[@class='add-to-cart yellow-btn'])[1]\"}\nE         (Session info: chrome-headless-shell=121.0.6167.184); For documentation on this error, please visit: https://www.selenium.dev/documentation/webdriver/troubleshooting/errors#no-such-element-exception\nE       Stacktrace:\nE       #0 0x55c4b3db6303 <unknown>\nE       #1 0x55c4b3a9b2b7 <unknown>\nE       #2 0x55c4b3ae6cc0 <unknown>\nE       #3 0x55c4b3ae6db1 <unknown>\nE       #4 0x55c4b3b2ab44 <unknown>\nE       #5 0x55c4b3b093ad <unknown>\nE       #6 0x55c4b3b2807c <unknown>\nE       #7 0x55c4b3b09123 <unknown>\nE       #8 0x55c4b3ad9095 <unknown>\nE       #9 0x55c4b3ada09e <unknown>\nE       #10 0x55c4b3d7a6ab <unknown>\nE       #11 0x55c4b3d7e4ba <unknown>\nE       #12 0x55c4b3d66f85 <unknown>\nE       #13 0x55c4b3d7f12f <unknown>\nE       #14 0x55c4b3d4ae6f <unknown>\nE       #15 0x55c4b3da35f8 <unknown>\nE       #16 0x55c4b3da37c2 <unknown>\nE       #17 0x55c4b3db54a4 <unknown>\nE       #18 0x7f0b4ea91134 <unknown>\n\n/usr/local/lib/python3.11/site-packages/selenium/webdriver/remote/errorhandler.py:245: NoSuchElementException","flaky":false,"newFailed":false,"newBroken":false,"newPassed":false,"retriesCount":0,"retriesStatusChange":false,"beforeStages":[{"name":"_session_faker","time":{"start":1708218257804,"stop":1708218257874,"duration":70},"status":"passed","steps":[],"attachments":[],"parameters":[],"shouldDisplayMessage":false,"stepsCount":0,"attachmentsCount":0,"hasContent":false,"attachmentStep":false},{"name":"clear_allure_results_folder","time":{"start":1708218257874,"stop":1708218257874,"duration":0},"status":"passed","steps":[],"attachments":[],"parameters":[],"shouldDisplayMessage":false,"stepsCount":0,"attachmentsCount":0,"hasContent":false,"attachmentStep":false},{"name":"driver","time":{"start":1708218700395,"stop":1708218701129,"duration":734},"status":"passed","steps":[],"attachments":[],"parameters":[],"shouldDisplayMessage":false,"stepsCount":0,"attachmentsCount":0,"hasContent":false,"attachmentStep":false},{"name":"setup","time":{"start":1708218701129,"stop":1708218701129,"duration":0},"status":"passed","steps":[],"attachments":[],"parameters":[],"shouldDisplayMessage":false,"stepsCount":0,"attachmentsCount":0,"hasContent":false,"attachmentStep":false}],"testStage":{"status":"broken","statusMessage":"selenium.common.exceptions.NoSuchElementException: Message: no such element: Unable to locate element: {\"method\":\"xpath\",\"selector\":\"(//a[@class='add-to-cart yellow-btn'])[1]\"}\n  (Session info: chrome-headless-shell=121.0.6167.184); For documentation on this error, please visit: https://www.selenium.dev/documentation/webdriver/troubleshooting/errors#no-such-element-exception\nStacktrace:\n#0 0x55c4b3db6303 <unknown>\n#1 0x55c4b3a9b2b7 <unknown>\n#2 0x55c4b3ae6cc0 <unknown>\n#3 0x55c4b3ae6db1 <unknown>\n#4 0x55c4b3b2ab44 <unknown>\n#5 0x55c4b3b093ad <unknown>\n#6 0x55c4b3b2807c <unknown>\n#7 0x55c4b3b09123 <unknown>\n#8 0x55c4b3ad9095 <unknown>\n#9 0x55c4b3ada09e <unknown>\n#10 0x55c4b3d7a6ab <unknown>\n#11 0x55c4b3d7e4ba <unknown>\n#12 0x55c4b3d66f85 <unknown>\n#13 0x55c4b3d7f12f <unknown>\n#14 0x55c4b3d4ae6f <unknown>\n#15 0x55c4b3da35f8 <unknown>\n#16 0x55c4b3da37c2 <unknown>\n#17 0x55c4b3db54a4 <unknown>\n#18 0x7f0b4ea91134 <unknown>","statusTrace":"self = <tests.delivery.test_delivery_calculation.TestDeliveryPageCalculation object at 0x7f439ca1ac10>\ndriver = <selenium.webdriver.chrome.webdriver.WebDriver (session=\"1aa9741225951864922c5d47965b12a5\")>\nurl = 'https://sandboxtest.stroyrem-nn.ru/', case_id = 'TD 008'\nlink_item = 'products/shtukaturka-gipsovaya-aksolit-m50-30-kg-mashinnogo-naneseniya'\namount = 149, weight = 4500, standard = 2300, in_time = 3980, all_time = 4490\n\n    @pytest.mark.parametrize('case_id, link_item, amount, weight, standard, in_time, all_time', [\n        (\"TD 001\", uroven_3000, 1, 30, 0, 1590, 2190),\n        (\"TD 002\", bundeks_25, 1, 30, 400, 1590, 2190),\n        (\"TD 003\", aksolit_30, 8, 300, 400, 1590, 2190),\n        (\"TD 004\", aksolit_30, 13, 400, 450, 1590, 2190),\n        (\"TD 005\", aksolit_30, 16, 500, 600, 1590, 2190),\n        (\"TD 006\", aksolit_30, 25, 1700, 990, 1990, 2480),\n        (\"TD 007\", aksolit_30, 66, 2000, 1300, 2490, 2980),\n        (\"TD 008\", aksolit_30, 149, 4500, 2300, 3980, 4490),\n        (\"TD 009\", aksolit_30, 166, 5000, 2500, 4990, 5480),\n        pytest.param(\n            \"TD 010\", aksolit_30, 206, 6200, 2900, 5570, 6120,\n            marks=pytest.mark.xfail(reson=\"Цена доставки 3600 7960 8980\")\n        ),\n        (\"TD 011\", aksolit_30, 299, 9000, 3600, 7960, 8980),\n        (\"TD 012\", aksolit_30, 333, 10000, 4450, 11990, 12500),\n        pytest.param(\n            \"TD 013\", aksolit_30, 366, 11000, 4800, 12450, 13480,\n            marks=pytest.mark.xfail(reason=\"Цена стандартной доставки 4450\")\n        ),\n        pytest.param(\n            \"TD 014\", aksolit_30, 666, 20000, 5400, 15600, 17490,\n            marks=pytest.mark.xfail(reason=\"Цена стандартной доставки 4450\")\n        )\n    ])\n    @pytest.mark.smoke\n    def test_positive_delivery_green_zone_smoke(\n            self, driver, url, case_id, link_item, amount, weight, standard, in_time, all_time\n    ):\n    \n        driver.get(f'{url}{link_item}')\n        item_page = ItemPage(driver)\n>       item_page.add_item_to_cart(amount).click_on_cart()\n\ntests/delivery/test_delivery_calculation.py:49: \n_ _ _ _ _ _ _ _ _ _ _ _ _ _ _ _ _ _ _ _ _ _ _ _ _ _ _ _ _ _ _ _ _ _ _ _ _ _ _ _ \npages/item_page.py:40: in add_item_to_cart\n    self.find_element(self._add_item).click()\nbase/seleniumbase.py:17: in find_element\n    return self.driver.find_element(*locator)\n/usr/local/lib/python3.11/site-packages/selenium/webdriver/remote/webdriver.py:740: in find_element\n    return self.execute(Command.FIND_ELEMENT, {\"using\": by, \"value\": value})[\"value\"]\n/usr/local/lib/python3.11/site-packages/selenium/webdriver/remote/webdriver.py:346: in execute\n    self.error_handler.check_response(response)\n_ _ _ _ _ _ _ _ _ _ _ _ _ _ _ _ _ _ _ _ _ _ _ _ _ _ _ _ _ _ _ _ _ _ _ _ _ _ _ _ \n\nself = <selenium.webdriver.remote.errorhandler.ErrorHandler object at 0x7f439c703490>\nresponse = {'status': 404, 'value': '{\"value\":{\"error\":\"no such element\",\"message\":\"no such element: Unable to locate element: {\\...\\\\n#16 0x55c4b3da37c2 \\\\u003Cunknown>\\\\n#17 0x55c4b3db54a4 \\\\u003Cunknown>\\\\n#18 0x7f0b4ea91134 \\\\u003Cunknown>\\\\n\"}}'}\n\n    def check_response(self, response: Dict[str, Any]) -> None:\n        \"\"\"Checks that a JSON response from the WebDriver does not have an\n        error.\n    \n        :Args:\n         - response - The JSON response from the WebDriver server as a dictionary\n           object.\n    \n        :Raises: If the response contains an error message.\n        \"\"\"\n        status = response.get(\"status\", None)\n        if not status or status == ErrorCode.SUCCESS:\n            return\n        value = None\n        message = response.get(\"message\", \"\")\n        screen: str = response.get(\"screen\", \"\")\n        stacktrace = None\n        if isinstance(status, int):\n            value_json = response.get(\"value\", None)\n            if value_json and isinstance(value_json, str):\n                import json\n    \n                try:\n                    value = json.loads(value_json)\n                    if len(value) == 1:\n                        value = value[\"value\"]\n                    status = value.get(\"error\", None)\n                    if not status:\n                        status = value.get(\"status\", ErrorCode.UNKNOWN_ERROR)\n                        message = value.get(\"value\") or value.get(\"message\")\n                        if not isinstance(message, str):\n                            value = message\n                            message = message.get(\"message\")\n                    else:\n                        message = value.get(\"message\", None)\n                except ValueError:\n                    pass\n    \n        exception_class: Type[WebDriverException]\n        if status in ErrorCode.NO_SUCH_ELEMENT:\n            exception_class = NoSuchElementException\n        elif status in ErrorCode.NO_SUCH_FRAME:\n            exception_class = NoSuchFrameException\n        elif status in ErrorCode.NO_SUCH_SHADOW_ROOT:\n            exception_class = NoSuchShadowRootException\n        elif status in ErrorCode.NO_SUCH_WINDOW:\n            exception_class = NoSuchWindowException\n        elif status in ErrorCode.STALE_ELEMENT_REFERENCE:\n            exception_class = StaleElementReferenceException\n        elif status in ErrorCode.ELEMENT_NOT_VISIBLE:\n            exception_class = ElementNotVisibleException\n        elif status in ErrorCode.INVALID_ELEMENT_STATE:\n            exception_class = InvalidElementStateException\n        elif (\n            status in ErrorCode.INVALID_SELECTOR\n            or status in ErrorCode.INVALID_XPATH_SELECTOR\n            or status in ErrorCode.INVALID_XPATH_SELECTOR_RETURN_TYPER\n        ):\n            exception_class = InvalidSelectorException\n        elif status in ErrorCode.ELEMENT_IS_NOT_SELECTABLE:\n            exception_class = ElementNotSelectableException\n        elif status in ErrorCode.ELEMENT_NOT_INTERACTABLE:\n            exception_class = ElementNotInteractableException\n        elif status in ErrorCode.INVALID_COOKIE_DOMAIN:\n            exception_class = InvalidCookieDomainException\n        elif status in ErrorCode.UNABLE_TO_SET_COOKIE:\n            exception_class = UnableToSetCookieException\n        elif status in ErrorCode.TIMEOUT:\n            exception_class = TimeoutException\n        elif status in ErrorCode.SCRIPT_TIMEOUT:\n            exception_class = TimeoutException\n        elif status in ErrorCode.UNKNOWN_ERROR:\n            exception_class = WebDriverException\n        elif status in ErrorCode.UNEXPECTED_ALERT_OPEN:\n            exception_class = UnexpectedAlertPresentException\n        elif status in ErrorCode.NO_ALERT_OPEN:\n            exception_class = NoAlertPresentException\n        elif status in ErrorCode.IME_NOT_AVAILABLE:\n            exception_class = ImeNotAvailableException\n        elif status in ErrorCode.IME_ENGINE_ACTIVATION_FAILED:\n            exception_class = ImeActivationFailedException\n        elif status in ErrorCode.MOVE_TARGET_OUT_OF_BOUNDS:\n            exception_class = MoveTargetOutOfBoundsException\n        elif status in ErrorCode.JAVASCRIPT_ERROR:\n            exception_class = JavascriptException\n        elif status in ErrorCode.SESSION_NOT_CREATED:\n            exception_class = SessionNotCreatedException\n        elif status in ErrorCode.INVALID_ARGUMENT:\n            exception_class = InvalidArgumentException\n        elif status in ErrorCode.NO_SUCH_COOKIE:\n            exception_class = NoSuchCookieException\n        elif status in ErrorCode.UNABLE_TO_CAPTURE_SCREEN:\n            exception_class = ScreenshotException\n        elif status in ErrorCode.ELEMENT_CLICK_INTERCEPTED:\n            exception_class = ElementClickInterceptedException\n        elif status in ErrorCode.INSECURE_CERTIFICATE:\n            exception_class = InsecureCertificateException\n        elif status in ErrorCode.INVALID_COORDINATES:\n            exception_class = InvalidCoordinatesException\n        elif status in ErrorCode.INVALID_SESSION_ID:\n            exception_class = InvalidSessionIdException\n        elif status in ErrorCode.UNKNOWN_METHOD:\n            exception_class = UnknownMethodException\n        else:\n            exception_class = WebDriverException\n        if not value:\n            value = response[\"value\"]\n        if isinstance(value, str):\n            raise exception_class(value)\n        if message == \"\" and \"message\" in value:\n            message = value[\"message\"]\n    \n        screen = None  # type: ignore[assignment]\n        if \"screen\" in value:\n            screen = value[\"screen\"]\n    \n        stacktrace = None\n        st_value = value.get(\"stackTrace\") or value.get(\"stacktrace\")\n        if st_value:\n            if isinstance(st_value, str):\n                stacktrace = st_value.split(\"\\n\")\n            else:\n                stacktrace = []\n                try:\n                    for frame in st_value:\n                        line = frame.get(\"lineNumber\", \"\")\n                        file = frame.get(\"fileName\", \"<anonymous>\")\n                        if line:\n                            file = f\"{file}:{line}\"\n                        meth = frame.get(\"methodName\", \"<anonymous>\")\n                        if \"className\" in frame:\n                            meth = f\"{frame['className']}.{meth}\"\n                        msg = \"    at %s (%s)\"\n                        msg = msg % (meth, file)\n                        stacktrace.append(msg)\n                except TypeError:\n                    pass\n        if exception_class == UnexpectedAlertPresentException:\n            alert_text = None\n            if \"data\" in value:\n                alert_text = value[\"data\"].get(\"text\")\n            elif \"alert\" in value:\n                alert_text = value[\"alert\"].get(\"text\")\n            raise exception_class(message, screen, stacktrace, alert_text)  # type: ignore[call-arg]  # mypy is not smart enough here\n>       raise exception_class(message, screen, stacktrace)\nE       selenium.common.exceptions.NoSuchElementException: Message: no such element: Unable to locate element: {\"method\":\"xpath\",\"selector\":\"(//a[@class='add-to-cart yellow-btn'])[1]\"}\nE         (Session info: chrome-headless-shell=121.0.6167.184); For documentation on this error, please visit: https://www.selenium.dev/documentation/webdriver/troubleshooting/errors#no-such-element-exception\nE       Stacktrace:\nE       #0 0x55c4b3db6303 <unknown>\nE       #1 0x55c4b3a9b2b7 <unknown>\nE       #2 0x55c4b3ae6cc0 <unknown>\nE       #3 0x55c4b3ae6db1 <unknown>\nE       #4 0x55c4b3b2ab44 <unknown>\nE       #5 0x55c4b3b093ad <unknown>\nE       #6 0x55c4b3b2807c <unknown>\nE       #7 0x55c4b3b09123 <unknown>\nE       #8 0x55c4b3ad9095 <unknown>\nE       #9 0x55c4b3ada09e <unknown>\nE       #10 0x55c4b3d7a6ab <unknown>\nE       #11 0x55c4b3d7e4ba <unknown>\nE       #12 0x55c4b3d66f85 <unknown>\nE       #13 0x55c4b3d7f12f <unknown>\nE       #14 0x55c4b3d4ae6f <unknown>\nE       #15 0x55c4b3da35f8 <unknown>\nE       #16 0x55c4b3da37c2 <unknown>\nE       #17 0x55c4b3db54a4 <unknown>\nE       #18 0x7f0b4ea91134 <unknown>\n\n/usr/local/lib/python3.11/site-packages/selenium/webdriver/remote/errorhandler.py:245: NoSuchElementException","steps":[{"name":"Добавляем товар в корзину в количестве 149","time":{"start":1708218701460,"stop":1708218701472,"duration":12},"status":"broken","statusMessage":"selenium.common.exceptions.NoSuchElementException: Message: no such element: Unable to locate element: {\"method\":\"xpath\",\"selector\":\"(//a[@class='add-to-cart yellow-btn'])[1]\"}\n  (Session info: chrome-headless-shell=121.0.6167.184); For documentation on this error, please visit: https://www.selenium.dev/documentation/webdriver/troubleshooting/errors#no-such-element-exception\nStacktrace:\n#0 0x55c4b3db6303 <unknown>\n#1 0x55c4b3a9b2b7 <unknown>\n#2 0x55c4b3ae6cc0 <unknown>\n#3 0x55c4b3ae6db1 <unknown>\n#4 0x55c4b3b2ab44 <unknown>\n#5 0x55c4b3b093ad <unknown>\n#6 0x55c4b3b2807c <unknown>\n#7 0x55c4b3b09123 <unknown>\n#8 0x55c4b3ad9095 <unknown>\n#9 0x55c4b3ada09e <unknown>\n#10 0x55c4b3d7a6ab <unknown>\n#11 0x55c4b3d7e4ba <unknown>\n#12 0x55c4b3d66f85 <unknown>\n#13 0x55c4b3d7f12f <unknown>\n#14 0x55c4b3d4ae6f <unknown>\n#15 0x55c4b3da35f8 <unknown>\n#16 0x55c4b3da37c2 <unknown>\n#17 0x55c4b3db54a4 <unknown>\n#18 0x7f0b4ea91134 <unknown>\n\n","statusTrace":"  File \"/usr/local/lib/python3.11/site-packages/allure_commons/_allure.py\", line 192, in impl\n    return func(*a, **kw)\n           ^^^^^^^^^^^^^^\n  File \"/app/pages/item_page.py\", line 40, in add_item_to_cart\n    self.find_element(self._add_item).click()\n    ^^^^^^^^^^^^^^^^^^^^^^^^^^^^^^^^^\n  File \"/app/base/seleniumbase.py\", line 17, in find_element\n    return self.driver.find_element(*locator)\n           ^^^^^^^^^^^^^^^^^^^^^^^^^^^^^^^^^^\n  File \"/usr/local/lib/python3.11/site-packages/selenium/webdriver/remote/webdriver.py\", line 740, in find_element\n    return self.execute(Command.FIND_ELEMENT, {\"using\": by, \"value\": value})[\"value\"]\n           ^^^^^^^^^^^^^^^^^^^^^^^^^^^^^^^^^^^^^^^^^^^^^^^^^^^^^^^^^^^^^^^^^\n  File \"/usr/local/lib/python3.11/site-packages/selenium/webdriver/remote/webdriver.py\", line 346, in execute\n    self.error_handler.check_response(response)\n  File \"/usr/local/lib/python3.11/site-packages/selenium/webdriver/remote/errorhandler.py\", line 245, in check_response\n    raise exception_class(message, screen, stacktrace)\n","steps":[],"attachments":[],"parameters":[{"name":"amount","value":"149"}],"shouldDisplayMessage":true,"stepsCount":0,"attachmentsCount":0,"hasContent":true,"attachmentStep":false}],"attachments":[{"uid":"72c75a73faed37c","name":"Screenshot","source":"72c75a73faed37c.png","type":"image/png","size":5862},{"uid":"d9a28ca2c24d5e43","name":"HTML source","source":"d9a28ca2c24d5e43.html","type":"text/html","size":39}],"parameters":[],"shouldDisplayMessage":true,"stepsCount":1,"attachmentsCount":2,"hasContent":true,"attachmentStep":false},"afterStages":[{"name":"setup::0","time":{"start":1708218701570,"stop":1708218701570,"duration":0},"status":"passed","steps":[],"attachments":[],"parameters":[],"shouldDisplayMessage":false,"stepsCount":0,"attachmentsCount":0,"hasContent":false,"attachmentStep":false},{"name":"driver::0","time":{"start":1708218701570,"stop":1708218701627,"duration":57},"status":"passed","steps":[],"attachments":[],"parameters":[],"shouldDisplayMessage":false,"stepsCount":0,"attachmentsCount":0,"hasContent":false,"attachmentStep":false}],"labels":[{"name":"epic","value":"Delivery Page - calculation"},{"name":"tag","value":"smoke"},{"name":"parentSuite","value":"tests.delivery"},{"name":"suite","value":"test_delivery_calculation"},{"name":"subSuite","value":"TestDeliveryPageCalculation"},{"name":"host","value":"a58a8c11d1c6"},{"name":"thread","value":"1-MainThread"},{"name":"framework","value":"pytest"},{"name":"language","value":"cpython3"},{"name":"package","value":"tests.delivery.test_delivery_calculation"},{"name":"resultFormat","value":"allure2"}],"parameters":[{"name":"all_time","value":"4490"},{"name":"amount","value":"149"},{"name":"case_id","value":"'TD 008'"},{"name":"in_time","value":"3980"},{"name":"link_item","value":"'products/shtukaturka-gipsovaya-aksolit-m50-30-kg-mashinnogo-naneseniya'"},{"name":"standard","value":"2300"},{"name":"url","value":"'https://sandboxtest.stroyrem-nn.ru/'"},{"name":"weight","value":"4500"}],"links":[],"hidden":false,"retry":false,"extra":{"severity":"normal","retries":[],"categories":[{"name":"Test defects","matchedStatuses":[],"flaky":false}],"history":{"statistic":{"failed":0,"broken":172,"skipped":0,"passed":0,"unknown":0,"total":172},"items":[{"uid":"34fb9d95e528b5ff","reportUrl":"https://zaelcovsky.github.io/StroyremAutomation/235//#testresult/34fb9d95e528b5ff","status":"broken","statusDetails":"selenium.common.exceptions.NoSuchElementException: Message: no such element: Unable to locate element: {\"method\":\"xpath\",\"selector\":\"(//a[@class='add-to-cart yellow-btn'])[1]\"}\n  (Session info: chrome-headless-shell=121.0.6167.184); For documentation on this error, please visit: https://www.selenium.dev/documentation/webdriver/troubleshooting/errors#no-such-element-exception\nStacktrace:\n#0 0x564b28ee1303 <unknown>\n#1 0x564b28bc62b7 <unknown>\n#2 0x564b28c11cc0 <unknown>\n#3 0x564b28c11db1 <unknown>\n#4 0x564b28c55b44 <unknown>\n#5 0x564b28c343ad <unknown>\n#6 0x564b28c5307c <unknown>\n#7 0x564b28c34123 <unknown>\n#8 0x564b28c04095 <unknown>\n#9 0x564b28c0509e <unknown>\n#10 0x564b28ea56ab <unknown>\n#11 0x564b28ea94ba <unknown>\n#12 0x564b28e91f85 <unknown>\n#13 0x564b28eaa12f <unknown>\n#14 0x564b28e75e6f <unknown>\n#15 0x564b28ece5f8 <unknown>\n#16 0x564b28ece7c2 <unknown>\n#17 0x564b28ee04a4 <unknown>\n#18 0x7f9bdebca134 <unknown>","time":{"start":1708131996478,"stop":1708131997018,"duration":540}},{"uid":"d1712d9aebd00d56","reportUrl":"https://zaelcovsky.github.io/StroyremAutomation/234//#testresult/d1712d9aebd00d56","status":"broken","statusDetails":"selenium.common.exceptions.NoSuchElementException: Message: no such element: Unable to locate element: {\"method\":\"xpath\",\"selector\":\"(//a[@class='add-to-cart yellow-btn'])[1]\"}\n  (Session info: chrome-headless-shell=121.0.6167.85); For documentation on this error, please visit: https://www.selenium.dev/documentation/webdriver/troubleshooting/errors#no-such-element-exception\nStacktrace:\n#0 0x55e6f0863d93 <unknown>\n#1 0x55e6f0547337 <unknown>\n#2 0x55e6f0592d60 <unknown>\n#3 0x55e6f0592e51 <unknown>\n#4 0x55e6f05d6bc4 <unknown>\n#5 0x55e6f05b546d <unknown>\n#6 0x55e6f05d412d <unknown>\n#7 0x55e6f05b51e3 <unknown>\n#8 0x55e6f0585135 <unknown>\n#9 0x55e6f058613e <unknown>\n#10 0x55e6f0827e4b <unknown>\n#11 0x55e6f082bdfa <unknown>\n#12 0x55e6f08146d5 <unknown>\n#13 0x55e6f082ca6f <unknown>\n#14 0x55e6f07f869f <unknown>\n#15 0x55e6f0851098 <unknown>\n#16 0x55e6f0851262 <unknown>\n#17 0x55e6f0862f34 <unknown>\n#18 0x7fa6033a9134 <unknown>","time":{"start":1708045644501,"stop":1708045644936,"duration":435}},{"uid":"d1b878b883e1c6ec","reportUrl":"https://zaelcovsky.github.io/StroyremAutomation/233//#testresult/d1b878b883e1c6ec","status":"broken","statusDetails":"selenium.common.exceptions.NoSuchElementException: Message: no such element: Unable to locate element: {\"method\":\"xpath\",\"selector\":\"(//a[@class='add-to-cart yellow-btn'])[1]\"}\n  (Session info: chrome-headless-shell=121.0.6167.85); For documentation on this error, please visit: https://www.selenium.dev/documentation/webdriver/troubleshooting/errors#no-such-element-exception\nStacktrace:\n#0 0x559fee3a0d93 <unknown>\n#1 0x559fee084337 <unknown>\n#2 0x559fee0cfd60 <unknown>\n#3 0x559fee0cfe51 <unknown>\n#4 0x559fee113bc4 <unknown>\n#5 0x559fee0f246d <unknown>\n#6 0x559fee11112d <unknown>\n#7 0x559fee0f21e3 <unknown>\n#8 0x559fee0c2135 <unknown>\n#9 0x559fee0c313e <unknown>\n#10 0x559fee364e4b <unknown>\n#11 0x559fee368dfa <unknown>\n#12 0x559fee3516d5 <unknown>\n#13 0x559fee369a6f <unknown>\n#14 0x559fee33569f <unknown>\n#15 0x559fee38e098 <unknown>\n#16 0x559fee38e262 <unknown>\n#17 0x559fee39ff34 <unknown>\n#18 0x7f921e6b7134 <unknown>","time":{"start":1707959349128,"stop":1707959349524,"duration":396}},{"uid":"d471083c781d8b02","reportUrl":"https://zaelcovsky.github.io/StroyremAutomation/232//#testresult/d471083c781d8b02","status":"broken","statusDetails":"selenium.common.exceptions.NoSuchElementException: Message: no such element: Unable to locate element: {\"method\":\"xpath\",\"selector\":\"(//a[@class='add-to-cart yellow-btn'])[1]\"}\n  (Session info: chrome-headless-shell=121.0.6167.85); For documentation on this error, please visit: https://www.selenium.dev/documentation/webdriver/troubleshooting/errors#no-such-element-exception\nStacktrace:\n#0 0x562697465d93 <unknown>\n#1 0x562697149337 <unknown>\n#2 0x562697194d60 <unknown>\n#3 0x562697194e51 <unknown>\n#4 0x5626971d8bc4 <unknown>\n#5 0x5626971b746d <unknown>\n#6 0x5626971d612d <unknown>\n#7 0x5626971b71e3 <unknown>\n#8 0x562697187135 <unknown>\n#9 0x56269718813e <unknown>\n#10 0x562697429e4b <unknown>\n#11 0x56269742ddfa <unknown>\n#12 0x5626974166d5 <unknown>\n#13 0x56269742ea6f <unknown>\n#14 0x5626973fa69f <unknown>\n#15 0x562697453098 <unknown>\n#16 0x562697453262 <unknown>\n#17 0x562697464f34 <unknown>\n#18 0x7fc858726134 <unknown>","time":{"start":1707872893287,"stop":1707872893717,"duration":430}},{"uid":"e0845d8e09971abd","reportUrl":"https://zaelcovsky.github.io/StroyremAutomation/231//#testresult/e0845d8e09971abd","status":"broken","statusDetails":"selenium.common.exceptions.NoSuchElementException: Message: no such element: Unable to locate element: {\"method\":\"xpath\",\"selector\":\"(//a[@class='add-to-cart yellow-btn'])[1]\"}\n  (Session info: chrome-headless-shell=121.0.6167.85); For documentation on this error, please visit: https://www.selenium.dev/documentation/webdriver/troubleshooting/errors#no-such-element-exception\nStacktrace:\n#0 0x56185dbd7d93 <unknown>\n#1 0x56185d8bb337 <unknown>\n#2 0x56185d906d60 <unknown>\n#3 0x56185d906e51 <unknown>\n#4 0x56185d94abc4 <unknown>\n#5 0x56185d92946d <unknown>\n#6 0x56185d94812d <unknown>\n#7 0x56185d9291e3 <unknown>\n#8 0x56185d8f9135 <unknown>\n#9 0x56185d8fa13e <unknown>\n#10 0x56185db9be4b <unknown>\n#11 0x56185db9fdfa <unknown>\n#12 0x56185db886d5 <unknown>\n#13 0x56185dba0a6f <unknown>\n#14 0x56185db6c69f <unknown>\n#15 0x56185dbc5098 <unknown>\n#16 0x56185dbc5262 <unknown>\n#17 0x56185dbd6f34 <unknown>\n#18 0x7f1cee661134 <unknown>","time":{"start":1707786600870,"stop":1707786601527,"duration":657}},{"uid":"5a7f7bea893ca0ed","reportUrl":"https://zaelcovsky.github.io/StroyremAutomation/230//#testresult/5a7f7bea893ca0ed","status":"broken","statusDetails":"selenium.common.exceptions.NoSuchElementException: Message: no such element: Unable to locate element: {\"method\":\"xpath\",\"selector\":\"(//a[@class='add-to-cart yellow-btn'])[1]\"}\n  (Session info: chrome-headless-shell=121.0.6167.85); For documentation on this error, please visit: https://www.selenium.dev/documentation/webdriver/troubleshooting/errors#no-such-element-exception\nStacktrace:\n#0 0x5641c26a8d93 <unknown>\n#1 0x5641c238c337 <unknown>\n#2 0x5641c23d7d60 <unknown>\n#3 0x5641c23d7e51 <unknown>\n#4 0x5641c241bbc4 <unknown>\n#5 0x5641c23fa46d <unknown>\n#6 0x5641c241912d <unknown>\n#7 0x5641c23fa1e3 <unknown>\n#8 0x5641c23ca135 <unknown>\n#9 0x5641c23cb13e <unknown>\n#10 0x5641c266ce4b <unknown>\n#11 0x5641c2670dfa <unknown>\n#12 0x5641c26596d5 <unknown>\n#13 0x5641c2671a6f <unknown>\n#14 0x5641c263d69f <unknown>\n#15 0x5641c2696098 <unknown>\n#16 0x5641c2696262 <unknown>\n#17 0x5641c26a7f34 <unknown>\n#18 0x7f02b93ef134 <unknown>","time":{"start":1707700090909,"stop":1707700091319,"duration":410}},{"uid":"20386d484bc7f3cf","reportUrl":"https://zaelcovsky.github.io/StroyremAutomation/229//#testresult/20386d484bc7f3cf","status":"broken","statusDetails":"selenium.common.exceptions.NoSuchElementException: Message: no such element: Unable to locate element: {\"method\":\"xpath\",\"selector\":\"(//a[@class='add-to-cart yellow-btn'])[1]\"}\n  (Session info: chrome-headless-shell=121.0.6167.85); For documentation on this error, please visit: https://www.selenium.dev/documentation/webdriver/troubleshooting/errors#no-such-element-exception\nStacktrace:\n#0 0x55b4481d7d93 <unknown>\n#1 0x55b447ebb337 <unknown>\n#2 0x55b447f06d60 <unknown>\n#3 0x55b447f06e51 <unknown>\n#4 0x55b447f4abc4 <unknown>\n#5 0x55b447f2946d <unknown>\n#6 0x55b447f4812d <unknown>\n#7 0x55b447f291e3 <unknown>\n#8 0x55b447ef9135 <unknown>\n#9 0x55b447efa13e <unknown>\n#10 0x55b44819be4b <unknown>\n#11 0x55b44819fdfa <unknown>\n#12 0x55b4481886d5 <unknown>\n#13 0x55b4481a0a6f <unknown>\n#14 0x55b44816c69f <unknown>\n#15 0x55b4481c5098 <unknown>\n#16 0x55b4481c5262 <unknown>\n#17 0x55b4481d6f34 <unknown>\n#18 0x7feadc2e8134 <unknown>","time":{"start":1707613916040,"stop":1707613916484,"duration":444}},{"uid":"a4ef785f0aa2584d","reportUrl":"https://zaelcovsky.github.io/StroyremAutomation/228//#testresult/a4ef785f0aa2584d","status":"broken","statusDetails":"selenium.common.exceptions.NoSuchElementException: Message: no such element: Unable to locate element: {\"method\":\"xpath\",\"selector\":\"(//a[@class='add-to-cart yellow-btn'])[1]\"}\n  (Session info: chrome-headless-shell=121.0.6167.85); For documentation on this error, please visit: https://www.selenium.dev/documentation/webdriver/troubleshooting/errors#no-such-element-exception\nStacktrace:\n#0 0x55cbb2fe7d93 <unknown>\n#1 0x55cbb2ccb337 <unknown>\n#2 0x55cbb2d16d60 <unknown>\n#3 0x55cbb2d16e51 <unknown>\n#4 0x55cbb2d5abc4 <unknown>\n#5 0x55cbb2d3946d <unknown>\n#6 0x55cbb2d5812d <unknown>\n#7 0x55cbb2d391e3 <unknown>\n#8 0x55cbb2d09135 <unknown>\n#9 0x55cbb2d0a13e <unknown>\n#10 0x55cbb2fabe4b <unknown>\n#11 0x55cbb2fafdfa <unknown>\n#12 0x55cbb2f986d5 <unknown>\n#13 0x55cbb2fb0a6f <unknown>\n#14 0x55cbb2f7c69f <unknown>\n#15 0x55cbb2fd5098 <unknown>\n#16 0x55cbb2fd5262 <unknown>\n#17 0x55cbb2fe6f34 <unknown>\n#18 0x7f90b2735134 <unknown>","time":{"start":1707527125358,"stop":1707527125783,"duration":425}},{"uid":"b015402b8b46af9d","reportUrl":"https://zaelcovsky.github.io/StroyremAutomation/227//#testresult/b015402b8b46af9d","status":"broken","statusDetails":"selenium.common.exceptions.NoSuchElementException: Message: no such element: Unable to locate element: {\"method\":\"xpath\",\"selector\":\"(//a[@class='add-to-cart yellow-btn'])[1]\"}\n  (Session info: chrome-headless-shell=121.0.6167.85); For documentation on this error, please visit: https://www.selenium.dev/documentation/webdriver/troubleshooting/errors#no-such-element-exception\nStacktrace:\n#0 0x558a0538ad93 <unknown>\n#1 0x558a0506e337 <unknown>\n#2 0x558a050b9d60 <unknown>\n#3 0x558a050b9e51 <unknown>\n#4 0x558a050fdbc4 <unknown>\n#5 0x558a050dc46d <unknown>\n#6 0x558a050fb12d <unknown>\n#7 0x558a050dc1e3 <unknown>\n#8 0x558a050ac135 <unknown>\n#9 0x558a050ad13e <unknown>\n#10 0x558a0534ee4b <unknown>\n#11 0x558a05352dfa <unknown>\n#12 0x558a0533b6d5 <unknown>\n#13 0x558a05353a6f <unknown>\n#14 0x558a0531f69f <unknown>\n#15 0x558a05378098 <unknown>\n#16 0x558a05378262 <unknown>\n#17 0x558a05389f34 <unknown>\n#18 0x7f3f778b5134 <unknown>","time":{"start":1707440814825,"stop":1707440815418,"duration":593}},{"uid":"9499926789c39ead","reportUrl":"https://zaelcovsky.github.io/StroyremAutomation/226//#testresult/9499926789c39ead","status":"broken","statusDetails":"selenium.common.exceptions.NoSuchElementException: Message: no such element: Unable to locate element: {\"method\":\"xpath\",\"selector\":\"(//a[@class='add-to-cart yellow-btn'])[1]\"}\n  (Session info: chrome-headless-shell=121.0.6167.85); For documentation on this error, please visit: https://www.selenium.dev/documentation/webdriver/troubleshooting/errors#no-such-element-exception\nStacktrace:\n#0 0x559aeec1fd93 <unknown>\n#1 0x559aee903337 <unknown>\n#2 0x559aee94ed60 <unknown>\n#3 0x559aee94ee51 <unknown>\n#4 0x559aee992bc4 <unknown>\n#5 0x559aee97146d <unknown>\n#6 0x559aee99012d <unknown>\n#7 0x559aee9711e3 <unknown>\n#8 0x559aee941135 <unknown>\n#9 0x559aee94213e <unknown>\n#10 0x559aeebe3e4b <unknown>\n#11 0x559aeebe7dfa <unknown>\n#12 0x559aeebd06d5 <unknown>\n#13 0x559aeebe8a6f <unknown>\n#14 0x559aeebb469f <unknown>\n#15 0x559aeec0d098 <unknown>\n#16 0x559aeec0d262 <unknown>\n#17 0x559aeec1ef34 <unknown>\n#18 0x7fafb931b134 <unknown>","time":{"start":1707354402841,"stop":1707354403153,"duration":312}},{"uid":"c24be3c128812fca","reportUrl":"https://zaelcovsky.github.io/StroyremAutomation/225//#testresult/c24be3c128812fca","status":"broken","statusDetails":"selenium.common.exceptions.NoSuchElementException: Message: no such element: Unable to locate element: {\"method\":\"xpath\",\"selector\":\"(//a[@class='add-to-cart yellow-btn'])[1]\"}\n  (Session info: chrome-headless-shell=121.0.6167.85); For documentation on this error, please visit: https://www.selenium.dev/documentation/webdriver/troubleshooting/errors#no-such-element-exception\nStacktrace:\n#0 0x555efe9ffd93 <unknown>\n#1 0x555efe6e3337 <unknown>\n#2 0x555efe72ed60 <unknown>\n#3 0x555efe72ee51 <unknown>\n#4 0x555efe772bc4 <unknown>\n#5 0x555efe75146d <unknown>\n#6 0x555efe77012d <unknown>\n#7 0x555efe7511e3 <unknown>\n#8 0x555efe721135 <unknown>\n#9 0x555efe72213e <unknown>\n#10 0x555efe9c3e4b <unknown>\n#11 0x555efe9c7dfa <unknown>\n#12 0x555efe9b06d5 <unknown>\n#13 0x555efe9c8a6f <unknown>\n#14 0x555efe99469f <unknown>\n#15 0x555efe9ed098 <unknown>\n#16 0x555efe9ed262 <unknown>\n#17 0x555efe9fef34 <unknown>\n#18 0x7fa63eeea134 <unknown>","time":{"start":1707267949116,"stop":1707267949520,"duration":404}},{"uid":"202f0b490c3a9f3a","reportUrl":"https://zaelcovsky.github.io/StroyremAutomation/224//#testresult/202f0b490c3a9f3a","status":"broken","statusDetails":"selenium.common.exceptions.NoSuchElementException: Message: no such element: Unable to locate element: {\"method\":\"xpath\",\"selector\":\"(//a[@class='add-to-cart yellow-btn'])[1]\"}\n  (Session info: chrome-headless-shell=121.0.6167.85); For documentation on this error, please visit: https://www.selenium.dev/documentation/webdriver/troubleshooting/errors#no-such-element-exception\nStacktrace:\n#0 0x561b9842fd93 <unknown>\n#1 0x561b98113337 <unknown>\n#2 0x561b9815ed60 <unknown>\n#3 0x561b9815ee51 <unknown>\n#4 0x561b981a2bc4 <unknown>\n#5 0x561b9818146d <unknown>\n#6 0x561b981a012d <unknown>\n#7 0x561b981811e3 <unknown>\n#8 0x561b98151135 <unknown>\n#9 0x561b9815213e <unknown>\n#10 0x561b983f3e4b <unknown>\n#11 0x561b983f7dfa <unknown>\n#12 0x561b983e06d5 <unknown>\n#13 0x561b983f8a6f <unknown>\n#14 0x561b983c469f <unknown>\n#15 0x561b9841d098 <unknown>\n#16 0x561b9841d262 <unknown>\n#17 0x561b9842ef34 <unknown>\n#18 0x7f19a6949134 <unknown>","time":{"start":1707181652542,"stop":1707181652940,"duration":398}},{"uid":"e56a0994640a92cb","reportUrl":"https://zaelcovsky.github.io/StroyremAutomation/223//#testresult/e56a0994640a92cb","status":"broken","statusDetails":"selenium.common.exceptions.NoSuchElementException: Message: no such element: Unable to locate element: {\"method\":\"xpath\",\"selector\":\"(//a[@class='add-to-cart yellow-btn'])[1]\"}\n  (Session info: chrome-headless-shell=121.0.6167.85); For documentation on this error, please visit: https://www.selenium.dev/documentation/webdriver/troubleshooting/errors#no-such-element-exception\nStacktrace:\n#0 0x55afa4c3dd93 <unknown>\n#1 0x55afa4921337 <unknown>\n#2 0x55afa496cd60 <unknown>\n#3 0x55afa496ce51 <unknown>\n#4 0x55afa49b0bc4 <unknown>\n#5 0x55afa498f46d <unknown>\n#6 0x55afa49ae12d <unknown>\n#7 0x55afa498f1e3 <unknown>\n#8 0x55afa495f135 <unknown>\n#9 0x55afa496013e <unknown>\n#10 0x55afa4c01e4b <unknown>\n#11 0x55afa4c05dfa <unknown>\n#12 0x55afa4bee6d5 <unknown>\n#13 0x55afa4c06a6f <unknown>\n#14 0x55afa4bd269f <unknown>\n#15 0x55afa4c2b098 <unknown>\n#16 0x55afa4c2b262 <unknown>\n#17 0x55afa4c3cf34 <unknown>\n#18 0x7ff590616134 <unknown>","time":{"start":1707095379476,"stop":1707095379786,"duration":310}},{"uid":"b5f84a8a588060de","reportUrl":"https://zaelcovsky.github.io/StroyremAutomation/222//#testresult/b5f84a8a588060de","status":"broken","statusDetails":"selenium.common.exceptions.NoSuchElementException: Message: no such element: Unable to locate element: {\"method\":\"xpath\",\"selector\":\"(//a[@class='add-to-cart yellow-btn'])[1]\"}\n  (Session info: chrome-headless-shell=121.0.6167.85); For documentation on this error, please visit: https://www.selenium.dev/documentation/webdriver/troubleshooting/errors#no-such-element-exception\nStacktrace:\n#0 0x5567d3cd2d93 <unknown>\n#1 0x5567d39b6337 <unknown>\n#2 0x5567d3a01d60 <unknown>\n#3 0x5567d3a01e51 <unknown>\n#4 0x5567d3a45bc4 <unknown>\n#5 0x5567d3a2446d <unknown>\n#6 0x5567d3a4312d <unknown>\n#7 0x5567d3a241e3 <unknown>\n#8 0x5567d39f4135 <unknown>\n#9 0x5567d39f513e <unknown>\n#10 0x5567d3c96e4b <unknown>\n#11 0x5567d3c9adfa <unknown>\n#12 0x5567d3c836d5 <unknown>\n#13 0x5567d3c9ba6f <unknown>\n#14 0x5567d3c6769f <unknown>\n#15 0x5567d3cc0098 <unknown>\n#16 0x5567d3cc0262 <unknown>\n#17 0x5567d3cd1f34 <unknown>\n#18 0x7f2b5b03f134 <unknown>","time":{"start":1707009132019,"stop":1707009132464,"duration":445}},{"uid":"313db183730a4a1e","reportUrl":"https://zaelcovsky.github.io/StroyremAutomation/221//#testresult/313db183730a4a1e","status":"broken","statusDetails":"selenium.common.exceptions.NoSuchElementException: Message: no such element: Unable to locate element: {\"method\":\"xpath\",\"selector\":\"(//a[@class='add-to-cart yellow-btn'])[1]\"}\n  (Session info: chrome-headless-shell=121.0.6167.85); For documentation on this error, please visit: https://www.selenium.dev/documentation/webdriver/troubleshooting/errors#no-such-element-exception\nStacktrace:\n#0 0x560f53e98d93 <unknown>\n#1 0x560f53b7c337 <unknown>\n#2 0x560f53bc7d60 <unknown>\n#3 0x560f53bc7e51 <unknown>\n#4 0x560f53c0bbc4 <unknown>\n#5 0x560f53bea46d <unknown>\n#6 0x560f53c0912d <unknown>\n#7 0x560f53bea1e3 <unknown>\n#8 0x560f53bba135 <unknown>\n#9 0x560f53bbb13e <unknown>\n#10 0x560f53e5ce4b <unknown>\n#11 0x560f53e60dfa <unknown>\n#12 0x560f53e496d5 <unknown>\n#13 0x560f53e61a6f <unknown>\n#14 0x560f53e2d69f <unknown>\n#15 0x560f53e86098 <unknown>\n#16 0x560f53e86262 <unknown>\n#17 0x560f53e97f34 <unknown>\n#18 0x7f6070565134 <unknown>","time":{"start":1706922413154,"stop":1706922413464,"duration":310}},{"uid":"4fd8646e5959d777","reportUrl":"https://zaelcovsky.github.io/StroyremAutomation/220//#testresult/4fd8646e5959d777","status":"broken","statusDetails":"selenium.common.exceptions.NoSuchElementException: Message: no such element: Unable to locate element: {\"method\":\"xpath\",\"selector\":\"(//a[@class='add-to-cart yellow-btn'])[1]\"}\n  (Session info: chrome-headless-shell=121.0.6167.85); For documentation on this error, please visit: https://www.selenium.dev/documentation/webdriver/troubleshooting/errors#no-such-element-exception\nStacktrace:\n#0 0x5611de00fd93 <unknown>\n#1 0x5611ddcf3337 <unknown>\n#2 0x5611ddd3ed60 <unknown>\n#3 0x5611ddd3ee51 <unknown>\n#4 0x5611ddd82bc4 <unknown>\n#5 0x5611ddd6146d <unknown>\n#6 0x5611ddd8012d <unknown>\n#7 0x5611ddd611e3 <unknown>\n#8 0x5611ddd31135 <unknown>\n#9 0x5611ddd3213e <unknown>\n#10 0x5611ddfd3e4b <unknown>\n#11 0x5611ddfd7dfa <unknown>\n#12 0x5611ddfc06d5 <unknown>\n#13 0x5611ddfd8a6f <unknown>\n#14 0x5611ddfa469f <unknown>\n#15 0x5611ddffd098 <unknown>\n#16 0x5611ddffd262 <unknown>\n#17 0x5611de00ef34 <unknown>\n#18 0x7f14acdb2134 <unknown>","time":{"start":1706836080709,"stop":1706836081536,"duration":827}},{"uid":"7c9a1597b0d955ec","reportUrl":"https://zaelcovsky.github.io/StroyremAutomation/219//#testresult/7c9a1597b0d955ec","status":"broken","statusDetails":"selenium.common.exceptions.NoSuchElementException: Message: no such element: Unable to locate element: {\"method\":\"xpath\",\"selector\":\"(//a[@class='add-to-cart yellow-btn'])[1]\"}\n  (Session info: chrome-headless-shell=121.0.6167.85); For documentation on this error, please visit: https://www.selenium.dev/documentation/webdriver/troubleshooting/errors#no-such-element-exception\nStacktrace:\n#0 0x55e5a274ed93 <unknown>\n#1 0x55e5a2432337 <unknown>\n#2 0x55e5a247dd60 <unknown>\n#3 0x55e5a247de51 <unknown>\n#4 0x55e5a24c1bc4 <unknown>\n#5 0x55e5a24a046d <unknown>\n#6 0x55e5a24bf12d <unknown>\n#7 0x55e5a24a01e3 <unknown>\n#8 0x55e5a2470135 <unknown>\n#9 0x55e5a247113e <unknown>\n#10 0x55e5a2712e4b <unknown>\n#11 0x55e5a2716dfa <unknown>\n#12 0x55e5a26ff6d5 <unknown>\n#13 0x55e5a2717a6f <unknown>\n#14 0x55e5a26e369f <unknown>\n#15 0x55e5a273c098 <unknown>\n#16 0x55e5a273c262 <unknown>\n#17 0x55e5a274df34 <unknown>\n#18 0x7fc084124044 <unknown>","time":{"start":1706749975783,"stop":1706749976223,"duration":440}},{"uid":"a5266802628236c6","reportUrl":"https://zaelcovsky.github.io/StroyremAutomation/218//#testresult/a5266802628236c6","status":"broken","statusDetails":"selenium.common.exceptions.NoSuchElementException: Message: no such element: Unable to locate element: {\"method\":\"xpath\",\"selector\":\"(//a[@class='add-to-cart yellow-btn'])[1]\"}\n  (Session info: chrome-headless-shell=121.0.6167.85); For documentation on this error, please visit: https://www.selenium.dev/documentation/webdriver/troubleshooting/errors#no-such-element-exception\nStacktrace:\n#0 0x5641ce7bfd93 <unknown>\n#1 0x5641ce4a3337 <unknown>\n#2 0x5641ce4eed60 <unknown>\n#3 0x5641ce4eee51 <unknown>\n#4 0x5641ce532bc4 <unknown>\n#5 0x5641ce51146d <unknown>\n#6 0x5641ce53012d <unknown>\n#7 0x5641ce5111e3 <unknown>\n#8 0x5641ce4e1135 <unknown>\n#9 0x5641ce4e213e <unknown>\n#10 0x5641ce783e4b <unknown>\n#11 0x5641ce787dfa <unknown>\n#12 0x5641ce7706d5 <unknown>\n#13 0x5641ce788a6f <unknown>\n#14 0x5641ce75469f <unknown>\n#15 0x5641ce7ad098 <unknown>\n#16 0x5641ce7ad262 <unknown>\n#17 0x5641ce7bef34 <unknown>\n#18 0x7f1f337f2044 <unknown>","time":{"start":1706663292528,"stop":1706663292984,"duration":456}},{"uid":"17c78651cc0e6b7f","reportUrl":"https://zaelcovsky.github.io/StroyremAutomation/217//#testresult/17c78651cc0e6b7f","status":"broken","statusDetails":"selenium.common.exceptions.NoSuchElementException: Message: no such element: Unable to locate element: {\"method\":\"xpath\",\"selector\":\"(//a[@class='add-to-cart yellow-btn'])[1]\"}\n  (Session info: chrome-headless-shell=121.0.6167.85); For documentation on this error, please visit: https://www.selenium.dev/documentation/webdriver/troubleshooting/errors#no-such-element-exception\nStacktrace:\n#0 0x55964b188d93 <unknown>\n#1 0x55964ae6c337 <unknown>\n#2 0x55964aeb7d60 <unknown>\n#3 0x55964aeb7e51 <unknown>\n#4 0x55964aefbbc4 <unknown>\n#5 0x55964aeda46d <unknown>\n#6 0x55964aef912d <unknown>\n#7 0x55964aeda1e3 <unknown>\n#8 0x55964aeaa135 <unknown>\n#9 0x55964aeab13e <unknown>\n#10 0x55964b14ce4b <unknown>\n#11 0x55964b150dfa <unknown>\n#12 0x55964b1396d5 <unknown>\n#13 0x55964b151a6f <unknown>\n#14 0x55964b11d69f <unknown>\n#15 0x55964b176098 <unknown>\n#16 0x55964b176262 <unknown>\n#17 0x55964b187f34 <unknown>\n#18 0x7fcb11cd0044 <unknown>","time":{"start":1706576851603,"stop":1706576851996,"duration":393}},{"uid":"213b4cbc4f473dd4","reportUrl":"https://zaelcovsky.github.io/StroyremAutomation/216//#testresult/213b4cbc4f473dd4","status":"broken","statusDetails":"selenium.common.exceptions.NoSuchElementException: Message: no such element: Unable to locate element: {\"method\":\"xpath\",\"selector\":\"(//a[@class='add-to-cart yellow-btn'])[1]\"}\n  (Session info: chrome-headless-shell=121.0.6167.85); For documentation on this error, please visit: https://www.selenium.dev/documentation/webdriver/troubleshooting/errors#no-such-element-exception\nStacktrace:\n#0 0x55b3cadd9d93 <unknown>\n#1 0x55b3caabd337 <unknown>\n#2 0x55b3cab08d60 <unknown>\n#3 0x55b3cab08e51 <unknown>\n#4 0x55b3cab4cbc4 <unknown>\n#5 0x55b3cab2b46d <unknown>\n#6 0x55b3cab4a12d <unknown>\n#7 0x55b3cab2b1e3 <unknown>\n#8 0x55b3caafb135 <unknown>\n#9 0x55b3caafc13e <unknown>\n#10 0x55b3cad9de4b <unknown>\n#11 0x55b3cada1dfa <unknown>\n#12 0x55b3cad8a6d5 <unknown>\n#13 0x55b3cada2a6f <unknown>\n#14 0x55b3cad6e69f <unknown>\n#15 0x55b3cadc7098 <unknown>\n#16 0x55b3cadc7262 <unknown>\n#17 0x55b3cadd8f34 <unknown>\n#18 0x7ffaee46c044 <unknown>","time":{"start":1706490526147,"stop":1706490526618,"duration":471}}]},"tags":["smoke"]},"source":"1d3a7a232687112c.json","parameterValues":["4490","149","'TD 008'","3980","'products/shtukaturka-gipsovaya-aksolit-m50-30-kg-mashinnogo-naneseniya'","2300","'https://sandboxtest.stroyrem-nn.ru/'","4500"]}