{"uid":"c142fe0e0b09d530","name":"TC 010 - Проверка функциональности ссылки 'email'","fullName":"tests.test_main_page.TestMainPage#test_positive_footer_email_smoke","historyId":"e74c5b055592413915ce1908666f1f44","time":{"start":1708218393773,"stop":1708218393785,"duration":12},"status":"broken","statusMessage":"selenium.common.exceptions.NoSuchElementException: Message: no such element: Unable to locate element: {\"method\":\"xpath\",\"selector\":\"//a[@class='footer-email']\"}\n  (Session info: chrome-headless-shell=121.0.6167.184); For documentation on this error, please visit: https://www.selenium.dev/documentation/webdriver/troubleshooting/errors#no-such-element-exception\nStacktrace:\n#0 0x565286cd3303 <unknown>\n#1 0x5652869b82b7 <unknown>\n#2 0x565286a03cc0 <unknown>\n#3 0x565286a03db1 <unknown>\n#4 0x565286a47b44 <unknown>\n#5 0x565286a263ad <unknown>\n#6 0x565286a4507c <unknown>\n#7 0x565286a26123 <unknown>\n#8 0x5652869f6095 <unknown>\n#9 0x5652869f709e <unknown>\n#10 0x565286c976ab <unknown>\n#11 0x565286c9b4ba <unknown>\n#12 0x565286c83f85 <unknown>\n#13 0x565286c9c12f <unknown>\n#14 0x565286c67e6f <unknown>\n#15 0x565286cc05f8 <unknown>\n#16 0x565286cc07c2 <unknown>\n#17 0x565286cd24a4 <unknown>\n#18 0x7f27ff222134 <unknown>","statusTrace":"self = <tests.test_main_page.TestMainPage object at 0x7f439d0b5110>\nmain_page = <pages.main_page.MainPage object at 0x7f439ccddd90>\n\n    @allure.feature(\"Footer functionality\")\n    @allure.title(\"TC 010 - Проверка функциональности ссылки 'email'\")\n    # @pytest.mark.xfail(reason=\"Попап не реализован\")\n    @pytest.mark.smoke_test\n    def test_positive_footer_email_smoke(self, main_page):\n>       main_page.check_email_link()\n\ntests/test_main_page.py:100: \n_ _ _ _ _ _ _ _ _ _ _ _ _ _ _ _ _ _ _ _ _ _ _ _ _ _ _ _ _ _ _ _ _ _ _ _ _ _ _ _ \npages/main_page.py:136: in check_email_link\n    self.driver.find_element(*self._email_link).click()\n/usr/local/lib/python3.11/site-packages/selenium/webdriver/remote/webdriver.py:740: in find_element\n    return self.execute(Command.FIND_ELEMENT, {\"using\": by, \"value\": value})[\"value\"]\n/usr/local/lib/python3.11/site-packages/selenium/webdriver/remote/webdriver.py:346: in execute\n    self.error_handler.check_response(response)\n_ _ _ _ _ _ _ _ _ _ _ _ _ _ _ _ _ _ _ _ _ _ _ _ _ _ _ _ _ _ _ _ _ _ _ _ _ _ _ _ \n\nself = <selenium.webdriver.remote.errorhandler.ErrorHandler object at 0x7f439cc76390>\nresponse = {'status': 404, 'value': '{\"value\":{\"error\":\"no such element\",\"message\":\"no such element: Unable to locate element: {\\...\\\\n#16 0x565286cc07c2 \\\\u003Cunknown>\\\\n#17 0x565286cd24a4 \\\\u003Cunknown>\\\\n#18 0x7f27ff222134 \\\\u003Cunknown>\\\\n\"}}'}\n\n    def check_response(self, response: Dict[str, Any]) -> None:\n        \"\"\"Checks that a JSON response from the WebDriver does not have an\n        error.\n    \n        :Args:\n         - response - The JSON response from the WebDriver server as a dictionary\n           object.\n    \n        :Raises: If the response contains an error message.\n        \"\"\"\n        status = response.get(\"status\", None)\n        if not status or status == ErrorCode.SUCCESS:\n            return\n        value = None\n        message = response.get(\"message\", \"\")\n        screen: str = response.get(\"screen\", \"\")\n        stacktrace = None\n        if isinstance(status, int):\n            value_json = response.get(\"value\", None)\n            if value_json and isinstance(value_json, str):\n                import json\n    \n                try:\n                    value = json.loads(value_json)\n                    if len(value) == 1:\n                        value = value[\"value\"]\n                    status = value.get(\"error\", None)\n                    if not status:\n                        status = value.get(\"status\", ErrorCode.UNKNOWN_ERROR)\n                        message = value.get(\"value\") or value.get(\"message\")\n                        if not isinstance(message, str):\n                            value = message\n                            message = message.get(\"message\")\n                    else:\n                        message = value.get(\"message\", None)\n                except ValueError:\n                    pass\n    \n        exception_class: Type[WebDriverException]\n        if status in ErrorCode.NO_SUCH_ELEMENT:\n            exception_class = NoSuchElementException\n        elif status in ErrorCode.NO_SUCH_FRAME:\n            exception_class = NoSuchFrameException\n        elif status in ErrorCode.NO_SUCH_SHADOW_ROOT:\n            exception_class = NoSuchShadowRootException\n        elif status in ErrorCode.NO_SUCH_WINDOW:\n            exception_class = NoSuchWindowException\n        elif status in ErrorCode.STALE_ELEMENT_REFERENCE:\n            exception_class = StaleElementReferenceException\n        elif status in ErrorCode.ELEMENT_NOT_VISIBLE:\n            exception_class = ElementNotVisibleException\n        elif status in ErrorCode.INVALID_ELEMENT_STATE:\n            exception_class = InvalidElementStateException\n        elif (\n            status in ErrorCode.INVALID_SELECTOR\n            or status in ErrorCode.INVALID_XPATH_SELECTOR\n            or status in ErrorCode.INVALID_XPATH_SELECTOR_RETURN_TYPER\n        ):\n            exception_class = InvalidSelectorException\n        elif status in ErrorCode.ELEMENT_IS_NOT_SELECTABLE:\n            exception_class = ElementNotSelectableException\n        elif status in ErrorCode.ELEMENT_NOT_INTERACTABLE:\n            exception_class = ElementNotInteractableException\n        elif status in ErrorCode.INVALID_COOKIE_DOMAIN:\n            exception_class = InvalidCookieDomainException\n        elif status in ErrorCode.UNABLE_TO_SET_COOKIE:\n            exception_class = UnableToSetCookieException\n        elif status in ErrorCode.TIMEOUT:\n            exception_class = TimeoutException\n        elif status in ErrorCode.SCRIPT_TIMEOUT:\n            exception_class = TimeoutException\n        elif status in ErrorCode.UNKNOWN_ERROR:\n            exception_class = WebDriverException\n        elif status in ErrorCode.UNEXPECTED_ALERT_OPEN:\n            exception_class = UnexpectedAlertPresentException\n        elif status in ErrorCode.NO_ALERT_OPEN:\n            exception_class = NoAlertPresentException\n        elif status in ErrorCode.IME_NOT_AVAILABLE:\n            exception_class = ImeNotAvailableException\n        elif status in ErrorCode.IME_ENGINE_ACTIVATION_FAILED:\n            exception_class = ImeActivationFailedException\n        elif status in ErrorCode.MOVE_TARGET_OUT_OF_BOUNDS:\n            exception_class = MoveTargetOutOfBoundsException\n        elif status in ErrorCode.JAVASCRIPT_ERROR:\n            exception_class = JavascriptException\n        elif status in ErrorCode.SESSION_NOT_CREATED:\n            exception_class = SessionNotCreatedException\n        elif status in ErrorCode.INVALID_ARGUMENT:\n            exception_class = InvalidArgumentException\n        elif status in ErrorCode.NO_SUCH_COOKIE:\n            exception_class = NoSuchCookieException\n        elif status in ErrorCode.UNABLE_TO_CAPTURE_SCREEN:\n            exception_class = ScreenshotException\n        elif status in ErrorCode.ELEMENT_CLICK_INTERCEPTED:\n            exception_class = ElementClickInterceptedException\n        elif status in ErrorCode.INSECURE_CERTIFICATE:\n            exception_class = InsecureCertificateException\n        elif status in ErrorCode.INVALID_COORDINATES:\n            exception_class = InvalidCoordinatesException\n        elif status in ErrorCode.INVALID_SESSION_ID:\n            exception_class = InvalidSessionIdException\n        elif status in ErrorCode.UNKNOWN_METHOD:\n            exception_class = UnknownMethodException\n        else:\n            exception_class = WebDriverException\n        if not value:\n            value = response[\"value\"]\n        if isinstance(value, str):\n            raise exception_class(value)\n        if message == \"\" and \"message\" in value:\n            message = value[\"message\"]\n    \n        screen = None  # type: ignore[assignment]\n        if \"screen\" in value:\n            screen = value[\"screen\"]\n    \n        stacktrace = None\n        st_value = value.get(\"stackTrace\") or value.get(\"stacktrace\")\n        if st_value:\n            if isinstance(st_value, str):\n                stacktrace = st_value.split(\"\\n\")\n            else:\n                stacktrace = []\n                try:\n                    for frame in st_value:\n                        line = frame.get(\"lineNumber\", \"\")\n                        file = frame.get(\"fileName\", \"<anonymous>\")\n                        if line:\n                            file = f\"{file}:{line}\"\n                        meth = frame.get(\"methodName\", \"<anonymous>\")\n                        if \"className\" in frame:\n                            meth = f\"{frame['className']}.{meth}\"\n                        msg = \"    at %s (%s)\"\n                        msg = msg % (meth, file)\n                        stacktrace.append(msg)\n                except TypeError:\n                    pass\n        if exception_class == UnexpectedAlertPresentException:\n            alert_text = None\n            if \"data\" in value:\n                alert_text = value[\"data\"].get(\"text\")\n            elif \"alert\" in value:\n                alert_text = value[\"alert\"].get(\"text\")\n            raise exception_class(message, screen, stacktrace, alert_text)  # type: ignore[call-arg]  # mypy is not smart enough here\n>       raise exception_class(message, screen, stacktrace)\nE       selenium.common.exceptions.NoSuchElementException: Message: no such element: Unable to locate element: {\"method\":\"xpath\",\"selector\":\"//a[@class='footer-email']\"}\nE         (Session info: chrome-headless-shell=121.0.6167.184); For documentation on this error, please visit: https://www.selenium.dev/documentation/webdriver/troubleshooting/errors#no-such-element-exception\nE       Stacktrace:\nE       #0 0x565286cd3303 <unknown>\nE       #1 0x5652869b82b7 <unknown>\nE       #2 0x565286a03cc0 <unknown>\nE       #3 0x565286a03db1 <unknown>\nE       #4 0x565286a47b44 <unknown>\nE       #5 0x565286a263ad <unknown>\nE       #6 0x565286a4507c <unknown>\nE       #7 0x565286a26123 <unknown>\nE       #8 0x5652869f6095 <unknown>\nE       #9 0x5652869f709e <unknown>\nE       #10 0x565286c976ab <unknown>\nE       #11 0x565286c9b4ba <unknown>\nE       #12 0x565286c83f85 <unknown>\nE       #13 0x565286c9c12f <unknown>\nE       #14 0x565286c67e6f <unknown>\nE       #15 0x565286cc05f8 <unknown>\nE       #16 0x565286cc07c2 <unknown>\nE       #17 0x565286cd24a4 <unknown>\nE       #18 0x7f27ff222134 <unknown>\n\n/usr/local/lib/python3.11/site-packages/selenium/webdriver/remote/errorhandler.py:245: NoSuchElementException","flaky":false,"newFailed":false,"newBroken":false,"newPassed":false,"retriesCount":0,"retriesStatusChange":false,"beforeStages":[{"name":"_session_faker","time":{"start":1708218257804,"stop":1708218257874,"duration":70},"status":"passed","steps":[],"attachments":[],"parameters":[],"shouldDisplayMessage":false,"stepsCount":0,"attachmentsCount":0,"hasContent":false,"attachmentStep":false},{"name":"clear_allure_results_folder","time":{"start":1708218257874,"stop":1708218257874,"duration":0},"status":"passed","steps":[],"attachments":[],"parameters":[],"shouldDisplayMessage":false,"stepsCount":0,"attachmentsCount":0,"hasContent":false,"attachmentStep":false},{"name":"driver","time":{"start":1708218392585,"stop":1708218393321,"duration":736},"status":"passed","steps":[],"attachments":[],"parameters":[],"shouldDisplayMessage":false,"stepsCount":0,"attachmentsCount":0,"hasContent":false,"attachmentStep":false},{"name":"main_page","time":{"start":1708218393321,"stop":1708218393772,"duration":451},"status":"passed","steps":[],"attachments":[],"parameters":[],"shouldDisplayMessage":false,"stepsCount":0,"attachmentsCount":0,"hasContent":false,"attachmentStep":false},{"name":"setup","time":{"start":1708218393321,"stop":1708218393321,"duration":0},"status":"passed","steps":[],"attachments":[],"parameters":[],"shouldDisplayMessage":false,"stepsCount":0,"attachmentsCount":0,"hasContent":false,"attachmentStep":false}],"testStage":{"status":"broken","statusMessage":"selenium.common.exceptions.NoSuchElementException: Message: no such element: Unable to locate element: {\"method\":\"xpath\",\"selector\":\"//a[@class='footer-email']\"}\n  (Session info: chrome-headless-shell=121.0.6167.184); For documentation on this error, please visit: https://www.selenium.dev/documentation/webdriver/troubleshooting/errors#no-such-element-exception\nStacktrace:\n#0 0x565286cd3303 <unknown>\n#1 0x5652869b82b7 <unknown>\n#2 0x565286a03cc0 <unknown>\n#3 0x565286a03db1 <unknown>\n#4 0x565286a47b44 <unknown>\n#5 0x565286a263ad <unknown>\n#6 0x565286a4507c <unknown>\n#7 0x565286a26123 <unknown>\n#8 0x5652869f6095 <unknown>\n#9 0x5652869f709e <unknown>\n#10 0x565286c976ab <unknown>\n#11 0x565286c9b4ba <unknown>\n#12 0x565286c83f85 <unknown>\n#13 0x565286c9c12f <unknown>\n#14 0x565286c67e6f <unknown>\n#15 0x565286cc05f8 <unknown>\n#16 0x565286cc07c2 <unknown>\n#17 0x565286cd24a4 <unknown>\n#18 0x7f27ff222134 <unknown>","statusTrace":"self = <tests.test_main_page.TestMainPage object at 0x7f439d0b5110>\nmain_page = <pages.main_page.MainPage object at 0x7f439ccddd90>\n\n    @allure.feature(\"Footer functionality\")\n    @allure.title(\"TC 010 - Проверка функциональности ссылки 'email'\")\n    # @pytest.mark.xfail(reason=\"Попап не реализован\")\n    @pytest.mark.smoke_test\n    def test_positive_footer_email_smoke(self, main_page):\n>       main_page.check_email_link()\n\ntests/test_main_page.py:100: \n_ _ _ _ _ _ _ _ _ _ _ _ _ _ _ _ _ _ _ _ _ _ _ _ _ _ _ _ _ _ _ _ _ _ _ _ _ _ _ _ \npages/main_page.py:136: in check_email_link\n    self.driver.find_element(*self._email_link).click()\n/usr/local/lib/python3.11/site-packages/selenium/webdriver/remote/webdriver.py:740: in find_element\n    return self.execute(Command.FIND_ELEMENT, {\"using\": by, \"value\": value})[\"value\"]\n/usr/local/lib/python3.11/site-packages/selenium/webdriver/remote/webdriver.py:346: in execute\n    self.error_handler.check_response(response)\n_ _ _ _ _ _ _ _ _ _ _ _ _ _ _ _ _ _ _ _ _ _ _ _ _ _ _ _ _ _ _ _ _ _ _ _ _ _ _ _ \n\nself = <selenium.webdriver.remote.errorhandler.ErrorHandler object at 0x7f439cc76390>\nresponse = {'status': 404, 'value': '{\"value\":{\"error\":\"no such element\",\"message\":\"no such element: Unable to locate element: {\\...\\\\n#16 0x565286cc07c2 \\\\u003Cunknown>\\\\n#17 0x565286cd24a4 \\\\u003Cunknown>\\\\n#18 0x7f27ff222134 \\\\u003Cunknown>\\\\n\"}}'}\n\n    def check_response(self, response: Dict[str, Any]) -> None:\n        \"\"\"Checks that a JSON response from the WebDriver does not have an\n        error.\n    \n        :Args:\n         - response - The JSON response from the WebDriver server as a dictionary\n           object.\n    \n        :Raises: If the response contains an error message.\n        \"\"\"\n        status = response.get(\"status\", None)\n        if not status or status == ErrorCode.SUCCESS:\n            return\n        value = None\n        message = response.get(\"message\", \"\")\n        screen: str = response.get(\"screen\", \"\")\n        stacktrace = None\n        if isinstance(status, int):\n            value_json = response.get(\"value\", None)\n            if value_json and isinstance(value_json, str):\n                import json\n    \n                try:\n                    value = json.loads(value_json)\n                    if len(value) == 1:\n                        value = value[\"value\"]\n                    status = value.get(\"error\", None)\n                    if not status:\n                        status = value.get(\"status\", ErrorCode.UNKNOWN_ERROR)\n                        message = value.get(\"value\") or value.get(\"message\")\n                        if not isinstance(message, str):\n                            value = message\n                            message = message.get(\"message\")\n                    else:\n                        message = value.get(\"message\", None)\n                except ValueError:\n                    pass\n    \n        exception_class: Type[WebDriverException]\n        if status in ErrorCode.NO_SUCH_ELEMENT:\n            exception_class = NoSuchElementException\n        elif status in ErrorCode.NO_SUCH_FRAME:\n            exception_class = NoSuchFrameException\n        elif status in ErrorCode.NO_SUCH_SHADOW_ROOT:\n            exception_class = NoSuchShadowRootException\n        elif status in ErrorCode.NO_SUCH_WINDOW:\n            exception_class = NoSuchWindowException\n        elif status in ErrorCode.STALE_ELEMENT_REFERENCE:\n            exception_class = StaleElementReferenceException\n        elif status in ErrorCode.ELEMENT_NOT_VISIBLE:\n            exception_class = ElementNotVisibleException\n        elif status in ErrorCode.INVALID_ELEMENT_STATE:\n            exception_class = InvalidElementStateException\n        elif (\n            status in ErrorCode.INVALID_SELECTOR\n            or status in ErrorCode.INVALID_XPATH_SELECTOR\n            or status in ErrorCode.INVALID_XPATH_SELECTOR_RETURN_TYPER\n        ):\n            exception_class = InvalidSelectorException\n        elif status in ErrorCode.ELEMENT_IS_NOT_SELECTABLE:\n            exception_class = ElementNotSelectableException\n        elif status in ErrorCode.ELEMENT_NOT_INTERACTABLE:\n            exception_class = ElementNotInteractableException\n        elif status in ErrorCode.INVALID_COOKIE_DOMAIN:\n            exception_class = InvalidCookieDomainException\n        elif status in ErrorCode.UNABLE_TO_SET_COOKIE:\n            exception_class = UnableToSetCookieException\n        elif status in ErrorCode.TIMEOUT:\n            exception_class = TimeoutException\n        elif status in ErrorCode.SCRIPT_TIMEOUT:\n            exception_class = TimeoutException\n        elif status in ErrorCode.UNKNOWN_ERROR:\n            exception_class = WebDriverException\n        elif status in ErrorCode.UNEXPECTED_ALERT_OPEN:\n            exception_class = UnexpectedAlertPresentException\n        elif status in ErrorCode.NO_ALERT_OPEN:\n            exception_class = NoAlertPresentException\n        elif status in ErrorCode.IME_NOT_AVAILABLE:\n            exception_class = ImeNotAvailableException\n        elif status in ErrorCode.IME_ENGINE_ACTIVATION_FAILED:\n            exception_class = ImeActivationFailedException\n        elif status in ErrorCode.MOVE_TARGET_OUT_OF_BOUNDS:\n            exception_class = MoveTargetOutOfBoundsException\n        elif status in ErrorCode.JAVASCRIPT_ERROR:\n            exception_class = JavascriptException\n        elif status in ErrorCode.SESSION_NOT_CREATED:\n            exception_class = SessionNotCreatedException\n        elif status in ErrorCode.INVALID_ARGUMENT:\n            exception_class = InvalidArgumentException\n        elif status in ErrorCode.NO_SUCH_COOKIE:\n            exception_class = NoSuchCookieException\n        elif status in ErrorCode.UNABLE_TO_CAPTURE_SCREEN:\n            exception_class = ScreenshotException\n        elif status in ErrorCode.ELEMENT_CLICK_INTERCEPTED:\n            exception_class = ElementClickInterceptedException\n        elif status in ErrorCode.INSECURE_CERTIFICATE:\n            exception_class = InsecureCertificateException\n        elif status in ErrorCode.INVALID_COORDINATES:\n            exception_class = InvalidCoordinatesException\n        elif status in ErrorCode.INVALID_SESSION_ID:\n            exception_class = InvalidSessionIdException\n        elif status in ErrorCode.UNKNOWN_METHOD:\n            exception_class = UnknownMethodException\n        else:\n            exception_class = WebDriverException\n        if not value:\n            value = response[\"value\"]\n        if isinstance(value, str):\n            raise exception_class(value)\n        if message == \"\" and \"message\" in value:\n            message = value[\"message\"]\n    \n        screen = None  # type: ignore[assignment]\n        if \"screen\" in value:\n            screen = value[\"screen\"]\n    \n        stacktrace = None\n        st_value = value.get(\"stackTrace\") or value.get(\"stacktrace\")\n        if st_value:\n            if isinstance(st_value, str):\n                stacktrace = st_value.split(\"\\n\")\n            else:\n                stacktrace = []\n                try:\n                    for frame in st_value:\n                        line = frame.get(\"lineNumber\", \"\")\n                        file = frame.get(\"fileName\", \"<anonymous>\")\n                        if line:\n                            file = f\"{file}:{line}\"\n                        meth = frame.get(\"methodName\", \"<anonymous>\")\n                        if \"className\" in frame:\n                            meth = f\"{frame['className']}.{meth}\"\n                        msg = \"    at %s (%s)\"\n                        msg = msg % (meth, file)\n                        stacktrace.append(msg)\n                except TypeError:\n                    pass\n        if exception_class == UnexpectedAlertPresentException:\n            alert_text = None\n            if \"data\" in value:\n                alert_text = value[\"data\"].get(\"text\")\n            elif \"alert\" in value:\n                alert_text = value[\"alert\"].get(\"text\")\n            raise exception_class(message, screen, stacktrace, alert_text)  # type: ignore[call-arg]  # mypy is not smart enough here\n>       raise exception_class(message, screen, stacktrace)\nE       selenium.common.exceptions.NoSuchElementException: Message: no such element: Unable to locate element: {\"method\":\"xpath\",\"selector\":\"//a[@class='footer-email']\"}\nE         (Session info: chrome-headless-shell=121.0.6167.184); For documentation on this error, please visit: https://www.selenium.dev/documentation/webdriver/troubleshooting/errors#no-such-element-exception\nE       Stacktrace:\nE       #0 0x565286cd3303 <unknown>\nE       #1 0x5652869b82b7 <unknown>\nE       #2 0x565286a03cc0 <unknown>\nE       #3 0x565286a03db1 <unknown>\nE       #4 0x565286a47b44 <unknown>\nE       #5 0x565286a263ad <unknown>\nE       #6 0x565286a4507c <unknown>\nE       #7 0x565286a26123 <unknown>\nE       #8 0x5652869f6095 <unknown>\nE       #9 0x5652869f709e <unknown>\nE       #10 0x565286c976ab <unknown>\nE       #11 0x565286c9b4ba <unknown>\nE       #12 0x565286c83f85 <unknown>\nE       #13 0x565286c9c12f <unknown>\nE       #14 0x565286c67e6f <unknown>\nE       #15 0x565286cc05f8 <unknown>\nE       #16 0x565286cc07c2 <unknown>\nE       #17 0x565286cd24a4 <unknown>\nE       #18 0x7f27ff222134 <unknown>\n\n/usr/local/lib/python3.11/site-packages/selenium/webdriver/remote/errorhandler.py:245: NoSuchElementException","steps":[{"name":"Проверка функциональности ссылки 'email'-info@stroyrem-nn.ru","time":{"start":1708218393773,"stop":1708218393785,"duration":12},"status":"broken","statusMessage":"selenium.common.exceptions.NoSuchElementException: Message: no such element: Unable to locate element: {\"method\":\"xpath\",\"selector\":\"//a[@class='footer-email']\"}\n  (Session info: chrome-headless-shell=121.0.6167.184); For documentation on this error, please visit: https://www.selenium.dev/documentation/webdriver/troubleshooting/errors#no-such-element-exception\nStacktrace:\n#0 0x565286cd3303 <unknown>\n#1 0x5652869b82b7 <unknown>\n#2 0x565286a03cc0 <unknown>\n#3 0x565286a03db1 <unknown>\n#4 0x565286a47b44 <unknown>\n#5 0x565286a263ad <unknown>\n#6 0x565286a4507c <unknown>\n#7 0x565286a26123 <unknown>\n#8 0x5652869f6095 <unknown>\n#9 0x5652869f709e <unknown>\n#10 0x565286c976ab <unknown>\n#11 0x565286c9b4ba <unknown>\n#12 0x565286c83f85 <unknown>\n#13 0x565286c9c12f <unknown>\n#14 0x565286c67e6f <unknown>\n#15 0x565286cc05f8 <unknown>\n#16 0x565286cc07c2 <unknown>\n#17 0x565286cd24a4 <unknown>\n#18 0x7f27ff222134 <unknown>\n\n","statusTrace":"  File \"/usr/local/lib/python3.11/site-packages/allure_commons/_allure.py\", line 192, in impl\n    return func(*a, **kw)\n           ^^^^^^^^^^^^^^\n  File \"/app/pages/main_page.py\", line 136, in check_email_link\n    self.driver.find_element(*self._email_link).click()\n    ^^^^^^^^^^^^^^^^^^^^^^^^^^^^^^^^^^^^^^^^^^^\n  File \"/usr/local/lib/python3.11/site-packages/selenium/webdriver/remote/webdriver.py\", line 740, in find_element\n    return self.execute(Command.FIND_ELEMENT, {\"using\": by, \"value\": value})[\"value\"]\n           ^^^^^^^^^^^^^^^^^^^^^^^^^^^^^^^^^^^^^^^^^^^^^^^^^^^^^^^^^^^^^^^^^\n  File \"/usr/local/lib/python3.11/site-packages/selenium/webdriver/remote/webdriver.py\", line 346, in execute\n    self.error_handler.check_response(response)\n  File \"/usr/local/lib/python3.11/site-packages/selenium/webdriver/remote/errorhandler.py\", line 245, in check_response\n    raise exception_class(message, screen, stacktrace)\n","steps":[],"attachments":[],"parameters":[],"shouldDisplayMessage":true,"stepsCount":0,"attachmentsCount":0,"hasContent":true,"attachmentStep":false}],"attachments":[{"uid":"ef5c013686f45c7a","name":"Screenshot","source":"ef5c013686f45c7a.png","type":"image/png","size":39106},{"uid":"a907eba84628c09b","name":"HTML source","source":"a907eba84628c09b.html","type":"text/html","size":538}],"parameters":[],"shouldDisplayMessage":true,"stepsCount":1,"attachmentsCount":2,"hasContent":true,"attachmentStep":false},"afterStages":[{"name":"setup::0","time":{"start":1708218393884,"stop":1708218393884,"duration":0},"status":"passed","steps":[],"attachments":[],"parameters":[],"shouldDisplayMessage":false,"stepsCount":0,"attachmentsCount":0,"hasContent":false,"attachmentStep":false},{"name":"driver::0","time":{"start":1708218393885,"stop":1708218393942,"duration":57},"status":"passed","steps":[],"attachments":[],"parameters":[],"shouldDisplayMessage":false,"stepsCount":0,"attachmentsCount":0,"hasContent":false,"attachmentStep":false}],"labels":[{"name":"feature","value":"Footer functionality"},{"name":"epic","value":"Main Page"},{"name":"tag","value":"smoke_test"},{"name":"parentSuite","value":"tests"},{"name":"suite","value":"test_main_page"},{"name":"subSuite","value":"TestMainPage"},{"name":"host","value":"a58a8c11d1c6"},{"name":"thread","value":"1-MainThread"},{"name":"framework","value":"pytest"},{"name":"language","value":"cpython3"},{"name":"package","value":"tests.test_main_page"},{"name":"resultFormat","value":"allure2"}],"parameters":[{"name":"url","value":"'https://test2.stroyrem-nn.ru/'"}],"links":[],"hidden":false,"retry":false,"extra":{"severity":"normal","retries":[],"categories":[{"name":"Test defects","matchedStatuses":[],"flaky":false}],"history":{"statistic":{"failed":0,"broken":156,"skipped":2,"passed":35,"unknown":0,"total":193},"items":[{"uid":"f930465ffa34f79f","reportUrl":"https://zaelcovsky.github.io/StroyremAutomation/235//#testresult/f930465ffa34f79f","status":"broken","statusDetails":"selenium.common.exceptions.NoSuchElementException: Message: no such element: Unable to locate element: {\"method\":\"xpath\",\"selector\":\"//a[@class='footer-email']\"}\n  (Session info: chrome-headless-shell=121.0.6167.184); For documentation on this error, please visit: https://www.selenium.dev/documentation/webdriver/troubleshooting/errors#no-such-element-exception\nStacktrace:\n#0 0x555ba93bc303 <unknown>\n#1 0x555ba90a12b7 <unknown>\n#2 0x555ba90eccc0 <unknown>\n#3 0x555ba90ecdb1 <unknown>\n#4 0x555ba9130b44 <unknown>\n#5 0x555ba910f3ad <unknown>\n#6 0x555ba912e07c <unknown>\n#7 0x555ba910f123 <unknown>\n#8 0x555ba90df095 <unknown>\n#9 0x555ba90e009e <unknown>\n#10 0x555ba93806ab <unknown>\n#11 0x555ba93844ba <unknown>\n#12 0x555ba936cf85 <unknown>\n#13 0x555ba938512f <unknown>\n#14 0x555ba9350e6f <unknown>\n#15 0x555ba93a95f8 <unknown>\n#16 0x555ba93a97c2 <unknown>\n#17 0x555ba93bb4a4 <unknown>\n#18 0x7f371fc92134 <unknown>","time":{"start":1708131697804,"stop":1708131697816,"duration":12}},{"uid":"8e9390a001137b13","reportUrl":"https://zaelcovsky.github.io/StroyremAutomation/234//#testresult/8e9390a001137b13","status":"broken","statusDetails":"selenium.common.exceptions.NoSuchElementException: Message: no such element: Unable to locate element: {\"method\":\"xpath\",\"selector\":\"//a[@class='footer-email']\"}\n  (Session info: chrome-headless-shell=121.0.6167.85); For documentation on this error, please visit: https://www.selenium.dev/documentation/webdriver/troubleshooting/errors#no-such-element-exception\nStacktrace:\n#0 0x55b2b1705d93 <unknown>\n#1 0x55b2b13e9337 <unknown>\n#2 0x55b2b1434d60 <unknown>\n#3 0x55b2b1434e51 <unknown>\n#4 0x55b2b1478bc4 <unknown>\n#5 0x55b2b145746d <unknown>\n#6 0x55b2b147612d <unknown>\n#7 0x55b2b14571e3 <unknown>\n#8 0x55b2b1427135 <unknown>\n#9 0x55b2b142813e <unknown>\n#10 0x55b2b16c9e4b <unknown>\n#11 0x55b2b16cddfa <unknown>\n#12 0x55b2b16b66d5 <unknown>\n#13 0x55b2b16cea6f <unknown>\n#14 0x55b2b169a69f <unknown>\n#15 0x55b2b16f3098 <unknown>\n#16 0x55b2b16f3262 <unknown>\n#17 0x55b2b1704f34 <unknown>\n#18 0x7fd538596134 <unknown>","time":{"start":1708045348526,"stop":1708045348539,"duration":13}},{"uid":"d6fc2bf18f4b3f64","reportUrl":"https://zaelcovsky.github.io/StroyremAutomation/233//#testresult/d6fc2bf18f4b3f64","status":"broken","statusDetails":"selenium.common.exceptions.NoSuchElementException: Message: no such element: Unable to locate element: {\"method\":\"xpath\",\"selector\":\"//a[@class='footer-email']\"}\n  (Session info: chrome-headless-shell=121.0.6167.85); For documentation on this error, please visit: https://www.selenium.dev/documentation/webdriver/troubleshooting/errors#no-such-element-exception\nStacktrace:\n#0 0x55c0bf047d93 <unknown>\n#1 0x55c0bed2b337 <unknown>\n#2 0x55c0bed76d60 <unknown>\n#3 0x55c0bed76e51 <unknown>\n#4 0x55c0bedbabc4 <unknown>\n#5 0x55c0bed9946d <unknown>\n#6 0x55c0bedb812d <unknown>\n#7 0x55c0bed991e3 <unknown>\n#8 0x55c0bed69135 <unknown>\n#9 0x55c0bed6a13e <unknown>\n#10 0x55c0bf00be4b <unknown>\n#11 0x55c0bf00fdfa <unknown>\n#12 0x55c0beff86d5 <unknown>\n#13 0x55c0bf010a6f <unknown>\n#14 0x55c0befdc69f <unknown>\n#15 0x55c0bf035098 <unknown>\n#16 0x55c0bf035262 <unknown>\n#17 0x55c0bf046f34 <unknown>\n#18 0x7f6d4a03a134 <unknown>","time":{"start":1707959012775,"stop":1707959012789,"duration":14}},{"uid":"ab65bfe729554fc3","reportUrl":"https://zaelcovsky.github.io/StroyremAutomation/232//#testresult/ab65bfe729554fc3","status":"broken","statusDetails":"selenium.common.exceptions.NoSuchElementException: Message: no such element: Unable to locate element: {\"method\":\"xpath\",\"selector\":\"//a[@class='footer-email']\"}\n  (Session info: chrome-headless-shell=121.0.6167.85); For documentation on this error, please visit: https://www.selenium.dev/documentation/webdriver/troubleshooting/errors#no-such-element-exception\nStacktrace:\n#0 0x5563654cad93 <unknown>\n#1 0x5563651ae337 <unknown>\n#2 0x5563651f9d60 <unknown>\n#3 0x5563651f9e51 <unknown>\n#4 0x55636523dbc4 <unknown>\n#5 0x55636521c46d <unknown>\n#6 0x55636523b12d <unknown>\n#7 0x55636521c1e3 <unknown>\n#8 0x5563651ec135 <unknown>\n#9 0x5563651ed13e <unknown>\n#10 0x55636548ee4b <unknown>\n#11 0x556365492dfa <unknown>\n#12 0x55636547b6d5 <unknown>\n#13 0x556365493a6f <unknown>\n#14 0x55636545f69f <unknown>\n#15 0x5563654b8098 <unknown>\n#16 0x5563654b8262 <unknown>\n#17 0x5563654c9f34 <unknown>\n#18 0x7ff04ce5f134 <unknown>","time":{"start":1707872596374,"stop":1707872596387,"duration":13}},{"uid":"58cfa8e1b8a8a13","reportUrl":"https://zaelcovsky.github.io/StroyremAutomation/231//#testresult/58cfa8e1b8a8a13","status":"broken","statusDetails":"selenium.common.exceptions.NoSuchElementException: Message: no such element: Unable to locate element: {\"method\":\"xpath\",\"selector\":\"//a[@class='footer-email']\"}\n  (Session info: chrome-headless-shell=121.0.6167.85); For documentation on this error, please visit: https://www.selenium.dev/documentation/webdriver/troubleshooting/errors#no-such-element-exception\nStacktrace:\n#0 0x558618e0dd93 <unknown>\n#1 0x558618af1337 <unknown>\n#2 0x558618b3cd60 <unknown>\n#3 0x558618b3ce51 <unknown>\n#4 0x558618b80bc4 <unknown>\n#5 0x558618b5f46d <unknown>\n#6 0x558618b7e12d <unknown>\n#7 0x558618b5f1e3 <unknown>\n#8 0x558618b2f135 <unknown>\n#9 0x558618b3013e <unknown>\n#10 0x558618dd1e4b <unknown>\n#11 0x558618dd5dfa <unknown>\n#12 0x558618dbe6d5 <unknown>\n#13 0x558618dd6a6f <unknown>\n#14 0x558618da269f <unknown>\n#15 0x558618dfb098 <unknown>\n#16 0x558618dfb262 <unknown>\n#17 0x558618e0cf34 <unknown>\n#18 0x7fac9b173134 <unknown>","time":{"start":1707786240880,"stop":1707786240892,"duration":12}},{"uid":"8cb199898d0bf9aa","reportUrl":"https://zaelcovsky.github.io/StroyremAutomation/230//#testresult/8cb199898d0bf9aa","status":"broken","statusDetails":"selenium.common.exceptions.NoSuchElementException: Message: no such element: Unable to locate element: {\"method\":\"xpath\",\"selector\":\"//a[@class='footer-email']\"}\n  (Session info: chrome-headless-shell=121.0.6167.85); For documentation on this error, please visit: https://www.selenium.dev/documentation/webdriver/troubleshooting/errors#no-such-element-exception\nStacktrace:\n#0 0x55931a1bfd93 <unknown>\n#1 0x559319ea3337 <unknown>\n#2 0x559319eeed60 <unknown>\n#3 0x559319eeee51 <unknown>\n#4 0x559319f32bc4 <unknown>\n#5 0x559319f1146d <unknown>\n#6 0x559319f3012d <unknown>\n#7 0x559319f111e3 <unknown>\n#8 0x559319ee1135 <unknown>\n#9 0x559319ee213e <unknown>\n#10 0x55931a183e4b <unknown>\n#11 0x55931a187dfa <unknown>\n#12 0x55931a1706d5 <unknown>\n#13 0x55931a188a6f <unknown>\n#14 0x55931a15469f <unknown>\n#15 0x55931a1ad098 <unknown>\n#16 0x55931a1ad262 <unknown>\n#17 0x55931a1bef34 <unknown>\n#18 0x7f1d4ee1b134 <unknown>","time":{"start":1707699798420,"stop":1707699798433,"duration":13}},{"uid":"2c03a106d83a65f0","reportUrl":"https://zaelcovsky.github.io/StroyremAutomation/229//#testresult/2c03a106d83a65f0","status":"broken","statusDetails":"selenium.common.exceptions.NoSuchElementException: Message: no such element: Unable to locate element: {\"method\":\"xpath\",\"selector\":\"//a[@class='footer-email']\"}\n  (Session info: chrome-headless-shell=121.0.6167.85); For documentation on this error, please visit: https://www.selenium.dev/documentation/webdriver/troubleshooting/errors#no-such-element-exception\nStacktrace:\n#0 0x55cc6cf58d93 <unknown>\n#1 0x55cc6cc3c337 <unknown>\n#2 0x55cc6cc87d60 <unknown>\n#3 0x55cc6cc87e51 <unknown>\n#4 0x55cc6cccbbc4 <unknown>\n#5 0x55cc6ccaa46d <unknown>\n#6 0x55cc6ccc912d <unknown>\n#7 0x55cc6ccaa1e3 <unknown>\n#8 0x55cc6cc7a135 <unknown>\n#9 0x55cc6cc7b13e <unknown>\n#10 0x55cc6cf1ce4b <unknown>\n#11 0x55cc6cf20dfa <unknown>\n#12 0x55cc6cf096d5 <unknown>\n#13 0x55cc6cf21a6f <unknown>\n#14 0x55cc6ceed69f <unknown>\n#15 0x55cc6cf46098 <unknown>\n#16 0x55cc6cf46262 <unknown>\n#17 0x55cc6cf57f34 <unknown>\n#18 0x7f2a6fdac134 <unknown>","time":{"start":1707613621859,"stop":1707613621872,"duration":13}},{"uid":"40567350804d7d02","reportUrl":"https://zaelcovsky.github.io/StroyremAutomation/228//#testresult/40567350804d7d02","status":"broken","statusDetails":"selenium.common.exceptions.NoSuchElementException: Message: no such element: Unable to locate element: {\"method\":\"xpath\",\"selector\":\"//a[@class='footer-email']\"}\n  (Session info: chrome-headless-shell=121.0.6167.85); For documentation on this error, please visit: https://www.selenium.dev/documentation/webdriver/troubleshooting/errors#no-such-element-exception\nStacktrace:\n#0 0x564554b90d93 <unknown>\n#1 0x564554874337 <unknown>\n#2 0x5645548bfd60 <unknown>\n#3 0x5645548bfe51 <unknown>\n#4 0x564554903bc4 <unknown>\n#5 0x5645548e246d <unknown>\n#6 0x56455490112d <unknown>\n#7 0x5645548e21e3 <unknown>\n#8 0x5645548b2135 <unknown>\n#9 0x5645548b313e <unknown>\n#10 0x564554b54e4b <unknown>\n#11 0x564554b58dfa <unknown>\n#12 0x564554b416d5 <unknown>\n#13 0x564554b59a6f <unknown>\n#14 0x564554b2569f <unknown>\n#15 0x564554b7e098 <unknown>\n#16 0x564554b7e262 <unknown>\n#17 0x564554b8ff34 <unknown>\n#18 0x7f23af7b6134 <unknown>","time":{"start":1707526834736,"stop":1707526834752,"duration":16}},{"uid":"5694fcac092e2dbd","reportUrl":"https://zaelcovsky.github.io/StroyremAutomation/227//#testresult/5694fcac092e2dbd","status":"broken","statusDetails":"selenium.common.exceptions.NoSuchElementException: Message: no such element: Unable to locate element: {\"method\":\"xpath\",\"selector\":\"//a[@class='footer-email']\"}\n  (Session info: chrome-headless-shell=121.0.6167.85); For documentation on this error, please visit: https://www.selenium.dev/documentation/webdriver/troubleshooting/errors#no-such-element-exception\nStacktrace:\n#0 0x56173e742d93 <unknown>\n#1 0x56173e426337 <unknown>\n#2 0x56173e471d60 <unknown>\n#3 0x56173e471e51 <unknown>\n#4 0x56173e4b5bc4 <unknown>\n#5 0x56173e49446d <unknown>\n#6 0x56173e4b312d <unknown>\n#7 0x56173e4941e3 <unknown>\n#8 0x56173e464135 <unknown>\n#9 0x56173e46513e <unknown>\n#10 0x56173e706e4b <unknown>\n#11 0x56173e70adfa <unknown>\n#12 0x56173e6f36d5 <unknown>\n#13 0x56173e70ba6f <unknown>\n#14 0x56173e6d769f <unknown>\n#15 0x56173e730098 <unknown>\n#16 0x56173e730262 <unknown>\n#17 0x56173e741f34 <unknown>\n#18 0x7fbdd50b1134 <unknown>","time":{"start":1707440520787,"stop":1707440520800,"duration":13}},{"uid":"9bb29bbb92af9014","reportUrl":"https://zaelcovsky.github.io/StroyremAutomation/226//#testresult/9bb29bbb92af9014","status":"broken","statusDetails":"selenium.common.exceptions.NoSuchElementException: Message: no such element: Unable to locate element: {\"method\":\"xpath\",\"selector\":\"//a[@class='footer-email']\"}\n  (Session info: chrome-headless-shell=121.0.6167.85); For documentation on this error, please visit: https://www.selenium.dev/documentation/webdriver/troubleshooting/errors#no-such-element-exception\nStacktrace:\n#0 0x559ddb044d93 <unknown>\n#1 0x559ddad28337 <unknown>\n#2 0x559ddad73d60 <unknown>\n#3 0x559ddad73e51 <unknown>\n#4 0x559ddadb7bc4 <unknown>\n#5 0x559ddad9646d <unknown>\n#6 0x559ddadb512d <unknown>\n#7 0x559ddad961e3 <unknown>\n#8 0x559ddad66135 <unknown>\n#9 0x559ddad6713e <unknown>\n#10 0x559ddb008e4b <unknown>\n#11 0x559ddb00cdfa <unknown>\n#12 0x559ddaff56d5 <unknown>\n#13 0x559ddb00da6f <unknown>\n#14 0x559ddafd969f <unknown>\n#15 0x559ddb032098 <unknown>\n#16 0x559ddb032262 <unknown>\n#17 0x559ddb043f34 <unknown>\n#18 0x7f2cc911f134 <unknown>","time":{"start":1707354109293,"stop":1707354109306,"duration":13}},{"uid":"6b07b65887955c4a","reportUrl":"https://zaelcovsky.github.io/StroyremAutomation/225//#testresult/6b07b65887955c4a","status":"broken","statusDetails":"selenium.common.exceptions.NoSuchElementException: Message: no such element: Unable to locate element: {\"method\":\"xpath\",\"selector\":\"//a[@class='footer-email']\"}\n  (Session info: chrome-headless-shell=121.0.6167.85); For documentation on this error, please visit: https://www.selenium.dev/documentation/webdriver/troubleshooting/errors#no-such-element-exception\nStacktrace:\n#0 0x5599bf7a7d93 <unknown>\n#1 0x5599bf48b337 <unknown>\n#2 0x5599bf4d6d60 <unknown>\n#3 0x5599bf4d6e51 <unknown>\n#4 0x5599bf51abc4 <unknown>\n#5 0x5599bf4f946d <unknown>\n#6 0x5599bf51812d <unknown>\n#7 0x5599bf4f91e3 <unknown>\n#8 0x5599bf4c9135 <unknown>\n#9 0x5599bf4ca13e <unknown>\n#10 0x5599bf76be4b <unknown>\n#11 0x5599bf76fdfa <unknown>\n#12 0x5599bf7586d5 <unknown>\n#13 0x5599bf770a6f <unknown>\n#14 0x5599bf73c69f <unknown>\n#15 0x5599bf795098 <unknown>\n#16 0x5599bf795262 <unknown>\n#17 0x5599bf7a6f34 <unknown>\n#18 0x7fc836a97134 <unknown>","time":{"start":1707267654881,"stop":1707267654894,"duration":13}},{"uid":"7dbe5860068458ae","reportUrl":"https://zaelcovsky.github.io/StroyremAutomation/224//#testresult/7dbe5860068458ae","status":"broken","statusDetails":"selenium.common.exceptions.NoSuchElementException: Message: no such element: Unable to locate element: {\"method\":\"xpath\",\"selector\":\"//a[@class='footer-email']\"}\n  (Session info: chrome-headless-shell=121.0.6167.85); For documentation on this error, please visit: https://www.selenium.dev/documentation/webdriver/troubleshooting/errors#no-such-element-exception\nStacktrace:\n#0 0x559d10eefd93 <unknown>\n#1 0x559d10bd3337 <unknown>\n#2 0x559d10c1ed60 <unknown>\n#3 0x559d10c1ee51 <unknown>\n#4 0x559d10c62bc4 <unknown>\n#5 0x559d10c4146d <unknown>\n#6 0x559d10c6012d <unknown>\n#7 0x559d10c411e3 <unknown>\n#8 0x559d10c11135 <unknown>\n#9 0x559d10c1213e <unknown>\n#10 0x559d10eb3e4b <unknown>\n#11 0x559d10eb7dfa <unknown>\n#12 0x559d10ea06d5 <unknown>\n#13 0x559d10eb8a6f <unknown>\n#14 0x559d10e8469f <unknown>\n#15 0x559d10edd098 <unknown>\n#16 0x559d10edd262 <unknown>\n#17 0x559d10eeef34 <unknown>\n#18 0x7ff9927a8134 <unknown>","time":{"start":1707181355903,"stop":1707181355915,"duration":12}},{"uid":"11fbdb8865e7f1df","reportUrl":"https://zaelcovsky.github.io/StroyremAutomation/223//#testresult/11fbdb8865e7f1df","status":"broken","statusDetails":"selenium.common.exceptions.NoSuchElementException: Message: no such element: Unable to locate element: {\"method\":\"xpath\",\"selector\":\"//a[@class='footer-email']\"}\n  (Session info: chrome-headless-shell=121.0.6167.85); For documentation on this error, please visit: https://www.selenium.dev/documentation/webdriver/troubleshooting/errors#no-such-element-exception\nStacktrace:\n#0 0x5646b1b1cd93 <unknown>\n#1 0x5646b1800337 <unknown>\n#2 0x5646b184bd60 <unknown>\n#3 0x5646b184be51 <unknown>\n#4 0x5646b188fbc4 <unknown>\n#5 0x5646b186e46d <unknown>\n#6 0x5646b188d12d <unknown>\n#7 0x5646b186e1e3 <unknown>\n#8 0x5646b183e135 <unknown>\n#9 0x5646b183f13e <unknown>\n#10 0x5646b1ae0e4b <unknown>\n#11 0x5646b1ae4dfa <unknown>\n#12 0x5646b1acd6d5 <unknown>\n#13 0x5646b1ae5a6f <unknown>\n#14 0x5646b1ab169f <unknown>\n#15 0x5646b1b0a098 <unknown>\n#16 0x5646b1b0a262 <unknown>\n#17 0x5646b1b1bf34 <unknown>\n#18 0x7f3f397ad134 <unknown>","time":{"start":1707095083634,"stop":1707095083647,"duration":13}},{"uid":"a840b0b716d57440","reportUrl":"https://zaelcovsky.github.io/StroyremAutomation/222//#testresult/a840b0b716d57440","status":"broken","statusDetails":"selenium.common.exceptions.NoSuchElementException: Message: no such element: Unable to locate element: {\"method\":\"xpath\",\"selector\":\"//a[@class='footer-email']\"}\n  (Session info: chrome-headless-shell=121.0.6167.85); For documentation on this error, please visit: https://www.selenium.dev/documentation/webdriver/troubleshooting/errors#no-such-element-exception\nStacktrace:\n#0 0x5614ed416d93 <unknown>\n#1 0x5614ed0fa337 <unknown>\n#2 0x5614ed145d60 <unknown>\n#3 0x5614ed145e51 <unknown>\n#4 0x5614ed189bc4 <unknown>\n#5 0x5614ed16846d <unknown>\n#6 0x5614ed18712d <unknown>\n#7 0x5614ed1681e3 <unknown>\n#8 0x5614ed138135 <unknown>\n#9 0x5614ed13913e <unknown>\n#10 0x5614ed3dae4b <unknown>\n#11 0x5614ed3dedfa <unknown>\n#12 0x5614ed3c76d5 <unknown>\n#13 0x5614ed3dfa6f <unknown>\n#14 0x5614ed3ab69f <unknown>\n#15 0x5614ed404098 <unknown>\n#16 0x5614ed404262 <unknown>\n#17 0x5614ed415f34 <unknown>\n#18 0x7f7fd476e134 <unknown>","time":{"start":1707008831293,"stop":1707008831307,"duration":14}},{"uid":"113c2a714dfa8516","reportUrl":"https://zaelcovsky.github.io/StroyremAutomation/221//#testresult/113c2a714dfa8516","status":"broken","statusDetails":"selenium.common.exceptions.NoSuchElementException: Message: no such element: Unable to locate element: {\"method\":\"xpath\",\"selector\":\"//a[@class='footer-email']\"}\n  (Session info: chrome-headless-shell=121.0.6167.85); For documentation on this error, please visit: https://www.selenium.dev/documentation/webdriver/troubleshooting/errors#no-such-element-exception\nStacktrace:\n#0 0x55bd31163d93 <unknown>\n#1 0x55bd30e47337 <unknown>\n#2 0x55bd30e92d60 <unknown>\n#3 0x55bd30e92e51 <unknown>\n#4 0x55bd30ed6bc4 <unknown>\n#5 0x55bd30eb546d <unknown>\n#6 0x55bd30ed412d <unknown>\n#7 0x55bd30eb51e3 <unknown>\n#8 0x55bd30e85135 <unknown>\n#9 0x55bd30e8613e <unknown>\n#10 0x55bd31127e4b <unknown>\n#11 0x55bd3112bdfa <unknown>\n#12 0x55bd311146d5 <unknown>\n#13 0x55bd3112ca6f <unknown>\n#14 0x55bd310f869f <unknown>\n#15 0x55bd31151098 <unknown>\n#16 0x55bd31151262 <unknown>\n#17 0x55bd31162f34 <unknown>\n#18 0x7f1321f5e134 <unknown>","time":{"start":1706922111207,"stop":1706922111220,"duration":13}},{"uid":"43fdb73743aa9221","reportUrl":"https://zaelcovsky.github.io/StroyremAutomation/220//#testresult/43fdb73743aa9221","status":"broken","statusDetails":"selenium.common.exceptions.NoSuchElementException: Message: no such element: Unable to locate element: {\"method\":\"xpath\",\"selector\":\"//a[@class='footer-email']\"}\n  (Session info: chrome-headless-shell=121.0.6167.85); For documentation on this error, please visit: https://www.selenium.dev/documentation/webdriver/troubleshooting/errors#no-such-element-exception\nStacktrace:\n#0 0x5567e7005d93 <unknown>\n#1 0x5567e6ce9337 <unknown>\n#2 0x5567e6d34d60 <unknown>\n#3 0x5567e6d34e51 <unknown>\n#4 0x5567e6d78bc4 <unknown>\n#5 0x5567e6d5746d <unknown>\n#6 0x5567e6d7612d <unknown>\n#7 0x5567e6d571e3 <unknown>\n#8 0x5567e6d27135 <unknown>\n#9 0x5567e6d2813e <unknown>\n#10 0x5567e6fc9e4b <unknown>\n#11 0x5567e6fcddfa <unknown>\n#12 0x5567e6fb66d5 <unknown>\n#13 0x5567e6fcea6f <unknown>\n#14 0x5567e6f9a69f <unknown>\n#15 0x5567e6ff3098 <unknown>\n#16 0x5567e6ff3262 <unknown>\n#17 0x5567e7004f34 <unknown>\n#18 0x7f6ca8a1a134 <unknown>","time":{"start":1706835777158,"stop":1706835777172,"duration":14}},{"uid":"a81f46701b12e76f","reportUrl":"https://zaelcovsky.github.io/StroyremAutomation/219//#testresult/a81f46701b12e76f","status":"broken","statusDetails":"selenium.common.exceptions.NoSuchElementException: Message: no such element: Unable to locate element: {\"method\":\"xpath\",\"selector\":\"//a[@class='footer-email']\"}\n  (Session info: chrome-headless-shell=121.0.6167.85); For documentation on this error, please visit: https://www.selenium.dev/documentation/webdriver/troubleshooting/errors#no-such-element-exception\nStacktrace:\n#0 0x5580c3523d93 <unknown>\n#1 0x5580c3207337 <unknown>\n#2 0x5580c3252d60 <unknown>\n#3 0x5580c3252e51 <unknown>\n#4 0x5580c3296bc4 <unknown>\n#5 0x5580c327546d <unknown>\n#6 0x5580c329412d <unknown>\n#7 0x5580c32751e3 <unknown>\n#8 0x5580c3245135 <unknown>\n#9 0x5580c324613e <unknown>\n#10 0x5580c34e7e4b <unknown>\n#11 0x5580c34ebdfa <unknown>\n#12 0x5580c34d46d5 <unknown>\n#13 0x5580c34eca6f <unknown>\n#14 0x5580c34b869f <unknown>\n#15 0x5580c3511098 <unknown>\n#16 0x5580c3511262 <unknown>\n#17 0x5580c3522f34 <unknown>\n#18 0x7fedb2221044 <unknown>","time":{"start":1706749623005,"stop":1706749623018,"duration":13}},{"uid":"7ef8eed7d6259890","reportUrl":"https://zaelcovsky.github.io/StroyremAutomation/218//#testresult/7ef8eed7d6259890","status":"broken","statusDetails":"selenium.common.exceptions.NoSuchElementException: Message: no such element: Unable to locate element: {\"method\":\"xpath\",\"selector\":\"//a[@class='footer-email']\"}\n  (Session info: chrome-headless-shell=121.0.6167.85); For documentation on this error, please visit: https://www.selenium.dev/documentation/webdriver/troubleshooting/errors#no-such-element-exception\nStacktrace:\n#0 0x5593e6962d93 <unknown>\n#1 0x5593e6646337 <unknown>\n#2 0x5593e6691d60 <unknown>\n#3 0x5593e6691e51 <unknown>\n#4 0x5593e66d5bc4 <unknown>\n#5 0x5593e66b446d <unknown>\n#6 0x5593e66d312d <unknown>\n#7 0x5593e66b41e3 <unknown>\n#8 0x5593e6684135 <unknown>\n#9 0x5593e668513e <unknown>\n#10 0x5593e6926e4b <unknown>\n#11 0x5593e692adfa <unknown>\n#12 0x5593e69136d5 <unknown>\n#13 0x5593e692ba6f <unknown>\n#14 0x5593e68f769f <unknown>\n#15 0x5593e6950098 <unknown>\n#16 0x5593e6950262 <unknown>\n#17 0x5593e6961f34 <unknown>\n#18 0x7ff265875044 <unknown>","time":{"start":1706662989451,"stop":1706662989464,"duration":13}},{"uid":"9d2c18346d918d68","reportUrl":"https://zaelcovsky.github.io/StroyremAutomation/217//#testresult/9d2c18346d918d68","status":"broken","statusDetails":"selenium.common.exceptions.NoSuchElementException: Message: no such element: Unable to locate element: {\"method\":\"xpath\",\"selector\":\"//a[@class='footer-email']\"}\n  (Session info: chrome-headless-shell=121.0.6167.85); For documentation on this error, please visit: https://www.selenium.dev/documentation/webdriver/troubleshooting/errors#no-such-element-exception\nStacktrace:\n#0 0x5615c2020d93 <unknown>\n#1 0x5615c1d04337 <unknown>\n#2 0x5615c1d4fd60 <unknown>\n#3 0x5615c1d4fe51 <unknown>\n#4 0x5615c1d93bc4 <unknown>\n#5 0x5615c1d7246d <unknown>\n#6 0x5615c1d9112d <unknown>\n#7 0x5615c1d721e3 <unknown>\n#8 0x5615c1d42135 <unknown>\n#9 0x5615c1d4313e <unknown>\n#10 0x5615c1fe4e4b <unknown>\n#11 0x5615c1fe8dfa <unknown>\n#12 0x5615c1fd16d5 <unknown>\n#13 0x5615c1fe9a6f <unknown>\n#14 0x5615c1fb569f <unknown>\n#15 0x5615c200e098 <unknown>\n#16 0x5615c200e262 <unknown>\n#17 0x5615c201ff34 <unknown>\n#18 0x7fdbed766044 <unknown>","time":{"start":1706576558054,"stop":1706576558068,"duration":14}},{"uid":"30a0864ad6ab183c","reportUrl":"https://zaelcovsky.github.io/StroyremAutomation/216//#testresult/30a0864ad6ab183c","status":"broken","statusDetails":"selenium.common.exceptions.NoSuchElementException: Message: no such element: Unable to locate element: {\"method\":\"xpath\",\"selector\":\"//a[@class='footer-email']\"}\n  (Session info: chrome-headless-shell=121.0.6167.85); For documentation on this error, please visit: https://www.selenium.dev/documentation/webdriver/troubleshooting/errors#no-such-element-exception\nStacktrace:\n#0 0x55a792963d93 <unknown>\n#1 0x55a792647337 <unknown>\n#2 0x55a792692d60 <unknown>\n#3 0x55a792692e51 <unknown>\n#4 0x55a7926d6bc4 <unknown>\n#5 0x55a7926b546d <unknown>\n#6 0x55a7926d412d <unknown>\n#7 0x55a7926b51e3 <unknown>\n#8 0x55a792685135 <unknown>\n#9 0x55a79268613e <unknown>\n#10 0x55a792927e4b <unknown>\n#11 0x55a79292bdfa <unknown>\n#12 0x55a7929146d5 <unknown>\n#13 0x55a79292ca6f <unknown>\n#14 0x55a7928f869f <unknown>\n#15 0x55a792951098 <unknown>\n#16 0x55a792951262 <unknown>\n#17 0x55a792962f34 <unknown>\n#18 0x7f4ef3a84044 <unknown>","time":{"start":1706490217120,"stop":1706490217132,"duration":12}}]},"tags":["smoke_test"]},"source":"c142fe0e0b09d530.json","parameterValues":["'https://test2.stroyrem-nn.ru/'"]}