{"uid":"d3fb59a1154f9faf","name":"TD 023 Доставка товара весом до 6200кг. в синей зоне","fullName":"tests.delivery.test_delivery_calculation.TestDeliveryPageCalculation#test_positive_delivery_blue_zone_smoke","historyId":"fe4664de905f76a94b6350f1590cde09","time":{"start":1708218720048,"stop":1708218720387,"duration":339},"status":"skipped","statusMessage":"XFAIL\n\nselenium.common.exceptions.NoSuchElementException: Message: no such element: Unable to locate element: {\"method\":\"xpath\",\"selector\":\"(//a[@class='add-to-cart yellow-btn'])[1]\"}\n  (Session info: chrome-headless-shell=121.0.6167.184); For documentation on this error, please visit: https://www.selenium.dev/documentation/webdriver/troubleshooting/errors#no-such-element-exception\nStacktrace:\n#0 0x56422437c303 <unknown>\n#1 0x5642240612b7 <unknown>\n#2 0x5642240accc0 <unknown>\n#3 0x5642240acdb1 <unknown>\n#4 0x5642240f0b44 <unknown>\n#5 0x5642240cf3ad <unknown>\n#6 0x5642240ee07c <unknown>\n#7 0x5642240cf123 <unknown>\n#8 0x56422409f095 <unknown>\n#9 0x5642240a009e <unknown>\n#10 0x5642243406ab <unknown>\n#11 0x5642243444ba <unknown>\n#12 0x56422432cf85 <unknown>\n#13 0x56422434512f <unknown>\n#14 0x564224310e6f <unknown>\n#15 0x5642243695f8 <unknown>\n#16 0x5642243697c2 <unknown>\n#17 0x56422437b4a4 <unknown>\n#18 0x7fcfc4a0e134 <unknown>","statusTrace":"self = <tests.delivery.test_delivery_calculation.TestDeliveryPageCalculation object at 0x7f439cd59510>\ndriver = <selenium.webdriver.chrome.webdriver.WebDriver (session=\"2663e4b40d10fe99df72112486bf8f63\")>\nurl = 'https://sandboxtest.stroyrem-nn.ru/', case_id = 'TD 023'\nlink_item = 'products/shtukaturka-gipsovaya-aksolit-m50-30-kg-mashinnogo-naneseniya'\namount = 206, weight = 6200, standard = 3300, in_time = 7500, all_time = 8000\n\n    @pytest.mark.parametrize('case_id, link_item, amount, weight, standard, in_time, all_time', [\n        (\"TD 015\", bundeks_25, 1, 30, 650, 2390, 3320),\n        pytest.param(\n            \"TD 016\", aksolit_30, 8, 300, 650, 2390, 3320,\n            marks=pytest.mark.xfail(reson=\"Цена доставки: - - -\")\n        ),\n        (\"TD 017\", aksolit_30, 13, 400, 650, 2390, 3320),\n        (\"TD 018\", aksolit_30, 16, 500, 850, 2490, 3320),\n        (\"TD 019\", aksolit_30, 25, 1700, 1150, 2490, 3320),\n        (\"TD 020\", aksolit_30, 66, 2000, 1500, 2990, 3650),\n        (\"TD 021\", aksolit_30, 149, 4500, 2600, 4380, 4890),\n        (\"TD 022\", aksolit_30, 166, 5000, 2800, 5490, 5980),\n        pytest.param(\n            \"TD 023\", aksolit_30, 206, 6200, 3300, 7500, 8000,\n            marks=pytest.mark.xfail(reson=\"Цена доставки: 4300 9900 11440\")\n        ),\n        (\"TD 024\", aksolit_30, 299, 9000, 4300, 9900, 11440),\n        (\"TD 025\", aksolit_30, 333, 10000, 7000, 13900, 15900),\n        pytest.param(\n            \"TD 026\", aksolit_30, 366, 11000, 8000, 14900, 19900,\n            marks=pytest.mark.xfail(reson=\"Цена доставки: 7000 13900 15900\")\n        ),\n        pytest.param(\n            \"TD 027\", aksolit_30, 666, 20000, 14000, 16900, 23900,\n            marks=pytest.mark.xfail(reson=\"Цена доставки: 7000 13900 15900\")\n        )\n    ])\n    @pytest.mark.smoke\n    def test_positive_delivery_blue_zone_smoke(\n            self, driver, url, case_id, link_item, amount, weight, standard, in_time, all_time\n    ):\n        allure.dynamic.title(f\"{case_id} Доставка товара весом до {weight}кг. в синей зоне\")\n    \n        driver.get(f'{url}{link_item}')\n        item_page = ItemPage(driver)\n>       item_page.add_item_to_cart(amount).click_on_cart()\n\ntests/delivery/test_delivery_calculation.py:130: \n_ _ _ _ _ _ _ _ _ _ _ _ _ _ _ _ _ _ _ _ _ _ _ _ _ _ _ _ _ _ _ _ _ _ _ _ _ _ _ _ \npages/item_page.py:40: in add_item_to_cart\n    self.find_element(self._add_item).click()\nbase/seleniumbase.py:17: in find_element\n    return self.driver.find_element(*locator)\n/usr/local/lib/python3.11/site-packages/selenium/webdriver/remote/webdriver.py:740: in find_element\n    return self.execute(Command.FIND_ELEMENT, {\"using\": by, \"value\": value})[\"value\"]\n/usr/local/lib/python3.11/site-packages/selenium/webdriver/remote/webdriver.py:346: in execute\n    self.error_handler.check_response(response)\n_ _ _ _ _ _ _ _ _ _ _ _ _ _ _ _ _ _ _ _ _ _ _ _ _ _ _ _ _ _ _ _ _ _ _ _ _ _ _ _ \n\nself = <selenium.webdriver.remote.errorhandler.ErrorHandler object at 0x7f439ca3ee50>\nresponse = {'status': 404, 'value': '{\"value\":{\"error\":\"no such element\",\"message\":\"no such element: Unable to locate element: {\\...\\\\n#16 0x5642243697c2 \\\\u003Cunknown>\\\\n#17 0x56422437b4a4 \\\\u003Cunknown>\\\\n#18 0x7fcfc4a0e134 \\\\u003Cunknown>\\\\n\"}}'}\n\n    def check_response(self, response: Dict[str, Any]) -> None:\n        \"\"\"Checks that a JSON response from the WebDriver does not have an\n        error.\n    \n        :Args:\n         - response - The JSON response from the WebDriver server as a dictionary\n           object.\n    \n        :Raises: If the response contains an error message.\n        \"\"\"\n        status = response.get(\"status\", None)\n        if not status or status == ErrorCode.SUCCESS:\n            return\n        value = None\n        message = response.get(\"message\", \"\")\n        screen: str = response.get(\"screen\", \"\")\n        stacktrace = None\n        if isinstance(status, int):\n            value_json = response.get(\"value\", None)\n            if value_json and isinstance(value_json, str):\n                import json\n    \n                try:\n                    value = json.loads(value_json)\n                    if len(value) == 1:\n                        value = value[\"value\"]\n                    status = value.get(\"error\", None)\n                    if not status:\n                        status = value.get(\"status\", ErrorCode.UNKNOWN_ERROR)\n                        message = value.get(\"value\") or value.get(\"message\")\n                        if not isinstance(message, str):\n                            value = message\n                            message = message.get(\"message\")\n                    else:\n                        message = value.get(\"message\", None)\n                except ValueError:\n                    pass\n    \n        exception_class: Type[WebDriverException]\n        if status in ErrorCode.NO_SUCH_ELEMENT:\n            exception_class = NoSuchElementException\n        elif status in ErrorCode.NO_SUCH_FRAME:\n            exception_class = NoSuchFrameException\n        elif status in ErrorCode.NO_SUCH_SHADOW_ROOT:\n            exception_class = NoSuchShadowRootException\n        elif status in ErrorCode.NO_SUCH_WINDOW:\n            exception_class = NoSuchWindowException\n        elif status in ErrorCode.STALE_ELEMENT_REFERENCE:\n            exception_class = StaleElementReferenceException\n        elif status in ErrorCode.ELEMENT_NOT_VISIBLE:\n            exception_class = ElementNotVisibleException\n        elif status in ErrorCode.INVALID_ELEMENT_STATE:\n            exception_class = InvalidElementStateException\n        elif (\n            status in ErrorCode.INVALID_SELECTOR\n            or status in ErrorCode.INVALID_XPATH_SELECTOR\n            or status in ErrorCode.INVALID_XPATH_SELECTOR_RETURN_TYPER\n        ):\n            exception_class = InvalidSelectorException\n        elif status in ErrorCode.ELEMENT_IS_NOT_SELECTABLE:\n            exception_class = ElementNotSelectableException\n        elif status in ErrorCode.ELEMENT_NOT_INTERACTABLE:\n            exception_class = ElementNotInteractableException\n        elif status in ErrorCode.INVALID_COOKIE_DOMAIN:\n            exception_class = InvalidCookieDomainException\n        elif status in ErrorCode.UNABLE_TO_SET_COOKIE:\n            exception_class = UnableToSetCookieException\n        elif status in ErrorCode.TIMEOUT:\n            exception_class = TimeoutException\n        elif status in ErrorCode.SCRIPT_TIMEOUT:\n            exception_class = TimeoutException\n        elif status in ErrorCode.UNKNOWN_ERROR:\n            exception_class = WebDriverException\n        elif status in ErrorCode.UNEXPECTED_ALERT_OPEN:\n            exception_class = UnexpectedAlertPresentException\n        elif status in ErrorCode.NO_ALERT_OPEN:\n            exception_class = NoAlertPresentException\n        elif status in ErrorCode.IME_NOT_AVAILABLE:\n            exception_class = ImeNotAvailableException\n        elif status in ErrorCode.IME_ENGINE_ACTIVATION_FAILED:\n            exception_class = ImeActivationFailedException\n        elif status in ErrorCode.MOVE_TARGET_OUT_OF_BOUNDS:\n            exception_class = MoveTargetOutOfBoundsException\n        elif status in ErrorCode.JAVASCRIPT_ERROR:\n            exception_class = JavascriptException\n        elif status in ErrorCode.SESSION_NOT_CREATED:\n            exception_class = SessionNotCreatedException\n        elif status in ErrorCode.INVALID_ARGUMENT:\n            exception_class = InvalidArgumentException\n        elif status in ErrorCode.NO_SUCH_COOKIE:\n            exception_class = NoSuchCookieException\n        elif status in ErrorCode.UNABLE_TO_CAPTURE_SCREEN:\n            exception_class = ScreenshotException\n        elif status in ErrorCode.ELEMENT_CLICK_INTERCEPTED:\n            exception_class = ElementClickInterceptedException\n        elif status in ErrorCode.INSECURE_CERTIFICATE:\n            exception_class = InsecureCertificateException\n        elif status in ErrorCode.INVALID_COORDINATES:\n            exception_class = InvalidCoordinatesException\n        elif status in ErrorCode.INVALID_SESSION_ID:\n            exception_class = InvalidSessionIdException\n        elif status in ErrorCode.UNKNOWN_METHOD:\n            exception_class = UnknownMethodException\n        else:\n            exception_class = WebDriverException\n        if not value:\n            value = response[\"value\"]\n        if isinstance(value, str):\n            raise exception_class(value)\n        if message == \"\" and \"message\" in value:\n            message = value[\"message\"]\n    \n        screen = None  # type: ignore[assignment]\n        if \"screen\" in value:\n            screen = value[\"screen\"]\n    \n        stacktrace = None\n        st_value = value.get(\"stackTrace\") or value.get(\"stacktrace\")\n        if st_value:\n            if isinstance(st_value, str):\n                stacktrace = st_value.split(\"\\n\")\n            else:\n                stacktrace = []\n                try:\n                    for frame in st_value:\n                        line = frame.get(\"lineNumber\", \"\")\n                        file = frame.get(\"fileName\", \"<anonymous>\")\n                        if line:\n                            file = f\"{file}:{line}\"\n                        meth = frame.get(\"methodName\", \"<anonymous>\")\n                        if \"className\" in frame:\n                            meth = f\"{frame['className']}.{meth}\"\n                        msg = \"    at %s (%s)\"\n                        msg = msg % (meth, file)\n                        stacktrace.append(msg)\n                except TypeError:\n                    pass\n        if exception_class == UnexpectedAlertPresentException:\n            alert_text = None\n            if \"data\" in value:\n                alert_text = value[\"data\"].get(\"text\")\n            elif \"alert\" in value:\n                alert_text = value[\"alert\"].get(\"text\")\n            raise exception_class(message, screen, stacktrace, alert_text)  # type: ignore[call-arg]  # mypy is not smart enough here\n>       raise exception_class(message, screen, stacktrace)\nE       selenium.common.exceptions.NoSuchElementException: Message: no such element: Unable to locate element: {\"method\":\"xpath\",\"selector\":\"(//a[@class='add-to-cart yellow-btn'])[1]\"}\nE         (Session info: chrome-headless-shell=121.0.6167.184); For documentation on this error, please visit: https://www.selenium.dev/documentation/webdriver/troubleshooting/errors#no-such-element-exception\nE       Stacktrace:\nE       #0 0x56422437c303 <unknown>\nE       #1 0x5642240612b7 <unknown>\nE       #2 0x5642240accc0 <unknown>\nE       #3 0x5642240acdb1 <unknown>\nE       #4 0x5642240f0b44 <unknown>\nE       #5 0x5642240cf3ad <unknown>\nE       #6 0x5642240ee07c <unknown>\nE       #7 0x5642240cf123 <unknown>\nE       #8 0x56422409f095 <unknown>\nE       #9 0x5642240a009e <unknown>\nE       #10 0x5642243406ab <unknown>\nE       #11 0x5642243444ba <unknown>\nE       #12 0x56422432cf85 <unknown>\nE       #13 0x56422434512f <unknown>\nE       #14 0x564224310e6f <unknown>\nE       #15 0x5642243695f8 <unknown>\nE       #16 0x5642243697c2 <unknown>\nE       #17 0x56422437b4a4 <unknown>\nE       #18 0x7fcfc4a0e134 <unknown>\n\n/usr/local/lib/python3.11/site-packages/selenium/webdriver/remote/errorhandler.py:245: NoSuchElementException","flaky":false,"newFailed":false,"newBroken":false,"newPassed":false,"retriesCount":0,"retriesStatusChange":false,"beforeStages":[{"name":"_session_faker","time":{"start":1708218257804,"stop":1708218257874,"duration":70},"status":"passed","steps":[],"attachments":[],"parameters":[],"shouldDisplayMessage":false,"stepsCount":0,"attachmentsCount":0,"hasContent":false,"attachmentStep":false},{"name":"clear_allure_results_folder","time":{"start":1708218257874,"stop":1708218257874,"duration":0},"status":"passed","steps":[],"attachments":[],"parameters":[],"shouldDisplayMessage":false,"stepsCount":0,"attachmentsCount":0,"hasContent":false,"attachmentStep":false},{"name":"driver","time":{"start":1708218719310,"stop":1708218720047,"duration":737},"status":"passed","steps":[],"attachments":[],"parameters":[],"shouldDisplayMessage":false,"stepsCount":0,"attachmentsCount":0,"hasContent":false,"attachmentStep":false},{"name":"setup","time":{"start":1708218720047,"stop":1708218720047,"duration":0},"status":"passed","steps":[],"attachments":[],"parameters":[],"shouldDisplayMessage":false,"stepsCount":0,"attachmentsCount":0,"hasContent":false,"attachmentStep":false}],"testStage":{"status":"skipped","statusMessage":"XFAIL\n\nselenium.common.exceptions.NoSuchElementException: Message: no such element: Unable to locate element: {\"method\":\"xpath\",\"selector\":\"(//a[@class='add-to-cart yellow-btn'])[1]\"}\n  (Session info: chrome-headless-shell=121.0.6167.184); For documentation on this error, please visit: https://www.selenium.dev/documentation/webdriver/troubleshooting/errors#no-such-element-exception\nStacktrace:\n#0 0x56422437c303 <unknown>\n#1 0x5642240612b7 <unknown>\n#2 0x5642240accc0 <unknown>\n#3 0x5642240acdb1 <unknown>\n#4 0x5642240f0b44 <unknown>\n#5 0x5642240cf3ad <unknown>\n#6 0x5642240ee07c <unknown>\n#7 0x5642240cf123 <unknown>\n#8 0x56422409f095 <unknown>\n#9 0x5642240a009e <unknown>\n#10 0x5642243406ab <unknown>\n#11 0x5642243444ba <unknown>\n#12 0x56422432cf85 <unknown>\n#13 0x56422434512f <unknown>\n#14 0x564224310e6f <unknown>\n#15 0x5642243695f8 <unknown>\n#16 0x5642243697c2 <unknown>\n#17 0x56422437b4a4 <unknown>\n#18 0x7fcfc4a0e134 <unknown>","statusTrace":"self = <tests.delivery.test_delivery_calculation.TestDeliveryPageCalculation object at 0x7f439cd59510>\ndriver = <selenium.webdriver.chrome.webdriver.WebDriver (session=\"2663e4b40d10fe99df72112486bf8f63\")>\nurl = 'https://sandboxtest.stroyrem-nn.ru/', case_id = 'TD 023'\nlink_item = 'products/shtukaturka-gipsovaya-aksolit-m50-30-kg-mashinnogo-naneseniya'\namount = 206, weight = 6200, standard = 3300, in_time = 7500, all_time = 8000\n\n    @pytest.mark.parametrize('case_id, link_item, amount, weight, standard, in_time, all_time', [\n        (\"TD 015\", bundeks_25, 1, 30, 650, 2390, 3320),\n        pytest.param(\n            \"TD 016\", aksolit_30, 8, 300, 650, 2390, 3320,\n            marks=pytest.mark.xfail(reson=\"Цена доставки: - - -\")\n        ),\n        (\"TD 017\", aksolit_30, 13, 400, 650, 2390, 3320),\n        (\"TD 018\", aksolit_30, 16, 500, 850, 2490, 3320),\n        (\"TD 019\", aksolit_30, 25, 1700, 1150, 2490, 3320),\n        (\"TD 020\", aksolit_30, 66, 2000, 1500, 2990, 3650),\n        (\"TD 021\", aksolit_30, 149, 4500, 2600, 4380, 4890),\n        (\"TD 022\", aksolit_30, 166, 5000, 2800, 5490, 5980),\n        pytest.param(\n            \"TD 023\", aksolit_30, 206, 6200, 3300, 7500, 8000,\n            marks=pytest.mark.xfail(reson=\"Цена доставки: 4300 9900 11440\")\n        ),\n        (\"TD 024\", aksolit_30, 299, 9000, 4300, 9900, 11440),\n        (\"TD 025\", aksolit_30, 333, 10000, 7000, 13900, 15900),\n        pytest.param(\n            \"TD 026\", aksolit_30, 366, 11000, 8000, 14900, 19900,\n            marks=pytest.mark.xfail(reson=\"Цена доставки: 7000 13900 15900\")\n        ),\n        pytest.param(\n            \"TD 027\", aksolit_30, 666, 20000, 14000, 16900, 23900,\n            marks=pytest.mark.xfail(reson=\"Цена доставки: 7000 13900 15900\")\n        )\n    ])\n    @pytest.mark.smoke\n    def test_positive_delivery_blue_zone_smoke(\n            self, driver, url, case_id, link_item, amount, weight, standard, in_time, all_time\n    ):\n        allure.dynamic.title(f\"{case_id} Доставка товара весом до {weight}кг. в синей зоне\")\n    \n        driver.get(f'{url}{link_item}')\n        item_page = ItemPage(driver)\n>       item_page.add_item_to_cart(amount).click_on_cart()\n\ntests/delivery/test_delivery_calculation.py:130: \n_ _ _ _ _ _ _ _ _ _ _ _ _ _ _ _ _ _ _ _ _ _ _ _ _ _ _ _ _ _ _ _ _ _ _ _ _ _ _ _ \npages/item_page.py:40: in add_item_to_cart\n    self.find_element(self._add_item).click()\nbase/seleniumbase.py:17: in find_element\n    return self.driver.find_element(*locator)\n/usr/local/lib/python3.11/site-packages/selenium/webdriver/remote/webdriver.py:740: in find_element\n    return self.execute(Command.FIND_ELEMENT, {\"using\": by, \"value\": value})[\"value\"]\n/usr/local/lib/python3.11/site-packages/selenium/webdriver/remote/webdriver.py:346: in execute\n    self.error_handler.check_response(response)\n_ _ _ _ _ _ _ _ _ _ _ _ _ _ _ _ _ _ _ _ _ _ _ _ _ _ _ _ _ _ _ _ _ _ _ _ _ _ _ _ \n\nself = <selenium.webdriver.remote.errorhandler.ErrorHandler object at 0x7f439ca3ee50>\nresponse = {'status': 404, 'value': '{\"value\":{\"error\":\"no such element\",\"message\":\"no such element: Unable to locate element: {\\...\\\\n#16 0x5642243697c2 \\\\u003Cunknown>\\\\n#17 0x56422437b4a4 \\\\u003Cunknown>\\\\n#18 0x7fcfc4a0e134 \\\\u003Cunknown>\\\\n\"}}'}\n\n    def check_response(self, response: Dict[str, Any]) -> None:\n        \"\"\"Checks that a JSON response from the WebDriver does not have an\n        error.\n    \n        :Args:\n         - response - The JSON response from the WebDriver server as a dictionary\n           object.\n    \n        :Raises: If the response contains an error message.\n        \"\"\"\n        status = response.get(\"status\", None)\n        if not status or status == ErrorCode.SUCCESS:\n            return\n        value = None\n        message = response.get(\"message\", \"\")\n        screen: str = response.get(\"screen\", \"\")\n        stacktrace = None\n        if isinstance(status, int):\n            value_json = response.get(\"value\", None)\n            if value_json and isinstance(value_json, str):\n                import json\n    \n                try:\n                    value = json.loads(value_json)\n                    if len(value) == 1:\n                        value = value[\"value\"]\n                    status = value.get(\"error\", None)\n                    if not status:\n                        status = value.get(\"status\", ErrorCode.UNKNOWN_ERROR)\n                        message = value.get(\"value\") or value.get(\"message\")\n                        if not isinstance(message, str):\n                            value = message\n                            message = message.get(\"message\")\n                    else:\n                        message = value.get(\"message\", None)\n                except ValueError:\n                    pass\n    \n        exception_class: Type[WebDriverException]\n        if status in ErrorCode.NO_SUCH_ELEMENT:\n            exception_class = NoSuchElementException\n        elif status in ErrorCode.NO_SUCH_FRAME:\n            exception_class = NoSuchFrameException\n        elif status in ErrorCode.NO_SUCH_SHADOW_ROOT:\n            exception_class = NoSuchShadowRootException\n        elif status in ErrorCode.NO_SUCH_WINDOW:\n            exception_class = NoSuchWindowException\n        elif status in ErrorCode.STALE_ELEMENT_REFERENCE:\n            exception_class = StaleElementReferenceException\n        elif status in ErrorCode.ELEMENT_NOT_VISIBLE:\n            exception_class = ElementNotVisibleException\n        elif status in ErrorCode.INVALID_ELEMENT_STATE:\n            exception_class = InvalidElementStateException\n        elif (\n            status in ErrorCode.INVALID_SELECTOR\n            or status in ErrorCode.INVALID_XPATH_SELECTOR\n            or status in ErrorCode.INVALID_XPATH_SELECTOR_RETURN_TYPER\n        ):\n            exception_class = InvalidSelectorException\n        elif status in ErrorCode.ELEMENT_IS_NOT_SELECTABLE:\n            exception_class = ElementNotSelectableException\n        elif status in ErrorCode.ELEMENT_NOT_INTERACTABLE:\n            exception_class = ElementNotInteractableException\n        elif status in ErrorCode.INVALID_COOKIE_DOMAIN:\n            exception_class = InvalidCookieDomainException\n        elif status in ErrorCode.UNABLE_TO_SET_COOKIE:\n            exception_class = UnableToSetCookieException\n        elif status in ErrorCode.TIMEOUT:\n            exception_class = TimeoutException\n        elif status in ErrorCode.SCRIPT_TIMEOUT:\n            exception_class = TimeoutException\n        elif status in ErrorCode.UNKNOWN_ERROR:\n            exception_class = WebDriverException\n        elif status in ErrorCode.UNEXPECTED_ALERT_OPEN:\n            exception_class = UnexpectedAlertPresentException\n        elif status in ErrorCode.NO_ALERT_OPEN:\n            exception_class = NoAlertPresentException\n        elif status in ErrorCode.IME_NOT_AVAILABLE:\n            exception_class = ImeNotAvailableException\n        elif status in ErrorCode.IME_ENGINE_ACTIVATION_FAILED:\n            exception_class = ImeActivationFailedException\n        elif status in ErrorCode.MOVE_TARGET_OUT_OF_BOUNDS:\n            exception_class = MoveTargetOutOfBoundsException\n        elif status in ErrorCode.JAVASCRIPT_ERROR:\n            exception_class = JavascriptException\n        elif status in ErrorCode.SESSION_NOT_CREATED:\n            exception_class = SessionNotCreatedException\n        elif status in ErrorCode.INVALID_ARGUMENT:\n            exception_class = InvalidArgumentException\n        elif status in ErrorCode.NO_SUCH_COOKIE:\n            exception_class = NoSuchCookieException\n        elif status in ErrorCode.UNABLE_TO_CAPTURE_SCREEN:\n            exception_class = ScreenshotException\n        elif status in ErrorCode.ELEMENT_CLICK_INTERCEPTED:\n            exception_class = ElementClickInterceptedException\n        elif status in ErrorCode.INSECURE_CERTIFICATE:\n            exception_class = InsecureCertificateException\n        elif status in ErrorCode.INVALID_COORDINATES:\n            exception_class = InvalidCoordinatesException\n        elif status in ErrorCode.INVALID_SESSION_ID:\n            exception_class = InvalidSessionIdException\n        elif status in ErrorCode.UNKNOWN_METHOD:\n            exception_class = UnknownMethodException\n        else:\n            exception_class = WebDriverException\n        if not value:\n            value = response[\"value\"]\n        if isinstance(value, str):\n            raise exception_class(value)\n        if message == \"\" and \"message\" in value:\n            message = value[\"message\"]\n    \n        screen = None  # type: ignore[assignment]\n        if \"screen\" in value:\n            screen = value[\"screen\"]\n    \n        stacktrace = None\n        st_value = value.get(\"stackTrace\") or value.get(\"stacktrace\")\n        if st_value:\n            if isinstance(st_value, str):\n                stacktrace = st_value.split(\"\\n\")\n            else:\n                stacktrace = []\n                try:\n                    for frame in st_value:\n                        line = frame.get(\"lineNumber\", \"\")\n                        file = frame.get(\"fileName\", \"<anonymous>\")\n                        if line:\n                            file = f\"{file}:{line}\"\n                        meth = frame.get(\"methodName\", \"<anonymous>\")\n                        if \"className\" in frame:\n                            meth = f\"{frame['className']}.{meth}\"\n                        msg = \"    at %s (%s)\"\n                        msg = msg % (meth, file)\n                        stacktrace.append(msg)\n                except TypeError:\n                    pass\n        if exception_class == UnexpectedAlertPresentException:\n            alert_text = None\n            if \"data\" in value:\n                alert_text = value[\"data\"].get(\"text\")\n            elif \"alert\" in value:\n                alert_text = value[\"alert\"].get(\"text\")\n            raise exception_class(message, screen, stacktrace, alert_text)  # type: ignore[call-arg]  # mypy is not smart enough here\n>       raise exception_class(message, screen, stacktrace)\nE       selenium.common.exceptions.NoSuchElementException: Message: no such element: Unable to locate element: {\"method\":\"xpath\",\"selector\":\"(//a[@class='add-to-cart yellow-btn'])[1]\"}\nE         (Session info: chrome-headless-shell=121.0.6167.184); For documentation on this error, please visit: https://www.selenium.dev/documentation/webdriver/troubleshooting/errors#no-such-element-exception\nE       Stacktrace:\nE       #0 0x56422437c303 <unknown>\nE       #1 0x5642240612b7 <unknown>\nE       #2 0x5642240accc0 <unknown>\nE       #3 0x5642240acdb1 <unknown>\nE       #4 0x5642240f0b44 <unknown>\nE       #5 0x5642240cf3ad <unknown>\nE       #6 0x5642240ee07c <unknown>\nE       #7 0x5642240cf123 <unknown>\nE       #8 0x56422409f095 <unknown>\nE       #9 0x5642240a009e <unknown>\nE       #10 0x5642243406ab <unknown>\nE       #11 0x5642243444ba <unknown>\nE       #12 0x56422432cf85 <unknown>\nE       #13 0x56422434512f <unknown>\nE       #14 0x564224310e6f <unknown>\nE       #15 0x5642243695f8 <unknown>\nE       #16 0x5642243697c2 <unknown>\nE       #17 0x56422437b4a4 <unknown>\nE       #18 0x7fcfc4a0e134 <unknown>\n\n/usr/local/lib/python3.11/site-packages/selenium/webdriver/remote/errorhandler.py:245: NoSuchElementException","steps":[{"name":"Добавляем товар в корзину в количестве 206","time":{"start":1708218720374,"stop":1708218720386,"duration":12},"status":"broken","statusMessage":"selenium.common.exceptions.NoSuchElementException: Message: no such element: Unable to locate element: {\"method\":\"xpath\",\"selector\":\"(//a[@class='add-to-cart yellow-btn'])[1]\"}\n  (Session info: chrome-headless-shell=121.0.6167.184); For documentation on this error, please visit: https://www.selenium.dev/documentation/webdriver/troubleshooting/errors#no-such-element-exception\nStacktrace:\n#0 0x56422437c303 <unknown>\n#1 0x5642240612b7 <unknown>\n#2 0x5642240accc0 <unknown>\n#3 0x5642240acdb1 <unknown>\n#4 0x5642240f0b44 <unknown>\n#5 0x5642240cf3ad <unknown>\n#6 0x5642240ee07c <unknown>\n#7 0x5642240cf123 <unknown>\n#8 0x56422409f095 <unknown>\n#9 0x5642240a009e <unknown>\n#10 0x5642243406ab <unknown>\n#11 0x5642243444ba <unknown>\n#12 0x56422432cf85 <unknown>\n#13 0x56422434512f <unknown>\n#14 0x564224310e6f <unknown>\n#15 0x5642243695f8 <unknown>\n#16 0x5642243697c2 <unknown>\n#17 0x56422437b4a4 <unknown>\n#18 0x7fcfc4a0e134 <unknown>\n\n","statusTrace":"  File \"/usr/local/lib/python3.11/site-packages/allure_commons/_allure.py\", line 192, in impl\n    return func(*a, **kw)\n           ^^^^^^^^^^^^^^\n  File \"/app/pages/item_page.py\", line 40, in add_item_to_cart\n    self.find_element(self._add_item).click()\n    ^^^^^^^^^^^^^^^^^^^^^^^^^^^^^^^^^\n  File \"/app/base/seleniumbase.py\", line 17, in find_element\n    return self.driver.find_element(*locator)\n           ^^^^^^^^^^^^^^^^^^^^^^^^^^^^^^^^^^\n  File \"/usr/local/lib/python3.11/site-packages/selenium/webdriver/remote/webdriver.py\", line 740, in find_element\n    return self.execute(Command.FIND_ELEMENT, {\"using\": by, \"value\": value})[\"value\"]\n           ^^^^^^^^^^^^^^^^^^^^^^^^^^^^^^^^^^^^^^^^^^^^^^^^^^^^^^^^^^^^^^^^^\n  File \"/usr/local/lib/python3.11/site-packages/selenium/webdriver/remote/webdriver.py\", line 346, in execute\n    self.error_handler.check_response(response)\n  File \"/usr/local/lib/python3.11/site-packages/selenium/webdriver/remote/errorhandler.py\", line 245, in check_response\n    raise exception_class(message, screen, stacktrace)\n","steps":[],"attachments":[],"parameters":[{"name":"amount","value":"206"}],"shouldDisplayMessage":true,"stepsCount":0,"attachmentsCount":0,"hasContent":true,"attachmentStep":false}],"attachments":[{"uid":"c89c1967f7262516","name":"Screenshot","source":"c89c1967f7262516.png","type":"image/png","size":5862},{"uid":"571efbbe9b7de14c","name":"HTML source","source":"571efbbe9b7de14c.html","type":"text/html","size":39}],"parameters":[],"shouldDisplayMessage":true,"stepsCount":1,"attachmentsCount":2,"hasContent":true,"attachmentStep":false},"afterStages":[{"name":"setup::0","time":{"start":1708218720486,"stop":1708218720486,"duration":0},"status":"passed","steps":[],"attachments":[],"parameters":[],"shouldDisplayMessage":false,"stepsCount":0,"attachmentsCount":0,"hasContent":false,"attachmentStep":false},{"name":"driver::0","time":{"start":1708218720486,"stop":1708218720543,"duration":57},"status":"passed","steps":[],"attachments":[],"parameters":[],"shouldDisplayMessage":false,"stepsCount":0,"attachmentsCount":0,"hasContent":false,"attachmentStep":false}],"labels":[{"name":"epic","value":"Delivery Page - calculation"},{"name":"tag","value":"smoke"},{"name":"tag","value":"@pytest.mark.xfail(reson='Цена доставки: 4300 9900 11440')"},{"name":"parentSuite","value":"tests.delivery"},{"name":"suite","value":"test_delivery_calculation"},{"name":"subSuite","value":"TestDeliveryPageCalculation"},{"name":"host","value":"a58a8c11d1c6"},{"name":"thread","value":"1-MainThread"},{"name":"framework","value":"pytest"},{"name":"language","value":"cpython3"},{"name":"package","value":"tests.delivery.test_delivery_calculation"},{"name":"resultFormat","value":"allure2"}],"parameters":[{"name":"all_time","value":"8000"},{"name":"amount","value":"206"},{"name":"case_id","value":"'TD 023'"},{"name":"in_time","value":"7500"},{"name":"link_item","value":"'products/shtukaturka-gipsovaya-aksolit-m50-30-kg-mashinnogo-naneseniya'"},{"name":"standard","value":"3300"},{"name":"url","value":"'https://sandboxtest.stroyrem-nn.ru/'"},{"name":"weight","value":"6200"}],"links":[],"hidden":false,"retry":false,"extra":{"severity":"normal","retries":[],"categories":[],"history":{"statistic":{"failed":0,"broken":0,"skipped":172,"passed":0,"unknown":0,"total":172},"items":[{"uid":"d85a82173eb07442","reportUrl":"https://zaelcovsky.github.io/StroyremAutomation/235//#testresult/d85a82173eb07442","status":"skipped","statusDetails":"XFAIL\n\nselenium.common.exceptions.NoSuchElementException: Message: no such element: Unable to locate element: {\"method\":\"xpath\",\"selector\":\"(//a[@class='add-to-cart yellow-btn'])[1]\"}\n  (Session info: chrome-headless-shell=121.0.6167.184); For documentation on this error, please visit: https://www.selenium.dev/documentation/webdriver/troubleshooting/errors#no-such-element-exception\nStacktrace:\n#0 0x562a64114303 <unknown>\n#1 0x562a63df92b7 <unknown>\n#2 0x562a63e44cc0 <unknown>\n#3 0x562a63e44db1 <unknown>\n#4 0x562a63e88b44 <unknown>\n#5 0x562a63e673ad <unknown>\n#6 0x562a63e8607c <unknown>\n#7 0x562a63e67123 <unknown>\n#8 0x562a63e37095 <unknown>\n#9 0x562a63e3809e <unknown>\n#10 0x562a640d86ab <unknown>\n#11 0x562a640dc4ba <unknown>\n#12 0x562a640c4f85 <unknown>\n#13 0x562a640dd12f <unknown>\n#14 0x562a640a8e6f <unknown>\n#15 0x562a641015f8 <unknown>\n#16 0x562a641017c2 <unknown>\n#17 0x562a641134a4 <unknown>\n#18 0x7f359468b134 <unknown>","time":{"start":1708132016149,"stop":1708132016444,"duration":295}},{"uid":"82cce27641e3c06a","reportUrl":"https://zaelcovsky.github.io/StroyremAutomation/234//#testresult/82cce27641e3c06a","status":"skipped","statusDetails":"XFAIL\n\nselenium.common.exceptions.NoSuchElementException: Message: no such element: Unable to locate element: {\"method\":\"xpath\",\"selector\":\"(//a[@class='add-to-cart yellow-btn'])[1]\"}\n  (Session info: chrome-headless-shell=121.0.6167.85); For documentation on this error, please visit: https://www.selenium.dev/documentation/webdriver/troubleshooting/errors#no-such-element-exception\nStacktrace:\n#0 0x55f180efdd93 <unknown>\n#1 0x55f180be1337 <unknown>\n#2 0x55f180c2cd60 <unknown>\n#3 0x55f180c2ce51 <unknown>\n#4 0x55f180c70bc4 <unknown>\n#5 0x55f180c4f46d <unknown>\n#6 0x55f180c6e12d <unknown>\n#7 0x55f180c4f1e3 <unknown>\n#8 0x55f180c1f135 <unknown>\n#9 0x55f180c2013e <unknown>\n#10 0x55f180ec1e4b <unknown>\n#11 0x55f180ec5dfa <unknown>\n#12 0x55f180eae6d5 <unknown>\n#13 0x55f180ec6a6f <unknown>\n#14 0x55f180e9269f <unknown>\n#15 0x55f180eeb098 <unknown>\n#16 0x55f180eeb262 <unknown>\n#17 0x55f180efcf34 <unknown>\n#18 0x7f199e90d134 <unknown>","time":{"start":1708045663786,"stop":1708045664096,"duration":310}},{"uid":"866a1c7ee1e658b","reportUrl":"https://zaelcovsky.github.io/StroyremAutomation/233//#testresult/866a1c7ee1e658b","status":"skipped","statusDetails":"XFAIL\n\nselenium.common.exceptions.NoSuchElementException: Message: no such element: Unable to locate element: {\"method\":\"xpath\",\"selector\":\"(//a[@class='add-to-cart yellow-btn'])[1]\"}\n  (Session info: chrome-headless-shell=121.0.6167.85); For documentation on this error, please visit: https://www.selenium.dev/documentation/webdriver/troubleshooting/errors#no-such-element-exception\nStacktrace:\n#0 0x555e0166dd93 <unknown>\n#1 0x555e01351337 <unknown>\n#2 0x555e0139cd60 <unknown>\n#3 0x555e0139ce51 <unknown>\n#4 0x555e013e0bc4 <unknown>\n#5 0x555e013bf46d <unknown>\n#6 0x555e013de12d <unknown>\n#7 0x555e013bf1e3 <unknown>\n#8 0x555e0138f135 <unknown>\n#9 0x555e0139013e <unknown>\n#10 0x555e01631e4b <unknown>\n#11 0x555e01635dfa <unknown>\n#12 0x555e0161e6d5 <unknown>\n#13 0x555e01636a6f <unknown>\n#14 0x555e0160269f <unknown>\n#15 0x555e0165b098 <unknown>\n#16 0x555e0165b262 <unknown>\n#17 0x555e0166cf34 <unknown>\n#18 0x7fba51f40134 <unknown>","time":{"start":1707959369033,"stop":1707959369436,"duration":403}},{"uid":"b9c6efcc57f85ef9","reportUrl":"https://zaelcovsky.github.io/StroyremAutomation/232//#testresult/b9c6efcc57f85ef9","status":"skipped","statusDetails":"XFAIL\n\nselenium.common.exceptions.NoSuchElementException: Message: no such element: Unable to locate element: {\"method\":\"xpath\",\"selector\":\"(//a[@class='add-to-cart yellow-btn'])[1]\"}\n  (Session info: chrome-headless-shell=121.0.6167.85); For documentation on this error, please visit: https://www.selenium.dev/documentation/webdriver/troubleshooting/errors#no-such-element-exception\nStacktrace:\n#0 0x55a847841d93 <unknown>\n#1 0x55a847525337 <unknown>\n#2 0x55a847570d60 <unknown>\n#3 0x55a847570e51 <unknown>\n#4 0x55a8475b4bc4 <unknown>\n#5 0x55a84759346d <unknown>\n#6 0x55a8475b212d <unknown>\n#7 0x55a8475931e3 <unknown>\n#8 0x55a847563135 <unknown>\n#9 0x55a84756413e <unknown>\n#10 0x55a847805e4b <unknown>\n#11 0x55a847809dfa <unknown>\n#12 0x55a8477f26d5 <unknown>\n#13 0x55a84780aa6f <unknown>\n#14 0x55a8477d669f <unknown>\n#15 0x55a84782f098 <unknown>\n#16 0x55a84782f262 <unknown>\n#17 0x55a847840f34 <unknown>\n#18 0x7f39206c9134 <unknown>","time":{"start":1707872913260,"stop":1707872913566,"duration":306}},{"uid":"afe08f64d35a6601","reportUrl":"https://zaelcovsky.github.io/StroyremAutomation/231//#testresult/afe08f64d35a6601","status":"skipped","statusDetails":"XFAIL\n\nselenium.common.exceptions.NoSuchElementException: Message: no such element: Unable to locate element: {\"method\":\"xpath\",\"selector\":\"(//a[@class='add-to-cart yellow-btn'])[1]\"}\n  (Session info: chrome-headless-shell=121.0.6167.85); For documentation on this error, please visit: https://www.selenium.dev/documentation/webdriver/troubleshooting/errors#no-such-element-exception\nStacktrace:\n#0 0x557915281d93 <unknown>\n#1 0x557914f65337 <unknown>\n#2 0x557914fb0d60 <unknown>\n#3 0x557914fb0e51 <unknown>\n#4 0x557914ff4bc4 <unknown>\n#5 0x557914fd346d <unknown>\n#6 0x557914ff212d <unknown>\n#7 0x557914fd31e3 <unknown>\n#8 0x557914fa3135 <unknown>\n#9 0x557914fa413e <unknown>\n#10 0x557915245e4b <unknown>\n#11 0x557915249dfa <unknown>\n#12 0x5579152326d5 <unknown>\n#13 0x55791524aa6f <unknown>\n#14 0x55791521669f <unknown>\n#15 0x55791526f098 <unknown>\n#16 0x55791526f262 <unknown>\n#17 0x557915280f34 <unknown>\n#18 0x7f5969c78134 <unknown>","time":{"start":1707786622059,"stop":1707786622494,"duration":435}},{"uid":"371de2b33472a7fe","reportUrl":"https://zaelcovsky.github.io/StroyremAutomation/230//#testresult/371de2b33472a7fe","status":"skipped","statusDetails":"XFAIL\n\nselenium.common.exceptions.NoSuchElementException: Message: no such element: Unable to locate element: {\"method\":\"xpath\",\"selector\":\"(//a[@class='add-to-cart yellow-btn'])[1]\"}\n  (Session info: chrome-headless-shell=121.0.6167.85); For documentation on this error, please visit: https://www.selenium.dev/documentation/webdriver/troubleshooting/errors#no-such-element-exception\nStacktrace:\n#0 0x55f434c78d93 <unknown>\n#1 0x55f43495c337 <unknown>\n#2 0x55f4349a7d60 <unknown>\n#3 0x55f4349a7e51 <unknown>\n#4 0x55f4349ebbc4 <unknown>\n#5 0x55f4349ca46d <unknown>\n#6 0x55f4349e912d <unknown>\n#7 0x55f4349ca1e3 <unknown>\n#8 0x55f43499a135 <unknown>\n#9 0x55f43499b13e <unknown>\n#10 0x55f434c3ce4b <unknown>\n#11 0x55f434c40dfa <unknown>\n#12 0x55f434c296d5 <unknown>\n#13 0x55f434c41a6f <unknown>\n#14 0x55f434c0d69f <unknown>\n#15 0x55f434c66098 <unknown>\n#16 0x55f434c66262 <unknown>\n#17 0x55f434c77f34 <unknown>\n#18 0x7ff24ab4c134 <unknown>","time":{"start":1707700109714,"stop":1707700110014,"duration":300}},{"uid":"f4e4f001875860df","reportUrl":"https://zaelcovsky.github.io/StroyremAutomation/229//#testresult/f4e4f001875860df","status":"skipped","statusDetails":"XFAIL\n\nselenium.common.exceptions.NoSuchElementException: Message: no such element: Unable to locate element: {\"method\":\"xpath\",\"selector\":\"(//a[@class='add-to-cart yellow-btn'])[1]\"}\n  (Session info: chrome-headless-shell=121.0.6167.85); For documentation on this error, please visit: https://www.selenium.dev/documentation/webdriver/troubleshooting/errors#no-such-element-exception\nStacktrace:\n#0 0x55fe7cb6ed93 <unknown>\n#1 0x55fe7c852337 <unknown>\n#2 0x55fe7c89dd60 <unknown>\n#3 0x55fe7c89de51 <unknown>\n#4 0x55fe7c8e1bc4 <unknown>\n#5 0x55fe7c8c046d <unknown>\n#6 0x55fe7c8df12d <unknown>\n#7 0x55fe7c8c01e3 <unknown>\n#8 0x55fe7c890135 <unknown>\n#9 0x55fe7c89113e <unknown>\n#10 0x55fe7cb32e4b <unknown>\n#11 0x55fe7cb36dfa <unknown>\n#12 0x55fe7cb1f6d5 <unknown>\n#13 0x55fe7cb37a6f <unknown>\n#14 0x55fe7cb0369f <unknown>\n#15 0x55fe7cb5c098 <unknown>\n#16 0x55fe7cb5c262 <unknown>\n#17 0x55fe7cb6df34 <unknown>\n#18 0x7f028945c134 <unknown>","time":{"start":1707613935743,"stop":1707613936052,"duration":309}},{"uid":"268b3700bbfe910e","reportUrl":"https://zaelcovsky.github.io/StroyremAutomation/228//#testresult/268b3700bbfe910e","status":"skipped","statusDetails":"XFAIL\n\nselenium.common.exceptions.NoSuchElementException: Message: no such element: Unable to locate element: {\"method\":\"xpath\",\"selector\":\"(//a[@class='add-to-cart yellow-btn'])[1]\"}\n  (Session info: chrome-headless-shell=121.0.6167.85); For documentation on this error, please visit: https://www.selenium.dev/documentation/webdriver/troubleshooting/errors#no-such-element-exception\nStacktrace:\n#0 0x558f35b84d93 <unknown>\n#1 0x558f35868337 <unknown>\n#2 0x558f358b3d60 <unknown>\n#3 0x558f358b3e51 <unknown>\n#4 0x558f358f7bc4 <unknown>\n#5 0x558f358d646d <unknown>\n#6 0x558f358f512d <unknown>\n#7 0x558f358d61e3 <unknown>\n#8 0x558f358a6135 <unknown>\n#9 0x558f358a713e <unknown>\n#10 0x558f35b48e4b <unknown>\n#11 0x558f35b4cdfa <unknown>\n#12 0x558f35b356d5 <unknown>\n#13 0x558f35b4da6f <unknown>\n#14 0x558f35b1969f <unknown>\n#15 0x558f35b72098 <unknown>\n#16 0x558f35b72262 <unknown>\n#17 0x558f35b83f34 <unknown>\n#18 0x7f0acdf60134 <unknown>","time":{"start":1707527144330,"stop":1707527144738,"duration":408}},{"uid":"1248de06fdea1e3b","reportUrl":"https://zaelcovsky.github.io/StroyremAutomation/227//#testresult/1248de06fdea1e3b","status":"skipped","statusDetails":"XFAIL\n\nselenium.common.exceptions.NoSuchElementException: Message: no such element: Unable to locate element: {\"method\":\"xpath\",\"selector\":\"(//a[@class='add-to-cart yellow-btn'])[1]\"}\n  (Session info: chrome-headless-shell=121.0.6167.85); For documentation on this error, please visit: https://www.selenium.dev/documentation/webdriver/troubleshooting/errors#no-such-element-exception\nStacktrace:\n#0 0x55f09c496d93 <unknown>\n#1 0x55f09c17a337 <unknown>\n#2 0x55f09c1c5d60 <unknown>\n#3 0x55f09c1c5e51 <unknown>\n#4 0x55f09c209bc4 <unknown>\n#5 0x55f09c1e846d <unknown>\n#6 0x55f09c20712d <unknown>\n#7 0x55f09c1e81e3 <unknown>\n#8 0x55f09c1b8135 <unknown>\n#9 0x55f09c1b913e <unknown>\n#10 0x55f09c45ae4b <unknown>\n#11 0x55f09c45edfa <unknown>\n#12 0x55f09c4476d5 <unknown>\n#13 0x55f09c45fa6f <unknown>\n#14 0x55f09c42b69f <unknown>\n#15 0x55f09c484098 <unknown>\n#16 0x55f09c484262 <unknown>\n#17 0x55f09c495f34 <unknown>\n#18 0x7f095f6d7134 <unknown>","time":{"start":1707440834187,"stop":1707440834510,"duration":323}},{"uid":"1e494d3222705a85","reportUrl":"https://zaelcovsky.github.io/StroyremAutomation/226//#testresult/1e494d3222705a85","status":"skipped","statusDetails":"XFAIL\n\nselenium.common.exceptions.NoSuchElementException: Message: no such element: Unable to locate element: {\"method\":\"xpath\",\"selector\":\"(//a[@class='add-to-cart yellow-btn'])[1]\"}\n  (Session info: chrome-headless-shell=121.0.6167.85); For documentation on this error, please visit: https://www.selenium.dev/documentation/webdriver/troubleshooting/errors#no-such-element-exception\nStacktrace:\n#0 0x55e6b447cd93 <unknown>\n#1 0x55e6b4160337 <unknown>\n#2 0x55e6b41abd60 <unknown>\n#3 0x55e6b41abe51 <unknown>\n#4 0x55e6b41efbc4 <unknown>\n#5 0x55e6b41ce46d <unknown>\n#6 0x55e6b41ed12d <unknown>\n#7 0x55e6b41ce1e3 <unknown>\n#8 0x55e6b419e135 <unknown>\n#9 0x55e6b419f13e <unknown>\n#10 0x55e6b4440e4b <unknown>\n#11 0x55e6b4444dfa <unknown>\n#12 0x55e6b442d6d5 <unknown>\n#13 0x55e6b4445a6f <unknown>\n#14 0x55e6b441169f <unknown>\n#15 0x55e6b446a098 <unknown>\n#16 0x55e6b446a262 <unknown>\n#17 0x55e6b447bf34 <unknown>\n#18 0x7feb43d4d134 <unknown>","time":{"start":1707354422046,"stop":1707354422381,"duration":335}},{"uid":"ad3e214ee476d49a","reportUrl":"https://zaelcovsky.github.io/StroyremAutomation/225//#testresult/ad3e214ee476d49a","status":"skipped","statusDetails":"XFAIL\n\nselenium.common.exceptions.NoSuchElementException: Message: no such element: Unable to locate element: {\"method\":\"xpath\",\"selector\":\"(//a[@class='add-to-cart yellow-btn'])[1]\"}\n  (Session info: chrome-headless-shell=121.0.6167.85); For documentation on this error, please visit: https://www.selenium.dev/documentation/webdriver/troubleshooting/errors#no-such-element-exception\nStacktrace:\n#0 0x55a8d9c80d93 <unknown>\n#1 0x55a8d9964337 <unknown>\n#2 0x55a8d99afd60 <unknown>\n#3 0x55a8d99afe51 <unknown>\n#4 0x55a8d99f3bc4 <unknown>\n#5 0x55a8d99d246d <unknown>\n#6 0x55a8d99f112d <unknown>\n#7 0x55a8d99d21e3 <unknown>\n#8 0x55a8d99a2135 <unknown>\n#9 0x55a8d99a313e <unknown>\n#10 0x55a8d9c44e4b <unknown>\n#11 0x55a8d9c48dfa <unknown>\n#12 0x55a8d9c316d5 <unknown>\n#13 0x55a8d9c49a6f <unknown>\n#14 0x55a8d9c1569f <unknown>\n#15 0x55a8d9c6e098 <unknown>\n#16 0x55a8d9c6e262 <unknown>\n#17 0x55a8d9c7ff34 <unknown>\n#18 0x7fd6916d8134 <unknown>","time":{"start":1707267968262,"stop":1707267968550,"duration":288}},{"uid":"d7fb94108e5f95f8","reportUrl":"https://zaelcovsky.github.io/StroyremAutomation/224//#testresult/d7fb94108e5f95f8","status":"skipped","statusDetails":"XFAIL\n\nselenium.common.exceptions.NoSuchElementException: Message: no such element: Unable to locate element: {\"method\":\"xpath\",\"selector\":\"(//a[@class='add-to-cart yellow-btn'])[1]\"}\n  (Session info: chrome-headless-shell=121.0.6167.85); For documentation on this error, please visit: https://www.selenium.dev/documentation/webdriver/troubleshooting/errors#no-such-element-exception\nStacktrace:\n#0 0x55667a477d93 <unknown>\n#1 0x55667a15b337 <unknown>\n#2 0x55667a1a6d60 <unknown>\n#3 0x55667a1a6e51 <unknown>\n#4 0x55667a1eabc4 <unknown>\n#5 0x55667a1c946d <unknown>\n#6 0x55667a1e812d <unknown>\n#7 0x55667a1c91e3 <unknown>\n#8 0x55667a199135 <unknown>\n#9 0x55667a19a13e <unknown>\n#10 0x55667a43be4b <unknown>\n#11 0x55667a43fdfa <unknown>\n#12 0x55667a4286d5 <unknown>\n#13 0x55667a440a6f <unknown>\n#14 0x55667a40c69f <unknown>\n#15 0x55667a465098 <unknown>\n#16 0x55667a465262 <unknown>\n#17 0x55667a476f34 <unknown>\n#18 0x7efe5b13f134 <unknown>","time":{"start":1707181671641,"stop":1707181671922,"duration":281}},{"uid":"e3a950c4de7cc550","reportUrl":"https://zaelcovsky.github.io/StroyremAutomation/223//#testresult/e3a950c4de7cc550","status":"skipped","statusDetails":"XFAIL\n\nselenium.common.exceptions.NoSuchElementException: Message: no such element: Unable to locate element: {\"method\":\"xpath\",\"selector\":\"(//a[@class='add-to-cart yellow-btn'])[1]\"}\n  (Session info: chrome-headless-shell=121.0.6167.85); For documentation on this error, please visit: https://www.selenium.dev/documentation/webdriver/troubleshooting/errors#no-such-element-exception\nStacktrace:\n#0 0x558ba10ebd93 <unknown>\n#1 0x558ba0dcf337 <unknown>\n#2 0x558ba0e1ad60 <unknown>\n#3 0x558ba0e1ae51 <unknown>\n#4 0x558ba0e5ebc4 <unknown>\n#5 0x558ba0e3d46d <unknown>\n#6 0x558ba0e5c12d <unknown>\n#7 0x558ba0e3d1e3 <unknown>\n#8 0x558ba0e0d135 <unknown>\n#9 0x558ba0e0e13e <unknown>\n#10 0x558ba10afe4b <unknown>\n#11 0x558ba10b3dfa <unknown>\n#12 0x558ba109c6d5 <unknown>\n#13 0x558ba10b4a6f <unknown>\n#14 0x558ba108069f <unknown>\n#15 0x558ba10d9098 <unknown>\n#16 0x558ba10d9262 <unknown>\n#17 0x558ba10eaf34 <unknown>\n#18 0x7f1360b98134 <unknown>","time":{"start":1707095398969,"stop":1707095399396,"duration":427}},{"uid":"5e78a2aa66a2e090","reportUrl":"https://zaelcovsky.github.io/StroyremAutomation/222//#testresult/5e78a2aa66a2e090","status":"skipped","statusDetails":"XFAIL\n\nselenium.common.exceptions.NoSuchElementException: Message: no such element: Unable to locate element: {\"method\":\"xpath\",\"selector\":\"(//a[@class='add-to-cart yellow-btn'])[1]\"}\n  (Session info: chrome-headless-shell=121.0.6167.85); For documentation on this error, please visit: https://www.selenium.dev/documentation/webdriver/troubleshooting/errors#no-such-element-exception\nStacktrace:\n#0 0x55cfea8a3d93 <unknown>\n#1 0x55cfea587337 <unknown>\n#2 0x55cfea5d2d60 <unknown>\n#3 0x55cfea5d2e51 <unknown>\n#4 0x55cfea616bc4 <unknown>\n#5 0x55cfea5f546d <unknown>\n#6 0x55cfea61412d <unknown>\n#7 0x55cfea5f51e3 <unknown>\n#8 0x55cfea5c5135 <unknown>\n#9 0x55cfea5c613e <unknown>\n#10 0x55cfea867e4b <unknown>\n#11 0x55cfea86bdfa <unknown>\n#12 0x55cfea8546d5 <unknown>\n#13 0x55cfea86ca6f <unknown>\n#14 0x55cfea83869f <unknown>\n#15 0x55cfea891098 <unknown>\n#16 0x55cfea891262 <unknown>\n#17 0x55cfea8a2f34 <unknown>\n#18 0x7f1a3c948134 <unknown>","time":{"start":1707009151536,"stop":1707009152108,"duration":572}},{"uid":"894f8c92b9007d4a","reportUrl":"https://zaelcovsky.github.io/StroyremAutomation/221//#testresult/894f8c92b9007d4a","status":"skipped","statusDetails":"XFAIL\n\nselenium.common.exceptions.NoSuchElementException: Message: no such element: Unable to locate element: {\"method\":\"xpath\",\"selector\":\"(//a[@class='add-to-cart yellow-btn'])[1]\"}\n  (Session info: chrome-headless-shell=121.0.6167.85); For documentation on this error, please visit: https://www.selenium.dev/documentation/webdriver/troubleshooting/errors#no-such-element-exception\nStacktrace:\n#0 0x556d4826bd93 <unknown>\n#1 0x556d47f4f337 <unknown>\n#2 0x556d47f9ad60 <unknown>\n#3 0x556d47f9ae51 <unknown>\n#4 0x556d47fdebc4 <unknown>\n#5 0x556d47fbd46d <unknown>\n#6 0x556d47fdc12d <unknown>\n#7 0x556d47fbd1e3 <unknown>\n#8 0x556d47f8d135 <unknown>\n#9 0x556d47f8e13e <unknown>\n#10 0x556d4822fe4b <unknown>\n#11 0x556d48233dfa <unknown>\n#12 0x556d4821c6d5 <unknown>\n#13 0x556d48234a6f <unknown>\n#14 0x556d4820069f <unknown>\n#15 0x556d48259098 <unknown>\n#16 0x556d48259262 <unknown>\n#17 0x556d4826af34 <unknown>\n#18 0x7f50aa6df134 <unknown>","time":{"start":1706922432703,"stop":1706922433014,"duration":311}},{"uid":"a51dd5dbb6c193c0","reportUrl":"https://zaelcovsky.github.io/StroyremAutomation/220//#testresult/a51dd5dbb6c193c0","status":"skipped","statusDetails":"XFAIL\n\nselenium.common.exceptions.NoSuchElementException: Message: no such element: Unable to locate element: {\"method\":\"xpath\",\"selector\":\"(//a[@class='add-to-cart yellow-btn'])[1]\"}\n  (Session info: chrome-headless-shell=121.0.6167.85); For documentation on this error, please visit: https://www.selenium.dev/documentation/webdriver/troubleshooting/errors#no-such-element-exception\nStacktrace:\n#0 0x55eae27efd93 <unknown>\n#1 0x55eae24d3337 <unknown>\n#2 0x55eae251ed60 <unknown>\n#3 0x55eae251ee51 <unknown>\n#4 0x55eae2562bc4 <unknown>\n#5 0x55eae254146d <unknown>\n#6 0x55eae256012d <unknown>\n#7 0x55eae25411e3 <unknown>\n#8 0x55eae2511135 <unknown>\n#9 0x55eae251213e <unknown>\n#10 0x55eae27b3e4b <unknown>\n#11 0x55eae27b7dfa <unknown>\n#12 0x55eae27a06d5 <unknown>\n#13 0x55eae27b8a6f <unknown>\n#14 0x55eae278469f <unknown>\n#15 0x55eae27dd098 <unknown>\n#16 0x55eae27dd262 <unknown>\n#17 0x55eae27eef34 <unknown>\n#18 0x7f53f1abb134 <unknown>","time":{"start":1706836100740,"stop":1706836101456,"duration":716}},{"uid":"1a1c1103135f75a9","reportUrl":"https://zaelcovsky.github.io/StroyremAutomation/219//#testresult/1a1c1103135f75a9","status":"skipped","statusDetails":"XFAIL\n\nselenium.common.exceptions.NoSuchElementException: Message: no such element: Unable to locate element: {\"method\":\"xpath\",\"selector\":\"(//a[@class='add-to-cart yellow-btn'])[1]\"}\n  (Session info: chrome-headless-shell=121.0.6167.85); For documentation on this error, please visit: https://www.selenium.dev/documentation/webdriver/troubleshooting/errors#no-such-element-exception\nStacktrace:\n#0 0x55aa1b436d93 <unknown>\n#1 0x55aa1b11a337 <unknown>\n#2 0x55aa1b165d60 <unknown>\n#3 0x55aa1b165e51 <unknown>\n#4 0x55aa1b1a9bc4 <unknown>\n#5 0x55aa1b18846d <unknown>\n#6 0x55aa1b1a712d <unknown>\n#7 0x55aa1b1881e3 <unknown>\n#8 0x55aa1b158135 <unknown>\n#9 0x55aa1b15913e <unknown>\n#10 0x55aa1b3fae4b <unknown>\n#11 0x55aa1b3fedfa <unknown>\n#12 0x55aa1b3e76d5 <unknown>\n#13 0x55aa1b3ffa6f <unknown>\n#14 0x55aa1b3cb69f <unknown>\n#15 0x55aa1b424098 <unknown>\n#16 0x55aa1b424262 <unknown>\n#17 0x55aa1b435f34 <unknown>\n#18 0x7fa0e201d044 <unknown>","time":{"start":1706749996543,"stop":1706749996985,"duration":442}},{"uid":"30f855b137401d33","reportUrl":"https://zaelcovsky.github.io/StroyremAutomation/218//#testresult/30f855b137401d33","status":"skipped","statusDetails":"XFAIL\n\nselenium.common.exceptions.NoSuchElementException: Message: no such element: Unable to locate element: {\"method\":\"xpath\",\"selector\":\"(//a[@class='add-to-cart yellow-btn'])[1]\"}\n  (Session info: chrome-headless-shell=121.0.6167.85); For documentation on this error, please visit: https://www.selenium.dev/documentation/webdriver/troubleshooting/errors#no-such-element-exception\nStacktrace:\n#0 0x5596d79e7d93 <unknown>\n#1 0x5596d76cb337 <unknown>\n#2 0x5596d7716d60 <unknown>\n#3 0x5596d7716e51 <unknown>\n#4 0x5596d775abc4 <unknown>\n#5 0x5596d773946d <unknown>\n#6 0x5596d775812d <unknown>\n#7 0x5596d77391e3 <unknown>\n#8 0x5596d7709135 <unknown>\n#9 0x5596d770a13e <unknown>\n#10 0x5596d79abe4b <unknown>\n#11 0x5596d79afdfa <unknown>\n#12 0x5596d79986d5 <unknown>\n#13 0x5596d79b0a6f <unknown>\n#14 0x5596d797c69f <unknown>\n#15 0x5596d79d5098 <unknown>\n#16 0x5596d79d5262 <unknown>\n#17 0x5596d79e6f34 <unknown>\n#18 0x7f435e6fd044 <unknown>","time":{"start":1706663312831,"stop":1706663313158,"duration":327}},{"uid":"964595620e0fa2f9","reportUrl":"https://zaelcovsky.github.io/StroyremAutomation/217//#testresult/964595620e0fa2f9","status":"skipped","statusDetails":"XFAIL\n\nselenium.common.exceptions.NoSuchElementException: Message: no such element: Unable to locate element: {\"method\":\"xpath\",\"selector\":\"(//a[@class='add-to-cart yellow-btn'])[1]\"}\n  (Session info: chrome-headless-shell=121.0.6167.85); For documentation on this error, please visit: https://www.selenium.dev/documentation/webdriver/troubleshooting/errors#no-such-element-exception\nStacktrace:\n#0 0x55c98019fd93 <unknown>\n#1 0x55c97fe83337 <unknown>\n#2 0x55c97feced60 <unknown>\n#3 0x55c97fecee51 <unknown>\n#4 0x55c97ff12bc4 <unknown>\n#5 0x55c97fef146d <unknown>\n#6 0x55c97ff1012d <unknown>\n#7 0x55c97fef11e3 <unknown>\n#8 0x55c97fec1135 <unknown>\n#9 0x55c97fec213e <unknown>\n#10 0x55c980163e4b <unknown>\n#11 0x55c980167dfa <unknown>\n#12 0x55c9801506d5 <unknown>\n#13 0x55c980168a6f <unknown>\n#14 0x55c98013469f <unknown>\n#15 0x55c98018d098 <unknown>\n#16 0x55c98018d262 <unknown>\n#17 0x55c98019ef34 <unknown>\n#18 0x7fbd1ab51044 <unknown>","time":{"start":1706576870625,"stop":1706576871022,"duration":397}},{"uid":"544513ee5de34f35","reportUrl":"https://zaelcovsky.github.io/StroyremAutomation/216//#testresult/544513ee5de34f35","status":"skipped","statusDetails":"XFAIL\n\nselenium.common.exceptions.NoSuchElementException: Message: no such element: Unable to locate element: {\"method\":\"xpath\",\"selector\":\"(//a[@class='add-to-cart yellow-btn'])[1]\"}\n  (Session info: chrome-headless-shell=121.0.6167.85); For documentation on this error, please visit: https://www.selenium.dev/documentation/webdriver/troubleshooting/errors#no-such-element-exception\nStacktrace:\n#0 0x560e54691d93 <unknown>\n#1 0x560e54375337 <unknown>\n#2 0x560e543c0d60 <unknown>\n#3 0x560e543c0e51 <unknown>\n#4 0x560e54404bc4 <unknown>\n#5 0x560e543e346d <unknown>\n#6 0x560e5440212d <unknown>\n#7 0x560e543e31e3 <unknown>\n#8 0x560e543b3135 <unknown>\n#9 0x560e543b413e <unknown>\n#10 0x560e54655e4b <unknown>\n#11 0x560e54659dfa <unknown>\n#12 0x560e546426d5 <unknown>\n#13 0x560e5465aa6f <unknown>\n#14 0x560e5462669f <unknown>\n#15 0x560e5467f098 <unknown>\n#16 0x560e5467f262 <unknown>\n#17 0x560e54690f34 <unknown>\n#18 0x7efc02563044 <unknown>","time":{"start":1706490545583,"stop":1706490545925,"duration":342}}]},"tags":["smoke","@pytest.mark.xfail(reson='Цена доставки: 4300 9900 11440')"]},"source":"d3fb59a1154f9faf.json","parameterValues":["8000","206","'TD 023'","7500","'products/shtukaturka-gipsovaya-aksolit-m50-30-kg-mashinnogo-naneseniya'","3300","'https://sandboxtest.stroyrem-nn.ru/'","6200"]}