{"uid":"f23d29c8fd5349c6","name":"TD 023 Доставка товара весом до 6200кг. в синей зоне","fullName":"tests.delivery.test_delivery_calculation.TestDeliveryPageCalculation#test_positive_delivery_blue_zone_smoke","historyId":"fe4664de905f76a94b6350f1590cde09","time":{"start":1703293762632,"stop":1703293763064,"duration":432},"status":"skipped","statusMessage":"XFAIL\n\nselenium.common.exceptions.NoSuchElementException: Message: no such element: Unable to locate element: {\"method\":\"xpath\",\"selector\":\"(//a[@class='add-to-cart yellow-btn'])[1]\"}\n  (Session info: chrome-headless-shell=120.0.6099.109); For documentation on this error, please visit: https://www.selenium.dev/documentation/webdriver/troubleshooting/errors#no-such-element-exception\nStacktrace:\n#0 0x561b819d0f83 <unknown>\n#1 0x561b81689cf7 <unknown>\n#2 0x561b816d999e <unknown>\n#3 0x561b816d9aa1 <unknown>\n#4 0x561b81724d64 <unknown>\n#5 0x561b817030dd <unknown>\n#6 0x561b81722006 <unknown>\n#7 0x561b81702e53 <unknown>\n#8 0x561b816cadd4 <unknown>\n#9 0x561b816cc1de <unknown>\n#10 0x561b81995531 <unknown>\n#11 0x561b81999455 <unknown>\n#12 0x561b81981f55 <unknown>\n#13 0x561b8199a0ef <unknown>\n#14 0x561b8196599f <unknown>\n#15 0x561b819be008 <unknown>\n#16 0x561b819be1d7 <unknown>\n#17 0x561b819d0124 <unknown>\n#18 0x7fdbd5039044 <unknown>","statusTrace":"self = <tests.delivery.test_delivery_calculation.TestDeliveryPageCalculation object at 0x7fcfc913d210>\ndriver = <selenium.webdriver.chrome.webdriver.WebDriver (session=\"9856204b063dfa6e75ddc4c781efaf57\")>\nurl = 'https://sandboxtest.stroyrem-nn.ru/', case_id = 'TD 023'\nlink_item = 'products/shtukaturka-gipsovaya-aksolit-m50-30-kg-mashinnogo-naneseniya'\namount = 206, weight = 6200, standard = 3300, in_time = 7500, all_time = 8000\n\n    @pytest.mark.parametrize('case_id, link_item, amount, weight, standard, in_time, all_time', [\n        (\"TD 015\", bundeks_25, 1, 30, 650, 2390, 3320),\n        pytest.param(\n            \"TD 016\", aksolit_30, 8, 300, 650, 2390, 3320,\n            marks=pytest.mark.xfail(reson=\"Цена доставки: - - -\")\n        ),\n        (\"TD 017\", aksolit_30, 13, 400, 650, 2390, 3320),\n        (\"TD 018\", aksolit_30, 16, 500, 850, 2490, 3320),\n        (\"TD 019\", aksolit_30, 25, 1700, 1150, 2490, 3320),\n        (\"TD 020\", aksolit_30, 66, 2000, 1500, 2990, 3650),\n        (\"TD 021\", aksolit_30, 149, 4500, 2600, 4380, 4890),\n        (\"TD 022\", aksolit_30, 166, 5000, 2800, 5490, 5980),\n        pytest.param(\n            \"TD 023\", aksolit_30, 206, 6200, 3300, 7500, 8000,\n            marks=pytest.mark.xfail(reson=\"Цена доставки: 4300 9900 11440\")\n        ),\n        (\"TD 024\", aksolit_30, 299, 9000, 4300, 9900, 11440),\n        (\"TD 025\", aksolit_30, 333, 10000, 7000, 13900, 15900),\n        pytest.param(\n            \"TD 026\", aksolit_30, 366, 11000, 8000, 14900, 19900,\n            marks=pytest.mark.xfail(reson=\"Цена доставки: 7000 13900 15900\")\n        ),\n        pytest.param(\n            \"TD 027\", aksolit_30, 666, 20000, 14000, 16900, 23900,\n            marks=pytest.mark.xfail(reson=\"Цена доставки: 7000 13900 15900\")\n        )\n    ])\n    @pytest.mark.smoke\n    def test_positive_delivery_blue_zone_smoke(\n            self, driver, url, case_id, link_item, amount, weight, standard, in_time, all_time\n    ):\n        allure.dynamic.title(f\"{case_id} Доставка товара весом до {weight}кг. в синей зоне\")\n    \n        driver.get(f'{url}{link_item}')\n        item_page = ItemPage(driver)\n>       item_page.add_item_to_cart(amount).click_on_cart()\n\ntests/delivery/test_delivery_calculation.py:130: \n_ _ _ _ _ _ _ _ _ _ _ _ _ _ _ _ _ _ _ _ _ _ _ _ _ _ _ _ _ _ _ _ _ _ _ _ _ _ _ _ \npages/item_page.py:40: in add_item_to_cart\n    self.find_element(self._add_item).click()\nbase/seleniumbase.py:17: in find_element\n    return self.driver.find_element(*locator)\n/usr/local/lib/python3.11/site-packages/selenium/webdriver/remote/webdriver.py:740: in find_element\n    return self.execute(Command.FIND_ELEMENT, {\"using\": by, \"value\": value})[\"value\"]\n/usr/local/lib/python3.11/site-packages/selenium/webdriver/remote/webdriver.py:346: in execute\n    self.error_handler.check_response(response)\n_ _ _ _ _ _ _ _ _ _ _ _ _ _ _ _ _ _ _ _ _ _ _ _ _ _ _ _ _ _ _ _ _ _ _ _ _ _ _ _ \n\nself = <selenium.webdriver.remote.errorhandler.ErrorHandler object at 0x7fcfc8a16750>\nresponse = {'status': 404, 'value': '{\"value\":{\"error\":\"no such element\",\"message\":\"no such element: Unable to locate element: {\\...\\\\n#16 0x561b819be1d7 \\\\u003Cunknown>\\\\n#17 0x561b819d0124 \\\\u003Cunknown>\\\\n#18 0x7fdbd5039044 \\\\u003Cunknown>\\\\n\"}}'}\n\n    def check_response(self, response: Dict[str, Any]) -> None:\n        \"\"\"Checks that a JSON response from the WebDriver does not have an\n        error.\n    \n        :Args:\n         - response - The JSON response from the WebDriver server as a dictionary\n           object.\n    \n        :Raises: If the response contains an error message.\n        \"\"\"\n        status = response.get(\"status\", None)\n        if not status or status == ErrorCode.SUCCESS:\n            return\n        value = None\n        message = response.get(\"message\", \"\")\n        screen: str = response.get(\"screen\", \"\")\n        stacktrace = None\n        if isinstance(status, int):\n            value_json = response.get(\"value\", None)\n            if value_json and isinstance(value_json, str):\n                import json\n    \n                try:\n                    value = json.loads(value_json)\n                    if len(value) == 1:\n                        value = value[\"value\"]\n                    status = value.get(\"error\", None)\n                    if not status:\n                        status = value.get(\"status\", ErrorCode.UNKNOWN_ERROR)\n                        message = value.get(\"value\") or value.get(\"message\")\n                        if not isinstance(message, str):\n                            value = message\n                            message = message.get(\"message\")\n                    else:\n                        message = value.get(\"message\", None)\n                except ValueError:\n                    pass\n    \n        exception_class: Type[WebDriverException]\n        if status in ErrorCode.NO_SUCH_ELEMENT:\n            exception_class = NoSuchElementException\n        elif status in ErrorCode.NO_SUCH_FRAME:\n            exception_class = NoSuchFrameException\n        elif status in ErrorCode.NO_SUCH_SHADOW_ROOT:\n            exception_class = NoSuchShadowRootException\n        elif status in ErrorCode.NO_SUCH_WINDOW:\n            exception_class = NoSuchWindowException\n        elif status in ErrorCode.STALE_ELEMENT_REFERENCE:\n            exception_class = StaleElementReferenceException\n        elif status in ErrorCode.ELEMENT_NOT_VISIBLE:\n            exception_class = ElementNotVisibleException\n        elif status in ErrorCode.INVALID_ELEMENT_STATE:\n            exception_class = InvalidElementStateException\n        elif (\n            status in ErrorCode.INVALID_SELECTOR\n            or status in ErrorCode.INVALID_XPATH_SELECTOR\n            or status in ErrorCode.INVALID_XPATH_SELECTOR_RETURN_TYPER\n        ):\n            exception_class = InvalidSelectorException\n        elif status in ErrorCode.ELEMENT_IS_NOT_SELECTABLE:\n            exception_class = ElementNotSelectableException\n        elif status in ErrorCode.ELEMENT_NOT_INTERACTABLE:\n            exception_class = ElementNotInteractableException\n        elif status in ErrorCode.INVALID_COOKIE_DOMAIN:\n            exception_class = InvalidCookieDomainException\n        elif status in ErrorCode.UNABLE_TO_SET_COOKIE:\n            exception_class = UnableToSetCookieException\n        elif status in ErrorCode.TIMEOUT:\n            exception_class = TimeoutException\n        elif status in ErrorCode.SCRIPT_TIMEOUT:\n            exception_class = TimeoutException\n        elif status in ErrorCode.UNKNOWN_ERROR:\n            exception_class = WebDriverException\n        elif status in ErrorCode.UNEXPECTED_ALERT_OPEN:\n            exception_class = UnexpectedAlertPresentException\n        elif status in ErrorCode.NO_ALERT_OPEN:\n            exception_class = NoAlertPresentException\n        elif status in ErrorCode.IME_NOT_AVAILABLE:\n            exception_class = ImeNotAvailableException\n        elif status in ErrorCode.IME_ENGINE_ACTIVATION_FAILED:\n            exception_class = ImeActivationFailedException\n        elif status in ErrorCode.MOVE_TARGET_OUT_OF_BOUNDS:\n            exception_class = MoveTargetOutOfBoundsException\n        elif status in ErrorCode.JAVASCRIPT_ERROR:\n            exception_class = JavascriptException\n        elif status in ErrorCode.SESSION_NOT_CREATED:\n            exception_class = SessionNotCreatedException\n        elif status in ErrorCode.INVALID_ARGUMENT:\n            exception_class = InvalidArgumentException\n        elif status in ErrorCode.NO_SUCH_COOKIE:\n            exception_class = NoSuchCookieException\n        elif status in ErrorCode.UNABLE_TO_CAPTURE_SCREEN:\n            exception_class = ScreenshotException\n        elif status in ErrorCode.ELEMENT_CLICK_INTERCEPTED:\n            exception_class = ElementClickInterceptedException\n        elif status in ErrorCode.INSECURE_CERTIFICATE:\n            exception_class = InsecureCertificateException\n        elif status in ErrorCode.INVALID_COORDINATES:\n            exception_class = InvalidCoordinatesException\n        elif status in ErrorCode.INVALID_SESSION_ID:\n            exception_class = InvalidSessionIdException\n        elif status in ErrorCode.UNKNOWN_METHOD:\n            exception_class = UnknownMethodException\n        else:\n            exception_class = WebDriverException\n        if not value:\n            value = response[\"value\"]\n        if isinstance(value, str):\n            raise exception_class(value)\n        if message == \"\" and \"message\" in value:\n            message = value[\"message\"]\n    \n        screen = None  # type: ignore[assignment]\n        if \"screen\" in value:\n            screen = value[\"screen\"]\n    \n        stacktrace = None\n        st_value = value.get(\"stackTrace\") or value.get(\"stacktrace\")\n        if st_value:\n            if isinstance(st_value, str):\n                stacktrace = st_value.split(\"\\n\")\n            else:\n                stacktrace = []\n                try:\n                    for frame in st_value:\n                        line = frame.get(\"lineNumber\", \"\")\n                        file = frame.get(\"fileName\", \"<anonymous>\")\n                        if line:\n                            file = f\"{file}:{line}\"\n                        meth = frame.get(\"methodName\", \"<anonymous>\")\n                        if \"className\" in frame:\n                            meth = f\"{frame['className']}.{meth}\"\n                        msg = \"    at %s (%s)\"\n                        msg = msg % (meth, file)\n                        stacktrace.append(msg)\n                except TypeError:\n                    pass\n        if exception_class == UnexpectedAlertPresentException:\n            alert_text = None\n            if \"data\" in value:\n                alert_text = value[\"data\"].get(\"text\")\n            elif \"alert\" in value:\n                alert_text = value[\"alert\"].get(\"text\")\n            raise exception_class(message, screen, stacktrace, alert_text)  # type: ignore[call-arg]  # mypy is not smart enough here\n>       raise exception_class(message, screen, stacktrace)\nE       selenium.common.exceptions.NoSuchElementException: Message: no such element: Unable to locate element: {\"method\":\"xpath\",\"selector\":\"(//a[@class='add-to-cart yellow-btn'])[1]\"}\nE         (Session info: chrome-headless-shell=120.0.6099.109); For documentation on this error, please visit: https://www.selenium.dev/documentation/webdriver/troubleshooting/errors#no-such-element-exception\nE       Stacktrace:\nE       #0 0x561b819d0f83 <unknown>\nE       #1 0x561b81689cf7 <unknown>\nE       #2 0x561b816d999e <unknown>\nE       #3 0x561b816d9aa1 <unknown>\nE       #4 0x561b81724d64 <unknown>\nE       #5 0x561b817030dd <unknown>\nE       #6 0x561b81722006 <unknown>\nE       #7 0x561b81702e53 <unknown>\nE       #8 0x561b816cadd4 <unknown>\nE       #9 0x561b816cc1de <unknown>\nE       #10 0x561b81995531 <unknown>\nE       #11 0x561b81999455 <unknown>\nE       #12 0x561b81981f55 <unknown>\nE       #13 0x561b8199a0ef <unknown>\nE       #14 0x561b8196599f <unknown>\nE       #15 0x561b819be008 <unknown>\nE       #16 0x561b819be1d7 <unknown>\nE       #17 0x561b819d0124 <unknown>\nE       #18 0x7fdbd5039044 <unknown>\n\n/usr/local/lib/python3.11/site-packages/selenium/webdriver/remote/errorhandler.py:245: NoSuchElementException","flaky":false,"newFailed":false,"newBroken":false,"newPassed":false,"retriesCount":0,"retriesStatusChange":false,"beforeStages":[{"name":"_session_faker","time":{"start":1703293252619,"stop":1703293252691,"duration":72},"status":"passed","steps":[],"attachments":[],"parameters":[],"shouldDisplayMessage":false,"stepsCount":0,"attachmentsCount":0,"hasContent":false,"attachmentStep":false},{"name":"clear_allure_results_folder","time":{"start":1703293252691,"stop":1703293252691,"duration":0},"status":"passed","steps":[],"attachments":[],"parameters":[],"shouldDisplayMessage":false,"stepsCount":0,"attachmentsCount":0,"hasContent":false,"attachmentStep":false},{"name":"driver","time":{"start":1703293761894,"stop":1703293762631,"duration":737},"status":"passed","steps":[],"attachments":[],"parameters":[],"shouldDisplayMessage":false,"stepsCount":0,"attachmentsCount":0,"hasContent":false,"attachmentStep":false},{"name":"setup","time":{"start":1703293762631,"stop":1703293762631,"duration":0},"status":"passed","steps":[],"attachments":[],"parameters":[],"shouldDisplayMessage":false,"stepsCount":0,"attachmentsCount":0,"hasContent":false,"attachmentStep":false}],"testStage":{"status":"skipped","statusMessage":"XFAIL\n\nselenium.common.exceptions.NoSuchElementException: Message: no such element: Unable to locate element: {\"method\":\"xpath\",\"selector\":\"(//a[@class='add-to-cart yellow-btn'])[1]\"}\n  (Session info: chrome-headless-shell=120.0.6099.109); For documentation on this error, please visit: https://www.selenium.dev/documentation/webdriver/troubleshooting/errors#no-such-element-exception\nStacktrace:\n#0 0x561b819d0f83 <unknown>\n#1 0x561b81689cf7 <unknown>\n#2 0x561b816d999e <unknown>\n#3 0x561b816d9aa1 <unknown>\n#4 0x561b81724d64 <unknown>\n#5 0x561b817030dd <unknown>\n#6 0x561b81722006 <unknown>\n#7 0x561b81702e53 <unknown>\n#8 0x561b816cadd4 <unknown>\n#9 0x561b816cc1de <unknown>\n#10 0x561b81995531 <unknown>\n#11 0x561b81999455 <unknown>\n#12 0x561b81981f55 <unknown>\n#13 0x561b8199a0ef <unknown>\n#14 0x561b8196599f <unknown>\n#15 0x561b819be008 <unknown>\n#16 0x561b819be1d7 <unknown>\n#17 0x561b819d0124 <unknown>\n#18 0x7fdbd5039044 <unknown>","statusTrace":"self = <tests.delivery.test_delivery_calculation.TestDeliveryPageCalculation object at 0x7fcfc913d210>\ndriver = <selenium.webdriver.chrome.webdriver.WebDriver (session=\"9856204b063dfa6e75ddc4c781efaf57\")>\nurl = 'https://sandboxtest.stroyrem-nn.ru/', case_id = 'TD 023'\nlink_item = 'products/shtukaturka-gipsovaya-aksolit-m50-30-kg-mashinnogo-naneseniya'\namount = 206, weight = 6200, standard = 3300, in_time = 7500, all_time = 8000\n\n    @pytest.mark.parametrize('case_id, link_item, amount, weight, standard, in_time, all_time', [\n        (\"TD 015\", bundeks_25, 1, 30, 650, 2390, 3320),\n        pytest.param(\n            \"TD 016\", aksolit_30, 8, 300, 650, 2390, 3320,\n            marks=pytest.mark.xfail(reson=\"Цена доставки: - - -\")\n        ),\n        (\"TD 017\", aksolit_30, 13, 400, 650, 2390, 3320),\n        (\"TD 018\", aksolit_30, 16, 500, 850, 2490, 3320),\n        (\"TD 019\", aksolit_30, 25, 1700, 1150, 2490, 3320),\n        (\"TD 020\", aksolit_30, 66, 2000, 1500, 2990, 3650),\n        (\"TD 021\", aksolit_30, 149, 4500, 2600, 4380, 4890),\n        (\"TD 022\", aksolit_30, 166, 5000, 2800, 5490, 5980),\n        pytest.param(\n            \"TD 023\", aksolit_30, 206, 6200, 3300, 7500, 8000,\n            marks=pytest.mark.xfail(reson=\"Цена доставки: 4300 9900 11440\")\n        ),\n        (\"TD 024\", aksolit_30, 299, 9000, 4300, 9900, 11440),\n        (\"TD 025\", aksolit_30, 333, 10000, 7000, 13900, 15900),\n        pytest.param(\n            \"TD 026\", aksolit_30, 366, 11000, 8000, 14900, 19900,\n            marks=pytest.mark.xfail(reson=\"Цена доставки: 7000 13900 15900\")\n        ),\n        pytest.param(\n            \"TD 027\", aksolit_30, 666, 20000, 14000, 16900, 23900,\n            marks=pytest.mark.xfail(reson=\"Цена доставки: 7000 13900 15900\")\n        )\n    ])\n    @pytest.mark.smoke\n    def test_positive_delivery_blue_zone_smoke(\n            self, driver, url, case_id, link_item, amount, weight, standard, in_time, all_time\n    ):\n        allure.dynamic.title(f\"{case_id} Доставка товара весом до {weight}кг. в синей зоне\")\n    \n        driver.get(f'{url}{link_item}')\n        item_page = ItemPage(driver)\n>       item_page.add_item_to_cart(amount).click_on_cart()\n\ntests/delivery/test_delivery_calculation.py:130: \n_ _ _ _ _ _ _ _ _ _ _ _ _ _ _ _ _ _ _ _ _ _ _ _ _ _ _ _ _ _ _ _ _ _ _ _ _ _ _ _ \npages/item_page.py:40: in add_item_to_cart\n    self.find_element(self._add_item).click()\nbase/seleniumbase.py:17: in find_element\n    return self.driver.find_element(*locator)\n/usr/local/lib/python3.11/site-packages/selenium/webdriver/remote/webdriver.py:740: in find_element\n    return self.execute(Command.FIND_ELEMENT, {\"using\": by, \"value\": value})[\"value\"]\n/usr/local/lib/python3.11/site-packages/selenium/webdriver/remote/webdriver.py:346: in execute\n    self.error_handler.check_response(response)\n_ _ _ _ _ _ _ _ _ _ _ _ _ _ _ _ _ _ _ _ _ _ _ _ _ _ _ _ _ _ _ _ _ _ _ _ _ _ _ _ \n\nself = <selenium.webdriver.remote.errorhandler.ErrorHandler object at 0x7fcfc8a16750>\nresponse = {'status': 404, 'value': '{\"value\":{\"error\":\"no such element\",\"message\":\"no such element: Unable to locate element: {\\...\\\\n#16 0x561b819be1d7 \\\\u003Cunknown>\\\\n#17 0x561b819d0124 \\\\u003Cunknown>\\\\n#18 0x7fdbd5039044 \\\\u003Cunknown>\\\\n\"}}'}\n\n    def check_response(self, response: Dict[str, Any]) -> None:\n        \"\"\"Checks that a JSON response from the WebDriver does not have an\n        error.\n    \n        :Args:\n         - response - The JSON response from the WebDriver server as a dictionary\n           object.\n    \n        :Raises: If the response contains an error message.\n        \"\"\"\n        status = response.get(\"status\", None)\n        if not status or status == ErrorCode.SUCCESS:\n            return\n        value = None\n        message = response.get(\"message\", \"\")\n        screen: str = response.get(\"screen\", \"\")\n        stacktrace = None\n        if isinstance(status, int):\n            value_json = response.get(\"value\", None)\n            if value_json and isinstance(value_json, str):\n                import json\n    \n                try:\n                    value = json.loads(value_json)\n                    if len(value) == 1:\n                        value = value[\"value\"]\n                    status = value.get(\"error\", None)\n                    if not status:\n                        status = value.get(\"status\", ErrorCode.UNKNOWN_ERROR)\n                        message = value.get(\"value\") or value.get(\"message\")\n                        if not isinstance(message, str):\n                            value = message\n                            message = message.get(\"message\")\n                    else:\n                        message = value.get(\"message\", None)\n                except ValueError:\n                    pass\n    \n        exception_class: Type[WebDriverException]\n        if status in ErrorCode.NO_SUCH_ELEMENT:\n            exception_class = NoSuchElementException\n        elif status in ErrorCode.NO_SUCH_FRAME:\n            exception_class = NoSuchFrameException\n        elif status in ErrorCode.NO_SUCH_SHADOW_ROOT:\n            exception_class = NoSuchShadowRootException\n        elif status in ErrorCode.NO_SUCH_WINDOW:\n            exception_class = NoSuchWindowException\n        elif status in ErrorCode.STALE_ELEMENT_REFERENCE:\n            exception_class = StaleElementReferenceException\n        elif status in ErrorCode.ELEMENT_NOT_VISIBLE:\n            exception_class = ElementNotVisibleException\n        elif status in ErrorCode.INVALID_ELEMENT_STATE:\n            exception_class = InvalidElementStateException\n        elif (\n            status in ErrorCode.INVALID_SELECTOR\n            or status in ErrorCode.INVALID_XPATH_SELECTOR\n            or status in ErrorCode.INVALID_XPATH_SELECTOR_RETURN_TYPER\n        ):\n            exception_class = InvalidSelectorException\n        elif status in ErrorCode.ELEMENT_IS_NOT_SELECTABLE:\n            exception_class = ElementNotSelectableException\n        elif status in ErrorCode.ELEMENT_NOT_INTERACTABLE:\n            exception_class = ElementNotInteractableException\n        elif status in ErrorCode.INVALID_COOKIE_DOMAIN:\n            exception_class = InvalidCookieDomainException\n        elif status in ErrorCode.UNABLE_TO_SET_COOKIE:\n            exception_class = UnableToSetCookieException\n        elif status in ErrorCode.TIMEOUT:\n            exception_class = TimeoutException\n        elif status in ErrorCode.SCRIPT_TIMEOUT:\n            exception_class = TimeoutException\n        elif status in ErrorCode.UNKNOWN_ERROR:\n            exception_class = WebDriverException\n        elif status in ErrorCode.UNEXPECTED_ALERT_OPEN:\n            exception_class = UnexpectedAlertPresentException\n        elif status in ErrorCode.NO_ALERT_OPEN:\n            exception_class = NoAlertPresentException\n        elif status in ErrorCode.IME_NOT_AVAILABLE:\n            exception_class = ImeNotAvailableException\n        elif status in ErrorCode.IME_ENGINE_ACTIVATION_FAILED:\n            exception_class = ImeActivationFailedException\n        elif status in ErrorCode.MOVE_TARGET_OUT_OF_BOUNDS:\n            exception_class = MoveTargetOutOfBoundsException\n        elif status in ErrorCode.JAVASCRIPT_ERROR:\n            exception_class = JavascriptException\n        elif status in ErrorCode.SESSION_NOT_CREATED:\n            exception_class = SessionNotCreatedException\n        elif status in ErrorCode.INVALID_ARGUMENT:\n            exception_class = InvalidArgumentException\n        elif status in ErrorCode.NO_SUCH_COOKIE:\n            exception_class = NoSuchCookieException\n        elif status in ErrorCode.UNABLE_TO_CAPTURE_SCREEN:\n            exception_class = ScreenshotException\n        elif status in ErrorCode.ELEMENT_CLICK_INTERCEPTED:\n            exception_class = ElementClickInterceptedException\n        elif status in ErrorCode.INSECURE_CERTIFICATE:\n            exception_class = InsecureCertificateException\n        elif status in ErrorCode.INVALID_COORDINATES:\n            exception_class = InvalidCoordinatesException\n        elif status in ErrorCode.INVALID_SESSION_ID:\n            exception_class = InvalidSessionIdException\n        elif status in ErrorCode.UNKNOWN_METHOD:\n            exception_class = UnknownMethodException\n        else:\n            exception_class = WebDriverException\n        if not value:\n            value = response[\"value\"]\n        if isinstance(value, str):\n            raise exception_class(value)\n        if message == \"\" and \"message\" in value:\n            message = value[\"message\"]\n    \n        screen = None  # type: ignore[assignment]\n        if \"screen\" in value:\n            screen = value[\"screen\"]\n    \n        stacktrace = None\n        st_value = value.get(\"stackTrace\") or value.get(\"stacktrace\")\n        if st_value:\n            if isinstance(st_value, str):\n                stacktrace = st_value.split(\"\\n\")\n            else:\n                stacktrace = []\n                try:\n                    for frame in st_value:\n                        line = frame.get(\"lineNumber\", \"\")\n                        file = frame.get(\"fileName\", \"<anonymous>\")\n                        if line:\n                            file = f\"{file}:{line}\"\n                        meth = frame.get(\"methodName\", \"<anonymous>\")\n                        if \"className\" in frame:\n                            meth = f\"{frame['className']}.{meth}\"\n                        msg = \"    at %s (%s)\"\n                        msg = msg % (meth, file)\n                        stacktrace.append(msg)\n                except TypeError:\n                    pass\n        if exception_class == UnexpectedAlertPresentException:\n            alert_text = None\n            if \"data\" in value:\n                alert_text = value[\"data\"].get(\"text\")\n            elif \"alert\" in value:\n                alert_text = value[\"alert\"].get(\"text\")\n            raise exception_class(message, screen, stacktrace, alert_text)  # type: ignore[call-arg]  # mypy is not smart enough here\n>       raise exception_class(message, screen, stacktrace)\nE       selenium.common.exceptions.NoSuchElementException: Message: no such element: Unable to locate element: {\"method\":\"xpath\",\"selector\":\"(//a[@class='add-to-cart yellow-btn'])[1]\"}\nE         (Session info: chrome-headless-shell=120.0.6099.109); For documentation on this error, please visit: https://www.selenium.dev/documentation/webdriver/troubleshooting/errors#no-such-element-exception\nE       Stacktrace:\nE       #0 0x561b819d0f83 <unknown>\nE       #1 0x561b81689cf7 <unknown>\nE       #2 0x561b816d999e <unknown>\nE       #3 0x561b816d9aa1 <unknown>\nE       #4 0x561b81724d64 <unknown>\nE       #5 0x561b817030dd <unknown>\nE       #6 0x561b81722006 <unknown>\nE       #7 0x561b81702e53 <unknown>\nE       #8 0x561b816cadd4 <unknown>\nE       #9 0x561b816cc1de <unknown>\nE       #10 0x561b81995531 <unknown>\nE       #11 0x561b81999455 <unknown>\nE       #12 0x561b81981f55 <unknown>\nE       #13 0x561b8199a0ef <unknown>\nE       #14 0x561b8196599f <unknown>\nE       #15 0x561b819be008 <unknown>\nE       #16 0x561b819be1d7 <unknown>\nE       #17 0x561b819d0124 <unknown>\nE       #18 0x7fdbd5039044 <unknown>\n\n/usr/local/lib/python3.11/site-packages/selenium/webdriver/remote/errorhandler.py:245: NoSuchElementException","steps":[{"name":"Добавляем товар в корзину в количестве 206","time":{"start":1703293763052,"stop":1703293763064,"duration":12},"status":"broken","statusMessage":"selenium.common.exceptions.NoSuchElementException: Message: no such element: Unable to locate element: {\"method\":\"xpath\",\"selector\":\"(//a[@class='add-to-cart yellow-btn'])[1]\"}\n  (Session info: chrome-headless-shell=120.0.6099.109); For documentation on this error, please visit: https://www.selenium.dev/documentation/webdriver/troubleshooting/errors#no-such-element-exception\nStacktrace:\n#0 0x561b819d0f83 <unknown>\n#1 0x561b81689cf7 <unknown>\n#2 0x561b816d999e <unknown>\n#3 0x561b816d9aa1 <unknown>\n#4 0x561b81724d64 <unknown>\n#5 0x561b817030dd <unknown>\n#6 0x561b81722006 <unknown>\n#7 0x561b81702e53 <unknown>\n#8 0x561b816cadd4 <unknown>\n#9 0x561b816cc1de <unknown>\n#10 0x561b81995531 <unknown>\n#11 0x561b81999455 <unknown>\n#12 0x561b81981f55 <unknown>\n#13 0x561b8199a0ef <unknown>\n#14 0x561b8196599f <unknown>\n#15 0x561b819be008 <unknown>\n#16 0x561b819be1d7 <unknown>\n#17 0x561b819d0124 <unknown>\n#18 0x7fdbd5039044 <unknown>\n\n","statusTrace":"  File \"/usr/local/lib/python3.11/site-packages/allure_commons/_allure.py\", line 192, in impl\n    return func(*a, **kw)\n           ^^^^^^^^^^^^^^\n  File \"/app/pages/item_page.py\", line 40, in add_item_to_cart\n    self.find_element(self._add_item).click()\n    ^^^^^^^^^^^^^^^^^^^^^^^^^^^^^^^^^\n  File \"/app/base/seleniumbase.py\", line 17, in find_element\n    return self.driver.find_element(*locator)\n           ^^^^^^^^^^^^^^^^^^^^^^^^^^^^^^^^^^\n  File \"/usr/local/lib/python3.11/site-packages/selenium/webdriver/remote/webdriver.py\", line 740, in find_element\n    return self.execute(Command.FIND_ELEMENT, {\"using\": by, \"value\": value})[\"value\"]\n           ^^^^^^^^^^^^^^^^^^^^^^^^^^^^^^^^^^^^^^^^^^^^^^^^^^^^^^^^^^^^^^^^^\n  File \"/usr/local/lib/python3.11/site-packages/selenium/webdriver/remote/webdriver.py\", line 346, in execute\n    self.error_handler.check_response(response)\n  File \"/usr/local/lib/python3.11/site-packages/selenium/webdriver/remote/errorhandler.py\", line 245, in check_response\n    raise exception_class(message, screen, stacktrace)\n","steps":[],"attachments":[],"parameters":[{"name":"amount","value":"206"}],"shouldDisplayMessage":true,"stepsCount":0,"attachmentsCount":0,"hasContent":true,"attachmentStep":false}],"attachments":[{"uid":"2d2c317b6be67454","name":"Screenshot","source":"2d2c317b6be67454.png","type":"image/png","size":5862},{"uid":"cd256684d3e2ed43","name":"HTML source","source":"cd256684d3e2ed43.html","type":"text/html","size":39}],"parameters":[],"shouldDisplayMessage":true,"stepsCount":1,"attachmentsCount":2,"hasContent":true,"attachmentStep":false},"afterStages":[{"name":"setup::0","time":{"start":1703293763178,"stop":1703293763178,"duration":0},"status":"passed","steps":[],"attachments":[],"parameters":[],"shouldDisplayMessage":false,"stepsCount":0,"attachmentsCount":0,"hasContent":false,"attachmentStep":false},{"name":"driver::0","time":{"start":1703293763179,"stop":1703293763236,"duration":57},"status":"passed","steps":[],"attachments":[],"parameters":[],"shouldDisplayMessage":false,"stepsCount":0,"attachmentsCount":0,"hasContent":false,"attachmentStep":false}],"labels":[{"name":"epic","value":"Delivery Page - calculation"},{"name":"tag","value":"smoke"},{"name":"tag","value":"@pytest.mark.xfail(reson='Цена доставки: 4300 9900 11440')"},{"name":"parentSuite","value":"tests.delivery"},{"name":"suite","value":"test_delivery_calculation"},{"name":"subSuite","value":"TestDeliveryPageCalculation"},{"name":"host","value":"fb60edffb2c7"},{"name":"thread","value":"1-MainThread"},{"name":"framework","value":"pytest"},{"name":"language","value":"cpython3"},{"name":"package","value":"tests.delivery.test_delivery_calculation"},{"name":"resultFormat","value":"allure2"}],"parameters":[{"name":"all_time","value":"8000"},{"name":"amount","value":"206"},{"name":"case_id","value":"'TD 023'"},{"name":"in_time","value":"7500"},{"name":"link_item","value":"'products/shtukaturka-gipsovaya-aksolit-m50-30-kg-mashinnogo-naneseniya'"},{"name":"standard","value":"3300"},{"name":"url","value":"'https://sandboxtest.stroyrem-nn.ru/'"},{"name":"weight","value":"6200"}],"links":[],"hidden":false,"retry":false,"extra":{"severity":"normal","retries":[],"categories":[],"history":{"statistic":{"failed":0,"broken":0,"skipped":115,"passed":0,"unknown":0,"total":115},"items":[{"uid":"87b98c349d6139f7","reportUrl":"https://zaelcovsky.github.io/StroyremAutomation/178//#testresult/87b98c349d6139f7","status":"skipped","statusDetails":"XFAIL\n\nselenium.common.exceptions.NoSuchElementException: Message: no such element: Unable to locate element: {\"method\":\"xpath\",\"selector\":\"(//a[@class='add-to-cart yellow-btn'])[1]\"}\n  (Session info: chrome-headless-shell=120.0.6099.109); For documentation on this error, please visit: https://www.selenium.dev/documentation/webdriver/troubleshooting/errors#no-such-element-exception\nStacktrace:\n#0 0x55ffb553bf83 <unknown>\n#1 0x55ffb51f4cf7 <unknown>\n#2 0x55ffb524499e <unknown>\n#3 0x55ffb5244aa1 <unknown>\n#4 0x55ffb528fd64 <unknown>\n#5 0x55ffb526e0dd <unknown>\n#6 0x55ffb528d006 <unknown>\n#7 0x55ffb526de53 <unknown>\n#8 0x55ffb5235dd4 <unknown>\n#9 0x55ffb52371de <unknown>\n#10 0x55ffb5500531 <unknown>\n#11 0x55ffb5504455 <unknown>\n#12 0x55ffb54ecf55 <unknown>\n#13 0x55ffb55050ef <unknown>\n#14 0x55ffb54d099f <unknown>\n#15 0x55ffb5529008 <unknown>\n#16 0x55ffb55291d7 <unknown>\n#17 0x55ffb553b124 <unknown>\n#18 0x7ff80f3f5044 <unknown>","time":{"start":1703207391313,"stop":1703207391724,"duration":411}},{"uid":"300087d99d5ffeea","reportUrl":"https://zaelcovsky.github.io/StroyremAutomation/177//#testresult/300087d99d5ffeea","status":"skipped","statusDetails":"XFAIL\n\nselenium.common.exceptions.NoSuchElementException: Message: no such element: Unable to locate element: {\"method\":\"xpath\",\"selector\":\"(//a[@class='add-to-cart yellow-btn'])[1]\"}\n  (Session info: chrome-headless-shell=120.0.6099.109); For documentation on this error, please visit: https://www.selenium.dev/documentation/webdriver/troubleshooting/errors#no-such-element-exception\nStacktrace:\n#0 0x55867d871f83 <unknown>\n#1 0x55867d52acf7 <unknown>\n#2 0x55867d57a99e <unknown>\n#3 0x55867d57aaa1 <unknown>\n#4 0x55867d5c5d64 <unknown>\n#5 0x55867d5a40dd <unknown>\n#6 0x55867d5c3006 <unknown>\n#7 0x55867d5a3e53 <unknown>\n#8 0x55867d56bdd4 <unknown>\n#9 0x55867d56d1de <unknown>\n#10 0x55867d836531 <unknown>\n#11 0x55867d83a455 <unknown>\n#12 0x55867d822f55 <unknown>\n#13 0x55867d83b0ef <unknown>\n#14 0x55867d80699f <unknown>\n#15 0x55867d85f008 <unknown>\n#16 0x55867d85f1d7 <unknown>\n#17 0x55867d871124 <unknown>\n#18 0x7fa897e1d044 <unknown>","time":{"start":1703121007603,"stop":1703121008092,"duration":489}},{"uid":"7a59b225d94fc49f","reportUrl":"https://zaelcovsky.github.io/StroyremAutomation/176//#testresult/7a59b225d94fc49f","status":"skipped","statusDetails":"XFAIL\n\nselenium.common.exceptions.NoSuchElementException: Message: no such element: Unable to locate element: {\"method\":\"xpath\",\"selector\":\"(//a[@class='add-to-cart yellow-btn'])[1]\"}\n  (Session info: chrome-headless-shell=120.0.6099.109); For documentation on this error, please visit: https://www.selenium.dev/documentation/webdriver/troubleshooting/errors#no-such-element-exception\nStacktrace:\n#0 0x5598bec45f83 <unknown>\n#1 0x5598be8fecf7 <unknown>\n#2 0x5598be94e99e <unknown>\n#3 0x5598be94eaa1 <unknown>\n#4 0x5598be999d64 <unknown>\n#5 0x5598be9780dd <unknown>\n#6 0x5598be997006 <unknown>\n#7 0x5598be977e53 <unknown>\n#8 0x5598be93fdd4 <unknown>\n#9 0x5598be9411de <unknown>\n#10 0x5598bec0a531 <unknown>\n#11 0x5598bec0e455 <unknown>\n#12 0x5598bebf6f55 <unknown>\n#13 0x5598bec0f0ef <unknown>\n#14 0x5598bebda99f <unknown>\n#15 0x5598bec33008 <unknown>\n#16 0x5598bec331d7 <unknown>\n#17 0x5598bec45124 <unknown>\n#18 0x7fbf334d3044 <unknown>","time":{"start":1703034020557,"stop":1703034020907,"duration":350}},{"uid":"c8290bdcd9c9b0ea","reportUrl":"https://zaelcovsky.github.io/StroyremAutomation/175//#testresult/c8290bdcd9c9b0ea","status":"skipped","statusDetails":"XFAIL\n\nselenium.common.exceptions.NoSuchElementException: Message: no such element: Unable to locate element: {\"method\":\"xpath\",\"selector\":\"(//a[@class='add-to-cart yellow-btn'])[1]\"}\n  (Session info: chrome-headless-shell=120.0.6099.109); For documentation on this error, please visit: https://www.selenium.dev/documentation/webdriver/troubleshooting/errors#no-such-element-exception\nStacktrace:\n#0 0x55adb41aef83 <unknown>\n#1 0x55adb3e67cf7 <unknown>\n#2 0x55adb3eb799e <unknown>\n#3 0x55adb3eb7aa1 <unknown>\n#4 0x55adb3f02d64 <unknown>\n#5 0x55adb3ee10dd <unknown>\n#6 0x55adb3f00006 <unknown>\n#7 0x55adb3ee0e53 <unknown>\n#8 0x55adb3ea8dd4 <unknown>\n#9 0x55adb3eaa1de <unknown>\n#10 0x55adb4173531 <unknown>\n#11 0x55adb4177455 <unknown>\n#12 0x55adb415ff55 <unknown>\n#13 0x55adb41780ef <unknown>\n#14 0x55adb414399f <unknown>\n#15 0x55adb419c008 <unknown>\n#16 0x55adb419c1d7 <unknown>\n#17 0x55adb41ae124 <unknown>\n#18 0x7f7d0ea9f044 <unknown>","time":{"start":1702948282668,"stop":1702948282995,"duration":327}},{"uid":"d41275622f030aca","reportUrl":"https://zaelcovsky.github.io/StroyremAutomation/174//#testresult/d41275622f030aca","status":"skipped","statusDetails":"XFAIL\n\nselenium.common.exceptions.NoSuchElementException: Message: no such element: Unable to locate element: {\"method\":\"xpath\",\"selector\":\"(//a[@class='add-to-cart yellow-btn'])[1]\"}\n  (Session info: chrome-headless-shell=120.0.6099.71); For documentation on this error, please visit: https://www.selenium.dev/documentation/webdriver/troubleshooting/errors#no-such-element-exception\nStacktrace:\n#0 0x562f0f381d33 <unknown>\n#1 0x562f0f03ef87 <unknown>\n#2 0x562f0f08ec0e <unknown>\n#3 0x562f0f08ed11 <unknown>\n#4 0x562f0f0da004 <unknown>\n#5 0x562f0f0b836d <unknown>\n#6 0x562f0f0d7297 <unknown>\n#7 0x562f0f0b80e3 <unknown>\n#8 0x562f0f080044 <unknown>\n#9 0x562f0f08144e <unknown>\n#10 0x562f0f346861 <unknown>\n#11 0x562f0f34a785 <unknown>\n#12 0x562f0f334285 <unknown>\n#13 0x562f0f34b41f <unknown>\n#14 0x562f0f31820f <unknown>\n#15 0x562f0f36f028 <unknown>\n#16 0x562f0f36f1f7 <unknown>\n#17 0x562f0f380ed4 <unknown>\n#18 0x7fc839d92044 <unknown>","time":{"start":1702861972728,"stop":1702861973200,"duration":472}},{"uid":"d99f12071c95c288","reportUrl":"https://zaelcovsky.github.io/StroyremAutomation/173//#testresult/d99f12071c95c288","status":"skipped","statusDetails":"XFAIL\n\nselenium.common.exceptions.NoSuchElementException: Message: no such element: Unable to locate element: {\"method\":\"xpath\",\"selector\":\"(//a[@class='add-to-cart yellow-btn'])[1]\"}\n  (Session info: chrome-headless-shell=120.0.6099.71); For documentation on this error, please visit: https://www.selenium.dev/documentation/webdriver/troubleshooting/errors#no-such-element-exception\nStacktrace:\n#0 0x55dd75653d33 <unknown>\n#1 0x55dd75310f87 <unknown>\n#2 0x55dd75360c0e <unknown>\n#3 0x55dd75360d11 <unknown>\n#4 0x55dd753ac004 <unknown>\n#5 0x55dd7538a36d <unknown>\n#6 0x55dd753a9297 <unknown>\n#7 0x55dd7538a0e3 <unknown>\n#8 0x55dd75352044 <unknown>\n#9 0x55dd7535344e <unknown>\n#10 0x55dd75618861 <unknown>\n#11 0x55dd7561c785 <unknown>\n#12 0x55dd75606285 <unknown>\n#13 0x55dd7561d41f <unknown>\n#14 0x55dd755ea20f <unknown>\n#15 0x55dd75641028 <unknown>\n#16 0x55dd756411f7 <unknown>\n#17 0x55dd75652ed4 <unknown>\n#18 0x7f9acbe87044 <unknown>","time":{"start":1702775779447,"stop":1702775779841,"duration":394}},{"uid":"867e055b00a272ef","reportUrl":"https://zaelcovsky.github.io/StroyremAutomation/172//#testresult/867e055b00a272ef","status":"skipped","statusDetails":"XFAIL\n\nselenium.common.exceptions.NoSuchElementException: Message: no such element: Unable to locate element: {\"method\":\"xpath\",\"selector\":\"(//a[@class='add-to-cart yellow-btn'])[1]\"}\n  (Session info: chrome-headless-shell=120.0.6099.71); For documentation on this error, please visit: https://www.selenium.dev/documentation/webdriver/troubleshooting/errors#no-such-element-exception\nStacktrace:\n#0 0x5626a834ed33 <unknown>\n#1 0x5626a800bf87 <unknown>\n#2 0x5626a805bc0e <unknown>\n#3 0x5626a805bd11 <unknown>\n#4 0x5626a80a7004 <unknown>\n#5 0x5626a808536d <unknown>\n#6 0x5626a80a4297 <unknown>\n#7 0x5626a80850e3 <unknown>\n#8 0x5626a804d044 <unknown>\n#9 0x5626a804e44e <unknown>\n#10 0x5626a8313861 <unknown>\n#11 0x5626a8317785 <unknown>\n#12 0x5626a8301285 <unknown>\n#13 0x5626a831841f <unknown>\n#14 0x5626a82e520f <unknown>\n#15 0x5626a833c028 <unknown>\n#16 0x5626a833c1f7 <unknown>\n#17 0x5626a834ded4 <unknown>\n#18 0x7f02085ae044 <unknown>","time":{"start":1702689056008,"stop":1702689056490,"duration":482}},{"uid":"1a941d43297bbe47","reportUrl":"https://zaelcovsky.github.io/StroyremAutomation/171//#testresult/1a941d43297bbe47","status":"skipped","statusDetails":"XFAIL\n\nselenium.common.exceptions.NoSuchElementException: Message: no such element: Unable to locate element: {\"method\":\"xpath\",\"selector\":\"(//a[@class='add-to-cart yellow-btn'])[1]\"}\n  (Session info: chrome-headless-shell=120.0.6099.71); For documentation on this error, please visit: https://www.selenium.dev/documentation/webdriver/troubleshooting/errors#no-such-element-exception\nStacktrace:\n#0 0x55b81f9dbd33 <unknown>\n#1 0x55b81f698f87 <unknown>\n#2 0x55b81f6e8c0e <unknown>\n#3 0x55b81f6e8d11 <unknown>\n#4 0x55b81f734004 <unknown>\n#5 0x55b81f71236d <unknown>\n#6 0x55b81f731297 <unknown>\n#7 0x55b81f7120e3 <unknown>\n#8 0x55b81f6da044 <unknown>\n#9 0x55b81f6db44e <unknown>\n#10 0x55b81f9a0861 <unknown>\n#11 0x55b81f9a4785 <unknown>\n#12 0x55b81f98e285 <unknown>\n#13 0x55b81f9a541f <unknown>\n#14 0x55b81f97220f <unknown>\n#15 0x55b81f9c9028 <unknown>\n#16 0x55b81f9c91f7 <unknown>\n#17 0x55b81f9daed4 <unknown>\n#18 0x7f1a57734044 <unknown>","time":{"start":1702602878951,"stop":1702602879409,"duration":458}},{"uid":"12ed87eadccb690b","reportUrl":"https://zaelcovsky.github.io/StroyremAutomation/170//#testresult/12ed87eadccb690b","status":"skipped","statusDetails":"XFAIL\n\nselenium.common.exceptions.NoSuchElementException: Message: no such element: Unable to locate element: {\"method\":\"xpath\",\"selector\":\"(//a[@class='add-to-cart yellow-btn'])[1]\"}\n  (Session info: chrome-headless-shell=120.0.6099.71); For documentation on this error, please visit: https://www.selenium.dev/documentation/webdriver/troubleshooting/errors#no-such-element-exception\nStacktrace:\n#0 0x555e6ef69d33 <unknown>\n#1 0x555e6ec26f87 <unknown>\n#2 0x555e6ec76c0e <unknown>\n#3 0x555e6ec76d11 <unknown>\n#4 0x555e6ecc2004 <unknown>\n#5 0x555e6eca036d <unknown>\n#6 0x555e6ecbf297 <unknown>\n#7 0x555e6eca00e3 <unknown>\n#8 0x555e6ec68044 <unknown>\n#9 0x555e6ec6944e <unknown>\n#10 0x555e6ef2e861 <unknown>\n#11 0x555e6ef32785 <unknown>\n#12 0x555e6ef1c285 <unknown>\n#13 0x555e6ef3341f <unknown>\n#14 0x555e6ef0020f <unknown>\n#15 0x555e6ef57028 <unknown>\n#16 0x555e6ef571f7 <unknown>\n#17 0x555e6ef68ed4 <unknown>\n#18 0x7f546c5c6044 <unknown>","time":{"start":1702516242100,"stop":1702516242551,"duration":451}},{"uid":"3d684ee75bacb031","reportUrl":"https://zaelcovsky.github.io/StroyremAutomation/169//#testresult/3d684ee75bacb031","status":"skipped","statusDetails":"XFAIL\n\nselenium.common.exceptions.NoSuchElementException: Message: no such element: Unable to locate element: {\"method\":\"xpath\",\"selector\":\"(//a[@class='add-to-cart yellow-btn'])[1]\"}\n  (Session info: chrome-headless-shell=120.0.6099.71); For documentation on this error, please visit: https://www.selenium.dev/documentation/webdriver/troubleshooting/errors#no-such-element-exception\nStacktrace:\n#0 0x56497b897d33 <unknown>\n#1 0x56497b554f87 <unknown>\n#2 0x56497b5a4c0e <unknown>\n#3 0x56497b5a4d11 <unknown>\n#4 0x56497b5f0004 <unknown>\n#5 0x56497b5ce36d <unknown>\n#6 0x56497b5ed297 <unknown>\n#7 0x56497b5ce0e3 <unknown>\n#8 0x56497b596044 <unknown>\n#9 0x56497b59744e <unknown>\n#10 0x56497b85c861 <unknown>\n#11 0x56497b860785 <unknown>\n#12 0x56497b84a285 <unknown>\n#13 0x56497b86141f <unknown>\n#14 0x56497b82e20f <unknown>\n#15 0x56497b885028 <unknown>\n#16 0x56497b8851f7 <unknown>\n#17 0x56497b896ed4 <unknown>\n#18 0x7fc3db7bd044 <unknown>","time":{"start":1702429879792,"stop":1702429880296,"duration":504}},{"uid":"d25be03edf4faf21","reportUrl":"https://zaelcovsky.github.io/StroyremAutomation/168//#testresult/d25be03edf4faf21","status":"skipped","statusDetails":"XFAIL\n\nselenium.common.exceptions.NoSuchElementException: Message: no such element: Unable to locate element: {\"method\":\"xpath\",\"selector\":\"(//a[@class='add-to-cart yellow-btn'])[1]\"}\n  (Session info: chrome-headless-shell=120.0.6099.71); For documentation on this error, please visit: https://www.selenium.dev/documentation/webdriver/troubleshooting/errors#no-such-element-exception\nStacktrace:\n#0 0x555b91ff9d33 <unknown>\n#1 0x555b91cb6f87 <unknown>\n#2 0x555b91d06c0e <unknown>\n#3 0x555b91d06d11 <unknown>\n#4 0x555b91d52004 <unknown>\n#5 0x555b91d3036d <unknown>\n#6 0x555b91d4f297 <unknown>\n#7 0x555b91d300e3 <unknown>\n#8 0x555b91cf8044 <unknown>\n#9 0x555b91cf944e <unknown>\n#10 0x555b91fbe861 <unknown>\n#11 0x555b91fc2785 <unknown>\n#12 0x555b91fac285 <unknown>\n#13 0x555b91fc341f <unknown>\n#14 0x555b91f9020f <unknown>\n#15 0x555b91fe7028 <unknown>\n#16 0x555b91fe71f7 <unknown>\n#17 0x555b91ff8ed4 <unknown>\n#18 0x7fed2c29d044 <unknown>","time":{"start":1702343622707,"stop":1702343623145,"duration":438}},{"uid":"b11028d10644aa9e","reportUrl":"https://zaelcovsky.github.io/StroyremAutomation/167//#testresult/b11028d10644aa9e","status":"skipped","statusDetails":"XFAIL\n\nselenium.common.exceptions.NoSuchElementException: Message: no such element: Unable to locate element: {\"method\":\"xpath\",\"selector\":\"(//a[@class='add-to-cart yellow-btn'])[1]\"}\n  (Session info: chrome-headless-shell=120.0.6099.71); For documentation on this error, please visit: https://www.selenium.dev/documentation/webdriver/troubleshooting/errors#no-such-element-exception\nStacktrace:\n#0 0x564c564e5d33 <unknown>\n#1 0x564c561a2f87 <unknown>\n#2 0x564c561f2c0e <unknown>\n#3 0x564c561f2d11 <unknown>\n#4 0x564c5623e004 <unknown>\n#5 0x564c5621c36d <unknown>\n#6 0x564c5623b297 <unknown>\n#7 0x564c5621c0e3 <unknown>\n#8 0x564c561e4044 <unknown>\n#9 0x564c561e544e <unknown>\n#10 0x564c564aa861 <unknown>\n#11 0x564c564ae785 <unknown>\n#12 0x564c56498285 <unknown>\n#13 0x564c564af41f <unknown>\n#14 0x564c5647c20f <unknown>\n#15 0x564c564d3028 <unknown>\n#16 0x564c564d31f7 <unknown>\n#17 0x564c564e4ed4 <unknown>\n#18 0x7f193f8ba044 <unknown>","time":{"start":1702257244966,"stop":1702257245419,"duration":453}},{"uid":"f8147edf42508b29","reportUrl":"https://zaelcovsky.github.io/StroyremAutomation/166//#testresult/f8147edf42508b29","status":"skipped","statusDetails":"XFAIL\n\nselenium.common.exceptions.NoSuchElementException: Message: no such element: Unable to locate element: {\"method\":\"xpath\",\"selector\":\"(//a[@class='add-to-cart yellow-btn'])[1]\"}\n  (Session info: chrome-headless-shell=120.0.6099.71); For documentation on this error, please visit: https://www.selenium.dev/documentation/webdriver/troubleshooting/errors#no-such-element-exception\nStacktrace:\n#0 0x55ed64ffcd33 <unknown>\n#1 0x55ed64cb9f87 <unknown>\n#2 0x55ed64d09c0e <unknown>\n#3 0x55ed64d09d11 <unknown>\n#4 0x55ed64d55004 <unknown>\n#5 0x55ed64d3336d <unknown>\n#6 0x55ed64d52297 <unknown>\n#7 0x55ed64d330e3 <unknown>\n#8 0x55ed64cfb044 <unknown>\n#9 0x55ed64cfc44e <unknown>\n#10 0x55ed64fc1861 <unknown>\n#11 0x55ed64fc5785 <unknown>\n#12 0x55ed64faf285 <unknown>\n#13 0x55ed64fc641f <unknown>\n#14 0x55ed64f9320f <unknown>\n#15 0x55ed64fea028 <unknown>\n#16 0x55ed64fea1f7 <unknown>\n#17 0x55ed64ffbed4 <unknown>\n#18 0x7f598d38e044 <unknown>","time":{"start":1702170945208,"stop":1702170945590,"duration":382}},{"uid":"7c97d104d8d951cd","reportUrl":"https://zaelcovsky.github.io/StroyremAutomation/165//#testresult/7c97d104d8d951cd","status":"skipped","statusDetails":"XFAIL\n\nselenium.common.exceptions.NoSuchElementException: Message: no such element: Unable to locate element: {\"method\":\"xpath\",\"selector\":\"(//a[@class='add-to-cart yellow-btn'])[1]\"}\n  (Session info: chrome-headless-shell=120.0.6099.71); For documentation on this error, please visit: https://www.selenium.dev/documentation/webdriver/troubleshooting/errors#no-such-element-exception\nStacktrace:\n#0 0x55fe6ff36d33 <unknown>\n#1 0x55fe6fbf3f87 <unknown>\n#2 0x55fe6fc43c0e <unknown>\n#3 0x55fe6fc43d11 <unknown>\n#4 0x55fe6fc8f004 <unknown>\n#5 0x55fe6fc6d36d <unknown>\n#6 0x55fe6fc8c297 <unknown>\n#7 0x55fe6fc6d0e3 <unknown>\n#8 0x55fe6fc35044 <unknown>\n#9 0x55fe6fc3644e <unknown>\n#10 0x55fe6fefb861 <unknown>\n#11 0x55fe6feff785 <unknown>\n#12 0x55fe6fee9285 <unknown>\n#13 0x55fe6ff0041f <unknown>\n#14 0x55fe6fecd20f <unknown>\n#15 0x55fe6ff24028 <unknown>\n#16 0x55fe6ff241f7 <unknown>\n#17 0x55fe6ff35ed4 <unknown>\n#18 0x7faf569be044 <unknown>","time":{"start":1702084209213,"stop":1702084209521,"duration":308}},{"uid":"8cb160bebe10256a","reportUrl":"https://zaelcovsky.github.io/StroyremAutomation/164//#testresult/8cb160bebe10256a","status":"skipped","statusDetails":"XFAIL\n\nselenium.common.exceptions.NoSuchElementException: Message: no such element: Unable to locate element: {\"method\":\"xpath\",\"selector\":\"(//a[@class='add-to-cart yellow-btn'])[1]\"}\n  (Session info: chrome-headless-shell=120.0.6099.71); For documentation on this error, please visit: https://www.selenium.dev/documentation/webdriver/troubleshooting/errors#no-such-element-exception\nStacktrace:\n#0 0x558ea9cc7d33 <unknown>\n#1 0x558ea9984f87 <unknown>\n#2 0x558ea99d4c0e <unknown>\n#3 0x558ea99d4d11 <unknown>\n#4 0x558ea9a20004 <unknown>\n#5 0x558ea99fe36d <unknown>\n#6 0x558ea9a1d297 <unknown>\n#7 0x558ea99fe0e3 <unknown>\n#8 0x558ea99c6044 <unknown>\n#9 0x558ea99c744e <unknown>\n#10 0x558ea9c8c861 <unknown>\n#11 0x558ea9c90785 <unknown>\n#12 0x558ea9c7a285 <unknown>\n#13 0x558ea9c9141f <unknown>\n#14 0x558ea9c5e20f <unknown>\n#15 0x558ea9cb5028 <unknown>\n#16 0x558ea9cb51f7 <unknown>\n#17 0x558ea9cc6ed4 <unknown>\n#18 0x7f51b9fd4044 <unknown>","time":{"start":1701998022129,"stop":1701998022717,"duration":588}},{"uid":"e3fd52b21581884e","reportUrl":"https://zaelcovsky.github.io/StroyremAutomation/163//#testresult/e3fd52b21581884e","status":"skipped","statusDetails":"XFAIL\n\nselenium.common.exceptions.NoSuchElementException: Message: no such element: Unable to locate element: {\"method\":\"xpath\",\"selector\":\"(//a[@class='add-to-cart yellow-btn'])[1]\"}\n  (Session info: chrome-headless-shell=120.0.6099.71); For documentation on this error, please visit: https://www.selenium.dev/documentation/webdriver/troubleshooting/errors#no-such-element-exception\nStacktrace:\n#0 0x557799f7ad33 <unknown>\n#1 0x557799c37f87 <unknown>\n#2 0x557799c87c0e <unknown>\n#3 0x557799c87d11 <unknown>\n#4 0x557799cd3004 <unknown>\n#5 0x557799cb136d <unknown>\n#6 0x557799cd0297 <unknown>\n#7 0x557799cb10e3 <unknown>\n#8 0x557799c79044 <unknown>\n#9 0x557799c7a44e <unknown>\n#10 0x557799f3f861 <unknown>\n#11 0x557799f43785 <unknown>\n#12 0x557799f2d285 <unknown>\n#13 0x557799f4441f <unknown>\n#14 0x557799f1120f <unknown>\n#15 0x557799f68028 <unknown>\n#16 0x557799f681f7 <unknown>\n#17 0x557799f79ed4 <unknown>\n#18 0x7f511b5c3044 <unknown>","time":{"start":1701911585791,"stop":1701911586301,"duration":510}},{"uid":"4836cbb77cac66fc","reportUrl":"https://zaelcovsky.github.io/StroyremAutomation/162//#testresult/4836cbb77cac66fc","status":"skipped","statusDetails":"XFAIL\n\nselenium.common.exceptions.NoSuchElementException: Message: no such element: Unable to locate element: {\"method\":\"xpath\",\"selector\":\"(//a[@class='add-to-cart yellow-btn'])[1]\"}\n  (Session info: chrome-headless-shell=120.0.6099.62); For documentation on this error, please visit: https://www.selenium.dev/documentation/webdriver/troubleshooting/errors#no-such-element-exception\nStacktrace:\n#0 0x56139b290dc3 <unknown>\n#1 0x56139af4df87 <unknown>\n#2 0x56139af9dc0e <unknown>\n#3 0x56139af9dd11 <unknown>\n#4 0x56139afe9004 <unknown>\n#5 0x56139afc736d <unknown>\n#6 0x56139afe6297 <unknown>\n#7 0x56139afc70e3 <unknown>\n#8 0x56139af8f044 <unknown>\n#9 0x56139af9044e <unknown>\n#10 0x56139b2558f1 <unknown>\n#11 0x56139b259815 <unknown>\n#12 0x56139b243315 <unknown>\n#13 0x56139b25a4af <unknown>\n#14 0x56139b22729f <unknown>\n#15 0x56139b27e0b8 <unknown>\n#16 0x56139b27e287 <unknown>\n#17 0x56139b28ff64 <unknown>\n#18 0x7f7855ec4044 <unknown>","time":{"start":1701825216641,"stop":1701825217081,"duration":440}},{"uid":"57ace282f72818a","reportUrl":"https://zaelcovsky.github.io/StroyremAutomation/161//#testresult/57ace282f72818a","status":"skipped","statusDetails":"XFAIL\n\nselenium.common.exceptions.NoSuchElementException: Message: no such element: Unable to locate element: {\"method\":\"xpath\",\"selector\":\"(//a[@class='add-to-cart yellow-btn'])[1]\"}\n  (Session info: headless chrome=119.0.6045.105); For documentation on this error, please visit: https://www.selenium.dev/documentation/webdriver/troubleshooting/errors#no-such-element-exception\nStacktrace:\n#0 0x55d970f715e3 <unknown>\n#1 0x55d970c340b7 <unknown>\n#2 0x55d970c81f53 <unknown>\n#3 0x55d970c82051 <unknown>\n#4 0x55d970cc79c4 <unknown>\n#5 0x55d970ca8f1d <unknown>\n#6 0x55d970cc4b3d <unknown>\n#7 0x55d970ca8cc3 <unknown>\n#8 0x55d970c740e4 <unknown>\n#9 0x55d970c750ae <unknown>\n#10 0x55d970f37ce1 <unknown>\n#11 0x55d970f3bb7e <unknown>\n#12 0x55d970f254b5 <unknown>\n#13 0x55d970f3c7d6 <unknown>\n#14 0x55d970f08dbf <unknown>\n#15 0x55d970f5f748 <unknown>\n#16 0x55d970f5f917 <unknown>\n#17 0x55d970f70773 <unknown>\n#18 0x7f7d6b308044 <unknown>","time":{"start":1701738724375,"stop":1701738724730,"duration":355}},{"uid":"c39fee55a79bc694","reportUrl":"https://zaelcovsky.github.io/StroyremAutomation/160//#testresult/c39fee55a79bc694","status":"skipped","statusDetails":"XFAIL\n\nselenium.common.exceptions.NoSuchElementException: Message: no such element: Unable to locate element: {\"method\":\"xpath\",\"selector\":\"//input[@class='amount']\"}\n  (Session info: headless chrome=119.0.6045.105); For documentation on this error, please visit: https://www.selenium.dev/documentation/webdriver/troubleshooting/errors#no-such-element-exception\nStacktrace:\n#0 0x55e0c70d75e3 <unknown>\n#1 0x55e0c6d9a0b7 <unknown>\n#2 0x55e0c6de7f53 <unknown>\n#3 0x55e0c6de8051 <unknown>\n#4 0x55e0c6e2d9c4 <unknown>\n#5 0x55e0c6e0ef1d <unknown>\n#6 0x55e0c6e2ab3d <unknown>\n#7 0x55e0c6e0ecc3 <unknown>\n#8 0x55e0c6dda0e4 <unknown>\n#9 0x55e0c6ddb0ae <unknown>\n#10 0x55e0c709dce1 <unknown>\n#11 0x55e0c70a1b7e <unknown>\n#12 0x55e0c708b4b5 <unknown>\n#13 0x55e0c70a27d6 <unknown>\n#14 0x55e0c706edbf <unknown>\n#15 0x55e0c70c5748 <unknown>\n#16 0x55e0c70c5917 <unknown>\n#17 0x55e0c70d6773 <unknown>\n#18 0x7fd9ec2e7044 <unknown>","time":{"start":1701652469606,"stop":1701652474065,"duration":4459}},{"uid":"8d905dbbb7314c3e","reportUrl":"https://zaelcovsky.github.io/StroyremAutomation/159//#testresult/8d905dbbb7314c3e","status":"skipped","statusDetails":"XFAIL\n\nselenium.common.exceptions.NoSuchElementException: Message: no such element: Unable to locate element: {\"method\":\"xpath\",\"selector\":\"//input[@class='amount']\"}\n  (Session info: headless chrome=119.0.6045.105); For documentation on this error, please visit: https://www.selenium.dev/documentation/webdriver/troubleshooting/errors#no-such-element-exception\nStacktrace:\n#0 0x55cce8f6c5e3 <unknown>\n#1 0x55cce8c2f0b7 <unknown>\n#2 0x55cce8c7cf53 <unknown>\n#3 0x55cce8c7d051 <unknown>\n#4 0x55cce8cc29c4 <unknown>\n#5 0x55cce8ca3f1d <unknown>\n#6 0x55cce8cbfb3d <unknown>\n#7 0x55cce8ca3cc3 <unknown>\n#8 0x55cce8c6f0e4 <unknown>\n#9 0x55cce8c700ae <unknown>\n#10 0x55cce8f32ce1 <unknown>\n#11 0x55cce8f36b7e <unknown>\n#12 0x55cce8f204b5 <unknown>\n#13 0x55cce8f377d6 <unknown>\n#14 0x55cce8f03dbf <unknown>\n#15 0x55cce8f5a748 <unknown>\n#16 0x55cce8f5a917 <unknown>\n#17 0x55cce8f6b773 <unknown>\n#18 0x7fd5f62af044 <unknown>","time":{"start":1701566214059,"stop":1701566217763,"duration":3704}}]},"tags":["smoke","@pytest.mark.xfail(reson='Цена доставки: 4300 9900 11440')"]},"source":"f23d29c8fd5349c6.json","parameterValues":["8000","206","'TD 023'","7500","'products/shtukaturka-gipsovaya-aksolit-m50-30-kg-mashinnogo-naneseniya'","3300","'https://sandboxtest.stroyrem-nn.ru/'","6200"]}