{"uid":"eae3f5b17bd41332","name":"TC 017 - Проверка функциональности ссылки 'Отзывы'","fullName":"tests.test_main_page.TestMainPage#test_positive_footer_reviews_smoke","historyId":"d9ed52a16c54f0848dec2065e85f77ae","time":{"start":1708995823902,"stop":1708995823915,"duration":13},"status":"skipped","statusMessage":"XFAIL При переходе на страницу отзывов может предложено пройти капчу\n\nselenium.common.exceptions.NoSuchElementException: Message: no such element: Unable to locate element: {\"method\":\"xpath\",\"selector\":\"(//a[contains(text(), 'Отзывы')])[3]\"}\n  (Session info: chrome-headless-shell=122.0.6261.69); For documentation on this error, please visit: https://www.selenium.dev/documentation/webdriver/troubleshooting/errors#no-such-element-exception\nStacktrace:\n#0 0x558a58c80793 <unknown>\n#1 0x558a589741c6 <unknown>\n#2 0x558a589bf358 <unknown>\n#3 0x558a589bf411 <unknown>\n#4 0x558a58a02934 <unknown>\n#5 0x558a589e13fd <unknown>\n#6 0x558a589ffdd9 <unknown>\n#7 0x558a589e1173 <unknown>\n#8 0x558a589b22d3 <unknown>\n#9 0x558a589b2c9e <unknown>\n#10 0x558a58c448cb <unknown>\n#11 0x558a58c48745 <unknown>\n#12 0x558a58c312e1 <unknown>\n#13 0x558a58c492d2 <unknown>\n#14 0x558a58c1517f <unknown>\n#15 0x558a58c6edc8 <unknown>\n#16 0x558a58c6efc3 <unknown>\n#17 0x558a58c7f944 <unknown>\n#18 0x7f6b98efc134 <unknown>","statusTrace":"self = <tests.test_main_page.TestMainPage object at 0x7fbba4120790>\nmain_page = <pages.main_page.MainPage object at 0x7fbba3596710>\n\n    @allure.feature(\"Footer functionality\")\n    @allure.title(\"TC 017 - Проверка функциональности ссылки 'Отзывы'\")\n    @pytest.mark.xfail(reason=\"При переходе на страницу отзывов может предложено пройти капчу\")\n    @pytest.mark.smoke_test\n    def test_positive_footer_reviews_smoke(self, main_page):\n>       title = main_page.check_reviews_link()\n\ntests/test_main_page.py:153: \n_ _ _ _ _ _ _ _ _ _ _ _ _ _ _ _ _ _ _ _ _ _ _ _ _ _ _ _ _ _ _ _ _ _ _ _ _ _ _ _ \npages/main_page.py:180: in check_reviews_link\n    self.driver.find_element(*self._reviews_link).click()\n/usr/local/lib/python3.11/site-packages/selenium/webdriver/remote/webdriver.py:740: in find_element\n    return self.execute(Command.FIND_ELEMENT, {\"using\": by, \"value\": value})[\"value\"]\n/usr/local/lib/python3.11/site-packages/selenium/webdriver/remote/webdriver.py:346: in execute\n    self.error_handler.check_response(response)\n_ _ _ _ _ _ _ _ _ _ _ _ _ _ _ _ _ _ _ _ _ _ _ _ _ _ _ _ _ _ _ _ _ _ _ _ _ _ _ _ \n\nself = <selenium.webdriver.remote.errorhandler.ErrorHandler object at 0x7fbba3a59050>\nresponse = {'status': 404, 'value': '{\"value\":{\"error\":\"no such element\",\"message\":\"no such element: Unable to locate element: {\\...\\\\n#16 0x558a58c6efc3 \\\\u003Cunknown>\\\\n#17 0x558a58c7f944 \\\\u003Cunknown>\\\\n#18 0x7f6b98efc134 \\\\u003Cunknown>\\\\n\"}}'}\n\n    def check_response(self, response: Dict[str, Any]) -> None:\n        \"\"\"Checks that a JSON response from the WebDriver does not have an\n        error.\n    \n        :Args:\n         - response - The JSON response from the WebDriver server as a dictionary\n           object.\n    \n        :Raises: If the response contains an error message.\n        \"\"\"\n        status = response.get(\"status\", None)\n        if not status or status == ErrorCode.SUCCESS:\n            return\n        value = None\n        message = response.get(\"message\", \"\")\n        screen: str = response.get(\"screen\", \"\")\n        stacktrace = None\n        if isinstance(status, int):\n            value_json = response.get(\"value\", None)\n            if value_json and isinstance(value_json, str):\n                import json\n    \n                try:\n                    value = json.loads(value_json)\n                    if len(value) == 1:\n                        value = value[\"value\"]\n                    status = value.get(\"error\", None)\n                    if not status:\n                        status = value.get(\"status\", ErrorCode.UNKNOWN_ERROR)\n                        message = value.get(\"value\") or value.get(\"message\")\n                        if not isinstance(message, str):\n                            value = message\n                            message = message.get(\"message\")\n                    else:\n                        message = value.get(\"message\", None)\n                except ValueError:\n                    pass\n    \n        exception_class: Type[WebDriverException]\n        if status in ErrorCode.NO_SUCH_ELEMENT:\n            exception_class = NoSuchElementException\n        elif status in ErrorCode.NO_SUCH_FRAME:\n            exception_class = NoSuchFrameException\n        elif status in ErrorCode.NO_SUCH_SHADOW_ROOT:\n            exception_class = NoSuchShadowRootException\n        elif status in ErrorCode.NO_SUCH_WINDOW:\n            exception_class = NoSuchWindowException\n        elif status in ErrorCode.STALE_ELEMENT_REFERENCE:\n            exception_class = StaleElementReferenceException\n        elif status in ErrorCode.ELEMENT_NOT_VISIBLE:\n            exception_class = ElementNotVisibleException\n        elif status in ErrorCode.INVALID_ELEMENT_STATE:\n            exception_class = InvalidElementStateException\n        elif (\n            status in ErrorCode.INVALID_SELECTOR\n            or status in ErrorCode.INVALID_XPATH_SELECTOR\n            or status in ErrorCode.INVALID_XPATH_SELECTOR_RETURN_TYPER\n        ):\n            exception_class = InvalidSelectorException\n        elif status in ErrorCode.ELEMENT_IS_NOT_SELECTABLE:\n            exception_class = ElementNotSelectableException\n        elif status in ErrorCode.ELEMENT_NOT_INTERACTABLE:\n            exception_class = ElementNotInteractableException\n        elif status in ErrorCode.INVALID_COOKIE_DOMAIN:\n            exception_class = InvalidCookieDomainException\n        elif status in ErrorCode.UNABLE_TO_SET_COOKIE:\n            exception_class = UnableToSetCookieException\n        elif status in ErrorCode.TIMEOUT:\n            exception_class = TimeoutException\n        elif status in ErrorCode.SCRIPT_TIMEOUT:\n            exception_class = TimeoutException\n        elif status in ErrorCode.UNKNOWN_ERROR:\n            exception_class = WebDriverException\n        elif status in ErrorCode.UNEXPECTED_ALERT_OPEN:\n            exception_class = UnexpectedAlertPresentException\n        elif status in ErrorCode.NO_ALERT_OPEN:\n            exception_class = NoAlertPresentException\n        elif status in ErrorCode.IME_NOT_AVAILABLE:\n            exception_class = ImeNotAvailableException\n        elif status in ErrorCode.IME_ENGINE_ACTIVATION_FAILED:\n            exception_class = ImeActivationFailedException\n        elif status in ErrorCode.MOVE_TARGET_OUT_OF_BOUNDS:\n            exception_class = MoveTargetOutOfBoundsException\n        elif status in ErrorCode.JAVASCRIPT_ERROR:\n            exception_class = JavascriptException\n        elif status in ErrorCode.SESSION_NOT_CREATED:\n            exception_class = SessionNotCreatedException\n        elif status in ErrorCode.INVALID_ARGUMENT:\n            exception_class = InvalidArgumentException\n        elif status in ErrorCode.NO_SUCH_COOKIE:\n            exception_class = NoSuchCookieException\n        elif status in ErrorCode.UNABLE_TO_CAPTURE_SCREEN:\n            exception_class = ScreenshotException\n        elif status in ErrorCode.ELEMENT_CLICK_INTERCEPTED:\n            exception_class = ElementClickInterceptedException\n        elif status in ErrorCode.INSECURE_CERTIFICATE:\n            exception_class = InsecureCertificateException\n        elif status in ErrorCode.INVALID_COORDINATES:\n            exception_class = InvalidCoordinatesException\n        elif status in ErrorCode.INVALID_SESSION_ID:\n            exception_class = InvalidSessionIdException\n        elif status in ErrorCode.UNKNOWN_METHOD:\n            exception_class = UnknownMethodException\n        else:\n            exception_class = WebDriverException\n        if not value:\n            value = response[\"value\"]\n        if isinstance(value, str):\n            raise exception_class(value)\n        if message == \"\" and \"message\" in value:\n            message = value[\"message\"]\n    \n        screen = None  # type: ignore[assignment]\n        if \"screen\" in value:\n            screen = value[\"screen\"]\n    \n        stacktrace = None\n        st_value = value.get(\"stackTrace\") or value.get(\"stacktrace\")\n        if st_value:\n            if isinstance(st_value, str):\n                stacktrace = st_value.split(\"\\n\")\n            else:\n                stacktrace = []\n                try:\n                    for frame in st_value:\n                        line = frame.get(\"lineNumber\", \"\")\n                        file = frame.get(\"fileName\", \"<anonymous>\")\n                        if line:\n                            file = f\"{file}:{line}\"\n                        meth = frame.get(\"methodName\", \"<anonymous>\")\n                        if \"className\" in frame:\n                            meth = f\"{frame['className']}.{meth}\"\n                        msg = \"    at %s (%s)\"\n                        msg = msg % (meth, file)\n                        stacktrace.append(msg)\n                except TypeError:\n                    pass\n        if exception_class == UnexpectedAlertPresentException:\n            alert_text = None\n            if \"data\" in value:\n                alert_text = value[\"data\"].get(\"text\")\n            elif \"alert\" in value:\n                alert_text = value[\"alert\"].get(\"text\")\n            raise exception_class(message, screen, stacktrace, alert_text)  # type: ignore[call-arg]  # mypy is not smart enough here\n>       raise exception_class(message, screen, stacktrace)\nE       selenium.common.exceptions.NoSuchElementException: Message: no such element: Unable to locate element: {\"method\":\"xpath\",\"selector\":\"(//a[contains(text(), 'Отзывы')])[3]\"}\nE         (Session info: chrome-headless-shell=122.0.6261.69); For documentation on this error, please visit: https://www.selenium.dev/documentation/webdriver/troubleshooting/errors#no-such-element-exception\nE       Stacktrace:\nE       #0 0x558a58c80793 <unknown>\nE       #1 0x558a589741c6 <unknown>\nE       #2 0x558a589bf358 <unknown>\nE       #3 0x558a589bf411 <unknown>\nE       #4 0x558a58a02934 <unknown>\nE       #5 0x558a589e13fd <unknown>\nE       #6 0x558a589ffdd9 <unknown>\nE       #7 0x558a589e1173 <unknown>\nE       #8 0x558a589b22d3 <unknown>\nE       #9 0x558a589b2c9e <unknown>\nE       #10 0x558a58c448cb <unknown>\nE       #11 0x558a58c48745 <unknown>\nE       #12 0x558a58c312e1 <unknown>\nE       #13 0x558a58c492d2 <unknown>\nE       #14 0x558a58c1517f <unknown>\nE       #15 0x558a58c6edc8 <unknown>\nE       #16 0x558a58c6efc3 <unknown>\nE       #17 0x558a58c7f944 <unknown>\nE       #18 0x7f6b98efc134 <unknown>\n\n/usr/local/lib/python3.11/site-packages/selenium/webdriver/remote/errorhandler.py:245: NoSuchElementException","flaky":false,"newFailed":false,"newBroken":false,"newPassed":false,"retriesCount":0,"retriesStatusChange":false,"beforeStages":[{"name":"_session_faker","time":{"start":1708995590183,"stop":1708995590259,"duration":76},"status":"passed","steps":[],"attachments":[],"parameters":[],"shouldDisplayMessage":false,"stepsCount":0,"attachmentsCount":0,"hasContent":false,"attachmentStep":false},{"name":"clear_allure_results_folder","time":{"start":1708995590259,"stop":1708995590259,"duration":0},"status":"passed","steps":[],"attachments":[],"parameters":[],"shouldDisplayMessage":false,"stepsCount":0,"attachmentsCount":0,"hasContent":false,"attachmentStep":false},{"name":"driver","time":{"start":1708995822650,"stop":1708995823384,"duration":734},"status":"passed","steps":[],"attachments":[],"parameters":[],"shouldDisplayMessage":false,"stepsCount":0,"attachmentsCount":0,"hasContent":false,"attachmentStep":false},{"name":"setup","time":{"start":1708995823384,"stop":1708995823384,"duration":0},"status":"passed","steps":[],"attachments":[],"parameters":[],"shouldDisplayMessage":false,"stepsCount":0,"attachmentsCount":0,"hasContent":false,"attachmentStep":false},{"name":"main_page","time":{"start":1708995823384,"stop":1708995823901,"duration":517},"status":"passed","steps":[],"attachments":[],"parameters":[],"shouldDisplayMessage":false,"stepsCount":0,"attachmentsCount":0,"hasContent":false,"attachmentStep":false}],"testStage":{"status":"skipped","statusMessage":"XFAIL При переходе на страницу отзывов может предложено пройти капчу\n\nselenium.common.exceptions.NoSuchElementException: Message: no such element: Unable to locate element: {\"method\":\"xpath\",\"selector\":\"(//a[contains(text(), 'Отзывы')])[3]\"}\n  (Session info: chrome-headless-shell=122.0.6261.69); For documentation on this error, please visit: https://www.selenium.dev/documentation/webdriver/troubleshooting/errors#no-such-element-exception\nStacktrace:\n#0 0x558a58c80793 <unknown>\n#1 0x558a589741c6 <unknown>\n#2 0x558a589bf358 <unknown>\n#3 0x558a589bf411 <unknown>\n#4 0x558a58a02934 <unknown>\n#5 0x558a589e13fd <unknown>\n#6 0x558a589ffdd9 <unknown>\n#7 0x558a589e1173 <unknown>\n#8 0x558a589b22d3 <unknown>\n#9 0x558a589b2c9e <unknown>\n#10 0x558a58c448cb <unknown>\n#11 0x558a58c48745 <unknown>\n#12 0x558a58c312e1 <unknown>\n#13 0x558a58c492d2 <unknown>\n#14 0x558a58c1517f <unknown>\n#15 0x558a58c6edc8 <unknown>\n#16 0x558a58c6efc3 <unknown>\n#17 0x558a58c7f944 <unknown>\n#18 0x7f6b98efc134 <unknown>","statusTrace":"self = <tests.test_main_page.TestMainPage object at 0x7fbba4120790>\nmain_page = <pages.main_page.MainPage object at 0x7fbba3596710>\n\n    @allure.feature(\"Footer functionality\")\n    @allure.title(\"TC 017 - Проверка функциональности ссылки 'Отзывы'\")\n    @pytest.mark.xfail(reason=\"При переходе на страницу отзывов может предложено пройти капчу\")\n    @pytest.mark.smoke_test\n    def test_positive_footer_reviews_smoke(self, main_page):\n>       title = main_page.check_reviews_link()\n\ntests/test_main_page.py:153: \n_ _ _ _ _ _ _ _ _ _ _ _ _ _ _ _ _ _ _ _ _ _ _ _ _ _ _ _ _ _ _ _ _ _ _ _ _ _ _ _ \npages/main_page.py:180: in check_reviews_link\n    self.driver.find_element(*self._reviews_link).click()\n/usr/local/lib/python3.11/site-packages/selenium/webdriver/remote/webdriver.py:740: in find_element\n    return self.execute(Command.FIND_ELEMENT, {\"using\": by, \"value\": value})[\"value\"]\n/usr/local/lib/python3.11/site-packages/selenium/webdriver/remote/webdriver.py:346: in execute\n    self.error_handler.check_response(response)\n_ _ _ _ _ _ _ _ _ _ _ _ _ _ _ _ _ _ _ _ _ _ _ _ _ _ _ _ _ _ _ _ _ _ _ _ _ _ _ _ \n\nself = <selenium.webdriver.remote.errorhandler.ErrorHandler object at 0x7fbba3a59050>\nresponse = {'status': 404, 'value': '{\"value\":{\"error\":\"no such element\",\"message\":\"no such element: Unable to locate element: {\\...\\\\n#16 0x558a58c6efc3 \\\\u003Cunknown>\\\\n#17 0x558a58c7f944 \\\\u003Cunknown>\\\\n#18 0x7f6b98efc134 \\\\u003Cunknown>\\\\n\"}}'}\n\n    def check_response(self, response: Dict[str, Any]) -> None:\n        \"\"\"Checks that a JSON response from the WebDriver does not have an\n        error.\n    \n        :Args:\n         - response - The JSON response from the WebDriver server as a dictionary\n           object.\n    \n        :Raises: If the response contains an error message.\n        \"\"\"\n        status = response.get(\"status\", None)\n        if not status or status == ErrorCode.SUCCESS:\n            return\n        value = None\n        message = response.get(\"message\", \"\")\n        screen: str = response.get(\"screen\", \"\")\n        stacktrace = None\n        if isinstance(status, int):\n            value_json = response.get(\"value\", None)\n            if value_json and isinstance(value_json, str):\n                import json\n    \n                try:\n                    value = json.loads(value_json)\n                    if len(value) == 1:\n                        value = value[\"value\"]\n                    status = value.get(\"error\", None)\n                    if not status:\n                        status = value.get(\"status\", ErrorCode.UNKNOWN_ERROR)\n                        message = value.get(\"value\") or value.get(\"message\")\n                        if not isinstance(message, str):\n                            value = message\n                            message = message.get(\"message\")\n                    else:\n                        message = value.get(\"message\", None)\n                except ValueError:\n                    pass\n    \n        exception_class: Type[WebDriverException]\n        if status in ErrorCode.NO_SUCH_ELEMENT:\n            exception_class = NoSuchElementException\n        elif status in ErrorCode.NO_SUCH_FRAME:\n            exception_class = NoSuchFrameException\n        elif status in ErrorCode.NO_SUCH_SHADOW_ROOT:\n            exception_class = NoSuchShadowRootException\n        elif status in ErrorCode.NO_SUCH_WINDOW:\n            exception_class = NoSuchWindowException\n        elif status in ErrorCode.STALE_ELEMENT_REFERENCE:\n            exception_class = StaleElementReferenceException\n        elif status in ErrorCode.ELEMENT_NOT_VISIBLE:\n            exception_class = ElementNotVisibleException\n        elif status in ErrorCode.INVALID_ELEMENT_STATE:\n            exception_class = InvalidElementStateException\n        elif (\n            status in ErrorCode.INVALID_SELECTOR\n            or status in ErrorCode.INVALID_XPATH_SELECTOR\n            or status in ErrorCode.INVALID_XPATH_SELECTOR_RETURN_TYPER\n        ):\n            exception_class = InvalidSelectorException\n        elif status in ErrorCode.ELEMENT_IS_NOT_SELECTABLE:\n            exception_class = ElementNotSelectableException\n        elif status in ErrorCode.ELEMENT_NOT_INTERACTABLE:\n            exception_class = ElementNotInteractableException\n        elif status in ErrorCode.INVALID_COOKIE_DOMAIN:\n            exception_class = InvalidCookieDomainException\n        elif status in ErrorCode.UNABLE_TO_SET_COOKIE:\n            exception_class = UnableToSetCookieException\n        elif status in ErrorCode.TIMEOUT:\n            exception_class = TimeoutException\n        elif status in ErrorCode.SCRIPT_TIMEOUT:\n            exception_class = TimeoutException\n        elif status in ErrorCode.UNKNOWN_ERROR:\n            exception_class = WebDriverException\n        elif status in ErrorCode.UNEXPECTED_ALERT_OPEN:\n            exception_class = UnexpectedAlertPresentException\n        elif status in ErrorCode.NO_ALERT_OPEN:\n            exception_class = NoAlertPresentException\n        elif status in ErrorCode.IME_NOT_AVAILABLE:\n            exception_class = ImeNotAvailableException\n        elif status in ErrorCode.IME_ENGINE_ACTIVATION_FAILED:\n            exception_class = ImeActivationFailedException\n        elif status in ErrorCode.MOVE_TARGET_OUT_OF_BOUNDS:\n            exception_class = MoveTargetOutOfBoundsException\n        elif status in ErrorCode.JAVASCRIPT_ERROR:\n            exception_class = JavascriptException\n        elif status in ErrorCode.SESSION_NOT_CREATED:\n            exception_class = SessionNotCreatedException\n        elif status in ErrorCode.INVALID_ARGUMENT:\n            exception_class = InvalidArgumentException\n        elif status in ErrorCode.NO_SUCH_COOKIE:\n            exception_class = NoSuchCookieException\n        elif status in ErrorCode.UNABLE_TO_CAPTURE_SCREEN:\n            exception_class = ScreenshotException\n        elif status in ErrorCode.ELEMENT_CLICK_INTERCEPTED:\n            exception_class = ElementClickInterceptedException\n        elif status in ErrorCode.INSECURE_CERTIFICATE:\n            exception_class = InsecureCertificateException\n        elif status in ErrorCode.INVALID_COORDINATES:\n            exception_class = InvalidCoordinatesException\n        elif status in ErrorCode.INVALID_SESSION_ID:\n            exception_class = InvalidSessionIdException\n        elif status in ErrorCode.UNKNOWN_METHOD:\n            exception_class = UnknownMethodException\n        else:\n            exception_class = WebDriverException\n        if not value:\n            value = response[\"value\"]\n        if isinstance(value, str):\n            raise exception_class(value)\n        if message == \"\" and \"message\" in value:\n            message = value[\"message\"]\n    \n        screen = None  # type: ignore[assignment]\n        if \"screen\" in value:\n            screen = value[\"screen\"]\n    \n        stacktrace = None\n        st_value = value.get(\"stackTrace\") or value.get(\"stacktrace\")\n        if st_value:\n            if isinstance(st_value, str):\n                stacktrace = st_value.split(\"\\n\")\n            else:\n                stacktrace = []\n                try:\n                    for frame in st_value:\n                        line = frame.get(\"lineNumber\", \"\")\n                        file = frame.get(\"fileName\", \"<anonymous>\")\n                        if line:\n                            file = f\"{file}:{line}\"\n                        meth = frame.get(\"methodName\", \"<anonymous>\")\n                        if \"className\" in frame:\n                            meth = f\"{frame['className']}.{meth}\"\n                        msg = \"    at %s (%s)\"\n                        msg = msg % (meth, file)\n                        stacktrace.append(msg)\n                except TypeError:\n                    pass\n        if exception_class == UnexpectedAlertPresentException:\n            alert_text = None\n            if \"data\" in value:\n                alert_text = value[\"data\"].get(\"text\")\n            elif \"alert\" in value:\n                alert_text = value[\"alert\"].get(\"text\")\n            raise exception_class(message, screen, stacktrace, alert_text)  # type: ignore[call-arg]  # mypy is not smart enough here\n>       raise exception_class(message, screen, stacktrace)\nE       selenium.common.exceptions.NoSuchElementException: Message: no such element: Unable to locate element: {\"method\":\"xpath\",\"selector\":\"(//a[contains(text(), 'Отзывы')])[3]\"}\nE         (Session info: chrome-headless-shell=122.0.6261.69); For documentation on this error, please visit: https://www.selenium.dev/documentation/webdriver/troubleshooting/errors#no-such-element-exception\nE       Stacktrace:\nE       #0 0x558a58c80793 <unknown>\nE       #1 0x558a589741c6 <unknown>\nE       #2 0x558a589bf358 <unknown>\nE       #3 0x558a589bf411 <unknown>\nE       #4 0x558a58a02934 <unknown>\nE       #5 0x558a589e13fd <unknown>\nE       #6 0x558a589ffdd9 <unknown>\nE       #7 0x558a589e1173 <unknown>\nE       #8 0x558a589b22d3 <unknown>\nE       #9 0x558a589b2c9e <unknown>\nE       #10 0x558a58c448cb <unknown>\nE       #11 0x558a58c48745 <unknown>\nE       #12 0x558a58c312e1 <unknown>\nE       #13 0x558a58c492d2 <unknown>\nE       #14 0x558a58c1517f <unknown>\nE       #15 0x558a58c6edc8 <unknown>\nE       #16 0x558a58c6efc3 <unknown>\nE       #17 0x558a58c7f944 <unknown>\nE       #18 0x7f6b98efc134 <unknown>\n\n/usr/local/lib/python3.11/site-packages/selenium/webdriver/remote/errorhandler.py:245: NoSuchElementException","steps":[{"name":"Проверка функциональности ссылки 'Отзывы'","time":{"start":1708995823902,"stop":1708995823915,"duration":13},"status":"broken","statusMessage":"selenium.common.exceptions.NoSuchElementException: Message: no such element: Unable to locate element: {\"method\":\"xpath\",\"selector\":\"(//a[contains(text(), 'Отзывы')])[3]\"}\n  (Session info: chrome-headless-shell=122.0.6261.69); For documentation on this error, please visit: https://www.selenium.dev/documentation/webdriver/troubleshooting/errors#no-such-element-exception\nStacktrace:\n#0 0x558a58c80793 <unknown>\n#1 0x558a589741c6 <unknown>\n#2 0x558a589bf358 <unknown>\n#3 0x558a589bf411 <unknown>\n#4 0x558a58a02934 <unknown>\n#5 0x558a589e13fd <unknown>\n#6 0x558a589ffdd9 <unknown>\n#7 0x558a589e1173 <unknown>\n#8 0x558a589b22d3 <unknown>\n#9 0x558a589b2c9e <unknown>\n#10 0x558a58c448cb <unknown>\n#11 0x558a58c48745 <unknown>\n#12 0x558a58c312e1 <unknown>\n#13 0x558a58c492d2 <unknown>\n#14 0x558a58c1517f <unknown>\n#15 0x558a58c6edc8 <unknown>\n#16 0x558a58c6efc3 <unknown>\n#17 0x558a58c7f944 <unknown>\n#18 0x7f6b98efc134 <unknown>\n\n","statusTrace":"  File \"/usr/local/lib/python3.11/site-packages/allure_commons/_allure.py\", line 192, in impl\n    return func(*a, **kw)\n           ^^^^^^^^^^^^^^\n  File \"/app/pages/main_page.py\", line 180, in check_reviews_link\n    self.driver.find_element(*self._reviews_link).click()\n    ^^^^^^^^^^^^^^^^^^^^^^^^^^^^^^^^^^^^^^^^^^^^^\n  File \"/usr/local/lib/python3.11/site-packages/selenium/webdriver/remote/webdriver.py\", line 740, in find_element\n    return self.execute(Command.FIND_ELEMENT, {\"using\": by, \"value\": value})[\"value\"]\n           ^^^^^^^^^^^^^^^^^^^^^^^^^^^^^^^^^^^^^^^^^^^^^^^^^^^^^^^^^^^^^^^^^\n  File \"/usr/local/lib/python3.11/site-packages/selenium/webdriver/remote/webdriver.py\", line 346, in execute\n    self.error_handler.check_response(response)\n  File \"/usr/local/lib/python3.11/site-packages/selenium/webdriver/remote/errorhandler.py\", line 245, in check_response\n    raise exception_class(message, screen, stacktrace)\n","steps":[],"attachments":[],"parameters":[],"shouldDisplayMessage":true,"stepsCount":0,"attachmentsCount":0,"hasContent":true,"attachmentStep":false}],"attachments":[{"uid":"eb3647f2158bebce","name":"Screenshot","source":"eb3647f2158bebce.png","type":"image/png","size":39106},{"uid":"5d01d66cb54211db","name":"HTML source","source":"5d01d66cb54211db.html","type":"text/html","size":538}],"parameters":[],"shouldDisplayMessage":true,"stepsCount":1,"attachmentsCount":2,"hasContent":true,"attachmentStep":false},"afterStages":[{"name":"driver::0","time":{"start":1708995824022,"stop":1708995824079,"duration":57},"status":"passed","steps":[],"attachments":[],"parameters":[],"shouldDisplayMessage":false,"stepsCount":0,"attachmentsCount":0,"hasContent":false,"attachmentStep":false},{"name":"setup::0","time":{"start":1708995824022,"stop":1708995824022,"duration":0},"status":"passed","steps":[],"attachments":[],"parameters":[],"shouldDisplayMessage":false,"stepsCount":0,"attachmentsCount":0,"hasContent":false,"attachmentStep":false}],"labels":[{"name":"feature","value":"Footer functionality"},{"name":"epic","value":"Main Page"},{"name":"tag","value":"smoke_test"},{"name":"tag","value":"@pytest.mark.xfail(reason='При переходе на страницу отзывов может предложено пройти капчу')"},{"name":"parentSuite","value":"tests"},{"name":"suite","value":"test_main_page"},{"name":"subSuite","value":"TestMainPage"},{"name":"host","value":"af5a8ddfaf93"},{"name":"thread","value":"1-MainThread"},{"name":"framework","value":"pytest"},{"name":"language","value":"cpython3"},{"name":"package","value":"tests.test_main_page"},{"name":"resultFormat","value":"allure2"}],"parameters":[{"name":"url","value":"'https://test2.stroyrem-nn.ru/'"}],"links":[],"hidden":false,"retry":false,"extra":{"severity":"normal","retries":[],"categories":[],"history":{"statistic":{"failed":0,"broken":0,"skipped":202,"passed":0,"unknown":0,"total":202},"items":[{"uid":"d509b65b2ae2e08","reportUrl":"https://zaelcovsky.github.io/StroyremAutomation/244//#testresult/d509b65b2ae2e08","status":"skipped","statusDetails":"XFAIL При переходе на страницу отзывов может предложено пройти капчу\n\nselenium.common.exceptions.NoSuchElementException: Message: no such element: Unable to locate element: {\"method\":\"xpath\",\"selector\":\"(//a[contains(text(), 'Отзывы')])[3]\"}\n  (Session info: chrome-headless-shell=122.0.6261.69); For documentation on this error, please visit: https://www.selenium.dev/documentation/webdriver/troubleshooting/errors#no-such-element-exception\nStacktrace:\n#0 0x55b65ac46793 <unknown>\n#1 0x55b65a93a1c6 <unknown>\n#2 0x55b65a985358 <unknown>\n#3 0x55b65a985411 <unknown>\n#4 0x55b65a9c8934 <unknown>\n#5 0x55b65a9a73fd <unknown>\n#6 0x55b65a9c5dd9 <unknown>\n#7 0x55b65a9a7173 <unknown>\n#8 0x55b65a9782d3 <unknown>\n#9 0x55b65a978c9e <unknown>\n#10 0x55b65ac0a8cb <unknown>\n#11 0x55b65ac0e745 <unknown>\n#12 0x55b65abf72e1 <unknown>\n#13 0x55b65ac0f2d2 <unknown>\n#14 0x55b65abdb17f <unknown>\n#15 0x55b65ac34dc8 <unknown>\n#16 0x55b65ac34fc3 <unknown>\n#17 0x55b65ac45944 <unknown>\n#18 0x7f87cd3dc134 <unknown>","time":{"start":1708909466808,"stop":1708909466821,"duration":13}},{"uid":"c7b605ea50a5da40","reportUrl":"https://zaelcovsky.github.io/StroyremAutomation/243//#testresult/c7b605ea50a5da40","status":"skipped","statusDetails":"XFAIL При переходе на страницу отзывов может предложено пройти капчу\n\nselenium.common.exceptions.NoSuchElementException: Message: no such element: Unable to locate element: {\"method\":\"xpath\",\"selector\":\"(//a[contains(text(), 'Отзывы')])[3]\"}\n  (Session info: chrome-headless-shell=122.0.6261.69); For documentation on this error, please visit: https://www.selenium.dev/documentation/webdriver/troubleshooting/errors#no-such-element-exception\nStacktrace:\n#0 0x55af845dd793 <unknown>\n#1 0x55af842d11c6 <unknown>\n#2 0x55af8431c358 <unknown>\n#3 0x55af8431c411 <unknown>\n#4 0x55af8435f934 <unknown>\n#5 0x55af8433e3fd <unknown>\n#6 0x55af8435cdd9 <unknown>\n#7 0x55af8433e173 <unknown>\n#8 0x55af8430f2d3 <unknown>\n#9 0x55af8430fc9e <unknown>\n#10 0x55af845a18cb <unknown>\n#11 0x55af845a5745 <unknown>\n#12 0x55af8458e2e1 <unknown>\n#13 0x55af845a62d2 <unknown>\n#14 0x55af8457217f <unknown>\n#15 0x55af845cbdc8 <unknown>\n#16 0x55af845cbfc3 <unknown>\n#17 0x55af845dc944 <unknown>\n#18 0x7fc3b573f134 <unknown>","time":{"start":1708823249931,"stop":1708823249944,"duration":13}},{"uid":"aa196edc012ba708","reportUrl":"https://zaelcovsky.github.io/StroyremAutomation/242//#testresult/aa196edc012ba708","status":"skipped","statusDetails":"XFAIL При переходе на страницу отзывов может предложено пройти капчу\n\nselenium.common.exceptions.NoSuchElementException: Message: no such element: Unable to locate element: {\"method\":\"xpath\",\"selector\":\"(//a[contains(text(), 'Отзывы')])[3]\"}\n  (Session info: chrome-headless-shell=122.0.6261.69); For documentation on this error, please visit: https://www.selenium.dev/documentation/webdriver/troubleshooting/errors#no-such-element-exception\nStacktrace:\n#0 0x55cca20e7793 <unknown>\n#1 0x55cca1ddb1c6 <unknown>\n#2 0x55cca1e26358 <unknown>\n#3 0x55cca1e26411 <unknown>\n#4 0x55cca1e69934 <unknown>\n#5 0x55cca1e483fd <unknown>\n#6 0x55cca1e66dd9 <unknown>\n#7 0x55cca1e48173 <unknown>\n#8 0x55cca1e192d3 <unknown>\n#9 0x55cca1e19c9e <unknown>\n#10 0x55cca20ab8cb <unknown>\n#11 0x55cca20af745 <unknown>\n#12 0x55cca20982e1 <unknown>\n#13 0x55cca20b02d2 <unknown>\n#14 0x55cca207c17f <unknown>\n#15 0x55cca20d5dc8 <unknown>\n#16 0x55cca20d5fc3 <unknown>\n#17 0x55cca20e6944 <unknown>\n#18 0x7fd9e94e4134 <unknown>","time":{"start":1708736523067,"stop":1708736523080,"duration":13}},{"uid":"791df139963fef6b","reportUrl":"https://zaelcovsky.github.io/StroyremAutomation/241//#testresult/791df139963fef6b","status":"skipped","statusDetails":"XFAIL При переходе на страницу отзывов может предложено пройти капчу\n\nselenium.common.exceptions.NoSuchElementException: Message: no such element: Unable to locate element: {\"method\":\"xpath\",\"selector\":\"(//a[contains(text(), 'Отзывы')])[3]\"}\n  (Session info: chrome-headless-shell=122.0.6261.69); For documentation on this error, please visit: https://www.selenium.dev/documentation/webdriver/troubleshooting/errors#no-such-element-exception\nStacktrace:\n#0 0x563af2d0d793 <unknown>\n#1 0x563af2a011c6 <unknown>\n#2 0x563af2a4c358 <unknown>\n#3 0x563af2a4c411 <unknown>\n#4 0x563af2a8f934 <unknown>\n#5 0x563af2a6e3fd <unknown>\n#6 0x563af2a8cdd9 <unknown>\n#7 0x563af2a6e173 <unknown>\n#8 0x563af2a3f2d3 <unknown>\n#9 0x563af2a3fc9e <unknown>\n#10 0x563af2cd18cb <unknown>\n#11 0x563af2cd5745 <unknown>\n#12 0x563af2cbe2e1 <unknown>\n#13 0x563af2cd62d2 <unknown>\n#14 0x563af2ca217f <unknown>\n#15 0x563af2cfbdc8 <unknown>\n#16 0x563af2cfbfc3 <unknown>\n#17 0x563af2d0c944 <unknown>\n#18 0x7f5580cab134 <unknown>","time":{"start":1708650147823,"stop":1708650147837,"duration":14}},{"uid":"961e1c1486fbaa62","reportUrl":"https://zaelcovsky.github.io/StroyremAutomation/240//#testresult/961e1c1486fbaa62","status":"skipped","statusDetails":"XFAIL При переходе на страницу отзывов может предложено пройти капчу\n\nselenium.common.exceptions.NoSuchElementException: Message: no such element: Unable to locate element: {\"method\":\"xpath\",\"selector\":\"(//a[contains(text(), 'Отзывы')])[3]\"}\n  (Session info: chrome-headless-shell=122.0.6261.57); For documentation on this error, please visit: https://www.selenium.dev/documentation/webdriver/troubleshooting/errors#no-such-element-exception\nStacktrace:\n#0 0x55ae569ef7d3 <unknown>\n#1 0x55ae566e31c6 <unknown>\n#2 0x55ae5672e358 <unknown>\n#3 0x55ae5672e411 <unknown>\n#4 0x55ae56771934 <unknown>\n#5 0x55ae567503fd <unknown>\n#6 0x55ae5676edd9 <unknown>\n#7 0x55ae56750173 <unknown>\n#8 0x55ae567212d3 <unknown>\n#9 0x55ae56721c9e <unknown>\n#10 0x55ae569b390b <unknown>\n#11 0x55ae569b7785 <unknown>\n#12 0x55ae569a0321 <unknown>\n#13 0x55ae569b8312 <unknown>\n#14 0x55ae569841bf <unknown>\n#15 0x55ae569dde08 <unknown>\n#16 0x55ae569de003 <unknown>\n#17 0x55ae569ee984 <unknown>\n#18 0x7f97c9be8134 <unknown>","time":{"start":1708563783700,"stop":1708563783713,"duration":13}},{"uid":"b7250cc4797852b6","reportUrl":"https://zaelcovsky.github.io/StroyremAutomation/239//#testresult/b7250cc4797852b6","status":"skipped","statusDetails":"XFAIL При переходе на страницу отзывов может предложено пройти капчу\n\nselenium.common.exceptions.NoSuchElementException: Message: no such element: Unable to locate element: {\"method\":\"xpath\",\"selector\":\"(//a[contains(text(), 'Отзывы')])[3]\"}\n  (Session info: chrome-headless-shell=122.0.6261.57); For documentation on this error, please visit: https://www.selenium.dev/documentation/webdriver/troubleshooting/errors#no-such-element-exception\nStacktrace:\n#0 0x55fe126ce7d3 <unknown>\n#1 0x55fe123c21c6 <unknown>\n#2 0x55fe1240d358 <unknown>\n#3 0x55fe1240d411 <unknown>\n#4 0x55fe12450934 <unknown>\n#5 0x55fe1242f3fd <unknown>\n#6 0x55fe1244ddd9 <unknown>\n#7 0x55fe1242f173 <unknown>\n#8 0x55fe124002d3 <unknown>\n#9 0x55fe12400c9e <unknown>\n#10 0x55fe1269290b <unknown>\n#11 0x55fe12696785 <unknown>\n#12 0x55fe1267f321 <unknown>\n#13 0x55fe12697312 <unknown>\n#14 0x55fe126631bf <unknown>\n#15 0x55fe126bce08 <unknown>\n#16 0x55fe126bd003 <unknown>\n#17 0x55fe126cd984 <unknown>\n#18 0x7f56510c0134 <unknown>","time":{"start":1708477441808,"stop":1708477441822,"duration":14}},{"uid":"7d3a9a878adf9fdf","reportUrl":"https://zaelcovsky.github.io/StroyremAutomation/238//#testresult/7d3a9a878adf9fdf","status":"skipped","statusDetails":"XFAIL При переходе на страницу отзывов может предложено пройти капчу\n\nselenium.common.exceptions.NoSuchElementException: Message: no such element: Unable to locate element: {\"method\":\"xpath\",\"selector\":\"(//a[contains(text(), 'Отзывы')])[3]\"}\n  (Session info: chrome-headless-shell=121.0.6167.184); For documentation on this error, please visit: https://www.selenium.dev/documentation/webdriver/troubleshooting/errors#no-such-element-exception\nStacktrace:\n#0 0x5596505f3303 <unknown>\n#1 0x5596502d82b7 <unknown>\n#2 0x559650323cc0 <unknown>\n#3 0x559650323db1 <unknown>\n#4 0x559650367b44 <unknown>\n#5 0x5596503463ad <unknown>\n#6 0x55965036507c <unknown>\n#7 0x559650346123 <unknown>\n#8 0x559650316095 <unknown>\n#9 0x55965031709e <unknown>\n#10 0x5596505b76ab <unknown>\n#11 0x5596505bb4ba <unknown>\n#12 0x5596505a3f85 <unknown>\n#13 0x5596505bc12f <unknown>\n#14 0x559650587e6f <unknown>\n#15 0x5596505e05f8 <unknown>\n#16 0x5596505e07c2 <unknown>\n#17 0x5596505f24a4 <unknown>\n#18 0x7faf936a3134 <unknown>","time":{"start":1708390972347,"stop":1708390972360,"duration":13}},{"uid":"2920499d7448bfc4","reportUrl":"https://zaelcovsky.github.io/StroyremAutomation/237//#testresult/2920499d7448bfc4","status":"skipped","statusDetails":"XFAIL При переходе на страницу отзывов может предложено пройти капчу\n\nselenium.common.exceptions.NoSuchElementException: Message: no such element: Unable to locate element: {\"method\":\"xpath\",\"selector\":\"(//a[contains(text(), 'Отзывы')])[3]\"}\n  (Session info: chrome-headless-shell=121.0.6167.184); For documentation on this error, please visit: https://www.selenium.dev/documentation/webdriver/troubleshooting/errors#no-such-element-exception\nStacktrace:\n#0 0x55c6a9168303 <unknown>\n#1 0x55c6a8e4d2b7 <unknown>\n#2 0x55c6a8e98cc0 <unknown>\n#3 0x55c6a8e98db1 <unknown>\n#4 0x55c6a8edcb44 <unknown>\n#5 0x55c6a8ebb3ad <unknown>\n#6 0x55c6a8eda07c <unknown>\n#7 0x55c6a8ebb123 <unknown>\n#8 0x55c6a8e8b095 <unknown>\n#9 0x55c6a8e8c09e <unknown>\n#10 0x55c6a912c6ab <unknown>\n#11 0x55c6a91304ba <unknown>\n#12 0x55c6a9118f85 <unknown>\n#13 0x55c6a913112f <unknown>\n#14 0x55c6a90fce6f <unknown>\n#15 0x55c6a91555f8 <unknown>\n#16 0x55c6a91557c2 <unknown>\n#17 0x55c6a91674a4 <unknown>\n#18 0x7f0bd2e6a134 <unknown>","time":{"start":1708304758373,"stop":1708304758386,"duration":13}},{"uid":"c6cb964c358a489","reportUrl":"https://zaelcovsky.github.io/StroyremAutomation/236//#testresult/c6cb964c358a489","status":"skipped","statusDetails":"XFAIL При переходе на страницу отзывов может предложено пройти капчу\n\nselenium.common.exceptions.NoSuchElementException: Message: no such element: Unable to locate element: {\"method\":\"xpath\",\"selector\":\"(//a[contains(text(), 'Отзывы')])[3]\"}\n  (Session info: chrome-headless-shell=121.0.6167.184); For documentation on this error, please visit: https://www.selenium.dev/documentation/webdriver/troubleshooting/errors#no-such-element-exception\nStacktrace:\n#0 0x55d8a7d72303 <unknown>\n#1 0x55d8a7a572b7 <unknown>\n#2 0x55d8a7aa2cc0 <unknown>\n#3 0x55d8a7aa2db1 <unknown>\n#4 0x55d8a7ae6b44 <unknown>\n#5 0x55d8a7ac53ad <unknown>\n#6 0x55d8a7ae407c <unknown>\n#7 0x55d8a7ac5123 <unknown>\n#8 0x55d8a7a95095 <unknown>\n#9 0x55d8a7a9609e <unknown>\n#10 0x55d8a7d366ab <unknown>\n#11 0x55d8a7d3a4ba <unknown>\n#12 0x55d8a7d22f85 <unknown>\n#13 0x55d8a7d3b12f <unknown>\n#14 0x55d8a7d06e6f <unknown>\n#15 0x55d8a7d5f5f8 <unknown>\n#16 0x55d8a7d5f7c2 <unknown>\n#17 0x55d8a7d714a4 <unknown>\n#18 0x7f1947712134 <unknown>","time":{"start":1708218465796,"stop":1708218465809,"duration":13}},{"uid":"2384c2ce6f95d759","reportUrl":"https://zaelcovsky.github.io/StroyremAutomation/235//#testresult/2384c2ce6f95d759","status":"skipped","statusDetails":"XFAIL При переходе на страницу отзывов может предложено пройти капчу\n\nselenium.common.exceptions.NoSuchElementException: Message: no such element: Unable to locate element: {\"method\":\"xpath\",\"selector\":\"(//a[contains(text(), 'Отзывы')])[3]\"}\n  (Session info: chrome-headless-shell=121.0.6167.184); For documentation on this error, please visit: https://www.selenium.dev/documentation/webdriver/troubleshooting/errors#no-such-element-exception\nStacktrace:\n#0 0x56347184e303 <unknown>\n#1 0x5634715332b7 <unknown>\n#2 0x56347157ecc0 <unknown>\n#3 0x56347157edb1 <unknown>\n#4 0x5634715c2b44 <unknown>\n#5 0x5634715a13ad <unknown>\n#6 0x5634715c007c <unknown>\n#7 0x5634715a1123 <unknown>\n#8 0x563471571095 <unknown>\n#9 0x56347157209e <unknown>\n#10 0x5634718126ab <unknown>\n#11 0x5634718164ba <unknown>\n#12 0x5634717fef85 <unknown>\n#13 0x56347181712f <unknown>\n#14 0x5634717e2e6f <unknown>\n#15 0x56347183b5f8 <unknown>\n#16 0x56347183b7c2 <unknown>\n#17 0x56347184d4a4 <unknown>\n#18 0x7fe079fdc134 <unknown>","time":{"start":1708131765566,"stop":1708131765579,"duration":13}},{"uid":"4078f3c70823faf4","reportUrl":"https://zaelcovsky.github.io/StroyremAutomation/234//#testresult/4078f3c70823faf4","status":"skipped","statusDetails":"XFAIL При переходе на страницу отзывов может предложено пройти капчу\n\nselenium.common.exceptions.NoSuchElementException: Message: no such element: Unable to locate element: {\"method\":\"xpath\",\"selector\":\"(//a[contains(text(), 'Отзывы')])[3]\"}\n  (Session info: chrome-headless-shell=121.0.6167.85); For documentation on this error, please visit: https://www.selenium.dev/documentation/webdriver/troubleshooting/errors#no-such-element-exception\nStacktrace:\n#0 0x55acca230d93 <unknown>\n#1 0x55acc9f14337 <unknown>\n#2 0x55acc9f5fd60 <unknown>\n#3 0x55acc9f5fe51 <unknown>\n#4 0x55acc9fa3bc4 <unknown>\n#5 0x55acc9f8246d <unknown>\n#6 0x55acc9fa112d <unknown>\n#7 0x55acc9f821e3 <unknown>\n#8 0x55acc9f52135 <unknown>\n#9 0x55acc9f5313e <unknown>\n#10 0x55acca1f4e4b <unknown>\n#11 0x55acca1f8dfa <unknown>\n#12 0x55acca1e16d5 <unknown>\n#13 0x55acca1f9a6f <unknown>\n#14 0x55acca1c569f <unknown>\n#15 0x55acca21e098 <unknown>\n#16 0x55acca21e262 <unknown>\n#17 0x55acca22ff34 <unknown>\n#18 0x7ff05c3df134 <unknown>","time":{"start":1708045414815,"stop":1708045414828,"duration":13}},{"uid":"49e9fc2130f181c6","reportUrl":"https://zaelcovsky.github.io/StroyremAutomation/233//#testresult/49e9fc2130f181c6","status":"skipped","statusDetails":"XFAIL При переходе на страницу отзывов может предложено пройти капчу\n\nselenium.common.exceptions.NoSuchElementException: Message: no such element: Unable to locate element: {\"method\":\"xpath\",\"selector\":\"(//a[contains(text(), 'Отзывы')])[3]\"}\n  (Session info: chrome-headless-shell=121.0.6167.85); For documentation on this error, please visit: https://www.selenium.dev/documentation/webdriver/troubleshooting/errors#no-such-element-exception\nStacktrace:\n#0 0x562318099d93 <unknown>\n#1 0x562317d7d337 <unknown>\n#2 0x562317dc8d60 <unknown>\n#3 0x562317dc8e51 <unknown>\n#4 0x562317e0cbc4 <unknown>\n#5 0x562317deb46d <unknown>\n#6 0x562317e0a12d <unknown>\n#7 0x562317deb1e3 <unknown>\n#8 0x562317dbb135 <unknown>\n#9 0x562317dbc13e <unknown>\n#10 0x56231805de4b <unknown>\n#11 0x562318061dfa <unknown>\n#12 0x56231804a6d5 <unknown>\n#13 0x562318062a6f <unknown>\n#14 0x56231802e69f <unknown>\n#15 0x562318087098 <unknown>\n#16 0x562318087262 <unknown>\n#17 0x562318098f34 <unknown>\n#18 0x7faf9a731134 <unknown>","time":{"start":1707959097997,"stop":1707959098010,"duration":13}},{"uid":"4058c8aa984f570e","reportUrl":"https://zaelcovsky.github.io/StroyremAutomation/232//#testresult/4058c8aa984f570e","status":"skipped","statusDetails":"XFAIL При переходе на страницу отзывов может предложено пройти капчу\n\nselenium.common.exceptions.NoSuchElementException: Message: no such element: Unable to locate element: {\"method\":\"xpath\",\"selector\":\"(//a[contains(text(), 'Отзывы')])[3]\"}\n  (Session info: chrome-headless-shell=121.0.6167.85); For documentation on this error, please visit: https://www.selenium.dev/documentation/webdriver/troubleshooting/errors#no-such-element-exception\nStacktrace:\n#0 0x562ded02fd93 <unknown>\n#1 0x562decd13337 <unknown>\n#2 0x562decd5ed60 <unknown>\n#3 0x562decd5ee51 <unknown>\n#4 0x562decda2bc4 <unknown>\n#5 0x562decd8146d <unknown>\n#6 0x562decda012d <unknown>\n#7 0x562decd811e3 <unknown>\n#8 0x562decd51135 <unknown>\n#9 0x562decd5213e <unknown>\n#10 0x562decff3e4b <unknown>\n#11 0x562decff7dfa <unknown>\n#12 0x562decfe06d5 <unknown>\n#13 0x562decff8a6f <unknown>\n#14 0x562decfc469f <unknown>\n#15 0x562ded01d098 <unknown>\n#16 0x562ded01d262 <unknown>\n#17 0x562ded02ef34 <unknown>\n#18 0x7f043030a134 <unknown>","time":{"start":1707872663223,"stop":1707872663237,"duration":14}},{"uid":"49e80f64ab2390","reportUrl":"https://zaelcovsky.github.io/StroyremAutomation/231//#testresult/49e80f64ab2390","status":"skipped","statusDetails":"XFAIL При переходе на страницу отзывов может предложено пройти капчу\n\nselenium.common.exceptions.NoSuchElementException: Message: no such element: Unable to locate element: {\"method\":\"xpath\",\"selector\":\"(//a[contains(text(), 'Отзывы')])[3]\"}\n  (Session info: chrome-headless-shell=121.0.6167.85); For documentation on this error, please visit: https://www.selenium.dev/documentation/webdriver/troubleshooting/errors#no-such-element-exception\nStacktrace:\n#0 0x56509e849d93 <unknown>\n#1 0x56509e52d337 <unknown>\n#2 0x56509e578d60 <unknown>\n#3 0x56509e578e51 <unknown>\n#4 0x56509e5bcbc4 <unknown>\n#5 0x56509e59b46d <unknown>\n#6 0x56509e5ba12d <unknown>\n#7 0x56509e59b1e3 <unknown>\n#8 0x56509e56b135 <unknown>\n#9 0x56509e56c13e <unknown>\n#10 0x56509e80de4b <unknown>\n#11 0x56509e811dfa <unknown>\n#12 0x56509e7fa6d5 <unknown>\n#13 0x56509e812a6f <unknown>\n#14 0x56509e7de69f <unknown>\n#15 0x56509e837098 <unknown>\n#16 0x56509e837262 <unknown>\n#17 0x56509e848f34 <unknown>\n#18 0x7efcf9c8e134 <unknown>","time":{"start":1707786337961,"stop":1707786337974,"duration":13}},{"uid":"cc9a4a704f87b965","reportUrl":"https://zaelcovsky.github.io/StroyremAutomation/230//#testresult/cc9a4a704f87b965","status":"skipped","statusDetails":"XFAIL При переходе на страницу отзывов может предложено пройти капчу\n\nselenium.common.exceptions.NoSuchElementException: Message: no such element: Unable to locate element: {\"method\":\"xpath\",\"selector\":\"(//a[contains(text(), 'Отзывы')])[3]\"}\n  (Session info: chrome-headless-shell=121.0.6167.85); For documentation on this error, please visit: https://www.selenium.dev/documentation/webdriver/troubleshooting/errors#no-such-element-exception\nStacktrace:\n#0 0x5639c4610d93 <unknown>\n#1 0x5639c42f4337 <unknown>\n#2 0x5639c433fd60 <unknown>\n#3 0x5639c433fe51 <unknown>\n#4 0x5639c4383bc4 <unknown>\n#5 0x5639c436246d <unknown>\n#6 0x5639c438112d <unknown>\n#7 0x5639c43621e3 <unknown>\n#8 0x5639c4332135 <unknown>\n#9 0x5639c433313e <unknown>\n#10 0x5639c45d4e4b <unknown>\n#11 0x5639c45d8dfa <unknown>\n#12 0x5639c45c16d5 <unknown>\n#13 0x5639c45d9a6f <unknown>\n#14 0x5639c45a569f <unknown>\n#15 0x5639c45fe098 <unknown>\n#16 0x5639c45fe262 <unknown>\n#17 0x5639c460ff34 <unknown>\n#18 0x7f5aae9cd134 <unknown>","time":{"start":1707699863542,"stop":1707699863555,"duration":13}},{"uid":"2e12ffb883d8bb61","reportUrl":"https://zaelcovsky.github.io/StroyremAutomation/229//#testresult/2e12ffb883d8bb61","status":"skipped","statusDetails":"XFAIL При переходе на страницу отзывов может предложено пройти капчу\n\nselenium.common.exceptions.NoSuchElementException: Message: no such element: Unable to locate element: {\"method\":\"xpath\",\"selector\":\"(//a[contains(text(), 'Отзывы')])[3]\"}\n  (Session info: chrome-headless-shell=121.0.6167.85); For documentation on this error, please visit: https://www.selenium.dev/documentation/webdriver/troubleshooting/errors#no-such-element-exception\nStacktrace:\n#0 0x559bc8b7fd93 <unknown>\n#1 0x559bc8863337 <unknown>\n#2 0x559bc88aed60 <unknown>\n#3 0x559bc88aee51 <unknown>\n#4 0x559bc88f2bc4 <unknown>\n#5 0x559bc88d146d <unknown>\n#6 0x559bc88f012d <unknown>\n#7 0x559bc88d11e3 <unknown>\n#8 0x559bc88a1135 <unknown>\n#9 0x559bc88a213e <unknown>\n#10 0x559bc8b43e4b <unknown>\n#11 0x559bc8b47dfa <unknown>\n#12 0x559bc8b306d5 <unknown>\n#13 0x559bc8b48a6f <unknown>\n#14 0x559bc8b1469f <unknown>\n#15 0x559bc8b6d098 <unknown>\n#16 0x559bc8b6d262 <unknown>\n#17 0x559bc8b7ef34 <unknown>\n#18 0x7f6394e50134 <unknown>","time":{"start":1707613687135,"stop":1707613687149,"duration":14}},{"uid":"17e18177908585b2","reportUrl":"https://zaelcovsky.github.io/StroyremAutomation/228//#testresult/17e18177908585b2","status":"skipped","statusDetails":"XFAIL При переходе на страницу отзывов может предложено пройти капчу\n\nselenium.common.exceptions.NoSuchElementException: Message: no such element: Unable to locate element: {\"method\":\"xpath\",\"selector\":\"(//a[contains(text(), 'Отзывы')])[3]\"}\n  (Session info: chrome-headless-shell=121.0.6167.85); For documentation on this error, please visit: https://www.selenium.dev/documentation/webdriver/troubleshooting/errors#no-such-element-exception\nStacktrace:\n#0 0x55e62c0f4d93 <unknown>\n#1 0x55e62bdd8337 <unknown>\n#2 0x55e62be23d60 <unknown>\n#3 0x55e62be23e51 <unknown>\n#4 0x55e62be67bc4 <unknown>\n#5 0x55e62be4646d <unknown>\n#6 0x55e62be6512d <unknown>\n#7 0x55e62be461e3 <unknown>\n#8 0x55e62be16135 <unknown>\n#9 0x55e62be1713e <unknown>\n#10 0x55e62c0b8e4b <unknown>\n#11 0x55e62c0bcdfa <unknown>\n#12 0x55e62c0a56d5 <unknown>\n#13 0x55e62c0bda6f <unknown>\n#14 0x55e62c08969f <unknown>\n#15 0x55e62c0e2098 <unknown>\n#16 0x55e62c0e2262 <unknown>\n#17 0x55e62c0f3f34 <unknown>\n#18 0x7fe7d9eac134 <unknown>","time":{"start":1707526898864,"stop":1707526898877,"duration":13}},{"uid":"9335ac7195900c66","reportUrl":"https://zaelcovsky.github.io/StroyremAutomation/227//#testresult/9335ac7195900c66","status":"skipped","statusDetails":"XFAIL При переходе на страницу отзывов может предложено пройти капчу\n\nselenium.common.exceptions.NoSuchElementException: Message: no such element: Unable to locate element: {\"method\":\"xpath\",\"selector\":\"(//a[contains(text(), 'Отзывы')])[3]\"}\n  (Session info: chrome-headless-shell=121.0.6167.85); For documentation on this error, please visit: https://www.selenium.dev/documentation/webdriver/troubleshooting/errors#no-such-element-exception\nStacktrace:\n#0 0x5654e0058d93 <unknown>\n#1 0x5654dfd3c337 <unknown>\n#2 0x5654dfd87d60 <unknown>\n#3 0x5654dfd87e51 <unknown>\n#4 0x5654dfdcbbc4 <unknown>\n#5 0x5654dfdaa46d <unknown>\n#6 0x5654dfdc912d <unknown>\n#7 0x5654dfdaa1e3 <unknown>\n#8 0x5654dfd7a135 <unknown>\n#9 0x5654dfd7b13e <unknown>\n#10 0x5654e001ce4b <unknown>\n#11 0x5654e0020dfa <unknown>\n#12 0x5654e00096d5 <unknown>\n#13 0x5654e0021a6f <unknown>\n#14 0x5654dffed69f <unknown>\n#15 0x5654e0046098 <unknown>\n#16 0x5654e0046262 <unknown>\n#17 0x5654e0057f34 <unknown>\n#18 0x7f57bbc46134 <unknown>","time":{"start":1707440586644,"stop":1707440586658,"duration":14}},{"uid":"c6032be17b6af7f0","reportUrl":"https://zaelcovsky.github.io/StroyremAutomation/226//#testresult/c6032be17b6af7f0","status":"skipped","statusDetails":"XFAIL При переходе на страницу отзывов может предложено пройти капчу\n\nselenium.common.exceptions.NoSuchElementException: Message: no such element: Unable to locate element: {\"method\":\"xpath\",\"selector\":\"(//a[contains(text(), 'Отзывы')])[3]\"}\n  (Session info: chrome-headless-shell=121.0.6167.85); For documentation on this error, please visit: https://www.selenium.dev/documentation/webdriver/troubleshooting/errors#no-such-element-exception\nStacktrace:\n#0 0x55e98c3cad93 <unknown>\n#1 0x55e98c0ae337 <unknown>\n#2 0x55e98c0f9d60 <unknown>\n#3 0x55e98c0f9e51 <unknown>\n#4 0x55e98c13dbc4 <unknown>\n#5 0x55e98c11c46d <unknown>\n#6 0x55e98c13b12d <unknown>\n#7 0x55e98c11c1e3 <unknown>\n#8 0x55e98c0ec135 <unknown>\n#9 0x55e98c0ed13e <unknown>\n#10 0x55e98c38ee4b <unknown>\n#11 0x55e98c392dfa <unknown>\n#12 0x55e98c37b6d5 <unknown>\n#13 0x55e98c393a6f <unknown>\n#14 0x55e98c35f69f <unknown>\n#15 0x55e98c3b8098 <unknown>\n#16 0x55e98c3b8262 <unknown>\n#17 0x55e98c3c9f34 <unknown>\n#18 0x7f4f5acbe134 <unknown>","time":{"start":1707354174408,"stop":1707354174422,"duration":14}},{"uid":"fff00ed057abc05e","reportUrl":"https://zaelcovsky.github.io/StroyremAutomation/225//#testresult/fff00ed057abc05e","status":"skipped","statusDetails":"XFAIL При переходе на страницу отзывов может предложено пройти капчу\n\nselenium.common.exceptions.NoSuchElementException: Message: no such element: Unable to locate element: {\"method\":\"xpath\",\"selector\":\"(//a[contains(text(), 'Отзывы')])[3]\"}\n  (Session info: chrome-headless-shell=121.0.6167.85); For documentation on this error, please visit: https://www.selenium.dev/documentation/webdriver/troubleshooting/errors#no-such-element-exception\nStacktrace:\n#0 0x55aa95dc6d93 <unknown>\n#1 0x55aa95aaa337 <unknown>\n#2 0x55aa95af5d60 <unknown>\n#3 0x55aa95af5e51 <unknown>\n#4 0x55aa95b39bc4 <unknown>\n#5 0x55aa95b1846d <unknown>\n#6 0x55aa95b3712d <unknown>\n#7 0x55aa95b181e3 <unknown>\n#8 0x55aa95ae8135 <unknown>\n#9 0x55aa95ae913e <unknown>\n#10 0x55aa95d8ae4b <unknown>\n#11 0x55aa95d8edfa <unknown>\n#12 0x55aa95d776d5 <unknown>\n#13 0x55aa95d8fa6f <unknown>\n#14 0x55aa95d5b69f <unknown>\n#15 0x55aa95db4098 <unknown>\n#16 0x55aa95db4262 <unknown>\n#17 0x55aa95dc5f34 <unknown>\n#18 0x7fcad174e134 <unknown>","time":{"start":1707267720887,"stop":1707267720900,"duration":13}}]},"tags":["@pytest.mark.xfail(reason='При переходе на страницу отзывов может предложено пройти капчу')","smoke_test"]},"source":"eae3f5b17bd41332.json","parameterValues":["'https://test2.stroyrem-nn.ru/'"]}