{"uid":"6001c2d0c90f7127","name":"TD 016 Доставка товара весом до 300кг. в синей зоне","fullName":"tests.delivery.test_delivery_calculation.TestDeliveryPageCalculation#test_positive_delivery_blue_zone_smoke","historyId":"86358f082fd4285ea28a57c2eeb5985a","time":{"start":1699319493408,"stop":1699319497577,"duration":4169},"status":"skipped","statusMessage":"XFAIL\n\nselenium.common.exceptions.NoSuchElementException: Message: no such element: Unable to locate element: {\"method\":\"xpath\",\"selector\":\"//input[@class='amount']\"}\n  (Session info: headless chrome=119.0.6045.105); For documentation on this error, please visit: https://www.selenium.dev/documentation/webdriver/troubleshooting/errors#no-such-element-exception\nStacktrace:\n#0 0x563bb6d435e3 <unknown>\n#1 0x563bb6a060b7 <unknown>\n#2 0x563bb6a53f53 <unknown>\n#3 0x563bb6a54051 <unknown>\n#4 0x563bb6a999c4 <unknown>\n#5 0x563bb6a7af1d <unknown>\n#6 0x563bb6a96b3d <unknown>\n#7 0x563bb6a7acc3 <unknown>\n#8 0x563bb6a460e4 <unknown>\n#9 0x563bb6a470ae <unknown>\n#10 0x563bb6d09ce1 <unknown>\n#11 0x563bb6d0db7e <unknown>\n#12 0x563bb6cf74b5 <unknown>\n#13 0x563bb6d0e7d6 <unknown>\n#14 0x563bb6cdadbf <unknown>\n#15 0x563bb6d31748 <unknown>\n#16 0x563bb6d31917 <unknown>\n#17 0x563bb6d42773 <unknown>\n#18 0x7f8a96711044 <unknown>","statusTrace":"self = <tests.delivery.test_delivery_calculation.TestDeliveryPageCalculation object at 0x7fe84938afd0>\ndriver = <selenium.webdriver.chrome.webdriver.WebDriver (session=\"cee90417b787a1a03f90f7772465b7cd\")>\nurl = 'https://sandboxtest.stroyrem-nn.ru/', case_id = 'TD 016'\nlink_item = 'products/shtukaturka-gipsovaya-aksolit-m50-30-kg-mashinnogo-naneseniya'\namount = 8, weight = 300, standard = 650, in_time = 2390, all_time = 3320\n\n    @pytest.mark.parametrize('case_id, link_item, amount, weight, standard, in_time, all_time', [\n        (\"TD 015\", bundeks_25, 1, 30, 650, 2390, 3320),\n        pytest.param(\n            \"TD 016\", aksolit_30, 8, 300, 650, 2390, 3320,\n            marks=pytest.mark.xfail(reson=\"Цена доставки: - - -\")\n        ),\n        (\"TD 017\", aksolit_30, 13, 400, 650, 2390, 3320),\n        (\"TD 018\", aksolit_30, 16, 500, 850, 2490, 3320),\n        (\"TD 019\", aksolit_30, 25, 1700, 1150, 2490, 3320),\n        (\"TD 020\", aksolit_30, 66, 2000, 1500, 2990, 3650),\n        (\"TD 021\", aksolit_30, 149, 4500, 2600, 4380, 4890),\n        (\"TD 022\", aksolit_30, 166, 5000, 2800, 5490, 5980),\n        pytest.param(\n            \"TD 023\", aksolit_30, 206, 6200, 3300, 7500, 8000,\n            marks=pytest.mark.xfail(reson=\"Цена доставки: 4300 9900 11440\")\n        ),\n        (\"TD 024\", aksolit_30, 299, 9000, 4300, 9900, 11440),\n        (\"TD 025\", aksolit_30, 333, 10000, 7000, 13900, 15900),\n        pytest.param(\n            \"TD 026\", aksolit_30, 366, 11000, 8000, 14900, 19900,\n            marks=pytest.mark.xfail(reson=\"Цена доставки: 7000 13900 15900\")\n        ),\n        pytest.param(\n            \"TD 027\", aksolit_30, 666, 20000, 14000, 16900, 23900,\n            marks=pytest.mark.xfail(reson=\"Цена доставки: 7000 13900 15900\")\n        )\n    ])\n    @pytest.mark.smoke\n    def test_positive_delivery_blue_zone_smoke(\n            self, driver, url, case_id, link_item, amount, weight, standard, in_time, all_time\n    ):\n        allure.dynamic.title(f\"{case_id} Доставка товара весом до {weight}кг. в синей зоне\")\n    \n        driver.get(f'{url}{link_item}')\n        item_page = ItemPage(driver)\n>       item_page.add_item_to_cart(amount).click_on_cart()\n\ntests/delivery/test_delivery_calculation.py:130: \n_ _ _ _ _ _ _ _ _ _ _ _ _ _ _ _ _ _ _ _ _ _ _ _ _ _ _ _ _ _ _ _ _ _ _ _ _ _ _ _ \npages/item_page.py:41: in add_item_to_cart\n    amount_field = self.find_element(self._item_amount)\nbase/seleniumbase.py:17: in find_element\n    return self.driver.find_element(*locator)\n/usr/local/lib/python3.11/site-packages/selenium/webdriver/remote/webdriver.py:740: in find_element\n    return self.execute(Command.FIND_ELEMENT, {\"using\": by, \"value\": value})[\"value\"]\n/usr/local/lib/python3.11/site-packages/selenium/webdriver/remote/webdriver.py:346: in execute\n    self.error_handler.check_response(response)\n_ _ _ _ _ _ _ _ _ _ _ _ _ _ _ _ _ _ _ _ _ _ _ _ _ _ _ _ _ _ _ _ _ _ _ _ _ _ _ _ \n\nself = <selenium.webdriver.remote.errorhandler.ErrorHandler object at 0x7fe847ec6f50>\nresponse = {'status': 404, 'value': '{\"value\":{\"error\":\"no such element\",\"message\":\"no such element: Unable to locate element: {\\...\\\\n#16 0x563bb6d31917 \\\\u003Cunknown>\\\\n#17 0x563bb6d42773 \\\\u003Cunknown>\\\\n#18 0x7f8a96711044 \\\\u003Cunknown>\\\\n\"}}'}\n\n    def check_response(self, response: Dict[str, Any]) -> None:\n        \"\"\"Checks that a JSON response from the WebDriver does not have an\n        error.\n    \n        :Args:\n         - response - The JSON response from the WebDriver server as a dictionary\n           object.\n    \n        :Raises: If the response contains an error message.\n        \"\"\"\n        status = response.get(\"status\", None)\n        if not status or status == ErrorCode.SUCCESS:\n            return\n        value = None\n        message = response.get(\"message\", \"\")\n        screen: str = response.get(\"screen\", \"\")\n        stacktrace = None\n        if isinstance(status, int):\n            value_json = response.get(\"value\", None)\n            if value_json and isinstance(value_json, str):\n                import json\n    \n                try:\n                    value = json.loads(value_json)\n                    if len(value) == 1:\n                        value = value[\"value\"]\n                    status = value.get(\"error\", None)\n                    if not status:\n                        status = value.get(\"status\", ErrorCode.UNKNOWN_ERROR)\n                        message = value.get(\"value\") or value.get(\"message\")\n                        if not isinstance(message, str):\n                            value = message\n                            message = message.get(\"message\")\n                    else:\n                        message = value.get(\"message\", None)\n                except ValueError:\n                    pass\n    \n        exception_class: Type[WebDriverException]\n        if status in ErrorCode.NO_SUCH_ELEMENT:\n            exception_class = NoSuchElementException\n        elif status in ErrorCode.NO_SUCH_FRAME:\n            exception_class = NoSuchFrameException\n        elif status in ErrorCode.NO_SUCH_SHADOW_ROOT:\n            exception_class = NoSuchShadowRootException\n        elif status in ErrorCode.NO_SUCH_WINDOW:\n            exception_class = NoSuchWindowException\n        elif status in ErrorCode.STALE_ELEMENT_REFERENCE:\n            exception_class = StaleElementReferenceException\n        elif status in ErrorCode.ELEMENT_NOT_VISIBLE:\n            exception_class = ElementNotVisibleException\n        elif status in ErrorCode.INVALID_ELEMENT_STATE:\n            exception_class = InvalidElementStateException\n        elif (\n            status in ErrorCode.INVALID_SELECTOR\n            or status in ErrorCode.INVALID_XPATH_SELECTOR\n            or status in ErrorCode.INVALID_XPATH_SELECTOR_RETURN_TYPER\n        ):\n            exception_class = InvalidSelectorException\n        elif status in ErrorCode.ELEMENT_IS_NOT_SELECTABLE:\n            exception_class = ElementNotSelectableException\n        elif status in ErrorCode.ELEMENT_NOT_INTERACTABLE:\n            exception_class = ElementNotInteractableException\n        elif status in ErrorCode.INVALID_COOKIE_DOMAIN:\n            exception_class = InvalidCookieDomainException\n        elif status in ErrorCode.UNABLE_TO_SET_COOKIE:\n            exception_class = UnableToSetCookieException\n        elif status in ErrorCode.TIMEOUT:\n            exception_class = TimeoutException\n        elif status in ErrorCode.SCRIPT_TIMEOUT:\n            exception_class = TimeoutException\n        elif status in ErrorCode.UNKNOWN_ERROR:\n            exception_class = WebDriverException\n        elif status in ErrorCode.UNEXPECTED_ALERT_OPEN:\n            exception_class = UnexpectedAlertPresentException\n        elif status in ErrorCode.NO_ALERT_OPEN:\n            exception_class = NoAlertPresentException\n        elif status in ErrorCode.IME_NOT_AVAILABLE:\n            exception_class = ImeNotAvailableException\n        elif status in ErrorCode.IME_ENGINE_ACTIVATION_FAILED:\n            exception_class = ImeActivationFailedException\n        elif status in ErrorCode.MOVE_TARGET_OUT_OF_BOUNDS:\n            exception_class = MoveTargetOutOfBoundsException\n        elif status in ErrorCode.JAVASCRIPT_ERROR:\n            exception_class = JavascriptException\n        elif status in ErrorCode.SESSION_NOT_CREATED:\n            exception_class = SessionNotCreatedException\n        elif status in ErrorCode.INVALID_ARGUMENT:\n            exception_class = InvalidArgumentException\n        elif status in ErrorCode.NO_SUCH_COOKIE:\n            exception_class = NoSuchCookieException\n        elif status in ErrorCode.UNABLE_TO_CAPTURE_SCREEN:\n            exception_class = ScreenshotException\n        elif status in ErrorCode.ELEMENT_CLICK_INTERCEPTED:\n            exception_class = ElementClickInterceptedException\n        elif status in ErrorCode.INSECURE_CERTIFICATE:\n            exception_class = InsecureCertificateException\n        elif status in ErrorCode.INVALID_COORDINATES:\n            exception_class = InvalidCoordinatesException\n        elif status in ErrorCode.INVALID_SESSION_ID:\n            exception_class = InvalidSessionIdException\n        elif status in ErrorCode.UNKNOWN_METHOD:\n            exception_class = UnknownMethodException\n        else:\n            exception_class = WebDriverException\n        if not value:\n            value = response[\"value\"]\n        if isinstance(value, str):\n            raise exception_class(value)\n        if message == \"\" and \"message\" in value:\n            message = value[\"message\"]\n    \n        screen = None  # type: ignore[assignment]\n        if \"screen\" in value:\n            screen = value[\"screen\"]\n    \n        stacktrace = None\n        st_value = value.get(\"stackTrace\") or value.get(\"stacktrace\")\n        if st_value:\n            if isinstance(st_value, str):\n                stacktrace = st_value.split(\"\\n\")\n            else:\n                stacktrace = []\n                try:\n                    for frame in st_value:\n                        line = frame.get(\"lineNumber\", \"\")\n                        file = frame.get(\"fileName\", \"<anonymous>\")\n                        if line:\n                            file = f\"{file}:{line}\"\n                        meth = frame.get(\"methodName\", \"<anonymous>\")\n                        if \"className\" in frame:\n                            meth = f\"{frame['className']}.{meth}\"\n                        msg = \"    at %s (%s)\"\n                        msg = msg % (meth, file)\n                        stacktrace.append(msg)\n                except TypeError:\n                    pass\n        if exception_class == UnexpectedAlertPresentException:\n            alert_text = None\n            if \"data\" in value:\n                alert_text = value[\"data\"].get(\"text\")\n            elif \"alert\" in value:\n                alert_text = value[\"alert\"].get(\"text\")\n            raise exception_class(message, screen, stacktrace, alert_text)  # type: ignore[call-arg]  # mypy is not smart enough here\n>       raise exception_class(message, screen, stacktrace)\nE       selenium.common.exceptions.NoSuchElementException: Message: no such element: Unable to locate element: {\"method\":\"xpath\",\"selector\":\"//input[@class='amount']\"}\nE         (Session info: headless chrome=119.0.6045.105); For documentation on this error, please visit: https://www.selenium.dev/documentation/webdriver/troubleshooting/errors#no-such-element-exception\nE       Stacktrace:\nE       #0 0x563bb6d435e3 <unknown>\nE       #1 0x563bb6a060b7 <unknown>\nE       #2 0x563bb6a53f53 <unknown>\nE       #3 0x563bb6a54051 <unknown>\nE       #4 0x563bb6a999c4 <unknown>\nE       #5 0x563bb6a7af1d <unknown>\nE       #6 0x563bb6a96b3d <unknown>\nE       #7 0x563bb6a7acc3 <unknown>\nE       #8 0x563bb6a460e4 <unknown>\nE       #9 0x563bb6a470ae <unknown>\nE       #10 0x563bb6d09ce1 <unknown>\nE       #11 0x563bb6d0db7e <unknown>\nE       #12 0x563bb6cf74b5 <unknown>\nE       #13 0x563bb6d0e7d6 <unknown>\nE       #14 0x563bb6cdadbf <unknown>\nE       #15 0x563bb6d31748 <unknown>\nE       #16 0x563bb6d31917 <unknown>\nE       #17 0x563bb6d42773 <unknown>\nE       #18 0x7f8a96711044 <unknown>\n\n/usr/local/lib/python3.11/site-packages/selenium/webdriver/remote/errorhandler.py:245: NoSuchElementException","flaky":false,"newFailed":false,"newBroken":false,"newPassed":false,"retriesCount":0,"retriesStatusChange":false,"beforeStages":[{"name":"_session_faker","time":{"start":1699318984244,"stop":1699318984335,"duration":91},"status":"passed","steps":[],"attachments":[],"parameters":[],"shouldDisplayMessage":false,"stepsCount":0,"attachmentsCount":0,"hasContent":false},{"name":"clear_allure_results_folder","time":{"start":1699318984335,"stop":1699318984336,"duration":1},"status":"passed","steps":[],"attachments":[],"parameters":[],"shouldDisplayMessage":false,"stepsCount":0,"attachmentsCount":0,"hasContent":false},{"name":"driver","time":{"start":1699319492611,"stop":1699319493406,"duration":795},"status":"passed","steps":[],"attachments":[],"parameters":[],"shouldDisplayMessage":false,"stepsCount":0,"attachmentsCount":0,"hasContent":false},{"name":"setup","time":{"start":1699319493406,"stop":1699319493406,"duration":0},"status":"passed","steps":[],"attachments":[],"parameters":[],"shouldDisplayMessage":false,"stepsCount":0,"attachmentsCount":0,"hasContent":false}],"testStage":{"status":"skipped","statusMessage":"XFAIL\n\nselenium.common.exceptions.NoSuchElementException: Message: no such element: Unable to locate element: {\"method\":\"xpath\",\"selector\":\"//input[@class='amount']\"}\n  (Session info: headless chrome=119.0.6045.105); For documentation on this error, please visit: https://www.selenium.dev/documentation/webdriver/troubleshooting/errors#no-such-element-exception\nStacktrace:\n#0 0x563bb6d435e3 <unknown>\n#1 0x563bb6a060b7 <unknown>\n#2 0x563bb6a53f53 <unknown>\n#3 0x563bb6a54051 <unknown>\n#4 0x563bb6a999c4 <unknown>\n#5 0x563bb6a7af1d <unknown>\n#6 0x563bb6a96b3d <unknown>\n#7 0x563bb6a7acc3 <unknown>\n#8 0x563bb6a460e4 <unknown>\n#9 0x563bb6a470ae <unknown>\n#10 0x563bb6d09ce1 <unknown>\n#11 0x563bb6d0db7e <unknown>\n#12 0x563bb6cf74b5 <unknown>\n#13 0x563bb6d0e7d6 <unknown>\n#14 0x563bb6cdadbf <unknown>\n#15 0x563bb6d31748 <unknown>\n#16 0x563bb6d31917 <unknown>\n#17 0x563bb6d42773 <unknown>\n#18 0x7f8a96711044 <unknown>","statusTrace":"self = <tests.delivery.test_delivery_calculation.TestDeliveryPageCalculation object at 0x7fe84938afd0>\ndriver = <selenium.webdriver.chrome.webdriver.WebDriver (session=\"cee90417b787a1a03f90f7772465b7cd\")>\nurl = 'https://sandboxtest.stroyrem-nn.ru/', case_id = 'TD 016'\nlink_item = 'products/shtukaturka-gipsovaya-aksolit-m50-30-kg-mashinnogo-naneseniya'\namount = 8, weight = 300, standard = 650, in_time = 2390, all_time = 3320\n\n    @pytest.mark.parametrize('case_id, link_item, amount, weight, standard, in_time, all_time', [\n        (\"TD 015\", bundeks_25, 1, 30, 650, 2390, 3320),\n        pytest.param(\n            \"TD 016\", aksolit_30, 8, 300, 650, 2390, 3320,\n            marks=pytest.mark.xfail(reson=\"Цена доставки: - - -\")\n        ),\n        (\"TD 017\", aksolit_30, 13, 400, 650, 2390, 3320),\n        (\"TD 018\", aksolit_30, 16, 500, 850, 2490, 3320),\n        (\"TD 019\", aksolit_30, 25, 1700, 1150, 2490, 3320),\n        (\"TD 020\", aksolit_30, 66, 2000, 1500, 2990, 3650),\n        (\"TD 021\", aksolit_30, 149, 4500, 2600, 4380, 4890),\n        (\"TD 022\", aksolit_30, 166, 5000, 2800, 5490, 5980),\n        pytest.param(\n            \"TD 023\", aksolit_30, 206, 6200, 3300, 7500, 8000,\n            marks=pytest.mark.xfail(reson=\"Цена доставки: 4300 9900 11440\")\n        ),\n        (\"TD 024\", aksolit_30, 299, 9000, 4300, 9900, 11440),\n        (\"TD 025\", aksolit_30, 333, 10000, 7000, 13900, 15900),\n        pytest.param(\n            \"TD 026\", aksolit_30, 366, 11000, 8000, 14900, 19900,\n            marks=pytest.mark.xfail(reson=\"Цена доставки: 7000 13900 15900\")\n        ),\n        pytest.param(\n            \"TD 027\", aksolit_30, 666, 20000, 14000, 16900, 23900,\n            marks=pytest.mark.xfail(reson=\"Цена доставки: 7000 13900 15900\")\n        )\n    ])\n    @pytest.mark.smoke\n    def test_positive_delivery_blue_zone_smoke(\n            self, driver, url, case_id, link_item, amount, weight, standard, in_time, all_time\n    ):\n        allure.dynamic.title(f\"{case_id} Доставка товара весом до {weight}кг. в синей зоне\")\n    \n        driver.get(f'{url}{link_item}')\n        item_page = ItemPage(driver)\n>       item_page.add_item_to_cart(amount).click_on_cart()\n\ntests/delivery/test_delivery_calculation.py:130: \n_ _ _ _ _ _ _ _ _ _ _ _ _ _ _ _ _ _ _ _ _ _ _ _ _ _ _ _ _ _ _ _ _ _ _ _ _ _ _ _ \npages/item_page.py:41: in add_item_to_cart\n    amount_field = self.find_element(self._item_amount)\nbase/seleniumbase.py:17: in find_element\n    return self.driver.find_element(*locator)\n/usr/local/lib/python3.11/site-packages/selenium/webdriver/remote/webdriver.py:740: in find_element\n    return self.execute(Command.FIND_ELEMENT, {\"using\": by, \"value\": value})[\"value\"]\n/usr/local/lib/python3.11/site-packages/selenium/webdriver/remote/webdriver.py:346: in execute\n    self.error_handler.check_response(response)\n_ _ _ _ _ _ _ _ _ _ _ _ _ _ _ _ _ _ _ _ _ _ _ _ _ _ _ _ _ _ _ _ _ _ _ _ _ _ _ _ \n\nself = <selenium.webdriver.remote.errorhandler.ErrorHandler object at 0x7fe847ec6f50>\nresponse = {'status': 404, 'value': '{\"value\":{\"error\":\"no such element\",\"message\":\"no such element: Unable to locate element: {\\...\\\\n#16 0x563bb6d31917 \\\\u003Cunknown>\\\\n#17 0x563bb6d42773 \\\\u003Cunknown>\\\\n#18 0x7f8a96711044 \\\\u003Cunknown>\\\\n\"}}'}\n\n    def check_response(self, response: Dict[str, Any]) -> None:\n        \"\"\"Checks that a JSON response from the WebDriver does not have an\n        error.\n    \n        :Args:\n         - response - The JSON response from the WebDriver server as a dictionary\n           object.\n    \n        :Raises: If the response contains an error message.\n        \"\"\"\n        status = response.get(\"status\", None)\n        if not status or status == ErrorCode.SUCCESS:\n            return\n        value = None\n        message = response.get(\"message\", \"\")\n        screen: str = response.get(\"screen\", \"\")\n        stacktrace = None\n        if isinstance(status, int):\n            value_json = response.get(\"value\", None)\n            if value_json and isinstance(value_json, str):\n                import json\n    \n                try:\n                    value = json.loads(value_json)\n                    if len(value) == 1:\n                        value = value[\"value\"]\n                    status = value.get(\"error\", None)\n                    if not status:\n                        status = value.get(\"status\", ErrorCode.UNKNOWN_ERROR)\n                        message = value.get(\"value\") or value.get(\"message\")\n                        if not isinstance(message, str):\n                            value = message\n                            message = message.get(\"message\")\n                    else:\n                        message = value.get(\"message\", None)\n                except ValueError:\n                    pass\n    \n        exception_class: Type[WebDriverException]\n        if status in ErrorCode.NO_SUCH_ELEMENT:\n            exception_class = NoSuchElementException\n        elif status in ErrorCode.NO_SUCH_FRAME:\n            exception_class = NoSuchFrameException\n        elif status in ErrorCode.NO_SUCH_SHADOW_ROOT:\n            exception_class = NoSuchShadowRootException\n        elif status in ErrorCode.NO_SUCH_WINDOW:\n            exception_class = NoSuchWindowException\n        elif status in ErrorCode.STALE_ELEMENT_REFERENCE:\n            exception_class = StaleElementReferenceException\n        elif status in ErrorCode.ELEMENT_NOT_VISIBLE:\n            exception_class = ElementNotVisibleException\n        elif status in ErrorCode.INVALID_ELEMENT_STATE:\n            exception_class = InvalidElementStateException\n        elif (\n            status in ErrorCode.INVALID_SELECTOR\n            or status in ErrorCode.INVALID_XPATH_SELECTOR\n            or status in ErrorCode.INVALID_XPATH_SELECTOR_RETURN_TYPER\n        ):\n            exception_class = InvalidSelectorException\n        elif status in ErrorCode.ELEMENT_IS_NOT_SELECTABLE:\n            exception_class = ElementNotSelectableException\n        elif status in ErrorCode.ELEMENT_NOT_INTERACTABLE:\n            exception_class = ElementNotInteractableException\n        elif status in ErrorCode.INVALID_COOKIE_DOMAIN:\n            exception_class = InvalidCookieDomainException\n        elif status in ErrorCode.UNABLE_TO_SET_COOKIE:\n            exception_class = UnableToSetCookieException\n        elif status in ErrorCode.TIMEOUT:\n            exception_class = TimeoutException\n        elif status in ErrorCode.SCRIPT_TIMEOUT:\n            exception_class = TimeoutException\n        elif status in ErrorCode.UNKNOWN_ERROR:\n            exception_class = WebDriverException\n        elif status in ErrorCode.UNEXPECTED_ALERT_OPEN:\n            exception_class = UnexpectedAlertPresentException\n        elif status in ErrorCode.NO_ALERT_OPEN:\n            exception_class = NoAlertPresentException\n        elif status in ErrorCode.IME_NOT_AVAILABLE:\n            exception_class = ImeNotAvailableException\n        elif status in ErrorCode.IME_ENGINE_ACTIVATION_FAILED:\n            exception_class = ImeActivationFailedException\n        elif status in ErrorCode.MOVE_TARGET_OUT_OF_BOUNDS:\n            exception_class = MoveTargetOutOfBoundsException\n        elif status in ErrorCode.JAVASCRIPT_ERROR:\n            exception_class = JavascriptException\n        elif status in ErrorCode.SESSION_NOT_CREATED:\n            exception_class = SessionNotCreatedException\n        elif status in ErrorCode.INVALID_ARGUMENT:\n            exception_class = InvalidArgumentException\n        elif status in ErrorCode.NO_SUCH_COOKIE:\n            exception_class = NoSuchCookieException\n        elif status in ErrorCode.UNABLE_TO_CAPTURE_SCREEN:\n            exception_class = ScreenshotException\n        elif status in ErrorCode.ELEMENT_CLICK_INTERCEPTED:\n            exception_class = ElementClickInterceptedException\n        elif status in ErrorCode.INSECURE_CERTIFICATE:\n            exception_class = InsecureCertificateException\n        elif status in ErrorCode.INVALID_COORDINATES:\n            exception_class = InvalidCoordinatesException\n        elif status in ErrorCode.INVALID_SESSION_ID:\n            exception_class = InvalidSessionIdException\n        elif status in ErrorCode.UNKNOWN_METHOD:\n            exception_class = UnknownMethodException\n        else:\n            exception_class = WebDriverException\n        if not value:\n            value = response[\"value\"]\n        if isinstance(value, str):\n            raise exception_class(value)\n        if message == \"\" and \"message\" in value:\n            message = value[\"message\"]\n    \n        screen = None  # type: ignore[assignment]\n        if \"screen\" in value:\n            screen = value[\"screen\"]\n    \n        stacktrace = None\n        st_value = value.get(\"stackTrace\") or value.get(\"stacktrace\")\n        if st_value:\n            if isinstance(st_value, str):\n                stacktrace = st_value.split(\"\\n\")\n            else:\n                stacktrace = []\n                try:\n                    for frame in st_value:\n                        line = frame.get(\"lineNumber\", \"\")\n                        file = frame.get(\"fileName\", \"<anonymous>\")\n                        if line:\n                            file = f\"{file}:{line}\"\n                        meth = frame.get(\"methodName\", \"<anonymous>\")\n                        if \"className\" in frame:\n                            meth = f\"{frame['className']}.{meth}\"\n                        msg = \"    at %s (%s)\"\n                        msg = msg % (meth, file)\n                        stacktrace.append(msg)\n                except TypeError:\n                    pass\n        if exception_class == UnexpectedAlertPresentException:\n            alert_text = None\n            if \"data\" in value:\n                alert_text = value[\"data\"].get(\"text\")\n            elif \"alert\" in value:\n                alert_text = value[\"alert\"].get(\"text\")\n            raise exception_class(message, screen, stacktrace, alert_text)  # type: ignore[call-arg]  # mypy is not smart enough here\n>       raise exception_class(message, screen, stacktrace)\nE       selenium.common.exceptions.NoSuchElementException: Message: no such element: Unable to locate element: {\"method\":\"xpath\",\"selector\":\"//input[@class='amount']\"}\nE         (Session info: headless chrome=119.0.6045.105); For documentation on this error, please visit: https://www.selenium.dev/documentation/webdriver/troubleshooting/errors#no-such-element-exception\nE       Stacktrace:\nE       #0 0x563bb6d435e3 <unknown>\nE       #1 0x563bb6a060b7 <unknown>\nE       #2 0x563bb6a53f53 <unknown>\nE       #3 0x563bb6a54051 <unknown>\nE       #4 0x563bb6a999c4 <unknown>\nE       #5 0x563bb6a7af1d <unknown>\nE       #6 0x563bb6a96b3d <unknown>\nE       #7 0x563bb6a7acc3 <unknown>\nE       #8 0x563bb6a460e4 <unknown>\nE       #9 0x563bb6a470ae <unknown>\nE       #10 0x563bb6d09ce1 <unknown>\nE       #11 0x563bb6d0db7e <unknown>\nE       #12 0x563bb6cf74b5 <unknown>\nE       #13 0x563bb6d0e7d6 <unknown>\nE       #14 0x563bb6cdadbf <unknown>\nE       #15 0x563bb6d31748 <unknown>\nE       #16 0x563bb6d31917 <unknown>\nE       #17 0x563bb6d42773 <unknown>\nE       #18 0x7f8a96711044 <unknown>\n\n/usr/local/lib/python3.11/site-packages/selenium/webdriver/remote/errorhandler.py:245: NoSuchElementException","steps":[{"name":"Добавляем товар в корзину в количестве 8","time":{"start":1699319497497,"stop":1699319497576,"duration":79},"status":"broken","statusMessage":"selenium.common.exceptions.NoSuchElementException: Message: no such element: Unable to locate element: {\"method\":\"xpath\",\"selector\":\"//input[@class='amount']\"}\n  (Session info: headless chrome=119.0.6045.105); For documentation on this error, please visit: https://www.selenium.dev/documentation/webdriver/troubleshooting/errors#no-such-element-exception\nStacktrace:\n#0 0x563bb6d435e3 <unknown>\n#1 0x563bb6a060b7 <unknown>\n#2 0x563bb6a53f53 <unknown>\n#3 0x563bb6a54051 <unknown>\n#4 0x563bb6a999c4 <unknown>\n#5 0x563bb6a7af1d <unknown>\n#6 0x563bb6a96b3d <unknown>\n#7 0x563bb6a7acc3 <unknown>\n#8 0x563bb6a460e4 <unknown>\n#9 0x563bb6a470ae <unknown>\n#10 0x563bb6d09ce1 <unknown>\n#11 0x563bb6d0db7e <unknown>\n#12 0x563bb6cf74b5 <unknown>\n#13 0x563bb6d0e7d6 <unknown>\n#14 0x563bb6cdadbf <unknown>\n#15 0x563bb6d31748 <unknown>\n#16 0x563bb6d31917 <unknown>\n#17 0x563bb6d42773 <unknown>\n#18 0x7f8a96711044 <unknown>\n\n","statusTrace":"  File \"/usr/local/lib/python3.11/site-packages/allure_commons/_allure.py\", line 192, in impl\n    return func(*a, **kw)\n           ^^^^^^^^^^^^^^\n  File \"/app/pages/item_page.py\", line 41, in add_item_to_cart\n    amount_field = self.find_element(self._item_amount)\n                   ^^^^^^^^^^^^^^^^^^^^^^^^^^^^^^^^^^^^\n  File \"/app/base/seleniumbase.py\", line 17, in find_element\n    return self.driver.find_element(*locator)\n           ^^^^^^^^^^^^^^^^^^^^^^^^^^^^^^^^^^\n  File \"/usr/local/lib/python3.11/site-packages/selenium/webdriver/remote/webdriver.py\", line 740, in find_element\n    return self.execute(Command.FIND_ELEMENT, {\"using\": by, \"value\": value})[\"value\"]\n           ^^^^^^^^^^^^^^^^^^^^^^^^^^^^^^^^^^^^^^^^^^^^^^^^^^^^^^^^^^^^^^^^^\n  File \"/usr/local/lib/python3.11/site-packages/selenium/webdriver/remote/webdriver.py\", line 346, in execute\n    self.error_handler.check_response(response)\n  File \"/usr/local/lib/python3.11/site-packages/selenium/webdriver/remote/errorhandler.py\", line 245, in check_response\n    raise exception_class(message, screen, stacktrace)\n","steps":[],"attachments":[],"parameters":[{"name":"amount","value":"8"}],"shouldDisplayMessage":true,"stepsCount":0,"attachmentsCount":0,"hasContent":true}],"attachments":[{"uid":"e9a8c32d3065672f","name":"Screenshot","source":"e9a8c32d3065672f.png","type":"image/png","size":115178},{"uid":"aa74f6222a5b651b","name":"HTML source","source":"aa74f6222a5b651b.html","type":"text/html","size":304287}],"parameters":[],"shouldDisplayMessage":true,"stepsCount":1,"attachmentsCount":2,"hasContent":true},"afterStages":[{"name":"setup::0","time":{"start":1699319497771,"stop":1699319497771,"duration":0},"status":"passed","steps":[],"attachments":[],"parameters":[],"shouldDisplayMessage":false,"stepsCount":0,"attachmentsCount":0,"hasContent":false},{"name":"driver::0","time":{"start":1699319497771,"stop":1699319497835,"duration":64},"status":"passed","steps":[],"attachments":[],"parameters":[],"shouldDisplayMessage":false,"stepsCount":0,"attachmentsCount":0,"hasContent":false}],"labels":[{"name":"epic","value":"Delivery Page - calculation"},{"name":"tag","value":"smoke"},{"name":"tag","value":"@pytest.mark.xfail(reson='Цена доставки: - - -')"},{"name":"parentSuite","value":"tests.delivery"},{"name":"suite","value":"test_delivery_calculation"},{"name":"subSuite","value":"TestDeliveryPageCalculation"},{"name":"host","value":"e7d85229bc17"},{"name":"thread","value":"1-MainThread"},{"name":"framework","value":"pytest"},{"name":"language","value":"cpython3"},{"name":"package","value":"tests.delivery.test_delivery_calculation"},{"name":"resultFormat","value":"allure2"}],"parameters":[{"name":"all_time","value":"3320"},{"name":"amount","value":"8"},{"name":"case_id","value":"'TD 016'"},{"name":"in_time","value":"2390"},{"name":"link_item","value":"'products/shtukaturka-gipsovaya-aksolit-m50-30-kg-mashinnogo-naneseniya'"},{"name":"standard","value":"650"},{"name":"url","value":"'https://sandboxtest.stroyrem-nn.ru/'"},{"name":"weight","value":"300"}],"links":[],"hidden":false,"retry":false,"extra":{"severity":"normal","retries":[],"categories":[],"history":{"statistic":{"failed":0,"broken":0,"skipped":69,"passed":0,"unknown":0,"total":69},"items":[{"uid":"d16daa64aee2f10c","reportUrl":"https://zaelcovsky.github.io/StroyremAutomation/132//#testresult/d16daa64aee2f10c","status":"skipped","statusDetails":"XFAIL\n\nselenium.common.exceptions.NoSuchElementException: Message: no such element: Unable to locate element: {\"method\":\"xpath\",\"selector\":\"//input[@class='amount']\"}\n  (Session info: headless chrome=119.0.6045.105); For documentation on this error, please visit: https://www.selenium.dev/documentation/webdriver/troubleshooting/errors#no-such-element-exception\nStacktrace:\n#0 0x55c0537955e3 <unknown>\n#1 0x55c0534580b7 <unknown>\n#2 0x55c0534a5f53 <unknown>\n#3 0x55c0534a6051 <unknown>\n#4 0x55c0534eb9c4 <unknown>\n#5 0x55c0534ccf1d <unknown>\n#6 0x55c0534e8b3d <unknown>\n#7 0x55c0534cccc3 <unknown>\n#8 0x55c0534980e4 <unknown>\n#9 0x55c0534990ae <unknown>\n#10 0x55c05375bce1 <unknown>\n#11 0x55c05375fb7e <unknown>\n#12 0x55c0537494b5 <unknown>\n#13 0x55c0537607d6 <unknown>\n#14 0x55c05372cdbf <unknown>\n#15 0x55c053783748 <unknown>\n#16 0x55c053783917 <unknown>\n#17 0x55c053794773 <unknown>\n#18 0x7fa237c94044 <unknown>","time":{"start":1699233139863,"stop":1699233143741,"duration":3878}},{"uid":"de9eb1950f4f57c7","reportUrl":"https://zaelcovsky.github.io/StroyremAutomation/131//#testresult/de9eb1950f4f57c7","status":"skipped","statusDetails":"XFAIL\n\nselenium.common.exceptions.NoSuchElementException: Message: no such element: Unable to locate element: {\"method\":\"xpath\",\"selector\":\"//input[@class='amount']\"}\n  (Session info: headless chrome=119.0.6045.105); For documentation on this error, please visit: https://www.selenium.dev/documentation/webdriver/troubleshooting/errors#no-such-element-exception\nStacktrace:\n#0 0x558bf88a95e3 <unknown>\n#1 0x558bf856c0b7 <unknown>\n#2 0x558bf85b9f53 <unknown>\n#3 0x558bf85ba051 <unknown>\n#4 0x558bf85ff9c4 <unknown>\n#5 0x558bf85e0f1d <unknown>\n#6 0x558bf85fcb3d <unknown>\n#7 0x558bf85e0cc3 <unknown>\n#8 0x558bf85ac0e4 <unknown>\n#9 0x558bf85ad0ae <unknown>\n#10 0x558bf886fce1 <unknown>\n#11 0x558bf8873b7e <unknown>\n#12 0x558bf885d4b5 <unknown>\n#13 0x558bf88747d6 <unknown>\n#14 0x558bf8840dbf <unknown>\n#15 0x558bf8897748 <unknown>\n#16 0x558bf8897917 <unknown>\n#17 0x558bf88a8773 <unknown>\n#18 0x7f9422626044 <unknown>","time":{"start":1699146899312,"stop":1699146905695,"duration":6383}},{"uid":"cfe80539ad56e6a2","reportUrl":"https://zaelcovsky.github.io/StroyremAutomation/130//#testresult/cfe80539ad56e6a2","status":"skipped","statusDetails":"XFAIL\n\nselenium.common.exceptions.NoSuchElementException: Message: no such element: Unable to locate element: {\"method\":\"xpath\",\"selector\":\"//input[@class='amount']\"}\n  (Session info: headless chrome=119.0.6045.105); For documentation on this error, please visit: https://www.selenium.dev/documentation/webdriver/troubleshooting/errors#no-such-element-exception\nStacktrace:\n#0 0x560bd1aeb5e3 <unknown>\n#1 0x560bd17ae0b7 <unknown>\n#2 0x560bd17fbf53 <unknown>\n#3 0x560bd17fc051 <unknown>\n#4 0x560bd18419c4 <unknown>\n#5 0x560bd1822f1d <unknown>\n#6 0x560bd183eb3d <unknown>\n#7 0x560bd1822cc3 <unknown>\n#8 0x560bd17ee0e4 <unknown>\n#9 0x560bd17ef0ae <unknown>\n#10 0x560bd1ab1ce1 <unknown>\n#11 0x560bd1ab5b7e <unknown>\n#12 0x560bd1a9f4b5 <unknown>\n#13 0x560bd1ab67d6 <unknown>\n#14 0x560bd1a82dbf <unknown>\n#15 0x560bd1ad9748 <unknown>\n#16 0x560bd1ad9917 <unknown>\n#17 0x560bd1aea773 <unknown>\n#18 0x7f3d6e65d044 <unknown>","time":{"start":1699060191576,"stop":1699060196332,"duration":4756}},{"uid":"31bb03814e62eda2","reportUrl":"https://zaelcovsky.github.io/StroyremAutomation/129//#testresult/31bb03814e62eda2","status":"skipped","statusDetails":"XFAIL\n\nselenium.common.exceptions.NoSuchElementException: Message: no such element: Unable to locate element: {\"method\":\"xpath\",\"selector\":\"//input[@class='amount']\"}\n  (Session info: headless chrome=119.0.6045.105); For documentation on this error, please visit: https://www.selenium.dev/documentation/webdriver/troubleshooting/errors#no-such-element-exception\nStacktrace:\n#0 0x556402c465e3 <unknown>\n#1 0x5564029090b7 <unknown>\n#2 0x556402956f53 <unknown>\n#3 0x556402957051 <unknown>\n#4 0x55640299c9c4 <unknown>\n#5 0x55640297df1d <unknown>\n#6 0x556402999b3d <unknown>\n#7 0x55640297dcc3 <unknown>\n#8 0x5564029490e4 <unknown>\n#9 0x55640294a0ae <unknown>\n#10 0x556402c0cce1 <unknown>\n#11 0x556402c10b7e <unknown>\n#12 0x556402bfa4b5 <unknown>\n#13 0x556402c117d6 <unknown>\n#14 0x556402bdddbf <unknown>\n#15 0x556402c34748 <unknown>\n#16 0x556402c34917 <unknown>\n#17 0x556402c45773 <unknown>\n#18 0x7fe48cb04044 <unknown>","time":{"start":1698973779396,"stop":1698973784612,"duration":5216}},{"uid":"7868fe7cc3613569","reportUrl":"https://zaelcovsky.github.io/StroyremAutomation/128//#testresult/7868fe7cc3613569","status":"skipped","statusDetails":"XFAIL\n\nselenium.common.exceptions.NoSuchElementException: Message: no such element: Unable to locate element: {\"method\":\"xpath\",\"selector\":\"//input[@class='amount']\"}\n  (Session info: headless chrome=119.0.6045.105); For documentation on this error, please visit: https://www.selenium.dev/documentation/webdriver/troubleshooting/errors#no-such-element-exception\nStacktrace:\n#0 0x561e0c6635e3 <unknown>\n#1 0x561e0c3260b7 <unknown>\n#2 0x561e0c373f53 <unknown>\n#3 0x561e0c374051 <unknown>\n#4 0x561e0c3b99c4 <unknown>\n#5 0x561e0c39af1d <unknown>\n#6 0x561e0c3b6b3d <unknown>\n#7 0x561e0c39acc3 <unknown>\n#8 0x561e0c3660e4 <unknown>\n#9 0x561e0c3670ae <unknown>\n#10 0x561e0c629ce1 <unknown>\n#11 0x561e0c62db7e <unknown>\n#12 0x561e0c6174b5 <unknown>\n#13 0x561e0c62e7d6 <unknown>\n#14 0x561e0c5fadbf <unknown>\n#15 0x561e0c651748 <unknown>\n#16 0x561e0c651917 <unknown>\n#17 0x561e0c662773 <unknown>\n#18 0x7f5c564d9044 <unknown>","time":{"start":1698887360704,"stop":1698887365644,"duration":4940}},{"uid":"3e91424b2eda2528","reportUrl":"https://zaelcovsky.github.io/StroyremAutomation/127//#testresult/3e91424b2eda2528","status":"skipped","statusDetails":"XFAIL\n\nselenium.common.exceptions.NoSuchElementException: Message: no such element: Unable to locate element: {\"method\":\"xpath\",\"selector\":\"//input[@class='amount']\"}\n  (Session info: headless chrome=119.0.6045.105); For documentation on this error, please visit: https://www.selenium.dev/documentation/webdriver/troubleshooting/errors#no-such-element-exception\nStacktrace:\n#0 0x562765ef45e3 <unknown>\n#1 0x562765bb70b7 <unknown>\n#2 0x562765c04f53 <unknown>\n#3 0x562765c05051 <unknown>\n#4 0x562765c4a9c4 <unknown>\n#5 0x562765c2bf1d <unknown>\n#6 0x562765c47b3d <unknown>\n#7 0x562765c2bcc3 <unknown>\n#8 0x562765bf70e4 <unknown>\n#9 0x562765bf80ae <unknown>\n#10 0x562765ebace1 <unknown>\n#11 0x562765ebeb7e <unknown>\n#12 0x562765ea84b5 <unknown>\n#13 0x562765ebf7d6 <unknown>\n#14 0x562765e8bdbf <unknown>\n#15 0x562765ee2748 <unknown>\n#16 0x562765ee2917 <unknown>\n#17 0x562765ef3773 <unknown>\n#18 0x7f8a8adea044 <unknown>","time":{"start":1698801253874,"stop":1698801258674,"duration":4800}},{"uid":"c5c72356df4dbb86","reportUrl":"https://zaelcovsky.github.io/StroyremAutomation/126//#testresult/c5c72356df4dbb86","status":"skipped","statusDetails":"XFAIL\n\nselenium.common.exceptions.NoSuchElementException: Message: no such element: Unable to locate element: {\"method\":\"xpath\",\"selector\":\"//input[@class='amount']\"}\n  (Session info: headless chrome=118.0.5993.70); For documentation on this error, please visit: https://www.selenium.dev/documentation/webdriver/troubleshooting/errors#no-such-element-exception\nStacktrace:\n#0 0x559ecdac3fb3 <unknown>\n#1 0x559ecd7974a7 <unknown>\n#2 0x559ecd7dedd6 <unknown>\n#3 0x559ecd7deec1 <unknown>\n#4 0x559ecd81c354 <unknown>\n#5 0x559ecd80096d <unknown>\n#6 0x559ecd819c02 <unknown>\n#7 0x559ecd800713 <unknown>\n#8 0x559ecd7d318b <unknown>\n#9 0x559ecd7d3f7e <unknown>\n#10 0x559ecda898d8 <unknown>\n#11 0x559ecda8d800 <unknown>\n#12 0x559ecda97cfc <unknown>\n#13 0x559ecda8e418 <unknown>\n#14 0x559ecda5b42f <unknown>\n#15 0x559ecdab24e8 <unknown>\n#16 0x559ecdab26b4 <unknown>\n#17 0x559ecdac3143 <unknown>\n#18 0x7fc173079044 <unknown>","time":{"start":1698714586286,"stop":1698714590566,"duration":4280}},{"uid":"c309a109e809d560","reportUrl":"https://zaelcovsky.github.io/StroyremAutomation/125//#testresult/c309a109e809d560","status":"skipped","statusDetails":"XFAIL\n\nselenium.common.exceptions.NoSuchElementException: Message: no such element: Unable to locate element: {\"method\":\"xpath\",\"selector\":\"//input[@class='amount']\"}\n  (Session info: headless chrome=118.0.5993.70); For documentation on this error, please visit: https://www.selenium.dev/documentation/webdriver/troubleshooting/errors#no-such-element-exception\nStacktrace:\n#0 0x55a69649efb3 <unknown>\n#1 0x55a6961724a7 <unknown>\n#2 0x55a6961b9dd6 <unknown>\n#3 0x55a6961b9ec1 <unknown>\n#4 0x55a6961f7354 <unknown>\n#5 0x55a6961db96d <unknown>\n#6 0x55a6961f4c02 <unknown>\n#7 0x55a6961db713 <unknown>\n#8 0x55a6961ae18b <unknown>\n#9 0x55a6961aef7e <unknown>\n#10 0x55a6964648d8 <unknown>\n#11 0x55a696468800 <unknown>\n#12 0x55a696472cfc <unknown>\n#13 0x55a696469418 <unknown>\n#14 0x55a69643642f <unknown>\n#15 0x55a69648d4e8 <unknown>\n#16 0x55a69648d6b4 <unknown>\n#17 0x55a69649e143 <unknown>\n#18 0x7f98d766c044 <unknown>","time":{"start":1698628162621,"stop":1698628167027,"duration":4406}},{"uid":"ec2ee8db241a59c2","reportUrl":"https://zaelcovsky.github.io/StroyremAutomation/124//#testresult/ec2ee8db241a59c2","status":"skipped","statusDetails":"XFAIL\n\nselenium.common.exceptions.NoSuchElementException: Message: no such element: Unable to locate element: {\"method\":\"xpath\",\"selector\":\"//input[@class='amount']\"}\n  (Session info: headless chrome=118.0.5993.70); For documentation on this error, please visit: https://www.selenium.dev/documentation/webdriver/troubleshooting/errors#no-such-element-exception\nStacktrace:\n#0 0x55ef8d9b3fb3 <unknown>\n#1 0x55ef8d6874a7 <unknown>\n#2 0x55ef8d6cedd6 <unknown>\n#3 0x55ef8d6ceec1 <unknown>\n#4 0x55ef8d70c354 <unknown>\n#5 0x55ef8d6f096d <unknown>\n#6 0x55ef8d709c02 <unknown>\n#7 0x55ef8d6f0713 <unknown>\n#8 0x55ef8d6c318b <unknown>\n#9 0x55ef8d6c3f7e <unknown>\n#10 0x55ef8d9798d8 <unknown>\n#11 0x55ef8d97d800 <unknown>\n#12 0x55ef8d987cfc <unknown>\n#13 0x55ef8d97e418 <unknown>\n#14 0x55ef8d94b42f <unknown>\n#15 0x55ef8d9a24e8 <unknown>\n#16 0x55ef8d9a26b4 <unknown>\n#17 0x55ef8d9b3143 <unknown>\n#18 0x7f2fda58b044 <unknown>","time":{"start":1698541944507,"stop":1698541948472,"duration":3965}},{"uid":"df3f9cfd3abed75c","reportUrl":"https://zaelcovsky.github.io/StroyremAutomation/123//#testresult/df3f9cfd3abed75c","status":"skipped","statusDetails":"XFAIL\n\nselenium.common.exceptions.NoSuchElementException: Message: no such element: Unable to locate element: {\"method\":\"xpath\",\"selector\":\"//input[@class='amount']\"}\n  (Session info: headless chrome=118.0.5993.70); For documentation on this error, please visit: https://www.selenium.dev/documentation/webdriver/troubleshooting/errors#no-such-element-exception\nStacktrace:\n#0 0x562cbe455fb3 <unknown>\n#1 0x562cbe1294a7 <unknown>\n#2 0x562cbe170dd6 <unknown>\n#3 0x562cbe170ec1 <unknown>\n#4 0x562cbe1ae354 <unknown>\n#5 0x562cbe19296d <unknown>\n#6 0x562cbe1abc02 <unknown>\n#7 0x562cbe192713 <unknown>\n#8 0x562cbe16518b <unknown>\n#9 0x562cbe165f7e <unknown>\n#10 0x562cbe41b8d8 <unknown>\n#11 0x562cbe41f800 <unknown>\n#12 0x562cbe429cfc <unknown>\n#13 0x562cbe420418 <unknown>\n#14 0x562cbe3ed42f <unknown>\n#15 0x562cbe4444e8 <unknown>\n#16 0x562cbe4446b4 <unknown>\n#17 0x562cbe455143 <unknown>\n#18 0x7fc6943c7044 <unknown>","time":{"start":1698455264239,"stop":1698455269589,"duration":5350}},{"uid":"e705167e84a23cd1","reportUrl":"https://zaelcovsky.github.io/StroyremAutomation/122//#testresult/e705167e84a23cd1","status":"skipped","statusDetails":"XFAIL\n\nselenium.common.exceptions.NoSuchElementException: Message: no such element: Unable to locate element: {\"method\":\"xpath\",\"selector\":\"//input[@class='amount']\"}\n  (Session info: headless chrome=118.0.5993.70); For documentation on this error, please visit: https://www.selenium.dev/documentation/webdriver/troubleshooting/errors#no-such-element-exception\nStacktrace:\n#0 0x564059d3cfb3 <unknown>\n#1 0x564059a104a7 <unknown>\n#2 0x564059a57dd6 <unknown>\n#3 0x564059a57ec1 <unknown>\n#4 0x564059a95354 <unknown>\n#5 0x564059a7996d <unknown>\n#6 0x564059a92c02 <unknown>\n#7 0x564059a79713 <unknown>\n#8 0x564059a4c18b <unknown>\n#9 0x564059a4cf7e <unknown>\n#10 0x564059d028d8 <unknown>\n#11 0x564059d06800 <unknown>\n#12 0x564059d10cfc <unknown>\n#13 0x564059d07418 <unknown>\n#14 0x564059cd442f <unknown>\n#15 0x564059d2b4e8 <unknown>\n#16 0x564059d2b6b4 <unknown>\n#17 0x564059d3c143 <unknown>\n#18 0x7f9bb4895044 <unknown>","time":{"start":1698368896523,"stop":1698368901003,"duration":4480}},{"uid":"633036e8081ff18","reportUrl":"https://zaelcovsky.github.io/StroyremAutomation/121//#testresult/633036e8081ff18","status":"skipped","statusDetails":"XFAIL\n\nselenium.common.exceptions.NoSuchElementException: Message: no such element: Unable to locate element: {\"method\":\"xpath\",\"selector\":\"//input[@class='amount']\"}\n  (Session info: headless chrome=118.0.5993.70); For documentation on this error, please visit: https://www.selenium.dev/documentation/webdriver/troubleshooting/errors#no-such-element-exception\nStacktrace:\n#0 0x558933798fb3 <unknown>\n#1 0x55893346c4a7 <unknown>\n#2 0x5589334b3dd6 <unknown>\n#3 0x5589334b3ec1 <unknown>\n#4 0x5589334f1354 <unknown>\n#5 0x5589334d596d <unknown>\n#6 0x5589334eec02 <unknown>\n#7 0x5589334d5713 <unknown>\n#8 0x5589334a818b <unknown>\n#9 0x5589334a8f7e <unknown>\n#10 0x55893375e8d8 <unknown>\n#11 0x558933762800 <unknown>\n#12 0x55893376ccfc <unknown>\n#13 0x558933763418 <unknown>\n#14 0x55893373042f <unknown>\n#15 0x5589337874e8 <unknown>\n#16 0x5589337876b4 <unknown>\n#17 0x558933798143 <unknown>\n#18 0x7f2011104044 <unknown>","time":{"start":1698282504709,"stop":1698282514398,"duration":9689}},{"uid":"7e8b7a844030c65e","reportUrl":"https://zaelcovsky.github.io/StroyremAutomation/120//#testresult/7e8b7a844030c65e","status":"skipped","statusDetails":"XFAIL\n\nselenium.common.exceptions.NoSuchElementException: Message: no such element: Unable to locate element: {\"method\":\"xpath\",\"selector\":\"//input[@class='amount']\"}\n  (Session info: headless chrome=118.0.5993.70); For documentation on this error, please visit: https://www.selenium.dev/documentation/webdriver/troubleshooting/errors#no-such-element-exception\nStacktrace:\n#0 0x561504466fb3 <unknown>\n#1 0x56150413a4a7 <unknown>\n#2 0x561504181dd6 <unknown>\n#3 0x561504181ec1 <unknown>\n#4 0x5615041bf354 <unknown>\n#5 0x5615041a396d <unknown>\n#6 0x5615041bcc02 <unknown>\n#7 0x5615041a3713 <unknown>\n#8 0x56150417618b <unknown>\n#9 0x561504176f7e <unknown>\n#10 0x56150442c8d8 <unknown>\n#11 0x561504430800 <unknown>\n#12 0x56150443acfc <unknown>\n#13 0x561504431418 <unknown>\n#14 0x5615043fe42f <unknown>\n#15 0x5615044554e8 <unknown>\n#16 0x5615044556b4 <unknown>\n#17 0x561504466143 <unknown>\n#18 0x7f86641e5044 <unknown>","time":{"start":1698196131256,"stop":1698196135511,"duration":4255}},{"uid":"5f1f245b1e1fb2fc","reportUrl":"https://zaelcovsky.github.io/StroyremAutomation/119//#testresult/5f1f245b1e1fb2fc","status":"skipped","statusDetails":"XFAIL\n\nselenium.common.exceptions.NoSuchElementException: Message: no such element: Unable to locate element: {\"method\":\"xpath\",\"selector\":\"//input[@class='amount']\"}\n  (Session info: headless chrome=118.0.5993.70); For documentation on this error, please visit: https://www.selenium.dev/documentation/webdriver/troubleshooting/errors#no-such-element-exception\nStacktrace:\n#0 0x55b5a2d51fb3 <unknown>\n#1 0x55b5a2a254a7 <unknown>\n#2 0x55b5a2a6cdd6 <unknown>\n#3 0x55b5a2a6cec1 <unknown>\n#4 0x55b5a2aaa354 <unknown>\n#5 0x55b5a2a8e96d <unknown>\n#6 0x55b5a2aa7c02 <unknown>\n#7 0x55b5a2a8e713 <unknown>\n#8 0x55b5a2a6118b <unknown>\n#9 0x55b5a2a61f7e <unknown>\n#10 0x55b5a2d178d8 <unknown>\n#11 0x55b5a2d1b800 <unknown>\n#12 0x55b5a2d25cfc <unknown>\n#13 0x55b5a2d1c418 <unknown>\n#14 0x55b5a2ce942f <unknown>\n#15 0x55b5a2d404e8 <unknown>\n#16 0x55b5a2d406b4 <unknown>\n#17 0x55b5a2d51143 <unknown>\n#18 0x7f5981253044 <unknown>","time":{"start":1698109802164,"stop":1698109807526,"duration":5362}},{"uid":"aa6c07c5ebbe09d6","reportUrl":"https://zaelcovsky.github.io/StroyremAutomation/118//#testresult/aa6c07c5ebbe09d6","status":"skipped","statusDetails":"XFAIL\n\nselenium.common.exceptions.NoSuchElementException: Message: no such element: Unable to locate element: {\"method\":\"xpath\",\"selector\":\"//input[@class='amount']\"}\n  (Session info: headless chrome=118.0.5993.70); For documentation on this error, please visit: https://www.selenium.dev/documentation/webdriver/troubleshooting/errors#no-such-element-exception\nStacktrace:\n#0 0x5632b85dbfb3 <unknown>\n#1 0x5632b82af4a7 <unknown>\n#2 0x5632b82f6dd6 <unknown>\n#3 0x5632b82f6ec1 <unknown>\n#4 0x5632b8334354 <unknown>\n#5 0x5632b831896d <unknown>\n#6 0x5632b8331c02 <unknown>\n#7 0x5632b8318713 <unknown>\n#8 0x5632b82eb18b <unknown>\n#9 0x5632b82ebf7e <unknown>\n#10 0x5632b85a18d8 <unknown>\n#11 0x5632b85a5800 <unknown>\n#12 0x5632b85afcfc <unknown>\n#13 0x5632b85a6418 <unknown>\n#14 0x5632b857342f <unknown>\n#15 0x5632b85ca4e8 <unknown>\n#16 0x5632b85ca6b4 <unknown>\n#17 0x5632b85db143 <unknown>\n#18 0x7f4971c34044 <unknown>","time":{"start":1698023379580,"stop":1698023384161,"duration":4581}},{"uid":"46554034c9ac003f","reportUrl":"https://zaelcovsky.github.io/StroyremAutomation/117//#testresult/46554034c9ac003f","status":"skipped","statusDetails":"XFAIL\n\nselenium.common.exceptions.NoSuchElementException: Message: no such element: Unable to locate element: {\"method\":\"xpath\",\"selector\":\"//input[@class='amount']\"}\n  (Session info: headless chrome=118.0.5993.70); For documentation on this error, please visit: https://www.selenium.dev/documentation/webdriver/troubleshooting/errors#no-such-element-exception\nStacktrace:\n#0 0x55d4d6cb7fb3 <unknown>\n#1 0x55d4d698b4a7 <unknown>\n#2 0x55d4d69d2dd6 <unknown>\n#3 0x55d4d69d2ec1 <unknown>\n#4 0x55d4d6a10354 <unknown>\n#5 0x55d4d69f496d <unknown>\n#6 0x55d4d6a0dc02 <unknown>\n#7 0x55d4d69f4713 <unknown>\n#8 0x55d4d69c718b <unknown>\n#9 0x55d4d69c7f7e <unknown>\n#10 0x55d4d6c7d8d8 <unknown>\n#11 0x55d4d6c81800 <unknown>\n#12 0x55d4d6c8bcfc <unknown>\n#13 0x55d4d6c82418 <unknown>\n#14 0x55d4d6c4f42f <unknown>\n#15 0x55d4d6ca64e8 <unknown>\n#16 0x55d4d6ca66b4 <unknown>\n#17 0x55d4d6cb7143 <unknown>\n#18 0x7ff24a47a044 <unknown>","time":{"start":1697937176358,"stop":1697937180523,"duration":4165}},{"uid":"4e3600686920e870","reportUrl":"https://zaelcovsky.github.io/StroyremAutomation/116//#testresult/4e3600686920e870","status":"skipped","statusDetails":"XFAIL\n\nselenium.common.exceptions.NoSuchElementException: Message: no such element: Unable to locate element: {\"method\":\"xpath\",\"selector\":\"//input[@class='amount']\"}\n  (Session info: headless chrome=118.0.5993.70); For documentation on this error, please visit: https://www.selenium.dev/documentation/webdriver/troubleshooting/errors#no-such-element-exception\nStacktrace:\n#0 0x563ec39dafb3 <unknown>\n#1 0x563ec36ae4a7 <unknown>\n#2 0x563ec36f5dd6 <unknown>\n#3 0x563ec36f5ec1 <unknown>\n#4 0x563ec3733354 <unknown>\n#5 0x563ec371796d <unknown>\n#6 0x563ec3730c02 <unknown>\n#7 0x563ec3717713 <unknown>\n#8 0x563ec36ea18b <unknown>\n#9 0x563ec36eaf7e <unknown>\n#10 0x563ec39a08d8 <unknown>\n#11 0x563ec39a4800 <unknown>\n#12 0x563ec39aecfc <unknown>\n#13 0x563ec39a5418 <unknown>\n#14 0x563ec397242f <unknown>\n#15 0x563ec39c94e8 <unknown>\n#16 0x563ec39c96b4 <unknown>\n#17 0x563ec39da143 <unknown>\n#18 0x7fc008278044 <unknown>","time":{"start":1697850484182,"stop":1697850489158,"duration":4976}},{"uid":"1091f71fbfd898a","reportUrl":"https://zaelcovsky.github.io/StroyremAutomation/115//#testresult/1091f71fbfd898a","status":"skipped","statusDetails":"XFAIL\n\nselenium.common.exceptions.NoSuchElementException: Message: no such element: Unable to locate element: {\"method\":\"xpath\",\"selector\":\"//input[@class='amount']\"}\n  (Session info: headless chrome=118.0.5993.70); For documentation on this error, please visit: https://www.selenium.dev/documentation/webdriver/troubleshooting/errors#no-such-element-exception\nStacktrace:\n#0 0x5640e3dcafb3 <unknown>\n#1 0x5640e3a9e4a7 <unknown>\n#2 0x5640e3ae5dd6 <unknown>\n#3 0x5640e3ae5ec1 <unknown>\n#4 0x5640e3b23354 <unknown>\n#5 0x5640e3b0796d <unknown>\n#6 0x5640e3b20c02 <unknown>\n#7 0x5640e3b07713 <unknown>\n#8 0x5640e3ada18b <unknown>\n#9 0x5640e3adaf7e <unknown>\n#10 0x5640e3d908d8 <unknown>\n#11 0x5640e3d94800 <unknown>\n#12 0x5640e3d9ecfc <unknown>\n#13 0x5640e3d95418 <unknown>\n#14 0x5640e3d6242f <unknown>\n#15 0x5640e3db94e8 <unknown>\n#16 0x5640e3db96b4 <unknown>\n#17 0x5640e3dca143 <unknown>\n#18 0x7fc9f7c06044 <unknown>","time":{"start":1697764225459,"stop":1697764230510,"duration":5051}},{"uid":"b0848fc31bb2311c","reportUrl":"https://zaelcovsky.github.io/StroyremAutomation/114//#testresult/b0848fc31bb2311c","status":"skipped","statusDetails":"XFAIL\n\nselenium.common.exceptions.NoSuchElementException: Message: no such element: Unable to locate element: {\"method\":\"xpath\",\"selector\":\"//input[@class='amount']\"}\n  (Session info: headless chrome=118.0.5993.70); For documentation on this error, please visit: https://www.selenium.dev/documentation/webdriver/troubleshooting/errors#no-such-element-exception\nStacktrace:\n#0 0x55cc8a55efb3 <unknown>\n#1 0x55cc8a2324a7 <unknown>\n#2 0x55cc8a279dd6 <unknown>\n#3 0x55cc8a279ec1 <unknown>\n#4 0x55cc8a2b7354 <unknown>\n#5 0x55cc8a29b96d <unknown>\n#6 0x55cc8a2b4c02 <unknown>\n#7 0x55cc8a29b713 <unknown>\n#8 0x55cc8a26e18b <unknown>\n#9 0x55cc8a26ef7e <unknown>\n#10 0x55cc8a5248d8 <unknown>\n#11 0x55cc8a528800 <unknown>\n#12 0x55cc8a532cfc <unknown>\n#13 0x55cc8a529418 <unknown>\n#14 0x55cc8a4f642f <unknown>\n#15 0x55cc8a54d4e8 <unknown>\n#16 0x55cc8a54d6b4 <unknown>\n#17 0x55cc8a55e143 <unknown>\n#18 0x7f16f5c2b044 <unknown>","time":{"start":1697677828917,"stop":1697677834930,"duration":6013}},{"uid":"8137a5c8980bfa5a","reportUrl":"https://zaelcovsky.github.io/StroyremAutomation/113//#testresult/8137a5c8980bfa5a","status":"skipped","statusDetails":"XFAIL\n\nselenium.common.exceptions.NoSuchElementException: Message: no such element: Unable to locate element: {\"method\":\"xpath\",\"selector\":\"//input[@class='amount']\"}\n  (Session info: headless chrome=118.0.5993.70); For documentation on this error, please visit: https://www.selenium.dev/documentation/webdriver/troubleshooting/errors#no-such-element-exception\nStacktrace:\n#0 0x56518ed66fb3 <unknown>\n#1 0x56518ea3a4a7 <unknown>\n#2 0x56518ea81dd6 <unknown>\n#3 0x56518ea81ec1 <unknown>\n#4 0x56518eabf354 <unknown>\n#5 0x56518eaa396d <unknown>\n#6 0x56518eabcc02 <unknown>\n#7 0x56518eaa3713 <unknown>\n#8 0x56518ea7618b <unknown>\n#9 0x56518ea76f7e <unknown>\n#10 0x56518ed2c8d8 <unknown>\n#11 0x56518ed30800 <unknown>\n#12 0x56518ed3acfc <unknown>\n#13 0x56518ed31418 <unknown>\n#14 0x56518ecfe42f <unknown>\n#15 0x56518ed554e8 <unknown>\n#16 0x56518ed556b4 <unknown>\n#17 0x56518ed66143 <unknown>\n#18 0x7f0b77e46044 <unknown>","time":{"start":1697591499303,"stop":1697591505262,"duration":5959}}]},"tags":["@pytest.mark.xfail(reson='Цена доставки: - - -')","smoke"]},"source":"6001c2d0c90f7127.json","parameterValues":["3320","8","'TD 016'","2390","'products/shtukaturka-gipsovaya-aksolit-m50-30-kg-mashinnogo-naneseniya'","650","'https://sandboxtest.stroyrem-nn.ru/'","300"]}