{"uid":"9a6377924aeb4222","name":"TD 017 Доставка товара весом до 400кг. в синей зоне","fullName":"tests.delivery.test_delivery_calculation.TestDeliveryPageCalculation#test_positive_delivery_blue_zone_smoke","historyId":"81af0bc3e563f7b2736d18e07047a083","time":{"start":1699319498636,"stop":1699319502759,"duration":4123},"status":"broken","statusMessage":"selenium.common.exceptions.NoSuchElementException: Message: no such element: Unable to locate element: {\"method\":\"xpath\",\"selector\":\"//input[@class='amount']\"}\n  (Session info: headless chrome=119.0.6045.105); For documentation on this error, please visit: https://www.selenium.dev/documentation/webdriver/troubleshooting/errors#no-such-element-exception\nStacktrace:\n#0 0x55e128d665e3 <unknown>\n#1 0x55e128a290b7 <unknown>\n#2 0x55e128a76f53 <unknown>\n#3 0x55e128a77051 <unknown>\n#4 0x55e128abc9c4 <unknown>\n#5 0x55e128a9df1d <unknown>\n#6 0x55e128ab9b3d <unknown>\n#7 0x55e128a9dcc3 <unknown>\n#8 0x55e128a690e4 <unknown>\n#9 0x55e128a6a0ae <unknown>\n#10 0x55e128d2cce1 <unknown>\n#11 0x55e128d30b7e <unknown>\n#12 0x55e128d1a4b5 <unknown>\n#13 0x55e128d317d6 <unknown>\n#14 0x55e128cfddbf <unknown>\n#15 0x55e128d54748 <unknown>\n#16 0x55e128d54917 <unknown>\n#17 0x55e128d65773 <unknown>\n#18 0x7ff5da012044 <unknown>","statusTrace":"self = <tests.delivery.test_delivery_calculation.TestDeliveryPageCalculation object at 0x7fe84938a710>\ndriver = <selenium.webdriver.chrome.webdriver.WebDriver (session=\"9e24a8a1de6041d8580d4c846bd69379\")>\nurl = 'https://sandboxtest.stroyrem-nn.ru/', case_id = 'TD 017'\nlink_item = 'products/shtukaturka-gipsovaya-aksolit-m50-30-kg-mashinnogo-naneseniya'\namount = 13, weight = 400, standard = 650, in_time = 2390, all_time = 3320\n\n    @pytest.mark.parametrize('case_id, link_item, amount, weight, standard, in_time, all_time', [\n        (\"TD 015\", bundeks_25, 1, 30, 650, 2390, 3320),\n        pytest.param(\n            \"TD 016\", aksolit_30, 8, 300, 650, 2390, 3320,\n            marks=pytest.mark.xfail(reson=\"Цена доставки: - - -\")\n        ),\n        (\"TD 017\", aksolit_30, 13, 400, 650, 2390, 3320),\n        (\"TD 018\", aksolit_30, 16, 500, 850, 2490, 3320),\n        (\"TD 019\", aksolit_30, 25, 1700, 1150, 2490, 3320),\n        (\"TD 020\", aksolit_30, 66, 2000, 1500, 2990, 3650),\n        (\"TD 021\", aksolit_30, 149, 4500, 2600, 4380, 4890),\n        (\"TD 022\", aksolit_30, 166, 5000, 2800, 5490, 5980),\n        pytest.param(\n            \"TD 023\", aksolit_30, 206, 6200, 3300, 7500, 8000,\n            marks=pytest.mark.xfail(reson=\"Цена доставки: 4300 9900 11440\")\n        ),\n        (\"TD 024\", aksolit_30, 299, 9000, 4300, 9900, 11440),\n        (\"TD 025\", aksolit_30, 333, 10000, 7000, 13900, 15900),\n        pytest.param(\n            \"TD 026\", aksolit_30, 366, 11000, 8000, 14900, 19900,\n            marks=pytest.mark.xfail(reson=\"Цена доставки: 7000 13900 15900\")\n        ),\n        pytest.param(\n            \"TD 027\", aksolit_30, 666, 20000, 14000, 16900, 23900,\n            marks=pytest.mark.xfail(reson=\"Цена доставки: 7000 13900 15900\")\n        )\n    ])\n    @pytest.mark.smoke\n    def test_positive_delivery_blue_zone_smoke(\n            self, driver, url, case_id, link_item, amount, weight, standard, in_time, all_time\n    ):\n        allure.dynamic.title(f\"{case_id} Доставка товара весом до {weight}кг. в синей зоне\")\n    \n        driver.get(f'{url}{link_item}')\n        item_page = ItemPage(driver)\n>       item_page.add_item_to_cart(amount).click_on_cart()\n\ntests/delivery/test_delivery_calculation.py:130: \n_ _ _ _ _ _ _ _ _ _ _ _ _ _ _ _ _ _ _ _ _ _ _ _ _ _ _ _ _ _ _ _ _ _ _ _ _ _ _ _ \npages/item_page.py:41: in add_item_to_cart\n    amount_field = self.find_element(self._item_amount)\nbase/seleniumbase.py:17: in find_element\n    return self.driver.find_element(*locator)\n/usr/local/lib/python3.11/site-packages/selenium/webdriver/remote/webdriver.py:740: in find_element\n    return self.execute(Command.FIND_ELEMENT, {\"using\": by, \"value\": value})[\"value\"]\n/usr/local/lib/python3.11/site-packages/selenium/webdriver/remote/webdriver.py:346: in execute\n    self.error_handler.check_response(response)\n_ _ _ _ _ _ _ _ _ _ _ _ _ _ _ _ _ _ _ _ _ _ _ _ _ _ _ _ _ _ _ _ _ _ _ _ _ _ _ _ \n\nself = <selenium.webdriver.remote.errorhandler.ErrorHandler object at 0x7fe849206710>\nresponse = {'status': 404, 'value': '{\"value\":{\"error\":\"no such element\",\"message\":\"no such element: Unable to locate element: {\\...\\\\n#16 0x55e128d54917 \\\\u003Cunknown>\\\\n#17 0x55e128d65773 \\\\u003Cunknown>\\\\n#18 0x7ff5da012044 \\\\u003Cunknown>\\\\n\"}}'}\n\n    def check_response(self, response: Dict[str, Any]) -> None:\n        \"\"\"Checks that a JSON response from the WebDriver does not have an\n        error.\n    \n        :Args:\n         - response - The JSON response from the WebDriver server as a dictionary\n           object.\n    \n        :Raises: If the response contains an error message.\n        \"\"\"\n        status = response.get(\"status\", None)\n        if not status or status == ErrorCode.SUCCESS:\n            return\n        value = None\n        message = response.get(\"message\", \"\")\n        screen: str = response.get(\"screen\", \"\")\n        stacktrace = None\n        if isinstance(status, int):\n            value_json = response.get(\"value\", None)\n            if value_json and isinstance(value_json, str):\n                import json\n    \n                try:\n                    value = json.loads(value_json)\n                    if len(value) == 1:\n                        value = value[\"value\"]\n                    status = value.get(\"error\", None)\n                    if not status:\n                        status = value.get(\"status\", ErrorCode.UNKNOWN_ERROR)\n                        message = value.get(\"value\") or value.get(\"message\")\n                        if not isinstance(message, str):\n                            value = message\n                            message = message.get(\"message\")\n                    else:\n                        message = value.get(\"message\", None)\n                except ValueError:\n                    pass\n    \n        exception_class: Type[WebDriverException]\n        if status in ErrorCode.NO_SUCH_ELEMENT:\n            exception_class = NoSuchElementException\n        elif status in ErrorCode.NO_SUCH_FRAME:\n            exception_class = NoSuchFrameException\n        elif status in ErrorCode.NO_SUCH_SHADOW_ROOT:\n            exception_class = NoSuchShadowRootException\n        elif status in ErrorCode.NO_SUCH_WINDOW:\n            exception_class = NoSuchWindowException\n        elif status in ErrorCode.STALE_ELEMENT_REFERENCE:\n            exception_class = StaleElementReferenceException\n        elif status in ErrorCode.ELEMENT_NOT_VISIBLE:\n            exception_class = ElementNotVisibleException\n        elif status in ErrorCode.INVALID_ELEMENT_STATE:\n            exception_class = InvalidElementStateException\n        elif (\n            status in ErrorCode.INVALID_SELECTOR\n            or status in ErrorCode.INVALID_XPATH_SELECTOR\n            or status in ErrorCode.INVALID_XPATH_SELECTOR_RETURN_TYPER\n        ):\n            exception_class = InvalidSelectorException\n        elif status in ErrorCode.ELEMENT_IS_NOT_SELECTABLE:\n            exception_class = ElementNotSelectableException\n        elif status in ErrorCode.ELEMENT_NOT_INTERACTABLE:\n            exception_class = ElementNotInteractableException\n        elif status in ErrorCode.INVALID_COOKIE_DOMAIN:\n            exception_class = InvalidCookieDomainException\n        elif status in ErrorCode.UNABLE_TO_SET_COOKIE:\n            exception_class = UnableToSetCookieException\n        elif status in ErrorCode.TIMEOUT:\n            exception_class = TimeoutException\n        elif status in ErrorCode.SCRIPT_TIMEOUT:\n            exception_class = TimeoutException\n        elif status in ErrorCode.UNKNOWN_ERROR:\n            exception_class = WebDriverException\n        elif status in ErrorCode.UNEXPECTED_ALERT_OPEN:\n            exception_class = UnexpectedAlertPresentException\n        elif status in ErrorCode.NO_ALERT_OPEN:\n            exception_class = NoAlertPresentException\n        elif status in ErrorCode.IME_NOT_AVAILABLE:\n            exception_class = ImeNotAvailableException\n        elif status in ErrorCode.IME_ENGINE_ACTIVATION_FAILED:\n            exception_class = ImeActivationFailedException\n        elif status in ErrorCode.MOVE_TARGET_OUT_OF_BOUNDS:\n            exception_class = MoveTargetOutOfBoundsException\n        elif status in ErrorCode.JAVASCRIPT_ERROR:\n            exception_class = JavascriptException\n        elif status in ErrorCode.SESSION_NOT_CREATED:\n            exception_class = SessionNotCreatedException\n        elif status in ErrorCode.INVALID_ARGUMENT:\n            exception_class = InvalidArgumentException\n        elif status in ErrorCode.NO_SUCH_COOKIE:\n            exception_class = NoSuchCookieException\n        elif status in ErrorCode.UNABLE_TO_CAPTURE_SCREEN:\n            exception_class = ScreenshotException\n        elif status in ErrorCode.ELEMENT_CLICK_INTERCEPTED:\n            exception_class = ElementClickInterceptedException\n        elif status in ErrorCode.INSECURE_CERTIFICATE:\n            exception_class = InsecureCertificateException\n        elif status in ErrorCode.INVALID_COORDINATES:\n            exception_class = InvalidCoordinatesException\n        elif status in ErrorCode.INVALID_SESSION_ID:\n            exception_class = InvalidSessionIdException\n        elif status in ErrorCode.UNKNOWN_METHOD:\n            exception_class = UnknownMethodException\n        else:\n            exception_class = WebDriverException\n        if not value:\n            value = response[\"value\"]\n        if isinstance(value, str):\n            raise exception_class(value)\n        if message == \"\" and \"message\" in value:\n            message = value[\"message\"]\n    \n        screen = None  # type: ignore[assignment]\n        if \"screen\" in value:\n            screen = value[\"screen\"]\n    \n        stacktrace = None\n        st_value = value.get(\"stackTrace\") or value.get(\"stacktrace\")\n        if st_value:\n            if isinstance(st_value, str):\n                stacktrace = st_value.split(\"\\n\")\n            else:\n                stacktrace = []\n                try:\n                    for frame in st_value:\n                        line = frame.get(\"lineNumber\", \"\")\n                        file = frame.get(\"fileName\", \"<anonymous>\")\n                        if line:\n                            file = f\"{file}:{line}\"\n                        meth = frame.get(\"methodName\", \"<anonymous>\")\n                        if \"className\" in frame:\n                            meth = f\"{frame['className']}.{meth}\"\n                        msg = \"    at %s (%s)\"\n                        msg = msg % (meth, file)\n                        stacktrace.append(msg)\n                except TypeError:\n                    pass\n        if exception_class == UnexpectedAlertPresentException:\n            alert_text = None\n            if \"data\" in value:\n                alert_text = value[\"data\"].get(\"text\")\n            elif \"alert\" in value:\n                alert_text = value[\"alert\"].get(\"text\")\n            raise exception_class(message, screen, stacktrace, alert_text)  # type: ignore[call-arg]  # mypy is not smart enough here\n>       raise exception_class(message, screen, stacktrace)\nE       selenium.common.exceptions.NoSuchElementException: Message: no such element: Unable to locate element: {\"method\":\"xpath\",\"selector\":\"//input[@class='amount']\"}\nE         (Session info: headless chrome=119.0.6045.105); For documentation on this error, please visit: https://www.selenium.dev/documentation/webdriver/troubleshooting/errors#no-such-element-exception\nE       Stacktrace:\nE       #0 0x55e128d665e3 <unknown>\nE       #1 0x55e128a290b7 <unknown>\nE       #2 0x55e128a76f53 <unknown>\nE       #3 0x55e128a77051 <unknown>\nE       #4 0x55e128abc9c4 <unknown>\nE       #5 0x55e128a9df1d <unknown>\nE       #6 0x55e128ab9b3d <unknown>\nE       #7 0x55e128a9dcc3 <unknown>\nE       #8 0x55e128a690e4 <unknown>\nE       #9 0x55e128a6a0ae <unknown>\nE       #10 0x55e128d2cce1 <unknown>\nE       #11 0x55e128d30b7e <unknown>\nE       #12 0x55e128d1a4b5 <unknown>\nE       #13 0x55e128d317d6 <unknown>\nE       #14 0x55e128cfddbf <unknown>\nE       #15 0x55e128d54748 <unknown>\nE       #16 0x55e128d54917 <unknown>\nE       #17 0x55e128d65773 <unknown>\nE       #18 0x7ff5da012044 <unknown>\n\n/usr/local/lib/python3.11/site-packages/selenium/webdriver/remote/errorhandler.py:245: NoSuchElementException","flaky":false,"newFailed":false,"newBroken":false,"newPassed":false,"retriesCount":0,"retriesStatusChange":false,"beforeStages":[{"name":"_session_faker","time":{"start":1699318984244,"stop":1699318984335,"duration":91},"status":"passed","steps":[],"attachments":[],"parameters":[],"shouldDisplayMessage":false,"stepsCount":0,"attachmentsCount":0,"hasContent":false},{"name":"clear_allure_results_folder","time":{"start":1699318984335,"stop":1699318984336,"duration":1},"status":"passed","steps":[],"attachments":[],"parameters":[],"shouldDisplayMessage":false,"stepsCount":0,"attachmentsCount":0,"hasContent":false},{"name":"driver","time":{"start":1699319497837,"stop":1699319498635,"duration":798},"status":"passed","steps":[],"attachments":[],"parameters":[],"shouldDisplayMessage":false,"stepsCount":0,"attachmentsCount":0,"hasContent":false},{"name":"setup","time":{"start":1699319498635,"stop":1699319498635,"duration":0},"status":"passed","steps":[],"attachments":[],"parameters":[],"shouldDisplayMessage":false,"stepsCount":0,"attachmentsCount":0,"hasContent":false}],"testStage":{"status":"broken","statusMessage":"selenium.common.exceptions.NoSuchElementException: Message: no such element: Unable to locate element: {\"method\":\"xpath\",\"selector\":\"//input[@class='amount']\"}\n  (Session info: headless chrome=119.0.6045.105); For documentation on this error, please visit: https://www.selenium.dev/documentation/webdriver/troubleshooting/errors#no-such-element-exception\nStacktrace:\n#0 0x55e128d665e3 <unknown>\n#1 0x55e128a290b7 <unknown>\n#2 0x55e128a76f53 <unknown>\n#3 0x55e128a77051 <unknown>\n#4 0x55e128abc9c4 <unknown>\n#5 0x55e128a9df1d <unknown>\n#6 0x55e128ab9b3d <unknown>\n#7 0x55e128a9dcc3 <unknown>\n#8 0x55e128a690e4 <unknown>\n#9 0x55e128a6a0ae <unknown>\n#10 0x55e128d2cce1 <unknown>\n#11 0x55e128d30b7e <unknown>\n#12 0x55e128d1a4b5 <unknown>\n#13 0x55e128d317d6 <unknown>\n#14 0x55e128cfddbf <unknown>\n#15 0x55e128d54748 <unknown>\n#16 0x55e128d54917 <unknown>\n#17 0x55e128d65773 <unknown>\n#18 0x7ff5da012044 <unknown>","statusTrace":"self = <tests.delivery.test_delivery_calculation.TestDeliveryPageCalculation object at 0x7fe84938a710>\ndriver = <selenium.webdriver.chrome.webdriver.WebDriver (session=\"9e24a8a1de6041d8580d4c846bd69379\")>\nurl = 'https://sandboxtest.stroyrem-nn.ru/', case_id = 'TD 017'\nlink_item = 'products/shtukaturka-gipsovaya-aksolit-m50-30-kg-mashinnogo-naneseniya'\namount = 13, weight = 400, standard = 650, in_time = 2390, all_time = 3320\n\n    @pytest.mark.parametrize('case_id, link_item, amount, weight, standard, in_time, all_time', [\n        (\"TD 015\", bundeks_25, 1, 30, 650, 2390, 3320),\n        pytest.param(\n            \"TD 016\", aksolit_30, 8, 300, 650, 2390, 3320,\n            marks=pytest.mark.xfail(reson=\"Цена доставки: - - -\")\n        ),\n        (\"TD 017\", aksolit_30, 13, 400, 650, 2390, 3320),\n        (\"TD 018\", aksolit_30, 16, 500, 850, 2490, 3320),\n        (\"TD 019\", aksolit_30, 25, 1700, 1150, 2490, 3320),\n        (\"TD 020\", aksolit_30, 66, 2000, 1500, 2990, 3650),\n        (\"TD 021\", aksolit_30, 149, 4500, 2600, 4380, 4890),\n        (\"TD 022\", aksolit_30, 166, 5000, 2800, 5490, 5980),\n        pytest.param(\n            \"TD 023\", aksolit_30, 206, 6200, 3300, 7500, 8000,\n            marks=pytest.mark.xfail(reson=\"Цена доставки: 4300 9900 11440\")\n        ),\n        (\"TD 024\", aksolit_30, 299, 9000, 4300, 9900, 11440),\n        (\"TD 025\", aksolit_30, 333, 10000, 7000, 13900, 15900),\n        pytest.param(\n            \"TD 026\", aksolit_30, 366, 11000, 8000, 14900, 19900,\n            marks=pytest.mark.xfail(reson=\"Цена доставки: 7000 13900 15900\")\n        ),\n        pytest.param(\n            \"TD 027\", aksolit_30, 666, 20000, 14000, 16900, 23900,\n            marks=pytest.mark.xfail(reson=\"Цена доставки: 7000 13900 15900\")\n        )\n    ])\n    @pytest.mark.smoke\n    def test_positive_delivery_blue_zone_smoke(\n            self, driver, url, case_id, link_item, amount, weight, standard, in_time, all_time\n    ):\n        allure.dynamic.title(f\"{case_id} Доставка товара весом до {weight}кг. в синей зоне\")\n    \n        driver.get(f'{url}{link_item}')\n        item_page = ItemPage(driver)\n>       item_page.add_item_to_cart(amount).click_on_cart()\n\ntests/delivery/test_delivery_calculation.py:130: \n_ _ _ _ _ _ _ _ _ _ _ _ _ _ _ _ _ _ _ _ _ _ _ _ _ _ _ _ _ _ _ _ _ _ _ _ _ _ _ _ \npages/item_page.py:41: in add_item_to_cart\n    amount_field = self.find_element(self._item_amount)\nbase/seleniumbase.py:17: in find_element\n    return self.driver.find_element(*locator)\n/usr/local/lib/python3.11/site-packages/selenium/webdriver/remote/webdriver.py:740: in find_element\n    return self.execute(Command.FIND_ELEMENT, {\"using\": by, \"value\": value})[\"value\"]\n/usr/local/lib/python3.11/site-packages/selenium/webdriver/remote/webdriver.py:346: in execute\n    self.error_handler.check_response(response)\n_ _ _ _ _ _ _ _ _ _ _ _ _ _ _ _ _ _ _ _ _ _ _ _ _ _ _ _ _ _ _ _ _ _ _ _ _ _ _ _ \n\nself = <selenium.webdriver.remote.errorhandler.ErrorHandler object at 0x7fe849206710>\nresponse = {'status': 404, 'value': '{\"value\":{\"error\":\"no such element\",\"message\":\"no such element: Unable to locate element: {\\...\\\\n#16 0x55e128d54917 \\\\u003Cunknown>\\\\n#17 0x55e128d65773 \\\\u003Cunknown>\\\\n#18 0x7ff5da012044 \\\\u003Cunknown>\\\\n\"}}'}\n\n    def check_response(self, response: Dict[str, Any]) -> None:\n        \"\"\"Checks that a JSON response from the WebDriver does not have an\n        error.\n    \n        :Args:\n         - response - The JSON response from the WebDriver server as a dictionary\n           object.\n    \n        :Raises: If the response contains an error message.\n        \"\"\"\n        status = response.get(\"status\", None)\n        if not status or status == ErrorCode.SUCCESS:\n            return\n        value = None\n        message = response.get(\"message\", \"\")\n        screen: str = response.get(\"screen\", \"\")\n        stacktrace = None\n        if isinstance(status, int):\n            value_json = response.get(\"value\", None)\n            if value_json and isinstance(value_json, str):\n                import json\n    \n                try:\n                    value = json.loads(value_json)\n                    if len(value) == 1:\n                        value = value[\"value\"]\n                    status = value.get(\"error\", None)\n                    if not status:\n                        status = value.get(\"status\", ErrorCode.UNKNOWN_ERROR)\n                        message = value.get(\"value\") or value.get(\"message\")\n                        if not isinstance(message, str):\n                            value = message\n                            message = message.get(\"message\")\n                    else:\n                        message = value.get(\"message\", None)\n                except ValueError:\n                    pass\n    \n        exception_class: Type[WebDriverException]\n        if status in ErrorCode.NO_SUCH_ELEMENT:\n            exception_class = NoSuchElementException\n        elif status in ErrorCode.NO_SUCH_FRAME:\n            exception_class = NoSuchFrameException\n        elif status in ErrorCode.NO_SUCH_SHADOW_ROOT:\n            exception_class = NoSuchShadowRootException\n        elif status in ErrorCode.NO_SUCH_WINDOW:\n            exception_class = NoSuchWindowException\n        elif status in ErrorCode.STALE_ELEMENT_REFERENCE:\n            exception_class = StaleElementReferenceException\n        elif status in ErrorCode.ELEMENT_NOT_VISIBLE:\n            exception_class = ElementNotVisibleException\n        elif status in ErrorCode.INVALID_ELEMENT_STATE:\n            exception_class = InvalidElementStateException\n        elif (\n            status in ErrorCode.INVALID_SELECTOR\n            or status in ErrorCode.INVALID_XPATH_SELECTOR\n            or status in ErrorCode.INVALID_XPATH_SELECTOR_RETURN_TYPER\n        ):\n            exception_class = InvalidSelectorException\n        elif status in ErrorCode.ELEMENT_IS_NOT_SELECTABLE:\n            exception_class = ElementNotSelectableException\n        elif status in ErrorCode.ELEMENT_NOT_INTERACTABLE:\n            exception_class = ElementNotInteractableException\n        elif status in ErrorCode.INVALID_COOKIE_DOMAIN:\n            exception_class = InvalidCookieDomainException\n        elif status in ErrorCode.UNABLE_TO_SET_COOKIE:\n            exception_class = UnableToSetCookieException\n        elif status in ErrorCode.TIMEOUT:\n            exception_class = TimeoutException\n        elif status in ErrorCode.SCRIPT_TIMEOUT:\n            exception_class = TimeoutException\n        elif status in ErrorCode.UNKNOWN_ERROR:\n            exception_class = WebDriverException\n        elif status in ErrorCode.UNEXPECTED_ALERT_OPEN:\n            exception_class = UnexpectedAlertPresentException\n        elif status in ErrorCode.NO_ALERT_OPEN:\n            exception_class = NoAlertPresentException\n        elif status in ErrorCode.IME_NOT_AVAILABLE:\n            exception_class = ImeNotAvailableException\n        elif status in ErrorCode.IME_ENGINE_ACTIVATION_FAILED:\n            exception_class = ImeActivationFailedException\n        elif status in ErrorCode.MOVE_TARGET_OUT_OF_BOUNDS:\n            exception_class = MoveTargetOutOfBoundsException\n        elif status in ErrorCode.JAVASCRIPT_ERROR:\n            exception_class = JavascriptException\n        elif status in ErrorCode.SESSION_NOT_CREATED:\n            exception_class = SessionNotCreatedException\n        elif status in ErrorCode.INVALID_ARGUMENT:\n            exception_class = InvalidArgumentException\n        elif status in ErrorCode.NO_SUCH_COOKIE:\n            exception_class = NoSuchCookieException\n        elif status in ErrorCode.UNABLE_TO_CAPTURE_SCREEN:\n            exception_class = ScreenshotException\n        elif status in ErrorCode.ELEMENT_CLICK_INTERCEPTED:\n            exception_class = ElementClickInterceptedException\n        elif status in ErrorCode.INSECURE_CERTIFICATE:\n            exception_class = InsecureCertificateException\n        elif status in ErrorCode.INVALID_COORDINATES:\n            exception_class = InvalidCoordinatesException\n        elif status in ErrorCode.INVALID_SESSION_ID:\n            exception_class = InvalidSessionIdException\n        elif status in ErrorCode.UNKNOWN_METHOD:\n            exception_class = UnknownMethodException\n        else:\n            exception_class = WebDriverException\n        if not value:\n            value = response[\"value\"]\n        if isinstance(value, str):\n            raise exception_class(value)\n        if message == \"\" and \"message\" in value:\n            message = value[\"message\"]\n    \n        screen = None  # type: ignore[assignment]\n        if \"screen\" in value:\n            screen = value[\"screen\"]\n    \n        stacktrace = None\n        st_value = value.get(\"stackTrace\") or value.get(\"stacktrace\")\n        if st_value:\n            if isinstance(st_value, str):\n                stacktrace = st_value.split(\"\\n\")\n            else:\n                stacktrace = []\n                try:\n                    for frame in st_value:\n                        line = frame.get(\"lineNumber\", \"\")\n                        file = frame.get(\"fileName\", \"<anonymous>\")\n                        if line:\n                            file = f\"{file}:{line}\"\n                        meth = frame.get(\"methodName\", \"<anonymous>\")\n                        if \"className\" in frame:\n                            meth = f\"{frame['className']}.{meth}\"\n                        msg = \"    at %s (%s)\"\n                        msg = msg % (meth, file)\n                        stacktrace.append(msg)\n                except TypeError:\n                    pass\n        if exception_class == UnexpectedAlertPresentException:\n            alert_text = None\n            if \"data\" in value:\n                alert_text = value[\"data\"].get(\"text\")\n            elif \"alert\" in value:\n                alert_text = value[\"alert\"].get(\"text\")\n            raise exception_class(message, screen, stacktrace, alert_text)  # type: ignore[call-arg]  # mypy is not smart enough here\n>       raise exception_class(message, screen, stacktrace)\nE       selenium.common.exceptions.NoSuchElementException: Message: no such element: Unable to locate element: {\"method\":\"xpath\",\"selector\":\"//input[@class='amount']\"}\nE         (Session info: headless chrome=119.0.6045.105); For documentation on this error, please visit: https://www.selenium.dev/documentation/webdriver/troubleshooting/errors#no-such-element-exception\nE       Stacktrace:\nE       #0 0x55e128d665e3 <unknown>\nE       #1 0x55e128a290b7 <unknown>\nE       #2 0x55e128a76f53 <unknown>\nE       #3 0x55e128a77051 <unknown>\nE       #4 0x55e128abc9c4 <unknown>\nE       #5 0x55e128a9df1d <unknown>\nE       #6 0x55e128ab9b3d <unknown>\nE       #7 0x55e128a9dcc3 <unknown>\nE       #8 0x55e128a690e4 <unknown>\nE       #9 0x55e128a6a0ae <unknown>\nE       #10 0x55e128d2cce1 <unknown>\nE       #11 0x55e128d30b7e <unknown>\nE       #12 0x55e128d1a4b5 <unknown>\nE       #13 0x55e128d317d6 <unknown>\nE       #14 0x55e128cfddbf <unknown>\nE       #15 0x55e128d54748 <unknown>\nE       #16 0x55e128d54917 <unknown>\nE       #17 0x55e128d65773 <unknown>\nE       #18 0x7ff5da012044 <unknown>\n\n/usr/local/lib/python3.11/site-packages/selenium/webdriver/remote/errorhandler.py:245: NoSuchElementException","steps":[{"name":"Добавляем товар в корзину в количестве 13","time":{"start":1699319502677,"stop":1699319502758,"duration":81},"status":"broken","statusMessage":"selenium.common.exceptions.NoSuchElementException: Message: no such element: Unable to locate element: {\"method\":\"xpath\",\"selector\":\"//input[@class='amount']\"}\n  (Session info: headless chrome=119.0.6045.105); For documentation on this error, please visit: https://www.selenium.dev/documentation/webdriver/troubleshooting/errors#no-such-element-exception\nStacktrace:\n#0 0x55e128d665e3 <unknown>\n#1 0x55e128a290b7 <unknown>\n#2 0x55e128a76f53 <unknown>\n#3 0x55e128a77051 <unknown>\n#4 0x55e128abc9c4 <unknown>\n#5 0x55e128a9df1d <unknown>\n#6 0x55e128ab9b3d <unknown>\n#7 0x55e128a9dcc3 <unknown>\n#8 0x55e128a690e4 <unknown>\n#9 0x55e128a6a0ae <unknown>\n#10 0x55e128d2cce1 <unknown>\n#11 0x55e128d30b7e <unknown>\n#12 0x55e128d1a4b5 <unknown>\n#13 0x55e128d317d6 <unknown>\n#14 0x55e128cfddbf <unknown>\n#15 0x55e128d54748 <unknown>\n#16 0x55e128d54917 <unknown>\n#17 0x55e128d65773 <unknown>\n#18 0x7ff5da012044 <unknown>\n\n","statusTrace":"  File \"/usr/local/lib/python3.11/site-packages/allure_commons/_allure.py\", line 192, in impl\n    return func(*a, **kw)\n           ^^^^^^^^^^^^^^\n  File \"/app/pages/item_page.py\", line 41, in add_item_to_cart\n    amount_field = self.find_element(self._item_amount)\n                   ^^^^^^^^^^^^^^^^^^^^^^^^^^^^^^^^^^^^\n  File \"/app/base/seleniumbase.py\", line 17, in find_element\n    return self.driver.find_element(*locator)\n           ^^^^^^^^^^^^^^^^^^^^^^^^^^^^^^^^^^\n  File \"/usr/local/lib/python3.11/site-packages/selenium/webdriver/remote/webdriver.py\", line 740, in find_element\n    return self.execute(Command.FIND_ELEMENT, {\"using\": by, \"value\": value})[\"value\"]\n           ^^^^^^^^^^^^^^^^^^^^^^^^^^^^^^^^^^^^^^^^^^^^^^^^^^^^^^^^^^^^^^^^^\n  File \"/usr/local/lib/python3.11/site-packages/selenium/webdriver/remote/webdriver.py\", line 346, in execute\n    self.error_handler.check_response(response)\n  File \"/usr/local/lib/python3.11/site-packages/selenium/webdriver/remote/errorhandler.py\", line 245, in check_response\n    raise exception_class(message, screen, stacktrace)\n","steps":[],"attachments":[],"parameters":[{"name":"amount","value":"13"}],"shouldDisplayMessage":true,"stepsCount":0,"attachmentsCount":0,"hasContent":true}],"attachments":[{"uid":"4b41750cee611490","name":"Screenshot","source":"4b41750cee611490.png","type":"image/png","size":115178},{"uid":"91ff637d39168731","name":"HTML source","source":"91ff637d39168731.html","type":"text/html","size":303988}],"parameters":[],"shouldDisplayMessage":true,"stepsCount":1,"attachmentsCount":2,"hasContent":true},"afterStages":[{"name":"setup::0","time":{"start":1699319502959,"stop":1699319502959,"duration":0},"status":"passed","steps":[],"attachments":[],"parameters":[],"shouldDisplayMessage":false,"stepsCount":0,"attachmentsCount":0,"hasContent":false},{"name":"driver::0","time":{"start":1699319502960,"stop":1699319503018,"duration":58},"status":"passed","steps":[],"attachments":[],"parameters":[],"shouldDisplayMessage":false,"stepsCount":0,"attachmentsCount":0,"hasContent":false}],"labels":[{"name":"epic","value":"Delivery Page - calculation"},{"name":"tag","value":"smoke"},{"name":"parentSuite","value":"tests.delivery"},{"name":"suite","value":"test_delivery_calculation"},{"name":"subSuite","value":"TestDeliveryPageCalculation"},{"name":"host","value":"e7d85229bc17"},{"name":"thread","value":"1-MainThread"},{"name":"framework","value":"pytest"},{"name":"language","value":"cpython3"},{"name":"package","value":"tests.delivery.test_delivery_calculation"},{"name":"resultFormat","value":"allure2"}],"parameters":[{"name":"all_time","value":"3320"},{"name":"amount","value":"13"},{"name":"case_id","value":"'TD 017'"},{"name":"in_time","value":"2390"},{"name":"link_item","value":"'products/shtukaturka-gipsovaya-aksolit-m50-30-kg-mashinnogo-naneseniya'"},{"name":"standard","value":"650"},{"name":"url","value":"'https://sandboxtest.stroyrem-nn.ru/'"},{"name":"weight","value":"400"}],"links":[],"hidden":false,"retry":false,"extra":{"severity":"normal","retries":[],"categories":[{"name":"Test defects","matchedStatuses":[],"flaky":false}],"history":{"statistic":{"failed":0,"broken":69,"skipped":0,"passed":0,"unknown":0,"total":69},"items":[{"uid":"720f4fff471ae32b","reportUrl":"https://zaelcovsky.github.io/StroyremAutomation/132//#testresult/720f4fff471ae32b","status":"broken","statusDetails":"selenium.common.exceptions.NoSuchElementException: Message: no such element: Unable to locate element: {\"method\":\"xpath\",\"selector\":\"//input[@class='amount']\"}\n  (Session info: headless chrome=119.0.6045.105); For documentation on this error, please visit: https://www.selenium.dev/documentation/webdriver/troubleshooting/errors#no-such-element-exception\nStacktrace:\n#0 0x55aaadcf15e3 <unknown>\n#1 0x55aaad9b40b7 <unknown>\n#2 0x55aaada01f53 <unknown>\n#3 0x55aaada02051 <unknown>\n#4 0x55aaada479c4 <unknown>\n#5 0x55aaada28f1d <unknown>\n#6 0x55aaada44b3d <unknown>\n#7 0x55aaada28cc3 <unknown>\n#8 0x55aaad9f40e4 <unknown>\n#9 0x55aaad9f50ae <unknown>\n#10 0x55aaadcb7ce1 <unknown>\n#11 0x55aaadcbbb7e <unknown>\n#12 0x55aaadca54b5 <unknown>\n#13 0x55aaadcbc7d6 <unknown>\n#14 0x55aaadc88dbf <unknown>\n#15 0x55aaadcdf748 <unknown>\n#16 0x55aaadcdf917 <unknown>\n#17 0x55aaadcf0773 <unknown>\n#18 0x7f22af78f044 <unknown>","time":{"start":1699233144794,"stop":1699233149216,"duration":4422}},{"uid":"fe0c06c95c65eb6f","reportUrl":"https://zaelcovsky.github.io/StroyremAutomation/131//#testresult/fe0c06c95c65eb6f","status":"broken","statusDetails":"selenium.common.exceptions.NoSuchElementException: Message: no such element: Unable to locate element: {\"method\":\"xpath\",\"selector\":\"//input[@class='amount']\"}\n  (Session info: headless chrome=119.0.6045.105); For documentation on this error, please visit: https://www.selenium.dev/documentation/webdriver/troubleshooting/errors#no-such-element-exception\nStacktrace:\n#0 0x5615a5d805e3 <unknown>\n#1 0x5615a5a430b7 <unknown>\n#2 0x5615a5a90f53 <unknown>\n#3 0x5615a5a91051 <unknown>\n#4 0x5615a5ad69c4 <unknown>\n#5 0x5615a5ab7f1d <unknown>\n#6 0x5615a5ad3b3d <unknown>\n#7 0x5615a5ab7cc3 <unknown>\n#8 0x5615a5a830e4 <unknown>\n#9 0x5615a5a840ae <unknown>\n#10 0x5615a5d46ce1 <unknown>\n#11 0x5615a5d4ab7e <unknown>\n#12 0x5615a5d344b5 <unknown>\n#13 0x5615a5d4b7d6 <unknown>\n#14 0x5615a5d17dbf <unknown>\n#15 0x5615a5d6e748 <unknown>\n#16 0x5615a5d6e917 <unknown>\n#17 0x5615a5d7f773 <unknown>\n#18 0x7f9034ab5044 <unknown>","time":{"start":1699146906735,"stop":1699146912029,"duration":5294}},{"uid":"b615126a5fee69ae","reportUrl":"https://zaelcovsky.github.io/StroyremAutomation/130//#testresult/b615126a5fee69ae","status":"broken","statusDetails":"selenium.common.exceptions.NoSuchElementException: Message: no such element: Unable to locate element: {\"method\":\"xpath\",\"selector\":\"//input[@class='amount']\"}\n  (Session info: headless chrome=119.0.6045.105); For documentation on this error, please visit: https://www.selenium.dev/documentation/webdriver/troubleshooting/errors#no-such-element-exception\nStacktrace:\n#0 0x56006df985e3 <unknown>\n#1 0x56006dc5b0b7 <unknown>\n#2 0x56006dca8f53 <unknown>\n#3 0x56006dca9051 <unknown>\n#4 0x56006dcee9c4 <unknown>\n#5 0x56006dccff1d <unknown>\n#6 0x56006dcebb3d <unknown>\n#7 0x56006dccfcc3 <unknown>\n#8 0x56006dc9b0e4 <unknown>\n#9 0x56006dc9c0ae <unknown>\n#10 0x56006df5ece1 <unknown>\n#11 0x56006df62b7e <unknown>\n#12 0x56006df4c4b5 <unknown>\n#13 0x56006df637d6 <unknown>\n#14 0x56006df2fdbf <unknown>\n#15 0x56006df86748 <unknown>\n#16 0x56006df86917 <unknown>\n#17 0x56006df97773 <unknown>\n#18 0x7f10dec22044 <unknown>","time":{"start":1699060197325,"stop":1699060202015,"duration":4690}},{"uid":"71d2eb0e99a12834","reportUrl":"https://zaelcovsky.github.io/StroyremAutomation/129//#testresult/71d2eb0e99a12834","status":"broken","statusDetails":"selenium.common.exceptions.NoSuchElementException: Message: no such element: Unable to locate element: {\"method\":\"xpath\",\"selector\":\"//input[@class='amount']\"}\n  (Session info: headless chrome=119.0.6045.105); For documentation on this error, please visit: https://www.selenium.dev/documentation/webdriver/troubleshooting/errors#no-such-element-exception\nStacktrace:\n#0 0x55f9c7df25e3 <unknown>\n#1 0x55f9c7ab50b7 <unknown>\n#2 0x55f9c7b02f53 <unknown>\n#3 0x55f9c7b03051 <unknown>\n#4 0x55f9c7b489c4 <unknown>\n#5 0x55f9c7b29f1d <unknown>\n#6 0x55f9c7b45b3d <unknown>\n#7 0x55f9c7b29cc3 <unknown>\n#8 0x55f9c7af50e4 <unknown>\n#9 0x55f9c7af60ae <unknown>\n#10 0x55f9c7db8ce1 <unknown>\n#11 0x55f9c7dbcb7e <unknown>\n#12 0x55f9c7da64b5 <unknown>\n#13 0x55f9c7dbd7d6 <unknown>\n#14 0x55f9c7d89dbf <unknown>\n#15 0x55f9c7de0748 <unknown>\n#16 0x55f9c7de0917 <unknown>\n#17 0x55f9c7df1773 <unknown>\n#18 0x7f0b393d0044 <unknown>","time":{"start":1698973785657,"stop":1698973790420,"duration":4763}},{"uid":"941ce2b918a0ed75","reportUrl":"https://zaelcovsky.github.io/StroyremAutomation/128//#testresult/941ce2b918a0ed75","status":"broken","statusDetails":"selenium.common.exceptions.NoSuchElementException: Message: no such element: Unable to locate element: {\"method\":\"xpath\",\"selector\":\"//input[@class='amount']\"}\n  (Session info: headless chrome=119.0.6045.105); For documentation on this error, please visit: https://www.selenium.dev/documentation/webdriver/troubleshooting/errors#no-such-element-exception\nStacktrace:\n#0 0x557a1b6485e3 <unknown>\n#1 0x557a1b30b0b7 <unknown>\n#2 0x557a1b358f53 <unknown>\n#3 0x557a1b359051 <unknown>\n#4 0x557a1b39e9c4 <unknown>\n#5 0x557a1b37ff1d <unknown>\n#6 0x557a1b39bb3d <unknown>\n#7 0x557a1b37fcc3 <unknown>\n#8 0x557a1b34b0e4 <unknown>\n#9 0x557a1b34c0ae <unknown>\n#10 0x557a1b60ece1 <unknown>\n#11 0x557a1b612b7e <unknown>\n#12 0x557a1b5fc4b5 <unknown>\n#13 0x557a1b6137d6 <unknown>\n#14 0x557a1b5dfdbf <unknown>\n#15 0x557a1b636748 <unknown>\n#16 0x557a1b636917 <unknown>\n#17 0x557a1b647773 <unknown>\n#18 0x7fcda67a3044 <unknown>","time":{"start":1698887366567,"stop":1698887371281,"duration":4714}},{"uid":"35ff54bc9238bb40","reportUrl":"https://zaelcovsky.github.io/StroyremAutomation/127//#testresult/35ff54bc9238bb40","status":"broken","statusDetails":"selenium.common.exceptions.NoSuchElementException: Message: no such element: Unable to locate element: {\"method\":\"xpath\",\"selector\":\"//input[@class='amount']\"}\n  (Session info: headless chrome=119.0.6045.105); For documentation on this error, please visit: https://www.selenium.dev/documentation/webdriver/troubleshooting/errors#no-such-element-exception\nStacktrace:\n#0 0x562af0e775e3 <unknown>\n#1 0x562af0b3a0b7 <unknown>\n#2 0x562af0b87f53 <unknown>\n#3 0x562af0b88051 <unknown>\n#4 0x562af0bcd9c4 <unknown>\n#5 0x562af0baef1d <unknown>\n#6 0x562af0bcab3d <unknown>\n#7 0x562af0baecc3 <unknown>\n#8 0x562af0b7a0e4 <unknown>\n#9 0x562af0b7b0ae <unknown>\n#10 0x562af0e3dce1 <unknown>\n#11 0x562af0e41b7e <unknown>\n#12 0x562af0e2b4b5 <unknown>\n#13 0x562af0e427d6 <unknown>\n#14 0x562af0e0edbf <unknown>\n#15 0x562af0e65748 <unknown>\n#16 0x562af0e65917 <unknown>\n#17 0x562af0e76773 <unknown>\n#18 0x7f0d36f96044 <unknown>","time":{"start":1698801259767,"stop":1698801264668,"duration":4901}},{"uid":"37a50efef69d27ba","reportUrl":"https://zaelcovsky.github.io/StroyremAutomation/126//#testresult/37a50efef69d27ba","status":"broken","statusDetails":"selenium.common.exceptions.NoSuchElementException: Message: no such element: Unable to locate element: {\"method\":\"xpath\",\"selector\":\"//input[@class='amount']\"}\n  (Session info: headless chrome=118.0.5993.70); For documentation on this error, please visit: https://www.selenium.dev/documentation/webdriver/troubleshooting/errors#no-such-element-exception\nStacktrace:\n#0 0x559d445a8fb3 <unknown>\n#1 0x559d4427c4a7 <unknown>\n#2 0x559d442c3dd6 <unknown>\n#3 0x559d442c3ec1 <unknown>\n#4 0x559d44301354 <unknown>\n#5 0x559d442e596d <unknown>\n#6 0x559d442fec02 <unknown>\n#7 0x559d442e5713 <unknown>\n#8 0x559d442b818b <unknown>\n#9 0x559d442b8f7e <unknown>\n#10 0x559d4456e8d8 <unknown>\n#11 0x559d44572800 <unknown>\n#12 0x559d4457ccfc <unknown>\n#13 0x559d44573418 <unknown>\n#14 0x559d4454042f <unknown>\n#15 0x559d445974e8 <unknown>\n#16 0x559d445976b4 <unknown>\n#17 0x559d445a8143 <unknown>\n#18 0x7fc6ee533044 <unknown>","time":{"start":1698714591635,"stop":1698714595525,"duration":3890}},{"uid":"c587b94999ae6db3","reportUrl":"https://zaelcovsky.github.io/StroyremAutomation/125//#testresult/c587b94999ae6db3","status":"broken","statusDetails":"selenium.common.exceptions.NoSuchElementException: Message: no such element: Unable to locate element: {\"method\":\"xpath\",\"selector\":\"//input[@class='amount']\"}\n  (Session info: headless chrome=118.0.5993.70); For documentation on this error, please visit: https://www.selenium.dev/documentation/webdriver/troubleshooting/errors#no-such-element-exception\nStacktrace:\n#0 0x55711cc8bfb3 <unknown>\n#1 0x55711c95f4a7 <unknown>\n#2 0x55711c9a6dd6 <unknown>\n#3 0x55711c9a6ec1 <unknown>\n#4 0x55711c9e4354 <unknown>\n#5 0x55711c9c896d <unknown>\n#6 0x55711c9e1c02 <unknown>\n#7 0x55711c9c8713 <unknown>\n#8 0x55711c99b18b <unknown>\n#9 0x55711c99bf7e <unknown>\n#10 0x55711cc518d8 <unknown>\n#11 0x55711cc55800 <unknown>\n#12 0x55711cc5fcfc <unknown>\n#13 0x55711cc56418 <unknown>\n#14 0x55711cc2342f <unknown>\n#15 0x55711cc7a4e8 <unknown>\n#16 0x55711cc7a6b4 <unknown>\n#17 0x55711cc8b143 <unknown>\n#18 0x7f9008c2b044 <unknown>","time":{"start":1698628168037,"stop":1698628172268,"duration":4231}},{"uid":"438f0d7476b3bf68","reportUrl":"https://zaelcovsky.github.io/StroyremAutomation/124//#testresult/438f0d7476b3bf68","status":"broken","statusDetails":"selenium.common.exceptions.NoSuchElementException: Message: no such element: Unable to locate element: {\"method\":\"xpath\",\"selector\":\"//input[@class='amount']\"}\n  (Session info: headless chrome=118.0.5993.70); For documentation on this error, please visit: https://www.selenium.dev/documentation/webdriver/troubleshooting/errors#no-such-element-exception\nStacktrace:\n#0 0x55912db60fb3 <unknown>\n#1 0x55912d8344a7 <unknown>\n#2 0x55912d87bdd6 <unknown>\n#3 0x55912d87bec1 <unknown>\n#4 0x55912d8b9354 <unknown>\n#5 0x55912d89d96d <unknown>\n#6 0x55912d8b6c02 <unknown>\n#7 0x55912d89d713 <unknown>\n#8 0x55912d87018b <unknown>\n#9 0x55912d870f7e <unknown>\n#10 0x55912db268d8 <unknown>\n#11 0x55912db2a800 <unknown>\n#12 0x55912db34cfc <unknown>\n#13 0x55912db2b418 <unknown>\n#14 0x55912daf842f <unknown>\n#15 0x55912db4f4e8 <unknown>\n#16 0x55912db4f6b4 <unknown>\n#17 0x55912db60143 <unknown>\n#18 0x7f6fb4bc6044 <unknown>","time":{"start":1698541949503,"stop":1698541953752,"duration":4249}},{"uid":"30c91da5c6e50747","reportUrl":"https://zaelcovsky.github.io/StroyremAutomation/123//#testresult/30c91da5c6e50747","status":"broken","statusDetails":"selenium.common.exceptions.NoSuchElementException: Message: no such element: Unable to locate element: {\"method\":\"xpath\",\"selector\":\"//input[@class='amount']\"}\n  (Session info: headless chrome=118.0.5993.70); For documentation on this error, please visit: https://www.selenium.dev/documentation/webdriver/troubleshooting/errors#no-such-element-exception\nStacktrace:\n#0 0x55782a9ecfb3 <unknown>\n#1 0x55782a6c04a7 <unknown>\n#2 0x55782a707dd6 <unknown>\n#3 0x55782a707ec1 <unknown>\n#4 0x55782a745354 <unknown>\n#5 0x55782a72996d <unknown>\n#6 0x55782a742c02 <unknown>\n#7 0x55782a729713 <unknown>\n#8 0x55782a6fc18b <unknown>\n#9 0x55782a6fcf7e <unknown>\n#10 0x55782a9b28d8 <unknown>\n#11 0x55782a9b6800 <unknown>\n#12 0x55782a9c0cfc <unknown>\n#13 0x55782a9b7418 <unknown>\n#14 0x55782a98442f <unknown>\n#15 0x55782a9db4e8 <unknown>\n#16 0x55782a9db6b4 <unknown>\n#17 0x55782a9ec143 <unknown>\n#18 0x7fb2ee3b6044 <unknown>","time":{"start":1698455270626,"stop":1698455276133,"duration":5507}},{"uid":"72676bcbcdc84009","reportUrl":"https://zaelcovsky.github.io/StroyremAutomation/122//#testresult/72676bcbcdc84009","status":"broken","statusDetails":"selenium.common.exceptions.NoSuchElementException: Message: no such element: Unable to locate element: {\"method\":\"xpath\",\"selector\":\"//input[@class='amount']\"}\n  (Session info: headless chrome=118.0.5993.70); For documentation on this error, please visit: https://www.selenium.dev/documentation/webdriver/troubleshooting/errors#no-such-element-exception\nStacktrace:\n#0 0x555d2ad90fb3 <unknown>\n#1 0x555d2aa644a7 <unknown>\n#2 0x555d2aaabdd6 <unknown>\n#3 0x555d2aaabec1 <unknown>\n#4 0x555d2aae9354 <unknown>\n#5 0x555d2aacd96d <unknown>\n#6 0x555d2aae6c02 <unknown>\n#7 0x555d2aacd713 <unknown>\n#8 0x555d2aaa018b <unknown>\n#9 0x555d2aaa0f7e <unknown>\n#10 0x555d2ad568d8 <unknown>\n#11 0x555d2ad5a800 <unknown>\n#12 0x555d2ad64cfc <unknown>\n#13 0x555d2ad5b418 <unknown>\n#14 0x555d2ad2842f <unknown>\n#15 0x555d2ad7f4e8 <unknown>\n#16 0x555d2ad7f6b4 <unknown>\n#17 0x555d2ad90143 <unknown>\n#18 0x7faf0b45c044 <unknown>","time":{"start":1698368902010,"stop":1698368906335,"duration":4325}},{"uid":"8f5d2cbd7f98092","reportUrl":"https://zaelcovsky.github.io/StroyremAutomation/121//#testresult/8f5d2cbd7f98092","status":"broken","statusDetails":"selenium.common.exceptions.NoSuchElementException: Message: no such element: Unable to locate element: {\"method\":\"xpath\",\"selector\":\"//input[@class='amount']\"}\n  (Session info: headless chrome=118.0.5993.70); For documentation on this error, please visit: https://www.selenium.dev/documentation/webdriver/troubleshooting/errors#no-such-element-exception\nStacktrace:\n#0 0x55fc87ba1fb3 <unknown>\n#1 0x55fc878754a7 <unknown>\n#2 0x55fc878bcdd6 <unknown>\n#3 0x55fc878bcec1 <unknown>\n#4 0x55fc878fa354 <unknown>\n#5 0x55fc878de96d <unknown>\n#6 0x55fc878f7c02 <unknown>\n#7 0x55fc878de713 <unknown>\n#8 0x55fc878b118b <unknown>\n#9 0x55fc878b1f7e <unknown>\n#10 0x55fc87b678d8 <unknown>\n#11 0x55fc87b6b800 <unknown>\n#12 0x55fc87b75cfc <unknown>\n#13 0x55fc87b6c418 <unknown>\n#14 0x55fc87b3942f <unknown>\n#15 0x55fc87b904e8 <unknown>\n#16 0x55fc87b906b4 <unknown>\n#17 0x55fc87ba1143 <unknown>\n#18 0x7fe6e558c044 <unknown>","time":{"start":1698282515536,"stop":1698282520120,"duration":4584}},{"uid":"8ccebc90537bf0a","reportUrl":"https://zaelcovsky.github.io/StroyremAutomation/120//#testresult/8ccebc90537bf0a","status":"broken","statusDetails":"selenium.common.exceptions.NoSuchElementException: Message: no such element: Unable to locate element: {\"method\":\"xpath\",\"selector\":\"//input[@class='amount']\"}\n  (Session info: headless chrome=118.0.5993.70); For documentation on this error, please visit: https://www.selenium.dev/documentation/webdriver/troubleshooting/errors#no-such-element-exception\nStacktrace:\n#0 0x55b4d10d5fb3 <unknown>\n#1 0x55b4d0da94a7 <unknown>\n#2 0x55b4d0df0dd6 <unknown>\n#3 0x55b4d0df0ec1 <unknown>\n#4 0x55b4d0e2e354 <unknown>\n#5 0x55b4d0e1296d <unknown>\n#6 0x55b4d0e2bc02 <unknown>\n#7 0x55b4d0e12713 <unknown>\n#8 0x55b4d0de518b <unknown>\n#9 0x55b4d0de5f7e <unknown>\n#10 0x55b4d109b8d8 <unknown>\n#11 0x55b4d109f800 <unknown>\n#12 0x55b4d10a9cfc <unknown>\n#13 0x55b4d10a0418 <unknown>\n#14 0x55b4d106d42f <unknown>\n#15 0x55b4d10c44e8 <unknown>\n#16 0x55b4d10c46b4 <unknown>\n#17 0x55b4d10d5143 <unknown>\n#18 0x7f49d3fdd044 <unknown>","time":{"start":1698196136521,"stop":1698196140390,"duration":3869}},{"uid":"5996a1ae2b211964","reportUrl":"https://zaelcovsky.github.io/StroyremAutomation/119//#testresult/5996a1ae2b211964","status":"broken","statusDetails":"selenium.common.exceptions.NoSuchElementException: Message: no such element: Unable to locate element: {\"method\":\"xpath\",\"selector\":\"//input[@class='amount']\"}\n  (Session info: headless chrome=118.0.5993.70); For documentation on this error, please visit: https://www.selenium.dev/documentation/webdriver/troubleshooting/errors#no-such-element-exception\nStacktrace:\n#0 0x55ec2a559fb3 <unknown>\n#1 0x55ec2a22d4a7 <unknown>\n#2 0x55ec2a274dd6 <unknown>\n#3 0x55ec2a274ec1 <unknown>\n#4 0x55ec2a2b2354 <unknown>\n#5 0x55ec2a29696d <unknown>\n#6 0x55ec2a2afc02 <unknown>\n#7 0x55ec2a296713 <unknown>\n#8 0x55ec2a26918b <unknown>\n#9 0x55ec2a269f7e <unknown>\n#10 0x55ec2a51f8d8 <unknown>\n#11 0x55ec2a523800 <unknown>\n#12 0x55ec2a52dcfc <unknown>\n#13 0x55ec2a524418 <unknown>\n#14 0x55ec2a4f142f <unknown>\n#15 0x55ec2a5484e8 <unknown>\n#16 0x55ec2a5486b4 <unknown>\n#17 0x55ec2a559143 <unknown>\n#18 0x7f2f8d7b9044 <unknown>","time":{"start":1698109808615,"stop":1698109813656,"duration":5041}},{"uid":"fb9eb4a3deb126a4","reportUrl":"https://zaelcovsky.github.io/StroyremAutomation/118//#testresult/fb9eb4a3deb126a4","status":"broken","statusDetails":"selenium.common.exceptions.NoSuchElementException: Message: no such element: Unable to locate element: {\"method\":\"xpath\",\"selector\":\"//input[@class='amount']\"}\n  (Session info: headless chrome=118.0.5993.70); For documentation on this error, please visit: https://www.selenium.dev/documentation/webdriver/troubleshooting/errors#no-such-element-exception\nStacktrace:\n#0 0x5647abd69fb3 <unknown>\n#1 0x5647aba3d4a7 <unknown>\n#2 0x5647aba84dd6 <unknown>\n#3 0x5647aba84ec1 <unknown>\n#4 0x5647abac2354 <unknown>\n#5 0x5647abaa696d <unknown>\n#6 0x5647ababfc02 <unknown>\n#7 0x5647abaa6713 <unknown>\n#8 0x5647aba7918b <unknown>\n#9 0x5647aba79f7e <unknown>\n#10 0x5647abd2f8d8 <unknown>\n#11 0x5647abd33800 <unknown>\n#12 0x5647abd3dcfc <unknown>\n#13 0x5647abd34418 <unknown>\n#14 0x5647abd0142f <unknown>\n#15 0x5647abd584e8 <unknown>\n#16 0x5647abd586b4 <unknown>\n#17 0x5647abd69143 <unknown>\n#18 0x7f968ca6b044 <unknown>","time":{"start":1698023385203,"stop":1698023390231,"duration":5028}},{"uid":"26950d0a74e46560","reportUrl":"https://zaelcovsky.github.io/StroyremAutomation/117//#testresult/26950d0a74e46560","status":"broken","statusDetails":"selenium.common.exceptions.NoSuchElementException: Message: no such element: Unable to locate element: {\"method\":\"xpath\",\"selector\":\"//input[@class='amount']\"}\n  (Session info: headless chrome=118.0.5993.70); For documentation on this error, please visit: https://www.selenium.dev/documentation/webdriver/troubleshooting/errors#no-such-element-exception\nStacktrace:\n#0 0x5594c361afb3 <unknown>\n#1 0x5594c32ee4a7 <unknown>\n#2 0x5594c3335dd6 <unknown>\n#3 0x5594c3335ec1 <unknown>\n#4 0x5594c3373354 <unknown>\n#5 0x5594c335796d <unknown>\n#6 0x5594c3370c02 <unknown>\n#7 0x5594c3357713 <unknown>\n#8 0x5594c332a18b <unknown>\n#9 0x5594c332af7e <unknown>\n#10 0x5594c35e08d8 <unknown>\n#11 0x5594c35e4800 <unknown>\n#12 0x5594c35eecfc <unknown>\n#13 0x5594c35e5418 <unknown>\n#14 0x5594c35b242f <unknown>\n#15 0x5594c36094e8 <unknown>\n#16 0x5594c36096b4 <unknown>\n#17 0x5594c361a143 <unknown>\n#18 0x7fa0bb757044 <unknown>","time":{"start":1697937181540,"stop":1697937186455,"duration":4915}},{"uid":"1685198b6d3a7ac1","reportUrl":"https://zaelcovsky.github.io/StroyremAutomation/116//#testresult/1685198b6d3a7ac1","status":"broken","statusDetails":"selenium.common.exceptions.NoSuchElementException: Message: no such element: Unable to locate element: {\"method\":\"xpath\",\"selector\":\"//input[@class='amount']\"}\n  (Session info: headless chrome=118.0.5993.70); For documentation on this error, please visit: https://www.selenium.dev/documentation/webdriver/troubleshooting/errors#no-such-element-exception\nStacktrace:\n#0 0x56454e0dafb3 <unknown>\n#1 0x56454ddae4a7 <unknown>\n#2 0x56454ddf5dd6 <unknown>\n#3 0x56454ddf5ec1 <unknown>\n#4 0x56454de33354 <unknown>\n#5 0x56454de1796d <unknown>\n#6 0x56454de30c02 <unknown>\n#7 0x56454de17713 <unknown>\n#8 0x56454ddea18b <unknown>\n#9 0x56454ddeaf7e <unknown>\n#10 0x56454e0a08d8 <unknown>\n#11 0x56454e0a4800 <unknown>\n#12 0x56454e0aecfc <unknown>\n#13 0x56454e0a5418 <unknown>\n#14 0x56454e07242f <unknown>\n#15 0x56454e0c94e8 <unknown>\n#16 0x56454e0c96b4 <unknown>\n#17 0x56454e0da143 <unknown>\n#18 0x7f6824780044 <unknown>","time":{"start":1697850490159,"stop":1697850494835,"duration":4676}},{"uid":"c6539cb9cbc2c1ed","reportUrl":"https://zaelcovsky.github.io/StroyremAutomation/115//#testresult/c6539cb9cbc2c1ed","status":"broken","statusDetails":"selenium.common.exceptions.NoSuchElementException: Message: no such element: Unable to locate element: {\"method\":\"xpath\",\"selector\":\"//input[@class='amount']\"}\n  (Session info: headless chrome=118.0.5993.70); For documentation on this error, please visit: https://www.selenium.dev/documentation/webdriver/troubleshooting/errors#no-such-element-exception\nStacktrace:\n#0 0x55848cb1bfb3 <unknown>\n#1 0x55848c7ef4a7 <unknown>\n#2 0x55848c836dd6 <unknown>\n#3 0x55848c836ec1 <unknown>\n#4 0x55848c874354 <unknown>\n#5 0x55848c85896d <unknown>\n#6 0x55848c871c02 <unknown>\n#7 0x55848c858713 <unknown>\n#8 0x55848c82b18b <unknown>\n#9 0x55848c82bf7e <unknown>\n#10 0x55848cae18d8 <unknown>\n#11 0x55848cae5800 <unknown>\n#12 0x55848caefcfc <unknown>\n#13 0x55848cae6418 <unknown>\n#14 0x55848cab342f <unknown>\n#15 0x55848cb0a4e8 <unknown>\n#16 0x55848cb0a6b4 <unknown>\n#17 0x55848cb1b143 <unknown>\n#18 0x7ff5b451e044 <unknown>","time":{"start":1697764231527,"stop":1697764236660,"duration":5133}},{"uid":"5ced15daff3d60ea","reportUrl":"https://zaelcovsky.github.io/StroyremAutomation/114//#testresult/5ced15daff3d60ea","status":"broken","statusDetails":"selenium.common.exceptions.NoSuchElementException: Message: no such element: Unable to locate element: {\"method\":\"xpath\",\"selector\":\"//input[@class='amount']\"}\n  (Session info: headless chrome=118.0.5993.70); For documentation on this error, please visit: https://www.selenium.dev/documentation/webdriver/troubleshooting/errors#no-such-element-exception\nStacktrace:\n#0 0x5627a957ffb3 <unknown>\n#1 0x5627a92534a7 <unknown>\n#2 0x5627a929add6 <unknown>\n#3 0x5627a929aec1 <unknown>\n#4 0x5627a92d8354 <unknown>\n#5 0x5627a92bc96d <unknown>\n#6 0x5627a92d5c02 <unknown>\n#7 0x5627a92bc713 <unknown>\n#8 0x5627a928f18b <unknown>\n#9 0x5627a928ff7e <unknown>\n#10 0x5627a95458d8 <unknown>\n#11 0x5627a9549800 <unknown>\n#12 0x5627a9553cfc <unknown>\n#13 0x5627a954a418 <unknown>\n#14 0x5627a951742f <unknown>\n#15 0x5627a956e4e8 <unknown>\n#16 0x5627a956e6b4 <unknown>\n#17 0x5627a957f143 <unknown>\n#18 0x7f5ef1ed8044 <unknown>","time":{"start":1697677836052,"stop":1697677842061,"duration":6009}},{"uid":"60eaf1a6deeba043","reportUrl":"https://zaelcovsky.github.io/StroyremAutomation/113//#testresult/60eaf1a6deeba043","status":"broken","statusDetails":"selenium.common.exceptions.NoSuchElementException: Message: no such element: Unable to locate element: {\"method\":\"xpath\",\"selector\":\"//input[@class='amount']\"}\n  (Session info: headless chrome=118.0.5993.70); For documentation on this error, please visit: https://www.selenium.dev/documentation/webdriver/troubleshooting/errors#no-such-element-exception\nStacktrace:\n#0 0x55c7ec780fb3 <unknown>\n#1 0x55c7ec4544a7 <unknown>\n#2 0x55c7ec49bdd6 <unknown>\n#3 0x55c7ec49bec1 <unknown>\n#4 0x55c7ec4d9354 <unknown>\n#5 0x55c7ec4bd96d <unknown>\n#6 0x55c7ec4d6c02 <unknown>\n#7 0x55c7ec4bd713 <unknown>\n#8 0x55c7ec49018b <unknown>\n#9 0x55c7ec490f7e <unknown>\n#10 0x55c7ec7468d8 <unknown>\n#11 0x55c7ec74a800 <unknown>\n#12 0x55c7ec754cfc <unknown>\n#13 0x55c7ec74b418 <unknown>\n#14 0x55c7ec71842f <unknown>\n#15 0x55c7ec76f4e8 <unknown>\n#16 0x55c7ec76f6b4 <unknown>\n#17 0x55c7ec780143 <unknown>\n#18 0x7fca7586e044 <unknown>","time":{"start":1697591506297,"stop":1697591512103,"duration":5806}}]},"tags":["smoke"]},"source":"9a6377924aeb4222.json","parameterValues":["3320","13","'TD 017'","2390","'products/shtukaturka-gipsovaya-aksolit-m50-30-kg-mashinnogo-naneseniya'","650","'https://sandboxtest.stroyrem-nn.ru/'","400"]}