{"uid":"b01077214383cd05","name":"TC 017 - Проверка функциональности ссылки 'Отзывы'","fullName":"tests.test_main_page.TestMainPage#test_positive_footer_reviews_smoke","historyId":"d9ed52a16c54f0848dec2065e85f77ae","time":{"start":1699319196607,"stop":1699319196623,"duration":16},"status":"skipped","statusMessage":"XFAIL При переходе на страницу отзывов может предложено пройти капчу\n\nselenium.common.exceptions.NoSuchElementException: Message: no such element: Unable to locate element: {\"method\":\"xpath\",\"selector\":\"(//a[contains(text(), 'Отзывы')])[3]\"}\n  (Session info: headless chrome=119.0.6045.105); For documentation on this error, please visit: https://www.selenium.dev/documentation/webdriver/troubleshooting/errors#no-such-element-exception\nStacktrace:\n#0 0x562817ccd5e3 <unknown>\n#1 0x5628179900b7 <unknown>\n#2 0x5628179ddf53 <unknown>\n#3 0x5628179de051 <unknown>\n#4 0x562817a239c4 <unknown>\n#5 0x562817a04f1d <unknown>\n#6 0x562817a20b3d <unknown>\n#7 0x562817a04cc3 <unknown>\n#8 0x5628179d00e4 <unknown>\n#9 0x5628179d10ae <unknown>\n#10 0x562817c93ce1 <unknown>\n#11 0x562817c97b7e <unknown>\n#12 0x562817c814b5 <unknown>\n#13 0x562817c987d6 <unknown>\n#14 0x562817c64dbf <unknown>\n#15 0x562817cbb748 <unknown>\n#16 0x562817cbb917 <unknown>\n#17 0x562817ccc773 <unknown>\n#18 0x7f1a607a8044 <unknown>","statusTrace":"self = <tests.test_main_page.TestMainPage object at 0x7fe849645710>\nmain_page = <pages.main_page.MainPage object at 0x7fe8491e56d0>\n\n    @allure.feature(\"Footer functionality\")\n    @allure.title(\"TC 017 - Проверка функциональности ссылки 'Отзывы'\")\n    @pytest.mark.xfail(reason=\"При переходе на страницу отзывов может предложено пройти капчу\")\n    @pytest.mark.smoke_test\n    def test_positive_footer_reviews_smoke(self, main_page):\n>       title = main_page.check_reviews_link()\n\ntests/test_main_page.py:153: \n_ _ _ _ _ _ _ _ _ _ _ _ _ _ _ _ _ _ _ _ _ _ _ _ _ _ _ _ _ _ _ _ _ _ _ _ _ _ _ _ \npages/main_page.py:180: in check_reviews_link\n    self.driver.find_element(*self._reviews_link).click()\n/usr/local/lib/python3.11/site-packages/selenium/webdriver/remote/webdriver.py:740: in find_element\n    return self.execute(Command.FIND_ELEMENT, {\"using\": by, \"value\": value})[\"value\"]\n/usr/local/lib/python3.11/site-packages/selenium/webdriver/remote/webdriver.py:346: in execute\n    self.error_handler.check_response(response)\n_ _ _ _ _ _ _ _ _ _ _ _ _ _ _ _ _ _ _ _ _ _ _ _ _ _ _ _ _ _ _ _ _ _ _ _ _ _ _ _ \n\nself = <selenium.webdriver.remote.errorhandler.ErrorHandler object at 0x7fe84a15ac50>\nresponse = {'status': 404, 'value': '{\"value\":{\"error\":\"no such element\",\"message\":\"no such element: Unable to locate element: {\\...\\\\n#16 0x562817cbb917 \\\\u003Cunknown>\\\\n#17 0x562817ccc773 \\\\u003Cunknown>\\\\n#18 0x7f1a607a8044 \\\\u003Cunknown>\\\\n\"}}'}\n\n    def check_response(self, response: Dict[str, Any]) -> None:\n        \"\"\"Checks that a JSON response from the WebDriver does not have an\n        error.\n    \n        :Args:\n         - response - The JSON response from the WebDriver server as a dictionary\n           object.\n    \n        :Raises: If the response contains an error message.\n        \"\"\"\n        status = response.get(\"status\", None)\n        if not status or status == ErrorCode.SUCCESS:\n            return\n        value = None\n        message = response.get(\"message\", \"\")\n        screen: str = response.get(\"screen\", \"\")\n        stacktrace = None\n        if isinstance(status, int):\n            value_json = response.get(\"value\", None)\n            if value_json and isinstance(value_json, str):\n                import json\n    \n                try:\n                    value = json.loads(value_json)\n                    if len(value) == 1:\n                        value = value[\"value\"]\n                    status = value.get(\"error\", None)\n                    if not status:\n                        status = value.get(\"status\", ErrorCode.UNKNOWN_ERROR)\n                        message = value.get(\"value\") or value.get(\"message\")\n                        if not isinstance(message, str):\n                            value = message\n                            message = message.get(\"message\")\n                    else:\n                        message = value.get(\"message\", None)\n                except ValueError:\n                    pass\n    \n        exception_class: Type[WebDriverException]\n        if status in ErrorCode.NO_SUCH_ELEMENT:\n            exception_class = NoSuchElementException\n        elif status in ErrorCode.NO_SUCH_FRAME:\n            exception_class = NoSuchFrameException\n        elif status in ErrorCode.NO_SUCH_SHADOW_ROOT:\n            exception_class = NoSuchShadowRootException\n        elif status in ErrorCode.NO_SUCH_WINDOW:\n            exception_class = NoSuchWindowException\n        elif status in ErrorCode.STALE_ELEMENT_REFERENCE:\n            exception_class = StaleElementReferenceException\n        elif status in ErrorCode.ELEMENT_NOT_VISIBLE:\n            exception_class = ElementNotVisibleException\n        elif status in ErrorCode.INVALID_ELEMENT_STATE:\n            exception_class = InvalidElementStateException\n        elif (\n            status in ErrorCode.INVALID_SELECTOR\n            or status in ErrorCode.INVALID_XPATH_SELECTOR\n            or status in ErrorCode.INVALID_XPATH_SELECTOR_RETURN_TYPER\n        ):\n            exception_class = InvalidSelectorException\n        elif status in ErrorCode.ELEMENT_IS_NOT_SELECTABLE:\n            exception_class = ElementNotSelectableException\n        elif status in ErrorCode.ELEMENT_NOT_INTERACTABLE:\n            exception_class = ElementNotInteractableException\n        elif status in ErrorCode.INVALID_COOKIE_DOMAIN:\n            exception_class = InvalidCookieDomainException\n        elif status in ErrorCode.UNABLE_TO_SET_COOKIE:\n            exception_class = UnableToSetCookieException\n        elif status in ErrorCode.TIMEOUT:\n            exception_class = TimeoutException\n        elif status in ErrorCode.SCRIPT_TIMEOUT:\n            exception_class = TimeoutException\n        elif status in ErrorCode.UNKNOWN_ERROR:\n            exception_class = WebDriverException\n        elif status in ErrorCode.UNEXPECTED_ALERT_OPEN:\n            exception_class = UnexpectedAlertPresentException\n        elif status in ErrorCode.NO_ALERT_OPEN:\n            exception_class = NoAlertPresentException\n        elif status in ErrorCode.IME_NOT_AVAILABLE:\n            exception_class = ImeNotAvailableException\n        elif status in ErrorCode.IME_ENGINE_ACTIVATION_FAILED:\n            exception_class = ImeActivationFailedException\n        elif status in ErrorCode.MOVE_TARGET_OUT_OF_BOUNDS:\n            exception_class = MoveTargetOutOfBoundsException\n        elif status in ErrorCode.JAVASCRIPT_ERROR:\n            exception_class = JavascriptException\n        elif status in ErrorCode.SESSION_NOT_CREATED:\n            exception_class = SessionNotCreatedException\n        elif status in ErrorCode.INVALID_ARGUMENT:\n            exception_class = InvalidArgumentException\n        elif status in ErrorCode.NO_SUCH_COOKIE:\n            exception_class = NoSuchCookieException\n        elif status in ErrorCode.UNABLE_TO_CAPTURE_SCREEN:\n            exception_class = ScreenshotException\n        elif status in ErrorCode.ELEMENT_CLICK_INTERCEPTED:\n            exception_class = ElementClickInterceptedException\n        elif status in ErrorCode.INSECURE_CERTIFICATE:\n            exception_class = InsecureCertificateException\n        elif status in ErrorCode.INVALID_COORDINATES:\n            exception_class = InvalidCoordinatesException\n        elif status in ErrorCode.INVALID_SESSION_ID:\n            exception_class = InvalidSessionIdException\n        elif status in ErrorCode.UNKNOWN_METHOD:\n            exception_class = UnknownMethodException\n        else:\n            exception_class = WebDriverException\n        if not value:\n            value = response[\"value\"]\n        if isinstance(value, str):\n            raise exception_class(value)\n        if message == \"\" and \"message\" in value:\n            message = value[\"message\"]\n    \n        screen = None  # type: ignore[assignment]\n        if \"screen\" in value:\n            screen = value[\"screen\"]\n    \n        stacktrace = None\n        st_value = value.get(\"stackTrace\") or value.get(\"stacktrace\")\n        if st_value:\n            if isinstance(st_value, str):\n                stacktrace = st_value.split(\"\\n\")\n            else:\n                stacktrace = []\n                try:\n                    for frame in st_value:\n                        line = frame.get(\"lineNumber\", \"\")\n                        file = frame.get(\"fileName\", \"<anonymous>\")\n                        if line:\n                            file = f\"{file}:{line}\"\n                        meth = frame.get(\"methodName\", \"<anonymous>\")\n                        if \"className\" in frame:\n                            meth = f\"{frame['className']}.{meth}\"\n                        msg = \"    at %s (%s)\"\n                        msg = msg % (meth, file)\n                        stacktrace.append(msg)\n                except TypeError:\n                    pass\n        if exception_class == UnexpectedAlertPresentException:\n            alert_text = None\n            if \"data\" in value:\n                alert_text = value[\"data\"].get(\"text\")\n            elif \"alert\" in value:\n                alert_text = value[\"alert\"].get(\"text\")\n            raise exception_class(message, screen, stacktrace, alert_text)  # type: ignore[call-arg]  # mypy is not smart enough here\n>       raise exception_class(message, screen, stacktrace)\nE       selenium.common.exceptions.NoSuchElementException: Message: no such element: Unable to locate element: {\"method\":\"xpath\",\"selector\":\"(//a[contains(text(), 'Отзывы')])[3]\"}\nE         (Session info: headless chrome=119.0.6045.105); For documentation on this error, please visit: https://www.selenium.dev/documentation/webdriver/troubleshooting/errors#no-such-element-exception\nE       Stacktrace:\nE       #0 0x562817ccd5e3 <unknown>\nE       #1 0x5628179900b7 <unknown>\nE       #2 0x5628179ddf53 <unknown>\nE       #3 0x5628179de051 <unknown>\nE       #4 0x562817a239c4 <unknown>\nE       #5 0x562817a04f1d <unknown>\nE       #6 0x562817a20b3d <unknown>\nE       #7 0x562817a04cc3 <unknown>\nE       #8 0x5628179d00e4 <unknown>\nE       #9 0x5628179d10ae <unknown>\nE       #10 0x562817c93ce1 <unknown>\nE       #11 0x562817c97b7e <unknown>\nE       #12 0x562817c814b5 <unknown>\nE       #13 0x562817c987d6 <unknown>\nE       #14 0x562817c64dbf <unknown>\nE       #15 0x562817cbb748 <unknown>\nE       #16 0x562817cbb917 <unknown>\nE       #17 0x562817ccc773 <unknown>\nE       #18 0x7f1a607a8044 <unknown>\n\n/usr/local/lib/python3.11/site-packages/selenium/webdriver/remote/errorhandler.py:245: NoSuchElementException","flaky":false,"newFailed":false,"newBroken":false,"newPassed":false,"retriesCount":0,"retriesStatusChange":false,"beforeStages":[{"name":"_session_faker","time":{"start":1699318984244,"stop":1699318984335,"duration":91},"status":"passed","steps":[],"attachments":[],"parameters":[],"shouldDisplayMessage":false,"stepsCount":0,"attachmentsCount":0,"hasContent":false},{"name":"clear_allure_results_folder","time":{"start":1699318984335,"stop":1699318984336,"duration":1},"status":"passed","steps":[],"attachments":[],"parameters":[],"shouldDisplayMessage":false,"stepsCount":0,"attachmentsCount":0,"hasContent":false},{"name":"driver","time":{"start":1699319195160,"stop":1699319195958,"duration":798},"status":"passed","steps":[],"attachments":[],"parameters":[],"shouldDisplayMessage":false,"stepsCount":0,"attachmentsCount":0,"hasContent":false},{"name":"setup","time":{"start":1699319195958,"stop":1699319195958,"duration":0},"status":"passed","steps":[],"attachments":[],"parameters":[],"shouldDisplayMessage":false,"stepsCount":0,"attachmentsCount":0,"hasContent":false},{"name":"main_page","time":{"start":1699319195958,"stop":1699319196606,"duration":648},"status":"passed","steps":[],"attachments":[],"parameters":[],"shouldDisplayMessage":false,"stepsCount":0,"attachmentsCount":0,"hasContent":false}],"testStage":{"status":"skipped","statusMessage":"XFAIL При переходе на страницу отзывов может предложено пройти капчу\n\nselenium.common.exceptions.NoSuchElementException: Message: no such element: Unable to locate element: {\"method\":\"xpath\",\"selector\":\"(//a[contains(text(), 'Отзывы')])[3]\"}\n  (Session info: headless chrome=119.0.6045.105); For documentation on this error, please visit: https://www.selenium.dev/documentation/webdriver/troubleshooting/errors#no-such-element-exception\nStacktrace:\n#0 0x562817ccd5e3 <unknown>\n#1 0x5628179900b7 <unknown>\n#2 0x5628179ddf53 <unknown>\n#3 0x5628179de051 <unknown>\n#4 0x562817a239c4 <unknown>\n#5 0x562817a04f1d <unknown>\n#6 0x562817a20b3d <unknown>\n#7 0x562817a04cc3 <unknown>\n#8 0x5628179d00e4 <unknown>\n#9 0x5628179d10ae <unknown>\n#10 0x562817c93ce1 <unknown>\n#11 0x562817c97b7e <unknown>\n#12 0x562817c814b5 <unknown>\n#13 0x562817c987d6 <unknown>\n#14 0x562817c64dbf <unknown>\n#15 0x562817cbb748 <unknown>\n#16 0x562817cbb917 <unknown>\n#17 0x562817ccc773 <unknown>\n#18 0x7f1a607a8044 <unknown>","statusTrace":"self = <tests.test_main_page.TestMainPage object at 0x7fe849645710>\nmain_page = <pages.main_page.MainPage object at 0x7fe8491e56d0>\n\n    @allure.feature(\"Footer functionality\")\n    @allure.title(\"TC 017 - Проверка функциональности ссылки 'Отзывы'\")\n    @pytest.mark.xfail(reason=\"При переходе на страницу отзывов может предложено пройти капчу\")\n    @pytest.mark.smoke_test\n    def test_positive_footer_reviews_smoke(self, main_page):\n>       title = main_page.check_reviews_link()\n\ntests/test_main_page.py:153: \n_ _ _ _ _ _ _ _ _ _ _ _ _ _ _ _ _ _ _ _ _ _ _ _ _ _ _ _ _ _ _ _ _ _ _ _ _ _ _ _ \npages/main_page.py:180: in check_reviews_link\n    self.driver.find_element(*self._reviews_link).click()\n/usr/local/lib/python3.11/site-packages/selenium/webdriver/remote/webdriver.py:740: in find_element\n    return self.execute(Command.FIND_ELEMENT, {\"using\": by, \"value\": value})[\"value\"]\n/usr/local/lib/python3.11/site-packages/selenium/webdriver/remote/webdriver.py:346: in execute\n    self.error_handler.check_response(response)\n_ _ _ _ _ _ _ _ _ _ _ _ _ _ _ _ _ _ _ _ _ _ _ _ _ _ _ _ _ _ _ _ _ _ _ _ _ _ _ _ \n\nself = <selenium.webdriver.remote.errorhandler.ErrorHandler object at 0x7fe84a15ac50>\nresponse = {'status': 404, 'value': '{\"value\":{\"error\":\"no such element\",\"message\":\"no such element: Unable to locate element: {\\...\\\\n#16 0x562817cbb917 \\\\u003Cunknown>\\\\n#17 0x562817ccc773 \\\\u003Cunknown>\\\\n#18 0x7f1a607a8044 \\\\u003Cunknown>\\\\n\"}}'}\n\n    def check_response(self, response: Dict[str, Any]) -> None:\n        \"\"\"Checks that a JSON response from the WebDriver does not have an\n        error.\n    \n        :Args:\n         - response - The JSON response from the WebDriver server as a dictionary\n           object.\n    \n        :Raises: If the response contains an error message.\n        \"\"\"\n        status = response.get(\"status\", None)\n        if not status or status == ErrorCode.SUCCESS:\n            return\n        value = None\n        message = response.get(\"message\", \"\")\n        screen: str = response.get(\"screen\", \"\")\n        stacktrace = None\n        if isinstance(status, int):\n            value_json = response.get(\"value\", None)\n            if value_json and isinstance(value_json, str):\n                import json\n    \n                try:\n                    value = json.loads(value_json)\n                    if len(value) == 1:\n                        value = value[\"value\"]\n                    status = value.get(\"error\", None)\n                    if not status:\n                        status = value.get(\"status\", ErrorCode.UNKNOWN_ERROR)\n                        message = value.get(\"value\") or value.get(\"message\")\n                        if not isinstance(message, str):\n                            value = message\n                            message = message.get(\"message\")\n                    else:\n                        message = value.get(\"message\", None)\n                except ValueError:\n                    pass\n    \n        exception_class: Type[WebDriverException]\n        if status in ErrorCode.NO_SUCH_ELEMENT:\n            exception_class = NoSuchElementException\n        elif status in ErrorCode.NO_SUCH_FRAME:\n            exception_class = NoSuchFrameException\n        elif status in ErrorCode.NO_SUCH_SHADOW_ROOT:\n            exception_class = NoSuchShadowRootException\n        elif status in ErrorCode.NO_SUCH_WINDOW:\n            exception_class = NoSuchWindowException\n        elif status in ErrorCode.STALE_ELEMENT_REFERENCE:\n            exception_class = StaleElementReferenceException\n        elif status in ErrorCode.ELEMENT_NOT_VISIBLE:\n            exception_class = ElementNotVisibleException\n        elif status in ErrorCode.INVALID_ELEMENT_STATE:\n            exception_class = InvalidElementStateException\n        elif (\n            status in ErrorCode.INVALID_SELECTOR\n            or status in ErrorCode.INVALID_XPATH_SELECTOR\n            or status in ErrorCode.INVALID_XPATH_SELECTOR_RETURN_TYPER\n        ):\n            exception_class = InvalidSelectorException\n        elif status in ErrorCode.ELEMENT_IS_NOT_SELECTABLE:\n            exception_class = ElementNotSelectableException\n        elif status in ErrorCode.ELEMENT_NOT_INTERACTABLE:\n            exception_class = ElementNotInteractableException\n        elif status in ErrorCode.INVALID_COOKIE_DOMAIN:\n            exception_class = InvalidCookieDomainException\n        elif status in ErrorCode.UNABLE_TO_SET_COOKIE:\n            exception_class = UnableToSetCookieException\n        elif status in ErrorCode.TIMEOUT:\n            exception_class = TimeoutException\n        elif status in ErrorCode.SCRIPT_TIMEOUT:\n            exception_class = TimeoutException\n        elif status in ErrorCode.UNKNOWN_ERROR:\n            exception_class = WebDriverException\n        elif status in ErrorCode.UNEXPECTED_ALERT_OPEN:\n            exception_class = UnexpectedAlertPresentException\n        elif status in ErrorCode.NO_ALERT_OPEN:\n            exception_class = NoAlertPresentException\n        elif status in ErrorCode.IME_NOT_AVAILABLE:\n            exception_class = ImeNotAvailableException\n        elif status in ErrorCode.IME_ENGINE_ACTIVATION_FAILED:\n            exception_class = ImeActivationFailedException\n        elif status in ErrorCode.MOVE_TARGET_OUT_OF_BOUNDS:\n            exception_class = MoveTargetOutOfBoundsException\n        elif status in ErrorCode.JAVASCRIPT_ERROR:\n            exception_class = JavascriptException\n        elif status in ErrorCode.SESSION_NOT_CREATED:\n            exception_class = SessionNotCreatedException\n        elif status in ErrorCode.INVALID_ARGUMENT:\n            exception_class = InvalidArgumentException\n        elif status in ErrorCode.NO_SUCH_COOKIE:\n            exception_class = NoSuchCookieException\n        elif status in ErrorCode.UNABLE_TO_CAPTURE_SCREEN:\n            exception_class = ScreenshotException\n        elif status in ErrorCode.ELEMENT_CLICK_INTERCEPTED:\n            exception_class = ElementClickInterceptedException\n        elif status in ErrorCode.INSECURE_CERTIFICATE:\n            exception_class = InsecureCertificateException\n        elif status in ErrorCode.INVALID_COORDINATES:\n            exception_class = InvalidCoordinatesException\n        elif status in ErrorCode.INVALID_SESSION_ID:\n            exception_class = InvalidSessionIdException\n        elif status in ErrorCode.UNKNOWN_METHOD:\n            exception_class = UnknownMethodException\n        else:\n            exception_class = WebDriverException\n        if not value:\n            value = response[\"value\"]\n        if isinstance(value, str):\n            raise exception_class(value)\n        if message == \"\" and \"message\" in value:\n            message = value[\"message\"]\n    \n        screen = None  # type: ignore[assignment]\n        if \"screen\" in value:\n            screen = value[\"screen\"]\n    \n        stacktrace = None\n        st_value = value.get(\"stackTrace\") or value.get(\"stacktrace\")\n        if st_value:\n            if isinstance(st_value, str):\n                stacktrace = st_value.split(\"\\n\")\n            else:\n                stacktrace = []\n                try:\n                    for frame in st_value:\n                        line = frame.get(\"lineNumber\", \"\")\n                        file = frame.get(\"fileName\", \"<anonymous>\")\n                        if line:\n                            file = f\"{file}:{line}\"\n                        meth = frame.get(\"methodName\", \"<anonymous>\")\n                        if \"className\" in frame:\n                            meth = f\"{frame['className']}.{meth}\"\n                        msg = \"    at %s (%s)\"\n                        msg = msg % (meth, file)\n                        stacktrace.append(msg)\n                except TypeError:\n                    pass\n        if exception_class == UnexpectedAlertPresentException:\n            alert_text = None\n            if \"data\" in value:\n                alert_text = value[\"data\"].get(\"text\")\n            elif \"alert\" in value:\n                alert_text = value[\"alert\"].get(\"text\")\n            raise exception_class(message, screen, stacktrace, alert_text)  # type: ignore[call-arg]  # mypy is not smart enough here\n>       raise exception_class(message, screen, stacktrace)\nE       selenium.common.exceptions.NoSuchElementException: Message: no such element: Unable to locate element: {\"method\":\"xpath\",\"selector\":\"(//a[contains(text(), 'Отзывы')])[3]\"}\nE         (Session info: headless chrome=119.0.6045.105); For documentation on this error, please visit: https://www.selenium.dev/documentation/webdriver/troubleshooting/errors#no-such-element-exception\nE       Stacktrace:\nE       #0 0x562817ccd5e3 <unknown>\nE       #1 0x5628179900b7 <unknown>\nE       #2 0x5628179ddf53 <unknown>\nE       #3 0x5628179de051 <unknown>\nE       #4 0x562817a239c4 <unknown>\nE       #5 0x562817a04f1d <unknown>\nE       #6 0x562817a20b3d <unknown>\nE       #7 0x562817a04cc3 <unknown>\nE       #8 0x5628179d00e4 <unknown>\nE       #9 0x5628179d10ae <unknown>\nE       #10 0x562817c93ce1 <unknown>\nE       #11 0x562817c97b7e <unknown>\nE       #12 0x562817c814b5 <unknown>\nE       #13 0x562817c987d6 <unknown>\nE       #14 0x562817c64dbf <unknown>\nE       #15 0x562817cbb748 <unknown>\nE       #16 0x562817cbb917 <unknown>\nE       #17 0x562817ccc773 <unknown>\nE       #18 0x7f1a607a8044 <unknown>\n\n/usr/local/lib/python3.11/site-packages/selenium/webdriver/remote/errorhandler.py:245: NoSuchElementException","steps":[{"name":"Проверка функциональности ссылки 'Отзывы'","time":{"start":1699319196607,"stop":1699319196623,"duration":16},"status":"broken","statusMessage":"selenium.common.exceptions.NoSuchElementException: Message: no such element: Unable to locate element: {\"method\":\"xpath\",\"selector\":\"(//a[contains(text(), 'Отзывы')])[3]\"}\n  (Session info: headless chrome=119.0.6045.105); For documentation on this error, please visit: https://www.selenium.dev/documentation/webdriver/troubleshooting/errors#no-such-element-exception\nStacktrace:\n#0 0x562817ccd5e3 <unknown>\n#1 0x5628179900b7 <unknown>\n#2 0x5628179ddf53 <unknown>\n#3 0x5628179de051 <unknown>\n#4 0x562817a239c4 <unknown>\n#5 0x562817a04f1d <unknown>\n#6 0x562817a20b3d <unknown>\n#7 0x562817a04cc3 <unknown>\n#8 0x5628179d00e4 <unknown>\n#9 0x5628179d10ae <unknown>\n#10 0x562817c93ce1 <unknown>\n#11 0x562817c97b7e <unknown>\n#12 0x562817c814b5 <unknown>\n#13 0x562817c987d6 <unknown>\n#14 0x562817c64dbf <unknown>\n#15 0x562817cbb748 <unknown>\n#16 0x562817cbb917 <unknown>\n#17 0x562817ccc773 <unknown>\n#18 0x7f1a607a8044 <unknown>\n\n","statusTrace":"  File \"/usr/local/lib/python3.11/site-packages/allure_commons/_allure.py\", line 192, in impl\n    return func(*a, **kw)\n           ^^^^^^^^^^^^^^\n  File \"/app/pages/main_page.py\", line 180, in check_reviews_link\n    self.driver.find_element(*self._reviews_link).click()\n    ^^^^^^^^^^^^^^^^^^^^^^^^^^^^^^^^^^^^^^^^^^^^^\n  File \"/usr/local/lib/python3.11/site-packages/selenium/webdriver/remote/webdriver.py\", line 740, in find_element\n    return self.execute(Command.FIND_ELEMENT, {\"using\": by, \"value\": value})[\"value\"]\n           ^^^^^^^^^^^^^^^^^^^^^^^^^^^^^^^^^^^^^^^^^^^^^^^^^^^^^^^^^^^^^^^^^\n  File \"/usr/local/lib/python3.11/site-packages/selenium/webdriver/remote/webdriver.py\", line 346, in execute\n    self.error_handler.check_response(response)\n  File \"/usr/local/lib/python3.11/site-packages/selenium/webdriver/remote/errorhandler.py\", line 245, in check_response\n    raise exception_class(message, screen, stacktrace)\n","steps":[],"attachments":[],"parameters":[],"shouldDisplayMessage":true,"stepsCount":0,"attachmentsCount":0,"hasContent":true}],"attachments":[{"uid":"2bf142dd413cb240","name":"Screenshot","source":"2bf142dd413cb240.png","type":"image/png","size":39127},{"uid":"a90aa03e980890f5","name":"HTML source","source":"a90aa03e980890f5.html","type":"text/html","size":538}],"parameters":[],"shouldDisplayMessage":true,"stepsCount":1,"attachmentsCount":2,"hasContent":true},"afterStages":[{"name":"setup::0","time":{"start":1699319196771,"stop":1699319196771,"duration":0},"status":"passed","steps":[],"attachments":[],"parameters":[],"shouldDisplayMessage":false,"stepsCount":0,"attachmentsCount":0,"hasContent":false},{"name":"driver::0","time":{"start":1699319196772,"stop":1699319196829,"duration":57},"status":"passed","steps":[],"attachments":[],"parameters":[],"shouldDisplayMessage":false,"stepsCount":0,"attachmentsCount":0,"hasContent":false}],"labels":[{"name":"epic","value":"Main Page"},{"name":"feature","value":"Footer functionality"},{"name":"tag","value":"smoke_test"},{"name":"tag","value":"@pytest.mark.xfail(reason='При переходе на страницу отзывов может предложено пройти капчу')"},{"name":"parentSuite","value":"tests"},{"name":"suite","value":"test_main_page"},{"name":"subSuite","value":"TestMainPage"},{"name":"host","value":"e7d85229bc17"},{"name":"thread","value":"1-MainThread"},{"name":"framework","value":"pytest"},{"name":"language","value":"cpython3"},{"name":"package","value":"tests.test_main_page"},{"name":"resultFormat","value":"allure2"}],"parameters":[{"name":"url","value":"'https://test2.stroyrem-nn.ru/'"}],"links":[],"hidden":false,"retry":false,"extra":{"severity":"normal","retries":[],"categories":[],"history":{"statistic":{"failed":0,"broken":0,"skipped":90,"passed":0,"unknown":0,"total":90},"items":[{"uid":"85af90028d2759da","reportUrl":"https://zaelcovsky.github.io/StroyremAutomation/132//#testresult/85af90028d2759da","status":"skipped","statusDetails":"XFAIL При переходе на страницу отзывов может предложено пройти капчу\n\nselenium.common.exceptions.NoSuchElementException: Message: no such element: Unable to locate element: {\"method\":\"xpath\",\"selector\":\"(//a[contains(text(), 'Отзывы')])[3]\"}\n  (Session info: headless chrome=119.0.6045.105); For documentation on this error, please visit: https://www.selenium.dev/documentation/webdriver/troubleshooting/errors#no-such-element-exception\nStacktrace:\n#0 0x560ea7e185e3 <unknown>\n#1 0x560ea7adb0b7 <unknown>\n#2 0x560ea7b28f53 <unknown>\n#3 0x560ea7b29051 <unknown>\n#4 0x560ea7b6e9c4 <unknown>\n#5 0x560ea7b4ff1d <unknown>\n#6 0x560ea7b6bb3d <unknown>\n#7 0x560ea7b4fcc3 <unknown>\n#8 0x560ea7b1b0e4 <unknown>\n#9 0x560ea7b1c0ae <unknown>\n#10 0x560ea7ddece1 <unknown>\n#11 0x560ea7de2b7e <unknown>\n#12 0x560ea7dcc4b5 <unknown>\n#13 0x560ea7de37d6 <unknown>\n#14 0x560ea7dafdbf <unknown>\n#15 0x560ea7e06748 <unknown>\n#16 0x560ea7e06917 <unknown>\n#17 0x560ea7e17773 <unknown>\n#18 0x7f78e8258044 <unknown>","time":{"start":1699232857045,"stop":1699232857066,"duration":21}},{"uid":"7191d74a3f8812c3","reportUrl":"https://zaelcovsky.github.io/StroyremAutomation/131//#testresult/7191d74a3f8812c3","status":"skipped","statusDetails":"XFAIL При переходе на страницу отзывов может предложено пройти капчу\n\nselenium.common.exceptions.NoSuchElementException: Message: no such element: Unable to locate element: {\"method\":\"xpath\",\"selector\":\"(//a[contains(text(), 'Отзывы')])[3]\"}\n  (Session info: headless chrome=119.0.6045.105); For documentation on this error, please visit: https://www.selenium.dev/documentation/webdriver/troubleshooting/errors#no-such-element-exception\nStacktrace:\n#0 0x55d7cbc3d5e3 <unknown>\n#1 0x55d7cb9000b7 <unknown>\n#2 0x55d7cb94df53 <unknown>\n#3 0x55d7cb94e051 <unknown>\n#4 0x55d7cb9939c4 <unknown>\n#5 0x55d7cb974f1d <unknown>\n#6 0x55d7cb990b3d <unknown>\n#7 0x55d7cb974cc3 <unknown>\n#8 0x55d7cb9400e4 <unknown>\n#9 0x55d7cb9410ae <unknown>\n#10 0x55d7cbc03ce1 <unknown>\n#11 0x55d7cbc07b7e <unknown>\n#12 0x55d7cbbf14b5 <unknown>\n#13 0x55d7cbc087d6 <unknown>\n#14 0x55d7cbbd4dbf <unknown>\n#15 0x55d7cbc2b748 <unknown>\n#16 0x55d7cbc2b917 <unknown>\n#17 0x55d7cbc3c773 <unknown>\n#18 0x7f12af8b0044 <unknown>","time":{"start":1699146580966,"stop":1699146580987,"duration":21}},{"uid":"ad5b0aaf1622c1ce","reportUrl":"https://zaelcovsky.github.io/StroyremAutomation/130//#testresult/ad5b0aaf1622c1ce","status":"skipped","statusDetails":"XFAIL При переходе на страницу отзывов может предложено пройти капчу\n\nselenium.common.exceptions.NoSuchElementException: Message: no such element: Unable to locate element: {\"method\":\"xpath\",\"selector\":\"(//a[contains(text(), 'Отзывы')])[3]\"}\n  (Session info: headless chrome=119.0.6045.105); For documentation on this error, please visit: https://www.selenium.dev/documentation/webdriver/troubleshooting/errors#no-such-element-exception\nStacktrace:\n#0 0x5601e74155e3 <unknown>\n#1 0x5601e70d80b7 <unknown>\n#2 0x5601e7125f53 <unknown>\n#3 0x5601e7126051 <unknown>\n#4 0x5601e716b9c4 <unknown>\n#5 0x5601e714cf1d <unknown>\n#6 0x5601e7168b3d <unknown>\n#7 0x5601e714ccc3 <unknown>\n#8 0x5601e71180e4 <unknown>\n#9 0x5601e71190ae <unknown>\n#10 0x5601e73dbce1 <unknown>\n#11 0x5601e73dfb7e <unknown>\n#12 0x5601e73c94b5 <unknown>\n#13 0x5601e73e07d6 <unknown>\n#14 0x5601e73acdbf <unknown>\n#15 0x5601e7403748 <unknown>\n#16 0x5601e7403917 <unknown>\n#17 0x5601e7414773 <unknown>\n#18 0x7f140b8a4044 <unknown>","time":{"start":1699059885522,"stop":1699059885538,"duration":16}},{"uid":"54a0787850626fb0","reportUrl":"https://zaelcovsky.github.io/StroyremAutomation/129//#testresult/54a0787850626fb0","status":"skipped","statusDetails":"XFAIL При переходе на страницу отзывов может предложено пройти капчу\n\nselenium.common.exceptions.NoSuchElementException: Message: no such element: Unable to locate element: {\"method\":\"xpath\",\"selector\":\"(//a[contains(text(), 'Отзывы')])[3]\"}\n  (Session info: headless chrome=119.0.6045.105); For documentation on this error, please visit: https://www.selenium.dev/documentation/webdriver/troubleshooting/errors#no-such-element-exception\nStacktrace:\n#0 0x555f81d535e3 <unknown>\n#1 0x555f81a160b7 <unknown>\n#2 0x555f81a63f53 <unknown>\n#3 0x555f81a64051 <unknown>\n#4 0x555f81aa99c4 <unknown>\n#5 0x555f81a8af1d <unknown>\n#6 0x555f81aa6b3d <unknown>\n#7 0x555f81a8acc3 <unknown>\n#8 0x555f81a560e4 <unknown>\n#9 0x555f81a570ae <unknown>\n#10 0x555f81d19ce1 <unknown>\n#11 0x555f81d1db7e <unknown>\n#12 0x555f81d074b5 <unknown>\n#13 0x555f81d1e7d6 <unknown>\n#14 0x555f81ceadbf <unknown>\n#15 0x555f81d41748 <unknown>\n#16 0x555f81d41917 <unknown>\n#17 0x555f81d52773 <unknown>\n#18 0x7efd49f0c044 <unknown>","time":{"start":1698973485008,"stop":1698973485024,"duration":16}},{"uid":"ef6da31481e5dbbb","reportUrl":"https://zaelcovsky.github.io/StroyremAutomation/128//#testresult/ef6da31481e5dbbb","status":"skipped","statusDetails":"XFAIL При переходе на страницу отзывов может предложено пройти капчу\n\nselenium.common.exceptions.NoSuchElementException: Message: no such element: Unable to locate element: {\"method\":\"xpath\",\"selector\":\"(//a[contains(text(), 'Отзывы')])[3]\"}\n  (Session info: headless chrome=119.0.6045.105); For documentation on this error, please visit: https://www.selenium.dev/documentation/webdriver/troubleshooting/errors#no-such-element-exception\nStacktrace:\n#0 0x55a03f0ae5e3 <unknown>\n#1 0x55a03ed710b7 <unknown>\n#2 0x55a03edbef53 <unknown>\n#3 0x55a03edbf051 <unknown>\n#4 0x55a03ee049c4 <unknown>\n#5 0x55a03ede5f1d <unknown>\n#6 0x55a03ee01b3d <unknown>\n#7 0x55a03ede5cc3 <unknown>\n#8 0x55a03edb10e4 <unknown>\n#9 0x55a03edb20ae <unknown>\n#10 0x55a03f074ce1 <unknown>\n#11 0x55a03f078b7e <unknown>\n#12 0x55a03f0624b5 <unknown>\n#13 0x55a03f0797d6 <unknown>\n#14 0x55a03f045dbf <unknown>\n#15 0x55a03f09c748 <unknown>\n#16 0x55a03f09c917 <unknown>\n#17 0x55a03f0ad773 <unknown>\n#18 0x7ff7147d1044 <unknown>","time":{"start":1698887071224,"stop":1698887071237,"duration":13}},{"uid":"ff610e830036a6f7","reportUrl":"https://zaelcovsky.github.io/StroyremAutomation/127//#testresult/ff610e830036a6f7","status":"skipped","statusDetails":"XFAIL При переходе на страницу отзывов может предложено пройти капчу\n\nselenium.common.exceptions.NoSuchElementException: Message: no such element: Unable to locate element: {\"method\":\"xpath\",\"selector\":\"(//a[contains(text(), 'Отзывы')])[3]\"}\n  (Session info: headless chrome=119.0.6045.105); For documentation on this error, please visit: https://www.selenium.dev/documentation/webdriver/troubleshooting/errors#no-such-element-exception\nStacktrace:\n#0 0x55ad0f51e5e3 <unknown>\n#1 0x55ad0f1e10b7 <unknown>\n#2 0x55ad0f22ef53 <unknown>\n#3 0x55ad0f22f051 <unknown>\n#4 0x55ad0f2749c4 <unknown>\n#5 0x55ad0f255f1d <unknown>\n#6 0x55ad0f271b3d <unknown>\n#7 0x55ad0f255cc3 <unknown>\n#8 0x55ad0f2210e4 <unknown>\n#9 0x55ad0f2220ae <unknown>\n#10 0x55ad0f4e4ce1 <unknown>\n#11 0x55ad0f4e8b7e <unknown>\n#12 0x55ad0f4d24b5 <unknown>\n#13 0x55ad0f4e97d6 <unknown>\n#14 0x55ad0f4b5dbf <unknown>\n#15 0x55ad0f50c748 <unknown>\n#16 0x55ad0f50c917 <unknown>\n#17 0x55ad0f51d773 <unknown>\n#18 0x7f583a488044 <unknown>","time":{"start":1698800942886,"stop":1698800942906,"duration":20}},{"uid":"ac5b2a7695e7a60d","reportUrl":"https://zaelcovsky.github.io/StroyremAutomation/126//#testresult/ac5b2a7695e7a60d","status":"skipped","statusDetails":"XFAIL При переходе на страницу отзывов может предложено пройти капчу\n\nselenium.common.exceptions.NoSuchElementException: Message: no such element: Unable to locate element: {\"method\":\"xpath\",\"selector\":\"(//a[contains(text(), 'Отзывы')])[3]\"}\n  (Session info: headless chrome=118.0.5993.70); For documentation on this error, please visit: https://www.selenium.dev/documentation/webdriver/troubleshooting/errors#no-such-element-exception\nStacktrace:\n#0 0x556045ad5fb3 <unknown>\n#1 0x5560457a94a7 <unknown>\n#2 0x5560457f0dd6 <unknown>\n#3 0x5560457f0ec1 <unknown>\n#4 0x55604582e354 <unknown>\n#5 0x55604581296d <unknown>\n#6 0x55604582bc02 <unknown>\n#7 0x556045812713 <unknown>\n#8 0x5560457e518b <unknown>\n#9 0x5560457e5f7e <unknown>\n#10 0x556045a9b8d8 <unknown>\n#11 0x556045a9f800 <unknown>\n#12 0x556045aa9cfc <unknown>\n#13 0x556045aa0418 <unknown>\n#14 0x556045a6d42f <unknown>\n#15 0x556045ac44e8 <unknown>\n#16 0x556045ac46b4 <unknown>\n#17 0x556045ad5143 <unknown>\n#18 0x7f22d0de1044 <unknown>","time":{"start":1698714304802,"stop":1698714304820,"duration":18}},{"uid":"337a9360cd502cda","reportUrl":"https://zaelcovsky.github.io/StroyremAutomation/125//#testresult/337a9360cd502cda","status":"skipped","statusDetails":"XFAIL При переходе на страницу отзывов может предложено пройти капчу\n\nselenium.common.exceptions.NoSuchElementException: Message: no such element: Unable to locate element: {\"method\":\"xpath\",\"selector\":\"(//a[contains(text(), 'Отзывы')])[3]\"}\n  (Session info: headless chrome=118.0.5993.70); For documentation on this error, please visit: https://www.selenium.dev/documentation/webdriver/troubleshooting/errors#no-such-element-exception\nStacktrace:\n#0 0x559dfc359fb3 <unknown>\n#1 0x559dfc02d4a7 <unknown>\n#2 0x559dfc074dd6 <unknown>\n#3 0x559dfc074ec1 <unknown>\n#4 0x559dfc0b2354 <unknown>\n#5 0x559dfc09696d <unknown>\n#6 0x559dfc0afc02 <unknown>\n#7 0x559dfc096713 <unknown>\n#8 0x559dfc06918b <unknown>\n#9 0x559dfc069f7e <unknown>\n#10 0x559dfc31f8d8 <unknown>\n#11 0x559dfc323800 <unknown>\n#12 0x559dfc32dcfc <unknown>\n#13 0x559dfc324418 <unknown>\n#14 0x559dfc2f142f <unknown>\n#15 0x559dfc3484e8 <unknown>\n#16 0x559dfc3486b4 <unknown>\n#17 0x559dfc359143 <unknown>\n#18 0x7fbb52457044 <unknown>","time":{"start":1698627875866,"stop":1698627875881,"duration":15}},{"uid":"292cdfea93d167a4","reportUrl":"https://zaelcovsky.github.io/StroyremAutomation/124//#testresult/292cdfea93d167a4","status":"skipped","statusDetails":"XFAIL При переходе на страницу отзывов может предложено пройти капчу\n\nselenium.common.exceptions.NoSuchElementException: Message: no such element: Unable to locate element: {\"method\":\"xpath\",\"selector\":\"(//a[contains(text(), 'Отзывы')])[3]\"}\n  (Session info: headless chrome=118.0.5993.70); For documentation on this error, please visit: https://www.selenium.dev/documentation/webdriver/troubleshooting/errors#no-such-element-exception\nStacktrace:\n#0 0x55bab8136fb3 <unknown>\n#1 0x55bab7e0a4a7 <unknown>\n#2 0x55bab7e51dd6 <unknown>\n#3 0x55bab7e51ec1 <unknown>\n#4 0x55bab7e8f354 <unknown>\n#5 0x55bab7e7396d <unknown>\n#6 0x55bab7e8cc02 <unknown>\n#7 0x55bab7e73713 <unknown>\n#8 0x55bab7e4618b <unknown>\n#9 0x55bab7e46f7e <unknown>\n#10 0x55bab80fc8d8 <unknown>\n#11 0x55bab8100800 <unknown>\n#12 0x55bab810acfc <unknown>\n#13 0x55bab8101418 <unknown>\n#14 0x55bab80ce42f <unknown>\n#15 0x55bab81254e8 <unknown>\n#16 0x55bab81256b4 <unknown>\n#17 0x55bab8136143 <unknown>\n#18 0x7f932fa41044 <unknown>","time":{"start":1698541665072,"stop":1698541665088,"duration":16}},{"uid":"a1a37cf4e1b0d67a","reportUrl":"https://zaelcovsky.github.io/StroyremAutomation/123//#testresult/a1a37cf4e1b0d67a","status":"skipped","statusDetails":"XFAIL При переходе на страницу отзывов может предложено пройти капчу\n\nselenium.common.exceptions.NoSuchElementException: Message: no such element: Unable to locate element: {\"method\":\"xpath\",\"selector\":\"(//a[contains(text(), 'Отзывы')])[3]\"}\n  (Session info: headless chrome=118.0.5993.70); For documentation on this error, please visit: https://www.selenium.dev/documentation/webdriver/troubleshooting/errors#no-such-element-exception\nStacktrace:\n#0 0x55b14d914fb3 <unknown>\n#1 0x55b14d5e84a7 <unknown>\n#2 0x55b14d62fdd6 <unknown>\n#3 0x55b14d62fec1 <unknown>\n#4 0x55b14d66d354 <unknown>\n#5 0x55b14d65196d <unknown>\n#6 0x55b14d66ac02 <unknown>\n#7 0x55b14d651713 <unknown>\n#8 0x55b14d62418b <unknown>\n#9 0x55b14d624f7e <unknown>\n#10 0x55b14d8da8d8 <unknown>\n#11 0x55b14d8de800 <unknown>\n#12 0x55b14d8e8cfc <unknown>\n#13 0x55b14d8df418 <unknown>\n#14 0x55b14d8ac42f <unknown>\n#15 0x55b14d9034e8 <unknown>\n#16 0x55b14d9036b4 <unknown>\n#17 0x55b14d914143 <unknown>\n#18 0x7f1c6d639044 <unknown>","time":{"start":1698454954748,"stop":1698454954765,"duration":17}},{"uid":"e9e1ad343cda2611","reportUrl":"https://zaelcovsky.github.io/StroyremAutomation/122//#testresult/e9e1ad343cda2611","status":"skipped","statusDetails":"XFAIL При переходе на страницу отзывов может предложено пройти капчу\n\nselenium.common.exceptions.NoSuchElementException: Message: no such element: Unable to locate element: {\"method\":\"xpath\",\"selector\":\"(//a[contains(text(), 'Отзывы')])[3]\"}\n  (Session info: headless chrome=118.0.5993.70); For documentation on this error, please visit: https://www.selenium.dev/documentation/webdriver/troubleshooting/errors#no-such-element-exception\nStacktrace:\n#0 0x5640dec42fb3 <unknown>\n#1 0x5640de9164a7 <unknown>\n#2 0x5640de95ddd6 <unknown>\n#3 0x5640de95dec1 <unknown>\n#4 0x5640de99b354 <unknown>\n#5 0x5640de97f96d <unknown>\n#6 0x5640de998c02 <unknown>\n#7 0x5640de97f713 <unknown>\n#8 0x5640de95218b <unknown>\n#9 0x5640de952f7e <unknown>\n#10 0x5640dec088d8 <unknown>\n#11 0x5640dec0c800 <unknown>\n#12 0x5640dec16cfc <unknown>\n#13 0x5640dec0d418 <unknown>\n#14 0x5640debda42f <unknown>\n#15 0x5640dec314e8 <unknown>\n#16 0x5640dec316b4 <unknown>\n#17 0x5640dec42143 <unknown>\n#18 0x7ff72f1f9044 <unknown>","time":{"start":1698368603693,"stop":1698368603712,"duration":19}},{"uid":"ea545574753f23a2","reportUrl":"https://zaelcovsky.github.io/StroyremAutomation/121//#testresult/ea545574753f23a2","status":"skipped","statusDetails":"XFAIL При переходе на страницу отзывов может предложено пройти капчу\n\nselenium.common.exceptions.NoSuchElementException: Message: no such element: Unable to locate element: {\"method\":\"xpath\",\"selector\":\"(//a[contains(text(), 'Отзывы')])[3]\"}\n  (Session info: headless chrome=118.0.5993.70); For documentation on this error, please visit: https://www.selenium.dev/documentation/webdriver/troubleshooting/errors#no-such-element-exception\nStacktrace:\n#0 0x55b401473fb3 <unknown>\n#1 0x55b4011474a7 <unknown>\n#2 0x55b40118edd6 <unknown>\n#3 0x55b40118eec1 <unknown>\n#4 0x55b4011cc354 <unknown>\n#5 0x55b4011b096d <unknown>\n#6 0x55b4011c9c02 <unknown>\n#7 0x55b4011b0713 <unknown>\n#8 0x55b40118318b <unknown>\n#9 0x55b401183f7e <unknown>\n#10 0x55b4014398d8 <unknown>\n#11 0x55b40143d800 <unknown>\n#12 0x55b401447cfc <unknown>\n#13 0x55b40143e418 <unknown>\n#14 0x55b40140b42f <unknown>\n#15 0x55b4014624e8 <unknown>\n#16 0x55b4014626b4 <unknown>\n#17 0x55b401473143 <unknown>\n#18 0x7fdf6374c044 <unknown>","time":{"start":1698282209712,"stop":1698282209738,"duration":26}},{"uid":"e9ae18da0565c15a","reportUrl":"https://zaelcovsky.github.io/StroyremAutomation/120//#testresult/e9ae18da0565c15a","status":"skipped","statusDetails":"XFAIL При переходе на страницу отзывов может предложено пройти капчу\n\nselenium.common.exceptions.NoSuchElementException: Message: no such element: Unable to locate element: {\"method\":\"xpath\",\"selector\":\"(//a[contains(text(), 'Отзывы')])[3]\"}\n  (Session info: headless chrome=118.0.5993.70); For documentation on this error, please visit: https://www.selenium.dev/documentation/webdriver/troubleshooting/errors#no-such-element-exception\nStacktrace:\n#0 0x55b505c01fb3 <unknown>\n#1 0x55b5058d54a7 <unknown>\n#2 0x55b50591cdd6 <unknown>\n#3 0x55b50591cec1 <unknown>\n#4 0x55b50595a354 <unknown>\n#5 0x55b50593e96d <unknown>\n#6 0x55b505957c02 <unknown>\n#7 0x55b50593e713 <unknown>\n#8 0x55b50591118b <unknown>\n#9 0x55b505911f7e <unknown>\n#10 0x55b505bc78d8 <unknown>\n#11 0x55b505bcb800 <unknown>\n#12 0x55b505bd5cfc <unknown>\n#13 0x55b505bcc418 <unknown>\n#14 0x55b505b9942f <unknown>\n#15 0x55b505bf04e8 <unknown>\n#16 0x55b505bf06b4 <unknown>\n#17 0x55b505c01143 <unknown>\n#18 0x7fe5a9d3e044 <unknown>","time":{"start":1698195843936,"stop":1698195843952,"duration":16}},{"uid":"99454a70234c762b","reportUrl":"https://zaelcovsky.github.io/StroyremAutomation/119//#testresult/99454a70234c762b","status":"skipped","statusDetails":"XFAIL При переходе на страницу отзывов может предложено пройти капчу\n\nselenium.common.exceptions.NoSuchElementException: Message: no such element: Unable to locate element: {\"method\":\"xpath\",\"selector\":\"(//a[contains(text(), 'Отзывы')])[3]\"}\n  (Session info: headless chrome=118.0.5993.70); For documentation on this error, please visit: https://www.selenium.dev/documentation/webdriver/troubleshooting/errors#no-such-element-exception\nStacktrace:\n#0 0x564a2a1dafb3 <unknown>\n#1 0x564a29eae4a7 <unknown>\n#2 0x564a29ef5dd6 <unknown>\n#3 0x564a29ef5ec1 <unknown>\n#4 0x564a29f33354 <unknown>\n#5 0x564a29f1796d <unknown>\n#6 0x564a29f30c02 <unknown>\n#7 0x564a29f17713 <unknown>\n#8 0x564a29eea18b <unknown>\n#9 0x564a29eeaf7e <unknown>\n#10 0x564a2a1a08d8 <unknown>\n#11 0x564a2a1a4800 <unknown>\n#12 0x564a2a1aecfc <unknown>\n#13 0x564a2a1a5418 <unknown>\n#14 0x564a2a17242f <unknown>\n#15 0x564a2a1c94e8 <unknown>\n#16 0x564a2a1c96b4 <unknown>\n#17 0x564a2a1da143 <unknown>\n#18 0x7faf789ac044 <unknown>","time":{"start":1698109489403,"stop":1698109489424,"duration":21}},{"uid":"b4ede063587a17","reportUrl":"https://zaelcovsky.github.io/StroyremAutomation/118//#testresult/b4ede063587a17","status":"skipped","statusDetails":"XFAIL При переходе на страницу отзывов может предложено пройти капчу\n\nselenium.common.exceptions.NoSuchElementException: Message: no such element: Unable to locate element: {\"method\":\"xpath\",\"selector\":\"(//a[contains(text(), 'Отзывы')])[3]\"}\n  (Session info: headless chrome=118.0.5993.70); For documentation on this error, please visit: https://www.selenium.dev/documentation/webdriver/troubleshooting/errors#no-such-element-exception\nStacktrace:\n#0 0x561699636fb3 <unknown>\n#1 0x56169930a4a7 <unknown>\n#2 0x561699351dd6 <unknown>\n#3 0x561699351ec1 <unknown>\n#4 0x56169938f354 <unknown>\n#5 0x56169937396d <unknown>\n#6 0x56169938cc02 <unknown>\n#7 0x561699373713 <unknown>\n#8 0x56169934618b <unknown>\n#9 0x561699346f7e <unknown>\n#10 0x5616995fc8d8 <unknown>\n#11 0x561699600800 <unknown>\n#12 0x56169960acfc <unknown>\n#13 0x561699601418 <unknown>\n#14 0x5616995ce42f <unknown>\n#15 0x5616996254e8 <unknown>\n#16 0x5616996256b4 <unknown>\n#17 0x561699636143 <unknown>\n#18 0x7fed0baeb044 <unknown>","time":{"start":1698023085832,"stop":1698023085848,"duration":16}},{"uid":"604e836fb50949b4","reportUrl":"https://zaelcovsky.github.io/StroyremAutomation/117//#testresult/604e836fb50949b4","status":"skipped","statusDetails":"XFAIL При переходе на страницу отзывов может предложено пройти капчу\n\nselenium.common.exceptions.NoSuchElementException: Message: no such element: Unable to locate element: {\"method\":\"xpath\",\"selector\":\"(//a[contains(text(), 'Отзывы')])[3]\"}\n  (Session info: headless chrome=118.0.5993.70); For documentation on this error, please visit: https://www.selenium.dev/documentation/webdriver/troubleshooting/errors#no-such-element-exception\nStacktrace:\n#0 0x56246672bfb3 <unknown>\n#1 0x5624663ff4a7 <unknown>\n#2 0x562466446dd6 <unknown>\n#3 0x562466446ec1 <unknown>\n#4 0x562466484354 <unknown>\n#5 0x56246646896d <unknown>\n#6 0x562466481c02 <unknown>\n#7 0x562466468713 <unknown>\n#8 0x56246643b18b <unknown>\n#9 0x56246643bf7e <unknown>\n#10 0x5624666f18d8 <unknown>\n#11 0x5624666f5800 <unknown>\n#12 0x5624666ffcfc <unknown>\n#13 0x5624666f6418 <unknown>\n#14 0x5624666c342f <unknown>\n#15 0x56246671a4e8 <unknown>\n#16 0x56246671a6b4 <unknown>\n#17 0x56246672b143 <unknown>\n#18 0x7fdc4fcea044 <unknown>","time":{"start":1697936895310,"stop":1697936895326,"duration":16}},{"uid":"9769c0b8b9268148","reportUrl":"https://zaelcovsky.github.io/StroyremAutomation/116//#testresult/9769c0b8b9268148","status":"skipped","statusDetails":"XFAIL При переходе на страницу отзывов может предложено пройти капчу\n\nselenium.common.exceptions.NoSuchElementException: Message: no such element: Unable to locate element: {\"method\":\"xpath\",\"selector\":\"(//a[contains(text(), 'Отзывы')])[3]\"}\n  (Session info: headless chrome=118.0.5993.70); For documentation on this error, please visit: https://www.selenium.dev/documentation/webdriver/troubleshooting/errors#no-such-element-exception\nStacktrace:\n#0 0x558d3c429fb3 <unknown>\n#1 0x558d3c0fd4a7 <unknown>\n#2 0x558d3c144dd6 <unknown>\n#3 0x558d3c144ec1 <unknown>\n#4 0x558d3c182354 <unknown>\n#5 0x558d3c16696d <unknown>\n#6 0x558d3c17fc02 <unknown>\n#7 0x558d3c166713 <unknown>\n#8 0x558d3c13918b <unknown>\n#9 0x558d3c139f7e <unknown>\n#10 0x558d3c3ef8d8 <unknown>\n#11 0x558d3c3f3800 <unknown>\n#12 0x558d3c3fdcfc <unknown>\n#13 0x558d3c3f4418 <unknown>\n#14 0x558d3c3c142f <unknown>\n#15 0x558d3c4184e8 <unknown>\n#16 0x558d3c4186b4 <unknown>\n#17 0x558d3c429143 <unknown>\n#18 0x7f114f114044 <unknown>","time":{"start":1697850189867,"stop":1697850189883,"duration":16}},{"uid":"19108de188789158","reportUrl":"https://zaelcovsky.github.io/StroyremAutomation/115//#testresult/19108de188789158","status":"skipped","statusDetails":"XFAIL При переходе на страницу отзывов может предложено пройти капчу\n\nselenium.common.exceptions.NoSuchElementException: Message: no such element: Unable to locate element: {\"method\":\"xpath\",\"selector\":\"(//a[contains(text(), 'Отзывы')])[3]\"}\n  (Session info: headless chrome=118.0.5993.70); For documentation on this error, please visit: https://www.selenium.dev/documentation/webdriver/troubleshooting/errors#no-such-element-exception\nStacktrace:\n#0 0x5636532b4fb3 <unknown>\n#1 0x563652f884a7 <unknown>\n#2 0x563652fcfdd6 <unknown>\n#3 0x563652fcfec1 <unknown>\n#4 0x56365300d354 <unknown>\n#5 0x563652ff196d <unknown>\n#6 0x56365300ac02 <unknown>\n#7 0x563652ff1713 <unknown>\n#8 0x563652fc418b <unknown>\n#9 0x563652fc4f7e <unknown>\n#10 0x56365327a8d8 <unknown>\n#11 0x56365327e800 <unknown>\n#12 0x563653288cfc <unknown>\n#13 0x56365327f418 <unknown>\n#14 0x56365324c42f <unknown>\n#15 0x5636532a34e8 <unknown>\n#16 0x5636532a36b4 <unknown>\n#17 0x5636532b4143 <unknown>\n#18 0x7f795fb81044 <unknown>","time":{"start":1697763906170,"stop":1697763906186,"duration":16}},{"uid":"c3192028674564e7","reportUrl":"https://zaelcovsky.github.io/StroyremAutomation/114//#testresult/c3192028674564e7","status":"skipped","statusDetails":"XFAIL При переходе на страницу отзывов может предложено пройти капчу\n\nselenium.common.exceptions.NoSuchElementException: Message: no such element: Unable to locate element: {\"method\":\"xpath\",\"selector\":\"(//a[contains(text(), 'Отзывы')])[3]\"}\n  (Session info: headless chrome=118.0.5993.70); For documentation on this error, please visit: https://www.selenium.dev/documentation/webdriver/troubleshooting/errors#no-such-element-exception\nStacktrace:\n#0 0x555a5351dfb3 <unknown>\n#1 0x555a531f14a7 <unknown>\n#2 0x555a53238dd6 <unknown>\n#3 0x555a53238ec1 <unknown>\n#4 0x555a53276354 <unknown>\n#5 0x555a5325a96d <unknown>\n#6 0x555a53273c02 <unknown>\n#7 0x555a5325a713 <unknown>\n#8 0x555a5322d18b <unknown>\n#9 0x555a5322df7e <unknown>\n#10 0x555a534e38d8 <unknown>\n#11 0x555a534e7800 <unknown>\n#12 0x555a534f1cfc <unknown>\n#13 0x555a534e8418 <unknown>\n#14 0x555a534b542f <unknown>\n#15 0x555a5350c4e8 <unknown>\n#16 0x555a5350c6b4 <unknown>\n#17 0x555a5351d143 <unknown>\n#18 0x7ff037eb8044 <unknown>","time":{"start":1697677507546,"stop":1697677507565,"duration":19}},{"uid":"d6d880a9bc92e13c","reportUrl":"https://zaelcovsky.github.io/StroyremAutomation/113//#testresult/d6d880a9bc92e13c","status":"skipped","statusDetails":"XFAIL При переходе на страницу отзывов может предложено пройти капчу\n\nselenium.common.exceptions.NoSuchElementException: Message: no such element: Unable to locate element: {\"method\":\"xpath\",\"selector\":\"(//a[contains(text(), 'Отзывы')])[3]\"}\n  (Session info: headless chrome=118.0.5993.70); For documentation on this error, please visit: https://www.selenium.dev/documentation/webdriver/troubleshooting/errors#no-such-element-exception\nStacktrace:\n#0 0x56365d02afb3 <unknown>\n#1 0x56365ccfe4a7 <unknown>\n#2 0x56365cd45dd6 <unknown>\n#3 0x56365cd45ec1 <unknown>\n#4 0x56365cd83354 <unknown>\n#5 0x56365cd6796d <unknown>\n#6 0x56365cd80c02 <unknown>\n#7 0x56365cd67713 <unknown>\n#8 0x56365cd3a18b <unknown>\n#9 0x56365cd3af7e <unknown>\n#10 0x56365cff08d8 <unknown>\n#11 0x56365cff4800 <unknown>\n#12 0x56365cffecfc <unknown>\n#13 0x56365cff5418 <unknown>\n#14 0x56365cfc242f <unknown>\n#15 0x56365d0194e8 <unknown>\n#16 0x56365d0196b4 <unknown>\n#17 0x56365d02a143 <unknown>\n#18 0x7f9e1cdb9044 <unknown>","time":{"start":1697591154426,"stop":1697591154446,"duration":20}}]},"tags":["@pytest.mark.xfail(reason='При переходе на страницу отзывов может предложено пройти капчу')","smoke_test"]},"source":"b01077214383cd05.json","parameterValues":["'https://test2.stroyrem-nn.ru/'"]}