{"uid":"1b17a9d69afcdb87","name":"TD 018 Доставка товара весом до 500кг. в синей зоне","fullName":"tests.delivery.test_delivery_calculation.TestDeliveryPageCalculation#test_positive_delivery_blue_zone_smoke","historyId":"95f694f6adc130155d4f19b21da55956","time":{"start":1705369791141,"stop":1705369921321,"duration":130180},"status":"broken","statusMessage":"selenium.common.exceptions.WebDriverException: Message: unknown error: net::ERR_CONNECTION_TIMED_OUT\n  (Session info: chrome-headless-shell=120.0.6099.109)\nStacktrace:\n#0 0x56109ffa0f83 <unknown>\n#1 0x56109fc59cf7 <unknown>\n#2 0x56109fc516ea <unknown>\n#3 0x56109fc405a1 <unknown>\n#4 0x56109fc41d40 <unknown>\n#5 0x56109fc40854 <unknown>\n#6 0x56109fc3f586 <unknown>\n#7 0x56109fc3f44a <unknown>\n#8 0x56109fc3d7e1 <unknown>\n#9 0x56109fc3e01a <unknown>\n#10 0x56109fc5cbbe <unknown>\n#11 0x56109fcf27a5 <unknown>\n#12 0x56109fcd30b2 <unknown>\n#13 0x56109fcf2006 <unknown>\n#14 0x56109fcd2e53 <unknown>\n#15 0x56109fc9add4 <unknown>\n#16 0x56109fc9c1de <unknown>\n#17 0x56109ff65531 <unknown>\n#18 0x56109ff69455 <unknown>\n#19 0x56109ff51f55 <unknown>\n#20 0x56109ff6a0ef <unknown>\n#21 0x56109ff3599f <unknown>\n#22 0x56109ff8e008 <unknown>\n#23 0x56109ff8e1d7 <unknown>\n#24 0x56109ffa0124 <unknown>\n#25 0x7fdffca5c044 <unknown>","statusTrace":"self = <tests.delivery.test_delivery_calculation.TestDeliveryPageCalculation object at 0x7fd5e0014bd0>\ndriver = <selenium.webdriver.chrome.webdriver.WebDriver (session=\"bb9f52ebef450d5a70e008e334ee6e1d\")>\nurl = 'https://sandboxtest.stroyrem-nn.ru/', case_id = 'TD 018'\nlink_item = 'products/shtukaturka-gipsovaya-aksolit-m50-30-kg-mashinnogo-naneseniya'\namount = 16, weight = 500, standard = 850, in_time = 2490, all_time = 3320\n\n    @pytest.mark.parametrize('case_id, link_item, amount, weight, standard, in_time, all_time', [\n        (\"TD 015\", bundeks_25, 1, 30, 650, 2390, 3320),\n        pytest.param(\n            \"TD 016\", aksolit_30, 8, 300, 650, 2390, 3320,\n            marks=pytest.mark.xfail(reson=\"Цена доставки: - - -\")\n        ),\n        (\"TD 017\", aksolit_30, 13, 400, 650, 2390, 3320),\n        (\"TD 018\", aksolit_30, 16, 500, 850, 2490, 3320),\n        (\"TD 019\", aksolit_30, 25, 1700, 1150, 2490, 3320),\n        (\"TD 020\", aksolit_30, 66, 2000, 1500, 2990, 3650),\n        (\"TD 021\", aksolit_30, 149, 4500, 2600, 4380, 4890),\n        (\"TD 022\", aksolit_30, 166, 5000, 2800, 5490, 5980),\n        pytest.param(\n            \"TD 023\", aksolit_30, 206, 6200, 3300, 7500, 8000,\n            marks=pytest.mark.xfail(reson=\"Цена доставки: 4300 9900 11440\")\n        ),\n        (\"TD 024\", aksolit_30, 299, 9000, 4300, 9900, 11440),\n        (\"TD 025\", aksolit_30, 333, 10000, 7000, 13900, 15900),\n        pytest.param(\n            \"TD 026\", aksolit_30, 366, 11000, 8000, 14900, 19900,\n            marks=pytest.mark.xfail(reson=\"Цена доставки: 7000 13900 15900\")\n        ),\n        pytest.param(\n            \"TD 027\", aksolit_30, 666, 20000, 14000, 16900, 23900,\n            marks=pytest.mark.xfail(reson=\"Цена доставки: 7000 13900 15900\")\n        )\n    ])\n    @pytest.mark.smoke\n    def test_positive_delivery_blue_zone_smoke(\n            self, driver, url, case_id, link_item, amount, weight, standard, in_time, all_time\n    ):\n        allure.dynamic.title(f\"{case_id} Доставка товара весом до {weight}кг. в синей зоне\")\n    \n>       driver.get(f'{url}{link_item}')\n\ntests/delivery/test_delivery_calculation.py:128: \n_ _ _ _ _ _ _ _ _ _ _ _ _ _ _ _ _ _ _ _ _ _ _ _ _ _ _ _ _ _ _ _ _ _ _ _ _ _ _ _ \n/usr/local/lib/python3.11/site-packages/selenium/webdriver/remote/webdriver.py:355: in get\n    self.execute(Command.GET, {\"url\": url})\n/usr/local/lib/python3.11/site-packages/selenium/webdriver/remote/webdriver.py:346: in execute\n    self.error_handler.check_response(response)\n_ _ _ _ _ _ _ _ _ _ _ _ _ _ _ _ _ _ _ _ _ _ _ _ _ _ _ _ _ _ _ _ _ _ _ _ _ _ _ _ \n\nself = <selenium.webdriver.remote.errorhandler.ErrorHandler object at 0x7fd5df89ffd0>\nresponse = {'status': 500, 'value': '{\"value\":{\"error\":\"unknown error\",\"message\":\"unknown error: net::ERR_CONNECTION_TIMED_OUT\\\\n...\\\\n#23 0x56109ff8e1d7 \\\\u003Cunknown>\\\\n#24 0x56109ffa0124 \\\\u003Cunknown>\\\\n#25 0x7fdffca5c044 \\\\u003Cunknown>\\\\n\"}}'}\n\n    def check_response(self, response: Dict[str, Any]) -> None:\n        \"\"\"Checks that a JSON response from the WebDriver does not have an\n        error.\n    \n        :Args:\n         - response - The JSON response from the WebDriver server as a dictionary\n           object.\n    \n        :Raises: If the response contains an error message.\n        \"\"\"\n        status = response.get(\"status\", None)\n        if not status or status == ErrorCode.SUCCESS:\n            return\n        value = None\n        message = response.get(\"message\", \"\")\n        screen: str = response.get(\"screen\", \"\")\n        stacktrace = None\n        if isinstance(status, int):\n            value_json = response.get(\"value\", None)\n            if value_json and isinstance(value_json, str):\n                import json\n    \n                try:\n                    value = json.loads(value_json)\n                    if len(value) == 1:\n                        value = value[\"value\"]\n                    status = value.get(\"error\", None)\n                    if not status:\n                        status = value.get(\"status\", ErrorCode.UNKNOWN_ERROR)\n                        message = value.get(\"value\") or value.get(\"message\")\n                        if not isinstance(message, str):\n                            value = message\n                            message = message.get(\"message\")\n                    else:\n                        message = value.get(\"message\", None)\n                except ValueError:\n                    pass\n    \n        exception_class: Type[WebDriverException]\n        if status in ErrorCode.NO_SUCH_ELEMENT:\n            exception_class = NoSuchElementException\n        elif status in ErrorCode.NO_SUCH_FRAME:\n            exception_class = NoSuchFrameException\n        elif status in ErrorCode.NO_SUCH_SHADOW_ROOT:\n            exception_class = NoSuchShadowRootException\n        elif status in ErrorCode.NO_SUCH_WINDOW:\n            exception_class = NoSuchWindowException\n        elif status in ErrorCode.STALE_ELEMENT_REFERENCE:\n            exception_class = StaleElementReferenceException\n        elif status in ErrorCode.ELEMENT_NOT_VISIBLE:\n            exception_class = ElementNotVisibleException\n        elif status in ErrorCode.INVALID_ELEMENT_STATE:\n            exception_class = InvalidElementStateException\n        elif (\n            status in ErrorCode.INVALID_SELECTOR\n            or status in ErrorCode.INVALID_XPATH_SELECTOR\n            or status in ErrorCode.INVALID_XPATH_SELECTOR_RETURN_TYPER\n        ):\n            exception_class = InvalidSelectorException\n        elif status in ErrorCode.ELEMENT_IS_NOT_SELECTABLE:\n            exception_class = ElementNotSelectableException\n        elif status in ErrorCode.ELEMENT_NOT_INTERACTABLE:\n            exception_class = ElementNotInteractableException\n        elif status in ErrorCode.INVALID_COOKIE_DOMAIN:\n            exception_class = InvalidCookieDomainException\n        elif status in ErrorCode.UNABLE_TO_SET_COOKIE:\n            exception_class = UnableToSetCookieException\n        elif status in ErrorCode.TIMEOUT:\n            exception_class = TimeoutException\n        elif status in ErrorCode.SCRIPT_TIMEOUT:\n            exception_class = TimeoutException\n        elif status in ErrorCode.UNKNOWN_ERROR:\n            exception_class = WebDriverException\n        elif status in ErrorCode.UNEXPECTED_ALERT_OPEN:\n            exception_class = UnexpectedAlertPresentException\n        elif status in ErrorCode.NO_ALERT_OPEN:\n            exception_class = NoAlertPresentException\n        elif status in ErrorCode.IME_NOT_AVAILABLE:\n            exception_class = ImeNotAvailableException\n        elif status in ErrorCode.IME_ENGINE_ACTIVATION_FAILED:\n            exception_class = ImeActivationFailedException\n        elif status in ErrorCode.MOVE_TARGET_OUT_OF_BOUNDS:\n            exception_class = MoveTargetOutOfBoundsException\n        elif status in ErrorCode.JAVASCRIPT_ERROR:\n            exception_class = JavascriptException\n        elif status in ErrorCode.SESSION_NOT_CREATED:\n            exception_class = SessionNotCreatedException\n        elif status in ErrorCode.INVALID_ARGUMENT:\n            exception_class = InvalidArgumentException\n        elif status in ErrorCode.NO_SUCH_COOKIE:\n            exception_class = NoSuchCookieException\n        elif status in ErrorCode.UNABLE_TO_CAPTURE_SCREEN:\n            exception_class = ScreenshotException\n        elif status in ErrorCode.ELEMENT_CLICK_INTERCEPTED:\n            exception_class = ElementClickInterceptedException\n        elif status in ErrorCode.INSECURE_CERTIFICATE:\n            exception_class = InsecureCertificateException\n        elif status in ErrorCode.INVALID_COORDINATES:\n            exception_class = InvalidCoordinatesException\n        elif status in ErrorCode.INVALID_SESSION_ID:\n            exception_class = InvalidSessionIdException\n        elif status in ErrorCode.UNKNOWN_METHOD:\n            exception_class = UnknownMethodException\n        else:\n            exception_class = WebDriverException\n        if not value:\n            value = response[\"value\"]\n        if isinstance(value, str):\n            raise exception_class(value)\n        if message == \"\" and \"message\" in value:\n            message = value[\"message\"]\n    \n        screen = None  # type: ignore[assignment]\n        if \"screen\" in value:\n            screen = value[\"screen\"]\n    \n        stacktrace = None\n        st_value = value.get(\"stackTrace\") or value.get(\"stacktrace\")\n        if st_value:\n            if isinstance(st_value, str):\n                stacktrace = st_value.split(\"\\n\")\n            else:\n                stacktrace = []\n                try:\n                    for frame in st_value:\n                        line = frame.get(\"lineNumber\", \"\")\n                        file = frame.get(\"fileName\", \"<anonymous>\")\n                        if line:\n                            file = f\"{file}:{line}\"\n                        meth = frame.get(\"methodName\", \"<anonymous>\")\n                        if \"className\" in frame:\n                            meth = f\"{frame['className']}.{meth}\"\n                        msg = \"    at %s (%s)\"\n                        msg = msg % (meth, file)\n                        stacktrace.append(msg)\n                except TypeError:\n                    pass\n        if exception_class == UnexpectedAlertPresentException:\n            alert_text = None\n            if \"data\" in value:\n                alert_text = value[\"data\"].get(\"text\")\n            elif \"alert\" in value:\n                alert_text = value[\"alert\"].get(\"text\")\n            raise exception_class(message, screen, stacktrace, alert_text)  # type: ignore[call-arg]  # mypy is not smart enough here\n>       raise exception_class(message, screen, stacktrace)\nE       selenium.common.exceptions.WebDriverException: Message: unknown error: net::ERR_CONNECTION_TIMED_OUT\nE         (Session info: chrome-headless-shell=120.0.6099.109)\nE       Stacktrace:\nE       #0 0x56109ffa0f83 <unknown>\nE       #1 0x56109fc59cf7 <unknown>\nE       #2 0x56109fc516ea <unknown>\nE       #3 0x56109fc405a1 <unknown>\nE       #4 0x56109fc41d40 <unknown>\nE       #5 0x56109fc40854 <unknown>\nE       #6 0x56109fc3f586 <unknown>\nE       #7 0x56109fc3f44a <unknown>\nE       #8 0x56109fc3d7e1 <unknown>\nE       #9 0x56109fc3e01a <unknown>\nE       #10 0x56109fc5cbbe <unknown>\nE       #11 0x56109fcf27a5 <unknown>\nE       #12 0x56109fcd30b2 <unknown>\nE       #13 0x56109fcf2006 <unknown>\nE       #14 0x56109fcd2e53 <unknown>\nE       #15 0x56109fc9add4 <unknown>\nE       #16 0x56109fc9c1de <unknown>\nE       #17 0x56109ff65531 <unknown>\nE       #18 0x56109ff69455 <unknown>\nE       #19 0x56109ff51f55 <unknown>\nE       #20 0x56109ff6a0ef <unknown>\nE       #21 0x56109ff3599f <unknown>\nE       #22 0x56109ff8e008 <unknown>\nE       #23 0x56109ff8e1d7 <unknown>\nE       #24 0x56109ffa0124 <unknown>\nE       #25 0x7fdffca5c044 <unknown>\n\n/usr/local/lib/python3.11/site-packages/selenium/webdriver/remote/errorhandler.py:245: WebDriverException","flaky":false,"newFailed":false,"newBroken":false,"newPassed":false,"retriesCount":0,"retriesStatusChange":false,"beforeStages":[{"name":"_session_faker","time":{"start":1705367144497,"stop":1705367144567,"duration":70},"status":"passed","steps":[],"attachments":[],"parameters":[],"shouldDisplayMessage":false,"stepsCount":0,"attachmentsCount":0,"hasContent":false,"attachmentStep":false},{"name":"clear_allure_results_folder","time":{"start":1705367144567,"stop":1705367144567,"duration":0},"status":"passed","steps":[],"attachments":[],"parameters":[],"shouldDisplayMessage":false,"stepsCount":0,"attachmentsCount":0,"hasContent":false,"attachmentStep":false},{"name":"driver","time":{"start":1705369790406,"stop":1705369791139,"duration":733},"status":"passed","steps":[],"attachments":[],"parameters":[],"shouldDisplayMessage":false,"stepsCount":0,"attachmentsCount":0,"hasContent":false,"attachmentStep":false},{"name":"setup","time":{"start":1705369791140,"stop":1705369791140,"duration":0},"status":"passed","steps":[],"attachments":[],"parameters":[],"shouldDisplayMessage":false,"stepsCount":0,"attachmentsCount":0,"hasContent":false,"attachmentStep":false}],"testStage":{"status":"broken","statusMessage":"selenium.common.exceptions.WebDriverException: Message: unknown error: net::ERR_CONNECTION_TIMED_OUT\n  (Session info: chrome-headless-shell=120.0.6099.109)\nStacktrace:\n#0 0x56109ffa0f83 <unknown>\n#1 0x56109fc59cf7 <unknown>\n#2 0x56109fc516ea <unknown>\n#3 0x56109fc405a1 <unknown>\n#4 0x56109fc41d40 <unknown>\n#5 0x56109fc40854 <unknown>\n#6 0x56109fc3f586 <unknown>\n#7 0x56109fc3f44a <unknown>\n#8 0x56109fc3d7e1 <unknown>\n#9 0x56109fc3e01a <unknown>\n#10 0x56109fc5cbbe <unknown>\n#11 0x56109fcf27a5 <unknown>\n#12 0x56109fcd30b2 <unknown>\n#13 0x56109fcf2006 <unknown>\n#14 0x56109fcd2e53 <unknown>\n#15 0x56109fc9add4 <unknown>\n#16 0x56109fc9c1de <unknown>\n#17 0x56109ff65531 <unknown>\n#18 0x56109ff69455 <unknown>\n#19 0x56109ff51f55 <unknown>\n#20 0x56109ff6a0ef <unknown>\n#21 0x56109ff3599f <unknown>\n#22 0x56109ff8e008 <unknown>\n#23 0x56109ff8e1d7 <unknown>\n#24 0x56109ffa0124 <unknown>\n#25 0x7fdffca5c044 <unknown>","statusTrace":"self = <tests.delivery.test_delivery_calculation.TestDeliveryPageCalculation object at 0x7fd5e0014bd0>\ndriver = <selenium.webdriver.chrome.webdriver.WebDriver (session=\"bb9f52ebef450d5a70e008e334ee6e1d\")>\nurl = 'https://sandboxtest.stroyrem-nn.ru/', case_id = 'TD 018'\nlink_item = 'products/shtukaturka-gipsovaya-aksolit-m50-30-kg-mashinnogo-naneseniya'\namount = 16, weight = 500, standard = 850, in_time = 2490, all_time = 3320\n\n    @pytest.mark.parametrize('case_id, link_item, amount, weight, standard, in_time, all_time', [\n        (\"TD 015\", bundeks_25, 1, 30, 650, 2390, 3320),\n        pytest.param(\n            \"TD 016\", aksolit_30, 8, 300, 650, 2390, 3320,\n            marks=pytest.mark.xfail(reson=\"Цена доставки: - - -\")\n        ),\n        (\"TD 017\", aksolit_30, 13, 400, 650, 2390, 3320),\n        (\"TD 018\", aksolit_30, 16, 500, 850, 2490, 3320),\n        (\"TD 019\", aksolit_30, 25, 1700, 1150, 2490, 3320),\n        (\"TD 020\", aksolit_30, 66, 2000, 1500, 2990, 3650),\n        (\"TD 021\", aksolit_30, 149, 4500, 2600, 4380, 4890),\n        (\"TD 022\", aksolit_30, 166, 5000, 2800, 5490, 5980),\n        pytest.param(\n            \"TD 023\", aksolit_30, 206, 6200, 3300, 7500, 8000,\n            marks=pytest.mark.xfail(reson=\"Цена доставки: 4300 9900 11440\")\n        ),\n        (\"TD 024\", aksolit_30, 299, 9000, 4300, 9900, 11440),\n        (\"TD 025\", aksolit_30, 333, 10000, 7000, 13900, 15900),\n        pytest.param(\n            \"TD 026\", aksolit_30, 366, 11000, 8000, 14900, 19900,\n            marks=pytest.mark.xfail(reson=\"Цена доставки: 7000 13900 15900\")\n        ),\n        pytest.param(\n            \"TD 027\", aksolit_30, 666, 20000, 14000, 16900, 23900,\n            marks=pytest.mark.xfail(reson=\"Цена доставки: 7000 13900 15900\")\n        )\n    ])\n    @pytest.mark.smoke\n    def test_positive_delivery_blue_zone_smoke(\n            self, driver, url, case_id, link_item, amount, weight, standard, in_time, all_time\n    ):\n        allure.dynamic.title(f\"{case_id} Доставка товара весом до {weight}кг. в синей зоне\")\n    \n>       driver.get(f'{url}{link_item}')\n\ntests/delivery/test_delivery_calculation.py:128: \n_ _ _ _ _ _ _ _ _ _ _ _ _ _ _ _ _ _ _ _ _ _ _ _ _ _ _ _ _ _ _ _ _ _ _ _ _ _ _ _ \n/usr/local/lib/python3.11/site-packages/selenium/webdriver/remote/webdriver.py:355: in get\n    self.execute(Command.GET, {\"url\": url})\n/usr/local/lib/python3.11/site-packages/selenium/webdriver/remote/webdriver.py:346: in execute\n    self.error_handler.check_response(response)\n_ _ _ _ _ _ _ _ _ _ _ _ _ _ _ _ _ _ _ _ _ _ _ _ _ _ _ _ _ _ _ _ _ _ _ _ _ _ _ _ \n\nself = <selenium.webdriver.remote.errorhandler.ErrorHandler object at 0x7fd5df89ffd0>\nresponse = {'status': 500, 'value': '{\"value\":{\"error\":\"unknown error\",\"message\":\"unknown error: net::ERR_CONNECTION_TIMED_OUT\\\\n...\\\\n#23 0x56109ff8e1d7 \\\\u003Cunknown>\\\\n#24 0x56109ffa0124 \\\\u003Cunknown>\\\\n#25 0x7fdffca5c044 \\\\u003Cunknown>\\\\n\"}}'}\n\n    def check_response(self, response: Dict[str, Any]) -> None:\n        \"\"\"Checks that a JSON response from the WebDriver does not have an\n        error.\n    \n        :Args:\n         - response - The JSON response from the WebDriver server as a dictionary\n           object.\n    \n        :Raises: If the response contains an error message.\n        \"\"\"\n        status = response.get(\"status\", None)\n        if not status or status == ErrorCode.SUCCESS:\n            return\n        value = None\n        message = response.get(\"message\", \"\")\n        screen: str = response.get(\"screen\", \"\")\n        stacktrace = None\n        if isinstance(status, int):\n            value_json = response.get(\"value\", None)\n            if value_json and isinstance(value_json, str):\n                import json\n    \n                try:\n                    value = json.loads(value_json)\n                    if len(value) == 1:\n                        value = value[\"value\"]\n                    status = value.get(\"error\", None)\n                    if not status:\n                        status = value.get(\"status\", ErrorCode.UNKNOWN_ERROR)\n                        message = value.get(\"value\") or value.get(\"message\")\n                        if not isinstance(message, str):\n                            value = message\n                            message = message.get(\"message\")\n                    else:\n                        message = value.get(\"message\", None)\n                except ValueError:\n                    pass\n    \n        exception_class: Type[WebDriverException]\n        if status in ErrorCode.NO_SUCH_ELEMENT:\n            exception_class = NoSuchElementException\n        elif status in ErrorCode.NO_SUCH_FRAME:\n            exception_class = NoSuchFrameException\n        elif status in ErrorCode.NO_SUCH_SHADOW_ROOT:\n            exception_class = NoSuchShadowRootException\n        elif status in ErrorCode.NO_SUCH_WINDOW:\n            exception_class = NoSuchWindowException\n        elif status in ErrorCode.STALE_ELEMENT_REFERENCE:\n            exception_class = StaleElementReferenceException\n        elif status in ErrorCode.ELEMENT_NOT_VISIBLE:\n            exception_class = ElementNotVisibleException\n        elif status in ErrorCode.INVALID_ELEMENT_STATE:\n            exception_class = InvalidElementStateException\n        elif (\n            status in ErrorCode.INVALID_SELECTOR\n            or status in ErrorCode.INVALID_XPATH_SELECTOR\n            or status in ErrorCode.INVALID_XPATH_SELECTOR_RETURN_TYPER\n        ):\n            exception_class = InvalidSelectorException\n        elif status in ErrorCode.ELEMENT_IS_NOT_SELECTABLE:\n            exception_class = ElementNotSelectableException\n        elif status in ErrorCode.ELEMENT_NOT_INTERACTABLE:\n            exception_class = ElementNotInteractableException\n        elif status in ErrorCode.INVALID_COOKIE_DOMAIN:\n            exception_class = InvalidCookieDomainException\n        elif status in ErrorCode.UNABLE_TO_SET_COOKIE:\n            exception_class = UnableToSetCookieException\n        elif status in ErrorCode.TIMEOUT:\n            exception_class = TimeoutException\n        elif status in ErrorCode.SCRIPT_TIMEOUT:\n            exception_class = TimeoutException\n        elif status in ErrorCode.UNKNOWN_ERROR:\n            exception_class = WebDriverException\n        elif status in ErrorCode.UNEXPECTED_ALERT_OPEN:\n            exception_class = UnexpectedAlertPresentException\n        elif status in ErrorCode.NO_ALERT_OPEN:\n            exception_class = NoAlertPresentException\n        elif status in ErrorCode.IME_NOT_AVAILABLE:\n            exception_class = ImeNotAvailableException\n        elif status in ErrorCode.IME_ENGINE_ACTIVATION_FAILED:\n            exception_class = ImeActivationFailedException\n        elif status in ErrorCode.MOVE_TARGET_OUT_OF_BOUNDS:\n            exception_class = MoveTargetOutOfBoundsException\n        elif status in ErrorCode.JAVASCRIPT_ERROR:\n            exception_class = JavascriptException\n        elif status in ErrorCode.SESSION_NOT_CREATED:\n            exception_class = SessionNotCreatedException\n        elif status in ErrorCode.INVALID_ARGUMENT:\n            exception_class = InvalidArgumentException\n        elif status in ErrorCode.NO_SUCH_COOKIE:\n            exception_class = NoSuchCookieException\n        elif status in ErrorCode.UNABLE_TO_CAPTURE_SCREEN:\n            exception_class = ScreenshotException\n        elif status in ErrorCode.ELEMENT_CLICK_INTERCEPTED:\n            exception_class = ElementClickInterceptedException\n        elif status in ErrorCode.INSECURE_CERTIFICATE:\n            exception_class = InsecureCertificateException\n        elif status in ErrorCode.INVALID_COORDINATES:\n            exception_class = InvalidCoordinatesException\n        elif status in ErrorCode.INVALID_SESSION_ID:\n            exception_class = InvalidSessionIdException\n        elif status in ErrorCode.UNKNOWN_METHOD:\n            exception_class = UnknownMethodException\n        else:\n            exception_class = WebDriverException\n        if not value:\n            value = response[\"value\"]\n        if isinstance(value, str):\n            raise exception_class(value)\n        if message == \"\" and \"message\" in value:\n            message = value[\"message\"]\n    \n        screen = None  # type: ignore[assignment]\n        if \"screen\" in value:\n            screen = value[\"screen\"]\n    \n        stacktrace = None\n        st_value = value.get(\"stackTrace\") or value.get(\"stacktrace\")\n        if st_value:\n            if isinstance(st_value, str):\n                stacktrace = st_value.split(\"\\n\")\n            else:\n                stacktrace = []\n                try:\n                    for frame in st_value:\n                        line = frame.get(\"lineNumber\", \"\")\n                        file = frame.get(\"fileName\", \"<anonymous>\")\n                        if line:\n                            file = f\"{file}:{line}\"\n                        meth = frame.get(\"methodName\", \"<anonymous>\")\n                        if \"className\" in frame:\n                            meth = f\"{frame['className']}.{meth}\"\n                        msg = \"    at %s (%s)\"\n                        msg = msg % (meth, file)\n                        stacktrace.append(msg)\n                except TypeError:\n                    pass\n        if exception_class == UnexpectedAlertPresentException:\n            alert_text = None\n            if \"data\" in value:\n                alert_text = value[\"data\"].get(\"text\")\n            elif \"alert\" in value:\n                alert_text = value[\"alert\"].get(\"text\")\n            raise exception_class(message, screen, stacktrace, alert_text)  # type: ignore[call-arg]  # mypy is not smart enough here\n>       raise exception_class(message, screen, stacktrace)\nE       selenium.common.exceptions.WebDriverException: Message: unknown error: net::ERR_CONNECTION_TIMED_OUT\nE         (Session info: chrome-headless-shell=120.0.6099.109)\nE       Stacktrace:\nE       #0 0x56109ffa0f83 <unknown>\nE       #1 0x56109fc59cf7 <unknown>\nE       #2 0x56109fc516ea <unknown>\nE       #3 0x56109fc405a1 <unknown>\nE       #4 0x56109fc41d40 <unknown>\nE       #5 0x56109fc40854 <unknown>\nE       #6 0x56109fc3f586 <unknown>\nE       #7 0x56109fc3f44a <unknown>\nE       #8 0x56109fc3d7e1 <unknown>\nE       #9 0x56109fc3e01a <unknown>\nE       #10 0x56109fc5cbbe <unknown>\nE       #11 0x56109fcf27a5 <unknown>\nE       #12 0x56109fcd30b2 <unknown>\nE       #13 0x56109fcf2006 <unknown>\nE       #14 0x56109fcd2e53 <unknown>\nE       #15 0x56109fc9add4 <unknown>\nE       #16 0x56109fc9c1de <unknown>\nE       #17 0x56109ff65531 <unknown>\nE       #18 0x56109ff69455 <unknown>\nE       #19 0x56109ff51f55 <unknown>\nE       #20 0x56109ff6a0ef <unknown>\nE       #21 0x56109ff3599f <unknown>\nE       #22 0x56109ff8e008 <unknown>\nE       #23 0x56109ff8e1d7 <unknown>\nE       #24 0x56109ffa0124 <unknown>\nE       #25 0x7fdffca5c044 <unknown>\n\n/usr/local/lib/python3.11/site-packages/selenium/webdriver/remote/errorhandler.py:245: WebDriverException","steps":[],"attachments":[{"uid":"c3b043a9813012dd","name":"Screenshot","source":"c3b043a9813012dd.png","type":"image/png","size":5862},{"uid":"4d3b06b991d7437a","name":"HTML source","source":"4d3b06b991d7437a.html","type":"text/html","size":39}],"parameters":[],"shouldDisplayMessage":true,"stepsCount":0,"attachmentsCount":2,"hasContent":true,"attachmentStep":false},"afterStages":[{"name":"driver::0","time":{"start":1705369921425,"stop":1705369921482,"duration":57},"status":"passed","steps":[],"attachments":[],"parameters":[],"shouldDisplayMessage":false,"stepsCount":0,"attachmentsCount":0,"hasContent":false,"attachmentStep":false},{"name":"setup::0","time":{"start":1705369921425,"stop":1705369921425,"duration":0},"status":"passed","steps":[],"attachments":[],"parameters":[],"shouldDisplayMessage":false,"stepsCount":0,"attachmentsCount":0,"hasContent":false,"attachmentStep":false}],"labels":[{"name":"epic","value":"Delivery Page - calculation"},{"name":"tag","value":"smoke"},{"name":"parentSuite","value":"tests.delivery"},{"name":"suite","value":"test_delivery_calculation"},{"name":"subSuite","value":"TestDeliveryPageCalculation"},{"name":"host","value":"c94dcfb37ae8"},{"name":"thread","value":"1-MainThread"},{"name":"framework","value":"pytest"},{"name":"language","value":"cpython3"},{"name":"package","value":"tests.delivery.test_delivery_calculation"},{"name":"resultFormat","value":"allure2"}],"parameters":[{"name":"all_time","value":"3320"},{"name":"amount","value":"16"},{"name":"case_id","value":"'TD 018'"},{"name":"in_time","value":"2490"},{"name":"link_item","value":"'products/shtukaturka-gipsovaya-aksolit-m50-30-kg-mashinnogo-naneseniya'"},{"name":"standard","value":"850"},{"name":"url","value":"'https://sandboxtest.stroyrem-nn.ru/'"},{"name":"weight","value":"500"}],"links":[],"hidden":false,"retry":false,"extra":{"severity":"normal","retries":[],"categories":[{"name":"Test defects","matchedStatuses":[],"flaky":false}],"history":{"statistic":{"failed":0,"broken":139,"skipped":0,"passed":0,"unknown":0,"total":139},"items":[{"uid":"11b349c75c9dafe7","reportUrl":"https://zaelcovsky.github.io/StroyremAutomation/202//#testresult/11b349c75c9dafe7","status":"broken","statusDetails":"selenium.common.exceptions.NoSuchElementException: Message: no such element: Unable to locate element: {\"method\":\"xpath\",\"selector\":\"(//a[@class='add-to-cart yellow-btn'])[1]\"}\n  (Session info: chrome-headless-shell=120.0.6099.109); For documentation on this error, please visit: https://www.selenium.dev/documentation/webdriver/troubleshooting/errors#no-such-element-exception\nStacktrace:\n#0 0x559dfe22ef83 <unknown>\n#1 0x559dfdee7cf7 <unknown>\n#2 0x559dfdf3799e <unknown>\n#3 0x559dfdf37aa1 <unknown>\n#4 0x559dfdf82d64 <unknown>\n#5 0x559dfdf610dd <unknown>\n#6 0x559dfdf80006 <unknown>\n#7 0x559dfdf60e53 <unknown>\n#8 0x559dfdf28dd4 <unknown>\n#9 0x559dfdf2a1de <unknown>\n#10 0x559dfe1f3531 <unknown>\n#11 0x559dfe1f7455 <unknown>\n#12 0x559dfe1dff55 <unknown>\n#13 0x559dfe1f80ef <unknown>\n#14 0x559dfe1c399f <unknown>\n#15 0x559dfe21c008 <unknown>\n#16 0x559dfe21c1d7 <unknown>\n#17 0x559dfe22e124 <unknown>\n#18 0x7fd791e8b044 <unknown>","time":{"start":1705281336322,"stop":1705281336762,"duration":440}},{"uid":"e2b38c225850e7c5","reportUrl":"https://zaelcovsky.github.io/StroyremAutomation/201//#testresult/e2b38c225850e7c5","status":"broken","statusDetails":"selenium.common.exceptions.NoSuchElementException: Message: no such element: Unable to locate element: {\"method\":\"xpath\",\"selector\":\"(//a[@class='add-to-cart yellow-btn'])[1]\"}\n  (Session info: chrome-headless-shell=120.0.6099.109); For documentation on this error, please visit: https://www.selenium.dev/documentation/webdriver/troubleshooting/errors#no-such-element-exception\nStacktrace:\n#0 0x5570c2c2af83 <unknown>\n#1 0x5570c28e3cf7 <unknown>\n#2 0x5570c293399e <unknown>\n#3 0x5570c2933aa1 <unknown>\n#4 0x5570c297ed64 <unknown>\n#5 0x5570c295d0dd <unknown>\n#6 0x5570c297c006 <unknown>\n#7 0x5570c295ce53 <unknown>\n#8 0x5570c2924dd4 <unknown>\n#9 0x5570c29261de <unknown>\n#10 0x5570c2bef531 <unknown>\n#11 0x5570c2bf3455 <unknown>\n#12 0x5570c2bdbf55 <unknown>\n#13 0x5570c2bf40ef <unknown>\n#14 0x5570c2bbf99f <unknown>\n#15 0x5570c2c18008 <unknown>\n#16 0x5570c2c181d7 <unknown>\n#17 0x5570c2c2a124 <unknown>\n#18 0x7f24681cf044 <unknown>","time":{"start":1705195121128,"stop":1705195121664,"duration":536}},{"uid":"aab7ec94ff224a1c","reportUrl":"https://zaelcovsky.github.io/StroyremAutomation/200//#testresult/aab7ec94ff224a1c","status":"broken","statusDetails":"selenium.common.exceptions.NoSuchElementException: Message: no such element: Unable to locate element: {\"method\":\"xpath\",\"selector\":\"(//a[@class='add-to-cart yellow-btn'])[1]\"}\n  (Session info: chrome-headless-shell=120.0.6099.109); For documentation on this error, please visit: https://www.selenium.dev/documentation/webdriver/troubleshooting/errors#no-such-element-exception\nStacktrace:\n#0 0x563f18275f83 <unknown>\n#1 0x563f17f2ecf7 <unknown>\n#2 0x563f17f7e99e <unknown>\n#3 0x563f17f7eaa1 <unknown>\n#4 0x563f17fc9d64 <unknown>\n#5 0x563f17fa80dd <unknown>\n#6 0x563f17fc7006 <unknown>\n#7 0x563f17fa7e53 <unknown>\n#8 0x563f17f6fdd4 <unknown>\n#9 0x563f17f711de <unknown>\n#10 0x563f1823a531 <unknown>\n#11 0x563f1823e455 <unknown>\n#12 0x563f18226f55 <unknown>\n#13 0x563f1823f0ef <unknown>\n#14 0x563f1820a99f <unknown>\n#15 0x563f18263008 <unknown>\n#16 0x563f182631d7 <unknown>\n#17 0x563f18275124 <unknown>\n#18 0x7f2f04377044 <unknown>","time":{"start":1705108404715,"stop":1705108405281,"duration":566}},{"uid":"796d3f323a3d9fb9","reportUrl":"https://zaelcovsky.github.io/StroyremAutomation/199//#testresult/796d3f323a3d9fb9","status":"broken","statusDetails":"selenium.common.exceptions.NoSuchElementException: Message: no such element: Unable to locate element: {\"method\":\"xpath\",\"selector\":\"(//a[@class='add-to-cart yellow-btn'])[1]\"}\n  (Session info: chrome-headless-shell=120.0.6099.109); For documentation on this error, please visit: https://www.selenium.dev/documentation/webdriver/troubleshooting/errors#no-such-element-exception\nStacktrace:\n#0 0x564f42426f83 <unknown>\n#1 0x564f420dfcf7 <unknown>\n#2 0x564f4212f99e <unknown>\n#3 0x564f4212faa1 <unknown>\n#4 0x564f4217ad64 <unknown>\n#5 0x564f421590dd <unknown>\n#6 0x564f42178006 <unknown>\n#7 0x564f42158e53 <unknown>\n#8 0x564f42120dd4 <unknown>\n#9 0x564f421221de <unknown>\n#10 0x564f423eb531 <unknown>\n#11 0x564f423ef455 <unknown>\n#12 0x564f423d7f55 <unknown>\n#13 0x564f423f00ef <unknown>\n#14 0x564f423bb99f <unknown>\n#15 0x564f42414008 <unknown>\n#16 0x564f424141d7 <unknown>\n#17 0x564f42426124 <unknown>\n#18 0x7fbfbed72044 <unknown>","time":{"start":1705022048149,"stop":1705022048772,"duration":623}},{"uid":"d6b6f14aed6842d8","reportUrl":"https://zaelcovsky.github.io/StroyremAutomation/198//#testresult/d6b6f14aed6842d8","status":"broken","statusDetails":"selenium.common.exceptions.NoSuchElementException: Message: no such element: Unable to locate element: {\"method\":\"xpath\",\"selector\":\"(//a[@class='add-to-cart yellow-btn'])[1]\"}\n  (Session info: chrome-headless-shell=120.0.6099.109); For documentation on this error, please visit: https://www.selenium.dev/documentation/webdriver/troubleshooting/errors#no-such-element-exception\nStacktrace:\n#0 0x555da53c9f83 <unknown>\n#1 0x555da5082cf7 <unknown>\n#2 0x555da50d299e <unknown>\n#3 0x555da50d2aa1 <unknown>\n#4 0x555da511dd64 <unknown>\n#5 0x555da50fc0dd <unknown>\n#6 0x555da511b006 <unknown>\n#7 0x555da50fbe53 <unknown>\n#8 0x555da50c3dd4 <unknown>\n#9 0x555da50c51de <unknown>\n#10 0x555da538e531 <unknown>\n#11 0x555da5392455 <unknown>\n#12 0x555da537af55 <unknown>\n#13 0x555da53930ef <unknown>\n#14 0x555da535e99f <unknown>\n#15 0x555da53b7008 <unknown>\n#16 0x555da53b71d7 <unknown>\n#17 0x555da53c9124 <unknown>\n#18 0x7fa352011044 <unknown>","time":{"start":1704935573425,"stop":1704935573761,"duration":336}},{"uid":"63a40c596a60063a","reportUrl":"https://zaelcovsky.github.io/StroyremAutomation/197//#testresult/63a40c596a60063a","status":"broken","statusDetails":"selenium.common.exceptions.NoSuchElementException: Message: no such element: Unable to locate element: {\"method\":\"xpath\",\"selector\":\"(//a[@class='add-to-cart yellow-btn'])[1]\"}\n  (Session info: chrome-headless-shell=120.0.6099.109); For documentation on this error, please visit: https://www.selenium.dev/documentation/webdriver/troubleshooting/errors#no-such-element-exception\nStacktrace:\n#0 0x55afb709df83 <unknown>\n#1 0x55afb6d56cf7 <unknown>\n#2 0x55afb6da699e <unknown>\n#3 0x55afb6da6aa1 <unknown>\n#4 0x55afb6df1d64 <unknown>\n#5 0x55afb6dd00dd <unknown>\n#6 0x55afb6def006 <unknown>\n#7 0x55afb6dcfe53 <unknown>\n#8 0x55afb6d97dd4 <unknown>\n#9 0x55afb6d991de <unknown>\n#10 0x55afb7062531 <unknown>\n#11 0x55afb7066455 <unknown>\n#12 0x55afb704ef55 <unknown>\n#13 0x55afb70670ef <unknown>\n#14 0x55afb703299f <unknown>\n#15 0x55afb708b008 <unknown>\n#16 0x55afb708b1d7 <unknown>\n#17 0x55afb709d124 <unknown>\n#18 0x7f6a04bd3044 <unknown>","time":{"start":1704849169581,"stop":1704849170023,"duration":442}},{"uid":"579afa5e18ac8677","reportUrl":"https://zaelcovsky.github.io/StroyremAutomation/196//#testresult/579afa5e18ac8677","status":"broken","statusDetails":"selenium.common.exceptions.NoSuchElementException: Message: no such element: Unable to locate element: {\"method\":\"xpath\",\"selector\":\"(//a[@class='add-to-cart yellow-btn'])[1]\"}\n  (Session info: chrome-headless-shell=120.0.6099.109); For documentation on this error, please visit: https://www.selenium.dev/documentation/webdriver/troubleshooting/errors#no-such-element-exception\nStacktrace:\n#0 0x55e65df31f83 <unknown>\n#1 0x55e65dbeacf7 <unknown>\n#2 0x55e65dc3a99e <unknown>\n#3 0x55e65dc3aaa1 <unknown>\n#4 0x55e65dc85d64 <unknown>\n#5 0x55e65dc640dd <unknown>\n#6 0x55e65dc83006 <unknown>\n#7 0x55e65dc63e53 <unknown>\n#8 0x55e65dc2bdd4 <unknown>\n#9 0x55e65dc2d1de <unknown>\n#10 0x55e65def6531 <unknown>\n#11 0x55e65defa455 <unknown>\n#12 0x55e65dee2f55 <unknown>\n#13 0x55e65defb0ef <unknown>\n#14 0x55e65dec699f <unknown>\n#15 0x55e65df1f008 <unknown>\n#16 0x55e65df1f1d7 <unknown>\n#17 0x55e65df31124 <unknown>\n#18 0x7feaef95e044 <unknown>","time":{"start":1704762768737,"stop":1704762769073,"duration":336}},{"uid":"c10c11d14550481c","reportUrl":"https://zaelcovsky.github.io/StroyremAutomation/195//#testresult/c10c11d14550481c","status":"broken","statusDetails":"selenium.common.exceptions.NoSuchElementException: Message: no such element: Unable to locate element: {\"method\":\"xpath\",\"selector\":\"(//a[@class='add-to-cart yellow-btn'])[1]\"}\n  (Session info: chrome-headless-shell=120.0.6099.109); For documentation on this error, please visit: https://www.selenium.dev/documentation/webdriver/troubleshooting/errors#no-such-element-exception\nStacktrace:\n#0 0x56404a146f83 <unknown>\n#1 0x564049dffcf7 <unknown>\n#2 0x564049e4f99e <unknown>\n#3 0x564049e4faa1 <unknown>\n#4 0x564049e9ad64 <unknown>\n#5 0x564049e790dd <unknown>\n#6 0x564049e98006 <unknown>\n#7 0x564049e78e53 <unknown>\n#8 0x564049e40dd4 <unknown>\n#9 0x564049e421de <unknown>\n#10 0x56404a10b531 <unknown>\n#11 0x56404a10f455 <unknown>\n#12 0x56404a0f7f55 <unknown>\n#13 0x56404a1100ef <unknown>\n#14 0x56404a0db99f <unknown>\n#15 0x56404a134008 <unknown>\n#16 0x56404a1341d7 <unknown>\n#17 0x56404a146124 <unknown>\n#18 0x7f2bed350044 <unknown>","time":{"start":1704676470351,"stop":1704676470784,"duration":433}},{"uid":"5d7a1f079c6f6a89","reportUrl":"https://zaelcovsky.github.io/StroyremAutomation/194//#testresult/5d7a1f079c6f6a89","status":"broken","statusDetails":"selenium.common.exceptions.NoSuchElementException: Message: no such element: Unable to locate element: {\"method\":\"xpath\",\"selector\":\"(//a[@class='add-to-cart yellow-btn'])[1]\"}\n  (Session info: chrome-headless-shell=120.0.6099.109); For documentation on this error, please visit: https://www.selenium.dev/documentation/webdriver/troubleshooting/errors#no-such-element-exception\nStacktrace:\n#0 0x55eaf0382f83 <unknown>\n#1 0x55eaf003bcf7 <unknown>\n#2 0x55eaf008b99e <unknown>\n#3 0x55eaf008baa1 <unknown>\n#4 0x55eaf00d6d64 <unknown>\n#5 0x55eaf00b50dd <unknown>\n#6 0x55eaf00d4006 <unknown>\n#7 0x55eaf00b4e53 <unknown>\n#8 0x55eaf007cdd4 <unknown>\n#9 0x55eaf007e1de <unknown>\n#10 0x55eaf0347531 <unknown>\n#11 0x55eaf034b455 <unknown>\n#12 0x55eaf0333f55 <unknown>\n#13 0x55eaf034c0ef <unknown>\n#14 0x55eaf031799f <unknown>\n#15 0x55eaf0370008 <unknown>\n#16 0x55eaf03701d7 <unknown>\n#17 0x55eaf0382124 <unknown>\n#18 0x7f1fbdde1044 <unknown>","time":{"start":1704590368840,"stop":1704590369470,"duration":630}},{"uid":"4845f8b3b4732b71","reportUrl":"https://zaelcovsky.github.io/StroyremAutomation/193//#testresult/4845f8b3b4732b71","status":"broken","statusDetails":"selenium.common.exceptions.NoSuchElementException: Message: no such element: Unable to locate element: {\"method\":\"xpath\",\"selector\":\"(//a[@class='add-to-cart yellow-btn'])[1]\"}\n  (Session info: chrome-headless-shell=120.0.6099.109); For documentation on this error, please visit: https://www.selenium.dev/documentation/webdriver/troubleshooting/errors#no-such-element-exception\nStacktrace:\n#0 0x55a5b08ddf83 <unknown>\n#1 0x55a5b0596cf7 <unknown>\n#2 0x55a5b05e699e <unknown>\n#3 0x55a5b05e6aa1 <unknown>\n#4 0x55a5b0631d64 <unknown>\n#5 0x55a5b06100dd <unknown>\n#6 0x55a5b062f006 <unknown>\n#7 0x55a5b060fe53 <unknown>\n#8 0x55a5b05d7dd4 <unknown>\n#9 0x55a5b05d91de <unknown>\n#10 0x55a5b08a2531 <unknown>\n#11 0x55a5b08a6455 <unknown>\n#12 0x55a5b088ef55 <unknown>\n#13 0x55a5b08a70ef <unknown>\n#14 0x55a5b087299f <unknown>\n#15 0x55a5b08cb008 <unknown>\n#16 0x55a5b08cb1d7 <unknown>\n#17 0x55a5b08dd124 <unknown>\n#18 0x7f327d628044 <unknown>","time":{"start":1704503437598,"stop":1704503437922,"duration":324}},{"uid":"1831cef54d633514","reportUrl":"https://zaelcovsky.github.io/StroyremAutomation/192//#testresult/1831cef54d633514","status":"broken","statusDetails":"selenium.common.exceptions.NoSuchElementException: Message: no such element: Unable to locate element: {\"method\":\"xpath\",\"selector\":\"(//a[@class='add-to-cart yellow-btn'])[1]\"}\n  (Session info: chrome-headless-shell=120.0.6099.109); For documentation on this error, please visit: https://www.selenium.dev/documentation/webdriver/troubleshooting/errors#no-such-element-exception\nStacktrace:\n#0 0x55cd2d85ff83 <unknown>\n#1 0x55cd2d518cf7 <unknown>\n#2 0x55cd2d56899e <unknown>\n#3 0x55cd2d568aa1 <unknown>\n#4 0x55cd2d5b3d64 <unknown>\n#5 0x55cd2d5920dd <unknown>\n#6 0x55cd2d5b1006 <unknown>\n#7 0x55cd2d591e53 <unknown>\n#8 0x55cd2d559dd4 <unknown>\n#9 0x55cd2d55b1de <unknown>\n#10 0x55cd2d824531 <unknown>\n#11 0x55cd2d828455 <unknown>\n#12 0x55cd2d810f55 <unknown>\n#13 0x55cd2d8290ef <unknown>\n#14 0x55cd2d7f499f <unknown>\n#15 0x55cd2d84d008 <unknown>\n#16 0x55cd2d84d1d7 <unknown>\n#17 0x55cd2d85f124 <unknown>\n#18 0x7ff4dff24044 <unknown>","time":{"start":1704417097941,"stop":1704417098574,"duration":633}},{"uid":"afe7445b60e02a69","reportUrl":"https://zaelcovsky.github.io/StroyremAutomation/191//#testresult/afe7445b60e02a69","status":"broken","statusDetails":"selenium.common.exceptions.NoSuchElementException: Message: no such element: Unable to locate element: {\"method\":\"xpath\",\"selector\":\"(//a[@class='add-to-cart yellow-btn'])[1]\"}\n  (Session info: chrome-headless-shell=120.0.6099.109); For documentation on this error, please visit: https://www.selenium.dev/documentation/webdriver/troubleshooting/errors#no-such-element-exception\nStacktrace:\n#0 0x5645d61d5f83 <unknown>\n#1 0x5645d5e8ecf7 <unknown>\n#2 0x5645d5ede99e <unknown>\n#3 0x5645d5edeaa1 <unknown>\n#4 0x5645d5f29d64 <unknown>\n#5 0x5645d5f080dd <unknown>\n#6 0x5645d5f27006 <unknown>\n#7 0x5645d5f07e53 <unknown>\n#8 0x5645d5ecfdd4 <unknown>\n#9 0x5645d5ed11de <unknown>\n#10 0x5645d619a531 <unknown>\n#11 0x5645d619e455 <unknown>\n#12 0x5645d6186f55 <unknown>\n#13 0x5645d619f0ef <unknown>\n#14 0x5645d616a99f <unknown>\n#15 0x5645d61c3008 <unknown>\n#16 0x5645d61c31d7 <unknown>\n#17 0x5645d61d5124 <unknown>\n#18 0x7fa51338a044 <unknown>","time":{"start":1704330781991,"stop":1704330782426,"duration":435}},{"uid":"89fec7018e1fd25","reportUrl":"https://zaelcovsky.github.io/StroyremAutomation/190//#testresult/89fec7018e1fd25","status":"broken","statusDetails":"selenium.common.exceptions.NoSuchElementException: Message: no such element: Unable to locate element: {\"method\":\"xpath\",\"selector\":\"(//a[@class='add-to-cart yellow-btn'])[1]\"}\n  (Session info: chrome-headless-shell=120.0.6099.109); For documentation on this error, please visit: https://www.selenium.dev/documentation/webdriver/troubleshooting/errors#no-such-element-exception\nStacktrace:\n#0 0x56447374ef83 <unknown>\n#1 0x564473407cf7 <unknown>\n#2 0x56447345799e <unknown>\n#3 0x564473457aa1 <unknown>\n#4 0x5644734a2d64 <unknown>\n#5 0x5644734810dd <unknown>\n#6 0x5644734a0006 <unknown>\n#7 0x564473480e53 <unknown>\n#8 0x564473448dd4 <unknown>\n#9 0x56447344a1de <unknown>\n#10 0x564473713531 <unknown>\n#11 0x564473717455 <unknown>\n#12 0x5644736fff55 <unknown>\n#13 0x5644737180ef <unknown>\n#14 0x5644736e399f <unknown>\n#15 0x56447373c008 <unknown>\n#16 0x56447373c1d7 <unknown>\n#17 0x56447374e124 <unknown>\n#18 0x7f4c97f48044 <unknown>","time":{"start":1704244271060,"stop":1704244271491,"duration":431}},{"uid":"6f77177d357ef209","reportUrl":"https://zaelcovsky.github.io/StroyremAutomation/189//#testresult/6f77177d357ef209","status":"broken","statusDetails":"selenium.common.exceptions.NoSuchElementException: Message: no such element: Unable to locate element: {\"method\":\"xpath\",\"selector\":\"(//a[@class='add-to-cart yellow-btn'])[1]\"}\n  (Session info: chrome-headless-shell=120.0.6099.109); For documentation on this error, please visit: https://www.selenium.dev/documentation/webdriver/troubleshooting/errors#no-such-element-exception\nStacktrace:\n#0 0x55c54ddc0f83 <unknown>\n#1 0x55c54da79cf7 <unknown>\n#2 0x55c54dac999e <unknown>\n#3 0x55c54dac9aa1 <unknown>\n#4 0x55c54db14d64 <unknown>\n#5 0x55c54daf30dd <unknown>\n#6 0x55c54db12006 <unknown>\n#7 0x55c54daf2e53 <unknown>\n#8 0x55c54dabadd4 <unknown>\n#9 0x55c54dabc1de <unknown>\n#10 0x55c54dd85531 <unknown>\n#11 0x55c54dd89455 <unknown>\n#12 0x55c54dd71f55 <unknown>\n#13 0x55c54dd8a0ef <unknown>\n#14 0x55c54dd5599f <unknown>\n#15 0x55c54ddae008 <unknown>\n#16 0x55c54ddae1d7 <unknown>\n#17 0x55c54ddc0124 <unknown>\n#18 0x7f6813878044 <unknown>","time":{"start":1704157789296,"stop":1704157789761,"duration":465}},{"uid":"8c2b80c2272b3b47","reportUrl":"https://zaelcovsky.github.io/StroyremAutomation/188//#testresult/8c2b80c2272b3b47","status":"broken","statusDetails":"selenium.common.exceptions.NoSuchElementException: Message: no such element: Unable to locate element: {\"method\":\"xpath\",\"selector\":\"(//a[@class='add-to-cart yellow-btn'])[1]\"}\n  (Session info: chrome-headless-shell=120.0.6099.109); For documentation on this error, please visit: https://www.selenium.dev/documentation/webdriver/troubleshooting/errors#no-such-element-exception\nStacktrace:\n#0 0x56454f625f83 <unknown>\n#1 0x56454f2decf7 <unknown>\n#2 0x56454f32e99e <unknown>\n#3 0x56454f32eaa1 <unknown>\n#4 0x56454f379d64 <unknown>\n#5 0x56454f3580dd <unknown>\n#6 0x56454f377006 <unknown>\n#7 0x56454f357e53 <unknown>\n#8 0x56454f31fdd4 <unknown>\n#9 0x56454f3211de <unknown>\n#10 0x56454f5ea531 <unknown>\n#11 0x56454f5ee455 <unknown>\n#12 0x56454f5d6f55 <unknown>\n#13 0x56454f5ef0ef <unknown>\n#14 0x56454f5ba99f <unknown>\n#15 0x56454f613008 <unknown>\n#16 0x56454f6131d7 <unknown>\n#17 0x56454f625124 <unknown>\n#18 0x7fa1bd7e6044 <unknown>","time":{"start":1704071878533,"stop":1704071879110,"duration":577}},{"uid":"8ed0c9b5fc868706","reportUrl":"https://zaelcovsky.github.io/StroyremAutomation/187//#testresult/8ed0c9b5fc868706","status":"broken","statusDetails":"selenium.common.exceptions.NoSuchElementException: Message: no such element: Unable to locate element: {\"method\":\"xpath\",\"selector\":\"(//a[@class='add-to-cart yellow-btn'])[1]\"}\n  (Session info: chrome-headless-shell=120.0.6099.109); For documentation on this error, please visit: https://www.selenium.dev/documentation/webdriver/troubleshooting/errors#no-such-element-exception\nStacktrace:\n#0 0x5646e2b11f83 <unknown>\n#1 0x5646e27cacf7 <unknown>\n#2 0x5646e281a99e <unknown>\n#3 0x5646e281aaa1 <unknown>\n#4 0x5646e2865d64 <unknown>\n#5 0x5646e28440dd <unknown>\n#6 0x5646e2863006 <unknown>\n#7 0x5646e2843e53 <unknown>\n#8 0x5646e280bdd4 <unknown>\n#9 0x5646e280d1de <unknown>\n#10 0x5646e2ad6531 <unknown>\n#11 0x5646e2ada455 <unknown>\n#12 0x5646e2ac2f55 <unknown>\n#13 0x5646e2adb0ef <unknown>\n#14 0x5646e2aa699f <unknown>\n#15 0x5646e2aff008 <unknown>\n#16 0x5646e2aff1d7 <unknown>\n#17 0x5646e2b11124 <unknown>\n#18 0x7fbfa5cf9044 <unknown>","time":{"start":1703985333894,"stop":1703985334257,"duration":363}},{"uid":"ea5be290d282032","reportUrl":"https://zaelcovsky.github.io/StroyremAutomation/186//#testresult/ea5be290d282032","status":"broken","statusDetails":"selenium.common.exceptions.NoSuchElementException: Message: no such element: Unable to locate element: {\"method\":\"xpath\",\"selector\":\"(//a[@class='add-to-cart yellow-btn'])[1]\"}\n  (Session info: chrome-headless-shell=120.0.6099.109); For documentation on this error, please visit: https://www.selenium.dev/documentation/webdriver/troubleshooting/errors#no-such-element-exception\nStacktrace:\n#0 0x56488dd9af83 <unknown>\n#1 0x56488da53cf7 <unknown>\n#2 0x56488daa399e <unknown>\n#3 0x56488daa3aa1 <unknown>\n#4 0x56488daeed64 <unknown>\n#5 0x56488dacd0dd <unknown>\n#6 0x56488daec006 <unknown>\n#7 0x56488dacce53 <unknown>\n#8 0x56488da94dd4 <unknown>\n#9 0x56488da961de <unknown>\n#10 0x56488dd5f531 <unknown>\n#11 0x56488dd63455 <unknown>\n#12 0x56488dd4bf55 <unknown>\n#13 0x56488dd640ef <unknown>\n#14 0x56488dd2f99f <unknown>\n#15 0x56488dd88008 <unknown>\n#16 0x56488dd881d7 <unknown>\n#17 0x56488dd9a124 <unknown>\n#18 0x7f0f0a4ac044 <unknown>","time":{"start":1703898607820,"stop":1703898608263,"duration":443}},{"uid":"9b174ec7ed1d032","reportUrl":"https://zaelcovsky.github.io/StroyremAutomation/185//#testresult/9b174ec7ed1d032","status":"broken","statusDetails":"selenium.common.exceptions.NoSuchElementException: Message: no such element: Unable to locate element: {\"method\":\"xpath\",\"selector\":\"(//a[@class='add-to-cart yellow-btn'])[1]\"}\n  (Session info: chrome-headless-shell=120.0.6099.109); For documentation on this error, please visit: https://www.selenium.dev/documentation/webdriver/troubleshooting/errors#no-such-element-exception\nStacktrace:\n#0 0x564a6d928f83 <unknown>\n#1 0x564a6d5e1cf7 <unknown>\n#2 0x564a6d63199e <unknown>\n#3 0x564a6d631aa1 <unknown>\n#4 0x564a6d67cd64 <unknown>\n#5 0x564a6d65b0dd <unknown>\n#6 0x564a6d67a006 <unknown>\n#7 0x564a6d65ae53 <unknown>\n#8 0x564a6d622dd4 <unknown>\n#9 0x564a6d6241de <unknown>\n#10 0x564a6d8ed531 <unknown>\n#11 0x564a6d8f1455 <unknown>\n#12 0x564a6d8d9f55 <unknown>\n#13 0x564a6d8f20ef <unknown>\n#14 0x564a6d8bd99f <unknown>\n#15 0x564a6d916008 <unknown>\n#16 0x564a6d9161d7 <unknown>\n#17 0x564a6d928124 <unknown>\n#18 0x7fb30bc0d044 <unknown>","time":{"start":1703811624987,"stop":1703811625328,"duration":341}},{"uid":"8239ac16e71d65e1","reportUrl":"https://zaelcovsky.github.io/StroyremAutomation/184//#testresult/8239ac16e71d65e1","status":"broken","statusDetails":"selenium.common.exceptions.NoSuchElementException: Message: no such element: Unable to locate element: {\"method\":\"xpath\",\"selector\":\"(//a[@class='add-to-cart yellow-btn'])[1]\"}\n  (Session info: chrome-headless-shell=120.0.6099.109); For documentation on this error, please visit: https://www.selenium.dev/documentation/webdriver/troubleshooting/errors#no-such-element-exception\nStacktrace:\n#0 0x55e99d084f83 <unknown>\n#1 0x55e99cd3dcf7 <unknown>\n#2 0x55e99cd8d99e <unknown>\n#3 0x55e99cd8daa1 <unknown>\n#4 0x55e99cdd8d64 <unknown>\n#5 0x55e99cdb70dd <unknown>\n#6 0x55e99cdd6006 <unknown>\n#7 0x55e99cdb6e53 <unknown>\n#8 0x55e99cd7edd4 <unknown>\n#9 0x55e99cd801de <unknown>\n#10 0x55e99d049531 <unknown>\n#11 0x55e99d04d455 <unknown>\n#12 0x55e99d035f55 <unknown>\n#13 0x55e99d04e0ef <unknown>\n#14 0x55e99d01999f <unknown>\n#15 0x55e99d072008 <unknown>\n#16 0x55e99d0721d7 <unknown>\n#17 0x55e99d084124 <unknown>\n#18 0x7f103a187044 <unknown>","time":{"start":1703725752976,"stop":1703725753321,"duration":345}},{"uid":"78eb15da47f890e","reportUrl":"https://zaelcovsky.github.io/StroyremAutomation/183//#testresult/78eb15da47f890e","status":"broken","statusDetails":"selenium.common.exceptions.NoSuchElementException: Message: no such element: Unable to locate element: {\"method\":\"xpath\",\"selector\":\"(//a[@class='add-to-cart yellow-btn'])[1]\"}\n  (Session info: chrome-headless-shell=120.0.6099.109); For documentation on this error, please visit: https://www.selenium.dev/documentation/webdriver/troubleshooting/errors#no-such-element-exception\nStacktrace:\n#0 0x555d31cf9f83 <unknown>\n#1 0x555d319b2cf7 <unknown>\n#2 0x555d31a0299e <unknown>\n#3 0x555d31a02aa1 <unknown>\n#4 0x555d31a4dd64 <unknown>\n#5 0x555d31a2c0dd <unknown>\n#6 0x555d31a4b006 <unknown>\n#7 0x555d31a2be53 <unknown>\n#8 0x555d319f3dd4 <unknown>\n#9 0x555d319f51de <unknown>\n#10 0x555d31cbe531 <unknown>\n#11 0x555d31cc2455 <unknown>\n#12 0x555d31caaf55 <unknown>\n#13 0x555d31cc30ef <unknown>\n#14 0x555d31c8e99f <unknown>\n#15 0x555d31ce7008 <unknown>\n#16 0x555d31ce71d7 <unknown>\n#17 0x555d31cf9124 <unknown>\n#18 0x7fdd54b2f044 <unknown>","time":{"start":1703639434071,"stop":1703639434524,"duration":453}}]},"tags":["smoke"]},"source":"1b17a9d69afcdb87.json","parameterValues":["3320","16","'TD 018'","2490","'products/shtukaturka-gipsovaya-aksolit-m50-30-kg-mashinnogo-naneseniya'","850","'https://sandboxtest.stroyrem-nn.ru/'","500"]}