{"uid":"c9d7dac8e53e78c8","name":"TC 004 - Функционал блока 'Советы от профессионалов ремонта'","fullName":"tests.test_main_page.TestMainPage#test_positive_building_advices1_smoke","historyId":"8f74894ce1cb6b6ad9bcc58447cc610b","time":{"start":1705367211808,"stop":1705367211821,"duration":13},"status":"broken","statusMessage":"selenium.common.exceptions.NoSuchElementException: Message: no such element: Unable to locate element: {\"method\":\"xpath\",\"selector\":\"//div[@class='page-block articles-block']\"}\n  (Session info: chrome-headless-shell=120.0.6099.109); For documentation on this error, please visit: https://www.selenium.dev/documentation/webdriver/troubleshooting/errors#no-such-element-exception\nStacktrace:\n#0 0x55b2ef9d4f83 <unknown>\n#1 0x55b2ef68dcf7 <unknown>\n#2 0x55b2ef6dd99e <unknown>\n#3 0x55b2ef6ddaa1 <unknown>\n#4 0x55b2ef728d64 <unknown>\n#5 0x55b2ef7070dd <unknown>\n#6 0x55b2ef726006 <unknown>\n#7 0x55b2ef706e53 <unknown>\n#8 0x55b2ef6cedd4 <unknown>\n#9 0x55b2ef6d01de <unknown>\n#10 0x55b2ef999531 <unknown>\n#11 0x55b2ef99d455 <unknown>\n#12 0x55b2ef985f55 <unknown>\n#13 0x55b2ef99e0ef <unknown>\n#14 0x55b2ef96999f <unknown>\n#15 0x55b2ef9c2008 <unknown>\n#16 0x55b2ef9c21d7 <unknown>\n#17 0x55b2ef9d4124 <unknown>\n#18 0x7f55b8d33044 <unknown>","statusTrace":"self = <tests.test_main_page.TestMainPage object at 0x7fd5e03b2110>\nmain_page = <pages.main_page.MainPage object at 0x7fd5dfd0a990>\n\n    @allure.title(\"TC 004 - Функционал блока 'Советы от профессионалов ремонта'\")\n    @pytest.mark.smoke_test\n    def test_positive_building_advices1_smoke(self, main_page):\n>       items = main_page.get_building_advices_section()\n\ntests/test_main_page.py:45: \n_ _ _ _ _ _ _ _ _ _ _ _ _ _ _ _ _ _ _ _ _ _ _ _ _ _ _ _ _ _ _ _ _ _ _ _ _ _ _ _ \npages/main_page.py:78: in get_building_advices_section\n    section = self.driver.find_element(*self._building_advices_section)\n/usr/local/lib/python3.11/site-packages/selenium/webdriver/remote/webdriver.py:740: in find_element\n    return self.execute(Command.FIND_ELEMENT, {\"using\": by, \"value\": value})[\"value\"]\n/usr/local/lib/python3.11/site-packages/selenium/webdriver/remote/webdriver.py:346: in execute\n    self.error_handler.check_response(response)\n_ _ _ _ _ _ _ _ _ _ _ _ _ _ _ _ _ _ _ _ _ _ _ _ _ _ _ _ _ _ _ _ _ _ _ _ _ _ _ _ \n\nself = <selenium.webdriver.remote.errorhandler.ErrorHandler object at 0x7fd5dfd5f150>\nresponse = {'status': 404, 'value': '{\"value\":{\"error\":\"no such element\",\"message\":\"no such element: Unable to locate element: {\\...\\\\n#16 0x55b2ef9c21d7 \\\\u003Cunknown>\\\\n#17 0x55b2ef9d4124 \\\\u003Cunknown>\\\\n#18 0x7f55b8d33044 \\\\u003Cunknown>\\\\n\"}}'}\n\n    def check_response(self, response: Dict[str, Any]) -> None:\n        \"\"\"Checks that a JSON response from the WebDriver does not have an\n        error.\n    \n        :Args:\n         - response - The JSON response from the WebDriver server as a dictionary\n           object.\n    \n        :Raises: If the response contains an error message.\n        \"\"\"\n        status = response.get(\"status\", None)\n        if not status or status == ErrorCode.SUCCESS:\n            return\n        value = None\n        message = response.get(\"message\", \"\")\n        screen: str = response.get(\"screen\", \"\")\n        stacktrace = None\n        if isinstance(status, int):\n            value_json = response.get(\"value\", None)\n            if value_json and isinstance(value_json, str):\n                import json\n    \n                try:\n                    value = json.loads(value_json)\n                    if len(value) == 1:\n                        value = value[\"value\"]\n                    status = value.get(\"error\", None)\n                    if not status:\n                        status = value.get(\"status\", ErrorCode.UNKNOWN_ERROR)\n                        message = value.get(\"value\") or value.get(\"message\")\n                        if not isinstance(message, str):\n                            value = message\n                            message = message.get(\"message\")\n                    else:\n                        message = value.get(\"message\", None)\n                except ValueError:\n                    pass\n    \n        exception_class: Type[WebDriverException]\n        if status in ErrorCode.NO_SUCH_ELEMENT:\n            exception_class = NoSuchElementException\n        elif status in ErrorCode.NO_SUCH_FRAME:\n            exception_class = NoSuchFrameException\n        elif status in ErrorCode.NO_SUCH_SHADOW_ROOT:\n            exception_class = NoSuchShadowRootException\n        elif status in ErrorCode.NO_SUCH_WINDOW:\n            exception_class = NoSuchWindowException\n        elif status in ErrorCode.STALE_ELEMENT_REFERENCE:\n            exception_class = StaleElementReferenceException\n        elif status in ErrorCode.ELEMENT_NOT_VISIBLE:\n            exception_class = ElementNotVisibleException\n        elif status in ErrorCode.INVALID_ELEMENT_STATE:\n            exception_class = InvalidElementStateException\n        elif (\n            status in ErrorCode.INVALID_SELECTOR\n            or status in ErrorCode.INVALID_XPATH_SELECTOR\n            or status in ErrorCode.INVALID_XPATH_SELECTOR_RETURN_TYPER\n        ):\n            exception_class = InvalidSelectorException\n        elif status in ErrorCode.ELEMENT_IS_NOT_SELECTABLE:\n            exception_class = ElementNotSelectableException\n        elif status in ErrorCode.ELEMENT_NOT_INTERACTABLE:\n            exception_class = ElementNotInteractableException\n        elif status in ErrorCode.INVALID_COOKIE_DOMAIN:\n            exception_class = InvalidCookieDomainException\n        elif status in ErrorCode.UNABLE_TO_SET_COOKIE:\n            exception_class = UnableToSetCookieException\n        elif status in ErrorCode.TIMEOUT:\n            exception_class = TimeoutException\n        elif status in ErrorCode.SCRIPT_TIMEOUT:\n            exception_class = TimeoutException\n        elif status in ErrorCode.UNKNOWN_ERROR:\n            exception_class = WebDriverException\n        elif status in ErrorCode.UNEXPECTED_ALERT_OPEN:\n            exception_class = UnexpectedAlertPresentException\n        elif status in ErrorCode.NO_ALERT_OPEN:\n            exception_class = NoAlertPresentException\n        elif status in ErrorCode.IME_NOT_AVAILABLE:\n            exception_class = ImeNotAvailableException\n        elif status in ErrorCode.IME_ENGINE_ACTIVATION_FAILED:\n            exception_class = ImeActivationFailedException\n        elif status in ErrorCode.MOVE_TARGET_OUT_OF_BOUNDS:\n            exception_class = MoveTargetOutOfBoundsException\n        elif status in ErrorCode.JAVASCRIPT_ERROR:\n            exception_class = JavascriptException\n        elif status in ErrorCode.SESSION_NOT_CREATED:\n            exception_class = SessionNotCreatedException\n        elif status in ErrorCode.INVALID_ARGUMENT:\n            exception_class = InvalidArgumentException\n        elif status in ErrorCode.NO_SUCH_COOKIE:\n            exception_class = NoSuchCookieException\n        elif status in ErrorCode.UNABLE_TO_CAPTURE_SCREEN:\n            exception_class = ScreenshotException\n        elif status in ErrorCode.ELEMENT_CLICK_INTERCEPTED:\n            exception_class = ElementClickInterceptedException\n        elif status in ErrorCode.INSECURE_CERTIFICATE:\n            exception_class = InsecureCertificateException\n        elif status in ErrorCode.INVALID_COORDINATES:\n            exception_class = InvalidCoordinatesException\n        elif status in ErrorCode.INVALID_SESSION_ID:\n            exception_class = InvalidSessionIdException\n        elif status in ErrorCode.UNKNOWN_METHOD:\n            exception_class = UnknownMethodException\n        else:\n            exception_class = WebDriverException\n        if not value:\n            value = response[\"value\"]\n        if isinstance(value, str):\n            raise exception_class(value)\n        if message == \"\" and \"message\" in value:\n            message = value[\"message\"]\n    \n        screen = None  # type: ignore[assignment]\n        if \"screen\" in value:\n            screen = value[\"screen\"]\n    \n        stacktrace = None\n        st_value = value.get(\"stackTrace\") or value.get(\"stacktrace\")\n        if st_value:\n            if isinstance(st_value, str):\n                stacktrace = st_value.split(\"\\n\")\n            else:\n                stacktrace = []\n                try:\n                    for frame in st_value:\n                        line = frame.get(\"lineNumber\", \"\")\n                        file = frame.get(\"fileName\", \"<anonymous>\")\n                        if line:\n                            file = f\"{file}:{line}\"\n                        meth = frame.get(\"methodName\", \"<anonymous>\")\n                        if \"className\" in frame:\n                            meth = f\"{frame['className']}.{meth}\"\n                        msg = \"    at %s (%s)\"\n                        msg = msg % (meth, file)\n                        stacktrace.append(msg)\n                except TypeError:\n                    pass\n        if exception_class == UnexpectedAlertPresentException:\n            alert_text = None\n            if \"data\" in value:\n                alert_text = value[\"data\"].get(\"text\")\n            elif \"alert\" in value:\n                alert_text = value[\"alert\"].get(\"text\")\n            raise exception_class(message, screen, stacktrace, alert_text)  # type: ignore[call-arg]  # mypy is not smart enough here\n>       raise exception_class(message, screen, stacktrace)\nE       selenium.common.exceptions.NoSuchElementException: Message: no such element: Unable to locate element: {\"method\":\"xpath\",\"selector\":\"//div[@class='page-block articles-block']\"}\nE         (Session info: chrome-headless-shell=120.0.6099.109); For documentation on this error, please visit: https://www.selenium.dev/documentation/webdriver/troubleshooting/errors#no-such-element-exception\nE       Stacktrace:\nE       #0 0x55b2ef9d4f83 <unknown>\nE       #1 0x55b2ef68dcf7 <unknown>\nE       #2 0x55b2ef6dd99e <unknown>\nE       #3 0x55b2ef6ddaa1 <unknown>\nE       #4 0x55b2ef728d64 <unknown>\nE       #5 0x55b2ef7070dd <unknown>\nE       #6 0x55b2ef726006 <unknown>\nE       #7 0x55b2ef706e53 <unknown>\nE       #8 0x55b2ef6cedd4 <unknown>\nE       #9 0x55b2ef6d01de <unknown>\nE       #10 0x55b2ef999531 <unknown>\nE       #11 0x55b2ef99d455 <unknown>\nE       #12 0x55b2ef985f55 <unknown>\nE       #13 0x55b2ef99e0ef <unknown>\nE       #14 0x55b2ef96999f <unknown>\nE       #15 0x55b2ef9c2008 <unknown>\nE       #16 0x55b2ef9c21d7 <unknown>\nE       #17 0x55b2ef9d4124 <unknown>\nE       #18 0x7f55b8d33044 <unknown>\n\n/usr/local/lib/python3.11/site-packages/selenium/webdriver/remote/errorhandler.py:245: NoSuchElementException","flaky":false,"newFailed":false,"newBroken":false,"newPassed":false,"retriesCount":0,"retriesStatusChange":false,"beforeStages":[{"name":"_session_faker","time":{"start":1705367144497,"stop":1705367144567,"duration":70},"status":"passed","steps":[],"attachments":[],"parameters":[],"shouldDisplayMessage":false,"stepsCount":0,"attachmentsCount":0,"hasContent":false,"attachmentStep":false},{"name":"clear_allure_results_folder","time":{"start":1705367144567,"stop":1705367144567,"duration":0},"status":"passed","steps":[],"attachments":[],"parameters":[],"shouldDisplayMessage":false,"stepsCount":0,"attachmentsCount":0,"hasContent":false,"attachmentStep":false},{"name":"driver","time":{"start":1705367210433,"stop":1705367211176,"duration":743},"status":"passed","steps":[],"attachments":[],"parameters":[],"shouldDisplayMessage":false,"stepsCount":0,"attachmentsCount":0,"hasContent":false,"attachmentStep":false},{"name":"main_page","time":{"start":1705367211177,"stop":1705367211807,"duration":630},"status":"passed","steps":[],"attachments":[],"parameters":[],"shouldDisplayMessage":false,"stepsCount":0,"attachmentsCount":0,"hasContent":false,"attachmentStep":false},{"name":"setup","time":{"start":1705367211177,"stop":1705367211177,"duration":0},"status":"passed","steps":[],"attachments":[],"parameters":[],"shouldDisplayMessage":false,"stepsCount":0,"attachmentsCount":0,"hasContent":false,"attachmentStep":false}],"testStage":{"status":"broken","statusMessage":"selenium.common.exceptions.NoSuchElementException: Message: no such element: Unable to locate element: {\"method\":\"xpath\",\"selector\":\"//div[@class='page-block articles-block']\"}\n  (Session info: chrome-headless-shell=120.0.6099.109); For documentation on this error, please visit: https://www.selenium.dev/documentation/webdriver/troubleshooting/errors#no-such-element-exception\nStacktrace:\n#0 0x55b2ef9d4f83 <unknown>\n#1 0x55b2ef68dcf7 <unknown>\n#2 0x55b2ef6dd99e <unknown>\n#3 0x55b2ef6ddaa1 <unknown>\n#4 0x55b2ef728d64 <unknown>\n#5 0x55b2ef7070dd <unknown>\n#6 0x55b2ef726006 <unknown>\n#7 0x55b2ef706e53 <unknown>\n#8 0x55b2ef6cedd4 <unknown>\n#9 0x55b2ef6d01de <unknown>\n#10 0x55b2ef999531 <unknown>\n#11 0x55b2ef99d455 <unknown>\n#12 0x55b2ef985f55 <unknown>\n#13 0x55b2ef99e0ef <unknown>\n#14 0x55b2ef96999f <unknown>\n#15 0x55b2ef9c2008 <unknown>\n#16 0x55b2ef9c21d7 <unknown>\n#17 0x55b2ef9d4124 <unknown>\n#18 0x7f55b8d33044 <unknown>","statusTrace":"self = <tests.test_main_page.TestMainPage object at 0x7fd5e03b2110>\nmain_page = <pages.main_page.MainPage object at 0x7fd5dfd0a990>\n\n    @allure.title(\"TC 004 - Функционал блока 'Советы от профессионалов ремонта'\")\n    @pytest.mark.smoke_test\n    def test_positive_building_advices1_smoke(self, main_page):\n>       items = main_page.get_building_advices_section()\n\ntests/test_main_page.py:45: \n_ _ _ _ _ _ _ _ _ _ _ _ _ _ _ _ _ _ _ _ _ _ _ _ _ _ _ _ _ _ _ _ _ _ _ _ _ _ _ _ \npages/main_page.py:78: in get_building_advices_section\n    section = self.driver.find_element(*self._building_advices_section)\n/usr/local/lib/python3.11/site-packages/selenium/webdriver/remote/webdriver.py:740: in find_element\n    return self.execute(Command.FIND_ELEMENT, {\"using\": by, \"value\": value})[\"value\"]\n/usr/local/lib/python3.11/site-packages/selenium/webdriver/remote/webdriver.py:346: in execute\n    self.error_handler.check_response(response)\n_ _ _ _ _ _ _ _ _ _ _ _ _ _ _ _ _ _ _ _ _ _ _ _ _ _ _ _ _ _ _ _ _ _ _ _ _ _ _ _ \n\nself = <selenium.webdriver.remote.errorhandler.ErrorHandler object at 0x7fd5dfd5f150>\nresponse = {'status': 404, 'value': '{\"value\":{\"error\":\"no such element\",\"message\":\"no such element: Unable to locate element: {\\...\\\\n#16 0x55b2ef9c21d7 \\\\u003Cunknown>\\\\n#17 0x55b2ef9d4124 \\\\u003Cunknown>\\\\n#18 0x7f55b8d33044 \\\\u003Cunknown>\\\\n\"}}'}\n\n    def check_response(self, response: Dict[str, Any]) -> None:\n        \"\"\"Checks that a JSON response from the WebDriver does not have an\n        error.\n    \n        :Args:\n         - response - The JSON response from the WebDriver server as a dictionary\n           object.\n    \n        :Raises: If the response contains an error message.\n        \"\"\"\n        status = response.get(\"status\", None)\n        if not status or status == ErrorCode.SUCCESS:\n            return\n        value = None\n        message = response.get(\"message\", \"\")\n        screen: str = response.get(\"screen\", \"\")\n        stacktrace = None\n        if isinstance(status, int):\n            value_json = response.get(\"value\", None)\n            if value_json and isinstance(value_json, str):\n                import json\n    \n                try:\n                    value = json.loads(value_json)\n                    if len(value) == 1:\n                        value = value[\"value\"]\n                    status = value.get(\"error\", None)\n                    if not status:\n                        status = value.get(\"status\", ErrorCode.UNKNOWN_ERROR)\n                        message = value.get(\"value\") or value.get(\"message\")\n                        if not isinstance(message, str):\n                            value = message\n                            message = message.get(\"message\")\n                    else:\n                        message = value.get(\"message\", None)\n                except ValueError:\n                    pass\n    \n        exception_class: Type[WebDriverException]\n        if status in ErrorCode.NO_SUCH_ELEMENT:\n            exception_class = NoSuchElementException\n        elif status in ErrorCode.NO_SUCH_FRAME:\n            exception_class = NoSuchFrameException\n        elif status in ErrorCode.NO_SUCH_SHADOW_ROOT:\n            exception_class = NoSuchShadowRootException\n        elif status in ErrorCode.NO_SUCH_WINDOW:\n            exception_class = NoSuchWindowException\n        elif status in ErrorCode.STALE_ELEMENT_REFERENCE:\n            exception_class = StaleElementReferenceException\n        elif status in ErrorCode.ELEMENT_NOT_VISIBLE:\n            exception_class = ElementNotVisibleException\n        elif status in ErrorCode.INVALID_ELEMENT_STATE:\n            exception_class = InvalidElementStateException\n        elif (\n            status in ErrorCode.INVALID_SELECTOR\n            or status in ErrorCode.INVALID_XPATH_SELECTOR\n            or status in ErrorCode.INVALID_XPATH_SELECTOR_RETURN_TYPER\n        ):\n            exception_class = InvalidSelectorException\n        elif status in ErrorCode.ELEMENT_IS_NOT_SELECTABLE:\n            exception_class = ElementNotSelectableException\n        elif status in ErrorCode.ELEMENT_NOT_INTERACTABLE:\n            exception_class = ElementNotInteractableException\n        elif status in ErrorCode.INVALID_COOKIE_DOMAIN:\n            exception_class = InvalidCookieDomainException\n        elif status in ErrorCode.UNABLE_TO_SET_COOKIE:\n            exception_class = UnableToSetCookieException\n        elif status in ErrorCode.TIMEOUT:\n            exception_class = TimeoutException\n        elif status in ErrorCode.SCRIPT_TIMEOUT:\n            exception_class = TimeoutException\n        elif status in ErrorCode.UNKNOWN_ERROR:\n            exception_class = WebDriverException\n        elif status in ErrorCode.UNEXPECTED_ALERT_OPEN:\n            exception_class = UnexpectedAlertPresentException\n        elif status in ErrorCode.NO_ALERT_OPEN:\n            exception_class = NoAlertPresentException\n        elif status in ErrorCode.IME_NOT_AVAILABLE:\n            exception_class = ImeNotAvailableException\n        elif status in ErrorCode.IME_ENGINE_ACTIVATION_FAILED:\n            exception_class = ImeActivationFailedException\n        elif status in ErrorCode.MOVE_TARGET_OUT_OF_BOUNDS:\n            exception_class = MoveTargetOutOfBoundsException\n        elif status in ErrorCode.JAVASCRIPT_ERROR:\n            exception_class = JavascriptException\n        elif status in ErrorCode.SESSION_NOT_CREATED:\n            exception_class = SessionNotCreatedException\n        elif status in ErrorCode.INVALID_ARGUMENT:\n            exception_class = InvalidArgumentException\n        elif status in ErrorCode.NO_SUCH_COOKIE:\n            exception_class = NoSuchCookieException\n        elif status in ErrorCode.UNABLE_TO_CAPTURE_SCREEN:\n            exception_class = ScreenshotException\n        elif status in ErrorCode.ELEMENT_CLICK_INTERCEPTED:\n            exception_class = ElementClickInterceptedException\n        elif status in ErrorCode.INSECURE_CERTIFICATE:\n            exception_class = InsecureCertificateException\n        elif status in ErrorCode.INVALID_COORDINATES:\n            exception_class = InvalidCoordinatesException\n        elif status in ErrorCode.INVALID_SESSION_ID:\n            exception_class = InvalidSessionIdException\n        elif status in ErrorCode.UNKNOWN_METHOD:\n            exception_class = UnknownMethodException\n        else:\n            exception_class = WebDriverException\n        if not value:\n            value = response[\"value\"]\n        if isinstance(value, str):\n            raise exception_class(value)\n        if message == \"\" and \"message\" in value:\n            message = value[\"message\"]\n    \n        screen = None  # type: ignore[assignment]\n        if \"screen\" in value:\n            screen = value[\"screen\"]\n    \n        stacktrace = None\n        st_value = value.get(\"stackTrace\") or value.get(\"stacktrace\")\n        if st_value:\n            if isinstance(st_value, str):\n                stacktrace = st_value.split(\"\\n\")\n            else:\n                stacktrace = []\n                try:\n                    for frame in st_value:\n                        line = frame.get(\"lineNumber\", \"\")\n                        file = frame.get(\"fileName\", \"<anonymous>\")\n                        if line:\n                            file = f\"{file}:{line}\"\n                        meth = frame.get(\"methodName\", \"<anonymous>\")\n                        if \"className\" in frame:\n                            meth = f\"{frame['className']}.{meth}\"\n                        msg = \"    at %s (%s)\"\n                        msg = msg % (meth, file)\n                        stacktrace.append(msg)\n                except TypeError:\n                    pass\n        if exception_class == UnexpectedAlertPresentException:\n            alert_text = None\n            if \"data\" in value:\n                alert_text = value[\"data\"].get(\"text\")\n            elif \"alert\" in value:\n                alert_text = value[\"alert\"].get(\"text\")\n            raise exception_class(message, screen, stacktrace, alert_text)  # type: ignore[call-arg]  # mypy is not smart enough here\n>       raise exception_class(message, screen, stacktrace)\nE       selenium.common.exceptions.NoSuchElementException: Message: no such element: Unable to locate element: {\"method\":\"xpath\",\"selector\":\"//div[@class='page-block articles-block']\"}\nE         (Session info: chrome-headless-shell=120.0.6099.109); For documentation on this error, please visit: https://www.selenium.dev/documentation/webdriver/troubleshooting/errors#no-such-element-exception\nE       Stacktrace:\nE       #0 0x55b2ef9d4f83 <unknown>\nE       #1 0x55b2ef68dcf7 <unknown>\nE       #2 0x55b2ef6dd99e <unknown>\nE       #3 0x55b2ef6ddaa1 <unknown>\nE       #4 0x55b2ef728d64 <unknown>\nE       #5 0x55b2ef7070dd <unknown>\nE       #6 0x55b2ef726006 <unknown>\nE       #7 0x55b2ef706e53 <unknown>\nE       #8 0x55b2ef6cedd4 <unknown>\nE       #9 0x55b2ef6d01de <unknown>\nE       #10 0x55b2ef999531 <unknown>\nE       #11 0x55b2ef99d455 <unknown>\nE       #12 0x55b2ef985f55 <unknown>\nE       #13 0x55b2ef99e0ef <unknown>\nE       #14 0x55b2ef96999f <unknown>\nE       #15 0x55b2ef9c2008 <unknown>\nE       #16 0x55b2ef9c21d7 <unknown>\nE       #17 0x55b2ef9d4124 <unknown>\nE       #18 0x7f55b8d33044 <unknown>\n\n/usr/local/lib/python3.11/site-packages/selenium/webdriver/remote/errorhandler.py:245: NoSuchElementException","steps":[{"name":"Проверка функциональности блока 'Советы от профессионалов ремонта'","time":{"start":1705367211808,"stop":1705367211820,"duration":12},"status":"broken","statusMessage":"selenium.common.exceptions.NoSuchElementException: Message: no such element: Unable to locate element: {\"method\":\"xpath\",\"selector\":\"//div[@class='page-block articles-block']\"}\n  (Session info: chrome-headless-shell=120.0.6099.109); For documentation on this error, please visit: https://www.selenium.dev/documentation/webdriver/troubleshooting/errors#no-such-element-exception\nStacktrace:\n#0 0x55b2ef9d4f83 <unknown>\n#1 0x55b2ef68dcf7 <unknown>\n#2 0x55b2ef6dd99e <unknown>\n#3 0x55b2ef6ddaa1 <unknown>\n#4 0x55b2ef728d64 <unknown>\n#5 0x55b2ef7070dd <unknown>\n#6 0x55b2ef726006 <unknown>\n#7 0x55b2ef706e53 <unknown>\n#8 0x55b2ef6cedd4 <unknown>\n#9 0x55b2ef6d01de <unknown>\n#10 0x55b2ef999531 <unknown>\n#11 0x55b2ef99d455 <unknown>\n#12 0x55b2ef985f55 <unknown>\n#13 0x55b2ef99e0ef <unknown>\n#14 0x55b2ef96999f <unknown>\n#15 0x55b2ef9c2008 <unknown>\n#16 0x55b2ef9c21d7 <unknown>\n#17 0x55b2ef9d4124 <unknown>\n#18 0x7f55b8d33044 <unknown>\n\n","statusTrace":"  File \"/usr/local/lib/python3.11/site-packages/allure_commons/_allure.py\", line 192, in impl\n    return func(*a, **kw)\n           ^^^^^^^^^^^^^^\n  File \"/app/pages/main_page.py\", line 78, in get_building_advices_section\n    section = self.driver.find_element(*self._building_advices_section)\n              ^^^^^^^^^^^^^^^^^^^^^^^^^^^^^^^^^^^^^^^^^^^^^^^^^^^^^^^^^\n  File \"/usr/local/lib/python3.11/site-packages/selenium/webdriver/remote/webdriver.py\", line 740, in find_element\n    return self.execute(Command.FIND_ELEMENT, {\"using\": by, \"value\": value})[\"value\"]\n           ^^^^^^^^^^^^^^^^^^^^^^^^^^^^^^^^^^^^^^^^^^^^^^^^^^^^^^^^^^^^^^^^^\n  File \"/usr/local/lib/python3.11/site-packages/selenium/webdriver/remote/webdriver.py\", line 346, in execute\n    self.error_handler.check_response(response)\n  File \"/usr/local/lib/python3.11/site-packages/selenium/webdriver/remote/errorhandler.py\", line 245, in check_response\n    raise exception_class(message, screen, stacktrace)\n","steps":[],"attachments":[],"parameters":[],"shouldDisplayMessage":true,"stepsCount":0,"attachmentsCount":0,"hasContent":true,"attachmentStep":false}],"attachments":[{"uid":"a3e524f759c8973","name":"Screenshot","source":"a3e524f759c8973.png","type":"image/png","size":39106},{"uid":"69142d0ac262607","name":"HTML source","source":"69142d0ac262607.html","type":"text/html","size":538}],"parameters":[],"shouldDisplayMessage":true,"stepsCount":1,"attachmentsCount":2,"hasContent":true,"attachmentStep":false},"afterStages":[{"name":"driver::0","time":{"start":1705367211923,"stop":1705367211980,"duration":57},"status":"passed","steps":[],"attachments":[],"parameters":[],"shouldDisplayMessage":false,"stepsCount":0,"attachmentsCount":0,"hasContent":false,"attachmentStep":false},{"name":"setup::0","time":{"start":1705367211923,"stop":1705367211923,"duration":0},"status":"passed","steps":[],"attachments":[],"parameters":[],"shouldDisplayMessage":false,"stepsCount":0,"attachmentsCount":0,"hasContent":false,"attachmentStep":false}],"labels":[{"name":"epic","value":"Main Page"},{"name":"tag","value":"smoke_test"},{"name":"parentSuite","value":"tests"},{"name":"suite","value":"test_main_page"},{"name":"subSuite","value":"TestMainPage"},{"name":"host","value":"c94dcfb37ae8"},{"name":"thread","value":"1-MainThread"},{"name":"framework","value":"pytest"},{"name":"language","value":"cpython3"},{"name":"package","value":"tests.test_main_page"},{"name":"resultFormat","value":"allure2"}],"parameters":[{"name":"url","value":"'https://test2.stroyrem-nn.ru/'"}],"links":[],"hidden":false,"retry":false,"extra":{"severity":"normal","retries":[],"categories":[{"name":"Test defects","matchedStatuses":[],"flaky":false}],"history":{"statistic":{"failed":0,"broken":124,"skipped":0,"passed":36,"unknown":0,"total":160},"items":[{"uid":"7b26dac5073c583e","reportUrl":"https://zaelcovsky.github.io/StroyremAutomation/202//#testresult/7b26dac5073c583e","status":"broken","statusDetails":"selenium.common.exceptions.NoSuchElementException: Message: no such element: Unable to locate element: {\"method\":\"xpath\",\"selector\":\"//div[@class='page-block articles-block']\"}\n  (Session info: chrome-headless-shell=120.0.6099.109); For documentation on this error, please visit: https://www.selenium.dev/documentation/webdriver/troubleshooting/errors#no-such-element-exception\nStacktrace:\n#0 0x5579614b9f83 <unknown>\n#1 0x557961172cf7 <unknown>\n#2 0x5579611c299e <unknown>\n#3 0x5579611c2aa1 <unknown>\n#4 0x55796120dd64 <unknown>\n#5 0x5579611ec0dd <unknown>\n#6 0x55796120b006 <unknown>\n#7 0x5579611ebe53 <unknown>\n#8 0x5579611b3dd4 <unknown>\n#9 0x5579611b51de <unknown>\n#10 0x55796147e531 <unknown>\n#11 0x557961482455 <unknown>\n#12 0x55796146af55 <unknown>\n#13 0x5579614830ef <unknown>\n#14 0x55796144e99f <unknown>\n#15 0x5579614a7008 <unknown>\n#16 0x5579614a71d7 <unknown>\n#17 0x5579614b9124 <unknown>\n#18 0x7f7170c70044 <unknown>","time":{"start":1705280923176,"stop":1705280923190,"duration":14}},{"uid":"1f5e3d25396abbb6","reportUrl":"https://zaelcovsky.github.io/StroyremAutomation/201//#testresult/1f5e3d25396abbb6","status":"broken","statusDetails":"selenium.common.exceptions.NoSuchElementException: Message: no such element: Unable to locate element: {\"method\":\"xpath\",\"selector\":\"//div[@class='page-block articles-block']\"}\n  (Session info: chrome-headless-shell=120.0.6099.109); For documentation on this error, please visit: https://www.selenium.dev/documentation/webdriver/troubleshooting/errors#no-such-element-exception\nStacktrace:\n#0 0x5630b208ef83 <unknown>\n#1 0x5630b1d47cf7 <unknown>\n#2 0x5630b1d9799e <unknown>\n#3 0x5630b1d97aa1 <unknown>\n#4 0x5630b1de2d64 <unknown>\n#5 0x5630b1dc10dd <unknown>\n#6 0x5630b1de0006 <unknown>\n#7 0x5630b1dc0e53 <unknown>\n#8 0x5630b1d88dd4 <unknown>\n#9 0x5630b1d8a1de <unknown>\n#10 0x5630b2053531 <unknown>\n#11 0x5630b2057455 <unknown>\n#12 0x5630b203ff55 <unknown>\n#13 0x5630b20580ef <unknown>\n#14 0x5630b202399f <unknown>\n#15 0x5630b207c008 <unknown>\n#16 0x5630b207c1d7 <unknown>\n#17 0x5630b208e124 <unknown>\n#18 0x7fca7c7f2044 <unknown>","time":{"start":1705194692532,"stop":1705194692545,"duration":13}},{"uid":"fe248526b16ec8d6","reportUrl":"https://zaelcovsky.github.io/StroyremAutomation/200//#testresult/fe248526b16ec8d6","status":"broken","statusDetails":"selenium.common.exceptions.NoSuchElementException: Message: no such element: Unable to locate element: {\"method\":\"xpath\",\"selector\":\"//div[@class='page-block articles-block']\"}\n  (Session info: chrome-headless-shell=120.0.6099.109); For documentation on this error, please visit: https://www.selenium.dev/documentation/webdriver/troubleshooting/errors#no-such-element-exception\nStacktrace:\n#0 0x56464e5b5f83 <unknown>\n#1 0x56464e26ecf7 <unknown>\n#2 0x56464e2be99e <unknown>\n#3 0x56464e2beaa1 <unknown>\n#4 0x56464e309d64 <unknown>\n#5 0x56464e2e80dd <unknown>\n#6 0x56464e307006 <unknown>\n#7 0x56464e2e7e53 <unknown>\n#8 0x56464e2afdd4 <unknown>\n#9 0x56464e2b11de <unknown>\n#10 0x56464e57a531 <unknown>\n#11 0x56464e57e455 <unknown>\n#12 0x56464e566f55 <unknown>\n#13 0x56464e57f0ef <unknown>\n#14 0x56464e54a99f <unknown>\n#15 0x56464e5a3008 <unknown>\n#16 0x56464e5a31d7 <unknown>\n#17 0x56464e5b5124 <unknown>\n#18 0x7f115ecac044 <unknown>","time":{"start":1705107961986,"stop":1705107961999,"duration":13}},{"uid":"339f759aaf5b0b7d","reportUrl":"https://zaelcovsky.github.io/StroyremAutomation/199//#testresult/339f759aaf5b0b7d","status":"broken","statusDetails":"selenium.common.exceptions.NoSuchElementException: Message: no such element: Unable to locate element: {\"method\":\"xpath\",\"selector\":\"//div[@class='page-block articles-block']\"}\n  (Session info: chrome-headless-shell=120.0.6099.109); For documentation on this error, please visit: https://www.selenium.dev/documentation/webdriver/troubleshooting/errors#no-such-element-exception\nStacktrace:\n#0 0x55f33c47af83 <unknown>\n#1 0x55f33c133cf7 <unknown>\n#2 0x55f33c18399e <unknown>\n#3 0x55f33c183aa1 <unknown>\n#4 0x55f33c1ced64 <unknown>\n#5 0x55f33c1ad0dd <unknown>\n#6 0x55f33c1cc006 <unknown>\n#7 0x55f33c1ace53 <unknown>\n#8 0x55f33c174dd4 <unknown>\n#9 0x55f33c1761de <unknown>\n#10 0x55f33c43f531 <unknown>\n#11 0x55f33c443455 <unknown>\n#12 0x55f33c42bf55 <unknown>\n#13 0x55f33c4440ef <unknown>\n#14 0x55f33c40f99f <unknown>\n#15 0x55f33c468008 <unknown>\n#16 0x55f33c4681d7 <unknown>\n#17 0x55f33c47a124 <unknown>\n#18 0x7fd0f72bf044 <unknown>","time":{"start":1705021621957,"stop":1705021621970,"duration":13}},{"uid":"6ce2183e7e56c9b2","reportUrl":"https://zaelcovsky.github.io/StroyremAutomation/198//#testresult/6ce2183e7e56c9b2","status":"broken","statusDetails":"selenium.common.exceptions.NoSuchElementException: Message: no such element: Unable to locate element: {\"method\":\"xpath\",\"selector\":\"//div[@class='page-block articles-block']\"}\n  (Session info: chrome-headless-shell=120.0.6099.109); For documentation on this error, please visit: https://www.selenium.dev/documentation/webdriver/troubleshooting/errors#no-such-element-exception\nStacktrace:\n#0 0x557550433f83 <unknown>\n#1 0x5575500eccf7 <unknown>\n#2 0x55755013c99e <unknown>\n#3 0x55755013caa1 <unknown>\n#4 0x557550187d64 <unknown>\n#5 0x5575501660dd <unknown>\n#6 0x557550185006 <unknown>\n#7 0x557550165e53 <unknown>\n#8 0x55755012ddd4 <unknown>\n#9 0x55755012f1de <unknown>\n#10 0x5575503f8531 <unknown>\n#11 0x5575503fc455 <unknown>\n#12 0x5575503e4f55 <unknown>\n#13 0x5575503fd0ef <unknown>\n#14 0x5575503c899f <unknown>\n#15 0x557550421008 <unknown>\n#16 0x5575504211d7 <unknown>\n#17 0x557550433124 <unknown>\n#18 0x7f7acfc63044 <unknown>","time":{"start":1704935194799,"stop":1704935194812,"duration":13}},{"uid":"6847159d960db16a","reportUrl":"https://zaelcovsky.github.io/StroyremAutomation/197//#testresult/6847159d960db16a","status":"broken","statusDetails":"selenium.common.exceptions.NoSuchElementException: Message: no such element: Unable to locate element: {\"method\":\"xpath\",\"selector\":\"//div[@class='page-block articles-block']\"}\n  (Session info: chrome-headless-shell=120.0.6099.109); For documentation on this error, please visit: https://www.selenium.dev/documentation/webdriver/troubleshooting/errors#no-such-element-exception\nStacktrace:\n#0 0x55f346b1cf83 <unknown>\n#1 0x55f3467d5cf7 <unknown>\n#2 0x55f34682599e <unknown>\n#3 0x55f346825aa1 <unknown>\n#4 0x55f346870d64 <unknown>\n#5 0x55f34684f0dd <unknown>\n#6 0x55f34686e006 <unknown>\n#7 0x55f34684ee53 <unknown>\n#8 0x55f346816dd4 <unknown>\n#9 0x55f3468181de <unknown>\n#10 0x55f346ae1531 <unknown>\n#11 0x55f346ae5455 <unknown>\n#12 0x55f346acdf55 <unknown>\n#13 0x55f346ae60ef <unknown>\n#14 0x55f346ab199f <unknown>\n#15 0x55f346b0a008 <unknown>\n#16 0x55f346b0a1d7 <unknown>\n#17 0x55f346b1c124 <unknown>\n#18 0x7f97a9b96044 <unknown>","time":{"start":1704848795489,"stop":1704848795502,"duration":13}},{"uid":"9070177d25db9435","reportUrl":"https://zaelcovsky.github.io/StroyremAutomation/196//#testresult/9070177d25db9435","status":"broken","statusDetails":"selenium.common.exceptions.NoSuchElementException: Message: no such element: Unable to locate element: {\"method\":\"xpath\",\"selector\":\"//div[@class='page-block articles-block']\"}\n  (Session info: chrome-headless-shell=120.0.6099.109); For documentation on this error, please visit: https://www.selenium.dev/documentation/webdriver/troubleshooting/errors#no-such-element-exception\nStacktrace:\n#0 0x55b60325ef83 <unknown>\n#1 0x55b602f17cf7 <unknown>\n#2 0x55b602f6799e <unknown>\n#3 0x55b602f67aa1 <unknown>\n#4 0x55b602fb2d64 <unknown>\n#5 0x55b602f910dd <unknown>\n#6 0x55b602fb0006 <unknown>\n#7 0x55b602f90e53 <unknown>\n#8 0x55b602f58dd4 <unknown>\n#9 0x55b602f5a1de <unknown>\n#10 0x55b603223531 <unknown>\n#11 0x55b603227455 <unknown>\n#12 0x55b60320ff55 <unknown>\n#13 0x55b6032280ef <unknown>\n#14 0x55b6031f399f <unknown>\n#15 0x55b60324c008 <unknown>\n#16 0x55b60324c1d7 <unknown>\n#17 0x55b60325e124 <unknown>\n#18 0x7f1f0579e044 <unknown>","time":{"start":1704762393162,"stop":1704762393174,"duration":12}},{"uid":"788c2a0c6e408e13","reportUrl":"https://zaelcovsky.github.io/StroyremAutomation/195//#testresult/788c2a0c6e408e13","status":"broken","statusDetails":"selenium.common.exceptions.NoSuchElementException: Message: no such element: Unable to locate element: {\"method\":\"xpath\",\"selector\":\"//div[@class='page-block articles-block']\"}\n  (Session info: chrome-headless-shell=120.0.6099.109); For documentation on this error, please visit: https://www.selenium.dev/documentation/webdriver/troubleshooting/errors#no-such-element-exception\nStacktrace:\n#0 0x55b5e4d59f83 <unknown>\n#1 0x55b5e4a12cf7 <unknown>\n#2 0x55b5e4a6299e <unknown>\n#3 0x55b5e4a62aa1 <unknown>\n#4 0x55b5e4aadd64 <unknown>\n#5 0x55b5e4a8c0dd <unknown>\n#6 0x55b5e4aab006 <unknown>\n#7 0x55b5e4a8be53 <unknown>\n#8 0x55b5e4a53dd4 <unknown>\n#9 0x55b5e4a551de <unknown>\n#10 0x55b5e4d1e531 <unknown>\n#11 0x55b5e4d22455 <unknown>\n#12 0x55b5e4d0af55 <unknown>\n#13 0x55b5e4d230ef <unknown>\n#14 0x55b5e4cee99f <unknown>\n#15 0x55b5e4d47008 <unknown>\n#16 0x55b5e4d471d7 <unknown>\n#17 0x55b5e4d59124 <unknown>\n#18 0x7f11b91fd044 <unknown>","time":{"start":1704676023385,"stop":1704676023399,"duration":14}},{"uid":"8f1e06c6bad099bf","reportUrl":"https://zaelcovsky.github.io/StroyremAutomation/194//#testresult/8f1e06c6bad099bf","status":"broken","statusDetails":"selenium.common.exceptions.NoSuchElementException: Message: no such element: Unable to locate element: {\"method\":\"xpath\",\"selector\":\"//div[@class='page-block articles-block']\"}\n  (Session info: chrome-headless-shell=120.0.6099.109); For documentation on this error, please visit: https://www.selenium.dev/documentation/webdriver/troubleshooting/errors#no-such-element-exception\nStacktrace:\n#0 0x558d3f318f83 <unknown>\n#1 0x558d3efd1cf7 <unknown>\n#2 0x558d3f02199e <unknown>\n#3 0x558d3f021aa1 <unknown>\n#4 0x558d3f06cd64 <unknown>\n#5 0x558d3f04b0dd <unknown>\n#6 0x558d3f06a006 <unknown>\n#7 0x558d3f04ae53 <unknown>\n#8 0x558d3f012dd4 <unknown>\n#9 0x558d3f0141de <unknown>\n#10 0x558d3f2dd531 <unknown>\n#11 0x558d3f2e1455 <unknown>\n#12 0x558d3f2c9f55 <unknown>\n#13 0x558d3f2e20ef <unknown>\n#14 0x558d3f2ad99f <unknown>\n#15 0x558d3f306008 <unknown>\n#16 0x558d3f3061d7 <unknown>\n#17 0x558d3f318124 <unknown>\n#18 0x7f079dc2a044 <unknown>","time":{"start":1704589919180,"stop":1704589919193,"duration":13}},{"uid":"cd646f1f210aa997","reportUrl":"https://zaelcovsky.github.io/StroyremAutomation/193//#testresult/cd646f1f210aa997","status":"broken","statusDetails":"selenium.common.exceptions.NoSuchElementException: Message: no such element: Unable to locate element: {\"method\":\"xpath\",\"selector\":\"//div[@class='page-block articles-block']\"}\n  (Session info: chrome-headless-shell=120.0.6099.109); For documentation on this error, please visit: https://www.selenium.dev/documentation/webdriver/troubleshooting/errors#no-such-element-exception\nStacktrace:\n#0 0x55e71ec21f83 <unknown>\n#1 0x55e71e8dacf7 <unknown>\n#2 0x55e71e92a99e <unknown>\n#3 0x55e71e92aaa1 <unknown>\n#4 0x55e71e975d64 <unknown>\n#5 0x55e71e9540dd <unknown>\n#6 0x55e71e973006 <unknown>\n#7 0x55e71e953e53 <unknown>\n#8 0x55e71e91bdd4 <unknown>\n#9 0x55e71e91d1de <unknown>\n#10 0x55e71ebe6531 <unknown>\n#11 0x55e71ebea455 <unknown>\n#12 0x55e71ebd2f55 <unknown>\n#13 0x55e71ebeb0ef <unknown>\n#14 0x55e71ebb699f <unknown>\n#15 0x55e71ec0f008 <unknown>\n#16 0x55e71ec0f1d7 <unknown>\n#17 0x55e71ec21124 <unknown>\n#18 0x7f825028b044 <unknown>","time":{"start":1704503063413,"stop":1704503063427,"duration":14}},{"uid":"beed00672d8aa6c2","reportUrl":"https://zaelcovsky.github.io/StroyremAutomation/192//#testresult/beed00672d8aa6c2","status":"broken","statusDetails":"selenium.common.exceptions.NoSuchElementException: Message: no such element: Unable to locate element: {\"method\":\"xpath\",\"selector\":\"//div[@class='page-block articles-block']\"}\n  (Session info: chrome-headless-shell=120.0.6099.109); For documentation on this error, please visit: https://www.selenium.dev/documentation/webdriver/troubleshooting/errors#no-such-element-exception\nStacktrace:\n#0 0x55d239f13f83 <unknown>\n#1 0x55d239bcccf7 <unknown>\n#2 0x55d239c1c99e <unknown>\n#3 0x55d239c1caa1 <unknown>\n#4 0x55d239c67d64 <unknown>\n#5 0x55d239c460dd <unknown>\n#6 0x55d239c65006 <unknown>\n#7 0x55d239c45e53 <unknown>\n#8 0x55d239c0ddd4 <unknown>\n#9 0x55d239c0f1de <unknown>\n#10 0x55d239ed8531 <unknown>\n#11 0x55d239edc455 <unknown>\n#12 0x55d239ec4f55 <unknown>\n#13 0x55d239edd0ef <unknown>\n#14 0x55d239ea899f <unknown>\n#15 0x55d239f01008 <unknown>\n#16 0x55d239f011d7 <unknown>\n#17 0x55d239f13124 <unknown>\n#18 0x7fe1f5221044 <unknown>","time":{"start":1704416725479,"stop":1704416725492,"duration":13}},{"uid":"ca417985c732fbb1","reportUrl":"https://zaelcovsky.github.io/StroyremAutomation/191//#testresult/ca417985c732fbb1","status":"broken","statusDetails":"selenium.common.exceptions.NoSuchElementException: Message: no such element: Unable to locate element: {\"method\":\"xpath\",\"selector\":\"//div[@class='page-block articles-block']\"}\n  (Session info: chrome-headless-shell=120.0.6099.109); For documentation on this error, please visit: https://www.selenium.dev/documentation/webdriver/troubleshooting/errors#no-such-element-exception\nStacktrace:\n#0 0x55863b41cf83 <unknown>\n#1 0x55863b0d5cf7 <unknown>\n#2 0x55863b12599e <unknown>\n#3 0x55863b125aa1 <unknown>\n#4 0x55863b170d64 <unknown>\n#5 0x55863b14f0dd <unknown>\n#6 0x55863b16e006 <unknown>\n#7 0x55863b14ee53 <unknown>\n#8 0x55863b116dd4 <unknown>\n#9 0x55863b1181de <unknown>\n#10 0x55863b3e1531 <unknown>\n#11 0x55863b3e5455 <unknown>\n#12 0x55863b3cdf55 <unknown>\n#13 0x55863b3e60ef <unknown>\n#14 0x55863b3b199f <unknown>\n#15 0x55863b40a008 <unknown>\n#16 0x55863b40a1d7 <unknown>\n#17 0x55863b41c124 <unknown>\n#18 0x7fa83a48f044 <unknown>","time":{"start":1704330325764,"stop":1704330325778,"duration":14}},{"uid":"414bc9a67a627da1","reportUrl":"https://zaelcovsky.github.io/StroyremAutomation/190//#testresult/414bc9a67a627da1","status":"broken","statusDetails":"selenium.common.exceptions.NoSuchElementException: Message: no such element: Unable to locate element: {\"method\":\"xpath\",\"selector\":\"//div[@class='page-block articles-block']\"}\n  (Session info: chrome-headless-shell=120.0.6099.109); For documentation on this error, please visit: https://www.selenium.dev/documentation/webdriver/troubleshooting/errors#no-such-element-exception\nStacktrace:\n#0 0x5558d9c38f83 <unknown>\n#1 0x5558d98f1cf7 <unknown>\n#2 0x5558d994199e <unknown>\n#3 0x5558d9941aa1 <unknown>\n#4 0x5558d998cd64 <unknown>\n#5 0x5558d996b0dd <unknown>\n#6 0x5558d998a006 <unknown>\n#7 0x5558d996ae53 <unknown>\n#8 0x5558d9932dd4 <unknown>\n#9 0x5558d99341de <unknown>\n#10 0x5558d9bfd531 <unknown>\n#11 0x5558d9c01455 <unknown>\n#12 0x5558d9be9f55 <unknown>\n#13 0x5558d9c020ef <unknown>\n#14 0x5558d9bcd99f <unknown>\n#15 0x5558d9c26008 <unknown>\n#16 0x5558d9c261d7 <unknown>\n#17 0x5558d9c38124 <unknown>\n#18 0x7f4f42243044 <unknown>","time":{"start":1704243896173,"stop":1704243896186,"duration":13}},{"uid":"7f8c334f60287ec5","reportUrl":"https://zaelcovsky.github.io/StroyremAutomation/189//#testresult/7f8c334f60287ec5","status":"broken","statusDetails":"selenium.common.exceptions.NoSuchElementException: Message: no such element: Unable to locate element: {\"method\":\"xpath\",\"selector\":\"//div[@class='page-block articles-block']\"}\n  (Session info: chrome-headless-shell=120.0.6099.109); For documentation on this error, please visit: https://www.selenium.dev/documentation/webdriver/troubleshooting/errors#no-such-element-exception\nStacktrace:\n#0 0x556bc1362f83 <unknown>\n#1 0x556bc101bcf7 <unknown>\n#2 0x556bc106b99e <unknown>\n#3 0x556bc106baa1 <unknown>\n#4 0x556bc10b6d64 <unknown>\n#5 0x556bc10950dd <unknown>\n#6 0x556bc10b4006 <unknown>\n#7 0x556bc1094e53 <unknown>\n#8 0x556bc105cdd4 <unknown>\n#9 0x556bc105e1de <unknown>\n#10 0x556bc1327531 <unknown>\n#11 0x556bc132b455 <unknown>\n#12 0x556bc1313f55 <unknown>\n#13 0x556bc132c0ef <unknown>\n#14 0x556bc12f799f <unknown>\n#15 0x556bc1350008 <unknown>\n#16 0x556bc13501d7 <unknown>\n#17 0x556bc1362124 <unknown>\n#18 0x7f21593bc044 <unknown>","time":{"start":1704157413925,"stop":1704157413939,"duration":14}},{"uid":"47fe764ed173c2b8","reportUrl":"https://zaelcovsky.github.io/StroyremAutomation/188//#testresult/47fe764ed173c2b8","status":"broken","statusDetails":"selenium.common.exceptions.NoSuchElementException: Message: no such element: Unable to locate element: {\"method\":\"xpath\",\"selector\":\"//div[@class='page-block articles-block']\"}\n  (Session info: chrome-headless-shell=120.0.6099.109); For documentation on this error, please visit: https://www.selenium.dev/documentation/webdriver/troubleshooting/errors#no-such-element-exception\nStacktrace:\n#0 0x55f7e1abef83 <unknown>\n#1 0x55f7e1777cf7 <unknown>\n#2 0x55f7e17c799e <unknown>\n#3 0x55f7e17c7aa1 <unknown>\n#4 0x55f7e1812d64 <unknown>\n#5 0x55f7e17f10dd <unknown>\n#6 0x55f7e1810006 <unknown>\n#7 0x55f7e17f0e53 <unknown>\n#8 0x55f7e17b8dd4 <unknown>\n#9 0x55f7e17ba1de <unknown>\n#10 0x55f7e1a83531 <unknown>\n#11 0x55f7e1a87455 <unknown>\n#12 0x55f7e1a6ff55 <unknown>\n#13 0x55f7e1a880ef <unknown>\n#14 0x55f7e1a5399f <unknown>\n#15 0x55f7e1aac008 <unknown>\n#16 0x55f7e1aac1d7 <unknown>\n#17 0x55f7e1abe124 <unknown>\n#18 0x7f483e964044 <unknown>","time":{"start":1704071452726,"stop":1704071452739,"duration":13}},{"uid":"bbc5bd97b10a9c72","reportUrl":"https://zaelcovsky.github.io/StroyremAutomation/187//#testresult/bbc5bd97b10a9c72","status":"broken","statusDetails":"selenium.common.exceptions.NoSuchElementException: Message: no such element: Unable to locate element: {\"method\":\"xpath\",\"selector\":\"//div[@class='page-block articles-block']\"}\n  (Session info: chrome-headless-shell=120.0.6099.109); For documentation on this error, please visit: https://www.selenium.dev/documentation/webdriver/troubleshooting/errors#no-such-element-exception\nStacktrace:\n#0 0x5613d1a70f83 <unknown>\n#1 0x5613d1729cf7 <unknown>\n#2 0x5613d177999e <unknown>\n#3 0x5613d1779aa1 <unknown>\n#4 0x5613d17c4d64 <unknown>\n#5 0x5613d17a30dd <unknown>\n#6 0x5613d17c2006 <unknown>\n#7 0x5613d17a2e53 <unknown>\n#8 0x5613d176add4 <unknown>\n#9 0x5613d176c1de <unknown>\n#10 0x5613d1a35531 <unknown>\n#11 0x5613d1a39455 <unknown>\n#12 0x5613d1a21f55 <unknown>\n#13 0x5613d1a3a0ef <unknown>\n#14 0x5613d1a0599f <unknown>\n#15 0x5613d1a5e008 <unknown>\n#16 0x5613d1a5e1d7 <unknown>\n#17 0x5613d1a70124 <unknown>\n#18 0x7f6af0881044 <unknown>","time":{"start":1703984941440,"stop":1703984941454,"duration":14}},{"uid":"f46451312c4d71c","reportUrl":"https://zaelcovsky.github.io/StroyremAutomation/186//#testresult/f46451312c4d71c","status":"broken","statusDetails":"selenium.common.exceptions.NoSuchElementException: Message: no such element: Unable to locate element: {\"method\":\"xpath\",\"selector\":\"//div[@class='page-block articles-block']\"}\n  (Session info: chrome-headless-shell=120.0.6099.109); For documentation on this error, please visit: https://www.selenium.dev/documentation/webdriver/troubleshooting/errors#no-such-element-exception\nStacktrace:\n#0 0x55715d770f83 <unknown>\n#1 0x55715d429cf7 <unknown>\n#2 0x55715d47999e <unknown>\n#3 0x55715d479aa1 <unknown>\n#4 0x55715d4c4d64 <unknown>\n#5 0x55715d4a30dd <unknown>\n#6 0x55715d4c2006 <unknown>\n#7 0x55715d4a2e53 <unknown>\n#8 0x55715d46add4 <unknown>\n#9 0x55715d46c1de <unknown>\n#10 0x55715d735531 <unknown>\n#11 0x55715d739455 <unknown>\n#12 0x55715d721f55 <unknown>\n#13 0x55715d73a0ef <unknown>\n#14 0x55715d70599f <unknown>\n#15 0x55715d75e008 <unknown>\n#16 0x55715d75e1d7 <unknown>\n#17 0x55715d770124 <unknown>\n#18 0x7f5e52358044 <unknown>","time":{"start":1703898169680,"stop":1703898169694,"duration":14}},{"uid":"3b13de0a2cac519d","reportUrl":"https://zaelcovsky.github.io/StroyremAutomation/185//#testresult/3b13de0a2cac519d","status":"broken","statusDetails":"selenium.common.exceptions.NoSuchElementException: Message: no such element: Unable to locate element: {\"method\":\"xpath\",\"selector\":\"//div[@class='page-block articles-block']\"}\n  (Session info: chrome-headless-shell=120.0.6099.109); For documentation on this error, please visit: https://www.selenium.dev/documentation/webdriver/troubleshooting/errors#no-such-element-exception\nStacktrace:\n#0 0x555de647ef83 <unknown>\n#1 0x555de6137cf7 <unknown>\n#2 0x555de618799e <unknown>\n#3 0x555de6187aa1 <unknown>\n#4 0x555de61d2d64 <unknown>\n#5 0x555de61b10dd <unknown>\n#6 0x555de61d0006 <unknown>\n#7 0x555de61b0e53 <unknown>\n#8 0x555de6178dd4 <unknown>\n#9 0x555de617a1de <unknown>\n#10 0x555de6443531 <unknown>\n#11 0x555de6447455 <unknown>\n#12 0x555de642ff55 <unknown>\n#13 0x555de64480ef <unknown>\n#14 0x555de641399f <unknown>\n#15 0x555de646c008 <unknown>\n#16 0x555de646c1d7 <unknown>\n#17 0x555de647e124 <unknown>\n#18 0x7fc1e0118044 <unknown>","time":{"start":1703811255955,"stop":1703811255968,"duration":13}},{"uid":"beb2c6f0d0a15182","reportUrl":"https://zaelcovsky.github.io/StroyremAutomation/184//#testresult/beb2c6f0d0a15182","status":"broken","statusDetails":"selenium.common.exceptions.NoSuchElementException: Message: no such element: Unable to locate element: {\"method\":\"xpath\",\"selector\":\"//div[@class='page-block articles-block']\"}\n  (Session info: chrome-headless-shell=120.0.6099.109); For documentation on this error, please visit: https://www.selenium.dev/documentation/webdriver/troubleshooting/errors#no-such-element-exception\nStacktrace:\n#0 0x55a9cd777f83 <unknown>\n#1 0x55a9cd430cf7 <unknown>\n#2 0x55a9cd48099e <unknown>\n#3 0x55a9cd480aa1 <unknown>\n#4 0x55a9cd4cbd64 <unknown>\n#5 0x55a9cd4aa0dd <unknown>\n#6 0x55a9cd4c9006 <unknown>\n#7 0x55a9cd4a9e53 <unknown>\n#8 0x55a9cd471dd4 <unknown>\n#9 0x55a9cd4731de <unknown>\n#10 0x55a9cd73c531 <unknown>\n#11 0x55a9cd740455 <unknown>\n#12 0x55a9cd728f55 <unknown>\n#13 0x55a9cd7410ef <unknown>\n#14 0x55a9cd70c99f <unknown>\n#15 0x55a9cd765008 <unknown>\n#16 0x55a9cd7651d7 <unknown>\n#17 0x55a9cd777124 <unknown>\n#18 0x7f4453e89044 <unknown>","time":{"start":1703725365115,"stop":1703725365127,"duration":12}},{"uid":"f8b0dbeda1c32a2c","reportUrl":"https://zaelcovsky.github.io/StroyremAutomation/183//#testresult/f8b0dbeda1c32a2c","status":"broken","statusDetails":"selenium.common.exceptions.NoSuchElementException: Message: no such element: Unable to locate element: {\"method\":\"xpath\",\"selector\":\"//div[@class='page-block articles-block']\"}\n  (Session info: chrome-headless-shell=120.0.6099.109); For documentation on this error, please visit: https://www.selenium.dev/documentation/webdriver/troubleshooting/errors#no-such-element-exception\nStacktrace:\n#0 0x55b686daef83 <unknown>\n#1 0x55b686a67cf7 <unknown>\n#2 0x55b686ab799e <unknown>\n#3 0x55b686ab7aa1 <unknown>\n#4 0x55b686b02d64 <unknown>\n#5 0x55b686ae10dd <unknown>\n#6 0x55b686b00006 <unknown>\n#7 0x55b686ae0e53 <unknown>\n#8 0x55b686aa8dd4 <unknown>\n#9 0x55b686aaa1de <unknown>\n#10 0x55b686d73531 <unknown>\n#11 0x55b686d77455 <unknown>\n#12 0x55b686d5ff55 <unknown>\n#13 0x55b686d780ef <unknown>\n#14 0x55b686d4399f <unknown>\n#15 0x55b686d9c008 <unknown>\n#16 0x55b686d9c1d7 <unknown>\n#17 0x55b686dae124 <unknown>\n#18 0x7f9268cfb044 <unknown>","time":{"start":1703638991917,"stop":1703638991930,"duration":13}}]},"tags":["smoke_test"]},"source":"c9d7dac8e53e78c8.json","parameterValues":["'https://test2.stroyrem-nn.ru/'"]}