{"uid":"ecaaa0aae1cf38a6","name":"test_positive_delivery_green_zone_smoke[TD 014-products/shtukaturka-gipsovaya-aksolit-m50-30-kg-mashinnogo-naneseniya-666-20000-5400-15600-17490-https://sandboxtest.stroyrem-nn.ru/]","fullName":"tests.delivery.test_delivery_calculation.TestDeliveryPageCalculation#test_positive_delivery_green_zone_smoke","historyId":"8a00d04525a56c855c129c7400b068aa","time":{"start":1698109789143,"stop":1698109794606,"duration":5463},"status":"skipped","statusMessage":"XFAIL Цена стандартной доставки 4450\n\nselenium.common.exceptions.NoSuchElementException: Message: no such element: Unable to locate element: {\"method\":\"xpath\",\"selector\":\"//input[@class='amount']\"}\n  (Session info: headless chrome=118.0.5993.70); For documentation on this error, please visit: https://www.selenium.dev/documentation/webdriver/troubleshooting/errors#no-such-element-exception\nStacktrace:\n#0 0x55c51664bfb3 <unknown>\n#1 0x55c51631f4a7 <unknown>\n#2 0x55c516366dd6 <unknown>\n#3 0x55c516366ec1 <unknown>\n#4 0x55c5163a4354 <unknown>\n#5 0x55c51638896d <unknown>\n#6 0x55c5163a1c02 <unknown>\n#7 0x55c516388713 <unknown>\n#8 0x55c51635b18b <unknown>\n#9 0x55c51635bf7e <unknown>\n#10 0x55c5166118d8 <unknown>\n#11 0x55c516615800 <unknown>\n#12 0x55c51661fcfc <unknown>\n#13 0x55c516616418 <unknown>\n#14 0x55c5165e342f <unknown>\n#15 0x55c51663a4e8 <unknown>\n#16 0x55c51663a6b4 <unknown>\n#17 0x55c51664b143 <unknown>\n#18 0x7f2880dfc044 <unknown>","statusTrace":"self = <tests.delivery.test_delivery_calculation.TestDeliveryPageCalculation object at 0x7f700991d810>\ndriver = <selenium.webdriver.chrome.webdriver.WebDriver (session=\"45d5e0f6954962a8800879b84a1e5d18\")>\nurl = 'https://sandboxtest.stroyrem-nn.ru/', case_id = 'TD 014'\nlink_item = 'products/shtukaturka-gipsovaya-aksolit-m50-30-kg-mashinnogo-naneseniya'\namount = 666, weight = 20000, standard = 5400, in_time = 15600, all_time = 17490\n\n    @pytest.mark.parametrize('case_id, link_item, amount, weight, standard, in_time, all_time', [\n        (\"TD 001\", uroven_3000, 1, 30, 0, 1590, 2190),\n        (\"TD 002\", bundeks_25, 1, 30, 400, 1590, 2190),\n        (\"TD 003\", aksolit_30, 8, 300, 400, 1590, 2190),\n        (\"TD 004\", aksolit_30, 13, 400, 450, 1590, 2190),\n        (\"TD 005\", aksolit_30, 16, 500, 600, 1590, 2190),\n        (\"TD 006\", aksolit_30, 25, 1700, 990, 1990, 2480),\n        (\"TD 007\", aksolit_30, 66, 2000, 1300, 2490, 2980),\n        (\"TD 008\", aksolit_30, 149, 4500, 2300, 3980, 4490),\n        (\"TD 009\", aksolit_30, 166, 5000, 2500, 4990, 5480),\n        pytest.param(\n            \"TD 010\", aksolit_30, 206, 6200, 2900, 5570, 6120,\n            marks=pytest.mark.xfail(reson=\"Цена доставки 3600 7960 8980\")\n        ),\n        (\"TD 011\", aksolit_30, 299, 9000, 3600, 7960, 8980),\n        (\"TD 012\", aksolit_30, 333, 10000, 4450, 11990, 12500),\n        pytest.param(\n            \"TD 013\", aksolit_30, 366, 11000, 4800, 12450, 13480,\n            marks=pytest.mark.xfail(reason=\"Цена стандартной доставки 4450\")\n        ),\n        pytest.param(\n            \"TD 014\", aksolit_30, 666, 20000, 5400, 15600, 17490,\n            marks=pytest.mark.xfail(reason=\"Цена стандартной доставки 4450\")\n        )\n    ])\n    @pytest.mark.smoke\n    def test_positive_delivery_green_zone_smoke(\n            self, driver, url, case_id, link_item, amount, weight, standard, in_time, all_time\n    ):\n    \n        driver.get(f'{url}{link_item}')\n        item_page = ItemPage(driver)\n>       item_page.add_item_to_cart(amount).click_on_cart()\n\ntests/delivery/test_delivery_calculation.py:49: \n_ _ _ _ _ _ _ _ _ _ _ _ _ _ _ _ _ _ _ _ _ _ _ _ _ _ _ _ _ _ _ _ _ _ _ _ _ _ _ _ \npages/item_page.py:41: in add_item_to_cart\n    amount_field = self.find_element(self._item_amount)\nbase/seleniumbase.py:17: in find_element\n    return self.driver.find_element(*locator)\n/usr/local/lib/python3.11/site-packages/selenium/webdriver/remote/webdriver.py:740: in find_element\n    return self.execute(Command.FIND_ELEMENT, {\"using\": by, \"value\": value})[\"value\"]\n/usr/local/lib/python3.11/site-packages/selenium/webdriver/remote/webdriver.py:346: in execute\n    self.error_handler.check_response(response)\n_ _ _ _ _ _ _ _ _ _ _ _ _ _ _ _ _ _ _ _ _ _ _ _ _ _ _ _ _ _ _ _ _ _ _ _ _ _ _ _ \n\nself = <selenium.webdriver.remote.errorhandler.ErrorHandler object at 0x7f70094f5910>\nresponse = {'status': 404, 'value': '{\"value\":{\"error\":\"no such element\",\"message\":\"no such element: Unable to locate element: {\\...\\\\n#16 0x55c51663a6b4 \\\\u003Cunknown>\\\\n#17 0x55c51664b143 \\\\u003Cunknown>\\\\n#18 0x7f2880dfc044 \\\\u003Cunknown>\\\\n\"}}'}\n\n    def check_response(self, response: Dict[str, Any]) -> None:\n        \"\"\"Checks that a JSON response from the WebDriver does not have an\n        error.\n    \n        :Args:\n         - response - The JSON response from the WebDriver server as a dictionary\n           object.\n    \n        :Raises: If the response contains an error message.\n        \"\"\"\n        status = response.get(\"status\", None)\n        if not status or status == ErrorCode.SUCCESS:\n            return\n        value = None\n        message = response.get(\"message\", \"\")\n        screen: str = response.get(\"screen\", \"\")\n        stacktrace = None\n        if isinstance(status, int):\n            value_json = response.get(\"value\", None)\n            if value_json and isinstance(value_json, str):\n                import json\n    \n                try:\n                    value = json.loads(value_json)\n                    if len(value) == 1:\n                        value = value[\"value\"]\n                    status = value.get(\"error\", None)\n                    if not status:\n                        status = value.get(\"status\", ErrorCode.UNKNOWN_ERROR)\n                        message = value.get(\"value\") or value.get(\"message\")\n                        if not isinstance(message, str):\n                            value = message\n                            message = message.get(\"message\")\n                    else:\n                        message = value.get(\"message\", None)\n                except ValueError:\n                    pass\n    \n        exception_class: Type[WebDriverException]\n        if status in ErrorCode.NO_SUCH_ELEMENT:\n            exception_class = NoSuchElementException\n        elif status in ErrorCode.NO_SUCH_FRAME:\n            exception_class = NoSuchFrameException\n        elif status in ErrorCode.NO_SUCH_SHADOW_ROOT:\n            exception_class = NoSuchShadowRootException\n        elif status in ErrorCode.NO_SUCH_WINDOW:\n            exception_class = NoSuchWindowException\n        elif status in ErrorCode.STALE_ELEMENT_REFERENCE:\n            exception_class = StaleElementReferenceException\n        elif status in ErrorCode.ELEMENT_NOT_VISIBLE:\n            exception_class = ElementNotVisibleException\n        elif status in ErrorCode.INVALID_ELEMENT_STATE:\n            exception_class = InvalidElementStateException\n        elif (\n            status in ErrorCode.INVALID_SELECTOR\n            or status in ErrorCode.INVALID_XPATH_SELECTOR\n            or status in ErrorCode.INVALID_XPATH_SELECTOR_RETURN_TYPER\n        ):\n            exception_class = InvalidSelectorException\n        elif status in ErrorCode.ELEMENT_IS_NOT_SELECTABLE:\n            exception_class = ElementNotSelectableException\n        elif status in ErrorCode.ELEMENT_NOT_INTERACTABLE:\n            exception_class = ElementNotInteractableException\n        elif status in ErrorCode.INVALID_COOKIE_DOMAIN:\n            exception_class = InvalidCookieDomainException\n        elif status in ErrorCode.UNABLE_TO_SET_COOKIE:\n            exception_class = UnableToSetCookieException\n        elif status in ErrorCode.TIMEOUT:\n            exception_class = TimeoutException\n        elif status in ErrorCode.SCRIPT_TIMEOUT:\n            exception_class = TimeoutException\n        elif status in ErrorCode.UNKNOWN_ERROR:\n            exception_class = WebDriverException\n        elif status in ErrorCode.UNEXPECTED_ALERT_OPEN:\n            exception_class = UnexpectedAlertPresentException\n        elif status in ErrorCode.NO_ALERT_OPEN:\n            exception_class = NoAlertPresentException\n        elif status in ErrorCode.IME_NOT_AVAILABLE:\n            exception_class = ImeNotAvailableException\n        elif status in ErrorCode.IME_ENGINE_ACTIVATION_FAILED:\n            exception_class = ImeActivationFailedException\n        elif status in ErrorCode.MOVE_TARGET_OUT_OF_BOUNDS:\n            exception_class = MoveTargetOutOfBoundsException\n        elif status in ErrorCode.JAVASCRIPT_ERROR:\n            exception_class = JavascriptException\n        elif status in ErrorCode.SESSION_NOT_CREATED:\n            exception_class = SessionNotCreatedException\n        elif status in ErrorCode.INVALID_ARGUMENT:\n            exception_class = InvalidArgumentException\n        elif status in ErrorCode.NO_SUCH_COOKIE:\n            exception_class = NoSuchCookieException\n        elif status in ErrorCode.UNABLE_TO_CAPTURE_SCREEN:\n            exception_class = ScreenshotException\n        elif status in ErrorCode.ELEMENT_CLICK_INTERCEPTED:\n            exception_class = ElementClickInterceptedException\n        elif status in ErrorCode.INSECURE_CERTIFICATE:\n            exception_class = InsecureCertificateException\n        elif status in ErrorCode.INVALID_COORDINATES:\n            exception_class = InvalidCoordinatesException\n        elif status in ErrorCode.INVALID_SESSION_ID:\n            exception_class = InvalidSessionIdException\n        elif status in ErrorCode.UNKNOWN_METHOD:\n            exception_class = UnknownMethodException\n        else:\n            exception_class = WebDriverException\n        if not value:\n            value = response[\"value\"]\n        if isinstance(value, str):\n            raise exception_class(value)\n        if message == \"\" and \"message\" in value:\n            message = value[\"message\"]\n    \n        screen = None  # type: ignore[assignment]\n        if \"screen\" in value:\n            screen = value[\"screen\"]\n    \n        stacktrace = None\n        st_value = value.get(\"stackTrace\") or value.get(\"stacktrace\")\n        if st_value:\n            if isinstance(st_value, str):\n                stacktrace = st_value.split(\"\\n\")\n            else:\n                stacktrace = []\n                try:\n                    for frame in st_value:\n                        line = frame.get(\"lineNumber\", \"\")\n                        file = frame.get(\"fileName\", \"<anonymous>\")\n                        if line:\n                            file = f\"{file}:{line}\"\n                        meth = frame.get(\"methodName\", \"<anonymous>\")\n                        if \"className\" in frame:\n                            meth = f\"{frame['className']}.{meth}\"\n                        msg = \"    at %s (%s)\"\n                        msg = msg % (meth, file)\n                        stacktrace.append(msg)\n                except TypeError:\n                    pass\n        if exception_class == UnexpectedAlertPresentException:\n            alert_text = None\n            if \"data\" in value:\n                alert_text = value[\"data\"].get(\"text\")\n            elif \"alert\" in value:\n                alert_text = value[\"alert\"].get(\"text\")\n            raise exception_class(message, screen, stacktrace, alert_text)  # type: ignore[call-arg]  # mypy is not smart enough here\n>       raise exception_class(message, screen, stacktrace)\nE       selenium.common.exceptions.NoSuchElementException: Message: no such element: Unable to locate element: {\"method\":\"xpath\",\"selector\":\"//input[@class='amount']\"}\nE         (Session info: headless chrome=118.0.5993.70); For documentation on this error, please visit: https://www.selenium.dev/documentation/webdriver/troubleshooting/errors#no-such-element-exception\nE       Stacktrace:\nE       #0 0x55c51664bfb3 <unknown>\nE       #1 0x55c51631f4a7 <unknown>\nE       #2 0x55c516366dd6 <unknown>\nE       #3 0x55c516366ec1 <unknown>\nE       #4 0x55c5163a4354 <unknown>\nE       #5 0x55c51638896d <unknown>\nE       #6 0x55c5163a1c02 <unknown>\nE       #7 0x55c516388713 <unknown>\nE       #8 0x55c51635b18b <unknown>\nE       #9 0x55c51635bf7e <unknown>\nE       #10 0x55c5166118d8 <unknown>\nE       #11 0x55c516615800 <unknown>\nE       #12 0x55c51661fcfc <unknown>\nE       #13 0x55c516616418 <unknown>\nE       #14 0x55c5165e342f <unknown>\nE       #15 0x55c51663a4e8 <unknown>\nE       #16 0x55c51663a6b4 <unknown>\nE       #17 0x55c51664b143 <unknown>\nE       #18 0x7f2880dfc044 <unknown>\n\n/usr/local/lib/python3.11/site-packages/selenium/webdriver/remote/errorhandler.py:245: NoSuchElementException","flaky":false,"newFailed":false,"newBroken":false,"newPassed":false,"retriesCount":0,"retriesStatusChange":false,"beforeStages":[{"name":"_session_faker","time":{"start":1698109277370,"stop":1698109277467,"duration":97},"status":"passed","steps":[],"attachments":[],"parameters":[],"shouldDisplayMessage":false,"stepsCount":0,"attachmentsCount":0,"hasContent":false},{"name":"clear_allure_results_folder","time":{"start":1698109277467,"stop":1698109277467,"duration":0},"status":"passed","steps":[],"attachments":[],"parameters":[],"shouldDisplayMessage":false,"stepsCount":0,"attachmentsCount":0,"hasContent":false},{"name":"driver","time":{"start":1698109788331,"stop":1698109789141,"duration":810},"status":"passed","steps":[],"attachments":[],"parameters":[],"shouldDisplayMessage":false,"stepsCount":0,"attachmentsCount":0,"hasContent":false},{"name":"setup","time":{"start":1698109789141,"stop":1698109789141,"duration":0},"status":"passed","steps":[],"attachments":[],"parameters":[],"shouldDisplayMessage":false,"stepsCount":0,"attachmentsCount":0,"hasContent":false}],"testStage":{"status":"skipped","statusMessage":"XFAIL Цена стандартной доставки 4450\n\nselenium.common.exceptions.NoSuchElementException: Message: no such element: Unable to locate element: {\"method\":\"xpath\",\"selector\":\"//input[@class='amount']\"}\n  (Session info: headless chrome=118.0.5993.70); For documentation on this error, please visit: https://www.selenium.dev/documentation/webdriver/troubleshooting/errors#no-such-element-exception\nStacktrace:\n#0 0x55c51664bfb3 <unknown>\n#1 0x55c51631f4a7 <unknown>\n#2 0x55c516366dd6 <unknown>\n#3 0x55c516366ec1 <unknown>\n#4 0x55c5163a4354 <unknown>\n#5 0x55c51638896d <unknown>\n#6 0x55c5163a1c02 <unknown>\n#7 0x55c516388713 <unknown>\n#8 0x55c51635b18b <unknown>\n#9 0x55c51635bf7e <unknown>\n#10 0x55c5166118d8 <unknown>\n#11 0x55c516615800 <unknown>\n#12 0x55c51661fcfc <unknown>\n#13 0x55c516616418 <unknown>\n#14 0x55c5165e342f <unknown>\n#15 0x55c51663a4e8 <unknown>\n#16 0x55c51663a6b4 <unknown>\n#17 0x55c51664b143 <unknown>\n#18 0x7f2880dfc044 <unknown>","statusTrace":"self = <tests.delivery.test_delivery_calculation.TestDeliveryPageCalculation object at 0x7f700991d810>\ndriver = <selenium.webdriver.chrome.webdriver.WebDriver (session=\"45d5e0f6954962a8800879b84a1e5d18\")>\nurl = 'https://sandboxtest.stroyrem-nn.ru/', case_id = 'TD 014'\nlink_item = 'products/shtukaturka-gipsovaya-aksolit-m50-30-kg-mashinnogo-naneseniya'\namount = 666, weight = 20000, standard = 5400, in_time = 15600, all_time = 17490\n\n    @pytest.mark.parametrize('case_id, link_item, amount, weight, standard, in_time, all_time', [\n        (\"TD 001\", uroven_3000, 1, 30, 0, 1590, 2190),\n        (\"TD 002\", bundeks_25, 1, 30, 400, 1590, 2190),\n        (\"TD 003\", aksolit_30, 8, 300, 400, 1590, 2190),\n        (\"TD 004\", aksolit_30, 13, 400, 450, 1590, 2190),\n        (\"TD 005\", aksolit_30, 16, 500, 600, 1590, 2190),\n        (\"TD 006\", aksolit_30, 25, 1700, 990, 1990, 2480),\n        (\"TD 007\", aksolit_30, 66, 2000, 1300, 2490, 2980),\n        (\"TD 008\", aksolit_30, 149, 4500, 2300, 3980, 4490),\n        (\"TD 009\", aksolit_30, 166, 5000, 2500, 4990, 5480),\n        pytest.param(\n            \"TD 010\", aksolit_30, 206, 6200, 2900, 5570, 6120,\n            marks=pytest.mark.xfail(reson=\"Цена доставки 3600 7960 8980\")\n        ),\n        (\"TD 011\", aksolit_30, 299, 9000, 3600, 7960, 8980),\n        (\"TD 012\", aksolit_30, 333, 10000, 4450, 11990, 12500),\n        pytest.param(\n            \"TD 013\", aksolit_30, 366, 11000, 4800, 12450, 13480,\n            marks=pytest.mark.xfail(reason=\"Цена стандартной доставки 4450\")\n        ),\n        pytest.param(\n            \"TD 014\", aksolit_30, 666, 20000, 5400, 15600, 17490,\n            marks=pytest.mark.xfail(reason=\"Цена стандартной доставки 4450\")\n        )\n    ])\n    @pytest.mark.smoke\n    def test_positive_delivery_green_zone_smoke(\n            self, driver, url, case_id, link_item, amount, weight, standard, in_time, all_time\n    ):\n    \n        driver.get(f'{url}{link_item}')\n        item_page = ItemPage(driver)\n>       item_page.add_item_to_cart(amount).click_on_cart()\n\ntests/delivery/test_delivery_calculation.py:49: \n_ _ _ _ _ _ _ _ _ _ _ _ _ _ _ _ _ _ _ _ _ _ _ _ _ _ _ _ _ _ _ _ _ _ _ _ _ _ _ _ \npages/item_page.py:41: in add_item_to_cart\n    amount_field = self.find_element(self._item_amount)\nbase/seleniumbase.py:17: in find_element\n    return self.driver.find_element(*locator)\n/usr/local/lib/python3.11/site-packages/selenium/webdriver/remote/webdriver.py:740: in find_element\n    return self.execute(Command.FIND_ELEMENT, {\"using\": by, \"value\": value})[\"value\"]\n/usr/local/lib/python3.11/site-packages/selenium/webdriver/remote/webdriver.py:346: in execute\n    self.error_handler.check_response(response)\n_ _ _ _ _ _ _ _ _ _ _ _ _ _ _ _ _ _ _ _ _ _ _ _ _ _ _ _ _ _ _ _ _ _ _ _ _ _ _ _ \n\nself = <selenium.webdriver.remote.errorhandler.ErrorHandler object at 0x7f70094f5910>\nresponse = {'status': 404, 'value': '{\"value\":{\"error\":\"no such element\",\"message\":\"no such element: Unable to locate element: {\\...\\\\n#16 0x55c51663a6b4 \\\\u003Cunknown>\\\\n#17 0x55c51664b143 \\\\u003Cunknown>\\\\n#18 0x7f2880dfc044 \\\\u003Cunknown>\\\\n\"}}'}\n\n    def check_response(self, response: Dict[str, Any]) -> None:\n        \"\"\"Checks that a JSON response from the WebDriver does not have an\n        error.\n    \n        :Args:\n         - response - The JSON response from the WebDriver server as a dictionary\n           object.\n    \n        :Raises: If the response contains an error message.\n        \"\"\"\n        status = response.get(\"status\", None)\n        if not status or status == ErrorCode.SUCCESS:\n            return\n        value = None\n        message = response.get(\"message\", \"\")\n        screen: str = response.get(\"screen\", \"\")\n        stacktrace = None\n        if isinstance(status, int):\n            value_json = response.get(\"value\", None)\n            if value_json and isinstance(value_json, str):\n                import json\n    \n                try:\n                    value = json.loads(value_json)\n                    if len(value) == 1:\n                        value = value[\"value\"]\n                    status = value.get(\"error\", None)\n                    if not status:\n                        status = value.get(\"status\", ErrorCode.UNKNOWN_ERROR)\n                        message = value.get(\"value\") or value.get(\"message\")\n                        if not isinstance(message, str):\n                            value = message\n                            message = message.get(\"message\")\n                    else:\n                        message = value.get(\"message\", None)\n                except ValueError:\n                    pass\n    \n        exception_class: Type[WebDriverException]\n        if status in ErrorCode.NO_SUCH_ELEMENT:\n            exception_class = NoSuchElementException\n        elif status in ErrorCode.NO_SUCH_FRAME:\n            exception_class = NoSuchFrameException\n        elif status in ErrorCode.NO_SUCH_SHADOW_ROOT:\n            exception_class = NoSuchShadowRootException\n        elif status in ErrorCode.NO_SUCH_WINDOW:\n            exception_class = NoSuchWindowException\n        elif status in ErrorCode.STALE_ELEMENT_REFERENCE:\n            exception_class = StaleElementReferenceException\n        elif status in ErrorCode.ELEMENT_NOT_VISIBLE:\n            exception_class = ElementNotVisibleException\n        elif status in ErrorCode.INVALID_ELEMENT_STATE:\n            exception_class = InvalidElementStateException\n        elif (\n            status in ErrorCode.INVALID_SELECTOR\n            or status in ErrorCode.INVALID_XPATH_SELECTOR\n            or status in ErrorCode.INVALID_XPATH_SELECTOR_RETURN_TYPER\n        ):\n            exception_class = InvalidSelectorException\n        elif status in ErrorCode.ELEMENT_IS_NOT_SELECTABLE:\n            exception_class = ElementNotSelectableException\n        elif status in ErrorCode.ELEMENT_NOT_INTERACTABLE:\n            exception_class = ElementNotInteractableException\n        elif status in ErrorCode.INVALID_COOKIE_DOMAIN:\n            exception_class = InvalidCookieDomainException\n        elif status in ErrorCode.UNABLE_TO_SET_COOKIE:\n            exception_class = UnableToSetCookieException\n        elif status in ErrorCode.TIMEOUT:\n            exception_class = TimeoutException\n        elif status in ErrorCode.SCRIPT_TIMEOUT:\n            exception_class = TimeoutException\n        elif status in ErrorCode.UNKNOWN_ERROR:\n            exception_class = WebDriverException\n        elif status in ErrorCode.UNEXPECTED_ALERT_OPEN:\n            exception_class = UnexpectedAlertPresentException\n        elif status in ErrorCode.NO_ALERT_OPEN:\n            exception_class = NoAlertPresentException\n        elif status in ErrorCode.IME_NOT_AVAILABLE:\n            exception_class = ImeNotAvailableException\n        elif status in ErrorCode.IME_ENGINE_ACTIVATION_FAILED:\n            exception_class = ImeActivationFailedException\n        elif status in ErrorCode.MOVE_TARGET_OUT_OF_BOUNDS:\n            exception_class = MoveTargetOutOfBoundsException\n        elif status in ErrorCode.JAVASCRIPT_ERROR:\n            exception_class = JavascriptException\n        elif status in ErrorCode.SESSION_NOT_CREATED:\n            exception_class = SessionNotCreatedException\n        elif status in ErrorCode.INVALID_ARGUMENT:\n            exception_class = InvalidArgumentException\n        elif status in ErrorCode.NO_SUCH_COOKIE:\n            exception_class = NoSuchCookieException\n        elif status in ErrorCode.UNABLE_TO_CAPTURE_SCREEN:\n            exception_class = ScreenshotException\n        elif status in ErrorCode.ELEMENT_CLICK_INTERCEPTED:\n            exception_class = ElementClickInterceptedException\n        elif status in ErrorCode.INSECURE_CERTIFICATE:\n            exception_class = InsecureCertificateException\n        elif status in ErrorCode.INVALID_COORDINATES:\n            exception_class = InvalidCoordinatesException\n        elif status in ErrorCode.INVALID_SESSION_ID:\n            exception_class = InvalidSessionIdException\n        elif status in ErrorCode.UNKNOWN_METHOD:\n            exception_class = UnknownMethodException\n        else:\n            exception_class = WebDriverException\n        if not value:\n            value = response[\"value\"]\n        if isinstance(value, str):\n            raise exception_class(value)\n        if message == \"\" and \"message\" in value:\n            message = value[\"message\"]\n    \n        screen = None  # type: ignore[assignment]\n        if \"screen\" in value:\n            screen = value[\"screen\"]\n    \n        stacktrace = None\n        st_value = value.get(\"stackTrace\") or value.get(\"stacktrace\")\n        if st_value:\n            if isinstance(st_value, str):\n                stacktrace = st_value.split(\"\\n\")\n            else:\n                stacktrace = []\n                try:\n                    for frame in st_value:\n                        line = frame.get(\"lineNumber\", \"\")\n                        file = frame.get(\"fileName\", \"<anonymous>\")\n                        if line:\n                            file = f\"{file}:{line}\"\n                        meth = frame.get(\"methodName\", \"<anonymous>\")\n                        if \"className\" in frame:\n                            meth = f\"{frame['className']}.{meth}\"\n                        msg = \"    at %s (%s)\"\n                        msg = msg % (meth, file)\n                        stacktrace.append(msg)\n                except TypeError:\n                    pass\n        if exception_class == UnexpectedAlertPresentException:\n            alert_text = None\n            if \"data\" in value:\n                alert_text = value[\"data\"].get(\"text\")\n            elif \"alert\" in value:\n                alert_text = value[\"alert\"].get(\"text\")\n            raise exception_class(message, screen, stacktrace, alert_text)  # type: ignore[call-arg]  # mypy is not smart enough here\n>       raise exception_class(message, screen, stacktrace)\nE       selenium.common.exceptions.NoSuchElementException: Message: no such element: Unable to locate element: {\"method\":\"xpath\",\"selector\":\"//input[@class='amount']\"}\nE         (Session info: headless chrome=118.0.5993.70); For documentation on this error, please visit: https://www.selenium.dev/documentation/webdriver/troubleshooting/errors#no-such-element-exception\nE       Stacktrace:\nE       #0 0x55c51664bfb3 <unknown>\nE       #1 0x55c51631f4a7 <unknown>\nE       #2 0x55c516366dd6 <unknown>\nE       #3 0x55c516366ec1 <unknown>\nE       #4 0x55c5163a4354 <unknown>\nE       #5 0x55c51638896d <unknown>\nE       #6 0x55c5163a1c02 <unknown>\nE       #7 0x55c516388713 <unknown>\nE       #8 0x55c51635b18b <unknown>\nE       #9 0x55c51635bf7e <unknown>\nE       #10 0x55c5166118d8 <unknown>\nE       #11 0x55c516615800 <unknown>\nE       #12 0x55c51661fcfc <unknown>\nE       #13 0x55c516616418 <unknown>\nE       #14 0x55c5165e342f <unknown>\nE       #15 0x55c51663a4e8 <unknown>\nE       #16 0x55c51663a6b4 <unknown>\nE       #17 0x55c51664b143 <unknown>\nE       #18 0x7f2880dfc044 <unknown>\n\n/usr/local/lib/python3.11/site-packages/selenium/webdriver/remote/errorhandler.py:245: NoSuchElementException","steps":[{"name":"Добавляем товар в корзину в количестве 666","time":{"start":1698109794507,"stop":1698109794605,"duration":98},"status":"broken","statusMessage":"selenium.common.exceptions.NoSuchElementException: Message: no such element: Unable to locate element: {\"method\":\"xpath\",\"selector\":\"//input[@class='amount']\"}\n  (Session info: headless chrome=118.0.5993.70); For documentation on this error, please visit: https://www.selenium.dev/documentation/webdriver/troubleshooting/errors#no-such-element-exception\nStacktrace:\n#0 0x55c51664bfb3 <unknown>\n#1 0x55c51631f4a7 <unknown>\n#2 0x55c516366dd6 <unknown>\n#3 0x55c516366ec1 <unknown>\n#4 0x55c5163a4354 <unknown>\n#5 0x55c51638896d <unknown>\n#6 0x55c5163a1c02 <unknown>\n#7 0x55c516388713 <unknown>\n#8 0x55c51635b18b <unknown>\n#9 0x55c51635bf7e <unknown>\n#10 0x55c5166118d8 <unknown>\n#11 0x55c516615800 <unknown>\n#12 0x55c51661fcfc <unknown>\n#13 0x55c516616418 <unknown>\n#14 0x55c5165e342f <unknown>\n#15 0x55c51663a4e8 <unknown>\n#16 0x55c51663a6b4 <unknown>\n#17 0x55c51664b143 <unknown>\n#18 0x7f2880dfc044 <unknown>\n\n","statusTrace":"  File \"/usr/local/lib/python3.11/site-packages/allure_commons/_allure.py\", line 192, in impl\n    return func(*a, **kw)\n           ^^^^^^^^^^^^^^\n  File \"/app/pages/item_page.py\", line 41, in add_item_to_cart\n    amount_field = self.find_element(self._item_amount)\n                   ^^^^^^^^^^^^^^^^^^^^^^^^^^^^^^^^^^^^\n  File \"/app/base/seleniumbase.py\", line 17, in find_element\n    return self.driver.find_element(*locator)\n           ^^^^^^^^^^^^^^^^^^^^^^^^^^^^^^^^^^\n  File \"/usr/local/lib/python3.11/site-packages/selenium/webdriver/remote/webdriver.py\", line 740, in find_element\n    return self.execute(Command.FIND_ELEMENT, {\"using\": by, \"value\": value})[\"value\"]\n           ^^^^^^^^^^^^^^^^^^^^^^^^^^^^^^^^^^^^^^^^^^^^^^^^^^^^^^^^^^^^^^^^^\n  File \"/usr/local/lib/python3.11/site-packages/selenium/webdriver/remote/webdriver.py\", line 346, in execute\n    self.error_handler.check_response(response)\n  File \"/usr/local/lib/python3.11/site-packages/selenium/webdriver/remote/errorhandler.py\", line 245, in check_response\n    raise exception_class(message, screen, stacktrace)\n","steps":[],"attachments":[],"parameters":[{"name":"amount","value":"666"}],"shouldDisplayMessage":true,"stepsCount":0,"attachmentsCount":0,"hasContent":true}],"attachments":[{"uid":"6b50bd99adf470c0","name":"Screenshot","source":"6b50bd99adf470c0.png","type":"image/png","size":115178},{"uid":"8e97a84ff65ad7e0","name":"HTML source","source":"8e97a84ff65ad7e0.html","type":"text/html","size":303988}],"parameters":[],"shouldDisplayMessage":true,"stepsCount":1,"attachmentsCount":2,"hasContent":true},"afterStages":[{"name":"setup::0","time":{"start":1698109794789,"stop":1698109794789,"duration":0},"status":"passed","steps":[],"attachments":[],"parameters":[],"shouldDisplayMessage":false,"stepsCount":0,"attachmentsCount":0,"hasContent":false},{"name":"driver::0","time":{"start":1698109794790,"stop":1698109794852,"duration":62},"status":"passed","steps":[],"attachments":[],"parameters":[],"shouldDisplayMessage":false,"stepsCount":0,"attachmentsCount":0,"hasContent":false}],"labels":[{"name":"epic","value":"Delivery Page - calculation"},{"name":"tag","value":"smoke"},{"name":"tag","value":"@pytest.mark.xfail(reason='Цена стандартной доставки 4450')"},{"name":"parentSuite","value":"tests.delivery"},{"name":"suite","value":"test_delivery_calculation"},{"name":"subSuite","value":"TestDeliveryPageCalculation"},{"name":"host","value":"f66f9dc59c38"},{"name":"thread","value":"1-MainThread"},{"name":"framework","value":"pytest"},{"name":"language","value":"cpython3"},{"name":"package","value":"tests.delivery.test_delivery_calculation"},{"name":"resultFormat","value":"allure2"}],"parameters":[{"name":"all_time","value":"17490"},{"name":"amount","value":"666"},{"name":"case_id","value":"'TD 014'"},{"name":"in_time","value":"15600"},{"name":"link_item","value":"'products/shtukaturka-gipsovaya-aksolit-m50-30-kg-mashinnogo-naneseniya'"},{"name":"standard","value":"5400"},{"name":"url","value":"'https://sandboxtest.stroyrem-nn.ru/'"},{"name":"weight","value":"20000"}],"links":[],"hidden":false,"retry":false,"extra":{"severity":"normal","retries":[],"categories":[],"history":{"statistic":{"failed":0,"broken":0,"skipped":55,"passed":0,"unknown":0,"total":55},"items":[{"uid":"5e893450ed636efb","reportUrl":"https://zaelcovsky.github.io/StroyremAutomation/118//#testresult/5e893450ed636efb","status":"skipped","statusDetails":"XFAIL Цена стандартной доставки 4450\n\nselenium.common.exceptions.NoSuchElementException: Message: no such element: Unable to locate element: {\"method\":\"xpath\",\"selector\":\"//input[@class='amount']\"}\n  (Session info: headless chrome=118.0.5993.70); For documentation on this error, please visit: https://www.selenium.dev/documentation/webdriver/troubleshooting/errors#no-such-element-exception\nStacktrace:\n#0 0x560f1a5b7fb3 <unknown>\n#1 0x560f1a28b4a7 <unknown>\n#2 0x560f1a2d2dd6 <unknown>\n#3 0x560f1a2d2ec1 <unknown>\n#4 0x560f1a310354 <unknown>\n#5 0x560f1a2f496d <unknown>\n#6 0x560f1a30dc02 <unknown>\n#7 0x560f1a2f4713 <unknown>\n#8 0x560f1a2c718b <unknown>\n#9 0x560f1a2c7f7e <unknown>\n#10 0x560f1a57d8d8 <unknown>\n#11 0x560f1a581800 <unknown>\n#12 0x560f1a58bcfc <unknown>\n#13 0x560f1a582418 <unknown>\n#14 0x560f1a54f42f <unknown>\n#15 0x560f1a5a64e8 <unknown>\n#16 0x560f1a5a66b4 <unknown>\n#17 0x560f1a5b7143 <unknown>\n#18 0x7fef0346f044 <unknown>","time":{"start":1698023368539,"stop":1698023372744,"duration":4205}},{"uid":"cf449401caf428b1","reportUrl":"https://zaelcovsky.github.io/StroyremAutomation/117//#testresult/cf449401caf428b1","status":"skipped","statusDetails":"XFAIL Цена стандартной доставки 4450\n\nselenium.common.exceptions.NoSuchElementException: Message: no such element: Unable to locate element: {\"method\":\"xpath\",\"selector\":\"//input[@class='amount']\"}\n  (Session info: headless chrome=118.0.5993.70); For documentation on this error, please visit: https://www.selenium.dev/documentation/webdriver/troubleshooting/errors#no-such-element-exception\nStacktrace:\n#0 0x55754cf1ffb3 <unknown>\n#1 0x55754cbf34a7 <unknown>\n#2 0x55754cc3add6 <unknown>\n#3 0x55754cc3aec1 <unknown>\n#4 0x55754cc78354 <unknown>\n#5 0x55754cc5c96d <unknown>\n#6 0x55754cc75c02 <unknown>\n#7 0x55754cc5c713 <unknown>\n#8 0x55754cc2f18b <unknown>\n#9 0x55754cc2ff7e <unknown>\n#10 0x55754cee58d8 <unknown>\n#11 0x55754cee9800 <unknown>\n#12 0x55754cef3cfc <unknown>\n#13 0x55754ceea418 <unknown>\n#14 0x55754ceb742f <unknown>\n#15 0x55754cf0e4e8 <unknown>\n#16 0x55754cf0e6b4 <unknown>\n#17 0x55754cf1f143 <unknown>\n#18 0x7f7c44d27044 <unknown>","time":{"start":1697937165511,"stop":1697937169489,"duration":3978}},{"uid":"8f8586fea852c8c7","reportUrl":"https://zaelcovsky.github.io/StroyremAutomation/116//#testresult/8f8586fea852c8c7","status":"skipped","statusDetails":"XFAIL Цена стандартной доставки 4450\n\nselenium.common.exceptions.NoSuchElementException: Message: no such element: Unable to locate element: {\"method\":\"xpath\",\"selector\":\"//input[@class='amount']\"}\n  (Session info: headless chrome=118.0.5993.70); For documentation on this error, please visit: https://www.selenium.dev/documentation/webdriver/troubleshooting/errors#no-such-element-exception\nStacktrace:\n#0 0x55d10c925fb3 <unknown>\n#1 0x55d10c5f94a7 <unknown>\n#2 0x55d10c640dd6 <unknown>\n#3 0x55d10c640ec1 <unknown>\n#4 0x55d10c67e354 <unknown>\n#5 0x55d10c66296d <unknown>\n#6 0x55d10c67bc02 <unknown>\n#7 0x55d10c662713 <unknown>\n#8 0x55d10c63518b <unknown>\n#9 0x55d10c635f7e <unknown>\n#10 0x55d10c8eb8d8 <unknown>\n#11 0x55d10c8ef800 <unknown>\n#12 0x55d10c8f9cfc <unknown>\n#13 0x55d10c8f0418 <unknown>\n#14 0x55d10c8bd42f <unknown>\n#15 0x55d10c9144e8 <unknown>\n#16 0x55d10c9146b4 <unknown>\n#17 0x55d10c925143 <unknown>\n#18 0x7f0a8a927044 <unknown>","time":{"start":1697850472590,"stop":1697850477296,"duration":4706}},{"uid":"5204daf7140952ef","reportUrl":"https://zaelcovsky.github.io/StroyremAutomation/115//#testresult/5204daf7140952ef","status":"skipped","statusDetails":"XFAIL Цена стандартной доставки 4450\n\nselenium.common.exceptions.NoSuchElementException: Message: no such element: Unable to locate element: {\"method\":\"xpath\",\"selector\":\"//input[@class='amount']\"}\n  (Session info: headless chrome=118.0.5993.70); For documentation on this error, please visit: https://www.selenium.dev/documentation/webdriver/troubleshooting/errors#no-such-element-exception\nStacktrace:\n#0 0x55cc4cfe2fb3 <unknown>\n#1 0x55cc4ccb64a7 <unknown>\n#2 0x55cc4ccfddd6 <unknown>\n#3 0x55cc4ccfdec1 <unknown>\n#4 0x55cc4cd3b354 <unknown>\n#5 0x55cc4cd1f96d <unknown>\n#6 0x55cc4cd38c02 <unknown>\n#7 0x55cc4cd1f713 <unknown>\n#8 0x55cc4ccf218b <unknown>\n#9 0x55cc4ccf2f7e <unknown>\n#10 0x55cc4cfa88d8 <unknown>\n#11 0x55cc4cfac800 <unknown>\n#12 0x55cc4cfb6cfc <unknown>\n#13 0x55cc4cfad418 <unknown>\n#14 0x55cc4cf7a42f <unknown>\n#15 0x55cc4cfd14e8 <unknown>\n#16 0x55cc4cfd16b4 <unknown>\n#17 0x55cc4cfe2143 <unknown>\n#18 0x7fbb92ca0044 <unknown>","time":{"start":1697764212215,"stop":1697764217620,"duration":5405}},{"uid":"2e409ad074e046c6","reportUrl":"https://zaelcovsky.github.io/StroyremAutomation/114//#testresult/2e409ad074e046c6","status":"skipped","statusDetails":"XFAIL Цена стандартной доставки 4450\n\nselenium.common.exceptions.NoSuchElementException: Message: no such element: Unable to locate element: {\"method\":\"xpath\",\"selector\":\"//input[@class='amount']\"}\n  (Session info: headless chrome=118.0.5993.70); For documentation on this error, please visit: https://www.selenium.dev/documentation/webdriver/troubleshooting/errors#no-such-element-exception\nStacktrace:\n#0 0x55f4c9881fb3 <unknown>\n#1 0x55f4c95554a7 <unknown>\n#2 0x55f4c959cdd6 <unknown>\n#3 0x55f4c959cec1 <unknown>\n#4 0x55f4c95da354 <unknown>\n#5 0x55f4c95be96d <unknown>\n#6 0x55f4c95d7c02 <unknown>\n#7 0x55f4c95be713 <unknown>\n#8 0x55f4c959118b <unknown>\n#9 0x55f4c9591f7e <unknown>\n#10 0x55f4c98478d8 <unknown>\n#11 0x55f4c984b800 <unknown>\n#12 0x55f4c9855cfc <unknown>\n#13 0x55f4c984c418 <unknown>\n#14 0x55f4c981942f <unknown>\n#15 0x55f4c98704e8 <unknown>\n#16 0x55f4c98706b4 <unknown>\n#17 0x55f4c9881143 <unknown>\n#18 0x7f7973578044 <unknown>","time":{"start":1697677815365,"stop":1697677820991,"duration":5626}},{"uid":"774dec35b8923a51","reportUrl":"https://zaelcovsky.github.io/StroyremAutomation/113//#testresult/774dec35b8923a51","status":"skipped","statusDetails":"XFAIL Цена стандартной доставки 4450\n\nselenium.common.exceptions.NoSuchElementException: Message: no such element: Unable to locate element: {\"method\":\"xpath\",\"selector\":\"//input[@class='amount']\"}\n  (Session info: headless chrome=118.0.5993.70); For documentation on this error, please visit: https://www.selenium.dev/documentation/webdriver/troubleshooting/errors#no-such-element-exception\nStacktrace:\n#0 0x55aca8eabfb3 <unknown>\n#1 0x55aca8b7f4a7 <unknown>\n#2 0x55aca8bc6dd6 <unknown>\n#3 0x55aca8bc6ec1 <unknown>\n#4 0x55aca8c04354 <unknown>\n#5 0x55aca8be896d <unknown>\n#6 0x55aca8c01c02 <unknown>\n#7 0x55aca8be8713 <unknown>\n#8 0x55aca8bbb18b <unknown>\n#9 0x55aca8bbbf7e <unknown>\n#10 0x55aca8e718d8 <unknown>\n#11 0x55aca8e75800 <unknown>\n#12 0x55aca8e7fcfc <unknown>\n#13 0x55aca8e76418 <unknown>\n#14 0x55aca8e4342f <unknown>\n#15 0x55aca8e9a4e8 <unknown>\n#16 0x55aca8e9a6b4 <unknown>\n#17 0x55aca8eab143 <unknown>\n#18 0x7fbadd2ff044 <unknown>","time":{"start":1697591484225,"stop":1697591490763,"duration":6538}},{"uid":"3b2864365d99dc2f","reportUrl":"https://zaelcovsky.github.io/StroyremAutomation/112//#testresult/3b2864365d99dc2f","status":"skipped","statusDetails":"XFAIL Цена стандартной доставки 4450\n\nselenium.common.exceptions.NoSuchElementException: Message: no such element: Unable to locate element: {\"method\":\"xpath\",\"selector\":\"//input[@class='amount']\"}\n  (Session info: headless chrome=118.0.5993.70); For documentation on this error, please visit: https://www.selenium.dev/documentation/webdriver/troubleshooting/errors#no-such-element-exception\nStacktrace:\n#0 0x5649795e1fb3 <unknown>\n#1 0x5649792b54a7 <unknown>\n#2 0x5649792fcdd6 <unknown>\n#3 0x5649792fcec1 <unknown>\n#4 0x56497933a354 <unknown>\n#5 0x56497931e96d <unknown>\n#6 0x564979337c02 <unknown>\n#7 0x56497931e713 <unknown>\n#8 0x5649792f118b <unknown>\n#9 0x5649792f1f7e <unknown>\n#10 0x5649795a78d8 <unknown>\n#11 0x5649795ab800 <unknown>\n#12 0x5649795b5cfc <unknown>\n#13 0x5649795ac418 <unknown>\n#14 0x56497957942f <unknown>\n#15 0x5649795d04e8 <unknown>\n#16 0x5649795d06b4 <unknown>\n#17 0x5649795e1143 <unknown>\n#18 0x7f58eb8f6044 <unknown>","time":{"start":1697505113671,"stop":1697505119977,"duration":6306}},{"uid":"2545661ba6874a4","reportUrl":"https://zaelcovsky.github.io/StroyremAutomation/111//#testresult/2545661ba6874a4","status":"skipped","statusDetails":"XFAIL Цена стандартной доставки 4450\n\nselenium.common.exceptions.NoSuchElementException: Message: no such element: Unable to locate element: {\"method\":\"xpath\",\"selector\":\"//input[@class='amount']\"}\n  (Session info: headless chrome=118.0.5993.70); For documentation on this error, please visit: https://www.selenium.dev/documentation/webdriver/troubleshooting/errors#no-such-element-exception\nStacktrace:\n#0 0x55c9f411dfb3 <unknown>\n#1 0x55c9f3df14a7 <unknown>\n#2 0x55c9f3e38dd6 <unknown>\n#3 0x55c9f3e38ec1 <unknown>\n#4 0x55c9f3e76354 <unknown>\n#5 0x55c9f3e5a96d <unknown>\n#6 0x55c9f3e73c02 <unknown>\n#7 0x55c9f3e5a713 <unknown>\n#8 0x55c9f3e2d18b <unknown>\n#9 0x55c9f3e2df7e <unknown>\n#10 0x55c9f40e38d8 <unknown>\n#11 0x55c9f40e7800 <unknown>\n#12 0x55c9f40f1cfc <unknown>\n#13 0x55c9f40e8418 <unknown>\n#14 0x55c9f40b542f <unknown>\n#15 0x55c9f410c4e8 <unknown>\n#16 0x55c9f410c6b4 <unknown>\n#17 0x55c9f411d143 <unknown>\n#18 0x7f26d302f044 <unknown>","time":{"start":1697418652338,"stop":1697418663244,"duration":10906}},{"uid":"9f28a6f79326d093","reportUrl":"https://zaelcovsky.github.io/StroyremAutomation/110//#testresult/9f28a6f79326d093","status":"skipped","statusDetails":"XFAIL Цена стандартной доставки 4450\n\nselenium.common.exceptions.NoSuchElementException: Message: no such element: Unable to locate element: {\"method\":\"xpath\",\"selector\":\"(//a[@class='add-to-cart yellow-btn'])[1]\"}\n  (Session info: headless chrome=118.0.5993.70); For documentation on this error, please visit: https://www.selenium.dev/documentation/webdriver/troubleshooting/errors#no-such-element-exception\nStacktrace:\n#0 0x562d450f7fb3 <unknown>\n#1 0x562d44dcb4a7 <unknown>\n#2 0x562d44e12dd6 <unknown>\n#3 0x562d44e12ec1 <unknown>\n#4 0x562d44e50354 <unknown>\n#5 0x562d44e3496d <unknown>\n#6 0x562d44e4dc02 <unknown>\n#7 0x562d44e34713 <unknown>\n#8 0x562d44e0718b <unknown>\n#9 0x562d44e07f7e <unknown>\n#10 0x562d450bd8d8 <unknown>\n#11 0x562d450c1800 <unknown>\n#12 0x562d450cbcfc <unknown>\n#13 0x562d450c2418 <unknown>\n#14 0x562d4508f42f <unknown>\n#15 0x562d450e64e8 <unknown>\n#16 0x562d450e66b4 <unknown>\n#17 0x562d450f7143 <unknown>\n#18 0x7fbc5af42044 <unknown>","time":{"start":1697332388534,"stop":1697332389112,"duration":578}},{"uid":"667fee687e00ba87","reportUrl":"https://zaelcovsky.github.io/StroyremAutomation/109//#testresult/667fee687e00ba87","status":"skipped","statusDetails":"XFAIL Цена стандартной доставки 4450\n\nselenium.common.exceptions.NoSuchElementException: Message: no such element: Unable to locate element: {\"method\":\"xpath\",\"selector\":\"//input[@class='amount']\"}\n  (Session info: headless chrome=118.0.5993.70); For documentation on this error, please visit: https://www.selenium.dev/documentation/webdriver/troubleshooting/errors#no-such-element-exception\nStacktrace:\n#0 0x5583aa316fb3 <unknown>\n#1 0x5583a9fea4a7 <unknown>\n#2 0x5583aa031dd6 <unknown>\n#3 0x5583aa031ec1 <unknown>\n#4 0x5583aa06f354 <unknown>\n#5 0x5583aa05396d <unknown>\n#6 0x5583aa06cc02 <unknown>\n#7 0x5583aa053713 <unknown>\n#8 0x5583aa02618b <unknown>\n#9 0x5583aa026f7e <unknown>\n#10 0x5583aa2dc8d8 <unknown>\n#11 0x5583aa2e0800 <unknown>\n#12 0x5583aa2eacfc <unknown>\n#13 0x5583aa2e1418 <unknown>\n#14 0x5583aa2ae42f <unknown>\n#15 0x5583aa3054e8 <unknown>\n#16 0x5583aa3056b4 <unknown>\n#17 0x5583aa316143 <unknown>\n#18 0x7f179ff87044 <unknown>","time":{"start":1697245925458,"stop":1697245948058,"duration":22600}},{"uid":"66d1ddbe94edf92d","reportUrl":"https://zaelcovsky.github.io/StroyremAutomation/108//#testresult/66d1ddbe94edf92d","status":"skipped","statusDetails":"XFAIL Цена стандартной доставки 4450\n\nselenium.common.exceptions.NoSuchElementException: Message: no such element: Unable to locate element: {\"method\":\"xpath\",\"selector\":\"(//a[@class='add-to-cart yellow-btn'])[1]\"}\n  (Session info: headless chrome=118.0.5993.70); For documentation on this error, please visit: https://www.selenium.dev/documentation/webdriver/troubleshooting/errors#no-such-element-exception\nStacktrace:\n#0 0x55e2ca529fb3 <unknown>\n#1 0x55e2ca1fd4a7 <unknown>\n#2 0x55e2ca244dd6 <unknown>\n#3 0x55e2ca244ec1 <unknown>\n#4 0x55e2ca282354 <unknown>\n#5 0x55e2ca26696d <unknown>\n#6 0x55e2ca27fc02 <unknown>\n#7 0x55e2ca266713 <unknown>\n#8 0x55e2ca23918b <unknown>\n#9 0x55e2ca239f7e <unknown>\n#10 0x55e2ca4ef8d8 <unknown>\n#11 0x55e2ca4f3800 <unknown>\n#12 0x55e2ca4fdcfc <unknown>\n#13 0x55e2ca4f4418 <unknown>\n#14 0x55e2ca4c142f <unknown>\n#15 0x55e2ca5184e8 <unknown>\n#16 0x55e2ca5186b4 <unknown>\n#17 0x55e2ca529143 <unknown>\n#18 0x7ff28d66a044 <unknown>","time":{"start":1697159497941,"stop":1697159503098,"duration":5157}},{"uid":"7e0fd662478d1b8a","reportUrl":"https://zaelcovsky.github.io/StroyremAutomation/107//#testresult/7e0fd662478d1b8a","status":"skipped","statusDetails":"XFAIL Цена стандартной доставки 4450\n\nselenium.common.exceptions.NoSuchElementException: Message: no such element: Unable to locate element: {\"method\":\"xpath\",\"selector\":\"(//a[@class='add-to-cart yellow-btn'])[1]\"}\n  (Session info: headless chrome=118.0.5993.70); For documentation on this error, please visit: https://www.selenium.dev/documentation/webdriver/troubleshooting/errors#no-such-element-exception\nStacktrace:\n#0 0x55c966289fb3 <unknown>\n#1 0x55c965f5d4a7 <unknown>\n#2 0x55c965fa4dd6 <unknown>\n#3 0x55c965fa4ec1 <unknown>\n#4 0x55c965fe2354 <unknown>\n#5 0x55c965fc696d <unknown>\n#6 0x55c965fdfc02 <unknown>\n#7 0x55c965fc6713 <unknown>\n#8 0x55c965f9918b <unknown>\n#9 0x55c965f99f7e <unknown>\n#10 0x55c96624f8d8 <unknown>\n#11 0x55c966253800 <unknown>\n#12 0x55c96625dcfc <unknown>\n#13 0x55c966254418 <unknown>\n#14 0x55c96622142f <unknown>\n#15 0x55c9662784e8 <unknown>\n#16 0x55c9662786b4 <unknown>\n#17 0x55c966289143 <unknown>\n#18 0x7fb7a1664044 <unknown>","time":{"start":1697072901694,"stop":1697072904923,"duration":3229}},{"uid":"475723c57df9b5e9","reportUrl":"https://zaelcovsky.github.io/StroyremAutomation/106//#testresult/475723c57df9b5e9","status":"skipped","statusDetails":"XFAIL Цена стандартной доставки 4450\n\nselenium.common.exceptions.NoSuchElementException: Message: no such element: Unable to locate element: {\"method\":\"xpath\",\"selector\":\"(//a[@class='add-to-cart yellow-btn'])[1]\"}\n  (Session info: headless chrome=118.0.5993.70); For documentation on this error, please visit: https://www.selenium.dev/documentation/webdriver/troubleshooting/errors#no-such-element-exception\nStacktrace:\n#0 0x5630d60e3fb3 <unknown>\n#1 0x5630d5db74a7 <unknown>\n#2 0x5630d5dfedd6 <unknown>\n#3 0x5630d5dfeec1 <unknown>\n#4 0x5630d5e3c354 <unknown>\n#5 0x5630d5e2096d <unknown>\n#6 0x5630d5e39c02 <unknown>\n#7 0x5630d5e20713 <unknown>\n#8 0x5630d5df318b <unknown>\n#9 0x5630d5df3f7e <unknown>\n#10 0x5630d60a98d8 <unknown>\n#11 0x5630d60ad800 <unknown>\n#12 0x5630d60b7cfc <unknown>\n#13 0x5630d60ae418 <unknown>\n#14 0x5630d607b42f <unknown>\n#15 0x5630d60d24e8 <unknown>\n#16 0x5630d60d26b4 <unknown>\n#17 0x5630d60e3143 <unknown>\n#18 0x7f221be67044 <unknown>","time":{"start":1696986534524,"stop":1696986537697,"duration":3173}},{"uid":"e9d9c7e5de835719","reportUrl":"https://zaelcovsky.github.io/StroyremAutomation/105//#testresult/e9d9c7e5de835719","status":"skipped","statusDetails":"XFAIL Цена стандартной доставки 4450\n\nselenium.common.exceptions.NoSuchElementException: Message: no such element: Unable to locate element: {\"method\":\"xpath\",\"selector\":\"(//a[@class='add-to-cart yellow-btn'])[1]\"}\n  (Session info: headless chrome=117.0.5938.149); For documentation on this error, please visit: https://www.selenium.dev/documentation/webdriver/troubleshooting/errors#no-such-element-exception\nStacktrace:\n#0 0x55bb82f68933 <unknown>\n#1 0x55bb82c426f7 <unknown>\n#2 0x55bb82c89aa6 <unknown>\n#3 0x55bb82c89b91 <unknown>\n#4 0x55bb82cc6fc4 <unknown>\n#5 0x55bb82cab62d <unknown>\n#6 0x55bb82cc4857 <unknown>\n#7 0x55bb82cab3d3 <unknown>\n#8 0x55bb82c7de64 <unknown>\n#9 0x55bb82c7ec4e <unknown>\n#10 0x55bb82f2e558 <unknown>\n#11 0x55bb82f324a0 <unknown>\n#12 0x55bb82f3c97c <unknown>\n#13 0x55bb82f330b8 <unknown>\n#14 0x55bb82efecdf <unknown>\n#15 0x55bb82f57048 <unknown>\n#16 0x55bb82f57219 <unknown>\n#17 0x55bb82f67ac3 <unknown>\n#18 0x7f6f3f8b1044 <unknown>","time":{"start":1696900058156,"stop":1696900058563,"duration":407}},{"uid":"5b43a0500d9b5871","reportUrl":"https://zaelcovsky.github.io/StroyremAutomation/104//#testresult/5b43a0500d9b5871","status":"skipped","statusDetails":"XFAIL Цена стандартной доставки 4450\n\nselenium.common.exceptions.NoSuchElementException: Message: no such element: Unable to locate element: {\"method\":\"xpath\",\"selector\":\"(//a[@class='add-to-cart yellow-btn'])[1]\"}\n  (Session info: headless chrome=117.0.5938.149); For documentation on this error, please visit: https://www.selenium.dev/documentation/webdriver/troubleshooting/errors#no-such-element-exception\nStacktrace:\n#0 0x556431949933 <unknown>\n#1 0x5564316236f7 <unknown>\n#2 0x55643166aaa6 <unknown>\n#3 0x55643166ab91 <unknown>\n#4 0x5564316a7fc4 <unknown>\n#5 0x55643168c62d <unknown>\n#6 0x5564316a5857 <unknown>\n#7 0x55643168c3d3 <unknown>\n#8 0x55643165ee64 <unknown>\n#9 0x55643165fc4e <unknown>\n#10 0x55643190f558 <unknown>\n#11 0x5564319134a0 <unknown>\n#12 0x55643191d97c <unknown>\n#13 0x5564319140b8 <unknown>\n#14 0x5564318dfcdf <unknown>\n#15 0x556431938048 <unknown>\n#16 0x556431938219 <unknown>\n#17 0x556431948ac3 <unknown>\n#18 0x7fa004a62044 <unknown>","time":{"start":1696813761148,"stop":1696813761707,"duration":559}},{"uid":"ab2ba89b114de3fd","reportUrl":"https://zaelcovsky.github.io/StroyremAutomation/103//#testresult/ab2ba89b114de3fd","status":"skipped","statusDetails":"XFAIL Цена стандартной доставки 4450\n\nselenium.common.exceptions.NoSuchElementException: Message: no such element: Unable to locate element: {\"method\":\"xpath\",\"selector\":\"(//a[@class='add-to-cart yellow-btn'])[1]\"}\n  (Session info: headless chrome=117.0.5938.149); For documentation on this error, please visit: https://www.selenium.dev/documentation/webdriver/troubleshooting/errors#no-such-element-exception\nStacktrace:\n#0 0x5614e15a2933 <unknown>\n#1 0x5614e127c6f7 <unknown>\n#2 0x5614e12c3aa6 <unknown>\n#3 0x5614e12c3b91 <unknown>\n#4 0x5614e1300fc4 <unknown>\n#5 0x5614e12e562d <unknown>\n#6 0x5614e12fe857 <unknown>\n#7 0x5614e12e53d3 <unknown>\n#8 0x5614e12b7e64 <unknown>\n#9 0x5614e12b8c4e <unknown>\n#10 0x5614e1568558 <unknown>\n#11 0x5614e156c4a0 <unknown>\n#12 0x5614e157697c <unknown>\n#13 0x5614e156d0b8 <unknown>\n#14 0x5614e1538cdf <unknown>\n#15 0x5614e1591048 <unknown>\n#16 0x5614e1591219 <unknown>\n#17 0x5614e15a1ac3 <unknown>\n#18 0x7fa45d264044 <unknown>","time":{"start":1696727625070,"stop":1696727625681,"duration":611}},{"uid":"4a798c2b109c624e","reportUrl":"https://zaelcovsky.github.io/StroyremAutomation/102//#testresult/4a798c2b109c624e","status":"skipped","statusDetails":"XFAIL Цена стандартной доставки 4450\n\nselenium.common.exceptions.NoSuchElementException: Message: no such element: Unable to locate element: {\"method\":\"xpath\",\"selector\":\"(//a[@class='add-to-cart yellow-btn'])[1]\"}\n  (Session info: headless chrome=117.0.5938.149); For documentation on this error, please visit: https://www.selenium.dev/documentation/webdriver/troubleshooting/errors#no-such-element-exception\nStacktrace:\n#0 0x56519c7af933 <unknown>\n#1 0x56519c4896f7 <unknown>\n#2 0x56519c4d0aa6 <unknown>\n#3 0x56519c4d0b91 <unknown>\n#4 0x56519c50dfc4 <unknown>\n#5 0x56519c4f262d <unknown>\n#6 0x56519c50b857 <unknown>\n#7 0x56519c4f23d3 <unknown>\n#8 0x56519c4c4e64 <unknown>\n#9 0x56519c4c5c4e <unknown>\n#10 0x56519c775558 <unknown>\n#11 0x56519c7794a0 <unknown>\n#12 0x56519c78397c <unknown>\n#13 0x56519c77a0b8 <unknown>\n#14 0x56519c745cdf <unknown>\n#15 0x56519c79e048 <unknown>\n#16 0x56519c79e219 <unknown>\n#17 0x56519c7aeac3 <unknown>\n#18 0x7f83b98da044 <unknown>","time":{"start":1696640917220,"stop":1696640917787,"duration":567}},{"uid":"57fa84e65b4f949c","reportUrl":"https://zaelcovsky.github.io/StroyremAutomation/101//#testresult/57fa84e65b4f949c","status":"skipped","statusDetails":"XFAIL Цена стандартной доставки 4450\n\nselenium.common.exceptions.NoSuchElementException: Message: no such element: Unable to locate element: {\"method\":\"xpath\",\"selector\":\"(//a[@class='add-to-cart yellow-btn'])[1]\"}\n  (Session info: headless chrome=117.0.5938.149); For documentation on this error, please visit: https://www.selenium.dev/documentation/webdriver/troubleshooting/errors#no-such-element-exception\nStacktrace:\n#0 0x556436dfa933 <unknown>\n#1 0x556436ad46f7 <unknown>\n#2 0x556436b1baa6 <unknown>\n#3 0x556436b1bb91 <unknown>\n#4 0x556436b58fc4 <unknown>\n#5 0x556436b3d62d <unknown>\n#6 0x556436b56857 <unknown>\n#7 0x556436b3d3d3 <unknown>\n#8 0x556436b0fe64 <unknown>\n#9 0x556436b10c4e <unknown>\n#10 0x556436dc0558 <unknown>\n#11 0x556436dc44a0 <unknown>\n#12 0x556436dce97c <unknown>\n#13 0x556436dc50b8 <unknown>\n#14 0x556436d90cdf <unknown>\n#15 0x556436de9048 <unknown>\n#16 0x556436de9219 <unknown>\n#17 0x556436df9ac3 <unknown>\n#18 0x7f61ae899044 <unknown>","time":{"start":1696554523137,"stop":1696554523762,"duration":625}},{"uid":"de2164f6a49b5624","reportUrl":"https://zaelcovsky.github.io/StroyremAutomation/100//#testresult/de2164f6a49b5624","status":"skipped","statusDetails":"XFAIL Цена стандартной доставки 4450\n\nselenium.common.exceptions.NoSuchElementException: Message: no such element: Unable to locate element: {\"method\":\"xpath\",\"selector\":\"(//a[@class='add-to-cart yellow-btn'])[1]\"}\n  (Session info: headless chrome=117.0.5938.149); For documentation on this error, please visit: https://www.selenium.dev/documentation/webdriver/troubleshooting/errors#no-such-element-exception\nStacktrace:\n#0 0x55912784d933 <unknown>\n#1 0x5591275276f7 <unknown>\n#2 0x55912756eaa6 <unknown>\n#3 0x55912756eb91 <unknown>\n#4 0x5591275abfc4 <unknown>\n#5 0x55912759062d <unknown>\n#6 0x5591275a9857 <unknown>\n#7 0x5591275903d3 <unknown>\n#8 0x559127562e64 <unknown>\n#9 0x559127563c4e <unknown>\n#10 0x559127813558 <unknown>\n#11 0x5591278174a0 <unknown>\n#12 0x55912782197c <unknown>\n#13 0x5591278180b8 <unknown>\n#14 0x5591277e3cdf <unknown>\n#15 0x55912783c048 <unknown>\n#16 0x55912783c219 <unknown>\n#17 0x55912784cac3 <unknown>\n#18 0x7f6cab6a8044 <unknown>","time":{"start":1696468352387,"stop":1696468353092,"duration":705}},{"uid":"c61b26a208386451","reportUrl":"https://zaelcovsky.github.io/StroyremAutomation/99//#testresult/c61b26a208386451","status":"skipped","statusDetails":"XFAIL Цена стандартной доставки 4450\n\nselenium.common.exceptions.NoSuchElementException: Message: no such element: Unable to locate element: {\"method\":\"xpath\",\"selector\":\"(//a[@class='add-to-cart yellow-btn'])[1]\"}\n  (Session info: headless chrome=117.0.5938.92); For documentation on this error, please visit: https://www.selenium.dev/documentation/webdriver/troubleshooting/errors#no-such-element-exception\nStacktrace:\n#0 0x55e97380a6b3 <unknown>\n#1 0x55e9734e01e7 <unknown>\n#2 0x55e973527566 <unknown>\n#3 0x55e973527651 <unknown>\n#4 0x55e973564a74 <unknown>\n#5 0x55e9735490ed <unknown>\n#6 0x55e973562322 <unknown>\n#7 0x55e973548e93 <unknown>\n#8 0x55e97351b934 <unknown>\n#9 0x55e97351c71e <unknown>\n#10 0x55e9737cfcb8 <unknown>\n#11 0x55e9737d3bf0 <unknown>\n#12 0x55e9737de19c <unknown>\n#13 0x55e9737d4808 <unknown>\n#14 0x55e9737a127f <unknown>\n#15 0x55e9737f8e88 <unknown>\n#16 0x55e9737f9059 <unknown>\n#17 0x55e973809843 <unknown>\n#18 0x7fb391022044 <unknown>","time":{"start":1696381810592,"stop":1696381811258,"duration":666}}]},"tags":["smoke","@pytest.mark.xfail(reason='Цена стандартной доставки 4450')"]},"source":"ecaaa0aae1cf38a6.json","parameterValues":["17490","666","'TD 014'","15600","'products/shtukaturka-gipsovaya-aksolit-m50-30-kg-mashinnogo-naneseniya'","5400","'https://sandboxtest.stroyrem-nn.ru/'","20000"]}