{"uid":"962e6624d63ad59d","name":"TD 024 Доставка товара весом до 9000кг. в синей зоне","fullName":"tests.delivery.test_delivery_calculation.TestDeliveryPageCalculation#test_positive_delivery_blue_zone_smoke","historyId":"69e5dca98f2a435ef5ba1c77ef0ca605","time":{"start":1696900072072,"stop":1696900072483,"duration":411},"status":"broken","statusMessage":"selenium.common.exceptions.NoSuchElementException: Message: no such element: Unable to locate element: {\"method\":\"xpath\",\"selector\":\"(//a[@class='add-to-cart yellow-btn'])[1]\"}\n  (Session info: headless chrome=117.0.5938.149); For documentation on this error, please visit: https://www.selenium.dev/documentation/webdriver/troubleshooting/errors#no-such-element-exception\nStacktrace:\n#0 0x55b855a24933 <unknown>\n#1 0x55b8556fe6f7 <unknown>\n#2 0x55b855745aa6 <unknown>\n#3 0x55b855745b91 <unknown>\n#4 0x55b855782fc4 <unknown>\n#5 0x55b85576762d <unknown>\n#6 0x55b855780857 <unknown>\n#7 0x55b8557673d3 <unknown>\n#8 0x55b855739e64 <unknown>\n#9 0x55b85573ac4e <unknown>\n#10 0x55b8559ea558 <unknown>\n#11 0x55b8559ee4a0 <unknown>\n#12 0x55b8559f897c <unknown>\n#13 0x55b8559ef0b8 <unknown>\n#14 0x55b8559bacdf <unknown>\n#15 0x55b855a13048 <unknown>\n#16 0x55b855a13219 <unknown>\n#17 0x55b855a23ac3 <unknown>\n#18 0x7f1c83361044 <unknown>","statusTrace":"self = <tests.delivery.test_delivery_calculation.TestDeliveryPageCalculation object at 0x7f62f6fed590>\ndriver = <selenium.webdriver.chrome.webdriver.WebDriver (session=\"808db8c2902f391db125e77c34e92682\")>\nurl = 'https://sandboxtest.stroyrem-nn.ru/', case_id = 'TD 024'\nlink_item = 'products/shtukaturka-gipsovaya-aksolit-m50-30-kg-mashinnogo-naneseniya'\namount = 299, weight = 9000, standard = 4300, in_time = 9900, all_time = 11440\n\n    @pytest.mark.parametrize('case_id, link_item, amount, weight, standard, in_time, all_time', [\n        (\"TD 015\", bundeks_25, 1, 30, 650, 2390, 3320),\n        pytest.param(\n            \"TD 016\", aksolit_30, 8, 300, 650, 2390, 3320,\n            marks=pytest.mark.xfail(reson=\"Цена доставки: - - -\")\n        ),\n        (\"TD 017\", aksolit_30, 13, 400, 650, 2390, 3320),\n        (\"TD 018\", aksolit_30, 16, 500, 850, 2490, 3320),\n        (\"TD 019\", aksolit_30, 25, 1700, 1150, 2490, 3320),\n        (\"TD 020\", aksolit_30, 66, 2000, 1500, 2990, 3650),\n        (\"TD 021\", aksolit_30, 149, 4500, 2600, 4380, 4890),\n        (\"TD 022\", aksolit_30, 166, 5000, 2800, 5490, 5980),\n        pytest.param(\n            \"TD 023\", aksolit_30, 206, 6200, 3300, 7500, 8000,\n            marks=pytest.mark.xfail(reson=\"Цена доставки: 4300 9900 11440\")\n        ),\n        (\"TD 024\", aksolit_30, 299, 9000, 4300, 9900, 11440),\n        (\"TD 025\", aksolit_30, 333, 10000, 7000, 13900, 15900),\n        pytest.param(\n            \"TD 026\", aksolit_30, 366, 11000, 8000, 14900, 19900,\n            marks=pytest.mark.xfail(reson=\"Цена доставки: 7000 13900 15900\")\n        ),\n        pytest.param(\n            \"TD 027\", aksolit_30, 666, 20000, 14000, 16900, 23900,\n            marks=pytest.mark.xfail(reson=\"Цена доставки: 7000 13900 15900\")\n        )\n    ])\n    @pytest.mark.smoke\n    def test_positive_delivery_blue_zone_smoke(\n            self, driver, url, case_id, link_item, amount, weight, standard, in_time, all_time\n    ):\n        allure.dynamic.title(f\"{case_id} Доставка товара весом до {weight}кг. в синей зоне\")\n    \n        driver.get(f'{url}{link_item}')\n        item_page = ItemPage(driver)\n>       item_page.add_item_to_cart(amount).click_on_cart()\n\ntests/delivery/test_delivery_calculation.py:130: \n_ _ _ _ _ _ _ _ _ _ _ _ _ _ _ _ _ _ _ _ _ _ _ _ _ _ _ _ _ _ _ _ _ _ _ _ _ _ _ _ \npages/item_page.py:40: in add_item_to_cart\n    self.find_element(self._add_item).click()\nbase/seleniumbase.py:17: in find_element\n    return self.driver.find_element(*locator)\n/usr/local/lib/python3.11/site-packages/selenium/webdriver/remote/webdriver.py:740: in find_element\n    return self.execute(Command.FIND_ELEMENT, {\"using\": by, \"value\": value})[\"value\"]\n/usr/local/lib/python3.11/site-packages/selenium/webdriver/remote/webdriver.py:346: in execute\n    self.error_handler.check_response(response)\n_ _ _ _ _ _ _ _ _ _ _ _ _ _ _ _ _ _ _ _ _ _ _ _ _ _ _ _ _ _ _ _ _ _ _ _ _ _ _ _ \n\nself = <selenium.webdriver.remote.errorhandler.ErrorHandler object at 0x7f62f6f58990>\nresponse = {'status': 404, 'value': '{\"value\":{\"error\":\"no such element\",\"message\":\"no such element: Unable to locate element: {\\...\\\\n#16 0x55b855a13219 \\\\u003Cunknown>\\\\n#17 0x55b855a23ac3 \\\\u003Cunknown>\\\\n#18 0x7f1c83361044 \\\\u003Cunknown>\\\\n\"}}'}\n\n    def check_response(self, response: Dict[str, Any]) -> None:\n        \"\"\"Checks that a JSON response from the WebDriver does not have an\n        error.\n    \n        :Args:\n         - response - The JSON response from the WebDriver server as a dictionary\n           object.\n    \n        :Raises: If the response contains an error message.\n        \"\"\"\n        status = response.get(\"status\", None)\n        if not status or status == ErrorCode.SUCCESS:\n            return\n        value = None\n        message = response.get(\"message\", \"\")\n        screen: str = response.get(\"screen\", \"\")\n        stacktrace = None\n        if isinstance(status, int):\n            value_json = response.get(\"value\", None)\n            if value_json and isinstance(value_json, str):\n                import json\n    \n                try:\n                    value = json.loads(value_json)\n                    if len(value) == 1:\n                        value = value[\"value\"]\n                    status = value.get(\"error\", None)\n                    if not status:\n                        status = value.get(\"status\", ErrorCode.UNKNOWN_ERROR)\n                        message = value.get(\"value\") or value.get(\"message\")\n                        if not isinstance(message, str):\n                            value = message\n                            message = message.get(\"message\")\n                    else:\n                        message = value.get(\"message\", None)\n                except ValueError:\n                    pass\n    \n        exception_class: Type[WebDriverException]\n        if status in ErrorCode.NO_SUCH_ELEMENT:\n            exception_class = NoSuchElementException\n        elif status in ErrorCode.NO_SUCH_FRAME:\n            exception_class = NoSuchFrameException\n        elif status in ErrorCode.NO_SUCH_SHADOW_ROOT:\n            exception_class = NoSuchShadowRootException\n        elif status in ErrorCode.NO_SUCH_WINDOW:\n            exception_class = NoSuchWindowException\n        elif status in ErrorCode.STALE_ELEMENT_REFERENCE:\n            exception_class = StaleElementReferenceException\n        elif status in ErrorCode.ELEMENT_NOT_VISIBLE:\n            exception_class = ElementNotVisibleException\n        elif status in ErrorCode.INVALID_ELEMENT_STATE:\n            exception_class = InvalidElementStateException\n        elif (\n            status in ErrorCode.INVALID_SELECTOR\n            or status in ErrorCode.INVALID_XPATH_SELECTOR\n            or status in ErrorCode.INVALID_XPATH_SELECTOR_RETURN_TYPER\n        ):\n            exception_class = InvalidSelectorException\n        elif status in ErrorCode.ELEMENT_IS_NOT_SELECTABLE:\n            exception_class = ElementNotSelectableException\n        elif status in ErrorCode.ELEMENT_NOT_INTERACTABLE:\n            exception_class = ElementNotInteractableException\n        elif status in ErrorCode.INVALID_COOKIE_DOMAIN:\n            exception_class = InvalidCookieDomainException\n        elif status in ErrorCode.UNABLE_TO_SET_COOKIE:\n            exception_class = UnableToSetCookieException\n        elif status in ErrorCode.TIMEOUT:\n            exception_class = TimeoutException\n        elif status in ErrorCode.SCRIPT_TIMEOUT:\n            exception_class = TimeoutException\n        elif status in ErrorCode.UNKNOWN_ERROR:\n            exception_class = WebDriverException\n        elif status in ErrorCode.UNEXPECTED_ALERT_OPEN:\n            exception_class = UnexpectedAlertPresentException\n        elif status in ErrorCode.NO_ALERT_OPEN:\n            exception_class = NoAlertPresentException\n        elif status in ErrorCode.IME_NOT_AVAILABLE:\n            exception_class = ImeNotAvailableException\n        elif status in ErrorCode.IME_ENGINE_ACTIVATION_FAILED:\n            exception_class = ImeActivationFailedException\n        elif status in ErrorCode.MOVE_TARGET_OUT_OF_BOUNDS:\n            exception_class = MoveTargetOutOfBoundsException\n        elif status in ErrorCode.JAVASCRIPT_ERROR:\n            exception_class = JavascriptException\n        elif status in ErrorCode.SESSION_NOT_CREATED:\n            exception_class = SessionNotCreatedException\n        elif status in ErrorCode.INVALID_ARGUMENT:\n            exception_class = InvalidArgumentException\n        elif status in ErrorCode.NO_SUCH_COOKIE:\n            exception_class = NoSuchCookieException\n        elif status in ErrorCode.UNABLE_TO_CAPTURE_SCREEN:\n            exception_class = ScreenshotException\n        elif status in ErrorCode.ELEMENT_CLICK_INTERCEPTED:\n            exception_class = ElementClickInterceptedException\n        elif status in ErrorCode.INSECURE_CERTIFICATE:\n            exception_class = InsecureCertificateException\n        elif status in ErrorCode.INVALID_COORDINATES:\n            exception_class = InvalidCoordinatesException\n        elif status in ErrorCode.INVALID_SESSION_ID:\n            exception_class = InvalidSessionIdException\n        elif status in ErrorCode.UNKNOWN_METHOD:\n            exception_class = UnknownMethodException\n        else:\n            exception_class = WebDriverException\n        if not value:\n            value = response[\"value\"]\n        if isinstance(value, str):\n            raise exception_class(value)\n        if message == \"\" and \"message\" in value:\n            message = value[\"message\"]\n    \n        screen = None  # type: ignore[assignment]\n        if \"screen\" in value:\n            screen = value[\"screen\"]\n    \n        stacktrace = None\n        st_value = value.get(\"stackTrace\") or value.get(\"stacktrace\")\n        if st_value:\n            if isinstance(st_value, str):\n                stacktrace = st_value.split(\"\\n\")\n            else:\n                stacktrace = []\n                try:\n                    for frame in st_value:\n                        line = frame.get(\"lineNumber\", \"\")\n                        file = frame.get(\"fileName\", \"<anonymous>\")\n                        if line:\n                            file = f\"{file}:{line}\"\n                        meth = frame.get(\"methodName\", \"<anonymous>\")\n                        if \"className\" in frame:\n                            meth = f\"{frame['className']}.{meth}\"\n                        msg = \"    at %s (%s)\"\n                        msg = msg % (meth, file)\n                        stacktrace.append(msg)\n                except TypeError:\n                    pass\n        if exception_class == UnexpectedAlertPresentException:\n            alert_text = None\n            if \"data\" in value:\n                alert_text = value[\"data\"].get(\"text\")\n            elif \"alert\" in value:\n                alert_text = value[\"alert\"].get(\"text\")\n            raise exception_class(message, screen, stacktrace, alert_text)  # type: ignore[call-arg]  # mypy is not smart enough here\n>       raise exception_class(message, screen, stacktrace)\nE       selenium.common.exceptions.NoSuchElementException: Message: no such element: Unable to locate element: {\"method\":\"xpath\",\"selector\":\"(//a[@class='add-to-cart yellow-btn'])[1]\"}\nE         (Session info: headless chrome=117.0.5938.149); For documentation on this error, please visit: https://www.selenium.dev/documentation/webdriver/troubleshooting/errors#no-such-element-exception\nE       Stacktrace:\nE       #0 0x55b855a24933 <unknown>\nE       #1 0x55b8556fe6f7 <unknown>\nE       #2 0x55b855745aa6 <unknown>\nE       #3 0x55b855745b91 <unknown>\nE       #4 0x55b855782fc4 <unknown>\nE       #5 0x55b85576762d <unknown>\nE       #6 0x55b855780857 <unknown>\nE       #7 0x55b8557673d3 <unknown>\nE       #8 0x55b855739e64 <unknown>\nE       #9 0x55b85573ac4e <unknown>\nE       #10 0x55b8559ea558 <unknown>\nE       #11 0x55b8559ee4a0 <unknown>\nE       #12 0x55b8559f897c <unknown>\nE       #13 0x55b8559ef0b8 <unknown>\nE       #14 0x55b8559bacdf <unknown>\nE       #15 0x55b855a13048 <unknown>\nE       #16 0x55b855a13219 <unknown>\nE       #17 0x55b855a23ac3 <unknown>\nE       #18 0x7f1c83361044 <unknown>\n\n/usr/local/lib/python3.11/site-packages/selenium/webdriver/remote/errorhandler.py:245: NoSuchElementException","flaky":false,"newFailed":false,"newBroken":false,"newPassed":false,"retriesCount":0,"retriesStatusChange":false,"beforeStages":[{"name":"_session_faker","time":{"start":1696899639567,"stop":1696899639645,"duration":78},"status":"passed","steps":[],"attachments":[],"parameters":[],"shouldDisplayMessage":false,"stepsCount":0,"attachmentsCount":0,"hasContent":false},{"name":"clear_allure_results_folder","time":{"start":1696899639645,"stop":1696899639645,"duration":0},"status":"passed","steps":[],"attachments":[],"parameters":[],"shouldDisplayMessage":false,"stepsCount":0,"attachmentsCount":0,"hasContent":false},{"name":"driver","time":{"start":1696900071307,"stop":1696900072070,"duration":763},"status":"passed","steps":[],"attachments":[],"parameters":[],"shouldDisplayMessage":false,"stepsCount":0,"attachmentsCount":0,"hasContent":false},{"name":"setup","time":{"start":1696900072071,"stop":1696900072071,"duration":0},"status":"passed","steps":[],"attachments":[],"parameters":[],"shouldDisplayMessage":false,"stepsCount":0,"attachmentsCount":0,"hasContent":false}],"testStage":{"status":"broken","statusMessage":"selenium.common.exceptions.NoSuchElementException: Message: no such element: Unable to locate element: {\"method\":\"xpath\",\"selector\":\"(//a[@class='add-to-cart yellow-btn'])[1]\"}\n  (Session info: headless chrome=117.0.5938.149); For documentation on this error, please visit: https://www.selenium.dev/documentation/webdriver/troubleshooting/errors#no-such-element-exception\nStacktrace:\n#0 0x55b855a24933 <unknown>\n#1 0x55b8556fe6f7 <unknown>\n#2 0x55b855745aa6 <unknown>\n#3 0x55b855745b91 <unknown>\n#4 0x55b855782fc4 <unknown>\n#5 0x55b85576762d <unknown>\n#6 0x55b855780857 <unknown>\n#7 0x55b8557673d3 <unknown>\n#8 0x55b855739e64 <unknown>\n#9 0x55b85573ac4e <unknown>\n#10 0x55b8559ea558 <unknown>\n#11 0x55b8559ee4a0 <unknown>\n#12 0x55b8559f897c <unknown>\n#13 0x55b8559ef0b8 <unknown>\n#14 0x55b8559bacdf <unknown>\n#15 0x55b855a13048 <unknown>\n#16 0x55b855a13219 <unknown>\n#17 0x55b855a23ac3 <unknown>\n#18 0x7f1c83361044 <unknown>","statusTrace":"self = <tests.delivery.test_delivery_calculation.TestDeliveryPageCalculation object at 0x7f62f6fed590>\ndriver = <selenium.webdriver.chrome.webdriver.WebDriver (session=\"808db8c2902f391db125e77c34e92682\")>\nurl = 'https://sandboxtest.stroyrem-nn.ru/', case_id = 'TD 024'\nlink_item = 'products/shtukaturka-gipsovaya-aksolit-m50-30-kg-mashinnogo-naneseniya'\namount = 299, weight = 9000, standard = 4300, in_time = 9900, all_time = 11440\n\n    @pytest.mark.parametrize('case_id, link_item, amount, weight, standard, in_time, all_time', [\n        (\"TD 015\", bundeks_25, 1, 30, 650, 2390, 3320),\n        pytest.param(\n            \"TD 016\", aksolit_30, 8, 300, 650, 2390, 3320,\n            marks=pytest.mark.xfail(reson=\"Цена доставки: - - -\")\n        ),\n        (\"TD 017\", aksolit_30, 13, 400, 650, 2390, 3320),\n        (\"TD 018\", aksolit_30, 16, 500, 850, 2490, 3320),\n        (\"TD 019\", aksolit_30, 25, 1700, 1150, 2490, 3320),\n        (\"TD 020\", aksolit_30, 66, 2000, 1500, 2990, 3650),\n        (\"TD 021\", aksolit_30, 149, 4500, 2600, 4380, 4890),\n        (\"TD 022\", aksolit_30, 166, 5000, 2800, 5490, 5980),\n        pytest.param(\n            \"TD 023\", aksolit_30, 206, 6200, 3300, 7500, 8000,\n            marks=pytest.mark.xfail(reson=\"Цена доставки: 4300 9900 11440\")\n        ),\n        (\"TD 024\", aksolit_30, 299, 9000, 4300, 9900, 11440),\n        (\"TD 025\", aksolit_30, 333, 10000, 7000, 13900, 15900),\n        pytest.param(\n            \"TD 026\", aksolit_30, 366, 11000, 8000, 14900, 19900,\n            marks=pytest.mark.xfail(reson=\"Цена доставки: 7000 13900 15900\")\n        ),\n        pytest.param(\n            \"TD 027\", aksolit_30, 666, 20000, 14000, 16900, 23900,\n            marks=pytest.mark.xfail(reson=\"Цена доставки: 7000 13900 15900\")\n        )\n    ])\n    @pytest.mark.smoke\n    def test_positive_delivery_blue_zone_smoke(\n            self, driver, url, case_id, link_item, amount, weight, standard, in_time, all_time\n    ):\n        allure.dynamic.title(f\"{case_id} Доставка товара весом до {weight}кг. в синей зоне\")\n    \n        driver.get(f'{url}{link_item}')\n        item_page = ItemPage(driver)\n>       item_page.add_item_to_cart(amount).click_on_cart()\n\ntests/delivery/test_delivery_calculation.py:130: \n_ _ _ _ _ _ _ _ _ _ _ _ _ _ _ _ _ _ _ _ _ _ _ _ _ _ _ _ _ _ _ _ _ _ _ _ _ _ _ _ \npages/item_page.py:40: in add_item_to_cart\n    self.find_element(self._add_item).click()\nbase/seleniumbase.py:17: in find_element\n    return self.driver.find_element(*locator)\n/usr/local/lib/python3.11/site-packages/selenium/webdriver/remote/webdriver.py:740: in find_element\n    return self.execute(Command.FIND_ELEMENT, {\"using\": by, \"value\": value})[\"value\"]\n/usr/local/lib/python3.11/site-packages/selenium/webdriver/remote/webdriver.py:346: in execute\n    self.error_handler.check_response(response)\n_ _ _ _ _ _ _ _ _ _ _ _ _ _ _ _ _ _ _ _ _ _ _ _ _ _ _ _ _ _ _ _ _ _ _ _ _ _ _ _ \n\nself = <selenium.webdriver.remote.errorhandler.ErrorHandler object at 0x7f62f6f58990>\nresponse = {'status': 404, 'value': '{\"value\":{\"error\":\"no such element\",\"message\":\"no such element: Unable to locate element: {\\...\\\\n#16 0x55b855a13219 \\\\u003Cunknown>\\\\n#17 0x55b855a23ac3 \\\\u003Cunknown>\\\\n#18 0x7f1c83361044 \\\\u003Cunknown>\\\\n\"}}'}\n\n    def check_response(self, response: Dict[str, Any]) -> None:\n        \"\"\"Checks that a JSON response from the WebDriver does not have an\n        error.\n    \n        :Args:\n         - response - The JSON response from the WebDriver server as a dictionary\n           object.\n    \n        :Raises: If the response contains an error message.\n        \"\"\"\n        status = response.get(\"status\", None)\n        if not status or status == ErrorCode.SUCCESS:\n            return\n        value = None\n        message = response.get(\"message\", \"\")\n        screen: str = response.get(\"screen\", \"\")\n        stacktrace = None\n        if isinstance(status, int):\n            value_json = response.get(\"value\", None)\n            if value_json and isinstance(value_json, str):\n                import json\n    \n                try:\n                    value = json.loads(value_json)\n                    if len(value) == 1:\n                        value = value[\"value\"]\n                    status = value.get(\"error\", None)\n                    if not status:\n                        status = value.get(\"status\", ErrorCode.UNKNOWN_ERROR)\n                        message = value.get(\"value\") or value.get(\"message\")\n                        if not isinstance(message, str):\n                            value = message\n                            message = message.get(\"message\")\n                    else:\n                        message = value.get(\"message\", None)\n                except ValueError:\n                    pass\n    \n        exception_class: Type[WebDriverException]\n        if status in ErrorCode.NO_SUCH_ELEMENT:\n            exception_class = NoSuchElementException\n        elif status in ErrorCode.NO_SUCH_FRAME:\n            exception_class = NoSuchFrameException\n        elif status in ErrorCode.NO_SUCH_SHADOW_ROOT:\n            exception_class = NoSuchShadowRootException\n        elif status in ErrorCode.NO_SUCH_WINDOW:\n            exception_class = NoSuchWindowException\n        elif status in ErrorCode.STALE_ELEMENT_REFERENCE:\n            exception_class = StaleElementReferenceException\n        elif status in ErrorCode.ELEMENT_NOT_VISIBLE:\n            exception_class = ElementNotVisibleException\n        elif status in ErrorCode.INVALID_ELEMENT_STATE:\n            exception_class = InvalidElementStateException\n        elif (\n            status in ErrorCode.INVALID_SELECTOR\n            or status in ErrorCode.INVALID_XPATH_SELECTOR\n            or status in ErrorCode.INVALID_XPATH_SELECTOR_RETURN_TYPER\n        ):\n            exception_class = InvalidSelectorException\n        elif status in ErrorCode.ELEMENT_IS_NOT_SELECTABLE:\n            exception_class = ElementNotSelectableException\n        elif status in ErrorCode.ELEMENT_NOT_INTERACTABLE:\n            exception_class = ElementNotInteractableException\n        elif status in ErrorCode.INVALID_COOKIE_DOMAIN:\n            exception_class = InvalidCookieDomainException\n        elif status in ErrorCode.UNABLE_TO_SET_COOKIE:\n            exception_class = UnableToSetCookieException\n        elif status in ErrorCode.TIMEOUT:\n            exception_class = TimeoutException\n        elif status in ErrorCode.SCRIPT_TIMEOUT:\n            exception_class = TimeoutException\n        elif status in ErrorCode.UNKNOWN_ERROR:\n            exception_class = WebDriverException\n        elif status in ErrorCode.UNEXPECTED_ALERT_OPEN:\n            exception_class = UnexpectedAlertPresentException\n        elif status in ErrorCode.NO_ALERT_OPEN:\n            exception_class = NoAlertPresentException\n        elif status in ErrorCode.IME_NOT_AVAILABLE:\n            exception_class = ImeNotAvailableException\n        elif status in ErrorCode.IME_ENGINE_ACTIVATION_FAILED:\n            exception_class = ImeActivationFailedException\n        elif status in ErrorCode.MOVE_TARGET_OUT_OF_BOUNDS:\n            exception_class = MoveTargetOutOfBoundsException\n        elif status in ErrorCode.JAVASCRIPT_ERROR:\n            exception_class = JavascriptException\n        elif status in ErrorCode.SESSION_NOT_CREATED:\n            exception_class = SessionNotCreatedException\n        elif status in ErrorCode.INVALID_ARGUMENT:\n            exception_class = InvalidArgumentException\n        elif status in ErrorCode.NO_SUCH_COOKIE:\n            exception_class = NoSuchCookieException\n        elif status in ErrorCode.UNABLE_TO_CAPTURE_SCREEN:\n            exception_class = ScreenshotException\n        elif status in ErrorCode.ELEMENT_CLICK_INTERCEPTED:\n            exception_class = ElementClickInterceptedException\n        elif status in ErrorCode.INSECURE_CERTIFICATE:\n            exception_class = InsecureCertificateException\n        elif status in ErrorCode.INVALID_COORDINATES:\n            exception_class = InvalidCoordinatesException\n        elif status in ErrorCode.INVALID_SESSION_ID:\n            exception_class = InvalidSessionIdException\n        elif status in ErrorCode.UNKNOWN_METHOD:\n            exception_class = UnknownMethodException\n        else:\n            exception_class = WebDriverException\n        if not value:\n            value = response[\"value\"]\n        if isinstance(value, str):\n            raise exception_class(value)\n        if message == \"\" and \"message\" in value:\n            message = value[\"message\"]\n    \n        screen = None  # type: ignore[assignment]\n        if \"screen\" in value:\n            screen = value[\"screen\"]\n    \n        stacktrace = None\n        st_value = value.get(\"stackTrace\") or value.get(\"stacktrace\")\n        if st_value:\n            if isinstance(st_value, str):\n                stacktrace = st_value.split(\"\\n\")\n            else:\n                stacktrace = []\n                try:\n                    for frame in st_value:\n                        line = frame.get(\"lineNumber\", \"\")\n                        file = frame.get(\"fileName\", \"<anonymous>\")\n                        if line:\n                            file = f\"{file}:{line}\"\n                        meth = frame.get(\"methodName\", \"<anonymous>\")\n                        if \"className\" in frame:\n                            meth = f\"{frame['className']}.{meth}\"\n                        msg = \"    at %s (%s)\"\n                        msg = msg % (meth, file)\n                        stacktrace.append(msg)\n                except TypeError:\n                    pass\n        if exception_class == UnexpectedAlertPresentException:\n            alert_text = None\n            if \"data\" in value:\n                alert_text = value[\"data\"].get(\"text\")\n            elif \"alert\" in value:\n                alert_text = value[\"alert\"].get(\"text\")\n            raise exception_class(message, screen, stacktrace, alert_text)  # type: ignore[call-arg]  # mypy is not smart enough here\n>       raise exception_class(message, screen, stacktrace)\nE       selenium.common.exceptions.NoSuchElementException: Message: no such element: Unable to locate element: {\"method\":\"xpath\",\"selector\":\"(//a[@class='add-to-cart yellow-btn'])[1]\"}\nE         (Session info: headless chrome=117.0.5938.149); For documentation on this error, please visit: https://www.selenium.dev/documentation/webdriver/troubleshooting/errors#no-such-element-exception\nE       Stacktrace:\nE       #0 0x55b855a24933 <unknown>\nE       #1 0x55b8556fe6f7 <unknown>\nE       #2 0x55b855745aa6 <unknown>\nE       #3 0x55b855745b91 <unknown>\nE       #4 0x55b855782fc4 <unknown>\nE       #5 0x55b85576762d <unknown>\nE       #6 0x55b855780857 <unknown>\nE       #7 0x55b8557673d3 <unknown>\nE       #8 0x55b855739e64 <unknown>\nE       #9 0x55b85573ac4e <unknown>\nE       #10 0x55b8559ea558 <unknown>\nE       #11 0x55b8559ee4a0 <unknown>\nE       #12 0x55b8559f897c <unknown>\nE       #13 0x55b8559ef0b8 <unknown>\nE       #14 0x55b8559bacdf <unknown>\nE       #15 0x55b855a13048 <unknown>\nE       #16 0x55b855a13219 <unknown>\nE       #17 0x55b855a23ac3 <unknown>\nE       #18 0x7f1c83361044 <unknown>\n\n/usr/local/lib/python3.11/site-packages/selenium/webdriver/remote/errorhandler.py:245: NoSuchElementException","steps":[{"name":"Добавляем товар в корзину в количестве 299","time":{"start":1696900072467,"stop":1696900072482,"duration":15},"status":"broken","statusMessage":"selenium.common.exceptions.NoSuchElementException: Message: no such element: Unable to locate element: {\"method\":\"xpath\",\"selector\":\"(//a[@class='add-to-cart yellow-btn'])[1]\"}\n  (Session info: headless chrome=117.0.5938.149); For documentation on this error, please visit: https://www.selenium.dev/documentation/webdriver/troubleshooting/errors#no-such-element-exception\nStacktrace:\n#0 0x55b855a24933 <unknown>\n#1 0x55b8556fe6f7 <unknown>\n#2 0x55b855745aa6 <unknown>\n#3 0x55b855745b91 <unknown>\n#4 0x55b855782fc4 <unknown>\n#5 0x55b85576762d <unknown>\n#6 0x55b855780857 <unknown>\n#7 0x55b8557673d3 <unknown>\n#8 0x55b855739e64 <unknown>\n#9 0x55b85573ac4e <unknown>\n#10 0x55b8559ea558 <unknown>\n#11 0x55b8559ee4a0 <unknown>\n#12 0x55b8559f897c <unknown>\n#13 0x55b8559ef0b8 <unknown>\n#14 0x55b8559bacdf <unknown>\n#15 0x55b855a13048 <unknown>\n#16 0x55b855a13219 <unknown>\n#17 0x55b855a23ac3 <unknown>\n#18 0x7f1c83361044 <unknown>\n\n","statusTrace":"  File \"/usr/local/lib/python3.11/site-packages/allure_commons/_allure.py\", line 192, in impl\n    return func(*a, **kw)\n           ^^^^^^^^^^^^^^\n  File \"/app/pages/item_page.py\", line 40, in add_item_to_cart\n    self.find_element(self._add_item).click()\n    ^^^^^^^^^^^^^^^^^^^^^^^^^^^^^^^^^\n  File \"/app/base/seleniumbase.py\", line 17, in find_element\n    return self.driver.find_element(*locator)\n           ^^^^^^^^^^^^^^^^^^^^^^^^^^^^^^^^^^\n  File \"/usr/local/lib/python3.11/site-packages/selenium/webdriver/remote/webdriver.py\", line 740, in find_element\n    return self.execute(Command.FIND_ELEMENT, {\"using\": by, \"value\": value})[\"value\"]\n           ^^^^^^^^^^^^^^^^^^^^^^^^^^^^^^^^^^^^^^^^^^^^^^^^^^^^^^^^^^^^^^^^^\n  File \"/usr/local/lib/python3.11/site-packages/selenium/webdriver/remote/webdriver.py\", line 346, in execute\n    self.error_handler.check_response(response)\n  File \"/usr/local/lib/python3.11/site-packages/selenium/webdriver/remote/errorhandler.py\", line 245, in check_response\n    raise exception_class(message, screen, stacktrace)\n","steps":[],"attachments":[],"parameters":[{"name":"amount","value":"299"}],"shouldDisplayMessage":true,"stepsCount":0,"attachmentsCount":0,"hasContent":true}],"attachments":[{"uid":"ce992d8aeef4a79f","name":"Screenshot","source":"ce992d8aeef4a79f.png","type":"image/png","size":14860},{"uid":"da98ddfd1f49b214","name":"HTML source","source":"da98ddfd1f49b214.html","type":"text/html","size":164}],"parameters":[],"shouldDisplayMessage":true,"stepsCount":1,"attachmentsCount":2,"hasContent":true},"afterStages":[{"name":"setup::0","time":{"start":1696900072599,"stop":1696900072599,"duration":0},"status":"passed","steps":[],"attachments":[],"parameters":[],"shouldDisplayMessage":false,"stepsCount":0,"attachmentsCount":0,"hasContent":false},{"name":"driver::0","time":{"start":1696900072599,"stop":1696900072655,"duration":56},"status":"passed","steps":[],"attachments":[],"parameters":[],"shouldDisplayMessage":false,"stepsCount":0,"attachmentsCount":0,"hasContent":false}],"labels":[{"name":"epic","value":"Delivery Page - calculation"},{"name":"tag","value":"smoke"},{"name":"parentSuite","value":"tests.delivery"},{"name":"suite","value":"test_delivery_calculation"},{"name":"subSuite","value":"TestDeliveryPageCalculation"},{"name":"host","value":"5172dada8a47"},{"name":"thread","value":"1-MainThread"},{"name":"framework","value":"pytest"},{"name":"language","value":"cpython3"},{"name":"package","value":"tests.delivery.test_delivery_calculation"},{"name":"resultFormat","value":"allure2"}],"parameters":[{"name":"all_time","value":"11440"},{"name":"amount","value":"299"},{"name":"case_id","value":"'TD 024'"},{"name":"in_time","value":"9900"},{"name":"link_item","value":"'products/shtukaturka-gipsovaya-aksolit-m50-30-kg-mashinnogo-naneseniya'"},{"name":"standard","value":"4300"},{"name":"url","value":"'https://sandboxtest.stroyrem-nn.ru/'"},{"name":"weight","value":"9000"}],"links":[],"hidden":false,"retry":false,"extra":{"severity":"normal","retries":[],"categories":[{"name":"Test defects","matchedStatuses":[],"flaky":false}],"history":{"statistic":{"failed":0,"broken":41,"skipped":0,"passed":0,"unknown":0,"total":41},"items":[{"uid":"d22b3e6018ed7def","reportUrl":"https://zaelcovsky.github.io/StroyremAutomation/104//#testresult/d22b3e6018ed7def","status":"broken","statusDetails":"selenium.common.exceptions.NoSuchElementException: Message: no such element: Unable to locate element: {\"method\":\"xpath\",\"selector\":\"(//a[@class='add-to-cart yellow-btn'])[1]\"}\n  (Session info: headless chrome=117.0.5938.149); For documentation on this error, please visit: https://www.selenium.dev/documentation/webdriver/troubleshooting/errors#no-such-element-exception\nStacktrace:\n#0 0x5618498fe933 <unknown>\n#1 0x5618495d86f7 <unknown>\n#2 0x56184961faa6 <unknown>\n#3 0x56184961fb91 <unknown>\n#4 0x56184965cfc4 <unknown>\n#5 0x56184964162d <unknown>\n#6 0x56184965a857 <unknown>\n#7 0x5618496413d3 <unknown>\n#8 0x561849613e64 <unknown>\n#9 0x561849614c4e <unknown>\n#10 0x5618498c4558 <unknown>\n#11 0x5618498c84a0 <unknown>\n#12 0x5618498d297c <unknown>\n#13 0x5618498c90b8 <unknown>\n#14 0x561849894cdf <unknown>\n#15 0x5618498ed048 <unknown>\n#16 0x5618498ed219 <unknown>\n#17 0x5618498fdac3 <unknown>\n#18 0x7f28fefc6044 <unknown>","time":{"start":1696813776221,"stop":1696813776782,"duration":561}},{"uid":"3872305f4d93f97e","reportUrl":"https://zaelcovsky.github.io/StroyremAutomation/103//#testresult/3872305f4d93f97e","status":"broken","statusDetails":"selenium.common.exceptions.NoSuchElementException: Message: no such element: Unable to locate element: {\"method\":\"xpath\",\"selector\":\"(//a[@class='add-to-cart yellow-btn'])[1]\"}\n  (Session info: headless chrome=117.0.5938.149); For documentation on this error, please visit: https://www.selenium.dev/documentation/webdriver/troubleshooting/errors#no-such-element-exception\nStacktrace:\n#0 0x561e93734933 <unknown>\n#1 0x561e9340e6f7 <unknown>\n#2 0x561e93455aa6 <unknown>\n#3 0x561e93455b91 <unknown>\n#4 0x561e93492fc4 <unknown>\n#5 0x561e9347762d <unknown>\n#6 0x561e93490857 <unknown>\n#7 0x561e934773d3 <unknown>\n#8 0x561e93449e64 <unknown>\n#9 0x561e9344ac4e <unknown>\n#10 0x561e936fa558 <unknown>\n#11 0x561e936fe4a0 <unknown>\n#12 0x561e9370897c <unknown>\n#13 0x561e936ff0b8 <unknown>\n#14 0x561e936cacdf <unknown>\n#15 0x561e93723048 <unknown>\n#16 0x561e93723219 <unknown>\n#17 0x561e93733ac3 <unknown>\n#18 0x7f5c9637f044 <unknown>","time":{"start":1696727641099,"stop":1696727641709,"duration":610}},{"uid":"bd942167210fb694","reportUrl":"https://zaelcovsky.github.io/StroyremAutomation/102//#testresult/bd942167210fb694","status":"broken","statusDetails":"selenium.common.exceptions.NoSuchElementException: Message: no such element: Unable to locate element: {\"method\":\"xpath\",\"selector\":\"(//a[@class='add-to-cart yellow-btn'])[1]\"}\n  (Session info: headless chrome=117.0.5938.149); For documentation on this error, please visit: https://www.selenium.dev/documentation/webdriver/troubleshooting/errors#no-such-element-exception\nStacktrace:\n#0 0x55649c2dc933 <unknown>\n#1 0x55649bfb66f7 <unknown>\n#2 0x55649bffdaa6 <unknown>\n#3 0x55649bffdb91 <unknown>\n#4 0x55649c03afc4 <unknown>\n#5 0x55649c01f62d <unknown>\n#6 0x55649c038857 <unknown>\n#7 0x55649c01f3d3 <unknown>\n#8 0x55649bff1e64 <unknown>\n#9 0x55649bff2c4e <unknown>\n#10 0x55649c2a2558 <unknown>\n#11 0x55649c2a64a0 <unknown>\n#12 0x55649c2b097c <unknown>\n#13 0x55649c2a70b8 <unknown>\n#14 0x55649c272cdf <unknown>\n#15 0x55649c2cb048 <unknown>\n#16 0x55649c2cb219 <unknown>\n#17 0x55649c2dbac3 <unknown>\n#18 0x7f21e892d044 <unknown>","time":{"start":1696640932910,"stop":1696640933487,"duration":577}},{"uid":"4996024767608459","reportUrl":"https://zaelcovsky.github.io/StroyremAutomation/101//#testresult/4996024767608459","status":"broken","statusDetails":"selenium.common.exceptions.NoSuchElementException: Message: no such element: Unable to locate element: {\"method\":\"xpath\",\"selector\":\"(//a[@class='add-to-cart yellow-btn'])[1]\"}\n  (Session info: headless chrome=117.0.5938.149); For documentation on this error, please visit: https://www.selenium.dev/documentation/webdriver/troubleshooting/errors#no-such-element-exception\nStacktrace:\n#0 0x5575ae937933 <unknown>\n#1 0x5575ae6116f7 <unknown>\n#2 0x5575ae658aa6 <unknown>\n#3 0x5575ae658b91 <unknown>\n#4 0x5575ae695fc4 <unknown>\n#5 0x5575ae67a62d <unknown>\n#6 0x5575ae693857 <unknown>\n#7 0x5575ae67a3d3 <unknown>\n#8 0x5575ae64ce64 <unknown>\n#9 0x5575ae64dc4e <unknown>\n#10 0x5575ae8fd558 <unknown>\n#11 0x5575ae9014a0 <unknown>\n#12 0x5575ae90b97c <unknown>\n#13 0x5575ae9020b8 <unknown>\n#14 0x5575ae8cdcdf <unknown>\n#15 0x5575ae926048 <unknown>\n#16 0x5575ae926219 <unknown>\n#17 0x5575ae936ac3 <unknown>\n#18 0x7faaf968a044 <unknown>","time":{"start":1696554538597,"stop":1696554539072,"duration":475}},{"uid":"aef1989e90c784b5","reportUrl":"https://zaelcovsky.github.io/StroyremAutomation/100//#testresult/aef1989e90c784b5","status":"broken","statusDetails":"selenium.common.exceptions.NoSuchElementException: Message: no such element: Unable to locate element: {\"method\":\"xpath\",\"selector\":\"(//a[@class='add-to-cart yellow-btn'])[1]\"}\n  (Session info: headless chrome=117.0.5938.149); For documentation on this error, please visit: https://www.selenium.dev/documentation/webdriver/troubleshooting/errors#no-such-element-exception\nStacktrace:\n#0 0x556f49b09933 <unknown>\n#1 0x556f497e36f7 <unknown>\n#2 0x556f4982aaa6 <unknown>\n#3 0x556f4982ab91 <unknown>\n#4 0x556f49867fc4 <unknown>\n#5 0x556f4984c62d <unknown>\n#6 0x556f49865857 <unknown>\n#7 0x556f4984c3d3 <unknown>\n#8 0x556f4981ee64 <unknown>\n#9 0x556f4981fc4e <unknown>\n#10 0x556f49acf558 <unknown>\n#11 0x556f49ad34a0 <unknown>\n#12 0x556f49add97c <unknown>\n#13 0x556f49ad40b8 <unknown>\n#14 0x556f49a9fcdf <unknown>\n#15 0x556f49af8048 <unknown>\n#16 0x556f49af8219 <unknown>\n#17 0x556f49b08ac3 <unknown>\n#18 0x7fa8dd582044 <unknown>","time":{"start":1696468369923,"stop":1696468370621,"duration":698}},{"uid":"354efdb899a35a5a","reportUrl":"https://zaelcovsky.github.io/StroyremAutomation/99//#testresult/354efdb899a35a5a","status":"broken","statusDetails":"selenium.common.exceptions.NoSuchElementException: Message: no such element: Unable to locate element: {\"method\":\"xpath\",\"selector\":\"(//a[@class='add-to-cart yellow-btn'])[1]\"}\n  (Session info: headless chrome=117.0.5938.92); For documentation on this error, please visit: https://www.selenium.dev/documentation/webdriver/troubleshooting/errors#no-such-element-exception\nStacktrace:\n#0 0x55cc49ee76b3 <unknown>\n#1 0x55cc49bbd1e7 <unknown>\n#2 0x55cc49c04566 <unknown>\n#3 0x55cc49c04651 <unknown>\n#4 0x55cc49c41a74 <unknown>\n#5 0x55cc49c260ed <unknown>\n#6 0x55cc49c3f322 <unknown>\n#7 0x55cc49c25e93 <unknown>\n#8 0x55cc49bf8934 <unknown>\n#9 0x55cc49bf971e <unknown>\n#10 0x55cc49eaccb8 <unknown>\n#11 0x55cc49eb0bf0 <unknown>\n#12 0x55cc49ebb19c <unknown>\n#13 0x55cc49eb1808 <unknown>\n#14 0x55cc49e7e27f <unknown>\n#15 0x55cc49ed5e88 <unknown>\n#16 0x55cc49ed6059 <unknown>\n#17 0x55cc49ee6843 <unknown>\n#18 0x7f3d114b3044 <unknown>","time":{"start":1696381827027,"stop":1696381827553,"duration":526}},{"uid":"d9eac8f6c9edeaef","reportUrl":"https://zaelcovsky.github.io/StroyremAutomation/98//#testresult/d9eac8f6c9edeaef","status":"broken","statusDetails":"selenium.common.exceptions.NoSuchElementException: Message: no such element: Unable to locate element: {\"method\":\"xpath\",\"selector\":\"(//a[@class='add-to-cart yellow-btn'])[1]\"}\n  (Session info: headless chrome=117.0.5938.92); For documentation on this error, please visit: https://www.selenium.dev/documentation/webdriver/troubleshooting/errors#no-such-element-exception\nStacktrace:\n#0 0x557c4640d6b3 <unknown>\n#1 0x557c460e31e7 <unknown>\n#2 0x557c4612a566 <unknown>\n#3 0x557c4612a651 <unknown>\n#4 0x557c46167a74 <unknown>\n#5 0x557c4614c0ed <unknown>\n#6 0x557c46165322 <unknown>\n#7 0x557c4614be93 <unknown>\n#8 0x557c4611e934 <unknown>\n#9 0x557c4611f71e <unknown>\n#10 0x557c463d2cb8 <unknown>\n#11 0x557c463d6bf0 <unknown>\n#12 0x557c463e119c <unknown>\n#13 0x557c463d7808 <unknown>\n#14 0x557c463a427f <unknown>\n#15 0x557c463fbe88 <unknown>\n#16 0x557c463fc059 <unknown>\n#17 0x557c4640c843 <unknown>\n#18 0x7f2e605a2044 <unknown>","time":{"start":1696295417309,"stop":1696295418029,"duration":720}},{"uid":"57d6f26bf629b72a","reportUrl":"https://zaelcovsky.github.io/StroyremAutomation/97//#testresult/57d6f26bf629b72a","status":"broken","statusDetails":"selenium.common.exceptions.NoSuchElementException: Message: no such element: Unable to locate element: {\"method\":\"xpath\",\"selector\":\"(//a[@class='add-to-cart yellow-btn'])[1]\"}\n  (Session info: headless chrome=117.0.5938.92); For documentation on this error, please visit: https://www.selenium.dev/documentation/webdriver/troubleshooting/errors#no-such-element-exception\nStacktrace:\n#0 0x556b1a4fe6b3 <unknown>\n#1 0x556b1a1d41e7 <unknown>\n#2 0x556b1a21b566 <unknown>\n#3 0x556b1a21b651 <unknown>\n#4 0x556b1a258a74 <unknown>\n#5 0x556b1a23d0ed <unknown>\n#6 0x556b1a256322 <unknown>\n#7 0x556b1a23ce93 <unknown>\n#8 0x556b1a20f934 <unknown>\n#9 0x556b1a21071e <unknown>\n#10 0x556b1a4c3cb8 <unknown>\n#11 0x556b1a4c7bf0 <unknown>\n#12 0x556b1a4d219c <unknown>\n#13 0x556b1a4c8808 <unknown>\n#14 0x556b1a49527f <unknown>\n#15 0x556b1a4ece88 <unknown>\n#16 0x556b1a4ed059 <unknown>\n#17 0x556b1a4fd843 <unknown>\n#18 0x7f4153e47044 <unknown>","time":{"start":1696208986681,"stop":1696208987175,"duration":494}},{"uid":"dcecf106b710ce4b","reportUrl":"https://zaelcovsky.github.io/StroyremAutomation/96//#testresult/dcecf106b710ce4b","status":"broken","statusDetails":"selenium.common.exceptions.NoSuchElementException: Message: no such element: Unable to locate element: {\"method\":\"xpath\",\"selector\":\"(//a[@class='add-to-cart yellow-btn'])[1]\"}\n  (Session info: headless chrome=117.0.5938.92); For documentation on this error, please visit: https://www.selenium.dev/documentation/webdriver/troubleshooting/errors#no-such-element-exception\nStacktrace:\n#0 0x5615704cb6b3 <unknown>\n#1 0x5615701a11e7 <unknown>\n#2 0x5615701e8566 <unknown>\n#3 0x5615701e8651 <unknown>\n#4 0x561570225a74 <unknown>\n#5 0x56157020a0ed <unknown>\n#6 0x561570223322 <unknown>\n#7 0x561570209e93 <unknown>\n#8 0x5615701dc934 <unknown>\n#9 0x5615701dd71e <unknown>\n#10 0x561570490cb8 <unknown>\n#11 0x561570494bf0 <unknown>\n#12 0x56157049f19c <unknown>\n#13 0x561570495808 <unknown>\n#14 0x56157046227f <unknown>\n#15 0x5615704b9e88 <unknown>\n#16 0x5615704ba059 <unknown>\n#17 0x5615704ca843 <unknown>\n#18 0x7f698f562044 <unknown>","time":{"start":1696123039176,"stop":1696123039815,"duration":639}},{"uid":"33244b9b8f1fa667","reportUrl":"https://zaelcovsky.github.io/StroyremAutomation/95//#testresult/33244b9b8f1fa667","status":"broken","statusDetails":"selenium.common.exceptions.NoSuchElementException: Message: no such element: Unable to locate element: {\"method\":\"xpath\",\"selector\":\"(//a[@class='add-to-cart yellow-btn'])[1]\"}\n  (Session info: headless chrome=117.0.5938.92); For documentation on this error, please visit: https://www.selenium.dev/documentation/webdriver/troubleshooting/errors#no-such-element-exception\nStacktrace:\n#0 0x55bc011cc6b3 <unknown>\n#1 0x55bc00ea21e7 <unknown>\n#2 0x55bc00ee9566 <unknown>\n#3 0x55bc00ee9651 <unknown>\n#4 0x55bc00f26a74 <unknown>\n#5 0x55bc00f0b0ed <unknown>\n#6 0x55bc00f24322 <unknown>\n#7 0x55bc00f0ae93 <unknown>\n#8 0x55bc00edd934 <unknown>\n#9 0x55bc00ede71e <unknown>\n#10 0x55bc01191cb8 <unknown>\n#11 0x55bc01195bf0 <unknown>\n#12 0x55bc011a019c <unknown>\n#13 0x55bc01196808 <unknown>\n#14 0x55bc0116327f <unknown>\n#15 0x55bc011bae88 <unknown>\n#16 0x55bc011bb059 <unknown>\n#17 0x55bc011cb843 <unknown>\n#18 0x7fd79d351044 <unknown>","time":{"start":1696035967349,"stop":1696035967787,"duration":438}},{"uid":"5de1250500a138d1","reportUrl":"https://zaelcovsky.github.io/StroyremAutomation/94//#testresult/5de1250500a138d1","status":"broken","statusDetails":"selenium.common.exceptions.NoSuchElementException: Message: no such element: Unable to locate element: {\"method\":\"xpath\",\"selector\":\"(//a[@class='add-to-cart yellow-btn'])[1]\"}\n  (Session info: headless chrome=117.0.5938.92); For documentation on this error, please visit: https://www.selenium.dev/documentation/webdriver/troubleshooting/errors#no-such-element-exception\nStacktrace:\n#0 0x5601ee2ed6b3 <unknown>\n#1 0x5601edfc31e7 <unknown>\n#2 0x5601ee00a566 <unknown>\n#3 0x5601ee00a651 <unknown>\n#4 0x5601ee047a74 <unknown>\n#5 0x5601ee02c0ed <unknown>\n#6 0x5601ee045322 <unknown>\n#7 0x5601ee02be93 <unknown>\n#8 0x5601edffe934 <unknown>\n#9 0x5601edfff71e <unknown>\n#10 0x5601ee2b2cb8 <unknown>\n#11 0x5601ee2b6bf0 <unknown>\n#12 0x5601ee2c119c <unknown>\n#13 0x5601ee2b7808 <unknown>\n#14 0x5601ee28427f <unknown>\n#15 0x5601ee2dbe88 <unknown>\n#16 0x5601ee2dc059 <unknown>\n#17 0x5601ee2ec843 <unknown>\n#18 0x7feb247dd044 <unknown>","time":{"start":1695949659749,"stop":1695949660166,"duration":417}},{"uid":"40daccfd71cd4a20","reportUrl":"https://zaelcovsky.github.io/StroyremAutomation/93//#testresult/40daccfd71cd4a20","status":"broken","statusDetails":"selenium.common.exceptions.NoSuchElementException: Message: no such element: Unable to locate element: {\"method\":\"xpath\",\"selector\":\"(//a[@class='add-to-cart yellow-btn'])[1]\"}\n  (Session info: headless chrome=117.0.5938.92); For documentation on this error, please visit: https://www.selenium.dev/documentation/webdriver/troubleshooting/errors#no-such-element-exception\nStacktrace:\n#0 0x564e5f0e16b3 <unknown>\n#1 0x564e5edb71e7 <unknown>\n#2 0x564e5edfe566 <unknown>\n#3 0x564e5edfe651 <unknown>\n#4 0x564e5ee3ba74 <unknown>\n#5 0x564e5ee200ed <unknown>\n#6 0x564e5ee39322 <unknown>\n#7 0x564e5ee1fe93 <unknown>\n#8 0x564e5edf2934 <unknown>\n#9 0x564e5edf371e <unknown>\n#10 0x564e5f0a6cb8 <unknown>\n#11 0x564e5f0aabf0 <unknown>\n#12 0x564e5f0b519c <unknown>\n#13 0x564e5f0ab808 <unknown>\n#14 0x564e5f07827f <unknown>\n#15 0x564e5f0cfe88 <unknown>\n#16 0x564e5f0d0059 <unknown>\n#17 0x564e5f0e0843 <unknown>\n#18 0x7fe212f1f044 <unknown>","time":{"start":1695863249344,"stop":1695863249768,"duration":424}},{"uid":"141d4263bc6b9fef","reportUrl":"https://zaelcovsky.github.io/StroyremAutomation/92//#testresult/141d4263bc6b9fef","status":"broken","statusDetails":"selenium.common.exceptions.ElementNotInteractableException: Message: element not interactable\n  (Session info: headless chrome=117.0.5938.92)\nStacktrace:\n#0 0x55c8716ed6b3 <unknown>\n#1 0x55c8713c3036 <unknown>\n#2 0x55c871401c1d <unknown>\n#3 0x55c87142c0c2 <unknown>\n#4 0x55c8713fff16 <unknown>\n#5 0x55c87142c28e <unknown>\n#6 0x55c871445322 <unknown>\n#7 0x55c87142be93 <unknown>\n#8 0x55c8713fe934 <unknown>\n#9 0x55c8713ff71e <unknown>\n#10 0x55c8716b2cb8 <unknown>\n#11 0x55c8716b6bf0 <unknown>\n#12 0x55c8716c119c <unknown>\n#13 0x55c8716b7808 <unknown>\n#14 0x55c87168427f <unknown>\n#15 0x55c8716dbe88 <unknown>\n#16 0x55c8716dc059 <unknown>\n#17 0x55c8716ec843 <unknown>\n#18 0x7f5c0c9e7044 <unknown>","time":{"start":1695777104595,"stop":1695777110693,"duration":6098}},{"uid":"78989b4797872abd","reportUrl":"https://zaelcovsky.github.io/StroyremAutomation/91//#testresult/78989b4797872abd","status":"broken","statusDetails":"selenium.common.exceptions.NoSuchElementException: Message: no such element: Unable to locate element: {\"method\":\"xpath\",\"selector\":\"(//a[@class='add-to-cart yellow-btn'])[1]\"}\n  (Session info: headless chrome=117.0.5938.92); For documentation on this error, please visit: https://www.selenium.dev/documentation/webdriver/troubleshooting/errors#no-such-element-exception\nStacktrace:\n#0 0x560e3f8be6b3 <unknown>\n#1 0x560e3f5941e7 <unknown>\n#2 0x560e3f5db566 <unknown>\n#3 0x560e3f5db651 <unknown>\n#4 0x560e3f618a74 <unknown>\n#5 0x560e3f5fd0ed <unknown>\n#6 0x560e3f616322 <unknown>\n#7 0x560e3f5fce93 <unknown>\n#8 0x560e3f5cf934 <unknown>\n#9 0x560e3f5d071e <unknown>\n#10 0x560e3f883cb8 <unknown>\n#11 0x560e3f887bf0 <unknown>\n#12 0x560e3f89219c <unknown>\n#13 0x560e3f888808 <unknown>\n#14 0x560e3f85527f <unknown>\n#15 0x560e3f8ace88 <unknown>\n#16 0x560e3f8ad059 <unknown>\n#17 0x560e3f8bd843 <unknown>\n#18 0x7fbc76489044 <unknown>","time":{"start":1695690694205,"stop":1695690694857,"duration":652}},{"uid":"32df5ad986e9447d","reportUrl":"https://zaelcovsky.github.io/StroyremAutomation/90//#testresult/32df5ad986e9447d","status":"broken","statusDetails":"selenium.common.exceptions.NoSuchElementException: Message: no such element: Unable to locate element: {\"method\":\"xpath\",\"selector\":\"(//a[@class='add-to-cart yellow-btn'])[1]\"}\n  (Session info: headless chrome=117.0.5938.92); For documentation on this error, please visit: https://www.selenium.dev/documentation/webdriver/troubleshooting/errors#no-such-element-exception\nStacktrace:\n#0 0x55c22b1d26b3 <unknown>\n#1 0x55c22aea81e7 <unknown>\n#2 0x55c22aeef566 <unknown>\n#3 0x55c22aeef651 <unknown>\n#4 0x55c22af2ca74 <unknown>\n#5 0x55c22af110ed <unknown>\n#6 0x55c22af2a322 <unknown>\n#7 0x55c22af10e93 <unknown>\n#8 0x55c22aee3934 <unknown>\n#9 0x55c22aee471e <unknown>\n#10 0x55c22b197cb8 <unknown>\n#11 0x55c22b19bbf0 <unknown>\n#12 0x55c22b1a619c <unknown>\n#13 0x55c22b19c808 <unknown>\n#14 0x55c22b16927f <unknown>\n#15 0x55c22b1c0e88 <unknown>\n#16 0x55c22b1c1059 <unknown>\n#17 0x55c22b1d1843 <unknown>\n#18 0x7f1b60462044 <unknown>","time":{"start":1695604084417,"stop":1695604084845,"duration":428}},{"uid":"74b3098c9d3bd318","reportUrl":"https://zaelcovsky.github.io/StroyremAutomation/89//#testresult/74b3098c9d3bd318","status":"broken","statusDetails":"selenium.common.exceptions.NoSuchElementException: Message: no such element: Unable to locate element: {\"method\":\"xpath\",\"selector\":\"(//a[@class='add-to-cart yellow-btn'])[1]\"}\n  (Session info: headless chrome=117.0.5938.92); For documentation on this error, please visit: https://www.selenium.dev/documentation/webdriver/troubleshooting/errors#no-such-element-exception\nStacktrace:\n#0 0x55d2b47436b3 <unknown>\n#1 0x55d2b44191e7 <unknown>\n#2 0x55d2b4460566 <unknown>\n#3 0x55d2b4460651 <unknown>\n#4 0x55d2b449da74 <unknown>\n#5 0x55d2b44820ed <unknown>\n#6 0x55d2b449b322 <unknown>\n#7 0x55d2b4481e93 <unknown>\n#8 0x55d2b4454934 <unknown>\n#9 0x55d2b445571e <unknown>\n#10 0x55d2b4708cb8 <unknown>\n#11 0x55d2b470cbf0 <unknown>\n#12 0x55d2b471719c <unknown>\n#13 0x55d2b470d808 <unknown>\n#14 0x55d2b46da27f <unknown>\n#15 0x55d2b4731e88 <unknown>\n#16 0x55d2b4732059 <unknown>\n#17 0x55d2b4742843 <unknown>\n#18 0x7f327e2e8044 <unknown>","time":{"start":1695517915180,"stop":1695517915762,"duration":582}},{"uid":"fbdb7334e05633a","reportUrl":"https://zaelcovsky.github.io/StroyremAutomation/88//#testresult/fbdb7334e05633a","status":"broken","statusDetails":"selenium.common.exceptions.NoSuchElementException: Message: no such element: Unable to locate element: {\"method\":\"xpath\",\"selector\":\"(//a[@class='add-to-cart yellow-btn'])[1]\"}\n  (Session info: headless chrome=117.0.5938.92); For documentation on this error, please visit: https://www.selenium.dev/documentation/webdriver/troubleshooting/errors#no-such-element-exception\nStacktrace:\n#0 0x55a68b4246b3 <unknown>\n#1 0x55a68b0fa1e7 <unknown>\n#2 0x55a68b141566 <unknown>\n#3 0x55a68b141651 <unknown>\n#4 0x55a68b17ea74 <unknown>\n#5 0x55a68b1630ed <unknown>\n#6 0x55a68b17c322 <unknown>\n#7 0x55a68b162e93 <unknown>\n#8 0x55a68b135934 <unknown>\n#9 0x55a68b13671e <unknown>\n#10 0x55a68b3e9cb8 <unknown>\n#11 0x55a68b3edbf0 <unknown>\n#12 0x55a68b3f819c <unknown>\n#13 0x55a68b3ee808 <unknown>\n#14 0x55a68b3bb27f <unknown>\n#15 0x55a68b412e88 <unknown>\n#16 0x55a68b413059 <unknown>\n#17 0x55a68b423843 <unknown>\n#18 0x7f82a2bb3044 <unknown>","time":{"start":1695431261591,"stop":1695431262235,"duration":644}},{"uid":"b5dc0b675d9bb732","reportUrl":"https://zaelcovsky.github.io/StroyremAutomation/87//#testresult/b5dc0b675d9bb732","status":"broken","statusDetails":"selenium.common.exceptions.NoSuchElementException: Message: no such element: Unable to locate element: {\"method\":\"xpath\",\"selector\":\"(//a[@class='add-to-cart yellow-btn'])[1]\"}\n  (Session info: headless chrome=117.0.5938.92); For documentation on this error, please visit: https://www.selenium.dev/documentation/webdriver/troubleshooting/errors#no-such-element-exception\nStacktrace:\n#0 0x55eaa89376b3 <unknown>\n#1 0x55eaa860d1e7 <unknown>\n#2 0x55eaa8654566 <unknown>\n#3 0x55eaa8654651 <unknown>\n#4 0x55eaa8691a74 <unknown>\n#5 0x55eaa86760ed <unknown>\n#6 0x55eaa868f322 <unknown>\n#7 0x55eaa8675e93 <unknown>\n#8 0x55eaa8648934 <unknown>\n#9 0x55eaa864971e <unknown>\n#10 0x55eaa88fccb8 <unknown>\n#11 0x55eaa8900bf0 <unknown>\n#12 0x55eaa890b19c <unknown>\n#13 0x55eaa8901808 <unknown>\n#14 0x55eaa88ce27f <unknown>\n#15 0x55eaa8925e88 <unknown>\n#16 0x55eaa8926059 <unknown>\n#17 0x55eaa8936843 <unknown>\n#18 0x7fc7cbe7d044 <unknown>","time":{"start":1695344839114,"stop":1695344839561,"duration":447}},{"uid":"c9bdbee82d21e083","reportUrl":"https://zaelcovsky.github.io/StroyremAutomation/86//#testresult/c9bdbee82d21e083","status":"broken","statusDetails":"selenium.common.exceptions.NoSuchElementException: Message: no such element: Unable to locate element: {\"method\":\"xpath\",\"selector\":\"(//a[@class='add-to-cart yellow-btn'])[1]\"}\n  (Session info: headless chrome=117.0.5938.88); For documentation on this error, please visit: https://www.selenium.dev/documentation/webdriver/troubleshooting/errors#no-such-element-exception\nStacktrace:\n#0 0x55f08e96e6c3 <unknown>\n#1 0x55f08e6441e7 <unknown>\n#2 0x55f08e68b566 <unknown>\n#3 0x55f08e68b651 <unknown>\n#4 0x55f08e6c8a74 <unknown>\n#5 0x55f08e6ad0ed <unknown>\n#6 0x55f08e6c6322 <unknown>\n#7 0x55f08e6ace93 <unknown>\n#8 0x55f08e67f934 <unknown>\n#9 0x55f08e68071e <unknown>\n#10 0x55f08e933cc8 <unknown>\n#11 0x55f08e937c00 <unknown>\n#12 0x55f08e9421ac <unknown>\n#13 0x55f08e938818 <unknown>\n#14 0x55f08e90528f <unknown>\n#15 0x55f08e95ce98 <unknown>\n#16 0x55f08e95d069 <unknown>\n#17 0x55f08e96d853 <unknown>\n#18 0x7ffbd51de044 <unknown>","time":{"start":1695258401896,"stop":1695258402284,"duration":388}},{"uid":"134d24a00bec2a76","reportUrl":"https://zaelcovsky.github.io/StroyremAutomation/85//#testresult/134d24a00bec2a76","status":"broken","statusDetails":"selenium.common.exceptions.ElementNotInteractableException: Message: element not interactable\n  (Session info: headless chrome=117.0.5938.88)\nStacktrace:\n#0 0x5594b21556c3 <unknown>\n#1 0x5594b1e2b036 <unknown>\n#2 0x5594b1e69c1d <unknown>\n#3 0x5594b1e940c2 <unknown>\n#4 0x5594b1e67f16 <unknown>\n#5 0x5594b1e9428e <unknown>\n#6 0x5594b1ead322 <unknown>\n#7 0x5594b1e93e93 <unknown>\n#8 0x5594b1e66934 <unknown>\n#9 0x5594b1e6771e <unknown>\n#10 0x5594b211acc8 <unknown>\n#11 0x5594b211ec00 <unknown>\n#12 0x5594b21291ac <unknown>\n#13 0x5594b211f818 <unknown>\n#14 0x5594b20ec28f <unknown>\n#15 0x5594b2143e98 <unknown>\n#16 0x5594b2144069 <unknown>\n#17 0x5594b2154853 <unknown>\n#18 0x7fa4a5c7d044 <unknown>","time":{"start":1695172266278,"stop":1695172272225,"duration":5947}}]},"tags":["smoke"]},"source":"962e6624d63ad59d.json","parameterValues":["11440","299","'TD 024'","9900","'products/shtukaturka-gipsovaya-aksolit-m50-30-kg-mashinnogo-naneseniya'","4300","'https://sandboxtest.stroyrem-nn.ru/'","9000"]}