{"uid":"a5c53bdc4b062f62","name":"test_positive_delivery_green_zone_smoke[TD 012-products/shtukaturka-gipsovaya-aksolit-m50-30-kg-mashinnogo-naneseniya-333-10000-4450-11990-12500-https://sandboxtest.stroyrem-nn.ru/]","fullName":"tests.delivery.test_delivery_calculation.TestDeliveryPageCalculation#test_positive_delivery_green_zone_smoke","historyId":"9d39cbb8c1423d43dfc259c1b0a6c01f","time":{"start":1695777015864,"stop":1695777022003,"duration":6139},"status":"broken","statusMessage":"selenium.common.exceptions.ElementNotInteractableException: Message: element not interactable\n  (Session info: headless chrome=117.0.5938.92)\nStacktrace:\n#0 0x55cb8d9d46b3 <unknown>\n#1 0x55cb8d6aa036 <unknown>\n#2 0x55cb8d6e8c1d <unknown>\n#3 0x55cb8d7130c2 <unknown>\n#4 0x55cb8d6e6f16 <unknown>\n#5 0x55cb8d71328e <unknown>\n#6 0x55cb8d72c322 <unknown>\n#7 0x55cb8d712e93 <unknown>\n#8 0x55cb8d6e5934 <unknown>\n#9 0x55cb8d6e671e <unknown>\n#10 0x55cb8d999cb8 <unknown>\n#11 0x55cb8d99dbf0 <unknown>\n#12 0x55cb8d9a819c <unknown>\n#13 0x55cb8d99e808 <unknown>\n#14 0x55cb8d96b27f <unknown>\n#15 0x55cb8d9c2e88 <unknown>\n#16 0x55cb8d9c3059 <unknown>\n#17 0x55cb8d9d3843 <unknown>\n#18 0x7fa548a5c044 <unknown>","statusTrace":"self = <tests.delivery.test_delivery_calculation.TestDeliveryPageCalculation object at 0x7f4a0aef9f10>\ndriver = <selenium.webdriver.chrome.webdriver.WebDriver (session=\"3793edf447883d7542aad21300457cb0\")>\nurl = 'https://sandboxtest.stroyrem-nn.ru/', case_id = 'TD 012'\nlink_item = 'products/shtukaturka-gipsovaya-aksolit-m50-30-kg-mashinnogo-naneseniya'\namount = 333, weight = 10000, standard = 4450, in_time = 11990, all_time = 12500\n\n    @pytest.mark.parametrize('case_id, link_item, amount, weight, standard, in_time, all_time', [\n        (\"TD 001\", uroven_3000, 1, 30, 0, 1590, 2190),\n        (\"TD 002\", bundeks_25, 1, 30, 400, 1590, 2190),\n        (\"TD 003\", aksolit_30, 8, 300, 400, 1590, 2190),\n        (\"TD 004\", aksolit_30, 13, 400, 450, 1590, 2190),\n        (\"TD 005\", aksolit_30, 16, 500, 600, 1590, 2190),\n        (\"TD 006\", aksolit_30, 25, 1700, 990, 1990, 2480),\n        (\"TD 007\", aksolit_30, 66, 2000, 1300, 2490, 2980),\n        (\"TD 008\", aksolit_30, 149, 4500, 2300, 3980, 4490),\n        (\"TD 009\", aksolit_30, 166, 5000, 2500, 4990, 5480),\n        pytest.param(\n            \"TD 010\", aksolit_30, 206, 6200, 2900, 5570, 6120,\n            marks=pytest.mark.xfail(reson=\"Цена доставки 3600 7960 8980\")\n        ),\n        (\"TD 011\", aksolit_30, 299, 9000, 3600, 7960, 8980),\n        (\"TD 012\", aksolit_30, 333, 10000, 4450, 11990, 12500),\n        pytest.param(\n            \"TD 013\", aksolit_30, 366, 11000, 4800, 12450, 13480,\n            marks=pytest.mark.xfail(reason=\"Цена стандартной доставки 4450\")\n        ),\n        pytest.param(\n            \"TD 014\", aksolit_30, 666, 20000, 5400, 15600, 17490,\n            marks=pytest.mark.xfail(reason=\"Цена стандартной доставки 4450\")\n        )\n    ])\n    @pytest.mark.smoke\n    def test_positive_delivery_green_zone_smoke(\n            self, driver, url, case_id, link_item, amount, weight, standard, in_time, all_time\n    ):\n    \n        driver.get(f'{url}{link_item}')\n        item_page = ItemPage(driver)\n>       item_page.add_item_to_cart(amount).click_on_cart()\n\ntests/delivery/test_delivery_calculation.py:49: \n_ _ _ _ _ _ _ _ _ _ _ _ _ _ _ _ _ _ _ _ _ _ _ _ _ _ _ _ _ _ _ _ _ _ _ _ _ _ _ _ \npages/item_page.py:42: in add_item_to_cart\n    amount_field.clear()\n/usr/local/lib/python3.11/site-packages/selenium/webdriver/remote/webelement.py:117: in clear\n    self._execute(Command.CLEAR_ELEMENT)\n/usr/local/lib/python3.11/site-packages/selenium/webdriver/remote/webelement.py:395: in _execute\n    return self._parent.execute(command, params)\n/usr/local/lib/python3.11/site-packages/selenium/webdriver/remote/webdriver.py:346: in execute\n    self.error_handler.check_response(response)\n_ _ _ _ _ _ _ _ _ _ _ _ _ _ _ _ _ _ _ _ _ _ _ _ _ _ _ _ _ _ _ _ _ _ _ _ _ _ _ _ \n\nself = <selenium.webdriver.remote.errorhandler.ErrorHandler object at 0x7f4a0ba07f50>\nresponse = {'status': 400, 'value': '{\"value\":{\"error\":\"element not interactable\",\"message\":\"element not interactable\\\\n  (Sessio...\\\\n#16 0x55cb8d9c3059 \\\\u003Cunknown>\\\\n#17 0x55cb8d9d3843 \\\\u003Cunknown>\\\\n#18 0x7fa548a5c044 \\\\u003Cunknown>\\\\n\"}}'}\n\n    def check_response(self, response: Dict[str, Any]) -> None:\n        \"\"\"Checks that a JSON response from the WebDriver does not have an\n        error.\n    \n        :Args:\n         - response - The JSON response from the WebDriver server as a dictionary\n           object.\n    \n        :Raises: If the response contains an error message.\n        \"\"\"\n        status = response.get(\"status\", None)\n        if not status or status == ErrorCode.SUCCESS:\n            return\n        value = None\n        message = response.get(\"message\", \"\")\n        screen: str = response.get(\"screen\", \"\")\n        stacktrace = None\n        if isinstance(status, int):\n            value_json = response.get(\"value\", None)\n            if value_json and isinstance(value_json, str):\n                import json\n    \n                try:\n                    value = json.loads(value_json)\n                    if len(value) == 1:\n                        value = value[\"value\"]\n                    status = value.get(\"error\", None)\n                    if not status:\n                        status = value.get(\"status\", ErrorCode.UNKNOWN_ERROR)\n                        message = value.get(\"value\") or value.get(\"message\")\n                        if not isinstance(message, str):\n                            value = message\n                            message = message.get(\"message\")\n                    else:\n                        message = value.get(\"message\", None)\n                except ValueError:\n                    pass\n    \n        exception_class: Type[WebDriverException]\n        if status in ErrorCode.NO_SUCH_ELEMENT:\n            exception_class = NoSuchElementException\n        elif status in ErrorCode.NO_SUCH_FRAME:\n            exception_class = NoSuchFrameException\n        elif status in ErrorCode.NO_SUCH_SHADOW_ROOT:\n            exception_class = NoSuchShadowRootException\n        elif status in ErrorCode.NO_SUCH_WINDOW:\n            exception_class = NoSuchWindowException\n        elif status in ErrorCode.STALE_ELEMENT_REFERENCE:\n            exception_class = StaleElementReferenceException\n        elif status in ErrorCode.ELEMENT_NOT_VISIBLE:\n            exception_class = ElementNotVisibleException\n        elif status in ErrorCode.INVALID_ELEMENT_STATE:\n            exception_class = InvalidElementStateException\n        elif (\n            status in ErrorCode.INVALID_SELECTOR\n            or status in ErrorCode.INVALID_XPATH_SELECTOR\n            or status in ErrorCode.INVALID_XPATH_SELECTOR_RETURN_TYPER\n        ):\n            exception_class = InvalidSelectorException\n        elif status in ErrorCode.ELEMENT_IS_NOT_SELECTABLE:\n            exception_class = ElementNotSelectableException\n        elif status in ErrorCode.ELEMENT_NOT_INTERACTABLE:\n            exception_class = ElementNotInteractableException\n        elif status in ErrorCode.INVALID_COOKIE_DOMAIN:\n            exception_class = InvalidCookieDomainException\n        elif status in ErrorCode.UNABLE_TO_SET_COOKIE:\n            exception_class = UnableToSetCookieException\n        elif status in ErrorCode.TIMEOUT:\n            exception_class = TimeoutException\n        elif status in ErrorCode.SCRIPT_TIMEOUT:\n            exception_class = TimeoutException\n        elif status in ErrorCode.UNKNOWN_ERROR:\n            exception_class = WebDriverException\n        elif status in ErrorCode.UNEXPECTED_ALERT_OPEN:\n            exception_class = UnexpectedAlertPresentException\n        elif status in ErrorCode.NO_ALERT_OPEN:\n            exception_class = NoAlertPresentException\n        elif status in ErrorCode.IME_NOT_AVAILABLE:\n            exception_class = ImeNotAvailableException\n        elif status in ErrorCode.IME_ENGINE_ACTIVATION_FAILED:\n            exception_class = ImeActivationFailedException\n        elif status in ErrorCode.MOVE_TARGET_OUT_OF_BOUNDS:\n            exception_class = MoveTargetOutOfBoundsException\n        elif status in ErrorCode.JAVASCRIPT_ERROR:\n            exception_class = JavascriptException\n        elif status in ErrorCode.SESSION_NOT_CREATED:\n            exception_class = SessionNotCreatedException\n        elif status in ErrorCode.INVALID_ARGUMENT:\n            exception_class = InvalidArgumentException\n        elif status in ErrorCode.NO_SUCH_COOKIE:\n            exception_class = NoSuchCookieException\n        elif status in ErrorCode.UNABLE_TO_CAPTURE_SCREEN:\n            exception_class = ScreenshotException\n        elif status in ErrorCode.ELEMENT_CLICK_INTERCEPTED:\n            exception_class = ElementClickInterceptedException\n        elif status in ErrorCode.INSECURE_CERTIFICATE:\n            exception_class = InsecureCertificateException\n        elif status in ErrorCode.INVALID_COORDINATES:\n            exception_class = InvalidCoordinatesException\n        elif status in ErrorCode.INVALID_SESSION_ID:\n            exception_class = InvalidSessionIdException\n        elif status in ErrorCode.UNKNOWN_METHOD:\n            exception_class = UnknownMethodException\n        else:\n            exception_class = WebDriverException\n        if not value:\n            value = response[\"value\"]\n        if isinstance(value, str):\n            raise exception_class(value)\n        if message == \"\" and \"message\" in value:\n            message = value[\"message\"]\n    \n        screen = None  # type: ignore[assignment]\n        if \"screen\" in value:\n            screen = value[\"screen\"]\n    \n        stacktrace = None\n        st_value = value.get(\"stackTrace\") or value.get(\"stacktrace\")\n        if st_value:\n            if isinstance(st_value, str):\n                stacktrace = st_value.split(\"\\n\")\n            else:\n                stacktrace = []\n                try:\n                    for frame in st_value:\n                        line = frame.get(\"lineNumber\", \"\")\n                        file = frame.get(\"fileName\", \"<anonymous>\")\n                        if line:\n                            file = f\"{file}:{line}\"\n                        meth = frame.get(\"methodName\", \"<anonymous>\")\n                        if \"className\" in frame:\n                            meth = f\"{frame['className']}.{meth}\"\n                        msg = \"    at %s (%s)\"\n                        msg = msg % (meth, file)\n                        stacktrace.append(msg)\n                except TypeError:\n                    pass\n        if exception_class == UnexpectedAlertPresentException:\n            alert_text = None\n            if \"data\" in value:\n                alert_text = value[\"data\"].get(\"text\")\n            elif \"alert\" in value:\n                alert_text = value[\"alert\"].get(\"text\")\n            raise exception_class(message, screen, stacktrace, alert_text)  # type: ignore[call-arg]  # mypy is not smart enough here\n>       raise exception_class(message, screen, stacktrace)\nE       selenium.common.exceptions.ElementNotInteractableException: Message: element not interactable\nE         (Session info: headless chrome=117.0.5938.92)\nE       Stacktrace:\nE       #0 0x55cb8d9d46b3 <unknown>\nE       #1 0x55cb8d6aa036 <unknown>\nE       #2 0x55cb8d6e8c1d <unknown>\nE       #3 0x55cb8d7130c2 <unknown>\nE       #4 0x55cb8d6e6f16 <unknown>\nE       #5 0x55cb8d71328e <unknown>\nE       #6 0x55cb8d72c322 <unknown>\nE       #7 0x55cb8d712e93 <unknown>\nE       #8 0x55cb8d6e5934 <unknown>\nE       #9 0x55cb8d6e671e <unknown>\nE       #10 0x55cb8d999cb8 <unknown>\nE       #11 0x55cb8d99dbf0 <unknown>\nE       #12 0x55cb8d9a819c <unknown>\nE       #13 0x55cb8d99e808 <unknown>\nE       #14 0x55cb8d96b27f <unknown>\nE       #15 0x55cb8d9c2e88 <unknown>\nE       #16 0x55cb8d9c3059 <unknown>\nE       #17 0x55cb8d9d3843 <unknown>\nE       #18 0x7fa548a5c044 <unknown>\n\n/usr/local/lib/python3.11/site-packages/selenium/webdriver/remote/errorhandler.py:245: ElementNotInteractableException","flaky":false,"newFailed":false,"newBroken":false,"newPassed":false,"retriesCount":0,"retriesStatusChange":false,"beforeStages":[{"name":"_session_faker","time":{"start":1695776493496,"stop":1695776493582,"duration":86},"status":"passed","steps":[],"attachments":[],"parameters":[],"shouldDisplayMessage":false,"stepsCount":0,"attachmentsCount":0,"hasContent":false},{"name":"clear_allure_results_folder","time":{"start":1695776493583,"stop":1695776493583,"duration":0},"status":"passed","steps":[],"attachments":[],"parameters":[],"shouldDisplayMessage":false,"stepsCount":0,"attachmentsCount":0,"hasContent":false},{"name":"driver","time":{"start":1695777015052,"stop":1695777015862,"duration":810},"status":"passed","steps":[],"attachments":[],"parameters":[],"shouldDisplayMessage":false,"stepsCount":0,"attachmentsCount":0,"hasContent":false},{"name":"setup","time":{"start":1695777015863,"stop":1695777015863,"duration":0},"status":"passed","steps":[],"attachments":[],"parameters":[],"shouldDisplayMessage":false,"stepsCount":0,"attachmentsCount":0,"hasContent":false}],"testStage":{"status":"broken","statusMessage":"selenium.common.exceptions.ElementNotInteractableException: Message: element not interactable\n  (Session info: headless chrome=117.0.5938.92)\nStacktrace:\n#0 0x55cb8d9d46b3 <unknown>\n#1 0x55cb8d6aa036 <unknown>\n#2 0x55cb8d6e8c1d <unknown>\n#3 0x55cb8d7130c2 <unknown>\n#4 0x55cb8d6e6f16 <unknown>\n#5 0x55cb8d71328e <unknown>\n#6 0x55cb8d72c322 <unknown>\n#7 0x55cb8d712e93 <unknown>\n#8 0x55cb8d6e5934 <unknown>\n#9 0x55cb8d6e671e <unknown>\n#10 0x55cb8d999cb8 <unknown>\n#11 0x55cb8d99dbf0 <unknown>\n#12 0x55cb8d9a819c <unknown>\n#13 0x55cb8d99e808 <unknown>\n#14 0x55cb8d96b27f <unknown>\n#15 0x55cb8d9c2e88 <unknown>\n#16 0x55cb8d9c3059 <unknown>\n#17 0x55cb8d9d3843 <unknown>\n#18 0x7fa548a5c044 <unknown>","statusTrace":"self = <tests.delivery.test_delivery_calculation.TestDeliveryPageCalculation object at 0x7f4a0aef9f10>\ndriver = <selenium.webdriver.chrome.webdriver.WebDriver (session=\"3793edf447883d7542aad21300457cb0\")>\nurl = 'https://sandboxtest.stroyrem-nn.ru/', case_id = 'TD 012'\nlink_item = 'products/shtukaturka-gipsovaya-aksolit-m50-30-kg-mashinnogo-naneseniya'\namount = 333, weight = 10000, standard = 4450, in_time = 11990, all_time = 12500\n\n    @pytest.mark.parametrize('case_id, link_item, amount, weight, standard, in_time, all_time', [\n        (\"TD 001\", uroven_3000, 1, 30, 0, 1590, 2190),\n        (\"TD 002\", bundeks_25, 1, 30, 400, 1590, 2190),\n        (\"TD 003\", aksolit_30, 8, 300, 400, 1590, 2190),\n        (\"TD 004\", aksolit_30, 13, 400, 450, 1590, 2190),\n        (\"TD 005\", aksolit_30, 16, 500, 600, 1590, 2190),\n        (\"TD 006\", aksolit_30, 25, 1700, 990, 1990, 2480),\n        (\"TD 007\", aksolit_30, 66, 2000, 1300, 2490, 2980),\n        (\"TD 008\", aksolit_30, 149, 4500, 2300, 3980, 4490),\n        (\"TD 009\", aksolit_30, 166, 5000, 2500, 4990, 5480),\n        pytest.param(\n            \"TD 010\", aksolit_30, 206, 6200, 2900, 5570, 6120,\n            marks=pytest.mark.xfail(reson=\"Цена доставки 3600 7960 8980\")\n        ),\n        (\"TD 011\", aksolit_30, 299, 9000, 3600, 7960, 8980),\n        (\"TD 012\", aksolit_30, 333, 10000, 4450, 11990, 12500),\n        pytest.param(\n            \"TD 013\", aksolit_30, 366, 11000, 4800, 12450, 13480,\n            marks=pytest.mark.xfail(reason=\"Цена стандартной доставки 4450\")\n        ),\n        pytest.param(\n            \"TD 014\", aksolit_30, 666, 20000, 5400, 15600, 17490,\n            marks=pytest.mark.xfail(reason=\"Цена стандартной доставки 4450\")\n        )\n    ])\n    @pytest.mark.smoke\n    def test_positive_delivery_green_zone_smoke(\n            self, driver, url, case_id, link_item, amount, weight, standard, in_time, all_time\n    ):\n    \n        driver.get(f'{url}{link_item}')\n        item_page = ItemPage(driver)\n>       item_page.add_item_to_cart(amount).click_on_cart()\n\ntests/delivery/test_delivery_calculation.py:49: \n_ _ _ _ _ _ _ _ _ _ _ _ _ _ _ _ _ _ _ _ _ _ _ _ _ _ _ _ _ _ _ _ _ _ _ _ _ _ _ _ \npages/item_page.py:42: in add_item_to_cart\n    amount_field.clear()\n/usr/local/lib/python3.11/site-packages/selenium/webdriver/remote/webelement.py:117: in clear\n    self._execute(Command.CLEAR_ELEMENT)\n/usr/local/lib/python3.11/site-packages/selenium/webdriver/remote/webelement.py:395: in _execute\n    return self._parent.execute(command, params)\n/usr/local/lib/python3.11/site-packages/selenium/webdriver/remote/webdriver.py:346: in execute\n    self.error_handler.check_response(response)\n_ _ _ _ _ _ _ _ _ _ _ _ _ _ _ _ _ _ _ _ _ _ _ _ _ _ _ _ _ _ _ _ _ _ _ _ _ _ _ _ \n\nself = <selenium.webdriver.remote.errorhandler.ErrorHandler object at 0x7f4a0ba07f50>\nresponse = {'status': 400, 'value': '{\"value\":{\"error\":\"element not interactable\",\"message\":\"element not interactable\\\\n  (Sessio...\\\\n#16 0x55cb8d9c3059 \\\\u003Cunknown>\\\\n#17 0x55cb8d9d3843 \\\\u003Cunknown>\\\\n#18 0x7fa548a5c044 \\\\u003Cunknown>\\\\n\"}}'}\n\n    def check_response(self, response: Dict[str, Any]) -> None:\n        \"\"\"Checks that a JSON response from the WebDriver does not have an\n        error.\n    \n        :Args:\n         - response - The JSON response from the WebDriver server as a dictionary\n           object.\n    \n        :Raises: If the response contains an error message.\n        \"\"\"\n        status = response.get(\"status\", None)\n        if not status or status == ErrorCode.SUCCESS:\n            return\n        value = None\n        message = response.get(\"message\", \"\")\n        screen: str = response.get(\"screen\", \"\")\n        stacktrace = None\n        if isinstance(status, int):\n            value_json = response.get(\"value\", None)\n            if value_json and isinstance(value_json, str):\n                import json\n    \n                try:\n                    value = json.loads(value_json)\n                    if len(value) == 1:\n                        value = value[\"value\"]\n                    status = value.get(\"error\", None)\n                    if not status:\n                        status = value.get(\"status\", ErrorCode.UNKNOWN_ERROR)\n                        message = value.get(\"value\") or value.get(\"message\")\n                        if not isinstance(message, str):\n                            value = message\n                            message = message.get(\"message\")\n                    else:\n                        message = value.get(\"message\", None)\n                except ValueError:\n                    pass\n    \n        exception_class: Type[WebDriverException]\n        if status in ErrorCode.NO_SUCH_ELEMENT:\n            exception_class = NoSuchElementException\n        elif status in ErrorCode.NO_SUCH_FRAME:\n            exception_class = NoSuchFrameException\n        elif status in ErrorCode.NO_SUCH_SHADOW_ROOT:\n            exception_class = NoSuchShadowRootException\n        elif status in ErrorCode.NO_SUCH_WINDOW:\n            exception_class = NoSuchWindowException\n        elif status in ErrorCode.STALE_ELEMENT_REFERENCE:\n            exception_class = StaleElementReferenceException\n        elif status in ErrorCode.ELEMENT_NOT_VISIBLE:\n            exception_class = ElementNotVisibleException\n        elif status in ErrorCode.INVALID_ELEMENT_STATE:\n            exception_class = InvalidElementStateException\n        elif (\n            status in ErrorCode.INVALID_SELECTOR\n            or status in ErrorCode.INVALID_XPATH_SELECTOR\n            or status in ErrorCode.INVALID_XPATH_SELECTOR_RETURN_TYPER\n        ):\n            exception_class = InvalidSelectorException\n        elif status in ErrorCode.ELEMENT_IS_NOT_SELECTABLE:\n            exception_class = ElementNotSelectableException\n        elif status in ErrorCode.ELEMENT_NOT_INTERACTABLE:\n            exception_class = ElementNotInteractableException\n        elif status in ErrorCode.INVALID_COOKIE_DOMAIN:\n            exception_class = InvalidCookieDomainException\n        elif status in ErrorCode.UNABLE_TO_SET_COOKIE:\n            exception_class = UnableToSetCookieException\n        elif status in ErrorCode.TIMEOUT:\n            exception_class = TimeoutException\n        elif status in ErrorCode.SCRIPT_TIMEOUT:\n            exception_class = TimeoutException\n        elif status in ErrorCode.UNKNOWN_ERROR:\n            exception_class = WebDriverException\n        elif status in ErrorCode.UNEXPECTED_ALERT_OPEN:\n            exception_class = UnexpectedAlertPresentException\n        elif status in ErrorCode.NO_ALERT_OPEN:\n            exception_class = NoAlertPresentException\n        elif status in ErrorCode.IME_NOT_AVAILABLE:\n            exception_class = ImeNotAvailableException\n        elif status in ErrorCode.IME_ENGINE_ACTIVATION_FAILED:\n            exception_class = ImeActivationFailedException\n        elif status in ErrorCode.MOVE_TARGET_OUT_OF_BOUNDS:\n            exception_class = MoveTargetOutOfBoundsException\n        elif status in ErrorCode.JAVASCRIPT_ERROR:\n            exception_class = JavascriptException\n        elif status in ErrorCode.SESSION_NOT_CREATED:\n            exception_class = SessionNotCreatedException\n        elif status in ErrorCode.INVALID_ARGUMENT:\n            exception_class = InvalidArgumentException\n        elif status in ErrorCode.NO_SUCH_COOKIE:\n            exception_class = NoSuchCookieException\n        elif status in ErrorCode.UNABLE_TO_CAPTURE_SCREEN:\n            exception_class = ScreenshotException\n        elif status in ErrorCode.ELEMENT_CLICK_INTERCEPTED:\n            exception_class = ElementClickInterceptedException\n        elif status in ErrorCode.INSECURE_CERTIFICATE:\n            exception_class = InsecureCertificateException\n        elif status in ErrorCode.INVALID_COORDINATES:\n            exception_class = InvalidCoordinatesException\n        elif status in ErrorCode.INVALID_SESSION_ID:\n            exception_class = InvalidSessionIdException\n        elif status in ErrorCode.UNKNOWN_METHOD:\n            exception_class = UnknownMethodException\n        else:\n            exception_class = WebDriverException\n        if not value:\n            value = response[\"value\"]\n        if isinstance(value, str):\n            raise exception_class(value)\n        if message == \"\" and \"message\" in value:\n            message = value[\"message\"]\n    \n        screen = None  # type: ignore[assignment]\n        if \"screen\" in value:\n            screen = value[\"screen\"]\n    \n        stacktrace = None\n        st_value = value.get(\"stackTrace\") or value.get(\"stacktrace\")\n        if st_value:\n            if isinstance(st_value, str):\n                stacktrace = st_value.split(\"\\n\")\n            else:\n                stacktrace = []\n                try:\n                    for frame in st_value:\n                        line = frame.get(\"lineNumber\", \"\")\n                        file = frame.get(\"fileName\", \"<anonymous>\")\n                        if line:\n                            file = f\"{file}:{line}\"\n                        meth = frame.get(\"methodName\", \"<anonymous>\")\n                        if \"className\" in frame:\n                            meth = f\"{frame['className']}.{meth}\"\n                        msg = \"    at %s (%s)\"\n                        msg = msg % (meth, file)\n                        stacktrace.append(msg)\n                except TypeError:\n                    pass\n        if exception_class == UnexpectedAlertPresentException:\n            alert_text = None\n            if \"data\" in value:\n                alert_text = value[\"data\"].get(\"text\")\n            elif \"alert\" in value:\n                alert_text = value[\"alert\"].get(\"text\")\n            raise exception_class(message, screen, stacktrace, alert_text)  # type: ignore[call-arg]  # mypy is not smart enough here\n>       raise exception_class(message, screen, stacktrace)\nE       selenium.common.exceptions.ElementNotInteractableException: Message: element not interactable\nE         (Session info: headless chrome=117.0.5938.92)\nE       Stacktrace:\nE       #0 0x55cb8d9d46b3 <unknown>\nE       #1 0x55cb8d6aa036 <unknown>\nE       #2 0x55cb8d6e8c1d <unknown>\nE       #3 0x55cb8d7130c2 <unknown>\nE       #4 0x55cb8d6e6f16 <unknown>\nE       #5 0x55cb8d71328e <unknown>\nE       #6 0x55cb8d72c322 <unknown>\nE       #7 0x55cb8d712e93 <unknown>\nE       #8 0x55cb8d6e5934 <unknown>\nE       #9 0x55cb8d6e671e <unknown>\nE       #10 0x55cb8d999cb8 <unknown>\nE       #11 0x55cb8d99dbf0 <unknown>\nE       #12 0x55cb8d9a819c <unknown>\nE       #13 0x55cb8d99e808 <unknown>\nE       #14 0x55cb8d96b27f <unknown>\nE       #15 0x55cb8d9c2e88 <unknown>\nE       #16 0x55cb8d9c3059 <unknown>\nE       #17 0x55cb8d9d3843 <unknown>\nE       #18 0x7fa548a5c044 <unknown>\n\n/usr/local/lib/python3.11/site-packages/selenium/webdriver/remote/errorhandler.py:245: ElementNotInteractableException","steps":[{"name":"Добавляем товар в корзину в количестве 333","time":{"start":1695777021885,"stop":1695777022002,"duration":117},"status":"broken","statusMessage":"selenium.common.exceptions.ElementNotInteractableException: Message: element not interactable\n  (Session info: headless chrome=117.0.5938.92)\nStacktrace:\n#0 0x55cb8d9d46b3 <unknown>\n#1 0x55cb8d6aa036 <unknown>\n#2 0x55cb8d6e8c1d <unknown>\n#3 0x55cb8d7130c2 <unknown>\n#4 0x55cb8d6e6f16 <unknown>\n#5 0x55cb8d71328e <unknown>\n#6 0x55cb8d72c322 <unknown>\n#7 0x55cb8d712e93 <unknown>\n#8 0x55cb8d6e5934 <unknown>\n#9 0x55cb8d6e671e <unknown>\n#10 0x55cb8d999cb8 <unknown>\n#11 0x55cb8d99dbf0 <unknown>\n#12 0x55cb8d9a819c <unknown>\n#13 0x55cb8d99e808 <unknown>\n#14 0x55cb8d96b27f <unknown>\n#15 0x55cb8d9c2e88 <unknown>\n#16 0x55cb8d9c3059 <unknown>\n#17 0x55cb8d9d3843 <unknown>\n#18 0x7fa548a5c044 <unknown>\n\n","statusTrace":"  File \"/usr/local/lib/python3.11/site-packages/allure_commons/_allure.py\", line 192, in impl\n    return func(*a, **kw)\n           ^^^^^^^^^^^^^^\n  File \"/app/pages/item_page.py\", line 42, in add_item_to_cart\n    amount_field.clear()\n  File \"/usr/local/lib/python3.11/site-packages/selenium/webdriver/remote/webelement.py\", line 117, in clear\n    self._execute(Command.CLEAR_ELEMENT)\n  File \"/usr/local/lib/python3.11/site-packages/selenium/webdriver/remote/webelement.py\", line 395, in _execute\n    return self._parent.execute(command, params)\n           ^^^^^^^^^^^^^^^^^^^^^^^^^^^^^^^^^^^^^\n  File \"/usr/local/lib/python3.11/site-packages/selenium/webdriver/remote/webdriver.py\", line 346, in execute\n    self.error_handler.check_response(response)\n  File \"/usr/local/lib/python3.11/site-packages/selenium/webdriver/remote/errorhandler.py\", line 245, in check_response\n    raise exception_class(message, screen, stacktrace)\n","steps":[],"attachments":[],"parameters":[{"name":"amount","value":"333"}],"shouldDisplayMessage":true,"stepsCount":0,"attachmentsCount":0,"hasContent":true}],"attachments":[{"uid":"33430d1eded13d22","name":"Screenshot","source":"33430d1eded13d22.png","type":"image/png","size":216592},{"uid":"f4ac0c44eb2140a5","name":"HTML source","source":"f4ac0c44eb2140a5.html","type":"text/html","size":350600}],"parameters":[],"shouldDisplayMessage":true,"stepsCount":1,"attachmentsCount":2,"hasContent":true},"afterStages":[{"name":"setup::0","time":{"start":1695777022249,"stop":1695777022249,"duration":0},"status":"passed","steps":[],"attachments":[],"parameters":[],"shouldDisplayMessage":false,"stepsCount":0,"attachmentsCount":0,"hasContent":false},{"name":"driver::0","time":{"start":1695777022249,"stop":1695777022311,"duration":62},"status":"passed","steps":[],"attachments":[],"parameters":[],"shouldDisplayMessage":false,"stepsCount":0,"attachmentsCount":0,"hasContent":false}],"labels":[{"name":"epic","value":"Delivery Page - calculation"},{"name":"tag","value":"smoke"},{"name":"parentSuite","value":"tests.delivery"},{"name":"suite","value":"test_delivery_calculation"},{"name":"subSuite","value":"TestDeliveryPageCalculation"},{"name":"host","value":"524f3a2ca6f9"},{"name":"thread","value":"1-MainThread"},{"name":"framework","value":"pytest"},{"name":"language","value":"cpython3"},{"name":"package","value":"tests.delivery.test_delivery_calculation"},{"name":"resultFormat","value":"allure2"}],"parameters":[{"name":"all_time","value":"12500"},{"name":"amount","value":"333"},{"name":"case_id","value":"'TD 012'"},{"name":"in_time","value":"11990"},{"name":"link_item","value":"'products/shtukaturka-gipsovaya-aksolit-m50-30-kg-mashinnogo-naneseniya'"},{"name":"standard","value":"4450"},{"name":"url","value":"'https://sandboxtest.stroyrem-nn.ru/'"},{"name":"weight","value":"10000"}],"links":[],"hidden":false,"retry":false,"extra":{"severity":"normal","retries":[],"categories":[{"name":"Test defects","matchedStatuses":[],"flaky":false}],"history":{"statistic":{"failed":0,"broken":28,"skipped":0,"passed":0,"unknown":0,"total":28},"items":[{"uid":"6d8339bc574401db","reportUrl":"https://zaelcovsky.github.io/StroyremAutomation/91//#testresult/6d8339bc574401db","status":"broken","statusDetails":"selenium.common.exceptions.NoSuchElementException: Message: no such element: Unable to locate element: {\"method\":\"xpath\",\"selector\":\"(//a[@class='add-to-cart yellow-btn'])[1]\"}\n  (Session info: headless chrome=117.0.5938.92); For documentation on this error, please visit: https://www.selenium.dev/documentation/webdriver/troubleshooting/errors#no-such-element-exception\nStacktrace:\n#0 0x55bc9ed076b3 <unknown>\n#1 0x55bc9e9dd1e7 <unknown>\n#2 0x55bc9ea24566 <unknown>\n#3 0x55bc9ea24651 <unknown>\n#4 0x55bc9ea61a74 <unknown>\n#5 0x55bc9ea460ed <unknown>\n#6 0x55bc9ea5f322 <unknown>\n#7 0x55bc9ea45e93 <unknown>\n#8 0x55bc9ea18934 <unknown>\n#9 0x55bc9ea1971e <unknown>\n#10 0x55bc9eccccb8 <unknown>\n#11 0x55bc9ecd0bf0 <unknown>\n#12 0x55bc9ecdb19c <unknown>\n#13 0x55bc9ecd1808 <unknown>\n#14 0x55bc9ec9e27f <unknown>\n#15 0x55bc9ecf5e88 <unknown>\n#16 0x55bc9ecf6059 <unknown>\n#17 0x55bc9ed06843 <unknown>\n#18 0x7fde9aa5a044 <unknown>","time":{"start":1695690673389,"stop":1695690674247,"duration":858}},{"uid":"c065f63d4013e734","reportUrl":"https://zaelcovsky.github.io/StroyremAutomation/90//#testresult/c065f63d4013e734","status":"broken","statusDetails":"selenium.common.exceptions.NoSuchElementException: Message: no such element: Unable to locate element: {\"method\":\"xpath\",\"selector\":\"(//a[@class='add-to-cart yellow-btn'])[1]\"}\n  (Session info: headless chrome=117.0.5938.92); For documentation on this error, please visit: https://www.selenium.dev/documentation/webdriver/troubleshooting/errors#no-such-element-exception\nStacktrace:\n#0 0x55f26b5546b3 <unknown>\n#1 0x55f26b22a1e7 <unknown>\n#2 0x55f26b271566 <unknown>\n#3 0x55f26b271651 <unknown>\n#4 0x55f26b2aea74 <unknown>\n#5 0x55f26b2930ed <unknown>\n#6 0x55f26b2ac322 <unknown>\n#7 0x55f26b292e93 <unknown>\n#8 0x55f26b265934 <unknown>\n#9 0x55f26b26671e <unknown>\n#10 0x55f26b519cb8 <unknown>\n#11 0x55f26b51dbf0 <unknown>\n#12 0x55f26b52819c <unknown>\n#13 0x55f26b51e808 <unknown>\n#14 0x55f26b4eb27f <unknown>\n#15 0x55f26b542e88 <unknown>\n#16 0x55f26b543059 <unknown>\n#17 0x55f26b553843 <unknown>\n#18 0x7f538c281044 <unknown>","time":{"start":1695604066809,"stop":1695604067347,"duration":538}},{"uid":"41e6bc3a93dd586d","reportUrl":"https://zaelcovsky.github.io/StroyremAutomation/89//#testresult/41e6bc3a93dd586d","status":"broken","statusDetails":"selenium.common.exceptions.NoSuchElementException: Message: no such element: Unable to locate element: {\"method\":\"xpath\",\"selector\":\"(//a[@class='add-to-cart yellow-btn'])[1]\"}\n  (Session info: headless chrome=117.0.5938.92); For documentation on this error, please visit: https://www.selenium.dev/documentation/webdriver/troubleshooting/errors#no-such-element-exception\nStacktrace:\n#0 0x55b39d7d66b3 <unknown>\n#1 0x55b39d4ac1e7 <unknown>\n#2 0x55b39d4f3566 <unknown>\n#3 0x55b39d4f3651 <unknown>\n#4 0x55b39d530a74 <unknown>\n#5 0x55b39d5150ed <unknown>\n#6 0x55b39d52e322 <unknown>\n#7 0x55b39d514e93 <unknown>\n#8 0x55b39d4e7934 <unknown>\n#9 0x55b39d4e871e <unknown>\n#10 0x55b39d79bcb8 <unknown>\n#11 0x55b39d79fbf0 <unknown>\n#12 0x55b39d7aa19c <unknown>\n#13 0x55b39d7a0808 <unknown>\n#14 0x55b39d76d27f <unknown>\n#15 0x55b39d7c4e88 <unknown>\n#16 0x55b39d7c5059 <unknown>\n#17 0x55b39d7d5843 <unknown>\n#18 0x7f01ec00b044 <unknown>","time":{"start":1695517895946,"stop":1695517896692,"duration":746}},{"uid":"904aa17d3c2229ed","reportUrl":"https://zaelcovsky.github.io/StroyremAutomation/88//#testresult/904aa17d3c2229ed","status":"broken","statusDetails":"selenium.common.exceptions.NoSuchElementException: Message: no such element: Unable to locate element: {\"method\":\"xpath\",\"selector\":\"(//a[@class='add-to-cart yellow-btn'])[1]\"}\n  (Session info: headless chrome=117.0.5938.92); For documentation on this error, please visit: https://www.selenium.dev/documentation/webdriver/troubleshooting/errors#no-such-element-exception\nStacktrace:\n#0 0x562a2d25e6b3 <unknown>\n#1 0x562a2cf341e7 <unknown>\n#2 0x562a2cf7b566 <unknown>\n#3 0x562a2cf7b651 <unknown>\n#4 0x562a2cfb8a74 <unknown>\n#5 0x562a2cf9d0ed <unknown>\n#6 0x562a2cfb6322 <unknown>\n#7 0x562a2cf9ce93 <unknown>\n#8 0x562a2cf6f934 <unknown>\n#9 0x562a2cf7071e <unknown>\n#10 0x562a2d223cb8 <unknown>\n#11 0x562a2d227bf0 <unknown>\n#12 0x562a2d23219c <unknown>\n#13 0x562a2d228808 <unknown>\n#14 0x562a2d1f527f <unknown>\n#15 0x562a2d24ce88 <unknown>\n#16 0x562a2d24d059 <unknown>\n#17 0x562a2d25d843 <unknown>\n#18 0x7f7226166044 <unknown>","time":{"start":1695431240884,"stop":1695431241540,"duration":656}},{"uid":"ece75924a7cacd40","reportUrl":"https://zaelcovsky.github.io/StroyremAutomation/87//#testresult/ece75924a7cacd40","status":"broken","statusDetails":"selenium.common.exceptions.NoSuchElementException: Message: no such element: Unable to locate element: {\"method\":\"xpath\",\"selector\":\"(//a[@class='add-to-cart yellow-btn'])[1]\"}\n  (Session info: headless chrome=117.0.5938.92); For documentation on this error, please visit: https://www.selenium.dev/documentation/webdriver/troubleshooting/errors#no-such-element-exception\nStacktrace:\n#0 0x560d680216b3 <unknown>\n#1 0x560d67cf71e7 <unknown>\n#2 0x560d67d3e566 <unknown>\n#3 0x560d67d3e651 <unknown>\n#4 0x560d67d7ba74 <unknown>\n#5 0x560d67d600ed <unknown>\n#6 0x560d67d79322 <unknown>\n#7 0x560d67d5fe93 <unknown>\n#8 0x560d67d32934 <unknown>\n#9 0x560d67d3371e <unknown>\n#10 0x560d67fe6cb8 <unknown>\n#11 0x560d67feabf0 <unknown>\n#12 0x560d67ff519c <unknown>\n#13 0x560d67feb808 <unknown>\n#14 0x560d67fb827f <unknown>\n#15 0x560d6800fe88 <unknown>\n#16 0x560d68010059 <unknown>\n#17 0x560d68020843 <unknown>\n#18 0x7fcf66ef1044 <unknown>","time":{"start":1695344821546,"stop":1695344822112,"duration":566}},{"uid":"1c9b1ea581a0155a","reportUrl":"https://zaelcovsky.github.io/StroyremAutomation/86//#testresult/1c9b1ea581a0155a","status":"broken","statusDetails":"selenium.common.exceptions.NoSuchElementException: Message: no such element: Unable to locate element: {\"method\":\"xpath\",\"selector\":\"(//a[@class='add-to-cart yellow-btn'])[1]\"}\n  (Session info: headless chrome=117.0.5938.88); For documentation on this error, please visit: https://www.selenium.dev/documentation/webdriver/troubleshooting/errors#no-such-element-exception\nStacktrace:\n#0 0x55686ddaa6c3 <unknown>\n#1 0x55686da801e7 <unknown>\n#2 0x55686dac7566 <unknown>\n#3 0x55686dac7651 <unknown>\n#4 0x55686db04a74 <unknown>\n#5 0x55686dae90ed <unknown>\n#6 0x55686db02322 <unknown>\n#7 0x55686dae8e93 <unknown>\n#8 0x55686dabb934 <unknown>\n#9 0x55686dabc71e <unknown>\n#10 0x55686dd6fcc8 <unknown>\n#11 0x55686dd73c00 <unknown>\n#12 0x55686dd7e1ac <unknown>\n#13 0x55686dd74818 <unknown>\n#14 0x55686dd4128f <unknown>\n#15 0x55686dd98e98 <unknown>\n#16 0x55686dd99069 <unknown>\n#17 0x55686dda9853 <unknown>\n#18 0x7fef8d935044 <unknown>","time":{"start":1695258384987,"stop":1695258385486,"duration":499}},{"uid":"b95097391cf7764a","reportUrl":"https://zaelcovsky.github.io/StroyremAutomation/85//#testresult/b95097391cf7764a","status":"broken","statusDetails":"selenium.common.exceptions.ElementNotInteractableException: Message: element not interactable\n  (Session info: headless chrome=117.0.5938.88)\nStacktrace:\n#0 0x564e1b1c76c3 <unknown>\n#1 0x564e1ae9d036 <unknown>\n#2 0x564e1aedbc1d <unknown>\n#3 0x564e1af060c2 <unknown>\n#4 0x564e1aed9f16 <unknown>\n#5 0x564e1af0628e <unknown>\n#6 0x564e1af1f322 <unknown>\n#7 0x564e1af05e93 <unknown>\n#8 0x564e1aed8934 <unknown>\n#9 0x564e1aed971e <unknown>\n#10 0x564e1b18ccc8 <unknown>\n#11 0x564e1b190c00 <unknown>\n#12 0x564e1b19b1ac <unknown>\n#13 0x564e1b191818 <unknown>\n#14 0x564e1b15e28f <unknown>\n#15 0x564e1b1b5e98 <unknown>\n#16 0x564e1b1b6069 <unknown>\n#17 0x564e1b1c6853 <unknown>\n#18 0x7f4a49f9e044 <unknown>","time":{"start":1695172179951,"stop":1695172185902,"duration":5951}},{"uid":"d4ad3ec2de3533f","reportUrl":"https://zaelcovsky.github.io/StroyremAutomation/84//#testresult/d4ad3ec2de3533f","status":"broken","statusDetails":"selenium.common.exceptions.NoSuchElementException: Message: no such element: Unable to locate element: {\"method\":\"xpath\",\"selector\":\"(//a[@class='add-to-cart yellow-btn'])[1]\"}\n  (Session info: headless chrome=117.0.5938.88); For documentation on this error, please visit: https://www.selenium.dev/documentation/webdriver/troubleshooting/errors#no-such-element-exception\nStacktrace:\n#0 0x55f8bcbb96c3 <unknown>\n#1 0x55f8bc88f1e7 <unknown>\n#2 0x55f8bc8d6566 <unknown>\n#3 0x55f8bc8d6651 <unknown>\n#4 0x55f8bc913a74 <unknown>\n#5 0x55f8bc8f80ed <unknown>\n#6 0x55f8bc911322 <unknown>\n#7 0x55f8bc8f7e93 <unknown>\n#8 0x55f8bc8ca934 <unknown>\n#9 0x55f8bc8cb71e <unknown>\n#10 0x55f8bcb7ecc8 <unknown>\n#11 0x55f8bcb82c00 <unknown>\n#12 0x55f8bcb8d1ac <unknown>\n#13 0x55f8bcb83818 <unknown>\n#14 0x55f8bcb5028f <unknown>\n#15 0x55f8bcba7e98 <unknown>\n#16 0x55f8bcba8069 <unknown>\n#17 0x55f8bcbb8853 <unknown>\n#18 0x7f973dda0044 <unknown>","time":{"start":1695085766286,"stop":1695085766813,"duration":527}},{"uid":"336af02398fe32cf","reportUrl":"https://zaelcovsky.github.io/StroyremAutomation/83//#testresult/336af02398fe32cf","status":"broken","statusDetails":"selenium.common.exceptions.NoSuchElementException: Message: no such element: Unable to locate element: {\"method\":\"xpath\",\"selector\":\"(//a[@class='add-to-cart yellow-btn'])[1]\"}\n  (Session info: headless chrome=117.0.5938.88); For documentation on this error, please visit: https://www.selenium.dev/documentation/webdriver/troubleshooting/errors#no-such-element-exception\nStacktrace:\n#0 0x564c645ed6c3 <unknown>\n#1 0x564c642c31e7 <unknown>\n#2 0x564c6430a566 <unknown>\n#3 0x564c6430a651 <unknown>\n#4 0x564c64347a74 <unknown>\n#5 0x564c6432c0ed <unknown>\n#6 0x564c64345322 <unknown>\n#7 0x564c6432be93 <unknown>\n#8 0x564c642fe934 <unknown>\n#9 0x564c642ff71e <unknown>\n#10 0x564c645b2cc8 <unknown>\n#11 0x564c645b6c00 <unknown>\n#12 0x564c645c11ac <unknown>\n#13 0x564c645b7818 <unknown>\n#14 0x564c6458428f <unknown>\n#15 0x564c645dbe98 <unknown>\n#16 0x564c645dc069 <unknown>\n#17 0x564c645ec853 <unknown>\n#18 0x7f215e2fd044 <unknown>","time":{"start":1694999358241,"stop":1694999358902,"duration":661}},{"uid":"78f3c8ad73e55d27","reportUrl":"https://zaelcovsky.github.io/StroyremAutomation/82//#testresult/78f3c8ad73e55d27","status":"broken","statusDetails":"selenium.common.exceptions.NoSuchElementException: Message: no such element: Unable to locate element: {\"method\":\"xpath\",\"selector\":\"(//a[@class='add-to-cart yellow-btn'])[1]\"}\n  (Session info: headless chrome=117.0.5938.88); For documentation on this error, please visit: https://www.selenium.dev/documentation/webdriver/troubleshooting/errors#no-such-element-exception\nStacktrace:\n#0 0x55cd35cf96c3 <unknown>\n#1 0x55cd359cf1e7 <unknown>\n#2 0x55cd35a16566 <unknown>\n#3 0x55cd35a16651 <unknown>\n#4 0x55cd35a53a74 <unknown>\n#5 0x55cd35a380ed <unknown>\n#6 0x55cd35a51322 <unknown>\n#7 0x55cd35a37e93 <unknown>\n#8 0x55cd35a0a934 <unknown>\n#9 0x55cd35a0b71e <unknown>\n#10 0x55cd35cbecc8 <unknown>\n#11 0x55cd35cc2c00 <unknown>\n#12 0x55cd35ccd1ac <unknown>\n#13 0x55cd35cc3818 <unknown>\n#14 0x55cd35c9028f <unknown>\n#15 0x55cd35ce7e98 <unknown>\n#16 0x55cd35ce8069 <unknown>\n#17 0x55cd35cf8853 <unknown>\n#18 0x7f4557cbf044 <unknown>","time":{"start":1694913007728,"stop":1694913008183,"duration":455}},{"uid":"731762c855e8e844","reportUrl":"https://zaelcovsky.github.io/StroyremAutomation/81//#testresult/731762c855e8e844","status":"broken","statusDetails":"selenium.common.exceptions.NoSuchElementException: Message: no such element: Unable to locate element: {\"method\":\"xpath\",\"selector\":\"(//a[@class='add-to-cart yellow-btn'])[1]\"}\n  (Session info: headless chrome=117.0.5938.88); For documentation on this error, please visit: https://www.selenium.dev/documentation/webdriver/troubleshooting/errors#no-such-element-exception\nStacktrace:\n#0 0x5638692166c3 <unknown>\n#1 0x563868eec1e7 <unknown>\n#2 0x563868f33566 <unknown>\n#3 0x563868f33651 <unknown>\n#4 0x563868f70a74 <unknown>\n#5 0x563868f550ed <unknown>\n#6 0x563868f6e322 <unknown>\n#7 0x563868f54e93 <unknown>\n#8 0x563868f27934 <unknown>\n#9 0x563868f2871e <unknown>\n#10 0x5638691dbcc8 <unknown>\n#11 0x5638691dfc00 <unknown>\n#12 0x5638691ea1ac <unknown>\n#13 0x5638691e0818 <unknown>\n#14 0x5638691ad28f <unknown>\n#15 0x563869204e98 <unknown>\n#16 0x563869205069 <unknown>\n#17 0x563869215853 <unknown>\n#18 0x7f37ad176044 <unknown>","time":{"start":1694826441135,"stop":1694826441786,"duration":651}},{"uid":"eea714906d7c6f43","reportUrl":"https://zaelcovsky.github.io/StroyremAutomation/80//#testresult/eea714906d7c6f43","status":"broken","statusDetails":"selenium.common.exceptions.NoSuchElementException: Message: no such element: Unable to locate element: {\"method\":\"xpath\",\"selector\":\"(//a[@class='add-to-cart yellow-btn'])[1]\"}\n  (Session info: headless chrome=117.0.5938.62); For documentation on this error, please visit: https://www.selenium.dev/documentation/webdriver/troubleshooting/errors#no-such-element-exception\nStacktrace:\n#0 0x55c0e75d5693 <unknown>\n#1 0x55c0e72ab1e7 <unknown>\n#2 0x55c0e72f2566 <unknown>\n#3 0x55c0e72f2651 <unknown>\n#4 0x55c0e732fa74 <unknown>\n#5 0x55c0e73140ed <unknown>\n#6 0x55c0e732d322 <unknown>\n#7 0x55c0e7313e93 <unknown>\n#8 0x55c0e72e6934 <unknown>\n#9 0x55c0e72e771e <unknown>\n#10 0x55c0e759ac98 <unknown>\n#11 0x55c0e759ebd0 <unknown>\n#12 0x55c0e75a917c <unknown>\n#13 0x55c0e759f7e8 <unknown>\n#14 0x55c0e756c25f <unknown>\n#15 0x55c0e75c3e68 <unknown>\n#16 0x55c0e75c4039 <unknown>\n#17 0x55c0e75d4823 <unknown>\n#18 0x7f45ff043044 <unknown>","time":{"start":1694740052053,"stop":1694740052770,"duration":717}},{"uid":"eeed3f169c278585","reportUrl":"https://zaelcovsky.github.io/StroyremAutomation/79//#testresult/eeed3f169c278585","status":"broken","statusDetails":"selenium.common.exceptions.NoSuchElementException: Message: no such element: Unable to locate element: {\"method\":\"xpath\",\"selector\":\"(//a[@class='add-to-cart yellow-btn'])[1]\"}\n  (Session info: headless chrome=117.0.5938.62); For documentation on this error, please visit: https://www.selenium.dev/documentation/webdriver/troubleshooting/errors#no-such-element-exception\nStacktrace:\n#0 0x55f2598e0693 <unknown>\n#1 0x55f2595b61e7 <unknown>\n#2 0x55f2595fd566 <unknown>\n#3 0x55f2595fd651 <unknown>\n#4 0x55f25963aa74 <unknown>\n#5 0x55f25961f0ed <unknown>\n#6 0x55f259638322 <unknown>\n#7 0x55f25961ee93 <unknown>\n#8 0x55f2595f1934 <unknown>\n#9 0x55f2595f271e <unknown>\n#10 0x55f2598a5c98 <unknown>\n#11 0x55f2598a9bd0 <unknown>\n#12 0x55f2598b417c <unknown>\n#13 0x55f2598aa7e8 <unknown>\n#14 0x55f25987725f <unknown>\n#15 0x55f2598cee68 <unknown>\n#16 0x55f2598cf039 <unknown>\n#17 0x55f2598df823 <unknown>\n#18 0x7f51a36be044 <unknown>","time":{"start":1694653877238,"stop":1694653877907,"duration":669}},{"uid":"ae0d49a84bd26454","reportUrl":"https://zaelcovsky.github.io/StroyremAutomation/78//#testresult/ae0d49a84bd26454","status":"broken","statusDetails":"selenium.common.exceptions.NoSuchElementException: Message: no such element: Unable to locate element: {\"method\":\"xpath\",\"selector\":\"(//a[@class='add-to-cart yellow-btn'])[1]\"}\n  (Session info: headless chrome=117.0.5938.62); For documentation on this error, please visit: https://www.selenium.dev/documentation/webdriver/troubleshooting/errors#no-such-element-exception\nStacktrace:\n#0 0x56280999c693 <unknown>\n#1 0x5628096721e7 <unknown>\n#2 0x5628096b9566 <unknown>\n#3 0x5628096b9651 <unknown>\n#4 0x5628096f6a74 <unknown>\n#5 0x5628096db0ed <unknown>\n#6 0x5628096f4322 <unknown>\n#7 0x5628096dae93 <unknown>\n#8 0x5628096ad934 <unknown>\n#9 0x5628096ae71e <unknown>\n#10 0x562809961c98 <unknown>\n#11 0x562809965bd0 <unknown>\n#12 0x56280997017c <unknown>\n#13 0x5628099667e8 <unknown>\n#14 0x56280993325f <unknown>\n#15 0x56280998ae68 <unknown>\n#16 0x56280998b039 <unknown>\n#17 0x56280999b823 <unknown>\n#18 0x7fab5c658044 <unknown>","time":{"start":1694567365662,"stop":1694567366209,"duration":547}},{"uid":"ddcc9c086b3a023c","reportUrl":"https://zaelcovsky.github.io/StroyremAutomation/77//#testresult/ddcc9c086b3a023c","status":"broken","statusDetails":"selenium.common.exceptions.NoSuchElementException: Message: no such element: Unable to locate element: {\"method\":\"xpath\",\"selector\":\"(//a[@class='add-to-cart yellow-btn'])[1]\"}\n  (Session info: headless chrome=116.0.5845.96); For documentation on this error, please visit: https://www.selenium.dev/documentation/webdriver/troubleshooting/errors#no-such-element-exception\nStacktrace:\n#0 0x55bc71038e23 <unknown>\n#1 0x55bc70d617a7 <unknown>\n#2 0x55bc70da01d3 <unknown>\n#3 0x55bc70da02c1 <unknown>\n#4 0x55bc70ddba04 <unknown>\n#5 0x55bc70dc103d <unknown>\n#6 0x55bc70dd9369 <unknown>\n#7 0x55bc70dc0de3 <unknown>\n#8 0x55bc70d94a7b <unknown>\n#9 0x55bc70d9581e <unknown>\n#10 0x55bc70ffa638 <unknown>\n#11 0x55bc70ffe507 <unknown>\n#12 0x55bc71008c4c <unknown>\n#13 0x55bc70fff136 <unknown>\n#14 0x55bc70fcd9cf <unknown>\n#15 0x55bc71022b98 <unknown>\n#16 0x55bc71022d68 <unknown>\n#17 0x55bc71031cb3 <unknown>\n#18 0x7fc2770fd044 <unknown>","time":{"start":1694481012194,"stop":1694481012857,"duration":663}},{"uid":"f9fb70a03b8e8163","reportUrl":"https://zaelcovsky.github.io/StroyremAutomation/76//#testresult/f9fb70a03b8e8163","status":"broken","statusDetails":"selenium.common.exceptions.NoSuchElementException: Message: no such element: Unable to locate element: {\"method\":\"xpath\",\"selector\":\"(//a[@class='add-to-cart yellow-btn'])[1]\"}\n  (Session info: headless chrome=116.0.5845.96); For documentation on this error, please visit: https://www.selenium.dev/documentation/webdriver/troubleshooting/errors#no-such-element-exception\nStacktrace:\n#0 0x55d4d54f2e23 <unknown>\n#1 0x55d4d521b7a7 <unknown>\n#2 0x55d4d525a1d3 <unknown>\n#3 0x55d4d525a2c1 <unknown>\n#4 0x55d4d5295a04 <unknown>\n#5 0x55d4d527b03d <unknown>\n#6 0x55d4d5293369 <unknown>\n#7 0x55d4d527ade3 <unknown>\n#8 0x55d4d524ea7b <unknown>\n#9 0x55d4d524f81e <unknown>\n#10 0x55d4d54b4638 <unknown>\n#11 0x55d4d54b8507 <unknown>\n#12 0x55d4d54c2c4c <unknown>\n#13 0x55d4d54b9136 <unknown>\n#14 0x55d4d54879cf <unknown>\n#15 0x55d4d54dcb98 <unknown>\n#16 0x55d4d54dcd68 <unknown>\n#17 0x55d4d54ebcb3 <unknown>\n#18 0x7f86e8f5e044 <unknown>","time":{"start":1694394524382,"stop":1694394524934,"duration":552}},{"uid":"c4dfc64229653318","reportUrl":"https://zaelcovsky.github.io/StroyremAutomation/75//#testresult/c4dfc64229653318","status":"broken","statusDetails":"selenium.common.exceptions.NoSuchElementException: Message: no such element: Unable to locate element: {\"method\":\"xpath\",\"selector\":\"(//a[@class='add-to-cart yellow-btn'])[1]\"}\n  (Session info: headless chrome=116.0.5845.96); For documentation on this error, please visit: https://www.selenium.dev/documentation/webdriver/troubleshooting/errors#no-such-element-exception\nStacktrace:\n#0 0x556ca07d9e23 <unknown>\n#1 0x556ca05027a7 <unknown>\n#2 0x556ca05411d3 <unknown>\n#3 0x556ca05412c1 <unknown>\n#4 0x556ca057ca04 <unknown>\n#5 0x556ca056203d <unknown>\n#6 0x556ca057a369 <unknown>\n#7 0x556ca0561de3 <unknown>\n#8 0x556ca0535a7b <unknown>\n#9 0x556ca053681e <unknown>\n#10 0x556ca079b638 <unknown>\n#11 0x556ca079f507 <unknown>\n#12 0x556ca07a9c4c <unknown>\n#13 0x556ca07a0136 <unknown>\n#14 0x556ca076e9cf <unknown>\n#15 0x556ca07c3b98 <unknown>\n#16 0x556ca07c3d68 <unknown>\n#17 0x556ca07d2cb3 <unknown>\n#18 0x7f792aac0044 <unknown>","time":{"start":1694308280094,"stop":1694308280656,"duration":562}},{"uid":"3ddf4f11b9a49648","reportUrl":"https://zaelcovsky.github.io/StroyremAutomation/74//#testresult/3ddf4f11b9a49648","status":"broken","statusDetails":"selenium.common.exceptions.NoSuchElementException: Message: no such element: Unable to locate element: {\"method\":\"xpath\",\"selector\":\"(//a[@class='add-to-cart yellow-btn'])[1]\"}\n  (Session info: headless chrome=116.0.5845.96); For documentation on this error, please visit: https://www.selenium.dev/documentation/webdriver/troubleshooting/errors#no-such-element-exception\nStacktrace:\n#0 0x55e36915ce23 <unknown>\n#1 0x55e368e857a7 <unknown>\n#2 0x55e368ec41d3 <unknown>\n#3 0x55e368ec42c1 <unknown>\n#4 0x55e368effa04 <unknown>\n#5 0x55e368ee503d <unknown>\n#6 0x55e368efd369 <unknown>\n#7 0x55e368ee4de3 <unknown>\n#8 0x55e368eb8a7b <unknown>\n#9 0x55e368eb981e <unknown>\n#10 0x55e36911e638 <unknown>\n#11 0x55e369122507 <unknown>\n#12 0x55e36912cc4c <unknown>\n#13 0x55e369123136 <unknown>\n#14 0x55e3690f19cf <unknown>\n#15 0x55e369146b98 <unknown>\n#16 0x55e369146d68 <unknown>\n#17 0x55e369155cb3 <unknown>\n#18 0x7f35af2eb044 <unknown>","time":{"start":1694221817677,"stop":1694221818305,"duration":628}},{"uid":"a41263ed0c2c93e4","reportUrl":"https://zaelcovsky.github.io/StroyremAutomation/73//#testresult/a41263ed0c2c93e4","status":"broken","statusDetails":"selenium.common.exceptions.NoSuchElementException: Message: no such element: Unable to locate element: {\"method\":\"xpath\",\"selector\":\"(//a[@class='add-to-cart yellow-btn'])[1]\"}\n  (Session info: headless chrome=116.0.5845.96); For documentation on this error, please visit: https://www.selenium.dev/documentation/webdriver/troubleshooting/errors#no-such-element-exception\nStacktrace:\n#0 0x55f5b67bee23 <unknown>\n#1 0x55f5b64e77a7 <unknown>\n#2 0x55f5b65261d3 <unknown>\n#3 0x55f5b65262c1 <unknown>\n#4 0x55f5b6561a04 <unknown>\n#5 0x55f5b654703d <unknown>\n#6 0x55f5b655f369 <unknown>\n#7 0x55f5b6546de3 <unknown>\n#8 0x55f5b651aa7b <unknown>\n#9 0x55f5b651b81e <unknown>\n#10 0x55f5b6780638 <unknown>\n#11 0x55f5b6784507 <unknown>\n#12 0x55f5b678ec4c <unknown>\n#13 0x55f5b6785136 <unknown>\n#14 0x55f5b67539cf <unknown>\n#15 0x55f5b67a8b98 <unknown>\n#16 0x55f5b67a8d68 <unknown>\n#17 0x55f5b67b7cb3 <unknown>\n#18 0x7f4dc1c62044 <unknown>","time":{"start":1694135280749,"stop":1694135281333,"duration":584}},{"uid":"52db7f73f64d383b","reportUrl":"https://zaelcovsky.github.io/StroyremAutomation/72//#testresult/52db7f73f64d383b","status":"broken","statusDetails":"selenium.common.exceptions.NoSuchElementException: Message: no such element: Unable to locate element: {\"method\":\"xpath\",\"selector\":\"(//a[@class='add-to-cart yellow-btn'])[1]\"}\n  (Session info: headless chrome=116.0.5845.96); For documentation on this error, please visit: https://www.selenium.dev/documentation/webdriver/troubleshooting/errors#no-such-element-exception\nStacktrace:\n#0 0x55ae3c1cde23 <unknown>\n#1 0x55ae3bef67a7 <unknown>\n#2 0x55ae3bf351d3 <unknown>\n#3 0x55ae3bf352c1 <unknown>\n#4 0x55ae3bf70a04 <unknown>\n#5 0x55ae3bf5603d <unknown>\n#6 0x55ae3bf6e369 <unknown>\n#7 0x55ae3bf55de3 <unknown>\n#8 0x55ae3bf29a7b <unknown>\n#9 0x55ae3bf2a81e <unknown>\n#10 0x55ae3c18f638 <unknown>\n#11 0x55ae3c193507 <unknown>\n#12 0x55ae3c19dc4c <unknown>\n#13 0x55ae3c194136 <unknown>\n#14 0x55ae3c1629cf <unknown>\n#15 0x55ae3c1b7b98 <unknown>\n#16 0x55ae3c1b7d68 <unknown>\n#17 0x55ae3c1c6cb3 <unknown>\n#18 0x7f80d742f044 <unknown>","time":{"start":1694048983961,"stop":1694048989524,"duration":5563}}]},"tags":["smoke"]},"source":"a5c53bdc4b062f62.json","parameterValues":["12500","333","'TD 012'","11990","'products/shtukaturka-gipsovaya-aksolit-m50-30-kg-mashinnogo-naneseniya'","4450","'https://sandboxtest.stroyrem-nn.ru/'","10000"]}