{"uid":"1f42388f0b59ec4a","name":"TD 016 Доставка товара весом до 300кг. в синей зоне","fullName":"tests.delivery.test_delivery_calculation.TestDeliveryPageCalculation#test_positive_delivery_blue_zone_smoke","historyId":"86358f082fd4285ea28a57c2eeb5985a","time":{"start":1705628728992,"stop":1705628859128,"duration":130136},"status":"skipped","statusMessage":"XFAIL\n\nselenium.common.exceptions.WebDriverException: Message: unknown error: net::ERR_CONNECTION_TIMED_OUT\n  (Session info: chrome-headless-shell=120.0.6099.109)\nStacktrace:\n#0 0x555fa6f06f83 <unknown>\n#1 0x555fa6bbfcf7 <unknown>\n#2 0x555fa6bb76ea <unknown>\n#3 0x555fa6ba65a1 <unknown>\n#4 0x555fa6ba7d40 <unknown>\n#5 0x555fa6ba6854 <unknown>\n#6 0x555fa6ba5586 <unknown>\n#7 0x555fa6ba544a <unknown>\n#8 0x555fa6ba37e1 <unknown>\n#9 0x555fa6ba401a <unknown>\n#10 0x555fa6bc2bbe <unknown>\n#11 0x555fa6c587a5 <unknown>\n#12 0x555fa6c390b2 <unknown>\n#13 0x555fa6c58006 <unknown>\n#14 0x555fa6c38e53 <unknown>\n#15 0x555fa6c00dd4 <unknown>\n#16 0x555fa6c021de <unknown>\n#17 0x555fa6ecb531 <unknown>\n#18 0x555fa6ecf455 <unknown>\n#19 0x555fa6eb7f55 <unknown>\n#20 0x555fa6ed00ef <unknown>\n#21 0x555fa6e9b99f <unknown>\n#22 0x555fa6ef4008 <unknown>\n#23 0x555fa6ef41d7 <unknown>\n#24 0x555fa6f06124 <unknown>\n#25 0x7f753db40044 <unknown>","statusTrace":"self = <tests.delivery.test_delivery_calculation.TestDeliveryPageCalculation object at 0x7ff4923b4110>\ndriver = <selenium.webdriver.chrome.webdriver.WebDriver (session=\"d63c7b223db828e4d8f42adbd493a41c\")>\nurl = 'https://sandboxtest.stroyrem-nn.ru/', case_id = 'TD 016'\nlink_item = 'products/shtukaturka-gipsovaya-aksolit-m50-30-kg-mashinnogo-naneseniya'\namount = 8, weight = 300, standard = 650, in_time = 2390, all_time = 3320\n\n    @pytest.mark.parametrize('case_id, link_item, amount, weight, standard, in_time, all_time', [\n        (\"TD 015\", bundeks_25, 1, 30, 650, 2390, 3320),\n        pytest.param(\n            \"TD 016\", aksolit_30, 8, 300, 650, 2390, 3320,\n            marks=pytest.mark.xfail(reson=\"Цена доставки: - - -\")\n        ),\n        (\"TD 017\", aksolit_30, 13, 400, 650, 2390, 3320),\n        (\"TD 018\", aksolit_30, 16, 500, 850, 2490, 3320),\n        (\"TD 019\", aksolit_30, 25, 1700, 1150, 2490, 3320),\n        (\"TD 020\", aksolit_30, 66, 2000, 1500, 2990, 3650),\n        (\"TD 021\", aksolit_30, 149, 4500, 2600, 4380, 4890),\n        (\"TD 022\", aksolit_30, 166, 5000, 2800, 5490, 5980),\n        pytest.param(\n            \"TD 023\", aksolit_30, 206, 6200, 3300, 7500, 8000,\n            marks=pytest.mark.xfail(reson=\"Цена доставки: 4300 9900 11440\")\n        ),\n        (\"TD 024\", aksolit_30, 299, 9000, 4300, 9900, 11440),\n        (\"TD 025\", aksolit_30, 333, 10000, 7000, 13900, 15900),\n        pytest.param(\n            \"TD 026\", aksolit_30, 366, 11000, 8000, 14900, 19900,\n            marks=pytest.mark.xfail(reson=\"Цена доставки: 7000 13900 15900\")\n        ),\n        pytest.param(\n            \"TD 027\", aksolit_30, 666, 20000, 14000, 16900, 23900,\n            marks=pytest.mark.xfail(reson=\"Цена доставки: 7000 13900 15900\")\n        )\n    ])\n    @pytest.mark.smoke\n    def test_positive_delivery_blue_zone_smoke(\n            self, driver, url, case_id, link_item, amount, weight, standard, in_time, all_time\n    ):\n        allure.dynamic.title(f\"{case_id} Доставка товара весом до {weight}кг. в синей зоне\")\n    \n>       driver.get(f'{url}{link_item}')\n\ntests/delivery/test_delivery_calculation.py:128: \n_ _ _ _ _ _ _ _ _ _ _ _ _ _ _ _ _ _ _ _ _ _ _ _ _ _ _ _ _ _ _ _ _ _ _ _ _ _ _ _ \n/usr/local/lib/python3.11/site-packages/selenium/webdriver/remote/webdriver.py:355: in get\n    self.execute(Command.GET, {\"url\": url})\n/usr/local/lib/python3.11/site-packages/selenium/webdriver/remote/webdriver.py:346: in execute\n    self.error_handler.check_response(response)\n_ _ _ _ _ _ _ _ _ _ _ _ _ _ _ _ _ _ _ _ _ _ _ _ _ _ _ _ _ _ _ _ _ _ _ _ _ _ _ _ \n\nself = <selenium.webdriver.remote.errorhandler.ErrorHandler object at 0x7ff491fb83d0>\nresponse = {'status': 500, 'value': '{\"value\":{\"error\":\"unknown error\",\"message\":\"unknown error: net::ERR_CONNECTION_TIMED_OUT\\\\n...\\\\n#23 0x555fa6ef41d7 \\\\u003Cunknown>\\\\n#24 0x555fa6f06124 \\\\u003Cunknown>\\\\n#25 0x7f753db40044 \\\\u003Cunknown>\\\\n\"}}'}\n\n    def check_response(self, response: Dict[str, Any]) -> None:\n        \"\"\"Checks that a JSON response from the WebDriver does not have an\n        error.\n    \n        :Args:\n         - response - The JSON response from the WebDriver server as a dictionary\n           object.\n    \n        :Raises: If the response contains an error message.\n        \"\"\"\n        status = response.get(\"status\", None)\n        if not status or status == ErrorCode.SUCCESS:\n            return\n        value = None\n        message = response.get(\"message\", \"\")\n        screen: str = response.get(\"screen\", \"\")\n        stacktrace = None\n        if isinstance(status, int):\n            value_json = response.get(\"value\", None)\n            if value_json and isinstance(value_json, str):\n                import json\n    \n                try:\n                    value = json.loads(value_json)\n                    if len(value) == 1:\n                        value = value[\"value\"]\n                    status = value.get(\"error\", None)\n                    if not status:\n                        status = value.get(\"status\", ErrorCode.UNKNOWN_ERROR)\n                        message = value.get(\"value\") or value.get(\"message\")\n                        if not isinstance(message, str):\n                            value = message\n                            message = message.get(\"message\")\n                    else:\n                        message = value.get(\"message\", None)\n                except ValueError:\n                    pass\n    \n        exception_class: Type[WebDriverException]\n        if status in ErrorCode.NO_SUCH_ELEMENT:\n            exception_class = NoSuchElementException\n        elif status in ErrorCode.NO_SUCH_FRAME:\n            exception_class = NoSuchFrameException\n        elif status in ErrorCode.NO_SUCH_SHADOW_ROOT:\n            exception_class = NoSuchShadowRootException\n        elif status in ErrorCode.NO_SUCH_WINDOW:\n            exception_class = NoSuchWindowException\n        elif status in ErrorCode.STALE_ELEMENT_REFERENCE:\n            exception_class = StaleElementReferenceException\n        elif status in ErrorCode.ELEMENT_NOT_VISIBLE:\n            exception_class = ElementNotVisibleException\n        elif status in ErrorCode.INVALID_ELEMENT_STATE:\n            exception_class = InvalidElementStateException\n        elif (\n            status in ErrorCode.INVALID_SELECTOR\n            or status in ErrorCode.INVALID_XPATH_SELECTOR\n            or status in ErrorCode.INVALID_XPATH_SELECTOR_RETURN_TYPER\n        ):\n            exception_class = InvalidSelectorException\n        elif status in ErrorCode.ELEMENT_IS_NOT_SELECTABLE:\n            exception_class = ElementNotSelectableException\n        elif status in ErrorCode.ELEMENT_NOT_INTERACTABLE:\n            exception_class = ElementNotInteractableException\n        elif status in ErrorCode.INVALID_COOKIE_DOMAIN:\n            exception_class = InvalidCookieDomainException\n        elif status in ErrorCode.UNABLE_TO_SET_COOKIE:\n            exception_class = UnableToSetCookieException\n        elif status in ErrorCode.TIMEOUT:\n            exception_class = TimeoutException\n        elif status in ErrorCode.SCRIPT_TIMEOUT:\n            exception_class = TimeoutException\n        elif status in ErrorCode.UNKNOWN_ERROR:\n            exception_class = WebDriverException\n        elif status in ErrorCode.UNEXPECTED_ALERT_OPEN:\n            exception_class = UnexpectedAlertPresentException\n        elif status in ErrorCode.NO_ALERT_OPEN:\n            exception_class = NoAlertPresentException\n        elif status in ErrorCode.IME_NOT_AVAILABLE:\n            exception_class = ImeNotAvailableException\n        elif status in ErrorCode.IME_ENGINE_ACTIVATION_FAILED:\n            exception_class = ImeActivationFailedException\n        elif status in ErrorCode.MOVE_TARGET_OUT_OF_BOUNDS:\n            exception_class = MoveTargetOutOfBoundsException\n        elif status in ErrorCode.JAVASCRIPT_ERROR:\n            exception_class = JavascriptException\n        elif status in ErrorCode.SESSION_NOT_CREATED:\n            exception_class = SessionNotCreatedException\n        elif status in ErrorCode.INVALID_ARGUMENT:\n            exception_class = InvalidArgumentException\n        elif status in ErrorCode.NO_SUCH_COOKIE:\n            exception_class = NoSuchCookieException\n        elif status in ErrorCode.UNABLE_TO_CAPTURE_SCREEN:\n            exception_class = ScreenshotException\n        elif status in ErrorCode.ELEMENT_CLICK_INTERCEPTED:\n            exception_class = ElementClickInterceptedException\n        elif status in ErrorCode.INSECURE_CERTIFICATE:\n            exception_class = InsecureCertificateException\n        elif status in ErrorCode.INVALID_COORDINATES:\n            exception_class = InvalidCoordinatesException\n        elif status in ErrorCode.INVALID_SESSION_ID:\n            exception_class = InvalidSessionIdException\n        elif status in ErrorCode.UNKNOWN_METHOD:\n            exception_class = UnknownMethodException\n        else:\n            exception_class = WebDriverException\n        if not value:\n            value = response[\"value\"]\n        if isinstance(value, str):\n            raise exception_class(value)\n        if message == \"\" and \"message\" in value:\n            message = value[\"message\"]\n    \n        screen = None  # type: ignore[assignment]\n        if \"screen\" in value:\n            screen = value[\"screen\"]\n    \n        stacktrace = None\n        st_value = value.get(\"stackTrace\") or value.get(\"stacktrace\")\n        if st_value:\n            if isinstance(st_value, str):\n                stacktrace = st_value.split(\"\\n\")\n            else:\n                stacktrace = []\n                try:\n                    for frame in st_value:\n                        line = frame.get(\"lineNumber\", \"\")\n                        file = frame.get(\"fileName\", \"<anonymous>\")\n                        if line:\n                            file = f\"{file}:{line}\"\n                        meth = frame.get(\"methodName\", \"<anonymous>\")\n                        if \"className\" in frame:\n                            meth = f\"{frame['className']}.{meth}\"\n                        msg = \"    at %s (%s)\"\n                        msg = msg % (meth, file)\n                        stacktrace.append(msg)\n                except TypeError:\n                    pass\n        if exception_class == UnexpectedAlertPresentException:\n            alert_text = None\n            if \"data\" in value:\n                alert_text = value[\"data\"].get(\"text\")\n            elif \"alert\" in value:\n                alert_text = value[\"alert\"].get(\"text\")\n            raise exception_class(message, screen, stacktrace, alert_text)  # type: ignore[call-arg]  # mypy is not smart enough here\n>       raise exception_class(message, screen, stacktrace)\nE       selenium.common.exceptions.WebDriverException: Message: unknown error: net::ERR_CONNECTION_TIMED_OUT\nE         (Session info: chrome-headless-shell=120.0.6099.109)\nE       Stacktrace:\nE       #0 0x555fa6f06f83 <unknown>\nE       #1 0x555fa6bbfcf7 <unknown>\nE       #2 0x555fa6bb76ea <unknown>\nE       #3 0x555fa6ba65a1 <unknown>\nE       #4 0x555fa6ba7d40 <unknown>\nE       #5 0x555fa6ba6854 <unknown>\nE       #6 0x555fa6ba5586 <unknown>\nE       #7 0x555fa6ba544a <unknown>\nE       #8 0x555fa6ba37e1 <unknown>\nE       #9 0x555fa6ba401a <unknown>\nE       #10 0x555fa6bc2bbe <unknown>\nE       #11 0x555fa6c587a5 <unknown>\nE       #12 0x555fa6c390b2 <unknown>\nE       #13 0x555fa6c58006 <unknown>\nE       #14 0x555fa6c38e53 <unknown>\nE       #15 0x555fa6c00dd4 <unknown>\nE       #16 0x555fa6c021de <unknown>\nE       #17 0x555fa6ecb531 <unknown>\nE       #18 0x555fa6ecf455 <unknown>\nE       #19 0x555fa6eb7f55 <unknown>\nE       #20 0x555fa6ed00ef <unknown>\nE       #21 0x555fa6e9b99f <unknown>\nE       #22 0x555fa6ef4008 <unknown>\nE       #23 0x555fa6ef41d7 <unknown>\nE       #24 0x555fa6f06124 <unknown>\nE       #25 0x7f753db40044 <unknown>\n\n/usr/local/lib/python3.11/site-packages/selenium/webdriver/remote/errorhandler.py:245: WebDriverException","flaky":false,"newFailed":false,"newBroken":false,"newPassed":false,"retriesCount":0,"retriesStatusChange":false,"beforeStages":[{"name":"_session_faker","time":{"start":1705626349273,"stop":1705626349343,"duration":70},"status":"passed","steps":[],"attachments":[],"parameters":[],"shouldDisplayMessage":false,"stepsCount":0,"attachmentsCount":0,"hasContent":false,"attachmentStep":false},{"name":"clear_allure_results_folder","time":{"start":1705626349343,"stop":1705626349343,"duration":0},"status":"passed","steps":[],"attachments":[],"parameters":[],"shouldDisplayMessage":false,"stepsCount":0,"attachmentsCount":0,"hasContent":false,"attachmentStep":false},{"name":"driver","time":{"start":1705628728219,"stop":1705628728991,"duration":772},"status":"passed","steps":[],"attachments":[],"parameters":[],"shouldDisplayMessage":false,"stepsCount":0,"attachmentsCount":0,"hasContent":false,"attachmentStep":false},{"name":"setup","time":{"start":1705628728991,"stop":1705628728991,"duration":0},"status":"passed","steps":[],"attachments":[],"parameters":[],"shouldDisplayMessage":false,"stepsCount":0,"attachmentsCount":0,"hasContent":false,"attachmentStep":false}],"testStage":{"status":"skipped","statusMessage":"XFAIL\n\nselenium.common.exceptions.WebDriverException: Message: unknown error: net::ERR_CONNECTION_TIMED_OUT\n  (Session info: chrome-headless-shell=120.0.6099.109)\nStacktrace:\n#0 0x555fa6f06f83 <unknown>\n#1 0x555fa6bbfcf7 <unknown>\n#2 0x555fa6bb76ea <unknown>\n#3 0x555fa6ba65a1 <unknown>\n#4 0x555fa6ba7d40 <unknown>\n#5 0x555fa6ba6854 <unknown>\n#6 0x555fa6ba5586 <unknown>\n#7 0x555fa6ba544a <unknown>\n#8 0x555fa6ba37e1 <unknown>\n#9 0x555fa6ba401a <unknown>\n#10 0x555fa6bc2bbe <unknown>\n#11 0x555fa6c587a5 <unknown>\n#12 0x555fa6c390b2 <unknown>\n#13 0x555fa6c58006 <unknown>\n#14 0x555fa6c38e53 <unknown>\n#15 0x555fa6c00dd4 <unknown>\n#16 0x555fa6c021de <unknown>\n#17 0x555fa6ecb531 <unknown>\n#18 0x555fa6ecf455 <unknown>\n#19 0x555fa6eb7f55 <unknown>\n#20 0x555fa6ed00ef <unknown>\n#21 0x555fa6e9b99f <unknown>\n#22 0x555fa6ef4008 <unknown>\n#23 0x555fa6ef41d7 <unknown>\n#24 0x555fa6f06124 <unknown>\n#25 0x7f753db40044 <unknown>","statusTrace":"self = <tests.delivery.test_delivery_calculation.TestDeliveryPageCalculation object at 0x7ff4923b4110>\ndriver = <selenium.webdriver.chrome.webdriver.WebDriver (session=\"d63c7b223db828e4d8f42adbd493a41c\")>\nurl = 'https://sandboxtest.stroyrem-nn.ru/', case_id = 'TD 016'\nlink_item = 'products/shtukaturka-gipsovaya-aksolit-m50-30-kg-mashinnogo-naneseniya'\namount = 8, weight = 300, standard = 650, in_time = 2390, all_time = 3320\n\n    @pytest.mark.parametrize('case_id, link_item, amount, weight, standard, in_time, all_time', [\n        (\"TD 015\", bundeks_25, 1, 30, 650, 2390, 3320),\n        pytest.param(\n            \"TD 016\", aksolit_30, 8, 300, 650, 2390, 3320,\n            marks=pytest.mark.xfail(reson=\"Цена доставки: - - -\")\n        ),\n        (\"TD 017\", aksolit_30, 13, 400, 650, 2390, 3320),\n        (\"TD 018\", aksolit_30, 16, 500, 850, 2490, 3320),\n        (\"TD 019\", aksolit_30, 25, 1700, 1150, 2490, 3320),\n        (\"TD 020\", aksolit_30, 66, 2000, 1500, 2990, 3650),\n        (\"TD 021\", aksolit_30, 149, 4500, 2600, 4380, 4890),\n        (\"TD 022\", aksolit_30, 166, 5000, 2800, 5490, 5980),\n        pytest.param(\n            \"TD 023\", aksolit_30, 206, 6200, 3300, 7500, 8000,\n            marks=pytest.mark.xfail(reson=\"Цена доставки: 4300 9900 11440\")\n        ),\n        (\"TD 024\", aksolit_30, 299, 9000, 4300, 9900, 11440),\n        (\"TD 025\", aksolit_30, 333, 10000, 7000, 13900, 15900),\n        pytest.param(\n            \"TD 026\", aksolit_30, 366, 11000, 8000, 14900, 19900,\n            marks=pytest.mark.xfail(reson=\"Цена доставки: 7000 13900 15900\")\n        ),\n        pytest.param(\n            \"TD 027\", aksolit_30, 666, 20000, 14000, 16900, 23900,\n            marks=pytest.mark.xfail(reson=\"Цена доставки: 7000 13900 15900\")\n        )\n    ])\n    @pytest.mark.smoke\n    def test_positive_delivery_blue_zone_smoke(\n            self, driver, url, case_id, link_item, amount, weight, standard, in_time, all_time\n    ):\n        allure.dynamic.title(f\"{case_id} Доставка товара весом до {weight}кг. в синей зоне\")\n    \n>       driver.get(f'{url}{link_item}')\n\ntests/delivery/test_delivery_calculation.py:128: \n_ _ _ _ _ _ _ _ _ _ _ _ _ _ _ _ _ _ _ _ _ _ _ _ _ _ _ _ _ _ _ _ _ _ _ _ _ _ _ _ \n/usr/local/lib/python3.11/site-packages/selenium/webdriver/remote/webdriver.py:355: in get\n    self.execute(Command.GET, {\"url\": url})\n/usr/local/lib/python3.11/site-packages/selenium/webdriver/remote/webdriver.py:346: in execute\n    self.error_handler.check_response(response)\n_ _ _ _ _ _ _ _ _ _ _ _ _ _ _ _ _ _ _ _ _ _ _ _ _ _ _ _ _ _ _ _ _ _ _ _ _ _ _ _ \n\nself = <selenium.webdriver.remote.errorhandler.ErrorHandler object at 0x7ff491fb83d0>\nresponse = {'status': 500, 'value': '{\"value\":{\"error\":\"unknown error\",\"message\":\"unknown error: net::ERR_CONNECTION_TIMED_OUT\\\\n...\\\\n#23 0x555fa6ef41d7 \\\\u003Cunknown>\\\\n#24 0x555fa6f06124 \\\\u003Cunknown>\\\\n#25 0x7f753db40044 \\\\u003Cunknown>\\\\n\"}}'}\n\n    def check_response(self, response: Dict[str, Any]) -> None:\n        \"\"\"Checks that a JSON response from the WebDriver does not have an\n        error.\n    \n        :Args:\n         - response - The JSON response from the WebDriver server as a dictionary\n           object.\n    \n        :Raises: If the response contains an error message.\n        \"\"\"\n        status = response.get(\"status\", None)\n        if not status or status == ErrorCode.SUCCESS:\n            return\n        value = None\n        message = response.get(\"message\", \"\")\n        screen: str = response.get(\"screen\", \"\")\n        stacktrace = None\n        if isinstance(status, int):\n            value_json = response.get(\"value\", None)\n            if value_json and isinstance(value_json, str):\n                import json\n    \n                try:\n                    value = json.loads(value_json)\n                    if len(value) == 1:\n                        value = value[\"value\"]\n                    status = value.get(\"error\", None)\n                    if not status:\n                        status = value.get(\"status\", ErrorCode.UNKNOWN_ERROR)\n                        message = value.get(\"value\") or value.get(\"message\")\n                        if not isinstance(message, str):\n                            value = message\n                            message = message.get(\"message\")\n                    else:\n                        message = value.get(\"message\", None)\n                except ValueError:\n                    pass\n    \n        exception_class: Type[WebDriverException]\n        if status in ErrorCode.NO_SUCH_ELEMENT:\n            exception_class = NoSuchElementException\n        elif status in ErrorCode.NO_SUCH_FRAME:\n            exception_class = NoSuchFrameException\n        elif status in ErrorCode.NO_SUCH_SHADOW_ROOT:\n            exception_class = NoSuchShadowRootException\n        elif status in ErrorCode.NO_SUCH_WINDOW:\n            exception_class = NoSuchWindowException\n        elif status in ErrorCode.STALE_ELEMENT_REFERENCE:\n            exception_class = StaleElementReferenceException\n        elif status in ErrorCode.ELEMENT_NOT_VISIBLE:\n            exception_class = ElementNotVisibleException\n        elif status in ErrorCode.INVALID_ELEMENT_STATE:\n            exception_class = InvalidElementStateException\n        elif (\n            status in ErrorCode.INVALID_SELECTOR\n            or status in ErrorCode.INVALID_XPATH_SELECTOR\n            or status in ErrorCode.INVALID_XPATH_SELECTOR_RETURN_TYPER\n        ):\n            exception_class = InvalidSelectorException\n        elif status in ErrorCode.ELEMENT_IS_NOT_SELECTABLE:\n            exception_class = ElementNotSelectableException\n        elif status in ErrorCode.ELEMENT_NOT_INTERACTABLE:\n            exception_class = ElementNotInteractableException\n        elif status in ErrorCode.INVALID_COOKIE_DOMAIN:\n            exception_class = InvalidCookieDomainException\n        elif status in ErrorCode.UNABLE_TO_SET_COOKIE:\n            exception_class = UnableToSetCookieException\n        elif status in ErrorCode.TIMEOUT:\n            exception_class = TimeoutException\n        elif status in ErrorCode.SCRIPT_TIMEOUT:\n            exception_class = TimeoutException\n        elif status in ErrorCode.UNKNOWN_ERROR:\n            exception_class = WebDriverException\n        elif status in ErrorCode.UNEXPECTED_ALERT_OPEN:\n            exception_class = UnexpectedAlertPresentException\n        elif status in ErrorCode.NO_ALERT_OPEN:\n            exception_class = NoAlertPresentException\n        elif status in ErrorCode.IME_NOT_AVAILABLE:\n            exception_class = ImeNotAvailableException\n        elif status in ErrorCode.IME_ENGINE_ACTIVATION_FAILED:\n            exception_class = ImeActivationFailedException\n        elif status in ErrorCode.MOVE_TARGET_OUT_OF_BOUNDS:\n            exception_class = MoveTargetOutOfBoundsException\n        elif status in ErrorCode.JAVASCRIPT_ERROR:\n            exception_class = JavascriptException\n        elif status in ErrorCode.SESSION_NOT_CREATED:\n            exception_class = SessionNotCreatedException\n        elif status in ErrorCode.INVALID_ARGUMENT:\n            exception_class = InvalidArgumentException\n        elif status in ErrorCode.NO_SUCH_COOKIE:\n            exception_class = NoSuchCookieException\n        elif status in ErrorCode.UNABLE_TO_CAPTURE_SCREEN:\n            exception_class = ScreenshotException\n        elif status in ErrorCode.ELEMENT_CLICK_INTERCEPTED:\n            exception_class = ElementClickInterceptedException\n        elif status in ErrorCode.INSECURE_CERTIFICATE:\n            exception_class = InsecureCertificateException\n        elif status in ErrorCode.INVALID_COORDINATES:\n            exception_class = InvalidCoordinatesException\n        elif status in ErrorCode.INVALID_SESSION_ID:\n            exception_class = InvalidSessionIdException\n        elif status in ErrorCode.UNKNOWN_METHOD:\n            exception_class = UnknownMethodException\n        else:\n            exception_class = WebDriverException\n        if not value:\n            value = response[\"value\"]\n        if isinstance(value, str):\n            raise exception_class(value)\n        if message == \"\" and \"message\" in value:\n            message = value[\"message\"]\n    \n        screen = None  # type: ignore[assignment]\n        if \"screen\" in value:\n            screen = value[\"screen\"]\n    \n        stacktrace = None\n        st_value = value.get(\"stackTrace\") or value.get(\"stacktrace\")\n        if st_value:\n            if isinstance(st_value, str):\n                stacktrace = st_value.split(\"\\n\")\n            else:\n                stacktrace = []\n                try:\n                    for frame in st_value:\n                        line = frame.get(\"lineNumber\", \"\")\n                        file = frame.get(\"fileName\", \"<anonymous>\")\n                        if line:\n                            file = f\"{file}:{line}\"\n                        meth = frame.get(\"methodName\", \"<anonymous>\")\n                        if \"className\" in frame:\n                            meth = f\"{frame['className']}.{meth}\"\n                        msg = \"    at %s (%s)\"\n                        msg = msg % (meth, file)\n                        stacktrace.append(msg)\n                except TypeError:\n                    pass\n        if exception_class == UnexpectedAlertPresentException:\n            alert_text = None\n            if \"data\" in value:\n                alert_text = value[\"data\"].get(\"text\")\n            elif \"alert\" in value:\n                alert_text = value[\"alert\"].get(\"text\")\n            raise exception_class(message, screen, stacktrace, alert_text)  # type: ignore[call-arg]  # mypy is not smart enough here\n>       raise exception_class(message, screen, stacktrace)\nE       selenium.common.exceptions.WebDriverException: Message: unknown error: net::ERR_CONNECTION_TIMED_OUT\nE         (Session info: chrome-headless-shell=120.0.6099.109)\nE       Stacktrace:\nE       #0 0x555fa6f06f83 <unknown>\nE       #1 0x555fa6bbfcf7 <unknown>\nE       #2 0x555fa6bb76ea <unknown>\nE       #3 0x555fa6ba65a1 <unknown>\nE       #4 0x555fa6ba7d40 <unknown>\nE       #5 0x555fa6ba6854 <unknown>\nE       #6 0x555fa6ba5586 <unknown>\nE       #7 0x555fa6ba544a <unknown>\nE       #8 0x555fa6ba37e1 <unknown>\nE       #9 0x555fa6ba401a <unknown>\nE       #10 0x555fa6bc2bbe <unknown>\nE       #11 0x555fa6c587a5 <unknown>\nE       #12 0x555fa6c390b2 <unknown>\nE       #13 0x555fa6c58006 <unknown>\nE       #14 0x555fa6c38e53 <unknown>\nE       #15 0x555fa6c00dd4 <unknown>\nE       #16 0x555fa6c021de <unknown>\nE       #17 0x555fa6ecb531 <unknown>\nE       #18 0x555fa6ecf455 <unknown>\nE       #19 0x555fa6eb7f55 <unknown>\nE       #20 0x555fa6ed00ef <unknown>\nE       #21 0x555fa6e9b99f <unknown>\nE       #22 0x555fa6ef4008 <unknown>\nE       #23 0x555fa6ef41d7 <unknown>\nE       #24 0x555fa6f06124 <unknown>\nE       #25 0x7f753db40044 <unknown>\n\n/usr/local/lib/python3.11/site-packages/selenium/webdriver/remote/errorhandler.py:245: WebDriverException","steps":[],"attachments":[{"uid":"cffeb4b165f0ba7b","name":"Screenshot","source":"cffeb4b165f0ba7b.png","type":"image/png","size":5862},{"uid":"bc564840e321dd9","name":"HTML source","source":"bc564840e321dd9.html","type":"text/html","size":39}],"parameters":[],"shouldDisplayMessage":true,"stepsCount":0,"attachmentsCount":2,"hasContent":true,"attachmentStep":false},"afterStages":[{"name":"setup::0","time":{"start":1705628859239,"stop":1705628859240,"duration":1},"status":"passed","steps":[],"attachments":[],"parameters":[],"shouldDisplayMessage":false,"stepsCount":0,"attachmentsCount":0,"hasContent":false,"attachmentStep":false},{"name":"driver::0","time":{"start":1705628859240,"stop":1705628859296,"duration":56},"status":"passed","steps":[],"attachments":[],"parameters":[],"shouldDisplayMessage":false,"stepsCount":0,"attachmentsCount":0,"hasContent":false,"attachmentStep":false}],"labels":[{"name":"epic","value":"Delivery Page - calculation"},{"name":"tag","value":"smoke"},{"name":"tag","value":"@pytest.mark.xfail(reson='Цена доставки: - - -')"},{"name":"parentSuite","value":"tests.delivery"},{"name":"suite","value":"test_delivery_calculation"},{"name":"subSuite","value":"TestDeliveryPageCalculation"},{"name":"host","value":"9cb87e0835b8"},{"name":"thread","value":"1-MainThread"},{"name":"framework","value":"pytest"},{"name":"language","value":"cpython3"},{"name":"package","value":"tests.delivery.test_delivery_calculation"},{"name":"resultFormat","value":"allure2"}],"parameters":[{"name":"all_time","value":"3320"},{"name":"amount","value":"8"},{"name":"case_id","value":"'TD 016'"},{"name":"in_time","value":"2390"},{"name":"link_item","value":"'products/shtukaturka-gipsovaya-aksolit-m50-30-kg-mashinnogo-naneseniya'"},{"name":"standard","value":"650"},{"name":"url","value":"'https://sandboxtest.stroyrem-nn.ru/'"},{"name":"weight","value":"300"}],"links":[],"hidden":false,"retry":false,"extra":{"severity":"normal","retries":[],"categories":[],"history":{"statistic":{"failed":0,"broken":0,"skipped":142,"passed":0,"unknown":0,"total":142},"items":[{"uid":"8412ad315b39e233","reportUrl":"https://zaelcovsky.github.io/StroyremAutomation/205//#testresult/8412ad315b39e233","status":"skipped","statusDetails":"XFAIL\n\nselenium.common.exceptions.WebDriverException: Message: unknown error: net::ERR_CONNECTION_TIMED_OUT\n  (Session info: chrome-headless-shell=120.0.6099.109)\nStacktrace:\n#0 0x55dd45fbef83 <unknown>\n#1 0x55dd45c77cf7 <unknown>\n#2 0x55dd45c6f6ea <unknown>\n#3 0x55dd45c5e5a1 <unknown>\n#4 0x55dd45c5fd40 <unknown>\n#5 0x55dd45c5e854 <unknown>\n#6 0x55dd45c5d586 <unknown>\n#7 0x55dd45c5d44a <unknown>\n#8 0x55dd45c5b7e1 <unknown>\n#9 0x55dd45c5c01a <unknown>\n#10 0x55dd45c7abbe <unknown>\n#11 0x55dd45d107a5 <unknown>\n#12 0x55dd45cf10b2 <unknown>\n#13 0x55dd45d10006 <unknown>\n#14 0x55dd45cf0e53 <unknown>\n#15 0x55dd45cb8dd4 <unknown>\n#16 0x55dd45cba1de <unknown>\n#17 0x55dd45f83531 <unknown>\n#18 0x55dd45f87455 <unknown>\n#19 0x55dd45f6ff55 <unknown>\n#20 0x55dd45f880ef <unknown>\n#21 0x55dd45f5399f <unknown>\n#22 0x55dd45fac008 <unknown>\n#23 0x55dd45fac1d7 <unknown>\n#24 0x55dd45fbe124 <unknown>\n#25 0x7f0d1c8c1044 <unknown>","time":{"start":1705542309094,"stop":1705542439264,"duration":130170}},{"uid":"1beff49066bcde0b","reportUrl":"https://zaelcovsky.github.io/StroyremAutomation/204//#testresult/1beff49066bcde0b","status":"skipped","statusDetails":"XFAIL\n\nselenium.common.exceptions.WebDriverException: Message: unknown error: net::ERR_CONNECTION_TIMED_OUT\n  (Session info: chrome-headless-shell=120.0.6099.109)\nStacktrace:\n#0 0x55e5d6ccdf83 <unknown>\n#1 0x55e5d6986cf7 <unknown>\n#2 0x55e5d697e6ea <unknown>\n#3 0x55e5d696d5a1 <unknown>\n#4 0x55e5d696ed40 <unknown>\n#5 0x55e5d696d854 <unknown>\n#6 0x55e5d696c586 <unknown>\n#7 0x55e5d696c44a <unknown>\n#8 0x55e5d696a7e1 <unknown>\n#9 0x55e5d696b01a <unknown>\n#10 0x55e5d6989bbe <unknown>\n#11 0x55e5d6a1f7a5 <unknown>\n#12 0x55e5d6a000b2 <unknown>\n#13 0x55e5d6a1f006 <unknown>\n#14 0x55e5d69ffe53 <unknown>\n#15 0x55e5d69c7dd4 <unknown>\n#16 0x55e5d69c91de <unknown>\n#17 0x55e5d6c92531 <unknown>\n#18 0x55e5d6c96455 <unknown>\n#19 0x55e5d6c7ef55 <unknown>\n#20 0x55e5d6c970ef <unknown>\n#21 0x55e5d6c6299f <unknown>\n#22 0x55e5d6cbb008 <unknown>\n#23 0x55e5d6cbb1d7 <unknown>\n#24 0x55e5d6ccd124 <unknown>\n#25 0x7fbc2b480044 <unknown>","time":{"start":1705456034082,"stop":1705456164247,"duration":130165}},{"uid":"17f9b233eda1b7c4","reportUrl":"https://zaelcovsky.github.io/StroyremAutomation/203//#testresult/17f9b233eda1b7c4","status":"skipped","statusDetails":"XFAIL\n\nselenium.common.exceptions.WebDriverException: Message: unknown error: net::ERR_CONNECTION_TIMED_OUT\n  (Session info: chrome-headless-shell=120.0.6099.109)\nStacktrace:\n#0 0x55df2e8eef83 <unknown>\n#1 0x55df2e5a7cf7 <unknown>\n#2 0x55df2e59f6ea <unknown>\n#3 0x55df2e58e5a1 <unknown>\n#4 0x55df2e58fd40 <unknown>\n#5 0x55df2e58e854 <unknown>\n#6 0x55df2e58d586 <unknown>\n#7 0x55df2e58d44a <unknown>\n#8 0x55df2e58b7e1 <unknown>\n#9 0x55df2e58c01a <unknown>\n#10 0x55df2e5aabbe <unknown>\n#11 0x55df2e6407a5 <unknown>\n#12 0x55df2e6210b2 <unknown>\n#13 0x55df2e640006 <unknown>\n#14 0x55df2e620e53 <unknown>\n#15 0x55df2e5e8dd4 <unknown>\n#16 0x55df2e5ea1de <unknown>\n#17 0x55df2e8b3531 <unknown>\n#18 0x55df2e8b7455 <unknown>\n#19 0x55df2e89ff55 <unknown>\n#20 0x55df2e8b80ef <unknown>\n#21 0x55df2e88399f <unknown>\n#22 0x55df2e8dc008 <unknown>\n#23 0x55df2e8dc1d7 <unknown>\n#24 0x55df2e8ee124 <unknown>\n#25 0x7f03b90f5044 <unknown>","time":{"start":1705369529003,"stop":1705369659177,"duration":130174}},{"uid":"f358c8911318f8d6","reportUrl":"https://zaelcovsky.github.io/StroyremAutomation/202//#testresult/f358c8911318f8d6","status":"skipped","statusDetails":"XFAIL\n\nselenium.common.exceptions.NoSuchElementException: Message: no such element: Unable to locate element: {\"method\":\"xpath\",\"selector\":\"(//a[@class='add-to-cart yellow-btn'])[1]\"}\n  (Session info: chrome-headless-shell=120.0.6099.109); For documentation on this error, please visit: https://www.selenium.dev/documentation/webdriver/troubleshooting/errors#no-such-element-exception\nStacktrace:\n#0 0x562acb74bf83 <unknown>\n#1 0x562acb404cf7 <unknown>\n#2 0x562acb45499e <unknown>\n#3 0x562acb454aa1 <unknown>\n#4 0x562acb49fd64 <unknown>\n#5 0x562acb47e0dd <unknown>\n#6 0x562acb49d006 <unknown>\n#7 0x562acb47de53 <unknown>\n#8 0x562acb445dd4 <unknown>\n#9 0x562acb4471de <unknown>\n#10 0x562acb710531 <unknown>\n#11 0x562acb714455 <unknown>\n#12 0x562acb6fcf55 <unknown>\n#13 0x562acb7150ef <unknown>\n#14 0x562acb6e099f <unknown>\n#15 0x562acb739008 <unknown>\n#16 0x562acb7391d7 <unknown>\n#17 0x562acb74b124 <unknown>\n#18 0x7f7bc0110044 <unknown>","time":{"start":1705281333760,"stop":1705281334080,"duration":320}},{"uid":"bc4bda77bb015ac5","reportUrl":"https://zaelcovsky.github.io/StroyremAutomation/201//#testresult/bc4bda77bb015ac5","status":"skipped","statusDetails":"XFAIL\n\nselenium.common.exceptions.NoSuchElementException: Message: no such element: Unable to locate element: {\"method\":\"xpath\",\"selector\":\"(//a[@class='add-to-cart yellow-btn'])[1]\"}\n  (Session info: chrome-headless-shell=120.0.6099.109); For documentation on this error, please visit: https://www.selenium.dev/documentation/webdriver/troubleshooting/errors#no-such-element-exception\nStacktrace:\n#0 0x5577f3c69f83 <unknown>\n#1 0x5577f3922cf7 <unknown>\n#2 0x5577f397299e <unknown>\n#3 0x5577f3972aa1 <unknown>\n#4 0x5577f39bdd64 <unknown>\n#5 0x5577f399c0dd <unknown>\n#6 0x5577f39bb006 <unknown>\n#7 0x5577f399be53 <unknown>\n#8 0x5577f3963dd4 <unknown>\n#9 0x5577f39651de <unknown>\n#10 0x5577f3c2e531 <unknown>\n#11 0x5577f3c32455 <unknown>\n#12 0x5577f3c1af55 <unknown>\n#13 0x5577f3c330ef <unknown>\n#14 0x5577f3bfe99f <unknown>\n#15 0x5577f3c57008 <unknown>\n#16 0x5577f3c571d7 <unknown>\n#17 0x5577f3c69124 <unknown>\n#18 0x7ff955b86044 <unknown>","time":{"start":1705195118029,"stop":1705195118637,"duration":608}},{"uid":"3ef6757e5c356457","reportUrl":"https://zaelcovsky.github.io/StroyremAutomation/200//#testresult/3ef6757e5c356457","status":"skipped","statusDetails":"XFAIL\n\nselenium.common.exceptions.NoSuchElementException: Message: no such element: Unable to locate element: {\"method\":\"xpath\",\"selector\":\"(//a[@class='add-to-cart yellow-btn'])[1]\"}\n  (Session info: chrome-headless-shell=120.0.6099.109); For documentation on this error, please visit: https://www.selenium.dev/documentation/webdriver/troubleshooting/errors#no-such-element-exception\nStacktrace:\n#0 0x55c4efe5ef83 <unknown>\n#1 0x55c4efb17cf7 <unknown>\n#2 0x55c4efb6799e <unknown>\n#3 0x55c4efb67aa1 <unknown>\n#4 0x55c4efbb2d64 <unknown>\n#5 0x55c4efb910dd <unknown>\n#6 0x55c4efbb0006 <unknown>\n#7 0x55c4efb90e53 <unknown>\n#8 0x55c4efb58dd4 <unknown>\n#9 0x55c4efb5a1de <unknown>\n#10 0x55c4efe23531 <unknown>\n#11 0x55c4efe27455 <unknown>\n#12 0x55c4efe0ff55 <unknown>\n#13 0x55c4efe280ef <unknown>\n#14 0x55c4efdf399f <unknown>\n#15 0x55c4efe4c008 <unknown>\n#16 0x55c4efe4c1d7 <unknown>\n#17 0x55c4efe5e124 <unknown>\n#18 0x7fdb94e5a044 <unknown>","time":{"start":1705108401793,"stop":1705108402343,"duration":550}},{"uid":"78e920c45c85a31c","reportUrl":"https://zaelcovsky.github.io/StroyremAutomation/199//#testresult/78e920c45c85a31c","status":"skipped","statusDetails":"XFAIL\n\nselenium.common.exceptions.NoSuchElementException: Message: no such element: Unable to locate element: {\"method\":\"xpath\",\"selector\":\"(//a[@class='add-to-cart yellow-btn'])[1]\"}\n  (Session info: chrome-headless-shell=120.0.6099.109); For documentation on this error, please visit: https://www.selenium.dev/documentation/webdriver/troubleshooting/errors#no-such-element-exception\nStacktrace:\n#0 0x55d092822f83 <unknown>\n#1 0x55d0924dbcf7 <unknown>\n#2 0x55d09252b99e <unknown>\n#3 0x55d09252baa1 <unknown>\n#4 0x55d092576d64 <unknown>\n#5 0x55d0925550dd <unknown>\n#6 0x55d092574006 <unknown>\n#7 0x55d092554e53 <unknown>\n#8 0x55d09251cdd4 <unknown>\n#9 0x55d09251e1de <unknown>\n#10 0x55d0927e7531 <unknown>\n#11 0x55d0927eb455 <unknown>\n#12 0x55d0927d3f55 <unknown>\n#13 0x55d0927ec0ef <unknown>\n#14 0x55d0927b799f <unknown>\n#15 0x55d092810008 <unknown>\n#16 0x55d0928101d7 <unknown>\n#17 0x55d092822124 <unknown>\n#18 0x7efd27af3044 <unknown>","time":{"start":1705022045083,"stop":1705022045714,"duration":631}},{"uid":"2aa054fa651eb86c","reportUrl":"https://zaelcovsky.github.io/StroyremAutomation/198//#testresult/2aa054fa651eb86c","status":"skipped","statusDetails":"XFAIL\n\nselenium.common.exceptions.NoSuchElementException: Message: no such element: Unable to locate element: {\"method\":\"xpath\",\"selector\":\"(//a[@class='add-to-cart yellow-btn'])[1]\"}\n  (Session info: chrome-headless-shell=120.0.6099.109); For documentation on this error, please visit: https://www.selenium.dev/documentation/webdriver/troubleshooting/errors#no-such-element-exception\nStacktrace:\n#0 0x564f206fdf83 <unknown>\n#1 0x564f203b6cf7 <unknown>\n#2 0x564f2040699e <unknown>\n#3 0x564f20406aa1 <unknown>\n#4 0x564f20451d64 <unknown>\n#5 0x564f204300dd <unknown>\n#6 0x564f2044f006 <unknown>\n#7 0x564f2042fe53 <unknown>\n#8 0x564f203f7dd4 <unknown>\n#9 0x564f203f91de <unknown>\n#10 0x564f206c2531 <unknown>\n#11 0x564f206c6455 <unknown>\n#12 0x564f206aef55 <unknown>\n#13 0x564f206c70ef <unknown>\n#14 0x564f2069299f <unknown>\n#15 0x564f206eb008 <unknown>\n#16 0x564f206eb1d7 <unknown>\n#17 0x564f206fd124 <unknown>\n#18 0x7fc5bdc6e044 <unknown>","time":{"start":1704935570709,"stop":1704935571296,"duration":587}},{"uid":"bffb55bd6eecf8d7","reportUrl":"https://zaelcovsky.github.io/StroyremAutomation/197//#testresult/bffb55bd6eecf8d7","status":"skipped","statusDetails":"XFAIL\n\nselenium.common.exceptions.NoSuchElementException: Message: no such element: Unable to locate element: {\"method\":\"xpath\",\"selector\":\"(//a[@class='add-to-cart yellow-btn'])[1]\"}\n  (Session info: chrome-headless-shell=120.0.6099.109); For documentation on this error, please visit: https://www.selenium.dev/documentation/webdriver/troubleshooting/errors#no-such-element-exception\nStacktrace:\n#0 0x561edd38ef83 <unknown>\n#1 0x561edd047cf7 <unknown>\n#2 0x561edd09799e <unknown>\n#3 0x561edd097aa1 <unknown>\n#4 0x561edd0e2d64 <unknown>\n#5 0x561edd0c10dd <unknown>\n#6 0x561edd0e0006 <unknown>\n#7 0x561edd0c0e53 <unknown>\n#8 0x561edd088dd4 <unknown>\n#9 0x561edd08a1de <unknown>\n#10 0x561edd353531 <unknown>\n#11 0x561edd357455 <unknown>\n#12 0x561edd33ff55 <unknown>\n#13 0x561edd3580ef <unknown>\n#14 0x561edd32399f <unknown>\n#15 0x561edd37c008 <unknown>\n#16 0x561edd37c1d7 <unknown>\n#17 0x561edd38e124 <unknown>\n#18 0x7f95ef533044 <unknown>","time":{"start":1704849166946,"stop":1704849167414,"duration":468}},{"uid":"917d778076b1c4cf","reportUrl":"https://zaelcovsky.github.io/StroyremAutomation/196//#testresult/917d778076b1c4cf","status":"skipped","statusDetails":"XFAIL\n\nselenium.common.exceptions.NoSuchElementException: Message: no such element: Unable to locate element: {\"method\":\"xpath\",\"selector\":\"(//a[@class='add-to-cart yellow-btn'])[1]\"}\n  (Session info: chrome-headless-shell=120.0.6099.109); For documentation on this error, please visit: https://www.selenium.dev/documentation/webdriver/troubleshooting/errors#no-such-element-exception\nStacktrace:\n#0 0x55db665caf83 <unknown>\n#1 0x55db66283cf7 <unknown>\n#2 0x55db662d399e <unknown>\n#3 0x55db662d3aa1 <unknown>\n#4 0x55db6631ed64 <unknown>\n#5 0x55db662fd0dd <unknown>\n#6 0x55db6631c006 <unknown>\n#7 0x55db662fce53 <unknown>\n#8 0x55db662c4dd4 <unknown>\n#9 0x55db662c61de <unknown>\n#10 0x55db6658f531 <unknown>\n#11 0x55db66593455 <unknown>\n#12 0x55db6657bf55 <unknown>\n#13 0x55db665940ef <unknown>\n#14 0x55db6655f99f <unknown>\n#15 0x55db665b8008 <unknown>\n#16 0x55db665b81d7 <unknown>\n#17 0x55db665ca124 <unknown>\n#18 0x7f8a06669044 <unknown>","time":{"start":1704762766284,"stop":1704762766606,"duration":322}},{"uid":"55d8c1450736d917","reportUrl":"https://zaelcovsky.github.io/StroyremAutomation/195//#testresult/55d8c1450736d917","status":"skipped","statusDetails":"XFAIL\n\nselenium.common.exceptions.NoSuchElementException: Message: no such element: Unable to locate element: {\"method\":\"xpath\",\"selector\":\"(//a[@class='add-to-cart yellow-btn'])[1]\"}\n  (Session info: chrome-headless-shell=120.0.6099.109); For documentation on this error, please visit: https://www.selenium.dev/documentation/webdriver/troubleshooting/errors#no-such-element-exception\nStacktrace:\n#0 0x565182619f83 <unknown>\n#1 0x5651822d2cf7 <unknown>\n#2 0x56518232299e <unknown>\n#3 0x565182322aa1 <unknown>\n#4 0x56518236dd64 <unknown>\n#5 0x56518234c0dd <unknown>\n#6 0x56518236b006 <unknown>\n#7 0x56518234be53 <unknown>\n#8 0x565182313dd4 <unknown>\n#9 0x5651823151de <unknown>\n#10 0x5651825de531 <unknown>\n#11 0x5651825e2455 <unknown>\n#12 0x5651825caf55 <unknown>\n#13 0x5651825e30ef <unknown>\n#14 0x5651825ae99f <unknown>\n#15 0x565182607008 <unknown>\n#16 0x5651826071d7 <unknown>\n#17 0x565182619124 <unknown>\n#18 0x7fe8434ad044 <unknown>","time":{"start":1704676467478,"stop":1704676468094,"duration":616}},{"uid":"b80f1a99bcfdfbc1","reportUrl":"https://zaelcovsky.github.io/StroyremAutomation/194//#testresult/b80f1a99bcfdfbc1","status":"skipped","statusDetails":"XFAIL\n\nselenium.common.exceptions.NoSuchElementException: Message: no such element: Unable to locate element: {\"method\":\"xpath\",\"selector\":\"(//a[@class='add-to-cart yellow-btn'])[1]\"}\n  (Session info: chrome-headless-shell=120.0.6099.109); For documentation on this error, please visit: https://www.selenium.dev/documentation/webdriver/troubleshooting/errors#no-such-element-exception\nStacktrace:\n#0 0x55cfaac56f83 <unknown>\n#1 0x55cfaa90fcf7 <unknown>\n#2 0x55cfaa95f99e <unknown>\n#3 0x55cfaa95faa1 <unknown>\n#4 0x55cfaa9aad64 <unknown>\n#5 0x55cfaa9890dd <unknown>\n#6 0x55cfaa9a8006 <unknown>\n#7 0x55cfaa988e53 <unknown>\n#8 0x55cfaa950dd4 <unknown>\n#9 0x55cfaa9521de <unknown>\n#10 0x55cfaac1b531 <unknown>\n#11 0x55cfaac1f455 <unknown>\n#12 0x55cfaac07f55 <unknown>\n#13 0x55cfaac200ef <unknown>\n#14 0x55cfaabeb99f <unknown>\n#15 0x55cfaac44008 <unknown>\n#16 0x55cfaac441d7 <unknown>\n#17 0x55cfaac56124 <unknown>\n#18 0x7f6abf93b044 <unknown>","time":{"start":1704590366122,"stop":1704590366580,"duration":458}},{"uid":"ec0a9d204a3f6fc3","reportUrl":"https://zaelcovsky.github.io/StroyremAutomation/193//#testresult/ec0a9d204a3f6fc3","status":"skipped","statusDetails":"XFAIL\n\nselenium.common.exceptions.NoSuchElementException: Message: no such element: Unable to locate element: {\"method\":\"xpath\",\"selector\":\"(//a[@class='add-to-cart yellow-btn'])[1]\"}\n  (Session info: chrome-headless-shell=120.0.6099.109); For documentation on this error, please visit: https://www.selenium.dev/documentation/webdriver/troubleshooting/errors#no-such-element-exception\nStacktrace:\n#0 0x55b8402e8f83 <unknown>\n#1 0x55b83ffa1cf7 <unknown>\n#2 0x55b83fff199e <unknown>\n#3 0x55b83fff1aa1 <unknown>\n#4 0x55b84003cd64 <unknown>\n#5 0x55b84001b0dd <unknown>\n#6 0x55b84003a006 <unknown>\n#7 0x55b84001ae53 <unknown>\n#8 0x55b83ffe2dd4 <unknown>\n#9 0x55b83ffe41de <unknown>\n#10 0x55b8402ad531 <unknown>\n#11 0x55b8402b1455 <unknown>\n#12 0x55b840299f55 <unknown>\n#13 0x55b8402b20ef <unknown>\n#14 0x55b84027d99f <unknown>\n#15 0x55b8402d6008 <unknown>\n#16 0x55b8402d61d7 <unknown>\n#17 0x55b8402e8124 <unknown>\n#18 0x7ff248f50044 <unknown>","time":{"start":1704503434848,"stop":1704503435357,"duration":509}},{"uid":"addfce986ad3d6ad","reportUrl":"https://zaelcovsky.github.io/StroyremAutomation/192//#testresult/addfce986ad3d6ad","status":"skipped","statusDetails":"XFAIL\n\nselenium.common.exceptions.NoSuchElementException: Message: no such element: Unable to locate element: {\"method\":\"xpath\",\"selector\":\"(//a[@class='add-to-cart yellow-btn'])[1]\"}\n  (Session info: chrome-headless-shell=120.0.6099.109); For documentation on this error, please visit: https://www.selenium.dev/documentation/webdriver/troubleshooting/errors#no-such-element-exception\nStacktrace:\n#0 0x556d89216f83 <unknown>\n#1 0x556d88ecfcf7 <unknown>\n#2 0x556d88f1f99e <unknown>\n#3 0x556d88f1faa1 <unknown>\n#4 0x556d88f6ad64 <unknown>\n#5 0x556d88f490dd <unknown>\n#6 0x556d88f68006 <unknown>\n#7 0x556d88f48e53 <unknown>\n#8 0x556d88f10dd4 <unknown>\n#9 0x556d88f121de <unknown>\n#10 0x556d891db531 <unknown>\n#11 0x556d891df455 <unknown>\n#12 0x556d891c7f55 <unknown>\n#13 0x556d891e00ef <unknown>\n#14 0x556d891ab99f <unknown>\n#15 0x556d89204008 <unknown>\n#16 0x556d892041d7 <unknown>\n#17 0x556d89216124 <unknown>\n#18 0x7f286713e044 <unknown>","time":{"start":1704417095129,"stop":1704417095717,"duration":588}},{"uid":"8511e459cbcdf621","reportUrl":"https://zaelcovsky.github.io/StroyremAutomation/191//#testresult/8511e459cbcdf621","status":"skipped","statusDetails":"XFAIL\n\nselenium.common.exceptions.NoSuchElementException: Message: no such element: Unable to locate element: {\"method\":\"xpath\",\"selector\":\"(//a[@class='add-to-cart yellow-btn'])[1]\"}\n  (Session info: chrome-headless-shell=120.0.6099.109); For documentation on this error, please visit: https://www.selenium.dev/documentation/webdriver/troubleshooting/errors#no-such-element-exception\nStacktrace:\n#0 0x55c030ecaf83 <unknown>\n#1 0x55c030b83cf7 <unknown>\n#2 0x55c030bd399e <unknown>\n#3 0x55c030bd3aa1 <unknown>\n#4 0x55c030c1ed64 <unknown>\n#5 0x55c030bfd0dd <unknown>\n#6 0x55c030c1c006 <unknown>\n#7 0x55c030bfce53 <unknown>\n#8 0x55c030bc4dd4 <unknown>\n#9 0x55c030bc61de <unknown>\n#10 0x55c030e8f531 <unknown>\n#11 0x55c030e93455 <unknown>\n#12 0x55c030e7bf55 <unknown>\n#13 0x55c030e940ef <unknown>\n#14 0x55c030e5f99f <unknown>\n#15 0x55c030eb8008 <unknown>\n#16 0x55c030eb81d7 <unknown>\n#17 0x55c030eca124 <unknown>\n#18 0x7fe8302be044 <unknown>","time":{"start":1704330779123,"stop":1704330779741,"duration":618}},{"uid":"fae5a9f586d930f0","reportUrl":"https://zaelcovsky.github.io/StroyremAutomation/190//#testresult/fae5a9f586d930f0","status":"skipped","statusDetails":"XFAIL\n\nselenium.common.exceptions.NoSuchElementException: Message: no such element: Unable to locate element: {\"method\":\"xpath\",\"selector\":\"(//a[@class='add-to-cart yellow-btn'])[1]\"}\n  (Session info: chrome-headless-shell=120.0.6099.109); For documentation on this error, please visit: https://www.selenium.dev/documentation/webdriver/troubleshooting/errors#no-such-element-exception\nStacktrace:\n#0 0x55ec13c5af83 <unknown>\n#1 0x55ec13913cf7 <unknown>\n#2 0x55ec1396399e <unknown>\n#3 0x55ec13963aa1 <unknown>\n#4 0x55ec139aed64 <unknown>\n#5 0x55ec1398d0dd <unknown>\n#6 0x55ec139ac006 <unknown>\n#7 0x55ec1398ce53 <unknown>\n#8 0x55ec13954dd4 <unknown>\n#9 0x55ec139561de <unknown>\n#10 0x55ec13c1f531 <unknown>\n#11 0x55ec13c23455 <unknown>\n#12 0x55ec13c0bf55 <unknown>\n#13 0x55ec13c240ef <unknown>\n#14 0x55ec13bef99f <unknown>\n#15 0x55ec13c48008 <unknown>\n#16 0x55ec13c481d7 <unknown>\n#17 0x55ec13c5a124 <unknown>\n#18 0x7fea4936a044 <unknown>","time":{"start":1704244268288,"stop":1704244268603,"duration":315}},{"uid":"c3c476a0f967dbc0","reportUrl":"https://zaelcovsky.github.io/StroyremAutomation/189//#testresult/c3c476a0f967dbc0","status":"skipped","statusDetails":"XFAIL\n\nselenium.common.exceptions.NoSuchElementException: Message: no such element: Unable to locate element: {\"method\":\"xpath\",\"selector\":\"(//a[@class='add-to-cart yellow-btn'])[1]\"}\n  (Session info: chrome-headless-shell=120.0.6099.109); For documentation on this error, please visit: https://www.selenium.dev/documentation/webdriver/troubleshooting/errors#no-such-element-exception\nStacktrace:\n#0 0x5563c45ccf83 <unknown>\n#1 0x5563c4285cf7 <unknown>\n#2 0x5563c42d599e <unknown>\n#3 0x5563c42d5aa1 <unknown>\n#4 0x5563c4320d64 <unknown>\n#5 0x5563c42ff0dd <unknown>\n#6 0x5563c431e006 <unknown>\n#7 0x5563c42fee53 <unknown>\n#8 0x5563c42c6dd4 <unknown>\n#9 0x5563c42c81de <unknown>\n#10 0x5563c4591531 <unknown>\n#11 0x5563c4595455 <unknown>\n#12 0x5563c457df55 <unknown>\n#13 0x5563c45960ef <unknown>\n#14 0x5563c456199f <unknown>\n#15 0x5563c45ba008 <unknown>\n#16 0x5563c45ba1d7 <unknown>\n#17 0x5563c45cc124 <unknown>\n#18 0x7f8ea1aff044 <unknown>","time":{"start":1704157786607,"stop":1704157786933,"duration":326}},{"uid":"bc9c810ad055b5df","reportUrl":"https://zaelcovsky.github.io/StroyremAutomation/188//#testresult/bc9c810ad055b5df","status":"skipped","statusDetails":"XFAIL\n\nselenium.common.exceptions.NoSuchElementException: Message: no such element: Unable to locate element: {\"method\":\"xpath\",\"selector\":\"(//a[@class='add-to-cart yellow-btn'])[1]\"}\n  (Session info: chrome-headless-shell=120.0.6099.109); For documentation on this error, please visit: https://www.selenium.dev/documentation/webdriver/troubleshooting/errors#no-such-element-exception\nStacktrace:\n#0 0x561fef28cf83 <unknown>\n#1 0x561feef45cf7 <unknown>\n#2 0x561feef9599e <unknown>\n#3 0x561feef95aa1 <unknown>\n#4 0x561feefe0d64 <unknown>\n#5 0x561feefbf0dd <unknown>\n#6 0x561feefde006 <unknown>\n#7 0x561feefbee53 <unknown>\n#8 0x561feef86dd4 <unknown>\n#9 0x561feef881de <unknown>\n#10 0x561fef251531 <unknown>\n#11 0x561fef255455 <unknown>\n#12 0x561fef23df55 <unknown>\n#13 0x561fef2560ef <unknown>\n#14 0x561fef22199f <unknown>\n#15 0x561fef27a008 <unknown>\n#16 0x561fef27a1d7 <unknown>\n#17 0x561fef28c124 <unknown>\n#18 0x7ff3deb7e044 <unknown>","time":{"start":1704071875545,"stop":1704071876109,"duration":564}},{"uid":"d43b5e256bf608ee","reportUrl":"https://zaelcovsky.github.io/StroyremAutomation/187//#testresult/d43b5e256bf608ee","status":"skipped","statusDetails":"XFAIL\n\nselenium.common.exceptions.NoSuchElementException: Message: no such element: Unable to locate element: {\"method\":\"xpath\",\"selector\":\"(//a[@class='add-to-cart yellow-btn'])[1]\"}\n  (Session info: chrome-headless-shell=120.0.6099.109); For documentation on this error, please visit: https://www.selenium.dev/documentation/webdriver/troubleshooting/errors#no-such-element-exception\nStacktrace:\n#0 0x5565539ccf83 <unknown>\n#1 0x556553685cf7 <unknown>\n#2 0x5565536d599e <unknown>\n#3 0x5565536d5aa1 <unknown>\n#4 0x556553720d64 <unknown>\n#5 0x5565536ff0dd <unknown>\n#6 0x55655371e006 <unknown>\n#7 0x5565536fee53 <unknown>\n#8 0x5565536c6dd4 <unknown>\n#9 0x5565536c81de <unknown>\n#10 0x556553991531 <unknown>\n#11 0x556553995455 <unknown>\n#12 0x55655397df55 <unknown>\n#13 0x5565539960ef <unknown>\n#14 0x55655396199f <unknown>\n#15 0x5565539ba008 <unknown>\n#16 0x5565539ba1d7 <unknown>\n#17 0x5565539cc124 <unknown>\n#18 0x7f534362f044 <unknown>","time":{"start":1703985331420,"stop":1703985331763,"duration":343}},{"uid":"47dc28995c3bab2f","reportUrl":"https://zaelcovsky.github.io/StroyremAutomation/186//#testresult/47dc28995c3bab2f","status":"skipped","statusDetails":"XFAIL\n\nselenium.common.exceptions.NoSuchElementException: Message: no such element: Unable to locate element: {\"method\":\"xpath\",\"selector\":\"(//a[@class='add-to-cart yellow-btn'])[1]\"}\n  (Session info: chrome-headless-shell=120.0.6099.109); For documentation on this error, please visit: https://www.selenium.dev/documentation/webdriver/troubleshooting/errors#no-such-element-exception\nStacktrace:\n#0 0x55c195ef8f83 <unknown>\n#1 0x55c195bb1cf7 <unknown>\n#2 0x55c195c0199e <unknown>\n#3 0x55c195c01aa1 <unknown>\n#4 0x55c195c4cd64 <unknown>\n#5 0x55c195c2b0dd <unknown>\n#6 0x55c195c4a006 <unknown>\n#7 0x55c195c2ae53 <unknown>\n#8 0x55c195bf2dd4 <unknown>\n#9 0x55c195bf41de <unknown>\n#10 0x55c195ebd531 <unknown>\n#11 0x55c195ec1455 <unknown>\n#12 0x55c195ea9f55 <unknown>\n#13 0x55c195ec20ef <unknown>\n#14 0x55c195e8d99f <unknown>\n#15 0x55c195ee6008 <unknown>\n#16 0x55c195ee61d7 <unknown>\n#17 0x55c195ef8124 <unknown>\n#18 0x7fc54d562044 <unknown>","time":{"start":1703898605116,"stop":1703898605569,"duration":453}}]},"tags":["@pytest.mark.xfail(reson='Цена доставки: - - -')","smoke"]},"source":"1f42388f0b59ec4a.json","parameterValues":["3320","8","'TD 016'","2390","'products/shtukaturka-gipsovaya-aksolit-m50-30-kg-mashinnogo-naneseniya'","650","'https://sandboxtest.stroyrem-nn.ru/'","300"]}