{"uid":"60b1e709a036bb4f","name":"TC 009 - Проверка функциональности ссылки 'Доставка'","fullName":"tests.test_main_page.TestMainPage#test_positive_footer_delivery_smoke","historyId":"bc9818d241aad936f44651fb7356fb88","time":{"start":1705626468424,"stop":1705626468437,"duration":13},"status":"broken","statusMessage":"selenium.common.exceptions.NoSuchElementException: Message: no such element: Unable to locate element: {\"method\":\"xpath\",\"selector\":\"(//a[@href='/dostavka'])[3]\"}\n  (Session info: chrome-headless-shell=120.0.6099.109); For documentation on this error, please visit: https://www.selenium.dev/documentation/webdriver/troubleshooting/errors#no-such-element-exception\nStacktrace:\n#0 0x557dd8721f83 <unknown>\n#1 0x557dd83dacf7 <unknown>\n#2 0x557dd842a99e <unknown>\n#3 0x557dd842aaa1 <unknown>\n#4 0x557dd8475d64 <unknown>\n#5 0x557dd84540dd <unknown>\n#6 0x557dd8473006 <unknown>\n#7 0x557dd8453e53 <unknown>\n#8 0x557dd841bdd4 <unknown>\n#9 0x557dd841d1de <unknown>\n#10 0x557dd86e6531 <unknown>\n#11 0x557dd86ea455 <unknown>\n#12 0x557dd86d2f55 <unknown>\n#13 0x557dd86eb0ef <unknown>\n#14 0x557dd86b699f <unknown>\n#15 0x557dd870f008 <unknown>\n#16 0x557dd870f1d7 <unknown>\n#17 0x557dd8721124 <unknown>\n#18 0x7f19c080c044 <unknown>","statusTrace":"self = <tests.test_main_page.TestMainPage object at 0x7ff49237d610>\nmain_page = <pages.main_page.MainPage object at 0x7ff491fede10>\n\n    @allure.feature(\"Footer functionality\")\n    @allure.title(\"TC 009 - Проверка функциональности ссылки 'Доставка'\")\n    @pytest.mark.smoke_test\n    def test_positive_footer_delivery_smoke(self, main_page):\n>       main_page.check_delivery_link()\n\ntests/test_main_page.py:90: \n_ _ _ _ _ _ _ _ _ _ _ _ _ _ _ _ _ _ _ _ _ _ _ _ _ _ _ _ _ _ _ _ _ _ _ _ _ _ _ _ \npages/main_page.py:130: in check_delivery_link\n    self.driver.find_element(*self._delivery_link).click()\n/usr/local/lib/python3.11/site-packages/selenium/webdriver/remote/webdriver.py:740: in find_element\n    return self.execute(Command.FIND_ELEMENT, {\"using\": by, \"value\": value})[\"value\"]\n/usr/local/lib/python3.11/site-packages/selenium/webdriver/remote/webdriver.py:346: in execute\n    self.error_handler.check_response(response)\n_ _ _ _ _ _ _ _ _ _ _ _ _ _ _ _ _ _ _ _ _ _ _ _ _ _ _ _ _ _ _ _ _ _ _ _ _ _ _ _ \n\nself = <selenium.webdriver.remote.errorhandler.ErrorHandler object at 0x7ff491d772d0>\nresponse = {'status': 404, 'value': '{\"value\":{\"error\":\"no such element\",\"message\":\"no such element: Unable to locate element: {\\...\\\\n#16 0x557dd870f1d7 \\\\u003Cunknown>\\\\n#17 0x557dd8721124 \\\\u003Cunknown>\\\\n#18 0x7f19c080c044 \\\\u003Cunknown>\\\\n\"}}'}\n\n    def check_response(self, response: Dict[str, Any]) -> None:\n        \"\"\"Checks that a JSON response from the WebDriver does not have an\n        error.\n    \n        :Args:\n         - response - The JSON response from the WebDriver server as a dictionary\n           object.\n    \n        :Raises: If the response contains an error message.\n        \"\"\"\n        status = response.get(\"status\", None)\n        if not status or status == ErrorCode.SUCCESS:\n            return\n        value = None\n        message = response.get(\"message\", \"\")\n        screen: str = response.get(\"screen\", \"\")\n        stacktrace = None\n        if isinstance(status, int):\n            value_json = response.get(\"value\", None)\n            if value_json and isinstance(value_json, str):\n                import json\n    \n                try:\n                    value = json.loads(value_json)\n                    if len(value) == 1:\n                        value = value[\"value\"]\n                    status = value.get(\"error\", None)\n                    if not status:\n                        status = value.get(\"status\", ErrorCode.UNKNOWN_ERROR)\n                        message = value.get(\"value\") or value.get(\"message\")\n                        if not isinstance(message, str):\n                            value = message\n                            message = message.get(\"message\")\n                    else:\n                        message = value.get(\"message\", None)\n                except ValueError:\n                    pass\n    \n        exception_class: Type[WebDriverException]\n        if status in ErrorCode.NO_SUCH_ELEMENT:\n            exception_class = NoSuchElementException\n        elif status in ErrorCode.NO_SUCH_FRAME:\n            exception_class = NoSuchFrameException\n        elif status in ErrorCode.NO_SUCH_SHADOW_ROOT:\n            exception_class = NoSuchShadowRootException\n        elif status in ErrorCode.NO_SUCH_WINDOW:\n            exception_class = NoSuchWindowException\n        elif status in ErrorCode.STALE_ELEMENT_REFERENCE:\n            exception_class = StaleElementReferenceException\n        elif status in ErrorCode.ELEMENT_NOT_VISIBLE:\n            exception_class = ElementNotVisibleException\n        elif status in ErrorCode.INVALID_ELEMENT_STATE:\n            exception_class = InvalidElementStateException\n        elif (\n            status in ErrorCode.INVALID_SELECTOR\n            or status in ErrorCode.INVALID_XPATH_SELECTOR\n            or status in ErrorCode.INVALID_XPATH_SELECTOR_RETURN_TYPER\n        ):\n            exception_class = InvalidSelectorException\n        elif status in ErrorCode.ELEMENT_IS_NOT_SELECTABLE:\n            exception_class = ElementNotSelectableException\n        elif status in ErrorCode.ELEMENT_NOT_INTERACTABLE:\n            exception_class = ElementNotInteractableException\n        elif status in ErrorCode.INVALID_COOKIE_DOMAIN:\n            exception_class = InvalidCookieDomainException\n        elif status in ErrorCode.UNABLE_TO_SET_COOKIE:\n            exception_class = UnableToSetCookieException\n        elif status in ErrorCode.TIMEOUT:\n            exception_class = TimeoutException\n        elif status in ErrorCode.SCRIPT_TIMEOUT:\n            exception_class = TimeoutException\n        elif status in ErrorCode.UNKNOWN_ERROR:\n            exception_class = WebDriverException\n        elif status in ErrorCode.UNEXPECTED_ALERT_OPEN:\n            exception_class = UnexpectedAlertPresentException\n        elif status in ErrorCode.NO_ALERT_OPEN:\n            exception_class = NoAlertPresentException\n        elif status in ErrorCode.IME_NOT_AVAILABLE:\n            exception_class = ImeNotAvailableException\n        elif status in ErrorCode.IME_ENGINE_ACTIVATION_FAILED:\n            exception_class = ImeActivationFailedException\n        elif status in ErrorCode.MOVE_TARGET_OUT_OF_BOUNDS:\n            exception_class = MoveTargetOutOfBoundsException\n        elif status in ErrorCode.JAVASCRIPT_ERROR:\n            exception_class = JavascriptException\n        elif status in ErrorCode.SESSION_NOT_CREATED:\n            exception_class = SessionNotCreatedException\n        elif status in ErrorCode.INVALID_ARGUMENT:\n            exception_class = InvalidArgumentException\n        elif status in ErrorCode.NO_SUCH_COOKIE:\n            exception_class = NoSuchCookieException\n        elif status in ErrorCode.UNABLE_TO_CAPTURE_SCREEN:\n            exception_class = ScreenshotException\n        elif status in ErrorCode.ELEMENT_CLICK_INTERCEPTED:\n            exception_class = ElementClickInterceptedException\n        elif status in ErrorCode.INSECURE_CERTIFICATE:\n            exception_class = InsecureCertificateException\n        elif status in ErrorCode.INVALID_COORDINATES:\n            exception_class = InvalidCoordinatesException\n        elif status in ErrorCode.INVALID_SESSION_ID:\n            exception_class = InvalidSessionIdException\n        elif status in ErrorCode.UNKNOWN_METHOD:\n            exception_class = UnknownMethodException\n        else:\n            exception_class = WebDriverException\n        if not value:\n            value = response[\"value\"]\n        if isinstance(value, str):\n            raise exception_class(value)\n        if message == \"\" and \"message\" in value:\n            message = value[\"message\"]\n    \n        screen = None  # type: ignore[assignment]\n        if \"screen\" in value:\n            screen = value[\"screen\"]\n    \n        stacktrace = None\n        st_value = value.get(\"stackTrace\") or value.get(\"stacktrace\")\n        if st_value:\n            if isinstance(st_value, str):\n                stacktrace = st_value.split(\"\\n\")\n            else:\n                stacktrace = []\n                try:\n                    for frame in st_value:\n                        line = frame.get(\"lineNumber\", \"\")\n                        file = frame.get(\"fileName\", \"<anonymous>\")\n                        if line:\n                            file = f\"{file}:{line}\"\n                        meth = frame.get(\"methodName\", \"<anonymous>\")\n                        if \"className\" in frame:\n                            meth = f\"{frame['className']}.{meth}\"\n                        msg = \"    at %s (%s)\"\n                        msg = msg % (meth, file)\n                        stacktrace.append(msg)\n                except TypeError:\n                    pass\n        if exception_class == UnexpectedAlertPresentException:\n            alert_text = None\n            if \"data\" in value:\n                alert_text = value[\"data\"].get(\"text\")\n            elif \"alert\" in value:\n                alert_text = value[\"alert\"].get(\"text\")\n            raise exception_class(message, screen, stacktrace, alert_text)  # type: ignore[call-arg]  # mypy is not smart enough here\n>       raise exception_class(message, screen, stacktrace)\nE       selenium.common.exceptions.NoSuchElementException: Message: no such element: Unable to locate element: {\"method\":\"xpath\",\"selector\":\"(//a[@href='/dostavka'])[3]\"}\nE         (Session info: chrome-headless-shell=120.0.6099.109); For documentation on this error, please visit: https://www.selenium.dev/documentation/webdriver/troubleshooting/errors#no-such-element-exception\nE       Stacktrace:\nE       #0 0x557dd8721f83 <unknown>\nE       #1 0x557dd83dacf7 <unknown>\nE       #2 0x557dd842a99e <unknown>\nE       #3 0x557dd842aaa1 <unknown>\nE       #4 0x557dd8475d64 <unknown>\nE       #5 0x557dd84540dd <unknown>\nE       #6 0x557dd8473006 <unknown>\nE       #7 0x557dd8453e53 <unknown>\nE       #8 0x557dd841bdd4 <unknown>\nE       #9 0x557dd841d1de <unknown>\nE       #10 0x557dd86e6531 <unknown>\nE       #11 0x557dd86ea455 <unknown>\nE       #12 0x557dd86d2f55 <unknown>\nE       #13 0x557dd86eb0ef <unknown>\nE       #14 0x557dd86b699f <unknown>\nE       #15 0x557dd870f008 <unknown>\nE       #16 0x557dd870f1d7 <unknown>\nE       #17 0x557dd8721124 <unknown>\nE       #18 0x7f19c080c044 <unknown>\n\n/usr/local/lib/python3.11/site-packages/selenium/webdriver/remote/errorhandler.py:245: NoSuchElementException","flaky":false,"newFailed":false,"newBroken":false,"newPassed":false,"retriesCount":0,"retriesStatusChange":false,"beforeStages":[{"name":"_session_faker","time":{"start":1705626349273,"stop":1705626349343,"duration":70},"status":"passed","steps":[],"attachments":[],"parameters":[],"shouldDisplayMessage":false,"stepsCount":0,"attachmentsCount":0,"hasContent":false,"attachmentStep":false},{"name":"clear_allure_results_folder","time":{"start":1705626349343,"stop":1705626349343,"duration":0},"status":"passed","steps":[],"attachments":[],"parameters":[],"shouldDisplayMessage":false,"stepsCount":0,"attachmentsCount":0,"hasContent":false,"attachmentStep":false},{"name":"driver","time":{"start":1705626467091,"stop":1705626467823,"duration":732},"status":"passed","steps":[],"attachments":[],"parameters":[],"shouldDisplayMessage":false,"stepsCount":0,"attachmentsCount":0,"hasContent":false,"attachmentStep":false},{"name":"setup","time":{"start":1705626467823,"stop":1705626467823,"duration":0},"status":"passed","steps":[],"attachments":[],"parameters":[],"shouldDisplayMessage":false,"stepsCount":0,"attachmentsCount":0,"hasContent":false,"attachmentStep":false},{"name":"main_page","time":{"start":1705626467823,"stop":1705626468423,"duration":600},"status":"passed","steps":[],"attachments":[],"parameters":[],"shouldDisplayMessage":false,"stepsCount":0,"attachmentsCount":0,"hasContent":false,"attachmentStep":false}],"testStage":{"status":"broken","statusMessage":"selenium.common.exceptions.NoSuchElementException: Message: no such element: Unable to locate element: {\"method\":\"xpath\",\"selector\":\"(//a[@href='/dostavka'])[3]\"}\n  (Session info: chrome-headless-shell=120.0.6099.109); For documentation on this error, please visit: https://www.selenium.dev/documentation/webdriver/troubleshooting/errors#no-such-element-exception\nStacktrace:\n#0 0x557dd8721f83 <unknown>\n#1 0x557dd83dacf7 <unknown>\n#2 0x557dd842a99e <unknown>\n#3 0x557dd842aaa1 <unknown>\n#4 0x557dd8475d64 <unknown>\n#5 0x557dd84540dd <unknown>\n#6 0x557dd8473006 <unknown>\n#7 0x557dd8453e53 <unknown>\n#8 0x557dd841bdd4 <unknown>\n#9 0x557dd841d1de <unknown>\n#10 0x557dd86e6531 <unknown>\n#11 0x557dd86ea455 <unknown>\n#12 0x557dd86d2f55 <unknown>\n#13 0x557dd86eb0ef <unknown>\n#14 0x557dd86b699f <unknown>\n#15 0x557dd870f008 <unknown>\n#16 0x557dd870f1d7 <unknown>\n#17 0x557dd8721124 <unknown>\n#18 0x7f19c080c044 <unknown>","statusTrace":"self = <tests.test_main_page.TestMainPage object at 0x7ff49237d610>\nmain_page = <pages.main_page.MainPage object at 0x7ff491fede10>\n\n    @allure.feature(\"Footer functionality\")\n    @allure.title(\"TC 009 - Проверка функциональности ссылки 'Доставка'\")\n    @pytest.mark.smoke_test\n    def test_positive_footer_delivery_smoke(self, main_page):\n>       main_page.check_delivery_link()\n\ntests/test_main_page.py:90: \n_ _ _ _ _ _ _ _ _ _ _ _ _ _ _ _ _ _ _ _ _ _ _ _ _ _ _ _ _ _ _ _ _ _ _ _ _ _ _ _ \npages/main_page.py:130: in check_delivery_link\n    self.driver.find_element(*self._delivery_link).click()\n/usr/local/lib/python3.11/site-packages/selenium/webdriver/remote/webdriver.py:740: in find_element\n    return self.execute(Command.FIND_ELEMENT, {\"using\": by, \"value\": value})[\"value\"]\n/usr/local/lib/python3.11/site-packages/selenium/webdriver/remote/webdriver.py:346: in execute\n    self.error_handler.check_response(response)\n_ _ _ _ _ _ _ _ _ _ _ _ _ _ _ _ _ _ _ _ _ _ _ _ _ _ _ _ _ _ _ _ _ _ _ _ _ _ _ _ \n\nself = <selenium.webdriver.remote.errorhandler.ErrorHandler object at 0x7ff491d772d0>\nresponse = {'status': 404, 'value': '{\"value\":{\"error\":\"no such element\",\"message\":\"no such element: Unable to locate element: {\\...\\\\n#16 0x557dd870f1d7 \\\\u003Cunknown>\\\\n#17 0x557dd8721124 \\\\u003Cunknown>\\\\n#18 0x7f19c080c044 \\\\u003Cunknown>\\\\n\"}}'}\n\n    def check_response(self, response: Dict[str, Any]) -> None:\n        \"\"\"Checks that a JSON response from the WebDriver does not have an\n        error.\n    \n        :Args:\n         - response - The JSON response from the WebDriver server as a dictionary\n           object.\n    \n        :Raises: If the response contains an error message.\n        \"\"\"\n        status = response.get(\"status\", None)\n        if not status or status == ErrorCode.SUCCESS:\n            return\n        value = None\n        message = response.get(\"message\", \"\")\n        screen: str = response.get(\"screen\", \"\")\n        stacktrace = None\n        if isinstance(status, int):\n            value_json = response.get(\"value\", None)\n            if value_json and isinstance(value_json, str):\n                import json\n    \n                try:\n                    value = json.loads(value_json)\n                    if len(value) == 1:\n                        value = value[\"value\"]\n                    status = value.get(\"error\", None)\n                    if not status:\n                        status = value.get(\"status\", ErrorCode.UNKNOWN_ERROR)\n                        message = value.get(\"value\") or value.get(\"message\")\n                        if not isinstance(message, str):\n                            value = message\n                            message = message.get(\"message\")\n                    else:\n                        message = value.get(\"message\", None)\n                except ValueError:\n                    pass\n    \n        exception_class: Type[WebDriverException]\n        if status in ErrorCode.NO_SUCH_ELEMENT:\n            exception_class = NoSuchElementException\n        elif status in ErrorCode.NO_SUCH_FRAME:\n            exception_class = NoSuchFrameException\n        elif status in ErrorCode.NO_SUCH_SHADOW_ROOT:\n            exception_class = NoSuchShadowRootException\n        elif status in ErrorCode.NO_SUCH_WINDOW:\n            exception_class = NoSuchWindowException\n        elif status in ErrorCode.STALE_ELEMENT_REFERENCE:\n            exception_class = StaleElementReferenceException\n        elif status in ErrorCode.ELEMENT_NOT_VISIBLE:\n            exception_class = ElementNotVisibleException\n        elif status in ErrorCode.INVALID_ELEMENT_STATE:\n            exception_class = InvalidElementStateException\n        elif (\n            status in ErrorCode.INVALID_SELECTOR\n            or status in ErrorCode.INVALID_XPATH_SELECTOR\n            or status in ErrorCode.INVALID_XPATH_SELECTOR_RETURN_TYPER\n        ):\n            exception_class = InvalidSelectorException\n        elif status in ErrorCode.ELEMENT_IS_NOT_SELECTABLE:\n            exception_class = ElementNotSelectableException\n        elif status in ErrorCode.ELEMENT_NOT_INTERACTABLE:\n            exception_class = ElementNotInteractableException\n        elif status in ErrorCode.INVALID_COOKIE_DOMAIN:\n            exception_class = InvalidCookieDomainException\n        elif status in ErrorCode.UNABLE_TO_SET_COOKIE:\n            exception_class = UnableToSetCookieException\n        elif status in ErrorCode.TIMEOUT:\n            exception_class = TimeoutException\n        elif status in ErrorCode.SCRIPT_TIMEOUT:\n            exception_class = TimeoutException\n        elif status in ErrorCode.UNKNOWN_ERROR:\n            exception_class = WebDriverException\n        elif status in ErrorCode.UNEXPECTED_ALERT_OPEN:\n            exception_class = UnexpectedAlertPresentException\n        elif status in ErrorCode.NO_ALERT_OPEN:\n            exception_class = NoAlertPresentException\n        elif status in ErrorCode.IME_NOT_AVAILABLE:\n            exception_class = ImeNotAvailableException\n        elif status in ErrorCode.IME_ENGINE_ACTIVATION_FAILED:\n            exception_class = ImeActivationFailedException\n        elif status in ErrorCode.MOVE_TARGET_OUT_OF_BOUNDS:\n            exception_class = MoveTargetOutOfBoundsException\n        elif status in ErrorCode.JAVASCRIPT_ERROR:\n            exception_class = JavascriptException\n        elif status in ErrorCode.SESSION_NOT_CREATED:\n            exception_class = SessionNotCreatedException\n        elif status in ErrorCode.INVALID_ARGUMENT:\n            exception_class = InvalidArgumentException\n        elif status in ErrorCode.NO_SUCH_COOKIE:\n            exception_class = NoSuchCookieException\n        elif status in ErrorCode.UNABLE_TO_CAPTURE_SCREEN:\n            exception_class = ScreenshotException\n        elif status in ErrorCode.ELEMENT_CLICK_INTERCEPTED:\n            exception_class = ElementClickInterceptedException\n        elif status in ErrorCode.INSECURE_CERTIFICATE:\n            exception_class = InsecureCertificateException\n        elif status in ErrorCode.INVALID_COORDINATES:\n            exception_class = InvalidCoordinatesException\n        elif status in ErrorCode.INVALID_SESSION_ID:\n            exception_class = InvalidSessionIdException\n        elif status in ErrorCode.UNKNOWN_METHOD:\n            exception_class = UnknownMethodException\n        else:\n            exception_class = WebDriverException\n        if not value:\n            value = response[\"value\"]\n        if isinstance(value, str):\n            raise exception_class(value)\n        if message == \"\" and \"message\" in value:\n            message = value[\"message\"]\n    \n        screen = None  # type: ignore[assignment]\n        if \"screen\" in value:\n            screen = value[\"screen\"]\n    \n        stacktrace = None\n        st_value = value.get(\"stackTrace\") or value.get(\"stacktrace\")\n        if st_value:\n            if isinstance(st_value, str):\n                stacktrace = st_value.split(\"\\n\")\n            else:\n                stacktrace = []\n                try:\n                    for frame in st_value:\n                        line = frame.get(\"lineNumber\", \"\")\n                        file = frame.get(\"fileName\", \"<anonymous>\")\n                        if line:\n                            file = f\"{file}:{line}\"\n                        meth = frame.get(\"methodName\", \"<anonymous>\")\n                        if \"className\" in frame:\n                            meth = f\"{frame['className']}.{meth}\"\n                        msg = \"    at %s (%s)\"\n                        msg = msg % (meth, file)\n                        stacktrace.append(msg)\n                except TypeError:\n                    pass\n        if exception_class == UnexpectedAlertPresentException:\n            alert_text = None\n            if \"data\" in value:\n                alert_text = value[\"data\"].get(\"text\")\n            elif \"alert\" in value:\n                alert_text = value[\"alert\"].get(\"text\")\n            raise exception_class(message, screen, stacktrace, alert_text)  # type: ignore[call-arg]  # mypy is not smart enough here\n>       raise exception_class(message, screen, stacktrace)\nE       selenium.common.exceptions.NoSuchElementException: Message: no such element: Unable to locate element: {\"method\":\"xpath\",\"selector\":\"(//a[@href='/dostavka'])[3]\"}\nE         (Session info: chrome-headless-shell=120.0.6099.109); For documentation on this error, please visit: https://www.selenium.dev/documentation/webdriver/troubleshooting/errors#no-such-element-exception\nE       Stacktrace:\nE       #0 0x557dd8721f83 <unknown>\nE       #1 0x557dd83dacf7 <unknown>\nE       #2 0x557dd842a99e <unknown>\nE       #3 0x557dd842aaa1 <unknown>\nE       #4 0x557dd8475d64 <unknown>\nE       #5 0x557dd84540dd <unknown>\nE       #6 0x557dd8473006 <unknown>\nE       #7 0x557dd8453e53 <unknown>\nE       #8 0x557dd841bdd4 <unknown>\nE       #9 0x557dd841d1de <unknown>\nE       #10 0x557dd86e6531 <unknown>\nE       #11 0x557dd86ea455 <unknown>\nE       #12 0x557dd86d2f55 <unknown>\nE       #13 0x557dd86eb0ef <unknown>\nE       #14 0x557dd86b699f <unknown>\nE       #15 0x557dd870f008 <unknown>\nE       #16 0x557dd870f1d7 <unknown>\nE       #17 0x557dd8721124 <unknown>\nE       #18 0x7f19c080c044 <unknown>\n\n/usr/local/lib/python3.11/site-packages/selenium/webdriver/remote/errorhandler.py:245: NoSuchElementException","steps":[{"name":"Проверка функциональности ссылки 'Доставка'","time":{"start":1705626468424,"stop":1705626468436,"duration":12},"status":"broken","statusMessage":"selenium.common.exceptions.NoSuchElementException: Message: no such element: Unable to locate element: {\"method\":\"xpath\",\"selector\":\"(//a[@href='/dostavka'])[3]\"}\n  (Session info: chrome-headless-shell=120.0.6099.109); For documentation on this error, please visit: https://www.selenium.dev/documentation/webdriver/troubleshooting/errors#no-such-element-exception\nStacktrace:\n#0 0x557dd8721f83 <unknown>\n#1 0x557dd83dacf7 <unknown>\n#2 0x557dd842a99e <unknown>\n#3 0x557dd842aaa1 <unknown>\n#4 0x557dd8475d64 <unknown>\n#5 0x557dd84540dd <unknown>\n#6 0x557dd8473006 <unknown>\n#7 0x557dd8453e53 <unknown>\n#8 0x557dd841bdd4 <unknown>\n#9 0x557dd841d1de <unknown>\n#10 0x557dd86e6531 <unknown>\n#11 0x557dd86ea455 <unknown>\n#12 0x557dd86d2f55 <unknown>\n#13 0x557dd86eb0ef <unknown>\n#14 0x557dd86b699f <unknown>\n#15 0x557dd870f008 <unknown>\n#16 0x557dd870f1d7 <unknown>\n#17 0x557dd8721124 <unknown>\n#18 0x7f19c080c044 <unknown>\n\n","statusTrace":"  File \"/usr/local/lib/python3.11/site-packages/allure_commons/_allure.py\", line 192, in impl\n    return func(*a, **kw)\n           ^^^^^^^^^^^^^^\n  File \"/app/pages/main_page.py\", line 130, in check_delivery_link\n    self.driver.find_element(*self._delivery_link).click()\n    ^^^^^^^^^^^^^^^^^^^^^^^^^^^^^^^^^^^^^^^^^^^^^^\n  File \"/usr/local/lib/python3.11/site-packages/selenium/webdriver/remote/webdriver.py\", line 740, in find_element\n    return self.execute(Command.FIND_ELEMENT, {\"using\": by, \"value\": value})[\"value\"]\n           ^^^^^^^^^^^^^^^^^^^^^^^^^^^^^^^^^^^^^^^^^^^^^^^^^^^^^^^^^^^^^^^^^\n  File \"/usr/local/lib/python3.11/site-packages/selenium/webdriver/remote/webdriver.py\", line 346, in execute\n    self.error_handler.check_response(response)\n  File \"/usr/local/lib/python3.11/site-packages/selenium/webdriver/remote/errorhandler.py\", line 245, in check_response\n    raise exception_class(message, screen, stacktrace)\n","steps":[],"attachments":[],"parameters":[],"shouldDisplayMessage":true,"stepsCount":0,"attachmentsCount":0,"hasContent":true,"attachmentStep":false}],"attachments":[{"uid":"93e481f909818942","name":"Screenshot","source":"93e481f909818942.png","type":"image/png","size":39106},{"uid":"dc3a716a0c0ae83d","name":"HTML source","source":"dc3a716a0c0ae83d.html","type":"text/html","size":538}],"parameters":[],"shouldDisplayMessage":true,"stepsCount":1,"attachmentsCount":2,"hasContent":true,"attachmentStep":false},"afterStages":[{"name":"driver::0","time":{"start":1705626468539,"stop":1705626468596,"duration":57},"status":"passed","steps":[],"attachments":[],"parameters":[],"shouldDisplayMessage":false,"stepsCount":0,"attachmentsCount":0,"hasContent":false,"attachmentStep":false},{"name":"setup::0","time":{"start":1705626468539,"stop":1705626468539,"duration":0},"status":"passed","steps":[],"attachments":[],"parameters":[],"shouldDisplayMessage":false,"stepsCount":0,"attachmentsCount":0,"hasContent":false,"attachmentStep":false}],"labels":[{"name":"feature","value":"Footer functionality"},{"name":"epic","value":"Main Page"},{"name":"tag","value":"smoke_test"},{"name":"parentSuite","value":"tests"},{"name":"suite","value":"test_main_page"},{"name":"subSuite","value":"TestMainPage"},{"name":"host","value":"9cb87e0835b8"},{"name":"thread","value":"1-MainThread"},{"name":"framework","value":"pytest"},{"name":"language","value":"cpython3"},{"name":"package","value":"tests.test_main_page"},{"name":"resultFormat","value":"allure2"}],"parameters":[{"name":"url","value":"'https://test2.stroyrem-nn.ru/'"}],"links":[],"hidden":false,"retry":false,"extra":{"severity":"normal","retries":[],"categories":[{"name":"Test defects","matchedStatuses":[],"flaky":false}],"history":{"statistic":{"failed":0,"broken":128,"skipped":0,"passed":35,"unknown":0,"total":163},"items":[{"uid":"b21f7779744506e8","reportUrl":"https://zaelcovsky.github.io/StroyremAutomation/205//#testresult/b21f7779744506e8","status":"broken","statusDetails":"selenium.common.exceptions.NoSuchElementException: Message: no such element: Unable to locate element: {\"method\":\"xpath\",\"selector\":\"(//a[@href='/dostavka'])[3]\"}\n  (Session info: chrome-headless-shell=120.0.6099.109); For documentation on this error, please visit: https://www.selenium.dev/documentation/webdriver/troubleshooting/errors#no-such-element-exception\nStacktrace:\n#0 0x55a22cd05f83 <unknown>\n#1 0x55a22c9becf7 <unknown>\n#2 0x55a22ca0e99e <unknown>\n#3 0x55a22ca0eaa1 <unknown>\n#4 0x55a22ca59d64 <unknown>\n#5 0x55a22ca380dd <unknown>\n#6 0x55a22ca57006 <unknown>\n#7 0x55a22ca37e53 <unknown>\n#8 0x55a22c9ffdd4 <unknown>\n#9 0x55a22ca011de <unknown>\n#10 0x55a22ccca531 <unknown>\n#11 0x55a22ccce455 <unknown>\n#12 0x55a22ccb6f55 <unknown>\n#13 0x55a22cccf0ef <unknown>\n#14 0x55a22cc9a99f <unknown>\n#15 0x55a22ccf3008 <unknown>\n#16 0x55a22ccf31d7 <unknown>\n#17 0x55a22cd05124 <unknown>\n#18 0x7f4ec461f044 <unknown>","time":{"start":1705540043681,"stop":1705540043694,"duration":13}},{"uid":"420f9450cb1f8300","reportUrl":"https://zaelcovsky.github.io/StroyremAutomation/204//#testresult/420f9450cb1f8300","status":"broken","statusDetails":"selenium.common.exceptions.NoSuchElementException: Message: no such element: Unable to locate element: {\"method\":\"xpath\",\"selector\":\"(//a[@href='/dostavka'])[3]\"}\n  (Session info: chrome-headless-shell=120.0.6099.109); For documentation on this error, please visit: https://www.selenium.dev/documentation/webdriver/troubleshooting/errors#no-such-element-exception\nStacktrace:\n#0 0x557d193faf83 <unknown>\n#1 0x557d190b3cf7 <unknown>\n#2 0x557d1910399e <unknown>\n#3 0x557d19103aa1 <unknown>\n#4 0x557d1914ed64 <unknown>\n#5 0x557d1912d0dd <unknown>\n#6 0x557d1914c006 <unknown>\n#7 0x557d1912ce53 <unknown>\n#8 0x557d190f4dd4 <unknown>\n#9 0x557d190f61de <unknown>\n#10 0x557d193bf531 <unknown>\n#11 0x557d193c3455 <unknown>\n#12 0x557d193abf55 <unknown>\n#13 0x557d193c40ef <unknown>\n#14 0x557d1938f99f <unknown>\n#15 0x557d193e8008 <unknown>\n#16 0x557d193e81d7 <unknown>\n#17 0x557d193fa124 <unknown>\n#18 0x7f8b467ec044 <unknown>","time":{"start":1705453709419,"stop":1705453709432,"duration":13}},{"uid":"6e548af947db1f8a","reportUrl":"https://zaelcovsky.github.io/StroyremAutomation/203//#testresult/6e548af947db1f8a","status":"broken","statusDetails":"selenium.common.exceptions.NoSuchElementException: Message: no such element: Unable to locate element: {\"method\":\"xpath\",\"selector\":\"(//a[@href='/dostavka'])[3]\"}\n  (Session info: chrome-headless-shell=120.0.6099.109); For documentation on this error, please visit: https://www.selenium.dev/documentation/webdriver/troubleshooting/errors#no-such-element-exception\nStacktrace:\n#0 0x55afeb851f83 <unknown>\n#1 0x55afeb50acf7 <unknown>\n#2 0x55afeb55a99e <unknown>\n#3 0x55afeb55aaa1 <unknown>\n#4 0x55afeb5a5d64 <unknown>\n#5 0x55afeb5840dd <unknown>\n#6 0x55afeb5a3006 <unknown>\n#7 0x55afeb583e53 <unknown>\n#8 0x55afeb54bdd4 <unknown>\n#9 0x55afeb54d1de <unknown>\n#10 0x55afeb816531 <unknown>\n#11 0x55afeb81a455 <unknown>\n#12 0x55afeb802f55 <unknown>\n#13 0x55afeb81b0ef <unknown>\n#14 0x55afeb7e699f <unknown>\n#15 0x55afeb83f008 <unknown>\n#16 0x55afeb83f1d7 <unknown>\n#17 0x55afeb851124 <unknown>\n#18 0x7f21fc3a9044 <unknown>","time":{"start":1705367265608,"stop":1705367265621,"duration":13}},{"uid":"29dcb7a64f19660a","reportUrl":"https://zaelcovsky.github.io/StroyremAutomation/202//#testresult/29dcb7a64f19660a","status":"broken","statusDetails":"selenium.common.exceptions.NoSuchElementException: Message: no such element: Unable to locate element: {\"method\":\"xpath\",\"selector\":\"(//a[@href='/dostavka'])[3]\"}\n  (Session info: chrome-headless-shell=120.0.6099.109); For documentation on this error, please visit: https://www.selenium.dev/documentation/webdriver/troubleshooting/errors#no-such-element-exception\nStacktrace:\n#0 0x55c756ab2f83 <unknown>\n#1 0x55c75676bcf7 <unknown>\n#2 0x55c7567bb99e <unknown>\n#3 0x55c7567bbaa1 <unknown>\n#4 0x55c756806d64 <unknown>\n#5 0x55c7567e50dd <unknown>\n#6 0x55c756804006 <unknown>\n#7 0x55c7567e4e53 <unknown>\n#8 0x55c7567acdd4 <unknown>\n#9 0x55c7567ae1de <unknown>\n#10 0x55c756a77531 <unknown>\n#11 0x55c756a7b455 <unknown>\n#12 0x55c756a63f55 <unknown>\n#13 0x55c756a7c0ef <unknown>\n#14 0x55c756a4799f <unknown>\n#15 0x55c756aa0008 <unknown>\n#16 0x55c756aa01d7 <unknown>\n#17 0x55c756ab2124 <unknown>\n#18 0x7fcd16a97044 <unknown>","time":{"start":1705280987919,"stop":1705280987932,"duration":13}},{"uid":"78930a39a2e4783b","reportUrl":"https://zaelcovsky.github.io/StroyremAutomation/201//#testresult/78930a39a2e4783b","status":"broken","statusDetails":"selenium.common.exceptions.NoSuchElementException: Message: no such element: Unable to locate element: {\"method\":\"xpath\",\"selector\":\"(//a[@href='/dostavka'])[3]\"}\n  (Session info: chrome-headless-shell=120.0.6099.109); For documentation on this error, please visit: https://www.selenium.dev/documentation/webdriver/troubleshooting/errors#no-such-element-exception\nStacktrace:\n#0 0x555a40aa7f83 <unknown>\n#1 0x555a40760cf7 <unknown>\n#2 0x555a407b099e <unknown>\n#3 0x555a407b0aa1 <unknown>\n#4 0x555a407fbd64 <unknown>\n#5 0x555a407da0dd <unknown>\n#6 0x555a407f9006 <unknown>\n#7 0x555a407d9e53 <unknown>\n#8 0x555a407a1dd4 <unknown>\n#9 0x555a407a31de <unknown>\n#10 0x555a40a6c531 <unknown>\n#11 0x555a40a70455 <unknown>\n#12 0x555a40a58f55 <unknown>\n#13 0x555a40a710ef <unknown>\n#14 0x555a40a3c99f <unknown>\n#15 0x555a40a95008 <unknown>\n#16 0x555a40a951d7 <unknown>\n#17 0x555a40aa7124 <unknown>\n#18 0x7f4181cb4044 <unknown>","time":{"start":1705194758318,"stop":1705194758332,"duration":14}},{"uid":"7dc809c4af077947","reportUrl":"https://zaelcovsky.github.io/StroyremAutomation/200//#testresult/7dc809c4af077947","status":"broken","statusDetails":"selenium.common.exceptions.NoSuchElementException: Message: no such element: Unable to locate element: {\"method\":\"xpath\",\"selector\":\"(//a[@href='/dostavka'])[3]\"}\n  (Session info: chrome-headless-shell=120.0.6099.109); For documentation on this error, please visit: https://www.selenium.dev/documentation/webdriver/troubleshooting/errors#no-such-element-exception\nStacktrace:\n#0 0x55eaff63cf83 <unknown>\n#1 0x55eaff2f5cf7 <unknown>\n#2 0x55eaff34599e <unknown>\n#3 0x55eaff345aa1 <unknown>\n#4 0x55eaff390d64 <unknown>\n#5 0x55eaff36f0dd <unknown>\n#6 0x55eaff38e006 <unknown>\n#7 0x55eaff36ee53 <unknown>\n#8 0x55eaff336dd4 <unknown>\n#9 0x55eaff3381de <unknown>\n#10 0x55eaff601531 <unknown>\n#11 0x55eaff605455 <unknown>\n#12 0x55eaff5edf55 <unknown>\n#13 0x55eaff6060ef <unknown>\n#14 0x55eaff5d199f <unknown>\n#15 0x55eaff62a008 <unknown>\n#16 0x55eaff62a1d7 <unknown>\n#17 0x55eaff63c124 <unknown>\n#18 0x7f0717774044 <unknown>","time":{"start":1705108036499,"stop":1705108036512,"duration":13}},{"uid":"d8fa7ec39add888b","reportUrl":"https://zaelcovsky.github.io/StroyremAutomation/199//#testresult/d8fa7ec39add888b","status":"broken","statusDetails":"selenium.common.exceptions.NoSuchElementException: Message: no such element: Unable to locate element: {\"method\":\"xpath\",\"selector\":\"(//a[@href='/dostavka'])[3]\"}\n  (Session info: chrome-headless-shell=120.0.6099.109); For documentation on this error, please visit: https://www.selenium.dev/documentation/webdriver/troubleshooting/errors#no-such-element-exception\nStacktrace:\n#0 0x5610d7d65f83 <unknown>\n#1 0x5610d7a1ecf7 <unknown>\n#2 0x5610d7a6e99e <unknown>\n#3 0x5610d7a6eaa1 <unknown>\n#4 0x5610d7ab9d64 <unknown>\n#5 0x5610d7a980dd <unknown>\n#6 0x5610d7ab7006 <unknown>\n#7 0x5610d7a97e53 <unknown>\n#8 0x5610d7a5fdd4 <unknown>\n#9 0x5610d7a611de <unknown>\n#10 0x5610d7d2a531 <unknown>\n#11 0x5610d7d2e455 <unknown>\n#12 0x5610d7d16f55 <unknown>\n#13 0x5610d7d2f0ef <unknown>\n#14 0x5610d7cfa99f <unknown>\n#15 0x5610d7d53008 <unknown>\n#16 0x5610d7d531d7 <unknown>\n#17 0x5610d7d65124 <unknown>\n#18 0x7f972ccb9044 <unknown>","time":{"start":1705021688207,"stop":1705021688220,"duration":13}},{"uid":"ca22111467886edf","reportUrl":"https://zaelcovsky.github.io/StroyremAutomation/198//#testresult/ca22111467886edf","status":"broken","statusDetails":"selenium.common.exceptions.NoSuchElementException: Message: no such element: Unable to locate element: {\"method\":\"xpath\",\"selector\":\"(//a[@href='/dostavka'])[3]\"}\n  (Session info: chrome-headless-shell=120.0.6099.109); For documentation on this error, please visit: https://www.selenium.dev/documentation/webdriver/troubleshooting/errors#no-such-element-exception\nStacktrace:\n#0 0x555985b5ef83 <unknown>\n#1 0x555985817cf7 <unknown>\n#2 0x55598586799e <unknown>\n#3 0x555985867aa1 <unknown>\n#4 0x5559858b2d64 <unknown>\n#5 0x5559858910dd <unknown>\n#6 0x5559858b0006 <unknown>\n#7 0x555985890e53 <unknown>\n#8 0x555985858dd4 <unknown>\n#9 0x55598585a1de <unknown>\n#10 0x555985b23531 <unknown>\n#11 0x555985b27455 <unknown>\n#12 0x555985b0ff55 <unknown>\n#13 0x555985b280ef <unknown>\n#14 0x555985af399f <unknown>\n#15 0x555985b4c008 <unknown>\n#16 0x555985b4c1d7 <unknown>\n#17 0x555985b5e124 <unknown>\n#18 0x7f6fd35d8044 <unknown>","time":{"start":1704935250045,"stop":1704935250058,"duration":13}},{"uid":"fe7b1e6a4e8d8691","reportUrl":"https://zaelcovsky.github.io/StroyremAutomation/197//#testresult/fe7b1e6a4e8d8691","status":"broken","statusDetails":"selenium.common.exceptions.NoSuchElementException: Message: no such element: Unable to locate element: {\"method\":\"xpath\",\"selector\":\"(//a[@href='/dostavka'])[3]\"}\n  (Session info: chrome-headless-shell=120.0.6099.109); For documentation on this error, please visit: https://www.selenium.dev/documentation/webdriver/troubleshooting/errors#no-such-element-exception\nStacktrace:\n#0 0x564adebc9f83 <unknown>\n#1 0x564ade882cf7 <unknown>\n#2 0x564ade8d299e <unknown>\n#3 0x564ade8d2aa1 <unknown>\n#4 0x564ade91dd64 <unknown>\n#5 0x564ade8fc0dd <unknown>\n#6 0x564ade91b006 <unknown>\n#7 0x564ade8fbe53 <unknown>\n#8 0x564ade8c3dd4 <unknown>\n#9 0x564ade8c51de <unknown>\n#10 0x564adeb8e531 <unknown>\n#11 0x564adeb92455 <unknown>\n#12 0x564adeb7af55 <unknown>\n#13 0x564adeb930ef <unknown>\n#14 0x564adeb5e99f <unknown>\n#15 0x564adebb7008 <unknown>\n#16 0x564adebb71d7 <unknown>\n#17 0x564adebc9124 <unknown>\n#18 0x7fcfcb36c044 <unknown>","time":{"start":1704848849692,"stop":1704848849705,"duration":13}},{"uid":"7f7141ff4aed0703","reportUrl":"https://zaelcovsky.github.io/StroyremAutomation/196//#testresult/7f7141ff4aed0703","status":"broken","statusDetails":"selenium.common.exceptions.NoSuchElementException: Message: no such element: Unable to locate element: {\"method\":\"xpath\",\"selector\":\"(//a[@href='/dostavka'])[3]\"}\n  (Session info: chrome-headless-shell=120.0.6099.109); For documentation on this error, please visit: https://www.selenium.dev/documentation/webdriver/troubleshooting/errors#no-such-element-exception\nStacktrace:\n#0 0x55f1f082ff83 <unknown>\n#1 0x55f1f04e8cf7 <unknown>\n#2 0x55f1f053899e <unknown>\n#3 0x55f1f0538aa1 <unknown>\n#4 0x55f1f0583d64 <unknown>\n#5 0x55f1f05620dd <unknown>\n#6 0x55f1f0581006 <unknown>\n#7 0x55f1f0561e53 <unknown>\n#8 0x55f1f0529dd4 <unknown>\n#9 0x55f1f052b1de <unknown>\n#10 0x55f1f07f4531 <unknown>\n#11 0x55f1f07f8455 <unknown>\n#12 0x55f1f07e0f55 <unknown>\n#13 0x55f1f07f90ef <unknown>\n#14 0x55f1f07c499f <unknown>\n#15 0x55f1f081d008 <unknown>\n#16 0x55f1f081d1d7 <unknown>\n#17 0x55f1f082f124 <unknown>\n#18 0x7ff3aea09044 <unknown>","time":{"start":1704762447657,"stop":1704762447670,"duration":13}},{"uid":"2234f9f07ef58650","reportUrl":"https://zaelcovsky.github.io/StroyremAutomation/195//#testresult/2234f9f07ef58650","status":"broken","statusDetails":"selenium.common.exceptions.NoSuchElementException: Message: no such element: Unable to locate element: {\"method\":\"xpath\",\"selector\":\"(//a[@href='/dostavka'])[3]\"}\n  (Session info: chrome-headless-shell=120.0.6099.109); For documentation on this error, please visit: https://www.selenium.dev/documentation/webdriver/troubleshooting/errors#no-such-element-exception\nStacktrace:\n#0 0x55a85c354f83 <unknown>\n#1 0x55a85c00dcf7 <unknown>\n#2 0x55a85c05d99e <unknown>\n#3 0x55a85c05daa1 <unknown>\n#4 0x55a85c0a8d64 <unknown>\n#5 0x55a85c0870dd <unknown>\n#6 0x55a85c0a6006 <unknown>\n#7 0x55a85c086e53 <unknown>\n#8 0x55a85c04edd4 <unknown>\n#9 0x55a85c0501de <unknown>\n#10 0x55a85c319531 <unknown>\n#11 0x55a85c31d455 <unknown>\n#12 0x55a85c305f55 <unknown>\n#13 0x55a85c31e0ef <unknown>\n#14 0x55a85c2e999f <unknown>\n#15 0x55a85c342008 <unknown>\n#16 0x55a85c3421d7 <unknown>\n#17 0x55a85c354124 <unknown>\n#18 0x7fc83a5e5044 <unknown>","time":{"start":1704676094494,"stop":1704676094507,"duration":13}},{"uid":"8ef3a2d650b255b9","reportUrl":"https://zaelcovsky.github.io/StroyremAutomation/194//#testresult/8ef3a2d650b255b9","status":"broken","statusDetails":"selenium.common.exceptions.NoSuchElementException: Message: no such element: Unable to locate element: {\"method\":\"xpath\",\"selector\":\"(//a[@href='/dostavka'])[3]\"}\n  (Session info: chrome-headless-shell=120.0.6099.109); For documentation on this error, please visit: https://www.selenium.dev/documentation/webdriver/troubleshooting/errors#no-such-element-exception\nStacktrace:\n#0 0x561539a9af83 <unknown>\n#1 0x561539753cf7 <unknown>\n#2 0x5615397a399e <unknown>\n#3 0x5615397a3aa1 <unknown>\n#4 0x5615397eed64 <unknown>\n#5 0x5615397cd0dd <unknown>\n#6 0x5615397ec006 <unknown>\n#7 0x5615397cce53 <unknown>\n#8 0x561539794dd4 <unknown>\n#9 0x5615397961de <unknown>\n#10 0x561539a5f531 <unknown>\n#11 0x561539a63455 <unknown>\n#12 0x561539a4bf55 <unknown>\n#13 0x561539a640ef <unknown>\n#14 0x561539a2f99f <unknown>\n#15 0x561539a88008 <unknown>\n#16 0x561539a881d7 <unknown>\n#17 0x561539a9a124 <unknown>\n#18 0x7fbc54c0d044 <unknown>","time":{"start":1704589991536,"stop":1704589991548,"duration":12}},{"uid":"f34041c75de8fbd5","reportUrl":"https://zaelcovsky.github.io/StroyremAutomation/193//#testresult/f34041c75de8fbd5","status":"broken","statusDetails":"selenium.common.exceptions.NoSuchElementException: Message: no such element: Unable to locate element: {\"method\":\"xpath\",\"selector\":\"(//a[@href='/dostavka'])[3]\"}\n  (Session info: chrome-headless-shell=120.0.6099.109); For documentation on this error, please visit: https://www.selenium.dev/documentation/webdriver/troubleshooting/errors#no-such-element-exception\nStacktrace:\n#0 0x55d6a6474f83 <unknown>\n#1 0x55d6a612dcf7 <unknown>\n#2 0x55d6a617d99e <unknown>\n#3 0x55d6a617daa1 <unknown>\n#4 0x55d6a61c8d64 <unknown>\n#5 0x55d6a61a70dd <unknown>\n#6 0x55d6a61c6006 <unknown>\n#7 0x55d6a61a6e53 <unknown>\n#8 0x55d6a616edd4 <unknown>\n#9 0x55d6a61701de <unknown>\n#10 0x55d6a6439531 <unknown>\n#11 0x55d6a643d455 <unknown>\n#12 0x55d6a6425f55 <unknown>\n#13 0x55d6a643e0ef <unknown>\n#14 0x55d6a640999f <unknown>\n#15 0x55d6a6462008 <unknown>\n#16 0x55d6a64621d7 <unknown>\n#17 0x55d6a6474124 <unknown>\n#18 0x7f11710b4044 <unknown>","time":{"start":1704503117511,"stop":1704503117525,"duration":14}},{"uid":"64ba56ad4d98b78f","reportUrl":"https://zaelcovsky.github.io/StroyremAutomation/192//#testresult/64ba56ad4d98b78f","status":"broken","statusDetails":"selenium.common.exceptions.NoSuchElementException: Message: no such element: Unable to locate element: {\"method\":\"xpath\",\"selector\":\"(//a[@href='/dostavka'])[3]\"}\n  (Session info: chrome-headless-shell=120.0.6099.109); For documentation on this error, please visit: https://www.selenium.dev/documentation/webdriver/troubleshooting/errors#no-such-element-exception\nStacktrace:\n#0 0x562c81193f83 <unknown>\n#1 0x562c80e4ccf7 <unknown>\n#2 0x562c80e9c99e <unknown>\n#3 0x562c80e9caa1 <unknown>\n#4 0x562c80ee7d64 <unknown>\n#5 0x562c80ec60dd <unknown>\n#6 0x562c80ee5006 <unknown>\n#7 0x562c80ec5e53 <unknown>\n#8 0x562c80e8ddd4 <unknown>\n#9 0x562c80e8f1de <unknown>\n#10 0x562c81158531 <unknown>\n#11 0x562c8115c455 <unknown>\n#12 0x562c81144f55 <unknown>\n#13 0x562c8115d0ef <unknown>\n#14 0x562c8112899f <unknown>\n#15 0x562c81181008 <unknown>\n#16 0x562c811811d7 <unknown>\n#17 0x562c81193124 <unknown>\n#18 0x7fa61e879044 <unknown>","time":{"start":1704416777557,"stop":1704416777569,"duration":12}},{"uid":"155fe35c9797f08","reportUrl":"https://zaelcovsky.github.io/StroyremAutomation/191//#testresult/155fe35c9797f08","status":"broken","statusDetails":"selenium.common.exceptions.NoSuchElementException: Message: no such element: Unable to locate element: {\"method\":\"xpath\",\"selector\":\"(//a[@href='/dostavka'])[3]\"}\n  (Session info: chrome-headless-shell=120.0.6099.109); For documentation on this error, please visit: https://www.selenium.dev/documentation/webdriver/troubleshooting/errors#no-such-element-exception\nStacktrace:\n#0 0x560059c67f83 <unknown>\n#1 0x560059920cf7 <unknown>\n#2 0x56005997099e <unknown>\n#3 0x560059970aa1 <unknown>\n#4 0x5600599bbd64 <unknown>\n#5 0x56005999a0dd <unknown>\n#6 0x5600599b9006 <unknown>\n#7 0x560059999e53 <unknown>\n#8 0x560059961dd4 <unknown>\n#9 0x5600599631de <unknown>\n#10 0x560059c2c531 <unknown>\n#11 0x560059c30455 <unknown>\n#12 0x560059c18f55 <unknown>\n#13 0x560059c310ef <unknown>\n#14 0x560059bfc99f <unknown>\n#15 0x560059c55008 <unknown>\n#16 0x560059c551d7 <unknown>\n#17 0x560059c67124 <unknown>\n#18 0x7fb29dedb044 <unknown>","time":{"start":1704330399490,"stop":1704330399504,"duration":14}},{"uid":"b2a664f02e578adf","reportUrl":"https://zaelcovsky.github.io/StroyremAutomation/190//#testresult/b2a664f02e578adf","status":"broken","statusDetails":"selenium.common.exceptions.NoSuchElementException: Message: no such element: Unable to locate element: {\"method\":\"xpath\",\"selector\":\"(//a[@href='/dostavka'])[3]\"}\n  (Session info: chrome-headless-shell=120.0.6099.109); For documentation on this error, please visit: https://www.selenium.dev/documentation/webdriver/troubleshooting/errors#no-such-element-exception\nStacktrace:\n#0 0x5589de985f83 <unknown>\n#1 0x5589de63ecf7 <unknown>\n#2 0x5589de68e99e <unknown>\n#3 0x5589de68eaa1 <unknown>\n#4 0x5589de6d9d64 <unknown>\n#5 0x5589de6b80dd <unknown>\n#6 0x5589de6d7006 <unknown>\n#7 0x5589de6b7e53 <unknown>\n#8 0x5589de67fdd4 <unknown>\n#9 0x5589de6811de <unknown>\n#10 0x5589de94a531 <unknown>\n#11 0x5589de94e455 <unknown>\n#12 0x5589de936f55 <unknown>\n#13 0x5589de94f0ef <unknown>\n#14 0x5589de91a99f <unknown>\n#15 0x5589de973008 <unknown>\n#16 0x5589de9731d7 <unknown>\n#17 0x5589de985124 <unknown>\n#18 0x7f69411ae044 <unknown>","time":{"start":1704243951769,"stop":1704243951782,"duration":13}},{"uid":"cea73f652adb8e99","reportUrl":"https://zaelcovsky.github.io/StroyremAutomation/189//#testresult/cea73f652adb8e99","status":"broken","statusDetails":"selenium.common.exceptions.NoSuchElementException: Message: no such element: Unable to locate element: {\"method\":\"xpath\",\"selector\":\"(//a[@href='/dostavka'])[3]\"}\n  (Session info: chrome-headless-shell=120.0.6099.109); For documentation on this error, please visit: https://www.selenium.dev/documentation/webdriver/troubleshooting/errors#no-such-element-exception\nStacktrace:\n#0 0x5624867e8f83 <unknown>\n#1 0x5624864a1cf7 <unknown>\n#2 0x5624864f199e <unknown>\n#3 0x5624864f1aa1 <unknown>\n#4 0x56248653cd64 <unknown>\n#5 0x56248651b0dd <unknown>\n#6 0x56248653a006 <unknown>\n#7 0x56248651ae53 <unknown>\n#8 0x5624864e2dd4 <unknown>\n#9 0x5624864e41de <unknown>\n#10 0x5624867ad531 <unknown>\n#11 0x5624867b1455 <unknown>\n#12 0x562486799f55 <unknown>\n#13 0x5624867b20ef <unknown>\n#14 0x56248677d99f <unknown>\n#15 0x5624867d6008 <unknown>\n#16 0x5624867d61d7 <unknown>\n#17 0x5624867e8124 <unknown>\n#18 0x7f66899a4044 <unknown>","time":{"start":1704157469072,"stop":1704157469085,"duration":13}},{"uid":"22d553dd19ceab9","reportUrl":"https://zaelcovsky.github.io/StroyremAutomation/188//#testresult/22d553dd19ceab9","status":"broken","statusDetails":"selenium.common.exceptions.NoSuchElementException: Message: no such element: Unable to locate element: {\"method\":\"xpath\",\"selector\":\"(//a[@href='/dostavka'])[3]\"}\n  (Session info: chrome-headless-shell=120.0.6099.109); For documentation on this error, please visit: https://www.selenium.dev/documentation/webdriver/troubleshooting/errors#no-such-element-exception\nStacktrace:\n#0 0x55d784b7ef83 <unknown>\n#1 0x55d784837cf7 <unknown>\n#2 0x55d78488799e <unknown>\n#3 0x55d784887aa1 <unknown>\n#4 0x55d7848d2d64 <unknown>\n#5 0x55d7848b10dd <unknown>\n#6 0x55d7848d0006 <unknown>\n#7 0x55d7848b0e53 <unknown>\n#8 0x55d784878dd4 <unknown>\n#9 0x55d78487a1de <unknown>\n#10 0x55d784b43531 <unknown>\n#11 0x55d784b47455 <unknown>\n#12 0x55d784b2ff55 <unknown>\n#13 0x55d784b480ef <unknown>\n#14 0x55d784b1399f <unknown>\n#15 0x55d784b6c008 <unknown>\n#16 0x55d784b6c1d7 <unknown>\n#17 0x55d784b7e124 <unknown>\n#18 0x7f1a4371d044 <unknown>","time":{"start":1704071517511,"stop":1704071517524,"duration":13}},{"uid":"f0ace95574d916ef","reportUrl":"https://zaelcovsky.github.io/StroyremAutomation/187//#testresult/f0ace95574d916ef","status":"broken","statusDetails":"selenium.common.exceptions.NoSuchElementException: Message: no such element: Unable to locate element: {\"method\":\"xpath\",\"selector\":\"(//a[@href='/dostavka'])[3]\"}\n  (Session info: chrome-headless-shell=120.0.6099.109); For documentation on this error, please visit: https://www.selenium.dev/documentation/webdriver/troubleshooting/errors#no-such-element-exception\nStacktrace:\n#0 0x556bf20cff83 <unknown>\n#1 0x556bf1d88cf7 <unknown>\n#2 0x556bf1dd899e <unknown>\n#3 0x556bf1dd8aa1 <unknown>\n#4 0x556bf1e23d64 <unknown>\n#5 0x556bf1e020dd <unknown>\n#6 0x556bf1e21006 <unknown>\n#7 0x556bf1e01e53 <unknown>\n#8 0x556bf1dc9dd4 <unknown>\n#9 0x556bf1dcb1de <unknown>\n#10 0x556bf2094531 <unknown>\n#11 0x556bf2098455 <unknown>\n#12 0x556bf2080f55 <unknown>\n#13 0x556bf20990ef <unknown>\n#14 0x556bf206499f <unknown>\n#15 0x556bf20bd008 <unknown>\n#16 0x556bf20bd1d7 <unknown>\n#17 0x556bf20cf124 <unknown>\n#18 0x7f4e4b987044 <unknown>","time":{"start":1703984998355,"stop":1703984998367,"duration":12}},{"uid":"d1a3006f0d7c57fb","reportUrl":"https://zaelcovsky.github.io/StroyremAutomation/186//#testresult/d1a3006f0d7c57fb","status":"broken","statusDetails":"selenium.common.exceptions.NoSuchElementException: Message: no such element: Unable to locate element: {\"method\":\"xpath\",\"selector\":\"(//a[@href='/dostavka'])[3]\"}\n  (Session info: chrome-headless-shell=120.0.6099.109); For documentation on this error, please visit: https://www.selenium.dev/documentation/webdriver/troubleshooting/errors#no-such-element-exception\nStacktrace:\n#0 0x55de7e47ff83 <unknown>\n#1 0x55de7e138cf7 <unknown>\n#2 0x55de7e18899e <unknown>\n#3 0x55de7e188aa1 <unknown>\n#4 0x55de7e1d3d64 <unknown>\n#5 0x55de7e1b20dd <unknown>\n#6 0x55de7e1d1006 <unknown>\n#7 0x55de7e1b1e53 <unknown>\n#8 0x55de7e179dd4 <unknown>\n#9 0x55de7e17b1de <unknown>\n#10 0x55de7e444531 <unknown>\n#11 0x55de7e448455 <unknown>\n#12 0x55de7e430f55 <unknown>\n#13 0x55de7e4490ef <unknown>\n#14 0x55de7e41499f <unknown>\n#15 0x55de7e46d008 <unknown>\n#16 0x55de7e46d1d7 <unknown>\n#17 0x55de7e47f124 <unknown>\n#18 0x7f12d4ebd044 <unknown>","time":{"start":1703898237831,"stop":1703898237848,"duration":17}}]},"tags":["smoke_test"]},"source":"60b1e709a036bb4f.json","parameterValues":["'https://test2.stroyrem-nn.ru/'"]}