{"uid":"8b6ec9c9303975a4","name":"TC 010 - Проверка функциональности ссылки 'email'","fullName":"tests.test_main_page.TestMainPage#test_positive_footer_email_smoke","historyId":"e74c5b055592413915ce1908666f1f44","time":{"start":1698887001931,"stop":1698887001944,"duration":13},"status":"broken","statusMessage":"selenium.common.exceptions.NoSuchElementException: Message: no such element: Unable to locate element: {\"method\":\"xpath\",\"selector\":\"//a[@class='footer-email']\"}\n  (Session info: headless chrome=119.0.6045.105); For documentation on this error, please visit: https://www.selenium.dev/documentation/webdriver/troubleshooting/errors#no-such-element-exception\nStacktrace:\n#0 0x561e71bc85e3 <unknown>\n#1 0x561e7188b0b7 <unknown>\n#2 0x561e718d8f53 <unknown>\n#3 0x561e718d9051 <unknown>\n#4 0x561e7191e9c4 <unknown>\n#5 0x561e718fff1d <unknown>\n#6 0x561e7191bb3d <unknown>\n#7 0x561e718ffcc3 <unknown>\n#8 0x561e718cb0e4 <unknown>\n#9 0x561e718cc0ae <unknown>\n#10 0x561e71b8ece1 <unknown>\n#11 0x561e71b92b7e <unknown>\n#12 0x561e71b7c4b5 <unknown>\n#13 0x561e71b937d6 <unknown>\n#14 0x561e71b5fdbf <unknown>\n#15 0x561e71bb6748 <unknown>\n#16 0x561e71bb6917 <unknown>\n#17 0x561e71bc7773 <unknown>\n#18 0x7f8f4da78044 <unknown>","statusTrace":"self = <tests.test_main_page.TestMainPage object at 0x7f3a96444090>\nmain_page = <pages.main_page.MainPage object at 0x7f3a94d02a10>\n\n    @allure.feature(\"Footer functionality\")\n    @allure.title(\"TC 010 - Проверка функциональности ссылки 'email'\")\n    # @pytest.mark.xfail(reason=\"Попап не реализован\")\n    @pytest.mark.smoke_test\n    def test_positive_footer_email_smoke(self, main_page):\n>       main_page.check_email_link()\n\ntests/test_main_page.py:100: \n_ _ _ _ _ _ _ _ _ _ _ _ _ _ _ _ _ _ _ _ _ _ _ _ _ _ _ _ _ _ _ _ _ _ _ _ _ _ _ _ \npages/main_page.py:136: in check_email_link\n    self.driver.find_element(*self._email_link).click()\n/usr/local/lib/python3.11/site-packages/selenium/webdriver/remote/webdriver.py:740: in find_element\n    return self.execute(Command.FIND_ELEMENT, {\"using\": by, \"value\": value})[\"value\"]\n/usr/local/lib/python3.11/site-packages/selenium/webdriver/remote/webdriver.py:346: in execute\n    self.error_handler.check_response(response)\n_ _ _ _ _ _ _ _ _ _ _ _ _ _ _ _ _ _ _ _ _ _ _ _ _ _ _ _ _ _ _ _ _ _ _ _ _ _ _ _ \n\nself = <selenium.webdriver.remote.errorhandler.ErrorHandler object at 0x7f3a96ec6d90>\nresponse = {'status': 404, 'value': '{\"value\":{\"error\":\"no such element\",\"message\":\"no such element: Unable to locate element: {\\...\\\\n#16 0x561e71bb6917 \\\\u003Cunknown>\\\\n#17 0x561e71bc7773 \\\\u003Cunknown>\\\\n#18 0x7f8f4da78044 \\\\u003Cunknown>\\\\n\"}}'}\n\n    def check_response(self, response: Dict[str, Any]) -> None:\n        \"\"\"Checks that a JSON response from the WebDriver does not have an\n        error.\n    \n        :Args:\n         - response - The JSON response from the WebDriver server as a dictionary\n           object.\n    \n        :Raises: If the response contains an error message.\n        \"\"\"\n        status = response.get(\"status\", None)\n        if not status or status == ErrorCode.SUCCESS:\n            return\n        value = None\n        message = response.get(\"message\", \"\")\n        screen: str = response.get(\"screen\", \"\")\n        stacktrace = None\n        if isinstance(status, int):\n            value_json = response.get(\"value\", None)\n            if value_json and isinstance(value_json, str):\n                import json\n    \n                try:\n                    value = json.loads(value_json)\n                    if len(value) == 1:\n                        value = value[\"value\"]\n                    status = value.get(\"error\", None)\n                    if not status:\n                        status = value.get(\"status\", ErrorCode.UNKNOWN_ERROR)\n                        message = value.get(\"value\") or value.get(\"message\")\n                        if not isinstance(message, str):\n                            value = message\n                            message = message.get(\"message\")\n                    else:\n                        message = value.get(\"message\", None)\n                except ValueError:\n                    pass\n    \n        exception_class: Type[WebDriverException]\n        if status in ErrorCode.NO_SUCH_ELEMENT:\n            exception_class = NoSuchElementException\n        elif status in ErrorCode.NO_SUCH_FRAME:\n            exception_class = NoSuchFrameException\n        elif status in ErrorCode.NO_SUCH_SHADOW_ROOT:\n            exception_class = NoSuchShadowRootException\n        elif status in ErrorCode.NO_SUCH_WINDOW:\n            exception_class = NoSuchWindowException\n        elif status in ErrorCode.STALE_ELEMENT_REFERENCE:\n            exception_class = StaleElementReferenceException\n        elif status in ErrorCode.ELEMENT_NOT_VISIBLE:\n            exception_class = ElementNotVisibleException\n        elif status in ErrorCode.INVALID_ELEMENT_STATE:\n            exception_class = InvalidElementStateException\n        elif (\n            status in ErrorCode.INVALID_SELECTOR\n            or status in ErrorCode.INVALID_XPATH_SELECTOR\n            or status in ErrorCode.INVALID_XPATH_SELECTOR_RETURN_TYPER\n        ):\n            exception_class = InvalidSelectorException\n        elif status in ErrorCode.ELEMENT_IS_NOT_SELECTABLE:\n            exception_class = ElementNotSelectableException\n        elif status in ErrorCode.ELEMENT_NOT_INTERACTABLE:\n            exception_class = ElementNotInteractableException\n        elif status in ErrorCode.INVALID_COOKIE_DOMAIN:\n            exception_class = InvalidCookieDomainException\n        elif status in ErrorCode.UNABLE_TO_SET_COOKIE:\n            exception_class = UnableToSetCookieException\n        elif status in ErrorCode.TIMEOUT:\n            exception_class = TimeoutException\n        elif status in ErrorCode.SCRIPT_TIMEOUT:\n            exception_class = TimeoutException\n        elif status in ErrorCode.UNKNOWN_ERROR:\n            exception_class = WebDriverException\n        elif status in ErrorCode.UNEXPECTED_ALERT_OPEN:\n            exception_class = UnexpectedAlertPresentException\n        elif status in ErrorCode.NO_ALERT_OPEN:\n            exception_class = NoAlertPresentException\n        elif status in ErrorCode.IME_NOT_AVAILABLE:\n            exception_class = ImeNotAvailableException\n        elif status in ErrorCode.IME_ENGINE_ACTIVATION_FAILED:\n            exception_class = ImeActivationFailedException\n        elif status in ErrorCode.MOVE_TARGET_OUT_OF_BOUNDS:\n            exception_class = MoveTargetOutOfBoundsException\n        elif status in ErrorCode.JAVASCRIPT_ERROR:\n            exception_class = JavascriptException\n        elif status in ErrorCode.SESSION_NOT_CREATED:\n            exception_class = SessionNotCreatedException\n        elif status in ErrorCode.INVALID_ARGUMENT:\n            exception_class = InvalidArgumentException\n        elif status in ErrorCode.NO_SUCH_COOKIE:\n            exception_class = NoSuchCookieException\n        elif status in ErrorCode.UNABLE_TO_CAPTURE_SCREEN:\n            exception_class = ScreenshotException\n        elif status in ErrorCode.ELEMENT_CLICK_INTERCEPTED:\n            exception_class = ElementClickInterceptedException\n        elif status in ErrorCode.INSECURE_CERTIFICATE:\n            exception_class = InsecureCertificateException\n        elif status in ErrorCode.INVALID_COORDINATES:\n            exception_class = InvalidCoordinatesException\n        elif status in ErrorCode.INVALID_SESSION_ID:\n            exception_class = InvalidSessionIdException\n        elif status in ErrorCode.UNKNOWN_METHOD:\n            exception_class = UnknownMethodException\n        else:\n            exception_class = WebDriverException\n        if not value:\n            value = response[\"value\"]\n        if isinstance(value, str):\n            raise exception_class(value)\n        if message == \"\" and \"message\" in value:\n            message = value[\"message\"]\n    \n        screen = None  # type: ignore[assignment]\n        if \"screen\" in value:\n            screen = value[\"screen\"]\n    \n        stacktrace = None\n        st_value = value.get(\"stackTrace\") or value.get(\"stacktrace\")\n        if st_value:\n            if isinstance(st_value, str):\n                stacktrace = st_value.split(\"\\n\")\n            else:\n                stacktrace = []\n                try:\n                    for frame in st_value:\n                        line = frame.get(\"lineNumber\", \"\")\n                        file = frame.get(\"fileName\", \"<anonymous>\")\n                        if line:\n                            file = f\"{file}:{line}\"\n                        meth = frame.get(\"methodName\", \"<anonymous>\")\n                        if \"className\" in frame:\n                            meth = f\"{frame['className']}.{meth}\"\n                        msg = \"    at %s (%s)\"\n                        msg = msg % (meth, file)\n                        stacktrace.append(msg)\n                except TypeError:\n                    pass\n        if exception_class == UnexpectedAlertPresentException:\n            alert_text = None\n            if \"data\" in value:\n                alert_text = value[\"data\"].get(\"text\")\n            elif \"alert\" in value:\n                alert_text = value[\"alert\"].get(\"text\")\n            raise exception_class(message, screen, stacktrace, alert_text)  # type: ignore[call-arg]  # mypy is not smart enough here\n>       raise exception_class(message, screen, stacktrace)\nE       selenium.common.exceptions.NoSuchElementException: Message: no such element: Unable to locate element: {\"method\":\"xpath\",\"selector\":\"//a[@class='footer-email']\"}\nE         (Session info: headless chrome=119.0.6045.105); For documentation on this error, please visit: https://www.selenium.dev/documentation/webdriver/troubleshooting/errors#no-such-element-exception\nE       Stacktrace:\nE       #0 0x561e71bc85e3 <unknown>\nE       #1 0x561e7188b0b7 <unknown>\nE       #2 0x561e718d8f53 <unknown>\nE       #3 0x561e718d9051 <unknown>\nE       #4 0x561e7191e9c4 <unknown>\nE       #5 0x561e718fff1d <unknown>\nE       #6 0x561e7191bb3d <unknown>\nE       #7 0x561e718ffcc3 <unknown>\nE       #8 0x561e718cb0e4 <unknown>\nE       #9 0x561e718cc0ae <unknown>\nE       #10 0x561e71b8ece1 <unknown>\nE       #11 0x561e71b92b7e <unknown>\nE       #12 0x561e71b7c4b5 <unknown>\nE       #13 0x561e71b937d6 <unknown>\nE       #14 0x561e71b5fdbf <unknown>\nE       #15 0x561e71bb6748 <unknown>\nE       #16 0x561e71bb6917 <unknown>\nE       #17 0x561e71bc7773 <unknown>\nE       #18 0x7f8f4da78044 <unknown>\n\n/usr/local/lib/python3.11/site-packages/selenium/webdriver/remote/errorhandler.py:245: NoSuchElementException","flaky":false,"newFailed":false,"newBroken":false,"newPassed":false,"retriesCount":0,"retriesStatusChange":false,"beforeStages":[{"name":"_session_faker","time":{"start":1698886873955,"stop":1698886874019,"duration":64},"status":"passed","steps":[],"attachments":[],"parameters":[],"shouldDisplayMessage":false,"stepsCount":0,"attachmentsCount":0,"hasContent":false},{"name":"clear_allure_results_folder","time":{"start":1698886874019,"stop":1698886874019,"duration":0},"status":"passed","steps":[],"attachments":[],"parameters":[],"shouldDisplayMessage":false,"stepsCount":0,"attachmentsCount":0,"hasContent":false},{"name":"driver","time":{"start":1698887000635,"stop":1698887001369,"duration":734},"status":"passed","steps":[],"attachments":[],"parameters":[],"shouldDisplayMessage":false,"stepsCount":0,"attachmentsCount":0,"hasContent":false},{"name":"setup","time":{"start":1698887001369,"stop":1698887001369,"duration":0},"status":"passed","steps":[],"attachments":[],"parameters":[],"shouldDisplayMessage":false,"stepsCount":0,"attachmentsCount":0,"hasContent":false},{"name":"main_page","time":{"start":1698887001370,"stop":1698887001930,"duration":560},"status":"passed","steps":[],"attachments":[],"parameters":[],"shouldDisplayMessage":false,"stepsCount":0,"attachmentsCount":0,"hasContent":false}],"testStage":{"status":"broken","statusMessage":"selenium.common.exceptions.NoSuchElementException: Message: no such element: Unable to locate element: {\"method\":\"xpath\",\"selector\":\"//a[@class='footer-email']\"}\n  (Session info: headless chrome=119.0.6045.105); For documentation on this error, please visit: https://www.selenium.dev/documentation/webdriver/troubleshooting/errors#no-such-element-exception\nStacktrace:\n#0 0x561e71bc85e3 <unknown>\n#1 0x561e7188b0b7 <unknown>\n#2 0x561e718d8f53 <unknown>\n#3 0x561e718d9051 <unknown>\n#4 0x561e7191e9c4 <unknown>\n#5 0x561e718fff1d <unknown>\n#6 0x561e7191bb3d <unknown>\n#7 0x561e718ffcc3 <unknown>\n#8 0x561e718cb0e4 <unknown>\n#9 0x561e718cc0ae <unknown>\n#10 0x561e71b8ece1 <unknown>\n#11 0x561e71b92b7e <unknown>\n#12 0x561e71b7c4b5 <unknown>\n#13 0x561e71b937d6 <unknown>\n#14 0x561e71b5fdbf <unknown>\n#15 0x561e71bb6748 <unknown>\n#16 0x561e71bb6917 <unknown>\n#17 0x561e71bc7773 <unknown>\n#18 0x7f8f4da78044 <unknown>","statusTrace":"self = <tests.test_main_page.TestMainPage object at 0x7f3a96444090>\nmain_page = <pages.main_page.MainPage object at 0x7f3a94d02a10>\n\n    @allure.feature(\"Footer functionality\")\n    @allure.title(\"TC 010 - Проверка функциональности ссылки 'email'\")\n    # @pytest.mark.xfail(reason=\"Попап не реализован\")\n    @pytest.mark.smoke_test\n    def test_positive_footer_email_smoke(self, main_page):\n>       main_page.check_email_link()\n\ntests/test_main_page.py:100: \n_ _ _ _ _ _ _ _ _ _ _ _ _ _ _ _ _ _ _ _ _ _ _ _ _ _ _ _ _ _ _ _ _ _ _ _ _ _ _ _ \npages/main_page.py:136: in check_email_link\n    self.driver.find_element(*self._email_link).click()\n/usr/local/lib/python3.11/site-packages/selenium/webdriver/remote/webdriver.py:740: in find_element\n    return self.execute(Command.FIND_ELEMENT, {\"using\": by, \"value\": value})[\"value\"]\n/usr/local/lib/python3.11/site-packages/selenium/webdriver/remote/webdriver.py:346: in execute\n    self.error_handler.check_response(response)\n_ _ _ _ _ _ _ _ _ _ _ _ _ _ _ _ _ _ _ _ _ _ _ _ _ _ _ _ _ _ _ _ _ _ _ _ _ _ _ _ \n\nself = <selenium.webdriver.remote.errorhandler.ErrorHandler object at 0x7f3a96ec6d90>\nresponse = {'status': 404, 'value': '{\"value\":{\"error\":\"no such element\",\"message\":\"no such element: Unable to locate element: {\\...\\\\n#16 0x561e71bb6917 \\\\u003Cunknown>\\\\n#17 0x561e71bc7773 \\\\u003Cunknown>\\\\n#18 0x7f8f4da78044 \\\\u003Cunknown>\\\\n\"}}'}\n\n    def check_response(self, response: Dict[str, Any]) -> None:\n        \"\"\"Checks that a JSON response from the WebDriver does not have an\n        error.\n    \n        :Args:\n         - response - The JSON response from the WebDriver server as a dictionary\n           object.\n    \n        :Raises: If the response contains an error message.\n        \"\"\"\n        status = response.get(\"status\", None)\n        if not status or status == ErrorCode.SUCCESS:\n            return\n        value = None\n        message = response.get(\"message\", \"\")\n        screen: str = response.get(\"screen\", \"\")\n        stacktrace = None\n        if isinstance(status, int):\n            value_json = response.get(\"value\", None)\n            if value_json and isinstance(value_json, str):\n                import json\n    \n                try:\n                    value = json.loads(value_json)\n                    if len(value) == 1:\n                        value = value[\"value\"]\n                    status = value.get(\"error\", None)\n                    if not status:\n                        status = value.get(\"status\", ErrorCode.UNKNOWN_ERROR)\n                        message = value.get(\"value\") or value.get(\"message\")\n                        if not isinstance(message, str):\n                            value = message\n                            message = message.get(\"message\")\n                    else:\n                        message = value.get(\"message\", None)\n                except ValueError:\n                    pass\n    \n        exception_class: Type[WebDriverException]\n        if status in ErrorCode.NO_SUCH_ELEMENT:\n            exception_class = NoSuchElementException\n        elif status in ErrorCode.NO_SUCH_FRAME:\n            exception_class = NoSuchFrameException\n        elif status in ErrorCode.NO_SUCH_SHADOW_ROOT:\n            exception_class = NoSuchShadowRootException\n        elif status in ErrorCode.NO_SUCH_WINDOW:\n            exception_class = NoSuchWindowException\n        elif status in ErrorCode.STALE_ELEMENT_REFERENCE:\n            exception_class = StaleElementReferenceException\n        elif status in ErrorCode.ELEMENT_NOT_VISIBLE:\n            exception_class = ElementNotVisibleException\n        elif status in ErrorCode.INVALID_ELEMENT_STATE:\n            exception_class = InvalidElementStateException\n        elif (\n            status in ErrorCode.INVALID_SELECTOR\n            or status in ErrorCode.INVALID_XPATH_SELECTOR\n            or status in ErrorCode.INVALID_XPATH_SELECTOR_RETURN_TYPER\n        ):\n            exception_class = InvalidSelectorException\n        elif status in ErrorCode.ELEMENT_IS_NOT_SELECTABLE:\n            exception_class = ElementNotSelectableException\n        elif status in ErrorCode.ELEMENT_NOT_INTERACTABLE:\n            exception_class = ElementNotInteractableException\n        elif status in ErrorCode.INVALID_COOKIE_DOMAIN:\n            exception_class = InvalidCookieDomainException\n        elif status in ErrorCode.UNABLE_TO_SET_COOKIE:\n            exception_class = UnableToSetCookieException\n        elif status in ErrorCode.TIMEOUT:\n            exception_class = TimeoutException\n        elif status in ErrorCode.SCRIPT_TIMEOUT:\n            exception_class = TimeoutException\n        elif status in ErrorCode.UNKNOWN_ERROR:\n            exception_class = WebDriverException\n        elif status in ErrorCode.UNEXPECTED_ALERT_OPEN:\n            exception_class = UnexpectedAlertPresentException\n        elif status in ErrorCode.NO_ALERT_OPEN:\n            exception_class = NoAlertPresentException\n        elif status in ErrorCode.IME_NOT_AVAILABLE:\n            exception_class = ImeNotAvailableException\n        elif status in ErrorCode.IME_ENGINE_ACTIVATION_FAILED:\n            exception_class = ImeActivationFailedException\n        elif status in ErrorCode.MOVE_TARGET_OUT_OF_BOUNDS:\n            exception_class = MoveTargetOutOfBoundsException\n        elif status in ErrorCode.JAVASCRIPT_ERROR:\n            exception_class = JavascriptException\n        elif status in ErrorCode.SESSION_NOT_CREATED:\n            exception_class = SessionNotCreatedException\n        elif status in ErrorCode.INVALID_ARGUMENT:\n            exception_class = InvalidArgumentException\n        elif status in ErrorCode.NO_SUCH_COOKIE:\n            exception_class = NoSuchCookieException\n        elif status in ErrorCode.UNABLE_TO_CAPTURE_SCREEN:\n            exception_class = ScreenshotException\n        elif status in ErrorCode.ELEMENT_CLICK_INTERCEPTED:\n            exception_class = ElementClickInterceptedException\n        elif status in ErrorCode.INSECURE_CERTIFICATE:\n            exception_class = InsecureCertificateException\n        elif status in ErrorCode.INVALID_COORDINATES:\n            exception_class = InvalidCoordinatesException\n        elif status in ErrorCode.INVALID_SESSION_ID:\n            exception_class = InvalidSessionIdException\n        elif status in ErrorCode.UNKNOWN_METHOD:\n            exception_class = UnknownMethodException\n        else:\n            exception_class = WebDriverException\n        if not value:\n            value = response[\"value\"]\n        if isinstance(value, str):\n            raise exception_class(value)\n        if message == \"\" and \"message\" in value:\n            message = value[\"message\"]\n    \n        screen = None  # type: ignore[assignment]\n        if \"screen\" in value:\n            screen = value[\"screen\"]\n    \n        stacktrace = None\n        st_value = value.get(\"stackTrace\") or value.get(\"stacktrace\")\n        if st_value:\n            if isinstance(st_value, str):\n                stacktrace = st_value.split(\"\\n\")\n            else:\n                stacktrace = []\n                try:\n                    for frame in st_value:\n                        line = frame.get(\"lineNumber\", \"\")\n                        file = frame.get(\"fileName\", \"<anonymous>\")\n                        if line:\n                            file = f\"{file}:{line}\"\n                        meth = frame.get(\"methodName\", \"<anonymous>\")\n                        if \"className\" in frame:\n                            meth = f\"{frame['className']}.{meth}\"\n                        msg = \"    at %s (%s)\"\n                        msg = msg % (meth, file)\n                        stacktrace.append(msg)\n                except TypeError:\n                    pass\n        if exception_class == UnexpectedAlertPresentException:\n            alert_text = None\n            if \"data\" in value:\n                alert_text = value[\"data\"].get(\"text\")\n            elif \"alert\" in value:\n                alert_text = value[\"alert\"].get(\"text\")\n            raise exception_class(message, screen, stacktrace, alert_text)  # type: ignore[call-arg]  # mypy is not smart enough here\n>       raise exception_class(message, screen, stacktrace)\nE       selenium.common.exceptions.NoSuchElementException: Message: no such element: Unable to locate element: {\"method\":\"xpath\",\"selector\":\"//a[@class='footer-email']\"}\nE         (Session info: headless chrome=119.0.6045.105); For documentation on this error, please visit: https://www.selenium.dev/documentation/webdriver/troubleshooting/errors#no-such-element-exception\nE       Stacktrace:\nE       #0 0x561e71bc85e3 <unknown>\nE       #1 0x561e7188b0b7 <unknown>\nE       #2 0x561e718d8f53 <unknown>\nE       #3 0x561e718d9051 <unknown>\nE       #4 0x561e7191e9c4 <unknown>\nE       #5 0x561e718fff1d <unknown>\nE       #6 0x561e7191bb3d <unknown>\nE       #7 0x561e718ffcc3 <unknown>\nE       #8 0x561e718cb0e4 <unknown>\nE       #9 0x561e718cc0ae <unknown>\nE       #10 0x561e71b8ece1 <unknown>\nE       #11 0x561e71b92b7e <unknown>\nE       #12 0x561e71b7c4b5 <unknown>\nE       #13 0x561e71b937d6 <unknown>\nE       #14 0x561e71b5fdbf <unknown>\nE       #15 0x561e71bb6748 <unknown>\nE       #16 0x561e71bb6917 <unknown>\nE       #17 0x561e71bc7773 <unknown>\nE       #18 0x7f8f4da78044 <unknown>\n\n/usr/local/lib/python3.11/site-packages/selenium/webdriver/remote/errorhandler.py:245: NoSuchElementException","steps":[{"name":"Проверка функциональности ссылки 'email'-info@stroyrem-nn.ru","time":{"start":1698887001931,"stop":1698887001943,"duration":12},"status":"broken","statusMessage":"selenium.common.exceptions.NoSuchElementException: Message: no such element: Unable to locate element: {\"method\":\"xpath\",\"selector\":\"//a[@class='footer-email']\"}\n  (Session info: headless chrome=119.0.6045.105); For documentation on this error, please visit: https://www.selenium.dev/documentation/webdriver/troubleshooting/errors#no-such-element-exception\nStacktrace:\n#0 0x561e71bc85e3 <unknown>\n#1 0x561e7188b0b7 <unknown>\n#2 0x561e718d8f53 <unknown>\n#3 0x561e718d9051 <unknown>\n#4 0x561e7191e9c4 <unknown>\n#5 0x561e718fff1d <unknown>\n#6 0x561e7191bb3d <unknown>\n#7 0x561e718ffcc3 <unknown>\n#8 0x561e718cb0e4 <unknown>\n#9 0x561e718cc0ae <unknown>\n#10 0x561e71b8ece1 <unknown>\n#11 0x561e71b92b7e <unknown>\n#12 0x561e71b7c4b5 <unknown>\n#13 0x561e71b937d6 <unknown>\n#14 0x561e71b5fdbf <unknown>\n#15 0x561e71bb6748 <unknown>\n#16 0x561e71bb6917 <unknown>\n#17 0x561e71bc7773 <unknown>\n#18 0x7f8f4da78044 <unknown>\n\n","statusTrace":"  File \"/usr/local/lib/python3.11/site-packages/allure_commons/_allure.py\", line 192, in impl\n    return func(*a, **kw)\n           ^^^^^^^^^^^^^^\n  File \"/app/pages/main_page.py\", line 136, in check_email_link\n    self.driver.find_element(*self._email_link).click()\n    ^^^^^^^^^^^^^^^^^^^^^^^^^^^^^^^^^^^^^^^^^^^\n  File \"/usr/local/lib/python3.11/site-packages/selenium/webdriver/remote/webdriver.py\", line 740, in find_element\n    return self.execute(Command.FIND_ELEMENT, {\"using\": by, \"value\": value})[\"value\"]\n           ^^^^^^^^^^^^^^^^^^^^^^^^^^^^^^^^^^^^^^^^^^^^^^^^^^^^^^^^^^^^^^^^^\n  File \"/usr/local/lib/python3.11/site-packages/selenium/webdriver/remote/webdriver.py\", line 346, in execute\n    self.error_handler.check_response(response)\n  File \"/usr/local/lib/python3.11/site-packages/selenium/webdriver/remote/errorhandler.py\", line 245, in check_response\n    raise exception_class(message, screen, stacktrace)\n","steps":[],"attachments":[],"parameters":[],"shouldDisplayMessage":true,"stepsCount":0,"attachmentsCount":0,"hasContent":true}],"attachments":[{"uid":"7916d6f1071ba647","name":"Screenshot","source":"7916d6f1071ba647.png","type":"image/png","size":39127},{"uid":"8968edeb58b7b4fd","name":"HTML source","source":"8968edeb58b7b4fd.html","type":"text/html","size":538}],"parameters":[],"shouldDisplayMessage":true,"stepsCount":1,"attachmentsCount":2,"hasContent":true},"afterStages":[{"name":"driver::0","time":{"start":1698887002052,"stop":1698887002109,"duration":57},"status":"passed","steps":[],"attachments":[],"parameters":[],"shouldDisplayMessage":false,"stepsCount":0,"attachmentsCount":0,"hasContent":false},{"name":"setup::0","time":{"start":1698887002052,"stop":1698887002052,"duration":0},"status":"passed","steps":[],"attachments":[],"parameters":[],"shouldDisplayMessage":false,"stepsCount":0,"attachmentsCount":0,"hasContent":false}],"labels":[{"name":"feature","value":"Footer functionality"},{"name":"epic","value":"Main Page"},{"name":"tag","value":"smoke_test"},{"name":"parentSuite","value":"tests"},{"name":"suite","value":"test_main_page"},{"name":"subSuite","value":"TestMainPage"},{"name":"host","value":"9d3ac7d7d414"},{"name":"thread","value":"1-MainThread"},{"name":"framework","value":"pytest"},{"name":"language","value":"cpython3"},{"name":"package","value":"tests.test_main_page"},{"name":"resultFormat","value":"allure2"}],"parameters":[{"name":"url","value":"'https://test2.stroyrem-nn.ru/'"}],"links":[],"hidden":false,"retry":false,"extra":{"severity":"normal","retries":[],"categories":[{"name":"Test defects","matchedStatuses":[],"flaky":false}],"history":{"statistic":{"failed":0,"broken":48,"skipped":2,"passed":35,"unknown":0,"total":85},"items":[{"uid":"5a050d54c2857b91","reportUrl":"https://zaelcovsky.github.io/StroyremAutomation/127//#testresult/5a050d54c2857b91","status":"broken","statusDetails":"selenium.common.exceptions.NoSuchElementException: Message: no such element: Unable to locate element: {\"method\":\"xpath\",\"selector\":\"//a[@class='footer-email']\"}\n  (Session info: headless chrome=119.0.6045.105); For documentation on this error, please visit: https://www.selenium.dev/documentation/webdriver/troubleshooting/errors#no-such-element-exception\nStacktrace:\n#0 0x5638912ec5e3 <unknown>\n#1 0x563890faf0b7 <unknown>\n#2 0x563890ffcf53 <unknown>\n#3 0x563890ffd051 <unknown>\n#4 0x5638910429c4 <unknown>\n#5 0x563891023f1d <unknown>\n#6 0x56389103fb3d <unknown>\n#7 0x563891023cc3 <unknown>\n#8 0x563890fef0e4 <unknown>\n#9 0x563890ff00ae <unknown>\n#10 0x5638912b2ce1 <unknown>\n#11 0x5638912b6b7e <unknown>\n#12 0x5638912a04b5 <unknown>\n#13 0x5638912b77d6 <unknown>\n#14 0x563891283dbf <unknown>\n#15 0x5638912da748 <unknown>\n#16 0x5638912da917 <unknown>\n#17 0x5638912eb773 <unknown>\n#18 0x7fcbffd2c044 <unknown>","time":{"start":1698800865073,"stop":1698800865101,"duration":28}},{"uid":"309e4cb31ea6bf79","reportUrl":"https://zaelcovsky.github.io/StroyremAutomation/126//#testresult/309e4cb31ea6bf79","status":"broken","statusDetails":"selenium.common.exceptions.NoSuchElementException: Message: no such element: Unable to locate element: {\"method\":\"xpath\",\"selector\":\"//a[@class='footer-email']\"}\n  (Session info: headless chrome=118.0.5993.70); For documentation on this error, please visit: https://www.selenium.dev/documentation/webdriver/troubleshooting/errors#no-such-element-exception\nStacktrace:\n#0 0x5631c83f6fb3 <unknown>\n#1 0x5631c80ca4a7 <unknown>\n#2 0x5631c8111dd6 <unknown>\n#3 0x5631c8111ec1 <unknown>\n#4 0x5631c814f354 <unknown>\n#5 0x5631c813396d <unknown>\n#6 0x5631c814cc02 <unknown>\n#7 0x5631c8133713 <unknown>\n#8 0x5631c810618b <unknown>\n#9 0x5631c8106f7e <unknown>\n#10 0x5631c83bc8d8 <unknown>\n#11 0x5631c83c0800 <unknown>\n#12 0x5631c83cacfc <unknown>\n#13 0x5631c83c1418 <unknown>\n#14 0x5631c838e42f <unknown>\n#15 0x5631c83e54e8 <unknown>\n#16 0x5631c83e56b4 <unknown>\n#17 0x5631c83f6143 <unknown>\n#18 0x7f1b0f915044 <unknown>","time":{"start":1698714238130,"stop":1698714238151,"duration":21}},{"uid":"841db948f5212aab","reportUrl":"https://zaelcovsky.github.io/StroyremAutomation/125//#testresult/841db948f5212aab","status":"broken","statusDetails":"selenium.common.exceptions.NoSuchElementException: Message: no such element: Unable to locate element: {\"method\":\"xpath\",\"selector\":\"//a[@class='footer-email']\"}\n  (Session info: headless chrome=118.0.5993.70); For documentation on this error, please visit: https://www.selenium.dev/documentation/webdriver/troubleshooting/errors#no-such-element-exception\nStacktrace:\n#0 0x5572b7457fb3 <unknown>\n#1 0x5572b712b4a7 <unknown>\n#2 0x5572b7172dd6 <unknown>\n#3 0x5572b7172ec1 <unknown>\n#4 0x5572b71b0354 <unknown>\n#5 0x5572b719496d <unknown>\n#6 0x5572b71adc02 <unknown>\n#7 0x5572b7194713 <unknown>\n#8 0x5572b716718b <unknown>\n#9 0x5572b7167f7e <unknown>\n#10 0x5572b741d8d8 <unknown>\n#11 0x5572b7421800 <unknown>\n#12 0x5572b742bcfc <unknown>\n#13 0x5572b7422418 <unknown>\n#14 0x5572b73ef42f <unknown>\n#15 0x5572b74464e8 <unknown>\n#16 0x5572b74466b4 <unknown>\n#17 0x5572b7457143 <unknown>\n#18 0x7f17a2b4a044 <unknown>","time":{"start":1698627813938,"stop":1698627813953,"duration":15}},{"uid":"40e060691ab5101","reportUrl":"https://zaelcovsky.github.io/StroyremAutomation/124//#testresult/40e060691ab5101","status":"broken","statusDetails":"selenium.common.exceptions.NoSuchElementException: Message: no such element: Unable to locate element: {\"method\":\"xpath\",\"selector\":\"//a[@class='footer-email']\"}\n  (Session info: headless chrome=118.0.5993.70); For documentation on this error, please visit: https://www.selenium.dev/documentation/webdriver/troubleshooting/errors#no-such-element-exception\nStacktrace:\n#0 0x5559f90b7fb3 <unknown>\n#1 0x5559f8d8b4a7 <unknown>\n#2 0x5559f8dd2dd6 <unknown>\n#3 0x5559f8dd2ec1 <unknown>\n#4 0x5559f8e10354 <unknown>\n#5 0x5559f8df496d <unknown>\n#6 0x5559f8e0dc02 <unknown>\n#7 0x5559f8df4713 <unknown>\n#8 0x5559f8dc718b <unknown>\n#9 0x5559f8dc7f7e <unknown>\n#10 0x5559f907d8d8 <unknown>\n#11 0x5559f9081800 <unknown>\n#12 0x5559f908bcfc <unknown>\n#13 0x5559f9082418 <unknown>\n#14 0x5559f904f42f <unknown>\n#15 0x5559f90a64e8 <unknown>\n#16 0x5559f90a66b4 <unknown>\n#17 0x5559f90b7143 <unknown>\n#18 0x7f5e32c87044 <unknown>","time":{"start":1698541599527,"stop":1698541599544,"duration":17}},{"uid":"8cc9b2d1e01c382b","reportUrl":"https://zaelcovsky.github.io/StroyremAutomation/123//#testresult/8cc9b2d1e01c382b","status":"broken","statusDetails":"selenium.common.exceptions.NoSuchElementException: Message: no such element: Unable to locate element: {\"method\":\"xpath\",\"selector\":\"//a[@class='footer-email']\"}\n  (Session info: headless chrome=118.0.5993.70); For documentation on this error, please visit: https://www.selenium.dev/documentation/webdriver/troubleshooting/errors#no-such-element-exception\nStacktrace:\n#0 0x559926980fb3 <unknown>\n#1 0x5599266544a7 <unknown>\n#2 0x55992669bdd6 <unknown>\n#3 0x55992669bec1 <unknown>\n#4 0x5599266d9354 <unknown>\n#5 0x5599266bd96d <unknown>\n#6 0x5599266d6c02 <unknown>\n#7 0x5599266bd713 <unknown>\n#8 0x55992669018b <unknown>\n#9 0x559926690f7e <unknown>\n#10 0x5599269468d8 <unknown>\n#11 0x55992694a800 <unknown>\n#12 0x559926954cfc <unknown>\n#13 0x55992694b418 <unknown>\n#14 0x55992691842f <unknown>\n#15 0x55992696f4e8 <unknown>\n#16 0x55992696f6b4 <unknown>\n#17 0x559926980143 <unknown>\n#18 0x7fa44182b044 <unknown>","time":{"start":1698454878569,"stop":1698454878586,"duration":17}},{"uid":"ab2dfd2760ae29aa","reportUrl":"https://zaelcovsky.github.io/StroyremAutomation/122//#testresult/ab2dfd2760ae29aa","status":"broken","statusDetails":"selenium.common.exceptions.NoSuchElementException: Message: no such element: Unable to locate element: {\"method\":\"xpath\",\"selector\":\"//a[@class='footer-email']\"}\n  (Session info: headless chrome=118.0.5993.70); For documentation on this error, please visit: https://www.selenium.dev/documentation/webdriver/troubleshooting/errors#no-such-element-exception\nStacktrace:\n#0 0x5561d4938fb3 <unknown>\n#1 0x5561d460c4a7 <unknown>\n#2 0x5561d4653dd6 <unknown>\n#3 0x5561d4653ec1 <unknown>\n#4 0x5561d4691354 <unknown>\n#5 0x5561d467596d <unknown>\n#6 0x5561d468ec02 <unknown>\n#7 0x5561d4675713 <unknown>\n#8 0x5561d464818b <unknown>\n#9 0x5561d4648f7e <unknown>\n#10 0x5561d48fe8d8 <unknown>\n#11 0x5561d4902800 <unknown>\n#12 0x5561d490ccfc <unknown>\n#13 0x5561d4903418 <unknown>\n#14 0x5561d48d042f <unknown>\n#15 0x5561d49274e8 <unknown>\n#16 0x5561d49276b4 <unknown>\n#17 0x5561d4938143 <unknown>\n#18 0x7f96d7968044 <unknown>","time":{"start":1698368538708,"stop":1698368538724,"duration":16}},{"uid":"e7861aa3fc61e3c9","reportUrl":"https://zaelcovsky.github.io/StroyremAutomation/121//#testresult/e7861aa3fc61e3c9","status":"broken","statusDetails":"selenium.common.exceptions.NoSuchElementException: Message: no such element: Unable to locate element: {\"method\":\"xpath\",\"selector\":\"//a[@class='footer-email']\"}\n  (Session info: headless chrome=118.0.5993.70); For documentation on this error, please visit: https://www.selenium.dev/documentation/webdriver/troubleshooting/errors#no-such-element-exception\nStacktrace:\n#0 0x556bb9cd6fb3 <unknown>\n#1 0x556bb99aa4a7 <unknown>\n#2 0x556bb99f1dd6 <unknown>\n#3 0x556bb99f1ec1 <unknown>\n#4 0x556bb9a2f354 <unknown>\n#5 0x556bb9a1396d <unknown>\n#6 0x556bb9a2cc02 <unknown>\n#7 0x556bb9a13713 <unknown>\n#8 0x556bb99e618b <unknown>\n#9 0x556bb99e6f7e <unknown>\n#10 0x556bb9c9c8d8 <unknown>\n#11 0x556bb9ca0800 <unknown>\n#12 0x556bb9caacfc <unknown>\n#13 0x556bb9ca1418 <unknown>\n#14 0x556bb9c6e42f <unknown>\n#15 0x556bb9cc54e8 <unknown>\n#16 0x556bb9cc56b4 <unknown>\n#17 0x556bb9cd6143 <unknown>\n#18 0x7ff5f38d5044 <unknown>","time":{"start":1698282143706,"stop":1698282143731,"duration":25}},{"uid":"f0c83270abad0e3d","reportUrl":"https://zaelcovsky.github.io/StroyremAutomation/120//#testresult/f0c83270abad0e3d","status":"broken","statusDetails":"selenium.common.exceptions.NoSuchElementException: Message: no such element: Unable to locate element: {\"method\":\"xpath\",\"selector\":\"//a[@class='footer-email']\"}\n  (Session info: headless chrome=118.0.5993.70); For documentation on this error, please visit: https://www.selenium.dev/documentation/webdriver/troubleshooting/errors#no-such-element-exception\nStacktrace:\n#0 0x5577b7cc7fb3 <unknown>\n#1 0x5577b799b4a7 <unknown>\n#2 0x5577b79e2dd6 <unknown>\n#3 0x5577b79e2ec1 <unknown>\n#4 0x5577b7a20354 <unknown>\n#5 0x5577b7a0496d <unknown>\n#6 0x5577b7a1dc02 <unknown>\n#7 0x5577b7a04713 <unknown>\n#8 0x5577b79d718b <unknown>\n#9 0x5577b79d7f7e <unknown>\n#10 0x5577b7c8d8d8 <unknown>\n#11 0x5577b7c91800 <unknown>\n#12 0x5577b7c9bcfc <unknown>\n#13 0x5577b7c92418 <unknown>\n#14 0x5577b7c5f42f <unknown>\n#15 0x5577b7cb64e8 <unknown>\n#16 0x5577b7cb66b4 <unknown>\n#17 0x5577b7cc7143 <unknown>\n#18 0x7f3a99d17044 <unknown>","time":{"start":1698195776564,"stop":1698195776580,"duration":16}},{"uid":"942925cd7c4fc256","reportUrl":"https://zaelcovsky.github.io/StroyremAutomation/119//#testresult/942925cd7c4fc256","status":"broken","statusDetails":"selenium.common.exceptions.NoSuchElementException: Message: no such element: Unable to locate element: {\"method\":\"xpath\",\"selector\":\"//a[@class='footer-email']\"}\n  (Session info: headless chrome=118.0.5993.70); For documentation on this error, please visit: https://www.selenium.dev/documentation/webdriver/troubleshooting/errors#no-such-element-exception\nStacktrace:\n#0 0x55919dc8bfb3 <unknown>\n#1 0x55919d95f4a7 <unknown>\n#2 0x55919d9a6dd6 <unknown>\n#3 0x55919d9a6ec1 <unknown>\n#4 0x55919d9e4354 <unknown>\n#5 0x55919d9c896d <unknown>\n#6 0x55919d9e1c02 <unknown>\n#7 0x55919d9c8713 <unknown>\n#8 0x55919d99b18b <unknown>\n#9 0x55919d99bf7e <unknown>\n#10 0x55919dc518d8 <unknown>\n#11 0x55919dc55800 <unknown>\n#12 0x55919dc5fcfc <unknown>\n#13 0x55919dc56418 <unknown>\n#14 0x55919dc2342f <unknown>\n#15 0x55919dc7a4e8 <unknown>\n#16 0x55919dc7a6b4 <unknown>\n#17 0x55919dc8b143 <unknown>\n#18 0x7f86202ea044 <unknown>","time":{"start":1698109411031,"stop":1698109411053,"duration":22}},{"uid":"e52f5cbb550387db","reportUrl":"https://zaelcovsky.github.io/StroyremAutomation/118//#testresult/e52f5cbb550387db","status":"broken","statusDetails":"selenium.common.exceptions.NoSuchElementException: Message: no such element: Unable to locate element: {\"method\":\"xpath\",\"selector\":\"//a[@class='footer-email']\"}\n  (Session info: headless chrome=118.0.5993.70); For documentation on this error, please visit: https://www.selenium.dev/documentation/webdriver/troubleshooting/errors#no-such-element-exception\nStacktrace:\n#0 0x5580d0efefb3 <unknown>\n#1 0x5580d0bd24a7 <unknown>\n#2 0x5580d0c19dd6 <unknown>\n#3 0x5580d0c19ec1 <unknown>\n#4 0x5580d0c57354 <unknown>\n#5 0x5580d0c3b96d <unknown>\n#6 0x5580d0c54c02 <unknown>\n#7 0x5580d0c3b713 <unknown>\n#8 0x5580d0c0e18b <unknown>\n#9 0x5580d0c0ef7e <unknown>\n#10 0x5580d0ec48d8 <unknown>\n#11 0x5580d0ec8800 <unknown>\n#12 0x5580d0ed2cfc <unknown>\n#13 0x5580d0ec9418 <unknown>\n#14 0x5580d0e9642f <unknown>\n#15 0x5580d0eed4e8 <unknown>\n#16 0x5580d0eed6b4 <unknown>\n#17 0x5580d0efe143 <unknown>\n#18 0x7f1013338044 <unknown>","time":{"start":1698023015405,"stop":1698023015421,"duration":16}},{"uid":"335f4f0817024590","reportUrl":"https://zaelcovsky.github.io/StroyremAutomation/117//#testresult/335f4f0817024590","status":"broken","statusDetails":"selenium.common.exceptions.NoSuchElementException: Message: no such element: Unable to locate element: {\"method\":\"xpath\",\"selector\":\"//a[@class='footer-email']\"}\n  (Session info: headless chrome=118.0.5993.70); For documentation on this error, please visit: https://www.selenium.dev/documentation/webdriver/troubleshooting/errors#no-such-element-exception\nStacktrace:\n#0 0x563c137ebfb3 <unknown>\n#1 0x563c134bf4a7 <unknown>\n#2 0x563c13506dd6 <unknown>\n#3 0x563c13506ec1 <unknown>\n#4 0x563c13544354 <unknown>\n#5 0x563c1352896d <unknown>\n#6 0x563c13541c02 <unknown>\n#7 0x563c13528713 <unknown>\n#8 0x563c134fb18b <unknown>\n#9 0x563c134fbf7e <unknown>\n#10 0x563c137b18d8 <unknown>\n#11 0x563c137b5800 <unknown>\n#12 0x563c137bfcfc <unknown>\n#13 0x563c137b6418 <unknown>\n#14 0x563c1378342f <unknown>\n#15 0x563c137da4e8 <unknown>\n#16 0x563c137da6b4 <unknown>\n#17 0x563c137eb143 <unknown>\n#18 0x7f79ac758044 <unknown>","time":{"start":1697936828503,"stop":1697936828519,"duration":16}},{"uid":"d0c6216157dbc76c","reportUrl":"https://zaelcovsky.github.io/StroyremAutomation/116//#testresult/d0c6216157dbc76c","status":"broken","statusDetails":"selenium.common.exceptions.NoSuchElementException: Message: no such element: Unable to locate element: {\"method\":\"xpath\",\"selector\":\"//a[@class='footer-email']\"}\n  (Session info: headless chrome=118.0.5993.70); For documentation on this error, please visit: https://www.selenium.dev/documentation/webdriver/troubleshooting/errors#no-such-element-exception\nStacktrace:\n#0 0x559b3fbdafb3 <unknown>\n#1 0x559b3f8ae4a7 <unknown>\n#2 0x559b3f8f5dd6 <unknown>\n#3 0x559b3f8f5ec1 <unknown>\n#4 0x559b3f933354 <unknown>\n#5 0x559b3f91796d <unknown>\n#6 0x559b3f930c02 <unknown>\n#7 0x559b3f917713 <unknown>\n#8 0x559b3f8ea18b <unknown>\n#9 0x559b3f8eaf7e <unknown>\n#10 0x559b3fba08d8 <unknown>\n#11 0x559b3fba4800 <unknown>\n#12 0x559b3fbaecfc <unknown>\n#13 0x559b3fba5418 <unknown>\n#14 0x559b3fb7242f <unknown>\n#15 0x559b3fbc94e8 <unknown>\n#16 0x559b3fbc96b4 <unknown>\n#17 0x559b3fbda143 <unknown>\n#18 0x7fe3e6ce1044 <unknown>","time":{"start":1697850114541,"stop":1697850114556,"duration":15}},{"uid":"f41ae2c845f155f3","reportUrl":"https://zaelcovsky.github.io/StroyremAutomation/115//#testresult/f41ae2c845f155f3","status":"broken","statusDetails":"selenium.common.exceptions.NoSuchElementException: Message: no such element: Unable to locate element: {\"method\":\"xpath\",\"selector\":\"//a[@class='footer-email']\"}\n  (Session info: headless chrome=118.0.5993.70); For documentation on this error, please visit: https://www.selenium.dev/documentation/webdriver/troubleshooting/errors#no-such-element-exception\nStacktrace:\n#0 0x555c51691fb3 <unknown>\n#1 0x555c513654a7 <unknown>\n#2 0x555c513acdd6 <unknown>\n#3 0x555c513acec1 <unknown>\n#4 0x555c513ea354 <unknown>\n#5 0x555c513ce96d <unknown>\n#6 0x555c513e7c02 <unknown>\n#7 0x555c513ce713 <unknown>\n#8 0x555c513a118b <unknown>\n#9 0x555c513a1f7e <unknown>\n#10 0x555c516578d8 <unknown>\n#11 0x555c5165b800 <unknown>\n#12 0x555c51665cfc <unknown>\n#13 0x555c5165c418 <unknown>\n#14 0x555c5162942f <unknown>\n#15 0x555c516804e8 <unknown>\n#16 0x555c516806b4 <unknown>\n#17 0x555c51691143 <unknown>\n#18 0x7f1783f1a044 <unknown>","time":{"start":1697763820676,"stop":1697763820692,"duration":16}},{"uid":"601382e73616310c","reportUrl":"https://zaelcovsky.github.io/StroyremAutomation/114//#testresult/601382e73616310c","status":"broken","statusDetails":"selenium.common.exceptions.NoSuchElementException: Message: no such element: Unable to locate element: {\"method\":\"xpath\",\"selector\":\"//a[@class='footer-email']\"}\n  (Session info: headless chrome=118.0.5993.70); For documentation on this error, please visit: https://www.selenium.dev/documentation/webdriver/troubleshooting/errors#no-such-element-exception\nStacktrace:\n#0 0x55ed8d4b7fb3 <unknown>\n#1 0x55ed8d18b4a7 <unknown>\n#2 0x55ed8d1d2dd6 <unknown>\n#3 0x55ed8d1d2ec1 <unknown>\n#4 0x55ed8d210354 <unknown>\n#5 0x55ed8d1f496d <unknown>\n#6 0x55ed8d20dc02 <unknown>\n#7 0x55ed8d1f4713 <unknown>\n#8 0x55ed8d1c718b <unknown>\n#9 0x55ed8d1c7f7e <unknown>\n#10 0x55ed8d47d8d8 <unknown>\n#11 0x55ed8d481800 <unknown>\n#12 0x55ed8d48bcfc <unknown>\n#13 0x55ed8d482418 <unknown>\n#14 0x55ed8d44f42f <unknown>\n#15 0x55ed8d4a64e8 <unknown>\n#16 0x55ed8d4a66b4 <unknown>\n#17 0x55ed8d4b7143 <unknown>\n#18 0x7fa6f4256044 <unknown>","time":{"start":1697677426880,"stop":1697677426898,"duration":18}},{"uid":"815e3835789a8ff","reportUrl":"https://zaelcovsky.github.io/StroyremAutomation/113//#testresult/815e3835789a8ff","status":"broken","statusDetails":"selenium.common.exceptions.NoSuchElementException: Message: no such element: Unable to locate element: {\"method\":\"xpath\",\"selector\":\"//a[@class='footer-email']\"}\n  (Session info: headless chrome=118.0.5993.70); For documentation on this error, please visit: https://www.selenium.dev/documentation/webdriver/troubleshooting/errors#no-such-element-exception\nStacktrace:\n#0 0x55d243801fb3 <unknown>\n#1 0x55d2434d54a7 <unknown>\n#2 0x55d24351cdd6 <unknown>\n#3 0x55d24351cec1 <unknown>\n#4 0x55d24355a354 <unknown>\n#5 0x55d24353e96d <unknown>\n#6 0x55d243557c02 <unknown>\n#7 0x55d24353e713 <unknown>\n#8 0x55d24351118b <unknown>\n#9 0x55d243511f7e <unknown>\n#10 0x55d2437c78d8 <unknown>\n#11 0x55d2437cb800 <unknown>\n#12 0x55d2437d5cfc <unknown>\n#13 0x55d2437cc418 <unknown>\n#14 0x55d24379942f <unknown>\n#15 0x55d2437f04e8 <unknown>\n#16 0x55d2437f06b4 <unknown>\n#17 0x55d243801143 <unknown>\n#18 0x7fb993e0e044 <unknown>","time":{"start":1697591061042,"stop":1697591061066,"duration":24}},{"uid":"3d6fdbecee6f7d50","reportUrl":"https://zaelcovsky.github.io/StroyremAutomation/112//#testresult/3d6fdbecee6f7d50","status":"broken","statusDetails":"selenium.common.exceptions.NoSuchElementException: Message: no such element: Unable to locate element: {\"method\":\"xpath\",\"selector\":\"//a[@class='footer-email']\"}\n  (Session info: headless chrome=118.0.5993.70); For documentation on this error, please visit: https://www.selenium.dev/documentation/webdriver/troubleshooting/errors#no-such-element-exception\nStacktrace:\n#0 0x55cd1c224fb3 <unknown>\n#1 0x55cd1bef84a7 <unknown>\n#2 0x55cd1bf3fdd6 <unknown>\n#3 0x55cd1bf3fec1 <unknown>\n#4 0x55cd1bf7d354 <unknown>\n#5 0x55cd1bf6196d <unknown>\n#6 0x55cd1bf7ac02 <unknown>\n#7 0x55cd1bf61713 <unknown>\n#8 0x55cd1bf3418b <unknown>\n#9 0x55cd1bf34f7e <unknown>\n#10 0x55cd1c1ea8d8 <unknown>\n#11 0x55cd1c1ee800 <unknown>\n#12 0x55cd1c1f8cfc <unknown>\n#13 0x55cd1c1ef418 <unknown>\n#14 0x55cd1c1bc42f <unknown>\n#15 0x55cd1c2134e8 <unknown>\n#16 0x55cd1c2136b4 <unknown>\n#17 0x55cd1c224143 <unknown>\n#18 0x7fad678f5044 <unknown>","time":{"start":1697504672474,"stop":1697504672493,"duration":19}},{"uid":"c4779fcc6637b995","reportUrl":"https://zaelcovsky.github.io/StroyremAutomation/111//#testresult/c4779fcc6637b995","status":"broken","statusDetails":"selenium.common.exceptions.NoSuchElementException: Message: no such element: Unable to locate element: {\"method\":\"xpath\",\"selector\":\"//a[@class='footer-email']\"}\n  (Session info: headless chrome=118.0.5993.70); For documentation on this error, please visit: https://www.selenium.dev/documentation/webdriver/troubleshooting/errors#no-such-element-exception\nStacktrace:\n#0 0x564f6fc11fb3 <unknown>\n#1 0x564f6f8e54a7 <unknown>\n#2 0x564f6f92cdd6 <unknown>\n#3 0x564f6f92cec1 <unknown>\n#4 0x564f6f96a354 <unknown>\n#5 0x564f6f94e96d <unknown>\n#6 0x564f6f967c02 <unknown>\n#7 0x564f6f94e713 <unknown>\n#8 0x564f6f92118b <unknown>\n#9 0x564f6f921f7e <unknown>\n#10 0x564f6fbd78d8 <unknown>\n#11 0x564f6fbdb800 <unknown>\n#12 0x564f6fbe5cfc <unknown>\n#13 0x564f6fbdc418 <unknown>\n#14 0x564f6fba942f <unknown>\n#15 0x564f6fc004e8 <unknown>\n#16 0x564f6fc006b4 <unknown>\n#17 0x564f6fc11143 <unknown>\n#18 0x7fbd38de2044 <unknown>","time":{"start":1697418276368,"stop":1697418276391,"duration":23}},{"uid":"8026327925141ba7","reportUrl":"https://zaelcovsky.github.io/StroyremAutomation/110//#testresult/8026327925141ba7","status":"broken","statusDetails":"selenium.common.exceptions.NoSuchElementException: Message: no such element: Unable to locate element: {\"method\":\"xpath\",\"selector\":\"//a[@class='footer-email']\"}\n  (Session info: headless chrome=118.0.5993.70); For documentation on this error, please visit: https://www.selenium.dev/documentation/webdriver/troubleshooting/errors#no-such-element-exception\nStacktrace:\n#0 0x55f652a00fb3 <unknown>\n#1 0x55f6526d44a7 <unknown>\n#2 0x55f65271bdd6 <unknown>\n#3 0x55f65271bec1 <unknown>\n#4 0x55f652759354 <unknown>\n#5 0x55f65273d96d <unknown>\n#6 0x55f652756c02 <unknown>\n#7 0x55f65273d713 <unknown>\n#8 0x55f65271018b <unknown>\n#9 0x55f652710f7e <unknown>\n#10 0x55f6529c68d8 <unknown>\n#11 0x55f6529ca800 <unknown>\n#12 0x55f6529d4cfc <unknown>\n#13 0x55f6529cb418 <unknown>\n#14 0x55f65299842f <unknown>\n#15 0x55f6529ef4e8 <unknown>\n#16 0x55f6529ef6b4 <unknown>\n#17 0x55f652a00143 <unknown>\n#18 0x7f8dd6158044 <unknown>","time":{"start":1697332061837,"stop":1697332061852,"duration":15}},{"uid":"d97f7368b6c47a8e","reportUrl":"https://zaelcovsky.github.io/StroyremAutomation/109//#testresult/d97f7368b6c47a8e","status":"broken","statusDetails":"selenium.common.exceptions.NoSuchElementException: Message: no such element: Unable to locate element: {\"method\":\"xpath\",\"selector\":\"//a[@class='footer-email']\"}\n  (Session info: headless chrome=118.0.5993.70); For documentation on this error, please visit: https://www.selenium.dev/documentation/webdriver/troubleshooting/errors#no-such-element-exception\nStacktrace:\n#0 0x56406be92fb3 <unknown>\n#1 0x56406bb664a7 <unknown>\n#2 0x56406bbaddd6 <unknown>\n#3 0x56406bbadec1 <unknown>\n#4 0x56406bbeb354 <unknown>\n#5 0x56406bbcf96d <unknown>\n#6 0x56406bbe8c02 <unknown>\n#7 0x56406bbcf713 <unknown>\n#8 0x56406bba218b <unknown>\n#9 0x56406bba2f7e <unknown>\n#10 0x56406be588d8 <unknown>\n#11 0x56406be5c800 <unknown>\n#12 0x56406be66cfc <unknown>\n#13 0x56406be5d418 <unknown>\n#14 0x56406be2a42f <unknown>\n#15 0x56406be814e8 <unknown>\n#16 0x56406be816b4 <unknown>\n#17 0x56406be92143 <unknown>\n#18 0x7f2c35998044 <unknown>","time":{"start":1697245336172,"stop":1697245336188,"duration":16}},{"uid":"a6cd8e6acfe2b4ae","reportUrl":"https://zaelcovsky.github.io/StroyremAutomation/108//#testresult/a6cd8e6acfe2b4ae","status":"broken","statusDetails":"selenium.common.exceptions.NoSuchElementException: Message: no such element: Unable to locate element: {\"method\":\"xpath\",\"selector\":\"//a[@class='footer-email']\"}\n  (Session info: headless chrome=118.0.5993.70); For documentation on this error, please visit: https://www.selenium.dev/documentation/webdriver/troubleshooting/errors#no-such-element-exception\nStacktrace:\n#0 0x55ac6a81ffb3 <unknown>\n#1 0x55ac6a4f34a7 <unknown>\n#2 0x55ac6a53add6 <unknown>\n#3 0x55ac6a53aec1 <unknown>\n#4 0x55ac6a578354 <unknown>\n#5 0x55ac6a55c96d <unknown>\n#6 0x55ac6a575c02 <unknown>\n#7 0x55ac6a55c713 <unknown>\n#8 0x55ac6a52f18b <unknown>\n#9 0x55ac6a52ff7e <unknown>\n#10 0x55ac6a7e58d8 <unknown>\n#11 0x55ac6a7e9800 <unknown>\n#12 0x55ac6a7f3cfc <unknown>\n#13 0x55ac6a7ea418 <unknown>\n#14 0x55ac6a7b742f <unknown>\n#15 0x55ac6a80e4e8 <unknown>\n#16 0x55ac6a80e6b4 <unknown>\n#17 0x55ac6a81f143 <unknown>\n#18 0x7fc1a55aa044 <unknown>","time":{"start":1697159105124,"stop":1697159105146,"duration":22}}]},"tags":["smoke_test"]},"source":"8b6ec9c9303975a4.json","parameterValues":["'https://test2.stroyrem-nn.ru/'"]}