{"uid":"e9e1ad343cda2611","name":"TC 017 - Проверка функциональности ссылки 'Отзывы'","fullName":"tests.test_main_page.TestMainPage#test_positive_footer_reviews_smoke","historyId":"d9ed52a16c54f0848dec2065e85f77ae","time":{"start":1698368603693,"stop":1698368603712,"duration":19},"status":"skipped","statusMessage":"XFAIL При переходе на страницу отзывов может предложено пройти капчу\n\nselenium.common.exceptions.NoSuchElementException: Message: no such element: Unable to locate element: {\"method\":\"xpath\",\"selector\":\"(//a[contains(text(), 'Отзывы')])[3]\"}\n  (Session info: headless chrome=118.0.5993.70); For documentation on this error, please visit: https://www.selenium.dev/documentation/webdriver/troubleshooting/errors#no-such-element-exception\nStacktrace:\n#0 0x5640dec42fb3 <unknown>\n#1 0x5640de9164a7 <unknown>\n#2 0x5640de95ddd6 <unknown>\n#3 0x5640de95dec1 <unknown>\n#4 0x5640de99b354 <unknown>\n#5 0x5640de97f96d <unknown>\n#6 0x5640de998c02 <unknown>\n#7 0x5640de97f713 <unknown>\n#8 0x5640de95218b <unknown>\n#9 0x5640de952f7e <unknown>\n#10 0x5640dec088d8 <unknown>\n#11 0x5640dec0c800 <unknown>\n#12 0x5640dec16cfc <unknown>\n#13 0x5640dec0d418 <unknown>\n#14 0x5640debda42f <unknown>\n#15 0x5640dec314e8 <unknown>\n#16 0x5640dec316b4 <unknown>\n#17 0x5640dec42143 <unknown>\n#18 0x7ff72f1f9044 <unknown>","statusTrace":"self = <tests.test_main_page.TestMainPage object at 0x7f3311751d90>\nmain_page = <pages.main_page.MainPage object at 0x7f33112e9310>\n\n    @allure.feature(\"Footer functionality\")\n    @allure.title(\"TC 017 - Проверка функциональности ссылки 'Отзывы'\")\n    @pytest.mark.xfail(reason=\"При переходе на страницу отзывов может предложено пройти капчу\")\n    @pytest.mark.smoke_test\n    def test_positive_footer_reviews_smoke(self, main_page):\n>       title = main_page.check_reviews_link()\n\ntests/test_main_page.py:153: \n_ _ _ _ _ _ _ _ _ _ _ _ _ _ _ _ _ _ _ _ _ _ _ _ _ _ _ _ _ _ _ _ _ _ _ _ _ _ _ _ \npages/main_page.py:180: in check_reviews_link\n    self.driver.find_element(*self._reviews_link).click()\n/usr/local/lib/python3.11/site-packages/selenium/webdriver/remote/webdriver.py:740: in find_element\n    return self.execute(Command.FIND_ELEMENT, {\"using\": by, \"value\": value})[\"value\"]\n/usr/local/lib/python3.11/site-packages/selenium/webdriver/remote/webdriver.py:346: in execute\n    self.error_handler.check_response(response)\n_ _ _ _ _ _ _ _ _ _ _ _ _ _ _ _ _ _ _ _ _ _ _ _ _ _ _ _ _ _ _ _ _ _ _ _ _ _ _ _ \n\nself = <selenium.webdriver.remote.errorhandler.ErrorHandler object at 0x7f331227fb10>\nresponse = {'status': 404, 'value': '{\"value\":{\"error\":\"no such element\",\"message\":\"no such element: Unable to locate element: {\\...\\\\n#16 0x5640dec316b4 \\\\u003Cunknown>\\\\n#17 0x5640dec42143 \\\\u003Cunknown>\\\\n#18 0x7ff72f1f9044 \\\\u003Cunknown>\\\\n\"}}'}\n\n    def check_response(self, response: Dict[str, Any]) -> None:\n        \"\"\"Checks that a JSON response from the WebDriver does not have an\n        error.\n    \n        :Args:\n         - response - The JSON response from the WebDriver server as a dictionary\n           object.\n    \n        :Raises: If the response contains an error message.\n        \"\"\"\n        status = response.get(\"status\", None)\n        if not status or status == ErrorCode.SUCCESS:\n            return\n        value = None\n        message = response.get(\"message\", \"\")\n        screen: str = response.get(\"screen\", \"\")\n        stacktrace = None\n        if isinstance(status, int):\n            value_json = response.get(\"value\", None)\n            if value_json and isinstance(value_json, str):\n                import json\n    \n                try:\n                    value = json.loads(value_json)\n                    if len(value) == 1:\n                        value = value[\"value\"]\n                    status = value.get(\"error\", None)\n                    if not status:\n                        status = value.get(\"status\", ErrorCode.UNKNOWN_ERROR)\n                        message = value.get(\"value\") or value.get(\"message\")\n                        if not isinstance(message, str):\n                            value = message\n                            message = message.get(\"message\")\n                    else:\n                        message = value.get(\"message\", None)\n                except ValueError:\n                    pass\n    \n        exception_class: Type[WebDriverException]\n        if status in ErrorCode.NO_SUCH_ELEMENT:\n            exception_class = NoSuchElementException\n        elif status in ErrorCode.NO_SUCH_FRAME:\n            exception_class = NoSuchFrameException\n        elif status in ErrorCode.NO_SUCH_SHADOW_ROOT:\n            exception_class = NoSuchShadowRootException\n        elif status in ErrorCode.NO_SUCH_WINDOW:\n            exception_class = NoSuchWindowException\n        elif status in ErrorCode.STALE_ELEMENT_REFERENCE:\n            exception_class = StaleElementReferenceException\n        elif status in ErrorCode.ELEMENT_NOT_VISIBLE:\n            exception_class = ElementNotVisibleException\n        elif status in ErrorCode.INVALID_ELEMENT_STATE:\n            exception_class = InvalidElementStateException\n        elif (\n            status in ErrorCode.INVALID_SELECTOR\n            or status in ErrorCode.INVALID_XPATH_SELECTOR\n            or status in ErrorCode.INVALID_XPATH_SELECTOR_RETURN_TYPER\n        ):\n            exception_class = InvalidSelectorException\n        elif status in ErrorCode.ELEMENT_IS_NOT_SELECTABLE:\n            exception_class = ElementNotSelectableException\n        elif status in ErrorCode.ELEMENT_NOT_INTERACTABLE:\n            exception_class = ElementNotInteractableException\n        elif status in ErrorCode.INVALID_COOKIE_DOMAIN:\n            exception_class = InvalidCookieDomainException\n        elif status in ErrorCode.UNABLE_TO_SET_COOKIE:\n            exception_class = UnableToSetCookieException\n        elif status in ErrorCode.TIMEOUT:\n            exception_class = TimeoutException\n        elif status in ErrorCode.SCRIPT_TIMEOUT:\n            exception_class = TimeoutException\n        elif status in ErrorCode.UNKNOWN_ERROR:\n            exception_class = WebDriverException\n        elif status in ErrorCode.UNEXPECTED_ALERT_OPEN:\n            exception_class = UnexpectedAlertPresentException\n        elif status in ErrorCode.NO_ALERT_OPEN:\n            exception_class = NoAlertPresentException\n        elif status in ErrorCode.IME_NOT_AVAILABLE:\n            exception_class = ImeNotAvailableException\n        elif status in ErrorCode.IME_ENGINE_ACTIVATION_FAILED:\n            exception_class = ImeActivationFailedException\n        elif status in ErrorCode.MOVE_TARGET_OUT_OF_BOUNDS:\n            exception_class = MoveTargetOutOfBoundsException\n        elif status in ErrorCode.JAVASCRIPT_ERROR:\n            exception_class = JavascriptException\n        elif status in ErrorCode.SESSION_NOT_CREATED:\n            exception_class = SessionNotCreatedException\n        elif status in ErrorCode.INVALID_ARGUMENT:\n            exception_class = InvalidArgumentException\n        elif status in ErrorCode.NO_SUCH_COOKIE:\n            exception_class = NoSuchCookieException\n        elif status in ErrorCode.UNABLE_TO_CAPTURE_SCREEN:\n            exception_class = ScreenshotException\n        elif status in ErrorCode.ELEMENT_CLICK_INTERCEPTED:\n            exception_class = ElementClickInterceptedException\n        elif status in ErrorCode.INSECURE_CERTIFICATE:\n            exception_class = InsecureCertificateException\n        elif status in ErrorCode.INVALID_COORDINATES:\n            exception_class = InvalidCoordinatesException\n        elif status in ErrorCode.INVALID_SESSION_ID:\n            exception_class = InvalidSessionIdException\n        elif status in ErrorCode.UNKNOWN_METHOD:\n            exception_class = UnknownMethodException\n        else:\n            exception_class = WebDriverException\n        if not value:\n            value = response[\"value\"]\n        if isinstance(value, str):\n            raise exception_class(value)\n        if message == \"\" and \"message\" in value:\n            message = value[\"message\"]\n    \n        screen = None  # type: ignore[assignment]\n        if \"screen\" in value:\n            screen = value[\"screen\"]\n    \n        stacktrace = None\n        st_value = value.get(\"stackTrace\") or value.get(\"stacktrace\")\n        if st_value:\n            if isinstance(st_value, str):\n                stacktrace = st_value.split(\"\\n\")\n            else:\n                stacktrace = []\n                try:\n                    for frame in st_value:\n                        line = frame.get(\"lineNumber\", \"\")\n                        file = frame.get(\"fileName\", \"<anonymous>\")\n                        if line:\n                            file = f\"{file}:{line}\"\n                        meth = frame.get(\"methodName\", \"<anonymous>\")\n                        if \"className\" in frame:\n                            meth = f\"{frame['className']}.{meth}\"\n                        msg = \"    at %s (%s)\"\n                        msg = msg % (meth, file)\n                        stacktrace.append(msg)\n                except TypeError:\n                    pass\n        if exception_class == UnexpectedAlertPresentException:\n            alert_text = None\n            if \"data\" in value:\n                alert_text = value[\"data\"].get(\"text\")\n            elif \"alert\" in value:\n                alert_text = value[\"alert\"].get(\"text\")\n            raise exception_class(message, screen, stacktrace, alert_text)  # type: ignore[call-arg]  # mypy is not smart enough here\n>       raise exception_class(message, screen, stacktrace)\nE       selenium.common.exceptions.NoSuchElementException: Message: no such element: Unable to locate element: {\"method\":\"xpath\",\"selector\":\"(//a[contains(text(), 'Отзывы')])[3]\"}\nE         (Session info: headless chrome=118.0.5993.70); For documentation on this error, please visit: https://www.selenium.dev/documentation/webdriver/troubleshooting/errors#no-such-element-exception\nE       Stacktrace:\nE       #0 0x5640dec42fb3 <unknown>\nE       #1 0x5640de9164a7 <unknown>\nE       #2 0x5640de95ddd6 <unknown>\nE       #3 0x5640de95dec1 <unknown>\nE       #4 0x5640de99b354 <unknown>\nE       #5 0x5640de97f96d <unknown>\nE       #6 0x5640de998c02 <unknown>\nE       #7 0x5640de97f713 <unknown>\nE       #8 0x5640de95218b <unknown>\nE       #9 0x5640de952f7e <unknown>\nE       #10 0x5640dec088d8 <unknown>\nE       #11 0x5640dec0c800 <unknown>\nE       #12 0x5640dec16cfc <unknown>\nE       #13 0x5640dec0d418 <unknown>\nE       #14 0x5640debda42f <unknown>\nE       #15 0x5640dec314e8 <unknown>\nE       #16 0x5640dec316b4 <unknown>\nE       #17 0x5640dec42143 <unknown>\nE       #18 0x7ff72f1f9044 <unknown>\n\n/usr/local/lib/python3.11/site-packages/selenium/webdriver/remote/errorhandler.py:245: NoSuchElementException","flaky":false,"newFailed":false,"newBroken":false,"newPassed":false,"retriesCount":0,"retriesStatusChange":false,"beforeStages":[{"name":"_session_faker","time":{"start":1698368408968,"stop":1698368409052,"duration":84},"status":"passed","steps":[],"attachments":[],"parameters":[],"shouldDisplayMessage":false,"stepsCount":0,"attachmentsCount":0,"hasContent":false},{"name":"clear_allure_results_folder","time":{"start":1698368409052,"stop":1698368409052,"duration":0},"status":"passed","steps":[],"attachments":[],"parameters":[],"shouldDisplayMessage":false,"stepsCount":0,"attachmentsCount":0,"hasContent":false},{"name":"driver","time":{"start":1698368602512,"stop":1698368603291,"duration":779},"status":"passed","steps":[],"attachments":[],"parameters":[],"shouldDisplayMessage":false,"stepsCount":0,"attachmentsCount":0,"hasContent":false},{"name":"setup","time":{"start":1698368603292,"stop":1698368603292,"duration":0},"status":"passed","steps":[],"attachments":[],"parameters":[],"shouldDisplayMessage":false,"stepsCount":0,"attachmentsCount":0,"hasContent":false},{"name":"main_page","time":{"start":1698368603292,"stop":1698368603693,"duration":401},"status":"passed","steps":[],"attachments":[],"parameters":[],"shouldDisplayMessage":false,"stepsCount":0,"attachmentsCount":0,"hasContent":false}],"testStage":{"status":"skipped","statusMessage":"XFAIL При переходе на страницу отзывов может предложено пройти капчу\n\nselenium.common.exceptions.NoSuchElementException: Message: no such element: Unable to locate element: {\"method\":\"xpath\",\"selector\":\"(//a[contains(text(), 'Отзывы')])[3]\"}\n  (Session info: headless chrome=118.0.5993.70); For documentation on this error, please visit: https://www.selenium.dev/documentation/webdriver/troubleshooting/errors#no-such-element-exception\nStacktrace:\n#0 0x5640dec42fb3 <unknown>\n#1 0x5640de9164a7 <unknown>\n#2 0x5640de95ddd6 <unknown>\n#3 0x5640de95dec1 <unknown>\n#4 0x5640de99b354 <unknown>\n#5 0x5640de97f96d <unknown>\n#6 0x5640de998c02 <unknown>\n#7 0x5640de97f713 <unknown>\n#8 0x5640de95218b <unknown>\n#9 0x5640de952f7e <unknown>\n#10 0x5640dec088d8 <unknown>\n#11 0x5640dec0c800 <unknown>\n#12 0x5640dec16cfc <unknown>\n#13 0x5640dec0d418 <unknown>\n#14 0x5640debda42f <unknown>\n#15 0x5640dec314e8 <unknown>\n#16 0x5640dec316b4 <unknown>\n#17 0x5640dec42143 <unknown>\n#18 0x7ff72f1f9044 <unknown>","statusTrace":"self = <tests.test_main_page.TestMainPage object at 0x7f3311751d90>\nmain_page = <pages.main_page.MainPage object at 0x7f33112e9310>\n\n    @allure.feature(\"Footer functionality\")\n    @allure.title(\"TC 017 - Проверка функциональности ссылки 'Отзывы'\")\n    @pytest.mark.xfail(reason=\"При переходе на страницу отзывов может предложено пройти капчу\")\n    @pytest.mark.smoke_test\n    def test_positive_footer_reviews_smoke(self, main_page):\n>       title = main_page.check_reviews_link()\n\ntests/test_main_page.py:153: \n_ _ _ _ _ _ _ _ _ _ _ _ _ _ _ _ _ _ _ _ _ _ _ _ _ _ _ _ _ _ _ _ _ _ _ _ _ _ _ _ \npages/main_page.py:180: in check_reviews_link\n    self.driver.find_element(*self._reviews_link).click()\n/usr/local/lib/python3.11/site-packages/selenium/webdriver/remote/webdriver.py:740: in find_element\n    return self.execute(Command.FIND_ELEMENT, {\"using\": by, \"value\": value})[\"value\"]\n/usr/local/lib/python3.11/site-packages/selenium/webdriver/remote/webdriver.py:346: in execute\n    self.error_handler.check_response(response)\n_ _ _ _ _ _ _ _ _ _ _ _ _ _ _ _ _ _ _ _ _ _ _ _ _ _ _ _ _ _ _ _ _ _ _ _ _ _ _ _ \n\nself = <selenium.webdriver.remote.errorhandler.ErrorHandler object at 0x7f331227fb10>\nresponse = {'status': 404, 'value': '{\"value\":{\"error\":\"no such element\",\"message\":\"no such element: Unable to locate element: {\\...\\\\n#16 0x5640dec316b4 \\\\u003Cunknown>\\\\n#17 0x5640dec42143 \\\\u003Cunknown>\\\\n#18 0x7ff72f1f9044 \\\\u003Cunknown>\\\\n\"}}'}\n\n    def check_response(self, response: Dict[str, Any]) -> None:\n        \"\"\"Checks that a JSON response from the WebDriver does not have an\n        error.\n    \n        :Args:\n         - response - The JSON response from the WebDriver server as a dictionary\n           object.\n    \n        :Raises: If the response contains an error message.\n        \"\"\"\n        status = response.get(\"status\", None)\n        if not status or status == ErrorCode.SUCCESS:\n            return\n        value = None\n        message = response.get(\"message\", \"\")\n        screen: str = response.get(\"screen\", \"\")\n        stacktrace = None\n        if isinstance(status, int):\n            value_json = response.get(\"value\", None)\n            if value_json and isinstance(value_json, str):\n                import json\n    \n                try:\n                    value = json.loads(value_json)\n                    if len(value) == 1:\n                        value = value[\"value\"]\n                    status = value.get(\"error\", None)\n                    if not status:\n                        status = value.get(\"status\", ErrorCode.UNKNOWN_ERROR)\n                        message = value.get(\"value\") or value.get(\"message\")\n                        if not isinstance(message, str):\n                            value = message\n                            message = message.get(\"message\")\n                    else:\n                        message = value.get(\"message\", None)\n                except ValueError:\n                    pass\n    \n        exception_class: Type[WebDriverException]\n        if status in ErrorCode.NO_SUCH_ELEMENT:\n            exception_class = NoSuchElementException\n        elif status in ErrorCode.NO_SUCH_FRAME:\n            exception_class = NoSuchFrameException\n        elif status in ErrorCode.NO_SUCH_SHADOW_ROOT:\n            exception_class = NoSuchShadowRootException\n        elif status in ErrorCode.NO_SUCH_WINDOW:\n            exception_class = NoSuchWindowException\n        elif status in ErrorCode.STALE_ELEMENT_REFERENCE:\n            exception_class = StaleElementReferenceException\n        elif status in ErrorCode.ELEMENT_NOT_VISIBLE:\n            exception_class = ElementNotVisibleException\n        elif status in ErrorCode.INVALID_ELEMENT_STATE:\n            exception_class = InvalidElementStateException\n        elif (\n            status in ErrorCode.INVALID_SELECTOR\n            or status in ErrorCode.INVALID_XPATH_SELECTOR\n            or status in ErrorCode.INVALID_XPATH_SELECTOR_RETURN_TYPER\n        ):\n            exception_class = InvalidSelectorException\n        elif status in ErrorCode.ELEMENT_IS_NOT_SELECTABLE:\n            exception_class = ElementNotSelectableException\n        elif status in ErrorCode.ELEMENT_NOT_INTERACTABLE:\n            exception_class = ElementNotInteractableException\n        elif status in ErrorCode.INVALID_COOKIE_DOMAIN:\n            exception_class = InvalidCookieDomainException\n        elif status in ErrorCode.UNABLE_TO_SET_COOKIE:\n            exception_class = UnableToSetCookieException\n        elif status in ErrorCode.TIMEOUT:\n            exception_class = TimeoutException\n        elif status in ErrorCode.SCRIPT_TIMEOUT:\n            exception_class = TimeoutException\n        elif status in ErrorCode.UNKNOWN_ERROR:\n            exception_class = WebDriverException\n        elif status in ErrorCode.UNEXPECTED_ALERT_OPEN:\n            exception_class = UnexpectedAlertPresentException\n        elif status in ErrorCode.NO_ALERT_OPEN:\n            exception_class = NoAlertPresentException\n        elif status in ErrorCode.IME_NOT_AVAILABLE:\n            exception_class = ImeNotAvailableException\n        elif status in ErrorCode.IME_ENGINE_ACTIVATION_FAILED:\n            exception_class = ImeActivationFailedException\n        elif status in ErrorCode.MOVE_TARGET_OUT_OF_BOUNDS:\n            exception_class = MoveTargetOutOfBoundsException\n        elif status in ErrorCode.JAVASCRIPT_ERROR:\n            exception_class = JavascriptException\n        elif status in ErrorCode.SESSION_NOT_CREATED:\n            exception_class = SessionNotCreatedException\n        elif status in ErrorCode.INVALID_ARGUMENT:\n            exception_class = InvalidArgumentException\n        elif status in ErrorCode.NO_SUCH_COOKIE:\n            exception_class = NoSuchCookieException\n        elif status in ErrorCode.UNABLE_TO_CAPTURE_SCREEN:\n            exception_class = ScreenshotException\n        elif status in ErrorCode.ELEMENT_CLICK_INTERCEPTED:\n            exception_class = ElementClickInterceptedException\n        elif status in ErrorCode.INSECURE_CERTIFICATE:\n            exception_class = InsecureCertificateException\n        elif status in ErrorCode.INVALID_COORDINATES:\n            exception_class = InvalidCoordinatesException\n        elif status in ErrorCode.INVALID_SESSION_ID:\n            exception_class = InvalidSessionIdException\n        elif status in ErrorCode.UNKNOWN_METHOD:\n            exception_class = UnknownMethodException\n        else:\n            exception_class = WebDriverException\n        if not value:\n            value = response[\"value\"]\n        if isinstance(value, str):\n            raise exception_class(value)\n        if message == \"\" and \"message\" in value:\n            message = value[\"message\"]\n    \n        screen = None  # type: ignore[assignment]\n        if \"screen\" in value:\n            screen = value[\"screen\"]\n    \n        stacktrace = None\n        st_value = value.get(\"stackTrace\") or value.get(\"stacktrace\")\n        if st_value:\n            if isinstance(st_value, str):\n                stacktrace = st_value.split(\"\\n\")\n            else:\n                stacktrace = []\n                try:\n                    for frame in st_value:\n                        line = frame.get(\"lineNumber\", \"\")\n                        file = frame.get(\"fileName\", \"<anonymous>\")\n                        if line:\n                            file = f\"{file}:{line}\"\n                        meth = frame.get(\"methodName\", \"<anonymous>\")\n                        if \"className\" in frame:\n                            meth = f\"{frame['className']}.{meth}\"\n                        msg = \"    at %s (%s)\"\n                        msg = msg % (meth, file)\n                        stacktrace.append(msg)\n                except TypeError:\n                    pass\n        if exception_class == UnexpectedAlertPresentException:\n            alert_text = None\n            if \"data\" in value:\n                alert_text = value[\"data\"].get(\"text\")\n            elif \"alert\" in value:\n                alert_text = value[\"alert\"].get(\"text\")\n            raise exception_class(message, screen, stacktrace, alert_text)  # type: ignore[call-arg]  # mypy is not smart enough here\n>       raise exception_class(message, screen, stacktrace)\nE       selenium.common.exceptions.NoSuchElementException: Message: no such element: Unable to locate element: {\"method\":\"xpath\",\"selector\":\"(//a[contains(text(), 'Отзывы')])[3]\"}\nE         (Session info: headless chrome=118.0.5993.70); For documentation on this error, please visit: https://www.selenium.dev/documentation/webdriver/troubleshooting/errors#no-such-element-exception\nE       Stacktrace:\nE       #0 0x5640dec42fb3 <unknown>\nE       #1 0x5640de9164a7 <unknown>\nE       #2 0x5640de95ddd6 <unknown>\nE       #3 0x5640de95dec1 <unknown>\nE       #4 0x5640de99b354 <unknown>\nE       #5 0x5640de97f96d <unknown>\nE       #6 0x5640de998c02 <unknown>\nE       #7 0x5640de97f713 <unknown>\nE       #8 0x5640de95218b <unknown>\nE       #9 0x5640de952f7e <unknown>\nE       #10 0x5640dec088d8 <unknown>\nE       #11 0x5640dec0c800 <unknown>\nE       #12 0x5640dec16cfc <unknown>\nE       #13 0x5640dec0d418 <unknown>\nE       #14 0x5640debda42f <unknown>\nE       #15 0x5640dec314e8 <unknown>\nE       #16 0x5640dec316b4 <unknown>\nE       #17 0x5640dec42143 <unknown>\nE       #18 0x7ff72f1f9044 <unknown>\n\n/usr/local/lib/python3.11/site-packages/selenium/webdriver/remote/errorhandler.py:245: NoSuchElementException","steps":[{"name":"Проверка функциональности ссылки 'Отзывы'","time":{"start":1698368603693,"stop":1698368603711,"duration":18},"status":"broken","statusMessage":"selenium.common.exceptions.NoSuchElementException: Message: no such element: Unable to locate element: {\"method\":\"xpath\",\"selector\":\"(//a[contains(text(), 'Отзывы')])[3]\"}\n  (Session info: headless chrome=118.0.5993.70); For documentation on this error, please visit: https://www.selenium.dev/documentation/webdriver/troubleshooting/errors#no-such-element-exception\nStacktrace:\n#0 0x5640dec42fb3 <unknown>\n#1 0x5640de9164a7 <unknown>\n#2 0x5640de95ddd6 <unknown>\n#3 0x5640de95dec1 <unknown>\n#4 0x5640de99b354 <unknown>\n#5 0x5640de97f96d <unknown>\n#6 0x5640de998c02 <unknown>\n#7 0x5640de97f713 <unknown>\n#8 0x5640de95218b <unknown>\n#9 0x5640de952f7e <unknown>\n#10 0x5640dec088d8 <unknown>\n#11 0x5640dec0c800 <unknown>\n#12 0x5640dec16cfc <unknown>\n#13 0x5640dec0d418 <unknown>\n#14 0x5640debda42f <unknown>\n#15 0x5640dec314e8 <unknown>\n#16 0x5640dec316b4 <unknown>\n#17 0x5640dec42143 <unknown>\n#18 0x7ff72f1f9044 <unknown>\n\n","statusTrace":"  File \"/usr/local/lib/python3.11/site-packages/allure_commons/_allure.py\", line 192, in impl\n    return func(*a, **kw)\n           ^^^^^^^^^^^^^^\n  File \"/app/pages/main_page.py\", line 180, in check_reviews_link\n    self.driver.find_element(*self._reviews_link).click()\n    ^^^^^^^^^^^^^^^^^^^^^^^^^^^^^^^^^^^^^^^^^^^^^\n  File \"/usr/local/lib/python3.11/site-packages/selenium/webdriver/remote/webdriver.py\", line 740, in find_element\n    return self.execute(Command.FIND_ELEMENT, {\"using\": by, \"value\": value})[\"value\"]\n           ^^^^^^^^^^^^^^^^^^^^^^^^^^^^^^^^^^^^^^^^^^^^^^^^^^^^^^^^^^^^^^^^^\n  File \"/usr/local/lib/python3.11/site-packages/selenium/webdriver/remote/webdriver.py\", line 346, in execute\n    self.error_handler.check_response(response)\n  File \"/usr/local/lib/python3.11/site-packages/selenium/webdriver/remote/errorhandler.py\", line 245, in check_response\n    raise exception_class(message, screen, stacktrace)\n","steps":[],"attachments":[],"parameters":[],"shouldDisplayMessage":true,"stepsCount":0,"attachmentsCount":0,"hasContent":true}],"attachments":[{"uid":"61b7ddbc2be20576","name":"Screenshot","source":"61b7ddbc2be20576.png","type":"image/png","size":39127},{"uid":"b7049fdcbcb1a18a","name":"HTML source","source":"b7049fdcbcb1a18a.html","type":"text/html","size":538}],"parameters":[],"shouldDisplayMessage":true,"stepsCount":1,"attachmentsCount":2,"hasContent":true},"afterStages":[{"name":"setup::0","time":{"start":1698368603840,"stop":1698368603840,"duration":0},"status":"passed","steps":[],"attachments":[],"parameters":[],"shouldDisplayMessage":false,"stepsCount":0,"attachmentsCount":0,"hasContent":false},{"name":"driver::0","time":{"start":1698368603840,"stop":1698368603897,"duration":57},"status":"passed","steps":[],"attachments":[],"parameters":[],"shouldDisplayMessage":false,"stepsCount":0,"attachmentsCount":0,"hasContent":false}],"labels":[{"name":"epic","value":"Main Page"},{"name":"feature","value":"Footer functionality"},{"name":"tag","value":"smoke_test"},{"name":"tag","value":"@pytest.mark.xfail(reason='При переходе на страницу отзывов может предложено пройти капчу')"},{"name":"parentSuite","value":"tests"},{"name":"suite","value":"test_main_page"},{"name":"subSuite","value":"TestMainPage"},{"name":"host","value":"86009b74c9be"},{"name":"thread","value":"1-MainThread"},{"name":"framework","value":"pytest"},{"name":"language","value":"cpython3"},{"name":"package","value":"tests.test_main_page"},{"name":"resultFormat","value":"allure2"}],"parameters":[{"name":"url","value":"'https://test2.stroyrem-nn.ru/'"}],"links":[],"hidden":false,"retry":false,"extra":{"severity":"normal","retries":[],"categories":[],"history":{"statistic":{"failed":0,"broken":0,"skipped":79,"passed":0,"unknown":0,"total":79},"items":[{"uid":"ea545574753f23a2","reportUrl":"https://zaelcovsky.github.io/StroyremAutomation/121//#testresult/ea545574753f23a2","status":"skipped","statusDetails":"XFAIL При переходе на страницу отзывов может предложено пройти капчу\n\nselenium.common.exceptions.NoSuchElementException: Message: no such element: Unable to locate element: {\"method\":\"xpath\",\"selector\":\"(//a[contains(text(), 'Отзывы')])[3]\"}\n  (Session info: headless chrome=118.0.5993.70); For documentation on this error, please visit: https://www.selenium.dev/documentation/webdriver/troubleshooting/errors#no-such-element-exception\nStacktrace:\n#0 0x55b401473fb3 <unknown>\n#1 0x55b4011474a7 <unknown>\n#2 0x55b40118edd6 <unknown>\n#3 0x55b40118eec1 <unknown>\n#4 0x55b4011cc354 <unknown>\n#5 0x55b4011b096d <unknown>\n#6 0x55b4011c9c02 <unknown>\n#7 0x55b4011b0713 <unknown>\n#8 0x55b40118318b <unknown>\n#9 0x55b401183f7e <unknown>\n#10 0x55b4014398d8 <unknown>\n#11 0x55b40143d800 <unknown>\n#12 0x55b401447cfc <unknown>\n#13 0x55b40143e418 <unknown>\n#14 0x55b40140b42f <unknown>\n#15 0x55b4014624e8 <unknown>\n#16 0x55b4014626b4 <unknown>\n#17 0x55b401473143 <unknown>\n#18 0x7fdf6374c044 <unknown>","time":{"start":1698282209712,"stop":1698282209738,"duration":26}},{"uid":"e9ae18da0565c15a","reportUrl":"https://zaelcovsky.github.io/StroyremAutomation/120//#testresult/e9ae18da0565c15a","status":"skipped","statusDetails":"XFAIL При переходе на страницу отзывов может предложено пройти капчу\n\nselenium.common.exceptions.NoSuchElementException: Message: no such element: Unable to locate element: {\"method\":\"xpath\",\"selector\":\"(//a[contains(text(), 'Отзывы')])[3]\"}\n  (Session info: headless chrome=118.0.5993.70); For documentation on this error, please visit: https://www.selenium.dev/documentation/webdriver/troubleshooting/errors#no-such-element-exception\nStacktrace:\n#0 0x55b505c01fb3 <unknown>\n#1 0x55b5058d54a7 <unknown>\n#2 0x55b50591cdd6 <unknown>\n#3 0x55b50591cec1 <unknown>\n#4 0x55b50595a354 <unknown>\n#5 0x55b50593e96d <unknown>\n#6 0x55b505957c02 <unknown>\n#7 0x55b50593e713 <unknown>\n#8 0x55b50591118b <unknown>\n#9 0x55b505911f7e <unknown>\n#10 0x55b505bc78d8 <unknown>\n#11 0x55b505bcb800 <unknown>\n#12 0x55b505bd5cfc <unknown>\n#13 0x55b505bcc418 <unknown>\n#14 0x55b505b9942f <unknown>\n#15 0x55b505bf04e8 <unknown>\n#16 0x55b505bf06b4 <unknown>\n#17 0x55b505c01143 <unknown>\n#18 0x7fe5a9d3e044 <unknown>","time":{"start":1698195843936,"stop":1698195843952,"duration":16}},{"uid":"99454a70234c762b","reportUrl":"https://zaelcovsky.github.io/StroyremAutomation/119//#testresult/99454a70234c762b","status":"skipped","statusDetails":"XFAIL При переходе на страницу отзывов может предложено пройти капчу\n\nselenium.common.exceptions.NoSuchElementException: Message: no such element: Unable to locate element: {\"method\":\"xpath\",\"selector\":\"(//a[contains(text(), 'Отзывы')])[3]\"}\n  (Session info: headless chrome=118.0.5993.70); For documentation on this error, please visit: https://www.selenium.dev/documentation/webdriver/troubleshooting/errors#no-such-element-exception\nStacktrace:\n#0 0x564a2a1dafb3 <unknown>\n#1 0x564a29eae4a7 <unknown>\n#2 0x564a29ef5dd6 <unknown>\n#3 0x564a29ef5ec1 <unknown>\n#4 0x564a29f33354 <unknown>\n#5 0x564a29f1796d <unknown>\n#6 0x564a29f30c02 <unknown>\n#7 0x564a29f17713 <unknown>\n#8 0x564a29eea18b <unknown>\n#9 0x564a29eeaf7e <unknown>\n#10 0x564a2a1a08d8 <unknown>\n#11 0x564a2a1a4800 <unknown>\n#12 0x564a2a1aecfc <unknown>\n#13 0x564a2a1a5418 <unknown>\n#14 0x564a2a17242f <unknown>\n#15 0x564a2a1c94e8 <unknown>\n#16 0x564a2a1c96b4 <unknown>\n#17 0x564a2a1da143 <unknown>\n#18 0x7faf789ac044 <unknown>","time":{"start":1698109489403,"stop":1698109489424,"duration":21}},{"uid":"b4ede063587a17","reportUrl":"https://zaelcovsky.github.io/StroyremAutomation/118//#testresult/b4ede063587a17","status":"skipped","statusDetails":"XFAIL При переходе на страницу отзывов может предложено пройти капчу\n\nselenium.common.exceptions.NoSuchElementException: Message: no such element: Unable to locate element: {\"method\":\"xpath\",\"selector\":\"(//a[contains(text(), 'Отзывы')])[3]\"}\n  (Session info: headless chrome=118.0.5993.70); For documentation on this error, please visit: https://www.selenium.dev/documentation/webdriver/troubleshooting/errors#no-such-element-exception\nStacktrace:\n#0 0x561699636fb3 <unknown>\n#1 0x56169930a4a7 <unknown>\n#2 0x561699351dd6 <unknown>\n#3 0x561699351ec1 <unknown>\n#4 0x56169938f354 <unknown>\n#5 0x56169937396d <unknown>\n#6 0x56169938cc02 <unknown>\n#7 0x561699373713 <unknown>\n#8 0x56169934618b <unknown>\n#9 0x561699346f7e <unknown>\n#10 0x5616995fc8d8 <unknown>\n#11 0x561699600800 <unknown>\n#12 0x56169960acfc <unknown>\n#13 0x561699601418 <unknown>\n#14 0x5616995ce42f <unknown>\n#15 0x5616996254e8 <unknown>\n#16 0x5616996256b4 <unknown>\n#17 0x561699636143 <unknown>\n#18 0x7fed0baeb044 <unknown>","time":{"start":1698023085832,"stop":1698023085848,"duration":16}},{"uid":"604e836fb50949b4","reportUrl":"https://zaelcovsky.github.io/StroyremAutomation/117//#testresult/604e836fb50949b4","status":"skipped","statusDetails":"XFAIL При переходе на страницу отзывов может предложено пройти капчу\n\nselenium.common.exceptions.NoSuchElementException: Message: no such element: Unable to locate element: {\"method\":\"xpath\",\"selector\":\"(//a[contains(text(), 'Отзывы')])[3]\"}\n  (Session info: headless chrome=118.0.5993.70); For documentation on this error, please visit: https://www.selenium.dev/documentation/webdriver/troubleshooting/errors#no-such-element-exception\nStacktrace:\n#0 0x56246672bfb3 <unknown>\n#1 0x5624663ff4a7 <unknown>\n#2 0x562466446dd6 <unknown>\n#3 0x562466446ec1 <unknown>\n#4 0x562466484354 <unknown>\n#5 0x56246646896d <unknown>\n#6 0x562466481c02 <unknown>\n#7 0x562466468713 <unknown>\n#8 0x56246643b18b <unknown>\n#9 0x56246643bf7e <unknown>\n#10 0x5624666f18d8 <unknown>\n#11 0x5624666f5800 <unknown>\n#12 0x5624666ffcfc <unknown>\n#13 0x5624666f6418 <unknown>\n#14 0x5624666c342f <unknown>\n#15 0x56246671a4e8 <unknown>\n#16 0x56246671a6b4 <unknown>\n#17 0x56246672b143 <unknown>\n#18 0x7fdc4fcea044 <unknown>","time":{"start":1697936895310,"stop":1697936895326,"duration":16}},{"uid":"9769c0b8b9268148","reportUrl":"https://zaelcovsky.github.io/StroyremAutomation/116//#testresult/9769c0b8b9268148","status":"skipped","statusDetails":"XFAIL При переходе на страницу отзывов может предложено пройти капчу\n\nselenium.common.exceptions.NoSuchElementException: Message: no such element: Unable to locate element: {\"method\":\"xpath\",\"selector\":\"(//a[contains(text(), 'Отзывы')])[3]\"}\n  (Session info: headless chrome=118.0.5993.70); For documentation on this error, please visit: https://www.selenium.dev/documentation/webdriver/troubleshooting/errors#no-such-element-exception\nStacktrace:\n#0 0x558d3c429fb3 <unknown>\n#1 0x558d3c0fd4a7 <unknown>\n#2 0x558d3c144dd6 <unknown>\n#3 0x558d3c144ec1 <unknown>\n#4 0x558d3c182354 <unknown>\n#5 0x558d3c16696d <unknown>\n#6 0x558d3c17fc02 <unknown>\n#7 0x558d3c166713 <unknown>\n#8 0x558d3c13918b <unknown>\n#9 0x558d3c139f7e <unknown>\n#10 0x558d3c3ef8d8 <unknown>\n#11 0x558d3c3f3800 <unknown>\n#12 0x558d3c3fdcfc <unknown>\n#13 0x558d3c3f4418 <unknown>\n#14 0x558d3c3c142f <unknown>\n#15 0x558d3c4184e8 <unknown>\n#16 0x558d3c4186b4 <unknown>\n#17 0x558d3c429143 <unknown>\n#18 0x7f114f114044 <unknown>","time":{"start":1697850189867,"stop":1697850189883,"duration":16}},{"uid":"19108de188789158","reportUrl":"https://zaelcovsky.github.io/StroyremAutomation/115//#testresult/19108de188789158","status":"skipped","statusDetails":"XFAIL При переходе на страницу отзывов может предложено пройти капчу\n\nselenium.common.exceptions.NoSuchElementException: Message: no such element: Unable to locate element: {\"method\":\"xpath\",\"selector\":\"(//a[contains(text(), 'Отзывы')])[3]\"}\n  (Session info: headless chrome=118.0.5993.70); For documentation on this error, please visit: https://www.selenium.dev/documentation/webdriver/troubleshooting/errors#no-such-element-exception\nStacktrace:\n#0 0x5636532b4fb3 <unknown>\n#1 0x563652f884a7 <unknown>\n#2 0x563652fcfdd6 <unknown>\n#3 0x563652fcfec1 <unknown>\n#4 0x56365300d354 <unknown>\n#5 0x563652ff196d <unknown>\n#6 0x56365300ac02 <unknown>\n#7 0x563652ff1713 <unknown>\n#8 0x563652fc418b <unknown>\n#9 0x563652fc4f7e <unknown>\n#10 0x56365327a8d8 <unknown>\n#11 0x56365327e800 <unknown>\n#12 0x563653288cfc <unknown>\n#13 0x56365327f418 <unknown>\n#14 0x56365324c42f <unknown>\n#15 0x5636532a34e8 <unknown>\n#16 0x5636532a36b4 <unknown>\n#17 0x5636532b4143 <unknown>\n#18 0x7f795fb81044 <unknown>","time":{"start":1697763906170,"stop":1697763906186,"duration":16}},{"uid":"c3192028674564e7","reportUrl":"https://zaelcovsky.github.io/StroyremAutomation/114//#testresult/c3192028674564e7","status":"skipped","statusDetails":"XFAIL При переходе на страницу отзывов может предложено пройти капчу\n\nselenium.common.exceptions.NoSuchElementException: Message: no such element: Unable to locate element: {\"method\":\"xpath\",\"selector\":\"(//a[contains(text(), 'Отзывы')])[3]\"}\n  (Session info: headless chrome=118.0.5993.70); For documentation on this error, please visit: https://www.selenium.dev/documentation/webdriver/troubleshooting/errors#no-such-element-exception\nStacktrace:\n#0 0x555a5351dfb3 <unknown>\n#1 0x555a531f14a7 <unknown>\n#2 0x555a53238dd6 <unknown>\n#3 0x555a53238ec1 <unknown>\n#4 0x555a53276354 <unknown>\n#5 0x555a5325a96d <unknown>\n#6 0x555a53273c02 <unknown>\n#7 0x555a5325a713 <unknown>\n#8 0x555a5322d18b <unknown>\n#9 0x555a5322df7e <unknown>\n#10 0x555a534e38d8 <unknown>\n#11 0x555a534e7800 <unknown>\n#12 0x555a534f1cfc <unknown>\n#13 0x555a534e8418 <unknown>\n#14 0x555a534b542f <unknown>\n#15 0x555a5350c4e8 <unknown>\n#16 0x555a5350c6b4 <unknown>\n#17 0x555a5351d143 <unknown>\n#18 0x7ff037eb8044 <unknown>","time":{"start":1697677507546,"stop":1697677507565,"duration":19}},{"uid":"d6d880a9bc92e13c","reportUrl":"https://zaelcovsky.github.io/StroyremAutomation/113//#testresult/d6d880a9bc92e13c","status":"skipped","statusDetails":"XFAIL При переходе на страницу отзывов может предложено пройти капчу\n\nselenium.common.exceptions.NoSuchElementException: Message: no such element: Unable to locate element: {\"method\":\"xpath\",\"selector\":\"(//a[contains(text(), 'Отзывы')])[3]\"}\n  (Session info: headless chrome=118.0.5993.70); For documentation on this error, please visit: https://www.selenium.dev/documentation/webdriver/troubleshooting/errors#no-such-element-exception\nStacktrace:\n#0 0x56365d02afb3 <unknown>\n#1 0x56365ccfe4a7 <unknown>\n#2 0x56365cd45dd6 <unknown>\n#3 0x56365cd45ec1 <unknown>\n#4 0x56365cd83354 <unknown>\n#5 0x56365cd6796d <unknown>\n#6 0x56365cd80c02 <unknown>\n#7 0x56365cd67713 <unknown>\n#8 0x56365cd3a18b <unknown>\n#9 0x56365cd3af7e <unknown>\n#10 0x56365cff08d8 <unknown>\n#11 0x56365cff4800 <unknown>\n#12 0x56365cffecfc <unknown>\n#13 0x56365cff5418 <unknown>\n#14 0x56365cfc242f <unknown>\n#15 0x56365d0194e8 <unknown>\n#16 0x56365d0196b4 <unknown>\n#17 0x56365d02a143 <unknown>\n#18 0x7f9e1cdb9044 <unknown>","time":{"start":1697591154426,"stop":1697591154446,"duration":20}},{"uid":"2629d9650e854dbe","reportUrl":"https://zaelcovsky.github.io/StroyremAutomation/112//#testresult/2629d9650e854dbe","status":"skipped","statusDetails":"XFAIL При переходе на страницу отзывов может предложено пройти капчу\n\nselenium.common.exceptions.NoSuchElementException: Message: no such element: Unable to locate element: {\"method\":\"xpath\",\"selector\":\"(//a[contains(text(), 'Отзывы')])[3]\"}\n  (Session info: headless chrome=118.0.5993.70); For documentation on this error, please visit: https://www.selenium.dev/documentation/webdriver/troubleshooting/errors#no-such-element-exception\nStacktrace:\n#0 0x55e078bd0fb3 <unknown>\n#1 0x55e0788a44a7 <unknown>\n#2 0x55e0788ebdd6 <unknown>\n#3 0x55e0788ebec1 <unknown>\n#4 0x55e078929354 <unknown>\n#5 0x55e07890d96d <unknown>\n#6 0x55e078926c02 <unknown>\n#7 0x55e07890d713 <unknown>\n#8 0x55e0788e018b <unknown>\n#9 0x55e0788e0f7e <unknown>\n#10 0x55e078b968d8 <unknown>\n#11 0x55e078b9a800 <unknown>\n#12 0x55e078ba4cfc <unknown>\n#13 0x55e078b9b418 <unknown>\n#14 0x55e078b6842f <unknown>\n#15 0x55e078bbf4e8 <unknown>\n#16 0x55e078bbf6b4 <unknown>\n#17 0x55e078bd0143 <unknown>\n#18 0x7f6e62aac044 <unknown>","time":{"start":1697504769333,"stop":1697504769352,"duration":19}},{"uid":"8c75c1c508c8c7e7","reportUrl":"https://zaelcovsky.github.io/StroyremAutomation/111//#testresult/8c75c1c508c8c7e7","status":"skipped","statusDetails":"XFAIL При переходе на страницу отзывов может предложено пройти капчу\n\nselenium.common.exceptions.NoSuchElementException: Message: no such element: Unable to locate element: {\"method\":\"xpath\",\"selector\":\"(//a[contains(text(), 'Отзывы')])[3]\"}\n  (Session info: headless chrome=118.0.5993.70); For documentation on this error, please visit: https://www.selenium.dev/documentation/webdriver/troubleshooting/errors#no-such-element-exception\nStacktrace:\n#0 0x555fce8ecfb3 <unknown>\n#1 0x555fce5c04a7 <unknown>\n#2 0x555fce607dd6 <unknown>\n#3 0x555fce607ec1 <unknown>\n#4 0x555fce645354 <unknown>\n#5 0x555fce62996d <unknown>\n#6 0x555fce642c02 <unknown>\n#7 0x555fce629713 <unknown>\n#8 0x555fce5fc18b <unknown>\n#9 0x555fce5fcf7e <unknown>\n#10 0x555fce8b28d8 <unknown>\n#11 0x555fce8b6800 <unknown>\n#12 0x555fce8c0cfc <unknown>\n#13 0x555fce8b7418 <unknown>\n#14 0x555fce88442f <unknown>\n#15 0x555fce8db4e8 <unknown>\n#16 0x555fce8db6b4 <unknown>\n#17 0x555fce8ec143 <unknown>\n#18 0x7f6c41d31044 <unknown>","time":{"start":1697418360462,"stop":1697418360477,"duration":15}},{"uid":"a755dae42092c501","reportUrl":"https://zaelcovsky.github.io/StroyremAutomation/110//#testresult/a755dae42092c501","status":"skipped","statusDetails":"XFAIL При переходе на страницу отзывов может предложено пройти капчу\n\nselenium.common.exceptions.NoSuchElementException: Message: no such element: Unable to locate element: {\"method\":\"xpath\",\"selector\":\"(//a[contains(text(), 'Отзывы')])[3]\"}\n  (Session info: headless chrome=118.0.5993.70); For documentation on this error, please visit: https://www.selenium.dev/documentation/webdriver/troubleshooting/errors#no-such-element-exception\nStacktrace:\n#0 0x55c7618c1fb3 <unknown>\n#1 0x55c7615954a7 <unknown>\n#2 0x55c7615dcdd6 <unknown>\n#3 0x55c7615dcec1 <unknown>\n#4 0x55c76161a354 <unknown>\n#5 0x55c7615fe96d <unknown>\n#6 0x55c761617c02 <unknown>\n#7 0x55c7615fe713 <unknown>\n#8 0x55c7615d118b <unknown>\n#9 0x55c7615d1f7e <unknown>\n#10 0x55c7618878d8 <unknown>\n#11 0x55c76188b800 <unknown>\n#12 0x55c761895cfc <unknown>\n#13 0x55c76188c418 <unknown>\n#14 0x55c76185942f <unknown>\n#15 0x55c7618b04e8 <unknown>\n#16 0x55c7618b06b4 <unknown>\n#17 0x55c7618c1143 <unknown>\n#18 0x7f6aeccc0044 <unknown>","time":{"start":1697332146704,"stop":1697332146720,"duration":16}},{"uid":"18bead94da1c7409","reportUrl":"https://zaelcovsky.github.io/StroyremAutomation/109//#testresult/18bead94da1c7409","status":"skipped","statusDetails":"XFAIL При переходе на страницу отзывов может предложено пройти капчу\n\nselenium.common.exceptions.NoSuchElementException: Message: no such element: Unable to locate element: {\"method\":\"xpath\",\"selector\":\"(//a[contains(text(), 'Отзывы')])[3]\"}\n  (Session info: headless chrome=118.0.5993.70); For documentation on this error, please visit: https://www.selenium.dev/documentation/webdriver/troubleshooting/errors#no-such-element-exception\nStacktrace:\n#0 0x556c45649fb3 <unknown>\n#1 0x556c4531d4a7 <unknown>\n#2 0x556c45364dd6 <unknown>\n#3 0x556c45364ec1 <unknown>\n#4 0x556c453a2354 <unknown>\n#5 0x556c4538696d <unknown>\n#6 0x556c4539fc02 <unknown>\n#7 0x556c45386713 <unknown>\n#8 0x556c4535918b <unknown>\n#9 0x556c45359f7e <unknown>\n#10 0x556c4560f8d8 <unknown>\n#11 0x556c45613800 <unknown>\n#12 0x556c4561dcfc <unknown>\n#13 0x556c45614418 <unknown>\n#14 0x556c455e142f <unknown>\n#15 0x556c456384e8 <unknown>\n#16 0x556c456386b4 <unknown>\n#17 0x556c45649143 <unknown>\n#18 0x7ff24db1e044 <unknown>","time":{"start":1697245427211,"stop":1697245427227,"duration":16}},{"uid":"a0bf982849199885","reportUrl":"https://zaelcovsky.github.io/StroyremAutomation/108//#testresult/a0bf982849199885","status":"skipped","statusDetails":"XFAIL При переходе на страницу отзывов может предложено пройти капчу\n\nselenium.common.exceptions.NoSuchElementException: Message: no such element: Unable to locate element: {\"method\":\"xpath\",\"selector\":\"(//a[contains(text(), 'Отзывы')])[3]\"}\n  (Session info: headless chrome=118.0.5993.70); For documentation on this error, please visit: https://www.selenium.dev/documentation/webdriver/troubleshooting/errors#no-such-element-exception\nStacktrace:\n#0 0x55b1ea85dfb3 <unknown>\n#1 0x55b1ea5314a7 <unknown>\n#2 0x55b1ea578dd6 <unknown>\n#3 0x55b1ea578ec1 <unknown>\n#4 0x55b1ea5b6354 <unknown>\n#5 0x55b1ea59a96d <unknown>\n#6 0x55b1ea5b3c02 <unknown>\n#7 0x55b1ea59a713 <unknown>\n#8 0x55b1ea56d18b <unknown>\n#9 0x55b1ea56df7e <unknown>\n#10 0x55b1ea8238d8 <unknown>\n#11 0x55b1ea827800 <unknown>\n#12 0x55b1ea831cfc <unknown>\n#13 0x55b1ea828418 <unknown>\n#14 0x55b1ea7f542f <unknown>\n#15 0x55b1ea84c4e8 <unknown>\n#16 0x55b1ea84c6b4 <unknown>\n#17 0x55b1ea85d143 <unknown>\n#18 0x7f4883f7d044 <unknown>","time":{"start":1697159191571,"stop":1697159191588,"duration":17}},{"uid":"2607379a447adcf9","reportUrl":"https://zaelcovsky.github.io/StroyremAutomation/107//#testresult/2607379a447adcf9","status":"skipped","statusDetails":"XFAIL При переходе на страницу отзывов может предложено пройти капчу\n\nselenium.common.exceptions.NoSuchElementException: Message: no such element: Unable to locate element: {\"method\":\"xpath\",\"selector\":\"(//a[contains(text(), 'Отзывы')])[3]\"}\n  (Session info: headless chrome=118.0.5993.70); For documentation on this error, please visit: https://www.selenium.dev/documentation/webdriver/troubleshooting/errors#no-such-element-exception\nStacktrace:\n#0 0x55c94e043fb3 <unknown>\n#1 0x55c94dd174a7 <unknown>\n#2 0x55c94dd5edd6 <unknown>\n#3 0x55c94dd5eec1 <unknown>\n#4 0x55c94dd9c354 <unknown>\n#5 0x55c94dd8096d <unknown>\n#6 0x55c94dd99c02 <unknown>\n#7 0x55c94dd80713 <unknown>\n#8 0x55c94dd5318b <unknown>\n#9 0x55c94dd53f7e <unknown>\n#10 0x55c94e0098d8 <unknown>\n#11 0x55c94e00d800 <unknown>\n#12 0x55c94e017cfc <unknown>\n#13 0x55c94e00e418 <unknown>\n#14 0x55c94dfdb42f <unknown>\n#15 0x55c94e0324e8 <unknown>\n#16 0x55c94e0326b4 <unknown>\n#17 0x55c94e043143 <unknown>\n#18 0x7f6be10df044 <unknown>","time":{"start":1697072612559,"stop":1697072612580,"duration":21}},{"uid":"ad50c07d1409bdce","reportUrl":"https://zaelcovsky.github.io/StroyremAutomation/106//#testresult/ad50c07d1409bdce","status":"skipped","statusDetails":"XFAIL При переходе на страницу отзывов может предложено пройти капчу\n\nselenium.common.exceptions.NoSuchElementException: Message: no such element: Unable to locate element: {\"method\":\"xpath\",\"selector\":\"(//a[contains(text(), 'Отзывы')])[3]\"}\n  (Session info: headless chrome=118.0.5993.70); For documentation on this error, please visit: https://www.selenium.dev/documentation/webdriver/troubleshooting/errors#no-such-element-exception\nStacktrace:\n#0 0x5612d0f3efb3 <unknown>\n#1 0x5612d0c124a7 <unknown>\n#2 0x5612d0c59dd6 <unknown>\n#3 0x5612d0c59ec1 <unknown>\n#4 0x5612d0c97354 <unknown>\n#5 0x5612d0c7b96d <unknown>\n#6 0x5612d0c94c02 <unknown>\n#7 0x5612d0c7b713 <unknown>\n#8 0x5612d0c4e18b <unknown>\n#9 0x5612d0c4ef7e <unknown>\n#10 0x5612d0f048d8 <unknown>\n#11 0x5612d0f08800 <unknown>\n#12 0x5612d0f12cfc <unknown>\n#13 0x5612d0f09418 <unknown>\n#14 0x5612d0ed642f <unknown>\n#15 0x5612d0f2d4e8 <unknown>\n#16 0x5612d0f2d6b4 <unknown>\n#17 0x5612d0f3e143 <unknown>\n#18 0x7f8bf4865044 <unknown>","time":{"start":1696986255193,"stop":1696986255209,"duration":16}},{"uid":"80f8a7e1f2a34f88","reportUrl":"https://zaelcovsky.github.io/StroyremAutomation/105//#testresult/80f8a7e1f2a34f88","status":"skipped","statusDetails":"XFAIL При переходе на страницу отзывов может предложено пройти капчу\n\nselenium.common.exceptions.NoSuchElementException: Message: no such element: Unable to locate element: {\"method\":\"xpath\",\"selector\":\"(//a[contains(text(), 'Отзывы')])[3]\"}\n  (Session info: headless chrome=117.0.5938.149); For documentation on this error, please visit: https://www.selenium.dev/documentation/webdriver/troubleshooting/errors#no-such-element-exception\nStacktrace:\n#0 0x55f31953b933 <unknown>\n#1 0x55f3192156f7 <unknown>\n#2 0x55f31925caa6 <unknown>\n#3 0x55f31925cb91 <unknown>\n#4 0x55f319299fc4 <unknown>\n#5 0x55f31927e62d <unknown>\n#6 0x55f319297857 <unknown>\n#7 0x55f31927e3d3 <unknown>\n#8 0x55f319250e64 <unknown>\n#9 0x55f319251c4e <unknown>\n#10 0x55f319501558 <unknown>\n#11 0x55f3195054a0 <unknown>\n#12 0x55f31950f97c <unknown>\n#13 0x55f3195060b8 <unknown>\n#14 0x55f3194d1cdf <unknown>\n#15 0x55f31952a048 <unknown>\n#16 0x55f31952a219 <unknown>\n#17 0x55f31953aac3 <unknown>\n#18 0x7fa17abb8044 <unknown>","time":{"start":1696899831487,"stop":1696899831503,"duration":16}},{"uid":"30f960bdd8bf6f40","reportUrl":"https://zaelcovsky.github.io/StroyremAutomation/104//#testresult/30f960bdd8bf6f40","status":"skipped","statusDetails":"XFAIL При переходе на страницу отзывов может предложено пройти капчу\n\nselenium.common.exceptions.NoSuchElementException: Message: no such element: Unable to locate element: {\"method\":\"xpath\",\"selector\":\"(//a[contains(text(), 'Отзывы')])[3]\"}\n  (Session info: headless chrome=117.0.5938.149); For documentation on this error, please visit: https://www.selenium.dev/documentation/webdriver/troubleshooting/errors#no-such-element-exception\nStacktrace:\n#0 0x55635780d933 <unknown>\n#1 0x5563574e76f7 <unknown>\n#2 0x55635752eaa6 <unknown>\n#3 0x55635752eb91 <unknown>\n#4 0x55635756bfc4 <unknown>\n#5 0x55635755062d <unknown>\n#6 0x556357569857 <unknown>\n#7 0x5563575503d3 <unknown>\n#8 0x556357522e64 <unknown>\n#9 0x556357523c4e <unknown>\n#10 0x5563577d3558 <unknown>\n#11 0x5563577d74a0 <unknown>\n#12 0x5563577e197c <unknown>\n#13 0x5563577d80b8 <unknown>\n#14 0x5563577a3cdf <unknown>\n#15 0x5563577fc048 <unknown>\n#16 0x5563577fc219 <unknown>\n#17 0x55635780cac3 <unknown>\n#18 0x7f366f927044 <unknown>","time":{"start":1696813510650,"stop":1696813510666,"duration":16}},{"uid":"7deb6120b9edadcb","reportUrl":"https://zaelcovsky.github.io/StroyremAutomation/103//#testresult/7deb6120b9edadcb","status":"skipped","statusDetails":"XFAIL При переходе на страницу отзывов может предложено пройти капчу\n\nselenium.common.exceptions.NoSuchElementException: Message: no such element: Unable to locate element: {\"method\":\"xpath\",\"selector\":\"(//a[contains(text(), 'Отзывы')])[3]\"}\n  (Session info: headless chrome=117.0.5938.149); For documentation on this error, please visit: https://www.selenium.dev/documentation/webdriver/troubleshooting/errors#no-such-element-exception\nStacktrace:\n#0 0x5651b83d0933 <unknown>\n#1 0x5651b80aa6f7 <unknown>\n#2 0x5651b80f1aa6 <unknown>\n#3 0x5651b80f1b91 <unknown>\n#4 0x5651b812efc4 <unknown>\n#5 0x5651b811362d <unknown>\n#6 0x5651b812c857 <unknown>\n#7 0x5651b81133d3 <unknown>\n#8 0x5651b80e5e64 <unknown>\n#9 0x5651b80e6c4e <unknown>\n#10 0x5651b8396558 <unknown>\n#11 0x5651b839a4a0 <unknown>\n#12 0x5651b83a497c <unknown>\n#13 0x5651b839b0b8 <unknown>\n#14 0x5651b8366cdf <unknown>\n#15 0x5651b83bf048 <unknown>\n#16 0x5651b83bf219 <unknown>\n#17 0x5651b83cfac3 <unknown>\n#18 0x7f4882ca5044 <unknown>","time":{"start":1696727364545,"stop":1696727364568,"duration":23}},{"uid":"891f81cb0db87944","reportUrl":"https://zaelcovsky.github.io/StroyremAutomation/102//#testresult/891f81cb0db87944","status":"skipped","statusDetails":"XFAIL При переходе на страницу отзывов может предложено пройти капчу\n\nselenium.common.exceptions.NoSuchElementException: Message: no such element: Unable to locate element: {\"method\":\"xpath\",\"selector\":\"(//a[contains(text(), 'Отзывы')])[3]\"}\n  (Session info: headless chrome=117.0.5938.149); For documentation on this error, please visit: https://www.selenium.dev/documentation/webdriver/troubleshooting/errors#no-such-element-exception\nStacktrace:\n#0 0x5577a3493933 <unknown>\n#1 0x5577a316d6f7 <unknown>\n#2 0x5577a31b4aa6 <unknown>\n#3 0x5577a31b4b91 <unknown>\n#4 0x5577a31f1fc4 <unknown>\n#5 0x5577a31d662d <unknown>\n#6 0x5577a31ef857 <unknown>\n#7 0x5577a31d63d3 <unknown>\n#8 0x5577a31a8e64 <unknown>\n#9 0x5577a31a9c4e <unknown>\n#10 0x5577a3459558 <unknown>\n#11 0x5577a345d4a0 <unknown>\n#12 0x5577a346797c <unknown>\n#13 0x5577a345e0b8 <unknown>\n#14 0x5577a3429cdf <unknown>\n#15 0x5577a3482048 <unknown>\n#16 0x5577a3482219 <unknown>\n#17 0x5577a3492ac3 <unknown>\n#18 0x7f0471e78044 <unknown>","time":{"start":1696640662505,"stop":1696640662521,"duration":16}}]},"tags":["@pytest.mark.xfail(reason='При переходе на страницу отзывов может предложено пройти капчу')","smoke_test"]},"source":"e9e1ad343cda2611.json","parameterValues":["'https://test2.stroyrem-nn.ru/'"]}