{"uid":"9e47cec709c22288","name":"TC 018 - Проверка функциональности ссылки 'Акции'","fullName":"tests.test_main_page.TestMainPage#test_positive_footer_sale_smoke","historyId":"7c44ee0a7729c87256702511cdfce3ef","time":{"start":1709600598821,"stop":1709600598834,"duration":13},"status":"broken","statusMessage":"selenium.common.exceptions.NoSuchElementException: Message: no such element: Unable to locate element: {\"method\":\"xpath\",\"selector\":\"(//a[contains(text(), 'Акции')])[2]\"}\n  (Session info: chrome-headless-shell=122.0.6261.94); For documentation on this error, please visit: https://www.selenium.dev/documentation/webdriver/troubleshooting/errors#no-such-element-exception\nStacktrace:\n#0 0x564a40769e93 <unknown>\n#1 0x564a40461ce6 <unknown>\n#2 0x564a404ace48 <unknown>\n#3 0x564a404acf01 <unknown>\n#4 0x564a404f03f4 <unknown>\n#5 0x564a404ceedd <unknown>\n#6 0x564a404ed899 <unknown>\n#7 0x564a404cec53 <unknown>\n#8 0x564a4049fdb3 <unknown>\n#9 0x564a404a077e <unknown>\n#10 0x564a4072f7cb <unknown>\n#11 0x564a407337e5 <unknown>\n#12 0x564a4071d0e1 <unknown>\n#13 0x564a40734372 <unknown>\n#14 0x564a407011bf <unknown>\n#15 0x564a40758488 <unknown>\n#16 0x564a40758683 <unknown>\n#17 0x564a40769044 <unknown>\n#18 0x7fa048e3d134 <unknown>","statusTrace":"self = <tests.test_main_page.TestMainPage object at 0x7f7bdd1ca090>\nmain_page = <pages.main_page.MainPage object at 0x7f7bdcb87a10>\n\n    @allure.feature(\"Footer functionality\")\n    @allure.title(\"TC 018 - Проверка функциональности ссылки 'Акции'\")\n    @pytest.mark.smoke_test\n    def test_positive_footer_sale_smoke(self, main_page):\n>       title = main_page.check_shares_link()\n\ntests/test_main_page.py:161: \n_ _ _ _ _ _ _ _ _ _ _ _ _ _ _ _ _ _ _ _ _ _ _ _ _ _ _ _ _ _ _ _ _ _ _ _ _ _ _ _ \npages/main_page.py:188: in check_shares_link\n    self.driver.find_element(*self._shares_link).click()\n/usr/local/lib/python3.11/site-packages/selenium/webdriver/remote/webdriver.py:740: in find_element\n    return self.execute(Command.FIND_ELEMENT, {\"using\": by, \"value\": value})[\"value\"]\n/usr/local/lib/python3.11/site-packages/selenium/webdriver/remote/webdriver.py:346: in execute\n    self.error_handler.check_response(response)\n_ _ _ _ _ _ _ _ _ _ _ _ _ _ _ _ _ _ _ _ _ _ _ _ _ _ _ _ _ _ _ _ _ _ _ _ _ _ _ _ \n\nself = <selenium.webdriver.remote.errorhandler.ErrorHandler object at 0x7f7bdcb7c090>\nresponse = {'status': 404, 'value': '{\"value\":{\"error\":\"no such element\",\"message\":\"no such element: Unable to locate element: {\\...\\\\n#16 0x564a40758683 \\\\u003Cunknown>\\\\n#17 0x564a40769044 \\\\u003Cunknown>\\\\n#18 0x7fa048e3d134 \\\\u003Cunknown>\\\\n\"}}'}\n\n    def check_response(self, response: Dict[str, Any]) -> None:\n        \"\"\"Checks that a JSON response from the WebDriver does not have an\n        error.\n    \n        :Args:\n         - response - The JSON response from the WebDriver server as a dictionary\n           object.\n    \n        :Raises: If the response contains an error message.\n        \"\"\"\n        status = response.get(\"status\", None)\n        if not status or status == ErrorCode.SUCCESS:\n            return\n        value = None\n        message = response.get(\"message\", \"\")\n        screen: str = response.get(\"screen\", \"\")\n        stacktrace = None\n        if isinstance(status, int):\n            value_json = response.get(\"value\", None)\n            if value_json and isinstance(value_json, str):\n                import json\n    \n                try:\n                    value = json.loads(value_json)\n                    if len(value) == 1:\n                        value = value[\"value\"]\n                    status = value.get(\"error\", None)\n                    if not status:\n                        status = value.get(\"status\", ErrorCode.UNKNOWN_ERROR)\n                        message = value.get(\"value\") or value.get(\"message\")\n                        if not isinstance(message, str):\n                            value = message\n                            message = message.get(\"message\")\n                    else:\n                        message = value.get(\"message\", None)\n                except ValueError:\n                    pass\n    \n        exception_class: Type[WebDriverException]\n        if status in ErrorCode.NO_SUCH_ELEMENT:\n            exception_class = NoSuchElementException\n        elif status in ErrorCode.NO_SUCH_FRAME:\n            exception_class = NoSuchFrameException\n        elif status in ErrorCode.NO_SUCH_SHADOW_ROOT:\n            exception_class = NoSuchShadowRootException\n        elif status in ErrorCode.NO_SUCH_WINDOW:\n            exception_class = NoSuchWindowException\n        elif status in ErrorCode.STALE_ELEMENT_REFERENCE:\n            exception_class = StaleElementReferenceException\n        elif status in ErrorCode.ELEMENT_NOT_VISIBLE:\n            exception_class = ElementNotVisibleException\n        elif status in ErrorCode.INVALID_ELEMENT_STATE:\n            exception_class = InvalidElementStateException\n        elif (\n            status in ErrorCode.INVALID_SELECTOR\n            or status in ErrorCode.INVALID_XPATH_SELECTOR\n            or status in ErrorCode.INVALID_XPATH_SELECTOR_RETURN_TYPER\n        ):\n            exception_class = InvalidSelectorException\n        elif status in ErrorCode.ELEMENT_IS_NOT_SELECTABLE:\n            exception_class = ElementNotSelectableException\n        elif status in ErrorCode.ELEMENT_NOT_INTERACTABLE:\n            exception_class = ElementNotInteractableException\n        elif status in ErrorCode.INVALID_COOKIE_DOMAIN:\n            exception_class = InvalidCookieDomainException\n        elif status in ErrorCode.UNABLE_TO_SET_COOKIE:\n            exception_class = UnableToSetCookieException\n        elif status in ErrorCode.TIMEOUT:\n            exception_class = TimeoutException\n        elif status in ErrorCode.SCRIPT_TIMEOUT:\n            exception_class = TimeoutException\n        elif status in ErrorCode.UNKNOWN_ERROR:\n            exception_class = WebDriverException\n        elif status in ErrorCode.UNEXPECTED_ALERT_OPEN:\n            exception_class = UnexpectedAlertPresentException\n        elif status in ErrorCode.NO_ALERT_OPEN:\n            exception_class = NoAlertPresentException\n        elif status in ErrorCode.IME_NOT_AVAILABLE:\n            exception_class = ImeNotAvailableException\n        elif status in ErrorCode.IME_ENGINE_ACTIVATION_FAILED:\n            exception_class = ImeActivationFailedException\n        elif status in ErrorCode.MOVE_TARGET_OUT_OF_BOUNDS:\n            exception_class = MoveTargetOutOfBoundsException\n        elif status in ErrorCode.JAVASCRIPT_ERROR:\n            exception_class = JavascriptException\n        elif status in ErrorCode.SESSION_NOT_CREATED:\n            exception_class = SessionNotCreatedException\n        elif status in ErrorCode.INVALID_ARGUMENT:\n            exception_class = InvalidArgumentException\n        elif status in ErrorCode.NO_SUCH_COOKIE:\n            exception_class = NoSuchCookieException\n        elif status in ErrorCode.UNABLE_TO_CAPTURE_SCREEN:\n            exception_class = ScreenshotException\n        elif status in ErrorCode.ELEMENT_CLICK_INTERCEPTED:\n            exception_class = ElementClickInterceptedException\n        elif status in ErrorCode.INSECURE_CERTIFICATE:\n            exception_class = InsecureCertificateException\n        elif status in ErrorCode.INVALID_COORDINATES:\n            exception_class = InvalidCoordinatesException\n        elif status in ErrorCode.INVALID_SESSION_ID:\n            exception_class = InvalidSessionIdException\n        elif status in ErrorCode.UNKNOWN_METHOD:\n            exception_class = UnknownMethodException\n        else:\n            exception_class = WebDriverException\n        if not value:\n            value = response[\"value\"]\n        if isinstance(value, str):\n            raise exception_class(value)\n        if message == \"\" and \"message\" in value:\n            message = value[\"message\"]\n    \n        screen = None  # type: ignore[assignment]\n        if \"screen\" in value:\n            screen = value[\"screen\"]\n    \n        stacktrace = None\n        st_value = value.get(\"stackTrace\") or value.get(\"stacktrace\")\n        if st_value:\n            if isinstance(st_value, str):\n                stacktrace = st_value.split(\"\\n\")\n            else:\n                stacktrace = []\n                try:\n                    for frame in st_value:\n                        line = frame.get(\"lineNumber\", \"\")\n                        file = frame.get(\"fileName\", \"<anonymous>\")\n                        if line:\n                            file = f\"{file}:{line}\"\n                        meth = frame.get(\"methodName\", \"<anonymous>\")\n                        if \"className\" in frame:\n                            meth = f\"{frame['className']}.{meth}\"\n                        msg = \"    at %s (%s)\"\n                        msg = msg % (meth, file)\n                        stacktrace.append(msg)\n                except TypeError:\n                    pass\n        if exception_class == UnexpectedAlertPresentException:\n            alert_text = None\n            if \"data\" in value:\n                alert_text = value[\"data\"].get(\"text\")\n            elif \"alert\" in value:\n                alert_text = value[\"alert\"].get(\"text\")\n            raise exception_class(message, screen, stacktrace, alert_text)  # type: ignore[call-arg]  # mypy is not smart enough here\n>       raise exception_class(message, screen, stacktrace)\nE       selenium.common.exceptions.NoSuchElementException: Message: no such element: Unable to locate element: {\"method\":\"xpath\",\"selector\":\"(//a[contains(text(), 'Акции')])[2]\"}\nE         (Session info: chrome-headless-shell=122.0.6261.94); For documentation on this error, please visit: https://www.selenium.dev/documentation/webdriver/troubleshooting/errors#no-such-element-exception\nE       Stacktrace:\nE       #0 0x564a40769e93 <unknown>\nE       #1 0x564a40461ce6 <unknown>\nE       #2 0x564a404ace48 <unknown>\nE       #3 0x564a404acf01 <unknown>\nE       #4 0x564a404f03f4 <unknown>\nE       #5 0x564a404ceedd <unknown>\nE       #6 0x564a404ed899 <unknown>\nE       #7 0x564a404cec53 <unknown>\nE       #8 0x564a4049fdb3 <unknown>\nE       #9 0x564a404a077e <unknown>\nE       #10 0x564a4072f7cb <unknown>\nE       #11 0x564a407337e5 <unknown>\nE       #12 0x564a4071d0e1 <unknown>\nE       #13 0x564a40734372 <unknown>\nE       #14 0x564a407011bf <unknown>\nE       #15 0x564a40758488 <unknown>\nE       #16 0x564a40758683 <unknown>\nE       #17 0x564a40769044 <unknown>\nE       #18 0x7fa048e3d134 <unknown>\n\n/usr/local/lib/python3.11/site-packages/selenium/webdriver/remote/errorhandler.py:245: NoSuchElementException","flaky":false,"newFailed":false,"newBroken":false,"newPassed":false,"retriesCount":0,"retriesStatusChange":false,"beforeStages":[{"name":"_session_faker","time":{"start":1709600392220,"stop":1709600392291,"duration":71},"status":"passed","steps":[],"attachments":[],"parameters":[],"shouldDisplayMessage":false,"stepsCount":0,"attachmentsCount":0,"hasContent":false,"attachmentStep":false},{"name":"clear_allure_results_folder","time":{"start":1709600392292,"stop":1709600392292,"duration":0},"status":"passed","steps":[],"attachments":[],"parameters":[],"shouldDisplayMessage":false,"stepsCount":0,"attachmentsCount":0,"hasContent":false,"attachmentStep":false},{"name":"driver","time":{"start":1709600597716,"stop":1709600598455,"duration":739},"status":"passed","steps":[],"attachments":[],"parameters":[],"shouldDisplayMessage":false,"stepsCount":0,"attachmentsCount":0,"hasContent":false,"attachmentStep":false},{"name":"main_page","time":{"start":1709600598455,"stop":1709600598820,"duration":365},"status":"passed","steps":[],"attachments":[],"parameters":[],"shouldDisplayMessage":false,"stepsCount":0,"attachmentsCount":0,"hasContent":false,"attachmentStep":false},{"name":"setup","time":{"start":1709600598455,"stop":1709600598455,"duration":0},"status":"passed","steps":[],"attachments":[],"parameters":[],"shouldDisplayMessage":false,"stepsCount":0,"attachmentsCount":0,"hasContent":false,"attachmentStep":false}],"testStage":{"status":"broken","statusMessage":"selenium.common.exceptions.NoSuchElementException: Message: no such element: Unable to locate element: {\"method\":\"xpath\",\"selector\":\"(//a[contains(text(), 'Акции')])[2]\"}\n  (Session info: chrome-headless-shell=122.0.6261.94); For documentation on this error, please visit: https://www.selenium.dev/documentation/webdriver/troubleshooting/errors#no-such-element-exception\nStacktrace:\n#0 0x564a40769e93 <unknown>\n#1 0x564a40461ce6 <unknown>\n#2 0x564a404ace48 <unknown>\n#3 0x564a404acf01 <unknown>\n#4 0x564a404f03f4 <unknown>\n#5 0x564a404ceedd <unknown>\n#6 0x564a404ed899 <unknown>\n#7 0x564a404cec53 <unknown>\n#8 0x564a4049fdb3 <unknown>\n#9 0x564a404a077e <unknown>\n#10 0x564a4072f7cb <unknown>\n#11 0x564a407337e5 <unknown>\n#12 0x564a4071d0e1 <unknown>\n#13 0x564a40734372 <unknown>\n#14 0x564a407011bf <unknown>\n#15 0x564a40758488 <unknown>\n#16 0x564a40758683 <unknown>\n#17 0x564a40769044 <unknown>\n#18 0x7fa048e3d134 <unknown>","statusTrace":"self = <tests.test_main_page.TestMainPage object at 0x7f7bdd1ca090>\nmain_page = <pages.main_page.MainPage object at 0x7f7bdcb87a10>\n\n    @allure.feature(\"Footer functionality\")\n    @allure.title(\"TC 018 - Проверка функциональности ссылки 'Акции'\")\n    @pytest.mark.smoke_test\n    def test_positive_footer_sale_smoke(self, main_page):\n>       title = main_page.check_shares_link()\n\ntests/test_main_page.py:161: \n_ _ _ _ _ _ _ _ _ _ _ _ _ _ _ _ _ _ _ _ _ _ _ _ _ _ _ _ _ _ _ _ _ _ _ _ _ _ _ _ \npages/main_page.py:188: in check_shares_link\n    self.driver.find_element(*self._shares_link).click()\n/usr/local/lib/python3.11/site-packages/selenium/webdriver/remote/webdriver.py:740: in find_element\n    return self.execute(Command.FIND_ELEMENT, {\"using\": by, \"value\": value})[\"value\"]\n/usr/local/lib/python3.11/site-packages/selenium/webdriver/remote/webdriver.py:346: in execute\n    self.error_handler.check_response(response)\n_ _ _ _ _ _ _ _ _ _ _ _ _ _ _ _ _ _ _ _ _ _ _ _ _ _ _ _ _ _ _ _ _ _ _ _ _ _ _ _ \n\nself = <selenium.webdriver.remote.errorhandler.ErrorHandler object at 0x7f7bdcb7c090>\nresponse = {'status': 404, 'value': '{\"value\":{\"error\":\"no such element\",\"message\":\"no such element: Unable to locate element: {\\...\\\\n#16 0x564a40758683 \\\\u003Cunknown>\\\\n#17 0x564a40769044 \\\\u003Cunknown>\\\\n#18 0x7fa048e3d134 \\\\u003Cunknown>\\\\n\"}}'}\n\n    def check_response(self, response: Dict[str, Any]) -> None:\n        \"\"\"Checks that a JSON response from the WebDriver does not have an\n        error.\n    \n        :Args:\n         - response - The JSON response from the WebDriver server as a dictionary\n           object.\n    \n        :Raises: If the response contains an error message.\n        \"\"\"\n        status = response.get(\"status\", None)\n        if not status or status == ErrorCode.SUCCESS:\n            return\n        value = None\n        message = response.get(\"message\", \"\")\n        screen: str = response.get(\"screen\", \"\")\n        stacktrace = None\n        if isinstance(status, int):\n            value_json = response.get(\"value\", None)\n            if value_json and isinstance(value_json, str):\n                import json\n    \n                try:\n                    value = json.loads(value_json)\n                    if len(value) == 1:\n                        value = value[\"value\"]\n                    status = value.get(\"error\", None)\n                    if not status:\n                        status = value.get(\"status\", ErrorCode.UNKNOWN_ERROR)\n                        message = value.get(\"value\") or value.get(\"message\")\n                        if not isinstance(message, str):\n                            value = message\n                            message = message.get(\"message\")\n                    else:\n                        message = value.get(\"message\", None)\n                except ValueError:\n                    pass\n    \n        exception_class: Type[WebDriverException]\n        if status in ErrorCode.NO_SUCH_ELEMENT:\n            exception_class = NoSuchElementException\n        elif status in ErrorCode.NO_SUCH_FRAME:\n            exception_class = NoSuchFrameException\n        elif status in ErrorCode.NO_SUCH_SHADOW_ROOT:\n            exception_class = NoSuchShadowRootException\n        elif status in ErrorCode.NO_SUCH_WINDOW:\n            exception_class = NoSuchWindowException\n        elif status in ErrorCode.STALE_ELEMENT_REFERENCE:\n            exception_class = StaleElementReferenceException\n        elif status in ErrorCode.ELEMENT_NOT_VISIBLE:\n            exception_class = ElementNotVisibleException\n        elif status in ErrorCode.INVALID_ELEMENT_STATE:\n            exception_class = InvalidElementStateException\n        elif (\n            status in ErrorCode.INVALID_SELECTOR\n            or status in ErrorCode.INVALID_XPATH_SELECTOR\n            or status in ErrorCode.INVALID_XPATH_SELECTOR_RETURN_TYPER\n        ):\n            exception_class = InvalidSelectorException\n        elif status in ErrorCode.ELEMENT_IS_NOT_SELECTABLE:\n            exception_class = ElementNotSelectableException\n        elif status in ErrorCode.ELEMENT_NOT_INTERACTABLE:\n            exception_class = ElementNotInteractableException\n        elif status in ErrorCode.INVALID_COOKIE_DOMAIN:\n            exception_class = InvalidCookieDomainException\n        elif status in ErrorCode.UNABLE_TO_SET_COOKIE:\n            exception_class = UnableToSetCookieException\n        elif status in ErrorCode.TIMEOUT:\n            exception_class = TimeoutException\n        elif status in ErrorCode.SCRIPT_TIMEOUT:\n            exception_class = TimeoutException\n        elif status in ErrorCode.UNKNOWN_ERROR:\n            exception_class = WebDriverException\n        elif status in ErrorCode.UNEXPECTED_ALERT_OPEN:\n            exception_class = UnexpectedAlertPresentException\n        elif status in ErrorCode.NO_ALERT_OPEN:\n            exception_class = NoAlertPresentException\n        elif status in ErrorCode.IME_NOT_AVAILABLE:\n            exception_class = ImeNotAvailableException\n        elif status in ErrorCode.IME_ENGINE_ACTIVATION_FAILED:\n            exception_class = ImeActivationFailedException\n        elif status in ErrorCode.MOVE_TARGET_OUT_OF_BOUNDS:\n            exception_class = MoveTargetOutOfBoundsException\n        elif status in ErrorCode.JAVASCRIPT_ERROR:\n            exception_class = JavascriptException\n        elif status in ErrorCode.SESSION_NOT_CREATED:\n            exception_class = SessionNotCreatedException\n        elif status in ErrorCode.INVALID_ARGUMENT:\n            exception_class = InvalidArgumentException\n        elif status in ErrorCode.NO_SUCH_COOKIE:\n            exception_class = NoSuchCookieException\n        elif status in ErrorCode.UNABLE_TO_CAPTURE_SCREEN:\n            exception_class = ScreenshotException\n        elif status in ErrorCode.ELEMENT_CLICK_INTERCEPTED:\n            exception_class = ElementClickInterceptedException\n        elif status in ErrorCode.INSECURE_CERTIFICATE:\n            exception_class = InsecureCertificateException\n        elif status in ErrorCode.INVALID_COORDINATES:\n            exception_class = InvalidCoordinatesException\n        elif status in ErrorCode.INVALID_SESSION_ID:\n            exception_class = InvalidSessionIdException\n        elif status in ErrorCode.UNKNOWN_METHOD:\n            exception_class = UnknownMethodException\n        else:\n            exception_class = WebDriverException\n        if not value:\n            value = response[\"value\"]\n        if isinstance(value, str):\n            raise exception_class(value)\n        if message == \"\" and \"message\" in value:\n            message = value[\"message\"]\n    \n        screen = None  # type: ignore[assignment]\n        if \"screen\" in value:\n            screen = value[\"screen\"]\n    \n        stacktrace = None\n        st_value = value.get(\"stackTrace\") or value.get(\"stacktrace\")\n        if st_value:\n            if isinstance(st_value, str):\n                stacktrace = st_value.split(\"\\n\")\n            else:\n                stacktrace = []\n                try:\n                    for frame in st_value:\n                        line = frame.get(\"lineNumber\", \"\")\n                        file = frame.get(\"fileName\", \"<anonymous>\")\n                        if line:\n                            file = f\"{file}:{line}\"\n                        meth = frame.get(\"methodName\", \"<anonymous>\")\n                        if \"className\" in frame:\n                            meth = f\"{frame['className']}.{meth}\"\n                        msg = \"    at %s (%s)\"\n                        msg = msg % (meth, file)\n                        stacktrace.append(msg)\n                except TypeError:\n                    pass\n        if exception_class == UnexpectedAlertPresentException:\n            alert_text = None\n            if \"data\" in value:\n                alert_text = value[\"data\"].get(\"text\")\n            elif \"alert\" in value:\n                alert_text = value[\"alert\"].get(\"text\")\n            raise exception_class(message, screen, stacktrace, alert_text)  # type: ignore[call-arg]  # mypy is not smart enough here\n>       raise exception_class(message, screen, stacktrace)\nE       selenium.common.exceptions.NoSuchElementException: Message: no such element: Unable to locate element: {\"method\":\"xpath\",\"selector\":\"(//a[contains(text(), 'Акции')])[2]\"}\nE         (Session info: chrome-headless-shell=122.0.6261.94); For documentation on this error, please visit: https://www.selenium.dev/documentation/webdriver/troubleshooting/errors#no-such-element-exception\nE       Stacktrace:\nE       #0 0x564a40769e93 <unknown>\nE       #1 0x564a40461ce6 <unknown>\nE       #2 0x564a404ace48 <unknown>\nE       #3 0x564a404acf01 <unknown>\nE       #4 0x564a404f03f4 <unknown>\nE       #5 0x564a404ceedd <unknown>\nE       #6 0x564a404ed899 <unknown>\nE       #7 0x564a404cec53 <unknown>\nE       #8 0x564a4049fdb3 <unknown>\nE       #9 0x564a404a077e <unknown>\nE       #10 0x564a4072f7cb <unknown>\nE       #11 0x564a407337e5 <unknown>\nE       #12 0x564a4071d0e1 <unknown>\nE       #13 0x564a40734372 <unknown>\nE       #14 0x564a407011bf <unknown>\nE       #15 0x564a40758488 <unknown>\nE       #16 0x564a40758683 <unknown>\nE       #17 0x564a40769044 <unknown>\nE       #18 0x7fa048e3d134 <unknown>\n\n/usr/local/lib/python3.11/site-packages/selenium/webdriver/remote/errorhandler.py:245: NoSuchElementException","steps":[{"name":"Проверка функциональности ссылки 'Акции'","time":{"start":1709600598821,"stop":1709600598834,"duration":13},"status":"broken","statusMessage":"selenium.common.exceptions.NoSuchElementException: Message: no such element: Unable to locate element: {\"method\":\"xpath\",\"selector\":\"(//a[contains(text(), 'Акции')])[2]\"}\n  (Session info: chrome-headless-shell=122.0.6261.94); For documentation on this error, please visit: https://www.selenium.dev/documentation/webdriver/troubleshooting/errors#no-such-element-exception\nStacktrace:\n#0 0x564a40769e93 <unknown>\n#1 0x564a40461ce6 <unknown>\n#2 0x564a404ace48 <unknown>\n#3 0x564a404acf01 <unknown>\n#4 0x564a404f03f4 <unknown>\n#5 0x564a404ceedd <unknown>\n#6 0x564a404ed899 <unknown>\n#7 0x564a404cec53 <unknown>\n#8 0x564a4049fdb3 <unknown>\n#9 0x564a404a077e <unknown>\n#10 0x564a4072f7cb <unknown>\n#11 0x564a407337e5 <unknown>\n#12 0x564a4071d0e1 <unknown>\n#13 0x564a40734372 <unknown>\n#14 0x564a407011bf <unknown>\n#15 0x564a40758488 <unknown>\n#16 0x564a40758683 <unknown>\n#17 0x564a40769044 <unknown>\n#18 0x7fa048e3d134 <unknown>\n\n","statusTrace":"  File \"/usr/local/lib/python3.11/site-packages/allure_commons/_allure.py\", line 192, in impl\n    return func(*a, **kw)\n           ^^^^^^^^^^^^^^\n  File \"/app/pages/main_page.py\", line 188, in check_shares_link\n    self.driver.find_element(*self._shares_link).click()\n    ^^^^^^^^^^^^^^^^^^^^^^^^^^^^^^^^^^^^^^^^^^^^\n  File \"/usr/local/lib/python3.11/site-packages/selenium/webdriver/remote/webdriver.py\", line 740, in find_element\n    return self.execute(Command.FIND_ELEMENT, {\"using\": by, \"value\": value})[\"value\"]\n           ^^^^^^^^^^^^^^^^^^^^^^^^^^^^^^^^^^^^^^^^^^^^^^^^^^^^^^^^^^^^^^^^^\n  File \"/usr/local/lib/python3.11/site-packages/selenium/webdriver/remote/webdriver.py\", line 346, in execute\n    self.error_handler.check_response(response)\n  File \"/usr/local/lib/python3.11/site-packages/selenium/webdriver/remote/errorhandler.py\", line 245, in check_response\n    raise exception_class(message, screen, stacktrace)\n","steps":[],"attachments":[],"parameters":[],"shouldDisplayMessage":true,"stepsCount":0,"attachmentsCount":0,"hasContent":true,"attachmentStep":false}],"attachments":[{"uid":"38bdd523d9014aa5","name":"Screenshot","source":"38bdd523d9014aa5.png","type":"image/png","size":39106},{"uid":"ab7ca1834a858de7","name":"HTML source","source":"ab7ca1834a858de7.html","type":"text/html","size":538}],"parameters":[],"shouldDisplayMessage":true,"stepsCount":1,"attachmentsCount":2,"hasContent":true,"attachmentStep":false},"afterStages":[{"name":"setup::0","time":{"start":1709600598958,"stop":1709600598958,"duration":0},"status":"passed","steps":[],"attachments":[],"parameters":[],"shouldDisplayMessage":false,"stepsCount":0,"attachmentsCount":0,"hasContent":false,"attachmentStep":false},{"name":"driver::0","time":{"start":1709600598959,"stop":1709600599016,"duration":57},"status":"passed","steps":[],"attachments":[],"parameters":[],"shouldDisplayMessage":false,"stepsCount":0,"attachmentsCount":0,"hasContent":false,"attachmentStep":false}],"labels":[{"name":"epic","value":"Main Page"},{"name":"feature","value":"Footer functionality"},{"name":"tag","value":"smoke_test"},{"name":"parentSuite","value":"tests"},{"name":"suite","value":"test_main_page"},{"name":"subSuite","value":"TestMainPage"},{"name":"host","value":"315955f8f545"},{"name":"thread","value":"1-MainThread"},{"name":"framework","value":"pytest"},{"name":"language","value":"cpython3"},{"name":"package","value":"tests.test_main_page"},{"name":"resultFormat","value":"allure2"}],"parameters":[{"name":"url","value":"'https://test2.stroyrem-nn.ru/'"}],"links":[],"hidden":false,"retry":false,"extra":{"severity":"normal","retries":[],"categories":[{"name":"Test defects","matchedStatuses":[],"flaky":false}],"history":{"statistic":{"failed":0,"broken":175,"skipped":0,"passed":34,"unknown":0,"total":209},"items":[{"uid":"77223f9f9cdc5ebd","reportUrl":"https://zaelcovsky.github.io/StroyremAutomation/251//#testresult/77223f9f9cdc5ebd","status":"broken","statusDetails":"selenium.common.exceptions.NoSuchElementException: Message: no such element: Unable to locate element: {\"method\":\"xpath\",\"selector\":\"(//a[contains(text(), 'Акции')])[2]\"}\n  (Session info: chrome-headless-shell=122.0.6261.94); For documentation on this error, please visit: https://www.selenium.dev/documentation/webdriver/troubleshooting/errors#no-such-element-exception\nStacktrace:\n#0 0x55976dd9ce93 <unknown>\n#1 0x55976da94ce6 <unknown>\n#2 0x55976dadfe48 <unknown>\n#3 0x55976dadff01 <unknown>\n#4 0x55976db233f4 <unknown>\n#5 0x55976db01edd <unknown>\n#6 0x55976db20899 <unknown>\n#7 0x55976db01c53 <unknown>\n#8 0x55976dad2db3 <unknown>\n#9 0x55976dad377e <unknown>\n#10 0x55976dd627cb <unknown>\n#11 0x55976dd667e5 <unknown>\n#12 0x55976dd500e1 <unknown>\n#13 0x55976dd67372 <unknown>\n#14 0x55976dd341bf <unknown>\n#15 0x55976dd8b488 <unknown>\n#16 0x55976dd8b683 <unknown>\n#17 0x55976dd9c044 <unknown>\n#18 0x7fe33ebf6134 <unknown>","time":{"start":1709514257043,"stop":1709514257057,"duration":14}},{"uid":"d2fc27535f3407ef","reportUrl":"https://zaelcovsky.github.io/StroyremAutomation/250//#testresult/d2fc27535f3407ef","status":"broken","statusDetails":"selenium.common.exceptions.NoSuchElementException: Message: no such element: Unable to locate element: {\"method\":\"xpath\",\"selector\":\"(//a[contains(text(), 'Акции')])[2]\"}\n  (Session info: chrome-headless-shell=122.0.6261.94); For documentation on this error, please visit: https://www.selenium.dev/documentation/webdriver/troubleshooting/errors#no-such-element-exception\nStacktrace:\n#0 0x55920bd1fe93 <unknown>\n#1 0x55920ba17ce6 <unknown>\n#2 0x55920ba62e48 <unknown>\n#3 0x55920ba62f01 <unknown>\n#4 0x55920baa63f4 <unknown>\n#5 0x55920ba84edd <unknown>\n#6 0x55920baa3899 <unknown>\n#7 0x55920ba84c53 <unknown>\n#8 0x55920ba55db3 <unknown>\n#9 0x55920ba5677e <unknown>\n#10 0x55920bce57cb <unknown>\n#11 0x55920bce97e5 <unknown>\n#12 0x55920bcd30e1 <unknown>\n#13 0x55920bcea372 <unknown>\n#14 0x55920bcb71bf <unknown>\n#15 0x55920bd0e488 <unknown>\n#16 0x55920bd0e683 <unknown>\n#17 0x55920bd1f044 <unknown>\n#18 0x7fbd939d0134 <unknown>","time":{"start":1709428056739,"stop":1709428056752,"duration":13}},{"uid":"5549da76a298fb27","reportUrl":"https://zaelcovsky.github.io/StroyremAutomation/249//#testresult/5549da76a298fb27","status":"broken","statusDetails":"selenium.common.exceptions.NoSuchElementException: Message: no such element: Unable to locate element: {\"method\":\"xpath\",\"selector\":\"(//a[contains(text(), 'Акции')])[2]\"}\n  (Session info: chrome-headless-shell=122.0.6261.94); For documentation on this error, please visit: https://www.selenium.dev/documentation/webdriver/troubleshooting/errors#no-such-element-exception\nStacktrace:\n#0 0x55fecc7c7e93 <unknown>\n#1 0x55fecc4bfce6 <unknown>\n#2 0x55fecc50ae48 <unknown>\n#3 0x55fecc50af01 <unknown>\n#4 0x55fecc54e3f4 <unknown>\n#5 0x55fecc52cedd <unknown>\n#6 0x55fecc54b899 <unknown>\n#7 0x55fecc52cc53 <unknown>\n#8 0x55fecc4fddb3 <unknown>\n#9 0x55fecc4fe77e <unknown>\n#10 0x55fecc78d7cb <unknown>\n#11 0x55fecc7917e5 <unknown>\n#12 0x55fecc77b0e1 <unknown>\n#13 0x55fecc792372 <unknown>\n#14 0x55fecc75f1bf <unknown>\n#15 0x55fecc7b6488 <unknown>\n#16 0x55fecc7b6683 <unknown>\n#17 0x55fecc7c7044 <unknown>\n#18 0x7f7eccd86134 <unknown>","time":{"start":1709341396827,"stop":1709341396840,"duration":13}},{"uid":"48aee1b33e4e92ab","reportUrl":"https://zaelcovsky.github.io/StroyremAutomation/248//#testresult/48aee1b33e4e92ab","status":"broken","statusDetails":"selenium.common.exceptions.NoSuchElementException: Message: no such element: Unable to locate element: {\"method\":\"xpath\",\"selector\":\"(//a[contains(text(), 'Акции')])[2]\"}\n  (Session info: chrome-headless-shell=122.0.6261.94); For documentation on this error, please visit: https://www.selenium.dev/documentation/webdriver/troubleshooting/errors#no-such-element-exception\nStacktrace:\n#0 0x55cd73539e93 <unknown>\n#1 0x55cd73231ce6 <unknown>\n#2 0x55cd7327ce48 <unknown>\n#3 0x55cd7327cf01 <unknown>\n#4 0x55cd732c03f4 <unknown>\n#5 0x55cd7329eedd <unknown>\n#6 0x55cd732bd899 <unknown>\n#7 0x55cd7329ec53 <unknown>\n#8 0x55cd7326fdb3 <unknown>\n#9 0x55cd7327077e <unknown>\n#10 0x55cd734ff7cb <unknown>\n#11 0x55cd735037e5 <unknown>\n#12 0x55cd734ed0e1 <unknown>\n#13 0x55cd73504372 <unknown>\n#14 0x55cd734d11bf <unknown>\n#15 0x55cd73528488 <unknown>\n#16 0x55cd73528683 <unknown>\n#17 0x55cd73539044 <unknown>\n#18 0x7f5165bfa134 <unknown>","time":{"start":1709255345764,"stop":1709255345777,"duration":13}},{"uid":"e34e08efddf0ddcb","reportUrl":"https://zaelcovsky.github.io/StroyremAutomation/247//#testresult/e34e08efddf0ddcb","status":"broken","statusDetails":"selenium.common.exceptions.NoSuchElementException: Message: no such element: Unable to locate element: {\"method\":\"xpath\",\"selector\":\"(//a[contains(text(), 'Акции')])[2]\"}\n  (Session info: chrome-headless-shell=122.0.6261.94); For documentation on this error, please visit: https://www.selenium.dev/documentation/webdriver/troubleshooting/errors#no-such-element-exception\nStacktrace:\n#0 0x56164a2aae93 <unknown>\n#1 0x561649fa2ce6 <unknown>\n#2 0x561649fede48 <unknown>\n#3 0x561649fedf01 <unknown>\n#4 0x56164a0313f4 <unknown>\n#5 0x56164a00fedd <unknown>\n#6 0x56164a02e899 <unknown>\n#7 0x56164a00fc53 <unknown>\n#8 0x561649fe0db3 <unknown>\n#9 0x561649fe177e <unknown>\n#10 0x56164a2707cb <unknown>\n#11 0x56164a2747e5 <unknown>\n#12 0x56164a25e0e1 <unknown>\n#13 0x56164a275372 <unknown>\n#14 0x56164a2421bf <unknown>\n#15 0x56164a299488 <unknown>\n#16 0x56164a299683 <unknown>\n#17 0x56164a2aa044 <unknown>\n#18 0x7ff47f509134 <unknown>","time":{"start":1709168607005,"stop":1709168607019,"duration":14}},{"uid":"553f49183157c1f6","reportUrl":"https://zaelcovsky.github.io/StroyremAutomation/246//#testresult/553f49183157c1f6","status":"broken","statusDetails":"selenium.common.exceptions.NoSuchElementException: Message: no such element: Unable to locate element: {\"method\":\"xpath\",\"selector\":\"(//a[contains(text(), 'Акции')])[2]\"}\n  (Session info: chrome-headless-shell=122.0.6261.94); For documentation on this error, please visit: https://www.selenium.dev/documentation/webdriver/troubleshooting/errors#no-such-element-exception\nStacktrace:\n#0 0x555a8e374e93 <unknown>\n#1 0x555a8e06cce6 <unknown>\n#2 0x555a8e0b7e48 <unknown>\n#3 0x555a8e0b7f01 <unknown>\n#4 0x555a8e0fb3f4 <unknown>\n#5 0x555a8e0d9edd <unknown>\n#6 0x555a8e0f8899 <unknown>\n#7 0x555a8e0d9c53 <unknown>\n#8 0x555a8e0aadb3 <unknown>\n#9 0x555a8e0ab77e <unknown>\n#10 0x555a8e33a7cb <unknown>\n#11 0x555a8e33e7e5 <unknown>\n#12 0x555a8e3280e1 <unknown>\n#13 0x555a8e33f372 <unknown>\n#14 0x555a8e30c1bf <unknown>\n#15 0x555a8e363488 <unknown>\n#16 0x555a8e363683 <unknown>\n#17 0x555a8e374044 <unknown>\n#18 0x7f4f1e189134 <unknown>","time":{"start":1709082217837,"stop":1709082217851,"duration":14}},{"uid":"a06355136c91a24e","reportUrl":"https://zaelcovsky.github.io/StroyremAutomation/245//#testresult/a06355136c91a24e","status":"broken","statusDetails":"selenium.common.exceptions.NoSuchElementException: Message: no such element: Unable to locate element: {\"method\":\"xpath\",\"selector\":\"(//a[contains(text(), 'Акции')])[2]\"}\n  (Session info: chrome-headless-shell=122.0.6261.69); For documentation on this error, please visit: https://www.selenium.dev/documentation/webdriver/troubleshooting/errors#no-such-element-exception\nStacktrace:\n#0 0x563b50cbd793 <unknown>\n#1 0x563b509b11c6 <unknown>\n#2 0x563b509fc358 <unknown>\n#3 0x563b509fc411 <unknown>\n#4 0x563b50a3f934 <unknown>\n#5 0x563b50a1e3fd <unknown>\n#6 0x563b50a3cdd9 <unknown>\n#7 0x563b50a1e173 <unknown>\n#8 0x563b509ef2d3 <unknown>\n#9 0x563b509efc9e <unknown>\n#10 0x563b50c818cb <unknown>\n#11 0x563b50c85745 <unknown>\n#12 0x563b50c6e2e1 <unknown>\n#13 0x563b50c862d2 <unknown>\n#14 0x563b50c5217f <unknown>\n#15 0x563b50cabdc8 <unknown>\n#16 0x563b50cabfc3 <unknown>\n#17 0x563b50cbc944 <unknown>\n#18 0x7f9340417134 <unknown>","time":{"start":1708995840185,"stop":1708995840199,"duration":14}},{"uid":"3dae0fe836582e65","reportUrl":"https://zaelcovsky.github.io/StroyremAutomation/244//#testresult/3dae0fe836582e65","status":"broken","statusDetails":"selenium.common.exceptions.NoSuchElementException: Message: no such element: Unable to locate element: {\"method\":\"xpath\",\"selector\":\"(//a[contains(text(), 'Акции')])[2]\"}\n  (Session info: chrome-headless-shell=122.0.6261.69); For documentation on this error, please visit: https://www.selenium.dev/documentation/webdriver/troubleshooting/errors#no-such-element-exception\nStacktrace:\n#0 0x560c43184793 <unknown>\n#1 0x560c42e781c6 <unknown>\n#2 0x560c42ec3358 <unknown>\n#3 0x560c42ec3411 <unknown>\n#4 0x560c42f06934 <unknown>\n#5 0x560c42ee53fd <unknown>\n#6 0x560c42f03dd9 <unknown>\n#7 0x560c42ee5173 <unknown>\n#8 0x560c42eb62d3 <unknown>\n#9 0x560c42eb6c9e <unknown>\n#10 0x560c431488cb <unknown>\n#11 0x560c4314c745 <unknown>\n#12 0x560c431352e1 <unknown>\n#13 0x560c4314d2d2 <unknown>\n#14 0x560c4311917f <unknown>\n#15 0x560c43172dc8 <unknown>\n#16 0x560c43172fc3 <unknown>\n#17 0x560c43183944 <unknown>\n#18 0x7fe74df0b134 <unknown>","time":{"start":1708909479200,"stop":1708909479213,"duration":13}},{"uid":"8eb8016ad2d05622","reportUrl":"https://zaelcovsky.github.io/StroyremAutomation/243//#testresult/8eb8016ad2d05622","status":"broken","statusDetails":"selenium.common.exceptions.NoSuchElementException: Message: no such element: Unable to locate element: {\"method\":\"xpath\",\"selector\":\"(//a[contains(text(), 'Акции')])[2]\"}\n  (Session info: chrome-headless-shell=122.0.6261.69); For documentation on this error, please visit: https://www.selenium.dev/documentation/webdriver/troubleshooting/errors#no-such-element-exception\nStacktrace:\n#0 0x562374b6a793 <unknown>\n#1 0x56237485e1c6 <unknown>\n#2 0x5623748a9358 <unknown>\n#3 0x5623748a9411 <unknown>\n#4 0x5623748ec934 <unknown>\n#5 0x5623748cb3fd <unknown>\n#6 0x5623748e9dd9 <unknown>\n#7 0x5623748cb173 <unknown>\n#8 0x56237489c2d3 <unknown>\n#9 0x56237489cc9e <unknown>\n#10 0x562374b2e8cb <unknown>\n#11 0x562374b32745 <unknown>\n#12 0x562374b1b2e1 <unknown>\n#13 0x562374b332d2 <unknown>\n#14 0x562374aff17f <unknown>\n#15 0x562374b58dc8 <unknown>\n#16 0x562374b58fc3 <unknown>\n#17 0x562374b69944 <unknown>\n#18 0x7fbd99637134 <unknown>","time":{"start":1708823262840,"stop":1708823262853,"duration":13}},{"uid":"928e80dd84466cf1","reportUrl":"https://zaelcovsky.github.io/StroyremAutomation/242//#testresult/928e80dd84466cf1","status":"broken","statusDetails":"selenium.common.exceptions.NoSuchElementException: Message: no such element: Unable to locate element: {\"method\":\"xpath\",\"selector\":\"(//a[contains(text(), 'Акции')])[2]\"}\n  (Session info: chrome-headless-shell=122.0.6261.69); For documentation on this error, please visit: https://www.selenium.dev/documentation/webdriver/troubleshooting/errors#no-such-element-exception\nStacktrace:\n#0 0x556be4754793 <unknown>\n#1 0x556be44481c6 <unknown>\n#2 0x556be4493358 <unknown>\n#3 0x556be4493411 <unknown>\n#4 0x556be44d6934 <unknown>\n#5 0x556be44b53fd <unknown>\n#6 0x556be44d3dd9 <unknown>\n#7 0x556be44b5173 <unknown>\n#8 0x556be44862d3 <unknown>\n#9 0x556be4486c9e <unknown>\n#10 0x556be47188cb <unknown>\n#11 0x556be471c745 <unknown>\n#12 0x556be47052e1 <unknown>\n#13 0x556be471d2d2 <unknown>\n#14 0x556be46e917f <unknown>\n#15 0x556be4742dc8 <unknown>\n#16 0x556be4742fc3 <unknown>\n#17 0x556be4753944 <unknown>\n#18 0x7fdca0f0f134 <unknown>","time":{"start":1708736540831,"stop":1708736540845,"duration":14}},{"uid":"ec37d5926510d392","reportUrl":"https://zaelcovsky.github.io/StroyremAutomation/241//#testresult/ec37d5926510d392","status":"broken","statusDetails":"selenium.common.exceptions.NoSuchElementException: Message: no such element: Unable to locate element: {\"method\":\"xpath\",\"selector\":\"(//a[contains(text(), 'Акции')])[2]\"}\n  (Session info: chrome-headless-shell=122.0.6261.69); For documentation on this error, please visit: https://www.selenium.dev/documentation/webdriver/troubleshooting/errors#no-such-element-exception\nStacktrace:\n#0 0x5611056fd793 <unknown>\n#1 0x5611053f11c6 <unknown>\n#2 0x56110543c358 <unknown>\n#3 0x56110543c411 <unknown>\n#4 0x56110547f934 <unknown>\n#5 0x56110545e3fd <unknown>\n#6 0x56110547cdd9 <unknown>\n#7 0x56110545e173 <unknown>\n#8 0x56110542f2d3 <unknown>\n#9 0x56110542fc9e <unknown>\n#10 0x5611056c18cb <unknown>\n#11 0x5611056c5745 <unknown>\n#12 0x5611056ae2e1 <unknown>\n#13 0x5611056c62d2 <unknown>\n#14 0x56110569217f <unknown>\n#15 0x5611056ebdc8 <unknown>\n#16 0x5611056ebfc3 <unknown>\n#17 0x5611056fc944 <unknown>\n#18 0x7f4c44121134 <unknown>","time":{"start":1708650161941,"stop":1708650161955,"duration":14}},{"uid":"542d70a3b2c1d025","reportUrl":"https://zaelcovsky.github.io/StroyremAutomation/240//#testresult/542d70a3b2c1d025","status":"broken","statusDetails":"selenium.common.exceptions.NoSuchElementException: Message: no such element: Unable to locate element: {\"method\":\"xpath\",\"selector\":\"(//a[contains(text(), 'Акции')])[2]\"}\n  (Session info: chrome-headless-shell=122.0.6261.57); For documentation on this error, please visit: https://www.selenium.dev/documentation/webdriver/troubleshooting/errors#no-such-element-exception\nStacktrace:\n#0 0x555582e687d3 <unknown>\n#1 0x555582b5c1c6 <unknown>\n#2 0x555582ba7358 <unknown>\n#3 0x555582ba7411 <unknown>\n#4 0x555582bea934 <unknown>\n#5 0x555582bc93fd <unknown>\n#6 0x555582be7dd9 <unknown>\n#7 0x555582bc9173 <unknown>\n#8 0x555582b9a2d3 <unknown>\n#9 0x555582b9ac9e <unknown>\n#10 0x555582e2c90b <unknown>\n#11 0x555582e30785 <unknown>\n#12 0x555582e19321 <unknown>\n#13 0x555582e31312 <unknown>\n#14 0x555582dfd1bf <unknown>\n#15 0x555582e56e08 <unknown>\n#16 0x555582e57003 <unknown>\n#17 0x555582e67984 <unknown>\n#18 0x7fd884abf134 <unknown>","time":{"start":1708563796690,"stop":1708563796703,"duration":13}},{"uid":"2baa0d5d936e52b4","reportUrl":"https://zaelcovsky.github.io/StroyremAutomation/239//#testresult/2baa0d5d936e52b4","status":"broken","statusDetails":"selenium.common.exceptions.NoSuchElementException: Message: no such element: Unable to locate element: {\"method\":\"xpath\",\"selector\":\"(//a[contains(text(), 'Акции')])[2]\"}\n  (Session info: chrome-headless-shell=122.0.6261.57); For documentation on this error, please visit: https://www.selenium.dev/documentation/webdriver/troubleshooting/errors#no-such-element-exception\nStacktrace:\n#0 0x55ea3377c7d3 <unknown>\n#1 0x55ea334701c6 <unknown>\n#2 0x55ea334bb358 <unknown>\n#3 0x55ea334bb411 <unknown>\n#4 0x55ea334fe934 <unknown>\n#5 0x55ea334dd3fd <unknown>\n#6 0x55ea334fbdd9 <unknown>\n#7 0x55ea334dd173 <unknown>\n#8 0x55ea334ae2d3 <unknown>\n#9 0x55ea334aec9e <unknown>\n#10 0x55ea3374090b <unknown>\n#11 0x55ea33744785 <unknown>\n#12 0x55ea3372d321 <unknown>\n#13 0x55ea33745312 <unknown>\n#14 0x55ea337111bf <unknown>\n#15 0x55ea3376ae08 <unknown>\n#16 0x55ea3376b003 <unknown>\n#17 0x55ea3377b984 <unknown>\n#18 0x7f0a36159134 <unknown>","time":{"start":1708477454549,"stop":1708477454562,"duration":13}},{"uid":"dc2f26e87875593e","reportUrl":"https://zaelcovsky.github.io/StroyremAutomation/238//#testresult/dc2f26e87875593e","status":"broken","statusDetails":"selenium.common.exceptions.NoSuchElementException: Message: no such element: Unable to locate element: {\"method\":\"xpath\",\"selector\":\"(//a[contains(text(), 'Акции')])[2]\"}\n  (Session info: chrome-headless-shell=121.0.6167.184); For documentation on this error, please visit: https://www.selenium.dev/documentation/webdriver/troubleshooting/errors#no-such-element-exception\nStacktrace:\n#0 0x563a52f49303 <unknown>\n#1 0x563a52c2e2b7 <unknown>\n#2 0x563a52c79cc0 <unknown>\n#3 0x563a52c79db1 <unknown>\n#4 0x563a52cbdb44 <unknown>\n#5 0x563a52c9c3ad <unknown>\n#6 0x563a52cbb07c <unknown>\n#7 0x563a52c9c123 <unknown>\n#8 0x563a52c6c095 <unknown>\n#9 0x563a52c6d09e <unknown>\n#10 0x563a52f0d6ab <unknown>\n#11 0x563a52f114ba <unknown>\n#12 0x563a52ef9f85 <unknown>\n#13 0x563a52f1212f <unknown>\n#14 0x563a52edde6f <unknown>\n#15 0x563a52f365f8 <unknown>\n#16 0x563a52f367c2 <unknown>\n#17 0x563a52f484a4 <unknown>\n#18 0x7faf934e9134 <unknown>","time":{"start":1708390985921,"stop":1708390985935,"duration":14}},{"uid":"12ac58fbdd623277","reportUrl":"https://zaelcovsky.github.io/StroyremAutomation/237//#testresult/12ac58fbdd623277","status":"broken","statusDetails":"selenium.common.exceptions.NoSuchElementException: Message: no such element: Unable to locate element: {\"method\":\"xpath\",\"selector\":\"(//a[contains(text(), 'Акции')])[2]\"}\n  (Session info: chrome-headless-shell=121.0.6167.184); For documentation on this error, please visit: https://www.selenium.dev/documentation/webdriver/troubleshooting/errors#no-such-element-exception\nStacktrace:\n#0 0x56128bbfd303 <unknown>\n#1 0x56128b8e22b7 <unknown>\n#2 0x56128b92dcc0 <unknown>\n#3 0x56128b92ddb1 <unknown>\n#4 0x56128b971b44 <unknown>\n#5 0x56128b9503ad <unknown>\n#6 0x56128b96f07c <unknown>\n#7 0x56128b950123 <unknown>\n#8 0x56128b920095 <unknown>\n#9 0x56128b92109e <unknown>\n#10 0x56128bbc16ab <unknown>\n#11 0x56128bbc54ba <unknown>\n#12 0x56128bbadf85 <unknown>\n#13 0x56128bbc612f <unknown>\n#14 0x56128bb91e6f <unknown>\n#15 0x56128bbea5f8 <unknown>\n#16 0x56128bbea7c2 <unknown>\n#17 0x56128bbfc4a4 <unknown>\n#18 0x7f93c0292134 <unknown>","time":{"start":1708304775973,"stop":1708304775986,"duration":13}},{"uid":"b457bc4465b2fac6","reportUrl":"https://zaelcovsky.github.io/StroyremAutomation/236//#testresult/b457bc4465b2fac6","status":"broken","statusDetails":"selenium.common.exceptions.NoSuchElementException: Message: no such element: Unable to locate element: {\"method\":\"xpath\",\"selector\":\"(//a[contains(text(), 'Акции')])[2]\"}\n  (Session info: chrome-headless-shell=121.0.6167.184); For documentation on this error, please visit: https://www.selenium.dev/documentation/webdriver/troubleshooting/errors#no-such-element-exception\nStacktrace:\n#0 0x55a89bde0303 <unknown>\n#1 0x55a89bac52b7 <unknown>\n#2 0x55a89bb10cc0 <unknown>\n#3 0x55a89bb10db1 <unknown>\n#4 0x55a89bb54b44 <unknown>\n#5 0x55a89bb333ad <unknown>\n#6 0x55a89bb5207c <unknown>\n#7 0x55a89bb33123 <unknown>\n#8 0x55a89bb03095 <unknown>\n#9 0x55a89bb0409e <unknown>\n#10 0x55a89bda46ab <unknown>\n#11 0x55a89bda84ba <unknown>\n#12 0x55a89bd90f85 <unknown>\n#13 0x55a89bda912f <unknown>\n#14 0x55a89bd74e6f <unknown>\n#15 0x55a89bdcd5f8 <unknown>\n#16 0x55a89bdcd7c2 <unknown>\n#17 0x55a89bddf4a4 <unknown>\n#18 0x7fea7b1f9134 <unknown>","time":{"start":1708218480813,"stop":1708218480826,"duration":13}},{"uid":"b4a98c10149c7e1e","reportUrl":"https://zaelcovsky.github.io/StroyremAutomation/235//#testresult/b4a98c10149c7e1e","status":"broken","statusDetails":"selenium.common.exceptions.NoSuchElementException: Message: no such element: Unable to locate element: {\"method\":\"xpath\",\"selector\":\"(//a[contains(text(), 'Акции')])[2]\"}\n  (Session info: chrome-headless-shell=121.0.6167.184); For documentation on this error, please visit: https://www.selenium.dev/documentation/webdriver/troubleshooting/errors#no-such-element-exception\nStacktrace:\n#0 0x5610d202d303 <unknown>\n#1 0x5610d1d122b7 <unknown>\n#2 0x5610d1d5dcc0 <unknown>\n#3 0x5610d1d5ddb1 <unknown>\n#4 0x5610d1da1b44 <unknown>\n#5 0x5610d1d803ad <unknown>\n#6 0x5610d1d9f07c <unknown>\n#7 0x5610d1d80123 <unknown>\n#8 0x5610d1d50095 <unknown>\n#9 0x5610d1d5109e <unknown>\n#10 0x5610d1ff16ab <unknown>\n#11 0x5610d1ff54ba <unknown>\n#12 0x5610d1fddf85 <unknown>\n#13 0x5610d1ff612f <unknown>\n#14 0x5610d1fc1e6f <unknown>\n#15 0x5610d201a5f8 <unknown>\n#16 0x5610d201a7c2 <unknown>\n#17 0x5610d202c4a4 <unknown>\n#18 0x7f5c06d0f134 <unknown>","time":{"start":1708131779456,"stop":1708131779470,"duration":14}},{"uid":"d53d63d02ee7281c","reportUrl":"https://zaelcovsky.github.io/StroyremAutomation/234//#testresult/d53d63d02ee7281c","status":"broken","statusDetails":"selenium.common.exceptions.NoSuchElementException: Message: no such element: Unable to locate element: {\"method\":\"xpath\",\"selector\":\"(//a[contains(text(), 'Акции')])[2]\"}\n  (Session info: chrome-headless-shell=121.0.6167.85); For documentation on this error, please visit: https://www.selenium.dev/documentation/webdriver/troubleshooting/errors#no-such-element-exception\nStacktrace:\n#0 0x55ac9ee63d93 <unknown>\n#1 0x55ac9eb47337 <unknown>\n#2 0x55ac9eb92d60 <unknown>\n#3 0x55ac9eb92e51 <unknown>\n#4 0x55ac9ebd6bc4 <unknown>\n#5 0x55ac9ebb546d <unknown>\n#6 0x55ac9ebd412d <unknown>\n#7 0x55ac9ebb51e3 <unknown>\n#8 0x55ac9eb85135 <unknown>\n#9 0x55ac9eb8613e <unknown>\n#10 0x55ac9ee27e4b <unknown>\n#11 0x55ac9ee2bdfa <unknown>\n#12 0x55ac9ee146d5 <unknown>\n#13 0x55ac9ee2ca6f <unknown>\n#14 0x55ac9edf869f <unknown>\n#15 0x55ac9ee51098 <unknown>\n#16 0x55ac9ee51262 <unknown>\n#17 0x55ac9ee62f34 <unknown>\n#18 0x7f9bbb0d5134 <unknown>","time":{"start":1708045427801,"stop":1708045427815,"duration":14}},{"uid":"116a21044cebd469","reportUrl":"https://zaelcovsky.github.io/StroyremAutomation/233//#testresult/116a21044cebd469","status":"broken","statusDetails":"selenium.common.exceptions.NoSuchElementException: Message: no such element: Unable to locate element: {\"method\":\"xpath\",\"selector\":\"(//a[contains(text(), 'Акции')])[2]\"}\n  (Session info: chrome-headless-shell=121.0.6167.85); For documentation on this error, please visit: https://www.selenium.dev/documentation/webdriver/troubleshooting/errors#no-such-element-exception\nStacktrace:\n#0 0x55cf2b936d93 <unknown>\n#1 0x55cf2b61a337 <unknown>\n#2 0x55cf2b665d60 <unknown>\n#3 0x55cf2b665e51 <unknown>\n#4 0x55cf2b6a9bc4 <unknown>\n#5 0x55cf2b68846d <unknown>\n#6 0x55cf2b6a712d <unknown>\n#7 0x55cf2b6881e3 <unknown>\n#8 0x55cf2b658135 <unknown>\n#9 0x55cf2b65913e <unknown>\n#10 0x55cf2b8fae4b <unknown>\n#11 0x55cf2b8fedfa <unknown>\n#12 0x55cf2b8e76d5 <unknown>\n#13 0x55cf2b8ffa6f <unknown>\n#14 0x55cf2b8cb69f <unknown>\n#15 0x55cf2b924098 <unknown>\n#16 0x55cf2b924262 <unknown>\n#17 0x55cf2b935f34 <unknown>\n#18 0x7fb711e8c134 <unknown>","time":{"start":1707959114827,"stop":1707959114840,"duration":13}},{"uid":"ff152859fd7c2943","reportUrl":"https://zaelcovsky.github.io/StroyremAutomation/232//#testresult/ff152859fd7c2943","status":"broken","statusDetails":"selenium.common.exceptions.NoSuchElementException: Message: no such element: Unable to locate element: {\"method\":\"xpath\",\"selector\":\"(//a[contains(text(), 'Акции')])[2]\"}\n  (Session info: chrome-headless-shell=121.0.6167.85); For documentation on this error, please visit: https://www.selenium.dev/documentation/webdriver/troubleshooting/errors#no-such-element-exception\nStacktrace:\n#0 0x56100e15ed93 <unknown>\n#1 0x56100de42337 <unknown>\n#2 0x56100de8dd60 <unknown>\n#3 0x56100de8de51 <unknown>\n#4 0x56100ded1bc4 <unknown>\n#5 0x56100deb046d <unknown>\n#6 0x56100decf12d <unknown>\n#7 0x56100deb01e3 <unknown>\n#8 0x56100de80135 <unknown>\n#9 0x56100de8113e <unknown>\n#10 0x56100e122e4b <unknown>\n#11 0x56100e126dfa <unknown>\n#12 0x56100e10f6d5 <unknown>\n#13 0x56100e127a6f <unknown>\n#14 0x56100e0f369f <unknown>\n#15 0x56100e14c098 <unknown>\n#16 0x56100e14c262 <unknown>\n#17 0x56100e15df34 <unknown>\n#18 0x7f0315a25134 <unknown>","time":{"start":1707872675731,"stop":1707872675745,"duration":14}}]},"tags":["smoke_test"]},"source":"9e47cec709c22288.json","parameterValues":["'https://test2.stroyrem-nn.ru/'"]}