{"uid":"5b63cb5a4baba244","name":"TC 013 - Проверка функциональности ссылки 'Новинки'","fullName":"tests.test_main_page.TestMainPage#test_positive_footer_new_in_stock_smoke","historyId":"8106411f22e82ecfa99236e2b434caee","time":{"start":1702602551966,"stop":1702602551979,"duration":13},"status":"broken","statusMessage":"selenium.common.exceptions.NoSuchElementException: Message: no such element: Unable to locate element: {\"method\":\"xpath\",\"selector\":\"(//a[@href='/catalog/new'])[3]\"}\n  (Session info: chrome-headless-shell=120.0.6099.71); For documentation on this error, please visit: https://www.selenium.dev/documentation/webdriver/troubleshooting/errors#no-such-element-exception\nStacktrace:\n#0 0x555572561d33 <unknown>\n#1 0x55557221ef87 <unknown>\n#2 0x55557226ec0e <unknown>\n#3 0x55557226ed11 <unknown>\n#4 0x5555722ba004 <unknown>\n#5 0x55557229836d <unknown>\n#6 0x5555722b7297 <unknown>\n#7 0x5555722980e3 <unknown>\n#8 0x555572260044 <unknown>\n#9 0x55557226144e <unknown>\n#10 0x555572526861 <unknown>\n#11 0x55557252a785 <unknown>\n#12 0x555572514285 <unknown>\n#13 0x55557252b41f <unknown>\n#14 0x5555724f820f <unknown>\n#15 0x55557254f028 <unknown>\n#16 0x55557254f1f7 <unknown>\n#17 0x555572560ed4 <unknown>\n#18 0x7f7363e7b044 <unknown>","statusTrace":"self = <tests.test_main_page.TestMainPage object at 0x7f0d67053b50>\nmain_page = <pages.main_page.MainPage object at 0x7f0d67901e10>\n\n    @allure.feature(\"Footer functionality\")\n    @allure.title(\"TC 013 - Проверка функциональности ссылки 'Новинки'\")\n    @pytest.mark.smoke_test\n    def test_positive_footer_new_in_stock_smoke(self, main_page):\n        catalog_page = CatalogPage(main_page.driver)\n>       main_page.check_new_in_stock_link()\n\ntests/test_main_page.py:124: \n_ _ _ _ _ _ _ _ _ _ _ _ _ _ _ _ _ _ _ _ _ _ _ _ _ _ _ _ _ _ _ _ _ _ _ _ _ _ _ _ \npages/main_page.py:154: in check_new_in_stock_link\n    self.driver.find_element(*self._new_products_link).click()\n/usr/local/lib/python3.11/site-packages/selenium/webdriver/remote/webdriver.py:740: in find_element\n    return self.execute(Command.FIND_ELEMENT, {\"using\": by, \"value\": value})[\"value\"]\n/usr/local/lib/python3.11/site-packages/selenium/webdriver/remote/webdriver.py:346: in execute\n    self.error_handler.check_response(response)\n_ _ _ _ _ _ _ _ _ _ _ _ _ _ _ _ _ _ _ _ _ _ _ _ _ _ _ _ _ _ _ _ _ _ _ _ _ _ _ _ \n\nself = <selenium.webdriver.remote.errorhandler.ErrorHandler object at 0x7f0d66583510>\nresponse = {'status': 404, 'value': '{\"value\":{\"error\":\"no such element\",\"message\":\"no such element: Unable to locate element: {\\...\\\\n#16 0x55557254f1f7 \\\\u003Cunknown>\\\\n#17 0x555572560ed4 \\\\u003Cunknown>\\\\n#18 0x7f7363e7b044 \\\\u003Cunknown>\\\\n\"}}'}\n\n    def check_response(self, response: Dict[str, Any]) -> None:\n        \"\"\"Checks that a JSON response from the WebDriver does not have an\n        error.\n    \n        :Args:\n         - response - The JSON response from the WebDriver server as a dictionary\n           object.\n    \n        :Raises: If the response contains an error message.\n        \"\"\"\n        status = response.get(\"status\", None)\n        if not status or status == ErrorCode.SUCCESS:\n            return\n        value = None\n        message = response.get(\"message\", \"\")\n        screen: str = response.get(\"screen\", \"\")\n        stacktrace = None\n        if isinstance(status, int):\n            value_json = response.get(\"value\", None)\n            if value_json and isinstance(value_json, str):\n                import json\n    \n                try:\n                    value = json.loads(value_json)\n                    if len(value) == 1:\n                        value = value[\"value\"]\n                    status = value.get(\"error\", None)\n                    if not status:\n                        status = value.get(\"status\", ErrorCode.UNKNOWN_ERROR)\n                        message = value.get(\"value\") or value.get(\"message\")\n                        if not isinstance(message, str):\n                            value = message\n                            message = message.get(\"message\")\n                    else:\n                        message = value.get(\"message\", None)\n                except ValueError:\n                    pass\n    \n        exception_class: Type[WebDriverException]\n        if status in ErrorCode.NO_SUCH_ELEMENT:\n            exception_class = NoSuchElementException\n        elif status in ErrorCode.NO_SUCH_FRAME:\n            exception_class = NoSuchFrameException\n        elif status in ErrorCode.NO_SUCH_SHADOW_ROOT:\n            exception_class = NoSuchShadowRootException\n        elif status in ErrorCode.NO_SUCH_WINDOW:\n            exception_class = NoSuchWindowException\n        elif status in ErrorCode.STALE_ELEMENT_REFERENCE:\n            exception_class = StaleElementReferenceException\n        elif status in ErrorCode.ELEMENT_NOT_VISIBLE:\n            exception_class = ElementNotVisibleException\n        elif status in ErrorCode.INVALID_ELEMENT_STATE:\n            exception_class = InvalidElementStateException\n        elif (\n            status in ErrorCode.INVALID_SELECTOR\n            or status in ErrorCode.INVALID_XPATH_SELECTOR\n            or status in ErrorCode.INVALID_XPATH_SELECTOR_RETURN_TYPER\n        ):\n            exception_class = InvalidSelectorException\n        elif status in ErrorCode.ELEMENT_IS_NOT_SELECTABLE:\n            exception_class = ElementNotSelectableException\n        elif status in ErrorCode.ELEMENT_NOT_INTERACTABLE:\n            exception_class = ElementNotInteractableException\n        elif status in ErrorCode.INVALID_COOKIE_DOMAIN:\n            exception_class = InvalidCookieDomainException\n        elif status in ErrorCode.UNABLE_TO_SET_COOKIE:\n            exception_class = UnableToSetCookieException\n        elif status in ErrorCode.TIMEOUT:\n            exception_class = TimeoutException\n        elif status in ErrorCode.SCRIPT_TIMEOUT:\n            exception_class = TimeoutException\n        elif status in ErrorCode.UNKNOWN_ERROR:\n            exception_class = WebDriverException\n        elif status in ErrorCode.UNEXPECTED_ALERT_OPEN:\n            exception_class = UnexpectedAlertPresentException\n        elif status in ErrorCode.NO_ALERT_OPEN:\n            exception_class = NoAlertPresentException\n        elif status in ErrorCode.IME_NOT_AVAILABLE:\n            exception_class = ImeNotAvailableException\n        elif status in ErrorCode.IME_ENGINE_ACTIVATION_FAILED:\n            exception_class = ImeActivationFailedException\n        elif status in ErrorCode.MOVE_TARGET_OUT_OF_BOUNDS:\n            exception_class = MoveTargetOutOfBoundsException\n        elif status in ErrorCode.JAVASCRIPT_ERROR:\n            exception_class = JavascriptException\n        elif status in ErrorCode.SESSION_NOT_CREATED:\n            exception_class = SessionNotCreatedException\n        elif status in ErrorCode.INVALID_ARGUMENT:\n            exception_class = InvalidArgumentException\n        elif status in ErrorCode.NO_SUCH_COOKIE:\n            exception_class = NoSuchCookieException\n        elif status in ErrorCode.UNABLE_TO_CAPTURE_SCREEN:\n            exception_class = ScreenshotException\n        elif status in ErrorCode.ELEMENT_CLICK_INTERCEPTED:\n            exception_class = ElementClickInterceptedException\n        elif status in ErrorCode.INSECURE_CERTIFICATE:\n            exception_class = InsecureCertificateException\n        elif status in ErrorCode.INVALID_COORDINATES:\n            exception_class = InvalidCoordinatesException\n        elif status in ErrorCode.INVALID_SESSION_ID:\n            exception_class = InvalidSessionIdException\n        elif status in ErrorCode.UNKNOWN_METHOD:\n            exception_class = UnknownMethodException\n        else:\n            exception_class = WebDriverException\n        if not value:\n            value = response[\"value\"]\n        if isinstance(value, str):\n            raise exception_class(value)\n        if message == \"\" and \"message\" in value:\n            message = value[\"message\"]\n    \n        screen = None  # type: ignore[assignment]\n        if \"screen\" in value:\n            screen = value[\"screen\"]\n    \n        stacktrace = None\n        st_value = value.get(\"stackTrace\") or value.get(\"stacktrace\")\n        if st_value:\n            if isinstance(st_value, str):\n                stacktrace = st_value.split(\"\\n\")\n            else:\n                stacktrace = []\n                try:\n                    for frame in st_value:\n                        line = frame.get(\"lineNumber\", \"\")\n                        file = frame.get(\"fileName\", \"<anonymous>\")\n                        if line:\n                            file = f\"{file}:{line}\"\n                        meth = frame.get(\"methodName\", \"<anonymous>\")\n                        if \"className\" in frame:\n                            meth = f\"{frame['className']}.{meth}\"\n                        msg = \"    at %s (%s)\"\n                        msg = msg % (meth, file)\n                        stacktrace.append(msg)\n                except TypeError:\n                    pass\n        if exception_class == UnexpectedAlertPresentException:\n            alert_text = None\n            if \"data\" in value:\n                alert_text = value[\"data\"].get(\"text\")\n            elif \"alert\" in value:\n                alert_text = value[\"alert\"].get(\"text\")\n            raise exception_class(message, screen, stacktrace, alert_text)  # type: ignore[call-arg]  # mypy is not smart enough here\n>       raise exception_class(message, screen, stacktrace)\nE       selenium.common.exceptions.NoSuchElementException: Message: no such element: Unable to locate element: {\"method\":\"xpath\",\"selector\":\"(//a[@href='/catalog/new'])[3]\"}\nE         (Session info: chrome-headless-shell=120.0.6099.71); For documentation on this error, please visit: https://www.selenium.dev/documentation/webdriver/troubleshooting/errors#no-such-element-exception\nE       Stacktrace:\nE       #0 0x555572561d33 <unknown>\nE       #1 0x55557221ef87 <unknown>\nE       #2 0x55557226ec0e <unknown>\nE       #3 0x55557226ed11 <unknown>\nE       #4 0x5555722ba004 <unknown>\nE       #5 0x55557229836d <unknown>\nE       #6 0x5555722b7297 <unknown>\nE       #7 0x5555722980e3 <unknown>\nE       #8 0x555572260044 <unknown>\nE       #9 0x55557226144e <unknown>\nE       #10 0x555572526861 <unknown>\nE       #11 0x55557252a785 <unknown>\nE       #12 0x555572514285 <unknown>\nE       #13 0x55557252b41f <unknown>\nE       #14 0x5555724f820f <unknown>\nE       #15 0x55557254f028 <unknown>\nE       #16 0x55557254f1f7 <unknown>\nE       #17 0x555572560ed4 <unknown>\nE       #18 0x7f7363e7b044 <unknown>\n\n/usr/local/lib/python3.11/site-packages/selenium/webdriver/remote/errorhandler.py:245: NoSuchElementException","flaky":false,"newFailed":false,"newBroken":false,"newPassed":false,"retriesCount":0,"retriesStatusChange":false,"beforeStages":[{"name":"_session_faker","time":{"start":1702602320038,"stop":1702602320108,"duration":70},"status":"passed","steps":[],"attachments":[],"parameters":[],"shouldDisplayMessage":false,"stepsCount":0,"attachmentsCount":0,"hasContent":false,"attachmentStep":false},{"name":"clear_allure_results_folder","time":{"start":1702602320108,"stop":1702602320108,"duration":0},"status":"passed","steps":[],"attachments":[],"parameters":[],"shouldDisplayMessage":false,"stepsCount":0,"attachmentsCount":0,"hasContent":false,"attachmentStep":false},{"name":"driver","time":{"start":1702602550444,"stop":1702602551180,"duration":736},"status":"passed","steps":[],"attachments":[],"parameters":[],"shouldDisplayMessage":false,"stepsCount":0,"attachmentsCount":0,"hasContent":false,"attachmentStep":false},{"name":"setup","time":{"start":1702602551180,"stop":1702602551180,"duration":0},"status":"passed","steps":[],"attachments":[],"parameters":[],"shouldDisplayMessage":false,"stepsCount":0,"attachmentsCount":0,"hasContent":false,"attachmentStep":false},{"name":"main_page","time":{"start":1702602551180,"stop":1702602551965,"duration":785},"status":"passed","steps":[],"attachments":[],"parameters":[],"shouldDisplayMessage":false,"stepsCount":0,"attachmentsCount":0,"hasContent":false,"attachmentStep":false}],"testStage":{"status":"broken","statusMessage":"selenium.common.exceptions.NoSuchElementException: Message: no such element: Unable to locate element: {\"method\":\"xpath\",\"selector\":\"(//a[@href='/catalog/new'])[3]\"}\n  (Session info: chrome-headless-shell=120.0.6099.71); For documentation on this error, please visit: https://www.selenium.dev/documentation/webdriver/troubleshooting/errors#no-such-element-exception\nStacktrace:\n#0 0x555572561d33 <unknown>\n#1 0x55557221ef87 <unknown>\n#2 0x55557226ec0e <unknown>\n#3 0x55557226ed11 <unknown>\n#4 0x5555722ba004 <unknown>\n#5 0x55557229836d <unknown>\n#6 0x5555722b7297 <unknown>\n#7 0x5555722980e3 <unknown>\n#8 0x555572260044 <unknown>\n#9 0x55557226144e <unknown>\n#10 0x555572526861 <unknown>\n#11 0x55557252a785 <unknown>\n#12 0x555572514285 <unknown>\n#13 0x55557252b41f <unknown>\n#14 0x5555724f820f <unknown>\n#15 0x55557254f028 <unknown>\n#16 0x55557254f1f7 <unknown>\n#17 0x555572560ed4 <unknown>\n#18 0x7f7363e7b044 <unknown>","statusTrace":"self = <tests.test_main_page.TestMainPage object at 0x7f0d67053b50>\nmain_page = <pages.main_page.MainPage object at 0x7f0d67901e10>\n\n    @allure.feature(\"Footer functionality\")\n    @allure.title(\"TC 013 - Проверка функциональности ссылки 'Новинки'\")\n    @pytest.mark.smoke_test\n    def test_positive_footer_new_in_stock_smoke(self, main_page):\n        catalog_page = CatalogPage(main_page.driver)\n>       main_page.check_new_in_stock_link()\n\ntests/test_main_page.py:124: \n_ _ _ _ _ _ _ _ _ _ _ _ _ _ _ _ _ _ _ _ _ _ _ _ _ _ _ _ _ _ _ _ _ _ _ _ _ _ _ _ \npages/main_page.py:154: in check_new_in_stock_link\n    self.driver.find_element(*self._new_products_link).click()\n/usr/local/lib/python3.11/site-packages/selenium/webdriver/remote/webdriver.py:740: in find_element\n    return self.execute(Command.FIND_ELEMENT, {\"using\": by, \"value\": value})[\"value\"]\n/usr/local/lib/python3.11/site-packages/selenium/webdriver/remote/webdriver.py:346: in execute\n    self.error_handler.check_response(response)\n_ _ _ _ _ _ _ _ _ _ _ _ _ _ _ _ _ _ _ _ _ _ _ _ _ _ _ _ _ _ _ _ _ _ _ _ _ _ _ _ \n\nself = <selenium.webdriver.remote.errorhandler.ErrorHandler object at 0x7f0d66583510>\nresponse = {'status': 404, 'value': '{\"value\":{\"error\":\"no such element\",\"message\":\"no such element: Unable to locate element: {\\...\\\\n#16 0x55557254f1f7 \\\\u003Cunknown>\\\\n#17 0x555572560ed4 \\\\u003Cunknown>\\\\n#18 0x7f7363e7b044 \\\\u003Cunknown>\\\\n\"}}'}\n\n    def check_response(self, response: Dict[str, Any]) -> None:\n        \"\"\"Checks that a JSON response from the WebDriver does not have an\n        error.\n    \n        :Args:\n         - response - The JSON response from the WebDriver server as a dictionary\n           object.\n    \n        :Raises: If the response contains an error message.\n        \"\"\"\n        status = response.get(\"status\", None)\n        if not status or status == ErrorCode.SUCCESS:\n            return\n        value = None\n        message = response.get(\"message\", \"\")\n        screen: str = response.get(\"screen\", \"\")\n        stacktrace = None\n        if isinstance(status, int):\n            value_json = response.get(\"value\", None)\n            if value_json and isinstance(value_json, str):\n                import json\n    \n                try:\n                    value = json.loads(value_json)\n                    if len(value) == 1:\n                        value = value[\"value\"]\n                    status = value.get(\"error\", None)\n                    if not status:\n                        status = value.get(\"status\", ErrorCode.UNKNOWN_ERROR)\n                        message = value.get(\"value\") or value.get(\"message\")\n                        if not isinstance(message, str):\n                            value = message\n                            message = message.get(\"message\")\n                    else:\n                        message = value.get(\"message\", None)\n                except ValueError:\n                    pass\n    \n        exception_class: Type[WebDriverException]\n        if status in ErrorCode.NO_SUCH_ELEMENT:\n            exception_class = NoSuchElementException\n        elif status in ErrorCode.NO_SUCH_FRAME:\n            exception_class = NoSuchFrameException\n        elif status in ErrorCode.NO_SUCH_SHADOW_ROOT:\n            exception_class = NoSuchShadowRootException\n        elif status in ErrorCode.NO_SUCH_WINDOW:\n            exception_class = NoSuchWindowException\n        elif status in ErrorCode.STALE_ELEMENT_REFERENCE:\n            exception_class = StaleElementReferenceException\n        elif status in ErrorCode.ELEMENT_NOT_VISIBLE:\n            exception_class = ElementNotVisibleException\n        elif status in ErrorCode.INVALID_ELEMENT_STATE:\n            exception_class = InvalidElementStateException\n        elif (\n            status in ErrorCode.INVALID_SELECTOR\n            or status in ErrorCode.INVALID_XPATH_SELECTOR\n            or status in ErrorCode.INVALID_XPATH_SELECTOR_RETURN_TYPER\n        ):\n            exception_class = InvalidSelectorException\n        elif status in ErrorCode.ELEMENT_IS_NOT_SELECTABLE:\n            exception_class = ElementNotSelectableException\n        elif status in ErrorCode.ELEMENT_NOT_INTERACTABLE:\n            exception_class = ElementNotInteractableException\n        elif status in ErrorCode.INVALID_COOKIE_DOMAIN:\n            exception_class = InvalidCookieDomainException\n        elif status in ErrorCode.UNABLE_TO_SET_COOKIE:\n            exception_class = UnableToSetCookieException\n        elif status in ErrorCode.TIMEOUT:\n            exception_class = TimeoutException\n        elif status in ErrorCode.SCRIPT_TIMEOUT:\n            exception_class = TimeoutException\n        elif status in ErrorCode.UNKNOWN_ERROR:\n            exception_class = WebDriverException\n        elif status in ErrorCode.UNEXPECTED_ALERT_OPEN:\n            exception_class = UnexpectedAlertPresentException\n        elif status in ErrorCode.NO_ALERT_OPEN:\n            exception_class = NoAlertPresentException\n        elif status in ErrorCode.IME_NOT_AVAILABLE:\n            exception_class = ImeNotAvailableException\n        elif status in ErrorCode.IME_ENGINE_ACTIVATION_FAILED:\n            exception_class = ImeActivationFailedException\n        elif status in ErrorCode.MOVE_TARGET_OUT_OF_BOUNDS:\n            exception_class = MoveTargetOutOfBoundsException\n        elif status in ErrorCode.JAVASCRIPT_ERROR:\n            exception_class = JavascriptException\n        elif status in ErrorCode.SESSION_NOT_CREATED:\n            exception_class = SessionNotCreatedException\n        elif status in ErrorCode.INVALID_ARGUMENT:\n            exception_class = InvalidArgumentException\n        elif status in ErrorCode.NO_SUCH_COOKIE:\n            exception_class = NoSuchCookieException\n        elif status in ErrorCode.UNABLE_TO_CAPTURE_SCREEN:\n            exception_class = ScreenshotException\n        elif status in ErrorCode.ELEMENT_CLICK_INTERCEPTED:\n            exception_class = ElementClickInterceptedException\n        elif status in ErrorCode.INSECURE_CERTIFICATE:\n            exception_class = InsecureCertificateException\n        elif status in ErrorCode.INVALID_COORDINATES:\n            exception_class = InvalidCoordinatesException\n        elif status in ErrorCode.INVALID_SESSION_ID:\n            exception_class = InvalidSessionIdException\n        elif status in ErrorCode.UNKNOWN_METHOD:\n            exception_class = UnknownMethodException\n        else:\n            exception_class = WebDriverException\n        if not value:\n            value = response[\"value\"]\n        if isinstance(value, str):\n            raise exception_class(value)\n        if message == \"\" and \"message\" in value:\n            message = value[\"message\"]\n    \n        screen = None  # type: ignore[assignment]\n        if \"screen\" in value:\n            screen = value[\"screen\"]\n    \n        stacktrace = None\n        st_value = value.get(\"stackTrace\") or value.get(\"stacktrace\")\n        if st_value:\n            if isinstance(st_value, str):\n                stacktrace = st_value.split(\"\\n\")\n            else:\n                stacktrace = []\n                try:\n                    for frame in st_value:\n                        line = frame.get(\"lineNumber\", \"\")\n                        file = frame.get(\"fileName\", \"<anonymous>\")\n                        if line:\n                            file = f\"{file}:{line}\"\n                        meth = frame.get(\"methodName\", \"<anonymous>\")\n                        if \"className\" in frame:\n                            meth = f\"{frame['className']}.{meth}\"\n                        msg = \"    at %s (%s)\"\n                        msg = msg % (meth, file)\n                        stacktrace.append(msg)\n                except TypeError:\n                    pass\n        if exception_class == UnexpectedAlertPresentException:\n            alert_text = None\n            if \"data\" in value:\n                alert_text = value[\"data\"].get(\"text\")\n            elif \"alert\" in value:\n                alert_text = value[\"alert\"].get(\"text\")\n            raise exception_class(message, screen, stacktrace, alert_text)  # type: ignore[call-arg]  # mypy is not smart enough here\n>       raise exception_class(message, screen, stacktrace)\nE       selenium.common.exceptions.NoSuchElementException: Message: no such element: Unable to locate element: {\"method\":\"xpath\",\"selector\":\"(//a[@href='/catalog/new'])[3]\"}\nE         (Session info: chrome-headless-shell=120.0.6099.71); For documentation on this error, please visit: https://www.selenium.dev/documentation/webdriver/troubleshooting/errors#no-such-element-exception\nE       Stacktrace:\nE       #0 0x555572561d33 <unknown>\nE       #1 0x55557221ef87 <unknown>\nE       #2 0x55557226ec0e <unknown>\nE       #3 0x55557226ed11 <unknown>\nE       #4 0x5555722ba004 <unknown>\nE       #5 0x55557229836d <unknown>\nE       #6 0x5555722b7297 <unknown>\nE       #7 0x5555722980e3 <unknown>\nE       #8 0x555572260044 <unknown>\nE       #9 0x55557226144e <unknown>\nE       #10 0x555572526861 <unknown>\nE       #11 0x55557252a785 <unknown>\nE       #12 0x555572514285 <unknown>\nE       #13 0x55557252b41f <unknown>\nE       #14 0x5555724f820f <unknown>\nE       #15 0x55557254f028 <unknown>\nE       #16 0x55557254f1f7 <unknown>\nE       #17 0x555572560ed4 <unknown>\nE       #18 0x7f7363e7b044 <unknown>\n\n/usr/local/lib/python3.11/site-packages/selenium/webdriver/remote/errorhandler.py:245: NoSuchElementException","steps":[{"name":"Проверка функциональности ссылки 'Новинки'","time":{"start":1702602551966,"stop":1702602551978,"duration":12},"status":"broken","statusMessage":"selenium.common.exceptions.NoSuchElementException: Message: no such element: Unable to locate element: {\"method\":\"xpath\",\"selector\":\"(//a[@href='/catalog/new'])[3]\"}\n  (Session info: chrome-headless-shell=120.0.6099.71); For documentation on this error, please visit: https://www.selenium.dev/documentation/webdriver/troubleshooting/errors#no-such-element-exception\nStacktrace:\n#0 0x555572561d33 <unknown>\n#1 0x55557221ef87 <unknown>\n#2 0x55557226ec0e <unknown>\n#3 0x55557226ed11 <unknown>\n#4 0x5555722ba004 <unknown>\n#5 0x55557229836d <unknown>\n#6 0x5555722b7297 <unknown>\n#7 0x5555722980e3 <unknown>\n#8 0x555572260044 <unknown>\n#9 0x55557226144e <unknown>\n#10 0x555572526861 <unknown>\n#11 0x55557252a785 <unknown>\n#12 0x555572514285 <unknown>\n#13 0x55557252b41f <unknown>\n#14 0x5555724f820f <unknown>\n#15 0x55557254f028 <unknown>\n#16 0x55557254f1f7 <unknown>\n#17 0x555572560ed4 <unknown>\n#18 0x7f7363e7b044 <unknown>\n\n","statusTrace":"  File \"/usr/local/lib/python3.11/site-packages/allure_commons/_allure.py\", line 192, in impl\n    return func(*a, **kw)\n           ^^^^^^^^^^^^^^\n  File \"/app/pages/main_page.py\", line 154, in check_new_in_stock_link\n    self.driver.find_element(*self._new_products_link).click()\n    ^^^^^^^^^^^^^^^^^^^^^^^^^^^^^^^^^^^^^^^^^^^^^^^^^^\n  File \"/usr/local/lib/python3.11/site-packages/selenium/webdriver/remote/webdriver.py\", line 740, in find_element\n    return self.execute(Command.FIND_ELEMENT, {\"using\": by, \"value\": value})[\"value\"]\n           ^^^^^^^^^^^^^^^^^^^^^^^^^^^^^^^^^^^^^^^^^^^^^^^^^^^^^^^^^^^^^^^^^\n  File \"/usr/local/lib/python3.11/site-packages/selenium/webdriver/remote/webdriver.py\", line 346, in execute\n    self.error_handler.check_response(response)\n  File \"/usr/local/lib/python3.11/site-packages/selenium/webdriver/remote/errorhandler.py\", line 245, in check_response\n    raise exception_class(message, screen, stacktrace)\n","steps":[],"attachments":[],"parameters":[],"shouldDisplayMessage":true,"stepsCount":0,"attachmentsCount":0,"hasContent":true,"attachmentStep":false}],"attachments":[{"uid":"3e37ed52b687b7cf","name":"Screenshot","source":"3e37ed52b687b7cf.png","type":"image/png","size":39106},{"uid":"c81362a66ff09f1f","name":"HTML source","source":"c81362a66ff09f1f.html","type":"text/html","size":538}],"parameters":[],"shouldDisplayMessage":true,"stepsCount":1,"attachmentsCount":2,"hasContent":true,"attachmentStep":false},"afterStages":[{"name":"setup::0","time":{"start":1702602552088,"stop":1702602552088,"duration":0},"status":"passed","steps":[],"attachments":[],"parameters":[],"shouldDisplayMessage":false,"stepsCount":0,"attachmentsCount":0,"hasContent":false,"attachmentStep":false},{"name":"driver::0","time":{"start":1702602552088,"stop":1702602552146,"duration":58},"status":"passed","steps":[],"attachments":[],"parameters":[],"shouldDisplayMessage":false,"stepsCount":0,"attachmentsCount":0,"hasContent":false,"attachmentStep":false}],"labels":[{"name":"epic","value":"Main Page"},{"name":"feature","value":"Footer functionality"},{"name":"tag","value":"smoke_test"},{"name":"parentSuite","value":"tests"},{"name":"suite","value":"test_main_page"},{"name":"subSuite","value":"TestMainPage"},{"name":"host","value":"826c1f1062ef"},{"name":"thread","value":"1-MainThread"},{"name":"framework","value":"pytest"},{"name":"language","value":"cpython3"},{"name":"package","value":"tests.test_main_page"},{"name":"resultFormat","value":"allure2"}],"parameters":[{"name":"url","value":"'https://test2.stroyrem-nn.ru/'"}],"links":[],"hidden":false,"retry":false,"extra":{"severity":"normal","retries":[],"categories":[{"name":"Test defects","matchedStatuses":[],"flaky":false}],"history":{"statistic":{"failed":0,"broken":94,"skipped":0,"passed":34,"unknown":0,"total":128},"items":[{"uid":"def646db3b968c52","reportUrl":"https://zaelcovsky.github.io/StroyremAutomation/170//#testresult/def646db3b968c52","status":"broken","statusDetails":"selenium.common.exceptions.NoSuchElementException: Message: no such element: Unable to locate element: {\"method\":\"xpath\",\"selector\":\"(//a[@href='/catalog/new'])[3]\"}\n  (Session info: chrome-headless-shell=120.0.6099.71); For documentation on this error, please visit: https://www.selenium.dev/documentation/webdriver/troubleshooting/errors#no-such-element-exception\nStacktrace:\n#0 0x562e979f4d33 <unknown>\n#1 0x562e976b1f87 <unknown>\n#2 0x562e97701c0e <unknown>\n#3 0x562e97701d11 <unknown>\n#4 0x562e9774d004 <unknown>\n#5 0x562e9772b36d <unknown>\n#6 0x562e9774a297 <unknown>\n#7 0x562e9772b0e3 <unknown>\n#8 0x562e976f3044 <unknown>\n#9 0x562e976f444e <unknown>\n#10 0x562e979b9861 <unknown>\n#11 0x562e979bd785 <unknown>\n#12 0x562e979a7285 <unknown>\n#13 0x562e979be41f <unknown>\n#14 0x562e9798b20f <unknown>\n#15 0x562e979e2028 <unknown>\n#16 0x562e979e21f7 <unknown>\n#17 0x562e979f3ed4 <unknown>\n#18 0x7fc798f30044 <unknown>","time":{"start":1702515979014,"stop":1702515979027,"duration":13}},{"uid":"baad21fab660e3af","reportUrl":"https://zaelcovsky.github.io/StroyremAutomation/169//#testresult/baad21fab660e3af","status":"broken","statusDetails":"selenium.common.exceptions.NoSuchElementException: Message: no such element: Unable to locate element: {\"method\":\"xpath\",\"selector\":\"(//a[@href='/catalog/new'])[3]\"}\n  (Session info: chrome-headless-shell=120.0.6099.71); For documentation on this error, please visit: https://www.selenium.dev/documentation/webdriver/troubleshooting/errors#no-such-element-exception\nStacktrace:\n#0 0x556417231d33 <unknown>\n#1 0x556416eeef87 <unknown>\n#2 0x556416f3ec0e <unknown>\n#3 0x556416f3ed11 <unknown>\n#4 0x556416f8a004 <unknown>\n#5 0x556416f6836d <unknown>\n#6 0x556416f87297 <unknown>\n#7 0x556416f680e3 <unknown>\n#8 0x556416f30044 <unknown>\n#9 0x556416f3144e <unknown>\n#10 0x5564171f6861 <unknown>\n#11 0x5564171fa785 <unknown>\n#12 0x5564171e4285 <unknown>\n#13 0x5564171fb41f <unknown>\n#14 0x5564171c820f <unknown>\n#15 0x55641721f028 <unknown>\n#16 0x55641721f1f7 <unknown>\n#17 0x556417230ed4 <unknown>\n#18 0x7f9a4fbdc044 <unknown>","time":{"start":1702429620255,"stop":1702429620268,"duration":13}},{"uid":"5f201d3e6cf3fd9b","reportUrl":"https://zaelcovsky.github.io/StroyremAutomation/168//#testresult/5f201d3e6cf3fd9b","status":"broken","statusDetails":"selenium.common.exceptions.NoSuchElementException: Message: no such element: Unable to locate element: {\"method\":\"xpath\",\"selector\":\"(//a[@href='/catalog/new'])[3]\"}\n  (Session info: chrome-headless-shell=120.0.6099.71); For documentation on this error, please visit: https://www.selenium.dev/documentation/webdriver/troubleshooting/errors#no-such-element-exception\nStacktrace:\n#0 0x55b7c12d8d33 <unknown>\n#1 0x55b7c0f95f87 <unknown>\n#2 0x55b7c0fe5c0e <unknown>\n#3 0x55b7c0fe5d11 <unknown>\n#4 0x55b7c1031004 <unknown>\n#5 0x55b7c100f36d <unknown>\n#6 0x55b7c102e297 <unknown>\n#7 0x55b7c100f0e3 <unknown>\n#8 0x55b7c0fd7044 <unknown>\n#9 0x55b7c0fd844e <unknown>\n#10 0x55b7c129d861 <unknown>\n#11 0x55b7c12a1785 <unknown>\n#12 0x55b7c128b285 <unknown>\n#13 0x55b7c12a241f <unknown>\n#14 0x55b7c126f20f <unknown>\n#15 0x55b7c12c6028 <unknown>\n#16 0x55b7c12c61f7 <unknown>\n#17 0x55b7c12d7ed4 <unknown>\n#18 0x7f9129c43044 <unknown>","time":{"start":1702343309668,"stop":1702343309682,"duration":14}},{"uid":"c3f403e56f91b44f","reportUrl":"https://zaelcovsky.github.io/StroyremAutomation/167//#testresult/c3f403e56f91b44f","status":"broken","statusDetails":"selenium.common.exceptions.NoSuchElementException: Message: no such element: Unable to locate element: {\"method\":\"xpath\",\"selector\":\"(//a[@href='/catalog/new'])[3]\"}\n  (Session info: chrome-headless-shell=120.0.6099.71); For documentation on this error, please visit: https://www.selenium.dev/documentation/webdriver/troubleshooting/errors#no-such-element-exception\nStacktrace:\n#0 0x55c868836d33 <unknown>\n#1 0x55c8684f3f87 <unknown>\n#2 0x55c868543c0e <unknown>\n#3 0x55c868543d11 <unknown>\n#4 0x55c86858f004 <unknown>\n#5 0x55c86856d36d <unknown>\n#6 0x55c86858c297 <unknown>\n#7 0x55c86856d0e3 <unknown>\n#8 0x55c868535044 <unknown>\n#9 0x55c86853644e <unknown>\n#10 0x55c8687fb861 <unknown>\n#11 0x55c8687ff785 <unknown>\n#12 0x55c8687e9285 <unknown>\n#13 0x55c86880041f <unknown>\n#14 0x55c8687cd20f <unknown>\n#15 0x55c868824028 <unknown>\n#16 0x55c8688241f7 <unknown>\n#17 0x55c868835ed4 <unknown>\n#18 0x7fe0fa29c044 <unknown>","time":{"start":1702256927677,"stop":1702256927690,"duration":13}},{"uid":"a844b99dbf7700fb","reportUrl":"https://zaelcovsky.github.io/StroyremAutomation/166//#testresult/a844b99dbf7700fb","status":"broken","statusDetails":"selenium.common.exceptions.NoSuchElementException: Message: no such element: Unable to locate element: {\"method\":\"xpath\",\"selector\":\"(//a[@href='/catalog/new'])[3]\"}\n  (Session info: chrome-headless-shell=120.0.6099.71); For documentation on this error, please visit: https://www.selenium.dev/documentation/webdriver/troubleshooting/errors#no-such-element-exception\nStacktrace:\n#0 0x56273ea5cd33 <unknown>\n#1 0x56273e719f87 <unknown>\n#2 0x56273e769c0e <unknown>\n#3 0x56273e769d11 <unknown>\n#4 0x56273e7b5004 <unknown>\n#5 0x56273e79336d <unknown>\n#6 0x56273e7b2297 <unknown>\n#7 0x56273e7930e3 <unknown>\n#8 0x56273e75b044 <unknown>\n#9 0x56273e75c44e <unknown>\n#10 0x56273ea21861 <unknown>\n#11 0x56273ea25785 <unknown>\n#12 0x56273ea0f285 <unknown>\n#13 0x56273ea2641f <unknown>\n#14 0x56273e9f320f <unknown>\n#15 0x56273ea4a028 <unknown>\n#16 0x56273ea4a1f7 <unknown>\n#17 0x56273ea5bed4 <unknown>\n#18 0x7f3b83821044 <unknown>","time":{"start":1702170672886,"stop":1702170672899,"duration":13}},{"uid":"1d7baeebe24d2d9b","reportUrl":"https://zaelcovsky.github.io/StroyremAutomation/165//#testresult/1d7baeebe24d2d9b","status":"broken","statusDetails":"selenium.common.exceptions.NoSuchElementException: Message: no such element: Unable to locate element: {\"method\":\"xpath\",\"selector\":\"(//a[@href='/catalog/new'])[3]\"}\n  (Session info: chrome-headless-shell=120.0.6099.71); For documentation on this error, please visit: https://www.selenium.dev/documentation/webdriver/troubleshooting/errors#no-such-element-exception\nStacktrace:\n#0 0x555d3dd66d33 <unknown>\n#1 0x555d3da23f87 <unknown>\n#2 0x555d3da73c0e <unknown>\n#3 0x555d3da73d11 <unknown>\n#4 0x555d3dabf004 <unknown>\n#5 0x555d3da9d36d <unknown>\n#6 0x555d3dabc297 <unknown>\n#7 0x555d3da9d0e3 <unknown>\n#8 0x555d3da65044 <unknown>\n#9 0x555d3da6644e <unknown>\n#10 0x555d3dd2b861 <unknown>\n#11 0x555d3dd2f785 <unknown>\n#12 0x555d3dd19285 <unknown>\n#13 0x555d3dd3041f <unknown>\n#14 0x555d3dcfd20f <unknown>\n#15 0x555d3dd54028 <unknown>\n#16 0x555d3dd541f7 <unknown>\n#17 0x555d3dd65ed4 <unknown>\n#18 0x7f44bd187044 <unknown>","time":{"start":1702083936162,"stop":1702083936175,"duration":13}},{"uid":"fe9373bccdf4f656","reportUrl":"https://zaelcovsky.github.io/StroyremAutomation/164//#testresult/fe9373bccdf4f656","status":"broken","statusDetails":"selenium.common.exceptions.NoSuchElementException: Message: no such element: Unable to locate element: {\"method\":\"xpath\",\"selector\":\"(//a[@href='/catalog/new'])[3]\"}\n  (Session info: chrome-headless-shell=120.0.6099.71); For documentation on this error, please visit: https://www.selenium.dev/documentation/webdriver/troubleshooting/errors#no-such-element-exception\nStacktrace:\n#0 0x563dfaa44d33 <unknown>\n#1 0x563dfa701f87 <unknown>\n#2 0x563dfa751c0e <unknown>\n#3 0x563dfa751d11 <unknown>\n#4 0x563dfa79d004 <unknown>\n#5 0x563dfa77b36d <unknown>\n#6 0x563dfa79a297 <unknown>\n#7 0x563dfa77b0e3 <unknown>\n#8 0x563dfa743044 <unknown>\n#9 0x563dfa74444e <unknown>\n#10 0x563dfaa09861 <unknown>\n#11 0x563dfaa0d785 <unknown>\n#12 0x563dfa9f7285 <unknown>\n#13 0x563dfaa0e41f <unknown>\n#14 0x563dfa9db20f <unknown>\n#15 0x563dfaa32028 <unknown>\n#16 0x563dfaa321f7 <unknown>\n#17 0x563dfaa43ed4 <unknown>\n#18 0x7f2ba9cd0044 <unknown>","time":{"start":1701997707926,"stop":1701997707939,"duration":13}},{"uid":"77310f0fdfabec25","reportUrl":"https://zaelcovsky.github.io/StroyremAutomation/163//#testresult/77310f0fdfabec25","status":"broken","statusDetails":"selenium.common.exceptions.NoSuchElementException: Message: no such element: Unable to locate element: {\"method\":\"xpath\",\"selector\":\"(//a[@href='/catalog/new'])[3]\"}\n  (Session info: chrome-headless-shell=120.0.6099.71); For documentation on this error, please visit: https://www.selenium.dev/documentation/webdriver/troubleshooting/errors#no-such-element-exception\nStacktrace:\n#0 0x55ff64f50d33 <unknown>\n#1 0x55ff64c0df87 <unknown>\n#2 0x55ff64c5dc0e <unknown>\n#3 0x55ff64c5dd11 <unknown>\n#4 0x55ff64ca9004 <unknown>\n#5 0x55ff64c8736d <unknown>\n#6 0x55ff64ca6297 <unknown>\n#7 0x55ff64c870e3 <unknown>\n#8 0x55ff64c4f044 <unknown>\n#9 0x55ff64c5044e <unknown>\n#10 0x55ff64f15861 <unknown>\n#11 0x55ff64f19785 <unknown>\n#12 0x55ff64f03285 <unknown>\n#13 0x55ff64f1a41f <unknown>\n#14 0x55ff64ee720f <unknown>\n#15 0x55ff64f3e028 <unknown>\n#16 0x55ff64f3e1f7 <unknown>\n#17 0x55ff64f4fed4 <unknown>\n#18 0x7f15e178e044 <unknown>","time":{"start":1701911276495,"stop":1701911276509,"duration":14}},{"uid":"22c0ecce862f4ba8","reportUrl":"https://zaelcovsky.github.io/StroyremAutomation/162//#testresult/22c0ecce862f4ba8","status":"broken","statusDetails":"selenium.common.exceptions.NoSuchElementException: Message: no such element: Unable to locate element: {\"method\":\"xpath\",\"selector\":\"(//a[@href='/catalog/new'])[3]\"}\n  (Session info: chrome-headless-shell=120.0.6099.62); For documentation on this error, please visit: https://www.selenium.dev/documentation/webdriver/troubleshooting/errors#no-such-element-exception\nStacktrace:\n#0 0x55de46da2dc3 <unknown>\n#1 0x55de46a5ff87 <unknown>\n#2 0x55de46aafc0e <unknown>\n#3 0x55de46aafd11 <unknown>\n#4 0x55de46afb004 <unknown>\n#5 0x55de46ad936d <unknown>\n#6 0x55de46af8297 <unknown>\n#7 0x55de46ad90e3 <unknown>\n#8 0x55de46aa1044 <unknown>\n#9 0x55de46aa244e <unknown>\n#10 0x55de46d678f1 <unknown>\n#11 0x55de46d6b815 <unknown>\n#12 0x55de46d55315 <unknown>\n#13 0x55de46d6c4af <unknown>\n#14 0x55de46d3929f <unknown>\n#15 0x55de46d900b8 <unknown>\n#16 0x55de46d90287 <unknown>\n#17 0x55de46da1f64 <unknown>\n#18 0x7f9e5e9e0044 <unknown>","time":{"start":1701824902842,"stop":1701824902855,"duration":13}},{"uid":"19517bd6320fcc27","reportUrl":"https://zaelcovsky.github.io/StroyremAutomation/161//#testresult/19517bd6320fcc27","status":"broken","statusDetails":"selenium.common.exceptions.NoSuchElementException: Message: no such element: Unable to locate element: {\"method\":\"xpath\",\"selector\":\"(//a[@href='/catalog/new'])[3]\"}\n  (Session info: headless chrome=119.0.6045.105); For documentation on this error, please visit: https://www.selenium.dev/documentation/webdriver/troubleshooting/errors#no-such-element-exception\nStacktrace:\n#0 0x561ddc4945e3 <unknown>\n#1 0x561ddc1570b7 <unknown>\n#2 0x561ddc1a4f53 <unknown>\n#3 0x561ddc1a5051 <unknown>\n#4 0x561ddc1ea9c4 <unknown>\n#5 0x561ddc1cbf1d <unknown>\n#6 0x561ddc1e7b3d <unknown>\n#7 0x561ddc1cbcc3 <unknown>\n#8 0x561ddc1970e4 <unknown>\n#9 0x561ddc1980ae <unknown>\n#10 0x561ddc45ace1 <unknown>\n#11 0x561ddc45eb7e <unknown>\n#12 0x561ddc4484b5 <unknown>\n#13 0x561ddc45f7d6 <unknown>\n#14 0x561ddc42bdbf <unknown>\n#15 0x561ddc482748 <unknown>\n#16 0x561ddc482917 <unknown>\n#17 0x561ddc493773 <unknown>\n#18 0x7f22f2f27044 <unknown>","time":{"start":1701738451172,"stop":1701738451186,"duration":14}},{"uid":"20a812e486ebef4d","reportUrl":"https://zaelcovsky.github.io/StroyremAutomation/160//#testresult/20a812e486ebef4d","status":"broken","statusDetails":"selenium.common.exceptions.NoSuchElementException: Message: no such element: Unable to locate element: {\"method\":\"xpath\",\"selector\":\"(//a[@href='/catalog/new'])[3]\"}\n  (Session info: headless chrome=119.0.6045.105); For documentation on this error, please visit: https://www.selenium.dev/documentation/webdriver/troubleshooting/errors#no-such-element-exception\nStacktrace:\n#0 0x561a2858c5e3 <unknown>\n#1 0x561a2824f0b7 <unknown>\n#2 0x561a2829cf53 <unknown>\n#3 0x561a2829d051 <unknown>\n#4 0x561a282e29c4 <unknown>\n#5 0x561a282c3f1d <unknown>\n#6 0x561a282dfb3d <unknown>\n#7 0x561a282c3cc3 <unknown>\n#8 0x561a2828f0e4 <unknown>\n#9 0x561a282900ae <unknown>\n#10 0x561a28552ce1 <unknown>\n#11 0x561a28556b7e <unknown>\n#12 0x561a285404b5 <unknown>\n#13 0x561a285577d6 <unknown>\n#14 0x561a28523dbf <unknown>\n#15 0x561a2857a748 <unknown>\n#16 0x561a2857a917 <unknown>\n#17 0x561a2858b773 <unknown>\n#18 0x7fcaabfd6044 <unknown>","time":{"start":1701652080037,"stop":1701652080051,"duration":14}},{"uid":"94e52eb84786b87","reportUrl":"https://zaelcovsky.github.io/StroyremAutomation/159//#testresult/94e52eb84786b87","status":"broken","statusDetails":"selenium.common.exceptions.NoSuchElementException: Message: no such element: Unable to locate element: {\"method\":\"xpath\",\"selector\":\"(//a[@href='/catalog/new'])[3]\"}\n  (Session info: headless chrome=119.0.6045.105); For documentation on this error, please visit: https://www.selenium.dev/documentation/webdriver/troubleshooting/errors#no-such-element-exception\nStacktrace:\n#0 0x5618b08f75e3 <unknown>\n#1 0x5618b05ba0b7 <unknown>\n#2 0x5618b0607f53 <unknown>\n#3 0x5618b0608051 <unknown>\n#4 0x5618b064d9c4 <unknown>\n#5 0x5618b062ef1d <unknown>\n#6 0x5618b064ab3d <unknown>\n#7 0x5618b062ecc3 <unknown>\n#8 0x5618b05fa0e4 <unknown>\n#9 0x5618b05fb0ae <unknown>\n#10 0x5618b08bdce1 <unknown>\n#11 0x5618b08c1b7e <unknown>\n#12 0x5618b08ab4b5 <unknown>\n#13 0x5618b08c27d6 <unknown>\n#14 0x5618b088edbf <unknown>\n#15 0x5618b08e5748 <unknown>\n#16 0x5618b08e5917 <unknown>\n#17 0x5618b08f6773 <unknown>\n#18 0x7f4672afa044 <unknown>","time":{"start":1701565853670,"stop":1701565853684,"duration":14}},{"uid":"e2ec61930a428241","reportUrl":"https://zaelcovsky.github.io/StroyremAutomation/158//#testresult/e2ec61930a428241","status":"broken","statusDetails":"selenium.common.exceptions.NoSuchElementException: Message: no such element: Unable to locate element: {\"method\":\"xpath\",\"selector\":\"(//a[@href='/catalog/new'])[3]\"}\n  (Session info: headless chrome=119.0.6045.105); For documentation on this error, please visit: https://www.selenium.dev/documentation/webdriver/troubleshooting/errors#no-such-element-exception\nStacktrace:\n#0 0x55dfe26025e3 <unknown>\n#1 0x55dfe22c50b7 <unknown>\n#2 0x55dfe2312f53 <unknown>\n#3 0x55dfe2313051 <unknown>\n#4 0x55dfe23589c4 <unknown>\n#5 0x55dfe2339f1d <unknown>\n#6 0x55dfe2355b3d <unknown>\n#7 0x55dfe2339cc3 <unknown>\n#8 0x55dfe23050e4 <unknown>\n#9 0x55dfe23060ae <unknown>\n#10 0x55dfe25c8ce1 <unknown>\n#11 0x55dfe25ccb7e <unknown>\n#12 0x55dfe25b64b5 <unknown>\n#13 0x55dfe25cd7d6 <unknown>\n#14 0x55dfe2599dbf <unknown>\n#15 0x55dfe25f0748 <unknown>\n#16 0x55dfe25f0917 <unknown>\n#17 0x55dfe2601773 <unknown>\n#18 0x7f49e8b87044 <unknown>","time":{"start":1701479107260,"stop":1701479107278,"duration":18}},{"uid":"c1378c7f544a93c7","reportUrl":"https://zaelcovsky.github.io/StroyremAutomation/157//#testresult/c1378c7f544a93c7","status":"broken","statusDetails":"selenium.common.exceptions.NoSuchElementException: Message: no such element: Unable to locate element: {\"method\":\"xpath\",\"selector\":\"(//a[@href='/catalog/new'])[3]\"}\n  (Session info: headless chrome=119.0.6045.105); For documentation on this error, please visit: https://www.selenium.dev/documentation/webdriver/troubleshooting/errors#no-such-element-exception\nStacktrace:\n#0 0x559e887cc5e3 <unknown>\n#1 0x559e8848f0b7 <unknown>\n#2 0x559e884dcf53 <unknown>\n#3 0x559e884dd051 <unknown>\n#4 0x559e885229c4 <unknown>\n#5 0x559e88503f1d <unknown>\n#6 0x559e8851fb3d <unknown>\n#7 0x559e88503cc3 <unknown>\n#8 0x559e884cf0e4 <unknown>\n#9 0x559e884d00ae <unknown>\n#10 0x559e88792ce1 <unknown>\n#11 0x559e88796b7e <unknown>\n#12 0x559e887804b5 <unknown>\n#13 0x559e887977d6 <unknown>\n#14 0x559e88763dbf <unknown>\n#15 0x559e887ba748 <unknown>\n#16 0x559e887ba917 <unknown>\n#17 0x559e887cb773 <unknown>\n#18 0x7f4649f3b044 <unknown>","time":{"start":1701393208427,"stop":1701393208441,"duration":14}},{"uid":"ebe7fa2f5ce4099f","reportUrl":"https://zaelcovsky.github.io/StroyremAutomation/156//#testresult/ebe7fa2f5ce4099f","status":"broken","statusDetails":"selenium.common.exceptions.NoSuchElementException: Message: no such element: Unable to locate element: {\"method\":\"xpath\",\"selector\":\"(//a[@href='/catalog/new'])[3]\"}\n  (Session info: headless chrome=119.0.6045.105); For documentation on this error, please visit: https://www.selenium.dev/documentation/webdriver/troubleshooting/errors#no-such-element-exception\nStacktrace:\n#0 0x55a7f93585e3 <unknown>\n#1 0x55a7f901b0b7 <unknown>\n#2 0x55a7f9068f53 <unknown>\n#3 0x55a7f9069051 <unknown>\n#4 0x55a7f90ae9c4 <unknown>\n#5 0x55a7f908ff1d <unknown>\n#6 0x55a7f90abb3d <unknown>\n#7 0x55a7f908fcc3 <unknown>\n#8 0x55a7f905b0e4 <unknown>\n#9 0x55a7f905c0ae <unknown>\n#10 0x55a7f931ece1 <unknown>\n#11 0x55a7f9322b7e <unknown>\n#12 0x55a7f930c4b5 <unknown>\n#13 0x55a7f93237d6 <unknown>\n#14 0x55a7f92efdbf <unknown>\n#15 0x55a7f9346748 <unknown>\n#16 0x55a7f9346917 <unknown>\n#17 0x55a7f9357773 <unknown>\n#18 0x7f512a03f044 <unknown>","time":{"start":1701306403738,"stop":1701306403751,"duration":13}},{"uid":"84d3ac1b87854c34","reportUrl":"https://zaelcovsky.github.io/StroyremAutomation/155//#testresult/84d3ac1b87854c34","status":"broken","statusDetails":"selenium.common.exceptions.NoSuchElementException: Message: no such element: Unable to locate element: {\"method\":\"xpath\",\"selector\":\"(//a[@href='/catalog/new'])[3]\"}\n  (Session info: headless chrome=119.0.6045.105); For documentation on this error, please visit: https://www.selenium.dev/documentation/webdriver/troubleshooting/errors#no-such-element-exception\nStacktrace:\n#0 0x55ff4a95b5e3 <unknown>\n#1 0x55ff4a61e0b7 <unknown>\n#2 0x55ff4a66bf53 <unknown>\n#3 0x55ff4a66c051 <unknown>\n#4 0x55ff4a6b19c4 <unknown>\n#5 0x55ff4a692f1d <unknown>\n#6 0x55ff4a6aeb3d <unknown>\n#7 0x55ff4a692cc3 <unknown>\n#8 0x55ff4a65e0e4 <unknown>\n#9 0x55ff4a65f0ae <unknown>\n#10 0x55ff4a921ce1 <unknown>\n#11 0x55ff4a925b7e <unknown>\n#12 0x55ff4a90f4b5 <unknown>\n#13 0x55ff4a9267d6 <unknown>\n#14 0x55ff4a8f2dbf <unknown>\n#15 0x55ff4a949748 <unknown>\n#16 0x55ff4a949917 <unknown>\n#17 0x55ff4a95a773 <unknown>\n#18 0x7f2a5c0ef044 <unknown>","time":{"start":1701220044127,"stop":1701220044140,"duration":13}},{"uid":"e5cf1ffc4995233d","reportUrl":"https://zaelcovsky.github.io/StroyremAutomation/154//#testresult/e5cf1ffc4995233d","status":"broken","statusDetails":"selenium.common.exceptions.NoSuchElementException: Message: no such element: Unable to locate element: {\"method\":\"xpath\",\"selector\":\"(//a[@href='/catalog/new'])[3]\"}\n  (Session info: headless chrome=119.0.6045.105); For documentation on this error, please visit: https://www.selenium.dev/documentation/webdriver/troubleshooting/errors#no-such-element-exception\nStacktrace:\n#0 0x5632b8a8d5e3 <unknown>\n#1 0x5632b87500b7 <unknown>\n#2 0x5632b879df53 <unknown>\n#3 0x5632b879e051 <unknown>\n#4 0x5632b87e39c4 <unknown>\n#5 0x5632b87c4f1d <unknown>\n#6 0x5632b87e0b3d <unknown>\n#7 0x5632b87c4cc3 <unknown>\n#8 0x5632b87900e4 <unknown>\n#9 0x5632b87910ae <unknown>\n#10 0x5632b8a53ce1 <unknown>\n#11 0x5632b8a57b7e <unknown>\n#12 0x5632b8a414b5 <unknown>\n#13 0x5632b8a587d6 <unknown>\n#14 0x5632b8a24dbf <unknown>\n#15 0x5632b8a7b748 <unknown>\n#16 0x5632b8a7b917 <unknown>\n#17 0x5632b8a8c773 <unknown>\n#18 0x7fde8ba1a044 <unknown>","time":{"start":1701133651757,"stop":1701133651770,"duration":13}},{"uid":"e56229408a6f19ba","reportUrl":"https://zaelcovsky.github.io/StroyremAutomation/153//#testresult/e56229408a6f19ba","status":"broken","statusDetails":"selenium.common.exceptions.NoSuchElementException: Message: no such element: Unable to locate element: {\"method\":\"xpath\",\"selector\":\"(//a[@href='/catalog/new'])[3]\"}\n  (Session info: headless chrome=119.0.6045.105); For documentation on this error, please visit: https://www.selenium.dev/documentation/webdriver/troubleshooting/errors#no-such-element-exception\nStacktrace:\n#0 0x560c9df805e3 <unknown>\n#1 0x560c9dc430b7 <unknown>\n#2 0x560c9dc90f53 <unknown>\n#3 0x560c9dc91051 <unknown>\n#4 0x560c9dcd69c4 <unknown>\n#5 0x560c9dcb7f1d <unknown>\n#6 0x560c9dcd3b3d <unknown>\n#7 0x560c9dcb7cc3 <unknown>\n#8 0x560c9dc830e4 <unknown>\n#9 0x560c9dc840ae <unknown>\n#10 0x560c9df46ce1 <unknown>\n#11 0x560c9df4ab7e <unknown>\n#12 0x560c9df344b5 <unknown>\n#13 0x560c9df4b7d6 <unknown>\n#14 0x560c9df17dbf <unknown>\n#15 0x560c9df6e748 <unknown>\n#16 0x560c9df6e917 <unknown>\n#17 0x560c9df7f773 <unknown>\n#18 0x7fd511b07044 <unknown>","time":{"start":1701047237688,"stop":1701047237701,"duration":13}},{"uid":"5785905beb3c4a8a","reportUrl":"https://zaelcovsky.github.io/StroyremAutomation/152//#testresult/5785905beb3c4a8a","status":"broken","statusDetails":"selenium.common.exceptions.NoSuchElementException: Message: no such element: Unable to locate element: {\"method\":\"xpath\",\"selector\":\"(//a[@href='/catalog/new'])[3]\"}\n  (Session info: headless chrome=119.0.6045.105); For documentation on this error, please visit: https://www.selenium.dev/documentation/webdriver/troubleshooting/errors#no-such-element-exception\nStacktrace:\n#0 0x5643da1a85e3 <unknown>\n#1 0x5643d9e6b0b7 <unknown>\n#2 0x5643d9eb8f53 <unknown>\n#3 0x5643d9eb9051 <unknown>\n#4 0x5643d9efe9c4 <unknown>\n#5 0x5643d9edff1d <unknown>\n#6 0x5643d9efbb3d <unknown>\n#7 0x5643d9edfcc3 <unknown>\n#8 0x5643d9eab0e4 <unknown>\n#9 0x5643d9eac0ae <unknown>\n#10 0x5643da16ece1 <unknown>\n#11 0x5643da172b7e <unknown>\n#12 0x5643da15c4b5 <unknown>\n#13 0x5643da1737d6 <unknown>\n#14 0x5643da13fdbf <unknown>\n#15 0x5643da196748 <unknown>\n#16 0x5643da196917 <unknown>\n#17 0x5643da1a7773 <unknown>\n#18 0x7ff528c44044 <unknown>","time":{"start":1700961088167,"stop":1700961088180,"duration":13}},{"uid":"14dd11310d3044e9","reportUrl":"https://zaelcovsky.github.io/StroyremAutomation/151//#testresult/14dd11310d3044e9","status":"broken","statusDetails":"selenium.common.exceptions.NoSuchElementException: Message: no such element: Unable to locate element: {\"method\":\"xpath\",\"selector\":\"(//a[@href='/catalog/new'])[3]\"}\n  (Session info: headless chrome=119.0.6045.105); For documentation on this error, please visit: https://www.selenium.dev/documentation/webdriver/troubleshooting/errors#no-such-element-exception\nStacktrace:\n#0 0x558384dc95e3 <unknown>\n#1 0x558384a8c0b7 <unknown>\n#2 0x558384ad9f53 <unknown>\n#3 0x558384ada051 <unknown>\n#4 0x558384b1f9c4 <unknown>\n#5 0x558384b00f1d <unknown>\n#6 0x558384b1cb3d <unknown>\n#7 0x558384b00cc3 <unknown>\n#8 0x558384acc0e4 <unknown>\n#9 0x558384acd0ae <unknown>\n#10 0x558384d8fce1 <unknown>\n#11 0x558384d93b7e <unknown>\n#12 0x558384d7d4b5 <unknown>\n#13 0x558384d947d6 <unknown>\n#14 0x558384d60dbf <unknown>\n#15 0x558384db7748 <unknown>\n#16 0x558384db7917 <unknown>\n#17 0x558384dc8773 <unknown>\n#18 0x7f2854f8e044 <unknown>","time":{"start":1700874250736,"stop":1700874250749,"duration":13}}]},"tags":["smoke_test"]},"source":"5b63cb5a4baba244.json","parameterValues":["'https://test2.stroyrem-nn.ru/'"]}