{"uid":"73962e1c9a1c061a","name":"test_positive_delivery_green_zone_smoke[TD 011-products/shtukaturka-gipsovaya-aksolit-m50-30-kg-mashinnogo-naneseniya-299-9000-3600-7960-8980-https://sandboxtest.stroyrem-nn.ru/]","fullName":"tests.delivery.test_delivery_calculation.TestDeliveryPageCalculation#test_positive_delivery_green_zone_smoke","historyId":"100ca5819a1aaf944b508696eeea00de","time":{"start":1702602861718,"stop":1702602862362,"duration":644},"status":"broken","statusMessage":"selenium.common.exceptions.NoSuchElementException: Message: no such element: Unable to locate element: {\"method\":\"xpath\",\"selector\":\"(//a[@class='add-to-cart yellow-btn'])[1]\"}\n  (Session info: chrome-headless-shell=120.0.6099.71); For documentation on this error, please visit: https://www.selenium.dev/documentation/webdriver/troubleshooting/errors#no-such-element-exception\nStacktrace:\n#0 0x55c641e08d33 <unknown>\n#1 0x55c641ac5f87 <unknown>\n#2 0x55c641b15c0e <unknown>\n#3 0x55c641b15d11 <unknown>\n#4 0x55c641b61004 <unknown>\n#5 0x55c641b3f36d <unknown>\n#6 0x55c641b5e297 <unknown>\n#7 0x55c641b3f0e3 <unknown>\n#8 0x55c641b07044 <unknown>\n#9 0x55c641b0844e <unknown>\n#10 0x55c641dcd861 <unknown>\n#11 0x55c641dd1785 <unknown>\n#12 0x55c641dbb285 <unknown>\n#13 0x55c641dd241f <unknown>\n#14 0x55c641d9f20f <unknown>\n#15 0x55c641df6028 <unknown>\n#16 0x55c641df61f7 <unknown>\n#17 0x55c641e07ed4 <unknown>\n#18 0x7fc839c8d044 <unknown>","statusTrace":"self = <tests.delivery.test_delivery_calculation.TestDeliveryPageCalculation object at 0x7f0d66bf5750>\ndriver = <selenium.webdriver.chrome.webdriver.WebDriver (session=\"eaba0c8f2ef5661a92609621dd41daa4\")>\nurl = 'https://sandboxtest.stroyrem-nn.ru/', case_id = 'TD 011'\nlink_item = 'products/shtukaturka-gipsovaya-aksolit-m50-30-kg-mashinnogo-naneseniya'\namount = 299, weight = 9000, standard = 3600, in_time = 7960, all_time = 8980\n\n    @pytest.mark.parametrize('case_id, link_item, amount, weight, standard, in_time, all_time', [\n        (\"TD 001\", uroven_3000, 1, 30, 0, 1590, 2190),\n        (\"TD 002\", bundeks_25, 1, 30, 400, 1590, 2190),\n        (\"TD 003\", aksolit_30, 8, 300, 400, 1590, 2190),\n        (\"TD 004\", aksolit_30, 13, 400, 450, 1590, 2190),\n        (\"TD 005\", aksolit_30, 16, 500, 600, 1590, 2190),\n        (\"TD 006\", aksolit_30, 25, 1700, 990, 1990, 2480),\n        (\"TD 007\", aksolit_30, 66, 2000, 1300, 2490, 2980),\n        (\"TD 008\", aksolit_30, 149, 4500, 2300, 3980, 4490),\n        (\"TD 009\", aksolit_30, 166, 5000, 2500, 4990, 5480),\n        pytest.param(\n            \"TD 010\", aksolit_30, 206, 6200, 2900, 5570, 6120,\n            marks=pytest.mark.xfail(reson=\"Цена доставки 3600 7960 8980\")\n        ),\n        (\"TD 011\", aksolit_30, 299, 9000, 3600, 7960, 8980),\n        (\"TD 012\", aksolit_30, 333, 10000, 4450, 11990, 12500),\n        pytest.param(\n            \"TD 013\", aksolit_30, 366, 11000, 4800, 12450, 13480,\n            marks=pytest.mark.xfail(reason=\"Цена стандартной доставки 4450\")\n        ),\n        pytest.param(\n            \"TD 014\", aksolit_30, 666, 20000, 5400, 15600, 17490,\n            marks=pytest.mark.xfail(reason=\"Цена стандартной доставки 4450\")\n        )\n    ])\n    @pytest.mark.smoke\n    def test_positive_delivery_green_zone_smoke(\n            self, driver, url, case_id, link_item, amount, weight, standard, in_time, all_time\n    ):\n    \n        driver.get(f'{url}{link_item}')\n        item_page = ItemPage(driver)\n>       item_page.add_item_to_cart(amount).click_on_cart()\n\ntests/delivery/test_delivery_calculation.py:49: \n_ _ _ _ _ _ _ _ _ _ _ _ _ _ _ _ _ _ _ _ _ _ _ _ _ _ _ _ _ _ _ _ _ _ _ _ _ _ _ _ \npages/item_page.py:40: in add_item_to_cart\n    self.find_element(self._add_item).click()\nbase/seleniumbase.py:17: in find_element\n    return self.driver.find_element(*locator)\n/usr/local/lib/python3.11/site-packages/selenium/webdriver/remote/webdriver.py:740: in find_element\n    return self.execute(Command.FIND_ELEMENT, {\"using\": by, \"value\": value})[\"value\"]\n/usr/local/lib/python3.11/site-packages/selenium/webdriver/remote/webdriver.py:346: in execute\n    self.error_handler.check_response(response)\n_ _ _ _ _ _ _ _ _ _ _ _ _ _ _ _ _ _ _ _ _ _ _ _ _ _ _ _ _ _ _ _ _ _ _ _ _ _ _ _ \n\nself = <selenium.webdriver.remote.errorhandler.ErrorHandler object at 0x7f0d66540550>\nresponse = {'status': 404, 'value': '{\"value\":{\"error\":\"no such element\",\"message\":\"no such element: Unable to locate element: {\\...\\\\n#16 0x55c641df61f7 \\\\u003Cunknown>\\\\n#17 0x55c641e07ed4 \\\\u003Cunknown>\\\\n#18 0x7fc839c8d044 \\\\u003Cunknown>\\\\n\"}}'}\n\n    def check_response(self, response: Dict[str, Any]) -> None:\n        \"\"\"Checks that a JSON response from the WebDriver does not have an\n        error.\n    \n        :Args:\n         - response - The JSON response from the WebDriver server as a dictionary\n           object.\n    \n        :Raises: If the response contains an error message.\n        \"\"\"\n        status = response.get(\"status\", None)\n        if not status or status == ErrorCode.SUCCESS:\n            return\n        value = None\n        message = response.get(\"message\", \"\")\n        screen: str = response.get(\"screen\", \"\")\n        stacktrace = None\n        if isinstance(status, int):\n            value_json = response.get(\"value\", None)\n            if value_json and isinstance(value_json, str):\n                import json\n    \n                try:\n                    value = json.loads(value_json)\n                    if len(value) == 1:\n                        value = value[\"value\"]\n                    status = value.get(\"error\", None)\n                    if not status:\n                        status = value.get(\"status\", ErrorCode.UNKNOWN_ERROR)\n                        message = value.get(\"value\") or value.get(\"message\")\n                        if not isinstance(message, str):\n                            value = message\n                            message = message.get(\"message\")\n                    else:\n                        message = value.get(\"message\", None)\n                except ValueError:\n                    pass\n    \n        exception_class: Type[WebDriverException]\n        if status in ErrorCode.NO_SUCH_ELEMENT:\n            exception_class = NoSuchElementException\n        elif status in ErrorCode.NO_SUCH_FRAME:\n            exception_class = NoSuchFrameException\n        elif status in ErrorCode.NO_SUCH_SHADOW_ROOT:\n            exception_class = NoSuchShadowRootException\n        elif status in ErrorCode.NO_SUCH_WINDOW:\n            exception_class = NoSuchWindowException\n        elif status in ErrorCode.STALE_ELEMENT_REFERENCE:\n            exception_class = StaleElementReferenceException\n        elif status in ErrorCode.ELEMENT_NOT_VISIBLE:\n            exception_class = ElementNotVisibleException\n        elif status in ErrorCode.INVALID_ELEMENT_STATE:\n            exception_class = InvalidElementStateException\n        elif (\n            status in ErrorCode.INVALID_SELECTOR\n            or status in ErrorCode.INVALID_XPATH_SELECTOR\n            or status in ErrorCode.INVALID_XPATH_SELECTOR_RETURN_TYPER\n        ):\n            exception_class = InvalidSelectorException\n        elif status in ErrorCode.ELEMENT_IS_NOT_SELECTABLE:\n            exception_class = ElementNotSelectableException\n        elif status in ErrorCode.ELEMENT_NOT_INTERACTABLE:\n            exception_class = ElementNotInteractableException\n        elif status in ErrorCode.INVALID_COOKIE_DOMAIN:\n            exception_class = InvalidCookieDomainException\n        elif status in ErrorCode.UNABLE_TO_SET_COOKIE:\n            exception_class = UnableToSetCookieException\n        elif status in ErrorCode.TIMEOUT:\n            exception_class = TimeoutException\n        elif status in ErrorCode.SCRIPT_TIMEOUT:\n            exception_class = TimeoutException\n        elif status in ErrorCode.UNKNOWN_ERROR:\n            exception_class = WebDriverException\n        elif status in ErrorCode.UNEXPECTED_ALERT_OPEN:\n            exception_class = UnexpectedAlertPresentException\n        elif status in ErrorCode.NO_ALERT_OPEN:\n            exception_class = NoAlertPresentException\n        elif status in ErrorCode.IME_NOT_AVAILABLE:\n            exception_class = ImeNotAvailableException\n        elif status in ErrorCode.IME_ENGINE_ACTIVATION_FAILED:\n            exception_class = ImeActivationFailedException\n        elif status in ErrorCode.MOVE_TARGET_OUT_OF_BOUNDS:\n            exception_class = MoveTargetOutOfBoundsException\n        elif status in ErrorCode.JAVASCRIPT_ERROR:\n            exception_class = JavascriptException\n        elif status in ErrorCode.SESSION_NOT_CREATED:\n            exception_class = SessionNotCreatedException\n        elif status in ErrorCode.INVALID_ARGUMENT:\n            exception_class = InvalidArgumentException\n        elif status in ErrorCode.NO_SUCH_COOKIE:\n            exception_class = NoSuchCookieException\n        elif status in ErrorCode.UNABLE_TO_CAPTURE_SCREEN:\n            exception_class = ScreenshotException\n        elif status in ErrorCode.ELEMENT_CLICK_INTERCEPTED:\n            exception_class = ElementClickInterceptedException\n        elif status in ErrorCode.INSECURE_CERTIFICATE:\n            exception_class = InsecureCertificateException\n        elif status in ErrorCode.INVALID_COORDINATES:\n            exception_class = InvalidCoordinatesException\n        elif status in ErrorCode.INVALID_SESSION_ID:\n            exception_class = InvalidSessionIdException\n        elif status in ErrorCode.UNKNOWN_METHOD:\n            exception_class = UnknownMethodException\n        else:\n            exception_class = WebDriverException\n        if not value:\n            value = response[\"value\"]\n        if isinstance(value, str):\n            raise exception_class(value)\n        if message == \"\" and \"message\" in value:\n            message = value[\"message\"]\n    \n        screen = None  # type: ignore[assignment]\n        if \"screen\" in value:\n            screen = value[\"screen\"]\n    \n        stacktrace = None\n        st_value = value.get(\"stackTrace\") or value.get(\"stacktrace\")\n        if st_value:\n            if isinstance(st_value, str):\n                stacktrace = st_value.split(\"\\n\")\n            else:\n                stacktrace = []\n                try:\n                    for frame in st_value:\n                        line = frame.get(\"lineNumber\", \"\")\n                        file = frame.get(\"fileName\", \"<anonymous>\")\n                        if line:\n                            file = f\"{file}:{line}\"\n                        meth = frame.get(\"methodName\", \"<anonymous>\")\n                        if \"className\" in frame:\n                            meth = f\"{frame['className']}.{meth}\"\n                        msg = \"    at %s (%s)\"\n                        msg = msg % (meth, file)\n                        stacktrace.append(msg)\n                except TypeError:\n                    pass\n        if exception_class == UnexpectedAlertPresentException:\n            alert_text = None\n            if \"data\" in value:\n                alert_text = value[\"data\"].get(\"text\")\n            elif \"alert\" in value:\n                alert_text = value[\"alert\"].get(\"text\")\n            raise exception_class(message, screen, stacktrace, alert_text)  # type: ignore[call-arg]  # mypy is not smart enough here\n>       raise exception_class(message, screen, stacktrace)\nE       selenium.common.exceptions.NoSuchElementException: Message: no such element: Unable to locate element: {\"method\":\"xpath\",\"selector\":\"(//a[@class='add-to-cart yellow-btn'])[1]\"}\nE         (Session info: chrome-headless-shell=120.0.6099.71); For documentation on this error, please visit: https://www.selenium.dev/documentation/webdriver/troubleshooting/errors#no-such-element-exception\nE       Stacktrace:\nE       #0 0x55c641e08d33 <unknown>\nE       #1 0x55c641ac5f87 <unknown>\nE       #2 0x55c641b15c0e <unknown>\nE       #3 0x55c641b15d11 <unknown>\nE       #4 0x55c641b61004 <unknown>\nE       #5 0x55c641b3f36d <unknown>\nE       #6 0x55c641b5e297 <unknown>\nE       #7 0x55c641b3f0e3 <unknown>\nE       #8 0x55c641b07044 <unknown>\nE       #9 0x55c641b0844e <unknown>\nE       #10 0x55c641dcd861 <unknown>\nE       #11 0x55c641dd1785 <unknown>\nE       #12 0x55c641dbb285 <unknown>\nE       #13 0x55c641dd241f <unknown>\nE       #14 0x55c641d9f20f <unknown>\nE       #15 0x55c641df6028 <unknown>\nE       #16 0x55c641df61f7 <unknown>\nE       #17 0x55c641e07ed4 <unknown>\nE       #18 0x7fc839c8d044 <unknown>\n\n/usr/local/lib/python3.11/site-packages/selenium/webdriver/remote/errorhandler.py:245: NoSuchElementException","flaky":false,"newFailed":false,"newBroken":false,"newPassed":false,"retriesCount":0,"retriesStatusChange":false,"beforeStages":[{"name":"_session_faker","time":{"start":1702602320038,"stop":1702602320108,"duration":70},"status":"passed","steps":[],"attachments":[],"parameters":[],"shouldDisplayMessage":false,"stepsCount":0,"attachmentsCount":0,"hasContent":false,"attachmentStep":false},{"name":"clear_allure_results_folder","time":{"start":1702602320108,"stop":1702602320108,"duration":0},"status":"passed","steps":[],"attachments":[],"parameters":[],"shouldDisplayMessage":false,"stepsCount":0,"attachmentsCount":0,"hasContent":false,"attachmentStep":false},{"name":"driver","time":{"start":1702602860982,"stop":1702602861716,"duration":734},"status":"passed","steps":[],"attachments":[],"parameters":[],"shouldDisplayMessage":false,"stepsCount":0,"attachmentsCount":0,"hasContent":false,"attachmentStep":false},{"name":"setup","time":{"start":1702602861717,"stop":1702602861717,"duration":0},"status":"passed","steps":[],"attachments":[],"parameters":[],"shouldDisplayMessage":false,"stepsCount":0,"attachmentsCount":0,"hasContent":false,"attachmentStep":false}],"testStage":{"status":"broken","statusMessage":"selenium.common.exceptions.NoSuchElementException: Message: no such element: Unable to locate element: {\"method\":\"xpath\",\"selector\":\"(//a[@class='add-to-cart yellow-btn'])[1]\"}\n  (Session info: chrome-headless-shell=120.0.6099.71); For documentation on this error, please visit: https://www.selenium.dev/documentation/webdriver/troubleshooting/errors#no-such-element-exception\nStacktrace:\n#0 0x55c641e08d33 <unknown>\n#1 0x55c641ac5f87 <unknown>\n#2 0x55c641b15c0e <unknown>\n#3 0x55c641b15d11 <unknown>\n#4 0x55c641b61004 <unknown>\n#5 0x55c641b3f36d <unknown>\n#6 0x55c641b5e297 <unknown>\n#7 0x55c641b3f0e3 <unknown>\n#8 0x55c641b07044 <unknown>\n#9 0x55c641b0844e <unknown>\n#10 0x55c641dcd861 <unknown>\n#11 0x55c641dd1785 <unknown>\n#12 0x55c641dbb285 <unknown>\n#13 0x55c641dd241f <unknown>\n#14 0x55c641d9f20f <unknown>\n#15 0x55c641df6028 <unknown>\n#16 0x55c641df61f7 <unknown>\n#17 0x55c641e07ed4 <unknown>\n#18 0x7fc839c8d044 <unknown>","statusTrace":"self = <tests.delivery.test_delivery_calculation.TestDeliveryPageCalculation object at 0x7f0d66bf5750>\ndriver = <selenium.webdriver.chrome.webdriver.WebDriver (session=\"eaba0c8f2ef5661a92609621dd41daa4\")>\nurl = 'https://sandboxtest.stroyrem-nn.ru/', case_id = 'TD 011'\nlink_item = 'products/shtukaturka-gipsovaya-aksolit-m50-30-kg-mashinnogo-naneseniya'\namount = 299, weight = 9000, standard = 3600, in_time = 7960, all_time = 8980\n\n    @pytest.mark.parametrize('case_id, link_item, amount, weight, standard, in_time, all_time', [\n        (\"TD 001\", uroven_3000, 1, 30, 0, 1590, 2190),\n        (\"TD 002\", bundeks_25, 1, 30, 400, 1590, 2190),\n        (\"TD 003\", aksolit_30, 8, 300, 400, 1590, 2190),\n        (\"TD 004\", aksolit_30, 13, 400, 450, 1590, 2190),\n        (\"TD 005\", aksolit_30, 16, 500, 600, 1590, 2190),\n        (\"TD 006\", aksolit_30, 25, 1700, 990, 1990, 2480),\n        (\"TD 007\", aksolit_30, 66, 2000, 1300, 2490, 2980),\n        (\"TD 008\", aksolit_30, 149, 4500, 2300, 3980, 4490),\n        (\"TD 009\", aksolit_30, 166, 5000, 2500, 4990, 5480),\n        pytest.param(\n            \"TD 010\", aksolit_30, 206, 6200, 2900, 5570, 6120,\n            marks=pytest.mark.xfail(reson=\"Цена доставки 3600 7960 8980\")\n        ),\n        (\"TD 011\", aksolit_30, 299, 9000, 3600, 7960, 8980),\n        (\"TD 012\", aksolit_30, 333, 10000, 4450, 11990, 12500),\n        pytest.param(\n            \"TD 013\", aksolit_30, 366, 11000, 4800, 12450, 13480,\n            marks=pytest.mark.xfail(reason=\"Цена стандартной доставки 4450\")\n        ),\n        pytest.param(\n            \"TD 014\", aksolit_30, 666, 20000, 5400, 15600, 17490,\n            marks=pytest.mark.xfail(reason=\"Цена стандартной доставки 4450\")\n        )\n    ])\n    @pytest.mark.smoke\n    def test_positive_delivery_green_zone_smoke(\n            self, driver, url, case_id, link_item, amount, weight, standard, in_time, all_time\n    ):\n    \n        driver.get(f'{url}{link_item}')\n        item_page = ItemPage(driver)\n>       item_page.add_item_to_cart(amount).click_on_cart()\n\ntests/delivery/test_delivery_calculation.py:49: \n_ _ _ _ _ _ _ _ _ _ _ _ _ _ _ _ _ _ _ _ _ _ _ _ _ _ _ _ _ _ _ _ _ _ _ _ _ _ _ _ \npages/item_page.py:40: in add_item_to_cart\n    self.find_element(self._add_item).click()\nbase/seleniumbase.py:17: in find_element\n    return self.driver.find_element(*locator)\n/usr/local/lib/python3.11/site-packages/selenium/webdriver/remote/webdriver.py:740: in find_element\n    return self.execute(Command.FIND_ELEMENT, {\"using\": by, \"value\": value})[\"value\"]\n/usr/local/lib/python3.11/site-packages/selenium/webdriver/remote/webdriver.py:346: in execute\n    self.error_handler.check_response(response)\n_ _ _ _ _ _ _ _ _ _ _ _ _ _ _ _ _ _ _ _ _ _ _ _ _ _ _ _ _ _ _ _ _ _ _ _ _ _ _ _ \n\nself = <selenium.webdriver.remote.errorhandler.ErrorHandler object at 0x7f0d66540550>\nresponse = {'status': 404, 'value': '{\"value\":{\"error\":\"no such element\",\"message\":\"no such element: Unable to locate element: {\\...\\\\n#16 0x55c641df61f7 \\\\u003Cunknown>\\\\n#17 0x55c641e07ed4 \\\\u003Cunknown>\\\\n#18 0x7fc839c8d044 \\\\u003Cunknown>\\\\n\"}}'}\n\n    def check_response(self, response: Dict[str, Any]) -> None:\n        \"\"\"Checks that a JSON response from the WebDriver does not have an\n        error.\n    \n        :Args:\n         - response - The JSON response from the WebDriver server as a dictionary\n           object.\n    \n        :Raises: If the response contains an error message.\n        \"\"\"\n        status = response.get(\"status\", None)\n        if not status or status == ErrorCode.SUCCESS:\n            return\n        value = None\n        message = response.get(\"message\", \"\")\n        screen: str = response.get(\"screen\", \"\")\n        stacktrace = None\n        if isinstance(status, int):\n            value_json = response.get(\"value\", None)\n            if value_json and isinstance(value_json, str):\n                import json\n    \n                try:\n                    value = json.loads(value_json)\n                    if len(value) == 1:\n                        value = value[\"value\"]\n                    status = value.get(\"error\", None)\n                    if not status:\n                        status = value.get(\"status\", ErrorCode.UNKNOWN_ERROR)\n                        message = value.get(\"value\") or value.get(\"message\")\n                        if not isinstance(message, str):\n                            value = message\n                            message = message.get(\"message\")\n                    else:\n                        message = value.get(\"message\", None)\n                except ValueError:\n                    pass\n    \n        exception_class: Type[WebDriverException]\n        if status in ErrorCode.NO_SUCH_ELEMENT:\n            exception_class = NoSuchElementException\n        elif status in ErrorCode.NO_SUCH_FRAME:\n            exception_class = NoSuchFrameException\n        elif status in ErrorCode.NO_SUCH_SHADOW_ROOT:\n            exception_class = NoSuchShadowRootException\n        elif status in ErrorCode.NO_SUCH_WINDOW:\n            exception_class = NoSuchWindowException\n        elif status in ErrorCode.STALE_ELEMENT_REFERENCE:\n            exception_class = StaleElementReferenceException\n        elif status in ErrorCode.ELEMENT_NOT_VISIBLE:\n            exception_class = ElementNotVisibleException\n        elif status in ErrorCode.INVALID_ELEMENT_STATE:\n            exception_class = InvalidElementStateException\n        elif (\n            status in ErrorCode.INVALID_SELECTOR\n            or status in ErrorCode.INVALID_XPATH_SELECTOR\n            or status in ErrorCode.INVALID_XPATH_SELECTOR_RETURN_TYPER\n        ):\n            exception_class = InvalidSelectorException\n        elif status in ErrorCode.ELEMENT_IS_NOT_SELECTABLE:\n            exception_class = ElementNotSelectableException\n        elif status in ErrorCode.ELEMENT_NOT_INTERACTABLE:\n            exception_class = ElementNotInteractableException\n        elif status in ErrorCode.INVALID_COOKIE_DOMAIN:\n            exception_class = InvalidCookieDomainException\n        elif status in ErrorCode.UNABLE_TO_SET_COOKIE:\n            exception_class = UnableToSetCookieException\n        elif status in ErrorCode.TIMEOUT:\n            exception_class = TimeoutException\n        elif status in ErrorCode.SCRIPT_TIMEOUT:\n            exception_class = TimeoutException\n        elif status in ErrorCode.UNKNOWN_ERROR:\n            exception_class = WebDriverException\n        elif status in ErrorCode.UNEXPECTED_ALERT_OPEN:\n            exception_class = UnexpectedAlertPresentException\n        elif status in ErrorCode.NO_ALERT_OPEN:\n            exception_class = NoAlertPresentException\n        elif status in ErrorCode.IME_NOT_AVAILABLE:\n            exception_class = ImeNotAvailableException\n        elif status in ErrorCode.IME_ENGINE_ACTIVATION_FAILED:\n            exception_class = ImeActivationFailedException\n        elif status in ErrorCode.MOVE_TARGET_OUT_OF_BOUNDS:\n            exception_class = MoveTargetOutOfBoundsException\n        elif status in ErrorCode.JAVASCRIPT_ERROR:\n            exception_class = JavascriptException\n        elif status in ErrorCode.SESSION_NOT_CREATED:\n            exception_class = SessionNotCreatedException\n        elif status in ErrorCode.INVALID_ARGUMENT:\n            exception_class = InvalidArgumentException\n        elif status in ErrorCode.NO_SUCH_COOKIE:\n            exception_class = NoSuchCookieException\n        elif status in ErrorCode.UNABLE_TO_CAPTURE_SCREEN:\n            exception_class = ScreenshotException\n        elif status in ErrorCode.ELEMENT_CLICK_INTERCEPTED:\n            exception_class = ElementClickInterceptedException\n        elif status in ErrorCode.INSECURE_CERTIFICATE:\n            exception_class = InsecureCertificateException\n        elif status in ErrorCode.INVALID_COORDINATES:\n            exception_class = InvalidCoordinatesException\n        elif status in ErrorCode.INVALID_SESSION_ID:\n            exception_class = InvalidSessionIdException\n        elif status in ErrorCode.UNKNOWN_METHOD:\n            exception_class = UnknownMethodException\n        else:\n            exception_class = WebDriverException\n        if not value:\n            value = response[\"value\"]\n        if isinstance(value, str):\n            raise exception_class(value)\n        if message == \"\" and \"message\" in value:\n            message = value[\"message\"]\n    \n        screen = None  # type: ignore[assignment]\n        if \"screen\" in value:\n            screen = value[\"screen\"]\n    \n        stacktrace = None\n        st_value = value.get(\"stackTrace\") or value.get(\"stacktrace\")\n        if st_value:\n            if isinstance(st_value, str):\n                stacktrace = st_value.split(\"\\n\")\n            else:\n                stacktrace = []\n                try:\n                    for frame in st_value:\n                        line = frame.get(\"lineNumber\", \"\")\n                        file = frame.get(\"fileName\", \"<anonymous>\")\n                        if line:\n                            file = f\"{file}:{line}\"\n                        meth = frame.get(\"methodName\", \"<anonymous>\")\n                        if \"className\" in frame:\n                            meth = f\"{frame['className']}.{meth}\"\n                        msg = \"    at %s (%s)\"\n                        msg = msg % (meth, file)\n                        stacktrace.append(msg)\n                except TypeError:\n                    pass\n        if exception_class == UnexpectedAlertPresentException:\n            alert_text = None\n            if \"data\" in value:\n                alert_text = value[\"data\"].get(\"text\")\n            elif \"alert\" in value:\n                alert_text = value[\"alert\"].get(\"text\")\n            raise exception_class(message, screen, stacktrace, alert_text)  # type: ignore[call-arg]  # mypy is not smart enough here\n>       raise exception_class(message, screen, stacktrace)\nE       selenium.common.exceptions.NoSuchElementException: Message: no such element: Unable to locate element: {\"method\":\"xpath\",\"selector\":\"(//a[@class='add-to-cart yellow-btn'])[1]\"}\nE         (Session info: chrome-headless-shell=120.0.6099.71); For documentation on this error, please visit: https://www.selenium.dev/documentation/webdriver/troubleshooting/errors#no-such-element-exception\nE       Stacktrace:\nE       #0 0x55c641e08d33 <unknown>\nE       #1 0x55c641ac5f87 <unknown>\nE       #2 0x55c641b15c0e <unknown>\nE       #3 0x55c641b15d11 <unknown>\nE       #4 0x55c641b61004 <unknown>\nE       #5 0x55c641b3f36d <unknown>\nE       #6 0x55c641b5e297 <unknown>\nE       #7 0x55c641b3f0e3 <unknown>\nE       #8 0x55c641b07044 <unknown>\nE       #9 0x55c641b0844e <unknown>\nE       #10 0x55c641dcd861 <unknown>\nE       #11 0x55c641dd1785 <unknown>\nE       #12 0x55c641dbb285 <unknown>\nE       #13 0x55c641dd241f <unknown>\nE       #14 0x55c641d9f20f <unknown>\nE       #15 0x55c641df6028 <unknown>\nE       #16 0x55c641df61f7 <unknown>\nE       #17 0x55c641e07ed4 <unknown>\nE       #18 0x7fc839c8d044 <unknown>\n\n/usr/local/lib/python3.11/site-packages/selenium/webdriver/remote/errorhandler.py:245: NoSuchElementException","steps":[{"name":"Добавляем товар в корзину в количестве 299","time":{"start":1702602862349,"stop":1702602862361,"duration":12},"status":"broken","statusMessage":"selenium.common.exceptions.NoSuchElementException: Message: no such element: Unable to locate element: {\"method\":\"xpath\",\"selector\":\"(//a[@class='add-to-cart yellow-btn'])[1]\"}\n  (Session info: chrome-headless-shell=120.0.6099.71); For documentation on this error, please visit: https://www.selenium.dev/documentation/webdriver/troubleshooting/errors#no-such-element-exception\nStacktrace:\n#0 0x55c641e08d33 <unknown>\n#1 0x55c641ac5f87 <unknown>\n#2 0x55c641b15c0e <unknown>\n#3 0x55c641b15d11 <unknown>\n#4 0x55c641b61004 <unknown>\n#5 0x55c641b3f36d <unknown>\n#6 0x55c641b5e297 <unknown>\n#7 0x55c641b3f0e3 <unknown>\n#8 0x55c641b07044 <unknown>\n#9 0x55c641b0844e <unknown>\n#10 0x55c641dcd861 <unknown>\n#11 0x55c641dd1785 <unknown>\n#12 0x55c641dbb285 <unknown>\n#13 0x55c641dd241f <unknown>\n#14 0x55c641d9f20f <unknown>\n#15 0x55c641df6028 <unknown>\n#16 0x55c641df61f7 <unknown>\n#17 0x55c641e07ed4 <unknown>\n#18 0x7fc839c8d044 <unknown>\n\n","statusTrace":"  File \"/usr/local/lib/python3.11/site-packages/allure_commons/_allure.py\", line 192, in impl\n    return func(*a, **kw)\n           ^^^^^^^^^^^^^^\n  File \"/app/pages/item_page.py\", line 40, in add_item_to_cart\n    self.find_element(self._add_item).click()\n    ^^^^^^^^^^^^^^^^^^^^^^^^^^^^^^^^^\n  File \"/app/base/seleniumbase.py\", line 17, in find_element\n    return self.driver.find_element(*locator)\n           ^^^^^^^^^^^^^^^^^^^^^^^^^^^^^^^^^^\n  File \"/usr/local/lib/python3.11/site-packages/selenium/webdriver/remote/webdriver.py\", line 740, in find_element\n    return self.execute(Command.FIND_ELEMENT, {\"using\": by, \"value\": value})[\"value\"]\n           ^^^^^^^^^^^^^^^^^^^^^^^^^^^^^^^^^^^^^^^^^^^^^^^^^^^^^^^^^^^^^^^^^\n  File \"/usr/local/lib/python3.11/site-packages/selenium/webdriver/remote/webdriver.py\", line 346, in execute\n    self.error_handler.check_response(response)\n  File \"/usr/local/lib/python3.11/site-packages/selenium/webdriver/remote/errorhandler.py\", line 245, in check_response\n    raise exception_class(message, screen, stacktrace)\n","steps":[],"attachments":[],"parameters":[{"name":"amount","value":"299"}],"shouldDisplayMessage":true,"stepsCount":0,"attachmentsCount":0,"hasContent":true,"attachmentStep":false}],"attachments":[{"uid":"c90e48f2113241f8","name":"Screenshot","source":"c90e48f2113241f8.png","type":"image/png","size":5862},{"uid":"519a51dbeac8ea18","name":"HTML source","source":"519a51dbeac8ea18.html","type":"text/html","size":39}],"parameters":[],"shouldDisplayMessage":true,"stepsCount":1,"attachmentsCount":2,"hasContent":true,"attachmentStep":false},"afterStages":[{"name":"setup::0","time":{"start":1702602862473,"stop":1702602862473,"duration":0},"status":"passed","steps":[],"attachments":[],"parameters":[],"shouldDisplayMessage":false,"stepsCount":0,"attachmentsCount":0,"hasContent":false,"attachmentStep":false},{"name":"driver::0","time":{"start":1702602862473,"stop":1702602862530,"duration":57},"status":"passed","steps":[],"attachments":[],"parameters":[],"shouldDisplayMessage":false,"stepsCount":0,"attachmentsCount":0,"hasContent":false,"attachmentStep":false}],"labels":[{"name":"epic","value":"Delivery Page - calculation"},{"name":"tag","value":"smoke"},{"name":"parentSuite","value":"tests.delivery"},{"name":"suite","value":"test_delivery_calculation"},{"name":"subSuite","value":"TestDeliveryPageCalculation"},{"name":"host","value":"826c1f1062ef"},{"name":"thread","value":"1-MainThread"},{"name":"framework","value":"pytest"},{"name":"language","value":"cpython3"},{"name":"package","value":"tests.delivery.test_delivery_calculation"},{"name":"resultFormat","value":"allure2"}],"parameters":[{"name":"all_time","value":"8980"},{"name":"amount","value":"299"},{"name":"case_id","value":"'TD 011'"},{"name":"in_time","value":"7960"},{"name":"link_item","value":"'products/shtukaturka-gipsovaya-aksolit-m50-30-kg-mashinnogo-naneseniya'"},{"name":"standard","value":"3600"},{"name":"url","value":"'https://sandboxtest.stroyrem-nn.ru/'"},{"name":"weight","value":"9000"}],"links":[],"hidden":false,"retry":false,"extra":{"severity":"normal","retries":[],"categories":[{"name":"Test defects","matchedStatuses":[],"flaky":false}],"history":{"statistic":{"failed":0,"broken":107,"skipped":0,"passed":0,"unknown":0,"total":107},"items":[{"uid":"4ce7f1e46b5aa04c","reportUrl":"https://zaelcovsky.github.io/StroyremAutomation/170//#testresult/4ce7f1e46b5aa04c","status":"broken","statusDetails":"selenium.common.exceptions.NoSuchElementException: Message: no such element: Unable to locate element: {\"method\":\"xpath\",\"selector\":\"(//a[@class='add-to-cart yellow-btn'])[1]\"}\n  (Session info: chrome-headless-shell=120.0.6099.71); For documentation on this error, please visit: https://www.selenium.dev/documentation/webdriver/troubleshooting/errors#no-such-element-exception\nStacktrace:\n#0 0x55b52bbccd33 <unknown>\n#1 0x55b52b889f87 <unknown>\n#2 0x55b52b8d9c0e <unknown>\n#3 0x55b52b8d9d11 <unknown>\n#4 0x55b52b925004 <unknown>\n#5 0x55b52b90336d <unknown>\n#6 0x55b52b922297 <unknown>\n#7 0x55b52b9030e3 <unknown>\n#8 0x55b52b8cb044 <unknown>\n#9 0x55b52b8cc44e <unknown>\n#10 0x55b52bb91861 <unknown>\n#11 0x55b52bb95785 <unknown>\n#12 0x55b52bb7f285 <unknown>\n#13 0x55b52bb9641f <unknown>\n#14 0x55b52bb6320f <unknown>\n#15 0x55b52bbba028 <unknown>\n#16 0x55b52bbba1f7 <unknown>\n#17 0x55b52bbcbed4 <unknown>\n#18 0x7fe072c42044 <unknown>","time":{"start":1702516225419,"stop":1702516226053,"duration":634}},{"uid":"2b5bf3d593f7edf5","reportUrl":"https://zaelcovsky.github.io/StroyremAutomation/169//#testresult/2b5bf3d593f7edf5","status":"broken","statusDetails":"selenium.common.exceptions.NoSuchElementException: Message: no such element: Unable to locate element: {\"method\":\"xpath\",\"selector\":\"(//a[@class='add-to-cart yellow-btn'])[1]\"}\n  (Session info: chrome-headless-shell=120.0.6099.71); For documentation on this error, please visit: https://www.selenium.dev/documentation/webdriver/troubleshooting/errors#no-such-element-exception\nStacktrace:\n#0 0x561b6e402d33 <unknown>\n#1 0x561b6e0bff87 <unknown>\n#2 0x561b6e10fc0e <unknown>\n#3 0x561b6e10fd11 <unknown>\n#4 0x561b6e15b004 <unknown>\n#5 0x561b6e13936d <unknown>\n#6 0x561b6e158297 <unknown>\n#7 0x561b6e1390e3 <unknown>\n#8 0x561b6e101044 <unknown>\n#9 0x561b6e10244e <unknown>\n#10 0x561b6e3c7861 <unknown>\n#11 0x561b6e3cb785 <unknown>\n#12 0x561b6e3b5285 <unknown>\n#13 0x561b6e3cc41f <unknown>\n#14 0x561b6e39920f <unknown>\n#15 0x561b6e3f0028 <unknown>\n#16 0x561b6e3f01f7 <unknown>\n#17 0x561b6e401ed4 <unknown>\n#18 0x7ff24b8a2044 <unknown>","time":{"start":1702429864060,"stop":1702429864387,"duration":327}},{"uid":"f75da0f6205ead00","reportUrl":"https://zaelcovsky.github.io/StroyremAutomation/168//#testresult/f75da0f6205ead00","status":"broken","statusDetails":"selenium.common.exceptions.NoSuchElementException: Message: no such element: Unable to locate element: {\"method\":\"xpath\",\"selector\":\"(//a[@class='add-to-cart yellow-btn'])[1]\"}\n  (Session info: chrome-headless-shell=120.0.6099.71); For documentation on this error, please visit: https://www.selenium.dev/documentation/webdriver/troubleshooting/errors#no-such-element-exception\nStacktrace:\n#0 0x55ebcb6e2d33 <unknown>\n#1 0x55ebcb39ff87 <unknown>\n#2 0x55ebcb3efc0e <unknown>\n#3 0x55ebcb3efd11 <unknown>\n#4 0x55ebcb43b004 <unknown>\n#5 0x55ebcb41936d <unknown>\n#6 0x55ebcb438297 <unknown>\n#7 0x55ebcb4190e3 <unknown>\n#8 0x55ebcb3e1044 <unknown>\n#9 0x55ebcb3e244e <unknown>\n#10 0x55ebcb6a7861 <unknown>\n#11 0x55ebcb6ab785 <unknown>\n#12 0x55ebcb695285 <unknown>\n#13 0x55ebcb6ac41f <unknown>\n#14 0x55ebcb67920f <unknown>\n#15 0x55ebcb6d0028 <unknown>\n#16 0x55ebcb6d01f7 <unknown>\n#17 0x55ebcb6e1ed4 <unknown>\n#18 0x7efe25c67044 <unknown>","time":{"start":1702343605303,"stop":1702343605755,"duration":452}},{"uid":"f7aebc06046e6b83","reportUrl":"https://zaelcovsky.github.io/StroyremAutomation/167//#testresult/f7aebc06046e6b83","status":"broken","statusDetails":"selenium.common.exceptions.NoSuchElementException: Message: no such element: Unable to locate element: {\"method\":\"xpath\",\"selector\":\"(//a[@class='add-to-cart yellow-btn'])[1]\"}\n  (Session info: chrome-headless-shell=120.0.6099.71); For documentation on this error, please visit: https://www.selenium.dev/documentation/webdriver/troubleshooting/errors#no-such-element-exception\nStacktrace:\n#0 0x5578d3ca1d33 <unknown>\n#1 0x5578d395ef87 <unknown>\n#2 0x5578d39aec0e <unknown>\n#3 0x5578d39aed11 <unknown>\n#4 0x5578d39fa004 <unknown>\n#5 0x5578d39d836d <unknown>\n#6 0x5578d39f7297 <unknown>\n#7 0x5578d39d80e3 <unknown>\n#8 0x5578d39a0044 <unknown>\n#9 0x5578d39a144e <unknown>\n#10 0x5578d3c66861 <unknown>\n#11 0x5578d3c6a785 <unknown>\n#12 0x5578d3c54285 <unknown>\n#13 0x5578d3c6b41f <unknown>\n#14 0x5578d3c3820f <unknown>\n#15 0x5578d3c8f028 <unknown>\n#16 0x5578d3c8f1f7 <unknown>\n#17 0x5578d3ca0ed4 <unknown>\n#18 0x7f3fe4455044 <unknown>","time":{"start":1702257228233,"stop":1702257228672,"duration":439}},{"uid":"7ea1f5bf41ae376b","reportUrl":"https://zaelcovsky.github.io/StroyremAutomation/166//#testresult/7ea1f5bf41ae376b","status":"broken","statusDetails":"selenium.common.exceptions.NoSuchElementException: Message: no such element: Unable to locate element: {\"method\":\"xpath\",\"selector\":\"(//a[@class='add-to-cart yellow-btn'])[1]\"}\n  (Session info: chrome-headless-shell=120.0.6099.71); For documentation on this error, please visit: https://www.selenium.dev/documentation/webdriver/troubleshooting/errors#no-such-element-exception\nStacktrace:\n#0 0x5559a6c30d33 <unknown>\n#1 0x5559a68edf87 <unknown>\n#2 0x5559a693dc0e <unknown>\n#3 0x5559a693dd11 <unknown>\n#4 0x5559a6989004 <unknown>\n#5 0x5559a696736d <unknown>\n#6 0x5559a6986297 <unknown>\n#7 0x5559a69670e3 <unknown>\n#8 0x5559a692f044 <unknown>\n#9 0x5559a693044e <unknown>\n#10 0x5559a6bf5861 <unknown>\n#11 0x5559a6bf9785 <unknown>\n#12 0x5559a6be3285 <unknown>\n#13 0x5559a6bfa41f <unknown>\n#14 0x5559a6bc720f <unknown>\n#15 0x5559a6c1e028 <unknown>\n#16 0x5559a6c1e1f7 <unknown>\n#17 0x5559a6c2fed4 <unknown>\n#18 0x7f5070fa4044 <unknown>","time":{"start":1702170928330,"stop":1702170928914,"duration":584}},{"uid":"47efa87f25da267e","reportUrl":"https://zaelcovsky.github.io/StroyremAutomation/165//#testresult/47efa87f25da267e","status":"broken","statusDetails":"selenium.common.exceptions.NoSuchElementException: Message: no such element: Unable to locate element: {\"method\":\"xpath\",\"selector\":\"(//a[@class='add-to-cart yellow-btn'])[1]\"}\n  (Session info: chrome-headless-shell=120.0.6099.71); For documentation on this error, please visit: https://www.selenium.dev/documentation/webdriver/troubleshooting/errors#no-such-element-exception\nStacktrace:\n#0 0x5626ad3d3d33 <unknown>\n#1 0x5626ad090f87 <unknown>\n#2 0x5626ad0e0c0e <unknown>\n#3 0x5626ad0e0d11 <unknown>\n#4 0x5626ad12c004 <unknown>\n#5 0x5626ad10a36d <unknown>\n#6 0x5626ad129297 <unknown>\n#7 0x5626ad10a0e3 <unknown>\n#8 0x5626ad0d2044 <unknown>\n#9 0x5626ad0d344e <unknown>\n#10 0x5626ad398861 <unknown>\n#11 0x5626ad39c785 <unknown>\n#12 0x5626ad386285 <unknown>\n#13 0x5626ad39d41f <unknown>\n#14 0x5626ad36a20f <unknown>\n#15 0x5626ad3c1028 <unknown>\n#16 0x5626ad3c11f7 <unknown>\n#17 0x5626ad3d2ed4 <unknown>\n#18 0x7f10573dc044 <unknown>","time":{"start":1702084188988,"stop":1702084189370,"duration":382}},{"uid":"8b37373530049f13","reportUrl":"https://zaelcovsky.github.io/StroyremAutomation/164//#testresult/8b37373530049f13","status":"broken","statusDetails":"selenium.common.exceptions.NoSuchElementException: Message: no such element: Unable to locate element: {\"method\":\"xpath\",\"selector\":\"(//a[@class='add-to-cart yellow-btn'])[1]\"}\n  (Session info: chrome-headless-shell=120.0.6099.71); For documentation on this error, please visit: https://www.selenium.dev/documentation/webdriver/troubleshooting/errors#no-such-element-exception\nStacktrace:\n#0 0x55e8c531fd33 <unknown>\n#1 0x55e8c4fdcf87 <unknown>\n#2 0x55e8c502cc0e <unknown>\n#3 0x55e8c502cd11 <unknown>\n#4 0x55e8c5078004 <unknown>\n#5 0x55e8c505636d <unknown>\n#6 0x55e8c5075297 <unknown>\n#7 0x55e8c50560e3 <unknown>\n#8 0x55e8c501e044 <unknown>\n#9 0x55e8c501f44e <unknown>\n#10 0x55e8c52e4861 <unknown>\n#11 0x55e8c52e8785 <unknown>\n#12 0x55e8c52d2285 <unknown>\n#13 0x55e8c52e941f <unknown>\n#14 0x55e8c52b620f <unknown>\n#15 0x55e8c530d028 <unknown>\n#16 0x55e8c530d1f7 <unknown>\n#17 0x55e8c531eed4 <unknown>\n#18 0x7f13e6556044 <unknown>","time":{"start":1701998004928,"stop":1701998005562,"duration":634}},{"uid":"be33cbd5f7838a21","reportUrl":"https://zaelcovsky.github.io/StroyremAutomation/163//#testresult/be33cbd5f7838a21","status":"broken","statusDetails":"selenium.common.exceptions.NoSuchElementException: Message: no such element: Unable to locate element: {\"method\":\"xpath\",\"selector\":\"(//a[@class='add-to-cart yellow-btn'])[1]\"}\n  (Session info: chrome-headless-shell=120.0.6099.71); For documentation on this error, please visit: https://www.selenium.dev/documentation/webdriver/troubleshooting/errors#no-such-element-exception\nStacktrace:\n#0 0x559ecd3fbd33 <unknown>\n#1 0x559ecd0b8f87 <unknown>\n#2 0x559ecd108c0e <unknown>\n#3 0x559ecd108d11 <unknown>\n#4 0x559ecd154004 <unknown>\n#5 0x559ecd13236d <unknown>\n#6 0x559ecd151297 <unknown>\n#7 0x559ecd1320e3 <unknown>\n#8 0x559ecd0fa044 <unknown>\n#9 0x559ecd0fb44e <unknown>\n#10 0x559ecd3c0861 <unknown>\n#11 0x559ecd3c4785 <unknown>\n#12 0x559ecd3ae285 <unknown>\n#13 0x559ecd3c541f <unknown>\n#14 0x559ecd39220f <unknown>\n#15 0x559ecd3e9028 <unknown>\n#16 0x559ecd3e91f7 <unknown>\n#17 0x559ecd3faed4 <unknown>\n#18 0x7f22e551d044 <unknown>","time":{"start":1701911568571,"stop":1701911569132,"duration":561}},{"uid":"57493fe4e33c459","reportUrl":"https://zaelcovsky.github.io/StroyremAutomation/162//#testresult/57493fe4e33c459","status":"broken","statusDetails":"selenium.common.exceptions.NoSuchElementException: Message: no such element: Unable to locate element: {\"method\":\"xpath\",\"selector\":\"(//a[@class='add-to-cart yellow-btn'])[1]\"}\n  (Session info: chrome-headless-shell=120.0.6099.62); For documentation on this error, please visit: https://www.selenium.dev/documentation/webdriver/troubleshooting/errors#no-such-element-exception\nStacktrace:\n#0 0x55feb61fcdc3 <unknown>\n#1 0x55feb5eb9f87 <unknown>\n#2 0x55feb5f09c0e <unknown>\n#3 0x55feb5f09d11 <unknown>\n#4 0x55feb5f55004 <unknown>\n#5 0x55feb5f3336d <unknown>\n#6 0x55feb5f52297 <unknown>\n#7 0x55feb5f330e3 <unknown>\n#8 0x55feb5efb044 <unknown>\n#9 0x55feb5efc44e <unknown>\n#10 0x55feb61c18f1 <unknown>\n#11 0x55feb61c5815 <unknown>\n#12 0x55feb61af315 <unknown>\n#13 0x55feb61c64af <unknown>\n#14 0x55feb619329f <unknown>\n#15 0x55feb61ea0b8 <unknown>\n#16 0x55feb61ea287 <unknown>\n#17 0x55feb61fbf64 <unknown>\n#18 0x7f8b9ff30044 <unknown>","time":{"start":1701825200280,"stop":1701825200900,"duration":620}},{"uid":"81a999ad2f2a6dc","reportUrl":"https://zaelcovsky.github.io/StroyremAutomation/161//#testresult/81a999ad2f2a6dc","status":"broken","statusDetails":"selenium.common.exceptions.NoSuchElementException: Message: no such element: Unable to locate element: {\"method\":\"xpath\",\"selector\":\"(//a[@class='add-to-cart yellow-btn'])[1]\"}\n  (Session info: headless chrome=119.0.6045.105); For documentation on this error, please visit: https://www.selenium.dev/documentation/webdriver/troubleshooting/errors#no-such-element-exception\nStacktrace:\n#0 0x55abd99f75e3 <unknown>\n#1 0x55abd96ba0b7 <unknown>\n#2 0x55abd9707f53 <unknown>\n#3 0x55abd9708051 <unknown>\n#4 0x55abd974d9c4 <unknown>\n#5 0x55abd972ef1d <unknown>\n#6 0x55abd974ab3d <unknown>\n#7 0x55abd972ecc3 <unknown>\n#8 0x55abd96fa0e4 <unknown>\n#9 0x55abd96fb0ae <unknown>\n#10 0x55abd99bdce1 <unknown>\n#11 0x55abd99c1b7e <unknown>\n#12 0x55abd99ab4b5 <unknown>\n#13 0x55abd99c27d6 <unknown>\n#14 0x55abd998edbf <unknown>\n#15 0x55abd99e5748 <unknown>\n#16 0x55abd99e5917 <unknown>\n#17 0x55abd99f6773 <unknown>\n#18 0x7fd7dca60044 <unknown>","time":{"start":1701738708800,"stop":1701738709249,"duration":449}},{"uid":"e9eae82cb66c8098","reportUrl":"https://zaelcovsky.github.io/StroyremAutomation/160//#testresult/e9eae82cb66c8098","status":"broken","statusDetails":"selenium.common.exceptions.NoSuchElementException: Message: no such element: Unable to locate element: {\"method\":\"xpath\",\"selector\":\"//input[@class='amount']\"}\n  (Session info: headless chrome=119.0.6045.105); For documentation on this error, please visit: https://www.selenium.dev/documentation/webdriver/troubleshooting/errors#no-such-element-exception\nStacktrace:\n#0 0x55851640b5e3 <unknown>\n#1 0x5585160ce0b7 <unknown>\n#2 0x55851611bf53 <unknown>\n#3 0x55851611c051 <unknown>\n#4 0x5585161619c4 <unknown>\n#5 0x558516142f1d <unknown>\n#6 0x55851615eb3d <unknown>\n#7 0x558516142cc3 <unknown>\n#8 0x55851610e0e4 <unknown>\n#9 0x55851610f0ae <unknown>\n#10 0x5585163d1ce1 <unknown>\n#11 0x5585163d5b7e <unknown>\n#12 0x5585163bf4b5 <unknown>\n#13 0x5585163d67d6 <unknown>\n#14 0x5585163a2dbf <unknown>\n#15 0x5585163f9748 <unknown>\n#16 0x5585163f9917 <unknown>\n#17 0x55851640a773 <unknown>\n#18 0x7efc7990b044 <unknown>","time":{"start":1701652402946,"stop":1701652407565,"duration":4619}},{"uid":"e7b9bf376d03c4c6","reportUrl":"https://zaelcovsky.github.io/StroyremAutomation/159//#testresult/e7b9bf376d03c4c6","status":"broken","statusDetails":"selenium.common.exceptions.NoSuchElementException: Message: no such element: Unable to locate element: {\"method\":\"xpath\",\"selector\":\"//input[@class='amount']\"}\n  (Session info: headless chrome=119.0.6045.105); For documentation on this error, please visit: https://www.selenium.dev/documentation/webdriver/troubleshooting/errors#no-such-element-exception\nStacktrace:\n#0 0x56006a5395e3 <unknown>\n#1 0x56006a1fc0b7 <unknown>\n#2 0x56006a249f53 <unknown>\n#3 0x56006a24a051 <unknown>\n#4 0x56006a28f9c4 <unknown>\n#5 0x56006a270f1d <unknown>\n#6 0x56006a28cb3d <unknown>\n#7 0x56006a270cc3 <unknown>\n#8 0x56006a23c0e4 <unknown>\n#9 0x56006a23d0ae <unknown>\n#10 0x56006a4ffce1 <unknown>\n#11 0x56006a503b7e <unknown>\n#12 0x56006a4ed4b5 <unknown>\n#13 0x56006a5047d6 <unknown>\n#14 0x56006a4d0dbf <unknown>\n#15 0x56006a527748 <unknown>\n#16 0x56006a527917 <unknown>\n#17 0x56006a538773 <unknown>\n#18 0x7fe17a9e4044 <unknown>","time":{"start":1701566156040,"stop":1701566159877,"duration":3837}},{"uid":"b44f723383628a86","reportUrl":"https://zaelcovsky.github.io/StroyremAutomation/158//#testresult/b44f723383628a86","status":"broken","statusDetails":"selenium.common.exceptions.NoSuchElementException: Message: no such element: Unable to locate element: {\"method\":\"xpath\",\"selector\":\"//input[@class='amount']\"}\n  (Session info: headless chrome=119.0.6045.105); For documentation on this error, please visit: https://www.selenium.dev/documentation/webdriver/troubleshooting/errors#no-such-element-exception\nStacktrace:\n#0 0x5612d446f5e3 <unknown>\n#1 0x5612d41320b7 <unknown>\n#2 0x5612d417ff53 <unknown>\n#3 0x5612d4180051 <unknown>\n#4 0x5612d41c59c4 <unknown>\n#5 0x5612d41a6f1d <unknown>\n#6 0x5612d41c2b3d <unknown>\n#7 0x5612d41a6cc3 <unknown>\n#8 0x5612d41720e4 <unknown>\n#9 0x5612d41730ae <unknown>\n#10 0x5612d4435ce1 <unknown>\n#11 0x5612d4439b7e <unknown>\n#12 0x5612d44234b5 <unknown>\n#13 0x5612d443a7d6 <unknown>\n#14 0x5612d4406dbf <unknown>\n#15 0x5612d445d748 <unknown>\n#16 0x5612d445d917 <unknown>\n#17 0x5612d446e773 <unknown>\n#18 0x7f510c7aa044 <unknown>","time":{"start":1701479412637,"stop":1701479416609,"duration":3972}},{"uid":"a753bea753298522","reportUrl":"https://zaelcovsky.github.io/StroyremAutomation/157//#testresult/a753bea753298522","status":"broken","statusDetails":"selenium.common.exceptions.NoSuchElementException: Message: no such element: Unable to locate element: {\"method\":\"xpath\",\"selector\":\"//input[@class='amount']\"}\n  (Session info: headless chrome=119.0.6045.105); For documentation on this error, please visit: https://www.selenium.dev/documentation/webdriver/troubleshooting/errors#no-such-element-exception\nStacktrace:\n#0 0x565031e9f5e3 <unknown>\n#1 0x565031b620b7 <unknown>\n#2 0x565031baff53 <unknown>\n#3 0x565031bb0051 <unknown>\n#4 0x565031bf59c4 <unknown>\n#5 0x565031bd6f1d <unknown>\n#6 0x565031bf2b3d <unknown>\n#7 0x565031bd6cc3 <unknown>\n#8 0x565031ba20e4 <unknown>\n#9 0x565031ba30ae <unknown>\n#10 0x565031e65ce1 <unknown>\n#11 0x565031e69b7e <unknown>\n#12 0x565031e534b5 <unknown>\n#13 0x565031e6a7d6 <unknown>\n#14 0x565031e36dbf <unknown>\n#15 0x565031e8d748 <unknown>\n#16 0x565031e8d917 <unknown>\n#17 0x565031e9e773 <unknown>\n#18 0x7f311da6d044 <unknown>","time":{"start":1701393546588,"stop":1701393551694,"duration":5106}},{"uid":"30cd9e0e512cd0bf","reportUrl":"https://zaelcovsky.github.io/StroyremAutomation/156//#testresult/30cd9e0e512cd0bf","status":"broken","statusDetails":"selenium.common.exceptions.NoSuchElementException: Message: no such element: Unable to locate element: {\"method\":\"xpath\",\"selector\":\"//input[@class='amount']\"}\n  (Session info: headless chrome=119.0.6045.105); For documentation on this error, please visit: https://www.selenium.dev/documentation/webdriver/troubleshooting/errors#no-such-element-exception\nStacktrace:\n#0 0x55ec0b3a85e3 <unknown>\n#1 0x55ec0b06b0b7 <unknown>\n#2 0x55ec0b0b8f53 <unknown>\n#3 0x55ec0b0b9051 <unknown>\n#4 0x55ec0b0fe9c4 <unknown>\n#5 0x55ec0b0dff1d <unknown>\n#6 0x55ec0b0fbb3d <unknown>\n#7 0x55ec0b0dfcc3 <unknown>\n#8 0x55ec0b0ab0e4 <unknown>\n#9 0x55ec0b0ac0ae <unknown>\n#10 0x55ec0b36ece1 <unknown>\n#11 0x55ec0b372b7e <unknown>\n#12 0x55ec0b35c4b5 <unknown>\n#13 0x55ec0b3737d6 <unknown>\n#14 0x55ec0b33fdbf <unknown>\n#15 0x55ec0b396748 <unknown>\n#16 0x55ec0b396917 <unknown>\n#17 0x55ec0b3a7773 <unknown>\n#18 0x7f9ec138a044 <unknown>","time":{"start":1701306703361,"stop":1701306707219,"duration":3858}},{"uid":"739f51036e3ff5d9","reportUrl":"https://zaelcovsky.github.io/StroyremAutomation/155//#testresult/739f51036e3ff5d9","status":"broken","statusDetails":"selenium.common.exceptions.NoSuchElementException: Message: no such element: Unable to locate element: {\"method\":\"xpath\",\"selector\":\"//input[@class='amount']\"}\n  (Session info: headless chrome=119.0.6045.105); For documentation on this error, please visit: https://www.selenium.dev/documentation/webdriver/troubleshooting/errors#no-such-element-exception\nStacktrace:\n#0 0x56058db1d5e3 <unknown>\n#1 0x56058d7e00b7 <unknown>\n#2 0x56058d82df53 <unknown>\n#3 0x56058d82e051 <unknown>\n#4 0x56058d8739c4 <unknown>\n#5 0x56058d854f1d <unknown>\n#6 0x56058d870b3d <unknown>\n#7 0x56058d854cc3 <unknown>\n#8 0x56058d8200e4 <unknown>\n#9 0x56058d8210ae <unknown>\n#10 0x56058dae3ce1 <unknown>\n#11 0x56058dae7b7e <unknown>\n#12 0x56058dad14b5 <unknown>\n#13 0x56058dae87d6 <unknown>\n#14 0x56058dab4dbf <unknown>\n#15 0x56058db0b748 <unknown>\n#16 0x56058db0b917 <unknown>\n#17 0x56058db1c773 <unknown>\n#18 0x7f13c336e044 <unknown>","time":{"start":1701220320588,"stop":1701220324404,"duration":3816}},{"uid":"ae659fc470b546e7","reportUrl":"https://zaelcovsky.github.io/StroyremAutomation/154//#testresult/ae659fc470b546e7","status":"broken","statusDetails":"selenium.common.exceptions.NoSuchElementException: Message: no such element: Unable to locate element: {\"method\":\"xpath\",\"selector\":\"//input[@class='amount']\"}\n  (Session info: headless chrome=119.0.6045.105); For documentation on this error, please visit: https://www.selenium.dev/documentation/webdriver/troubleshooting/errors#no-such-element-exception\nStacktrace:\n#0 0x55c0ca6b75e3 <unknown>\n#1 0x55c0ca37a0b7 <unknown>\n#2 0x55c0ca3c7f53 <unknown>\n#3 0x55c0ca3c8051 <unknown>\n#4 0x55c0ca40d9c4 <unknown>\n#5 0x55c0ca3eef1d <unknown>\n#6 0x55c0ca40ab3d <unknown>\n#7 0x55c0ca3eecc3 <unknown>\n#8 0x55c0ca3ba0e4 <unknown>\n#9 0x55c0ca3bb0ae <unknown>\n#10 0x55c0ca67dce1 <unknown>\n#11 0x55c0ca681b7e <unknown>\n#12 0x55c0ca66b4b5 <unknown>\n#13 0x55c0ca6827d6 <unknown>\n#14 0x55c0ca64edbf <unknown>\n#15 0x55c0ca6a5748 <unknown>\n#16 0x55c0ca6a5917 <unknown>\n#17 0x55c0ca6b6773 <unknown>\n#18 0x7f87f6581044 <unknown>","time":{"start":1701133930960,"stop":1701133934429,"duration":3469}},{"uid":"c2d475afe8dd42a5","reportUrl":"https://zaelcovsky.github.io/StroyremAutomation/153//#testresult/c2d475afe8dd42a5","status":"broken","statusDetails":"selenium.common.exceptions.NoSuchElementException: Message: no such element: Unable to locate element: {\"method\":\"xpath\",\"selector\":\"//input[@class='amount']\"}\n  (Session info: headless chrome=119.0.6045.105); For documentation on this error, please visit: https://www.selenium.dev/documentation/webdriver/troubleshooting/errors#no-such-element-exception\nStacktrace:\n#0 0x55fa7f9a45e3 <unknown>\n#1 0x55fa7f6670b7 <unknown>\n#2 0x55fa7f6b4f53 <unknown>\n#3 0x55fa7f6b5051 <unknown>\n#4 0x55fa7f6fa9c4 <unknown>\n#5 0x55fa7f6dbf1d <unknown>\n#6 0x55fa7f6f7b3d <unknown>\n#7 0x55fa7f6dbcc3 <unknown>\n#8 0x55fa7f6a70e4 <unknown>\n#9 0x55fa7f6a80ae <unknown>\n#10 0x55fa7f96ace1 <unknown>\n#11 0x55fa7f96eb7e <unknown>\n#12 0x55fa7f9584b5 <unknown>\n#13 0x55fa7f96f7d6 <unknown>\n#14 0x55fa7f93bdbf <unknown>\n#15 0x55fa7f992748 <unknown>\n#16 0x55fa7f992917 <unknown>\n#17 0x55fa7f9a3773 <unknown>\n#18 0x7f67f34fc044 <unknown>","time":{"start":1701047540239,"stop":1701047543897,"duration":3658}},{"uid":"7a4e65ceb6149790","reportUrl":"https://zaelcovsky.github.io/StroyremAutomation/152//#testresult/7a4e65ceb6149790","status":"broken","statusDetails":"selenium.common.exceptions.NoSuchElementException: Message: no such element: Unable to locate element: {\"method\":\"xpath\",\"selector\":\"//input[@class='amount']\"}\n  (Session info: headless chrome=119.0.6045.105); For documentation on this error, please visit: https://www.selenium.dev/documentation/webdriver/troubleshooting/errors#no-such-element-exception\nStacktrace:\n#0 0x5633f29715e3 <unknown>\n#1 0x5633f26340b7 <unknown>\n#2 0x5633f2681f53 <unknown>\n#3 0x5633f2682051 <unknown>\n#4 0x5633f26c79c4 <unknown>\n#5 0x5633f26a8f1d <unknown>\n#6 0x5633f26c4b3d <unknown>\n#7 0x5633f26a8cc3 <unknown>\n#8 0x5633f26740e4 <unknown>\n#9 0x5633f26750ae <unknown>\n#10 0x5633f2937ce1 <unknown>\n#11 0x5633f293bb7e <unknown>\n#12 0x5633f29254b5 <unknown>\n#13 0x5633f293c7d6 <unknown>\n#14 0x5633f2908dbf <unknown>\n#15 0x5633f295f748 <unknown>\n#16 0x5633f295f917 <unknown>\n#17 0x5633f2970773 <unknown>\n#18 0x7fb574be1044 <unknown>","time":{"start":1700961436616,"stop":1700961441479,"duration":4863}},{"uid":"56b7ee5f397efa2","reportUrl":"https://zaelcovsky.github.io/StroyremAutomation/151//#testresult/56b7ee5f397efa2","status":"broken","statusDetails":"selenium.common.exceptions.NoSuchElementException: Message: no such element: Unable to locate element: {\"method\":\"xpath\",\"selector\":\"//input[@class='amount']\"}\n  (Session info: headless chrome=119.0.6045.105); For documentation on this error, please visit: https://www.selenium.dev/documentation/webdriver/troubleshooting/errors#no-such-element-exception\nStacktrace:\n#0 0x559e7bb995e3 <unknown>\n#1 0x559e7b85c0b7 <unknown>\n#2 0x559e7b8a9f53 <unknown>\n#3 0x559e7b8aa051 <unknown>\n#4 0x559e7b8ef9c4 <unknown>\n#5 0x559e7b8d0f1d <unknown>\n#6 0x559e7b8ecb3d <unknown>\n#7 0x559e7b8d0cc3 <unknown>\n#8 0x559e7b89c0e4 <unknown>\n#9 0x559e7b89d0ae <unknown>\n#10 0x559e7bb5fce1 <unknown>\n#11 0x559e7bb63b7e <unknown>\n#12 0x559e7bb4d4b5 <unknown>\n#13 0x559e7bb647d6 <unknown>\n#14 0x559e7bb30dbf <unknown>\n#15 0x559e7bb87748 <unknown>\n#16 0x559e7bb87917 <unknown>\n#17 0x559e7bb98773 <unknown>\n#18 0x7f8047e7f044 <unknown>","time":{"start":1700874546512,"stop":1700874550172,"duration":3660}}]},"tags":["smoke"]},"source":"73962e1c9a1c061a.json","parameterValues":["8980","299","'TD 011'","7960","'products/shtukaturka-gipsovaya-aksolit-m50-30-kg-mashinnogo-naneseniya'","3600","'https://sandboxtest.stroyrem-nn.ru/'","9000"]}