{"uid":"166a9be821bb2342","name":"TC 007 - Проверка функциональности ссылки 'Строительные советы'","fullName":"tests.test_main_page.TestMainPage#test_positive_footer_building_advices_smoke","historyId":"e1043e7d837394f182066b4573261622","time":{"start":1700615262006,"stop":1700615262019,"duration":13},"status":"broken","statusMessage":"selenium.common.exceptions.NoSuchElementException: Message: no such element: Unable to locate element: {\"method\":\"xpath\",\"selector\":\"(//a[@href='/articles'])[3]\"}\n  (Session info: headless chrome=119.0.6045.105); For documentation on this error, please visit: https://www.selenium.dev/documentation/webdriver/troubleshooting/errors#no-such-element-exception\nStacktrace:\n#0 0x5620d48125e3 <unknown>\n#1 0x5620d44d50b7 <unknown>\n#2 0x5620d4522f53 <unknown>\n#3 0x5620d4523051 <unknown>\n#4 0x5620d45689c4 <unknown>\n#5 0x5620d4549f1d <unknown>\n#6 0x5620d4565b3d <unknown>\n#7 0x5620d4549cc3 <unknown>\n#8 0x5620d45150e4 <unknown>\n#9 0x5620d45160ae <unknown>\n#10 0x5620d47d8ce1 <unknown>\n#11 0x5620d47dcb7e <unknown>\n#12 0x5620d47c64b5 <unknown>\n#13 0x5620d47dd7d6 <unknown>\n#14 0x5620d47a9dbf <unknown>\n#15 0x5620d4800748 <unknown>\n#16 0x5620d4800917 <unknown>\n#17 0x5620d4811773 <unknown>\n#18 0x7f3bf811a044 <unknown>","statusTrace":"self = <tests.test_main_page.TestMainPage object at 0x7fe0906940d0>\nmain_page = <pages.main_page.MainPage object at 0x7fe0912a5cd0>\n\n    @allure.feature(\"Footer functionality\")\n    @allure.title(\"TC 007 - Проверка функциональности ссылки 'Строительные советы'\")\n    @pytest.mark.smoke_test\n    def test_positive_footer_building_advices_smoke(self, main_page):\n        articles_page = ArticlesPage(main_page.driver)\n>       main_page.check_building_tips_link()\n\ntests/test_main_page.py:75: \n_ _ _ _ _ _ _ _ _ _ _ _ _ _ _ _ _ _ _ _ _ _ _ _ _ _ _ _ _ _ _ _ _ _ _ _ _ _ _ _ \npages/main_page.py:110: in check_building_tips_link\n    self.driver.find_element(*self._building_advices_link).click()\n/usr/local/lib/python3.11/site-packages/selenium/webdriver/remote/webdriver.py:740: in find_element\n    return self.execute(Command.FIND_ELEMENT, {\"using\": by, \"value\": value})[\"value\"]\n/usr/local/lib/python3.11/site-packages/selenium/webdriver/remote/webdriver.py:346: in execute\n    self.error_handler.check_response(response)\n_ _ _ _ _ _ _ _ _ _ _ _ _ _ _ _ _ _ _ _ _ _ _ _ _ _ _ _ _ _ _ _ _ _ _ _ _ _ _ _ \n\nself = <selenium.webdriver.remote.errorhandler.ErrorHandler object at 0x7fe0900fb6d0>\nresponse = {'status': 404, 'value': '{\"value\":{\"error\":\"no such element\",\"message\":\"no such element: Unable to locate element: {\\...\\\\n#16 0x5620d4800917 \\\\u003Cunknown>\\\\n#17 0x5620d4811773 \\\\u003Cunknown>\\\\n#18 0x7f3bf811a044 \\\\u003Cunknown>\\\\n\"}}'}\n\n    def check_response(self, response: Dict[str, Any]) -> None:\n        \"\"\"Checks that a JSON response from the WebDriver does not have an\n        error.\n    \n        :Args:\n         - response - The JSON response from the WebDriver server as a dictionary\n           object.\n    \n        :Raises: If the response contains an error message.\n        \"\"\"\n        status = response.get(\"status\", None)\n        if not status or status == ErrorCode.SUCCESS:\n            return\n        value = None\n        message = response.get(\"message\", \"\")\n        screen: str = response.get(\"screen\", \"\")\n        stacktrace = None\n        if isinstance(status, int):\n            value_json = response.get(\"value\", None)\n            if value_json and isinstance(value_json, str):\n                import json\n    \n                try:\n                    value = json.loads(value_json)\n                    if len(value) == 1:\n                        value = value[\"value\"]\n                    status = value.get(\"error\", None)\n                    if not status:\n                        status = value.get(\"status\", ErrorCode.UNKNOWN_ERROR)\n                        message = value.get(\"value\") or value.get(\"message\")\n                        if not isinstance(message, str):\n                            value = message\n                            message = message.get(\"message\")\n                    else:\n                        message = value.get(\"message\", None)\n                except ValueError:\n                    pass\n    \n        exception_class: Type[WebDriverException]\n        if status in ErrorCode.NO_SUCH_ELEMENT:\n            exception_class = NoSuchElementException\n        elif status in ErrorCode.NO_SUCH_FRAME:\n            exception_class = NoSuchFrameException\n        elif status in ErrorCode.NO_SUCH_SHADOW_ROOT:\n            exception_class = NoSuchShadowRootException\n        elif status in ErrorCode.NO_SUCH_WINDOW:\n            exception_class = NoSuchWindowException\n        elif status in ErrorCode.STALE_ELEMENT_REFERENCE:\n            exception_class = StaleElementReferenceException\n        elif status in ErrorCode.ELEMENT_NOT_VISIBLE:\n            exception_class = ElementNotVisibleException\n        elif status in ErrorCode.INVALID_ELEMENT_STATE:\n            exception_class = InvalidElementStateException\n        elif (\n            status in ErrorCode.INVALID_SELECTOR\n            or status in ErrorCode.INVALID_XPATH_SELECTOR\n            or status in ErrorCode.INVALID_XPATH_SELECTOR_RETURN_TYPER\n        ):\n            exception_class = InvalidSelectorException\n        elif status in ErrorCode.ELEMENT_IS_NOT_SELECTABLE:\n            exception_class = ElementNotSelectableException\n        elif status in ErrorCode.ELEMENT_NOT_INTERACTABLE:\n            exception_class = ElementNotInteractableException\n        elif status in ErrorCode.INVALID_COOKIE_DOMAIN:\n            exception_class = InvalidCookieDomainException\n        elif status in ErrorCode.UNABLE_TO_SET_COOKIE:\n            exception_class = UnableToSetCookieException\n        elif status in ErrorCode.TIMEOUT:\n            exception_class = TimeoutException\n        elif status in ErrorCode.SCRIPT_TIMEOUT:\n            exception_class = TimeoutException\n        elif status in ErrorCode.UNKNOWN_ERROR:\n            exception_class = WebDriverException\n        elif status in ErrorCode.UNEXPECTED_ALERT_OPEN:\n            exception_class = UnexpectedAlertPresentException\n        elif status in ErrorCode.NO_ALERT_OPEN:\n            exception_class = NoAlertPresentException\n        elif status in ErrorCode.IME_NOT_AVAILABLE:\n            exception_class = ImeNotAvailableException\n        elif status in ErrorCode.IME_ENGINE_ACTIVATION_FAILED:\n            exception_class = ImeActivationFailedException\n        elif status in ErrorCode.MOVE_TARGET_OUT_OF_BOUNDS:\n            exception_class = MoveTargetOutOfBoundsException\n        elif status in ErrorCode.JAVASCRIPT_ERROR:\n            exception_class = JavascriptException\n        elif status in ErrorCode.SESSION_NOT_CREATED:\n            exception_class = SessionNotCreatedException\n        elif status in ErrorCode.INVALID_ARGUMENT:\n            exception_class = InvalidArgumentException\n        elif status in ErrorCode.NO_SUCH_COOKIE:\n            exception_class = NoSuchCookieException\n        elif status in ErrorCode.UNABLE_TO_CAPTURE_SCREEN:\n            exception_class = ScreenshotException\n        elif status in ErrorCode.ELEMENT_CLICK_INTERCEPTED:\n            exception_class = ElementClickInterceptedException\n        elif status in ErrorCode.INSECURE_CERTIFICATE:\n            exception_class = InsecureCertificateException\n        elif status in ErrorCode.INVALID_COORDINATES:\n            exception_class = InvalidCoordinatesException\n        elif status in ErrorCode.INVALID_SESSION_ID:\n            exception_class = InvalidSessionIdException\n        elif status in ErrorCode.UNKNOWN_METHOD:\n            exception_class = UnknownMethodException\n        else:\n            exception_class = WebDriverException\n        if not value:\n            value = response[\"value\"]\n        if isinstance(value, str):\n            raise exception_class(value)\n        if message == \"\" and \"message\" in value:\n            message = value[\"message\"]\n    \n        screen = None  # type: ignore[assignment]\n        if \"screen\" in value:\n            screen = value[\"screen\"]\n    \n        stacktrace = None\n        st_value = value.get(\"stackTrace\") or value.get(\"stacktrace\")\n        if st_value:\n            if isinstance(st_value, str):\n                stacktrace = st_value.split(\"\\n\")\n            else:\n                stacktrace = []\n                try:\n                    for frame in st_value:\n                        line = frame.get(\"lineNumber\", \"\")\n                        file = frame.get(\"fileName\", \"<anonymous>\")\n                        if line:\n                            file = f\"{file}:{line}\"\n                        meth = frame.get(\"methodName\", \"<anonymous>\")\n                        if \"className\" in frame:\n                            meth = f\"{frame['className']}.{meth}\"\n                        msg = \"    at %s (%s)\"\n                        msg = msg % (meth, file)\n                        stacktrace.append(msg)\n                except TypeError:\n                    pass\n        if exception_class == UnexpectedAlertPresentException:\n            alert_text = None\n            if \"data\" in value:\n                alert_text = value[\"data\"].get(\"text\")\n            elif \"alert\" in value:\n                alert_text = value[\"alert\"].get(\"text\")\n            raise exception_class(message, screen, stacktrace, alert_text)  # type: ignore[call-arg]  # mypy is not smart enough here\n>       raise exception_class(message, screen, stacktrace)\nE       selenium.common.exceptions.NoSuchElementException: Message: no such element: Unable to locate element: {\"method\":\"xpath\",\"selector\":\"(//a[@href='/articles'])[3]\"}\nE         (Session info: headless chrome=119.0.6045.105); For documentation on this error, please visit: https://www.selenium.dev/documentation/webdriver/troubleshooting/errors#no-such-element-exception\nE       Stacktrace:\nE       #0 0x5620d48125e3 <unknown>\nE       #1 0x5620d44d50b7 <unknown>\nE       #2 0x5620d4522f53 <unknown>\nE       #3 0x5620d4523051 <unknown>\nE       #4 0x5620d45689c4 <unknown>\nE       #5 0x5620d4549f1d <unknown>\nE       #6 0x5620d4565b3d <unknown>\nE       #7 0x5620d4549cc3 <unknown>\nE       #8 0x5620d45150e4 <unknown>\nE       #9 0x5620d45160ae <unknown>\nE       #10 0x5620d47d8ce1 <unknown>\nE       #11 0x5620d47dcb7e <unknown>\nE       #12 0x5620d47c64b5 <unknown>\nE       #13 0x5620d47dd7d6 <unknown>\nE       #14 0x5620d47a9dbf <unknown>\nE       #15 0x5620d4800748 <unknown>\nE       #16 0x5620d4800917 <unknown>\nE       #17 0x5620d4811773 <unknown>\nE       #18 0x7f3bf811a044 <unknown>\n\n/usr/local/lib/python3.11/site-packages/selenium/webdriver/remote/errorhandler.py:245: NoSuchElementException","flaky":false,"newFailed":false,"newBroken":false,"newPassed":false,"retriesCount":0,"retriesStatusChange":false,"beforeStages":[{"name":"_session_faker","time":{"start":1700615176919,"stop":1700615176985,"duration":66},"status":"passed","steps":[],"attachments":[],"parameters":[],"shouldDisplayMessage":false,"stepsCount":0,"attachmentsCount":0,"hasContent":false},{"name":"clear_allure_results_folder","time":{"start":1700615176985,"stop":1700615176986,"duration":1},"status":"passed","steps":[],"attachments":[],"parameters":[],"shouldDisplayMessage":false,"stepsCount":0,"attachmentsCount":0,"hasContent":false},{"name":"driver","time":{"start":1700615260687,"stop":1700615261418,"duration":731},"status":"passed","steps":[],"attachments":[],"parameters":[],"shouldDisplayMessage":false,"stepsCount":0,"attachmentsCount":0,"hasContent":false},{"name":"setup","time":{"start":1700615261418,"stop":1700615261418,"duration":0},"status":"passed","steps":[],"attachments":[],"parameters":[],"shouldDisplayMessage":false,"stepsCount":0,"attachmentsCount":0,"hasContent":false},{"name":"main_page","time":{"start":1700615261418,"stop":1700615262006,"duration":588},"status":"passed","steps":[],"attachments":[],"parameters":[],"shouldDisplayMessage":false,"stepsCount":0,"attachmentsCount":0,"hasContent":false}],"testStage":{"status":"broken","statusMessage":"selenium.common.exceptions.NoSuchElementException: Message: no such element: Unable to locate element: {\"method\":\"xpath\",\"selector\":\"(//a[@href='/articles'])[3]\"}\n  (Session info: headless chrome=119.0.6045.105); For documentation on this error, please visit: https://www.selenium.dev/documentation/webdriver/troubleshooting/errors#no-such-element-exception\nStacktrace:\n#0 0x5620d48125e3 <unknown>\n#1 0x5620d44d50b7 <unknown>\n#2 0x5620d4522f53 <unknown>\n#3 0x5620d4523051 <unknown>\n#4 0x5620d45689c4 <unknown>\n#5 0x5620d4549f1d <unknown>\n#6 0x5620d4565b3d <unknown>\n#7 0x5620d4549cc3 <unknown>\n#8 0x5620d45150e4 <unknown>\n#9 0x5620d45160ae <unknown>\n#10 0x5620d47d8ce1 <unknown>\n#11 0x5620d47dcb7e <unknown>\n#12 0x5620d47c64b5 <unknown>\n#13 0x5620d47dd7d6 <unknown>\n#14 0x5620d47a9dbf <unknown>\n#15 0x5620d4800748 <unknown>\n#16 0x5620d4800917 <unknown>\n#17 0x5620d4811773 <unknown>\n#18 0x7f3bf811a044 <unknown>","statusTrace":"self = <tests.test_main_page.TestMainPage object at 0x7fe0906940d0>\nmain_page = <pages.main_page.MainPage object at 0x7fe0912a5cd0>\n\n    @allure.feature(\"Footer functionality\")\n    @allure.title(\"TC 007 - Проверка функциональности ссылки 'Строительные советы'\")\n    @pytest.mark.smoke_test\n    def test_positive_footer_building_advices_smoke(self, main_page):\n        articles_page = ArticlesPage(main_page.driver)\n>       main_page.check_building_tips_link()\n\ntests/test_main_page.py:75: \n_ _ _ _ _ _ _ _ _ _ _ _ _ _ _ _ _ _ _ _ _ _ _ _ _ _ _ _ _ _ _ _ _ _ _ _ _ _ _ _ \npages/main_page.py:110: in check_building_tips_link\n    self.driver.find_element(*self._building_advices_link).click()\n/usr/local/lib/python3.11/site-packages/selenium/webdriver/remote/webdriver.py:740: in find_element\n    return self.execute(Command.FIND_ELEMENT, {\"using\": by, \"value\": value})[\"value\"]\n/usr/local/lib/python3.11/site-packages/selenium/webdriver/remote/webdriver.py:346: in execute\n    self.error_handler.check_response(response)\n_ _ _ _ _ _ _ _ _ _ _ _ _ _ _ _ _ _ _ _ _ _ _ _ _ _ _ _ _ _ _ _ _ _ _ _ _ _ _ _ \n\nself = <selenium.webdriver.remote.errorhandler.ErrorHandler object at 0x7fe0900fb6d0>\nresponse = {'status': 404, 'value': '{\"value\":{\"error\":\"no such element\",\"message\":\"no such element: Unable to locate element: {\\...\\\\n#16 0x5620d4800917 \\\\u003Cunknown>\\\\n#17 0x5620d4811773 \\\\u003Cunknown>\\\\n#18 0x7f3bf811a044 \\\\u003Cunknown>\\\\n\"}}'}\n\n    def check_response(self, response: Dict[str, Any]) -> None:\n        \"\"\"Checks that a JSON response from the WebDriver does not have an\n        error.\n    \n        :Args:\n         - response - The JSON response from the WebDriver server as a dictionary\n           object.\n    \n        :Raises: If the response contains an error message.\n        \"\"\"\n        status = response.get(\"status\", None)\n        if not status or status == ErrorCode.SUCCESS:\n            return\n        value = None\n        message = response.get(\"message\", \"\")\n        screen: str = response.get(\"screen\", \"\")\n        stacktrace = None\n        if isinstance(status, int):\n            value_json = response.get(\"value\", None)\n            if value_json and isinstance(value_json, str):\n                import json\n    \n                try:\n                    value = json.loads(value_json)\n                    if len(value) == 1:\n                        value = value[\"value\"]\n                    status = value.get(\"error\", None)\n                    if not status:\n                        status = value.get(\"status\", ErrorCode.UNKNOWN_ERROR)\n                        message = value.get(\"value\") or value.get(\"message\")\n                        if not isinstance(message, str):\n                            value = message\n                            message = message.get(\"message\")\n                    else:\n                        message = value.get(\"message\", None)\n                except ValueError:\n                    pass\n    \n        exception_class: Type[WebDriverException]\n        if status in ErrorCode.NO_SUCH_ELEMENT:\n            exception_class = NoSuchElementException\n        elif status in ErrorCode.NO_SUCH_FRAME:\n            exception_class = NoSuchFrameException\n        elif status in ErrorCode.NO_SUCH_SHADOW_ROOT:\n            exception_class = NoSuchShadowRootException\n        elif status in ErrorCode.NO_SUCH_WINDOW:\n            exception_class = NoSuchWindowException\n        elif status in ErrorCode.STALE_ELEMENT_REFERENCE:\n            exception_class = StaleElementReferenceException\n        elif status in ErrorCode.ELEMENT_NOT_VISIBLE:\n            exception_class = ElementNotVisibleException\n        elif status in ErrorCode.INVALID_ELEMENT_STATE:\n            exception_class = InvalidElementStateException\n        elif (\n            status in ErrorCode.INVALID_SELECTOR\n            or status in ErrorCode.INVALID_XPATH_SELECTOR\n            or status in ErrorCode.INVALID_XPATH_SELECTOR_RETURN_TYPER\n        ):\n            exception_class = InvalidSelectorException\n        elif status in ErrorCode.ELEMENT_IS_NOT_SELECTABLE:\n            exception_class = ElementNotSelectableException\n        elif status in ErrorCode.ELEMENT_NOT_INTERACTABLE:\n            exception_class = ElementNotInteractableException\n        elif status in ErrorCode.INVALID_COOKIE_DOMAIN:\n            exception_class = InvalidCookieDomainException\n        elif status in ErrorCode.UNABLE_TO_SET_COOKIE:\n            exception_class = UnableToSetCookieException\n        elif status in ErrorCode.TIMEOUT:\n            exception_class = TimeoutException\n        elif status in ErrorCode.SCRIPT_TIMEOUT:\n            exception_class = TimeoutException\n        elif status in ErrorCode.UNKNOWN_ERROR:\n            exception_class = WebDriverException\n        elif status in ErrorCode.UNEXPECTED_ALERT_OPEN:\n            exception_class = UnexpectedAlertPresentException\n        elif status in ErrorCode.NO_ALERT_OPEN:\n            exception_class = NoAlertPresentException\n        elif status in ErrorCode.IME_NOT_AVAILABLE:\n            exception_class = ImeNotAvailableException\n        elif status in ErrorCode.IME_ENGINE_ACTIVATION_FAILED:\n            exception_class = ImeActivationFailedException\n        elif status in ErrorCode.MOVE_TARGET_OUT_OF_BOUNDS:\n            exception_class = MoveTargetOutOfBoundsException\n        elif status in ErrorCode.JAVASCRIPT_ERROR:\n            exception_class = JavascriptException\n        elif status in ErrorCode.SESSION_NOT_CREATED:\n            exception_class = SessionNotCreatedException\n        elif status in ErrorCode.INVALID_ARGUMENT:\n            exception_class = InvalidArgumentException\n        elif status in ErrorCode.NO_SUCH_COOKIE:\n            exception_class = NoSuchCookieException\n        elif status in ErrorCode.UNABLE_TO_CAPTURE_SCREEN:\n            exception_class = ScreenshotException\n        elif status in ErrorCode.ELEMENT_CLICK_INTERCEPTED:\n            exception_class = ElementClickInterceptedException\n        elif status in ErrorCode.INSECURE_CERTIFICATE:\n            exception_class = InsecureCertificateException\n        elif status in ErrorCode.INVALID_COORDINATES:\n            exception_class = InvalidCoordinatesException\n        elif status in ErrorCode.INVALID_SESSION_ID:\n            exception_class = InvalidSessionIdException\n        elif status in ErrorCode.UNKNOWN_METHOD:\n            exception_class = UnknownMethodException\n        else:\n            exception_class = WebDriverException\n        if not value:\n            value = response[\"value\"]\n        if isinstance(value, str):\n            raise exception_class(value)\n        if message == \"\" and \"message\" in value:\n            message = value[\"message\"]\n    \n        screen = None  # type: ignore[assignment]\n        if \"screen\" in value:\n            screen = value[\"screen\"]\n    \n        stacktrace = None\n        st_value = value.get(\"stackTrace\") or value.get(\"stacktrace\")\n        if st_value:\n            if isinstance(st_value, str):\n                stacktrace = st_value.split(\"\\n\")\n            else:\n                stacktrace = []\n                try:\n                    for frame in st_value:\n                        line = frame.get(\"lineNumber\", \"\")\n                        file = frame.get(\"fileName\", \"<anonymous>\")\n                        if line:\n                            file = f\"{file}:{line}\"\n                        meth = frame.get(\"methodName\", \"<anonymous>\")\n                        if \"className\" in frame:\n                            meth = f\"{frame['className']}.{meth}\"\n                        msg = \"    at %s (%s)\"\n                        msg = msg % (meth, file)\n                        stacktrace.append(msg)\n                except TypeError:\n                    pass\n        if exception_class == UnexpectedAlertPresentException:\n            alert_text = None\n            if \"data\" in value:\n                alert_text = value[\"data\"].get(\"text\")\n            elif \"alert\" in value:\n                alert_text = value[\"alert\"].get(\"text\")\n            raise exception_class(message, screen, stacktrace, alert_text)  # type: ignore[call-arg]  # mypy is not smart enough here\n>       raise exception_class(message, screen, stacktrace)\nE       selenium.common.exceptions.NoSuchElementException: Message: no such element: Unable to locate element: {\"method\":\"xpath\",\"selector\":\"(//a[@href='/articles'])[3]\"}\nE         (Session info: headless chrome=119.0.6045.105); For documentation on this error, please visit: https://www.selenium.dev/documentation/webdriver/troubleshooting/errors#no-such-element-exception\nE       Stacktrace:\nE       #0 0x5620d48125e3 <unknown>\nE       #1 0x5620d44d50b7 <unknown>\nE       #2 0x5620d4522f53 <unknown>\nE       #3 0x5620d4523051 <unknown>\nE       #4 0x5620d45689c4 <unknown>\nE       #5 0x5620d4549f1d <unknown>\nE       #6 0x5620d4565b3d <unknown>\nE       #7 0x5620d4549cc3 <unknown>\nE       #8 0x5620d45150e4 <unknown>\nE       #9 0x5620d45160ae <unknown>\nE       #10 0x5620d47d8ce1 <unknown>\nE       #11 0x5620d47dcb7e <unknown>\nE       #12 0x5620d47c64b5 <unknown>\nE       #13 0x5620d47dd7d6 <unknown>\nE       #14 0x5620d47a9dbf <unknown>\nE       #15 0x5620d4800748 <unknown>\nE       #16 0x5620d4800917 <unknown>\nE       #17 0x5620d4811773 <unknown>\nE       #18 0x7f3bf811a044 <unknown>\n\n/usr/local/lib/python3.11/site-packages/selenium/webdriver/remote/errorhandler.py:245: NoSuchElementException","steps":[{"name":"Проверка функциональности ссылки 'Строительные советы'","time":{"start":1700615262006,"stop":1700615262019,"duration":13},"status":"broken","statusMessage":"selenium.common.exceptions.NoSuchElementException: Message: no such element: Unable to locate element: {\"method\":\"xpath\",\"selector\":\"(//a[@href='/articles'])[3]\"}\n  (Session info: headless chrome=119.0.6045.105); For documentation on this error, please visit: https://www.selenium.dev/documentation/webdriver/troubleshooting/errors#no-such-element-exception\nStacktrace:\n#0 0x5620d48125e3 <unknown>\n#1 0x5620d44d50b7 <unknown>\n#2 0x5620d4522f53 <unknown>\n#3 0x5620d4523051 <unknown>\n#4 0x5620d45689c4 <unknown>\n#5 0x5620d4549f1d <unknown>\n#6 0x5620d4565b3d <unknown>\n#7 0x5620d4549cc3 <unknown>\n#8 0x5620d45150e4 <unknown>\n#9 0x5620d45160ae <unknown>\n#10 0x5620d47d8ce1 <unknown>\n#11 0x5620d47dcb7e <unknown>\n#12 0x5620d47c64b5 <unknown>\n#13 0x5620d47dd7d6 <unknown>\n#14 0x5620d47a9dbf <unknown>\n#15 0x5620d4800748 <unknown>\n#16 0x5620d4800917 <unknown>\n#17 0x5620d4811773 <unknown>\n#18 0x7f3bf811a044 <unknown>\n\n","statusTrace":"  File \"/usr/local/lib/python3.11/site-packages/allure_commons/_allure.py\", line 192, in impl\n    return func(*a, **kw)\n           ^^^^^^^^^^^^^^\n  File \"/app/pages/main_page.py\", line 110, in check_building_tips_link\n    self.driver.find_element(*self._building_advices_link).click()\n    ^^^^^^^^^^^^^^^^^^^^^^^^^^^^^^^^^^^^^^^^^^^^^^^^^^^^^^\n  File \"/usr/local/lib/python3.11/site-packages/selenium/webdriver/remote/webdriver.py\", line 740, in find_element\n    return self.execute(Command.FIND_ELEMENT, {\"using\": by, \"value\": value})[\"value\"]\n           ^^^^^^^^^^^^^^^^^^^^^^^^^^^^^^^^^^^^^^^^^^^^^^^^^^^^^^^^^^^^^^^^^\n  File \"/usr/local/lib/python3.11/site-packages/selenium/webdriver/remote/webdriver.py\", line 346, in execute\n    self.error_handler.check_response(response)\n  File \"/usr/local/lib/python3.11/site-packages/selenium/webdriver/remote/errorhandler.py\", line 245, in check_response\n    raise exception_class(message, screen, stacktrace)\n","steps":[],"attachments":[],"parameters":[],"shouldDisplayMessage":true,"stepsCount":0,"attachmentsCount":0,"hasContent":true}],"attachments":[{"uid":"8648e71cc1ef0ab2","name":"Screenshot","source":"8648e71cc1ef0ab2.png","type":"image/png","size":39127},{"uid":"3a69faf3bcfc30e5","name":"HTML source","source":"3a69faf3bcfc30e5.html","type":"text/html","size":538}],"parameters":[],"shouldDisplayMessage":true,"stepsCount":1,"attachmentsCount":2,"hasContent":true},"afterStages":[{"name":"driver::0","time":{"start":1700615262137,"stop":1700615262194,"duration":57},"status":"passed","steps":[],"attachments":[],"parameters":[],"shouldDisplayMessage":false,"stepsCount":0,"attachmentsCount":0,"hasContent":false},{"name":"setup::0","time":{"start":1700615262137,"stop":1700615262137,"duration":0},"status":"passed","steps":[],"attachments":[],"parameters":[],"shouldDisplayMessage":false,"stepsCount":0,"attachmentsCount":0,"hasContent":false}],"labels":[{"name":"feature","value":"Footer functionality"},{"name":"epic","value":"Main Page"},{"name":"tag","value":"smoke_test"},{"name":"parentSuite","value":"tests"},{"name":"suite","value":"test_main_page"},{"name":"subSuite","value":"TestMainPage"},{"name":"host","value":"dd0325d794bf"},{"name":"thread","value":"1-MainThread"},{"name":"framework","value":"pytest"},{"name":"language","value":"cpython3"},{"name":"package","value":"tests.test_main_page"},{"name":"resultFormat","value":"allure2"}],"parameters":[{"name":"url","value":"'https://test2.stroyrem-nn.ru/'"}],"links":[],"hidden":false,"retry":false,"extra":{"severity":"normal","retries":[],"categories":[{"name":"Test defects","matchedStatuses":[],"flaky":false}],"history":{"statistic":{"failed":0,"broken":70,"skipped":0,"passed":35,"unknown":0,"total":105},"items":[{"uid":"cb832ba24bbf6bcc","reportUrl":"https://zaelcovsky.github.io/StroyremAutomation/147//#testresult/cb832ba24bbf6bcc","status":"broken","statusDetails":"selenium.common.exceptions.NoSuchElementException: Message: no such element: Unable to locate element: {\"method\":\"xpath\",\"selector\":\"(//a[@href='/articles'])[3]\"}\n  (Session info: headless chrome=119.0.6045.105); For documentation on this error, please visit: https://www.selenium.dev/documentation/webdriver/troubleshooting/errors#no-such-element-exception\nStacktrace:\n#0 0x561d3eaf95e3 <unknown>\n#1 0x561d3e7bc0b7 <unknown>\n#2 0x561d3e809f53 <unknown>\n#3 0x561d3e80a051 <unknown>\n#4 0x561d3e84f9c4 <unknown>\n#5 0x561d3e830f1d <unknown>\n#6 0x561d3e84cb3d <unknown>\n#7 0x561d3e830cc3 <unknown>\n#8 0x561d3e7fc0e4 <unknown>\n#9 0x561d3e7fd0ae <unknown>\n#10 0x561d3eabfce1 <unknown>\n#11 0x561d3eac3b7e <unknown>\n#12 0x561d3eaad4b5 <unknown>\n#13 0x561d3eac47d6 <unknown>\n#14 0x561d3ea90dbf <unknown>\n#15 0x561d3eae7748 <unknown>\n#16 0x561d3eae7917 <unknown>\n#17 0x561d3eaf8773 <unknown>\n#18 0x7f5922637044 <unknown>","time":{"start":1700528830607,"stop":1700528830621,"duration":14}},{"uid":"75880e2a240bffd0","reportUrl":"https://zaelcovsky.github.io/StroyremAutomation/146//#testresult/75880e2a240bffd0","status":"broken","statusDetails":"selenium.common.exceptions.NoSuchElementException: Message: no such element: Unable to locate element: {\"method\":\"xpath\",\"selector\":\"(//a[@href='/articles'])[3]\"}\n  (Session info: headless chrome=119.0.6045.105); For documentation on this error, please visit: https://www.selenium.dev/documentation/webdriver/troubleshooting/errors#no-such-element-exception\nStacktrace:\n#0 0x55c97fb155e3 <unknown>\n#1 0x55c97f7d80b7 <unknown>\n#2 0x55c97f825f53 <unknown>\n#3 0x55c97f826051 <unknown>\n#4 0x55c97f86b9c4 <unknown>\n#5 0x55c97f84cf1d <unknown>\n#6 0x55c97f868b3d <unknown>\n#7 0x55c97f84ccc3 <unknown>\n#8 0x55c97f8180e4 <unknown>\n#9 0x55c97f8190ae <unknown>\n#10 0x55c97fadbce1 <unknown>\n#11 0x55c97fadfb7e <unknown>\n#12 0x55c97fac94b5 <unknown>\n#13 0x55c97fae07d6 <unknown>\n#14 0x55c97faacdbf <unknown>\n#15 0x55c97fb03748 <unknown>\n#16 0x55c97fb03917 <unknown>\n#17 0x55c97fb14773 <unknown>\n#18 0x7f47b4191044 <unknown>","time":{"start":1700442393718,"stop":1700442393731,"duration":13}},{"uid":"39b44c145b6f74e7","reportUrl":"https://zaelcovsky.github.io/StroyremAutomation/145//#testresult/39b44c145b6f74e7","status":"broken","statusDetails":"selenium.common.exceptions.NoSuchElementException: Message: no such element: Unable to locate element: {\"method\":\"xpath\",\"selector\":\"(//a[@href='/articles'])[3]\"}\n  (Session info: headless chrome=119.0.6045.105); For documentation on this error, please visit: https://www.selenium.dev/documentation/webdriver/troubleshooting/errors#no-such-element-exception\nStacktrace:\n#0 0x55836ab3b5e3 <unknown>\n#1 0x55836a7fe0b7 <unknown>\n#2 0x55836a84bf53 <unknown>\n#3 0x55836a84c051 <unknown>\n#4 0x55836a8919c4 <unknown>\n#5 0x55836a872f1d <unknown>\n#6 0x55836a88eb3d <unknown>\n#7 0x55836a872cc3 <unknown>\n#8 0x55836a83e0e4 <unknown>\n#9 0x55836a83f0ae <unknown>\n#10 0x55836ab01ce1 <unknown>\n#11 0x55836ab05b7e <unknown>\n#12 0x55836aaef4b5 <unknown>\n#13 0x55836ab067d6 <unknown>\n#14 0x55836aad2dbf <unknown>\n#15 0x55836ab29748 <unknown>\n#16 0x55836ab29917 <unknown>\n#17 0x55836ab3a773 <unknown>\n#18 0x7f206c676044 <unknown>","time":{"start":1700356187449,"stop":1700356187462,"duration":13}},{"uid":"4965131491e26741","reportUrl":"https://zaelcovsky.github.io/StroyremAutomation/144//#testresult/4965131491e26741","status":"broken","statusDetails":"selenium.common.exceptions.NoSuchElementException: Message: no such element: Unable to locate element: {\"method\":\"xpath\",\"selector\":\"(//a[@href='/articles'])[3]\"}\n  (Session info: headless chrome=119.0.6045.105); For documentation on this error, please visit: https://www.selenium.dev/documentation/webdriver/troubleshooting/errors#no-such-element-exception\nStacktrace:\n#0 0x55c66ba3a5e3 <unknown>\n#1 0x55c66b6fd0b7 <unknown>\n#2 0x55c66b74af53 <unknown>\n#3 0x55c66b74b051 <unknown>\n#4 0x55c66b7909c4 <unknown>\n#5 0x55c66b771f1d <unknown>\n#6 0x55c66b78db3d <unknown>\n#7 0x55c66b771cc3 <unknown>\n#8 0x55c66b73d0e4 <unknown>\n#9 0x55c66b73e0ae <unknown>\n#10 0x55c66ba00ce1 <unknown>\n#11 0x55c66ba04b7e <unknown>\n#12 0x55c66b9ee4b5 <unknown>\n#13 0x55c66ba057d6 <unknown>\n#14 0x55c66b9d1dbf <unknown>\n#15 0x55c66ba28748 <unknown>\n#16 0x55c66ba28917 <unknown>\n#17 0x55c66ba39773 <unknown>\n#18 0x7fe868a3e044 <unknown>","time":{"start":1700269522096,"stop":1700269522109,"duration":13}},{"uid":"ff433428fef5c507","reportUrl":"https://zaelcovsky.github.io/StroyremAutomation/143//#testresult/ff433428fef5c507","status":"broken","statusDetails":"selenium.common.exceptions.NoSuchElementException: Message: no such element: Unable to locate element: {\"method\":\"xpath\",\"selector\":\"(//a[@href='/articles'])[3]\"}\n  (Session info: headless chrome=119.0.6045.105); For documentation on this error, please visit: https://www.selenium.dev/documentation/webdriver/troubleshooting/errors#no-such-element-exception\nStacktrace:\n#0 0x5606452c05e3 <unknown>\n#1 0x560644f830b7 <unknown>\n#2 0x560644fd0f53 <unknown>\n#3 0x560644fd1051 <unknown>\n#4 0x5606450169c4 <unknown>\n#5 0x560644ff7f1d <unknown>\n#6 0x560645013b3d <unknown>\n#7 0x560644ff7cc3 <unknown>\n#8 0x560644fc30e4 <unknown>\n#9 0x560644fc40ae <unknown>\n#10 0x560645286ce1 <unknown>\n#11 0x56064528ab7e <unknown>\n#12 0x5606452744b5 <unknown>\n#13 0x56064528b7d6 <unknown>\n#14 0x560645257dbf <unknown>\n#15 0x5606452ae748 <unknown>\n#16 0x5606452ae917 <unknown>\n#17 0x5606452bf773 <unknown>\n#18 0x7ff793e5d044 <unknown>","time":{"start":1700183160754,"stop":1700183160767,"duration":13}},{"uid":"9081d4503f6f0cac","reportUrl":"https://zaelcovsky.github.io/StroyremAutomation/142//#testresult/9081d4503f6f0cac","status":"broken","statusDetails":"selenium.common.exceptions.NoSuchElementException: Message: no such element: Unable to locate element: {\"method\":\"xpath\",\"selector\":\"(//a[@href='/articles'])[3]\"}\n  (Session info: headless chrome=119.0.6045.105); For documentation on this error, please visit: https://www.selenium.dev/documentation/webdriver/troubleshooting/errors#no-such-element-exception\nStacktrace:\n#0 0x55636efe35e3 <unknown>\n#1 0x55636eca60b7 <unknown>\n#2 0x55636ecf3f53 <unknown>\n#3 0x55636ecf4051 <unknown>\n#4 0x55636ed399c4 <unknown>\n#5 0x55636ed1af1d <unknown>\n#6 0x55636ed36b3d <unknown>\n#7 0x55636ed1acc3 <unknown>\n#8 0x55636ece60e4 <unknown>\n#9 0x55636ece70ae <unknown>\n#10 0x55636efa9ce1 <unknown>\n#11 0x55636efadb7e <unknown>\n#12 0x55636ef974b5 <unknown>\n#13 0x55636efae7d6 <unknown>\n#14 0x55636ef7adbf <unknown>\n#15 0x55636efd1748 <unknown>\n#16 0x55636efd1917 <unknown>\n#17 0x55636efe2773 <unknown>\n#18 0x7fa8bb7a3044 <unknown>","time":{"start":1700096760196,"stop":1700096760209,"duration":13}},{"uid":"f41e5e4c91c4399a","reportUrl":"https://zaelcovsky.github.io/StroyremAutomation/141//#testresult/f41e5e4c91c4399a","status":"broken","statusDetails":"selenium.common.exceptions.NoSuchElementException: Message: no such element: Unable to locate element: {\"method\":\"xpath\",\"selector\":\"(//a[@href='/articles'])[3]\"}\n  (Session info: headless chrome=119.0.6045.105); For documentation on this error, please visit: https://www.selenium.dev/documentation/webdriver/troubleshooting/errors#no-such-element-exception\nStacktrace:\n#0 0x55c2f4e525e3 <unknown>\n#1 0x55c2f4b150b7 <unknown>\n#2 0x55c2f4b62f53 <unknown>\n#3 0x55c2f4b63051 <unknown>\n#4 0x55c2f4ba89c4 <unknown>\n#5 0x55c2f4b89f1d <unknown>\n#6 0x55c2f4ba5b3d <unknown>\n#7 0x55c2f4b89cc3 <unknown>\n#8 0x55c2f4b550e4 <unknown>\n#9 0x55c2f4b560ae <unknown>\n#10 0x55c2f4e18ce1 <unknown>\n#11 0x55c2f4e1cb7e <unknown>\n#12 0x55c2f4e064b5 <unknown>\n#13 0x55c2f4e1d7d6 <unknown>\n#14 0x55c2f4de9dbf <unknown>\n#15 0x55c2f4e40748 <unknown>\n#16 0x55c2f4e40917 <unknown>\n#17 0x55c2f4e51773 <unknown>\n#18 0x7f5b6760b044 <unknown>","time":{"start":1700010296137,"stop":1700010296151,"duration":14}},{"uid":"1c551b23243636e","reportUrl":"https://zaelcovsky.github.io/StroyremAutomation/140//#testresult/1c551b23243636e","status":"broken","statusDetails":"selenium.common.exceptions.NoSuchElementException: Message: no such element: Unable to locate element: {\"method\":\"xpath\",\"selector\":\"(//a[@href='/articles'])[3]\"}\n  (Session info: headless chrome=119.0.6045.105); For documentation on this error, please visit: https://www.selenium.dev/documentation/webdriver/troubleshooting/errors#no-such-element-exception\nStacktrace:\n#0 0x5645b82025e3 <unknown>\n#1 0x5645b7ec50b7 <unknown>\n#2 0x5645b7f12f53 <unknown>\n#3 0x5645b7f13051 <unknown>\n#4 0x5645b7f589c4 <unknown>\n#5 0x5645b7f39f1d <unknown>\n#6 0x5645b7f55b3d <unknown>\n#7 0x5645b7f39cc3 <unknown>\n#8 0x5645b7f050e4 <unknown>\n#9 0x5645b7f060ae <unknown>\n#10 0x5645b81c8ce1 <unknown>\n#11 0x5645b81ccb7e <unknown>\n#12 0x5645b81b64b5 <unknown>\n#13 0x5645b81cd7d6 <unknown>\n#14 0x5645b8199dbf <unknown>\n#15 0x5645b81f0748 <unknown>\n#16 0x5645b81f0917 <unknown>\n#17 0x5645b8201773 <unknown>\n#18 0x7fad3cc64044 <unknown>","time":{"start":1699923871769,"stop":1699923871788,"duration":19}},{"uid":"cbee18fe2db19d8f","reportUrl":"https://zaelcovsky.github.io/StroyremAutomation/139//#testresult/cbee18fe2db19d8f","status":"broken","statusDetails":"selenium.common.exceptions.NoSuchElementException: Message: no such element: Unable to locate element: {\"method\":\"xpath\",\"selector\":\"(//a[@href='/articles'])[3]\"}\n  (Session info: headless chrome=119.0.6045.105); For documentation on this error, please visit: https://www.selenium.dev/documentation/webdriver/troubleshooting/errors#no-such-element-exception\nStacktrace:\n#0 0x561f0d0785e3 <unknown>\n#1 0x561f0cd3b0b7 <unknown>\n#2 0x561f0cd88f53 <unknown>\n#3 0x561f0cd89051 <unknown>\n#4 0x561f0cdce9c4 <unknown>\n#5 0x561f0cdaff1d <unknown>\n#6 0x561f0cdcbb3d <unknown>\n#7 0x561f0cdafcc3 <unknown>\n#8 0x561f0cd7b0e4 <unknown>\n#9 0x561f0cd7c0ae <unknown>\n#10 0x561f0d03ece1 <unknown>\n#11 0x561f0d042b7e <unknown>\n#12 0x561f0d02c4b5 <unknown>\n#13 0x561f0d0437d6 <unknown>\n#14 0x561f0d00fdbf <unknown>\n#15 0x561f0d066748 <unknown>\n#16 0x561f0d066917 <unknown>\n#17 0x561f0d077773 <unknown>\n#18 0x7f3c6f40d044 <unknown>","time":{"start":1699837577213,"stop":1699837577227,"duration":14}},{"uid":"652b177ddb27adac","reportUrl":"https://zaelcovsky.github.io/StroyremAutomation/138//#testresult/652b177ddb27adac","status":"broken","statusDetails":"selenium.common.exceptions.NoSuchElementException: Message: no such element: Unable to locate element: {\"method\":\"xpath\",\"selector\":\"(//a[@href='/articles'])[3]\"}\n  (Session info: headless chrome=119.0.6045.105); For documentation on this error, please visit: https://www.selenium.dev/documentation/webdriver/troubleshooting/errors#no-such-element-exception\nStacktrace:\n#0 0x556eee0235e3 <unknown>\n#1 0x556eedce60b7 <unknown>\n#2 0x556eedd33f53 <unknown>\n#3 0x556eedd34051 <unknown>\n#4 0x556eedd799c4 <unknown>\n#5 0x556eedd5af1d <unknown>\n#6 0x556eedd76b3d <unknown>\n#7 0x556eedd5acc3 <unknown>\n#8 0x556eedd260e4 <unknown>\n#9 0x556eedd270ae <unknown>\n#10 0x556eedfe9ce1 <unknown>\n#11 0x556eedfedb7e <unknown>\n#12 0x556eedfd74b5 <unknown>\n#13 0x556eedfee7d6 <unknown>\n#14 0x556eedfbadbf <unknown>\n#15 0x556eee011748 <unknown>\n#16 0x556eee011917 <unknown>\n#17 0x556eee022773 <unknown>\n#18 0x7f06bd28e044 <unknown>","time":{"start":1699751341856,"stop":1699751341876,"duration":20}},{"uid":"214f482226890416","reportUrl":"https://zaelcovsky.github.io/StroyremAutomation/137//#testresult/214f482226890416","status":"broken","statusDetails":"selenium.common.exceptions.NoSuchElementException: Message: no such element: Unable to locate element: {\"method\":\"xpath\",\"selector\":\"(//a[@href='/articles'])[3]\"}\n  (Session info: headless chrome=119.0.6045.105); For documentation on this error, please visit: https://www.selenium.dev/documentation/webdriver/troubleshooting/errors#no-such-element-exception\nStacktrace:\n#0 0x55724b2a35e3 <unknown>\n#1 0x55724af660b7 <unknown>\n#2 0x55724afb3f53 <unknown>\n#3 0x55724afb4051 <unknown>\n#4 0x55724aff99c4 <unknown>\n#5 0x55724afdaf1d <unknown>\n#6 0x55724aff6b3d <unknown>\n#7 0x55724afdacc3 <unknown>\n#8 0x55724afa60e4 <unknown>\n#9 0x55724afa70ae <unknown>\n#10 0x55724b269ce1 <unknown>\n#11 0x55724b26db7e <unknown>\n#12 0x55724b2574b5 <unknown>\n#13 0x55724b26e7d6 <unknown>\n#14 0x55724b23adbf <unknown>\n#15 0x55724b291748 <unknown>\n#16 0x55724b291917 <unknown>\n#17 0x55724b2a2773 <unknown>\n#18 0x7fef5df9e044 <unknown>","time":{"start":1699664555604,"stop":1699664555617,"duration":13}},{"uid":"b09180ef4164ac2","reportUrl":"https://zaelcovsky.github.io/StroyremAutomation/136//#testresult/b09180ef4164ac2","status":"broken","statusDetails":"selenium.common.exceptions.NoSuchElementException: Message: no such element: Unable to locate element: {\"method\":\"xpath\",\"selector\":\"(//a[@href='/articles'])[3]\"}\n  (Session info: headless chrome=119.0.6045.105); For documentation on this error, please visit: https://www.selenium.dev/documentation/webdriver/troubleshooting/errors#no-such-element-exception\nStacktrace:\n#0 0x55659e1ba5e3 <unknown>\n#1 0x55659de7d0b7 <unknown>\n#2 0x55659decaf53 <unknown>\n#3 0x55659decb051 <unknown>\n#4 0x55659df109c4 <unknown>\n#5 0x55659def1f1d <unknown>\n#6 0x55659df0db3d <unknown>\n#7 0x55659def1cc3 <unknown>\n#8 0x55659debd0e4 <unknown>\n#9 0x55659debe0ae <unknown>\n#10 0x55659e180ce1 <unknown>\n#11 0x55659e184b7e <unknown>\n#12 0x55659e16e4b5 <unknown>\n#13 0x55659e1857d6 <unknown>\n#14 0x55659e151dbf <unknown>\n#15 0x55659e1a8748 <unknown>\n#16 0x55659e1a8917 <unknown>\n#17 0x55659e1b9773 <unknown>\n#18 0x7fe9a5dc7044 <unknown>","time":{"start":1699578228793,"stop":1699578228805,"duration":12}},{"uid":"b490edb24989fde3","reportUrl":"https://zaelcovsky.github.io/StroyremAutomation/135//#testresult/b490edb24989fde3","status":"broken","statusDetails":"selenium.common.exceptions.NoSuchElementException: Message: no such element: Unable to locate element: {\"method\":\"xpath\",\"selector\":\"(//a[@href='/articles'])[3]\"}\n  (Session info: headless chrome=119.0.6045.105); For documentation on this error, please visit: https://www.selenium.dev/documentation/webdriver/troubleshooting/errors#no-such-element-exception\nStacktrace:\n#0 0x564d607f75e3 <unknown>\n#1 0x564d604ba0b7 <unknown>\n#2 0x564d60507f53 <unknown>\n#3 0x564d60508051 <unknown>\n#4 0x564d6054d9c4 <unknown>\n#5 0x564d6052ef1d <unknown>\n#6 0x564d6054ab3d <unknown>\n#7 0x564d6052ecc3 <unknown>\n#8 0x564d604fa0e4 <unknown>\n#9 0x564d604fb0ae <unknown>\n#10 0x564d607bdce1 <unknown>\n#11 0x564d607c1b7e <unknown>\n#12 0x564d607ab4b5 <unknown>\n#13 0x564d607c27d6 <unknown>\n#14 0x564d6078edbf <unknown>\n#15 0x564d607e5748 <unknown>\n#16 0x564d607e5917 <unknown>\n#17 0x564d607f6773 <unknown>\n#18 0x7f265780c044 <unknown>","time":{"start":1699491890150,"stop":1699491890174,"duration":24}},{"uid":"f4ebb31d18cccb9a","reportUrl":"https://zaelcovsky.github.io/StroyremAutomation/134//#testresult/f4ebb31d18cccb9a","status":"broken","statusDetails":"selenium.common.exceptions.NoSuchElementException: Message: no such element: Unable to locate element: {\"method\":\"xpath\",\"selector\":\"(//a[@href='/articles'])[3]\"}\n  (Session info: headless chrome=119.0.6045.105); For documentation on this error, please visit: https://www.selenium.dev/documentation/webdriver/troubleshooting/errors#no-such-element-exception\nStacktrace:\n#0 0x55b9084765e3 <unknown>\n#1 0x55b9081390b7 <unknown>\n#2 0x55b908186f53 <unknown>\n#3 0x55b908187051 <unknown>\n#4 0x55b9081cc9c4 <unknown>\n#5 0x55b9081adf1d <unknown>\n#6 0x55b9081c9b3d <unknown>\n#7 0x55b9081adcc3 <unknown>\n#8 0x55b9081790e4 <unknown>\n#9 0x55b90817a0ae <unknown>\n#10 0x55b90843cce1 <unknown>\n#11 0x55b908440b7e <unknown>\n#12 0x55b90842a4b5 <unknown>\n#13 0x55b9084417d6 <unknown>\n#14 0x55b90840ddbf <unknown>\n#15 0x55b908464748 <unknown>\n#16 0x55b908464917 <unknown>\n#17 0x55b908475773 <unknown>\n#18 0x7f3834203044 <unknown>","time":{"start":1699405417558,"stop":1699405417578,"duration":20}},{"uid":"ab5534a5fc7aafa5","reportUrl":"https://zaelcovsky.github.io/StroyremAutomation/133//#testresult/ab5534a5fc7aafa5","status":"broken","statusDetails":"selenium.common.exceptions.NoSuchElementException: Message: no such element: Unable to locate element: {\"method\":\"xpath\",\"selector\":\"(//a[@href='/articles'])[3]\"}\n  (Session info: headless chrome=119.0.6045.105); For documentation on this error, please visit: https://www.selenium.dev/documentation/webdriver/troubleshooting/errors#no-such-element-exception\nStacktrace:\n#0 0x55c7ef9785e3 <unknown>\n#1 0x55c7ef63b0b7 <unknown>\n#2 0x55c7ef688f53 <unknown>\n#3 0x55c7ef689051 <unknown>\n#4 0x55c7ef6ce9c4 <unknown>\n#5 0x55c7ef6aff1d <unknown>\n#6 0x55c7ef6cbb3d <unknown>\n#7 0x55c7ef6afcc3 <unknown>\n#8 0x55c7ef67b0e4 <unknown>\n#9 0x55c7ef67c0ae <unknown>\n#10 0x55c7ef93ece1 <unknown>\n#11 0x55c7ef942b7e <unknown>\n#12 0x55c7ef92c4b5 <unknown>\n#13 0x55c7ef9437d6 <unknown>\n#14 0x55c7ef90fdbf <unknown>\n#15 0x55c7ef966748 <unknown>\n#16 0x55c7ef966917 <unknown>\n#17 0x55c7ef977773 <unknown>\n#18 0x7fdeeb36f044 <unknown>","time":{"start":1699319084850,"stop":1699319084868,"duration":18}},{"uid":"2a618ee613b6a72d","reportUrl":"https://zaelcovsky.github.io/StroyremAutomation/132//#testresult/2a618ee613b6a72d","status":"broken","statusDetails":"selenium.common.exceptions.NoSuchElementException: Message: no such element: Unable to locate element: {\"method\":\"xpath\",\"selector\":\"(//a[@href='/articles'])[3]\"}\n  (Session info: headless chrome=119.0.6045.105); For documentation on this error, please visit: https://www.selenium.dev/documentation/webdriver/troubleshooting/errors#no-such-element-exception\nStacktrace:\n#0 0x55a5ebfc25e3 <unknown>\n#1 0x55a5ebc850b7 <unknown>\n#2 0x55a5ebcd2f53 <unknown>\n#3 0x55a5ebcd3051 <unknown>\n#4 0x55a5ebd189c4 <unknown>\n#5 0x55a5ebcf9f1d <unknown>\n#6 0x55a5ebd15b3d <unknown>\n#7 0x55a5ebcf9cc3 <unknown>\n#8 0x55a5ebcc50e4 <unknown>\n#9 0x55a5ebcc60ae <unknown>\n#10 0x55a5ebf88ce1 <unknown>\n#11 0x55a5ebf8cb7e <unknown>\n#12 0x55a5ebf764b5 <unknown>\n#13 0x55a5ebf8d7d6 <unknown>\n#14 0x55a5ebf59dbf <unknown>\n#15 0x55a5ebfb0748 <unknown>\n#16 0x55a5ebfb0917 <unknown>\n#17 0x55a5ebfc1773 <unknown>\n#18 0x7f6047051044 <unknown>","time":{"start":1699232762727,"stop":1699232762750,"duration":23}},{"uid":"48ce0de330519a19","reportUrl":"https://zaelcovsky.github.io/StroyremAutomation/131//#testresult/48ce0de330519a19","status":"broken","statusDetails":"selenium.common.exceptions.NoSuchElementException: Message: no such element: Unable to locate element: {\"method\":\"xpath\",\"selector\":\"(//a[@href='/articles'])[3]\"}\n  (Session info: headless chrome=119.0.6045.105); For documentation on this error, please visit: https://www.selenium.dev/documentation/webdriver/troubleshooting/errors#no-such-element-exception\nStacktrace:\n#0 0x55d3e5a425e3 <unknown>\n#1 0x55d3e57050b7 <unknown>\n#2 0x55d3e5752f53 <unknown>\n#3 0x55d3e5753051 <unknown>\n#4 0x55d3e57989c4 <unknown>\n#5 0x55d3e5779f1d <unknown>\n#6 0x55d3e5795b3d <unknown>\n#7 0x55d3e5779cc3 <unknown>\n#8 0x55d3e57450e4 <unknown>\n#9 0x55d3e57460ae <unknown>\n#10 0x55d3e5a08ce1 <unknown>\n#11 0x55d3e5a0cb7e <unknown>\n#12 0x55d3e59f64b5 <unknown>\n#13 0x55d3e5a0d7d6 <unknown>\n#14 0x55d3e59d9dbf <unknown>\n#15 0x55d3e5a30748 <unknown>\n#16 0x55d3e5a30917 <unknown>\n#17 0x55d3e5a41773 <unknown>\n#18 0x7f29eaad9044 <unknown>","time":{"start":1699146471546,"stop":1699146471561,"duration":15}},{"uid":"d0f99d20c89e2578","reportUrl":"https://zaelcovsky.github.io/StroyremAutomation/130//#testresult/d0f99d20c89e2578","status":"broken","statusDetails":"selenium.common.exceptions.NoSuchElementException: Message: no such element: Unable to locate element: {\"method\":\"xpath\",\"selector\":\"(//a[@href='/articles'])[3]\"}\n  (Session info: headless chrome=119.0.6045.105); For documentation on this error, please visit: https://www.selenium.dev/documentation/webdriver/troubleshooting/errors#no-such-element-exception\nStacktrace:\n#0 0x55c867cef5e3 <unknown>\n#1 0x55c8679b20b7 <unknown>\n#2 0x55c8679fff53 <unknown>\n#3 0x55c867a00051 <unknown>\n#4 0x55c867a459c4 <unknown>\n#5 0x55c867a26f1d <unknown>\n#6 0x55c867a42b3d <unknown>\n#7 0x55c867a26cc3 <unknown>\n#8 0x55c8679f20e4 <unknown>\n#9 0x55c8679f30ae <unknown>\n#10 0x55c867cb5ce1 <unknown>\n#11 0x55c867cb9b7e <unknown>\n#12 0x55c867ca34b5 <unknown>\n#13 0x55c867cba7d6 <unknown>\n#14 0x55c867c86dbf <unknown>\n#15 0x55c867cdd748 <unknown>\n#16 0x55c867cdd917 <unknown>\n#17 0x55c867cee773 <unknown>\n#18 0x7f5c81411044 <unknown>","time":{"start":1699059770139,"stop":1699059770154,"duration":15}},{"uid":"7ffa57dcad5e9775","reportUrl":"https://zaelcovsky.github.io/StroyremAutomation/129//#testresult/7ffa57dcad5e9775","status":"broken","statusDetails":"selenium.common.exceptions.NoSuchElementException: Message: no such element: Unable to locate element: {\"method\":\"xpath\",\"selector\":\"(//a[@href='/articles'])[3]\"}\n  (Session info: headless chrome=119.0.6045.105); For documentation on this error, please visit: https://www.selenium.dev/documentation/webdriver/troubleshooting/errors#no-such-element-exception\nStacktrace:\n#0 0x555b3acd75e3 <unknown>\n#1 0x555b3a99a0b7 <unknown>\n#2 0x555b3a9e7f53 <unknown>\n#3 0x555b3a9e8051 <unknown>\n#4 0x555b3aa2d9c4 <unknown>\n#5 0x555b3aa0ef1d <unknown>\n#6 0x555b3aa2ab3d <unknown>\n#7 0x555b3aa0ecc3 <unknown>\n#8 0x555b3a9da0e4 <unknown>\n#9 0x555b3a9db0ae <unknown>\n#10 0x555b3ac9dce1 <unknown>\n#11 0x555b3aca1b7e <unknown>\n#12 0x555b3ac8b4b5 <unknown>\n#13 0x555b3aca27d6 <unknown>\n#14 0x555b3ac6edbf <unknown>\n#15 0x555b3acc5748 <unknown>\n#16 0x555b3acc5917 <unknown>\n#17 0x555b3acd6773 <unknown>\n#18 0x7f3a1a726044 <unknown>","time":{"start":1698973392157,"stop":1698973392174,"duration":17}},{"uid":"a8c60d774611d4b4","reportUrl":"https://zaelcovsky.github.io/StroyremAutomation/128//#testresult/a8c60d774611d4b4","status":"broken","statusDetails":"selenium.common.exceptions.NoSuchElementException: Message: no such element: Unable to locate element: {\"method\":\"xpath\",\"selector\":\"(//a[@href='/articles'])[3]\"}\n  (Session info: headless chrome=119.0.6045.105); For documentation on this error, please visit: https://www.selenium.dev/documentation/webdriver/troubleshooting/errors#no-such-element-exception\nStacktrace:\n#0 0x55e05f64b5e3 <unknown>\n#1 0x55e05f30e0b7 <unknown>\n#2 0x55e05f35bf53 <unknown>\n#3 0x55e05f35c051 <unknown>\n#4 0x55e05f3a19c4 <unknown>\n#5 0x55e05f382f1d <unknown>\n#6 0x55e05f39eb3d <unknown>\n#7 0x55e05f382cc3 <unknown>\n#8 0x55e05f34e0e4 <unknown>\n#9 0x55e05f34f0ae <unknown>\n#10 0x55e05f611ce1 <unknown>\n#11 0x55e05f615b7e <unknown>\n#12 0x55e05f5ff4b5 <unknown>\n#13 0x55e05f6167d6 <unknown>\n#14 0x55e05f5e2dbf <unknown>\n#15 0x55e05f639748 <unknown>\n#16 0x55e05f639917 <unknown>\n#17 0x55e05f64a773 <unknown>\n#18 0x7f5eb68dc044 <unknown>","time":{"start":1698886973738,"stop":1698886973751,"duration":13}}]},"tags":["smoke_test"]},"source":"166a9be821bb2342.json","parameterValues":["'https://test2.stroyrem-nn.ru/'"]}