{"uid":"a2ee580e6d79675a","name":"TD 015 Доставка товара весом до 30кг. в синей зоне","fullName":"tests.delivery.test_delivery_calculation.TestDeliveryPageCalculation#test_positive_delivery_blue_zone_smoke","historyId":"ae12a59ab9fb9a38e23182dccc7cf409","time":{"start":1700615611513,"stop":1700615614713,"duration":3200},"status":"broken","statusMessage":"selenium.common.exceptions.NoSuchElementException: Message: no such element: Unable to locate element: {\"method\":\"xpath\",\"selector\":\"//input[@class='amount']\"}\n  (Session info: headless chrome=119.0.6045.105); For documentation on this error, please visit: https://www.selenium.dev/documentation/webdriver/troubleshooting/errors#no-such-element-exception\nStacktrace:\n#0 0x55cc9fa6f5e3 <unknown>\n#1 0x55cc9f7320b7 <unknown>\n#2 0x55cc9f77ff53 <unknown>\n#3 0x55cc9f780051 <unknown>\n#4 0x55cc9f7c59c4 <unknown>\n#5 0x55cc9f7a6f1d <unknown>\n#6 0x55cc9f7c2b3d <unknown>\n#7 0x55cc9f7a6cc3 <unknown>\n#8 0x55cc9f7720e4 <unknown>\n#9 0x55cc9f7730ae <unknown>\n#10 0x55cc9fa35ce1 <unknown>\n#11 0x55cc9fa39b7e <unknown>\n#12 0x55cc9fa234b5 <unknown>\n#13 0x55cc9fa3a7d6 <unknown>\n#14 0x55cc9fa06dbf <unknown>\n#15 0x55cc9fa5d748 <unknown>\n#16 0x55cc9fa5d917 <unknown>\n#17 0x55cc9fa6e773 <unknown>\n#18 0x7f4e9542c044 <unknown>","statusTrace":"self = <tests.delivery.test_delivery_calculation.TestDeliveryPageCalculation object at 0x7fe0906cd510>\ndriver = <selenium.webdriver.chrome.webdriver.WebDriver (session=\"53c63a393f9fe37132df44b63a54e067\")>\nurl = 'https://sandboxtest.stroyrem-nn.ru/', case_id = 'TD 015'\nlink_item = 'products/shtukaturka-tsementnaya-bergauf-bau-putts-tsement-25kg-56sht'\namount = 1, weight = 30, standard = 650, in_time = 2390, all_time = 3320\n\n    @pytest.mark.parametrize('case_id, link_item, amount, weight, standard, in_time, all_time', [\n        (\"TD 015\", bundeks_25, 1, 30, 650, 2390, 3320),\n        pytest.param(\n            \"TD 016\", aksolit_30, 8, 300, 650, 2390, 3320,\n            marks=pytest.mark.xfail(reson=\"Цена доставки: - - -\")\n        ),\n        (\"TD 017\", aksolit_30, 13, 400, 650, 2390, 3320),\n        (\"TD 018\", aksolit_30, 16, 500, 850, 2490, 3320),\n        (\"TD 019\", aksolit_30, 25, 1700, 1150, 2490, 3320),\n        (\"TD 020\", aksolit_30, 66, 2000, 1500, 2990, 3650),\n        (\"TD 021\", aksolit_30, 149, 4500, 2600, 4380, 4890),\n        (\"TD 022\", aksolit_30, 166, 5000, 2800, 5490, 5980),\n        pytest.param(\n            \"TD 023\", aksolit_30, 206, 6200, 3300, 7500, 8000,\n            marks=pytest.mark.xfail(reson=\"Цена доставки: 4300 9900 11440\")\n        ),\n        (\"TD 024\", aksolit_30, 299, 9000, 4300, 9900, 11440),\n        (\"TD 025\", aksolit_30, 333, 10000, 7000, 13900, 15900),\n        pytest.param(\n            \"TD 026\", aksolit_30, 366, 11000, 8000, 14900, 19900,\n            marks=pytest.mark.xfail(reson=\"Цена доставки: 7000 13900 15900\")\n        ),\n        pytest.param(\n            \"TD 027\", aksolit_30, 666, 20000, 14000, 16900, 23900,\n            marks=pytest.mark.xfail(reson=\"Цена доставки: 7000 13900 15900\")\n        )\n    ])\n    @pytest.mark.smoke\n    def test_positive_delivery_blue_zone_smoke(\n            self, driver, url, case_id, link_item, amount, weight, standard, in_time, all_time\n    ):\n        allure.dynamic.title(f\"{case_id} Доставка товара весом до {weight}кг. в синей зоне\")\n    \n        driver.get(f'{url}{link_item}')\n        item_page = ItemPage(driver)\n>       item_page.add_item_to_cart(amount).click_on_cart()\n\ntests/delivery/test_delivery_calculation.py:130: \n_ _ _ _ _ _ _ _ _ _ _ _ _ _ _ _ _ _ _ _ _ _ _ _ _ _ _ _ _ _ _ _ _ _ _ _ _ _ _ _ \npages/item_page.py:41: in add_item_to_cart\n    amount_field = self.find_element(self._item_amount)\nbase/seleniumbase.py:17: in find_element\n    return self.driver.find_element(*locator)\n/usr/local/lib/python3.11/site-packages/selenium/webdriver/remote/webdriver.py:740: in find_element\n    return self.execute(Command.FIND_ELEMENT, {\"using\": by, \"value\": value})[\"value\"]\n/usr/local/lib/python3.11/site-packages/selenium/webdriver/remote/webdriver.py:346: in execute\n    self.error_handler.check_response(response)\n_ _ _ _ _ _ _ _ _ _ _ _ _ _ _ _ _ _ _ _ _ _ _ _ _ _ _ _ _ _ _ _ _ _ _ _ _ _ _ _ \n\nself = <selenium.webdriver.remote.errorhandler.ErrorHandler object at 0x7fe08ffad990>\nresponse = {'status': 404, 'value': '{\"value\":{\"error\":\"no such element\",\"message\":\"no such element: Unable to locate element: {\\...\\\\n#16 0x55cc9fa5d917 \\\\u003Cunknown>\\\\n#17 0x55cc9fa6e773 \\\\u003Cunknown>\\\\n#18 0x7f4e9542c044 \\\\u003Cunknown>\\\\n\"}}'}\n\n    def check_response(self, response: Dict[str, Any]) -> None:\n        \"\"\"Checks that a JSON response from the WebDriver does not have an\n        error.\n    \n        :Args:\n         - response - The JSON response from the WebDriver server as a dictionary\n           object.\n    \n        :Raises: If the response contains an error message.\n        \"\"\"\n        status = response.get(\"status\", None)\n        if not status or status == ErrorCode.SUCCESS:\n            return\n        value = None\n        message = response.get(\"message\", \"\")\n        screen: str = response.get(\"screen\", \"\")\n        stacktrace = None\n        if isinstance(status, int):\n            value_json = response.get(\"value\", None)\n            if value_json and isinstance(value_json, str):\n                import json\n    \n                try:\n                    value = json.loads(value_json)\n                    if len(value) == 1:\n                        value = value[\"value\"]\n                    status = value.get(\"error\", None)\n                    if not status:\n                        status = value.get(\"status\", ErrorCode.UNKNOWN_ERROR)\n                        message = value.get(\"value\") or value.get(\"message\")\n                        if not isinstance(message, str):\n                            value = message\n                            message = message.get(\"message\")\n                    else:\n                        message = value.get(\"message\", None)\n                except ValueError:\n                    pass\n    \n        exception_class: Type[WebDriverException]\n        if status in ErrorCode.NO_SUCH_ELEMENT:\n            exception_class = NoSuchElementException\n        elif status in ErrorCode.NO_SUCH_FRAME:\n            exception_class = NoSuchFrameException\n        elif status in ErrorCode.NO_SUCH_SHADOW_ROOT:\n            exception_class = NoSuchShadowRootException\n        elif status in ErrorCode.NO_SUCH_WINDOW:\n            exception_class = NoSuchWindowException\n        elif status in ErrorCode.STALE_ELEMENT_REFERENCE:\n            exception_class = StaleElementReferenceException\n        elif status in ErrorCode.ELEMENT_NOT_VISIBLE:\n            exception_class = ElementNotVisibleException\n        elif status in ErrorCode.INVALID_ELEMENT_STATE:\n            exception_class = InvalidElementStateException\n        elif (\n            status in ErrorCode.INVALID_SELECTOR\n            or status in ErrorCode.INVALID_XPATH_SELECTOR\n            or status in ErrorCode.INVALID_XPATH_SELECTOR_RETURN_TYPER\n        ):\n            exception_class = InvalidSelectorException\n        elif status in ErrorCode.ELEMENT_IS_NOT_SELECTABLE:\n            exception_class = ElementNotSelectableException\n        elif status in ErrorCode.ELEMENT_NOT_INTERACTABLE:\n            exception_class = ElementNotInteractableException\n        elif status in ErrorCode.INVALID_COOKIE_DOMAIN:\n            exception_class = InvalidCookieDomainException\n        elif status in ErrorCode.UNABLE_TO_SET_COOKIE:\n            exception_class = UnableToSetCookieException\n        elif status in ErrorCode.TIMEOUT:\n            exception_class = TimeoutException\n        elif status in ErrorCode.SCRIPT_TIMEOUT:\n            exception_class = TimeoutException\n        elif status in ErrorCode.UNKNOWN_ERROR:\n            exception_class = WebDriverException\n        elif status in ErrorCode.UNEXPECTED_ALERT_OPEN:\n            exception_class = UnexpectedAlertPresentException\n        elif status in ErrorCode.NO_ALERT_OPEN:\n            exception_class = NoAlertPresentException\n        elif status in ErrorCode.IME_NOT_AVAILABLE:\n            exception_class = ImeNotAvailableException\n        elif status in ErrorCode.IME_ENGINE_ACTIVATION_FAILED:\n            exception_class = ImeActivationFailedException\n        elif status in ErrorCode.MOVE_TARGET_OUT_OF_BOUNDS:\n            exception_class = MoveTargetOutOfBoundsException\n        elif status in ErrorCode.JAVASCRIPT_ERROR:\n            exception_class = JavascriptException\n        elif status in ErrorCode.SESSION_NOT_CREATED:\n            exception_class = SessionNotCreatedException\n        elif status in ErrorCode.INVALID_ARGUMENT:\n            exception_class = InvalidArgumentException\n        elif status in ErrorCode.NO_SUCH_COOKIE:\n            exception_class = NoSuchCookieException\n        elif status in ErrorCode.UNABLE_TO_CAPTURE_SCREEN:\n            exception_class = ScreenshotException\n        elif status in ErrorCode.ELEMENT_CLICK_INTERCEPTED:\n            exception_class = ElementClickInterceptedException\n        elif status in ErrorCode.INSECURE_CERTIFICATE:\n            exception_class = InsecureCertificateException\n        elif status in ErrorCode.INVALID_COORDINATES:\n            exception_class = InvalidCoordinatesException\n        elif status in ErrorCode.INVALID_SESSION_ID:\n            exception_class = InvalidSessionIdException\n        elif status in ErrorCode.UNKNOWN_METHOD:\n            exception_class = UnknownMethodException\n        else:\n            exception_class = WebDriverException\n        if not value:\n            value = response[\"value\"]\n        if isinstance(value, str):\n            raise exception_class(value)\n        if message == \"\" and \"message\" in value:\n            message = value[\"message\"]\n    \n        screen = None  # type: ignore[assignment]\n        if \"screen\" in value:\n            screen = value[\"screen\"]\n    \n        stacktrace = None\n        st_value = value.get(\"stackTrace\") or value.get(\"stacktrace\")\n        if st_value:\n            if isinstance(st_value, str):\n                stacktrace = st_value.split(\"\\n\")\n            else:\n                stacktrace = []\n                try:\n                    for frame in st_value:\n                        line = frame.get(\"lineNumber\", \"\")\n                        file = frame.get(\"fileName\", \"<anonymous>\")\n                        if line:\n                            file = f\"{file}:{line}\"\n                        meth = frame.get(\"methodName\", \"<anonymous>\")\n                        if \"className\" in frame:\n                            meth = f\"{frame['className']}.{meth}\"\n                        msg = \"    at %s (%s)\"\n                        msg = msg % (meth, file)\n                        stacktrace.append(msg)\n                except TypeError:\n                    pass\n        if exception_class == UnexpectedAlertPresentException:\n            alert_text = None\n            if \"data\" in value:\n                alert_text = value[\"data\"].get(\"text\")\n            elif \"alert\" in value:\n                alert_text = value[\"alert\"].get(\"text\")\n            raise exception_class(message, screen, stacktrace, alert_text)  # type: ignore[call-arg]  # mypy is not smart enough here\n>       raise exception_class(message, screen, stacktrace)\nE       selenium.common.exceptions.NoSuchElementException: Message: no such element: Unable to locate element: {\"method\":\"xpath\",\"selector\":\"//input[@class='amount']\"}\nE         (Session info: headless chrome=119.0.6045.105); For documentation on this error, please visit: https://www.selenium.dev/documentation/webdriver/troubleshooting/errors#no-such-element-exception\nE       Stacktrace:\nE       #0 0x55cc9fa6f5e3 <unknown>\nE       #1 0x55cc9f7320b7 <unknown>\nE       #2 0x55cc9f77ff53 <unknown>\nE       #3 0x55cc9f780051 <unknown>\nE       #4 0x55cc9f7c59c4 <unknown>\nE       #5 0x55cc9f7a6f1d <unknown>\nE       #6 0x55cc9f7c2b3d <unknown>\nE       #7 0x55cc9f7a6cc3 <unknown>\nE       #8 0x55cc9f7720e4 <unknown>\nE       #9 0x55cc9f7730ae <unknown>\nE       #10 0x55cc9fa35ce1 <unknown>\nE       #11 0x55cc9fa39b7e <unknown>\nE       #12 0x55cc9fa234b5 <unknown>\nE       #13 0x55cc9fa3a7d6 <unknown>\nE       #14 0x55cc9fa06dbf <unknown>\nE       #15 0x55cc9fa5d748 <unknown>\nE       #16 0x55cc9fa5d917 <unknown>\nE       #17 0x55cc9fa6e773 <unknown>\nE       #18 0x7f4e9542c044 <unknown>\n\n/usr/local/lib/python3.11/site-packages/selenium/webdriver/remote/errorhandler.py:245: NoSuchElementException","flaky":false,"newFailed":false,"newBroken":false,"newPassed":false,"retriesCount":0,"retriesStatusChange":false,"beforeStages":[{"name":"_session_faker","time":{"start":1700615176919,"stop":1700615176985,"duration":66},"status":"passed","steps":[],"attachments":[],"parameters":[],"shouldDisplayMessage":false,"stepsCount":0,"attachmentsCount":0,"hasContent":false},{"name":"clear_allure_results_folder","time":{"start":1700615176985,"stop":1700615176986,"duration":1},"status":"passed","steps":[],"attachments":[],"parameters":[],"shouldDisplayMessage":false,"stepsCount":0,"attachmentsCount":0,"hasContent":false},{"name":"driver","time":{"start":1700615610779,"stop":1700615611512,"duration":733},"status":"passed","steps":[],"attachments":[],"parameters":[],"shouldDisplayMessage":false,"stepsCount":0,"attachmentsCount":0,"hasContent":false},{"name":"setup","time":{"start":1700615611512,"stop":1700615611512,"duration":0},"status":"passed","steps":[],"attachments":[],"parameters":[],"shouldDisplayMessage":false,"stepsCount":0,"attachmentsCount":0,"hasContent":false}],"testStage":{"status":"broken","statusMessage":"selenium.common.exceptions.NoSuchElementException: Message: no such element: Unable to locate element: {\"method\":\"xpath\",\"selector\":\"//input[@class='amount']\"}\n  (Session info: headless chrome=119.0.6045.105); For documentation on this error, please visit: https://www.selenium.dev/documentation/webdriver/troubleshooting/errors#no-such-element-exception\nStacktrace:\n#0 0x55cc9fa6f5e3 <unknown>\n#1 0x55cc9f7320b7 <unknown>\n#2 0x55cc9f77ff53 <unknown>\n#3 0x55cc9f780051 <unknown>\n#4 0x55cc9f7c59c4 <unknown>\n#5 0x55cc9f7a6f1d <unknown>\n#6 0x55cc9f7c2b3d <unknown>\n#7 0x55cc9f7a6cc3 <unknown>\n#8 0x55cc9f7720e4 <unknown>\n#9 0x55cc9f7730ae <unknown>\n#10 0x55cc9fa35ce1 <unknown>\n#11 0x55cc9fa39b7e <unknown>\n#12 0x55cc9fa234b5 <unknown>\n#13 0x55cc9fa3a7d6 <unknown>\n#14 0x55cc9fa06dbf <unknown>\n#15 0x55cc9fa5d748 <unknown>\n#16 0x55cc9fa5d917 <unknown>\n#17 0x55cc9fa6e773 <unknown>\n#18 0x7f4e9542c044 <unknown>","statusTrace":"self = <tests.delivery.test_delivery_calculation.TestDeliveryPageCalculation object at 0x7fe0906cd510>\ndriver = <selenium.webdriver.chrome.webdriver.WebDriver (session=\"53c63a393f9fe37132df44b63a54e067\")>\nurl = 'https://sandboxtest.stroyrem-nn.ru/', case_id = 'TD 015'\nlink_item = 'products/shtukaturka-tsementnaya-bergauf-bau-putts-tsement-25kg-56sht'\namount = 1, weight = 30, standard = 650, in_time = 2390, all_time = 3320\n\n    @pytest.mark.parametrize('case_id, link_item, amount, weight, standard, in_time, all_time', [\n        (\"TD 015\", bundeks_25, 1, 30, 650, 2390, 3320),\n        pytest.param(\n            \"TD 016\", aksolit_30, 8, 300, 650, 2390, 3320,\n            marks=pytest.mark.xfail(reson=\"Цена доставки: - - -\")\n        ),\n        (\"TD 017\", aksolit_30, 13, 400, 650, 2390, 3320),\n        (\"TD 018\", aksolit_30, 16, 500, 850, 2490, 3320),\n        (\"TD 019\", aksolit_30, 25, 1700, 1150, 2490, 3320),\n        (\"TD 020\", aksolit_30, 66, 2000, 1500, 2990, 3650),\n        (\"TD 021\", aksolit_30, 149, 4500, 2600, 4380, 4890),\n        (\"TD 022\", aksolit_30, 166, 5000, 2800, 5490, 5980),\n        pytest.param(\n            \"TD 023\", aksolit_30, 206, 6200, 3300, 7500, 8000,\n            marks=pytest.mark.xfail(reson=\"Цена доставки: 4300 9900 11440\")\n        ),\n        (\"TD 024\", aksolit_30, 299, 9000, 4300, 9900, 11440),\n        (\"TD 025\", aksolit_30, 333, 10000, 7000, 13900, 15900),\n        pytest.param(\n            \"TD 026\", aksolit_30, 366, 11000, 8000, 14900, 19900,\n            marks=pytest.mark.xfail(reson=\"Цена доставки: 7000 13900 15900\")\n        ),\n        pytest.param(\n            \"TD 027\", aksolit_30, 666, 20000, 14000, 16900, 23900,\n            marks=pytest.mark.xfail(reson=\"Цена доставки: 7000 13900 15900\")\n        )\n    ])\n    @pytest.mark.smoke\n    def test_positive_delivery_blue_zone_smoke(\n            self, driver, url, case_id, link_item, amount, weight, standard, in_time, all_time\n    ):\n        allure.dynamic.title(f\"{case_id} Доставка товара весом до {weight}кг. в синей зоне\")\n    \n        driver.get(f'{url}{link_item}')\n        item_page = ItemPage(driver)\n>       item_page.add_item_to_cart(amount).click_on_cart()\n\ntests/delivery/test_delivery_calculation.py:130: \n_ _ _ _ _ _ _ _ _ _ _ _ _ _ _ _ _ _ _ _ _ _ _ _ _ _ _ _ _ _ _ _ _ _ _ _ _ _ _ _ \npages/item_page.py:41: in add_item_to_cart\n    amount_field = self.find_element(self._item_amount)\nbase/seleniumbase.py:17: in find_element\n    return self.driver.find_element(*locator)\n/usr/local/lib/python3.11/site-packages/selenium/webdriver/remote/webdriver.py:740: in find_element\n    return self.execute(Command.FIND_ELEMENT, {\"using\": by, \"value\": value})[\"value\"]\n/usr/local/lib/python3.11/site-packages/selenium/webdriver/remote/webdriver.py:346: in execute\n    self.error_handler.check_response(response)\n_ _ _ _ _ _ _ _ _ _ _ _ _ _ _ _ _ _ _ _ _ _ _ _ _ _ _ _ _ _ _ _ _ _ _ _ _ _ _ _ \n\nself = <selenium.webdriver.remote.errorhandler.ErrorHandler object at 0x7fe08ffad990>\nresponse = {'status': 404, 'value': '{\"value\":{\"error\":\"no such element\",\"message\":\"no such element: Unable to locate element: {\\...\\\\n#16 0x55cc9fa5d917 \\\\u003Cunknown>\\\\n#17 0x55cc9fa6e773 \\\\u003Cunknown>\\\\n#18 0x7f4e9542c044 \\\\u003Cunknown>\\\\n\"}}'}\n\n    def check_response(self, response: Dict[str, Any]) -> None:\n        \"\"\"Checks that a JSON response from the WebDriver does not have an\n        error.\n    \n        :Args:\n         - response - The JSON response from the WebDriver server as a dictionary\n           object.\n    \n        :Raises: If the response contains an error message.\n        \"\"\"\n        status = response.get(\"status\", None)\n        if not status or status == ErrorCode.SUCCESS:\n            return\n        value = None\n        message = response.get(\"message\", \"\")\n        screen: str = response.get(\"screen\", \"\")\n        stacktrace = None\n        if isinstance(status, int):\n            value_json = response.get(\"value\", None)\n            if value_json and isinstance(value_json, str):\n                import json\n    \n                try:\n                    value = json.loads(value_json)\n                    if len(value) == 1:\n                        value = value[\"value\"]\n                    status = value.get(\"error\", None)\n                    if not status:\n                        status = value.get(\"status\", ErrorCode.UNKNOWN_ERROR)\n                        message = value.get(\"value\") or value.get(\"message\")\n                        if not isinstance(message, str):\n                            value = message\n                            message = message.get(\"message\")\n                    else:\n                        message = value.get(\"message\", None)\n                except ValueError:\n                    pass\n    \n        exception_class: Type[WebDriverException]\n        if status in ErrorCode.NO_SUCH_ELEMENT:\n            exception_class = NoSuchElementException\n        elif status in ErrorCode.NO_SUCH_FRAME:\n            exception_class = NoSuchFrameException\n        elif status in ErrorCode.NO_SUCH_SHADOW_ROOT:\n            exception_class = NoSuchShadowRootException\n        elif status in ErrorCode.NO_SUCH_WINDOW:\n            exception_class = NoSuchWindowException\n        elif status in ErrorCode.STALE_ELEMENT_REFERENCE:\n            exception_class = StaleElementReferenceException\n        elif status in ErrorCode.ELEMENT_NOT_VISIBLE:\n            exception_class = ElementNotVisibleException\n        elif status in ErrorCode.INVALID_ELEMENT_STATE:\n            exception_class = InvalidElementStateException\n        elif (\n            status in ErrorCode.INVALID_SELECTOR\n            or status in ErrorCode.INVALID_XPATH_SELECTOR\n            or status in ErrorCode.INVALID_XPATH_SELECTOR_RETURN_TYPER\n        ):\n            exception_class = InvalidSelectorException\n        elif status in ErrorCode.ELEMENT_IS_NOT_SELECTABLE:\n            exception_class = ElementNotSelectableException\n        elif status in ErrorCode.ELEMENT_NOT_INTERACTABLE:\n            exception_class = ElementNotInteractableException\n        elif status in ErrorCode.INVALID_COOKIE_DOMAIN:\n            exception_class = InvalidCookieDomainException\n        elif status in ErrorCode.UNABLE_TO_SET_COOKIE:\n            exception_class = UnableToSetCookieException\n        elif status in ErrorCode.TIMEOUT:\n            exception_class = TimeoutException\n        elif status in ErrorCode.SCRIPT_TIMEOUT:\n            exception_class = TimeoutException\n        elif status in ErrorCode.UNKNOWN_ERROR:\n            exception_class = WebDriverException\n        elif status in ErrorCode.UNEXPECTED_ALERT_OPEN:\n            exception_class = UnexpectedAlertPresentException\n        elif status in ErrorCode.NO_ALERT_OPEN:\n            exception_class = NoAlertPresentException\n        elif status in ErrorCode.IME_NOT_AVAILABLE:\n            exception_class = ImeNotAvailableException\n        elif status in ErrorCode.IME_ENGINE_ACTIVATION_FAILED:\n            exception_class = ImeActivationFailedException\n        elif status in ErrorCode.MOVE_TARGET_OUT_OF_BOUNDS:\n            exception_class = MoveTargetOutOfBoundsException\n        elif status in ErrorCode.JAVASCRIPT_ERROR:\n            exception_class = JavascriptException\n        elif status in ErrorCode.SESSION_NOT_CREATED:\n            exception_class = SessionNotCreatedException\n        elif status in ErrorCode.INVALID_ARGUMENT:\n            exception_class = InvalidArgumentException\n        elif status in ErrorCode.NO_SUCH_COOKIE:\n            exception_class = NoSuchCookieException\n        elif status in ErrorCode.UNABLE_TO_CAPTURE_SCREEN:\n            exception_class = ScreenshotException\n        elif status in ErrorCode.ELEMENT_CLICK_INTERCEPTED:\n            exception_class = ElementClickInterceptedException\n        elif status in ErrorCode.INSECURE_CERTIFICATE:\n            exception_class = InsecureCertificateException\n        elif status in ErrorCode.INVALID_COORDINATES:\n            exception_class = InvalidCoordinatesException\n        elif status in ErrorCode.INVALID_SESSION_ID:\n            exception_class = InvalidSessionIdException\n        elif status in ErrorCode.UNKNOWN_METHOD:\n            exception_class = UnknownMethodException\n        else:\n            exception_class = WebDriverException\n        if not value:\n            value = response[\"value\"]\n        if isinstance(value, str):\n            raise exception_class(value)\n        if message == \"\" and \"message\" in value:\n            message = value[\"message\"]\n    \n        screen = None  # type: ignore[assignment]\n        if \"screen\" in value:\n            screen = value[\"screen\"]\n    \n        stacktrace = None\n        st_value = value.get(\"stackTrace\") or value.get(\"stacktrace\")\n        if st_value:\n            if isinstance(st_value, str):\n                stacktrace = st_value.split(\"\\n\")\n            else:\n                stacktrace = []\n                try:\n                    for frame in st_value:\n                        line = frame.get(\"lineNumber\", \"\")\n                        file = frame.get(\"fileName\", \"<anonymous>\")\n                        if line:\n                            file = f\"{file}:{line}\"\n                        meth = frame.get(\"methodName\", \"<anonymous>\")\n                        if \"className\" in frame:\n                            meth = f\"{frame['className']}.{meth}\"\n                        msg = \"    at %s (%s)\"\n                        msg = msg % (meth, file)\n                        stacktrace.append(msg)\n                except TypeError:\n                    pass\n        if exception_class == UnexpectedAlertPresentException:\n            alert_text = None\n            if \"data\" in value:\n                alert_text = value[\"data\"].get(\"text\")\n            elif \"alert\" in value:\n                alert_text = value[\"alert\"].get(\"text\")\n            raise exception_class(message, screen, stacktrace, alert_text)  # type: ignore[call-arg]  # mypy is not smart enough here\n>       raise exception_class(message, screen, stacktrace)\nE       selenium.common.exceptions.NoSuchElementException: Message: no such element: Unable to locate element: {\"method\":\"xpath\",\"selector\":\"//input[@class='amount']\"}\nE         (Session info: headless chrome=119.0.6045.105); For documentation on this error, please visit: https://www.selenium.dev/documentation/webdriver/troubleshooting/errors#no-such-element-exception\nE       Stacktrace:\nE       #0 0x55cc9fa6f5e3 <unknown>\nE       #1 0x55cc9f7320b7 <unknown>\nE       #2 0x55cc9f77ff53 <unknown>\nE       #3 0x55cc9f780051 <unknown>\nE       #4 0x55cc9f7c59c4 <unknown>\nE       #5 0x55cc9f7a6f1d <unknown>\nE       #6 0x55cc9f7c2b3d <unknown>\nE       #7 0x55cc9f7a6cc3 <unknown>\nE       #8 0x55cc9f7720e4 <unknown>\nE       #9 0x55cc9f7730ae <unknown>\nE       #10 0x55cc9fa35ce1 <unknown>\nE       #11 0x55cc9fa39b7e <unknown>\nE       #12 0x55cc9fa234b5 <unknown>\nE       #13 0x55cc9fa3a7d6 <unknown>\nE       #14 0x55cc9fa06dbf <unknown>\nE       #15 0x55cc9fa5d748 <unknown>\nE       #16 0x55cc9fa5d917 <unknown>\nE       #17 0x55cc9fa6e773 <unknown>\nE       #18 0x7f4e9542c044 <unknown>\n\n/usr/local/lib/python3.11/site-packages/selenium/webdriver/remote/errorhandler.py:245: NoSuchElementException","steps":[{"name":"Добавляем товар в корзину в количестве 1","time":{"start":1700615614657,"stop":1700615614712,"duration":55},"status":"broken","statusMessage":"selenium.common.exceptions.NoSuchElementException: Message: no such element: Unable to locate element: {\"method\":\"xpath\",\"selector\":\"//input[@class='amount']\"}\n  (Session info: headless chrome=119.0.6045.105); For documentation on this error, please visit: https://www.selenium.dev/documentation/webdriver/troubleshooting/errors#no-such-element-exception\nStacktrace:\n#0 0x55cc9fa6f5e3 <unknown>\n#1 0x55cc9f7320b7 <unknown>\n#2 0x55cc9f77ff53 <unknown>\n#3 0x55cc9f780051 <unknown>\n#4 0x55cc9f7c59c4 <unknown>\n#5 0x55cc9f7a6f1d <unknown>\n#6 0x55cc9f7c2b3d <unknown>\n#7 0x55cc9f7a6cc3 <unknown>\n#8 0x55cc9f7720e4 <unknown>\n#9 0x55cc9f7730ae <unknown>\n#10 0x55cc9fa35ce1 <unknown>\n#11 0x55cc9fa39b7e <unknown>\n#12 0x55cc9fa234b5 <unknown>\n#13 0x55cc9fa3a7d6 <unknown>\n#14 0x55cc9fa06dbf <unknown>\n#15 0x55cc9fa5d748 <unknown>\n#16 0x55cc9fa5d917 <unknown>\n#17 0x55cc9fa6e773 <unknown>\n#18 0x7f4e9542c044 <unknown>\n\n","statusTrace":"  File \"/usr/local/lib/python3.11/site-packages/allure_commons/_allure.py\", line 192, in impl\n    return func(*a, **kw)\n           ^^^^^^^^^^^^^^\n  File \"/app/pages/item_page.py\", line 41, in add_item_to_cart\n    amount_field = self.find_element(self._item_amount)\n                   ^^^^^^^^^^^^^^^^^^^^^^^^^^^^^^^^^^^^\n  File \"/app/base/seleniumbase.py\", line 17, in find_element\n    return self.driver.find_element(*locator)\n           ^^^^^^^^^^^^^^^^^^^^^^^^^^^^^^^^^^\n  File \"/usr/local/lib/python3.11/site-packages/selenium/webdriver/remote/webdriver.py\", line 740, in find_element\n    return self.execute(Command.FIND_ELEMENT, {\"using\": by, \"value\": value})[\"value\"]\n           ^^^^^^^^^^^^^^^^^^^^^^^^^^^^^^^^^^^^^^^^^^^^^^^^^^^^^^^^^^^^^^^^^\n  File \"/usr/local/lib/python3.11/site-packages/selenium/webdriver/remote/webdriver.py\", line 346, in execute\n    self.error_handler.check_response(response)\n  File \"/usr/local/lib/python3.11/site-packages/selenium/webdriver/remote/errorhandler.py\", line 245, in check_response\n    raise exception_class(message, screen, stacktrace)\n","steps":[],"attachments":[],"parameters":[{"name":"amount","value":"1"}],"shouldDisplayMessage":true,"stepsCount":0,"attachmentsCount":0,"hasContent":true}],"attachments":[{"uid":"e5ad2e2839d2d5a","name":"Screenshot","source":"e5ad2e2839d2d5a.png","type":"image/png","size":115178},{"uid":"cfa77a7f604ef219","name":"HTML source","source":"cfa77a7f604ef219.html","type":"text/html","size":303987}],"parameters":[],"shouldDisplayMessage":true,"stepsCount":1,"attachmentsCount":2,"hasContent":true},"afterStages":[{"name":"driver::0","time":{"start":1700615614848,"stop":1700615614909,"duration":61},"status":"passed","steps":[],"attachments":[],"parameters":[],"shouldDisplayMessage":false,"stepsCount":0,"attachmentsCount":0,"hasContent":false},{"name":"setup::0","time":{"start":1700615614848,"stop":1700615614848,"duration":0},"status":"passed","steps":[],"attachments":[],"parameters":[],"shouldDisplayMessage":false,"stepsCount":0,"attachmentsCount":0,"hasContent":false}],"labels":[{"name":"epic","value":"Delivery Page - calculation"},{"name":"tag","value":"smoke"},{"name":"parentSuite","value":"tests.delivery"},{"name":"suite","value":"test_delivery_calculation"},{"name":"subSuite","value":"TestDeliveryPageCalculation"},{"name":"host","value":"dd0325d794bf"},{"name":"thread","value":"1-MainThread"},{"name":"framework","value":"pytest"},{"name":"language","value":"cpython3"},{"name":"package","value":"tests.delivery.test_delivery_calculation"},{"name":"resultFormat","value":"allure2"}],"parameters":[{"name":"all_time","value":"3320"},{"name":"amount","value":"1"},{"name":"case_id","value":"'TD 015'"},{"name":"in_time","value":"2390"},{"name":"link_item","value":"'products/shtukaturka-tsementnaya-bergauf-bau-putts-tsement-25kg-56sht'"},{"name":"standard","value":"650"},{"name":"url","value":"'https://sandboxtest.stroyrem-nn.ru/'"},{"name":"weight","value":"30"}],"links":[],"hidden":false,"retry":false,"extra":{"severity":"normal","retries":[],"categories":[{"name":"Test defects","matchedStatuses":[],"flaky":false}],"history":{"statistic":{"failed":0,"broken":84,"skipped":0,"passed":0,"unknown":0,"total":84},"items":[{"uid":"8b00fbbeb70ff15c","reportUrl":"https://zaelcovsky.github.io/StroyremAutomation/147//#testresult/8b00fbbeb70ff15c","status":"broken","statusDetails":"selenium.common.exceptions.NoSuchElementException: Message: no such element: Unable to locate element: {\"method\":\"xpath\",\"selector\":\"//input[@class='amount']\"}\n  (Session info: headless chrome=119.0.6045.105); For documentation on this error, please visit: https://www.selenium.dev/documentation/webdriver/troubleshooting/errors#no-such-element-exception\nStacktrace:\n#0 0x556e1e0af5e3 <unknown>\n#1 0x556e1dd720b7 <unknown>\n#2 0x556e1ddbff53 <unknown>\n#3 0x556e1ddc0051 <unknown>\n#4 0x556e1de059c4 <unknown>\n#5 0x556e1dde6f1d <unknown>\n#6 0x556e1de02b3d <unknown>\n#7 0x556e1dde6cc3 <unknown>\n#8 0x556e1ddb20e4 <unknown>\n#9 0x556e1ddb30ae <unknown>\n#10 0x556e1e075ce1 <unknown>\n#11 0x556e1e079b7e <unknown>\n#12 0x556e1e0634b5 <unknown>\n#13 0x556e1e07a7d6 <unknown>\n#14 0x556e1e046dbf <unknown>\n#15 0x556e1e09d748 <unknown>\n#16 0x556e1e09d917 <unknown>\n#17 0x556e1e0ae773 <unknown>\n#18 0x7f0356cc6044 <unknown>","time":{"start":1700529237914,"stop":1700529242447,"duration":4533}},{"uid":"98040ee38db894da","reportUrl":"https://zaelcovsky.github.io/StroyremAutomation/146//#testresult/98040ee38db894da","status":"broken","statusDetails":"selenium.common.exceptions.NoSuchElementException: Message: no such element: Unable to locate element: {\"method\":\"xpath\",\"selector\":\"//input[@class='amount']\"}\n  (Session info: headless chrome=119.0.6045.105); For documentation on this error, please visit: https://www.selenium.dev/documentation/webdriver/troubleshooting/errors#no-such-element-exception\nStacktrace:\n#0 0x559bf4efd5e3 <unknown>\n#1 0x559bf4bc00b7 <unknown>\n#2 0x559bf4c0df53 <unknown>\n#3 0x559bf4c0e051 <unknown>\n#4 0x559bf4c539c4 <unknown>\n#5 0x559bf4c34f1d <unknown>\n#6 0x559bf4c50b3d <unknown>\n#7 0x559bf4c34cc3 <unknown>\n#8 0x559bf4c000e4 <unknown>\n#9 0x559bf4c010ae <unknown>\n#10 0x559bf4ec3ce1 <unknown>\n#11 0x559bf4ec7b7e <unknown>\n#12 0x559bf4eb14b5 <unknown>\n#13 0x559bf4ec87d6 <unknown>\n#14 0x559bf4e94dbf <unknown>\n#15 0x559bf4eeb748 <unknown>\n#16 0x559bf4eeb917 <unknown>\n#17 0x559bf4efc773 <unknown>\n#18 0x7f4dfa230044 <unknown>","time":{"start":1700442760375,"stop":1700442764134,"duration":3759}},{"uid":"c31adb13304aeeea","reportUrl":"https://zaelcovsky.github.io/StroyremAutomation/145//#testresult/c31adb13304aeeea","status":"broken","statusDetails":"selenium.common.exceptions.NoSuchElementException: Message: no such element: Unable to locate element: {\"method\":\"xpath\",\"selector\":\"//input[@class='amount']\"}\n  (Session info: headless chrome=119.0.6045.105); For documentation on this error, please visit: https://www.selenium.dev/documentation/webdriver/troubleshooting/errors#no-such-element-exception\nStacktrace:\n#0 0x564e64cab5e3 <unknown>\n#1 0x564e6496e0b7 <unknown>\n#2 0x564e649bbf53 <unknown>\n#3 0x564e649bc051 <unknown>\n#4 0x564e64a019c4 <unknown>\n#5 0x564e649e2f1d <unknown>\n#6 0x564e649feb3d <unknown>\n#7 0x564e649e2cc3 <unknown>\n#8 0x564e649ae0e4 <unknown>\n#9 0x564e649af0ae <unknown>\n#10 0x564e64c71ce1 <unknown>\n#11 0x564e64c75b7e <unknown>\n#12 0x564e64c5f4b5 <unknown>\n#13 0x564e64c767d6 <unknown>\n#14 0x564e64c42dbf <unknown>\n#15 0x564e64c99748 <unknown>\n#16 0x564e64c99917 <unknown>\n#17 0x564e64caa773 <unknown>\n#18 0x7f1e0e989044 <unknown>","time":{"start":1700356551603,"stop":1700356555617,"duration":4014}},{"uid":"44d7cd146d5df6c6","reportUrl":"https://zaelcovsky.github.io/StroyremAutomation/144//#testresult/44d7cd146d5df6c6","status":"broken","statusDetails":"selenium.common.exceptions.NoSuchElementException: Message: no such element: Unable to locate element: {\"method\":\"xpath\",\"selector\":\"//input[@class='amount']\"}\n  (Session info: headless chrome=119.0.6045.105); For documentation on this error, please visit: https://www.selenium.dev/documentation/webdriver/troubleshooting/errors#no-such-element-exception\nStacktrace:\n#0 0x55ddba7f45e3 <unknown>\n#1 0x55ddba4b70b7 <unknown>\n#2 0x55ddba504f53 <unknown>\n#3 0x55ddba505051 <unknown>\n#4 0x55ddba54a9c4 <unknown>\n#5 0x55ddba52bf1d <unknown>\n#6 0x55ddba547b3d <unknown>\n#7 0x55ddba52bcc3 <unknown>\n#8 0x55ddba4f70e4 <unknown>\n#9 0x55ddba4f80ae <unknown>\n#10 0x55ddba7bace1 <unknown>\n#11 0x55ddba7beb7e <unknown>\n#12 0x55ddba7a84b5 <unknown>\n#13 0x55ddba7bf7d6 <unknown>\n#14 0x55ddba78bdbf <unknown>\n#15 0x55ddba7e2748 <unknown>\n#16 0x55ddba7e2917 <unknown>\n#17 0x55ddba7f3773 <unknown>\n#18 0x7fe7f9be1044 <unknown>","time":{"start":1700269956575,"stop":1700269961141,"duration":4566}},{"uid":"b8ee50657f40289","reportUrl":"https://zaelcovsky.github.io/StroyremAutomation/143//#testresult/b8ee50657f40289","status":"broken","statusDetails":"selenium.common.exceptions.NoSuchElementException: Message: no such element: Unable to locate element: {\"method\":\"xpath\",\"selector\":\"//input[@class='amount']\"}\n  (Session info: headless chrome=119.0.6045.105); For documentation on this error, please visit: https://www.selenium.dev/documentation/webdriver/troubleshooting/errors#no-such-element-exception\nStacktrace:\n#0 0x5649106015e3 <unknown>\n#1 0x5649102c40b7 <unknown>\n#2 0x564910311f53 <unknown>\n#3 0x564910312051 <unknown>\n#4 0x5649103579c4 <unknown>\n#5 0x564910338f1d <unknown>\n#6 0x564910354b3d <unknown>\n#7 0x564910338cc3 <unknown>\n#8 0x5649103040e4 <unknown>\n#9 0x5649103050ae <unknown>\n#10 0x5649105c7ce1 <unknown>\n#11 0x5649105cbb7e <unknown>\n#12 0x5649105b54b5 <unknown>\n#13 0x5649105cc7d6 <unknown>\n#14 0x564910598dbf <unknown>\n#15 0x5649105ef748 <unknown>\n#16 0x5649105ef917 <unknown>\n#17 0x564910600773 <unknown>\n#18 0x7f8bb27e2044 <unknown>","time":{"start":1700183572727,"stop":1700183577264,"duration":4537}},{"uid":"3b2db68fe856a649","reportUrl":"https://zaelcovsky.github.io/StroyremAutomation/142//#testresult/3b2db68fe856a649","status":"broken","statusDetails":"selenium.common.exceptions.NoSuchElementException: Message: no such element: Unable to locate element: {\"method\":\"xpath\",\"selector\":\"//input[@class='amount']\"}\n  (Session info: headless chrome=119.0.6045.105); For documentation on this error, please visit: https://www.selenium.dev/documentation/webdriver/troubleshooting/errors#no-such-element-exception\nStacktrace:\n#0 0x564b640e95e3 <unknown>\n#1 0x564b63dac0b7 <unknown>\n#2 0x564b63df9f53 <unknown>\n#3 0x564b63dfa051 <unknown>\n#4 0x564b63e3f9c4 <unknown>\n#5 0x564b63e20f1d <unknown>\n#6 0x564b63e3cb3d <unknown>\n#7 0x564b63e20cc3 <unknown>\n#8 0x564b63dec0e4 <unknown>\n#9 0x564b63ded0ae <unknown>\n#10 0x564b640afce1 <unknown>\n#11 0x564b640b3b7e <unknown>\n#12 0x564b6409d4b5 <unknown>\n#13 0x564b640b47d6 <unknown>\n#14 0x564b64080dbf <unknown>\n#15 0x564b640d7748 <unknown>\n#16 0x564b640d7917 <unknown>\n#17 0x564b640e8773 <unknown>\n#18 0x7f2c898fb044 <unknown>","time":{"start":1700097128425,"stop":1700097132195,"duration":3770}},{"uid":"218423e4d3ab3889","reportUrl":"https://zaelcovsky.github.io/StroyremAutomation/141//#testresult/218423e4d3ab3889","status":"broken","statusDetails":"selenium.common.exceptions.NoSuchElementException: Message: no such element: Unable to locate element: {\"method\":\"xpath\",\"selector\":\"//input[@class='amount']\"}\n  (Session info: headless chrome=119.0.6045.105); For documentation on this error, please visit: https://www.selenium.dev/documentation/webdriver/troubleshooting/errors#no-such-element-exception\nStacktrace:\n#0 0x56423cb555e3 <unknown>\n#1 0x56423c8180b7 <unknown>\n#2 0x56423c865f53 <unknown>\n#3 0x56423c866051 <unknown>\n#4 0x56423c8ab9c4 <unknown>\n#5 0x56423c88cf1d <unknown>\n#6 0x56423c8a8b3d <unknown>\n#7 0x56423c88ccc3 <unknown>\n#8 0x56423c8580e4 <unknown>\n#9 0x56423c8590ae <unknown>\n#10 0x56423cb1bce1 <unknown>\n#11 0x56423cb1fb7e <unknown>\n#12 0x56423cb094b5 <unknown>\n#13 0x56423cb207d6 <unknown>\n#14 0x56423caecdbf <unknown>\n#15 0x56423cb43748 <unknown>\n#16 0x56423cb43917 <unknown>\n#17 0x56423cb54773 <unknown>\n#18 0x7fa01d00c044 <unknown>","time":{"start":1700010657213,"stop":1700010660692,"duration":3479}},{"uid":"ba64e6fbbcc1f0f8","reportUrl":"https://zaelcovsky.github.io/StroyremAutomation/140//#testresult/ba64e6fbbcc1f0f8","status":"broken","statusDetails":"selenium.common.exceptions.NoSuchElementException: Message: no such element: Unable to locate element: {\"method\":\"xpath\",\"selector\":\"//input[@class='amount']\"}\n  (Session info: headless chrome=119.0.6045.105); For documentation on this error, please visit: https://www.selenium.dev/documentation/webdriver/troubleshooting/errors#no-such-element-exception\nStacktrace:\n#0 0x556d6c38d5e3 <unknown>\n#1 0x556d6c0500b7 <unknown>\n#2 0x556d6c09df53 <unknown>\n#3 0x556d6c09e051 <unknown>\n#4 0x556d6c0e39c4 <unknown>\n#5 0x556d6c0c4f1d <unknown>\n#6 0x556d6c0e0b3d <unknown>\n#7 0x556d6c0c4cc3 <unknown>\n#8 0x556d6c0900e4 <unknown>\n#9 0x556d6c0910ae <unknown>\n#10 0x556d6c353ce1 <unknown>\n#11 0x556d6c357b7e <unknown>\n#12 0x556d6c3414b5 <unknown>\n#13 0x556d6c3587d6 <unknown>\n#14 0x556d6c324dbf <unknown>\n#15 0x556d6c37b748 <unknown>\n#16 0x556d6c37b917 <unknown>\n#17 0x556d6c38c773 <unknown>\n#18 0x7f1a6867d044 <unknown>","time":{"start":1699924277718,"stop":1699924281500,"duration":3782}},{"uid":"772f9b58f1f5f512","reportUrl":"https://zaelcovsky.github.io/StroyremAutomation/139//#testresult/772f9b58f1f5f512","status":"broken","statusDetails":"selenium.common.exceptions.NoSuchElementException: Message: no such element: Unable to locate element: {\"method\":\"xpath\",\"selector\":\"//input[@class='amount']\"}\n  (Session info: headless chrome=119.0.6045.105); For documentation on this error, please visit: https://www.selenium.dev/documentation/webdriver/troubleshooting/errors#no-such-element-exception\nStacktrace:\n#0 0x559d900a25e3 <unknown>\n#1 0x559d8fd650b7 <unknown>\n#2 0x559d8fdb2f53 <unknown>\n#3 0x559d8fdb3051 <unknown>\n#4 0x559d8fdf89c4 <unknown>\n#5 0x559d8fdd9f1d <unknown>\n#6 0x559d8fdf5b3d <unknown>\n#7 0x559d8fdd9cc3 <unknown>\n#8 0x559d8fda50e4 <unknown>\n#9 0x559d8fda60ae <unknown>\n#10 0x559d90068ce1 <unknown>\n#11 0x559d9006cb7e <unknown>\n#12 0x559d900564b5 <unknown>\n#13 0x559d9006d7d6 <unknown>\n#14 0x559d90039dbf <unknown>\n#15 0x559d90090748 <unknown>\n#16 0x559d90090917 <unknown>\n#17 0x559d900a1773 <unknown>\n#18 0x7fad80cea044 <unknown>","time":{"start":1699837944376,"stop":1699837948019,"duration":3643}},{"uid":"672591add213af28","reportUrl":"https://zaelcovsky.github.io/StroyremAutomation/138//#testresult/672591add213af28","status":"broken","statusDetails":"selenium.common.exceptions.NoSuchElementException: Message: no such element: Unable to locate element: {\"method\":\"xpath\",\"selector\":\"//input[@class='amount']\"}\n  (Session info: headless chrome=119.0.6045.105); For documentation on this error, please visit: https://www.selenium.dev/documentation/webdriver/troubleshooting/errors#no-such-element-exception\nStacktrace:\n#0 0x56175530b5e3 <unknown>\n#1 0x561754fce0b7 <unknown>\n#2 0x56175501bf53 <unknown>\n#3 0x56175501c051 <unknown>\n#4 0x5617550619c4 <unknown>\n#5 0x561755042f1d <unknown>\n#6 0x56175505eb3d <unknown>\n#7 0x561755042cc3 <unknown>\n#8 0x56175500e0e4 <unknown>\n#9 0x56175500f0ae <unknown>\n#10 0x5617552d1ce1 <unknown>\n#11 0x5617552d5b7e <unknown>\n#12 0x5617552bf4b5 <unknown>\n#13 0x5617552d67d6 <unknown>\n#14 0x5617552a2dbf <unknown>\n#15 0x5617552f9748 <unknown>\n#16 0x5617552f9917 <unknown>\n#17 0x56175530a773 <unknown>\n#18 0x7fa42be19044 <unknown>","time":{"start":1699751751569,"stop":1699751755644,"duration":4075}},{"uid":"fd90c46848292da6","reportUrl":"https://zaelcovsky.github.io/StroyremAutomation/137//#testresult/fd90c46848292da6","status":"broken","statusDetails":"selenium.common.exceptions.NoSuchElementException: Message: no such element: Unable to locate element: {\"method\":\"xpath\",\"selector\":\"//input[@class='amount']\"}\n  (Session info: headless chrome=119.0.6045.105); For documentation on this error, please visit: https://www.selenium.dev/documentation/webdriver/troubleshooting/errors#no-such-element-exception\nStacktrace:\n#0 0x55b8b66ee5e3 <unknown>\n#1 0x55b8b63b10b7 <unknown>\n#2 0x55b8b63fef53 <unknown>\n#3 0x55b8b63ff051 <unknown>\n#4 0x55b8b64449c4 <unknown>\n#5 0x55b8b6425f1d <unknown>\n#6 0x55b8b6441b3d <unknown>\n#7 0x55b8b6425cc3 <unknown>\n#8 0x55b8b63f10e4 <unknown>\n#9 0x55b8b63f20ae <unknown>\n#10 0x55b8b66b4ce1 <unknown>\n#11 0x55b8b66b8b7e <unknown>\n#12 0x55b8b66a24b5 <unknown>\n#13 0x55b8b66b97d6 <unknown>\n#14 0x55b8b6685dbf <unknown>\n#15 0x55b8b66dc748 <unknown>\n#16 0x55b8b66dc917 <unknown>\n#17 0x55b8b66ed773 <unknown>\n#18 0x7fca347d2044 <unknown>","time":{"start":1699664923387,"stop":1699664927070,"duration":3683}},{"uid":"726bf1c43a71458d","reportUrl":"https://zaelcovsky.github.io/StroyremAutomation/136//#testresult/726bf1c43a71458d","status":"broken","statusDetails":"selenium.common.exceptions.NoSuchElementException: Message: no such element: Unable to locate element: {\"method\":\"xpath\",\"selector\":\"//input[@class='amount']\"}\n  (Session info: headless chrome=119.0.6045.105); For documentation on this error, please visit: https://www.selenium.dev/documentation/webdriver/troubleshooting/errors#no-such-element-exception\nStacktrace:\n#0 0x5596a21515e3 <unknown>\n#1 0x5596a1e140b7 <unknown>\n#2 0x5596a1e61f53 <unknown>\n#3 0x5596a1e62051 <unknown>\n#4 0x5596a1ea79c4 <unknown>\n#5 0x5596a1e88f1d <unknown>\n#6 0x5596a1ea4b3d <unknown>\n#7 0x5596a1e88cc3 <unknown>\n#8 0x5596a1e540e4 <unknown>\n#9 0x5596a1e550ae <unknown>\n#10 0x5596a2117ce1 <unknown>\n#11 0x5596a211bb7e <unknown>\n#12 0x5596a21054b5 <unknown>\n#13 0x5596a211c7d6 <unknown>\n#14 0x5596a20e8dbf <unknown>\n#15 0x5596a213f748 <unknown>\n#16 0x5596a213f917 <unknown>\n#17 0x5596a2150773 <unknown>\n#18 0x7f1861b32044 <unknown>","time":{"start":1699578655237,"stop":1699578659642,"duration":4405}},{"uid":"772f333141627a9","reportUrl":"https://zaelcovsky.github.io/StroyremAutomation/135//#testresult/772f333141627a9","status":"broken","statusDetails":"selenium.common.exceptions.NoSuchElementException: Message: no such element: Unable to locate element: {\"method\":\"xpath\",\"selector\":\"//input[@class='amount']\"}\n  (Session info: headless chrome=119.0.6045.105); For documentation on this error, please visit: https://www.selenium.dev/documentation/webdriver/troubleshooting/errors#no-such-element-exception\nStacktrace:\n#0 0x55e0fd0a95e3 <unknown>\n#1 0x55e0fcd6c0b7 <unknown>\n#2 0x55e0fcdb9f53 <unknown>\n#3 0x55e0fcdba051 <unknown>\n#4 0x55e0fcdff9c4 <unknown>\n#5 0x55e0fcde0f1d <unknown>\n#6 0x55e0fcdfcb3d <unknown>\n#7 0x55e0fcde0cc3 <unknown>\n#8 0x55e0fcdac0e4 <unknown>\n#9 0x55e0fcdad0ae <unknown>\n#10 0x55e0fd06fce1 <unknown>\n#11 0x55e0fd073b7e <unknown>\n#12 0x55e0fd05d4b5 <unknown>\n#13 0x55e0fd0747d6 <unknown>\n#14 0x55e0fd040dbf <unknown>\n#15 0x55e0fd097748 <unknown>\n#16 0x55e0fd097917 <unknown>\n#17 0x55e0fd0a8773 <unknown>\n#18 0x7f88ec228044 <unknown>","time":{"start":1699492253161,"stop":1699492256654,"duration":3493}},{"uid":"450a0d6fa496e146","reportUrl":"https://zaelcovsky.github.io/StroyremAutomation/134//#testresult/450a0d6fa496e146","status":"broken","statusDetails":"selenium.common.exceptions.NoSuchElementException: Message: no such element: Unable to locate element: {\"method\":\"xpath\",\"selector\":\"//input[@class='amount']\"}\n  (Session info: headless chrome=119.0.6045.105); For documentation on this error, please visit: https://www.selenium.dev/documentation/webdriver/troubleshooting/errors#no-such-element-exception\nStacktrace:\n#0 0x55a8c14665e3 <unknown>\n#1 0x55a8c11290b7 <unknown>\n#2 0x55a8c1176f53 <unknown>\n#3 0x55a8c1177051 <unknown>\n#4 0x55a8c11bc9c4 <unknown>\n#5 0x55a8c119df1d <unknown>\n#6 0x55a8c11b9b3d <unknown>\n#7 0x55a8c119dcc3 <unknown>\n#8 0x55a8c11690e4 <unknown>\n#9 0x55a8c116a0ae <unknown>\n#10 0x55a8c142cce1 <unknown>\n#11 0x55a8c1430b7e <unknown>\n#12 0x55a8c141a4b5 <unknown>\n#13 0x55a8c14317d6 <unknown>\n#14 0x55a8c13fddbf <unknown>\n#15 0x55a8c1454748 <unknown>\n#16 0x55a8c1454917 <unknown>\n#17 0x55a8c1465773 <unknown>\n#18 0x7f7ea0ccc044 <unknown>","time":{"start":1699405783689,"stop":1699405787306,"duration":3617}},{"uid":"9878e1b0d31a5c11","reportUrl":"https://zaelcovsky.github.io/StroyremAutomation/133//#testresult/9878e1b0d31a5c11","status":"broken","statusDetails":"selenium.common.exceptions.NoSuchElementException: Message: no such element: Unable to locate element: {\"method\":\"xpath\",\"selector\":\"//input[@class='amount']\"}\n  (Session info: headless chrome=119.0.6045.105); For documentation on this error, please visit: https://www.selenium.dev/documentation/webdriver/troubleshooting/errors#no-such-element-exception\nStacktrace:\n#0 0x55e0144585e3 <unknown>\n#1 0x55e01411b0b7 <unknown>\n#2 0x55e014168f53 <unknown>\n#3 0x55e014169051 <unknown>\n#4 0x55e0141ae9c4 <unknown>\n#5 0x55e01418ff1d <unknown>\n#6 0x55e0141abb3d <unknown>\n#7 0x55e01418fcc3 <unknown>\n#8 0x55e01415b0e4 <unknown>\n#9 0x55e01415c0ae <unknown>\n#10 0x55e01441ece1 <unknown>\n#11 0x55e014422b7e <unknown>\n#12 0x55e01440c4b5 <unknown>\n#13 0x55e0144237d6 <unknown>\n#14 0x55e0143efdbf <unknown>\n#15 0x55e014446748 <unknown>\n#16 0x55e014446917 <unknown>\n#17 0x55e014457773 <unknown>\n#18 0x7f1110799044 <unknown>","time":{"start":1699319488287,"stop":1699319492363,"duration":4076}},{"uid":"35a742fb9c077e68","reportUrl":"https://zaelcovsky.github.io/StroyremAutomation/132//#testresult/35a742fb9c077e68","status":"broken","statusDetails":"selenium.common.exceptions.NoSuchElementException: Message: no such element: Unable to locate element: {\"method\":\"xpath\",\"selector\":\"//input[@class='amount']\"}\n  (Session info: headless chrome=119.0.6045.105); For documentation on this error, please visit: https://www.selenium.dev/documentation/webdriver/troubleshooting/errors#no-such-element-exception\nStacktrace:\n#0 0x5566798ff5e3 <unknown>\n#1 0x5566795c20b7 <unknown>\n#2 0x55667960ff53 <unknown>\n#3 0x556679610051 <unknown>\n#4 0x5566796559c4 <unknown>\n#5 0x556679636f1d <unknown>\n#6 0x556679652b3d <unknown>\n#7 0x556679636cc3 <unknown>\n#8 0x5566796020e4 <unknown>\n#9 0x5566796030ae <unknown>\n#10 0x5566798c5ce1 <unknown>\n#11 0x5566798c9b7e <unknown>\n#12 0x5566798b34b5 <unknown>\n#13 0x5566798ca7d6 <unknown>\n#14 0x556679896dbf <unknown>\n#15 0x5566798ed748 <unknown>\n#16 0x5566798ed917 <unknown>\n#17 0x5566798fe773 <unknown>\n#18 0x7f14b7b07044 <unknown>","time":{"start":1699233134927,"stop":1699233138796,"duration":3869}},{"uid":"2e49db12cc3d90f3","reportUrl":"https://zaelcovsky.github.io/StroyremAutomation/131//#testresult/2e49db12cc3d90f3","status":"broken","statusDetails":"selenium.common.exceptions.NoSuchElementException: Message: no such element: Unable to locate element: {\"method\":\"xpath\",\"selector\":\"//input[@class='amount']\"}\n  (Session info: headless chrome=119.0.6045.105); For documentation on this error, please visit: https://www.selenium.dev/documentation/webdriver/troubleshooting/errors#no-such-element-exception\nStacktrace:\n#0 0x55e8d9ee95e3 <unknown>\n#1 0x55e8d9bac0b7 <unknown>\n#2 0x55e8d9bf9f53 <unknown>\n#3 0x55e8d9bfa051 <unknown>\n#4 0x55e8d9c3f9c4 <unknown>\n#5 0x55e8d9c20f1d <unknown>\n#6 0x55e8d9c3cb3d <unknown>\n#7 0x55e8d9c20cc3 <unknown>\n#8 0x55e8d9bec0e4 <unknown>\n#9 0x55e8d9bed0ae <unknown>\n#10 0x55e8d9eafce1 <unknown>\n#11 0x55e8d9eb3b7e <unknown>\n#12 0x55e8d9e9d4b5 <unknown>\n#13 0x55e8d9eb47d6 <unknown>\n#14 0x55e8d9e80dbf <unknown>\n#15 0x55e8d9ed7748 <unknown>\n#16 0x55e8d9ed7917 <unknown>\n#17 0x55e8d9ee8773 <unknown>\n#18 0x7fd2b5aa1044 <unknown>","time":{"start":1699146893012,"stop":1699146898292,"duration":5280}},{"uid":"1918a78c876e1408","reportUrl":"https://zaelcovsky.github.io/StroyremAutomation/130//#testresult/1918a78c876e1408","status":"broken","statusDetails":"selenium.common.exceptions.NoSuchElementException: Message: no such element: Unable to locate element: {\"method\":\"xpath\",\"selector\":\"//input[@class='amount']\"}\n  (Session info: headless chrome=119.0.6045.105); For documentation on this error, please visit: https://www.selenium.dev/documentation/webdriver/troubleshooting/errors#no-such-element-exception\nStacktrace:\n#0 0x557b9099c5e3 <unknown>\n#1 0x557b9065f0b7 <unknown>\n#2 0x557b906acf53 <unknown>\n#3 0x557b906ad051 <unknown>\n#4 0x557b906f29c4 <unknown>\n#5 0x557b906d3f1d <unknown>\n#6 0x557b906efb3d <unknown>\n#7 0x557b906d3cc3 <unknown>\n#8 0x557b9069f0e4 <unknown>\n#9 0x557b906a00ae <unknown>\n#10 0x557b90962ce1 <unknown>\n#11 0x557b90966b7e <unknown>\n#12 0x557b909504b5 <unknown>\n#13 0x557b909677d6 <unknown>\n#14 0x557b90933dbf <unknown>\n#15 0x557b9098a748 <unknown>\n#16 0x557b9098a917 <unknown>\n#17 0x557b9099b773 <unknown>\n#18 0x7f15fba5a044 <unknown>","time":{"start":1699060185723,"stop":1699060190590,"duration":4867}},{"uid":"142803cb66f74416","reportUrl":"https://zaelcovsky.github.io/StroyremAutomation/129//#testresult/142803cb66f74416","status":"broken","statusDetails":"selenium.common.exceptions.NoSuchElementException: Message: no such element: Unable to locate element: {\"method\":\"xpath\",\"selector\":\"//input[@class='amount']\"}\n  (Session info: headless chrome=119.0.6045.105); For documentation on this error, please visit: https://www.selenium.dev/documentation/webdriver/troubleshooting/errors#no-such-element-exception\nStacktrace:\n#0 0x563ca34905e3 <unknown>\n#1 0x563ca31530b7 <unknown>\n#2 0x563ca31a0f53 <unknown>\n#3 0x563ca31a1051 <unknown>\n#4 0x563ca31e69c4 <unknown>\n#5 0x563ca31c7f1d <unknown>\n#6 0x563ca31e3b3d <unknown>\n#7 0x563ca31c7cc3 <unknown>\n#8 0x563ca31930e4 <unknown>\n#9 0x563ca31940ae <unknown>\n#10 0x563ca3456ce1 <unknown>\n#11 0x563ca345ab7e <unknown>\n#12 0x563ca34444b5 <unknown>\n#13 0x563ca345b7d6 <unknown>\n#14 0x563ca3427dbf <unknown>\n#15 0x563ca347e748 <unknown>\n#16 0x563ca347e917 <unknown>\n#17 0x563ca348f773 <unknown>\n#18 0x7f71d550b044 <unknown>","time":{"start":1698973773514,"stop":1698973778354,"duration":4840}},{"uid":"671fe5b9cd446805","reportUrl":"https://zaelcovsky.github.io/StroyremAutomation/128//#testresult/671fe5b9cd446805","status":"broken","statusDetails":"selenium.common.exceptions.NoSuchElementException: Message: no such element: Unable to locate element: {\"method\":\"xpath\",\"selector\":\"//input[@class='amount']\"}\n  (Session info: headless chrome=119.0.6045.105); For documentation on this error, please visit: https://www.selenium.dev/documentation/webdriver/troubleshooting/errors#no-such-element-exception\nStacktrace:\n#0 0x55c33c0295e3 <unknown>\n#1 0x55c33bcec0b7 <unknown>\n#2 0x55c33bd39f53 <unknown>\n#3 0x55c33bd3a051 <unknown>\n#4 0x55c33bd7f9c4 <unknown>\n#5 0x55c33bd60f1d <unknown>\n#6 0x55c33bd7cb3d <unknown>\n#7 0x55c33bd60cc3 <unknown>\n#8 0x55c33bd2c0e4 <unknown>\n#9 0x55c33bd2d0ae <unknown>\n#10 0x55c33bfefce1 <unknown>\n#11 0x55c33bff3b7e <unknown>\n#12 0x55c33bfdd4b5 <unknown>\n#13 0x55c33bff47d6 <unknown>\n#14 0x55c33bfc0dbf <unknown>\n#15 0x55c33c017748 <unknown>\n#16 0x55c33c017917 <unknown>\n#17 0x55c33c028773 <unknown>\n#18 0x7fad03e51044 <unknown>","time":{"start":1698887355090,"stop":1698887359772,"duration":4682}}]},"tags":["smoke"]},"source":"a2ee580e6d79675a.json","parameterValues":["3320","1","'TD 015'","2390","'products/shtukaturka-tsementnaya-bergauf-bau-putts-tsement-25kg-56sht'","650","'https://sandboxtest.stroyrem-nn.ru/'","30"]}