{"uid":"57e6c4204d533575","name":"TC 012 - Проверка функциональности ссылки 'Местоположение'","fullName":"tests.test_main_page.TestMainPage#test_positive_footer_location_smoke","historyId":"f096cd37294bea290e9040a7edc973e4","time":{"start":1706404071426,"stop":1706404071439,"duration":13},"status":"broken","statusMessage":"selenium.common.exceptions.NoSuchElementException: Message: no such element: Unable to locate element: {\"method\":\"xpath\",\"selector\":\"(//a[@href='/contact'])[3]\"}\n  (Session info: chrome-headless-shell=121.0.6167.85); For documentation on this error, please visit: https://www.selenium.dev/documentation/webdriver/troubleshooting/errors#no-such-element-exception\nStacktrace:\n#0 0x556e50e77d93 <unknown>\n#1 0x556e50b5b337 <unknown>\n#2 0x556e50ba6d60 <unknown>\n#3 0x556e50ba6e51 <unknown>\n#4 0x556e50beabc4 <unknown>\n#5 0x556e50bc946d <unknown>\n#6 0x556e50be812d <unknown>\n#7 0x556e50bc91e3 <unknown>\n#8 0x556e50b99135 <unknown>\n#9 0x556e50b9a13e <unknown>\n#10 0x556e50e3be4b <unknown>\n#11 0x556e50e3fdfa <unknown>\n#12 0x556e50e286d5 <unknown>\n#13 0x556e50e40a6f <unknown>\n#14 0x556e50e0c69f <unknown>\n#15 0x556e50e65098 <unknown>\n#16 0x556e50e65262 <unknown>\n#17 0x556e50e76f34 <unknown>\n#18 0x7fba7964f044 <unknown>","statusTrace":"self = <tests.test_main_page.TestMainPage object at 0x7f66c4c15f10>\nmain_page = <pages.main_page.MainPage object at 0x7f66c4772fd0>\n\n    @allure.feature(\"Footer functionality\")\n    @allure.title(\"TC 012 - Проверка функциональности ссылки 'Местоположение'\")\n    @pytest.mark.smoke_test\n    def test_positive_footer_location_smoke(self, main_page):\n        location_page = LocationPage(main_page.driver)\n>       main_page.check_location_link()\n\ntests/test_main_page.py:116: \n_ _ _ _ _ _ _ _ _ _ _ _ _ _ _ _ _ _ _ _ _ _ _ _ _ _ _ _ _ _ _ _ _ _ _ _ _ _ _ _ \npages/main_page.py:148: in check_location_link\n    self.driver.find_element(*self._location).click()\n/usr/local/lib/python3.11/site-packages/selenium/webdriver/remote/webdriver.py:740: in find_element\n    return self.execute(Command.FIND_ELEMENT, {\"using\": by, \"value\": value})[\"value\"]\n/usr/local/lib/python3.11/site-packages/selenium/webdriver/remote/webdriver.py:346: in execute\n    self.error_handler.check_response(response)\n_ _ _ _ _ _ _ _ _ _ _ _ _ _ _ _ _ _ _ _ _ _ _ _ _ _ _ _ _ _ _ _ _ _ _ _ _ _ _ _ \n\nself = <selenium.webdriver.remote.errorhandler.ErrorHandler object at 0x7f66c4772390>\nresponse = {'status': 404, 'value': '{\"value\":{\"error\":\"no such element\",\"message\":\"no such element: Unable to locate element: {\\...\\\\n#16 0x556e50e65262 \\\\u003Cunknown>\\\\n#17 0x556e50e76f34 \\\\u003Cunknown>\\\\n#18 0x7fba7964f044 \\\\u003Cunknown>\\\\n\"}}'}\n\n    def check_response(self, response: Dict[str, Any]) -> None:\n        \"\"\"Checks that a JSON response from the WebDriver does not have an\n        error.\n    \n        :Args:\n         - response - The JSON response from the WebDriver server as a dictionary\n           object.\n    \n        :Raises: If the response contains an error message.\n        \"\"\"\n        status = response.get(\"status\", None)\n        if not status or status == ErrorCode.SUCCESS:\n            return\n        value = None\n        message = response.get(\"message\", \"\")\n        screen: str = response.get(\"screen\", \"\")\n        stacktrace = None\n        if isinstance(status, int):\n            value_json = response.get(\"value\", None)\n            if value_json and isinstance(value_json, str):\n                import json\n    \n                try:\n                    value = json.loads(value_json)\n                    if len(value) == 1:\n                        value = value[\"value\"]\n                    status = value.get(\"error\", None)\n                    if not status:\n                        status = value.get(\"status\", ErrorCode.UNKNOWN_ERROR)\n                        message = value.get(\"value\") or value.get(\"message\")\n                        if not isinstance(message, str):\n                            value = message\n                            message = message.get(\"message\")\n                    else:\n                        message = value.get(\"message\", None)\n                except ValueError:\n                    pass\n    \n        exception_class: Type[WebDriverException]\n        if status in ErrorCode.NO_SUCH_ELEMENT:\n            exception_class = NoSuchElementException\n        elif status in ErrorCode.NO_SUCH_FRAME:\n            exception_class = NoSuchFrameException\n        elif status in ErrorCode.NO_SUCH_SHADOW_ROOT:\n            exception_class = NoSuchShadowRootException\n        elif status in ErrorCode.NO_SUCH_WINDOW:\n            exception_class = NoSuchWindowException\n        elif status in ErrorCode.STALE_ELEMENT_REFERENCE:\n            exception_class = StaleElementReferenceException\n        elif status in ErrorCode.ELEMENT_NOT_VISIBLE:\n            exception_class = ElementNotVisibleException\n        elif status in ErrorCode.INVALID_ELEMENT_STATE:\n            exception_class = InvalidElementStateException\n        elif (\n            status in ErrorCode.INVALID_SELECTOR\n            or status in ErrorCode.INVALID_XPATH_SELECTOR\n            or status in ErrorCode.INVALID_XPATH_SELECTOR_RETURN_TYPER\n        ):\n            exception_class = InvalidSelectorException\n        elif status in ErrorCode.ELEMENT_IS_NOT_SELECTABLE:\n            exception_class = ElementNotSelectableException\n        elif status in ErrorCode.ELEMENT_NOT_INTERACTABLE:\n            exception_class = ElementNotInteractableException\n        elif status in ErrorCode.INVALID_COOKIE_DOMAIN:\n            exception_class = InvalidCookieDomainException\n        elif status in ErrorCode.UNABLE_TO_SET_COOKIE:\n            exception_class = UnableToSetCookieException\n        elif status in ErrorCode.TIMEOUT:\n            exception_class = TimeoutException\n        elif status in ErrorCode.SCRIPT_TIMEOUT:\n            exception_class = TimeoutException\n        elif status in ErrorCode.UNKNOWN_ERROR:\n            exception_class = WebDriverException\n        elif status in ErrorCode.UNEXPECTED_ALERT_OPEN:\n            exception_class = UnexpectedAlertPresentException\n        elif status in ErrorCode.NO_ALERT_OPEN:\n            exception_class = NoAlertPresentException\n        elif status in ErrorCode.IME_NOT_AVAILABLE:\n            exception_class = ImeNotAvailableException\n        elif status in ErrorCode.IME_ENGINE_ACTIVATION_FAILED:\n            exception_class = ImeActivationFailedException\n        elif status in ErrorCode.MOVE_TARGET_OUT_OF_BOUNDS:\n            exception_class = MoveTargetOutOfBoundsException\n        elif status in ErrorCode.JAVASCRIPT_ERROR:\n            exception_class = JavascriptException\n        elif status in ErrorCode.SESSION_NOT_CREATED:\n            exception_class = SessionNotCreatedException\n        elif status in ErrorCode.INVALID_ARGUMENT:\n            exception_class = InvalidArgumentException\n        elif status in ErrorCode.NO_SUCH_COOKIE:\n            exception_class = NoSuchCookieException\n        elif status in ErrorCode.UNABLE_TO_CAPTURE_SCREEN:\n            exception_class = ScreenshotException\n        elif status in ErrorCode.ELEMENT_CLICK_INTERCEPTED:\n            exception_class = ElementClickInterceptedException\n        elif status in ErrorCode.INSECURE_CERTIFICATE:\n            exception_class = InsecureCertificateException\n        elif status in ErrorCode.INVALID_COORDINATES:\n            exception_class = InvalidCoordinatesException\n        elif status in ErrorCode.INVALID_SESSION_ID:\n            exception_class = InvalidSessionIdException\n        elif status in ErrorCode.UNKNOWN_METHOD:\n            exception_class = UnknownMethodException\n        else:\n            exception_class = WebDriverException\n        if not value:\n            value = response[\"value\"]\n        if isinstance(value, str):\n            raise exception_class(value)\n        if message == \"\" and \"message\" in value:\n            message = value[\"message\"]\n    \n        screen = None  # type: ignore[assignment]\n        if \"screen\" in value:\n            screen = value[\"screen\"]\n    \n        stacktrace = None\n        st_value = value.get(\"stackTrace\") or value.get(\"stacktrace\")\n        if st_value:\n            if isinstance(st_value, str):\n                stacktrace = st_value.split(\"\\n\")\n            else:\n                stacktrace = []\n                try:\n                    for frame in st_value:\n                        line = frame.get(\"lineNumber\", \"\")\n                        file = frame.get(\"fileName\", \"<anonymous>\")\n                        if line:\n                            file = f\"{file}:{line}\"\n                        meth = frame.get(\"methodName\", \"<anonymous>\")\n                        if \"className\" in frame:\n                            meth = f\"{frame['className']}.{meth}\"\n                        msg = \"    at %s (%s)\"\n                        msg = msg % (meth, file)\n                        stacktrace.append(msg)\n                except TypeError:\n                    pass\n        if exception_class == UnexpectedAlertPresentException:\n            alert_text = None\n            if \"data\" in value:\n                alert_text = value[\"data\"].get(\"text\")\n            elif \"alert\" in value:\n                alert_text = value[\"alert\"].get(\"text\")\n            raise exception_class(message, screen, stacktrace, alert_text)  # type: ignore[call-arg]  # mypy is not smart enough here\n>       raise exception_class(message, screen, stacktrace)\nE       selenium.common.exceptions.NoSuchElementException: Message: no such element: Unable to locate element: {\"method\":\"xpath\",\"selector\":\"(//a[@href='/contact'])[3]\"}\nE         (Session info: chrome-headless-shell=121.0.6167.85); For documentation on this error, please visit: https://www.selenium.dev/documentation/webdriver/troubleshooting/errors#no-such-element-exception\nE       Stacktrace:\nE       #0 0x556e50e77d93 <unknown>\nE       #1 0x556e50b5b337 <unknown>\nE       #2 0x556e50ba6d60 <unknown>\nE       #3 0x556e50ba6e51 <unknown>\nE       #4 0x556e50beabc4 <unknown>\nE       #5 0x556e50bc946d <unknown>\nE       #6 0x556e50be812d <unknown>\nE       #7 0x556e50bc91e3 <unknown>\nE       #8 0x556e50b99135 <unknown>\nE       #9 0x556e50b9a13e <unknown>\nE       #10 0x556e50e3be4b <unknown>\nE       #11 0x556e50e3fdfa <unknown>\nE       #12 0x556e50e286d5 <unknown>\nE       #13 0x556e50e40a6f <unknown>\nE       #14 0x556e50e0c69f <unknown>\nE       #15 0x556e50e65098 <unknown>\nE       #16 0x556e50e65262 <unknown>\nE       #17 0x556e50e76f34 <unknown>\nE       #18 0x7fba7964f044 <unknown>\n\n/usr/local/lib/python3.11/site-packages/selenium/webdriver/remote/errorhandler.py:245: NoSuchElementException","flaky":false,"newFailed":false,"newBroken":false,"newPassed":false,"retriesCount":0,"retriesStatusChange":false,"beforeStages":[{"name":"_session_faker","time":{"start":1706403914747,"stop":1706403914821,"duration":74},"status":"passed","steps":[],"attachments":[],"parameters":[],"shouldDisplayMessage":false,"stepsCount":0,"attachmentsCount":0,"hasContent":false,"attachmentStep":false},{"name":"clear_allure_results_folder","time":{"start":1706403914821,"stop":1706403914821,"duration":0},"status":"passed","steps":[],"attachments":[],"parameters":[],"shouldDisplayMessage":false,"stepsCount":0,"attachmentsCount":0,"hasContent":false,"attachmentStep":false},{"name":"driver","time":{"start":1706404070262,"stop":1706404071004,"duration":742},"status":"passed","steps":[],"attachments":[],"parameters":[],"shouldDisplayMessage":false,"stepsCount":0,"attachmentsCount":0,"hasContent":false,"attachmentStep":false},{"name":"setup","time":{"start":1706404071004,"stop":1706404071004,"duration":0},"status":"passed","steps":[],"attachments":[],"parameters":[],"shouldDisplayMessage":false,"stepsCount":0,"attachmentsCount":0,"hasContent":false,"attachmentStep":false},{"name":"main_page","time":{"start":1706404071004,"stop":1706404071425,"duration":421},"status":"passed","steps":[],"attachments":[],"parameters":[],"shouldDisplayMessage":false,"stepsCount":0,"attachmentsCount":0,"hasContent":false,"attachmentStep":false}],"testStage":{"status":"broken","statusMessage":"selenium.common.exceptions.NoSuchElementException: Message: no such element: Unable to locate element: {\"method\":\"xpath\",\"selector\":\"(//a[@href='/contact'])[3]\"}\n  (Session info: chrome-headless-shell=121.0.6167.85); For documentation on this error, please visit: https://www.selenium.dev/documentation/webdriver/troubleshooting/errors#no-such-element-exception\nStacktrace:\n#0 0x556e50e77d93 <unknown>\n#1 0x556e50b5b337 <unknown>\n#2 0x556e50ba6d60 <unknown>\n#3 0x556e50ba6e51 <unknown>\n#4 0x556e50beabc4 <unknown>\n#5 0x556e50bc946d <unknown>\n#6 0x556e50be812d <unknown>\n#7 0x556e50bc91e3 <unknown>\n#8 0x556e50b99135 <unknown>\n#9 0x556e50b9a13e <unknown>\n#10 0x556e50e3be4b <unknown>\n#11 0x556e50e3fdfa <unknown>\n#12 0x556e50e286d5 <unknown>\n#13 0x556e50e40a6f <unknown>\n#14 0x556e50e0c69f <unknown>\n#15 0x556e50e65098 <unknown>\n#16 0x556e50e65262 <unknown>\n#17 0x556e50e76f34 <unknown>\n#18 0x7fba7964f044 <unknown>","statusTrace":"self = <tests.test_main_page.TestMainPage object at 0x7f66c4c15f10>\nmain_page = <pages.main_page.MainPage object at 0x7f66c4772fd0>\n\n    @allure.feature(\"Footer functionality\")\n    @allure.title(\"TC 012 - Проверка функциональности ссылки 'Местоположение'\")\n    @pytest.mark.smoke_test\n    def test_positive_footer_location_smoke(self, main_page):\n        location_page = LocationPage(main_page.driver)\n>       main_page.check_location_link()\n\ntests/test_main_page.py:116: \n_ _ _ _ _ _ _ _ _ _ _ _ _ _ _ _ _ _ _ _ _ _ _ _ _ _ _ _ _ _ _ _ _ _ _ _ _ _ _ _ \npages/main_page.py:148: in check_location_link\n    self.driver.find_element(*self._location).click()\n/usr/local/lib/python3.11/site-packages/selenium/webdriver/remote/webdriver.py:740: in find_element\n    return self.execute(Command.FIND_ELEMENT, {\"using\": by, \"value\": value})[\"value\"]\n/usr/local/lib/python3.11/site-packages/selenium/webdriver/remote/webdriver.py:346: in execute\n    self.error_handler.check_response(response)\n_ _ _ _ _ _ _ _ _ _ _ _ _ _ _ _ _ _ _ _ _ _ _ _ _ _ _ _ _ _ _ _ _ _ _ _ _ _ _ _ \n\nself = <selenium.webdriver.remote.errorhandler.ErrorHandler object at 0x7f66c4772390>\nresponse = {'status': 404, 'value': '{\"value\":{\"error\":\"no such element\",\"message\":\"no such element: Unable to locate element: {\\...\\\\n#16 0x556e50e65262 \\\\u003Cunknown>\\\\n#17 0x556e50e76f34 \\\\u003Cunknown>\\\\n#18 0x7fba7964f044 \\\\u003Cunknown>\\\\n\"}}'}\n\n    def check_response(self, response: Dict[str, Any]) -> None:\n        \"\"\"Checks that a JSON response from the WebDriver does not have an\n        error.\n    \n        :Args:\n         - response - The JSON response from the WebDriver server as a dictionary\n           object.\n    \n        :Raises: If the response contains an error message.\n        \"\"\"\n        status = response.get(\"status\", None)\n        if not status or status == ErrorCode.SUCCESS:\n            return\n        value = None\n        message = response.get(\"message\", \"\")\n        screen: str = response.get(\"screen\", \"\")\n        stacktrace = None\n        if isinstance(status, int):\n            value_json = response.get(\"value\", None)\n            if value_json and isinstance(value_json, str):\n                import json\n    \n                try:\n                    value = json.loads(value_json)\n                    if len(value) == 1:\n                        value = value[\"value\"]\n                    status = value.get(\"error\", None)\n                    if not status:\n                        status = value.get(\"status\", ErrorCode.UNKNOWN_ERROR)\n                        message = value.get(\"value\") or value.get(\"message\")\n                        if not isinstance(message, str):\n                            value = message\n                            message = message.get(\"message\")\n                    else:\n                        message = value.get(\"message\", None)\n                except ValueError:\n                    pass\n    \n        exception_class: Type[WebDriverException]\n        if status in ErrorCode.NO_SUCH_ELEMENT:\n            exception_class = NoSuchElementException\n        elif status in ErrorCode.NO_SUCH_FRAME:\n            exception_class = NoSuchFrameException\n        elif status in ErrorCode.NO_SUCH_SHADOW_ROOT:\n            exception_class = NoSuchShadowRootException\n        elif status in ErrorCode.NO_SUCH_WINDOW:\n            exception_class = NoSuchWindowException\n        elif status in ErrorCode.STALE_ELEMENT_REFERENCE:\n            exception_class = StaleElementReferenceException\n        elif status in ErrorCode.ELEMENT_NOT_VISIBLE:\n            exception_class = ElementNotVisibleException\n        elif status in ErrorCode.INVALID_ELEMENT_STATE:\n            exception_class = InvalidElementStateException\n        elif (\n            status in ErrorCode.INVALID_SELECTOR\n            or status in ErrorCode.INVALID_XPATH_SELECTOR\n            or status in ErrorCode.INVALID_XPATH_SELECTOR_RETURN_TYPER\n        ):\n            exception_class = InvalidSelectorException\n        elif status in ErrorCode.ELEMENT_IS_NOT_SELECTABLE:\n            exception_class = ElementNotSelectableException\n        elif status in ErrorCode.ELEMENT_NOT_INTERACTABLE:\n            exception_class = ElementNotInteractableException\n        elif status in ErrorCode.INVALID_COOKIE_DOMAIN:\n            exception_class = InvalidCookieDomainException\n        elif status in ErrorCode.UNABLE_TO_SET_COOKIE:\n            exception_class = UnableToSetCookieException\n        elif status in ErrorCode.TIMEOUT:\n            exception_class = TimeoutException\n        elif status in ErrorCode.SCRIPT_TIMEOUT:\n            exception_class = TimeoutException\n        elif status in ErrorCode.UNKNOWN_ERROR:\n            exception_class = WebDriverException\n        elif status in ErrorCode.UNEXPECTED_ALERT_OPEN:\n            exception_class = UnexpectedAlertPresentException\n        elif status in ErrorCode.NO_ALERT_OPEN:\n            exception_class = NoAlertPresentException\n        elif status in ErrorCode.IME_NOT_AVAILABLE:\n            exception_class = ImeNotAvailableException\n        elif status in ErrorCode.IME_ENGINE_ACTIVATION_FAILED:\n            exception_class = ImeActivationFailedException\n        elif status in ErrorCode.MOVE_TARGET_OUT_OF_BOUNDS:\n            exception_class = MoveTargetOutOfBoundsException\n        elif status in ErrorCode.JAVASCRIPT_ERROR:\n            exception_class = JavascriptException\n        elif status in ErrorCode.SESSION_NOT_CREATED:\n            exception_class = SessionNotCreatedException\n        elif status in ErrorCode.INVALID_ARGUMENT:\n            exception_class = InvalidArgumentException\n        elif status in ErrorCode.NO_SUCH_COOKIE:\n            exception_class = NoSuchCookieException\n        elif status in ErrorCode.UNABLE_TO_CAPTURE_SCREEN:\n            exception_class = ScreenshotException\n        elif status in ErrorCode.ELEMENT_CLICK_INTERCEPTED:\n            exception_class = ElementClickInterceptedException\n        elif status in ErrorCode.INSECURE_CERTIFICATE:\n            exception_class = InsecureCertificateException\n        elif status in ErrorCode.INVALID_COORDINATES:\n            exception_class = InvalidCoordinatesException\n        elif status in ErrorCode.INVALID_SESSION_ID:\n            exception_class = InvalidSessionIdException\n        elif status in ErrorCode.UNKNOWN_METHOD:\n            exception_class = UnknownMethodException\n        else:\n            exception_class = WebDriverException\n        if not value:\n            value = response[\"value\"]\n        if isinstance(value, str):\n            raise exception_class(value)\n        if message == \"\" and \"message\" in value:\n            message = value[\"message\"]\n    \n        screen = None  # type: ignore[assignment]\n        if \"screen\" in value:\n            screen = value[\"screen\"]\n    \n        stacktrace = None\n        st_value = value.get(\"stackTrace\") or value.get(\"stacktrace\")\n        if st_value:\n            if isinstance(st_value, str):\n                stacktrace = st_value.split(\"\\n\")\n            else:\n                stacktrace = []\n                try:\n                    for frame in st_value:\n                        line = frame.get(\"lineNumber\", \"\")\n                        file = frame.get(\"fileName\", \"<anonymous>\")\n                        if line:\n                            file = f\"{file}:{line}\"\n                        meth = frame.get(\"methodName\", \"<anonymous>\")\n                        if \"className\" in frame:\n                            meth = f\"{frame['className']}.{meth}\"\n                        msg = \"    at %s (%s)\"\n                        msg = msg % (meth, file)\n                        stacktrace.append(msg)\n                except TypeError:\n                    pass\n        if exception_class == UnexpectedAlertPresentException:\n            alert_text = None\n            if \"data\" in value:\n                alert_text = value[\"data\"].get(\"text\")\n            elif \"alert\" in value:\n                alert_text = value[\"alert\"].get(\"text\")\n            raise exception_class(message, screen, stacktrace, alert_text)  # type: ignore[call-arg]  # mypy is not smart enough here\n>       raise exception_class(message, screen, stacktrace)\nE       selenium.common.exceptions.NoSuchElementException: Message: no such element: Unable to locate element: {\"method\":\"xpath\",\"selector\":\"(//a[@href='/contact'])[3]\"}\nE         (Session info: chrome-headless-shell=121.0.6167.85); For documentation on this error, please visit: https://www.selenium.dev/documentation/webdriver/troubleshooting/errors#no-such-element-exception\nE       Stacktrace:\nE       #0 0x556e50e77d93 <unknown>\nE       #1 0x556e50b5b337 <unknown>\nE       #2 0x556e50ba6d60 <unknown>\nE       #3 0x556e50ba6e51 <unknown>\nE       #4 0x556e50beabc4 <unknown>\nE       #5 0x556e50bc946d <unknown>\nE       #6 0x556e50be812d <unknown>\nE       #7 0x556e50bc91e3 <unknown>\nE       #8 0x556e50b99135 <unknown>\nE       #9 0x556e50b9a13e <unknown>\nE       #10 0x556e50e3be4b <unknown>\nE       #11 0x556e50e3fdfa <unknown>\nE       #12 0x556e50e286d5 <unknown>\nE       #13 0x556e50e40a6f <unknown>\nE       #14 0x556e50e0c69f <unknown>\nE       #15 0x556e50e65098 <unknown>\nE       #16 0x556e50e65262 <unknown>\nE       #17 0x556e50e76f34 <unknown>\nE       #18 0x7fba7964f044 <unknown>\n\n/usr/local/lib/python3.11/site-packages/selenium/webdriver/remote/errorhandler.py:245: NoSuchElementException","steps":[{"name":"Проверка функциональности ссылки 'Местоположение'","time":{"start":1706404071426,"stop":1706404071438,"duration":12},"status":"broken","statusMessage":"selenium.common.exceptions.NoSuchElementException: Message: no such element: Unable to locate element: {\"method\":\"xpath\",\"selector\":\"(//a[@href='/contact'])[3]\"}\n  (Session info: chrome-headless-shell=121.0.6167.85); For documentation on this error, please visit: https://www.selenium.dev/documentation/webdriver/troubleshooting/errors#no-such-element-exception\nStacktrace:\n#0 0x556e50e77d93 <unknown>\n#1 0x556e50b5b337 <unknown>\n#2 0x556e50ba6d60 <unknown>\n#3 0x556e50ba6e51 <unknown>\n#4 0x556e50beabc4 <unknown>\n#5 0x556e50bc946d <unknown>\n#6 0x556e50be812d <unknown>\n#7 0x556e50bc91e3 <unknown>\n#8 0x556e50b99135 <unknown>\n#9 0x556e50b9a13e <unknown>\n#10 0x556e50e3be4b <unknown>\n#11 0x556e50e3fdfa <unknown>\n#12 0x556e50e286d5 <unknown>\n#13 0x556e50e40a6f <unknown>\n#14 0x556e50e0c69f <unknown>\n#15 0x556e50e65098 <unknown>\n#16 0x556e50e65262 <unknown>\n#17 0x556e50e76f34 <unknown>\n#18 0x7fba7964f044 <unknown>\n\n","statusTrace":"  File \"/usr/local/lib/python3.11/site-packages/allure_commons/_allure.py\", line 192, in impl\n    return func(*a, **kw)\n           ^^^^^^^^^^^^^^\n  File \"/app/pages/main_page.py\", line 148, in check_location_link\n    self.driver.find_element(*self._location).click()\n    ^^^^^^^^^^^^^^^^^^^^^^^^^^^^^^^^^^^^^^^^^\n  File \"/usr/local/lib/python3.11/site-packages/selenium/webdriver/remote/webdriver.py\", line 740, in find_element\n    return self.execute(Command.FIND_ELEMENT, {\"using\": by, \"value\": value})[\"value\"]\n           ^^^^^^^^^^^^^^^^^^^^^^^^^^^^^^^^^^^^^^^^^^^^^^^^^^^^^^^^^^^^^^^^^\n  File \"/usr/local/lib/python3.11/site-packages/selenium/webdriver/remote/webdriver.py\", line 346, in execute\n    self.error_handler.check_response(response)\n  File \"/usr/local/lib/python3.11/site-packages/selenium/webdriver/remote/errorhandler.py\", line 245, in check_response\n    raise exception_class(message, screen, stacktrace)\n","steps":[],"attachments":[],"parameters":[],"shouldDisplayMessage":true,"stepsCount":0,"attachmentsCount":0,"hasContent":true,"attachmentStep":false}],"attachments":[{"uid":"15e0d6e343b53a01","name":"Screenshot","source":"15e0d6e343b53a01.png","type":"image/png","size":39106},{"uid":"73dd2005a8e6af92","name":"HTML source","source":"73dd2005a8e6af92.html","type":"text/html","size":538}],"parameters":[],"shouldDisplayMessage":true,"stepsCount":1,"attachmentsCount":2,"hasContent":true,"attachmentStep":false},"afterStages":[{"name":"setup::0","time":{"start":1706404071554,"stop":1706404071554,"duration":0},"status":"passed","steps":[],"attachments":[],"parameters":[],"shouldDisplayMessage":false,"stepsCount":0,"attachmentsCount":0,"hasContent":false,"attachmentStep":false},{"name":"driver::0","time":{"start":1706404071555,"stop":1706404071612,"duration":57},"status":"passed","steps":[],"attachments":[],"parameters":[],"shouldDisplayMessage":false,"stepsCount":0,"attachmentsCount":0,"hasContent":false,"attachmentStep":false}],"labels":[{"name":"epic","value":"Main Page"},{"name":"feature","value":"Footer functionality"},{"name":"tag","value":"smoke_test"},{"name":"parentSuite","value":"tests"},{"name":"suite","value":"test_main_page"},{"name":"subSuite","value":"TestMainPage"},{"name":"host","value":"2a44d710c926"},{"name":"thread","value":"1-MainThread"},{"name":"framework","value":"pytest"},{"name":"language","value":"cpython3"},{"name":"package","value":"tests.test_main_page"},{"name":"resultFormat","value":"allure2"}],"parameters":[{"name":"url","value":"'https://test2.stroyrem-nn.ru/'"}],"links":[],"hidden":false,"retry":false,"extra":{"severity":"normal","retries":[],"categories":[{"name":"Test defects","matchedStatuses":[],"flaky":false}],"history":{"statistic":{"failed":0,"broken":137,"skipped":0,"passed":35,"unknown":0,"total":172},"items":[{"uid":"b0b389637cbea32e","reportUrl":"https://zaelcovsky.github.io/StroyremAutomation/214//#testresult/b0b389637cbea32e","status":"broken","statusDetails":"selenium.common.exceptions.NoSuchElementException: Message: no such element: Unable to locate element: {\"method\":\"xpath\",\"selector\":\"(//a[@href='/contact'])[3]\"}\n  (Session info: chrome-headless-shell=121.0.6167.85); For documentation on this error, please visit: https://www.selenium.dev/documentation/webdriver/troubleshooting/errors#no-such-element-exception\nStacktrace:\n#0 0x56027e20ed93 <unknown>\n#1 0x56027def2337 <unknown>\n#2 0x56027df3dd60 <unknown>\n#3 0x56027df3de51 <unknown>\n#4 0x56027df81bc4 <unknown>\n#5 0x56027df6046d <unknown>\n#6 0x56027df7f12d <unknown>\n#7 0x56027df601e3 <unknown>\n#8 0x56027df30135 <unknown>\n#9 0x56027df3113e <unknown>\n#10 0x56027e1d2e4b <unknown>\n#11 0x56027e1d6dfa <unknown>\n#12 0x56027e1bf6d5 <unknown>\n#13 0x56027e1d7a6f <unknown>\n#14 0x56027e1a369f <unknown>\n#15 0x56027e1fc098 <unknown>\n#16 0x56027e1fc262 <unknown>\n#17 0x56027e20df34 <unknown>\n#18 0x7f555f99c044 <unknown>","time":{"start":1706317406476,"stop":1706317406489,"duration":13}},{"uid":"8e485a18bbc19444","reportUrl":"https://zaelcovsky.github.io/StroyremAutomation/213//#testresult/8e485a18bbc19444","status":"broken","statusDetails":"selenium.common.exceptions.NoSuchElementException: Message: no such element: Unable to locate element: {\"method\":\"xpath\",\"selector\":\"(//a[@href='/contact'])[3]\"}\n  (Session info: chrome-headless-shell=121.0.6167.85); For documentation on this error, please visit: https://www.selenium.dev/documentation/webdriver/troubleshooting/errors#no-such-element-exception\nStacktrace:\n#0 0x556764914d93 <unknown>\n#1 0x5567645f8337 <unknown>\n#2 0x556764643d60 <unknown>\n#3 0x556764643e51 <unknown>\n#4 0x556764687bc4 <unknown>\n#5 0x55676466646d <unknown>\n#6 0x55676468512d <unknown>\n#7 0x5567646661e3 <unknown>\n#8 0x556764636135 <unknown>\n#9 0x55676463713e <unknown>\n#10 0x5567648d8e4b <unknown>\n#11 0x5567648dcdfa <unknown>\n#12 0x5567648c56d5 <unknown>\n#13 0x5567648dda6f <unknown>\n#14 0x5567648a969f <unknown>\n#15 0x556764902098 <unknown>\n#16 0x556764902262 <unknown>\n#17 0x556764913f34 <unknown>\n#18 0x7fa52c310044 <unknown>","time":{"start":1706231052146,"stop":1706231052159,"duration":13}},{"uid":"88ea0ba17c8225c7","reportUrl":"https://zaelcovsky.github.io/StroyremAutomation/212//#testresult/88ea0ba17c8225c7","status":"broken","statusDetails":"selenium.common.exceptions.NoSuchElementException: Message: no such element: Unable to locate element: {\"method\":\"xpath\",\"selector\":\"(//a[@href='/contact'])[3]\"}\n  (Session info: chrome-headless-shell=121.0.6167.85); For documentation on this error, please visit: https://www.selenium.dev/documentation/webdriver/troubleshooting/errors#no-such-element-exception\nStacktrace:\n#0 0x55df8a6bad93 <unknown>\n#1 0x55df8a39e337 <unknown>\n#2 0x55df8a3e9d60 <unknown>\n#3 0x55df8a3e9e51 <unknown>\n#4 0x55df8a42dbc4 <unknown>\n#5 0x55df8a40c46d <unknown>\n#6 0x55df8a42b12d <unknown>\n#7 0x55df8a40c1e3 <unknown>\n#8 0x55df8a3dc135 <unknown>\n#9 0x55df8a3dd13e <unknown>\n#10 0x55df8a67ee4b <unknown>\n#11 0x55df8a682dfa <unknown>\n#12 0x55df8a66b6d5 <unknown>\n#13 0x55df8a683a6f <unknown>\n#14 0x55df8a64f69f <unknown>\n#15 0x55df8a6a8098 <unknown>\n#16 0x55df8a6a8262 <unknown>\n#17 0x55df8a6b9f34 <unknown>\n#18 0x7f25b6b71044 <unknown>","time":{"start":1706144958561,"stop":1706144958574,"duration":13}},{"uid":"28cb61fc06cb8cdd","reportUrl":"https://zaelcovsky.github.io/StroyremAutomation/211//#testresult/28cb61fc06cb8cdd","status":"broken","statusDetails":"selenium.common.exceptions.NoSuchElementException: Message: no such element: Unable to locate element: {\"method\":\"xpath\",\"selector\":\"(//a[@href='/contact'])[3]\"}\n  (Session info: chrome-headless-shell=121.0.6167.85); For documentation on this error, please visit: https://www.selenium.dev/documentation/webdriver/troubleshooting/errors#no-such-element-exception\nStacktrace:\n#0 0x56042bd99d93 <unknown>\n#1 0x56042ba7d337 <unknown>\n#2 0x56042bac8d60 <unknown>\n#3 0x56042bac8e51 <unknown>\n#4 0x56042bb0cbc4 <unknown>\n#5 0x56042baeb46d <unknown>\n#6 0x56042bb0a12d <unknown>\n#7 0x56042baeb1e3 <unknown>\n#8 0x56042babb135 <unknown>\n#9 0x56042babc13e <unknown>\n#10 0x56042bd5de4b <unknown>\n#11 0x56042bd61dfa <unknown>\n#12 0x56042bd4a6d5 <unknown>\n#13 0x56042bd62a6f <unknown>\n#14 0x56042bd2e69f <unknown>\n#15 0x56042bd87098 <unknown>\n#16 0x56042bd87262 <unknown>\n#17 0x56042bd98f34 <unknown>\n#18 0x7fb250403044 <unknown>","time":{"start":1706058559437,"stop":1706058559450,"duration":13}},{"uid":"e017772862f3d033","reportUrl":"https://zaelcovsky.github.io/StroyremAutomation/210//#testresult/e017772862f3d033","status":"broken","statusDetails":"selenium.common.exceptions.NoSuchElementException: Message: no such element: Unable to locate element: {\"method\":\"xpath\",\"selector\":\"(//a[@href='/contact'])[3]\"}\n  (Session info: chrome-headless-shell=120.0.6099.109); For documentation on this error, please visit: https://www.selenium.dev/documentation/webdriver/troubleshooting/errors#no-such-element-exception\nStacktrace:\n#0 0x562439f09f83 <unknown>\n#1 0x562439bc2cf7 <unknown>\n#2 0x562439c1299e <unknown>\n#3 0x562439c12aa1 <unknown>\n#4 0x562439c5dd64 <unknown>\n#5 0x562439c3c0dd <unknown>\n#6 0x562439c5b006 <unknown>\n#7 0x562439c3be53 <unknown>\n#8 0x562439c03dd4 <unknown>\n#9 0x562439c051de <unknown>\n#10 0x562439ece531 <unknown>\n#11 0x562439ed2455 <unknown>\n#12 0x562439ebaf55 <unknown>\n#13 0x562439ed30ef <unknown>\n#14 0x562439e9e99f <unknown>\n#15 0x562439ef7008 <unknown>\n#16 0x562439ef71d7 <unknown>\n#17 0x562439f09124 <unknown>\n#18 0x7f3f554e2044 <unknown>","time":{"start":1705972184372,"stop":1705972184385,"duration":13}},{"uid":"73bedd5bec9e4797","reportUrl":"https://zaelcovsky.github.io/StroyremAutomation/209//#testresult/73bedd5bec9e4797","status":"broken","statusDetails":"selenium.common.exceptions.NoSuchElementException: Message: no such element: Unable to locate element: {\"method\":\"xpath\",\"selector\":\"(//a[@href='/contact'])[3]\"}\n  (Session info: chrome-headless-shell=120.0.6099.109); For documentation on this error, please visit: https://www.selenium.dev/documentation/webdriver/troubleshooting/errors#no-such-element-exception\nStacktrace:\n#0 0x55ed03576f83 <unknown>\n#1 0x55ed0322fcf7 <unknown>\n#2 0x55ed0327f99e <unknown>\n#3 0x55ed0327faa1 <unknown>\n#4 0x55ed032cad64 <unknown>\n#5 0x55ed032a90dd <unknown>\n#6 0x55ed032c8006 <unknown>\n#7 0x55ed032a8e53 <unknown>\n#8 0x55ed03270dd4 <unknown>\n#9 0x55ed032721de <unknown>\n#10 0x55ed0353b531 <unknown>\n#11 0x55ed0353f455 <unknown>\n#12 0x55ed03527f55 <unknown>\n#13 0x55ed035400ef <unknown>\n#14 0x55ed0350b99f <unknown>\n#15 0x55ed03564008 <unknown>\n#16 0x55ed035641d7 <unknown>\n#17 0x55ed03576124 <unknown>\n#18 0x7f34def3e044 <unknown>","time":{"start":1705885841997,"stop":1705885842010,"duration":13}},{"uid":"e8843073676be2f4","reportUrl":"https://zaelcovsky.github.io/StroyremAutomation/208//#testresult/e8843073676be2f4","status":"broken","statusDetails":"selenium.common.exceptions.NoSuchElementException: Message: no such element: Unable to locate element: {\"method\":\"xpath\",\"selector\":\"(//a[@href='/contact'])[3]\"}\n  (Session info: chrome-headless-shell=120.0.6099.109); For documentation on this error, please visit: https://www.selenium.dev/documentation/webdriver/troubleshooting/errors#no-such-element-exception\nStacktrace:\n#0 0x55bcbaba1f83 <unknown>\n#1 0x55bcba85acf7 <unknown>\n#2 0x55bcba8aa99e <unknown>\n#3 0x55bcba8aaaa1 <unknown>\n#4 0x55bcba8f5d64 <unknown>\n#5 0x55bcba8d40dd <unknown>\n#6 0x55bcba8f3006 <unknown>\n#7 0x55bcba8d3e53 <unknown>\n#8 0x55bcba89bdd4 <unknown>\n#9 0x55bcba89d1de <unknown>\n#10 0x55bcbab66531 <unknown>\n#11 0x55bcbab6a455 <unknown>\n#12 0x55bcbab52f55 <unknown>\n#13 0x55bcbab6b0ef <unknown>\n#14 0x55bcbab3699f <unknown>\n#15 0x55bcbab8f008 <unknown>\n#16 0x55bcbab8f1d7 <unknown>\n#17 0x55bcbaba1124 <unknown>\n#18 0x7f38233c6044 <unknown>","time":{"start":1705799568351,"stop":1705799568364,"duration":13}},{"uid":"e4a9cb774b7a02a5","reportUrl":"https://zaelcovsky.github.io/StroyremAutomation/207//#testresult/e4a9cb774b7a02a5","status":"broken","statusDetails":"selenium.common.exceptions.NoSuchElementException: Message: no such element: Unable to locate element: {\"method\":\"xpath\",\"selector\":\"(//a[@href='/contact'])[3]\"}\n  (Session info: chrome-headless-shell=120.0.6099.109); For documentation on this error, please visit: https://www.selenium.dev/documentation/webdriver/troubleshooting/errors#no-such-element-exception\nStacktrace:\n#0 0x55e96300ef83 <unknown>\n#1 0x55e962cc7cf7 <unknown>\n#2 0x55e962d1799e <unknown>\n#3 0x55e962d17aa1 <unknown>\n#4 0x55e962d62d64 <unknown>\n#5 0x55e962d410dd <unknown>\n#6 0x55e962d60006 <unknown>\n#7 0x55e962d40e53 <unknown>\n#8 0x55e962d08dd4 <unknown>\n#9 0x55e962d0a1de <unknown>\n#10 0x55e962fd3531 <unknown>\n#11 0x55e962fd7455 <unknown>\n#12 0x55e962fbff55 <unknown>\n#13 0x55e962fd80ef <unknown>\n#14 0x55e962fa399f <unknown>\n#15 0x55e962ffc008 <unknown>\n#16 0x55e962ffc1d7 <unknown>\n#17 0x55e96300e124 <unknown>\n#18 0x7f3159220044 <unknown>","time":{"start":1705712827301,"stop":1705712827314,"duration":13}},{"uid":"69daddf1fa34b459","reportUrl":"https://zaelcovsky.github.io/StroyremAutomation/206//#testresult/69daddf1fa34b459","status":"broken","statusDetails":"selenium.common.exceptions.NoSuchElementException: Message: no such element: Unable to locate element: {\"method\":\"xpath\",\"selector\":\"(//a[@href='/contact'])[3]\"}\n  (Session info: chrome-headless-shell=120.0.6099.109); For documentation on this error, please visit: https://www.selenium.dev/documentation/webdriver/troubleshooting/errors#no-such-element-exception\nStacktrace:\n#0 0x55f20b87cf83 <unknown>\n#1 0x55f20b535cf7 <unknown>\n#2 0x55f20b58599e <unknown>\n#3 0x55f20b585aa1 <unknown>\n#4 0x55f20b5d0d64 <unknown>\n#5 0x55f20b5af0dd <unknown>\n#6 0x55f20b5ce006 <unknown>\n#7 0x55f20b5aee53 <unknown>\n#8 0x55f20b576dd4 <unknown>\n#9 0x55f20b5781de <unknown>\n#10 0x55f20b841531 <unknown>\n#11 0x55f20b845455 <unknown>\n#12 0x55f20b82df55 <unknown>\n#13 0x55f20b8460ef <unknown>\n#14 0x55f20b81199f <unknown>\n#15 0x55f20b86a008 <unknown>\n#16 0x55f20b86a1d7 <unknown>\n#17 0x55f20b87c124 <unknown>\n#18 0x7f29c30cb044 <unknown>","time":{"start":1705626494682,"stop":1705626494695,"duration":13}},{"uid":"30d29d90f436f785","reportUrl":"https://zaelcovsky.github.io/StroyremAutomation/205//#testresult/30d29d90f436f785","status":"broken","statusDetails":"selenium.common.exceptions.NoSuchElementException: Message: no such element: Unable to locate element: {\"method\":\"xpath\",\"selector\":\"(//a[@href='/contact'])[3]\"}\n  (Session info: chrome-headless-shell=120.0.6099.109); For documentation on this error, please visit: https://www.selenium.dev/documentation/webdriver/troubleshooting/errors#no-such-element-exception\nStacktrace:\n#0 0x5583ef45ff83 <unknown>\n#1 0x5583ef118cf7 <unknown>\n#2 0x5583ef16899e <unknown>\n#3 0x5583ef168aa1 <unknown>\n#4 0x5583ef1b3d64 <unknown>\n#5 0x5583ef1920dd <unknown>\n#6 0x5583ef1b1006 <unknown>\n#7 0x5583ef191e53 <unknown>\n#8 0x5583ef159dd4 <unknown>\n#9 0x5583ef15b1de <unknown>\n#10 0x5583ef424531 <unknown>\n#11 0x5583ef428455 <unknown>\n#12 0x5583ef410f55 <unknown>\n#13 0x5583ef4290ef <unknown>\n#14 0x5583ef3f499f <unknown>\n#15 0x5583ef44d008 <unknown>\n#16 0x5583ef44d1d7 <unknown>\n#17 0x5583ef45f124 <unknown>\n#18 0x7fb27263e044 <unknown>","time":{"start":1705540070265,"stop":1705540070277,"duration":12}},{"uid":"11ca98b8e8ccbc24","reportUrl":"https://zaelcovsky.github.io/StroyremAutomation/204//#testresult/11ca98b8e8ccbc24","status":"broken","statusDetails":"selenium.common.exceptions.NoSuchElementException: Message: no such element: Unable to locate element: {\"method\":\"xpath\",\"selector\":\"(//a[@href='/contact'])[3]\"}\n  (Session info: chrome-headless-shell=120.0.6099.109); For documentation on this error, please visit: https://www.selenium.dev/documentation/webdriver/troubleshooting/errors#no-such-element-exception\nStacktrace:\n#0 0x5589becd9f83 <unknown>\n#1 0x5589be992cf7 <unknown>\n#2 0x5589be9e299e <unknown>\n#3 0x5589be9e2aa1 <unknown>\n#4 0x5589bea2dd64 <unknown>\n#5 0x5589bea0c0dd <unknown>\n#6 0x5589bea2b006 <unknown>\n#7 0x5589bea0be53 <unknown>\n#8 0x5589be9d3dd4 <unknown>\n#9 0x5589be9d51de <unknown>\n#10 0x5589bec9e531 <unknown>\n#11 0x5589beca2455 <unknown>\n#12 0x5589bec8af55 <unknown>\n#13 0x5589beca30ef <unknown>\n#14 0x5589bec6e99f <unknown>\n#15 0x5589becc7008 <unknown>\n#16 0x5589becc71d7 <unknown>\n#17 0x5589becd9124 <unknown>\n#18 0x7fe499ae0044 <unknown>","time":{"start":1705453745971,"stop":1705453745984,"duration":13}},{"uid":"c03d9b8df57e0120","reportUrl":"https://zaelcovsky.github.io/StroyremAutomation/203//#testresult/c03d9b8df57e0120","status":"broken","statusDetails":"selenium.common.exceptions.NoSuchElementException: Message: no such element: Unable to locate element: {\"method\":\"xpath\",\"selector\":\"(//a[@href='/contact'])[3]\"}\n  (Session info: chrome-headless-shell=120.0.6099.109); For documentation on this error, please visit: https://www.selenium.dev/documentation/webdriver/troubleshooting/errors#no-such-element-exception\nStacktrace:\n#0 0x563b5311df83 <unknown>\n#1 0x563b52dd6cf7 <unknown>\n#2 0x563b52e2699e <unknown>\n#3 0x563b52e26aa1 <unknown>\n#4 0x563b52e71d64 <unknown>\n#5 0x563b52e500dd <unknown>\n#6 0x563b52e6f006 <unknown>\n#7 0x563b52e4fe53 <unknown>\n#8 0x563b52e17dd4 <unknown>\n#9 0x563b52e191de <unknown>\n#10 0x563b530e2531 <unknown>\n#11 0x563b530e6455 <unknown>\n#12 0x563b530cef55 <unknown>\n#13 0x563b530e70ef <unknown>\n#14 0x563b530b299f <unknown>\n#15 0x563b5310b008 <unknown>\n#16 0x563b5310b1d7 <unknown>\n#17 0x563b5311d124 <unknown>\n#18 0x7faea6aad044 <unknown>","time":{"start":1705367293202,"stop":1705367293215,"duration":13}},{"uid":"538065e1183eb2c1","reportUrl":"https://zaelcovsky.github.io/StroyremAutomation/202//#testresult/538065e1183eb2c1","status":"broken","statusDetails":"selenium.common.exceptions.NoSuchElementException: Message: no such element: Unable to locate element: {\"method\":\"xpath\",\"selector\":\"(//a[@href='/contact'])[3]\"}\n  (Session info: chrome-headless-shell=120.0.6099.109); For documentation on this error, please visit: https://www.selenium.dev/documentation/webdriver/troubleshooting/errors#no-such-element-exception\nStacktrace:\n#0 0x5578d06b8f83 <unknown>\n#1 0x5578d0371cf7 <unknown>\n#2 0x5578d03c199e <unknown>\n#3 0x5578d03c1aa1 <unknown>\n#4 0x5578d040cd64 <unknown>\n#5 0x5578d03eb0dd <unknown>\n#6 0x5578d040a006 <unknown>\n#7 0x5578d03eae53 <unknown>\n#8 0x5578d03b2dd4 <unknown>\n#9 0x5578d03b41de <unknown>\n#10 0x5578d067d531 <unknown>\n#11 0x5578d0681455 <unknown>\n#12 0x5578d0669f55 <unknown>\n#13 0x5578d06820ef <unknown>\n#14 0x5578d064d99f <unknown>\n#15 0x5578d06a6008 <unknown>\n#16 0x5578d06a61d7 <unknown>\n#17 0x5578d06b8124 <unknown>\n#18 0x7f47edd1e044 <unknown>","time":{"start":1705281019282,"stop":1705281019295,"duration":13}},{"uid":"e9f042de5262e8b9","reportUrl":"https://zaelcovsky.github.io/StroyremAutomation/201//#testresult/e9f042de5262e8b9","status":"broken","statusDetails":"selenium.common.exceptions.NoSuchElementException: Message: no such element: Unable to locate element: {\"method\":\"xpath\",\"selector\":\"(//a[@href='/contact'])[3]\"}\n  (Session info: chrome-headless-shell=120.0.6099.109); For documentation on this error, please visit: https://www.selenium.dev/documentation/webdriver/troubleshooting/errors#no-such-element-exception\nStacktrace:\n#0 0x5571c1df0f83 <unknown>\n#1 0x5571c1aa9cf7 <unknown>\n#2 0x5571c1af999e <unknown>\n#3 0x5571c1af9aa1 <unknown>\n#4 0x5571c1b44d64 <unknown>\n#5 0x5571c1b230dd <unknown>\n#6 0x5571c1b42006 <unknown>\n#7 0x5571c1b22e53 <unknown>\n#8 0x5571c1aeadd4 <unknown>\n#9 0x5571c1aec1de <unknown>\n#10 0x5571c1db5531 <unknown>\n#11 0x5571c1db9455 <unknown>\n#12 0x5571c1da1f55 <unknown>\n#13 0x5571c1dba0ef <unknown>\n#14 0x5571c1d8599f <unknown>\n#15 0x5571c1dde008 <unknown>\n#16 0x5571c1dde1d7 <unknown>\n#17 0x5571c1df0124 <unknown>\n#18 0x7f16f7e63044 <unknown>","time":{"start":1705194791897,"stop":1705194791910,"duration":13}},{"uid":"d9105da01c445115","reportUrl":"https://zaelcovsky.github.io/StroyremAutomation/200//#testresult/d9105da01c445115","status":"broken","statusDetails":"selenium.common.exceptions.NoSuchElementException: Message: no such element: Unable to locate element: {\"method\":\"xpath\",\"selector\":\"(//a[@href='/contact'])[3]\"}\n  (Session info: chrome-headless-shell=120.0.6099.109); For documentation on this error, please visit: https://www.selenium.dev/documentation/webdriver/troubleshooting/errors#no-such-element-exception\nStacktrace:\n#0 0x55e22ff88f83 <unknown>\n#1 0x55e22fc41cf7 <unknown>\n#2 0x55e22fc9199e <unknown>\n#3 0x55e22fc91aa1 <unknown>\n#4 0x55e22fcdcd64 <unknown>\n#5 0x55e22fcbb0dd <unknown>\n#6 0x55e22fcda006 <unknown>\n#7 0x55e22fcbae53 <unknown>\n#8 0x55e22fc82dd4 <unknown>\n#9 0x55e22fc841de <unknown>\n#10 0x55e22ff4d531 <unknown>\n#11 0x55e22ff51455 <unknown>\n#12 0x55e22ff39f55 <unknown>\n#13 0x55e22ff520ef <unknown>\n#14 0x55e22ff1d99f <unknown>\n#15 0x55e22ff76008 <unknown>\n#16 0x55e22ff761d7 <unknown>\n#17 0x55e22ff88124 <unknown>\n#18 0x7efc2ad05044 <unknown>","time":{"start":1705108074459,"stop":1705108074471,"duration":12}},{"uid":"32d44a1c56ca7892","reportUrl":"https://zaelcovsky.github.io/StroyremAutomation/199//#testresult/32d44a1c56ca7892","status":"broken","statusDetails":"selenium.common.exceptions.NoSuchElementException: Message: no such element: Unable to locate element: {\"method\":\"xpath\",\"selector\":\"(//a[@href='/contact'])[3]\"}\n  (Session info: chrome-headless-shell=120.0.6099.109); For documentation on this error, please visit: https://www.selenium.dev/documentation/webdriver/troubleshooting/errors#no-such-element-exception\nStacktrace:\n#0 0x5590faf37f83 <unknown>\n#1 0x5590fabf0cf7 <unknown>\n#2 0x5590fac4099e <unknown>\n#3 0x5590fac40aa1 <unknown>\n#4 0x5590fac8bd64 <unknown>\n#5 0x5590fac6a0dd <unknown>\n#6 0x5590fac89006 <unknown>\n#7 0x5590fac69e53 <unknown>\n#8 0x5590fac31dd4 <unknown>\n#9 0x5590fac331de <unknown>\n#10 0x5590faefc531 <unknown>\n#11 0x5590faf00455 <unknown>\n#12 0x5590faee8f55 <unknown>\n#13 0x5590faf010ef <unknown>\n#14 0x5590faecc99f <unknown>\n#15 0x5590faf25008 <unknown>\n#16 0x5590faf251d7 <unknown>\n#17 0x5590faf37124 <unknown>\n#18 0x7f3a30877044 <unknown>","time":{"start":1705021721372,"stop":1705021721385,"duration":13}},{"uid":"572f9e73867c4ac1","reportUrl":"https://zaelcovsky.github.io/StroyremAutomation/198//#testresult/572f9e73867c4ac1","status":"broken","statusDetails":"selenium.common.exceptions.NoSuchElementException: Message: no such element: Unable to locate element: {\"method\":\"xpath\",\"selector\":\"(//a[@href='/contact'])[3]\"}\n  (Session info: chrome-headless-shell=120.0.6099.109); For documentation on this error, please visit: https://www.selenium.dev/documentation/webdriver/troubleshooting/errors#no-such-element-exception\nStacktrace:\n#0 0x555b31fbff83 <unknown>\n#1 0x555b31c78cf7 <unknown>\n#2 0x555b31cc899e <unknown>\n#3 0x555b31cc8aa1 <unknown>\n#4 0x555b31d13d64 <unknown>\n#5 0x555b31cf20dd <unknown>\n#6 0x555b31d11006 <unknown>\n#7 0x555b31cf1e53 <unknown>\n#8 0x555b31cb9dd4 <unknown>\n#9 0x555b31cbb1de <unknown>\n#10 0x555b31f84531 <unknown>\n#11 0x555b31f88455 <unknown>\n#12 0x555b31f70f55 <unknown>\n#13 0x555b31f890ef <unknown>\n#14 0x555b31f5499f <unknown>\n#15 0x555b31fad008 <unknown>\n#16 0x555b31fad1d7 <unknown>\n#17 0x555b31fbf124 <unknown>\n#18 0x7fc4383d0044 <unknown>","time":{"start":1704935277566,"stop":1704935277579,"duration":13}},{"uid":"478c8f9629ae505b","reportUrl":"https://zaelcovsky.github.io/StroyremAutomation/197//#testresult/478c8f9629ae505b","status":"broken","statusDetails":"selenium.common.exceptions.NoSuchElementException: Message: no such element: Unable to locate element: {\"method\":\"xpath\",\"selector\":\"(//a[@href='/contact'])[3]\"}\n  (Session info: chrome-headless-shell=120.0.6099.109); For documentation on this error, please visit: https://www.selenium.dev/documentation/webdriver/troubleshooting/errors#no-such-element-exception\nStacktrace:\n#0 0x55c903883f83 <unknown>\n#1 0x55c90353ccf7 <unknown>\n#2 0x55c90358c99e <unknown>\n#3 0x55c90358caa1 <unknown>\n#4 0x55c9035d7d64 <unknown>\n#5 0x55c9035b60dd <unknown>\n#6 0x55c9035d5006 <unknown>\n#7 0x55c9035b5e53 <unknown>\n#8 0x55c90357ddd4 <unknown>\n#9 0x55c90357f1de <unknown>\n#10 0x55c903848531 <unknown>\n#11 0x55c90384c455 <unknown>\n#12 0x55c903834f55 <unknown>\n#13 0x55c90384d0ef <unknown>\n#14 0x55c90381899f <unknown>\n#15 0x55c903871008 <unknown>\n#16 0x55c9038711d7 <unknown>\n#17 0x55c903883124 <unknown>\n#18 0x7fcf4825b044 <unknown>","time":{"start":1704848876674,"stop":1704848876688,"duration":14}},{"uid":"c3de703c6129213b","reportUrl":"https://zaelcovsky.github.io/StroyremAutomation/196//#testresult/c3de703c6129213b","status":"broken","statusDetails":"selenium.common.exceptions.NoSuchElementException: Message: no such element: Unable to locate element: {\"method\":\"xpath\",\"selector\":\"(//a[@href='/contact'])[3]\"}\n  (Session info: chrome-headless-shell=120.0.6099.109); For documentation on this error, please visit: https://www.selenium.dev/documentation/webdriver/troubleshooting/errors#no-such-element-exception\nStacktrace:\n#0 0x55ff76228f83 <unknown>\n#1 0x55ff75ee1cf7 <unknown>\n#2 0x55ff75f3199e <unknown>\n#3 0x55ff75f31aa1 <unknown>\n#4 0x55ff75f7cd64 <unknown>\n#5 0x55ff75f5b0dd <unknown>\n#6 0x55ff75f7a006 <unknown>\n#7 0x55ff75f5ae53 <unknown>\n#8 0x55ff75f22dd4 <unknown>\n#9 0x55ff75f241de <unknown>\n#10 0x55ff761ed531 <unknown>\n#11 0x55ff761f1455 <unknown>\n#12 0x55ff761d9f55 <unknown>\n#13 0x55ff761f20ef <unknown>\n#14 0x55ff761bd99f <unknown>\n#15 0x55ff76216008 <unknown>\n#16 0x55ff762161d7 <unknown>\n#17 0x55ff76228124 <unknown>\n#18 0x7f080a5cf044 <unknown>","time":{"start":1704762475155,"stop":1704762475167,"duration":12}},{"uid":"ed89c53d05515458","reportUrl":"https://zaelcovsky.github.io/StroyremAutomation/195//#testresult/ed89c53d05515458","status":"broken","statusDetails":"selenium.common.exceptions.NoSuchElementException: Message: no such element: Unable to locate element: {\"method\":\"xpath\",\"selector\":\"(//a[@href='/contact'])[3]\"}\n  (Session info: chrome-headless-shell=120.0.6099.109); For documentation on this error, please visit: https://www.selenium.dev/documentation/webdriver/troubleshooting/errors#no-such-element-exception\nStacktrace:\n#0 0x559548a20f83 <unknown>\n#1 0x5595486d9cf7 <unknown>\n#2 0x55954872999e <unknown>\n#3 0x559548729aa1 <unknown>\n#4 0x559548774d64 <unknown>\n#5 0x5595487530dd <unknown>\n#6 0x559548772006 <unknown>\n#7 0x559548752e53 <unknown>\n#8 0x55954871add4 <unknown>\n#9 0x55954871c1de <unknown>\n#10 0x5595489e5531 <unknown>\n#11 0x5595489e9455 <unknown>\n#12 0x5595489d1f55 <unknown>\n#13 0x5595489ea0ef <unknown>\n#14 0x5595489b599f <unknown>\n#15 0x559548a0e008 <unknown>\n#16 0x559548a0e1d7 <unknown>\n#17 0x559548a20124 <unknown>\n#18 0x7f234518a044 <unknown>","time":{"start":1704676130509,"stop":1704676130522,"duration":13}}]},"tags":["smoke_test"]},"source":"57e6c4204d533575.json","parameterValues":["'https://test2.stroyrem-nn.ru/'"]}