{"uid":"f8147edf42508b29","name":"TD 023 Доставка товара весом до 6200кг. в синей зоне","fullName":"tests.delivery.test_delivery_calculation.TestDeliveryPageCalculation#test_positive_delivery_blue_zone_smoke","historyId":"fe4664de905f76a94b6350f1590cde09","time":{"start":1702170945208,"stop":1702170945590,"duration":382},"status":"skipped","statusMessage":"XFAIL\n\nselenium.common.exceptions.NoSuchElementException: Message: no such element: Unable to locate element: {\"method\":\"xpath\",\"selector\":\"(//a[@class='add-to-cart yellow-btn'])[1]\"}\n  (Session info: chrome-headless-shell=120.0.6099.71); For documentation on this error, please visit: https://www.selenium.dev/documentation/webdriver/troubleshooting/errors#no-such-element-exception\nStacktrace:\n#0 0x55ed64ffcd33 <unknown>\n#1 0x55ed64cb9f87 <unknown>\n#2 0x55ed64d09c0e <unknown>\n#3 0x55ed64d09d11 <unknown>\n#4 0x55ed64d55004 <unknown>\n#5 0x55ed64d3336d <unknown>\n#6 0x55ed64d52297 <unknown>\n#7 0x55ed64d330e3 <unknown>\n#8 0x55ed64cfb044 <unknown>\n#9 0x55ed64cfc44e <unknown>\n#10 0x55ed64fc1861 <unknown>\n#11 0x55ed64fc5785 <unknown>\n#12 0x55ed64faf285 <unknown>\n#13 0x55ed64fc641f <unknown>\n#14 0x55ed64f9320f <unknown>\n#15 0x55ed64fea028 <unknown>\n#16 0x55ed64fea1f7 <unknown>\n#17 0x55ed64ffbed4 <unknown>\n#18 0x7f598d38e044 <unknown>","statusTrace":"self = <tests.delivery.test_delivery_calculation.TestDeliveryPageCalculation object at 0x7f481de77390>\ndriver = <selenium.webdriver.chrome.webdriver.WebDriver (session=\"518b017daa621be3e9303b387d53d696\")>\nurl = 'https://sandboxtest.stroyrem-nn.ru/', case_id = 'TD 023'\nlink_item = 'products/shtukaturka-gipsovaya-aksolit-m50-30-kg-mashinnogo-naneseniya'\namount = 206, weight = 6200, standard = 3300, in_time = 7500, all_time = 8000\n\n    @pytest.mark.parametrize('case_id, link_item, amount, weight, standard, in_time, all_time', [\n        (\"TD 015\", bundeks_25, 1, 30, 650, 2390, 3320),\n        pytest.param(\n            \"TD 016\", aksolit_30, 8, 300, 650, 2390, 3320,\n            marks=pytest.mark.xfail(reson=\"Цена доставки: - - -\")\n        ),\n        (\"TD 017\", aksolit_30, 13, 400, 650, 2390, 3320),\n        (\"TD 018\", aksolit_30, 16, 500, 850, 2490, 3320),\n        (\"TD 019\", aksolit_30, 25, 1700, 1150, 2490, 3320),\n        (\"TD 020\", aksolit_30, 66, 2000, 1500, 2990, 3650),\n        (\"TD 021\", aksolit_30, 149, 4500, 2600, 4380, 4890),\n        (\"TD 022\", aksolit_30, 166, 5000, 2800, 5490, 5980),\n        pytest.param(\n            \"TD 023\", aksolit_30, 206, 6200, 3300, 7500, 8000,\n            marks=pytest.mark.xfail(reson=\"Цена доставки: 4300 9900 11440\")\n        ),\n        (\"TD 024\", aksolit_30, 299, 9000, 4300, 9900, 11440),\n        (\"TD 025\", aksolit_30, 333, 10000, 7000, 13900, 15900),\n        pytest.param(\n            \"TD 026\", aksolit_30, 366, 11000, 8000, 14900, 19900,\n            marks=pytest.mark.xfail(reson=\"Цена доставки: 7000 13900 15900\")\n        ),\n        pytest.param(\n            \"TD 027\", aksolit_30, 666, 20000, 14000, 16900, 23900,\n            marks=pytest.mark.xfail(reson=\"Цена доставки: 7000 13900 15900\")\n        )\n    ])\n    @pytest.mark.smoke\n    def test_positive_delivery_blue_zone_smoke(\n            self, driver, url, case_id, link_item, amount, weight, standard, in_time, all_time\n    ):\n        allure.dynamic.title(f\"{case_id} Доставка товара весом до {weight}кг. в синей зоне\")\n    \n        driver.get(f'{url}{link_item}')\n        item_page = ItemPage(driver)\n>       item_page.add_item_to_cart(amount).click_on_cart()\n\ntests/delivery/test_delivery_calculation.py:130: \n_ _ _ _ _ _ _ _ _ _ _ _ _ _ _ _ _ _ _ _ _ _ _ _ _ _ _ _ _ _ _ _ _ _ _ _ _ _ _ _ \npages/item_page.py:40: in add_item_to_cart\n    self.find_element(self._add_item).click()\nbase/seleniumbase.py:17: in find_element\n    return self.driver.find_element(*locator)\n/usr/local/lib/python3.11/site-packages/selenium/webdriver/remote/webdriver.py:740: in find_element\n    return self.execute(Command.FIND_ELEMENT, {\"using\": by, \"value\": value})[\"value\"]\n/usr/local/lib/python3.11/site-packages/selenium/webdriver/remote/webdriver.py:346: in execute\n    self.error_handler.check_response(response)\n_ _ _ _ _ _ _ _ _ _ _ _ _ _ _ _ _ _ _ _ _ _ _ _ _ _ _ _ _ _ _ _ _ _ _ _ _ _ _ _ \n\nself = <selenium.webdriver.remote.errorhandler.ErrorHandler object at 0x7f481e903c50>\nresponse = {'status': 404, 'value': '{\"value\":{\"error\":\"no such element\",\"message\":\"no such element: Unable to locate element: {\\...\\\\n#16 0x55ed64fea1f7 \\\\u003Cunknown>\\\\n#17 0x55ed64ffbed4 \\\\u003Cunknown>\\\\n#18 0x7f598d38e044 \\\\u003Cunknown>\\\\n\"}}'}\n\n    def check_response(self, response: Dict[str, Any]) -> None:\n        \"\"\"Checks that a JSON response from the WebDriver does not have an\n        error.\n    \n        :Args:\n         - response - The JSON response from the WebDriver server as a dictionary\n           object.\n    \n        :Raises: If the response contains an error message.\n        \"\"\"\n        status = response.get(\"status\", None)\n        if not status or status == ErrorCode.SUCCESS:\n            return\n        value = None\n        message = response.get(\"message\", \"\")\n        screen: str = response.get(\"screen\", \"\")\n        stacktrace = None\n        if isinstance(status, int):\n            value_json = response.get(\"value\", None)\n            if value_json and isinstance(value_json, str):\n                import json\n    \n                try:\n                    value = json.loads(value_json)\n                    if len(value) == 1:\n                        value = value[\"value\"]\n                    status = value.get(\"error\", None)\n                    if not status:\n                        status = value.get(\"status\", ErrorCode.UNKNOWN_ERROR)\n                        message = value.get(\"value\") or value.get(\"message\")\n                        if not isinstance(message, str):\n                            value = message\n                            message = message.get(\"message\")\n                    else:\n                        message = value.get(\"message\", None)\n                except ValueError:\n                    pass\n    \n        exception_class: Type[WebDriverException]\n        if status in ErrorCode.NO_SUCH_ELEMENT:\n            exception_class = NoSuchElementException\n        elif status in ErrorCode.NO_SUCH_FRAME:\n            exception_class = NoSuchFrameException\n        elif status in ErrorCode.NO_SUCH_SHADOW_ROOT:\n            exception_class = NoSuchShadowRootException\n        elif status in ErrorCode.NO_SUCH_WINDOW:\n            exception_class = NoSuchWindowException\n        elif status in ErrorCode.STALE_ELEMENT_REFERENCE:\n            exception_class = StaleElementReferenceException\n        elif status in ErrorCode.ELEMENT_NOT_VISIBLE:\n            exception_class = ElementNotVisibleException\n        elif status in ErrorCode.INVALID_ELEMENT_STATE:\n            exception_class = InvalidElementStateException\n        elif (\n            status in ErrorCode.INVALID_SELECTOR\n            or status in ErrorCode.INVALID_XPATH_SELECTOR\n            or status in ErrorCode.INVALID_XPATH_SELECTOR_RETURN_TYPER\n        ):\n            exception_class = InvalidSelectorException\n        elif status in ErrorCode.ELEMENT_IS_NOT_SELECTABLE:\n            exception_class = ElementNotSelectableException\n        elif status in ErrorCode.ELEMENT_NOT_INTERACTABLE:\n            exception_class = ElementNotInteractableException\n        elif status in ErrorCode.INVALID_COOKIE_DOMAIN:\n            exception_class = InvalidCookieDomainException\n        elif status in ErrorCode.UNABLE_TO_SET_COOKIE:\n            exception_class = UnableToSetCookieException\n        elif status in ErrorCode.TIMEOUT:\n            exception_class = TimeoutException\n        elif status in ErrorCode.SCRIPT_TIMEOUT:\n            exception_class = TimeoutException\n        elif status in ErrorCode.UNKNOWN_ERROR:\n            exception_class = WebDriverException\n        elif status in ErrorCode.UNEXPECTED_ALERT_OPEN:\n            exception_class = UnexpectedAlertPresentException\n        elif status in ErrorCode.NO_ALERT_OPEN:\n            exception_class = NoAlertPresentException\n        elif status in ErrorCode.IME_NOT_AVAILABLE:\n            exception_class = ImeNotAvailableException\n        elif status in ErrorCode.IME_ENGINE_ACTIVATION_FAILED:\n            exception_class = ImeActivationFailedException\n        elif status in ErrorCode.MOVE_TARGET_OUT_OF_BOUNDS:\n            exception_class = MoveTargetOutOfBoundsException\n        elif status in ErrorCode.JAVASCRIPT_ERROR:\n            exception_class = JavascriptException\n        elif status in ErrorCode.SESSION_NOT_CREATED:\n            exception_class = SessionNotCreatedException\n        elif status in ErrorCode.INVALID_ARGUMENT:\n            exception_class = InvalidArgumentException\n        elif status in ErrorCode.NO_SUCH_COOKIE:\n            exception_class = NoSuchCookieException\n        elif status in ErrorCode.UNABLE_TO_CAPTURE_SCREEN:\n            exception_class = ScreenshotException\n        elif status in ErrorCode.ELEMENT_CLICK_INTERCEPTED:\n            exception_class = ElementClickInterceptedException\n        elif status in ErrorCode.INSECURE_CERTIFICATE:\n            exception_class = InsecureCertificateException\n        elif status in ErrorCode.INVALID_COORDINATES:\n            exception_class = InvalidCoordinatesException\n        elif status in ErrorCode.INVALID_SESSION_ID:\n            exception_class = InvalidSessionIdException\n        elif status in ErrorCode.UNKNOWN_METHOD:\n            exception_class = UnknownMethodException\n        else:\n            exception_class = WebDriverException\n        if not value:\n            value = response[\"value\"]\n        if isinstance(value, str):\n            raise exception_class(value)\n        if message == \"\" and \"message\" in value:\n            message = value[\"message\"]\n    \n        screen = None  # type: ignore[assignment]\n        if \"screen\" in value:\n            screen = value[\"screen\"]\n    \n        stacktrace = None\n        st_value = value.get(\"stackTrace\") or value.get(\"stacktrace\")\n        if st_value:\n            if isinstance(st_value, str):\n                stacktrace = st_value.split(\"\\n\")\n            else:\n                stacktrace = []\n                try:\n                    for frame in st_value:\n                        line = frame.get(\"lineNumber\", \"\")\n                        file = frame.get(\"fileName\", \"<anonymous>\")\n                        if line:\n                            file = f\"{file}:{line}\"\n                        meth = frame.get(\"methodName\", \"<anonymous>\")\n                        if \"className\" in frame:\n                            meth = f\"{frame['className']}.{meth}\"\n                        msg = \"    at %s (%s)\"\n                        msg = msg % (meth, file)\n                        stacktrace.append(msg)\n                except TypeError:\n                    pass\n        if exception_class == UnexpectedAlertPresentException:\n            alert_text = None\n            if \"data\" in value:\n                alert_text = value[\"data\"].get(\"text\")\n            elif \"alert\" in value:\n                alert_text = value[\"alert\"].get(\"text\")\n            raise exception_class(message, screen, stacktrace, alert_text)  # type: ignore[call-arg]  # mypy is not smart enough here\n>       raise exception_class(message, screen, stacktrace)\nE       selenium.common.exceptions.NoSuchElementException: Message: no such element: Unable to locate element: {\"method\":\"xpath\",\"selector\":\"(//a[@class='add-to-cart yellow-btn'])[1]\"}\nE         (Session info: chrome-headless-shell=120.0.6099.71); For documentation on this error, please visit: https://www.selenium.dev/documentation/webdriver/troubleshooting/errors#no-such-element-exception\nE       Stacktrace:\nE       #0 0x55ed64ffcd33 <unknown>\nE       #1 0x55ed64cb9f87 <unknown>\nE       #2 0x55ed64d09c0e <unknown>\nE       #3 0x55ed64d09d11 <unknown>\nE       #4 0x55ed64d55004 <unknown>\nE       #5 0x55ed64d3336d <unknown>\nE       #6 0x55ed64d52297 <unknown>\nE       #7 0x55ed64d330e3 <unknown>\nE       #8 0x55ed64cfb044 <unknown>\nE       #9 0x55ed64cfc44e <unknown>\nE       #10 0x55ed64fc1861 <unknown>\nE       #11 0x55ed64fc5785 <unknown>\nE       #12 0x55ed64faf285 <unknown>\nE       #13 0x55ed64fc641f <unknown>\nE       #14 0x55ed64f9320f <unknown>\nE       #15 0x55ed64fea028 <unknown>\nE       #16 0x55ed64fea1f7 <unknown>\nE       #17 0x55ed64ffbed4 <unknown>\nE       #18 0x7f598d38e044 <unknown>\n\n/usr/local/lib/python3.11/site-packages/selenium/webdriver/remote/errorhandler.py:245: NoSuchElementException","flaky":false,"newFailed":false,"newBroken":false,"newPassed":false,"retriesCount":0,"retriesStatusChange":false,"beforeStages":[{"name":"_session_faker","time":{"start":1702170525504,"stop":1702170525573,"duration":69},"status":"passed","steps":[],"attachments":[],"parameters":[],"stepsCount":0,"attachmentsCount":0,"hasContent":false,"attachmentStep":false,"shouldDisplayMessage":false},{"name":"clear_allure_results_folder","time":{"start":1702170525573,"stop":1702170525573,"duration":0},"status":"passed","steps":[],"attachments":[],"parameters":[],"stepsCount":0,"attachmentsCount":0,"hasContent":false,"attachmentStep":false,"shouldDisplayMessage":false},{"name":"driver","time":{"start":1702170944472,"stop":1702170945206,"duration":734},"status":"passed","steps":[],"attachments":[],"parameters":[],"stepsCount":0,"attachmentsCount":0,"hasContent":false,"attachmentStep":false,"shouldDisplayMessage":false},{"name":"setup","time":{"start":1702170945207,"stop":1702170945207,"duration":0},"status":"passed","steps":[],"attachments":[],"parameters":[],"stepsCount":0,"attachmentsCount":0,"hasContent":false,"attachmentStep":false,"shouldDisplayMessage":false}],"testStage":{"status":"skipped","statusMessage":"XFAIL\n\nselenium.common.exceptions.NoSuchElementException: Message: no such element: Unable to locate element: {\"method\":\"xpath\",\"selector\":\"(//a[@class='add-to-cart yellow-btn'])[1]\"}\n  (Session info: chrome-headless-shell=120.0.6099.71); For documentation on this error, please visit: https://www.selenium.dev/documentation/webdriver/troubleshooting/errors#no-such-element-exception\nStacktrace:\n#0 0x55ed64ffcd33 <unknown>\n#1 0x55ed64cb9f87 <unknown>\n#2 0x55ed64d09c0e <unknown>\n#3 0x55ed64d09d11 <unknown>\n#4 0x55ed64d55004 <unknown>\n#5 0x55ed64d3336d <unknown>\n#6 0x55ed64d52297 <unknown>\n#7 0x55ed64d330e3 <unknown>\n#8 0x55ed64cfb044 <unknown>\n#9 0x55ed64cfc44e <unknown>\n#10 0x55ed64fc1861 <unknown>\n#11 0x55ed64fc5785 <unknown>\n#12 0x55ed64faf285 <unknown>\n#13 0x55ed64fc641f <unknown>\n#14 0x55ed64f9320f <unknown>\n#15 0x55ed64fea028 <unknown>\n#16 0x55ed64fea1f7 <unknown>\n#17 0x55ed64ffbed4 <unknown>\n#18 0x7f598d38e044 <unknown>","statusTrace":"self = <tests.delivery.test_delivery_calculation.TestDeliveryPageCalculation object at 0x7f481de77390>\ndriver = <selenium.webdriver.chrome.webdriver.WebDriver (session=\"518b017daa621be3e9303b387d53d696\")>\nurl = 'https://sandboxtest.stroyrem-nn.ru/', case_id = 'TD 023'\nlink_item = 'products/shtukaturka-gipsovaya-aksolit-m50-30-kg-mashinnogo-naneseniya'\namount = 206, weight = 6200, standard = 3300, in_time = 7500, all_time = 8000\n\n    @pytest.mark.parametrize('case_id, link_item, amount, weight, standard, in_time, all_time', [\n        (\"TD 015\", bundeks_25, 1, 30, 650, 2390, 3320),\n        pytest.param(\n            \"TD 016\", aksolit_30, 8, 300, 650, 2390, 3320,\n            marks=pytest.mark.xfail(reson=\"Цена доставки: - - -\")\n        ),\n        (\"TD 017\", aksolit_30, 13, 400, 650, 2390, 3320),\n        (\"TD 018\", aksolit_30, 16, 500, 850, 2490, 3320),\n        (\"TD 019\", aksolit_30, 25, 1700, 1150, 2490, 3320),\n        (\"TD 020\", aksolit_30, 66, 2000, 1500, 2990, 3650),\n        (\"TD 021\", aksolit_30, 149, 4500, 2600, 4380, 4890),\n        (\"TD 022\", aksolit_30, 166, 5000, 2800, 5490, 5980),\n        pytest.param(\n            \"TD 023\", aksolit_30, 206, 6200, 3300, 7500, 8000,\n            marks=pytest.mark.xfail(reson=\"Цена доставки: 4300 9900 11440\")\n        ),\n        (\"TD 024\", aksolit_30, 299, 9000, 4300, 9900, 11440),\n        (\"TD 025\", aksolit_30, 333, 10000, 7000, 13900, 15900),\n        pytest.param(\n            \"TD 026\", aksolit_30, 366, 11000, 8000, 14900, 19900,\n            marks=pytest.mark.xfail(reson=\"Цена доставки: 7000 13900 15900\")\n        ),\n        pytest.param(\n            \"TD 027\", aksolit_30, 666, 20000, 14000, 16900, 23900,\n            marks=pytest.mark.xfail(reson=\"Цена доставки: 7000 13900 15900\")\n        )\n    ])\n    @pytest.mark.smoke\n    def test_positive_delivery_blue_zone_smoke(\n            self, driver, url, case_id, link_item, amount, weight, standard, in_time, all_time\n    ):\n        allure.dynamic.title(f\"{case_id} Доставка товара весом до {weight}кг. в синей зоне\")\n    \n        driver.get(f'{url}{link_item}')\n        item_page = ItemPage(driver)\n>       item_page.add_item_to_cart(amount).click_on_cart()\n\ntests/delivery/test_delivery_calculation.py:130: \n_ _ _ _ _ _ _ _ _ _ _ _ _ _ _ _ _ _ _ _ _ _ _ _ _ _ _ _ _ _ _ _ _ _ _ _ _ _ _ _ \npages/item_page.py:40: in add_item_to_cart\n    self.find_element(self._add_item).click()\nbase/seleniumbase.py:17: in find_element\n    return self.driver.find_element(*locator)\n/usr/local/lib/python3.11/site-packages/selenium/webdriver/remote/webdriver.py:740: in find_element\n    return self.execute(Command.FIND_ELEMENT, {\"using\": by, \"value\": value})[\"value\"]\n/usr/local/lib/python3.11/site-packages/selenium/webdriver/remote/webdriver.py:346: in execute\n    self.error_handler.check_response(response)\n_ _ _ _ _ _ _ _ _ _ _ _ _ _ _ _ _ _ _ _ _ _ _ _ _ _ _ _ _ _ _ _ _ _ _ _ _ _ _ _ \n\nself = <selenium.webdriver.remote.errorhandler.ErrorHandler object at 0x7f481e903c50>\nresponse = {'status': 404, 'value': '{\"value\":{\"error\":\"no such element\",\"message\":\"no such element: Unable to locate element: {\\...\\\\n#16 0x55ed64fea1f7 \\\\u003Cunknown>\\\\n#17 0x55ed64ffbed4 \\\\u003Cunknown>\\\\n#18 0x7f598d38e044 \\\\u003Cunknown>\\\\n\"}}'}\n\n    def check_response(self, response: Dict[str, Any]) -> None:\n        \"\"\"Checks that a JSON response from the WebDriver does not have an\n        error.\n    \n        :Args:\n         - response - The JSON response from the WebDriver server as a dictionary\n           object.\n    \n        :Raises: If the response contains an error message.\n        \"\"\"\n        status = response.get(\"status\", None)\n        if not status or status == ErrorCode.SUCCESS:\n            return\n        value = None\n        message = response.get(\"message\", \"\")\n        screen: str = response.get(\"screen\", \"\")\n        stacktrace = None\n        if isinstance(status, int):\n            value_json = response.get(\"value\", None)\n            if value_json and isinstance(value_json, str):\n                import json\n    \n                try:\n                    value = json.loads(value_json)\n                    if len(value) == 1:\n                        value = value[\"value\"]\n                    status = value.get(\"error\", None)\n                    if not status:\n                        status = value.get(\"status\", ErrorCode.UNKNOWN_ERROR)\n                        message = value.get(\"value\") or value.get(\"message\")\n                        if not isinstance(message, str):\n                            value = message\n                            message = message.get(\"message\")\n                    else:\n                        message = value.get(\"message\", None)\n                except ValueError:\n                    pass\n    \n        exception_class: Type[WebDriverException]\n        if status in ErrorCode.NO_SUCH_ELEMENT:\n            exception_class = NoSuchElementException\n        elif status in ErrorCode.NO_SUCH_FRAME:\n            exception_class = NoSuchFrameException\n        elif status in ErrorCode.NO_SUCH_SHADOW_ROOT:\n            exception_class = NoSuchShadowRootException\n        elif status in ErrorCode.NO_SUCH_WINDOW:\n            exception_class = NoSuchWindowException\n        elif status in ErrorCode.STALE_ELEMENT_REFERENCE:\n            exception_class = StaleElementReferenceException\n        elif status in ErrorCode.ELEMENT_NOT_VISIBLE:\n            exception_class = ElementNotVisibleException\n        elif status in ErrorCode.INVALID_ELEMENT_STATE:\n            exception_class = InvalidElementStateException\n        elif (\n            status in ErrorCode.INVALID_SELECTOR\n            or status in ErrorCode.INVALID_XPATH_SELECTOR\n            or status in ErrorCode.INVALID_XPATH_SELECTOR_RETURN_TYPER\n        ):\n            exception_class = InvalidSelectorException\n        elif status in ErrorCode.ELEMENT_IS_NOT_SELECTABLE:\n            exception_class = ElementNotSelectableException\n        elif status in ErrorCode.ELEMENT_NOT_INTERACTABLE:\n            exception_class = ElementNotInteractableException\n        elif status in ErrorCode.INVALID_COOKIE_DOMAIN:\n            exception_class = InvalidCookieDomainException\n        elif status in ErrorCode.UNABLE_TO_SET_COOKIE:\n            exception_class = UnableToSetCookieException\n        elif status in ErrorCode.TIMEOUT:\n            exception_class = TimeoutException\n        elif status in ErrorCode.SCRIPT_TIMEOUT:\n            exception_class = TimeoutException\n        elif status in ErrorCode.UNKNOWN_ERROR:\n            exception_class = WebDriverException\n        elif status in ErrorCode.UNEXPECTED_ALERT_OPEN:\n            exception_class = UnexpectedAlertPresentException\n        elif status in ErrorCode.NO_ALERT_OPEN:\n            exception_class = NoAlertPresentException\n        elif status in ErrorCode.IME_NOT_AVAILABLE:\n            exception_class = ImeNotAvailableException\n        elif status in ErrorCode.IME_ENGINE_ACTIVATION_FAILED:\n            exception_class = ImeActivationFailedException\n        elif status in ErrorCode.MOVE_TARGET_OUT_OF_BOUNDS:\n            exception_class = MoveTargetOutOfBoundsException\n        elif status in ErrorCode.JAVASCRIPT_ERROR:\n            exception_class = JavascriptException\n        elif status in ErrorCode.SESSION_NOT_CREATED:\n            exception_class = SessionNotCreatedException\n        elif status in ErrorCode.INVALID_ARGUMENT:\n            exception_class = InvalidArgumentException\n        elif status in ErrorCode.NO_SUCH_COOKIE:\n            exception_class = NoSuchCookieException\n        elif status in ErrorCode.UNABLE_TO_CAPTURE_SCREEN:\n            exception_class = ScreenshotException\n        elif status in ErrorCode.ELEMENT_CLICK_INTERCEPTED:\n            exception_class = ElementClickInterceptedException\n        elif status in ErrorCode.INSECURE_CERTIFICATE:\n            exception_class = InsecureCertificateException\n        elif status in ErrorCode.INVALID_COORDINATES:\n            exception_class = InvalidCoordinatesException\n        elif status in ErrorCode.INVALID_SESSION_ID:\n            exception_class = InvalidSessionIdException\n        elif status in ErrorCode.UNKNOWN_METHOD:\n            exception_class = UnknownMethodException\n        else:\n            exception_class = WebDriverException\n        if not value:\n            value = response[\"value\"]\n        if isinstance(value, str):\n            raise exception_class(value)\n        if message == \"\" and \"message\" in value:\n            message = value[\"message\"]\n    \n        screen = None  # type: ignore[assignment]\n        if \"screen\" in value:\n            screen = value[\"screen\"]\n    \n        stacktrace = None\n        st_value = value.get(\"stackTrace\") or value.get(\"stacktrace\")\n        if st_value:\n            if isinstance(st_value, str):\n                stacktrace = st_value.split(\"\\n\")\n            else:\n                stacktrace = []\n                try:\n                    for frame in st_value:\n                        line = frame.get(\"lineNumber\", \"\")\n                        file = frame.get(\"fileName\", \"<anonymous>\")\n                        if line:\n                            file = f\"{file}:{line}\"\n                        meth = frame.get(\"methodName\", \"<anonymous>\")\n                        if \"className\" in frame:\n                            meth = f\"{frame['className']}.{meth}\"\n                        msg = \"    at %s (%s)\"\n                        msg = msg % (meth, file)\n                        stacktrace.append(msg)\n                except TypeError:\n                    pass\n        if exception_class == UnexpectedAlertPresentException:\n            alert_text = None\n            if \"data\" in value:\n                alert_text = value[\"data\"].get(\"text\")\n            elif \"alert\" in value:\n                alert_text = value[\"alert\"].get(\"text\")\n            raise exception_class(message, screen, stacktrace, alert_text)  # type: ignore[call-arg]  # mypy is not smart enough here\n>       raise exception_class(message, screen, stacktrace)\nE       selenium.common.exceptions.NoSuchElementException: Message: no such element: Unable to locate element: {\"method\":\"xpath\",\"selector\":\"(//a[@class='add-to-cart yellow-btn'])[1]\"}\nE         (Session info: chrome-headless-shell=120.0.6099.71); For documentation on this error, please visit: https://www.selenium.dev/documentation/webdriver/troubleshooting/errors#no-such-element-exception\nE       Stacktrace:\nE       #0 0x55ed64ffcd33 <unknown>\nE       #1 0x55ed64cb9f87 <unknown>\nE       #2 0x55ed64d09c0e <unknown>\nE       #3 0x55ed64d09d11 <unknown>\nE       #4 0x55ed64d55004 <unknown>\nE       #5 0x55ed64d3336d <unknown>\nE       #6 0x55ed64d52297 <unknown>\nE       #7 0x55ed64d330e3 <unknown>\nE       #8 0x55ed64cfb044 <unknown>\nE       #9 0x55ed64cfc44e <unknown>\nE       #10 0x55ed64fc1861 <unknown>\nE       #11 0x55ed64fc5785 <unknown>\nE       #12 0x55ed64faf285 <unknown>\nE       #13 0x55ed64fc641f <unknown>\nE       #14 0x55ed64f9320f <unknown>\nE       #15 0x55ed64fea028 <unknown>\nE       #16 0x55ed64fea1f7 <unknown>\nE       #17 0x55ed64ffbed4 <unknown>\nE       #18 0x7f598d38e044 <unknown>\n\n/usr/local/lib/python3.11/site-packages/selenium/webdriver/remote/errorhandler.py:245: NoSuchElementException","steps":[{"name":"Добавляем товар в корзину в количестве 206","time":{"start":1702170945578,"stop":1702170945590,"duration":12},"status":"broken","statusMessage":"selenium.common.exceptions.NoSuchElementException: Message: no such element: Unable to locate element: {\"method\":\"xpath\",\"selector\":\"(//a[@class='add-to-cart yellow-btn'])[1]\"}\n  (Session info: chrome-headless-shell=120.0.6099.71); For documentation on this error, please visit: https://www.selenium.dev/documentation/webdriver/troubleshooting/errors#no-such-element-exception\nStacktrace:\n#0 0x55ed64ffcd33 <unknown>\n#1 0x55ed64cb9f87 <unknown>\n#2 0x55ed64d09c0e <unknown>\n#3 0x55ed64d09d11 <unknown>\n#4 0x55ed64d55004 <unknown>\n#5 0x55ed64d3336d <unknown>\n#6 0x55ed64d52297 <unknown>\n#7 0x55ed64d330e3 <unknown>\n#8 0x55ed64cfb044 <unknown>\n#9 0x55ed64cfc44e <unknown>\n#10 0x55ed64fc1861 <unknown>\n#11 0x55ed64fc5785 <unknown>\n#12 0x55ed64faf285 <unknown>\n#13 0x55ed64fc641f <unknown>\n#14 0x55ed64f9320f <unknown>\n#15 0x55ed64fea028 <unknown>\n#16 0x55ed64fea1f7 <unknown>\n#17 0x55ed64ffbed4 <unknown>\n#18 0x7f598d38e044 <unknown>\n\n","statusTrace":"  File \"/usr/local/lib/python3.11/site-packages/allure_commons/_allure.py\", line 192, in impl\n    return func(*a, **kw)\n           ^^^^^^^^^^^^^^\n  File \"/app/pages/item_page.py\", line 40, in add_item_to_cart\n    self.find_element(self._add_item).click()\n    ^^^^^^^^^^^^^^^^^^^^^^^^^^^^^^^^^\n  File \"/app/base/seleniumbase.py\", line 17, in find_element\n    return self.driver.find_element(*locator)\n           ^^^^^^^^^^^^^^^^^^^^^^^^^^^^^^^^^^\n  File \"/usr/local/lib/python3.11/site-packages/selenium/webdriver/remote/webdriver.py\", line 740, in find_element\n    return self.execute(Command.FIND_ELEMENT, {\"using\": by, \"value\": value})[\"value\"]\n           ^^^^^^^^^^^^^^^^^^^^^^^^^^^^^^^^^^^^^^^^^^^^^^^^^^^^^^^^^^^^^^^^^\n  File \"/usr/local/lib/python3.11/site-packages/selenium/webdriver/remote/webdriver.py\", line 346, in execute\n    self.error_handler.check_response(response)\n  File \"/usr/local/lib/python3.11/site-packages/selenium/webdriver/remote/errorhandler.py\", line 245, in check_response\n    raise exception_class(message, screen, stacktrace)\n","steps":[],"attachments":[],"parameters":[{"name":"amount","value":"206"}],"stepsCount":0,"attachmentsCount":0,"hasContent":true,"attachmentStep":false,"shouldDisplayMessage":true}],"attachments":[{"uid":"8b9ed1c824baab35","name":"Screenshot","source":"8b9ed1c824baab35.png","type":"image/png","size":5862},{"uid":"9775997fb45ff909","name":"HTML source","source":"9775997fb45ff909.html","type":"text/html","size":39}],"parameters":[],"stepsCount":1,"attachmentsCount":2,"hasContent":true,"attachmentStep":false,"shouldDisplayMessage":true},"afterStages":[{"name":"driver::0","time":{"start":1702170945696,"stop":1702170945753,"duration":57},"status":"passed","steps":[],"attachments":[],"parameters":[],"stepsCount":0,"attachmentsCount":0,"hasContent":false,"attachmentStep":false,"shouldDisplayMessage":false},{"name":"setup::0","time":{"start":1702170945696,"stop":1702170945696,"duration":0},"status":"passed","steps":[],"attachments":[],"parameters":[],"stepsCount":0,"attachmentsCount":0,"hasContent":false,"attachmentStep":false,"shouldDisplayMessage":false}],"labels":[{"name":"epic","value":"Delivery Page - calculation"},{"name":"tag","value":"smoke"},{"name":"tag","value":"@pytest.mark.xfail(reson='Цена доставки: 4300 9900 11440')"},{"name":"parentSuite","value":"tests.delivery"},{"name":"suite","value":"test_delivery_calculation"},{"name":"subSuite","value":"TestDeliveryPageCalculation"},{"name":"host","value":"cfa492c50b7b"},{"name":"thread","value":"1-MainThread"},{"name":"framework","value":"pytest"},{"name":"language","value":"cpython3"},{"name":"package","value":"tests.delivery.test_delivery_calculation"},{"name":"resultFormat","value":"allure2"}],"parameters":[{"name":"all_time","value":"8000"},{"name":"amount","value":"206"},{"name":"case_id","value":"'TD 023'"},{"name":"in_time","value":"7500"},{"name":"link_item","value":"'products/shtukaturka-gipsovaya-aksolit-m50-30-kg-mashinnogo-naneseniya'"},{"name":"standard","value":"3300"},{"name":"url","value":"'https://sandboxtest.stroyrem-nn.ru/'"},{"name":"weight","value":"6200"}],"links":[],"hidden":false,"retry":false,"extra":{"severity":"normal","retries":[],"categories":[],"history":{"statistic":{"failed":0,"broken":0,"skipped":102,"passed":0,"unknown":0,"total":102},"items":[{"uid":"7c97d104d8d951cd","reportUrl":"https://zaelcovsky.github.io/StroyremAutomation/165//#testresult/7c97d104d8d951cd","status":"skipped","statusDetails":"XFAIL\n\nselenium.common.exceptions.NoSuchElementException: Message: no such element: Unable to locate element: {\"method\":\"xpath\",\"selector\":\"(//a[@class='add-to-cart yellow-btn'])[1]\"}\n  (Session info: chrome-headless-shell=120.0.6099.71); For documentation on this error, please visit: https://www.selenium.dev/documentation/webdriver/troubleshooting/errors#no-such-element-exception\nStacktrace:\n#0 0x55fe6ff36d33 <unknown>\n#1 0x55fe6fbf3f87 <unknown>\n#2 0x55fe6fc43c0e <unknown>\n#3 0x55fe6fc43d11 <unknown>\n#4 0x55fe6fc8f004 <unknown>\n#5 0x55fe6fc6d36d <unknown>\n#6 0x55fe6fc8c297 <unknown>\n#7 0x55fe6fc6d0e3 <unknown>\n#8 0x55fe6fc35044 <unknown>\n#9 0x55fe6fc3644e <unknown>\n#10 0x55fe6fefb861 <unknown>\n#11 0x55fe6feff785 <unknown>\n#12 0x55fe6fee9285 <unknown>\n#13 0x55fe6ff0041f <unknown>\n#14 0x55fe6fecd20f <unknown>\n#15 0x55fe6ff24028 <unknown>\n#16 0x55fe6ff241f7 <unknown>\n#17 0x55fe6ff35ed4 <unknown>\n#18 0x7faf569be044 <unknown>","time":{"start":1702084209213,"stop":1702084209521,"duration":308}},{"uid":"8cb160bebe10256a","reportUrl":"https://zaelcovsky.github.io/StroyremAutomation/164//#testresult/8cb160bebe10256a","status":"skipped","statusDetails":"XFAIL\n\nselenium.common.exceptions.NoSuchElementException: Message: no such element: Unable to locate element: {\"method\":\"xpath\",\"selector\":\"(//a[@class='add-to-cart yellow-btn'])[1]\"}\n  (Session info: chrome-headless-shell=120.0.6099.71); For documentation on this error, please visit: https://www.selenium.dev/documentation/webdriver/troubleshooting/errors#no-such-element-exception\nStacktrace:\n#0 0x558ea9cc7d33 <unknown>\n#1 0x558ea9984f87 <unknown>\n#2 0x558ea99d4c0e <unknown>\n#3 0x558ea99d4d11 <unknown>\n#4 0x558ea9a20004 <unknown>\n#5 0x558ea99fe36d <unknown>\n#6 0x558ea9a1d297 <unknown>\n#7 0x558ea99fe0e3 <unknown>\n#8 0x558ea99c6044 <unknown>\n#9 0x558ea99c744e <unknown>\n#10 0x558ea9c8c861 <unknown>\n#11 0x558ea9c90785 <unknown>\n#12 0x558ea9c7a285 <unknown>\n#13 0x558ea9c9141f <unknown>\n#14 0x558ea9c5e20f <unknown>\n#15 0x558ea9cb5028 <unknown>\n#16 0x558ea9cb51f7 <unknown>\n#17 0x558ea9cc6ed4 <unknown>\n#18 0x7f51b9fd4044 <unknown>","time":{"start":1701998022129,"stop":1701998022717,"duration":588}},{"uid":"e3fd52b21581884e","reportUrl":"https://zaelcovsky.github.io/StroyremAutomation/163//#testresult/e3fd52b21581884e","status":"skipped","statusDetails":"XFAIL\n\nselenium.common.exceptions.NoSuchElementException: Message: no such element: Unable to locate element: {\"method\":\"xpath\",\"selector\":\"(//a[@class='add-to-cart yellow-btn'])[1]\"}\n  (Session info: chrome-headless-shell=120.0.6099.71); For documentation on this error, please visit: https://www.selenium.dev/documentation/webdriver/troubleshooting/errors#no-such-element-exception\nStacktrace:\n#0 0x557799f7ad33 <unknown>\n#1 0x557799c37f87 <unknown>\n#2 0x557799c87c0e <unknown>\n#3 0x557799c87d11 <unknown>\n#4 0x557799cd3004 <unknown>\n#5 0x557799cb136d <unknown>\n#6 0x557799cd0297 <unknown>\n#7 0x557799cb10e3 <unknown>\n#8 0x557799c79044 <unknown>\n#9 0x557799c7a44e <unknown>\n#10 0x557799f3f861 <unknown>\n#11 0x557799f43785 <unknown>\n#12 0x557799f2d285 <unknown>\n#13 0x557799f4441f <unknown>\n#14 0x557799f1120f <unknown>\n#15 0x557799f68028 <unknown>\n#16 0x557799f681f7 <unknown>\n#17 0x557799f79ed4 <unknown>\n#18 0x7f511b5c3044 <unknown>","time":{"start":1701911585791,"stop":1701911586301,"duration":510}},{"uid":"4836cbb77cac66fc","reportUrl":"https://zaelcovsky.github.io/StroyremAutomation/162//#testresult/4836cbb77cac66fc","status":"skipped","statusDetails":"XFAIL\n\nselenium.common.exceptions.NoSuchElementException: Message: no such element: Unable to locate element: {\"method\":\"xpath\",\"selector\":\"(//a[@class='add-to-cart yellow-btn'])[1]\"}\n  (Session info: chrome-headless-shell=120.0.6099.62); For documentation on this error, please visit: https://www.selenium.dev/documentation/webdriver/troubleshooting/errors#no-such-element-exception\nStacktrace:\n#0 0x56139b290dc3 <unknown>\n#1 0x56139af4df87 <unknown>\n#2 0x56139af9dc0e <unknown>\n#3 0x56139af9dd11 <unknown>\n#4 0x56139afe9004 <unknown>\n#5 0x56139afc736d <unknown>\n#6 0x56139afe6297 <unknown>\n#7 0x56139afc70e3 <unknown>\n#8 0x56139af8f044 <unknown>\n#9 0x56139af9044e <unknown>\n#10 0x56139b2558f1 <unknown>\n#11 0x56139b259815 <unknown>\n#12 0x56139b243315 <unknown>\n#13 0x56139b25a4af <unknown>\n#14 0x56139b22729f <unknown>\n#15 0x56139b27e0b8 <unknown>\n#16 0x56139b27e287 <unknown>\n#17 0x56139b28ff64 <unknown>\n#18 0x7f7855ec4044 <unknown>","time":{"start":1701825216641,"stop":1701825217081,"duration":440}},{"uid":"57ace282f72818a","reportUrl":"https://zaelcovsky.github.io/StroyremAutomation/161//#testresult/57ace282f72818a","status":"skipped","statusDetails":"XFAIL\n\nselenium.common.exceptions.NoSuchElementException: Message: no such element: Unable to locate element: {\"method\":\"xpath\",\"selector\":\"(//a[@class='add-to-cart yellow-btn'])[1]\"}\n  (Session info: headless chrome=119.0.6045.105); For documentation on this error, please visit: https://www.selenium.dev/documentation/webdriver/troubleshooting/errors#no-such-element-exception\nStacktrace:\n#0 0x55d970f715e3 <unknown>\n#1 0x55d970c340b7 <unknown>\n#2 0x55d970c81f53 <unknown>\n#3 0x55d970c82051 <unknown>\n#4 0x55d970cc79c4 <unknown>\n#5 0x55d970ca8f1d <unknown>\n#6 0x55d970cc4b3d <unknown>\n#7 0x55d970ca8cc3 <unknown>\n#8 0x55d970c740e4 <unknown>\n#9 0x55d970c750ae <unknown>\n#10 0x55d970f37ce1 <unknown>\n#11 0x55d970f3bb7e <unknown>\n#12 0x55d970f254b5 <unknown>\n#13 0x55d970f3c7d6 <unknown>\n#14 0x55d970f08dbf <unknown>\n#15 0x55d970f5f748 <unknown>\n#16 0x55d970f5f917 <unknown>\n#17 0x55d970f70773 <unknown>\n#18 0x7f7d6b308044 <unknown>","time":{"start":1701738724375,"stop":1701738724730,"duration":355}},{"uid":"c39fee55a79bc694","reportUrl":"https://zaelcovsky.github.io/StroyremAutomation/160//#testresult/c39fee55a79bc694","status":"skipped","statusDetails":"XFAIL\n\nselenium.common.exceptions.NoSuchElementException: Message: no such element: Unable to locate element: {\"method\":\"xpath\",\"selector\":\"//input[@class='amount']\"}\n  (Session info: headless chrome=119.0.6045.105); For documentation on this error, please visit: https://www.selenium.dev/documentation/webdriver/troubleshooting/errors#no-such-element-exception\nStacktrace:\n#0 0x55e0c70d75e3 <unknown>\n#1 0x55e0c6d9a0b7 <unknown>\n#2 0x55e0c6de7f53 <unknown>\n#3 0x55e0c6de8051 <unknown>\n#4 0x55e0c6e2d9c4 <unknown>\n#5 0x55e0c6e0ef1d <unknown>\n#6 0x55e0c6e2ab3d <unknown>\n#7 0x55e0c6e0ecc3 <unknown>\n#8 0x55e0c6dda0e4 <unknown>\n#9 0x55e0c6ddb0ae <unknown>\n#10 0x55e0c709dce1 <unknown>\n#11 0x55e0c70a1b7e <unknown>\n#12 0x55e0c708b4b5 <unknown>\n#13 0x55e0c70a27d6 <unknown>\n#14 0x55e0c706edbf <unknown>\n#15 0x55e0c70c5748 <unknown>\n#16 0x55e0c70c5917 <unknown>\n#17 0x55e0c70d6773 <unknown>\n#18 0x7fd9ec2e7044 <unknown>","time":{"start":1701652469606,"stop":1701652474065,"duration":4459}},{"uid":"8d905dbbb7314c3e","reportUrl":"https://zaelcovsky.github.io/StroyremAutomation/159//#testresult/8d905dbbb7314c3e","status":"skipped","statusDetails":"XFAIL\n\nselenium.common.exceptions.NoSuchElementException: Message: no such element: Unable to locate element: {\"method\":\"xpath\",\"selector\":\"//input[@class='amount']\"}\n  (Session info: headless chrome=119.0.6045.105); For documentation on this error, please visit: https://www.selenium.dev/documentation/webdriver/troubleshooting/errors#no-such-element-exception\nStacktrace:\n#0 0x55cce8f6c5e3 <unknown>\n#1 0x55cce8c2f0b7 <unknown>\n#2 0x55cce8c7cf53 <unknown>\n#3 0x55cce8c7d051 <unknown>\n#4 0x55cce8cc29c4 <unknown>\n#5 0x55cce8ca3f1d <unknown>\n#6 0x55cce8cbfb3d <unknown>\n#7 0x55cce8ca3cc3 <unknown>\n#8 0x55cce8c6f0e4 <unknown>\n#9 0x55cce8c700ae <unknown>\n#10 0x55cce8f32ce1 <unknown>\n#11 0x55cce8f36b7e <unknown>\n#12 0x55cce8f204b5 <unknown>\n#13 0x55cce8f377d6 <unknown>\n#14 0x55cce8f03dbf <unknown>\n#15 0x55cce8f5a748 <unknown>\n#16 0x55cce8f5a917 <unknown>\n#17 0x55cce8f6b773 <unknown>\n#18 0x7fd5f62af044 <unknown>","time":{"start":1701566214059,"stop":1701566217763,"duration":3704}},{"uid":"dbd4853475607076","reportUrl":"https://zaelcovsky.github.io/StroyremAutomation/158//#testresult/dbd4853475607076","status":"skipped","statusDetails":"XFAIL\n\nselenium.common.exceptions.NoSuchElementException: Message: no such element: Unable to locate element: {\"method\":\"xpath\",\"selector\":\"//input[@class='amount']\"}\n  (Session info: headless chrome=119.0.6045.105); For documentation on this error, please visit: https://www.selenium.dev/documentation/webdriver/troubleshooting/errors#no-such-element-exception\nStacktrace:\n#0 0x5627670b65e3 <unknown>\n#1 0x562766d790b7 <unknown>\n#2 0x562766dc6f53 <unknown>\n#3 0x562766dc7051 <unknown>\n#4 0x562766e0c9c4 <unknown>\n#5 0x562766dedf1d <unknown>\n#6 0x562766e09b3d <unknown>\n#7 0x562766dedcc3 <unknown>\n#8 0x562766db90e4 <unknown>\n#9 0x562766dba0ae <unknown>\n#10 0x56276707cce1 <unknown>\n#11 0x562767080b7e <unknown>\n#12 0x56276706a4b5 <unknown>\n#13 0x5627670817d6 <unknown>\n#14 0x56276704ddbf <unknown>\n#15 0x5627670a4748 <unknown>\n#16 0x5627670a4917 <unknown>\n#17 0x5627670b5773 <unknown>\n#18 0x7fadb49b5044 <unknown>","time":{"start":1701479472108,"stop":1701479475786,"duration":3678}},{"uid":"8eff2eef20a01e3f","reportUrl":"https://zaelcovsky.github.io/StroyremAutomation/157//#testresult/8eff2eef20a01e3f","status":"skipped","statusDetails":"XFAIL\n\nselenium.common.exceptions.NoSuchElementException: Message: no such element: Unable to locate element: {\"method\":\"xpath\",\"selector\":\"//input[@class='amount']\"}\n  (Session info: headless chrome=119.0.6045.105); For documentation on this error, please visit: https://www.selenium.dev/documentation/webdriver/troubleshooting/errors#no-such-element-exception\nStacktrace:\n#0 0x55a9f5c365e3 <unknown>\n#1 0x55a9f58f90b7 <unknown>\n#2 0x55a9f5946f53 <unknown>\n#3 0x55a9f5947051 <unknown>\n#4 0x55a9f598c9c4 <unknown>\n#5 0x55a9f596df1d <unknown>\n#6 0x55a9f5989b3d <unknown>\n#7 0x55a9f596dcc3 <unknown>\n#8 0x55a9f59390e4 <unknown>\n#9 0x55a9f593a0ae <unknown>\n#10 0x55a9f5bfcce1 <unknown>\n#11 0x55a9f5c00b7e <unknown>\n#12 0x55a9f5bea4b5 <unknown>\n#13 0x55a9f5c017d6 <unknown>\n#14 0x55a9f5bcddbf <unknown>\n#15 0x55a9f5c24748 <unknown>\n#16 0x55a9f5c24917 <unknown>\n#17 0x55a9f5c35773 <unknown>\n#18 0x7f4d1f3d1044 <unknown>","time":{"start":1701393616566,"stop":1701393621472,"duration":4906}},{"uid":"477ebe086f21f6e","reportUrl":"https://zaelcovsky.github.io/StroyremAutomation/156//#testresult/477ebe086f21f6e","status":"skipped","statusDetails":"XFAIL\n\nselenium.common.exceptions.NoSuchElementException: Message: no such element: Unable to locate element: {\"method\":\"xpath\",\"selector\":\"//input[@class='amount']\"}\n  (Session info: headless chrome=119.0.6045.105); For documentation on this error, please visit: https://www.selenium.dev/documentation/webdriver/troubleshooting/errors#no-such-element-exception\nStacktrace:\n#0 0x55fafb87d5e3 <unknown>\n#1 0x55fafb5400b7 <unknown>\n#2 0x55fafb58df53 <unknown>\n#3 0x55fafb58e051 <unknown>\n#4 0x55fafb5d39c4 <unknown>\n#5 0x55fafb5b4f1d <unknown>\n#6 0x55fafb5d0b3d <unknown>\n#7 0x55fafb5b4cc3 <unknown>\n#8 0x55fafb5800e4 <unknown>\n#9 0x55fafb5810ae <unknown>\n#10 0x55fafb843ce1 <unknown>\n#11 0x55fafb847b7e <unknown>\n#12 0x55fafb8314b5 <unknown>\n#13 0x55fafb8487d6 <unknown>\n#14 0x55fafb814dbf <unknown>\n#15 0x55fafb86b748 <unknown>\n#16 0x55fafb86b917 <unknown>\n#17 0x55fafb87c773 <unknown>\n#18 0x7f588cdcc044 <unknown>","time":{"start":1701306760240,"stop":1701306764148,"duration":3908}},{"uid":"7b340db463859ec2","reportUrl":"https://zaelcovsky.github.io/StroyremAutomation/155//#testresult/7b340db463859ec2","status":"skipped","statusDetails":"XFAIL\n\nselenium.common.exceptions.NoSuchElementException: Message: no such element: Unable to locate element: {\"method\":\"xpath\",\"selector\":\"//input[@class='amount']\"}\n  (Session info: headless chrome=119.0.6045.105); For documentation on this error, please visit: https://www.selenium.dev/documentation/webdriver/troubleshooting/errors#no-such-element-exception\nStacktrace:\n#0 0x55e9f27dd5e3 <unknown>\n#1 0x55e9f24a00b7 <unknown>\n#2 0x55e9f24edf53 <unknown>\n#3 0x55e9f24ee051 <unknown>\n#4 0x55e9f25339c4 <unknown>\n#5 0x55e9f2514f1d <unknown>\n#6 0x55e9f2530b3d <unknown>\n#7 0x55e9f2514cc3 <unknown>\n#8 0x55e9f24e00e4 <unknown>\n#9 0x55e9f24e10ae <unknown>\n#10 0x55e9f27a3ce1 <unknown>\n#11 0x55e9f27a7b7e <unknown>\n#12 0x55e9f27914b5 <unknown>\n#13 0x55e9f27a87d6 <unknown>\n#14 0x55e9f2774dbf <unknown>\n#15 0x55e9f27cb748 <unknown>\n#16 0x55e9f27cb917 <unknown>\n#17 0x55e9f27dc773 <unknown>\n#18 0x7f2ea8934044 <unknown>","time":{"start":1701220375371,"stop":1701220378598,"duration":3227}},{"uid":"17fe34ab3891c631","reportUrl":"https://zaelcovsky.github.io/StroyremAutomation/154//#testresult/17fe34ab3891c631","status":"skipped","statusDetails":"XFAIL\n\nselenium.common.exceptions.NoSuchElementException: Message: no such element: Unable to locate element: {\"method\":\"xpath\",\"selector\":\"//input[@class='amount']\"}\n  (Session info: headless chrome=119.0.6045.105); For documentation on this error, please visit: https://www.selenium.dev/documentation/webdriver/troubleshooting/errors#no-such-element-exception\nStacktrace:\n#0 0x55d9c43ce5e3 <unknown>\n#1 0x55d9c40910b7 <unknown>\n#2 0x55d9c40def53 <unknown>\n#3 0x55d9c40df051 <unknown>\n#4 0x55d9c41249c4 <unknown>\n#5 0x55d9c4105f1d <unknown>\n#6 0x55d9c4121b3d <unknown>\n#7 0x55d9c4105cc3 <unknown>\n#8 0x55d9c40d10e4 <unknown>\n#9 0x55d9c40d20ae <unknown>\n#10 0x55d9c4394ce1 <unknown>\n#11 0x55d9c4398b7e <unknown>\n#12 0x55d9c43824b5 <unknown>\n#13 0x55d9c43997d6 <unknown>\n#14 0x55d9c4365dbf <unknown>\n#15 0x55d9c43bc748 <unknown>\n#16 0x55d9c43bc917 <unknown>\n#17 0x55d9c43cd773 <unknown>\n#18 0x7f0a7603b044 <unknown>","time":{"start":1701133984702,"stop":1701133988489,"duration":3787}},{"uid":"2c25a1476a4d67f3","reportUrl":"https://zaelcovsky.github.io/StroyremAutomation/153//#testresult/2c25a1476a4d67f3","status":"skipped","statusDetails":"XFAIL\n\nselenium.common.exceptions.NoSuchElementException: Message: no such element: Unable to locate element: {\"method\":\"xpath\",\"selector\":\"//input[@class='amount']\"}\n  (Session info: headless chrome=119.0.6045.105); For documentation on this error, please visit: https://www.selenium.dev/documentation/webdriver/troubleshooting/errors#no-such-element-exception\nStacktrace:\n#0 0x559935e735e3 <unknown>\n#1 0x559935b360b7 <unknown>\n#2 0x559935b83f53 <unknown>\n#3 0x559935b84051 <unknown>\n#4 0x559935bc99c4 <unknown>\n#5 0x559935baaf1d <unknown>\n#6 0x559935bc6b3d <unknown>\n#7 0x559935baacc3 <unknown>\n#8 0x559935b760e4 <unknown>\n#9 0x559935b770ae <unknown>\n#10 0x559935e39ce1 <unknown>\n#11 0x559935e3db7e <unknown>\n#12 0x559935e274b5 <unknown>\n#13 0x559935e3e7d6 <unknown>\n#14 0x559935e0adbf <unknown>\n#15 0x559935e61748 <unknown>\n#16 0x559935e61917 <unknown>\n#17 0x559935e72773 <unknown>\n#18 0x7f23df9bb044 <unknown>","time":{"start":1701047597012,"stop":1701047600640,"duration":3628}},{"uid":"6dd2382a51a7852c","reportUrl":"https://zaelcovsky.github.io/StroyremAutomation/152//#testresult/6dd2382a51a7852c","status":"skipped","statusDetails":"XFAIL\n\nselenium.common.exceptions.NoSuchElementException: Message: no such element: Unable to locate element: {\"method\":\"xpath\",\"selector\":\"//input[@class='amount']\"}\n  (Session info: headless chrome=119.0.6045.105); For documentation on this error, please visit: https://www.selenium.dev/documentation/webdriver/troubleshooting/errors#no-such-element-exception\nStacktrace:\n#0 0x5564724bb5e3 <unknown>\n#1 0x55647217e0b7 <unknown>\n#2 0x5564721cbf53 <unknown>\n#3 0x5564721cc051 <unknown>\n#4 0x5564722119c4 <unknown>\n#5 0x5564721f2f1d <unknown>\n#6 0x55647220eb3d <unknown>\n#7 0x5564721f2cc3 <unknown>\n#8 0x5564721be0e4 <unknown>\n#9 0x5564721bf0ae <unknown>\n#10 0x556472481ce1 <unknown>\n#11 0x556472485b7e <unknown>\n#12 0x55647246f4b5 <unknown>\n#13 0x5564724867d6 <unknown>\n#14 0x556472452dbf <unknown>\n#15 0x5564724a9748 <unknown>\n#16 0x5564724a9917 <unknown>\n#17 0x5564724ba773 <unknown>\n#18 0x7fa707101044 <unknown>","time":{"start":1700961507675,"stop":1700961511862,"duration":4187}},{"uid":"da79769e750404a3","reportUrl":"https://zaelcovsky.github.io/StroyremAutomation/151//#testresult/da79769e750404a3","status":"skipped","statusDetails":"XFAIL\n\nselenium.common.exceptions.NoSuchElementException: Message: no such element: Unable to locate element: {\"method\":\"xpath\",\"selector\":\"//input[@class='amount']\"}\n  (Session info: headless chrome=119.0.6045.105); For documentation on this error, please visit: https://www.selenium.dev/documentation/webdriver/troubleshooting/errors#no-such-element-exception\nStacktrace:\n#0 0x55d9914aa5e3 <unknown>\n#1 0x55d99116d0b7 <unknown>\n#2 0x55d9911baf53 <unknown>\n#3 0x55d9911bb051 <unknown>\n#4 0x55d9912009c4 <unknown>\n#5 0x55d9911e1f1d <unknown>\n#6 0x55d9911fdb3d <unknown>\n#7 0x55d9911e1cc3 <unknown>\n#8 0x55d9911ad0e4 <unknown>\n#9 0x55d9911ae0ae <unknown>\n#10 0x55d991470ce1 <unknown>\n#11 0x55d991474b7e <unknown>\n#12 0x55d99145e4b5 <unknown>\n#13 0x55d9914757d6 <unknown>\n#14 0x55d991441dbf <unknown>\n#15 0x55d991498748 <unknown>\n#16 0x55d991498917 <unknown>\n#17 0x55d9914a9773 <unknown>\n#18 0x7f8a67d3e044 <unknown>","time":{"start":1700874599370,"stop":1700874602786,"duration":3416}},{"uid":"a8bb8ab4768efa1e","reportUrl":"https://zaelcovsky.github.io/StroyremAutomation/150//#testresult/a8bb8ab4768efa1e","status":"skipped","statusDetails":"XFAIL\n\nselenium.common.exceptions.NoSuchElementException: Message: no such element: Unable to locate element: {\"method\":\"xpath\",\"selector\":\"//input[@class='amount']\"}\n  (Session info: headless chrome=119.0.6045.105); For documentation on this error, please visit: https://www.selenium.dev/documentation/webdriver/troubleshooting/errors#no-such-element-exception\nStacktrace:\n#0 0x5624a7ccd5e3 <unknown>\n#1 0x5624a79900b7 <unknown>\n#2 0x5624a79ddf53 <unknown>\n#3 0x5624a79de051 <unknown>\n#4 0x5624a7a239c4 <unknown>\n#5 0x5624a7a04f1d <unknown>\n#6 0x5624a7a20b3d <unknown>\n#7 0x5624a7a04cc3 <unknown>\n#8 0x5624a79d00e4 <unknown>\n#9 0x5624a79d10ae <unknown>\n#10 0x5624a7c93ce1 <unknown>\n#11 0x5624a7c97b7e <unknown>\n#12 0x5624a7c814b5 <unknown>\n#13 0x5624a7c987d6 <unknown>\n#14 0x5624a7c64dbf <unknown>\n#15 0x5624a7cbb748 <unknown>\n#16 0x5624a7cbb917 <unknown>\n#17 0x5624a7ccc773 <unknown>\n#18 0x7f72a5f11044 <unknown>","time":{"start":1700788309419,"stop":1700788313267,"duration":3848}},{"uid":"68b13a28e67a0575","reportUrl":"https://zaelcovsky.github.io/StroyremAutomation/149//#testresult/68b13a28e67a0575","status":"skipped","statusDetails":"XFAIL\n\nselenium.common.exceptions.NoSuchElementException: Message: no such element: Unable to locate element: {\"method\":\"xpath\",\"selector\":\"//input[@class='amount']\"}\n  (Session info: headless chrome=119.0.6045.105); For documentation on this error, please visit: https://www.selenium.dev/documentation/webdriver/troubleshooting/errors#no-such-element-exception\nStacktrace:\n#0 0x561dd00a95e3 <unknown>\n#1 0x561dcfd6c0b7 <unknown>\n#2 0x561dcfdb9f53 <unknown>\n#3 0x561dcfdba051 <unknown>\n#4 0x561dcfdff9c4 <unknown>\n#5 0x561dcfde0f1d <unknown>\n#6 0x561dcfdfcb3d <unknown>\n#7 0x561dcfde0cc3 <unknown>\n#8 0x561dcfdac0e4 <unknown>\n#9 0x561dcfdad0ae <unknown>\n#10 0x561dd006fce1 <unknown>\n#11 0x561dd0073b7e <unknown>\n#12 0x561dd005d4b5 <unknown>\n#13 0x561dd00747d6 <unknown>\n#14 0x561dd0040dbf <unknown>\n#15 0x561dd0097748 <unknown>\n#16 0x561dd0097917 <unknown>\n#17 0x561dd00a8773 <unknown>\n#18 0x7fc01be22044 <unknown>","time":{"start":1700701903746,"stop":1700701907526,"duration":3780}},{"uid":"34ee6eb2d91e6c8","reportUrl":"https://zaelcovsky.github.io/StroyremAutomation/148//#testresult/34ee6eb2d91e6c8","status":"skipped","statusDetails":"XFAIL\n\nselenium.common.exceptions.NoSuchElementException: Message: no such element: Unable to locate element: {\"method\":\"xpath\",\"selector\":\"//input[@class='amount']\"}\n  (Session info: headless chrome=119.0.6045.105); For documentation on this error, please visit: https://www.selenium.dev/documentation/webdriver/troubleshooting/errors#no-such-element-exception\nStacktrace:\n#0 0x555ab940f5e3 <unknown>\n#1 0x555ab90d20b7 <unknown>\n#2 0x555ab911ff53 <unknown>\n#3 0x555ab9120051 <unknown>\n#4 0x555ab91659c4 <unknown>\n#5 0x555ab9146f1d <unknown>\n#6 0x555ab9162b3d <unknown>\n#7 0x555ab9146cc3 <unknown>\n#8 0x555ab91120e4 <unknown>\n#9 0x555ab91130ae <unknown>\n#10 0x555ab93d5ce1 <unknown>\n#11 0x555ab93d9b7e <unknown>\n#12 0x555ab93c34b5 <unknown>\n#13 0x555ab93da7d6 <unknown>\n#14 0x555ab93a6dbf <unknown>\n#15 0x555ab93fd748 <unknown>\n#16 0x555ab93fd917 <unknown>\n#17 0x555ab940e773 <unknown>\n#18 0x7fcc71107044 <unknown>","time":{"start":1700615645791,"stop":1700615649308,"duration":3517}},{"uid":"c984937aed7bfc98","reportUrl":"https://zaelcovsky.github.io/StroyremAutomation/147//#testresult/c984937aed7bfc98","status":"skipped","statusDetails":"XFAIL\n\nselenium.common.exceptions.NoSuchElementException: Message: no such element: Unable to locate element: {\"method\":\"xpath\",\"selector\":\"//input[@class='amount']\"}\n  (Session info: headless chrome=119.0.6045.105); For documentation on this error, please visit: https://www.selenium.dev/documentation/webdriver/troubleshooting/errors#no-such-element-exception\nStacktrace:\n#0 0x55c80abe95e3 <unknown>\n#1 0x55c80a8ac0b7 <unknown>\n#2 0x55c80a8f9f53 <unknown>\n#3 0x55c80a8fa051 <unknown>\n#4 0x55c80a93f9c4 <unknown>\n#5 0x55c80a920f1d <unknown>\n#6 0x55c80a93cb3d <unknown>\n#7 0x55c80a920cc3 <unknown>\n#8 0x55c80a8ec0e4 <unknown>\n#9 0x55c80a8ed0ae <unknown>\n#10 0x55c80abafce1 <unknown>\n#11 0x55c80abb3b7e <unknown>\n#12 0x55c80ab9d4b5 <unknown>\n#13 0x55c80abb47d6 <unknown>\n#14 0x55c80ab80dbf <unknown>\n#15 0x55c80abd7748 <unknown>\n#16 0x55c80abd7917 <unknown>\n#17 0x55c80abe8773 <unknown>\n#18 0x7fe98195a044 <unknown>","time":{"start":1700529281045,"stop":1700529285613,"duration":4568}},{"uid":"b4e866060be0016d","reportUrl":"https://zaelcovsky.github.io/StroyremAutomation/146//#testresult/b4e866060be0016d","status":"skipped","statusDetails":"XFAIL\n\nselenium.common.exceptions.NoSuchElementException: Message: no such element: Unable to locate element: {\"method\":\"xpath\",\"selector\":\"//input[@class='amount']\"}\n  (Session info: headless chrome=119.0.6045.105); For documentation on this error, please visit: https://www.selenium.dev/documentation/webdriver/troubleshooting/errors#no-such-element-exception\nStacktrace:\n#0 0x5589aa69d5e3 <unknown>\n#1 0x5589aa3600b7 <unknown>\n#2 0x5589aa3adf53 <unknown>\n#3 0x5589aa3ae051 <unknown>\n#4 0x5589aa3f39c4 <unknown>\n#5 0x5589aa3d4f1d <unknown>\n#6 0x5589aa3f0b3d <unknown>\n#7 0x5589aa3d4cc3 <unknown>\n#8 0x5589aa3a00e4 <unknown>\n#9 0x5589aa3a10ae <unknown>\n#10 0x5589aa663ce1 <unknown>\n#11 0x5589aa667b7e <unknown>\n#12 0x5589aa6514b5 <unknown>\n#13 0x5589aa6687d6 <unknown>\n#14 0x5589aa634dbf <unknown>\n#15 0x5589aa68b748 <unknown>\n#16 0x5589aa68b917 <unknown>\n#17 0x5589aa69c773 <unknown>\n#18 0x7efdfd00c044 <unknown>","time":{"start":1700442798192,"stop":1700442801827,"duration":3635}}]},"tags":["smoke","@pytest.mark.xfail(reson='Цена доставки: 4300 9900 11440')"]},"source":"f8147edf42508b29.json","parameterValues":["8000","206","'TD 023'","7500","'products/shtukaturka-gipsovaya-aksolit-m50-30-kg-mashinnogo-naneseniya'","3300","'https://sandboxtest.stroyrem-nn.ru/'","6200"]}