{"uid":"d2ce21de95eea08a","name":"TC 008 - Проверка функциональности ссылки 'Каталог товаров'","fullName":"tests.test_main_page.TestMainPage#test_positive_footer_catalog_smoke","historyId":"0b0b5f03c2cf54bde7d488c66dcea9fe","time":{"start":1698195759693,"stop":1698195759709,"duration":16},"status":"broken","statusMessage":"selenium.common.exceptions.NoSuchElementException: Message: no such element: Unable to locate element: {\"method\":\"xpath\",\"selector\":\"(//div[@class='footer-col']/ul/li/a)[1]\"}\n  (Session info: headless chrome=118.0.5993.70); For documentation on this error, please visit: https://www.selenium.dev/documentation/webdriver/troubleshooting/errors#no-such-element-exception\nStacktrace:\n#0 0x558e022fafb3 <unknown>\n#1 0x558e01fce4a7 <unknown>\n#2 0x558e02015dd6 <unknown>\n#3 0x558e02015ec1 <unknown>\n#4 0x558e02053354 <unknown>\n#5 0x558e0203796d <unknown>\n#6 0x558e02050c02 <unknown>\n#7 0x558e02037713 <unknown>\n#8 0x558e0200a18b <unknown>\n#9 0x558e0200af7e <unknown>\n#10 0x558e022c08d8 <unknown>\n#11 0x558e022c4800 <unknown>\n#12 0x558e022cecfc <unknown>\n#13 0x558e022c5418 <unknown>\n#14 0x558e0229242f <unknown>\n#15 0x558e022e94e8 <unknown>\n#16 0x558e022e96b4 <unknown>\n#17 0x558e022fa143 <unknown>\n#18 0x7f9808f1b044 <unknown>","statusTrace":"self = <tests.test_main_page.TestMainPage object at 0x7ff0cd6b8a50>\nmain_page = <pages.main_page.MainPage object at 0x7ff0cd366dd0>\n\n    @allure.feature(\"Footer functionality\")\n    @allure.title(\"TC 008 - Проверка функциональности ссылки 'Каталог товаров'\")\n    @pytest.mark.smoke_test\n    def test_positive_footer_catalog_smoke(self, main_page):\n>       is_displayed, header_text = main_page.check_product_catalog_link()\n\ntests/test_main_page.py:82: \n_ _ _ _ _ _ _ _ _ _ _ _ _ _ _ _ _ _ _ _ _ _ _ _ _ _ _ _ _ _ _ _ _ _ _ _ _ _ _ _ \npages/main_page.py:122: in check_product_catalog_link\n    self.driver.find_element(*self._product_catalog_link).click()\n/usr/local/lib/python3.11/site-packages/selenium/webdriver/remote/webdriver.py:740: in find_element\n    return self.execute(Command.FIND_ELEMENT, {\"using\": by, \"value\": value})[\"value\"]\n/usr/local/lib/python3.11/site-packages/selenium/webdriver/remote/webdriver.py:346: in execute\n    self.error_handler.check_response(response)\n_ _ _ _ _ _ _ _ _ _ _ _ _ _ _ _ _ _ _ _ _ _ _ _ _ _ _ _ _ _ _ _ _ _ _ _ _ _ _ _ \n\nself = <selenium.webdriver.remote.errorhandler.ErrorHandler object at 0x7ff0ce34ded0>\nresponse = {'status': 404, 'value': '{\"value\":{\"error\":\"no such element\",\"message\":\"no such element: Unable to locate element: {\\...\\\\n#16 0x558e022e96b4 \\\\u003Cunknown>\\\\n#17 0x558e022fa143 \\\\u003Cunknown>\\\\n#18 0x7f9808f1b044 \\\\u003Cunknown>\\\\n\"}}'}\n\n    def check_response(self, response: Dict[str, Any]) -> None:\n        \"\"\"Checks that a JSON response from the WebDriver does not have an\n        error.\n    \n        :Args:\n         - response - The JSON response from the WebDriver server as a dictionary\n           object.\n    \n        :Raises: If the response contains an error message.\n        \"\"\"\n        status = response.get(\"status\", None)\n        if not status or status == ErrorCode.SUCCESS:\n            return\n        value = None\n        message = response.get(\"message\", \"\")\n        screen: str = response.get(\"screen\", \"\")\n        stacktrace = None\n        if isinstance(status, int):\n            value_json = response.get(\"value\", None)\n            if value_json and isinstance(value_json, str):\n                import json\n    \n                try:\n                    value = json.loads(value_json)\n                    if len(value) == 1:\n                        value = value[\"value\"]\n                    status = value.get(\"error\", None)\n                    if not status:\n                        status = value.get(\"status\", ErrorCode.UNKNOWN_ERROR)\n                        message = value.get(\"value\") or value.get(\"message\")\n                        if not isinstance(message, str):\n                            value = message\n                            message = message.get(\"message\")\n                    else:\n                        message = value.get(\"message\", None)\n                except ValueError:\n                    pass\n    \n        exception_class: Type[WebDriverException]\n        if status in ErrorCode.NO_SUCH_ELEMENT:\n            exception_class = NoSuchElementException\n        elif status in ErrorCode.NO_SUCH_FRAME:\n            exception_class = NoSuchFrameException\n        elif status in ErrorCode.NO_SUCH_SHADOW_ROOT:\n            exception_class = NoSuchShadowRootException\n        elif status in ErrorCode.NO_SUCH_WINDOW:\n            exception_class = NoSuchWindowException\n        elif status in ErrorCode.STALE_ELEMENT_REFERENCE:\n            exception_class = StaleElementReferenceException\n        elif status in ErrorCode.ELEMENT_NOT_VISIBLE:\n            exception_class = ElementNotVisibleException\n        elif status in ErrorCode.INVALID_ELEMENT_STATE:\n            exception_class = InvalidElementStateException\n        elif (\n            status in ErrorCode.INVALID_SELECTOR\n            or status in ErrorCode.INVALID_XPATH_SELECTOR\n            or status in ErrorCode.INVALID_XPATH_SELECTOR_RETURN_TYPER\n        ):\n            exception_class = InvalidSelectorException\n        elif status in ErrorCode.ELEMENT_IS_NOT_SELECTABLE:\n            exception_class = ElementNotSelectableException\n        elif status in ErrorCode.ELEMENT_NOT_INTERACTABLE:\n            exception_class = ElementNotInteractableException\n        elif status in ErrorCode.INVALID_COOKIE_DOMAIN:\n            exception_class = InvalidCookieDomainException\n        elif status in ErrorCode.UNABLE_TO_SET_COOKIE:\n            exception_class = UnableToSetCookieException\n        elif status in ErrorCode.TIMEOUT:\n            exception_class = TimeoutException\n        elif status in ErrorCode.SCRIPT_TIMEOUT:\n            exception_class = TimeoutException\n        elif status in ErrorCode.UNKNOWN_ERROR:\n            exception_class = WebDriverException\n        elif status in ErrorCode.UNEXPECTED_ALERT_OPEN:\n            exception_class = UnexpectedAlertPresentException\n        elif status in ErrorCode.NO_ALERT_OPEN:\n            exception_class = NoAlertPresentException\n        elif status in ErrorCode.IME_NOT_AVAILABLE:\n            exception_class = ImeNotAvailableException\n        elif status in ErrorCode.IME_ENGINE_ACTIVATION_FAILED:\n            exception_class = ImeActivationFailedException\n        elif status in ErrorCode.MOVE_TARGET_OUT_OF_BOUNDS:\n            exception_class = MoveTargetOutOfBoundsException\n        elif status in ErrorCode.JAVASCRIPT_ERROR:\n            exception_class = JavascriptException\n        elif status in ErrorCode.SESSION_NOT_CREATED:\n            exception_class = SessionNotCreatedException\n        elif status in ErrorCode.INVALID_ARGUMENT:\n            exception_class = InvalidArgumentException\n        elif status in ErrorCode.NO_SUCH_COOKIE:\n            exception_class = NoSuchCookieException\n        elif status in ErrorCode.UNABLE_TO_CAPTURE_SCREEN:\n            exception_class = ScreenshotException\n        elif status in ErrorCode.ELEMENT_CLICK_INTERCEPTED:\n            exception_class = ElementClickInterceptedException\n        elif status in ErrorCode.INSECURE_CERTIFICATE:\n            exception_class = InsecureCertificateException\n        elif status in ErrorCode.INVALID_COORDINATES:\n            exception_class = InvalidCoordinatesException\n        elif status in ErrorCode.INVALID_SESSION_ID:\n            exception_class = InvalidSessionIdException\n        elif status in ErrorCode.UNKNOWN_METHOD:\n            exception_class = UnknownMethodException\n        else:\n            exception_class = WebDriverException\n        if not value:\n            value = response[\"value\"]\n        if isinstance(value, str):\n            raise exception_class(value)\n        if message == \"\" and \"message\" in value:\n            message = value[\"message\"]\n    \n        screen = None  # type: ignore[assignment]\n        if \"screen\" in value:\n            screen = value[\"screen\"]\n    \n        stacktrace = None\n        st_value = value.get(\"stackTrace\") or value.get(\"stacktrace\")\n        if st_value:\n            if isinstance(st_value, str):\n                stacktrace = st_value.split(\"\\n\")\n            else:\n                stacktrace = []\n                try:\n                    for frame in st_value:\n                        line = frame.get(\"lineNumber\", \"\")\n                        file = frame.get(\"fileName\", \"<anonymous>\")\n                        if line:\n                            file = f\"{file}:{line}\"\n                        meth = frame.get(\"methodName\", \"<anonymous>\")\n                        if \"className\" in frame:\n                            meth = f\"{frame['className']}.{meth}\"\n                        msg = \"    at %s (%s)\"\n                        msg = msg % (meth, file)\n                        stacktrace.append(msg)\n                except TypeError:\n                    pass\n        if exception_class == UnexpectedAlertPresentException:\n            alert_text = None\n            if \"data\" in value:\n                alert_text = value[\"data\"].get(\"text\")\n            elif \"alert\" in value:\n                alert_text = value[\"alert\"].get(\"text\")\n            raise exception_class(message, screen, stacktrace, alert_text)  # type: ignore[call-arg]  # mypy is not smart enough here\n>       raise exception_class(message, screen, stacktrace)\nE       selenium.common.exceptions.NoSuchElementException: Message: no such element: Unable to locate element: {\"method\":\"xpath\",\"selector\":\"(//div[@class='footer-col']/ul/li/a)[1]\"}\nE         (Session info: headless chrome=118.0.5993.70); For documentation on this error, please visit: https://www.selenium.dev/documentation/webdriver/troubleshooting/errors#no-such-element-exception\nE       Stacktrace:\nE       #0 0x558e022fafb3 <unknown>\nE       #1 0x558e01fce4a7 <unknown>\nE       #2 0x558e02015dd6 <unknown>\nE       #3 0x558e02015ec1 <unknown>\nE       #4 0x558e02053354 <unknown>\nE       #5 0x558e0203796d <unknown>\nE       #6 0x558e02050c02 <unknown>\nE       #7 0x558e02037713 <unknown>\nE       #8 0x558e0200a18b <unknown>\nE       #9 0x558e0200af7e <unknown>\nE       #10 0x558e022c08d8 <unknown>\nE       #11 0x558e022c4800 <unknown>\nE       #12 0x558e022cecfc <unknown>\nE       #13 0x558e022c5418 <unknown>\nE       #14 0x558e0229242f <unknown>\nE       #15 0x558e022e94e8 <unknown>\nE       #16 0x558e022e96b4 <unknown>\nE       #17 0x558e022fa143 <unknown>\nE       #18 0x7f9808f1b044 <unknown>\n\n/usr/local/lib/python3.11/site-packages/selenium/webdriver/remote/errorhandler.py:245: NoSuchElementException","flaky":false,"newFailed":false,"newBroken":false,"newPassed":false,"retriesCount":0,"retriesStatusChange":false,"beforeStages":[{"name":"_session_faker","time":{"start":1698195660960,"stop":1698195661046,"duration":86},"status":"passed","steps":[],"attachments":[],"parameters":[],"shouldDisplayMessage":false,"stepsCount":0,"attachmentsCount":0,"hasContent":false},{"name":"clear_allure_results_folder","time":{"start":1698195661046,"stop":1698195661046,"duration":0},"status":"passed","steps":[],"attachments":[],"parameters":[],"shouldDisplayMessage":false,"stepsCount":0,"attachmentsCount":0,"hasContent":false},{"name":"driver","time":{"start":1698195758539,"stop":1698195759303,"duration":764},"status":"passed","steps":[],"attachments":[],"parameters":[],"shouldDisplayMessage":false,"stepsCount":0,"attachmentsCount":0,"hasContent":false},{"name":"main_page","time":{"start":1698195759304,"stop":1698195759693,"duration":389},"status":"passed","steps":[],"attachments":[],"parameters":[],"shouldDisplayMessage":false,"stepsCount":0,"attachmentsCount":0,"hasContent":false},{"name":"setup","time":{"start":1698195759304,"stop":1698195759304,"duration":0},"status":"passed","steps":[],"attachments":[],"parameters":[],"shouldDisplayMessage":false,"stepsCount":0,"attachmentsCount":0,"hasContent":false}],"testStage":{"status":"broken","statusMessage":"selenium.common.exceptions.NoSuchElementException: Message: no such element: Unable to locate element: {\"method\":\"xpath\",\"selector\":\"(//div[@class='footer-col']/ul/li/a)[1]\"}\n  (Session info: headless chrome=118.0.5993.70); For documentation on this error, please visit: https://www.selenium.dev/documentation/webdriver/troubleshooting/errors#no-such-element-exception\nStacktrace:\n#0 0x558e022fafb3 <unknown>\n#1 0x558e01fce4a7 <unknown>\n#2 0x558e02015dd6 <unknown>\n#3 0x558e02015ec1 <unknown>\n#4 0x558e02053354 <unknown>\n#5 0x558e0203796d <unknown>\n#6 0x558e02050c02 <unknown>\n#7 0x558e02037713 <unknown>\n#8 0x558e0200a18b <unknown>\n#9 0x558e0200af7e <unknown>\n#10 0x558e022c08d8 <unknown>\n#11 0x558e022c4800 <unknown>\n#12 0x558e022cecfc <unknown>\n#13 0x558e022c5418 <unknown>\n#14 0x558e0229242f <unknown>\n#15 0x558e022e94e8 <unknown>\n#16 0x558e022e96b4 <unknown>\n#17 0x558e022fa143 <unknown>\n#18 0x7f9808f1b044 <unknown>","statusTrace":"self = <tests.test_main_page.TestMainPage object at 0x7ff0cd6b8a50>\nmain_page = <pages.main_page.MainPage object at 0x7ff0cd366dd0>\n\n    @allure.feature(\"Footer functionality\")\n    @allure.title(\"TC 008 - Проверка функциональности ссылки 'Каталог товаров'\")\n    @pytest.mark.smoke_test\n    def test_positive_footer_catalog_smoke(self, main_page):\n>       is_displayed, header_text = main_page.check_product_catalog_link()\n\ntests/test_main_page.py:82: \n_ _ _ _ _ _ _ _ _ _ _ _ _ _ _ _ _ _ _ _ _ _ _ _ _ _ _ _ _ _ _ _ _ _ _ _ _ _ _ _ \npages/main_page.py:122: in check_product_catalog_link\n    self.driver.find_element(*self._product_catalog_link).click()\n/usr/local/lib/python3.11/site-packages/selenium/webdriver/remote/webdriver.py:740: in find_element\n    return self.execute(Command.FIND_ELEMENT, {\"using\": by, \"value\": value})[\"value\"]\n/usr/local/lib/python3.11/site-packages/selenium/webdriver/remote/webdriver.py:346: in execute\n    self.error_handler.check_response(response)\n_ _ _ _ _ _ _ _ _ _ _ _ _ _ _ _ _ _ _ _ _ _ _ _ _ _ _ _ _ _ _ _ _ _ _ _ _ _ _ _ \n\nself = <selenium.webdriver.remote.errorhandler.ErrorHandler object at 0x7ff0ce34ded0>\nresponse = {'status': 404, 'value': '{\"value\":{\"error\":\"no such element\",\"message\":\"no such element: Unable to locate element: {\\...\\\\n#16 0x558e022e96b4 \\\\u003Cunknown>\\\\n#17 0x558e022fa143 \\\\u003Cunknown>\\\\n#18 0x7f9808f1b044 \\\\u003Cunknown>\\\\n\"}}'}\n\n    def check_response(self, response: Dict[str, Any]) -> None:\n        \"\"\"Checks that a JSON response from the WebDriver does not have an\n        error.\n    \n        :Args:\n         - response - The JSON response from the WebDriver server as a dictionary\n           object.\n    \n        :Raises: If the response contains an error message.\n        \"\"\"\n        status = response.get(\"status\", None)\n        if not status or status == ErrorCode.SUCCESS:\n            return\n        value = None\n        message = response.get(\"message\", \"\")\n        screen: str = response.get(\"screen\", \"\")\n        stacktrace = None\n        if isinstance(status, int):\n            value_json = response.get(\"value\", None)\n            if value_json and isinstance(value_json, str):\n                import json\n    \n                try:\n                    value = json.loads(value_json)\n                    if len(value) == 1:\n                        value = value[\"value\"]\n                    status = value.get(\"error\", None)\n                    if not status:\n                        status = value.get(\"status\", ErrorCode.UNKNOWN_ERROR)\n                        message = value.get(\"value\") or value.get(\"message\")\n                        if not isinstance(message, str):\n                            value = message\n                            message = message.get(\"message\")\n                    else:\n                        message = value.get(\"message\", None)\n                except ValueError:\n                    pass\n    \n        exception_class: Type[WebDriverException]\n        if status in ErrorCode.NO_SUCH_ELEMENT:\n            exception_class = NoSuchElementException\n        elif status in ErrorCode.NO_SUCH_FRAME:\n            exception_class = NoSuchFrameException\n        elif status in ErrorCode.NO_SUCH_SHADOW_ROOT:\n            exception_class = NoSuchShadowRootException\n        elif status in ErrorCode.NO_SUCH_WINDOW:\n            exception_class = NoSuchWindowException\n        elif status in ErrorCode.STALE_ELEMENT_REFERENCE:\n            exception_class = StaleElementReferenceException\n        elif status in ErrorCode.ELEMENT_NOT_VISIBLE:\n            exception_class = ElementNotVisibleException\n        elif status in ErrorCode.INVALID_ELEMENT_STATE:\n            exception_class = InvalidElementStateException\n        elif (\n            status in ErrorCode.INVALID_SELECTOR\n            or status in ErrorCode.INVALID_XPATH_SELECTOR\n            or status in ErrorCode.INVALID_XPATH_SELECTOR_RETURN_TYPER\n        ):\n            exception_class = InvalidSelectorException\n        elif status in ErrorCode.ELEMENT_IS_NOT_SELECTABLE:\n            exception_class = ElementNotSelectableException\n        elif status in ErrorCode.ELEMENT_NOT_INTERACTABLE:\n            exception_class = ElementNotInteractableException\n        elif status in ErrorCode.INVALID_COOKIE_DOMAIN:\n            exception_class = InvalidCookieDomainException\n        elif status in ErrorCode.UNABLE_TO_SET_COOKIE:\n            exception_class = UnableToSetCookieException\n        elif status in ErrorCode.TIMEOUT:\n            exception_class = TimeoutException\n        elif status in ErrorCode.SCRIPT_TIMEOUT:\n            exception_class = TimeoutException\n        elif status in ErrorCode.UNKNOWN_ERROR:\n            exception_class = WebDriverException\n        elif status in ErrorCode.UNEXPECTED_ALERT_OPEN:\n            exception_class = UnexpectedAlertPresentException\n        elif status in ErrorCode.NO_ALERT_OPEN:\n            exception_class = NoAlertPresentException\n        elif status in ErrorCode.IME_NOT_AVAILABLE:\n            exception_class = ImeNotAvailableException\n        elif status in ErrorCode.IME_ENGINE_ACTIVATION_FAILED:\n            exception_class = ImeActivationFailedException\n        elif status in ErrorCode.MOVE_TARGET_OUT_OF_BOUNDS:\n            exception_class = MoveTargetOutOfBoundsException\n        elif status in ErrorCode.JAVASCRIPT_ERROR:\n            exception_class = JavascriptException\n        elif status in ErrorCode.SESSION_NOT_CREATED:\n            exception_class = SessionNotCreatedException\n        elif status in ErrorCode.INVALID_ARGUMENT:\n            exception_class = InvalidArgumentException\n        elif status in ErrorCode.NO_SUCH_COOKIE:\n            exception_class = NoSuchCookieException\n        elif status in ErrorCode.UNABLE_TO_CAPTURE_SCREEN:\n            exception_class = ScreenshotException\n        elif status in ErrorCode.ELEMENT_CLICK_INTERCEPTED:\n            exception_class = ElementClickInterceptedException\n        elif status in ErrorCode.INSECURE_CERTIFICATE:\n            exception_class = InsecureCertificateException\n        elif status in ErrorCode.INVALID_COORDINATES:\n            exception_class = InvalidCoordinatesException\n        elif status in ErrorCode.INVALID_SESSION_ID:\n            exception_class = InvalidSessionIdException\n        elif status in ErrorCode.UNKNOWN_METHOD:\n            exception_class = UnknownMethodException\n        else:\n            exception_class = WebDriverException\n        if not value:\n            value = response[\"value\"]\n        if isinstance(value, str):\n            raise exception_class(value)\n        if message == \"\" and \"message\" in value:\n            message = value[\"message\"]\n    \n        screen = None  # type: ignore[assignment]\n        if \"screen\" in value:\n            screen = value[\"screen\"]\n    \n        stacktrace = None\n        st_value = value.get(\"stackTrace\") or value.get(\"stacktrace\")\n        if st_value:\n            if isinstance(st_value, str):\n                stacktrace = st_value.split(\"\\n\")\n            else:\n                stacktrace = []\n                try:\n                    for frame in st_value:\n                        line = frame.get(\"lineNumber\", \"\")\n                        file = frame.get(\"fileName\", \"<anonymous>\")\n                        if line:\n                            file = f\"{file}:{line}\"\n                        meth = frame.get(\"methodName\", \"<anonymous>\")\n                        if \"className\" in frame:\n                            meth = f\"{frame['className']}.{meth}\"\n                        msg = \"    at %s (%s)\"\n                        msg = msg % (meth, file)\n                        stacktrace.append(msg)\n                except TypeError:\n                    pass\n        if exception_class == UnexpectedAlertPresentException:\n            alert_text = None\n            if \"data\" in value:\n                alert_text = value[\"data\"].get(\"text\")\n            elif \"alert\" in value:\n                alert_text = value[\"alert\"].get(\"text\")\n            raise exception_class(message, screen, stacktrace, alert_text)  # type: ignore[call-arg]  # mypy is not smart enough here\n>       raise exception_class(message, screen, stacktrace)\nE       selenium.common.exceptions.NoSuchElementException: Message: no such element: Unable to locate element: {\"method\":\"xpath\",\"selector\":\"(//div[@class='footer-col']/ul/li/a)[1]\"}\nE         (Session info: headless chrome=118.0.5993.70); For documentation on this error, please visit: https://www.selenium.dev/documentation/webdriver/troubleshooting/errors#no-such-element-exception\nE       Stacktrace:\nE       #0 0x558e022fafb3 <unknown>\nE       #1 0x558e01fce4a7 <unknown>\nE       #2 0x558e02015dd6 <unknown>\nE       #3 0x558e02015ec1 <unknown>\nE       #4 0x558e02053354 <unknown>\nE       #5 0x558e0203796d <unknown>\nE       #6 0x558e02050c02 <unknown>\nE       #7 0x558e02037713 <unknown>\nE       #8 0x558e0200a18b <unknown>\nE       #9 0x558e0200af7e <unknown>\nE       #10 0x558e022c08d8 <unknown>\nE       #11 0x558e022c4800 <unknown>\nE       #12 0x558e022cecfc <unknown>\nE       #13 0x558e022c5418 <unknown>\nE       #14 0x558e0229242f <unknown>\nE       #15 0x558e022e94e8 <unknown>\nE       #16 0x558e022e96b4 <unknown>\nE       #17 0x558e022fa143 <unknown>\nE       #18 0x7f9808f1b044 <unknown>\n\n/usr/local/lib/python3.11/site-packages/selenium/webdriver/remote/errorhandler.py:245: NoSuchElementException","steps":[{"name":"Проверка функциональности ссылки 'Каталог товаров'","time":{"start":1698195759693,"stop":1698195759708,"duration":15},"status":"broken","statusMessage":"selenium.common.exceptions.NoSuchElementException: Message: no such element: Unable to locate element: {\"method\":\"xpath\",\"selector\":\"(//div[@class='footer-col']/ul/li/a)[1]\"}\n  (Session info: headless chrome=118.0.5993.70); For documentation on this error, please visit: https://www.selenium.dev/documentation/webdriver/troubleshooting/errors#no-such-element-exception\nStacktrace:\n#0 0x558e022fafb3 <unknown>\n#1 0x558e01fce4a7 <unknown>\n#2 0x558e02015dd6 <unknown>\n#3 0x558e02015ec1 <unknown>\n#4 0x558e02053354 <unknown>\n#5 0x558e0203796d <unknown>\n#6 0x558e02050c02 <unknown>\n#7 0x558e02037713 <unknown>\n#8 0x558e0200a18b <unknown>\n#9 0x558e0200af7e <unknown>\n#10 0x558e022c08d8 <unknown>\n#11 0x558e022c4800 <unknown>\n#12 0x558e022cecfc <unknown>\n#13 0x558e022c5418 <unknown>\n#14 0x558e0229242f <unknown>\n#15 0x558e022e94e8 <unknown>\n#16 0x558e022e96b4 <unknown>\n#17 0x558e022fa143 <unknown>\n#18 0x7f9808f1b044 <unknown>\n\n","statusTrace":"  File \"/usr/local/lib/python3.11/site-packages/allure_commons/_allure.py\", line 192, in impl\n    return func(*a, **kw)\n           ^^^^^^^^^^^^^^\n  File \"/app/pages/main_page.py\", line 122, in check_product_catalog_link\n    self.driver.find_element(*self._product_catalog_link).click()\n    ^^^^^^^^^^^^^^^^^^^^^^^^^^^^^^^^^^^^^^^^^^^^^^^^^^^^^\n  File \"/usr/local/lib/python3.11/site-packages/selenium/webdriver/remote/webdriver.py\", line 740, in find_element\n    return self.execute(Command.FIND_ELEMENT, {\"using\": by, \"value\": value})[\"value\"]\n           ^^^^^^^^^^^^^^^^^^^^^^^^^^^^^^^^^^^^^^^^^^^^^^^^^^^^^^^^^^^^^^^^^\n  File \"/usr/local/lib/python3.11/site-packages/selenium/webdriver/remote/webdriver.py\", line 346, in execute\n    self.error_handler.check_response(response)\n  File \"/usr/local/lib/python3.11/site-packages/selenium/webdriver/remote/errorhandler.py\", line 245, in check_response\n    raise exception_class(message, screen, stacktrace)\n","steps":[],"attachments":[],"parameters":[],"shouldDisplayMessage":true,"stepsCount":0,"attachmentsCount":0,"hasContent":true}],"attachments":[{"uid":"7f7b5856cb404efd","name":"Screenshot","source":"7f7b5856cb404efd.png","type":"image/png","size":39127},{"uid":"b3323ff8de8eadf5","name":"HTML source","source":"b3323ff8de8eadf5.html","type":"text/html","size":538}],"parameters":[],"shouldDisplayMessage":true,"stepsCount":1,"attachmentsCount":2,"hasContent":true},"afterStages":[{"name":"setup::0","time":{"start":1698195759845,"stop":1698195759845,"duration":0},"status":"passed","steps":[],"attachments":[],"parameters":[],"shouldDisplayMessage":false,"stepsCount":0,"attachmentsCount":0,"hasContent":false},{"name":"driver::0","time":{"start":1698195759845,"stop":1698195759902,"duration":57},"status":"passed","steps":[],"attachments":[],"parameters":[],"shouldDisplayMessage":false,"stepsCount":0,"attachmentsCount":0,"hasContent":false}],"labels":[{"name":"feature","value":"Footer functionality"},{"name":"epic","value":"Main Page"},{"name":"tag","value":"smoke_test"},{"name":"parentSuite","value":"tests"},{"name":"suite","value":"test_main_page"},{"name":"subSuite","value":"TestMainPage"},{"name":"host","value":"e508ba41d76d"},{"name":"thread","value":"1-MainThread"},{"name":"framework","value":"pytest"},{"name":"language","value":"cpython3"},{"name":"package","value":"tests.test_main_page"},{"name":"resultFormat","value":"allure2"}],"parameters":[{"name":"url","value":"'https://test2.stroyrem-nn.ru/'"}],"links":[],"hidden":false,"retry":false,"extra":{"severity":"normal","retries":[],"categories":[{"name":"Test defects","matchedStatuses":[],"flaky":false}],"history":{"statistic":{"failed":0,"broken":42,"skipped":0,"passed":35,"unknown":0,"total":77},"items":[{"uid":"f2939c3754d36746","reportUrl":"https://zaelcovsky.github.io/StroyremAutomation/119//#testresult/f2939c3754d36746","status":"broken","statusDetails":"selenium.common.exceptions.NoSuchElementException: Message: no such element: Unable to locate element: {\"method\":\"xpath\",\"selector\":\"(//div[@class='footer-col']/ul/li/a)[1]\"}\n  (Session info: headless chrome=118.0.5993.70); For documentation on this error, please visit: https://www.selenium.dev/documentation/webdriver/troubleshooting/errors#no-such-element-exception\nStacktrace:\n#0 0x562fb00bffb3 <unknown>\n#1 0x562fafd934a7 <unknown>\n#2 0x562fafddadd6 <unknown>\n#3 0x562fafddaec1 <unknown>\n#4 0x562fafe18354 <unknown>\n#5 0x562fafdfc96d <unknown>\n#6 0x562fafe15c02 <unknown>\n#7 0x562fafdfc713 <unknown>\n#8 0x562fafdcf18b <unknown>\n#9 0x562fafdcff7e <unknown>\n#10 0x562fb00858d8 <unknown>\n#11 0x562fb0089800 <unknown>\n#12 0x562fb0093cfc <unknown>\n#13 0x562fb008a418 <unknown>\n#14 0x562fb005742f <unknown>\n#15 0x562fb00ae4e8 <unknown>\n#16 0x562fb00ae6b4 <unknown>\n#17 0x562fb00bf143 <unknown>\n#18 0x7f3152bcd044 <unknown>","time":{"start":1698109389123,"stop":1698109389142,"duration":19}},{"uid":"f9d4fb49b26d01e7","reportUrl":"https://zaelcovsky.github.io/StroyremAutomation/118//#testresult/f9d4fb49b26d01e7","status":"broken","statusDetails":"selenium.common.exceptions.NoSuchElementException: Message: no such element: Unable to locate element: {\"method\":\"xpath\",\"selector\":\"(//div[@class='footer-col']/ul/li/a)[1]\"}\n  (Session info: headless chrome=118.0.5993.70); For documentation on this error, please visit: https://www.selenium.dev/documentation/webdriver/troubleshooting/errors#no-such-element-exception\nStacktrace:\n#0 0x55b8a352bfb3 <unknown>\n#1 0x55b8a31ff4a7 <unknown>\n#2 0x55b8a3246dd6 <unknown>\n#3 0x55b8a3246ec1 <unknown>\n#4 0x55b8a3284354 <unknown>\n#5 0x55b8a326896d <unknown>\n#6 0x55b8a3281c02 <unknown>\n#7 0x55b8a3268713 <unknown>\n#8 0x55b8a323b18b <unknown>\n#9 0x55b8a323bf7e <unknown>\n#10 0x55b8a34f18d8 <unknown>\n#11 0x55b8a34f5800 <unknown>\n#12 0x55b8a34ffcfc <unknown>\n#13 0x55b8a34f6418 <unknown>\n#14 0x55b8a34c342f <unknown>\n#15 0x55b8a351a4e8 <unknown>\n#16 0x55b8a351a6b4 <unknown>\n#17 0x55b8a352b143 <unknown>\n#18 0x7ff99aa44044 <unknown>","time":{"start":1698022997084,"stop":1698022997101,"duration":17}},{"uid":"5063d4ba04948340","reportUrl":"https://zaelcovsky.github.io/StroyremAutomation/117//#testresult/5063d4ba04948340","status":"broken","statusDetails":"selenium.common.exceptions.NoSuchElementException: Message: no such element: Unable to locate element: {\"method\":\"xpath\",\"selector\":\"(//div[@class='footer-col']/ul/li/a)[1]\"}\n  (Session info: headless chrome=118.0.5993.70); For documentation on this error, please visit: https://www.selenium.dev/documentation/webdriver/troubleshooting/errors#no-such-element-exception\nStacktrace:\n#0 0x562da6cbffb3 <unknown>\n#1 0x562da69934a7 <unknown>\n#2 0x562da69dadd6 <unknown>\n#3 0x562da69daec1 <unknown>\n#4 0x562da6a18354 <unknown>\n#5 0x562da69fc96d <unknown>\n#6 0x562da6a15c02 <unknown>\n#7 0x562da69fc713 <unknown>\n#8 0x562da69cf18b <unknown>\n#9 0x562da69cff7e <unknown>\n#10 0x562da6c858d8 <unknown>\n#11 0x562da6c89800 <unknown>\n#12 0x562da6c93cfc <unknown>\n#13 0x562da6c8a418 <unknown>\n#14 0x562da6c5742f <unknown>\n#15 0x562da6cae4e8 <unknown>\n#16 0x562da6cae6b4 <unknown>\n#17 0x562da6cbf143 <unknown>\n#18 0x7fad2584f044 <unknown>","time":{"start":1697936811379,"stop":1697936811396,"duration":17}},{"uid":"689069e42fec50ff","reportUrl":"https://zaelcovsky.github.io/StroyremAutomation/116//#testresult/689069e42fec50ff","status":"broken","statusDetails":"selenium.common.exceptions.NoSuchElementException: Message: no such element: Unable to locate element: {\"method\":\"xpath\",\"selector\":\"(//div[@class='footer-col']/ul/li/a)[1]\"}\n  (Session info: headless chrome=118.0.5993.70); For documentation on this error, please visit: https://www.selenium.dev/documentation/webdriver/troubleshooting/errors#no-such-element-exception\nStacktrace:\n#0 0x55aafa4a0fb3 <unknown>\n#1 0x55aafa1744a7 <unknown>\n#2 0x55aafa1bbdd6 <unknown>\n#3 0x55aafa1bbec1 <unknown>\n#4 0x55aafa1f9354 <unknown>\n#5 0x55aafa1dd96d <unknown>\n#6 0x55aafa1f6c02 <unknown>\n#7 0x55aafa1dd713 <unknown>\n#8 0x55aafa1b018b <unknown>\n#9 0x55aafa1b0f7e <unknown>\n#10 0x55aafa4668d8 <unknown>\n#11 0x55aafa46a800 <unknown>\n#12 0x55aafa474cfc <unknown>\n#13 0x55aafa46b418 <unknown>\n#14 0x55aafa43842f <unknown>\n#15 0x55aafa48f4e8 <unknown>\n#16 0x55aafa48f6b4 <unknown>\n#17 0x55aafa4a0143 <unknown>\n#18 0x7f1c16b75044 <unknown>","time":{"start":1697850086383,"stop":1697850086398,"duration":15}},{"uid":"b43fcbd95735d7bf","reportUrl":"https://zaelcovsky.github.io/StroyremAutomation/115//#testresult/b43fcbd95735d7bf","status":"broken","statusDetails":"selenium.common.exceptions.NoSuchElementException: Message: no such element: Unable to locate element: {\"method\":\"xpath\",\"selector\":\"(//div[@class='footer-col']/ul/li/a)[1]\"}\n  (Session info: headless chrome=118.0.5993.70); For documentation on this error, please visit: https://www.selenium.dev/documentation/webdriver/troubleshooting/errors#no-such-element-exception\nStacktrace:\n#0 0x55b6ad489fb3 <unknown>\n#1 0x55b6ad15d4a7 <unknown>\n#2 0x55b6ad1a4dd6 <unknown>\n#3 0x55b6ad1a4ec1 <unknown>\n#4 0x55b6ad1e2354 <unknown>\n#5 0x55b6ad1c696d <unknown>\n#6 0x55b6ad1dfc02 <unknown>\n#7 0x55b6ad1c6713 <unknown>\n#8 0x55b6ad19918b <unknown>\n#9 0x55b6ad199f7e <unknown>\n#10 0x55b6ad44f8d8 <unknown>\n#11 0x55b6ad453800 <unknown>\n#12 0x55b6ad45dcfc <unknown>\n#13 0x55b6ad454418 <unknown>\n#14 0x55b6ad42142f <unknown>\n#15 0x55b6ad4784e8 <unknown>\n#16 0x55b6ad4786b4 <unknown>\n#17 0x55b6ad489143 <unknown>\n#18 0x7fc655fa9044 <unknown>","time":{"start":1697763799930,"stop":1697763799946,"duration":16}},{"uid":"24dfd3e3ffd0dab0","reportUrl":"https://zaelcovsky.github.io/StroyremAutomation/114//#testresult/24dfd3e3ffd0dab0","status":"broken","statusDetails":"selenium.common.exceptions.NoSuchElementException: Message: no such element: Unable to locate element: {\"method\":\"xpath\",\"selector\":\"(//div[@class='footer-col']/ul/li/a)[1]\"}\n  (Session info: headless chrome=118.0.5993.70); For documentation on this error, please visit: https://www.selenium.dev/documentation/webdriver/troubleshooting/errors#no-such-element-exception\nStacktrace:\n#0 0x5603bf5b4fb3 <unknown>\n#1 0x5603bf2884a7 <unknown>\n#2 0x5603bf2cfdd6 <unknown>\n#3 0x5603bf2cfec1 <unknown>\n#4 0x5603bf30d354 <unknown>\n#5 0x5603bf2f196d <unknown>\n#6 0x5603bf30ac02 <unknown>\n#7 0x5603bf2f1713 <unknown>\n#8 0x5603bf2c418b <unknown>\n#9 0x5603bf2c4f7e <unknown>\n#10 0x5603bf57a8d8 <unknown>\n#11 0x5603bf57e800 <unknown>\n#12 0x5603bf588cfc <unknown>\n#13 0x5603bf57f418 <unknown>\n#14 0x5603bf54c42f <unknown>\n#15 0x5603bf5a34e8 <unknown>\n#16 0x5603bf5a36b4 <unknown>\n#17 0x5603bf5b4143 <unknown>\n#18 0x7f328342e044 <unknown>","time":{"start":1697677405746,"stop":1697677405766,"duration":20}},{"uid":"f2369b3ddbb58955","reportUrl":"https://zaelcovsky.github.io/StroyremAutomation/113//#testresult/f2369b3ddbb58955","status":"broken","statusDetails":"selenium.common.exceptions.NoSuchElementException: Message: no such element: Unable to locate element: {\"method\":\"xpath\",\"selector\":\"(//div[@class='footer-col']/ul/li/a)[1]\"}\n  (Session info: headless chrome=118.0.5993.70); For documentation on this error, please visit: https://www.selenium.dev/documentation/webdriver/troubleshooting/errors#no-such-element-exception\nStacktrace:\n#0 0x55788428efb3 <unknown>\n#1 0x557883f624a7 <unknown>\n#2 0x557883fa9dd6 <unknown>\n#3 0x557883fa9ec1 <unknown>\n#4 0x557883fe7354 <unknown>\n#5 0x557883fcb96d <unknown>\n#6 0x557883fe4c02 <unknown>\n#7 0x557883fcb713 <unknown>\n#8 0x557883f9e18b <unknown>\n#9 0x557883f9ef7e <unknown>\n#10 0x5578842548d8 <unknown>\n#11 0x557884258800 <unknown>\n#12 0x557884262cfc <unknown>\n#13 0x557884259418 <unknown>\n#14 0x55788422642f <unknown>\n#15 0x55788427d4e8 <unknown>\n#16 0x55788427d6b4 <unknown>\n#17 0x55788428e143 <unknown>\n#18 0x7f0a7656e044 <unknown>","time":{"start":1697591036179,"stop":1697591036195,"duration":16}},{"uid":"cd95cfb8b1e14c63","reportUrl":"https://zaelcovsky.github.io/StroyremAutomation/112//#testresult/cd95cfb8b1e14c63","status":"broken","statusDetails":"selenium.common.exceptions.NoSuchElementException: Message: no such element: Unable to locate element: {\"method\":\"xpath\",\"selector\":\"(//div[@class='footer-col']/ul/li/a)[1]\"}\n  (Session info: headless chrome=118.0.5993.70); For documentation on this error, please visit: https://www.selenium.dev/documentation/webdriver/troubleshooting/errors#no-such-element-exception\nStacktrace:\n#0 0x561472cdcfb3 <unknown>\n#1 0x5614729b04a7 <unknown>\n#2 0x5614729f7dd6 <unknown>\n#3 0x5614729f7ec1 <unknown>\n#4 0x561472a35354 <unknown>\n#5 0x561472a1996d <unknown>\n#6 0x561472a32c02 <unknown>\n#7 0x561472a19713 <unknown>\n#8 0x5614729ec18b <unknown>\n#9 0x5614729ecf7e <unknown>\n#10 0x561472ca28d8 <unknown>\n#11 0x561472ca6800 <unknown>\n#12 0x561472cb0cfc <unknown>\n#13 0x561472ca7418 <unknown>\n#14 0x561472c7442f <unknown>\n#15 0x561472ccb4e8 <unknown>\n#16 0x561472ccb6b4 <unknown>\n#17 0x561472cdc143 <unknown>\n#18 0x7f364fa16044 <unknown>","time":{"start":1697504648509,"stop":1697504648528,"duration":19}},{"uid":"72a50d38f4ab5f47","reportUrl":"https://zaelcovsky.github.io/StroyremAutomation/111//#testresult/72a50d38f4ab5f47","status":"broken","statusDetails":"selenium.common.exceptions.NoSuchElementException: Message: no such element: Unable to locate element: {\"method\":\"xpath\",\"selector\":\"(//div[@class='footer-col']/ul/li/a)[1]\"}\n  (Session info: headless chrome=118.0.5993.70); For documentation on this error, please visit: https://www.selenium.dev/documentation/webdriver/troubleshooting/errors#no-such-element-exception\nStacktrace:\n#0 0x55c28cf5ffb3 <unknown>\n#1 0x55c28cc334a7 <unknown>\n#2 0x55c28cc7add6 <unknown>\n#3 0x55c28cc7aec1 <unknown>\n#4 0x55c28ccb8354 <unknown>\n#5 0x55c28cc9c96d <unknown>\n#6 0x55c28ccb5c02 <unknown>\n#7 0x55c28cc9c713 <unknown>\n#8 0x55c28cc6f18b <unknown>\n#9 0x55c28cc6ff7e <unknown>\n#10 0x55c28cf258d8 <unknown>\n#11 0x55c28cf29800 <unknown>\n#12 0x55c28cf33cfc <unknown>\n#13 0x55c28cf2a418 <unknown>\n#14 0x55c28cef742f <unknown>\n#15 0x55c28cf4e4e8 <unknown>\n#16 0x55c28cf4e6b4 <unknown>\n#17 0x55c28cf5f143 <unknown>\n#18 0x7f0aae700044 <unknown>","time":{"start":1697418254340,"stop":1697418254359,"duration":19}},{"uid":"9ccaf871ef63a7d5","reportUrl":"https://zaelcovsky.github.io/StroyremAutomation/110//#testresult/9ccaf871ef63a7d5","status":"broken","statusDetails":"selenium.common.exceptions.NoSuchElementException: Message: no such element: Unable to locate element: {\"method\":\"xpath\",\"selector\":\"(//div[@class='footer-col']/ul/li/a)[1]\"}\n  (Session info: headless chrome=118.0.5993.70); For documentation on this error, please visit: https://www.selenium.dev/documentation/webdriver/troubleshooting/errors#no-such-element-exception\nStacktrace:\n#0 0x55b5b7068fb3 <unknown>\n#1 0x55b5b6d3c4a7 <unknown>\n#2 0x55b5b6d83dd6 <unknown>\n#3 0x55b5b6d83ec1 <unknown>\n#4 0x55b5b6dc1354 <unknown>\n#5 0x55b5b6da596d <unknown>\n#6 0x55b5b6dbec02 <unknown>\n#7 0x55b5b6da5713 <unknown>\n#8 0x55b5b6d7818b <unknown>\n#9 0x55b5b6d78f7e <unknown>\n#10 0x55b5b702e8d8 <unknown>\n#11 0x55b5b7032800 <unknown>\n#12 0x55b5b703ccfc <unknown>\n#13 0x55b5b7033418 <unknown>\n#14 0x55b5b700042f <unknown>\n#15 0x55b5b70574e8 <unknown>\n#16 0x55b5b70576b4 <unknown>\n#17 0x55b5b7068143 <unknown>\n#18 0x7f7d985f0044 <unknown>","time":{"start":1697332040092,"stop":1697332040111,"duration":19}},{"uid":"6f17a466f13fc884","reportUrl":"https://zaelcovsky.github.io/StroyremAutomation/109//#testresult/6f17a466f13fc884","status":"broken","statusDetails":"selenium.common.exceptions.NoSuchElementException: Message: no such element: Unable to locate element: {\"method\":\"xpath\",\"selector\":\"(//div[@class='footer-col']/ul/li/a)[1]\"}\n  (Session info: headless chrome=118.0.5993.70); For documentation on this error, please visit: https://www.selenium.dev/documentation/webdriver/troubleshooting/errors#no-such-element-exception\nStacktrace:\n#0 0x55d82159dfb3 <unknown>\n#1 0x55d8212714a7 <unknown>\n#2 0x55d8212b8dd6 <unknown>\n#3 0x55d8212b8ec1 <unknown>\n#4 0x55d8212f6354 <unknown>\n#5 0x55d8212da96d <unknown>\n#6 0x55d8212f3c02 <unknown>\n#7 0x55d8212da713 <unknown>\n#8 0x55d8212ad18b <unknown>\n#9 0x55d8212adf7e <unknown>\n#10 0x55d8215638d8 <unknown>\n#11 0x55d821567800 <unknown>\n#12 0x55d821571cfc <unknown>\n#13 0x55d821568418 <unknown>\n#14 0x55d82153542f <unknown>\n#15 0x55d82158c4e8 <unknown>\n#16 0x55d82158c6b4 <unknown>\n#17 0x55d82159d143 <unknown>\n#18 0x7f12cde0a044 <unknown>","time":{"start":1697245310866,"stop":1697245310882,"duration":16}},{"uid":"2143955068bb041d","reportUrl":"https://zaelcovsky.github.io/StroyremAutomation/108//#testresult/2143955068bb041d","status":"broken","statusDetails":"selenium.common.exceptions.NoSuchElementException: Message: no such element: Unable to locate element: {\"method\":\"xpath\",\"selector\":\"(//div[@class='footer-col']/ul/li/a)[1]\"}\n  (Session info: headless chrome=118.0.5993.70); For documentation on this error, please visit: https://www.selenium.dev/documentation/webdriver/troubleshooting/errors#no-such-element-exception\nStacktrace:\n#0 0x5624dfb24fb3 <unknown>\n#1 0x5624df7f84a7 <unknown>\n#2 0x5624df83fdd6 <unknown>\n#3 0x5624df83fec1 <unknown>\n#4 0x5624df87d354 <unknown>\n#5 0x5624df86196d <unknown>\n#6 0x5624df87ac02 <unknown>\n#7 0x5624df861713 <unknown>\n#8 0x5624df83418b <unknown>\n#9 0x5624df834f7e <unknown>\n#10 0x5624dfaea8d8 <unknown>\n#11 0x5624dfaee800 <unknown>\n#12 0x5624dfaf8cfc <unknown>\n#13 0x5624dfaef418 <unknown>\n#14 0x5624dfabc42f <unknown>\n#15 0x5624dfb134e8 <unknown>\n#16 0x5624dfb136b4 <unknown>\n#17 0x5624dfb24143 <unknown>\n#18 0x7eff16e3f044 <unknown>","time":{"start":1697159084287,"stop":1697159084306,"duration":19}},{"uid":"8f843fb5c8536701","reportUrl":"https://zaelcovsky.github.io/StroyremAutomation/107//#testresult/8f843fb5c8536701","status":"broken","statusDetails":"selenium.common.exceptions.NoSuchElementException: Message: no such element: Unable to locate element: {\"method\":\"xpath\",\"selector\":\"(//div[@class='footer-col']/ul/li/a)[1]\"}\n  (Session info: headless chrome=118.0.5993.70); For documentation on this error, please visit: https://www.selenium.dev/documentation/webdriver/troubleshooting/errors#no-such-element-exception\nStacktrace:\n#0 0x5588a8ef4fb3 <unknown>\n#1 0x5588a8bc84a7 <unknown>\n#2 0x5588a8c0fdd6 <unknown>\n#3 0x5588a8c0fec1 <unknown>\n#4 0x5588a8c4d354 <unknown>\n#5 0x5588a8c3196d <unknown>\n#6 0x5588a8c4ac02 <unknown>\n#7 0x5588a8c31713 <unknown>\n#8 0x5588a8c0418b <unknown>\n#9 0x5588a8c04f7e <unknown>\n#10 0x5588a8eba8d8 <unknown>\n#11 0x5588a8ebe800 <unknown>\n#12 0x5588a8ec8cfc <unknown>\n#13 0x5588a8ebf418 <unknown>\n#14 0x5588a8e8c42f <unknown>\n#15 0x5588a8ee34e8 <unknown>\n#16 0x5588a8ee36b4 <unknown>\n#17 0x5588a8ef4143 <unknown>\n#18 0x7f1609596044 <unknown>","time":{"start":1697072489594,"stop":1697072489613,"duration":19}},{"uid":"7343ee5b98fe1ecf","reportUrl":"https://zaelcovsky.github.io/StroyremAutomation/106//#testresult/7343ee5b98fe1ecf","status":"broken","statusDetails":"selenium.common.exceptions.NoSuchElementException: Message: no such element: Unable to locate element: {\"method\":\"xpath\",\"selector\":\"(//div[@class='footer-col']/ul/li/a)[1]\"}\n  (Session info: headless chrome=118.0.5993.70); For documentation on this error, please visit: https://www.selenium.dev/documentation/webdriver/troubleshooting/errors#no-such-element-exception\nStacktrace:\n#0 0x5576b5163fb3 <unknown>\n#1 0x5576b4e374a7 <unknown>\n#2 0x5576b4e7edd6 <unknown>\n#3 0x5576b4e7eec1 <unknown>\n#4 0x5576b4ebc354 <unknown>\n#5 0x5576b4ea096d <unknown>\n#6 0x5576b4eb9c02 <unknown>\n#7 0x5576b4ea0713 <unknown>\n#8 0x5576b4e7318b <unknown>\n#9 0x5576b4e73f7e <unknown>\n#10 0x5576b51298d8 <unknown>\n#11 0x5576b512d800 <unknown>\n#12 0x5576b5137cfc <unknown>\n#13 0x5576b512e418 <unknown>\n#14 0x5576b50fb42f <unknown>\n#15 0x5576b51524e8 <unknown>\n#16 0x5576b51526b4 <unknown>\n#17 0x5576b5163143 <unknown>\n#18 0x7fec0a454044 <unknown>","time":{"start":1696986154709,"stop":1696986154725,"duration":16}},{"uid":"e0ac8ce86ea6ea76","reportUrl":"https://zaelcovsky.github.io/StroyremAutomation/105//#testresult/e0ac8ce86ea6ea76","status":"broken","statusDetails":"selenium.common.exceptions.NoSuchElementException: Message: no such element: Unable to locate element: {\"method\":\"xpath\",\"selector\":\"(//div[@class='footer-col']/ul/li/a)[1]\"}\n  (Session info: headless chrome=117.0.5938.149); For documentation on this error, please visit: https://www.selenium.dev/documentation/webdriver/troubleshooting/errors#no-such-element-exception\nStacktrace:\n#0 0x5597a9fd8933 <unknown>\n#1 0x5597a9cb26f7 <unknown>\n#2 0x5597a9cf9aa6 <unknown>\n#3 0x5597a9cf9b91 <unknown>\n#4 0x5597a9d36fc4 <unknown>\n#5 0x5597a9d1b62d <unknown>\n#6 0x5597a9d34857 <unknown>\n#7 0x5597a9d1b3d3 <unknown>\n#8 0x5597a9cede64 <unknown>\n#9 0x5597a9ceec4e <unknown>\n#10 0x5597a9f9e558 <unknown>\n#11 0x5597a9fa24a0 <unknown>\n#12 0x5597a9fac97c <unknown>\n#13 0x5597a9fa30b8 <unknown>\n#14 0x5597a9f6ecdf <unknown>\n#15 0x5597a9fc7048 <unknown>\n#16 0x5597a9fc7219 <unknown>\n#17 0x5597a9fd7ac3 <unknown>\n#18 0x7fd77a4a5044 <unknown>","time":{"start":1696899739562,"stop":1696899739577,"duration":15}},{"uid":"aa9915cf3f4d6452","reportUrl":"https://zaelcovsky.github.io/StroyremAutomation/104//#testresult/aa9915cf3f4d6452","status":"broken","statusDetails":"selenium.common.exceptions.NoSuchElementException: Message: no such element: Unable to locate element: {\"method\":\"xpath\",\"selector\":\"(//div[@class='footer-col']/ul/li/a)[1]\"}\n  (Session info: headless chrome=117.0.5938.149); For documentation on this error, please visit: https://www.selenium.dev/documentation/webdriver/troubleshooting/errors#no-such-element-exception\nStacktrace:\n#0 0x5566d4db8933 <unknown>\n#1 0x5566d4a926f7 <unknown>\n#2 0x5566d4ad9aa6 <unknown>\n#3 0x5566d4ad9b91 <unknown>\n#4 0x5566d4b16fc4 <unknown>\n#5 0x5566d4afb62d <unknown>\n#6 0x5566d4b14857 <unknown>\n#7 0x5566d4afb3d3 <unknown>\n#8 0x5566d4acde64 <unknown>\n#9 0x5566d4acec4e <unknown>\n#10 0x5566d4d7e558 <unknown>\n#11 0x5566d4d824a0 <unknown>\n#12 0x5566d4d8c97c <unknown>\n#13 0x5566d4d830b8 <unknown>\n#14 0x5566d4d4ecdf <unknown>\n#15 0x5566d4da7048 <unknown>\n#16 0x5566d4da7219 <unknown>\n#17 0x5566d4db7ac3 <unknown>\n#18 0x7fb4cf064044 <unknown>","time":{"start":1696813399738,"stop":1696813399754,"duration":16}},{"uid":"2b1c54af82f43511","reportUrl":"https://zaelcovsky.github.io/StroyremAutomation/103//#testresult/2b1c54af82f43511","status":"broken","statusDetails":"selenium.common.exceptions.NoSuchElementException: Message: no such element: Unable to locate element: {\"method\":\"xpath\",\"selector\":\"(//div[@class='footer-col']/ul/li/a)[1]\"}\n  (Session info: headless chrome=117.0.5938.149); For documentation on this error, please visit: https://www.selenium.dev/documentation/webdriver/troubleshooting/errors#no-such-element-exception\nStacktrace:\n#0 0x558cc379b933 <unknown>\n#1 0x558cc34756f7 <unknown>\n#2 0x558cc34bcaa6 <unknown>\n#3 0x558cc34bcb91 <unknown>\n#4 0x558cc34f9fc4 <unknown>\n#5 0x558cc34de62d <unknown>\n#6 0x558cc34f7857 <unknown>\n#7 0x558cc34de3d3 <unknown>\n#8 0x558cc34b0e64 <unknown>\n#9 0x558cc34b1c4e <unknown>\n#10 0x558cc3761558 <unknown>\n#11 0x558cc37654a0 <unknown>\n#12 0x558cc376f97c <unknown>\n#13 0x558cc37660b8 <unknown>\n#14 0x558cc3731cdf <unknown>\n#15 0x558cc378a048 <unknown>\n#16 0x558cc378a219 <unknown>\n#17 0x558cc379aac3 <unknown>\n#18 0x7f53bd1b9044 <unknown>","time":{"start":1696727238104,"stop":1696727238120,"duration":16}},{"uid":"1a6de4c2a7ae34b3","reportUrl":"https://zaelcovsky.github.io/StroyremAutomation/102//#testresult/1a6de4c2a7ae34b3","status":"broken","statusDetails":"selenium.common.exceptions.NoSuchElementException: Message: no such element: Unable to locate element: {\"method\":\"xpath\",\"selector\":\"(//div[@class='footer-col']/ul/li/a)[1]\"}\n  (Session info: headless chrome=117.0.5938.149); For documentation on this error, please visit: https://www.selenium.dev/documentation/webdriver/troubleshooting/errors#no-such-element-exception\nStacktrace:\n#0 0x55ef71580933 <unknown>\n#1 0x55ef7125a6f7 <unknown>\n#2 0x55ef712a1aa6 <unknown>\n#3 0x55ef712a1b91 <unknown>\n#4 0x55ef712defc4 <unknown>\n#5 0x55ef712c362d <unknown>\n#6 0x55ef712dc857 <unknown>\n#7 0x55ef712c33d3 <unknown>\n#8 0x55ef71295e64 <unknown>\n#9 0x55ef71296c4e <unknown>\n#10 0x55ef71546558 <unknown>\n#11 0x55ef7154a4a0 <unknown>\n#12 0x55ef7155497c <unknown>\n#13 0x55ef7154b0b8 <unknown>\n#14 0x55ef71516cdf <unknown>\n#15 0x55ef7156f048 <unknown>\n#16 0x55ef7156f219 <unknown>\n#17 0x55ef7157fac3 <unknown>\n#18 0x7f67f159f044 <unknown>","time":{"start":1696640548879,"stop":1696640548895,"duration":16}},{"uid":"d5ab4cc8ab17d24c","reportUrl":"https://zaelcovsky.github.io/StroyremAutomation/101//#testresult/d5ab4cc8ab17d24c","status":"broken","statusDetails":"selenium.common.exceptions.NoSuchElementException: Message: no such element: Unable to locate element: {\"method\":\"xpath\",\"selector\":\"(//div[@class='footer-col']/ul/li/a)[1]\"}\n  (Session info: headless chrome=117.0.5938.149); For documentation on this error, please visit: https://www.selenium.dev/documentation/webdriver/troubleshooting/errors#no-such-element-exception\nStacktrace:\n#0 0x55fafbeae933 <unknown>\n#1 0x55fafbb886f7 <unknown>\n#2 0x55fafbbcfaa6 <unknown>\n#3 0x55fafbbcfb91 <unknown>\n#4 0x55fafbc0cfc4 <unknown>\n#5 0x55fafbbf162d <unknown>\n#6 0x55fafbc0a857 <unknown>\n#7 0x55fafbbf13d3 <unknown>\n#8 0x55fafbbc3e64 <unknown>\n#9 0x55fafbbc4c4e <unknown>\n#10 0x55fafbe74558 <unknown>\n#11 0x55fafbe784a0 <unknown>\n#12 0x55fafbe8297c <unknown>\n#13 0x55fafbe790b8 <unknown>\n#14 0x55fafbe44cdf <unknown>\n#15 0x55fafbe9d048 <unknown>\n#16 0x55fafbe9d219 <unknown>\n#17 0x55fafbeadac3 <unknown>\n#18 0x7f9e9faf5044 <unknown>","time":{"start":1696554181520,"stop":1696554181551,"duration":31}},{"uid":"4e8b47d179b42b4b","reportUrl":"https://zaelcovsky.github.io/StroyremAutomation/100//#testresult/4e8b47d179b42b4b","status":"broken","statusDetails":"selenium.common.exceptions.NoSuchElementException: Message: no such element: Unable to locate element: {\"method\":\"xpath\",\"selector\":\"(//div[@class='footer-col']/ul/li/a)[1]\"}\n  (Session info: headless chrome=117.0.5938.149); For documentation on this error, please visit: https://www.selenium.dev/documentation/webdriver/troubleshooting/errors#no-such-element-exception\nStacktrace:\n#0 0x564d1a030933 <unknown>\n#1 0x564d19d0a6f7 <unknown>\n#2 0x564d19d51aa6 <unknown>\n#3 0x564d19d51b91 <unknown>\n#4 0x564d19d8efc4 <unknown>\n#5 0x564d19d7362d <unknown>\n#6 0x564d19d8c857 <unknown>\n#7 0x564d19d733d3 <unknown>\n#8 0x564d19d45e64 <unknown>\n#9 0x564d19d46c4e <unknown>\n#10 0x564d19ff6558 <unknown>\n#11 0x564d19ffa4a0 <unknown>\n#12 0x564d1a00497c <unknown>\n#13 0x564d19ffb0b8 <unknown>\n#14 0x564d19fc6cdf <unknown>\n#15 0x564d1a01f048 <unknown>\n#16 0x564d1a01f219 <unknown>\n#17 0x564d1a02fac3 <unknown>\n#18 0x7fedb23ee044 <unknown>","time":{"start":1696467859965,"stop":1696467859983,"duration":18}}]},"tags":["smoke_test"]},"source":"d2ce21de95eea08a.json","parameterValues":["'https://test2.stroyrem-nn.ru/'"]}