{"uid":"a1c6f26536209453","name":"test_positive_delivery_green_zone_smoke[TD 012-products/shtukaturka-gipsovaya-aksolit-m50-30-kg-mashinnogo-naneseniya-333-10000-4450-11990-12500-https://sandboxtest.stroyrem-nn.ru/]","fullName":"tests.delivery.test_delivery_calculation.TestDeliveryPageCalculation#test_positive_delivery_green_zone_smoke","historyId":"9d39cbb8c1423d43dfc259c1b0a6c01f","time":{"start":1707613921042,"stop":1707613921485,"duration":443},"status":"broken","statusMessage":"selenium.common.exceptions.NoSuchElementException: Message: no such element: Unable to locate element: {\"method\":\"xpath\",\"selector\":\"(//a[@class='add-to-cart yellow-btn'])[1]\"}\n  (Session info: chrome-headless-shell=121.0.6167.85); For documentation on this error, please visit: https://www.selenium.dev/documentation/webdriver/troubleshooting/errors#no-such-element-exception\nStacktrace:\n#0 0x55a96ea9cd93 <unknown>\n#1 0x55a96e780337 <unknown>\n#2 0x55a96e7cbd60 <unknown>\n#3 0x55a96e7cbe51 <unknown>\n#4 0x55a96e80fbc4 <unknown>\n#5 0x55a96e7ee46d <unknown>\n#6 0x55a96e80d12d <unknown>\n#7 0x55a96e7ee1e3 <unknown>\n#8 0x55a96e7be135 <unknown>\n#9 0x55a96e7bf13e <unknown>\n#10 0x55a96ea60e4b <unknown>\n#11 0x55a96ea64dfa <unknown>\n#12 0x55a96ea4d6d5 <unknown>\n#13 0x55a96ea65a6f <unknown>\n#14 0x55a96ea3169f <unknown>\n#15 0x55a96ea8a098 <unknown>\n#16 0x55a96ea8a262 <unknown>\n#17 0x55a96ea9bf34 <unknown>\n#18 0x7fe8f3702134 <unknown>","statusTrace":"self = <tests.delivery.test_delivery_calculation.TestDeliveryPageCalculation object at 0x7f7bc6b36150>\ndriver = <selenium.webdriver.chrome.webdriver.WebDriver (session=\"2a2146aac63b04789167204bff0a4856\")>\nurl = 'https://sandboxtest.stroyrem-nn.ru/', case_id = 'TD 012'\nlink_item = 'products/shtukaturka-gipsovaya-aksolit-m50-30-kg-mashinnogo-naneseniya'\namount = 333, weight = 10000, standard = 4450, in_time = 11990, all_time = 12500\n\n    @pytest.mark.parametrize('case_id, link_item, amount, weight, standard, in_time, all_time', [\n        (\"TD 001\", uroven_3000, 1, 30, 0, 1590, 2190),\n        (\"TD 002\", bundeks_25, 1, 30, 400, 1590, 2190),\n        (\"TD 003\", aksolit_30, 8, 300, 400, 1590, 2190),\n        (\"TD 004\", aksolit_30, 13, 400, 450, 1590, 2190),\n        (\"TD 005\", aksolit_30, 16, 500, 600, 1590, 2190),\n        (\"TD 006\", aksolit_30, 25, 1700, 990, 1990, 2480),\n        (\"TD 007\", aksolit_30, 66, 2000, 1300, 2490, 2980),\n        (\"TD 008\", aksolit_30, 149, 4500, 2300, 3980, 4490),\n        (\"TD 009\", aksolit_30, 166, 5000, 2500, 4990, 5480),\n        pytest.param(\n            \"TD 010\", aksolit_30, 206, 6200, 2900, 5570, 6120,\n            marks=pytest.mark.xfail(reson=\"Цена доставки 3600 7960 8980\")\n        ),\n        (\"TD 011\", aksolit_30, 299, 9000, 3600, 7960, 8980),\n        (\"TD 012\", aksolit_30, 333, 10000, 4450, 11990, 12500),\n        pytest.param(\n            \"TD 013\", aksolit_30, 366, 11000, 4800, 12450, 13480,\n            marks=pytest.mark.xfail(reason=\"Цена стандартной доставки 4450\")\n        ),\n        pytest.param(\n            \"TD 014\", aksolit_30, 666, 20000, 5400, 15600, 17490,\n            marks=pytest.mark.xfail(reason=\"Цена стандартной доставки 4450\")\n        )\n    ])\n    @pytest.mark.smoke\n    def test_positive_delivery_green_zone_smoke(\n            self, driver, url, case_id, link_item, amount, weight, standard, in_time, all_time\n    ):\n    \n        driver.get(f'{url}{link_item}')\n        item_page = ItemPage(driver)\n>       item_page.add_item_to_cart(amount).click_on_cart()\n\ntests/delivery/test_delivery_calculation.py:49: \n_ _ _ _ _ _ _ _ _ _ _ _ _ _ _ _ _ _ _ _ _ _ _ _ _ _ _ _ _ _ _ _ _ _ _ _ _ _ _ _ \npages/item_page.py:40: in add_item_to_cart\n    self.find_element(self._add_item).click()\nbase/seleniumbase.py:17: in find_element\n    return self.driver.find_element(*locator)\n/usr/local/lib/python3.11/site-packages/selenium/webdriver/remote/webdriver.py:740: in find_element\n    return self.execute(Command.FIND_ELEMENT, {\"using\": by, \"value\": value})[\"value\"]\n/usr/local/lib/python3.11/site-packages/selenium/webdriver/remote/webdriver.py:346: in execute\n    self.error_handler.check_response(response)\n_ _ _ _ _ _ _ _ _ _ _ _ _ _ _ _ _ _ _ _ _ _ _ _ _ _ _ _ _ _ _ _ _ _ _ _ _ _ _ _ \n\nself = <selenium.webdriver.remote.errorhandler.ErrorHandler object at 0x7f7bc690da10>\nresponse = {'status': 404, 'value': '{\"value\":{\"error\":\"no such element\",\"message\":\"no such element: Unable to locate element: {\\...\\\\n#16 0x55a96ea8a262 \\\\u003Cunknown>\\\\n#17 0x55a96ea9bf34 \\\\u003Cunknown>\\\\n#18 0x7fe8f3702134 \\\\u003Cunknown>\\\\n\"}}'}\n\n    def check_response(self, response: Dict[str, Any]) -> None:\n        \"\"\"Checks that a JSON response from the WebDriver does not have an\n        error.\n    \n        :Args:\n         - response - The JSON response from the WebDriver server as a dictionary\n           object.\n    \n        :Raises: If the response contains an error message.\n        \"\"\"\n        status = response.get(\"status\", None)\n        if not status or status == ErrorCode.SUCCESS:\n            return\n        value = None\n        message = response.get(\"message\", \"\")\n        screen: str = response.get(\"screen\", \"\")\n        stacktrace = None\n        if isinstance(status, int):\n            value_json = response.get(\"value\", None)\n            if value_json and isinstance(value_json, str):\n                import json\n    \n                try:\n                    value = json.loads(value_json)\n                    if len(value) == 1:\n                        value = value[\"value\"]\n                    status = value.get(\"error\", None)\n                    if not status:\n                        status = value.get(\"status\", ErrorCode.UNKNOWN_ERROR)\n                        message = value.get(\"value\") or value.get(\"message\")\n                        if not isinstance(message, str):\n                            value = message\n                            message = message.get(\"message\")\n                    else:\n                        message = value.get(\"message\", None)\n                except ValueError:\n                    pass\n    \n        exception_class: Type[WebDriverException]\n        if status in ErrorCode.NO_SUCH_ELEMENT:\n            exception_class = NoSuchElementException\n        elif status in ErrorCode.NO_SUCH_FRAME:\n            exception_class = NoSuchFrameException\n        elif status in ErrorCode.NO_SUCH_SHADOW_ROOT:\n            exception_class = NoSuchShadowRootException\n        elif status in ErrorCode.NO_SUCH_WINDOW:\n            exception_class = NoSuchWindowException\n        elif status in ErrorCode.STALE_ELEMENT_REFERENCE:\n            exception_class = StaleElementReferenceException\n        elif status in ErrorCode.ELEMENT_NOT_VISIBLE:\n            exception_class = ElementNotVisibleException\n        elif status in ErrorCode.INVALID_ELEMENT_STATE:\n            exception_class = InvalidElementStateException\n        elif (\n            status in ErrorCode.INVALID_SELECTOR\n            or status in ErrorCode.INVALID_XPATH_SELECTOR\n            or status in ErrorCode.INVALID_XPATH_SELECTOR_RETURN_TYPER\n        ):\n            exception_class = InvalidSelectorException\n        elif status in ErrorCode.ELEMENT_IS_NOT_SELECTABLE:\n            exception_class = ElementNotSelectableException\n        elif status in ErrorCode.ELEMENT_NOT_INTERACTABLE:\n            exception_class = ElementNotInteractableException\n        elif status in ErrorCode.INVALID_COOKIE_DOMAIN:\n            exception_class = InvalidCookieDomainException\n        elif status in ErrorCode.UNABLE_TO_SET_COOKIE:\n            exception_class = UnableToSetCookieException\n        elif status in ErrorCode.TIMEOUT:\n            exception_class = TimeoutException\n        elif status in ErrorCode.SCRIPT_TIMEOUT:\n            exception_class = TimeoutException\n        elif status in ErrorCode.UNKNOWN_ERROR:\n            exception_class = WebDriverException\n        elif status in ErrorCode.UNEXPECTED_ALERT_OPEN:\n            exception_class = UnexpectedAlertPresentException\n        elif status in ErrorCode.NO_ALERT_OPEN:\n            exception_class = NoAlertPresentException\n        elif status in ErrorCode.IME_NOT_AVAILABLE:\n            exception_class = ImeNotAvailableException\n        elif status in ErrorCode.IME_ENGINE_ACTIVATION_FAILED:\n            exception_class = ImeActivationFailedException\n        elif status in ErrorCode.MOVE_TARGET_OUT_OF_BOUNDS:\n            exception_class = MoveTargetOutOfBoundsException\n        elif status in ErrorCode.JAVASCRIPT_ERROR:\n            exception_class = JavascriptException\n        elif status in ErrorCode.SESSION_NOT_CREATED:\n            exception_class = SessionNotCreatedException\n        elif status in ErrorCode.INVALID_ARGUMENT:\n            exception_class = InvalidArgumentException\n        elif status in ErrorCode.NO_SUCH_COOKIE:\n            exception_class = NoSuchCookieException\n        elif status in ErrorCode.UNABLE_TO_CAPTURE_SCREEN:\n            exception_class = ScreenshotException\n        elif status in ErrorCode.ELEMENT_CLICK_INTERCEPTED:\n            exception_class = ElementClickInterceptedException\n        elif status in ErrorCode.INSECURE_CERTIFICATE:\n            exception_class = InsecureCertificateException\n        elif status in ErrorCode.INVALID_COORDINATES:\n            exception_class = InvalidCoordinatesException\n        elif status in ErrorCode.INVALID_SESSION_ID:\n            exception_class = InvalidSessionIdException\n        elif status in ErrorCode.UNKNOWN_METHOD:\n            exception_class = UnknownMethodException\n        else:\n            exception_class = WebDriverException\n        if not value:\n            value = response[\"value\"]\n        if isinstance(value, str):\n            raise exception_class(value)\n        if message == \"\" and \"message\" in value:\n            message = value[\"message\"]\n    \n        screen = None  # type: ignore[assignment]\n        if \"screen\" in value:\n            screen = value[\"screen\"]\n    \n        stacktrace = None\n        st_value = value.get(\"stackTrace\") or value.get(\"stacktrace\")\n        if st_value:\n            if isinstance(st_value, str):\n                stacktrace = st_value.split(\"\\n\")\n            else:\n                stacktrace = []\n                try:\n                    for frame in st_value:\n                        line = frame.get(\"lineNumber\", \"\")\n                        file = frame.get(\"fileName\", \"<anonymous>\")\n                        if line:\n                            file = f\"{file}:{line}\"\n                        meth = frame.get(\"methodName\", \"<anonymous>\")\n                        if \"className\" in frame:\n                            meth = f\"{frame['className']}.{meth}\"\n                        msg = \"    at %s (%s)\"\n                        msg = msg % (meth, file)\n                        stacktrace.append(msg)\n                except TypeError:\n                    pass\n        if exception_class == UnexpectedAlertPresentException:\n            alert_text = None\n            if \"data\" in value:\n                alert_text = value[\"data\"].get(\"text\")\n            elif \"alert\" in value:\n                alert_text = value[\"alert\"].get(\"text\")\n            raise exception_class(message, screen, stacktrace, alert_text)  # type: ignore[call-arg]  # mypy is not smart enough here\n>       raise exception_class(message, screen, stacktrace)\nE       selenium.common.exceptions.NoSuchElementException: Message: no such element: Unable to locate element: {\"method\":\"xpath\",\"selector\":\"(//a[@class='add-to-cart yellow-btn'])[1]\"}\nE         (Session info: chrome-headless-shell=121.0.6167.85); For documentation on this error, please visit: https://www.selenium.dev/documentation/webdriver/troubleshooting/errors#no-such-element-exception\nE       Stacktrace:\nE       #0 0x55a96ea9cd93 <unknown>\nE       #1 0x55a96e780337 <unknown>\nE       #2 0x55a96e7cbd60 <unknown>\nE       #3 0x55a96e7cbe51 <unknown>\nE       #4 0x55a96e80fbc4 <unknown>\nE       #5 0x55a96e7ee46d <unknown>\nE       #6 0x55a96e80d12d <unknown>\nE       #7 0x55a96e7ee1e3 <unknown>\nE       #8 0x55a96e7be135 <unknown>\nE       #9 0x55a96e7bf13e <unknown>\nE       #10 0x55a96ea60e4b <unknown>\nE       #11 0x55a96ea64dfa <unknown>\nE       #12 0x55a96ea4d6d5 <unknown>\nE       #13 0x55a96ea65a6f <unknown>\nE       #14 0x55a96ea3169f <unknown>\nE       #15 0x55a96ea8a098 <unknown>\nE       #16 0x55a96ea8a262 <unknown>\nE       #17 0x55a96ea9bf34 <unknown>\nE       #18 0x7fe8f3702134 <unknown>\n\n/usr/local/lib/python3.11/site-packages/selenium/webdriver/remote/errorhandler.py:245: NoSuchElementException","flaky":false,"newFailed":false,"newBroken":false,"newPassed":false,"retriesCount":0,"retriesStatusChange":false,"beforeStages":[{"name":"_session_faker","time":{"start":1707613498324,"stop":1707613498393,"duration":69},"status":"passed","steps":[],"attachments":[],"parameters":[],"shouldDisplayMessage":false,"stepsCount":0,"attachmentsCount":0,"hasContent":false,"attachmentStep":false},{"name":"clear_allure_results_folder","time":{"start":1707613498393,"stop":1707613498393,"duration":0},"status":"passed","steps":[],"attachments":[],"parameters":[],"shouldDisplayMessage":false,"stepsCount":0,"attachmentsCount":0,"hasContent":false,"attachmentStep":false},{"name":"driver","time":{"start":1707613920307,"stop":1707613921041,"duration":734},"status":"passed","steps":[],"attachments":[],"parameters":[],"shouldDisplayMessage":false,"stepsCount":0,"attachmentsCount":0,"hasContent":false,"attachmentStep":false},{"name":"setup","time":{"start":1707613921041,"stop":1707613921041,"duration":0},"status":"passed","steps":[],"attachments":[],"parameters":[],"shouldDisplayMessage":false,"stepsCount":0,"attachmentsCount":0,"hasContent":false,"attachmentStep":false}],"testStage":{"status":"broken","statusMessage":"selenium.common.exceptions.NoSuchElementException: Message: no such element: Unable to locate element: {\"method\":\"xpath\",\"selector\":\"(//a[@class='add-to-cart yellow-btn'])[1]\"}\n  (Session info: chrome-headless-shell=121.0.6167.85); For documentation on this error, please visit: https://www.selenium.dev/documentation/webdriver/troubleshooting/errors#no-such-element-exception\nStacktrace:\n#0 0x55a96ea9cd93 <unknown>\n#1 0x55a96e780337 <unknown>\n#2 0x55a96e7cbd60 <unknown>\n#3 0x55a96e7cbe51 <unknown>\n#4 0x55a96e80fbc4 <unknown>\n#5 0x55a96e7ee46d <unknown>\n#6 0x55a96e80d12d <unknown>\n#7 0x55a96e7ee1e3 <unknown>\n#8 0x55a96e7be135 <unknown>\n#9 0x55a96e7bf13e <unknown>\n#10 0x55a96ea60e4b <unknown>\n#11 0x55a96ea64dfa <unknown>\n#12 0x55a96ea4d6d5 <unknown>\n#13 0x55a96ea65a6f <unknown>\n#14 0x55a96ea3169f <unknown>\n#15 0x55a96ea8a098 <unknown>\n#16 0x55a96ea8a262 <unknown>\n#17 0x55a96ea9bf34 <unknown>\n#18 0x7fe8f3702134 <unknown>","statusTrace":"self = <tests.delivery.test_delivery_calculation.TestDeliveryPageCalculation object at 0x7f7bc6b36150>\ndriver = <selenium.webdriver.chrome.webdriver.WebDriver (session=\"2a2146aac63b04789167204bff0a4856\")>\nurl = 'https://sandboxtest.stroyrem-nn.ru/', case_id = 'TD 012'\nlink_item = 'products/shtukaturka-gipsovaya-aksolit-m50-30-kg-mashinnogo-naneseniya'\namount = 333, weight = 10000, standard = 4450, in_time = 11990, all_time = 12500\n\n    @pytest.mark.parametrize('case_id, link_item, amount, weight, standard, in_time, all_time', [\n        (\"TD 001\", uroven_3000, 1, 30, 0, 1590, 2190),\n        (\"TD 002\", bundeks_25, 1, 30, 400, 1590, 2190),\n        (\"TD 003\", aksolit_30, 8, 300, 400, 1590, 2190),\n        (\"TD 004\", aksolit_30, 13, 400, 450, 1590, 2190),\n        (\"TD 005\", aksolit_30, 16, 500, 600, 1590, 2190),\n        (\"TD 006\", aksolit_30, 25, 1700, 990, 1990, 2480),\n        (\"TD 007\", aksolit_30, 66, 2000, 1300, 2490, 2980),\n        (\"TD 008\", aksolit_30, 149, 4500, 2300, 3980, 4490),\n        (\"TD 009\", aksolit_30, 166, 5000, 2500, 4990, 5480),\n        pytest.param(\n            \"TD 010\", aksolit_30, 206, 6200, 2900, 5570, 6120,\n            marks=pytest.mark.xfail(reson=\"Цена доставки 3600 7960 8980\")\n        ),\n        (\"TD 011\", aksolit_30, 299, 9000, 3600, 7960, 8980),\n        (\"TD 012\", aksolit_30, 333, 10000, 4450, 11990, 12500),\n        pytest.param(\n            \"TD 013\", aksolit_30, 366, 11000, 4800, 12450, 13480,\n            marks=pytest.mark.xfail(reason=\"Цена стандартной доставки 4450\")\n        ),\n        pytest.param(\n            \"TD 014\", aksolit_30, 666, 20000, 5400, 15600, 17490,\n            marks=pytest.mark.xfail(reason=\"Цена стандартной доставки 4450\")\n        )\n    ])\n    @pytest.mark.smoke\n    def test_positive_delivery_green_zone_smoke(\n            self, driver, url, case_id, link_item, amount, weight, standard, in_time, all_time\n    ):\n    \n        driver.get(f'{url}{link_item}')\n        item_page = ItemPage(driver)\n>       item_page.add_item_to_cart(amount).click_on_cart()\n\ntests/delivery/test_delivery_calculation.py:49: \n_ _ _ _ _ _ _ _ _ _ _ _ _ _ _ _ _ _ _ _ _ _ _ _ _ _ _ _ _ _ _ _ _ _ _ _ _ _ _ _ \npages/item_page.py:40: in add_item_to_cart\n    self.find_element(self._add_item).click()\nbase/seleniumbase.py:17: in find_element\n    return self.driver.find_element(*locator)\n/usr/local/lib/python3.11/site-packages/selenium/webdriver/remote/webdriver.py:740: in find_element\n    return self.execute(Command.FIND_ELEMENT, {\"using\": by, \"value\": value})[\"value\"]\n/usr/local/lib/python3.11/site-packages/selenium/webdriver/remote/webdriver.py:346: in execute\n    self.error_handler.check_response(response)\n_ _ _ _ _ _ _ _ _ _ _ _ _ _ _ _ _ _ _ _ _ _ _ _ _ _ _ _ _ _ _ _ _ _ _ _ _ _ _ _ \n\nself = <selenium.webdriver.remote.errorhandler.ErrorHandler object at 0x7f7bc690da10>\nresponse = {'status': 404, 'value': '{\"value\":{\"error\":\"no such element\",\"message\":\"no such element: Unable to locate element: {\\...\\\\n#16 0x55a96ea8a262 \\\\u003Cunknown>\\\\n#17 0x55a96ea9bf34 \\\\u003Cunknown>\\\\n#18 0x7fe8f3702134 \\\\u003Cunknown>\\\\n\"}}'}\n\n    def check_response(self, response: Dict[str, Any]) -> None:\n        \"\"\"Checks that a JSON response from the WebDriver does not have an\n        error.\n    \n        :Args:\n         - response - The JSON response from the WebDriver server as a dictionary\n           object.\n    \n        :Raises: If the response contains an error message.\n        \"\"\"\n        status = response.get(\"status\", None)\n        if not status or status == ErrorCode.SUCCESS:\n            return\n        value = None\n        message = response.get(\"message\", \"\")\n        screen: str = response.get(\"screen\", \"\")\n        stacktrace = None\n        if isinstance(status, int):\n            value_json = response.get(\"value\", None)\n            if value_json and isinstance(value_json, str):\n                import json\n    \n                try:\n                    value = json.loads(value_json)\n                    if len(value) == 1:\n                        value = value[\"value\"]\n                    status = value.get(\"error\", None)\n                    if not status:\n                        status = value.get(\"status\", ErrorCode.UNKNOWN_ERROR)\n                        message = value.get(\"value\") or value.get(\"message\")\n                        if not isinstance(message, str):\n                            value = message\n                            message = message.get(\"message\")\n                    else:\n                        message = value.get(\"message\", None)\n                except ValueError:\n                    pass\n    \n        exception_class: Type[WebDriverException]\n        if status in ErrorCode.NO_SUCH_ELEMENT:\n            exception_class = NoSuchElementException\n        elif status in ErrorCode.NO_SUCH_FRAME:\n            exception_class = NoSuchFrameException\n        elif status in ErrorCode.NO_SUCH_SHADOW_ROOT:\n            exception_class = NoSuchShadowRootException\n        elif status in ErrorCode.NO_SUCH_WINDOW:\n            exception_class = NoSuchWindowException\n        elif status in ErrorCode.STALE_ELEMENT_REFERENCE:\n            exception_class = StaleElementReferenceException\n        elif status in ErrorCode.ELEMENT_NOT_VISIBLE:\n            exception_class = ElementNotVisibleException\n        elif status in ErrorCode.INVALID_ELEMENT_STATE:\n            exception_class = InvalidElementStateException\n        elif (\n            status in ErrorCode.INVALID_SELECTOR\n            or status in ErrorCode.INVALID_XPATH_SELECTOR\n            or status in ErrorCode.INVALID_XPATH_SELECTOR_RETURN_TYPER\n        ):\n            exception_class = InvalidSelectorException\n        elif status in ErrorCode.ELEMENT_IS_NOT_SELECTABLE:\n            exception_class = ElementNotSelectableException\n        elif status in ErrorCode.ELEMENT_NOT_INTERACTABLE:\n            exception_class = ElementNotInteractableException\n        elif status in ErrorCode.INVALID_COOKIE_DOMAIN:\n            exception_class = InvalidCookieDomainException\n        elif status in ErrorCode.UNABLE_TO_SET_COOKIE:\n            exception_class = UnableToSetCookieException\n        elif status in ErrorCode.TIMEOUT:\n            exception_class = TimeoutException\n        elif status in ErrorCode.SCRIPT_TIMEOUT:\n            exception_class = TimeoutException\n        elif status in ErrorCode.UNKNOWN_ERROR:\n            exception_class = WebDriverException\n        elif status in ErrorCode.UNEXPECTED_ALERT_OPEN:\n            exception_class = UnexpectedAlertPresentException\n        elif status in ErrorCode.NO_ALERT_OPEN:\n            exception_class = NoAlertPresentException\n        elif status in ErrorCode.IME_NOT_AVAILABLE:\n            exception_class = ImeNotAvailableException\n        elif status in ErrorCode.IME_ENGINE_ACTIVATION_FAILED:\n            exception_class = ImeActivationFailedException\n        elif status in ErrorCode.MOVE_TARGET_OUT_OF_BOUNDS:\n            exception_class = MoveTargetOutOfBoundsException\n        elif status in ErrorCode.JAVASCRIPT_ERROR:\n            exception_class = JavascriptException\n        elif status in ErrorCode.SESSION_NOT_CREATED:\n            exception_class = SessionNotCreatedException\n        elif status in ErrorCode.INVALID_ARGUMENT:\n            exception_class = InvalidArgumentException\n        elif status in ErrorCode.NO_SUCH_COOKIE:\n            exception_class = NoSuchCookieException\n        elif status in ErrorCode.UNABLE_TO_CAPTURE_SCREEN:\n            exception_class = ScreenshotException\n        elif status in ErrorCode.ELEMENT_CLICK_INTERCEPTED:\n            exception_class = ElementClickInterceptedException\n        elif status in ErrorCode.INSECURE_CERTIFICATE:\n            exception_class = InsecureCertificateException\n        elif status in ErrorCode.INVALID_COORDINATES:\n            exception_class = InvalidCoordinatesException\n        elif status in ErrorCode.INVALID_SESSION_ID:\n            exception_class = InvalidSessionIdException\n        elif status in ErrorCode.UNKNOWN_METHOD:\n            exception_class = UnknownMethodException\n        else:\n            exception_class = WebDriverException\n        if not value:\n            value = response[\"value\"]\n        if isinstance(value, str):\n            raise exception_class(value)\n        if message == \"\" and \"message\" in value:\n            message = value[\"message\"]\n    \n        screen = None  # type: ignore[assignment]\n        if \"screen\" in value:\n            screen = value[\"screen\"]\n    \n        stacktrace = None\n        st_value = value.get(\"stackTrace\") or value.get(\"stacktrace\")\n        if st_value:\n            if isinstance(st_value, str):\n                stacktrace = st_value.split(\"\\n\")\n            else:\n                stacktrace = []\n                try:\n                    for frame in st_value:\n                        line = frame.get(\"lineNumber\", \"\")\n                        file = frame.get(\"fileName\", \"<anonymous>\")\n                        if line:\n                            file = f\"{file}:{line}\"\n                        meth = frame.get(\"methodName\", \"<anonymous>\")\n                        if \"className\" in frame:\n                            meth = f\"{frame['className']}.{meth}\"\n                        msg = \"    at %s (%s)\"\n                        msg = msg % (meth, file)\n                        stacktrace.append(msg)\n                except TypeError:\n                    pass\n        if exception_class == UnexpectedAlertPresentException:\n            alert_text = None\n            if \"data\" in value:\n                alert_text = value[\"data\"].get(\"text\")\n            elif \"alert\" in value:\n                alert_text = value[\"alert\"].get(\"text\")\n            raise exception_class(message, screen, stacktrace, alert_text)  # type: ignore[call-arg]  # mypy is not smart enough here\n>       raise exception_class(message, screen, stacktrace)\nE       selenium.common.exceptions.NoSuchElementException: Message: no such element: Unable to locate element: {\"method\":\"xpath\",\"selector\":\"(//a[@class='add-to-cart yellow-btn'])[1]\"}\nE         (Session info: chrome-headless-shell=121.0.6167.85); For documentation on this error, please visit: https://www.selenium.dev/documentation/webdriver/troubleshooting/errors#no-such-element-exception\nE       Stacktrace:\nE       #0 0x55a96ea9cd93 <unknown>\nE       #1 0x55a96e780337 <unknown>\nE       #2 0x55a96e7cbd60 <unknown>\nE       #3 0x55a96e7cbe51 <unknown>\nE       #4 0x55a96e80fbc4 <unknown>\nE       #5 0x55a96e7ee46d <unknown>\nE       #6 0x55a96e80d12d <unknown>\nE       #7 0x55a96e7ee1e3 <unknown>\nE       #8 0x55a96e7be135 <unknown>\nE       #9 0x55a96e7bf13e <unknown>\nE       #10 0x55a96ea60e4b <unknown>\nE       #11 0x55a96ea64dfa <unknown>\nE       #12 0x55a96ea4d6d5 <unknown>\nE       #13 0x55a96ea65a6f <unknown>\nE       #14 0x55a96ea3169f <unknown>\nE       #15 0x55a96ea8a098 <unknown>\nE       #16 0x55a96ea8a262 <unknown>\nE       #17 0x55a96ea9bf34 <unknown>\nE       #18 0x7fe8f3702134 <unknown>\n\n/usr/local/lib/python3.11/site-packages/selenium/webdriver/remote/errorhandler.py:245: NoSuchElementException","steps":[{"name":"Добавляем товар в корзину в количестве 333","time":{"start":1707613921472,"stop":1707613921484,"duration":12},"status":"broken","statusMessage":"selenium.common.exceptions.NoSuchElementException: Message: no such element: Unable to locate element: {\"method\":\"xpath\",\"selector\":\"(//a[@class='add-to-cart yellow-btn'])[1]\"}\n  (Session info: chrome-headless-shell=121.0.6167.85); For documentation on this error, please visit: https://www.selenium.dev/documentation/webdriver/troubleshooting/errors#no-such-element-exception\nStacktrace:\n#0 0x55a96ea9cd93 <unknown>\n#1 0x55a96e780337 <unknown>\n#2 0x55a96e7cbd60 <unknown>\n#3 0x55a96e7cbe51 <unknown>\n#4 0x55a96e80fbc4 <unknown>\n#5 0x55a96e7ee46d <unknown>\n#6 0x55a96e80d12d <unknown>\n#7 0x55a96e7ee1e3 <unknown>\n#8 0x55a96e7be135 <unknown>\n#9 0x55a96e7bf13e <unknown>\n#10 0x55a96ea60e4b <unknown>\n#11 0x55a96ea64dfa <unknown>\n#12 0x55a96ea4d6d5 <unknown>\n#13 0x55a96ea65a6f <unknown>\n#14 0x55a96ea3169f <unknown>\n#15 0x55a96ea8a098 <unknown>\n#16 0x55a96ea8a262 <unknown>\n#17 0x55a96ea9bf34 <unknown>\n#18 0x7fe8f3702134 <unknown>\n\n","statusTrace":"  File \"/usr/local/lib/python3.11/site-packages/allure_commons/_allure.py\", line 192, in impl\n    return func(*a, **kw)\n           ^^^^^^^^^^^^^^\n  File \"/app/pages/item_page.py\", line 40, in add_item_to_cart\n    self.find_element(self._add_item).click()\n    ^^^^^^^^^^^^^^^^^^^^^^^^^^^^^^^^^\n  File \"/app/base/seleniumbase.py\", line 17, in find_element\n    return self.driver.find_element(*locator)\n           ^^^^^^^^^^^^^^^^^^^^^^^^^^^^^^^^^^\n  File \"/usr/local/lib/python3.11/site-packages/selenium/webdriver/remote/webdriver.py\", line 740, in find_element\n    return self.execute(Command.FIND_ELEMENT, {\"using\": by, \"value\": value})[\"value\"]\n           ^^^^^^^^^^^^^^^^^^^^^^^^^^^^^^^^^^^^^^^^^^^^^^^^^^^^^^^^^^^^^^^^^\n  File \"/usr/local/lib/python3.11/site-packages/selenium/webdriver/remote/webdriver.py\", line 346, in execute\n    self.error_handler.check_response(response)\n  File \"/usr/local/lib/python3.11/site-packages/selenium/webdriver/remote/errorhandler.py\", line 245, in check_response\n    raise exception_class(message, screen, stacktrace)\n","steps":[],"attachments":[],"parameters":[{"name":"amount","value":"333"}],"shouldDisplayMessage":true,"stepsCount":0,"attachmentsCount":0,"hasContent":true,"attachmentStep":false}],"attachments":[{"uid":"558bc53acff599c5","name":"Screenshot","source":"558bc53acff599c5.png","type":"image/png","size":5862},{"uid":"cb7c0ed943866d98","name":"HTML source","source":"cb7c0ed943866d98.html","type":"text/html","size":39}],"parameters":[],"shouldDisplayMessage":true,"stepsCount":1,"attachmentsCount":2,"hasContent":true,"attachmentStep":false},"afterStages":[{"name":"setup::0","time":{"start":1707613921612,"stop":1707613921612,"duration":0},"status":"passed","steps":[],"attachments":[],"parameters":[],"shouldDisplayMessage":false,"stepsCount":0,"attachmentsCount":0,"hasContent":false,"attachmentStep":false},{"name":"driver::0","time":{"start":1707613921612,"stop":1707613921669,"duration":57},"status":"passed","steps":[],"attachments":[],"parameters":[],"shouldDisplayMessage":false,"stepsCount":0,"attachmentsCount":0,"hasContent":false,"attachmentStep":false}],"labels":[{"name":"epic","value":"Delivery Page - calculation"},{"name":"tag","value":"smoke"},{"name":"parentSuite","value":"tests.delivery"},{"name":"suite","value":"test_delivery_calculation"},{"name":"subSuite","value":"TestDeliveryPageCalculation"},{"name":"host","value":"58347c8a525d"},{"name":"thread","value":"1-MainThread"},{"name":"framework","value":"pytest"},{"name":"language","value":"cpython3"},{"name":"package","value":"tests.delivery.test_delivery_calculation"},{"name":"resultFormat","value":"allure2"}],"parameters":[{"name":"all_time","value":"12500"},{"name":"amount","value":"333"},{"name":"case_id","value":"'TD 012'"},{"name":"in_time","value":"11990"},{"name":"link_item","value":"'products/shtukaturka-gipsovaya-aksolit-m50-30-kg-mashinnogo-naneseniya'"},{"name":"standard","value":"4450"},{"name":"url","value":"'https://sandboxtest.stroyrem-nn.ru/'"},{"name":"weight","value":"10000"}],"links":[],"hidden":false,"retry":false,"extra":{"severity":"normal","retries":[],"categories":[{"name":"Test defects","matchedStatuses":[],"flaky":false}],"history":{"statistic":{"failed":0,"broken":165,"skipped":0,"passed":0,"unknown":0,"total":165},"items":[{"uid":"2dc7d0c6d79959c4","reportUrl":"https://zaelcovsky.github.io/StroyremAutomation/228//#testresult/2dc7d0c6d79959c4","status":"broken","statusDetails":"selenium.common.exceptions.NoSuchElementException: Message: no such element: Unable to locate element: {\"method\":\"xpath\",\"selector\":\"(//a[@class='add-to-cart yellow-btn'])[1]\"}\n  (Session info: chrome-headless-shell=121.0.6167.85); For documentation on this error, please visit: https://www.selenium.dev/documentation/webdriver/troubleshooting/errors#no-such-element-exception\nStacktrace:\n#0 0x55567029bd93 <unknown>\n#1 0x55566ff7f337 <unknown>\n#2 0x55566ffcad60 <unknown>\n#3 0x55566ffcae51 <unknown>\n#4 0x55567000ebc4 <unknown>\n#5 0x55566ffed46d <unknown>\n#6 0x55567000c12d <unknown>\n#7 0x55566ffed1e3 <unknown>\n#8 0x55566ffbd135 <unknown>\n#9 0x55566ffbe13e <unknown>\n#10 0x55567025fe4b <unknown>\n#11 0x555670263dfa <unknown>\n#12 0x55567024c6d5 <unknown>\n#13 0x555670264a6f <unknown>\n#14 0x55567023069f <unknown>\n#15 0x555670289098 <unknown>\n#16 0x555670289262 <unknown>\n#17 0x55567029af34 <unknown>\n#18 0x7f80358d2134 <unknown>","time":{"start":1707527130692,"stop":1707527130998,"duration":306}},{"uid":"ee91bbab3025060d","reportUrl":"https://zaelcovsky.github.io/StroyremAutomation/227//#testresult/ee91bbab3025060d","status":"broken","statusDetails":"selenium.common.exceptions.NoSuchElementException: Message: no such element: Unable to locate element: {\"method\":\"xpath\",\"selector\":\"(//a[@class='add-to-cart yellow-btn'])[1]\"}\n  (Session info: chrome-headless-shell=121.0.6167.85); For documentation on this error, please visit: https://www.selenium.dev/documentation/webdriver/troubleshooting/errors#no-such-element-exception\nStacktrace:\n#0 0x5633dc03ed93 <unknown>\n#1 0x5633dbd22337 <unknown>\n#2 0x5633dbd6dd60 <unknown>\n#3 0x5633dbd6de51 <unknown>\n#4 0x5633dbdb1bc4 <unknown>\n#5 0x5633dbd9046d <unknown>\n#6 0x5633dbdaf12d <unknown>\n#7 0x5633dbd901e3 <unknown>\n#8 0x5633dbd60135 <unknown>\n#9 0x5633dbd6113e <unknown>\n#10 0x5633dc002e4b <unknown>\n#11 0x5633dc006dfa <unknown>\n#12 0x5633dbfef6d5 <unknown>\n#13 0x5633dc007a6f <unknown>\n#14 0x5633dbfd369f <unknown>\n#15 0x5633dc02c098 <unknown>\n#16 0x5633dc02c262 <unknown>\n#17 0x5633dc03df34 <unknown>\n#18 0x7f064a30b134 <unknown>","time":{"start":1707440820156,"stop":1707440820574,"duration":418}},{"uid":"35be6636b7d0ff2d","reportUrl":"https://zaelcovsky.github.io/StroyremAutomation/226//#testresult/35be6636b7d0ff2d","status":"broken","statusDetails":"selenium.common.exceptions.NoSuchElementException: Message: no such element: Unable to locate element: {\"method\":\"xpath\",\"selector\":\"(//a[@class='add-to-cart yellow-btn'])[1]\"}\n  (Session info: chrome-headless-shell=121.0.6167.85); For documentation on this error, please visit: https://www.selenium.dev/documentation/webdriver/troubleshooting/errors#no-such-element-exception\nStacktrace:\n#0 0x564d036fcd93 <unknown>\n#1 0x564d033e0337 <unknown>\n#2 0x564d0342bd60 <unknown>\n#3 0x564d0342be51 <unknown>\n#4 0x564d0346fbc4 <unknown>\n#5 0x564d0344e46d <unknown>\n#6 0x564d0346d12d <unknown>\n#7 0x564d0344e1e3 <unknown>\n#8 0x564d0341e135 <unknown>\n#9 0x564d0341f13e <unknown>\n#10 0x564d036c0e4b <unknown>\n#11 0x564d036c4dfa <unknown>\n#12 0x564d036ad6d5 <unknown>\n#13 0x564d036c5a6f <unknown>\n#14 0x564d0369169f <unknown>\n#15 0x564d036ea098 <unknown>\n#16 0x564d036ea262 <unknown>\n#17 0x564d036fbf34 <unknown>\n#18 0x7f8bda67c134 <unknown>","time":{"start":1707354408180,"stop":1707354408618,"duration":438}},{"uid":"b330d7647b6db85e","reportUrl":"https://zaelcovsky.github.io/StroyremAutomation/225//#testresult/b330d7647b6db85e","status":"broken","statusDetails":"selenium.common.exceptions.NoSuchElementException: Message: no such element: Unable to locate element: {\"method\":\"xpath\",\"selector\":\"(//a[@class='add-to-cart yellow-btn'])[1]\"}\n  (Session info: chrome-headless-shell=121.0.6167.85); For documentation on this error, please visit: https://www.selenium.dev/documentation/webdriver/troubleshooting/errors#no-such-element-exception\nStacktrace:\n#0 0x5622de545d93 <unknown>\n#1 0x5622de229337 <unknown>\n#2 0x5622de274d60 <unknown>\n#3 0x5622de274e51 <unknown>\n#4 0x5622de2b8bc4 <unknown>\n#5 0x5622de29746d <unknown>\n#6 0x5622de2b612d <unknown>\n#7 0x5622de2971e3 <unknown>\n#8 0x5622de267135 <unknown>\n#9 0x5622de26813e <unknown>\n#10 0x5622de509e4b <unknown>\n#11 0x5622de50ddfa <unknown>\n#12 0x5622de4f66d5 <unknown>\n#13 0x5622de50ea6f <unknown>\n#14 0x5622de4da69f <unknown>\n#15 0x5622de533098 <unknown>\n#16 0x5622de533262 <unknown>\n#17 0x5622de544f34 <unknown>\n#18 0x7fd5cbc1b134 <unknown>","time":{"start":1707267954181,"stop":1707267954725,"duration":544}},{"uid":"5d8cc41e651b0e77","reportUrl":"https://zaelcovsky.github.io/StroyremAutomation/224//#testresult/5d8cc41e651b0e77","status":"broken","statusDetails":"selenium.common.exceptions.NoSuchElementException: Message: no such element: Unable to locate element: {\"method\":\"xpath\",\"selector\":\"(//a[@class='add-to-cart yellow-btn'])[1]\"}\n  (Session info: chrome-headless-shell=121.0.6167.85); For documentation on this error, please visit: https://www.selenium.dev/documentation/webdriver/troubleshooting/errors#no-such-element-exception\nStacktrace:\n#0 0x55dc9cdf4d93 <unknown>\n#1 0x55dc9cad8337 <unknown>\n#2 0x55dc9cb23d60 <unknown>\n#3 0x55dc9cb23e51 <unknown>\n#4 0x55dc9cb67bc4 <unknown>\n#5 0x55dc9cb4646d <unknown>\n#6 0x55dc9cb6512d <unknown>\n#7 0x55dc9cb461e3 <unknown>\n#8 0x55dc9cb16135 <unknown>\n#9 0x55dc9cb1713e <unknown>\n#10 0x55dc9cdb8e4b <unknown>\n#11 0x55dc9cdbcdfa <unknown>\n#12 0x55dc9cda56d5 <unknown>\n#13 0x55dc9cdbda6f <unknown>\n#14 0x55dc9cd8969f <unknown>\n#15 0x55dc9cde2098 <unknown>\n#16 0x55dc9cde2262 <unknown>\n#17 0x55dc9cdf3f34 <unknown>\n#18 0x7f781b409134 <unknown>","time":{"start":1707181657624,"stop":1707181658028,"duration":404}},{"uid":"b9c00e18e0374eac","reportUrl":"https://zaelcovsky.github.io/StroyremAutomation/223//#testresult/b9c00e18e0374eac","status":"broken","statusDetails":"selenium.common.exceptions.NoSuchElementException: Message: no such element: Unable to locate element: {\"method\":\"xpath\",\"selector\":\"(//a[@class='add-to-cart yellow-btn'])[1]\"}\n  (Session info: chrome-headless-shell=121.0.6167.85); For documentation on this error, please visit: https://www.selenium.dev/documentation/webdriver/troubleshooting/errors#no-such-element-exception\nStacktrace:\n#0 0x558fa2fffd93 <unknown>\n#1 0x558fa2ce3337 <unknown>\n#2 0x558fa2d2ed60 <unknown>\n#3 0x558fa2d2ee51 <unknown>\n#4 0x558fa2d72bc4 <unknown>\n#5 0x558fa2d5146d <unknown>\n#6 0x558fa2d7012d <unknown>\n#7 0x558fa2d511e3 <unknown>\n#8 0x558fa2d21135 <unknown>\n#9 0x558fa2d2213e <unknown>\n#10 0x558fa2fc3e4b <unknown>\n#11 0x558fa2fc7dfa <unknown>\n#12 0x558fa2fb06d5 <unknown>\n#13 0x558fa2fc8a6f <unknown>\n#14 0x558fa2f9469f <unknown>\n#15 0x558fa2fed098 <unknown>\n#16 0x558fa2fed262 <unknown>\n#17 0x558fa2ffef34 <unknown>\n#18 0x7f64c448e134 <unknown>","time":{"start":1707095384514,"stop":1707095384934,"duration":420}},{"uid":"c9d397cf4c89d720","reportUrl":"https://zaelcovsky.github.io/StroyremAutomation/222//#testresult/c9d397cf4c89d720","status":"broken","statusDetails":"selenium.common.exceptions.NoSuchElementException: Message: no such element: Unable to locate element: {\"method\":\"xpath\",\"selector\":\"(//a[@class='add-to-cart yellow-btn'])[1]\"}\n  (Session info: chrome-headless-shell=121.0.6167.85); For documentation on this error, please visit: https://www.selenium.dev/documentation/webdriver/troubleshooting/errors#no-such-element-exception\nStacktrace:\n#0 0x559aef1add93 <unknown>\n#1 0x559aeee91337 <unknown>\n#2 0x559aeeedcd60 <unknown>\n#3 0x559aeeedce51 <unknown>\n#4 0x559aeef20bc4 <unknown>\n#5 0x559aeeeff46d <unknown>\n#6 0x559aeef1e12d <unknown>\n#7 0x559aeeeff1e3 <unknown>\n#8 0x559aeeecf135 <unknown>\n#9 0x559aeeed013e <unknown>\n#10 0x559aef171e4b <unknown>\n#11 0x559aef175dfa <unknown>\n#12 0x559aef15e6d5 <unknown>\n#13 0x559aef176a6f <unknown>\n#14 0x559aef14269f <unknown>\n#15 0x559aef19b098 <unknown>\n#16 0x559aef19b262 <unknown>\n#17 0x559aef1acf34 <unknown>\n#18 0x7fe775f1a134 <unknown>","time":{"start":1707009137263,"stop":1707009137583,"duration":320}},{"uid":"6c10c734060294f8","reportUrl":"https://zaelcovsky.github.io/StroyremAutomation/221//#testresult/6c10c734060294f8","status":"broken","statusDetails":"selenium.common.exceptions.NoSuchElementException: Message: no such element: Unable to locate element: {\"method\":\"xpath\",\"selector\":\"(//a[@class='add-to-cart yellow-btn'])[1]\"}\n  (Session info: chrome-headless-shell=121.0.6167.85); For documentation on this error, please visit: https://www.selenium.dev/documentation/webdriver/troubleshooting/errors#no-such-element-exception\nStacktrace:\n#0 0x56179f843d93 <unknown>\n#1 0x56179f527337 <unknown>\n#2 0x56179f572d60 <unknown>\n#3 0x56179f572e51 <unknown>\n#4 0x56179f5b6bc4 <unknown>\n#5 0x56179f59546d <unknown>\n#6 0x56179f5b412d <unknown>\n#7 0x56179f5951e3 <unknown>\n#8 0x56179f565135 <unknown>\n#9 0x56179f56613e <unknown>\n#10 0x56179f807e4b <unknown>\n#11 0x56179f80bdfa <unknown>\n#12 0x56179f7f46d5 <unknown>\n#13 0x56179f80ca6f <unknown>\n#14 0x56179f7d869f <unknown>\n#15 0x56179f831098 <unknown>\n#16 0x56179f831262 <unknown>\n#17 0x56179f842f34 <unknown>\n#18 0x7ffa96fba134 <unknown>","time":{"start":1706922418732,"stop":1706922419167,"duration":435}},{"uid":"4b106b7784cac136","reportUrl":"https://zaelcovsky.github.io/StroyremAutomation/220//#testresult/4b106b7784cac136","status":"broken","statusDetails":"selenium.common.exceptions.NoSuchElementException: Message: no such element: Unable to locate element: {\"method\":\"xpath\",\"selector\":\"(//a[@class='add-to-cart yellow-btn'])[1]\"}\n  (Session info: chrome-headless-shell=121.0.6167.85); For documentation on this error, please visit: https://www.selenium.dev/documentation/webdriver/troubleshooting/errors#no-such-element-exception\nStacktrace:\n#0 0x5650b85f5d93 <unknown>\n#1 0x5650b82d9337 <unknown>\n#2 0x5650b8324d60 <unknown>\n#3 0x5650b8324e51 <unknown>\n#4 0x5650b8368bc4 <unknown>\n#5 0x5650b834746d <unknown>\n#6 0x5650b836612d <unknown>\n#7 0x5650b83471e3 <unknown>\n#8 0x5650b8317135 <unknown>\n#9 0x5650b831813e <unknown>\n#10 0x5650b85b9e4b <unknown>\n#11 0x5650b85bddfa <unknown>\n#12 0x5650b85a66d5 <unknown>\n#13 0x5650b85bea6f <unknown>\n#14 0x5650b858a69f <unknown>\n#15 0x5650b85e3098 <unknown>\n#16 0x5650b85e3262 <unknown>\n#17 0x5650b85f4f34 <unknown>\n#18 0x7fdc733d5134 <unknown>","time":{"start":1706836086370,"stop":1706836086701,"duration":331}},{"uid":"f3f2d427bac9db98","reportUrl":"https://zaelcovsky.github.io/StroyremAutomation/219//#testresult/f3f2d427bac9db98","status":"broken","statusDetails":"selenium.common.exceptions.NoSuchElementException: Message: no such element: Unable to locate element: {\"method\":\"xpath\",\"selector\":\"(//a[@class='add-to-cart yellow-btn'])[1]\"}\n  (Session info: chrome-headless-shell=121.0.6167.85); For documentation on this error, please visit: https://www.selenium.dev/documentation/webdriver/troubleshooting/errors#no-such-element-exception\nStacktrace:\n#0 0x560cf1152d93 <unknown>\n#1 0x560cf0e36337 <unknown>\n#2 0x560cf0e81d60 <unknown>\n#3 0x560cf0e81e51 <unknown>\n#4 0x560cf0ec5bc4 <unknown>\n#5 0x560cf0ea446d <unknown>\n#6 0x560cf0ec312d <unknown>\n#7 0x560cf0ea41e3 <unknown>\n#8 0x560cf0e74135 <unknown>\n#9 0x560cf0e7513e <unknown>\n#10 0x560cf1116e4b <unknown>\n#11 0x560cf111adfa <unknown>\n#12 0x560cf11036d5 <unknown>\n#13 0x560cf111ba6f <unknown>\n#14 0x560cf10e769f <unknown>\n#15 0x560cf1140098 <unknown>\n#16 0x560cf1140262 <unknown>\n#17 0x560cf1151f34 <unknown>\n#18 0x7fdf0fed7044 <unknown>","time":{"start":1706749981499,"stop":1706749981955,"duration":456}},{"uid":"3ebe1f95e2caf362","reportUrl":"https://zaelcovsky.github.io/StroyremAutomation/218//#testresult/3ebe1f95e2caf362","status":"broken","statusDetails":"selenium.common.exceptions.NoSuchElementException: Message: no such element: Unable to locate element: {\"method\":\"xpath\",\"selector\":\"(//a[@class='add-to-cart yellow-btn'])[1]\"}\n  (Session info: chrome-headless-shell=121.0.6167.85); For documentation on this error, please visit: https://www.selenium.dev/documentation/webdriver/troubleshooting/errors#no-such-element-exception\nStacktrace:\n#0 0x5556adc0ad93 <unknown>\n#1 0x5556ad8ee337 <unknown>\n#2 0x5556ad939d60 <unknown>\n#3 0x5556ad939e51 <unknown>\n#4 0x5556ad97dbc4 <unknown>\n#5 0x5556ad95c46d <unknown>\n#6 0x5556ad97b12d <unknown>\n#7 0x5556ad95c1e3 <unknown>\n#8 0x5556ad92c135 <unknown>\n#9 0x5556ad92d13e <unknown>\n#10 0x5556adbcee4b <unknown>\n#11 0x5556adbd2dfa <unknown>\n#12 0x5556adbbb6d5 <unknown>\n#13 0x5556adbd3a6f <unknown>\n#14 0x5556adb9f69f <unknown>\n#15 0x5556adbf8098 <unknown>\n#16 0x5556adbf8262 <unknown>\n#17 0x5556adc09f34 <unknown>\n#18 0x7f0dfdca7044 <unknown>","time":{"start":1706663298245,"stop":1706663298547,"duration":302}},{"uid":"691b0b7cb2eceab2","reportUrl":"https://zaelcovsky.github.io/StroyremAutomation/217//#testresult/691b0b7cb2eceab2","status":"broken","statusDetails":"selenium.common.exceptions.NoSuchElementException: Message: no such element: Unable to locate element: {\"method\":\"xpath\",\"selector\":\"(//a[@class='add-to-cart yellow-btn'])[1]\"}\n  (Session info: chrome-headless-shell=121.0.6167.85); For documentation on this error, please visit: https://www.selenium.dev/documentation/webdriver/troubleshooting/errors#no-such-element-exception\nStacktrace:\n#0 0x5643495a8d93 <unknown>\n#1 0x56434928c337 <unknown>\n#2 0x5643492d7d60 <unknown>\n#3 0x5643492d7e51 <unknown>\n#4 0x56434931bbc4 <unknown>\n#5 0x5643492fa46d <unknown>\n#6 0x56434931912d <unknown>\n#7 0x5643492fa1e3 <unknown>\n#8 0x5643492ca135 <unknown>\n#9 0x5643492cb13e <unknown>\n#10 0x56434956ce4b <unknown>\n#11 0x564349570dfa <unknown>\n#12 0x5643495596d5 <unknown>\n#13 0x564349571a6f <unknown>\n#14 0x56434953d69f <unknown>\n#15 0x564349596098 <unknown>\n#16 0x564349596262 <unknown>\n#17 0x5643495a7f34 <unknown>\n#18 0x7efd52e91044 <unknown>","time":{"start":1706576856829,"stop":1706576857127,"duration":298}},{"uid":"ebc2cb46bfc66fd9","reportUrl":"https://zaelcovsky.github.io/StroyremAutomation/216//#testresult/ebc2cb46bfc66fd9","status":"broken","statusDetails":"selenium.common.exceptions.NoSuchElementException: Message: no such element: Unable to locate element: {\"method\":\"xpath\",\"selector\":\"(//a[@class='add-to-cart yellow-btn'])[1]\"}\n  (Session info: chrome-headless-shell=121.0.6167.85); For documentation on this error, please visit: https://www.selenium.dev/documentation/webdriver/troubleshooting/errors#no-such-element-exception\nStacktrace:\n#0 0x558c81b60d93 <unknown>\n#1 0x558c81844337 <unknown>\n#2 0x558c8188fd60 <unknown>\n#3 0x558c8188fe51 <unknown>\n#4 0x558c818d3bc4 <unknown>\n#5 0x558c818b246d <unknown>\n#6 0x558c818d112d <unknown>\n#7 0x558c818b21e3 <unknown>\n#8 0x558c81882135 <unknown>\n#9 0x558c8188313e <unknown>\n#10 0x558c81b24e4b <unknown>\n#11 0x558c81b28dfa <unknown>\n#12 0x558c81b116d5 <unknown>\n#13 0x558c81b29a6f <unknown>\n#14 0x558c81af569f <unknown>\n#15 0x558c81b4e098 <unknown>\n#16 0x558c81b4e262 <unknown>\n#17 0x558c81b5ff34 <unknown>\n#18 0x7fce4c40c044 <unknown>","time":{"start":1706490531343,"stop":1706490531686,"duration":343}},{"uid":"51ee1d7bda8233fb","reportUrl":"https://zaelcovsky.github.io/StroyremAutomation/215//#testresult/51ee1d7bda8233fb","status":"broken","statusDetails":"selenium.common.exceptions.NoSuchElementException: Message: no such element: Unable to locate element: {\"method\":\"xpath\",\"selector\":\"(//a[@class='add-to-cart yellow-btn'])[1]\"}\n  (Session info: chrome-headless-shell=121.0.6167.85); For documentation on this error, please visit: https://www.selenium.dev/documentation/webdriver/troubleshooting/errors#no-such-element-exception\nStacktrace:\n#0 0x55dc8f62fd93 <unknown>\n#1 0x55dc8f313337 <unknown>\n#2 0x55dc8f35ed60 <unknown>\n#3 0x55dc8f35ee51 <unknown>\n#4 0x55dc8f3a2bc4 <unknown>\n#5 0x55dc8f38146d <unknown>\n#6 0x55dc8f3a012d <unknown>\n#7 0x55dc8f3811e3 <unknown>\n#8 0x55dc8f351135 <unknown>\n#9 0x55dc8f35213e <unknown>\n#10 0x55dc8f5f3e4b <unknown>\n#11 0x55dc8f5f7dfa <unknown>\n#12 0x55dc8f5e06d5 <unknown>\n#13 0x55dc8f5f8a6f <unknown>\n#14 0x55dc8f5c469f <unknown>\n#15 0x55dc8f61d098 <unknown>\n#16 0x55dc8f61d262 <unknown>\n#17 0x55dc8f62ef34 <unknown>\n#18 0x7f2b6c0f4044 <unknown>","time":{"start":1706404365807,"stop":1706404366142,"duration":335}},{"uid":"a4b1ef39446a1d88","reportUrl":"https://zaelcovsky.github.io/StroyremAutomation/214//#testresult/a4b1ef39446a1d88","status":"broken","statusDetails":"selenium.common.exceptions.NoSuchElementException: Message: no such element: Unable to locate element: {\"method\":\"xpath\",\"selector\":\"(//a[@class='add-to-cart yellow-btn'])[1]\"}\n  (Session info: chrome-headless-shell=121.0.6167.85); For documentation on this error, please visit: https://www.selenium.dev/documentation/webdriver/troubleshooting/errors#no-such-element-exception\nStacktrace:\n#0 0x56179fc46d93 <unknown>\n#1 0x56179f92a337 <unknown>\n#2 0x56179f975d60 <unknown>\n#3 0x56179f975e51 <unknown>\n#4 0x56179f9b9bc4 <unknown>\n#5 0x56179f99846d <unknown>\n#6 0x56179f9b712d <unknown>\n#7 0x56179f9981e3 <unknown>\n#8 0x56179f968135 <unknown>\n#9 0x56179f96913e <unknown>\n#10 0x56179fc0ae4b <unknown>\n#11 0x56179fc0edfa <unknown>\n#12 0x56179fbf76d5 <unknown>\n#13 0x56179fc0fa6f <unknown>\n#14 0x56179fbdb69f <unknown>\n#15 0x56179fc34098 <unknown>\n#16 0x56179fc34262 <unknown>\n#17 0x56179fc45f34 <unknown>\n#18 0x7f7d96efd044 <unknown>","time":{"start":1706317734499,"stop":1706317734940,"duration":441}},{"uid":"c0aaa60c30e121ed","reportUrl":"https://zaelcovsky.github.io/StroyremAutomation/213//#testresult/c0aaa60c30e121ed","status":"broken","statusDetails":"selenium.common.exceptions.NoSuchElementException: Message: no such element: Unable to locate element: {\"method\":\"xpath\",\"selector\":\"(//a[@class='add-to-cart yellow-btn'])[1]\"}\n  (Session info: chrome-headless-shell=121.0.6167.85); For documentation on this error, please visit: https://www.selenium.dev/documentation/webdriver/troubleshooting/errors#no-such-element-exception\nStacktrace:\n#0 0x55965df4fd93 <unknown>\n#1 0x55965dc33337 <unknown>\n#2 0x55965dc7ed60 <unknown>\n#3 0x55965dc7ee51 <unknown>\n#4 0x55965dcc2bc4 <unknown>\n#5 0x55965dca146d <unknown>\n#6 0x55965dcc012d <unknown>\n#7 0x55965dca11e3 <unknown>\n#8 0x55965dc71135 <unknown>\n#9 0x55965dc7213e <unknown>\n#10 0x55965df13e4b <unknown>\n#11 0x55965df17dfa <unknown>\n#12 0x55965df006d5 <unknown>\n#13 0x55965df18a6f <unknown>\n#14 0x55965dee469f <unknown>\n#15 0x55965df3d098 <unknown>\n#16 0x55965df3d262 <unknown>\n#17 0x55965df4ef34 <unknown>\n#18 0x7f2f38fec044 <unknown>","time":{"start":1706231334196,"stop":1706231334606,"duration":410}},{"uid":"7c2384677e2904ca","reportUrl":"https://zaelcovsky.github.io/StroyremAutomation/212//#testresult/7c2384677e2904ca","status":"broken","statusDetails":"selenium.common.exceptions.WebDriverException: Message: unknown error: net::ERR_CONNECTION_TIMED_OUT\n  (Session info: chrome-headless-shell=121.0.6167.85)\nStacktrace:\n#0 0x558f73a65d93 <unknown>\n#1 0x558f73749337 <unknown>\n#2 0x558f73741193 <unknown>\n#3 0x558f73731161 <unknown>\n#4 0x558f737325cb <unknown>\n#5 0x558f73731414 <unknown>\n#6 0x558f737305e5 <unknown>\n#7 0x558f73730557 <unknown>\n#8 0x558f7372ec1a <unknown>\n#9 0x558f7372f1ca <unknown>\n#10 0x558f7374bb6e <unknown>\n#11 0x558f737d6d45 <unknown>\n#12 0x558f737b7442 <unknown>\n#13 0x558f737d612d <unknown>\n#14 0x558f737b71e3 <unknown>\n#15 0x558f73787135 <unknown>\n#16 0x558f7378813e <unknown>\n#17 0x558f73a29e4b <unknown>\n#18 0x558f73a2ddfa <unknown>\n#19 0x558f73a166d5 <unknown>\n#20 0x558f73a2ea6f <unknown>\n#21 0x558f739fa69f <unknown>\n#22 0x558f73a53098 <unknown>\n#23 0x558f73a53262 <unknown>\n#24 0x558f73a64f34 <unknown>\n#25 0x7f3d873d5044 <unknown>","time":{"start":1706146677966,"stop":1706146808144,"duration":130178}},{"uid":"f0bce95c3e61e983","reportUrl":"https://zaelcovsky.github.io/StroyremAutomation/211//#testresult/f0bce95c3e61e983","status":"broken","statusDetails":"selenium.common.exceptions.WebDriverException: Message: unknown error: net::ERR_CONNECTION_REFUSED\n  (Session info: chrome-headless-shell=121.0.6167.85)\nStacktrace:\n#0 0x555b1e768d93 <unknown>\n#1 0x555b1e44c337 <unknown>\n#2 0x555b1e444193 <unknown>\n#3 0x555b1e434161 <unknown>\n#4 0x555b1e4355cb <unknown>\n#5 0x555b1e434414 <unknown>\n#6 0x555b1e4335e5 <unknown>\n#7 0x555b1e433557 <unknown>\n#8 0x555b1e431c1a <unknown>\n#9 0x555b1e4321ca <unknown>\n#10 0x555b1e44eb6e <unknown>\n#11 0x555b1e4d9d45 <unknown>\n#12 0x555b1e4ba442 <unknown>\n#13 0x555b1e4d912d <unknown>\n#14 0x555b1e4ba1e3 <unknown>\n#15 0x555b1e48a135 <unknown>\n#16 0x555b1e48b13e <unknown>\n#17 0x555b1e72ce4b <unknown>\n#18 0x555b1e730dfa <unknown>\n#19 0x555b1e7196d5 <unknown>\n#20 0x555b1e731a6f <unknown>\n#21 0x555b1e6fd69f <unknown>\n#22 0x555b1e756098 <unknown>\n#23 0x555b1e756262 <unknown>\n#24 0x555b1e767f34 <unknown>\n#25 0x7f6dff2a8044 <unknown>","time":{"start":1706058854120,"stop":1706058854284,"duration":164}},{"uid":"378ad6c96925cc44","reportUrl":"https://zaelcovsky.github.io/StroyremAutomation/210//#testresult/378ad6c96925cc44","status":"broken","statusDetails":"selenium.common.exceptions.WebDriverException: Message: unknown error: net::ERR_CONNECTION_TIMED_OUT\n  (Session info: chrome-headless-shell=120.0.6099.109)\nStacktrace:\n#0 0x560764524f83 <unknown>\n#1 0x5607641ddcf7 <unknown>\n#2 0x5607641d56ea <unknown>\n#3 0x5607641c45a1 <unknown>\n#4 0x5607641c5d40 <unknown>\n#5 0x5607641c4854 <unknown>\n#6 0x5607641c3586 <unknown>\n#7 0x5607641c344a <unknown>\n#8 0x5607641c17e1 <unknown>\n#9 0x5607641c201a <unknown>\n#10 0x5607641e0bbe <unknown>\n#11 0x5607642767a5 <unknown>\n#12 0x5607642570b2 <unknown>\n#13 0x560764276006 <unknown>\n#14 0x560764256e53 <unknown>\n#15 0x56076421edd4 <unknown>\n#16 0x5607642201de <unknown>\n#17 0x5607644e9531 <unknown>\n#18 0x5607644ed455 <unknown>\n#19 0x5607644d5f55 <unknown>\n#20 0x5607644ee0ef <unknown>\n#21 0x5607644b999f <unknown>\n#22 0x560764512008 <unknown>\n#23 0x5607645121d7 <unknown>\n#24 0x560764524124 <unknown>\n#25 0x7f7587dfd044 <unknown>","time":{"start":1705973928372,"stop":1705974058542,"duration":130170}},{"uid":"4bae43ac229e8be1","reportUrl":"https://zaelcovsky.github.io/StroyremAutomation/209//#testresult/4bae43ac229e8be1","status":"broken","statusDetails":"selenium.common.exceptions.WebDriverException: Message: unknown error: net::ERR_CONNECTION_TIMED_OUT\n  (Session info: chrome-headless-shell=120.0.6099.109)\nStacktrace:\n#0 0x55f9fa94ef83 <unknown>\n#1 0x55f9fa607cf7 <unknown>\n#2 0x55f9fa5ff6ea <unknown>\n#3 0x55f9fa5ee5a1 <unknown>\n#4 0x55f9fa5efd40 <unknown>\n#5 0x55f9fa5ee854 <unknown>\n#6 0x55f9fa5ed586 <unknown>\n#7 0x55f9fa5ed44a <unknown>\n#8 0x55f9fa5eb7e1 <unknown>\n#9 0x55f9fa5ec01a <unknown>\n#10 0x55f9fa60abbe <unknown>\n#11 0x55f9fa6a07a5 <unknown>\n#12 0x55f9fa6810b2 <unknown>\n#13 0x55f9fa6a0006 <unknown>\n#14 0x55f9fa680e53 <unknown>\n#15 0x55f9fa648dd4 <unknown>\n#16 0x55f9fa64a1de <unknown>\n#17 0x55f9fa913531 <unknown>\n#18 0x55f9fa917455 <unknown>\n#19 0x55f9fa8fff55 <unknown>\n#20 0x55f9fa9180ef <unknown>\n#21 0x55f9fa8e399f <unknown>\n#22 0x55f9fa93c008 <unknown>\n#23 0x55f9fa93c1d7 <unknown>\n#24 0x55f9fa94e124 <unknown>\n#25 0x7f6d40da7044 <unknown>","time":{"start":1705887553179,"stop":1705887683346,"duration":130167}}]},"tags":["smoke"]},"source":"a1c6f26536209453.json","parameterValues":["12500","333","'TD 012'","11990","'products/shtukaturka-gipsovaya-aksolit-m50-30-kg-mashinnogo-naneseniya'","4450","'https://sandboxtest.stroyrem-nn.ru/'","10000"]}