{"uid":"ef4344c248de2880","name":"test_positive_delivery_green_zone_smoke[TD 013-products/shtukaturka-gipsovaya-aksolit-m50-30-kg-mashinnogo-naneseniya-366-11000-4800-12450-13480-https://sandboxtest.stroyrem-nn.ru/]","fullName":"tests.delivery.test_delivery_calculation.TestDeliveryPageCalculation#test_positive_delivery_green_zone_smoke","historyId":"138a96f7f81216afdff8252a6c5795ca","time":{"start":1698628145844,"stop":1698628150465,"duration":4621},"status":"skipped","statusMessage":"XFAIL Цена стандартной доставки 4450\n\nselenium.common.exceptions.NoSuchElementException: Message: no such element: Unable to locate element: {\"method\":\"xpath\",\"selector\":\"//input[@class='amount']\"}\n  (Session info: headless chrome=118.0.5993.70); For documentation on this error, please visit: https://www.selenium.dev/documentation/webdriver/troubleshooting/errors#no-such-element-exception\nStacktrace:\n#0 0x560206b27fb3 <unknown>\n#1 0x5602067fb4a7 <unknown>\n#2 0x560206842dd6 <unknown>\n#3 0x560206842ec1 <unknown>\n#4 0x560206880354 <unknown>\n#5 0x56020686496d <unknown>\n#6 0x56020687dc02 <unknown>\n#7 0x560206864713 <unknown>\n#8 0x56020683718b <unknown>\n#9 0x560206837f7e <unknown>\n#10 0x560206aed8d8 <unknown>\n#11 0x560206af1800 <unknown>\n#12 0x560206afbcfc <unknown>\n#13 0x560206af2418 <unknown>\n#14 0x560206abf42f <unknown>\n#15 0x560206b164e8 <unknown>\n#16 0x560206b166b4 <unknown>\n#17 0x560206b27143 <unknown>\n#18 0x7fc2894d7044 <unknown>","statusTrace":"self = <tests.delivery.test_delivery_calculation.TestDeliveryPageCalculation object at 0x7f5ddd653c90>\ndriver = <selenium.webdriver.chrome.webdriver.WebDriver (session=\"0115f249aea77bc4382401ec3f72452b\")>\nurl = 'https://sandboxtest.stroyrem-nn.ru/', case_id = 'TD 013'\nlink_item = 'products/shtukaturka-gipsovaya-aksolit-m50-30-kg-mashinnogo-naneseniya'\namount = 366, weight = 11000, standard = 4800, in_time = 12450, all_time = 13480\n\n    @pytest.mark.parametrize('case_id, link_item, amount, weight, standard, in_time, all_time', [\n        (\"TD 001\", uroven_3000, 1, 30, 0, 1590, 2190),\n        (\"TD 002\", bundeks_25, 1, 30, 400, 1590, 2190),\n        (\"TD 003\", aksolit_30, 8, 300, 400, 1590, 2190),\n        (\"TD 004\", aksolit_30, 13, 400, 450, 1590, 2190),\n        (\"TD 005\", aksolit_30, 16, 500, 600, 1590, 2190),\n        (\"TD 006\", aksolit_30, 25, 1700, 990, 1990, 2480),\n        (\"TD 007\", aksolit_30, 66, 2000, 1300, 2490, 2980),\n        (\"TD 008\", aksolit_30, 149, 4500, 2300, 3980, 4490),\n        (\"TD 009\", aksolit_30, 166, 5000, 2500, 4990, 5480),\n        pytest.param(\n            \"TD 010\", aksolit_30, 206, 6200, 2900, 5570, 6120,\n            marks=pytest.mark.xfail(reson=\"Цена доставки 3600 7960 8980\")\n        ),\n        (\"TD 011\", aksolit_30, 299, 9000, 3600, 7960, 8980),\n        (\"TD 012\", aksolit_30, 333, 10000, 4450, 11990, 12500),\n        pytest.param(\n            \"TD 013\", aksolit_30, 366, 11000, 4800, 12450, 13480,\n            marks=pytest.mark.xfail(reason=\"Цена стандартной доставки 4450\")\n        ),\n        pytest.param(\n            \"TD 014\", aksolit_30, 666, 20000, 5400, 15600, 17490,\n            marks=pytest.mark.xfail(reason=\"Цена стандартной доставки 4450\")\n        )\n    ])\n    @pytest.mark.smoke\n    def test_positive_delivery_green_zone_smoke(\n            self, driver, url, case_id, link_item, amount, weight, standard, in_time, all_time\n    ):\n    \n        driver.get(f'{url}{link_item}')\n        item_page = ItemPage(driver)\n>       item_page.add_item_to_cart(amount).click_on_cart()\n\ntests/delivery/test_delivery_calculation.py:49: \n_ _ _ _ _ _ _ _ _ _ _ _ _ _ _ _ _ _ _ _ _ _ _ _ _ _ _ _ _ _ _ _ _ _ _ _ _ _ _ _ \npages/item_page.py:41: in add_item_to_cart\n    amount_field = self.find_element(self._item_amount)\nbase/seleniumbase.py:17: in find_element\n    return self.driver.find_element(*locator)\n/usr/local/lib/python3.11/site-packages/selenium/webdriver/remote/webdriver.py:740: in find_element\n    return self.execute(Command.FIND_ELEMENT, {\"using\": by, \"value\": value})[\"value\"]\n/usr/local/lib/python3.11/site-packages/selenium/webdriver/remote/webdriver.py:346: in execute\n    self.error_handler.check_response(response)\n_ _ _ _ _ _ _ _ _ _ _ _ _ _ _ _ _ _ _ _ _ _ _ _ _ _ _ _ _ _ _ _ _ _ _ _ _ _ _ _ \n\nself = <selenium.webdriver.remote.errorhandler.ErrorHandler object at 0x7f5ddc4a7390>\nresponse = {'status': 404, 'value': '{\"value\":{\"error\":\"no such element\",\"message\":\"no such element: Unable to locate element: {\\...\\\\n#16 0x560206b166b4 \\\\u003Cunknown>\\\\n#17 0x560206b27143 \\\\u003Cunknown>\\\\n#18 0x7fc2894d7044 \\\\u003Cunknown>\\\\n\"}}'}\n\n    def check_response(self, response: Dict[str, Any]) -> None:\n        \"\"\"Checks that a JSON response from the WebDriver does not have an\n        error.\n    \n        :Args:\n         - response - The JSON response from the WebDriver server as a dictionary\n           object.\n    \n        :Raises: If the response contains an error message.\n        \"\"\"\n        status = response.get(\"status\", None)\n        if not status or status == ErrorCode.SUCCESS:\n            return\n        value = None\n        message = response.get(\"message\", \"\")\n        screen: str = response.get(\"screen\", \"\")\n        stacktrace = None\n        if isinstance(status, int):\n            value_json = response.get(\"value\", None)\n            if value_json and isinstance(value_json, str):\n                import json\n    \n                try:\n                    value = json.loads(value_json)\n                    if len(value) == 1:\n                        value = value[\"value\"]\n                    status = value.get(\"error\", None)\n                    if not status:\n                        status = value.get(\"status\", ErrorCode.UNKNOWN_ERROR)\n                        message = value.get(\"value\") or value.get(\"message\")\n                        if not isinstance(message, str):\n                            value = message\n                            message = message.get(\"message\")\n                    else:\n                        message = value.get(\"message\", None)\n                except ValueError:\n                    pass\n    \n        exception_class: Type[WebDriverException]\n        if status in ErrorCode.NO_SUCH_ELEMENT:\n            exception_class = NoSuchElementException\n        elif status in ErrorCode.NO_SUCH_FRAME:\n            exception_class = NoSuchFrameException\n        elif status in ErrorCode.NO_SUCH_SHADOW_ROOT:\n            exception_class = NoSuchShadowRootException\n        elif status in ErrorCode.NO_SUCH_WINDOW:\n            exception_class = NoSuchWindowException\n        elif status in ErrorCode.STALE_ELEMENT_REFERENCE:\n            exception_class = StaleElementReferenceException\n        elif status in ErrorCode.ELEMENT_NOT_VISIBLE:\n            exception_class = ElementNotVisibleException\n        elif status in ErrorCode.INVALID_ELEMENT_STATE:\n            exception_class = InvalidElementStateException\n        elif (\n            status in ErrorCode.INVALID_SELECTOR\n            or status in ErrorCode.INVALID_XPATH_SELECTOR\n            or status in ErrorCode.INVALID_XPATH_SELECTOR_RETURN_TYPER\n        ):\n            exception_class = InvalidSelectorException\n        elif status in ErrorCode.ELEMENT_IS_NOT_SELECTABLE:\n            exception_class = ElementNotSelectableException\n        elif status in ErrorCode.ELEMENT_NOT_INTERACTABLE:\n            exception_class = ElementNotInteractableException\n        elif status in ErrorCode.INVALID_COOKIE_DOMAIN:\n            exception_class = InvalidCookieDomainException\n        elif status in ErrorCode.UNABLE_TO_SET_COOKIE:\n            exception_class = UnableToSetCookieException\n        elif status in ErrorCode.TIMEOUT:\n            exception_class = TimeoutException\n        elif status in ErrorCode.SCRIPT_TIMEOUT:\n            exception_class = TimeoutException\n        elif status in ErrorCode.UNKNOWN_ERROR:\n            exception_class = WebDriverException\n        elif status in ErrorCode.UNEXPECTED_ALERT_OPEN:\n            exception_class = UnexpectedAlertPresentException\n        elif status in ErrorCode.NO_ALERT_OPEN:\n            exception_class = NoAlertPresentException\n        elif status in ErrorCode.IME_NOT_AVAILABLE:\n            exception_class = ImeNotAvailableException\n        elif status in ErrorCode.IME_ENGINE_ACTIVATION_FAILED:\n            exception_class = ImeActivationFailedException\n        elif status in ErrorCode.MOVE_TARGET_OUT_OF_BOUNDS:\n            exception_class = MoveTargetOutOfBoundsException\n        elif status in ErrorCode.JAVASCRIPT_ERROR:\n            exception_class = JavascriptException\n        elif status in ErrorCode.SESSION_NOT_CREATED:\n            exception_class = SessionNotCreatedException\n        elif status in ErrorCode.INVALID_ARGUMENT:\n            exception_class = InvalidArgumentException\n        elif status in ErrorCode.NO_SUCH_COOKIE:\n            exception_class = NoSuchCookieException\n        elif status in ErrorCode.UNABLE_TO_CAPTURE_SCREEN:\n            exception_class = ScreenshotException\n        elif status in ErrorCode.ELEMENT_CLICK_INTERCEPTED:\n            exception_class = ElementClickInterceptedException\n        elif status in ErrorCode.INSECURE_CERTIFICATE:\n            exception_class = InsecureCertificateException\n        elif status in ErrorCode.INVALID_COORDINATES:\n            exception_class = InvalidCoordinatesException\n        elif status in ErrorCode.INVALID_SESSION_ID:\n            exception_class = InvalidSessionIdException\n        elif status in ErrorCode.UNKNOWN_METHOD:\n            exception_class = UnknownMethodException\n        else:\n            exception_class = WebDriverException\n        if not value:\n            value = response[\"value\"]\n        if isinstance(value, str):\n            raise exception_class(value)\n        if message == \"\" and \"message\" in value:\n            message = value[\"message\"]\n    \n        screen = None  # type: ignore[assignment]\n        if \"screen\" in value:\n            screen = value[\"screen\"]\n    \n        stacktrace = None\n        st_value = value.get(\"stackTrace\") or value.get(\"stacktrace\")\n        if st_value:\n            if isinstance(st_value, str):\n                stacktrace = st_value.split(\"\\n\")\n            else:\n                stacktrace = []\n                try:\n                    for frame in st_value:\n                        line = frame.get(\"lineNumber\", \"\")\n                        file = frame.get(\"fileName\", \"<anonymous>\")\n                        if line:\n                            file = f\"{file}:{line}\"\n                        meth = frame.get(\"methodName\", \"<anonymous>\")\n                        if \"className\" in frame:\n                            meth = f\"{frame['className']}.{meth}\"\n                        msg = \"    at %s (%s)\"\n                        msg = msg % (meth, file)\n                        stacktrace.append(msg)\n                except TypeError:\n                    pass\n        if exception_class == UnexpectedAlertPresentException:\n            alert_text = None\n            if \"data\" in value:\n                alert_text = value[\"data\"].get(\"text\")\n            elif \"alert\" in value:\n                alert_text = value[\"alert\"].get(\"text\")\n            raise exception_class(message, screen, stacktrace, alert_text)  # type: ignore[call-arg]  # mypy is not smart enough here\n>       raise exception_class(message, screen, stacktrace)\nE       selenium.common.exceptions.NoSuchElementException: Message: no such element: Unable to locate element: {\"method\":\"xpath\",\"selector\":\"//input[@class='amount']\"}\nE         (Session info: headless chrome=118.0.5993.70); For documentation on this error, please visit: https://www.selenium.dev/documentation/webdriver/troubleshooting/errors#no-such-element-exception\nE       Stacktrace:\nE       #0 0x560206b27fb3 <unknown>\nE       #1 0x5602067fb4a7 <unknown>\nE       #2 0x560206842dd6 <unknown>\nE       #3 0x560206842ec1 <unknown>\nE       #4 0x560206880354 <unknown>\nE       #5 0x56020686496d <unknown>\nE       #6 0x56020687dc02 <unknown>\nE       #7 0x560206864713 <unknown>\nE       #8 0x56020683718b <unknown>\nE       #9 0x560206837f7e <unknown>\nE       #10 0x560206aed8d8 <unknown>\nE       #11 0x560206af1800 <unknown>\nE       #12 0x560206afbcfc <unknown>\nE       #13 0x560206af2418 <unknown>\nE       #14 0x560206abf42f <unknown>\nE       #15 0x560206b164e8 <unknown>\nE       #16 0x560206b166b4 <unknown>\nE       #17 0x560206b27143 <unknown>\nE       #18 0x7fc2894d7044 <unknown>\n\n/usr/local/lib/python3.11/site-packages/selenium/webdriver/remote/errorhandler.py:245: NoSuchElementException","flaky":false,"newFailed":false,"newBroken":false,"newPassed":false,"retriesCount":0,"retriesStatusChange":false,"beforeStages":[{"name":"_session_faker","time":{"start":1698627700828,"stop":1698627700912,"duration":84},"status":"passed","steps":[],"attachments":[],"parameters":[],"shouldDisplayMessage":false,"stepsCount":0,"attachmentsCount":0,"hasContent":false},{"name":"clear_allure_results_folder","time":{"start":1698627700912,"stop":1698627700912,"duration":0},"status":"passed","steps":[],"attachments":[],"parameters":[],"shouldDisplayMessage":false,"stepsCount":0,"attachmentsCount":0,"hasContent":false},{"name":"driver","time":{"start":1698628145066,"stop":1698628145842,"duration":776},"status":"passed","steps":[],"attachments":[],"parameters":[],"shouldDisplayMessage":false,"stepsCount":0,"attachmentsCount":0,"hasContent":false},{"name":"setup","time":{"start":1698628145842,"stop":1698628145842,"duration":0},"status":"passed","steps":[],"attachments":[],"parameters":[],"shouldDisplayMessage":false,"stepsCount":0,"attachmentsCount":0,"hasContent":false}],"testStage":{"status":"skipped","statusMessage":"XFAIL Цена стандартной доставки 4450\n\nselenium.common.exceptions.NoSuchElementException: Message: no such element: Unable to locate element: {\"method\":\"xpath\",\"selector\":\"//input[@class='amount']\"}\n  (Session info: headless chrome=118.0.5993.70); For documentation on this error, please visit: https://www.selenium.dev/documentation/webdriver/troubleshooting/errors#no-such-element-exception\nStacktrace:\n#0 0x560206b27fb3 <unknown>\n#1 0x5602067fb4a7 <unknown>\n#2 0x560206842dd6 <unknown>\n#3 0x560206842ec1 <unknown>\n#4 0x560206880354 <unknown>\n#5 0x56020686496d <unknown>\n#6 0x56020687dc02 <unknown>\n#7 0x560206864713 <unknown>\n#8 0x56020683718b <unknown>\n#9 0x560206837f7e <unknown>\n#10 0x560206aed8d8 <unknown>\n#11 0x560206af1800 <unknown>\n#12 0x560206afbcfc <unknown>\n#13 0x560206af2418 <unknown>\n#14 0x560206abf42f <unknown>\n#15 0x560206b164e8 <unknown>\n#16 0x560206b166b4 <unknown>\n#17 0x560206b27143 <unknown>\n#18 0x7fc2894d7044 <unknown>","statusTrace":"self = <tests.delivery.test_delivery_calculation.TestDeliveryPageCalculation object at 0x7f5ddd653c90>\ndriver = <selenium.webdriver.chrome.webdriver.WebDriver (session=\"0115f249aea77bc4382401ec3f72452b\")>\nurl = 'https://sandboxtest.stroyrem-nn.ru/', case_id = 'TD 013'\nlink_item = 'products/shtukaturka-gipsovaya-aksolit-m50-30-kg-mashinnogo-naneseniya'\namount = 366, weight = 11000, standard = 4800, in_time = 12450, all_time = 13480\n\n    @pytest.mark.parametrize('case_id, link_item, amount, weight, standard, in_time, all_time', [\n        (\"TD 001\", uroven_3000, 1, 30, 0, 1590, 2190),\n        (\"TD 002\", bundeks_25, 1, 30, 400, 1590, 2190),\n        (\"TD 003\", aksolit_30, 8, 300, 400, 1590, 2190),\n        (\"TD 004\", aksolit_30, 13, 400, 450, 1590, 2190),\n        (\"TD 005\", aksolit_30, 16, 500, 600, 1590, 2190),\n        (\"TD 006\", aksolit_30, 25, 1700, 990, 1990, 2480),\n        (\"TD 007\", aksolit_30, 66, 2000, 1300, 2490, 2980),\n        (\"TD 008\", aksolit_30, 149, 4500, 2300, 3980, 4490),\n        (\"TD 009\", aksolit_30, 166, 5000, 2500, 4990, 5480),\n        pytest.param(\n            \"TD 010\", aksolit_30, 206, 6200, 2900, 5570, 6120,\n            marks=pytest.mark.xfail(reson=\"Цена доставки 3600 7960 8980\")\n        ),\n        (\"TD 011\", aksolit_30, 299, 9000, 3600, 7960, 8980),\n        (\"TD 012\", aksolit_30, 333, 10000, 4450, 11990, 12500),\n        pytest.param(\n            \"TD 013\", aksolit_30, 366, 11000, 4800, 12450, 13480,\n            marks=pytest.mark.xfail(reason=\"Цена стандартной доставки 4450\")\n        ),\n        pytest.param(\n            \"TD 014\", aksolit_30, 666, 20000, 5400, 15600, 17490,\n            marks=pytest.mark.xfail(reason=\"Цена стандартной доставки 4450\")\n        )\n    ])\n    @pytest.mark.smoke\n    def test_positive_delivery_green_zone_smoke(\n            self, driver, url, case_id, link_item, amount, weight, standard, in_time, all_time\n    ):\n    \n        driver.get(f'{url}{link_item}')\n        item_page = ItemPage(driver)\n>       item_page.add_item_to_cart(amount).click_on_cart()\n\ntests/delivery/test_delivery_calculation.py:49: \n_ _ _ _ _ _ _ _ _ _ _ _ _ _ _ _ _ _ _ _ _ _ _ _ _ _ _ _ _ _ _ _ _ _ _ _ _ _ _ _ \npages/item_page.py:41: in add_item_to_cart\n    amount_field = self.find_element(self._item_amount)\nbase/seleniumbase.py:17: in find_element\n    return self.driver.find_element(*locator)\n/usr/local/lib/python3.11/site-packages/selenium/webdriver/remote/webdriver.py:740: in find_element\n    return self.execute(Command.FIND_ELEMENT, {\"using\": by, \"value\": value})[\"value\"]\n/usr/local/lib/python3.11/site-packages/selenium/webdriver/remote/webdriver.py:346: in execute\n    self.error_handler.check_response(response)\n_ _ _ _ _ _ _ _ _ _ _ _ _ _ _ _ _ _ _ _ _ _ _ _ _ _ _ _ _ _ _ _ _ _ _ _ _ _ _ _ \n\nself = <selenium.webdriver.remote.errorhandler.ErrorHandler object at 0x7f5ddc4a7390>\nresponse = {'status': 404, 'value': '{\"value\":{\"error\":\"no such element\",\"message\":\"no such element: Unable to locate element: {\\...\\\\n#16 0x560206b166b4 \\\\u003Cunknown>\\\\n#17 0x560206b27143 \\\\u003Cunknown>\\\\n#18 0x7fc2894d7044 \\\\u003Cunknown>\\\\n\"}}'}\n\n    def check_response(self, response: Dict[str, Any]) -> None:\n        \"\"\"Checks that a JSON response from the WebDriver does not have an\n        error.\n    \n        :Args:\n         - response - The JSON response from the WebDriver server as a dictionary\n           object.\n    \n        :Raises: If the response contains an error message.\n        \"\"\"\n        status = response.get(\"status\", None)\n        if not status or status == ErrorCode.SUCCESS:\n            return\n        value = None\n        message = response.get(\"message\", \"\")\n        screen: str = response.get(\"screen\", \"\")\n        stacktrace = None\n        if isinstance(status, int):\n            value_json = response.get(\"value\", None)\n            if value_json and isinstance(value_json, str):\n                import json\n    \n                try:\n                    value = json.loads(value_json)\n                    if len(value) == 1:\n                        value = value[\"value\"]\n                    status = value.get(\"error\", None)\n                    if not status:\n                        status = value.get(\"status\", ErrorCode.UNKNOWN_ERROR)\n                        message = value.get(\"value\") or value.get(\"message\")\n                        if not isinstance(message, str):\n                            value = message\n                            message = message.get(\"message\")\n                    else:\n                        message = value.get(\"message\", None)\n                except ValueError:\n                    pass\n    \n        exception_class: Type[WebDriverException]\n        if status in ErrorCode.NO_SUCH_ELEMENT:\n            exception_class = NoSuchElementException\n        elif status in ErrorCode.NO_SUCH_FRAME:\n            exception_class = NoSuchFrameException\n        elif status in ErrorCode.NO_SUCH_SHADOW_ROOT:\n            exception_class = NoSuchShadowRootException\n        elif status in ErrorCode.NO_SUCH_WINDOW:\n            exception_class = NoSuchWindowException\n        elif status in ErrorCode.STALE_ELEMENT_REFERENCE:\n            exception_class = StaleElementReferenceException\n        elif status in ErrorCode.ELEMENT_NOT_VISIBLE:\n            exception_class = ElementNotVisibleException\n        elif status in ErrorCode.INVALID_ELEMENT_STATE:\n            exception_class = InvalidElementStateException\n        elif (\n            status in ErrorCode.INVALID_SELECTOR\n            or status in ErrorCode.INVALID_XPATH_SELECTOR\n            or status in ErrorCode.INVALID_XPATH_SELECTOR_RETURN_TYPER\n        ):\n            exception_class = InvalidSelectorException\n        elif status in ErrorCode.ELEMENT_IS_NOT_SELECTABLE:\n            exception_class = ElementNotSelectableException\n        elif status in ErrorCode.ELEMENT_NOT_INTERACTABLE:\n            exception_class = ElementNotInteractableException\n        elif status in ErrorCode.INVALID_COOKIE_DOMAIN:\n            exception_class = InvalidCookieDomainException\n        elif status in ErrorCode.UNABLE_TO_SET_COOKIE:\n            exception_class = UnableToSetCookieException\n        elif status in ErrorCode.TIMEOUT:\n            exception_class = TimeoutException\n        elif status in ErrorCode.SCRIPT_TIMEOUT:\n            exception_class = TimeoutException\n        elif status in ErrorCode.UNKNOWN_ERROR:\n            exception_class = WebDriverException\n        elif status in ErrorCode.UNEXPECTED_ALERT_OPEN:\n            exception_class = UnexpectedAlertPresentException\n        elif status in ErrorCode.NO_ALERT_OPEN:\n            exception_class = NoAlertPresentException\n        elif status in ErrorCode.IME_NOT_AVAILABLE:\n            exception_class = ImeNotAvailableException\n        elif status in ErrorCode.IME_ENGINE_ACTIVATION_FAILED:\n            exception_class = ImeActivationFailedException\n        elif status in ErrorCode.MOVE_TARGET_OUT_OF_BOUNDS:\n            exception_class = MoveTargetOutOfBoundsException\n        elif status in ErrorCode.JAVASCRIPT_ERROR:\n            exception_class = JavascriptException\n        elif status in ErrorCode.SESSION_NOT_CREATED:\n            exception_class = SessionNotCreatedException\n        elif status in ErrorCode.INVALID_ARGUMENT:\n            exception_class = InvalidArgumentException\n        elif status in ErrorCode.NO_SUCH_COOKIE:\n            exception_class = NoSuchCookieException\n        elif status in ErrorCode.UNABLE_TO_CAPTURE_SCREEN:\n            exception_class = ScreenshotException\n        elif status in ErrorCode.ELEMENT_CLICK_INTERCEPTED:\n            exception_class = ElementClickInterceptedException\n        elif status in ErrorCode.INSECURE_CERTIFICATE:\n            exception_class = InsecureCertificateException\n        elif status in ErrorCode.INVALID_COORDINATES:\n            exception_class = InvalidCoordinatesException\n        elif status in ErrorCode.INVALID_SESSION_ID:\n            exception_class = InvalidSessionIdException\n        elif status in ErrorCode.UNKNOWN_METHOD:\n            exception_class = UnknownMethodException\n        else:\n            exception_class = WebDriverException\n        if not value:\n            value = response[\"value\"]\n        if isinstance(value, str):\n            raise exception_class(value)\n        if message == \"\" and \"message\" in value:\n            message = value[\"message\"]\n    \n        screen = None  # type: ignore[assignment]\n        if \"screen\" in value:\n            screen = value[\"screen\"]\n    \n        stacktrace = None\n        st_value = value.get(\"stackTrace\") or value.get(\"stacktrace\")\n        if st_value:\n            if isinstance(st_value, str):\n                stacktrace = st_value.split(\"\\n\")\n            else:\n                stacktrace = []\n                try:\n                    for frame in st_value:\n                        line = frame.get(\"lineNumber\", \"\")\n                        file = frame.get(\"fileName\", \"<anonymous>\")\n                        if line:\n                            file = f\"{file}:{line}\"\n                        meth = frame.get(\"methodName\", \"<anonymous>\")\n                        if \"className\" in frame:\n                            meth = f\"{frame['className']}.{meth}\"\n                        msg = \"    at %s (%s)\"\n                        msg = msg % (meth, file)\n                        stacktrace.append(msg)\n                except TypeError:\n                    pass\n        if exception_class == UnexpectedAlertPresentException:\n            alert_text = None\n            if \"data\" in value:\n                alert_text = value[\"data\"].get(\"text\")\n            elif \"alert\" in value:\n                alert_text = value[\"alert\"].get(\"text\")\n            raise exception_class(message, screen, stacktrace, alert_text)  # type: ignore[call-arg]  # mypy is not smart enough here\n>       raise exception_class(message, screen, stacktrace)\nE       selenium.common.exceptions.NoSuchElementException: Message: no such element: Unable to locate element: {\"method\":\"xpath\",\"selector\":\"//input[@class='amount']\"}\nE         (Session info: headless chrome=118.0.5993.70); For documentation on this error, please visit: https://www.selenium.dev/documentation/webdriver/troubleshooting/errors#no-such-element-exception\nE       Stacktrace:\nE       #0 0x560206b27fb3 <unknown>\nE       #1 0x5602067fb4a7 <unknown>\nE       #2 0x560206842dd6 <unknown>\nE       #3 0x560206842ec1 <unknown>\nE       #4 0x560206880354 <unknown>\nE       #5 0x56020686496d <unknown>\nE       #6 0x56020687dc02 <unknown>\nE       #7 0x560206864713 <unknown>\nE       #8 0x56020683718b <unknown>\nE       #9 0x560206837f7e <unknown>\nE       #10 0x560206aed8d8 <unknown>\nE       #11 0x560206af1800 <unknown>\nE       #12 0x560206afbcfc <unknown>\nE       #13 0x560206af2418 <unknown>\nE       #14 0x560206abf42f <unknown>\nE       #15 0x560206b164e8 <unknown>\nE       #16 0x560206b166b4 <unknown>\nE       #17 0x560206b27143 <unknown>\nE       #18 0x7fc2894d7044 <unknown>\n\n/usr/local/lib/python3.11/site-packages/selenium/webdriver/remote/errorhandler.py:245: NoSuchElementException","steps":[{"name":"Добавляем товар в корзину в количестве 366","time":{"start":1698628150388,"stop":1698628150464,"duration":76},"status":"broken","statusMessage":"selenium.common.exceptions.NoSuchElementException: Message: no such element: Unable to locate element: {\"method\":\"xpath\",\"selector\":\"//input[@class='amount']\"}\n  (Session info: headless chrome=118.0.5993.70); For documentation on this error, please visit: https://www.selenium.dev/documentation/webdriver/troubleshooting/errors#no-such-element-exception\nStacktrace:\n#0 0x560206b27fb3 <unknown>\n#1 0x5602067fb4a7 <unknown>\n#2 0x560206842dd6 <unknown>\n#3 0x560206842ec1 <unknown>\n#4 0x560206880354 <unknown>\n#5 0x56020686496d <unknown>\n#6 0x56020687dc02 <unknown>\n#7 0x560206864713 <unknown>\n#8 0x56020683718b <unknown>\n#9 0x560206837f7e <unknown>\n#10 0x560206aed8d8 <unknown>\n#11 0x560206af1800 <unknown>\n#12 0x560206afbcfc <unknown>\n#13 0x560206af2418 <unknown>\n#14 0x560206abf42f <unknown>\n#15 0x560206b164e8 <unknown>\n#16 0x560206b166b4 <unknown>\n#17 0x560206b27143 <unknown>\n#18 0x7fc2894d7044 <unknown>\n\n","statusTrace":"  File \"/usr/local/lib/python3.11/site-packages/allure_commons/_allure.py\", line 192, in impl\n    return func(*a, **kw)\n           ^^^^^^^^^^^^^^\n  File \"/app/pages/item_page.py\", line 41, in add_item_to_cart\n    amount_field = self.find_element(self._item_amount)\n                   ^^^^^^^^^^^^^^^^^^^^^^^^^^^^^^^^^^^^\n  File \"/app/base/seleniumbase.py\", line 17, in find_element\n    return self.driver.find_element(*locator)\n           ^^^^^^^^^^^^^^^^^^^^^^^^^^^^^^^^^^\n  File \"/usr/local/lib/python3.11/site-packages/selenium/webdriver/remote/webdriver.py\", line 740, in find_element\n    return self.execute(Command.FIND_ELEMENT, {\"using\": by, \"value\": value})[\"value\"]\n           ^^^^^^^^^^^^^^^^^^^^^^^^^^^^^^^^^^^^^^^^^^^^^^^^^^^^^^^^^^^^^^^^^\n  File \"/usr/local/lib/python3.11/site-packages/selenium/webdriver/remote/webdriver.py\", line 346, in execute\n    self.error_handler.check_response(response)\n  File \"/usr/local/lib/python3.11/site-packages/selenium/webdriver/remote/errorhandler.py\", line 245, in check_response\n    raise exception_class(message, screen, stacktrace)\n","steps":[],"attachments":[],"parameters":[{"name":"amount","value":"366"}],"shouldDisplayMessage":true,"stepsCount":0,"attachmentsCount":0,"hasContent":true}],"attachments":[{"uid":"4da8a71196386a3d","name":"Screenshot","source":"4da8a71196386a3d.png","type":"image/png","size":115178},{"uid":"ed626912a8cbb482","name":"HTML source","source":"ed626912a8cbb482.html","type":"text/html","size":303988}],"parameters":[],"shouldDisplayMessage":true,"stepsCount":1,"attachmentsCount":2,"hasContent":true},"afterStages":[{"name":"driver::0","time":{"start":1698628150629,"stop":1698628150688,"duration":59},"status":"passed","steps":[],"attachments":[],"parameters":[],"shouldDisplayMessage":false,"stepsCount":0,"attachmentsCount":0,"hasContent":false},{"name":"setup::0","time":{"start":1698628150629,"stop":1698628150629,"duration":0},"status":"passed","steps":[],"attachments":[],"parameters":[],"shouldDisplayMessage":false,"stepsCount":0,"attachmentsCount":0,"hasContent":false}],"labels":[{"name":"epic","value":"Delivery Page - calculation"},{"name":"tag","value":"smoke"},{"name":"tag","value":"@pytest.mark.xfail(reason='Цена стандартной доставки 4450')"},{"name":"parentSuite","value":"tests.delivery"},{"name":"suite","value":"test_delivery_calculation"},{"name":"subSuite","value":"TestDeliveryPageCalculation"},{"name":"host","value":"7aa24773febf"},{"name":"thread","value":"1-MainThread"},{"name":"framework","value":"pytest"},{"name":"language","value":"cpython3"},{"name":"package","value":"tests.delivery.test_delivery_calculation"},{"name":"resultFormat","value":"allure2"}],"parameters":[{"name":"all_time","value":"13480"},{"name":"amount","value":"366"},{"name":"case_id","value":"'TD 013'"},{"name":"in_time","value":"12450"},{"name":"link_item","value":"'products/shtukaturka-gipsovaya-aksolit-m50-30-kg-mashinnogo-naneseniya'"},{"name":"standard","value":"4800"},{"name":"url","value":"'https://sandboxtest.stroyrem-nn.ru/'"},{"name":"weight","value":"11000"}],"links":[],"hidden":false,"retry":false,"extra":{"severity":"normal","retries":[],"categories":[],"history":{"statistic":{"failed":0,"broken":0,"skipped":61,"passed":0,"unknown":0,"total":61},"items":[{"uid":"84e870e5c523a263","reportUrl":"https://zaelcovsky.github.io/StroyremAutomation/124//#testresult/84e870e5c523a263","status":"skipped","statusDetails":"XFAIL Цена стандартной доставки 4450\n\nselenium.common.exceptions.NoSuchElementException: Message: no such element: Unable to locate element: {\"method\":\"xpath\",\"selector\":\"//input[@class='amount']\"}\n  (Session info: headless chrome=118.0.5993.70); For documentation on this error, please visit: https://www.selenium.dev/documentation/webdriver/troubleshooting/errors#no-such-element-exception\nStacktrace:\n#0 0x5576a995afb3 <unknown>\n#1 0x5576a962e4a7 <unknown>\n#2 0x5576a9675dd6 <unknown>\n#3 0x5576a9675ec1 <unknown>\n#4 0x5576a96b3354 <unknown>\n#5 0x5576a969796d <unknown>\n#6 0x5576a96b0c02 <unknown>\n#7 0x5576a9697713 <unknown>\n#8 0x5576a966a18b <unknown>\n#9 0x5576a966af7e <unknown>\n#10 0x5576a99208d8 <unknown>\n#11 0x5576a9924800 <unknown>\n#12 0x5576a992ecfc <unknown>\n#13 0x5576a9925418 <unknown>\n#14 0x5576a98f242f <unknown>\n#15 0x5576a99494e8 <unknown>\n#16 0x5576a99496b4 <unknown>\n#17 0x5576a995a143 <unknown>\n#18 0x7f6db3d61044 <unknown>","time":{"start":1698541929207,"stop":1698541933322,"duration":4115}},{"uid":"3f9a225f50560c7b","reportUrl":"https://zaelcovsky.github.io/StroyremAutomation/123//#testresult/3f9a225f50560c7b","status":"skipped","statusDetails":"XFAIL Цена стандартной доставки 4450\n\nselenium.common.exceptions.NoSuchElementException: Message: no such element: Unable to locate element: {\"method\":\"xpath\",\"selector\":\"//input[@class='amount']\"}\n  (Session info: headless chrome=118.0.5993.70); For documentation on this error, please visit: https://www.selenium.dev/documentation/webdriver/troubleshooting/errors#no-such-element-exception\nStacktrace:\n#0 0x5579854cdfb3 <unknown>\n#1 0x5579851a14a7 <unknown>\n#2 0x5579851e8dd6 <unknown>\n#3 0x5579851e8ec1 <unknown>\n#4 0x557985226354 <unknown>\n#5 0x55798520a96d <unknown>\n#6 0x557985223c02 <unknown>\n#7 0x55798520a713 <unknown>\n#8 0x5579851dd18b <unknown>\n#9 0x5579851ddf7e <unknown>\n#10 0x5579854938d8 <unknown>\n#11 0x557985497800 <unknown>\n#12 0x5579854a1cfc <unknown>\n#13 0x557985498418 <unknown>\n#14 0x55798546542f <unknown>\n#15 0x5579854bc4e8 <unknown>\n#16 0x5579854bc6b4 <unknown>\n#17 0x5579854cd143 <unknown>\n#18 0x7f876e6c7044 <unknown>","time":{"start":1698455245656,"stop":1698455250870,"duration":5214}},{"uid":"fa35b371ba628fc2","reportUrl":"https://zaelcovsky.github.io/StroyremAutomation/122//#testresult/fa35b371ba628fc2","status":"skipped","statusDetails":"XFAIL Цена стандартной доставки 4450\n\nselenium.common.exceptions.NoSuchElementException: Message: no such element: Unable to locate element: {\"method\":\"xpath\",\"selector\":\"//input[@class='amount']\"}\n  (Session info: headless chrome=118.0.5993.70); For documentation on this error, please visit: https://www.selenium.dev/documentation/webdriver/troubleshooting/errors#no-such-element-exception\nStacktrace:\n#0 0x55b08c557fb3 <unknown>\n#1 0x55b08c22b4a7 <unknown>\n#2 0x55b08c272dd6 <unknown>\n#3 0x55b08c272ec1 <unknown>\n#4 0x55b08c2b0354 <unknown>\n#5 0x55b08c29496d <unknown>\n#6 0x55b08c2adc02 <unknown>\n#7 0x55b08c294713 <unknown>\n#8 0x55b08c26718b <unknown>\n#9 0x55b08c267f7e <unknown>\n#10 0x55b08c51d8d8 <unknown>\n#11 0x55b08c521800 <unknown>\n#12 0x55b08c52bcfc <unknown>\n#13 0x55b08c522418 <unknown>\n#14 0x55b08c4ef42f <unknown>\n#15 0x55b08c5464e8 <unknown>\n#16 0x55b08c5466b4 <unknown>\n#17 0x55b08c557143 <unknown>\n#18 0x7f3c33342044 <unknown>","time":{"start":1698368879725,"stop":1698368884232,"duration":4507}},{"uid":"3fc9a52df7185197","reportUrl":"https://zaelcovsky.github.io/StroyremAutomation/121//#testresult/3fc9a52df7185197","status":"skipped","statusDetails":"XFAIL Цена стандартной доставки 4450\n\nselenium.common.exceptions.NoSuchElementException: Message: no such element: Unable to locate element: {\"method\":\"xpath\",\"selector\":\"//input[@class='amount']\"}\n  (Session info: headless chrome=118.0.5993.70); For documentation on this error, please visit: https://www.selenium.dev/documentation/webdriver/troubleshooting/errors#no-such-element-exception\nStacktrace:\n#0 0x55836224dfb3 <unknown>\n#1 0x558361f214a7 <unknown>\n#2 0x558361f68dd6 <unknown>\n#3 0x558361f68ec1 <unknown>\n#4 0x558361fa6354 <unknown>\n#5 0x558361f8a96d <unknown>\n#6 0x558361fa3c02 <unknown>\n#7 0x558361f8a713 <unknown>\n#8 0x558361f5d18b <unknown>\n#9 0x558361f5df7e <unknown>\n#10 0x5583622138d8 <unknown>\n#11 0x558362217800 <unknown>\n#12 0x558362221cfc <unknown>\n#13 0x558362218418 <unknown>\n#14 0x5583621e542f <unknown>\n#15 0x55836223c4e8 <unknown>\n#16 0x55836223c6b4 <unknown>\n#17 0x55836224d143 <unknown>\n#18 0x7faa3bc4a044 <unknown>","time":{"start":1698282488297,"stop":1698282493108,"duration":4811}},{"uid":"1fbd8081bd537ae9","reportUrl":"https://zaelcovsky.github.io/StroyremAutomation/120//#testresult/1fbd8081bd537ae9","status":"skipped","statusDetails":"XFAIL Цена стандартной доставки 4450\n\nselenium.common.exceptions.NoSuchElementException: Message: no such element: Unable to locate element: {\"method\":\"xpath\",\"selector\":\"//input[@class='amount']\"}\n  (Session info: headless chrome=118.0.5993.70); For documentation on this error, please visit: https://www.selenium.dev/documentation/webdriver/troubleshooting/errors#no-such-element-exception\nStacktrace:\n#0 0x561e85c93fb3 <unknown>\n#1 0x561e859674a7 <unknown>\n#2 0x561e859aedd6 <unknown>\n#3 0x561e859aeec1 <unknown>\n#4 0x561e859ec354 <unknown>\n#5 0x561e859d096d <unknown>\n#6 0x561e859e9c02 <unknown>\n#7 0x561e859d0713 <unknown>\n#8 0x561e859a318b <unknown>\n#9 0x561e859a3f7e <unknown>\n#10 0x561e85c598d8 <unknown>\n#11 0x561e85c5d800 <unknown>\n#12 0x561e85c67cfc <unknown>\n#13 0x561e85c5e418 <unknown>\n#14 0x561e85c2b42f <unknown>\n#15 0x561e85c824e8 <unknown>\n#16 0x561e85c826b4 <unknown>\n#17 0x561e85c93143 <unknown>\n#18 0x7fc1df135044 <unknown>","time":{"start":1698196115476,"stop":1698196119771,"duration":4295}},{"uid":"2dcd656569c667d2","reportUrl":"https://zaelcovsky.github.io/StroyremAutomation/119//#testresult/2dcd656569c667d2","status":"skipped","statusDetails":"XFAIL Цена стандартной доставки 4450\n\nselenium.common.exceptions.NoSuchElementException: Message: no such element: Unable to locate element: {\"method\":\"xpath\",\"selector\":\"//input[@class='amount']\"}\n  (Session info: headless chrome=118.0.5993.70); For documentation on this error, please visit: https://www.selenium.dev/documentation/webdriver/troubleshooting/errors#no-such-element-exception\nStacktrace:\n#0 0x5568a2bc7fb3 <unknown>\n#1 0x5568a289b4a7 <unknown>\n#2 0x5568a28e2dd6 <unknown>\n#3 0x5568a28e2ec1 <unknown>\n#4 0x5568a2920354 <unknown>\n#5 0x5568a290496d <unknown>\n#6 0x5568a291dc02 <unknown>\n#7 0x5568a2904713 <unknown>\n#8 0x5568a28d718b <unknown>\n#9 0x5568a28d7f7e <unknown>\n#10 0x5568a2b8d8d8 <unknown>\n#11 0x5568a2b91800 <unknown>\n#12 0x5568a2b9bcfc <unknown>\n#13 0x5568a2b92418 <unknown>\n#14 0x5568a2b5f42f <unknown>\n#15 0x5568a2bb64e8 <unknown>\n#16 0x5568a2bb66b4 <unknown>\n#17 0x5568a2bc7143 <unknown>\n#18 0x7fb2e92cc044 <unknown>","time":{"start":1698109782796,"stop":1698109788070,"duration":5274}},{"uid":"4a71abd51efdd799","reportUrl":"https://zaelcovsky.github.io/StroyremAutomation/118//#testresult/4a71abd51efdd799","status":"skipped","statusDetails":"XFAIL Цена стандартной доставки 4450\n\nselenium.common.exceptions.NoSuchElementException: Message: no such element: Unable to locate element: {\"method\":\"xpath\",\"selector\":\"//input[@class='amount']\"}\n  (Session info: headless chrome=118.0.5993.70); For documentation on this error, please visit: https://www.selenium.dev/documentation/webdriver/troubleshooting/errors#no-such-element-exception\nStacktrace:\n#0 0x55a358e76fb3 <unknown>\n#1 0x55a358b4a4a7 <unknown>\n#2 0x55a358b91dd6 <unknown>\n#3 0x55a358b91ec1 <unknown>\n#4 0x55a358bcf354 <unknown>\n#5 0x55a358bb396d <unknown>\n#6 0x55a358bccc02 <unknown>\n#7 0x55a358bb3713 <unknown>\n#8 0x55a358b8618b <unknown>\n#9 0x55a358b86f7e <unknown>\n#10 0x55a358e3c8d8 <unknown>\n#11 0x55a358e40800 <unknown>\n#12 0x55a358e4acfc <unknown>\n#13 0x55a358e41418 <unknown>\n#14 0x55a358e0e42f <unknown>\n#15 0x55a358e654e8 <unknown>\n#16 0x55a358e656b4 <unknown>\n#17 0x55a358e76143 <unknown>\n#18 0x7fa6b5dbf044 <unknown>","time":{"start":1698023363218,"stop":1698023367522,"duration":4304}},{"uid":"c363be19db93806a","reportUrl":"https://zaelcovsky.github.io/StroyremAutomation/117//#testresult/c363be19db93806a","status":"skipped","statusDetails":"XFAIL Цена стандартной доставки 4450\n\nselenium.common.exceptions.NoSuchElementException: Message: no such element: Unable to locate element: {\"method\":\"xpath\",\"selector\":\"//input[@class='amount']\"}\n  (Session info: headless chrome=118.0.5993.70); For documentation on this error, please visit: https://www.selenium.dev/documentation/webdriver/troubleshooting/errors#no-such-element-exception\nStacktrace:\n#0 0x55b59a721fb3 <unknown>\n#1 0x55b59a3f54a7 <unknown>\n#2 0x55b59a43cdd6 <unknown>\n#3 0x55b59a43cec1 <unknown>\n#4 0x55b59a47a354 <unknown>\n#5 0x55b59a45e96d <unknown>\n#6 0x55b59a477c02 <unknown>\n#7 0x55b59a45e713 <unknown>\n#8 0x55b59a43118b <unknown>\n#9 0x55b59a431f7e <unknown>\n#10 0x55b59a6e78d8 <unknown>\n#11 0x55b59a6eb800 <unknown>\n#12 0x55b59a6f5cfc <unknown>\n#13 0x55b59a6ec418 <unknown>\n#14 0x55b59a6b942f <unknown>\n#15 0x55b59a7104e8 <unknown>\n#16 0x55b59a7106b4 <unknown>\n#17 0x55b59a721143 <unknown>\n#18 0x7f4bf6c87044 <unknown>","time":{"start":1697937159378,"stop":1697937164482,"duration":5104}},{"uid":"778358c9d330ec29","reportUrl":"https://zaelcovsky.github.io/StroyremAutomation/116//#testresult/778358c9d330ec29","status":"skipped","statusDetails":"XFAIL Цена стандартной доставки 4450\n\nselenium.common.exceptions.NoSuchElementException: Message: no such element: Unable to locate element: {\"method\":\"xpath\",\"selector\":\"//input[@class='amount']\"}\n  (Session info: headless chrome=118.0.5993.70); For documentation on this error, please visit: https://www.selenium.dev/documentation/webdriver/troubleshooting/errors#no-such-element-exception\nStacktrace:\n#0 0x55c297a6dfb3 <unknown>\n#1 0x55c2977414a7 <unknown>\n#2 0x55c297788dd6 <unknown>\n#3 0x55c297788ec1 <unknown>\n#4 0x55c2977c6354 <unknown>\n#5 0x55c2977aa96d <unknown>\n#6 0x55c2977c3c02 <unknown>\n#7 0x55c2977aa713 <unknown>\n#8 0x55c29777d18b <unknown>\n#9 0x55c29777df7e <unknown>\n#10 0x55c297a338d8 <unknown>\n#11 0x55c297a37800 <unknown>\n#12 0x55c297a41cfc <unknown>\n#13 0x55c297a38418 <unknown>\n#14 0x55c297a0542f <unknown>\n#15 0x55c297a5c4e8 <unknown>\n#16 0x55c297a5c6b4 <unknown>\n#17 0x55c297a6d143 <unknown>\n#18 0x7fbf13f0a044 <unknown>","time":{"start":1697850466483,"stop":1697850471588,"duration":5105}},{"uid":"8bfc6a4a28e6b3ad","reportUrl":"https://zaelcovsky.github.io/StroyremAutomation/115//#testresult/8bfc6a4a28e6b3ad","status":"skipped","statusDetails":"XFAIL Цена стандартной доставки 4450\n\nselenium.common.exceptions.NoSuchElementException: Message: no such element: Unable to locate element: {\"method\":\"xpath\",\"selector\":\"//input[@class='amount']\"}\n  (Session info: headless chrome=118.0.5993.70); For documentation on this error, please visit: https://www.selenium.dev/documentation/webdriver/troubleshooting/errors#no-such-element-exception\nStacktrace:\n#0 0x558a17efffb3 <unknown>\n#1 0x558a17bd34a7 <unknown>\n#2 0x558a17c1add6 <unknown>\n#3 0x558a17c1aec1 <unknown>\n#4 0x558a17c58354 <unknown>\n#5 0x558a17c3c96d <unknown>\n#6 0x558a17c55c02 <unknown>\n#7 0x558a17c3c713 <unknown>\n#8 0x558a17c0f18b <unknown>\n#9 0x558a17c0ff7e <unknown>\n#10 0x558a17ec58d8 <unknown>\n#11 0x558a17ec9800 <unknown>\n#12 0x558a17ed3cfc <unknown>\n#13 0x558a17eca418 <unknown>\n#14 0x558a17e9742f <unknown>\n#15 0x558a17eee4e8 <unknown>\n#16 0x558a17eee6b4 <unknown>\n#17 0x558a17eff143 <unknown>\n#18 0x7fd8f671e044 <unknown>","time":{"start":1697764205411,"stop":1697764211218,"duration":5807}},{"uid":"cd245b81a192d366","reportUrl":"https://zaelcovsky.github.io/StroyremAutomation/114//#testresult/cd245b81a192d366","status":"skipped","statusDetails":"XFAIL Цена стандартной доставки 4450\n\nselenium.common.exceptions.NoSuchElementException: Message: no such element: Unable to locate element: {\"method\":\"xpath\",\"selector\":\"//input[@class='amount']\"}\n  (Session info: headless chrome=118.0.5993.70); For documentation on this error, please visit: https://www.selenium.dev/documentation/webdriver/troubleshooting/errors#no-such-element-exception\nStacktrace:\n#0 0x55ad6f49cfb3 <unknown>\n#1 0x55ad6f1704a7 <unknown>\n#2 0x55ad6f1b7dd6 <unknown>\n#3 0x55ad6f1b7ec1 <unknown>\n#4 0x55ad6f1f5354 <unknown>\n#5 0x55ad6f1d996d <unknown>\n#6 0x55ad6f1f2c02 <unknown>\n#7 0x55ad6f1d9713 <unknown>\n#8 0x55ad6f1ac18b <unknown>\n#9 0x55ad6f1acf7e <unknown>\n#10 0x55ad6f4628d8 <unknown>\n#11 0x55ad6f466800 <unknown>\n#12 0x55ad6f470cfc <unknown>\n#13 0x55ad6f467418 <unknown>\n#14 0x55ad6f43442f <unknown>\n#15 0x55ad6f48b4e8 <unknown>\n#16 0x55ad6f48b6b4 <unknown>\n#17 0x55ad6f49c143 <unknown>\n#18 0x7f8c4ebb8044 <unknown>","time":{"start":1697677808720,"stop":1697677814288,"duration":5568}},{"uid":"13631becfe2cb29a","reportUrl":"https://zaelcovsky.github.io/StroyremAutomation/113//#testresult/13631becfe2cb29a","status":"skipped","statusDetails":"XFAIL Цена стандартной доставки 4450\n\nselenium.common.exceptions.NoSuchElementException: Message: no such element: Unable to locate element: {\"method\":\"xpath\",\"selector\":\"//input[@class='amount']\"}\n  (Session info: headless chrome=118.0.5993.70); For documentation on this error, please visit: https://www.selenium.dev/documentation/webdriver/troubleshooting/errors#no-such-element-exception\nStacktrace:\n#0 0x5606c2493fb3 <unknown>\n#1 0x5606c21674a7 <unknown>\n#2 0x5606c21aedd6 <unknown>\n#3 0x5606c21aeec1 <unknown>\n#4 0x5606c21ec354 <unknown>\n#5 0x5606c21d096d <unknown>\n#6 0x5606c21e9c02 <unknown>\n#7 0x5606c21d0713 <unknown>\n#8 0x5606c21a318b <unknown>\n#9 0x5606c21a3f7e <unknown>\n#10 0x5606c24598d8 <unknown>\n#11 0x5606c245d800 <unknown>\n#12 0x5606c2467cfc <unknown>\n#13 0x5606c245e418 <unknown>\n#14 0x5606c242b42f <unknown>\n#15 0x5606c24824e8 <unknown>\n#16 0x5606c24826b4 <unknown>\n#17 0x5606c2493143 <unknown>\n#18 0x7fd16c48e044 <unknown>","time":{"start":1697591476848,"stop":1697591483173,"duration":6325}},{"uid":"84a5a7862b5d0a7a","reportUrl":"https://zaelcovsky.github.io/StroyremAutomation/112//#testresult/84a5a7862b5d0a7a","status":"skipped","statusDetails":"XFAIL Цена стандартной доставки 4450\n\nselenium.common.exceptions.NoSuchElementException: Message: no such element: Unable to locate element: {\"method\":\"xpath\",\"selector\":\"//input[@class='amount']\"}\n  (Session info: headless chrome=118.0.5993.70); For documentation on this error, please visit: https://www.selenium.dev/documentation/webdriver/troubleshooting/errors#no-such-element-exception\nStacktrace:\n#0 0x562b7bfd1fb3 <unknown>\n#1 0x562b7bca54a7 <unknown>\n#2 0x562b7bcecdd6 <unknown>\n#3 0x562b7bcecec1 <unknown>\n#4 0x562b7bd2a354 <unknown>\n#5 0x562b7bd0e96d <unknown>\n#6 0x562b7bd27c02 <unknown>\n#7 0x562b7bd0e713 <unknown>\n#8 0x562b7bce118b <unknown>\n#9 0x562b7bce1f7e <unknown>\n#10 0x562b7bf978d8 <unknown>\n#11 0x562b7bf9b800 <unknown>\n#12 0x562b7bfa5cfc <unknown>\n#13 0x562b7bf9c418 <unknown>\n#14 0x562b7bf6942f <unknown>\n#15 0x562b7bfc04e8 <unknown>\n#16 0x562b7bfc06b4 <unknown>\n#17 0x562b7bfd1143 <unknown>\n#18 0x7f880ec6a044 <unknown>","time":{"start":1697505104419,"stop":1697505112485,"duration":8066}},{"uid":"12355991af0f3a47","reportUrl":"https://zaelcovsky.github.io/StroyremAutomation/111//#testresult/12355991af0f3a47","status":"skipped","statusDetails":"XFAIL Цена стандартной доставки 4450\n\nselenium.common.exceptions.NoSuchElementException: Message: no such element: Unable to locate element: {\"method\":\"xpath\",\"selector\":\"//input[@class='amount']\"}\n  (Session info: headless chrome=118.0.5993.70); For documentation on this error, please visit: https://www.selenium.dev/documentation/webdriver/troubleshooting/errors#no-such-element-exception\nStacktrace:\n#0 0x55c3cef44fb3 <unknown>\n#1 0x55c3cec184a7 <unknown>\n#2 0x55c3cec5fdd6 <unknown>\n#3 0x55c3cec5fec1 <unknown>\n#4 0x55c3cec9d354 <unknown>\n#5 0x55c3cec8196d <unknown>\n#6 0x55c3cec9ac02 <unknown>\n#7 0x55c3cec81713 <unknown>\n#8 0x55c3cec5418b <unknown>\n#9 0x55c3cec54f7e <unknown>\n#10 0x55c3cef0a8d8 <unknown>\n#11 0x55c3cef0e800 <unknown>\n#12 0x55c3cef18cfc <unknown>\n#13 0x55c3cef0f418 <unknown>\n#14 0x55c3ceedc42f <unknown>\n#15 0x55c3cef334e8 <unknown>\n#16 0x55c3cef336b4 <unknown>\n#17 0x55c3cef44143 <unknown>\n#18 0x7fcf3d91a044 <unknown>","time":{"start":1697418645761,"stop":1697418651324,"duration":5563}},{"uid":"1d05d5e79bbf24d5","reportUrl":"https://zaelcovsky.github.io/StroyremAutomation/110//#testresult/1d05d5e79bbf24d5","status":"skipped","statusDetails":"XFAIL Цена стандартной доставки 4450\n\nselenium.common.exceptions.NoSuchElementException: Message: no such element: Unable to locate element: {\"method\":\"xpath\",\"selector\":\"(//a[@class='add-to-cart yellow-btn'])[1]\"}\n  (Session info: headless chrome=118.0.5993.70); For documentation on this error, please visit: https://www.selenium.dev/documentation/webdriver/troubleshooting/errors#no-such-element-exception\nStacktrace:\n#0 0x55780267ffb3 <unknown>\n#1 0x5578023534a7 <unknown>\n#2 0x55780239add6 <unknown>\n#3 0x55780239aec1 <unknown>\n#4 0x5578023d8354 <unknown>\n#5 0x5578023bc96d <unknown>\n#6 0x5578023d5c02 <unknown>\n#7 0x5578023bc713 <unknown>\n#8 0x55780238f18b <unknown>\n#9 0x55780238ff7e <unknown>\n#10 0x5578026458d8 <unknown>\n#11 0x557802649800 <unknown>\n#12 0x557802653cfc <unknown>\n#13 0x55780264a418 <unknown>\n#14 0x55780261742f <unknown>\n#15 0x55780266e4e8 <unknown>\n#16 0x55780266e6b4 <unknown>\n#17 0x55780267f143 <unknown>\n#18 0x7f3ffd368044 <unknown>","time":{"start":1697332386998,"stop":1697332387593,"duration":595}},{"uid":"ad400a5c0a690d05","reportUrl":"https://zaelcovsky.github.io/StroyremAutomation/109//#testresult/ad400a5c0a690d05","status":"skipped","statusDetails":"XFAIL Цена стандартной доставки 4450\n\nselenium.common.exceptions.NoSuchElementException: Message: no such element: Unable to locate element: {\"method\":\"xpath\",\"selector\":\"//input[@class='amount']\"}\n  (Session info: headless chrome=118.0.5993.70); For documentation on this error, please visit: https://www.selenium.dev/documentation/webdriver/troubleshooting/errors#no-such-element-exception\nStacktrace:\n#0 0x55beb261efb3 <unknown>\n#1 0x55beb22f24a7 <unknown>\n#2 0x55beb2339dd6 <unknown>\n#3 0x55beb2339ec1 <unknown>\n#4 0x55beb2377354 <unknown>\n#5 0x55beb235b96d <unknown>\n#6 0x55beb2374c02 <unknown>\n#7 0x55beb235b713 <unknown>\n#8 0x55beb232e18b <unknown>\n#9 0x55beb232ef7e <unknown>\n#10 0x55beb25e48d8 <unknown>\n#11 0x55beb25e8800 <unknown>\n#12 0x55beb25f2cfc <unknown>\n#13 0x55beb25e9418 <unknown>\n#14 0x55beb25b642f <unknown>\n#15 0x55beb260d4e8 <unknown>\n#16 0x55beb260d6b4 <unknown>\n#17 0x55beb261e143 <unknown>\n#18 0x7f1478046044 <unknown>","time":{"start":1697245913706,"stop":1697245924426,"duration":10720}},{"uid":"a5cc4ad8c794df6d","reportUrl":"https://zaelcovsky.github.io/StroyremAutomation/108//#testresult/a5cc4ad8c794df6d","status":"skipped","statusDetails":"XFAIL Цена стандартной доставки 4450\n\nselenium.common.exceptions.NoSuchElementException: Message: no such element: Unable to locate element: {\"method\":\"xpath\",\"selector\":\"(//a[@class='add-to-cart yellow-btn'])[1]\"}\n  (Session info: headless chrome=118.0.5993.70); For documentation on this error, please visit: https://www.selenium.dev/documentation/webdriver/troubleshooting/errors#no-such-element-exception\nStacktrace:\n#0 0x5635ad228fb3 <unknown>\n#1 0x5635acefc4a7 <unknown>\n#2 0x5635acf43dd6 <unknown>\n#3 0x5635acf43ec1 <unknown>\n#4 0x5635acf81354 <unknown>\n#5 0x5635acf6596d <unknown>\n#6 0x5635acf7ec02 <unknown>\n#7 0x5635acf65713 <unknown>\n#8 0x5635acf3818b <unknown>\n#9 0x5635acf38f7e <unknown>\n#10 0x5635ad1ee8d8 <unknown>\n#11 0x5635ad1f2800 <unknown>\n#12 0x5635ad1fccfc <unknown>\n#13 0x5635ad1f3418 <unknown>\n#14 0x5635ad1c042f <unknown>\n#15 0x5635ad2174e8 <unknown>\n#16 0x5635ad2176b4 <unknown>\n#17 0x5635ad228143 <unknown>\n#18 0x7fe38984f044 <unknown>","time":{"start":1697159491703,"stop":1697159496891,"duration":5188}},{"uid":"5884d6574c2f31cf","reportUrl":"https://zaelcovsky.github.io/StroyremAutomation/107//#testresult/5884d6574c2f31cf","status":"skipped","statusDetails":"XFAIL Цена стандартной доставки 4450\n\nselenium.common.exceptions.NoSuchElementException: Message: no such element: Unable to locate element: {\"method\":\"xpath\",\"selector\":\"(//a[@class='add-to-cart yellow-btn'])[1]\"}\n  (Session info: headless chrome=118.0.5993.70); For documentation on this error, please visit: https://www.selenium.dev/documentation/webdriver/troubleshooting/errors#no-such-element-exception\nStacktrace:\n#0 0x564721a53fb3 <unknown>\n#1 0x5647217274a7 <unknown>\n#2 0x56472176edd6 <unknown>\n#3 0x56472176eec1 <unknown>\n#4 0x5647217ac354 <unknown>\n#5 0x56472179096d <unknown>\n#6 0x5647217a9c02 <unknown>\n#7 0x564721790713 <unknown>\n#8 0x56472176318b <unknown>\n#9 0x564721763f7e <unknown>\n#10 0x564721a198d8 <unknown>\n#11 0x564721a1d800 <unknown>\n#12 0x564721a27cfc <unknown>\n#13 0x564721a1e418 <unknown>\n#14 0x5647219eb42f <unknown>\n#15 0x564721a424e8 <unknown>\n#16 0x564721a426b4 <unknown>\n#17 0x564721a53143 <unknown>\n#18 0x7f06a94a3044 <unknown>","time":{"start":1697072897382,"stop":1697072900647,"duration":3265}},{"uid":"5712d56ef0813f2b","reportUrl":"https://zaelcovsky.github.io/StroyremAutomation/106//#testresult/5712d56ef0813f2b","status":"skipped","statusDetails":"XFAIL Цена стандартной доставки 4450\n\nselenium.common.exceptions.NoSuchElementException: Message: no such element: Unable to locate element: {\"method\":\"xpath\",\"selector\":\"(//a[@class='add-to-cart yellow-btn'])[1]\"}\n  (Session info: headless chrome=118.0.5993.70); For documentation on this error, please visit: https://www.selenium.dev/documentation/webdriver/troubleshooting/errors#no-such-element-exception\nStacktrace:\n#0 0x5575c76bffb3 <unknown>\n#1 0x5575c73934a7 <unknown>\n#2 0x5575c73dadd6 <unknown>\n#3 0x5575c73daec1 <unknown>\n#4 0x5575c7418354 <unknown>\n#5 0x5575c73fc96d <unknown>\n#6 0x5575c7415c02 <unknown>\n#7 0x5575c73fc713 <unknown>\n#8 0x5575c73cf18b <unknown>\n#9 0x5575c73cff7e <unknown>\n#10 0x5575c76858d8 <unknown>\n#11 0x5575c7689800 <unknown>\n#12 0x5575c7693cfc <unknown>\n#13 0x5575c768a418 <unknown>\n#14 0x5575c765742f <unknown>\n#15 0x5575c76ae4e8 <unknown>\n#16 0x5575c76ae6b4 <unknown>\n#17 0x5575c76bf143 <unknown>\n#18 0x7fcd2a728044 <unknown>","time":{"start":1696986530640,"stop":1696986533555,"duration":2915}},{"uid":"e2813174fe705510","reportUrl":"https://zaelcovsky.github.io/StroyremAutomation/105//#testresult/e2813174fe705510","status":"skipped","statusDetails":"XFAIL Цена стандартной доставки 4450\n\nselenium.common.exceptions.NoSuchElementException: Message: no such element: Unable to locate element: {\"method\":\"xpath\",\"selector\":\"(//a[@class='add-to-cart yellow-btn'])[1]\"}\n  (Session info: headless chrome=117.0.5938.149); For documentation on this error, please visit: https://www.selenium.dev/documentation/webdriver/troubleshooting/errors#no-such-element-exception\nStacktrace:\n#0 0x55ff0ce1e933 <unknown>\n#1 0x55ff0caf86f7 <unknown>\n#2 0x55ff0cb3faa6 <unknown>\n#3 0x55ff0cb3fb91 <unknown>\n#4 0x55ff0cb7cfc4 <unknown>\n#5 0x55ff0cb6162d <unknown>\n#6 0x55ff0cb7a857 <unknown>\n#7 0x55ff0cb613d3 <unknown>\n#8 0x55ff0cb33e64 <unknown>\n#9 0x55ff0cb34c4e <unknown>\n#10 0x55ff0cde4558 <unknown>\n#11 0x55ff0cde84a0 <unknown>\n#12 0x55ff0cdf297c <unknown>\n#13 0x55ff0cde90b8 <unknown>\n#14 0x55ff0cdb4cdf <unknown>\n#15 0x55ff0ce0d048 <unknown>\n#16 0x55ff0ce0d219 <unknown>\n#17 0x55ff0ce1dac3 <unknown>\n#18 0x7fbaf347b044 <unknown>","time":{"start":1696900056702,"stop":1696900057226,"duration":524}}]},"tags":["smoke","@pytest.mark.xfail(reason='Цена стандартной доставки 4450')"]},"source":"ef4344c248de2880.json","parameterValues":["13480","366","'TD 013'","12450","'products/shtukaturka-gipsovaya-aksolit-m50-30-kg-mashinnogo-naneseniya'","4800","'https://sandboxtest.stroyrem-nn.ru/'","11000"]}