{"uid":"f321d5c500c77245","name":"TC 011 - Проверка функциональности ссылки 'Подъем на этаж'","fullName":"tests.test_main_page.TestMainPage#test_positive_footer_lifting_smoke","historyId":"a471821c1810b98ab4357088c4c3f5dc","time":{"start":1698627822811,"stop":1698627822826,"duration":15},"status":"broken","statusMessage":"selenium.common.exceptions.NoSuchElementException: Message: no such element: Unable to locate element: {\"method\":\"xpath\",\"selector\":\"(//a[@href='/podem-strojmaterialov-v-kvartiru'])[3]\"}\n  (Session info: headless chrome=118.0.5993.70); For documentation on this error, please visit: https://www.selenium.dev/documentation/webdriver/troubleshooting/errors#no-such-element-exception\nStacktrace:\n#0 0x563e8da50fb3 <unknown>\n#1 0x563e8d7244a7 <unknown>\n#2 0x563e8d76bdd6 <unknown>\n#3 0x563e8d76bec1 <unknown>\n#4 0x563e8d7a9354 <unknown>\n#5 0x563e8d78d96d <unknown>\n#6 0x563e8d7a6c02 <unknown>\n#7 0x563e8d78d713 <unknown>\n#8 0x563e8d76018b <unknown>\n#9 0x563e8d760f7e <unknown>\n#10 0x563e8da168d8 <unknown>\n#11 0x563e8da1a800 <unknown>\n#12 0x563e8da24cfc <unknown>\n#13 0x563e8da1b418 <unknown>\n#14 0x563e8d9e842f <unknown>\n#15 0x563e8da3f4e8 <unknown>\n#16 0x563e8da3f6b4 <unknown>\n#17 0x563e8da50143 <unknown>\n#18 0x7fed78419044 <unknown>","statusTrace":"self = <tests.test_main_page.TestMainPage object at 0x7f5ddd989bd0>\nmain_page = <pages.main_page.MainPage object at 0x7f5dde6002d0>\n\n    @allure.feature(\"Footer functionality\")\n    @allure.title(\"TC 011 - Проверка функциональности ссылки 'Подъем на этаж'\")\n    @pytest.mark.smoke_test\n    def test_positive_footer_lifting_smoke(self, main_page):\n        lifting_page = LiftingPage(main_page.driver)\n>       main_page.check_floor_climb_link()\n\ntests/test_main_page.py:107: \n_ _ _ _ _ _ _ _ _ _ _ _ _ _ _ _ _ _ _ _ _ _ _ _ _ _ _ _ _ _ _ _ _ _ _ _ _ _ _ _ \npages/main_page.py:142: in check_floor_climb_link\n    self.driver.find_element(*self._floor_climb_link).click()\n/usr/local/lib/python3.11/site-packages/selenium/webdriver/remote/webdriver.py:740: in find_element\n    return self.execute(Command.FIND_ELEMENT, {\"using\": by, \"value\": value})[\"value\"]\n/usr/local/lib/python3.11/site-packages/selenium/webdriver/remote/webdriver.py:346: in execute\n    self.error_handler.check_response(response)\n_ _ _ _ _ _ _ _ _ _ _ _ _ _ _ _ _ _ _ _ _ _ _ _ _ _ _ _ _ _ _ _ _ _ _ _ _ _ _ _ \n\nself = <selenium.webdriver.remote.errorhandler.ErrorHandler object at 0x7f5ddd482a50>\nresponse = {'status': 404, 'value': '{\"value\":{\"error\":\"no such element\",\"message\":\"no such element: Unable to locate element: {\\...\\\\n#16 0x563e8da3f6b4 \\\\u003Cunknown>\\\\n#17 0x563e8da50143 \\\\u003Cunknown>\\\\n#18 0x7fed78419044 \\\\u003Cunknown>\\\\n\"}}'}\n\n    def check_response(self, response: Dict[str, Any]) -> None:\n        \"\"\"Checks that a JSON response from the WebDriver does not have an\n        error.\n    \n        :Args:\n         - response - The JSON response from the WebDriver server as a dictionary\n           object.\n    \n        :Raises: If the response contains an error message.\n        \"\"\"\n        status = response.get(\"status\", None)\n        if not status or status == ErrorCode.SUCCESS:\n            return\n        value = None\n        message = response.get(\"message\", \"\")\n        screen: str = response.get(\"screen\", \"\")\n        stacktrace = None\n        if isinstance(status, int):\n            value_json = response.get(\"value\", None)\n            if value_json and isinstance(value_json, str):\n                import json\n    \n                try:\n                    value = json.loads(value_json)\n                    if len(value) == 1:\n                        value = value[\"value\"]\n                    status = value.get(\"error\", None)\n                    if not status:\n                        status = value.get(\"status\", ErrorCode.UNKNOWN_ERROR)\n                        message = value.get(\"value\") or value.get(\"message\")\n                        if not isinstance(message, str):\n                            value = message\n                            message = message.get(\"message\")\n                    else:\n                        message = value.get(\"message\", None)\n                except ValueError:\n                    pass\n    \n        exception_class: Type[WebDriverException]\n        if status in ErrorCode.NO_SUCH_ELEMENT:\n            exception_class = NoSuchElementException\n        elif status in ErrorCode.NO_SUCH_FRAME:\n            exception_class = NoSuchFrameException\n        elif status in ErrorCode.NO_SUCH_SHADOW_ROOT:\n            exception_class = NoSuchShadowRootException\n        elif status in ErrorCode.NO_SUCH_WINDOW:\n            exception_class = NoSuchWindowException\n        elif status in ErrorCode.STALE_ELEMENT_REFERENCE:\n            exception_class = StaleElementReferenceException\n        elif status in ErrorCode.ELEMENT_NOT_VISIBLE:\n            exception_class = ElementNotVisibleException\n        elif status in ErrorCode.INVALID_ELEMENT_STATE:\n            exception_class = InvalidElementStateException\n        elif (\n            status in ErrorCode.INVALID_SELECTOR\n            or status in ErrorCode.INVALID_XPATH_SELECTOR\n            or status in ErrorCode.INVALID_XPATH_SELECTOR_RETURN_TYPER\n        ):\n            exception_class = InvalidSelectorException\n        elif status in ErrorCode.ELEMENT_IS_NOT_SELECTABLE:\n            exception_class = ElementNotSelectableException\n        elif status in ErrorCode.ELEMENT_NOT_INTERACTABLE:\n            exception_class = ElementNotInteractableException\n        elif status in ErrorCode.INVALID_COOKIE_DOMAIN:\n            exception_class = InvalidCookieDomainException\n        elif status in ErrorCode.UNABLE_TO_SET_COOKIE:\n            exception_class = UnableToSetCookieException\n        elif status in ErrorCode.TIMEOUT:\n            exception_class = TimeoutException\n        elif status in ErrorCode.SCRIPT_TIMEOUT:\n            exception_class = TimeoutException\n        elif status in ErrorCode.UNKNOWN_ERROR:\n            exception_class = WebDriverException\n        elif status in ErrorCode.UNEXPECTED_ALERT_OPEN:\n            exception_class = UnexpectedAlertPresentException\n        elif status in ErrorCode.NO_ALERT_OPEN:\n            exception_class = NoAlertPresentException\n        elif status in ErrorCode.IME_NOT_AVAILABLE:\n            exception_class = ImeNotAvailableException\n        elif status in ErrorCode.IME_ENGINE_ACTIVATION_FAILED:\n            exception_class = ImeActivationFailedException\n        elif status in ErrorCode.MOVE_TARGET_OUT_OF_BOUNDS:\n            exception_class = MoveTargetOutOfBoundsException\n        elif status in ErrorCode.JAVASCRIPT_ERROR:\n            exception_class = JavascriptException\n        elif status in ErrorCode.SESSION_NOT_CREATED:\n            exception_class = SessionNotCreatedException\n        elif status in ErrorCode.INVALID_ARGUMENT:\n            exception_class = InvalidArgumentException\n        elif status in ErrorCode.NO_SUCH_COOKIE:\n            exception_class = NoSuchCookieException\n        elif status in ErrorCode.UNABLE_TO_CAPTURE_SCREEN:\n            exception_class = ScreenshotException\n        elif status in ErrorCode.ELEMENT_CLICK_INTERCEPTED:\n            exception_class = ElementClickInterceptedException\n        elif status in ErrorCode.INSECURE_CERTIFICATE:\n            exception_class = InsecureCertificateException\n        elif status in ErrorCode.INVALID_COORDINATES:\n            exception_class = InvalidCoordinatesException\n        elif status in ErrorCode.INVALID_SESSION_ID:\n            exception_class = InvalidSessionIdException\n        elif status in ErrorCode.UNKNOWN_METHOD:\n            exception_class = UnknownMethodException\n        else:\n            exception_class = WebDriverException\n        if not value:\n            value = response[\"value\"]\n        if isinstance(value, str):\n            raise exception_class(value)\n        if message == \"\" and \"message\" in value:\n            message = value[\"message\"]\n    \n        screen = None  # type: ignore[assignment]\n        if \"screen\" in value:\n            screen = value[\"screen\"]\n    \n        stacktrace = None\n        st_value = value.get(\"stackTrace\") or value.get(\"stacktrace\")\n        if st_value:\n            if isinstance(st_value, str):\n                stacktrace = st_value.split(\"\\n\")\n            else:\n                stacktrace = []\n                try:\n                    for frame in st_value:\n                        line = frame.get(\"lineNumber\", \"\")\n                        file = frame.get(\"fileName\", \"<anonymous>\")\n                        if line:\n                            file = f\"{file}:{line}\"\n                        meth = frame.get(\"methodName\", \"<anonymous>\")\n                        if \"className\" in frame:\n                            meth = f\"{frame['className']}.{meth}\"\n                        msg = \"    at %s (%s)\"\n                        msg = msg % (meth, file)\n                        stacktrace.append(msg)\n                except TypeError:\n                    pass\n        if exception_class == UnexpectedAlertPresentException:\n            alert_text = None\n            if \"data\" in value:\n                alert_text = value[\"data\"].get(\"text\")\n            elif \"alert\" in value:\n                alert_text = value[\"alert\"].get(\"text\")\n            raise exception_class(message, screen, stacktrace, alert_text)  # type: ignore[call-arg]  # mypy is not smart enough here\n>       raise exception_class(message, screen, stacktrace)\nE       selenium.common.exceptions.NoSuchElementException: Message: no such element: Unable to locate element: {\"method\":\"xpath\",\"selector\":\"(//a[@href='/podem-strojmaterialov-v-kvartiru'])[3]\"}\nE         (Session info: headless chrome=118.0.5993.70); For documentation on this error, please visit: https://www.selenium.dev/documentation/webdriver/troubleshooting/errors#no-such-element-exception\nE       Stacktrace:\nE       #0 0x563e8da50fb3 <unknown>\nE       #1 0x563e8d7244a7 <unknown>\nE       #2 0x563e8d76bdd6 <unknown>\nE       #3 0x563e8d76bec1 <unknown>\nE       #4 0x563e8d7a9354 <unknown>\nE       #5 0x563e8d78d96d <unknown>\nE       #6 0x563e8d7a6c02 <unknown>\nE       #7 0x563e8d78d713 <unknown>\nE       #8 0x563e8d76018b <unknown>\nE       #9 0x563e8d760f7e <unknown>\nE       #10 0x563e8da168d8 <unknown>\nE       #11 0x563e8da1a800 <unknown>\nE       #12 0x563e8da24cfc <unknown>\nE       #13 0x563e8da1b418 <unknown>\nE       #14 0x563e8d9e842f <unknown>\nE       #15 0x563e8da3f4e8 <unknown>\nE       #16 0x563e8da3f6b4 <unknown>\nE       #17 0x563e8da50143 <unknown>\nE       #18 0x7fed78419044 <unknown>\n\n/usr/local/lib/python3.11/site-packages/selenium/webdriver/remote/errorhandler.py:245: NoSuchElementException","flaky":false,"newFailed":false,"newBroken":false,"newPassed":false,"retriesCount":0,"retriesStatusChange":false,"beforeStages":[{"name":"_session_faker","time":{"start":1698627700828,"stop":1698627700912,"duration":84},"status":"passed","steps":[],"attachments":[],"parameters":[],"shouldDisplayMessage":false,"stepsCount":0,"attachmentsCount":0,"hasContent":false},{"name":"clear_allure_results_folder","time":{"start":1698627700912,"stop":1698627700912,"duration":0},"status":"passed","steps":[],"attachments":[],"parameters":[],"shouldDisplayMessage":false,"stepsCount":0,"attachmentsCount":0,"hasContent":false},{"name":"driver","time":{"start":1698627821648,"stop":1698627822426,"duration":778},"status":"passed","steps":[],"attachments":[],"parameters":[],"shouldDisplayMessage":false,"stepsCount":0,"attachmentsCount":0,"hasContent":false},{"name":"setup","time":{"start":1698627822426,"stop":1698627822426,"duration":0},"status":"passed","steps":[],"attachments":[],"parameters":[],"shouldDisplayMessage":false,"stepsCount":0,"attachmentsCount":0,"hasContent":false},{"name":"main_page","time":{"start":1698627822427,"stop":1698627822810,"duration":383},"status":"passed","steps":[],"attachments":[],"parameters":[],"shouldDisplayMessage":false,"stepsCount":0,"attachmentsCount":0,"hasContent":false}],"testStage":{"status":"broken","statusMessage":"selenium.common.exceptions.NoSuchElementException: Message: no such element: Unable to locate element: {\"method\":\"xpath\",\"selector\":\"(//a[@href='/podem-strojmaterialov-v-kvartiru'])[3]\"}\n  (Session info: headless chrome=118.0.5993.70); For documentation on this error, please visit: https://www.selenium.dev/documentation/webdriver/troubleshooting/errors#no-such-element-exception\nStacktrace:\n#0 0x563e8da50fb3 <unknown>\n#1 0x563e8d7244a7 <unknown>\n#2 0x563e8d76bdd6 <unknown>\n#3 0x563e8d76bec1 <unknown>\n#4 0x563e8d7a9354 <unknown>\n#5 0x563e8d78d96d <unknown>\n#6 0x563e8d7a6c02 <unknown>\n#7 0x563e8d78d713 <unknown>\n#8 0x563e8d76018b <unknown>\n#9 0x563e8d760f7e <unknown>\n#10 0x563e8da168d8 <unknown>\n#11 0x563e8da1a800 <unknown>\n#12 0x563e8da24cfc <unknown>\n#13 0x563e8da1b418 <unknown>\n#14 0x563e8d9e842f <unknown>\n#15 0x563e8da3f4e8 <unknown>\n#16 0x563e8da3f6b4 <unknown>\n#17 0x563e8da50143 <unknown>\n#18 0x7fed78419044 <unknown>","statusTrace":"self = <tests.test_main_page.TestMainPage object at 0x7f5ddd989bd0>\nmain_page = <pages.main_page.MainPage object at 0x7f5dde6002d0>\n\n    @allure.feature(\"Footer functionality\")\n    @allure.title(\"TC 011 - Проверка функциональности ссылки 'Подъем на этаж'\")\n    @pytest.mark.smoke_test\n    def test_positive_footer_lifting_smoke(self, main_page):\n        lifting_page = LiftingPage(main_page.driver)\n>       main_page.check_floor_climb_link()\n\ntests/test_main_page.py:107: \n_ _ _ _ _ _ _ _ _ _ _ _ _ _ _ _ _ _ _ _ _ _ _ _ _ _ _ _ _ _ _ _ _ _ _ _ _ _ _ _ \npages/main_page.py:142: in check_floor_climb_link\n    self.driver.find_element(*self._floor_climb_link).click()\n/usr/local/lib/python3.11/site-packages/selenium/webdriver/remote/webdriver.py:740: in find_element\n    return self.execute(Command.FIND_ELEMENT, {\"using\": by, \"value\": value})[\"value\"]\n/usr/local/lib/python3.11/site-packages/selenium/webdriver/remote/webdriver.py:346: in execute\n    self.error_handler.check_response(response)\n_ _ _ _ _ _ _ _ _ _ _ _ _ _ _ _ _ _ _ _ _ _ _ _ _ _ _ _ _ _ _ _ _ _ _ _ _ _ _ _ \n\nself = <selenium.webdriver.remote.errorhandler.ErrorHandler object at 0x7f5ddd482a50>\nresponse = {'status': 404, 'value': '{\"value\":{\"error\":\"no such element\",\"message\":\"no such element: Unable to locate element: {\\...\\\\n#16 0x563e8da3f6b4 \\\\u003Cunknown>\\\\n#17 0x563e8da50143 \\\\u003Cunknown>\\\\n#18 0x7fed78419044 \\\\u003Cunknown>\\\\n\"}}'}\n\n    def check_response(self, response: Dict[str, Any]) -> None:\n        \"\"\"Checks that a JSON response from the WebDriver does not have an\n        error.\n    \n        :Args:\n         - response - The JSON response from the WebDriver server as a dictionary\n           object.\n    \n        :Raises: If the response contains an error message.\n        \"\"\"\n        status = response.get(\"status\", None)\n        if not status or status == ErrorCode.SUCCESS:\n            return\n        value = None\n        message = response.get(\"message\", \"\")\n        screen: str = response.get(\"screen\", \"\")\n        stacktrace = None\n        if isinstance(status, int):\n            value_json = response.get(\"value\", None)\n            if value_json and isinstance(value_json, str):\n                import json\n    \n                try:\n                    value = json.loads(value_json)\n                    if len(value) == 1:\n                        value = value[\"value\"]\n                    status = value.get(\"error\", None)\n                    if not status:\n                        status = value.get(\"status\", ErrorCode.UNKNOWN_ERROR)\n                        message = value.get(\"value\") or value.get(\"message\")\n                        if not isinstance(message, str):\n                            value = message\n                            message = message.get(\"message\")\n                    else:\n                        message = value.get(\"message\", None)\n                except ValueError:\n                    pass\n    \n        exception_class: Type[WebDriverException]\n        if status in ErrorCode.NO_SUCH_ELEMENT:\n            exception_class = NoSuchElementException\n        elif status in ErrorCode.NO_SUCH_FRAME:\n            exception_class = NoSuchFrameException\n        elif status in ErrorCode.NO_SUCH_SHADOW_ROOT:\n            exception_class = NoSuchShadowRootException\n        elif status in ErrorCode.NO_SUCH_WINDOW:\n            exception_class = NoSuchWindowException\n        elif status in ErrorCode.STALE_ELEMENT_REFERENCE:\n            exception_class = StaleElementReferenceException\n        elif status in ErrorCode.ELEMENT_NOT_VISIBLE:\n            exception_class = ElementNotVisibleException\n        elif status in ErrorCode.INVALID_ELEMENT_STATE:\n            exception_class = InvalidElementStateException\n        elif (\n            status in ErrorCode.INVALID_SELECTOR\n            or status in ErrorCode.INVALID_XPATH_SELECTOR\n            or status in ErrorCode.INVALID_XPATH_SELECTOR_RETURN_TYPER\n        ):\n            exception_class = InvalidSelectorException\n        elif status in ErrorCode.ELEMENT_IS_NOT_SELECTABLE:\n            exception_class = ElementNotSelectableException\n        elif status in ErrorCode.ELEMENT_NOT_INTERACTABLE:\n            exception_class = ElementNotInteractableException\n        elif status in ErrorCode.INVALID_COOKIE_DOMAIN:\n            exception_class = InvalidCookieDomainException\n        elif status in ErrorCode.UNABLE_TO_SET_COOKIE:\n            exception_class = UnableToSetCookieException\n        elif status in ErrorCode.TIMEOUT:\n            exception_class = TimeoutException\n        elif status in ErrorCode.SCRIPT_TIMEOUT:\n            exception_class = TimeoutException\n        elif status in ErrorCode.UNKNOWN_ERROR:\n            exception_class = WebDriverException\n        elif status in ErrorCode.UNEXPECTED_ALERT_OPEN:\n            exception_class = UnexpectedAlertPresentException\n        elif status in ErrorCode.NO_ALERT_OPEN:\n            exception_class = NoAlertPresentException\n        elif status in ErrorCode.IME_NOT_AVAILABLE:\n            exception_class = ImeNotAvailableException\n        elif status in ErrorCode.IME_ENGINE_ACTIVATION_FAILED:\n            exception_class = ImeActivationFailedException\n        elif status in ErrorCode.MOVE_TARGET_OUT_OF_BOUNDS:\n            exception_class = MoveTargetOutOfBoundsException\n        elif status in ErrorCode.JAVASCRIPT_ERROR:\n            exception_class = JavascriptException\n        elif status in ErrorCode.SESSION_NOT_CREATED:\n            exception_class = SessionNotCreatedException\n        elif status in ErrorCode.INVALID_ARGUMENT:\n            exception_class = InvalidArgumentException\n        elif status in ErrorCode.NO_SUCH_COOKIE:\n            exception_class = NoSuchCookieException\n        elif status in ErrorCode.UNABLE_TO_CAPTURE_SCREEN:\n            exception_class = ScreenshotException\n        elif status in ErrorCode.ELEMENT_CLICK_INTERCEPTED:\n            exception_class = ElementClickInterceptedException\n        elif status in ErrorCode.INSECURE_CERTIFICATE:\n            exception_class = InsecureCertificateException\n        elif status in ErrorCode.INVALID_COORDINATES:\n            exception_class = InvalidCoordinatesException\n        elif status in ErrorCode.INVALID_SESSION_ID:\n            exception_class = InvalidSessionIdException\n        elif status in ErrorCode.UNKNOWN_METHOD:\n            exception_class = UnknownMethodException\n        else:\n            exception_class = WebDriverException\n        if not value:\n            value = response[\"value\"]\n        if isinstance(value, str):\n            raise exception_class(value)\n        if message == \"\" and \"message\" in value:\n            message = value[\"message\"]\n    \n        screen = None  # type: ignore[assignment]\n        if \"screen\" in value:\n            screen = value[\"screen\"]\n    \n        stacktrace = None\n        st_value = value.get(\"stackTrace\") or value.get(\"stacktrace\")\n        if st_value:\n            if isinstance(st_value, str):\n                stacktrace = st_value.split(\"\\n\")\n            else:\n                stacktrace = []\n                try:\n                    for frame in st_value:\n                        line = frame.get(\"lineNumber\", \"\")\n                        file = frame.get(\"fileName\", \"<anonymous>\")\n                        if line:\n                            file = f\"{file}:{line}\"\n                        meth = frame.get(\"methodName\", \"<anonymous>\")\n                        if \"className\" in frame:\n                            meth = f\"{frame['className']}.{meth}\"\n                        msg = \"    at %s (%s)\"\n                        msg = msg % (meth, file)\n                        stacktrace.append(msg)\n                except TypeError:\n                    pass\n        if exception_class == UnexpectedAlertPresentException:\n            alert_text = None\n            if \"data\" in value:\n                alert_text = value[\"data\"].get(\"text\")\n            elif \"alert\" in value:\n                alert_text = value[\"alert\"].get(\"text\")\n            raise exception_class(message, screen, stacktrace, alert_text)  # type: ignore[call-arg]  # mypy is not smart enough here\n>       raise exception_class(message, screen, stacktrace)\nE       selenium.common.exceptions.NoSuchElementException: Message: no such element: Unable to locate element: {\"method\":\"xpath\",\"selector\":\"(//a[@href='/podem-strojmaterialov-v-kvartiru'])[3]\"}\nE         (Session info: headless chrome=118.0.5993.70); For documentation on this error, please visit: https://www.selenium.dev/documentation/webdriver/troubleshooting/errors#no-such-element-exception\nE       Stacktrace:\nE       #0 0x563e8da50fb3 <unknown>\nE       #1 0x563e8d7244a7 <unknown>\nE       #2 0x563e8d76bdd6 <unknown>\nE       #3 0x563e8d76bec1 <unknown>\nE       #4 0x563e8d7a9354 <unknown>\nE       #5 0x563e8d78d96d <unknown>\nE       #6 0x563e8d7a6c02 <unknown>\nE       #7 0x563e8d78d713 <unknown>\nE       #8 0x563e8d76018b <unknown>\nE       #9 0x563e8d760f7e <unknown>\nE       #10 0x563e8da168d8 <unknown>\nE       #11 0x563e8da1a800 <unknown>\nE       #12 0x563e8da24cfc <unknown>\nE       #13 0x563e8da1b418 <unknown>\nE       #14 0x563e8d9e842f <unknown>\nE       #15 0x563e8da3f4e8 <unknown>\nE       #16 0x563e8da3f6b4 <unknown>\nE       #17 0x563e8da50143 <unknown>\nE       #18 0x7fed78419044 <unknown>\n\n/usr/local/lib/python3.11/site-packages/selenium/webdriver/remote/errorhandler.py:245: NoSuchElementException","steps":[{"name":"Проверка функциональности ссылки 'Подъем на этаж'","time":{"start":1698627822811,"stop":1698627822826,"duration":15},"status":"broken","statusMessage":"selenium.common.exceptions.NoSuchElementException: Message: no such element: Unable to locate element: {\"method\":\"xpath\",\"selector\":\"(//a[@href='/podem-strojmaterialov-v-kvartiru'])[3]\"}\n  (Session info: headless chrome=118.0.5993.70); For documentation on this error, please visit: https://www.selenium.dev/documentation/webdriver/troubleshooting/errors#no-such-element-exception\nStacktrace:\n#0 0x563e8da50fb3 <unknown>\n#1 0x563e8d7244a7 <unknown>\n#2 0x563e8d76bdd6 <unknown>\n#3 0x563e8d76bec1 <unknown>\n#4 0x563e8d7a9354 <unknown>\n#5 0x563e8d78d96d <unknown>\n#6 0x563e8d7a6c02 <unknown>\n#7 0x563e8d78d713 <unknown>\n#8 0x563e8d76018b <unknown>\n#9 0x563e8d760f7e <unknown>\n#10 0x563e8da168d8 <unknown>\n#11 0x563e8da1a800 <unknown>\n#12 0x563e8da24cfc <unknown>\n#13 0x563e8da1b418 <unknown>\n#14 0x563e8d9e842f <unknown>\n#15 0x563e8da3f4e8 <unknown>\n#16 0x563e8da3f6b4 <unknown>\n#17 0x563e8da50143 <unknown>\n#18 0x7fed78419044 <unknown>\n\n","statusTrace":"  File \"/usr/local/lib/python3.11/site-packages/allure_commons/_allure.py\", line 192, in impl\n    return func(*a, **kw)\n           ^^^^^^^^^^^^^^\n  File \"/app/pages/main_page.py\", line 142, in check_floor_climb_link\n    self.driver.find_element(*self._floor_climb_link).click()\n    ^^^^^^^^^^^^^^^^^^^^^^^^^^^^^^^^^^^^^^^^^^^^^^^^^\n  File \"/usr/local/lib/python3.11/site-packages/selenium/webdriver/remote/webdriver.py\", line 740, in find_element\n    return self.execute(Command.FIND_ELEMENT, {\"using\": by, \"value\": value})[\"value\"]\n           ^^^^^^^^^^^^^^^^^^^^^^^^^^^^^^^^^^^^^^^^^^^^^^^^^^^^^^^^^^^^^^^^^\n  File \"/usr/local/lib/python3.11/site-packages/selenium/webdriver/remote/webdriver.py\", line 346, in execute\n    self.error_handler.check_response(response)\n  File \"/usr/local/lib/python3.11/site-packages/selenium/webdriver/remote/errorhandler.py\", line 245, in check_response\n    raise exception_class(message, screen, stacktrace)\n","steps":[],"attachments":[],"parameters":[],"shouldDisplayMessage":true,"stepsCount":0,"attachmentsCount":0,"hasContent":true}],"attachments":[{"uid":"7a49e125c6b64a49","name":"Screenshot","source":"7a49e125c6b64a49.png","type":"image/png","size":39127},{"uid":"aaeb74625053ff74","name":"HTML source","source":"aaeb74625053ff74.html","type":"text/html","size":538}],"parameters":[],"shouldDisplayMessage":true,"stepsCount":1,"attachmentsCount":2,"hasContent":true},"afterStages":[{"name":"setup::0","time":{"start":1698627822955,"stop":1698627822955,"duration":0},"status":"passed","steps":[],"attachments":[],"parameters":[],"shouldDisplayMessage":false,"stepsCount":0,"attachmentsCount":0,"hasContent":false},{"name":"driver::0","time":{"start":1698627822955,"stop":1698627823012,"duration":57},"status":"passed","steps":[],"attachments":[],"parameters":[],"shouldDisplayMessage":false,"stepsCount":0,"attachmentsCount":0,"hasContent":false}],"labels":[{"name":"feature","value":"Footer functionality"},{"name":"epic","value":"Main Page"},{"name":"tag","value":"smoke_test"},{"name":"parentSuite","value":"tests"},{"name":"suite","value":"test_main_page"},{"name":"subSuite","value":"TestMainPage"},{"name":"host","value":"7aa24773febf"},{"name":"thread","value":"1-MainThread"},{"name":"framework","value":"pytest"},{"name":"language","value":"cpython3"},{"name":"package","value":"tests.test_main_page"},{"name":"resultFormat","value":"allure2"}],"parameters":[{"name":"url","value":"'https://test2.stroyrem-nn.ru/'"}],"links":[],"hidden":false,"retry":false,"extra":{"severity":"normal","retries":[],"categories":[{"name":"Test defects","matchedStatuses":[],"flaky":false}],"history":{"statistic":{"failed":0,"broken":47,"skipped":0,"passed":35,"unknown":0,"total":82},"items":[{"uid":"15229baf886c3e9f","reportUrl":"https://zaelcovsky.github.io/StroyremAutomation/124//#testresult/15229baf886c3e9f","status":"broken","statusDetails":"selenium.common.exceptions.NoSuchElementException: Message: no such element: Unable to locate element: {\"method\":\"xpath\",\"selector\":\"(//a[@href='/podem-strojmaterialov-v-kvartiru'])[3]\"}\n  (Session info: headless chrome=118.0.5993.70); For documentation on this error, please visit: https://www.selenium.dev/documentation/webdriver/troubleshooting/errors#no-such-element-exception\nStacktrace:\n#0 0x556c7338ffb3 <unknown>\n#1 0x556c730634a7 <unknown>\n#2 0x556c730aadd6 <unknown>\n#3 0x556c730aaec1 <unknown>\n#4 0x556c730e8354 <unknown>\n#5 0x556c730cc96d <unknown>\n#6 0x556c730e5c02 <unknown>\n#7 0x556c730cc713 <unknown>\n#8 0x556c7309f18b <unknown>\n#9 0x556c7309ff7e <unknown>\n#10 0x556c733558d8 <unknown>\n#11 0x556c73359800 <unknown>\n#12 0x556c73363cfc <unknown>\n#13 0x556c7335a418 <unknown>\n#14 0x556c7332742f <unknown>\n#15 0x556c7337e4e8 <unknown>\n#16 0x556c7337e6b4 <unknown>\n#17 0x556c7338f143 <unknown>\n#18 0x7fbf9b99d044 <unknown>","time":{"start":1698541609064,"stop":1698541609082,"duration":18}},{"uid":"404b3eaccea1bac6","reportUrl":"https://zaelcovsky.github.io/StroyremAutomation/123//#testresult/404b3eaccea1bac6","status":"broken","statusDetails":"selenium.common.exceptions.NoSuchElementException: Message: no such element: Unable to locate element: {\"method\":\"xpath\",\"selector\":\"(//a[@href='/podem-strojmaterialov-v-kvartiru'])[3]\"}\n  (Session info: headless chrome=118.0.5993.70); For documentation on this error, please visit: https://www.selenium.dev/documentation/webdriver/troubleshooting/errors#no-such-element-exception\nStacktrace:\n#0 0x55b6f8880fb3 <unknown>\n#1 0x55b6f85544a7 <unknown>\n#2 0x55b6f859bdd6 <unknown>\n#3 0x55b6f859bec1 <unknown>\n#4 0x55b6f85d9354 <unknown>\n#5 0x55b6f85bd96d <unknown>\n#6 0x55b6f85d6c02 <unknown>\n#7 0x55b6f85bd713 <unknown>\n#8 0x55b6f859018b <unknown>\n#9 0x55b6f8590f7e <unknown>\n#10 0x55b6f88468d8 <unknown>\n#11 0x55b6f884a800 <unknown>\n#12 0x55b6f8854cfc <unknown>\n#13 0x55b6f884b418 <unknown>\n#14 0x55b6f881842f <unknown>\n#15 0x55b6f886f4e8 <unknown>\n#16 0x55b6f886f6b4 <unknown>\n#17 0x55b6f8880143 <unknown>\n#18 0x7ff18b498044 <unknown>","time":{"start":1698454889107,"stop":1698454889125,"duration":18}},{"uid":"62f168bb6b6bc7e6","reportUrl":"https://zaelcovsky.github.io/StroyremAutomation/122//#testresult/62f168bb6b6bc7e6","status":"broken","statusDetails":"selenium.common.exceptions.NoSuchElementException: Message: no such element: Unable to locate element: {\"method\":\"xpath\",\"selector\":\"(//a[@href='/podem-strojmaterialov-v-kvartiru'])[3]\"}\n  (Session info: headless chrome=118.0.5993.70); For documentation on this error, please visit: https://www.selenium.dev/documentation/webdriver/troubleshooting/errors#no-such-element-exception\nStacktrace:\n#0 0x55ce31b40fb3 <unknown>\n#1 0x55ce318144a7 <unknown>\n#2 0x55ce3185bdd6 <unknown>\n#3 0x55ce3185bec1 <unknown>\n#4 0x55ce31899354 <unknown>\n#5 0x55ce3187d96d <unknown>\n#6 0x55ce31896c02 <unknown>\n#7 0x55ce3187d713 <unknown>\n#8 0x55ce3185018b <unknown>\n#9 0x55ce31850f7e <unknown>\n#10 0x55ce31b068d8 <unknown>\n#11 0x55ce31b0a800 <unknown>\n#12 0x55ce31b14cfc <unknown>\n#13 0x55ce31b0b418 <unknown>\n#14 0x55ce31ad842f <unknown>\n#15 0x55ce31b2f4e8 <unknown>\n#16 0x55ce31b2f6b4 <unknown>\n#17 0x55ce31b40143 <unknown>\n#18 0x7f90fe77b044 <unknown>","time":{"start":1698368547931,"stop":1698368547948,"duration":17}},{"uid":"4e46932fdbb585ca","reportUrl":"https://zaelcovsky.github.io/StroyremAutomation/121//#testresult/4e46932fdbb585ca","status":"broken","statusDetails":"selenium.common.exceptions.NoSuchElementException: Message: no such element: Unable to locate element: {\"method\":\"xpath\",\"selector\":\"(//a[@href='/podem-strojmaterialov-v-kvartiru'])[3]\"}\n  (Session info: headless chrome=118.0.5993.70); For documentation on this error, please visit: https://www.selenium.dev/documentation/webdriver/troubleshooting/errors#no-such-element-exception\nStacktrace:\n#0 0x55fb541edfb3 <unknown>\n#1 0x55fb53ec14a7 <unknown>\n#2 0x55fb53f08dd6 <unknown>\n#3 0x55fb53f08ec1 <unknown>\n#4 0x55fb53f46354 <unknown>\n#5 0x55fb53f2a96d <unknown>\n#6 0x55fb53f43c02 <unknown>\n#7 0x55fb53f2a713 <unknown>\n#8 0x55fb53efd18b <unknown>\n#9 0x55fb53efdf7e <unknown>\n#10 0x55fb541b38d8 <unknown>\n#11 0x55fb541b7800 <unknown>\n#12 0x55fb541c1cfc <unknown>\n#13 0x55fb541b8418 <unknown>\n#14 0x55fb5418542f <unknown>\n#15 0x55fb541dc4e8 <unknown>\n#16 0x55fb541dc6b4 <unknown>\n#17 0x55fb541ed143 <unknown>\n#18 0x7fc387cbb044 <unknown>","time":{"start":1698282153392,"stop":1698282153412,"duration":20}},{"uid":"db0d9b6752091b02","reportUrl":"https://zaelcovsky.github.io/StroyremAutomation/120//#testresult/db0d9b6752091b02","status":"broken","statusDetails":"selenium.common.exceptions.NoSuchElementException: Message: no such element: Unable to locate element: {\"method\":\"xpath\",\"selector\":\"(//a[@href='/podem-strojmaterialov-v-kvartiru'])[3]\"}\n  (Session info: headless chrome=118.0.5993.70); For documentation on this error, please visit: https://www.selenium.dev/documentation/webdriver/troubleshooting/errors#no-such-element-exception\nStacktrace:\n#0 0x5640030fffb3 <unknown>\n#1 0x564002dd34a7 <unknown>\n#2 0x564002e1add6 <unknown>\n#3 0x564002e1aec1 <unknown>\n#4 0x564002e58354 <unknown>\n#5 0x564002e3c96d <unknown>\n#6 0x564002e55c02 <unknown>\n#7 0x564002e3c713 <unknown>\n#8 0x564002e0f18b <unknown>\n#9 0x564002e0ff7e <unknown>\n#10 0x5640030c58d8 <unknown>\n#11 0x5640030c9800 <unknown>\n#12 0x5640030d3cfc <unknown>\n#13 0x5640030ca418 <unknown>\n#14 0x56400309742f <unknown>\n#15 0x5640030ee4e8 <unknown>\n#16 0x5640030ee6b4 <unknown>\n#17 0x5640030ff143 <unknown>\n#18 0x7f80e6fb0044 <unknown>","time":{"start":1698195785662,"stop":1698195785677,"duration":15}},{"uid":"75663a6052f5a065","reportUrl":"https://zaelcovsky.github.io/StroyremAutomation/119//#testresult/75663a6052f5a065","status":"broken","statusDetails":"selenium.common.exceptions.NoSuchElementException: Message: no such element: Unable to locate element: {\"method\":\"xpath\",\"selector\":\"(//a[@href='/podem-strojmaterialov-v-kvartiru'])[3]\"}\n  (Session info: headless chrome=118.0.5993.70); For documentation on this error, please visit: https://www.selenium.dev/documentation/webdriver/troubleshooting/errors#no-such-element-exception\nStacktrace:\n#0 0x55c50c6abfb3 <unknown>\n#1 0x55c50c37f4a7 <unknown>\n#2 0x55c50c3c6dd6 <unknown>\n#3 0x55c50c3c6ec1 <unknown>\n#4 0x55c50c404354 <unknown>\n#5 0x55c50c3e896d <unknown>\n#6 0x55c50c401c02 <unknown>\n#7 0x55c50c3e8713 <unknown>\n#8 0x55c50c3bb18b <unknown>\n#9 0x55c50c3bbf7e <unknown>\n#10 0x55c50c6718d8 <unknown>\n#11 0x55c50c675800 <unknown>\n#12 0x55c50c67fcfc <unknown>\n#13 0x55c50c676418 <unknown>\n#14 0x55c50c64342f <unknown>\n#15 0x55c50c69a4e8 <unknown>\n#16 0x55c50c69a6b4 <unknown>\n#17 0x55c50c6ab143 <unknown>\n#18 0x7f909caa1044 <unknown>","time":{"start":1698109421996,"stop":1698109422014,"duration":18}},{"uid":"8c07ade1e98fbfb3","reportUrl":"https://zaelcovsky.github.io/StroyremAutomation/118//#testresult/8c07ade1e98fbfb3","status":"broken","statusDetails":"selenium.common.exceptions.NoSuchElementException: Message: no such element: Unable to locate element: {\"method\":\"xpath\",\"selector\":\"(//a[@href='/podem-strojmaterialov-v-kvartiru'])[3]\"}\n  (Session info: headless chrome=118.0.5993.70); For documentation on this error, please visit: https://www.selenium.dev/documentation/webdriver/troubleshooting/errors#no-such-element-exception\nStacktrace:\n#0 0x5605d664dfb3 <unknown>\n#1 0x5605d63214a7 <unknown>\n#2 0x5605d6368dd6 <unknown>\n#3 0x5605d6368ec1 <unknown>\n#4 0x5605d63a6354 <unknown>\n#5 0x5605d638a96d <unknown>\n#6 0x5605d63a3c02 <unknown>\n#7 0x5605d638a713 <unknown>\n#8 0x5605d635d18b <unknown>\n#9 0x5605d635df7e <unknown>\n#10 0x5605d66138d8 <unknown>\n#11 0x5605d6617800 <unknown>\n#12 0x5605d6621cfc <unknown>\n#13 0x5605d6618418 <unknown>\n#14 0x5605d65e542f <unknown>\n#15 0x5605d663c4e8 <unknown>\n#16 0x5605d663c6b4 <unknown>\n#17 0x5605d664d143 <unknown>\n#18 0x7f27a6223044 <unknown>","time":{"start":1698023024929,"stop":1698023024946,"duration":17}},{"uid":"69181e5b27b2ff8e","reportUrl":"https://zaelcovsky.github.io/StroyremAutomation/117//#testresult/69181e5b27b2ff8e","status":"broken","statusDetails":"selenium.common.exceptions.NoSuchElementException: Message: no such element: Unable to locate element: {\"method\":\"xpath\",\"selector\":\"(//a[@href='/podem-strojmaterialov-v-kvartiru'])[3]\"}\n  (Session info: headless chrome=118.0.5993.70); For documentation on this error, please visit: https://www.selenium.dev/documentation/webdriver/troubleshooting/errors#no-such-element-exception\nStacktrace:\n#0 0x56380a13ffb3 <unknown>\n#1 0x563809e134a7 <unknown>\n#2 0x563809e5add6 <unknown>\n#3 0x563809e5aec1 <unknown>\n#4 0x563809e98354 <unknown>\n#5 0x563809e7c96d <unknown>\n#6 0x563809e95c02 <unknown>\n#7 0x563809e7c713 <unknown>\n#8 0x563809e4f18b <unknown>\n#9 0x563809e4ff7e <unknown>\n#10 0x56380a1058d8 <unknown>\n#11 0x56380a109800 <unknown>\n#12 0x56380a113cfc <unknown>\n#13 0x56380a10a418 <unknown>\n#14 0x56380a0d742f <unknown>\n#15 0x56380a12e4e8 <unknown>\n#16 0x56380a12e6b4 <unknown>\n#17 0x56380a13f143 <unknown>\n#18 0x7f05f5695044 <unknown>","time":{"start":1697936837660,"stop":1697936837680,"duration":20}},{"uid":"a3a395bec0289c31","reportUrl":"https://zaelcovsky.github.io/StroyremAutomation/116//#testresult/a3a395bec0289c31","status":"broken","statusDetails":"selenium.common.exceptions.NoSuchElementException: Message: no such element: Unable to locate element: {\"method\":\"xpath\",\"selector\":\"(//a[@href='/podem-strojmaterialov-v-kvartiru'])[3]\"}\n  (Session info: headless chrome=118.0.5993.70); For documentation on this error, please visit: https://www.selenium.dev/documentation/webdriver/troubleshooting/errors#no-such-element-exception\nStacktrace:\n#0 0x55f955579fb3 <unknown>\n#1 0x55f95524d4a7 <unknown>\n#2 0x55f955294dd6 <unknown>\n#3 0x55f955294ec1 <unknown>\n#4 0x55f9552d2354 <unknown>\n#5 0x55f9552b696d <unknown>\n#6 0x55f9552cfc02 <unknown>\n#7 0x55f9552b6713 <unknown>\n#8 0x55f95528918b <unknown>\n#9 0x55f955289f7e <unknown>\n#10 0x55f95553f8d8 <unknown>\n#11 0x55f955543800 <unknown>\n#12 0x55f95554dcfc <unknown>\n#13 0x55f955544418 <unknown>\n#14 0x55f95551142f <unknown>\n#15 0x55f9555684e8 <unknown>\n#16 0x55f9555686b4 <unknown>\n#17 0x55f955579143 <unknown>\n#18 0x7fd0c03b7044 <unknown>","time":{"start":1697850123931,"stop":1697850123947,"duration":16}},{"uid":"1089727a770f4357","reportUrl":"https://zaelcovsky.github.io/StroyremAutomation/115//#testresult/1089727a770f4357","status":"broken","statusDetails":"selenium.common.exceptions.NoSuchElementException: Message: no such element: Unable to locate element: {\"method\":\"xpath\",\"selector\":\"(//a[@href='/podem-strojmaterialov-v-kvartiru'])[3]\"}\n  (Session info: headless chrome=118.0.5993.70); For documentation on this error, please visit: https://www.selenium.dev/documentation/webdriver/troubleshooting/errors#no-such-element-exception\nStacktrace:\n#0 0x5624fea13fb3 <unknown>\n#1 0x5624fe6e74a7 <unknown>\n#2 0x5624fe72edd6 <unknown>\n#3 0x5624fe72eec1 <unknown>\n#4 0x5624fe76c354 <unknown>\n#5 0x5624fe75096d <unknown>\n#6 0x5624fe769c02 <unknown>\n#7 0x5624fe750713 <unknown>\n#8 0x5624fe72318b <unknown>\n#9 0x5624fe723f7e <unknown>\n#10 0x5624fe9d98d8 <unknown>\n#11 0x5624fe9dd800 <unknown>\n#12 0x5624fe9e7cfc <unknown>\n#13 0x5624fe9de418 <unknown>\n#14 0x5624fe9ab42f <unknown>\n#15 0x5624fea024e8 <unknown>\n#16 0x5624fea026b4 <unknown>\n#17 0x5624fea13143 <unknown>\n#18 0x7f3729ae6044 <unknown>","time":{"start":1697763836246,"stop":1697763836262,"duration":16}},{"uid":"665dc15304ebb5ce","reportUrl":"https://zaelcovsky.github.io/StroyremAutomation/114//#testresult/665dc15304ebb5ce","status":"broken","statusDetails":"selenium.common.exceptions.NoSuchElementException: Message: no such element: Unable to locate element: {\"method\":\"xpath\",\"selector\":\"(//a[@href='/podem-strojmaterialov-v-kvartiru'])[3]\"}\n  (Session info: headless chrome=118.0.5993.70); For documentation on this error, please visit: https://www.selenium.dev/documentation/webdriver/troubleshooting/errors#no-such-element-exception\nStacktrace:\n#0 0x55882be31fb3 <unknown>\n#1 0x55882bb054a7 <unknown>\n#2 0x55882bb4cdd6 <unknown>\n#3 0x55882bb4cec1 <unknown>\n#4 0x55882bb8a354 <unknown>\n#5 0x55882bb6e96d <unknown>\n#6 0x55882bb87c02 <unknown>\n#7 0x55882bb6e713 <unknown>\n#8 0x55882bb4118b <unknown>\n#9 0x55882bb41f7e <unknown>\n#10 0x55882bdf78d8 <unknown>\n#11 0x55882bdfb800 <unknown>\n#12 0x55882be05cfc <unknown>\n#13 0x55882bdfc418 <unknown>\n#14 0x55882bdc942f <unknown>\n#15 0x55882be204e8 <unknown>\n#16 0x55882be206b4 <unknown>\n#17 0x55882be31143 <unknown>\n#18 0x7fef17fec044 <unknown>","time":{"start":1697677437779,"stop":1697677437797,"duration":18}},{"uid":"970975f67c66056","reportUrl":"https://zaelcovsky.github.io/StroyremAutomation/113//#testresult/970975f67c66056","status":"broken","statusDetails":"selenium.common.exceptions.NoSuchElementException: Message: no such element: Unable to locate element: {\"method\":\"xpath\",\"selector\":\"(//a[@href='/podem-strojmaterialov-v-kvartiru'])[3]\"}\n  (Session info: headless chrome=118.0.5993.70); For documentation on this error, please visit: https://www.selenium.dev/documentation/webdriver/troubleshooting/errors#no-such-element-exception\nStacktrace:\n#0 0x5572fb84cfb3 <unknown>\n#1 0x5572fb5204a7 <unknown>\n#2 0x5572fb567dd6 <unknown>\n#3 0x5572fb567ec1 <unknown>\n#4 0x5572fb5a5354 <unknown>\n#5 0x5572fb58996d <unknown>\n#6 0x5572fb5a2c02 <unknown>\n#7 0x5572fb589713 <unknown>\n#8 0x5572fb55c18b <unknown>\n#9 0x5572fb55cf7e <unknown>\n#10 0x5572fb8128d8 <unknown>\n#11 0x5572fb816800 <unknown>\n#12 0x5572fb820cfc <unknown>\n#13 0x5572fb817418 <unknown>\n#14 0x5572fb7e442f <unknown>\n#15 0x5572fb83b4e8 <unknown>\n#16 0x5572fb83b6b4 <unknown>\n#17 0x5572fb84c143 <unknown>\n#18 0x7f471531e044 <unknown>","time":{"start":1697591073546,"stop":1697591073564,"duration":18}},{"uid":"f4fb2840f2fcd2c7","reportUrl":"https://zaelcovsky.github.io/StroyremAutomation/112//#testresult/f4fb2840f2fcd2c7","status":"broken","statusDetails":"selenium.common.exceptions.NoSuchElementException: Message: no such element: Unable to locate element: {\"method\":\"xpath\",\"selector\":\"(//a[@href='/podem-strojmaterialov-v-kvartiru'])[3]\"}\n  (Session info: headless chrome=118.0.5993.70); For documentation on this error, please visit: https://www.selenium.dev/documentation/webdriver/troubleshooting/errors#no-such-element-exception\nStacktrace:\n#0 0x55b5f0a75fb3 <unknown>\n#1 0x55b5f07494a7 <unknown>\n#2 0x55b5f0790dd6 <unknown>\n#3 0x55b5f0790ec1 <unknown>\n#4 0x55b5f07ce354 <unknown>\n#5 0x55b5f07b296d <unknown>\n#6 0x55b5f07cbc02 <unknown>\n#7 0x55b5f07b2713 <unknown>\n#8 0x55b5f078518b <unknown>\n#9 0x55b5f0785f7e <unknown>\n#10 0x55b5f0a3b8d8 <unknown>\n#11 0x55b5f0a3f800 <unknown>\n#12 0x55b5f0a49cfc <unknown>\n#13 0x55b5f0a40418 <unknown>\n#14 0x55b5f0a0d42f <unknown>\n#15 0x55b5f0a644e8 <unknown>\n#16 0x55b5f0a646b4 <unknown>\n#17 0x55b5f0a75143 <unknown>\n#18 0x7eff8ecf4044 <unknown>","time":{"start":1697504685091,"stop":1697504685110,"duration":19}},{"uid":"700a41974cfde94b","reportUrl":"https://zaelcovsky.github.io/StroyremAutomation/111//#testresult/700a41974cfde94b","status":"broken","statusDetails":"selenium.common.exceptions.NoSuchElementException: Message: no such element: Unable to locate element: {\"method\":\"xpath\",\"selector\":\"(//a[@href='/podem-strojmaterialov-v-kvartiru'])[3]\"}\n  (Session info: headless chrome=118.0.5993.70); For documentation on this error, please visit: https://www.selenium.dev/documentation/webdriver/troubleshooting/errors#no-such-element-exception\nStacktrace:\n#0 0x5647caceafb3 <unknown>\n#1 0x5647ca9be4a7 <unknown>\n#2 0x5647caa05dd6 <unknown>\n#3 0x5647caa05ec1 <unknown>\n#4 0x5647caa43354 <unknown>\n#5 0x5647caa2796d <unknown>\n#6 0x5647caa40c02 <unknown>\n#7 0x5647caa27713 <unknown>\n#8 0x5647ca9fa18b <unknown>\n#9 0x5647ca9faf7e <unknown>\n#10 0x5647cacb08d8 <unknown>\n#11 0x5647cacb4800 <unknown>\n#12 0x5647cacbecfc <unknown>\n#13 0x5647cacb5418 <unknown>\n#14 0x5647cac8242f <unknown>\n#15 0x5647cacd94e8 <unknown>\n#16 0x5647cacd96b4 <unknown>\n#17 0x5647cacea143 <unknown>\n#18 0x7f84f52a8044 <unknown>","time":{"start":1697418290952,"stop":1697418290983,"duration":31}},{"uid":"99e180cc26ea06ff","reportUrl":"https://zaelcovsky.github.io/StroyremAutomation/110//#testresult/99e180cc26ea06ff","status":"broken","statusDetails":"selenium.common.exceptions.NoSuchElementException: Message: no such element: Unable to locate element: {\"method\":\"xpath\",\"selector\":\"(//a[@href='/podem-strojmaterialov-v-kvartiru'])[3]\"}\n  (Session info: headless chrome=118.0.5993.70); For documentation on this error, please visit: https://www.selenium.dev/documentation/webdriver/troubleshooting/errors#no-such-element-exception\nStacktrace:\n#0 0x55b5b4915fb3 <unknown>\n#1 0x55b5b45e94a7 <unknown>\n#2 0x55b5b4630dd6 <unknown>\n#3 0x55b5b4630ec1 <unknown>\n#4 0x55b5b466e354 <unknown>\n#5 0x55b5b465296d <unknown>\n#6 0x55b5b466bc02 <unknown>\n#7 0x55b5b4652713 <unknown>\n#8 0x55b5b462518b <unknown>\n#9 0x55b5b4625f7e <unknown>\n#10 0x55b5b48db8d8 <unknown>\n#11 0x55b5b48df800 <unknown>\n#12 0x55b5b48e9cfc <unknown>\n#13 0x55b5b48e0418 <unknown>\n#14 0x55b5b48ad42f <unknown>\n#15 0x55b5b49044e8 <unknown>\n#16 0x55b5b49046b4 <unknown>\n#17 0x55b5b4915143 <unknown>\n#18 0x7fed9a4b5044 <unknown>","time":{"start":1697332073442,"stop":1697332073457,"duration":15}},{"uid":"fddf11c6ee01e1d8","reportUrl":"https://zaelcovsky.github.io/StroyremAutomation/109//#testresult/fddf11c6ee01e1d8","status":"broken","statusDetails":"selenium.common.exceptions.NoSuchElementException: Message: no such element: Unable to locate element: {\"method\":\"xpath\",\"selector\":\"(//a[@href='/podem-strojmaterialov-v-kvartiru'])[3]\"}\n  (Session info: headless chrome=118.0.5993.70); For documentation on this error, please visit: https://www.selenium.dev/documentation/webdriver/troubleshooting/errors#no-such-element-exception\nStacktrace:\n#0 0x560464316fb3 <unknown>\n#1 0x560463fea4a7 <unknown>\n#2 0x560464031dd6 <unknown>\n#3 0x560464031ec1 <unknown>\n#4 0x56046406f354 <unknown>\n#5 0x56046405396d <unknown>\n#6 0x56046406cc02 <unknown>\n#7 0x560464053713 <unknown>\n#8 0x56046402618b <unknown>\n#9 0x560464026f7e <unknown>\n#10 0x5604642dc8d8 <unknown>\n#11 0x5604642e0800 <unknown>\n#12 0x5604642eacfc <unknown>\n#13 0x5604642e1418 <unknown>\n#14 0x5604642ae42f <unknown>\n#15 0x5604643054e8 <unknown>\n#16 0x5604643056b4 <unknown>\n#17 0x560464316143 <unknown>\n#18 0x7f5dcf2d6044 <unknown>","time":{"start":1697245346840,"stop":1697245346856,"duration":16}},{"uid":"22ec117f08d45e05","reportUrl":"https://zaelcovsky.github.io/StroyremAutomation/108//#testresult/22ec117f08d45e05","status":"broken","statusDetails":"selenium.common.exceptions.NoSuchElementException: Message: no such element: Unable to locate element: {\"method\":\"xpath\",\"selector\":\"(//a[@href='/podem-strojmaterialov-v-kvartiru'])[3]\"}\n  (Session info: headless chrome=118.0.5993.70); For documentation on this error, please visit: https://www.selenium.dev/documentation/webdriver/troubleshooting/errors#no-such-element-exception\nStacktrace:\n#0 0x55eb31d70fb3 <unknown>\n#1 0x55eb31a444a7 <unknown>\n#2 0x55eb31a8bdd6 <unknown>\n#3 0x55eb31a8bec1 <unknown>\n#4 0x55eb31ac9354 <unknown>\n#5 0x55eb31aad96d <unknown>\n#6 0x55eb31ac6c02 <unknown>\n#7 0x55eb31aad713 <unknown>\n#8 0x55eb31a8018b <unknown>\n#9 0x55eb31a80f7e <unknown>\n#10 0x55eb31d368d8 <unknown>\n#11 0x55eb31d3a800 <unknown>\n#12 0x55eb31d44cfc <unknown>\n#13 0x55eb31d3b418 <unknown>\n#14 0x55eb31d0842f <unknown>\n#15 0x55eb31d5f4e8 <unknown>\n#16 0x55eb31d5f6b4 <unknown>\n#17 0x55eb31d70143 <unknown>\n#18 0x7f8196acc044 <unknown>","time":{"start":1697159116307,"stop":1697159116326,"duration":19}},{"uid":"8c71c4be731a3ccf","reportUrl":"https://zaelcovsky.github.io/StroyremAutomation/107//#testresult/8c71c4be731a3ccf","status":"broken","statusDetails":"selenium.common.exceptions.NoSuchElementException: Message: no such element: Unable to locate element: {\"method\":\"xpath\",\"selector\":\"(//a[@href='/podem-strojmaterialov-v-kvartiru'])[3]\"}\n  (Session info: headless chrome=118.0.5993.70); For documentation on this error, please visit: https://www.selenium.dev/documentation/webdriver/troubleshooting/errors#no-such-element-exception\nStacktrace:\n#0 0x56261e2bafb3 <unknown>\n#1 0x56261df8e4a7 <unknown>\n#2 0x56261dfd5dd6 <unknown>\n#3 0x56261dfd5ec1 <unknown>\n#4 0x56261e013354 <unknown>\n#5 0x56261dff796d <unknown>\n#6 0x56261e010c02 <unknown>\n#7 0x56261dff7713 <unknown>\n#8 0x56261dfca18b <unknown>\n#9 0x56261dfcaf7e <unknown>\n#10 0x56261e2808d8 <unknown>\n#11 0x56261e284800 <unknown>\n#12 0x56261e28ecfc <unknown>\n#13 0x56261e285418 <unknown>\n#14 0x56261e25242f <unknown>\n#15 0x56261e2a94e8 <unknown>\n#16 0x56261e2a96b4 <unknown>\n#17 0x56261e2ba143 <unknown>\n#18 0x7f769f8ab044 <unknown>","time":{"start":1697072528506,"stop":1697072528526,"duration":20}},{"uid":"98cb02611939b3ea","reportUrl":"https://zaelcovsky.github.io/StroyremAutomation/106//#testresult/98cb02611939b3ea","status":"broken","statusDetails":"selenium.common.exceptions.NoSuchElementException: Message: no such element: Unable to locate element: {\"method\":\"xpath\",\"selector\":\"(//a[@href='/podem-strojmaterialov-v-kvartiru'])[3]\"}\n  (Session info: headless chrome=118.0.5993.70); For documentation on this error, please visit: https://www.selenium.dev/documentation/webdriver/troubleshooting/errors#no-such-element-exception\nStacktrace:\n#0 0x55f42b742fb3 <unknown>\n#1 0x55f42b4164a7 <unknown>\n#2 0x55f42b45ddd6 <unknown>\n#3 0x55f42b45dec1 <unknown>\n#4 0x55f42b49b354 <unknown>\n#5 0x55f42b47f96d <unknown>\n#6 0x55f42b498c02 <unknown>\n#7 0x55f42b47f713 <unknown>\n#8 0x55f42b45218b <unknown>\n#9 0x55f42b452f7e <unknown>\n#10 0x55f42b7088d8 <unknown>\n#11 0x55f42b70c800 <unknown>\n#12 0x55f42b716cfc <unknown>\n#13 0x55f42b70d418 <unknown>\n#14 0x55f42b6da42f <unknown>\n#15 0x55f42b7314e8 <unknown>\n#16 0x55f42b7316b4 <unknown>\n#17 0x55f42b742143 <unknown>\n#18 0x7f4db1a62044 <unknown>","time":{"start":1696986185212,"stop":1696986185229,"duration":17}},{"uid":"83ea298fc5a36b06","reportUrl":"https://zaelcovsky.github.io/StroyremAutomation/105//#testresult/83ea298fc5a36b06","status":"broken","statusDetails":"selenium.common.exceptions.NoSuchElementException: Message: no such element: Unable to locate element: {\"method\":\"xpath\",\"selector\":\"(//a[@href='/podem-strojmaterialov-v-kvartiru'])[3]\"}\n  (Session info: headless chrome=117.0.5938.149); For documentation on this error, please visit: https://www.selenium.dev/documentation/webdriver/troubleshooting/errors#no-such-element-exception\nStacktrace:\n#0 0x55846421d933 <unknown>\n#1 0x558463ef76f7 <unknown>\n#2 0x558463f3eaa6 <unknown>\n#3 0x558463f3eb91 <unknown>\n#4 0x558463f7bfc4 <unknown>\n#5 0x558463f6062d <unknown>\n#6 0x558463f79857 <unknown>\n#7 0x558463f603d3 <unknown>\n#8 0x558463f32e64 <unknown>\n#9 0x558463f33c4e <unknown>\n#10 0x5584641e3558 <unknown>\n#11 0x5584641e74a0 <unknown>\n#12 0x5584641f197c <unknown>\n#13 0x5584641e80b8 <unknown>\n#14 0x5584641b3cdf <unknown>\n#15 0x55846420c048 <unknown>\n#16 0x55846420c219 <unknown>\n#17 0x55846421cac3 <unknown>\n#18 0x7fa4f1dcf044 <unknown>","time":{"start":1696899768944,"stop":1696899768959,"duration":15}}]},"tags":["smoke_test"]},"source":"f321d5c500c77245.json","parameterValues":["'https://test2.stroyrem-nn.ru/'"]}