{"uid":"3f922480c0224039","name":"Авторизация с помощью аккаунта ya.ru","fullName":"tests.test_sign_in.test_sign_in_page.TestSignInPage#test_positive_authorization_first_time_using_YA_smoke","historyId":"dad914aa68b78287aa131957fc42820c","time":{"start":1704417757924,"stop":1704417761526,"duration":3602},"status":"skipped","statusMessage":"XFAIL Появляется капча Яндекса при запуске теста на Github\n\nselenium.common.exceptions.NoSuchElementException: Message: no such element: Unable to locate element: {\"method\":\"css selector\",\"selector\":\"button[data-t='button:clear']\"}\n  (Session info: chrome-headless-shell=120.0.6099.109); For documentation on this error, please visit: https://www.selenium.dev/documentation/webdriver/troubleshooting/errors#no-such-element-exception\nStacktrace:\n#0 0x55e6a3ae7f83 <unknown>\n#1 0x55e6a37a0cf7 <unknown>\n#2 0x55e6a37f099e <unknown>\n#3 0x55e6a37f0aa1 <unknown>\n#4 0x55e6a383bd64 <unknown>\n#5 0x55e6a381a0dd <unknown>\n#6 0x55e6a3839006 <unknown>\n#7 0x55e6a3819e53 <unknown>\n#8 0x55e6a37e1dd4 <unknown>\n#9 0x55e6a37e31de <unknown>\n#10 0x55e6a3aac531 <unknown>\n#11 0x55e6a3ab0455 <unknown>\n#12 0x55e6a3a98f55 <unknown>\n#13 0x55e6a3ab10ef <unknown>\n#14 0x55e6a3a7c99f <unknown>\n#15 0x55e6a3ad5008 <unknown>\n#16 0x55e6a3ad51d7 <unknown>\n#17 0x55e6a3ae7124 <unknown>\n#18 0x7ffbf7e6c044 <unknown>","statusTrace":"self = <tests.test_sign_in.test_sign_in_page.TestSignInPage object at 0x7f0acee69e10>\ndriver = <selenium.webdriver.chrome.webdriver.WebDriver (session=\"d8c0e7cd778c8f51c7bed924ded21997\")>\nsign_in_page = <pages.sign_in_page.SignInPage object at 0x7f0acf807850>\nopen_sign_in_window = None\n\n    @allure.title(\"Авторизация с помощью аккаунта ya.ru\")\n    @pytest.mark.xfail(reason=\"Появляется капча Яндекса при запуске теста на Github\")\n    @pytest.mark.smoke_test\n    def test_positive_authorization_first_time_using_YA_smoke(self, driver, sign_in_page, open_sign_in_window):\n        sign_in_page.get_ya_ru_auth_icon().click()\n        driver.switch_to.window(driver.window_handles[1])\n        # driver.delete_all_cookies()\n        driver.add_cookie({'name': 'uniqueuid',\n                           'value': '384528911692006899',\n                           'domain': 'passport.yandex.ru',\n                           'httpOnly': True,\n                           'path': '/',\n                           'expiry': 1723499808,\n                           'sameSite': 'Lax',\n                           'secure': True})\n        driver.add_cookie({'name': 'ymex',\n                           'value': '2007366920.yrts.1692006920#2007366900.yrtsi.1692006900',\n                           'domain': '.yandex.ru',\n                           'httpOnly': False,\n                           'path': '/',\n                           'expiry': 1723499808,\n                           'secure': True})\n        driver.add_cookie({'name': 'i',\n                           'value': 'rpEp6ASpcmkXAketS0UdMiVBT6ovBbPtyYRYZIsRWdkwRjrAU27Q2rmgTx58XJTCF6sreSZhfheTbJeEsS',\n                           'domain': '.yandex.ru',\n                           'httpOnly': True,\n                           'path': '/',\n                           'expiry': 1723499808,\n                           'secure': True})\n        driver.add_cookie({'name': 'yandexuid',\n                           'value': '5114601221692006901',\n                           'domain': '.yandex.ru',\n                           'httpOnly': False,\n                           'path': '/',\n                           'expiry': 1723499808,\n                           'secure': True})\n        driver.add_cookie({'name': 'yuidss',\n                           'value': '7640250911692006900',\n                           'domain': '.yandex.ru',\n                           'httpOnly': False,\n                           'path': '/',\n                           'expiry': 1723499808,\n                           'secure': True})\n        driver.add_cookie({'name': 'gdpr',\n                           'value': '0',\n                           'domain': '.yandex.ru',\n                           'httpOnly': False,\n                           'path': '/',\n                           'expiry': 1723499808,\n                           'secure': True})\n        driver.add_cookie({'name': '_ym_uid',\n                           'value': '169200690291832112',\n                           'domain': '.yandex.ru',\n                           'httpOnly': False,\n                           'path': '/',\n                           'expiry': 1723499808,\n                           'secure': True})\n        driver.add_cookie({'name': '_ym_d',\n                           'value': '1692006902',\n                           'domain': '.yandex.ru',\n                           'httpOnly': False,\n                           'path': '/',\n                           'expiry': 1723499808,\n                           'secure': True})\n        driver.add_cookie({'name': 'bh',\n                           'value': 'Ej8iTm90L0EpQnJhbmQiO3Y9Ijk5IiwiR29vZ2xlIENocm9tZSI7dj0iMTE1IiwiQ2hyb21pdW0iO3Y9IjExNSIaBSJ4ODYiIhAiMTE1LjAuNTc5MC4xMTAiKgI',\n                           'domain': 'yandex.ru',\n                           'httpOnly': False,\n                           'path': '/',\n                           'expiry': 1723499808,\n                           'secure': False})\n        driver.add_cookie({'name': '_ym_visorc',\n                           'value': 'b',\n                           'domain': '.yandex.ru',\n                           'httpOnly': False,\n                           'path': '/',\n                           'expiry': 1723499808,\n                           'secure': True})\n        driver.execute_script(\"arguments[0].scrollIntoView();\",\n>                             sign_in_page.get_ya_ru_window_alternative_ways_to_sign_up())\n\ntests/test_sign_in/test_sign_in_page.py:209: \n_ _ _ _ _ _ _ _ _ _ _ _ _ _ _ _ _ _ _ _ _ _ _ _ _ _ _ _ _ _ _ _ _ _ _ _ _ _ _ _ \npages/sign_in_page.py:191: in get_ya_ru_window_alternative_ways_to_sign_up\n    return self.find_element(self._ya_ru_window_alternative_ways_to_sign_up)\nbase/seleniumbase.py:17: in find_element\n    return self.driver.find_element(*locator)\n/usr/local/lib/python3.11/site-packages/selenium/webdriver/remote/webdriver.py:740: in find_element\n    return self.execute(Command.FIND_ELEMENT, {\"using\": by, \"value\": value})[\"value\"]\n/usr/local/lib/python3.11/site-packages/selenium/webdriver/remote/webdriver.py:346: in execute\n    self.error_handler.check_response(response)\n_ _ _ _ _ _ _ _ _ _ _ _ _ _ _ _ _ _ _ _ _ _ _ _ _ _ _ _ _ _ _ _ _ _ _ _ _ _ _ _ \n\nself = <selenium.webdriver.remote.errorhandler.ErrorHandler object at 0x7f0acf45bb50>\nresponse = {'status': 404, 'value': '{\"value\":{\"error\":\"no such element\",\"message\":\"no such element: Unable to locate element: {\\...\\\\n#16 0x55e6a3ad51d7 \\\\u003Cunknown>\\\\n#17 0x55e6a3ae7124 \\\\u003Cunknown>\\\\n#18 0x7ffbf7e6c044 \\\\u003Cunknown>\\\\n\"}}'}\n\n    def check_response(self, response: Dict[str, Any]) -> None:\n        \"\"\"Checks that a JSON response from the WebDriver does not have an\n        error.\n    \n        :Args:\n         - response - The JSON response from the WebDriver server as a dictionary\n           object.\n    \n        :Raises: If the response contains an error message.\n        \"\"\"\n        status = response.get(\"status\", None)\n        if not status or status == ErrorCode.SUCCESS:\n            return\n        value = None\n        message = response.get(\"message\", \"\")\n        screen: str = response.get(\"screen\", \"\")\n        stacktrace = None\n        if isinstance(status, int):\n            value_json = response.get(\"value\", None)\n            if value_json and isinstance(value_json, str):\n                import json\n    \n                try:\n                    value = json.loads(value_json)\n                    if len(value) == 1:\n                        value = value[\"value\"]\n                    status = value.get(\"error\", None)\n                    if not status:\n                        status = value.get(\"status\", ErrorCode.UNKNOWN_ERROR)\n                        message = value.get(\"value\") or value.get(\"message\")\n                        if not isinstance(message, str):\n                            value = message\n                            message = message.get(\"message\")\n                    else:\n                        message = value.get(\"message\", None)\n                except ValueError:\n                    pass\n    \n        exception_class: Type[WebDriverException]\n        if status in ErrorCode.NO_SUCH_ELEMENT:\n            exception_class = NoSuchElementException\n        elif status in ErrorCode.NO_SUCH_FRAME:\n            exception_class = NoSuchFrameException\n        elif status in ErrorCode.NO_SUCH_SHADOW_ROOT:\n            exception_class = NoSuchShadowRootException\n        elif status in ErrorCode.NO_SUCH_WINDOW:\n            exception_class = NoSuchWindowException\n        elif status in ErrorCode.STALE_ELEMENT_REFERENCE:\n            exception_class = StaleElementReferenceException\n        elif status in ErrorCode.ELEMENT_NOT_VISIBLE:\n            exception_class = ElementNotVisibleException\n        elif status in ErrorCode.INVALID_ELEMENT_STATE:\n            exception_class = InvalidElementStateException\n        elif (\n            status in ErrorCode.INVALID_SELECTOR\n            or status in ErrorCode.INVALID_XPATH_SELECTOR\n            or status in ErrorCode.INVALID_XPATH_SELECTOR_RETURN_TYPER\n        ):\n            exception_class = InvalidSelectorException\n        elif status in ErrorCode.ELEMENT_IS_NOT_SELECTABLE:\n            exception_class = ElementNotSelectableException\n        elif status in ErrorCode.ELEMENT_NOT_INTERACTABLE:\n            exception_class = ElementNotInteractableException\n        elif status in ErrorCode.INVALID_COOKIE_DOMAIN:\n            exception_class = InvalidCookieDomainException\n        elif status in ErrorCode.UNABLE_TO_SET_COOKIE:\n            exception_class = UnableToSetCookieException\n        elif status in ErrorCode.TIMEOUT:\n            exception_class = TimeoutException\n        elif status in ErrorCode.SCRIPT_TIMEOUT:\n            exception_class = TimeoutException\n        elif status in ErrorCode.UNKNOWN_ERROR:\n            exception_class = WebDriverException\n        elif status in ErrorCode.UNEXPECTED_ALERT_OPEN:\n            exception_class = UnexpectedAlertPresentException\n        elif status in ErrorCode.NO_ALERT_OPEN:\n            exception_class = NoAlertPresentException\n        elif status in ErrorCode.IME_NOT_AVAILABLE:\n            exception_class = ImeNotAvailableException\n        elif status in ErrorCode.IME_ENGINE_ACTIVATION_FAILED:\n            exception_class = ImeActivationFailedException\n        elif status in ErrorCode.MOVE_TARGET_OUT_OF_BOUNDS:\n            exception_class = MoveTargetOutOfBoundsException\n        elif status in ErrorCode.JAVASCRIPT_ERROR:\n            exception_class = JavascriptException\n        elif status in ErrorCode.SESSION_NOT_CREATED:\n            exception_class = SessionNotCreatedException\n        elif status in ErrorCode.INVALID_ARGUMENT:\n            exception_class = InvalidArgumentException\n        elif status in ErrorCode.NO_SUCH_COOKIE:\n            exception_class = NoSuchCookieException\n        elif status in ErrorCode.UNABLE_TO_CAPTURE_SCREEN:\n            exception_class = ScreenshotException\n        elif status in ErrorCode.ELEMENT_CLICK_INTERCEPTED:\n            exception_class = ElementClickInterceptedException\n        elif status in ErrorCode.INSECURE_CERTIFICATE:\n            exception_class = InsecureCertificateException\n        elif status in ErrorCode.INVALID_COORDINATES:\n            exception_class = InvalidCoordinatesException\n        elif status in ErrorCode.INVALID_SESSION_ID:\n            exception_class = InvalidSessionIdException\n        elif status in ErrorCode.UNKNOWN_METHOD:\n            exception_class = UnknownMethodException\n        else:\n            exception_class = WebDriverException\n        if not value:\n            value = response[\"value\"]\n        if isinstance(value, str):\n            raise exception_class(value)\n        if message == \"\" and \"message\" in value:\n            message = value[\"message\"]\n    \n        screen = None  # type: ignore[assignment]\n        if \"screen\" in value:\n            screen = value[\"screen\"]\n    \n        stacktrace = None\n        st_value = value.get(\"stackTrace\") or value.get(\"stacktrace\")\n        if st_value:\n            if isinstance(st_value, str):\n                stacktrace = st_value.split(\"\\n\")\n            else:\n                stacktrace = []\n                try:\n                    for frame in st_value:\n                        line = frame.get(\"lineNumber\", \"\")\n                        file = frame.get(\"fileName\", \"<anonymous>\")\n                        if line:\n                            file = f\"{file}:{line}\"\n                        meth = frame.get(\"methodName\", \"<anonymous>\")\n                        if \"className\" in frame:\n                            meth = f\"{frame['className']}.{meth}\"\n                        msg = \"    at %s (%s)\"\n                        msg = msg % (meth, file)\n                        stacktrace.append(msg)\n                except TypeError:\n                    pass\n        if exception_class == UnexpectedAlertPresentException:\n            alert_text = None\n            if \"data\" in value:\n                alert_text = value[\"data\"].get(\"text\")\n            elif \"alert\" in value:\n                alert_text = value[\"alert\"].get(\"text\")\n            raise exception_class(message, screen, stacktrace, alert_text)  # type: ignore[call-arg]  # mypy is not smart enough here\n>       raise exception_class(message, screen, stacktrace)\nE       selenium.common.exceptions.NoSuchElementException: Message: no such element: Unable to locate element: {\"method\":\"css selector\",\"selector\":\"button[data-t='button:clear']\"}\nE         (Session info: chrome-headless-shell=120.0.6099.109); For documentation on this error, please visit: https://www.selenium.dev/documentation/webdriver/troubleshooting/errors#no-such-element-exception\nE       Stacktrace:\nE       #0 0x55e6a3ae7f83 <unknown>\nE       #1 0x55e6a37a0cf7 <unknown>\nE       #2 0x55e6a37f099e <unknown>\nE       #3 0x55e6a37f0aa1 <unknown>\nE       #4 0x55e6a383bd64 <unknown>\nE       #5 0x55e6a381a0dd <unknown>\nE       #6 0x55e6a3839006 <unknown>\nE       #7 0x55e6a3819e53 <unknown>\nE       #8 0x55e6a37e1dd4 <unknown>\nE       #9 0x55e6a37e31de <unknown>\nE       #10 0x55e6a3aac531 <unknown>\nE       #11 0x55e6a3ab0455 <unknown>\nE       #12 0x55e6a3a98f55 <unknown>\nE       #13 0x55e6a3ab10ef <unknown>\nE       #14 0x55e6a3a7c99f <unknown>\nE       #15 0x55e6a3ad5008 <unknown>\nE       #16 0x55e6a3ad51d7 <unknown>\nE       #17 0x55e6a3ae7124 <unknown>\nE       #18 0x7ffbf7e6c044 <unknown>\n\n/usr/local/lib/python3.11/site-packages/selenium/webdriver/remote/errorhandler.py:245: NoSuchElementException","flaky":false,"newFailed":false,"newBroken":false,"newPassed":false,"retriesCount":0,"retriesStatusChange":false,"beforeStages":[{"name":"_session_faker","time":{"start":1704416659975,"stop":1704416660044,"duration":69},"status":"passed","steps":[],"attachments":[],"parameters":[],"shouldDisplayMessage":false,"stepsCount":0,"attachmentsCount":0,"hasContent":false,"attachmentStep":false},{"name":"clear_allure_results_folder","time":{"start":1704416660044,"stop":1704416660044,"duration":0},"status":"passed","steps":[],"attachments":[],"parameters":[],"shouldDisplayMessage":false,"stepsCount":0,"attachmentsCount":0,"hasContent":false,"attachmentStep":false},{"name":"driver","time":{"start":1704417750892,"stop":1704417751625,"duration":733},"status":"passed","steps":[],"attachments":[],"parameters":[],"shouldDisplayMessage":false,"stepsCount":0,"attachmentsCount":0,"hasContent":false,"attachmentStep":false},{"name":"setup","time":{"start":1704417751625,"stop":1704417751625,"duration":0},"status":"passed","steps":[],"attachments":[],"parameters":[],"shouldDisplayMessage":false,"stepsCount":0,"attachmentsCount":0,"hasContent":false,"attachmentStep":false},{"name":"sign_in_page","time":{"start":1704417751626,"stop":1704417757589,"duration":5963},"status":"passed","steps":[],"attachments":[],"parameters":[],"shouldDisplayMessage":false,"stepsCount":0,"attachmentsCount":0,"hasContent":false,"attachmentStep":false},{"name":"open_sign_in_window","time":{"start":1704417757589,"stop":1704417757924,"duration":335},"status":"passed","steps":[{"name":"Нахождение элемента: иконка профиля в хедере","time":{"start":1704417757590,"stop":1704417757598,"duration":8},"status":"passed","steps":[],"attachments":[],"parameters":[],"shouldDisplayMessage":false,"stepsCount":0,"attachmentsCount":0,"hasContent":false,"attachmentStep":false}],"attachments":[],"parameters":[],"shouldDisplayMessage":false,"stepsCount":1,"attachmentsCount":0,"hasContent":true,"attachmentStep":false}],"testStage":{"status":"skipped","statusMessage":"XFAIL Появляется капча Яндекса при запуске теста на Github\n\nselenium.common.exceptions.NoSuchElementException: Message: no such element: Unable to locate element: {\"method\":\"css selector\",\"selector\":\"button[data-t='button:clear']\"}\n  (Session info: chrome-headless-shell=120.0.6099.109); For documentation on this error, please visit: https://www.selenium.dev/documentation/webdriver/troubleshooting/errors#no-such-element-exception\nStacktrace:\n#0 0x55e6a3ae7f83 <unknown>\n#1 0x55e6a37a0cf7 <unknown>\n#2 0x55e6a37f099e <unknown>\n#3 0x55e6a37f0aa1 <unknown>\n#4 0x55e6a383bd64 <unknown>\n#5 0x55e6a381a0dd <unknown>\n#6 0x55e6a3839006 <unknown>\n#7 0x55e6a3819e53 <unknown>\n#8 0x55e6a37e1dd4 <unknown>\n#9 0x55e6a37e31de <unknown>\n#10 0x55e6a3aac531 <unknown>\n#11 0x55e6a3ab0455 <unknown>\n#12 0x55e6a3a98f55 <unknown>\n#13 0x55e6a3ab10ef <unknown>\n#14 0x55e6a3a7c99f <unknown>\n#15 0x55e6a3ad5008 <unknown>\n#16 0x55e6a3ad51d7 <unknown>\n#17 0x55e6a3ae7124 <unknown>\n#18 0x7ffbf7e6c044 <unknown>","statusTrace":"self = <tests.test_sign_in.test_sign_in_page.TestSignInPage object at 0x7f0acee69e10>\ndriver = <selenium.webdriver.chrome.webdriver.WebDriver (session=\"d8c0e7cd778c8f51c7bed924ded21997\")>\nsign_in_page = <pages.sign_in_page.SignInPage object at 0x7f0acf807850>\nopen_sign_in_window = None\n\n    @allure.title(\"Авторизация с помощью аккаунта ya.ru\")\n    @pytest.mark.xfail(reason=\"Появляется капча Яндекса при запуске теста на Github\")\n    @pytest.mark.smoke_test\n    def test_positive_authorization_first_time_using_YA_smoke(self, driver, sign_in_page, open_sign_in_window):\n        sign_in_page.get_ya_ru_auth_icon().click()\n        driver.switch_to.window(driver.window_handles[1])\n        # driver.delete_all_cookies()\n        driver.add_cookie({'name': 'uniqueuid',\n                           'value': '384528911692006899',\n                           'domain': 'passport.yandex.ru',\n                           'httpOnly': True,\n                           'path': '/',\n                           'expiry': 1723499808,\n                           'sameSite': 'Lax',\n                           'secure': True})\n        driver.add_cookie({'name': 'ymex',\n                           'value': '2007366920.yrts.1692006920#2007366900.yrtsi.1692006900',\n                           'domain': '.yandex.ru',\n                           'httpOnly': False,\n                           'path': '/',\n                           'expiry': 1723499808,\n                           'secure': True})\n        driver.add_cookie({'name': 'i',\n                           'value': 'rpEp6ASpcmkXAketS0UdMiVBT6ovBbPtyYRYZIsRWdkwRjrAU27Q2rmgTx58XJTCF6sreSZhfheTbJeEsS',\n                           'domain': '.yandex.ru',\n                           'httpOnly': True,\n                           'path': '/',\n                           'expiry': 1723499808,\n                           'secure': True})\n        driver.add_cookie({'name': 'yandexuid',\n                           'value': '5114601221692006901',\n                           'domain': '.yandex.ru',\n                           'httpOnly': False,\n                           'path': '/',\n                           'expiry': 1723499808,\n                           'secure': True})\n        driver.add_cookie({'name': 'yuidss',\n                           'value': '7640250911692006900',\n                           'domain': '.yandex.ru',\n                           'httpOnly': False,\n                           'path': '/',\n                           'expiry': 1723499808,\n                           'secure': True})\n        driver.add_cookie({'name': 'gdpr',\n                           'value': '0',\n                           'domain': '.yandex.ru',\n                           'httpOnly': False,\n                           'path': '/',\n                           'expiry': 1723499808,\n                           'secure': True})\n        driver.add_cookie({'name': '_ym_uid',\n                           'value': '169200690291832112',\n                           'domain': '.yandex.ru',\n                           'httpOnly': False,\n                           'path': '/',\n                           'expiry': 1723499808,\n                           'secure': True})\n        driver.add_cookie({'name': '_ym_d',\n                           'value': '1692006902',\n                           'domain': '.yandex.ru',\n                           'httpOnly': False,\n                           'path': '/',\n                           'expiry': 1723499808,\n                           'secure': True})\n        driver.add_cookie({'name': 'bh',\n                           'value': 'Ej8iTm90L0EpQnJhbmQiO3Y9Ijk5IiwiR29vZ2xlIENocm9tZSI7dj0iMTE1IiwiQ2hyb21pdW0iO3Y9IjExNSIaBSJ4ODYiIhAiMTE1LjAuNTc5MC4xMTAiKgI',\n                           'domain': 'yandex.ru',\n                           'httpOnly': False,\n                           'path': '/',\n                           'expiry': 1723499808,\n                           'secure': False})\n        driver.add_cookie({'name': '_ym_visorc',\n                           'value': 'b',\n                           'domain': '.yandex.ru',\n                           'httpOnly': False,\n                           'path': '/',\n                           'expiry': 1723499808,\n                           'secure': True})\n        driver.execute_script(\"arguments[0].scrollIntoView();\",\n>                             sign_in_page.get_ya_ru_window_alternative_ways_to_sign_up())\n\ntests/test_sign_in/test_sign_in_page.py:209: \n_ _ _ _ _ _ _ _ _ _ _ _ _ _ _ _ _ _ _ _ _ _ _ _ _ _ _ _ _ _ _ _ _ _ _ _ _ _ _ _ \npages/sign_in_page.py:191: in get_ya_ru_window_alternative_ways_to_sign_up\n    return self.find_element(self._ya_ru_window_alternative_ways_to_sign_up)\nbase/seleniumbase.py:17: in find_element\n    return self.driver.find_element(*locator)\n/usr/local/lib/python3.11/site-packages/selenium/webdriver/remote/webdriver.py:740: in find_element\n    return self.execute(Command.FIND_ELEMENT, {\"using\": by, \"value\": value})[\"value\"]\n/usr/local/lib/python3.11/site-packages/selenium/webdriver/remote/webdriver.py:346: in execute\n    self.error_handler.check_response(response)\n_ _ _ _ _ _ _ _ _ _ _ _ _ _ _ _ _ _ _ _ _ _ _ _ _ _ _ _ _ _ _ _ _ _ _ _ _ _ _ _ \n\nself = <selenium.webdriver.remote.errorhandler.ErrorHandler object at 0x7f0acf45bb50>\nresponse = {'status': 404, 'value': '{\"value\":{\"error\":\"no such element\",\"message\":\"no such element: Unable to locate element: {\\...\\\\n#16 0x55e6a3ad51d7 \\\\u003Cunknown>\\\\n#17 0x55e6a3ae7124 \\\\u003Cunknown>\\\\n#18 0x7ffbf7e6c044 \\\\u003Cunknown>\\\\n\"}}'}\n\n    def check_response(self, response: Dict[str, Any]) -> None:\n        \"\"\"Checks that a JSON response from the WebDriver does not have an\n        error.\n    \n        :Args:\n         - response - The JSON response from the WebDriver server as a dictionary\n           object.\n    \n        :Raises: If the response contains an error message.\n        \"\"\"\n        status = response.get(\"status\", None)\n        if not status or status == ErrorCode.SUCCESS:\n            return\n        value = None\n        message = response.get(\"message\", \"\")\n        screen: str = response.get(\"screen\", \"\")\n        stacktrace = None\n        if isinstance(status, int):\n            value_json = response.get(\"value\", None)\n            if value_json and isinstance(value_json, str):\n                import json\n    \n                try:\n                    value = json.loads(value_json)\n                    if len(value) == 1:\n                        value = value[\"value\"]\n                    status = value.get(\"error\", None)\n                    if not status:\n                        status = value.get(\"status\", ErrorCode.UNKNOWN_ERROR)\n                        message = value.get(\"value\") or value.get(\"message\")\n                        if not isinstance(message, str):\n                            value = message\n                            message = message.get(\"message\")\n                    else:\n                        message = value.get(\"message\", None)\n                except ValueError:\n                    pass\n    \n        exception_class: Type[WebDriverException]\n        if status in ErrorCode.NO_SUCH_ELEMENT:\n            exception_class = NoSuchElementException\n        elif status in ErrorCode.NO_SUCH_FRAME:\n            exception_class = NoSuchFrameException\n        elif status in ErrorCode.NO_SUCH_SHADOW_ROOT:\n            exception_class = NoSuchShadowRootException\n        elif status in ErrorCode.NO_SUCH_WINDOW:\n            exception_class = NoSuchWindowException\n        elif status in ErrorCode.STALE_ELEMENT_REFERENCE:\n            exception_class = StaleElementReferenceException\n        elif status in ErrorCode.ELEMENT_NOT_VISIBLE:\n            exception_class = ElementNotVisibleException\n        elif status in ErrorCode.INVALID_ELEMENT_STATE:\n            exception_class = InvalidElementStateException\n        elif (\n            status in ErrorCode.INVALID_SELECTOR\n            or status in ErrorCode.INVALID_XPATH_SELECTOR\n            or status in ErrorCode.INVALID_XPATH_SELECTOR_RETURN_TYPER\n        ):\n            exception_class = InvalidSelectorException\n        elif status in ErrorCode.ELEMENT_IS_NOT_SELECTABLE:\n            exception_class = ElementNotSelectableException\n        elif status in ErrorCode.ELEMENT_NOT_INTERACTABLE:\n            exception_class = ElementNotInteractableException\n        elif status in ErrorCode.INVALID_COOKIE_DOMAIN:\n            exception_class = InvalidCookieDomainException\n        elif status in ErrorCode.UNABLE_TO_SET_COOKIE:\n            exception_class = UnableToSetCookieException\n        elif status in ErrorCode.TIMEOUT:\n            exception_class = TimeoutException\n        elif status in ErrorCode.SCRIPT_TIMEOUT:\n            exception_class = TimeoutException\n        elif status in ErrorCode.UNKNOWN_ERROR:\n            exception_class = WebDriverException\n        elif status in ErrorCode.UNEXPECTED_ALERT_OPEN:\n            exception_class = UnexpectedAlertPresentException\n        elif status in ErrorCode.NO_ALERT_OPEN:\n            exception_class = NoAlertPresentException\n        elif status in ErrorCode.IME_NOT_AVAILABLE:\n            exception_class = ImeNotAvailableException\n        elif status in ErrorCode.IME_ENGINE_ACTIVATION_FAILED:\n            exception_class = ImeActivationFailedException\n        elif status in ErrorCode.MOVE_TARGET_OUT_OF_BOUNDS:\n            exception_class = MoveTargetOutOfBoundsException\n        elif status in ErrorCode.JAVASCRIPT_ERROR:\n            exception_class = JavascriptException\n        elif status in ErrorCode.SESSION_NOT_CREATED:\n            exception_class = SessionNotCreatedException\n        elif status in ErrorCode.INVALID_ARGUMENT:\n            exception_class = InvalidArgumentException\n        elif status in ErrorCode.NO_SUCH_COOKIE:\n            exception_class = NoSuchCookieException\n        elif status in ErrorCode.UNABLE_TO_CAPTURE_SCREEN:\n            exception_class = ScreenshotException\n        elif status in ErrorCode.ELEMENT_CLICK_INTERCEPTED:\n            exception_class = ElementClickInterceptedException\n        elif status in ErrorCode.INSECURE_CERTIFICATE:\n            exception_class = InsecureCertificateException\n        elif status in ErrorCode.INVALID_COORDINATES:\n            exception_class = InvalidCoordinatesException\n        elif status in ErrorCode.INVALID_SESSION_ID:\n            exception_class = InvalidSessionIdException\n        elif status in ErrorCode.UNKNOWN_METHOD:\n            exception_class = UnknownMethodException\n        else:\n            exception_class = WebDriverException\n        if not value:\n            value = response[\"value\"]\n        if isinstance(value, str):\n            raise exception_class(value)\n        if message == \"\" and \"message\" in value:\n            message = value[\"message\"]\n    \n        screen = None  # type: ignore[assignment]\n        if \"screen\" in value:\n            screen = value[\"screen\"]\n    \n        stacktrace = None\n        st_value = value.get(\"stackTrace\") or value.get(\"stacktrace\")\n        if st_value:\n            if isinstance(st_value, str):\n                stacktrace = st_value.split(\"\\n\")\n            else:\n                stacktrace = []\n                try:\n                    for frame in st_value:\n                        line = frame.get(\"lineNumber\", \"\")\n                        file = frame.get(\"fileName\", \"<anonymous>\")\n                        if line:\n                            file = f\"{file}:{line}\"\n                        meth = frame.get(\"methodName\", \"<anonymous>\")\n                        if \"className\" in frame:\n                            meth = f\"{frame['className']}.{meth}\"\n                        msg = \"    at %s (%s)\"\n                        msg = msg % (meth, file)\n                        stacktrace.append(msg)\n                except TypeError:\n                    pass\n        if exception_class == UnexpectedAlertPresentException:\n            alert_text = None\n            if \"data\" in value:\n                alert_text = value[\"data\"].get(\"text\")\n            elif \"alert\" in value:\n                alert_text = value[\"alert\"].get(\"text\")\n            raise exception_class(message, screen, stacktrace, alert_text)  # type: ignore[call-arg]  # mypy is not smart enough here\n>       raise exception_class(message, screen, stacktrace)\nE       selenium.common.exceptions.NoSuchElementException: Message: no such element: Unable to locate element: {\"method\":\"css selector\",\"selector\":\"button[data-t='button:clear']\"}\nE         (Session info: chrome-headless-shell=120.0.6099.109); For documentation on this error, please visit: https://www.selenium.dev/documentation/webdriver/troubleshooting/errors#no-such-element-exception\nE       Stacktrace:\nE       #0 0x55e6a3ae7f83 <unknown>\nE       #1 0x55e6a37a0cf7 <unknown>\nE       #2 0x55e6a37f099e <unknown>\nE       #3 0x55e6a37f0aa1 <unknown>\nE       #4 0x55e6a383bd64 <unknown>\nE       #5 0x55e6a381a0dd <unknown>\nE       #6 0x55e6a3839006 <unknown>\nE       #7 0x55e6a3819e53 <unknown>\nE       #8 0x55e6a37e1dd4 <unknown>\nE       #9 0x55e6a37e31de <unknown>\nE       #10 0x55e6a3aac531 <unknown>\nE       #11 0x55e6a3ab0455 <unknown>\nE       #12 0x55e6a3a98f55 <unknown>\nE       #13 0x55e6a3ab10ef <unknown>\nE       #14 0x55e6a3a7c99f <unknown>\nE       #15 0x55e6a3ad5008 <unknown>\nE       #16 0x55e6a3ad51d7 <unknown>\nE       #17 0x55e6a3ae7124 <unknown>\nE       #18 0x7ffbf7e6c044 <unknown>\n\n/usr/local/lib/python3.11/site-packages/selenium/webdriver/remote/errorhandler.py:245: NoSuchElementException","steps":[{"name":"Нахождение элемента: иконка 'ya.ru' окна авторизации","time":{"start":1704417757924,"stop":1704417757937,"duration":13},"status":"passed","steps":[],"attachments":[],"parameters":[],"shouldDisplayMessage":false,"stepsCount":0,"attachmentsCount":0,"hasContent":false,"attachmentStep":false},{"name":"Проверка кликабельности элемента: кнопка 'Другие способы входа' окна авторизации через 'ya.ru'","time":{"start":1704417761513,"stop":1704417761525,"duration":12},"status":"broken","statusMessage":"selenium.common.exceptions.NoSuchElementException: Message: no such element: Unable to locate element: {\"method\":\"css selector\",\"selector\":\"button[data-t='button:clear']\"}\n  (Session info: chrome-headless-shell=120.0.6099.109); For documentation on this error, please visit: https://www.selenium.dev/documentation/webdriver/troubleshooting/errors#no-such-element-exception\nStacktrace:\n#0 0x55e6a3ae7f83 <unknown>\n#1 0x55e6a37a0cf7 <unknown>\n#2 0x55e6a37f099e <unknown>\n#3 0x55e6a37f0aa1 <unknown>\n#4 0x55e6a383bd64 <unknown>\n#5 0x55e6a381a0dd <unknown>\n#6 0x55e6a3839006 <unknown>\n#7 0x55e6a3819e53 <unknown>\n#8 0x55e6a37e1dd4 <unknown>\n#9 0x55e6a37e31de <unknown>\n#10 0x55e6a3aac531 <unknown>\n#11 0x55e6a3ab0455 <unknown>\n#12 0x55e6a3a98f55 <unknown>\n#13 0x55e6a3ab10ef <unknown>\n#14 0x55e6a3a7c99f <unknown>\n#15 0x55e6a3ad5008 <unknown>\n#16 0x55e6a3ad51d7 <unknown>\n#17 0x55e6a3ae7124 <unknown>\n#18 0x7ffbf7e6c044 <unknown>\n\n","statusTrace":"  File \"/usr/local/lib/python3.11/site-packages/allure_commons/_allure.py\", line 192, in impl\n    return func(*a, **kw)\n           ^^^^^^^^^^^^^^\n  File \"/app/pages/sign_in_page.py\", line 191, in get_ya_ru_window_alternative_ways_to_sign_up\n    return self.find_element(self._ya_ru_window_alternative_ways_to_sign_up)\n           ^^^^^^^^^^^^^^^^^^^^^^^^^^^^^^^^^^^^^^^^^^^^^^^^^^^^^^^^^^^^^^^^^\n  File \"/app/base/seleniumbase.py\", line 17, in find_element\n    return self.driver.find_element(*locator)\n           ^^^^^^^^^^^^^^^^^^^^^^^^^^^^^^^^^^\n  File \"/usr/local/lib/python3.11/site-packages/selenium/webdriver/remote/webdriver.py\", line 740, in find_element\n    return self.execute(Command.FIND_ELEMENT, {\"using\": by, \"value\": value})[\"value\"]\n           ^^^^^^^^^^^^^^^^^^^^^^^^^^^^^^^^^^^^^^^^^^^^^^^^^^^^^^^^^^^^^^^^^\n  File \"/usr/local/lib/python3.11/site-packages/selenium/webdriver/remote/webdriver.py\", line 346, in execute\n    self.error_handler.check_response(response)\n  File \"/usr/local/lib/python3.11/site-packages/selenium/webdriver/remote/errorhandler.py\", line 245, in check_response\n    raise exception_class(message, screen, stacktrace)\n","steps":[],"attachments":[],"parameters":[],"shouldDisplayMessage":true,"stepsCount":0,"attachmentsCount":0,"hasContent":true,"attachmentStep":false}],"attachments":[{"uid":"9a2067ffddb6df9a","name":"Screenshot","source":"9a2067ffddb6df9a.png","type":"image/png","size":331365},{"uid":"9f52e71b056a861a","name":"HTML source","source":"9f52e71b056a861a.html","type":"text/html","size":27786}],"parameters":[],"shouldDisplayMessage":true,"stepsCount":2,"attachmentsCount":2,"hasContent":true,"attachmentStep":false},"afterStages":[{"name":"setup::0","time":{"start":1704417761694,"stop":1704417761695,"duration":1},"status":"passed","steps":[],"attachments":[],"parameters":[],"shouldDisplayMessage":false,"stepsCount":0,"attachmentsCount":0,"hasContent":false,"attachmentStep":false},{"name":"driver::0","time":{"start":1704417761695,"stop":1704417761764,"duration":69},"status":"passed","steps":[],"attachments":[],"parameters":[],"shouldDisplayMessage":false,"stepsCount":0,"attachmentsCount":0,"hasContent":false,"attachmentStep":false}],"labels":[{"name":"epic","value":"Sign In Page"},{"name":"tag","value":"smoke_test"},{"name":"tag","value":"@pytest.mark.xfail(reason='Появляется капча Яндекса при запуске теста на Github')"},{"name":"parentSuite","value":"tests.test_sign_in"},{"name":"suite","value":"test_sign_in_page"},{"name":"subSuite","value":"TestSignInPage"},{"name":"host","value":"0f75ea78f7f2"},{"name":"thread","value":"1-MainThread"},{"name":"framework","value":"pytest"},{"name":"language","value":"cpython3"},{"name":"package","value":"tests.test_sign_in.test_sign_in_page"},{"name":"resultFormat","value":"allure2"}],"parameters":[],"links":[],"hidden":false,"retry":false,"extra":{"severity":"normal","retries":[],"categories":[],"history":{"statistic":{"failed":1,"broken":13,"skipped":155,"passed":3,"unknown":0,"total":172},"items":[{"uid":"bde9185c040da25f","reportUrl":"https://zaelcovsky.github.io/StroyremAutomation/191//#testresult/bde9185c040da25f","status":"skipped","statusDetails":"XFAIL Появляется капча Яндекса при запуске теста на Github\n\nselenium.common.exceptions.InvalidCookieDomainException: Message: invalid cookie domain: Cookie 'domain' mismatch\n  (Session info: chrome-headless-shell=120.0.6099.109)\nStacktrace:\n#0 0x563d2f0eff83 <unknown>\n#1 0x563d2eda8cf7 <unknown>\n#2 0x563d2ee55538 <unknown>\n#3 0x563d2ee220b2 <unknown>\n#4 0x563d2ee41006 <unknown>\n#5 0x563d2ee21e53 <unknown>\n#6 0x563d2ede9dd4 <unknown>\n#7 0x563d2edeb1de <unknown>\n#8 0x563d2f0b4531 <unknown>\n#9 0x563d2f0b8455 <unknown>\n#10 0x563d2f0a0f55 <unknown>\n#11 0x563d2f0b90ef <unknown>\n#12 0x563d2f08499f <unknown>\n#13 0x563d2f0dd008 <unknown>\n#14 0x563d2f0dd1d7 <unknown>\n#15 0x563d2f0ef124 <unknown>\n#16 0x7ff2fe880044 <unknown>","time":{"start":1704331540526,"stop":1704331545732,"duration":5206}},{"uid":"7ee682201b60535a","reportUrl":"https://zaelcovsky.github.io/StroyremAutomation/190//#testresult/7ee682201b60535a","status":"skipped","statusDetails":"XFAIL Появляется капча Яндекса при запуске теста на Github\n\nselenium.common.exceptions.InvalidCookieDomainException: Message: invalid cookie domain: Cookie 'domain' mismatch\n  (Session info: chrome-headless-shell=120.0.6099.109)\nStacktrace:\n#0 0x564b6638ef83 <unknown>\n#1 0x564b66047cf7 <unknown>\n#2 0x564b660f4538 <unknown>\n#3 0x564b660c10b2 <unknown>\n#4 0x564b660e0006 <unknown>\n#5 0x564b660c0e53 <unknown>\n#6 0x564b66088dd4 <unknown>\n#7 0x564b6608a1de <unknown>\n#8 0x564b66353531 <unknown>\n#9 0x564b66357455 <unknown>\n#10 0x564b6633ff55 <unknown>\n#11 0x564b663580ef <unknown>\n#12 0x564b6632399f <unknown>\n#13 0x564b6637c008 <unknown>\n#14 0x564b6637c1d7 <unknown>\n#15 0x564b6638e124 <unknown>\n#16 0x7f850c4da044 <unknown>","time":{"start":1704244933800,"stop":1704244937466,"duration":3666}},{"uid":"e51ea5e0607f74a2","reportUrl":"https://zaelcovsky.github.io/StroyremAutomation/189//#testresult/e51ea5e0607f74a2","status":"skipped","statusDetails":"XFAIL Появляется капча Яндекса при запуске теста на Github\n\nselenium.common.exceptions.NoSuchElementException: Message: no such element: Unable to locate element: {\"method\":\"css selector\",\"selector\":\"button[data-t='button:clear']\"}\n  (Session info: chrome-headless-shell=120.0.6099.109); For documentation on this error, please visit: https://www.selenium.dev/documentation/webdriver/troubleshooting/errors#no-such-element-exception\nStacktrace:\n#0 0x55e528cacf83 <unknown>\n#1 0x55e528965cf7 <unknown>\n#2 0x55e5289b599e <unknown>\n#3 0x55e5289b5aa1 <unknown>\n#4 0x55e528a00d64 <unknown>\n#5 0x55e5289df0dd <unknown>\n#6 0x55e5289fe006 <unknown>\n#7 0x55e5289dee53 <unknown>\n#8 0x55e5289a6dd4 <unknown>\n#9 0x55e5289a81de <unknown>\n#10 0x55e528c71531 <unknown>\n#11 0x55e528c75455 <unknown>\n#12 0x55e528c5df55 <unknown>\n#13 0x55e528c760ef <unknown>\n#14 0x55e528c4199f <unknown>\n#15 0x55e528c9a008 <unknown>\n#16 0x55e528c9a1d7 <unknown>\n#17 0x55e528cac124 <unknown>\n#18 0x7fe4dfcd9044 <unknown>","time":{"start":1704158458053,"stop":1704158461678,"duration":3625}},{"uid":"65d041528e8471cc","reportUrl":"https://zaelcovsky.github.io/StroyremAutomation/188//#testresult/65d041528e8471cc","status":"skipped","statusDetails":"XFAIL Появляется капча Яндекса при запуске теста на Github\n\nselenium.common.exceptions.NoSuchElementException: Message: no such element: Unable to locate element: {\"method\":\"css selector\",\"selector\":\"button[data-t='button:clear']\"}\n  (Session info: chrome-headless-shell=120.0.6099.109); For documentation on this error, please visit: https://www.selenium.dev/documentation/webdriver/troubleshooting/errors#no-such-element-exception\nStacktrace:\n#0 0x55b6c2c8df83 <unknown>\n#1 0x55b6c2946cf7 <unknown>\n#2 0x55b6c299699e <unknown>\n#3 0x55b6c2996aa1 <unknown>\n#4 0x55b6c29e1d64 <unknown>\n#5 0x55b6c29c00dd <unknown>\n#6 0x55b6c29df006 <unknown>\n#7 0x55b6c29bfe53 <unknown>\n#8 0x55b6c2987dd4 <unknown>\n#9 0x55b6c29891de <unknown>\n#10 0x55b6c2c52531 <unknown>\n#11 0x55b6c2c56455 <unknown>\n#12 0x55b6c2c3ef55 <unknown>\n#13 0x55b6c2c570ef <unknown>\n#14 0x55b6c2c2299f <unknown>\n#15 0x55b6c2c7b008 <unknown>\n#16 0x55b6c2c7b1d7 <unknown>\n#17 0x55b6c2c8d124 <unknown>\n#18 0x7fac354db044 <unknown>","time":{"start":1704072611550,"stop":1704072616836,"duration":5286}},{"uid":"182329b09b658b8c","reportUrl":"https://zaelcovsky.github.io/StroyremAutomation/187//#testresult/182329b09b658b8c","status":"skipped","statusDetails":"XFAIL Появляется капча Яндекса при запуске теста на Github\n\nselenium.common.exceptions.NoSuchElementException: Message: no such element: Unable to locate element: {\"method\":\"css selector\",\"selector\":\"button[data-t='button:clear']\"}\n  (Session info: chrome-headless-shell=120.0.6099.109); For documentation on this error, please visit: https://www.selenium.dev/documentation/webdriver/troubleshooting/errors#no-such-element-exception\nStacktrace:\n#0 0x558239132f83 <unknown>\n#1 0x558238debcf7 <unknown>\n#2 0x558238e3b99e <unknown>\n#3 0x558238e3baa1 <unknown>\n#4 0x558238e86d64 <unknown>\n#5 0x558238e650dd <unknown>\n#6 0x558238e84006 <unknown>\n#7 0x558238e64e53 <unknown>\n#8 0x558238e2cdd4 <unknown>\n#9 0x558238e2e1de <unknown>\n#10 0x5582390f7531 <unknown>\n#11 0x5582390fb455 <unknown>\n#12 0x5582390e3f55 <unknown>\n#13 0x5582390fc0ef <unknown>\n#14 0x5582390c799f <unknown>\n#15 0x558239120008 <unknown>\n#16 0x5582391201d7 <unknown>\n#17 0x558239132124 <unknown>\n#18 0x7f18cff79044 <unknown>","time":{"start":1703986022708,"stop":1703986027133,"duration":4425}},{"uid":"c84a3c8de7bba4d","reportUrl":"https://zaelcovsky.github.io/StroyremAutomation/186//#testresult/c84a3c8de7bba4d","status":"skipped","statusDetails":"XFAIL Появляется капча Яндекса при запуске теста на Github\n\nselenium.common.exceptions.TimeoutException: Message: \nStacktrace:\n#0 0x5643c1268f83 <unknown>\n#1 0x5643c0f21cf7 <unknown>\n#2 0x5643c0f7199e <unknown>\n#3 0x5643c0f71aa1 <unknown>\n#4 0x5643c0fbcd64 <unknown>\n#5 0x5643c0f9b0dd <unknown>\n#6 0x5643c0fba006 <unknown>\n#7 0x5643c0f9ae53 <unknown>\n#8 0x5643c0f62dd4 <unknown>\n#9 0x5643c0f641de <unknown>\n#10 0x5643c122d531 <unknown>\n#11 0x5643c1231455 <unknown>\n#12 0x5643c1219f55 <unknown>\n#13 0x5643c12320ef <unknown>\n#14 0x5643c11fd99f <unknown>\n#15 0x5643c1256008 <unknown>\n#16 0x5643c12561d7 <unknown>\n#17 0x5643c1268124 <unknown>\n#18 0x7f3c0b840044 <unknown>","time":{"start":1703899361958,"stop":1703899382772,"duration":20814}},{"uid":"13038f604cbb14c8","reportUrl":"https://zaelcovsky.github.io/StroyremAutomation/185//#testresult/13038f604cbb14c8","status":"skipped","statusDetails":"XFAIL Появляется капча Яндекса при запуске теста на Github\n\nselenium.common.exceptions.NoSuchElementException: Message: no such element: Unable to locate element: {\"method\":\"css selector\",\"selector\":\"button[data-t='button:clear']\"}\n  (Session info: chrome-headless-shell=120.0.6099.109); For documentation on this error, please visit: https://www.selenium.dev/documentation/webdriver/troubleshooting/errors#no-such-element-exception\nStacktrace:\n#0 0x559f927e6f83 <unknown>\n#1 0x559f9249fcf7 <unknown>\n#2 0x559f924ef99e <unknown>\n#3 0x559f924efaa1 <unknown>\n#4 0x559f9253ad64 <unknown>\n#5 0x559f925190dd <unknown>\n#6 0x559f92538006 <unknown>\n#7 0x559f92518e53 <unknown>\n#8 0x559f924e0dd4 <unknown>\n#9 0x559f924e21de <unknown>\n#10 0x559f927ab531 <unknown>\n#11 0x559f927af455 <unknown>\n#12 0x559f92797f55 <unknown>\n#13 0x559f927b00ef <unknown>\n#14 0x559f9277b99f <unknown>\n#15 0x559f927d4008 <unknown>\n#16 0x559f927d41d7 <unknown>\n#17 0x559f927e6124 <unknown>\n#18 0x7ff46126f044 <unknown>","time":{"start":1703812282503,"stop":1703812286063,"duration":3560}},{"uid":"f492cebf5493025a","reportUrl":"https://zaelcovsky.github.io/StroyremAutomation/184//#testresult/f492cebf5493025a","status":"skipped","statusDetails":"XFAIL Появляется капча Яндекса при запуске теста на Github\n\nselenium.common.exceptions.InvalidCookieDomainException: Message: invalid cookie domain: Cookie 'domain' mismatch\n  (Session info: chrome-headless-shell=120.0.6099.109)\nStacktrace:\n#0 0x5578737aff83 <unknown>\n#1 0x557873468cf7 <unknown>\n#2 0x557873515538 <unknown>\n#3 0x5578734e20b2 <unknown>\n#4 0x557873501006 <unknown>\n#5 0x5578734e1e53 <unknown>\n#6 0x5578734a9dd4 <unknown>\n#7 0x5578734ab1de <unknown>\n#8 0x557873774531 <unknown>\n#9 0x557873778455 <unknown>\n#10 0x557873760f55 <unknown>\n#11 0x5578737790ef <unknown>\n#12 0x55787374499f <unknown>\n#13 0x55787379d008 <unknown>\n#14 0x55787379d1d7 <unknown>\n#15 0x5578737af124 <unknown>\n#16 0x7f47ab4de044 <unknown>","time":{"start":1703726443389,"stop":1703726447700,"duration":4311}},{"uid":"544ea507e3562c27","reportUrl":"https://zaelcovsky.github.io/StroyremAutomation/183//#testresult/544ea507e3562c27","status":"skipped","statusDetails":"XFAIL Появляется капча Яндекса при запуске теста на Github\n\nselenium.common.exceptions.InvalidCookieDomainException: Message: invalid cookie domain: Cookie 'domain' mismatch\n  (Session info: chrome-headless-shell=120.0.6099.109)\nStacktrace:\n#0 0x563b8380cf83 <unknown>\n#1 0x563b834c5cf7 <unknown>\n#2 0x563b83572538 <unknown>\n#3 0x563b8353f0b2 <unknown>\n#4 0x563b8355e006 <unknown>\n#5 0x563b8353ee53 <unknown>\n#6 0x563b83506dd4 <unknown>\n#7 0x563b835081de <unknown>\n#8 0x563b837d1531 <unknown>\n#9 0x563b837d5455 <unknown>\n#10 0x563b837bdf55 <unknown>\n#11 0x563b837d60ef <unknown>\n#12 0x563b837a199f <unknown>\n#13 0x563b837fa008 <unknown>\n#14 0x563b837fa1d7 <unknown>\n#15 0x563b8380c124 <unknown>\n#16 0x7fb911c55044 <unknown>","time":{"start":1703640192928,"stop":1703640198149,"duration":5221}},{"uid":"8938f953db51cc9d","reportUrl":"https://zaelcovsky.github.io/StroyremAutomation/182//#testresult/8938f953db51cc9d","status":"skipped","statusDetails":"XFAIL Появляется капча Яндекса при запуске теста на Github\n\nselenium.common.exceptions.NoSuchElementException: Message: no such element: Unable to locate element: {\"method\":\"css selector\",\"selector\":\"button[data-t='button:clear']\"}\n  (Session info: chrome-headless-shell=120.0.6099.109); For documentation on this error, please visit: https://www.selenium.dev/documentation/webdriver/troubleshooting/errors#no-such-element-exception\nStacktrace:\n#0 0x561026638f83 <unknown>\n#1 0x5610262f1cf7 <unknown>\n#2 0x56102634199e <unknown>\n#3 0x561026341aa1 <unknown>\n#4 0x56102638cd64 <unknown>\n#5 0x56102636b0dd <unknown>\n#6 0x56102638a006 <unknown>\n#7 0x56102636ae53 <unknown>\n#8 0x561026332dd4 <unknown>\n#9 0x5610263341de <unknown>\n#10 0x5610265fd531 <unknown>\n#11 0x561026601455 <unknown>\n#12 0x5610265e9f55 <unknown>\n#13 0x5610266020ef <unknown>\n#14 0x5610265cd99f <unknown>\n#15 0x561026626008 <unknown>\n#16 0x5610266261d7 <unknown>\n#17 0x561026638124 <unknown>\n#18 0x7f93e2d4b044 <unknown>","time":{"start":1703553580910,"stop":1703553584669,"duration":3759}},{"uid":"5c39132bcee00279","reportUrl":"https://zaelcovsky.github.io/StroyremAutomation/181//#testresult/5c39132bcee00279","status":"skipped","statusDetails":"XFAIL Появляется капча Яндекса при запуске теста на Github\n\nselenium.common.exceptions.InvalidCookieDomainException: Message: invalid cookie domain: Cookie 'domain' mismatch\n  (Session info: chrome-headless-shell=120.0.6099.109)\nStacktrace:\n#0 0x556c8b44bf83 <unknown>\n#1 0x556c8b104cf7 <unknown>\n#2 0x556c8b1b1538 <unknown>\n#3 0x556c8b17e0b2 <unknown>\n#4 0x556c8b19d006 <unknown>\n#5 0x556c8b17de53 <unknown>\n#6 0x556c8b145dd4 <unknown>\n#7 0x556c8b1471de <unknown>\n#8 0x556c8b410531 <unknown>\n#9 0x556c8b414455 <unknown>\n#10 0x556c8b3fcf55 <unknown>\n#11 0x556c8b4150ef <unknown>\n#12 0x556c8b3e099f <unknown>\n#13 0x556c8b439008 <unknown>\n#14 0x556c8b4391d7 <unknown>\n#15 0x556c8b44b124 <unknown>\n#16 0x7f066e7f0044 <unknown>","time":{"start":1703467355297,"stop":1703467358782,"duration":3485}},{"uid":"e1a137e54c555f4e","reportUrl":"https://zaelcovsky.github.io/StroyremAutomation/180//#testresult/e1a137e54c555f4e","status":"skipped","statusDetails":"XFAIL Появляется капча Яндекса при запуске теста на Github\n\nselenium.common.exceptions.InvalidCookieDomainException: Message: invalid cookie domain: Cookie 'domain' mismatch\n  (Session info: chrome-headless-shell=120.0.6099.109)\nStacktrace:\n#0 0x56546df4ef83 <unknown>\n#1 0x56546dc07cf7 <unknown>\n#2 0x56546dcb4538 <unknown>\n#3 0x56546dc810b2 <unknown>\n#4 0x56546dca0006 <unknown>\n#5 0x56546dc80e53 <unknown>\n#6 0x56546dc48dd4 <unknown>\n#7 0x56546dc4a1de <unknown>\n#8 0x56546df13531 <unknown>\n#9 0x56546df17455 <unknown>\n#10 0x56546defff55 <unknown>\n#11 0x56546df180ef <unknown>\n#12 0x56546dee399f <unknown>\n#13 0x56546df3c008 <unknown>\n#14 0x56546df3c1d7 <unknown>\n#15 0x56546df4e124 <unknown>\n#16 0x7fac7e7d0044 <unknown>","time":{"start":1703381247218,"stop":1703381252260,"duration":5042}},{"uid":"4e1eeeca24026ac9","reportUrl":"https://zaelcovsky.github.io/StroyremAutomation/179//#testresult/4e1eeeca24026ac9","status":"skipped","statusDetails":"XFAIL Появляется капча Яндекса при запуске теста на Github\n\nselenium.common.exceptions.NoSuchElementException: Message: no such element: Unable to locate element: {\"method\":\"css selector\",\"selector\":\"button[data-t='button:clear']\"}\n  (Session info: chrome-headless-shell=120.0.6099.109); For documentation on this error, please visit: https://www.selenium.dev/documentation/webdriver/troubleshooting/errors#no-such-element-exception\nStacktrace:\n#0 0x562026878f83 <unknown>\n#1 0x562026531cf7 <unknown>\n#2 0x56202658199e <unknown>\n#3 0x562026581aa1 <unknown>\n#4 0x5620265ccd64 <unknown>\n#5 0x5620265ab0dd <unknown>\n#6 0x5620265ca006 <unknown>\n#7 0x5620265aae53 <unknown>\n#8 0x562026572dd4 <unknown>\n#9 0x5620265741de <unknown>\n#10 0x56202683d531 <unknown>\n#11 0x562026841455 <unknown>\n#12 0x562026829f55 <unknown>\n#13 0x5620268420ef <unknown>\n#14 0x56202680d99f <unknown>\n#15 0x562026866008 <unknown>\n#16 0x5620268661d7 <unknown>\n#17 0x562026878124 <unknown>\n#18 0x7f734091f044 <unknown>","time":{"start":1703294507600,"stop":1703294512839,"duration":5239}},{"uid":"ee6b319e1adc88b3","reportUrl":"https://zaelcovsky.github.io/StroyremAutomation/178//#testresult/ee6b319e1adc88b3","status":"skipped","statusDetails":"XFAIL Появляется капча Яндекса при запуске теста на Github\n\nselenium.common.exceptions.InvalidCookieDomainException: Message: invalid cookie domain: Cookie 'domain' mismatch\n  (Session info: chrome-headless-shell=120.0.6099.109)\nStacktrace:\n#0 0x5617f56baf83 <unknown>\n#1 0x5617f5373cf7 <unknown>\n#2 0x5617f5420538 <unknown>\n#3 0x5617f53ed0b2 <unknown>\n#4 0x5617f540c006 <unknown>\n#5 0x5617f53ece53 <unknown>\n#6 0x5617f53b4dd4 <unknown>\n#7 0x5617f53b61de <unknown>\n#8 0x5617f567f531 <unknown>\n#9 0x5617f5683455 <unknown>\n#10 0x5617f566bf55 <unknown>\n#11 0x5617f56840ef <unknown>\n#12 0x5617f564f99f <unknown>\n#13 0x5617f56a8008 <unknown>\n#14 0x5617f56a81d7 <unknown>\n#15 0x5617f56ba124 <unknown>\n#16 0x7f9f89a5a044 <unknown>","time":{"start":1703208039064,"stop":1703208042405,"duration":3341}},{"uid":"23bd2e5e597e02a7","reportUrl":"https://zaelcovsky.github.io/StroyremAutomation/177//#testresult/23bd2e5e597e02a7","status":"skipped","statusDetails":"XFAIL Появляется капча Яндекса при запуске теста на Github\n\nselenium.common.exceptions.InvalidCookieDomainException: Message: invalid cookie domain: Cookie 'domain' mismatch\n  (Session info: chrome-headless-shell=120.0.6099.109)\nStacktrace:\n#0 0x5637316f0f83 <unknown>\n#1 0x5637313a9cf7 <unknown>\n#2 0x563731456538 <unknown>\n#3 0x5637314230b2 <unknown>\n#4 0x563731442006 <unknown>\n#5 0x563731422e53 <unknown>\n#6 0x5637313eadd4 <unknown>\n#7 0x5637313ec1de <unknown>\n#8 0x5637316b5531 <unknown>\n#9 0x5637316b9455 <unknown>\n#10 0x5637316a1f55 <unknown>\n#11 0x5637316ba0ef <unknown>\n#12 0x56373168599f <unknown>\n#13 0x5637316de008 <unknown>\n#14 0x5637316de1d7 <unknown>\n#15 0x5637316f0124 <unknown>\n#16 0x7f9ad1644044 <unknown>","time":{"start":1703121654009,"stop":1703121657643,"duration":3634}},{"uid":"ee3c11ffb85eaa80","reportUrl":"https://zaelcovsky.github.io/StroyremAutomation/176//#testresult/ee3c11ffb85eaa80","status":"skipped","statusDetails":"XFAIL Появляется капча Яндекса при запуске теста на Github\n\nselenium.common.exceptions.NoSuchElementException: Message: no such element: Unable to locate element: {\"method\":\"css selector\",\"selector\":\"button[data-t='button:clear']\"}\n  (Session info: chrome-headless-shell=120.0.6099.109); For documentation on this error, please visit: https://www.selenium.dev/documentation/webdriver/troubleshooting/errors#no-such-element-exception\nStacktrace:\n#0 0x55ec45658f83 <unknown>\n#1 0x55ec45311cf7 <unknown>\n#2 0x55ec4536199e <unknown>\n#3 0x55ec45361aa1 <unknown>\n#4 0x55ec453acd64 <unknown>\n#5 0x55ec4538b0dd <unknown>\n#6 0x55ec453aa006 <unknown>\n#7 0x55ec4538ae53 <unknown>\n#8 0x55ec45352dd4 <unknown>\n#9 0x55ec453541de <unknown>\n#10 0x55ec4561d531 <unknown>\n#11 0x55ec45621455 <unknown>\n#12 0x55ec45609f55 <unknown>\n#13 0x55ec456220ef <unknown>\n#14 0x55ec455ed99f <unknown>\n#15 0x55ec45646008 <unknown>\n#16 0x55ec456461d7 <unknown>\n#17 0x55ec45658124 <unknown>\n#18 0x7f8978b5f044 <unknown>","time":{"start":1703034678481,"stop":1703034682175,"duration":3694}},{"uid":"70dfc3553cee3892","reportUrl":"https://zaelcovsky.github.io/StroyremAutomation/175//#testresult/70dfc3553cee3892","status":"skipped","statusDetails":"XFAIL Появляется капча Яндекса при запуске теста на Github\n\nselenium.common.exceptions.NoSuchElementException: Message: no such element: Unable to locate element: {\"method\":\"css selector\",\"selector\":\"button[data-t='button:clear']\"}\n  (Session info: chrome-headless-shell=120.0.6099.109); For documentation on this error, please visit: https://www.selenium.dev/documentation/webdriver/troubleshooting/errors#no-such-element-exception\nStacktrace:\n#0 0x55ccc3a0af83 <unknown>\n#1 0x55ccc36c3cf7 <unknown>\n#2 0x55ccc371399e <unknown>\n#3 0x55ccc3713aa1 <unknown>\n#4 0x55ccc375ed64 <unknown>\n#5 0x55ccc373d0dd <unknown>\n#6 0x55ccc375c006 <unknown>\n#7 0x55ccc373ce53 <unknown>\n#8 0x55ccc3704dd4 <unknown>\n#9 0x55ccc37061de <unknown>\n#10 0x55ccc39cf531 <unknown>\n#11 0x55ccc39d3455 <unknown>\n#12 0x55ccc39bbf55 <unknown>\n#13 0x55ccc39d40ef <unknown>\n#14 0x55ccc399f99f <unknown>\n#15 0x55ccc39f8008 <unknown>\n#16 0x55ccc39f81d7 <unknown>\n#17 0x55ccc3a0a124 <unknown>\n#18 0x7f6c77c6b044 <unknown>","time":{"start":1702948931995,"stop":1702948935460,"duration":3465}},{"uid":"f06f663323b9483a","reportUrl":"https://zaelcovsky.github.io/StroyremAutomation/174//#testresult/f06f663323b9483a","status":"skipped","statusDetails":"XFAIL Появляется капча Яндекса при запуске теста на Github\n\nselenium.common.exceptions.NoSuchElementException: Message: no such element: Unable to locate element: {\"method\":\"css selector\",\"selector\":\"button[data-t='button:clear']\"}\n  (Session info: chrome-headless-shell=120.0.6099.71); For documentation on this error, please visit: https://www.selenium.dev/documentation/webdriver/troubleshooting/errors#no-such-element-exception\nStacktrace:\n#0 0x557f50cbed33 <unknown>\n#1 0x557f5097bf87 <unknown>\n#2 0x557f509cbc0e <unknown>\n#3 0x557f509cbd11 <unknown>\n#4 0x557f50a17004 <unknown>\n#5 0x557f509f536d <unknown>\n#6 0x557f50a14297 <unknown>\n#7 0x557f509f50e3 <unknown>\n#8 0x557f509bd044 <unknown>\n#9 0x557f509be44e <unknown>\n#10 0x557f50c83861 <unknown>\n#11 0x557f50c87785 <unknown>\n#12 0x557f50c71285 <unknown>\n#13 0x557f50c8841f <unknown>\n#14 0x557f50c5520f <unknown>\n#15 0x557f50cac028 <unknown>\n#16 0x557f50cac1f7 <unknown>\n#17 0x557f50cbded4 <unknown>\n#18 0x7fb4ce393044 <unknown>","time":{"start":1702862627841,"stop":1702862631437,"duration":3596}},{"uid":"fa5bb28a116c9833","reportUrl":"https://zaelcovsky.github.io/StroyremAutomation/173//#testresult/fa5bb28a116c9833","status":"skipped","statusDetails":"XFAIL Появляется капча Яндекса при запуске теста на Github\n\nselenium.common.exceptions.NoSuchElementException: Message: no such element: Unable to locate element: {\"method\":\"css selector\",\"selector\":\"button[data-t='button:clear']\"}\n  (Session info: chrome-headless-shell=120.0.6099.71); For documentation on this error, please visit: https://www.selenium.dev/documentation/webdriver/troubleshooting/errors#no-such-element-exception\nStacktrace:\n#0 0x55b78b5bdd33 <unknown>\n#1 0x55b78b27af87 <unknown>\n#2 0x55b78b2cac0e <unknown>\n#3 0x55b78b2cad11 <unknown>\n#4 0x55b78b316004 <unknown>\n#5 0x55b78b2f436d <unknown>\n#6 0x55b78b313297 <unknown>\n#7 0x55b78b2f40e3 <unknown>\n#8 0x55b78b2bc044 <unknown>\n#9 0x55b78b2bd44e <unknown>\n#10 0x55b78b582861 <unknown>\n#11 0x55b78b586785 <unknown>\n#12 0x55b78b570285 <unknown>\n#13 0x55b78b58741f <unknown>\n#14 0x55b78b55420f <unknown>\n#15 0x55b78b5ab028 <unknown>\n#16 0x55b78b5ab1f7 <unknown>\n#17 0x55b78b5bced4 <unknown>\n#18 0x7fc40b311044 <unknown>","time":{"start":1702776469936,"stop":1702776474397,"duration":4461}},{"uid":"b05c755b9a4a7d6d","reportUrl":"https://zaelcovsky.github.io/StroyremAutomation/172//#testresult/b05c755b9a4a7d6d","status":"skipped","statusDetails":"XFAIL Появляется капча Яндекса при запуске теста на Github\n\nselenium.common.exceptions.InvalidCookieDomainException: Message: invalid cookie domain: Cookie 'domain' mismatch\n  (Session info: chrome-headless-shell=120.0.6099.71)\nStacktrace:\n#0 0x55d36255bd33 <unknown>\n#1 0x55d362218f87 <unknown>\n#2 0x55d3622c57d8 <unknown>\n#3 0x55d362292342 <unknown>\n#4 0x55d3622b1297 <unknown>\n#5 0x55d3622920e3 <unknown>\n#6 0x55d36225a044 <unknown>\n#7 0x55d36225b44e <unknown>\n#8 0x55d362520861 <unknown>\n#9 0x55d362524785 <unknown>\n#10 0x55d36250e285 <unknown>\n#11 0x55d36252541f <unknown>\n#12 0x55d3624f220f <unknown>\n#13 0x55d362549028 <unknown>\n#14 0x55d3625491f7 <unknown>\n#15 0x55d36255aed4 <unknown>\n#16 0x7f364943c044 <unknown>","time":{"start":1702689722901,"stop":1702689726420,"duration":3519}}]},"tags":["@pytest.mark.xfail(reason='Появляется капча Яндекса при запуске теста на Github')","smoke_test"]},"source":"3f922480c0224039.json","parameterValues":[]}