{"uid":"ad4a2e984aca4ba4","name":"TD 019 Доставка товара весом до 1700кг. в синей зоне","fullName":"tests.delivery.test_delivery_calculation.TestDeliveryPageCalculation#test_positive_delivery_blue_zone_smoke","historyId":"7de17ed6f423399e8e6f079409b2bd41","time":{"start":1704417099481,"stop":1704417099983,"duration":502},"status":"broken","statusMessage":"selenium.common.exceptions.NoSuchElementException: Message: no such element: Unable to locate element: {\"method\":\"xpath\",\"selector\":\"(//a[@class='add-to-cart yellow-btn'])[1]\"}\n  (Session info: chrome-headless-shell=120.0.6099.109); For documentation on this error, please visit: https://www.selenium.dev/documentation/webdriver/troubleshooting/errors#no-such-element-exception\nStacktrace:\n#0 0x55e640f88f83 <unknown>\n#1 0x55e640c41cf7 <unknown>\n#2 0x55e640c9199e <unknown>\n#3 0x55e640c91aa1 <unknown>\n#4 0x55e640cdcd64 <unknown>\n#5 0x55e640cbb0dd <unknown>\n#6 0x55e640cda006 <unknown>\n#7 0x55e640cbae53 <unknown>\n#8 0x55e640c82dd4 <unknown>\n#9 0x55e640c841de <unknown>\n#10 0x55e640f4d531 <unknown>\n#11 0x55e640f51455 <unknown>\n#12 0x55e640f39f55 <unknown>\n#13 0x55e640f520ef <unknown>\n#14 0x55e640f1d99f <unknown>\n#15 0x55e640f76008 <unknown>\n#16 0x55e640f761d7 <unknown>\n#17 0x55e640f88124 <unknown>\n#18 0x7f67e97e4044 <unknown>","statusTrace":"self = <tests.delivery.test_delivery_calculation.TestDeliveryPageCalculation object at 0x7f0acf48d750>\ndriver = <selenium.webdriver.chrome.webdriver.WebDriver (session=\"22c89e1e6c854bcbf7ad5b28a6b0fc50\")>\nurl = 'https://sandboxtest.stroyrem-nn.ru/', case_id = 'TD 019'\nlink_item = 'products/shtukaturka-gipsovaya-aksolit-m50-30-kg-mashinnogo-naneseniya'\namount = 25, weight = 1700, standard = 1150, in_time = 2490, all_time = 3320\n\n    @pytest.mark.parametrize('case_id, link_item, amount, weight, standard, in_time, all_time', [\n        (\"TD 015\", bundeks_25, 1, 30, 650, 2390, 3320),\n        pytest.param(\n            \"TD 016\", aksolit_30, 8, 300, 650, 2390, 3320,\n            marks=pytest.mark.xfail(reson=\"Цена доставки: - - -\")\n        ),\n        (\"TD 017\", aksolit_30, 13, 400, 650, 2390, 3320),\n        (\"TD 018\", aksolit_30, 16, 500, 850, 2490, 3320),\n        (\"TD 019\", aksolit_30, 25, 1700, 1150, 2490, 3320),\n        (\"TD 020\", aksolit_30, 66, 2000, 1500, 2990, 3650),\n        (\"TD 021\", aksolit_30, 149, 4500, 2600, 4380, 4890),\n        (\"TD 022\", aksolit_30, 166, 5000, 2800, 5490, 5980),\n        pytest.param(\n            \"TD 023\", aksolit_30, 206, 6200, 3300, 7500, 8000,\n            marks=pytest.mark.xfail(reson=\"Цена доставки: 4300 9900 11440\")\n        ),\n        (\"TD 024\", aksolit_30, 299, 9000, 4300, 9900, 11440),\n        (\"TD 025\", aksolit_30, 333, 10000, 7000, 13900, 15900),\n        pytest.param(\n            \"TD 026\", aksolit_30, 366, 11000, 8000, 14900, 19900,\n            marks=pytest.mark.xfail(reson=\"Цена доставки: 7000 13900 15900\")\n        ),\n        pytest.param(\n            \"TD 027\", aksolit_30, 666, 20000, 14000, 16900, 23900,\n            marks=pytest.mark.xfail(reson=\"Цена доставки: 7000 13900 15900\")\n        )\n    ])\n    @pytest.mark.smoke\n    def test_positive_delivery_blue_zone_smoke(\n            self, driver, url, case_id, link_item, amount, weight, standard, in_time, all_time\n    ):\n        allure.dynamic.title(f\"{case_id} Доставка товара весом до {weight}кг. в синей зоне\")\n    \n        driver.get(f'{url}{link_item}')\n        item_page = ItemPage(driver)\n>       item_page.add_item_to_cart(amount).click_on_cart()\n\ntests/delivery/test_delivery_calculation.py:130: \n_ _ _ _ _ _ _ _ _ _ _ _ _ _ _ _ _ _ _ _ _ _ _ _ _ _ _ _ _ _ _ _ _ _ _ _ _ _ _ _ \npages/item_page.py:40: in add_item_to_cart\n    self.find_element(self._add_item).click()\nbase/seleniumbase.py:17: in find_element\n    return self.driver.find_element(*locator)\n/usr/local/lib/python3.11/site-packages/selenium/webdriver/remote/webdriver.py:740: in find_element\n    return self.execute(Command.FIND_ELEMENT, {\"using\": by, \"value\": value})[\"value\"]\n/usr/local/lib/python3.11/site-packages/selenium/webdriver/remote/webdriver.py:346: in execute\n    self.error_handler.check_response(response)\n_ _ _ _ _ _ _ _ _ _ _ _ _ _ _ _ _ _ _ _ _ _ _ _ _ _ _ _ _ _ _ _ _ _ _ _ _ _ _ _ \n\nself = <selenium.webdriver.remote.errorhandler.ErrorHandler object at 0x7f0ad0021150>\nresponse = {'status': 404, 'value': '{\"value\":{\"error\":\"no such element\",\"message\":\"no such element: Unable to locate element: {\\...\\\\n#16 0x55e640f761d7 \\\\u003Cunknown>\\\\n#17 0x55e640f88124 \\\\u003Cunknown>\\\\n#18 0x7f67e97e4044 \\\\u003Cunknown>\\\\n\"}}'}\n\n    def check_response(self, response: Dict[str, Any]) -> None:\n        \"\"\"Checks that a JSON response from the WebDriver does not have an\n        error.\n    \n        :Args:\n         - response - The JSON response from the WebDriver server as a dictionary\n           object.\n    \n        :Raises: If the response contains an error message.\n        \"\"\"\n        status = response.get(\"status\", None)\n        if not status or status == ErrorCode.SUCCESS:\n            return\n        value = None\n        message = response.get(\"message\", \"\")\n        screen: str = response.get(\"screen\", \"\")\n        stacktrace = None\n        if isinstance(status, int):\n            value_json = response.get(\"value\", None)\n            if value_json and isinstance(value_json, str):\n                import json\n    \n                try:\n                    value = json.loads(value_json)\n                    if len(value) == 1:\n                        value = value[\"value\"]\n                    status = value.get(\"error\", None)\n                    if not status:\n                        status = value.get(\"status\", ErrorCode.UNKNOWN_ERROR)\n                        message = value.get(\"value\") or value.get(\"message\")\n                        if not isinstance(message, str):\n                            value = message\n                            message = message.get(\"message\")\n                    else:\n                        message = value.get(\"message\", None)\n                except ValueError:\n                    pass\n    \n        exception_class: Type[WebDriverException]\n        if status in ErrorCode.NO_SUCH_ELEMENT:\n            exception_class = NoSuchElementException\n        elif status in ErrorCode.NO_SUCH_FRAME:\n            exception_class = NoSuchFrameException\n        elif status in ErrorCode.NO_SUCH_SHADOW_ROOT:\n            exception_class = NoSuchShadowRootException\n        elif status in ErrorCode.NO_SUCH_WINDOW:\n            exception_class = NoSuchWindowException\n        elif status in ErrorCode.STALE_ELEMENT_REFERENCE:\n            exception_class = StaleElementReferenceException\n        elif status in ErrorCode.ELEMENT_NOT_VISIBLE:\n            exception_class = ElementNotVisibleException\n        elif status in ErrorCode.INVALID_ELEMENT_STATE:\n            exception_class = InvalidElementStateException\n        elif (\n            status in ErrorCode.INVALID_SELECTOR\n            or status in ErrorCode.INVALID_XPATH_SELECTOR\n            or status in ErrorCode.INVALID_XPATH_SELECTOR_RETURN_TYPER\n        ):\n            exception_class = InvalidSelectorException\n        elif status in ErrorCode.ELEMENT_IS_NOT_SELECTABLE:\n            exception_class = ElementNotSelectableException\n        elif status in ErrorCode.ELEMENT_NOT_INTERACTABLE:\n            exception_class = ElementNotInteractableException\n        elif status in ErrorCode.INVALID_COOKIE_DOMAIN:\n            exception_class = InvalidCookieDomainException\n        elif status in ErrorCode.UNABLE_TO_SET_COOKIE:\n            exception_class = UnableToSetCookieException\n        elif status in ErrorCode.TIMEOUT:\n            exception_class = TimeoutException\n        elif status in ErrorCode.SCRIPT_TIMEOUT:\n            exception_class = TimeoutException\n        elif status in ErrorCode.UNKNOWN_ERROR:\n            exception_class = WebDriverException\n        elif status in ErrorCode.UNEXPECTED_ALERT_OPEN:\n            exception_class = UnexpectedAlertPresentException\n        elif status in ErrorCode.NO_ALERT_OPEN:\n            exception_class = NoAlertPresentException\n        elif status in ErrorCode.IME_NOT_AVAILABLE:\n            exception_class = ImeNotAvailableException\n        elif status in ErrorCode.IME_ENGINE_ACTIVATION_FAILED:\n            exception_class = ImeActivationFailedException\n        elif status in ErrorCode.MOVE_TARGET_OUT_OF_BOUNDS:\n            exception_class = MoveTargetOutOfBoundsException\n        elif status in ErrorCode.JAVASCRIPT_ERROR:\n            exception_class = JavascriptException\n        elif status in ErrorCode.SESSION_NOT_CREATED:\n            exception_class = SessionNotCreatedException\n        elif status in ErrorCode.INVALID_ARGUMENT:\n            exception_class = InvalidArgumentException\n        elif status in ErrorCode.NO_SUCH_COOKIE:\n            exception_class = NoSuchCookieException\n        elif status in ErrorCode.UNABLE_TO_CAPTURE_SCREEN:\n            exception_class = ScreenshotException\n        elif status in ErrorCode.ELEMENT_CLICK_INTERCEPTED:\n            exception_class = ElementClickInterceptedException\n        elif status in ErrorCode.INSECURE_CERTIFICATE:\n            exception_class = InsecureCertificateException\n        elif status in ErrorCode.INVALID_COORDINATES:\n            exception_class = InvalidCoordinatesException\n        elif status in ErrorCode.INVALID_SESSION_ID:\n            exception_class = InvalidSessionIdException\n        elif status in ErrorCode.UNKNOWN_METHOD:\n            exception_class = UnknownMethodException\n        else:\n            exception_class = WebDriverException\n        if not value:\n            value = response[\"value\"]\n        if isinstance(value, str):\n            raise exception_class(value)\n        if message == \"\" and \"message\" in value:\n            message = value[\"message\"]\n    \n        screen = None  # type: ignore[assignment]\n        if \"screen\" in value:\n            screen = value[\"screen\"]\n    \n        stacktrace = None\n        st_value = value.get(\"stackTrace\") or value.get(\"stacktrace\")\n        if st_value:\n            if isinstance(st_value, str):\n                stacktrace = st_value.split(\"\\n\")\n            else:\n                stacktrace = []\n                try:\n                    for frame in st_value:\n                        line = frame.get(\"lineNumber\", \"\")\n                        file = frame.get(\"fileName\", \"<anonymous>\")\n                        if line:\n                            file = f\"{file}:{line}\"\n                        meth = frame.get(\"methodName\", \"<anonymous>\")\n                        if \"className\" in frame:\n                            meth = f\"{frame['className']}.{meth}\"\n                        msg = \"    at %s (%s)\"\n                        msg = msg % (meth, file)\n                        stacktrace.append(msg)\n                except TypeError:\n                    pass\n        if exception_class == UnexpectedAlertPresentException:\n            alert_text = None\n            if \"data\" in value:\n                alert_text = value[\"data\"].get(\"text\")\n            elif \"alert\" in value:\n                alert_text = value[\"alert\"].get(\"text\")\n            raise exception_class(message, screen, stacktrace, alert_text)  # type: ignore[call-arg]  # mypy is not smart enough here\n>       raise exception_class(message, screen, stacktrace)\nE       selenium.common.exceptions.NoSuchElementException: Message: no such element: Unable to locate element: {\"method\":\"xpath\",\"selector\":\"(//a[@class='add-to-cart yellow-btn'])[1]\"}\nE         (Session info: chrome-headless-shell=120.0.6099.109); For documentation on this error, please visit: https://www.selenium.dev/documentation/webdriver/troubleshooting/errors#no-such-element-exception\nE       Stacktrace:\nE       #0 0x55e640f88f83 <unknown>\nE       #1 0x55e640c41cf7 <unknown>\nE       #2 0x55e640c9199e <unknown>\nE       #3 0x55e640c91aa1 <unknown>\nE       #4 0x55e640cdcd64 <unknown>\nE       #5 0x55e640cbb0dd <unknown>\nE       #6 0x55e640cda006 <unknown>\nE       #7 0x55e640cbae53 <unknown>\nE       #8 0x55e640c82dd4 <unknown>\nE       #9 0x55e640c841de <unknown>\nE       #10 0x55e640f4d531 <unknown>\nE       #11 0x55e640f51455 <unknown>\nE       #12 0x55e640f39f55 <unknown>\nE       #13 0x55e640f520ef <unknown>\nE       #14 0x55e640f1d99f <unknown>\nE       #15 0x55e640f76008 <unknown>\nE       #16 0x55e640f761d7 <unknown>\nE       #17 0x55e640f88124 <unknown>\nE       #18 0x7f67e97e4044 <unknown>\n\n/usr/local/lib/python3.11/site-packages/selenium/webdriver/remote/errorhandler.py:245: NoSuchElementException","flaky":false,"newFailed":false,"newBroken":false,"newPassed":false,"retriesCount":0,"retriesStatusChange":false,"beforeStages":[{"name":"_session_faker","time":{"start":1704416659975,"stop":1704416660044,"duration":69},"status":"passed","steps":[],"attachments":[],"parameters":[],"shouldDisplayMessage":false,"stepsCount":0,"attachmentsCount":0,"hasContent":false,"attachmentStep":false},{"name":"clear_allure_results_folder","time":{"start":1704416660044,"stop":1704416660044,"duration":0},"status":"passed","steps":[],"attachments":[],"parameters":[],"shouldDisplayMessage":false,"stepsCount":0,"attachmentsCount":0,"hasContent":false,"attachmentStep":false},{"name":"driver","time":{"start":1704417098744,"stop":1704417099479,"duration":735},"status":"passed","steps":[],"attachments":[],"parameters":[],"shouldDisplayMessage":false,"stepsCount":0,"attachmentsCount":0,"hasContent":false,"attachmentStep":false},{"name":"setup","time":{"start":1704417099479,"stop":1704417099480,"duration":1},"status":"passed","steps":[],"attachments":[],"parameters":[],"shouldDisplayMessage":false,"stepsCount":0,"attachmentsCount":0,"hasContent":false,"attachmentStep":false}],"testStage":{"status":"broken","statusMessage":"selenium.common.exceptions.NoSuchElementException: Message: no such element: Unable to locate element: {\"method\":\"xpath\",\"selector\":\"(//a[@class='add-to-cart yellow-btn'])[1]\"}\n  (Session info: chrome-headless-shell=120.0.6099.109); For documentation on this error, please visit: https://www.selenium.dev/documentation/webdriver/troubleshooting/errors#no-such-element-exception\nStacktrace:\n#0 0x55e640f88f83 <unknown>\n#1 0x55e640c41cf7 <unknown>\n#2 0x55e640c9199e <unknown>\n#3 0x55e640c91aa1 <unknown>\n#4 0x55e640cdcd64 <unknown>\n#5 0x55e640cbb0dd <unknown>\n#6 0x55e640cda006 <unknown>\n#7 0x55e640cbae53 <unknown>\n#8 0x55e640c82dd4 <unknown>\n#9 0x55e640c841de <unknown>\n#10 0x55e640f4d531 <unknown>\n#11 0x55e640f51455 <unknown>\n#12 0x55e640f39f55 <unknown>\n#13 0x55e640f520ef <unknown>\n#14 0x55e640f1d99f <unknown>\n#15 0x55e640f76008 <unknown>\n#16 0x55e640f761d7 <unknown>\n#17 0x55e640f88124 <unknown>\n#18 0x7f67e97e4044 <unknown>","statusTrace":"self = <tests.delivery.test_delivery_calculation.TestDeliveryPageCalculation object at 0x7f0acf48d750>\ndriver = <selenium.webdriver.chrome.webdriver.WebDriver (session=\"22c89e1e6c854bcbf7ad5b28a6b0fc50\")>\nurl = 'https://sandboxtest.stroyrem-nn.ru/', case_id = 'TD 019'\nlink_item = 'products/shtukaturka-gipsovaya-aksolit-m50-30-kg-mashinnogo-naneseniya'\namount = 25, weight = 1700, standard = 1150, in_time = 2490, all_time = 3320\n\n    @pytest.mark.parametrize('case_id, link_item, amount, weight, standard, in_time, all_time', [\n        (\"TD 015\", bundeks_25, 1, 30, 650, 2390, 3320),\n        pytest.param(\n            \"TD 016\", aksolit_30, 8, 300, 650, 2390, 3320,\n            marks=pytest.mark.xfail(reson=\"Цена доставки: - - -\")\n        ),\n        (\"TD 017\", aksolit_30, 13, 400, 650, 2390, 3320),\n        (\"TD 018\", aksolit_30, 16, 500, 850, 2490, 3320),\n        (\"TD 019\", aksolit_30, 25, 1700, 1150, 2490, 3320),\n        (\"TD 020\", aksolit_30, 66, 2000, 1500, 2990, 3650),\n        (\"TD 021\", aksolit_30, 149, 4500, 2600, 4380, 4890),\n        (\"TD 022\", aksolit_30, 166, 5000, 2800, 5490, 5980),\n        pytest.param(\n            \"TD 023\", aksolit_30, 206, 6200, 3300, 7500, 8000,\n            marks=pytest.mark.xfail(reson=\"Цена доставки: 4300 9900 11440\")\n        ),\n        (\"TD 024\", aksolit_30, 299, 9000, 4300, 9900, 11440),\n        (\"TD 025\", aksolit_30, 333, 10000, 7000, 13900, 15900),\n        pytest.param(\n            \"TD 026\", aksolit_30, 366, 11000, 8000, 14900, 19900,\n            marks=pytest.mark.xfail(reson=\"Цена доставки: 7000 13900 15900\")\n        ),\n        pytest.param(\n            \"TD 027\", aksolit_30, 666, 20000, 14000, 16900, 23900,\n            marks=pytest.mark.xfail(reson=\"Цена доставки: 7000 13900 15900\")\n        )\n    ])\n    @pytest.mark.smoke\n    def test_positive_delivery_blue_zone_smoke(\n            self, driver, url, case_id, link_item, amount, weight, standard, in_time, all_time\n    ):\n        allure.dynamic.title(f\"{case_id} Доставка товара весом до {weight}кг. в синей зоне\")\n    \n        driver.get(f'{url}{link_item}')\n        item_page = ItemPage(driver)\n>       item_page.add_item_to_cart(amount).click_on_cart()\n\ntests/delivery/test_delivery_calculation.py:130: \n_ _ _ _ _ _ _ _ _ _ _ _ _ _ _ _ _ _ _ _ _ _ _ _ _ _ _ _ _ _ _ _ _ _ _ _ _ _ _ _ \npages/item_page.py:40: in add_item_to_cart\n    self.find_element(self._add_item).click()\nbase/seleniumbase.py:17: in find_element\n    return self.driver.find_element(*locator)\n/usr/local/lib/python3.11/site-packages/selenium/webdriver/remote/webdriver.py:740: in find_element\n    return self.execute(Command.FIND_ELEMENT, {\"using\": by, \"value\": value})[\"value\"]\n/usr/local/lib/python3.11/site-packages/selenium/webdriver/remote/webdriver.py:346: in execute\n    self.error_handler.check_response(response)\n_ _ _ _ _ _ _ _ _ _ _ _ _ _ _ _ _ _ _ _ _ _ _ _ _ _ _ _ _ _ _ _ _ _ _ _ _ _ _ _ \n\nself = <selenium.webdriver.remote.errorhandler.ErrorHandler object at 0x7f0ad0021150>\nresponse = {'status': 404, 'value': '{\"value\":{\"error\":\"no such element\",\"message\":\"no such element: Unable to locate element: {\\...\\\\n#16 0x55e640f761d7 \\\\u003Cunknown>\\\\n#17 0x55e640f88124 \\\\u003Cunknown>\\\\n#18 0x7f67e97e4044 \\\\u003Cunknown>\\\\n\"}}'}\n\n    def check_response(self, response: Dict[str, Any]) -> None:\n        \"\"\"Checks that a JSON response from the WebDriver does not have an\n        error.\n    \n        :Args:\n         - response - The JSON response from the WebDriver server as a dictionary\n           object.\n    \n        :Raises: If the response contains an error message.\n        \"\"\"\n        status = response.get(\"status\", None)\n        if not status or status == ErrorCode.SUCCESS:\n            return\n        value = None\n        message = response.get(\"message\", \"\")\n        screen: str = response.get(\"screen\", \"\")\n        stacktrace = None\n        if isinstance(status, int):\n            value_json = response.get(\"value\", None)\n            if value_json and isinstance(value_json, str):\n                import json\n    \n                try:\n                    value = json.loads(value_json)\n                    if len(value) == 1:\n                        value = value[\"value\"]\n                    status = value.get(\"error\", None)\n                    if not status:\n                        status = value.get(\"status\", ErrorCode.UNKNOWN_ERROR)\n                        message = value.get(\"value\") or value.get(\"message\")\n                        if not isinstance(message, str):\n                            value = message\n                            message = message.get(\"message\")\n                    else:\n                        message = value.get(\"message\", None)\n                except ValueError:\n                    pass\n    \n        exception_class: Type[WebDriverException]\n        if status in ErrorCode.NO_SUCH_ELEMENT:\n            exception_class = NoSuchElementException\n        elif status in ErrorCode.NO_SUCH_FRAME:\n            exception_class = NoSuchFrameException\n        elif status in ErrorCode.NO_SUCH_SHADOW_ROOT:\n            exception_class = NoSuchShadowRootException\n        elif status in ErrorCode.NO_SUCH_WINDOW:\n            exception_class = NoSuchWindowException\n        elif status in ErrorCode.STALE_ELEMENT_REFERENCE:\n            exception_class = StaleElementReferenceException\n        elif status in ErrorCode.ELEMENT_NOT_VISIBLE:\n            exception_class = ElementNotVisibleException\n        elif status in ErrorCode.INVALID_ELEMENT_STATE:\n            exception_class = InvalidElementStateException\n        elif (\n            status in ErrorCode.INVALID_SELECTOR\n            or status in ErrorCode.INVALID_XPATH_SELECTOR\n            or status in ErrorCode.INVALID_XPATH_SELECTOR_RETURN_TYPER\n        ):\n            exception_class = InvalidSelectorException\n        elif status in ErrorCode.ELEMENT_IS_NOT_SELECTABLE:\n            exception_class = ElementNotSelectableException\n        elif status in ErrorCode.ELEMENT_NOT_INTERACTABLE:\n            exception_class = ElementNotInteractableException\n        elif status in ErrorCode.INVALID_COOKIE_DOMAIN:\n            exception_class = InvalidCookieDomainException\n        elif status in ErrorCode.UNABLE_TO_SET_COOKIE:\n            exception_class = UnableToSetCookieException\n        elif status in ErrorCode.TIMEOUT:\n            exception_class = TimeoutException\n        elif status in ErrorCode.SCRIPT_TIMEOUT:\n            exception_class = TimeoutException\n        elif status in ErrorCode.UNKNOWN_ERROR:\n            exception_class = WebDriverException\n        elif status in ErrorCode.UNEXPECTED_ALERT_OPEN:\n            exception_class = UnexpectedAlertPresentException\n        elif status in ErrorCode.NO_ALERT_OPEN:\n            exception_class = NoAlertPresentException\n        elif status in ErrorCode.IME_NOT_AVAILABLE:\n            exception_class = ImeNotAvailableException\n        elif status in ErrorCode.IME_ENGINE_ACTIVATION_FAILED:\n            exception_class = ImeActivationFailedException\n        elif status in ErrorCode.MOVE_TARGET_OUT_OF_BOUNDS:\n            exception_class = MoveTargetOutOfBoundsException\n        elif status in ErrorCode.JAVASCRIPT_ERROR:\n            exception_class = JavascriptException\n        elif status in ErrorCode.SESSION_NOT_CREATED:\n            exception_class = SessionNotCreatedException\n        elif status in ErrorCode.INVALID_ARGUMENT:\n            exception_class = InvalidArgumentException\n        elif status in ErrorCode.NO_SUCH_COOKIE:\n            exception_class = NoSuchCookieException\n        elif status in ErrorCode.UNABLE_TO_CAPTURE_SCREEN:\n            exception_class = ScreenshotException\n        elif status in ErrorCode.ELEMENT_CLICK_INTERCEPTED:\n            exception_class = ElementClickInterceptedException\n        elif status in ErrorCode.INSECURE_CERTIFICATE:\n            exception_class = InsecureCertificateException\n        elif status in ErrorCode.INVALID_COORDINATES:\n            exception_class = InvalidCoordinatesException\n        elif status in ErrorCode.INVALID_SESSION_ID:\n            exception_class = InvalidSessionIdException\n        elif status in ErrorCode.UNKNOWN_METHOD:\n            exception_class = UnknownMethodException\n        else:\n            exception_class = WebDriverException\n        if not value:\n            value = response[\"value\"]\n        if isinstance(value, str):\n            raise exception_class(value)\n        if message == \"\" and \"message\" in value:\n            message = value[\"message\"]\n    \n        screen = None  # type: ignore[assignment]\n        if \"screen\" in value:\n            screen = value[\"screen\"]\n    \n        stacktrace = None\n        st_value = value.get(\"stackTrace\") or value.get(\"stacktrace\")\n        if st_value:\n            if isinstance(st_value, str):\n                stacktrace = st_value.split(\"\\n\")\n            else:\n                stacktrace = []\n                try:\n                    for frame in st_value:\n                        line = frame.get(\"lineNumber\", \"\")\n                        file = frame.get(\"fileName\", \"<anonymous>\")\n                        if line:\n                            file = f\"{file}:{line}\"\n                        meth = frame.get(\"methodName\", \"<anonymous>\")\n                        if \"className\" in frame:\n                            meth = f\"{frame['className']}.{meth}\"\n                        msg = \"    at %s (%s)\"\n                        msg = msg % (meth, file)\n                        stacktrace.append(msg)\n                except TypeError:\n                    pass\n        if exception_class == UnexpectedAlertPresentException:\n            alert_text = None\n            if \"data\" in value:\n                alert_text = value[\"data\"].get(\"text\")\n            elif \"alert\" in value:\n                alert_text = value[\"alert\"].get(\"text\")\n            raise exception_class(message, screen, stacktrace, alert_text)  # type: ignore[call-arg]  # mypy is not smart enough here\n>       raise exception_class(message, screen, stacktrace)\nE       selenium.common.exceptions.NoSuchElementException: Message: no such element: Unable to locate element: {\"method\":\"xpath\",\"selector\":\"(//a[@class='add-to-cart yellow-btn'])[1]\"}\nE         (Session info: chrome-headless-shell=120.0.6099.109); For documentation on this error, please visit: https://www.selenium.dev/documentation/webdriver/troubleshooting/errors#no-such-element-exception\nE       Stacktrace:\nE       #0 0x55e640f88f83 <unknown>\nE       #1 0x55e640c41cf7 <unknown>\nE       #2 0x55e640c9199e <unknown>\nE       #3 0x55e640c91aa1 <unknown>\nE       #4 0x55e640cdcd64 <unknown>\nE       #5 0x55e640cbb0dd <unknown>\nE       #6 0x55e640cda006 <unknown>\nE       #7 0x55e640cbae53 <unknown>\nE       #8 0x55e640c82dd4 <unknown>\nE       #9 0x55e640c841de <unknown>\nE       #10 0x55e640f4d531 <unknown>\nE       #11 0x55e640f51455 <unknown>\nE       #12 0x55e640f39f55 <unknown>\nE       #13 0x55e640f520ef <unknown>\nE       #14 0x55e640f1d99f <unknown>\nE       #15 0x55e640f76008 <unknown>\nE       #16 0x55e640f761d7 <unknown>\nE       #17 0x55e640f88124 <unknown>\nE       #18 0x7f67e97e4044 <unknown>\n\n/usr/local/lib/python3.11/site-packages/selenium/webdriver/remote/errorhandler.py:245: NoSuchElementException","steps":[{"name":"Добавляем товар в корзину в количестве 25","time":{"start":1704417099970,"stop":1704417099983,"duration":13},"status":"broken","statusMessage":"selenium.common.exceptions.NoSuchElementException: Message: no such element: Unable to locate element: {\"method\":\"xpath\",\"selector\":\"(//a[@class='add-to-cart yellow-btn'])[1]\"}\n  (Session info: chrome-headless-shell=120.0.6099.109); For documentation on this error, please visit: https://www.selenium.dev/documentation/webdriver/troubleshooting/errors#no-such-element-exception\nStacktrace:\n#0 0x55e640f88f83 <unknown>\n#1 0x55e640c41cf7 <unknown>\n#2 0x55e640c9199e <unknown>\n#3 0x55e640c91aa1 <unknown>\n#4 0x55e640cdcd64 <unknown>\n#5 0x55e640cbb0dd <unknown>\n#6 0x55e640cda006 <unknown>\n#7 0x55e640cbae53 <unknown>\n#8 0x55e640c82dd4 <unknown>\n#9 0x55e640c841de <unknown>\n#10 0x55e640f4d531 <unknown>\n#11 0x55e640f51455 <unknown>\n#12 0x55e640f39f55 <unknown>\n#13 0x55e640f520ef <unknown>\n#14 0x55e640f1d99f <unknown>\n#15 0x55e640f76008 <unknown>\n#16 0x55e640f761d7 <unknown>\n#17 0x55e640f88124 <unknown>\n#18 0x7f67e97e4044 <unknown>\n\n","statusTrace":"  File \"/usr/local/lib/python3.11/site-packages/allure_commons/_allure.py\", line 192, in impl\n    return func(*a, **kw)\n           ^^^^^^^^^^^^^^\n  File \"/app/pages/item_page.py\", line 40, in add_item_to_cart\n    self.find_element(self._add_item).click()\n    ^^^^^^^^^^^^^^^^^^^^^^^^^^^^^^^^^\n  File \"/app/base/seleniumbase.py\", line 17, in find_element\n    return self.driver.find_element(*locator)\n           ^^^^^^^^^^^^^^^^^^^^^^^^^^^^^^^^^^\n  File \"/usr/local/lib/python3.11/site-packages/selenium/webdriver/remote/webdriver.py\", line 740, in find_element\n    return self.execute(Command.FIND_ELEMENT, {\"using\": by, \"value\": value})[\"value\"]\n           ^^^^^^^^^^^^^^^^^^^^^^^^^^^^^^^^^^^^^^^^^^^^^^^^^^^^^^^^^^^^^^^^^\n  File \"/usr/local/lib/python3.11/site-packages/selenium/webdriver/remote/webdriver.py\", line 346, in execute\n    self.error_handler.check_response(response)\n  File \"/usr/local/lib/python3.11/site-packages/selenium/webdriver/remote/errorhandler.py\", line 245, in check_response\n    raise exception_class(message, screen, stacktrace)\n","steps":[],"attachments":[],"parameters":[{"name":"amount","value":"25"}],"shouldDisplayMessage":true,"stepsCount":0,"attachmentsCount":0,"hasContent":true,"attachmentStep":false}],"attachments":[{"uid":"fd9f1c5e04016f4c","name":"Screenshot","source":"fd9f1c5e04016f4c.png","type":"image/png","size":5862},{"uid":"d147284e51527196","name":"HTML source","source":"d147284e51527196.html","type":"text/html","size":39}],"parameters":[],"shouldDisplayMessage":true,"stepsCount":1,"attachmentsCount":2,"hasContent":true,"attachmentStep":false},"afterStages":[{"name":"driver::0","time":{"start":1704417100100,"stop":1704417100157,"duration":57},"status":"passed","steps":[],"attachments":[],"parameters":[],"shouldDisplayMessage":false,"stepsCount":0,"attachmentsCount":0,"hasContent":false,"attachmentStep":false},{"name":"setup::0","time":{"start":1704417100100,"stop":1704417100100,"duration":0},"status":"passed","steps":[],"attachments":[],"parameters":[],"shouldDisplayMessage":false,"stepsCount":0,"attachmentsCount":0,"hasContent":false,"attachmentStep":false}],"labels":[{"name":"epic","value":"Delivery Page - calculation"},{"name":"tag","value":"smoke"},{"name":"parentSuite","value":"tests.delivery"},{"name":"suite","value":"test_delivery_calculation"},{"name":"subSuite","value":"TestDeliveryPageCalculation"},{"name":"host","value":"0f75ea78f7f2"},{"name":"thread","value":"1-MainThread"},{"name":"framework","value":"pytest"},{"name":"language","value":"cpython3"},{"name":"package","value":"tests.delivery.test_delivery_calculation"},{"name":"resultFormat","value":"allure2"}],"parameters":[{"name":"all_time","value":"3320"},{"name":"amount","value":"25"},{"name":"case_id","value":"'TD 019'"},{"name":"in_time","value":"2490"},{"name":"link_item","value":"'products/shtukaturka-gipsovaya-aksolit-m50-30-kg-mashinnogo-naneseniya'"},{"name":"standard","value":"1150"},{"name":"url","value":"'https://sandboxtest.stroyrem-nn.ru/'"},{"name":"weight","value":"1700"}],"links":[],"hidden":false,"retry":false,"extra":{"severity":"normal","retries":[],"categories":[{"name":"Test defects","matchedStatuses":[],"flaky":false}],"history":{"statistic":{"failed":0,"broken":128,"skipped":0,"passed":0,"unknown":0,"total":128},"items":[{"uid":"6eb45e32ccc93f4e","reportUrl":"https://zaelcovsky.github.io/StroyremAutomation/191//#testresult/6eb45e32ccc93f4e","status":"broken","statusDetails":"selenium.common.exceptions.NoSuchElementException: Message: no such element: Unable to locate element: {\"method\":\"xpath\",\"selector\":\"(//a[@class='add-to-cart yellow-btn'])[1]\"}\n  (Session info: chrome-headless-shell=120.0.6099.109); For documentation on this error, please visit: https://www.selenium.dev/documentation/webdriver/troubleshooting/errors#no-such-element-exception\nStacktrace:\n#0 0x56220a04bf83 <unknown>\n#1 0x562209d04cf7 <unknown>\n#2 0x562209d5499e <unknown>\n#3 0x562209d54aa1 <unknown>\n#4 0x562209d9fd64 <unknown>\n#5 0x562209d7e0dd <unknown>\n#6 0x562209d9d006 <unknown>\n#7 0x562209d7de53 <unknown>\n#8 0x562209d45dd4 <unknown>\n#9 0x562209d471de <unknown>\n#10 0x56220a010531 <unknown>\n#11 0x56220a014455 <unknown>\n#12 0x562209ffcf55 <unknown>\n#13 0x56220a0150ef <unknown>\n#14 0x562209fe099f <unknown>\n#15 0x56220a039008 <unknown>\n#16 0x56220a0391d7 <unknown>\n#17 0x56220a04b124 <unknown>\n#18 0x7f2be5d3d044 <unknown>","time":{"start":1704330783324,"stop":1704330783766,"duration":442}},{"uid":"25637a31876134a0","reportUrl":"https://zaelcovsky.github.io/StroyremAutomation/190//#testresult/25637a31876134a0","status":"broken","statusDetails":"selenium.common.exceptions.NoSuchElementException: Message: no such element: Unable to locate element: {\"method\":\"xpath\",\"selector\":\"(//a[@class='add-to-cart yellow-btn'])[1]\"}\n  (Session info: chrome-headless-shell=120.0.6099.109); For documentation on this error, please visit: https://www.selenium.dev/documentation/webdriver/troubleshooting/errors#no-such-element-exception\nStacktrace:\n#0 0x5645ccf43f83 <unknown>\n#1 0x5645ccbfccf7 <unknown>\n#2 0x5645ccc4c99e <unknown>\n#3 0x5645ccc4caa1 <unknown>\n#4 0x5645ccc97d64 <unknown>\n#5 0x5645ccc760dd <unknown>\n#6 0x5645ccc95006 <unknown>\n#7 0x5645ccc75e53 <unknown>\n#8 0x5645ccc3ddd4 <unknown>\n#9 0x5645ccc3f1de <unknown>\n#10 0x5645ccf08531 <unknown>\n#11 0x5645ccf0c455 <unknown>\n#12 0x5645ccef4f55 <unknown>\n#13 0x5645ccf0d0ef <unknown>\n#14 0x5645cced899f <unknown>\n#15 0x5645ccf31008 <unknown>\n#16 0x5645ccf311d7 <unknown>\n#17 0x5645ccf43124 <unknown>\n#18 0x7fdc17461044 <unknown>","time":{"start":1704244272392,"stop":1704244272691,"duration":299}},{"uid":"2061067681efe8c4","reportUrl":"https://zaelcovsky.github.io/StroyremAutomation/189//#testresult/2061067681efe8c4","status":"broken","statusDetails":"selenium.common.exceptions.NoSuchElementException: Message: no such element: Unable to locate element: {\"method\":\"xpath\",\"selector\":\"(//a[@class='add-to-cart yellow-btn'])[1]\"}\n  (Session info: chrome-headless-shell=120.0.6099.109); For documentation on this error, please visit: https://www.selenium.dev/documentation/webdriver/troubleshooting/errors#no-such-element-exception\nStacktrace:\n#0 0x55d7426adf83 <unknown>\n#1 0x55d742366cf7 <unknown>\n#2 0x55d7423b699e <unknown>\n#3 0x55d7423b6aa1 <unknown>\n#4 0x55d742401d64 <unknown>\n#5 0x55d7423e00dd <unknown>\n#6 0x55d7423ff006 <unknown>\n#7 0x55d7423dfe53 <unknown>\n#8 0x55d7423a7dd4 <unknown>\n#9 0x55d7423a91de <unknown>\n#10 0x55d742672531 <unknown>\n#11 0x55d742676455 <unknown>\n#12 0x55d74265ef55 <unknown>\n#13 0x55d7426770ef <unknown>\n#14 0x55d74264299f <unknown>\n#15 0x55d74269b008 <unknown>\n#16 0x55d74269b1d7 <unknown>\n#17 0x55d7426ad124 <unknown>\n#18 0x7f1e3a8b2044 <unknown>","time":{"start":1704157790658,"stop":1704157790985,"duration":327}},{"uid":"56e22b4e2f3f2042","reportUrl":"https://zaelcovsky.github.io/StroyremAutomation/188//#testresult/56e22b4e2f3f2042","status":"broken","statusDetails":"selenium.common.exceptions.NoSuchElementException: Message: no such element: Unable to locate element: {\"method\":\"xpath\",\"selector\":\"(//a[@class='add-to-cart yellow-btn'])[1]\"}\n  (Session info: chrome-headless-shell=120.0.6099.109); For documentation on this error, please visit: https://www.selenium.dev/documentation/webdriver/troubleshooting/errors#no-such-element-exception\nStacktrace:\n#0 0x55c134860f83 <unknown>\n#1 0x55c134519cf7 <unknown>\n#2 0x55c13456999e <unknown>\n#3 0x55c134569aa1 <unknown>\n#4 0x55c1345b4d64 <unknown>\n#5 0x55c1345930dd <unknown>\n#6 0x55c1345b2006 <unknown>\n#7 0x55c134592e53 <unknown>\n#8 0x55c13455add4 <unknown>\n#9 0x55c13455c1de <unknown>\n#10 0x55c134825531 <unknown>\n#11 0x55c134829455 <unknown>\n#12 0x55c134811f55 <unknown>\n#13 0x55c13482a0ef <unknown>\n#14 0x55c1347f599f <unknown>\n#15 0x55c13484e008 <unknown>\n#16 0x55c13484e1d7 <unknown>\n#17 0x55c134860124 <unknown>\n#18 0x7f160cdd5044 <unknown>","time":{"start":1704071880015,"stop":1704071880604,"duration":589}},{"uid":"cd8bb1722029c344","reportUrl":"https://zaelcovsky.github.io/StroyremAutomation/187//#testresult/cd8bb1722029c344","status":"broken","statusDetails":"selenium.common.exceptions.NoSuchElementException: Message: no such element: Unable to locate element: {\"method\":\"xpath\",\"selector\":\"(//a[@class='add-to-cart yellow-btn'])[1]\"}\n  (Session info: chrome-headless-shell=120.0.6099.109); For documentation on this error, please visit: https://www.selenium.dev/documentation/webdriver/troubleshooting/errors#no-such-element-exception\nStacktrace:\n#0 0x55916eb8ef83 <unknown>\n#1 0x55916e847cf7 <unknown>\n#2 0x55916e89799e <unknown>\n#3 0x55916e897aa1 <unknown>\n#4 0x55916e8e2d64 <unknown>\n#5 0x55916e8c10dd <unknown>\n#6 0x55916e8e0006 <unknown>\n#7 0x55916e8c0e53 <unknown>\n#8 0x55916e888dd4 <unknown>\n#9 0x55916e88a1de <unknown>\n#10 0x55916eb53531 <unknown>\n#11 0x55916eb57455 <unknown>\n#12 0x55916eb3ff55 <unknown>\n#13 0x55916eb580ef <unknown>\n#14 0x55916eb2399f <unknown>\n#15 0x55916eb7c008 <unknown>\n#16 0x55916eb7c1d7 <unknown>\n#17 0x55916eb8e124 <unknown>\n#18 0x7fccec945044 <unknown>","time":{"start":1703985335150,"stop":1703985335484,"duration":334}},{"uid":"7b17398bcfc381d0","reportUrl":"https://zaelcovsky.github.io/StroyremAutomation/186//#testresult/7b17398bcfc381d0","status":"broken","statusDetails":"selenium.common.exceptions.NoSuchElementException: Message: no such element: Unable to locate element: {\"method\":\"xpath\",\"selector\":\"(//a[@class='add-to-cart yellow-btn'])[1]\"}\n  (Session info: chrome-headless-shell=120.0.6099.109); For documentation on this error, please visit: https://www.selenium.dev/documentation/webdriver/troubleshooting/errors#no-such-element-exception\nStacktrace:\n#0 0x559d61319f83 <unknown>\n#1 0x559d60fd2cf7 <unknown>\n#2 0x559d6102299e <unknown>\n#3 0x559d61022aa1 <unknown>\n#4 0x559d6106dd64 <unknown>\n#5 0x559d6104c0dd <unknown>\n#6 0x559d6106b006 <unknown>\n#7 0x559d6104be53 <unknown>\n#8 0x559d61013dd4 <unknown>\n#9 0x559d610151de <unknown>\n#10 0x559d612de531 <unknown>\n#11 0x559d612e2455 <unknown>\n#12 0x559d612caf55 <unknown>\n#13 0x559d612e30ef <unknown>\n#14 0x559d612ae99f <unknown>\n#15 0x559d61307008 <unknown>\n#16 0x559d613071d7 <unknown>\n#17 0x559d61319124 <unknown>\n#18 0x7f26be047044 <unknown>","time":{"start":1703898609165,"stop":1703898609605,"duration":440}},{"uid":"eaa9eb0de51a198a","reportUrl":"https://zaelcovsky.github.io/StroyremAutomation/185//#testresult/eaa9eb0de51a198a","status":"broken","statusDetails":"selenium.common.exceptions.NoSuchElementException: Message: no such element: Unable to locate element: {\"method\":\"xpath\",\"selector\":\"(//a[@class='add-to-cart yellow-btn'])[1]\"}\n  (Session info: chrome-headless-shell=120.0.6099.109); For documentation on this error, please visit: https://www.selenium.dev/documentation/webdriver/troubleshooting/errors#no-such-element-exception\nStacktrace:\n#0 0x56173df42f83 <unknown>\n#1 0x56173dbfbcf7 <unknown>\n#2 0x56173dc4b99e <unknown>\n#3 0x56173dc4baa1 <unknown>\n#4 0x56173dc96d64 <unknown>\n#5 0x56173dc750dd <unknown>\n#6 0x56173dc94006 <unknown>\n#7 0x56173dc74e53 <unknown>\n#8 0x56173dc3cdd4 <unknown>\n#9 0x56173dc3e1de <unknown>\n#10 0x56173df07531 <unknown>\n#11 0x56173df0b455 <unknown>\n#12 0x56173def3f55 <unknown>\n#13 0x56173df0c0ef <unknown>\n#14 0x56173ded799f <unknown>\n#15 0x56173df30008 <unknown>\n#16 0x56173df301d7 <unknown>\n#17 0x56173df42124 <unknown>\n#18 0x7fd96aed5044 <unknown>","time":{"start":1703811626222,"stop":1703811626615,"duration":393}},{"uid":"b03cbac8ac5f16aa","reportUrl":"https://zaelcovsky.github.io/StroyremAutomation/184//#testresult/b03cbac8ac5f16aa","status":"broken","statusDetails":"selenium.common.exceptions.NoSuchElementException: Message: no such element: Unable to locate element: {\"method\":\"xpath\",\"selector\":\"(//a[@class='add-to-cart yellow-btn'])[1]\"}\n  (Session info: chrome-headless-shell=120.0.6099.109); For documentation on this error, please visit: https://www.selenium.dev/documentation/webdriver/troubleshooting/errors#no-such-element-exception\nStacktrace:\n#0 0x55c1892dcf83 <unknown>\n#1 0x55c188f95cf7 <unknown>\n#2 0x55c188fe599e <unknown>\n#3 0x55c188fe5aa1 <unknown>\n#4 0x55c189030d64 <unknown>\n#5 0x55c18900f0dd <unknown>\n#6 0x55c18902e006 <unknown>\n#7 0x55c18900ee53 <unknown>\n#8 0x55c188fd6dd4 <unknown>\n#9 0x55c188fd81de <unknown>\n#10 0x55c1892a1531 <unknown>\n#11 0x55c1892a5455 <unknown>\n#12 0x55c18928df55 <unknown>\n#13 0x55c1892a60ef <unknown>\n#14 0x55c18927199f <unknown>\n#15 0x55c1892ca008 <unknown>\n#16 0x55c1892ca1d7 <unknown>\n#17 0x55c1892dc124 <unknown>\n#18 0x7f4e1093a044 <unknown>","time":{"start":1703725754208,"stop":1703725754560,"duration":352}},{"uid":"486f42da89fb11f","reportUrl":"https://zaelcovsky.github.io/StroyremAutomation/183//#testresult/486f42da89fb11f","status":"broken","statusDetails":"selenium.common.exceptions.NoSuchElementException: Message: no such element: Unable to locate element: {\"method\":\"xpath\",\"selector\":\"(//a[@class='add-to-cart yellow-btn'])[1]\"}\n  (Session info: chrome-headless-shell=120.0.6099.109); For documentation on this error, please visit: https://www.selenium.dev/documentation/webdriver/troubleshooting/errors#no-such-element-exception\nStacktrace:\n#0 0x561057faff83 <unknown>\n#1 0x561057c68cf7 <unknown>\n#2 0x561057cb899e <unknown>\n#3 0x561057cb8aa1 <unknown>\n#4 0x561057d03d64 <unknown>\n#5 0x561057ce20dd <unknown>\n#6 0x561057d01006 <unknown>\n#7 0x561057ce1e53 <unknown>\n#8 0x561057ca9dd4 <unknown>\n#9 0x561057cab1de <unknown>\n#10 0x561057f74531 <unknown>\n#11 0x561057f78455 <unknown>\n#12 0x561057f60f55 <unknown>\n#13 0x561057f790ef <unknown>\n#14 0x561057f4499f <unknown>\n#15 0x561057f9d008 <unknown>\n#16 0x561057f9d1d7 <unknown>\n#17 0x561057faf124 <unknown>\n#18 0x7f2cdb10b044 <unknown>","time":{"start":1703639435423,"stop":1703639435862,"duration":439}},{"uid":"8f26041bccfe7838","reportUrl":"https://zaelcovsky.github.io/StroyremAutomation/182//#testresult/8f26041bccfe7838","status":"broken","statusDetails":"selenium.common.exceptions.NoSuchElementException: Message: no such element: Unable to locate element: {\"method\":\"xpath\",\"selector\":\"(//a[@class='add-to-cart yellow-btn'])[1]\"}\n  (Session info: chrome-headless-shell=120.0.6099.109); For documentation on this error, please visit: https://www.selenium.dev/documentation/webdriver/troubleshooting/errors#no-such-element-exception\nStacktrace:\n#0 0x55950b5def83 <unknown>\n#1 0x55950b297cf7 <unknown>\n#2 0x55950b2e799e <unknown>\n#3 0x55950b2e7aa1 <unknown>\n#4 0x55950b332d64 <unknown>\n#5 0x55950b3110dd <unknown>\n#6 0x55950b330006 <unknown>\n#7 0x55950b310e53 <unknown>\n#8 0x55950b2d8dd4 <unknown>\n#9 0x55950b2da1de <unknown>\n#10 0x55950b5a3531 <unknown>\n#11 0x55950b5a7455 <unknown>\n#12 0x55950b58ff55 <unknown>\n#13 0x55950b5a80ef <unknown>\n#14 0x55950b57399f <unknown>\n#15 0x55950b5cc008 <unknown>\n#16 0x55950b5cc1d7 <unknown>\n#17 0x55950b5de124 <unknown>\n#18 0x7f1ea255a044 <unknown>","time":{"start":1703552925286,"stop":1703552925748,"duration":462}},{"uid":"6ffcd96b87789c74","reportUrl":"https://zaelcovsky.github.io/StroyremAutomation/181//#testresult/6ffcd96b87789c74","status":"broken","statusDetails":"selenium.common.exceptions.NoSuchElementException: Message: no such element: Unable to locate element: {\"method\":\"xpath\",\"selector\":\"(//a[@class='add-to-cart yellow-btn'])[1]\"}\n  (Session info: chrome-headless-shell=120.0.6099.109); For documentation on this error, please visit: https://www.selenium.dev/documentation/webdriver/troubleshooting/errors#no-such-element-exception\nStacktrace:\n#0 0x564017be1f83 <unknown>\n#1 0x56401789acf7 <unknown>\n#2 0x5640178ea99e <unknown>\n#3 0x5640178eaaa1 <unknown>\n#4 0x564017935d64 <unknown>\n#5 0x5640179140dd <unknown>\n#6 0x564017933006 <unknown>\n#7 0x564017913e53 <unknown>\n#8 0x5640178dbdd4 <unknown>\n#9 0x5640178dd1de <unknown>\n#10 0x564017ba6531 <unknown>\n#11 0x564017baa455 <unknown>\n#12 0x564017b92f55 <unknown>\n#13 0x564017bab0ef <unknown>\n#14 0x564017b7699f <unknown>\n#15 0x564017bcf008 <unknown>\n#16 0x564017bcf1d7 <unknown>\n#17 0x564017be1124 <unknown>\n#18 0x7f55f71b8044 <unknown>","time":{"start":1703466695913,"stop":1703466696253,"duration":340}},{"uid":"1d336ea55b25ad02","reportUrl":"https://zaelcovsky.github.io/StroyremAutomation/180//#testresult/1d336ea55b25ad02","status":"broken","statusDetails":"selenium.common.exceptions.NoSuchElementException: Message: no such element: Unable to locate element: {\"method\":\"xpath\",\"selector\":\"(//a[@class='add-to-cart yellow-btn'])[1]\"}\n  (Session info: chrome-headless-shell=120.0.6099.109); For documentation on this error, please visit: https://www.selenium.dev/documentation/webdriver/troubleshooting/errors#no-such-element-exception\nStacktrace:\n#0 0x558185a07f83 <unknown>\n#1 0x5581856c0cf7 <unknown>\n#2 0x55818571099e <unknown>\n#3 0x558185710aa1 <unknown>\n#4 0x55818575bd64 <unknown>\n#5 0x55818573a0dd <unknown>\n#6 0x558185759006 <unknown>\n#7 0x558185739e53 <unknown>\n#8 0x558185701dd4 <unknown>\n#9 0x5581857031de <unknown>\n#10 0x5581859cc531 <unknown>\n#11 0x5581859d0455 <unknown>\n#12 0x5581859b8f55 <unknown>\n#13 0x5581859d10ef <unknown>\n#14 0x55818599c99f <unknown>\n#15 0x5581859f5008 <unknown>\n#16 0x5581859f51d7 <unknown>\n#17 0x558185a07124 <unknown>\n#18 0x7ff97468e044 <unknown>","time":{"start":1703380527776,"stop":1703380528398,"duration":622}},{"uid":"71f7e7ca82da8ed6","reportUrl":"https://zaelcovsky.github.io/StroyremAutomation/179//#testresult/71f7e7ca82da8ed6","status":"broken","statusDetails":"selenium.common.exceptions.NoSuchElementException: Message: no such element: Unable to locate element: {\"method\":\"xpath\",\"selector\":\"(//a[@class='add-to-cart yellow-btn'])[1]\"}\n  (Session info: chrome-headless-shell=120.0.6099.109); For documentation on this error, please visit: https://www.selenium.dev/documentation/webdriver/troubleshooting/errors#no-such-element-exception\nStacktrace:\n#0 0x555ce1e97f83 <unknown>\n#1 0x555ce1b50cf7 <unknown>\n#2 0x555ce1ba099e <unknown>\n#3 0x555ce1ba0aa1 <unknown>\n#4 0x555ce1bebd64 <unknown>\n#5 0x555ce1bca0dd <unknown>\n#6 0x555ce1be9006 <unknown>\n#7 0x555ce1bc9e53 <unknown>\n#8 0x555ce1b91dd4 <unknown>\n#9 0x555ce1b931de <unknown>\n#10 0x555ce1e5c531 <unknown>\n#11 0x555ce1e60455 <unknown>\n#12 0x555ce1e48f55 <unknown>\n#13 0x555ce1e610ef <unknown>\n#14 0x555ce1e2c99f <unknown>\n#15 0x555ce1e85008 <unknown>\n#16 0x555ce1e851d7 <unknown>\n#17 0x555ce1e97124 <unknown>\n#18 0x7f5d92fd8044 <unknown>","time":{"start":1703293757010,"stop":1703293757447,"duration":437}},{"uid":"48a564ebef92e980","reportUrl":"https://zaelcovsky.github.io/StroyremAutomation/178//#testresult/48a564ebef92e980","status":"broken","statusDetails":"selenium.common.exceptions.NoSuchElementException: Message: no such element: Unable to locate element: {\"method\":\"xpath\",\"selector\":\"(//a[@class='add-to-cart yellow-btn'])[1]\"}\n  (Session info: chrome-headless-shell=120.0.6099.109); For documentation on this error, please visit: https://www.selenium.dev/documentation/webdriver/troubleshooting/errors#no-such-element-exception\nStacktrace:\n#0 0x55bbea011f83 <unknown>\n#1 0x55bbe9ccacf7 <unknown>\n#2 0x55bbe9d1a99e <unknown>\n#3 0x55bbe9d1aaa1 <unknown>\n#4 0x55bbe9d65d64 <unknown>\n#5 0x55bbe9d440dd <unknown>\n#6 0x55bbe9d63006 <unknown>\n#7 0x55bbe9d43e53 <unknown>\n#8 0x55bbe9d0bdd4 <unknown>\n#9 0x55bbe9d0d1de <unknown>\n#10 0x55bbe9fd6531 <unknown>\n#11 0x55bbe9fda455 <unknown>\n#12 0x55bbe9fc2f55 <unknown>\n#13 0x55bbe9fdb0ef <unknown>\n#14 0x55bbe9fa699f <unknown>\n#15 0x55bbe9fff008 <unknown>\n#16 0x55bbe9fff1d7 <unknown>\n#17 0x55bbea011124 <unknown>\n#18 0x7feeea2f4044 <unknown>","time":{"start":1703207386161,"stop":1703207386728,"duration":567}},{"uid":"8debf6edf5173eba","reportUrl":"https://zaelcovsky.github.io/StroyremAutomation/177//#testresult/8debf6edf5173eba","status":"broken","statusDetails":"selenium.common.exceptions.NoSuchElementException: Message: no such element: Unable to locate element: {\"method\":\"xpath\",\"selector\":\"(//a[@class='add-to-cart yellow-btn'])[1]\"}\n  (Session info: chrome-headless-shell=120.0.6099.109); For documentation on this error, please visit: https://www.selenium.dev/documentation/webdriver/troubleshooting/errors#no-such-element-exception\nStacktrace:\n#0 0x559578c6cf83 <unknown>\n#1 0x559578925cf7 <unknown>\n#2 0x55957897599e <unknown>\n#3 0x559578975aa1 <unknown>\n#4 0x5595789c0d64 <unknown>\n#5 0x55957899f0dd <unknown>\n#6 0x5595789be006 <unknown>\n#7 0x55957899ee53 <unknown>\n#8 0x559578966dd4 <unknown>\n#9 0x5595789681de <unknown>\n#10 0x559578c31531 <unknown>\n#11 0x559578c35455 <unknown>\n#12 0x559578c1df55 <unknown>\n#13 0x559578c360ef <unknown>\n#14 0x559578c0199f <unknown>\n#15 0x559578c5a008 <unknown>\n#16 0x559578c5a1d7 <unknown>\n#17 0x559578c6c124 <unknown>\n#18 0x7f34c3efe044 <unknown>","time":{"start":1703121002466,"stop":1703121002813,"duration":347}},{"uid":"7018fd36be8ff78e","reportUrl":"https://zaelcovsky.github.io/StroyremAutomation/176//#testresult/7018fd36be8ff78e","status":"broken","statusDetails":"selenium.common.exceptions.NoSuchElementException: Message: no such element: Unable to locate element: {\"method\":\"xpath\",\"selector\":\"(//a[@class='add-to-cart yellow-btn'])[1]\"}\n  (Session info: chrome-headless-shell=120.0.6099.109); For documentation on this error, please visit: https://www.selenium.dev/documentation/webdriver/troubleshooting/errors#no-such-element-exception\nStacktrace:\n#0 0x55af8ac27f83 <unknown>\n#1 0x55af8a8e0cf7 <unknown>\n#2 0x55af8a93099e <unknown>\n#3 0x55af8a930aa1 <unknown>\n#4 0x55af8a97bd64 <unknown>\n#5 0x55af8a95a0dd <unknown>\n#6 0x55af8a979006 <unknown>\n#7 0x55af8a959e53 <unknown>\n#8 0x55af8a921dd4 <unknown>\n#9 0x55af8a9231de <unknown>\n#10 0x55af8abec531 <unknown>\n#11 0x55af8abf0455 <unknown>\n#12 0x55af8abd8f55 <unknown>\n#13 0x55af8abf10ef <unknown>\n#14 0x55af8abbc99f <unknown>\n#15 0x55af8ac15008 <unknown>\n#16 0x55af8ac151d7 <unknown>\n#17 0x55af8ac27124 <unknown>\n#18 0x7fb9b5618044 <unknown>","time":{"start":1703034015176,"stop":1703034015535,"duration":359}},{"uid":"cbcb59f58ead0673","reportUrl":"https://zaelcovsky.github.io/StroyremAutomation/175//#testresult/cbcb59f58ead0673","status":"broken","statusDetails":"selenium.common.exceptions.NoSuchElementException: Message: no such element: Unable to locate element: {\"method\":\"xpath\",\"selector\":\"(//a[@class='add-to-cart yellow-btn'])[1]\"}\n  (Session info: chrome-headless-shell=120.0.6099.109); For documentation on this error, please visit: https://www.selenium.dev/documentation/webdriver/troubleshooting/errors#no-such-element-exception\nStacktrace:\n#0 0x5571683ebf83 <unknown>\n#1 0x5571680a4cf7 <unknown>\n#2 0x5571680f499e <unknown>\n#3 0x5571680f4aa1 <unknown>\n#4 0x55716813fd64 <unknown>\n#5 0x55716811e0dd <unknown>\n#6 0x55716813d006 <unknown>\n#7 0x55716811de53 <unknown>\n#8 0x5571680e5dd4 <unknown>\n#9 0x5571680e71de <unknown>\n#10 0x5571683b0531 <unknown>\n#11 0x5571683b4455 <unknown>\n#12 0x55716839cf55 <unknown>\n#13 0x5571683b50ef <unknown>\n#14 0x55716838099f <unknown>\n#15 0x5571683d9008 <unknown>\n#16 0x5571683d91d7 <unknown>\n#17 0x5571683eb124 <unknown>\n#18 0x7fc261e8e044 <unknown>","time":{"start":1702948277280,"stop":1702948277727,"duration":447}},{"uid":"62b60fc006f09f7a","reportUrl":"https://zaelcovsky.github.io/StroyremAutomation/174//#testresult/62b60fc006f09f7a","status":"broken","statusDetails":"selenium.common.exceptions.NoSuchElementException: Message: no such element: Unable to locate element: {\"method\":\"xpath\",\"selector\":\"(//a[@class='add-to-cart yellow-btn'])[1]\"}\n  (Session info: chrome-headless-shell=120.0.6099.71); For documentation on this error, please visit: https://www.selenium.dev/documentation/webdriver/troubleshooting/errors#no-such-element-exception\nStacktrace:\n#0 0x5572d72e6d33 <unknown>\n#1 0x5572d6fa3f87 <unknown>\n#2 0x5572d6ff3c0e <unknown>\n#3 0x5572d6ff3d11 <unknown>\n#4 0x5572d703f004 <unknown>\n#5 0x5572d701d36d <unknown>\n#6 0x5572d703c297 <unknown>\n#7 0x5572d701d0e3 <unknown>\n#8 0x5572d6fe5044 <unknown>\n#9 0x5572d6fe644e <unknown>\n#10 0x5572d72ab861 <unknown>\n#11 0x5572d72af785 <unknown>\n#12 0x5572d7299285 <unknown>\n#13 0x5572d72b041f <unknown>\n#14 0x5572d727d20f <unknown>\n#15 0x5572d72d4028 <unknown>\n#16 0x5572d72d41f7 <unknown>\n#17 0x5572d72e5ed4 <unknown>\n#18 0x7ff9c23b0044 <unknown>","time":{"start":1702861967477,"stop":1702861967828,"duration":351}},{"uid":"4ba2e7a59258db36","reportUrl":"https://zaelcovsky.github.io/StroyremAutomation/173//#testresult/4ba2e7a59258db36","status":"broken","statusDetails":"selenium.common.exceptions.NoSuchElementException: Message: no such element: Unable to locate element: {\"method\":\"xpath\",\"selector\":\"(//a[@class='add-to-cart yellow-btn'])[1]\"}\n  (Session info: chrome-headless-shell=120.0.6099.71); For documentation on this error, please visit: https://www.selenium.dev/documentation/webdriver/troubleshooting/errors#no-such-element-exception\nStacktrace:\n#0 0x560304366d33 <unknown>\n#1 0x560304023f87 <unknown>\n#2 0x560304073c0e <unknown>\n#3 0x560304073d11 <unknown>\n#4 0x5603040bf004 <unknown>\n#5 0x56030409d36d <unknown>\n#6 0x5603040bc297 <unknown>\n#7 0x56030409d0e3 <unknown>\n#8 0x560304065044 <unknown>\n#9 0x56030406644e <unknown>\n#10 0x56030432b861 <unknown>\n#11 0x56030432f785 <unknown>\n#12 0x560304319285 <unknown>\n#13 0x56030433041f <unknown>\n#14 0x5603042fd20f <unknown>\n#15 0x560304354028 <unknown>\n#16 0x5603043541f7 <unknown>\n#17 0x560304365ed4 <unknown>\n#18 0x7f3ae377e044 <unknown>","time":{"start":1702775774279,"stop":1702775774712,"duration":433}},{"uid":"9a3a1c4175a22f17","reportUrl":"https://zaelcovsky.github.io/StroyremAutomation/172//#testresult/9a3a1c4175a22f17","status":"broken","statusDetails":"selenium.common.exceptions.NoSuchElementException: Message: no such element: Unable to locate element: {\"method\":\"xpath\",\"selector\":\"(//a[@class='add-to-cart yellow-btn'])[1]\"}\n  (Session info: chrome-headless-shell=120.0.6099.71); For documentation on this error, please visit: https://www.selenium.dev/documentation/webdriver/troubleshooting/errors#no-such-element-exception\nStacktrace:\n#0 0x5565c1d5bd33 <unknown>\n#1 0x5565c1a18f87 <unknown>\n#2 0x5565c1a68c0e <unknown>\n#3 0x5565c1a68d11 <unknown>\n#4 0x5565c1ab4004 <unknown>\n#5 0x5565c1a9236d <unknown>\n#6 0x5565c1ab1297 <unknown>\n#7 0x5565c1a920e3 <unknown>\n#8 0x5565c1a5a044 <unknown>\n#9 0x5565c1a5b44e <unknown>\n#10 0x5565c1d20861 <unknown>\n#11 0x5565c1d24785 <unknown>\n#12 0x5565c1d0e285 <unknown>\n#13 0x5565c1d2541f <unknown>\n#14 0x5565c1cf220f <unknown>\n#15 0x5565c1d49028 <unknown>\n#16 0x5565c1d491f7 <unknown>\n#17 0x5565c1d5aed4 <unknown>\n#18 0x7f2645d98044 <unknown>","time":{"start":1702689050826,"stop":1702689051189,"duration":363}}]},"tags":["smoke"]},"source":"ad4a2e984aca4ba4.json","parameterValues":["3320","25","'TD 019'","2490","'products/shtukaturka-gipsovaya-aksolit-m50-30-kg-mashinnogo-naneseniya'","1150","'https://sandboxtest.stroyrem-nn.ru/'","1700"]}