{"uid":"f42313c20456e291","name":"TD 017 Доставка товара весом до 400кг. в синей зоне","fullName":"tests.delivery.test_delivery_calculation.TestDeliveryPageCalculation#test_positive_delivery_blue_zone_smoke","historyId":"81af0bc3e563f7b2736d18e07047a083","time":{"start":1704417096611,"stop":1704417097047,"duration":436},"status":"broken","statusMessage":"selenium.common.exceptions.NoSuchElementException: Message: no such element: Unable to locate element: {\"method\":\"xpath\",\"selector\":\"(//a[@class='add-to-cart yellow-btn'])[1]\"}\n  (Session info: chrome-headless-shell=120.0.6099.109); For documentation on this error, please visit: https://www.selenium.dev/documentation/webdriver/troubleshooting/errors#no-such-element-exception\nStacktrace:\n#0 0x555712857f83 <unknown>\n#1 0x555712510cf7 <unknown>\n#2 0x55571256099e <unknown>\n#3 0x555712560aa1 <unknown>\n#4 0x5557125abd64 <unknown>\n#5 0x55571258a0dd <unknown>\n#6 0x5557125a9006 <unknown>\n#7 0x555712589e53 <unknown>\n#8 0x555712551dd4 <unknown>\n#9 0x5557125531de <unknown>\n#10 0x55571281c531 <unknown>\n#11 0x555712820455 <unknown>\n#12 0x555712808f55 <unknown>\n#13 0x5557128210ef <unknown>\n#14 0x5557127ec99f <unknown>\n#15 0x555712845008 <unknown>\n#16 0x5557128451d7 <unknown>\n#17 0x555712857124 <unknown>\n#18 0x7f5841680044 <unknown>","statusTrace":"self = <tests.delivery.test_delivery_calculation.TestDeliveryPageCalculation object at 0x7f0acf48d510>\ndriver = <selenium.webdriver.chrome.webdriver.WebDriver (session=\"1b2e758f8d6040dfa7cc471b88591178\")>\nurl = 'https://sandboxtest.stroyrem-nn.ru/', case_id = 'TD 017'\nlink_item = 'products/shtukaturka-gipsovaya-aksolit-m50-30-kg-mashinnogo-naneseniya'\namount = 13, weight = 400, standard = 650, in_time = 2390, all_time = 3320\n\n    @pytest.mark.parametrize('case_id, link_item, amount, weight, standard, in_time, all_time', [\n        (\"TD 015\", bundeks_25, 1, 30, 650, 2390, 3320),\n        pytest.param(\n            \"TD 016\", aksolit_30, 8, 300, 650, 2390, 3320,\n            marks=pytest.mark.xfail(reson=\"Цена доставки: - - -\")\n        ),\n        (\"TD 017\", aksolit_30, 13, 400, 650, 2390, 3320),\n        (\"TD 018\", aksolit_30, 16, 500, 850, 2490, 3320),\n        (\"TD 019\", aksolit_30, 25, 1700, 1150, 2490, 3320),\n        (\"TD 020\", aksolit_30, 66, 2000, 1500, 2990, 3650),\n        (\"TD 021\", aksolit_30, 149, 4500, 2600, 4380, 4890),\n        (\"TD 022\", aksolit_30, 166, 5000, 2800, 5490, 5980),\n        pytest.param(\n            \"TD 023\", aksolit_30, 206, 6200, 3300, 7500, 8000,\n            marks=pytest.mark.xfail(reson=\"Цена доставки: 4300 9900 11440\")\n        ),\n        (\"TD 024\", aksolit_30, 299, 9000, 4300, 9900, 11440),\n        (\"TD 025\", aksolit_30, 333, 10000, 7000, 13900, 15900),\n        pytest.param(\n            \"TD 026\", aksolit_30, 366, 11000, 8000, 14900, 19900,\n            marks=pytest.mark.xfail(reson=\"Цена доставки: 7000 13900 15900\")\n        ),\n        pytest.param(\n            \"TD 027\", aksolit_30, 666, 20000, 14000, 16900, 23900,\n            marks=pytest.mark.xfail(reson=\"Цена доставки: 7000 13900 15900\")\n        )\n    ])\n    @pytest.mark.smoke\n    def test_positive_delivery_blue_zone_smoke(\n            self, driver, url, case_id, link_item, amount, weight, standard, in_time, all_time\n    ):\n        allure.dynamic.title(f\"{case_id} Доставка товара весом до {weight}кг. в синей зоне\")\n    \n        driver.get(f'{url}{link_item}')\n        item_page = ItemPage(driver)\n>       item_page.add_item_to_cart(amount).click_on_cart()\n\ntests/delivery/test_delivery_calculation.py:130: \n_ _ _ _ _ _ _ _ _ _ _ _ _ _ _ _ _ _ _ _ _ _ _ _ _ _ _ _ _ _ _ _ _ _ _ _ _ _ _ _ \npages/item_page.py:40: in add_item_to_cart\n    self.find_element(self._add_item).click()\nbase/seleniumbase.py:17: in find_element\n    return self.driver.find_element(*locator)\n/usr/local/lib/python3.11/site-packages/selenium/webdriver/remote/webdriver.py:740: in find_element\n    return self.execute(Command.FIND_ELEMENT, {\"using\": by, \"value\": value})[\"value\"]\n/usr/local/lib/python3.11/site-packages/selenium/webdriver/remote/webdriver.py:346: in execute\n    self.error_handler.check_response(response)\n_ _ _ _ _ _ _ _ _ _ _ _ _ _ _ _ _ _ _ _ _ _ _ _ _ _ _ _ _ _ _ _ _ _ _ _ _ _ _ _ \n\nself = <selenium.webdriver.remote.errorhandler.ErrorHandler object at 0x7f0acf496b10>\nresponse = {'status': 404, 'value': '{\"value\":{\"error\":\"no such element\",\"message\":\"no such element: Unable to locate element: {\\...\\\\n#16 0x5557128451d7 \\\\u003Cunknown>\\\\n#17 0x555712857124 \\\\u003Cunknown>\\\\n#18 0x7f5841680044 \\\\u003Cunknown>\\\\n\"}}'}\n\n    def check_response(self, response: Dict[str, Any]) -> None:\n        \"\"\"Checks that a JSON response from the WebDriver does not have an\n        error.\n    \n        :Args:\n         - response - The JSON response from the WebDriver server as a dictionary\n           object.\n    \n        :Raises: If the response contains an error message.\n        \"\"\"\n        status = response.get(\"status\", None)\n        if not status or status == ErrorCode.SUCCESS:\n            return\n        value = None\n        message = response.get(\"message\", \"\")\n        screen: str = response.get(\"screen\", \"\")\n        stacktrace = None\n        if isinstance(status, int):\n            value_json = response.get(\"value\", None)\n            if value_json and isinstance(value_json, str):\n                import json\n    \n                try:\n                    value = json.loads(value_json)\n                    if len(value) == 1:\n                        value = value[\"value\"]\n                    status = value.get(\"error\", None)\n                    if not status:\n                        status = value.get(\"status\", ErrorCode.UNKNOWN_ERROR)\n                        message = value.get(\"value\") or value.get(\"message\")\n                        if not isinstance(message, str):\n                            value = message\n                            message = message.get(\"message\")\n                    else:\n                        message = value.get(\"message\", None)\n                except ValueError:\n                    pass\n    \n        exception_class: Type[WebDriverException]\n        if status in ErrorCode.NO_SUCH_ELEMENT:\n            exception_class = NoSuchElementException\n        elif status in ErrorCode.NO_SUCH_FRAME:\n            exception_class = NoSuchFrameException\n        elif status in ErrorCode.NO_SUCH_SHADOW_ROOT:\n            exception_class = NoSuchShadowRootException\n        elif status in ErrorCode.NO_SUCH_WINDOW:\n            exception_class = NoSuchWindowException\n        elif status in ErrorCode.STALE_ELEMENT_REFERENCE:\n            exception_class = StaleElementReferenceException\n        elif status in ErrorCode.ELEMENT_NOT_VISIBLE:\n            exception_class = ElementNotVisibleException\n        elif status in ErrorCode.INVALID_ELEMENT_STATE:\n            exception_class = InvalidElementStateException\n        elif (\n            status in ErrorCode.INVALID_SELECTOR\n            or status in ErrorCode.INVALID_XPATH_SELECTOR\n            or status in ErrorCode.INVALID_XPATH_SELECTOR_RETURN_TYPER\n        ):\n            exception_class = InvalidSelectorException\n        elif status in ErrorCode.ELEMENT_IS_NOT_SELECTABLE:\n            exception_class = ElementNotSelectableException\n        elif status in ErrorCode.ELEMENT_NOT_INTERACTABLE:\n            exception_class = ElementNotInteractableException\n        elif status in ErrorCode.INVALID_COOKIE_DOMAIN:\n            exception_class = InvalidCookieDomainException\n        elif status in ErrorCode.UNABLE_TO_SET_COOKIE:\n            exception_class = UnableToSetCookieException\n        elif status in ErrorCode.TIMEOUT:\n            exception_class = TimeoutException\n        elif status in ErrorCode.SCRIPT_TIMEOUT:\n            exception_class = TimeoutException\n        elif status in ErrorCode.UNKNOWN_ERROR:\n            exception_class = WebDriverException\n        elif status in ErrorCode.UNEXPECTED_ALERT_OPEN:\n            exception_class = UnexpectedAlertPresentException\n        elif status in ErrorCode.NO_ALERT_OPEN:\n            exception_class = NoAlertPresentException\n        elif status in ErrorCode.IME_NOT_AVAILABLE:\n            exception_class = ImeNotAvailableException\n        elif status in ErrorCode.IME_ENGINE_ACTIVATION_FAILED:\n            exception_class = ImeActivationFailedException\n        elif status in ErrorCode.MOVE_TARGET_OUT_OF_BOUNDS:\n            exception_class = MoveTargetOutOfBoundsException\n        elif status in ErrorCode.JAVASCRIPT_ERROR:\n            exception_class = JavascriptException\n        elif status in ErrorCode.SESSION_NOT_CREATED:\n            exception_class = SessionNotCreatedException\n        elif status in ErrorCode.INVALID_ARGUMENT:\n            exception_class = InvalidArgumentException\n        elif status in ErrorCode.NO_SUCH_COOKIE:\n            exception_class = NoSuchCookieException\n        elif status in ErrorCode.UNABLE_TO_CAPTURE_SCREEN:\n            exception_class = ScreenshotException\n        elif status in ErrorCode.ELEMENT_CLICK_INTERCEPTED:\n            exception_class = ElementClickInterceptedException\n        elif status in ErrorCode.INSECURE_CERTIFICATE:\n            exception_class = InsecureCertificateException\n        elif status in ErrorCode.INVALID_COORDINATES:\n            exception_class = InvalidCoordinatesException\n        elif status in ErrorCode.INVALID_SESSION_ID:\n            exception_class = InvalidSessionIdException\n        elif status in ErrorCode.UNKNOWN_METHOD:\n            exception_class = UnknownMethodException\n        else:\n            exception_class = WebDriverException\n        if not value:\n            value = response[\"value\"]\n        if isinstance(value, str):\n            raise exception_class(value)\n        if message == \"\" and \"message\" in value:\n            message = value[\"message\"]\n    \n        screen = None  # type: ignore[assignment]\n        if \"screen\" in value:\n            screen = value[\"screen\"]\n    \n        stacktrace = None\n        st_value = value.get(\"stackTrace\") or value.get(\"stacktrace\")\n        if st_value:\n            if isinstance(st_value, str):\n                stacktrace = st_value.split(\"\\n\")\n            else:\n                stacktrace = []\n                try:\n                    for frame in st_value:\n                        line = frame.get(\"lineNumber\", \"\")\n                        file = frame.get(\"fileName\", \"<anonymous>\")\n                        if line:\n                            file = f\"{file}:{line}\"\n                        meth = frame.get(\"methodName\", \"<anonymous>\")\n                        if \"className\" in frame:\n                            meth = f\"{frame['className']}.{meth}\"\n                        msg = \"    at %s (%s)\"\n                        msg = msg % (meth, file)\n                        stacktrace.append(msg)\n                except TypeError:\n                    pass\n        if exception_class == UnexpectedAlertPresentException:\n            alert_text = None\n            if \"data\" in value:\n                alert_text = value[\"data\"].get(\"text\")\n            elif \"alert\" in value:\n                alert_text = value[\"alert\"].get(\"text\")\n            raise exception_class(message, screen, stacktrace, alert_text)  # type: ignore[call-arg]  # mypy is not smart enough here\n>       raise exception_class(message, screen, stacktrace)\nE       selenium.common.exceptions.NoSuchElementException: Message: no such element: Unable to locate element: {\"method\":\"xpath\",\"selector\":\"(//a[@class='add-to-cart yellow-btn'])[1]\"}\nE         (Session info: chrome-headless-shell=120.0.6099.109); For documentation on this error, please visit: https://www.selenium.dev/documentation/webdriver/troubleshooting/errors#no-such-element-exception\nE       Stacktrace:\nE       #0 0x555712857f83 <unknown>\nE       #1 0x555712510cf7 <unknown>\nE       #2 0x55571256099e <unknown>\nE       #3 0x555712560aa1 <unknown>\nE       #4 0x5557125abd64 <unknown>\nE       #5 0x55571258a0dd <unknown>\nE       #6 0x5557125a9006 <unknown>\nE       #7 0x555712589e53 <unknown>\nE       #8 0x555712551dd4 <unknown>\nE       #9 0x5557125531de <unknown>\nE       #10 0x55571281c531 <unknown>\nE       #11 0x555712820455 <unknown>\nE       #12 0x555712808f55 <unknown>\nE       #13 0x5557128210ef <unknown>\nE       #14 0x5557127ec99f <unknown>\nE       #15 0x555712845008 <unknown>\nE       #16 0x5557128451d7 <unknown>\nE       #17 0x555712857124 <unknown>\nE       #18 0x7f5841680044 <unknown>\n\n/usr/local/lib/python3.11/site-packages/selenium/webdriver/remote/errorhandler.py:245: NoSuchElementException","flaky":false,"newFailed":false,"newBroken":false,"newPassed":false,"retriesCount":0,"retriesStatusChange":false,"beforeStages":[{"name":"_session_faker","time":{"start":1704416659975,"stop":1704416660044,"duration":69},"status":"passed","steps":[],"attachments":[],"parameters":[],"shouldDisplayMessage":false,"stepsCount":0,"attachmentsCount":0,"hasContent":false,"attachmentStep":false},{"name":"clear_allure_results_folder","time":{"start":1704416660044,"stop":1704416660044,"duration":0},"status":"passed","steps":[],"attachments":[],"parameters":[],"shouldDisplayMessage":false,"stepsCount":0,"attachmentsCount":0,"hasContent":false,"attachmentStep":false},{"name":"driver","time":{"start":1704417095879,"stop":1704417096610,"duration":731},"status":"passed","steps":[],"attachments":[],"parameters":[],"shouldDisplayMessage":false,"stepsCount":0,"attachmentsCount":0,"hasContent":false,"attachmentStep":false},{"name":"setup","time":{"start":1704417096610,"stop":1704417096610,"duration":0},"status":"passed","steps":[],"attachments":[],"parameters":[],"shouldDisplayMessage":false,"stepsCount":0,"attachmentsCount":0,"hasContent":false,"attachmentStep":false}],"testStage":{"status":"broken","statusMessage":"selenium.common.exceptions.NoSuchElementException: Message: no such element: Unable to locate element: {\"method\":\"xpath\",\"selector\":\"(//a[@class='add-to-cart yellow-btn'])[1]\"}\n  (Session info: chrome-headless-shell=120.0.6099.109); For documentation on this error, please visit: https://www.selenium.dev/documentation/webdriver/troubleshooting/errors#no-such-element-exception\nStacktrace:\n#0 0x555712857f83 <unknown>\n#1 0x555712510cf7 <unknown>\n#2 0x55571256099e <unknown>\n#3 0x555712560aa1 <unknown>\n#4 0x5557125abd64 <unknown>\n#5 0x55571258a0dd <unknown>\n#6 0x5557125a9006 <unknown>\n#7 0x555712589e53 <unknown>\n#8 0x555712551dd4 <unknown>\n#9 0x5557125531de <unknown>\n#10 0x55571281c531 <unknown>\n#11 0x555712820455 <unknown>\n#12 0x555712808f55 <unknown>\n#13 0x5557128210ef <unknown>\n#14 0x5557127ec99f <unknown>\n#15 0x555712845008 <unknown>\n#16 0x5557128451d7 <unknown>\n#17 0x555712857124 <unknown>\n#18 0x7f5841680044 <unknown>","statusTrace":"self = <tests.delivery.test_delivery_calculation.TestDeliveryPageCalculation object at 0x7f0acf48d510>\ndriver = <selenium.webdriver.chrome.webdriver.WebDriver (session=\"1b2e758f8d6040dfa7cc471b88591178\")>\nurl = 'https://sandboxtest.stroyrem-nn.ru/', case_id = 'TD 017'\nlink_item = 'products/shtukaturka-gipsovaya-aksolit-m50-30-kg-mashinnogo-naneseniya'\namount = 13, weight = 400, standard = 650, in_time = 2390, all_time = 3320\n\n    @pytest.mark.parametrize('case_id, link_item, amount, weight, standard, in_time, all_time', [\n        (\"TD 015\", bundeks_25, 1, 30, 650, 2390, 3320),\n        pytest.param(\n            \"TD 016\", aksolit_30, 8, 300, 650, 2390, 3320,\n            marks=pytest.mark.xfail(reson=\"Цена доставки: - - -\")\n        ),\n        (\"TD 017\", aksolit_30, 13, 400, 650, 2390, 3320),\n        (\"TD 018\", aksolit_30, 16, 500, 850, 2490, 3320),\n        (\"TD 019\", aksolit_30, 25, 1700, 1150, 2490, 3320),\n        (\"TD 020\", aksolit_30, 66, 2000, 1500, 2990, 3650),\n        (\"TD 021\", aksolit_30, 149, 4500, 2600, 4380, 4890),\n        (\"TD 022\", aksolit_30, 166, 5000, 2800, 5490, 5980),\n        pytest.param(\n            \"TD 023\", aksolit_30, 206, 6200, 3300, 7500, 8000,\n            marks=pytest.mark.xfail(reson=\"Цена доставки: 4300 9900 11440\")\n        ),\n        (\"TD 024\", aksolit_30, 299, 9000, 4300, 9900, 11440),\n        (\"TD 025\", aksolit_30, 333, 10000, 7000, 13900, 15900),\n        pytest.param(\n            \"TD 026\", aksolit_30, 366, 11000, 8000, 14900, 19900,\n            marks=pytest.mark.xfail(reson=\"Цена доставки: 7000 13900 15900\")\n        ),\n        pytest.param(\n            \"TD 027\", aksolit_30, 666, 20000, 14000, 16900, 23900,\n            marks=pytest.mark.xfail(reson=\"Цена доставки: 7000 13900 15900\")\n        )\n    ])\n    @pytest.mark.smoke\n    def test_positive_delivery_blue_zone_smoke(\n            self, driver, url, case_id, link_item, amount, weight, standard, in_time, all_time\n    ):\n        allure.dynamic.title(f\"{case_id} Доставка товара весом до {weight}кг. в синей зоне\")\n    \n        driver.get(f'{url}{link_item}')\n        item_page = ItemPage(driver)\n>       item_page.add_item_to_cart(amount).click_on_cart()\n\ntests/delivery/test_delivery_calculation.py:130: \n_ _ _ _ _ _ _ _ _ _ _ _ _ _ _ _ _ _ _ _ _ _ _ _ _ _ _ _ _ _ _ _ _ _ _ _ _ _ _ _ \npages/item_page.py:40: in add_item_to_cart\n    self.find_element(self._add_item).click()\nbase/seleniumbase.py:17: in find_element\n    return self.driver.find_element(*locator)\n/usr/local/lib/python3.11/site-packages/selenium/webdriver/remote/webdriver.py:740: in find_element\n    return self.execute(Command.FIND_ELEMENT, {\"using\": by, \"value\": value})[\"value\"]\n/usr/local/lib/python3.11/site-packages/selenium/webdriver/remote/webdriver.py:346: in execute\n    self.error_handler.check_response(response)\n_ _ _ _ _ _ _ _ _ _ _ _ _ _ _ _ _ _ _ _ _ _ _ _ _ _ _ _ _ _ _ _ _ _ _ _ _ _ _ _ \n\nself = <selenium.webdriver.remote.errorhandler.ErrorHandler object at 0x7f0acf496b10>\nresponse = {'status': 404, 'value': '{\"value\":{\"error\":\"no such element\",\"message\":\"no such element: Unable to locate element: {\\...\\\\n#16 0x5557128451d7 \\\\u003Cunknown>\\\\n#17 0x555712857124 \\\\u003Cunknown>\\\\n#18 0x7f5841680044 \\\\u003Cunknown>\\\\n\"}}'}\n\n    def check_response(self, response: Dict[str, Any]) -> None:\n        \"\"\"Checks that a JSON response from the WebDriver does not have an\n        error.\n    \n        :Args:\n         - response - The JSON response from the WebDriver server as a dictionary\n           object.\n    \n        :Raises: If the response contains an error message.\n        \"\"\"\n        status = response.get(\"status\", None)\n        if not status or status == ErrorCode.SUCCESS:\n            return\n        value = None\n        message = response.get(\"message\", \"\")\n        screen: str = response.get(\"screen\", \"\")\n        stacktrace = None\n        if isinstance(status, int):\n            value_json = response.get(\"value\", None)\n            if value_json and isinstance(value_json, str):\n                import json\n    \n                try:\n                    value = json.loads(value_json)\n                    if len(value) == 1:\n                        value = value[\"value\"]\n                    status = value.get(\"error\", None)\n                    if not status:\n                        status = value.get(\"status\", ErrorCode.UNKNOWN_ERROR)\n                        message = value.get(\"value\") or value.get(\"message\")\n                        if not isinstance(message, str):\n                            value = message\n                            message = message.get(\"message\")\n                    else:\n                        message = value.get(\"message\", None)\n                except ValueError:\n                    pass\n    \n        exception_class: Type[WebDriverException]\n        if status in ErrorCode.NO_SUCH_ELEMENT:\n            exception_class = NoSuchElementException\n        elif status in ErrorCode.NO_SUCH_FRAME:\n            exception_class = NoSuchFrameException\n        elif status in ErrorCode.NO_SUCH_SHADOW_ROOT:\n            exception_class = NoSuchShadowRootException\n        elif status in ErrorCode.NO_SUCH_WINDOW:\n            exception_class = NoSuchWindowException\n        elif status in ErrorCode.STALE_ELEMENT_REFERENCE:\n            exception_class = StaleElementReferenceException\n        elif status in ErrorCode.ELEMENT_NOT_VISIBLE:\n            exception_class = ElementNotVisibleException\n        elif status in ErrorCode.INVALID_ELEMENT_STATE:\n            exception_class = InvalidElementStateException\n        elif (\n            status in ErrorCode.INVALID_SELECTOR\n            or status in ErrorCode.INVALID_XPATH_SELECTOR\n            or status in ErrorCode.INVALID_XPATH_SELECTOR_RETURN_TYPER\n        ):\n            exception_class = InvalidSelectorException\n        elif status in ErrorCode.ELEMENT_IS_NOT_SELECTABLE:\n            exception_class = ElementNotSelectableException\n        elif status in ErrorCode.ELEMENT_NOT_INTERACTABLE:\n            exception_class = ElementNotInteractableException\n        elif status in ErrorCode.INVALID_COOKIE_DOMAIN:\n            exception_class = InvalidCookieDomainException\n        elif status in ErrorCode.UNABLE_TO_SET_COOKIE:\n            exception_class = UnableToSetCookieException\n        elif status in ErrorCode.TIMEOUT:\n            exception_class = TimeoutException\n        elif status in ErrorCode.SCRIPT_TIMEOUT:\n            exception_class = TimeoutException\n        elif status in ErrorCode.UNKNOWN_ERROR:\n            exception_class = WebDriverException\n        elif status in ErrorCode.UNEXPECTED_ALERT_OPEN:\n            exception_class = UnexpectedAlertPresentException\n        elif status in ErrorCode.NO_ALERT_OPEN:\n            exception_class = NoAlertPresentException\n        elif status in ErrorCode.IME_NOT_AVAILABLE:\n            exception_class = ImeNotAvailableException\n        elif status in ErrorCode.IME_ENGINE_ACTIVATION_FAILED:\n            exception_class = ImeActivationFailedException\n        elif status in ErrorCode.MOVE_TARGET_OUT_OF_BOUNDS:\n            exception_class = MoveTargetOutOfBoundsException\n        elif status in ErrorCode.JAVASCRIPT_ERROR:\n            exception_class = JavascriptException\n        elif status in ErrorCode.SESSION_NOT_CREATED:\n            exception_class = SessionNotCreatedException\n        elif status in ErrorCode.INVALID_ARGUMENT:\n            exception_class = InvalidArgumentException\n        elif status in ErrorCode.NO_SUCH_COOKIE:\n            exception_class = NoSuchCookieException\n        elif status in ErrorCode.UNABLE_TO_CAPTURE_SCREEN:\n            exception_class = ScreenshotException\n        elif status in ErrorCode.ELEMENT_CLICK_INTERCEPTED:\n            exception_class = ElementClickInterceptedException\n        elif status in ErrorCode.INSECURE_CERTIFICATE:\n            exception_class = InsecureCertificateException\n        elif status in ErrorCode.INVALID_COORDINATES:\n            exception_class = InvalidCoordinatesException\n        elif status in ErrorCode.INVALID_SESSION_ID:\n            exception_class = InvalidSessionIdException\n        elif status in ErrorCode.UNKNOWN_METHOD:\n            exception_class = UnknownMethodException\n        else:\n            exception_class = WebDriverException\n        if not value:\n            value = response[\"value\"]\n        if isinstance(value, str):\n            raise exception_class(value)\n        if message == \"\" and \"message\" in value:\n            message = value[\"message\"]\n    \n        screen = None  # type: ignore[assignment]\n        if \"screen\" in value:\n            screen = value[\"screen\"]\n    \n        stacktrace = None\n        st_value = value.get(\"stackTrace\") or value.get(\"stacktrace\")\n        if st_value:\n            if isinstance(st_value, str):\n                stacktrace = st_value.split(\"\\n\")\n            else:\n                stacktrace = []\n                try:\n                    for frame in st_value:\n                        line = frame.get(\"lineNumber\", \"\")\n                        file = frame.get(\"fileName\", \"<anonymous>\")\n                        if line:\n                            file = f\"{file}:{line}\"\n                        meth = frame.get(\"methodName\", \"<anonymous>\")\n                        if \"className\" in frame:\n                            meth = f\"{frame['className']}.{meth}\"\n                        msg = \"    at %s (%s)\"\n                        msg = msg % (meth, file)\n                        stacktrace.append(msg)\n                except TypeError:\n                    pass\n        if exception_class == UnexpectedAlertPresentException:\n            alert_text = None\n            if \"data\" in value:\n                alert_text = value[\"data\"].get(\"text\")\n            elif \"alert\" in value:\n                alert_text = value[\"alert\"].get(\"text\")\n            raise exception_class(message, screen, stacktrace, alert_text)  # type: ignore[call-arg]  # mypy is not smart enough here\n>       raise exception_class(message, screen, stacktrace)\nE       selenium.common.exceptions.NoSuchElementException: Message: no such element: Unable to locate element: {\"method\":\"xpath\",\"selector\":\"(//a[@class='add-to-cart yellow-btn'])[1]\"}\nE         (Session info: chrome-headless-shell=120.0.6099.109); For documentation on this error, please visit: https://www.selenium.dev/documentation/webdriver/troubleshooting/errors#no-such-element-exception\nE       Stacktrace:\nE       #0 0x555712857f83 <unknown>\nE       #1 0x555712510cf7 <unknown>\nE       #2 0x55571256099e <unknown>\nE       #3 0x555712560aa1 <unknown>\nE       #4 0x5557125abd64 <unknown>\nE       #5 0x55571258a0dd <unknown>\nE       #6 0x5557125a9006 <unknown>\nE       #7 0x555712589e53 <unknown>\nE       #8 0x555712551dd4 <unknown>\nE       #9 0x5557125531de <unknown>\nE       #10 0x55571281c531 <unknown>\nE       #11 0x555712820455 <unknown>\nE       #12 0x555712808f55 <unknown>\nE       #13 0x5557128210ef <unknown>\nE       #14 0x5557127ec99f <unknown>\nE       #15 0x555712845008 <unknown>\nE       #16 0x5557128451d7 <unknown>\nE       #17 0x555712857124 <unknown>\nE       #18 0x7f5841680044 <unknown>\n\n/usr/local/lib/python3.11/site-packages/selenium/webdriver/remote/errorhandler.py:245: NoSuchElementException","steps":[{"name":"Добавляем товар в корзину в количестве 13","time":{"start":1704417097035,"stop":1704417097047,"duration":12},"status":"broken","statusMessage":"selenium.common.exceptions.NoSuchElementException: Message: no such element: Unable to locate element: {\"method\":\"xpath\",\"selector\":\"(//a[@class='add-to-cart yellow-btn'])[1]\"}\n  (Session info: chrome-headless-shell=120.0.6099.109); For documentation on this error, please visit: https://www.selenium.dev/documentation/webdriver/troubleshooting/errors#no-such-element-exception\nStacktrace:\n#0 0x555712857f83 <unknown>\n#1 0x555712510cf7 <unknown>\n#2 0x55571256099e <unknown>\n#3 0x555712560aa1 <unknown>\n#4 0x5557125abd64 <unknown>\n#5 0x55571258a0dd <unknown>\n#6 0x5557125a9006 <unknown>\n#7 0x555712589e53 <unknown>\n#8 0x555712551dd4 <unknown>\n#9 0x5557125531de <unknown>\n#10 0x55571281c531 <unknown>\n#11 0x555712820455 <unknown>\n#12 0x555712808f55 <unknown>\n#13 0x5557128210ef <unknown>\n#14 0x5557127ec99f <unknown>\n#15 0x555712845008 <unknown>\n#16 0x5557128451d7 <unknown>\n#17 0x555712857124 <unknown>\n#18 0x7f5841680044 <unknown>\n\n","statusTrace":"  File \"/usr/local/lib/python3.11/site-packages/allure_commons/_allure.py\", line 192, in impl\n    return func(*a, **kw)\n           ^^^^^^^^^^^^^^\n  File \"/app/pages/item_page.py\", line 40, in add_item_to_cart\n    self.find_element(self._add_item).click()\n    ^^^^^^^^^^^^^^^^^^^^^^^^^^^^^^^^^\n  File \"/app/base/seleniumbase.py\", line 17, in find_element\n    return self.driver.find_element(*locator)\n           ^^^^^^^^^^^^^^^^^^^^^^^^^^^^^^^^^^\n  File \"/usr/local/lib/python3.11/site-packages/selenium/webdriver/remote/webdriver.py\", line 740, in find_element\n    return self.execute(Command.FIND_ELEMENT, {\"using\": by, \"value\": value})[\"value\"]\n           ^^^^^^^^^^^^^^^^^^^^^^^^^^^^^^^^^^^^^^^^^^^^^^^^^^^^^^^^^^^^^^^^^\n  File \"/usr/local/lib/python3.11/site-packages/selenium/webdriver/remote/webdriver.py\", line 346, in execute\n    self.error_handler.check_response(response)\n  File \"/usr/local/lib/python3.11/site-packages/selenium/webdriver/remote/errorhandler.py\", line 245, in check_response\n    raise exception_class(message, screen, stacktrace)\n","steps":[],"attachments":[],"parameters":[{"name":"amount","value":"13"}],"shouldDisplayMessage":true,"stepsCount":0,"attachmentsCount":0,"hasContent":true,"attachmentStep":false}],"attachments":[{"uid":"cd261287fbc72510","name":"Screenshot","source":"cd261287fbc72510.png","type":"image/png","size":5862},{"uid":"4ea7268fc8203f8","name":"HTML source","source":"4ea7268fc8203f8.html","type":"text/html","size":39}],"parameters":[],"shouldDisplayMessage":true,"stepsCount":1,"attachmentsCount":2,"hasContent":true,"attachmentStep":false},"afterStages":[{"name":"setup::0","time":{"start":1704417097153,"stop":1704417097153,"duration":0},"status":"passed","steps":[],"attachments":[],"parameters":[],"shouldDisplayMessage":false,"stepsCount":0,"attachmentsCount":0,"hasContent":false,"attachmentStep":false},{"name":"driver::0","time":{"start":1704417097154,"stop":1704417097210,"duration":56},"status":"passed","steps":[],"attachments":[],"parameters":[],"shouldDisplayMessage":false,"stepsCount":0,"attachmentsCount":0,"hasContent":false,"attachmentStep":false}],"labels":[{"name":"epic","value":"Delivery Page - calculation"},{"name":"tag","value":"smoke"},{"name":"parentSuite","value":"tests.delivery"},{"name":"suite","value":"test_delivery_calculation"},{"name":"subSuite","value":"TestDeliveryPageCalculation"},{"name":"host","value":"0f75ea78f7f2"},{"name":"thread","value":"1-MainThread"},{"name":"framework","value":"pytest"},{"name":"language","value":"cpython3"},{"name":"package","value":"tests.delivery.test_delivery_calculation"},{"name":"resultFormat","value":"allure2"}],"parameters":[{"name":"all_time","value":"3320"},{"name":"amount","value":"13"},{"name":"case_id","value":"'TD 017'"},{"name":"in_time","value":"2390"},{"name":"link_item","value":"'products/shtukaturka-gipsovaya-aksolit-m50-30-kg-mashinnogo-naneseniya'"},{"name":"standard","value":"650"},{"name":"url","value":"'https://sandboxtest.stroyrem-nn.ru/'"},{"name":"weight","value":"400"}],"links":[],"hidden":false,"retry":false,"extra":{"severity":"normal","retries":[],"categories":[{"name":"Test defects","matchedStatuses":[],"flaky":false}],"history":{"statistic":{"failed":0,"broken":128,"skipped":0,"passed":0,"unknown":0,"total":128},"items":[{"uid":"1f58c388136a14b9","reportUrl":"https://zaelcovsky.github.io/StroyremAutomation/191//#testresult/1f58c388136a14b9","status":"broken","statusDetails":"selenium.common.exceptions.NoSuchElementException: Message: no such element: Unable to locate element: {\"method\":\"xpath\",\"selector\":\"(//a[@class='add-to-cart yellow-btn'])[1]\"}\n  (Session info: chrome-headless-shell=120.0.6099.109); For documentation on this error, please visit: https://www.selenium.dev/documentation/webdriver/troubleshooting/errors#no-such-element-exception\nStacktrace:\n#0 0x563ca6692f83 <unknown>\n#1 0x563ca634bcf7 <unknown>\n#2 0x563ca639b99e <unknown>\n#3 0x563ca639baa1 <unknown>\n#4 0x563ca63e6d64 <unknown>\n#5 0x563ca63c50dd <unknown>\n#6 0x563ca63e4006 <unknown>\n#7 0x563ca63c4e53 <unknown>\n#8 0x563ca638cdd4 <unknown>\n#9 0x563ca638e1de <unknown>\n#10 0x563ca6657531 <unknown>\n#11 0x563ca665b455 <unknown>\n#12 0x563ca6643f55 <unknown>\n#13 0x563ca665c0ef <unknown>\n#14 0x563ca662799f <unknown>\n#15 0x563ca6680008 <unknown>\n#16 0x563ca66801d7 <unknown>\n#17 0x563ca6692124 <unknown>\n#18 0x7f64da89d044 <unknown>","time":{"start":1704330780640,"stop":1704330781095,"duration":455}},{"uid":"34c745f852d986af","reportUrl":"https://zaelcovsky.github.io/StroyremAutomation/190//#testresult/34c745f852d986af","status":"broken","statusDetails":"selenium.common.exceptions.NoSuchElementException: Message: no such element: Unable to locate element: {\"method\":\"xpath\",\"selector\":\"(//a[@class='add-to-cart yellow-btn'])[1]\"}\n  (Session info: chrome-headless-shell=120.0.6099.109); For documentation on this error, please visit: https://www.selenium.dev/documentation/webdriver/troubleshooting/errors#no-such-element-exception\nStacktrace:\n#0 0x562a2bbc5f83 <unknown>\n#1 0x562a2b87ecf7 <unknown>\n#2 0x562a2b8ce99e <unknown>\n#3 0x562a2b8ceaa1 <unknown>\n#4 0x562a2b919d64 <unknown>\n#5 0x562a2b8f80dd <unknown>\n#6 0x562a2b917006 <unknown>\n#7 0x562a2b8f7e53 <unknown>\n#8 0x562a2b8bfdd4 <unknown>\n#9 0x562a2b8c11de <unknown>\n#10 0x562a2bb8a531 <unknown>\n#11 0x562a2bb8e455 <unknown>\n#12 0x562a2bb76f55 <unknown>\n#13 0x562a2bb8f0ef <unknown>\n#14 0x562a2bb5a99f <unknown>\n#15 0x562a2bbb3008 <unknown>\n#16 0x562a2bbb31d7 <unknown>\n#17 0x562a2bbc5124 <unknown>\n#18 0x7fb231140044 <unknown>","time":{"start":1704244269505,"stop":1704244270164,"duration":659}},{"uid":"52b67135246cc16a","reportUrl":"https://zaelcovsky.github.io/StroyremAutomation/189//#testresult/52b67135246cc16a","status":"broken","statusDetails":"selenium.common.exceptions.NoSuchElementException: Message: no such element: Unable to locate element: {\"method\":\"xpath\",\"selector\":\"(//a[@class='add-to-cart yellow-btn'])[1]\"}\n  (Session info: chrome-headless-shell=120.0.6099.109); For documentation on this error, please visit: https://www.selenium.dev/documentation/webdriver/troubleshooting/errors#no-such-element-exception\nStacktrace:\n#0 0x55d16aa59f83 <unknown>\n#1 0x55d16a712cf7 <unknown>\n#2 0x55d16a76299e <unknown>\n#3 0x55d16a762aa1 <unknown>\n#4 0x55d16a7add64 <unknown>\n#5 0x55d16a78c0dd <unknown>\n#6 0x55d16a7ab006 <unknown>\n#7 0x55d16a78be53 <unknown>\n#8 0x55d16a753dd4 <unknown>\n#9 0x55d16a7551de <unknown>\n#10 0x55d16aa1e531 <unknown>\n#11 0x55d16aa22455 <unknown>\n#12 0x55d16aa0af55 <unknown>\n#13 0x55d16aa230ef <unknown>\n#14 0x55d16a9ee99f <unknown>\n#15 0x55d16aa47008 <unknown>\n#16 0x55d16aa471d7 <unknown>\n#17 0x55d16aa59124 <unknown>\n#18 0x7f1e01578044 <unknown>","time":{"start":1704157787828,"stop":1704157788400,"duration":572}},{"uid":"26882eb250195ec0","reportUrl":"https://zaelcovsky.github.io/StroyremAutomation/188//#testresult/26882eb250195ec0","status":"broken","statusDetails":"selenium.common.exceptions.NoSuchElementException: Message: no such element: Unable to locate element: {\"method\":\"xpath\",\"selector\":\"(//a[@class='add-to-cart yellow-btn'])[1]\"}\n  (Session info: chrome-headless-shell=120.0.6099.109); For documentation on this error, please visit: https://www.selenium.dev/documentation/webdriver/troubleshooting/errors#no-such-element-exception\nStacktrace:\n#0 0x564b52d60f83 <unknown>\n#1 0x564b52a19cf7 <unknown>\n#2 0x564b52a6999e <unknown>\n#3 0x564b52a69aa1 <unknown>\n#4 0x564b52ab4d64 <unknown>\n#5 0x564b52a930dd <unknown>\n#6 0x564b52ab2006 <unknown>\n#7 0x564b52a92e53 <unknown>\n#8 0x564b52a5add4 <unknown>\n#9 0x564b52a5c1de <unknown>\n#10 0x564b52d25531 <unknown>\n#11 0x564b52d29455 <unknown>\n#12 0x564b52d11f55 <unknown>\n#13 0x564b52d2a0ef <unknown>\n#14 0x564b52cf599f <unknown>\n#15 0x564b52d4e008 <unknown>\n#16 0x564b52d4e1d7 <unknown>\n#17 0x564b52d60124 <unknown>\n#18 0x7f4381290044 <unknown>","time":{"start":1704071877015,"stop":1704071877622,"duration":607}},{"uid":"8afd69c617f20af0","reportUrl":"https://zaelcovsky.github.io/StroyremAutomation/187//#testresult/8afd69c617f20af0","status":"broken","statusDetails":"selenium.common.exceptions.NoSuchElementException: Message: no such element: Unable to locate element: {\"method\":\"xpath\",\"selector\":\"(//a[@class='add-to-cart yellow-btn'])[1]\"}\n  (Session info: chrome-headless-shell=120.0.6099.109); For documentation on this error, please visit: https://www.selenium.dev/documentation/webdriver/troubleshooting/errors#no-such-element-exception\nStacktrace:\n#0 0x5595ccf2bf83 <unknown>\n#1 0x5595ccbe4cf7 <unknown>\n#2 0x5595ccc3499e <unknown>\n#3 0x5595ccc34aa1 <unknown>\n#4 0x5595ccc7fd64 <unknown>\n#5 0x5595ccc5e0dd <unknown>\n#6 0x5595ccc7d006 <unknown>\n#7 0x5595ccc5de53 <unknown>\n#8 0x5595ccc25dd4 <unknown>\n#9 0x5595ccc271de <unknown>\n#10 0x5595ccef0531 <unknown>\n#11 0x5595ccef4455 <unknown>\n#12 0x5595ccedcf55 <unknown>\n#13 0x5595ccef50ef <unknown>\n#14 0x5595ccec099f <unknown>\n#15 0x5595ccf19008 <unknown>\n#16 0x5595ccf191d7 <unknown>\n#17 0x5595ccf2b124 <unknown>\n#18 0x7fea0639f044 <unknown>","time":{"start":1703985332667,"stop":1703985333001,"duration":334}},{"uid":"fcfcb093e1d924a2","reportUrl":"https://zaelcovsky.github.io/StroyremAutomation/186//#testresult/fcfcb093e1d924a2","status":"broken","statusDetails":"selenium.common.exceptions.NoSuchElementException: Message: no such element: Unable to locate element: {\"method\":\"xpath\",\"selector\":\"(//a[@class='add-to-cart yellow-btn'])[1]\"}\n  (Session info: chrome-headless-shell=120.0.6099.109); For documentation on this error, please visit: https://www.selenium.dev/documentation/webdriver/troubleshooting/errors#no-such-element-exception\nStacktrace:\n#0 0x55f232612f83 <unknown>\n#1 0x55f2322cbcf7 <unknown>\n#2 0x55f23231b99e <unknown>\n#3 0x55f23231baa1 <unknown>\n#4 0x55f232366d64 <unknown>\n#5 0x55f2323450dd <unknown>\n#6 0x55f232364006 <unknown>\n#7 0x55f232344e53 <unknown>\n#8 0x55f23230cdd4 <unknown>\n#9 0x55f23230e1de <unknown>\n#10 0x55f2325d7531 <unknown>\n#11 0x55f2325db455 <unknown>\n#12 0x55f2325c3f55 <unknown>\n#13 0x55f2325dc0ef <unknown>\n#14 0x55f2325a799f <unknown>\n#15 0x55f232600008 <unknown>\n#16 0x55f2326001d7 <unknown>\n#17 0x55f232612124 <unknown>\n#18 0x7f6487d5b044 <unknown>","time":{"start":1703898606464,"stop":1703898606912,"duration":448}},{"uid":"fba1430f9d6f53a4","reportUrl":"https://zaelcovsky.github.io/StroyremAutomation/185//#testresult/fba1430f9d6f53a4","status":"broken","statusDetails":"selenium.common.exceptions.NoSuchElementException: Message: no such element: Unable to locate element: {\"method\":\"xpath\",\"selector\":\"(//a[@class='add-to-cart yellow-btn'])[1]\"}\n  (Session info: chrome-headless-shell=120.0.6099.109); For documentation on this error, please visit: https://www.selenium.dev/documentation/webdriver/troubleshooting/errors#no-such-element-exception\nStacktrace:\n#0 0x5555bf9acf83 <unknown>\n#1 0x5555bf665cf7 <unknown>\n#2 0x5555bf6b599e <unknown>\n#3 0x5555bf6b5aa1 <unknown>\n#4 0x5555bf700d64 <unknown>\n#5 0x5555bf6df0dd <unknown>\n#6 0x5555bf6fe006 <unknown>\n#7 0x5555bf6dee53 <unknown>\n#8 0x5555bf6a6dd4 <unknown>\n#9 0x5555bf6a81de <unknown>\n#10 0x5555bf971531 <unknown>\n#11 0x5555bf975455 <unknown>\n#12 0x5555bf95df55 <unknown>\n#13 0x5555bf9760ef <unknown>\n#14 0x5555bf94199f <unknown>\n#15 0x5555bf99a008 <unknown>\n#16 0x5555bf99a1d7 <unknown>\n#17 0x5555bf9ac124 <unknown>\n#18 0x7f74769f6044 <unknown>","time":{"start":1703811623623,"stop":1703811624084,"duration":461}},{"uid":"df77db8e58112f0d","reportUrl":"https://zaelcovsky.github.io/StroyremAutomation/184//#testresult/df77db8e58112f0d","status":"broken","statusDetails":"selenium.common.exceptions.NoSuchElementException: Message: no such element: Unable to locate element: {\"method\":\"xpath\",\"selector\":\"(//a[@class='add-to-cart yellow-btn'])[1]\"}\n  (Session info: chrome-headless-shell=120.0.6099.109); For documentation on this error, please visit: https://www.selenium.dev/documentation/webdriver/troubleshooting/errors#no-such-element-exception\nStacktrace:\n#0 0x557eb81aef83 <unknown>\n#1 0x557eb7e67cf7 <unknown>\n#2 0x557eb7eb799e <unknown>\n#3 0x557eb7eb7aa1 <unknown>\n#4 0x557eb7f02d64 <unknown>\n#5 0x557eb7ee10dd <unknown>\n#6 0x557eb7f00006 <unknown>\n#7 0x557eb7ee0e53 <unknown>\n#8 0x557eb7ea8dd4 <unknown>\n#9 0x557eb7eaa1de <unknown>\n#10 0x557eb8173531 <unknown>\n#11 0x557eb8177455 <unknown>\n#12 0x557eb815ff55 <unknown>\n#13 0x557eb81780ef <unknown>\n#14 0x557eb814399f <unknown>\n#15 0x557eb819c008 <unknown>\n#16 0x557eb819c1d7 <unknown>\n#17 0x557eb81ae124 <unknown>\n#18 0x7f1221faa044 <unknown>","time":{"start":1703725751716,"stop":1703725752076,"duration":360}},{"uid":"46376c4071cb9d81","reportUrl":"https://zaelcovsky.github.io/StroyremAutomation/183//#testresult/46376c4071cb9d81","status":"broken","statusDetails":"selenium.common.exceptions.NoSuchElementException: Message: no such element: Unable to locate element: {\"method\":\"xpath\",\"selector\":\"(//a[@class='add-to-cart yellow-btn'])[1]\"}\n  (Session info: chrome-headless-shell=120.0.6099.109); For documentation on this error, please visit: https://www.selenium.dev/documentation/webdriver/troubleshooting/errors#no-such-element-exception\nStacktrace:\n#0 0x55d8e51b1f83 <unknown>\n#1 0x55d8e4e6acf7 <unknown>\n#2 0x55d8e4eba99e <unknown>\n#3 0x55d8e4ebaaa1 <unknown>\n#4 0x55d8e4f05d64 <unknown>\n#5 0x55d8e4ee40dd <unknown>\n#6 0x55d8e4f03006 <unknown>\n#7 0x55d8e4ee3e53 <unknown>\n#8 0x55d8e4eabdd4 <unknown>\n#9 0x55d8e4ead1de <unknown>\n#10 0x55d8e5176531 <unknown>\n#11 0x55d8e517a455 <unknown>\n#12 0x55d8e5162f55 <unknown>\n#13 0x55d8e517b0ef <unknown>\n#14 0x55d8e514699f <unknown>\n#15 0x55d8e519f008 <unknown>\n#16 0x55d8e519f1d7 <unknown>\n#17 0x55d8e51b1124 <unknown>\n#18 0x7fc6d6fad044 <unknown>","time":{"start":1703639432684,"stop":1703639433171,"duration":487}},{"uid":"c0aaf641bae56314","reportUrl":"https://zaelcovsky.github.io/StroyremAutomation/182//#testresult/c0aaf641bae56314","status":"broken","statusDetails":"selenium.common.exceptions.NoSuchElementException: Message: no such element: Unable to locate element: {\"method\":\"xpath\",\"selector\":\"(//a[@class='add-to-cart yellow-btn'])[1]\"}\n  (Session info: chrome-headless-shell=120.0.6099.109); For documentation on this error, please visit: https://www.selenium.dev/documentation/webdriver/troubleshooting/errors#no-such-element-exception\nStacktrace:\n#0 0x5577f91aef83 <unknown>\n#1 0x5577f8e67cf7 <unknown>\n#2 0x5577f8eb799e <unknown>\n#3 0x5577f8eb7aa1 <unknown>\n#4 0x5577f8f02d64 <unknown>\n#5 0x5577f8ee10dd <unknown>\n#6 0x5577f8f00006 <unknown>\n#7 0x5577f8ee0e53 <unknown>\n#8 0x5577f8ea8dd4 <unknown>\n#9 0x5577f8eaa1de <unknown>\n#10 0x5577f9173531 <unknown>\n#11 0x5577f9177455 <unknown>\n#12 0x5577f915ff55 <unknown>\n#13 0x5577f91780ef <unknown>\n#14 0x5577f914399f <unknown>\n#15 0x5577f919c008 <unknown>\n#16 0x5577f919c1d7 <unknown>\n#17 0x5577f91ae124 <unknown>\n#18 0x7f80a4715044 <unknown>","time":{"start":1703552922694,"stop":1703552923159,"duration":465}},{"uid":"94ef1ef6fe35566","reportUrl":"https://zaelcovsky.github.io/StroyremAutomation/181//#testresult/94ef1ef6fe35566","status":"broken","statusDetails":"selenium.common.exceptions.NoSuchElementException: Message: no such element: Unable to locate element: {\"method\":\"xpath\",\"selector\":\"(//a[@class='add-to-cart yellow-btn'])[1]\"}\n  (Session info: chrome-headless-shell=120.0.6099.109); For documentation on this error, please visit: https://www.selenium.dev/documentation/webdriver/troubleshooting/errors#no-such-element-exception\nStacktrace:\n#0 0x564474564f83 <unknown>\n#1 0x56447421dcf7 <unknown>\n#2 0x56447426d99e <unknown>\n#3 0x56447426daa1 <unknown>\n#4 0x5644742b8d64 <unknown>\n#5 0x5644742970dd <unknown>\n#6 0x5644742b6006 <unknown>\n#7 0x564474296e53 <unknown>\n#8 0x56447425edd4 <unknown>\n#9 0x5644742601de <unknown>\n#10 0x564474529531 <unknown>\n#11 0x56447452d455 <unknown>\n#12 0x564474515f55 <unknown>\n#13 0x56447452e0ef <unknown>\n#14 0x5644744f999f <unknown>\n#15 0x564474552008 <unknown>\n#16 0x5644745521d7 <unknown>\n#17 0x564474564124 <unknown>\n#18 0x7fa258768044 <unknown>","time":{"start":1703466693050,"stop":1703466693654,"duration":604}},{"uid":"5bbec9ef6ac4e107","reportUrl":"https://zaelcovsky.github.io/StroyremAutomation/180//#testresult/5bbec9ef6ac4e107","status":"broken","statusDetails":"selenium.common.exceptions.NoSuchElementException: Message: no such element: Unable to locate element: {\"method\":\"xpath\",\"selector\":\"(//a[@class='add-to-cart yellow-btn'])[1]\"}\n  (Session info: chrome-headless-shell=120.0.6099.109); For documentation on this error, please visit: https://www.selenium.dev/documentation/webdriver/troubleshooting/errors#no-such-element-exception\nStacktrace:\n#0 0x55f73f5c6f83 <unknown>\n#1 0x55f73f27fcf7 <unknown>\n#2 0x55f73f2cf99e <unknown>\n#3 0x55f73f2cfaa1 <unknown>\n#4 0x55f73f31ad64 <unknown>\n#5 0x55f73f2f90dd <unknown>\n#6 0x55f73f318006 <unknown>\n#7 0x55f73f2f8e53 <unknown>\n#8 0x55f73f2c0dd4 <unknown>\n#9 0x55f73f2c21de <unknown>\n#10 0x55f73f58b531 <unknown>\n#11 0x55f73f58f455 <unknown>\n#12 0x55f73f577f55 <unknown>\n#13 0x55f73f5900ef <unknown>\n#14 0x55f73f55b99f <unknown>\n#15 0x55f73f5b4008 <unknown>\n#16 0x55f73f5b41d7 <unknown>\n#17 0x55f73f5c6124 <unknown>\n#18 0x7f7eb466c044 <unknown>","time":{"start":1703380524695,"stop":1703380525360,"duration":665}},{"uid":"5fc4eac1fa273a52","reportUrl":"https://zaelcovsky.github.io/StroyremAutomation/179//#testresult/5fc4eac1fa273a52","status":"broken","statusDetails":"selenium.common.exceptions.NoSuchElementException: Message: no such element: Unable to locate element: {\"method\":\"xpath\",\"selector\":\"(//a[@class='add-to-cart yellow-btn'])[1]\"}\n  (Session info: chrome-headless-shell=120.0.6099.109); For documentation on this error, please visit: https://www.selenium.dev/documentation/webdriver/troubleshooting/errors#no-such-element-exception\nStacktrace:\n#0 0x5571c50d0f83 <unknown>\n#1 0x5571c4d89cf7 <unknown>\n#2 0x5571c4dd999e <unknown>\n#3 0x5571c4dd9aa1 <unknown>\n#4 0x5571c4e24d64 <unknown>\n#5 0x5571c4e030dd <unknown>\n#6 0x5571c4e22006 <unknown>\n#7 0x5571c4e02e53 <unknown>\n#8 0x5571c4dcadd4 <unknown>\n#9 0x5571c4dcc1de <unknown>\n#10 0x5571c5095531 <unknown>\n#11 0x5571c5099455 <unknown>\n#12 0x5571c5081f55 <unknown>\n#13 0x5571c509a0ef <unknown>\n#14 0x5571c506599f <unknown>\n#15 0x5571c50be008 <unknown>\n#16 0x5571c50be1d7 <unknown>\n#17 0x5571c50d0124 <unknown>\n#18 0x7f1cb33a6044 <unknown>","time":{"start":1703293754299,"stop":1703293754760,"duration":461}},{"uid":"13a1d1beeffeff","reportUrl":"https://zaelcovsky.github.io/StroyremAutomation/178//#testresult/13a1d1beeffeff","status":"broken","statusDetails":"selenium.common.exceptions.NoSuchElementException: Message: no such element: Unable to locate element: {\"method\":\"xpath\",\"selector\":\"(//a[@class='add-to-cart yellow-btn'])[1]\"}\n  (Session info: chrome-headless-shell=120.0.6099.109); For documentation on this error, please visit: https://www.selenium.dev/documentation/webdriver/troubleshooting/errors#no-such-element-exception\nStacktrace:\n#0 0x564189faef83 <unknown>\n#1 0x564189c67cf7 <unknown>\n#2 0x564189cb799e <unknown>\n#3 0x564189cb7aa1 <unknown>\n#4 0x564189d02d64 <unknown>\n#5 0x564189ce10dd <unknown>\n#6 0x564189d00006 <unknown>\n#7 0x564189ce0e53 <unknown>\n#8 0x564189ca8dd4 <unknown>\n#9 0x564189caa1de <unknown>\n#10 0x564189f73531 <unknown>\n#11 0x564189f77455 <unknown>\n#12 0x564189f5ff55 <unknown>\n#13 0x564189f780ef <unknown>\n#14 0x564189f4399f <unknown>\n#15 0x564189f9c008 <unknown>\n#16 0x564189f9c1d7 <unknown>\n#17 0x564189fae124 <unknown>\n#18 0x7f564def0044 <unknown>","time":{"start":1703207383695,"stop":1703207384018,"duration":323}},{"uid":"124d4832fa3b6dc4","reportUrl":"https://zaelcovsky.github.io/StroyremAutomation/177//#testresult/124d4832fa3b6dc4","status":"broken","statusDetails":"selenium.common.exceptions.NoSuchElementException: Message: no such element: Unable to locate element: {\"method\":\"xpath\",\"selector\":\"(//a[@class='add-to-cart yellow-btn'])[1]\"}\n  (Session info: chrome-headless-shell=120.0.6099.109); For documentation on this error, please visit: https://www.selenium.dev/documentation/webdriver/troubleshooting/errors#no-such-element-exception\nStacktrace:\n#0 0x557dc5badf83 <unknown>\n#1 0x557dc5866cf7 <unknown>\n#2 0x557dc58b699e <unknown>\n#3 0x557dc58b6aa1 <unknown>\n#4 0x557dc5901d64 <unknown>\n#5 0x557dc58e00dd <unknown>\n#6 0x557dc58ff006 <unknown>\n#7 0x557dc58dfe53 <unknown>\n#8 0x557dc58a7dd4 <unknown>\n#9 0x557dc58a91de <unknown>\n#10 0x557dc5b72531 <unknown>\n#11 0x557dc5b76455 <unknown>\n#12 0x557dc5b5ef55 <unknown>\n#13 0x557dc5b770ef <unknown>\n#14 0x557dc5b4299f <unknown>\n#15 0x557dc5b9b008 <unknown>\n#16 0x557dc5b9b1d7 <unknown>\n#17 0x557dc5bad124 <unknown>\n#18 0x7fc7cb60a044 <unknown>","time":{"start":1703120999885,"stop":1703121000329,"duration":444}},{"uid":"8d67900bd68bde1c","reportUrl":"https://zaelcovsky.github.io/StroyremAutomation/176//#testresult/8d67900bd68bde1c","status":"broken","statusDetails":"selenium.common.exceptions.NoSuchElementException: Message: no such element: Unable to locate element: {\"method\":\"xpath\",\"selector\":\"(//a[@class='add-to-cart yellow-btn'])[1]\"}\n  (Session info: chrome-headless-shell=120.0.6099.109); For documentation on this error, please visit: https://www.selenium.dev/documentation/webdriver/troubleshooting/errors#no-such-element-exception\nStacktrace:\n#0 0x55a7078b8f83 <unknown>\n#1 0x55a707571cf7 <unknown>\n#2 0x55a7075c199e <unknown>\n#3 0x55a7075c1aa1 <unknown>\n#4 0x55a70760cd64 <unknown>\n#5 0x55a7075eb0dd <unknown>\n#6 0x55a70760a006 <unknown>\n#7 0x55a7075eae53 <unknown>\n#8 0x55a7075b2dd4 <unknown>\n#9 0x55a7075b41de <unknown>\n#10 0x55a70787d531 <unknown>\n#11 0x55a707881455 <unknown>\n#12 0x55a707869f55 <unknown>\n#13 0x55a7078820ef <unknown>\n#14 0x55a70784d99f <unknown>\n#15 0x55a7078a6008 <unknown>\n#16 0x55a7078a61d7 <unknown>\n#17 0x55a7078b8124 <unknown>\n#18 0x7f5528e8a044 <unknown>","time":{"start":1703034012525,"stop":1703034012893,"duration":368}},{"uid":"1c41d253d2e71fa8","reportUrl":"https://zaelcovsky.github.io/StroyremAutomation/175//#testresult/1c41d253d2e71fa8","status":"broken","statusDetails":"selenium.common.exceptions.NoSuchElementException: Message: no such element: Unable to locate element: {\"method\":\"xpath\",\"selector\":\"(//a[@class='add-to-cart yellow-btn'])[1]\"}\n  (Session info: chrome-headless-shell=120.0.6099.109); For documentation on this error, please visit: https://www.selenium.dev/documentation/webdriver/troubleshooting/errors#no-such-element-exception\nStacktrace:\n#0 0x556d45cb2f83 <unknown>\n#1 0x556d4596bcf7 <unknown>\n#2 0x556d459bb99e <unknown>\n#3 0x556d459bbaa1 <unknown>\n#4 0x556d45a06d64 <unknown>\n#5 0x556d459e50dd <unknown>\n#6 0x556d45a04006 <unknown>\n#7 0x556d459e4e53 <unknown>\n#8 0x556d459acdd4 <unknown>\n#9 0x556d459ae1de <unknown>\n#10 0x556d45c77531 <unknown>\n#11 0x556d45c7b455 <unknown>\n#12 0x556d45c63f55 <unknown>\n#13 0x556d45c7c0ef <unknown>\n#14 0x556d45c4799f <unknown>\n#15 0x556d45ca0008 <unknown>\n#16 0x556d45ca01d7 <unknown>\n#17 0x556d45cb2124 <unknown>\n#18 0x7f2348585044 <unknown>","time":{"start":1702948274792,"stop":1702948275119,"duration":327}},{"uid":"847fae61478a0f66","reportUrl":"https://zaelcovsky.github.io/StroyremAutomation/174//#testresult/847fae61478a0f66","status":"broken","statusDetails":"selenium.common.exceptions.NoSuchElementException: Message: no such element: Unable to locate element: {\"method\":\"xpath\",\"selector\":\"(//a[@class='add-to-cart yellow-btn'])[1]\"}\n  (Session info: chrome-headless-shell=120.0.6099.71); For documentation on this error, please visit: https://www.selenium.dev/documentation/webdriver/troubleshooting/errors#no-such-element-exception\nStacktrace:\n#0 0x55aa2806cd33 <unknown>\n#1 0x55aa27d29f87 <unknown>\n#2 0x55aa27d79c0e <unknown>\n#3 0x55aa27d79d11 <unknown>\n#4 0x55aa27dc5004 <unknown>\n#5 0x55aa27da336d <unknown>\n#6 0x55aa27dc2297 <unknown>\n#7 0x55aa27da30e3 <unknown>\n#8 0x55aa27d6b044 <unknown>\n#9 0x55aa27d6c44e <unknown>\n#10 0x55aa28031861 <unknown>\n#11 0x55aa28035785 <unknown>\n#12 0x55aa2801f285 <unknown>\n#13 0x55aa2803641f <unknown>\n#14 0x55aa2800320f <unknown>\n#15 0x55aa2805a028 <unknown>\n#16 0x55aa2805a1f7 <unknown>\n#17 0x55aa2806bed4 <unknown>\n#18 0x7f7c4cea1044 <unknown>","time":{"start":1702861964731,"stop":1702861965196,"duration":465}},{"uid":"6a170bb67730889b","reportUrl":"https://zaelcovsky.github.io/StroyremAutomation/173//#testresult/6a170bb67730889b","status":"broken","statusDetails":"selenium.common.exceptions.NoSuchElementException: Message: no such element: Unable to locate element: {\"method\":\"xpath\",\"selector\":\"(//a[@class='add-to-cart yellow-btn'])[1]\"}\n  (Session info: chrome-headless-shell=120.0.6099.71); For documentation on this error, please visit: https://www.selenium.dev/documentation/webdriver/troubleshooting/errors#no-such-element-exception\nStacktrace:\n#0 0x564cdc26ed33 <unknown>\n#1 0x564cdbf2bf87 <unknown>\n#2 0x564cdbf7bc0e <unknown>\n#3 0x564cdbf7bd11 <unknown>\n#4 0x564cdbfc7004 <unknown>\n#5 0x564cdbfa536d <unknown>\n#6 0x564cdbfc4297 <unknown>\n#7 0x564cdbfa50e3 <unknown>\n#8 0x564cdbf6d044 <unknown>\n#9 0x564cdbf6e44e <unknown>\n#10 0x564cdc233861 <unknown>\n#11 0x564cdc237785 <unknown>\n#12 0x564cdc221285 <unknown>\n#13 0x564cdc23841f <unknown>\n#14 0x564cdc20520f <unknown>\n#15 0x564cdc25c028 <unknown>\n#16 0x564cdc25c1f7 <unknown>\n#17 0x564cdc26ded4 <unknown>\n#18 0x7f162705e044 <unknown>","time":{"start":1702775771600,"stop":1702775771948,"duration":348}},{"uid":"31dd8a06e85f5dbb","reportUrl":"https://zaelcovsky.github.io/StroyremAutomation/172//#testresult/31dd8a06e85f5dbb","status":"broken","statusDetails":"selenium.common.exceptions.NoSuchElementException: Message: no such element: Unable to locate element: {\"method\":\"xpath\",\"selector\":\"(//a[@class='add-to-cart yellow-btn'])[1]\"}\n  (Session info: chrome-headless-shell=120.0.6099.71); For documentation on this error, please visit: https://www.selenium.dev/documentation/webdriver/troubleshooting/errors#no-such-element-exception\nStacktrace:\n#0 0x55a0d00fdd33 <unknown>\n#1 0x55a0cfdbaf87 <unknown>\n#2 0x55a0cfe0ac0e <unknown>\n#3 0x55a0cfe0ad11 <unknown>\n#4 0x55a0cfe56004 <unknown>\n#5 0x55a0cfe3436d <unknown>\n#6 0x55a0cfe53297 <unknown>\n#7 0x55a0cfe340e3 <unknown>\n#8 0x55a0cfdfc044 <unknown>\n#9 0x55a0cfdfd44e <unknown>\n#10 0x55a0d00c2861 <unknown>\n#11 0x55a0d00c6785 <unknown>\n#12 0x55a0d00b0285 <unknown>\n#13 0x55a0d00c741f <unknown>\n#14 0x55a0d009420f <unknown>\n#15 0x55a0d00eb028 <unknown>\n#16 0x55a0d00eb1f7 <unknown>\n#17 0x55a0d00fced4 <unknown>\n#18 0x7fd8df376044 <unknown>","time":{"start":1702689048310,"stop":1702689048646,"duration":336}}]},"tags":["smoke"]},"source":"f42313c20456e291.json","parameterValues":["3320","13","'TD 017'","2390","'products/shtukaturka-gipsovaya-aksolit-m50-30-kg-mashinnogo-naneseniya'","650","'https://sandboxtest.stroyrem-nn.ru/'","400"]}