{"uid":"1e9322ef92eb391e","name":"TC 005 - Функционал блока 'Советы от профессионалов ремонта'","fullName":"tests.test_main_page.TestMainPage#test_positive_building_advices2_smoke","historyId":"bdee61a288025e17b192e643677456fc","time":{"start":1710378112420,"stop":1710378112433,"duration":13},"status":"broken","statusMessage":"selenium.common.exceptions.NoSuchElementException: Message: no such element: Unable to locate element: {\"method\":\"xpath\",\"selector\":\"//div[@class='page-block articles-block']\"}\n  (Session info: chrome-headless-shell=122.0.6261.128); For documentation on this error, please visit: https://www.selenium.dev/documentation/webdriver/troubleshooting/errors#no-such-element-exception\nStacktrace:\n#0 0x632dda470f33 <unknown>\n#1 0x632dda168ce6 <unknown>\n#2 0x632dda1b3e48 <unknown>\n#3 0x632dda1b3f01 <unknown>\n#4 0x632dda1f73f4 <unknown>\n#5 0x632dda1d5edd <unknown>\n#6 0x632dda1f4899 <unknown>\n#7 0x632dda1d5c53 <unknown>\n#8 0x632dda1a6db3 <unknown>\n#9 0x632dda1a777e <unknown>\n#10 0x632dda43686b <unknown>\n#11 0x632dda43a885 <unknown>\n#12 0x632dda424181 <unknown>\n#13 0x632dda43b412 <unknown>\n#14 0x632dda40825f <unknown>\n#15 0x632dda45f528 <unknown>\n#16 0x632dda45f723 <unknown>\n#17 0x632dda4700e4 <unknown>\n#18 0x7e92ad489134 <unknown>","statusTrace":"self = <tests.test_main_page.TestMainPage object at 0x794e7f2ed4d0>\nmain_page = <pages.main_page.MainPage object at 0x794e7dca97d0>\n\n    @allure.title(\"TC 005 - Функционал блока 'Советы от профессионалов ремонта'\")\n    @pytest.mark.smoke_test\n    def test_positive_building_advices2_smoke(self, main_page):\n>       items = main_page.get_building_advices_section()\n\ntests/test_main_page.py:55: \n_ _ _ _ _ _ _ _ _ _ _ _ _ _ _ _ _ _ _ _ _ _ _ _ _ _ _ _ _ _ _ _ _ _ _ _ _ _ _ _ \npages/main_page.py:78: in get_building_advices_section\n    section = self.driver.find_element(*self._building_advices_section)\n/usr/local/lib/python3.11/site-packages/selenium/webdriver/remote/webdriver.py:740: in find_element\n    return self.execute(Command.FIND_ELEMENT, {\"using\": by, \"value\": value})[\"value\"]\n/usr/local/lib/python3.11/site-packages/selenium/webdriver/remote/webdriver.py:346: in execute\n    self.error_handler.check_response(response)\n_ _ _ _ _ _ _ _ _ _ _ _ _ _ _ _ _ _ _ _ _ _ _ _ _ _ _ _ _ _ _ _ _ _ _ _ _ _ _ _ \n\nself = <selenium.webdriver.remote.errorhandler.ErrorHandler object at 0x794e7ee1b550>\nresponse = {'status': 404, 'value': '{\"value\":{\"error\":\"no such element\",\"message\":\"no such element: Unable to locate element: {\\...\\\\n#16 0x632dda45f723 \\\\u003Cunknown>\\\\n#17 0x632dda4700e4 \\\\u003Cunknown>\\\\n#18 0x7e92ad489134 \\\\u003Cunknown>\\\\n\"}}'}\n\n    def check_response(self, response: Dict[str, Any]) -> None:\n        \"\"\"Checks that a JSON response from the WebDriver does not have an\n        error.\n    \n        :Args:\n         - response - The JSON response from the WebDriver server as a dictionary\n           object.\n    \n        :Raises: If the response contains an error message.\n        \"\"\"\n        status = response.get(\"status\", None)\n        if not status or status == ErrorCode.SUCCESS:\n            return\n        value = None\n        message = response.get(\"message\", \"\")\n        screen: str = response.get(\"screen\", \"\")\n        stacktrace = None\n        if isinstance(status, int):\n            value_json = response.get(\"value\", None)\n            if value_json and isinstance(value_json, str):\n                import json\n    \n                try:\n                    value = json.loads(value_json)\n                    if len(value) == 1:\n                        value = value[\"value\"]\n                    status = value.get(\"error\", None)\n                    if not status:\n                        status = value.get(\"status\", ErrorCode.UNKNOWN_ERROR)\n                        message = value.get(\"value\") or value.get(\"message\")\n                        if not isinstance(message, str):\n                            value = message\n                            message = message.get(\"message\")\n                    else:\n                        message = value.get(\"message\", None)\n                except ValueError:\n                    pass\n    \n        exception_class: Type[WebDriverException]\n        if status in ErrorCode.NO_SUCH_ELEMENT:\n            exception_class = NoSuchElementException\n        elif status in ErrorCode.NO_SUCH_FRAME:\n            exception_class = NoSuchFrameException\n        elif status in ErrorCode.NO_SUCH_SHADOW_ROOT:\n            exception_class = NoSuchShadowRootException\n        elif status in ErrorCode.NO_SUCH_WINDOW:\n            exception_class = NoSuchWindowException\n        elif status in ErrorCode.STALE_ELEMENT_REFERENCE:\n            exception_class = StaleElementReferenceException\n        elif status in ErrorCode.ELEMENT_NOT_VISIBLE:\n            exception_class = ElementNotVisibleException\n        elif status in ErrorCode.INVALID_ELEMENT_STATE:\n            exception_class = InvalidElementStateException\n        elif (\n            status in ErrorCode.INVALID_SELECTOR\n            or status in ErrorCode.INVALID_XPATH_SELECTOR\n            or status in ErrorCode.INVALID_XPATH_SELECTOR_RETURN_TYPER\n        ):\n            exception_class = InvalidSelectorException\n        elif status in ErrorCode.ELEMENT_IS_NOT_SELECTABLE:\n            exception_class = ElementNotSelectableException\n        elif status in ErrorCode.ELEMENT_NOT_INTERACTABLE:\n            exception_class = ElementNotInteractableException\n        elif status in ErrorCode.INVALID_COOKIE_DOMAIN:\n            exception_class = InvalidCookieDomainException\n        elif status in ErrorCode.UNABLE_TO_SET_COOKIE:\n            exception_class = UnableToSetCookieException\n        elif status in ErrorCode.TIMEOUT:\n            exception_class = TimeoutException\n        elif status in ErrorCode.SCRIPT_TIMEOUT:\n            exception_class = TimeoutException\n        elif status in ErrorCode.UNKNOWN_ERROR:\n            exception_class = WebDriverException\n        elif status in ErrorCode.UNEXPECTED_ALERT_OPEN:\n            exception_class = UnexpectedAlertPresentException\n        elif status in ErrorCode.NO_ALERT_OPEN:\n            exception_class = NoAlertPresentException\n        elif status in ErrorCode.IME_NOT_AVAILABLE:\n            exception_class = ImeNotAvailableException\n        elif status in ErrorCode.IME_ENGINE_ACTIVATION_FAILED:\n            exception_class = ImeActivationFailedException\n        elif status in ErrorCode.MOVE_TARGET_OUT_OF_BOUNDS:\n            exception_class = MoveTargetOutOfBoundsException\n        elif status in ErrorCode.JAVASCRIPT_ERROR:\n            exception_class = JavascriptException\n        elif status in ErrorCode.SESSION_NOT_CREATED:\n            exception_class = SessionNotCreatedException\n        elif status in ErrorCode.INVALID_ARGUMENT:\n            exception_class = InvalidArgumentException\n        elif status in ErrorCode.NO_SUCH_COOKIE:\n            exception_class = NoSuchCookieException\n        elif status in ErrorCode.UNABLE_TO_CAPTURE_SCREEN:\n            exception_class = ScreenshotException\n        elif status in ErrorCode.ELEMENT_CLICK_INTERCEPTED:\n            exception_class = ElementClickInterceptedException\n        elif status in ErrorCode.INSECURE_CERTIFICATE:\n            exception_class = InsecureCertificateException\n        elif status in ErrorCode.INVALID_COORDINATES:\n            exception_class = InvalidCoordinatesException\n        elif status in ErrorCode.INVALID_SESSION_ID:\n            exception_class = InvalidSessionIdException\n        elif status in ErrorCode.UNKNOWN_METHOD:\n            exception_class = UnknownMethodException\n        else:\n            exception_class = WebDriverException\n        if not value:\n            value = response[\"value\"]\n        if isinstance(value, str):\n            raise exception_class(value)\n        if message == \"\" and \"message\" in value:\n            message = value[\"message\"]\n    \n        screen = None  # type: ignore[assignment]\n        if \"screen\" in value:\n            screen = value[\"screen\"]\n    \n        stacktrace = None\n        st_value = value.get(\"stackTrace\") or value.get(\"stacktrace\")\n        if st_value:\n            if isinstance(st_value, str):\n                stacktrace = st_value.split(\"\\n\")\n            else:\n                stacktrace = []\n                try:\n                    for frame in st_value:\n                        line = frame.get(\"lineNumber\", \"\")\n                        file = frame.get(\"fileName\", \"<anonymous>\")\n                        if line:\n                            file = f\"{file}:{line}\"\n                        meth = frame.get(\"methodName\", \"<anonymous>\")\n                        if \"className\" in frame:\n                            meth = f\"{frame['className']}.{meth}\"\n                        msg = \"    at %s (%s)\"\n                        msg = msg % (meth, file)\n                        stacktrace.append(msg)\n                except TypeError:\n                    pass\n        if exception_class == UnexpectedAlertPresentException:\n            alert_text = None\n            if \"data\" in value:\n                alert_text = value[\"data\"].get(\"text\")\n            elif \"alert\" in value:\n                alert_text = value[\"alert\"].get(\"text\")\n            raise exception_class(message, screen, stacktrace, alert_text)  # type: ignore[call-arg]  # mypy is not smart enough here\n>       raise exception_class(message, screen, stacktrace)\nE       selenium.common.exceptions.NoSuchElementException: Message: no such element: Unable to locate element: {\"method\":\"xpath\",\"selector\":\"//div[@class='page-block articles-block']\"}\nE         (Session info: chrome-headless-shell=122.0.6261.128); For documentation on this error, please visit: https://www.selenium.dev/documentation/webdriver/troubleshooting/errors#no-such-element-exception\nE       Stacktrace:\nE       #0 0x632dda470f33 <unknown>\nE       #1 0x632dda168ce6 <unknown>\nE       #2 0x632dda1b3e48 <unknown>\nE       #3 0x632dda1b3f01 <unknown>\nE       #4 0x632dda1f73f4 <unknown>\nE       #5 0x632dda1d5edd <unknown>\nE       #6 0x632dda1f4899 <unknown>\nE       #7 0x632dda1d5c53 <unknown>\nE       #8 0x632dda1a6db3 <unknown>\nE       #9 0x632dda1a777e <unknown>\nE       #10 0x632dda43686b <unknown>\nE       #11 0x632dda43a885 <unknown>\nE       #12 0x632dda424181 <unknown>\nE       #13 0x632dda43b412 <unknown>\nE       #14 0x632dda40825f <unknown>\nE       #15 0x632dda45f528 <unknown>\nE       #16 0x632dda45f723 <unknown>\nE       #17 0x632dda4700e4 <unknown>\nE       #18 0x7e92ad489134 <unknown>\n\n/usr/local/lib/python3.11/site-packages/selenium/webdriver/remote/errorhandler.py:245: NoSuchElementException","flaky":false,"newFailed":false,"newBroken":false,"newPassed":false,"retriesCount":0,"retriesStatusChange":false,"beforeStages":[{"name":"_session_faker","time":{"start":1710378017027,"stop":1710378017095,"duration":68},"status":"passed","steps":[],"attachments":[],"parameters":[],"shouldDisplayMessage":false,"stepsCount":0,"attachmentsCount":0,"hasContent":false,"attachmentStep":false},{"name":"clear_allure_results_folder","time":{"start":1710378017095,"stop":1710378017095,"duration":0},"status":"passed","steps":[],"attachments":[],"parameters":[],"shouldDisplayMessage":false,"stepsCount":0,"attachmentsCount":0,"hasContent":false,"attachmentStep":false},{"name":"driver","time":{"start":1710378110728,"stop":1710378111466,"duration":738},"status":"passed","steps":[],"attachments":[],"parameters":[],"shouldDisplayMessage":false,"stepsCount":0,"attachmentsCount":0,"hasContent":false,"attachmentStep":false},{"name":"setup","time":{"start":1710378111466,"stop":1710378111466,"duration":0},"status":"passed","steps":[],"attachments":[],"parameters":[],"shouldDisplayMessage":false,"stepsCount":0,"attachmentsCount":0,"hasContent":false,"attachmentStep":false},{"name":"main_page","time":{"start":1710378111466,"stop":1710378112419,"duration":953},"status":"passed","steps":[],"attachments":[],"parameters":[],"shouldDisplayMessage":false,"stepsCount":0,"attachmentsCount":0,"hasContent":false,"attachmentStep":false}],"testStage":{"status":"broken","statusMessage":"selenium.common.exceptions.NoSuchElementException: Message: no such element: Unable to locate element: {\"method\":\"xpath\",\"selector\":\"//div[@class='page-block articles-block']\"}\n  (Session info: chrome-headless-shell=122.0.6261.128); For documentation on this error, please visit: https://www.selenium.dev/documentation/webdriver/troubleshooting/errors#no-such-element-exception\nStacktrace:\n#0 0x632dda470f33 <unknown>\n#1 0x632dda168ce6 <unknown>\n#2 0x632dda1b3e48 <unknown>\n#3 0x632dda1b3f01 <unknown>\n#4 0x632dda1f73f4 <unknown>\n#5 0x632dda1d5edd <unknown>\n#6 0x632dda1f4899 <unknown>\n#7 0x632dda1d5c53 <unknown>\n#8 0x632dda1a6db3 <unknown>\n#9 0x632dda1a777e <unknown>\n#10 0x632dda43686b <unknown>\n#11 0x632dda43a885 <unknown>\n#12 0x632dda424181 <unknown>\n#13 0x632dda43b412 <unknown>\n#14 0x632dda40825f <unknown>\n#15 0x632dda45f528 <unknown>\n#16 0x632dda45f723 <unknown>\n#17 0x632dda4700e4 <unknown>\n#18 0x7e92ad489134 <unknown>","statusTrace":"self = <tests.test_main_page.TestMainPage object at 0x794e7f2ed4d0>\nmain_page = <pages.main_page.MainPage object at 0x794e7dca97d0>\n\n    @allure.title(\"TC 005 - Функционал блока 'Советы от профессионалов ремонта'\")\n    @pytest.mark.smoke_test\n    def test_positive_building_advices2_smoke(self, main_page):\n>       items = main_page.get_building_advices_section()\n\ntests/test_main_page.py:55: \n_ _ _ _ _ _ _ _ _ _ _ _ _ _ _ _ _ _ _ _ _ _ _ _ _ _ _ _ _ _ _ _ _ _ _ _ _ _ _ _ \npages/main_page.py:78: in get_building_advices_section\n    section = self.driver.find_element(*self._building_advices_section)\n/usr/local/lib/python3.11/site-packages/selenium/webdriver/remote/webdriver.py:740: in find_element\n    return self.execute(Command.FIND_ELEMENT, {\"using\": by, \"value\": value})[\"value\"]\n/usr/local/lib/python3.11/site-packages/selenium/webdriver/remote/webdriver.py:346: in execute\n    self.error_handler.check_response(response)\n_ _ _ _ _ _ _ _ _ _ _ _ _ _ _ _ _ _ _ _ _ _ _ _ _ _ _ _ _ _ _ _ _ _ _ _ _ _ _ _ \n\nself = <selenium.webdriver.remote.errorhandler.ErrorHandler object at 0x794e7ee1b550>\nresponse = {'status': 404, 'value': '{\"value\":{\"error\":\"no such element\",\"message\":\"no such element: Unable to locate element: {\\...\\\\n#16 0x632dda45f723 \\\\u003Cunknown>\\\\n#17 0x632dda4700e4 \\\\u003Cunknown>\\\\n#18 0x7e92ad489134 \\\\u003Cunknown>\\\\n\"}}'}\n\n    def check_response(self, response: Dict[str, Any]) -> None:\n        \"\"\"Checks that a JSON response from the WebDriver does not have an\n        error.\n    \n        :Args:\n         - response - The JSON response from the WebDriver server as a dictionary\n           object.\n    \n        :Raises: If the response contains an error message.\n        \"\"\"\n        status = response.get(\"status\", None)\n        if not status or status == ErrorCode.SUCCESS:\n            return\n        value = None\n        message = response.get(\"message\", \"\")\n        screen: str = response.get(\"screen\", \"\")\n        stacktrace = None\n        if isinstance(status, int):\n            value_json = response.get(\"value\", None)\n            if value_json and isinstance(value_json, str):\n                import json\n    \n                try:\n                    value = json.loads(value_json)\n                    if len(value) == 1:\n                        value = value[\"value\"]\n                    status = value.get(\"error\", None)\n                    if not status:\n                        status = value.get(\"status\", ErrorCode.UNKNOWN_ERROR)\n                        message = value.get(\"value\") or value.get(\"message\")\n                        if not isinstance(message, str):\n                            value = message\n                            message = message.get(\"message\")\n                    else:\n                        message = value.get(\"message\", None)\n                except ValueError:\n                    pass\n    \n        exception_class: Type[WebDriverException]\n        if status in ErrorCode.NO_SUCH_ELEMENT:\n            exception_class = NoSuchElementException\n        elif status in ErrorCode.NO_SUCH_FRAME:\n            exception_class = NoSuchFrameException\n        elif status in ErrorCode.NO_SUCH_SHADOW_ROOT:\n            exception_class = NoSuchShadowRootException\n        elif status in ErrorCode.NO_SUCH_WINDOW:\n            exception_class = NoSuchWindowException\n        elif status in ErrorCode.STALE_ELEMENT_REFERENCE:\n            exception_class = StaleElementReferenceException\n        elif status in ErrorCode.ELEMENT_NOT_VISIBLE:\n            exception_class = ElementNotVisibleException\n        elif status in ErrorCode.INVALID_ELEMENT_STATE:\n            exception_class = InvalidElementStateException\n        elif (\n            status in ErrorCode.INVALID_SELECTOR\n            or status in ErrorCode.INVALID_XPATH_SELECTOR\n            or status in ErrorCode.INVALID_XPATH_SELECTOR_RETURN_TYPER\n        ):\n            exception_class = InvalidSelectorException\n        elif status in ErrorCode.ELEMENT_IS_NOT_SELECTABLE:\n            exception_class = ElementNotSelectableException\n        elif status in ErrorCode.ELEMENT_NOT_INTERACTABLE:\n            exception_class = ElementNotInteractableException\n        elif status in ErrorCode.INVALID_COOKIE_DOMAIN:\n            exception_class = InvalidCookieDomainException\n        elif status in ErrorCode.UNABLE_TO_SET_COOKIE:\n            exception_class = UnableToSetCookieException\n        elif status in ErrorCode.TIMEOUT:\n            exception_class = TimeoutException\n        elif status in ErrorCode.SCRIPT_TIMEOUT:\n            exception_class = TimeoutException\n        elif status in ErrorCode.UNKNOWN_ERROR:\n            exception_class = WebDriverException\n        elif status in ErrorCode.UNEXPECTED_ALERT_OPEN:\n            exception_class = UnexpectedAlertPresentException\n        elif status in ErrorCode.NO_ALERT_OPEN:\n            exception_class = NoAlertPresentException\n        elif status in ErrorCode.IME_NOT_AVAILABLE:\n            exception_class = ImeNotAvailableException\n        elif status in ErrorCode.IME_ENGINE_ACTIVATION_FAILED:\n            exception_class = ImeActivationFailedException\n        elif status in ErrorCode.MOVE_TARGET_OUT_OF_BOUNDS:\n            exception_class = MoveTargetOutOfBoundsException\n        elif status in ErrorCode.JAVASCRIPT_ERROR:\n            exception_class = JavascriptException\n        elif status in ErrorCode.SESSION_NOT_CREATED:\n            exception_class = SessionNotCreatedException\n        elif status in ErrorCode.INVALID_ARGUMENT:\n            exception_class = InvalidArgumentException\n        elif status in ErrorCode.NO_SUCH_COOKIE:\n            exception_class = NoSuchCookieException\n        elif status in ErrorCode.UNABLE_TO_CAPTURE_SCREEN:\n            exception_class = ScreenshotException\n        elif status in ErrorCode.ELEMENT_CLICK_INTERCEPTED:\n            exception_class = ElementClickInterceptedException\n        elif status in ErrorCode.INSECURE_CERTIFICATE:\n            exception_class = InsecureCertificateException\n        elif status in ErrorCode.INVALID_COORDINATES:\n            exception_class = InvalidCoordinatesException\n        elif status in ErrorCode.INVALID_SESSION_ID:\n            exception_class = InvalidSessionIdException\n        elif status in ErrorCode.UNKNOWN_METHOD:\n            exception_class = UnknownMethodException\n        else:\n            exception_class = WebDriverException\n        if not value:\n            value = response[\"value\"]\n        if isinstance(value, str):\n            raise exception_class(value)\n        if message == \"\" and \"message\" in value:\n            message = value[\"message\"]\n    \n        screen = None  # type: ignore[assignment]\n        if \"screen\" in value:\n            screen = value[\"screen\"]\n    \n        stacktrace = None\n        st_value = value.get(\"stackTrace\") or value.get(\"stacktrace\")\n        if st_value:\n            if isinstance(st_value, str):\n                stacktrace = st_value.split(\"\\n\")\n            else:\n                stacktrace = []\n                try:\n                    for frame in st_value:\n                        line = frame.get(\"lineNumber\", \"\")\n                        file = frame.get(\"fileName\", \"<anonymous>\")\n                        if line:\n                            file = f\"{file}:{line}\"\n                        meth = frame.get(\"methodName\", \"<anonymous>\")\n                        if \"className\" in frame:\n                            meth = f\"{frame['className']}.{meth}\"\n                        msg = \"    at %s (%s)\"\n                        msg = msg % (meth, file)\n                        stacktrace.append(msg)\n                except TypeError:\n                    pass\n        if exception_class == UnexpectedAlertPresentException:\n            alert_text = None\n            if \"data\" in value:\n                alert_text = value[\"data\"].get(\"text\")\n            elif \"alert\" in value:\n                alert_text = value[\"alert\"].get(\"text\")\n            raise exception_class(message, screen, stacktrace, alert_text)  # type: ignore[call-arg]  # mypy is not smart enough here\n>       raise exception_class(message, screen, stacktrace)\nE       selenium.common.exceptions.NoSuchElementException: Message: no such element: Unable to locate element: {\"method\":\"xpath\",\"selector\":\"//div[@class='page-block articles-block']\"}\nE         (Session info: chrome-headless-shell=122.0.6261.128); For documentation on this error, please visit: https://www.selenium.dev/documentation/webdriver/troubleshooting/errors#no-such-element-exception\nE       Stacktrace:\nE       #0 0x632dda470f33 <unknown>\nE       #1 0x632dda168ce6 <unknown>\nE       #2 0x632dda1b3e48 <unknown>\nE       #3 0x632dda1b3f01 <unknown>\nE       #4 0x632dda1f73f4 <unknown>\nE       #5 0x632dda1d5edd <unknown>\nE       #6 0x632dda1f4899 <unknown>\nE       #7 0x632dda1d5c53 <unknown>\nE       #8 0x632dda1a6db3 <unknown>\nE       #9 0x632dda1a777e <unknown>\nE       #10 0x632dda43686b <unknown>\nE       #11 0x632dda43a885 <unknown>\nE       #12 0x632dda424181 <unknown>\nE       #13 0x632dda43b412 <unknown>\nE       #14 0x632dda40825f <unknown>\nE       #15 0x632dda45f528 <unknown>\nE       #16 0x632dda45f723 <unknown>\nE       #17 0x632dda4700e4 <unknown>\nE       #18 0x7e92ad489134 <unknown>\n\n/usr/local/lib/python3.11/site-packages/selenium/webdriver/remote/errorhandler.py:245: NoSuchElementException","steps":[{"name":"Проверка функциональности блока 'Советы от профессионалов ремонта'","time":{"start":1710378112420,"stop":1710378112433,"duration":13},"status":"broken","statusMessage":"selenium.common.exceptions.NoSuchElementException: Message: no such element: Unable to locate element: {\"method\":\"xpath\",\"selector\":\"//div[@class='page-block articles-block']\"}\n  (Session info: chrome-headless-shell=122.0.6261.128); For documentation on this error, please visit: https://www.selenium.dev/documentation/webdriver/troubleshooting/errors#no-such-element-exception\nStacktrace:\n#0 0x632dda470f33 <unknown>\n#1 0x632dda168ce6 <unknown>\n#2 0x632dda1b3e48 <unknown>\n#3 0x632dda1b3f01 <unknown>\n#4 0x632dda1f73f4 <unknown>\n#5 0x632dda1d5edd <unknown>\n#6 0x632dda1f4899 <unknown>\n#7 0x632dda1d5c53 <unknown>\n#8 0x632dda1a6db3 <unknown>\n#9 0x632dda1a777e <unknown>\n#10 0x632dda43686b <unknown>\n#11 0x632dda43a885 <unknown>\n#12 0x632dda424181 <unknown>\n#13 0x632dda43b412 <unknown>\n#14 0x632dda40825f <unknown>\n#15 0x632dda45f528 <unknown>\n#16 0x632dda45f723 <unknown>\n#17 0x632dda4700e4 <unknown>\n#18 0x7e92ad489134 <unknown>\n\n","statusTrace":"  File \"/usr/local/lib/python3.11/site-packages/allure_commons/_allure.py\", line 192, in impl\n    return func(*a, **kw)\n           ^^^^^^^^^^^^^^\n  File \"/app/pages/main_page.py\", line 78, in get_building_advices_section\n    section = self.driver.find_element(*self._building_advices_section)\n              ^^^^^^^^^^^^^^^^^^^^^^^^^^^^^^^^^^^^^^^^^^^^^^^^^^^^^^^^^\n  File \"/usr/local/lib/python3.11/site-packages/selenium/webdriver/remote/webdriver.py\", line 740, in find_element\n    return self.execute(Command.FIND_ELEMENT, {\"using\": by, \"value\": value})[\"value\"]\n           ^^^^^^^^^^^^^^^^^^^^^^^^^^^^^^^^^^^^^^^^^^^^^^^^^^^^^^^^^^^^^^^^^\n  File \"/usr/local/lib/python3.11/site-packages/selenium/webdriver/remote/webdriver.py\", line 346, in execute\n    self.error_handler.check_response(response)\n  File \"/usr/local/lib/python3.11/site-packages/selenium/webdriver/remote/errorhandler.py\", line 245, in check_response\n    raise exception_class(message, screen, stacktrace)\n","steps":[],"attachments":[],"parameters":[],"shouldDisplayMessage":true,"stepsCount":0,"attachmentsCount":0,"hasContent":true,"attachmentStep":false}],"attachments":[{"uid":"ead9b899e0751918","name":"Screenshot","source":"ead9b899e0751918.png","type":"image/png","size":39106},{"uid":"d8961598ef4db35d","name":"HTML source","source":"d8961598ef4db35d.html","type":"text/html","size":538}],"parameters":[],"shouldDisplayMessage":true,"stepsCount":1,"attachmentsCount":2,"hasContent":true,"attachmentStep":false},"afterStages":[{"name":"setup::0","time":{"start":1710378112533,"stop":1710378112533,"duration":0},"status":"passed","steps":[],"attachments":[],"parameters":[],"shouldDisplayMessage":false,"stepsCount":0,"attachmentsCount":0,"hasContent":false,"attachmentStep":false},{"name":"driver::0","time":{"start":1710378112533,"stop":1710378112590,"duration":57},"status":"passed","steps":[],"attachments":[],"parameters":[],"shouldDisplayMessage":false,"stepsCount":0,"attachmentsCount":0,"hasContent":false,"attachmentStep":false}],"labels":[{"name":"epic","value":"Main Page"},{"name":"tag","value":"smoke_test"},{"name":"parentSuite","value":"tests"},{"name":"suite","value":"test_main_page"},{"name":"subSuite","value":"TestMainPage"},{"name":"host","value":"c722dd9c5e8e"},{"name":"thread","value":"1-MainThread"},{"name":"framework","value":"pytest"},{"name":"language","value":"cpython3"},{"name":"package","value":"tests.test_main_page"},{"name":"resultFormat","value":"allure2"}],"parameters":[{"name":"url","value":"'https://test2.stroyrem-nn.ru/'"}],"links":[],"hidden":false,"retry":false,"extra":{"severity":"normal","retries":[],"categories":[{"name":"Test defects","matchedStatuses":[],"flaky":false}],"history":{"statistic":{"failed":0,"broken":182,"skipped":0,"passed":36,"unknown":0,"total":218},"items":[{"uid":"d6c05726c8ce32b1","reportUrl":"https://zaelcovsky.github.io/StroyremAutomation/260//#testresult/d6c05726c8ce32b1","status":"broken","statusDetails":"selenium.common.exceptions.NoSuchElementException: Message: no such element: Unable to locate element: {\"method\":\"xpath\",\"selector\":\"//div[@class='page-block articles-block']\"}\n  (Session info: chrome-headless-shell=122.0.6261.128); For documentation on this error, please visit: https://www.selenium.dev/documentation/webdriver/troubleshooting/errors#no-such-element-exception\nStacktrace:\n#0 0x561a2b1dcf33 <unknown>\n#1 0x561a2aed4ce6 <unknown>\n#2 0x561a2af1fe48 <unknown>\n#3 0x561a2af1ff01 <unknown>\n#4 0x561a2af633f4 <unknown>\n#5 0x561a2af41edd <unknown>\n#6 0x561a2af60899 <unknown>\n#7 0x561a2af41c53 <unknown>\n#8 0x561a2af12db3 <unknown>\n#9 0x561a2af1377e <unknown>\n#10 0x561a2b1a286b <unknown>\n#11 0x561a2b1a6885 <unknown>\n#12 0x561a2b190181 <unknown>\n#13 0x561a2b1a7412 <unknown>\n#14 0x561a2b17425f <unknown>\n#15 0x561a2b1cb528 <unknown>\n#16 0x561a2b1cb723 <unknown>\n#17 0x561a2b1dc0e4 <unknown>\n#18 0x7efe7fb0e134 <unknown>","time":{"start":1710291905549,"stop":1710291905565,"duration":16}},{"uid":"9c666beb507132b1","reportUrl":"https://zaelcovsky.github.io/StroyremAutomation/259//#testresult/9c666beb507132b1","status":"broken","statusDetails":"selenium.common.exceptions.NoSuchElementException: Message: no such element: Unable to locate element: {\"method\":\"xpath\",\"selector\":\"//div[@class='page-block articles-block']\"}\n  (Session info: chrome-headless-shell=122.0.6261.111); For documentation on this error, please visit: https://www.selenium.dev/documentation/webdriver/troubleshooting/errors#no-such-element-exception\nStacktrace:\n#0 0x5e4b3934cec3 <unknown>\n#1 0x5e4b39044ce6 <unknown>\n#2 0x5e4b3908fe48 <unknown>\n#3 0x5e4b3908ff01 <unknown>\n#4 0x5e4b390d33f4 <unknown>\n#5 0x5e4b390b1edd <unknown>\n#6 0x5e4b390d0899 <unknown>\n#7 0x5e4b390b1c53 <unknown>\n#8 0x5e4b39082db3 <unknown>\n#9 0x5e4b3908377e <unknown>\n#10 0x5e4b393127fb <unknown>\n#11 0x5e4b39316815 <unknown>\n#12 0x5e4b39300111 <unknown>\n#13 0x5e4b393173a2 <unknown>\n#14 0x5e4b392e41ef <unknown>\n#15 0x5e4b3933b4b8 <unknown>\n#16 0x5e4b3933b6b3 <unknown>\n#17 0x5e4b3934c074 <unknown>\n#18 0x7d90e404d134 <unknown>","time":{"start":1710205268636,"stop":1710205268650,"duration":14}},{"uid":"78304aa5d5e9775c","reportUrl":"https://zaelcovsky.github.io/StroyremAutomation/258//#testresult/78304aa5d5e9775c","status":"broken","statusDetails":"selenium.common.exceptions.NoSuchElementException: Message: no such element: Unable to locate element: {\"method\":\"xpath\",\"selector\":\"//div[@class='page-block articles-block']\"}\n  (Session info: chrome-headless-shell=122.0.6261.111); For documentation on this error, please visit: https://www.selenium.dev/documentation/webdriver/troubleshooting/errors#no-such-element-exception\nStacktrace:\n#0 0x55f286413ec3 <unknown>\n#1 0x55f28610bce6 <unknown>\n#2 0x55f286156e48 <unknown>\n#3 0x55f286156f01 <unknown>\n#4 0x55f28619a3f4 <unknown>\n#5 0x55f286178edd <unknown>\n#6 0x55f286197899 <unknown>\n#7 0x55f286178c53 <unknown>\n#8 0x55f286149db3 <unknown>\n#9 0x55f28614a77e <unknown>\n#10 0x55f2863d97fb <unknown>\n#11 0x55f2863dd815 <unknown>\n#12 0x55f2863c7111 <unknown>\n#13 0x55f2863de3a2 <unknown>\n#14 0x55f2863ab1ef <unknown>\n#15 0x55f2864024b8 <unknown>\n#16 0x55f2864026b3 <unknown>\n#17 0x55f286413074 <unknown>\n#18 0x7fdd57dae134 <unknown>","time":{"start":1710118952689,"stop":1710118952702,"duration":13}},{"uid":"f7fa553e2210cea9","reportUrl":"https://zaelcovsky.github.io/StroyremAutomation/257//#testresult/f7fa553e2210cea9","status":"broken","statusDetails":"selenium.common.exceptions.NoSuchElementException: Message: no such element: Unable to locate element: {\"method\":\"xpath\",\"selector\":\"//div[@class='page-block articles-block']\"}\n  (Session info: chrome-headless-shell=122.0.6261.111); For documentation on this error, please visit: https://www.selenium.dev/documentation/webdriver/troubleshooting/errors#no-such-element-exception\nStacktrace:\n#0 0x556719e77ec3 <unknown>\n#1 0x556719b6fce6 <unknown>\n#2 0x556719bbae48 <unknown>\n#3 0x556719bbaf01 <unknown>\n#4 0x556719bfe3f4 <unknown>\n#5 0x556719bdcedd <unknown>\n#6 0x556719bfb899 <unknown>\n#7 0x556719bdcc53 <unknown>\n#8 0x556719baddb3 <unknown>\n#9 0x556719bae77e <unknown>\n#10 0x556719e3d7fb <unknown>\n#11 0x556719e41815 <unknown>\n#12 0x556719e2b111 <unknown>\n#13 0x556719e423a2 <unknown>\n#14 0x556719e0f1ef <unknown>\n#15 0x556719e664b8 <unknown>\n#16 0x556719e666b3 <unknown>\n#17 0x556719e77074 <unknown>\n#18 0x7f6899fe8134 <unknown>","time":{"start":1710032754517,"stop":1710032754530,"duration":13}},{"uid":"3b0fccda065815cb","reportUrl":"https://zaelcovsky.github.io/StroyremAutomation/256//#testresult/3b0fccda065815cb","status":"broken","statusDetails":"selenium.common.exceptions.NoSuchElementException: Message: no such element: Unable to locate element: {\"method\":\"xpath\",\"selector\":\"//div[@class='page-block articles-block']\"}\n  (Session info: chrome-headless-shell=122.0.6261.111); For documentation on this error, please visit: https://www.selenium.dev/documentation/webdriver/troubleshooting/errors#no-such-element-exception\nStacktrace:\n#0 0x555c1d76bec3 <unknown>\n#1 0x555c1d463ce6 <unknown>\n#2 0x555c1d4aee48 <unknown>\n#3 0x555c1d4aef01 <unknown>\n#4 0x555c1d4f23f4 <unknown>\n#5 0x555c1d4d0edd <unknown>\n#6 0x555c1d4ef899 <unknown>\n#7 0x555c1d4d0c53 <unknown>\n#8 0x555c1d4a1db3 <unknown>\n#9 0x555c1d4a277e <unknown>\n#10 0x555c1d7317fb <unknown>\n#11 0x555c1d735815 <unknown>\n#12 0x555c1d71f111 <unknown>\n#13 0x555c1d7363a2 <unknown>\n#14 0x555c1d7031ef <unknown>\n#15 0x555c1d75a4b8 <unknown>\n#16 0x555c1d75a6b3 <unknown>\n#17 0x555c1d76b074 <unknown>\n#18 0x7fdc92593134 <unknown>","time":{"start":1709945983011,"stop":1709945983023,"duration":12}},{"uid":"746369e7fb717c0e","reportUrl":"https://zaelcovsky.github.io/StroyremAutomation/255//#testresult/746369e7fb717c0e","status":"broken","statusDetails":"selenium.common.exceptions.NoSuchElementException: Message: no such element: Unable to locate element: {\"method\":\"xpath\",\"selector\":\"//div[@class='page-block articles-block']\"}\n  (Session info: chrome-headless-shell=122.0.6261.111); For documentation on this error, please visit: https://www.selenium.dev/documentation/webdriver/troubleshooting/errors#no-such-element-exception\nStacktrace:\n#0 0x55954a0c4ec3 <unknown>\n#1 0x559549dbcce6 <unknown>\n#2 0x559549e07e48 <unknown>\n#3 0x559549e07f01 <unknown>\n#4 0x559549e4b3f4 <unknown>\n#5 0x559549e29edd <unknown>\n#6 0x559549e48899 <unknown>\n#7 0x559549e29c53 <unknown>\n#8 0x559549dfadb3 <unknown>\n#9 0x559549dfb77e <unknown>\n#10 0x55954a08a7fb <unknown>\n#11 0x55954a08e815 <unknown>\n#12 0x55954a078111 <unknown>\n#13 0x55954a08f3a2 <unknown>\n#14 0x55954a05c1ef <unknown>\n#15 0x55954a0b34b8 <unknown>\n#16 0x55954a0b36b3 <unknown>\n#17 0x55954a0c4074 <unknown>\n#18 0x7fac83fce134 <unknown>","time":{"start":1709859679804,"stop":1709859679817,"duration":13}},{"uid":"84e5f2754745be59","reportUrl":"https://zaelcovsky.github.io/StroyremAutomation/254//#testresult/84e5f2754745be59","status":"broken","statusDetails":"selenium.common.exceptions.NoSuchElementException: Message: no such element: Unable to locate element: {\"method\":\"xpath\",\"selector\":\"//div[@class='page-block articles-block']\"}\n  (Session info: chrome-headless-shell=122.0.6261.94); For documentation on this error, please visit: https://www.selenium.dev/documentation/webdriver/troubleshooting/errors#no-such-element-exception\nStacktrace:\n#0 0x56400927ce93 <unknown>\n#1 0x564008f74ce6 <unknown>\n#2 0x564008fbfe48 <unknown>\n#3 0x564008fbff01 <unknown>\n#4 0x5640090033f4 <unknown>\n#5 0x564008fe1edd <unknown>\n#6 0x564009000899 <unknown>\n#7 0x564008fe1c53 <unknown>\n#8 0x564008fb2db3 <unknown>\n#9 0x564008fb377e <unknown>\n#10 0x5640092427cb <unknown>\n#11 0x5640092467e5 <unknown>\n#12 0x5640092300e1 <unknown>\n#13 0x564009247372 <unknown>\n#14 0x5640092141bf <unknown>\n#15 0x56400926b488 <unknown>\n#16 0x56400926b683 <unknown>\n#17 0x56400927c044 <unknown>\n#18 0x7f1edbbe2134 <unknown>","time":{"start":1709772737660,"stop":1709772737673,"duration":13}},{"uid":"afda7471388612e4","reportUrl":"https://zaelcovsky.github.io/StroyremAutomation/253//#testresult/afda7471388612e4","status":"broken","statusDetails":"selenium.common.exceptions.NoSuchElementException: Message: no such element: Unable to locate element: {\"method\":\"xpath\",\"selector\":\"//div[@class='page-block articles-block']\"}\n  (Session info: chrome-headless-shell=122.0.6261.94); For documentation on this error, please visit: https://www.selenium.dev/documentation/webdriver/troubleshooting/errors#no-such-element-exception\nStacktrace:\n#0 0x55788d9c4e93 <unknown>\n#1 0x55788d6bcce6 <unknown>\n#2 0x55788d707e48 <unknown>\n#3 0x55788d707f01 <unknown>\n#4 0x55788d74b3f4 <unknown>\n#5 0x55788d729edd <unknown>\n#6 0x55788d748899 <unknown>\n#7 0x55788d729c53 <unknown>\n#8 0x55788d6fadb3 <unknown>\n#9 0x55788d6fb77e <unknown>\n#10 0x55788d98a7cb <unknown>\n#11 0x55788d98e7e5 <unknown>\n#12 0x55788d9780e1 <unknown>\n#13 0x55788d98f372 <unknown>\n#14 0x55788d95c1bf <unknown>\n#15 0x55788d9b3488 <unknown>\n#16 0x55788d9b3683 <unknown>\n#17 0x55788d9c4044 <unknown>\n#18 0x7f81aeee6134 <unknown>","time":{"start":1709686884927,"stop":1709686884940,"duration":13}},{"uid":"75121e95b93d7839","reportUrl":"https://zaelcovsky.github.io/StroyremAutomation/252//#testresult/75121e95b93d7839","status":"broken","statusDetails":"selenium.common.exceptions.NoSuchElementException: Message: no such element: Unable to locate element: {\"method\":\"xpath\",\"selector\":\"//div[@class='page-block articles-block']\"}\n  (Session info: chrome-headless-shell=122.0.6261.94); For documentation on this error, please visit: https://www.selenium.dev/documentation/webdriver/troubleshooting/errors#no-such-element-exception\nStacktrace:\n#0 0x55e1b004ae93 <unknown>\n#1 0x55e1afd42ce6 <unknown>\n#2 0x55e1afd8de48 <unknown>\n#3 0x55e1afd8df01 <unknown>\n#4 0x55e1afdd13f4 <unknown>\n#5 0x55e1afdafedd <unknown>\n#6 0x55e1afdce899 <unknown>\n#7 0x55e1afdafc53 <unknown>\n#8 0x55e1afd80db3 <unknown>\n#9 0x55e1afd8177e <unknown>\n#10 0x55e1b00107cb <unknown>\n#11 0x55e1b00147e5 <unknown>\n#12 0x55e1afffe0e1 <unknown>\n#13 0x55e1b0015372 <unknown>\n#14 0x55e1affe21bf <unknown>\n#15 0x55e1b0039488 <unknown>\n#16 0x55e1b0039683 <unknown>\n#17 0x55e1b004a044 <unknown>\n#18 0x7f1e29130134 <unknown>","time":{"start":1709600474385,"stop":1709600474398,"duration":13}},{"uid":"579e04e0a8e0f02e","reportUrl":"https://zaelcovsky.github.io/StroyremAutomation/251//#testresult/579e04e0a8e0f02e","status":"broken","statusDetails":"selenium.common.exceptions.NoSuchElementException: Message: no such element: Unable to locate element: {\"method\":\"xpath\",\"selector\":\"//div[@class='page-block articles-block']\"}\n  (Session info: chrome-headless-shell=122.0.6261.94); For documentation on this error, please visit: https://www.selenium.dev/documentation/webdriver/troubleshooting/errors#no-such-element-exception\nStacktrace:\n#0 0x556a6ec03e93 <unknown>\n#1 0x556a6e8fbce6 <unknown>\n#2 0x556a6e946e48 <unknown>\n#3 0x556a6e946f01 <unknown>\n#4 0x556a6e98a3f4 <unknown>\n#5 0x556a6e968edd <unknown>\n#6 0x556a6e987899 <unknown>\n#7 0x556a6e968c53 <unknown>\n#8 0x556a6e939db3 <unknown>\n#9 0x556a6e93a77e <unknown>\n#10 0x556a6ebc97cb <unknown>\n#11 0x556a6ebcd7e5 <unknown>\n#12 0x556a6ebb70e1 <unknown>\n#13 0x556a6ebce372 <unknown>\n#14 0x556a6eb9b1bf <unknown>\n#15 0x556a6ebf2488 <unknown>\n#16 0x556a6ebf2683 <unknown>\n#17 0x556a6ec03044 <unknown>\n#18 0x7fb288b5c134 <unknown>","time":{"start":1709514136066,"stop":1709514136079,"duration":13}},{"uid":"6d464f3e347a1f7f","reportUrl":"https://zaelcovsky.github.io/StroyremAutomation/250//#testresult/6d464f3e347a1f7f","status":"broken","statusDetails":"selenium.common.exceptions.NoSuchElementException: Message: no such element: Unable to locate element: {\"method\":\"xpath\",\"selector\":\"//div[@class='page-block articles-block']\"}\n  (Session info: chrome-headless-shell=122.0.6261.94); For documentation on this error, please visit: https://www.selenium.dev/documentation/webdriver/troubleshooting/errors#no-such-element-exception\nStacktrace:\n#0 0x5649cbac3e93 <unknown>\n#1 0x5649cb7bbce6 <unknown>\n#2 0x5649cb806e48 <unknown>\n#3 0x5649cb806f01 <unknown>\n#4 0x5649cb84a3f4 <unknown>\n#5 0x5649cb828edd <unknown>\n#6 0x5649cb847899 <unknown>\n#7 0x5649cb828c53 <unknown>\n#8 0x5649cb7f9db3 <unknown>\n#9 0x5649cb7fa77e <unknown>\n#10 0x5649cba897cb <unknown>\n#11 0x5649cba8d7e5 <unknown>\n#12 0x5649cba770e1 <unknown>\n#13 0x5649cba8e372 <unknown>\n#14 0x5649cba5b1bf <unknown>\n#15 0x5649cbab2488 <unknown>\n#16 0x5649cbab2683 <unknown>\n#17 0x5649cbac3044 <unknown>\n#18 0x7ff3512e6134 <unknown>","time":{"start":1709427901739,"stop":1709427901752,"duration":13}},{"uid":"2f0d7493143c472","reportUrl":"https://zaelcovsky.github.io/StroyremAutomation/249//#testresult/2f0d7493143c472","status":"broken","statusDetails":"selenium.common.exceptions.NoSuchElementException: Message: no such element: Unable to locate element: {\"method\":\"xpath\",\"selector\":\"//div[@class='page-block articles-block']\"}\n  (Session info: chrome-headless-shell=122.0.6261.94); For documentation on this error, please visit: https://www.selenium.dev/documentation/webdriver/troubleshooting/errors#no-such-element-exception\nStacktrace:\n#0 0x55f92b5b6e93 <unknown>\n#1 0x55f92b2aece6 <unknown>\n#2 0x55f92b2f9e48 <unknown>\n#3 0x55f92b2f9f01 <unknown>\n#4 0x55f92b33d3f4 <unknown>\n#5 0x55f92b31bedd <unknown>\n#6 0x55f92b33a899 <unknown>\n#7 0x55f92b31bc53 <unknown>\n#8 0x55f92b2ecdb3 <unknown>\n#9 0x55f92b2ed77e <unknown>\n#10 0x55f92b57c7cb <unknown>\n#11 0x55f92b5807e5 <unknown>\n#12 0x55f92b56a0e1 <unknown>\n#13 0x55f92b581372 <unknown>\n#14 0x55f92b54e1bf <unknown>\n#15 0x55f92b5a5488 <unknown>\n#16 0x55f92b5a5683 <unknown>\n#17 0x55f92b5b6044 <unknown>\n#18 0x7f064903e134 <unknown>","time":{"start":1709341226575,"stop":1709341226588,"duration":13}},{"uid":"6c604923893f996a","reportUrl":"https://zaelcovsky.github.io/StroyremAutomation/248//#testresult/6c604923893f996a","status":"broken","statusDetails":"selenium.common.exceptions.NoSuchElementException: Message: no such element: Unable to locate element: {\"method\":\"xpath\",\"selector\":\"//div[@class='page-block articles-block']\"}\n  (Session info: chrome-headless-shell=122.0.6261.94); For documentation on this error, please visit: https://www.selenium.dev/documentation/webdriver/troubleshooting/errors#no-such-element-exception\nStacktrace:\n#0 0x56239ca62e93 <unknown>\n#1 0x56239c75ace6 <unknown>\n#2 0x56239c7a5e48 <unknown>\n#3 0x56239c7a5f01 <unknown>\n#4 0x56239c7e93f4 <unknown>\n#5 0x56239c7c7edd <unknown>\n#6 0x56239c7e6899 <unknown>\n#7 0x56239c7c7c53 <unknown>\n#8 0x56239c798db3 <unknown>\n#9 0x56239c79977e <unknown>\n#10 0x56239ca287cb <unknown>\n#11 0x56239ca2c7e5 <unknown>\n#12 0x56239ca160e1 <unknown>\n#13 0x56239ca2d372 <unknown>\n#14 0x56239c9fa1bf <unknown>\n#15 0x56239ca51488 <unknown>\n#16 0x56239ca51683 <unknown>\n#17 0x56239ca62044 <unknown>\n#18 0x7f7d53f6f134 <unknown>","time":{"start":1709255222262,"stop":1709255222276,"duration":14}},{"uid":"1492e0834fd9032c","reportUrl":"https://zaelcovsky.github.io/StroyremAutomation/247//#testresult/1492e0834fd9032c","status":"broken","statusDetails":"selenium.common.exceptions.NoSuchElementException: Message: no such element: Unable to locate element: {\"method\":\"xpath\",\"selector\":\"//div[@class='page-block articles-block']\"}\n  (Session info: chrome-headless-shell=122.0.6261.94); For documentation on this error, please visit: https://www.selenium.dev/documentation/webdriver/troubleshooting/errors#no-such-element-exception\nStacktrace:\n#0 0x562185aaae93 <unknown>\n#1 0x5621857a2ce6 <unknown>\n#2 0x5621857ede48 <unknown>\n#3 0x5621857edf01 <unknown>\n#4 0x5621858313f4 <unknown>\n#5 0x56218580fedd <unknown>\n#6 0x56218582e899 <unknown>\n#7 0x56218580fc53 <unknown>\n#8 0x5621857e0db3 <unknown>\n#9 0x5621857e177e <unknown>\n#10 0x562185a707cb <unknown>\n#11 0x562185a747e5 <unknown>\n#12 0x562185a5e0e1 <unknown>\n#13 0x562185a75372 <unknown>\n#14 0x562185a421bf <unknown>\n#15 0x562185a99488 <unknown>\n#16 0x562185a99683 <unknown>\n#17 0x562185aaa044 <unknown>\n#18 0x7fe933446134 <unknown>","time":{"start":1709168473241,"stop":1709168473254,"duration":13}},{"uid":"c44b38dfe2b20c59","reportUrl":"https://zaelcovsky.github.io/StroyremAutomation/246//#testresult/c44b38dfe2b20c59","status":"broken","statusDetails":"selenium.common.exceptions.NoSuchElementException: Message: no such element: Unable to locate element: {\"method\":\"xpath\",\"selector\":\"//div[@class='page-block articles-block']\"}\n  (Session info: chrome-headless-shell=122.0.6261.94); For documentation on this error, please visit: https://www.selenium.dev/documentation/webdriver/troubleshooting/errors#no-such-element-exception\nStacktrace:\n#0 0x5564b9936e93 <unknown>\n#1 0x5564b962ece6 <unknown>\n#2 0x5564b9679e48 <unknown>\n#3 0x5564b9679f01 <unknown>\n#4 0x5564b96bd3f4 <unknown>\n#5 0x5564b969bedd <unknown>\n#6 0x5564b96ba899 <unknown>\n#7 0x5564b969bc53 <unknown>\n#8 0x5564b966cdb3 <unknown>\n#9 0x5564b966d77e <unknown>\n#10 0x5564b98fc7cb <unknown>\n#11 0x5564b99007e5 <unknown>\n#12 0x5564b98ea0e1 <unknown>\n#13 0x5564b9901372 <unknown>\n#14 0x5564b98ce1bf <unknown>\n#15 0x5564b9925488 <unknown>\n#16 0x5564b9925683 <unknown>\n#17 0x5564b9936044 <unknown>\n#18 0x7f6ae50e6134 <unknown>","time":{"start":1709082065817,"stop":1709082065831,"duration":14}},{"uid":"20b8d16207e2767b","reportUrl":"https://zaelcovsky.github.io/StroyremAutomation/245//#testresult/20b8d16207e2767b","status":"broken","statusDetails":"selenium.common.exceptions.NoSuchElementException: Message: no such element: Unable to locate element: {\"method\":\"xpath\",\"selector\":\"//div[@class='page-block articles-block']\"}\n  (Session info: chrome-headless-shell=122.0.6261.69); For documentation on this error, please visit: https://www.selenium.dev/documentation/webdriver/troubleshooting/errors#no-such-element-exception\nStacktrace:\n#0 0x55d5b4370793 <unknown>\n#1 0x55d5b40641c6 <unknown>\n#2 0x55d5b40af358 <unknown>\n#3 0x55d5b40af411 <unknown>\n#4 0x55d5b40f2934 <unknown>\n#5 0x55d5b40d13fd <unknown>\n#6 0x55d5b40efdd9 <unknown>\n#7 0x55d5b40d1173 <unknown>\n#8 0x55d5b40a22d3 <unknown>\n#9 0x55d5b40a2c9e <unknown>\n#10 0x55d5b43348cb <unknown>\n#11 0x55d5b4338745 <unknown>\n#12 0x55d5b43212e1 <unknown>\n#13 0x55d5b43392d2 <unknown>\n#14 0x55d5b430517f <unknown>\n#15 0x55d5b435edc8 <unknown>\n#16 0x55d5b435efc3 <unknown>\n#17 0x55d5b436f944 <unknown>\n#18 0x7f18e2c23134 <unknown>","time":{"start":1708995682268,"stop":1708995682281,"duration":13}},{"uid":"cb51feb33966293d","reportUrl":"https://zaelcovsky.github.io/StroyremAutomation/244//#testresult/cb51feb33966293d","status":"broken","statusDetails":"selenium.common.exceptions.NoSuchElementException: Message: no such element: Unable to locate element: {\"method\":\"xpath\",\"selector\":\"//div[@class='page-block articles-block']\"}\n  (Session info: chrome-headless-shell=122.0.6261.69); For documentation on this error, please visit: https://www.selenium.dev/documentation/webdriver/troubleshooting/errors#no-such-element-exception\nStacktrace:\n#0 0x5586d3880793 <unknown>\n#1 0x5586d35741c6 <unknown>\n#2 0x5586d35bf358 <unknown>\n#3 0x5586d35bf411 <unknown>\n#4 0x5586d3602934 <unknown>\n#5 0x5586d35e13fd <unknown>\n#6 0x5586d35ffdd9 <unknown>\n#7 0x5586d35e1173 <unknown>\n#8 0x5586d35b22d3 <unknown>\n#9 0x5586d35b2c9e <unknown>\n#10 0x5586d38448cb <unknown>\n#11 0x5586d3848745 <unknown>\n#12 0x5586d38312e1 <unknown>\n#13 0x5586d38492d2 <unknown>\n#14 0x5586d381517f <unknown>\n#15 0x5586d386edc8 <unknown>\n#16 0x5586d386efc3 <unknown>\n#17 0x5586d387f944 <unknown>\n#18 0x7f88d2160134 <unknown>","time":{"start":1708909355614,"stop":1708909355628,"duration":14}},{"uid":"51bd689a681dd397","reportUrl":"https://zaelcovsky.github.io/StroyremAutomation/243//#testresult/51bd689a681dd397","status":"broken","statusDetails":"selenium.common.exceptions.NoSuchElementException: Message: no such element: Unable to locate element: {\"method\":\"xpath\",\"selector\":\"//div[@class='page-block articles-block']\"}\n  (Session info: chrome-headless-shell=122.0.6261.69); For documentation on this error, please visit: https://www.selenium.dev/documentation/webdriver/troubleshooting/errors#no-such-element-exception\nStacktrace:\n#0 0x55cf58524793 <unknown>\n#1 0x55cf582181c6 <unknown>\n#2 0x55cf58263358 <unknown>\n#3 0x55cf58263411 <unknown>\n#4 0x55cf582a6934 <unknown>\n#5 0x55cf582853fd <unknown>\n#6 0x55cf582a3dd9 <unknown>\n#7 0x55cf58285173 <unknown>\n#8 0x55cf582562d3 <unknown>\n#9 0x55cf58256c9e <unknown>\n#10 0x55cf584e88cb <unknown>\n#11 0x55cf584ec745 <unknown>\n#12 0x55cf584d52e1 <unknown>\n#13 0x55cf584ed2d2 <unknown>\n#14 0x55cf584b917f <unknown>\n#15 0x55cf58512dc8 <unknown>\n#16 0x55cf58512fc3 <unknown>\n#17 0x55cf58523944 <unknown>\n#18 0x7f883e322134 <unknown>","time":{"start":1708823139218,"stop":1708823139231,"duration":13}},{"uid":"ba59717032e34182","reportUrl":"https://zaelcovsky.github.io/StroyremAutomation/242//#testresult/ba59717032e34182","status":"broken","statusDetails":"selenium.common.exceptions.NoSuchElementException: Message: no such element: Unable to locate element: {\"method\":\"xpath\",\"selector\":\"//div[@class='page-block articles-block']\"}\n  (Session info: chrome-headless-shell=122.0.6261.69); For documentation on this error, please visit: https://www.selenium.dev/documentation/webdriver/troubleshooting/errors#no-such-element-exception\nStacktrace:\n#0 0x5585fb720793 <unknown>\n#1 0x5585fb4141c6 <unknown>\n#2 0x5585fb45f358 <unknown>\n#3 0x5585fb45f411 <unknown>\n#4 0x5585fb4a2934 <unknown>\n#5 0x5585fb4813fd <unknown>\n#6 0x5585fb49fdd9 <unknown>\n#7 0x5585fb481173 <unknown>\n#8 0x5585fb4522d3 <unknown>\n#9 0x5585fb452c9e <unknown>\n#10 0x5585fb6e48cb <unknown>\n#11 0x5585fb6e8745 <unknown>\n#12 0x5585fb6d12e1 <unknown>\n#13 0x5585fb6e92d2 <unknown>\n#14 0x5585fb6b517f <unknown>\n#15 0x5585fb70edc8 <unknown>\n#16 0x5585fb70efc3 <unknown>\n#17 0x5585fb71f944 <unknown>\n#18 0x7fa00fc14134 <unknown>","time":{"start":1708736370374,"stop":1708736370387,"duration":13}},{"uid":"153ccaa875dc7116","reportUrl":"https://zaelcovsky.github.io/StroyremAutomation/241//#testresult/153ccaa875dc7116","status":"broken","statusDetails":"selenium.common.exceptions.NoSuchElementException: Message: no such element: Unable to locate element: {\"method\":\"xpath\",\"selector\":\"//div[@class='page-block articles-block']\"}\n  (Session info: chrome-headless-shell=122.0.6261.69); For documentation on this error, please visit: https://www.selenium.dev/documentation/webdriver/troubleshooting/errors#no-such-element-exception\nStacktrace:\n#0 0x55bd87dee793 <unknown>\n#1 0x55bd87ae21c6 <unknown>\n#2 0x55bd87b2d358 <unknown>\n#3 0x55bd87b2d411 <unknown>\n#4 0x55bd87b70934 <unknown>\n#5 0x55bd87b4f3fd <unknown>\n#6 0x55bd87b6ddd9 <unknown>\n#7 0x55bd87b4f173 <unknown>\n#8 0x55bd87b202d3 <unknown>\n#9 0x55bd87b20c9e <unknown>\n#10 0x55bd87db28cb <unknown>\n#11 0x55bd87db6745 <unknown>\n#12 0x55bd87d9f2e1 <unknown>\n#13 0x55bd87db72d2 <unknown>\n#14 0x55bd87d8317f <unknown>\n#15 0x55bd87ddcdc8 <unknown>\n#16 0x55bd87ddcfc3 <unknown>\n#17 0x55bd87ded944 <unknown>\n#18 0x7f41d50b2134 <unknown>","time":{"start":1708650038097,"stop":1708650038110,"duration":13}}]},"tags":["smoke_test"]},"source":"1e9322ef92eb391e.json","parameterValues":["'https://test2.stroyrem-nn.ru/'"]}