{"uid":"c7d7d1f3b38fabf0","name":"TC 012 - Проверка функциональности ссылки 'Местоположение'","fullName":"tests.test_main_page.TestMainPage#test_positive_footer_location_smoke","historyId":"f096cd37294bea290e9040a7edc973e4","time":{"start":1710378197542,"stop":1710378197555,"duration":13},"status":"broken","statusMessage":"selenium.common.exceptions.NoSuchElementException: Message: no such element: Unable to locate element: {\"method\":\"xpath\",\"selector\":\"(//a[@href='/contact'])[3]\"}\n  (Session info: chrome-headless-shell=122.0.6261.128); For documentation on this error, please visit: https://www.selenium.dev/documentation/webdriver/troubleshooting/errors#no-such-element-exception\nStacktrace:\n#0 0x5fdba857cf33 <unknown>\n#1 0x5fdba8274ce6 <unknown>\n#2 0x5fdba82bfe48 <unknown>\n#3 0x5fdba82bff01 <unknown>\n#4 0x5fdba83033f4 <unknown>\n#5 0x5fdba82e1edd <unknown>\n#6 0x5fdba8300899 <unknown>\n#7 0x5fdba82e1c53 <unknown>\n#8 0x5fdba82b2db3 <unknown>\n#9 0x5fdba82b377e <unknown>\n#10 0x5fdba854286b <unknown>\n#11 0x5fdba8546885 <unknown>\n#12 0x5fdba8530181 <unknown>\n#13 0x5fdba8547412 <unknown>\n#14 0x5fdba851425f <unknown>\n#15 0x5fdba856b528 <unknown>\n#16 0x5fdba856b723 <unknown>\n#17 0x5fdba857c0e4 <unknown>\n#18 0x7b4be7b51134 <unknown>","statusTrace":"self = <tests.test_main_page.TestMainPage object at 0x794e7f31dfd0>\nmain_page = <pages.main_page.MainPage object at 0x794e7fcefa90>\n\n    @allure.feature(\"Footer functionality\")\n    @allure.title(\"TC 012 - Проверка функциональности ссылки 'Местоположение'\")\n    @pytest.mark.smoke_test\n    def test_positive_footer_location_smoke(self, main_page):\n        location_page = LocationPage(main_page.driver)\n>       main_page.check_location_link()\n\ntests/test_main_page.py:116: \n_ _ _ _ _ _ _ _ _ _ _ _ _ _ _ _ _ _ _ _ _ _ _ _ _ _ _ _ _ _ _ _ _ _ _ _ _ _ _ _ \npages/main_page.py:148: in check_location_link\n    self.driver.find_element(*self._location).click()\n/usr/local/lib/python3.11/site-packages/selenium/webdriver/remote/webdriver.py:740: in find_element\n    return self.execute(Command.FIND_ELEMENT, {\"using\": by, \"value\": value})[\"value\"]\n/usr/local/lib/python3.11/site-packages/selenium/webdriver/remote/webdriver.py:346: in execute\n    self.error_handler.check_response(response)\n_ _ _ _ _ _ _ _ _ _ _ _ _ _ _ _ _ _ _ _ _ _ _ _ _ _ _ _ _ _ _ _ _ _ _ _ _ _ _ _ \n\nself = <selenium.webdriver.remote.errorhandler.ErrorHandler object at 0x794e7fcecbd0>\nresponse = {'status': 404, 'value': '{\"value\":{\"error\":\"no such element\",\"message\":\"no such element: Unable to locate element: {\\...\\\\n#16 0x5fdba856b723 \\\\u003Cunknown>\\\\n#17 0x5fdba857c0e4 \\\\u003Cunknown>\\\\n#18 0x7b4be7b51134 \\\\u003Cunknown>\\\\n\"}}'}\n\n    def check_response(self, response: Dict[str, Any]) -> None:\n        \"\"\"Checks that a JSON response from the WebDriver does not have an\n        error.\n    \n        :Args:\n         - response - The JSON response from the WebDriver server as a dictionary\n           object.\n    \n        :Raises: If the response contains an error message.\n        \"\"\"\n        status = response.get(\"status\", None)\n        if not status or status == ErrorCode.SUCCESS:\n            return\n        value = None\n        message = response.get(\"message\", \"\")\n        screen: str = response.get(\"screen\", \"\")\n        stacktrace = None\n        if isinstance(status, int):\n            value_json = response.get(\"value\", None)\n            if value_json and isinstance(value_json, str):\n                import json\n    \n                try:\n                    value = json.loads(value_json)\n                    if len(value) == 1:\n                        value = value[\"value\"]\n                    status = value.get(\"error\", None)\n                    if not status:\n                        status = value.get(\"status\", ErrorCode.UNKNOWN_ERROR)\n                        message = value.get(\"value\") or value.get(\"message\")\n                        if not isinstance(message, str):\n                            value = message\n                            message = message.get(\"message\")\n                    else:\n                        message = value.get(\"message\", None)\n                except ValueError:\n                    pass\n    \n        exception_class: Type[WebDriverException]\n        if status in ErrorCode.NO_SUCH_ELEMENT:\n            exception_class = NoSuchElementException\n        elif status in ErrorCode.NO_SUCH_FRAME:\n            exception_class = NoSuchFrameException\n        elif status in ErrorCode.NO_SUCH_SHADOW_ROOT:\n            exception_class = NoSuchShadowRootException\n        elif status in ErrorCode.NO_SUCH_WINDOW:\n            exception_class = NoSuchWindowException\n        elif status in ErrorCode.STALE_ELEMENT_REFERENCE:\n            exception_class = StaleElementReferenceException\n        elif status in ErrorCode.ELEMENT_NOT_VISIBLE:\n            exception_class = ElementNotVisibleException\n        elif status in ErrorCode.INVALID_ELEMENT_STATE:\n            exception_class = InvalidElementStateException\n        elif (\n            status in ErrorCode.INVALID_SELECTOR\n            or status in ErrorCode.INVALID_XPATH_SELECTOR\n            or status in ErrorCode.INVALID_XPATH_SELECTOR_RETURN_TYPER\n        ):\n            exception_class = InvalidSelectorException\n        elif status in ErrorCode.ELEMENT_IS_NOT_SELECTABLE:\n            exception_class = ElementNotSelectableException\n        elif status in ErrorCode.ELEMENT_NOT_INTERACTABLE:\n            exception_class = ElementNotInteractableException\n        elif status in ErrorCode.INVALID_COOKIE_DOMAIN:\n            exception_class = InvalidCookieDomainException\n        elif status in ErrorCode.UNABLE_TO_SET_COOKIE:\n            exception_class = UnableToSetCookieException\n        elif status in ErrorCode.TIMEOUT:\n            exception_class = TimeoutException\n        elif status in ErrorCode.SCRIPT_TIMEOUT:\n            exception_class = TimeoutException\n        elif status in ErrorCode.UNKNOWN_ERROR:\n            exception_class = WebDriverException\n        elif status in ErrorCode.UNEXPECTED_ALERT_OPEN:\n            exception_class = UnexpectedAlertPresentException\n        elif status in ErrorCode.NO_ALERT_OPEN:\n            exception_class = NoAlertPresentException\n        elif status in ErrorCode.IME_NOT_AVAILABLE:\n            exception_class = ImeNotAvailableException\n        elif status in ErrorCode.IME_ENGINE_ACTIVATION_FAILED:\n            exception_class = ImeActivationFailedException\n        elif status in ErrorCode.MOVE_TARGET_OUT_OF_BOUNDS:\n            exception_class = MoveTargetOutOfBoundsException\n        elif status in ErrorCode.JAVASCRIPT_ERROR:\n            exception_class = JavascriptException\n        elif status in ErrorCode.SESSION_NOT_CREATED:\n            exception_class = SessionNotCreatedException\n        elif status in ErrorCode.INVALID_ARGUMENT:\n            exception_class = InvalidArgumentException\n        elif status in ErrorCode.NO_SUCH_COOKIE:\n            exception_class = NoSuchCookieException\n        elif status in ErrorCode.UNABLE_TO_CAPTURE_SCREEN:\n            exception_class = ScreenshotException\n        elif status in ErrorCode.ELEMENT_CLICK_INTERCEPTED:\n            exception_class = ElementClickInterceptedException\n        elif status in ErrorCode.INSECURE_CERTIFICATE:\n            exception_class = InsecureCertificateException\n        elif status in ErrorCode.INVALID_COORDINATES:\n            exception_class = InvalidCoordinatesException\n        elif status in ErrorCode.INVALID_SESSION_ID:\n            exception_class = InvalidSessionIdException\n        elif status in ErrorCode.UNKNOWN_METHOD:\n            exception_class = UnknownMethodException\n        else:\n            exception_class = WebDriverException\n        if not value:\n            value = response[\"value\"]\n        if isinstance(value, str):\n            raise exception_class(value)\n        if message == \"\" and \"message\" in value:\n            message = value[\"message\"]\n    \n        screen = None  # type: ignore[assignment]\n        if \"screen\" in value:\n            screen = value[\"screen\"]\n    \n        stacktrace = None\n        st_value = value.get(\"stackTrace\") or value.get(\"stacktrace\")\n        if st_value:\n            if isinstance(st_value, str):\n                stacktrace = st_value.split(\"\\n\")\n            else:\n                stacktrace = []\n                try:\n                    for frame in st_value:\n                        line = frame.get(\"lineNumber\", \"\")\n                        file = frame.get(\"fileName\", \"<anonymous>\")\n                        if line:\n                            file = f\"{file}:{line}\"\n                        meth = frame.get(\"methodName\", \"<anonymous>\")\n                        if \"className\" in frame:\n                            meth = f\"{frame['className']}.{meth}\"\n                        msg = \"    at %s (%s)\"\n                        msg = msg % (meth, file)\n                        stacktrace.append(msg)\n                except TypeError:\n                    pass\n        if exception_class == UnexpectedAlertPresentException:\n            alert_text = None\n            if \"data\" in value:\n                alert_text = value[\"data\"].get(\"text\")\n            elif \"alert\" in value:\n                alert_text = value[\"alert\"].get(\"text\")\n            raise exception_class(message, screen, stacktrace, alert_text)  # type: ignore[call-arg]  # mypy is not smart enough here\n>       raise exception_class(message, screen, stacktrace)\nE       selenium.common.exceptions.NoSuchElementException: Message: no such element: Unable to locate element: {\"method\":\"xpath\",\"selector\":\"(//a[@href='/contact'])[3]\"}\nE         (Session info: chrome-headless-shell=122.0.6261.128); For documentation on this error, please visit: https://www.selenium.dev/documentation/webdriver/troubleshooting/errors#no-such-element-exception\nE       Stacktrace:\nE       #0 0x5fdba857cf33 <unknown>\nE       #1 0x5fdba8274ce6 <unknown>\nE       #2 0x5fdba82bfe48 <unknown>\nE       #3 0x5fdba82bff01 <unknown>\nE       #4 0x5fdba83033f4 <unknown>\nE       #5 0x5fdba82e1edd <unknown>\nE       #6 0x5fdba8300899 <unknown>\nE       #7 0x5fdba82e1c53 <unknown>\nE       #8 0x5fdba82b2db3 <unknown>\nE       #9 0x5fdba82b377e <unknown>\nE       #10 0x5fdba854286b <unknown>\nE       #11 0x5fdba8546885 <unknown>\nE       #12 0x5fdba8530181 <unknown>\nE       #13 0x5fdba8547412 <unknown>\nE       #14 0x5fdba851425f <unknown>\nE       #15 0x5fdba856b528 <unknown>\nE       #16 0x5fdba856b723 <unknown>\nE       #17 0x5fdba857c0e4 <unknown>\nE       #18 0x7b4be7b51134 <unknown>\n\n/usr/local/lib/python3.11/site-packages/selenium/webdriver/remote/errorhandler.py:245: NoSuchElementException","flaky":false,"newFailed":false,"newBroken":false,"newPassed":false,"retriesCount":0,"retriesStatusChange":false,"beforeStages":[{"name":"_session_faker","time":{"start":1710378017027,"stop":1710378017095,"duration":68},"status":"passed","steps":[],"attachments":[],"parameters":[],"shouldDisplayMessage":false,"stepsCount":0,"attachmentsCount":0,"hasContent":false,"attachmentStep":false},{"name":"clear_allure_results_folder","time":{"start":1710378017095,"stop":1710378017095,"duration":0},"status":"passed","steps":[],"attachments":[],"parameters":[],"shouldDisplayMessage":false,"stepsCount":0,"attachmentsCount":0,"hasContent":false,"attachmentStep":false},{"name":"driver","time":{"start":1710378196238,"stop":1710378196974,"duration":736},"status":"passed","steps":[],"attachments":[],"parameters":[],"shouldDisplayMessage":false,"stepsCount":0,"attachmentsCount":0,"hasContent":false,"attachmentStep":false},{"name":"setup","time":{"start":1710378196974,"stop":1710378196974,"duration":0},"status":"passed","steps":[],"attachments":[],"parameters":[],"shouldDisplayMessage":false,"stepsCount":0,"attachmentsCount":0,"hasContent":false,"attachmentStep":false},{"name":"main_page","time":{"start":1710378196974,"stop":1710378197542,"duration":568},"status":"passed","steps":[],"attachments":[],"parameters":[],"shouldDisplayMessage":false,"stepsCount":0,"attachmentsCount":0,"hasContent":false,"attachmentStep":false}],"testStage":{"status":"broken","statusMessage":"selenium.common.exceptions.NoSuchElementException: Message: no such element: Unable to locate element: {\"method\":\"xpath\",\"selector\":\"(//a[@href='/contact'])[3]\"}\n  (Session info: chrome-headless-shell=122.0.6261.128); For documentation on this error, please visit: https://www.selenium.dev/documentation/webdriver/troubleshooting/errors#no-such-element-exception\nStacktrace:\n#0 0x5fdba857cf33 <unknown>\n#1 0x5fdba8274ce6 <unknown>\n#2 0x5fdba82bfe48 <unknown>\n#3 0x5fdba82bff01 <unknown>\n#4 0x5fdba83033f4 <unknown>\n#5 0x5fdba82e1edd <unknown>\n#6 0x5fdba8300899 <unknown>\n#7 0x5fdba82e1c53 <unknown>\n#8 0x5fdba82b2db3 <unknown>\n#9 0x5fdba82b377e <unknown>\n#10 0x5fdba854286b <unknown>\n#11 0x5fdba8546885 <unknown>\n#12 0x5fdba8530181 <unknown>\n#13 0x5fdba8547412 <unknown>\n#14 0x5fdba851425f <unknown>\n#15 0x5fdba856b528 <unknown>\n#16 0x5fdba856b723 <unknown>\n#17 0x5fdba857c0e4 <unknown>\n#18 0x7b4be7b51134 <unknown>","statusTrace":"self = <tests.test_main_page.TestMainPage object at 0x794e7f31dfd0>\nmain_page = <pages.main_page.MainPage object at 0x794e7fcefa90>\n\n    @allure.feature(\"Footer functionality\")\n    @allure.title(\"TC 012 - Проверка функциональности ссылки 'Местоположение'\")\n    @pytest.mark.smoke_test\n    def test_positive_footer_location_smoke(self, main_page):\n        location_page = LocationPage(main_page.driver)\n>       main_page.check_location_link()\n\ntests/test_main_page.py:116: \n_ _ _ _ _ _ _ _ _ _ _ _ _ _ _ _ _ _ _ _ _ _ _ _ _ _ _ _ _ _ _ _ _ _ _ _ _ _ _ _ \npages/main_page.py:148: in check_location_link\n    self.driver.find_element(*self._location).click()\n/usr/local/lib/python3.11/site-packages/selenium/webdriver/remote/webdriver.py:740: in find_element\n    return self.execute(Command.FIND_ELEMENT, {\"using\": by, \"value\": value})[\"value\"]\n/usr/local/lib/python3.11/site-packages/selenium/webdriver/remote/webdriver.py:346: in execute\n    self.error_handler.check_response(response)\n_ _ _ _ _ _ _ _ _ _ _ _ _ _ _ _ _ _ _ _ _ _ _ _ _ _ _ _ _ _ _ _ _ _ _ _ _ _ _ _ \n\nself = <selenium.webdriver.remote.errorhandler.ErrorHandler object at 0x794e7fcecbd0>\nresponse = {'status': 404, 'value': '{\"value\":{\"error\":\"no such element\",\"message\":\"no such element: Unable to locate element: {\\...\\\\n#16 0x5fdba856b723 \\\\u003Cunknown>\\\\n#17 0x5fdba857c0e4 \\\\u003Cunknown>\\\\n#18 0x7b4be7b51134 \\\\u003Cunknown>\\\\n\"}}'}\n\n    def check_response(self, response: Dict[str, Any]) -> None:\n        \"\"\"Checks that a JSON response from the WebDriver does not have an\n        error.\n    \n        :Args:\n         - response - The JSON response from the WebDriver server as a dictionary\n           object.\n    \n        :Raises: If the response contains an error message.\n        \"\"\"\n        status = response.get(\"status\", None)\n        if not status or status == ErrorCode.SUCCESS:\n            return\n        value = None\n        message = response.get(\"message\", \"\")\n        screen: str = response.get(\"screen\", \"\")\n        stacktrace = None\n        if isinstance(status, int):\n            value_json = response.get(\"value\", None)\n            if value_json and isinstance(value_json, str):\n                import json\n    \n                try:\n                    value = json.loads(value_json)\n                    if len(value) == 1:\n                        value = value[\"value\"]\n                    status = value.get(\"error\", None)\n                    if not status:\n                        status = value.get(\"status\", ErrorCode.UNKNOWN_ERROR)\n                        message = value.get(\"value\") or value.get(\"message\")\n                        if not isinstance(message, str):\n                            value = message\n                            message = message.get(\"message\")\n                    else:\n                        message = value.get(\"message\", None)\n                except ValueError:\n                    pass\n    \n        exception_class: Type[WebDriverException]\n        if status in ErrorCode.NO_SUCH_ELEMENT:\n            exception_class = NoSuchElementException\n        elif status in ErrorCode.NO_SUCH_FRAME:\n            exception_class = NoSuchFrameException\n        elif status in ErrorCode.NO_SUCH_SHADOW_ROOT:\n            exception_class = NoSuchShadowRootException\n        elif status in ErrorCode.NO_SUCH_WINDOW:\n            exception_class = NoSuchWindowException\n        elif status in ErrorCode.STALE_ELEMENT_REFERENCE:\n            exception_class = StaleElementReferenceException\n        elif status in ErrorCode.ELEMENT_NOT_VISIBLE:\n            exception_class = ElementNotVisibleException\n        elif status in ErrorCode.INVALID_ELEMENT_STATE:\n            exception_class = InvalidElementStateException\n        elif (\n            status in ErrorCode.INVALID_SELECTOR\n            or status in ErrorCode.INVALID_XPATH_SELECTOR\n            or status in ErrorCode.INVALID_XPATH_SELECTOR_RETURN_TYPER\n        ):\n            exception_class = InvalidSelectorException\n        elif status in ErrorCode.ELEMENT_IS_NOT_SELECTABLE:\n            exception_class = ElementNotSelectableException\n        elif status in ErrorCode.ELEMENT_NOT_INTERACTABLE:\n            exception_class = ElementNotInteractableException\n        elif status in ErrorCode.INVALID_COOKIE_DOMAIN:\n            exception_class = InvalidCookieDomainException\n        elif status in ErrorCode.UNABLE_TO_SET_COOKIE:\n            exception_class = UnableToSetCookieException\n        elif status in ErrorCode.TIMEOUT:\n            exception_class = TimeoutException\n        elif status in ErrorCode.SCRIPT_TIMEOUT:\n            exception_class = TimeoutException\n        elif status in ErrorCode.UNKNOWN_ERROR:\n            exception_class = WebDriverException\n        elif status in ErrorCode.UNEXPECTED_ALERT_OPEN:\n            exception_class = UnexpectedAlertPresentException\n        elif status in ErrorCode.NO_ALERT_OPEN:\n            exception_class = NoAlertPresentException\n        elif status in ErrorCode.IME_NOT_AVAILABLE:\n            exception_class = ImeNotAvailableException\n        elif status in ErrorCode.IME_ENGINE_ACTIVATION_FAILED:\n            exception_class = ImeActivationFailedException\n        elif status in ErrorCode.MOVE_TARGET_OUT_OF_BOUNDS:\n            exception_class = MoveTargetOutOfBoundsException\n        elif status in ErrorCode.JAVASCRIPT_ERROR:\n            exception_class = JavascriptException\n        elif status in ErrorCode.SESSION_NOT_CREATED:\n            exception_class = SessionNotCreatedException\n        elif status in ErrorCode.INVALID_ARGUMENT:\n            exception_class = InvalidArgumentException\n        elif status in ErrorCode.NO_SUCH_COOKIE:\n            exception_class = NoSuchCookieException\n        elif status in ErrorCode.UNABLE_TO_CAPTURE_SCREEN:\n            exception_class = ScreenshotException\n        elif status in ErrorCode.ELEMENT_CLICK_INTERCEPTED:\n            exception_class = ElementClickInterceptedException\n        elif status in ErrorCode.INSECURE_CERTIFICATE:\n            exception_class = InsecureCertificateException\n        elif status in ErrorCode.INVALID_COORDINATES:\n            exception_class = InvalidCoordinatesException\n        elif status in ErrorCode.INVALID_SESSION_ID:\n            exception_class = InvalidSessionIdException\n        elif status in ErrorCode.UNKNOWN_METHOD:\n            exception_class = UnknownMethodException\n        else:\n            exception_class = WebDriverException\n        if not value:\n            value = response[\"value\"]\n        if isinstance(value, str):\n            raise exception_class(value)\n        if message == \"\" and \"message\" in value:\n            message = value[\"message\"]\n    \n        screen = None  # type: ignore[assignment]\n        if \"screen\" in value:\n            screen = value[\"screen\"]\n    \n        stacktrace = None\n        st_value = value.get(\"stackTrace\") or value.get(\"stacktrace\")\n        if st_value:\n            if isinstance(st_value, str):\n                stacktrace = st_value.split(\"\\n\")\n            else:\n                stacktrace = []\n                try:\n                    for frame in st_value:\n                        line = frame.get(\"lineNumber\", \"\")\n                        file = frame.get(\"fileName\", \"<anonymous>\")\n                        if line:\n                            file = f\"{file}:{line}\"\n                        meth = frame.get(\"methodName\", \"<anonymous>\")\n                        if \"className\" in frame:\n                            meth = f\"{frame['className']}.{meth}\"\n                        msg = \"    at %s (%s)\"\n                        msg = msg % (meth, file)\n                        stacktrace.append(msg)\n                except TypeError:\n                    pass\n        if exception_class == UnexpectedAlertPresentException:\n            alert_text = None\n            if \"data\" in value:\n                alert_text = value[\"data\"].get(\"text\")\n            elif \"alert\" in value:\n                alert_text = value[\"alert\"].get(\"text\")\n            raise exception_class(message, screen, stacktrace, alert_text)  # type: ignore[call-arg]  # mypy is not smart enough here\n>       raise exception_class(message, screen, stacktrace)\nE       selenium.common.exceptions.NoSuchElementException: Message: no such element: Unable to locate element: {\"method\":\"xpath\",\"selector\":\"(//a[@href='/contact'])[3]\"}\nE         (Session info: chrome-headless-shell=122.0.6261.128); For documentation on this error, please visit: https://www.selenium.dev/documentation/webdriver/troubleshooting/errors#no-such-element-exception\nE       Stacktrace:\nE       #0 0x5fdba857cf33 <unknown>\nE       #1 0x5fdba8274ce6 <unknown>\nE       #2 0x5fdba82bfe48 <unknown>\nE       #3 0x5fdba82bff01 <unknown>\nE       #4 0x5fdba83033f4 <unknown>\nE       #5 0x5fdba82e1edd <unknown>\nE       #6 0x5fdba8300899 <unknown>\nE       #7 0x5fdba82e1c53 <unknown>\nE       #8 0x5fdba82b2db3 <unknown>\nE       #9 0x5fdba82b377e <unknown>\nE       #10 0x5fdba854286b <unknown>\nE       #11 0x5fdba8546885 <unknown>\nE       #12 0x5fdba8530181 <unknown>\nE       #13 0x5fdba8547412 <unknown>\nE       #14 0x5fdba851425f <unknown>\nE       #15 0x5fdba856b528 <unknown>\nE       #16 0x5fdba856b723 <unknown>\nE       #17 0x5fdba857c0e4 <unknown>\nE       #18 0x7b4be7b51134 <unknown>\n\n/usr/local/lib/python3.11/site-packages/selenium/webdriver/remote/errorhandler.py:245: NoSuchElementException","steps":[{"name":"Проверка функциональности ссылки 'Местоположение'","time":{"start":1710378197543,"stop":1710378197555,"duration":12},"status":"broken","statusMessage":"selenium.common.exceptions.NoSuchElementException: Message: no such element: Unable to locate element: {\"method\":\"xpath\",\"selector\":\"(//a[@href='/contact'])[3]\"}\n  (Session info: chrome-headless-shell=122.0.6261.128); For documentation on this error, please visit: https://www.selenium.dev/documentation/webdriver/troubleshooting/errors#no-such-element-exception\nStacktrace:\n#0 0x5fdba857cf33 <unknown>\n#1 0x5fdba8274ce6 <unknown>\n#2 0x5fdba82bfe48 <unknown>\n#3 0x5fdba82bff01 <unknown>\n#4 0x5fdba83033f4 <unknown>\n#5 0x5fdba82e1edd <unknown>\n#6 0x5fdba8300899 <unknown>\n#7 0x5fdba82e1c53 <unknown>\n#8 0x5fdba82b2db3 <unknown>\n#9 0x5fdba82b377e <unknown>\n#10 0x5fdba854286b <unknown>\n#11 0x5fdba8546885 <unknown>\n#12 0x5fdba8530181 <unknown>\n#13 0x5fdba8547412 <unknown>\n#14 0x5fdba851425f <unknown>\n#15 0x5fdba856b528 <unknown>\n#16 0x5fdba856b723 <unknown>\n#17 0x5fdba857c0e4 <unknown>\n#18 0x7b4be7b51134 <unknown>\n\n","statusTrace":"  File \"/usr/local/lib/python3.11/site-packages/allure_commons/_allure.py\", line 192, in impl\n    return func(*a, **kw)\n           ^^^^^^^^^^^^^^\n  File \"/app/pages/main_page.py\", line 148, in check_location_link\n    self.driver.find_element(*self._location).click()\n    ^^^^^^^^^^^^^^^^^^^^^^^^^^^^^^^^^^^^^^^^^\n  File \"/usr/local/lib/python3.11/site-packages/selenium/webdriver/remote/webdriver.py\", line 740, in find_element\n    return self.execute(Command.FIND_ELEMENT, {\"using\": by, \"value\": value})[\"value\"]\n           ^^^^^^^^^^^^^^^^^^^^^^^^^^^^^^^^^^^^^^^^^^^^^^^^^^^^^^^^^^^^^^^^^\n  File \"/usr/local/lib/python3.11/site-packages/selenium/webdriver/remote/webdriver.py\", line 346, in execute\n    self.error_handler.check_response(response)\n  File \"/usr/local/lib/python3.11/site-packages/selenium/webdriver/remote/errorhandler.py\", line 245, in check_response\n    raise exception_class(message, screen, stacktrace)\n","steps":[],"attachments":[],"parameters":[],"shouldDisplayMessage":true,"stepsCount":0,"attachmentsCount":0,"hasContent":true,"attachmentStep":false}],"attachments":[{"uid":"bdf78c6c1328bea8","name":"Screenshot","source":"bdf78c6c1328bea8.png","type":"image/png","size":39106},{"uid":"b524bde5b1bb672","name":"HTML source","source":"b524bde5b1bb672.html","type":"text/html","size":538}],"parameters":[],"shouldDisplayMessage":true,"stepsCount":1,"attachmentsCount":2,"hasContent":true,"attachmentStep":false},"afterStages":[{"name":"setup::0","time":{"start":1710378197676,"stop":1710378197676,"duration":0},"status":"passed","steps":[],"attachments":[],"parameters":[],"shouldDisplayMessage":false,"stepsCount":0,"attachmentsCount":0,"hasContent":false,"attachmentStep":false},{"name":"driver::0","time":{"start":1710378197677,"stop":1710378197734,"duration":57},"status":"passed","steps":[],"attachments":[],"parameters":[],"shouldDisplayMessage":false,"stepsCount":0,"attachmentsCount":0,"hasContent":false,"attachmentStep":false}],"labels":[{"name":"feature","value":"Footer functionality"},{"name":"epic","value":"Main Page"},{"name":"tag","value":"smoke_test"},{"name":"parentSuite","value":"tests"},{"name":"suite","value":"test_main_page"},{"name":"subSuite","value":"TestMainPage"},{"name":"host","value":"c722dd9c5e8e"},{"name":"thread","value":"1-MainThread"},{"name":"framework","value":"pytest"},{"name":"language","value":"cpython3"},{"name":"package","value":"tests.test_main_page"},{"name":"resultFormat","value":"allure2"}],"parameters":[{"name":"url","value":"'https://test2.stroyrem-nn.ru/'"}],"links":[],"hidden":false,"retry":false,"extra":{"severity":"normal","retries":[],"categories":[{"name":"Test defects","matchedStatuses":[],"flaky":false}],"history":{"statistic":{"failed":0,"broken":183,"skipped":0,"passed":35,"unknown":0,"total":218},"items":[{"uid":"4d76f466eb07d197","reportUrl":"https://zaelcovsky.github.io/StroyremAutomation/260//#testresult/4d76f466eb07d197","status":"broken","statusDetails":"selenium.common.exceptions.NoSuchElementException: Message: no such element: Unable to locate element: {\"method\":\"xpath\",\"selector\":\"(//a[@href='/contact'])[3]\"}\n  (Session info: chrome-headless-shell=122.0.6261.128); For documentation on this error, please visit: https://www.selenium.dev/documentation/webdriver/troubleshooting/errors#no-such-element-exception\nStacktrace:\n#0 0x556683fa5f33 <unknown>\n#1 0x556683c9dce6 <unknown>\n#2 0x556683ce8e48 <unknown>\n#3 0x556683ce8f01 <unknown>\n#4 0x556683d2c3f4 <unknown>\n#5 0x556683d0aedd <unknown>\n#6 0x556683d29899 <unknown>\n#7 0x556683d0ac53 <unknown>\n#8 0x556683cdbdb3 <unknown>\n#9 0x556683cdc77e <unknown>\n#10 0x556683f6b86b <unknown>\n#11 0x556683f6f885 <unknown>\n#12 0x556683f59181 <unknown>\n#13 0x556683f70412 <unknown>\n#14 0x556683f3d25f <unknown>\n#15 0x556683f94528 <unknown>\n#16 0x556683f94723 <unknown>\n#17 0x556683fa50e4 <unknown>\n#18 0x7fca6bc37134 <unknown>","time":{"start":1710291970537,"stop":1710291970552,"duration":15}},{"uid":"e885a576a8f0e0d3","reportUrl":"https://zaelcovsky.github.io/StroyremAutomation/259//#testresult/e885a576a8f0e0d3","status":"broken","statusDetails":"selenium.common.exceptions.NoSuchElementException: Message: no such element: Unable to locate element: {\"method\":\"xpath\",\"selector\":\"(//a[@href='/contact'])[3]\"}\n  (Session info: chrome-headless-shell=122.0.6261.111); For documentation on this error, please visit: https://www.selenium.dev/documentation/webdriver/troubleshooting/errors#no-such-element-exception\nStacktrace:\n#0 0x567cf6cb2ec3 <unknown>\n#1 0x567cf69aace6 <unknown>\n#2 0x567cf69f5e48 <unknown>\n#3 0x567cf69f5f01 <unknown>\n#4 0x567cf6a393f4 <unknown>\n#5 0x567cf6a17edd <unknown>\n#6 0x567cf6a36899 <unknown>\n#7 0x567cf6a17c53 <unknown>\n#8 0x567cf69e8db3 <unknown>\n#9 0x567cf69e977e <unknown>\n#10 0x567cf6c787fb <unknown>\n#11 0x567cf6c7c815 <unknown>\n#12 0x567cf6c66111 <unknown>\n#13 0x567cf6c7d3a2 <unknown>\n#14 0x567cf6c4a1ef <unknown>\n#15 0x567cf6ca14b8 <unknown>\n#16 0x567cf6ca16b3 <unknown>\n#17 0x567cf6cb2074 <unknown>\n#18 0x744f7d361134 <unknown>","time":{"start":1710205337829,"stop":1710205337843,"duration":14}},{"uid":"40ea0ac009bc5c45","reportUrl":"https://zaelcovsky.github.io/StroyremAutomation/258//#testresult/40ea0ac009bc5c45","status":"broken","statusDetails":"selenium.common.exceptions.NoSuchElementException: Message: no such element: Unable to locate element: {\"method\":\"xpath\",\"selector\":\"(//a[@href='/contact'])[3]\"}\n  (Session info: chrome-headless-shell=122.0.6261.111); For documentation on this error, please visit: https://www.selenium.dev/documentation/webdriver/troubleshooting/errors#no-such-element-exception\nStacktrace:\n#0 0x5593c7b7fec3 <unknown>\n#1 0x5593c7877ce6 <unknown>\n#2 0x5593c78c2e48 <unknown>\n#3 0x5593c78c2f01 <unknown>\n#4 0x5593c79063f4 <unknown>\n#5 0x5593c78e4edd <unknown>\n#6 0x5593c7903899 <unknown>\n#7 0x5593c78e4c53 <unknown>\n#8 0x5593c78b5db3 <unknown>\n#9 0x5593c78b677e <unknown>\n#10 0x5593c7b457fb <unknown>\n#11 0x5593c7b49815 <unknown>\n#12 0x5593c7b33111 <unknown>\n#13 0x5593c7b4a3a2 <unknown>\n#14 0x5593c7b171ef <unknown>\n#15 0x5593c7b6e4b8 <unknown>\n#16 0x5593c7b6e6b3 <unknown>\n#17 0x5593c7b7f074 <unknown>\n#18 0x7fd0d9ad6134 <unknown>","time":{"start":1710119015165,"stop":1710119015178,"duration":13}},{"uid":"48b4cc7dd430c6a5","reportUrl":"https://zaelcovsky.github.io/StroyremAutomation/257//#testresult/48b4cc7dd430c6a5","status":"broken","statusDetails":"selenium.common.exceptions.NoSuchElementException: Message: no such element: Unable to locate element: {\"method\":\"xpath\",\"selector\":\"(//a[@href='/contact'])[3]\"}\n  (Session info: chrome-headless-shell=122.0.6261.111); For documentation on this error, please visit: https://www.selenium.dev/documentation/webdriver/troubleshooting/errors#no-such-element-exception\nStacktrace:\n#0 0x55b43ff5dec3 <unknown>\n#1 0x55b43fc55ce6 <unknown>\n#2 0x55b43fca0e48 <unknown>\n#3 0x55b43fca0f01 <unknown>\n#4 0x55b43fce43f4 <unknown>\n#5 0x55b43fcc2edd <unknown>\n#6 0x55b43fce1899 <unknown>\n#7 0x55b43fcc2c53 <unknown>\n#8 0x55b43fc93db3 <unknown>\n#9 0x55b43fc9477e <unknown>\n#10 0x55b43ff237fb <unknown>\n#11 0x55b43ff27815 <unknown>\n#12 0x55b43ff11111 <unknown>\n#13 0x55b43ff283a2 <unknown>\n#14 0x55b43fef51ef <unknown>\n#15 0x55b43ff4c4b8 <unknown>\n#16 0x55b43ff4c6b3 <unknown>\n#17 0x55b43ff5d074 <unknown>\n#18 0x7feacd89f134 <unknown>","time":{"start":1710032833636,"stop":1710032833649,"duration":13}},{"uid":"c41e3401bf121c3","reportUrl":"https://zaelcovsky.github.io/StroyremAutomation/256//#testresult/c41e3401bf121c3","status":"broken","statusDetails":"selenium.common.exceptions.NoSuchElementException: Message: no such element: Unable to locate element: {\"method\":\"xpath\",\"selector\":\"(//a[@href='/contact'])[3]\"}\n  (Session info: chrome-headless-shell=122.0.6261.111); For documentation on this error, please visit: https://www.selenium.dev/documentation/webdriver/troubleshooting/errors#no-such-element-exception\nStacktrace:\n#0 0x55b421e08ec3 <unknown>\n#1 0x55b421b00ce6 <unknown>\n#2 0x55b421b4be48 <unknown>\n#3 0x55b421b4bf01 <unknown>\n#4 0x55b421b8f3f4 <unknown>\n#5 0x55b421b6dedd <unknown>\n#6 0x55b421b8c899 <unknown>\n#7 0x55b421b6dc53 <unknown>\n#8 0x55b421b3edb3 <unknown>\n#9 0x55b421b3f77e <unknown>\n#10 0x55b421dce7fb <unknown>\n#11 0x55b421dd2815 <unknown>\n#12 0x55b421dbc111 <unknown>\n#13 0x55b421dd33a2 <unknown>\n#14 0x55b421da01ef <unknown>\n#15 0x55b421df74b8 <unknown>\n#16 0x55b421df76b3 <unknown>\n#17 0x55b421e08074 <unknown>\n#18 0x7fddc3a42134 <unknown>","time":{"start":1709946069130,"stop":1709946069143,"duration":13}},{"uid":"89a20f01e2716ab1","reportUrl":"https://zaelcovsky.github.io/StroyremAutomation/255//#testresult/89a20f01e2716ab1","status":"broken","statusDetails":"selenium.common.exceptions.NoSuchElementException: Message: no such element: Unable to locate element: {\"method\":\"xpath\",\"selector\":\"(//a[@href='/contact'])[3]\"}\n  (Session info: chrome-headless-shell=122.0.6261.111); For documentation on this error, please visit: https://www.selenium.dev/documentation/webdriver/troubleshooting/errors#no-such-element-exception\nStacktrace:\n#0 0x55b589965ec3 <unknown>\n#1 0x55b58965dce6 <unknown>\n#2 0x55b5896a8e48 <unknown>\n#3 0x55b5896a8f01 <unknown>\n#4 0x55b5896ec3f4 <unknown>\n#5 0x55b5896caedd <unknown>\n#6 0x55b5896e9899 <unknown>\n#7 0x55b5896cac53 <unknown>\n#8 0x55b58969bdb3 <unknown>\n#9 0x55b58969c77e <unknown>\n#10 0x55b58992b7fb <unknown>\n#11 0x55b58992f815 <unknown>\n#12 0x55b589919111 <unknown>\n#13 0x55b5899303a2 <unknown>\n#14 0x55b5898fd1ef <unknown>\n#15 0x55b5899544b8 <unknown>\n#16 0x55b5899546b3 <unknown>\n#17 0x55b589965074 <unknown>\n#18 0x7fe44a193134 <unknown>","time":{"start":1709859746090,"stop":1709859746104,"duration":14}},{"uid":"d0a2deb76fd97767","reportUrl":"https://zaelcovsky.github.io/StroyremAutomation/254//#testresult/d0a2deb76fd97767","status":"broken","statusDetails":"selenium.common.exceptions.NoSuchElementException: Message: no such element: Unable to locate element: {\"method\":\"xpath\",\"selector\":\"(//a[@href='/contact'])[3]\"}\n  (Session info: chrome-headless-shell=122.0.6261.94); For documentation on this error, please visit: https://www.selenium.dev/documentation/webdriver/troubleshooting/errors#no-such-element-exception\nStacktrace:\n#0 0x5637745fde93 <unknown>\n#1 0x5637742f5ce6 <unknown>\n#2 0x563774340e48 <unknown>\n#3 0x563774340f01 <unknown>\n#4 0x5637743843f4 <unknown>\n#5 0x563774362edd <unknown>\n#6 0x563774381899 <unknown>\n#7 0x563774362c53 <unknown>\n#8 0x563774333db3 <unknown>\n#9 0x56377433477e <unknown>\n#10 0x5637745c37cb <unknown>\n#11 0x5637745c77e5 <unknown>\n#12 0x5637745b10e1 <unknown>\n#13 0x5637745c8372 <unknown>\n#14 0x5637745951bf <unknown>\n#15 0x5637745ec488 <unknown>\n#16 0x5637745ec683 <unknown>\n#17 0x5637745fd044 <unknown>\n#18 0x7f995ee6d134 <unknown>","time":{"start":1709772817496,"stop":1709772817509,"duration":13}},{"uid":"4ca0a8f9bf1944f2","reportUrl":"https://zaelcovsky.github.io/StroyremAutomation/253//#testresult/4ca0a8f9bf1944f2","status":"broken","statusDetails":"selenium.common.exceptions.NoSuchElementException: Message: no such element: Unable to locate element: {\"method\":\"xpath\",\"selector\":\"(//a[@href='/contact'])[3]\"}\n  (Session info: chrome-headless-shell=122.0.6261.94); For documentation on this error, please visit: https://www.selenium.dev/documentation/webdriver/troubleshooting/errors#no-such-element-exception\nStacktrace:\n#0 0x5643e7a47e93 <unknown>\n#1 0x5643e773fce6 <unknown>\n#2 0x5643e778ae48 <unknown>\n#3 0x5643e778af01 <unknown>\n#4 0x5643e77ce3f4 <unknown>\n#5 0x5643e77acedd <unknown>\n#6 0x5643e77cb899 <unknown>\n#7 0x5643e77acc53 <unknown>\n#8 0x5643e777ddb3 <unknown>\n#9 0x5643e777e77e <unknown>\n#10 0x5643e7a0d7cb <unknown>\n#11 0x5643e7a117e5 <unknown>\n#12 0x5643e79fb0e1 <unknown>\n#13 0x5643e7a12372 <unknown>\n#14 0x5643e79df1bf <unknown>\n#15 0x5643e7a36488 <unknown>\n#16 0x5643e7a36683 <unknown>\n#17 0x5643e7a47044 <unknown>\n#18 0x7fcfc661e134 <unknown>","time":{"start":1709686948478,"stop":1709686948490,"duration":12}},{"uid":"5dd837de0da3e77b","reportUrl":"https://zaelcovsky.github.io/StroyremAutomation/252//#testresult/5dd837de0da3e77b","status":"broken","statusDetails":"selenium.common.exceptions.NoSuchElementException: Message: no such element: Unable to locate element: {\"method\":\"xpath\",\"selector\":\"(//a[@href='/contact'])[3]\"}\n  (Session info: chrome-headless-shell=122.0.6261.94); For documentation on this error, please visit: https://www.selenium.dev/documentation/webdriver/troubleshooting/errors#no-such-element-exception\nStacktrace:\n#0 0x559df6d9ee93 <unknown>\n#1 0x559df6a96ce6 <unknown>\n#2 0x559df6ae1e48 <unknown>\n#3 0x559df6ae1f01 <unknown>\n#4 0x559df6b253f4 <unknown>\n#5 0x559df6b03edd <unknown>\n#6 0x559df6b22899 <unknown>\n#7 0x559df6b03c53 <unknown>\n#8 0x559df6ad4db3 <unknown>\n#9 0x559df6ad577e <unknown>\n#10 0x559df6d647cb <unknown>\n#11 0x559df6d687e5 <unknown>\n#12 0x559df6d520e1 <unknown>\n#13 0x559df6d69372 <unknown>\n#14 0x559df6d361bf <unknown>\n#15 0x559df6d8d488 <unknown>\n#16 0x559df6d8d683 <unknown>\n#17 0x559df6d9e044 <unknown>\n#18 0x7fccd4ab9134 <unknown>","time":{"start":1709600538590,"stop":1709600538604,"duration":14}},{"uid":"37da6f2830551aeb","reportUrl":"https://zaelcovsky.github.io/StroyremAutomation/251//#testresult/37da6f2830551aeb","status":"broken","statusDetails":"selenium.common.exceptions.NoSuchElementException: Message: no such element: Unable to locate element: {\"method\":\"xpath\",\"selector\":\"(//a[@href='/contact'])[3]\"}\n  (Session info: chrome-headless-shell=122.0.6261.94); For documentation on this error, please visit: https://www.selenium.dev/documentation/webdriver/troubleshooting/errors#no-such-element-exception\nStacktrace:\n#0 0x562d0569ae93 <unknown>\n#1 0x562d05392ce6 <unknown>\n#2 0x562d053dde48 <unknown>\n#3 0x562d053ddf01 <unknown>\n#4 0x562d054213f4 <unknown>\n#5 0x562d053ffedd <unknown>\n#6 0x562d0541e899 <unknown>\n#7 0x562d053ffc53 <unknown>\n#8 0x562d053d0db3 <unknown>\n#9 0x562d053d177e <unknown>\n#10 0x562d056607cb <unknown>\n#11 0x562d056647e5 <unknown>\n#12 0x562d0564e0e1 <unknown>\n#13 0x562d05665372 <unknown>\n#14 0x562d056321bf <unknown>\n#15 0x562d05689488 <unknown>\n#16 0x562d05689683 <unknown>\n#17 0x562d0569a044 <unknown>\n#18 0x7fdec90f7134 <unknown>","time":{"start":1709514198729,"stop":1709514198741,"duration":12}},{"uid":"57064d688df9ebdd","reportUrl":"https://zaelcovsky.github.io/StroyremAutomation/250//#testresult/57064d688df9ebdd","status":"broken","statusDetails":"selenium.common.exceptions.NoSuchElementException: Message: no such element: Unable to locate element: {\"method\":\"xpath\",\"selector\":\"(//a[@href='/contact'])[3]\"}\n  (Session info: chrome-headless-shell=122.0.6261.94); For documentation on this error, please visit: https://www.selenium.dev/documentation/webdriver/troubleshooting/errors#no-such-element-exception\nStacktrace:\n#0 0x561b31461e93 <unknown>\n#1 0x561b31159ce6 <unknown>\n#2 0x561b311a4e48 <unknown>\n#3 0x561b311a4f01 <unknown>\n#4 0x561b311e83f4 <unknown>\n#5 0x561b311c6edd <unknown>\n#6 0x561b311e5899 <unknown>\n#7 0x561b311c6c53 <unknown>\n#8 0x561b31197db3 <unknown>\n#9 0x561b3119877e <unknown>\n#10 0x561b314277cb <unknown>\n#11 0x561b3142b7e5 <unknown>\n#12 0x561b314150e1 <unknown>\n#13 0x561b3142c372 <unknown>\n#14 0x561b313f91bf <unknown>\n#15 0x561b31450488 <unknown>\n#16 0x561b31450683 <unknown>\n#17 0x561b31461044 <unknown>\n#18 0x7f19275ed134 <unknown>","time":{"start":1709427980316,"stop":1709427980329,"duration":13}},{"uid":"f3518eccfb19f8cb","reportUrl":"https://zaelcovsky.github.io/StroyremAutomation/249//#testresult/f3518eccfb19f8cb","status":"broken","statusDetails":"selenium.common.exceptions.NoSuchElementException: Message: no such element: Unable to locate element: {\"method\":\"xpath\",\"selector\":\"(//a[@href='/contact'])[3]\"}\n  (Session info: chrome-headless-shell=122.0.6261.94); For documentation on this error, please visit: https://www.selenium.dev/documentation/webdriver/troubleshooting/errors#no-such-element-exception\nStacktrace:\n#0 0x5594fd359e93 <unknown>\n#1 0x5594fd051ce6 <unknown>\n#2 0x5594fd09ce48 <unknown>\n#3 0x5594fd09cf01 <unknown>\n#4 0x5594fd0e03f4 <unknown>\n#5 0x5594fd0beedd <unknown>\n#6 0x5594fd0dd899 <unknown>\n#7 0x5594fd0bec53 <unknown>\n#8 0x5594fd08fdb3 <unknown>\n#9 0x5594fd09077e <unknown>\n#10 0x5594fd31f7cb <unknown>\n#11 0x5594fd3237e5 <unknown>\n#12 0x5594fd30d0e1 <unknown>\n#13 0x5594fd324372 <unknown>\n#14 0x5594fd2f11bf <unknown>\n#15 0x5594fd348488 <unknown>\n#16 0x5594fd348683 <unknown>\n#17 0x5594fd359044 <unknown>\n#18 0x7fb68759a134 <unknown>","time":{"start":1709341313918,"stop":1709341313931,"duration":13}},{"uid":"f1a707b4da8f56b2","reportUrl":"https://zaelcovsky.github.io/StroyremAutomation/248//#testresult/f1a707b4da8f56b2","status":"broken","statusDetails":"selenium.common.exceptions.NoSuchElementException: Message: no such element: Unable to locate element: {\"method\":\"xpath\",\"selector\":\"(//a[@href='/contact'])[3]\"}\n  (Session info: chrome-headless-shell=122.0.6261.94); For documentation on this error, please visit: https://www.selenium.dev/documentation/webdriver/troubleshooting/errors#no-such-element-exception\nStacktrace:\n#0 0x560d7866ee93 <unknown>\n#1 0x560d78366ce6 <unknown>\n#2 0x560d783b1e48 <unknown>\n#3 0x560d783b1f01 <unknown>\n#4 0x560d783f53f4 <unknown>\n#5 0x560d783d3edd <unknown>\n#6 0x560d783f2899 <unknown>\n#7 0x560d783d3c53 <unknown>\n#8 0x560d783a4db3 <unknown>\n#9 0x560d783a577e <unknown>\n#10 0x560d786347cb <unknown>\n#11 0x560d786387e5 <unknown>\n#12 0x560d786220e1 <unknown>\n#13 0x560d78639372 <unknown>\n#14 0x560d786061bf <unknown>\n#15 0x560d7865d488 <unknown>\n#16 0x560d7865d683 <unknown>\n#17 0x560d7866e044 <unknown>\n#18 0x7f8cbd569134 <unknown>","time":{"start":1709255285657,"stop":1709255285671,"duration":14}},{"uid":"c381afccaa204e6c","reportUrl":"https://zaelcovsky.github.io/StroyremAutomation/247//#testresult/c381afccaa204e6c","status":"broken","statusDetails":"selenium.common.exceptions.NoSuchElementException: Message: no such element: Unable to locate element: {\"method\":\"xpath\",\"selector\":\"(//a[@href='/contact'])[3]\"}\n  (Session info: chrome-headless-shell=122.0.6261.94); For documentation on this error, please visit: https://www.selenium.dev/documentation/webdriver/troubleshooting/errors#no-such-element-exception\nStacktrace:\n#0 0x55d5f0975e93 <unknown>\n#1 0x55d5f066dce6 <unknown>\n#2 0x55d5f06b8e48 <unknown>\n#3 0x55d5f06b8f01 <unknown>\n#4 0x55d5f06fc3f4 <unknown>\n#5 0x55d5f06daedd <unknown>\n#6 0x55d5f06f9899 <unknown>\n#7 0x55d5f06dac53 <unknown>\n#8 0x55d5f06abdb3 <unknown>\n#9 0x55d5f06ac77e <unknown>\n#10 0x55d5f093b7cb <unknown>\n#11 0x55d5f093f7e5 <unknown>\n#12 0x55d5f09290e1 <unknown>\n#13 0x55d5f0940372 <unknown>\n#14 0x55d5f090d1bf <unknown>\n#15 0x55d5f0964488 <unknown>\n#16 0x55d5f0964683 <unknown>\n#17 0x55d5f0975044 <unknown>\n#18 0x7fd67c33c134 <unknown>","time":{"start":1709168541407,"stop":1709168541421,"duration":14}},{"uid":"aca01f19ea629cac","reportUrl":"https://zaelcovsky.github.io/StroyremAutomation/246//#testresult/aca01f19ea629cac","status":"broken","statusDetails":"selenium.common.exceptions.NoSuchElementException: Message: no such element: Unable to locate element: {\"method\":\"xpath\",\"selector\":\"(//a[@href='/contact'])[3]\"}\n  (Session info: chrome-headless-shell=122.0.6261.94); For documentation on this error, please visit: https://www.selenium.dev/documentation/webdriver/troubleshooting/errors#no-such-element-exception\nStacktrace:\n#0 0x55e7ff864e93 <unknown>\n#1 0x55e7ff55cce6 <unknown>\n#2 0x55e7ff5a7e48 <unknown>\n#3 0x55e7ff5a7f01 <unknown>\n#4 0x55e7ff5eb3f4 <unknown>\n#5 0x55e7ff5c9edd <unknown>\n#6 0x55e7ff5e8899 <unknown>\n#7 0x55e7ff5c9c53 <unknown>\n#8 0x55e7ff59adb3 <unknown>\n#9 0x55e7ff59b77e <unknown>\n#10 0x55e7ff82a7cb <unknown>\n#11 0x55e7ff82e7e5 <unknown>\n#12 0x55e7ff8180e1 <unknown>\n#13 0x55e7ff82f372 <unknown>\n#14 0x55e7ff7fc1bf <unknown>\n#15 0x55e7ff853488 <unknown>\n#16 0x55e7ff853683 <unknown>\n#17 0x55e7ff864044 <unknown>\n#18 0x7fa641464134 <unknown>","time":{"start":1709082144900,"stop":1709082144913,"duration":13}},{"uid":"aa96ad6a426674a1","reportUrl":"https://zaelcovsky.github.io/StroyremAutomation/245//#testresult/aa96ad6a426674a1","status":"broken","statusDetails":"selenium.common.exceptions.NoSuchElementException: Message: no such element: Unable to locate element: {\"method\":\"xpath\",\"selector\":\"(//a[@href='/contact'])[3]\"}\n  (Session info: chrome-headless-shell=122.0.6261.69); For documentation on this error, please visit: https://www.selenium.dev/documentation/webdriver/troubleshooting/errors#no-such-element-exception\nStacktrace:\n#0 0x55e57c16a793 <unknown>\n#1 0x55e57be5e1c6 <unknown>\n#2 0x55e57bea9358 <unknown>\n#3 0x55e57bea9411 <unknown>\n#4 0x55e57beec934 <unknown>\n#5 0x55e57becb3fd <unknown>\n#6 0x55e57bee9dd9 <unknown>\n#7 0x55e57becb173 <unknown>\n#8 0x55e57be9c2d3 <unknown>\n#9 0x55e57be9cc9e <unknown>\n#10 0x55e57c12e8cb <unknown>\n#11 0x55e57c132745 <unknown>\n#12 0x55e57c11b2e1 <unknown>\n#13 0x55e57c1332d2 <unknown>\n#14 0x55e57c0ff17f <unknown>\n#15 0x55e57c158dc8 <unknown>\n#16 0x55e57c158fc3 <unknown>\n#17 0x55e57c169944 <unknown>\n#18 0x7f30d5a80134 <unknown>","time":{"start":1708995762692,"stop":1708995762706,"duration":14}},{"uid":"af5fbe46e0727cd9","reportUrl":"https://zaelcovsky.github.io/StroyremAutomation/244//#testresult/af5fbe46e0727cd9","status":"broken","statusDetails":"selenium.common.exceptions.NoSuchElementException: Message: no such element: Unable to locate element: {\"method\":\"xpath\",\"selector\":\"(//a[@href='/contact'])[3]\"}\n  (Session info: chrome-headless-shell=122.0.6261.69); For documentation on this error, please visit: https://www.selenium.dev/documentation/webdriver/troubleshooting/errors#no-such-element-exception\nStacktrace:\n#0 0x5637c6090793 <unknown>\n#1 0x5637c5d841c6 <unknown>\n#2 0x5637c5dcf358 <unknown>\n#3 0x5637c5dcf411 <unknown>\n#4 0x5637c5e12934 <unknown>\n#5 0x5637c5df13fd <unknown>\n#6 0x5637c5e0fdd9 <unknown>\n#7 0x5637c5df1173 <unknown>\n#8 0x5637c5dc22d3 <unknown>\n#9 0x5637c5dc2c9e <unknown>\n#10 0x5637c60548cb <unknown>\n#11 0x5637c6058745 <unknown>\n#12 0x5637c60412e1 <unknown>\n#13 0x5637c60592d2 <unknown>\n#14 0x5637c602517f <unknown>\n#15 0x5637c607edc8 <unknown>\n#16 0x5637c607efc3 <unknown>\n#17 0x5637c608f944 <unknown>\n#18 0x7fd4d474c134 <unknown>","time":{"start":1708909418490,"stop":1708909418503,"duration":13}},{"uid":"880330f3b1045a87","reportUrl":"https://zaelcovsky.github.io/StroyremAutomation/243//#testresult/880330f3b1045a87","status":"broken","statusDetails":"selenium.common.exceptions.NoSuchElementException: Message: no such element: Unable to locate element: {\"method\":\"xpath\",\"selector\":\"(//a[@href='/contact'])[3]\"}\n  (Session info: chrome-headless-shell=122.0.6261.69); For documentation on this error, please visit: https://www.selenium.dev/documentation/webdriver/troubleshooting/errors#no-such-element-exception\nStacktrace:\n#0 0x563d5fdca793 <unknown>\n#1 0x563d5fabe1c6 <unknown>\n#2 0x563d5fb09358 <unknown>\n#3 0x563d5fb09411 <unknown>\n#4 0x563d5fb4c934 <unknown>\n#5 0x563d5fb2b3fd <unknown>\n#6 0x563d5fb49dd9 <unknown>\n#7 0x563d5fb2b173 <unknown>\n#8 0x563d5fafc2d3 <unknown>\n#9 0x563d5fafcc9e <unknown>\n#10 0x563d5fd8e8cb <unknown>\n#11 0x563d5fd92745 <unknown>\n#12 0x563d5fd7b2e1 <unknown>\n#13 0x563d5fd932d2 <unknown>\n#14 0x563d5fd5f17f <unknown>\n#15 0x563d5fdb8dc8 <unknown>\n#16 0x563d5fdb8fc3 <unknown>\n#17 0x563d5fdc9944 <unknown>\n#18 0x7f72727cb134 <unknown>","time":{"start":1708823202426,"stop":1708823202439,"duration":13}},{"uid":"5fe846f5045b659d","reportUrl":"https://zaelcovsky.github.io/StroyremAutomation/242//#testresult/5fe846f5045b659d","status":"broken","statusDetails":"selenium.common.exceptions.NoSuchElementException: Message: no such element: Unable to locate element: {\"method\":\"xpath\",\"selector\":\"(//a[@href='/contact'])[3]\"}\n  (Session info: chrome-headless-shell=122.0.6261.69); For documentation on this error, please visit: https://www.selenium.dev/documentation/webdriver/troubleshooting/errors#no-such-element-exception\nStacktrace:\n#0 0x55730e989793 <unknown>\n#1 0x55730e67d1c6 <unknown>\n#2 0x55730e6c8358 <unknown>\n#3 0x55730e6c8411 <unknown>\n#4 0x55730e70b934 <unknown>\n#5 0x55730e6ea3fd <unknown>\n#6 0x55730e708dd9 <unknown>\n#7 0x55730e6ea173 <unknown>\n#8 0x55730e6bb2d3 <unknown>\n#9 0x55730e6bbc9e <unknown>\n#10 0x55730e94d8cb <unknown>\n#11 0x55730e951745 <unknown>\n#12 0x55730e93a2e1 <unknown>\n#13 0x55730e9522d2 <unknown>\n#14 0x55730e91e17f <unknown>\n#15 0x55730e977dc8 <unknown>\n#16 0x55730e977fc3 <unknown>\n#17 0x55730e988944 <unknown>\n#18 0x7f4b740be134 <unknown>","time":{"start":1708736457005,"stop":1708736457018,"duration":13}},{"uid":"368263b2f9eff612","reportUrl":"https://zaelcovsky.github.io/StroyremAutomation/241//#testresult/368263b2f9eff612","status":"broken","statusDetails":"selenium.common.exceptions.NoSuchElementException: Message: no such element: Unable to locate element: {\"method\":\"xpath\",\"selector\":\"(//a[@href='/contact'])[3]\"}\n  (Session info: chrome-headless-shell=122.0.6261.69); For documentation on this error, please visit: https://www.selenium.dev/documentation/webdriver/troubleshooting/errors#no-such-element-exception\nStacktrace:\n#0 0x56361bd61793 <unknown>\n#1 0x56361ba551c6 <unknown>\n#2 0x56361baa0358 <unknown>\n#3 0x56361baa0411 <unknown>\n#4 0x56361bae3934 <unknown>\n#5 0x56361bac23fd <unknown>\n#6 0x56361bae0dd9 <unknown>\n#7 0x56361bac2173 <unknown>\n#8 0x56361ba932d3 <unknown>\n#9 0x56361ba93c9e <unknown>\n#10 0x56361bd258cb <unknown>\n#11 0x56361bd29745 <unknown>\n#12 0x56361bd122e1 <unknown>\n#13 0x56361bd2a2d2 <unknown>\n#14 0x56361bcf617f <unknown>\n#15 0x56361bd4fdc8 <unknown>\n#16 0x56361bd4ffc3 <unknown>\n#17 0x56361bd60944 <unknown>\n#18 0x7f979db11134 <unknown>","time":{"start":1708650100487,"stop":1708650100500,"duration":13}}]},"tags":["smoke_test"]},"source":"c7d7d1f3b38fabf0.json","parameterValues":["'https://test2.stroyrem-nn.ru/'"]}