{"uid":"b645961ad17fbc5","name":"test_positive_delivery_green_zone_smoke[TD 004-products/shtukaturka-gipsovaya-aksolit-m50-30-kg-mashinnogo-naneseniya-13-400-450-1590-2190-https://sandboxtest.stroyrem-nn.ru/]","fullName":"tests.delivery.test_delivery_calculation.TestDeliveryPageCalculation#test_positive_delivery_green_zone_smoke","historyId":"ce812b2a55ed9f6130bedf202fa509e3","time":{"start":1698023307213,"stop":1698023311676,"duration":4463},"status":"broken","statusMessage":"selenium.common.exceptions.NoSuchElementException: Message: no such element: Unable to locate element: {\"method\":\"xpath\",\"selector\":\"//input[@class='amount']\"}\n  (Session info: headless chrome=118.0.5993.70); For documentation on this error, please visit: https://www.selenium.dev/documentation/webdriver/troubleshooting/errors#no-such-element-exception\nStacktrace:\n#0 0x556a80a20fb3 <unknown>\n#1 0x556a806f44a7 <unknown>\n#2 0x556a8073bdd6 <unknown>\n#3 0x556a8073bec1 <unknown>\n#4 0x556a80779354 <unknown>\n#5 0x556a8075d96d <unknown>\n#6 0x556a80776c02 <unknown>\n#7 0x556a8075d713 <unknown>\n#8 0x556a8073018b <unknown>\n#9 0x556a80730f7e <unknown>\n#10 0x556a809e68d8 <unknown>\n#11 0x556a809ea800 <unknown>\n#12 0x556a809f4cfc <unknown>\n#13 0x556a809eb418 <unknown>\n#14 0x556a809b842f <unknown>\n#15 0x556a80a0f4e8 <unknown>\n#16 0x556a80a0f6b4 <unknown>\n#17 0x556a80a20143 <unknown>\n#18 0x7f1595b01044 <unknown>","statusTrace":"self = <tests.delivery.test_delivery_calculation.TestDeliveryPageCalculation object at 0x7f99edcdeed0>\ndriver = <selenium.webdriver.chrome.webdriver.WebDriver (session=\"cdf52f2fa77e82e3535b8a7b8860327d\")>\nurl = 'https://sandboxtest.stroyrem-nn.ru/', case_id = 'TD 004'\nlink_item = 'products/shtukaturka-gipsovaya-aksolit-m50-30-kg-mashinnogo-naneseniya'\namount = 13, weight = 400, standard = 450, in_time = 1590, all_time = 2190\n\n    @pytest.mark.parametrize('case_id, link_item, amount, weight, standard, in_time, all_time', [\n        (\"TD 001\", uroven_3000, 1, 30, 0, 1590, 2190),\n        (\"TD 002\", bundeks_25, 1, 30, 400, 1590, 2190),\n        (\"TD 003\", aksolit_30, 8, 300, 400, 1590, 2190),\n        (\"TD 004\", aksolit_30, 13, 400, 450, 1590, 2190),\n        (\"TD 005\", aksolit_30, 16, 500, 600, 1590, 2190),\n        (\"TD 006\", aksolit_30, 25, 1700, 990, 1990, 2480),\n        (\"TD 007\", aksolit_30, 66, 2000, 1300, 2490, 2980),\n        (\"TD 008\", aksolit_30, 149, 4500, 2300, 3980, 4490),\n        (\"TD 009\", aksolit_30, 166, 5000, 2500, 4990, 5480),\n        pytest.param(\n            \"TD 010\", aksolit_30, 206, 6200, 2900, 5570, 6120,\n            marks=pytest.mark.xfail(reson=\"Цена доставки 3600 7960 8980\")\n        ),\n        (\"TD 011\", aksolit_30, 299, 9000, 3600, 7960, 8980),\n        (\"TD 012\", aksolit_30, 333, 10000, 4450, 11990, 12500),\n        pytest.param(\n            \"TD 013\", aksolit_30, 366, 11000, 4800, 12450, 13480,\n            marks=pytest.mark.xfail(reason=\"Цена стандартной доставки 4450\")\n        ),\n        pytest.param(\n            \"TD 014\", aksolit_30, 666, 20000, 5400, 15600, 17490,\n            marks=pytest.mark.xfail(reason=\"Цена стандартной доставки 4450\")\n        )\n    ])\n    @pytest.mark.smoke\n    def test_positive_delivery_green_zone_smoke(\n            self, driver, url, case_id, link_item, amount, weight, standard, in_time, all_time\n    ):\n    \n        driver.get(f'{url}{link_item}')\n        item_page = ItemPage(driver)\n>       item_page.add_item_to_cart(amount).click_on_cart()\n\ntests/delivery/test_delivery_calculation.py:49: \n_ _ _ _ _ _ _ _ _ _ _ _ _ _ _ _ _ _ _ _ _ _ _ _ _ _ _ _ _ _ _ _ _ _ _ _ _ _ _ _ \npages/item_page.py:41: in add_item_to_cart\n    amount_field = self.find_element(self._item_amount)\nbase/seleniumbase.py:17: in find_element\n    return self.driver.find_element(*locator)\n/usr/local/lib/python3.11/site-packages/selenium/webdriver/remote/webdriver.py:740: in find_element\n    return self.execute(Command.FIND_ELEMENT, {\"using\": by, \"value\": value})[\"value\"]\n/usr/local/lib/python3.11/site-packages/selenium/webdriver/remote/webdriver.py:346: in execute\n    self.error_handler.check_response(response)\n_ _ _ _ _ _ _ _ _ _ _ _ _ _ _ _ _ _ _ _ _ _ _ _ _ _ _ _ _ _ _ _ _ _ _ _ _ _ _ _ \n\nself = <selenium.webdriver.remote.errorhandler.ErrorHandler object at 0x7f99ee02e550>\nresponse = {'status': 404, 'value': '{\"value\":{\"error\":\"no such element\",\"message\":\"no such element: Unable to locate element: {\\...\\\\n#16 0x556a80a0f6b4 \\\\u003Cunknown>\\\\n#17 0x556a80a20143 \\\\u003Cunknown>\\\\n#18 0x7f1595b01044 \\\\u003Cunknown>\\\\n\"}}'}\n\n    def check_response(self, response: Dict[str, Any]) -> None:\n        \"\"\"Checks that a JSON response from the WebDriver does not have an\n        error.\n    \n        :Args:\n         - response - The JSON response from the WebDriver server as a dictionary\n           object.\n    \n        :Raises: If the response contains an error message.\n        \"\"\"\n        status = response.get(\"status\", None)\n        if not status or status == ErrorCode.SUCCESS:\n            return\n        value = None\n        message = response.get(\"message\", \"\")\n        screen: str = response.get(\"screen\", \"\")\n        stacktrace = None\n        if isinstance(status, int):\n            value_json = response.get(\"value\", None)\n            if value_json and isinstance(value_json, str):\n                import json\n    \n                try:\n                    value = json.loads(value_json)\n                    if len(value) == 1:\n                        value = value[\"value\"]\n                    status = value.get(\"error\", None)\n                    if not status:\n                        status = value.get(\"status\", ErrorCode.UNKNOWN_ERROR)\n                        message = value.get(\"value\") or value.get(\"message\")\n                        if not isinstance(message, str):\n                            value = message\n                            message = message.get(\"message\")\n                    else:\n                        message = value.get(\"message\", None)\n                except ValueError:\n                    pass\n    \n        exception_class: Type[WebDriverException]\n        if status in ErrorCode.NO_SUCH_ELEMENT:\n            exception_class = NoSuchElementException\n        elif status in ErrorCode.NO_SUCH_FRAME:\n            exception_class = NoSuchFrameException\n        elif status in ErrorCode.NO_SUCH_SHADOW_ROOT:\n            exception_class = NoSuchShadowRootException\n        elif status in ErrorCode.NO_SUCH_WINDOW:\n            exception_class = NoSuchWindowException\n        elif status in ErrorCode.STALE_ELEMENT_REFERENCE:\n            exception_class = StaleElementReferenceException\n        elif status in ErrorCode.ELEMENT_NOT_VISIBLE:\n            exception_class = ElementNotVisibleException\n        elif status in ErrorCode.INVALID_ELEMENT_STATE:\n            exception_class = InvalidElementStateException\n        elif (\n            status in ErrorCode.INVALID_SELECTOR\n            or status in ErrorCode.INVALID_XPATH_SELECTOR\n            or status in ErrorCode.INVALID_XPATH_SELECTOR_RETURN_TYPER\n        ):\n            exception_class = InvalidSelectorException\n        elif status in ErrorCode.ELEMENT_IS_NOT_SELECTABLE:\n            exception_class = ElementNotSelectableException\n        elif status in ErrorCode.ELEMENT_NOT_INTERACTABLE:\n            exception_class = ElementNotInteractableException\n        elif status in ErrorCode.INVALID_COOKIE_DOMAIN:\n            exception_class = InvalidCookieDomainException\n        elif status in ErrorCode.UNABLE_TO_SET_COOKIE:\n            exception_class = UnableToSetCookieException\n        elif status in ErrorCode.TIMEOUT:\n            exception_class = TimeoutException\n        elif status in ErrorCode.SCRIPT_TIMEOUT:\n            exception_class = TimeoutException\n        elif status in ErrorCode.UNKNOWN_ERROR:\n            exception_class = WebDriverException\n        elif status in ErrorCode.UNEXPECTED_ALERT_OPEN:\n            exception_class = UnexpectedAlertPresentException\n        elif status in ErrorCode.NO_ALERT_OPEN:\n            exception_class = NoAlertPresentException\n        elif status in ErrorCode.IME_NOT_AVAILABLE:\n            exception_class = ImeNotAvailableException\n        elif status in ErrorCode.IME_ENGINE_ACTIVATION_FAILED:\n            exception_class = ImeActivationFailedException\n        elif status in ErrorCode.MOVE_TARGET_OUT_OF_BOUNDS:\n            exception_class = MoveTargetOutOfBoundsException\n        elif status in ErrorCode.JAVASCRIPT_ERROR:\n            exception_class = JavascriptException\n        elif status in ErrorCode.SESSION_NOT_CREATED:\n            exception_class = SessionNotCreatedException\n        elif status in ErrorCode.INVALID_ARGUMENT:\n            exception_class = InvalidArgumentException\n        elif status in ErrorCode.NO_SUCH_COOKIE:\n            exception_class = NoSuchCookieException\n        elif status in ErrorCode.UNABLE_TO_CAPTURE_SCREEN:\n            exception_class = ScreenshotException\n        elif status in ErrorCode.ELEMENT_CLICK_INTERCEPTED:\n            exception_class = ElementClickInterceptedException\n        elif status in ErrorCode.INSECURE_CERTIFICATE:\n            exception_class = InsecureCertificateException\n        elif status in ErrorCode.INVALID_COORDINATES:\n            exception_class = InvalidCoordinatesException\n        elif status in ErrorCode.INVALID_SESSION_ID:\n            exception_class = InvalidSessionIdException\n        elif status in ErrorCode.UNKNOWN_METHOD:\n            exception_class = UnknownMethodException\n        else:\n            exception_class = WebDriverException\n        if not value:\n            value = response[\"value\"]\n        if isinstance(value, str):\n            raise exception_class(value)\n        if message == \"\" and \"message\" in value:\n            message = value[\"message\"]\n    \n        screen = None  # type: ignore[assignment]\n        if \"screen\" in value:\n            screen = value[\"screen\"]\n    \n        stacktrace = None\n        st_value = value.get(\"stackTrace\") or value.get(\"stacktrace\")\n        if st_value:\n            if isinstance(st_value, str):\n                stacktrace = st_value.split(\"\\n\")\n            else:\n                stacktrace = []\n                try:\n                    for frame in st_value:\n                        line = frame.get(\"lineNumber\", \"\")\n                        file = frame.get(\"fileName\", \"<anonymous>\")\n                        if line:\n                            file = f\"{file}:{line}\"\n                        meth = frame.get(\"methodName\", \"<anonymous>\")\n                        if \"className\" in frame:\n                            meth = f\"{frame['className']}.{meth}\"\n                        msg = \"    at %s (%s)\"\n                        msg = msg % (meth, file)\n                        stacktrace.append(msg)\n                except TypeError:\n                    pass\n        if exception_class == UnexpectedAlertPresentException:\n            alert_text = None\n            if \"data\" in value:\n                alert_text = value[\"data\"].get(\"text\")\n            elif \"alert\" in value:\n                alert_text = value[\"alert\"].get(\"text\")\n            raise exception_class(message, screen, stacktrace, alert_text)  # type: ignore[call-arg]  # mypy is not smart enough here\n>       raise exception_class(message, screen, stacktrace)\nE       selenium.common.exceptions.NoSuchElementException: Message: no such element: Unable to locate element: {\"method\":\"xpath\",\"selector\":\"//input[@class='amount']\"}\nE         (Session info: headless chrome=118.0.5993.70); For documentation on this error, please visit: https://www.selenium.dev/documentation/webdriver/troubleshooting/errors#no-such-element-exception\nE       Stacktrace:\nE       #0 0x556a80a20fb3 <unknown>\nE       #1 0x556a806f44a7 <unknown>\nE       #2 0x556a8073bdd6 <unknown>\nE       #3 0x556a8073bec1 <unknown>\nE       #4 0x556a80779354 <unknown>\nE       #5 0x556a8075d96d <unknown>\nE       #6 0x556a80776c02 <unknown>\nE       #7 0x556a8075d713 <unknown>\nE       #8 0x556a8073018b <unknown>\nE       #9 0x556a80730f7e <unknown>\nE       #10 0x556a809e68d8 <unknown>\nE       #11 0x556a809ea800 <unknown>\nE       #12 0x556a809f4cfc <unknown>\nE       #13 0x556a809eb418 <unknown>\nE       #14 0x556a809b842f <unknown>\nE       #15 0x556a80a0f4e8 <unknown>\nE       #16 0x556a80a0f6b4 <unknown>\nE       #17 0x556a80a20143 <unknown>\nE       #18 0x7f1595b01044 <unknown>\n\n/usr/local/lib/python3.11/site-packages/selenium/webdriver/remote/errorhandler.py:245: NoSuchElementException","flaky":false,"newFailed":false,"newBroken":false,"newPassed":false,"retriesCount":0,"retriesStatusChange":false,"beforeStages":[{"name":"_session_faker","time":{"start":1698022896186,"stop":1698022896274,"duration":88},"status":"passed","steps":[],"attachments":[],"parameters":[],"shouldDisplayMessage":false,"stepsCount":0,"attachmentsCount":0,"hasContent":false},{"name":"clear_allure_results_folder","time":{"start":1698022896274,"stop":1698022896274,"duration":0},"status":"passed","steps":[],"attachments":[],"parameters":[],"shouldDisplayMessage":false,"stepsCount":0,"attachmentsCount":0,"hasContent":false},{"name":"driver","time":{"start":1698023306427,"stop":1698023307211,"duration":784},"status":"passed","steps":[],"attachments":[],"parameters":[],"shouldDisplayMessage":false,"stepsCount":0,"attachmentsCount":0,"hasContent":false},{"name":"setup","time":{"start":1698023307211,"stop":1698023307211,"duration":0},"status":"passed","steps":[],"attachments":[],"parameters":[],"shouldDisplayMessage":false,"stepsCount":0,"attachmentsCount":0,"hasContent":false}],"testStage":{"status":"broken","statusMessage":"selenium.common.exceptions.NoSuchElementException: Message: no such element: Unable to locate element: {\"method\":\"xpath\",\"selector\":\"//input[@class='amount']\"}\n  (Session info: headless chrome=118.0.5993.70); For documentation on this error, please visit: https://www.selenium.dev/documentation/webdriver/troubleshooting/errors#no-such-element-exception\nStacktrace:\n#0 0x556a80a20fb3 <unknown>\n#1 0x556a806f44a7 <unknown>\n#2 0x556a8073bdd6 <unknown>\n#3 0x556a8073bec1 <unknown>\n#4 0x556a80779354 <unknown>\n#5 0x556a8075d96d <unknown>\n#6 0x556a80776c02 <unknown>\n#7 0x556a8075d713 <unknown>\n#8 0x556a8073018b <unknown>\n#9 0x556a80730f7e <unknown>\n#10 0x556a809e68d8 <unknown>\n#11 0x556a809ea800 <unknown>\n#12 0x556a809f4cfc <unknown>\n#13 0x556a809eb418 <unknown>\n#14 0x556a809b842f <unknown>\n#15 0x556a80a0f4e8 <unknown>\n#16 0x556a80a0f6b4 <unknown>\n#17 0x556a80a20143 <unknown>\n#18 0x7f1595b01044 <unknown>","statusTrace":"self = <tests.delivery.test_delivery_calculation.TestDeliveryPageCalculation object at 0x7f99edcdeed0>\ndriver = <selenium.webdriver.chrome.webdriver.WebDriver (session=\"cdf52f2fa77e82e3535b8a7b8860327d\")>\nurl = 'https://sandboxtest.stroyrem-nn.ru/', case_id = 'TD 004'\nlink_item = 'products/shtukaturka-gipsovaya-aksolit-m50-30-kg-mashinnogo-naneseniya'\namount = 13, weight = 400, standard = 450, in_time = 1590, all_time = 2190\n\n    @pytest.mark.parametrize('case_id, link_item, amount, weight, standard, in_time, all_time', [\n        (\"TD 001\", uroven_3000, 1, 30, 0, 1590, 2190),\n        (\"TD 002\", bundeks_25, 1, 30, 400, 1590, 2190),\n        (\"TD 003\", aksolit_30, 8, 300, 400, 1590, 2190),\n        (\"TD 004\", aksolit_30, 13, 400, 450, 1590, 2190),\n        (\"TD 005\", aksolit_30, 16, 500, 600, 1590, 2190),\n        (\"TD 006\", aksolit_30, 25, 1700, 990, 1990, 2480),\n        (\"TD 007\", aksolit_30, 66, 2000, 1300, 2490, 2980),\n        (\"TD 008\", aksolit_30, 149, 4500, 2300, 3980, 4490),\n        (\"TD 009\", aksolit_30, 166, 5000, 2500, 4990, 5480),\n        pytest.param(\n            \"TD 010\", aksolit_30, 206, 6200, 2900, 5570, 6120,\n            marks=pytest.mark.xfail(reson=\"Цена доставки 3600 7960 8980\")\n        ),\n        (\"TD 011\", aksolit_30, 299, 9000, 3600, 7960, 8980),\n        (\"TD 012\", aksolit_30, 333, 10000, 4450, 11990, 12500),\n        pytest.param(\n            \"TD 013\", aksolit_30, 366, 11000, 4800, 12450, 13480,\n            marks=pytest.mark.xfail(reason=\"Цена стандартной доставки 4450\")\n        ),\n        pytest.param(\n            \"TD 014\", aksolit_30, 666, 20000, 5400, 15600, 17490,\n            marks=pytest.mark.xfail(reason=\"Цена стандартной доставки 4450\")\n        )\n    ])\n    @pytest.mark.smoke\n    def test_positive_delivery_green_zone_smoke(\n            self, driver, url, case_id, link_item, amount, weight, standard, in_time, all_time\n    ):\n    \n        driver.get(f'{url}{link_item}')\n        item_page = ItemPage(driver)\n>       item_page.add_item_to_cart(amount).click_on_cart()\n\ntests/delivery/test_delivery_calculation.py:49: \n_ _ _ _ _ _ _ _ _ _ _ _ _ _ _ _ _ _ _ _ _ _ _ _ _ _ _ _ _ _ _ _ _ _ _ _ _ _ _ _ \npages/item_page.py:41: in add_item_to_cart\n    amount_field = self.find_element(self._item_amount)\nbase/seleniumbase.py:17: in find_element\n    return self.driver.find_element(*locator)\n/usr/local/lib/python3.11/site-packages/selenium/webdriver/remote/webdriver.py:740: in find_element\n    return self.execute(Command.FIND_ELEMENT, {\"using\": by, \"value\": value})[\"value\"]\n/usr/local/lib/python3.11/site-packages/selenium/webdriver/remote/webdriver.py:346: in execute\n    self.error_handler.check_response(response)\n_ _ _ _ _ _ _ _ _ _ _ _ _ _ _ _ _ _ _ _ _ _ _ _ _ _ _ _ _ _ _ _ _ _ _ _ _ _ _ _ \n\nself = <selenium.webdriver.remote.errorhandler.ErrorHandler object at 0x7f99ee02e550>\nresponse = {'status': 404, 'value': '{\"value\":{\"error\":\"no such element\",\"message\":\"no such element: Unable to locate element: {\\...\\\\n#16 0x556a80a0f6b4 \\\\u003Cunknown>\\\\n#17 0x556a80a20143 \\\\u003Cunknown>\\\\n#18 0x7f1595b01044 \\\\u003Cunknown>\\\\n\"}}'}\n\n    def check_response(self, response: Dict[str, Any]) -> None:\n        \"\"\"Checks that a JSON response from the WebDriver does not have an\n        error.\n    \n        :Args:\n         - response - The JSON response from the WebDriver server as a dictionary\n           object.\n    \n        :Raises: If the response contains an error message.\n        \"\"\"\n        status = response.get(\"status\", None)\n        if not status or status == ErrorCode.SUCCESS:\n            return\n        value = None\n        message = response.get(\"message\", \"\")\n        screen: str = response.get(\"screen\", \"\")\n        stacktrace = None\n        if isinstance(status, int):\n            value_json = response.get(\"value\", None)\n            if value_json and isinstance(value_json, str):\n                import json\n    \n                try:\n                    value = json.loads(value_json)\n                    if len(value) == 1:\n                        value = value[\"value\"]\n                    status = value.get(\"error\", None)\n                    if not status:\n                        status = value.get(\"status\", ErrorCode.UNKNOWN_ERROR)\n                        message = value.get(\"value\") or value.get(\"message\")\n                        if not isinstance(message, str):\n                            value = message\n                            message = message.get(\"message\")\n                    else:\n                        message = value.get(\"message\", None)\n                except ValueError:\n                    pass\n    \n        exception_class: Type[WebDriverException]\n        if status in ErrorCode.NO_SUCH_ELEMENT:\n            exception_class = NoSuchElementException\n        elif status in ErrorCode.NO_SUCH_FRAME:\n            exception_class = NoSuchFrameException\n        elif status in ErrorCode.NO_SUCH_SHADOW_ROOT:\n            exception_class = NoSuchShadowRootException\n        elif status in ErrorCode.NO_SUCH_WINDOW:\n            exception_class = NoSuchWindowException\n        elif status in ErrorCode.STALE_ELEMENT_REFERENCE:\n            exception_class = StaleElementReferenceException\n        elif status in ErrorCode.ELEMENT_NOT_VISIBLE:\n            exception_class = ElementNotVisibleException\n        elif status in ErrorCode.INVALID_ELEMENT_STATE:\n            exception_class = InvalidElementStateException\n        elif (\n            status in ErrorCode.INVALID_SELECTOR\n            or status in ErrorCode.INVALID_XPATH_SELECTOR\n            or status in ErrorCode.INVALID_XPATH_SELECTOR_RETURN_TYPER\n        ):\n            exception_class = InvalidSelectorException\n        elif status in ErrorCode.ELEMENT_IS_NOT_SELECTABLE:\n            exception_class = ElementNotSelectableException\n        elif status in ErrorCode.ELEMENT_NOT_INTERACTABLE:\n            exception_class = ElementNotInteractableException\n        elif status in ErrorCode.INVALID_COOKIE_DOMAIN:\n            exception_class = InvalidCookieDomainException\n        elif status in ErrorCode.UNABLE_TO_SET_COOKIE:\n            exception_class = UnableToSetCookieException\n        elif status in ErrorCode.TIMEOUT:\n            exception_class = TimeoutException\n        elif status in ErrorCode.SCRIPT_TIMEOUT:\n            exception_class = TimeoutException\n        elif status in ErrorCode.UNKNOWN_ERROR:\n            exception_class = WebDriverException\n        elif status in ErrorCode.UNEXPECTED_ALERT_OPEN:\n            exception_class = UnexpectedAlertPresentException\n        elif status in ErrorCode.NO_ALERT_OPEN:\n            exception_class = NoAlertPresentException\n        elif status in ErrorCode.IME_NOT_AVAILABLE:\n            exception_class = ImeNotAvailableException\n        elif status in ErrorCode.IME_ENGINE_ACTIVATION_FAILED:\n            exception_class = ImeActivationFailedException\n        elif status in ErrorCode.MOVE_TARGET_OUT_OF_BOUNDS:\n            exception_class = MoveTargetOutOfBoundsException\n        elif status in ErrorCode.JAVASCRIPT_ERROR:\n            exception_class = JavascriptException\n        elif status in ErrorCode.SESSION_NOT_CREATED:\n            exception_class = SessionNotCreatedException\n        elif status in ErrorCode.INVALID_ARGUMENT:\n            exception_class = InvalidArgumentException\n        elif status in ErrorCode.NO_SUCH_COOKIE:\n            exception_class = NoSuchCookieException\n        elif status in ErrorCode.UNABLE_TO_CAPTURE_SCREEN:\n            exception_class = ScreenshotException\n        elif status in ErrorCode.ELEMENT_CLICK_INTERCEPTED:\n            exception_class = ElementClickInterceptedException\n        elif status in ErrorCode.INSECURE_CERTIFICATE:\n            exception_class = InsecureCertificateException\n        elif status in ErrorCode.INVALID_COORDINATES:\n            exception_class = InvalidCoordinatesException\n        elif status in ErrorCode.INVALID_SESSION_ID:\n            exception_class = InvalidSessionIdException\n        elif status in ErrorCode.UNKNOWN_METHOD:\n            exception_class = UnknownMethodException\n        else:\n            exception_class = WebDriverException\n        if not value:\n            value = response[\"value\"]\n        if isinstance(value, str):\n            raise exception_class(value)\n        if message == \"\" and \"message\" in value:\n            message = value[\"message\"]\n    \n        screen = None  # type: ignore[assignment]\n        if \"screen\" in value:\n            screen = value[\"screen\"]\n    \n        stacktrace = None\n        st_value = value.get(\"stackTrace\") or value.get(\"stacktrace\")\n        if st_value:\n            if isinstance(st_value, str):\n                stacktrace = st_value.split(\"\\n\")\n            else:\n                stacktrace = []\n                try:\n                    for frame in st_value:\n                        line = frame.get(\"lineNumber\", \"\")\n                        file = frame.get(\"fileName\", \"<anonymous>\")\n                        if line:\n                            file = f\"{file}:{line}\"\n                        meth = frame.get(\"methodName\", \"<anonymous>\")\n                        if \"className\" in frame:\n                            meth = f\"{frame['className']}.{meth}\"\n                        msg = \"    at %s (%s)\"\n                        msg = msg % (meth, file)\n                        stacktrace.append(msg)\n                except TypeError:\n                    pass\n        if exception_class == UnexpectedAlertPresentException:\n            alert_text = None\n            if \"data\" in value:\n                alert_text = value[\"data\"].get(\"text\")\n            elif \"alert\" in value:\n                alert_text = value[\"alert\"].get(\"text\")\n            raise exception_class(message, screen, stacktrace, alert_text)  # type: ignore[call-arg]  # mypy is not smart enough here\n>       raise exception_class(message, screen, stacktrace)\nE       selenium.common.exceptions.NoSuchElementException: Message: no such element: Unable to locate element: {\"method\":\"xpath\",\"selector\":\"//input[@class='amount']\"}\nE         (Session info: headless chrome=118.0.5993.70); For documentation on this error, please visit: https://www.selenium.dev/documentation/webdriver/troubleshooting/errors#no-such-element-exception\nE       Stacktrace:\nE       #0 0x556a80a20fb3 <unknown>\nE       #1 0x556a806f44a7 <unknown>\nE       #2 0x556a8073bdd6 <unknown>\nE       #3 0x556a8073bec1 <unknown>\nE       #4 0x556a80779354 <unknown>\nE       #5 0x556a8075d96d <unknown>\nE       #6 0x556a80776c02 <unknown>\nE       #7 0x556a8075d713 <unknown>\nE       #8 0x556a8073018b <unknown>\nE       #9 0x556a80730f7e <unknown>\nE       #10 0x556a809e68d8 <unknown>\nE       #11 0x556a809ea800 <unknown>\nE       #12 0x556a809f4cfc <unknown>\nE       #13 0x556a809eb418 <unknown>\nE       #14 0x556a809b842f <unknown>\nE       #15 0x556a80a0f4e8 <unknown>\nE       #16 0x556a80a0f6b4 <unknown>\nE       #17 0x556a80a20143 <unknown>\nE       #18 0x7f1595b01044 <unknown>\n\n/usr/local/lib/python3.11/site-packages/selenium/webdriver/remote/errorhandler.py:245: NoSuchElementException","steps":[{"name":"Добавляем товар в корзину в количестве 13","time":{"start":1698023311595,"stop":1698023311676,"duration":81},"status":"broken","statusMessage":"selenium.common.exceptions.NoSuchElementException: Message: no such element: Unable to locate element: {\"method\":\"xpath\",\"selector\":\"//input[@class='amount']\"}\n  (Session info: headless chrome=118.0.5993.70); For documentation on this error, please visit: https://www.selenium.dev/documentation/webdriver/troubleshooting/errors#no-such-element-exception\nStacktrace:\n#0 0x556a80a20fb3 <unknown>\n#1 0x556a806f44a7 <unknown>\n#2 0x556a8073bdd6 <unknown>\n#3 0x556a8073bec1 <unknown>\n#4 0x556a80779354 <unknown>\n#5 0x556a8075d96d <unknown>\n#6 0x556a80776c02 <unknown>\n#7 0x556a8075d713 <unknown>\n#8 0x556a8073018b <unknown>\n#9 0x556a80730f7e <unknown>\n#10 0x556a809e68d8 <unknown>\n#11 0x556a809ea800 <unknown>\n#12 0x556a809f4cfc <unknown>\n#13 0x556a809eb418 <unknown>\n#14 0x556a809b842f <unknown>\n#15 0x556a80a0f4e8 <unknown>\n#16 0x556a80a0f6b4 <unknown>\n#17 0x556a80a20143 <unknown>\n#18 0x7f1595b01044 <unknown>\n\n","statusTrace":"  File \"/usr/local/lib/python3.11/site-packages/allure_commons/_allure.py\", line 192, in impl\n    return func(*a, **kw)\n           ^^^^^^^^^^^^^^\n  File \"/app/pages/item_page.py\", line 41, in add_item_to_cart\n    amount_field = self.find_element(self._item_amount)\n                   ^^^^^^^^^^^^^^^^^^^^^^^^^^^^^^^^^^^^\n  File \"/app/base/seleniumbase.py\", line 17, in find_element\n    return self.driver.find_element(*locator)\n           ^^^^^^^^^^^^^^^^^^^^^^^^^^^^^^^^^^\n  File \"/usr/local/lib/python3.11/site-packages/selenium/webdriver/remote/webdriver.py\", line 740, in find_element\n    return self.execute(Command.FIND_ELEMENT, {\"using\": by, \"value\": value})[\"value\"]\n           ^^^^^^^^^^^^^^^^^^^^^^^^^^^^^^^^^^^^^^^^^^^^^^^^^^^^^^^^^^^^^^^^^\n  File \"/usr/local/lib/python3.11/site-packages/selenium/webdriver/remote/webdriver.py\", line 346, in execute\n    self.error_handler.check_response(response)\n  File \"/usr/local/lib/python3.11/site-packages/selenium/webdriver/remote/errorhandler.py\", line 245, in check_response\n    raise exception_class(message, screen, stacktrace)\n","steps":[],"attachments":[],"parameters":[{"name":"amount","value":"13"}],"shouldDisplayMessage":true,"stepsCount":0,"attachmentsCount":0,"hasContent":true}],"attachments":[{"uid":"358dbd3381b4835f","name":"Screenshot","source":"358dbd3381b4835f.png","type":"image/png","size":115178},{"uid":"844d1a35bcf9664f","name":"HTML source","source":"844d1a35bcf9664f.html","type":"text/html","size":303988}],"parameters":[],"shouldDisplayMessage":true,"stepsCount":1,"attachmentsCount":2,"hasContent":true},"afterStages":[{"name":"setup::0","time":{"start":1698023311842,"stop":1698023311843,"duration":1},"status":"passed","steps":[],"attachments":[],"parameters":[],"shouldDisplayMessage":false,"stepsCount":0,"attachmentsCount":0,"hasContent":false},{"name":"driver::0","time":{"start":1698023311843,"stop":1698023311901,"duration":58},"status":"passed","steps":[],"attachments":[],"parameters":[],"shouldDisplayMessage":false,"stepsCount":0,"attachmentsCount":0,"hasContent":false}],"labels":[{"name":"epic","value":"Delivery Page - calculation"},{"name":"tag","value":"smoke"},{"name":"parentSuite","value":"tests.delivery"},{"name":"suite","value":"test_delivery_calculation"},{"name":"subSuite","value":"TestDeliveryPageCalculation"},{"name":"host","value":"5cb5c3ca9635"},{"name":"thread","value":"1-MainThread"},{"name":"framework","value":"pytest"},{"name":"language","value":"cpython3"},{"name":"package","value":"tests.delivery.test_delivery_calculation"},{"name":"resultFormat","value":"allure2"}],"parameters":[{"name":"all_time","value":"2190"},{"name":"amount","value":"13"},{"name":"case_id","value":"'TD 004'"},{"name":"in_time","value":"1590"},{"name":"link_item","value":"'products/shtukaturka-gipsovaya-aksolit-m50-30-kg-mashinnogo-naneseniya'"},{"name":"standard","value":"450"},{"name":"url","value":"'https://sandboxtest.stroyrem-nn.ru/'"},{"name":"weight","value":"400"}],"links":[],"hidden":false,"retry":false,"extra":{"severity":"normal","retries":[],"categories":[{"name":"Test defects","matchedStatuses":[],"flaky":false}],"history":{"statistic":{"failed":0,"broken":54,"skipped":0,"passed":0,"unknown":0,"total":54},"items":[{"uid":"7680b866a2c45da2","reportUrl":"https://zaelcovsky.github.io/StroyremAutomation/117//#testresult/7680b866a2c45da2","status":"broken","statusDetails":"selenium.common.exceptions.NoSuchElementException: Message: no such element: Unable to locate element: {\"method\":\"xpath\",\"selector\":\"//input[@class='amount']\"}\n  (Session info: headless chrome=118.0.5993.70); For documentation on this error, please visit: https://www.selenium.dev/documentation/webdriver/troubleshooting/errors#no-such-element-exception\nStacktrace:\n#0 0x55dec125bfb3 <unknown>\n#1 0x55dec0f2f4a7 <unknown>\n#2 0x55dec0f76dd6 <unknown>\n#3 0x55dec0f76ec1 <unknown>\n#4 0x55dec0fb4354 <unknown>\n#5 0x55dec0f9896d <unknown>\n#6 0x55dec0fb1c02 <unknown>\n#7 0x55dec0f98713 <unknown>\n#8 0x55dec0f6b18b <unknown>\n#9 0x55dec0f6bf7e <unknown>\n#10 0x55dec12218d8 <unknown>\n#11 0x55dec1225800 <unknown>\n#12 0x55dec122fcfc <unknown>\n#13 0x55dec1226418 <unknown>\n#14 0x55dec11f342f <unknown>\n#15 0x55dec124a4e8 <unknown>\n#16 0x55dec124a6b4 <unknown>\n#17 0x55dec125b143 <unknown>\n#18 0x7f2903eb3044 <unknown>","time":{"start":1697937108201,"stop":1697937112833,"duration":4632}},{"uid":"c2ed2809d65895f5","reportUrl":"https://zaelcovsky.github.io/StroyremAutomation/116//#testresult/c2ed2809d65895f5","status":"broken","statusDetails":"selenium.common.exceptions.NoSuchElementException: Message: no such element: Unable to locate element: {\"method\":\"xpath\",\"selector\":\"//input[@class='amount']\"}\n  (Session info: headless chrome=118.0.5993.70); For documentation on this error, please visit: https://www.selenium.dev/documentation/webdriver/troubleshooting/errors#no-such-element-exception\nStacktrace:\n#0 0x55d9ba7c6fb3 <unknown>\n#1 0x55d9ba49a4a7 <unknown>\n#2 0x55d9ba4e1dd6 <unknown>\n#3 0x55d9ba4e1ec1 <unknown>\n#4 0x55d9ba51f354 <unknown>\n#5 0x55d9ba50396d <unknown>\n#6 0x55d9ba51cc02 <unknown>\n#7 0x55d9ba503713 <unknown>\n#8 0x55d9ba4d618b <unknown>\n#9 0x55d9ba4d6f7e <unknown>\n#10 0x55d9ba78c8d8 <unknown>\n#11 0x55d9ba790800 <unknown>\n#12 0x55d9ba79acfc <unknown>\n#13 0x55d9ba791418 <unknown>\n#14 0x55d9ba75e42f <unknown>\n#15 0x55d9ba7b54e8 <unknown>\n#16 0x55d9ba7b56b4 <unknown>\n#17 0x55d9ba7c6143 <unknown>\n#18 0x7f194d378044 <unknown>","time":{"start":1697850409765,"stop":1697850415154,"duration":5389}},{"uid":"2e5701646cea4f06","reportUrl":"https://zaelcovsky.github.io/StroyremAutomation/115//#testresult/2e5701646cea4f06","status":"broken","statusDetails":"selenium.common.exceptions.NoSuchElementException: Message: no such element: Unable to locate element: {\"method\":\"xpath\",\"selector\":\"//input[@class='amount']\"}\n  (Session info: headless chrome=118.0.5993.70); For documentation on this error, please visit: https://www.selenium.dev/documentation/webdriver/troubleshooting/errors#no-such-element-exception\nStacktrace:\n#0 0x55d781d03fb3 <unknown>\n#1 0x55d7819d74a7 <unknown>\n#2 0x55d781a1edd6 <unknown>\n#3 0x55d781a1eec1 <unknown>\n#4 0x55d781a5c354 <unknown>\n#5 0x55d781a4096d <unknown>\n#6 0x55d781a59c02 <unknown>\n#7 0x55d781a40713 <unknown>\n#8 0x55d781a1318b <unknown>\n#9 0x55d781a13f7e <unknown>\n#10 0x55d781cc98d8 <unknown>\n#11 0x55d781ccd800 <unknown>\n#12 0x55d781cd7cfc <unknown>\n#13 0x55d781cce418 <unknown>\n#14 0x55d781c9b42f <unknown>\n#15 0x55d781cf24e8 <unknown>\n#16 0x55d781cf26b4 <unknown>\n#17 0x55d781d03143 <unknown>\n#18 0x7f7b6afcf044 <unknown>","time":{"start":1697764138568,"stop":1697764144684,"duration":6116}},{"uid":"f538183fc473d11f","reportUrl":"https://zaelcovsky.github.io/StroyremAutomation/114//#testresult/f538183fc473d11f","status":"broken","statusDetails":"selenium.common.exceptions.NoSuchElementException: Message: no such element: Unable to locate element: {\"method\":\"xpath\",\"selector\":\"//input[@class='amount']\"}\n  (Session info: headless chrome=118.0.5993.70); For documentation on this error, please visit: https://www.selenium.dev/documentation/webdriver/troubleshooting/errors#no-such-element-exception\nStacktrace:\n#0 0x55cf73b08fb3 <unknown>\n#1 0x55cf737dc4a7 <unknown>\n#2 0x55cf73823dd6 <unknown>\n#3 0x55cf73823ec1 <unknown>\n#4 0x55cf73861354 <unknown>\n#5 0x55cf7384596d <unknown>\n#6 0x55cf7385ec02 <unknown>\n#7 0x55cf73845713 <unknown>\n#8 0x55cf7381818b <unknown>\n#9 0x55cf73818f7e <unknown>\n#10 0x55cf73ace8d8 <unknown>\n#11 0x55cf73ad2800 <unknown>\n#12 0x55cf73adccfc <unknown>\n#13 0x55cf73ad3418 <unknown>\n#14 0x55cf73aa042f <unknown>\n#15 0x55cf73af74e8 <unknown>\n#16 0x55cf73af76b4 <unknown>\n#17 0x55cf73b08143 <unknown>\n#18 0x7fe59ddd3044 <unknown>","time":{"start":1697677743892,"stop":1697677750207,"duration":6315}},{"uid":"2778488bea290d96","reportUrl":"https://zaelcovsky.github.io/StroyremAutomation/113//#testresult/2778488bea290d96","status":"broken","statusDetails":"selenium.common.exceptions.NoSuchElementException: Message: no such element: Unable to locate element: {\"method\":\"xpath\",\"selector\":\"//input[@class='amount']\"}\n  (Session info: headless chrome=118.0.5993.70); For documentation on this error, please visit: https://www.selenium.dev/documentation/webdriver/troubleshooting/errors#no-such-element-exception\nStacktrace:\n#0 0x5610383c0fb3 <unknown>\n#1 0x5610380944a7 <unknown>\n#2 0x5610380dbdd6 <unknown>\n#3 0x5610380dbec1 <unknown>\n#4 0x561038119354 <unknown>\n#5 0x5610380fd96d <unknown>\n#6 0x561038116c02 <unknown>\n#7 0x5610380fd713 <unknown>\n#8 0x5610380d018b <unknown>\n#9 0x5610380d0f7e <unknown>\n#10 0x5610383868d8 <unknown>\n#11 0x56103838a800 <unknown>\n#12 0x561038394cfc <unknown>\n#13 0x56103838b418 <unknown>\n#14 0x56103835842f <unknown>\n#15 0x5610383af4e8 <unknown>\n#16 0x5610383af6b4 <unknown>\n#17 0x5610383c0143 <unknown>\n#18 0x7f879035d044 <unknown>","time":{"start":1697591408669,"stop":1697591415513,"duration":6844}},{"uid":"8091405ac772e9e6","reportUrl":"https://zaelcovsky.github.io/StroyremAutomation/112//#testresult/8091405ac772e9e6","status":"broken","statusDetails":"selenium.common.exceptions.NoSuchElementException: Message: no such element: Unable to locate element: {\"method\":\"xpath\",\"selector\":\"//input[@class='amount']\"}\n  (Session info: headless chrome=118.0.5993.70); For documentation on this error, please visit: https://www.selenium.dev/documentation/webdriver/troubleshooting/errors#no-such-element-exception\nStacktrace:\n#0 0x55993326dfb3 <unknown>\n#1 0x559932f414a7 <unknown>\n#2 0x559932f88dd6 <unknown>\n#3 0x559932f88ec1 <unknown>\n#4 0x559932fc6354 <unknown>\n#5 0x559932faa96d <unknown>\n#6 0x559932fc3c02 <unknown>\n#7 0x559932faa713 <unknown>\n#8 0x559932f7d18b <unknown>\n#9 0x559932f7df7e <unknown>\n#10 0x5599332338d8 <unknown>\n#11 0x559933237800 <unknown>\n#12 0x559933241cfc <unknown>\n#13 0x559933238418 <unknown>\n#14 0x55993320542f <unknown>\n#15 0x55993325c4e8 <unknown>\n#16 0x55993325c6b4 <unknown>\n#17 0x55993326d143 <unknown>\n#18 0x7f8696570044 <unknown>","time":{"start":1697505025374,"stop":1697505031564,"duration":6190}},{"uid":"644ce09a1cebe5bd","reportUrl":"https://zaelcovsky.github.io/StroyremAutomation/111//#testresult/644ce09a1cebe5bd","status":"broken","statusDetails":"selenium.common.exceptions.NoSuchElementException: Message: no such element: Unable to locate element: {\"method\":\"xpath\",\"selector\":\"//input[@class='amount']\"}\n  (Session info: headless chrome=118.0.5993.70); For documentation on this error, please visit: https://www.selenium.dev/documentation/webdriver/troubleshooting/errors#no-such-element-exception\nStacktrace:\n#0 0x55f98d2d9fb3 <unknown>\n#1 0x55f98cfad4a7 <unknown>\n#2 0x55f98cff4dd6 <unknown>\n#3 0x55f98cff4ec1 <unknown>\n#4 0x55f98d032354 <unknown>\n#5 0x55f98d01696d <unknown>\n#6 0x55f98d02fc02 <unknown>\n#7 0x55f98d016713 <unknown>\n#8 0x55f98cfe918b <unknown>\n#9 0x55f98cfe9f7e <unknown>\n#10 0x55f98d29f8d8 <unknown>\n#11 0x55f98d2a3800 <unknown>\n#12 0x55f98d2adcfc <unknown>\n#13 0x55f98d2a4418 <unknown>\n#14 0x55f98d27142f <unknown>\n#15 0x55f98d2c84e8 <unknown>\n#16 0x55f98d2c86b4 <unknown>\n#17 0x55f98d2d9143 <unknown>\n#18 0x7fc98fb42044 <unknown>","time":{"start":1697418586314,"stop":1697418595202,"duration":8888}},{"uid":"96f6399ca6ba54a4","reportUrl":"https://zaelcovsky.github.io/StroyremAutomation/110//#testresult/96f6399ca6ba54a4","status":"broken","statusDetails":"selenium.common.exceptions.NoSuchElementException: Message: no such element: Unable to locate element: {\"method\":\"xpath\",\"selector\":\"(//a[@class='add-to-cart yellow-btn'])[1]\"}\n  (Session info: headless chrome=118.0.5993.70); For documentation on this error, please visit: https://www.selenium.dev/documentation/webdriver/troubleshooting/errors#no-such-element-exception\nStacktrace:\n#0 0x55e96cb2cfb3 <unknown>\n#1 0x55e96c8004a7 <unknown>\n#2 0x55e96c847dd6 <unknown>\n#3 0x55e96c847ec1 <unknown>\n#4 0x55e96c885354 <unknown>\n#5 0x55e96c86996d <unknown>\n#6 0x55e96c882c02 <unknown>\n#7 0x55e96c869713 <unknown>\n#8 0x55e96c83c18b <unknown>\n#9 0x55e96c83cf7e <unknown>\n#10 0x55e96caf28d8 <unknown>\n#11 0x55e96caf6800 <unknown>\n#12 0x55e96cb00cfc <unknown>\n#13 0x55e96caf7418 <unknown>\n#14 0x55e96cac442f <unknown>\n#15 0x55e96cb1b4e8 <unknown>\n#16 0x55e96cb1b6b4 <unknown>\n#17 0x55e96cb2c143 <unknown>\n#18 0x7fe350c8d044 <unknown>","time":{"start":1697332368922,"stop":1697332373815,"duration":4893}},{"uid":"10589ad0a7f85ee2","reportUrl":"https://zaelcovsky.github.io/StroyremAutomation/109//#testresult/10589ad0a7f85ee2","status":"broken","statusDetails":"selenium.common.exceptions.NoSuchElementException: Message: no such element: Unable to locate element: {\"method\":\"xpath\",\"selector\":\"//input[@class='amount']\"}\n  (Session info: headless chrome=118.0.5993.70); For documentation on this error, please visit: https://www.selenium.dev/documentation/webdriver/troubleshooting/errors#no-such-element-exception\nStacktrace:\n#0 0x5573d0ad3fb3 <unknown>\n#1 0x5573d07a74a7 <unknown>\n#2 0x5573d07eedd6 <unknown>\n#3 0x5573d07eeec1 <unknown>\n#4 0x5573d082c354 <unknown>\n#5 0x5573d081096d <unknown>\n#6 0x5573d0829c02 <unknown>\n#7 0x5573d0810713 <unknown>\n#8 0x5573d07e318b <unknown>\n#9 0x5573d07e3f7e <unknown>\n#10 0x5573d0a998d8 <unknown>\n#11 0x5573d0a9d800 <unknown>\n#12 0x5573d0aa7cfc <unknown>\n#13 0x5573d0a9e418 <unknown>\n#14 0x5573d0a6b42f <unknown>\n#15 0x5573d0ac24e8 <unknown>\n#16 0x5573d0ac26b4 <unknown>\n#17 0x5573d0ad3143 <unknown>\n#18 0x7f7f9234f044 <unknown>","time":{"start":1697245742289,"stop":1697245762447,"duration":20158}},{"uid":"8ad0d810efc2d06e","reportUrl":"https://zaelcovsky.github.io/StroyremAutomation/108//#testresult/8ad0d810efc2d06e","status":"broken","statusDetails":"selenium.common.exceptions.NoSuchElementException: Message: no such element: Unable to locate element: {\"method\":\"xpath\",\"selector\":\"(//a[@class='add-to-cart yellow-btn'])[1]\"}\n  (Session info: headless chrome=118.0.5993.70); For documentation on this error, please visit: https://www.selenium.dev/documentation/webdriver/troubleshooting/errors#no-such-element-exception\nStacktrace:\n#0 0x555d93296fb3 <unknown>\n#1 0x555d92f6a4a7 <unknown>\n#2 0x555d92fb1dd6 <unknown>\n#3 0x555d92fb1ec1 <unknown>\n#4 0x555d92fef354 <unknown>\n#5 0x555d92fd396d <unknown>\n#6 0x555d92fecc02 <unknown>\n#7 0x555d92fd3713 <unknown>\n#8 0x555d92fa618b <unknown>\n#9 0x555d92fa6f7e <unknown>\n#10 0x555d9325c8d8 <unknown>\n#11 0x555d93260800 <unknown>\n#12 0x555d9326acfc <unknown>\n#13 0x555d93261418 <unknown>\n#14 0x555d9322e42f <unknown>\n#15 0x555d932854e8 <unknown>\n#16 0x555d932856b4 <unknown>\n#17 0x555d93296143 <unknown>\n#18 0x7fe44f46b044 <unknown>","time":{"start":1697159435421,"stop":1697159440722,"duration":5301}},{"uid":"d01df9a11c814cb1","reportUrl":"https://zaelcovsky.github.io/StroyremAutomation/107//#testresult/d01df9a11c814cb1","status":"broken","statusDetails":"selenium.common.exceptions.NoSuchElementException: Message: no such element: Unable to locate element: {\"method\":\"xpath\",\"selector\":\"(//a[@class='add-to-cart yellow-btn'])[1]\"}\n  (Session info: headless chrome=118.0.5993.70); For documentation on this error, please visit: https://www.selenium.dev/documentation/webdriver/troubleshooting/errors#no-such-element-exception\nStacktrace:\n#0 0x55d68b6e3fb3 <unknown>\n#1 0x55d68b3b74a7 <unknown>\n#2 0x55d68b3fedd6 <unknown>\n#3 0x55d68b3feec1 <unknown>\n#4 0x55d68b43c354 <unknown>\n#5 0x55d68b42096d <unknown>\n#6 0x55d68b439c02 <unknown>\n#7 0x55d68b420713 <unknown>\n#8 0x55d68b3f318b <unknown>\n#9 0x55d68b3f3f7e <unknown>\n#10 0x55d68b6a98d8 <unknown>\n#11 0x55d68b6ad800 <unknown>\n#12 0x55d68b6b7cfc <unknown>\n#13 0x55d68b6ae418 <unknown>\n#14 0x55d68b67b42f <unknown>\n#15 0x55d68b6d24e8 <unknown>\n#16 0x55d68b6d26b4 <unknown>\n#17 0x55d68b6e3143 <unknown>\n#18 0x7f8b89ff5044 <unknown>","time":{"start":1697072847683,"stop":1697072851084,"duration":3401}},{"uid":"7c645b91d832a289","reportUrl":"https://zaelcovsky.github.io/StroyremAutomation/106//#testresult/7c645b91d832a289","status":"broken","statusDetails":"selenium.common.exceptions.NoSuchElementException: Message: no such element: Unable to locate element: {\"method\":\"xpath\",\"selector\":\"(//a[@class='add-to-cart yellow-btn'])[1]\"}\n  (Session info: headless chrome=118.0.5993.70); For documentation on this error, please visit: https://www.selenium.dev/documentation/webdriver/troubleshooting/errors#no-such-element-exception\nStacktrace:\n#0 0x55defe5c3fb3 <unknown>\n#1 0x55defe2974a7 <unknown>\n#2 0x55defe2dedd6 <unknown>\n#3 0x55defe2deec1 <unknown>\n#4 0x55defe31c354 <unknown>\n#5 0x55defe30096d <unknown>\n#6 0x55defe319c02 <unknown>\n#7 0x55defe300713 <unknown>\n#8 0x55defe2d318b <unknown>\n#9 0x55defe2d3f7e <unknown>\n#10 0x55defe5898d8 <unknown>\n#11 0x55defe58d800 <unknown>\n#12 0x55defe597cfc <unknown>\n#13 0x55defe58e418 <unknown>\n#14 0x55defe55b42f <unknown>\n#15 0x55defe5b24e8 <unknown>\n#16 0x55defe5b26b4 <unknown>\n#17 0x55defe5c3143 <unknown>\n#18 0x7f8366d98044 <unknown>","time":{"start":1696986490908,"stop":1696986493711,"duration":2803}},{"uid":"7a82ee2c95f869ca","reportUrl":"https://zaelcovsky.github.io/StroyremAutomation/105//#testresult/7a82ee2c95f869ca","status":"broken","statusDetails":"selenium.common.exceptions.NoSuchElementException: Message: no such element: Unable to locate element: {\"method\":\"xpath\",\"selector\":\"(//a[@class='add-to-cart yellow-btn'])[1]\"}\n  (Session info: headless chrome=117.0.5938.149); For documentation on this error, please visit: https://www.selenium.dev/documentation/webdriver/troubleshooting/errors#no-such-element-exception\nStacktrace:\n#0 0x55def134f933 <unknown>\n#1 0x55def10296f7 <unknown>\n#2 0x55def1070aa6 <unknown>\n#3 0x55def1070b91 <unknown>\n#4 0x55def10adfc4 <unknown>\n#5 0x55def109262d <unknown>\n#6 0x55def10ab857 <unknown>\n#7 0x55def10923d3 <unknown>\n#8 0x55def1064e64 <unknown>\n#9 0x55def1065c4e <unknown>\n#10 0x55def1315558 <unknown>\n#11 0x55def13194a0 <unknown>\n#12 0x55def132397c <unknown>\n#13 0x55def131a0b8 <unknown>\n#14 0x55def12e5cdf <unknown>\n#15 0x55def133e048 <unknown>\n#16 0x55def133e219 <unknown>\n#17 0x55def134eac3 <unknown>\n#18 0x7f7438e6d044 <unknown>","time":{"start":1696900043272,"stop":1696900043788,"duration":516}},{"uid":"bfa48bb44e2b8a46","reportUrl":"https://zaelcovsky.github.io/StroyremAutomation/104//#testresult/bfa48bb44e2b8a46","status":"broken","statusDetails":"selenium.common.exceptions.NoSuchElementException: Message: no such element: Unable to locate element: {\"method\":\"xpath\",\"selector\":\"(//a[@class='add-to-cart yellow-btn'])[1]\"}\n  (Session info: headless chrome=117.0.5938.149); For documentation on this error, please visit: https://www.selenium.dev/documentation/webdriver/troubleshooting/errors#no-such-element-exception\nStacktrace:\n#0 0x5580e3cf0933 <unknown>\n#1 0x5580e39ca6f7 <unknown>\n#2 0x5580e3a11aa6 <unknown>\n#3 0x5580e3a11b91 <unknown>\n#4 0x5580e3a4efc4 <unknown>\n#5 0x5580e3a3362d <unknown>\n#6 0x5580e3a4c857 <unknown>\n#7 0x5580e3a333d3 <unknown>\n#8 0x5580e3a05e64 <unknown>\n#9 0x5580e3a06c4e <unknown>\n#10 0x5580e3cb6558 <unknown>\n#11 0x5580e3cba4a0 <unknown>\n#12 0x5580e3cc497c <unknown>\n#13 0x5580e3cbb0b8 <unknown>\n#14 0x5580e3c86cdf <unknown>\n#15 0x5580e3cdf048 <unknown>\n#16 0x5580e3cdf219 <unknown>\n#17 0x5580e3cefac3 <unknown>\n#18 0x7fe83323d044 <unknown>","time":{"start":1696813745875,"stop":1696813746413,"duration":538}},{"uid":"fe53097e4887944b","reportUrl":"https://zaelcovsky.github.io/StroyremAutomation/103//#testresult/fe53097e4887944b","status":"broken","statusDetails":"selenium.common.exceptions.NoSuchElementException: Message: no such element: Unable to locate element: {\"method\":\"xpath\",\"selector\":\"(//a[@class='add-to-cart yellow-btn'])[1]\"}\n  (Session info: headless chrome=117.0.5938.149); For documentation on this error, please visit: https://www.selenium.dev/documentation/webdriver/troubleshooting/errors#no-such-element-exception\nStacktrace:\n#0 0x557dfa077933 <unknown>\n#1 0x557df9d516f7 <unknown>\n#2 0x557df9d98aa6 <unknown>\n#3 0x557df9d98b91 <unknown>\n#4 0x557df9dd5fc4 <unknown>\n#5 0x557df9dba62d <unknown>\n#6 0x557df9dd3857 <unknown>\n#7 0x557df9dba3d3 <unknown>\n#8 0x557df9d8ce64 <unknown>\n#9 0x557df9d8dc4e <unknown>\n#10 0x557dfa03d558 <unknown>\n#11 0x557dfa0414a0 <unknown>\n#12 0x557dfa04b97c <unknown>\n#13 0x557dfa0420b8 <unknown>\n#14 0x557dfa00dcdf <unknown>\n#15 0x557dfa066048 <unknown>\n#16 0x557dfa066219 <unknown>\n#17 0x557dfa076ac3 <unknown>\n#18 0x7f6ce90f2044 <unknown>","time":{"start":1696727609038,"stop":1696727609657,"duration":619}},{"uid":"844ce3318cafed2","reportUrl":"https://zaelcovsky.github.io/StroyremAutomation/102//#testresult/844ce3318cafed2","status":"broken","statusDetails":"selenium.common.exceptions.NoSuchElementException: Message: no such element: Unable to locate element: {\"method\":\"xpath\",\"selector\":\"(//a[@class='add-to-cart yellow-btn'])[1]\"}\n  (Session info: headless chrome=117.0.5938.149); For documentation on this error, please visit: https://www.selenium.dev/documentation/webdriver/troubleshooting/errors#no-such-element-exception\nStacktrace:\n#0 0x55f39decb933 <unknown>\n#1 0x55f39dba56f7 <unknown>\n#2 0x55f39dbecaa6 <unknown>\n#3 0x55f39dbecb91 <unknown>\n#4 0x55f39dc29fc4 <unknown>\n#5 0x55f39dc0e62d <unknown>\n#6 0x55f39dc27857 <unknown>\n#7 0x55f39dc0e3d3 <unknown>\n#8 0x55f39dbe0e64 <unknown>\n#9 0x55f39dbe1c4e <unknown>\n#10 0x55f39de91558 <unknown>\n#11 0x55f39de954a0 <unknown>\n#12 0x55f39de9f97c <unknown>\n#13 0x55f39de960b8 <unknown>\n#14 0x55f39de61cdf <unknown>\n#15 0x55f39deba048 <unknown>\n#16 0x55f39deba219 <unknown>\n#17 0x55f39decaac3 <unknown>\n#18 0x7f1226b96044 <unknown>","time":{"start":1696640900608,"stop":1696640901221,"duration":613}},{"uid":"c65f534be80e1c23","reportUrl":"https://zaelcovsky.github.io/StroyremAutomation/101//#testresult/c65f534be80e1c23","status":"broken","statusDetails":"selenium.common.exceptions.NoSuchElementException: Message: no such element: Unable to locate element: {\"method\":\"xpath\",\"selector\":\"(//a[@class='add-to-cart yellow-btn'])[1]\"}\n  (Session info: headless chrome=117.0.5938.149); For documentation on this error, please visit: https://www.selenium.dev/documentation/webdriver/troubleshooting/errors#no-such-element-exception\nStacktrace:\n#0 0x55b13a213933 <unknown>\n#1 0x55b139eed6f7 <unknown>\n#2 0x55b139f34aa6 <unknown>\n#3 0x55b139f34b91 <unknown>\n#4 0x55b139f71fc4 <unknown>\n#5 0x55b139f5662d <unknown>\n#6 0x55b139f6f857 <unknown>\n#7 0x55b139f563d3 <unknown>\n#8 0x55b139f28e64 <unknown>\n#9 0x55b139f29c4e <unknown>\n#10 0x55b13a1d9558 <unknown>\n#11 0x55b13a1dd4a0 <unknown>\n#12 0x55b13a1e797c <unknown>\n#13 0x55b13a1de0b8 <unknown>\n#14 0x55b13a1a9cdf <unknown>\n#15 0x55b13a202048 <unknown>\n#16 0x55b13a202219 <unknown>\n#17 0x55b13a212ac3 <unknown>\n#18 0x7f552a60a044 <unknown>","time":{"start":1696554506983,"stop":1696554507576,"duration":593}},{"uid":"5053c1529f44c879","reportUrl":"https://zaelcovsky.github.io/StroyremAutomation/100//#testresult/5053c1529f44c879","status":"broken","statusDetails":"selenium.common.exceptions.NoSuchElementException: Message: no such element: Unable to locate element: {\"method\":\"xpath\",\"selector\":\"(//a[@class='add-to-cart yellow-btn'])[1]\"}\n  (Session info: headless chrome=117.0.5938.149); For documentation on this error, please visit: https://www.selenium.dev/documentation/webdriver/troubleshooting/errors#no-such-element-exception\nStacktrace:\n#0 0x55ff8a3a1933 <unknown>\n#1 0x55ff8a07b6f7 <unknown>\n#2 0x55ff8a0c2aa6 <unknown>\n#3 0x55ff8a0c2b91 <unknown>\n#4 0x55ff8a0fffc4 <unknown>\n#5 0x55ff8a0e462d <unknown>\n#6 0x55ff8a0fd857 <unknown>\n#7 0x55ff8a0e43d3 <unknown>\n#8 0x55ff8a0b6e64 <unknown>\n#9 0x55ff8a0b7c4e <unknown>\n#10 0x55ff8a367558 <unknown>\n#11 0x55ff8a36b4a0 <unknown>\n#12 0x55ff8a37597c <unknown>\n#13 0x55ff8a36c0b8 <unknown>\n#14 0x55ff8a337cdf <unknown>\n#15 0x55ff8a390048 <unknown>\n#16 0x55ff8a390219 <unknown>\n#17 0x55ff8a3a0ac3 <unknown>\n#18 0x7f67b5f82044 <unknown>","time":{"start":1696468333871,"stop":1696468334756,"duration":885}},{"uid":"c8ed198538825a69","reportUrl":"https://zaelcovsky.github.io/StroyremAutomation/99//#testresult/c8ed198538825a69","status":"broken","statusDetails":"selenium.common.exceptions.NoSuchElementException: Message: no such element: Unable to locate element: {\"method\":\"xpath\",\"selector\":\"(//a[@class='add-to-cart yellow-btn'])[1]\"}\n  (Session info: headless chrome=117.0.5938.92); For documentation on this error, please visit: https://www.selenium.dev/documentation/webdriver/troubleshooting/errors#no-such-element-exception\nStacktrace:\n#0 0x5583e5be26b3 <unknown>\n#1 0x5583e58b81e7 <unknown>\n#2 0x5583e58ff566 <unknown>\n#3 0x5583e58ff651 <unknown>\n#4 0x5583e593ca74 <unknown>\n#5 0x5583e59210ed <unknown>\n#6 0x5583e593a322 <unknown>\n#7 0x5583e5920e93 <unknown>\n#8 0x5583e58f3934 <unknown>\n#9 0x5583e58f471e <unknown>\n#10 0x5583e5ba7cb8 <unknown>\n#11 0x5583e5babbf0 <unknown>\n#12 0x5583e5bb619c <unknown>\n#13 0x5583e5bac808 <unknown>\n#14 0x5583e5b7927f <unknown>\n#15 0x5583e5bd0e88 <unknown>\n#16 0x5583e5bd1059 <unknown>\n#17 0x5583e5be1843 <unknown>\n#18 0x7f37f3b9b044 <unknown>","time":{"start":1696381794273,"stop":1696381794799,"duration":526}},{"uid":"9e63d818d4bae49a","reportUrl":"https://zaelcovsky.github.io/StroyremAutomation/98//#testresult/9e63d818d4bae49a","status":"broken","statusDetails":"selenium.common.exceptions.NoSuchElementException: Message: no such element: Unable to locate element: {\"method\":\"xpath\",\"selector\":\"(//a[@class='add-to-cart yellow-btn'])[1]\"}\n  (Session info: headless chrome=117.0.5938.92); For documentation on this error, please visit: https://www.selenium.dev/documentation/webdriver/troubleshooting/errors#no-such-element-exception\nStacktrace:\n#0 0x56523e3986b3 <unknown>\n#1 0x56523e06e1e7 <unknown>\n#2 0x56523e0b5566 <unknown>\n#3 0x56523e0b5651 <unknown>\n#4 0x56523e0f2a74 <unknown>\n#5 0x56523e0d70ed <unknown>\n#6 0x56523e0f0322 <unknown>\n#7 0x56523e0d6e93 <unknown>\n#8 0x56523e0a9934 <unknown>\n#9 0x56523e0aa71e <unknown>\n#10 0x56523e35dcb8 <unknown>\n#11 0x56523e361bf0 <unknown>\n#12 0x56523e36c19c <unknown>\n#13 0x56523e362808 <unknown>\n#14 0x56523e32f27f <unknown>\n#15 0x56523e386e88 <unknown>\n#16 0x56523e387059 <unknown>\n#17 0x56523e397843 <unknown>\n#18 0x7f2aa5efe044 <unknown>","time":{"start":1696295384154,"stop":1696295384824,"duration":670}}]},"tags":["smoke"]},"source":"b645961ad17fbc5.json","parameterValues":["2190","13","'TD 004'","1590","'products/shtukaturka-gipsovaya-aksolit-m50-30-kg-mashinnogo-naneseniya'","450","'https://sandboxtest.stroyrem-nn.ru/'","400"]}