{"uid":"2e5c55ad78e47b2c","name":"test_positive_delivery_green_zone_smoke[TD 014-products/shtukaturka-gipsovaya-aksolit-m50-30-kg-mashinnogo-naneseniya-666-20000-5400-15600-17490-https://sandboxtest.stroyrem-nn.ru/]","fullName":"tests.delivery.test_delivery_calculation.TestDeliveryPageCalculation#test_positive_delivery_green_zone_smoke","historyId":"8a00d04525a56c855c129c7400b068aa","time":{"start":1699837939627,"stop":1699837943434,"duration":3807},"status":"skipped","statusMessage":"XFAIL Цена стандартной доставки 4450\n\nselenium.common.exceptions.NoSuchElementException: Message: no such element: Unable to locate element: {\"method\":\"xpath\",\"selector\":\"//input[@class='amount']\"}\n  (Session info: headless chrome=119.0.6045.105); For documentation on this error, please visit: https://www.selenium.dev/documentation/webdriver/troubleshooting/errors#no-such-element-exception\nStacktrace:\n#0 0x55dfb057a5e3 <unknown>\n#1 0x55dfb023d0b7 <unknown>\n#2 0x55dfb028af53 <unknown>\n#3 0x55dfb028b051 <unknown>\n#4 0x55dfb02d09c4 <unknown>\n#5 0x55dfb02b1f1d <unknown>\n#6 0x55dfb02cdb3d <unknown>\n#7 0x55dfb02b1cc3 <unknown>\n#8 0x55dfb027d0e4 <unknown>\n#9 0x55dfb027e0ae <unknown>\n#10 0x55dfb0540ce1 <unknown>\n#11 0x55dfb0544b7e <unknown>\n#12 0x55dfb052e4b5 <unknown>\n#13 0x55dfb05457d6 <unknown>\n#14 0x55dfb0511dbf <unknown>\n#15 0x55dfb0568748 <unknown>\n#16 0x55dfb0568917 <unknown>\n#17 0x55dfb0579773 <unknown>\n#18 0x7f8003a0b044 <unknown>","statusTrace":"self = <tests.delivery.test_delivery_calculation.TestDeliveryPageCalculation object at 0x7ff2405ef010>\ndriver = <selenium.webdriver.chrome.webdriver.WebDriver (session=\"8b4dc0c4a2541ff739d48f5e0f6fba34\")>\nurl = 'https://sandboxtest.stroyrem-nn.ru/', case_id = 'TD 014'\nlink_item = 'products/shtukaturka-gipsovaya-aksolit-m50-30-kg-mashinnogo-naneseniya'\namount = 666, weight = 20000, standard = 5400, in_time = 15600, all_time = 17490\n\n    @pytest.mark.parametrize('case_id, link_item, amount, weight, standard, in_time, all_time', [\n        (\"TD 001\", uroven_3000, 1, 30, 0, 1590, 2190),\n        (\"TD 002\", bundeks_25, 1, 30, 400, 1590, 2190),\n        (\"TD 003\", aksolit_30, 8, 300, 400, 1590, 2190),\n        (\"TD 004\", aksolit_30, 13, 400, 450, 1590, 2190),\n        (\"TD 005\", aksolit_30, 16, 500, 600, 1590, 2190),\n        (\"TD 006\", aksolit_30, 25, 1700, 990, 1990, 2480),\n        (\"TD 007\", aksolit_30, 66, 2000, 1300, 2490, 2980),\n        (\"TD 008\", aksolit_30, 149, 4500, 2300, 3980, 4490),\n        (\"TD 009\", aksolit_30, 166, 5000, 2500, 4990, 5480),\n        pytest.param(\n            \"TD 010\", aksolit_30, 206, 6200, 2900, 5570, 6120,\n            marks=pytest.mark.xfail(reson=\"Цена доставки 3600 7960 8980\")\n        ),\n        (\"TD 011\", aksolit_30, 299, 9000, 3600, 7960, 8980),\n        (\"TD 012\", aksolit_30, 333, 10000, 4450, 11990, 12500),\n        pytest.param(\n            \"TD 013\", aksolit_30, 366, 11000, 4800, 12450, 13480,\n            marks=pytest.mark.xfail(reason=\"Цена стандартной доставки 4450\")\n        ),\n        pytest.param(\n            \"TD 014\", aksolit_30, 666, 20000, 5400, 15600, 17490,\n            marks=pytest.mark.xfail(reason=\"Цена стандартной доставки 4450\")\n        )\n    ])\n    @pytest.mark.smoke\n    def test_positive_delivery_green_zone_smoke(\n            self, driver, url, case_id, link_item, amount, weight, standard, in_time, all_time\n    ):\n    \n        driver.get(f'{url}{link_item}')\n        item_page = ItemPage(driver)\n>       item_page.add_item_to_cart(amount).click_on_cart()\n\ntests/delivery/test_delivery_calculation.py:49: \n_ _ _ _ _ _ _ _ _ _ _ _ _ _ _ _ _ _ _ _ _ _ _ _ _ _ _ _ _ _ _ _ _ _ _ _ _ _ _ _ \npages/item_page.py:41: in add_item_to_cart\n    amount_field = self.find_element(self._item_amount)\nbase/seleniumbase.py:17: in find_element\n    return self.driver.find_element(*locator)\n/usr/local/lib/python3.11/site-packages/selenium/webdriver/remote/webdriver.py:740: in find_element\n    return self.execute(Command.FIND_ELEMENT, {\"using\": by, \"value\": value})[\"value\"]\n/usr/local/lib/python3.11/site-packages/selenium/webdriver/remote/webdriver.py:346: in execute\n    self.error_handler.check_response(response)\n_ _ _ _ _ _ _ _ _ _ _ _ _ _ _ _ _ _ _ _ _ _ _ _ _ _ _ _ _ _ _ _ _ _ _ _ _ _ _ _ \n\nself = <selenium.webdriver.remote.errorhandler.ErrorHandler object at 0x7ff23eed78d0>\nresponse = {'status': 404, 'value': '{\"value\":{\"error\":\"no such element\",\"message\":\"no such element: Unable to locate element: {\\...\\\\n#16 0x55dfb0568917 \\\\u003Cunknown>\\\\n#17 0x55dfb0579773 \\\\u003Cunknown>\\\\n#18 0x7f8003a0b044 \\\\u003Cunknown>\\\\n\"}}'}\n\n    def check_response(self, response: Dict[str, Any]) -> None:\n        \"\"\"Checks that a JSON response from the WebDriver does not have an\n        error.\n    \n        :Args:\n         - response - The JSON response from the WebDriver server as a dictionary\n           object.\n    \n        :Raises: If the response contains an error message.\n        \"\"\"\n        status = response.get(\"status\", None)\n        if not status or status == ErrorCode.SUCCESS:\n            return\n        value = None\n        message = response.get(\"message\", \"\")\n        screen: str = response.get(\"screen\", \"\")\n        stacktrace = None\n        if isinstance(status, int):\n            value_json = response.get(\"value\", None)\n            if value_json and isinstance(value_json, str):\n                import json\n    \n                try:\n                    value = json.loads(value_json)\n                    if len(value) == 1:\n                        value = value[\"value\"]\n                    status = value.get(\"error\", None)\n                    if not status:\n                        status = value.get(\"status\", ErrorCode.UNKNOWN_ERROR)\n                        message = value.get(\"value\") or value.get(\"message\")\n                        if not isinstance(message, str):\n                            value = message\n                            message = message.get(\"message\")\n                    else:\n                        message = value.get(\"message\", None)\n                except ValueError:\n                    pass\n    \n        exception_class: Type[WebDriverException]\n        if status in ErrorCode.NO_SUCH_ELEMENT:\n            exception_class = NoSuchElementException\n        elif status in ErrorCode.NO_SUCH_FRAME:\n            exception_class = NoSuchFrameException\n        elif status in ErrorCode.NO_SUCH_SHADOW_ROOT:\n            exception_class = NoSuchShadowRootException\n        elif status in ErrorCode.NO_SUCH_WINDOW:\n            exception_class = NoSuchWindowException\n        elif status in ErrorCode.STALE_ELEMENT_REFERENCE:\n            exception_class = StaleElementReferenceException\n        elif status in ErrorCode.ELEMENT_NOT_VISIBLE:\n            exception_class = ElementNotVisibleException\n        elif status in ErrorCode.INVALID_ELEMENT_STATE:\n            exception_class = InvalidElementStateException\n        elif (\n            status in ErrorCode.INVALID_SELECTOR\n            or status in ErrorCode.INVALID_XPATH_SELECTOR\n            or status in ErrorCode.INVALID_XPATH_SELECTOR_RETURN_TYPER\n        ):\n            exception_class = InvalidSelectorException\n        elif status in ErrorCode.ELEMENT_IS_NOT_SELECTABLE:\n            exception_class = ElementNotSelectableException\n        elif status in ErrorCode.ELEMENT_NOT_INTERACTABLE:\n            exception_class = ElementNotInteractableException\n        elif status in ErrorCode.INVALID_COOKIE_DOMAIN:\n            exception_class = InvalidCookieDomainException\n        elif status in ErrorCode.UNABLE_TO_SET_COOKIE:\n            exception_class = UnableToSetCookieException\n        elif status in ErrorCode.TIMEOUT:\n            exception_class = TimeoutException\n        elif status in ErrorCode.SCRIPT_TIMEOUT:\n            exception_class = TimeoutException\n        elif status in ErrorCode.UNKNOWN_ERROR:\n            exception_class = WebDriverException\n        elif status in ErrorCode.UNEXPECTED_ALERT_OPEN:\n            exception_class = UnexpectedAlertPresentException\n        elif status in ErrorCode.NO_ALERT_OPEN:\n            exception_class = NoAlertPresentException\n        elif status in ErrorCode.IME_NOT_AVAILABLE:\n            exception_class = ImeNotAvailableException\n        elif status in ErrorCode.IME_ENGINE_ACTIVATION_FAILED:\n            exception_class = ImeActivationFailedException\n        elif status in ErrorCode.MOVE_TARGET_OUT_OF_BOUNDS:\n            exception_class = MoveTargetOutOfBoundsException\n        elif status in ErrorCode.JAVASCRIPT_ERROR:\n            exception_class = JavascriptException\n        elif status in ErrorCode.SESSION_NOT_CREATED:\n            exception_class = SessionNotCreatedException\n        elif status in ErrorCode.INVALID_ARGUMENT:\n            exception_class = InvalidArgumentException\n        elif status in ErrorCode.NO_SUCH_COOKIE:\n            exception_class = NoSuchCookieException\n        elif status in ErrorCode.UNABLE_TO_CAPTURE_SCREEN:\n            exception_class = ScreenshotException\n        elif status in ErrorCode.ELEMENT_CLICK_INTERCEPTED:\n            exception_class = ElementClickInterceptedException\n        elif status in ErrorCode.INSECURE_CERTIFICATE:\n            exception_class = InsecureCertificateException\n        elif status in ErrorCode.INVALID_COORDINATES:\n            exception_class = InvalidCoordinatesException\n        elif status in ErrorCode.INVALID_SESSION_ID:\n            exception_class = InvalidSessionIdException\n        elif status in ErrorCode.UNKNOWN_METHOD:\n            exception_class = UnknownMethodException\n        else:\n            exception_class = WebDriverException\n        if not value:\n            value = response[\"value\"]\n        if isinstance(value, str):\n            raise exception_class(value)\n        if message == \"\" and \"message\" in value:\n            message = value[\"message\"]\n    \n        screen = None  # type: ignore[assignment]\n        if \"screen\" in value:\n            screen = value[\"screen\"]\n    \n        stacktrace = None\n        st_value = value.get(\"stackTrace\") or value.get(\"stacktrace\")\n        if st_value:\n            if isinstance(st_value, str):\n                stacktrace = st_value.split(\"\\n\")\n            else:\n                stacktrace = []\n                try:\n                    for frame in st_value:\n                        line = frame.get(\"lineNumber\", \"\")\n                        file = frame.get(\"fileName\", \"<anonymous>\")\n                        if line:\n                            file = f\"{file}:{line}\"\n                        meth = frame.get(\"methodName\", \"<anonymous>\")\n                        if \"className\" in frame:\n                            meth = f\"{frame['className']}.{meth}\"\n                        msg = \"    at %s (%s)\"\n                        msg = msg % (meth, file)\n                        stacktrace.append(msg)\n                except TypeError:\n                    pass\n        if exception_class == UnexpectedAlertPresentException:\n            alert_text = None\n            if \"data\" in value:\n                alert_text = value[\"data\"].get(\"text\")\n            elif \"alert\" in value:\n                alert_text = value[\"alert\"].get(\"text\")\n            raise exception_class(message, screen, stacktrace, alert_text)  # type: ignore[call-arg]  # mypy is not smart enough here\n>       raise exception_class(message, screen, stacktrace)\nE       selenium.common.exceptions.NoSuchElementException: Message: no such element: Unable to locate element: {\"method\":\"xpath\",\"selector\":\"//input[@class='amount']\"}\nE         (Session info: headless chrome=119.0.6045.105); For documentation on this error, please visit: https://www.selenium.dev/documentation/webdriver/troubleshooting/errors#no-such-element-exception\nE       Stacktrace:\nE       #0 0x55dfb057a5e3 <unknown>\nE       #1 0x55dfb023d0b7 <unknown>\nE       #2 0x55dfb028af53 <unknown>\nE       #3 0x55dfb028b051 <unknown>\nE       #4 0x55dfb02d09c4 <unknown>\nE       #5 0x55dfb02b1f1d <unknown>\nE       #6 0x55dfb02cdb3d <unknown>\nE       #7 0x55dfb02b1cc3 <unknown>\nE       #8 0x55dfb027d0e4 <unknown>\nE       #9 0x55dfb027e0ae <unknown>\nE       #10 0x55dfb0540ce1 <unknown>\nE       #11 0x55dfb0544b7e <unknown>\nE       #12 0x55dfb052e4b5 <unknown>\nE       #13 0x55dfb05457d6 <unknown>\nE       #14 0x55dfb0511dbf <unknown>\nE       #15 0x55dfb0568748 <unknown>\nE       #16 0x55dfb0568917 <unknown>\nE       #17 0x55dfb0579773 <unknown>\nE       #18 0x7f8003a0b044 <unknown>\n\n/usr/local/lib/python3.11/site-packages/selenium/webdriver/remote/errorhandler.py:245: NoSuchElementException","flaky":false,"newFailed":false,"newBroken":false,"newPassed":false,"retriesCount":0,"retriesStatusChange":false,"beforeStages":[{"name":"_session_faker","time":{"start":1699837489270,"stop":1699837489337,"duration":67},"status":"passed","steps":[],"attachments":[],"parameters":[],"shouldDisplayMessage":false,"stepsCount":0,"attachmentsCount":0,"hasContent":false},{"name":"clear_allure_results_folder","time":{"start":1699837489337,"stop":1699837489337,"duration":0},"status":"passed","steps":[],"attachments":[],"parameters":[],"shouldDisplayMessage":false,"stepsCount":0,"attachmentsCount":0,"hasContent":false},{"name":"driver","time":{"start":1699837938889,"stop":1699837939626,"duration":737},"status":"passed","steps":[],"attachments":[],"parameters":[],"shouldDisplayMessage":false,"stepsCount":0,"attachmentsCount":0,"hasContent":false},{"name":"setup","time":{"start":1699837939626,"stop":1699837939626,"duration":0},"status":"passed","steps":[],"attachments":[],"parameters":[],"shouldDisplayMessage":false,"stepsCount":0,"attachmentsCount":0,"hasContent":false}],"testStage":{"status":"skipped","statusMessage":"XFAIL Цена стандартной доставки 4450\n\nselenium.common.exceptions.NoSuchElementException: Message: no such element: Unable to locate element: {\"method\":\"xpath\",\"selector\":\"//input[@class='amount']\"}\n  (Session info: headless chrome=119.0.6045.105); For documentation on this error, please visit: https://www.selenium.dev/documentation/webdriver/troubleshooting/errors#no-such-element-exception\nStacktrace:\n#0 0x55dfb057a5e3 <unknown>\n#1 0x55dfb023d0b7 <unknown>\n#2 0x55dfb028af53 <unknown>\n#3 0x55dfb028b051 <unknown>\n#4 0x55dfb02d09c4 <unknown>\n#5 0x55dfb02b1f1d <unknown>\n#6 0x55dfb02cdb3d <unknown>\n#7 0x55dfb02b1cc3 <unknown>\n#8 0x55dfb027d0e4 <unknown>\n#9 0x55dfb027e0ae <unknown>\n#10 0x55dfb0540ce1 <unknown>\n#11 0x55dfb0544b7e <unknown>\n#12 0x55dfb052e4b5 <unknown>\n#13 0x55dfb05457d6 <unknown>\n#14 0x55dfb0511dbf <unknown>\n#15 0x55dfb0568748 <unknown>\n#16 0x55dfb0568917 <unknown>\n#17 0x55dfb0579773 <unknown>\n#18 0x7f8003a0b044 <unknown>","statusTrace":"self = <tests.delivery.test_delivery_calculation.TestDeliveryPageCalculation object at 0x7ff2405ef010>\ndriver = <selenium.webdriver.chrome.webdriver.WebDriver (session=\"8b4dc0c4a2541ff739d48f5e0f6fba34\")>\nurl = 'https://sandboxtest.stroyrem-nn.ru/', case_id = 'TD 014'\nlink_item = 'products/shtukaturka-gipsovaya-aksolit-m50-30-kg-mashinnogo-naneseniya'\namount = 666, weight = 20000, standard = 5400, in_time = 15600, all_time = 17490\n\n    @pytest.mark.parametrize('case_id, link_item, amount, weight, standard, in_time, all_time', [\n        (\"TD 001\", uroven_3000, 1, 30, 0, 1590, 2190),\n        (\"TD 002\", bundeks_25, 1, 30, 400, 1590, 2190),\n        (\"TD 003\", aksolit_30, 8, 300, 400, 1590, 2190),\n        (\"TD 004\", aksolit_30, 13, 400, 450, 1590, 2190),\n        (\"TD 005\", aksolit_30, 16, 500, 600, 1590, 2190),\n        (\"TD 006\", aksolit_30, 25, 1700, 990, 1990, 2480),\n        (\"TD 007\", aksolit_30, 66, 2000, 1300, 2490, 2980),\n        (\"TD 008\", aksolit_30, 149, 4500, 2300, 3980, 4490),\n        (\"TD 009\", aksolit_30, 166, 5000, 2500, 4990, 5480),\n        pytest.param(\n            \"TD 010\", aksolit_30, 206, 6200, 2900, 5570, 6120,\n            marks=pytest.mark.xfail(reson=\"Цена доставки 3600 7960 8980\")\n        ),\n        (\"TD 011\", aksolit_30, 299, 9000, 3600, 7960, 8980),\n        (\"TD 012\", aksolit_30, 333, 10000, 4450, 11990, 12500),\n        pytest.param(\n            \"TD 013\", aksolit_30, 366, 11000, 4800, 12450, 13480,\n            marks=pytest.mark.xfail(reason=\"Цена стандартной доставки 4450\")\n        ),\n        pytest.param(\n            \"TD 014\", aksolit_30, 666, 20000, 5400, 15600, 17490,\n            marks=pytest.mark.xfail(reason=\"Цена стандартной доставки 4450\")\n        )\n    ])\n    @pytest.mark.smoke\n    def test_positive_delivery_green_zone_smoke(\n            self, driver, url, case_id, link_item, amount, weight, standard, in_time, all_time\n    ):\n    \n        driver.get(f'{url}{link_item}')\n        item_page = ItemPage(driver)\n>       item_page.add_item_to_cart(amount).click_on_cart()\n\ntests/delivery/test_delivery_calculation.py:49: \n_ _ _ _ _ _ _ _ _ _ _ _ _ _ _ _ _ _ _ _ _ _ _ _ _ _ _ _ _ _ _ _ _ _ _ _ _ _ _ _ \npages/item_page.py:41: in add_item_to_cart\n    amount_field = self.find_element(self._item_amount)\nbase/seleniumbase.py:17: in find_element\n    return self.driver.find_element(*locator)\n/usr/local/lib/python3.11/site-packages/selenium/webdriver/remote/webdriver.py:740: in find_element\n    return self.execute(Command.FIND_ELEMENT, {\"using\": by, \"value\": value})[\"value\"]\n/usr/local/lib/python3.11/site-packages/selenium/webdriver/remote/webdriver.py:346: in execute\n    self.error_handler.check_response(response)\n_ _ _ _ _ _ _ _ _ _ _ _ _ _ _ _ _ _ _ _ _ _ _ _ _ _ _ _ _ _ _ _ _ _ _ _ _ _ _ _ \n\nself = <selenium.webdriver.remote.errorhandler.ErrorHandler object at 0x7ff23eed78d0>\nresponse = {'status': 404, 'value': '{\"value\":{\"error\":\"no such element\",\"message\":\"no such element: Unable to locate element: {\\...\\\\n#16 0x55dfb0568917 \\\\u003Cunknown>\\\\n#17 0x55dfb0579773 \\\\u003Cunknown>\\\\n#18 0x7f8003a0b044 \\\\u003Cunknown>\\\\n\"}}'}\n\n    def check_response(self, response: Dict[str, Any]) -> None:\n        \"\"\"Checks that a JSON response from the WebDriver does not have an\n        error.\n    \n        :Args:\n         - response - The JSON response from the WebDriver server as a dictionary\n           object.\n    \n        :Raises: If the response contains an error message.\n        \"\"\"\n        status = response.get(\"status\", None)\n        if not status or status == ErrorCode.SUCCESS:\n            return\n        value = None\n        message = response.get(\"message\", \"\")\n        screen: str = response.get(\"screen\", \"\")\n        stacktrace = None\n        if isinstance(status, int):\n            value_json = response.get(\"value\", None)\n            if value_json and isinstance(value_json, str):\n                import json\n    \n                try:\n                    value = json.loads(value_json)\n                    if len(value) == 1:\n                        value = value[\"value\"]\n                    status = value.get(\"error\", None)\n                    if not status:\n                        status = value.get(\"status\", ErrorCode.UNKNOWN_ERROR)\n                        message = value.get(\"value\") or value.get(\"message\")\n                        if not isinstance(message, str):\n                            value = message\n                            message = message.get(\"message\")\n                    else:\n                        message = value.get(\"message\", None)\n                except ValueError:\n                    pass\n    \n        exception_class: Type[WebDriverException]\n        if status in ErrorCode.NO_SUCH_ELEMENT:\n            exception_class = NoSuchElementException\n        elif status in ErrorCode.NO_SUCH_FRAME:\n            exception_class = NoSuchFrameException\n        elif status in ErrorCode.NO_SUCH_SHADOW_ROOT:\n            exception_class = NoSuchShadowRootException\n        elif status in ErrorCode.NO_SUCH_WINDOW:\n            exception_class = NoSuchWindowException\n        elif status in ErrorCode.STALE_ELEMENT_REFERENCE:\n            exception_class = StaleElementReferenceException\n        elif status in ErrorCode.ELEMENT_NOT_VISIBLE:\n            exception_class = ElementNotVisibleException\n        elif status in ErrorCode.INVALID_ELEMENT_STATE:\n            exception_class = InvalidElementStateException\n        elif (\n            status in ErrorCode.INVALID_SELECTOR\n            or status in ErrorCode.INVALID_XPATH_SELECTOR\n            or status in ErrorCode.INVALID_XPATH_SELECTOR_RETURN_TYPER\n        ):\n            exception_class = InvalidSelectorException\n        elif status in ErrorCode.ELEMENT_IS_NOT_SELECTABLE:\n            exception_class = ElementNotSelectableException\n        elif status in ErrorCode.ELEMENT_NOT_INTERACTABLE:\n            exception_class = ElementNotInteractableException\n        elif status in ErrorCode.INVALID_COOKIE_DOMAIN:\n            exception_class = InvalidCookieDomainException\n        elif status in ErrorCode.UNABLE_TO_SET_COOKIE:\n            exception_class = UnableToSetCookieException\n        elif status in ErrorCode.TIMEOUT:\n            exception_class = TimeoutException\n        elif status in ErrorCode.SCRIPT_TIMEOUT:\n            exception_class = TimeoutException\n        elif status in ErrorCode.UNKNOWN_ERROR:\n            exception_class = WebDriverException\n        elif status in ErrorCode.UNEXPECTED_ALERT_OPEN:\n            exception_class = UnexpectedAlertPresentException\n        elif status in ErrorCode.NO_ALERT_OPEN:\n            exception_class = NoAlertPresentException\n        elif status in ErrorCode.IME_NOT_AVAILABLE:\n            exception_class = ImeNotAvailableException\n        elif status in ErrorCode.IME_ENGINE_ACTIVATION_FAILED:\n            exception_class = ImeActivationFailedException\n        elif status in ErrorCode.MOVE_TARGET_OUT_OF_BOUNDS:\n            exception_class = MoveTargetOutOfBoundsException\n        elif status in ErrorCode.JAVASCRIPT_ERROR:\n            exception_class = JavascriptException\n        elif status in ErrorCode.SESSION_NOT_CREATED:\n            exception_class = SessionNotCreatedException\n        elif status in ErrorCode.INVALID_ARGUMENT:\n            exception_class = InvalidArgumentException\n        elif status in ErrorCode.NO_SUCH_COOKIE:\n            exception_class = NoSuchCookieException\n        elif status in ErrorCode.UNABLE_TO_CAPTURE_SCREEN:\n            exception_class = ScreenshotException\n        elif status in ErrorCode.ELEMENT_CLICK_INTERCEPTED:\n            exception_class = ElementClickInterceptedException\n        elif status in ErrorCode.INSECURE_CERTIFICATE:\n            exception_class = InsecureCertificateException\n        elif status in ErrorCode.INVALID_COORDINATES:\n            exception_class = InvalidCoordinatesException\n        elif status in ErrorCode.INVALID_SESSION_ID:\n            exception_class = InvalidSessionIdException\n        elif status in ErrorCode.UNKNOWN_METHOD:\n            exception_class = UnknownMethodException\n        else:\n            exception_class = WebDriverException\n        if not value:\n            value = response[\"value\"]\n        if isinstance(value, str):\n            raise exception_class(value)\n        if message == \"\" and \"message\" in value:\n            message = value[\"message\"]\n    \n        screen = None  # type: ignore[assignment]\n        if \"screen\" in value:\n            screen = value[\"screen\"]\n    \n        stacktrace = None\n        st_value = value.get(\"stackTrace\") or value.get(\"stacktrace\")\n        if st_value:\n            if isinstance(st_value, str):\n                stacktrace = st_value.split(\"\\n\")\n            else:\n                stacktrace = []\n                try:\n                    for frame in st_value:\n                        line = frame.get(\"lineNumber\", \"\")\n                        file = frame.get(\"fileName\", \"<anonymous>\")\n                        if line:\n                            file = f\"{file}:{line}\"\n                        meth = frame.get(\"methodName\", \"<anonymous>\")\n                        if \"className\" in frame:\n                            meth = f\"{frame['className']}.{meth}\"\n                        msg = \"    at %s (%s)\"\n                        msg = msg % (meth, file)\n                        stacktrace.append(msg)\n                except TypeError:\n                    pass\n        if exception_class == UnexpectedAlertPresentException:\n            alert_text = None\n            if \"data\" in value:\n                alert_text = value[\"data\"].get(\"text\")\n            elif \"alert\" in value:\n                alert_text = value[\"alert\"].get(\"text\")\n            raise exception_class(message, screen, stacktrace, alert_text)  # type: ignore[call-arg]  # mypy is not smart enough here\n>       raise exception_class(message, screen, stacktrace)\nE       selenium.common.exceptions.NoSuchElementException: Message: no such element: Unable to locate element: {\"method\":\"xpath\",\"selector\":\"//input[@class='amount']\"}\nE         (Session info: headless chrome=119.0.6045.105); For documentation on this error, please visit: https://www.selenium.dev/documentation/webdriver/troubleshooting/errors#no-such-element-exception\nE       Stacktrace:\nE       #0 0x55dfb057a5e3 <unknown>\nE       #1 0x55dfb023d0b7 <unknown>\nE       #2 0x55dfb028af53 <unknown>\nE       #3 0x55dfb028b051 <unknown>\nE       #4 0x55dfb02d09c4 <unknown>\nE       #5 0x55dfb02b1f1d <unknown>\nE       #6 0x55dfb02cdb3d <unknown>\nE       #7 0x55dfb02b1cc3 <unknown>\nE       #8 0x55dfb027d0e4 <unknown>\nE       #9 0x55dfb027e0ae <unknown>\nE       #10 0x55dfb0540ce1 <unknown>\nE       #11 0x55dfb0544b7e <unknown>\nE       #12 0x55dfb052e4b5 <unknown>\nE       #13 0x55dfb05457d6 <unknown>\nE       #14 0x55dfb0511dbf <unknown>\nE       #15 0x55dfb0568748 <unknown>\nE       #16 0x55dfb0568917 <unknown>\nE       #17 0x55dfb0579773 <unknown>\nE       #18 0x7f8003a0b044 <unknown>\n\n/usr/local/lib/python3.11/site-packages/selenium/webdriver/remote/errorhandler.py:245: NoSuchElementException","steps":[{"name":"Добавляем товар в корзину в количестве 666","time":{"start":1699837943380,"stop":1699837943433,"duration":53},"status":"broken","statusMessage":"selenium.common.exceptions.NoSuchElementException: Message: no such element: Unable to locate element: {\"method\":\"xpath\",\"selector\":\"//input[@class='amount']\"}\n  (Session info: headless chrome=119.0.6045.105); For documentation on this error, please visit: https://www.selenium.dev/documentation/webdriver/troubleshooting/errors#no-such-element-exception\nStacktrace:\n#0 0x55dfb057a5e3 <unknown>\n#1 0x55dfb023d0b7 <unknown>\n#2 0x55dfb028af53 <unknown>\n#3 0x55dfb028b051 <unknown>\n#4 0x55dfb02d09c4 <unknown>\n#5 0x55dfb02b1f1d <unknown>\n#6 0x55dfb02cdb3d <unknown>\n#7 0x55dfb02b1cc3 <unknown>\n#8 0x55dfb027d0e4 <unknown>\n#9 0x55dfb027e0ae <unknown>\n#10 0x55dfb0540ce1 <unknown>\n#11 0x55dfb0544b7e <unknown>\n#12 0x55dfb052e4b5 <unknown>\n#13 0x55dfb05457d6 <unknown>\n#14 0x55dfb0511dbf <unknown>\n#15 0x55dfb0568748 <unknown>\n#16 0x55dfb0568917 <unknown>\n#17 0x55dfb0579773 <unknown>\n#18 0x7f8003a0b044 <unknown>\n\n","statusTrace":"  File \"/usr/local/lib/python3.11/site-packages/allure_commons/_allure.py\", line 192, in impl\n    return func(*a, **kw)\n           ^^^^^^^^^^^^^^\n  File \"/app/pages/item_page.py\", line 41, in add_item_to_cart\n    amount_field = self.find_element(self._item_amount)\n                   ^^^^^^^^^^^^^^^^^^^^^^^^^^^^^^^^^^^^\n  File \"/app/base/seleniumbase.py\", line 17, in find_element\n    return self.driver.find_element(*locator)\n           ^^^^^^^^^^^^^^^^^^^^^^^^^^^^^^^^^^\n  File \"/usr/local/lib/python3.11/site-packages/selenium/webdriver/remote/webdriver.py\", line 740, in find_element\n    return self.execute(Command.FIND_ELEMENT, {\"using\": by, \"value\": value})[\"value\"]\n           ^^^^^^^^^^^^^^^^^^^^^^^^^^^^^^^^^^^^^^^^^^^^^^^^^^^^^^^^^^^^^^^^^\n  File \"/usr/local/lib/python3.11/site-packages/selenium/webdriver/remote/webdriver.py\", line 346, in execute\n    self.error_handler.check_response(response)\n  File \"/usr/local/lib/python3.11/site-packages/selenium/webdriver/remote/errorhandler.py\", line 245, in check_response\n    raise exception_class(message, screen, stacktrace)\n","steps":[],"attachments":[],"parameters":[{"name":"amount","value":"666"}],"shouldDisplayMessage":true,"stepsCount":0,"attachmentsCount":0,"hasContent":true}],"attachments":[{"uid":"6cbe0a0b50621257","name":"Screenshot","source":"6cbe0a0b50621257.png","type":"image/png","size":115178},{"uid":"565768230a646243","name":"HTML source","source":"565768230a646243.html","type":"text/html","size":303988}],"parameters":[],"shouldDisplayMessage":true,"stepsCount":1,"attachmentsCount":2,"hasContent":true},"afterStages":[{"name":"setup::0","time":{"start":1699837943579,"stop":1699837943579,"duration":0},"status":"passed","steps":[],"attachments":[],"parameters":[],"shouldDisplayMessage":false,"stepsCount":0,"attachmentsCount":0,"hasContent":false},{"name":"driver::0","time":{"start":1699837943579,"stop":1699837943640,"duration":61},"status":"passed","steps":[],"attachments":[],"parameters":[],"shouldDisplayMessage":false,"stepsCount":0,"attachmentsCount":0,"hasContent":false}],"labels":[{"name":"epic","value":"Delivery Page - calculation"},{"name":"tag","value":"smoke"},{"name":"tag","value":"@pytest.mark.xfail(reason='Цена стандартной доставки 4450')"},{"name":"parentSuite","value":"tests.delivery"},{"name":"suite","value":"test_delivery_calculation"},{"name":"subSuite","value":"TestDeliveryPageCalculation"},{"name":"host","value":"67ff8d2f2a0f"},{"name":"thread","value":"1-MainThread"},{"name":"framework","value":"pytest"},{"name":"language","value":"cpython3"},{"name":"package","value":"tests.delivery.test_delivery_calculation"},{"name":"resultFormat","value":"allure2"}],"parameters":[{"name":"all_time","value":"17490"},{"name":"amount","value":"666"},{"name":"case_id","value":"'TD 014'"},{"name":"in_time","value":"15600"},{"name":"link_item","value":"'products/shtukaturka-gipsovaya-aksolit-m50-30-kg-mashinnogo-naneseniya'"},{"name":"standard","value":"5400"},{"name":"url","value":"'https://sandboxtest.stroyrem-nn.ru/'"},{"name":"weight","value":"20000"}],"links":[],"hidden":false,"retry":false,"extra":{"severity":"normal","retries":[],"categories":[],"history":{"statistic":{"failed":0,"broken":0,"skipped":75,"passed":0,"unknown":0,"total":75},"items":[{"uid":"fdb1b7ffcc5d9adc","reportUrl":"https://zaelcovsky.github.io/StroyremAutomation/138//#testresult/fdb1b7ffcc5d9adc","status":"skipped","statusDetails":"XFAIL Цена стандартной доставки 4450\n\nselenium.common.exceptions.NoSuchElementException: Message: no such element: Unable to locate element: {\"method\":\"xpath\",\"selector\":\"//input[@class='amount']\"}\n  (Session info: headless chrome=119.0.6045.105); For documentation on this error, please visit: https://www.selenium.dev/documentation/webdriver/troubleshooting/errors#no-such-element-exception\nStacktrace:\n#0 0x560b9bc095e3 <unknown>\n#1 0x560b9b8cc0b7 <unknown>\n#2 0x560b9b919f53 <unknown>\n#3 0x560b9b91a051 <unknown>\n#4 0x560b9b95f9c4 <unknown>\n#5 0x560b9b940f1d <unknown>\n#6 0x560b9b95cb3d <unknown>\n#7 0x560b9b940cc3 <unknown>\n#8 0x560b9b90c0e4 <unknown>\n#9 0x560b9b90d0ae <unknown>\n#10 0x560b9bbcfce1 <unknown>\n#11 0x560b9bbd3b7e <unknown>\n#12 0x560b9bbbd4b5 <unknown>\n#13 0x560b9bbd47d6 <unknown>\n#14 0x560b9bba0dbf <unknown>\n#15 0x560b9bbf7748 <unknown>\n#16 0x560b9bbf7917 <unknown>\n#17 0x560b9bc08773 <unknown>\n#18 0x7fa9e8bf1044 <unknown>","time":{"start":1699751745928,"stop":1699751750457,"duration":4529}},{"uid":"f822da06627e8108","reportUrl":"https://zaelcovsky.github.io/StroyremAutomation/137//#testresult/f822da06627e8108","status":"skipped","statusDetails":"XFAIL Цена стандартной доставки 4450\n\nselenium.common.exceptions.NoSuchElementException: Message: no such element: Unable to locate element: {\"method\":\"xpath\",\"selector\":\"//input[@class='amount']\"}\n  (Session info: headless chrome=119.0.6045.105); For documentation on this error, please visit: https://www.selenium.dev/documentation/webdriver/troubleshooting/errors#no-such-element-exception\nStacktrace:\n#0 0x563c1e8f35e3 <unknown>\n#1 0x563c1e5b60b7 <unknown>\n#2 0x563c1e603f53 <unknown>\n#3 0x563c1e604051 <unknown>\n#4 0x563c1e6499c4 <unknown>\n#5 0x563c1e62af1d <unknown>\n#6 0x563c1e646b3d <unknown>\n#7 0x563c1e62acc3 <unknown>\n#8 0x563c1e5f60e4 <unknown>\n#9 0x563c1e5f70ae <unknown>\n#10 0x563c1e8b9ce1 <unknown>\n#11 0x563c1e8bdb7e <unknown>\n#12 0x563c1e8a74b5 <unknown>\n#13 0x563c1e8be7d6 <unknown>\n#14 0x563c1e88adbf <unknown>\n#15 0x563c1e8e1748 <unknown>\n#16 0x563c1e8e1917 <unknown>\n#17 0x563c1e8f2773 <unknown>\n#18 0x7fdab0171044 <unknown>","time":{"start":1699664918711,"stop":1699664922440,"duration":3729}},{"uid":"4e0da8d84cb2cef5","reportUrl":"https://zaelcovsky.github.io/StroyremAutomation/136//#testresult/4e0da8d84cb2cef5","status":"skipped","statusDetails":"XFAIL Цена стандартной доставки 4450\n\nselenium.common.exceptions.NoSuchElementException: Message: no such element: Unable to locate element: {\"method\":\"xpath\",\"selector\":\"//input[@class='amount']\"}\n  (Session info: headless chrome=119.0.6045.105); For documentation on this error, please visit: https://www.selenium.dev/documentation/webdriver/troubleshooting/errors#no-such-element-exception\nStacktrace:\n#0 0x562bfe5735e3 <unknown>\n#1 0x562bfe2360b7 <unknown>\n#2 0x562bfe283f53 <unknown>\n#3 0x562bfe284051 <unknown>\n#4 0x562bfe2c99c4 <unknown>\n#5 0x562bfe2aaf1d <unknown>\n#6 0x562bfe2c6b3d <unknown>\n#7 0x562bfe2aacc3 <unknown>\n#8 0x562bfe2760e4 <unknown>\n#9 0x562bfe2770ae <unknown>\n#10 0x562bfe539ce1 <unknown>\n#11 0x562bfe53db7e <unknown>\n#12 0x562bfe5274b5 <unknown>\n#13 0x562bfe53e7d6 <unknown>\n#14 0x562bfe50adbf <unknown>\n#15 0x562bfe561748 <unknown>\n#16 0x562bfe561917 <unknown>\n#17 0x562bfe572773 <unknown>\n#18 0x7fc42c0a0044 <unknown>","time":{"start":1699578649837,"stop":1699578654292,"duration":4455}},{"uid":"9090e1f953a57120","reportUrl":"https://zaelcovsky.github.io/StroyremAutomation/135//#testresult/9090e1f953a57120","status":"skipped","statusDetails":"XFAIL Цена стандартной доставки 4450\n\nselenium.common.exceptions.NoSuchElementException: Message: no such element: Unable to locate element: {\"method\":\"xpath\",\"selector\":\"//input[@class='amount']\"}\n  (Session info: headless chrome=119.0.6045.105); For documentation on this error, please visit: https://www.selenium.dev/documentation/webdriver/troubleshooting/errors#no-such-element-exception\nStacktrace:\n#0 0x5644d52925e3 <unknown>\n#1 0x5644d4f550b7 <unknown>\n#2 0x5644d4fa2f53 <unknown>\n#3 0x5644d4fa3051 <unknown>\n#4 0x5644d4fe89c4 <unknown>\n#5 0x5644d4fc9f1d <unknown>\n#6 0x5644d4fe5b3d <unknown>\n#7 0x5644d4fc9cc3 <unknown>\n#8 0x5644d4f950e4 <unknown>\n#9 0x5644d4f960ae <unknown>\n#10 0x5644d5258ce1 <unknown>\n#11 0x5644d525cb7e <unknown>\n#12 0x5644d52464b5 <unknown>\n#13 0x5644d525d7d6 <unknown>\n#14 0x5644d5229dbf <unknown>\n#15 0x5644d5280748 <unknown>\n#16 0x5644d5280917 <unknown>\n#17 0x5644d5291773 <unknown>\n#18 0x7f048f74a044 <unknown>","time":{"start":1699492248401,"stop":1699492252073,"duration":3672}},{"uid":"777275c0ac60b421","reportUrl":"https://zaelcovsky.github.io/StroyremAutomation/134//#testresult/777275c0ac60b421","status":"skipped","statusDetails":"XFAIL Цена стандартной доставки 4450\n\nselenium.common.exceptions.NoSuchElementException: Message: no such element: Unable to locate element: {\"method\":\"xpath\",\"selector\":\"//input[@class='amount']\"}\n  (Session info: headless chrome=119.0.6045.105); For documentation on this error, please visit: https://www.selenium.dev/documentation/webdriver/troubleshooting/errors#no-such-element-exception\nStacktrace:\n#0 0x5646052075e3 <unknown>\n#1 0x564604eca0b7 <unknown>\n#2 0x564604f17f53 <unknown>\n#3 0x564604f18051 <unknown>\n#4 0x564604f5d9c4 <unknown>\n#5 0x564604f3ef1d <unknown>\n#6 0x564604f5ab3d <unknown>\n#7 0x564604f3ecc3 <unknown>\n#8 0x564604f0a0e4 <unknown>\n#9 0x564604f0b0ae <unknown>\n#10 0x5646051cdce1 <unknown>\n#11 0x5646051d1b7e <unknown>\n#12 0x5646051bb4b5 <unknown>\n#13 0x5646051d27d6 <unknown>\n#14 0x56460519edbf <unknown>\n#15 0x5646051f5748 <unknown>\n#16 0x5646051f5917 <unknown>\n#17 0x564605206773 <unknown>\n#18 0x7f9896f94044 <unknown>","time":{"start":1699405779104,"stop":1699405782681,"duration":3577}},{"uid":"44eb9784fa8090c7","reportUrl":"https://zaelcovsky.github.io/StroyremAutomation/133//#testresult/44eb9784fa8090c7","status":"skipped","statusDetails":"XFAIL Цена стандартной доставки 4450\n\nselenium.common.exceptions.NoSuchElementException: Message: no such element: Unable to locate element: {\"method\":\"xpath\",\"selector\":\"//input[@class='amount']\"}\n  (Session info: headless chrome=119.0.6045.105); For documentation on this error, please visit: https://www.selenium.dev/documentation/webdriver/troubleshooting/errors#no-such-element-exception\nStacktrace:\n#0 0x55de2b1405e3 <unknown>\n#1 0x55de2ae030b7 <unknown>\n#2 0x55de2ae50f53 <unknown>\n#3 0x55de2ae51051 <unknown>\n#4 0x55de2ae969c4 <unknown>\n#5 0x55de2ae77f1d <unknown>\n#6 0x55de2ae93b3d <unknown>\n#7 0x55de2ae77cc3 <unknown>\n#8 0x55de2ae430e4 <unknown>\n#9 0x55de2ae440ae <unknown>\n#10 0x55de2b106ce1 <unknown>\n#11 0x55de2b10ab7e <unknown>\n#12 0x55de2b0f44b5 <unknown>\n#13 0x55de2b10b7d6 <unknown>\n#14 0x55de2b0d7dbf <unknown>\n#15 0x55de2b12e748 <unknown>\n#16 0x55de2b12e917 <unknown>\n#17 0x55de2b13f773 <unknown>\n#18 0x7f5571d1b044 <unknown>","time":{"start":1699319482795,"stop":1699319487241,"duration":4446}},{"uid":"b25087d52ff4880d","reportUrl":"https://zaelcovsky.github.io/StroyremAutomation/132//#testresult/b25087d52ff4880d","status":"skipped","statusDetails":"XFAIL Цена стандартной доставки 4450\n\nselenium.common.exceptions.NoSuchElementException: Message: no such element: Unable to locate element: {\"method\":\"xpath\",\"selector\":\"//input[@class='amount']\"}\n  (Session info: headless chrome=119.0.6045.105); For documentation on this error, please visit: https://www.selenium.dev/documentation/webdriver/troubleshooting/errors#no-such-element-exception\nStacktrace:\n#0 0x560ed4f985e3 <unknown>\n#1 0x560ed4c5b0b7 <unknown>\n#2 0x560ed4ca8f53 <unknown>\n#3 0x560ed4ca9051 <unknown>\n#4 0x560ed4cee9c4 <unknown>\n#5 0x560ed4ccff1d <unknown>\n#6 0x560ed4cebb3d <unknown>\n#7 0x560ed4ccfcc3 <unknown>\n#8 0x560ed4c9b0e4 <unknown>\n#9 0x560ed4c9c0ae <unknown>\n#10 0x560ed4f5ece1 <unknown>\n#11 0x560ed4f62b7e <unknown>\n#12 0x560ed4f4c4b5 <unknown>\n#13 0x560ed4f637d6 <unknown>\n#14 0x560ed4f2fdbf <unknown>\n#15 0x560ed4f86748 <unknown>\n#16 0x560ed4f86917 <unknown>\n#17 0x560ed4f97773 <unknown>\n#18 0x7f4a7decf044 <unknown>","time":{"start":1699233129857,"stop":1699233133860,"duration":4003}},{"uid":"1c8ba57f68affb71","reportUrl":"https://zaelcovsky.github.io/StroyremAutomation/131//#testresult/1c8ba57f68affb71","status":"skipped","statusDetails":"XFAIL Цена стандартной доставки 4450\n\nselenium.common.exceptions.NoSuchElementException: Message: no such element: Unable to locate element: {\"method\":\"xpath\",\"selector\":\"//input[@class='amount']\"}\n  (Session info: headless chrome=119.0.6045.105); For documentation on this error, please visit: https://www.selenium.dev/documentation/webdriver/troubleshooting/errors#no-such-element-exception\nStacktrace:\n#0 0x55e6199415e3 <unknown>\n#1 0x55e6196040b7 <unknown>\n#2 0x55e619651f53 <unknown>\n#3 0x55e619652051 <unknown>\n#4 0x55e6196979c4 <unknown>\n#5 0x55e619678f1d <unknown>\n#6 0x55e619694b3d <unknown>\n#7 0x55e619678cc3 <unknown>\n#8 0x55e6196440e4 <unknown>\n#9 0x55e6196450ae <unknown>\n#10 0x55e619907ce1 <unknown>\n#11 0x55e61990bb7e <unknown>\n#12 0x55e6198f54b5 <unknown>\n#13 0x55e61990c7d6 <unknown>\n#14 0x55e6198d8dbf <unknown>\n#15 0x55e61992f748 <unknown>\n#16 0x55e61992f917 <unknown>\n#17 0x55e619940773 <unknown>\n#18 0x7f9e0fb4c044 <unknown>","time":{"start":1699146886422,"stop":1699146891989,"duration":5567}},{"uid":"7d2348d314d8f4ac","reportUrl":"https://zaelcovsky.github.io/StroyremAutomation/130//#testresult/7d2348d314d8f4ac","status":"skipped","statusDetails":"XFAIL Цена стандартной доставки 4450\n\nselenium.common.exceptions.NoSuchElementException: Message: no such element: Unable to locate element: {\"method\":\"xpath\",\"selector\":\"//input[@class='amount']\"}\n  (Session info: headless chrome=119.0.6045.105); For documentation on this error, please visit: https://www.selenium.dev/documentation/webdriver/troubleshooting/errors#no-such-element-exception\nStacktrace:\n#0 0x55bcce4ef5e3 <unknown>\n#1 0x55bcce1b20b7 <unknown>\n#2 0x55bcce1fff53 <unknown>\n#3 0x55bcce200051 <unknown>\n#4 0x55bcce2459c4 <unknown>\n#5 0x55bcce226f1d <unknown>\n#6 0x55bcce242b3d <unknown>\n#7 0x55bcce226cc3 <unknown>\n#8 0x55bcce1f20e4 <unknown>\n#9 0x55bcce1f30ae <unknown>\n#10 0x55bcce4b5ce1 <unknown>\n#11 0x55bcce4b9b7e <unknown>\n#12 0x55bcce4a34b5 <unknown>\n#13 0x55bcce4ba7d6 <unknown>\n#14 0x55bcce486dbf <unknown>\n#15 0x55bcce4dd748 <unknown>\n#16 0x55bcce4dd917 <unknown>\n#17 0x55bcce4ee773 <unknown>\n#18 0x7fd88b2ea044 <unknown>","time":{"start":1699060180065,"stop":1699060184741,"duration":4676}},{"uid":"4c94262c2091ffb0","reportUrl":"https://zaelcovsky.github.io/StroyremAutomation/129//#testresult/4c94262c2091ffb0","status":"skipped","statusDetails":"XFAIL Цена стандартной доставки 4450\n\nselenium.common.exceptions.NoSuchElementException: Message: no such element: Unable to locate element: {\"method\":\"xpath\",\"selector\":\"//input[@class='amount']\"}\n  (Session info: headless chrome=119.0.6045.105); For documentation on this error, please visit: https://www.selenium.dev/documentation/webdriver/troubleshooting/errors#no-such-element-exception\nStacktrace:\n#0 0x559139fd85e3 <unknown>\n#1 0x559139c9b0b7 <unknown>\n#2 0x559139ce8f53 <unknown>\n#3 0x559139ce9051 <unknown>\n#4 0x559139d2e9c4 <unknown>\n#5 0x559139d0ff1d <unknown>\n#6 0x559139d2bb3d <unknown>\n#7 0x559139d0fcc3 <unknown>\n#8 0x559139cdb0e4 <unknown>\n#9 0x559139cdc0ae <unknown>\n#10 0x559139f9ece1 <unknown>\n#11 0x559139fa2b7e <unknown>\n#12 0x559139f8c4b5 <unknown>\n#13 0x559139fa37d6 <unknown>\n#14 0x559139f6fdbf <unknown>\n#15 0x559139fc6748 <unknown>\n#16 0x559139fc6917 <unknown>\n#17 0x559139fd7773 <unknown>\n#18 0x7f7e48377044 <unknown>","time":{"start":1698973767347,"stop":1698973772457,"duration":5110}},{"uid":"e66939cefbd592d0","reportUrl":"https://zaelcovsky.github.io/StroyremAutomation/128//#testresult/e66939cefbd592d0","status":"skipped","statusDetails":"XFAIL Цена стандартной доставки 4450\n\nselenium.common.exceptions.NoSuchElementException: Message: no such element: Unable to locate element: {\"method\":\"xpath\",\"selector\":\"//input[@class='amount']\"}\n  (Session info: headless chrome=119.0.6045.105); For documentation on this error, please visit: https://www.selenium.dev/documentation/webdriver/troubleshooting/errors#no-such-element-exception\nStacktrace:\n#0 0x55ed932cd5e3 <unknown>\n#1 0x55ed92f900b7 <unknown>\n#2 0x55ed92fddf53 <unknown>\n#3 0x55ed92fde051 <unknown>\n#4 0x55ed930239c4 <unknown>\n#5 0x55ed93004f1d <unknown>\n#6 0x55ed93020b3d <unknown>\n#7 0x55ed93004cc3 <unknown>\n#8 0x55ed92fd00e4 <unknown>\n#9 0x55ed92fd10ae <unknown>\n#10 0x55ed93293ce1 <unknown>\n#11 0x55ed93297b7e <unknown>\n#12 0x55ed932814b5 <unknown>\n#13 0x55ed932987d6 <unknown>\n#14 0x55ed93264dbf <unknown>\n#15 0x55ed932bb748 <unknown>\n#16 0x55ed932bb917 <unknown>\n#17 0x55ed932cc773 <unknown>\n#18 0x7fcb57d98044 <unknown>","time":{"start":1698887349146,"stop":1698887354156,"duration":5010}},{"uid":"31068a69052bc500","reportUrl":"https://zaelcovsky.github.io/StroyremAutomation/127//#testresult/31068a69052bc500","status":"skipped","statusDetails":"XFAIL Цена стандартной доставки 4450\n\nselenium.common.exceptions.NoSuchElementException: Message: no such element: Unable to locate element: {\"method\":\"xpath\",\"selector\":\"//input[@class='amount']\"}\n  (Session info: headless chrome=119.0.6045.105); For documentation on this error, please visit: https://www.selenium.dev/documentation/webdriver/troubleshooting/errors#no-such-element-exception\nStacktrace:\n#0 0x5629b87bc5e3 <unknown>\n#1 0x5629b847f0b7 <unknown>\n#2 0x5629b84ccf53 <unknown>\n#3 0x5629b84cd051 <unknown>\n#4 0x5629b85129c4 <unknown>\n#5 0x5629b84f3f1d <unknown>\n#6 0x5629b850fb3d <unknown>\n#7 0x5629b84f3cc3 <unknown>\n#8 0x5629b84bf0e4 <unknown>\n#9 0x5629b84c00ae <unknown>\n#10 0x5629b8782ce1 <unknown>\n#11 0x5629b8786b7e <unknown>\n#12 0x5629b87704b5 <unknown>\n#13 0x5629b87877d6 <unknown>\n#14 0x5629b8753dbf <unknown>\n#15 0x5629b87aa748 <unknown>\n#16 0x5629b87aa917 <unknown>\n#17 0x5629b87bb773 <unknown>\n#18 0x7f42dd741044 <unknown>","time":{"start":1698801240544,"stop":1698801246238,"duration":5694}},{"uid":"2349753f62de7b6e","reportUrl":"https://zaelcovsky.github.io/StroyremAutomation/126//#testresult/2349753f62de7b6e","status":"skipped","statusDetails":"XFAIL Цена стандартной доставки 4450\n\nselenium.common.exceptions.NoSuchElementException: Message: no such element: Unable to locate element: {\"method\":\"xpath\",\"selector\":\"//input[@class='amount']\"}\n  (Session info: headless chrome=118.0.5993.70); For documentation on this error, please visit: https://www.selenium.dev/documentation/webdriver/troubleshooting/errors#no-such-element-exception\nStacktrace:\n#0 0x55924ebf3fb3 <unknown>\n#1 0x55924e8c74a7 <unknown>\n#2 0x55924e90edd6 <unknown>\n#3 0x55924e90eec1 <unknown>\n#4 0x55924e94c354 <unknown>\n#5 0x55924e93096d <unknown>\n#6 0x55924e949c02 <unknown>\n#7 0x55924e930713 <unknown>\n#8 0x55924e90318b <unknown>\n#9 0x55924e903f7e <unknown>\n#10 0x55924ebb98d8 <unknown>\n#11 0x55924ebbd800 <unknown>\n#12 0x55924ebc7cfc <unknown>\n#13 0x55924ebbe418 <unknown>\n#14 0x55924eb8b42f <unknown>\n#15 0x55924ebe24e8 <unknown>\n#16 0x55924ebe26b4 <unknown>\n#17 0x55924ebf3143 <unknown>\n#18 0x7fc0dd751044 <unknown>","time":{"start":1698714576580,"stop":1698714580456,"duration":3876}},{"uid":"8577816657ed334","reportUrl":"https://zaelcovsky.github.io/StroyremAutomation/125//#testresult/8577816657ed334","status":"skipped","statusDetails":"XFAIL Цена стандартной доставки 4450\n\nselenium.common.exceptions.NoSuchElementException: Message: no such element: Unable to locate element: {\"method\":\"xpath\",\"selector\":\"//input[@class='amount']\"}\n  (Session info: headless chrome=118.0.5993.70); For documentation on this error, please visit: https://www.selenium.dev/documentation/webdriver/troubleshooting/errors#no-such-element-exception\nStacktrace:\n#0 0x55e644d95fb3 <unknown>\n#1 0x55e644a694a7 <unknown>\n#2 0x55e644ab0dd6 <unknown>\n#3 0x55e644ab0ec1 <unknown>\n#4 0x55e644aee354 <unknown>\n#5 0x55e644ad296d <unknown>\n#6 0x55e644aebc02 <unknown>\n#7 0x55e644ad2713 <unknown>\n#8 0x55e644aa518b <unknown>\n#9 0x55e644aa5f7e <unknown>\n#10 0x55e644d5b8d8 <unknown>\n#11 0x55e644d5f800 <unknown>\n#12 0x55e644d69cfc <unknown>\n#13 0x55e644d60418 <unknown>\n#14 0x55e644d2d42f <unknown>\n#15 0x55e644d844e8 <unknown>\n#16 0x55e644d846b4 <unknown>\n#17 0x55e644d95143 <unknown>\n#18 0x7efe39e74044 <unknown>","time":{"start":1698628151461,"stop":1698628156204,"duration":4743}},{"uid":"375d1e57b2579cf6","reportUrl":"https://zaelcovsky.github.io/StroyremAutomation/124//#testresult/375d1e57b2579cf6","status":"skipped","statusDetails":"XFAIL Цена стандартной доставки 4450\n\nselenium.common.exceptions.NoSuchElementException: Message: no such element: Unable to locate element: {\"method\":\"xpath\",\"selector\":\"//input[@class='amount']\"}\n  (Session info: headless chrome=118.0.5993.70); For documentation on this error, please visit: https://www.selenium.dev/documentation/webdriver/troubleshooting/errors#no-such-element-exception\nStacktrace:\n#0 0x55b34b5d0fb3 <unknown>\n#1 0x55b34b2a44a7 <unknown>\n#2 0x55b34b2ebdd6 <unknown>\n#3 0x55b34b2ebec1 <unknown>\n#4 0x55b34b329354 <unknown>\n#5 0x55b34b30d96d <unknown>\n#6 0x55b34b326c02 <unknown>\n#7 0x55b34b30d713 <unknown>\n#8 0x55b34b2e018b <unknown>\n#9 0x55b34b2e0f7e <unknown>\n#10 0x55b34b5968d8 <unknown>\n#11 0x55b34b59a800 <unknown>\n#12 0x55b34b5a4cfc <unknown>\n#13 0x55b34b59b418 <unknown>\n#14 0x55b34b56842f <unknown>\n#15 0x55b34b5bf4e8 <unknown>\n#16 0x55b34b5bf6b4 <unknown>\n#17 0x55b34b5d0143 <unknown>\n#18 0x7f8063d6e044 <unknown>","time":{"start":1698541934378,"stop":1698541938498,"duration":4120}},{"uid":"58d3a96a7afbb634","reportUrl":"https://zaelcovsky.github.io/StroyremAutomation/123//#testresult/58d3a96a7afbb634","status":"skipped","statusDetails":"XFAIL Цена стандартной доставки 4450\n\nselenium.common.exceptions.NoSuchElementException: Message: no such element: Unable to locate element: {\"method\":\"xpath\",\"selector\":\"//input[@class='amount']\"}\n  (Session info: headless chrome=118.0.5993.70); For documentation on this error, please visit: https://www.selenium.dev/documentation/webdriver/troubleshooting/errors#no-such-element-exception\nStacktrace:\n#0 0x55a4148effb3 <unknown>\n#1 0x55a4145c34a7 <unknown>\n#2 0x55a41460add6 <unknown>\n#3 0x55a41460aec1 <unknown>\n#4 0x55a414648354 <unknown>\n#5 0x55a41462c96d <unknown>\n#6 0x55a414645c02 <unknown>\n#7 0x55a41462c713 <unknown>\n#8 0x55a4145ff18b <unknown>\n#9 0x55a4145fff7e <unknown>\n#10 0x55a4148b58d8 <unknown>\n#11 0x55a4148b9800 <unknown>\n#12 0x55a4148c3cfc <unknown>\n#13 0x55a4148ba418 <unknown>\n#14 0x55a41488742f <unknown>\n#15 0x55a4148de4e8 <unknown>\n#16 0x55a4148de6b4 <unknown>\n#17 0x55a4148ef143 <unknown>\n#18 0x7fef10e47044 <unknown>","time":{"start":1698455251913,"stop":1698455257007,"duration":5094}},{"uid":"763a984920a69af7","reportUrl":"https://zaelcovsky.github.io/StroyremAutomation/122//#testresult/763a984920a69af7","status":"skipped","statusDetails":"XFAIL Цена стандартной доставки 4450\n\nselenium.common.exceptions.NoSuchElementException: Message: no such element: Unable to locate element: {\"method\":\"xpath\",\"selector\":\"//input[@class='amount']\"}\n  (Session info: headless chrome=118.0.5993.70); For documentation on this error, please visit: https://www.selenium.dev/documentation/webdriver/troubleshooting/errors#no-such-element-exception\nStacktrace:\n#0 0x560006902fb3 <unknown>\n#1 0x5600065d64a7 <unknown>\n#2 0x56000661ddd6 <unknown>\n#3 0x56000661dec1 <unknown>\n#4 0x56000665b354 <unknown>\n#5 0x56000663f96d <unknown>\n#6 0x560006658c02 <unknown>\n#7 0x56000663f713 <unknown>\n#8 0x56000661218b <unknown>\n#9 0x560006612f7e <unknown>\n#10 0x5600068c88d8 <unknown>\n#11 0x5600068cc800 <unknown>\n#12 0x5600068d6cfc <unknown>\n#13 0x5600068cd418 <unknown>\n#14 0x56000689a42f <unknown>\n#15 0x5600068f14e8 <unknown>\n#16 0x5600068f16b4 <unknown>\n#17 0x560006902143 <unknown>\n#18 0x7f3bdfb92044 <unknown>","time":{"start":1698368885270,"stop":1698368890055,"duration":4785}},{"uid":"34efadf6db1b8142","reportUrl":"https://zaelcovsky.github.io/StroyremAutomation/121//#testresult/34efadf6db1b8142","status":"skipped","statusDetails":"XFAIL Цена стандартной доставки 4450\n\nselenium.common.exceptions.NoSuchElementException: Message: no such element: Unable to locate element: {\"method\":\"xpath\",\"selector\":\"//input[@class='amount']\"}\n  (Session info: headless chrome=118.0.5993.70); For documentation on this error, please visit: https://www.selenium.dev/documentation/webdriver/troubleshooting/errors#no-such-element-exception\nStacktrace:\n#0 0x5628b8518fb3 <unknown>\n#1 0x5628b81ec4a7 <unknown>\n#2 0x5628b8233dd6 <unknown>\n#3 0x5628b8233ec1 <unknown>\n#4 0x5628b8271354 <unknown>\n#5 0x5628b825596d <unknown>\n#6 0x5628b826ec02 <unknown>\n#7 0x5628b8255713 <unknown>\n#8 0x5628b822818b <unknown>\n#9 0x5628b8228f7e <unknown>\n#10 0x5628b84de8d8 <unknown>\n#11 0x5628b84e2800 <unknown>\n#12 0x5628b84eccfc <unknown>\n#13 0x5628b84e3418 <unknown>\n#14 0x5628b84b042f <unknown>\n#15 0x5628b85074e8 <unknown>\n#16 0x5628b85076b4 <unknown>\n#17 0x5628b8518143 <unknown>\n#18 0x7feac8053044 <unknown>","time":{"start":1698282494220,"stop":1698282498513,"duration":4293}},{"uid":"3969633f0a2fdf6f","reportUrl":"https://zaelcovsky.github.io/StroyremAutomation/120//#testresult/3969633f0a2fdf6f","status":"skipped","statusDetails":"XFAIL Цена стандартной доставки 4450\n\nselenium.common.exceptions.NoSuchElementException: Message: no such element: Unable to locate element: {\"method\":\"xpath\",\"selector\":\"//input[@class='amount']\"}\n  (Session info: headless chrome=118.0.5993.70); For documentation on this error, please visit: https://www.selenium.dev/documentation/webdriver/troubleshooting/errors#no-such-element-exception\nStacktrace:\n#0 0x5630ec817fb3 <unknown>\n#1 0x5630ec4eb4a7 <unknown>\n#2 0x5630ec532dd6 <unknown>\n#3 0x5630ec532ec1 <unknown>\n#4 0x5630ec570354 <unknown>\n#5 0x5630ec55496d <unknown>\n#6 0x5630ec56dc02 <unknown>\n#7 0x5630ec554713 <unknown>\n#8 0x5630ec52718b <unknown>\n#9 0x5630ec527f7e <unknown>\n#10 0x5630ec7dd8d8 <unknown>\n#11 0x5630ec7e1800 <unknown>\n#12 0x5630ec7ebcfc <unknown>\n#13 0x5630ec7e2418 <unknown>\n#14 0x5630ec7af42f <unknown>\n#15 0x5630ec8064e8 <unknown>\n#16 0x5630ec8066b4 <unknown>\n#17 0x5630ec817143 <unknown>\n#18 0x7f28fa74c044 <unknown>","time":{"start":1698196120776,"stop":1698196125078,"duration":4302}},{"uid":"ecaaa0aae1cf38a6","reportUrl":"https://zaelcovsky.github.io/StroyremAutomation/119//#testresult/ecaaa0aae1cf38a6","status":"skipped","statusDetails":"XFAIL Цена стандартной доставки 4450\n\nselenium.common.exceptions.NoSuchElementException: Message: no such element: Unable to locate element: {\"method\":\"xpath\",\"selector\":\"//input[@class='amount']\"}\n  (Session info: headless chrome=118.0.5993.70); For documentation on this error, please visit: https://www.selenium.dev/documentation/webdriver/troubleshooting/errors#no-such-element-exception\nStacktrace:\n#0 0x55c51664bfb3 <unknown>\n#1 0x55c51631f4a7 <unknown>\n#2 0x55c516366dd6 <unknown>\n#3 0x55c516366ec1 <unknown>\n#4 0x55c5163a4354 <unknown>\n#5 0x55c51638896d <unknown>\n#6 0x55c5163a1c02 <unknown>\n#7 0x55c516388713 <unknown>\n#8 0x55c51635b18b <unknown>\n#9 0x55c51635bf7e <unknown>\n#10 0x55c5166118d8 <unknown>\n#11 0x55c516615800 <unknown>\n#12 0x55c51661fcfc <unknown>\n#13 0x55c516616418 <unknown>\n#14 0x55c5165e342f <unknown>\n#15 0x55c51663a4e8 <unknown>\n#16 0x55c51663a6b4 <unknown>\n#17 0x55c51664b143 <unknown>\n#18 0x7f2880dfc044 <unknown>","time":{"start":1698109789143,"stop":1698109794606,"duration":5463}}]},"tags":["smoke","@pytest.mark.xfail(reason='Цена стандартной доставки 4450')"]},"source":"2e5c55ad78e47b2c.json","parameterValues":["17490","666","'TD 014'","15600","'products/shtukaturka-gipsovaya-aksolit-m50-30-kg-mashinnogo-naneseniya'","5400","'https://sandboxtest.stroyrem-nn.ru/'","20000"]}