{"uid":"62cc991c63ccf7ca","name":"TC 016 - Проверка функциональности ссылки 'Прайс'","fullName":"tests.test_main_page.TestMainPage#test_positive_footer_price_smoke","historyId":"4222516aee639cdbaaeb3c242b26aadd","time":{"start":1701997742933,"stop":1701997742946,"duration":13},"status":"broken","statusMessage":"selenium.common.exceptions.NoSuchElementException: Message: no such element: Unable to locate element: {\"method\":\"xpath\",\"selector\":\"//a[@href='/price']\"}\n  (Session info: chrome-headless-shell=120.0.6099.71); For documentation on this error, please visit: https://www.selenium.dev/documentation/webdriver/troubleshooting/errors#no-such-element-exception\nStacktrace:\n#0 0x55aea0ce8d33 <unknown>\n#1 0x55aea09a5f87 <unknown>\n#2 0x55aea09f5c0e <unknown>\n#3 0x55aea09f5d11 <unknown>\n#4 0x55aea0a41004 <unknown>\n#5 0x55aea0a1f36d <unknown>\n#6 0x55aea0a3e297 <unknown>\n#7 0x55aea0a1f0e3 <unknown>\n#8 0x55aea09e7044 <unknown>\n#9 0x55aea09e844e <unknown>\n#10 0x55aea0cad861 <unknown>\n#11 0x55aea0cb1785 <unknown>\n#12 0x55aea0c9b285 <unknown>\n#13 0x55aea0cb241f <unknown>\n#14 0x55aea0c7f20f <unknown>\n#15 0x55aea0cd6028 <unknown>\n#16 0x55aea0cd61f7 <unknown>\n#17 0x55aea0ce7ed4 <unknown>\n#18 0x7f511b134044 <unknown>","statusTrace":"self = <tests.test_main_page.TestMainPage object at 0x7ffb58dfb090>\nmain_page = <pages.main_page.MainPage object at 0x7ffb57765b10>\n\n    @allure.feature(\"Footer functionality\")\n    @allure.title(\"TC 016 - Проверка функциональности ссылки 'Прайс'\")\n    # @pytest.mark.xfail(reason=\"При переходе на страницу выдает 404 ошибку\")\n    @pytest.mark.smoke_test\n    def test_positive_footer_price_smoke(self, main_page):\n>       main_page.check_price_link()\n\ntests/test_main_page.py:146: \n_ _ _ _ _ _ _ _ _ _ _ _ _ _ _ _ _ _ _ _ _ _ _ _ _ _ _ _ _ _ _ _ _ _ _ _ _ _ _ _ \npages/main_page.py:174: in check_price_link\n    self.driver.find_element(*self._price_link).click()\n/usr/local/lib/python3.11/site-packages/selenium/webdriver/remote/webdriver.py:740: in find_element\n    return self.execute(Command.FIND_ELEMENT, {\"using\": by, \"value\": value})[\"value\"]\n/usr/local/lib/python3.11/site-packages/selenium/webdriver/remote/webdriver.py:346: in execute\n    self.error_handler.check_response(response)\n_ _ _ _ _ _ _ _ _ _ _ _ _ _ _ _ _ _ _ _ _ _ _ _ _ _ _ _ _ _ _ _ _ _ _ _ _ _ _ _ \n\nself = <selenium.webdriver.remote.errorhandler.ErrorHandler object at 0x7ffb57733f10>\nresponse = {'status': 404, 'value': '{\"value\":{\"error\":\"no such element\",\"message\":\"no such element: Unable to locate element: {\\...\\\\n#16 0x55aea0cd61f7 \\\\u003Cunknown>\\\\n#17 0x55aea0ce7ed4 \\\\u003Cunknown>\\\\n#18 0x7f511b134044 \\\\u003Cunknown>\\\\n\"}}'}\n\n    def check_response(self, response: Dict[str, Any]) -> None:\n        \"\"\"Checks that a JSON response from the WebDriver does not have an\n        error.\n    \n        :Args:\n         - response - The JSON response from the WebDriver server as a dictionary\n           object.\n    \n        :Raises: If the response contains an error message.\n        \"\"\"\n        status = response.get(\"status\", None)\n        if not status or status == ErrorCode.SUCCESS:\n            return\n        value = None\n        message = response.get(\"message\", \"\")\n        screen: str = response.get(\"screen\", \"\")\n        stacktrace = None\n        if isinstance(status, int):\n            value_json = response.get(\"value\", None)\n            if value_json and isinstance(value_json, str):\n                import json\n    \n                try:\n                    value = json.loads(value_json)\n                    if len(value) == 1:\n                        value = value[\"value\"]\n                    status = value.get(\"error\", None)\n                    if not status:\n                        status = value.get(\"status\", ErrorCode.UNKNOWN_ERROR)\n                        message = value.get(\"value\") or value.get(\"message\")\n                        if not isinstance(message, str):\n                            value = message\n                            message = message.get(\"message\")\n                    else:\n                        message = value.get(\"message\", None)\n                except ValueError:\n                    pass\n    \n        exception_class: Type[WebDriverException]\n        if status in ErrorCode.NO_SUCH_ELEMENT:\n            exception_class = NoSuchElementException\n        elif status in ErrorCode.NO_SUCH_FRAME:\n            exception_class = NoSuchFrameException\n        elif status in ErrorCode.NO_SUCH_SHADOW_ROOT:\n            exception_class = NoSuchShadowRootException\n        elif status in ErrorCode.NO_SUCH_WINDOW:\n            exception_class = NoSuchWindowException\n        elif status in ErrorCode.STALE_ELEMENT_REFERENCE:\n            exception_class = StaleElementReferenceException\n        elif status in ErrorCode.ELEMENT_NOT_VISIBLE:\n            exception_class = ElementNotVisibleException\n        elif status in ErrorCode.INVALID_ELEMENT_STATE:\n            exception_class = InvalidElementStateException\n        elif (\n            status in ErrorCode.INVALID_SELECTOR\n            or status in ErrorCode.INVALID_XPATH_SELECTOR\n            or status in ErrorCode.INVALID_XPATH_SELECTOR_RETURN_TYPER\n        ):\n            exception_class = InvalidSelectorException\n        elif status in ErrorCode.ELEMENT_IS_NOT_SELECTABLE:\n            exception_class = ElementNotSelectableException\n        elif status in ErrorCode.ELEMENT_NOT_INTERACTABLE:\n            exception_class = ElementNotInteractableException\n        elif status in ErrorCode.INVALID_COOKIE_DOMAIN:\n            exception_class = InvalidCookieDomainException\n        elif status in ErrorCode.UNABLE_TO_SET_COOKIE:\n            exception_class = UnableToSetCookieException\n        elif status in ErrorCode.TIMEOUT:\n            exception_class = TimeoutException\n        elif status in ErrorCode.SCRIPT_TIMEOUT:\n            exception_class = TimeoutException\n        elif status in ErrorCode.UNKNOWN_ERROR:\n            exception_class = WebDriverException\n        elif status in ErrorCode.UNEXPECTED_ALERT_OPEN:\n            exception_class = UnexpectedAlertPresentException\n        elif status in ErrorCode.NO_ALERT_OPEN:\n            exception_class = NoAlertPresentException\n        elif status in ErrorCode.IME_NOT_AVAILABLE:\n            exception_class = ImeNotAvailableException\n        elif status in ErrorCode.IME_ENGINE_ACTIVATION_FAILED:\n            exception_class = ImeActivationFailedException\n        elif status in ErrorCode.MOVE_TARGET_OUT_OF_BOUNDS:\n            exception_class = MoveTargetOutOfBoundsException\n        elif status in ErrorCode.JAVASCRIPT_ERROR:\n            exception_class = JavascriptException\n        elif status in ErrorCode.SESSION_NOT_CREATED:\n            exception_class = SessionNotCreatedException\n        elif status in ErrorCode.INVALID_ARGUMENT:\n            exception_class = InvalidArgumentException\n        elif status in ErrorCode.NO_SUCH_COOKIE:\n            exception_class = NoSuchCookieException\n        elif status in ErrorCode.UNABLE_TO_CAPTURE_SCREEN:\n            exception_class = ScreenshotException\n        elif status in ErrorCode.ELEMENT_CLICK_INTERCEPTED:\n            exception_class = ElementClickInterceptedException\n        elif status in ErrorCode.INSECURE_CERTIFICATE:\n            exception_class = InsecureCertificateException\n        elif status in ErrorCode.INVALID_COORDINATES:\n            exception_class = InvalidCoordinatesException\n        elif status in ErrorCode.INVALID_SESSION_ID:\n            exception_class = InvalidSessionIdException\n        elif status in ErrorCode.UNKNOWN_METHOD:\n            exception_class = UnknownMethodException\n        else:\n            exception_class = WebDriverException\n        if not value:\n            value = response[\"value\"]\n        if isinstance(value, str):\n            raise exception_class(value)\n        if message == \"\" and \"message\" in value:\n            message = value[\"message\"]\n    \n        screen = None  # type: ignore[assignment]\n        if \"screen\" in value:\n            screen = value[\"screen\"]\n    \n        stacktrace = None\n        st_value = value.get(\"stackTrace\") or value.get(\"stacktrace\")\n        if st_value:\n            if isinstance(st_value, str):\n                stacktrace = st_value.split(\"\\n\")\n            else:\n                stacktrace = []\n                try:\n                    for frame in st_value:\n                        line = frame.get(\"lineNumber\", \"\")\n                        file = frame.get(\"fileName\", \"<anonymous>\")\n                        if line:\n                            file = f\"{file}:{line}\"\n                        meth = frame.get(\"methodName\", \"<anonymous>\")\n                        if \"className\" in frame:\n                            meth = f\"{frame['className']}.{meth}\"\n                        msg = \"    at %s (%s)\"\n                        msg = msg % (meth, file)\n                        stacktrace.append(msg)\n                except TypeError:\n                    pass\n        if exception_class == UnexpectedAlertPresentException:\n            alert_text = None\n            if \"data\" in value:\n                alert_text = value[\"data\"].get(\"text\")\n            elif \"alert\" in value:\n                alert_text = value[\"alert\"].get(\"text\")\n            raise exception_class(message, screen, stacktrace, alert_text)  # type: ignore[call-arg]  # mypy is not smart enough here\n>       raise exception_class(message, screen, stacktrace)\nE       selenium.common.exceptions.NoSuchElementException: Message: no such element: Unable to locate element: {\"method\":\"xpath\",\"selector\":\"//a[@href='/price']\"}\nE         (Session info: chrome-headless-shell=120.0.6099.71); For documentation on this error, please visit: https://www.selenium.dev/documentation/webdriver/troubleshooting/errors#no-such-element-exception\nE       Stacktrace:\nE       #0 0x55aea0ce8d33 <unknown>\nE       #1 0x55aea09a5f87 <unknown>\nE       #2 0x55aea09f5c0e <unknown>\nE       #3 0x55aea09f5d11 <unknown>\nE       #4 0x55aea0a41004 <unknown>\nE       #5 0x55aea0a1f36d <unknown>\nE       #6 0x55aea0a3e297 <unknown>\nE       #7 0x55aea0a1f0e3 <unknown>\nE       #8 0x55aea09e7044 <unknown>\nE       #9 0x55aea09e844e <unknown>\nE       #10 0x55aea0cad861 <unknown>\nE       #11 0x55aea0cb1785 <unknown>\nE       #12 0x55aea0c9b285 <unknown>\nE       #13 0x55aea0cb241f <unknown>\nE       #14 0x55aea0c7f20f <unknown>\nE       #15 0x55aea0cd6028 <unknown>\nE       #16 0x55aea0cd61f7 <unknown>\nE       #17 0x55aea0ce7ed4 <unknown>\nE       #18 0x7f511b134044 <unknown>\n\n/usr/local/lib/python3.11/site-packages/selenium/webdriver/remote/errorhandler.py:245: NoSuchElementException","flaky":false,"newFailed":false,"newBroken":false,"newPassed":false,"retriesCount":0,"retriesStatusChange":false,"beforeStages":[{"name":"_session_faker","time":{"start":1701997511091,"stop":1701997511159,"duration":68},"status":"passed","steps":[],"attachments":[],"parameters":[],"shouldDisplayMessage":false,"stepsCount":0,"attachmentsCount":0,"hasContent":false,"attachmentStep":false},{"name":"clear_allure_results_folder","time":{"start":1701997511159,"stop":1701997511159,"duration":0},"status":"passed","steps":[],"attachments":[],"parameters":[],"shouldDisplayMessage":false,"stepsCount":0,"attachmentsCount":0,"hasContent":false,"attachmentStep":false},{"name":"driver","time":{"start":1701997741583,"stop":1701997742319,"duration":736},"status":"passed","steps":[],"attachments":[],"parameters":[],"shouldDisplayMessage":false,"stepsCount":0,"attachmentsCount":0,"hasContent":false,"attachmentStep":false},{"name":"setup","time":{"start":1701997742320,"stop":1701997742320,"duration":0},"status":"passed","steps":[],"attachments":[],"parameters":[],"shouldDisplayMessage":false,"stepsCount":0,"attachmentsCount":0,"hasContent":false,"attachmentStep":false},{"name":"main_page","time":{"start":1701997742320,"stop":1701997742933,"duration":613},"status":"passed","steps":[],"attachments":[],"parameters":[],"shouldDisplayMessage":false,"stepsCount":0,"attachmentsCount":0,"hasContent":false,"attachmentStep":false}],"testStage":{"status":"broken","statusMessage":"selenium.common.exceptions.NoSuchElementException: Message: no such element: Unable to locate element: {\"method\":\"xpath\",\"selector\":\"//a[@href='/price']\"}\n  (Session info: chrome-headless-shell=120.0.6099.71); For documentation on this error, please visit: https://www.selenium.dev/documentation/webdriver/troubleshooting/errors#no-such-element-exception\nStacktrace:\n#0 0x55aea0ce8d33 <unknown>\n#1 0x55aea09a5f87 <unknown>\n#2 0x55aea09f5c0e <unknown>\n#3 0x55aea09f5d11 <unknown>\n#4 0x55aea0a41004 <unknown>\n#5 0x55aea0a1f36d <unknown>\n#6 0x55aea0a3e297 <unknown>\n#7 0x55aea0a1f0e3 <unknown>\n#8 0x55aea09e7044 <unknown>\n#9 0x55aea09e844e <unknown>\n#10 0x55aea0cad861 <unknown>\n#11 0x55aea0cb1785 <unknown>\n#12 0x55aea0c9b285 <unknown>\n#13 0x55aea0cb241f <unknown>\n#14 0x55aea0c7f20f <unknown>\n#15 0x55aea0cd6028 <unknown>\n#16 0x55aea0cd61f7 <unknown>\n#17 0x55aea0ce7ed4 <unknown>\n#18 0x7f511b134044 <unknown>","statusTrace":"self = <tests.test_main_page.TestMainPage object at 0x7ffb58dfb090>\nmain_page = <pages.main_page.MainPage object at 0x7ffb57765b10>\n\n    @allure.feature(\"Footer functionality\")\n    @allure.title(\"TC 016 - Проверка функциональности ссылки 'Прайс'\")\n    # @pytest.mark.xfail(reason=\"При переходе на страницу выдает 404 ошибку\")\n    @pytest.mark.smoke_test\n    def test_positive_footer_price_smoke(self, main_page):\n>       main_page.check_price_link()\n\ntests/test_main_page.py:146: \n_ _ _ _ _ _ _ _ _ _ _ _ _ _ _ _ _ _ _ _ _ _ _ _ _ _ _ _ _ _ _ _ _ _ _ _ _ _ _ _ \npages/main_page.py:174: in check_price_link\n    self.driver.find_element(*self._price_link).click()\n/usr/local/lib/python3.11/site-packages/selenium/webdriver/remote/webdriver.py:740: in find_element\n    return self.execute(Command.FIND_ELEMENT, {\"using\": by, \"value\": value})[\"value\"]\n/usr/local/lib/python3.11/site-packages/selenium/webdriver/remote/webdriver.py:346: in execute\n    self.error_handler.check_response(response)\n_ _ _ _ _ _ _ _ _ _ _ _ _ _ _ _ _ _ _ _ _ _ _ _ _ _ _ _ _ _ _ _ _ _ _ _ _ _ _ _ \n\nself = <selenium.webdriver.remote.errorhandler.ErrorHandler object at 0x7ffb57733f10>\nresponse = {'status': 404, 'value': '{\"value\":{\"error\":\"no such element\",\"message\":\"no such element: Unable to locate element: {\\...\\\\n#16 0x55aea0cd61f7 \\\\u003Cunknown>\\\\n#17 0x55aea0ce7ed4 \\\\u003Cunknown>\\\\n#18 0x7f511b134044 \\\\u003Cunknown>\\\\n\"}}'}\n\n    def check_response(self, response: Dict[str, Any]) -> None:\n        \"\"\"Checks that a JSON response from the WebDriver does not have an\n        error.\n    \n        :Args:\n         - response - The JSON response from the WebDriver server as a dictionary\n           object.\n    \n        :Raises: If the response contains an error message.\n        \"\"\"\n        status = response.get(\"status\", None)\n        if not status or status == ErrorCode.SUCCESS:\n            return\n        value = None\n        message = response.get(\"message\", \"\")\n        screen: str = response.get(\"screen\", \"\")\n        stacktrace = None\n        if isinstance(status, int):\n            value_json = response.get(\"value\", None)\n            if value_json and isinstance(value_json, str):\n                import json\n    \n                try:\n                    value = json.loads(value_json)\n                    if len(value) == 1:\n                        value = value[\"value\"]\n                    status = value.get(\"error\", None)\n                    if not status:\n                        status = value.get(\"status\", ErrorCode.UNKNOWN_ERROR)\n                        message = value.get(\"value\") or value.get(\"message\")\n                        if not isinstance(message, str):\n                            value = message\n                            message = message.get(\"message\")\n                    else:\n                        message = value.get(\"message\", None)\n                except ValueError:\n                    pass\n    \n        exception_class: Type[WebDriverException]\n        if status in ErrorCode.NO_SUCH_ELEMENT:\n            exception_class = NoSuchElementException\n        elif status in ErrorCode.NO_SUCH_FRAME:\n            exception_class = NoSuchFrameException\n        elif status in ErrorCode.NO_SUCH_SHADOW_ROOT:\n            exception_class = NoSuchShadowRootException\n        elif status in ErrorCode.NO_SUCH_WINDOW:\n            exception_class = NoSuchWindowException\n        elif status in ErrorCode.STALE_ELEMENT_REFERENCE:\n            exception_class = StaleElementReferenceException\n        elif status in ErrorCode.ELEMENT_NOT_VISIBLE:\n            exception_class = ElementNotVisibleException\n        elif status in ErrorCode.INVALID_ELEMENT_STATE:\n            exception_class = InvalidElementStateException\n        elif (\n            status in ErrorCode.INVALID_SELECTOR\n            or status in ErrorCode.INVALID_XPATH_SELECTOR\n            or status in ErrorCode.INVALID_XPATH_SELECTOR_RETURN_TYPER\n        ):\n            exception_class = InvalidSelectorException\n        elif status in ErrorCode.ELEMENT_IS_NOT_SELECTABLE:\n            exception_class = ElementNotSelectableException\n        elif status in ErrorCode.ELEMENT_NOT_INTERACTABLE:\n            exception_class = ElementNotInteractableException\n        elif status in ErrorCode.INVALID_COOKIE_DOMAIN:\n            exception_class = InvalidCookieDomainException\n        elif status in ErrorCode.UNABLE_TO_SET_COOKIE:\n            exception_class = UnableToSetCookieException\n        elif status in ErrorCode.TIMEOUT:\n            exception_class = TimeoutException\n        elif status in ErrorCode.SCRIPT_TIMEOUT:\n            exception_class = TimeoutException\n        elif status in ErrorCode.UNKNOWN_ERROR:\n            exception_class = WebDriverException\n        elif status in ErrorCode.UNEXPECTED_ALERT_OPEN:\n            exception_class = UnexpectedAlertPresentException\n        elif status in ErrorCode.NO_ALERT_OPEN:\n            exception_class = NoAlertPresentException\n        elif status in ErrorCode.IME_NOT_AVAILABLE:\n            exception_class = ImeNotAvailableException\n        elif status in ErrorCode.IME_ENGINE_ACTIVATION_FAILED:\n            exception_class = ImeActivationFailedException\n        elif status in ErrorCode.MOVE_TARGET_OUT_OF_BOUNDS:\n            exception_class = MoveTargetOutOfBoundsException\n        elif status in ErrorCode.JAVASCRIPT_ERROR:\n            exception_class = JavascriptException\n        elif status in ErrorCode.SESSION_NOT_CREATED:\n            exception_class = SessionNotCreatedException\n        elif status in ErrorCode.INVALID_ARGUMENT:\n            exception_class = InvalidArgumentException\n        elif status in ErrorCode.NO_SUCH_COOKIE:\n            exception_class = NoSuchCookieException\n        elif status in ErrorCode.UNABLE_TO_CAPTURE_SCREEN:\n            exception_class = ScreenshotException\n        elif status in ErrorCode.ELEMENT_CLICK_INTERCEPTED:\n            exception_class = ElementClickInterceptedException\n        elif status in ErrorCode.INSECURE_CERTIFICATE:\n            exception_class = InsecureCertificateException\n        elif status in ErrorCode.INVALID_COORDINATES:\n            exception_class = InvalidCoordinatesException\n        elif status in ErrorCode.INVALID_SESSION_ID:\n            exception_class = InvalidSessionIdException\n        elif status in ErrorCode.UNKNOWN_METHOD:\n            exception_class = UnknownMethodException\n        else:\n            exception_class = WebDriverException\n        if not value:\n            value = response[\"value\"]\n        if isinstance(value, str):\n            raise exception_class(value)\n        if message == \"\" and \"message\" in value:\n            message = value[\"message\"]\n    \n        screen = None  # type: ignore[assignment]\n        if \"screen\" in value:\n            screen = value[\"screen\"]\n    \n        stacktrace = None\n        st_value = value.get(\"stackTrace\") or value.get(\"stacktrace\")\n        if st_value:\n            if isinstance(st_value, str):\n                stacktrace = st_value.split(\"\\n\")\n            else:\n                stacktrace = []\n                try:\n                    for frame in st_value:\n                        line = frame.get(\"lineNumber\", \"\")\n                        file = frame.get(\"fileName\", \"<anonymous>\")\n                        if line:\n                            file = f\"{file}:{line}\"\n                        meth = frame.get(\"methodName\", \"<anonymous>\")\n                        if \"className\" in frame:\n                            meth = f\"{frame['className']}.{meth}\"\n                        msg = \"    at %s (%s)\"\n                        msg = msg % (meth, file)\n                        stacktrace.append(msg)\n                except TypeError:\n                    pass\n        if exception_class == UnexpectedAlertPresentException:\n            alert_text = None\n            if \"data\" in value:\n                alert_text = value[\"data\"].get(\"text\")\n            elif \"alert\" in value:\n                alert_text = value[\"alert\"].get(\"text\")\n            raise exception_class(message, screen, stacktrace, alert_text)  # type: ignore[call-arg]  # mypy is not smart enough here\n>       raise exception_class(message, screen, stacktrace)\nE       selenium.common.exceptions.NoSuchElementException: Message: no such element: Unable to locate element: {\"method\":\"xpath\",\"selector\":\"//a[@href='/price']\"}\nE         (Session info: chrome-headless-shell=120.0.6099.71); For documentation on this error, please visit: https://www.selenium.dev/documentation/webdriver/troubleshooting/errors#no-such-element-exception\nE       Stacktrace:\nE       #0 0x55aea0ce8d33 <unknown>\nE       #1 0x55aea09a5f87 <unknown>\nE       #2 0x55aea09f5c0e <unknown>\nE       #3 0x55aea09f5d11 <unknown>\nE       #4 0x55aea0a41004 <unknown>\nE       #5 0x55aea0a1f36d <unknown>\nE       #6 0x55aea0a3e297 <unknown>\nE       #7 0x55aea0a1f0e3 <unknown>\nE       #8 0x55aea09e7044 <unknown>\nE       #9 0x55aea09e844e <unknown>\nE       #10 0x55aea0cad861 <unknown>\nE       #11 0x55aea0cb1785 <unknown>\nE       #12 0x55aea0c9b285 <unknown>\nE       #13 0x55aea0cb241f <unknown>\nE       #14 0x55aea0c7f20f <unknown>\nE       #15 0x55aea0cd6028 <unknown>\nE       #16 0x55aea0cd61f7 <unknown>\nE       #17 0x55aea0ce7ed4 <unknown>\nE       #18 0x7f511b134044 <unknown>\n\n/usr/local/lib/python3.11/site-packages/selenium/webdriver/remote/errorhandler.py:245: NoSuchElementException","steps":[{"name":"Проверка функциональности ссылки 'Прайс'","time":{"start":1701997742933,"stop":1701997742946,"duration":13},"status":"broken","statusMessage":"selenium.common.exceptions.NoSuchElementException: Message: no such element: Unable to locate element: {\"method\":\"xpath\",\"selector\":\"//a[@href='/price']\"}\n  (Session info: chrome-headless-shell=120.0.6099.71); For documentation on this error, please visit: https://www.selenium.dev/documentation/webdriver/troubleshooting/errors#no-such-element-exception\nStacktrace:\n#0 0x55aea0ce8d33 <unknown>\n#1 0x55aea09a5f87 <unknown>\n#2 0x55aea09f5c0e <unknown>\n#3 0x55aea09f5d11 <unknown>\n#4 0x55aea0a41004 <unknown>\n#5 0x55aea0a1f36d <unknown>\n#6 0x55aea0a3e297 <unknown>\n#7 0x55aea0a1f0e3 <unknown>\n#8 0x55aea09e7044 <unknown>\n#9 0x55aea09e844e <unknown>\n#10 0x55aea0cad861 <unknown>\n#11 0x55aea0cb1785 <unknown>\n#12 0x55aea0c9b285 <unknown>\n#13 0x55aea0cb241f <unknown>\n#14 0x55aea0c7f20f <unknown>\n#15 0x55aea0cd6028 <unknown>\n#16 0x55aea0cd61f7 <unknown>\n#17 0x55aea0ce7ed4 <unknown>\n#18 0x7f511b134044 <unknown>\n\n","statusTrace":"  File \"/usr/local/lib/python3.11/site-packages/allure_commons/_allure.py\", line 192, in impl\n    return func(*a, **kw)\n           ^^^^^^^^^^^^^^\n  File \"/app/pages/main_page.py\", line 174, in check_price_link\n    self.driver.find_element(*self._price_link).click()\n    ^^^^^^^^^^^^^^^^^^^^^^^^^^^^^^^^^^^^^^^^^^^\n  File \"/usr/local/lib/python3.11/site-packages/selenium/webdriver/remote/webdriver.py\", line 740, in find_element\n    return self.execute(Command.FIND_ELEMENT, {\"using\": by, \"value\": value})[\"value\"]\n           ^^^^^^^^^^^^^^^^^^^^^^^^^^^^^^^^^^^^^^^^^^^^^^^^^^^^^^^^^^^^^^^^^\n  File \"/usr/local/lib/python3.11/site-packages/selenium/webdriver/remote/webdriver.py\", line 346, in execute\n    self.error_handler.check_response(response)\n  File \"/usr/local/lib/python3.11/site-packages/selenium/webdriver/remote/errorhandler.py\", line 245, in check_response\n    raise exception_class(message, screen, stacktrace)\n","steps":[],"attachments":[],"parameters":[],"shouldDisplayMessage":true,"stepsCount":0,"attachmentsCount":0,"hasContent":true,"attachmentStep":false}],"attachments":[{"uid":"6b5de199ed91534","name":"Screenshot","source":"6b5de199ed91534.png","type":"image/png","size":39106},{"uid":"8de960c6d5bae59e","name":"HTML source","source":"8de960c6d5bae59e.html","type":"text/html","size":538}],"parameters":[],"shouldDisplayMessage":true,"stepsCount":1,"attachmentsCount":2,"hasContent":true,"attachmentStep":false},"afterStages":[{"name":"setup::0","time":{"start":1701997743059,"stop":1701997743059,"duration":0},"status":"passed","steps":[],"attachments":[],"parameters":[],"shouldDisplayMessage":false,"stepsCount":0,"attachmentsCount":0,"hasContent":false,"attachmentStep":false},{"name":"driver::0","time":{"start":1701997743060,"stop":1701997743117,"duration":57},"status":"passed","steps":[],"attachments":[],"parameters":[],"shouldDisplayMessage":false,"stepsCount":0,"attachmentsCount":0,"hasContent":false,"attachmentStep":false}],"labels":[{"name":"feature","value":"Footer functionality"},{"name":"epic","value":"Main Page"},{"name":"tag","value":"smoke_test"},{"name":"parentSuite","value":"tests"},{"name":"suite","value":"test_main_page"},{"name":"subSuite","value":"TestMainPage"},{"name":"host","value":"b9bceeb1fa3b"},{"name":"thread","value":"1-MainThread"},{"name":"framework","value":"pytest"},{"name":"language","value":"cpython3"},{"name":"package","value":"tests.test_main_page"},{"name":"resultFormat","value":"allure2"}],"parameters":[{"name":"url","value":"'https://test2.stroyrem-nn.ru/'"}],"links":[],"hidden":false,"retry":false,"extra":{"severity":"normal","retries":[],"categories":[{"name":"Test defects","matchedStatuses":[],"flaky":false}],"history":{"statistic":{"failed":0,"broken":84,"skipped":2,"passed":35,"unknown":0,"total":121},"items":[{"uid":"52fa63ce95d99bdf","reportUrl":"https://zaelcovsky.github.io/StroyremAutomation/163//#testresult/52fa63ce95d99bdf","status":"broken","statusDetails":"selenium.common.exceptions.NoSuchElementException: Message: no such element: Unable to locate element: {\"method\":\"xpath\",\"selector\":\"//a[@href='/price']\"}\n  (Session info: chrome-headless-shell=120.0.6099.71); For documentation on this error, please visit: https://www.selenium.dev/documentation/webdriver/troubleshooting/errors#no-such-element-exception\nStacktrace:\n#0 0x55cffbb48d33 <unknown>\n#1 0x55cffb805f87 <unknown>\n#2 0x55cffb855c0e <unknown>\n#3 0x55cffb855d11 <unknown>\n#4 0x55cffb8a1004 <unknown>\n#5 0x55cffb87f36d <unknown>\n#6 0x55cffb89e297 <unknown>\n#7 0x55cffb87f0e3 <unknown>\n#8 0x55cffb847044 <unknown>\n#9 0x55cffb84844e <unknown>\n#10 0x55cffbb0d861 <unknown>\n#11 0x55cffbb11785 <unknown>\n#12 0x55cffbafb285 <unknown>\n#13 0x55cffbb1241f <unknown>\n#14 0x55cffbadf20f <unknown>\n#15 0x55cffbb36028 <unknown>\n#16 0x55cffbb361f7 <unknown>\n#17 0x55cffbb47ed4 <unknown>\n#18 0x7ff002bcd044 <unknown>","time":{"start":1701911308639,"stop":1701911308653,"duration":14}},{"uid":"c97abe7f6a034a11","reportUrl":"https://zaelcovsky.github.io/StroyremAutomation/162//#testresult/c97abe7f6a034a11","status":"broken","statusDetails":"selenium.common.exceptions.NoSuchElementException: Message: no such element: Unable to locate element: {\"method\":\"xpath\",\"selector\":\"//a[@href='/price']\"}\n  (Session info: chrome-headless-shell=120.0.6099.62); For documentation on this error, please visit: https://www.selenium.dev/documentation/webdriver/troubleshooting/errors#no-such-element-exception\nStacktrace:\n#0 0x55c6160d7dc3 <unknown>\n#1 0x55c615d94f87 <unknown>\n#2 0x55c615de4c0e <unknown>\n#3 0x55c615de4d11 <unknown>\n#4 0x55c615e30004 <unknown>\n#5 0x55c615e0e36d <unknown>\n#6 0x55c615e2d297 <unknown>\n#7 0x55c615e0e0e3 <unknown>\n#8 0x55c615dd6044 <unknown>\n#9 0x55c615dd744e <unknown>\n#10 0x55c61609c8f1 <unknown>\n#11 0x55c6160a0815 <unknown>\n#12 0x55c61608a315 <unknown>\n#13 0x55c6160a14af <unknown>\n#14 0x55c61606e29f <unknown>\n#15 0x55c6160c50b8 <unknown>\n#16 0x55c6160c5287 <unknown>\n#17 0x55c6160d6f64 <unknown>\n#18 0x7f46de32b044 <unknown>","time":{"start":1701824937622,"stop":1701824937634,"duration":12}},{"uid":"a1b8a5bb0a95f04a","reportUrl":"https://zaelcovsky.github.io/StroyremAutomation/161//#testresult/a1b8a5bb0a95f04a","status":"broken","statusDetails":"selenium.common.exceptions.NoSuchElementException: Message: no such element: Unable to locate element: {\"method\":\"xpath\",\"selector\":\"//a[@href='/price']\"}\n  (Session info: headless chrome=119.0.6045.105); For documentation on this error, please visit: https://www.selenium.dev/documentation/webdriver/troubleshooting/errors#no-such-element-exception\nStacktrace:\n#0 0x55b11b1935e3 <unknown>\n#1 0x55b11ae560b7 <unknown>\n#2 0x55b11aea3f53 <unknown>\n#3 0x55b11aea4051 <unknown>\n#4 0x55b11aee99c4 <unknown>\n#5 0x55b11aecaf1d <unknown>\n#6 0x55b11aee6b3d <unknown>\n#7 0x55b11aecacc3 <unknown>\n#8 0x55b11ae960e4 <unknown>\n#9 0x55b11ae970ae <unknown>\n#10 0x55b11b159ce1 <unknown>\n#11 0x55b11b15db7e <unknown>\n#12 0x55b11b1474b5 <unknown>\n#13 0x55b11b15e7d6 <unknown>\n#14 0x55b11b12adbf <unknown>\n#15 0x55b11b181748 <unknown>\n#16 0x55b11b181917 <unknown>\n#17 0x55b11b192773 <unknown>\n#18 0x7f8b0638e044 <unknown>","time":{"start":1701738476340,"stop":1701738476353,"duration":13}},{"uid":"f8026f1375b91aab","reportUrl":"https://zaelcovsky.github.io/StroyremAutomation/160//#testresult/f8026f1375b91aab","status":"broken","statusDetails":"selenium.common.exceptions.NoSuchElementException: Message: no such element: Unable to locate element: {\"method\":\"xpath\",\"selector\":\"//a[@href='/price']\"}\n  (Session info: headless chrome=119.0.6045.105); For documentation on this error, please visit: https://www.selenium.dev/documentation/webdriver/troubleshooting/errors#no-such-element-exception\nStacktrace:\n#0 0x563fa38f15e3 <unknown>\n#1 0x563fa35b40b7 <unknown>\n#2 0x563fa3601f53 <unknown>\n#3 0x563fa3602051 <unknown>\n#4 0x563fa36479c4 <unknown>\n#5 0x563fa3628f1d <unknown>\n#6 0x563fa3644b3d <unknown>\n#7 0x563fa3628cc3 <unknown>\n#8 0x563fa35f40e4 <unknown>\n#9 0x563fa35f50ae <unknown>\n#10 0x563fa38b7ce1 <unknown>\n#11 0x563fa38bbb7e <unknown>\n#12 0x563fa38a54b5 <unknown>\n#13 0x563fa38bc7d6 <unknown>\n#14 0x563fa3888dbf <unknown>\n#15 0x563fa38df748 <unknown>\n#16 0x563fa38df917 <unknown>\n#17 0x563fa38f0773 <unknown>\n#18 0x7f3b70d14044 <unknown>","time":{"start":1701652112544,"stop":1701652112558,"duration":14}},{"uid":"d3f80dc521381d13","reportUrl":"https://zaelcovsky.github.io/StroyremAutomation/159//#testresult/d3f80dc521381d13","status":"broken","statusDetails":"selenium.common.exceptions.NoSuchElementException: Message: no such element: Unable to locate element: {\"method\":\"xpath\",\"selector\":\"//a[@href='/price']\"}\n  (Session info: headless chrome=119.0.6045.105); For documentation on this error, please visit: https://www.selenium.dev/documentation/webdriver/troubleshooting/errors#no-such-element-exception\nStacktrace:\n#0 0x55b201b9b5e3 <unknown>\n#1 0x55b20185e0b7 <unknown>\n#2 0x55b2018abf53 <unknown>\n#3 0x55b2018ac051 <unknown>\n#4 0x55b2018f19c4 <unknown>\n#5 0x55b2018d2f1d <unknown>\n#6 0x55b2018eeb3d <unknown>\n#7 0x55b2018d2cc3 <unknown>\n#8 0x55b20189e0e4 <unknown>\n#9 0x55b20189f0ae <unknown>\n#10 0x55b201b61ce1 <unknown>\n#11 0x55b201b65b7e <unknown>\n#12 0x55b201b4f4b5 <unknown>\n#13 0x55b201b667d6 <unknown>\n#14 0x55b201b32dbf <unknown>\n#15 0x55b201b89748 <unknown>\n#16 0x55b201b89917 <unknown>\n#17 0x55b201b9a773 <unknown>\n#18 0x7f4dc7099044 <unknown>","time":{"start":1701565884353,"stop":1701565884366,"duration":13}},{"uid":"934b94b8f9418af6","reportUrl":"https://zaelcovsky.github.io/StroyremAutomation/158//#testresult/934b94b8f9418af6","status":"broken","statusDetails":"selenium.common.exceptions.NoSuchElementException: Message: no such element: Unable to locate element: {\"method\":\"xpath\",\"selector\":\"//a[@href='/price']\"}\n  (Session info: headless chrome=119.0.6045.105); For documentation on this error, please visit: https://www.selenium.dev/documentation/webdriver/troubleshooting/errors#no-such-element-exception\nStacktrace:\n#0 0x560431ca15e3 <unknown>\n#1 0x5604319640b7 <unknown>\n#2 0x5604319b1f53 <unknown>\n#3 0x5604319b2051 <unknown>\n#4 0x5604319f79c4 <unknown>\n#5 0x5604319d8f1d <unknown>\n#6 0x5604319f4b3d <unknown>\n#7 0x5604319d8cc3 <unknown>\n#8 0x5604319a40e4 <unknown>\n#9 0x5604319a50ae <unknown>\n#10 0x560431c67ce1 <unknown>\n#11 0x560431c6bb7e <unknown>\n#12 0x560431c554b5 <unknown>\n#13 0x560431c6c7d6 <unknown>\n#14 0x560431c38dbf <unknown>\n#15 0x560431c8f748 <unknown>\n#16 0x560431c8f917 <unknown>\n#17 0x560431ca0773 <unknown>\n#18 0x7f5c91a9c044 <unknown>","time":{"start":1701479135382,"stop":1701479135398,"duration":16}},{"uid":"9ff4fe7e5ac96748","reportUrl":"https://zaelcovsky.github.io/StroyremAutomation/157//#testresult/9ff4fe7e5ac96748","status":"broken","statusDetails":"selenium.common.exceptions.NoSuchElementException: Message: no such element: Unable to locate element: {\"method\":\"xpath\",\"selector\":\"//a[@href='/price']\"}\n  (Session info: headless chrome=119.0.6045.105); For documentation on this error, please visit: https://www.selenium.dev/documentation/webdriver/troubleshooting/errors#no-such-element-exception\nStacktrace:\n#0 0x55e55014d5e3 <unknown>\n#1 0x55e54fe100b7 <unknown>\n#2 0x55e54fe5df53 <unknown>\n#3 0x55e54fe5e051 <unknown>\n#4 0x55e54fea39c4 <unknown>\n#5 0x55e54fe84f1d <unknown>\n#6 0x55e54fea0b3d <unknown>\n#7 0x55e54fe84cc3 <unknown>\n#8 0x55e54fe500e4 <unknown>\n#9 0x55e54fe510ae <unknown>\n#10 0x55e550113ce1 <unknown>\n#11 0x55e550117b7e <unknown>\n#12 0x55e5501014b5 <unknown>\n#13 0x55e5501187d6 <unknown>\n#14 0x55e5500e4dbf <unknown>\n#15 0x55e55013b748 <unknown>\n#16 0x55e55013b917 <unknown>\n#17 0x55e55014c773 <unknown>\n#18 0x7fa092705044 <unknown>","time":{"start":1701393243135,"stop":1701393243148,"duration":13}},{"uid":"c6742f6e7ffa7aab","reportUrl":"https://zaelcovsky.github.io/StroyremAutomation/156//#testresult/c6742f6e7ffa7aab","status":"broken","statusDetails":"selenium.common.exceptions.NoSuchElementException: Message: no such element: Unable to locate element: {\"method\":\"xpath\",\"selector\":\"//a[@href='/price']\"}\n  (Session info: headless chrome=119.0.6045.105); For documentation on this error, please visit: https://www.selenium.dev/documentation/webdriver/troubleshooting/errors#no-such-element-exception\nStacktrace:\n#0 0x55bf62d635e3 <unknown>\n#1 0x55bf62a260b7 <unknown>\n#2 0x55bf62a73f53 <unknown>\n#3 0x55bf62a74051 <unknown>\n#4 0x55bf62ab99c4 <unknown>\n#5 0x55bf62a9af1d <unknown>\n#6 0x55bf62ab6b3d <unknown>\n#7 0x55bf62a9acc3 <unknown>\n#8 0x55bf62a660e4 <unknown>\n#9 0x55bf62a670ae <unknown>\n#10 0x55bf62d29ce1 <unknown>\n#11 0x55bf62d2db7e <unknown>\n#12 0x55bf62d174b5 <unknown>\n#13 0x55bf62d2e7d6 <unknown>\n#14 0x55bf62cfadbf <unknown>\n#15 0x55bf62d51748 <unknown>\n#16 0x55bf62d51917 <unknown>\n#17 0x55bf62d62773 <unknown>\n#18 0x7fd059ddf044 <unknown>","time":{"start":1701306430776,"stop":1701306430789,"duration":13}},{"uid":"dc51530f99727234","reportUrl":"https://zaelcovsky.github.io/StroyremAutomation/155//#testresult/dc51530f99727234","status":"broken","statusDetails":"selenium.common.exceptions.NoSuchElementException: Message: no such element: Unable to locate element: {\"method\":\"xpath\",\"selector\":\"//a[@href='/price']\"}\n  (Session info: headless chrome=119.0.6045.105); For documentation on this error, please visit: https://www.selenium.dev/documentation/webdriver/troubleshooting/errors#no-such-element-exception\nStacktrace:\n#0 0x55854ed5d5e3 <unknown>\n#1 0x55854ea200b7 <unknown>\n#2 0x55854ea6df53 <unknown>\n#3 0x55854ea6e051 <unknown>\n#4 0x55854eab39c4 <unknown>\n#5 0x55854ea94f1d <unknown>\n#6 0x55854eab0b3d <unknown>\n#7 0x55854ea94cc3 <unknown>\n#8 0x55854ea600e4 <unknown>\n#9 0x55854ea610ae <unknown>\n#10 0x55854ed23ce1 <unknown>\n#11 0x55854ed27b7e <unknown>\n#12 0x55854ed114b5 <unknown>\n#13 0x55854ed287d6 <unknown>\n#14 0x55854ecf4dbf <unknown>\n#15 0x55854ed4b748 <unknown>\n#16 0x55854ed4b917 <unknown>\n#17 0x55854ed5c773 <unknown>\n#18 0x7f7fe6042044 <unknown>","time":{"start":1701220068085,"stop":1701220068099,"duration":14}},{"uid":"828dd84ec989f198","reportUrl":"https://zaelcovsky.github.io/StroyremAutomation/154//#testresult/828dd84ec989f198","status":"broken","statusDetails":"selenium.common.exceptions.NoSuchElementException: Message: no such element: Unable to locate element: {\"method\":\"xpath\",\"selector\":\"//a[@href='/price']\"}\n  (Session info: headless chrome=119.0.6045.105); For documentation on this error, please visit: https://www.selenium.dev/documentation/webdriver/troubleshooting/errors#no-such-element-exception\nStacktrace:\n#0 0x55775397f5e3 <unknown>\n#1 0x5577536420b7 <unknown>\n#2 0x55775368ff53 <unknown>\n#3 0x557753690051 <unknown>\n#4 0x5577536d59c4 <unknown>\n#5 0x5577536b6f1d <unknown>\n#6 0x5577536d2b3d <unknown>\n#7 0x5577536b6cc3 <unknown>\n#8 0x5577536820e4 <unknown>\n#9 0x5577536830ae <unknown>\n#10 0x557753945ce1 <unknown>\n#11 0x557753949b7e <unknown>\n#12 0x5577539334b5 <unknown>\n#13 0x55775394a7d6 <unknown>\n#14 0x557753916dbf <unknown>\n#15 0x55775396d748 <unknown>\n#16 0x55775396d917 <unknown>\n#17 0x55775397e773 <unknown>\n#18 0x7f0347f36044 <unknown>","time":{"start":1701133676108,"stop":1701133676121,"duration":13}},{"uid":"a16e647fcad22607","reportUrl":"https://zaelcovsky.github.io/StroyremAutomation/153//#testresult/a16e647fcad22607","status":"broken","statusDetails":"selenium.common.exceptions.NoSuchElementException: Message: no such element: Unable to locate element: {\"method\":\"xpath\",\"selector\":\"//a[@href='/price']\"}\n  (Session info: headless chrome=119.0.6045.105); For documentation on this error, please visit: https://www.selenium.dev/documentation/webdriver/troubleshooting/errors#no-such-element-exception\nStacktrace:\n#0 0x5558d59275e3 <unknown>\n#1 0x5558d55ea0b7 <unknown>\n#2 0x5558d5637f53 <unknown>\n#3 0x5558d5638051 <unknown>\n#4 0x5558d567d9c4 <unknown>\n#5 0x5558d565ef1d <unknown>\n#6 0x5558d567ab3d <unknown>\n#7 0x5558d565ecc3 <unknown>\n#8 0x5558d562a0e4 <unknown>\n#9 0x5558d562b0ae <unknown>\n#10 0x5558d58edce1 <unknown>\n#11 0x5558d58f1b7e <unknown>\n#12 0x5558d58db4b5 <unknown>\n#13 0x5558d58f27d6 <unknown>\n#14 0x5558d58bedbf <unknown>\n#15 0x5558d5915748 <unknown>\n#16 0x5558d5915917 <unknown>\n#17 0x5558d5926773 <unknown>\n#18 0x7f2882dee044 <unknown>","time":{"start":1701047264875,"stop":1701047264889,"duration":14}},{"uid":"792ed4a21517f6ad","reportUrl":"https://zaelcovsky.github.io/StroyremAutomation/152//#testresult/792ed4a21517f6ad","status":"broken","statusDetails":"selenium.common.exceptions.NoSuchElementException: Message: no such element: Unable to locate element: {\"method\":\"xpath\",\"selector\":\"//a[@href='/price']\"}\n  (Session info: headless chrome=119.0.6045.105); For documentation on this error, please visit: https://www.selenium.dev/documentation/webdriver/troubleshooting/errors#no-such-element-exception\nStacktrace:\n#0 0x557d3a07c5e3 <unknown>\n#1 0x557d39d3f0b7 <unknown>\n#2 0x557d39d8cf53 <unknown>\n#3 0x557d39d8d051 <unknown>\n#4 0x557d39dd29c4 <unknown>\n#5 0x557d39db3f1d <unknown>\n#6 0x557d39dcfb3d <unknown>\n#7 0x557d39db3cc3 <unknown>\n#8 0x557d39d7f0e4 <unknown>\n#9 0x557d39d800ae <unknown>\n#10 0x557d3a042ce1 <unknown>\n#11 0x557d3a046b7e <unknown>\n#12 0x557d3a0304b5 <unknown>\n#13 0x557d3a0477d6 <unknown>\n#14 0x557d3a013dbf <unknown>\n#15 0x557d3a06a748 <unknown>\n#16 0x557d3a06a917 <unknown>\n#17 0x557d3a07b773 <unknown>\n#18 0x7f232a449044 <unknown>","time":{"start":1700961123329,"stop":1700961123342,"duration":13}},{"uid":"611d886fddb3f4e2","reportUrl":"https://zaelcovsky.github.io/StroyremAutomation/151//#testresult/611d886fddb3f4e2","status":"broken","statusDetails":"selenium.common.exceptions.NoSuchElementException: Message: no such element: Unable to locate element: {\"method\":\"xpath\",\"selector\":\"//a[@href='/price']\"}\n  (Session info: headless chrome=119.0.6045.105); For documentation on this error, please visit: https://www.selenium.dev/documentation/webdriver/troubleshooting/errors#no-such-element-exception\nStacktrace:\n#0 0x55bed4dc05e3 <unknown>\n#1 0x55bed4a830b7 <unknown>\n#2 0x55bed4ad0f53 <unknown>\n#3 0x55bed4ad1051 <unknown>\n#4 0x55bed4b169c4 <unknown>\n#5 0x55bed4af7f1d <unknown>\n#6 0x55bed4b13b3d <unknown>\n#7 0x55bed4af7cc3 <unknown>\n#8 0x55bed4ac30e4 <unknown>\n#9 0x55bed4ac40ae <unknown>\n#10 0x55bed4d86ce1 <unknown>\n#11 0x55bed4d8ab7e <unknown>\n#12 0x55bed4d744b5 <unknown>\n#13 0x55bed4d8b7d6 <unknown>\n#14 0x55bed4d57dbf <unknown>\n#15 0x55bed4dae748 <unknown>\n#16 0x55bed4dae917 <unknown>\n#17 0x55bed4dbf773 <unknown>\n#18 0x7f06be860044 <unknown>","time":{"start":1700874278081,"stop":1700874278094,"duration":13}},{"uid":"3936146a285bef31","reportUrl":"https://zaelcovsky.github.io/StroyremAutomation/150//#testresult/3936146a285bef31","status":"broken","statusDetails":"selenium.common.exceptions.NoSuchElementException: Message: no such element: Unable to locate element: {\"method\":\"xpath\",\"selector\":\"//a[@href='/price']\"}\n  (Session info: headless chrome=119.0.6045.105); For documentation on this error, please visit: https://www.selenium.dev/documentation/webdriver/troubleshooting/errors#no-such-element-exception\nStacktrace:\n#0 0x55c46e5af5e3 <unknown>\n#1 0x55c46e2720b7 <unknown>\n#2 0x55c46e2bff53 <unknown>\n#3 0x55c46e2c0051 <unknown>\n#4 0x55c46e3059c4 <unknown>\n#5 0x55c46e2e6f1d <unknown>\n#6 0x55c46e302b3d <unknown>\n#7 0x55c46e2e6cc3 <unknown>\n#8 0x55c46e2b20e4 <unknown>\n#9 0x55c46e2b30ae <unknown>\n#10 0x55c46e575ce1 <unknown>\n#11 0x55c46e579b7e <unknown>\n#12 0x55c46e5634b5 <unknown>\n#13 0x55c46e57a7d6 <unknown>\n#14 0x55c46e546dbf <unknown>\n#15 0x55c46e59d748 <unknown>\n#16 0x55c46e59d917 <unknown>\n#17 0x55c46e5ae773 <unknown>\n#18 0x7fe77f9b8044 <unknown>","time":{"start":1700787965993,"stop":1700787966006,"duration":13}},{"uid":"a486d44db0ac6222","reportUrl":"https://zaelcovsky.github.io/StroyremAutomation/149//#testresult/a486d44db0ac6222","status":"broken","statusDetails":"selenium.common.exceptions.NoSuchElementException: Message: no such element: Unable to locate element: {\"method\":\"xpath\",\"selector\":\"//a[@href='/price']\"}\n  (Session info: headless chrome=119.0.6045.105); For documentation on this error, please visit: https://www.selenium.dev/documentation/webdriver/troubleshooting/errors#no-such-element-exception\nStacktrace:\n#0 0x5651745b05e3 <unknown>\n#1 0x5651742730b7 <unknown>\n#2 0x5651742c0f53 <unknown>\n#3 0x5651742c1051 <unknown>\n#4 0x5651743069c4 <unknown>\n#5 0x5651742e7f1d <unknown>\n#6 0x565174303b3d <unknown>\n#7 0x5651742e7cc3 <unknown>\n#8 0x5651742b30e4 <unknown>\n#9 0x5651742b40ae <unknown>\n#10 0x565174576ce1 <unknown>\n#11 0x56517457ab7e <unknown>\n#12 0x5651745644b5 <unknown>\n#13 0x56517457b7d6 <unknown>\n#14 0x565174547dbf <unknown>\n#15 0x56517459e748 <unknown>\n#16 0x56517459e917 <unknown>\n#17 0x5651745af773 <unknown>\n#18 0x7ff9fbd71044 <unknown>","time":{"start":1700701595281,"stop":1700701595294,"duration":13}},{"uid":"c82ee106eca412c8","reportUrl":"https://zaelcovsky.github.io/StroyremAutomation/148//#testresult/c82ee106eca412c8","status":"broken","statusDetails":"selenium.common.exceptions.NoSuchElementException: Message: no such element: Unable to locate element: {\"method\":\"xpath\",\"selector\":\"//a[@href='/price']\"}\n  (Session info: headless chrome=119.0.6045.105); For documentation on this error, please visit: https://www.selenium.dev/documentation/webdriver/troubleshooting/errors#no-such-element-exception\nStacktrace:\n#0 0x5586157645e3 <unknown>\n#1 0x5586154270b7 <unknown>\n#2 0x558615474f53 <unknown>\n#3 0x558615475051 <unknown>\n#4 0x5586154ba9c4 <unknown>\n#5 0x55861549bf1d <unknown>\n#6 0x5586154b7b3d <unknown>\n#7 0x55861549bcc3 <unknown>\n#8 0x5586154670e4 <unknown>\n#9 0x5586154680ae <unknown>\n#10 0x55861572ace1 <unknown>\n#11 0x55861572eb7e <unknown>\n#12 0x5586157184b5 <unknown>\n#13 0x55861572f7d6 <unknown>\n#14 0x5586156fbdbf <unknown>\n#15 0x558615752748 <unknown>\n#16 0x558615752917 <unknown>\n#17 0x558615763773 <unknown>\n#18 0x7f9cdebd5044 <unknown>","time":{"start":1700615342930,"stop":1700615342944,"duration":14}},{"uid":"66447d9417b5dbcf","reportUrl":"https://zaelcovsky.github.io/StroyremAutomation/147//#testresult/66447d9417b5dbcf","status":"broken","statusDetails":"selenium.common.exceptions.NoSuchElementException: Message: no such element: Unable to locate element: {\"method\":\"xpath\",\"selector\":\"//a[@href='/price']\"}\n  (Session info: headless chrome=119.0.6045.105); For documentation on this error, please visit: https://www.selenium.dev/documentation/webdriver/troubleshooting/errors#no-such-element-exception\nStacktrace:\n#0 0x55b575a495e3 <unknown>\n#1 0x55b57570c0b7 <unknown>\n#2 0x55b575759f53 <unknown>\n#3 0x55b57575a051 <unknown>\n#4 0x55b57579f9c4 <unknown>\n#5 0x55b575780f1d <unknown>\n#6 0x55b57579cb3d <unknown>\n#7 0x55b575780cc3 <unknown>\n#8 0x55b57574c0e4 <unknown>\n#9 0x55b57574d0ae <unknown>\n#10 0x55b575a0fce1 <unknown>\n#11 0x55b575a13b7e <unknown>\n#12 0x55b5759fd4b5 <unknown>\n#13 0x55b575a147d6 <unknown>\n#14 0x55b5759e0dbf <unknown>\n#15 0x55b575a37748 <unknown>\n#16 0x55b575a37917 <unknown>\n#17 0x55b575a48773 <unknown>\n#18 0x7f40406f0044 <unknown>","time":{"start":1700528932014,"stop":1700528932028,"duration":14}},{"uid":"ba0a8e954a9aaa33","reportUrl":"https://zaelcovsky.github.io/StroyremAutomation/146//#testresult/ba0a8e954a9aaa33","status":"broken","statusDetails":"selenium.common.exceptions.NoSuchElementException: Message: no such element: Unable to locate element: {\"method\":\"xpath\",\"selector\":\"//a[@href='/price']\"}\n  (Session info: headless chrome=119.0.6045.105); For documentation on this error, please visit: https://www.selenium.dev/documentation/webdriver/troubleshooting/errors#no-such-element-exception\nStacktrace:\n#0 0x5630d6f095e3 <unknown>\n#1 0x5630d6bcc0b7 <unknown>\n#2 0x5630d6c19f53 <unknown>\n#3 0x5630d6c1a051 <unknown>\n#4 0x5630d6c5f9c4 <unknown>\n#5 0x5630d6c40f1d <unknown>\n#6 0x5630d6c5cb3d <unknown>\n#7 0x5630d6c40cc3 <unknown>\n#8 0x5630d6c0c0e4 <unknown>\n#9 0x5630d6c0d0ae <unknown>\n#10 0x5630d6ecfce1 <unknown>\n#11 0x5630d6ed3b7e <unknown>\n#12 0x5630d6ebd4b5 <unknown>\n#13 0x5630d6ed47d6 <unknown>\n#14 0x5630d6ea0dbf <unknown>\n#15 0x5630d6ef7748 <unknown>\n#16 0x5630d6ef7917 <unknown>\n#17 0x5630d6f08773 <unknown>\n#18 0x7f5574aaf044 <unknown>","time":{"start":1700442480131,"stop":1700442480144,"duration":13}},{"uid":"1d789630e1bd0c4","reportUrl":"https://zaelcovsky.github.io/StroyremAutomation/145//#testresult/1d789630e1bd0c4","status":"broken","statusDetails":"selenium.common.exceptions.NoSuchElementException: Message: no such element: Unable to locate element: {\"method\":\"xpath\",\"selector\":\"//a[@href='/price']\"}\n  (Session info: headless chrome=119.0.6045.105); For documentation on this error, please visit: https://www.selenium.dev/documentation/webdriver/troubleshooting/errors#no-such-element-exception\nStacktrace:\n#0 0x557e761485e3 <unknown>\n#1 0x557e75e0b0b7 <unknown>\n#2 0x557e75e58f53 <unknown>\n#3 0x557e75e59051 <unknown>\n#4 0x557e75e9e9c4 <unknown>\n#5 0x557e75e7ff1d <unknown>\n#6 0x557e75e9bb3d <unknown>\n#7 0x557e75e7fcc3 <unknown>\n#8 0x557e75e4b0e4 <unknown>\n#9 0x557e75e4c0ae <unknown>\n#10 0x557e7610ece1 <unknown>\n#11 0x557e76112b7e <unknown>\n#12 0x557e760fc4b5 <unknown>\n#13 0x557e761137d6 <unknown>\n#14 0x557e760dfdbf <unknown>\n#15 0x557e76136748 <unknown>\n#16 0x557e76136917 <unknown>\n#17 0x557e76147773 <unknown>\n#18 0x7f3aabf73044 <unknown>","time":{"start":1700356269578,"stop":1700356269592,"duration":14}},{"uid":"f29f2c461af556a6","reportUrl":"https://zaelcovsky.github.io/StroyremAutomation/144//#testresult/f29f2c461af556a6","status":"broken","statusDetails":"selenium.common.exceptions.NoSuchElementException: Message: no such element: Unable to locate element: {\"method\":\"xpath\",\"selector\":\"//a[@href='/price']\"}\n  (Session info: headless chrome=119.0.6045.105); For documentation on this error, please visit: https://www.selenium.dev/documentation/webdriver/troubleshooting/errors#no-such-element-exception\nStacktrace:\n#0 0x55573d1af5e3 <unknown>\n#1 0x55573ce720b7 <unknown>\n#2 0x55573cebff53 <unknown>\n#3 0x55573cec0051 <unknown>\n#4 0x55573cf059c4 <unknown>\n#5 0x55573cee6f1d <unknown>\n#6 0x55573cf02b3d <unknown>\n#7 0x55573cee6cc3 <unknown>\n#8 0x55573ceb20e4 <unknown>\n#9 0x55573ceb30ae <unknown>\n#10 0x55573d175ce1 <unknown>\n#11 0x55573d179b7e <unknown>\n#12 0x55573d1634b5 <unknown>\n#13 0x55573d17a7d6 <unknown>\n#14 0x55573d146dbf <unknown>\n#15 0x55573d19d748 <unknown>\n#16 0x55573d19d917 <unknown>\n#17 0x55573d1ae773 <unknown>\n#18 0x7f23006e0044 <unknown>","time":{"start":1700269634628,"stop":1700269634641,"duration":13}}]},"tags":["smoke_test"]},"source":"62cc991c63ccf7ca.json","parameterValues":["'https://test2.stroyrem-nn.ru/'"]}