{"uid":"27e0f852c083e35f","name":"Авторизация с помощью аккаунта ya.ru","fullName":"tests.test_sign_in.test_sign_in_page.TestSignInPage#test_positive_authorization_first_time_using_YA_smoke","historyId":"dad914aa68b78287aa131957fc42820c","time":{"start":1696209683983,"stop":1696209708970,"duration":24987},"status":"skipped","statusMessage":"XFAIL Появляется капча Яндекса при запуске теста на Github\n\nselenium.common.exceptions.TimeoutException: Message:","statusTrace":"self = <tests.test_sign_in.test_sign_in_page.TestSignInPage object at 0x7efde66ccb50>\ndriver = <selenium.webdriver.chrome.webdriver.WebDriver (session=\"c4ae4c3b5d5993e75d8c3a10bf7dafb5\")>\nsign_in_page = <pages.sign_in_page.SignInPage object at 0x7efde56bf550>\nopen_sign_in_window = None\n\n    @allure.title(\"Авторизация с помощью аккаунта ya.ru\")\n    @pytest.mark.xfail(reason=\"Появляется капча Яндекса при запуске теста на Github\")\n    @pytest.mark.smoke_test\n    def test_positive_authorization_first_time_using_YA_smoke(self, driver, sign_in_page, open_sign_in_window):\n        sign_in_page.get_ya_ru_auth_icon().click()\n        driver.switch_to.window(driver.window_handles[1])\n        # driver.delete_all_cookies()\n        driver.add_cookie({'name': 'uniqueuid',\n                           'value': '384528911692006899',\n                           'domain': 'passport.yandex.ru',\n                           'httpOnly': True,\n                           'path': '/',\n                           'expiry': 1723499808,\n                           'sameSite': 'Lax',\n                           'secure': True})\n        driver.add_cookie({'name': 'ymex',\n                           'value': '2007366920.yrts.1692006920#2007366900.yrtsi.1692006900',\n                           'domain': '.yandex.ru',\n                           'httpOnly': False,\n                           'path': '/',\n                           'expiry': 1723499808,\n                           'secure': True})\n        driver.add_cookie({'name': 'i',\n                           'value': 'rpEp6ASpcmkXAketS0UdMiVBT6ovBbPtyYRYZIsRWdkwRjrAU27Q2rmgTx58XJTCF6sreSZhfheTbJeEsS',\n                           'domain': '.yandex.ru',\n                           'httpOnly': True,\n                           'path': '/',\n                           'expiry': 1723499808,\n                           'secure': True})\n        driver.add_cookie({'name': 'yandexuid',\n                           'value': '5114601221692006901',\n                           'domain': '.yandex.ru',\n                           'httpOnly': False,\n                           'path': '/',\n                           'expiry': 1723499808,\n                           'secure': True})\n        driver.add_cookie({'name': 'yuidss',\n                           'value': '7640250911692006900',\n                           'domain': '.yandex.ru',\n                           'httpOnly': False,\n                           'path': '/',\n                           'expiry': 1723499808,\n                           'secure': True})\n        driver.add_cookie({'name': 'gdpr',\n                           'value': '0',\n                           'domain': '.yandex.ru',\n                           'httpOnly': False,\n                           'path': '/',\n                           'expiry': 1723499808,\n                           'secure': True})\n        driver.add_cookie({'name': '_ym_uid',\n                           'value': '169200690291832112',\n                           'domain': '.yandex.ru',\n                           'httpOnly': False,\n                           'path': '/',\n                           'expiry': 1723499808,\n                           'secure': True})\n        driver.add_cookie({'name': '_ym_d',\n                           'value': '1692006902',\n                           'domain': '.yandex.ru',\n                           'httpOnly': False,\n                           'path': '/',\n                           'expiry': 1723499808,\n                           'secure': True})\n        driver.add_cookie({'name': 'bh',\n                           'value': 'Ej8iTm90L0EpQnJhbmQiO3Y9Ijk5IiwiR29vZ2xlIENocm9tZSI7dj0iMTE1IiwiQ2hyb21pdW0iO3Y9IjExNSIaBSJ4ODYiIhAiMTE1LjAuNTc5MC4xMTAiKgI',\n                           'domain': 'yandex.ru',\n                           'httpOnly': False,\n                           'path': '/',\n                           'expiry': 1723499808,\n                           'secure': False})\n        driver.add_cookie({'name': '_ym_visorc',\n                           'value': 'b',\n                           'domain': '.yandex.ru',\n                           'httpOnly': False,\n                           'path': '/',\n                           'expiry': 1723499808,\n                           'secure': True})\n        driver.execute_script(\"arguments[0].scrollIntoView();\",\n                              sign_in_page.get_ya_ru_window_alternative_ways_to_sign_up())\n        driver.execute_script(\"arguments[0].click();\", sign_in_page.get_ya_ru_window_alternative_ways_to_sign_up())\n        sign_in_page.get_ya_ru_window_email_field().send_keys(credentials['ya.ru_email'])\n        sign_in_page.get_ya_ru_window_submit_button().click()\n        sign_in_page.get_ya_ru_window_password_field().send_keys(credentials['ya.ru_password'])\n        sign_in_page.get_ya_ru_window_submit_button().click()\n        sleep(5)\n        try:\n            sign_in_page.get_ya_ru_window_control_question_field()\n            sign_in_page.get_ya_ru_window_control_question_field().send_keys(credentials['ya.ru_question'])\n            sign_in_page.get_ya_ru_window_proceed_button().click()\n            print(f\"\\nПоявилось окно контрольного вопроса\")\n        except (NoSuchWindowException, NoSuchElementException):\n            print(f\"\\nНе появилось окно контрольного вопроса\")\n        driver.switch_to.window(driver.window_handles[0])\n>       sign_in_page.check_number_of_windows_to_be_equal(1)\n\ntests/test_sign_in/test_sign_in_page.py:224: \n_ _ _ _ _ _ _ _ _ _ _ _ _ _ _ _ _ _ _ _ _ _ _ _ _ _ _ _ _ _ _ _ _ _ _ _ _ _ _ _ \nbase/seleniumbase.py:115: in check_number_of_windows_to_be_equal\n    return self.__wait.until(EC.number_of_windows_to_be(number))\n_ _ _ _ _ _ _ _ _ _ _ _ _ _ _ _ _ _ _ _ _ _ _ _ _ _ _ _ _ _ _ _ _ _ _ _ _ _ _ _ \n\nself = <selenium.webdriver.support.wait.WebDriverWait (session=\"c4ae4c3b5d5993e75d8c3a10bf7dafb5\")>\nmethod = <function number_of_windows_to_be.<locals>._predicate at 0x7efde56649a0>\nmessage = ''\n\n    def until(self, method, message: str = \"\"):\n        \"\"\"Calls the method provided with the driver as an argument until the \\\n        return value does not evaluate to ``False``.\n    \n        :param method: callable(WebDriver)\n        :param message: optional message for :exc:`TimeoutException`\n        :returns: the result of the last call to `method`\n        :raises: :exc:`selenium.common.exceptions.TimeoutException` if timeout occurs\n        \"\"\"\n        screen = None\n        stacktrace = None\n    \n        end_time = time.monotonic() + self._timeout\n        while True:\n            try:\n                value = method(self._driver)\n                if value:\n                    return value\n            except self._ignored_exceptions as exc:\n                screen = getattr(exc, \"screen\", None)\n                stacktrace = getattr(exc, \"stacktrace\", None)\n            time.sleep(self._poll)\n            if time.monotonic() > end_time:\n                break\n>       raise TimeoutException(message, screen, stacktrace)\nE       selenium.common.exceptions.TimeoutException: Message:\n\n/usr/local/lib/python3.11/site-packages/selenium/webdriver/support/wait.py:95: TimeoutException","flaky":false,"newFailed":false,"newBroken":false,"newPassed":false,"retriesCount":0,"retriesStatusChange":false,"beforeStages":[{"name":"_session_faker","time":{"start":1696208504591,"stop":1696208504673,"duration":82},"status":"passed","steps":[],"attachments":[],"parameters":[],"stepsCount":0,"attachmentsCount":0,"hasContent":false,"shouldDisplayMessage":false},{"name":"clear_allure_results_folder","time":{"start":1696208504673,"stop":1696208504673,"duration":0},"status":"passed","steps":[],"attachments":[],"parameters":[],"stepsCount":0,"attachmentsCount":0,"hasContent":false,"shouldDisplayMessage":false},{"name":"driver","time":{"start":1696209675517,"stop":1696209676281,"duration":764},"status":"passed","steps":[],"attachments":[],"parameters":[],"stepsCount":0,"attachmentsCount":0,"hasContent":false,"shouldDisplayMessage":false},{"name":"setup","time":{"start":1696209676281,"stop":1696209676281,"duration":0},"status":"passed","steps":[],"attachments":[],"parameters":[],"stepsCount":0,"attachmentsCount":0,"hasContent":false,"shouldDisplayMessage":false},{"name":"sign_in_page","time":{"start":1696209676281,"stop":1696209683611,"duration":7330},"status":"passed","steps":[],"attachments":[],"parameters":[],"stepsCount":0,"attachmentsCount":0,"hasContent":false,"shouldDisplayMessage":false},{"name":"open_sign_in_window","time":{"start":1696209683611,"stop":1696209683982,"duration":371},"status":"passed","steps":[{"name":"Нахождение элемента: иконка профиля в хедере","time":{"start":1696209683612,"stop":1696209683623,"duration":11},"status":"passed","steps":[],"attachments":[],"parameters":[],"stepsCount":0,"attachmentsCount":0,"hasContent":false,"shouldDisplayMessage":false}],"attachments":[],"parameters":[],"stepsCount":1,"attachmentsCount":0,"hasContent":true,"shouldDisplayMessage":false}],"testStage":{"status":"skipped","statusMessage":"XFAIL Появляется капча Яндекса при запуске теста на Github\n\nselenium.common.exceptions.TimeoutException: Message:","statusTrace":"self = <tests.test_sign_in.test_sign_in_page.TestSignInPage object at 0x7efde66ccb50>\ndriver = <selenium.webdriver.chrome.webdriver.WebDriver (session=\"c4ae4c3b5d5993e75d8c3a10bf7dafb5\")>\nsign_in_page = <pages.sign_in_page.SignInPage object at 0x7efde56bf550>\nopen_sign_in_window = None\n\n    @allure.title(\"Авторизация с помощью аккаунта ya.ru\")\n    @pytest.mark.xfail(reason=\"Появляется капча Яндекса при запуске теста на Github\")\n    @pytest.mark.smoke_test\n    def test_positive_authorization_first_time_using_YA_smoke(self, driver, sign_in_page, open_sign_in_window):\n        sign_in_page.get_ya_ru_auth_icon().click()\n        driver.switch_to.window(driver.window_handles[1])\n        # driver.delete_all_cookies()\n        driver.add_cookie({'name': 'uniqueuid',\n                           'value': '384528911692006899',\n                           'domain': 'passport.yandex.ru',\n                           'httpOnly': True,\n                           'path': '/',\n                           'expiry': 1723499808,\n                           'sameSite': 'Lax',\n                           'secure': True})\n        driver.add_cookie({'name': 'ymex',\n                           'value': '2007366920.yrts.1692006920#2007366900.yrtsi.1692006900',\n                           'domain': '.yandex.ru',\n                           'httpOnly': False,\n                           'path': '/',\n                           'expiry': 1723499808,\n                           'secure': True})\n        driver.add_cookie({'name': 'i',\n                           'value': 'rpEp6ASpcmkXAketS0UdMiVBT6ovBbPtyYRYZIsRWdkwRjrAU27Q2rmgTx58XJTCF6sreSZhfheTbJeEsS',\n                           'domain': '.yandex.ru',\n                           'httpOnly': True,\n                           'path': '/',\n                           'expiry': 1723499808,\n                           'secure': True})\n        driver.add_cookie({'name': 'yandexuid',\n                           'value': '5114601221692006901',\n                           'domain': '.yandex.ru',\n                           'httpOnly': False,\n                           'path': '/',\n                           'expiry': 1723499808,\n                           'secure': True})\n        driver.add_cookie({'name': 'yuidss',\n                           'value': '7640250911692006900',\n                           'domain': '.yandex.ru',\n                           'httpOnly': False,\n                           'path': '/',\n                           'expiry': 1723499808,\n                           'secure': True})\n        driver.add_cookie({'name': 'gdpr',\n                           'value': '0',\n                           'domain': '.yandex.ru',\n                           'httpOnly': False,\n                           'path': '/',\n                           'expiry': 1723499808,\n                           'secure': True})\n        driver.add_cookie({'name': '_ym_uid',\n                           'value': '169200690291832112',\n                           'domain': '.yandex.ru',\n                           'httpOnly': False,\n                           'path': '/',\n                           'expiry': 1723499808,\n                           'secure': True})\n        driver.add_cookie({'name': '_ym_d',\n                           'value': '1692006902',\n                           'domain': '.yandex.ru',\n                           'httpOnly': False,\n                           'path': '/',\n                           'expiry': 1723499808,\n                           'secure': True})\n        driver.add_cookie({'name': 'bh',\n                           'value': 'Ej8iTm90L0EpQnJhbmQiO3Y9Ijk5IiwiR29vZ2xlIENocm9tZSI7dj0iMTE1IiwiQ2hyb21pdW0iO3Y9IjExNSIaBSJ4ODYiIhAiMTE1LjAuNTc5MC4xMTAiKgI',\n                           'domain': 'yandex.ru',\n                           'httpOnly': False,\n                           'path': '/',\n                           'expiry': 1723499808,\n                           'secure': False})\n        driver.add_cookie({'name': '_ym_visorc',\n                           'value': 'b',\n                           'domain': '.yandex.ru',\n                           'httpOnly': False,\n                           'path': '/',\n                           'expiry': 1723499808,\n                           'secure': True})\n        driver.execute_script(\"arguments[0].scrollIntoView();\",\n                              sign_in_page.get_ya_ru_window_alternative_ways_to_sign_up())\n        driver.execute_script(\"arguments[0].click();\", sign_in_page.get_ya_ru_window_alternative_ways_to_sign_up())\n        sign_in_page.get_ya_ru_window_email_field().send_keys(credentials['ya.ru_email'])\n        sign_in_page.get_ya_ru_window_submit_button().click()\n        sign_in_page.get_ya_ru_window_password_field().send_keys(credentials['ya.ru_password'])\n        sign_in_page.get_ya_ru_window_submit_button().click()\n        sleep(5)\n        try:\n            sign_in_page.get_ya_ru_window_control_question_field()\n            sign_in_page.get_ya_ru_window_control_question_field().send_keys(credentials['ya.ru_question'])\n            sign_in_page.get_ya_ru_window_proceed_button().click()\n            print(f\"\\nПоявилось окно контрольного вопроса\")\n        except (NoSuchWindowException, NoSuchElementException):\n            print(f\"\\nНе появилось окно контрольного вопроса\")\n        driver.switch_to.window(driver.window_handles[0])\n>       sign_in_page.check_number_of_windows_to_be_equal(1)\n\ntests/test_sign_in/test_sign_in_page.py:224: \n_ _ _ _ _ _ _ _ _ _ _ _ _ _ _ _ _ _ _ _ _ _ _ _ _ _ _ _ _ _ _ _ _ _ _ _ _ _ _ _ \nbase/seleniumbase.py:115: in check_number_of_windows_to_be_equal\n    return self.__wait.until(EC.number_of_windows_to_be(number))\n_ _ _ _ _ _ _ _ _ _ _ _ _ _ _ _ _ _ _ _ _ _ _ _ _ _ _ _ _ _ _ _ _ _ _ _ _ _ _ _ \n\nself = <selenium.webdriver.support.wait.WebDriverWait (session=\"c4ae4c3b5d5993e75d8c3a10bf7dafb5\")>\nmethod = <function number_of_windows_to_be.<locals>._predicate at 0x7efde56649a0>\nmessage = ''\n\n    def until(self, method, message: str = \"\"):\n        \"\"\"Calls the method provided with the driver as an argument until the \\\n        return value does not evaluate to ``False``.\n    \n        :param method: callable(WebDriver)\n        :param message: optional message for :exc:`TimeoutException`\n        :returns: the result of the last call to `method`\n        :raises: :exc:`selenium.common.exceptions.TimeoutException` if timeout occurs\n        \"\"\"\n        screen = None\n        stacktrace = None\n    \n        end_time = time.monotonic() + self._timeout\n        while True:\n            try:\n                value = method(self._driver)\n                if value:\n                    return value\n            except self._ignored_exceptions as exc:\n                screen = getattr(exc, \"screen\", None)\n                stacktrace = getattr(exc, \"stacktrace\", None)\n            time.sleep(self._poll)\n            if time.monotonic() > end_time:\n                break\n>       raise TimeoutException(message, screen, stacktrace)\nE       selenium.common.exceptions.TimeoutException: Message:\n\n/usr/local/lib/python3.11/site-packages/selenium/webdriver/support/wait.py:95: TimeoutException","steps":[{"name":"Нахождение элемента: иконка 'ya.ru' окна авторизации","time":{"start":1696209683983,"stop":1696209683996,"duration":13},"status":"passed","steps":[],"attachments":[],"parameters":[],"stepsCount":0,"attachmentsCount":0,"hasContent":false,"shouldDisplayMessage":false},{"name":"Проверка кликабельности элемента: кнопка 'Другие способы входа' окна авторизации через 'ya.ru'","time":{"start":1696209688029,"stop":1696209688040,"duration":11},"status":"passed","steps":[],"attachments":[],"parameters":[],"stepsCount":0,"attachmentsCount":0,"hasContent":false,"shouldDisplayMessage":false},{"name":"Проверка кликабельности элемента: кнопка 'Другие способы входа' окна авторизации через 'ya.ru'","time":{"start":1696209688047,"stop":1696209688053,"duration":6},"status":"passed","steps":[],"attachments":[],"parameters":[],"stepsCount":0,"attachmentsCount":0,"hasContent":false,"shouldDisplayMessage":false},{"name":"Проверка кликабельности элемента: поле 'Email' окна авторизации через 'ya.ru'","time":{"start":1696209688093,"stop":1696209688129,"duration":36},"status":"passed","steps":[],"attachments":[],"parameters":[],"stepsCount":0,"attachmentsCount":0,"hasContent":false,"shouldDisplayMessage":false},{"name":"Нахождение элемента: кнопка 'Войти' окна авторизации через 'ya.ru'","time":{"start":1696209688273,"stop":1696209688287,"duration":14},"status":"passed","steps":[],"attachments":[],"parameters":[],"stepsCount":0,"attachmentsCount":0,"hasContent":false,"shouldDisplayMessage":false},{"name":"Проверка кликабельности элемента: поле 'Пароль' окна авторизации через 'ya.ru'","time":{"start":1696209688365,"stop":1696209688722,"duration":357},"status":"passed","steps":[],"attachments":[],"parameters":[],"stepsCount":0,"attachmentsCount":0,"hasContent":false,"shouldDisplayMessage":false},{"name":"Нахождение элемента: кнопка 'Войти' окна авторизации через 'ya.ru'","time":{"start":1696209688817,"stop":1696209688825,"duration":8},"status":"passed","steps":[],"attachments":[],"parameters":[],"stepsCount":0,"attachmentsCount":0,"hasContent":false,"shouldDisplayMessage":false},{"name":"Нахождение элемента: поле 'Ответ на контрольный вопрос' окна авторизации через 'ya.ru'","time":{"start":1696209693866,"stop":1696209693881,"duration":15},"status":"broken","statusMessage":"selenium.common.exceptions.NoSuchElementException: Message: no such element: Unable to locate element: {\"method\":\"css selector\",\"selector\":\"input[data-t='field:input-question']\"}\n  (Session info: headless chrome=117.0.5938.92); For documentation on this error, please visit: https://www.selenium.dev/documentation/webdriver/troubleshooting/errors#no-such-element-exception\nStacktrace:\n#0 0x55fe518d26b3 <unknown>\n#1 0x55fe515a81e7 <unknown>\n#2 0x55fe515ef566 <unknown>\n#3 0x55fe515ef651 <unknown>\n#4 0x55fe5162ca74 <unknown>\n#5 0x55fe516110ed <unknown>\n#6 0x55fe5162a322 <unknown>\n#7 0x55fe51610e93 <unknown>\n#8 0x55fe515e3934 <unknown>\n#9 0x55fe515e471e <unknown>\n#10 0x55fe51897cb8 <unknown>\n#11 0x55fe5189bbf0 <unknown>\n#12 0x55fe518a619c <unknown>\n#13 0x55fe5189c808 <unknown>\n#14 0x55fe5186927f <unknown>\n#15 0x55fe518c0e88 <unknown>\n#16 0x55fe518c1059 <unknown>\n#17 0x55fe518d1843 <unknown>\n#18 0x7fbd1e9b0044 <unknown>\n\n","statusTrace":"  File \"/usr/local/lib/python3.11/site-packages/allure_commons/_allure.py\", line 192, in impl\n    return func(*a, **kw)\n           ^^^^^^^^^^^^^^\n  File \"/app/pages/sign_in_page.py\", line 207, in get_ya_ru_window_control_question_field\n    return self.find_element(self._ya_ru_window_control_question_field)\n           ^^^^^^^^^^^^^^^^^^^^^^^^^^^^^^^^^^^^^^^^^^^^^^^^^^^^^^^^^^^^\n  File \"/app/base/seleniumbase.py\", line 17, in find_element\n    return self.driver.find_element(*locator)\n           ^^^^^^^^^^^^^^^^^^^^^^^^^^^^^^^^^^\n  File \"/usr/local/lib/python3.11/site-packages/selenium/webdriver/remote/webdriver.py\", line 740, in find_element\n    return self.execute(Command.FIND_ELEMENT, {\"using\": by, \"value\": value})[\"value\"]\n           ^^^^^^^^^^^^^^^^^^^^^^^^^^^^^^^^^^^^^^^^^^^^^^^^^^^^^^^^^^^^^^^^^\n  File \"/usr/local/lib/python3.11/site-packages/selenium/webdriver/remote/webdriver.py\", line 346, in execute\n    self.error_handler.check_response(response)\n  File \"/usr/local/lib/python3.11/site-packages/selenium/webdriver/remote/errorhandler.py\", line 245, in check_response\n    raise exception_class(message, screen, stacktrace)\n","steps":[],"attachments":[],"parameters":[],"stepsCount":0,"attachmentsCount":0,"hasContent":true,"shouldDisplayMessage":true}],"attachments":[{"uid":"60206b3b3bdcfea4","name":"Screenshot","source":"60206b3b3bdcfea4.png","type":"image/png","size":38590},{"uid":"a5b95e994277ecc7","name":"HTML source","source":"a5b95e994277ecc7.html","type":"text/html","size":404936}],"parameters":[],"stepsCount":8,"attachmentsCount":2,"hasContent":true,"shouldDisplayMessage":true},"afterStages":[{"name":"setup::0","time":{"start":1696209709119,"stop":1696209709119,"duration":0},"status":"passed","steps":[],"attachments":[],"parameters":[],"stepsCount":0,"attachmentsCount":0,"hasContent":false,"shouldDisplayMessage":false},{"name":"driver::0","time":{"start":1696209709119,"stop":1696209709185,"duration":66},"status":"passed","steps":[],"attachments":[],"parameters":[],"stepsCount":0,"attachmentsCount":0,"hasContent":false,"shouldDisplayMessage":false}],"labels":[{"name":"epic","value":"Sign In Page"},{"name":"tag","value":"smoke_test"},{"name":"tag","value":"@pytest.mark.xfail(reason='Появляется капча Яндекса при запуске теста на Github')"},{"name":"parentSuite","value":"tests.test_sign_in"},{"name":"suite","value":"test_sign_in_page"},{"name":"subSuite","value":"TestSignInPage"},{"name":"host","value":"a6428eec7701"},{"name":"thread","value":"1-MainThread"},{"name":"framework","value":"pytest"},{"name":"language","value":"cpython3"},{"name":"package","value":"tests.test_sign_in.test_sign_in_page"},{"name":"resultFormat","value":"allure2"}],"parameters":[],"links":[],"hidden":false,"retry":false,"extra":{"severity":"normal","retries":[],"categories":[],"history":{"statistic":{"failed":1,"broken":13,"skipped":60,"passed":3,"unknown":0,"total":77},"items":[{"uid":"d27df672bd633dd8","reportUrl":"https://zaelcovsky.github.io/StroyremAutomation/96//#testresult/d27df672bd633dd8","status":"skipped","statusDetails":"XFAIL Появляется капча Яндекса при запуске теста на Github\n\nselenium.common.exceptions.NoSuchElementException: Message: no such element: Unable to locate element: {\"method\":\"css selector\",\"selector\":\"button[data-t='button:clear']\"}\n  (Session info: headless chrome=117.0.5938.92); For documentation on this error, please visit: https://www.selenium.dev/documentation/webdriver/troubleshooting/errors#no-such-element-exception\nStacktrace:\n#0 0x5586fe3c76b3 <unknown>\n#1 0x5586fe09d1e7 <unknown>\n#2 0x5586fe0e4566 <unknown>\n#3 0x5586fe0e4651 <unknown>\n#4 0x5586fe121a74 <unknown>\n#5 0x5586fe1060ed <unknown>\n#6 0x5586fe11f322 <unknown>\n#7 0x5586fe105e93 <unknown>\n#8 0x5586fe0d8934 <unknown>\n#9 0x5586fe0d971e <unknown>\n#10 0x5586fe38ccb8 <unknown>\n#11 0x5586fe390bf0 <unknown>\n#12 0x5586fe39b19c <unknown>\n#13 0x5586fe391808 <unknown>\n#14 0x5586fe35e27f <unknown>\n#15 0x5586fe3b5e88 <unknown>\n#16 0x5586fe3b6059 <unknown>\n#17 0x5586fe3c6843 <unknown>\n#18 0x7f457f468044 <unknown>","time":{"start":1696123816428,"stop":1696123821556,"duration":5128}},{"uid":"57c4bb4fbb22c316","reportUrl":"https://zaelcovsky.github.io/StroyremAutomation/95//#testresult/57c4bb4fbb22c316","status":"skipped","statusDetails":"XFAIL Появляется капча Яндекса при запуске теста на Github\n\nselenium.common.exceptions.NoSuchElementException: Message: no such element: Unable to locate element: {\"method\":\"css selector\",\"selector\":\"button[data-t='button:clear']\"}\n  (Session info: headless chrome=117.0.5938.92); For documentation on this error, please visit: https://www.selenium.dev/documentation/webdriver/troubleshooting/errors#no-such-element-exception\nStacktrace:\n#0 0x563ba3a3d6b3 <unknown>\n#1 0x563ba37131e7 <unknown>\n#2 0x563ba375a566 <unknown>\n#3 0x563ba375a651 <unknown>\n#4 0x563ba3797a74 <unknown>\n#5 0x563ba377c0ed <unknown>\n#6 0x563ba3795322 <unknown>\n#7 0x563ba377be93 <unknown>\n#8 0x563ba374e934 <unknown>\n#9 0x563ba374f71e <unknown>\n#10 0x563ba3a02cb8 <unknown>\n#11 0x563ba3a06bf0 <unknown>\n#12 0x563ba3a1119c <unknown>\n#13 0x563ba3a07808 <unknown>\n#14 0x563ba39d427f <unknown>\n#15 0x563ba3a2be88 <unknown>\n#16 0x563ba3a2c059 <unknown>\n#17 0x563ba3a3c843 <unknown>\n#18 0x7ff312968044 <unknown>","time":{"start":1696036617839,"stop":1696036621160,"duration":3321}},{"uid":"661406f6787fb589","reportUrl":"https://zaelcovsky.github.io/StroyremAutomation/94//#testresult/661406f6787fb589","status":"skipped","statusDetails":"XFAIL Появляется капча Яндекса при запуске теста на Github\n\nselenium.common.exceptions.NoSuchElementException: Message: no such element: Unable to locate element: {\"method\":\"css selector\",\"selector\":\"button[data-t='button:clear']\"}\n  (Session info: headless chrome=117.0.5938.92); For documentation on this error, please visit: https://www.selenium.dev/documentation/webdriver/troubleshooting/errors#no-such-element-exception\nStacktrace:\n#0 0x55f65879c6b3 <unknown>\n#1 0x55f6584721e7 <unknown>\n#2 0x55f6584b9566 <unknown>\n#3 0x55f6584b9651 <unknown>\n#4 0x55f6584f6a74 <unknown>\n#5 0x55f6584db0ed <unknown>\n#6 0x55f6584f4322 <unknown>\n#7 0x55f6584dae93 <unknown>\n#8 0x55f6584ad934 <unknown>\n#9 0x55f6584ae71e <unknown>\n#10 0x55f658761cb8 <unknown>\n#11 0x55f658765bf0 <unknown>\n#12 0x55f65877019c <unknown>\n#13 0x55f658766808 <unknown>\n#14 0x55f65873327f <unknown>\n#15 0x55f65878ae88 <unknown>\n#16 0x55f65878b059 <unknown>\n#17 0x55f65879b843 <unknown>\n#18 0x7fc521c5d044 <unknown>","time":{"start":1695950317666,"stop":1695950321272,"duration":3606}},{"uid":"7a402f47d1ed02e9","reportUrl":"https://zaelcovsky.github.io/StroyremAutomation/93//#testresult/7a402f47d1ed02e9","status":"skipped","statusDetails":"XFAIL Появляется капча Яндекса при запуске теста на Github\n\nselenium.common.exceptions.TimeoutException: Message:","time":{"start":1695863910990,"stop":1695863936017,"duration":25027}},{"uid":"38af3c003953e1fb","reportUrl":"https://zaelcovsky.github.io/StroyremAutomation/92//#testresult/38af3c003953e1fb","status":"skipped","statusDetails":"XFAIL Появляется капча Яндекса при запуске теста на Github\n\nselenium.common.exceptions.TimeoutException: Message:","time":{"start":1695777853252,"stop":1695777878753,"duration":25501}},{"uid":"284a1d6136235c72","reportUrl":"https://zaelcovsky.github.io/StroyremAutomation/91//#testresult/284a1d6136235c72","status":"skipped","statusDetails":"XFAIL Появляется капча Яндекса при запуске теста на Github\n\nselenium.common.exceptions.NoSuchElementException: Message: no such element: Unable to locate element: {\"method\":\"css selector\",\"selector\":\"button[data-t='button:clear']\"}\n  (Session info: headless chrome=117.0.5938.92); For documentation on this error, please visit: https://www.selenium.dev/documentation/webdriver/troubleshooting/errors#no-such-element-exception\nStacktrace:\n#0 0x556f28bc16b3 <unknown>\n#1 0x556f288971e7 <unknown>\n#2 0x556f288de566 <unknown>\n#3 0x556f288de651 <unknown>\n#4 0x556f2891ba74 <unknown>\n#5 0x556f289000ed <unknown>\n#6 0x556f28919322 <unknown>\n#7 0x556f288ffe93 <unknown>\n#8 0x556f288d2934 <unknown>\n#9 0x556f288d371e <unknown>\n#10 0x556f28b86cb8 <unknown>\n#11 0x556f28b8abf0 <unknown>\n#12 0x556f28b9519c <unknown>\n#13 0x556f28b8b808 <unknown>\n#14 0x556f28b5827f <unknown>\n#15 0x556f28bafe88 <unknown>\n#16 0x556f28bb0059 <unknown>\n#17 0x556f28bc0843 <unknown>\n#18 0x7fd8df4b9044 <unknown>","time":{"start":1695691386493,"stop":1695691391554,"duration":5061}},{"uid":"ab8ffa42943ec62d","reportUrl":"https://zaelcovsky.github.io/StroyremAutomation/90//#testresult/ab8ffa42943ec62d","status":"skipped","statusDetails":"XFAIL Появляется капча Яндекса при запуске теста на Github\n\nselenium.common.exceptions.TimeoutException: Message:","time":{"start":1695604746859,"stop":1695604771265,"duration":24406}},{"uid":"ca1782a6d70225ec","reportUrl":"https://zaelcovsky.github.io/StroyremAutomation/89//#testresult/ca1782a6d70225ec","status":"skipped","statusDetails":"XFAIL Появляется капча Яндекса при запуске теста на Github\n\nselenium.common.exceptions.NoSuchElementException: Message: no such element: Unable to locate element: {\"method\":\"css selector\",\"selector\":\"button[data-t='button:clear']\"}\n  (Session info: headless chrome=117.0.5938.92); For documentation on this error, please visit: https://www.selenium.dev/documentation/webdriver/troubleshooting/errors#no-such-element-exception\nStacktrace:\n#0 0x560fb18266b3 <unknown>\n#1 0x560fb14fc1e7 <unknown>\n#2 0x560fb1543566 <unknown>\n#3 0x560fb1543651 <unknown>\n#4 0x560fb1580a74 <unknown>\n#5 0x560fb15650ed <unknown>\n#6 0x560fb157e322 <unknown>\n#7 0x560fb1564e93 <unknown>\n#8 0x560fb1537934 <unknown>\n#9 0x560fb153871e <unknown>\n#10 0x560fb17ebcb8 <unknown>\n#11 0x560fb17efbf0 <unknown>\n#12 0x560fb17fa19c <unknown>\n#13 0x560fb17f0808 <unknown>\n#14 0x560fb17bd27f <unknown>\n#15 0x560fb1814e88 <unknown>\n#16 0x560fb1815059 <unknown>\n#17 0x560fb1825843 <unknown>\n#18 0x7f7712adc044 <unknown>","time":{"start":1695518650846,"stop":1695518655534,"duration":4688}},{"uid":"5b875602fa7bc316","reportUrl":"https://zaelcovsky.github.io/StroyremAutomation/88//#testresult/5b875602fa7bc316","status":"skipped","statusDetails":"XFAIL Появляется капча Яндекса при запуске теста на Github\n\nselenium.common.exceptions.NoSuchElementException: Message: no such element: Unable to locate element: {\"method\":\"css selector\",\"selector\":\"button[data-t='button:clear']\"}\n  (Session info: headless chrome=117.0.5938.92); For documentation on this error, please visit: https://www.selenium.dev/documentation/webdriver/troubleshooting/errors#no-such-element-exception\nStacktrace:\n#0 0x56221beeb6b3 <unknown>\n#1 0x56221bbc11e7 <unknown>\n#2 0x56221bc08566 <unknown>\n#3 0x56221bc08651 <unknown>\n#4 0x56221bc45a74 <unknown>\n#5 0x56221bc2a0ed <unknown>\n#6 0x56221bc43322 <unknown>\n#7 0x56221bc29e93 <unknown>\n#8 0x56221bbfc934 <unknown>\n#9 0x56221bbfd71e <unknown>\n#10 0x56221beb0cb8 <unknown>\n#11 0x56221beb4bf0 <unknown>\n#12 0x56221bebf19c <unknown>\n#13 0x56221beb5808 <unknown>\n#14 0x56221be8227f <unknown>\n#15 0x56221bed9e88 <unknown>\n#16 0x56221beda059 <unknown>\n#17 0x56221beea843 <unknown>\n#18 0x7fc0a4d89044 <unknown>","time":{"start":1695432049503,"stop":1695432054788,"duration":5285}},{"uid":"861585f5c43416f0","reportUrl":"https://zaelcovsky.github.io/StroyremAutomation/87//#testresult/861585f5c43416f0","status":"skipped","statusDetails":"XFAIL Появляется капча Яндекса при запуске теста на Github\n\nselenium.common.exceptions.TimeoutException: Message:","time":{"start":1695345518202,"stop":1695345542342,"duration":24140}},{"uid":"d23b887d069f102e","reportUrl":"https://zaelcovsky.github.io/StroyremAutomation/86//#testresult/d23b887d069f102e","status":"skipped","statusDetails":"XFAIL Появляется капча Яндекса при запуске теста на Github\n\nselenium.common.exceptions.TimeoutException: Message:","time":{"start":1695259059847,"stop":1695259084853,"duration":25006}},{"uid":"ba1a66b241c58358","reportUrl":"https://zaelcovsky.github.io/StroyremAutomation/85//#testresult/ba1a66b241c58358","status":"skipped","statusDetails":"XFAIL Появляется капча Яндекса при запуске теста на Github\n\nselenium.common.exceptions.NoSuchElementException: Message: no such element: Unable to locate element: {\"method\":\"css selector\",\"selector\":\"button[data-t='button:clear']\"}\n  (Session info: headless chrome=117.0.5938.88); For documentation on this error, please visit: https://www.selenium.dev/documentation/webdriver/troubleshooting/errors#no-such-element-exception\nStacktrace:\n#0 0x55b1b16536c3 <unknown>\n#1 0x55b1b13291e7 <unknown>\n#2 0x55b1b1370566 <unknown>\n#3 0x55b1b1370651 <unknown>\n#4 0x55b1b13ada74 <unknown>\n#5 0x55b1b13920ed <unknown>\n#6 0x55b1b13ab322 <unknown>\n#7 0x55b1b1391e93 <unknown>\n#8 0x55b1b1364934 <unknown>\n#9 0x55b1b136571e <unknown>\n#10 0x55b1b1618cc8 <unknown>\n#11 0x55b1b161cc00 <unknown>\n#12 0x55b1b16271ac <unknown>\n#13 0x55b1b161d818 <unknown>\n#14 0x55b1b15ea28f <unknown>\n#15 0x55b1b1641e98 <unknown>\n#16 0x55b1b1642069 <unknown>\n#17 0x55b1b1652853 <unknown>\n#18 0x7fc9b1740044 <unknown>","time":{"start":1695173053275,"stop":1695173058337,"duration":5062}},{"uid":"7b67b7650c17d065","reportUrl":"https://zaelcovsky.github.io/StroyremAutomation/84//#testresult/7b67b7650c17d065","status":"skipped","statusDetails":"XFAIL Появляется капча Яндекса при запуске теста на Github\n\nselenium.common.exceptions.TimeoutException: Message:","time":{"start":1695086449975,"stop":1695086474441,"duration":24466}},{"uid":"cfaafc922c40ea5f","reportUrl":"https://zaelcovsky.github.io/StroyremAutomation/83//#testresult/cfaafc922c40ea5f","status":"skipped","statusDetails":"XFAIL Появляется капча Яндекса при запуске теста на Github\n\nselenium.common.exceptions.NoSuchElementException: Message: no such element: Unable to locate element: {\"method\":\"css selector\",\"selector\":\"button[data-t='button:clear']\"}\n  (Session info: headless chrome=117.0.5938.88); For documentation on this error, please visit: https://www.selenium.dev/documentation/webdriver/troubleshooting/errors#no-such-element-exception\nStacktrace:\n#0 0x55e03aca76c3 <unknown>\n#1 0x55e03a97d1e7 <unknown>\n#2 0x55e03a9c4566 <unknown>\n#3 0x55e03a9c4651 <unknown>\n#4 0x55e03aa01a74 <unknown>\n#5 0x55e03a9e60ed <unknown>\n#6 0x55e03a9ff322 <unknown>\n#7 0x55e03a9e5e93 <unknown>\n#8 0x55e03a9b8934 <unknown>\n#9 0x55e03a9b971e <unknown>\n#10 0x55e03ac6ccc8 <unknown>\n#11 0x55e03ac70c00 <unknown>\n#12 0x55e03ac7b1ac <unknown>\n#13 0x55e03ac71818 <unknown>\n#14 0x55e03ac3e28f <unknown>\n#15 0x55e03ac95e98 <unknown>\n#16 0x55e03ac96069 <unknown>\n#17 0x55e03aca6853 <unknown>\n#18 0x7ff71c69e044 <unknown>","time":{"start":1695000164622,"stop":1695000169753,"duration":5131}},{"uid":"f447e8584db61b99","reportUrl":"https://zaelcovsky.github.io/StroyremAutomation/82//#testresult/f447e8584db61b99","status":"skipped","statusDetails":"XFAIL Появляется капча Яндекса при запуске теста на Github\n\nselenium.common.exceptions.TimeoutException: Message:","time":{"start":1694913691347,"stop":1694913715703,"duration":24356}},{"uid":"c18d19deb1fbbd0b","reportUrl":"https://zaelcovsky.github.io/StroyremAutomation/81//#testresult/c18d19deb1fbbd0b","status":"skipped","statusDetails":"XFAIL Появляется капча Яндекса при запуске теста на Github\n\nselenium.common.exceptions.NoSuchElementException: Message: no such element: Unable to locate element: {\"method\":\"css selector\",\"selector\":\"button[data-t='button:clear']\"}\n  (Session info: headless chrome=117.0.5938.88); For documentation on this error, please visit: https://www.selenium.dev/documentation/webdriver/troubleshooting/errors#no-such-element-exception\nStacktrace:\n#0 0x5600f01996c3 <unknown>\n#1 0x5600efe6f1e7 <unknown>\n#2 0x5600efeb6566 <unknown>\n#3 0x5600efeb6651 <unknown>\n#4 0x5600efef3a74 <unknown>\n#5 0x5600efed80ed <unknown>\n#6 0x5600efef1322 <unknown>\n#7 0x5600efed7e93 <unknown>\n#8 0x5600efeaa934 <unknown>\n#9 0x5600efeab71e <unknown>\n#10 0x5600f015ecc8 <unknown>\n#11 0x5600f0162c00 <unknown>\n#12 0x5600f016d1ac <unknown>\n#13 0x5600f0163818 <unknown>\n#14 0x5600f013028f <unknown>\n#15 0x5600f0187e98 <unknown>\n#16 0x5600f0188069 <unknown>\n#17 0x5600f0198853 <unknown>\n#18 0x7ff5b6f02044 <unknown>","time":{"start":1694827228718,"stop":1694827233899,"duration":5181}},{"uid":"4b31714a730062b5","reportUrl":"https://zaelcovsky.github.io/StroyremAutomation/80//#testresult/4b31714a730062b5","status":"skipped","statusDetails":"XFAIL Появляется капча Яндекса при запуске теста на Github\n\nselenium.common.exceptions.TimeoutException: Message:","time":{"start":1694740734936,"stop":1694740762799,"duration":27863}},{"uid":"f7d529cd3075fa29","reportUrl":"https://zaelcovsky.github.io/StroyremAutomation/79//#testresult/f7d529cd3075fa29","status":"skipped","statusDetails":"XFAIL Появляется капча Яндекса при запуске теста на Github\n\nselenium.common.exceptions.NoSuchElementException: Message: no such element: Unable to locate element: {\"method\":\"css selector\",\"selector\":\"button[data-t='button:clear']\"}\n  (Session info: headless chrome=117.0.5938.62); For documentation on this error, please visit: https://www.selenium.dev/documentation/webdriver/troubleshooting/errors#no-such-element-exception\nStacktrace:\n#0 0x55a5d67e8693 <unknown>\n#1 0x55a5d64be1e7 <unknown>\n#2 0x55a5d6505566 <unknown>\n#3 0x55a5d6505651 <unknown>\n#4 0x55a5d6542a74 <unknown>\n#5 0x55a5d65270ed <unknown>\n#6 0x55a5d6540322 <unknown>\n#7 0x55a5d6526e93 <unknown>\n#8 0x55a5d64f9934 <unknown>\n#9 0x55a5d64fa71e <unknown>\n#10 0x55a5d67adc98 <unknown>\n#11 0x55a5d67b1bd0 <unknown>\n#12 0x55a5d67bc17c <unknown>\n#13 0x55a5d67b27e8 <unknown>\n#14 0x55a5d677f25f <unknown>\n#15 0x55a5d67d6e68 <unknown>\n#16 0x55a5d67d7039 <unknown>\n#17 0x55a5d67e7823 <unknown>\n#18 0x7f52343b2044 <unknown>","time":{"start":1694654734137,"stop":1694654739452,"duration":5315}},{"uid":"373c7be4c3dbc10f","reportUrl":"https://zaelcovsky.github.io/StroyremAutomation/78//#testresult/373c7be4c3dbc10f","status":"skipped","statusDetails":"XFAIL Появляется капча Яндекса при запуске теста на Github\n\nselenium.common.exceptions.InvalidCookieDomainException: Message: invalid cookie domain: Cookie 'domain' mismatch\n  (Session info: headless chrome=117.0.5938.62)\nStacktrace:\n#0 0x55fb109a8693 <unknown>\n#1 0x55fb1067e1e7 <unknown>\n#2 0x55fb107118fb <unknown>\n#3 0x55fb106e70c2 <unknown>\n#4 0x55fb10700322 <unknown>\n#5 0x55fb106e6e93 <unknown>\n#6 0x55fb106b9934 <unknown>\n#7 0x55fb106ba71e <unknown>\n#8 0x55fb1096dc98 <unknown>\n#9 0x55fb10971bd0 <unknown>\n#10 0x55fb1097c17c <unknown>\n#11 0x55fb109727e8 <unknown>\n#12 0x55fb1093f25f <unknown>\n#13 0x55fb10996e68 <unknown>\n#14 0x55fb10997039 <unknown>\n#15 0x55fb109a7823 <unknown>\n#16 0x7f48b1e3a044 <unknown>","time":{"start":1694568048903,"stop":1694568053303,"duration":4400}},{"uid":"184b95b90ea07d8","reportUrl":"https://zaelcovsky.github.io/StroyremAutomation/77//#testresult/184b95b90ea07d8","status":"skipped","statusDetails":"XFAIL Появляется капча Яндекса при запуске теста на Github\n\nselenium.common.exceptions.NoSuchElementException: Message: no such element: Unable to locate element: {\"method\":\"css selector\",\"selector\":\"button[data-t='button:clear']\"}\n  (Session info: headless chrome=116.0.5845.96); For documentation on this error, please visit: https://www.selenium.dev/documentation/webdriver/troubleshooting/errors#no-such-element-exception\nStacktrace:\n#0 0x562b29da7e23 <unknown>\n#1 0x562b29ad07a7 <unknown>\n#2 0x562b29b0f1d3 <unknown>\n#3 0x562b29b0f2c1 <unknown>\n#4 0x562b29b4aa04 <unknown>\n#5 0x562b29b3003d <unknown>\n#6 0x562b29b48369 <unknown>\n#7 0x562b29b2fde3 <unknown>\n#8 0x562b29b03a7b <unknown>\n#9 0x562b29b0481e <unknown>\n#10 0x562b29d69638 <unknown>\n#11 0x562b29d6d507 <unknown>\n#12 0x562b29d77c4c <unknown>\n#13 0x562b29d6e136 <unknown>\n#14 0x562b29d3c9cf <unknown>\n#15 0x562b29d91b98 <unknown>\n#16 0x562b29d91d68 <unknown>\n#17 0x562b29da0cb3 <unknown>\n#18 0x7f5ea01b6044 <unknown>","time":{"start":1694481887122,"stop":1694481892212,"duration":5090}}]},"tags":["@pytest.mark.xfail(reason='Появляется капча Яндекса при запуске теста на Github')","smoke_test"]},"source":"27e0f852c083e35f.json","parameterValues":[]}