{"uid":"138413acb8c4b8a7","name":"TC 005 - Функционал блока 'Советы от профессионалов ремонта'","fullName":"tests.test_main_page.TestMainPage#test_positive_building_advices2_smoke","historyId":"bdee61a288025e17b192e643677456fc","time":{"start":1706144891386,"stop":1706144891398,"duration":12},"status":"broken","statusMessage":"selenium.common.exceptions.NoSuchElementException: Message: no such element: Unable to locate element: {\"method\":\"xpath\",\"selector\":\"//div[@class='page-block articles-block']\"}\n  (Session info: chrome-headless-shell=121.0.6167.85); For documentation on this error, please visit: https://www.selenium.dev/documentation/webdriver/troubleshooting/errors#no-such-element-exception\nStacktrace:\n#0 0x55e9c6a61d93 <unknown>\n#1 0x55e9c6745337 <unknown>\n#2 0x55e9c6790d60 <unknown>\n#3 0x55e9c6790e51 <unknown>\n#4 0x55e9c67d4bc4 <unknown>\n#5 0x55e9c67b346d <unknown>\n#6 0x55e9c67d212d <unknown>\n#7 0x55e9c67b31e3 <unknown>\n#8 0x55e9c6783135 <unknown>\n#9 0x55e9c678413e <unknown>\n#10 0x55e9c6a25e4b <unknown>\n#11 0x55e9c6a29dfa <unknown>\n#12 0x55e9c6a126d5 <unknown>\n#13 0x55e9c6a2aa6f <unknown>\n#14 0x55e9c69f669f <unknown>\n#15 0x55e9c6a4f098 <unknown>\n#16 0x55e9c6a4f262 <unknown>\n#17 0x55e9c6a60f34 <unknown>\n#18 0x7f87decef044 <unknown>","statusTrace":"self = <tests.test_main_page.TestMainPage object at 0x7f95349ab950>\nmain_page = <pages.main_page.MainPage object at 0x7f9535191b50>\n\n    @allure.title(\"TC 005 - Функционал блока 'Советы от профессионалов ремонта'\")\n    @pytest.mark.smoke_test\n    def test_positive_building_advices2_smoke(self, main_page):\n>       items = main_page.get_building_advices_section()\n\ntests/test_main_page.py:55: \n_ _ _ _ _ _ _ _ _ _ _ _ _ _ _ _ _ _ _ _ _ _ _ _ _ _ _ _ _ _ _ _ _ _ _ _ _ _ _ _ \npages/main_page.py:78: in get_building_advices_section\n    section = self.driver.find_element(*self._building_advices_section)\n/usr/local/lib/python3.11/site-packages/selenium/webdriver/remote/webdriver.py:740: in find_element\n    return self.execute(Command.FIND_ELEMENT, {\"using\": by, \"value\": value})[\"value\"]\n/usr/local/lib/python3.11/site-packages/selenium/webdriver/remote/webdriver.py:346: in execute\n    self.error_handler.check_response(response)\n_ _ _ _ _ _ _ _ _ _ _ _ _ _ _ _ _ _ _ _ _ _ _ _ _ _ _ _ _ _ _ _ _ _ _ _ _ _ _ _ \n\nself = <selenium.webdriver.remote.errorhandler.ErrorHandler object at 0x7f95342a6d90>\nresponse = {'status': 404, 'value': '{\"value\":{\"error\":\"no such element\",\"message\":\"no such element: Unable to locate element: {\\...\\\\n#16 0x55e9c6a4f262 \\\\u003Cunknown>\\\\n#17 0x55e9c6a60f34 \\\\u003Cunknown>\\\\n#18 0x7f87decef044 \\\\u003Cunknown>\\\\n\"}}'}\n\n    def check_response(self, response: Dict[str, Any]) -> None:\n        \"\"\"Checks that a JSON response from the WebDriver does not have an\n        error.\n    \n        :Args:\n         - response - The JSON response from the WebDriver server as a dictionary\n           object.\n    \n        :Raises: If the response contains an error message.\n        \"\"\"\n        status = response.get(\"status\", None)\n        if not status or status == ErrorCode.SUCCESS:\n            return\n        value = None\n        message = response.get(\"message\", \"\")\n        screen: str = response.get(\"screen\", \"\")\n        stacktrace = None\n        if isinstance(status, int):\n            value_json = response.get(\"value\", None)\n            if value_json and isinstance(value_json, str):\n                import json\n    \n                try:\n                    value = json.loads(value_json)\n                    if len(value) == 1:\n                        value = value[\"value\"]\n                    status = value.get(\"error\", None)\n                    if not status:\n                        status = value.get(\"status\", ErrorCode.UNKNOWN_ERROR)\n                        message = value.get(\"value\") or value.get(\"message\")\n                        if not isinstance(message, str):\n                            value = message\n                            message = message.get(\"message\")\n                    else:\n                        message = value.get(\"message\", None)\n                except ValueError:\n                    pass\n    \n        exception_class: Type[WebDriverException]\n        if status in ErrorCode.NO_SUCH_ELEMENT:\n            exception_class = NoSuchElementException\n        elif status in ErrorCode.NO_SUCH_FRAME:\n            exception_class = NoSuchFrameException\n        elif status in ErrorCode.NO_SUCH_SHADOW_ROOT:\n            exception_class = NoSuchShadowRootException\n        elif status in ErrorCode.NO_SUCH_WINDOW:\n            exception_class = NoSuchWindowException\n        elif status in ErrorCode.STALE_ELEMENT_REFERENCE:\n            exception_class = StaleElementReferenceException\n        elif status in ErrorCode.ELEMENT_NOT_VISIBLE:\n            exception_class = ElementNotVisibleException\n        elif status in ErrorCode.INVALID_ELEMENT_STATE:\n            exception_class = InvalidElementStateException\n        elif (\n            status in ErrorCode.INVALID_SELECTOR\n            or status in ErrorCode.INVALID_XPATH_SELECTOR\n            or status in ErrorCode.INVALID_XPATH_SELECTOR_RETURN_TYPER\n        ):\n            exception_class = InvalidSelectorException\n        elif status in ErrorCode.ELEMENT_IS_NOT_SELECTABLE:\n            exception_class = ElementNotSelectableException\n        elif status in ErrorCode.ELEMENT_NOT_INTERACTABLE:\n            exception_class = ElementNotInteractableException\n        elif status in ErrorCode.INVALID_COOKIE_DOMAIN:\n            exception_class = InvalidCookieDomainException\n        elif status in ErrorCode.UNABLE_TO_SET_COOKIE:\n            exception_class = UnableToSetCookieException\n        elif status in ErrorCode.TIMEOUT:\n            exception_class = TimeoutException\n        elif status in ErrorCode.SCRIPT_TIMEOUT:\n            exception_class = TimeoutException\n        elif status in ErrorCode.UNKNOWN_ERROR:\n            exception_class = WebDriverException\n        elif status in ErrorCode.UNEXPECTED_ALERT_OPEN:\n            exception_class = UnexpectedAlertPresentException\n        elif status in ErrorCode.NO_ALERT_OPEN:\n            exception_class = NoAlertPresentException\n        elif status in ErrorCode.IME_NOT_AVAILABLE:\n            exception_class = ImeNotAvailableException\n        elif status in ErrorCode.IME_ENGINE_ACTIVATION_FAILED:\n            exception_class = ImeActivationFailedException\n        elif status in ErrorCode.MOVE_TARGET_OUT_OF_BOUNDS:\n            exception_class = MoveTargetOutOfBoundsException\n        elif status in ErrorCode.JAVASCRIPT_ERROR:\n            exception_class = JavascriptException\n        elif status in ErrorCode.SESSION_NOT_CREATED:\n            exception_class = SessionNotCreatedException\n        elif status in ErrorCode.INVALID_ARGUMENT:\n            exception_class = InvalidArgumentException\n        elif status in ErrorCode.NO_SUCH_COOKIE:\n            exception_class = NoSuchCookieException\n        elif status in ErrorCode.UNABLE_TO_CAPTURE_SCREEN:\n            exception_class = ScreenshotException\n        elif status in ErrorCode.ELEMENT_CLICK_INTERCEPTED:\n            exception_class = ElementClickInterceptedException\n        elif status in ErrorCode.INSECURE_CERTIFICATE:\n            exception_class = InsecureCertificateException\n        elif status in ErrorCode.INVALID_COORDINATES:\n            exception_class = InvalidCoordinatesException\n        elif status in ErrorCode.INVALID_SESSION_ID:\n            exception_class = InvalidSessionIdException\n        elif status in ErrorCode.UNKNOWN_METHOD:\n            exception_class = UnknownMethodException\n        else:\n            exception_class = WebDriverException\n        if not value:\n            value = response[\"value\"]\n        if isinstance(value, str):\n            raise exception_class(value)\n        if message == \"\" and \"message\" in value:\n            message = value[\"message\"]\n    \n        screen = None  # type: ignore[assignment]\n        if \"screen\" in value:\n            screen = value[\"screen\"]\n    \n        stacktrace = None\n        st_value = value.get(\"stackTrace\") or value.get(\"stacktrace\")\n        if st_value:\n            if isinstance(st_value, str):\n                stacktrace = st_value.split(\"\\n\")\n            else:\n                stacktrace = []\n                try:\n                    for frame in st_value:\n                        line = frame.get(\"lineNumber\", \"\")\n                        file = frame.get(\"fileName\", \"<anonymous>\")\n                        if line:\n                            file = f\"{file}:{line}\"\n                        meth = frame.get(\"methodName\", \"<anonymous>\")\n                        if \"className\" in frame:\n                            meth = f\"{frame['className']}.{meth}\"\n                        msg = \"    at %s (%s)\"\n                        msg = msg % (meth, file)\n                        stacktrace.append(msg)\n                except TypeError:\n                    pass\n        if exception_class == UnexpectedAlertPresentException:\n            alert_text = None\n            if \"data\" in value:\n                alert_text = value[\"data\"].get(\"text\")\n            elif \"alert\" in value:\n                alert_text = value[\"alert\"].get(\"text\")\n            raise exception_class(message, screen, stacktrace, alert_text)  # type: ignore[call-arg]  # mypy is not smart enough here\n>       raise exception_class(message, screen, stacktrace)\nE       selenium.common.exceptions.NoSuchElementException: Message: no such element: Unable to locate element: {\"method\":\"xpath\",\"selector\":\"//div[@class='page-block articles-block']\"}\nE         (Session info: chrome-headless-shell=121.0.6167.85); For documentation on this error, please visit: https://www.selenium.dev/documentation/webdriver/troubleshooting/errors#no-such-element-exception\nE       Stacktrace:\nE       #0 0x55e9c6a61d93 <unknown>\nE       #1 0x55e9c6745337 <unknown>\nE       #2 0x55e9c6790d60 <unknown>\nE       #3 0x55e9c6790e51 <unknown>\nE       #4 0x55e9c67d4bc4 <unknown>\nE       #5 0x55e9c67b346d <unknown>\nE       #6 0x55e9c67d212d <unknown>\nE       #7 0x55e9c67b31e3 <unknown>\nE       #8 0x55e9c6783135 <unknown>\nE       #9 0x55e9c678413e <unknown>\nE       #10 0x55e9c6a25e4b <unknown>\nE       #11 0x55e9c6a29dfa <unknown>\nE       #12 0x55e9c6a126d5 <unknown>\nE       #13 0x55e9c6a2aa6f <unknown>\nE       #14 0x55e9c69f669f <unknown>\nE       #15 0x55e9c6a4f098 <unknown>\nE       #16 0x55e9c6a4f262 <unknown>\nE       #17 0x55e9c6a60f34 <unknown>\nE       #18 0x7f87decef044 <unknown>\n\n/usr/local/lib/python3.11/site-packages/selenium/webdriver/remote/errorhandler.py:245: NoSuchElementException","flaky":false,"newFailed":false,"newBroken":false,"newPassed":false,"retriesCount":0,"retriesStatusChange":false,"beforeStages":[{"name":"_session_faker","time":{"start":1706144804606,"stop":1706144804672,"duration":66},"status":"passed","steps":[],"attachments":[],"parameters":[],"shouldDisplayMessage":false,"stepsCount":0,"attachmentsCount":0,"hasContent":false,"attachmentStep":false},{"name":"clear_allure_results_folder","time":{"start":1706144804672,"stop":1706144804673,"duration":1},"status":"passed","steps":[],"attachments":[],"parameters":[],"shouldDisplayMessage":false,"stepsCount":0,"attachmentsCount":0,"hasContent":false,"attachmentStep":false},{"name":"driver","time":{"start":1706144890218,"stop":1706144890954,"duration":736},"status":"passed","steps":[],"attachments":[],"parameters":[],"shouldDisplayMessage":false,"stepsCount":0,"attachmentsCount":0,"hasContent":false,"attachmentStep":false},{"name":"main_page","time":{"start":1706144890954,"stop":1706144891386,"duration":432},"status":"passed","steps":[],"attachments":[],"parameters":[],"shouldDisplayMessage":false,"stepsCount":0,"attachmentsCount":0,"hasContent":false,"attachmentStep":false},{"name":"setup","time":{"start":1706144890954,"stop":1706144890954,"duration":0},"status":"passed","steps":[],"attachments":[],"parameters":[],"shouldDisplayMessage":false,"stepsCount":0,"attachmentsCount":0,"hasContent":false,"attachmentStep":false}],"testStage":{"status":"broken","statusMessage":"selenium.common.exceptions.NoSuchElementException: Message: no such element: Unable to locate element: {\"method\":\"xpath\",\"selector\":\"//div[@class='page-block articles-block']\"}\n  (Session info: chrome-headless-shell=121.0.6167.85); For documentation on this error, please visit: https://www.selenium.dev/documentation/webdriver/troubleshooting/errors#no-such-element-exception\nStacktrace:\n#0 0x55e9c6a61d93 <unknown>\n#1 0x55e9c6745337 <unknown>\n#2 0x55e9c6790d60 <unknown>\n#3 0x55e9c6790e51 <unknown>\n#4 0x55e9c67d4bc4 <unknown>\n#5 0x55e9c67b346d <unknown>\n#6 0x55e9c67d212d <unknown>\n#7 0x55e9c67b31e3 <unknown>\n#8 0x55e9c6783135 <unknown>\n#9 0x55e9c678413e <unknown>\n#10 0x55e9c6a25e4b <unknown>\n#11 0x55e9c6a29dfa <unknown>\n#12 0x55e9c6a126d5 <unknown>\n#13 0x55e9c6a2aa6f <unknown>\n#14 0x55e9c69f669f <unknown>\n#15 0x55e9c6a4f098 <unknown>\n#16 0x55e9c6a4f262 <unknown>\n#17 0x55e9c6a60f34 <unknown>\n#18 0x7f87decef044 <unknown>","statusTrace":"self = <tests.test_main_page.TestMainPage object at 0x7f95349ab950>\nmain_page = <pages.main_page.MainPage object at 0x7f9535191b50>\n\n    @allure.title(\"TC 005 - Функционал блока 'Советы от профессионалов ремонта'\")\n    @pytest.mark.smoke_test\n    def test_positive_building_advices2_smoke(self, main_page):\n>       items = main_page.get_building_advices_section()\n\ntests/test_main_page.py:55: \n_ _ _ _ _ _ _ _ _ _ _ _ _ _ _ _ _ _ _ _ _ _ _ _ _ _ _ _ _ _ _ _ _ _ _ _ _ _ _ _ \npages/main_page.py:78: in get_building_advices_section\n    section = self.driver.find_element(*self._building_advices_section)\n/usr/local/lib/python3.11/site-packages/selenium/webdriver/remote/webdriver.py:740: in find_element\n    return self.execute(Command.FIND_ELEMENT, {\"using\": by, \"value\": value})[\"value\"]\n/usr/local/lib/python3.11/site-packages/selenium/webdriver/remote/webdriver.py:346: in execute\n    self.error_handler.check_response(response)\n_ _ _ _ _ _ _ _ _ _ _ _ _ _ _ _ _ _ _ _ _ _ _ _ _ _ _ _ _ _ _ _ _ _ _ _ _ _ _ _ \n\nself = <selenium.webdriver.remote.errorhandler.ErrorHandler object at 0x7f95342a6d90>\nresponse = {'status': 404, 'value': '{\"value\":{\"error\":\"no such element\",\"message\":\"no such element: Unable to locate element: {\\...\\\\n#16 0x55e9c6a4f262 \\\\u003Cunknown>\\\\n#17 0x55e9c6a60f34 \\\\u003Cunknown>\\\\n#18 0x7f87decef044 \\\\u003Cunknown>\\\\n\"}}'}\n\n    def check_response(self, response: Dict[str, Any]) -> None:\n        \"\"\"Checks that a JSON response from the WebDriver does not have an\n        error.\n    \n        :Args:\n         - response - The JSON response from the WebDriver server as a dictionary\n           object.\n    \n        :Raises: If the response contains an error message.\n        \"\"\"\n        status = response.get(\"status\", None)\n        if not status or status == ErrorCode.SUCCESS:\n            return\n        value = None\n        message = response.get(\"message\", \"\")\n        screen: str = response.get(\"screen\", \"\")\n        stacktrace = None\n        if isinstance(status, int):\n            value_json = response.get(\"value\", None)\n            if value_json and isinstance(value_json, str):\n                import json\n    \n                try:\n                    value = json.loads(value_json)\n                    if len(value) == 1:\n                        value = value[\"value\"]\n                    status = value.get(\"error\", None)\n                    if not status:\n                        status = value.get(\"status\", ErrorCode.UNKNOWN_ERROR)\n                        message = value.get(\"value\") or value.get(\"message\")\n                        if not isinstance(message, str):\n                            value = message\n                            message = message.get(\"message\")\n                    else:\n                        message = value.get(\"message\", None)\n                except ValueError:\n                    pass\n    \n        exception_class: Type[WebDriverException]\n        if status in ErrorCode.NO_SUCH_ELEMENT:\n            exception_class = NoSuchElementException\n        elif status in ErrorCode.NO_SUCH_FRAME:\n            exception_class = NoSuchFrameException\n        elif status in ErrorCode.NO_SUCH_SHADOW_ROOT:\n            exception_class = NoSuchShadowRootException\n        elif status in ErrorCode.NO_SUCH_WINDOW:\n            exception_class = NoSuchWindowException\n        elif status in ErrorCode.STALE_ELEMENT_REFERENCE:\n            exception_class = StaleElementReferenceException\n        elif status in ErrorCode.ELEMENT_NOT_VISIBLE:\n            exception_class = ElementNotVisibleException\n        elif status in ErrorCode.INVALID_ELEMENT_STATE:\n            exception_class = InvalidElementStateException\n        elif (\n            status in ErrorCode.INVALID_SELECTOR\n            or status in ErrorCode.INVALID_XPATH_SELECTOR\n            or status in ErrorCode.INVALID_XPATH_SELECTOR_RETURN_TYPER\n        ):\n            exception_class = InvalidSelectorException\n        elif status in ErrorCode.ELEMENT_IS_NOT_SELECTABLE:\n            exception_class = ElementNotSelectableException\n        elif status in ErrorCode.ELEMENT_NOT_INTERACTABLE:\n            exception_class = ElementNotInteractableException\n        elif status in ErrorCode.INVALID_COOKIE_DOMAIN:\n            exception_class = InvalidCookieDomainException\n        elif status in ErrorCode.UNABLE_TO_SET_COOKIE:\n            exception_class = UnableToSetCookieException\n        elif status in ErrorCode.TIMEOUT:\n            exception_class = TimeoutException\n        elif status in ErrorCode.SCRIPT_TIMEOUT:\n            exception_class = TimeoutException\n        elif status in ErrorCode.UNKNOWN_ERROR:\n            exception_class = WebDriverException\n        elif status in ErrorCode.UNEXPECTED_ALERT_OPEN:\n            exception_class = UnexpectedAlertPresentException\n        elif status in ErrorCode.NO_ALERT_OPEN:\n            exception_class = NoAlertPresentException\n        elif status in ErrorCode.IME_NOT_AVAILABLE:\n            exception_class = ImeNotAvailableException\n        elif status in ErrorCode.IME_ENGINE_ACTIVATION_FAILED:\n            exception_class = ImeActivationFailedException\n        elif status in ErrorCode.MOVE_TARGET_OUT_OF_BOUNDS:\n            exception_class = MoveTargetOutOfBoundsException\n        elif status in ErrorCode.JAVASCRIPT_ERROR:\n            exception_class = JavascriptException\n        elif status in ErrorCode.SESSION_NOT_CREATED:\n            exception_class = SessionNotCreatedException\n        elif status in ErrorCode.INVALID_ARGUMENT:\n            exception_class = InvalidArgumentException\n        elif status in ErrorCode.NO_SUCH_COOKIE:\n            exception_class = NoSuchCookieException\n        elif status in ErrorCode.UNABLE_TO_CAPTURE_SCREEN:\n            exception_class = ScreenshotException\n        elif status in ErrorCode.ELEMENT_CLICK_INTERCEPTED:\n            exception_class = ElementClickInterceptedException\n        elif status in ErrorCode.INSECURE_CERTIFICATE:\n            exception_class = InsecureCertificateException\n        elif status in ErrorCode.INVALID_COORDINATES:\n            exception_class = InvalidCoordinatesException\n        elif status in ErrorCode.INVALID_SESSION_ID:\n            exception_class = InvalidSessionIdException\n        elif status in ErrorCode.UNKNOWN_METHOD:\n            exception_class = UnknownMethodException\n        else:\n            exception_class = WebDriverException\n        if not value:\n            value = response[\"value\"]\n        if isinstance(value, str):\n            raise exception_class(value)\n        if message == \"\" and \"message\" in value:\n            message = value[\"message\"]\n    \n        screen = None  # type: ignore[assignment]\n        if \"screen\" in value:\n            screen = value[\"screen\"]\n    \n        stacktrace = None\n        st_value = value.get(\"stackTrace\") or value.get(\"stacktrace\")\n        if st_value:\n            if isinstance(st_value, str):\n                stacktrace = st_value.split(\"\\n\")\n            else:\n                stacktrace = []\n                try:\n                    for frame in st_value:\n                        line = frame.get(\"lineNumber\", \"\")\n                        file = frame.get(\"fileName\", \"<anonymous>\")\n                        if line:\n                            file = f\"{file}:{line}\"\n                        meth = frame.get(\"methodName\", \"<anonymous>\")\n                        if \"className\" in frame:\n                            meth = f\"{frame['className']}.{meth}\"\n                        msg = \"    at %s (%s)\"\n                        msg = msg % (meth, file)\n                        stacktrace.append(msg)\n                except TypeError:\n                    pass\n        if exception_class == UnexpectedAlertPresentException:\n            alert_text = None\n            if \"data\" in value:\n                alert_text = value[\"data\"].get(\"text\")\n            elif \"alert\" in value:\n                alert_text = value[\"alert\"].get(\"text\")\n            raise exception_class(message, screen, stacktrace, alert_text)  # type: ignore[call-arg]  # mypy is not smart enough here\n>       raise exception_class(message, screen, stacktrace)\nE       selenium.common.exceptions.NoSuchElementException: Message: no such element: Unable to locate element: {\"method\":\"xpath\",\"selector\":\"//div[@class='page-block articles-block']\"}\nE         (Session info: chrome-headless-shell=121.0.6167.85); For documentation on this error, please visit: https://www.selenium.dev/documentation/webdriver/troubleshooting/errors#no-such-element-exception\nE       Stacktrace:\nE       #0 0x55e9c6a61d93 <unknown>\nE       #1 0x55e9c6745337 <unknown>\nE       #2 0x55e9c6790d60 <unknown>\nE       #3 0x55e9c6790e51 <unknown>\nE       #4 0x55e9c67d4bc4 <unknown>\nE       #5 0x55e9c67b346d <unknown>\nE       #6 0x55e9c67d212d <unknown>\nE       #7 0x55e9c67b31e3 <unknown>\nE       #8 0x55e9c6783135 <unknown>\nE       #9 0x55e9c678413e <unknown>\nE       #10 0x55e9c6a25e4b <unknown>\nE       #11 0x55e9c6a29dfa <unknown>\nE       #12 0x55e9c6a126d5 <unknown>\nE       #13 0x55e9c6a2aa6f <unknown>\nE       #14 0x55e9c69f669f <unknown>\nE       #15 0x55e9c6a4f098 <unknown>\nE       #16 0x55e9c6a4f262 <unknown>\nE       #17 0x55e9c6a60f34 <unknown>\nE       #18 0x7f87decef044 <unknown>\n\n/usr/local/lib/python3.11/site-packages/selenium/webdriver/remote/errorhandler.py:245: NoSuchElementException","steps":[{"name":"Проверка функциональности блока 'Советы от профессионалов ремонта'","time":{"start":1706144891386,"stop":1706144891398,"duration":12},"status":"broken","statusMessage":"selenium.common.exceptions.NoSuchElementException: Message: no such element: Unable to locate element: {\"method\":\"xpath\",\"selector\":\"//div[@class='page-block articles-block']\"}\n  (Session info: chrome-headless-shell=121.0.6167.85); For documentation on this error, please visit: https://www.selenium.dev/documentation/webdriver/troubleshooting/errors#no-such-element-exception\nStacktrace:\n#0 0x55e9c6a61d93 <unknown>\n#1 0x55e9c6745337 <unknown>\n#2 0x55e9c6790d60 <unknown>\n#3 0x55e9c6790e51 <unknown>\n#4 0x55e9c67d4bc4 <unknown>\n#5 0x55e9c67b346d <unknown>\n#6 0x55e9c67d212d <unknown>\n#7 0x55e9c67b31e3 <unknown>\n#8 0x55e9c6783135 <unknown>\n#9 0x55e9c678413e <unknown>\n#10 0x55e9c6a25e4b <unknown>\n#11 0x55e9c6a29dfa <unknown>\n#12 0x55e9c6a126d5 <unknown>\n#13 0x55e9c6a2aa6f <unknown>\n#14 0x55e9c69f669f <unknown>\n#15 0x55e9c6a4f098 <unknown>\n#16 0x55e9c6a4f262 <unknown>\n#17 0x55e9c6a60f34 <unknown>\n#18 0x7f87decef044 <unknown>\n\n","statusTrace":"  File \"/usr/local/lib/python3.11/site-packages/allure_commons/_allure.py\", line 192, in impl\n    return func(*a, **kw)\n           ^^^^^^^^^^^^^^\n  File \"/app/pages/main_page.py\", line 78, in get_building_advices_section\n    section = self.driver.find_element(*self._building_advices_section)\n              ^^^^^^^^^^^^^^^^^^^^^^^^^^^^^^^^^^^^^^^^^^^^^^^^^^^^^^^^^\n  File \"/usr/local/lib/python3.11/site-packages/selenium/webdriver/remote/webdriver.py\", line 740, in find_element\n    return self.execute(Command.FIND_ELEMENT, {\"using\": by, \"value\": value})[\"value\"]\n           ^^^^^^^^^^^^^^^^^^^^^^^^^^^^^^^^^^^^^^^^^^^^^^^^^^^^^^^^^^^^^^^^^\n  File \"/usr/local/lib/python3.11/site-packages/selenium/webdriver/remote/webdriver.py\", line 346, in execute\n    self.error_handler.check_response(response)\n  File \"/usr/local/lib/python3.11/site-packages/selenium/webdriver/remote/errorhandler.py\", line 245, in check_response\n    raise exception_class(message, screen, stacktrace)\n","steps":[],"attachments":[],"parameters":[],"shouldDisplayMessage":true,"stepsCount":0,"attachmentsCount":0,"hasContent":true,"attachmentStep":false}],"attachments":[{"uid":"909f600609541434","name":"Screenshot","source":"909f600609541434.png","type":"image/png","size":39106},{"uid":"c6eb88bdc93325d8","name":"HTML source","source":"c6eb88bdc93325d8.html","type":"text/html","size":538}],"parameters":[],"shouldDisplayMessage":true,"stepsCount":1,"attachmentsCount":2,"hasContent":true,"attachmentStep":false},"afterStages":[{"name":"setup::0","time":{"start":1706144891501,"stop":1706144891501,"duration":0},"status":"passed","steps":[],"attachments":[],"parameters":[],"shouldDisplayMessage":false,"stepsCount":0,"attachmentsCount":0,"hasContent":false,"attachmentStep":false},{"name":"driver::0","time":{"start":1706144891501,"stop":1706144891558,"duration":57},"status":"passed","steps":[],"attachments":[],"parameters":[],"shouldDisplayMessage":false,"stepsCount":0,"attachmentsCount":0,"hasContent":false,"attachmentStep":false}],"labels":[{"name":"epic","value":"Main Page"},{"name":"tag","value":"smoke_test"},{"name":"parentSuite","value":"tests"},{"name":"suite","value":"test_main_page"},{"name":"subSuite","value":"TestMainPage"},{"name":"host","value":"d57d391bf0de"},{"name":"thread","value":"1-MainThread"},{"name":"framework","value":"pytest"},{"name":"language","value":"cpython3"},{"name":"package","value":"tests.test_main_page"},{"name":"resultFormat","value":"allure2"}],"parameters":[{"name":"url","value":"'https://test2.stroyrem-nn.ru/'"}],"links":[],"hidden":false,"retry":false,"extra":{"severity":"normal","retries":[],"categories":[{"name":"Test defects","matchedStatuses":[],"flaky":false}],"history":{"statistic":{"failed":0,"broken":133,"skipped":0,"passed":36,"unknown":0,"total":169},"items":[{"uid":"5c106e2ae3084b2a","reportUrl":"https://zaelcovsky.github.io/StroyremAutomation/211//#testresult/5c106e2ae3084b2a","status":"broken","statusDetails":"selenium.common.exceptions.NoSuchElementException: Message: no such element: Unable to locate element: {\"method\":\"xpath\",\"selector\":\"//div[@class='page-block articles-block']\"}\n  (Session info: chrome-headless-shell=121.0.6167.85); For documentation on this error, please visit: https://www.selenium.dev/documentation/webdriver/troubleshooting/errors#no-such-element-exception\nStacktrace:\n#0 0x55a2b103ed93 <unknown>\n#1 0x55a2b0d22337 <unknown>\n#2 0x55a2b0d6dd60 <unknown>\n#3 0x55a2b0d6de51 <unknown>\n#4 0x55a2b0db1bc4 <unknown>\n#5 0x55a2b0d9046d <unknown>\n#6 0x55a2b0daf12d <unknown>\n#7 0x55a2b0d901e3 <unknown>\n#8 0x55a2b0d60135 <unknown>\n#9 0x55a2b0d6113e <unknown>\n#10 0x55a2b1002e4b <unknown>\n#11 0x55a2b1006dfa <unknown>\n#12 0x55a2b0fef6d5 <unknown>\n#13 0x55a2b1007a6f <unknown>\n#14 0x55a2b0fd369f <unknown>\n#15 0x55a2b102c098 <unknown>\n#16 0x55a2b102c262 <unknown>\n#17 0x55a2b103df34 <unknown>\n#18 0x7fed3a314044 <unknown>","time":{"start":1706058489686,"stop":1706058489699,"duration":13}},{"uid":"7850da12e4421e8b","reportUrl":"https://zaelcovsky.github.io/StroyremAutomation/210//#testresult/7850da12e4421e8b","status":"broken","statusDetails":"selenium.common.exceptions.NoSuchElementException: Message: no such element: Unable to locate element: {\"method\":\"xpath\",\"selector\":\"//div[@class='page-block articles-block']\"}\n  (Session info: chrome-headless-shell=120.0.6099.109); For documentation on this error, please visit: https://www.selenium.dev/documentation/webdriver/troubleshooting/errors#no-such-element-exception\nStacktrace:\n#0 0x5640d63c0f83 <unknown>\n#1 0x5640d6079cf7 <unknown>\n#2 0x5640d60c999e <unknown>\n#3 0x5640d60c9aa1 <unknown>\n#4 0x5640d6114d64 <unknown>\n#5 0x5640d60f30dd <unknown>\n#6 0x5640d6112006 <unknown>\n#7 0x5640d60f2e53 <unknown>\n#8 0x5640d60badd4 <unknown>\n#9 0x5640d60bc1de <unknown>\n#10 0x5640d6385531 <unknown>\n#11 0x5640d6389455 <unknown>\n#12 0x5640d6371f55 <unknown>\n#13 0x5640d638a0ef <unknown>\n#14 0x5640d635599f <unknown>\n#15 0x5640d63ae008 <unknown>\n#16 0x5640d63ae1d7 <unknown>\n#17 0x5640d63c0124 <unknown>\n#18 0x7f2ff495c044 <unknown>","time":{"start":1705972104433,"stop":1705972104446,"duration":13}},{"uid":"66c020809d16d5c6","reportUrl":"https://zaelcovsky.github.io/StroyremAutomation/209//#testresult/66c020809d16d5c6","status":"broken","statusDetails":"selenium.common.exceptions.NoSuchElementException: Message: no such element: Unable to locate element: {\"method\":\"xpath\",\"selector\":\"//div[@class='page-block articles-block']\"}\n  (Session info: chrome-headless-shell=120.0.6099.109); For documentation on this error, please visit: https://www.selenium.dev/documentation/webdriver/troubleshooting/errors#no-such-element-exception\nStacktrace:\n#0 0x55dbf6039f83 <unknown>\n#1 0x55dbf5cf2cf7 <unknown>\n#2 0x55dbf5d4299e <unknown>\n#3 0x55dbf5d42aa1 <unknown>\n#4 0x55dbf5d8dd64 <unknown>\n#5 0x55dbf5d6c0dd <unknown>\n#6 0x55dbf5d8b006 <unknown>\n#7 0x55dbf5d6be53 <unknown>\n#8 0x55dbf5d33dd4 <unknown>\n#9 0x55dbf5d351de <unknown>\n#10 0x55dbf5ffe531 <unknown>\n#11 0x55dbf6002455 <unknown>\n#12 0x55dbf5feaf55 <unknown>\n#13 0x55dbf60030ef <unknown>\n#14 0x55dbf5fce99f <unknown>\n#15 0x55dbf6027008 <unknown>\n#16 0x55dbf60271d7 <unknown>\n#17 0x55dbf6039124 <unknown>\n#18 0x7f57e44e3044 <unknown>","time":{"start":1705885779080,"stop":1705885779093,"duration":13}},{"uid":"24cb6544852d8ab9","reportUrl":"https://zaelcovsky.github.io/StroyremAutomation/208//#testresult/24cb6544852d8ab9","status":"broken","statusDetails":"selenium.common.exceptions.NoSuchElementException: Message: no such element: Unable to locate element: {\"method\":\"xpath\",\"selector\":\"//div[@class='page-block articles-block']\"}\n  (Session info: chrome-headless-shell=120.0.6099.109); For documentation on this error, please visit: https://www.selenium.dev/documentation/webdriver/troubleshooting/errors#no-such-element-exception\nStacktrace:\n#0 0x55e93d431f83 <unknown>\n#1 0x55e93d0eacf7 <unknown>\n#2 0x55e93d13a99e <unknown>\n#3 0x55e93d13aaa1 <unknown>\n#4 0x55e93d185d64 <unknown>\n#5 0x55e93d1640dd <unknown>\n#6 0x55e93d183006 <unknown>\n#7 0x55e93d163e53 <unknown>\n#8 0x55e93d12bdd4 <unknown>\n#9 0x55e93d12d1de <unknown>\n#10 0x55e93d3f6531 <unknown>\n#11 0x55e93d3fa455 <unknown>\n#12 0x55e93d3e2f55 <unknown>\n#13 0x55e93d3fb0ef <unknown>\n#14 0x55e93d3c699f <unknown>\n#15 0x55e93d41f008 <unknown>\n#16 0x55e93d41f1d7 <unknown>\n#17 0x55e93d431124 <unknown>\n#18 0x7f3473de4044 <unknown>","time":{"start":1705799505473,"stop":1705799505487,"duration":14}},{"uid":"ef46114fa4462003","reportUrl":"https://zaelcovsky.github.io/StroyremAutomation/207//#testresult/ef46114fa4462003","status":"broken","statusDetails":"selenium.common.exceptions.NoSuchElementException: Message: no such element: Unable to locate element: {\"method\":\"xpath\",\"selector\":\"//div[@class='page-block articles-block']\"}\n  (Session info: chrome-headless-shell=120.0.6099.109); For documentation on this error, please visit: https://www.selenium.dev/documentation/webdriver/troubleshooting/errors#no-such-element-exception\nStacktrace:\n#0 0x558b35f0cf83 <unknown>\n#1 0x558b35bc5cf7 <unknown>\n#2 0x558b35c1599e <unknown>\n#3 0x558b35c15aa1 <unknown>\n#4 0x558b35c60d64 <unknown>\n#5 0x558b35c3f0dd <unknown>\n#6 0x558b35c5e006 <unknown>\n#7 0x558b35c3ee53 <unknown>\n#8 0x558b35c06dd4 <unknown>\n#9 0x558b35c081de <unknown>\n#10 0x558b35ed1531 <unknown>\n#11 0x558b35ed5455 <unknown>\n#12 0x558b35ebdf55 <unknown>\n#13 0x558b35ed60ef <unknown>\n#14 0x558b35ea199f <unknown>\n#15 0x558b35efa008 <unknown>\n#16 0x558b35efa1d7 <unknown>\n#17 0x558b35f0c124 <unknown>\n#18 0x7f18717a0044 <unknown>","time":{"start":1705712764144,"stop":1705712764157,"duration":13}},{"uid":"8930c8a6f0228e3b","reportUrl":"https://zaelcovsky.github.io/StroyremAutomation/206//#testresult/8930c8a6f0228e3b","status":"broken","statusDetails":"selenium.common.exceptions.NoSuchElementException: Message: no such element: Unable to locate element: {\"method\":\"xpath\",\"selector\":\"//div[@class='page-block articles-block']\"}\n  (Session info: chrome-headless-shell=120.0.6099.109); For documentation on this error, please visit: https://www.selenium.dev/documentation/webdriver/troubleshooting/errors#no-such-element-exception\nStacktrace:\n#0 0x560051b9df83 <unknown>\n#1 0x560051856cf7 <unknown>\n#2 0x5600518a699e <unknown>\n#3 0x5600518a6aa1 <unknown>\n#4 0x5600518f1d64 <unknown>\n#5 0x5600518d00dd <unknown>\n#6 0x5600518ef006 <unknown>\n#7 0x5600518cfe53 <unknown>\n#8 0x560051897dd4 <unknown>\n#9 0x5600518991de <unknown>\n#10 0x560051b62531 <unknown>\n#11 0x560051b66455 <unknown>\n#12 0x560051b4ef55 <unknown>\n#13 0x560051b670ef <unknown>\n#14 0x560051b3299f <unknown>\n#15 0x560051b8b008 <unknown>\n#16 0x560051b8b1d7 <unknown>\n#17 0x560051b9d124 <unknown>\n#18 0x7f2527c45044 <unknown>","time":{"start":1705626430678,"stop":1705626430692,"duration":14}},{"uid":"ed03ee95b9d4449e","reportUrl":"https://zaelcovsky.github.io/StroyremAutomation/205//#testresult/ed03ee95b9d4449e","status":"broken","statusDetails":"selenium.common.exceptions.NoSuchElementException: Message: no such element: Unable to locate element: {\"method\":\"xpath\",\"selector\":\"//div[@class='page-block articles-block']\"}\n  (Session info: chrome-headless-shell=120.0.6099.109); For documentation on this error, please visit: https://www.selenium.dev/documentation/webdriver/troubleshooting/errors#no-such-element-exception\nStacktrace:\n#0 0x555ee4470f83 <unknown>\n#1 0x555ee4129cf7 <unknown>\n#2 0x555ee417999e <unknown>\n#3 0x555ee4179aa1 <unknown>\n#4 0x555ee41c4d64 <unknown>\n#5 0x555ee41a30dd <unknown>\n#6 0x555ee41c2006 <unknown>\n#7 0x555ee41a2e53 <unknown>\n#8 0x555ee416add4 <unknown>\n#9 0x555ee416c1de <unknown>\n#10 0x555ee4435531 <unknown>\n#11 0x555ee4439455 <unknown>\n#12 0x555ee4421f55 <unknown>\n#13 0x555ee443a0ef <unknown>\n#14 0x555ee440599f <unknown>\n#15 0x555ee445e008 <unknown>\n#16 0x555ee445e1d7 <unknown>\n#17 0x555ee4470124 <unknown>\n#18 0x7f5a89409044 <unknown>","time":{"start":1705540003738,"stop":1705540003751,"duration":13}},{"uid":"e3a07293cad6038b","reportUrl":"https://zaelcovsky.github.io/StroyremAutomation/204//#testresult/e3a07293cad6038b","status":"broken","statusDetails":"selenium.common.exceptions.NoSuchElementException: Message: no such element: Unable to locate element: {\"method\":\"xpath\",\"selector\":\"//div[@class='page-block articles-block']\"}\n  (Session info: chrome-headless-shell=120.0.6099.109); For documentation on this error, please visit: https://www.selenium.dev/documentation/webdriver/troubleshooting/errors#no-such-element-exception\nStacktrace:\n#0 0x564c2f6baf83 <unknown>\n#1 0x564c2f373cf7 <unknown>\n#2 0x564c2f3c399e <unknown>\n#3 0x564c2f3c3aa1 <unknown>\n#4 0x564c2f40ed64 <unknown>\n#5 0x564c2f3ed0dd <unknown>\n#6 0x564c2f40c006 <unknown>\n#7 0x564c2f3ece53 <unknown>\n#8 0x564c2f3b4dd4 <unknown>\n#9 0x564c2f3b61de <unknown>\n#10 0x564c2f67f531 <unknown>\n#11 0x564c2f683455 <unknown>\n#12 0x564c2f66bf55 <unknown>\n#13 0x564c2f6840ef <unknown>\n#14 0x564c2f64f99f <unknown>\n#15 0x564c2f6a8008 <unknown>\n#16 0x564c2f6a81d7 <unknown>\n#17 0x564c2f6ba124 <unknown>\n#18 0x7f2b48f1f044 <unknown>","time":{"start":1705453657195,"stop":1705453657208,"duration":13}},{"uid":"903e2a1c65ffd9a6","reportUrl":"https://zaelcovsky.github.io/StroyremAutomation/203//#testresult/903e2a1c65ffd9a6","status":"broken","statusDetails":"selenium.common.exceptions.NoSuchElementException: Message: no such element: Unable to locate element: {\"method\":\"xpath\",\"selector\":\"//div[@class='page-block articles-block']\"}\n  (Session info: chrome-headless-shell=120.0.6099.109); For documentation on this error, please visit: https://www.selenium.dev/documentation/webdriver/troubleshooting/errors#no-such-element-exception\nStacktrace:\n#0 0x5619d0878f83 <unknown>\n#1 0x5619d0531cf7 <unknown>\n#2 0x5619d058199e <unknown>\n#3 0x5619d0581aa1 <unknown>\n#4 0x5619d05ccd64 <unknown>\n#5 0x5619d05ab0dd <unknown>\n#6 0x5619d05ca006 <unknown>\n#7 0x5619d05aae53 <unknown>\n#8 0x5619d0572dd4 <unknown>\n#9 0x5619d05741de <unknown>\n#10 0x5619d083d531 <unknown>\n#11 0x5619d0841455 <unknown>\n#12 0x5619d0829f55 <unknown>\n#13 0x5619d08420ef <unknown>\n#14 0x5619d080d99f <unknown>\n#15 0x5619d0866008 <unknown>\n#16 0x5619d08661d7 <unknown>\n#17 0x5619d0878124 <unknown>\n#18 0x7f49a6729044 <unknown>","time":{"start":1705367228076,"stop":1705367228089,"duration":13}},{"uid":"f827cc8a43a20530","reportUrl":"https://zaelcovsky.github.io/StroyremAutomation/202//#testresult/f827cc8a43a20530","status":"broken","statusDetails":"selenium.common.exceptions.NoSuchElementException: Message: no such element: Unable to locate element: {\"method\":\"xpath\",\"selector\":\"//div[@class='page-block articles-block']\"}\n  (Session info: chrome-headless-shell=120.0.6099.109); For documentation on this error, please visit: https://www.selenium.dev/documentation/webdriver/troubleshooting/errors#no-such-element-exception\nStacktrace:\n#0 0x55701d435f83 <unknown>\n#1 0x55701d0eecf7 <unknown>\n#2 0x55701d13e99e <unknown>\n#3 0x55701d13eaa1 <unknown>\n#4 0x55701d189d64 <unknown>\n#5 0x55701d1680dd <unknown>\n#6 0x55701d187006 <unknown>\n#7 0x55701d167e53 <unknown>\n#8 0x55701d12fdd4 <unknown>\n#9 0x55701d1311de <unknown>\n#10 0x55701d3fa531 <unknown>\n#11 0x55701d3fe455 <unknown>\n#12 0x55701d3e6f55 <unknown>\n#13 0x55701d3ff0ef <unknown>\n#14 0x55701d3ca99f <unknown>\n#15 0x55701d423008 <unknown>\n#16 0x55701d4231d7 <unknown>\n#17 0x55701d435124 <unknown>\n#18 0x7fc8a57eb044 <unknown>","time":{"start":1705280944778,"stop":1705280944791,"duration":13}},{"uid":"9a75355ca5b1d735","reportUrl":"https://zaelcovsky.github.io/StroyremAutomation/201//#testresult/9a75355ca5b1d735","status":"broken","statusDetails":"selenium.common.exceptions.NoSuchElementException: Message: no such element: Unable to locate element: {\"method\":\"xpath\",\"selector\":\"//div[@class='page-block articles-block']\"}\n  (Session info: chrome-headless-shell=120.0.6099.109); For documentation on this error, please visit: https://www.selenium.dev/documentation/webdriver/troubleshooting/errors#no-such-element-exception\nStacktrace:\n#0 0x5561d4d22f83 <unknown>\n#1 0x5561d49dbcf7 <unknown>\n#2 0x5561d4a2b99e <unknown>\n#3 0x5561d4a2baa1 <unknown>\n#4 0x5561d4a76d64 <unknown>\n#5 0x5561d4a550dd <unknown>\n#6 0x5561d4a74006 <unknown>\n#7 0x5561d4a54e53 <unknown>\n#8 0x5561d4a1cdd4 <unknown>\n#9 0x5561d4a1e1de <unknown>\n#10 0x5561d4ce7531 <unknown>\n#11 0x5561d4ceb455 <unknown>\n#12 0x5561d4cd3f55 <unknown>\n#13 0x5561d4cec0ef <unknown>\n#14 0x5561d4cb799f <unknown>\n#15 0x5561d4d10008 <unknown>\n#16 0x5561d4d101d7 <unknown>\n#17 0x5561d4d22124 <unknown>\n#18 0x7f0f64872044 <unknown>","time":{"start":1705194711444,"stop":1705194711457,"duration":13}},{"uid":"dc68760dc3cc4088","reportUrl":"https://zaelcovsky.github.io/StroyremAutomation/200//#testresult/dc68760dc3cc4088","status":"broken","statusDetails":"selenium.common.exceptions.NoSuchElementException: Message: no such element: Unable to locate element: {\"method\":\"xpath\",\"selector\":\"//div[@class='page-block articles-block']\"}\n  (Session info: chrome-headless-shell=120.0.6099.109); For documentation on this error, please visit: https://www.selenium.dev/documentation/webdriver/troubleshooting/errors#no-such-element-exception\nStacktrace:\n#0 0x557ab406ff83 <unknown>\n#1 0x557ab3d28cf7 <unknown>\n#2 0x557ab3d7899e <unknown>\n#3 0x557ab3d78aa1 <unknown>\n#4 0x557ab3dc3d64 <unknown>\n#5 0x557ab3da20dd <unknown>\n#6 0x557ab3dc1006 <unknown>\n#7 0x557ab3da1e53 <unknown>\n#8 0x557ab3d69dd4 <unknown>\n#9 0x557ab3d6b1de <unknown>\n#10 0x557ab4034531 <unknown>\n#11 0x557ab4038455 <unknown>\n#12 0x557ab4020f55 <unknown>\n#13 0x557ab40390ef <unknown>\n#14 0x557ab400499f <unknown>\n#15 0x557ab405d008 <unknown>\n#16 0x557ab405d1d7 <unknown>\n#17 0x557ab406f124 <unknown>\n#18 0x7f2075e40044 <unknown>","time":{"start":1705107986313,"stop":1705107986326,"duration":13}},{"uid":"45c0630c000e3947","reportUrl":"https://zaelcovsky.github.io/StroyremAutomation/199//#testresult/45c0630c000e3947","status":"broken","statusDetails":"selenium.common.exceptions.NoSuchElementException: Message: no such element: Unable to locate element: {\"method\":\"xpath\",\"selector\":\"//div[@class='page-block articles-block']\"}\n  (Session info: chrome-headless-shell=120.0.6099.109); For documentation on this error, please visit: https://www.selenium.dev/documentation/webdriver/troubleshooting/errors#no-such-element-exception\nStacktrace:\n#0 0x555c287bff83 <unknown>\n#1 0x555c28478cf7 <unknown>\n#2 0x555c284c899e <unknown>\n#3 0x555c284c8aa1 <unknown>\n#4 0x555c28513d64 <unknown>\n#5 0x555c284f20dd <unknown>\n#6 0x555c28511006 <unknown>\n#7 0x555c284f1e53 <unknown>\n#8 0x555c284b9dd4 <unknown>\n#9 0x555c284bb1de <unknown>\n#10 0x555c28784531 <unknown>\n#11 0x555c28788455 <unknown>\n#12 0x555c28770f55 <unknown>\n#13 0x555c287890ef <unknown>\n#14 0x555c2875499f <unknown>\n#15 0x555c287ad008 <unknown>\n#16 0x555c287ad1d7 <unknown>\n#17 0x555c287bf124 <unknown>\n#18 0x7f3be1aad044 <unknown>","time":{"start":1705021640799,"stop":1705021640812,"duration":13}},{"uid":"ed382c33fbdde04a","reportUrl":"https://zaelcovsky.github.io/StroyremAutomation/198//#testresult/ed382c33fbdde04a","status":"broken","statusDetails":"selenium.common.exceptions.NoSuchElementException: Message: no such element: Unable to locate element: {\"method\":\"xpath\",\"selector\":\"//div[@class='page-block articles-block']\"}\n  (Session info: chrome-headless-shell=120.0.6099.109); For documentation on this error, please visit: https://www.selenium.dev/documentation/webdriver/troubleshooting/errors#no-such-element-exception\nStacktrace:\n#0 0x560387f90f83 <unknown>\n#1 0x560387c49cf7 <unknown>\n#2 0x560387c9999e <unknown>\n#3 0x560387c99aa1 <unknown>\n#4 0x560387ce4d64 <unknown>\n#5 0x560387cc30dd <unknown>\n#6 0x560387ce2006 <unknown>\n#7 0x560387cc2e53 <unknown>\n#8 0x560387c8add4 <unknown>\n#9 0x560387c8c1de <unknown>\n#10 0x560387f55531 <unknown>\n#11 0x560387f59455 <unknown>\n#12 0x560387f41f55 <unknown>\n#13 0x560387f5a0ef <unknown>\n#14 0x560387f2599f <unknown>\n#15 0x560387f7e008 <unknown>\n#16 0x560387f7e1d7 <unknown>\n#17 0x560387f90124 <unknown>\n#18 0x7fe732c8e044 <unknown>","time":{"start":1704935211034,"stop":1704935211046,"duration":12}},{"uid":"1404a793037cc0b3","reportUrl":"https://zaelcovsky.github.io/StroyremAutomation/197//#testresult/1404a793037cc0b3","status":"broken","statusDetails":"selenium.common.exceptions.NoSuchElementException: Message: no such element: Unable to locate element: {\"method\":\"xpath\",\"selector\":\"//div[@class='page-block articles-block']\"}\n  (Session info: chrome-headless-shell=120.0.6099.109); For documentation on this error, please visit: https://www.selenium.dev/documentation/webdriver/troubleshooting/errors#no-such-element-exception\nStacktrace:\n#0 0x55f0665aaf83 <unknown>\n#1 0x55f066263cf7 <unknown>\n#2 0x55f0662b399e <unknown>\n#3 0x55f0662b3aa1 <unknown>\n#4 0x55f0662fed64 <unknown>\n#5 0x55f0662dd0dd <unknown>\n#6 0x55f0662fc006 <unknown>\n#7 0x55f0662dce53 <unknown>\n#8 0x55f0662a4dd4 <unknown>\n#9 0x55f0662a61de <unknown>\n#10 0x55f06656f531 <unknown>\n#11 0x55f066573455 <unknown>\n#12 0x55f06655bf55 <unknown>\n#13 0x55f0665740ef <unknown>\n#14 0x55f06653f99f <unknown>\n#15 0x55f066598008 <unknown>\n#16 0x55f0665981d7 <unknown>\n#17 0x55f0665aa124 <unknown>\n#18 0x7f3ece334044 <unknown>","time":{"start":1704848811770,"stop":1704848811783,"duration":13}},{"uid":"bfb001e2989ae19a","reportUrl":"https://zaelcovsky.github.io/StroyremAutomation/196//#testresult/bfb001e2989ae19a","status":"broken","statusDetails":"selenium.common.exceptions.NoSuchElementException: Message: no such element: Unable to locate element: {\"method\":\"xpath\",\"selector\":\"//div[@class='page-block articles-block']\"}\n  (Session info: chrome-headless-shell=120.0.6099.109); For documentation on this error, please visit: https://www.selenium.dev/documentation/webdriver/troubleshooting/errors#no-such-element-exception\nStacktrace:\n#0 0x55a91e105f83 <unknown>\n#1 0x55a91ddbecf7 <unknown>\n#2 0x55a91de0e99e <unknown>\n#3 0x55a91de0eaa1 <unknown>\n#4 0x55a91de59d64 <unknown>\n#5 0x55a91de380dd <unknown>\n#6 0x55a91de57006 <unknown>\n#7 0x55a91de37e53 <unknown>\n#8 0x55a91ddffdd4 <unknown>\n#9 0x55a91de011de <unknown>\n#10 0x55a91e0ca531 <unknown>\n#11 0x55a91e0ce455 <unknown>\n#12 0x55a91e0b6f55 <unknown>\n#13 0x55a91e0cf0ef <unknown>\n#14 0x55a91e09a99f <unknown>\n#15 0x55a91e0f3008 <unknown>\n#16 0x55a91e0f31d7 <unknown>\n#17 0x55a91e105124 <unknown>\n#18 0x7f48fc037044 <unknown>","time":{"start":1704762409016,"stop":1704762409029,"duration":13}},{"uid":"dc0acf95f4a9a976","reportUrl":"https://zaelcovsky.github.io/StroyremAutomation/195//#testresult/dc0acf95f4a9a976","status":"broken","statusDetails":"selenium.common.exceptions.NoSuchElementException: Message: no such element: Unable to locate element: {\"method\":\"xpath\",\"selector\":\"//div[@class='page-block articles-block']\"}\n  (Session info: chrome-headless-shell=120.0.6099.109); For documentation on this error, please visit: https://www.selenium.dev/documentation/webdriver/troubleshooting/errors#no-such-element-exception\nStacktrace:\n#0 0x561373a0bf83 <unknown>\n#1 0x5613736c4cf7 <unknown>\n#2 0x56137371499e <unknown>\n#3 0x561373714aa1 <unknown>\n#4 0x56137375fd64 <unknown>\n#5 0x56137373e0dd <unknown>\n#6 0x56137375d006 <unknown>\n#7 0x56137373de53 <unknown>\n#8 0x561373705dd4 <unknown>\n#9 0x5613737071de <unknown>\n#10 0x5613739d0531 <unknown>\n#11 0x5613739d4455 <unknown>\n#12 0x5613739bcf55 <unknown>\n#13 0x5613739d50ef <unknown>\n#14 0x5613739a099f <unknown>\n#15 0x5613739f9008 <unknown>\n#16 0x5613739f91d7 <unknown>\n#17 0x561373a0b124 <unknown>\n#18 0x7fda960f2044 <unknown>","time":{"start":1704676043364,"stop":1704676043376,"duration":12}},{"uid":"5e964196e6ad2884","reportUrl":"https://zaelcovsky.github.io/StroyremAutomation/194//#testresult/5e964196e6ad2884","status":"broken","statusDetails":"selenium.common.exceptions.NoSuchElementException: Message: no such element: Unable to locate element: {\"method\":\"xpath\",\"selector\":\"//div[@class='page-block articles-block']\"}\n  (Session info: chrome-headless-shell=120.0.6099.109); For documentation on this error, please visit: https://www.selenium.dev/documentation/webdriver/troubleshooting/errors#no-such-element-exception\nStacktrace:\n#0 0x55e0b7389f83 <unknown>\n#1 0x55e0b7042cf7 <unknown>\n#2 0x55e0b709299e <unknown>\n#3 0x55e0b7092aa1 <unknown>\n#4 0x55e0b70ddd64 <unknown>\n#5 0x55e0b70bc0dd <unknown>\n#6 0x55e0b70db006 <unknown>\n#7 0x55e0b70bbe53 <unknown>\n#8 0x55e0b7083dd4 <unknown>\n#9 0x55e0b70851de <unknown>\n#10 0x55e0b734e531 <unknown>\n#11 0x55e0b7352455 <unknown>\n#12 0x55e0b733af55 <unknown>\n#13 0x55e0b73530ef <unknown>\n#14 0x55e0b731e99f <unknown>\n#15 0x55e0b7377008 <unknown>\n#16 0x55e0b73771d7 <unknown>\n#17 0x55e0b7389124 <unknown>\n#18 0x7fa522dd3044 <unknown>","time":{"start":1704589940755,"stop":1704589940767,"duration":12}},{"uid":"f160aca5147633dc","reportUrl":"https://zaelcovsky.github.io/StroyremAutomation/193//#testresult/f160aca5147633dc","status":"broken","statusDetails":"selenium.common.exceptions.NoSuchElementException: Message: no such element: Unable to locate element: {\"method\":\"xpath\",\"selector\":\"//div[@class='page-block articles-block']\"}\n  (Session info: chrome-headless-shell=120.0.6099.109); For documentation on this error, please visit: https://www.selenium.dev/documentation/webdriver/troubleshooting/errors#no-such-element-exception\nStacktrace:\n#0 0x55bab6153f83 <unknown>\n#1 0x55bab5e0ccf7 <unknown>\n#2 0x55bab5e5c99e <unknown>\n#3 0x55bab5e5caa1 <unknown>\n#4 0x55bab5ea7d64 <unknown>\n#5 0x55bab5e860dd <unknown>\n#6 0x55bab5ea5006 <unknown>\n#7 0x55bab5e85e53 <unknown>\n#8 0x55bab5e4ddd4 <unknown>\n#9 0x55bab5e4f1de <unknown>\n#10 0x55bab6118531 <unknown>\n#11 0x55bab611c455 <unknown>\n#12 0x55bab6104f55 <unknown>\n#13 0x55bab611d0ef <unknown>\n#14 0x55bab60e899f <unknown>\n#15 0x55bab6141008 <unknown>\n#16 0x55bab61411d7 <unknown>\n#17 0x55bab6153124 <unknown>\n#18 0x7f59c159d044 <unknown>","time":{"start":1704503078959,"stop":1704503078972,"duration":13}},{"uid":"8dcaf68e57926fb9","reportUrl":"https://zaelcovsky.github.io/StroyremAutomation/192//#testresult/8dcaf68e57926fb9","status":"broken","statusDetails":"selenium.common.exceptions.NoSuchElementException: Message: no such element: Unable to locate element: {\"method\":\"xpath\",\"selector\":\"//div[@class='page-block articles-block']\"}\n  (Session info: chrome-headless-shell=120.0.6099.109); For documentation on this error, please visit: https://www.selenium.dev/documentation/webdriver/troubleshooting/errors#no-such-element-exception\nStacktrace:\n#0 0x55a424018f83 <unknown>\n#1 0x55a423cd1cf7 <unknown>\n#2 0x55a423d2199e <unknown>\n#3 0x55a423d21aa1 <unknown>\n#4 0x55a423d6cd64 <unknown>\n#5 0x55a423d4b0dd <unknown>\n#6 0x55a423d6a006 <unknown>\n#7 0x55a423d4ae53 <unknown>\n#8 0x55a423d12dd4 <unknown>\n#9 0x55a423d141de <unknown>\n#10 0x55a423fdd531 <unknown>\n#11 0x55a423fe1455 <unknown>\n#12 0x55a423fc9f55 <unknown>\n#13 0x55a423fe20ef <unknown>\n#14 0x55a423fad99f <unknown>\n#15 0x55a424006008 <unknown>\n#16 0x55a4240061d7 <unknown>\n#17 0x55a424018124 <unknown>\n#18 0x7ff2c8c88044 <unknown>","time":{"start":1704416740385,"stop":1704416740398,"duration":13}}]},"tags":["smoke_test"]},"source":"138413acb8c4b8a7.json","parameterValues":["'https://test2.stroyrem-nn.ru/'"]}