{"uid":"d78b98a1ba5c0642","name":"test_positive_delivery_green_zone_smoke[TD 012-products/shtukaturka-gipsovaya-aksolit-m50-30-kg-mashinnogo-naneseniya-333-10000-4450-11990-12500-https://sandboxtest.stroyrem-nn.ru/]","fullName":"tests.delivery.test_delivery_calculation.TestDeliveryPageCalculation#test_positive_delivery_green_zone_smoke","historyId":"9d39cbb8c1423d43dfc259c1b0a6c01f","time":{"start":1700356536072,"stop":1700356539657,"duration":3585},"status":"broken","statusMessage":"selenium.common.exceptions.NoSuchElementException: Message: no such element: Unable to locate element: {\"method\":\"xpath\",\"selector\":\"//input[@class='amount']\"}\n  (Session info: headless chrome=119.0.6045.105); For documentation on this error, please visit: https://www.selenium.dev/documentation/webdriver/troubleshooting/errors#no-such-element-exception\nStacktrace:\n#0 0x565020ebb5e3 <unknown>\n#1 0x565020b7e0b7 <unknown>\n#2 0x565020bcbf53 <unknown>\n#3 0x565020bcc051 <unknown>\n#4 0x565020c119c4 <unknown>\n#5 0x565020bf2f1d <unknown>\n#6 0x565020c0eb3d <unknown>\n#7 0x565020bf2cc3 <unknown>\n#8 0x565020bbe0e4 <unknown>\n#9 0x565020bbf0ae <unknown>\n#10 0x565020e81ce1 <unknown>\n#11 0x565020e85b7e <unknown>\n#12 0x565020e6f4b5 <unknown>\n#13 0x565020e867d6 <unknown>\n#14 0x565020e52dbf <unknown>\n#15 0x565020ea9748 <unknown>\n#16 0x565020ea9917 <unknown>\n#17 0x565020eba773 <unknown>\n#18 0x7f0f8118d044 <unknown>","statusTrace":"self = <tests.delivery.test_delivery_calculation.TestDeliveryPageCalculation object at 0x7fce8988fa10>\ndriver = <selenium.webdriver.chrome.webdriver.WebDriver (session=\"2872544a6f3d9aff338912fee8604a85\")>\nurl = 'https://sandboxtest.stroyrem-nn.ru/', case_id = 'TD 012'\nlink_item = 'products/shtukaturka-gipsovaya-aksolit-m50-30-kg-mashinnogo-naneseniya'\namount = 333, weight = 10000, standard = 4450, in_time = 11990, all_time = 12500\n\n    @pytest.mark.parametrize('case_id, link_item, amount, weight, standard, in_time, all_time', [\n        (\"TD 001\", uroven_3000, 1, 30, 0, 1590, 2190),\n        (\"TD 002\", bundeks_25, 1, 30, 400, 1590, 2190),\n        (\"TD 003\", aksolit_30, 8, 300, 400, 1590, 2190),\n        (\"TD 004\", aksolit_30, 13, 400, 450, 1590, 2190),\n        (\"TD 005\", aksolit_30, 16, 500, 600, 1590, 2190),\n        (\"TD 006\", aksolit_30, 25, 1700, 990, 1990, 2480),\n        (\"TD 007\", aksolit_30, 66, 2000, 1300, 2490, 2980),\n        (\"TD 008\", aksolit_30, 149, 4500, 2300, 3980, 4490),\n        (\"TD 009\", aksolit_30, 166, 5000, 2500, 4990, 5480),\n        pytest.param(\n            \"TD 010\", aksolit_30, 206, 6200, 2900, 5570, 6120,\n            marks=pytest.mark.xfail(reson=\"Цена доставки 3600 7960 8980\")\n        ),\n        (\"TD 011\", aksolit_30, 299, 9000, 3600, 7960, 8980),\n        (\"TD 012\", aksolit_30, 333, 10000, 4450, 11990, 12500),\n        pytest.param(\n            \"TD 013\", aksolit_30, 366, 11000, 4800, 12450, 13480,\n            marks=pytest.mark.xfail(reason=\"Цена стандартной доставки 4450\")\n        ),\n        pytest.param(\n            \"TD 014\", aksolit_30, 666, 20000, 5400, 15600, 17490,\n            marks=pytest.mark.xfail(reason=\"Цена стандартной доставки 4450\")\n        )\n    ])\n    @pytest.mark.smoke\n    def test_positive_delivery_green_zone_smoke(\n            self, driver, url, case_id, link_item, amount, weight, standard, in_time, all_time\n    ):\n    \n        driver.get(f'{url}{link_item}')\n        item_page = ItemPage(driver)\n>       item_page.add_item_to_cart(amount).click_on_cart()\n\ntests/delivery/test_delivery_calculation.py:49: \n_ _ _ _ _ _ _ _ _ _ _ _ _ _ _ _ _ _ _ _ _ _ _ _ _ _ _ _ _ _ _ _ _ _ _ _ _ _ _ _ \npages/item_page.py:41: in add_item_to_cart\n    amount_field = self.find_element(self._item_amount)\nbase/seleniumbase.py:17: in find_element\n    return self.driver.find_element(*locator)\n/usr/local/lib/python3.11/site-packages/selenium/webdriver/remote/webdriver.py:740: in find_element\n    return self.execute(Command.FIND_ELEMENT, {\"using\": by, \"value\": value})[\"value\"]\n/usr/local/lib/python3.11/site-packages/selenium/webdriver/remote/webdriver.py:346: in execute\n    self.error_handler.check_response(response)\n_ _ _ _ _ _ _ _ _ _ _ _ _ _ _ _ _ _ _ _ _ _ _ _ _ _ _ _ _ _ _ _ _ _ _ _ _ _ _ _ \n\nself = <selenium.webdriver.remote.errorhandler.ErrorHandler object at 0x7fce88729f10>\nresponse = {'status': 404, 'value': '{\"value\":{\"error\":\"no such element\",\"message\":\"no such element: Unable to locate element: {\\...\\\\n#16 0x565020ea9917 \\\\u003Cunknown>\\\\n#17 0x565020eba773 \\\\u003Cunknown>\\\\n#18 0x7f0f8118d044 \\\\u003Cunknown>\\\\n\"}}'}\n\n    def check_response(self, response: Dict[str, Any]) -> None:\n        \"\"\"Checks that a JSON response from the WebDriver does not have an\n        error.\n    \n        :Args:\n         - response - The JSON response from the WebDriver server as a dictionary\n           object.\n    \n        :Raises: If the response contains an error message.\n        \"\"\"\n        status = response.get(\"status\", None)\n        if not status or status == ErrorCode.SUCCESS:\n            return\n        value = None\n        message = response.get(\"message\", \"\")\n        screen: str = response.get(\"screen\", \"\")\n        stacktrace = None\n        if isinstance(status, int):\n            value_json = response.get(\"value\", None)\n            if value_json and isinstance(value_json, str):\n                import json\n    \n                try:\n                    value = json.loads(value_json)\n                    if len(value) == 1:\n                        value = value[\"value\"]\n                    status = value.get(\"error\", None)\n                    if not status:\n                        status = value.get(\"status\", ErrorCode.UNKNOWN_ERROR)\n                        message = value.get(\"value\") or value.get(\"message\")\n                        if not isinstance(message, str):\n                            value = message\n                            message = message.get(\"message\")\n                    else:\n                        message = value.get(\"message\", None)\n                except ValueError:\n                    pass\n    \n        exception_class: Type[WebDriverException]\n        if status in ErrorCode.NO_SUCH_ELEMENT:\n            exception_class = NoSuchElementException\n        elif status in ErrorCode.NO_SUCH_FRAME:\n            exception_class = NoSuchFrameException\n        elif status in ErrorCode.NO_SUCH_SHADOW_ROOT:\n            exception_class = NoSuchShadowRootException\n        elif status in ErrorCode.NO_SUCH_WINDOW:\n            exception_class = NoSuchWindowException\n        elif status in ErrorCode.STALE_ELEMENT_REFERENCE:\n            exception_class = StaleElementReferenceException\n        elif status in ErrorCode.ELEMENT_NOT_VISIBLE:\n            exception_class = ElementNotVisibleException\n        elif status in ErrorCode.INVALID_ELEMENT_STATE:\n            exception_class = InvalidElementStateException\n        elif (\n            status in ErrorCode.INVALID_SELECTOR\n            or status in ErrorCode.INVALID_XPATH_SELECTOR\n            or status in ErrorCode.INVALID_XPATH_SELECTOR_RETURN_TYPER\n        ):\n            exception_class = InvalidSelectorException\n        elif status in ErrorCode.ELEMENT_IS_NOT_SELECTABLE:\n            exception_class = ElementNotSelectableException\n        elif status in ErrorCode.ELEMENT_NOT_INTERACTABLE:\n            exception_class = ElementNotInteractableException\n        elif status in ErrorCode.INVALID_COOKIE_DOMAIN:\n            exception_class = InvalidCookieDomainException\n        elif status in ErrorCode.UNABLE_TO_SET_COOKIE:\n            exception_class = UnableToSetCookieException\n        elif status in ErrorCode.TIMEOUT:\n            exception_class = TimeoutException\n        elif status in ErrorCode.SCRIPT_TIMEOUT:\n            exception_class = TimeoutException\n        elif status in ErrorCode.UNKNOWN_ERROR:\n            exception_class = WebDriverException\n        elif status in ErrorCode.UNEXPECTED_ALERT_OPEN:\n            exception_class = UnexpectedAlertPresentException\n        elif status in ErrorCode.NO_ALERT_OPEN:\n            exception_class = NoAlertPresentException\n        elif status in ErrorCode.IME_NOT_AVAILABLE:\n            exception_class = ImeNotAvailableException\n        elif status in ErrorCode.IME_ENGINE_ACTIVATION_FAILED:\n            exception_class = ImeActivationFailedException\n        elif status in ErrorCode.MOVE_TARGET_OUT_OF_BOUNDS:\n            exception_class = MoveTargetOutOfBoundsException\n        elif status in ErrorCode.JAVASCRIPT_ERROR:\n            exception_class = JavascriptException\n        elif status in ErrorCode.SESSION_NOT_CREATED:\n            exception_class = SessionNotCreatedException\n        elif status in ErrorCode.INVALID_ARGUMENT:\n            exception_class = InvalidArgumentException\n        elif status in ErrorCode.NO_SUCH_COOKIE:\n            exception_class = NoSuchCookieException\n        elif status in ErrorCode.UNABLE_TO_CAPTURE_SCREEN:\n            exception_class = ScreenshotException\n        elif status in ErrorCode.ELEMENT_CLICK_INTERCEPTED:\n            exception_class = ElementClickInterceptedException\n        elif status in ErrorCode.INSECURE_CERTIFICATE:\n            exception_class = InsecureCertificateException\n        elif status in ErrorCode.INVALID_COORDINATES:\n            exception_class = InvalidCoordinatesException\n        elif status in ErrorCode.INVALID_SESSION_ID:\n            exception_class = InvalidSessionIdException\n        elif status in ErrorCode.UNKNOWN_METHOD:\n            exception_class = UnknownMethodException\n        else:\n            exception_class = WebDriverException\n        if not value:\n            value = response[\"value\"]\n        if isinstance(value, str):\n            raise exception_class(value)\n        if message == \"\" and \"message\" in value:\n            message = value[\"message\"]\n    \n        screen = None  # type: ignore[assignment]\n        if \"screen\" in value:\n            screen = value[\"screen\"]\n    \n        stacktrace = None\n        st_value = value.get(\"stackTrace\") or value.get(\"stacktrace\")\n        if st_value:\n            if isinstance(st_value, str):\n                stacktrace = st_value.split(\"\\n\")\n            else:\n                stacktrace = []\n                try:\n                    for frame in st_value:\n                        line = frame.get(\"lineNumber\", \"\")\n                        file = frame.get(\"fileName\", \"<anonymous>\")\n                        if line:\n                            file = f\"{file}:{line}\"\n                        meth = frame.get(\"methodName\", \"<anonymous>\")\n                        if \"className\" in frame:\n                            meth = f\"{frame['className']}.{meth}\"\n                        msg = \"    at %s (%s)\"\n                        msg = msg % (meth, file)\n                        stacktrace.append(msg)\n                except TypeError:\n                    pass\n        if exception_class == UnexpectedAlertPresentException:\n            alert_text = None\n            if \"data\" in value:\n                alert_text = value[\"data\"].get(\"text\")\n            elif \"alert\" in value:\n                alert_text = value[\"alert\"].get(\"text\")\n            raise exception_class(message, screen, stacktrace, alert_text)  # type: ignore[call-arg]  # mypy is not smart enough here\n>       raise exception_class(message, screen, stacktrace)\nE       selenium.common.exceptions.NoSuchElementException: Message: no such element: Unable to locate element: {\"method\":\"xpath\",\"selector\":\"//input[@class='amount']\"}\nE         (Session info: headless chrome=119.0.6045.105); For documentation on this error, please visit: https://www.selenium.dev/documentation/webdriver/troubleshooting/errors#no-such-element-exception\nE       Stacktrace:\nE       #0 0x565020ebb5e3 <unknown>\nE       #1 0x565020b7e0b7 <unknown>\nE       #2 0x565020bcbf53 <unknown>\nE       #3 0x565020bcc051 <unknown>\nE       #4 0x565020c119c4 <unknown>\nE       #5 0x565020bf2f1d <unknown>\nE       #6 0x565020c0eb3d <unknown>\nE       #7 0x565020bf2cc3 <unknown>\nE       #8 0x565020bbe0e4 <unknown>\nE       #9 0x565020bbf0ae <unknown>\nE       #10 0x565020e81ce1 <unknown>\nE       #11 0x565020e85b7e <unknown>\nE       #12 0x565020e6f4b5 <unknown>\nE       #13 0x565020e867d6 <unknown>\nE       #14 0x565020e52dbf <unknown>\nE       #15 0x565020ea9748 <unknown>\nE       #16 0x565020ea9917 <unknown>\nE       #17 0x565020eba773 <unknown>\nE       #18 0x7f0f8118d044 <unknown>\n\n/usr/local/lib/python3.11/site-packages/selenium/webdriver/remote/errorhandler.py:245: NoSuchElementException","flaky":false,"newFailed":false,"newBroken":false,"newPassed":false,"retriesCount":0,"retriesStatusChange":false,"beforeStages":[{"name":"_session_faker","time":{"start":1700356101258,"stop":1700356101326,"duration":68},"status":"passed","steps":[],"attachments":[],"parameters":[],"shouldDisplayMessage":false,"stepsCount":0,"attachmentsCount":0,"hasContent":false},{"name":"clear_allure_results_folder","time":{"start":1700356101326,"stop":1700356101326,"duration":0},"status":"passed","steps":[],"attachments":[],"parameters":[],"shouldDisplayMessage":false,"stepsCount":0,"attachmentsCount":0,"hasContent":false},{"name":"driver","time":{"start":1700356535341,"stop":1700356536071,"duration":730},"status":"passed","steps":[],"attachments":[],"parameters":[],"shouldDisplayMessage":false,"stepsCount":0,"attachmentsCount":0,"hasContent":false},{"name":"setup","time":{"start":1700356536071,"stop":1700356536071,"duration":0},"status":"passed","steps":[],"attachments":[],"parameters":[],"shouldDisplayMessage":false,"stepsCount":0,"attachmentsCount":0,"hasContent":false}],"testStage":{"status":"broken","statusMessage":"selenium.common.exceptions.NoSuchElementException: Message: no such element: Unable to locate element: {\"method\":\"xpath\",\"selector\":\"//input[@class='amount']\"}\n  (Session info: headless chrome=119.0.6045.105); For documentation on this error, please visit: https://www.selenium.dev/documentation/webdriver/troubleshooting/errors#no-such-element-exception\nStacktrace:\n#0 0x565020ebb5e3 <unknown>\n#1 0x565020b7e0b7 <unknown>\n#2 0x565020bcbf53 <unknown>\n#3 0x565020bcc051 <unknown>\n#4 0x565020c119c4 <unknown>\n#5 0x565020bf2f1d <unknown>\n#6 0x565020c0eb3d <unknown>\n#7 0x565020bf2cc3 <unknown>\n#8 0x565020bbe0e4 <unknown>\n#9 0x565020bbf0ae <unknown>\n#10 0x565020e81ce1 <unknown>\n#11 0x565020e85b7e <unknown>\n#12 0x565020e6f4b5 <unknown>\n#13 0x565020e867d6 <unknown>\n#14 0x565020e52dbf <unknown>\n#15 0x565020ea9748 <unknown>\n#16 0x565020ea9917 <unknown>\n#17 0x565020eba773 <unknown>\n#18 0x7f0f8118d044 <unknown>","statusTrace":"self = <tests.delivery.test_delivery_calculation.TestDeliveryPageCalculation object at 0x7fce8988fa10>\ndriver = <selenium.webdriver.chrome.webdriver.WebDriver (session=\"2872544a6f3d9aff338912fee8604a85\")>\nurl = 'https://sandboxtest.stroyrem-nn.ru/', case_id = 'TD 012'\nlink_item = 'products/shtukaturka-gipsovaya-aksolit-m50-30-kg-mashinnogo-naneseniya'\namount = 333, weight = 10000, standard = 4450, in_time = 11990, all_time = 12500\n\n    @pytest.mark.parametrize('case_id, link_item, amount, weight, standard, in_time, all_time', [\n        (\"TD 001\", uroven_3000, 1, 30, 0, 1590, 2190),\n        (\"TD 002\", bundeks_25, 1, 30, 400, 1590, 2190),\n        (\"TD 003\", aksolit_30, 8, 300, 400, 1590, 2190),\n        (\"TD 004\", aksolit_30, 13, 400, 450, 1590, 2190),\n        (\"TD 005\", aksolit_30, 16, 500, 600, 1590, 2190),\n        (\"TD 006\", aksolit_30, 25, 1700, 990, 1990, 2480),\n        (\"TD 007\", aksolit_30, 66, 2000, 1300, 2490, 2980),\n        (\"TD 008\", aksolit_30, 149, 4500, 2300, 3980, 4490),\n        (\"TD 009\", aksolit_30, 166, 5000, 2500, 4990, 5480),\n        pytest.param(\n            \"TD 010\", aksolit_30, 206, 6200, 2900, 5570, 6120,\n            marks=pytest.mark.xfail(reson=\"Цена доставки 3600 7960 8980\")\n        ),\n        (\"TD 011\", aksolit_30, 299, 9000, 3600, 7960, 8980),\n        (\"TD 012\", aksolit_30, 333, 10000, 4450, 11990, 12500),\n        pytest.param(\n            \"TD 013\", aksolit_30, 366, 11000, 4800, 12450, 13480,\n            marks=pytest.mark.xfail(reason=\"Цена стандартной доставки 4450\")\n        ),\n        pytest.param(\n            \"TD 014\", aksolit_30, 666, 20000, 5400, 15600, 17490,\n            marks=pytest.mark.xfail(reason=\"Цена стандартной доставки 4450\")\n        )\n    ])\n    @pytest.mark.smoke\n    def test_positive_delivery_green_zone_smoke(\n            self, driver, url, case_id, link_item, amount, weight, standard, in_time, all_time\n    ):\n    \n        driver.get(f'{url}{link_item}')\n        item_page = ItemPage(driver)\n>       item_page.add_item_to_cart(amount).click_on_cart()\n\ntests/delivery/test_delivery_calculation.py:49: \n_ _ _ _ _ _ _ _ _ _ _ _ _ _ _ _ _ _ _ _ _ _ _ _ _ _ _ _ _ _ _ _ _ _ _ _ _ _ _ _ \npages/item_page.py:41: in add_item_to_cart\n    amount_field = self.find_element(self._item_amount)\nbase/seleniumbase.py:17: in find_element\n    return self.driver.find_element(*locator)\n/usr/local/lib/python3.11/site-packages/selenium/webdriver/remote/webdriver.py:740: in find_element\n    return self.execute(Command.FIND_ELEMENT, {\"using\": by, \"value\": value})[\"value\"]\n/usr/local/lib/python3.11/site-packages/selenium/webdriver/remote/webdriver.py:346: in execute\n    self.error_handler.check_response(response)\n_ _ _ _ _ _ _ _ _ _ _ _ _ _ _ _ _ _ _ _ _ _ _ _ _ _ _ _ _ _ _ _ _ _ _ _ _ _ _ _ \n\nself = <selenium.webdriver.remote.errorhandler.ErrorHandler object at 0x7fce88729f10>\nresponse = {'status': 404, 'value': '{\"value\":{\"error\":\"no such element\",\"message\":\"no such element: Unable to locate element: {\\...\\\\n#16 0x565020ea9917 \\\\u003Cunknown>\\\\n#17 0x565020eba773 \\\\u003Cunknown>\\\\n#18 0x7f0f8118d044 \\\\u003Cunknown>\\\\n\"}}'}\n\n    def check_response(self, response: Dict[str, Any]) -> None:\n        \"\"\"Checks that a JSON response from the WebDriver does not have an\n        error.\n    \n        :Args:\n         - response - The JSON response from the WebDriver server as a dictionary\n           object.\n    \n        :Raises: If the response contains an error message.\n        \"\"\"\n        status = response.get(\"status\", None)\n        if not status or status == ErrorCode.SUCCESS:\n            return\n        value = None\n        message = response.get(\"message\", \"\")\n        screen: str = response.get(\"screen\", \"\")\n        stacktrace = None\n        if isinstance(status, int):\n            value_json = response.get(\"value\", None)\n            if value_json and isinstance(value_json, str):\n                import json\n    \n                try:\n                    value = json.loads(value_json)\n                    if len(value) == 1:\n                        value = value[\"value\"]\n                    status = value.get(\"error\", None)\n                    if not status:\n                        status = value.get(\"status\", ErrorCode.UNKNOWN_ERROR)\n                        message = value.get(\"value\") or value.get(\"message\")\n                        if not isinstance(message, str):\n                            value = message\n                            message = message.get(\"message\")\n                    else:\n                        message = value.get(\"message\", None)\n                except ValueError:\n                    pass\n    \n        exception_class: Type[WebDriverException]\n        if status in ErrorCode.NO_SUCH_ELEMENT:\n            exception_class = NoSuchElementException\n        elif status in ErrorCode.NO_SUCH_FRAME:\n            exception_class = NoSuchFrameException\n        elif status in ErrorCode.NO_SUCH_SHADOW_ROOT:\n            exception_class = NoSuchShadowRootException\n        elif status in ErrorCode.NO_SUCH_WINDOW:\n            exception_class = NoSuchWindowException\n        elif status in ErrorCode.STALE_ELEMENT_REFERENCE:\n            exception_class = StaleElementReferenceException\n        elif status in ErrorCode.ELEMENT_NOT_VISIBLE:\n            exception_class = ElementNotVisibleException\n        elif status in ErrorCode.INVALID_ELEMENT_STATE:\n            exception_class = InvalidElementStateException\n        elif (\n            status in ErrorCode.INVALID_SELECTOR\n            or status in ErrorCode.INVALID_XPATH_SELECTOR\n            or status in ErrorCode.INVALID_XPATH_SELECTOR_RETURN_TYPER\n        ):\n            exception_class = InvalidSelectorException\n        elif status in ErrorCode.ELEMENT_IS_NOT_SELECTABLE:\n            exception_class = ElementNotSelectableException\n        elif status in ErrorCode.ELEMENT_NOT_INTERACTABLE:\n            exception_class = ElementNotInteractableException\n        elif status in ErrorCode.INVALID_COOKIE_DOMAIN:\n            exception_class = InvalidCookieDomainException\n        elif status in ErrorCode.UNABLE_TO_SET_COOKIE:\n            exception_class = UnableToSetCookieException\n        elif status in ErrorCode.TIMEOUT:\n            exception_class = TimeoutException\n        elif status in ErrorCode.SCRIPT_TIMEOUT:\n            exception_class = TimeoutException\n        elif status in ErrorCode.UNKNOWN_ERROR:\n            exception_class = WebDriverException\n        elif status in ErrorCode.UNEXPECTED_ALERT_OPEN:\n            exception_class = UnexpectedAlertPresentException\n        elif status in ErrorCode.NO_ALERT_OPEN:\n            exception_class = NoAlertPresentException\n        elif status in ErrorCode.IME_NOT_AVAILABLE:\n            exception_class = ImeNotAvailableException\n        elif status in ErrorCode.IME_ENGINE_ACTIVATION_FAILED:\n            exception_class = ImeActivationFailedException\n        elif status in ErrorCode.MOVE_TARGET_OUT_OF_BOUNDS:\n            exception_class = MoveTargetOutOfBoundsException\n        elif status in ErrorCode.JAVASCRIPT_ERROR:\n            exception_class = JavascriptException\n        elif status in ErrorCode.SESSION_NOT_CREATED:\n            exception_class = SessionNotCreatedException\n        elif status in ErrorCode.INVALID_ARGUMENT:\n            exception_class = InvalidArgumentException\n        elif status in ErrorCode.NO_SUCH_COOKIE:\n            exception_class = NoSuchCookieException\n        elif status in ErrorCode.UNABLE_TO_CAPTURE_SCREEN:\n            exception_class = ScreenshotException\n        elif status in ErrorCode.ELEMENT_CLICK_INTERCEPTED:\n            exception_class = ElementClickInterceptedException\n        elif status in ErrorCode.INSECURE_CERTIFICATE:\n            exception_class = InsecureCertificateException\n        elif status in ErrorCode.INVALID_COORDINATES:\n            exception_class = InvalidCoordinatesException\n        elif status in ErrorCode.INVALID_SESSION_ID:\n            exception_class = InvalidSessionIdException\n        elif status in ErrorCode.UNKNOWN_METHOD:\n            exception_class = UnknownMethodException\n        else:\n            exception_class = WebDriverException\n        if not value:\n            value = response[\"value\"]\n        if isinstance(value, str):\n            raise exception_class(value)\n        if message == \"\" and \"message\" in value:\n            message = value[\"message\"]\n    \n        screen = None  # type: ignore[assignment]\n        if \"screen\" in value:\n            screen = value[\"screen\"]\n    \n        stacktrace = None\n        st_value = value.get(\"stackTrace\") or value.get(\"stacktrace\")\n        if st_value:\n            if isinstance(st_value, str):\n                stacktrace = st_value.split(\"\\n\")\n            else:\n                stacktrace = []\n                try:\n                    for frame in st_value:\n                        line = frame.get(\"lineNumber\", \"\")\n                        file = frame.get(\"fileName\", \"<anonymous>\")\n                        if line:\n                            file = f\"{file}:{line}\"\n                        meth = frame.get(\"methodName\", \"<anonymous>\")\n                        if \"className\" in frame:\n                            meth = f\"{frame['className']}.{meth}\"\n                        msg = \"    at %s (%s)\"\n                        msg = msg % (meth, file)\n                        stacktrace.append(msg)\n                except TypeError:\n                    pass\n        if exception_class == UnexpectedAlertPresentException:\n            alert_text = None\n            if \"data\" in value:\n                alert_text = value[\"data\"].get(\"text\")\n            elif \"alert\" in value:\n                alert_text = value[\"alert\"].get(\"text\")\n            raise exception_class(message, screen, stacktrace, alert_text)  # type: ignore[call-arg]  # mypy is not smart enough here\n>       raise exception_class(message, screen, stacktrace)\nE       selenium.common.exceptions.NoSuchElementException: Message: no such element: Unable to locate element: {\"method\":\"xpath\",\"selector\":\"//input[@class='amount']\"}\nE         (Session info: headless chrome=119.0.6045.105); For documentation on this error, please visit: https://www.selenium.dev/documentation/webdriver/troubleshooting/errors#no-such-element-exception\nE       Stacktrace:\nE       #0 0x565020ebb5e3 <unknown>\nE       #1 0x565020b7e0b7 <unknown>\nE       #2 0x565020bcbf53 <unknown>\nE       #3 0x565020bcc051 <unknown>\nE       #4 0x565020c119c4 <unknown>\nE       #5 0x565020bf2f1d <unknown>\nE       #6 0x565020c0eb3d <unknown>\nE       #7 0x565020bf2cc3 <unknown>\nE       #8 0x565020bbe0e4 <unknown>\nE       #9 0x565020bbf0ae <unknown>\nE       #10 0x565020e81ce1 <unknown>\nE       #11 0x565020e85b7e <unknown>\nE       #12 0x565020e6f4b5 <unknown>\nE       #13 0x565020e867d6 <unknown>\nE       #14 0x565020e52dbf <unknown>\nE       #15 0x565020ea9748 <unknown>\nE       #16 0x565020ea9917 <unknown>\nE       #17 0x565020eba773 <unknown>\nE       #18 0x7f0f8118d044 <unknown>\n\n/usr/local/lib/python3.11/site-packages/selenium/webdriver/remote/errorhandler.py:245: NoSuchElementException","steps":[{"name":"Добавляем товар в корзину в количестве 333","time":{"start":1700356539601,"stop":1700356539657,"duration":56},"status":"broken","statusMessage":"selenium.common.exceptions.NoSuchElementException: Message: no such element: Unable to locate element: {\"method\":\"xpath\",\"selector\":\"//input[@class='amount']\"}\n  (Session info: headless chrome=119.0.6045.105); For documentation on this error, please visit: https://www.selenium.dev/documentation/webdriver/troubleshooting/errors#no-such-element-exception\nStacktrace:\n#0 0x565020ebb5e3 <unknown>\n#1 0x565020b7e0b7 <unknown>\n#2 0x565020bcbf53 <unknown>\n#3 0x565020bcc051 <unknown>\n#4 0x565020c119c4 <unknown>\n#5 0x565020bf2f1d <unknown>\n#6 0x565020c0eb3d <unknown>\n#7 0x565020bf2cc3 <unknown>\n#8 0x565020bbe0e4 <unknown>\n#9 0x565020bbf0ae <unknown>\n#10 0x565020e81ce1 <unknown>\n#11 0x565020e85b7e <unknown>\n#12 0x565020e6f4b5 <unknown>\n#13 0x565020e867d6 <unknown>\n#14 0x565020e52dbf <unknown>\n#15 0x565020ea9748 <unknown>\n#16 0x565020ea9917 <unknown>\n#17 0x565020eba773 <unknown>\n#18 0x7f0f8118d044 <unknown>\n\n","statusTrace":"  File \"/usr/local/lib/python3.11/site-packages/allure_commons/_allure.py\", line 192, in impl\n    return func(*a, **kw)\n           ^^^^^^^^^^^^^^\n  File \"/app/pages/item_page.py\", line 41, in add_item_to_cart\n    amount_field = self.find_element(self._item_amount)\n                   ^^^^^^^^^^^^^^^^^^^^^^^^^^^^^^^^^^^^\n  File \"/app/base/seleniumbase.py\", line 17, in find_element\n    return self.driver.find_element(*locator)\n           ^^^^^^^^^^^^^^^^^^^^^^^^^^^^^^^^^^\n  File \"/usr/local/lib/python3.11/site-packages/selenium/webdriver/remote/webdriver.py\", line 740, in find_element\n    return self.execute(Command.FIND_ELEMENT, {\"using\": by, \"value\": value})[\"value\"]\n           ^^^^^^^^^^^^^^^^^^^^^^^^^^^^^^^^^^^^^^^^^^^^^^^^^^^^^^^^^^^^^^^^^\n  File \"/usr/local/lib/python3.11/site-packages/selenium/webdriver/remote/webdriver.py\", line 346, in execute\n    self.error_handler.check_response(response)\n  File \"/usr/local/lib/python3.11/site-packages/selenium/webdriver/remote/errorhandler.py\", line 245, in check_response\n    raise exception_class(message, screen, stacktrace)\n","steps":[],"attachments":[],"parameters":[{"name":"amount","value":"333"}],"shouldDisplayMessage":true,"stepsCount":0,"attachmentsCount":0,"hasContent":true}],"attachments":[{"uid":"c7426d6b2d27613d","name":"Screenshot","source":"c7426d6b2d27613d.png","type":"image/png","size":115178},{"uid":"88654ebd3df64301","name":"HTML source","source":"88654ebd3df64301.html","type":"text/html","size":303988}],"parameters":[],"shouldDisplayMessage":true,"stepsCount":1,"attachmentsCount":2,"hasContent":true},"afterStages":[{"name":"setup::0","time":{"start":1700356539803,"stop":1700356539803,"duration":0},"status":"passed","steps":[],"attachments":[],"parameters":[],"shouldDisplayMessage":false,"stepsCount":0,"attachmentsCount":0,"hasContent":false},{"name":"driver::0","time":{"start":1700356539803,"stop":1700356539864,"duration":61},"status":"passed","steps":[],"attachments":[],"parameters":[],"shouldDisplayMessage":false,"stepsCount":0,"attachmentsCount":0,"hasContent":false}],"labels":[{"name":"epic","value":"Delivery Page - calculation"},{"name":"tag","value":"smoke"},{"name":"parentSuite","value":"tests.delivery"},{"name":"suite","value":"test_delivery_calculation"},{"name":"subSuite","value":"TestDeliveryPageCalculation"},{"name":"host","value":"b46c7cfe1c2a"},{"name":"thread","value":"1-MainThread"},{"name":"framework","value":"pytest"},{"name":"language","value":"cpython3"},{"name":"package","value":"tests.delivery.test_delivery_calculation"},{"name":"resultFormat","value":"allure2"}],"parameters":[{"name":"all_time","value":"12500"},{"name":"amount","value":"333"},{"name":"case_id","value":"'TD 012'"},{"name":"in_time","value":"11990"},{"name":"link_item","value":"'products/shtukaturka-gipsovaya-aksolit-m50-30-kg-mashinnogo-naneseniya'"},{"name":"standard","value":"4450"},{"name":"url","value":"'https://sandboxtest.stroyrem-nn.ru/'"},{"name":"weight","value":"10000"}],"links":[],"hidden":false,"retry":false,"extra":{"severity":"normal","retries":[],"categories":[{"name":"Test defects","matchedStatuses":[],"flaky":false}],"history":{"statistic":{"failed":0,"broken":81,"skipped":0,"passed":0,"unknown":0,"total":81},"items":[{"uid":"567a1c80af407c52","reportUrl":"https://zaelcovsky.github.io/StroyremAutomation/144//#testresult/567a1c80af407c52","status":"broken","statusDetails":"selenium.common.exceptions.NoSuchElementException: Message: no such element: Unable to locate element: {\"method\":\"xpath\",\"selector\":\"//input[@class='amount']\"}\n  (Session info: headless chrome=119.0.6045.105); For documentation on this error, please visit: https://www.selenium.dev/documentation/webdriver/troubleshooting/errors#no-such-element-exception\nStacktrace:\n#0 0x5640514565e3 <unknown>\n#1 0x5640511190b7 <unknown>\n#2 0x564051166f53 <unknown>\n#3 0x564051167051 <unknown>\n#4 0x5640511ac9c4 <unknown>\n#5 0x56405118df1d <unknown>\n#6 0x5640511a9b3d <unknown>\n#7 0x56405118dcc3 <unknown>\n#8 0x5640511590e4 <unknown>\n#9 0x56405115a0ae <unknown>\n#10 0x56405141cce1 <unknown>\n#11 0x564051420b7e <unknown>\n#12 0x56405140a4b5 <unknown>\n#13 0x5640514217d6 <unknown>\n#14 0x5640513eddbf <unknown>\n#15 0x564051444748 <unknown>\n#16 0x564051444917 <unknown>\n#17 0x564051455773 <unknown>\n#18 0x7fad1013a044 <unknown>","time":{"start":1700269938960,"stop":1700269943939,"duration":4979}},{"uid":"25c76b2466fa6d40","reportUrl":"https://zaelcovsky.github.io/StroyremAutomation/143//#testresult/25c76b2466fa6d40","status":"broken","statusDetails":"selenium.common.exceptions.NoSuchElementException: Message: no such element: Unable to locate element: {\"method\":\"xpath\",\"selector\":\"//input[@class='amount']\"}\n  (Session info: headless chrome=119.0.6045.105); For documentation on this error, please visit: https://www.selenium.dev/documentation/webdriver/troubleshooting/errors#no-such-element-exception\nStacktrace:\n#0 0x564702e465e3 <unknown>\n#1 0x564702b090b7 <unknown>\n#2 0x564702b56f53 <unknown>\n#3 0x564702b57051 <unknown>\n#4 0x564702b9c9c4 <unknown>\n#5 0x564702b7df1d <unknown>\n#6 0x564702b99b3d <unknown>\n#7 0x564702b7dcc3 <unknown>\n#8 0x564702b490e4 <unknown>\n#9 0x564702b4a0ae <unknown>\n#10 0x564702e0cce1 <unknown>\n#11 0x564702e10b7e <unknown>\n#12 0x564702dfa4b5 <unknown>\n#13 0x564702e117d6 <unknown>\n#14 0x564702ddddbf <unknown>\n#15 0x564702e34748 <unknown>\n#16 0x564702e34917 <unknown>\n#17 0x564702e45773 <unknown>\n#18 0x7fcb7687c044 <unknown>","time":{"start":1700183556775,"stop":1700183561004,"duration":4229}},{"uid":"3c54c22b9062362f","reportUrl":"https://zaelcovsky.github.io/StroyremAutomation/142//#testresult/3c54c22b9062362f","status":"broken","statusDetails":"selenium.common.exceptions.NoSuchElementException: Message: no such element: Unable to locate element: {\"method\":\"xpath\",\"selector\":\"//input[@class='amount']\"}\n  (Session info: headless chrome=119.0.6045.105); For documentation on this error, please visit: https://www.selenium.dev/documentation/webdriver/troubleshooting/errors#no-such-element-exception\nStacktrace:\n#0 0x55f738a595e3 <unknown>\n#1 0x55f73871c0b7 <unknown>\n#2 0x55f738769f53 <unknown>\n#3 0x55f73876a051 <unknown>\n#4 0x55f7387af9c4 <unknown>\n#5 0x55f738790f1d <unknown>\n#6 0x55f7387acb3d <unknown>\n#7 0x55f738790cc3 <unknown>\n#8 0x55f73875c0e4 <unknown>\n#9 0x55f73875d0ae <unknown>\n#10 0x55f738a1fce1 <unknown>\n#11 0x55f738a23b7e <unknown>\n#12 0x55f738a0d4b5 <unknown>\n#13 0x55f738a247d6 <unknown>\n#14 0x55f7389f0dbf <unknown>\n#15 0x55f738a47748 <unknown>\n#16 0x55f738a47917 <unknown>\n#17 0x55f738a58773 <unknown>\n#18 0x7f704bc62044 <unknown>","time":{"start":1700097114093,"stop":1700097117798,"duration":3705}},{"uid":"cea06351ec6c8438","reportUrl":"https://zaelcovsky.github.io/StroyremAutomation/141//#testresult/cea06351ec6c8438","status":"broken","statusDetails":"selenium.common.exceptions.NoSuchElementException: Message: no such element: Unable to locate element: {\"method\":\"xpath\",\"selector\":\"//input[@class='amount']\"}\n  (Session info: headless chrome=119.0.6045.105); For documentation on this error, please visit: https://www.selenium.dev/documentation/webdriver/troubleshooting/errors#no-such-element-exception\nStacktrace:\n#0 0x55cba4bf65e3 <unknown>\n#1 0x55cba48b90b7 <unknown>\n#2 0x55cba4906f53 <unknown>\n#3 0x55cba4907051 <unknown>\n#4 0x55cba494c9c4 <unknown>\n#5 0x55cba492df1d <unknown>\n#6 0x55cba4949b3d <unknown>\n#7 0x55cba492dcc3 <unknown>\n#8 0x55cba48f90e4 <unknown>\n#9 0x55cba48fa0ae <unknown>\n#10 0x55cba4bbcce1 <unknown>\n#11 0x55cba4bc0b7e <unknown>\n#12 0x55cba4baa4b5 <unknown>\n#13 0x55cba4bc17d6 <unknown>\n#14 0x55cba4b8ddbf <unknown>\n#15 0x55cba4be4748 <unknown>\n#16 0x55cba4be4917 <unknown>\n#17 0x55cba4bf5773 <unknown>\n#18 0x7f4b0851a044 <unknown>","time":{"start":1700010643290,"stop":1700010646642,"duration":3352}},{"uid":"e0623f07ee350a81","reportUrl":"https://zaelcovsky.github.io/StroyremAutomation/140//#testresult/e0623f07ee350a81","status":"broken","statusDetails":"selenium.common.exceptions.NoSuchElementException: Message: no such element: Unable to locate element: {\"method\":\"xpath\",\"selector\":\"//input[@class='amount']\"}\n  (Session info: headless chrome=119.0.6045.105); For documentation on this error, please visit: https://www.selenium.dev/documentation/webdriver/troubleshooting/errors#no-such-element-exception\nStacktrace:\n#0 0x55eeb13915e3 <unknown>\n#1 0x55eeb10540b7 <unknown>\n#2 0x55eeb10a1f53 <unknown>\n#3 0x55eeb10a2051 <unknown>\n#4 0x55eeb10e79c4 <unknown>\n#5 0x55eeb10c8f1d <unknown>\n#6 0x55eeb10e4b3d <unknown>\n#7 0x55eeb10c8cc3 <unknown>\n#8 0x55eeb10940e4 <unknown>\n#9 0x55eeb10950ae <unknown>\n#10 0x55eeb1357ce1 <unknown>\n#11 0x55eeb135bb7e <unknown>\n#12 0x55eeb13454b5 <unknown>\n#13 0x55eeb135c7d6 <unknown>\n#14 0x55eeb1328dbf <unknown>\n#15 0x55eeb137f748 <unknown>\n#16 0x55eeb137f917 <unknown>\n#17 0x55eeb1390773 <unknown>\n#18 0x7f842da58044 <unknown>","time":{"start":1699924261722,"stop":1699924266000,"duration":4278}},{"uid":"23dba0416a18bd9d","reportUrl":"https://zaelcovsky.github.io/StroyremAutomation/139//#testresult/23dba0416a18bd9d","status":"broken","statusDetails":"selenium.common.exceptions.NoSuchElementException: Message: no such element: Unable to locate element: {\"method\":\"xpath\",\"selector\":\"//input[@class='amount']\"}\n  (Session info: headless chrome=119.0.6045.105); For documentation on this error, please visit: https://www.selenium.dev/documentation/webdriver/troubleshooting/errors#no-such-element-exception\nStacktrace:\n#0 0x556f062535e3 <unknown>\n#1 0x556f05f160b7 <unknown>\n#2 0x556f05f63f53 <unknown>\n#3 0x556f05f64051 <unknown>\n#4 0x556f05fa99c4 <unknown>\n#5 0x556f05f8af1d <unknown>\n#6 0x556f05fa6b3d <unknown>\n#7 0x556f05f8acc3 <unknown>\n#8 0x556f05f560e4 <unknown>\n#9 0x556f05f570ae <unknown>\n#10 0x556f06219ce1 <unknown>\n#11 0x556f0621db7e <unknown>\n#12 0x556f062074b5 <unknown>\n#13 0x556f0621e7d6 <unknown>\n#14 0x556f061eadbf <unknown>\n#15 0x556f06241748 <unknown>\n#16 0x556f06241917 <unknown>\n#17 0x556f06252773 <unknown>\n#18 0x7f8aa26ac044 <unknown>","time":{"start":1699837929828,"stop":1699837933429,"duration":3601}},{"uid":"61412543a9c5b106","reportUrl":"https://zaelcovsky.github.io/StroyremAutomation/138//#testresult/61412543a9c5b106","status":"broken","statusDetails":"selenium.common.exceptions.NoSuchElementException: Message: no such element: Unable to locate element: {\"method\":\"xpath\",\"selector\":\"//input[@class='amount']\"}\n  (Session info: headless chrome=119.0.6045.105); For documentation on this error, please visit: https://www.selenium.dev/documentation/webdriver/troubleshooting/errors#no-such-element-exception\nStacktrace:\n#0 0x560c85b345e3 <unknown>\n#1 0x560c857f70b7 <unknown>\n#2 0x560c85844f53 <unknown>\n#3 0x560c85845051 <unknown>\n#4 0x560c8588a9c4 <unknown>\n#5 0x560c8586bf1d <unknown>\n#6 0x560c85887b3d <unknown>\n#7 0x560c8586bcc3 <unknown>\n#8 0x560c858370e4 <unknown>\n#9 0x560c858380ae <unknown>\n#10 0x560c85aface1 <unknown>\n#11 0x560c85afeb7e <unknown>\n#12 0x560c85ae84b5 <unknown>\n#13 0x560c85aff7d6 <unknown>\n#14 0x560c85acbdbf <unknown>\n#15 0x560c85b22748 <unknown>\n#16 0x560c85b22917 <unknown>\n#17 0x560c85b33773 <unknown>\n#18 0x7f1550c3a044 <unknown>","time":{"start":1699751733832,"stop":1699751739535,"duration":5703}},{"uid":"789007464e568ff","reportUrl":"https://zaelcovsky.github.io/StroyremAutomation/137//#testresult/789007464e568ff","status":"broken","statusDetails":"selenium.common.exceptions.NoSuchElementException: Message: no such element: Unable to locate element: {\"method\":\"xpath\",\"selector\":\"//input[@class='amount']\"}\n  (Session info: headless chrome=119.0.6045.105); For documentation on this error, please visit: https://www.selenium.dev/documentation/webdriver/troubleshooting/errors#no-such-element-exception\nStacktrace:\n#0 0x559c53a535e3 <unknown>\n#1 0x559c537160b7 <unknown>\n#2 0x559c53763f53 <unknown>\n#3 0x559c53764051 <unknown>\n#4 0x559c537a99c4 <unknown>\n#5 0x559c5378af1d <unknown>\n#6 0x559c537a6b3d <unknown>\n#7 0x559c5378acc3 <unknown>\n#8 0x559c537560e4 <unknown>\n#9 0x559c537570ae <unknown>\n#10 0x559c53a19ce1 <unknown>\n#11 0x559c53a1db7e <unknown>\n#12 0x559c53a074b5 <unknown>\n#13 0x559c53a1e7d6 <unknown>\n#14 0x559c539eadbf <unknown>\n#15 0x559c53a41748 <unknown>\n#16 0x559c53a41917 <unknown>\n#17 0x559c53a52773 <unknown>\n#18 0x7f6caa21e044 <unknown>","time":{"start":1699664909450,"stop":1699664913096,"duration":3646}},{"uid":"135e5a295ce899c6","reportUrl":"https://zaelcovsky.github.io/StroyremAutomation/136//#testresult/135e5a295ce899c6","status":"broken","statusDetails":"selenium.common.exceptions.NoSuchElementException: Message: no such element: Unable to locate element: {\"method\":\"xpath\",\"selector\":\"//input[@class='amount']\"}\n  (Session info: headless chrome=119.0.6045.105); For documentation on this error, please visit: https://www.selenium.dev/documentation/webdriver/troubleshooting/errors#no-such-element-exception\nStacktrace:\n#0 0x55e51b9f05e3 <unknown>\n#1 0x55e51b6b30b7 <unknown>\n#2 0x55e51b700f53 <unknown>\n#3 0x55e51b701051 <unknown>\n#4 0x55e51b7469c4 <unknown>\n#5 0x55e51b727f1d <unknown>\n#6 0x55e51b743b3d <unknown>\n#7 0x55e51b727cc3 <unknown>\n#8 0x55e51b6f30e4 <unknown>\n#9 0x55e51b6f40ae <unknown>\n#10 0x55e51b9b6ce1 <unknown>\n#11 0x55e51b9bab7e <unknown>\n#12 0x55e51b9a44b5 <unknown>\n#13 0x55e51b9bb7d6 <unknown>\n#14 0x55e51b987dbf <unknown>\n#15 0x55e51b9de748 <unknown>\n#16 0x55e51b9de917 <unknown>\n#17 0x55e51b9ef773 <unknown>\n#18 0x7f5e8a3ca044 <unknown>","time":{"start":1699578639517,"stop":1699578643734,"duration":4217}},{"uid":"2398d136113861ed","reportUrl":"https://zaelcovsky.github.io/StroyremAutomation/135//#testresult/2398d136113861ed","status":"broken","statusDetails":"selenium.common.exceptions.NoSuchElementException: Message: no such element: Unable to locate element: {\"method\":\"xpath\",\"selector\":\"//input[@class='amount']\"}\n  (Session info: headless chrome=119.0.6045.105); For documentation on this error, please visit: https://www.selenium.dev/documentation/webdriver/troubleshooting/errors#no-such-element-exception\nStacktrace:\n#0 0x55bd69efc5e3 <unknown>\n#1 0x55bd69bbf0b7 <unknown>\n#2 0x55bd69c0cf53 <unknown>\n#3 0x55bd69c0d051 <unknown>\n#4 0x55bd69c529c4 <unknown>\n#5 0x55bd69c33f1d <unknown>\n#6 0x55bd69c4fb3d <unknown>\n#7 0x55bd69c33cc3 <unknown>\n#8 0x55bd69bff0e4 <unknown>\n#9 0x55bd69c000ae <unknown>\n#10 0x55bd69ec2ce1 <unknown>\n#11 0x55bd69ec6b7e <unknown>\n#12 0x55bd69eb04b5 <unknown>\n#13 0x55bd69ec77d6 <unknown>\n#14 0x55bd69e93dbf <unknown>\n#15 0x55bd69eea748 <unknown>\n#16 0x55bd69eea917 <unknown>\n#17 0x55bd69efb773 <unknown>\n#18 0x7f8a3d3ee044 <unknown>","time":{"start":1699492239074,"stop":1699492242463,"duration":3389}},{"uid":"9ecd8ef222b3cf49","reportUrl":"https://zaelcovsky.github.io/StroyremAutomation/134//#testresult/9ecd8ef222b3cf49","status":"broken","statusDetails":"selenium.common.exceptions.NoSuchElementException: Message: no such element: Unable to locate element: {\"method\":\"xpath\",\"selector\":\"//input[@class='amount']\"}\n  (Session info: headless chrome=119.0.6045.105); For documentation on this error, please visit: https://www.selenium.dev/documentation/webdriver/troubleshooting/errors#no-such-element-exception\nStacktrace:\n#0 0x55dc04c555e3 <unknown>\n#1 0x55dc049180b7 <unknown>\n#2 0x55dc04965f53 <unknown>\n#3 0x55dc04966051 <unknown>\n#4 0x55dc049ab9c4 <unknown>\n#5 0x55dc0498cf1d <unknown>\n#6 0x55dc049a8b3d <unknown>\n#7 0x55dc0498ccc3 <unknown>\n#8 0x55dc049580e4 <unknown>\n#9 0x55dc049590ae <unknown>\n#10 0x55dc04c1bce1 <unknown>\n#11 0x55dc04c1fb7e <unknown>\n#12 0x55dc04c094b5 <unknown>\n#13 0x55dc04c207d6 <unknown>\n#14 0x55dc04becdbf <unknown>\n#15 0x55dc04c43748 <unknown>\n#16 0x55dc04c43917 <unknown>\n#17 0x55dc04c54773 <unknown>\n#18 0x7fde9a17d044 <unknown>","time":{"start":1699405769539,"stop":1699405773236,"duration":3697}},{"uid":"76902ddb10178a28","reportUrl":"https://zaelcovsky.github.io/StroyremAutomation/133//#testresult/76902ddb10178a28","status":"broken","statusDetails":"selenium.common.exceptions.NoSuchElementException: Message: no such element: Unable to locate element: {\"method\":\"xpath\",\"selector\":\"//input[@class='amount']\"}\n  (Session info: headless chrome=119.0.6045.105); For documentation on this error, please visit: https://www.selenium.dev/documentation/webdriver/troubleshooting/errors#no-such-element-exception\nStacktrace:\n#0 0x556fd36905e3 <unknown>\n#1 0x556fd33530b7 <unknown>\n#2 0x556fd33a0f53 <unknown>\n#3 0x556fd33a1051 <unknown>\n#4 0x556fd33e69c4 <unknown>\n#5 0x556fd33c7f1d <unknown>\n#6 0x556fd33e3b3d <unknown>\n#7 0x556fd33c7cc3 <unknown>\n#8 0x556fd33930e4 <unknown>\n#9 0x556fd33940ae <unknown>\n#10 0x556fd3656ce1 <unknown>\n#11 0x556fd365ab7e <unknown>\n#12 0x556fd36444b5 <unknown>\n#13 0x556fd365b7d6 <unknown>\n#14 0x556fd3627dbf <unknown>\n#15 0x556fd367e748 <unknown>\n#16 0x556fd367e917 <unknown>\n#17 0x556fd368f773 <unknown>\n#18 0x7f96d1887044 <unknown>","time":{"start":1699319471556,"stop":1699319476454,"duration":4898}},{"uid":"ab4010ba750c1128","reportUrl":"https://zaelcovsky.github.io/StroyremAutomation/132//#testresult/ab4010ba750c1128","status":"broken","statusDetails":"selenium.common.exceptions.NoSuchElementException: Message: no such element: Unable to locate element: {\"method\":\"xpath\",\"selector\":\"//input[@class='amount']\"}\n  (Session info: headless chrome=119.0.6045.105); For documentation on this error, please visit: https://www.selenium.dev/documentation/webdriver/troubleshooting/errors#no-such-element-exception\nStacktrace:\n#0 0x561569b2b5e3 <unknown>\n#1 0x5615697ee0b7 <unknown>\n#2 0x56156983bf53 <unknown>\n#3 0x56156983c051 <unknown>\n#4 0x5615698819c4 <unknown>\n#5 0x561569862f1d <unknown>\n#6 0x56156987eb3d <unknown>\n#7 0x561569862cc3 <unknown>\n#8 0x56156982e0e4 <unknown>\n#9 0x56156982f0ae <unknown>\n#10 0x561569af1ce1 <unknown>\n#11 0x561569af5b7e <unknown>\n#12 0x561569adf4b5 <unknown>\n#13 0x561569af67d6 <unknown>\n#14 0x561569ac2dbf <unknown>\n#15 0x561569b19748 <unknown>\n#16 0x561569b19917 <unknown>\n#17 0x561569b2a773 <unknown>\n#18 0x7f7315a6f044 <unknown>","time":{"start":1699233118576,"stop":1699233122709,"duration":4133}},{"uid":"4a6789c75da019e2","reportUrl":"https://zaelcovsky.github.io/StroyremAutomation/131//#testresult/4a6789c75da019e2","status":"broken","statusDetails":"selenium.common.exceptions.NoSuchElementException: Message: no such element: Unable to locate element: {\"method\":\"xpath\",\"selector\":\"//input[@class='amount']\"}\n  (Session info: headless chrome=119.0.6045.105); For documentation on this error, please visit: https://www.selenium.dev/documentation/webdriver/troubleshooting/errors#no-such-element-exception\nStacktrace:\n#0 0x55596de425e3 <unknown>\n#1 0x55596db050b7 <unknown>\n#2 0x55596db52f53 <unknown>\n#3 0x55596db53051 <unknown>\n#4 0x55596db989c4 <unknown>\n#5 0x55596db79f1d <unknown>\n#6 0x55596db95b3d <unknown>\n#7 0x55596db79cc3 <unknown>\n#8 0x55596db450e4 <unknown>\n#9 0x55596db460ae <unknown>\n#10 0x55596de08ce1 <unknown>\n#11 0x55596de0cb7e <unknown>\n#12 0x55596ddf64b5 <unknown>\n#13 0x55596de0d7d6 <unknown>\n#14 0x55596ddd9dbf <unknown>\n#15 0x55596de30748 <unknown>\n#16 0x55596de30917 <unknown>\n#17 0x55596de41773 <unknown>\n#18 0x7ff9caa33044 <unknown>","time":{"start":1699146873648,"stop":1699146878778,"duration":5130}},{"uid":"c326ffc41f3a75fb","reportUrl":"https://zaelcovsky.github.io/StroyremAutomation/130//#testresult/c326ffc41f3a75fb","status":"broken","statusDetails":"selenium.common.exceptions.NoSuchElementException: Message: no such element: Unable to locate element: {\"method\":\"xpath\",\"selector\":\"//input[@class='amount']\"}\n  (Session info: headless chrome=119.0.6045.105); For documentation on this error, please visit: https://www.selenium.dev/documentation/webdriver/troubleshooting/errors#no-such-element-exception\nStacktrace:\n#0 0x556eae3f85e3 <unknown>\n#1 0x556eae0bb0b7 <unknown>\n#2 0x556eae108f53 <unknown>\n#3 0x556eae109051 <unknown>\n#4 0x556eae14e9c4 <unknown>\n#5 0x556eae12ff1d <unknown>\n#6 0x556eae14bb3d <unknown>\n#7 0x556eae12fcc3 <unknown>\n#8 0x556eae0fb0e4 <unknown>\n#9 0x556eae0fc0ae <unknown>\n#10 0x556eae3bece1 <unknown>\n#11 0x556eae3c2b7e <unknown>\n#12 0x556eae3ac4b5 <unknown>\n#13 0x556eae3c37d6 <unknown>\n#14 0x556eae38fdbf <unknown>\n#15 0x556eae3e6748 <unknown>\n#16 0x556eae3e6917 <unknown>\n#17 0x556eae3f7773 <unknown>\n#18 0x7f1946454044 <unknown>","time":{"start":1699060168614,"stop":1699060173445,"duration":4831}},{"uid":"fb09bbc97a1bbdce","reportUrl":"https://zaelcovsky.github.io/StroyremAutomation/129//#testresult/fb09bbc97a1bbdce","status":"broken","statusDetails":"selenium.common.exceptions.NoSuchElementException: Message: no such element: Unable to locate element: {\"method\":\"xpath\",\"selector\":\"//input[@class='amount']\"}\n  (Session info: headless chrome=119.0.6045.105); For documentation on this error, please visit: https://www.selenium.dev/documentation/webdriver/troubleshooting/errors#no-such-element-exception\nStacktrace:\n#0 0x556a289ab5e3 <unknown>\n#1 0x556a2866e0b7 <unknown>\n#2 0x556a286bbf53 <unknown>\n#3 0x556a286bc051 <unknown>\n#4 0x556a287019c4 <unknown>\n#5 0x556a286e2f1d <unknown>\n#6 0x556a286feb3d <unknown>\n#7 0x556a286e2cc3 <unknown>\n#8 0x556a286ae0e4 <unknown>\n#9 0x556a286af0ae <unknown>\n#10 0x556a28971ce1 <unknown>\n#11 0x556a28975b7e <unknown>\n#12 0x556a2895f4b5 <unknown>\n#13 0x556a289767d6 <unknown>\n#14 0x556a28942dbf <unknown>\n#15 0x556a28999748 <unknown>\n#16 0x556a28999917 <unknown>\n#17 0x556a289aa773 <unknown>\n#18 0x7fb72c554044 <unknown>","time":{"start":1698973755745,"stop":1698973760544,"duration":4799}},{"uid":"6b2837b2dd1452db","reportUrl":"https://zaelcovsky.github.io/StroyremAutomation/128//#testresult/6b2837b2dd1452db","status":"broken","statusDetails":"selenium.common.exceptions.NoSuchElementException: Message: no such element: Unable to locate element: {\"method\":\"xpath\",\"selector\":\"//input[@class='amount']\"}\n  (Session info: headless chrome=119.0.6045.105); For documentation on this error, please visit: https://www.selenium.dev/documentation/webdriver/troubleshooting/errors#no-such-element-exception\nStacktrace:\n#0 0x5567e19285e3 <unknown>\n#1 0x5567e15eb0b7 <unknown>\n#2 0x5567e1638f53 <unknown>\n#3 0x5567e1639051 <unknown>\n#4 0x5567e167e9c4 <unknown>\n#5 0x5567e165ff1d <unknown>\n#6 0x5567e167bb3d <unknown>\n#7 0x5567e165fcc3 <unknown>\n#8 0x5567e162b0e4 <unknown>\n#9 0x5567e162c0ae <unknown>\n#10 0x5567e18eece1 <unknown>\n#11 0x5567e18f2b7e <unknown>\n#12 0x5567e18dc4b5 <unknown>\n#13 0x5567e18f37d6 <unknown>\n#14 0x5567e18bfdbf <unknown>\n#15 0x5567e1916748 <unknown>\n#16 0x5567e1916917 <unknown>\n#17 0x5567e1927773 <unknown>\n#18 0x7f08e4bc1044 <unknown>","time":{"start":1698887337253,"stop":1698887342555,"duration":5302}},{"uid":"495d0c9c85c75b5f","reportUrl":"https://zaelcovsky.github.io/StroyremAutomation/127//#testresult/495d0c9c85c75b5f","status":"broken","statusDetails":"selenium.common.exceptions.NoSuchElementException: Message: no such element: Unable to locate element: {\"method\":\"xpath\",\"selector\":\"//input[@class='amount']\"}\n  (Session info: headless chrome=119.0.6045.105); For documentation on this error, please visit: https://www.selenium.dev/documentation/webdriver/troubleshooting/errors#no-such-element-exception\nStacktrace:\n#0 0x55cb475dd5e3 <unknown>\n#1 0x55cb472a00b7 <unknown>\n#2 0x55cb472edf53 <unknown>\n#3 0x55cb472ee051 <unknown>\n#4 0x55cb473339c4 <unknown>\n#5 0x55cb47314f1d <unknown>\n#6 0x55cb47330b3d <unknown>\n#7 0x55cb47314cc3 <unknown>\n#8 0x55cb472e00e4 <unknown>\n#9 0x55cb472e10ae <unknown>\n#10 0x55cb475a3ce1 <unknown>\n#11 0x55cb475a7b7e <unknown>\n#12 0x55cb475914b5 <unknown>\n#13 0x55cb475a87d6 <unknown>\n#14 0x55cb47574dbf <unknown>\n#15 0x55cb475cb748 <unknown>\n#16 0x55cb475cb917 <unknown>\n#17 0x55cb475dc773 <unknown>\n#18 0x7ff655b13044 <unknown>","time":{"start":1698801227824,"stop":1698801232801,"duration":4977}},{"uid":"43e7097283a581a6","reportUrl":"https://zaelcovsky.github.io/StroyremAutomation/126//#testresult/43e7097283a581a6","status":"broken","statusDetails":"selenium.common.exceptions.NoSuchElementException: Message: no such element: Unable to locate element: {\"method\":\"xpath\",\"selector\":\"//input[@class='amount']\"}\n  (Session info: headless chrome=118.0.5993.70); For documentation on this error, please visit: https://www.selenium.dev/documentation/webdriver/troubleshooting/errors#no-such-element-exception\nStacktrace:\n#0 0x560a6d616fb3 <unknown>\n#1 0x560a6d2ea4a7 <unknown>\n#2 0x560a6d331dd6 <unknown>\n#3 0x560a6d331ec1 <unknown>\n#4 0x560a6d36f354 <unknown>\n#5 0x560a6d35396d <unknown>\n#6 0x560a6d36cc02 <unknown>\n#7 0x560a6d353713 <unknown>\n#8 0x560a6d32618b <unknown>\n#9 0x560a6d326f7e <unknown>\n#10 0x560a6d5dc8d8 <unknown>\n#11 0x560a6d5e0800 <unknown>\n#12 0x560a6d5eacfc <unknown>\n#13 0x560a6d5e1418 <unknown>\n#14 0x560a6d5ae42f <unknown>\n#15 0x560a6d6054e8 <unknown>\n#16 0x560a6d6056b4 <unknown>\n#17 0x560a6d616143 <unknown>\n#18 0x7ffa4f4e9044 <unknown>","time":{"start":1698714566665,"stop":1698714570495,"duration":3830}},{"uid":"f39e3aa4caf19ce5","reportUrl":"https://zaelcovsky.github.io/StroyremAutomation/125//#testresult/f39e3aa4caf19ce5","status":"broken","statusDetails":"selenium.common.exceptions.NoSuchElementException: Message: no such element: Unable to locate element: {\"method\":\"xpath\",\"selector\":\"//input[@class='amount']\"}\n  (Session info: headless chrome=118.0.5993.70); For documentation on this error, please visit: https://www.selenium.dev/documentation/webdriver/troubleshooting/errors#no-such-element-exception\nStacktrace:\n#0 0x55d70decefb3 <unknown>\n#1 0x55d70dba24a7 <unknown>\n#2 0x55d70dbe9dd6 <unknown>\n#3 0x55d70dbe9ec1 <unknown>\n#4 0x55d70dc27354 <unknown>\n#5 0x55d70dc0b96d <unknown>\n#6 0x55d70dc24c02 <unknown>\n#7 0x55d70dc0b713 <unknown>\n#8 0x55d70dbde18b <unknown>\n#9 0x55d70dbdef7e <unknown>\n#10 0x55d70de948d8 <unknown>\n#11 0x55d70de98800 <unknown>\n#12 0x55d70dea2cfc <unknown>\n#13 0x55d70de99418 <unknown>\n#14 0x55d70de6642f <unknown>\n#15 0x55d70debd4e8 <unknown>\n#16 0x55d70debd6b4 <unknown>\n#17 0x55d70dece143 <unknown>\n#18 0x7f4a7ba4f044 <unknown>","time":{"start":1698628140069,"stop":1698628144808,"duration":4739}}]},"tags":["smoke"]},"source":"d78b98a1ba5c0642.json","parameterValues":["12500","333","'TD 012'","11990","'products/shtukaturka-gipsovaya-aksolit-m50-30-kg-mashinnogo-naneseniya'","4450","'https://sandboxtest.stroyrem-nn.ru/'","10000"]}