{"uid":"f39a4637e8761dcb","name":"TD 023 Доставка товара весом до 6200кг. в синей зоне","fullName":"tests.delivery.test_delivery_calculation.TestDeliveryPageCalculation#test_positive_delivery_blue_zone_smoke","historyId":"fe4664de905f76a94b6350f1590cde09","time":{"start":1700356587751,"stop":1700356591225,"duration":3474},"status":"skipped","statusMessage":"XFAIL\n\nselenium.common.exceptions.NoSuchElementException: Message: no such element: Unable to locate element: {\"method\":\"xpath\",\"selector\":\"//input[@class='amount']\"}\n  (Session info: headless chrome=119.0.6045.105); For documentation on this error, please visit: https://www.selenium.dev/documentation/webdriver/troubleshooting/errors#no-such-element-exception\nStacktrace:\n#0 0x55b1922b95e3 <unknown>\n#1 0x55b191f7c0b7 <unknown>\n#2 0x55b191fc9f53 <unknown>\n#3 0x55b191fca051 <unknown>\n#4 0x55b19200f9c4 <unknown>\n#5 0x55b191ff0f1d <unknown>\n#6 0x55b19200cb3d <unknown>\n#7 0x55b191ff0cc3 <unknown>\n#8 0x55b191fbc0e4 <unknown>\n#9 0x55b191fbd0ae <unknown>\n#10 0x55b19227fce1 <unknown>\n#11 0x55b192283b7e <unknown>\n#12 0x55b19226d4b5 <unknown>\n#13 0x55b1922847d6 <unknown>\n#14 0x55b192250dbf <unknown>\n#15 0x55b1922a7748 <unknown>\n#16 0x55b1922a7917 <unknown>\n#17 0x55b1922b8773 <unknown>\n#18 0x7f68d2e9b044 <unknown>","statusTrace":"self = <tests.delivery.test_delivery_calculation.TestDeliveryPageCalculation object at 0x7fce89c1c110>\ndriver = <selenium.webdriver.chrome.webdriver.WebDriver (session=\"02606d23fe7164cc38afdf99b99ae695\")>\nurl = 'https://sandboxtest.stroyrem-nn.ru/', case_id = 'TD 023'\nlink_item = 'products/shtukaturka-gipsovaya-aksolit-m50-30-kg-mashinnogo-naneseniya'\namount = 206, weight = 6200, standard = 3300, in_time = 7500, all_time = 8000\n\n    @pytest.mark.parametrize('case_id, link_item, amount, weight, standard, in_time, all_time', [\n        (\"TD 015\", bundeks_25, 1, 30, 650, 2390, 3320),\n        pytest.param(\n            \"TD 016\", aksolit_30, 8, 300, 650, 2390, 3320,\n            marks=pytest.mark.xfail(reson=\"Цена доставки: - - -\")\n        ),\n        (\"TD 017\", aksolit_30, 13, 400, 650, 2390, 3320),\n        (\"TD 018\", aksolit_30, 16, 500, 850, 2490, 3320),\n        (\"TD 019\", aksolit_30, 25, 1700, 1150, 2490, 3320),\n        (\"TD 020\", aksolit_30, 66, 2000, 1500, 2990, 3650),\n        (\"TD 021\", aksolit_30, 149, 4500, 2600, 4380, 4890),\n        (\"TD 022\", aksolit_30, 166, 5000, 2800, 5490, 5980),\n        pytest.param(\n            \"TD 023\", aksolit_30, 206, 6200, 3300, 7500, 8000,\n            marks=pytest.mark.xfail(reson=\"Цена доставки: 4300 9900 11440\")\n        ),\n        (\"TD 024\", aksolit_30, 299, 9000, 4300, 9900, 11440),\n        (\"TD 025\", aksolit_30, 333, 10000, 7000, 13900, 15900),\n        pytest.param(\n            \"TD 026\", aksolit_30, 366, 11000, 8000, 14900, 19900,\n            marks=pytest.mark.xfail(reson=\"Цена доставки: 7000 13900 15900\")\n        ),\n        pytest.param(\n            \"TD 027\", aksolit_30, 666, 20000, 14000, 16900, 23900,\n            marks=pytest.mark.xfail(reson=\"Цена доставки: 7000 13900 15900\")\n        )\n    ])\n    @pytest.mark.smoke\n    def test_positive_delivery_blue_zone_smoke(\n            self, driver, url, case_id, link_item, amount, weight, standard, in_time, all_time\n    ):\n        allure.dynamic.title(f\"{case_id} Доставка товара весом до {weight}кг. в синей зоне\")\n    \n        driver.get(f'{url}{link_item}')\n        item_page = ItemPage(driver)\n>       item_page.add_item_to_cart(amount).click_on_cart()\n\ntests/delivery/test_delivery_calculation.py:130: \n_ _ _ _ _ _ _ _ _ _ _ _ _ _ _ _ _ _ _ _ _ _ _ _ _ _ _ _ _ _ _ _ _ _ _ _ _ _ _ _ \npages/item_page.py:41: in add_item_to_cart\n    amount_field = self.find_element(self._item_amount)\nbase/seleniumbase.py:17: in find_element\n    return self.driver.find_element(*locator)\n/usr/local/lib/python3.11/site-packages/selenium/webdriver/remote/webdriver.py:740: in find_element\n    return self.execute(Command.FIND_ELEMENT, {\"using\": by, \"value\": value})[\"value\"]\n/usr/local/lib/python3.11/site-packages/selenium/webdriver/remote/webdriver.py:346: in execute\n    self.error_handler.check_response(response)\n_ _ _ _ _ _ _ _ _ _ _ _ _ _ _ _ _ _ _ _ _ _ _ _ _ _ _ _ _ _ _ _ _ _ _ _ _ _ _ _ \n\nself = <selenium.webdriver.remote.errorhandler.ErrorHandler object at 0x7fce896cbdd0>\nresponse = {'status': 404, 'value': '{\"value\":{\"error\":\"no such element\",\"message\":\"no such element: Unable to locate element: {\\...\\\\n#16 0x55b1922a7917 \\\\u003Cunknown>\\\\n#17 0x55b1922b8773 \\\\u003Cunknown>\\\\n#18 0x7f68d2e9b044 \\\\u003Cunknown>\\\\n\"}}'}\n\n    def check_response(self, response: Dict[str, Any]) -> None:\n        \"\"\"Checks that a JSON response from the WebDriver does not have an\n        error.\n    \n        :Args:\n         - response - The JSON response from the WebDriver server as a dictionary\n           object.\n    \n        :Raises: If the response contains an error message.\n        \"\"\"\n        status = response.get(\"status\", None)\n        if not status or status == ErrorCode.SUCCESS:\n            return\n        value = None\n        message = response.get(\"message\", \"\")\n        screen: str = response.get(\"screen\", \"\")\n        stacktrace = None\n        if isinstance(status, int):\n            value_json = response.get(\"value\", None)\n            if value_json and isinstance(value_json, str):\n                import json\n    \n                try:\n                    value = json.loads(value_json)\n                    if len(value) == 1:\n                        value = value[\"value\"]\n                    status = value.get(\"error\", None)\n                    if not status:\n                        status = value.get(\"status\", ErrorCode.UNKNOWN_ERROR)\n                        message = value.get(\"value\") or value.get(\"message\")\n                        if not isinstance(message, str):\n                            value = message\n                            message = message.get(\"message\")\n                    else:\n                        message = value.get(\"message\", None)\n                except ValueError:\n                    pass\n    \n        exception_class: Type[WebDriverException]\n        if status in ErrorCode.NO_SUCH_ELEMENT:\n            exception_class = NoSuchElementException\n        elif status in ErrorCode.NO_SUCH_FRAME:\n            exception_class = NoSuchFrameException\n        elif status in ErrorCode.NO_SUCH_SHADOW_ROOT:\n            exception_class = NoSuchShadowRootException\n        elif status in ErrorCode.NO_SUCH_WINDOW:\n            exception_class = NoSuchWindowException\n        elif status in ErrorCode.STALE_ELEMENT_REFERENCE:\n            exception_class = StaleElementReferenceException\n        elif status in ErrorCode.ELEMENT_NOT_VISIBLE:\n            exception_class = ElementNotVisibleException\n        elif status in ErrorCode.INVALID_ELEMENT_STATE:\n            exception_class = InvalidElementStateException\n        elif (\n            status in ErrorCode.INVALID_SELECTOR\n            or status in ErrorCode.INVALID_XPATH_SELECTOR\n            or status in ErrorCode.INVALID_XPATH_SELECTOR_RETURN_TYPER\n        ):\n            exception_class = InvalidSelectorException\n        elif status in ErrorCode.ELEMENT_IS_NOT_SELECTABLE:\n            exception_class = ElementNotSelectableException\n        elif status in ErrorCode.ELEMENT_NOT_INTERACTABLE:\n            exception_class = ElementNotInteractableException\n        elif status in ErrorCode.INVALID_COOKIE_DOMAIN:\n            exception_class = InvalidCookieDomainException\n        elif status in ErrorCode.UNABLE_TO_SET_COOKIE:\n            exception_class = UnableToSetCookieException\n        elif status in ErrorCode.TIMEOUT:\n            exception_class = TimeoutException\n        elif status in ErrorCode.SCRIPT_TIMEOUT:\n            exception_class = TimeoutException\n        elif status in ErrorCode.UNKNOWN_ERROR:\n            exception_class = WebDriverException\n        elif status in ErrorCode.UNEXPECTED_ALERT_OPEN:\n            exception_class = UnexpectedAlertPresentException\n        elif status in ErrorCode.NO_ALERT_OPEN:\n            exception_class = NoAlertPresentException\n        elif status in ErrorCode.IME_NOT_AVAILABLE:\n            exception_class = ImeNotAvailableException\n        elif status in ErrorCode.IME_ENGINE_ACTIVATION_FAILED:\n            exception_class = ImeActivationFailedException\n        elif status in ErrorCode.MOVE_TARGET_OUT_OF_BOUNDS:\n            exception_class = MoveTargetOutOfBoundsException\n        elif status in ErrorCode.JAVASCRIPT_ERROR:\n            exception_class = JavascriptException\n        elif status in ErrorCode.SESSION_NOT_CREATED:\n            exception_class = SessionNotCreatedException\n        elif status in ErrorCode.INVALID_ARGUMENT:\n            exception_class = InvalidArgumentException\n        elif status in ErrorCode.NO_SUCH_COOKIE:\n            exception_class = NoSuchCookieException\n        elif status in ErrorCode.UNABLE_TO_CAPTURE_SCREEN:\n            exception_class = ScreenshotException\n        elif status in ErrorCode.ELEMENT_CLICK_INTERCEPTED:\n            exception_class = ElementClickInterceptedException\n        elif status in ErrorCode.INSECURE_CERTIFICATE:\n            exception_class = InsecureCertificateException\n        elif status in ErrorCode.INVALID_COORDINATES:\n            exception_class = InvalidCoordinatesException\n        elif status in ErrorCode.INVALID_SESSION_ID:\n            exception_class = InvalidSessionIdException\n        elif status in ErrorCode.UNKNOWN_METHOD:\n            exception_class = UnknownMethodException\n        else:\n            exception_class = WebDriverException\n        if not value:\n            value = response[\"value\"]\n        if isinstance(value, str):\n            raise exception_class(value)\n        if message == \"\" and \"message\" in value:\n            message = value[\"message\"]\n    \n        screen = None  # type: ignore[assignment]\n        if \"screen\" in value:\n            screen = value[\"screen\"]\n    \n        stacktrace = None\n        st_value = value.get(\"stackTrace\") or value.get(\"stacktrace\")\n        if st_value:\n            if isinstance(st_value, str):\n                stacktrace = st_value.split(\"\\n\")\n            else:\n                stacktrace = []\n                try:\n                    for frame in st_value:\n                        line = frame.get(\"lineNumber\", \"\")\n                        file = frame.get(\"fileName\", \"<anonymous>\")\n                        if line:\n                            file = f\"{file}:{line}\"\n                        meth = frame.get(\"methodName\", \"<anonymous>\")\n                        if \"className\" in frame:\n                            meth = f\"{frame['className']}.{meth}\"\n                        msg = \"    at %s (%s)\"\n                        msg = msg % (meth, file)\n                        stacktrace.append(msg)\n                except TypeError:\n                    pass\n        if exception_class == UnexpectedAlertPresentException:\n            alert_text = None\n            if \"data\" in value:\n                alert_text = value[\"data\"].get(\"text\")\n            elif \"alert\" in value:\n                alert_text = value[\"alert\"].get(\"text\")\n            raise exception_class(message, screen, stacktrace, alert_text)  # type: ignore[call-arg]  # mypy is not smart enough here\n>       raise exception_class(message, screen, stacktrace)\nE       selenium.common.exceptions.NoSuchElementException: Message: no such element: Unable to locate element: {\"method\":\"xpath\",\"selector\":\"//input[@class='amount']\"}\nE         (Session info: headless chrome=119.0.6045.105); For documentation on this error, please visit: https://www.selenium.dev/documentation/webdriver/troubleshooting/errors#no-such-element-exception\nE       Stacktrace:\nE       #0 0x55b1922b95e3 <unknown>\nE       #1 0x55b191f7c0b7 <unknown>\nE       #2 0x55b191fc9f53 <unknown>\nE       #3 0x55b191fca051 <unknown>\nE       #4 0x55b19200f9c4 <unknown>\nE       #5 0x55b191ff0f1d <unknown>\nE       #6 0x55b19200cb3d <unknown>\nE       #7 0x55b191ff0cc3 <unknown>\nE       #8 0x55b191fbc0e4 <unknown>\nE       #9 0x55b191fbd0ae <unknown>\nE       #10 0x55b19227fce1 <unknown>\nE       #11 0x55b192283b7e <unknown>\nE       #12 0x55b19226d4b5 <unknown>\nE       #13 0x55b1922847d6 <unknown>\nE       #14 0x55b192250dbf <unknown>\nE       #15 0x55b1922a7748 <unknown>\nE       #16 0x55b1922a7917 <unknown>\nE       #17 0x55b1922b8773 <unknown>\nE       #18 0x7f68d2e9b044 <unknown>\n\n/usr/local/lib/python3.11/site-packages/selenium/webdriver/remote/errorhandler.py:245: NoSuchElementException","flaky":false,"newFailed":false,"newBroken":false,"newPassed":false,"retriesCount":0,"retriesStatusChange":false,"beforeStages":[{"name":"_session_faker","time":{"start":1700356101258,"stop":1700356101326,"duration":68},"status":"passed","steps":[],"attachments":[],"parameters":[],"shouldDisplayMessage":false,"stepsCount":0,"attachmentsCount":0,"hasContent":false},{"name":"clear_allure_results_folder","time":{"start":1700356101326,"stop":1700356101326,"duration":0},"status":"passed","steps":[],"attachments":[],"parameters":[],"shouldDisplayMessage":false,"stepsCount":0,"attachmentsCount":0,"hasContent":false},{"name":"driver","time":{"start":1700356587015,"stop":1700356587749,"duration":734},"status":"passed","steps":[],"attachments":[],"parameters":[],"shouldDisplayMessage":false,"stepsCount":0,"attachmentsCount":0,"hasContent":false},{"name":"setup","time":{"start":1700356587750,"stop":1700356587750,"duration":0},"status":"passed","steps":[],"attachments":[],"parameters":[],"shouldDisplayMessage":false,"stepsCount":0,"attachmentsCount":0,"hasContent":false}],"testStage":{"status":"skipped","statusMessage":"XFAIL\n\nselenium.common.exceptions.NoSuchElementException: Message: no such element: Unable to locate element: {\"method\":\"xpath\",\"selector\":\"//input[@class='amount']\"}\n  (Session info: headless chrome=119.0.6045.105); For documentation on this error, please visit: https://www.selenium.dev/documentation/webdriver/troubleshooting/errors#no-such-element-exception\nStacktrace:\n#0 0x55b1922b95e3 <unknown>\n#1 0x55b191f7c0b7 <unknown>\n#2 0x55b191fc9f53 <unknown>\n#3 0x55b191fca051 <unknown>\n#4 0x55b19200f9c4 <unknown>\n#5 0x55b191ff0f1d <unknown>\n#6 0x55b19200cb3d <unknown>\n#7 0x55b191ff0cc3 <unknown>\n#8 0x55b191fbc0e4 <unknown>\n#9 0x55b191fbd0ae <unknown>\n#10 0x55b19227fce1 <unknown>\n#11 0x55b192283b7e <unknown>\n#12 0x55b19226d4b5 <unknown>\n#13 0x55b1922847d6 <unknown>\n#14 0x55b192250dbf <unknown>\n#15 0x55b1922a7748 <unknown>\n#16 0x55b1922a7917 <unknown>\n#17 0x55b1922b8773 <unknown>\n#18 0x7f68d2e9b044 <unknown>","statusTrace":"self = <tests.delivery.test_delivery_calculation.TestDeliveryPageCalculation object at 0x7fce89c1c110>\ndriver = <selenium.webdriver.chrome.webdriver.WebDriver (session=\"02606d23fe7164cc38afdf99b99ae695\")>\nurl = 'https://sandboxtest.stroyrem-nn.ru/', case_id = 'TD 023'\nlink_item = 'products/shtukaturka-gipsovaya-aksolit-m50-30-kg-mashinnogo-naneseniya'\namount = 206, weight = 6200, standard = 3300, in_time = 7500, all_time = 8000\n\n    @pytest.mark.parametrize('case_id, link_item, amount, weight, standard, in_time, all_time', [\n        (\"TD 015\", bundeks_25, 1, 30, 650, 2390, 3320),\n        pytest.param(\n            \"TD 016\", aksolit_30, 8, 300, 650, 2390, 3320,\n            marks=pytest.mark.xfail(reson=\"Цена доставки: - - -\")\n        ),\n        (\"TD 017\", aksolit_30, 13, 400, 650, 2390, 3320),\n        (\"TD 018\", aksolit_30, 16, 500, 850, 2490, 3320),\n        (\"TD 019\", aksolit_30, 25, 1700, 1150, 2490, 3320),\n        (\"TD 020\", aksolit_30, 66, 2000, 1500, 2990, 3650),\n        (\"TD 021\", aksolit_30, 149, 4500, 2600, 4380, 4890),\n        (\"TD 022\", aksolit_30, 166, 5000, 2800, 5490, 5980),\n        pytest.param(\n            \"TD 023\", aksolit_30, 206, 6200, 3300, 7500, 8000,\n            marks=pytest.mark.xfail(reson=\"Цена доставки: 4300 9900 11440\")\n        ),\n        (\"TD 024\", aksolit_30, 299, 9000, 4300, 9900, 11440),\n        (\"TD 025\", aksolit_30, 333, 10000, 7000, 13900, 15900),\n        pytest.param(\n            \"TD 026\", aksolit_30, 366, 11000, 8000, 14900, 19900,\n            marks=pytest.mark.xfail(reson=\"Цена доставки: 7000 13900 15900\")\n        ),\n        pytest.param(\n            \"TD 027\", aksolit_30, 666, 20000, 14000, 16900, 23900,\n            marks=pytest.mark.xfail(reson=\"Цена доставки: 7000 13900 15900\")\n        )\n    ])\n    @pytest.mark.smoke\n    def test_positive_delivery_blue_zone_smoke(\n            self, driver, url, case_id, link_item, amount, weight, standard, in_time, all_time\n    ):\n        allure.dynamic.title(f\"{case_id} Доставка товара весом до {weight}кг. в синей зоне\")\n    \n        driver.get(f'{url}{link_item}')\n        item_page = ItemPage(driver)\n>       item_page.add_item_to_cart(amount).click_on_cart()\n\ntests/delivery/test_delivery_calculation.py:130: \n_ _ _ _ _ _ _ _ _ _ _ _ _ _ _ _ _ _ _ _ _ _ _ _ _ _ _ _ _ _ _ _ _ _ _ _ _ _ _ _ \npages/item_page.py:41: in add_item_to_cart\n    amount_field = self.find_element(self._item_amount)\nbase/seleniumbase.py:17: in find_element\n    return self.driver.find_element(*locator)\n/usr/local/lib/python3.11/site-packages/selenium/webdriver/remote/webdriver.py:740: in find_element\n    return self.execute(Command.FIND_ELEMENT, {\"using\": by, \"value\": value})[\"value\"]\n/usr/local/lib/python3.11/site-packages/selenium/webdriver/remote/webdriver.py:346: in execute\n    self.error_handler.check_response(response)\n_ _ _ _ _ _ _ _ _ _ _ _ _ _ _ _ _ _ _ _ _ _ _ _ _ _ _ _ _ _ _ _ _ _ _ _ _ _ _ _ \n\nself = <selenium.webdriver.remote.errorhandler.ErrorHandler object at 0x7fce896cbdd0>\nresponse = {'status': 404, 'value': '{\"value\":{\"error\":\"no such element\",\"message\":\"no such element: Unable to locate element: {\\...\\\\n#16 0x55b1922a7917 \\\\u003Cunknown>\\\\n#17 0x55b1922b8773 \\\\u003Cunknown>\\\\n#18 0x7f68d2e9b044 \\\\u003Cunknown>\\\\n\"}}'}\n\n    def check_response(self, response: Dict[str, Any]) -> None:\n        \"\"\"Checks that a JSON response from the WebDriver does not have an\n        error.\n    \n        :Args:\n         - response - The JSON response from the WebDriver server as a dictionary\n           object.\n    \n        :Raises: If the response contains an error message.\n        \"\"\"\n        status = response.get(\"status\", None)\n        if not status or status == ErrorCode.SUCCESS:\n            return\n        value = None\n        message = response.get(\"message\", \"\")\n        screen: str = response.get(\"screen\", \"\")\n        stacktrace = None\n        if isinstance(status, int):\n            value_json = response.get(\"value\", None)\n            if value_json and isinstance(value_json, str):\n                import json\n    \n                try:\n                    value = json.loads(value_json)\n                    if len(value) == 1:\n                        value = value[\"value\"]\n                    status = value.get(\"error\", None)\n                    if not status:\n                        status = value.get(\"status\", ErrorCode.UNKNOWN_ERROR)\n                        message = value.get(\"value\") or value.get(\"message\")\n                        if not isinstance(message, str):\n                            value = message\n                            message = message.get(\"message\")\n                    else:\n                        message = value.get(\"message\", None)\n                except ValueError:\n                    pass\n    \n        exception_class: Type[WebDriverException]\n        if status in ErrorCode.NO_SUCH_ELEMENT:\n            exception_class = NoSuchElementException\n        elif status in ErrorCode.NO_SUCH_FRAME:\n            exception_class = NoSuchFrameException\n        elif status in ErrorCode.NO_SUCH_SHADOW_ROOT:\n            exception_class = NoSuchShadowRootException\n        elif status in ErrorCode.NO_SUCH_WINDOW:\n            exception_class = NoSuchWindowException\n        elif status in ErrorCode.STALE_ELEMENT_REFERENCE:\n            exception_class = StaleElementReferenceException\n        elif status in ErrorCode.ELEMENT_NOT_VISIBLE:\n            exception_class = ElementNotVisibleException\n        elif status in ErrorCode.INVALID_ELEMENT_STATE:\n            exception_class = InvalidElementStateException\n        elif (\n            status in ErrorCode.INVALID_SELECTOR\n            or status in ErrorCode.INVALID_XPATH_SELECTOR\n            or status in ErrorCode.INVALID_XPATH_SELECTOR_RETURN_TYPER\n        ):\n            exception_class = InvalidSelectorException\n        elif status in ErrorCode.ELEMENT_IS_NOT_SELECTABLE:\n            exception_class = ElementNotSelectableException\n        elif status in ErrorCode.ELEMENT_NOT_INTERACTABLE:\n            exception_class = ElementNotInteractableException\n        elif status in ErrorCode.INVALID_COOKIE_DOMAIN:\n            exception_class = InvalidCookieDomainException\n        elif status in ErrorCode.UNABLE_TO_SET_COOKIE:\n            exception_class = UnableToSetCookieException\n        elif status in ErrorCode.TIMEOUT:\n            exception_class = TimeoutException\n        elif status in ErrorCode.SCRIPT_TIMEOUT:\n            exception_class = TimeoutException\n        elif status in ErrorCode.UNKNOWN_ERROR:\n            exception_class = WebDriverException\n        elif status in ErrorCode.UNEXPECTED_ALERT_OPEN:\n            exception_class = UnexpectedAlertPresentException\n        elif status in ErrorCode.NO_ALERT_OPEN:\n            exception_class = NoAlertPresentException\n        elif status in ErrorCode.IME_NOT_AVAILABLE:\n            exception_class = ImeNotAvailableException\n        elif status in ErrorCode.IME_ENGINE_ACTIVATION_FAILED:\n            exception_class = ImeActivationFailedException\n        elif status in ErrorCode.MOVE_TARGET_OUT_OF_BOUNDS:\n            exception_class = MoveTargetOutOfBoundsException\n        elif status in ErrorCode.JAVASCRIPT_ERROR:\n            exception_class = JavascriptException\n        elif status in ErrorCode.SESSION_NOT_CREATED:\n            exception_class = SessionNotCreatedException\n        elif status in ErrorCode.INVALID_ARGUMENT:\n            exception_class = InvalidArgumentException\n        elif status in ErrorCode.NO_SUCH_COOKIE:\n            exception_class = NoSuchCookieException\n        elif status in ErrorCode.UNABLE_TO_CAPTURE_SCREEN:\n            exception_class = ScreenshotException\n        elif status in ErrorCode.ELEMENT_CLICK_INTERCEPTED:\n            exception_class = ElementClickInterceptedException\n        elif status in ErrorCode.INSECURE_CERTIFICATE:\n            exception_class = InsecureCertificateException\n        elif status in ErrorCode.INVALID_COORDINATES:\n            exception_class = InvalidCoordinatesException\n        elif status in ErrorCode.INVALID_SESSION_ID:\n            exception_class = InvalidSessionIdException\n        elif status in ErrorCode.UNKNOWN_METHOD:\n            exception_class = UnknownMethodException\n        else:\n            exception_class = WebDriverException\n        if not value:\n            value = response[\"value\"]\n        if isinstance(value, str):\n            raise exception_class(value)\n        if message == \"\" and \"message\" in value:\n            message = value[\"message\"]\n    \n        screen = None  # type: ignore[assignment]\n        if \"screen\" in value:\n            screen = value[\"screen\"]\n    \n        stacktrace = None\n        st_value = value.get(\"stackTrace\") or value.get(\"stacktrace\")\n        if st_value:\n            if isinstance(st_value, str):\n                stacktrace = st_value.split(\"\\n\")\n            else:\n                stacktrace = []\n                try:\n                    for frame in st_value:\n                        line = frame.get(\"lineNumber\", \"\")\n                        file = frame.get(\"fileName\", \"<anonymous>\")\n                        if line:\n                            file = f\"{file}:{line}\"\n                        meth = frame.get(\"methodName\", \"<anonymous>\")\n                        if \"className\" in frame:\n                            meth = f\"{frame['className']}.{meth}\"\n                        msg = \"    at %s (%s)\"\n                        msg = msg % (meth, file)\n                        stacktrace.append(msg)\n                except TypeError:\n                    pass\n        if exception_class == UnexpectedAlertPresentException:\n            alert_text = None\n            if \"data\" in value:\n                alert_text = value[\"data\"].get(\"text\")\n            elif \"alert\" in value:\n                alert_text = value[\"alert\"].get(\"text\")\n            raise exception_class(message, screen, stacktrace, alert_text)  # type: ignore[call-arg]  # mypy is not smart enough here\n>       raise exception_class(message, screen, stacktrace)\nE       selenium.common.exceptions.NoSuchElementException: Message: no such element: Unable to locate element: {\"method\":\"xpath\",\"selector\":\"//input[@class='amount']\"}\nE         (Session info: headless chrome=119.0.6045.105); For documentation on this error, please visit: https://www.selenium.dev/documentation/webdriver/troubleshooting/errors#no-such-element-exception\nE       Stacktrace:\nE       #0 0x55b1922b95e3 <unknown>\nE       #1 0x55b191f7c0b7 <unknown>\nE       #2 0x55b191fc9f53 <unknown>\nE       #3 0x55b191fca051 <unknown>\nE       #4 0x55b19200f9c4 <unknown>\nE       #5 0x55b191ff0f1d <unknown>\nE       #6 0x55b19200cb3d <unknown>\nE       #7 0x55b191ff0cc3 <unknown>\nE       #8 0x55b191fbc0e4 <unknown>\nE       #9 0x55b191fbd0ae <unknown>\nE       #10 0x55b19227fce1 <unknown>\nE       #11 0x55b192283b7e <unknown>\nE       #12 0x55b19226d4b5 <unknown>\nE       #13 0x55b1922847d6 <unknown>\nE       #14 0x55b192250dbf <unknown>\nE       #15 0x55b1922a7748 <unknown>\nE       #16 0x55b1922a7917 <unknown>\nE       #17 0x55b1922b8773 <unknown>\nE       #18 0x7f68d2e9b044 <unknown>\n\n/usr/local/lib/python3.11/site-packages/selenium/webdriver/remote/errorhandler.py:245: NoSuchElementException","steps":[{"name":"Добавляем товар в корзину в количестве 206","time":{"start":1700356591172,"stop":1700356591225,"duration":53},"status":"broken","statusMessage":"selenium.common.exceptions.NoSuchElementException: Message: no such element: Unable to locate element: {\"method\":\"xpath\",\"selector\":\"//input[@class='amount']\"}\n  (Session info: headless chrome=119.0.6045.105); For documentation on this error, please visit: https://www.selenium.dev/documentation/webdriver/troubleshooting/errors#no-such-element-exception\nStacktrace:\n#0 0x55b1922b95e3 <unknown>\n#1 0x55b191f7c0b7 <unknown>\n#2 0x55b191fc9f53 <unknown>\n#3 0x55b191fca051 <unknown>\n#4 0x55b19200f9c4 <unknown>\n#5 0x55b191ff0f1d <unknown>\n#6 0x55b19200cb3d <unknown>\n#7 0x55b191ff0cc3 <unknown>\n#8 0x55b191fbc0e4 <unknown>\n#9 0x55b191fbd0ae <unknown>\n#10 0x55b19227fce1 <unknown>\n#11 0x55b192283b7e <unknown>\n#12 0x55b19226d4b5 <unknown>\n#13 0x55b1922847d6 <unknown>\n#14 0x55b192250dbf <unknown>\n#15 0x55b1922a7748 <unknown>\n#16 0x55b1922a7917 <unknown>\n#17 0x55b1922b8773 <unknown>\n#18 0x7f68d2e9b044 <unknown>\n\n","statusTrace":"  File \"/usr/local/lib/python3.11/site-packages/allure_commons/_allure.py\", line 192, in impl\n    return func(*a, **kw)\n           ^^^^^^^^^^^^^^\n  File \"/app/pages/item_page.py\", line 41, in add_item_to_cart\n    amount_field = self.find_element(self._item_amount)\n                   ^^^^^^^^^^^^^^^^^^^^^^^^^^^^^^^^^^^^\n  File \"/app/base/seleniumbase.py\", line 17, in find_element\n    return self.driver.find_element(*locator)\n           ^^^^^^^^^^^^^^^^^^^^^^^^^^^^^^^^^^\n  File \"/usr/local/lib/python3.11/site-packages/selenium/webdriver/remote/webdriver.py\", line 740, in find_element\n    return self.execute(Command.FIND_ELEMENT, {\"using\": by, \"value\": value})[\"value\"]\n           ^^^^^^^^^^^^^^^^^^^^^^^^^^^^^^^^^^^^^^^^^^^^^^^^^^^^^^^^^^^^^^^^^\n  File \"/usr/local/lib/python3.11/site-packages/selenium/webdriver/remote/webdriver.py\", line 346, in execute\n    self.error_handler.check_response(response)\n  File \"/usr/local/lib/python3.11/site-packages/selenium/webdriver/remote/errorhandler.py\", line 245, in check_response\n    raise exception_class(message, screen, stacktrace)\n","steps":[],"attachments":[],"parameters":[{"name":"amount","value":"206"}],"shouldDisplayMessage":true,"stepsCount":0,"attachmentsCount":0,"hasContent":true}],"attachments":[{"uid":"25ac2bfe6b98f242","name":"Screenshot","source":"25ac2bfe6b98f242.png","type":"image/png","size":115178},{"uid":"8716665817c1eb35","name":"HTML source","source":"8716665817c1eb35.html","type":"text/html","size":303988}],"parameters":[],"shouldDisplayMessage":true,"stepsCount":1,"attachmentsCount":2,"hasContent":true},"afterStages":[{"name":"driver::0","time":{"start":1700356591369,"stop":1700356591429,"duration":60},"status":"passed","steps":[],"attachments":[],"parameters":[],"shouldDisplayMessage":false,"stepsCount":0,"attachmentsCount":0,"hasContent":false},{"name":"setup::0","time":{"start":1700356591369,"stop":1700356591369,"duration":0},"status":"passed","steps":[],"attachments":[],"parameters":[],"shouldDisplayMessage":false,"stepsCount":0,"attachmentsCount":0,"hasContent":false}],"labels":[{"name":"epic","value":"Delivery Page - calculation"},{"name":"tag","value":"smoke"},{"name":"tag","value":"@pytest.mark.xfail(reson='Цена доставки: 4300 9900 11440')"},{"name":"parentSuite","value":"tests.delivery"},{"name":"suite","value":"test_delivery_calculation"},{"name":"subSuite","value":"TestDeliveryPageCalculation"},{"name":"host","value":"b46c7cfe1c2a"},{"name":"thread","value":"1-MainThread"},{"name":"framework","value":"pytest"},{"name":"language","value":"cpython3"},{"name":"package","value":"tests.delivery.test_delivery_calculation"},{"name":"resultFormat","value":"allure2"}],"parameters":[{"name":"all_time","value":"8000"},{"name":"amount","value":"206"},{"name":"case_id","value":"'TD 023'"},{"name":"in_time","value":"7500"},{"name":"link_item","value":"'products/shtukaturka-gipsovaya-aksolit-m50-30-kg-mashinnogo-naneseniya'"},{"name":"standard","value":"3300"},{"name":"url","value":"'https://sandboxtest.stroyrem-nn.ru/'"},{"name":"weight","value":"6200"}],"links":[],"hidden":false,"retry":false,"extra":{"severity":"normal","retries":[],"categories":[],"history":{"statistic":{"failed":0,"broken":0,"skipped":81,"passed":0,"unknown":0,"total":81},"items":[{"uid":"e7587ee2681c7a7f","reportUrl":"https://zaelcovsky.github.io/StroyremAutomation/144//#testresult/e7587ee2681c7a7f","status":"skipped","statusDetails":"XFAIL\n\nselenium.common.exceptions.NoSuchElementException: Message: no such element: Unable to locate element: {\"method\":\"xpath\",\"selector\":\"//input[@class='amount']\"}\n  (Session info: headless chrome=119.0.6045.105); For documentation on this error, please visit: https://www.selenium.dev/documentation/webdriver/troubleshooting/errors#no-such-element-exception\nStacktrace:\n#0 0x562dd91e85e3 <unknown>\n#1 0x562dd8eab0b7 <unknown>\n#2 0x562dd8ef8f53 <unknown>\n#3 0x562dd8ef9051 <unknown>\n#4 0x562dd8f3e9c4 <unknown>\n#5 0x562dd8f1ff1d <unknown>\n#6 0x562dd8f3bb3d <unknown>\n#7 0x562dd8f1fcc3 <unknown>\n#8 0x562dd8eeb0e4 <unknown>\n#9 0x562dd8eec0ae <unknown>\n#10 0x562dd91aece1 <unknown>\n#11 0x562dd91b2b7e <unknown>\n#12 0x562dd919c4b5 <unknown>\n#13 0x562dd91b37d6 <unknown>\n#14 0x562dd917fdbf <unknown>\n#15 0x562dd91d6748 <unknown>\n#16 0x562dd91d6917 <unknown>\n#17 0x562dd91e7773 <unknown>\n#18 0x7f437163a044 <unknown>","time":{"start":1700270002780,"stop":1700270007607,"duration":4827}},{"uid":"8c586fa50b9fef9f","reportUrl":"https://zaelcovsky.github.io/StroyremAutomation/143//#testresult/8c586fa50b9fef9f","status":"skipped","statusDetails":"XFAIL\n\nselenium.common.exceptions.NoSuchElementException: Message: no such element: Unable to locate element: {\"method\":\"xpath\",\"selector\":\"//input[@class='amount']\"}\n  (Session info: headless chrome=119.0.6045.105); For documentation on this error, please visit: https://www.selenium.dev/documentation/webdriver/troubleshooting/errors#no-such-element-exception\nStacktrace:\n#0 0x55d7869a35e3 <unknown>\n#1 0x55d7866660b7 <unknown>\n#2 0x55d7866b3f53 <unknown>\n#3 0x55d7866b4051 <unknown>\n#4 0x55d7866f99c4 <unknown>\n#5 0x55d7866daf1d <unknown>\n#6 0x55d7866f6b3d <unknown>\n#7 0x55d7866dacc3 <unknown>\n#8 0x55d7866a60e4 <unknown>\n#9 0x55d7866a70ae <unknown>\n#10 0x55d786969ce1 <unknown>\n#11 0x55d78696db7e <unknown>\n#12 0x55d7869574b5 <unknown>\n#13 0x55d78696e7d6 <unknown>\n#14 0x55d78693adbf <unknown>\n#15 0x55d786991748 <unknown>\n#16 0x55d786991917 <unknown>\n#17 0x55d7869a2773 <unknown>\n#18 0x7fdc8a81e044 <unknown>","time":{"start":1700183615637,"stop":1700183619996,"duration":4359}},{"uid":"c64e1005a8f7116f","reportUrl":"https://zaelcovsky.github.io/StroyremAutomation/142//#testresult/c64e1005a8f7116f","status":"skipped","statusDetails":"XFAIL\n\nselenium.common.exceptions.NoSuchElementException: Message: no such element: Unable to locate element: {\"method\":\"xpath\",\"selector\":\"//input[@class='amount']\"}\n  (Session info: headless chrome=119.0.6045.105); For documentation on this error, please visit: https://www.selenium.dev/documentation/webdriver/troubleshooting/errors#no-such-element-exception\nStacktrace:\n#0 0x55f58ecd55e3 <unknown>\n#1 0x55f58e9980b7 <unknown>\n#2 0x55f58e9e5f53 <unknown>\n#3 0x55f58e9e6051 <unknown>\n#4 0x55f58ea2b9c4 <unknown>\n#5 0x55f58ea0cf1d <unknown>\n#6 0x55f58ea28b3d <unknown>\n#7 0x55f58ea0ccc3 <unknown>\n#8 0x55f58e9d80e4 <unknown>\n#9 0x55f58e9d90ae <unknown>\n#10 0x55f58ec9bce1 <unknown>\n#11 0x55f58ec9fb7e <unknown>\n#12 0x55f58ec894b5 <unknown>\n#13 0x55f58eca07d6 <unknown>\n#14 0x55f58ec6cdbf <unknown>\n#15 0x55f58ecc3748 <unknown>\n#16 0x55f58ecc3917 <unknown>\n#17 0x55f58ecd4773 <unknown>\n#18 0x7f5795368044 <unknown>","time":{"start":1700097165677,"stop":1700097169554,"duration":3877}},{"uid":"5056a772764118cc","reportUrl":"https://zaelcovsky.github.io/StroyremAutomation/141//#testresult/5056a772764118cc","status":"skipped","statusDetails":"XFAIL\n\nselenium.common.exceptions.NoSuchElementException: Message: no such element: Unable to locate element: {\"method\":\"xpath\",\"selector\":\"//input[@class='amount']\"}\n  (Session info: headless chrome=119.0.6045.105); For documentation on this error, please visit: https://www.selenium.dev/documentation/webdriver/troubleshooting/errors#no-such-element-exception\nStacktrace:\n#0 0x561f7b0435e3 <unknown>\n#1 0x561f7ad060b7 <unknown>\n#2 0x561f7ad53f53 <unknown>\n#3 0x561f7ad54051 <unknown>\n#4 0x561f7ad999c4 <unknown>\n#5 0x561f7ad7af1d <unknown>\n#6 0x561f7ad96b3d <unknown>\n#7 0x561f7ad7acc3 <unknown>\n#8 0x561f7ad460e4 <unknown>\n#9 0x561f7ad470ae <unknown>\n#10 0x561f7b009ce1 <unknown>\n#11 0x561f7b00db7e <unknown>\n#12 0x561f7aff74b5 <unknown>\n#13 0x561f7b00e7d6 <unknown>\n#14 0x561f7afdadbf <unknown>\n#15 0x561f7b031748 <unknown>\n#16 0x561f7b031917 <unknown>\n#17 0x561f7b042773 <unknown>\n#18 0x7f1351797044 <unknown>","time":{"start":1700010692491,"stop":1700010696185,"duration":3694}},{"uid":"11facb5a2b239068","reportUrl":"https://zaelcovsky.github.io/StroyremAutomation/140//#testresult/11facb5a2b239068","status":"skipped","statusDetails":"XFAIL\n\nselenium.common.exceptions.NoSuchElementException: Message: no such element: Unable to locate element: {\"method\":\"xpath\",\"selector\":\"//input[@class='amount']\"}\n  (Session info: headless chrome=119.0.6045.105); For documentation on this error, please visit: https://www.selenium.dev/documentation/webdriver/troubleshooting/errors#no-such-element-exception\nStacktrace:\n#0 0x5607335535e3 <unknown>\n#1 0x5607332160b7 <unknown>\n#2 0x560733263f53 <unknown>\n#3 0x560733264051 <unknown>\n#4 0x5607332a99c4 <unknown>\n#5 0x56073328af1d <unknown>\n#6 0x5607332a6b3d <unknown>\n#7 0x56073328acc3 <unknown>\n#8 0x5607332560e4 <unknown>\n#9 0x5607332570ae <unknown>\n#10 0x560733519ce1 <unknown>\n#11 0x56073351db7e <unknown>\n#12 0x5607335074b5 <unknown>\n#13 0x56073351e7d6 <unknown>\n#14 0x5607334eadbf <unknown>\n#15 0x560733541748 <unknown>\n#16 0x560733541917 <unknown>\n#17 0x560733552773 <unknown>\n#18 0x7faf4c433044 <unknown>","time":{"start":1699924319441,"stop":1699924323646,"duration":4205}},{"uid":"e1d9496b29114ca4","reportUrl":"https://zaelcovsky.github.io/StroyremAutomation/139//#testresult/e1d9496b29114ca4","status":"skipped","statusDetails":"XFAIL\n\nselenium.common.exceptions.NoSuchElementException: Message: no such element: Unable to locate element: {\"method\":\"xpath\",\"selector\":\"//input[@class='amount']\"}\n  (Session info: headless chrome=119.0.6045.105); For documentation on this error, please visit: https://www.selenium.dev/documentation/webdriver/troubleshooting/errors#no-such-element-exception\nStacktrace:\n#0 0x55a2497aa5e3 <unknown>\n#1 0x55a24946d0b7 <unknown>\n#2 0x55a2494baf53 <unknown>\n#3 0x55a2494bb051 <unknown>\n#4 0x55a2495009c4 <unknown>\n#5 0x55a2494e1f1d <unknown>\n#6 0x55a2494fdb3d <unknown>\n#7 0x55a2494e1cc3 <unknown>\n#8 0x55a2494ad0e4 <unknown>\n#9 0x55a2494ae0ae <unknown>\n#10 0x55a249770ce1 <unknown>\n#11 0x55a249774b7e <unknown>\n#12 0x55a24975e4b5 <unknown>\n#13 0x55a2497757d6 <unknown>\n#14 0x55a249741dbf <unknown>\n#15 0x55a249798748 <unknown>\n#16 0x55a249798917 <unknown>\n#17 0x55a2497a9773 <unknown>\n#18 0x7fd040297044 <unknown>","time":{"start":1699837980740,"stop":1699837984359,"duration":3619}},{"uid":"cd45919b745c0d74","reportUrl":"https://zaelcovsky.github.io/StroyremAutomation/138//#testresult/cd45919b745c0d74","status":"skipped","statusDetails":"XFAIL\n\nselenium.common.exceptions.NoSuchElementException: Message: no such element: Unable to locate element: {\"method\":\"xpath\",\"selector\":\"//input[@class='amount']\"}\n  (Session info: headless chrome=119.0.6045.105); For documentation on this error, please visit: https://www.selenium.dev/documentation/webdriver/troubleshooting/errors#no-such-element-exception\nStacktrace:\n#0 0x56520e9765e3 <unknown>\n#1 0x56520e6390b7 <unknown>\n#2 0x56520e686f53 <unknown>\n#3 0x56520e687051 <unknown>\n#4 0x56520e6cc9c4 <unknown>\n#5 0x56520e6adf1d <unknown>\n#6 0x56520e6c9b3d <unknown>\n#7 0x56520e6adcc3 <unknown>\n#8 0x56520e6790e4 <unknown>\n#9 0x56520e67a0ae <unknown>\n#10 0x56520e93cce1 <unknown>\n#11 0x56520e940b7e <unknown>\n#12 0x56520e92a4b5 <unknown>\n#13 0x56520e9417d6 <unknown>\n#14 0x56520e90ddbf <unknown>\n#15 0x56520e964748 <unknown>\n#16 0x56520e964917 <unknown>\n#17 0x56520e975773 <unknown>\n#18 0x7f2c0ad7c044 <unknown>","time":{"start":1699751796641,"stop":1699751800599,"duration":3958}},{"uid":"7916bfc5fd1f5239","reportUrl":"https://zaelcovsky.github.io/StroyremAutomation/137//#testresult/7916bfc5fd1f5239","status":"skipped","statusDetails":"XFAIL\n\nselenium.common.exceptions.NoSuchElementException: Message: no such element: Unable to locate element: {\"method\":\"xpath\",\"selector\":\"//input[@class='amount']\"}\n  (Session info: headless chrome=119.0.6045.105); For documentation on this error, please visit: https://www.selenium.dev/documentation/webdriver/troubleshooting/errors#no-such-element-exception\nStacktrace:\n#0 0x5599e58155e3 <unknown>\n#1 0x5599e54d80b7 <unknown>\n#2 0x5599e5525f53 <unknown>\n#3 0x5599e5526051 <unknown>\n#4 0x5599e556b9c4 <unknown>\n#5 0x5599e554cf1d <unknown>\n#6 0x5599e5568b3d <unknown>\n#7 0x5599e554ccc3 <unknown>\n#8 0x5599e55180e4 <unknown>\n#9 0x5599e55190ae <unknown>\n#10 0x5599e57dbce1 <unknown>\n#11 0x5599e57dfb7e <unknown>\n#12 0x5599e57c94b5 <unknown>\n#13 0x5599e57e07d6 <unknown>\n#14 0x5599e57acdbf <unknown>\n#15 0x5599e5803748 <unknown>\n#16 0x5599e5803917 <unknown>\n#17 0x5599e5814773 <unknown>\n#18 0x7f3e799ae044 <unknown>","time":{"start":1699664960429,"stop":1699664964178,"duration":3749}},{"uid":"c6da9bd1cdb09dd3","reportUrl":"https://zaelcovsky.github.io/StroyremAutomation/136//#testresult/c6da9bd1cdb09dd3","status":"skipped","statusDetails":"XFAIL\n\nselenium.common.exceptions.NoSuchElementException: Message: no such element: Unable to locate element: {\"method\":\"xpath\",\"selector\":\"//input[@class='amount']\"}\n  (Session info: headless chrome=119.0.6045.105); For documentation on this error, please visit: https://www.selenium.dev/documentation/webdriver/troubleshooting/errors#no-such-element-exception\nStacktrace:\n#0 0x5616e97655e3 <unknown>\n#1 0x5616e94280b7 <unknown>\n#2 0x5616e9475f53 <unknown>\n#3 0x5616e9476051 <unknown>\n#4 0x5616e94bb9c4 <unknown>\n#5 0x5616e949cf1d <unknown>\n#6 0x5616e94b8b3d <unknown>\n#7 0x5616e949ccc3 <unknown>\n#8 0x5616e94680e4 <unknown>\n#9 0x5616e94690ae <unknown>\n#10 0x5616e972bce1 <unknown>\n#11 0x5616e972fb7e <unknown>\n#12 0x5616e97194b5 <unknown>\n#13 0x5616e97307d6 <unknown>\n#14 0x5616e96fcdbf <unknown>\n#15 0x5616e9753748 <unknown>\n#16 0x5616e9753917 <unknown>\n#17 0x5616e9764773 <unknown>\n#18 0x7fb17b3c3044 <unknown>","time":{"start":1699578697855,"stop":1699578702274,"duration":4419}},{"uid":"aa2641e4847e9d77","reportUrl":"https://zaelcovsky.github.io/StroyremAutomation/135//#testresult/aa2641e4847e9d77","status":"skipped","statusDetails":"XFAIL\n\nselenium.common.exceptions.NoSuchElementException: Message: no such element: Unable to locate element: {\"method\":\"xpath\",\"selector\":\"//input[@class='amount']\"}\n  (Session info: headless chrome=119.0.6045.105); For documentation on this error, please visit: https://www.selenium.dev/documentation/webdriver/troubleshooting/errors#no-such-element-exception\nStacktrace:\n#0 0x5580cf5865e3 <unknown>\n#1 0x5580cf2490b7 <unknown>\n#2 0x5580cf296f53 <unknown>\n#3 0x5580cf297051 <unknown>\n#4 0x5580cf2dc9c4 <unknown>\n#5 0x5580cf2bdf1d <unknown>\n#6 0x5580cf2d9b3d <unknown>\n#7 0x5580cf2bdcc3 <unknown>\n#8 0x5580cf2890e4 <unknown>\n#9 0x5580cf28a0ae <unknown>\n#10 0x5580cf54cce1 <unknown>\n#11 0x5580cf550b7e <unknown>\n#12 0x5580cf53a4b5 <unknown>\n#13 0x5580cf5517d6 <unknown>\n#14 0x5580cf51ddbf <unknown>\n#15 0x5580cf574748 <unknown>\n#16 0x5580cf574917 <unknown>\n#17 0x5580cf585773 <unknown>\n#18 0x7fb9dc70c044 <unknown>","time":{"start":1699492290098,"stop":1699492293460,"duration":3362}},{"uid":"5d2d37c840c34b85","reportUrl":"https://zaelcovsky.github.io/StroyremAutomation/134//#testresult/5d2d37c840c34b85","status":"skipped","statusDetails":"XFAIL\n\nselenium.common.exceptions.NoSuchElementException: Message: no such element: Unable to locate element: {\"method\":\"xpath\",\"selector\":\"//input[@class='amount']\"}\n  (Session info: headless chrome=119.0.6045.105); For documentation on this error, please visit: https://www.selenium.dev/documentation/webdriver/troubleshooting/errors#no-such-element-exception\nStacktrace:\n#0 0x55a82fe765e3 <unknown>\n#1 0x55a82fb390b7 <unknown>\n#2 0x55a82fb86f53 <unknown>\n#3 0x55a82fb87051 <unknown>\n#4 0x55a82fbcc9c4 <unknown>\n#5 0x55a82fbadf1d <unknown>\n#6 0x55a82fbc9b3d <unknown>\n#7 0x55a82fbadcc3 <unknown>\n#8 0x55a82fb790e4 <unknown>\n#9 0x55a82fb7a0ae <unknown>\n#10 0x55a82fe3cce1 <unknown>\n#11 0x55a82fe40b7e <unknown>\n#12 0x55a82fe2a4b5 <unknown>\n#13 0x55a82fe417d6 <unknown>\n#14 0x55a82fe0ddbf <unknown>\n#15 0x55a82fe64748 <unknown>\n#16 0x55a82fe64917 <unknown>\n#17 0x55a82fe75773 <unknown>\n#18 0x7f3a77f22044 <unknown>","time":{"start":1699405819899,"stop":1699405823509,"duration":3610}},{"uid":"9e01f13ea4fb65b0","reportUrl":"https://zaelcovsky.github.io/StroyremAutomation/133//#testresult/9e01f13ea4fb65b0","status":"skipped","statusDetails":"XFAIL\n\nselenium.common.exceptions.NoSuchElementException: Message: no such element: Unable to locate element: {\"method\":\"xpath\",\"selector\":\"//input[@class='amount']\"}\n  (Session info: headless chrome=119.0.6045.105); For documentation on this error, please visit: https://www.selenium.dev/documentation/webdriver/troubleshooting/errors#no-such-element-exception\nStacktrace:\n#0 0x560557bc35e3 <unknown>\n#1 0x5605578860b7 <unknown>\n#2 0x5605578d3f53 <unknown>\n#3 0x5605578d4051 <unknown>\n#4 0x5605579199c4 <unknown>\n#5 0x5605578faf1d <unknown>\n#6 0x560557916b3d <unknown>\n#7 0x5605578facc3 <unknown>\n#8 0x5605578c60e4 <unknown>\n#9 0x5605578c70ae <unknown>\n#10 0x560557b89ce1 <unknown>\n#11 0x560557b8db7e <unknown>\n#12 0x560557b774b5 <unknown>\n#13 0x560557b8e7d6 <unknown>\n#14 0x560557b5adbf <unknown>\n#15 0x560557bb1748 <unknown>\n#16 0x560557bb1917 <unknown>\n#17 0x560557bc2773 <unknown>\n#18 0x7f7fb491e044 <unknown>","time":{"start":1699319529907,"stop":1699319533923,"duration":4016}},{"uid":"190b548e4a4146df","reportUrl":"https://zaelcovsky.github.io/StroyremAutomation/132//#testresult/190b548e4a4146df","status":"skipped","statusDetails":"XFAIL\n\nselenium.common.exceptions.NoSuchElementException: Message: no such element: Unable to locate element: {\"method\":\"xpath\",\"selector\":\"//input[@class='amount']\"}\n  (Session info: headless chrome=119.0.6045.105); For documentation on this error, please visit: https://www.selenium.dev/documentation/webdriver/troubleshooting/errors#no-such-element-exception\nStacktrace:\n#0 0x55693ffde5e3 <unknown>\n#1 0x55693fca10b7 <unknown>\n#2 0x55693fceef53 <unknown>\n#3 0x55693fcef051 <unknown>\n#4 0x55693fd349c4 <unknown>\n#5 0x55693fd15f1d <unknown>\n#6 0x55693fd31b3d <unknown>\n#7 0x55693fd15cc3 <unknown>\n#8 0x55693fce10e4 <unknown>\n#9 0x55693fce20ae <unknown>\n#10 0x55693ffa4ce1 <unknown>\n#11 0x55693ffa8b7e <unknown>\n#12 0x55693ff924b5 <unknown>\n#13 0x55693ffa97d6 <unknown>\n#14 0x55693ff75dbf <unknown>\n#15 0x55693ffcc748 <unknown>\n#16 0x55693ffcc917 <unknown>\n#17 0x55693ffdd773 <unknown>\n#18 0x7fa151071044 <unknown>","time":{"start":1699233175613,"stop":1699233179168,"duration":3555}},{"uid":"18e956c2dfd65969","reportUrl":"https://zaelcovsky.github.io/StroyremAutomation/131//#testresult/18e956c2dfd65969","status":"skipped","statusDetails":"XFAIL\n\nselenium.common.exceptions.NoSuchElementException: Message: no such element: Unable to locate element: {\"method\":\"xpath\",\"selector\":\"//input[@class='amount']\"}\n  (Session info: headless chrome=119.0.6045.105); For documentation on this error, please visit: https://www.selenium.dev/documentation/webdriver/troubleshooting/errors#no-such-element-exception\nStacktrace:\n#0 0x56047f0535e3 <unknown>\n#1 0x56047ed160b7 <unknown>\n#2 0x56047ed63f53 <unknown>\n#3 0x56047ed64051 <unknown>\n#4 0x56047eda99c4 <unknown>\n#5 0x56047ed8af1d <unknown>\n#6 0x56047eda6b3d <unknown>\n#7 0x56047ed8acc3 <unknown>\n#8 0x56047ed560e4 <unknown>\n#9 0x56047ed570ae <unknown>\n#10 0x56047f019ce1 <unknown>\n#11 0x56047f01db7e <unknown>\n#12 0x56047f0074b5 <unknown>\n#13 0x56047f01e7d6 <unknown>\n#14 0x56047efeadbf <unknown>\n#15 0x56047f041748 <unknown>\n#16 0x56047f041917 <unknown>\n#17 0x56047f052773 <unknown>\n#18 0x7f19b08c2044 <unknown>","time":{"start":1699146946587,"stop":1699146952481,"duration":5894}},{"uid":"604318e270c5ff84","reportUrl":"https://zaelcovsky.github.io/StroyremAutomation/130//#testresult/604318e270c5ff84","status":"skipped","statusDetails":"XFAIL\n\nselenium.common.exceptions.NoSuchElementException: Message: no such element: Unable to locate element: {\"method\":\"xpath\",\"selector\":\"//input[@class='amount']\"}\n  (Session info: headless chrome=119.0.6045.105); For documentation on this error, please visit: https://www.selenium.dev/documentation/webdriver/troubleshooting/errors#no-such-element-exception\nStacktrace:\n#0 0x55d13979b5e3 <unknown>\n#1 0x55d13945e0b7 <unknown>\n#2 0x55d1394abf53 <unknown>\n#3 0x55d1394ac051 <unknown>\n#4 0x55d1394f19c4 <unknown>\n#5 0x55d1394d2f1d <unknown>\n#6 0x55d1394eeb3d <unknown>\n#7 0x55d1394d2cc3 <unknown>\n#8 0x55d13949e0e4 <unknown>\n#9 0x55d13949f0ae <unknown>\n#10 0x55d139761ce1 <unknown>\n#11 0x55d139765b7e <unknown>\n#12 0x55d13974f4b5 <unknown>\n#13 0x55d1397667d6 <unknown>\n#14 0x55d139732dbf <unknown>\n#15 0x55d139789748 <unknown>\n#16 0x55d139789917 <unknown>\n#17 0x55d13979a773 <unknown>\n#18 0x7f7201403044 <unknown>","time":{"start":1699060231873,"stop":1699060236579,"duration":4706}},{"uid":"9ae4b1d9b61d2b6a","reportUrl":"https://zaelcovsky.github.io/StroyremAutomation/129//#testresult/9ae4b1d9b61d2b6a","status":"skipped","statusDetails":"XFAIL\n\nselenium.common.exceptions.NoSuchElementException: Message: no such element: Unable to locate element: {\"method\":\"xpath\",\"selector\":\"//input[@class='amount']\"}\n  (Session info: headless chrome=119.0.6045.105); For documentation on this error, please visit: https://www.selenium.dev/documentation/webdriver/troubleshooting/errors#no-such-element-exception\nStacktrace:\n#0 0x559562a0d5e3 <unknown>\n#1 0x5595626d00b7 <unknown>\n#2 0x55956271df53 <unknown>\n#3 0x55956271e051 <unknown>\n#4 0x5595627639c4 <unknown>\n#5 0x559562744f1d <unknown>\n#6 0x559562760b3d <unknown>\n#7 0x559562744cc3 <unknown>\n#8 0x5595627100e4 <unknown>\n#9 0x5595627110ae <unknown>\n#10 0x5595629d3ce1 <unknown>\n#11 0x5595629d7b7e <unknown>\n#12 0x5595629c14b5 <unknown>\n#13 0x5595629d87d6 <unknown>\n#14 0x5595629a4dbf <unknown>\n#15 0x5595629fb748 <unknown>\n#16 0x5595629fb917 <unknown>\n#17 0x559562a0c773 <unknown>\n#18 0x7f414388c044 <unknown>","time":{"start":1698973821116,"stop":1698973825858,"duration":4742}},{"uid":"63cc88b3e3d2067","reportUrl":"https://zaelcovsky.github.io/StroyremAutomation/128//#testresult/63cc88b3e3d2067","status":"skipped","statusDetails":"XFAIL\n\nselenium.common.exceptions.NoSuchElementException: Message: no such element: Unable to locate element: {\"method\":\"xpath\",\"selector\":\"//input[@class='amount']\"}\n  (Session info: headless chrome=119.0.6045.105); For documentation on this error, please visit: https://www.selenium.dev/documentation/webdriver/troubleshooting/errors#no-such-element-exception\nStacktrace:\n#0 0x55baa554c5e3 <unknown>\n#1 0x55baa520f0b7 <unknown>\n#2 0x55baa525cf53 <unknown>\n#3 0x55baa525d051 <unknown>\n#4 0x55baa52a29c4 <unknown>\n#5 0x55baa5283f1d <unknown>\n#6 0x55baa529fb3d <unknown>\n#7 0x55baa5283cc3 <unknown>\n#8 0x55baa524f0e4 <unknown>\n#9 0x55baa52500ae <unknown>\n#10 0x55baa5512ce1 <unknown>\n#11 0x55baa5516b7e <unknown>\n#12 0x55baa55004b5 <unknown>\n#13 0x55baa55177d6 <unknown>\n#14 0x55baa54e3dbf <unknown>\n#15 0x55baa553a748 <unknown>\n#16 0x55baa553a917 <unknown>\n#17 0x55baa554b773 <unknown>\n#18 0x7f636e868044 <unknown>","time":{"start":1698887400488,"stop":1698887405596,"duration":5108}},{"uid":"bb0390b0a603e06","reportUrl":"https://zaelcovsky.github.io/StroyremAutomation/127//#testresult/bb0390b0a603e06","status":"skipped","statusDetails":"XFAIL\n\nselenium.common.exceptions.NoSuchElementException: Message: no such element: Unable to locate element: {\"method\":\"xpath\",\"selector\":\"//input[@class='amount']\"}\n  (Session info: headless chrome=119.0.6045.105); For documentation on this error, please visit: https://www.selenium.dev/documentation/webdriver/troubleshooting/errors#no-such-element-exception\nStacktrace:\n#0 0x555ef045a5e3 <unknown>\n#1 0x555ef011d0b7 <unknown>\n#2 0x555ef016af53 <unknown>\n#3 0x555ef016b051 <unknown>\n#4 0x555ef01b09c4 <unknown>\n#5 0x555ef0191f1d <unknown>\n#6 0x555ef01adb3d <unknown>\n#7 0x555ef0191cc3 <unknown>\n#8 0x555ef015d0e4 <unknown>\n#9 0x555ef015e0ae <unknown>\n#10 0x555ef0420ce1 <unknown>\n#11 0x555ef0424b7e <unknown>\n#12 0x555ef040e4b5 <unknown>\n#13 0x555ef04257d6 <unknown>\n#14 0x555ef03f1dbf <unknown>\n#15 0x555ef0448748 <unknown>\n#16 0x555ef0448917 <unknown>\n#17 0x555ef0459773 <unknown>\n#18 0x7fb8b0daa044 <unknown>","time":{"start":1698801301860,"stop":1698801307423,"duration":5563}},{"uid":"8bb079880ae7cf7d","reportUrl":"https://zaelcovsky.github.io/StroyremAutomation/126//#testresult/8bb079880ae7cf7d","status":"skipped","statusDetails":"XFAIL\n\nselenium.common.exceptions.NoSuchElementException: Message: no such element: Unable to locate element: {\"method\":\"xpath\",\"selector\":\"//input[@class='amount']\"}\n  (Session info: headless chrome=118.0.5993.70); For documentation on this error, please visit: https://www.selenium.dev/documentation/webdriver/troubleshooting/errors#no-such-element-exception\nStacktrace:\n#0 0x555c80d34fb3 <unknown>\n#1 0x555c80a084a7 <unknown>\n#2 0x555c80a4fdd6 <unknown>\n#3 0x555c80a4fec1 <unknown>\n#4 0x555c80a8d354 <unknown>\n#5 0x555c80a7196d <unknown>\n#6 0x555c80a8ac02 <unknown>\n#7 0x555c80a71713 <unknown>\n#8 0x555c80a4418b <unknown>\n#9 0x555c80a44f7e <unknown>\n#10 0x555c80cfa8d8 <unknown>\n#11 0x555c80cfe800 <unknown>\n#12 0x555c80d08cfc <unknown>\n#13 0x555c80cff418 <unknown>\n#14 0x555c80ccc42f <unknown>\n#15 0x555c80d234e8 <unknown>\n#16 0x555c80d236b4 <unknown>\n#17 0x555c80d34143 <unknown>\n#18 0x7f6d1ea86044 <unknown>","time":{"start":1698714621535,"stop":1698714625368,"duration":3833}},{"uid":"71059d881c0631d8","reportUrl":"https://zaelcovsky.github.io/StroyremAutomation/125//#testresult/71059d881c0631d8","status":"skipped","statusDetails":"XFAIL\n\nselenium.common.exceptions.NoSuchElementException: Message: no such element: Unable to locate element: {\"method\":\"xpath\",\"selector\":\"//input[@class='amount']\"}\n  (Session info: headless chrome=118.0.5993.70); For documentation on this error, please visit: https://www.selenium.dev/documentation/webdriver/troubleshooting/errors#no-such-element-exception\nStacktrace:\n#0 0x564a15361fb3 <unknown>\n#1 0x564a150354a7 <unknown>\n#2 0x564a1507cdd6 <unknown>\n#3 0x564a1507cec1 <unknown>\n#4 0x564a150ba354 <unknown>\n#5 0x564a1509e96d <unknown>\n#6 0x564a150b7c02 <unknown>\n#7 0x564a1509e713 <unknown>\n#8 0x564a1507118b <unknown>\n#9 0x564a15071f7e <unknown>\n#10 0x564a153278d8 <unknown>\n#11 0x564a1532b800 <unknown>\n#12 0x564a15335cfc <unknown>\n#13 0x564a1532c418 <unknown>\n#14 0x564a152f942f <unknown>\n#15 0x564a153504e8 <unknown>\n#16 0x564a153506b4 <unknown>\n#17 0x564a15361143 <unknown>\n#18 0x7f72f9058044 <unknown>","time":{"start":1698628204478,"stop":1698628209201,"duration":4723}}]},"tags":["smoke","@pytest.mark.xfail(reson='Цена доставки: 4300 9900 11440')"]},"source":"f39a4637e8761dcb.json","parameterValues":["8000","206","'TD 023'","7500","'products/shtukaturka-gipsovaya-aksolit-m50-30-kg-mashinnogo-naneseniya'","3300","'https://sandboxtest.stroyrem-nn.ru/'","6200"]}