{"uid":"6834c4fd27ef1977","name":"TC 011 - Проверка функциональности ссылки 'Подъем на этаж'","fullName":"tests.test_main_page.TestMainPage#test_positive_footer_lifting_smoke","historyId":"a471821c1810b98ab4357088c4c3f5dc","time":{"start":1699923918649,"stop":1699923918667,"duration":18},"status":"broken","statusMessage":"selenium.common.exceptions.NoSuchElementException: Message: no such element: Unable to locate element: {\"method\":\"xpath\",\"selector\":\"(//a[@href='/podem-strojmaterialov-v-kvartiru'])[3]\"}\n  (Session info: headless chrome=119.0.6045.105); For documentation on this error, please visit: https://www.selenium.dev/documentation/webdriver/troubleshooting/errors#no-such-element-exception\nStacktrace:\n#0 0x5566c4e175e3 <unknown>\n#1 0x5566c4ada0b7 <unknown>\n#2 0x5566c4b27f53 <unknown>\n#3 0x5566c4b28051 <unknown>\n#4 0x5566c4b6d9c4 <unknown>\n#5 0x5566c4b4ef1d <unknown>\n#6 0x5566c4b6ab3d <unknown>\n#7 0x5566c4b4ecc3 <unknown>\n#8 0x5566c4b1a0e4 <unknown>\n#9 0x5566c4b1b0ae <unknown>\n#10 0x5566c4dddce1 <unknown>\n#11 0x5566c4de1b7e <unknown>\n#12 0x5566c4dcb4b5 <unknown>\n#13 0x5566c4de27d6 <unknown>\n#14 0x5566c4daedbf <unknown>\n#15 0x5566c4e05748 <unknown>\n#16 0x5566c4e05917 <unknown>\n#17 0x5566c4e16773 <unknown>\n#18 0x7fbfffbfa044 <unknown>","statusTrace":"self = <tests.test_main_page.TestMainPage object at 0x7f23f9e2dd90>\nmain_page = <pages.main_page.MainPage object at 0x7f23f86eaa10>\n\n    @allure.feature(\"Footer functionality\")\n    @allure.title(\"TC 011 - Проверка функциональности ссылки 'Подъем на этаж'\")\n    @pytest.mark.smoke_test\n    def test_positive_footer_lifting_smoke(self, main_page):\n        lifting_page = LiftingPage(main_page.driver)\n>       main_page.check_floor_climb_link()\n\ntests/test_main_page.py:107: \n_ _ _ _ _ _ _ _ _ _ _ _ _ _ _ _ _ _ _ _ _ _ _ _ _ _ _ _ _ _ _ _ _ _ _ _ _ _ _ _ \npages/main_page.py:142: in check_floor_climb_link\n    self.driver.find_element(*self._floor_climb_link).click()\n/usr/local/lib/python3.11/site-packages/selenium/webdriver/remote/webdriver.py:740: in find_element\n    return self.execute(Command.FIND_ELEMENT, {\"using\": by, \"value\": value})[\"value\"]\n/usr/local/lib/python3.11/site-packages/selenium/webdriver/remote/webdriver.py:346: in execute\n    self.error_handler.check_response(response)\n_ _ _ _ _ _ _ _ _ _ _ _ _ _ _ _ _ _ _ _ _ _ _ _ _ _ _ _ _ _ _ _ _ _ _ _ _ _ _ _ \n\nself = <selenium.webdriver.remote.errorhandler.ErrorHandler object at 0x7f23fa0bda10>\nresponse = {'status': 404, 'value': '{\"value\":{\"error\":\"no such element\",\"message\":\"no such element: Unable to locate element: {\\...\\\\n#16 0x5566c4e05917 \\\\u003Cunknown>\\\\n#17 0x5566c4e16773 \\\\u003Cunknown>\\\\n#18 0x7fbfffbfa044 \\\\u003Cunknown>\\\\n\"}}'}\n\n    def check_response(self, response: Dict[str, Any]) -> None:\n        \"\"\"Checks that a JSON response from the WebDriver does not have an\n        error.\n    \n        :Args:\n         - response - The JSON response from the WebDriver server as a dictionary\n           object.\n    \n        :Raises: If the response contains an error message.\n        \"\"\"\n        status = response.get(\"status\", None)\n        if not status or status == ErrorCode.SUCCESS:\n            return\n        value = None\n        message = response.get(\"message\", \"\")\n        screen: str = response.get(\"screen\", \"\")\n        stacktrace = None\n        if isinstance(status, int):\n            value_json = response.get(\"value\", None)\n            if value_json and isinstance(value_json, str):\n                import json\n    \n                try:\n                    value = json.loads(value_json)\n                    if len(value) == 1:\n                        value = value[\"value\"]\n                    status = value.get(\"error\", None)\n                    if not status:\n                        status = value.get(\"status\", ErrorCode.UNKNOWN_ERROR)\n                        message = value.get(\"value\") or value.get(\"message\")\n                        if not isinstance(message, str):\n                            value = message\n                            message = message.get(\"message\")\n                    else:\n                        message = value.get(\"message\", None)\n                except ValueError:\n                    pass\n    \n        exception_class: Type[WebDriverException]\n        if status in ErrorCode.NO_SUCH_ELEMENT:\n            exception_class = NoSuchElementException\n        elif status in ErrorCode.NO_SUCH_FRAME:\n            exception_class = NoSuchFrameException\n        elif status in ErrorCode.NO_SUCH_SHADOW_ROOT:\n            exception_class = NoSuchShadowRootException\n        elif status in ErrorCode.NO_SUCH_WINDOW:\n            exception_class = NoSuchWindowException\n        elif status in ErrorCode.STALE_ELEMENT_REFERENCE:\n            exception_class = StaleElementReferenceException\n        elif status in ErrorCode.ELEMENT_NOT_VISIBLE:\n            exception_class = ElementNotVisibleException\n        elif status in ErrorCode.INVALID_ELEMENT_STATE:\n            exception_class = InvalidElementStateException\n        elif (\n            status in ErrorCode.INVALID_SELECTOR\n            or status in ErrorCode.INVALID_XPATH_SELECTOR\n            or status in ErrorCode.INVALID_XPATH_SELECTOR_RETURN_TYPER\n        ):\n            exception_class = InvalidSelectorException\n        elif status in ErrorCode.ELEMENT_IS_NOT_SELECTABLE:\n            exception_class = ElementNotSelectableException\n        elif status in ErrorCode.ELEMENT_NOT_INTERACTABLE:\n            exception_class = ElementNotInteractableException\n        elif status in ErrorCode.INVALID_COOKIE_DOMAIN:\n            exception_class = InvalidCookieDomainException\n        elif status in ErrorCode.UNABLE_TO_SET_COOKIE:\n            exception_class = UnableToSetCookieException\n        elif status in ErrorCode.TIMEOUT:\n            exception_class = TimeoutException\n        elif status in ErrorCode.SCRIPT_TIMEOUT:\n            exception_class = TimeoutException\n        elif status in ErrorCode.UNKNOWN_ERROR:\n            exception_class = WebDriverException\n        elif status in ErrorCode.UNEXPECTED_ALERT_OPEN:\n            exception_class = UnexpectedAlertPresentException\n        elif status in ErrorCode.NO_ALERT_OPEN:\n            exception_class = NoAlertPresentException\n        elif status in ErrorCode.IME_NOT_AVAILABLE:\n            exception_class = ImeNotAvailableException\n        elif status in ErrorCode.IME_ENGINE_ACTIVATION_FAILED:\n            exception_class = ImeActivationFailedException\n        elif status in ErrorCode.MOVE_TARGET_OUT_OF_BOUNDS:\n            exception_class = MoveTargetOutOfBoundsException\n        elif status in ErrorCode.JAVASCRIPT_ERROR:\n            exception_class = JavascriptException\n        elif status in ErrorCode.SESSION_NOT_CREATED:\n            exception_class = SessionNotCreatedException\n        elif status in ErrorCode.INVALID_ARGUMENT:\n            exception_class = InvalidArgumentException\n        elif status in ErrorCode.NO_SUCH_COOKIE:\n            exception_class = NoSuchCookieException\n        elif status in ErrorCode.UNABLE_TO_CAPTURE_SCREEN:\n            exception_class = ScreenshotException\n        elif status in ErrorCode.ELEMENT_CLICK_INTERCEPTED:\n            exception_class = ElementClickInterceptedException\n        elif status in ErrorCode.INSECURE_CERTIFICATE:\n            exception_class = InsecureCertificateException\n        elif status in ErrorCode.INVALID_COORDINATES:\n            exception_class = InvalidCoordinatesException\n        elif status in ErrorCode.INVALID_SESSION_ID:\n            exception_class = InvalidSessionIdException\n        elif status in ErrorCode.UNKNOWN_METHOD:\n            exception_class = UnknownMethodException\n        else:\n            exception_class = WebDriverException\n        if not value:\n            value = response[\"value\"]\n        if isinstance(value, str):\n            raise exception_class(value)\n        if message == \"\" and \"message\" in value:\n            message = value[\"message\"]\n    \n        screen = None  # type: ignore[assignment]\n        if \"screen\" in value:\n            screen = value[\"screen\"]\n    \n        stacktrace = None\n        st_value = value.get(\"stackTrace\") or value.get(\"stacktrace\")\n        if st_value:\n            if isinstance(st_value, str):\n                stacktrace = st_value.split(\"\\n\")\n            else:\n                stacktrace = []\n                try:\n                    for frame in st_value:\n                        line = frame.get(\"lineNumber\", \"\")\n                        file = frame.get(\"fileName\", \"<anonymous>\")\n                        if line:\n                            file = f\"{file}:{line}\"\n                        meth = frame.get(\"methodName\", \"<anonymous>\")\n                        if \"className\" in frame:\n                            meth = f\"{frame['className']}.{meth}\"\n                        msg = \"    at %s (%s)\"\n                        msg = msg % (meth, file)\n                        stacktrace.append(msg)\n                except TypeError:\n                    pass\n        if exception_class == UnexpectedAlertPresentException:\n            alert_text = None\n            if \"data\" in value:\n                alert_text = value[\"data\"].get(\"text\")\n            elif \"alert\" in value:\n                alert_text = value[\"alert\"].get(\"text\")\n            raise exception_class(message, screen, stacktrace, alert_text)  # type: ignore[call-arg]  # mypy is not smart enough here\n>       raise exception_class(message, screen, stacktrace)\nE       selenium.common.exceptions.NoSuchElementException: Message: no such element: Unable to locate element: {\"method\":\"xpath\",\"selector\":\"(//a[@href='/podem-strojmaterialov-v-kvartiru'])[3]\"}\nE         (Session info: headless chrome=119.0.6045.105); For documentation on this error, please visit: https://www.selenium.dev/documentation/webdriver/troubleshooting/errors#no-such-element-exception\nE       Stacktrace:\nE       #0 0x5566c4e175e3 <unknown>\nE       #1 0x5566c4ada0b7 <unknown>\nE       #2 0x5566c4b27f53 <unknown>\nE       #3 0x5566c4b28051 <unknown>\nE       #4 0x5566c4b6d9c4 <unknown>\nE       #5 0x5566c4b4ef1d <unknown>\nE       #6 0x5566c4b6ab3d <unknown>\nE       #7 0x5566c4b4ecc3 <unknown>\nE       #8 0x5566c4b1a0e4 <unknown>\nE       #9 0x5566c4b1b0ae <unknown>\nE       #10 0x5566c4dddce1 <unknown>\nE       #11 0x5566c4de1b7e <unknown>\nE       #12 0x5566c4dcb4b5 <unknown>\nE       #13 0x5566c4de27d6 <unknown>\nE       #14 0x5566c4daedbf <unknown>\nE       #15 0x5566c4e05748 <unknown>\nE       #16 0x5566c4e05917 <unknown>\nE       #17 0x5566c4e16773 <unknown>\nE       #18 0x7fbfffbfa044 <unknown>\n\n/usr/local/lib/python3.11/site-packages/selenium/webdriver/remote/errorhandler.py:245: NoSuchElementException","flaky":false,"newFailed":false,"newBroken":false,"newPassed":false,"retriesCount":0,"retriesStatusChange":false,"beforeStages":[{"name":"_session_faker","time":{"start":1699923765059,"stop":1699923765159,"duration":100},"status":"passed","steps":[],"attachments":[],"parameters":[],"attachmentsCount":0,"hasContent":false,"shouldDisplayMessage":false,"stepsCount":0},{"name":"clear_allure_results_folder","time":{"start":1699923765159,"stop":1699923765159,"duration":0},"status":"passed","steps":[],"attachments":[],"parameters":[],"attachmentsCount":0,"hasContent":false,"shouldDisplayMessage":false,"stepsCount":0},{"name":"driver","time":{"start":1699923917346,"stop":1699923918161,"duration":815},"status":"passed","steps":[],"attachments":[],"parameters":[],"attachmentsCount":0,"hasContent":false,"shouldDisplayMessage":false,"stepsCount":0},{"name":"setup","time":{"start":1699923918161,"stop":1699923918162,"duration":1},"status":"passed","steps":[],"attachments":[],"parameters":[],"attachmentsCount":0,"hasContent":false,"shouldDisplayMessage":false,"stepsCount":0},{"name":"main_page","time":{"start":1699923918162,"stop":1699923918649,"duration":487},"status":"passed","steps":[],"attachments":[],"parameters":[],"attachmentsCount":0,"hasContent":false,"shouldDisplayMessage":false,"stepsCount":0}],"testStage":{"status":"broken","statusMessage":"selenium.common.exceptions.NoSuchElementException: Message: no such element: Unable to locate element: {\"method\":\"xpath\",\"selector\":\"(//a[@href='/podem-strojmaterialov-v-kvartiru'])[3]\"}\n  (Session info: headless chrome=119.0.6045.105); For documentation on this error, please visit: https://www.selenium.dev/documentation/webdriver/troubleshooting/errors#no-such-element-exception\nStacktrace:\n#0 0x5566c4e175e3 <unknown>\n#1 0x5566c4ada0b7 <unknown>\n#2 0x5566c4b27f53 <unknown>\n#3 0x5566c4b28051 <unknown>\n#4 0x5566c4b6d9c4 <unknown>\n#5 0x5566c4b4ef1d <unknown>\n#6 0x5566c4b6ab3d <unknown>\n#7 0x5566c4b4ecc3 <unknown>\n#8 0x5566c4b1a0e4 <unknown>\n#9 0x5566c4b1b0ae <unknown>\n#10 0x5566c4dddce1 <unknown>\n#11 0x5566c4de1b7e <unknown>\n#12 0x5566c4dcb4b5 <unknown>\n#13 0x5566c4de27d6 <unknown>\n#14 0x5566c4daedbf <unknown>\n#15 0x5566c4e05748 <unknown>\n#16 0x5566c4e05917 <unknown>\n#17 0x5566c4e16773 <unknown>\n#18 0x7fbfffbfa044 <unknown>","statusTrace":"self = <tests.test_main_page.TestMainPage object at 0x7f23f9e2dd90>\nmain_page = <pages.main_page.MainPage object at 0x7f23f86eaa10>\n\n    @allure.feature(\"Footer functionality\")\n    @allure.title(\"TC 011 - Проверка функциональности ссылки 'Подъем на этаж'\")\n    @pytest.mark.smoke_test\n    def test_positive_footer_lifting_smoke(self, main_page):\n        lifting_page = LiftingPage(main_page.driver)\n>       main_page.check_floor_climb_link()\n\ntests/test_main_page.py:107: \n_ _ _ _ _ _ _ _ _ _ _ _ _ _ _ _ _ _ _ _ _ _ _ _ _ _ _ _ _ _ _ _ _ _ _ _ _ _ _ _ \npages/main_page.py:142: in check_floor_climb_link\n    self.driver.find_element(*self._floor_climb_link).click()\n/usr/local/lib/python3.11/site-packages/selenium/webdriver/remote/webdriver.py:740: in find_element\n    return self.execute(Command.FIND_ELEMENT, {\"using\": by, \"value\": value})[\"value\"]\n/usr/local/lib/python3.11/site-packages/selenium/webdriver/remote/webdriver.py:346: in execute\n    self.error_handler.check_response(response)\n_ _ _ _ _ _ _ _ _ _ _ _ _ _ _ _ _ _ _ _ _ _ _ _ _ _ _ _ _ _ _ _ _ _ _ _ _ _ _ _ \n\nself = <selenium.webdriver.remote.errorhandler.ErrorHandler object at 0x7f23fa0bda10>\nresponse = {'status': 404, 'value': '{\"value\":{\"error\":\"no such element\",\"message\":\"no such element: Unable to locate element: {\\...\\\\n#16 0x5566c4e05917 \\\\u003Cunknown>\\\\n#17 0x5566c4e16773 \\\\u003Cunknown>\\\\n#18 0x7fbfffbfa044 \\\\u003Cunknown>\\\\n\"}}'}\n\n    def check_response(self, response: Dict[str, Any]) -> None:\n        \"\"\"Checks that a JSON response from the WebDriver does not have an\n        error.\n    \n        :Args:\n         - response - The JSON response from the WebDriver server as a dictionary\n           object.\n    \n        :Raises: If the response contains an error message.\n        \"\"\"\n        status = response.get(\"status\", None)\n        if not status or status == ErrorCode.SUCCESS:\n            return\n        value = None\n        message = response.get(\"message\", \"\")\n        screen: str = response.get(\"screen\", \"\")\n        stacktrace = None\n        if isinstance(status, int):\n            value_json = response.get(\"value\", None)\n            if value_json and isinstance(value_json, str):\n                import json\n    \n                try:\n                    value = json.loads(value_json)\n                    if len(value) == 1:\n                        value = value[\"value\"]\n                    status = value.get(\"error\", None)\n                    if not status:\n                        status = value.get(\"status\", ErrorCode.UNKNOWN_ERROR)\n                        message = value.get(\"value\") or value.get(\"message\")\n                        if not isinstance(message, str):\n                            value = message\n                            message = message.get(\"message\")\n                    else:\n                        message = value.get(\"message\", None)\n                except ValueError:\n                    pass\n    \n        exception_class: Type[WebDriverException]\n        if status in ErrorCode.NO_SUCH_ELEMENT:\n            exception_class = NoSuchElementException\n        elif status in ErrorCode.NO_SUCH_FRAME:\n            exception_class = NoSuchFrameException\n        elif status in ErrorCode.NO_SUCH_SHADOW_ROOT:\n            exception_class = NoSuchShadowRootException\n        elif status in ErrorCode.NO_SUCH_WINDOW:\n            exception_class = NoSuchWindowException\n        elif status in ErrorCode.STALE_ELEMENT_REFERENCE:\n            exception_class = StaleElementReferenceException\n        elif status in ErrorCode.ELEMENT_NOT_VISIBLE:\n            exception_class = ElementNotVisibleException\n        elif status in ErrorCode.INVALID_ELEMENT_STATE:\n            exception_class = InvalidElementStateException\n        elif (\n            status in ErrorCode.INVALID_SELECTOR\n            or status in ErrorCode.INVALID_XPATH_SELECTOR\n            or status in ErrorCode.INVALID_XPATH_SELECTOR_RETURN_TYPER\n        ):\n            exception_class = InvalidSelectorException\n        elif status in ErrorCode.ELEMENT_IS_NOT_SELECTABLE:\n            exception_class = ElementNotSelectableException\n        elif status in ErrorCode.ELEMENT_NOT_INTERACTABLE:\n            exception_class = ElementNotInteractableException\n        elif status in ErrorCode.INVALID_COOKIE_DOMAIN:\n            exception_class = InvalidCookieDomainException\n        elif status in ErrorCode.UNABLE_TO_SET_COOKIE:\n            exception_class = UnableToSetCookieException\n        elif status in ErrorCode.TIMEOUT:\n            exception_class = TimeoutException\n        elif status in ErrorCode.SCRIPT_TIMEOUT:\n            exception_class = TimeoutException\n        elif status in ErrorCode.UNKNOWN_ERROR:\n            exception_class = WebDriverException\n        elif status in ErrorCode.UNEXPECTED_ALERT_OPEN:\n            exception_class = UnexpectedAlertPresentException\n        elif status in ErrorCode.NO_ALERT_OPEN:\n            exception_class = NoAlertPresentException\n        elif status in ErrorCode.IME_NOT_AVAILABLE:\n            exception_class = ImeNotAvailableException\n        elif status in ErrorCode.IME_ENGINE_ACTIVATION_FAILED:\n            exception_class = ImeActivationFailedException\n        elif status in ErrorCode.MOVE_TARGET_OUT_OF_BOUNDS:\n            exception_class = MoveTargetOutOfBoundsException\n        elif status in ErrorCode.JAVASCRIPT_ERROR:\n            exception_class = JavascriptException\n        elif status in ErrorCode.SESSION_NOT_CREATED:\n            exception_class = SessionNotCreatedException\n        elif status in ErrorCode.INVALID_ARGUMENT:\n            exception_class = InvalidArgumentException\n        elif status in ErrorCode.NO_SUCH_COOKIE:\n            exception_class = NoSuchCookieException\n        elif status in ErrorCode.UNABLE_TO_CAPTURE_SCREEN:\n            exception_class = ScreenshotException\n        elif status in ErrorCode.ELEMENT_CLICK_INTERCEPTED:\n            exception_class = ElementClickInterceptedException\n        elif status in ErrorCode.INSECURE_CERTIFICATE:\n            exception_class = InsecureCertificateException\n        elif status in ErrorCode.INVALID_COORDINATES:\n            exception_class = InvalidCoordinatesException\n        elif status in ErrorCode.INVALID_SESSION_ID:\n            exception_class = InvalidSessionIdException\n        elif status in ErrorCode.UNKNOWN_METHOD:\n            exception_class = UnknownMethodException\n        else:\n            exception_class = WebDriverException\n        if not value:\n            value = response[\"value\"]\n        if isinstance(value, str):\n            raise exception_class(value)\n        if message == \"\" and \"message\" in value:\n            message = value[\"message\"]\n    \n        screen = None  # type: ignore[assignment]\n        if \"screen\" in value:\n            screen = value[\"screen\"]\n    \n        stacktrace = None\n        st_value = value.get(\"stackTrace\") or value.get(\"stacktrace\")\n        if st_value:\n            if isinstance(st_value, str):\n                stacktrace = st_value.split(\"\\n\")\n            else:\n                stacktrace = []\n                try:\n                    for frame in st_value:\n                        line = frame.get(\"lineNumber\", \"\")\n                        file = frame.get(\"fileName\", \"<anonymous>\")\n                        if line:\n                            file = f\"{file}:{line}\"\n                        meth = frame.get(\"methodName\", \"<anonymous>\")\n                        if \"className\" in frame:\n                            meth = f\"{frame['className']}.{meth}\"\n                        msg = \"    at %s (%s)\"\n                        msg = msg % (meth, file)\n                        stacktrace.append(msg)\n                except TypeError:\n                    pass\n        if exception_class == UnexpectedAlertPresentException:\n            alert_text = None\n            if \"data\" in value:\n                alert_text = value[\"data\"].get(\"text\")\n            elif \"alert\" in value:\n                alert_text = value[\"alert\"].get(\"text\")\n            raise exception_class(message, screen, stacktrace, alert_text)  # type: ignore[call-arg]  # mypy is not smart enough here\n>       raise exception_class(message, screen, stacktrace)\nE       selenium.common.exceptions.NoSuchElementException: Message: no such element: Unable to locate element: {\"method\":\"xpath\",\"selector\":\"(//a[@href='/podem-strojmaterialov-v-kvartiru'])[3]\"}\nE         (Session info: headless chrome=119.0.6045.105); For documentation on this error, please visit: https://www.selenium.dev/documentation/webdriver/troubleshooting/errors#no-such-element-exception\nE       Stacktrace:\nE       #0 0x5566c4e175e3 <unknown>\nE       #1 0x5566c4ada0b7 <unknown>\nE       #2 0x5566c4b27f53 <unknown>\nE       #3 0x5566c4b28051 <unknown>\nE       #4 0x5566c4b6d9c4 <unknown>\nE       #5 0x5566c4b4ef1d <unknown>\nE       #6 0x5566c4b6ab3d <unknown>\nE       #7 0x5566c4b4ecc3 <unknown>\nE       #8 0x5566c4b1a0e4 <unknown>\nE       #9 0x5566c4b1b0ae <unknown>\nE       #10 0x5566c4dddce1 <unknown>\nE       #11 0x5566c4de1b7e <unknown>\nE       #12 0x5566c4dcb4b5 <unknown>\nE       #13 0x5566c4de27d6 <unknown>\nE       #14 0x5566c4daedbf <unknown>\nE       #15 0x5566c4e05748 <unknown>\nE       #16 0x5566c4e05917 <unknown>\nE       #17 0x5566c4e16773 <unknown>\nE       #18 0x7fbfffbfa044 <unknown>\n\n/usr/local/lib/python3.11/site-packages/selenium/webdriver/remote/errorhandler.py:245: NoSuchElementException","steps":[{"name":"Проверка функциональности ссылки 'Подъем на этаж'","time":{"start":1699923918650,"stop":1699923918667,"duration":17},"status":"broken","statusMessage":"selenium.common.exceptions.NoSuchElementException: Message: no such element: Unable to locate element: {\"method\":\"xpath\",\"selector\":\"(//a[@href='/podem-strojmaterialov-v-kvartiru'])[3]\"}\n  (Session info: headless chrome=119.0.6045.105); For documentation on this error, please visit: https://www.selenium.dev/documentation/webdriver/troubleshooting/errors#no-such-element-exception\nStacktrace:\n#0 0x5566c4e175e3 <unknown>\n#1 0x5566c4ada0b7 <unknown>\n#2 0x5566c4b27f53 <unknown>\n#3 0x5566c4b28051 <unknown>\n#4 0x5566c4b6d9c4 <unknown>\n#5 0x5566c4b4ef1d <unknown>\n#6 0x5566c4b6ab3d <unknown>\n#7 0x5566c4b4ecc3 <unknown>\n#8 0x5566c4b1a0e4 <unknown>\n#9 0x5566c4b1b0ae <unknown>\n#10 0x5566c4dddce1 <unknown>\n#11 0x5566c4de1b7e <unknown>\n#12 0x5566c4dcb4b5 <unknown>\n#13 0x5566c4de27d6 <unknown>\n#14 0x5566c4daedbf <unknown>\n#15 0x5566c4e05748 <unknown>\n#16 0x5566c4e05917 <unknown>\n#17 0x5566c4e16773 <unknown>\n#18 0x7fbfffbfa044 <unknown>\n\n","statusTrace":"  File \"/usr/local/lib/python3.11/site-packages/allure_commons/_allure.py\", line 192, in impl\n    return func(*a, **kw)\n           ^^^^^^^^^^^^^^\n  File \"/app/pages/main_page.py\", line 142, in check_floor_climb_link\n    self.driver.find_element(*self._floor_climb_link).click()\n    ^^^^^^^^^^^^^^^^^^^^^^^^^^^^^^^^^^^^^^^^^^^^^^^^^\n  File \"/usr/local/lib/python3.11/site-packages/selenium/webdriver/remote/webdriver.py\", line 740, in find_element\n    return self.execute(Command.FIND_ELEMENT, {\"using\": by, \"value\": value})[\"value\"]\n           ^^^^^^^^^^^^^^^^^^^^^^^^^^^^^^^^^^^^^^^^^^^^^^^^^^^^^^^^^^^^^^^^^\n  File \"/usr/local/lib/python3.11/site-packages/selenium/webdriver/remote/webdriver.py\", line 346, in execute\n    self.error_handler.check_response(response)\n  File \"/usr/local/lib/python3.11/site-packages/selenium/webdriver/remote/errorhandler.py\", line 245, in check_response\n    raise exception_class(message, screen, stacktrace)\n","steps":[],"attachments":[],"parameters":[],"attachmentsCount":0,"hasContent":true,"shouldDisplayMessage":true,"stepsCount":0}],"attachments":[{"uid":"bf9d3a1c9e798240","name":"Screenshot","source":"bf9d3a1c9e798240.png","type":"image/png","size":39127},{"uid":"8a384d095833c739","name":"HTML source","source":"8a384d095833c739.html","type":"text/html","size":538}],"parameters":[],"attachmentsCount":2,"hasContent":true,"shouldDisplayMessage":true,"stepsCount":1},"afterStages":[{"name":"setup::0","time":{"start":1699923918839,"stop":1699923918839,"duration":0},"status":"passed","steps":[],"attachments":[],"parameters":[],"attachmentsCount":0,"hasContent":false,"shouldDisplayMessage":false,"stepsCount":0},{"name":"driver::0","time":{"start":1699923918840,"stop":1699923918899,"duration":59},"status":"passed","steps":[],"attachments":[],"parameters":[],"attachmentsCount":0,"hasContent":false,"shouldDisplayMessage":false,"stepsCount":0}],"labels":[{"name":"feature","value":"Footer functionality"},{"name":"epic","value":"Main Page"},{"name":"tag","value":"smoke_test"},{"name":"parentSuite","value":"tests"},{"name":"suite","value":"test_main_page"},{"name":"subSuite","value":"TestMainPage"},{"name":"host","value":"b16d18f0a671"},{"name":"thread","value":"1-MainThread"},{"name":"framework","value":"pytest"},{"name":"language","value":"cpython3"},{"name":"package","value":"tests.test_main_page"},{"name":"resultFormat","value":"allure2"}],"parameters":[{"name":"url","value":"'https://test2.stroyrem-nn.ru/'"}],"links":[],"hidden":false,"retry":false,"extra":{"severity":"normal","retries":[],"categories":[{"name":"Test defects","matchedStatuses":[],"flaky":false}],"history":{"statistic":{"failed":0,"broken":62,"skipped":0,"passed":35,"unknown":0,"total":97},"items":[{"uid":"e6e9ab3e7d17f33b","reportUrl":"https://zaelcovsky.github.io/StroyremAutomation/139//#testresult/e6e9ab3e7d17f33b","status":"broken","statusDetails":"selenium.common.exceptions.NoSuchElementException: Message: no such element: Unable to locate element: {\"method\":\"xpath\",\"selector\":\"(//a[@href='/podem-strojmaterialov-v-kvartiru'])[3]\"}\n  (Session info: headless chrome=119.0.6045.105); For documentation on this error, please visit: https://www.selenium.dev/documentation/webdriver/troubleshooting/errors#no-such-element-exception\nStacktrace:\n#0 0x562378b645e3 <unknown>\n#1 0x5623788270b7 <unknown>\n#2 0x562378874f53 <unknown>\n#3 0x562378875051 <unknown>\n#4 0x5623788ba9c4 <unknown>\n#5 0x56237889bf1d <unknown>\n#6 0x5623788b7b3d <unknown>\n#7 0x56237889bcc3 <unknown>\n#8 0x5623788670e4 <unknown>\n#9 0x5623788680ae <unknown>\n#10 0x562378b2ace1 <unknown>\n#11 0x562378b2eb7e <unknown>\n#12 0x562378b184b5 <unknown>\n#13 0x562378b2f7d6 <unknown>\n#14 0x562378afbdbf <unknown>\n#15 0x562378b52748 <unknown>\n#16 0x562378b52917 <unknown>\n#17 0x562378b63773 <unknown>\n#18 0x7f2038c7f044 <unknown>","time":{"start":1699837613299,"stop":1699837613312,"duration":13}},{"uid":"d7c720e3b118bd4e","reportUrl":"https://zaelcovsky.github.io/StroyremAutomation/138//#testresult/d7c720e3b118bd4e","status":"broken","statusDetails":"selenium.common.exceptions.NoSuchElementException: Message: no such element: Unable to locate element: {\"method\":\"xpath\",\"selector\":\"(//a[@href='/podem-strojmaterialov-v-kvartiru'])[3]\"}\n  (Session info: headless chrome=119.0.6045.105); For documentation on this error, please visit: https://www.selenium.dev/documentation/webdriver/troubleshooting/errors#no-such-element-exception\nStacktrace:\n#0 0x564c67b0e5e3 <unknown>\n#1 0x564c677d10b7 <unknown>\n#2 0x564c6781ef53 <unknown>\n#3 0x564c6781f051 <unknown>\n#4 0x564c678649c4 <unknown>\n#5 0x564c67845f1d <unknown>\n#6 0x564c67861b3d <unknown>\n#7 0x564c67845cc3 <unknown>\n#8 0x564c678110e4 <unknown>\n#9 0x564c678120ae <unknown>\n#10 0x564c67ad4ce1 <unknown>\n#11 0x564c67ad8b7e <unknown>\n#12 0x564c67ac24b5 <unknown>\n#13 0x564c67ad97d6 <unknown>\n#14 0x564c67aa5dbf <unknown>\n#15 0x564c67afc748 <unknown>\n#16 0x564c67afc917 <unknown>\n#17 0x564c67b0d773 <unknown>\n#18 0x7f1b850ae044 <unknown>","time":{"start":1699751384485,"stop":1699751384506,"duration":21}},{"uid":"909041e81d21d7e7","reportUrl":"https://zaelcovsky.github.io/StroyremAutomation/137//#testresult/909041e81d21d7e7","status":"broken","statusDetails":"selenium.common.exceptions.NoSuchElementException: Message: no such element: Unable to locate element: {\"method\":\"xpath\",\"selector\":\"(//a[@href='/podem-strojmaterialov-v-kvartiru'])[3]\"}\n  (Session info: headless chrome=119.0.6045.105); For documentation on this error, please visit: https://www.selenium.dev/documentation/webdriver/troubleshooting/errors#no-such-element-exception\nStacktrace:\n#0 0x560605ac55e3 <unknown>\n#1 0x5606057880b7 <unknown>\n#2 0x5606057d5f53 <unknown>\n#3 0x5606057d6051 <unknown>\n#4 0x56060581b9c4 <unknown>\n#5 0x5606057fcf1d <unknown>\n#6 0x560605818b3d <unknown>\n#7 0x5606057fccc3 <unknown>\n#8 0x5606057c80e4 <unknown>\n#9 0x5606057c90ae <unknown>\n#10 0x560605a8bce1 <unknown>\n#11 0x560605a8fb7e <unknown>\n#12 0x560605a794b5 <unknown>\n#13 0x560605a907d6 <unknown>\n#14 0x560605a5cdbf <unknown>\n#15 0x560605ab3748 <unknown>\n#16 0x560605ab3917 <unknown>\n#17 0x560605ac4773 <unknown>\n#18 0x7efd5b9ca044 <unknown>","time":{"start":1699664594028,"stop":1699664594041,"duration":13}},{"uid":"b21a3bcf29533e41","reportUrl":"https://zaelcovsky.github.io/StroyremAutomation/136//#testresult/b21a3bcf29533e41","status":"broken","statusDetails":"selenium.common.exceptions.NoSuchElementException: Message: no such element: Unable to locate element: {\"method\":\"xpath\",\"selector\":\"(//a[@href='/podem-strojmaterialov-v-kvartiru'])[3]\"}\n  (Session info: headless chrome=119.0.6045.105); For documentation on this error, please visit: https://www.selenium.dev/documentation/webdriver/troubleshooting/errors#no-such-element-exception\nStacktrace:\n#0 0x5585eb72f5e3 <unknown>\n#1 0x5585eb3f20b7 <unknown>\n#2 0x5585eb43ff53 <unknown>\n#3 0x5585eb440051 <unknown>\n#4 0x5585eb4859c4 <unknown>\n#5 0x5585eb466f1d <unknown>\n#6 0x5585eb482b3d <unknown>\n#7 0x5585eb466cc3 <unknown>\n#8 0x5585eb4320e4 <unknown>\n#9 0x5585eb4330ae <unknown>\n#10 0x5585eb6f5ce1 <unknown>\n#11 0x5585eb6f9b7e <unknown>\n#12 0x5585eb6e34b5 <unknown>\n#13 0x5585eb6fa7d6 <unknown>\n#14 0x5585eb6c6dbf <unknown>\n#15 0x5585eb71d748 <unknown>\n#16 0x5585eb71d917 <unknown>\n#17 0x5585eb72e773 <unknown>\n#18 0x7fc832f77044 <unknown>","time":{"start":1699578277340,"stop":1699578277353,"duration":13}},{"uid":"4e2cf03eacfc3b27","reportUrl":"https://zaelcovsky.github.io/StroyremAutomation/135//#testresult/4e2cf03eacfc3b27","status":"broken","statusDetails":"selenium.common.exceptions.NoSuchElementException: Message: no such element: Unable to locate element: {\"method\":\"xpath\",\"selector\":\"(//a[@href='/podem-strojmaterialov-v-kvartiru'])[3]\"}\n  (Session info: headless chrome=119.0.6045.105); For documentation on this error, please visit: https://www.selenium.dev/documentation/webdriver/troubleshooting/errors#no-such-element-exception\nStacktrace:\n#0 0x55a9b56005e3 <unknown>\n#1 0x55a9b52c30b7 <unknown>\n#2 0x55a9b5310f53 <unknown>\n#3 0x55a9b5311051 <unknown>\n#4 0x55a9b53569c4 <unknown>\n#5 0x55a9b5337f1d <unknown>\n#6 0x55a9b5353b3d <unknown>\n#7 0x55a9b5337cc3 <unknown>\n#8 0x55a9b53030e4 <unknown>\n#9 0x55a9b53040ae <unknown>\n#10 0x55a9b55c6ce1 <unknown>\n#11 0x55a9b55cab7e <unknown>\n#12 0x55a9b55b44b5 <unknown>\n#13 0x55a9b55cb7d6 <unknown>\n#14 0x55a9b5597dbf <unknown>\n#15 0x55a9b55ee748 <unknown>\n#16 0x55a9b55ee917 <unknown>\n#17 0x55a9b55ff773 <unknown>\n#18 0x7f5f57fb4044 <unknown>","time":{"start":1699491926660,"stop":1699491926680,"duration":20}},{"uid":"59f428187b5acd8b","reportUrl":"https://zaelcovsky.github.io/StroyremAutomation/134//#testresult/59f428187b5acd8b","status":"broken","statusDetails":"selenium.common.exceptions.NoSuchElementException: Message: no such element: Unable to locate element: {\"method\":\"xpath\",\"selector\":\"(//a[@href='/podem-strojmaterialov-v-kvartiru'])[3]\"}\n  (Session info: headless chrome=119.0.6045.105); For documentation on this error, please visit: https://www.selenium.dev/documentation/webdriver/troubleshooting/errors#no-such-element-exception\nStacktrace:\n#0 0x564c0dc595e3 <unknown>\n#1 0x564c0d91c0b7 <unknown>\n#2 0x564c0d969f53 <unknown>\n#3 0x564c0d96a051 <unknown>\n#4 0x564c0d9af9c4 <unknown>\n#5 0x564c0d990f1d <unknown>\n#6 0x564c0d9acb3d <unknown>\n#7 0x564c0d990cc3 <unknown>\n#8 0x564c0d95c0e4 <unknown>\n#9 0x564c0d95d0ae <unknown>\n#10 0x564c0dc1fce1 <unknown>\n#11 0x564c0dc23b7e <unknown>\n#12 0x564c0dc0d4b5 <unknown>\n#13 0x564c0dc247d6 <unknown>\n#14 0x564c0dbf0dbf <unknown>\n#15 0x564c0dc47748 <unknown>\n#16 0x564c0dc47917 <unknown>\n#17 0x564c0dc58773 <unknown>\n#18 0x7f57ff593044 <unknown>","time":{"start":1699405453621,"stop":1699405453640,"duration":19}},{"uid":"756cb55f4ee0cde3","reportUrl":"https://zaelcovsky.github.io/StroyremAutomation/133//#testresult/756cb55f4ee0cde3","status":"broken","statusDetails":"selenium.common.exceptions.NoSuchElementException: Message: no such element: Unable to locate element: {\"method\":\"xpath\",\"selector\":\"(//a[@href='/podem-strojmaterialov-v-kvartiru'])[3]\"}\n  (Session info: headless chrome=119.0.6045.105); For documentation on this error, please visit: https://www.selenium.dev/documentation/webdriver/troubleshooting/errors#no-such-element-exception\nStacktrace:\n#0 0x55a420c5c5e3 <unknown>\n#1 0x55a42091f0b7 <unknown>\n#2 0x55a42096cf53 <unknown>\n#3 0x55a42096d051 <unknown>\n#4 0x55a4209b29c4 <unknown>\n#5 0x55a420993f1d <unknown>\n#6 0x55a4209afb3d <unknown>\n#7 0x55a420993cc3 <unknown>\n#8 0x55a42095f0e4 <unknown>\n#9 0x55a4209600ae <unknown>\n#10 0x55a420c22ce1 <unknown>\n#11 0x55a420c26b7e <unknown>\n#12 0x55a420c104b5 <unknown>\n#13 0x55a420c277d6 <unknown>\n#14 0x55a420bf3dbf <unknown>\n#15 0x55a420c4a748 <unknown>\n#16 0x55a420c4a917 <unknown>\n#17 0x55a420c5b773 <unknown>\n#18 0x7fdfcd047044 <unknown>","time":{"start":1699319128149,"stop":1699319128170,"duration":21}},{"uid":"6b970a7c0016e8b1","reportUrl":"https://zaelcovsky.github.io/StroyremAutomation/132//#testresult/6b970a7c0016e8b1","status":"broken","statusDetails":"selenium.common.exceptions.NoSuchElementException: Message: no such element: Unable to locate element: {\"method\":\"xpath\",\"selector\":\"(//a[@href='/podem-strojmaterialov-v-kvartiru'])[3]\"}\n  (Session info: headless chrome=119.0.6045.105); For documentation on this error, please visit: https://www.selenium.dev/documentation/webdriver/troubleshooting/errors#no-such-element-exception\nStacktrace:\n#0 0x56353b6125e3 <unknown>\n#1 0x56353b2d50b7 <unknown>\n#2 0x56353b322f53 <unknown>\n#3 0x56353b323051 <unknown>\n#4 0x56353b3689c4 <unknown>\n#5 0x56353b349f1d <unknown>\n#6 0x56353b365b3d <unknown>\n#7 0x56353b349cc3 <unknown>\n#8 0x56353b3150e4 <unknown>\n#9 0x56353b3160ae <unknown>\n#10 0x56353b5d8ce1 <unknown>\n#11 0x56353b5dcb7e <unknown>\n#12 0x56353b5c64b5 <unknown>\n#13 0x56353b5dd7d6 <unknown>\n#14 0x56353b5a9dbf <unknown>\n#15 0x56353b600748 <unknown>\n#16 0x56353b600917 <unknown>\n#17 0x56353b611773 <unknown>\n#18 0x7f6e45574044 <unknown>","time":{"start":1699232800117,"stop":1699232800136,"duration":19}},{"uid":"aa74138de5121f7e","reportUrl":"https://zaelcovsky.github.io/StroyremAutomation/131//#testresult/aa74138de5121f7e","status":"broken","statusDetails":"selenium.common.exceptions.NoSuchElementException: Message: no such element: Unable to locate element: {\"method\":\"xpath\",\"selector\":\"(//a[@href='/podem-strojmaterialov-v-kvartiru'])[3]\"}\n  (Session info: headless chrome=119.0.6045.105); For documentation on this error, please visit: https://www.selenium.dev/documentation/webdriver/troubleshooting/errors#no-such-element-exception\nStacktrace:\n#0 0x558c182805e3 <unknown>\n#1 0x558c17f430b7 <unknown>\n#2 0x558c17f90f53 <unknown>\n#3 0x558c17f91051 <unknown>\n#4 0x558c17fd69c4 <unknown>\n#5 0x558c17fb7f1d <unknown>\n#6 0x558c17fd3b3d <unknown>\n#7 0x558c17fb7cc3 <unknown>\n#8 0x558c17f830e4 <unknown>\n#9 0x558c17f840ae <unknown>\n#10 0x558c18246ce1 <unknown>\n#11 0x558c1824ab7e <unknown>\n#12 0x558c182344b5 <unknown>\n#13 0x558c1824b7d6 <unknown>\n#14 0x558c18217dbf <unknown>\n#15 0x558c1826e748 <unknown>\n#16 0x558c1826e917 <unknown>\n#17 0x558c1827f773 <unknown>\n#18 0x7f82ad60b044 <unknown>","time":{"start":1699146514617,"stop":1699146514633,"duration":16}},{"uid":"c173ec4c0d884b5b","reportUrl":"https://zaelcovsky.github.io/StroyremAutomation/130//#testresult/c173ec4c0d884b5b","status":"broken","statusDetails":"selenium.common.exceptions.NoSuchElementException: Message: no such element: Unable to locate element: {\"method\":\"xpath\",\"selector\":\"(//a[@href='/podem-strojmaterialov-v-kvartiru'])[3]\"}\n  (Session info: headless chrome=119.0.6045.105); For documentation on this error, please visit: https://www.selenium.dev/documentation/webdriver/troubleshooting/errors#no-such-element-exception\nStacktrace:\n#0 0x55abb74245e3 <unknown>\n#1 0x55abb70e70b7 <unknown>\n#2 0x55abb7134f53 <unknown>\n#3 0x55abb7135051 <unknown>\n#4 0x55abb717a9c4 <unknown>\n#5 0x55abb715bf1d <unknown>\n#6 0x55abb7177b3d <unknown>\n#7 0x55abb715bcc3 <unknown>\n#8 0x55abb71270e4 <unknown>\n#9 0x55abb71280ae <unknown>\n#10 0x55abb73eace1 <unknown>\n#11 0x55abb73eeb7e <unknown>\n#12 0x55abb73d84b5 <unknown>\n#13 0x55abb73ef7d6 <unknown>\n#14 0x55abb73bbdbf <unknown>\n#15 0x55abb7412748 <unknown>\n#16 0x55abb7412917 <unknown>\n#17 0x55abb7423773 <unknown>\n#18 0x7f033ab13044 <unknown>","time":{"start":1699059814527,"stop":1699059814543,"duration":16}},{"uid":"6934155d3c32f2af","reportUrl":"https://zaelcovsky.github.io/StroyremAutomation/129//#testresult/6934155d3c32f2af","status":"broken","statusDetails":"selenium.common.exceptions.NoSuchElementException: Message: no such element: Unable to locate element: {\"method\":\"xpath\",\"selector\":\"(//a[@href='/podem-strojmaterialov-v-kvartiru'])[3]\"}\n  (Session info: headless chrome=119.0.6045.105); For documentation on this error, please visit: https://www.selenium.dev/documentation/webdriver/troubleshooting/errors#no-such-element-exception\nStacktrace:\n#0 0x55ce474635e3 <unknown>\n#1 0x55ce471260b7 <unknown>\n#2 0x55ce47173f53 <unknown>\n#3 0x55ce47174051 <unknown>\n#4 0x55ce471b99c4 <unknown>\n#5 0x55ce4719af1d <unknown>\n#6 0x55ce471b6b3d <unknown>\n#7 0x55ce4719acc3 <unknown>\n#8 0x55ce471660e4 <unknown>\n#9 0x55ce471670ae <unknown>\n#10 0x55ce47429ce1 <unknown>\n#11 0x55ce4742db7e <unknown>\n#12 0x55ce474174b5 <unknown>\n#13 0x55ce4742e7d6 <unknown>\n#14 0x55ce473fadbf <unknown>\n#15 0x55ce47451748 <unknown>\n#16 0x55ce47451917 <unknown>\n#17 0x55ce47462773 <unknown>\n#18 0x7f5bec5f8044 <unknown>","time":{"start":1698973428391,"stop":1698973428407,"duration":16}},{"uid":"f3fd4db1d81dc3ce","reportUrl":"https://zaelcovsky.github.io/StroyremAutomation/128//#testresult/f3fd4db1d81dc3ce","status":"broken","statusDetails":"selenium.common.exceptions.NoSuchElementException: Message: no such element: Unable to locate element: {\"method\":\"xpath\",\"selector\":\"(//a[@href='/podem-strojmaterialov-v-kvartiru'])[3]\"}\n  (Session info: headless chrome=119.0.6045.105); For documentation on this error, please visit: https://www.selenium.dev/documentation/webdriver/troubleshooting/errors#no-such-element-exception\nStacktrace:\n#0 0x556e737aa5e3 <unknown>\n#1 0x556e7346d0b7 <unknown>\n#2 0x556e734baf53 <unknown>\n#3 0x556e734bb051 <unknown>\n#4 0x556e735009c4 <unknown>\n#5 0x556e734e1f1d <unknown>\n#6 0x556e734fdb3d <unknown>\n#7 0x556e734e1cc3 <unknown>\n#8 0x556e734ad0e4 <unknown>\n#9 0x556e734ae0ae <unknown>\n#10 0x556e73770ce1 <unknown>\n#11 0x556e73774b7e <unknown>\n#12 0x556e7375e4b5 <unknown>\n#13 0x556e737757d6 <unknown>\n#14 0x556e73741dbf <unknown>\n#15 0x556e73798748 <unknown>\n#16 0x556e73798917 <unknown>\n#17 0x556e737a9773 <unknown>\n#18 0x7f9a7e367044 <unknown>","time":{"start":1698887011730,"stop":1698887011742,"duration":12}},{"uid":"9a6d491516056bc2","reportUrl":"https://zaelcovsky.github.io/StroyremAutomation/127//#testresult/9a6d491516056bc2","status":"broken","statusDetails":"selenium.common.exceptions.NoSuchElementException: Message: no such element: Unable to locate element: {\"method\":\"xpath\",\"selector\":\"(//a[@href='/podem-strojmaterialov-v-kvartiru'])[3]\"}\n  (Session info: headless chrome=119.0.6045.105); For documentation on this error, please visit: https://www.selenium.dev/documentation/webdriver/troubleshooting/errors#no-such-element-exception\nStacktrace:\n#0 0x55bb7f4cc5e3 <unknown>\n#1 0x55bb7f18f0b7 <unknown>\n#2 0x55bb7f1dcf53 <unknown>\n#3 0x55bb7f1dd051 <unknown>\n#4 0x55bb7f2229c4 <unknown>\n#5 0x55bb7f203f1d <unknown>\n#6 0x55bb7f21fb3d <unknown>\n#7 0x55bb7f203cc3 <unknown>\n#8 0x55bb7f1cf0e4 <unknown>\n#9 0x55bb7f1d00ae <unknown>\n#10 0x55bb7f492ce1 <unknown>\n#11 0x55bb7f496b7e <unknown>\n#12 0x55bb7f4804b5 <unknown>\n#13 0x55bb7f4977d6 <unknown>\n#14 0x55bb7f463dbf <unknown>\n#15 0x55bb7f4ba748 <unknown>\n#16 0x55bb7f4ba917 <unknown>\n#17 0x55bb7f4cb773 <unknown>\n#18 0x7f0f9b8fb044 <unknown>","time":{"start":1698800876450,"stop":1698800876472,"duration":22}},{"uid":"5f9195a01b4b52ea","reportUrl":"https://zaelcovsky.github.io/StroyremAutomation/126//#testresult/5f9195a01b4b52ea","status":"broken","statusDetails":"selenium.common.exceptions.NoSuchElementException: Message: no such element: Unable to locate element: {\"method\":\"xpath\",\"selector\":\"(//a[@href='/podem-strojmaterialov-v-kvartiru'])[3]\"}\n  (Session info: headless chrome=118.0.5993.70); For documentation on this error, please visit: https://www.selenium.dev/documentation/webdriver/troubleshooting/errors#no-such-element-exception\nStacktrace:\n#0 0x5606a3e67fb3 <unknown>\n#1 0x5606a3b3b4a7 <unknown>\n#2 0x5606a3b82dd6 <unknown>\n#3 0x5606a3b82ec1 <unknown>\n#4 0x5606a3bc0354 <unknown>\n#5 0x5606a3ba496d <unknown>\n#6 0x5606a3bbdc02 <unknown>\n#7 0x5606a3ba4713 <unknown>\n#8 0x5606a3b7718b <unknown>\n#9 0x5606a3b77f7e <unknown>\n#10 0x5606a3e2d8d8 <unknown>\n#11 0x5606a3e31800 <unknown>\n#12 0x5606a3e3bcfc <unknown>\n#13 0x5606a3e32418 <unknown>\n#14 0x5606a3dff42f <unknown>\n#15 0x5606a3e564e8 <unknown>\n#16 0x5606a3e566b4 <unknown>\n#17 0x5606a3e67143 <unknown>\n#18 0x7f3c29947044 <unknown>","time":{"start":1698714248195,"stop":1698714248216,"duration":21}},{"uid":"f321d5c500c77245","reportUrl":"https://zaelcovsky.github.io/StroyremAutomation/125//#testresult/f321d5c500c77245","status":"broken","statusDetails":"selenium.common.exceptions.NoSuchElementException: Message: no such element: Unable to locate element: {\"method\":\"xpath\",\"selector\":\"(//a[@href='/podem-strojmaterialov-v-kvartiru'])[3]\"}\n  (Session info: headless chrome=118.0.5993.70); For documentation on this error, please visit: https://www.selenium.dev/documentation/webdriver/troubleshooting/errors#no-such-element-exception\nStacktrace:\n#0 0x563e8da50fb3 <unknown>\n#1 0x563e8d7244a7 <unknown>\n#2 0x563e8d76bdd6 <unknown>\n#3 0x563e8d76bec1 <unknown>\n#4 0x563e8d7a9354 <unknown>\n#5 0x563e8d78d96d <unknown>\n#6 0x563e8d7a6c02 <unknown>\n#7 0x563e8d78d713 <unknown>\n#8 0x563e8d76018b <unknown>\n#9 0x563e8d760f7e <unknown>\n#10 0x563e8da168d8 <unknown>\n#11 0x563e8da1a800 <unknown>\n#12 0x563e8da24cfc <unknown>\n#13 0x563e8da1b418 <unknown>\n#14 0x563e8d9e842f <unknown>\n#15 0x563e8da3f4e8 <unknown>\n#16 0x563e8da3f6b4 <unknown>\n#17 0x563e8da50143 <unknown>\n#18 0x7fed78419044 <unknown>","time":{"start":1698627822811,"stop":1698627822826,"duration":15}},{"uid":"15229baf886c3e9f","reportUrl":"https://zaelcovsky.github.io/StroyremAutomation/124//#testresult/15229baf886c3e9f","status":"broken","statusDetails":"selenium.common.exceptions.NoSuchElementException: Message: no such element: Unable to locate element: {\"method\":\"xpath\",\"selector\":\"(//a[@href='/podem-strojmaterialov-v-kvartiru'])[3]\"}\n  (Session info: headless chrome=118.0.5993.70); For documentation on this error, please visit: https://www.selenium.dev/documentation/webdriver/troubleshooting/errors#no-such-element-exception\nStacktrace:\n#0 0x556c7338ffb3 <unknown>\n#1 0x556c730634a7 <unknown>\n#2 0x556c730aadd6 <unknown>\n#3 0x556c730aaec1 <unknown>\n#4 0x556c730e8354 <unknown>\n#5 0x556c730cc96d <unknown>\n#6 0x556c730e5c02 <unknown>\n#7 0x556c730cc713 <unknown>\n#8 0x556c7309f18b <unknown>\n#9 0x556c7309ff7e <unknown>\n#10 0x556c733558d8 <unknown>\n#11 0x556c73359800 <unknown>\n#12 0x556c73363cfc <unknown>\n#13 0x556c7335a418 <unknown>\n#14 0x556c7332742f <unknown>\n#15 0x556c7337e4e8 <unknown>\n#16 0x556c7337e6b4 <unknown>\n#17 0x556c7338f143 <unknown>\n#18 0x7fbf9b99d044 <unknown>","time":{"start":1698541609064,"stop":1698541609082,"duration":18}},{"uid":"404b3eaccea1bac6","reportUrl":"https://zaelcovsky.github.io/StroyremAutomation/123//#testresult/404b3eaccea1bac6","status":"broken","statusDetails":"selenium.common.exceptions.NoSuchElementException: Message: no such element: Unable to locate element: {\"method\":\"xpath\",\"selector\":\"(//a[@href='/podem-strojmaterialov-v-kvartiru'])[3]\"}\n  (Session info: headless chrome=118.0.5993.70); For documentation on this error, please visit: https://www.selenium.dev/documentation/webdriver/troubleshooting/errors#no-such-element-exception\nStacktrace:\n#0 0x55b6f8880fb3 <unknown>\n#1 0x55b6f85544a7 <unknown>\n#2 0x55b6f859bdd6 <unknown>\n#3 0x55b6f859bec1 <unknown>\n#4 0x55b6f85d9354 <unknown>\n#5 0x55b6f85bd96d <unknown>\n#6 0x55b6f85d6c02 <unknown>\n#7 0x55b6f85bd713 <unknown>\n#8 0x55b6f859018b <unknown>\n#9 0x55b6f8590f7e <unknown>\n#10 0x55b6f88468d8 <unknown>\n#11 0x55b6f884a800 <unknown>\n#12 0x55b6f8854cfc <unknown>\n#13 0x55b6f884b418 <unknown>\n#14 0x55b6f881842f <unknown>\n#15 0x55b6f886f4e8 <unknown>\n#16 0x55b6f886f6b4 <unknown>\n#17 0x55b6f8880143 <unknown>\n#18 0x7ff18b498044 <unknown>","time":{"start":1698454889107,"stop":1698454889125,"duration":18}},{"uid":"62f168bb6b6bc7e6","reportUrl":"https://zaelcovsky.github.io/StroyremAutomation/122//#testresult/62f168bb6b6bc7e6","status":"broken","statusDetails":"selenium.common.exceptions.NoSuchElementException: Message: no such element: Unable to locate element: {\"method\":\"xpath\",\"selector\":\"(//a[@href='/podem-strojmaterialov-v-kvartiru'])[3]\"}\n  (Session info: headless chrome=118.0.5993.70); For documentation on this error, please visit: https://www.selenium.dev/documentation/webdriver/troubleshooting/errors#no-such-element-exception\nStacktrace:\n#0 0x55ce31b40fb3 <unknown>\n#1 0x55ce318144a7 <unknown>\n#2 0x55ce3185bdd6 <unknown>\n#3 0x55ce3185bec1 <unknown>\n#4 0x55ce31899354 <unknown>\n#5 0x55ce3187d96d <unknown>\n#6 0x55ce31896c02 <unknown>\n#7 0x55ce3187d713 <unknown>\n#8 0x55ce3185018b <unknown>\n#9 0x55ce31850f7e <unknown>\n#10 0x55ce31b068d8 <unknown>\n#11 0x55ce31b0a800 <unknown>\n#12 0x55ce31b14cfc <unknown>\n#13 0x55ce31b0b418 <unknown>\n#14 0x55ce31ad842f <unknown>\n#15 0x55ce31b2f4e8 <unknown>\n#16 0x55ce31b2f6b4 <unknown>\n#17 0x55ce31b40143 <unknown>\n#18 0x7f90fe77b044 <unknown>","time":{"start":1698368547931,"stop":1698368547948,"duration":17}},{"uid":"4e46932fdbb585ca","reportUrl":"https://zaelcovsky.github.io/StroyremAutomation/121//#testresult/4e46932fdbb585ca","status":"broken","statusDetails":"selenium.common.exceptions.NoSuchElementException: Message: no such element: Unable to locate element: {\"method\":\"xpath\",\"selector\":\"(//a[@href='/podem-strojmaterialov-v-kvartiru'])[3]\"}\n  (Session info: headless chrome=118.0.5993.70); For documentation on this error, please visit: https://www.selenium.dev/documentation/webdriver/troubleshooting/errors#no-such-element-exception\nStacktrace:\n#0 0x55fb541edfb3 <unknown>\n#1 0x55fb53ec14a7 <unknown>\n#2 0x55fb53f08dd6 <unknown>\n#3 0x55fb53f08ec1 <unknown>\n#4 0x55fb53f46354 <unknown>\n#5 0x55fb53f2a96d <unknown>\n#6 0x55fb53f43c02 <unknown>\n#7 0x55fb53f2a713 <unknown>\n#8 0x55fb53efd18b <unknown>\n#9 0x55fb53efdf7e <unknown>\n#10 0x55fb541b38d8 <unknown>\n#11 0x55fb541b7800 <unknown>\n#12 0x55fb541c1cfc <unknown>\n#13 0x55fb541b8418 <unknown>\n#14 0x55fb5418542f <unknown>\n#15 0x55fb541dc4e8 <unknown>\n#16 0x55fb541dc6b4 <unknown>\n#17 0x55fb541ed143 <unknown>\n#18 0x7fc387cbb044 <unknown>","time":{"start":1698282153392,"stop":1698282153412,"duration":20}},{"uid":"db0d9b6752091b02","reportUrl":"https://zaelcovsky.github.io/StroyremAutomation/120//#testresult/db0d9b6752091b02","status":"broken","statusDetails":"selenium.common.exceptions.NoSuchElementException: Message: no such element: Unable to locate element: {\"method\":\"xpath\",\"selector\":\"(//a[@href='/podem-strojmaterialov-v-kvartiru'])[3]\"}\n  (Session info: headless chrome=118.0.5993.70); For documentation on this error, please visit: https://www.selenium.dev/documentation/webdriver/troubleshooting/errors#no-such-element-exception\nStacktrace:\n#0 0x5640030fffb3 <unknown>\n#1 0x564002dd34a7 <unknown>\n#2 0x564002e1add6 <unknown>\n#3 0x564002e1aec1 <unknown>\n#4 0x564002e58354 <unknown>\n#5 0x564002e3c96d <unknown>\n#6 0x564002e55c02 <unknown>\n#7 0x564002e3c713 <unknown>\n#8 0x564002e0f18b <unknown>\n#9 0x564002e0ff7e <unknown>\n#10 0x5640030c58d8 <unknown>\n#11 0x5640030c9800 <unknown>\n#12 0x5640030d3cfc <unknown>\n#13 0x5640030ca418 <unknown>\n#14 0x56400309742f <unknown>\n#15 0x5640030ee4e8 <unknown>\n#16 0x5640030ee6b4 <unknown>\n#17 0x5640030ff143 <unknown>\n#18 0x7f80e6fb0044 <unknown>","time":{"start":1698195785662,"stop":1698195785677,"duration":15}}]},"tags":["smoke_test"]},"source":"6834c4fd27ef1977.json","parameterValues":["'https://test2.stroyrem-nn.ru/'"]}