{"uid":"3a875e69fbcd40fb","name":"TC 014 - Проверка функциональности ссылки 'Оплатить заказ'","fullName":"tests.test_main_page.TestMainPage#test_positive_footer_payment_order_smoke","historyId":"534ccbf5f4c791c824cbd75395f48a3b","time":{"start":1706835818551,"stop":1706835818564,"duration":13},"status":"broken","statusMessage":"selenium.common.exceptions.NoSuchElementException: Message: no such element: Unable to locate element: {\"method\":\"xpath\",\"selector\":\"(//a[@href='#order-pay'])[3]\"}\n  (Session info: chrome-headless-shell=121.0.6167.85); For documentation on this error, please visit: https://www.selenium.dev/documentation/webdriver/troubleshooting/errors#no-such-element-exception\nStacktrace:\n#0 0x563704a45d93 <unknown>\n#1 0x563704729337 <unknown>\n#2 0x563704774d60 <unknown>\n#3 0x563704774e51 <unknown>\n#4 0x5637047b8bc4 <unknown>\n#5 0x56370479746d <unknown>\n#6 0x5637047b612d <unknown>\n#7 0x5637047971e3 <unknown>\n#8 0x563704767135 <unknown>\n#9 0x56370476813e <unknown>\n#10 0x563704a09e4b <unknown>\n#11 0x563704a0ddfa <unknown>\n#12 0x5637049f66d5 <unknown>\n#13 0x563704a0ea6f <unknown>\n#14 0x5637049da69f <unknown>\n#15 0x563704a33098 <unknown>\n#16 0x563704a33262 <unknown>\n#17 0x563704a44f34 <unknown>\n#18 0x7f32c93be134 <unknown>","statusTrace":"self = <tests.test_main_page.TestMainPage object at 0x7f25458fd310>\nmain_page = <pages.main_page.MainPage object at 0x7f2544ea2bd0>\n\n    @allure.feature(\"Footer functionality\")\n    @allure.title(\"TC 014 - Проверка функциональности ссылки 'Оплатить заказ'\")\n    @pytest.mark.smoke_test\n    def test_positive_footer_payment_order_smoke(self, main_page):\n>       title = main_page.check_payment_order_link()\n\ntests/test_main_page.py:131: \n_ _ _ _ _ _ _ _ _ _ _ _ _ _ _ _ _ _ _ _ _ _ _ _ _ _ _ _ _ _ _ _ _ _ _ _ _ _ _ _ \npages/main_page.py:161: in check_payment_order_link\n    self.driver.find_element(*self._payment_order_link).click()\n/usr/local/lib/python3.11/site-packages/selenium/webdriver/remote/webdriver.py:740: in find_element\n    return self.execute(Command.FIND_ELEMENT, {\"using\": by, \"value\": value})[\"value\"]\n/usr/local/lib/python3.11/site-packages/selenium/webdriver/remote/webdriver.py:346: in execute\n    self.error_handler.check_response(response)\n_ _ _ _ _ _ _ _ _ _ _ _ _ _ _ _ _ _ _ _ _ _ _ _ _ _ _ _ _ _ _ _ _ _ _ _ _ _ _ _ \n\nself = <selenium.webdriver.remote.errorhandler.ErrorHandler object at 0x7f2544dfb1d0>\nresponse = {'status': 404, 'value': '{\"value\":{\"error\":\"no such element\",\"message\":\"no such element: Unable to locate element: {\\...\\\\n#16 0x563704a33262 \\\\u003Cunknown>\\\\n#17 0x563704a44f34 \\\\u003Cunknown>\\\\n#18 0x7f32c93be134 \\\\u003Cunknown>\\\\n\"}}'}\n\n    def check_response(self, response: Dict[str, Any]) -> None:\n        \"\"\"Checks that a JSON response from the WebDriver does not have an\n        error.\n    \n        :Args:\n         - response - The JSON response from the WebDriver server as a dictionary\n           object.\n    \n        :Raises: If the response contains an error message.\n        \"\"\"\n        status = response.get(\"status\", None)\n        if not status or status == ErrorCode.SUCCESS:\n            return\n        value = None\n        message = response.get(\"message\", \"\")\n        screen: str = response.get(\"screen\", \"\")\n        stacktrace = None\n        if isinstance(status, int):\n            value_json = response.get(\"value\", None)\n            if value_json and isinstance(value_json, str):\n                import json\n    \n                try:\n                    value = json.loads(value_json)\n                    if len(value) == 1:\n                        value = value[\"value\"]\n                    status = value.get(\"error\", None)\n                    if not status:\n                        status = value.get(\"status\", ErrorCode.UNKNOWN_ERROR)\n                        message = value.get(\"value\") or value.get(\"message\")\n                        if not isinstance(message, str):\n                            value = message\n                            message = message.get(\"message\")\n                    else:\n                        message = value.get(\"message\", None)\n                except ValueError:\n                    pass\n    \n        exception_class: Type[WebDriverException]\n        if status in ErrorCode.NO_SUCH_ELEMENT:\n            exception_class = NoSuchElementException\n        elif status in ErrorCode.NO_SUCH_FRAME:\n            exception_class = NoSuchFrameException\n        elif status in ErrorCode.NO_SUCH_SHADOW_ROOT:\n            exception_class = NoSuchShadowRootException\n        elif status in ErrorCode.NO_SUCH_WINDOW:\n            exception_class = NoSuchWindowException\n        elif status in ErrorCode.STALE_ELEMENT_REFERENCE:\n            exception_class = StaleElementReferenceException\n        elif status in ErrorCode.ELEMENT_NOT_VISIBLE:\n            exception_class = ElementNotVisibleException\n        elif status in ErrorCode.INVALID_ELEMENT_STATE:\n            exception_class = InvalidElementStateException\n        elif (\n            status in ErrorCode.INVALID_SELECTOR\n            or status in ErrorCode.INVALID_XPATH_SELECTOR\n            or status in ErrorCode.INVALID_XPATH_SELECTOR_RETURN_TYPER\n        ):\n            exception_class = InvalidSelectorException\n        elif status in ErrorCode.ELEMENT_IS_NOT_SELECTABLE:\n            exception_class = ElementNotSelectableException\n        elif status in ErrorCode.ELEMENT_NOT_INTERACTABLE:\n            exception_class = ElementNotInteractableException\n        elif status in ErrorCode.INVALID_COOKIE_DOMAIN:\n            exception_class = InvalidCookieDomainException\n        elif status in ErrorCode.UNABLE_TO_SET_COOKIE:\n            exception_class = UnableToSetCookieException\n        elif status in ErrorCode.TIMEOUT:\n            exception_class = TimeoutException\n        elif status in ErrorCode.SCRIPT_TIMEOUT:\n            exception_class = TimeoutException\n        elif status in ErrorCode.UNKNOWN_ERROR:\n            exception_class = WebDriverException\n        elif status in ErrorCode.UNEXPECTED_ALERT_OPEN:\n            exception_class = UnexpectedAlertPresentException\n        elif status in ErrorCode.NO_ALERT_OPEN:\n            exception_class = NoAlertPresentException\n        elif status in ErrorCode.IME_NOT_AVAILABLE:\n            exception_class = ImeNotAvailableException\n        elif status in ErrorCode.IME_ENGINE_ACTIVATION_FAILED:\n            exception_class = ImeActivationFailedException\n        elif status in ErrorCode.MOVE_TARGET_OUT_OF_BOUNDS:\n            exception_class = MoveTargetOutOfBoundsException\n        elif status in ErrorCode.JAVASCRIPT_ERROR:\n            exception_class = JavascriptException\n        elif status in ErrorCode.SESSION_NOT_CREATED:\n            exception_class = SessionNotCreatedException\n        elif status in ErrorCode.INVALID_ARGUMENT:\n            exception_class = InvalidArgumentException\n        elif status in ErrorCode.NO_SUCH_COOKIE:\n            exception_class = NoSuchCookieException\n        elif status in ErrorCode.UNABLE_TO_CAPTURE_SCREEN:\n            exception_class = ScreenshotException\n        elif status in ErrorCode.ELEMENT_CLICK_INTERCEPTED:\n            exception_class = ElementClickInterceptedException\n        elif status in ErrorCode.INSECURE_CERTIFICATE:\n            exception_class = InsecureCertificateException\n        elif status in ErrorCode.INVALID_COORDINATES:\n            exception_class = InvalidCoordinatesException\n        elif status in ErrorCode.INVALID_SESSION_ID:\n            exception_class = InvalidSessionIdException\n        elif status in ErrorCode.UNKNOWN_METHOD:\n            exception_class = UnknownMethodException\n        else:\n            exception_class = WebDriverException\n        if not value:\n            value = response[\"value\"]\n        if isinstance(value, str):\n            raise exception_class(value)\n        if message == \"\" and \"message\" in value:\n            message = value[\"message\"]\n    \n        screen = None  # type: ignore[assignment]\n        if \"screen\" in value:\n            screen = value[\"screen\"]\n    \n        stacktrace = None\n        st_value = value.get(\"stackTrace\") or value.get(\"stacktrace\")\n        if st_value:\n            if isinstance(st_value, str):\n                stacktrace = st_value.split(\"\\n\")\n            else:\n                stacktrace = []\n                try:\n                    for frame in st_value:\n                        line = frame.get(\"lineNumber\", \"\")\n                        file = frame.get(\"fileName\", \"<anonymous>\")\n                        if line:\n                            file = f\"{file}:{line}\"\n                        meth = frame.get(\"methodName\", \"<anonymous>\")\n                        if \"className\" in frame:\n                            meth = f\"{frame['className']}.{meth}\"\n                        msg = \"    at %s (%s)\"\n                        msg = msg % (meth, file)\n                        stacktrace.append(msg)\n                except TypeError:\n                    pass\n        if exception_class == UnexpectedAlertPresentException:\n            alert_text = None\n            if \"data\" in value:\n                alert_text = value[\"data\"].get(\"text\")\n            elif \"alert\" in value:\n                alert_text = value[\"alert\"].get(\"text\")\n            raise exception_class(message, screen, stacktrace, alert_text)  # type: ignore[call-arg]  # mypy is not smart enough here\n>       raise exception_class(message, screen, stacktrace)\nE       selenium.common.exceptions.NoSuchElementException: Message: no such element: Unable to locate element: {\"method\":\"xpath\",\"selector\":\"(//a[@href='#order-pay'])[3]\"}\nE         (Session info: chrome-headless-shell=121.0.6167.85); For documentation on this error, please visit: https://www.selenium.dev/documentation/webdriver/troubleshooting/errors#no-such-element-exception\nE       Stacktrace:\nE       #0 0x563704a45d93 <unknown>\nE       #1 0x563704729337 <unknown>\nE       #2 0x563704774d60 <unknown>\nE       #3 0x563704774e51 <unknown>\nE       #4 0x5637047b8bc4 <unknown>\nE       #5 0x56370479746d <unknown>\nE       #6 0x5637047b612d <unknown>\nE       #7 0x5637047971e3 <unknown>\nE       #8 0x563704767135 <unknown>\nE       #9 0x56370476813e <unknown>\nE       #10 0x563704a09e4b <unknown>\nE       #11 0x563704a0ddfa <unknown>\nE       #12 0x5637049f66d5 <unknown>\nE       #13 0x563704a0ea6f <unknown>\nE       #14 0x5637049da69f <unknown>\nE       #15 0x563704a33098 <unknown>\nE       #16 0x563704a33262 <unknown>\nE       #17 0x563704a44f34 <unknown>\nE       #18 0x7f32c93be134 <unknown>\n\n/usr/local/lib/python3.11/site-packages/selenium/webdriver/remote/errorhandler.py:245: NoSuchElementException","flaky":false,"newFailed":false,"newBroken":false,"newPassed":false,"retriesCount":0,"retriesStatusChange":false,"beforeStages":[{"name":"_session_faker","time":{"start":1706835644856,"stop":1706835644925,"duration":69},"status":"passed","steps":[],"attachments":[],"parameters":[],"shouldDisplayMessage":false,"stepsCount":0,"attachmentsCount":0,"hasContent":false,"attachmentStep":false},{"name":"clear_allure_results_folder","time":{"start":1706835644925,"stop":1706835644925,"duration":0},"status":"passed","steps":[],"attachments":[],"parameters":[],"shouldDisplayMessage":false,"stepsCount":0,"attachmentsCount":0,"hasContent":false,"attachmentStep":false},{"name":"driver","time":{"start":1706835817246,"stop":1706835817982,"duration":736},"status":"passed","steps":[],"attachments":[],"parameters":[],"shouldDisplayMessage":false,"stepsCount":0,"attachmentsCount":0,"hasContent":false,"attachmentStep":false},{"name":"main_page","time":{"start":1706835817982,"stop":1706835818550,"duration":568},"status":"passed","steps":[],"attachments":[],"parameters":[],"shouldDisplayMessage":false,"stepsCount":0,"attachmentsCount":0,"hasContent":false,"attachmentStep":false},{"name":"setup","time":{"start":1706835817982,"stop":1706835817982,"duration":0},"status":"passed","steps":[],"attachments":[],"parameters":[],"shouldDisplayMessage":false,"stepsCount":0,"attachmentsCount":0,"hasContent":false,"attachmentStep":false}],"testStage":{"status":"broken","statusMessage":"selenium.common.exceptions.NoSuchElementException: Message: no such element: Unable to locate element: {\"method\":\"xpath\",\"selector\":\"(//a[@href='#order-pay'])[3]\"}\n  (Session info: chrome-headless-shell=121.0.6167.85); For documentation on this error, please visit: https://www.selenium.dev/documentation/webdriver/troubleshooting/errors#no-such-element-exception\nStacktrace:\n#0 0x563704a45d93 <unknown>\n#1 0x563704729337 <unknown>\n#2 0x563704774d60 <unknown>\n#3 0x563704774e51 <unknown>\n#4 0x5637047b8bc4 <unknown>\n#5 0x56370479746d <unknown>\n#6 0x5637047b612d <unknown>\n#7 0x5637047971e3 <unknown>\n#8 0x563704767135 <unknown>\n#9 0x56370476813e <unknown>\n#10 0x563704a09e4b <unknown>\n#11 0x563704a0ddfa <unknown>\n#12 0x5637049f66d5 <unknown>\n#13 0x563704a0ea6f <unknown>\n#14 0x5637049da69f <unknown>\n#15 0x563704a33098 <unknown>\n#16 0x563704a33262 <unknown>\n#17 0x563704a44f34 <unknown>\n#18 0x7f32c93be134 <unknown>","statusTrace":"self = <tests.test_main_page.TestMainPage object at 0x7f25458fd310>\nmain_page = <pages.main_page.MainPage object at 0x7f2544ea2bd0>\n\n    @allure.feature(\"Footer functionality\")\n    @allure.title(\"TC 014 - Проверка функциональности ссылки 'Оплатить заказ'\")\n    @pytest.mark.smoke_test\n    def test_positive_footer_payment_order_smoke(self, main_page):\n>       title = main_page.check_payment_order_link()\n\ntests/test_main_page.py:131: \n_ _ _ _ _ _ _ _ _ _ _ _ _ _ _ _ _ _ _ _ _ _ _ _ _ _ _ _ _ _ _ _ _ _ _ _ _ _ _ _ \npages/main_page.py:161: in check_payment_order_link\n    self.driver.find_element(*self._payment_order_link).click()\n/usr/local/lib/python3.11/site-packages/selenium/webdriver/remote/webdriver.py:740: in find_element\n    return self.execute(Command.FIND_ELEMENT, {\"using\": by, \"value\": value})[\"value\"]\n/usr/local/lib/python3.11/site-packages/selenium/webdriver/remote/webdriver.py:346: in execute\n    self.error_handler.check_response(response)\n_ _ _ _ _ _ _ _ _ _ _ _ _ _ _ _ _ _ _ _ _ _ _ _ _ _ _ _ _ _ _ _ _ _ _ _ _ _ _ _ \n\nself = <selenium.webdriver.remote.errorhandler.ErrorHandler object at 0x7f2544dfb1d0>\nresponse = {'status': 404, 'value': '{\"value\":{\"error\":\"no such element\",\"message\":\"no such element: Unable to locate element: {\\...\\\\n#16 0x563704a33262 \\\\u003Cunknown>\\\\n#17 0x563704a44f34 \\\\u003Cunknown>\\\\n#18 0x7f32c93be134 \\\\u003Cunknown>\\\\n\"}}'}\n\n    def check_response(self, response: Dict[str, Any]) -> None:\n        \"\"\"Checks that a JSON response from the WebDriver does not have an\n        error.\n    \n        :Args:\n         - response - The JSON response from the WebDriver server as a dictionary\n           object.\n    \n        :Raises: If the response contains an error message.\n        \"\"\"\n        status = response.get(\"status\", None)\n        if not status or status == ErrorCode.SUCCESS:\n            return\n        value = None\n        message = response.get(\"message\", \"\")\n        screen: str = response.get(\"screen\", \"\")\n        stacktrace = None\n        if isinstance(status, int):\n            value_json = response.get(\"value\", None)\n            if value_json and isinstance(value_json, str):\n                import json\n    \n                try:\n                    value = json.loads(value_json)\n                    if len(value) == 1:\n                        value = value[\"value\"]\n                    status = value.get(\"error\", None)\n                    if not status:\n                        status = value.get(\"status\", ErrorCode.UNKNOWN_ERROR)\n                        message = value.get(\"value\") or value.get(\"message\")\n                        if not isinstance(message, str):\n                            value = message\n                            message = message.get(\"message\")\n                    else:\n                        message = value.get(\"message\", None)\n                except ValueError:\n                    pass\n    \n        exception_class: Type[WebDriverException]\n        if status in ErrorCode.NO_SUCH_ELEMENT:\n            exception_class = NoSuchElementException\n        elif status in ErrorCode.NO_SUCH_FRAME:\n            exception_class = NoSuchFrameException\n        elif status in ErrorCode.NO_SUCH_SHADOW_ROOT:\n            exception_class = NoSuchShadowRootException\n        elif status in ErrorCode.NO_SUCH_WINDOW:\n            exception_class = NoSuchWindowException\n        elif status in ErrorCode.STALE_ELEMENT_REFERENCE:\n            exception_class = StaleElementReferenceException\n        elif status in ErrorCode.ELEMENT_NOT_VISIBLE:\n            exception_class = ElementNotVisibleException\n        elif status in ErrorCode.INVALID_ELEMENT_STATE:\n            exception_class = InvalidElementStateException\n        elif (\n            status in ErrorCode.INVALID_SELECTOR\n            or status in ErrorCode.INVALID_XPATH_SELECTOR\n            or status in ErrorCode.INVALID_XPATH_SELECTOR_RETURN_TYPER\n        ):\n            exception_class = InvalidSelectorException\n        elif status in ErrorCode.ELEMENT_IS_NOT_SELECTABLE:\n            exception_class = ElementNotSelectableException\n        elif status in ErrorCode.ELEMENT_NOT_INTERACTABLE:\n            exception_class = ElementNotInteractableException\n        elif status in ErrorCode.INVALID_COOKIE_DOMAIN:\n            exception_class = InvalidCookieDomainException\n        elif status in ErrorCode.UNABLE_TO_SET_COOKIE:\n            exception_class = UnableToSetCookieException\n        elif status in ErrorCode.TIMEOUT:\n            exception_class = TimeoutException\n        elif status in ErrorCode.SCRIPT_TIMEOUT:\n            exception_class = TimeoutException\n        elif status in ErrorCode.UNKNOWN_ERROR:\n            exception_class = WebDriverException\n        elif status in ErrorCode.UNEXPECTED_ALERT_OPEN:\n            exception_class = UnexpectedAlertPresentException\n        elif status in ErrorCode.NO_ALERT_OPEN:\n            exception_class = NoAlertPresentException\n        elif status in ErrorCode.IME_NOT_AVAILABLE:\n            exception_class = ImeNotAvailableException\n        elif status in ErrorCode.IME_ENGINE_ACTIVATION_FAILED:\n            exception_class = ImeActivationFailedException\n        elif status in ErrorCode.MOVE_TARGET_OUT_OF_BOUNDS:\n            exception_class = MoveTargetOutOfBoundsException\n        elif status in ErrorCode.JAVASCRIPT_ERROR:\n            exception_class = JavascriptException\n        elif status in ErrorCode.SESSION_NOT_CREATED:\n            exception_class = SessionNotCreatedException\n        elif status in ErrorCode.INVALID_ARGUMENT:\n            exception_class = InvalidArgumentException\n        elif status in ErrorCode.NO_SUCH_COOKIE:\n            exception_class = NoSuchCookieException\n        elif status in ErrorCode.UNABLE_TO_CAPTURE_SCREEN:\n            exception_class = ScreenshotException\n        elif status in ErrorCode.ELEMENT_CLICK_INTERCEPTED:\n            exception_class = ElementClickInterceptedException\n        elif status in ErrorCode.INSECURE_CERTIFICATE:\n            exception_class = InsecureCertificateException\n        elif status in ErrorCode.INVALID_COORDINATES:\n            exception_class = InvalidCoordinatesException\n        elif status in ErrorCode.INVALID_SESSION_ID:\n            exception_class = InvalidSessionIdException\n        elif status in ErrorCode.UNKNOWN_METHOD:\n            exception_class = UnknownMethodException\n        else:\n            exception_class = WebDriverException\n        if not value:\n            value = response[\"value\"]\n        if isinstance(value, str):\n            raise exception_class(value)\n        if message == \"\" and \"message\" in value:\n            message = value[\"message\"]\n    \n        screen = None  # type: ignore[assignment]\n        if \"screen\" in value:\n            screen = value[\"screen\"]\n    \n        stacktrace = None\n        st_value = value.get(\"stackTrace\") or value.get(\"stacktrace\")\n        if st_value:\n            if isinstance(st_value, str):\n                stacktrace = st_value.split(\"\\n\")\n            else:\n                stacktrace = []\n                try:\n                    for frame in st_value:\n                        line = frame.get(\"lineNumber\", \"\")\n                        file = frame.get(\"fileName\", \"<anonymous>\")\n                        if line:\n                            file = f\"{file}:{line}\"\n                        meth = frame.get(\"methodName\", \"<anonymous>\")\n                        if \"className\" in frame:\n                            meth = f\"{frame['className']}.{meth}\"\n                        msg = \"    at %s (%s)\"\n                        msg = msg % (meth, file)\n                        stacktrace.append(msg)\n                except TypeError:\n                    pass\n        if exception_class == UnexpectedAlertPresentException:\n            alert_text = None\n            if \"data\" in value:\n                alert_text = value[\"data\"].get(\"text\")\n            elif \"alert\" in value:\n                alert_text = value[\"alert\"].get(\"text\")\n            raise exception_class(message, screen, stacktrace, alert_text)  # type: ignore[call-arg]  # mypy is not smart enough here\n>       raise exception_class(message, screen, stacktrace)\nE       selenium.common.exceptions.NoSuchElementException: Message: no such element: Unable to locate element: {\"method\":\"xpath\",\"selector\":\"(//a[@href='#order-pay'])[3]\"}\nE         (Session info: chrome-headless-shell=121.0.6167.85); For documentation on this error, please visit: https://www.selenium.dev/documentation/webdriver/troubleshooting/errors#no-such-element-exception\nE       Stacktrace:\nE       #0 0x563704a45d93 <unknown>\nE       #1 0x563704729337 <unknown>\nE       #2 0x563704774d60 <unknown>\nE       #3 0x563704774e51 <unknown>\nE       #4 0x5637047b8bc4 <unknown>\nE       #5 0x56370479746d <unknown>\nE       #6 0x5637047b612d <unknown>\nE       #7 0x5637047971e3 <unknown>\nE       #8 0x563704767135 <unknown>\nE       #9 0x56370476813e <unknown>\nE       #10 0x563704a09e4b <unknown>\nE       #11 0x563704a0ddfa <unknown>\nE       #12 0x5637049f66d5 <unknown>\nE       #13 0x563704a0ea6f <unknown>\nE       #14 0x5637049da69f <unknown>\nE       #15 0x563704a33098 <unknown>\nE       #16 0x563704a33262 <unknown>\nE       #17 0x563704a44f34 <unknown>\nE       #18 0x7f32c93be134 <unknown>\n\n/usr/local/lib/python3.11/site-packages/selenium/webdriver/remote/errorhandler.py:245: NoSuchElementException","steps":[{"name":"Проверка функциональности ссылки 'Оплатить заказ'","time":{"start":1706835818551,"stop":1706835818563,"duration":12},"status":"broken","statusMessage":"selenium.common.exceptions.NoSuchElementException: Message: no such element: Unable to locate element: {\"method\":\"xpath\",\"selector\":\"(//a[@href='#order-pay'])[3]\"}\n  (Session info: chrome-headless-shell=121.0.6167.85); For documentation on this error, please visit: https://www.selenium.dev/documentation/webdriver/troubleshooting/errors#no-such-element-exception\nStacktrace:\n#0 0x563704a45d93 <unknown>\n#1 0x563704729337 <unknown>\n#2 0x563704774d60 <unknown>\n#3 0x563704774e51 <unknown>\n#4 0x5637047b8bc4 <unknown>\n#5 0x56370479746d <unknown>\n#6 0x5637047b612d <unknown>\n#7 0x5637047971e3 <unknown>\n#8 0x563704767135 <unknown>\n#9 0x56370476813e <unknown>\n#10 0x563704a09e4b <unknown>\n#11 0x563704a0ddfa <unknown>\n#12 0x5637049f66d5 <unknown>\n#13 0x563704a0ea6f <unknown>\n#14 0x5637049da69f <unknown>\n#15 0x563704a33098 <unknown>\n#16 0x563704a33262 <unknown>\n#17 0x563704a44f34 <unknown>\n#18 0x7f32c93be134 <unknown>\n\n","statusTrace":"  File \"/usr/local/lib/python3.11/site-packages/allure_commons/_allure.py\", line 192, in impl\n    return func(*a, **kw)\n           ^^^^^^^^^^^^^^\n  File \"/app/pages/main_page.py\", line 161, in check_payment_order_link\n    self.driver.find_element(*self._payment_order_link).click()\n    ^^^^^^^^^^^^^^^^^^^^^^^^^^^^^^^^^^^^^^^^^^^^^^^^^^^\n  File \"/usr/local/lib/python3.11/site-packages/selenium/webdriver/remote/webdriver.py\", line 740, in find_element\n    return self.execute(Command.FIND_ELEMENT, {\"using\": by, \"value\": value})[\"value\"]\n           ^^^^^^^^^^^^^^^^^^^^^^^^^^^^^^^^^^^^^^^^^^^^^^^^^^^^^^^^^^^^^^^^^\n  File \"/usr/local/lib/python3.11/site-packages/selenium/webdriver/remote/webdriver.py\", line 346, in execute\n    self.error_handler.check_response(response)\n  File \"/usr/local/lib/python3.11/site-packages/selenium/webdriver/remote/errorhandler.py\", line 245, in check_response\n    raise exception_class(message, screen, stacktrace)\n","steps":[],"attachments":[],"parameters":[],"shouldDisplayMessage":true,"stepsCount":0,"attachmentsCount":0,"hasContent":true,"attachmentStep":false}],"attachments":[{"uid":"85e9967055a894f2","name":"Screenshot","source":"85e9967055a894f2.png","type":"image/png","size":39106},{"uid":"e8512e28defdfb8a","name":"HTML source","source":"e8512e28defdfb8a.html","type":"text/html","size":538}],"parameters":[],"shouldDisplayMessage":true,"stepsCount":1,"attachmentsCount":2,"hasContent":true,"attachmentStep":false},"afterStages":[{"name":"setup::0","time":{"start":1706835818674,"stop":1706835818674,"duration":0},"status":"passed","steps":[],"attachments":[],"parameters":[],"shouldDisplayMessage":false,"stepsCount":0,"attachmentsCount":0,"hasContent":false,"attachmentStep":false},{"name":"driver::0","time":{"start":1706835818674,"stop":1706835818731,"duration":57},"status":"passed","steps":[],"attachments":[],"parameters":[],"shouldDisplayMessage":false,"stepsCount":0,"attachmentsCount":0,"hasContent":false,"attachmentStep":false}],"labels":[{"name":"feature","value":"Footer functionality"},{"name":"epic","value":"Main Page"},{"name":"tag","value":"smoke_test"},{"name":"parentSuite","value":"tests"},{"name":"suite","value":"test_main_page"},{"name":"subSuite","value":"TestMainPage"},{"name":"host","value":"a8468798abc1"},{"name":"thread","value":"1-MainThread"},{"name":"framework","value":"pytest"},{"name":"language","value":"cpython3"},{"name":"package","value":"tests.test_main_page"},{"name":"resultFormat","value":"allure2"}],"parameters":[{"name":"url","value":"'https://test2.stroyrem-nn.ru/'"}],"links":[],"hidden":false,"retry":false,"extra":{"severity":"normal","retries":[],"categories":[{"name":"Test defects","matchedStatuses":[],"flaky":false}],"history":{"statistic":{"failed":0,"broken":142,"skipped":0,"passed":35,"unknown":0,"total":177},"items":[{"uid":"17914ab187608e11","reportUrl":"https://zaelcovsky.github.io/StroyremAutomation/219//#testresult/17914ab187608e11","status":"broken","statusDetails":"selenium.common.exceptions.NoSuchElementException: Message: no such element: Unable to locate element: {\"method\":\"xpath\",\"selector\":\"(//a[@href='#order-pay'])[3]\"}\n  (Session info: chrome-headless-shell=121.0.6167.85); For documentation on this error, please visit: https://www.selenium.dev/documentation/webdriver/troubleshooting/errors#no-such-element-exception\nStacktrace:\n#0 0x559d60c5fd93 <unknown>\n#1 0x559d60943337 <unknown>\n#2 0x559d6098ed60 <unknown>\n#3 0x559d6098ee51 <unknown>\n#4 0x559d609d2bc4 <unknown>\n#5 0x559d609b146d <unknown>\n#6 0x559d609d012d <unknown>\n#7 0x559d609b11e3 <unknown>\n#8 0x559d60981135 <unknown>\n#9 0x559d6098213e <unknown>\n#10 0x559d60c23e4b <unknown>\n#11 0x559d60c27dfa <unknown>\n#12 0x559d60c106d5 <unknown>\n#13 0x559d60c28a6f <unknown>\n#14 0x559d60bf469f <unknown>\n#15 0x559d60c4d098 <unknown>\n#16 0x559d60c4d262 <unknown>\n#17 0x559d60c5ef34 <unknown>\n#18 0x7ffa47439044 <unknown>","time":{"start":1706749678431,"stop":1706749678444,"duration":13}},{"uid":"542ede7671d5e724","reportUrl":"https://zaelcovsky.github.io/StroyremAutomation/218//#testresult/542ede7671d5e724","status":"broken","statusDetails":"selenium.common.exceptions.NoSuchElementException: Message: no such element: Unable to locate element: {\"method\":\"xpath\",\"selector\":\"(//a[@href='#order-pay'])[3]\"}\n  (Session info: chrome-headless-shell=121.0.6167.85); For documentation on this error, please visit: https://www.selenium.dev/documentation/webdriver/troubleshooting/errors#no-such-element-exception\nStacktrace:\n#0 0x55f13f604d93 <unknown>\n#1 0x55f13f2e8337 <unknown>\n#2 0x55f13f333d60 <unknown>\n#3 0x55f13f333e51 <unknown>\n#4 0x55f13f377bc4 <unknown>\n#5 0x55f13f35646d <unknown>\n#6 0x55f13f37512d <unknown>\n#7 0x55f13f3561e3 <unknown>\n#8 0x55f13f326135 <unknown>\n#9 0x55f13f32713e <unknown>\n#10 0x55f13f5c8e4b <unknown>\n#11 0x55f13f5ccdfa <unknown>\n#12 0x55f13f5b56d5 <unknown>\n#13 0x55f13f5cda6f <unknown>\n#14 0x55f13f59969f <unknown>\n#15 0x55f13f5f2098 <unknown>\n#16 0x55f13f5f2262 <unknown>\n#17 0x55f13f603f34 <unknown>\n#18 0x7fd92098e044 <unknown>","time":{"start":1706663031063,"stop":1706663031076,"duration":13}},{"uid":"62577e533f40d3a8","reportUrl":"https://zaelcovsky.github.io/StroyremAutomation/217//#testresult/62577e533f40d3a8","status":"broken","statusDetails":"selenium.common.exceptions.NoSuchElementException: Message: no such element: Unable to locate element: {\"method\":\"xpath\",\"selector\":\"(//a[@href='#order-pay'])[3]\"}\n  (Session info: chrome-headless-shell=121.0.6167.85); For documentation on this error, please visit: https://www.selenium.dev/documentation/webdriver/troubleshooting/errors#no-such-element-exception\nStacktrace:\n#0 0x55bf69f33d93 <unknown>\n#1 0x55bf69c17337 <unknown>\n#2 0x55bf69c62d60 <unknown>\n#3 0x55bf69c62e51 <unknown>\n#4 0x55bf69ca6bc4 <unknown>\n#5 0x55bf69c8546d <unknown>\n#6 0x55bf69ca412d <unknown>\n#7 0x55bf69c851e3 <unknown>\n#8 0x55bf69c55135 <unknown>\n#9 0x55bf69c5613e <unknown>\n#10 0x55bf69ef7e4b <unknown>\n#11 0x55bf69efbdfa <unknown>\n#12 0x55bf69ee46d5 <unknown>\n#13 0x55bf69efca6f <unknown>\n#14 0x55bf69ec869f <unknown>\n#15 0x55bf69f21098 <unknown>\n#16 0x55bf69f21262 <unknown>\n#17 0x55bf69f32f34 <unknown>\n#18 0x7f71e379f044 <unknown>","time":{"start":1706576596848,"stop":1706576596862,"duration":14}},{"uid":"f4baf9a2e276547c","reportUrl":"https://zaelcovsky.github.io/StroyremAutomation/216//#testresult/f4baf9a2e276547c","status":"broken","statusDetails":"selenium.common.exceptions.NoSuchElementException: Message: no such element: Unable to locate element: {\"method\":\"xpath\",\"selector\":\"(//a[@href='#order-pay'])[3]\"}\n  (Session info: chrome-headless-shell=121.0.6167.85); For documentation on this error, please visit: https://www.selenium.dev/documentation/webdriver/troubleshooting/errors#no-such-element-exception\nStacktrace:\n#0 0x5606d3c8dd93 <unknown>\n#1 0x5606d3971337 <unknown>\n#2 0x5606d39bcd60 <unknown>\n#3 0x5606d39bce51 <unknown>\n#4 0x5606d3a00bc4 <unknown>\n#5 0x5606d39df46d <unknown>\n#6 0x5606d39fe12d <unknown>\n#7 0x5606d39df1e3 <unknown>\n#8 0x5606d39af135 <unknown>\n#9 0x5606d39b013e <unknown>\n#10 0x5606d3c51e4b <unknown>\n#11 0x5606d3c55dfa <unknown>\n#12 0x5606d3c3e6d5 <unknown>\n#13 0x5606d3c56a6f <unknown>\n#14 0x5606d3c2269f <unknown>\n#15 0x5606d3c7b098 <unknown>\n#16 0x5606d3c7b262 <unknown>\n#17 0x5606d3c8cf34 <unknown>\n#18 0x7f5c6ff0f044 <unknown>","time":{"start":1706490260428,"stop":1706490260441,"duration":13}},{"uid":"57e377456179c193","reportUrl":"https://zaelcovsky.github.io/StroyremAutomation/215//#testresult/57e377456179c193","status":"broken","statusDetails":"selenium.common.exceptions.NoSuchElementException: Message: no such element: Unable to locate element: {\"method\":\"xpath\",\"selector\":\"(//a[@href='#order-pay'])[3]\"}\n  (Session info: chrome-headless-shell=121.0.6167.85); For documentation on this error, please visit: https://www.selenium.dev/documentation/webdriver/troubleshooting/errors#no-such-element-exception\nStacktrace:\n#0 0x55cab2e87d93 <unknown>\n#1 0x55cab2b6b337 <unknown>\n#2 0x55cab2bb6d60 <unknown>\n#3 0x55cab2bb6e51 <unknown>\n#4 0x55cab2bfabc4 <unknown>\n#5 0x55cab2bd946d <unknown>\n#6 0x55cab2bf812d <unknown>\n#7 0x55cab2bd91e3 <unknown>\n#8 0x55cab2ba9135 <unknown>\n#9 0x55cab2baa13e <unknown>\n#10 0x55cab2e4be4b <unknown>\n#11 0x55cab2e4fdfa <unknown>\n#12 0x55cab2e386d5 <unknown>\n#13 0x55cab2e50a6f <unknown>\n#14 0x55cab2e1c69f <unknown>\n#15 0x55cab2e75098 <unknown>\n#16 0x55cab2e75262 <unknown>\n#17 0x55cab2e86f34 <unknown>\n#18 0x7fa5eefd9044 <unknown>","time":{"start":1706404095173,"stop":1706404095186,"duration":13}},{"uid":"5305c14bb98eeee4","reportUrl":"https://zaelcovsky.github.io/StroyremAutomation/214//#testresult/5305c14bb98eeee4","status":"broken","statusDetails":"selenium.common.exceptions.NoSuchElementException: Message: no such element: Unable to locate element: {\"method\":\"xpath\",\"selector\":\"(//a[@href='#order-pay'])[3]\"}\n  (Session info: chrome-headless-shell=121.0.6167.85); For documentation on this error, please visit: https://www.selenium.dev/documentation/webdriver/troubleshooting/errors#no-such-element-exception\nStacktrace:\n#0 0x560aa9951d93 <unknown>\n#1 0x560aa9635337 <unknown>\n#2 0x560aa9680d60 <unknown>\n#3 0x560aa9680e51 <unknown>\n#4 0x560aa96c4bc4 <unknown>\n#5 0x560aa96a346d <unknown>\n#6 0x560aa96c212d <unknown>\n#7 0x560aa96a31e3 <unknown>\n#8 0x560aa9673135 <unknown>\n#9 0x560aa967413e <unknown>\n#10 0x560aa9915e4b <unknown>\n#11 0x560aa9919dfa <unknown>\n#12 0x560aa99026d5 <unknown>\n#13 0x560aa991aa6f <unknown>\n#14 0x560aa98e669f <unknown>\n#15 0x560aa993f098 <unknown>\n#16 0x560aa993f262 <unknown>\n#17 0x560aa9950f34 <unknown>\n#18 0x7f2c2c252044 <unknown>","time":{"start":1706317435895,"stop":1706317435909,"duration":14}},{"uid":"353d32e802fc38c0","reportUrl":"https://zaelcovsky.github.io/StroyremAutomation/213//#testresult/353d32e802fc38c0","status":"broken","statusDetails":"selenium.common.exceptions.NoSuchElementException: Message: no such element: Unable to locate element: {\"method\":\"xpath\",\"selector\":\"(//a[@href='#order-pay'])[3]\"}\n  (Session info: chrome-headless-shell=121.0.6167.85); For documentation on this error, please visit: https://www.selenium.dev/documentation/webdriver/troubleshooting/errors#no-such-element-exception\nStacktrace:\n#0 0x55c17972bd93 <unknown>\n#1 0x55c17940f337 <unknown>\n#2 0x55c17945ad60 <unknown>\n#3 0x55c17945ae51 <unknown>\n#4 0x55c17949ebc4 <unknown>\n#5 0x55c17947d46d <unknown>\n#6 0x55c17949c12d <unknown>\n#7 0x55c17947d1e3 <unknown>\n#8 0x55c17944d135 <unknown>\n#9 0x55c17944e13e <unknown>\n#10 0x55c1796efe4b <unknown>\n#11 0x55c1796f3dfa <unknown>\n#12 0x55c1796dc6d5 <unknown>\n#13 0x55c1796f4a6f <unknown>\n#14 0x55c1796c069f <unknown>\n#15 0x55c179719098 <unknown>\n#16 0x55c179719262 <unknown>\n#17 0x55c17972af34 <unknown>\n#18 0x7f9ad0bb6044 <unknown>","time":{"start":1706231073409,"stop":1706231073422,"duration":13}},{"uid":"e9a7c55889eeecbb","reportUrl":"https://zaelcovsky.github.io/StroyremAutomation/212//#testresult/e9a7c55889eeecbb","status":"broken","statusDetails":"selenium.common.exceptions.NoSuchElementException: Message: no such element: Unable to locate element: {\"method\":\"xpath\",\"selector\":\"(//a[@href='#order-pay'])[3]\"}\n  (Session info: chrome-headless-shell=121.0.6167.85); For documentation on this error, please visit: https://www.selenium.dev/documentation/webdriver/troubleshooting/errors#no-such-element-exception\nStacktrace:\n#0 0x56115b8ead93 <unknown>\n#1 0x56115b5ce337 <unknown>\n#2 0x56115b619d60 <unknown>\n#3 0x56115b619e51 <unknown>\n#4 0x56115b65dbc4 <unknown>\n#5 0x56115b63c46d <unknown>\n#6 0x56115b65b12d <unknown>\n#7 0x56115b63c1e3 <unknown>\n#8 0x56115b60c135 <unknown>\n#9 0x56115b60d13e <unknown>\n#10 0x56115b8aee4b <unknown>\n#11 0x56115b8b2dfa <unknown>\n#12 0x56115b89b6d5 <unknown>\n#13 0x56115b8b3a6f <unknown>\n#14 0x56115b87f69f <unknown>\n#15 0x56115b8d8098 <unknown>\n#16 0x56115b8d8262 <unknown>\n#17 0x56115b8e9f34 <unknown>\n#18 0x7f8c88520044 <unknown>","time":{"start":1706144982047,"stop":1706144982060,"duration":13}},{"uid":"cd956c705bd5f90f","reportUrl":"https://zaelcovsky.github.io/StroyremAutomation/211//#testresult/cd956c705bd5f90f","status":"broken","statusDetails":"selenium.common.exceptions.NoSuchElementException: Message: no such element: Unable to locate element: {\"method\":\"xpath\",\"selector\":\"(//a[@href='#order-pay'])[3]\"}\n  (Session info: chrome-headless-shell=121.0.6167.85); For documentation on this error, please visit: https://www.selenium.dev/documentation/webdriver/troubleshooting/errors#no-such-element-exception\nStacktrace:\n#0 0x5602d4c5ad93 <unknown>\n#1 0x5602d493e337 <unknown>\n#2 0x5602d4989d60 <unknown>\n#3 0x5602d4989e51 <unknown>\n#4 0x5602d49cdbc4 <unknown>\n#5 0x5602d49ac46d <unknown>\n#6 0x5602d49cb12d <unknown>\n#7 0x5602d49ac1e3 <unknown>\n#8 0x5602d497c135 <unknown>\n#9 0x5602d497d13e <unknown>\n#10 0x5602d4c1ee4b <unknown>\n#11 0x5602d4c22dfa <unknown>\n#12 0x5602d4c0b6d5 <unknown>\n#13 0x5602d4c23a6f <unknown>\n#14 0x5602d4bef69f <unknown>\n#15 0x5602d4c48098 <unknown>\n#16 0x5602d4c48262 <unknown>\n#17 0x5602d4c59f34 <unknown>\n#18 0x7f5b56dfb044 <unknown>","time":{"start":1706058582758,"stop":1706058582771,"duration":13}},{"uid":"ad3a2f9be468c2c6","reportUrl":"https://zaelcovsky.github.io/StroyremAutomation/210//#testresult/ad3a2f9be468c2c6","status":"broken","statusDetails":"selenium.common.exceptions.NoSuchElementException: Message: no such element: Unable to locate element: {\"method\":\"xpath\",\"selector\":\"(//a[@href='#order-pay'])[3]\"}\n  (Session info: chrome-headless-shell=120.0.6099.109); For documentation on this error, please visit: https://www.selenium.dev/documentation/webdriver/troubleshooting/errors#no-such-element-exception\nStacktrace:\n#0 0x5616cbd4df83 <unknown>\n#1 0x5616cba06cf7 <unknown>\n#2 0x5616cba5699e <unknown>\n#3 0x5616cba56aa1 <unknown>\n#4 0x5616cbaa1d64 <unknown>\n#5 0x5616cba800dd <unknown>\n#6 0x5616cba9f006 <unknown>\n#7 0x5616cba7fe53 <unknown>\n#8 0x5616cba47dd4 <unknown>\n#9 0x5616cba491de <unknown>\n#10 0x5616cbd12531 <unknown>\n#11 0x5616cbd16455 <unknown>\n#12 0x5616cbcfef55 <unknown>\n#13 0x5616cbd170ef <unknown>\n#14 0x5616cbce299f <unknown>\n#15 0x5616cbd3b008 <unknown>\n#16 0x5616cbd3b1d7 <unknown>\n#17 0x5616cbd4d124 <unknown>\n#18 0x7fc7dd161044 <unknown>","time":{"start":1705972212222,"stop":1705972212235,"duration":13}},{"uid":"f99550dc31a5a716","reportUrl":"https://zaelcovsky.github.io/StroyremAutomation/209//#testresult/f99550dc31a5a716","status":"broken","statusDetails":"selenium.common.exceptions.NoSuchElementException: Message: no such element: Unable to locate element: {\"method\":\"xpath\",\"selector\":\"(//a[@href='#order-pay'])[3]\"}\n  (Session info: chrome-headless-shell=120.0.6099.109); For documentation on this error, please visit: https://www.selenium.dev/documentation/webdriver/troubleshooting/errors#no-such-element-exception\nStacktrace:\n#0 0x5586b64cbf83 <unknown>\n#1 0x5586b6184cf7 <unknown>\n#2 0x5586b61d499e <unknown>\n#3 0x5586b61d4aa1 <unknown>\n#4 0x5586b621fd64 <unknown>\n#5 0x5586b61fe0dd <unknown>\n#6 0x5586b621d006 <unknown>\n#7 0x5586b61fde53 <unknown>\n#8 0x5586b61c5dd4 <unknown>\n#9 0x5586b61c71de <unknown>\n#10 0x5586b6490531 <unknown>\n#11 0x5586b6494455 <unknown>\n#12 0x5586b647cf55 <unknown>\n#13 0x5586b64950ef <unknown>\n#14 0x5586b646099f <unknown>\n#15 0x5586b64b9008 <unknown>\n#16 0x5586b64b91d7 <unknown>\n#17 0x5586b64cb124 <unknown>\n#18 0x7f6c13ef6044 <unknown>","time":{"start":1705885863633,"stop":1705885863647,"duration":14}},{"uid":"be7fa83d981580e7","reportUrl":"https://zaelcovsky.github.io/StroyremAutomation/208//#testresult/be7fa83d981580e7","status":"broken","statusDetails":"selenium.common.exceptions.NoSuchElementException: Message: no such element: Unable to locate element: {\"method\":\"xpath\",\"selector\":\"(//a[@href='#order-pay'])[3]\"}\n  (Session info: chrome-headless-shell=120.0.6099.109); For documentation on this error, please visit: https://www.selenium.dev/documentation/webdriver/troubleshooting/errors#no-such-element-exception\nStacktrace:\n#0 0x561be1452f83 <unknown>\n#1 0x561be110bcf7 <unknown>\n#2 0x561be115b99e <unknown>\n#3 0x561be115baa1 <unknown>\n#4 0x561be11a6d64 <unknown>\n#5 0x561be11850dd <unknown>\n#6 0x561be11a4006 <unknown>\n#7 0x561be1184e53 <unknown>\n#8 0x561be114cdd4 <unknown>\n#9 0x561be114e1de <unknown>\n#10 0x561be1417531 <unknown>\n#11 0x561be141b455 <unknown>\n#12 0x561be1403f55 <unknown>\n#13 0x561be141c0ef <unknown>\n#14 0x561be13e799f <unknown>\n#15 0x561be1440008 <unknown>\n#16 0x561be14401d7 <unknown>\n#17 0x561be1452124 <unknown>\n#18 0x7fbe24bc0044 <unknown>","time":{"start":1705799590820,"stop":1705799590833,"duration":13}},{"uid":"64f7bf230f0cc89f","reportUrl":"https://zaelcovsky.github.io/StroyremAutomation/207//#testresult/64f7bf230f0cc89f","status":"broken","statusDetails":"selenium.common.exceptions.NoSuchElementException: Message: no such element: Unable to locate element: {\"method\":\"xpath\",\"selector\":\"(//a[@href='#order-pay'])[3]\"}\n  (Session info: chrome-headless-shell=120.0.6099.109); For documentation on this error, please visit: https://www.selenium.dev/documentation/webdriver/troubleshooting/errors#no-such-element-exception\nStacktrace:\n#0 0x562ed705df83 <unknown>\n#1 0x562ed6d16cf7 <unknown>\n#2 0x562ed6d6699e <unknown>\n#3 0x562ed6d66aa1 <unknown>\n#4 0x562ed6db1d64 <unknown>\n#5 0x562ed6d900dd <unknown>\n#6 0x562ed6daf006 <unknown>\n#7 0x562ed6d8fe53 <unknown>\n#8 0x562ed6d57dd4 <unknown>\n#9 0x562ed6d591de <unknown>\n#10 0x562ed7022531 <unknown>\n#11 0x562ed7026455 <unknown>\n#12 0x562ed700ef55 <unknown>\n#13 0x562ed70270ef <unknown>\n#14 0x562ed6ff299f <unknown>\n#15 0x562ed704b008 <unknown>\n#16 0x562ed704b1d7 <unknown>\n#17 0x562ed705d124 <unknown>\n#18 0x7fbbfe26f044 <unknown>","time":{"start":1705712849743,"stop":1705712849756,"duration":13}},{"uid":"4d3b59c6412011d3","reportUrl":"https://zaelcovsky.github.io/StroyremAutomation/206//#testresult/4d3b59c6412011d3","status":"broken","statusDetails":"selenium.common.exceptions.NoSuchElementException: Message: no such element: Unable to locate element: {\"method\":\"xpath\",\"selector\":\"(//a[@href='#order-pay'])[3]\"}\n  (Session info: chrome-headless-shell=120.0.6099.109); For documentation on this error, please visit: https://www.selenium.dev/documentation/webdriver/troubleshooting/errors#no-such-element-exception\nStacktrace:\n#0 0x5560e80dbf83 <unknown>\n#1 0x5560e7d94cf7 <unknown>\n#2 0x5560e7de499e <unknown>\n#3 0x5560e7de4aa1 <unknown>\n#4 0x5560e7e2fd64 <unknown>\n#5 0x5560e7e0e0dd <unknown>\n#6 0x5560e7e2d006 <unknown>\n#7 0x5560e7e0de53 <unknown>\n#8 0x5560e7dd5dd4 <unknown>\n#9 0x5560e7dd71de <unknown>\n#10 0x5560e80a0531 <unknown>\n#11 0x5560e80a4455 <unknown>\n#12 0x5560e808cf55 <unknown>\n#13 0x5560e80a50ef <unknown>\n#14 0x5560e807099f <unknown>\n#15 0x5560e80c9008 <unknown>\n#16 0x5560e80c91d7 <unknown>\n#17 0x5560e80db124 <unknown>\n#18 0x7f4ee5ee7044 <unknown>","time":{"start":1705626516433,"stop":1705626516446,"duration":13}},{"uid":"74ddc27db7002908","reportUrl":"https://zaelcovsky.github.io/StroyremAutomation/205//#testresult/74ddc27db7002908","status":"broken","statusDetails":"selenium.common.exceptions.NoSuchElementException: Message: no such element: Unable to locate element: {\"method\":\"xpath\",\"selector\":\"(//a[@href='#order-pay'])[3]\"}\n  (Session info: chrome-headless-shell=120.0.6099.109); For documentation on this error, please visit: https://www.selenium.dev/documentation/webdriver/troubleshooting/errors#no-such-element-exception\nStacktrace:\n#0 0x55c34eb1ef83 <unknown>\n#1 0x55c34e7d7cf7 <unknown>\n#2 0x55c34e82799e <unknown>\n#3 0x55c34e827aa1 <unknown>\n#4 0x55c34e872d64 <unknown>\n#5 0x55c34e8510dd <unknown>\n#6 0x55c34e870006 <unknown>\n#7 0x55c34e850e53 <unknown>\n#8 0x55c34e818dd4 <unknown>\n#9 0x55c34e81a1de <unknown>\n#10 0x55c34eae3531 <unknown>\n#11 0x55c34eae7455 <unknown>\n#12 0x55c34eacff55 <unknown>\n#13 0x55c34eae80ef <unknown>\n#14 0x55c34eab399f <unknown>\n#15 0x55c34eb0c008 <unknown>\n#16 0x55c34eb0c1d7 <unknown>\n#17 0x55c34eb1e124 <unknown>\n#18 0x7f677697d044 <unknown>","time":{"start":1705540093556,"stop":1705540093569,"duration":13}},{"uid":"978c4bb6fb31e225","reportUrl":"https://zaelcovsky.github.io/StroyremAutomation/204//#testresult/978c4bb6fb31e225","status":"broken","statusDetails":"selenium.common.exceptions.NoSuchElementException: Message: no such element: Unable to locate element: {\"method\":\"xpath\",\"selector\":\"(//a[@href='#order-pay'])[3]\"}\n  (Session info: chrome-headless-shell=120.0.6099.109); For documentation on this error, please visit: https://www.selenium.dev/documentation/webdriver/troubleshooting/errors#no-such-element-exception\nStacktrace:\n#0 0x55e8c4282f83 <unknown>\n#1 0x55e8c3f3bcf7 <unknown>\n#2 0x55e8c3f8b99e <unknown>\n#3 0x55e8c3f8baa1 <unknown>\n#4 0x55e8c3fd6d64 <unknown>\n#5 0x55e8c3fb50dd <unknown>\n#6 0x55e8c3fd4006 <unknown>\n#7 0x55e8c3fb4e53 <unknown>\n#8 0x55e8c3f7cdd4 <unknown>\n#9 0x55e8c3f7e1de <unknown>\n#10 0x55e8c4247531 <unknown>\n#11 0x55e8c424b455 <unknown>\n#12 0x55e8c4233f55 <unknown>\n#13 0x55e8c424c0ef <unknown>\n#14 0x55e8c421799f <unknown>\n#15 0x55e8c4270008 <unknown>\n#16 0x55e8c42701d7 <unknown>\n#17 0x55e8c4282124 <unknown>\n#18 0x7f87afc3a044 <unknown>","time":{"start":1705453777245,"stop":1705453777258,"duration":13}},{"uid":"ebe822bf5d98d08b","reportUrl":"https://zaelcovsky.github.io/StroyremAutomation/203//#testresult/ebe822bf5d98d08b","status":"broken","statusDetails":"selenium.common.exceptions.NoSuchElementException: Message: no such element: Unable to locate element: {\"method\":\"xpath\",\"selector\":\"(//a[@href='#order-pay'])[3]\"}\n  (Session info: chrome-headless-shell=120.0.6099.109); For documentation on this error, please visit: https://www.selenium.dev/documentation/webdriver/troubleshooting/errors#no-such-element-exception\nStacktrace:\n#0 0x55f7838c2f83 <unknown>\n#1 0x55f78357bcf7 <unknown>\n#2 0x55f7835cb99e <unknown>\n#3 0x55f7835cbaa1 <unknown>\n#4 0x55f783616d64 <unknown>\n#5 0x55f7835f50dd <unknown>\n#6 0x55f783614006 <unknown>\n#7 0x55f7835f4e53 <unknown>\n#8 0x55f7835bcdd4 <unknown>\n#9 0x55f7835be1de <unknown>\n#10 0x55f783887531 <unknown>\n#11 0x55f78388b455 <unknown>\n#12 0x55f783873f55 <unknown>\n#13 0x55f78388c0ef <unknown>\n#14 0x55f78385799f <unknown>\n#15 0x55f7838b0008 <unknown>\n#16 0x55f7838b01d7 <unknown>\n#17 0x55f7838c2124 <unknown>\n#18 0x7f58dee45044 <unknown>","time":{"start":1705367315382,"stop":1705367315395,"duration":13}},{"uid":"3cf5a2f2ecbfa8f4","reportUrl":"https://zaelcovsky.github.io/StroyremAutomation/202//#testresult/3cf5a2f2ecbfa8f4","status":"broken","statusDetails":"selenium.common.exceptions.NoSuchElementException: Message: no such element: Unable to locate element: {\"method\":\"xpath\",\"selector\":\"(//a[@href='#order-pay'])[3]\"}\n  (Session info: chrome-headless-shell=120.0.6099.109); For documentation on this error, please visit: https://www.selenium.dev/documentation/webdriver/troubleshooting/errors#no-such-element-exception\nStacktrace:\n#0 0x55db925aff83 <unknown>\n#1 0x55db92268cf7 <unknown>\n#2 0x55db922b899e <unknown>\n#3 0x55db922b8aa1 <unknown>\n#4 0x55db92303d64 <unknown>\n#5 0x55db922e20dd <unknown>\n#6 0x55db92301006 <unknown>\n#7 0x55db922e1e53 <unknown>\n#8 0x55db922a9dd4 <unknown>\n#9 0x55db922ab1de <unknown>\n#10 0x55db92574531 <unknown>\n#11 0x55db92578455 <unknown>\n#12 0x55db92560f55 <unknown>\n#13 0x55db925790ef <unknown>\n#14 0x55db9254499f <unknown>\n#15 0x55db9259d008 <unknown>\n#16 0x55db9259d1d7 <unknown>\n#17 0x55db925af124 <unknown>\n#18 0x7ffbd1325044 <unknown>","time":{"start":1705281045644,"stop":1705281045657,"duration":13}},{"uid":"574158539459bca8","reportUrl":"https://zaelcovsky.github.io/StroyremAutomation/201//#testresult/574158539459bca8","status":"broken","statusDetails":"selenium.common.exceptions.NoSuchElementException: Message: no such element: Unable to locate element: {\"method\":\"xpath\",\"selector\":\"(//a[@href='#order-pay'])[3]\"}\n  (Session info: chrome-headless-shell=120.0.6099.109); For documentation on this error, please visit: https://www.selenium.dev/documentation/webdriver/troubleshooting/errors#no-such-element-exception\nStacktrace:\n#0 0x55a6bf935f83 <unknown>\n#1 0x55a6bf5eecf7 <unknown>\n#2 0x55a6bf63e99e <unknown>\n#3 0x55a6bf63eaa1 <unknown>\n#4 0x55a6bf689d64 <unknown>\n#5 0x55a6bf6680dd <unknown>\n#6 0x55a6bf687006 <unknown>\n#7 0x55a6bf667e53 <unknown>\n#8 0x55a6bf62fdd4 <unknown>\n#9 0x55a6bf6311de <unknown>\n#10 0x55a6bf8fa531 <unknown>\n#11 0x55a6bf8fe455 <unknown>\n#12 0x55a6bf8e6f55 <unknown>\n#13 0x55a6bf8ff0ef <unknown>\n#14 0x55a6bf8ca99f <unknown>\n#15 0x55a6bf923008 <unknown>\n#16 0x55a6bf9231d7 <unknown>\n#17 0x55a6bf935124 <unknown>\n#18 0x7f9fe5d63044 <unknown>","time":{"start":1705194821065,"stop":1705194821078,"duration":13}},{"uid":"1e9a05d86c2664b9","reportUrl":"https://zaelcovsky.github.io/StroyremAutomation/200//#testresult/1e9a05d86c2664b9","status":"broken","statusDetails":"selenium.common.exceptions.NoSuchElementException: Message: no such element: Unable to locate element: {\"method\":\"xpath\",\"selector\":\"(//a[@href='#order-pay'])[3]\"}\n  (Session info: chrome-headless-shell=120.0.6099.109); For documentation on this error, please visit: https://www.selenium.dev/documentation/webdriver/troubleshooting/errors#no-such-element-exception\nStacktrace:\n#0 0x557f36111f83 <unknown>\n#1 0x557f35dcacf7 <unknown>\n#2 0x557f35e1a99e <unknown>\n#3 0x557f35e1aaa1 <unknown>\n#4 0x557f35e65d64 <unknown>\n#5 0x557f35e440dd <unknown>\n#6 0x557f35e63006 <unknown>\n#7 0x557f35e43e53 <unknown>\n#8 0x557f35e0bdd4 <unknown>\n#9 0x557f35e0d1de <unknown>\n#10 0x557f360d6531 <unknown>\n#11 0x557f360da455 <unknown>\n#12 0x557f360c2f55 <unknown>\n#13 0x557f360db0ef <unknown>\n#14 0x557f360a699f <unknown>\n#15 0x557f360ff008 <unknown>\n#16 0x557f360ff1d7 <unknown>\n#17 0x557f36111124 <unknown>\n#18 0x7ff673f3b044 <unknown>","time":{"start":1705108102423,"stop":1705108102436,"duration":13}}]},"tags":["smoke_test"]},"source":"3a875e69fbcd40fb.json","parameterValues":["'https://test2.stroyrem-nn.ru/'"]}