{"uid":"47494667f2453f91","name":"TC 016 - Проверка функциональности ссылки 'Прайс'","fullName":"tests.test_main_page.TestMainPage#test_positive_footer_price_smoke","historyId":"4222516aee639cdbaaeb3c242b26aadd","time":{"start":1706835836530,"stop":1706835836542,"duration":12},"status":"broken","statusMessage":"selenium.common.exceptions.NoSuchElementException: Message: no such element: Unable to locate element: {\"method\":\"xpath\",\"selector\":\"//a[@href='/price']\"}\n  (Session info: chrome-headless-shell=121.0.6167.85); For documentation on this error, please visit: https://www.selenium.dev/documentation/webdriver/troubleshooting/errors#no-such-element-exception\nStacktrace:\n#0 0x562a7d00fd93 <unknown>\n#1 0x562a7ccf3337 <unknown>\n#2 0x562a7cd3ed60 <unknown>\n#3 0x562a7cd3ee51 <unknown>\n#4 0x562a7cd82bc4 <unknown>\n#5 0x562a7cd6146d <unknown>\n#6 0x562a7cd8012d <unknown>\n#7 0x562a7cd611e3 <unknown>\n#8 0x562a7cd31135 <unknown>\n#9 0x562a7cd3213e <unknown>\n#10 0x562a7cfd3e4b <unknown>\n#11 0x562a7cfd7dfa <unknown>\n#12 0x562a7cfc06d5 <unknown>\n#13 0x562a7cfd8a6f <unknown>\n#14 0x562a7cfa469f <unknown>\n#15 0x562a7cffd098 <unknown>\n#16 0x562a7cffd262 <unknown>\n#17 0x562a7d00ef34 <unknown>\n#18 0x7f26a60f6134 <unknown>","statusTrace":"self = <tests.test_main_page.TestMainPage object at 0x7f25458ff7d0>\nmain_page = <pages.main_page.MainPage object at 0x7f2544ea2c10>\n\n    @allure.feature(\"Footer functionality\")\n    @allure.title(\"TC 016 - Проверка функциональности ссылки 'Прайс'\")\n    # @pytest.mark.xfail(reason=\"При переходе на страницу выдает 404 ошибку\")\n    @pytest.mark.smoke_test\n    def test_positive_footer_price_smoke(self, main_page):\n>       main_page.check_price_link()\n\ntests/test_main_page.py:146: \n_ _ _ _ _ _ _ _ _ _ _ _ _ _ _ _ _ _ _ _ _ _ _ _ _ _ _ _ _ _ _ _ _ _ _ _ _ _ _ _ \npages/main_page.py:174: in check_price_link\n    self.driver.find_element(*self._price_link).click()\n/usr/local/lib/python3.11/site-packages/selenium/webdriver/remote/webdriver.py:740: in find_element\n    return self.execute(Command.FIND_ELEMENT, {\"using\": by, \"value\": value})[\"value\"]\n/usr/local/lib/python3.11/site-packages/selenium/webdriver/remote/webdriver.py:346: in execute\n    self.error_handler.check_response(response)\n_ _ _ _ _ _ _ _ _ _ _ _ _ _ _ _ _ _ _ _ _ _ _ _ _ _ _ _ _ _ _ _ _ _ _ _ _ _ _ _ \n\nself = <selenium.webdriver.remote.errorhandler.ErrorHandler object at 0x7f25453ac690>\nresponse = {'status': 404, 'value': '{\"value\":{\"error\":\"no such element\",\"message\":\"no such element: Unable to locate element: {\\...\\\\n#16 0x562a7cffd262 \\\\u003Cunknown>\\\\n#17 0x562a7d00ef34 \\\\u003Cunknown>\\\\n#18 0x7f26a60f6134 \\\\u003Cunknown>\\\\n\"}}'}\n\n    def check_response(self, response: Dict[str, Any]) -> None:\n        \"\"\"Checks that a JSON response from the WebDriver does not have an\n        error.\n    \n        :Args:\n         - response - The JSON response from the WebDriver server as a dictionary\n           object.\n    \n        :Raises: If the response contains an error message.\n        \"\"\"\n        status = response.get(\"status\", None)\n        if not status or status == ErrorCode.SUCCESS:\n            return\n        value = None\n        message = response.get(\"message\", \"\")\n        screen: str = response.get(\"screen\", \"\")\n        stacktrace = None\n        if isinstance(status, int):\n            value_json = response.get(\"value\", None)\n            if value_json and isinstance(value_json, str):\n                import json\n    \n                try:\n                    value = json.loads(value_json)\n                    if len(value) == 1:\n                        value = value[\"value\"]\n                    status = value.get(\"error\", None)\n                    if not status:\n                        status = value.get(\"status\", ErrorCode.UNKNOWN_ERROR)\n                        message = value.get(\"value\") or value.get(\"message\")\n                        if not isinstance(message, str):\n                            value = message\n                            message = message.get(\"message\")\n                    else:\n                        message = value.get(\"message\", None)\n                except ValueError:\n                    pass\n    \n        exception_class: Type[WebDriverException]\n        if status in ErrorCode.NO_SUCH_ELEMENT:\n            exception_class = NoSuchElementException\n        elif status in ErrorCode.NO_SUCH_FRAME:\n            exception_class = NoSuchFrameException\n        elif status in ErrorCode.NO_SUCH_SHADOW_ROOT:\n            exception_class = NoSuchShadowRootException\n        elif status in ErrorCode.NO_SUCH_WINDOW:\n            exception_class = NoSuchWindowException\n        elif status in ErrorCode.STALE_ELEMENT_REFERENCE:\n            exception_class = StaleElementReferenceException\n        elif status in ErrorCode.ELEMENT_NOT_VISIBLE:\n            exception_class = ElementNotVisibleException\n        elif status in ErrorCode.INVALID_ELEMENT_STATE:\n            exception_class = InvalidElementStateException\n        elif (\n            status in ErrorCode.INVALID_SELECTOR\n            or status in ErrorCode.INVALID_XPATH_SELECTOR\n            or status in ErrorCode.INVALID_XPATH_SELECTOR_RETURN_TYPER\n        ):\n            exception_class = InvalidSelectorException\n        elif status in ErrorCode.ELEMENT_IS_NOT_SELECTABLE:\n            exception_class = ElementNotSelectableException\n        elif status in ErrorCode.ELEMENT_NOT_INTERACTABLE:\n            exception_class = ElementNotInteractableException\n        elif status in ErrorCode.INVALID_COOKIE_DOMAIN:\n            exception_class = InvalidCookieDomainException\n        elif status in ErrorCode.UNABLE_TO_SET_COOKIE:\n            exception_class = UnableToSetCookieException\n        elif status in ErrorCode.TIMEOUT:\n            exception_class = TimeoutException\n        elif status in ErrorCode.SCRIPT_TIMEOUT:\n            exception_class = TimeoutException\n        elif status in ErrorCode.UNKNOWN_ERROR:\n            exception_class = WebDriverException\n        elif status in ErrorCode.UNEXPECTED_ALERT_OPEN:\n            exception_class = UnexpectedAlertPresentException\n        elif status in ErrorCode.NO_ALERT_OPEN:\n            exception_class = NoAlertPresentException\n        elif status in ErrorCode.IME_NOT_AVAILABLE:\n            exception_class = ImeNotAvailableException\n        elif status in ErrorCode.IME_ENGINE_ACTIVATION_FAILED:\n            exception_class = ImeActivationFailedException\n        elif status in ErrorCode.MOVE_TARGET_OUT_OF_BOUNDS:\n            exception_class = MoveTargetOutOfBoundsException\n        elif status in ErrorCode.JAVASCRIPT_ERROR:\n            exception_class = JavascriptException\n        elif status in ErrorCode.SESSION_NOT_CREATED:\n            exception_class = SessionNotCreatedException\n        elif status in ErrorCode.INVALID_ARGUMENT:\n            exception_class = InvalidArgumentException\n        elif status in ErrorCode.NO_SUCH_COOKIE:\n            exception_class = NoSuchCookieException\n        elif status in ErrorCode.UNABLE_TO_CAPTURE_SCREEN:\n            exception_class = ScreenshotException\n        elif status in ErrorCode.ELEMENT_CLICK_INTERCEPTED:\n            exception_class = ElementClickInterceptedException\n        elif status in ErrorCode.INSECURE_CERTIFICATE:\n            exception_class = InsecureCertificateException\n        elif status in ErrorCode.INVALID_COORDINATES:\n            exception_class = InvalidCoordinatesException\n        elif status in ErrorCode.INVALID_SESSION_ID:\n            exception_class = InvalidSessionIdException\n        elif status in ErrorCode.UNKNOWN_METHOD:\n            exception_class = UnknownMethodException\n        else:\n            exception_class = WebDriverException\n        if not value:\n            value = response[\"value\"]\n        if isinstance(value, str):\n            raise exception_class(value)\n        if message == \"\" and \"message\" in value:\n            message = value[\"message\"]\n    \n        screen = None  # type: ignore[assignment]\n        if \"screen\" in value:\n            screen = value[\"screen\"]\n    \n        stacktrace = None\n        st_value = value.get(\"stackTrace\") or value.get(\"stacktrace\")\n        if st_value:\n            if isinstance(st_value, str):\n                stacktrace = st_value.split(\"\\n\")\n            else:\n                stacktrace = []\n                try:\n                    for frame in st_value:\n                        line = frame.get(\"lineNumber\", \"\")\n                        file = frame.get(\"fileName\", \"<anonymous>\")\n                        if line:\n                            file = f\"{file}:{line}\"\n                        meth = frame.get(\"methodName\", \"<anonymous>\")\n                        if \"className\" in frame:\n                            meth = f\"{frame['className']}.{meth}\"\n                        msg = \"    at %s (%s)\"\n                        msg = msg % (meth, file)\n                        stacktrace.append(msg)\n                except TypeError:\n                    pass\n        if exception_class == UnexpectedAlertPresentException:\n            alert_text = None\n            if \"data\" in value:\n                alert_text = value[\"data\"].get(\"text\")\n            elif \"alert\" in value:\n                alert_text = value[\"alert\"].get(\"text\")\n            raise exception_class(message, screen, stacktrace, alert_text)  # type: ignore[call-arg]  # mypy is not smart enough here\n>       raise exception_class(message, screen, stacktrace)\nE       selenium.common.exceptions.NoSuchElementException: Message: no such element: Unable to locate element: {\"method\":\"xpath\",\"selector\":\"//a[@href='/price']\"}\nE         (Session info: chrome-headless-shell=121.0.6167.85); For documentation on this error, please visit: https://www.selenium.dev/documentation/webdriver/troubleshooting/errors#no-such-element-exception\nE       Stacktrace:\nE       #0 0x562a7d00fd93 <unknown>\nE       #1 0x562a7ccf3337 <unknown>\nE       #2 0x562a7cd3ed60 <unknown>\nE       #3 0x562a7cd3ee51 <unknown>\nE       #4 0x562a7cd82bc4 <unknown>\nE       #5 0x562a7cd6146d <unknown>\nE       #6 0x562a7cd8012d <unknown>\nE       #7 0x562a7cd611e3 <unknown>\nE       #8 0x562a7cd31135 <unknown>\nE       #9 0x562a7cd3213e <unknown>\nE       #10 0x562a7cfd3e4b <unknown>\nE       #11 0x562a7cfd7dfa <unknown>\nE       #12 0x562a7cfc06d5 <unknown>\nE       #13 0x562a7cfd8a6f <unknown>\nE       #14 0x562a7cfa469f <unknown>\nE       #15 0x562a7cffd098 <unknown>\nE       #16 0x562a7cffd262 <unknown>\nE       #17 0x562a7d00ef34 <unknown>\nE       #18 0x7f26a60f6134 <unknown>\n\n/usr/local/lib/python3.11/site-packages/selenium/webdriver/remote/errorhandler.py:245: NoSuchElementException","flaky":false,"newFailed":false,"newBroken":false,"newPassed":false,"retriesCount":0,"retriesStatusChange":false,"beforeStages":[{"name":"_session_faker","time":{"start":1706835644856,"stop":1706835644925,"duration":69},"status":"passed","steps":[],"attachments":[],"parameters":[],"shouldDisplayMessage":false,"stepsCount":0,"attachmentsCount":0,"hasContent":false,"attachmentStep":false},{"name":"clear_allure_results_folder","time":{"start":1706835644925,"stop":1706835644925,"duration":0},"status":"passed","steps":[],"attachments":[],"parameters":[],"shouldDisplayMessage":false,"stepsCount":0,"attachmentsCount":0,"hasContent":false,"attachmentStep":false},{"name":"driver","time":{"start":1706835835228,"stop":1706835835961,"duration":733},"status":"passed","steps":[],"attachments":[],"parameters":[],"shouldDisplayMessage":false,"stepsCount":0,"attachmentsCount":0,"hasContent":false,"attachmentStep":false},{"name":"setup","time":{"start":1706835835961,"stop":1706835835961,"duration":0},"status":"passed","steps":[],"attachments":[],"parameters":[],"shouldDisplayMessage":false,"stepsCount":0,"attachmentsCount":0,"hasContent":false,"attachmentStep":false},{"name":"main_page","time":{"start":1706835835961,"stop":1706835836529,"duration":568},"status":"passed","steps":[],"attachments":[],"parameters":[],"shouldDisplayMessage":false,"stepsCount":0,"attachmentsCount":0,"hasContent":false,"attachmentStep":false}],"testStage":{"status":"broken","statusMessage":"selenium.common.exceptions.NoSuchElementException: Message: no such element: Unable to locate element: {\"method\":\"xpath\",\"selector\":\"//a[@href='/price']\"}\n  (Session info: chrome-headless-shell=121.0.6167.85); For documentation on this error, please visit: https://www.selenium.dev/documentation/webdriver/troubleshooting/errors#no-such-element-exception\nStacktrace:\n#0 0x562a7d00fd93 <unknown>\n#1 0x562a7ccf3337 <unknown>\n#2 0x562a7cd3ed60 <unknown>\n#3 0x562a7cd3ee51 <unknown>\n#4 0x562a7cd82bc4 <unknown>\n#5 0x562a7cd6146d <unknown>\n#6 0x562a7cd8012d <unknown>\n#7 0x562a7cd611e3 <unknown>\n#8 0x562a7cd31135 <unknown>\n#9 0x562a7cd3213e <unknown>\n#10 0x562a7cfd3e4b <unknown>\n#11 0x562a7cfd7dfa <unknown>\n#12 0x562a7cfc06d5 <unknown>\n#13 0x562a7cfd8a6f <unknown>\n#14 0x562a7cfa469f <unknown>\n#15 0x562a7cffd098 <unknown>\n#16 0x562a7cffd262 <unknown>\n#17 0x562a7d00ef34 <unknown>\n#18 0x7f26a60f6134 <unknown>","statusTrace":"self = <tests.test_main_page.TestMainPage object at 0x7f25458ff7d0>\nmain_page = <pages.main_page.MainPage object at 0x7f2544ea2c10>\n\n    @allure.feature(\"Footer functionality\")\n    @allure.title(\"TC 016 - Проверка функциональности ссылки 'Прайс'\")\n    # @pytest.mark.xfail(reason=\"При переходе на страницу выдает 404 ошибку\")\n    @pytest.mark.smoke_test\n    def test_positive_footer_price_smoke(self, main_page):\n>       main_page.check_price_link()\n\ntests/test_main_page.py:146: \n_ _ _ _ _ _ _ _ _ _ _ _ _ _ _ _ _ _ _ _ _ _ _ _ _ _ _ _ _ _ _ _ _ _ _ _ _ _ _ _ \npages/main_page.py:174: in check_price_link\n    self.driver.find_element(*self._price_link).click()\n/usr/local/lib/python3.11/site-packages/selenium/webdriver/remote/webdriver.py:740: in find_element\n    return self.execute(Command.FIND_ELEMENT, {\"using\": by, \"value\": value})[\"value\"]\n/usr/local/lib/python3.11/site-packages/selenium/webdriver/remote/webdriver.py:346: in execute\n    self.error_handler.check_response(response)\n_ _ _ _ _ _ _ _ _ _ _ _ _ _ _ _ _ _ _ _ _ _ _ _ _ _ _ _ _ _ _ _ _ _ _ _ _ _ _ _ \n\nself = <selenium.webdriver.remote.errorhandler.ErrorHandler object at 0x7f25453ac690>\nresponse = {'status': 404, 'value': '{\"value\":{\"error\":\"no such element\",\"message\":\"no such element: Unable to locate element: {\\...\\\\n#16 0x562a7cffd262 \\\\u003Cunknown>\\\\n#17 0x562a7d00ef34 \\\\u003Cunknown>\\\\n#18 0x7f26a60f6134 \\\\u003Cunknown>\\\\n\"}}'}\n\n    def check_response(self, response: Dict[str, Any]) -> None:\n        \"\"\"Checks that a JSON response from the WebDriver does not have an\n        error.\n    \n        :Args:\n         - response - The JSON response from the WebDriver server as a dictionary\n           object.\n    \n        :Raises: If the response contains an error message.\n        \"\"\"\n        status = response.get(\"status\", None)\n        if not status or status == ErrorCode.SUCCESS:\n            return\n        value = None\n        message = response.get(\"message\", \"\")\n        screen: str = response.get(\"screen\", \"\")\n        stacktrace = None\n        if isinstance(status, int):\n            value_json = response.get(\"value\", None)\n            if value_json and isinstance(value_json, str):\n                import json\n    \n                try:\n                    value = json.loads(value_json)\n                    if len(value) == 1:\n                        value = value[\"value\"]\n                    status = value.get(\"error\", None)\n                    if not status:\n                        status = value.get(\"status\", ErrorCode.UNKNOWN_ERROR)\n                        message = value.get(\"value\") or value.get(\"message\")\n                        if not isinstance(message, str):\n                            value = message\n                            message = message.get(\"message\")\n                    else:\n                        message = value.get(\"message\", None)\n                except ValueError:\n                    pass\n    \n        exception_class: Type[WebDriverException]\n        if status in ErrorCode.NO_SUCH_ELEMENT:\n            exception_class = NoSuchElementException\n        elif status in ErrorCode.NO_SUCH_FRAME:\n            exception_class = NoSuchFrameException\n        elif status in ErrorCode.NO_SUCH_SHADOW_ROOT:\n            exception_class = NoSuchShadowRootException\n        elif status in ErrorCode.NO_SUCH_WINDOW:\n            exception_class = NoSuchWindowException\n        elif status in ErrorCode.STALE_ELEMENT_REFERENCE:\n            exception_class = StaleElementReferenceException\n        elif status in ErrorCode.ELEMENT_NOT_VISIBLE:\n            exception_class = ElementNotVisibleException\n        elif status in ErrorCode.INVALID_ELEMENT_STATE:\n            exception_class = InvalidElementStateException\n        elif (\n            status in ErrorCode.INVALID_SELECTOR\n            or status in ErrorCode.INVALID_XPATH_SELECTOR\n            or status in ErrorCode.INVALID_XPATH_SELECTOR_RETURN_TYPER\n        ):\n            exception_class = InvalidSelectorException\n        elif status in ErrorCode.ELEMENT_IS_NOT_SELECTABLE:\n            exception_class = ElementNotSelectableException\n        elif status in ErrorCode.ELEMENT_NOT_INTERACTABLE:\n            exception_class = ElementNotInteractableException\n        elif status in ErrorCode.INVALID_COOKIE_DOMAIN:\n            exception_class = InvalidCookieDomainException\n        elif status in ErrorCode.UNABLE_TO_SET_COOKIE:\n            exception_class = UnableToSetCookieException\n        elif status in ErrorCode.TIMEOUT:\n            exception_class = TimeoutException\n        elif status in ErrorCode.SCRIPT_TIMEOUT:\n            exception_class = TimeoutException\n        elif status in ErrorCode.UNKNOWN_ERROR:\n            exception_class = WebDriverException\n        elif status in ErrorCode.UNEXPECTED_ALERT_OPEN:\n            exception_class = UnexpectedAlertPresentException\n        elif status in ErrorCode.NO_ALERT_OPEN:\n            exception_class = NoAlertPresentException\n        elif status in ErrorCode.IME_NOT_AVAILABLE:\n            exception_class = ImeNotAvailableException\n        elif status in ErrorCode.IME_ENGINE_ACTIVATION_FAILED:\n            exception_class = ImeActivationFailedException\n        elif status in ErrorCode.MOVE_TARGET_OUT_OF_BOUNDS:\n            exception_class = MoveTargetOutOfBoundsException\n        elif status in ErrorCode.JAVASCRIPT_ERROR:\n            exception_class = JavascriptException\n        elif status in ErrorCode.SESSION_NOT_CREATED:\n            exception_class = SessionNotCreatedException\n        elif status in ErrorCode.INVALID_ARGUMENT:\n            exception_class = InvalidArgumentException\n        elif status in ErrorCode.NO_SUCH_COOKIE:\n            exception_class = NoSuchCookieException\n        elif status in ErrorCode.UNABLE_TO_CAPTURE_SCREEN:\n            exception_class = ScreenshotException\n        elif status in ErrorCode.ELEMENT_CLICK_INTERCEPTED:\n            exception_class = ElementClickInterceptedException\n        elif status in ErrorCode.INSECURE_CERTIFICATE:\n            exception_class = InsecureCertificateException\n        elif status in ErrorCode.INVALID_COORDINATES:\n            exception_class = InvalidCoordinatesException\n        elif status in ErrorCode.INVALID_SESSION_ID:\n            exception_class = InvalidSessionIdException\n        elif status in ErrorCode.UNKNOWN_METHOD:\n            exception_class = UnknownMethodException\n        else:\n            exception_class = WebDriverException\n        if not value:\n            value = response[\"value\"]\n        if isinstance(value, str):\n            raise exception_class(value)\n        if message == \"\" and \"message\" in value:\n            message = value[\"message\"]\n    \n        screen = None  # type: ignore[assignment]\n        if \"screen\" in value:\n            screen = value[\"screen\"]\n    \n        stacktrace = None\n        st_value = value.get(\"stackTrace\") or value.get(\"stacktrace\")\n        if st_value:\n            if isinstance(st_value, str):\n                stacktrace = st_value.split(\"\\n\")\n            else:\n                stacktrace = []\n                try:\n                    for frame in st_value:\n                        line = frame.get(\"lineNumber\", \"\")\n                        file = frame.get(\"fileName\", \"<anonymous>\")\n                        if line:\n                            file = f\"{file}:{line}\"\n                        meth = frame.get(\"methodName\", \"<anonymous>\")\n                        if \"className\" in frame:\n                            meth = f\"{frame['className']}.{meth}\"\n                        msg = \"    at %s (%s)\"\n                        msg = msg % (meth, file)\n                        stacktrace.append(msg)\n                except TypeError:\n                    pass\n        if exception_class == UnexpectedAlertPresentException:\n            alert_text = None\n            if \"data\" in value:\n                alert_text = value[\"data\"].get(\"text\")\n            elif \"alert\" in value:\n                alert_text = value[\"alert\"].get(\"text\")\n            raise exception_class(message, screen, stacktrace, alert_text)  # type: ignore[call-arg]  # mypy is not smart enough here\n>       raise exception_class(message, screen, stacktrace)\nE       selenium.common.exceptions.NoSuchElementException: Message: no such element: Unable to locate element: {\"method\":\"xpath\",\"selector\":\"//a[@href='/price']\"}\nE         (Session info: chrome-headless-shell=121.0.6167.85); For documentation on this error, please visit: https://www.selenium.dev/documentation/webdriver/troubleshooting/errors#no-such-element-exception\nE       Stacktrace:\nE       #0 0x562a7d00fd93 <unknown>\nE       #1 0x562a7ccf3337 <unknown>\nE       #2 0x562a7cd3ed60 <unknown>\nE       #3 0x562a7cd3ee51 <unknown>\nE       #4 0x562a7cd82bc4 <unknown>\nE       #5 0x562a7cd6146d <unknown>\nE       #6 0x562a7cd8012d <unknown>\nE       #7 0x562a7cd611e3 <unknown>\nE       #8 0x562a7cd31135 <unknown>\nE       #9 0x562a7cd3213e <unknown>\nE       #10 0x562a7cfd3e4b <unknown>\nE       #11 0x562a7cfd7dfa <unknown>\nE       #12 0x562a7cfc06d5 <unknown>\nE       #13 0x562a7cfd8a6f <unknown>\nE       #14 0x562a7cfa469f <unknown>\nE       #15 0x562a7cffd098 <unknown>\nE       #16 0x562a7cffd262 <unknown>\nE       #17 0x562a7d00ef34 <unknown>\nE       #18 0x7f26a60f6134 <unknown>\n\n/usr/local/lib/python3.11/site-packages/selenium/webdriver/remote/errorhandler.py:245: NoSuchElementException","steps":[{"name":"Проверка функциональности ссылки 'Прайс'","time":{"start":1706835836530,"stop":1706835836542,"duration":12},"status":"broken","statusMessage":"selenium.common.exceptions.NoSuchElementException: Message: no such element: Unable to locate element: {\"method\":\"xpath\",\"selector\":\"//a[@href='/price']\"}\n  (Session info: chrome-headless-shell=121.0.6167.85); For documentation on this error, please visit: https://www.selenium.dev/documentation/webdriver/troubleshooting/errors#no-such-element-exception\nStacktrace:\n#0 0x562a7d00fd93 <unknown>\n#1 0x562a7ccf3337 <unknown>\n#2 0x562a7cd3ed60 <unknown>\n#3 0x562a7cd3ee51 <unknown>\n#4 0x562a7cd82bc4 <unknown>\n#5 0x562a7cd6146d <unknown>\n#6 0x562a7cd8012d <unknown>\n#7 0x562a7cd611e3 <unknown>\n#8 0x562a7cd31135 <unknown>\n#9 0x562a7cd3213e <unknown>\n#10 0x562a7cfd3e4b <unknown>\n#11 0x562a7cfd7dfa <unknown>\n#12 0x562a7cfc06d5 <unknown>\n#13 0x562a7cfd8a6f <unknown>\n#14 0x562a7cfa469f <unknown>\n#15 0x562a7cffd098 <unknown>\n#16 0x562a7cffd262 <unknown>\n#17 0x562a7d00ef34 <unknown>\n#18 0x7f26a60f6134 <unknown>\n\n","statusTrace":"  File \"/usr/local/lib/python3.11/site-packages/allure_commons/_allure.py\", line 192, in impl\n    return func(*a, **kw)\n           ^^^^^^^^^^^^^^\n  File \"/app/pages/main_page.py\", line 174, in check_price_link\n    self.driver.find_element(*self._price_link).click()\n    ^^^^^^^^^^^^^^^^^^^^^^^^^^^^^^^^^^^^^^^^^^^\n  File \"/usr/local/lib/python3.11/site-packages/selenium/webdriver/remote/webdriver.py\", line 740, in find_element\n    return self.execute(Command.FIND_ELEMENT, {\"using\": by, \"value\": value})[\"value\"]\n           ^^^^^^^^^^^^^^^^^^^^^^^^^^^^^^^^^^^^^^^^^^^^^^^^^^^^^^^^^^^^^^^^^\n  File \"/usr/local/lib/python3.11/site-packages/selenium/webdriver/remote/webdriver.py\", line 346, in execute\n    self.error_handler.check_response(response)\n  File \"/usr/local/lib/python3.11/site-packages/selenium/webdriver/remote/errorhandler.py\", line 245, in check_response\n    raise exception_class(message, screen, stacktrace)\n","steps":[],"attachments":[],"parameters":[],"shouldDisplayMessage":true,"stepsCount":0,"attachmentsCount":0,"hasContent":true,"attachmentStep":false}],"attachments":[{"uid":"99c7cfda0f794007","name":"Screenshot","source":"99c7cfda0f794007.png","type":"image/png","size":39106},{"uid":"cc20857412d11db9","name":"HTML source","source":"cc20857412d11db9.html","type":"text/html","size":538}],"parameters":[],"shouldDisplayMessage":true,"stepsCount":1,"attachmentsCount":2,"hasContent":true,"attachmentStep":false},"afterStages":[{"name":"driver::0","time":{"start":1706835836642,"stop":1706835836699,"duration":57},"status":"passed","steps":[],"attachments":[],"parameters":[],"shouldDisplayMessage":false,"stepsCount":0,"attachmentsCount":0,"hasContent":false,"attachmentStep":false},{"name":"setup::0","time":{"start":1706835836642,"stop":1706835836642,"duration":0},"status":"passed","steps":[],"attachments":[],"parameters":[],"shouldDisplayMessage":false,"stepsCount":0,"attachmentsCount":0,"hasContent":false,"attachmentStep":false}],"labels":[{"name":"feature","value":"Footer functionality"},{"name":"epic","value":"Main Page"},{"name":"tag","value":"smoke_test"},{"name":"parentSuite","value":"tests"},{"name":"suite","value":"test_main_page"},{"name":"subSuite","value":"TestMainPage"},{"name":"host","value":"a8468798abc1"},{"name":"thread","value":"1-MainThread"},{"name":"framework","value":"pytest"},{"name":"language","value":"cpython3"},{"name":"package","value":"tests.test_main_page"},{"name":"resultFormat","value":"allure2"}],"parameters":[{"name":"url","value":"'https://test2.stroyrem-nn.ru/'"}],"links":[],"hidden":false,"retry":false,"extra":{"severity":"normal","retries":[],"categories":[{"name":"Test defects","matchedStatuses":[],"flaky":false}],"history":{"statistic":{"failed":0,"broken":140,"skipped":2,"passed":35,"unknown":0,"total":177},"items":[{"uid":"d79631bf5785e585","reportUrl":"https://zaelcovsky.github.io/StroyremAutomation/219//#testresult/d79631bf5785e585","status":"broken","statusDetails":"selenium.common.exceptions.NoSuchElementException: Message: no such element: Unable to locate element: {\"method\":\"xpath\",\"selector\":\"//a[@href='/price']\"}\n  (Session info: chrome-headless-shell=121.0.6167.85); For documentation on this error, please visit: https://www.selenium.dev/documentation/webdriver/troubleshooting/errors#no-such-element-exception\nStacktrace:\n#0 0x55d899e76d93 <unknown>\n#1 0x55d899b5a337 <unknown>\n#2 0x55d899ba5d60 <unknown>\n#3 0x55d899ba5e51 <unknown>\n#4 0x55d899be9bc4 <unknown>\n#5 0x55d899bc846d <unknown>\n#6 0x55d899be712d <unknown>\n#7 0x55d899bc81e3 <unknown>\n#8 0x55d899b98135 <unknown>\n#9 0x55d899b9913e <unknown>\n#10 0x55d899e3ae4b <unknown>\n#11 0x55d899e3edfa <unknown>\n#12 0x55d899e276d5 <unknown>\n#13 0x55d899e3fa6f <unknown>\n#14 0x55d899e0b69f <unknown>\n#15 0x55d899e64098 <unknown>\n#16 0x55d899e64262 <unknown>\n#17 0x55d899e75f34 <unknown>\n#18 0x7f633e421044 <unknown>","time":{"start":1706749702062,"stop":1706749702075,"duration":13}},{"uid":"815866781b285eea","reportUrl":"https://zaelcovsky.github.io/StroyremAutomation/218//#testresult/815866781b285eea","status":"broken","statusDetails":"selenium.common.exceptions.NoSuchElementException: Message: no such element: Unable to locate element: {\"method\":\"xpath\",\"selector\":\"//a[@href='/price']\"}\n  (Session info: chrome-headless-shell=121.0.6167.85); For documentation on this error, please visit: https://www.selenium.dev/documentation/webdriver/troubleshooting/errors#no-such-element-exception\nStacktrace:\n#0 0x5586958d0d93 <unknown>\n#1 0x5586955b4337 <unknown>\n#2 0x5586955ffd60 <unknown>\n#3 0x5586955ffe51 <unknown>\n#4 0x558695643bc4 <unknown>\n#5 0x55869562246d <unknown>\n#6 0x55869564112d <unknown>\n#7 0x5586956221e3 <unknown>\n#8 0x5586955f2135 <unknown>\n#9 0x5586955f313e <unknown>\n#10 0x558695894e4b <unknown>\n#11 0x558695898dfa <unknown>\n#12 0x5586958816d5 <unknown>\n#13 0x558695899a6f <unknown>\n#14 0x55869586569f <unknown>\n#15 0x5586958be098 <unknown>\n#16 0x5586958be262 <unknown>\n#17 0x5586958cff34 <unknown>\n#18 0x7fea34808044 <unknown>","time":{"start":1706663049284,"stop":1706663049297,"duration":13}},{"uid":"1e6b806b66210471","reportUrl":"https://zaelcovsky.github.io/StroyremAutomation/217//#testresult/1e6b806b66210471","status":"broken","statusDetails":"selenium.common.exceptions.NoSuchElementException: Message: no such element: Unable to locate element: {\"method\":\"xpath\",\"selector\":\"//a[@href='/price']\"}\n  (Session info: chrome-headless-shell=121.0.6167.85); For documentation on this error, please visit: https://www.selenium.dev/documentation/webdriver/troubleshooting/errors#no-such-element-exception\nStacktrace:\n#0 0x55851c66bd93 <unknown>\n#1 0x55851c34f337 <unknown>\n#2 0x55851c39ad60 <unknown>\n#3 0x55851c39ae51 <unknown>\n#4 0x55851c3debc4 <unknown>\n#5 0x55851c3bd46d <unknown>\n#6 0x55851c3dc12d <unknown>\n#7 0x55851c3bd1e3 <unknown>\n#8 0x55851c38d135 <unknown>\n#9 0x55851c38e13e <unknown>\n#10 0x55851c62fe4b <unknown>\n#11 0x55851c633dfa <unknown>\n#12 0x55851c61c6d5 <unknown>\n#13 0x55851c634a6f <unknown>\n#14 0x55851c60069f <unknown>\n#15 0x55851c659098 <unknown>\n#16 0x55851c659262 <unknown>\n#17 0x55851c66af34 <unknown>\n#18 0x7fc94cb5b044 <unknown>","time":{"start":1706576613483,"stop":1706576613496,"duration":13}},{"uid":"d82645caef76b83a","reportUrl":"https://zaelcovsky.github.io/StroyremAutomation/216//#testresult/d82645caef76b83a","status":"broken","statusDetails":"selenium.common.exceptions.NoSuchElementException: Message: no such element: Unable to locate element: {\"method\":\"xpath\",\"selector\":\"//a[@href='/price']\"}\n  (Session info: chrome-headless-shell=121.0.6167.85); For documentation on this error, please visit: https://www.selenium.dev/documentation/webdriver/troubleshooting/errors#no-such-element-exception\nStacktrace:\n#0 0x559c27197d93 <unknown>\n#1 0x559c26e7b337 <unknown>\n#2 0x559c26ec6d60 <unknown>\n#3 0x559c26ec6e51 <unknown>\n#4 0x559c26f0abc4 <unknown>\n#5 0x559c26ee946d <unknown>\n#6 0x559c26f0812d <unknown>\n#7 0x559c26ee91e3 <unknown>\n#8 0x559c26eb9135 <unknown>\n#9 0x559c26eba13e <unknown>\n#10 0x559c2715be4b <unknown>\n#11 0x559c2715fdfa <unknown>\n#12 0x559c271486d5 <unknown>\n#13 0x559c27160a6f <unknown>\n#14 0x559c2712c69f <unknown>\n#15 0x559c27185098 <unknown>\n#16 0x559c27185262 <unknown>\n#17 0x559c27196f34 <unknown>\n#18 0x7f8cd0fde044 <unknown>","time":{"start":1706490279253,"stop":1706490279267,"duration":14}},{"uid":"32f9fd57ee4c77c6","reportUrl":"https://zaelcovsky.github.io/StroyremAutomation/215//#testresult/32f9fd57ee4c77c6","status":"broken","statusDetails":"selenium.common.exceptions.NoSuchElementException: Message: no such element: Unable to locate element: {\"method\":\"xpath\",\"selector\":\"//a[@href='/price']\"}\n  (Session info: chrome-headless-shell=121.0.6167.85); For documentation on this error, please visit: https://www.selenium.dev/documentation/webdriver/troubleshooting/errors#no-such-element-exception\nStacktrace:\n#0 0x5582bebfed93 <unknown>\n#1 0x5582be8e2337 <unknown>\n#2 0x5582be92dd60 <unknown>\n#3 0x5582be92de51 <unknown>\n#4 0x5582be971bc4 <unknown>\n#5 0x5582be95046d <unknown>\n#6 0x5582be96f12d <unknown>\n#7 0x5582be9501e3 <unknown>\n#8 0x5582be920135 <unknown>\n#9 0x5582be92113e <unknown>\n#10 0x5582bebc2e4b <unknown>\n#11 0x5582bebc6dfa <unknown>\n#12 0x5582bebaf6d5 <unknown>\n#13 0x5582bebc7a6f <unknown>\n#14 0x5582beb9369f <unknown>\n#15 0x5582bebec098 <unknown>\n#16 0x5582bebec262 <unknown>\n#17 0x5582bebfdf34 <unknown>\n#18 0x7f69c7767044 <unknown>","time":{"start":1706404113958,"stop":1706404113971,"duration":13}},{"uid":"a19192a3512f45df","reportUrl":"https://zaelcovsky.github.io/StroyremAutomation/214//#testresult/a19192a3512f45df","status":"broken","statusDetails":"selenium.common.exceptions.NoSuchElementException: Message: no such element: Unable to locate element: {\"method\":\"xpath\",\"selector\":\"//a[@href='/price']\"}\n  (Session info: chrome-headless-shell=121.0.6167.85); For documentation on this error, please visit: https://www.selenium.dev/documentation/webdriver/troubleshooting/errors#no-such-element-exception\nStacktrace:\n#0 0x55ba1bb3bd93 <unknown>\n#1 0x55ba1b81f337 <unknown>\n#2 0x55ba1b86ad60 <unknown>\n#3 0x55ba1b86ae51 <unknown>\n#4 0x55ba1b8aebc4 <unknown>\n#5 0x55ba1b88d46d <unknown>\n#6 0x55ba1b8ac12d <unknown>\n#7 0x55ba1b88d1e3 <unknown>\n#8 0x55ba1b85d135 <unknown>\n#9 0x55ba1b85e13e <unknown>\n#10 0x55ba1baffe4b <unknown>\n#11 0x55ba1bb03dfa <unknown>\n#12 0x55ba1baec6d5 <unknown>\n#13 0x55ba1bb04a6f <unknown>\n#14 0x55ba1bad069f <unknown>\n#15 0x55ba1bb29098 <unknown>\n#16 0x55ba1bb29262 <unknown>\n#17 0x55ba1bb3af34 <unknown>\n#18 0x7f4ff54dc044 <unknown>","time":{"start":1706317458854,"stop":1706317458868,"duration":14}},{"uid":"11bb8754921a7072","reportUrl":"https://zaelcovsky.github.io/StroyremAutomation/213//#testresult/11bb8754921a7072","status":"broken","statusDetails":"selenium.common.exceptions.NoSuchElementException: Message: no such element: Unable to locate element: {\"method\":\"xpath\",\"selector\":\"//a[@href='/price']\"}\n  (Session info: chrome-headless-shell=121.0.6167.85); For documentation on this error, please visit: https://www.selenium.dev/documentation/webdriver/troubleshooting/errors#no-such-element-exception\nStacktrace:\n#0 0x55fb6350dd93 <unknown>\n#1 0x55fb631f1337 <unknown>\n#2 0x55fb6323cd60 <unknown>\n#3 0x55fb6323ce51 <unknown>\n#4 0x55fb63280bc4 <unknown>\n#5 0x55fb6325f46d <unknown>\n#6 0x55fb6327e12d <unknown>\n#7 0x55fb6325f1e3 <unknown>\n#8 0x55fb6322f135 <unknown>\n#9 0x55fb6323013e <unknown>\n#10 0x55fb634d1e4b <unknown>\n#11 0x55fb634d5dfa <unknown>\n#12 0x55fb634be6d5 <unknown>\n#13 0x55fb634d6a6f <unknown>\n#14 0x55fb634a269f <unknown>\n#15 0x55fb634fb098 <unknown>\n#16 0x55fb634fb262 <unknown>\n#17 0x55fb6350cf34 <unknown>\n#18 0x7f9bb739f044 <unknown>","time":{"start":1706231089925,"stop":1706231089938,"duration":13}},{"uid":"39dc9b98c115c089","reportUrl":"https://zaelcovsky.github.io/StroyremAutomation/212//#testresult/39dc9b98c115c089","status":"broken","statusDetails":"selenium.common.exceptions.NoSuchElementException: Message: no such element: Unable to locate element: {\"method\":\"xpath\",\"selector\":\"//a[@href='/price']\"}\n  (Session info: chrome-headless-shell=121.0.6167.85); For documentation on this error, please visit: https://www.selenium.dev/documentation/webdriver/troubleshooting/errors#no-such-element-exception\nStacktrace:\n#0 0x555caff05d93 <unknown>\n#1 0x555cafbe9337 <unknown>\n#2 0x555cafc34d60 <unknown>\n#3 0x555cafc34e51 <unknown>\n#4 0x555cafc78bc4 <unknown>\n#5 0x555cafc5746d <unknown>\n#6 0x555cafc7612d <unknown>\n#7 0x555cafc571e3 <unknown>\n#8 0x555cafc27135 <unknown>\n#9 0x555cafc2813e <unknown>\n#10 0x555cafec9e4b <unknown>\n#11 0x555cafecddfa <unknown>\n#12 0x555cafeb66d5 <unknown>\n#13 0x555cafecea6f <unknown>\n#14 0x555cafe9a69f <unknown>\n#15 0x555cafef3098 <unknown>\n#16 0x555cafef3262 <unknown>\n#17 0x555caff04f34 <unknown>\n#18 0x7f3bafe7b044 <unknown>","time":{"start":1706144999839,"stop":1706144999851,"duration":12}},{"uid":"c3ac5a60cb627b97","reportUrl":"https://zaelcovsky.github.io/StroyremAutomation/211//#testresult/c3ac5a60cb627b97","status":"broken","statusDetails":"selenium.common.exceptions.NoSuchElementException: Message: no such element: Unable to locate element: {\"method\":\"xpath\",\"selector\":\"//a[@href='/price']\"}\n  (Session info: chrome-headless-shell=121.0.6167.85); For documentation on this error, please visit: https://www.selenium.dev/documentation/webdriver/troubleshooting/errors#no-such-element-exception\nStacktrace:\n#0 0x5575c0940d93 <unknown>\n#1 0x5575c0624337 <unknown>\n#2 0x5575c066fd60 <unknown>\n#3 0x5575c066fe51 <unknown>\n#4 0x5575c06b3bc4 <unknown>\n#5 0x5575c069246d <unknown>\n#6 0x5575c06b112d <unknown>\n#7 0x5575c06921e3 <unknown>\n#8 0x5575c0662135 <unknown>\n#9 0x5575c066313e <unknown>\n#10 0x5575c0904e4b <unknown>\n#11 0x5575c0908dfa <unknown>\n#12 0x5575c08f16d5 <unknown>\n#13 0x5575c0909a6f <unknown>\n#14 0x5575c08d569f <unknown>\n#15 0x5575c092e098 <unknown>\n#16 0x5575c092e262 <unknown>\n#17 0x5575c093ff34 <unknown>\n#18 0x7f18eec33044 <unknown>","time":{"start":1706058601124,"stop":1706058601137,"duration":13}},{"uid":"de4fed14c2b4117d","reportUrl":"https://zaelcovsky.github.io/StroyremAutomation/210//#testresult/de4fed14c2b4117d","status":"broken","statusDetails":"selenium.common.exceptions.NoSuchElementException: Message: no such element: Unable to locate element: {\"method\":\"xpath\",\"selector\":\"//a[@href='/price']\"}\n  (Session info: chrome-headless-shell=120.0.6099.109); For documentation on this error, please visit: https://www.selenium.dev/documentation/webdriver/troubleshooting/errors#no-such-element-exception\nStacktrace:\n#0 0x55deedafef83 <unknown>\n#1 0x55deed7b7cf7 <unknown>\n#2 0x55deed80799e <unknown>\n#3 0x55deed807aa1 <unknown>\n#4 0x55deed852d64 <unknown>\n#5 0x55deed8310dd <unknown>\n#6 0x55deed850006 <unknown>\n#7 0x55deed830e53 <unknown>\n#8 0x55deed7f8dd4 <unknown>\n#9 0x55deed7fa1de <unknown>\n#10 0x55deedac3531 <unknown>\n#11 0x55deedac7455 <unknown>\n#12 0x55deedaaff55 <unknown>\n#13 0x55deedac80ef <unknown>\n#14 0x55deeda9399f <unknown>\n#15 0x55deedaec008 <unknown>\n#16 0x55deedaec1d7 <unknown>\n#17 0x55deedafe124 <unknown>\n#18 0x7f9ede869044 <unknown>","time":{"start":1705972233992,"stop":1705972234005,"duration":13}},{"uid":"607dd5a5a9cb3260","reportUrl":"https://zaelcovsky.github.io/StroyremAutomation/209//#testresult/607dd5a5a9cb3260","status":"broken","statusDetails":"selenium.common.exceptions.NoSuchElementException: Message: no such element: Unable to locate element: {\"method\":\"xpath\",\"selector\":\"//a[@href='/price']\"}\n  (Session info: chrome-headless-shell=120.0.6099.109); For documentation on this error, please visit: https://www.selenium.dev/documentation/webdriver/troubleshooting/errors#no-such-element-exception\nStacktrace:\n#0 0x560e63273f83 <unknown>\n#1 0x560e62f2ccf7 <unknown>\n#2 0x560e62f7c99e <unknown>\n#3 0x560e62f7caa1 <unknown>\n#4 0x560e62fc7d64 <unknown>\n#5 0x560e62fa60dd <unknown>\n#6 0x560e62fc5006 <unknown>\n#7 0x560e62fa5e53 <unknown>\n#8 0x560e62f6ddd4 <unknown>\n#9 0x560e62f6f1de <unknown>\n#10 0x560e63238531 <unknown>\n#11 0x560e6323c455 <unknown>\n#12 0x560e63224f55 <unknown>\n#13 0x560e6323d0ef <unknown>\n#14 0x560e6320899f <unknown>\n#15 0x560e63261008 <unknown>\n#16 0x560e632611d7 <unknown>\n#17 0x560e63273124 <unknown>\n#18 0x7f9362abe044 <unknown>","time":{"start":1705885880508,"stop":1705885880521,"duration":13}},{"uid":"23890e3f800eed43","reportUrl":"https://zaelcovsky.github.io/StroyremAutomation/208//#testresult/23890e3f800eed43","status":"broken","statusDetails":"selenium.common.exceptions.NoSuchElementException: Message: no such element: Unable to locate element: {\"method\":\"xpath\",\"selector\":\"//a[@href='/price']\"}\n  (Session info: chrome-headless-shell=120.0.6099.109); For documentation on this error, please visit: https://www.selenium.dev/documentation/webdriver/troubleshooting/errors#no-such-element-exception\nStacktrace:\n#0 0x55a55a6e2f83 <unknown>\n#1 0x55a55a39bcf7 <unknown>\n#2 0x55a55a3eb99e <unknown>\n#3 0x55a55a3ebaa1 <unknown>\n#4 0x55a55a436d64 <unknown>\n#5 0x55a55a4150dd <unknown>\n#6 0x55a55a434006 <unknown>\n#7 0x55a55a414e53 <unknown>\n#8 0x55a55a3dcdd4 <unknown>\n#9 0x55a55a3de1de <unknown>\n#10 0x55a55a6a7531 <unknown>\n#11 0x55a55a6ab455 <unknown>\n#12 0x55a55a693f55 <unknown>\n#13 0x55a55a6ac0ef <unknown>\n#14 0x55a55a67799f <unknown>\n#15 0x55a55a6d0008 <unknown>\n#16 0x55a55a6d01d7 <unknown>\n#17 0x55a55a6e2124 <unknown>\n#18 0x7fdbeab5a044 <unknown>","time":{"start":1705799608617,"stop":1705799608630,"duration":13}},{"uid":"942d324ab251ddf8","reportUrl":"https://zaelcovsky.github.io/StroyremAutomation/207//#testresult/942d324ab251ddf8","status":"broken","statusDetails":"selenium.common.exceptions.NoSuchElementException: Message: no such element: Unable to locate element: {\"method\":\"xpath\",\"selector\":\"//a[@href='/price']\"}\n  (Session info: chrome-headless-shell=120.0.6099.109); For documentation on this error, please visit: https://www.selenium.dev/documentation/webdriver/troubleshooting/errors#no-such-element-exception\nStacktrace:\n#0 0x56483b79cf83 <unknown>\n#1 0x56483b455cf7 <unknown>\n#2 0x56483b4a599e <unknown>\n#3 0x56483b4a5aa1 <unknown>\n#4 0x56483b4f0d64 <unknown>\n#5 0x56483b4cf0dd <unknown>\n#6 0x56483b4ee006 <unknown>\n#7 0x56483b4cee53 <unknown>\n#8 0x56483b496dd4 <unknown>\n#9 0x56483b4981de <unknown>\n#10 0x56483b761531 <unknown>\n#11 0x56483b765455 <unknown>\n#12 0x56483b74df55 <unknown>\n#13 0x56483b7660ef <unknown>\n#14 0x56483b73199f <unknown>\n#15 0x56483b78a008 <unknown>\n#16 0x56483b78a1d7 <unknown>\n#17 0x56483b79c124 <unknown>\n#18 0x7f83808ad044 <unknown>","time":{"start":1705712866668,"stop":1705712866681,"duration":13}},{"uid":"c7eebf7121e663e3","reportUrl":"https://zaelcovsky.github.io/StroyremAutomation/206//#testresult/c7eebf7121e663e3","status":"broken","statusDetails":"selenium.common.exceptions.NoSuchElementException: Message: no such element: Unable to locate element: {\"method\":\"xpath\",\"selector\":\"//a[@href='/price']\"}\n  (Session info: chrome-headless-shell=120.0.6099.109); For documentation on this error, please visit: https://www.selenium.dev/documentation/webdriver/troubleshooting/errors#no-such-element-exception\nStacktrace:\n#0 0x55e3b6583f83 <unknown>\n#1 0x55e3b623ccf7 <unknown>\n#2 0x55e3b628c99e <unknown>\n#3 0x55e3b628caa1 <unknown>\n#4 0x55e3b62d7d64 <unknown>\n#5 0x55e3b62b60dd <unknown>\n#6 0x55e3b62d5006 <unknown>\n#7 0x55e3b62b5e53 <unknown>\n#8 0x55e3b627ddd4 <unknown>\n#9 0x55e3b627f1de <unknown>\n#10 0x55e3b6548531 <unknown>\n#11 0x55e3b654c455 <unknown>\n#12 0x55e3b6534f55 <unknown>\n#13 0x55e3b654d0ef <unknown>\n#14 0x55e3b651899f <unknown>\n#15 0x55e3b6571008 <unknown>\n#16 0x55e3b65711d7 <unknown>\n#17 0x55e3b6583124 <unknown>\n#18 0x7f9369a14044 <unknown>","time":{"start":1705626533273,"stop":1705626533286,"duration":13}},{"uid":"692bdd7854860794","reportUrl":"https://zaelcovsky.github.io/StroyremAutomation/205//#testresult/692bdd7854860794","status":"broken","statusDetails":"selenium.common.exceptions.NoSuchElementException: Message: no such element: Unable to locate element: {\"method\":\"xpath\",\"selector\":\"//a[@href='/price']\"}\n  (Session info: chrome-headless-shell=120.0.6099.109); For documentation on this error, please visit: https://www.selenium.dev/documentation/webdriver/troubleshooting/errors#no-such-element-exception\nStacktrace:\n#0 0x55a3b1586f83 <unknown>\n#1 0x55a3b123fcf7 <unknown>\n#2 0x55a3b128f99e <unknown>\n#3 0x55a3b128faa1 <unknown>\n#4 0x55a3b12dad64 <unknown>\n#5 0x55a3b12b90dd <unknown>\n#6 0x55a3b12d8006 <unknown>\n#7 0x55a3b12b8e53 <unknown>\n#8 0x55a3b1280dd4 <unknown>\n#9 0x55a3b12821de <unknown>\n#10 0x55a3b154b531 <unknown>\n#11 0x55a3b154f455 <unknown>\n#12 0x55a3b1537f55 <unknown>\n#13 0x55a3b15500ef <unknown>\n#14 0x55a3b151b99f <unknown>\n#15 0x55a3b1574008 <unknown>\n#16 0x55a3b15741d7 <unknown>\n#17 0x55a3b1586124 <unknown>\n#18 0x7fb291bc7044 <unknown>","time":{"start":1705540110713,"stop":1705540110725,"duration":12}},{"uid":"eccf8e004f218ebe","reportUrl":"https://zaelcovsky.github.io/StroyremAutomation/204//#testresult/eccf8e004f218ebe","status":"broken","statusDetails":"selenium.common.exceptions.NoSuchElementException: Message: no such element: Unable to locate element: {\"method\":\"xpath\",\"selector\":\"//a[@href='/price']\"}\n  (Session info: chrome-headless-shell=120.0.6099.109); For documentation on this error, please visit: https://www.selenium.dev/documentation/webdriver/troubleshooting/errors#no-such-element-exception\nStacktrace:\n#0 0x5597a294cf83 <unknown>\n#1 0x5597a2605cf7 <unknown>\n#2 0x5597a265599e <unknown>\n#3 0x5597a2655aa1 <unknown>\n#4 0x5597a26a0d64 <unknown>\n#5 0x5597a267f0dd <unknown>\n#6 0x5597a269e006 <unknown>\n#7 0x5597a267ee53 <unknown>\n#8 0x5597a2646dd4 <unknown>\n#9 0x5597a26481de <unknown>\n#10 0x5597a2911531 <unknown>\n#11 0x5597a2915455 <unknown>\n#12 0x5597a28fdf55 <unknown>\n#13 0x5597a29160ef <unknown>\n#14 0x5597a28e199f <unknown>\n#15 0x5597a293a008 <unknown>\n#16 0x5597a293a1d7 <unknown>\n#17 0x5597a294c124 <unknown>\n#18 0x7faf7daf8044 <unknown>","time":{"start":1705453800131,"stop":1705453800144,"duration":13}},{"uid":"693f9a004c39b468","reportUrl":"https://zaelcovsky.github.io/StroyremAutomation/203//#testresult/693f9a004c39b468","status":"broken","statusDetails":"selenium.common.exceptions.NoSuchElementException: Message: no such element: Unable to locate element: {\"method\":\"xpath\",\"selector\":\"//a[@href='/price']\"}\n  (Session info: chrome-headless-shell=120.0.6099.109); For documentation on this error, please visit: https://www.selenium.dev/documentation/webdriver/troubleshooting/errors#no-such-element-exception\nStacktrace:\n#0 0x5615918ebf83 <unknown>\n#1 0x5615915a4cf7 <unknown>\n#2 0x5615915f499e <unknown>\n#3 0x5615915f4aa1 <unknown>\n#4 0x56159163fd64 <unknown>\n#5 0x56159161e0dd <unknown>\n#6 0x56159163d006 <unknown>\n#7 0x56159161de53 <unknown>\n#8 0x5615915e5dd4 <unknown>\n#9 0x5615915e71de <unknown>\n#10 0x5615918b0531 <unknown>\n#11 0x5615918b4455 <unknown>\n#12 0x56159189cf55 <unknown>\n#13 0x5615918b50ef <unknown>\n#14 0x56159188099f <unknown>\n#15 0x5615918d9008 <unknown>\n#16 0x5615918d91d7 <unknown>\n#17 0x5615918eb124 <unknown>\n#18 0x7f19707e0044 <unknown>","time":{"start":1705367332450,"stop":1705367332468,"duration":18}},{"uid":"288589d4328474dc","reportUrl":"https://zaelcovsky.github.io/StroyremAutomation/202//#testresult/288589d4328474dc","status":"broken","statusDetails":"selenium.common.exceptions.NoSuchElementException: Message: no such element: Unable to locate element: {\"method\":\"xpath\",\"selector\":\"//a[@href='/price']\"}\n  (Session info: chrome-headless-shell=120.0.6099.109); For documentation on this error, please visit: https://www.selenium.dev/documentation/webdriver/troubleshooting/errors#no-such-element-exception\nStacktrace:\n#0 0x56321ac6df83 <unknown>\n#1 0x56321a926cf7 <unknown>\n#2 0x56321a97699e <unknown>\n#3 0x56321a976aa1 <unknown>\n#4 0x56321a9c1d64 <unknown>\n#5 0x56321a9a00dd <unknown>\n#6 0x56321a9bf006 <unknown>\n#7 0x56321a99fe53 <unknown>\n#8 0x56321a967dd4 <unknown>\n#9 0x56321a9691de <unknown>\n#10 0x56321ac32531 <unknown>\n#11 0x56321ac36455 <unknown>\n#12 0x56321ac1ef55 <unknown>\n#13 0x56321ac370ef <unknown>\n#14 0x56321ac0299f <unknown>\n#15 0x56321ac5b008 <unknown>\n#16 0x56321ac5b1d7 <unknown>\n#17 0x56321ac6d124 <unknown>\n#18 0x7fedf5a92044 <unknown>","time":{"start":1705281064352,"stop":1705281064365,"duration":13}},{"uid":"a2e1960c953ada61","reportUrl":"https://zaelcovsky.github.io/StroyremAutomation/201//#testresult/a2e1960c953ada61","status":"broken","statusDetails":"selenium.common.exceptions.NoSuchElementException: Message: no such element: Unable to locate element: {\"method\":\"xpath\",\"selector\":\"//a[@href='/price']\"}\n  (Session info: chrome-headless-shell=120.0.6099.109); For documentation on this error, please visit: https://www.selenium.dev/documentation/webdriver/troubleshooting/errors#no-such-element-exception\nStacktrace:\n#0 0x5654b88a5f83 <unknown>\n#1 0x5654b855ecf7 <unknown>\n#2 0x5654b85ae99e <unknown>\n#3 0x5654b85aeaa1 <unknown>\n#4 0x5654b85f9d64 <unknown>\n#5 0x5654b85d80dd <unknown>\n#6 0x5654b85f7006 <unknown>\n#7 0x5654b85d7e53 <unknown>\n#8 0x5654b859fdd4 <unknown>\n#9 0x5654b85a11de <unknown>\n#10 0x5654b886a531 <unknown>\n#11 0x5654b886e455 <unknown>\n#12 0x5654b8856f55 <unknown>\n#13 0x5654b886f0ef <unknown>\n#14 0x5654b883a99f <unknown>\n#15 0x5654b8893008 <unknown>\n#16 0x5654b88931d7 <unknown>\n#17 0x5654b88a5124 <unknown>\n#18 0x7f183b787044 <unknown>","time":{"start":1705194842740,"stop":1705194842754,"duration":14}},{"uid":"f062f994e42913a9","reportUrl":"https://zaelcovsky.github.io/StroyremAutomation/200//#testresult/f062f994e42913a9","status":"broken","statusDetails":"selenium.common.exceptions.NoSuchElementException: Message: no such element: Unable to locate element: {\"method\":\"xpath\",\"selector\":\"//a[@href='/price']\"}\n  (Session info: chrome-headless-shell=120.0.6099.109); For documentation on this error, please visit: https://www.selenium.dev/documentation/webdriver/troubleshooting/errors#no-such-element-exception\nStacktrace:\n#0 0x55d5a594ef83 <unknown>\n#1 0x55d5a5607cf7 <unknown>\n#2 0x55d5a565799e <unknown>\n#3 0x55d5a5657aa1 <unknown>\n#4 0x55d5a56a2d64 <unknown>\n#5 0x55d5a56810dd <unknown>\n#6 0x55d5a56a0006 <unknown>\n#7 0x55d5a5680e53 <unknown>\n#8 0x55d5a5648dd4 <unknown>\n#9 0x55d5a564a1de <unknown>\n#10 0x55d5a5913531 <unknown>\n#11 0x55d5a5917455 <unknown>\n#12 0x55d5a58fff55 <unknown>\n#13 0x55d5a59180ef <unknown>\n#14 0x55d5a58e399f <unknown>\n#15 0x55d5a593c008 <unknown>\n#16 0x55d5a593c1d7 <unknown>\n#17 0x55d5a594e124 <unknown>\n#18 0x7f9158226044 <unknown>","time":{"start":1705108125662,"stop":1705108125674,"duration":12}}]},"tags":["smoke_test"]},"source":"47494667f2453f91.json","parameterValues":["'https://test2.stroyrem-nn.ru/'"]}