{"uid":"838f49f2ba25e704","name":"TC 006 - Проверка функциональности ссылки 'Обратный звонок'","fullName":"tests.test_main_page.TestMainPage#test_positive_footer_back_call_smoke","historyId":"e70d08884877bbd8c1896610e4ab110a","time":{"start":1706835737724,"stop":1706835737737,"duration":13},"status":"skipped","statusMessage":"XFAIL Сломалось?\n\nselenium.common.exceptions.NoSuchElementException: Message: no such element: Unable to locate element: {\"method\":\"xpath\",\"selector\":\"(//a[@href='#backcall-popup'])[2]\"}\n  (Session info: chrome-headless-shell=121.0.6167.85); For documentation on this error, please visit: https://www.selenium.dev/documentation/webdriver/troubleshooting/errors#no-such-element-exception\nStacktrace:\n#0 0x55eb928d8d93 <unknown>\n#1 0x55eb925bc337 <unknown>\n#2 0x55eb92607d60 <unknown>\n#3 0x55eb92607e51 <unknown>\n#4 0x55eb9264bbc4 <unknown>\n#5 0x55eb9262a46d <unknown>\n#6 0x55eb9264912d <unknown>\n#7 0x55eb9262a1e3 <unknown>\n#8 0x55eb925fa135 <unknown>\n#9 0x55eb925fb13e <unknown>\n#10 0x55eb9289ce4b <unknown>\n#11 0x55eb928a0dfa <unknown>\n#12 0x55eb928896d5 <unknown>\n#13 0x55eb928a1a6f <unknown>\n#14 0x55eb9286d69f <unknown>\n#15 0x55eb928c6098 <unknown>\n#16 0x55eb928c6262 <unknown>\n#17 0x55eb928d7f34 <unknown>\n#18 0x7f48a125b134 <unknown>","statusTrace":"self = <tests.test_main_page.TestMainPage object at 0x7f2545904ad0>\nmain_page = <pages.main_page.MainPage object at 0x7f25458b18d0>\n\n    @allure.feature(\"Footer functionality\")\n    @allure.title(\"TC 006 - Проверка функциональности ссылки 'Обратный звонок'\")\n    @pytest.mark.xfail(reason=\"Сломалось?\")\n    @pytest.mark.smoke_test\n    def test_positive_footer_back_call_smoke(self, main_page):\n>       result = main_page.check_call_back_link()\n\ntests/test_main_page.py:67: \n_ _ _ _ _ _ _ _ _ _ _ _ _ _ _ _ _ _ _ _ _ _ _ _ _ _ _ _ _ _ _ _ _ _ _ _ _ _ _ _ \npages/main_page.py:103: in check_call_back_link\n    self.driver.find_element(*self._call_back_link).click()\n/usr/local/lib/python3.11/site-packages/selenium/webdriver/remote/webdriver.py:740: in find_element\n    return self.execute(Command.FIND_ELEMENT, {\"using\": by, \"value\": value})[\"value\"]\n/usr/local/lib/python3.11/site-packages/selenium/webdriver/remote/webdriver.py:346: in execute\n    self.error_handler.check_response(response)\n_ _ _ _ _ _ _ _ _ _ _ _ _ _ _ _ _ _ _ _ _ _ _ _ _ _ _ _ _ _ _ _ _ _ _ _ _ _ _ _ \n\nself = <selenium.webdriver.remote.errorhandler.ErrorHandler object at 0x7f2545416210>\nresponse = {'status': 404, 'value': '{\"value\":{\"error\":\"no such element\",\"message\":\"no such element: Unable to locate element: {\\...\\\\n#16 0x55eb928c6262 \\\\u003Cunknown>\\\\n#17 0x55eb928d7f34 \\\\u003Cunknown>\\\\n#18 0x7f48a125b134 \\\\u003Cunknown>\\\\n\"}}'}\n\n    def check_response(self, response: Dict[str, Any]) -> None:\n        \"\"\"Checks that a JSON response from the WebDriver does not have an\n        error.\n    \n        :Args:\n         - response - The JSON response from the WebDriver server as a dictionary\n           object.\n    \n        :Raises: If the response contains an error message.\n        \"\"\"\n        status = response.get(\"status\", None)\n        if not status or status == ErrorCode.SUCCESS:\n            return\n        value = None\n        message = response.get(\"message\", \"\")\n        screen: str = response.get(\"screen\", \"\")\n        stacktrace = None\n        if isinstance(status, int):\n            value_json = response.get(\"value\", None)\n            if value_json and isinstance(value_json, str):\n                import json\n    \n                try:\n                    value = json.loads(value_json)\n                    if len(value) == 1:\n                        value = value[\"value\"]\n                    status = value.get(\"error\", None)\n                    if not status:\n                        status = value.get(\"status\", ErrorCode.UNKNOWN_ERROR)\n                        message = value.get(\"value\") or value.get(\"message\")\n                        if not isinstance(message, str):\n                            value = message\n                            message = message.get(\"message\")\n                    else:\n                        message = value.get(\"message\", None)\n                except ValueError:\n                    pass\n    \n        exception_class: Type[WebDriverException]\n        if status in ErrorCode.NO_SUCH_ELEMENT:\n            exception_class = NoSuchElementException\n        elif status in ErrorCode.NO_SUCH_FRAME:\n            exception_class = NoSuchFrameException\n        elif status in ErrorCode.NO_SUCH_SHADOW_ROOT:\n            exception_class = NoSuchShadowRootException\n        elif status in ErrorCode.NO_SUCH_WINDOW:\n            exception_class = NoSuchWindowException\n        elif status in ErrorCode.STALE_ELEMENT_REFERENCE:\n            exception_class = StaleElementReferenceException\n        elif status in ErrorCode.ELEMENT_NOT_VISIBLE:\n            exception_class = ElementNotVisibleException\n        elif status in ErrorCode.INVALID_ELEMENT_STATE:\n            exception_class = InvalidElementStateException\n        elif (\n            status in ErrorCode.INVALID_SELECTOR\n            or status in ErrorCode.INVALID_XPATH_SELECTOR\n            or status in ErrorCode.INVALID_XPATH_SELECTOR_RETURN_TYPER\n        ):\n            exception_class = InvalidSelectorException\n        elif status in ErrorCode.ELEMENT_IS_NOT_SELECTABLE:\n            exception_class = ElementNotSelectableException\n        elif status in ErrorCode.ELEMENT_NOT_INTERACTABLE:\n            exception_class = ElementNotInteractableException\n        elif status in ErrorCode.INVALID_COOKIE_DOMAIN:\n            exception_class = InvalidCookieDomainException\n        elif status in ErrorCode.UNABLE_TO_SET_COOKIE:\n            exception_class = UnableToSetCookieException\n        elif status in ErrorCode.TIMEOUT:\n            exception_class = TimeoutException\n        elif status in ErrorCode.SCRIPT_TIMEOUT:\n            exception_class = TimeoutException\n        elif status in ErrorCode.UNKNOWN_ERROR:\n            exception_class = WebDriverException\n        elif status in ErrorCode.UNEXPECTED_ALERT_OPEN:\n            exception_class = UnexpectedAlertPresentException\n        elif status in ErrorCode.NO_ALERT_OPEN:\n            exception_class = NoAlertPresentException\n        elif status in ErrorCode.IME_NOT_AVAILABLE:\n            exception_class = ImeNotAvailableException\n        elif status in ErrorCode.IME_ENGINE_ACTIVATION_FAILED:\n            exception_class = ImeActivationFailedException\n        elif status in ErrorCode.MOVE_TARGET_OUT_OF_BOUNDS:\n            exception_class = MoveTargetOutOfBoundsException\n        elif status in ErrorCode.JAVASCRIPT_ERROR:\n            exception_class = JavascriptException\n        elif status in ErrorCode.SESSION_NOT_CREATED:\n            exception_class = SessionNotCreatedException\n        elif status in ErrorCode.INVALID_ARGUMENT:\n            exception_class = InvalidArgumentException\n        elif status in ErrorCode.NO_SUCH_COOKIE:\n            exception_class = NoSuchCookieException\n        elif status in ErrorCode.UNABLE_TO_CAPTURE_SCREEN:\n            exception_class = ScreenshotException\n        elif status in ErrorCode.ELEMENT_CLICK_INTERCEPTED:\n            exception_class = ElementClickInterceptedException\n        elif status in ErrorCode.INSECURE_CERTIFICATE:\n            exception_class = InsecureCertificateException\n        elif status in ErrorCode.INVALID_COORDINATES:\n            exception_class = InvalidCoordinatesException\n        elif status in ErrorCode.INVALID_SESSION_ID:\n            exception_class = InvalidSessionIdException\n        elif status in ErrorCode.UNKNOWN_METHOD:\n            exception_class = UnknownMethodException\n        else:\n            exception_class = WebDriverException\n        if not value:\n            value = response[\"value\"]\n        if isinstance(value, str):\n            raise exception_class(value)\n        if message == \"\" and \"message\" in value:\n            message = value[\"message\"]\n    \n        screen = None  # type: ignore[assignment]\n        if \"screen\" in value:\n            screen = value[\"screen\"]\n    \n        stacktrace = None\n        st_value = value.get(\"stackTrace\") or value.get(\"stacktrace\")\n        if st_value:\n            if isinstance(st_value, str):\n                stacktrace = st_value.split(\"\\n\")\n            else:\n                stacktrace = []\n                try:\n                    for frame in st_value:\n                        line = frame.get(\"lineNumber\", \"\")\n                        file = frame.get(\"fileName\", \"<anonymous>\")\n                        if line:\n                            file = f\"{file}:{line}\"\n                        meth = frame.get(\"methodName\", \"<anonymous>\")\n                        if \"className\" in frame:\n                            meth = f\"{frame['className']}.{meth}\"\n                        msg = \"    at %s (%s)\"\n                        msg = msg % (meth, file)\n                        stacktrace.append(msg)\n                except TypeError:\n                    pass\n        if exception_class == UnexpectedAlertPresentException:\n            alert_text = None\n            if \"data\" in value:\n                alert_text = value[\"data\"].get(\"text\")\n            elif \"alert\" in value:\n                alert_text = value[\"alert\"].get(\"text\")\n            raise exception_class(message, screen, stacktrace, alert_text)  # type: ignore[call-arg]  # mypy is not smart enough here\n>       raise exception_class(message, screen, stacktrace)\nE       selenium.common.exceptions.NoSuchElementException: Message: no such element: Unable to locate element: {\"method\":\"xpath\",\"selector\":\"(//a[@href='#backcall-popup'])[2]\"}\nE         (Session info: chrome-headless-shell=121.0.6167.85); For documentation on this error, please visit: https://www.selenium.dev/documentation/webdriver/troubleshooting/errors#no-such-element-exception\nE       Stacktrace:\nE       #0 0x55eb928d8d93 <unknown>\nE       #1 0x55eb925bc337 <unknown>\nE       #2 0x55eb92607d60 <unknown>\nE       #3 0x55eb92607e51 <unknown>\nE       #4 0x55eb9264bbc4 <unknown>\nE       #5 0x55eb9262a46d <unknown>\nE       #6 0x55eb9264912d <unknown>\nE       #7 0x55eb9262a1e3 <unknown>\nE       #8 0x55eb925fa135 <unknown>\nE       #9 0x55eb925fb13e <unknown>\nE       #10 0x55eb9289ce4b <unknown>\nE       #11 0x55eb928a0dfa <unknown>\nE       #12 0x55eb928896d5 <unknown>\nE       #13 0x55eb928a1a6f <unknown>\nE       #14 0x55eb9286d69f <unknown>\nE       #15 0x55eb928c6098 <unknown>\nE       #16 0x55eb928c6262 <unknown>\nE       #17 0x55eb928d7f34 <unknown>\nE       #18 0x7f48a125b134 <unknown>\n\n/usr/local/lib/python3.11/site-packages/selenium/webdriver/remote/errorhandler.py:245: NoSuchElementException","flaky":false,"newFailed":false,"newBroken":false,"newPassed":false,"retriesCount":0,"retriesStatusChange":false,"beforeStages":[{"name":"_session_faker","time":{"start":1706835644856,"stop":1706835644925,"duration":69},"status":"passed","steps":[],"attachments":[],"parameters":[],"shouldDisplayMessage":false,"stepsCount":0,"attachmentsCount":0,"hasContent":false,"attachmentStep":false},{"name":"clear_allure_results_folder","time":{"start":1706835644925,"stop":1706835644925,"duration":0},"status":"passed","steps":[],"attachments":[],"parameters":[],"shouldDisplayMessage":false,"stepsCount":0,"attachmentsCount":0,"hasContent":false,"attachmentStep":false},{"name":"driver","time":{"start":1706835736299,"stop":1706835737034,"duration":735},"status":"passed","steps":[],"attachments":[],"parameters":[],"shouldDisplayMessage":false,"stepsCount":0,"attachmentsCount":0,"hasContent":false,"attachmentStep":false},{"name":"setup","time":{"start":1706835737034,"stop":1706835737034,"duration":0},"status":"passed","steps":[],"attachments":[],"parameters":[],"shouldDisplayMessage":false,"stepsCount":0,"attachmentsCount":0,"hasContent":false,"attachmentStep":false},{"name":"main_page","time":{"start":1706835737034,"stop":1706835737724,"duration":690},"status":"passed","steps":[],"attachments":[],"parameters":[],"shouldDisplayMessage":false,"stepsCount":0,"attachmentsCount":0,"hasContent":false,"attachmentStep":false}],"testStage":{"status":"skipped","statusMessage":"XFAIL Сломалось?\n\nselenium.common.exceptions.NoSuchElementException: Message: no such element: Unable to locate element: {\"method\":\"xpath\",\"selector\":\"(//a[@href='#backcall-popup'])[2]\"}\n  (Session info: chrome-headless-shell=121.0.6167.85); For documentation on this error, please visit: https://www.selenium.dev/documentation/webdriver/troubleshooting/errors#no-such-element-exception\nStacktrace:\n#0 0x55eb928d8d93 <unknown>\n#1 0x55eb925bc337 <unknown>\n#2 0x55eb92607d60 <unknown>\n#3 0x55eb92607e51 <unknown>\n#4 0x55eb9264bbc4 <unknown>\n#5 0x55eb9262a46d <unknown>\n#6 0x55eb9264912d <unknown>\n#7 0x55eb9262a1e3 <unknown>\n#8 0x55eb925fa135 <unknown>\n#9 0x55eb925fb13e <unknown>\n#10 0x55eb9289ce4b <unknown>\n#11 0x55eb928a0dfa <unknown>\n#12 0x55eb928896d5 <unknown>\n#13 0x55eb928a1a6f <unknown>\n#14 0x55eb9286d69f <unknown>\n#15 0x55eb928c6098 <unknown>\n#16 0x55eb928c6262 <unknown>\n#17 0x55eb928d7f34 <unknown>\n#18 0x7f48a125b134 <unknown>","statusTrace":"self = <tests.test_main_page.TestMainPage object at 0x7f2545904ad0>\nmain_page = <pages.main_page.MainPage object at 0x7f25458b18d0>\n\n    @allure.feature(\"Footer functionality\")\n    @allure.title(\"TC 006 - Проверка функциональности ссылки 'Обратный звонок'\")\n    @pytest.mark.xfail(reason=\"Сломалось?\")\n    @pytest.mark.smoke_test\n    def test_positive_footer_back_call_smoke(self, main_page):\n>       result = main_page.check_call_back_link()\n\ntests/test_main_page.py:67: \n_ _ _ _ _ _ _ _ _ _ _ _ _ _ _ _ _ _ _ _ _ _ _ _ _ _ _ _ _ _ _ _ _ _ _ _ _ _ _ _ \npages/main_page.py:103: in check_call_back_link\n    self.driver.find_element(*self._call_back_link).click()\n/usr/local/lib/python3.11/site-packages/selenium/webdriver/remote/webdriver.py:740: in find_element\n    return self.execute(Command.FIND_ELEMENT, {\"using\": by, \"value\": value})[\"value\"]\n/usr/local/lib/python3.11/site-packages/selenium/webdriver/remote/webdriver.py:346: in execute\n    self.error_handler.check_response(response)\n_ _ _ _ _ _ _ _ _ _ _ _ _ _ _ _ _ _ _ _ _ _ _ _ _ _ _ _ _ _ _ _ _ _ _ _ _ _ _ _ \n\nself = <selenium.webdriver.remote.errorhandler.ErrorHandler object at 0x7f2545416210>\nresponse = {'status': 404, 'value': '{\"value\":{\"error\":\"no such element\",\"message\":\"no such element: Unable to locate element: {\\...\\\\n#16 0x55eb928c6262 \\\\u003Cunknown>\\\\n#17 0x55eb928d7f34 \\\\u003Cunknown>\\\\n#18 0x7f48a125b134 \\\\u003Cunknown>\\\\n\"}}'}\n\n    def check_response(self, response: Dict[str, Any]) -> None:\n        \"\"\"Checks that a JSON response from the WebDriver does not have an\n        error.\n    \n        :Args:\n         - response - The JSON response from the WebDriver server as a dictionary\n           object.\n    \n        :Raises: If the response contains an error message.\n        \"\"\"\n        status = response.get(\"status\", None)\n        if not status or status == ErrorCode.SUCCESS:\n            return\n        value = None\n        message = response.get(\"message\", \"\")\n        screen: str = response.get(\"screen\", \"\")\n        stacktrace = None\n        if isinstance(status, int):\n            value_json = response.get(\"value\", None)\n            if value_json and isinstance(value_json, str):\n                import json\n    \n                try:\n                    value = json.loads(value_json)\n                    if len(value) == 1:\n                        value = value[\"value\"]\n                    status = value.get(\"error\", None)\n                    if not status:\n                        status = value.get(\"status\", ErrorCode.UNKNOWN_ERROR)\n                        message = value.get(\"value\") or value.get(\"message\")\n                        if not isinstance(message, str):\n                            value = message\n                            message = message.get(\"message\")\n                    else:\n                        message = value.get(\"message\", None)\n                except ValueError:\n                    pass\n    \n        exception_class: Type[WebDriverException]\n        if status in ErrorCode.NO_SUCH_ELEMENT:\n            exception_class = NoSuchElementException\n        elif status in ErrorCode.NO_SUCH_FRAME:\n            exception_class = NoSuchFrameException\n        elif status in ErrorCode.NO_SUCH_SHADOW_ROOT:\n            exception_class = NoSuchShadowRootException\n        elif status in ErrorCode.NO_SUCH_WINDOW:\n            exception_class = NoSuchWindowException\n        elif status in ErrorCode.STALE_ELEMENT_REFERENCE:\n            exception_class = StaleElementReferenceException\n        elif status in ErrorCode.ELEMENT_NOT_VISIBLE:\n            exception_class = ElementNotVisibleException\n        elif status in ErrorCode.INVALID_ELEMENT_STATE:\n            exception_class = InvalidElementStateException\n        elif (\n            status in ErrorCode.INVALID_SELECTOR\n            or status in ErrorCode.INVALID_XPATH_SELECTOR\n            or status in ErrorCode.INVALID_XPATH_SELECTOR_RETURN_TYPER\n        ):\n            exception_class = InvalidSelectorException\n        elif status in ErrorCode.ELEMENT_IS_NOT_SELECTABLE:\n            exception_class = ElementNotSelectableException\n        elif status in ErrorCode.ELEMENT_NOT_INTERACTABLE:\n            exception_class = ElementNotInteractableException\n        elif status in ErrorCode.INVALID_COOKIE_DOMAIN:\n            exception_class = InvalidCookieDomainException\n        elif status in ErrorCode.UNABLE_TO_SET_COOKIE:\n            exception_class = UnableToSetCookieException\n        elif status in ErrorCode.TIMEOUT:\n            exception_class = TimeoutException\n        elif status in ErrorCode.SCRIPT_TIMEOUT:\n            exception_class = TimeoutException\n        elif status in ErrorCode.UNKNOWN_ERROR:\n            exception_class = WebDriverException\n        elif status in ErrorCode.UNEXPECTED_ALERT_OPEN:\n            exception_class = UnexpectedAlertPresentException\n        elif status in ErrorCode.NO_ALERT_OPEN:\n            exception_class = NoAlertPresentException\n        elif status in ErrorCode.IME_NOT_AVAILABLE:\n            exception_class = ImeNotAvailableException\n        elif status in ErrorCode.IME_ENGINE_ACTIVATION_FAILED:\n            exception_class = ImeActivationFailedException\n        elif status in ErrorCode.MOVE_TARGET_OUT_OF_BOUNDS:\n            exception_class = MoveTargetOutOfBoundsException\n        elif status in ErrorCode.JAVASCRIPT_ERROR:\n            exception_class = JavascriptException\n        elif status in ErrorCode.SESSION_NOT_CREATED:\n            exception_class = SessionNotCreatedException\n        elif status in ErrorCode.INVALID_ARGUMENT:\n            exception_class = InvalidArgumentException\n        elif status in ErrorCode.NO_SUCH_COOKIE:\n            exception_class = NoSuchCookieException\n        elif status in ErrorCode.UNABLE_TO_CAPTURE_SCREEN:\n            exception_class = ScreenshotException\n        elif status in ErrorCode.ELEMENT_CLICK_INTERCEPTED:\n            exception_class = ElementClickInterceptedException\n        elif status in ErrorCode.INSECURE_CERTIFICATE:\n            exception_class = InsecureCertificateException\n        elif status in ErrorCode.INVALID_COORDINATES:\n            exception_class = InvalidCoordinatesException\n        elif status in ErrorCode.INVALID_SESSION_ID:\n            exception_class = InvalidSessionIdException\n        elif status in ErrorCode.UNKNOWN_METHOD:\n            exception_class = UnknownMethodException\n        else:\n            exception_class = WebDriverException\n        if not value:\n            value = response[\"value\"]\n        if isinstance(value, str):\n            raise exception_class(value)\n        if message == \"\" and \"message\" in value:\n            message = value[\"message\"]\n    \n        screen = None  # type: ignore[assignment]\n        if \"screen\" in value:\n            screen = value[\"screen\"]\n    \n        stacktrace = None\n        st_value = value.get(\"stackTrace\") or value.get(\"stacktrace\")\n        if st_value:\n            if isinstance(st_value, str):\n                stacktrace = st_value.split(\"\\n\")\n            else:\n                stacktrace = []\n                try:\n                    for frame in st_value:\n                        line = frame.get(\"lineNumber\", \"\")\n                        file = frame.get(\"fileName\", \"<anonymous>\")\n                        if line:\n                            file = f\"{file}:{line}\"\n                        meth = frame.get(\"methodName\", \"<anonymous>\")\n                        if \"className\" in frame:\n                            meth = f\"{frame['className']}.{meth}\"\n                        msg = \"    at %s (%s)\"\n                        msg = msg % (meth, file)\n                        stacktrace.append(msg)\n                except TypeError:\n                    pass\n        if exception_class == UnexpectedAlertPresentException:\n            alert_text = None\n            if \"data\" in value:\n                alert_text = value[\"data\"].get(\"text\")\n            elif \"alert\" in value:\n                alert_text = value[\"alert\"].get(\"text\")\n            raise exception_class(message, screen, stacktrace, alert_text)  # type: ignore[call-arg]  # mypy is not smart enough here\n>       raise exception_class(message, screen, stacktrace)\nE       selenium.common.exceptions.NoSuchElementException: Message: no such element: Unable to locate element: {\"method\":\"xpath\",\"selector\":\"(//a[@href='#backcall-popup'])[2]\"}\nE         (Session info: chrome-headless-shell=121.0.6167.85); For documentation on this error, please visit: https://www.selenium.dev/documentation/webdriver/troubleshooting/errors#no-such-element-exception\nE       Stacktrace:\nE       #0 0x55eb928d8d93 <unknown>\nE       #1 0x55eb925bc337 <unknown>\nE       #2 0x55eb92607d60 <unknown>\nE       #3 0x55eb92607e51 <unknown>\nE       #4 0x55eb9264bbc4 <unknown>\nE       #5 0x55eb9262a46d <unknown>\nE       #6 0x55eb9264912d <unknown>\nE       #7 0x55eb9262a1e3 <unknown>\nE       #8 0x55eb925fa135 <unknown>\nE       #9 0x55eb925fb13e <unknown>\nE       #10 0x55eb9289ce4b <unknown>\nE       #11 0x55eb928a0dfa <unknown>\nE       #12 0x55eb928896d5 <unknown>\nE       #13 0x55eb928a1a6f <unknown>\nE       #14 0x55eb9286d69f <unknown>\nE       #15 0x55eb928c6098 <unknown>\nE       #16 0x55eb928c6262 <unknown>\nE       #17 0x55eb928d7f34 <unknown>\nE       #18 0x7f48a125b134 <unknown>\n\n/usr/local/lib/python3.11/site-packages/selenium/webdriver/remote/errorhandler.py:245: NoSuchElementException","steps":[{"name":"Проверка функциональности ссылки 'Обратный звонок'","time":{"start":1706835737725,"stop":1706835737736,"duration":11},"status":"broken","statusMessage":"selenium.common.exceptions.NoSuchElementException: Message: no such element: Unable to locate element: {\"method\":\"xpath\",\"selector\":\"(//a[@href='#backcall-popup'])[2]\"}\n  (Session info: chrome-headless-shell=121.0.6167.85); For documentation on this error, please visit: https://www.selenium.dev/documentation/webdriver/troubleshooting/errors#no-such-element-exception\nStacktrace:\n#0 0x55eb928d8d93 <unknown>\n#1 0x55eb925bc337 <unknown>\n#2 0x55eb92607d60 <unknown>\n#3 0x55eb92607e51 <unknown>\n#4 0x55eb9264bbc4 <unknown>\n#5 0x55eb9262a46d <unknown>\n#6 0x55eb9264912d <unknown>\n#7 0x55eb9262a1e3 <unknown>\n#8 0x55eb925fa135 <unknown>\n#9 0x55eb925fb13e <unknown>\n#10 0x55eb9289ce4b <unknown>\n#11 0x55eb928a0dfa <unknown>\n#12 0x55eb928896d5 <unknown>\n#13 0x55eb928a1a6f <unknown>\n#14 0x55eb9286d69f <unknown>\n#15 0x55eb928c6098 <unknown>\n#16 0x55eb928c6262 <unknown>\n#17 0x55eb928d7f34 <unknown>\n#18 0x7f48a125b134 <unknown>\n\n","statusTrace":"  File \"/usr/local/lib/python3.11/site-packages/allure_commons/_allure.py\", line 192, in impl\n    return func(*a, **kw)\n           ^^^^^^^^^^^^^^\n  File \"/app/pages/main_page.py\", line 103, in check_call_back_link\n    self.driver.find_element(*self._call_back_link).click()\n    ^^^^^^^^^^^^^^^^^^^^^^^^^^^^^^^^^^^^^^^^^^^^^^^\n  File \"/usr/local/lib/python3.11/site-packages/selenium/webdriver/remote/webdriver.py\", line 740, in find_element\n    return self.execute(Command.FIND_ELEMENT, {\"using\": by, \"value\": value})[\"value\"]\n           ^^^^^^^^^^^^^^^^^^^^^^^^^^^^^^^^^^^^^^^^^^^^^^^^^^^^^^^^^^^^^^^^^\n  File \"/usr/local/lib/python3.11/site-packages/selenium/webdriver/remote/webdriver.py\", line 346, in execute\n    self.error_handler.check_response(response)\n  File \"/usr/local/lib/python3.11/site-packages/selenium/webdriver/remote/errorhandler.py\", line 245, in check_response\n    raise exception_class(message, screen, stacktrace)\n","steps":[],"attachments":[],"parameters":[],"shouldDisplayMessage":true,"stepsCount":0,"attachmentsCount":0,"hasContent":true,"attachmentStep":false}],"attachments":[{"uid":"d41e6c52bc6eb4af","name":"Screenshot","source":"d41e6c52bc6eb4af.png","type":"image/png","size":39106},{"uid":"d3f8e7c13aa8c6b3","name":"HTML source","source":"d3f8e7c13aa8c6b3.html","type":"text/html","size":538}],"parameters":[],"shouldDisplayMessage":true,"stepsCount":1,"attachmentsCount":2,"hasContent":true,"attachmentStep":false},"afterStages":[{"name":"driver::0","time":{"start":1706835737844,"stop":1706835737901,"duration":57},"status":"passed","steps":[],"attachments":[],"parameters":[],"shouldDisplayMessage":false,"stepsCount":0,"attachmentsCount":0,"hasContent":false,"attachmentStep":false},{"name":"setup::0","time":{"start":1706835737844,"stop":1706835737844,"duration":0},"status":"passed","steps":[],"attachments":[],"parameters":[],"shouldDisplayMessage":false,"stepsCount":0,"attachmentsCount":0,"hasContent":false,"attachmentStep":false}],"labels":[{"name":"feature","value":"Footer functionality"},{"name":"epic","value":"Main Page"},{"name":"tag","value":"smoke_test"},{"name":"tag","value":"@pytest.mark.xfail(reason='Сломалось?')"},{"name":"parentSuite","value":"tests"},{"name":"suite","value":"test_main_page"},{"name":"subSuite","value":"TestMainPage"},{"name":"host","value":"a8468798abc1"},{"name":"thread","value":"1-MainThread"},{"name":"framework","value":"pytest"},{"name":"language","value":"cpython3"},{"name":"package","value":"tests.test_main_page"},{"name":"resultFormat","value":"allure2"}],"parameters":[{"name":"url","value":"'https://test2.stroyrem-nn.ru/'"}],"links":[],"hidden":false,"retry":false,"extra":{"severity":"normal","retries":[],"categories":[],"history":{"statistic":{"failed":0,"broken":7,"skipped":156,"passed":14,"unknown":0,"total":177},"items":[{"uid":"90c013596ca5f660","reportUrl":"https://zaelcovsky.github.io/StroyremAutomation/219//#testresult/90c013596ca5f660","status":"skipped","statusDetails":"XFAIL Сломалось?\n\nselenium.common.exceptions.NoSuchElementException: Message: no such element: Unable to locate element: {\"method\":\"xpath\",\"selector\":\"(//a[@href='#backcall-popup'])[2]\"}\n  (Session info: chrome-headless-shell=121.0.6167.85); For documentation on this error, please visit: https://www.selenium.dev/documentation/webdriver/troubleshooting/errors#no-such-element-exception\nStacktrace:\n#0 0x5583ab1ded93 <unknown>\n#1 0x5583aaec2337 <unknown>\n#2 0x5583aaf0dd60 <unknown>\n#3 0x5583aaf0de51 <unknown>\n#4 0x5583aaf51bc4 <unknown>\n#5 0x5583aaf3046d <unknown>\n#6 0x5583aaf4f12d <unknown>\n#7 0x5583aaf301e3 <unknown>\n#8 0x5583aaf00135 <unknown>\n#9 0x5583aaf0113e <unknown>\n#10 0x5583ab1a2e4b <unknown>\n#11 0x5583ab1a6dfa <unknown>\n#12 0x5583ab18f6d5 <unknown>\n#13 0x5583ab1a7a6f <unknown>\n#14 0x5583ab17369f <unknown>\n#15 0x5583ab1cc098 <unknown>\n#16 0x5583ab1cc262 <unknown>\n#17 0x5583ab1ddf34 <unknown>\n#18 0x7ff54316b044 <unknown>","time":{"start":1706749565783,"stop":1706749565796,"duration":13}},{"uid":"5f2d02f01442d9d3","reportUrl":"https://zaelcovsky.github.io/StroyremAutomation/218//#testresult/5f2d02f01442d9d3","status":"skipped","statusDetails":"XFAIL Сломалось?\n\nselenium.common.exceptions.NoSuchElementException: Message: no such element: Unable to locate element: {\"method\":\"xpath\",\"selector\":\"(//a[@href='#backcall-popup'])[2]\"}\n  (Session info: chrome-headless-shell=121.0.6167.85); For documentation on this error, please visit: https://www.selenium.dev/documentation/webdriver/troubleshooting/errors#no-such-element-exception\nStacktrace:\n#0 0x560ceb41bd93 <unknown>\n#1 0x560ceb0ff337 <unknown>\n#2 0x560ceb14ad60 <unknown>\n#3 0x560ceb14ae51 <unknown>\n#4 0x560ceb18ebc4 <unknown>\n#5 0x560ceb16d46d <unknown>\n#6 0x560ceb18c12d <unknown>\n#7 0x560ceb16d1e3 <unknown>\n#8 0x560ceb13d135 <unknown>\n#9 0x560ceb13e13e <unknown>\n#10 0x560ceb3dfe4b <unknown>\n#11 0x560ceb3e3dfa <unknown>\n#12 0x560ceb3cc6d5 <unknown>\n#13 0x560ceb3e4a6f <unknown>\n#14 0x560ceb3b069f <unknown>\n#15 0x560ceb409098 <unknown>\n#16 0x560ceb409262 <unknown>\n#17 0x560ceb41af34 <unknown>\n#18 0x7f6d8bee9044 <unknown>","time":{"start":1706662950686,"stop":1706662950699,"duration":13}},{"uid":"44315330e6408be1","reportUrl":"https://zaelcovsky.github.io/StroyremAutomation/217//#testresult/44315330e6408be1","status":"skipped","statusDetails":"XFAIL Сломалось?\n\nselenium.common.exceptions.NoSuchElementException: Message: no such element: Unable to locate element: {\"method\":\"xpath\",\"selector\":\"(//a[@href='#backcall-popup'])[2]\"}\n  (Session info: chrome-headless-shell=121.0.6167.85); For documentation on this error, please visit: https://www.selenium.dev/documentation/webdriver/troubleshooting/errors#no-such-element-exception\nStacktrace:\n#0 0x560687bfbd93 <unknown>\n#1 0x5606878df337 <unknown>\n#2 0x56068792ad60 <unknown>\n#3 0x56068792ae51 <unknown>\n#4 0x56068796ebc4 <unknown>\n#5 0x56068794d46d <unknown>\n#6 0x56068796c12d <unknown>\n#7 0x56068794d1e3 <unknown>\n#8 0x56068791d135 <unknown>\n#9 0x56068791e13e <unknown>\n#10 0x560687bbfe4b <unknown>\n#11 0x560687bc3dfa <unknown>\n#12 0x560687bac6d5 <unknown>\n#13 0x560687bc4a6f <unknown>\n#14 0x560687b9069f <unknown>\n#15 0x560687be9098 <unknown>\n#16 0x560687be9262 <unknown>\n#17 0x560687bfaf34 <unknown>\n#18 0x7f4453d7f044 <unknown>","time":{"start":1706576520309,"stop":1706576520322,"duration":13}},{"uid":"50a93aa7725ddfb3","reportUrl":"https://zaelcovsky.github.io/StroyremAutomation/216//#testresult/50a93aa7725ddfb3","status":"skipped","statusDetails":"XFAIL Сломалось?\n\nselenium.common.exceptions.NoSuchElementException: Message: no such element: Unable to locate element: {\"method\":\"xpath\",\"selector\":\"(//a[@href='#backcall-popup'])[2]\"}\n  (Session info: chrome-headless-shell=121.0.6167.85); For documentation on this error, please visit: https://www.selenium.dev/documentation/webdriver/troubleshooting/errors#no-such-element-exception\nStacktrace:\n#0 0x559678b95d93 <unknown>\n#1 0x559678879337 <unknown>\n#2 0x5596788c4d60 <unknown>\n#3 0x5596788c4e51 <unknown>\n#4 0x559678908bc4 <unknown>\n#5 0x5596788e746d <unknown>\n#6 0x55967890612d <unknown>\n#7 0x5596788e71e3 <unknown>\n#8 0x5596788b7135 <unknown>\n#9 0x5596788b813e <unknown>\n#10 0x559678b59e4b <unknown>\n#11 0x559678b5ddfa <unknown>\n#12 0x559678b466d5 <unknown>\n#13 0x559678b5ea6f <unknown>\n#14 0x559678b2a69f <unknown>\n#15 0x559678b83098 <unknown>\n#16 0x559678b83262 <unknown>\n#17 0x559678b94f34 <unknown>\n#18 0x7f19761c5044 <unknown>","time":{"start":1706490177264,"stop":1706490177277,"duration":13}},{"uid":"95238ab5bfd68ace","reportUrl":"https://zaelcovsky.github.io/StroyremAutomation/215//#testresult/95238ab5bfd68ace","status":"skipped","statusDetails":"XFAIL Сломалось?\n\nselenium.common.exceptions.NoSuchElementException: Message: no such element: Unable to locate element: {\"method\":\"xpath\",\"selector\":\"(//a[@href='#backcall-popup'])[2]\"}\n  (Session info: chrome-headless-shell=121.0.6167.85); For documentation on this error, please visit: https://www.selenium.dev/documentation/webdriver/troubleshooting/errors#no-such-element-exception\nStacktrace:\n#0 0x55bb6bbead93 <unknown>\n#1 0x55bb6b8ce337 <unknown>\n#2 0x55bb6b919d60 <unknown>\n#3 0x55bb6b919e51 <unknown>\n#4 0x55bb6b95dbc4 <unknown>\n#5 0x55bb6b93c46d <unknown>\n#6 0x55bb6b95b12d <unknown>\n#7 0x55bb6b93c1e3 <unknown>\n#8 0x55bb6b90c135 <unknown>\n#9 0x55bb6b90d13e <unknown>\n#10 0x55bb6bbaee4b <unknown>\n#11 0x55bb6bbb2dfa <unknown>\n#12 0x55bb6bb9b6d5 <unknown>\n#13 0x55bb6bbb3a6f <unknown>\n#14 0x55bb6bb7f69f <unknown>\n#15 0x55bb6bbd8098 <unknown>\n#16 0x55bb6bbd8262 <unknown>\n#17 0x55bb6bbe9f34 <unknown>\n#18 0x7f0393d20044 <unknown>","time":{"start":1706404010915,"stop":1706404010928,"duration":13}},{"uid":"187aafacf7a3b38c","reportUrl":"https://zaelcovsky.github.io/StroyremAutomation/214//#testresult/187aafacf7a3b38c","status":"skipped","statusDetails":"XFAIL Сломалось?\n\nselenium.common.exceptions.NoSuchElementException: Message: no such element: Unable to locate element: {\"method\":\"xpath\",\"selector\":\"(//a[@href='#backcall-popup'])[2]\"}\n  (Session info: chrome-headless-shell=121.0.6167.85); For documentation on this error, please visit: https://www.selenium.dev/documentation/webdriver/troubleshooting/errors#no-such-element-exception\nStacktrace:\n#0 0x56104e01ed93 <unknown>\n#1 0x56104dd02337 <unknown>\n#2 0x56104dd4dd60 <unknown>\n#3 0x56104dd4de51 <unknown>\n#4 0x56104dd91bc4 <unknown>\n#5 0x56104dd7046d <unknown>\n#6 0x56104dd8f12d <unknown>\n#7 0x56104dd701e3 <unknown>\n#8 0x56104dd40135 <unknown>\n#9 0x56104dd4113e <unknown>\n#10 0x56104dfe2e4b <unknown>\n#11 0x56104dfe6dfa <unknown>\n#12 0x56104dfcf6d5 <unknown>\n#13 0x56104dfe7a6f <unknown>\n#14 0x56104dfb369f <unknown>\n#15 0x56104e00c098 <unknown>\n#16 0x56104e00c262 <unknown>\n#17 0x56104e01df34 <unknown>\n#18 0x7f1f2d4cc044 <unknown>","time":{"start":1706317331656,"stop":1706317331669,"duration":13}},{"uid":"20cc78ed9076461","reportUrl":"https://zaelcovsky.github.io/StroyremAutomation/213//#testresult/20cc78ed9076461","status":"skipped","statusDetails":"XFAIL Сломалось?\n\nselenium.common.exceptions.NoSuchElementException: Message: no such element: Unable to locate element: {\"method\":\"xpath\",\"selector\":\"(//a[@href='#backcall-popup'])[2]\"}\n  (Session info: chrome-headless-shell=121.0.6167.85); For documentation on this error, please visit: https://www.selenium.dev/documentation/webdriver/troubleshooting/errors#no-such-element-exception\nStacktrace:\n#0 0x558b4665ad93 <unknown>\n#1 0x558b4633e337 <unknown>\n#2 0x558b46389d60 <unknown>\n#3 0x558b46389e51 <unknown>\n#4 0x558b463cdbc4 <unknown>\n#5 0x558b463ac46d <unknown>\n#6 0x558b463cb12d <unknown>\n#7 0x558b463ac1e3 <unknown>\n#8 0x558b4637c135 <unknown>\n#9 0x558b4637d13e <unknown>\n#10 0x558b4661ee4b <unknown>\n#11 0x558b46622dfa <unknown>\n#12 0x558b4660b6d5 <unknown>\n#13 0x558b46623a6f <unknown>\n#14 0x558b465ef69f <unknown>\n#15 0x558b46648098 <unknown>\n#16 0x558b46648262 <unknown>\n#17 0x558b46659f34 <unknown>\n#18 0x7ff22f6bb044 <unknown>","time":{"start":1706230996722,"stop":1706230996735,"duration":13}},{"uid":"43c8736b2a9e1322","reportUrl":"https://zaelcovsky.github.io/StroyremAutomation/212//#testresult/43c8736b2a9e1322","status":"skipped","statusDetails":"XFAIL Сломалось?\n\nselenium.common.exceptions.NoSuchElementException: Message: no such element: Unable to locate element: {\"method\":\"xpath\",\"selector\":\"(//a[@href='#backcall-popup'])[2]\"}\n  (Session info: chrome-headless-shell=121.0.6167.85); For documentation on this error, please visit: https://www.selenium.dev/documentation/webdriver/troubleshooting/errors#no-such-element-exception\nStacktrace:\n#0 0x558a1c8d2d93 <unknown>\n#1 0x558a1c5b6337 <unknown>\n#2 0x558a1c601d60 <unknown>\n#3 0x558a1c601e51 <unknown>\n#4 0x558a1c645bc4 <unknown>\n#5 0x558a1c62446d <unknown>\n#6 0x558a1c64312d <unknown>\n#7 0x558a1c6241e3 <unknown>\n#8 0x558a1c5f4135 <unknown>\n#9 0x558a1c5f513e <unknown>\n#10 0x558a1c896e4b <unknown>\n#11 0x558a1c89adfa <unknown>\n#12 0x558a1c8836d5 <unknown>\n#13 0x558a1c89ba6f <unknown>\n#14 0x558a1c86769f <unknown>\n#15 0x558a1c8c0098 <unknown>\n#16 0x558a1c8c0262 <unknown>\n#17 0x558a1c8d1f34 <unknown>\n#18 0x7f1205f1b044 <unknown>","time":{"start":1706144900837,"stop":1706144900851,"duration":14}},{"uid":"e728185fa7eef273","reportUrl":"https://zaelcovsky.github.io/StroyremAutomation/211//#testresult/e728185fa7eef273","status":"skipped","statusDetails":"XFAIL Сломалось?\n\nselenium.common.exceptions.NoSuchElementException: Message: no such element: Unable to locate element: {\"method\":\"xpath\",\"selector\":\"(//a[@href='#backcall-popup'])[2]\"}\n  (Session info: chrome-headless-shell=121.0.6167.85); For documentation on this error, please visit: https://www.selenium.dev/documentation/webdriver/troubleshooting/errors#no-such-element-exception\nStacktrace:\n#0 0x55fc7aca3d93 <unknown>\n#1 0x55fc7a987337 <unknown>\n#2 0x55fc7a9d2d60 <unknown>\n#3 0x55fc7a9d2e51 <unknown>\n#4 0x55fc7aa16bc4 <unknown>\n#5 0x55fc7a9f546d <unknown>\n#6 0x55fc7aa1412d <unknown>\n#7 0x55fc7a9f51e3 <unknown>\n#8 0x55fc7a9c5135 <unknown>\n#9 0x55fc7a9c613e <unknown>\n#10 0x55fc7ac67e4b <unknown>\n#11 0x55fc7ac6bdfa <unknown>\n#12 0x55fc7ac546d5 <unknown>\n#13 0x55fc7ac6ca6f <unknown>\n#14 0x55fc7ac3869f <unknown>\n#15 0x55fc7ac91098 <unknown>\n#16 0x55fc7ac91262 <unknown>\n#17 0x55fc7aca2f34 <unknown>\n#18 0x7fd5f7e67044 <unknown>","time":{"start":1706058499213,"stop":1706058499226,"duration":13}},{"uid":"7dcd33729a8d9a0f","reportUrl":"https://zaelcovsky.github.io/StroyremAutomation/210//#testresult/7dcd33729a8d9a0f","status":"skipped","statusDetails":"XFAIL Сломалось?\n\nselenium.common.exceptions.NoSuchElementException: Message: no such element: Unable to locate element: {\"method\":\"xpath\",\"selector\":\"(//a[@href='#backcall-popup'])[2]\"}\n  (Session info: chrome-headless-shell=120.0.6099.109); For documentation on this error, please visit: https://www.selenium.dev/documentation/webdriver/troubleshooting/errors#no-such-element-exception\nStacktrace:\n#0 0x5583b03f8f83 <unknown>\n#1 0x5583b00b1cf7 <unknown>\n#2 0x5583b010199e <unknown>\n#3 0x5583b0101aa1 <unknown>\n#4 0x5583b014cd64 <unknown>\n#5 0x5583b012b0dd <unknown>\n#6 0x5583b014a006 <unknown>\n#7 0x5583b012ae53 <unknown>\n#8 0x5583b00f2dd4 <unknown>\n#9 0x5583b00f41de <unknown>\n#10 0x5583b03bd531 <unknown>\n#11 0x5583b03c1455 <unknown>\n#12 0x5583b03a9f55 <unknown>\n#13 0x5583b03c20ef <unknown>\n#14 0x5583b038d99f <unknown>\n#15 0x5583b03e6008 <unknown>\n#16 0x5583b03e61d7 <unknown>\n#17 0x5583b03f8124 <unknown>\n#18 0x7fd6bdf35044 <unknown>","time":{"start":1705972115212,"stop":1705972115225,"duration":13}},{"uid":"f1831280560c77dc","reportUrl":"https://zaelcovsky.github.io/StroyremAutomation/209//#testresult/f1831280560c77dc","status":"skipped","statusDetails":"XFAIL Сломалось?\n\nselenium.common.exceptions.NoSuchElementException: Message: no such element: Unable to locate element: {\"method\":\"xpath\",\"selector\":\"(//a[@href='#backcall-popup'])[2]\"}\n  (Session info: chrome-headless-shell=120.0.6099.109); For documentation on this error, please visit: https://www.selenium.dev/documentation/webdriver/troubleshooting/errors#no-such-element-exception\nStacktrace:\n#0 0x5653ba1fff83 <unknown>\n#1 0x5653b9eb8cf7 <unknown>\n#2 0x5653b9f0899e <unknown>\n#3 0x5653b9f08aa1 <unknown>\n#4 0x5653b9f53d64 <unknown>\n#5 0x5653b9f320dd <unknown>\n#6 0x5653b9f51006 <unknown>\n#7 0x5653b9f31e53 <unknown>\n#8 0x5653b9ef9dd4 <unknown>\n#9 0x5653b9efb1de <unknown>\n#10 0x5653ba1c4531 <unknown>\n#11 0x5653ba1c8455 <unknown>\n#12 0x5653ba1b0f55 <unknown>\n#13 0x5653ba1c90ef <unknown>\n#14 0x5653ba19499f <unknown>\n#15 0x5653ba1ed008 <unknown>\n#16 0x5653ba1ed1d7 <unknown>\n#17 0x5653ba1ff124 <unknown>\n#18 0x7f69d2613044 <unknown>","time":{"start":1705885787673,"stop":1705885787687,"duration":14}},{"uid":"c2c3b6be38d61c10","reportUrl":"https://zaelcovsky.github.io/StroyremAutomation/208//#testresult/c2c3b6be38d61c10","status":"skipped","statusDetails":"XFAIL Сломалось?\n\nselenium.common.exceptions.NoSuchElementException: Message: no such element: Unable to locate element: {\"method\":\"xpath\",\"selector\":\"(//a[@href='#backcall-popup'])[2]\"}\n  (Session info: chrome-headless-shell=120.0.6099.109); For documentation on this error, please visit: https://www.selenium.dev/documentation/webdriver/troubleshooting/errors#no-such-element-exception\nStacktrace:\n#0 0x557a9b6c5f83 <unknown>\n#1 0x557a9b37ecf7 <unknown>\n#2 0x557a9b3ce99e <unknown>\n#3 0x557a9b3ceaa1 <unknown>\n#4 0x557a9b419d64 <unknown>\n#5 0x557a9b3f80dd <unknown>\n#6 0x557a9b417006 <unknown>\n#7 0x557a9b3f7e53 <unknown>\n#8 0x557a9b3bfdd4 <unknown>\n#9 0x557a9b3c11de <unknown>\n#10 0x557a9b68a531 <unknown>\n#11 0x557a9b68e455 <unknown>\n#12 0x557a9b676f55 <unknown>\n#13 0x557a9b68f0ef <unknown>\n#14 0x557a9b65a99f <unknown>\n#15 0x557a9b6b3008 <unknown>\n#16 0x557a9b6b31d7 <unknown>\n#17 0x557a9b6c5124 <unknown>\n#18 0x7f2fe01bf044 <unknown>","time":{"start":1705799514027,"stop":1705799514040,"duration":13}},{"uid":"ad0cdf80038d537c","reportUrl":"https://zaelcovsky.github.io/StroyremAutomation/207//#testresult/ad0cdf80038d537c","status":"skipped","statusDetails":"XFAIL Сломалось?\n\nselenium.common.exceptions.NoSuchElementException: Message: no such element: Unable to locate element: {\"method\":\"xpath\",\"selector\":\"(//a[@href='#backcall-popup'])[2]\"}\n  (Session info: chrome-headless-shell=120.0.6099.109); For documentation on this error, please visit: https://www.selenium.dev/documentation/webdriver/troubleshooting/errors#no-such-element-exception\nStacktrace:\n#0 0x557fdfb26f83 <unknown>\n#1 0x557fdf7dfcf7 <unknown>\n#2 0x557fdf82f99e <unknown>\n#3 0x557fdf82faa1 <unknown>\n#4 0x557fdf87ad64 <unknown>\n#5 0x557fdf8590dd <unknown>\n#6 0x557fdf878006 <unknown>\n#7 0x557fdf858e53 <unknown>\n#8 0x557fdf820dd4 <unknown>\n#9 0x557fdf8221de <unknown>\n#10 0x557fdfaeb531 <unknown>\n#11 0x557fdfaef455 <unknown>\n#12 0x557fdfad7f55 <unknown>\n#13 0x557fdfaf00ef <unknown>\n#14 0x557fdfabb99f <unknown>\n#15 0x557fdfb14008 <unknown>\n#16 0x557fdfb141d7 <unknown>\n#17 0x557fdfb26124 <unknown>\n#18 0x7f903c75a044 <unknown>","time":{"start":1705712772978,"stop":1705712772991,"duration":13}},{"uid":"c81e5ad90823e150","reportUrl":"https://zaelcovsky.github.io/StroyremAutomation/206//#testresult/c81e5ad90823e150","status":"skipped","statusDetails":"XFAIL Сломалось?\n\nselenium.common.exceptions.NoSuchElementException: Message: no such element: Unable to locate element: {\"method\":\"xpath\",\"selector\":\"(//a[@href='#backcall-popup'])[2]\"}\n  (Session info: chrome-headless-shell=120.0.6099.109); For documentation on this error, please visit: https://www.selenium.dev/documentation/webdriver/troubleshooting/errors#no-such-element-exception\nStacktrace:\n#0 0x55c5295bff83 <unknown>\n#1 0x55c529278cf7 <unknown>\n#2 0x55c5292c899e <unknown>\n#3 0x55c5292c8aa1 <unknown>\n#4 0x55c529313d64 <unknown>\n#5 0x55c5292f20dd <unknown>\n#6 0x55c529311006 <unknown>\n#7 0x55c5292f1e53 <unknown>\n#8 0x55c5292b9dd4 <unknown>\n#9 0x55c5292bb1de <unknown>\n#10 0x55c529584531 <unknown>\n#11 0x55c529588455 <unknown>\n#12 0x55c529570f55 <unknown>\n#13 0x55c5295890ef <unknown>\n#14 0x55c52955499f <unknown>\n#15 0x55c5295ad008 <unknown>\n#16 0x55c5295ad1d7 <unknown>\n#17 0x55c5295bf124 <unknown>\n#18 0x7ff5f9ad8044 <unknown>","time":{"start":1705626439980,"stop":1705626439993,"duration":13}},{"uid":"51e54e15d0aef736","reportUrl":"https://zaelcovsky.github.io/StroyremAutomation/205//#testresult/51e54e15d0aef736","status":"skipped","statusDetails":"XFAIL Сломалось?\n\nselenium.common.exceptions.NoSuchElementException: Message: no such element: Unable to locate element: {\"method\":\"xpath\",\"selector\":\"(//a[@href='#backcall-popup'])[2]\"}\n  (Session info: chrome-headless-shell=120.0.6099.109); For documentation on this error, please visit: https://www.selenium.dev/documentation/webdriver/troubleshooting/errors#no-such-element-exception\nStacktrace:\n#0 0x561b97cf9f83 <unknown>\n#1 0x561b979b2cf7 <unknown>\n#2 0x561b97a0299e <unknown>\n#3 0x561b97a02aa1 <unknown>\n#4 0x561b97a4dd64 <unknown>\n#5 0x561b97a2c0dd <unknown>\n#6 0x561b97a4b006 <unknown>\n#7 0x561b97a2be53 <unknown>\n#8 0x561b979f3dd4 <unknown>\n#9 0x561b979f51de <unknown>\n#10 0x561b97cbe531 <unknown>\n#11 0x561b97cc2455 <unknown>\n#12 0x561b97caaf55 <unknown>\n#13 0x561b97cc30ef <unknown>\n#14 0x561b97c8e99f <unknown>\n#15 0x561b97ce7008 <unknown>\n#16 0x561b97ce71d7 <unknown>\n#17 0x561b97cf9124 <unknown>\n#18 0x7fe06611e044 <unknown>","time":{"start":1705540013159,"stop":1705540013172,"duration":13}},{"uid":"64cd847ee106184c","reportUrl":"https://zaelcovsky.github.io/StroyremAutomation/204//#testresult/64cd847ee106184c","status":"skipped","statusDetails":"XFAIL Сломалось?\n\nselenium.common.exceptions.NoSuchElementException: Message: no such element: Unable to locate element: {\"method\":\"xpath\",\"selector\":\"(//a[@href='#backcall-popup'])[2]\"}\n  (Session info: chrome-headless-shell=120.0.6099.109); For documentation on this error, please visit: https://www.selenium.dev/documentation/webdriver/troubleshooting/errors#no-such-element-exception\nStacktrace:\n#0 0x55b666518f83 <unknown>\n#1 0x55b6661d1cf7 <unknown>\n#2 0x55b66622199e <unknown>\n#3 0x55b666221aa1 <unknown>\n#4 0x55b66626cd64 <unknown>\n#5 0x55b66624b0dd <unknown>\n#6 0x55b66626a006 <unknown>\n#7 0x55b66624ae53 <unknown>\n#8 0x55b666212dd4 <unknown>\n#9 0x55b6662141de <unknown>\n#10 0x55b6664dd531 <unknown>\n#11 0x55b6664e1455 <unknown>\n#12 0x55b6664c9f55 <unknown>\n#13 0x55b6664e20ef <unknown>\n#14 0x55b6664ad99f <unknown>\n#15 0x55b666506008 <unknown>\n#16 0x55b6665061d7 <unknown>\n#17 0x55b666518124 <unknown>\n#18 0x7f9ea912c044 <unknown>","time":{"start":1705453669893,"stop":1705453669906,"duration":13}},{"uid":"f1b900328efc486f","reportUrl":"https://zaelcovsky.github.io/StroyremAutomation/203//#testresult/f1b900328efc486f","status":"skipped","statusDetails":"XFAIL Сломалось?\n\nselenium.common.exceptions.NoSuchElementException: Message: no such element: Unable to locate element: {\"method\":\"xpath\",\"selector\":\"(//a[@href='#backcall-popup'])[2]\"}\n  (Session info: chrome-headless-shell=120.0.6099.109); For documentation on this error, please visit: https://www.selenium.dev/documentation/webdriver/troubleshooting/errors#no-such-element-exception\nStacktrace:\n#0 0x5571f14dff83 <unknown>\n#1 0x5571f1198cf7 <unknown>\n#2 0x5571f11e899e <unknown>\n#3 0x5571f11e8aa1 <unknown>\n#4 0x5571f1233d64 <unknown>\n#5 0x5571f12120dd <unknown>\n#6 0x5571f1231006 <unknown>\n#7 0x5571f1211e53 <unknown>\n#8 0x5571f11d9dd4 <unknown>\n#9 0x5571f11db1de <unknown>\n#10 0x5571f14a4531 <unknown>\n#11 0x5571f14a8455 <unknown>\n#12 0x5571f1490f55 <unknown>\n#13 0x5571f14a90ef <unknown>\n#14 0x5571f147499f <unknown>\n#15 0x5571f14cd008 <unknown>\n#16 0x5571f14cd1d7 <unknown>\n#17 0x5571f14df124 <unknown>\n#18 0x7f8c12e44044 <unknown>","time":{"start":1705367236699,"stop":1705367236711,"duration":12}},{"uid":"21c48382fbcc8c92","reportUrl":"https://zaelcovsky.github.io/StroyremAutomation/202//#testresult/21c48382fbcc8c92","status":"skipped","statusDetails":"XFAIL Сломалось?\n\nselenium.common.exceptions.NoSuchElementException: Message: no such element: Unable to locate element: {\"method\":\"xpath\",\"selector\":\"(//a[@href='#backcall-popup'])[2]\"}\n  (Session info: chrome-headless-shell=120.0.6099.109); For documentation on this error, please visit: https://www.selenium.dev/documentation/webdriver/troubleshooting/errors#no-such-element-exception\nStacktrace:\n#0 0x559bd3a48f83 <unknown>\n#1 0x559bd3701cf7 <unknown>\n#2 0x559bd375199e <unknown>\n#3 0x559bd3751aa1 <unknown>\n#4 0x559bd379cd64 <unknown>\n#5 0x559bd377b0dd <unknown>\n#6 0x559bd379a006 <unknown>\n#7 0x559bd377ae53 <unknown>\n#8 0x559bd3742dd4 <unknown>\n#9 0x559bd37441de <unknown>\n#10 0x559bd3a0d531 <unknown>\n#11 0x559bd3a11455 <unknown>\n#12 0x559bd39f9f55 <unknown>\n#13 0x559bd3a120ef <unknown>\n#14 0x559bd39dd99f <unknown>\n#15 0x559bd3a36008 <unknown>\n#16 0x559bd3a361d7 <unknown>\n#17 0x559bd3a48124 <unknown>\n#18 0x7f9de7259044 <unknown>","time":{"start":1705280955740,"stop":1705280955757,"duration":17}},{"uid":"78a1ccae5ceb84fe","reportUrl":"https://zaelcovsky.github.io/StroyremAutomation/201//#testresult/78a1ccae5ceb84fe","status":"skipped","statusDetails":"XFAIL Сломалось?\n\nselenium.common.exceptions.NoSuchElementException: Message: no such element: Unable to locate element: {\"method\":\"xpath\",\"selector\":\"(//a[@href='#backcall-popup'])[2]\"}\n  (Session info: chrome-headless-shell=120.0.6099.109); For documentation on this error, please visit: https://www.selenium.dev/documentation/webdriver/troubleshooting/errors#no-such-element-exception\nStacktrace:\n#0 0x55dfd3ee7f83 <unknown>\n#1 0x55dfd3ba0cf7 <unknown>\n#2 0x55dfd3bf099e <unknown>\n#3 0x55dfd3bf0aa1 <unknown>\n#4 0x55dfd3c3bd64 <unknown>\n#5 0x55dfd3c1a0dd <unknown>\n#6 0x55dfd3c39006 <unknown>\n#7 0x55dfd3c19e53 <unknown>\n#8 0x55dfd3be1dd4 <unknown>\n#9 0x55dfd3be31de <unknown>\n#10 0x55dfd3eac531 <unknown>\n#11 0x55dfd3eb0455 <unknown>\n#12 0x55dfd3e98f55 <unknown>\n#13 0x55dfd3eb10ef <unknown>\n#14 0x55dfd3e7c99f <unknown>\n#15 0x55dfd3ed5008 <unknown>\n#16 0x55dfd3ed51d7 <unknown>\n#17 0x55dfd3ee7124 <unknown>\n#18 0x7f16f1b53044 <unknown>","time":{"start":1705194722163,"stop":1705194722176,"duration":13}},{"uid":"38d18c9cd4e5e1fa","reportUrl":"https://zaelcovsky.github.io/StroyremAutomation/200//#testresult/38d18c9cd4e5e1fa","status":"skipped","statusDetails":"XFAIL Сломалось?\n\nselenium.common.exceptions.NoSuchElementException: Message: no such element: Unable to locate element: {\"method\":\"xpath\",\"selector\":\"(//a[@href='#backcall-popup'])[2]\"}\n  (Session info: chrome-headless-shell=120.0.6099.109); For documentation on this error, please visit: https://www.selenium.dev/documentation/webdriver/troubleshooting/errors#no-such-element-exception\nStacktrace:\n#0 0x557382a7cf83 <unknown>\n#1 0x557382735cf7 <unknown>\n#2 0x55738278599e <unknown>\n#3 0x557382785aa1 <unknown>\n#4 0x5573827d0d64 <unknown>\n#5 0x5573827af0dd <unknown>\n#6 0x5573827ce006 <unknown>\n#7 0x5573827aee53 <unknown>\n#8 0x557382776dd4 <unknown>\n#9 0x5573827781de <unknown>\n#10 0x557382a41531 <unknown>\n#11 0x557382a45455 <unknown>\n#12 0x557382a2df55 <unknown>\n#13 0x557382a460ef <unknown>\n#14 0x557382a1199f <unknown>\n#15 0x557382a6a008 <unknown>\n#16 0x557382a6a1d7 <unknown>\n#17 0x557382a7c124 <unknown>\n#18 0x7f7927324044 <unknown>","time":{"start":1705107996896,"stop":1705107996909,"duration":13}}]},"tags":["@pytest.mark.xfail(reason='Сломалось?')","smoke_test"]},"source":"838f49f2ba25e704.json","parameterValues":["'https://test2.stroyrem-nn.ru/'"]}