{"uid":"c727e04e69206701","name":"TC 008 - Проверка функциональности ссылки 'Каталог товаров'","fullName":"tests.test_main_page.TestMainPage#test_positive_footer_catalog_smoke","historyId":"0b0b5f03c2cf54bde7d488c66dcea9fe","time":{"start":1706835757809,"stop":1706835757823,"duration":14},"status":"broken","statusMessage":"selenium.common.exceptions.NoSuchElementException: Message: no such element: Unable to locate element: {\"method\":\"xpath\",\"selector\":\"(//div[@class='footer-col']/ul/li/a)[1]\"}\n  (Session info: chrome-headless-shell=121.0.6167.85); For documentation on this error, please visit: https://www.selenium.dev/documentation/webdriver/troubleshooting/errors#no-such-element-exception\nStacktrace:\n#0 0x55f9f40edd93 <unknown>\n#1 0x55f9f3dd1337 <unknown>\n#2 0x55f9f3e1cd60 <unknown>\n#3 0x55f9f3e1ce51 <unknown>\n#4 0x55f9f3e60bc4 <unknown>\n#5 0x55f9f3e3f46d <unknown>\n#6 0x55f9f3e5e12d <unknown>\n#7 0x55f9f3e3f1e3 <unknown>\n#8 0x55f9f3e0f135 <unknown>\n#9 0x55f9f3e1013e <unknown>\n#10 0x55f9f40b1e4b <unknown>\n#11 0x55f9f40b5dfa <unknown>\n#12 0x55f9f409e6d5 <unknown>\n#13 0x55f9f40b6a6f <unknown>\n#14 0x55f9f408269f <unknown>\n#15 0x55f9f40db098 <unknown>\n#16 0x55f9f40db262 <unknown>\n#17 0x55f9f40ecf34 <unknown>\n#18 0x7f51d618f134 <unknown>","statusTrace":"self = <tests.test_main_page.TestMainPage object at 0x7f25458c5c50>\nmain_page = <pages.main_page.MainPage object at 0x7f2545200d50>\n\n    @allure.feature(\"Footer functionality\")\n    @allure.title(\"TC 008 - Проверка функциональности ссылки 'Каталог товаров'\")\n    @pytest.mark.smoke_test\n    def test_positive_footer_catalog_smoke(self, main_page):\n>       is_displayed, header_text = main_page.check_product_catalog_link()\n\ntests/test_main_page.py:82: \n_ _ _ _ _ _ _ _ _ _ _ _ _ _ _ _ _ _ _ _ _ _ _ _ _ _ _ _ _ _ _ _ _ _ _ _ _ _ _ _ \npages/main_page.py:122: in check_product_catalog_link\n    self.driver.find_element(*self._product_catalog_link).click()\n/usr/local/lib/python3.11/site-packages/selenium/webdriver/remote/webdriver.py:740: in find_element\n    return self.execute(Command.FIND_ELEMENT, {\"using\": by, \"value\": value})[\"value\"]\n/usr/local/lib/python3.11/site-packages/selenium/webdriver/remote/webdriver.py:346: in execute\n    self.error_handler.check_response(response)\n_ _ _ _ _ _ _ _ _ _ _ _ _ _ _ _ _ _ _ _ _ _ _ _ _ _ _ _ _ _ _ _ _ _ _ _ _ _ _ _ \n\nself = <selenium.webdriver.remote.errorhandler.ErrorHandler object at 0x7f25451f21d0>\nresponse = {'status': 404, 'value': '{\"value\":{\"error\":\"no such element\",\"message\":\"no such element: Unable to locate element: {\\...\\\\n#16 0x55f9f40db262 \\\\u003Cunknown>\\\\n#17 0x55f9f40ecf34 \\\\u003Cunknown>\\\\n#18 0x7f51d618f134 \\\\u003Cunknown>\\\\n\"}}'}\n\n    def check_response(self, response: Dict[str, Any]) -> None:\n        \"\"\"Checks that a JSON response from the WebDriver does not have an\n        error.\n    \n        :Args:\n         - response - The JSON response from the WebDriver server as a dictionary\n           object.\n    \n        :Raises: If the response contains an error message.\n        \"\"\"\n        status = response.get(\"status\", None)\n        if not status or status == ErrorCode.SUCCESS:\n            return\n        value = None\n        message = response.get(\"message\", \"\")\n        screen: str = response.get(\"screen\", \"\")\n        stacktrace = None\n        if isinstance(status, int):\n            value_json = response.get(\"value\", None)\n            if value_json and isinstance(value_json, str):\n                import json\n    \n                try:\n                    value = json.loads(value_json)\n                    if len(value) == 1:\n                        value = value[\"value\"]\n                    status = value.get(\"error\", None)\n                    if not status:\n                        status = value.get(\"status\", ErrorCode.UNKNOWN_ERROR)\n                        message = value.get(\"value\") or value.get(\"message\")\n                        if not isinstance(message, str):\n                            value = message\n                            message = message.get(\"message\")\n                    else:\n                        message = value.get(\"message\", None)\n                except ValueError:\n                    pass\n    \n        exception_class: Type[WebDriverException]\n        if status in ErrorCode.NO_SUCH_ELEMENT:\n            exception_class = NoSuchElementException\n        elif status in ErrorCode.NO_SUCH_FRAME:\n            exception_class = NoSuchFrameException\n        elif status in ErrorCode.NO_SUCH_SHADOW_ROOT:\n            exception_class = NoSuchShadowRootException\n        elif status in ErrorCode.NO_SUCH_WINDOW:\n            exception_class = NoSuchWindowException\n        elif status in ErrorCode.STALE_ELEMENT_REFERENCE:\n            exception_class = StaleElementReferenceException\n        elif status in ErrorCode.ELEMENT_NOT_VISIBLE:\n            exception_class = ElementNotVisibleException\n        elif status in ErrorCode.INVALID_ELEMENT_STATE:\n            exception_class = InvalidElementStateException\n        elif (\n            status in ErrorCode.INVALID_SELECTOR\n            or status in ErrorCode.INVALID_XPATH_SELECTOR\n            or status in ErrorCode.INVALID_XPATH_SELECTOR_RETURN_TYPER\n        ):\n            exception_class = InvalidSelectorException\n        elif status in ErrorCode.ELEMENT_IS_NOT_SELECTABLE:\n            exception_class = ElementNotSelectableException\n        elif status in ErrorCode.ELEMENT_NOT_INTERACTABLE:\n            exception_class = ElementNotInteractableException\n        elif status in ErrorCode.INVALID_COOKIE_DOMAIN:\n            exception_class = InvalidCookieDomainException\n        elif status in ErrorCode.UNABLE_TO_SET_COOKIE:\n            exception_class = UnableToSetCookieException\n        elif status in ErrorCode.TIMEOUT:\n            exception_class = TimeoutException\n        elif status in ErrorCode.SCRIPT_TIMEOUT:\n            exception_class = TimeoutException\n        elif status in ErrorCode.UNKNOWN_ERROR:\n            exception_class = WebDriverException\n        elif status in ErrorCode.UNEXPECTED_ALERT_OPEN:\n            exception_class = UnexpectedAlertPresentException\n        elif status in ErrorCode.NO_ALERT_OPEN:\n            exception_class = NoAlertPresentException\n        elif status in ErrorCode.IME_NOT_AVAILABLE:\n            exception_class = ImeNotAvailableException\n        elif status in ErrorCode.IME_ENGINE_ACTIVATION_FAILED:\n            exception_class = ImeActivationFailedException\n        elif status in ErrorCode.MOVE_TARGET_OUT_OF_BOUNDS:\n            exception_class = MoveTargetOutOfBoundsException\n        elif status in ErrorCode.JAVASCRIPT_ERROR:\n            exception_class = JavascriptException\n        elif status in ErrorCode.SESSION_NOT_CREATED:\n            exception_class = SessionNotCreatedException\n        elif status in ErrorCode.INVALID_ARGUMENT:\n            exception_class = InvalidArgumentException\n        elif status in ErrorCode.NO_SUCH_COOKIE:\n            exception_class = NoSuchCookieException\n        elif status in ErrorCode.UNABLE_TO_CAPTURE_SCREEN:\n            exception_class = ScreenshotException\n        elif status in ErrorCode.ELEMENT_CLICK_INTERCEPTED:\n            exception_class = ElementClickInterceptedException\n        elif status in ErrorCode.INSECURE_CERTIFICATE:\n            exception_class = InsecureCertificateException\n        elif status in ErrorCode.INVALID_COORDINATES:\n            exception_class = InvalidCoordinatesException\n        elif status in ErrorCode.INVALID_SESSION_ID:\n            exception_class = InvalidSessionIdException\n        elif status in ErrorCode.UNKNOWN_METHOD:\n            exception_class = UnknownMethodException\n        else:\n            exception_class = WebDriverException\n        if not value:\n            value = response[\"value\"]\n        if isinstance(value, str):\n            raise exception_class(value)\n        if message == \"\" and \"message\" in value:\n            message = value[\"message\"]\n    \n        screen = None  # type: ignore[assignment]\n        if \"screen\" in value:\n            screen = value[\"screen\"]\n    \n        stacktrace = None\n        st_value = value.get(\"stackTrace\") or value.get(\"stacktrace\")\n        if st_value:\n            if isinstance(st_value, str):\n                stacktrace = st_value.split(\"\\n\")\n            else:\n                stacktrace = []\n                try:\n                    for frame in st_value:\n                        line = frame.get(\"lineNumber\", \"\")\n                        file = frame.get(\"fileName\", \"<anonymous>\")\n                        if line:\n                            file = f\"{file}:{line}\"\n                        meth = frame.get(\"methodName\", \"<anonymous>\")\n                        if \"className\" in frame:\n                            meth = f\"{frame['className']}.{meth}\"\n                        msg = \"    at %s (%s)\"\n                        msg = msg % (meth, file)\n                        stacktrace.append(msg)\n                except TypeError:\n                    pass\n        if exception_class == UnexpectedAlertPresentException:\n            alert_text = None\n            if \"data\" in value:\n                alert_text = value[\"data\"].get(\"text\")\n            elif \"alert\" in value:\n                alert_text = value[\"alert\"].get(\"text\")\n            raise exception_class(message, screen, stacktrace, alert_text)  # type: ignore[call-arg]  # mypy is not smart enough here\n>       raise exception_class(message, screen, stacktrace)\nE       selenium.common.exceptions.NoSuchElementException: Message: no such element: Unable to locate element: {\"method\":\"xpath\",\"selector\":\"(//div[@class='footer-col']/ul/li/a)[1]\"}\nE         (Session info: chrome-headless-shell=121.0.6167.85); For documentation on this error, please visit: https://www.selenium.dev/documentation/webdriver/troubleshooting/errors#no-such-element-exception\nE       Stacktrace:\nE       #0 0x55f9f40edd93 <unknown>\nE       #1 0x55f9f3dd1337 <unknown>\nE       #2 0x55f9f3e1cd60 <unknown>\nE       #3 0x55f9f3e1ce51 <unknown>\nE       #4 0x55f9f3e60bc4 <unknown>\nE       #5 0x55f9f3e3f46d <unknown>\nE       #6 0x55f9f3e5e12d <unknown>\nE       #7 0x55f9f3e3f1e3 <unknown>\nE       #8 0x55f9f3e0f135 <unknown>\nE       #9 0x55f9f3e1013e <unknown>\nE       #10 0x55f9f40b1e4b <unknown>\nE       #11 0x55f9f40b5dfa <unknown>\nE       #12 0x55f9f409e6d5 <unknown>\nE       #13 0x55f9f40b6a6f <unknown>\nE       #14 0x55f9f408269f <unknown>\nE       #15 0x55f9f40db098 <unknown>\nE       #16 0x55f9f40db262 <unknown>\nE       #17 0x55f9f40ecf34 <unknown>\nE       #18 0x7f51d618f134 <unknown>\n\n/usr/local/lib/python3.11/site-packages/selenium/webdriver/remote/errorhandler.py:245: NoSuchElementException","flaky":false,"newFailed":false,"newBroken":false,"newPassed":false,"retriesCount":0,"retriesStatusChange":false,"beforeStages":[{"name":"_session_faker","time":{"start":1706835644856,"stop":1706835644925,"duration":69},"status":"passed","steps":[],"attachments":[],"parameters":[],"shouldDisplayMessage":false,"stepsCount":0,"attachmentsCount":0,"hasContent":false,"attachmentStep":false},{"name":"clear_allure_results_folder","time":{"start":1706835644925,"stop":1706835644925,"duration":0},"status":"passed","steps":[],"attachments":[],"parameters":[],"shouldDisplayMessage":false,"stepsCount":0,"attachmentsCount":0,"hasContent":false,"attachmentStep":false},{"name":"driver","time":{"start":1706835756642,"stop":1706835757375,"duration":733},"status":"passed","steps":[],"attachments":[],"parameters":[],"shouldDisplayMessage":false,"stepsCount":0,"attachmentsCount":0,"hasContent":false,"attachmentStep":false},{"name":"main_page","time":{"start":1706835757375,"stop":1706835757809,"duration":434},"status":"passed","steps":[],"attachments":[],"parameters":[],"shouldDisplayMessage":false,"stepsCount":0,"attachmentsCount":0,"hasContent":false,"attachmentStep":false},{"name":"setup","time":{"start":1706835757375,"stop":1706835757375,"duration":0},"status":"passed","steps":[],"attachments":[],"parameters":[],"shouldDisplayMessage":false,"stepsCount":0,"attachmentsCount":0,"hasContent":false,"attachmentStep":false}],"testStage":{"status":"broken","statusMessage":"selenium.common.exceptions.NoSuchElementException: Message: no such element: Unable to locate element: {\"method\":\"xpath\",\"selector\":\"(//div[@class='footer-col']/ul/li/a)[1]\"}\n  (Session info: chrome-headless-shell=121.0.6167.85); For documentation on this error, please visit: https://www.selenium.dev/documentation/webdriver/troubleshooting/errors#no-such-element-exception\nStacktrace:\n#0 0x55f9f40edd93 <unknown>\n#1 0x55f9f3dd1337 <unknown>\n#2 0x55f9f3e1cd60 <unknown>\n#3 0x55f9f3e1ce51 <unknown>\n#4 0x55f9f3e60bc4 <unknown>\n#5 0x55f9f3e3f46d <unknown>\n#6 0x55f9f3e5e12d <unknown>\n#7 0x55f9f3e3f1e3 <unknown>\n#8 0x55f9f3e0f135 <unknown>\n#9 0x55f9f3e1013e <unknown>\n#10 0x55f9f40b1e4b <unknown>\n#11 0x55f9f40b5dfa <unknown>\n#12 0x55f9f409e6d5 <unknown>\n#13 0x55f9f40b6a6f <unknown>\n#14 0x55f9f408269f <unknown>\n#15 0x55f9f40db098 <unknown>\n#16 0x55f9f40db262 <unknown>\n#17 0x55f9f40ecf34 <unknown>\n#18 0x7f51d618f134 <unknown>","statusTrace":"self = <tests.test_main_page.TestMainPage object at 0x7f25458c5c50>\nmain_page = <pages.main_page.MainPage object at 0x7f2545200d50>\n\n    @allure.feature(\"Footer functionality\")\n    @allure.title(\"TC 008 - Проверка функциональности ссылки 'Каталог товаров'\")\n    @pytest.mark.smoke_test\n    def test_positive_footer_catalog_smoke(self, main_page):\n>       is_displayed, header_text = main_page.check_product_catalog_link()\n\ntests/test_main_page.py:82: \n_ _ _ _ _ _ _ _ _ _ _ _ _ _ _ _ _ _ _ _ _ _ _ _ _ _ _ _ _ _ _ _ _ _ _ _ _ _ _ _ \npages/main_page.py:122: in check_product_catalog_link\n    self.driver.find_element(*self._product_catalog_link).click()\n/usr/local/lib/python3.11/site-packages/selenium/webdriver/remote/webdriver.py:740: in find_element\n    return self.execute(Command.FIND_ELEMENT, {\"using\": by, \"value\": value})[\"value\"]\n/usr/local/lib/python3.11/site-packages/selenium/webdriver/remote/webdriver.py:346: in execute\n    self.error_handler.check_response(response)\n_ _ _ _ _ _ _ _ _ _ _ _ _ _ _ _ _ _ _ _ _ _ _ _ _ _ _ _ _ _ _ _ _ _ _ _ _ _ _ _ \n\nself = <selenium.webdriver.remote.errorhandler.ErrorHandler object at 0x7f25451f21d0>\nresponse = {'status': 404, 'value': '{\"value\":{\"error\":\"no such element\",\"message\":\"no such element: Unable to locate element: {\\...\\\\n#16 0x55f9f40db262 \\\\u003Cunknown>\\\\n#17 0x55f9f40ecf34 \\\\u003Cunknown>\\\\n#18 0x7f51d618f134 \\\\u003Cunknown>\\\\n\"}}'}\n\n    def check_response(self, response: Dict[str, Any]) -> None:\n        \"\"\"Checks that a JSON response from the WebDriver does not have an\n        error.\n    \n        :Args:\n         - response - The JSON response from the WebDriver server as a dictionary\n           object.\n    \n        :Raises: If the response contains an error message.\n        \"\"\"\n        status = response.get(\"status\", None)\n        if not status or status == ErrorCode.SUCCESS:\n            return\n        value = None\n        message = response.get(\"message\", \"\")\n        screen: str = response.get(\"screen\", \"\")\n        stacktrace = None\n        if isinstance(status, int):\n            value_json = response.get(\"value\", None)\n            if value_json and isinstance(value_json, str):\n                import json\n    \n                try:\n                    value = json.loads(value_json)\n                    if len(value) == 1:\n                        value = value[\"value\"]\n                    status = value.get(\"error\", None)\n                    if not status:\n                        status = value.get(\"status\", ErrorCode.UNKNOWN_ERROR)\n                        message = value.get(\"value\") or value.get(\"message\")\n                        if not isinstance(message, str):\n                            value = message\n                            message = message.get(\"message\")\n                    else:\n                        message = value.get(\"message\", None)\n                except ValueError:\n                    pass\n    \n        exception_class: Type[WebDriverException]\n        if status in ErrorCode.NO_SUCH_ELEMENT:\n            exception_class = NoSuchElementException\n        elif status in ErrorCode.NO_SUCH_FRAME:\n            exception_class = NoSuchFrameException\n        elif status in ErrorCode.NO_SUCH_SHADOW_ROOT:\n            exception_class = NoSuchShadowRootException\n        elif status in ErrorCode.NO_SUCH_WINDOW:\n            exception_class = NoSuchWindowException\n        elif status in ErrorCode.STALE_ELEMENT_REFERENCE:\n            exception_class = StaleElementReferenceException\n        elif status in ErrorCode.ELEMENT_NOT_VISIBLE:\n            exception_class = ElementNotVisibleException\n        elif status in ErrorCode.INVALID_ELEMENT_STATE:\n            exception_class = InvalidElementStateException\n        elif (\n            status in ErrorCode.INVALID_SELECTOR\n            or status in ErrorCode.INVALID_XPATH_SELECTOR\n            or status in ErrorCode.INVALID_XPATH_SELECTOR_RETURN_TYPER\n        ):\n            exception_class = InvalidSelectorException\n        elif status in ErrorCode.ELEMENT_IS_NOT_SELECTABLE:\n            exception_class = ElementNotSelectableException\n        elif status in ErrorCode.ELEMENT_NOT_INTERACTABLE:\n            exception_class = ElementNotInteractableException\n        elif status in ErrorCode.INVALID_COOKIE_DOMAIN:\n            exception_class = InvalidCookieDomainException\n        elif status in ErrorCode.UNABLE_TO_SET_COOKIE:\n            exception_class = UnableToSetCookieException\n        elif status in ErrorCode.TIMEOUT:\n            exception_class = TimeoutException\n        elif status in ErrorCode.SCRIPT_TIMEOUT:\n            exception_class = TimeoutException\n        elif status in ErrorCode.UNKNOWN_ERROR:\n            exception_class = WebDriverException\n        elif status in ErrorCode.UNEXPECTED_ALERT_OPEN:\n            exception_class = UnexpectedAlertPresentException\n        elif status in ErrorCode.NO_ALERT_OPEN:\n            exception_class = NoAlertPresentException\n        elif status in ErrorCode.IME_NOT_AVAILABLE:\n            exception_class = ImeNotAvailableException\n        elif status in ErrorCode.IME_ENGINE_ACTIVATION_FAILED:\n            exception_class = ImeActivationFailedException\n        elif status in ErrorCode.MOVE_TARGET_OUT_OF_BOUNDS:\n            exception_class = MoveTargetOutOfBoundsException\n        elif status in ErrorCode.JAVASCRIPT_ERROR:\n            exception_class = JavascriptException\n        elif status in ErrorCode.SESSION_NOT_CREATED:\n            exception_class = SessionNotCreatedException\n        elif status in ErrorCode.INVALID_ARGUMENT:\n            exception_class = InvalidArgumentException\n        elif status in ErrorCode.NO_SUCH_COOKIE:\n            exception_class = NoSuchCookieException\n        elif status in ErrorCode.UNABLE_TO_CAPTURE_SCREEN:\n            exception_class = ScreenshotException\n        elif status in ErrorCode.ELEMENT_CLICK_INTERCEPTED:\n            exception_class = ElementClickInterceptedException\n        elif status in ErrorCode.INSECURE_CERTIFICATE:\n            exception_class = InsecureCertificateException\n        elif status in ErrorCode.INVALID_COORDINATES:\n            exception_class = InvalidCoordinatesException\n        elif status in ErrorCode.INVALID_SESSION_ID:\n            exception_class = InvalidSessionIdException\n        elif status in ErrorCode.UNKNOWN_METHOD:\n            exception_class = UnknownMethodException\n        else:\n            exception_class = WebDriverException\n        if not value:\n            value = response[\"value\"]\n        if isinstance(value, str):\n            raise exception_class(value)\n        if message == \"\" and \"message\" in value:\n            message = value[\"message\"]\n    \n        screen = None  # type: ignore[assignment]\n        if \"screen\" in value:\n            screen = value[\"screen\"]\n    \n        stacktrace = None\n        st_value = value.get(\"stackTrace\") or value.get(\"stacktrace\")\n        if st_value:\n            if isinstance(st_value, str):\n                stacktrace = st_value.split(\"\\n\")\n            else:\n                stacktrace = []\n                try:\n                    for frame in st_value:\n                        line = frame.get(\"lineNumber\", \"\")\n                        file = frame.get(\"fileName\", \"<anonymous>\")\n                        if line:\n                            file = f\"{file}:{line}\"\n                        meth = frame.get(\"methodName\", \"<anonymous>\")\n                        if \"className\" in frame:\n                            meth = f\"{frame['className']}.{meth}\"\n                        msg = \"    at %s (%s)\"\n                        msg = msg % (meth, file)\n                        stacktrace.append(msg)\n                except TypeError:\n                    pass\n        if exception_class == UnexpectedAlertPresentException:\n            alert_text = None\n            if \"data\" in value:\n                alert_text = value[\"data\"].get(\"text\")\n            elif \"alert\" in value:\n                alert_text = value[\"alert\"].get(\"text\")\n            raise exception_class(message, screen, stacktrace, alert_text)  # type: ignore[call-arg]  # mypy is not smart enough here\n>       raise exception_class(message, screen, stacktrace)\nE       selenium.common.exceptions.NoSuchElementException: Message: no such element: Unable to locate element: {\"method\":\"xpath\",\"selector\":\"(//div[@class='footer-col']/ul/li/a)[1]\"}\nE         (Session info: chrome-headless-shell=121.0.6167.85); For documentation on this error, please visit: https://www.selenium.dev/documentation/webdriver/troubleshooting/errors#no-such-element-exception\nE       Stacktrace:\nE       #0 0x55f9f40edd93 <unknown>\nE       #1 0x55f9f3dd1337 <unknown>\nE       #2 0x55f9f3e1cd60 <unknown>\nE       #3 0x55f9f3e1ce51 <unknown>\nE       #4 0x55f9f3e60bc4 <unknown>\nE       #5 0x55f9f3e3f46d <unknown>\nE       #6 0x55f9f3e5e12d <unknown>\nE       #7 0x55f9f3e3f1e3 <unknown>\nE       #8 0x55f9f3e0f135 <unknown>\nE       #9 0x55f9f3e1013e <unknown>\nE       #10 0x55f9f40b1e4b <unknown>\nE       #11 0x55f9f40b5dfa <unknown>\nE       #12 0x55f9f409e6d5 <unknown>\nE       #13 0x55f9f40b6a6f <unknown>\nE       #14 0x55f9f408269f <unknown>\nE       #15 0x55f9f40db098 <unknown>\nE       #16 0x55f9f40db262 <unknown>\nE       #17 0x55f9f40ecf34 <unknown>\nE       #18 0x7f51d618f134 <unknown>\n\n/usr/local/lib/python3.11/site-packages/selenium/webdriver/remote/errorhandler.py:245: NoSuchElementException","steps":[{"name":"Проверка функциональности ссылки 'Каталог товаров'","time":{"start":1706835757810,"stop":1706835757822,"duration":12},"status":"broken","statusMessage":"selenium.common.exceptions.NoSuchElementException: Message: no such element: Unable to locate element: {\"method\":\"xpath\",\"selector\":\"(//div[@class='footer-col']/ul/li/a)[1]\"}\n  (Session info: chrome-headless-shell=121.0.6167.85); For documentation on this error, please visit: https://www.selenium.dev/documentation/webdriver/troubleshooting/errors#no-such-element-exception\nStacktrace:\n#0 0x55f9f40edd93 <unknown>\n#1 0x55f9f3dd1337 <unknown>\n#2 0x55f9f3e1cd60 <unknown>\n#3 0x55f9f3e1ce51 <unknown>\n#4 0x55f9f3e60bc4 <unknown>\n#5 0x55f9f3e3f46d <unknown>\n#6 0x55f9f3e5e12d <unknown>\n#7 0x55f9f3e3f1e3 <unknown>\n#8 0x55f9f3e0f135 <unknown>\n#9 0x55f9f3e1013e <unknown>\n#10 0x55f9f40b1e4b <unknown>\n#11 0x55f9f40b5dfa <unknown>\n#12 0x55f9f409e6d5 <unknown>\n#13 0x55f9f40b6a6f <unknown>\n#14 0x55f9f408269f <unknown>\n#15 0x55f9f40db098 <unknown>\n#16 0x55f9f40db262 <unknown>\n#17 0x55f9f40ecf34 <unknown>\n#18 0x7f51d618f134 <unknown>\n\n","statusTrace":"  File \"/usr/local/lib/python3.11/site-packages/allure_commons/_allure.py\", line 192, in impl\n    return func(*a, **kw)\n           ^^^^^^^^^^^^^^\n  File \"/app/pages/main_page.py\", line 122, in check_product_catalog_link\n    self.driver.find_element(*self._product_catalog_link).click()\n    ^^^^^^^^^^^^^^^^^^^^^^^^^^^^^^^^^^^^^^^^^^^^^^^^^^^^^\n  File \"/usr/local/lib/python3.11/site-packages/selenium/webdriver/remote/webdriver.py\", line 740, in find_element\n    return self.execute(Command.FIND_ELEMENT, {\"using\": by, \"value\": value})[\"value\"]\n           ^^^^^^^^^^^^^^^^^^^^^^^^^^^^^^^^^^^^^^^^^^^^^^^^^^^^^^^^^^^^^^^^^\n  File \"/usr/local/lib/python3.11/site-packages/selenium/webdriver/remote/webdriver.py\", line 346, in execute\n    self.error_handler.check_response(response)\n  File \"/usr/local/lib/python3.11/site-packages/selenium/webdriver/remote/errorhandler.py\", line 245, in check_response\n    raise exception_class(message, screen, stacktrace)\n","steps":[],"attachments":[],"parameters":[],"shouldDisplayMessage":true,"stepsCount":0,"attachmentsCount":0,"hasContent":true,"attachmentStep":false}],"attachments":[{"uid":"f481574c7b919a0e","name":"Screenshot","source":"f481574c7b919a0e.png","type":"image/png","size":39106},{"uid":"71a5f92ea2ddee55","name":"HTML source","source":"71a5f92ea2ddee55.html","type":"text/html","size":538}],"parameters":[],"shouldDisplayMessage":true,"stepsCount":1,"attachmentsCount":2,"hasContent":true,"attachmentStep":false},"afterStages":[{"name":"driver::0","time":{"start":1706835757928,"stop":1706835757985,"duration":57},"status":"passed","steps":[],"attachments":[],"parameters":[],"shouldDisplayMessage":false,"stepsCount":0,"attachmentsCount":0,"hasContent":false,"attachmentStep":false},{"name":"setup::0","time":{"start":1706835757928,"stop":1706835757928,"duration":0},"status":"passed","steps":[],"attachments":[],"parameters":[],"shouldDisplayMessage":false,"stepsCount":0,"attachmentsCount":0,"hasContent":false,"attachmentStep":false}],"labels":[{"name":"feature","value":"Footer functionality"},{"name":"epic","value":"Main Page"},{"name":"tag","value":"smoke_test"},{"name":"parentSuite","value":"tests"},{"name":"suite","value":"test_main_page"},{"name":"subSuite","value":"TestMainPage"},{"name":"host","value":"a8468798abc1"},{"name":"thread","value":"1-MainThread"},{"name":"framework","value":"pytest"},{"name":"language","value":"cpython3"},{"name":"package","value":"tests.test_main_page"},{"name":"resultFormat","value":"allure2"}],"parameters":[{"name":"url","value":"'https://test2.stroyrem-nn.ru/'"}],"links":[],"hidden":false,"retry":false,"extra":{"severity":"normal","retries":[],"categories":[{"name":"Test defects","matchedStatuses":[],"flaky":false}],"history":{"statistic":{"failed":0,"broken":142,"skipped":0,"passed":35,"unknown":0,"total":177},"items":[{"uid":"11111da8af961d88","reportUrl":"https://zaelcovsky.github.io/StroyremAutomation/219//#testresult/11111da8af961d88","status":"broken","statusDetails":"selenium.common.exceptions.NoSuchElementException: Message: no such element: Unable to locate element: {\"method\":\"xpath\",\"selector\":\"(//div[@class='footer-col']/ul/li/a)[1]\"}\n  (Session info: chrome-headless-shell=121.0.6167.85); For documentation on this error, please visit: https://www.selenium.dev/documentation/webdriver/troubleshooting/errors#no-such-element-exception\nStacktrace:\n#0 0x55e561846d93 <unknown>\n#1 0x55e56152a337 <unknown>\n#2 0x55e561575d60 <unknown>\n#3 0x55e561575e51 <unknown>\n#4 0x55e5615b9bc4 <unknown>\n#5 0x55e56159846d <unknown>\n#6 0x55e5615b712d <unknown>\n#7 0x55e5615981e3 <unknown>\n#8 0x55e561568135 <unknown>\n#9 0x55e56156913e <unknown>\n#10 0x55e56180ae4b <unknown>\n#11 0x55e56180edfa <unknown>\n#12 0x55e5617f76d5 <unknown>\n#13 0x55e56180fa6f <unknown>\n#14 0x55e5617db69f <unknown>\n#15 0x55e561834098 <unknown>\n#16 0x55e561834262 <unknown>\n#17 0x55e561845f34 <unknown>\n#18 0x7fbedd224044 <unknown>","time":{"start":1706749592981,"stop":1706749592994,"duration":13}},{"uid":"47eee3097d934157","reportUrl":"https://zaelcovsky.github.io/StroyremAutomation/218//#testresult/47eee3097d934157","status":"broken","statusDetails":"selenium.common.exceptions.NoSuchElementException: Message: no such element: Unable to locate element: {\"method\":\"xpath\",\"selector\":\"(//div[@class='footer-col']/ul/li/a)[1]\"}\n  (Session info: chrome-headless-shell=121.0.6167.85); For documentation on this error, please visit: https://www.selenium.dev/documentation/webdriver/troubleshooting/errors#no-such-element-exception\nStacktrace:\n#0 0x55ef35160d93 <unknown>\n#1 0x55ef34e44337 <unknown>\n#2 0x55ef34e8fd60 <unknown>\n#3 0x55ef34e8fe51 <unknown>\n#4 0x55ef34ed3bc4 <unknown>\n#5 0x55ef34eb246d <unknown>\n#6 0x55ef34ed112d <unknown>\n#7 0x55ef34eb21e3 <unknown>\n#8 0x55ef34e82135 <unknown>\n#9 0x55ef34e8313e <unknown>\n#10 0x55ef35124e4b <unknown>\n#11 0x55ef35128dfa <unknown>\n#12 0x55ef351116d5 <unknown>\n#13 0x55ef35129a6f <unknown>\n#14 0x55ef350f569f <unknown>\n#15 0x55ef3514e098 <unknown>\n#16 0x55ef3514e262 <unknown>\n#17 0x55ef3515ff34 <unknown>\n#18 0x7f331ce6b044 <unknown>","time":{"start":1706662970569,"stop":1706662970582,"duration":13}},{"uid":"aa2629574a1868d6","reportUrl":"https://zaelcovsky.github.io/StroyremAutomation/217//#testresult/aa2629574a1868d6","status":"broken","statusDetails":"selenium.common.exceptions.NoSuchElementException: Message: no such element: Unable to locate element: {\"method\":\"xpath\",\"selector\":\"(//div[@class='footer-col']/ul/li/a)[1]\"}\n  (Session info: chrome-headless-shell=121.0.6167.85); For documentation on this error, please visit: https://www.selenium.dev/documentation/webdriver/troubleshooting/errors#no-such-element-exception\nStacktrace:\n#0 0x55e751e58d93 <unknown>\n#1 0x55e751b3c337 <unknown>\n#2 0x55e751b87d60 <unknown>\n#3 0x55e751b87e51 <unknown>\n#4 0x55e751bcbbc4 <unknown>\n#5 0x55e751baa46d <unknown>\n#6 0x55e751bc912d <unknown>\n#7 0x55e751baa1e3 <unknown>\n#8 0x55e751b7a135 <unknown>\n#9 0x55e751b7b13e <unknown>\n#10 0x55e751e1ce4b <unknown>\n#11 0x55e751e20dfa <unknown>\n#12 0x55e751e096d5 <unknown>\n#13 0x55e751e21a6f <unknown>\n#14 0x55e751ded69f <unknown>\n#15 0x55e751e46098 <unknown>\n#16 0x55e751e46262 <unknown>\n#17 0x55e751e57f34 <unknown>\n#18 0x7f21ef212044 <unknown>","time":{"start":1706576540137,"stop":1706576540150,"duration":13}},{"uid":"671da5d0f3709afd","reportUrl":"https://zaelcovsky.github.io/StroyremAutomation/216//#testresult/671da5d0f3709afd","status":"broken","statusDetails":"selenium.common.exceptions.NoSuchElementException: Message: no such element: Unable to locate element: {\"method\":\"xpath\",\"selector\":\"(//div[@class='footer-col']/ul/li/a)[1]\"}\n  (Session info: chrome-headless-shell=121.0.6167.85); For documentation on this error, please visit: https://www.selenium.dev/documentation/webdriver/troubleshooting/errors#no-such-element-exception\nStacktrace:\n#0 0x5581f341dd93 <unknown>\n#1 0x5581f3101337 <unknown>\n#2 0x5581f314cd60 <unknown>\n#3 0x5581f314ce51 <unknown>\n#4 0x5581f3190bc4 <unknown>\n#5 0x5581f316f46d <unknown>\n#6 0x5581f318e12d <unknown>\n#7 0x5581f316f1e3 <unknown>\n#8 0x5581f313f135 <unknown>\n#9 0x5581f314013e <unknown>\n#10 0x5581f33e1e4b <unknown>\n#11 0x5581f33e5dfa <unknown>\n#12 0x5581f33ce6d5 <unknown>\n#13 0x5581f33e6a6f <unknown>\n#14 0x5581f33b269f <unknown>\n#15 0x5581f340b098 <unknown>\n#16 0x5581f340b262 <unknown>\n#17 0x5581f341cf34 <unknown>\n#18 0x7fc97fcee044 <unknown>","time":{"start":1706490198028,"stop":1706490198041,"duration":13}},{"uid":"be8585e680138ce2","reportUrl":"https://zaelcovsky.github.io/StroyremAutomation/215//#testresult/be8585e680138ce2","status":"broken","statusDetails":"selenium.common.exceptions.NoSuchElementException: Message: no such element: Unable to locate element: {\"method\":\"xpath\",\"selector\":\"(//div[@class='footer-col']/ul/li/a)[1]\"}\n  (Session info: chrome-headless-shell=121.0.6167.85); For documentation on this error, please visit: https://www.selenium.dev/documentation/webdriver/troubleshooting/errors#no-such-element-exception\nStacktrace:\n#0 0x55648e032d93 <unknown>\n#1 0x55648dd16337 <unknown>\n#2 0x55648dd61d60 <unknown>\n#3 0x55648dd61e51 <unknown>\n#4 0x55648dda5bc4 <unknown>\n#5 0x55648dd8446d <unknown>\n#6 0x55648dda312d <unknown>\n#7 0x55648dd841e3 <unknown>\n#8 0x55648dd54135 <unknown>\n#9 0x55648dd5513e <unknown>\n#10 0x55648dff6e4b <unknown>\n#11 0x55648dffadfa <unknown>\n#12 0x55648dfe36d5 <unknown>\n#13 0x55648dffba6f <unknown>\n#14 0x55648dfc769f <unknown>\n#15 0x55648e020098 <unknown>\n#16 0x55648e020262 <unknown>\n#17 0x55648e031f34 <unknown>\n#18 0x7f183eaef044 <unknown>","time":{"start":1706404031687,"stop":1706404031700,"duration":13}},{"uid":"b3f3a2fb2d596bd1","reportUrl":"https://zaelcovsky.github.io/StroyremAutomation/214//#testresult/b3f3a2fb2d596bd1","status":"broken","statusDetails":"selenium.common.exceptions.NoSuchElementException: Message: no such element: Unable to locate element: {\"method\":\"xpath\",\"selector\":\"(//div[@class='footer-col']/ul/li/a)[1]\"}\n  (Session info: chrome-headless-shell=121.0.6167.85); For documentation on this error, please visit: https://www.selenium.dev/documentation/webdriver/troubleshooting/errors#no-such-element-exception\nStacktrace:\n#0 0x563ee513bd93 <unknown>\n#1 0x563ee4e1f337 <unknown>\n#2 0x563ee4e6ad60 <unknown>\n#3 0x563ee4e6ae51 <unknown>\n#4 0x563ee4eaebc4 <unknown>\n#5 0x563ee4e8d46d <unknown>\n#6 0x563ee4eac12d <unknown>\n#7 0x563ee4e8d1e3 <unknown>\n#8 0x563ee4e5d135 <unknown>\n#9 0x563ee4e5e13e <unknown>\n#10 0x563ee50ffe4b <unknown>\n#11 0x563ee5103dfa <unknown>\n#12 0x563ee50ec6d5 <unknown>\n#13 0x563ee5104a6f <unknown>\n#14 0x563ee50d069f <unknown>\n#15 0x563ee5129098 <unknown>\n#16 0x563ee5129262 <unknown>\n#17 0x563ee513af34 <unknown>\n#18 0x7f3ae5f96044 <unknown>","time":{"start":1706317357508,"stop":1706317357521,"duration":13}},{"uid":"585832c922a853b","reportUrl":"https://zaelcovsky.github.io/StroyremAutomation/213//#testresult/585832c922a853b","status":"broken","statusDetails":"selenium.common.exceptions.NoSuchElementException: Message: no such element: Unable to locate element: {\"method\":\"xpath\",\"selector\":\"(//div[@class='footer-col']/ul/li/a)[1]\"}\n  (Session info: chrome-headless-shell=121.0.6167.85); For documentation on this error, please visit: https://www.selenium.dev/documentation/webdriver/troubleshooting/errors#no-such-element-exception\nStacktrace:\n#0 0x5599ad96ad93 <unknown>\n#1 0x5599ad64e337 <unknown>\n#2 0x5599ad699d60 <unknown>\n#3 0x5599ad699e51 <unknown>\n#4 0x5599ad6ddbc4 <unknown>\n#5 0x5599ad6bc46d <unknown>\n#6 0x5599ad6db12d <unknown>\n#7 0x5599ad6bc1e3 <unknown>\n#8 0x5599ad68c135 <unknown>\n#9 0x5599ad68d13e <unknown>\n#10 0x5599ad92ee4b <unknown>\n#11 0x5599ad932dfa <unknown>\n#12 0x5599ad91b6d5 <unknown>\n#13 0x5599ad933a6f <unknown>\n#14 0x5599ad8ff69f <unknown>\n#15 0x5599ad958098 <unknown>\n#16 0x5599ad958262 <unknown>\n#17 0x5599ad969f34 <unknown>\n#18 0x7f6a8de94044 <unknown>","time":{"start":1706231015756,"stop":1706231015769,"duration":13}},{"uid":"c57661b790273cd1","reportUrl":"https://zaelcovsky.github.io/StroyremAutomation/212//#testresult/c57661b790273cd1","status":"broken","statusDetails":"selenium.common.exceptions.NoSuchElementException: Message: no such element: Unable to locate element: {\"method\":\"xpath\",\"selector\":\"(//div[@class='footer-col']/ul/li/a)[1]\"}\n  (Session info: chrome-headless-shell=121.0.6167.85); For documentation on this error, please visit: https://www.selenium.dev/documentation/webdriver/troubleshooting/errors#no-such-element-exception\nStacktrace:\n#0 0x55ad3f357d93 <unknown>\n#1 0x55ad3f03b337 <unknown>\n#2 0x55ad3f086d60 <unknown>\n#3 0x55ad3f086e51 <unknown>\n#4 0x55ad3f0cabc4 <unknown>\n#5 0x55ad3f0a946d <unknown>\n#6 0x55ad3f0c812d <unknown>\n#7 0x55ad3f0a91e3 <unknown>\n#8 0x55ad3f079135 <unknown>\n#9 0x55ad3f07a13e <unknown>\n#10 0x55ad3f31be4b <unknown>\n#11 0x55ad3f31fdfa <unknown>\n#12 0x55ad3f3086d5 <unknown>\n#13 0x55ad3f320a6f <unknown>\n#14 0x55ad3f2ec69f <unknown>\n#15 0x55ad3f345098 <unknown>\n#16 0x55ad3f345262 <unknown>\n#17 0x55ad3f356f34 <unknown>\n#18 0x7f2b08036044 <unknown>","time":{"start":1706144920876,"stop":1706144920888,"duration":12}},{"uid":"bc056f11ab68935","reportUrl":"https://zaelcovsky.github.io/StroyremAutomation/211//#testresult/bc056f11ab68935","status":"broken","statusDetails":"selenium.common.exceptions.NoSuchElementException: Message: no such element: Unable to locate element: {\"method\":\"xpath\",\"selector\":\"(//div[@class='footer-col']/ul/li/a)[1]\"}\n  (Session info: chrome-headless-shell=121.0.6167.85); For documentation on this error, please visit: https://www.selenium.dev/documentation/webdriver/troubleshooting/errors#no-such-element-exception\nStacktrace:\n#0 0x55bc463fdd93 <unknown>\n#1 0x55bc460e1337 <unknown>\n#2 0x55bc4612cd60 <unknown>\n#3 0x55bc4612ce51 <unknown>\n#4 0x55bc46170bc4 <unknown>\n#5 0x55bc4614f46d <unknown>\n#6 0x55bc4616e12d <unknown>\n#7 0x55bc4614f1e3 <unknown>\n#8 0x55bc4611f135 <unknown>\n#9 0x55bc4612013e <unknown>\n#10 0x55bc463c1e4b <unknown>\n#11 0x55bc463c5dfa <unknown>\n#12 0x55bc463ae6d5 <unknown>\n#13 0x55bc463c6a6f <unknown>\n#14 0x55bc4639269f <unknown>\n#15 0x55bc463eb098 <unknown>\n#16 0x55bc463eb262 <unknown>\n#17 0x55bc463fcf34 <unknown>\n#18 0x7ffb2d606044 <unknown>","time":{"start":1706058520215,"stop":1706058520229,"duration":14}},{"uid":"88480ed511ff10c5","reportUrl":"https://zaelcovsky.github.io/StroyremAutomation/210//#testresult/88480ed511ff10c5","status":"broken","statusDetails":"selenium.common.exceptions.NoSuchElementException: Message: no such element: Unable to locate element: {\"method\":\"xpath\",\"selector\":\"(//div[@class='footer-col']/ul/li/a)[1]\"}\n  (Session info: chrome-headless-shell=120.0.6099.109); For documentation on this error, please visit: https://www.selenium.dev/documentation/webdriver/troubleshooting/errors#no-such-element-exception\nStacktrace:\n#0 0x55cbbc89ff83 <unknown>\n#1 0x55cbbc558cf7 <unknown>\n#2 0x55cbbc5a899e <unknown>\n#3 0x55cbbc5a8aa1 <unknown>\n#4 0x55cbbc5f3d64 <unknown>\n#5 0x55cbbc5d20dd <unknown>\n#6 0x55cbbc5f1006 <unknown>\n#7 0x55cbbc5d1e53 <unknown>\n#8 0x55cbbc599dd4 <unknown>\n#9 0x55cbbc59b1de <unknown>\n#10 0x55cbbc864531 <unknown>\n#11 0x55cbbc868455 <unknown>\n#12 0x55cbbc850f55 <unknown>\n#13 0x55cbbc8690ef <unknown>\n#14 0x55cbbc83499f <unknown>\n#15 0x55cbbc88d008 <unknown>\n#16 0x55cbbc88d1d7 <unknown>\n#17 0x55cbbc89f124 <unknown>\n#18 0x7f948abb2044 <unknown>","time":{"start":1705972139162,"stop":1705972139175,"duration":13}},{"uid":"9f6b4aba2705a521","reportUrl":"https://zaelcovsky.github.io/StroyremAutomation/209//#testresult/9f6b4aba2705a521","status":"broken","statusDetails":"selenium.common.exceptions.NoSuchElementException: Message: no such element: Unable to locate element: {\"method\":\"xpath\",\"selector\":\"(//div[@class='footer-col']/ul/li/a)[1]\"}\n  (Session info: chrome-headless-shell=120.0.6099.109); For documentation on this error, please visit: https://www.selenium.dev/documentation/webdriver/troubleshooting/errors#no-such-element-exception\nStacktrace:\n#0 0x564c79acdf83 <unknown>\n#1 0x564c79786cf7 <unknown>\n#2 0x564c797d699e <unknown>\n#3 0x564c797d6aa1 <unknown>\n#4 0x564c79821d64 <unknown>\n#5 0x564c798000dd <unknown>\n#6 0x564c7981f006 <unknown>\n#7 0x564c797ffe53 <unknown>\n#8 0x564c797c7dd4 <unknown>\n#9 0x564c797c91de <unknown>\n#10 0x564c79a92531 <unknown>\n#11 0x564c79a96455 <unknown>\n#12 0x564c79a7ef55 <unknown>\n#13 0x564c79a970ef <unknown>\n#14 0x564c79a6299f <unknown>\n#15 0x564c79abb008 <unknown>\n#16 0x564c79abb1d7 <unknown>\n#17 0x564c79acd124 <unknown>\n#18 0x7f86ece86044 <unknown>","time":{"start":1705885805911,"stop":1705885805924,"duration":13}},{"uid":"48778697293b02e9","reportUrl":"https://zaelcovsky.github.io/StroyremAutomation/208//#testresult/48778697293b02e9","status":"broken","statusDetails":"selenium.common.exceptions.NoSuchElementException: Message: no such element: Unable to locate element: {\"method\":\"xpath\",\"selector\":\"(//div[@class='footer-col']/ul/li/a)[1]\"}\n  (Session info: chrome-headless-shell=120.0.6099.109); For documentation on this error, please visit: https://www.selenium.dev/documentation/webdriver/troubleshooting/errors#no-such-element-exception\nStacktrace:\n#0 0x55ddc95b8f83 <unknown>\n#1 0x55ddc9271cf7 <unknown>\n#2 0x55ddc92c199e <unknown>\n#3 0x55ddc92c1aa1 <unknown>\n#4 0x55ddc930cd64 <unknown>\n#5 0x55ddc92eb0dd <unknown>\n#6 0x55ddc930a006 <unknown>\n#7 0x55ddc92eae53 <unknown>\n#8 0x55ddc92b2dd4 <unknown>\n#9 0x55ddc92b41de <unknown>\n#10 0x55ddc957d531 <unknown>\n#11 0x55ddc9581455 <unknown>\n#12 0x55ddc9569f55 <unknown>\n#13 0x55ddc95820ef <unknown>\n#14 0x55ddc954d99f <unknown>\n#15 0x55ddc95a6008 <unknown>\n#16 0x55ddc95a61d7 <unknown>\n#17 0x55ddc95b8124 <unknown>\n#18 0x7febc9527044 <unknown>","time":{"start":1705799532552,"stop":1705799532565,"duration":13}},{"uid":"245f91d439044017","reportUrl":"https://zaelcovsky.github.io/StroyremAutomation/207//#testresult/245f91d439044017","status":"broken","statusDetails":"selenium.common.exceptions.NoSuchElementException: Message: no such element: Unable to locate element: {\"method\":\"xpath\",\"selector\":\"(//div[@class='footer-col']/ul/li/a)[1]\"}\n  (Session info: chrome-headless-shell=120.0.6099.109); For documentation on this error, please visit: https://www.selenium.dev/documentation/webdriver/troubleshooting/errors#no-such-element-exception\nStacktrace:\n#0 0x55b636186f83 <unknown>\n#1 0x55b635e3fcf7 <unknown>\n#2 0x55b635e8f99e <unknown>\n#3 0x55b635e8faa1 <unknown>\n#4 0x55b635edad64 <unknown>\n#5 0x55b635eb90dd <unknown>\n#6 0x55b635ed8006 <unknown>\n#7 0x55b635eb8e53 <unknown>\n#8 0x55b635e80dd4 <unknown>\n#9 0x55b635e821de <unknown>\n#10 0x55b63614b531 <unknown>\n#11 0x55b63614f455 <unknown>\n#12 0x55b636137f55 <unknown>\n#13 0x55b6361500ef <unknown>\n#14 0x55b63611b99f <unknown>\n#15 0x55b636174008 <unknown>\n#16 0x55b6361741d7 <unknown>\n#17 0x55b636186124 <unknown>\n#18 0x7f4638a43044 <unknown>","time":{"start":1705712791755,"stop":1705712791768,"duration":13}},{"uid":"80bfd0a853f968e6","reportUrl":"https://zaelcovsky.github.io/StroyremAutomation/206//#testresult/80bfd0a853f968e6","status":"broken","statusDetails":"selenium.common.exceptions.NoSuchElementException: Message: no such element: Unable to locate element: {\"method\":\"xpath\",\"selector\":\"(//div[@class='footer-col']/ul/li/a)[1]\"}\n  (Session info: chrome-headless-shell=120.0.6099.109); For documentation on this error, please visit: https://www.selenium.dev/documentation/webdriver/troubleshooting/errors#no-such-element-exception\nStacktrace:\n#0 0x556b32ef6f83 <unknown>\n#1 0x556b32bafcf7 <unknown>\n#2 0x556b32bff99e <unknown>\n#3 0x556b32bffaa1 <unknown>\n#4 0x556b32c4ad64 <unknown>\n#5 0x556b32c290dd <unknown>\n#6 0x556b32c48006 <unknown>\n#7 0x556b32c28e53 <unknown>\n#8 0x556b32bf0dd4 <unknown>\n#9 0x556b32bf21de <unknown>\n#10 0x556b32ebb531 <unknown>\n#11 0x556b32ebf455 <unknown>\n#12 0x556b32ea7f55 <unknown>\n#13 0x556b32ec00ef <unknown>\n#14 0x556b32e8b99f <unknown>\n#15 0x556b32ee4008 <unknown>\n#16 0x556b32ee41d7 <unknown>\n#17 0x556b32ef6124 <unknown>\n#18 0x7f9100ca8044 <unknown>","time":{"start":1705626458597,"stop":1705626458609,"duration":12}},{"uid":"89bd0111af8bf0d7","reportUrl":"https://zaelcovsky.github.io/StroyremAutomation/205//#testresult/89bd0111af8bf0d7","status":"broken","statusDetails":"selenium.common.exceptions.NoSuchElementException: Message: no such element: Unable to locate element: {\"method\":\"xpath\",\"selector\":\"(//div[@class='footer-col']/ul/li/a)[1]\"}\n  (Session info: chrome-headless-shell=120.0.6099.109); For documentation on this error, please visit: https://www.selenium.dev/documentation/webdriver/troubleshooting/errors#no-such-element-exception\nStacktrace:\n#0 0x55ca6dac8f83 <unknown>\n#1 0x55ca6d781cf7 <unknown>\n#2 0x55ca6d7d199e <unknown>\n#3 0x55ca6d7d1aa1 <unknown>\n#4 0x55ca6d81cd64 <unknown>\n#5 0x55ca6d7fb0dd <unknown>\n#6 0x55ca6d81a006 <unknown>\n#7 0x55ca6d7fae53 <unknown>\n#8 0x55ca6d7c2dd4 <unknown>\n#9 0x55ca6d7c41de <unknown>\n#10 0x55ca6da8d531 <unknown>\n#11 0x55ca6da91455 <unknown>\n#12 0x55ca6da79f55 <unknown>\n#13 0x55ca6da920ef <unknown>\n#14 0x55ca6da5d99f <unknown>\n#15 0x55ca6dab6008 <unknown>\n#16 0x55ca6dab61d7 <unknown>\n#17 0x55ca6dac8124 <unknown>\n#18 0x7f11ff87d044 <unknown>","time":{"start":1705540033225,"stop":1705540033239,"duration":14}},{"uid":"9a2ddad063631948","reportUrl":"https://zaelcovsky.github.io/StroyremAutomation/204//#testresult/9a2ddad063631948","status":"broken","statusDetails":"selenium.common.exceptions.NoSuchElementException: Message: no such element: Unable to locate element: {\"method\":\"xpath\",\"selector\":\"(//div[@class='footer-col']/ul/li/a)[1]\"}\n  (Session info: chrome-headless-shell=120.0.6099.109); For documentation on this error, please visit: https://www.selenium.dev/documentation/webdriver/troubleshooting/errors#no-such-element-exception\nStacktrace:\n#0 0x5588f3bc9f83 <unknown>\n#1 0x5588f3882cf7 <unknown>\n#2 0x5588f38d299e <unknown>\n#3 0x5588f38d2aa1 <unknown>\n#4 0x5588f391dd64 <unknown>\n#5 0x5588f38fc0dd <unknown>\n#6 0x5588f391b006 <unknown>\n#7 0x5588f38fbe53 <unknown>\n#8 0x5588f38c3dd4 <unknown>\n#9 0x5588f38c51de <unknown>\n#10 0x5588f3b8e531 <unknown>\n#11 0x5588f3b92455 <unknown>\n#12 0x5588f3b7af55 <unknown>\n#13 0x5588f3b930ef <unknown>\n#14 0x5588f3b5e99f <unknown>\n#15 0x5588f3bb7008 <unknown>\n#16 0x5588f3bb71d7 <unknown>\n#17 0x5588f3bc9124 <unknown>\n#18 0x7fc02ca3e044 <unknown>","time":{"start":1705453695758,"stop":1705453695771,"duration":13}},{"uid":"995c9b825b94d312","reportUrl":"https://zaelcovsky.github.io/StroyremAutomation/203//#testresult/995c9b825b94d312","status":"broken","statusDetails":"selenium.common.exceptions.NoSuchElementException: Message: no such element: Unable to locate element: {\"method\":\"xpath\",\"selector\":\"(//div[@class='footer-col']/ul/li/a)[1]\"}\n  (Session info: chrome-headless-shell=120.0.6099.109); For documentation on this error, please visit: https://www.selenium.dev/documentation/webdriver/troubleshooting/errors#no-such-element-exception\nStacktrace:\n#0 0x5601afbddf83 <unknown>\n#1 0x5601af896cf7 <unknown>\n#2 0x5601af8e699e <unknown>\n#3 0x5601af8e6aa1 <unknown>\n#4 0x5601af931d64 <unknown>\n#5 0x5601af9100dd <unknown>\n#6 0x5601af92f006 <unknown>\n#7 0x5601af90fe53 <unknown>\n#8 0x5601af8d7dd4 <unknown>\n#9 0x5601af8d91de <unknown>\n#10 0x5601afba2531 <unknown>\n#11 0x5601afba6455 <unknown>\n#12 0x5601afb8ef55 <unknown>\n#13 0x5601afba70ef <unknown>\n#14 0x5601afb7299f <unknown>\n#15 0x5601afbcb008 <unknown>\n#16 0x5601afbcb1d7 <unknown>\n#17 0x5601afbdd124 <unknown>\n#18 0x7f199f9ef044 <unknown>","time":{"start":1705367256276,"stop":1705367256289,"duration":13}},{"uid":"f744368e4a9d52f3","reportUrl":"https://zaelcovsky.github.io/StroyremAutomation/202//#testresult/f744368e4a9d52f3","status":"broken","statusDetails":"selenium.common.exceptions.NoSuchElementException: Message: no such element: Unable to locate element: {\"method\":\"xpath\",\"selector\":\"(//div[@class='footer-col']/ul/li/a)[1]\"}\n  (Session info: chrome-headless-shell=120.0.6099.109); For documentation on this error, please visit: https://www.selenium.dev/documentation/webdriver/troubleshooting/errors#no-such-element-exception\nStacktrace:\n#0 0x55cdabccef83 <unknown>\n#1 0x55cdab987cf7 <unknown>\n#2 0x55cdab9d799e <unknown>\n#3 0x55cdab9d7aa1 <unknown>\n#4 0x55cdaba22d64 <unknown>\n#5 0x55cdaba010dd <unknown>\n#6 0x55cdaba20006 <unknown>\n#7 0x55cdaba00e53 <unknown>\n#8 0x55cdab9c8dd4 <unknown>\n#9 0x55cdab9ca1de <unknown>\n#10 0x55cdabc93531 <unknown>\n#11 0x55cdabc97455 <unknown>\n#12 0x55cdabc7ff55 <unknown>\n#13 0x55cdabc980ef <unknown>\n#14 0x55cdabc6399f <unknown>\n#15 0x55cdabcbc008 <unknown>\n#16 0x55cdabcbc1d7 <unknown>\n#17 0x55cdabcce124 <unknown>\n#18 0x7f95bc0d8044 <unknown>","time":{"start":1705280977278,"stop":1705280977292,"duration":14}},{"uid":"99f956b089df92a1","reportUrl":"https://zaelcovsky.github.io/StroyremAutomation/201//#testresult/99f956b089df92a1","status":"broken","statusDetails":"selenium.common.exceptions.NoSuchElementException: Message: no such element: Unable to locate element: {\"method\":\"xpath\",\"selector\":\"(//div[@class='footer-col']/ul/li/a)[1]\"}\n  (Session info: chrome-headless-shell=120.0.6099.109); For documentation on this error, please visit: https://www.selenium.dev/documentation/webdriver/troubleshooting/errors#no-such-element-exception\nStacktrace:\n#0 0x559d06a37f83 <unknown>\n#1 0x559d066f0cf7 <unknown>\n#2 0x559d0674099e <unknown>\n#3 0x559d06740aa1 <unknown>\n#4 0x559d0678bd64 <unknown>\n#5 0x559d0676a0dd <unknown>\n#6 0x559d06789006 <unknown>\n#7 0x559d06769e53 <unknown>\n#8 0x559d06731dd4 <unknown>\n#9 0x559d067331de <unknown>\n#10 0x559d069fc531 <unknown>\n#11 0x559d06a00455 <unknown>\n#12 0x559d069e8f55 <unknown>\n#13 0x559d06a010ef <unknown>\n#14 0x559d069cc99f <unknown>\n#15 0x559d06a25008 <unknown>\n#16 0x559d06a251d7 <unknown>\n#17 0x559d06a37124 <unknown>\n#18 0x7ff35b927044 <unknown>","time":{"start":1705194746332,"stop":1705194746346,"duration":14}},{"uid":"8e9d2f6bfeb2b4b7","reportUrl":"https://zaelcovsky.github.io/StroyremAutomation/200//#testresult/8e9d2f6bfeb2b4b7","status":"broken","statusDetails":"selenium.common.exceptions.NoSuchElementException: Message: no such element: Unable to locate element: {\"method\":\"xpath\",\"selector\":\"(//div[@class='footer-col']/ul/li/a)[1]\"}\n  (Session info: chrome-headless-shell=120.0.6099.109); For documentation on this error, please visit: https://www.selenium.dev/documentation/webdriver/troubleshooting/errors#no-such-element-exception\nStacktrace:\n#0 0x559262fb6f83 <unknown>\n#1 0x559262c6fcf7 <unknown>\n#2 0x559262cbf99e <unknown>\n#3 0x559262cbfaa1 <unknown>\n#4 0x559262d0ad64 <unknown>\n#5 0x559262ce90dd <unknown>\n#6 0x559262d08006 <unknown>\n#7 0x559262ce8e53 <unknown>\n#8 0x559262cb0dd4 <unknown>\n#9 0x559262cb21de <unknown>\n#10 0x559262f7b531 <unknown>\n#11 0x559262f7f455 <unknown>\n#12 0x559262f67f55 <unknown>\n#13 0x559262f800ef <unknown>\n#14 0x559262f4b99f <unknown>\n#15 0x559262fa4008 <unknown>\n#16 0x559262fa41d7 <unknown>\n#17 0x559262fb6124 <unknown>\n#18 0x7f979d0d8044 <unknown>","time":{"start":1705108023904,"stop":1705108023917,"duration":13}}]},"tags":["smoke_test"]},"source":"c727e04e69206701.json","parameterValues":["'https://test2.stroyrem-nn.ru/'"]}