{"uid":"1836166f5cc7104e","name":"TD 015 Доставка товара весом до 30кг. в синей зоне","fullName":"tests.delivery.test_delivery_calculation.TestDeliveryPageCalculation#test_positive_delivery_blue_zone_smoke","historyId":"ae12a59ab9fb9a38e23182dccc7cf409","time":{"start":1711501766291,"stop":1711501766903,"duration":612},"status":"broken","statusMessage":"selenium.common.exceptions.NoSuchElementException: Message: no such element: Unable to locate element: {\"method\":\"xpath\",\"selector\":\"(//a[@class='add-to-cart yellow-btn'])[1]\"}\n  (Session info: chrome-headless-shell=123.0.6312.86); For documentation on this error, please visit: https://www.selenium.dev/documentation/webdriver/troubleshooting/errors#no-such-element-exception\nStacktrace:\n#0 0x5563e9ef18a3 <unknown>\n#1 0x5563e9be78c6 <unknown>\n#2 0x5563e9c32618 <unknown>\n#3 0x5563e9c326d1 <unknown>\n#4 0x5563e9c75744 <unknown>\n#5 0x5563e9c545cd <unknown>\n#6 0x5563e9c72c19 <unknown>\n#7 0x5563e9c54343 <unknown>\n#8 0x5563e9c25593 <unknown>\n#9 0x5563e9c25f5e <unknown>\n#10 0x5563e9eb588b <unknown>\n#11 0x5563e9eb97e5 <unknown>\n#12 0x5563e9ea35b1 <unknown>\n#13 0x5563e9eba372 <unknown>\n#14 0x5563e9e888bf <unknown>\n#15 0x5563e9ee0768 <unknown>\n#16 0x5563e9ee093b <unknown>\n#17 0x5563e9ef09f4 <unknown>\n#18 0x7fb1b9e16134 <unknown>","statusTrace":"self = <tests.delivery.test_delivery_calculation.TestDeliveryPageCalculation object at 0x7fc0a1ffba50>\ndriver = <selenium.webdriver.chrome.webdriver.WebDriver (session=\"c3144fc0efe0eecb9a1cc0cee9da1fb1\")>\nurl = 'https://sandboxtest.stroyrem-nn.ru/', case_id = 'TD 015'\nlink_item = 'products/shtukaturka-tsementnaya-bergauf-bau-putts-tsement-25kg-56sht'\namount = 1, weight = 30, standard = 650, in_time = 2390, all_time = 3320\n\n    @pytest.mark.parametrize('case_id, link_item, amount, weight, standard, in_time, all_time', [\n        (\"TD 015\", bundeks_25, 1, 30, 650, 2390, 3320),\n        pytest.param(\n            \"TD 016\", aksolit_30, 8, 300, 650, 2390, 3320,\n            marks=pytest.mark.xfail(reson=\"Цена доставки: - - -\")\n        ),\n        (\"TD 017\", aksolit_30, 13, 400, 650, 2390, 3320),\n        (\"TD 018\", aksolit_30, 16, 500, 850, 2490, 3320),\n        (\"TD 019\", aksolit_30, 25, 1700, 1150, 2490, 3320),\n        (\"TD 020\", aksolit_30, 66, 2000, 1500, 2990, 3650),\n        (\"TD 021\", aksolit_30, 149, 4500, 2600, 4380, 4890),\n        (\"TD 022\", aksolit_30, 166, 5000, 2800, 5490, 5980),\n        pytest.param(\n            \"TD 023\", aksolit_30, 206, 6200, 3300, 7500, 8000,\n            marks=pytest.mark.xfail(reson=\"Цена доставки: 4300 9900 11440\")\n        ),\n        (\"TD 024\", aksolit_30, 299, 9000, 4300, 9900, 11440),\n        (\"TD 025\", aksolit_30, 333, 10000, 7000, 13900, 15900),\n        pytest.param(\n            \"TD 026\", aksolit_30, 366, 11000, 8000, 14900, 19900,\n            marks=pytest.mark.xfail(reson=\"Цена доставки: 7000 13900 15900\")\n        ),\n        pytest.param(\n            \"TD 027\", aksolit_30, 666, 20000, 14000, 16900, 23900,\n            marks=pytest.mark.xfail(reson=\"Цена доставки: 7000 13900 15900\")\n        )\n    ])\n    @pytest.mark.smoke\n    def test_positive_delivery_blue_zone_smoke(\n            self, driver, url, case_id, link_item, amount, weight, standard, in_time, all_time\n    ):\n        allure.dynamic.title(f\"{case_id} Доставка товара весом до {weight}кг. в синей зоне\")\n    \n        driver.get(f'{url}{link_item}')\n        item_page = ItemPage(driver)\n>       item_page.add_item_to_cart(amount).click_on_cart()\n\ntests/delivery/test_delivery_calculation.py:130: \n_ _ _ _ _ _ _ _ _ _ _ _ _ _ _ _ _ _ _ _ _ _ _ _ _ _ _ _ _ _ _ _ _ _ _ _ _ _ _ _ \npages/item_page.py:40: in add_item_to_cart\n    self.find_element(self._add_item).click()\nbase/seleniumbase.py:17: in find_element\n    return self.driver.find_element(*locator)\n/usr/local/lib/python3.11/site-packages/selenium/webdriver/remote/webdriver.py:740: in find_element\n    return self.execute(Command.FIND_ELEMENT, {\"using\": by, \"value\": value})[\"value\"]\n/usr/local/lib/python3.11/site-packages/selenium/webdriver/remote/webdriver.py:346: in execute\n    self.error_handler.check_response(response)\n_ _ _ _ _ _ _ _ _ _ _ _ _ _ _ _ _ _ _ _ _ _ _ _ _ _ _ _ _ _ _ _ _ _ _ _ _ _ _ _ \n\nself = <selenium.webdriver.remote.errorhandler.ErrorHandler object at 0x7fc0a2517f90>\nresponse = {'status': 404, 'value': '{\"value\":{\"error\":\"no such element\",\"message\":\"no such element: Unable to locate element: {\\...\\\\n#16 0x5563e9ee093b \\\\u003Cunknown>\\\\n#17 0x5563e9ef09f4 \\\\u003Cunknown>\\\\n#18 0x7fb1b9e16134 \\\\u003Cunknown>\\\\n\"}}'}\n\n    def check_response(self, response: Dict[str, Any]) -> None:\n        \"\"\"Checks that a JSON response from the WebDriver does not have an\n        error.\n    \n        :Args:\n         - response - The JSON response from the WebDriver server as a dictionary\n           object.\n    \n        :Raises: If the response contains an error message.\n        \"\"\"\n        status = response.get(\"status\", None)\n        if not status or status == ErrorCode.SUCCESS:\n            return\n        value = None\n        message = response.get(\"message\", \"\")\n        screen: str = response.get(\"screen\", \"\")\n        stacktrace = None\n        if isinstance(status, int):\n            value_json = response.get(\"value\", None)\n            if value_json and isinstance(value_json, str):\n                import json\n    \n                try:\n                    value = json.loads(value_json)\n                    if len(value) == 1:\n                        value = value[\"value\"]\n                    status = value.get(\"error\", None)\n                    if not status:\n                        status = value.get(\"status\", ErrorCode.UNKNOWN_ERROR)\n                        message = value.get(\"value\") or value.get(\"message\")\n                        if not isinstance(message, str):\n                            value = message\n                            message = message.get(\"message\")\n                    else:\n                        message = value.get(\"message\", None)\n                except ValueError:\n                    pass\n    \n        exception_class: Type[WebDriverException]\n        if status in ErrorCode.NO_SUCH_ELEMENT:\n            exception_class = NoSuchElementException\n        elif status in ErrorCode.NO_SUCH_FRAME:\n            exception_class = NoSuchFrameException\n        elif status in ErrorCode.NO_SUCH_SHADOW_ROOT:\n            exception_class = NoSuchShadowRootException\n        elif status in ErrorCode.NO_SUCH_WINDOW:\n            exception_class = NoSuchWindowException\n        elif status in ErrorCode.STALE_ELEMENT_REFERENCE:\n            exception_class = StaleElementReferenceException\n        elif status in ErrorCode.ELEMENT_NOT_VISIBLE:\n            exception_class = ElementNotVisibleException\n        elif status in ErrorCode.INVALID_ELEMENT_STATE:\n            exception_class = InvalidElementStateException\n        elif (\n            status in ErrorCode.INVALID_SELECTOR\n            or status in ErrorCode.INVALID_XPATH_SELECTOR\n            or status in ErrorCode.INVALID_XPATH_SELECTOR_RETURN_TYPER\n        ):\n            exception_class = InvalidSelectorException\n        elif status in ErrorCode.ELEMENT_IS_NOT_SELECTABLE:\n            exception_class = ElementNotSelectableException\n        elif status in ErrorCode.ELEMENT_NOT_INTERACTABLE:\n            exception_class = ElementNotInteractableException\n        elif status in ErrorCode.INVALID_COOKIE_DOMAIN:\n            exception_class = InvalidCookieDomainException\n        elif status in ErrorCode.UNABLE_TO_SET_COOKIE:\n            exception_class = UnableToSetCookieException\n        elif status in ErrorCode.TIMEOUT:\n            exception_class = TimeoutException\n        elif status in ErrorCode.SCRIPT_TIMEOUT:\n            exception_class = TimeoutException\n        elif status in ErrorCode.UNKNOWN_ERROR:\n            exception_class = WebDriverException\n        elif status in ErrorCode.UNEXPECTED_ALERT_OPEN:\n            exception_class = UnexpectedAlertPresentException\n        elif status in ErrorCode.NO_ALERT_OPEN:\n            exception_class = NoAlertPresentException\n        elif status in ErrorCode.IME_NOT_AVAILABLE:\n            exception_class = ImeNotAvailableException\n        elif status in ErrorCode.IME_ENGINE_ACTIVATION_FAILED:\n            exception_class = ImeActivationFailedException\n        elif status in ErrorCode.MOVE_TARGET_OUT_OF_BOUNDS:\n            exception_class = MoveTargetOutOfBoundsException\n        elif status in ErrorCode.JAVASCRIPT_ERROR:\n            exception_class = JavascriptException\n        elif status in ErrorCode.SESSION_NOT_CREATED:\n            exception_class = SessionNotCreatedException\n        elif status in ErrorCode.INVALID_ARGUMENT:\n            exception_class = InvalidArgumentException\n        elif status in ErrorCode.NO_SUCH_COOKIE:\n            exception_class = NoSuchCookieException\n        elif status in ErrorCode.UNABLE_TO_CAPTURE_SCREEN:\n            exception_class = ScreenshotException\n        elif status in ErrorCode.ELEMENT_CLICK_INTERCEPTED:\n            exception_class = ElementClickInterceptedException\n        elif status in ErrorCode.INSECURE_CERTIFICATE:\n            exception_class = InsecureCertificateException\n        elif status in ErrorCode.INVALID_COORDINATES:\n            exception_class = InvalidCoordinatesException\n        elif status in ErrorCode.INVALID_SESSION_ID:\n            exception_class = InvalidSessionIdException\n        elif status in ErrorCode.UNKNOWN_METHOD:\n            exception_class = UnknownMethodException\n        else:\n            exception_class = WebDriverException\n        if not value:\n            value = response[\"value\"]\n        if isinstance(value, str):\n            raise exception_class(value)\n        if message == \"\" and \"message\" in value:\n            message = value[\"message\"]\n    \n        screen = None  # type: ignore[assignment]\n        if \"screen\" in value:\n            screen = value[\"screen\"]\n    \n        stacktrace = None\n        st_value = value.get(\"stackTrace\") or value.get(\"stacktrace\")\n        if st_value:\n            if isinstance(st_value, str):\n                stacktrace = st_value.split(\"\\n\")\n            else:\n                stacktrace = []\n                try:\n                    for frame in st_value:\n                        line = frame.get(\"lineNumber\", \"\")\n                        file = frame.get(\"fileName\", \"<anonymous>\")\n                        if line:\n                            file = f\"{file}:{line}\"\n                        meth = frame.get(\"methodName\", \"<anonymous>\")\n                        if \"className\" in frame:\n                            meth = f\"{frame['className']}.{meth}\"\n                        msg = \"    at %s (%s)\"\n                        msg = msg % (meth, file)\n                        stacktrace.append(msg)\n                except TypeError:\n                    pass\n        if exception_class == UnexpectedAlertPresentException:\n            alert_text = None\n            if \"data\" in value:\n                alert_text = value[\"data\"].get(\"text\")\n            elif \"alert\" in value:\n                alert_text = value[\"alert\"].get(\"text\")\n            raise exception_class(message, screen, stacktrace, alert_text)  # type: ignore[call-arg]  # mypy is not smart enough here\n>       raise exception_class(message, screen, stacktrace)\nE       selenium.common.exceptions.NoSuchElementException: Message: no such element: Unable to locate element: {\"method\":\"xpath\",\"selector\":\"(//a[@class='add-to-cart yellow-btn'])[1]\"}\nE         (Session info: chrome-headless-shell=123.0.6312.86); For documentation on this error, please visit: https://www.selenium.dev/documentation/webdriver/troubleshooting/errors#no-such-element-exception\nE       Stacktrace:\nE       #0 0x5563e9ef18a3 <unknown>\nE       #1 0x5563e9be78c6 <unknown>\nE       #2 0x5563e9c32618 <unknown>\nE       #3 0x5563e9c326d1 <unknown>\nE       #4 0x5563e9c75744 <unknown>\nE       #5 0x5563e9c545cd <unknown>\nE       #6 0x5563e9c72c19 <unknown>\nE       #7 0x5563e9c54343 <unknown>\nE       #8 0x5563e9c25593 <unknown>\nE       #9 0x5563e9c25f5e <unknown>\nE       #10 0x5563e9eb588b <unknown>\nE       #11 0x5563e9eb97e5 <unknown>\nE       #12 0x5563e9ea35b1 <unknown>\nE       #13 0x5563e9eba372 <unknown>\nE       #14 0x5563e9e888bf <unknown>\nE       #15 0x5563e9ee0768 <unknown>\nE       #16 0x5563e9ee093b <unknown>\nE       #17 0x5563e9ef09f4 <unknown>\nE       #18 0x7fb1b9e16134 <unknown>\n\n/usr/local/lib/python3.11/site-packages/selenium/webdriver/remote/errorhandler.py:245: NoSuchElementException","flaky":false,"newFailed":false,"newBroken":false,"newPassed":false,"retriesCount":0,"retriesStatusChange":false,"beforeStages":[{"name":"_session_faker","time":{"start":1711501244430,"stop":1711501244494,"duration":64},"status":"passed","steps":[],"attachments":[],"parameters":[],"shouldDisplayMessage":false,"stepsCount":0,"attachmentsCount":0,"hasContent":false,"attachmentStep":false},{"name":"clear_allure_results_folder","time":{"start":1711501244495,"stop":1711501244495,"duration":0},"status":"passed","steps":[],"attachments":[],"parameters":[],"shouldDisplayMessage":false,"stepsCount":0,"attachmentsCount":0,"hasContent":false,"attachmentStep":false},{"name":"driver","time":{"start":1711501765555,"stop":1711501766290,"duration":735},"status":"passed","steps":[],"attachments":[],"parameters":[],"shouldDisplayMessage":false,"stepsCount":0,"attachmentsCount":0,"hasContent":false,"attachmentStep":false},{"name":"setup","time":{"start":1711501766290,"stop":1711501766290,"duration":0},"status":"passed","steps":[],"attachments":[],"parameters":[],"shouldDisplayMessage":false,"stepsCount":0,"attachmentsCount":0,"hasContent":false,"attachmentStep":false}],"testStage":{"status":"broken","statusMessage":"selenium.common.exceptions.NoSuchElementException: Message: no such element: Unable to locate element: {\"method\":\"xpath\",\"selector\":\"(//a[@class='add-to-cart yellow-btn'])[1]\"}\n  (Session info: chrome-headless-shell=123.0.6312.86); For documentation on this error, please visit: https://www.selenium.dev/documentation/webdriver/troubleshooting/errors#no-such-element-exception\nStacktrace:\n#0 0x5563e9ef18a3 <unknown>\n#1 0x5563e9be78c6 <unknown>\n#2 0x5563e9c32618 <unknown>\n#3 0x5563e9c326d1 <unknown>\n#4 0x5563e9c75744 <unknown>\n#5 0x5563e9c545cd <unknown>\n#6 0x5563e9c72c19 <unknown>\n#7 0x5563e9c54343 <unknown>\n#8 0x5563e9c25593 <unknown>\n#9 0x5563e9c25f5e <unknown>\n#10 0x5563e9eb588b <unknown>\n#11 0x5563e9eb97e5 <unknown>\n#12 0x5563e9ea35b1 <unknown>\n#13 0x5563e9eba372 <unknown>\n#14 0x5563e9e888bf <unknown>\n#15 0x5563e9ee0768 <unknown>\n#16 0x5563e9ee093b <unknown>\n#17 0x5563e9ef09f4 <unknown>\n#18 0x7fb1b9e16134 <unknown>","statusTrace":"self = <tests.delivery.test_delivery_calculation.TestDeliveryPageCalculation object at 0x7fc0a1ffba50>\ndriver = <selenium.webdriver.chrome.webdriver.WebDriver (session=\"c3144fc0efe0eecb9a1cc0cee9da1fb1\")>\nurl = 'https://sandboxtest.stroyrem-nn.ru/', case_id = 'TD 015'\nlink_item = 'products/shtukaturka-tsementnaya-bergauf-bau-putts-tsement-25kg-56sht'\namount = 1, weight = 30, standard = 650, in_time = 2390, all_time = 3320\n\n    @pytest.mark.parametrize('case_id, link_item, amount, weight, standard, in_time, all_time', [\n        (\"TD 015\", bundeks_25, 1, 30, 650, 2390, 3320),\n        pytest.param(\n            \"TD 016\", aksolit_30, 8, 300, 650, 2390, 3320,\n            marks=pytest.mark.xfail(reson=\"Цена доставки: - - -\")\n        ),\n        (\"TD 017\", aksolit_30, 13, 400, 650, 2390, 3320),\n        (\"TD 018\", aksolit_30, 16, 500, 850, 2490, 3320),\n        (\"TD 019\", aksolit_30, 25, 1700, 1150, 2490, 3320),\n        (\"TD 020\", aksolit_30, 66, 2000, 1500, 2990, 3650),\n        (\"TD 021\", aksolit_30, 149, 4500, 2600, 4380, 4890),\n        (\"TD 022\", aksolit_30, 166, 5000, 2800, 5490, 5980),\n        pytest.param(\n            \"TD 023\", aksolit_30, 206, 6200, 3300, 7500, 8000,\n            marks=pytest.mark.xfail(reson=\"Цена доставки: 4300 9900 11440\")\n        ),\n        (\"TD 024\", aksolit_30, 299, 9000, 4300, 9900, 11440),\n        (\"TD 025\", aksolit_30, 333, 10000, 7000, 13900, 15900),\n        pytest.param(\n            \"TD 026\", aksolit_30, 366, 11000, 8000, 14900, 19900,\n            marks=pytest.mark.xfail(reson=\"Цена доставки: 7000 13900 15900\")\n        ),\n        pytest.param(\n            \"TD 027\", aksolit_30, 666, 20000, 14000, 16900, 23900,\n            marks=pytest.mark.xfail(reson=\"Цена доставки: 7000 13900 15900\")\n        )\n    ])\n    @pytest.mark.smoke\n    def test_positive_delivery_blue_zone_smoke(\n            self, driver, url, case_id, link_item, amount, weight, standard, in_time, all_time\n    ):\n        allure.dynamic.title(f\"{case_id} Доставка товара весом до {weight}кг. в синей зоне\")\n    \n        driver.get(f'{url}{link_item}')\n        item_page = ItemPage(driver)\n>       item_page.add_item_to_cart(amount).click_on_cart()\n\ntests/delivery/test_delivery_calculation.py:130: \n_ _ _ _ _ _ _ _ _ _ _ _ _ _ _ _ _ _ _ _ _ _ _ _ _ _ _ _ _ _ _ _ _ _ _ _ _ _ _ _ \npages/item_page.py:40: in add_item_to_cart\n    self.find_element(self._add_item).click()\nbase/seleniumbase.py:17: in find_element\n    return self.driver.find_element(*locator)\n/usr/local/lib/python3.11/site-packages/selenium/webdriver/remote/webdriver.py:740: in find_element\n    return self.execute(Command.FIND_ELEMENT, {\"using\": by, \"value\": value})[\"value\"]\n/usr/local/lib/python3.11/site-packages/selenium/webdriver/remote/webdriver.py:346: in execute\n    self.error_handler.check_response(response)\n_ _ _ _ _ _ _ _ _ _ _ _ _ _ _ _ _ _ _ _ _ _ _ _ _ _ _ _ _ _ _ _ _ _ _ _ _ _ _ _ \n\nself = <selenium.webdriver.remote.errorhandler.ErrorHandler object at 0x7fc0a2517f90>\nresponse = {'status': 404, 'value': '{\"value\":{\"error\":\"no such element\",\"message\":\"no such element: Unable to locate element: {\\...\\\\n#16 0x5563e9ee093b \\\\u003Cunknown>\\\\n#17 0x5563e9ef09f4 \\\\u003Cunknown>\\\\n#18 0x7fb1b9e16134 \\\\u003Cunknown>\\\\n\"}}'}\n\n    def check_response(self, response: Dict[str, Any]) -> None:\n        \"\"\"Checks that a JSON response from the WebDriver does not have an\n        error.\n    \n        :Args:\n         - response - The JSON response from the WebDriver server as a dictionary\n           object.\n    \n        :Raises: If the response contains an error message.\n        \"\"\"\n        status = response.get(\"status\", None)\n        if not status or status == ErrorCode.SUCCESS:\n            return\n        value = None\n        message = response.get(\"message\", \"\")\n        screen: str = response.get(\"screen\", \"\")\n        stacktrace = None\n        if isinstance(status, int):\n            value_json = response.get(\"value\", None)\n            if value_json and isinstance(value_json, str):\n                import json\n    \n                try:\n                    value = json.loads(value_json)\n                    if len(value) == 1:\n                        value = value[\"value\"]\n                    status = value.get(\"error\", None)\n                    if not status:\n                        status = value.get(\"status\", ErrorCode.UNKNOWN_ERROR)\n                        message = value.get(\"value\") or value.get(\"message\")\n                        if not isinstance(message, str):\n                            value = message\n                            message = message.get(\"message\")\n                    else:\n                        message = value.get(\"message\", None)\n                except ValueError:\n                    pass\n    \n        exception_class: Type[WebDriverException]\n        if status in ErrorCode.NO_SUCH_ELEMENT:\n            exception_class = NoSuchElementException\n        elif status in ErrorCode.NO_SUCH_FRAME:\n            exception_class = NoSuchFrameException\n        elif status in ErrorCode.NO_SUCH_SHADOW_ROOT:\n            exception_class = NoSuchShadowRootException\n        elif status in ErrorCode.NO_SUCH_WINDOW:\n            exception_class = NoSuchWindowException\n        elif status in ErrorCode.STALE_ELEMENT_REFERENCE:\n            exception_class = StaleElementReferenceException\n        elif status in ErrorCode.ELEMENT_NOT_VISIBLE:\n            exception_class = ElementNotVisibleException\n        elif status in ErrorCode.INVALID_ELEMENT_STATE:\n            exception_class = InvalidElementStateException\n        elif (\n            status in ErrorCode.INVALID_SELECTOR\n            or status in ErrorCode.INVALID_XPATH_SELECTOR\n            or status in ErrorCode.INVALID_XPATH_SELECTOR_RETURN_TYPER\n        ):\n            exception_class = InvalidSelectorException\n        elif status in ErrorCode.ELEMENT_IS_NOT_SELECTABLE:\n            exception_class = ElementNotSelectableException\n        elif status in ErrorCode.ELEMENT_NOT_INTERACTABLE:\n            exception_class = ElementNotInteractableException\n        elif status in ErrorCode.INVALID_COOKIE_DOMAIN:\n            exception_class = InvalidCookieDomainException\n        elif status in ErrorCode.UNABLE_TO_SET_COOKIE:\n            exception_class = UnableToSetCookieException\n        elif status in ErrorCode.TIMEOUT:\n            exception_class = TimeoutException\n        elif status in ErrorCode.SCRIPT_TIMEOUT:\n            exception_class = TimeoutException\n        elif status in ErrorCode.UNKNOWN_ERROR:\n            exception_class = WebDriverException\n        elif status in ErrorCode.UNEXPECTED_ALERT_OPEN:\n            exception_class = UnexpectedAlertPresentException\n        elif status in ErrorCode.NO_ALERT_OPEN:\n            exception_class = NoAlertPresentException\n        elif status in ErrorCode.IME_NOT_AVAILABLE:\n            exception_class = ImeNotAvailableException\n        elif status in ErrorCode.IME_ENGINE_ACTIVATION_FAILED:\n            exception_class = ImeActivationFailedException\n        elif status in ErrorCode.MOVE_TARGET_OUT_OF_BOUNDS:\n            exception_class = MoveTargetOutOfBoundsException\n        elif status in ErrorCode.JAVASCRIPT_ERROR:\n            exception_class = JavascriptException\n        elif status in ErrorCode.SESSION_NOT_CREATED:\n            exception_class = SessionNotCreatedException\n        elif status in ErrorCode.INVALID_ARGUMENT:\n            exception_class = InvalidArgumentException\n        elif status in ErrorCode.NO_SUCH_COOKIE:\n            exception_class = NoSuchCookieException\n        elif status in ErrorCode.UNABLE_TO_CAPTURE_SCREEN:\n            exception_class = ScreenshotException\n        elif status in ErrorCode.ELEMENT_CLICK_INTERCEPTED:\n            exception_class = ElementClickInterceptedException\n        elif status in ErrorCode.INSECURE_CERTIFICATE:\n            exception_class = InsecureCertificateException\n        elif status in ErrorCode.INVALID_COORDINATES:\n            exception_class = InvalidCoordinatesException\n        elif status in ErrorCode.INVALID_SESSION_ID:\n            exception_class = InvalidSessionIdException\n        elif status in ErrorCode.UNKNOWN_METHOD:\n            exception_class = UnknownMethodException\n        else:\n            exception_class = WebDriverException\n        if not value:\n            value = response[\"value\"]\n        if isinstance(value, str):\n            raise exception_class(value)\n        if message == \"\" and \"message\" in value:\n            message = value[\"message\"]\n    \n        screen = None  # type: ignore[assignment]\n        if \"screen\" in value:\n            screen = value[\"screen\"]\n    \n        stacktrace = None\n        st_value = value.get(\"stackTrace\") or value.get(\"stacktrace\")\n        if st_value:\n            if isinstance(st_value, str):\n                stacktrace = st_value.split(\"\\n\")\n            else:\n                stacktrace = []\n                try:\n                    for frame in st_value:\n                        line = frame.get(\"lineNumber\", \"\")\n                        file = frame.get(\"fileName\", \"<anonymous>\")\n                        if line:\n                            file = f\"{file}:{line}\"\n                        meth = frame.get(\"methodName\", \"<anonymous>\")\n                        if \"className\" in frame:\n                            meth = f\"{frame['className']}.{meth}\"\n                        msg = \"    at %s (%s)\"\n                        msg = msg % (meth, file)\n                        stacktrace.append(msg)\n                except TypeError:\n                    pass\n        if exception_class == UnexpectedAlertPresentException:\n            alert_text = None\n            if \"data\" in value:\n                alert_text = value[\"data\"].get(\"text\")\n            elif \"alert\" in value:\n                alert_text = value[\"alert\"].get(\"text\")\n            raise exception_class(message, screen, stacktrace, alert_text)  # type: ignore[call-arg]  # mypy is not smart enough here\n>       raise exception_class(message, screen, stacktrace)\nE       selenium.common.exceptions.NoSuchElementException: Message: no such element: Unable to locate element: {\"method\":\"xpath\",\"selector\":\"(//a[@class='add-to-cart yellow-btn'])[1]\"}\nE         (Session info: chrome-headless-shell=123.0.6312.86); For documentation on this error, please visit: https://www.selenium.dev/documentation/webdriver/troubleshooting/errors#no-such-element-exception\nE       Stacktrace:\nE       #0 0x5563e9ef18a3 <unknown>\nE       #1 0x5563e9be78c6 <unknown>\nE       #2 0x5563e9c32618 <unknown>\nE       #3 0x5563e9c326d1 <unknown>\nE       #4 0x5563e9c75744 <unknown>\nE       #5 0x5563e9c545cd <unknown>\nE       #6 0x5563e9c72c19 <unknown>\nE       #7 0x5563e9c54343 <unknown>\nE       #8 0x5563e9c25593 <unknown>\nE       #9 0x5563e9c25f5e <unknown>\nE       #10 0x5563e9eb588b <unknown>\nE       #11 0x5563e9eb97e5 <unknown>\nE       #12 0x5563e9ea35b1 <unknown>\nE       #13 0x5563e9eba372 <unknown>\nE       #14 0x5563e9e888bf <unknown>\nE       #15 0x5563e9ee0768 <unknown>\nE       #16 0x5563e9ee093b <unknown>\nE       #17 0x5563e9ef09f4 <unknown>\nE       #18 0x7fb1b9e16134 <unknown>\n\n/usr/local/lib/python3.11/site-packages/selenium/webdriver/remote/errorhandler.py:245: NoSuchElementException","steps":[{"name":"Добавляем товар в корзину в количестве 1","time":{"start":1711501766891,"stop":1711501766903,"duration":12},"status":"broken","statusMessage":"selenium.common.exceptions.NoSuchElementException: Message: no such element: Unable to locate element: {\"method\":\"xpath\",\"selector\":\"(//a[@class='add-to-cart yellow-btn'])[1]\"}\n  (Session info: chrome-headless-shell=123.0.6312.86); For documentation on this error, please visit: https://www.selenium.dev/documentation/webdriver/troubleshooting/errors#no-such-element-exception\nStacktrace:\n#0 0x5563e9ef18a3 <unknown>\n#1 0x5563e9be78c6 <unknown>\n#2 0x5563e9c32618 <unknown>\n#3 0x5563e9c326d1 <unknown>\n#4 0x5563e9c75744 <unknown>\n#5 0x5563e9c545cd <unknown>\n#6 0x5563e9c72c19 <unknown>\n#7 0x5563e9c54343 <unknown>\n#8 0x5563e9c25593 <unknown>\n#9 0x5563e9c25f5e <unknown>\n#10 0x5563e9eb588b <unknown>\n#11 0x5563e9eb97e5 <unknown>\n#12 0x5563e9ea35b1 <unknown>\n#13 0x5563e9eba372 <unknown>\n#14 0x5563e9e888bf <unknown>\n#15 0x5563e9ee0768 <unknown>\n#16 0x5563e9ee093b <unknown>\n#17 0x5563e9ef09f4 <unknown>\n#18 0x7fb1b9e16134 <unknown>\n\n","statusTrace":"  File \"/usr/local/lib/python3.11/site-packages/allure_commons/_allure.py\", line 192, in impl\n    return func(*a, **kw)\n           ^^^^^^^^^^^^^^\n  File \"/app/pages/item_page.py\", line 40, in add_item_to_cart\n    self.find_element(self._add_item).click()\n    ^^^^^^^^^^^^^^^^^^^^^^^^^^^^^^^^^\n  File \"/app/base/seleniumbase.py\", line 17, in find_element\n    return self.driver.find_element(*locator)\n           ^^^^^^^^^^^^^^^^^^^^^^^^^^^^^^^^^^\n  File \"/usr/local/lib/python3.11/site-packages/selenium/webdriver/remote/webdriver.py\", line 740, in find_element\n    return self.execute(Command.FIND_ELEMENT, {\"using\": by, \"value\": value})[\"value\"]\n           ^^^^^^^^^^^^^^^^^^^^^^^^^^^^^^^^^^^^^^^^^^^^^^^^^^^^^^^^^^^^^^^^^\n  File \"/usr/local/lib/python3.11/site-packages/selenium/webdriver/remote/webdriver.py\", line 346, in execute\n    self.error_handler.check_response(response)\n  File \"/usr/local/lib/python3.11/site-packages/selenium/webdriver/remote/errorhandler.py\", line 245, in check_response\n    raise exception_class(message, screen, stacktrace)\n","steps":[],"attachments":[],"parameters":[{"name":"amount","value":"1"}],"shouldDisplayMessage":true,"stepsCount":0,"attachmentsCount":0,"hasContent":true,"attachmentStep":false}],"attachments":[{"uid":"8efecb4db719e962","name":"Screenshot","source":"8efecb4db719e962.png","type":"image/png","size":5862},{"uid":"123a37ab16a5a4fe","name":"HTML source","source":"123a37ab16a5a4fe.html","type":"text/html","size":39}],"parameters":[],"shouldDisplayMessage":true,"stepsCount":1,"attachmentsCount":2,"hasContent":true,"attachmentStep":false},"afterStages":[{"name":"setup::0","time":{"start":1711501767012,"stop":1711501767012,"duration":0},"status":"passed","steps":[],"attachments":[],"parameters":[],"shouldDisplayMessage":false,"stepsCount":0,"attachmentsCount":0,"hasContent":false,"attachmentStep":false},{"name":"driver::0","time":{"start":1711501767013,"stop":1711501767069,"duration":56},"status":"passed","steps":[],"attachments":[],"parameters":[],"shouldDisplayMessage":false,"stepsCount":0,"attachmentsCount":0,"hasContent":false,"attachmentStep":false}],"labels":[{"name":"epic","value":"Delivery Page - calculation"},{"name":"tag","value":"smoke"},{"name":"parentSuite","value":"tests.delivery"},{"name":"suite","value":"test_delivery_calculation"},{"name":"subSuite","value":"TestDeliveryPageCalculation"},{"name":"host","value":"b727ca8818bd"},{"name":"thread","value":"1-MainThread"},{"name":"framework","value":"pytest"},{"name":"language","value":"cpython3"},{"name":"package","value":"tests.delivery.test_delivery_calculation"},{"name":"resultFormat","value":"allure2"}],"parameters":[{"name":"all_time","value":"3320"},{"name":"amount","value":"1"},{"name":"case_id","value":"'TD 015'"},{"name":"in_time","value":"2390"},{"name":"link_item","value":"'products/shtukaturka-tsementnaya-bergauf-bau-putts-tsement-25kg-56sht'"},{"name":"standard","value":"650"},{"name":"url","value":"'https://sandboxtest.stroyrem-nn.ru/'"},{"name":"weight","value":"30"}],"links":[],"hidden":false,"retry":false,"extra":{"severity":"normal","retries":[],"categories":[{"name":"Test defects","matchedStatuses":[],"flaky":false}],"history":{"statistic":{"failed":0,"broken":210,"skipped":0,"passed":0,"unknown":0,"total":210},"items":[{"uid":"8775247a3e73883b","reportUrl":"https://zaelcovsky.github.io/StroyremAutomation/273//#testresult/8775247a3e73883b","status":"broken","statusDetails":"selenium.common.exceptions.NoSuchElementException: Message: no such element: Unable to locate element: {\"method\":\"xpath\",\"selector\":\"(//a[@class='add-to-cart yellow-btn'])[1]\"}\n  (Session info: chrome-headless-shell=123.0.6312.58); For documentation on this error, please visit: https://www.selenium.dev/documentation/webdriver/troubleshooting/errors#no-such-element-exception\nStacktrace:\n#0 0x55640ae29993 <unknown>\n#1 0x55640ab24136 <unknown>\n#2 0x55640ab6ed48 <unknown>\n#3 0x55640ab6ee01 <unknown>\n#4 0x55640abb1e44 <unknown>\n#5 0x55640ab90cfd <unknown>\n#6 0x55640abaf319 <unknown>\n#7 0x55640ab90a73 <unknown>\n#8 0x55640ab61c93 <unknown>\n#9 0x55640ab6265e <unknown>\n#10 0x55640adee08b <unknown>\n#11 0x55640adf2005 <unknown>\n#12 0x55640addc491 <unknown>\n#13 0x55640adf2b92 <unknown>\n#14 0x55640adc19ef <unknown>\n#15 0x55640ae18df8 <unknown>\n#16 0x55640ae18fcb <unknown>\n#17 0x55640ae28ae4 <unknown>\n#18 0x7f027db85134 <unknown>","time":{"start":1711415333282,"stop":1711415333668,"duration":386}},{"uid":"e5ab6ff4e5298ef1","reportUrl":"https://zaelcovsky.github.io/StroyremAutomation/272//#testresult/e5ab6ff4e5298ef1","status":"broken","statusDetails":"selenium.common.exceptions.NoSuchElementException: Message: no such element: Unable to locate element: {\"method\":\"xpath\",\"selector\":\"(//a[@class='add-to-cart yellow-btn'])[1]\"}\n  (Session info: chrome-headless-shell=123.0.6312.58); For documentation on this error, please visit: https://www.selenium.dev/documentation/webdriver/troubleshooting/errors#no-such-element-exception\nStacktrace:\n#0 0x562a2e063993 <unknown>\n#1 0x562a2dd5e136 <unknown>\n#2 0x562a2dda8d48 <unknown>\n#3 0x562a2dda8e01 <unknown>\n#4 0x562a2ddebe44 <unknown>\n#5 0x562a2ddcacfd <unknown>\n#6 0x562a2dde9319 <unknown>\n#7 0x562a2ddcaa73 <unknown>\n#8 0x562a2dd9bc93 <unknown>\n#9 0x562a2dd9c65e <unknown>\n#10 0x562a2e02808b <unknown>\n#11 0x562a2e02c005 <unknown>\n#12 0x562a2e016491 <unknown>\n#13 0x562a2e02cb92 <unknown>\n#14 0x562a2dffb9ef <unknown>\n#15 0x562a2e052df8 <unknown>\n#16 0x562a2e052fcb <unknown>\n#17 0x562a2e062ae4 <unknown>\n#18 0x7f311ca8a134 <unknown>","time":{"start":1711328977001,"stop":1711328977409,"duration":408}},{"uid":"e32321e1c80f3245","reportUrl":"https://zaelcovsky.github.io/StroyremAutomation/271//#testresult/e32321e1c80f3245","status":"broken","statusDetails":"selenium.common.exceptions.NoSuchElementException: Message: no such element: Unable to locate element: {\"method\":\"xpath\",\"selector\":\"(//a[@class='add-to-cart yellow-btn'])[1]\"}\n  (Session info: chrome-headless-shell=123.0.6312.58); For documentation on this error, please visit: https://www.selenium.dev/documentation/webdriver/troubleshooting/errors#no-such-element-exception\nStacktrace:\n#0 0x56304f73a993 <unknown>\n#1 0x56304f435136 <unknown>\n#2 0x56304f47fd48 <unknown>\n#3 0x56304f47fe01 <unknown>\n#4 0x56304f4c2e44 <unknown>\n#5 0x56304f4a1cfd <unknown>\n#6 0x56304f4c0319 <unknown>\n#7 0x56304f4a1a73 <unknown>\n#8 0x56304f472c93 <unknown>\n#9 0x56304f47365e <unknown>\n#10 0x56304f6ff08b <unknown>\n#11 0x56304f703005 <unknown>\n#12 0x56304f6ed491 <unknown>\n#13 0x56304f703b92 <unknown>\n#14 0x56304f6d29ef <unknown>\n#15 0x56304f729df8 <unknown>\n#16 0x56304f729fcb <unknown>\n#17 0x56304f739ae4 <unknown>\n#18 0x7fb1effd7134 <unknown>","time":{"start":1711242910839,"stop":1711242911250,"duration":411}},{"uid":"55abc6774dba0ccd","reportUrl":"https://zaelcovsky.github.io/StroyremAutomation/270//#testresult/55abc6774dba0ccd","status":"broken","statusDetails":"selenium.common.exceptions.NoSuchElementException: Message: no such element: Unable to locate element: {\"method\":\"xpath\",\"selector\":\"(//a[@class='add-to-cart yellow-btn'])[1]\"}\n  (Session info: chrome-headless-shell=123.0.6312.58); For documentation on this error, please visit: https://www.selenium.dev/documentation/webdriver/troubleshooting/errors#no-such-element-exception\nStacktrace:\n#0 0x55afedb1e993 <unknown>\n#1 0x55afed819136 <unknown>\n#2 0x55afed863d48 <unknown>\n#3 0x55afed863e01 <unknown>\n#4 0x55afed8a6e44 <unknown>\n#5 0x55afed885cfd <unknown>\n#6 0x55afed8a4319 <unknown>\n#7 0x55afed885a73 <unknown>\n#8 0x55afed856c93 <unknown>\n#9 0x55afed85765e <unknown>\n#10 0x55afedae308b <unknown>\n#11 0x55afedae7005 <unknown>\n#12 0x55afedad1491 <unknown>\n#13 0x55afedae7b92 <unknown>\n#14 0x55afedab69ef <unknown>\n#15 0x55afedb0ddf8 <unknown>\n#16 0x55afedb0dfcb <unknown>\n#17 0x55afedb1dae4 <unknown>\n#18 0x7f404bb0a134 <unknown>","time":{"start":1711156011702,"stop":1711156012028,"duration":326}},{"uid":"8f8043da8fe9d409","reportUrl":"https://zaelcovsky.github.io/StroyremAutomation/269//#testresult/8f8043da8fe9d409","status":"broken","statusDetails":"selenium.common.exceptions.NoSuchElementException: Message: no such element: Unable to locate element: {\"method\":\"xpath\",\"selector\":\"(//a[@class='add-to-cart yellow-btn'])[1]\"}\n  (Session info: chrome-headless-shell=123.0.6312.58); For documentation on this error, please visit: https://www.selenium.dev/documentation/webdriver/troubleshooting/errors#no-such-element-exception\nStacktrace:\n#0 0x557e00ced993 <unknown>\n#1 0x557e009e8136 <unknown>\n#2 0x557e00a32d48 <unknown>\n#3 0x557e00a32e01 <unknown>\n#4 0x557e00a75e44 <unknown>\n#5 0x557e00a54cfd <unknown>\n#6 0x557e00a73319 <unknown>\n#7 0x557e00a54a73 <unknown>\n#8 0x557e00a25c93 <unknown>\n#9 0x557e00a2665e <unknown>\n#10 0x557e00cb208b <unknown>\n#11 0x557e00cb6005 <unknown>\n#12 0x557e00ca0491 <unknown>\n#13 0x557e00cb6b92 <unknown>\n#14 0x557e00c859ef <unknown>\n#15 0x557e00cdcdf8 <unknown>\n#16 0x557e00cdcfcb <unknown>\n#17 0x557e00cecae4 <unknown>\n#18 0x7f5ccb3f8134 <unknown>","time":{"start":1711069720930,"stop":1711069721332,"duration":402}},{"uid":"3854cbd766d5015c","reportUrl":"https://zaelcovsky.github.io/StroyremAutomation/268//#testresult/3854cbd766d5015c","status":"broken","statusDetails":"selenium.common.exceptions.NoSuchElementException: Message: no such element: Unable to locate element: {\"method\":\"xpath\",\"selector\":\"(//a[@class='add-to-cart yellow-btn'])[1]\"}\n  (Session info: chrome-headless-shell=123.0.6312.58); For documentation on this error, please visit: https://www.selenium.dev/documentation/webdriver/troubleshooting/errors#no-such-element-exception\nStacktrace:\n#0 0x55f760970993 <unknown>\n#1 0x55f76066b136 <unknown>\n#2 0x55f7606b5d48 <unknown>\n#3 0x55f7606b5e01 <unknown>\n#4 0x55f7606f8e44 <unknown>\n#5 0x55f7606d7cfd <unknown>\n#6 0x55f7606f6319 <unknown>\n#7 0x55f7606d7a73 <unknown>\n#8 0x55f7606a8c93 <unknown>\n#9 0x55f7606a965e <unknown>\n#10 0x55f76093508b <unknown>\n#11 0x55f760939005 <unknown>\n#12 0x55f760923491 <unknown>\n#13 0x55f760939b92 <unknown>\n#14 0x55f7609089ef <unknown>\n#15 0x55f76095fdf8 <unknown>\n#16 0x55f76095ffcb <unknown>\n#17 0x55f76096fae4 <unknown>\n#18 0x7f1652212134 <unknown>","time":{"start":1710983412130,"stop":1710983412515,"duration":385}},{"uid":"c05a6d08e1e9db12","reportUrl":"https://zaelcovsky.github.io/StroyremAutomation/267//#testresult/c05a6d08e1e9db12","status":"broken","statusDetails":"selenium.common.exceptions.NoSuchElementException: Message: no such element: Unable to locate element: {\"method\":\"xpath\",\"selector\":\"(//a[@class='add-to-cart yellow-btn'])[1]\"}\n  (Session info: chrome-headless-shell=123.0.6312.58); For documentation on this error, please visit: https://www.selenium.dev/documentation/webdriver/troubleshooting/errors#no-such-element-exception\nStacktrace:\n#0 0x5fcc49beb993 <unknown>\n#1 0x5fcc498e6136 <unknown>\n#2 0x5fcc49930d48 <unknown>\n#3 0x5fcc49930e01 <unknown>\n#4 0x5fcc49973e44 <unknown>\n#5 0x5fcc49952cfd <unknown>\n#6 0x5fcc49971319 <unknown>\n#7 0x5fcc49952a73 <unknown>\n#8 0x5fcc49923c93 <unknown>\n#9 0x5fcc4992465e <unknown>\n#10 0x5fcc49bb008b <unknown>\n#11 0x5fcc49bb4005 <unknown>\n#12 0x5fcc49b9e491 <unknown>\n#13 0x5fcc49bb4b92 <unknown>\n#14 0x5fcc49b839ef <unknown>\n#15 0x5fcc49bdadf8 <unknown>\n#16 0x5fcc49bdafcb <unknown>\n#17 0x5fcc49beaae4 <unknown>\n#18 0x70f3cd664134 <unknown>","time":{"start":1710896918357,"stop":1710896918745,"duration":388}},{"uid":"381e22968d419501","reportUrl":"https://zaelcovsky.github.io/StroyremAutomation/266//#testresult/381e22968d419501","status":"broken","statusDetails":"selenium.common.exceptions.NoSuchElementException: Message: no such element: Unable to locate element: {\"method\":\"xpath\",\"selector\":\"(//a[@class='add-to-cart yellow-btn'])[1]\"}\n  (Session info: chrome-headless-shell=122.0.6261.128); For documentation on this error, please visit: https://www.selenium.dev/documentation/webdriver/troubleshooting/errors#no-such-element-exception\nStacktrace:\n#0 0x58b880990f33 <unknown>\n#1 0x58b880688ce6 <unknown>\n#2 0x58b8806d3e48 <unknown>\n#3 0x58b8806d3f01 <unknown>\n#4 0x58b8807173f4 <unknown>\n#5 0x58b8806f5edd <unknown>\n#6 0x58b880714899 <unknown>\n#7 0x58b8806f5c53 <unknown>\n#8 0x58b8806c6db3 <unknown>\n#9 0x58b8806c777e <unknown>\n#10 0x58b88095686b <unknown>\n#11 0x58b88095a885 <unknown>\n#12 0x58b880944181 <unknown>\n#13 0x58b88095b412 <unknown>\n#14 0x58b88092825f <unknown>\n#15 0x58b88097f528 <unknown>\n#16 0x58b88097f723 <unknown>\n#17 0x58b8809900e4 <unknown>\n#18 0x7cb6b9e40134 <unknown>","time":{"start":1710810461804,"stop":1710810462097,"duration":293}},{"uid":"8a7cf050ba3e371d","reportUrl":"https://zaelcovsky.github.io/StroyremAutomation/265//#testresult/8a7cf050ba3e371d","status":"broken","statusDetails":"selenium.common.exceptions.NoSuchElementException: Message: no such element: Unable to locate element: {\"method\":\"xpath\",\"selector\":\"(//a[@class='add-to-cart yellow-btn'])[1]\"}\n  (Session info: chrome-headless-shell=122.0.6261.128); For documentation on this error, please visit: https://www.selenium.dev/documentation/webdriver/troubleshooting/errors#no-such-element-exception\nStacktrace:\n#0 0x57d97001cf33 <unknown>\n#1 0x57d96fd14ce6 <unknown>\n#2 0x57d96fd5fe48 <unknown>\n#3 0x57d96fd5ff01 <unknown>\n#4 0x57d96fda33f4 <unknown>\n#5 0x57d96fd81edd <unknown>\n#6 0x57d96fda0899 <unknown>\n#7 0x57d96fd81c53 <unknown>\n#8 0x57d96fd52db3 <unknown>\n#9 0x57d96fd5377e <unknown>\n#10 0x57d96ffe286b <unknown>\n#11 0x57d96ffe6885 <unknown>\n#12 0x57d96ffd0181 <unknown>\n#13 0x57d96ffe7412 <unknown>\n#14 0x57d96ffb425f <unknown>\n#15 0x57d97000b528 <unknown>\n#16 0x57d97000b723 <unknown>\n#17 0x57d97001c0e4 <unknown>\n#18 0x77912dbbf134 <unknown>","time":{"start":1710724187384,"stop":1710724187800,"duration":416}},{"uid":"a99fb15ccbe0f773","reportUrl":"https://zaelcovsky.github.io/StroyremAutomation/264//#testresult/a99fb15ccbe0f773","status":"broken","statusDetails":"selenium.common.exceptions.NoSuchElementException: Message: no such element: Unable to locate element: {\"method\":\"xpath\",\"selector\":\"(//a[@class='add-to-cart yellow-btn'])[1]\"}\n  (Session info: chrome-headless-shell=122.0.6261.128); For documentation on this error, please visit: https://www.selenium.dev/documentation/webdriver/troubleshooting/errors#no-such-element-exception\nStacktrace:\n#0 0x5b091f212f33 <unknown>\n#1 0x5b091ef0ace6 <unknown>\n#2 0x5b091ef55e48 <unknown>\n#3 0x5b091ef55f01 <unknown>\n#4 0x5b091ef993f4 <unknown>\n#5 0x5b091ef77edd <unknown>\n#6 0x5b091ef96899 <unknown>\n#7 0x5b091ef77c53 <unknown>\n#8 0x5b091ef48db3 <unknown>\n#9 0x5b091ef4977e <unknown>\n#10 0x5b091f1d886b <unknown>\n#11 0x5b091f1dc885 <unknown>\n#12 0x5b091f1c6181 <unknown>\n#13 0x5b091f1dd412 <unknown>\n#14 0x5b091f1aa25f <unknown>\n#15 0x5b091f201528 <unknown>\n#16 0x5b091f201723 <unknown>\n#17 0x5b091f2120e4 <unknown>\n#18 0x75457943f134 <unknown>","time":{"start":1710637969499,"stop":1710637969918,"duration":419}},{"uid":"3163d45f600210b1","reportUrl":"https://zaelcovsky.github.io/StroyremAutomation/263//#testresult/3163d45f600210b1","status":"broken","statusDetails":"selenium.common.exceptions.NoSuchElementException: Message: no such element: Unable to locate element: {\"method\":\"xpath\",\"selector\":\"(//a[@class='add-to-cart yellow-btn'])[1]\"}\n  (Session info: chrome-headless-shell=122.0.6261.128); For documentation on this error, please visit: https://www.selenium.dev/documentation/webdriver/troubleshooting/errors#no-such-element-exception\nStacktrace:\n#0 0x5a50a3ccdf33 <unknown>\n#1 0x5a50a39c5ce6 <unknown>\n#2 0x5a50a3a10e48 <unknown>\n#3 0x5a50a3a10f01 <unknown>\n#4 0x5a50a3a543f4 <unknown>\n#5 0x5a50a3a32edd <unknown>\n#6 0x5a50a3a51899 <unknown>\n#7 0x5a50a3a32c53 <unknown>\n#8 0x5a50a3a03db3 <unknown>\n#9 0x5a50a3a0477e <unknown>\n#10 0x5a50a3c9386b <unknown>\n#11 0x5a50a3c97885 <unknown>\n#12 0x5a50a3c81181 <unknown>\n#13 0x5a50a3c98412 <unknown>\n#14 0x5a50a3c6525f <unknown>\n#15 0x5a50a3cbc528 <unknown>\n#16 0x5a50a3cbc723 <unknown>\n#17 0x5a50a3ccd0e4 <unknown>\n#18 0x73cc495b3134 <unknown>","time":{"start":1710551189799,"stop":1710551190223,"duration":424}},{"uid":"82d90a0f2ec12a00","reportUrl":"https://zaelcovsky.github.io/StroyremAutomation/262//#testresult/82d90a0f2ec12a00","status":"broken","statusDetails":"selenium.common.exceptions.NoSuchElementException: Message: no such element: Unable to locate element: {\"method\":\"xpath\",\"selector\":\"(//a[@class='add-to-cart yellow-btn'])[1]\"}\n  (Session info: chrome-headless-shell=122.0.6261.128); For documentation on this error, please visit: https://www.selenium.dev/documentation/webdriver/troubleshooting/errors#no-such-element-exception\nStacktrace:\n#0 0x584307cc3f33 <unknown>\n#1 0x5843079bbce6 <unknown>\n#2 0x584307a06e48 <unknown>\n#3 0x584307a06f01 <unknown>\n#4 0x584307a4a3f4 <unknown>\n#5 0x584307a28edd <unknown>\n#6 0x584307a47899 <unknown>\n#7 0x584307a28c53 <unknown>\n#8 0x5843079f9db3 <unknown>\n#9 0x5843079fa77e <unknown>\n#10 0x584307c8986b <unknown>\n#11 0x584307c8d885 <unknown>\n#12 0x584307c77181 <unknown>\n#13 0x584307c8e412 <unknown>\n#14 0x584307c5b25f <unknown>\n#15 0x584307cb2528 <unknown>\n#16 0x584307cb2723 <unknown>\n#17 0x584307cc30e4 <unknown>\n#18 0x75a54ddf0134 <unknown>","time":{"start":1710464987080,"stop":1710464987489,"duration":409}},{"uid":"4ebf3005bbc77c4a","reportUrl":"https://zaelcovsky.github.io/StroyremAutomation/261//#testresult/4ebf3005bbc77c4a","status":"broken","statusDetails":"selenium.common.exceptions.NoSuchElementException: Message: no such element: Unable to locate element: {\"method\":\"xpath\",\"selector\":\"(//a[@class='add-to-cart yellow-btn'])[1]\"}\n  (Session info: chrome-headless-shell=122.0.6261.128); For documentation on this error, please visit: https://www.selenium.dev/documentation/webdriver/troubleshooting/errors#no-such-element-exception\nStacktrace:\n#0 0x5ef12786ef33 <unknown>\n#1 0x5ef127566ce6 <unknown>\n#2 0x5ef1275b1e48 <unknown>\n#3 0x5ef1275b1f01 <unknown>\n#4 0x5ef1275f53f4 <unknown>\n#5 0x5ef1275d3edd <unknown>\n#6 0x5ef1275f2899 <unknown>\n#7 0x5ef1275d3c53 <unknown>\n#8 0x5ef1275a4db3 <unknown>\n#9 0x5ef1275a577e <unknown>\n#10 0x5ef12783486b <unknown>\n#11 0x5ef127838885 <unknown>\n#12 0x5ef127822181 <unknown>\n#13 0x5ef127839412 <unknown>\n#14 0x5ef12780625f <unknown>\n#15 0x5ef12785d528 <unknown>\n#16 0x5ef12785d723 <unknown>\n#17 0x5ef12786e0e4 <unknown>\n#18 0x7136eed4b134 <unknown>","time":{"start":1710378524678,"stop":1710378525099,"duration":421}},{"uid":"2ca22babd8f0cb70","reportUrl":"https://zaelcovsky.github.io/StroyremAutomation/260//#testresult/2ca22babd8f0cb70","status":"broken","statusDetails":"selenium.common.exceptions.NoSuchElementException: Message: no such element: Unable to locate element: {\"method\":\"xpath\",\"selector\":\"(//a[@class='add-to-cart yellow-btn'])[1]\"}\n  (Session info: chrome-headless-shell=122.0.6261.128); For documentation on this error, please visit: https://www.selenium.dev/documentation/webdriver/troubleshooting/errors#no-such-element-exception\nStacktrace:\n#0 0x561936a14f33 <unknown>\n#1 0x56193670cce6 <unknown>\n#2 0x561936757e48 <unknown>\n#3 0x561936757f01 <unknown>\n#4 0x56193679b3f4 <unknown>\n#5 0x561936779edd <unknown>\n#6 0x561936798899 <unknown>\n#7 0x561936779c53 <unknown>\n#8 0x56193674adb3 <unknown>\n#9 0x56193674b77e <unknown>\n#10 0x5619369da86b <unknown>\n#11 0x5619369de885 <unknown>\n#12 0x5619369c8181 <unknown>\n#13 0x5619369df412 <unknown>\n#14 0x5619369ac25f <unknown>\n#15 0x561936a03528 <unknown>\n#16 0x561936a03723 <unknown>\n#17 0x561936a140e4 <unknown>\n#18 0x7f3ec667c134 <unknown>","time":{"start":1710292262518,"stop":1710292262816,"duration":298}},{"uid":"b6b6a4981004646c","reportUrl":"https://zaelcovsky.github.io/StroyremAutomation/259//#testresult/b6b6a4981004646c","status":"broken","statusDetails":"selenium.common.exceptions.NoSuchElementException: Message: no such element: Unable to locate element: {\"method\":\"xpath\",\"selector\":\"(//a[@class='add-to-cart yellow-btn'])[1]\"}\n  (Session info: chrome-headless-shell=122.0.6261.111); For documentation on this error, please visit: https://www.selenium.dev/documentation/webdriver/troubleshooting/errors#no-such-element-exception\nStacktrace:\n#0 0x63e903855ec3 <unknown>\n#1 0x63e90354dce6 <unknown>\n#2 0x63e903598e48 <unknown>\n#3 0x63e903598f01 <unknown>\n#4 0x63e9035dc3f4 <unknown>\n#5 0x63e9035baedd <unknown>\n#6 0x63e9035d9899 <unknown>\n#7 0x63e9035bac53 <unknown>\n#8 0x63e90358bdb3 <unknown>\n#9 0x63e90358c77e <unknown>\n#10 0x63e90381b7fb <unknown>\n#11 0x63e90381f815 <unknown>\n#12 0x63e903809111 <unknown>\n#13 0x63e9038203a2 <unknown>\n#14 0x63e9037ed1ef <unknown>\n#15 0x63e9038444b8 <unknown>\n#16 0x63e9038446b3 <unknown>\n#17 0x63e903855074 <unknown>\n#18 0x7100512f4134 <unknown>","time":{"start":1710205634276,"stop":1710205634612,"duration":336}},{"uid":"a2e1b7fea0e124f8","reportUrl":"https://zaelcovsky.github.io/StroyremAutomation/258//#testresult/a2e1b7fea0e124f8","status":"broken","statusDetails":"selenium.common.exceptions.NoSuchElementException: Message: no such element: Unable to locate element: {\"method\":\"xpath\",\"selector\":\"(//a[@class='add-to-cart yellow-btn'])[1]\"}\n  (Session info: chrome-headless-shell=122.0.6261.111); For documentation on this error, please visit: https://www.selenium.dev/documentation/webdriver/troubleshooting/errors#no-such-element-exception\nStacktrace:\n#0 0x5593927fbec3 <unknown>\n#1 0x5593924f3ce6 <unknown>\n#2 0x55939253ee48 <unknown>\n#3 0x55939253ef01 <unknown>\n#4 0x5593925823f4 <unknown>\n#5 0x559392560edd <unknown>\n#6 0x55939257f899 <unknown>\n#7 0x559392560c53 <unknown>\n#8 0x559392531db3 <unknown>\n#9 0x55939253277e <unknown>\n#10 0x5593927c17fb <unknown>\n#11 0x5593927c5815 <unknown>\n#12 0x5593927af111 <unknown>\n#13 0x5593927c63a2 <unknown>\n#14 0x5593927931ef <unknown>\n#15 0x5593927ea4b8 <unknown>\n#16 0x5593927ea6b3 <unknown>\n#17 0x5593927fb074 <unknown>\n#18 0x7f89ab359134 <unknown>","time":{"start":1710119309283,"stop":1710119309707,"duration":424}},{"uid":"b8c22b1c98b95936","reportUrl":"https://zaelcovsky.github.io/StroyremAutomation/257//#testresult/b8c22b1c98b95936","status":"broken","statusDetails":"selenium.common.exceptions.NoSuchElementException: Message: no such element: Unable to locate element: {\"method\":\"xpath\",\"selector\":\"(//a[@class='add-to-cart yellow-btn'])[1]\"}\n  (Session info: chrome-headless-shell=122.0.6261.111); For documentation on this error, please visit: https://www.selenium.dev/documentation/webdriver/troubleshooting/errors#no-such-element-exception\nStacktrace:\n#0 0x56434d204ec3 <unknown>\n#1 0x56434cefcce6 <unknown>\n#2 0x56434cf47e48 <unknown>\n#3 0x56434cf47f01 <unknown>\n#4 0x56434cf8b3f4 <unknown>\n#5 0x56434cf69edd <unknown>\n#6 0x56434cf88899 <unknown>\n#7 0x56434cf69c53 <unknown>\n#8 0x56434cf3adb3 <unknown>\n#9 0x56434cf3b77e <unknown>\n#10 0x56434d1ca7fb <unknown>\n#11 0x56434d1ce815 <unknown>\n#12 0x56434d1b8111 <unknown>\n#13 0x56434d1cf3a2 <unknown>\n#14 0x56434d19c1ef <unknown>\n#15 0x56434d1f34b8 <unknown>\n#16 0x56434d1f36b3 <unknown>\n#17 0x56434d204074 <unknown>\n#18 0x7fd7ed797134 <unknown>","time":{"start":1710033150241,"stop":1710033150624,"duration":383}},{"uid":"e5a0410bd1eabc55","reportUrl":"https://zaelcovsky.github.io/StroyremAutomation/256//#testresult/e5a0410bd1eabc55","status":"broken","statusDetails":"selenium.common.exceptions.NoSuchElementException: Message: no such element: Unable to locate element: {\"method\":\"xpath\",\"selector\":\"(//a[@class='add-to-cart yellow-btn'])[1]\"}\n  (Session info: chrome-headless-shell=122.0.6261.111); For documentation on this error, please visit: https://www.selenium.dev/documentation/webdriver/troubleshooting/errors#no-such-element-exception\nStacktrace:\n#0 0x55a6f3ffcec3 <unknown>\n#1 0x55a6f3cf4ce6 <unknown>\n#2 0x55a6f3d3fe48 <unknown>\n#3 0x55a6f3d3ff01 <unknown>\n#4 0x55a6f3d833f4 <unknown>\n#5 0x55a6f3d61edd <unknown>\n#6 0x55a6f3d80899 <unknown>\n#7 0x55a6f3d61c53 <unknown>\n#8 0x55a6f3d32db3 <unknown>\n#9 0x55a6f3d3377e <unknown>\n#10 0x55a6f3fc27fb <unknown>\n#11 0x55a6f3fc6815 <unknown>\n#12 0x55a6f3fb0111 <unknown>\n#13 0x55a6f3fc73a2 <unknown>\n#14 0x55a6f3f941ef <unknown>\n#15 0x55a6f3feb4b8 <unknown>\n#16 0x55a6f3feb6b3 <unknown>\n#17 0x55a6f3ffc074 <unknown>\n#18 0x7f67e56e9134 <unknown>","time":{"start":1709946400246,"stop":1709946400669,"duration":423}},{"uid":"f48424c977ef60e1","reportUrl":"https://zaelcovsky.github.io/StroyremAutomation/255//#testresult/f48424c977ef60e1","status":"broken","statusDetails":"selenium.common.exceptions.NoSuchElementException: Message: no such element: Unable to locate element: {\"method\":\"xpath\",\"selector\":\"(//a[@class='add-to-cart yellow-btn'])[1]\"}\n  (Session info: chrome-headless-shell=122.0.6261.111); For documentation on this error, please visit: https://www.selenium.dev/documentation/webdriver/troubleshooting/errors#no-such-element-exception\nStacktrace:\n#0 0x56197f8d5ec3 <unknown>\n#1 0x56197f5cdce6 <unknown>\n#2 0x56197f618e48 <unknown>\n#3 0x56197f618f01 <unknown>\n#4 0x56197f65c3f4 <unknown>\n#5 0x56197f63aedd <unknown>\n#6 0x56197f659899 <unknown>\n#7 0x56197f63ac53 <unknown>\n#8 0x56197f60bdb3 <unknown>\n#9 0x56197f60c77e <unknown>\n#10 0x56197f89b7fb <unknown>\n#11 0x56197f89f815 <unknown>\n#12 0x56197f889111 <unknown>\n#13 0x56197f8a03a2 <unknown>\n#14 0x56197f86d1ef <unknown>\n#15 0x56197f8c44b8 <unknown>\n#16 0x56197f8c46b3 <unknown>\n#17 0x56197f8d5074 <unknown>\n#18 0x7ff58b347134 <unknown>","time":{"start":1709860036907,"stop":1709860037229,"duration":322}},{"uid":"7bcfd579165ddea6","reportUrl":"https://zaelcovsky.github.io/StroyremAutomation/254//#testresult/7bcfd579165ddea6","status":"broken","statusDetails":"selenium.common.exceptions.NoSuchElementException: Message: no such element: Unable to locate element: {\"method\":\"xpath\",\"selector\":\"(//a[@class='add-to-cart yellow-btn'])[1]\"}\n  (Session info: chrome-headless-shell=122.0.6261.94); For documentation on this error, please visit: https://www.selenium.dev/documentation/webdriver/troubleshooting/errors#no-such-element-exception\nStacktrace:\n#0 0x55b7f86e1e93 <unknown>\n#1 0x55b7f83d9ce6 <unknown>\n#2 0x55b7f8424e48 <unknown>\n#3 0x55b7f8424f01 <unknown>\n#4 0x55b7f84683f4 <unknown>\n#5 0x55b7f8446edd <unknown>\n#6 0x55b7f8465899 <unknown>\n#7 0x55b7f8446c53 <unknown>\n#8 0x55b7f8417db3 <unknown>\n#9 0x55b7f841877e <unknown>\n#10 0x55b7f86a77cb <unknown>\n#11 0x55b7f86ab7e5 <unknown>\n#12 0x55b7f86950e1 <unknown>\n#13 0x55b7f86ac372 <unknown>\n#14 0x55b7f86791bf <unknown>\n#15 0x55b7f86d0488 <unknown>\n#16 0x55b7f86d0683 <unknown>\n#17 0x55b7f86e1044 <unknown>\n#18 0x7f41f2908134 <unknown>","time":{"start":1709773138954,"stop":1709773139358,"duration":404}}]},"tags":["smoke"]},"source":"1836166f5cc7104e.json","parameterValues":["3320","1","'TD 015'","2390","'products/shtukaturka-tsementnaya-bergauf-bau-putts-tsement-25kg-56sht'","650","'https://sandboxtest.stroyrem-nn.ru/'","30"]}