{"uid":"322b40fdd8bbb66f","name":"TC 009 - Проверка функциональности ссылки 'Доставка'","fullName":"tests.test_main_page.TestMainPage#test_positive_footer_delivery_smoke","historyId":"bc9818d241aad936f44651fb7356fb88","time":{"start":1711501396672,"stop":1711501396685,"duration":13},"status":"broken","statusMessage":"selenium.common.exceptions.NoSuchElementException: Message: no such element: Unable to locate element: {\"method\":\"xpath\",\"selector\":\"(//a[@href='/dostavka'])[3]\"}\n  (Session info: chrome-headless-shell=123.0.6312.86); For documentation on this error, please visit: https://www.selenium.dev/documentation/webdriver/troubleshooting/errors#no-such-element-exception\nStacktrace:\n#0 0x5640678c88a3 <unknown>\n#1 0x5640675be8c6 <unknown>\n#2 0x564067609618 <unknown>\n#3 0x5640676096d1 <unknown>\n#4 0x56406764c744 <unknown>\n#5 0x56406762b5cd <unknown>\n#6 0x564067649c19 <unknown>\n#7 0x56406762b343 <unknown>\n#8 0x5640675fc593 <unknown>\n#9 0x5640675fcf5e <unknown>\n#10 0x56406788c88b <unknown>\n#11 0x5640678907e5 <unknown>\n#12 0x56406787a5b1 <unknown>\n#13 0x564067891372 <unknown>\n#14 0x56406785f8bf <unknown>\n#15 0x5640678b7768 <unknown>\n#16 0x5640678b793b <unknown>\n#17 0x5640678c79f4 <unknown>\n#18 0x7ff884d14134 <unknown>","statusTrace":"self = <tests.test_main_page.TestMainPage object at 0x7fc0a249f110>\nmain_page = <pages.main_page.MainPage object at 0x7fc0a2e63d90>\n\n    @allure.feature(\"Footer functionality\")\n    @allure.title(\"TC 009 - Проверка функциональности ссылки 'Доставка'\")\n    @pytest.mark.smoke_test\n    def test_positive_footer_delivery_smoke(self, main_page):\n>       main_page.check_delivery_link()\n\ntests/test_main_page.py:90: \n_ _ _ _ _ _ _ _ _ _ _ _ _ _ _ _ _ _ _ _ _ _ _ _ _ _ _ _ _ _ _ _ _ _ _ _ _ _ _ _ \npages/main_page.py:130: in check_delivery_link\n    self.driver.find_element(*self._delivery_link).click()\n/usr/local/lib/python3.11/site-packages/selenium/webdriver/remote/webdriver.py:740: in find_element\n    return self.execute(Command.FIND_ELEMENT, {\"using\": by, \"value\": value})[\"value\"]\n/usr/local/lib/python3.11/site-packages/selenium/webdriver/remote/webdriver.py:346: in execute\n    self.error_handler.check_response(response)\n_ _ _ _ _ _ _ _ _ _ _ _ _ _ _ _ _ _ _ _ _ _ _ _ _ _ _ _ _ _ _ _ _ _ _ _ _ _ _ _ \n\nself = <selenium.webdriver.remote.errorhandler.ErrorHandler object at 0x7fc0a3219a50>\nresponse = {'status': 404, 'value': '{\"value\":{\"error\":\"no such element\",\"message\":\"no such element: Unable to locate element: {\\...\\\\n#16 0x5640678b793b \\\\u003Cunknown>\\\\n#17 0x5640678c79f4 \\\\u003Cunknown>\\\\n#18 0x7ff884d14134 \\\\u003Cunknown>\\\\n\"}}'}\n\n    def check_response(self, response: Dict[str, Any]) -> None:\n        \"\"\"Checks that a JSON response from the WebDriver does not have an\n        error.\n    \n        :Args:\n         - response - The JSON response from the WebDriver server as a dictionary\n           object.\n    \n        :Raises: If the response contains an error message.\n        \"\"\"\n        status = response.get(\"status\", None)\n        if not status or status == ErrorCode.SUCCESS:\n            return\n        value = None\n        message = response.get(\"message\", \"\")\n        screen: str = response.get(\"screen\", \"\")\n        stacktrace = None\n        if isinstance(status, int):\n            value_json = response.get(\"value\", None)\n            if value_json and isinstance(value_json, str):\n                import json\n    \n                try:\n                    value = json.loads(value_json)\n                    if len(value) == 1:\n                        value = value[\"value\"]\n                    status = value.get(\"error\", None)\n                    if not status:\n                        status = value.get(\"status\", ErrorCode.UNKNOWN_ERROR)\n                        message = value.get(\"value\") or value.get(\"message\")\n                        if not isinstance(message, str):\n                            value = message\n                            message = message.get(\"message\")\n                    else:\n                        message = value.get(\"message\", None)\n                except ValueError:\n                    pass\n    \n        exception_class: Type[WebDriverException]\n        if status in ErrorCode.NO_SUCH_ELEMENT:\n            exception_class = NoSuchElementException\n        elif status in ErrorCode.NO_SUCH_FRAME:\n            exception_class = NoSuchFrameException\n        elif status in ErrorCode.NO_SUCH_SHADOW_ROOT:\n            exception_class = NoSuchShadowRootException\n        elif status in ErrorCode.NO_SUCH_WINDOW:\n            exception_class = NoSuchWindowException\n        elif status in ErrorCode.STALE_ELEMENT_REFERENCE:\n            exception_class = StaleElementReferenceException\n        elif status in ErrorCode.ELEMENT_NOT_VISIBLE:\n            exception_class = ElementNotVisibleException\n        elif status in ErrorCode.INVALID_ELEMENT_STATE:\n            exception_class = InvalidElementStateException\n        elif (\n            status in ErrorCode.INVALID_SELECTOR\n            or status in ErrorCode.INVALID_XPATH_SELECTOR\n            or status in ErrorCode.INVALID_XPATH_SELECTOR_RETURN_TYPER\n        ):\n            exception_class = InvalidSelectorException\n        elif status in ErrorCode.ELEMENT_IS_NOT_SELECTABLE:\n            exception_class = ElementNotSelectableException\n        elif status in ErrorCode.ELEMENT_NOT_INTERACTABLE:\n            exception_class = ElementNotInteractableException\n        elif status in ErrorCode.INVALID_COOKIE_DOMAIN:\n            exception_class = InvalidCookieDomainException\n        elif status in ErrorCode.UNABLE_TO_SET_COOKIE:\n            exception_class = UnableToSetCookieException\n        elif status in ErrorCode.TIMEOUT:\n            exception_class = TimeoutException\n        elif status in ErrorCode.SCRIPT_TIMEOUT:\n            exception_class = TimeoutException\n        elif status in ErrorCode.UNKNOWN_ERROR:\n            exception_class = WebDriverException\n        elif status in ErrorCode.UNEXPECTED_ALERT_OPEN:\n            exception_class = UnexpectedAlertPresentException\n        elif status in ErrorCode.NO_ALERT_OPEN:\n            exception_class = NoAlertPresentException\n        elif status in ErrorCode.IME_NOT_AVAILABLE:\n            exception_class = ImeNotAvailableException\n        elif status in ErrorCode.IME_ENGINE_ACTIVATION_FAILED:\n            exception_class = ImeActivationFailedException\n        elif status in ErrorCode.MOVE_TARGET_OUT_OF_BOUNDS:\n            exception_class = MoveTargetOutOfBoundsException\n        elif status in ErrorCode.JAVASCRIPT_ERROR:\n            exception_class = JavascriptException\n        elif status in ErrorCode.SESSION_NOT_CREATED:\n            exception_class = SessionNotCreatedException\n        elif status in ErrorCode.INVALID_ARGUMENT:\n            exception_class = InvalidArgumentException\n        elif status in ErrorCode.NO_SUCH_COOKIE:\n            exception_class = NoSuchCookieException\n        elif status in ErrorCode.UNABLE_TO_CAPTURE_SCREEN:\n            exception_class = ScreenshotException\n        elif status in ErrorCode.ELEMENT_CLICK_INTERCEPTED:\n            exception_class = ElementClickInterceptedException\n        elif status in ErrorCode.INSECURE_CERTIFICATE:\n            exception_class = InsecureCertificateException\n        elif status in ErrorCode.INVALID_COORDINATES:\n            exception_class = InvalidCoordinatesException\n        elif status in ErrorCode.INVALID_SESSION_ID:\n            exception_class = InvalidSessionIdException\n        elif status in ErrorCode.UNKNOWN_METHOD:\n            exception_class = UnknownMethodException\n        else:\n            exception_class = WebDriverException\n        if not value:\n            value = response[\"value\"]\n        if isinstance(value, str):\n            raise exception_class(value)\n        if message == \"\" and \"message\" in value:\n            message = value[\"message\"]\n    \n        screen = None  # type: ignore[assignment]\n        if \"screen\" in value:\n            screen = value[\"screen\"]\n    \n        stacktrace = None\n        st_value = value.get(\"stackTrace\") or value.get(\"stacktrace\")\n        if st_value:\n            if isinstance(st_value, str):\n                stacktrace = st_value.split(\"\\n\")\n            else:\n                stacktrace = []\n                try:\n                    for frame in st_value:\n                        line = frame.get(\"lineNumber\", \"\")\n                        file = frame.get(\"fileName\", \"<anonymous>\")\n                        if line:\n                            file = f\"{file}:{line}\"\n                        meth = frame.get(\"methodName\", \"<anonymous>\")\n                        if \"className\" in frame:\n                            meth = f\"{frame['className']}.{meth}\"\n                        msg = \"    at %s (%s)\"\n                        msg = msg % (meth, file)\n                        stacktrace.append(msg)\n                except TypeError:\n                    pass\n        if exception_class == UnexpectedAlertPresentException:\n            alert_text = None\n            if \"data\" in value:\n                alert_text = value[\"data\"].get(\"text\")\n            elif \"alert\" in value:\n                alert_text = value[\"alert\"].get(\"text\")\n            raise exception_class(message, screen, stacktrace, alert_text)  # type: ignore[call-arg]  # mypy is not smart enough here\n>       raise exception_class(message, screen, stacktrace)\nE       selenium.common.exceptions.NoSuchElementException: Message: no such element: Unable to locate element: {\"method\":\"xpath\",\"selector\":\"(//a[@href='/dostavka'])[3]\"}\nE         (Session info: chrome-headless-shell=123.0.6312.86); For documentation on this error, please visit: https://www.selenium.dev/documentation/webdriver/troubleshooting/errors#no-such-element-exception\nE       Stacktrace:\nE       #0 0x5640678c88a3 <unknown>\nE       #1 0x5640675be8c6 <unknown>\nE       #2 0x564067609618 <unknown>\nE       #3 0x5640676096d1 <unknown>\nE       #4 0x56406764c744 <unknown>\nE       #5 0x56406762b5cd <unknown>\nE       #6 0x564067649c19 <unknown>\nE       #7 0x56406762b343 <unknown>\nE       #8 0x5640675fc593 <unknown>\nE       #9 0x5640675fcf5e <unknown>\nE       #10 0x56406788c88b <unknown>\nE       #11 0x5640678907e5 <unknown>\nE       #12 0x56406787a5b1 <unknown>\nE       #13 0x564067891372 <unknown>\nE       #14 0x56406785f8bf <unknown>\nE       #15 0x5640678b7768 <unknown>\nE       #16 0x5640678b793b <unknown>\nE       #17 0x5640678c79f4 <unknown>\nE       #18 0x7ff884d14134 <unknown>\n\n/usr/local/lib/python3.11/site-packages/selenium/webdriver/remote/errorhandler.py:245: NoSuchElementException","flaky":false,"newFailed":false,"newBroken":false,"newPassed":false,"retriesCount":0,"retriesStatusChange":false,"beforeStages":[{"name":"_session_faker","time":{"start":1711501244430,"stop":1711501244494,"duration":64},"status":"passed","steps":[],"attachments":[],"parameters":[],"shouldDisplayMessage":false,"stepsCount":0,"attachmentsCount":0,"hasContent":false,"attachmentStep":false},{"name":"clear_allure_results_folder","time":{"start":1711501244495,"stop":1711501244495,"duration":0},"status":"passed","steps":[],"attachments":[],"parameters":[],"shouldDisplayMessage":false,"stepsCount":0,"attachmentsCount":0,"hasContent":false,"attachmentStep":false},{"name":"driver","time":{"start":1711501395366,"stop":1711501396096,"duration":730},"status":"passed","steps":[],"attachments":[],"parameters":[],"shouldDisplayMessage":false,"stepsCount":0,"attachmentsCount":0,"hasContent":false,"attachmentStep":false},{"name":"setup","time":{"start":1711501396097,"stop":1711501396097,"duration":0},"status":"passed","steps":[],"attachments":[],"parameters":[],"shouldDisplayMessage":false,"stepsCount":0,"attachmentsCount":0,"hasContent":false,"attachmentStep":false},{"name":"main_page","time":{"start":1711501396097,"stop":1711501396671,"duration":574},"status":"passed","steps":[],"attachments":[],"parameters":[],"shouldDisplayMessage":false,"stepsCount":0,"attachmentsCount":0,"hasContent":false,"attachmentStep":false}],"testStage":{"status":"broken","statusMessage":"selenium.common.exceptions.NoSuchElementException: Message: no such element: Unable to locate element: {\"method\":\"xpath\",\"selector\":\"(//a[@href='/dostavka'])[3]\"}\n  (Session info: chrome-headless-shell=123.0.6312.86); For documentation on this error, please visit: https://www.selenium.dev/documentation/webdriver/troubleshooting/errors#no-such-element-exception\nStacktrace:\n#0 0x5640678c88a3 <unknown>\n#1 0x5640675be8c6 <unknown>\n#2 0x564067609618 <unknown>\n#3 0x5640676096d1 <unknown>\n#4 0x56406764c744 <unknown>\n#5 0x56406762b5cd <unknown>\n#6 0x564067649c19 <unknown>\n#7 0x56406762b343 <unknown>\n#8 0x5640675fc593 <unknown>\n#9 0x5640675fcf5e <unknown>\n#10 0x56406788c88b <unknown>\n#11 0x5640678907e5 <unknown>\n#12 0x56406787a5b1 <unknown>\n#13 0x564067891372 <unknown>\n#14 0x56406785f8bf <unknown>\n#15 0x5640678b7768 <unknown>\n#16 0x5640678b793b <unknown>\n#17 0x5640678c79f4 <unknown>\n#18 0x7ff884d14134 <unknown>","statusTrace":"self = <tests.test_main_page.TestMainPage object at 0x7fc0a249f110>\nmain_page = <pages.main_page.MainPage object at 0x7fc0a2e63d90>\n\n    @allure.feature(\"Footer functionality\")\n    @allure.title(\"TC 009 - Проверка функциональности ссылки 'Доставка'\")\n    @pytest.mark.smoke_test\n    def test_positive_footer_delivery_smoke(self, main_page):\n>       main_page.check_delivery_link()\n\ntests/test_main_page.py:90: \n_ _ _ _ _ _ _ _ _ _ _ _ _ _ _ _ _ _ _ _ _ _ _ _ _ _ _ _ _ _ _ _ _ _ _ _ _ _ _ _ \npages/main_page.py:130: in check_delivery_link\n    self.driver.find_element(*self._delivery_link).click()\n/usr/local/lib/python3.11/site-packages/selenium/webdriver/remote/webdriver.py:740: in find_element\n    return self.execute(Command.FIND_ELEMENT, {\"using\": by, \"value\": value})[\"value\"]\n/usr/local/lib/python3.11/site-packages/selenium/webdriver/remote/webdriver.py:346: in execute\n    self.error_handler.check_response(response)\n_ _ _ _ _ _ _ _ _ _ _ _ _ _ _ _ _ _ _ _ _ _ _ _ _ _ _ _ _ _ _ _ _ _ _ _ _ _ _ _ \n\nself = <selenium.webdriver.remote.errorhandler.ErrorHandler object at 0x7fc0a3219a50>\nresponse = {'status': 404, 'value': '{\"value\":{\"error\":\"no such element\",\"message\":\"no such element: Unable to locate element: {\\...\\\\n#16 0x5640678b793b \\\\u003Cunknown>\\\\n#17 0x5640678c79f4 \\\\u003Cunknown>\\\\n#18 0x7ff884d14134 \\\\u003Cunknown>\\\\n\"}}'}\n\n    def check_response(self, response: Dict[str, Any]) -> None:\n        \"\"\"Checks that a JSON response from the WebDriver does not have an\n        error.\n    \n        :Args:\n         - response - The JSON response from the WebDriver server as a dictionary\n           object.\n    \n        :Raises: If the response contains an error message.\n        \"\"\"\n        status = response.get(\"status\", None)\n        if not status or status == ErrorCode.SUCCESS:\n            return\n        value = None\n        message = response.get(\"message\", \"\")\n        screen: str = response.get(\"screen\", \"\")\n        stacktrace = None\n        if isinstance(status, int):\n            value_json = response.get(\"value\", None)\n            if value_json and isinstance(value_json, str):\n                import json\n    \n                try:\n                    value = json.loads(value_json)\n                    if len(value) == 1:\n                        value = value[\"value\"]\n                    status = value.get(\"error\", None)\n                    if not status:\n                        status = value.get(\"status\", ErrorCode.UNKNOWN_ERROR)\n                        message = value.get(\"value\") or value.get(\"message\")\n                        if not isinstance(message, str):\n                            value = message\n                            message = message.get(\"message\")\n                    else:\n                        message = value.get(\"message\", None)\n                except ValueError:\n                    pass\n    \n        exception_class: Type[WebDriverException]\n        if status in ErrorCode.NO_SUCH_ELEMENT:\n            exception_class = NoSuchElementException\n        elif status in ErrorCode.NO_SUCH_FRAME:\n            exception_class = NoSuchFrameException\n        elif status in ErrorCode.NO_SUCH_SHADOW_ROOT:\n            exception_class = NoSuchShadowRootException\n        elif status in ErrorCode.NO_SUCH_WINDOW:\n            exception_class = NoSuchWindowException\n        elif status in ErrorCode.STALE_ELEMENT_REFERENCE:\n            exception_class = StaleElementReferenceException\n        elif status in ErrorCode.ELEMENT_NOT_VISIBLE:\n            exception_class = ElementNotVisibleException\n        elif status in ErrorCode.INVALID_ELEMENT_STATE:\n            exception_class = InvalidElementStateException\n        elif (\n            status in ErrorCode.INVALID_SELECTOR\n            or status in ErrorCode.INVALID_XPATH_SELECTOR\n            or status in ErrorCode.INVALID_XPATH_SELECTOR_RETURN_TYPER\n        ):\n            exception_class = InvalidSelectorException\n        elif status in ErrorCode.ELEMENT_IS_NOT_SELECTABLE:\n            exception_class = ElementNotSelectableException\n        elif status in ErrorCode.ELEMENT_NOT_INTERACTABLE:\n            exception_class = ElementNotInteractableException\n        elif status in ErrorCode.INVALID_COOKIE_DOMAIN:\n            exception_class = InvalidCookieDomainException\n        elif status in ErrorCode.UNABLE_TO_SET_COOKIE:\n            exception_class = UnableToSetCookieException\n        elif status in ErrorCode.TIMEOUT:\n            exception_class = TimeoutException\n        elif status in ErrorCode.SCRIPT_TIMEOUT:\n            exception_class = TimeoutException\n        elif status in ErrorCode.UNKNOWN_ERROR:\n            exception_class = WebDriverException\n        elif status in ErrorCode.UNEXPECTED_ALERT_OPEN:\n            exception_class = UnexpectedAlertPresentException\n        elif status in ErrorCode.NO_ALERT_OPEN:\n            exception_class = NoAlertPresentException\n        elif status in ErrorCode.IME_NOT_AVAILABLE:\n            exception_class = ImeNotAvailableException\n        elif status in ErrorCode.IME_ENGINE_ACTIVATION_FAILED:\n            exception_class = ImeActivationFailedException\n        elif status in ErrorCode.MOVE_TARGET_OUT_OF_BOUNDS:\n            exception_class = MoveTargetOutOfBoundsException\n        elif status in ErrorCode.JAVASCRIPT_ERROR:\n            exception_class = JavascriptException\n        elif status in ErrorCode.SESSION_NOT_CREATED:\n            exception_class = SessionNotCreatedException\n        elif status in ErrorCode.INVALID_ARGUMENT:\n            exception_class = InvalidArgumentException\n        elif status in ErrorCode.NO_SUCH_COOKIE:\n            exception_class = NoSuchCookieException\n        elif status in ErrorCode.UNABLE_TO_CAPTURE_SCREEN:\n            exception_class = ScreenshotException\n        elif status in ErrorCode.ELEMENT_CLICK_INTERCEPTED:\n            exception_class = ElementClickInterceptedException\n        elif status in ErrorCode.INSECURE_CERTIFICATE:\n            exception_class = InsecureCertificateException\n        elif status in ErrorCode.INVALID_COORDINATES:\n            exception_class = InvalidCoordinatesException\n        elif status in ErrorCode.INVALID_SESSION_ID:\n            exception_class = InvalidSessionIdException\n        elif status in ErrorCode.UNKNOWN_METHOD:\n            exception_class = UnknownMethodException\n        else:\n            exception_class = WebDriverException\n        if not value:\n            value = response[\"value\"]\n        if isinstance(value, str):\n            raise exception_class(value)\n        if message == \"\" and \"message\" in value:\n            message = value[\"message\"]\n    \n        screen = None  # type: ignore[assignment]\n        if \"screen\" in value:\n            screen = value[\"screen\"]\n    \n        stacktrace = None\n        st_value = value.get(\"stackTrace\") or value.get(\"stacktrace\")\n        if st_value:\n            if isinstance(st_value, str):\n                stacktrace = st_value.split(\"\\n\")\n            else:\n                stacktrace = []\n                try:\n                    for frame in st_value:\n                        line = frame.get(\"lineNumber\", \"\")\n                        file = frame.get(\"fileName\", \"<anonymous>\")\n                        if line:\n                            file = f\"{file}:{line}\"\n                        meth = frame.get(\"methodName\", \"<anonymous>\")\n                        if \"className\" in frame:\n                            meth = f\"{frame['className']}.{meth}\"\n                        msg = \"    at %s (%s)\"\n                        msg = msg % (meth, file)\n                        stacktrace.append(msg)\n                except TypeError:\n                    pass\n        if exception_class == UnexpectedAlertPresentException:\n            alert_text = None\n            if \"data\" in value:\n                alert_text = value[\"data\"].get(\"text\")\n            elif \"alert\" in value:\n                alert_text = value[\"alert\"].get(\"text\")\n            raise exception_class(message, screen, stacktrace, alert_text)  # type: ignore[call-arg]  # mypy is not smart enough here\n>       raise exception_class(message, screen, stacktrace)\nE       selenium.common.exceptions.NoSuchElementException: Message: no such element: Unable to locate element: {\"method\":\"xpath\",\"selector\":\"(//a[@href='/dostavka'])[3]\"}\nE         (Session info: chrome-headless-shell=123.0.6312.86); For documentation on this error, please visit: https://www.selenium.dev/documentation/webdriver/troubleshooting/errors#no-such-element-exception\nE       Stacktrace:\nE       #0 0x5640678c88a3 <unknown>\nE       #1 0x5640675be8c6 <unknown>\nE       #2 0x564067609618 <unknown>\nE       #3 0x5640676096d1 <unknown>\nE       #4 0x56406764c744 <unknown>\nE       #5 0x56406762b5cd <unknown>\nE       #6 0x564067649c19 <unknown>\nE       #7 0x56406762b343 <unknown>\nE       #8 0x5640675fc593 <unknown>\nE       #9 0x5640675fcf5e <unknown>\nE       #10 0x56406788c88b <unknown>\nE       #11 0x5640678907e5 <unknown>\nE       #12 0x56406787a5b1 <unknown>\nE       #13 0x564067891372 <unknown>\nE       #14 0x56406785f8bf <unknown>\nE       #15 0x5640678b7768 <unknown>\nE       #16 0x5640678b793b <unknown>\nE       #17 0x5640678c79f4 <unknown>\nE       #18 0x7ff884d14134 <unknown>\n\n/usr/local/lib/python3.11/site-packages/selenium/webdriver/remote/errorhandler.py:245: NoSuchElementException","steps":[{"name":"Проверка функциональности ссылки 'Доставка'","time":{"start":1711501396672,"stop":1711501396684,"duration":12},"status":"broken","statusMessage":"selenium.common.exceptions.NoSuchElementException: Message: no such element: Unable to locate element: {\"method\":\"xpath\",\"selector\":\"(//a[@href='/dostavka'])[3]\"}\n  (Session info: chrome-headless-shell=123.0.6312.86); For documentation on this error, please visit: https://www.selenium.dev/documentation/webdriver/troubleshooting/errors#no-such-element-exception\nStacktrace:\n#0 0x5640678c88a3 <unknown>\n#1 0x5640675be8c6 <unknown>\n#2 0x564067609618 <unknown>\n#3 0x5640676096d1 <unknown>\n#4 0x56406764c744 <unknown>\n#5 0x56406762b5cd <unknown>\n#6 0x564067649c19 <unknown>\n#7 0x56406762b343 <unknown>\n#8 0x5640675fc593 <unknown>\n#9 0x5640675fcf5e <unknown>\n#10 0x56406788c88b <unknown>\n#11 0x5640678907e5 <unknown>\n#12 0x56406787a5b1 <unknown>\n#13 0x564067891372 <unknown>\n#14 0x56406785f8bf <unknown>\n#15 0x5640678b7768 <unknown>\n#16 0x5640678b793b <unknown>\n#17 0x5640678c79f4 <unknown>\n#18 0x7ff884d14134 <unknown>\n\n","statusTrace":"  File \"/usr/local/lib/python3.11/site-packages/allure_commons/_allure.py\", line 192, in impl\n    return func(*a, **kw)\n           ^^^^^^^^^^^^^^\n  File \"/app/pages/main_page.py\", line 130, in check_delivery_link\n    self.driver.find_element(*self._delivery_link).click()\n    ^^^^^^^^^^^^^^^^^^^^^^^^^^^^^^^^^^^^^^^^^^^^^^\n  File \"/usr/local/lib/python3.11/site-packages/selenium/webdriver/remote/webdriver.py\", line 740, in find_element\n    return self.execute(Command.FIND_ELEMENT, {\"using\": by, \"value\": value})[\"value\"]\n           ^^^^^^^^^^^^^^^^^^^^^^^^^^^^^^^^^^^^^^^^^^^^^^^^^^^^^^^^^^^^^^^^^\n  File \"/usr/local/lib/python3.11/site-packages/selenium/webdriver/remote/webdriver.py\", line 346, in execute\n    self.error_handler.check_response(response)\n  File \"/usr/local/lib/python3.11/site-packages/selenium/webdriver/remote/errorhandler.py\", line 245, in check_response\n    raise exception_class(message, screen, stacktrace)\n","steps":[],"attachments":[],"parameters":[],"shouldDisplayMessage":true,"stepsCount":0,"attachmentsCount":0,"hasContent":true,"attachmentStep":false}],"attachments":[{"uid":"8ceb301d0443a672","name":"Screenshot","source":"8ceb301d0443a672.png","type":"image/png","size":39106},{"uid":"8eec04257ebb537b","name":"HTML source","source":"8eec04257ebb537b.html","type":"text/html","size":538}],"parameters":[],"shouldDisplayMessage":true,"stepsCount":1,"attachmentsCount":2,"hasContent":true,"attachmentStep":false},"afterStages":[{"name":"setup::0","time":{"start":1711501396796,"stop":1711501396796,"duration":0},"status":"passed","steps":[],"attachments":[],"parameters":[],"shouldDisplayMessage":false,"stepsCount":0,"attachmentsCount":0,"hasContent":false,"attachmentStep":false},{"name":"driver::0","time":{"start":1711501396796,"stop":1711501396853,"duration":57},"status":"passed","steps":[],"attachments":[],"parameters":[],"shouldDisplayMessage":false,"stepsCount":0,"attachmentsCount":0,"hasContent":false,"attachmentStep":false}],"labels":[{"name":"epic","value":"Main Page"},{"name":"feature","value":"Footer functionality"},{"name":"tag","value":"smoke_test"},{"name":"parentSuite","value":"tests"},{"name":"suite","value":"test_main_page"},{"name":"subSuite","value":"TestMainPage"},{"name":"host","value":"b727ca8818bd"},{"name":"thread","value":"1-MainThread"},{"name":"framework","value":"pytest"},{"name":"language","value":"cpython3"},{"name":"package","value":"tests.test_main_page"},{"name":"resultFormat","value":"allure2"}],"parameters":[{"name":"url","value":"'https://test2.stroyrem-nn.ru/'"}],"links":[],"hidden":false,"retry":false,"extra":{"severity":"normal","retries":[],"categories":[{"name":"Test defects","matchedStatuses":[],"flaky":false}],"history":{"statistic":{"failed":0,"broken":196,"skipped":0,"passed":35,"unknown":0,"total":231},"items":[{"uid":"962f959dd00e9078","reportUrl":"https://zaelcovsky.github.io/StroyremAutomation/273//#testresult/962f959dd00e9078","status":"broken","statusDetails":"selenium.common.exceptions.NoSuchElementException: Message: no such element: Unable to locate element: {\"method\":\"xpath\",\"selector\":\"(//a[@href='/dostavka'])[3]\"}\n  (Session info: chrome-headless-shell=123.0.6312.58); For documentation on this error, please visit: https://www.selenium.dev/documentation/webdriver/troubleshooting/errors#no-such-element-exception\nStacktrace:\n#0 0x55f76cb80993 <unknown>\n#1 0x55f76c87b136 <unknown>\n#2 0x55f76c8c5d48 <unknown>\n#3 0x55f76c8c5e01 <unknown>\n#4 0x55f76c908e44 <unknown>\n#5 0x55f76c8e7cfd <unknown>\n#6 0x55f76c906319 <unknown>\n#7 0x55f76c8e7a73 <unknown>\n#8 0x55f76c8b8c93 <unknown>\n#9 0x55f76c8b965e <unknown>\n#10 0x55f76cb4508b <unknown>\n#11 0x55f76cb49005 <unknown>\n#12 0x55f76cb33491 <unknown>\n#13 0x55f76cb49b92 <unknown>\n#14 0x55f76cb189ef <unknown>\n#15 0x55f76cb6fdf8 <unknown>\n#16 0x55f76cb6ffcb <unknown>\n#17 0x55f76cb7fae4 <unknown>\n#18 0x7ff014183134 <unknown>","time":{"start":1711414985968,"stop":1711414985981,"duration":13}},{"uid":"f24c654e13e1170d","reportUrl":"https://zaelcovsky.github.io/StroyremAutomation/272//#testresult/f24c654e13e1170d","status":"broken","statusDetails":"selenium.common.exceptions.NoSuchElementException: Message: no such element: Unable to locate element: {\"method\":\"xpath\",\"selector\":\"(//a[@href='/dostavka'])[3]\"}\n  (Session info: chrome-headless-shell=123.0.6312.58); For documentation on this error, please visit: https://www.selenium.dev/documentation/webdriver/troubleshooting/errors#no-such-element-exception\nStacktrace:\n#0 0x559662d16993 <unknown>\n#1 0x559662a11136 <unknown>\n#2 0x559662a5bd48 <unknown>\n#3 0x559662a5be01 <unknown>\n#4 0x559662a9ee44 <unknown>\n#5 0x559662a7dcfd <unknown>\n#6 0x559662a9c319 <unknown>\n#7 0x559662a7da73 <unknown>\n#8 0x559662a4ec93 <unknown>\n#9 0x559662a4f65e <unknown>\n#10 0x559662cdb08b <unknown>\n#11 0x559662cdf005 <unknown>\n#12 0x559662cc9491 <unknown>\n#13 0x559662cdfb92 <unknown>\n#14 0x559662cae9ef <unknown>\n#15 0x559662d05df8 <unknown>\n#16 0x559662d05fcb <unknown>\n#17 0x559662d15ae4 <unknown>\n#18 0x7ffad1013134 <unknown>","time":{"start":1711328664998,"stop":1711328665011,"duration":13}},{"uid":"f4812b0b1b8432de","reportUrl":"https://zaelcovsky.github.io/StroyremAutomation/271//#testresult/f4812b0b1b8432de","status":"broken","statusDetails":"selenium.common.exceptions.NoSuchElementException: Message: no such element: Unable to locate element: {\"method\":\"xpath\",\"selector\":\"(//a[@href='/dostavka'])[3]\"}\n  (Session info: chrome-headless-shell=123.0.6312.58); For documentation on this error, please visit: https://www.selenium.dev/documentation/webdriver/troubleshooting/errors#no-such-element-exception\nStacktrace:\n#0 0x5620b044f993 <unknown>\n#1 0x5620b014a136 <unknown>\n#2 0x5620b0194d48 <unknown>\n#3 0x5620b0194e01 <unknown>\n#4 0x5620b01d7e44 <unknown>\n#5 0x5620b01b6cfd <unknown>\n#6 0x5620b01d5319 <unknown>\n#7 0x5620b01b6a73 <unknown>\n#8 0x5620b0187c93 <unknown>\n#9 0x5620b018865e <unknown>\n#10 0x5620b041408b <unknown>\n#11 0x5620b0418005 <unknown>\n#12 0x5620b0402491 <unknown>\n#13 0x5620b0418b92 <unknown>\n#14 0x5620b03e79ef <unknown>\n#15 0x5620b043edf8 <unknown>\n#16 0x5620b043efcb <unknown>\n#17 0x5620b044eae4 <unknown>\n#18 0x7f3d3a610134 <unknown>","time":{"start":1711242550730,"stop":1711242550742,"duration":12}},{"uid":"172953ddbdebffe4","reportUrl":"https://zaelcovsky.github.io/StroyremAutomation/270//#testresult/172953ddbdebffe4","status":"broken","statusDetails":"selenium.common.exceptions.NoSuchElementException: Message: no such element: Unable to locate element: {\"method\":\"xpath\",\"selector\":\"(//a[@href='/dostavka'])[3]\"}\n  (Session info: chrome-headless-shell=123.0.6312.58); For documentation on this error, please visit: https://www.selenium.dev/documentation/webdriver/troubleshooting/errors#no-such-element-exception\nStacktrace:\n#0 0x5618761e8993 <unknown>\n#1 0x561875ee3136 <unknown>\n#2 0x561875f2dd48 <unknown>\n#3 0x561875f2de01 <unknown>\n#4 0x561875f70e44 <unknown>\n#5 0x561875f4fcfd <unknown>\n#6 0x561875f6e319 <unknown>\n#7 0x561875f4fa73 <unknown>\n#8 0x561875f20c93 <unknown>\n#9 0x561875f2165e <unknown>\n#10 0x5618761ad08b <unknown>\n#11 0x5618761b1005 <unknown>\n#12 0x56187619b491 <unknown>\n#13 0x5618761b1b92 <unknown>\n#14 0x5618761809ef <unknown>\n#15 0x5618761d7df8 <unknown>\n#16 0x5618761d7fcb <unknown>\n#17 0x5618761e7ae4 <unknown>\n#18 0x7f84421f0134 <unknown>","time":{"start":1711155689520,"stop":1711155689533,"duration":13}},{"uid":"3ce42658ced3882d","reportUrl":"https://zaelcovsky.github.io/StroyremAutomation/269//#testresult/3ce42658ced3882d","status":"broken","statusDetails":"selenium.common.exceptions.NoSuchElementException: Message: no such element: Unable to locate element: {\"method\":\"xpath\",\"selector\":\"(//a[@href='/dostavka'])[3]\"}\n  (Session info: chrome-headless-shell=123.0.6312.58); For documentation on this error, please visit: https://www.selenium.dev/documentation/webdriver/troubleshooting/errors#no-such-element-exception\nStacktrace:\n#0 0x55dc4b7a2993 <unknown>\n#1 0x55dc4b49d136 <unknown>\n#2 0x55dc4b4e7d48 <unknown>\n#3 0x55dc4b4e7e01 <unknown>\n#4 0x55dc4b52ae44 <unknown>\n#5 0x55dc4b509cfd <unknown>\n#6 0x55dc4b528319 <unknown>\n#7 0x55dc4b509a73 <unknown>\n#8 0x55dc4b4dac93 <unknown>\n#9 0x55dc4b4db65e <unknown>\n#10 0x55dc4b76708b <unknown>\n#11 0x55dc4b76b005 <unknown>\n#12 0x55dc4b755491 <unknown>\n#13 0x55dc4b76bb92 <unknown>\n#14 0x55dc4b73a9ef <unknown>\n#15 0x55dc4b791df8 <unknown>\n#16 0x55dc4b791fcb <unknown>\n#17 0x55dc4b7a1ae4 <unknown>\n#18 0x7f3155f89134 <unknown>","time":{"start":1711069373224,"stop":1711069373237,"duration":13}},{"uid":"afdc446b25b0b839","reportUrl":"https://zaelcovsky.github.io/StroyremAutomation/268//#testresult/afdc446b25b0b839","status":"broken","statusDetails":"selenium.common.exceptions.NoSuchElementException: Message: no such element: Unable to locate element: {\"method\":\"xpath\",\"selector\":\"(//a[@href='/dostavka'])[3]\"}\n  (Session info: chrome-headless-shell=123.0.6312.58); For documentation on this error, please visit: https://www.selenium.dev/documentation/webdriver/troubleshooting/errors#no-such-element-exception\nStacktrace:\n#0 0x5612ac739993 <unknown>\n#1 0x5612ac434136 <unknown>\n#2 0x5612ac47ed48 <unknown>\n#3 0x5612ac47ee01 <unknown>\n#4 0x5612ac4c1e44 <unknown>\n#5 0x5612ac4a0cfd <unknown>\n#6 0x5612ac4bf319 <unknown>\n#7 0x5612ac4a0a73 <unknown>\n#8 0x5612ac471c93 <unknown>\n#9 0x5612ac47265e <unknown>\n#10 0x5612ac6fe08b <unknown>\n#11 0x5612ac702005 <unknown>\n#12 0x5612ac6ec491 <unknown>\n#13 0x5612ac702b92 <unknown>\n#14 0x5612ac6d19ef <unknown>\n#15 0x5612ac728df8 <unknown>\n#16 0x5612ac728fcb <unknown>\n#17 0x5612ac738ae4 <unknown>\n#18 0x7f9c0cd7a134 <unknown>","time":{"start":1710983062843,"stop":1710983062856,"duration":13}},{"uid":"19a6bde89ef2f631","reportUrl":"https://zaelcovsky.github.io/StroyremAutomation/267//#testresult/19a6bde89ef2f631","status":"broken","statusDetails":"selenium.common.exceptions.NoSuchElementException: Message: no such element: Unable to locate element: {\"method\":\"xpath\",\"selector\":\"(//a[@href='/dostavka'])[3]\"}\n  (Session info: chrome-headless-shell=123.0.6312.58); For documentation on this error, please visit: https://www.selenium.dev/documentation/webdriver/troubleshooting/errors#no-such-element-exception\nStacktrace:\n#0 0x5d819c73b993 <unknown>\n#1 0x5d819c436136 <unknown>\n#2 0x5d819c480d48 <unknown>\n#3 0x5d819c480e01 <unknown>\n#4 0x5d819c4c3e44 <unknown>\n#5 0x5d819c4a2cfd <unknown>\n#6 0x5d819c4c1319 <unknown>\n#7 0x5d819c4a2a73 <unknown>\n#8 0x5d819c473c93 <unknown>\n#9 0x5d819c47465e <unknown>\n#10 0x5d819c70008b <unknown>\n#11 0x5d819c704005 <unknown>\n#12 0x5d819c6ee491 <unknown>\n#13 0x5d819c704b92 <unknown>\n#14 0x5d819c6d39ef <unknown>\n#15 0x5d819c72adf8 <unknown>\n#16 0x5d819c72afcb <unknown>\n#17 0x5d819c73aae4 <unknown>\n#18 0x758026962134 <unknown>","time":{"start":1710896568601,"stop":1710896568614,"duration":13}},{"uid":"b9e703189b6adba1","reportUrl":"https://zaelcovsky.github.io/StroyremAutomation/266//#testresult/b9e703189b6adba1","status":"broken","statusDetails":"selenium.common.exceptions.NoSuchElementException: Message: no such element: Unable to locate element: {\"method\":\"xpath\",\"selector\":\"(//a[@href='/dostavka'])[3]\"}\n  (Session info: chrome-headless-shell=122.0.6261.128); For documentation on this error, please visit: https://www.selenium.dev/documentation/webdriver/troubleshooting/errors#no-such-element-exception\nStacktrace:\n#0 0x64d03fb16f33 <unknown>\n#1 0x64d03f80ece6 <unknown>\n#2 0x64d03f859e48 <unknown>\n#3 0x64d03f859f01 <unknown>\n#4 0x64d03f89d3f4 <unknown>\n#5 0x64d03f87bedd <unknown>\n#6 0x64d03f89a899 <unknown>\n#7 0x64d03f87bc53 <unknown>\n#8 0x64d03f84cdb3 <unknown>\n#9 0x64d03f84d77e <unknown>\n#10 0x64d03fadc86b <unknown>\n#11 0x64d03fae0885 <unknown>\n#12 0x64d03faca181 <unknown>\n#13 0x64d03fae1412 <unknown>\n#14 0x64d03faae25f <unknown>\n#15 0x64d03fb05528 <unknown>\n#16 0x64d03fb05723 <unknown>\n#17 0x64d03fb160e4 <unknown>\n#18 0x71b00ee9c134 <unknown>","time":{"start":1710810149295,"stop":1710810149308,"duration":13}},{"uid":"3b2b80ccb97e1dc","reportUrl":"https://zaelcovsky.github.io/StroyremAutomation/265//#testresult/3b2b80ccb97e1dc","status":"broken","statusDetails":"selenium.common.exceptions.NoSuchElementException: Message: no such element: Unable to locate element: {\"method\":\"xpath\",\"selector\":\"(//a[@href='/dostavka'])[3]\"}\n  (Session info: chrome-headless-shell=122.0.6261.128); For documentation on this error, please visit: https://www.selenium.dev/documentation/webdriver/troubleshooting/errors#no-such-element-exception\nStacktrace:\n#0 0x5f15faa10f33 <unknown>\n#1 0x5f15fa708ce6 <unknown>\n#2 0x5f15fa753e48 <unknown>\n#3 0x5f15fa753f01 <unknown>\n#4 0x5f15fa7973f4 <unknown>\n#5 0x5f15fa775edd <unknown>\n#6 0x5f15fa794899 <unknown>\n#7 0x5f15fa775c53 <unknown>\n#8 0x5f15fa746db3 <unknown>\n#9 0x5f15fa74777e <unknown>\n#10 0x5f15fa9d686b <unknown>\n#11 0x5f15fa9da885 <unknown>\n#12 0x5f15fa9c4181 <unknown>\n#13 0x5f15fa9db412 <unknown>\n#14 0x5f15fa9a825f <unknown>\n#15 0x5f15fa9ff528 <unknown>\n#16 0x5f15fa9ff723 <unknown>\n#17 0x5f15faa100e4 <unknown>\n#18 0x71fe36980134 <unknown>","time":{"start":1710723837092,"stop":1710723837105,"duration":13}},{"uid":"4380357de85f4e32","reportUrl":"https://zaelcovsky.github.io/StroyremAutomation/264//#testresult/4380357de85f4e32","status":"broken","statusDetails":"selenium.common.exceptions.NoSuchElementException: Message: no such element: Unable to locate element: {\"method\":\"xpath\",\"selector\":\"(//a[@href='/dostavka'])[3]\"}\n  (Session info: chrome-headless-shell=122.0.6261.128); For documentation on this error, please visit: https://www.selenium.dev/documentation/webdriver/troubleshooting/errors#no-such-element-exception\nStacktrace:\n#0 0x556494873f33 <unknown>\n#1 0x55649456bce6 <unknown>\n#2 0x5564945b6e48 <unknown>\n#3 0x5564945b6f01 <unknown>\n#4 0x5564945fa3f4 <unknown>\n#5 0x5564945d8edd <unknown>\n#6 0x5564945f7899 <unknown>\n#7 0x5564945d8c53 <unknown>\n#8 0x5564945a9db3 <unknown>\n#9 0x5564945aa77e <unknown>\n#10 0x55649483986b <unknown>\n#11 0x55649483d885 <unknown>\n#12 0x556494827181 <unknown>\n#13 0x55649483e412 <unknown>\n#14 0x55649480b25f <unknown>\n#15 0x556494862528 <unknown>\n#16 0x556494862723 <unknown>\n#17 0x5564948730e4 <unknown>\n#18 0x74418d80d134 <unknown>","time":{"start":1710637606107,"stop":1710637606120,"duration":13}},{"uid":"74ea00ba972acf24","reportUrl":"https://zaelcovsky.github.io/StroyremAutomation/263//#testresult/74ea00ba972acf24","status":"broken","statusDetails":"selenium.common.exceptions.NoSuchElementException: Message: no such element: Unable to locate element: {\"method\":\"xpath\",\"selector\":\"(//a[@href='/dostavka'])[3]\"}\n  (Session info: chrome-headless-shell=122.0.6261.128); For documentation on this error, please visit: https://www.selenium.dev/documentation/webdriver/troubleshooting/errors#no-such-element-exception\nStacktrace:\n#0 0x5d32ca9aaf33 <unknown>\n#1 0x5d32ca6a2ce6 <unknown>\n#2 0x5d32ca6ede48 <unknown>\n#3 0x5d32ca6edf01 <unknown>\n#4 0x5d32ca7313f4 <unknown>\n#5 0x5d32ca70fedd <unknown>\n#6 0x5d32ca72e899 <unknown>\n#7 0x5d32ca70fc53 <unknown>\n#8 0x5d32ca6e0db3 <unknown>\n#9 0x5d32ca6e177e <unknown>\n#10 0x5d32ca97086b <unknown>\n#11 0x5d32ca974885 <unknown>\n#12 0x5d32ca95e181 <unknown>\n#13 0x5d32ca975412 <unknown>\n#14 0x5d32ca94225f <unknown>\n#15 0x5d32ca999528 <unknown>\n#16 0x5d32ca999723 <unknown>\n#17 0x5d32ca9aa0e4 <unknown>\n#18 0x7f20f7a0e134 <unknown>","time":{"start":1710550875992,"stop":1710550876005,"duration":13}},{"uid":"c5205ba1039d8c98","reportUrl":"https://zaelcovsky.github.io/StroyremAutomation/262//#testresult/c5205ba1039d8c98","status":"broken","statusDetails":"selenium.common.exceptions.NoSuchElementException: Message: no such element: Unable to locate element: {\"method\":\"xpath\",\"selector\":\"(//a[@href='/dostavka'])[3]\"}\n  (Session info: chrome-headless-shell=122.0.6261.128); For documentation on this error, please visit: https://www.selenium.dev/documentation/webdriver/troubleshooting/errors#no-such-element-exception\nStacktrace:\n#0 0x564883242f33 <unknown>\n#1 0x564882f3ace6 <unknown>\n#2 0x564882f85e48 <unknown>\n#3 0x564882f85f01 <unknown>\n#4 0x564882fc93f4 <unknown>\n#5 0x564882fa7edd <unknown>\n#6 0x564882fc6899 <unknown>\n#7 0x564882fa7c53 <unknown>\n#8 0x564882f78db3 <unknown>\n#9 0x564882f7977e <unknown>\n#10 0x56488320886b <unknown>\n#11 0x56488320c885 <unknown>\n#12 0x5648831f6181 <unknown>\n#13 0x56488320d412 <unknown>\n#14 0x5648831da25f <unknown>\n#15 0x564883231528 <unknown>\n#16 0x564883231723 <unknown>\n#17 0x5648832420e4 <unknown>\n#18 0x799f044e5134 <unknown>","time":{"start":1710464626258,"stop":1710464626270,"duration":12}},{"uid":"4c437d6eb9175f77","reportUrl":"https://zaelcovsky.github.io/StroyremAutomation/261//#testresult/4c437d6eb9175f77","status":"broken","statusDetails":"selenium.common.exceptions.NoSuchElementException: Message: no such element: Unable to locate element: {\"method\":\"xpath\",\"selector\":\"(//a[@href='/dostavka'])[3]\"}\n  (Session info: chrome-headless-shell=122.0.6261.128); For documentation on this error, please visit: https://www.selenium.dev/documentation/webdriver/troubleshooting/errors#no-such-element-exception\nStacktrace:\n#0 0x590fa895df33 <unknown>\n#1 0x590fa8655ce6 <unknown>\n#2 0x590fa86a0e48 <unknown>\n#3 0x590fa86a0f01 <unknown>\n#4 0x590fa86e43f4 <unknown>\n#5 0x590fa86c2edd <unknown>\n#6 0x590fa86e1899 <unknown>\n#7 0x590fa86c2c53 <unknown>\n#8 0x590fa8693db3 <unknown>\n#9 0x590fa869477e <unknown>\n#10 0x590fa892386b <unknown>\n#11 0x590fa8927885 <unknown>\n#12 0x590fa8911181 <unknown>\n#13 0x590fa8928412 <unknown>\n#14 0x590fa88f525f <unknown>\n#15 0x590fa894c528 <unknown>\n#16 0x590fa894c723 <unknown>\n#17 0x590fa895d0e4 <unknown>\n#18 0x739e8a891134 <unknown>","time":{"start":1710378162770,"stop":1710378162782,"duration":12}},{"uid":"e2cad072bd866b8","reportUrl":"https://zaelcovsky.github.io/StroyremAutomation/260//#testresult/e2cad072bd866b8","status":"broken","statusDetails":"selenium.common.exceptions.NoSuchElementException: Message: no such element: Unable to locate element: {\"method\":\"xpath\",\"selector\":\"(//a[@href='/dostavka'])[3]\"}\n  (Session info: chrome-headless-shell=122.0.6261.128); For documentation on this error, please visit: https://www.selenium.dev/documentation/webdriver/troubleshooting/errors#no-such-element-exception\nStacktrace:\n#0 0x564320c48f33 <unknown>\n#1 0x564320940ce6 <unknown>\n#2 0x56432098be48 <unknown>\n#3 0x56432098bf01 <unknown>\n#4 0x5643209cf3f4 <unknown>\n#5 0x5643209adedd <unknown>\n#6 0x5643209cc899 <unknown>\n#7 0x5643209adc53 <unknown>\n#8 0x56432097edb3 <unknown>\n#9 0x56432097f77e <unknown>\n#10 0x564320c0e86b <unknown>\n#11 0x564320c12885 <unknown>\n#12 0x564320bfc181 <unknown>\n#13 0x564320c13412 <unknown>\n#14 0x564320be025f <unknown>\n#15 0x564320c37528 <unknown>\n#16 0x564320c37723 <unknown>\n#17 0x564320c480e4 <unknown>\n#18 0x7ff4625ee134 <unknown>","time":{"start":1710291943468,"stop":1710291943484,"duration":16}},{"uid":"a4c9274db42838bb","reportUrl":"https://zaelcovsky.github.io/StroyremAutomation/259//#testresult/a4c9274db42838bb","status":"broken","statusDetails":"selenium.common.exceptions.NoSuchElementException: Message: no such element: Unable to locate element: {\"method\":\"xpath\",\"selector\":\"(//a[@href='/dostavka'])[3]\"}\n  (Session info: chrome-headless-shell=122.0.6261.111); For documentation on this error, please visit: https://www.selenium.dev/documentation/webdriver/troubleshooting/errors#no-such-element-exception\nStacktrace:\n#0 0x584b25c97ec3 <unknown>\n#1 0x584b2598fce6 <unknown>\n#2 0x584b259dae48 <unknown>\n#3 0x584b259daf01 <unknown>\n#4 0x584b25a1e3f4 <unknown>\n#5 0x584b259fcedd <unknown>\n#6 0x584b25a1b899 <unknown>\n#7 0x584b259fcc53 <unknown>\n#8 0x584b259cddb3 <unknown>\n#9 0x584b259ce77e <unknown>\n#10 0x584b25c5d7fb <unknown>\n#11 0x584b25c61815 <unknown>\n#12 0x584b25c4b111 <unknown>\n#13 0x584b25c623a2 <unknown>\n#14 0x584b25c2f1ef <unknown>\n#15 0x584b25c864b8 <unknown>\n#16 0x584b25c866b3 <unknown>\n#17 0x584b25c97074 <unknown>\n#18 0x7b5dad9a3134 <unknown>","time":{"start":1710205308659,"stop":1710205308672,"duration":13}},{"uid":"4b89d2b513faca60","reportUrl":"https://zaelcovsky.github.io/StroyremAutomation/258//#testresult/4b89d2b513faca60","status":"broken","statusDetails":"selenium.common.exceptions.NoSuchElementException: Message: no such element: Unable to locate element: {\"method\":\"xpath\",\"selector\":\"(//a[@href='/dostavka'])[3]\"}\n  (Session info: chrome-headless-shell=122.0.6261.111); For documentation on this error, please visit: https://www.selenium.dev/documentation/webdriver/troubleshooting/errors#no-such-element-exception\nStacktrace:\n#0 0x5635d1601ec3 <unknown>\n#1 0x5635d12f9ce6 <unknown>\n#2 0x5635d1344e48 <unknown>\n#3 0x5635d1344f01 <unknown>\n#4 0x5635d13883f4 <unknown>\n#5 0x5635d1366edd <unknown>\n#6 0x5635d1385899 <unknown>\n#7 0x5635d1366c53 <unknown>\n#8 0x5635d1337db3 <unknown>\n#9 0x5635d133877e <unknown>\n#10 0x5635d15c77fb <unknown>\n#11 0x5635d15cb815 <unknown>\n#12 0x5635d15b5111 <unknown>\n#13 0x5635d15cc3a2 <unknown>\n#14 0x5635d15991ef <unknown>\n#15 0x5635d15f04b8 <unknown>\n#16 0x5635d15f06b3 <unknown>\n#17 0x5635d1601074 <unknown>\n#18 0x7f1e96e65134 <unknown>","time":{"start":1710118989410,"stop":1710118989422,"duration":12}},{"uid":"1a4bccd1c36406aa","reportUrl":"https://zaelcovsky.github.io/StroyremAutomation/257//#testresult/1a4bccd1c36406aa","status":"broken","statusDetails":"selenium.common.exceptions.NoSuchElementException: Message: no such element: Unable to locate element: {\"method\":\"xpath\",\"selector\":\"(//a[@href='/dostavka'])[3]\"}\n  (Session info: chrome-headless-shell=122.0.6261.111); For documentation on this error, please visit: https://www.selenium.dev/documentation/webdriver/troubleshooting/errors#no-such-element-exception\nStacktrace:\n#0 0x563412f54ec3 <unknown>\n#1 0x563412c4cce6 <unknown>\n#2 0x563412c97e48 <unknown>\n#3 0x563412c97f01 <unknown>\n#4 0x563412cdb3f4 <unknown>\n#5 0x563412cb9edd <unknown>\n#6 0x563412cd8899 <unknown>\n#7 0x563412cb9c53 <unknown>\n#8 0x563412c8adb3 <unknown>\n#9 0x563412c8b77e <unknown>\n#10 0x563412f1a7fb <unknown>\n#11 0x563412f1e815 <unknown>\n#12 0x563412f08111 <unknown>\n#13 0x563412f1f3a2 <unknown>\n#14 0x563412eec1ef <unknown>\n#15 0x563412f434b8 <unknown>\n#16 0x563412f436b3 <unknown>\n#17 0x563412f54074 <unknown>\n#18 0x7f33dca99134 <unknown>","time":{"start":1710032800921,"stop":1710032800934,"duration":13}},{"uid":"3b3a69a7b31808b4","reportUrl":"https://zaelcovsky.github.io/StroyremAutomation/256//#testresult/3b3a69a7b31808b4","status":"broken","statusDetails":"selenium.common.exceptions.NoSuchElementException: Message: no such element: Unable to locate element: {\"method\":\"xpath\",\"selector\":\"(//a[@href='/dostavka'])[3]\"}\n  (Session info: chrome-headless-shell=122.0.6261.111); For documentation on this error, please visit: https://www.selenium.dev/documentation/webdriver/troubleshooting/errors#no-such-element-exception\nStacktrace:\n#0 0x5625ab11fec3 <unknown>\n#1 0x5625aae17ce6 <unknown>\n#2 0x5625aae62e48 <unknown>\n#3 0x5625aae62f01 <unknown>\n#4 0x5625aaea63f4 <unknown>\n#5 0x5625aae84edd <unknown>\n#6 0x5625aaea3899 <unknown>\n#7 0x5625aae84c53 <unknown>\n#8 0x5625aae55db3 <unknown>\n#9 0x5625aae5677e <unknown>\n#10 0x5625ab0e57fb <unknown>\n#11 0x5625ab0e9815 <unknown>\n#12 0x5625ab0d3111 <unknown>\n#13 0x5625ab0ea3a2 <unknown>\n#14 0x5625ab0b71ef <unknown>\n#15 0x5625ab10e4b8 <unknown>\n#16 0x5625ab10e6b3 <unknown>\n#17 0x5625ab11f074 <unknown>\n#18 0x7f925e1c2134 <unknown>","time":{"start":1709946032706,"stop":1709946032719,"duration":13}},{"uid":"a62d212de59541c","reportUrl":"https://zaelcovsky.github.io/StroyremAutomation/255//#testresult/a62d212de59541c","status":"broken","statusDetails":"selenium.common.exceptions.NoSuchElementException: Message: no such element: Unable to locate element: {\"method\":\"xpath\",\"selector\":\"(//a[@href='/dostavka'])[3]\"}\n  (Session info: chrome-headless-shell=122.0.6261.111); For documentation on this error, please visit: https://www.selenium.dev/documentation/webdriver/troubleshooting/errors#no-such-element-exception\nStacktrace:\n#0 0x55b9fbe02ec3 <unknown>\n#1 0x55b9fbaface6 <unknown>\n#2 0x55b9fbb45e48 <unknown>\n#3 0x55b9fbb45f01 <unknown>\n#4 0x55b9fbb893f4 <unknown>\n#5 0x55b9fbb67edd <unknown>\n#6 0x55b9fbb86899 <unknown>\n#7 0x55b9fbb67c53 <unknown>\n#8 0x55b9fbb38db3 <unknown>\n#9 0x55b9fbb3977e <unknown>\n#10 0x55b9fbdc87fb <unknown>\n#11 0x55b9fbdcc815 <unknown>\n#12 0x55b9fbdb6111 <unknown>\n#13 0x55b9fbdcd3a2 <unknown>\n#14 0x55b9fbd9a1ef <unknown>\n#15 0x55b9fbdf14b8 <unknown>\n#16 0x55b9fbdf16b3 <unknown>\n#17 0x55b9fbe02074 <unknown>\n#18 0x7fcf41412134 <unknown>","time":{"start":1709859718390,"stop":1709859718403,"duration":13}},{"uid":"39255d44a0865507","reportUrl":"https://zaelcovsky.github.io/StroyremAutomation/254//#testresult/39255d44a0865507","status":"broken","statusDetails":"selenium.common.exceptions.NoSuchElementException: Message: no such element: Unable to locate element: {\"method\":\"xpath\",\"selector\":\"(//a[@href='/dostavka'])[3]\"}\n  (Session info: chrome-headless-shell=122.0.6261.94); For documentation on this error, please visit: https://www.selenium.dev/documentation/webdriver/troubleshooting/errors#no-such-element-exception\nStacktrace:\n#0 0x564097521e93 <unknown>\n#1 0x564097219ce6 <unknown>\n#2 0x564097264e48 <unknown>\n#3 0x564097264f01 <unknown>\n#4 0x5640972a83f4 <unknown>\n#5 0x564097286edd <unknown>\n#6 0x5640972a5899 <unknown>\n#7 0x564097286c53 <unknown>\n#8 0x564097257db3 <unknown>\n#9 0x56409725877e <unknown>\n#10 0x5640974e77cb <unknown>\n#11 0x5640974eb7e5 <unknown>\n#12 0x5640974d50e1 <unknown>\n#13 0x5640974ec372 <unknown>\n#14 0x5640974b91bf <unknown>\n#15 0x564097510488 <unknown>\n#16 0x564097510683 <unknown>\n#17 0x564097521044 <unknown>\n#18 0x7f279dd53134 <unknown>","time":{"start":1709772784483,"stop":1709772784496,"duration":13}}]},"tags":["smoke_test"]},"source":"322b40fdd8bbb66f.json","parameterValues":["'https://test2.stroyrem-nn.ru/'"]}