{"uid":"d2969695158fe08","name":"TC 013 - Проверка функциональности ссылки 'Новинки'","fullName":"tests.test_main_page.TestMainPage#test_positive_footer_new_in_stock_smoke","historyId":"8106411f22e82ecfa99236e2b434caee","time":{"start":1711501451401,"stop":1711501451414,"duration":13},"status":"broken","statusMessage":"selenium.common.exceptions.NoSuchElementException: Message: no such element: Unable to locate element: {\"method\":\"xpath\",\"selector\":\"(//a[@href='/catalog/new'])[3]\"}\n  (Session info: chrome-headless-shell=123.0.6312.86); For documentation on this error, please visit: https://www.selenium.dev/documentation/webdriver/troubleshooting/errors#no-such-element-exception\nStacktrace:\n#0 0x55565cd6f8a3 <unknown>\n#1 0x55565ca658c6 <unknown>\n#2 0x55565cab0618 <unknown>\n#3 0x55565cab06d1 <unknown>\n#4 0x55565caf3744 <unknown>\n#5 0x55565cad25cd <unknown>\n#6 0x55565caf0c19 <unknown>\n#7 0x55565cad2343 <unknown>\n#8 0x55565caa3593 <unknown>\n#9 0x55565caa3f5e <unknown>\n#10 0x55565cd3388b <unknown>\n#11 0x55565cd377e5 <unknown>\n#12 0x55565cd215b1 <unknown>\n#13 0x55565cd38372 <unknown>\n#14 0x55565cd068bf <unknown>\n#15 0x55565cd5e768 <unknown>\n#16 0x55565cd5e93b <unknown>\n#17 0x55565cd6e9f4 <unknown>\n#18 0x7f9e402df134 <unknown>","statusTrace":"self = <tests.test_main_page.TestMainPage object at 0x7fc0a249c310>\nmain_page = <pages.main_page.MainPage object at 0x7fc0a32f2890>\n\n    @allure.feature(\"Footer functionality\")\n    @allure.title(\"TC 013 - Проверка функциональности ссылки 'Новинки'\")\n    @pytest.mark.smoke_test\n    def test_positive_footer_new_in_stock_smoke(self, main_page):\n        catalog_page = CatalogPage(main_page.driver)\n>       main_page.check_new_in_stock_link()\n\ntests/test_main_page.py:124: \n_ _ _ _ _ _ _ _ _ _ _ _ _ _ _ _ _ _ _ _ _ _ _ _ _ _ _ _ _ _ _ _ _ _ _ _ _ _ _ _ \npages/main_page.py:154: in check_new_in_stock_link\n    self.driver.find_element(*self._new_products_link).click()\n/usr/local/lib/python3.11/site-packages/selenium/webdriver/remote/webdriver.py:740: in find_element\n    return self.execute(Command.FIND_ELEMENT, {\"using\": by, \"value\": value})[\"value\"]\n/usr/local/lib/python3.11/site-packages/selenium/webdriver/remote/webdriver.py:346: in execute\n    self.error_handler.check_response(response)\n_ _ _ _ _ _ _ _ _ _ _ _ _ _ _ _ _ _ _ _ _ _ _ _ _ _ _ _ _ _ _ _ _ _ _ _ _ _ _ _ \n\nself = <selenium.webdriver.remote.errorhandler.ErrorHandler object at 0x7fc0a202d010>\nresponse = {'status': 404, 'value': '{\"value\":{\"error\":\"no such element\",\"message\":\"no such element: Unable to locate element: {\\...\\\\n#16 0x55565cd5e93b \\\\u003Cunknown>\\\\n#17 0x55565cd6e9f4 \\\\u003Cunknown>\\\\n#18 0x7f9e402df134 \\\\u003Cunknown>\\\\n\"}}'}\n\n    def check_response(self, response: Dict[str, Any]) -> None:\n        \"\"\"Checks that a JSON response from the WebDriver does not have an\n        error.\n    \n        :Args:\n         - response - The JSON response from the WebDriver server as a dictionary\n           object.\n    \n        :Raises: If the response contains an error message.\n        \"\"\"\n        status = response.get(\"status\", None)\n        if not status or status == ErrorCode.SUCCESS:\n            return\n        value = None\n        message = response.get(\"message\", \"\")\n        screen: str = response.get(\"screen\", \"\")\n        stacktrace = None\n        if isinstance(status, int):\n            value_json = response.get(\"value\", None)\n            if value_json and isinstance(value_json, str):\n                import json\n    \n                try:\n                    value = json.loads(value_json)\n                    if len(value) == 1:\n                        value = value[\"value\"]\n                    status = value.get(\"error\", None)\n                    if not status:\n                        status = value.get(\"status\", ErrorCode.UNKNOWN_ERROR)\n                        message = value.get(\"value\") or value.get(\"message\")\n                        if not isinstance(message, str):\n                            value = message\n                            message = message.get(\"message\")\n                    else:\n                        message = value.get(\"message\", None)\n                except ValueError:\n                    pass\n    \n        exception_class: Type[WebDriverException]\n        if status in ErrorCode.NO_SUCH_ELEMENT:\n            exception_class = NoSuchElementException\n        elif status in ErrorCode.NO_SUCH_FRAME:\n            exception_class = NoSuchFrameException\n        elif status in ErrorCode.NO_SUCH_SHADOW_ROOT:\n            exception_class = NoSuchShadowRootException\n        elif status in ErrorCode.NO_SUCH_WINDOW:\n            exception_class = NoSuchWindowException\n        elif status in ErrorCode.STALE_ELEMENT_REFERENCE:\n            exception_class = StaleElementReferenceException\n        elif status in ErrorCode.ELEMENT_NOT_VISIBLE:\n            exception_class = ElementNotVisibleException\n        elif status in ErrorCode.INVALID_ELEMENT_STATE:\n            exception_class = InvalidElementStateException\n        elif (\n            status in ErrorCode.INVALID_SELECTOR\n            or status in ErrorCode.INVALID_XPATH_SELECTOR\n            or status in ErrorCode.INVALID_XPATH_SELECTOR_RETURN_TYPER\n        ):\n            exception_class = InvalidSelectorException\n        elif status in ErrorCode.ELEMENT_IS_NOT_SELECTABLE:\n            exception_class = ElementNotSelectableException\n        elif status in ErrorCode.ELEMENT_NOT_INTERACTABLE:\n            exception_class = ElementNotInteractableException\n        elif status in ErrorCode.INVALID_COOKIE_DOMAIN:\n            exception_class = InvalidCookieDomainException\n        elif status in ErrorCode.UNABLE_TO_SET_COOKIE:\n            exception_class = UnableToSetCookieException\n        elif status in ErrorCode.TIMEOUT:\n            exception_class = TimeoutException\n        elif status in ErrorCode.SCRIPT_TIMEOUT:\n            exception_class = TimeoutException\n        elif status in ErrorCode.UNKNOWN_ERROR:\n            exception_class = WebDriverException\n        elif status in ErrorCode.UNEXPECTED_ALERT_OPEN:\n            exception_class = UnexpectedAlertPresentException\n        elif status in ErrorCode.NO_ALERT_OPEN:\n            exception_class = NoAlertPresentException\n        elif status in ErrorCode.IME_NOT_AVAILABLE:\n            exception_class = ImeNotAvailableException\n        elif status in ErrorCode.IME_ENGINE_ACTIVATION_FAILED:\n            exception_class = ImeActivationFailedException\n        elif status in ErrorCode.MOVE_TARGET_OUT_OF_BOUNDS:\n            exception_class = MoveTargetOutOfBoundsException\n        elif status in ErrorCode.JAVASCRIPT_ERROR:\n            exception_class = JavascriptException\n        elif status in ErrorCode.SESSION_NOT_CREATED:\n            exception_class = SessionNotCreatedException\n        elif status in ErrorCode.INVALID_ARGUMENT:\n            exception_class = InvalidArgumentException\n        elif status in ErrorCode.NO_SUCH_COOKIE:\n            exception_class = NoSuchCookieException\n        elif status in ErrorCode.UNABLE_TO_CAPTURE_SCREEN:\n            exception_class = ScreenshotException\n        elif status in ErrorCode.ELEMENT_CLICK_INTERCEPTED:\n            exception_class = ElementClickInterceptedException\n        elif status in ErrorCode.INSECURE_CERTIFICATE:\n            exception_class = InsecureCertificateException\n        elif status in ErrorCode.INVALID_COORDINATES:\n            exception_class = InvalidCoordinatesException\n        elif status in ErrorCode.INVALID_SESSION_ID:\n            exception_class = InvalidSessionIdException\n        elif status in ErrorCode.UNKNOWN_METHOD:\n            exception_class = UnknownMethodException\n        else:\n            exception_class = WebDriverException\n        if not value:\n            value = response[\"value\"]\n        if isinstance(value, str):\n            raise exception_class(value)\n        if message == \"\" and \"message\" in value:\n            message = value[\"message\"]\n    \n        screen = None  # type: ignore[assignment]\n        if \"screen\" in value:\n            screen = value[\"screen\"]\n    \n        stacktrace = None\n        st_value = value.get(\"stackTrace\") or value.get(\"stacktrace\")\n        if st_value:\n            if isinstance(st_value, str):\n                stacktrace = st_value.split(\"\\n\")\n            else:\n                stacktrace = []\n                try:\n                    for frame in st_value:\n                        line = frame.get(\"lineNumber\", \"\")\n                        file = frame.get(\"fileName\", \"<anonymous>\")\n                        if line:\n                            file = f\"{file}:{line}\"\n                        meth = frame.get(\"methodName\", \"<anonymous>\")\n                        if \"className\" in frame:\n                            meth = f\"{frame['className']}.{meth}\"\n                        msg = \"    at %s (%s)\"\n                        msg = msg % (meth, file)\n                        stacktrace.append(msg)\n                except TypeError:\n                    pass\n        if exception_class == UnexpectedAlertPresentException:\n            alert_text = None\n            if \"data\" in value:\n                alert_text = value[\"data\"].get(\"text\")\n            elif \"alert\" in value:\n                alert_text = value[\"alert\"].get(\"text\")\n            raise exception_class(message, screen, stacktrace, alert_text)  # type: ignore[call-arg]  # mypy is not smart enough here\n>       raise exception_class(message, screen, stacktrace)\nE       selenium.common.exceptions.NoSuchElementException: Message: no such element: Unable to locate element: {\"method\":\"xpath\",\"selector\":\"(//a[@href='/catalog/new'])[3]\"}\nE         (Session info: chrome-headless-shell=123.0.6312.86); For documentation on this error, please visit: https://www.selenium.dev/documentation/webdriver/troubleshooting/errors#no-such-element-exception\nE       Stacktrace:\nE       #0 0x55565cd6f8a3 <unknown>\nE       #1 0x55565ca658c6 <unknown>\nE       #2 0x55565cab0618 <unknown>\nE       #3 0x55565cab06d1 <unknown>\nE       #4 0x55565caf3744 <unknown>\nE       #5 0x55565cad25cd <unknown>\nE       #6 0x55565caf0c19 <unknown>\nE       #7 0x55565cad2343 <unknown>\nE       #8 0x55565caa3593 <unknown>\nE       #9 0x55565caa3f5e <unknown>\nE       #10 0x55565cd3388b <unknown>\nE       #11 0x55565cd377e5 <unknown>\nE       #12 0x55565cd215b1 <unknown>\nE       #13 0x55565cd38372 <unknown>\nE       #14 0x55565cd068bf <unknown>\nE       #15 0x55565cd5e768 <unknown>\nE       #16 0x55565cd5e93b <unknown>\nE       #17 0x55565cd6e9f4 <unknown>\nE       #18 0x7f9e402df134 <unknown>\n\n/usr/local/lib/python3.11/site-packages/selenium/webdriver/remote/errorhandler.py:245: NoSuchElementException","flaky":false,"newFailed":false,"newBroken":false,"newPassed":false,"retriesCount":0,"retriesStatusChange":false,"beforeStages":[{"name":"_session_faker","time":{"start":1711501244430,"stop":1711501244494,"duration":64},"status":"passed","steps":[],"attachments":[],"parameters":[],"shouldDisplayMessage":false,"stepsCount":0,"attachmentsCount":0,"hasContent":false,"attachmentStep":false},{"name":"clear_allure_results_folder","time":{"start":1711501244495,"stop":1711501244495,"duration":0},"status":"passed","steps":[],"attachments":[],"parameters":[],"shouldDisplayMessage":false,"stepsCount":0,"attachmentsCount":0,"hasContent":false,"attachmentStep":false},{"name":"driver","time":{"start":1711501450089,"stop":1711501450827,"duration":738},"status":"passed","steps":[],"attachments":[],"parameters":[],"shouldDisplayMessage":false,"stepsCount":0,"attachmentsCount":0,"hasContent":false,"attachmentStep":false},{"name":"main_page","time":{"start":1711501450827,"stop":1711501451401,"duration":574},"status":"passed","steps":[],"attachments":[],"parameters":[],"shouldDisplayMessage":false,"stepsCount":0,"attachmentsCount":0,"hasContent":false,"attachmentStep":false},{"name":"setup","time":{"start":1711501450827,"stop":1711501450827,"duration":0},"status":"passed","steps":[],"attachments":[],"parameters":[],"shouldDisplayMessage":false,"stepsCount":0,"attachmentsCount":0,"hasContent":false,"attachmentStep":false}],"testStage":{"status":"broken","statusMessage":"selenium.common.exceptions.NoSuchElementException: Message: no such element: Unable to locate element: {\"method\":\"xpath\",\"selector\":\"(//a[@href='/catalog/new'])[3]\"}\n  (Session info: chrome-headless-shell=123.0.6312.86); For documentation on this error, please visit: https://www.selenium.dev/documentation/webdriver/troubleshooting/errors#no-such-element-exception\nStacktrace:\n#0 0x55565cd6f8a3 <unknown>\n#1 0x55565ca658c6 <unknown>\n#2 0x55565cab0618 <unknown>\n#3 0x55565cab06d1 <unknown>\n#4 0x55565caf3744 <unknown>\n#5 0x55565cad25cd <unknown>\n#6 0x55565caf0c19 <unknown>\n#7 0x55565cad2343 <unknown>\n#8 0x55565caa3593 <unknown>\n#9 0x55565caa3f5e <unknown>\n#10 0x55565cd3388b <unknown>\n#11 0x55565cd377e5 <unknown>\n#12 0x55565cd215b1 <unknown>\n#13 0x55565cd38372 <unknown>\n#14 0x55565cd068bf <unknown>\n#15 0x55565cd5e768 <unknown>\n#16 0x55565cd5e93b <unknown>\n#17 0x55565cd6e9f4 <unknown>\n#18 0x7f9e402df134 <unknown>","statusTrace":"self = <tests.test_main_page.TestMainPage object at 0x7fc0a249c310>\nmain_page = <pages.main_page.MainPage object at 0x7fc0a32f2890>\n\n    @allure.feature(\"Footer functionality\")\n    @allure.title(\"TC 013 - Проверка функциональности ссылки 'Новинки'\")\n    @pytest.mark.smoke_test\n    def test_positive_footer_new_in_stock_smoke(self, main_page):\n        catalog_page = CatalogPage(main_page.driver)\n>       main_page.check_new_in_stock_link()\n\ntests/test_main_page.py:124: \n_ _ _ _ _ _ _ _ _ _ _ _ _ _ _ _ _ _ _ _ _ _ _ _ _ _ _ _ _ _ _ _ _ _ _ _ _ _ _ _ \npages/main_page.py:154: in check_new_in_stock_link\n    self.driver.find_element(*self._new_products_link).click()\n/usr/local/lib/python3.11/site-packages/selenium/webdriver/remote/webdriver.py:740: in find_element\n    return self.execute(Command.FIND_ELEMENT, {\"using\": by, \"value\": value})[\"value\"]\n/usr/local/lib/python3.11/site-packages/selenium/webdriver/remote/webdriver.py:346: in execute\n    self.error_handler.check_response(response)\n_ _ _ _ _ _ _ _ _ _ _ _ _ _ _ _ _ _ _ _ _ _ _ _ _ _ _ _ _ _ _ _ _ _ _ _ _ _ _ _ \n\nself = <selenium.webdriver.remote.errorhandler.ErrorHandler object at 0x7fc0a202d010>\nresponse = {'status': 404, 'value': '{\"value\":{\"error\":\"no such element\",\"message\":\"no such element: Unable to locate element: {\\...\\\\n#16 0x55565cd5e93b \\\\u003Cunknown>\\\\n#17 0x55565cd6e9f4 \\\\u003Cunknown>\\\\n#18 0x7f9e402df134 \\\\u003Cunknown>\\\\n\"}}'}\n\n    def check_response(self, response: Dict[str, Any]) -> None:\n        \"\"\"Checks that a JSON response from the WebDriver does not have an\n        error.\n    \n        :Args:\n         - response - The JSON response from the WebDriver server as a dictionary\n           object.\n    \n        :Raises: If the response contains an error message.\n        \"\"\"\n        status = response.get(\"status\", None)\n        if not status or status == ErrorCode.SUCCESS:\n            return\n        value = None\n        message = response.get(\"message\", \"\")\n        screen: str = response.get(\"screen\", \"\")\n        stacktrace = None\n        if isinstance(status, int):\n            value_json = response.get(\"value\", None)\n            if value_json and isinstance(value_json, str):\n                import json\n    \n                try:\n                    value = json.loads(value_json)\n                    if len(value) == 1:\n                        value = value[\"value\"]\n                    status = value.get(\"error\", None)\n                    if not status:\n                        status = value.get(\"status\", ErrorCode.UNKNOWN_ERROR)\n                        message = value.get(\"value\") or value.get(\"message\")\n                        if not isinstance(message, str):\n                            value = message\n                            message = message.get(\"message\")\n                    else:\n                        message = value.get(\"message\", None)\n                except ValueError:\n                    pass\n    \n        exception_class: Type[WebDriverException]\n        if status in ErrorCode.NO_SUCH_ELEMENT:\n            exception_class = NoSuchElementException\n        elif status in ErrorCode.NO_SUCH_FRAME:\n            exception_class = NoSuchFrameException\n        elif status in ErrorCode.NO_SUCH_SHADOW_ROOT:\n            exception_class = NoSuchShadowRootException\n        elif status in ErrorCode.NO_SUCH_WINDOW:\n            exception_class = NoSuchWindowException\n        elif status in ErrorCode.STALE_ELEMENT_REFERENCE:\n            exception_class = StaleElementReferenceException\n        elif status in ErrorCode.ELEMENT_NOT_VISIBLE:\n            exception_class = ElementNotVisibleException\n        elif status in ErrorCode.INVALID_ELEMENT_STATE:\n            exception_class = InvalidElementStateException\n        elif (\n            status in ErrorCode.INVALID_SELECTOR\n            or status in ErrorCode.INVALID_XPATH_SELECTOR\n            or status in ErrorCode.INVALID_XPATH_SELECTOR_RETURN_TYPER\n        ):\n            exception_class = InvalidSelectorException\n        elif status in ErrorCode.ELEMENT_IS_NOT_SELECTABLE:\n            exception_class = ElementNotSelectableException\n        elif status in ErrorCode.ELEMENT_NOT_INTERACTABLE:\n            exception_class = ElementNotInteractableException\n        elif status in ErrorCode.INVALID_COOKIE_DOMAIN:\n            exception_class = InvalidCookieDomainException\n        elif status in ErrorCode.UNABLE_TO_SET_COOKIE:\n            exception_class = UnableToSetCookieException\n        elif status in ErrorCode.TIMEOUT:\n            exception_class = TimeoutException\n        elif status in ErrorCode.SCRIPT_TIMEOUT:\n            exception_class = TimeoutException\n        elif status in ErrorCode.UNKNOWN_ERROR:\n            exception_class = WebDriverException\n        elif status in ErrorCode.UNEXPECTED_ALERT_OPEN:\n            exception_class = UnexpectedAlertPresentException\n        elif status in ErrorCode.NO_ALERT_OPEN:\n            exception_class = NoAlertPresentException\n        elif status in ErrorCode.IME_NOT_AVAILABLE:\n            exception_class = ImeNotAvailableException\n        elif status in ErrorCode.IME_ENGINE_ACTIVATION_FAILED:\n            exception_class = ImeActivationFailedException\n        elif status in ErrorCode.MOVE_TARGET_OUT_OF_BOUNDS:\n            exception_class = MoveTargetOutOfBoundsException\n        elif status in ErrorCode.JAVASCRIPT_ERROR:\n            exception_class = JavascriptException\n        elif status in ErrorCode.SESSION_NOT_CREATED:\n            exception_class = SessionNotCreatedException\n        elif status in ErrorCode.INVALID_ARGUMENT:\n            exception_class = InvalidArgumentException\n        elif status in ErrorCode.NO_SUCH_COOKIE:\n            exception_class = NoSuchCookieException\n        elif status in ErrorCode.UNABLE_TO_CAPTURE_SCREEN:\n            exception_class = ScreenshotException\n        elif status in ErrorCode.ELEMENT_CLICK_INTERCEPTED:\n            exception_class = ElementClickInterceptedException\n        elif status in ErrorCode.INSECURE_CERTIFICATE:\n            exception_class = InsecureCertificateException\n        elif status in ErrorCode.INVALID_COORDINATES:\n            exception_class = InvalidCoordinatesException\n        elif status in ErrorCode.INVALID_SESSION_ID:\n            exception_class = InvalidSessionIdException\n        elif status in ErrorCode.UNKNOWN_METHOD:\n            exception_class = UnknownMethodException\n        else:\n            exception_class = WebDriverException\n        if not value:\n            value = response[\"value\"]\n        if isinstance(value, str):\n            raise exception_class(value)\n        if message == \"\" and \"message\" in value:\n            message = value[\"message\"]\n    \n        screen = None  # type: ignore[assignment]\n        if \"screen\" in value:\n            screen = value[\"screen\"]\n    \n        stacktrace = None\n        st_value = value.get(\"stackTrace\") or value.get(\"stacktrace\")\n        if st_value:\n            if isinstance(st_value, str):\n                stacktrace = st_value.split(\"\\n\")\n            else:\n                stacktrace = []\n                try:\n                    for frame in st_value:\n                        line = frame.get(\"lineNumber\", \"\")\n                        file = frame.get(\"fileName\", \"<anonymous>\")\n                        if line:\n                            file = f\"{file}:{line}\"\n                        meth = frame.get(\"methodName\", \"<anonymous>\")\n                        if \"className\" in frame:\n                            meth = f\"{frame['className']}.{meth}\"\n                        msg = \"    at %s (%s)\"\n                        msg = msg % (meth, file)\n                        stacktrace.append(msg)\n                except TypeError:\n                    pass\n        if exception_class == UnexpectedAlertPresentException:\n            alert_text = None\n            if \"data\" in value:\n                alert_text = value[\"data\"].get(\"text\")\n            elif \"alert\" in value:\n                alert_text = value[\"alert\"].get(\"text\")\n            raise exception_class(message, screen, stacktrace, alert_text)  # type: ignore[call-arg]  # mypy is not smart enough here\n>       raise exception_class(message, screen, stacktrace)\nE       selenium.common.exceptions.NoSuchElementException: Message: no such element: Unable to locate element: {\"method\":\"xpath\",\"selector\":\"(//a[@href='/catalog/new'])[3]\"}\nE         (Session info: chrome-headless-shell=123.0.6312.86); For documentation on this error, please visit: https://www.selenium.dev/documentation/webdriver/troubleshooting/errors#no-such-element-exception\nE       Stacktrace:\nE       #0 0x55565cd6f8a3 <unknown>\nE       #1 0x55565ca658c6 <unknown>\nE       #2 0x55565cab0618 <unknown>\nE       #3 0x55565cab06d1 <unknown>\nE       #4 0x55565caf3744 <unknown>\nE       #5 0x55565cad25cd <unknown>\nE       #6 0x55565caf0c19 <unknown>\nE       #7 0x55565cad2343 <unknown>\nE       #8 0x55565caa3593 <unknown>\nE       #9 0x55565caa3f5e <unknown>\nE       #10 0x55565cd3388b <unknown>\nE       #11 0x55565cd377e5 <unknown>\nE       #12 0x55565cd215b1 <unknown>\nE       #13 0x55565cd38372 <unknown>\nE       #14 0x55565cd068bf <unknown>\nE       #15 0x55565cd5e768 <unknown>\nE       #16 0x55565cd5e93b <unknown>\nE       #17 0x55565cd6e9f4 <unknown>\nE       #18 0x7f9e402df134 <unknown>\n\n/usr/local/lib/python3.11/site-packages/selenium/webdriver/remote/errorhandler.py:245: NoSuchElementException","steps":[{"name":"Проверка функциональности ссылки 'Новинки'","time":{"start":1711501451402,"stop":1711501451414,"duration":12},"status":"broken","statusMessage":"selenium.common.exceptions.NoSuchElementException: Message: no such element: Unable to locate element: {\"method\":\"xpath\",\"selector\":\"(//a[@href='/catalog/new'])[3]\"}\n  (Session info: chrome-headless-shell=123.0.6312.86); For documentation on this error, please visit: https://www.selenium.dev/documentation/webdriver/troubleshooting/errors#no-such-element-exception\nStacktrace:\n#0 0x55565cd6f8a3 <unknown>\n#1 0x55565ca658c6 <unknown>\n#2 0x55565cab0618 <unknown>\n#3 0x55565cab06d1 <unknown>\n#4 0x55565caf3744 <unknown>\n#5 0x55565cad25cd <unknown>\n#6 0x55565caf0c19 <unknown>\n#7 0x55565cad2343 <unknown>\n#8 0x55565caa3593 <unknown>\n#9 0x55565caa3f5e <unknown>\n#10 0x55565cd3388b <unknown>\n#11 0x55565cd377e5 <unknown>\n#12 0x55565cd215b1 <unknown>\n#13 0x55565cd38372 <unknown>\n#14 0x55565cd068bf <unknown>\n#15 0x55565cd5e768 <unknown>\n#16 0x55565cd5e93b <unknown>\n#17 0x55565cd6e9f4 <unknown>\n#18 0x7f9e402df134 <unknown>\n\n","statusTrace":"  File \"/usr/local/lib/python3.11/site-packages/allure_commons/_allure.py\", line 192, in impl\n    return func(*a, **kw)\n           ^^^^^^^^^^^^^^\n  File \"/app/pages/main_page.py\", line 154, in check_new_in_stock_link\n    self.driver.find_element(*self._new_products_link).click()\n    ^^^^^^^^^^^^^^^^^^^^^^^^^^^^^^^^^^^^^^^^^^^^^^^^^^\n  File \"/usr/local/lib/python3.11/site-packages/selenium/webdriver/remote/webdriver.py\", line 740, in find_element\n    return self.execute(Command.FIND_ELEMENT, {\"using\": by, \"value\": value})[\"value\"]\n           ^^^^^^^^^^^^^^^^^^^^^^^^^^^^^^^^^^^^^^^^^^^^^^^^^^^^^^^^^^^^^^^^^\n  File \"/usr/local/lib/python3.11/site-packages/selenium/webdriver/remote/webdriver.py\", line 346, in execute\n    self.error_handler.check_response(response)\n  File \"/usr/local/lib/python3.11/site-packages/selenium/webdriver/remote/errorhandler.py\", line 245, in check_response\n    raise exception_class(message, screen, stacktrace)\n","steps":[],"attachments":[],"parameters":[],"shouldDisplayMessage":true,"stepsCount":0,"attachmentsCount":0,"hasContent":true,"attachmentStep":false}],"attachments":[{"uid":"3391188e40ac7c1a","name":"Screenshot","source":"3391188e40ac7c1a.png","type":"image/png","size":39106},{"uid":"ab26815fe19c8440","name":"HTML source","source":"ab26815fe19c8440.html","type":"text/html","size":538}],"parameters":[],"shouldDisplayMessage":true,"stepsCount":1,"attachmentsCount":2,"hasContent":true,"attachmentStep":false},"afterStages":[{"name":"driver::0","time":{"start":1711501451511,"stop":1711501451569,"duration":58},"status":"passed","steps":[],"attachments":[],"parameters":[],"shouldDisplayMessage":false,"stepsCount":0,"attachmentsCount":0,"hasContent":false,"attachmentStep":false},{"name":"setup::0","time":{"start":1711501451511,"stop":1711501451511,"duration":0},"status":"passed","steps":[],"attachments":[],"parameters":[],"shouldDisplayMessage":false,"stepsCount":0,"attachmentsCount":0,"hasContent":false,"attachmentStep":false}],"labels":[{"name":"epic","value":"Main Page"},{"name":"feature","value":"Footer functionality"},{"name":"tag","value":"smoke_test"},{"name":"parentSuite","value":"tests"},{"name":"suite","value":"test_main_page"},{"name":"subSuite","value":"TestMainPage"},{"name":"host","value":"b727ca8818bd"},{"name":"thread","value":"1-MainThread"},{"name":"framework","value":"pytest"},{"name":"language","value":"cpython3"},{"name":"package","value":"tests.test_main_page"},{"name":"resultFormat","value":"allure2"}],"parameters":[{"name":"url","value":"'https://test2.stroyrem-nn.ru/'"}],"links":[],"hidden":false,"retry":false,"extra":{"severity":"normal","retries":[],"categories":[{"name":"Test defects","matchedStatuses":[],"flaky":false}],"history":{"statistic":{"failed":0,"broken":197,"skipped":0,"passed":34,"unknown":0,"total":231},"items":[{"uid":"2396ab95aadf43be","reportUrl":"https://zaelcovsky.github.io/StroyremAutomation/273//#testresult/2396ab95aadf43be","status":"broken","statusDetails":"selenium.common.exceptions.NoSuchElementException: Message: no such element: Unable to locate element: {\"method\":\"xpath\",\"selector\":\"(//a[@href='/catalog/new'])[3]\"}\n  (Session info: chrome-headless-shell=123.0.6312.58); For documentation on this error, please visit: https://www.selenium.dev/documentation/webdriver/troubleshooting/errors#no-such-element-exception\nStacktrace:\n#0 0x55ad1bef2993 <unknown>\n#1 0x55ad1bbed136 <unknown>\n#2 0x55ad1bc37d48 <unknown>\n#3 0x55ad1bc37e01 <unknown>\n#4 0x55ad1bc7ae44 <unknown>\n#5 0x55ad1bc59cfd <unknown>\n#6 0x55ad1bc78319 <unknown>\n#7 0x55ad1bc59a73 <unknown>\n#8 0x55ad1bc2ac93 <unknown>\n#9 0x55ad1bc2b65e <unknown>\n#10 0x55ad1beb708b <unknown>\n#11 0x55ad1bebb005 <unknown>\n#12 0x55ad1bea5491 <unknown>\n#13 0x55ad1bebbb92 <unknown>\n#14 0x55ad1be8a9ef <unknown>\n#15 0x55ad1bee1df8 <unknown>\n#16 0x55ad1bee1fcb <unknown>\n#17 0x55ad1bef1ae4 <unknown>\n#18 0x7f629b1f8134 <unknown>","time":{"start":1711415034782,"stop":1711415034796,"duration":14}},{"uid":"33aaa1ff92f51d38","reportUrl":"https://zaelcovsky.github.io/StroyremAutomation/272//#testresult/33aaa1ff92f51d38","status":"broken","statusDetails":"selenium.common.exceptions.NoSuchElementException: Message: no such element: Unable to locate element: {\"method\":\"xpath\",\"selector\":\"(//a[@href='/catalog/new'])[3]\"}\n  (Session info: chrome-headless-shell=123.0.6312.58); For documentation on this error, please visit: https://www.selenium.dev/documentation/webdriver/troubleshooting/errors#no-such-element-exception\nStacktrace:\n#0 0x56468771f993 <unknown>\n#1 0x56468741a136 <unknown>\n#2 0x564687464d48 <unknown>\n#3 0x564687464e01 <unknown>\n#4 0x5646874a7e44 <unknown>\n#5 0x564687486cfd <unknown>\n#6 0x5646874a5319 <unknown>\n#7 0x564687486a73 <unknown>\n#8 0x564687457c93 <unknown>\n#9 0x56468745865e <unknown>\n#10 0x5646876e408b <unknown>\n#11 0x5646876e8005 <unknown>\n#12 0x5646876d2491 <unknown>\n#13 0x5646876e8b92 <unknown>\n#14 0x5646876b79ef <unknown>\n#15 0x56468770edf8 <unknown>\n#16 0x56468770efcb <unknown>\n#17 0x56468771eae4 <unknown>\n#18 0x7fbf8ead2134 <unknown>","time":{"start":1711328704031,"stop":1711328704044,"duration":13}},{"uid":"923cf33c2739df13","reportUrl":"https://zaelcovsky.github.io/StroyremAutomation/271//#testresult/923cf33c2739df13","status":"broken","statusDetails":"selenium.common.exceptions.NoSuchElementException: Message: no such element: Unable to locate element: {\"method\":\"xpath\",\"selector\":\"(//a[@href='/catalog/new'])[3]\"}\n  (Session info: chrome-headless-shell=123.0.6312.58); For documentation on this error, please visit: https://www.selenium.dev/documentation/webdriver/troubleshooting/errors#no-such-element-exception\nStacktrace:\n#0 0x559ba0892993 <unknown>\n#1 0x559ba058d136 <unknown>\n#2 0x559ba05d7d48 <unknown>\n#3 0x559ba05d7e01 <unknown>\n#4 0x559ba061ae44 <unknown>\n#5 0x559ba05f9cfd <unknown>\n#6 0x559ba0618319 <unknown>\n#7 0x559ba05f9a73 <unknown>\n#8 0x559ba05cac93 <unknown>\n#9 0x559ba05cb65e <unknown>\n#10 0x559ba085708b <unknown>\n#11 0x559ba085b005 <unknown>\n#12 0x559ba0845491 <unknown>\n#13 0x559ba085bb92 <unknown>\n#14 0x559ba082a9ef <unknown>\n#15 0x559ba0881df8 <unknown>\n#16 0x559ba0881fcb <unknown>\n#17 0x559ba0891ae4 <unknown>\n#18 0x7ff241f83134 <unknown>","time":{"start":1711242603152,"stop":1711242603165,"duration":13}},{"uid":"87179fa72e5f7c85","reportUrl":"https://zaelcovsky.github.io/StroyremAutomation/270//#testresult/87179fa72e5f7c85","status":"broken","statusDetails":"selenium.common.exceptions.NoSuchElementException: Message: no such element: Unable to locate element: {\"method\":\"xpath\",\"selector\":\"(//a[@href='/catalog/new'])[3]\"}\n  (Session info: chrome-headless-shell=123.0.6312.58); For documentation on this error, please visit: https://www.selenium.dev/documentation/webdriver/troubleshooting/errors#no-such-element-exception\nStacktrace:\n#0 0x55979b6c5993 <unknown>\n#1 0x55979b3c0136 <unknown>\n#2 0x55979b40ad48 <unknown>\n#3 0x55979b40ae01 <unknown>\n#4 0x55979b44de44 <unknown>\n#5 0x55979b42ccfd <unknown>\n#6 0x55979b44b319 <unknown>\n#7 0x55979b42ca73 <unknown>\n#8 0x55979b3fdc93 <unknown>\n#9 0x55979b3fe65e <unknown>\n#10 0x55979b68a08b <unknown>\n#11 0x55979b68e005 <unknown>\n#12 0x55979b678491 <unknown>\n#13 0x55979b68eb92 <unknown>\n#14 0x55979b65d9ef <unknown>\n#15 0x55979b6b4df8 <unknown>\n#16 0x55979b6b4fcb <unknown>\n#17 0x55979b6c4ae4 <unknown>\n#18 0x7fcb0de36134 <unknown>","time":{"start":1711155731569,"stop":1711155731589,"duration":20}},{"uid":"df35643c3267bb0","reportUrl":"https://zaelcovsky.github.io/StroyremAutomation/269//#testresult/df35643c3267bb0","status":"broken","statusDetails":"selenium.common.exceptions.NoSuchElementException: Message: no such element: Unable to locate element: {\"method\":\"xpath\",\"selector\":\"(//a[@href='/catalog/new'])[3]\"}\n  (Session info: chrome-headless-shell=123.0.6312.58); For documentation on this error, please visit: https://www.selenium.dev/documentation/webdriver/troubleshooting/errors#no-such-element-exception\nStacktrace:\n#0 0x55a2b08b2993 <unknown>\n#1 0x55a2b05ad136 <unknown>\n#2 0x55a2b05f7d48 <unknown>\n#3 0x55a2b05f7e01 <unknown>\n#4 0x55a2b063ae44 <unknown>\n#5 0x55a2b0619cfd <unknown>\n#6 0x55a2b0638319 <unknown>\n#7 0x55a2b0619a73 <unknown>\n#8 0x55a2b05eac93 <unknown>\n#9 0x55a2b05eb65e <unknown>\n#10 0x55a2b087708b <unknown>\n#11 0x55a2b087b005 <unknown>\n#12 0x55a2b0865491 <unknown>\n#13 0x55a2b087bb92 <unknown>\n#14 0x55a2b084a9ef <unknown>\n#15 0x55a2b08a1df8 <unknown>\n#16 0x55a2b08a1fcb <unknown>\n#17 0x55a2b08b1ae4 <unknown>\n#18 0x7fda06e46134 <unknown>","time":{"start":1711069421939,"stop":1711069421951,"duration":12}},{"uid":"853947cd6c6f9fd5","reportUrl":"https://zaelcovsky.github.io/StroyremAutomation/268//#testresult/853947cd6c6f9fd5","status":"broken","statusDetails":"selenium.common.exceptions.NoSuchElementException: Message: no such element: Unable to locate element: {\"method\":\"xpath\",\"selector\":\"(//a[@href='/catalog/new'])[3]\"}\n  (Session info: chrome-headless-shell=123.0.6312.58); For documentation on this error, please visit: https://www.selenium.dev/documentation/webdriver/troubleshooting/errors#no-such-element-exception\nStacktrace:\n#0 0x55f3c2b4a993 <unknown>\n#1 0x55f3c2845136 <unknown>\n#2 0x55f3c288fd48 <unknown>\n#3 0x55f3c288fe01 <unknown>\n#4 0x55f3c28d2e44 <unknown>\n#5 0x55f3c28b1cfd <unknown>\n#6 0x55f3c28d0319 <unknown>\n#7 0x55f3c28b1a73 <unknown>\n#8 0x55f3c2882c93 <unknown>\n#9 0x55f3c288365e <unknown>\n#10 0x55f3c2b0f08b <unknown>\n#11 0x55f3c2b13005 <unknown>\n#12 0x55f3c2afd491 <unknown>\n#13 0x55f3c2b13b92 <unknown>\n#14 0x55f3c2ae29ef <unknown>\n#15 0x55f3c2b39df8 <unknown>\n#16 0x55f3c2b39fcb <unknown>\n#17 0x55f3c2b49ae4 <unknown>\n#18 0x7f1b116e9134 <unknown>","time":{"start":1710983111768,"stop":1710983111781,"duration":13}},{"uid":"334d82e1702d435c","reportUrl":"https://zaelcovsky.github.io/StroyremAutomation/267//#testresult/334d82e1702d435c","status":"broken","statusDetails":"selenium.common.exceptions.NoSuchElementException: Message: no such element: Unable to locate element: {\"method\":\"xpath\",\"selector\":\"(//a[@href='/catalog/new'])[3]\"}\n  (Session info: chrome-headless-shell=123.0.6312.58); For documentation on this error, please visit: https://www.selenium.dev/documentation/webdriver/troubleshooting/errors#no-such-element-exception\nStacktrace:\n#0 0x5bc69e176993 <unknown>\n#1 0x5bc69de71136 <unknown>\n#2 0x5bc69debbd48 <unknown>\n#3 0x5bc69debbe01 <unknown>\n#4 0x5bc69defee44 <unknown>\n#5 0x5bc69deddcfd <unknown>\n#6 0x5bc69defc319 <unknown>\n#7 0x5bc69dedda73 <unknown>\n#8 0x5bc69deaec93 <unknown>\n#9 0x5bc69deaf65e <unknown>\n#10 0x5bc69e13b08b <unknown>\n#11 0x5bc69e13f005 <unknown>\n#12 0x5bc69e129491 <unknown>\n#13 0x5bc69e13fb92 <unknown>\n#14 0x5bc69e10e9ef <unknown>\n#15 0x5bc69e165df8 <unknown>\n#16 0x5bc69e165fcb <unknown>\n#17 0x5bc69e175ae4 <unknown>\n#18 0x75ee6b8e0134 <unknown>","time":{"start":1710896617828,"stop":1710896617841,"duration":13}},{"uid":"a149830a3398dbb5","reportUrl":"https://zaelcovsky.github.io/StroyremAutomation/266//#testresult/a149830a3398dbb5","status":"broken","statusDetails":"selenium.common.exceptions.NoSuchElementException: Message: no such element: Unable to locate element: {\"method\":\"xpath\",\"selector\":\"(//a[@href='/catalog/new'])[3]\"}\n  (Session info: chrome-headless-shell=122.0.6261.128); For documentation on this error, please visit: https://www.selenium.dev/documentation/webdriver/troubleshooting/errors#no-such-element-exception\nStacktrace:\n#0 0x63331ef16f33 <unknown>\n#1 0x63331ec0ece6 <unknown>\n#2 0x63331ec59e48 <unknown>\n#3 0x63331ec59f01 <unknown>\n#4 0x63331ec9d3f4 <unknown>\n#5 0x63331ec7bedd <unknown>\n#6 0x63331ec9a899 <unknown>\n#7 0x63331ec7bc53 <unknown>\n#8 0x63331ec4cdb3 <unknown>\n#9 0x63331ec4d77e <unknown>\n#10 0x63331eedc86b <unknown>\n#11 0x63331eee0885 <unknown>\n#12 0x63331eeca181 <unknown>\n#13 0x63331eee1412 <unknown>\n#14 0x63331eeae25f <unknown>\n#15 0x63331ef05528 <unknown>\n#16 0x63331ef05723 <unknown>\n#17 0x63331ef160e4 <unknown>\n#18 0x798e83fe1134 <unknown>","time":{"start":1710810188123,"stop":1710810188137,"duration":14}},{"uid":"e819f7b085757d66","reportUrl":"https://zaelcovsky.github.io/StroyremAutomation/265//#testresult/e819f7b085757d66","status":"broken","statusDetails":"selenium.common.exceptions.NoSuchElementException: Message: no such element: Unable to locate element: {\"method\":\"xpath\",\"selector\":\"(//a[@href='/catalog/new'])[3]\"}\n  (Session info: chrome-headless-shell=122.0.6261.128); For documentation on this error, please visit: https://www.selenium.dev/documentation/webdriver/troubleshooting/errors#no-such-element-exception\nStacktrace:\n#0 0x6432eb428f33 <unknown>\n#1 0x6432eb120ce6 <unknown>\n#2 0x6432eb16be48 <unknown>\n#3 0x6432eb16bf01 <unknown>\n#4 0x6432eb1af3f4 <unknown>\n#5 0x6432eb18dedd <unknown>\n#6 0x6432eb1ac899 <unknown>\n#7 0x6432eb18dc53 <unknown>\n#8 0x6432eb15edb3 <unknown>\n#9 0x6432eb15f77e <unknown>\n#10 0x6432eb3ee86b <unknown>\n#11 0x6432eb3f2885 <unknown>\n#12 0x6432eb3dc181 <unknown>\n#13 0x6432eb3f3412 <unknown>\n#14 0x6432eb3c025f <unknown>\n#15 0x6432eb417528 <unknown>\n#16 0x6432eb417723 <unknown>\n#17 0x6432eb4280e4 <unknown>\n#18 0x712167454134 <unknown>","time":{"start":1710723886229,"stop":1710723886242,"duration":13}},{"uid":"2a33bb383c61ae29","reportUrl":"https://zaelcovsky.github.io/StroyremAutomation/264//#testresult/2a33bb383c61ae29","status":"broken","statusDetails":"selenium.common.exceptions.NoSuchElementException: Message: no such element: Unable to locate element: {\"method\":\"xpath\",\"selector\":\"(//a[@href='/catalog/new'])[3]\"}\n  (Session info: chrome-headless-shell=122.0.6261.128); For documentation on this error, please visit: https://www.selenium.dev/documentation/webdriver/troubleshooting/errors#no-such-element-exception\nStacktrace:\n#0 0x588a71cb3f33 <unknown>\n#1 0x588a719abce6 <unknown>\n#2 0x588a719f6e48 <unknown>\n#3 0x588a719f6f01 <unknown>\n#4 0x588a71a3a3f4 <unknown>\n#5 0x588a71a18edd <unknown>\n#6 0x588a71a37899 <unknown>\n#7 0x588a71a18c53 <unknown>\n#8 0x588a719e9db3 <unknown>\n#9 0x588a719ea77e <unknown>\n#10 0x588a71c7986b <unknown>\n#11 0x588a71c7d885 <unknown>\n#12 0x588a71c67181 <unknown>\n#13 0x588a71c7e412 <unknown>\n#14 0x588a71c4b25f <unknown>\n#15 0x588a71ca2528 <unknown>\n#16 0x588a71ca2723 <unknown>\n#17 0x588a71cb30e4 <unknown>\n#18 0x78c8760c1134 <unknown>","time":{"start":1710637658967,"stop":1710637658980,"duration":13}},{"uid":"1da51949b4e9ad6f","reportUrl":"https://zaelcovsky.github.io/StroyremAutomation/263//#testresult/1da51949b4e9ad6f","status":"broken","statusDetails":"selenium.common.exceptions.NoSuchElementException: Message: no such element: Unable to locate element: {\"method\":\"xpath\",\"selector\":\"(//a[@href='/catalog/new'])[3]\"}\n  (Session info: chrome-headless-shell=122.0.6261.128); For documentation on this error, please visit: https://www.selenium.dev/documentation/webdriver/troubleshooting/errors#no-such-element-exception\nStacktrace:\n#0 0x5c9575c5af33 <unknown>\n#1 0x5c9575952ce6 <unknown>\n#2 0x5c957599de48 <unknown>\n#3 0x5c957599df01 <unknown>\n#4 0x5c95759e13f4 <unknown>\n#5 0x5c95759bfedd <unknown>\n#6 0x5c95759de899 <unknown>\n#7 0x5c95759bfc53 <unknown>\n#8 0x5c9575990db3 <unknown>\n#9 0x5c957599177e <unknown>\n#10 0x5c9575c2086b <unknown>\n#11 0x5c9575c24885 <unknown>\n#12 0x5c9575c0e181 <unknown>\n#13 0x5c9575c25412 <unknown>\n#14 0x5c9575bf225f <unknown>\n#15 0x5c9575c49528 <unknown>\n#16 0x5c9575c49723 <unknown>\n#17 0x5c9575c5a0e4 <unknown>\n#18 0x734ae3e7b134 <unknown>","time":{"start":1710550915478,"stop":1710550915492,"duration":14}},{"uid":"a80311cff15985b3","reportUrl":"https://zaelcovsky.github.io/StroyremAutomation/262//#testresult/a80311cff15985b3","status":"broken","statusDetails":"selenium.common.exceptions.NoSuchElementException: Message: no such element: Unable to locate element: {\"method\":\"xpath\",\"selector\":\"(//a[@href='/catalog/new'])[3]\"}\n  (Session info: chrome-headless-shell=122.0.6261.128); For documentation on this error, please visit: https://www.selenium.dev/documentation/webdriver/troubleshooting/errors#no-such-element-exception\nStacktrace:\n#0 0x628120b56f33 <unknown>\n#1 0x62812084ece6 <unknown>\n#2 0x628120899e48 <unknown>\n#3 0x628120899f01 <unknown>\n#4 0x6281208dd3f4 <unknown>\n#5 0x6281208bbedd <unknown>\n#6 0x6281208da899 <unknown>\n#7 0x6281208bbc53 <unknown>\n#8 0x62812088cdb3 <unknown>\n#9 0x62812088d77e <unknown>\n#10 0x628120b1c86b <unknown>\n#11 0x628120b20885 <unknown>\n#12 0x628120b0a181 <unknown>\n#13 0x628120b21412 <unknown>\n#14 0x628120aee25f <unknown>\n#15 0x628120b45528 <unknown>\n#16 0x628120b45723 <unknown>\n#17 0x628120b560e4 <unknown>\n#18 0x710a47f06134 <unknown>","time":{"start":1710464679015,"stop":1710464679029,"duration":14}},{"uid":"cbb6b1f96f2aadb5","reportUrl":"https://zaelcovsky.github.io/StroyremAutomation/261//#testresult/cbb6b1f96f2aadb5","status":"broken","statusDetails":"selenium.common.exceptions.NoSuchElementException: Message: no such element: Unable to locate element: {\"method\":\"xpath\",\"selector\":\"(//a[@href='/catalog/new'])[3]\"}\n  (Session info: chrome-headless-shell=122.0.6261.128); For documentation on this error, please visit: https://www.selenium.dev/documentation/webdriver/troubleshooting/errors#no-such-element-exception\nStacktrace:\n#0 0x595de0e5ef33 <unknown>\n#1 0x595de0b56ce6 <unknown>\n#2 0x595de0ba1e48 <unknown>\n#3 0x595de0ba1f01 <unknown>\n#4 0x595de0be53f4 <unknown>\n#5 0x595de0bc3edd <unknown>\n#6 0x595de0be2899 <unknown>\n#7 0x595de0bc3c53 <unknown>\n#8 0x595de0b94db3 <unknown>\n#9 0x595de0b9577e <unknown>\n#10 0x595de0e2486b <unknown>\n#11 0x595de0e28885 <unknown>\n#12 0x595de0e12181 <unknown>\n#13 0x595de0e29412 <unknown>\n#14 0x595de0df625f <unknown>\n#15 0x595de0e4d528 <unknown>\n#16 0x595de0e4d723 <unknown>\n#17 0x595de0e5e0e4 <unknown>\n#18 0x7960ceb66134 <unknown>","time":{"start":1710378214931,"stop":1710378214944,"duration":13}},{"uid":"6f79571cc1f78e03","reportUrl":"https://zaelcovsky.github.io/StroyremAutomation/260//#testresult/6f79571cc1f78e03","status":"broken","statusDetails":"selenium.common.exceptions.NoSuchElementException: Message: no such element: Unable to locate element: {\"method\":\"xpath\",\"selector\":\"(//a[@href='/catalog/new'])[3]\"}\n  (Session info: chrome-headless-shell=122.0.6261.128); For documentation on this error, please visit: https://www.selenium.dev/documentation/webdriver/troubleshooting/errors#no-such-element-exception\nStacktrace:\n#0 0x555a7a7f8f33 <unknown>\n#1 0x555a7a4f0ce6 <unknown>\n#2 0x555a7a53be48 <unknown>\n#3 0x555a7a53bf01 <unknown>\n#4 0x555a7a57f3f4 <unknown>\n#5 0x555a7a55dedd <unknown>\n#6 0x555a7a57c899 <unknown>\n#7 0x555a7a55dc53 <unknown>\n#8 0x555a7a52edb3 <unknown>\n#9 0x555a7a52f77e <unknown>\n#10 0x555a7a7be86b <unknown>\n#11 0x555a7a7c2885 <unknown>\n#12 0x555a7a7ac181 <unknown>\n#13 0x555a7a7c3412 <unknown>\n#14 0x555a7a79025f <unknown>\n#15 0x555a7a7e7528 <unknown>\n#16 0x555a7a7e7723 <unknown>\n#17 0x555a7a7f80e4 <unknown>\n#18 0x7ff7c952d134 <unknown>","time":{"start":1710291983571,"stop":1710291983587,"duration":16}},{"uid":"cf9d8a2f97b3ceee","reportUrl":"https://zaelcovsky.github.io/StroyremAutomation/259//#testresult/cf9d8a2f97b3ceee","status":"broken","statusDetails":"selenium.common.exceptions.NoSuchElementException: Message: no such element: Unable to locate element: {\"method\":\"xpath\",\"selector\":\"(//a[@href='/catalog/new'])[3]\"}\n  (Session info: chrome-headless-shell=122.0.6261.111); For documentation on this error, please visit: https://www.selenium.dev/documentation/webdriver/troubleshooting/errors#no-such-element-exception\nStacktrace:\n#0 0x5b457e6f2ec3 <unknown>\n#1 0x5b457e3eace6 <unknown>\n#2 0x5b457e435e48 <unknown>\n#3 0x5b457e435f01 <unknown>\n#4 0x5b457e4793f4 <unknown>\n#5 0x5b457e457edd <unknown>\n#6 0x5b457e476899 <unknown>\n#7 0x5b457e457c53 <unknown>\n#8 0x5b457e428db3 <unknown>\n#9 0x5b457e42977e <unknown>\n#10 0x5b457e6b87fb <unknown>\n#11 0x5b457e6bc815 <unknown>\n#12 0x5b457e6a6111 <unknown>\n#13 0x5b457e6bd3a2 <unknown>\n#14 0x5b457e68a1ef <unknown>\n#15 0x5b457e6e14b8 <unknown>\n#16 0x5b457e6e16b3 <unknown>\n#17 0x5b457e6f2074 <unknown>\n#18 0x77a5be9a0134 <unknown>","time":{"start":1710205351661,"stop":1710205351675,"duration":14}},{"uid":"2b3278a88a44e190","reportUrl":"https://zaelcovsky.github.io/StroyremAutomation/258//#testresult/2b3278a88a44e190","status":"broken","statusDetails":"selenium.common.exceptions.NoSuchElementException: Message: no such element: Unable to locate element: {\"method\":\"xpath\",\"selector\":\"(//a[@href='/catalog/new'])[3]\"}\n  (Session info: chrome-headless-shell=122.0.6261.111); For documentation on this error, please visit: https://www.selenium.dev/documentation/webdriver/troubleshooting/errors#no-such-element-exception\nStacktrace:\n#0 0x558a56548ec3 <unknown>\n#1 0x558a56240ce6 <unknown>\n#2 0x558a5628be48 <unknown>\n#3 0x558a5628bf01 <unknown>\n#4 0x558a562cf3f4 <unknown>\n#5 0x558a562adedd <unknown>\n#6 0x558a562cc899 <unknown>\n#7 0x558a562adc53 <unknown>\n#8 0x558a5627edb3 <unknown>\n#9 0x558a5627f77e <unknown>\n#10 0x558a5650e7fb <unknown>\n#11 0x558a56512815 <unknown>\n#12 0x558a564fc111 <unknown>\n#13 0x558a565133a2 <unknown>\n#14 0x558a564e01ef <unknown>\n#15 0x558a565374b8 <unknown>\n#16 0x558a565376b3 <unknown>\n#17 0x558a56548074 <unknown>\n#18 0x7fb987653134 <unknown>","time":{"start":1710119028122,"stop":1710119028134,"duration":12}},{"uid":"263c04cbcdf76339","reportUrl":"https://zaelcovsky.github.io/StroyremAutomation/257//#testresult/263c04cbcdf76339","status":"broken","statusDetails":"selenium.common.exceptions.NoSuchElementException: Message: no such element: Unable to locate element: {\"method\":\"xpath\",\"selector\":\"(//a[@href='/catalog/new'])[3]\"}\n  (Session info: chrome-headless-shell=122.0.6261.111); For documentation on this error, please visit: https://www.selenium.dev/documentation/webdriver/troubleshooting/errors#no-such-element-exception\nStacktrace:\n#0 0x5599cb5c1ec3 <unknown>\n#1 0x5599cb2b9ce6 <unknown>\n#2 0x5599cb304e48 <unknown>\n#3 0x5599cb304f01 <unknown>\n#4 0x5599cb3483f4 <unknown>\n#5 0x5599cb326edd <unknown>\n#6 0x5599cb345899 <unknown>\n#7 0x5599cb326c53 <unknown>\n#8 0x5599cb2f7db3 <unknown>\n#9 0x5599cb2f877e <unknown>\n#10 0x5599cb5877fb <unknown>\n#11 0x5599cb58b815 <unknown>\n#12 0x5599cb575111 <unknown>\n#13 0x5599cb58c3a2 <unknown>\n#14 0x5599cb5591ef <unknown>\n#15 0x5599cb5b04b8 <unknown>\n#16 0x5599cb5b06b3 <unknown>\n#17 0x5599cb5c1074 <unknown>\n#18 0x7f9fd50df134 <unknown>","time":{"start":1710032850070,"stop":1710032850082,"duration":12}},{"uid":"2225b87da6a9952b","reportUrl":"https://zaelcovsky.github.io/StroyremAutomation/256//#testresult/2225b87da6a9952b","status":"broken","statusDetails":"selenium.common.exceptions.NoSuchElementException: Message: no such element: Unable to locate element: {\"method\":\"xpath\",\"selector\":\"(//a[@href='/catalog/new'])[3]\"}\n  (Session info: chrome-headless-shell=122.0.6261.111); For documentation on this error, please visit: https://www.selenium.dev/documentation/webdriver/troubleshooting/errors#no-such-element-exception\nStacktrace:\n#0 0x55a70a3d8ec3 <unknown>\n#1 0x55a70a0d0ce6 <unknown>\n#2 0x55a70a11be48 <unknown>\n#3 0x55a70a11bf01 <unknown>\n#4 0x55a70a15f3f4 <unknown>\n#5 0x55a70a13dedd <unknown>\n#6 0x55a70a15c899 <unknown>\n#7 0x55a70a13dc53 <unknown>\n#8 0x55a70a10edb3 <unknown>\n#9 0x55a70a10f77e <unknown>\n#10 0x55a70a39e7fb <unknown>\n#11 0x55a70a3a2815 <unknown>\n#12 0x55a70a38c111 <unknown>\n#13 0x55a70a3a33a2 <unknown>\n#14 0x55a70a3701ef <unknown>\n#15 0x55a70a3c74b8 <unknown>\n#16 0x55a70a3c76b3 <unknown>\n#17 0x55a70a3d8074 <unknown>\n#18 0x7f1fb1c25134 <unknown>","time":{"start":1709946086826,"stop":1709946086839,"duration":13}},{"uid":"3094f85a0eb96640","reportUrl":"https://zaelcovsky.github.io/StroyremAutomation/255//#testresult/3094f85a0eb96640","status":"broken","statusDetails":"selenium.common.exceptions.NoSuchElementException: Message: no such element: Unable to locate element: {\"method\":\"xpath\",\"selector\":\"(//a[@href='/catalog/new'])[3]\"}\n  (Session info: chrome-headless-shell=122.0.6261.111); For documentation on this error, please visit: https://www.selenium.dev/documentation/webdriver/troubleshooting/errors#no-such-element-exception\nStacktrace:\n#0 0x5618d04c7ec3 <unknown>\n#1 0x5618d01bfce6 <unknown>\n#2 0x5618d020ae48 <unknown>\n#3 0x5618d020af01 <unknown>\n#4 0x5618d024e3f4 <unknown>\n#5 0x5618d022cedd <unknown>\n#6 0x5618d024b899 <unknown>\n#7 0x5618d022cc53 <unknown>\n#8 0x5618d01fddb3 <unknown>\n#9 0x5618d01fe77e <unknown>\n#10 0x5618d048d7fb <unknown>\n#11 0x5618d0491815 <unknown>\n#12 0x5618d047b111 <unknown>\n#13 0x5618d04923a2 <unknown>\n#14 0x5618d045f1ef <unknown>\n#15 0x5618d04b64b8 <unknown>\n#16 0x5618d04b66b3 <unknown>\n#17 0x5618d04c7074 <unknown>\n#18 0x7f93871ac134 <unknown>","time":{"start":1709859759915,"stop":1709859759928,"duration":13}},{"uid":"ecf24d48fc0c8029","reportUrl":"https://zaelcovsky.github.io/StroyremAutomation/254//#testresult/ecf24d48fc0c8029","status":"broken","statusDetails":"selenium.common.exceptions.NoSuchElementException: Message: no such element: Unable to locate element: {\"method\":\"xpath\",\"selector\":\"(//a[@href='/catalog/new'])[3]\"}\n  (Session info: chrome-headless-shell=122.0.6261.94); For documentation on this error, please visit: https://www.selenium.dev/documentation/webdriver/troubleshooting/errors#no-such-element-exception\nStacktrace:\n#0 0x557b35ef7e93 <unknown>\n#1 0x557b35befce6 <unknown>\n#2 0x557b35c3ae48 <unknown>\n#3 0x557b35c3af01 <unknown>\n#4 0x557b35c7e3f4 <unknown>\n#5 0x557b35c5cedd <unknown>\n#6 0x557b35c7b899 <unknown>\n#7 0x557b35c5cc53 <unknown>\n#8 0x557b35c2ddb3 <unknown>\n#9 0x557b35c2e77e <unknown>\n#10 0x557b35ebd7cb <unknown>\n#11 0x557b35ec17e5 <unknown>\n#12 0x557b35eab0e1 <unknown>\n#13 0x557b35ec2372 <unknown>\n#14 0x557b35e8f1bf <unknown>\n#15 0x557b35ee6488 <unknown>\n#16 0x557b35ee6683 <unknown>\n#17 0x557b35ef7044 <unknown>\n#18 0x7fb78a4ca134 <unknown>","time":{"start":1709772833908,"stop":1709772833921,"duration":13}}]},"tags":["smoke_test"]},"source":"d2969695158fe08.json","parameterValues":["'https://test2.stroyrem-nn.ru/'"]}