{"uid":"b1bf4253072eb895","name":"test_positive_delivery_green_zone_smoke[TD 008-products/shtukaturka-gipsovaya-aksolit-m50-30-kg-mashinnogo-naneseniya-149-4500-2300-3980-4490-https://sandboxtest.stroyrem-nn.ru/]","fullName":"tests.delivery.test_delivery_calculation.TestDeliveryPageCalculation#test_positive_delivery_green_zone_smoke","historyId":"a6e4f8846394d8afbfad6037346de2a8","time":{"start":1695431233545,"stop":1695431234204,"duration":659},"status":"broken","statusMessage":"selenium.common.exceptions.NoSuchElementException: Message: no such element: Unable to locate element: {\"method\":\"xpath\",\"selector\":\"(//a[@class='add-to-cart yellow-btn'])[1]\"}\n  (Session info: headless chrome=117.0.5938.92); For documentation on this error, please visit: https://www.selenium.dev/documentation/webdriver/troubleshooting/errors#no-such-element-exception\nStacktrace:\n#0 0x55aaf16a76b3 <unknown>\n#1 0x55aaf137d1e7 <unknown>\n#2 0x55aaf13c4566 <unknown>\n#3 0x55aaf13c4651 <unknown>\n#4 0x55aaf1401a74 <unknown>\n#5 0x55aaf13e60ed <unknown>\n#6 0x55aaf13ff322 <unknown>\n#7 0x55aaf13e5e93 <unknown>\n#8 0x55aaf13b8934 <unknown>\n#9 0x55aaf13b971e <unknown>\n#10 0x55aaf166ccb8 <unknown>\n#11 0x55aaf1670bf0 <unknown>\n#12 0x55aaf167b19c <unknown>\n#13 0x55aaf1671808 <unknown>\n#14 0x55aaf163e27f <unknown>\n#15 0x55aaf1695e88 <unknown>\n#16 0x55aaf1696059 <unknown>\n#17 0x55aaf16a6843 <unknown>\n#18 0x7f0f5451c044 <unknown>","statusTrace":"self = <tests.delivery.test_delivery_calculation.TestDeliveryPageCalculation object at 0x7f97072d4b90>\ndriver = <selenium.webdriver.chrome.webdriver.WebDriver (session=\"eff0c2536a0fc2262884cc39e8707181\")>\nurl = 'https://sandboxtest.stroyrem-nn.ru/', case_id = 'TD 008'\nlink_item = 'products/shtukaturka-gipsovaya-aksolit-m50-30-kg-mashinnogo-naneseniya'\namount = 149, weight = 4500, standard = 2300, in_time = 3980, all_time = 4490\n\n    @pytest.mark.parametrize('case_id, link_item, amount, weight, standard, in_time, all_time', [\n        (\"TD 001\", uroven_3000, 1, 30, 0, 1590, 2190),\n        (\"TD 002\", bundeks_25, 1, 30, 400, 1590, 2190),\n        (\"TD 003\", aksolit_30, 8, 300, 400, 1590, 2190),\n        (\"TD 004\", aksolit_30, 13, 400, 450, 1590, 2190),\n        (\"TD 005\", aksolit_30, 16, 500, 600, 1590, 2190),\n        (\"TD 006\", aksolit_30, 25, 1700, 990, 1990, 2480),\n        (\"TD 007\", aksolit_30, 66, 2000, 1300, 2490, 2980),\n        (\"TD 008\", aksolit_30, 149, 4500, 2300, 3980, 4490),\n        (\"TD 009\", aksolit_30, 166, 5000, 2500, 4990, 5480),\n        pytest.param(\n            \"TD 010\", aksolit_30, 206, 6200, 2900, 5570, 6120,\n            marks=pytest.mark.xfail(reson=\"Цена доставки 3600 7960 8980\")\n        ),\n        (\"TD 011\", aksolit_30, 299, 9000, 3600, 7960, 8980),\n        (\"TD 012\", aksolit_30, 333, 10000, 4450, 11990, 12500),\n        pytest.param(\n            \"TD 013\", aksolit_30, 366, 11000, 4800, 12450, 13480,\n            marks=pytest.mark.xfail(reason=\"Цена стандартной доставки 4450\")\n        ),\n        pytest.param(\n            \"TD 014\", aksolit_30, 666, 20000, 5400, 15600, 17490,\n            marks=pytest.mark.xfail(reason=\"Цена стандартной доставки 4450\")\n        )\n    ])\n    @pytest.mark.smoke\n    def test_positive_delivery_green_zone_smoke(\n            self, driver, url, case_id, link_item, amount, weight, standard, in_time, all_time\n    ):\n    \n        driver.get(f'{url}{link_item}')\n        item_page = ItemPage(driver)\n>       item_page.add_item_to_cart(amount).click_on_cart()\n\ntests/delivery/test_delivery_calculation.py:49: \n_ _ _ _ _ _ _ _ _ _ _ _ _ _ _ _ _ _ _ _ _ _ _ _ _ _ _ _ _ _ _ _ _ _ _ _ _ _ _ _ \npages/item_page.py:40: in add_item_to_cart\n    self.find_element(self._add_item).click()\nbase/seleniumbase.py:17: in find_element\n    return self.driver.find_element(*locator)\n/usr/local/lib/python3.11/site-packages/selenium/webdriver/remote/webdriver.py:740: in find_element\n    return self.execute(Command.FIND_ELEMENT, {\"using\": by, \"value\": value})[\"value\"]\n/usr/local/lib/python3.11/site-packages/selenium/webdriver/remote/webdriver.py:346: in execute\n    self.error_handler.check_response(response)\n_ _ _ _ _ _ _ _ _ _ _ _ _ _ _ _ _ _ _ _ _ _ _ _ _ _ _ _ _ _ _ _ _ _ _ _ _ _ _ _ \n\nself = <selenium.webdriver.remote.errorhandler.ErrorHandler object at 0x7f9707f15f50>\nresponse = {'status': 404, 'value': '{\"value\":{\"error\":\"no such element\",\"message\":\"no such element: Unable to locate element: {\\...\\\\n#16 0x55aaf1696059 \\\\u003Cunknown>\\\\n#17 0x55aaf16a6843 \\\\u003Cunknown>\\\\n#18 0x7f0f5451c044 \\\\u003Cunknown>\\\\n\"}}'}\n\n    def check_response(self, response: Dict[str, Any]) -> None:\n        \"\"\"Checks that a JSON response from the WebDriver does not have an\n        error.\n    \n        :Args:\n         - response - The JSON response from the WebDriver server as a dictionary\n           object.\n    \n        :Raises: If the response contains an error message.\n        \"\"\"\n        status = response.get(\"status\", None)\n        if not status or status == ErrorCode.SUCCESS:\n            return\n        value = None\n        message = response.get(\"message\", \"\")\n        screen: str = response.get(\"screen\", \"\")\n        stacktrace = None\n        if isinstance(status, int):\n            value_json = response.get(\"value\", None)\n            if value_json and isinstance(value_json, str):\n                import json\n    \n                try:\n                    value = json.loads(value_json)\n                    if len(value) == 1:\n                        value = value[\"value\"]\n                    status = value.get(\"error\", None)\n                    if not status:\n                        status = value.get(\"status\", ErrorCode.UNKNOWN_ERROR)\n                        message = value.get(\"value\") or value.get(\"message\")\n                        if not isinstance(message, str):\n                            value = message\n                            message = message.get(\"message\")\n                    else:\n                        message = value.get(\"message\", None)\n                except ValueError:\n                    pass\n    \n        exception_class: Type[WebDriverException]\n        if status in ErrorCode.NO_SUCH_ELEMENT:\n            exception_class = NoSuchElementException\n        elif status in ErrorCode.NO_SUCH_FRAME:\n            exception_class = NoSuchFrameException\n        elif status in ErrorCode.NO_SUCH_SHADOW_ROOT:\n            exception_class = NoSuchShadowRootException\n        elif status in ErrorCode.NO_SUCH_WINDOW:\n            exception_class = NoSuchWindowException\n        elif status in ErrorCode.STALE_ELEMENT_REFERENCE:\n            exception_class = StaleElementReferenceException\n        elif status in ErrorCode.ELEMENT_NOT_VISIBLE:\n            exception_class = ElementNotVisibleException\n        elif status in ErrorCode.INVALID_ELEMENT_STATE:\n            exception_class = InvalidElementStateException\n        elif (\n            status in ErrorCode.INVALID_SELECTOR\n            or status in ErrorCode.INVALID_XPATH_SELECTOR\n            or status in ErrorCode.INVALID_XPATH_SELECTOR_RETURN_TYPER\n        ):\n            exception_class = InvalidSelectorException\n        elif status in ErrorCode.ELEMENT_IS_NOT_SELECTABLE:\n            exception_class = ElementNotSelectableException\n        elif status in ErrorCode.ELEMENT_NOT_INTERACTABLE:\n            exception_class = ElementNotInteractableException\n        elif status in ErrorCode.INVALID_COOKIE_DOMAIN:\n            exception_class = InvalidCookieDomainException\n        elif status in ErrorCode.UNABLE_TO_SET_COOKIE:\n            exception_class = UnableToSetCookieException\n        elif status in ErrorCode.TIMEOUT:\n            exception_class = TimeoutException\n        elif status in ErrorCode.SCRIPT_TIMEOUT:\n            exception_class = TimeoutException\n        elif status in ErrorCode.UNKNOWN_ERROR:\n            exception_class = WebDriverException\n        elif status in ErrorCode.UNEXPECTED_ALERT_OPEN:\n            exception_class = UnexpectedAlertPresentException\n        elif status in ErrorCode.NO_ALERT_OPEN:\n            exception_class = NoAlertPresentException\n        elif status in ErrorCode.IME_NOT_AVAILABLE:\n            exception_class = ImeNotAvailableException\n        elif status in ErrorCode.IME_ENGINE_ACTIVATION_FAILED:\n            exception_class = ImeActivationFailedException\n        elif status in ErrorCode.MOVE_TARGET_OUT_OF_BOUNDS:\n            exception_class = MoveTargetOutOfBoundsException\n        elif status in ErrorCode.JAVASCRIPT_ERROR:\n            exception_class = JavascriptException\n        elif status in ErrorCode.SESSION_NOT_CREATED:\n            exception_class = SessionNotCreatedException\n        elif status in ErrorCode.INVALID_ARGUMENT:\n            exception_class = InvalidArgumentException\n        elif status in ErrorCode.NO_SUCH_COOKIE:\n            exception_class = NoSuchCookieException\n        elif status in ErrorCode.UNABLE_TO_CAPTURE_SCREEN:\n            exception_class = ScreenshotException\n        elif status in ErrorCode.ELEMENT_CLICK_INTERCEPTED:\n            exception_class = ElementClickInterceptedException\n        elif status in ErrorCode.INSECURE_CERTIFICATE:\n            exception_class = InsecureCertificateException\n        elif status in ErrorCode.INVALID_COORDINATES:\n            exception_class = InvalidCoordinatesException\n        elif status in ErrorCode.INVALID_SESSION_ID:\n            exception_class = InvalidSessionIdException\n        elif status in ErrorCode.UNKNOWN_METHOD:\n            exception_class = UnknownMethodException\n        else:\n            exception_class = WebDriverException\n        if not value:\n            value = response[\"value\"]\n        if isinstance(value, str):\n            raise exception_class(value)\n        if message == \"\" and \"message\" in value:\n            message = value[\"message\"]\n    \n        screen = None  # type: ignore[assignment]\n        if \"screen\" in value:\n            screen = value[\"screen\"]\n    \n        stacktrace = None\n        st_value = value.get(\"stackTrace\") or value.get(\"stacktrace\")\n        if st_value:\n            if isinstance(st_value, str):\n                stacktrace = st_value.split(\"\\n\")\n            else:\n                stacktrace = []\n                try:\n                    for frame in st_value:\n                        line = frame.get(\"lineNumber\", \"\")\n                        file = frame.get(\"fileName\", \"<anonymous>\")\n                        if line:\n                            file = f\"{file}:{line}\"\n                        meth = frame.get(\"methodName\", \"<anonymous>\")\n                        if \"className\" in frame:\n                            meth = f\"{frame['className']}.{meth}\"\n                        msg = \"    at %s (%s)\"\n                        msg = msg % (meth, file)\n                        stacktrace.append(msg)\n                except TypeError:\n                    pass\n        if exception_class == UnexpectedAlertPresentException:\n            alert_text = None\n            if \"data\" in value:\n                alert_text = value[\"data\"].get(\"text\")\n            elif \"alert\" in value:\n                alert_text = value[\"alert\"].get(\"text\")\n            raise exception_class(message, screen, stacktrace, alert_text)  # type: ignore[call-arg]  # mypy is not smart enough here\n>       raise exception_class(message, screen, stacktrace)\nE       selenium.common.exceptions.NoSuchElementException: Message: no such element: Unable to locate element: {\"method\":\"xpath\",\"selector\":\"(//a[@class='add-to-cart yellow-btn'])[1]\"}\nE         (Session info: headless chrome=117.0.5938.92); For documentation on this error, please visit: https://www.selenium.dev/documentation/webdriver/troubleshooting/errors#no-such-element-exception\nE       Stacktrace:\nE       #0 0x55aaf16a76b3 <unknown>\nE       #1 0x55aaf137d1e7 <unknown>\nE       #2 0x55aaf13c4566 <unknown>\nE       #3 0x55aaf13c4651 <unknown>\nE       #4 0x55aaf1401a74 <unknown>\nE       #5 0x55aaf13e60ed <unknown>\nE       #6 0x55aaf13ff322 <unknown>\nE       #7 0x55aaf13e5e93 <unknown>\nE       #8 0x55aaf13b8934 <unknown>\nE       #9 0x55aaf13b971e <unknown>\nE       #10 0x55aaf166ccb8 <unknown>\nE       #11 0x55aaf1670bf0 <unknown>\nE       #12 0x55aaf167b19c <unknown>\nE       #13 0x55aaf1671808 <unknown>\nE       #14 0x55aaf163e27f <unknown>\nE       #15 0x55aaf1695e88 <unknown>\nE       #16 0x55aaf1696059 <unknown>\nE       #17 0x55aaf16a6843 <unknown>\nE       #18 0x7f0f5451c044 <unknown>\n\n/usr/local/lib/python3.11/site-packages/selenium/webdriver/remote/errorhandler.py:245: NoSuchElementException","flaky":false,"newFailed":false,"newBroken":false,"newPassed":false,"retriesCount":0,"retriesStatusChange":false,"beforeStages":[{"name":"_session_faker","time":{"start":1695430743198,"stop":1695430743292,"duration":94},"status":"passed","steps":[],"attachments":[],"parameters":[],"shouldDisplayMessage":false,"stepsCount":0,"attachmentsCount":0,"hasContent":false},{"name":"clear_allure_results_folder","time":{"start":1695430743292,"stop":1695430743292,"duration":0},"status":"passed","steps":[],"attachments":[],"parameters":[],"shouldDisplayMessage":false,"stepsCount":0,"attachmentsCount":0,"hasContent":false},{"name":"driver","time":{"start":1695431232706,"stop":1695431233543,"duration":837},"status":"passed","steps":[],"attachments":[],"parameters":[],"shouldDisplayMessage":false,"stepsCount":0,"attachmentsCount":0,"hasContent":false},{"name":"setup","time":{"start":1695431233543,"stop":1695431233544,"duration":1},"status":"passed","steps":[],"attachments":[],"parameters":[],"shouldDisplayMessage":false,"stepsCount":0,"attachmentsCount":0,"hasContent":false}],"testStage":{"status":"broken","statusMessage":"selenium.common.exceptions.NoSuchElementException: Message: no such element: Unable to locate element: {\"method\":\"xpath\",\"selector\":\"(//a[@class='add-to-cart yellow-btn'])[1]\"}\n  (Session info: headless chrome=117.0.5938.92); For documentation on this error, please visit: https://www.selenium.dev/documentation/webdriver/troubleshooting/errors#no-such-element-exception\nStacktrace:\n#0 0x55aaf16a76b3 <unknown>\n#1 0x55aaf137d1e7 <unknown>\n#2 0x55aaf13c4566 <unknown>\n#3 0x55aaf13c4651 <unknown>\n#4 0x55aaf1401a74 <unknown>\n#5 0x55aaf13e60ed <unknown>\n#6 0x55aaf13ff322 <unknown>\n#7 0x55aaf13e5e93 <unknown>\n#8 0x55aaf13b8934 <unknown>\n#9 0x55aaf13b971e <unknown>\n#10 0x55aaf166ccb8 <unknown>\n#11 0x55aaf1670bf0 <unknown>\n#12 0x55aaf167b19c <unknown>\n#13 0x55aaf1671808 <unknown>\n#14 0x55aaf163e27f <unknown>\n#15 0x55aaf1695e88 <unknown>\n#16 0x55aaf1696059 <unknown>\n#17 0x55aaf16a6843 <unknown>\n#18 0x7f0f5451c044 <unknown>","statusTrace":"self = <tests.delivery.test_delivery_calculation.TestDeliveryPageCalculation object at 0x7f97072d4b90>\ndriver = <selenium.webdriver.chrome.webdriver.WebDriver (session=\"eff0c2536a0fc2262884cc39e8707181\")>\nurl = 'https://sandboxtest.stroyrem-nn.ru/', case_id = 'TD 008'\nlink_item = 'products/shtukaturka-gipsovaya-aksolit-m50-30-kg-mashinnogo-naneseniya'\namount = 149, weight = 4500, standard = 2300, in_time = 3980, all_time = 4490\n\n    @pytest.mark.parametrize('case_id, link_item, amount, weight, standard, in_time, all_time', [\n        (\"TD 001\", uroven_3000, 1, 30, 0, 1590, 2190),\n        (\"TD 002\", bundeks_25, 1, 30, 400, 1590, 2190),\n        (\"TD 003\", aksolit_30, 8, 300, 400, 1590, 2190),\n        (\"TD 004\", aksolit_30, 13, 400, 450, 1590, 2190),\n        (\"TD 005\", aksolit_30, 16, 500, 600, 1590, 2190),\n        (\"TD 006\", aksolit_30, 25, 1700, 990, 1990, 2480),\n        (\"TD 007\", aksolit_30, 66, 2000, 1300, 2490, 2980),\n        (\"TD 008\", aksolit_30, 149, 4500, 2300, 3980, 4490),\n        (\"TD 009\", aksolit_30, 166, 5000, 2500, 4990, 5480),\n        pytest.param(\n            \"TD 010\", aksolit_30, 206, 6200, 2900, 5570, 6120,\n            marks=pytest.mark.xfail(reson=\"Цена доставки 3600 7960 8980\")\n        ),\n        (\"TD 011\", aksolit_30, 299, 9000, 3600, 7960, 8980),\n        (\"TD 012\", aksolit_30, 333, 10000, 4450, 11990, 12500),\n        pytest.param(\n            \"TD 013\", aksolit_30, 366, 11000, 4800, 12450, 13480,\n            marks=pytest.mark.xfail(reason=\"Цена стандартной доставки 4450\")\n        ),\n        pytest.param(\n            \"TD 014\", aksolit_30, 666, 20000, 5400, 15600, 17490,\n            marks=pytest.mark.xfail(reason=\"Цена стандартной доставки 4450\")\n        )\n    ])\n    @pytest.mark.smoke\n    def test_positive_delivery_green_zone_smoke(\n            self, driver, url, case_id, link_item, amount, weight, standard, in_time, all_time\n    ):\n    \n        driver.get(f'{url}{link_item}')\n        item_page = ItemPage(driver)\n>       item_page.add_item_to_cart(amount).click_on_cart()\n\ntests/delivery/test_delivery_calculation.py:49: \n_ _ _ _ _ _ _ _ _ _ _ _ _ _ _ _ _ _ _ _ _ _ _ _ _ _ _ _ _ _ _ _ _ _ _ _ _ _ _ _ \npages/item_page.py:40: in add_item_to_cart\n    self.find_element(self._add_item).click()\nbase/seleniumbase.py:17: in find_element\n    return self.driver.find_element(*locator)\n/usr/local/lib/python3.11/site-packages/selenium/webdriver/remote/webdriver.py:740: in find_element\n    return self.execute(Command.FIND_ELEMENT, {\"using\": by, \"value\": value})[\"value\"]\n/usr/local/lib/python3.11/site-packages/selenium/webdriver/remote/webdriver.py:346: in execute\n    self.error_handler.check_response(response)\n_ _ _ _ _ _ _ _ _ _ _ _ _ _ _ _ _ _ _ _ _ _ _ _ _ _ _ _ _ _ _ _ _ _ _ _ _ _ _ _ \n\nself = <selenium.webdriver.remote.errorhandler.ErrorHandler object at 0x7f9707f15f50>\nresponse = {'status': 404, 'value': '{\"value\":{\"error\":\"no such element\",\"message\":\"no such element: Unable to locate element: {\\...\\\\n#16 0x55aaf1696059 \\\\u003Cunknown>\\\\n#17 0x55aaf16a6843 \\\\u003Cunknown>\\\\n#18 0x7f0f5451c044 \\\\u003Cunknown>\\\\n\"}}'}\n\n    def check_response(self, response: Dict[str, Any]) -> None:\n        \"\"\"Checks that a JSON response from the WebDriver does not have an\n        error.\n    \n        :Args:\n         - response - The JSON response from the WebDriver server as a dictionary\n           object.\n    \n        :Raises: If the response contains an error message.\n        \"\"\"\n        status = response.get(\"status\", None)\n        if not status or status == ErrorCode.SUCCESS:\n            return\n        value = None\n        message = response.get(\"message\", \"\")\n        screen: str = response.get(\"screen\", \"\")\n        stacktrace = None\n        if isinstance(status, int):\n            value_json = response.get(\"value\", None)\n            if value_json and isinstance(value_json, str):\n                import json\n    \n                try:\n                    value = json.loads(value_json)\n                    if len(value) == 1:\n                        value = value[\"value\"]\n                    status = value.get(\"error\", None)\n                    if not status:\n                        status = value.get(\"status\", ErrorCode.UNKNOWN_ERROR)\n                        message = value.get(\"value\") or value.get(\"message\")\n                        if not isinstance(message, str):\n                            value = message\n                            message = message.get(\"message\")\n                    else:\n                        message = value.get(\"message\", None)\n                except ValueError:\n                    pass\n    \n        exception_class: Type[WebDriverException]\n        if status in ErrorCode.NO_SUCH_ELEMENT:\n            exception_class = NoSuchElementException\n        elif status in ErrorCode.NO_SUCH_FRAME:\n            exception_class = NoSuchFrameException\n        elif status in ErrorCode.NO_SUCH_SHADOW_ROOT:\n            exception_class = NoSuchShadowRootException\n        elif status in ErrorCode.NO_SUCH_WINDOW:\n            exception_class = NoSuchWindowException\n        elif status in ErrorCode.STALE_ELEMENT_REFERENCE:\n            exception_class = StaleElementReferenceException\n        elif status in ErrorCode.ELEMENT_NOT_VISIBLE:\n            exception_class = ElementNotVisibleException\n        elif status in ErrorCode.INVALID_ELEMENT_STATE:\n            exception_class = InvalidElementStateException\n        elif (\n            status in ErrorCode.INVALID_SELECTOR\n            or status in ErrorCode.INVALID_XPATH_SELECTOR\n            or status in ErrorCode.INVALID_XPATH_SELECTOR_RETURN_TYPER\n        ):\n            exception_class = InvalidSelectorException\n        elif status in ErrorCode.ELEMENT_IS_NOT_SELECTABLE:\n            exception_class = ElementNotSelectableException\n        elif status in ErrorCode.ELEMENT_NOT_INTERACTABLE:\n            exception_class = ElementNotInteractableException\n        elif status in ErrorCode.INVALID_COOKIE_DOMAIN:\n            exception_class = InvalidCookieDomainException\n        elif status in ErrorCode.UNABLE_TO_SET_COOKIE:\n            exception_class = UnableToSetCookieException\n        elif status in ErrorCode.TIMEOUT:\n            exception_class = TimeoutException\n        elif status in ErrorCode.SCRIPT_TIMEOUT:\n            exception_class = TimeoutException\n        elif status in ErrorCode.UNKNOWN_ERROR:\n            exception_class = WebDriverException\n        elif status in ErrorCode.UNEXPECTED_ALERT_OPEN:\n            exception_class = UnexpectedAlertPresentException\n        elif status in ErrorCode.NO_ALERT_OPEN:\n            exception_class = NoAlertPresentException\n        elif status in ErrorCode.IME_NOT_AVAILABLE:\n            exception_class = ImeNotAvailableException\n        elif status in ErrorCode.IME_ENGINE_ACTIVATION_FAILED:\n            exception_class = ImeActivationFailedException\n        elif status in ErrorCode.MOVE_TARGET_OUT_OF_BOUNDS:\n            exception_class = MoveTargetOutOfBoundsException\n        elif status in ErrorCode.JAVASCRIPT_ERROR:\n            exception_class = JavascriptException\n        elif status in ErrorCode.SESSION_NOT_CREATED:\n            exception_class = SessionNotCreatedException\n        elif status in ErrorCode.INVALID_ARGUMENT:\n            exception_class = InvalidArgumentException\n        elif status in ErrorCode.NO_SUCH_COOKIE:\n            exception_class = NoSuchCookieException\n        elif status in ErrorCode.UNABLE_TO_CAPTURE_SCREEN:\n            exception_class = ScreenshotException\n        elif status in ErrorCode.ELEMENT_CLICK_INTERCEPTED:\n            exception_class = ElementClickInterceptedException\n        elif status in ErrorCode.INSECURE_CERTIFICATE:\n            exception_class = InsecureCertificateException\n        elif status in ErrorCode.INVALID_COORDINATES:\n            exception_class = InvalidCoordinatesException\n        elif status in ErrorCode.INVALID_SESSION_ID:\n            exception_class = InvalidSessionIdException\n        elif status in ErrorCode.UNKNOWN_METHOD:\n            exception_class = UnknownMethodException\n        else:\n            exception_class = WebDriverException\n        if not value:\n            value = response[\"value\"]\n        if isinstance(value, str):\n            raise exception_class(value)\n        if message == \"\" and \"message\" in value:\n            message = value[\"message\"]\n    \n        screen = None  # type: ignore[assignment]\n        if \"screen\" in value:\n            screen = value[\"screen\"]\n    \n        stacktrace = None\n        st_value = value.get(\"stackTrace\") or value.get(\"stacktrace\")\n        if st_value:\n            if isinstance(st_value, str):\n                stacktrace = st_value.split(\"\\n\")\n            else:\n                stacktrace = []\n                try:\n                    for frame in st_value:\n                        line = frame.get(\"lineNumber\", \"\")\n                        file = frame.get(\"fileName\", \"<anonymous>\")\n                        if line:\n                            file = f\"{file}:{line}\"\n                        meth = frame.get(\"methodName\", \"<anonymous>\")\n                        if \"className\" in frame:\n                            meth = f\"{frame['className']}.{meth}\"\n                        msg = \"    at %s (%s)\"\n                        msg = msg % (meth, file)\n                        stacktrace.append(msg)\n                except TypeError:\n                    pass\n        if exception_class == UnexpectedAlertPresentException:\n            alert_text = None\n            if \"data\" in value:\n                alert_text = value[\"data\"].get(\"text\")\n            elif \"alert\" in value:\n                alert_text = value[\"alert\"].get(\"text\")\n            raise exception_class(message, screen, stacktrace, alert_text)  # type: ignore[call-arg]  # mypy is not smart enough here\n>       raise exception_class(message, screen, stacktrace)\nE       selenium.common.exceptions.NoSuchElementException: Message: no such element: Unable to locate element: {\"method\":\"xpath\",\"selector\":\"(//a[@class='add-to-cart yellow-btn'])[1]\"}\nE         (Session info: headless chrome=117.0.5938.92); For documentation on this error, please visit: https://www.selenium.dev/documentation/webdriver/troubleshooting/errors#no-such-element-exception\nE       Stacktrace:\nE       #0 0x55aaf16a76b3 <unknown>\nE       #1 0x55aaf137d1e7 <unknown>\nE       #2 0x55aaf13c4566 <unknown>\nE       #3 0x55aaf13c4651 <unknown>\nE       #4 0x55aaf1401a74 <unknown>\nE       #5 0x55aaf13e60ed <unknown>\nE       #6 0x55aaf13ff322 <unknown>\nE       #7 0x55aaf13e5e93 <unknown>\nE       #8 0x55aaf13b8934 <unknown>\nE       #9 0x55aaf13b971e <unknown>\nE       #10 0x55aaf166ccb8 <unknown>\nE       #11 0x55aaf1670bf0 <unknown>\nE       #12 0x55aaf167b19c <unknown>\nE       #13 0x55aaf1671808 <unknown>\nE       #14 0x55aaf163e27f <unknown>\nE       #15 0x55aaf1695e88 <unknown>\nE       #16 0x55aaf1696059 <unknown>\nE       #17 0x55aaf16a6843 <unknown>\nE       #18 0x7f0f5451c044 <unknown>\n\n/usr/local/lib/python3.11/site-packages/selenium/webdriver/remote/errorhandler.py:245: NoSuchElementException","steps":[{"name":"Добавляем товар в корзину в количестве 149","time":{"start":1695431234186,"stop":1695431234203,"duration":17},"status":"broken","statusMessage":"selenium.common.exceptions.NoSuchElementException: Message: no such element: Unable to locate element: {\"method\":\"xpath\",\"selector\":\"(//a[@class='add-to-cart yellow-btn'])[1]\"}\n  (Session info: headless chrome=117.0.5938.92); For documentation on this error, please visit: https://www.selenium.dev/documentation/webdriver/troubleshooting/errors#no-such-element-exception\nStacktrace:\n#0 0x55aaf16a76b3 <unknown>\n#1 0x55aaf137d1e7 <unknown>\n#2 0x55aaf13c4566 <unknown>\n#3 0x55aaf13c4651 <unknown>\n#4 0x55aaf1401a74 <unknown>\n#5 0x55aaf13e60ed <unknown>\n#6 0x55aaf13ff322 <unknown>\n#7 0x55aaf13e5e93 <unknown>\n#8 0x55aaf13b8934 <unknown>\n#9 0x55aaf13b971e <unknown>\n#10 0x55aaf166ccb8 <unknown>\n#11 0x55aaf1670bf0 <unknown>\n#12 0x55aaf167b19c <unknown>\n#13 0x55aaf1671808 <unknown>\n#14 0x55aaf163e27f <unknown>\n#15 0x55aaf1695e88 <unknown>\n#16 0x55aaf1696059 <unknown>\n#17 0x55aaf16a6843 <unknown>\n#18 0x7f0f5451c044 <unknown>\n\n","statusTrace":"  File \"/usr/local/lib/python3.11/site-packages/allure_commons/_allure.py\", line 192, in impl\n    return func(*a, **kw)\n           ^^^^^^^^^^^^^^\n  File \"/app/pages/item_page.py\", line 40, in add_item_to_cart\n    self.find_element(self._add_item).click()\n    ^^^^^^^^^^^^^^^^^^^^^^^^^^^^^^^^^\n  File \"/app/base/seleniumbase.py\", line 17, in find_element\n    return self.driver.find_element(*locator)\n           ^^^^^^^^^^^^^^^^^^^^^^^^^^^^^^^^^^\n  File \"/usr/local/lib/python3.11/site-packages/selenium/webdriver/remote/webdriver.py\", line 740, in find_element\n    return self.execute(Command.FIND_ELEMENT, {\"using\": by, \"value\": value})[\"value\"]\n           ^^^^^^^^^^^^^^^^^^^^^^^^^^^^^^^^^^^^^^^^^^^^^^^^^^^^^^^^^^^^^^^^^\n  File \"/usr/local/lib/python3.11/site-packages/selenium/webdriver/remote/webdriver.py\", line 346, in execute\n    self.error_handler.check_response(response)\n  File \"/usr/local/lib/python3.11/site-packages/selenium/webdriver/remote/errorhandler.py\", line 245, in check_response\n    raise exception_class(message, screen, stacktrace)\n","steps":[],"attachments":[],"parameters":[{"name":"amount","value":"149"}],"shouldDisplayMessage":true,"stepsCount":0,"attachmentsCount":0,"hasContent":true}],"attachments":[{"uid":"eceb9bb990e2b54f","name":"Screenshot","source":"eceb9bb990e2b54f.png","type":"image/png","size":39917},{"uid":"336349f65b9e4396","name":"HTML source","source":"336349f65b9e4396.html","type":"text/html","size":544}],"parameters":[],"shouldDisplayMessage":true,"stepsCount":1,"attachmentsCount":2,"hasContent":true},"afterStages":[{"name":"setup::0","time":{"start":1695431234388,"stop":1695431234389,"duration":1},"status":"passed","steps":[],"attachments":[],"parameters":[],"shouldDisplayMessage":false,"stepsCount":0,"attachmentsCount":0,"hasContent":false},{"name":"driver::0","time":{"start":1695431234389,"stop":1695431234447,"duration":58},"status":"passed","steps":[],"attachments":[],"parameters":[],"shouldDisplayMessage":false,"stepsCount":0,"attachmentsCount":0,"hasContent":false}],"labels":[{"name":"epic","value":"Delivery Page - calculation"},{"name":"tag","value":"smoke"},{"name":"parentSuite","value":"tests.delivery"},{"name":"suite","value":"test_delivery_calculation"},{"name":"subSuite","value":"TestDeliveryPageCalculation"},{"name":"host","value":"0089de6c432c"},{"name":"thread","value":"1-MainThread"},{"name":"framework","value":"pytest"},{"name":"language","value":"cpython3"},{"name":"package","value":"tests.delivery.test_delivery_calculation"},{"name":"resultFormat","value":"allure2"}],"parameters":[{"name":"all_time","value":"4490"},{"name":"amount","value":"149"},{"name":"case_id","value":"'TD 008'"},{"name":"in_time","value":"3980"},{"name":"link_item","value":"'products/shtukaturka-gipsovaya-aksolit-m50-30-kg-mashinnogo-naneseniya'"},{"name":"standard","value":"2300"},{"name":"url","value":"'https://sandboxtest.stroyrem-nn.ru/'"},{"name":"weight","value":"4500"}],"links":[],"hidden":false,"retry":false,"extra":{"severity":"normal","retries":[],"categories":[{"name":"Test defects","matchedStatuses":[],"flaky":false}],"history":{"statistic":{"failed":0,"broken":24,"skipped":0,"passed":0,"unknown":0,"total":24},"items":[{"uid":"86e96c34ebd976f3","reportUrl":"https://zaelcovsky.github.io/StroyremAutomation/87//#testresult/86e96c34ebd976f3","status":"broken","statusDetails":"selenium.common.exceptions.NoSuchElementException: Message: no such element: Unable to locate element: {\"method\":\"xpath\",\"selector\":\"(//a[@class='add-to-cart yellow-btn'])[1]\"}\n  (Session info: headless chrome=117.0.5938.92); For documentation on this error, please visit: https://www.selenium.dev/documentation/webdriver/troubleshooting/errors#no-such-element-exception\nStacktrace:\n#0 0x55f5905516b3 <unknown>\n#1 0x55f5902271e7 <unknown>\n#2 0x55f59026e566 <unknown>\n#3 0x55f59026e651 <unknown>\n#4 0x55f5902aba74 <unknown>\n#5 0x55f5902900ed <unknown>\n#6 0x55f5902a9322 <unknown>\n#7 0x55f59028fe93 <unknown>\n#8 0x55f590262934 <unknown>\n#9 0x55f59026371e <unknown>\n#10 0x55f590516cb8 <unknown>\n#11 0x55f59051abf0 <unknown>\n#12 0x55f59052519c <unknown>\n#13 0x55f59051b808 <unknown>\n#14 0x55f5904e827f <unknown>\n#15 0x55f59053fe88 <unknown>\n#16 0x55f590540059 <unknown>\n#17 0x55f590550843 <unknown>\n#18 0x7f115db68044 <unknown>","time":{"start":1695344815414,"stop":1695344816136,"duration":722}},{"uid":"fe1e73649c75643c","reportUrl":"https://zaelcovsky.github.io/StroyremAutomation/86//#testresult/fe1e73649c75643c","status":"broken","statusDetails":"selenium.common.exceptions.NoSuchElementException: Message: no such element: Unable to locate element: {\"method\":\"xpath\",\"selector\":\"(//a[@class='add-to-cart yellow-btn'])[1]\"}\n  (Session info: headless chrome=117.0.5938.88); For documentation on this error, please visit: https://www.selenium.dev/documentation/webdriver/troubleshooting/errors#no-such-element-exception\nStacktrace:\n#0 0x55ff2e42a6c3 <unknown>\n#1 0x55ff2e1001e7 <unknown>\n#2 0x55ff2e147566 <unknown>\n#3 0x55ff2e147651 <unknown>\n#4 0x55ff2e184a74 <unknown>\n#5 0x55ff2e1690ed <unknown>\n#6 0x55ff2e182322 <unknown>\n#7 0x55ff2e168e93 <unknown>\n#8 0x55ff2e13b934 <unknown>\n#9 0x55ff2e13c71e <unknown>\n#10 0x55ff2e3efcc8 <unknown>\n#11 0x55ff2e3f3c00 <unknown>\n#12 0x55ff2e3fe1ac <unknown>\n#13 0x55ff2e3f4818 <unknown>\n#14 0x55ff2e3c128f <unknown>\n#15 0x55ff2e418e98 <unknown>\n#16 0x55ff2e419069 <unknown>\n#17 0x55ff2e429853 <unknown>\n#18 0x7f20f6942044 <unknown>","time":{"start":1695258379176,"stop":1695258379602,"duration":426}},{"uid":"739eda36c7cd9c","reportUrl":"https://zaelcovsky.github.io/StroyremAutomation/85//#testresult/739eda36c7cd9c","status":"broken","statusDetails":"selenium.common.exceptions.ElementNotInteractableException: Message: element not interactable\n  (Session info: headless chrome=117.0.5938.88)\nStacktrace:\n#0 0x55f3debc86c3 <unknown>\n#1 0x55f3de89e036 <unknown>\n#2 0x55f3de8dcc1d <unknown>\n#3 0x55f3de9070c2 <unknown>\n#4 0x55f3de8daf16 <unknown>\n#5 0x55f3de90728e <unknown>\n#6 0x55f3de920322 <unknown>\n#7 0x55f3de906e93 <unknown>\n#8 0x55f3de8d9934 <unknown>\n#9 0x55f3de8da71e <unknown>\n#10 0x55f3deb8dcc8 <unknown>\n#11 0x55f3deb91c00 <unknown>\n#12 0x55f3deb9c1ac <unknown>\n#13 0x55f3deb92818 <unknown>\n#14 0x55f3deb5f28f <unknown>\n#15 0x55f3debb6e98 <unknown>\n#16 0x55f3debb7069 <unknown>\n#17 0x55f3debc7853 <unknown>\n#18 0x7f0c66dac044 <unknown>","time":{"start":1695172150937,"stop":1695172157075,"duration":6138}},{"uid":"780f22bfc863ae","reportUrl":"https://zaelcovsky.github.io/StroyremAutomation/84//#testresult/780f22bfc863ae","status":"broken","statusDetails":"selenium.common.exceptions.NoSuchElementException: Message: no such element: Unable to locate element: {\"method\":\"xpath\",\"selector\":\"(//a[@class='add-to-cart yellow-btn'])[1]\"}\n  (Session info: headless chrome=117.0.5938.88); For documentation on this error, please visit: https://www.selenium.dev/documentation/webdriver/troubleshooting/errors#no-such-element-exception\nStacktrace:\n#0 0x558b9b3e16c3 <unknown>\n#1 0x558b9b0b71e7 <unknown>\n#2 0x558b9b0fe566 <unknown>\n#3 0x558b9b0fe651 <unknown>\n#4 0x558b9b13ba74 <unknown>\n#5 0x558b9b1200ed <unknown>\n#6 0x558b9b139322 <unknown>\n#7 0x558b9b11fe93 <unknown>\n#8 0x558b9b0f2934 <unknown>\n#9 0x558b9b0f371e <unknown>\n#10 0x558b9b3a6cc8 <unknown>\n#11 0x558b9b3aac00 <unknown>\n#12 0x558b9b3b51ac <unknown>\n#13 0x558b9b3ab818 <unknown>\n#14 0x558b9b37828f <unknown>\n#15 0x558b9b3cfe98 <unknown>\n#16 0x558b9b3d0069 <unknown>\n#17 0x558b9b3e0853 <unknown>\n#18 0x7fa0e4ca7044 <unknown>","time":{"start":1695085759914,"stop":1695085760457,"duration":543}},{"uid":"812d43fb20ff71b9","reportUrl":"https://zaelcovsky.github.io/StroyremAutomation/83//#testresult/812d43fb20ff71b9","status":"broken","statusDetails":"selenium.common.exceptions.NoSuchElementException: Message: no such element: Unable to locate element: {\"method\":\"xpath\",\"selector\":\"(//a[@class='add-to-cart yellow-btn'])[1]\"}\n  (Session info: headless chrome=117.0.5938.88); For documentation on this error, please visit: https://www.selenium.dev/documentation/webdriver/troubleshooting/errors#no-such-element-exception\nStacktrace:\n#0 0x5596ee9db6c3 <unknown>\n#1 0x5596ee6b11e7 <unknown>\n#2 0x5596ee6f8566 <unknown>\n#3 0x5596ee6f8651 <unknown>\n#4 0x5596ee735a74 <unknown>\n#5 0x5596ee71a0ed <unknown>\n#6 0x5596ee733322 <unknown>\n#7 0x5596ee719e93 <unknown>\n#8 0x5596ee6ec934 <unknown>\n#9 0x5596ee6ed71e <unknown>\n#10 0x5596ee9a0cc8 <unknown>\n#11 0x5596ee9a4c00 <unknown>\n#12 0x5596ee9af1ac <unknown>\n#13 0x5596ee9a5818 <unknown>\n#14 0x5596ee97228f <unknown>\n#15 0x5596ee9c9e98 <unknown>\n#16 0x5596ee9ca069 <unknown>\n#17 0x5596ee9da853 <unknown>\n#18 0x7fa0c143e044 <unknown>","time":{"start":1694999351150,"stop":1694999351821,"duration":671}},{"uid":"f7be979668a80911","reportUrl":"https://zaelcovsky.github.io/StroyremAutomation/82//#testresult/f7be979668a80911","status":"broken","statusDetails":"selenium.common.exceptions.NoSuchElementException: Message: no such element: Unable to locate element: {\"method\":\"xpath\",\"selector\":\"(//a[@class='add-to-cart yellow-btn'])[1]\"}\n  (Session info: headless chrome=117.0.5938.88); For documentation on this error, please visit: https://www.selenium.dev/documentation/webdriver/troubleshooting/errors#no-such-element-exception\nStacktrace:\n#0 0x55f4a83ce6c3 <unknown>\n#1 0x55f4a80a41e7 <unknown>\n#2 0x55f4a80eb566 <unknown>\n#3 0x55f4a80eb651 <unknown>\n#4 0x55f4a8128a74 <unknown>\n#5 0x55f4a810d0ed <unknown>\n#6 0x55f4a8126322 <unknown>\n#7 0x55f4a810ce93 <unknown>\n#8 0x55f4a80df934 <unknown>\n#9 0x55f4a80e071e <unknown>\n#10 0x55f4a8393cc8 <unknown>\n#11 0x55f4a8397c00 <unknown>\n#12 0x55f4a83a21ac <unknown>\n#13 0x55f4a8398818 <unknown>\n#14 0x55f4a836528f <unknown>\n#15 0x55f4a83bce98 <unknown>\n#16 0x55f4a83bd069 <unknown>\n#17 0x55f4a83cd853 <unknown>\n#18 0x7fb5b6edf044 <unknown>","time":{"start":1694913001405,"stop":1694913001986,"duration":581}},{"uid":"4d791f49efc08ddb","reportUrl":"https://zaelcovsky.github.io/StroyremAutomation/81//#testresult/4d791f49efc08ddb","status":"broken","statusDetails":"selenium.common.exceptions.NoSuchElementException: Message: no such element: Unable to locate element: {\"method\":\"xpath\",\"selector\":\"(//a[@class='add-to-cart yellow-btn'])[1]\"}\n  (Session info: headless chrome=117.0.5938.88); For documentation on this error, please visit: https://www.selenium.dev/documentation/webdriver/troubleshooting/errors#no-such-element-exception\nStacktrace:\n#0 0x5571630726c3 <unknown>\n#1 0x557162d481e7 <unknown>\n#2 0x557162d8f566 <unknown>\n#3 0x557162d8f651 <unknown>\n#4 0x557162dcca74 <unknown>\n#5 0x557162db10ed <unknown>\n#6 0x557162dca322 <unknown>\n#7 0x557162db0e93 <unknown>\n#8 0x557162d83934 <unknown>\n#9 0x557162d8471e <unknown>\n#10 0x557163037cc8 <unknown>\n#11 0x55716303bc00 <unknown>\n#12 0x5571630461ac <unknown>\n#13 0x55716303c818 <unknown>\n#14 0x55716300928f <unknown>\n#15 0x557163060e98 <unknown>\n#16 0x557163061069 <unknown>\n#17 0x557163071853 <unknown>\n#18 0x7f5ac5758044 <unknown>","time":{"start":1694826434059,"stop":1694826434724,"duration":665}},{"uid":"7395fe0ee3341e5e","reportUrl":"https://zaelcovsky.github.io/StroyremAutomation/80//#testresult/7395fe0ee3341e5e","status":"broken","statusDetails":"selenium.common.exceptions.NoSuchElementException: Message: no such element: Unable to locate element: {\"method\":\"xpath\",\"selector\":\"(//a[@class='add-to-cart yellow-btn'])[1]\"}\n  (Session info: headless chrome=117.0.5938.62); For documentation on this error, please visit: https://www.selenium.dev/documentation/webdriver/troubleshooting/errors#no-such-element-exception\nStacktrace:\n#0 0x55fed9e41693 <unknown>\n#1 0x55fed9b171e7 <unknown>\n#2 0x55fed9b5e566 <unknown>\n#3 0x55fed9b5e651 <unknown>\n#4 0x55fed9b9ba74 <unknown>\n#5 0x55fed9b800ed <unknown>\n#6 0x55fed9b99322 <unknown>\n#7 0x55fed9b7fe93 <unknown>\n#8 0x55fed9b52934 <unknown>\n#9 0x55fed9b5371e <unknown>\n#10 0x55fed9e06c98 <unknown>\n#11 0x55fed9e0abd0 <unknown>\n#12 0x55fed9e1517c <unknown>\n#13 0x55fed9e0b7e8 <unknown>\n#14 0x55fed9dd825f <unknown>\n#15 0x55fed9e2fe68 <unknown>\n#16 0x55fed9e30039 <unknown>\n#17 0x55fed9e40823 <unknown>\n#18 0x7fbdfd546044 <unknown>","time":{"start":1694740045910,"stop":1694740046455,"duration":545}},{"uid":"aa0b26f72caeda61","reportUrl":"https://zaelcovsky.github.io/StroyremAutomation/79//#testresult/aa0b26f72caeda61","status":"broken","statusDetails":"selenium.common.exceptions.NoSuchElementException: Message: no such element: Unable to locate element: {\"method\":\"xpath\",\"selector\":\"(//a[@class='add-to-cart yellow-btn'])[1]\"}\n  (Session info: headless chrome=117.0.5938.62); For documentation on this error, please visit: https://www.selenium.dev/documentation/webdriver/troubleshooting/errors#no-such-element-exception\nStacktrace:\n#0 0x55f90dffd693 <unknown>\n#1 0x55f90dcd31e7 <unknown>\n#2 0x55f90dd1a566 <unknown>\n#3 0x55f90dd1a651 <unknown>\n#4 0x55f90dd57a74 <unknown>\n#5 0x55f90dd3c0ed <unknown>\n#6 0x55f90dd55322 <unknown>\n#7 0x55f90dd3be93 <unknown>\n#8 0x55f90dd0e934 <unknown>\n#9 0x55f90dd0f71e <unknown>\n#10 0x55f90dfc2c98 <unknown>\n#11 0x55f90dfc6bd0 <unknown>\n#12 0x55f90dfd117c <unknown>\n#13 0x55f90dfc77e8 <unknown>\n#14 0x55f90df9425f <unknown>\n#15 0x55f90dfebe68 <unknown>\n#16 0x55f90dfec039 <unknown>\n#17 0x55f90dffc823 <unknown>\n#18 0x7f9ab1ff6044 <unknown>","time":{"start":1694653870387,"stop":1694653871067,"duration":680}},{"uid":"a2e412be25901d71","reportUrl":"https://zaelcovsky.github.io/StroyremAutomation/78//#testresult/a2e412be25901d71","status":"broken","statusDetails":"selenium.common.exceptions.NoSuchElementException: Message: no such element: Unable to locate element: {\"method\":\"xpath\",\"selector\":\"(//a[@class='add-to-cart yellow-btn'])[1]\"}\n  (Session info: headless chrome=117.0.5938.62); For documentation on this error, please visit: https://www.selenium.dev/documentation/webdriver/troubleshooting/errors#no-such-element-exception\nStacktrace:\n#0 0x55ab93745693 <unknown>\n#1 0x55ab9341b1e7 <unknown>\n#2 0x55ab93462566 <unknown>\n#3 0x55ab93462651 <unknown>\n#4 0x55ab9349fa74 <unknown>\n#5 0x55ab934840ed <unknown>\n#6 0x55ab9349d322 <unknown>\n#7 0x55ab93483e93 <unknown>\n#8 0x55ab93456934 <unknown>\n#9 0x55ab9345771e <unknown>\n#10 0x55ab9370ac98 <unknown>\n#11 0x55ab9370ebd0 <unknown>\n#12 0x55ab9371917c <unknown>\n#13 0x55ab9370f7e8 <unknown>\n#14 0x55ab936dc25f <unknown>\n#15 0x55ab93733e68 <unknown>\n#16 0x55ab93734039 <unknown>\n#17 0x55ab93744823 <unknown>\n#18 0x7f0049c0b044 <unknown>","time":{"start":1694567359757,"stop":1694567360164,"duration":407}},{"uid":"f02cf89b64888ce3","reportUrl":"https://zaelcovsky.github.io/StroyremAutomation/77//#testresult/f02cf89b64888ce3","status":"broken","statusDetails":"selenium.common.exceptions.NoSuchElementException: Message: no such element: Unable to locate element: {\"method\":\"xpath\",\"selector\":\"(//a[@class='add-to-cart yellow-btn'])[1]\"}\n  (Session info: headless chrome=116.0.5845.96); For documentation on this error, please visit: https://www.selenium.dev/documentation/webdriver/troubleshooting/errors#no-such-element-exception\nStacktrace:\n#0 0x55aeef37ce23 <unknown>\n#1 0x55aeef0a57a7 <unknown>\n#2 0x55aeef0e41d3 <unknown>\n#3 0x55aeef0e42c1 <unknown>\n#4 0x55aeef11fa04 <unknown>\n#5 0x55aeef10503d <unknown>\n#6 0x55aeef11d369 <unknown>\n#7 0x55aeef104de3 <unknown>\n#8 0x55aeef0d8a7b <unknown>\n#9 0x55aeef0d981e <unknown>\n#10 0x55aeef33e638 <unknown>\n#11 0x55aeef342507 <unknown>\n#12 0x55aeef34cc4c <unknown>\n#13 0x55aeef343136 <unknown>\n#14 0x55aeef3119cf <unknown>\n#15 0x55aeef366b98 <unknown>\n#16 0x55aeef366d68 <unknown>\n#17 0x55aeef375cb3 <unknown>\n#18 0x7fe131c24044 <unknown>","time":{"start":1694481004955,"stop":1694481005815,"duration":860}},{"uid":"c4db78ba0023205c","reportUrl":"https://zaelcovsky.github.io/StroyremAutomation/76//#testresult/c4db78ba0023205c","status":"broken","statusDetails":"selenium.common.exceptions.NoSuchElementException: Message: no such element: Unable to locate element: {\"method\":\"xpath\",\"selector\":\"(//a[@class='add-to-cart yellow-btn'])[1]\"}\n  (Session info: headless chrome=116.0.5845.96); For documentation on this error, please visit: https://www.selenium.dev/documentation/webdriver/troubleshooting/errors#no-such-element-exception\nStacktrace:\n#0 0x55847f34de23 <unknown>\n#1 0x55847f0767a7 <unknown>\n#2 0x55847f0b51d3 <unknown>\n#3 0x55847f0b52c1 <unknown>\n#4 0x55847f0f0a04 <unknown>\n#5 0x55847f0d603d <unknown>\n#6 0x55847f0ee369 <unknown>\n#7 0x55847f0d5de3 <unknown>\n#8 0x55847f0a9a7b <unknown>\n#9 0x55847f0aa81e <unknown>\n#10 0x55847f30f638 <unknown>\n#11 0x55847f313507 <unknown>\n#12 0x55847f31dc4c <unknown>\n#13 0x55847f314136 <unknown>\n#14 0x55847f2e29cf <unknown>\n#15 0x55847f337b98 <unknown>\n#16 0x55847f337d68 <unknown>\n#17 0x55847f346cb3 <unknown>\n#18 0x7f75c7201044 <unknown>","time":{"start":1694394518283,"stop":1694394518821,"duration":538}},{"uid":"1252793a98efeab5","reportUrl":"https://zaelcovsky.github.io/StroyremAutomation/75//#testresult/1252793a98efeab5","status":"broken","statusDetails":"selenium.common.exceptions.NoSuchElementException: Message: no such element: Unable to locate element: {\"method\":\"xpath\",\"selector\":\"(//a[@class='add-to-cart yellow-btn'])[1]\"}\n  (Session info: headless chrome=116.0.5845.96); For documentation on this error, please visit: https://www.selenium.dev/documentation/webdriver/troubleshooting/errors#no-such-element-exception\nStacktrace:\n#0 0x563059196e23 <unknown>\n#1 0x563058ebf7a7 <unknown>\n#2 0x563058efe1d3 <unknown>\n#3 0x563058efe2c1 <unknown>\n#4 0x563058f39a04 <unknown>\n#5 0x563058f1f03d <unknown>\n#6 0x563058f37369 <unknown>\n#7 0x563058f1ede3 <unknown>\n#8 0x563058ef2a7b <unknown>\n#9 0x563058ef381e <unknown>\n#10 0x563059158638 <unknown>\n#11 0x56305915c507 <unknown>\n#12 0x563059166c4c <unknown>\n#13 0x56305915d136 <unknown>\n#14 0x56305912b9cf <unknown>\n#15 0x563059180b98 <unknown>\n#16 0x563059180d68 <unknown>\n#17 0x56305918fcb3 <unknown>\n#18 0x7fc802490044 <unknown>","time":{"start":1694308273919,"stop":1694308274501,"duration":582}},{"uid":"147eaf0d11243a1a","reportUrl":"https://zaelcovsky.github.io/StroyremAutomation/74//#testresult/147eaf0d11243a1a","status":"broken","statusDetails":"selenium.common.exceptions.NoSuchElementException: Message: no such element: Unable to locate element: {\"method\":\"xpath\",\"selector\":\"(//a[@class='add-to-cart yellow-btn'])[1]\"}\n  (Session info: headless chrome=116.0.5845.96); For documentation on this error, please visit: https://www.selenium.dev/documentation/webdriver/troubleshooting/errors#no-such-element-exception\nStacktrace:\n#0 0x560887db7e23 <unknown>\n#1 0x560887ae07a7 <unknown>\n#2 0x560887b1f1d3 <unknown>\n#3 0x560887b1f2c1 <unknown>\n#4 0x560887b5aa04 <unknown>\n#5 0x560887b4003d <unknown>\n#6 0x560887b58369 <unknown>\n#7 0x560887b3fde3 <unknown>\n#8 0x560887b13a7b <unknown>\n#9 0x560887b1481e <unknown>\n#10 0x560887d79638 <unknown>\n#11 0x560887d7d507 <unknown>\n#12 0x560887d87c4c <unknown>\n#13 0x560887d7e136 <unknown>\n#14 0x560887d4c9cf <unknown>\n#15 0x560887da1b98 <unknown>\n#16 0x560887da1d68 <unknown>\n#17 0x560887db0cb3 <unknown>\n#18 0x7f4dbe09b044 <unknown>","time":{"start":1694221810433,"stop":1694221811239,"duration":806}},{"uid":"dd7b486e5e963c9e","reportUrl":"https://zaelcovsky.github.io/StroyremAutomation/73//#testresult/dd7b486e5e963c9e","status":"broken","statusDetails":"selenium.common.exceptions.NoSuchElementException: Message: no such element: Unable to locate element: {\"method\":\"xpath\",\"selector\":\"(//a[@class='add-to-cart yellow-btn'])[1]\"}\n  (Session info: headless chrome=116.0.5845.96); For documentation on this error, please visit: https://www.selenium.dev/documentation/webdriver/troubleshooting/errors#no-such-element-exception\nStacktrace:\n#0 0x55c9044a8e23 <unknown>\n#1 0x55c9041d17a7 <unknown>\n#2 0x55c9042101d3 <unknown>\n#3 0x55c9042102c1 <unknown>\n#4 0x55c90424ba04 <unknown>\n#5 0x55c90423103d <unknown>\n#6 0x55c904249369 <unknown>\n#7 0x55c904230de3 <unknown>\n#8 0x55c904204a7b <unknown>\n#9 0x55c90420581e <unknown>\n#10 0x55c90446a638 <unknown>\n#11 0x55c90446e507 <unknown>\n#12 0x55c904478c4c <unknown>\n#13 0x55c90446f136 <unknown>\n#14 0x55c90443d9cf <unknown>\n#15 0x55c904492b98 <unknown>\n#16 0x55c904492d68 <unknown>\n#17 0x55c9044a1cb3 <unknown>\n#18 0x7ff0f317b044 <unknown>","time":{"start":1694135273869,"stop":1694135274443,"duration":574}},{"uid":"94d4726051f1d8a3","reportUrl":"https://zaelcovsky.github.io/StroyremAutomation/72//#testresult/94d4726051f1d8a3","status":"broken","statusDetails":"selenium.common.exceptions.NoSuchElementException: Message: no such element: Unable to locate element: {\"method\":\"xpath\",\"selector\":\"(//a[@class='add-to-cart yellow-btn'])[1]\"}\n  (Session info: headless chrome=116.0.5845.96); For documentation on this error, please visit: https://www.selenium.dev/documentation/webdriver/troubleshooting/errors#no-such-element-exception\nStacktrace:\n#0 0x55ec9501ee23 <unknown>\n#1 0x55ec94d477a7 <unknown>\n#2 0x55ec94d861d3 <unknown>\n#3 0x55ec94d862c1 <unknown>\n#4 0x55ec94dc1a04 <unknown>\n#5 0x55ec94da703d <unknown>\n#6 0x55ec94dbf369 <unknown>\n#7 0x55ec94da6de3 <unknown>\n#8 0x55ec94d7aa7b <unknown>\n#9 0x55ec94d7b81e <unknown>\n#10 0x55ec94fe0638 <unknown>\n#11 0x55ec94fe4507 <unknown>\n#12 0x55ec94feec4c <unknown>\n#13 0x55ec94fe5136 <unknown>\n#14 0x55ec94fb39cf <unknown>\n#15 0x55ec95008b98 <unknown>\n#16 0x55ec95008d68 <unknown>\n#17 0x55ec95017cb3 <unknown>\n#18 0x7fd9e3b23044 <unknown>","time":{"start":1694048977400,"stop":1694048977949,"duration":549}},{"uid":"581b43f94147f4e9","reportUrl":"https://zaelcovsky.github.io/StroyremAutomation/71//#testresult/581b43f94147f4e9","status":"broken","statusDetails":"selenium.common.exceptions.ElementNotInteractableException: Message: element not interactable\n  (Session info: headless chrome=116.0.5845.96)\nStacktrace:\n#0 0x55c61ece5e23 <unknown>\n#1 0x55c61ea0e5f6 <unknown>\n#2 0x55c61ea44c5d <unknown>\n#3 0x55c61ea6e012 <unknown>\n#4 0x55c61ea42fb6 <unknown>\n#5 0x55c61ea6e1de <unknown>\n#6 0x55c61ea86369 <unknown>\n#7 0x55c61ea6dde3 <unknown>\n#8 0x55c61ea41a7b <unknown>\n#9 0x55c61ea4281e <unknown>\n#10 0x55c61eca7638 <unknown>\n#11 0x55c61ecab507 <unknown>\n#12 0x55c61ecb5c4c <unknown>\n#13 0x55c61ecac136 <unknown>\n#14 0x55c61ec7a9cf <unknown>\n#15 0x55c61eccfb98 <unknown>\n#16 0x55c61eccfd68 <unknown>\n#17 0x55c61ecdecb3 <unknown>\n#18 0x7f50f9c3a044 <unknown>","time":{"start":1693962719449,"stop":1693962725665,"duration":6216}},{"uid":"bb37f2eda0a93043","reportUrl":"https://zaelcovsky.github.io/StroyremAutomation/70//#testresult/bb37f2eda0a93043","status":"broken","statusDetails":"selenium.common.exceptions.NoSuchElementException: Message: no such element: Unable to locate element: {\"method\":\"xpath\",\"selector\":\"(//a[@class='add-to-cart yellow-btn'])[1]\"}\n  (Session info: headless chrome=116.0.5845.96); For documentation on this error, please visit: https://www.selenium.dev/documentation/webdriver/troubleshooting/errors#no-such-element-exception\nStacktrace:\n#0 0x55744062be23 <unknown>\n#1 0x5574403547a7 <unknown>\n#2 0x5574403931d3 <unknown>\n#3 0x5574403932c1 <unknown>\n#4 0x5574403cea04 <unknown>\n#5 0x5574403b403d <unknown>\n#6 0x5574403cc369 <unknown>\n#7 0x5574403b3de3 <unknown>\n#8 0x557440387a7b <unknown>\n#9 0x55744038881e <unknown>\n#10 0x5574405ed638 <unknown>\n#11 0x5574405f1507 <unknown>\n#12 0x5574405fbc4c <unknown>\n#13 0x5574405f2136 <unknown>\n#14 0x5574405c09cf <unknown>\n#15 0x557440615b98 <unknown>\n#16 0x557440615d68 <unknown>\n#17 0x557440624cb3 <unknown>\n#18 0x7f9ebf3b5044 <unknown>","time":{"start":1693876187833,"stop":1693876192585,"duration":4752}},{"uid":"f3fff402f390ab8","reportUrl":"https://zaelcovsky.github.io/StroyremAutomation/69//#testresult/f3fff402f390ab8","status":"broken","statusDetails":"selenium.common.exceptions.ElementNotInteractableException: Message: element not interactable\n  (Session info: headless chrome=116.0.5845.96)\nStacktrace:\n#0 0x560ec3afbe23 <unknown>\n#1 0x560ec38245f6 <unknown>\n#2 0x560ec385ac5d <unknown>\n#3 0x560ec3884012 <unknown>\n#4 0x560ec3858fb6 <unknown>\n#5 0x560ec38841de <unknown>\n#6 0x560ec389c369 <unknown>\n#7 0x560ec3883de3 <unknown>\n#8 0x560ec3857a7b <unknown>\n#9 0x560ec385881e <unknown>\n#10 0x560ec3abd638 <unknown>\n#11 0x560ec3ac1507 <unknown>\n#12 0x560ec3acbc4c <unknown>\n#13 0x560ec3ac2136 <unknown>\n#14 0x560ec3a909cf <unknown>\n#15 0x560ec3ae5b98 <unknown>\n#16 0x560ec3ae5d68 <unknown>\n#17 0x560ec3af4cb3 <unknown>\n#18 0x7f7a5c856044 <unknown>","time":{"start":1693790029062,"stop":1693790035553,"duration":6491}},{"uid":"974e724bb64eef11","reportUrl":"https://zaelcovsky.github.io/StroyremAutomation/68//#testresult/974e724bb64eef11","status":"broken","statusDetails":"selenium.common.exceptions.ElementNotInteractableException: Message: element not interactable\n  (Session info: headless chrome=116.0.5845.96)\nStacktrace:\n#0 0x5636a971be23 <unknown>\n#1 0x5636a94445f6 <unknown>\n#2 0x5636a947ac5d <unknown>\n#3 0x5636a94a4012 <unknown>\n#4 0x5636a9478fb6 <unknown>\n#5 0x5636a94a41de <unknown>\n#6 0x5636a94bc369 <unknown>\n#7 0x5636a94a3de3 <unknown>\n#8 0x5636a9477a7b <unknown>\n#9 0x5636a947881e <unknown>\n#10 0x5636a96dd638 <unknown>\n#11 0x5636a96e1507 <unknown>\n#12 0x5636a96ebc4c <unknown>\n#13 0x5636a96e2136 <unknown>\n#14 0x5636a96b09cf <unknown>\n#15 0x5636a9705b98 <unknown>\n#16 0x5636a9705d68 <unknown>\n#17 0x5636a9714cb3 <unknown>\n#18 0x7f1097f1b044 <unknown>","time":{"start":1693703610556,"stop":1693703616074,"duration":5518}}]},"tags":["smoke"]},"source":"b1bf4253072eb895.json","parameterValues":["4490","149","'TD 008'","3980","'products/shtukaturka-gipsovaya-aksolit-m50-30-kg-mashinnogo-naneseniya'","2300","'https://sandboxtest.stroyrem-nn.ru/'","4500"]}