{"uid":"96e54b3d953ef11","name":"TC 009 - Проверка функциональности ссылки 'Доставка'","fullName":"tests.test_main_page.TestMainPage#test_positive_footer_delivery_smoke","historyId":"bc9818d241aad936f44651fb7356fb88","time":{"start":1709686922390,"stop":1709686922403,"duration":13},"status":"broken","statusMessage":"selenium.common.exceptions.NoSuchElementException: Message: no such element: Unable to locate element: {\"method\":\"xpath\",\"selector\":\"(//a[@href='/dostavka'])[3]\"}\n  (Session info: chrome-headless-shell=122.0.6261.94); For documentation on this error, please visit: https://www.selenium.dev/documentation/webdriver/troubleshooting/errors#no-such-element-exception\nStacktrace:\n#0 0x562246721e93 <unknown>\n#1 0x562246419ce6 <unknown>\n#2 0x562246464e48 <unknown>\n#3 0x562246464f01 <unknown>\n#4 0x5622464a83f4 <unknown>\n#5 0x562246486edd <unknown>\n#6 0x5622464a5899 <unknown>\n#7 0x562246486c53 <unknown>\n#8 0x562246457db3 <unknown>\n#9 0x56224645877e <unknown>\n#10 0x5622466e77cb <unknown>\n#11 0x5622466eb7e5 <unknown>\n#12 0x5622466d50e1 <unknown>\n#13 0x5622466ec372 <unknown>\n#14 0x5622466b91bf <unknown>\n#15 0x562246710488 <unknown>\n#16 0x562246710683 <unknown>\n#17 0x562246721044 <unknown>\n#18 0x7f32063be134 <unknown>","statusTrace":"self = <tests.test_main_page.TestMainPage object at 0x7faafffd1a10>\nmain_page = <pages.main_page.MainPage object at 0x7fab007fe450>\n\n    @allure.feature(\"Footer functionality\")\n    @allure.title(\"TC 009 - Проверка функциональности ссылки 'Доставка'\")\n    @pytest.mark.smoke_test\n    def test_positive_footer_delivery_smoke(self, main_page):\n>       main_page.check_delivery_link()\n\ntests/test_main_page.py:90: \n_ _ _ _ _ _ _ _ _ _ _ _ _ _ _ _ _ _ _ _ _ _ _ _ _ _ _ _ _ _ _ _ _ _ _ _ _ _ _ _ \npages/main_page.py:130: in check_delivery_link\n    self.driver.find_element(*self._delivery_link).click()\n/usr/local/lib/python3.11/site-packages/selenium/webdriver/remote/webdriver.py:740: in find_element\n    return self.execute(Command.FIND_ELEMENT, {\"using\": by, \"value\": value})[\"value\"]\n/usr/local/lib/python3.11/site-packages/selenium/webdriver/remote/webdriver.py:346: in execute\n    self.error_handler.check_response(response)\n_ _ _ _ _ _ _ _ _ _ _ _ _ _ _ _ _ _ _ _ _ _ _ _ _ _ _ _ _ _ _ _ _ _ _ _ _ _ _ _ \n\nself = <selenium.webdriver.remote.errorhandler.ErrorHandler object at 0x7faafffee510>\nresponse = {'status': 404, 'value': '{\"value\":{\"error\":\"no such element\",\"message\":\"no such element: Unable to locate element: {\\...\\\\n#16 0x562246710683 \\\\u003Cunknown>\\\\n#17 0x562246721044 \\\\u003Cunknown>\\\\n#18 0x7f32063be134 \\\\u003Cunknown>\\\\n\"}}'}\n\n    def check_response(self, response: Dict[str, Any]) -> None:\n        \"\"\"Checks that a JSON response from the WebDriver does not have an\n        error.\n    \n        :Args:\n         - response - The JSON response from the WebDriver server as a dictionary\n           object.\n    \n        :Raises: If the response contains an error message.\n        \"\"\"\n        status = response.get(\"status\", None)\n        if not status or status == ErrorCode.SUCCESS:\n            return\n        value = None\n        message = response.get(\"message\", \"\")\n        screen: str = response.get(\"screen\", \"\")\n        stacktrace = None\n        if isinstance(status, int):\n            value_json = response.get(\"value\", None)\n            if value_json and isinstance(value_json, str):\n                import json\n    \n                try:\n                    value = json.loads(value_json)\n                    if len(value) == 1:\n                        value = value[\"value\"]\n                    status = value.get(\"error\", None)\n                    if not status:\n                        status = value.get(\"status\", ErrorCode.UNKNOWN_ERROR)\n                        message = value.get(\"value\") or value.get(\"message\")\n                        if not isinstance(message, str):\n                            value = message\n                            message = message.get(\"message\")\n                    else:\n                        message = value.get(\"message\", None)\n                except ValueError:\n                    pass\n    \n        exception_class: Type[WebDriverException]\n        if status in ErrorCode.NO_SUCH_ELEMENT:\n            exception_class = NoSuchElementException\n        elif status in ErrorCode.NO_SUCH_FRAME:\n            exception_class = NoSuchFrameException\n        elif status in ErrorCode.NO_SUCH_SHADOW_ROOT:\n            exception_class = NoSuchShadowRootException\n        elif status in ErrorCode.NO_SUCH_WINDOW:\n            exception_class = NoSuchWindowException\n        elif status in ErrorCode.STALE_ELEMENT_REFERENCE:\n            exception_class = StaleElementReferenceException\n        elif status in ErrorCode.ELEMENT_NOT_VISIBLE:\n            exception_class = ElementNotVisibleException\n        elif status in ErrorCode.INVALID_ELEMENT_STATE:\n            exception_class = InvalidElementStateException\n        elif (\n            status in ErrorCode.INVALID_SELECTOR\n            or status in ErrorCode.INVALID_XPATH_SELECTOR\n            or status in ErrorCode.INVALID_XPATH_SELECTOR_RETURN_TYPER\n        ):\n            exception_class = InvalidSelectorException\n        elif status in ErrorCode.ELEMENT_IS_NOT_SELECTABLE:\n            exception_class = ElementNotSelectableException\n        elif status in ErrorCode.ELEMENT_NOT_INTERACTABLE:\n            exception_class = ElementNotInteractableException\n        elif status in ErrorCode.INVALID_COOKIE_DOMAIN:\n            exception_class = InvalidCookieDomainException\n        elif status in ErrorCode.UNABLE_TO_SET_COOKIE:\n            exception_class = UnableToSetCookieException\n        elif status in ErrorCode.TIMEOUT:\n            exception_class = TimeoutException\n        elif status in ErrorCode.SCRIPT_TIMEOUT:\n            exception_class = TimeoutException\n        elif status in ErrorCode.UNKNOWN_ERROR:\n            exception_class = WebDriverException\n        elif status in ErrorCode.UNEXPECTED_ALERT_OPEN:\n            exception_class = UnexpectedAlertPresentException\n        elif status in ErrorCode.NO_ALERT_OPEN:\n            exception_class = NoAlertPresentException\n        elif status in ErrorCode.IME_NOT_AVAILABLE:\n            exception_class = ImeNotAvailableException\n        elif status in ErrorCode.IME_ENGINE_ACTIVATION_FAILED:\n            exception_class = ImeActivationFailedException\n        elif status in ErrorCode.MOVE_TARGET_OUT_OF_BOUNDS:\n            exception_class = MoveTargetOutOfBoundsException\n        elif status in ErrorCode.JAVASCRIPT_ERROR:\n            exception_class = JavascriptException\n        elif status in ErrorCode.SESSION_NOT_CREATED:\n            exception_class = SessionNotCreatedException\n        elif status in ErrorCode.INVALID_ARGUMENT:\n            exception_class = InvalidArgumentException\n        elif status in ErrorCode.NO_SUCH_COOKIE:\n            exception_class = NoSuchCookieException\n        elif status in ErrorCode.UNABLE_TO_CAPTURE_SCREEN:\n            exception_class = ScreenshotException\n        elif status in ErrorCode.ELEMENT_CLICK_INTERCEPTED:\n            exception_class = ElementClickInterceptedException\n        elif status in ErrorCode.INSECURE_CERTIFICATE:\n            exception_class = InsecureCertificateException\n        elif status in ErrorCode.INVALID_COORDINATES:\n            exception_class = InvalidCoordinatesException\n        elif status in ErrorCode.INVALID_SESSION_ID:\n            exception_class = InvalidSessionIdException\n        elif status in ErrorCode.UNKNOWN_METHOD:\n            exception_class = UnknownMethodException\n        else:\n            exception_class = WebDriverException\n        if not value:\n            value = response[\"value\"]\n        if isinstance(value, str):\n            raise exception_class(value)\n        if message == \"\" and \"message\" in value:\n            message = value[\"message\"]\n    \n        screen = None  # type: ignore[assignment]\n        if \"screen\" in value:\n            screen = value[\"screen\"]\n    \n        stacktrace = None\n        st_value = value.get(\"stackTrace\") or value.get(\"stacktrace\")\n        if st_value:\n            if isinstance(st_value, str):\n                stacktrace = st_value.split(\"\\n\")\n            else:\n                stacktrace = []\n                try:\n                    for frame in st_value:\n                        line = frame.get(\"lineNumber\", \"\")\n                        file = frame.get(\"fileName\", \"<anonymous>\")\n                        if line:\n                            file = f\"{file}:{line}\"\n                        meth = frame.get(\"methodName\", \"<anonymous>\")\n                        if \"className\" in frame:\n                            meth = f\"{frame['className']}.{meth}\"\n                        msg = \"    at %s (%s)\"\n                        msg = msg % (meth, file)\n                        stacktrace.append(msg)\n                except TypeError:\n                    pass\n        if exception_class == UnexpectedAlertPresentException:\n            alert_text = None\n            if \"data\" in value:\n                alert_text = value[\"data\"].get(\"text\")\n            elif \"alert\" in value:\n                alert_text = value[\"alert\"].get(\"text\")\n            raise exception_class(message, screen, stacktrace, alert_text)  # type: ignore[call-arg]  # mypy is not smart enough here\n>       raise exception_class(message, screen, stacktrace)\nE       selenium.common.exceptions.NoSuchElementException: Message: no such element: Unable to locate element: {\"method\":\"xpath\",\"selector\":\"(//a[@href='/dostavka'])[3]\"}\nE         (Session info: chrome-headless-shell=122.0.6261.94); For documentation on this error, please visit: https://www.selenium.dev/documentation/webdriver/troubleshooting/errors#no-such-element-exception\nE       Stacktrace:\nE       #0 0x562246721e93 <unknown>\nE       #1 0x562246419ce6 <unknown>\nE       #2 0x562246464e48 <unknown>\nE       #3 0x562246464f01 <unknown>\nE       #4 0x5622464a83f4 <unknown>\nE       #5 0x562246486edd <unknown>\nE       #6 0x5622464a5899 <unknown>\nE       #7 0x562246486c53 <unknown>\nE       #8 0x562246457db3 <unknown>\nE       #9 0x56224645877e <unknown>\nE       #10 0x5622466e77cb <unknown>\nE       #11 0x5622466eb7e5 <unknown>\nE       #12 0x5622466d50e1 <unknown>\nE       #13 0x5622466ec372 <unknown>\nE       #14 0x5622466b91bf <unknown>\nE       #15 0x562246710488 <unknown>\nE       #16 0x562246710683 <unknown>\nE       #17 0x562246721044 <unknown>\nE       #18 0x7f32063be134 <unknown>\n\n/usr/local/lib/python3.11/site-packages/selenium/webdriver/remote/errorhandler.py:245: NoSuchElementException","flaky":false,"newFailed":false,"newBroken":false,"newPassed":false,"retriesCount":0,"retriesStatusChange":false,"beforeStages":[{"name":"_session_faker","time":{"start":1709686804637,"stop":1709686804711,"duration":74},"status":"passed","steps":[],"attachments":[],"parameters":[],"shouldDisplayMessage":false,"stepsCount":0,"attachmentsCount":0,"hasContent":false,"attachmentStep":false},{"name":"clear_allure_results_folder","time":{"start":1709686804711,"stop":1709686804711,"duration":0},"status":"passed","steps":[],"attachments":[],"parameters":[],"shouldDisplayMessage":false,"stepsCount":0,"attachmentsCount":0,"hasContent":false,"attachmentStep":false},{"name":"driver","time":{"start":1709686921045,"stop":1709686921774,"duration":729},"status":"passed","steps":[],"attachments":[],"parameters":[],"shouldDisplayMessage":false,"stepsCount":0,"attachmentsCount":0,"hasContent":false,"attachmentStep":false},{"name":"setup","time":{"start":1709686921774,"stop":1709686921774,"duration":0},"status":"passed","steps":[],"attachments":[],"parameters":[],"shouldDisplayMessage":false,"stepsCount":0,"attachmentsCount":0,"hasContent":false,"attachmentStep":false},{"name":"main_page","time":{"start":1709686921774,"stop":1709686922390,"duration":616},"status":"passed","steps":[],"attachments":[],"parameters":[],"shouldDisplayMessage":false,"stepsCount":0,"attachmentsCount":0,"hasContent":false,"attachmentStep":false}],"testStage":{"status":"broken","statusMessage":"selenium.common.exceptions.NoSuchElementException: Message: no such element: Unable to locate element: {\"method\":\"xpath\",\"selector\":\"(//a[@href='/dostavka'])[3]\"}\n  (Session info: chrome-headless-shell=122.0.6261.94); For documentation on this error, please visit: https://www.selenium.dev/documentation/webdriver/troubleshooting/errors#no-such-element-exception\nStacktrace:\n#0 0x562246721e93 <unknown>\n#1 0x562246419ce6 <unknown>\n#2 0x562246464e48 <unknown>\n#3 0x562246464f01 <unknown>\n#4 0x5622464a83f4 <unknown>\n#5 0x562246486edd <unknown>\n#6 0x5622464a5899 <unknown>\n#7 0x562246486c53 <unknown>\n#8 0x562246457db3 <unknown>\n#9 0x56224645877e <unknown>\n#10 0x5622466e77cb <unknown>\n#11 0x5622466eb7e5 <unknown>\n#12 0x5622466d50e1 <unknown>\n#13 0x5622466ec372 <unknown>\n#14 0x5622466b91bf <unknown>\n#15 0x562246710488 <unknown>\n#16 0x562246710683 <unknown>\n#17 0x562246721044 <unknown>\n#18 0x7f32063be134 <unknown>","statusTrace":"self = <tests.test_main_page.TestMainPage object at 0x7faafffd1a10>\nmain_page = <pages.main_page.MainPage object at 0x7fab007fe450>\n\n    @allure.feature(\"Footer functionality\")\n    @allure.title(\"TC 009 - Проверка функциональности ссылки 'Доставка'\")\n    @pytest.mark.smoke_test\n    def test_positive_footer_delivery_smoke(self, main_page):\n>       main_page.check_delivery_link()\n\ntests/test_main_page.py:90: \n_ _ _ _ _ _ _ _ _ _ _ _ _ _ _ _ _ _ _ _ _ _ _ _ _ _ _ _ _ _ _ _ _ _ _ _ _ _ _ _ \npages/main_page.py:130: in check_delivery_link\n    self.driver.find_element(*self._delivery_link).click()\n/usr/local/lib/python3.11/site-packages/selenium/webdriver/remote/webdriver.py:740: in find_element\n    return self.execute(Command.FIND_ELEMENT, {\"using\": by, \"value\": value})[\"value\"]\n/usr/local/lib/python3.11/site-packages/selenium/webdriver/remote/webdriver.py:346: in execute\n    self.error_handler.check_response(response)\n_ _ _ _ _ _ _ _ _ _ _ _ _ _ _ _ _ _ _ _ _ _ _ _ _ _ _ _ _ _ _ _ _ _ _ _ _ _ _ _ \n\nself = <selenium.webdriver.remote.errorhandler.ErrorHandler object at 0x7faafffee510>\nresponse = {'status': 404, 'value': '{\"value\":{\"error\":\"no such element\",\"message\":\"no such element: Unable to locate element: {\\...\\\\n#16 0x562246710683 \\\\u003Cunknown>\\\\n#17 0x562246721044 \\\\u003Cunknown>\\\\n#18 0x7f32063be134 \\\\u003Cunknown>\\\\n\"}}'}\n\n    def check_response(self, response: Dict[str, Any]) -> None:\n        \"\"\"Checks that a JSON response from the WebDriver does not have an\n        error.\n    \n        :Args:\n         - response - The JSON response from the WebDriver server as a dictionary\n           object.\n    \n        :Raises: If the response contains an error message.\n        \"\"\"\n        status = response.get(\"status\", None)\n        if not status or status == ErrorCode.SUCCESS:\n            return\n        value = None\n        message = response.get(\"message\", \"\")\n        screen: str = response.get(\"screen\", \"\")\n        stacktrace = None\n        if isinstance(status, int):\n            value_json = response.get(\"value\", None)\n            if value_json and isinstance(value_json, str):\n                import json\n    \n                try:\n                    value = json.loads(value_json)\n                    if len(value) == 1:\n                        value = value[\"value\"]\n                    status = value.get(\"error\", None)\n                    if not status:\n                        status = value.get(\"status\", ErrorCode.UNKNOWN_ERROR)\n                        message = value.get(\"value\") or value.get(\"message\")\n                        if not isinstance(message, str):\n                            value = message\n                            message = message.get(\"message\")\n                    else:\n                        message = value.get(\"message\", None)\n                except ValueError:\n                    pass\n    \n        exception_class: Type[WebDriverException]\n        if status in ErrorCode.NO_SUCH_ELEMENT:\n            exception_class = NoSuchElementException\n        elif status in ErrorCode.NO_SUCH_FRAME:\n            exception_class = NoSuchFrameException\n        elif status in ErrorCode.NO_SUCH_SHADOW_ROOT:\n            exception_class = NoSuchShadowRootException\n        elif status in ErrorCode.NO_SUCH_WINDOW:\n            exception_class = NoSuchWindowException\n        elif status in ErrorCode.STALE_ELEMENT_REFERENCE:\n            exception_class = StaleElementReferenceException\n        elif status in ErrorCode.ELEMENT_NOT_VISIBLE:\n            exception_class = ElementNotVisibleException\n        elif status in ErrorCode.INVALID_ELEMENT_STATE:\n            exception_class = InvalidElementStateException\n        elif (\n            status in ErrorCode.INVALID_SELECTOR\n            or status in ErrorCode.INVALID_XPATH_SELECTOR\n            or status in ErrorCode.INVALID_XPATH_SELECTOR_RETURN_TYPER\n        ):\n            exception_class = InvalidSelectorException\n        elif status in ErrorCode.ELEMENT_IS_NOT_SELECTABLE:\n            exception_class = ElementNotSelectableException\n        elif status in ErrorCode.ELEMENT_NOT_INTERACTABLE:\n            exception_class = ElementNotInteractableException\n        elif status in ErrorCode.INVALID_COOKIE_DOMAIN:\n            exception_class = InvalidCookieDomainException\n        elif status in ErrorCode.UNABLE_TO_SET_COOKIE:\n            exception_class = UnableToSetCookieException\n        elif status in ErrorCode.TIMEOUT:\n            exception_class = TimeoutException\n        elif status in ErrorCode.SCRIPT_TIMEOUT:\n            exception_class = TimeoutException\n        elif status in ErrorCode.UNKNOWN_ERROR:\n            exception_class = WebDriverException\n        elif status in ErrorCode.UNEXPECTED_ALERT_OPEN:\n            exception_class = UnexpectedAlertPresentException\n        elif status in ErrorCode.NO_ALERT_OPEN:\n            exception_class = NoAlertPresentException\n        elif status in ErrorCode.IME_NOT_AVAILABLE:\n            exception_class = ImeNotAvailableException\n        elif status in ErrorCode.IME_ENGINE_ACTIVATION_FAILED:\n            exception_class = ImeActivationFailedException\n        elif status in ErrorCode.MOVE_TARGET_OUT_OF_BOUNDS:\n            exception_class = MoveTargetOutOfBoundsException\n        elif status in ErrorCode.JAVASCRIPT_ERROR:\n            exception_class = JavascriptException\n        elif status in ErrorCode.SESSION_NOT_CREATED:\n            exception_class = SessionNotCreatedException\n        elif status in ErrorCode.INVALID_ARGUMENT:\n            exception_class = InvalidArgumentException\n        elif status in ErrorCode.NO_SUCH_COOKIE:\n            exception_class = NoSuchCookieException\n        elif status in ErrorCode.UNABLE_TO_CAPTURE_SCREEN:\n            exception_class = ScreenshotException\n        elif status in ErrorCode.ELEMENT_CLICK_INTERCEPTED:\n            exception_class = ElementClickInterceptedException\n        elif status in ErrorCode.INSECURE_CERTIFICATE:\n            exception_class = InsecureCertificateException\n        elif status in ErrorCode.INVALID_COORDINATES:\n            exception_class = InvalidCoordinatesException\n        elif status in ErrorCode.INVALID_SESSION_ID:\n            exception_class = InvalidSessionIdException\n        elif status in ErrorCode.UNKNOWN_METHOD:\n            exception_class = UnknownMethodException\n        else:\n            exception_class = WebDriverException\n        if not value:\n            value = response[\"value\"]\n        if isinstance(value, str):\n            raise exception_class(value)\n        if message == \"\" and \"message\" in value:\n            message = value[\"message\"]\n    \n        screen = None  # type: ignore[assignment]\n        if \"screen\" in value:\n            screen = value[\"screen\"]\n    \n        stacktrace = None\n        st_value = value.get(\"stackTrace\") or value.get(\"stacktrace\")\n        if st_value:\n            if isinstance(st_value, str):\n                stacktrace = st_value.split(\"\\n\")\n            else:\n                stacktrace = []\n                try:\n                    for frame in st_value:\n                        line = frame.get(\"lineNumber\", \"\")\n                        file = frame.get(\"fileName\", \"<anonymous>\")\n                        if line:\n                            file = f\"{file}:{line}\"\n                        meth = frame.get(\"methodName\", \"<anonymous>\")\n                        if \"className\" in frame:\n                            meth = f\"{frame['className']}.{meth}\"\n                        msg = \"    at %s (%s)\"\n                        msg = msg % (meth, file)\n                        stacktrace.append(msg)\n                except TypeError:\n                    pass\n        if exception_class == UnexpectedAlertPresentException:\n            alert_text = None\n            if \"data\" in value:\n                alert_text = value[\"data\"].get(\"text\")\n            elif \"alert\" in value:\n                alert_text = value[\"alert\"].get(\"text\")\n            raise exception_class(message, screen, stacktrace, alert_text)  # type: ignore[call-arg]  # mypy is not smart enough here\n>       raise exception_class(message, screen, stacktrace)\nE       selenium.common.exceptions.NoSuchElementException: Message: no such element: Unable to locate element: {\"method\":\"xpath\",\"selector\":\"(//a[@href='/dostavka'])[3]\"}\nE         (Session info: chrome-headless-shell=122.0.6261.94); For documentation on this error, please visit: https://www.selenium.dev/documentation/webdriver/troubleshooting/errors#no-such-element-exception\nE       Stacktrace:\nE       #0 0x562246721e93 <unknown>\nE       #1 0x562246419ce6 <unknown>\nE       #2 0x562246464e48 <unknown>\nE       #3 0x562246464f01 <unknown>\nE       #4 0x5622464a83f4 <unknown>\nE       #5 0x562246486edd <unknown>\nE       #6 0x5622464a5899 <unknown>\nE       #7 0x562246486c53 <unknown>\nE       #8 0x562246457db3 <unknown>\nE       #9 0x56224645877e <unknown>\nE       #10 0x5622466e77cb <unknown>\nE       #11 0x5622466eb7e5 <unknown>\nE       #12 0x5622466d50e1 <unknown>\nE       #13 0x5622466ec372 <unknown>\nE       #14 0x5622466b91bf <unknown>\nE       #15 0x562246710488 <unknown>\nE       #16 0x562246710683 <unknown>\nE       #17 0x562246721044 <unknown>\nE       #18 0x7f32063be134 <unknown>\n\n/usr/local/lib/python3.11/site-packages/selenium/webdriver/remote/errorhandler.py:245: NoSuchElementException","steps":[{"name":"Проверка функциональности ссылки 'Доставка'","time":{"start":1709686922391,"stop":1709686922402,"duration":11},"status":"broken","statusMessage":"selenium.common.exceptions.NoSuchElementException: Message: no such element: Unable to locate element: {\"method\":\"xpath\",\"selector\":\"(//a[@href='/dostavka'])[3]\"}\n  (Session info: chrome-headless-shell=122.0.6261.94); For documentation on this error, please visit: https://www.selenium.dev/documentation/webdriver/troubleshooting/errors#no-such-element-exception\nStacktrace:\n#0 0x562246721e93 <unknown>\n#1 0x562246419ce6 <unknown>\n#2 0x562246464e48 <unknown>\n#3 0x562246464f01 <unknown>\n#4 0x5622464a83f4 <unknown>\n#5 0x562246486edd <unknown>\n#6 0x5622464a5899 <unknown>\n#7 0x562246486c53 <unknown>\n#8 0x562246457db3 <unknown>\n#9 0x56224645877e <unknown>\n#10 0x5622466e77cb <unknown>\n#11 0x5622466eb7e5 <unknown>\n#12 0x5622466d50e1 <unknown>\n#13 0x5622466ec372 <unknown>\n#14 0x5622466b91bf <unknown>\n#15 0x562246710488 <unknown>\n#16 0x562246710683 <unknown>\n#17 0x562246721044 <unknown>\n#18 0x7f32063be134 <unknown>\n\n","statusTrace":"  File \"/usr/local/lib/python3.11/site-packages/allure_commons/_allure.py\", line 192, in impl\n    return func(*a, **kw)\n           ^^^^^^^^^^^^^^\n  File \"/app/pages/main_page.py\", line 130, in check_delivery_link\n    self.driver.find_element(*self._delivery_link).click()\n    ^^^^^^^^^^^^^^^^^^^^^^^^^^^^^^^^^^^^^^^^^^^^^^\n  File \"/usr/local/lib/python3.11/site-packages/selenium/webdriver/remote/webdriver.py\", line 740, in find_element\n    return self.execute(Command.FIND_ELEMENT, {\"using\": by, \"value\": value})[\"value\"]\n           ^^^^^^^^^^^^^^^^^^^^^^^^^^^^^^^^^^^^^^^^^^^^^^^^^^^^^^^^^^^^^^^^^\n  File \"/usr/local/lib/python3.11/site-packages/selenium/webdriver/remote/webdriver.py\", line 346, in execute\n    self.error_handler.check_response(response)\n  File \"/usr/local/lib/python3.11/site-packages/selenium/webdriver/remote/errorhandler.py\", line 245, in check_response\n    raise exception_class(message, screen, stacktrace)\n","steps":[],"attachments":[],"parameters":[],"shouldDisplayMessage":true,"stepsCount":0,"attachmentsCount":0,"hasContent":true,"attachmentStep":false}],"attachments":[{"uid":"9f4f25b437c8b961","name":"Screenshot","source":"9f4f25b437c8b961.png","type":"image/png","size":39106},{"uid":"d1a4d623d5f3eebf","name":"HTML source","source":"d1a4d623d5f3eebf.html","type":"text/html","size":538}],"parameters":[],"shouldDisplayMessage":true,"stepsCount":1,"attachmentsCount":2,"hasContent":true,"attachmentStep":false},"afterStages":[{"name":"setup::0","time":{"start":1709686922502,"stop":1709686922502,"duration":0},"status":"passed","steps":[],"attachments":[],"parameters":[],"shouldDisplayMessage":false,"stepsCount":0,"attachmentsCount":0,"hasContent":false,"attachmentStep":false},{"name":"driver::0","time":{"start":1709686922502,"stop":1709686922559,"duration":57},"status":"passed","steps":[],"attachments":[],"parameters":[],"shouldDisplayMessage":false,"stepsCount":0,"attachmentsCount":0,"hasContent":false,"attachmentStep":false}],"labels":[{"name":"epic","value":"Main Page"},{"name":"feature","value":"Footer functionality"},{"name":"tag","value":"smoke_test"},{"name":"parentSuite","value":"tests"},{"name":"suite","value":"test_main_page"},{"name":"subSuite","value":"TestMainPage"},{"name":"host","value":"9122a574c7b1"},{"name":"thread","value":"1-MainThread"},{"name":"framework","value":"pytest"},{"name":"language","value":"cpython3"},{"name":"package","value":"tests.test_main_page"},{"name":"resultFormat","value":"allure2"}],"parameters":[{"name":"url","value":"'https://test2.stroyrem-nn.ru/'"}],"links":[],"hidden":false,"retry":false,"extra":{"severity":"normal","retries":[],"categories":[{"name":"Test defects","matchedStatuses":[],"flaky":false}],"history":{"statistic":{"failed":0,"broken":175,"skipped":0,"passed":35,"unknown":0,"total":210},"items":[{"uid":"78010f60c20d1c7e","reportUrl":"https://zaelcovsky.github.io/StroyremAutomation/252//#testresult/78010f60c20d1c7e","status":"broken","statusDetails":"selenium.common.exceptions.NoSuchElementException: Message: no such element: Unable to locate element: {\"method\":\"xpath\",\"selector\":\"(//a[@href='/dostavka'])[3]\"}\n  (Session info: chrome-headless-shell=122.0.6261.94); For documentation on this error, please visit: https://www.selenium.dev/documentation/webdriver/troubleshooting/errors#no-such-element-exception\nStacktrace:\n#0 0x55f83e184e93 <unknown>\n#1 0x55f83de7cce6 <unknown>\n#2 0x55f83dec7e48 <unknown>\n#3 0x55f83dec7f01 <unknown>\n#4 0x55f83df0b3f4 <unknown>\n#5 0x55f83dee9edd <unknown>\n#6 0x55f83df08899 <unknown>\n#7 0x55f83dee9c53 <unknown>\n#8 0x55f83debadb3 <unknown>\n#9 0x55f83debb77e <unknown>\n#10 0x55f83e14a7cb <unknown>\n#11 0x55f83e14e7e5 <unknown>\n#12 0x55f83e1380e1 <unknown>\n#13 0x55f83e14f372 <unknown>\n#14 0x55f83e11c1bf <unknown>\n#15 0x55f83e173488 <unknown>\n#16 0x55f83e173683 <unknown>\n#17 0x55f83e184044 <unknown>\n#18 0x7fa5bf622134 <unknown>","time":{"start":1709600511621,"stop":1709600511636,"duration":15}},{"uid":"817c5dcea0246738","reportUrl":"https://zaelcovsky.github.io/StroyremAutomation/251//#testresult/817c5dcea0246738","status":"broken","statusDetails":"selenium.common.exceptions.NoSuchElementException: Message: no such element: Unable to locate element: {\"method\":\"xpath\",\"selector\":\"(//a[@href='/dostavka'])[3]\"}\n  (Session info: chrome-headless-shell=122.0.6261.94); For documentation on this error, please visit: https://www.selenium.dev/documentation/webdriver/troubleshooting/errors#no-such-element-exception\nStacktrace:\n#0 0x560dab1dde93 <unknown>\n#1 0x560daaed5ce6 <unknown>\n#2 0x560daaf20e48 <unknown>\n#3 0x560daaf20f01 <unknown>\n#4 0x560daaf643f4 <unknown>\n#5 0x560daaf42edd <unknown>\n#6 0x560daaf61899 <unknown>\n#7 0x560daaf42c53 <unknown>\n#8 0x560daaf13db3 <unknown>\n#9 0x560daaf1477e <unknown>\n#10 0x560dab1a37cb <unknown>\n#11 0x560dab1a77e5 <unknown>\n#12 0x560dab1910e1 <unknown>\n#13 0x560dab1a8372 <unknown>\n#14 0x560dab1751bf <unknown>\n#15 0x560dab1cc488 <unknown>\n#16 0x560dab1cc683 <unknown>\n#17 0x560dab1dd044 <unknown>\n#18 0x7f7997a36134 <unknown>","time":{"start":1709514172494,"stop":1709514172507,"duration":13}},{"uid":"f11b87e1e6c84181","reportUrl":"https://zaelcovsky.github.io/StroyremAutomation/250//#testresult/f11b87e1e6c84181","status":"broken","statusDetails":"selenium.common.exceptions.NoSuchElementException: Message: no such element: Unable to locate element: {\"method\":\"xpath\",\"selector\":\"(//a[@href='/dostavka'])[3]\"}\n  (Session info: chrome-headless-shell=122.0.6261.94); For documentation on this error, please visit: https://www.selenium.dev/documentation/webdriver/troubleshooting/errors#no-such-element-exception\nStacktrace:\n#0 0x563ed1d6ee93 <unknown>\n#1 0x563ed1a66ce6 <unknown>\n#2 0x563ed1ab1e48 <unknown>\n#3 0x563ed1ab1f01 <unknown>\n#4 0x563ed1af53f4 <unknown>\n#5 0x563ed1ad3edd <unknown>\n#6 0x563ed1af2899 <unknown>\n#7 0x563ed1ad3c53 <unknown>\n#8 0x563ed1aa4db3 <unknown>\n#9 0x563ed1aa577e <unknown>\n#10 0x563ed1d347cb <unknown>\n#11 0x563ed1d387e5 <unknown>\n#12 0x563ed1d220e1 <unknown>\n#13 0x563ed1d39372 <unknown>\n#14 0x563ed1d061bf <unknown>\n#15 0x563ed1d5d488 <unknown>\n#16 0x563ed1d5d683 <unknown>\n#17 0x563ed1d6e044 <unknown>\n#18 0x7f98af828134 <unknown>","time":{"start":1709427947419,"stop":1709427947431,"duration":12}},{"uid":"b189a0e1e232b0db","reportUrl":"https://zaelcovsky.github.io/StroyremAutomation/249//#testresult/b189a0e1e232b0db","status":"broken","statusDetails":"selenium.common.exceptions.NoSuchElementException: Message: no such element: Unable to locate element: {\"method\":\"xpath\",\"selector\":\"(//a[@href='/dostavka'])[3]\"}\n  (Session info: chrome-headless-shell=122.0.6261.94); For documentation on this error, please visit: https://www.selenium.dev/documentation/webdriver/troubleshooting/errors#no-such-element-exception\nStacktrace:\n#0 0x5584e3ccae93 <unknown>\n#1 0x5584e39c2ce6 <unknown>\n#2 0x5584e3a0de48 <unknown>\n#3 0x5584e3a0df01 <unknown>\n#4 0x5584e3a513f4 <unknown>\n#5 0x5584e3a2fedd <unknown>\n#6 0x5584e3a4e899 <unknown>\n#7 0x5584e3a2fc53 <unknown>\n#8 0x5584e3a00db3 <unknown>\n#9 0x5584e3a0177e <unknown>\n#10 0x5584e3c907cb <unknown>\n#11 0x5584e3c947e5 <unknown>\n#12 0x5584e3c7e0e1 <unknown>\n#13 0x5584e3c95372 <unknown>\n#14 0x5584e3c621bf <unknown>\n#15 0x5584e3cb9488 <unknown>\n#16 0x5584e3cb9683 <unknown>\n#17 0x5584e3cca044 <unknown>\n#18 0x7faf15566134 <unknown>","time":{"start":1709341278962,"stop":1709341278974,"duration":12}},{"uid":"817b2292f72c3beb","reportUrl":"https://zaelcovsky.github.io/StroyremAutomation/248//#testresult/817b2292f72c3beb","status":"broken","statusDetails":"selenium.common.exceptions.NoSuchElementException: Message: no such element: Unable to locate element: {\"method\":\"xpath\",\"selector\":\"(//a[@href='/dostavka'])[3]\"}\n  (Session info: chrome-headless-shell=122.0.6261.94); For documentation on this error, please visit: https://www.selenium.dev/documentation/webdriver/troubleshooting/errors#no-such-element-exception\nStacktrace:\n#0 0x55c948e1ee93 <unknown>\n#1 0x55c948b16ce6 <unknown>\n#2 0x55c948b61e48 <unknown>\n#3 0x55c948b61f01 <unknown>\n#4 0x55c948ba53f4 <unknown>\n#5 0x55c948b83edd <unknown>\n#6 0x55c948ba2899 <unknown>\n#7 0x55c948b83c53 <unknown>\n#8 0x55c948b54db3 <unknown>\n#9 0x55c948b5577e <unknown>\n#10 0x55c948de47cb <unknown>\n#11 0x55c948de87e5 <unknown>\n#12 0x55c948dd20e1 <unknown>\n#13 0x55c948de9372 <unknown>\n#14 0x55c948db61bf <unknown>\n#15 0x55c948e0d488 <unknown>\n#16 0x55c948e0d683 <unknown>\n#17 0x55c948e1e044 <unknown>\n#18 0x7f48b2a53134 <unknown>","time":{"start":1709255259250,"stop":1709255259263,"duration":13}},{"uid":"9b4aa1784bbe5be7","reportUrl":"https://zaelcovsky.github.io/StroyremAutomation/247//#testresult/9b4aa1784bbe5be7","status":"broken","statusDetails":"selenium.common.exceptions.NoSuchElementException: Message: no such element: Unable to locate element: {\"method\":\"xpath\",\"selector\":\"(//a[@href='/dostavka'])[3]\"}\n  (Session info: chrome-headless-shell=122.0.6261.94); For documentation on this error, please visit: https://www.selenium.dev/documentation/webdriver/troubleshooting/errors#no-such-element-exception\nStacktrace:\n#0 0x55c02a4f1e93 <unknown>\n#1 0x55c02a1e9ce6 <unknown>\n#2 0x55c02a234e48 <unknown>\n#3 0x55c02a234f01 <unknown>\n#4 0x55c02a2783f4 <unknown>\n#5 0x55c02a256edd <unknown>\n#6 0x55c02a275899 <unknown>\n#7 0x55c02a256c53 <unknown>\n#8 0x55c02a227db3 <unknown>\n#9 0x55c02a22877e <unknown>\n#10 0x55c02a4b77cb <unknown>\n#11 0x55c02a4bb7e5 <unknown>\n#12 0x55c02a4a50e1 <unknown>\n#13 0x55c02a4bc372 <unknown>\n#14 0x55c02a4891bf <unknown>\n#15 0x55c02a4e0488 <unknown>\n#16 0x55c02a4e0683 <unknown>\n#17 0x55c02a4f1044 <unknown>\n#18 0x7fdf54816134 <unknown>","time":{"start":1709168513020,"stop":1709168513035,"duration":15}},{"uid":"e7551bb520bfb0ec","reportUrl":"https://zaelcovsky.github.io/StroyremAutomation/246//#testresult/e7551bb520bfb0ec","status":"broken","statusDetails":"selenium.common.exceptions.NoSuchElementException: Message: no such element: Unable to locate element: {\"method\":\"xpath\",\"selector\":\"(//a[@href='/dostavka'])[3]\"}\n  (Session info: chrome-headless-shell=122.0.6261.94); For documentation on this error, please visit: https://www.selenium.dev/documentation/webdriver/troubleshooting/errors#no-such-element-exception\nStacktrace:\n#0 0x55948002fe93 <unknown>\n#1 0x55947fd27ce6 <unknown>\n#2 0x55947fd72e48 <unknown>\n#3 0x55947fd72f01 <unknown>\n#4 0x55947fdb63f4 <unknown>\n#5 0x55947fd94edd <unknown>\n#6 0x55947fdb3899 <unknown>\n#7 0x55947fd94c53 <unknown>\n#8 0x55947fd65db3 <unknown>\n#9 0x55947fd6677e <unknown>\n#10 0x55947fff57cb <unknown>\n#11 0x55947fff97e5 <unknown>\n#12 0x55947ffe30e1 <unknown>\n#13 0x55947fffa372 <unknown>\n#14 0x55947ffc71bf <unknown>\n#15 0x55948001e488 <unknown>\n#16 0x55948001e683 <unknown>\n#17 0x55948002f044 <unknown>\n#18 0x7fb857f7e134 <unknown>","time":{"start":1709082111430,"stop":1709082111443,"duration":13}},{"uid":"e4b8ceb9fed4b721","reportUrl":"https://zaelcovsky.github.io/StroyremAutomation/245//#testresult/e4b8ceb9fed4b721","status":"broken","statusDetails":"selenium.common.exceptions.NoSuchElementException: Message: no such element: Unable to locate element: {\"method\":\"xpath\",\"selector\":\"(//a[@href='/dostavka'])[3]\"}\n  (Session info: chrome-headless-shell=122.0.6261.69); For documentation on this error, please visit: https://www.selenium.dev/documentation/webdriver/troubleshooting/errors#no-such-element-exception\nStacktrace:\n#0 0x5620bc398793 <unknown>\n#1 0x5620bc08c1c6 <unknown>\n#2 0x5620bc0d7358 <unknown>\n#3 0x5620bc0d7411 <unknown>\n#4 0x5620bc11a934 <unknown>\n#5 0x5620bc0f93fd <unknown>\n#6 0x5620bc117dd9 <unknown>\n#7 0x5620bc0f9173 <unknown>\n#8 0x5620bc0ca2d3 <unknown>\n#9 0x5620bc0cac9e <unknown>\n#10 0x5620bc35c8cb <unknown>\n#11 0x5620bc360745 <unknown>\n#12 0x5620bc3492e1 <unknown>\n#13 0x5620bc3612d2 <unknown>\n#14 0x5620bc32d17f <unknown>\n#15 0x5620bc386dc8 <unknown>\n#16 0x5620bc386fc3 <unknown>\n#17 0x5620bc397944 <unknown>\n#18 0x7f33452bd134 <unknown>","time":{"start":1708995728251,"stop":1708995728264,"duration":13}},{"uid":"acbb7eb814316aa5","reportUrl":"https://zaelcovsky.github.io/StroyremAutomation/244//#testresult/acbb7eb814316aa5","status":"broken","statusDetails":"selenium.common.exceptions.NoSuchElementException: Message: no such element: Unable to locate element: {\"method\":\"xpath\",\"selector\":\"(//a[@href='/dostavka'])[3]\"}\n  (Session info: chrome-headless-shell=122.0.6261.69); For documentation on this error, please visit: https://www.selenium.dev/documentation/webdriver/troubleshooting/errors#no-such-element-exception\nStacktrace:\n#0 0x561a99563793 <unknown>\n#1 0x561a992571c6 <unknown>\n#2 0x561a992a2358 <unknown>\n#3 0x561a992a2411 <unknown>\n#4 0x561a992e5934 <unknown>\n#5 0x561a992c43fd <unknown>\n#6 0x561a992e2dd9 <unknown>\n#7 0x561a992c4173 <unknown>\n#8 0x561a992952d3 <unknown>\n#9 0x561a99295c9e <unknown>\n#10 0x561a995278cb <unknown>\n#11 0x561a9952b745 <unknown>\n#12 0x561a995142e1 <unknown>\n#13 0x561a9952c2d2 <unknown>\n#14 0x561a994f817f <unknown>\n#15 0x561a99551dc8 <unknown>\n#16 0x561a99551fc3 <unknown>\n#17 0x561a99562944 <unknown>\n#18 0x7f12525bf134 <unknown>","time":{"start":1708909392199,"stop":1708909392212,"duration":13}},{"uid":"1d87628c66f74be2","reportUrl":"https://zaelcovsky.github.io/StroyremAutomation/243//#testresult/1d87628c66f74be2","status":"broken","statusDetails":"selenium.common.exceptions.NoSuchElementException: Message: no such element: Unable to locate element: {\"method\":\"xpath\",\"selector\":\"(//a[@href='/dostavka'])[3]\"}\n  (Session info: chrome-headless-shell=122.0.6261.69); For documentation on this error, please visit: https://www.selenium.dev/documentation/webdriver/troubleshooting/errors#no-such-element-exception\nStacktrace:\n#0 0x559746306793 <unknown>\n#1 0x559745ffa1c6 <unknown>\n#2 0x559746045358 <unknown>\n#3 0x559746045411 <unknown>\n#4 0x559746088934 <unknown>\n#5 0x5597460673fd <unknown>\n#6 0x559746085dd9 <unknown>\n#7 0x559746067173 <unknown>\n#8 0x5597460382d3 <unknown>\n#9 0x559746038c9e <unknown>\n#10 0x5597462ca8cb <unknown>\n#11 0x5597462ce745 <unknown>\n#12 0x5597462b72e1 <unknown>\n#13 0x5597462cf2d2 <unknown>\n#14 0x55974629b17f <unknown>\n#15 0x5597462f4dc8 <unknown>\n#16 0x5597462f4fc3 <unknown>\n#17 0x559746305944 <unknown>\n#18 0x7ff3588bb134 <unknown>","time":{"start":1708823176111,"stop":1708823176124,"duration":13}},{"uid":"c91f182dedab8b07","reportUrl":"https://zaelcovsky.github.io/StroyremAutomation/242//#testresult/c91f182dedab8b07","status":"broken","statusDetails":"selenium.common.exceptions.NoSuchElementException: Message: no such element: Unable to locate element: {\"method\":\"xpath\",\"selector\":\"(//a[@href='/dostavka'])[3]\"}\n  (Session info: chrome-headless-shell=122.0.6261.69); For documentation on this error, please visit: https://www.selenium.dev/documentation/webdriver/troubleshooting/errors#no-such-element-exception\nStacktrace:\n#0 0x564efd368793 <unknown>\n#1 0x564efd05c1c6 <unknown>\n#2 0x564efd0a7358 <unknown>\n#3 0x564efd0a7411 <unknown>\n#4 0x564efd0ea934 <unknown>\n#5 0x564efd0c93fd <unknown>\n#6 0x564efd0e7dd9 <unknown>\n#7 0x564efd0c9173 <unknown>\n#8 0x564efd09a2d3 <unknown>\n#9 0x564efd09ac9e <unknown>\n#10 0x564efd32c8cb <unknown>\n#11 0x564efd330745 <unknown>\n#12 0x564efd3192e1 <unknown>\n#13 0x564efd3312d2 <unknown>\n#14 0x564efd2fd17f <unknown>\n#15 0x564efd356dc8 <unknown>\n#16 0x564efd356fc3 <unknown>\n#17 0x564efd367944 <unknown>\n#18 0x7f76a9d1e134 <unknown>","time":{"start":1708736420881,"stop":1708736420893,"duration":12}},{"uid":"2d2d4d20512c6e55","reportUrl":"https://zaelcovsky.github.io/StroyremAutomation/241//#testresult/2d2d4d20512c6e55","status":"broken","statusDetails":"selenium.common.exceptions.NoSuchElementException: Message: no such element: Unable to locate element: {\"method\":\"xpath\",\"selector\":\"(//a[@href='/dostavka'])[3]\"}\n  (Session info: chrome-headless-shell=122.0.6261.69); For documentation on this error, please visit: https://www.selenium.dev/documentation/webdriver/troubleshooting/errors#no-such-element-exception\nStacktrace:\n#0 0x55f25d2de793 <unknown>\n#1 0x55f25cfd21c6 <unknown>\n#2 0x55f25d01d358 <unknown>\n#3 0x55f25d01d411 <unknown>\n#4 0x55f25d060934 <unknown>\n#5 0x55f25d03f3fd <unknown>\n#6 0x55f25d05ddd9 <unknown>\n#7 0x55f25d03f173 <unknown>\n#8 0x55f25d0102d3 <unknown>\n#9 0x55f25d010c9e <unknown>\n#10 0x55f25d2a28cb <unknown>\n#11 0x55f25d2a6745 <unknown>\n#12 0x55f25d28f2e1 <unknown>\n#13 0x55f25d2a72d2 <unknown>\n#14 0x55f25d27317f <unknown>\n#15 0x55f25d2ccdc8 <unknown>\n#16 0x55f25d2ccfc3 <unknown>\n#17 0x55f25d2dd944 <unknown>\n#18 0x7ff439958134 <unknown>","time":{"start":1708650074635,"stop":1708650074648,"duration":13}},{"uid":"9e113c185b9127d7","reportUrl":"https://zaelcovsky.github.io/StroyremAutomation/240//#testresult/9e113c185b9127d7","status":"broken","statusDetails":"selenium.common.exceptions.NoSuchElementException: Message: no such element: Unable to locate element: {\"method\":\"xpath\",\"selector\":\"(//a[@href='/dostavka'])[3]\"}\n  (Session info: chrome-headless-shell=122.0.6261.57); For documentation on this error, please visit: https://www.selenium.dev/documentation/webdriver/troubleshooting/errors#no-such-element-exception\nStacktrace:\n#0 0x558f2ef907d3 <unknown>\n#1 0x558f2ec841c6 <unknown>\n#2 0x558f2eccf358 <unknown>\n#3 0x558f2eccf411 <unknown>\n#4 0x558f2ed12934 <unknown>\n#5 0x558f2ecf13fd <unknown>\n#6 0x558f2ed0fdd9 <unknown>\n#7 0x558f2ecf1173 <unknown>\n#8 0x558f2ecc22d3 <unknown>\n#9 0x558f2ecc2c9e <unknown>\n#10 0x558f2ef5490b <unknown>\n#11 0x558f2ef58785 <unknown>\n#12 0x558f2ef41321 <unknown>\n#13 0x558f2ef59312 <unknown>\n#14 0x558f2ef251bf <unknown>\n#15 0x558f2ef7ee08 <unknown>\n#16 0x558f2ef7f003 <unknown>\n#17 0x558f2ef8f984 <unknown>\n#18 0x7f2dfe1e9134 <unknown>","time":{"start":1708563707205,"stop":1708563707218,"duration":13}},{"uid":"43099f9d7b0af9f1","reportUrl":"https://zaelcovsky.github.io/StroyremAutomation/239//#testresult/43099f9d7b0af9f1","status":"broken","statusDetails":"selenium.common.exceptions.NoSuchElementException: Message: no such element: Unable to locate element: {\"method\":\"xpath\",\"selector\":\"(//a[@href='/dostavka'])[3]\"}\n  (Session info: chrome-headless-shell=122.0.6261.57); For documentation on this error, please visit: https://www.selenium.dev/documentation/webdriver/troubleshooting/errors#no-such-element-exception\nStacktrace:\n#0 0x556c7d39c7d3 <unknown>\n#1 0x556c7d0901c6 <unknown>\n#2 0x556c7d0db358 <unknown>\n#3 0x556c7d0db411 <unknown>\n#4 0x556c7d11e934 <unknown>\n#5 0x556c7d0fd3fd <unknown>\n#6 0x556c7d11bdd9 <unknown>\n#7 0x556c7d0fd173 <unknown>\n#8 0x556c7d0ce2d3 <unknown>\n#9 0x556c7d0cec9e <unknown>\n#10 0x556c7d36090b <unknown>\n#11 0x556c7d364785 <unknown>\n#12 0x556c7d34d321 <unknown>\n#13 0x556c7d365312 <unknown>\n#14 0x556c7d3311bf <unknown>\n#15 0x556c7d38ae08 <unknown>\n#16 0x556c7d38b003 <unknown>\n#17 0x556c7d39b984 <unknown>\n#18 0x7f9c82b1c134 <unknown>","time":{"start":1708477365994,"stop":1708477366007,"duration":13}},{"uid":"d2ede15efef98648","reportUrl":"https://zaelcovsky.github.io/StroyremAutomation/238//#testresult/d2ede15efef98648","status":"broken","statusDetails":"selenium.common.exceptions.NoSuchElementException: Message: no such element: Unable to locate element: {\"method\":\"xpath\",\"selector\":\"(//a[@href='/dostavka'])[3]\"}\n  (Session info: chrome-headless-shell=121.0.6167.184); For documentation on this error, please visit: https://www.selenium.dev/documentation/webdriver/troubleshooting/errors#no-such-element-exception\nStacktrace:\n#0 0x55ad1c0e5303 <unknown>\n#1 0x55ad1bdca2b7 <unknown>\n#2 0x55ad1be15cc0 <unknown>\n#3 0x55ad1be15db1 <unknown>\n#4 0x55ad1be59b44 <unknown>\n#5 0x55ad1be383ad <unknown>\n#6 0x55ad1be5707c <unknown>\n#7 0x55ad1be38123 <unknown>\n#8 0x55ad1be08095 <unknown>\n#9 0x55ad1be0909e <unknown>\n#10 0x55ad1c0a96ab <unknown>\n#11 0x55ad1c0ad4ba <unknown>\n#12 0x55ad1c095f85 <unknown>\n#13 0x55ad1c0ae12f <unknown>\n#14 0x55ad1c079e6f <unknown>\n#15 0x55ad1c0d25f8 <unknown>\n#16 0x55ad1c0d27c2 <unknown>\n#17 0x55ad1c0e44a4 <unknown>\n#18 0x7f17c5f6b134 <unknown>","time":{"start":1708390891512,"stop":1708390891525,"duration":13}},{"uid":"648815883bb4110e","reportUrl":"https://zaelcovsky.github.io/StroyremAutomation/237//#testresult/648815883bb4110e","status":"broken","statusDetails":"selenium.common.exceptions.NoSuchElementException: Message: no such element: Unable to locate element: {\"method\":\"xpath\",\"selector\":\"(//a[@href='/dostavka'])[3]\"}\n  (Session info: chrome-headless-shell=121.0.6167.184); For documentation on this error, please visit: https://www.selenium.dev/documentation/webdriver/troubleshooting/errors#no-such-element-exception\nStacktrace:\n#0 0x559f224ea303 <unknown>\n#1 0x559f221cf2b7 <unknown>\n#2 0x559f2221acc0 <unknown>\n#3 0x559f2221adb1 <unknown>\n#4 0x559f2225eb44 <unknown>\n#5 0x559f2223d3ad <unknown>\n#6 0x559f2225c07c <unknown>\n#7 0x559f2223d123 <unknown>\n#8 0x559f2220d095 <unknown>\n#9 0x559f2220e09e <unknown>\n#10 0x559f224ae6ab <unknown>\n#11 0x559f224b24ba <unknown>\n#12 0x559f2249af85 <unknown>\n#13 0x559f224b312f <unknown>\n#14 0x559f2247ee6f <unknown>\n#15 0x559f224d75f8 <unknown>\n#16 0x559f224d77c2 <unknown>\n#17 0x559f224e94a4 <unknown>\n#18 0x7f2cb04c6134 <unknown>","time":{"start":1708304655534,"stop":1708304655546,"duration":12}},{"uid":"8f815af1d79cd16e","reportUrl":"https://zaelcovsky.github.io/StroyremAutomation/236//#testresult/8f815af1d79cd16e","status":"broken","statusDetails":"selenium.common.exceptions.NoSuchElementException: Message: no such element: Unable to locate element: {\"method\":\"xpath\",\"selector\":\"(//a[@href='/dostavka'])[3]\"}\n  (Session info: chrome-headless-shell=121.0.6167.184); For documentation on this error, please visit: https://www.selenium.dev/documentation/webdriver/troubleshooting/errors#no-such-element-exception\nStacktrace:\n#0 0x564a540c5303 <unknown>\n#1 0x564a53daa2b7 <unknown>\n#2 0x564a53df5cc0 <unknown>\n#3 0x564a53df5db1 <unknown>\n#4 0x564a53e39b44 <unknown>\n#5 0x564a53e183ad <unknown>\n#6 0x564a53e3707c <unknown>\n#7 0x564a53e18123 <unknown>\n#8 0x564a53de8095 <unknown>\n#9 0x564a53de909e <unknown>\n#10 0x564a540896ab <unknown>\n#11 0x564a5408d4ba <unknown>\n#12 0x564a54075f85 <unknown>\n#13 0x564a5408e12f <unknown>\n#14 0x564a54059e6f <unknown>\n#15 0x564a540b25f8 <unknown>\n#16 0x564a540b27c2 <unknown>\n#17 0x564a540c44a4 <unknown>\n#18 0x7f0c42695134 <unknown>","time":{"start":1708218384517,"stop":1708218384530,"duration":13}},{"uid":"696c08e0cef94aa2","reportUrl":"https://zaelcovsky.github.io/StroyremAutomation/235//#testresult/696c08e0cef94aa2","status":"broken","statusDetails":"selenium.common.exceptions.NoSuchElementException: Message: no such element: Unable to locate element: {\"method\":\"xpath\",\"selector\":\"(//a[@href='/dostavka'])[3]\"}\n  (Session info: chrome-headless-shell=121.0.6167.184); For documentation on this error, please visit: https://www.selenium.dev/documentation/webdriver/troubleshooting/errors#no-such-element-exception\nStacktrace:\n#0 0x55cb8dc6d303 <unknown>\n#1 0x55cb8d9522b7 <unknown>\n#2 0x55cb8d99dcc0 <unknown>\n#3 0x55cb8d99ddb1 <unknown>\n#4 0x55cb8d9e1b44 <unknown>\n#5 0x55cb8d9c03ad <unknown>\n#6 0x55cb8d9df07c <unknown>\n#7 0x55cb8d9c0123 <unknown>\n#8 0x55cb8d990095 <unknown>\n#9 0x55cb8d99109e <unknown>\n#10 0x55cb8dc316ab <unknown>\n#11 0x55cb8dc354ba <unknown>\n#12 0x55cb8dc1df85 <unknown>\n#13 0x55cb8dc3612f <unknown>\n#14 0x55cb8dc01e6f <unknown>\n#15 0x55cb8dc5a5f8 <unknown>\n#16 0x55cb8dc5a7c2 <unknown>\n#17 0x55cb8dc6c4a4 <unknown>\n#18 0x7fd5930b1134 <unknown>","time":{"start":1708131688954,"stop":1708131688968,"duration":14}},{"uid":"9540ec962fb476da","reportUrl":"https://zaelcovsky.github.io/StroyremAutomation/234//#testresult/9540ec962fb476da","status":"broken","statusDetails":"selenium.common.exceptions.NoSuchElementException: Message: no such element: Unable to locate element: {\"method\":\"xpath\",\"selector\":\"(//a[@href='/dostavka'])[3]\"}\n  (Session info: chrome-headless-shell=121.0.6167.85); For documentation on this error, please visit: https://www.selenium.dev/documentation/webdriver/troubleshooting/errors#no-such-element-exception\nStacktrace:\n#0 0x556076dadd93 <unknown>\n#1 0x556076a91337 <unknown>\n#2 0x556076adcd60 <unknown>\n#3 0x556076adce51 <unknown>\n#4 0x556076b20bc4 <unknown>\n#5 0x556076aff46d <unknown>\n#6 0x556076b1e12d <unknown>\n#7 0x556076aff1e3 <unknown>\n#8 0x556076acf135 <unknown>\n#9 0x556076ad013e <unknown>\n#10 0x556076d71e4b <unknown>\n#11 0x556076d75dfa <unknown>\n#12 0x556076d5e6d5 <unknown>\n#13 0x556076d76a6f <unknown>\n#14 0x556076d4269f <unknown>\n#15 0x556076d9b098 <unknown>\n#16 0x556076d9b262 <unknown>\n#17 0x556076dacf34 <unknown>\n#18 0x7f53117a0134 <unknown>","time":{"start":1708045340252,"stop":1708045340265,"duration":13}},{"uid":"573152955f6e873","reportUrl":"https://zaelcovsky.github.io/StroyremAutomation/233//#testresult/573152955f6e873","status":"broken","statusDetails":"selenium.common.exceptions.NoSuchElementException: Message: no such element: Unable to locate element: {\"method\":\"xpath\",\"selector\":\"(//a[@href='/dostavka'])[3]\"}\n  (Session info: chrome-headless-shell=121.0.6167.85); For documentation on this error, please visit: https://www.selenium.dev/documentation/webdriver/troubleshooting/errors#no-such-element-exception\nStacktrace:\n#0 0x55ea1190ad93 <unknown>\n#1 0x55ea115ee337 <unknown>\n#2 0x55ea11639d60 <unknown>\n#3 0x55ea11639e51 <unknown>\n#4 0x55ea1167dbc4 <unknown>\n#5 0x55ea1165c46d <unknown>\n#6 0x55ea1167b12d <unknown>\n#7 0x55ea1165c1e3 <unknown>\n#8 0x55ea1162c135 <unknown>\n#9 0x55ea1162d13e <unknown>\n#10 0x55ea118cee4b <unknown>\n#11 0x55ea118d2dfa <unknown>\n#12 0x55ea118bb6d5 <unknown>\n#13 0x55ea118d3a6f <unknown>\n#14 0x55ea1189f69f <unknown>\n#15 0x55ea118f8098 <unknown>\n#16 0x55ea118f8262 <unknown>\n#17 0x55ea11909f34 <unknown>\n#18 0x7f69fa952134 <unknown>","time":{"start":1707959001724,"stop":1707959001737,"duration":13}}]},"tags":["smoke_test"]},"source":"96e54b3d953ef11.json","parameterValues":["'https://test2.stroyrem-nn.ru/'"]}