{"uid":"35b321728892e404","name":"TC 017 - Проверка функциональности ссылки 'Отзывы'","fullName":"tests.test_main_page.TestMainPage#test_positive_footer_reviews_smoke","historyId":"d9ed52a16c54f0848dec2065e85f77ae","time":{"start":1710292019534,"stop":1710292019550,"duration":16},"status":"skipped","statusMessage":"XFAIL При переходе на страницу отзывов может предложено пройти капчу\n\nselenium.common.exceptions.NoSuchElementException: Message: no such element: Unable to locate element: {\"method\":\"xpath\",\"selector\":\"(//a[contains(text(), 'Отзывы')])[3]\"}\n  (Session info: chrome-headless-shell=122.0.6261.128); For documentation on this error, please visit: https://www.selenium.dev/documentation/webdriver/troubleshooting/errors#no-such-element-exception\nStacktrace:\n#0 0x5571dab00f33 <unknown>\n#1 0x5571da7f8ce6 <unknown>\n#2 0x5571da843e48 <unknown>\n#3 0x5571da843f01 <unknown>\n#4 0x5571da8873f4 <unknown>\n#5 0x5571da865edd <unknown>\n#6 0x5571da884899 <unknown>\n#7 0x5571da865c53 <unknown>\n#8 0x5571da836db3 <unknown>\n#9 0x5571da83777e <unknown>\n#10 0x5571daac686b <unknown>\n#11 0x5571daaca885 <unknown>\n#12 0x5571daab4181 <unknown>\n#13 0x5571daacb412 <unknown>\n#14 0x5571daa9825f <unknown>\n#15 0x5571daaef528 <unknown>\n#16 0x5571daaef723 <unknown>\n#17 0x5571dab000e4 <unknown>\n#18 0x7effdc5ee134 <unknown>","statusTrace":"self = <tests.test_main_page.TestMainPage object at 0x7f09258b8810>\nmain_page = <pages.main_page.MainPage object at 0x7f0924db6910>\n\n    @allure.feature(\"Footer functionality\")\n    @allure.title(\"TC 017 - Проверка функциональности ссылки 'Отзывы'\")\n    @pytest.mark.xfail(reason=\"При переходе на страницу отзывов может предложено пройти капчу\")\n    @pytest.mark.smoke_test\n    def test_positive_footer_reviews_smoke(self, main_page):\n>       title = main_page.check_reviews_link()\n\ntests/test_main_page.py:153: \n_ _ _ _ _ _ _ _ _ _ _ _ _ _ _ _ _ _ _ _ _ _ _ _ _ _ _ _ _ _ _ _ _ _ _ _ _ _ _ _ \npages/main_page.py:180: in check_reviews_link\n    self.driver.find_element(*self._reviews_link).click()\n/usr/local/lib/python3.11/site-packages/selenium/webdriver/remote/webdriver.py:740: in find_element\n    return self.execute(Command.FIND_ELEMENT, {\"using\": by, \"value\": value})[\"value\"]\n/usr/local/lib/python3.11/site-packages/selenium/webdriver/remote/webdriver.py:346: in execute\n    self.error_handler.check_response(response)\n_ _ _ _ _ _ _ _ _ _ _ _ _ _ _ _ _ _ _ _ _ _ _ _ _ _ _ _ _ _ _ _ _ _ _ _ _ _ _ _ \n\nself = <selenium.webdriver.remote.errorhandler.ErrorHandler object at 0x7f09254bf550>\nresponse = {'status': 404, 'value': '{\"value\":{\"error\":\"no such element\",\"message\":\"no such element: Unable to locate element: {\\...\\\\n#16 0x5571daaef723 \\\\u003Cunknown>\\\\n#17 0x5571dab000e4 \\\\u003Cunknown>\\\\n#18 0x7effdc5ee134 \\\\u003Cunknown>\\\\n\"}}'}\n\n    def check_response(self, response: Dict[str, Any]) -> None:\n        \"\"\"Checks that a JSON response from the WebDriver does not have an\n        error.\n    \n        :Args:\n         - response - The JSON response from the WebDriver server as a dictionary\n           object.\n    \n        :Raises: If the response contains an error message.\n        \"\"\"\n        status = response.get(\"status\", None)\n        if not status or status == ErrorCode.SUCCESS:\n            return\n        value = None\n        message = response.get(\"message\", \"\")\n        screen: str = response.get(\"screen\", \"\")\n        stacktrace = None\n        if isinstance(status, int):\n            value_json = response.get(\"value\", None)\n            if value_json and isinstance(value_json, str):\n                import json\n    \n                try:\n                    value = json.loads(value_json)\n                    if len(value) == 1:\n                        value = value[\"value\"]\n                    status = value.get(\"error\", None)\n                    if not status:\n                        status = value.get(\"status\", ErrorCode.UNKNOWN_ERROR)\n                        message = value.get(\"value\") or value.get(\"message\")\n                        if not isinstance(message, str):\n                            value = message\n                            message = message.get(\"message\")\n                    else:\n                        message = value.get(\"message\", None)\n                except ValueError:\n                    pass\n    \n        exception_class: Type[WebDriverException]\n        if status in ErrorCode.NO_SUCH_ELEMENT:\n            exception_class = NoSuchElementException\n        elif status in ErrorCode.NO_SUCH_FRAME:\n            exception_class = NoSuchFrameException\n        elif status in ErrorCode.NO_SUCH_SHADOW_ROOT:\n            exception_class = NoSuchShadowRootException\n        elif status in ErrorCode.NO_SUCH_WINDOW:\n            exception_class = NoSuchWindowException\n        elif status in ErrorCode.STALE_ELEMENT_REFERENCE:\n            exception_class = StaleElementReferenceException\n        elif status in ErrorCode.ELEMENT_NOT_VISIBLE:\n            exception_class = ElementNotVisibleException\n        elif status in ErrorCode.INVALID_ELEMENT_STATE:\n            exception_class = InvalidElementStateException\n        elif (\n            status in ErrorCode.INVALID_SELECTOR\n            or status in ErrorCode.INVALID_XPATH_SELECTOR\n            or status in ErrorCode.INVALID_XPATH_SELECTOR_RETURN_TYPER\n        ):\n            exception_class = InvalidSelectorException\n        elif status in ErrorCode.ELEMENT_IS_NOT_SELECTABLE:\n            exception_class = ElementNotSelectableException\n        elif status in ErrorCode.ELEMENT_NOT_INTERACTABLE:\n            exception_class = ElementNotInteractableException\n        elif status in ErrorCode.INVALID_COOKIE_DOMAIN:\n            exception_class = InvalidCookieDomainException\n        elif status in ErrorCode.UNABLE_TO_SET_COOKIE:\n            exception_class = UnableToSetCookieException\n        elif status in ErrorCode.TIMEOUT:\n            exception_class = TimeoutException\n        elif status in ErrorCode.SCRIPT_TIMEOUT:\n            exception_class = TimeoutException\n        elif status in ErrorCode.UNKNOWN_ERROR:\n            exception_class = WebDriverException\n        elif status in ErrorCode.UNEXPECTED_ALERT_OPEN:\n            exception_class = UnexpectedAlertPresentException\n        elif status in ErrorCode.NO_ALERT_OPEN:\n            exception_class = NoAlertPresentException\n        elif status in ErrorCode.IME_NOT_AVAILABLE:\n            exception_class = ImeNotAvailableException\n        elif status in ErrorCode.IME_ENGINE_ACTIVATION_FAILED:\n            exception_class = ImeActivationFailedException\n        elif status in ErrorCode.MOVE_TARGET_OUT_OF_BOUNDS:\n            exception_class = MoveTargetOutOfBoundsException\n        elif status in ErrorCode.JAVASCRIPT_ERROR:\n            exception_class = JavascriptException\n        elif status in ErrorCode.SESSION_NOT_CREATED:\n            exception_class = SessionNotCreatedException\n        elif status in ErrorCode.INVALID_ARGUMENT:\n            exception_class = InvalidArgumentException\n        elif status in ErrorCode.NO_SUCH_COOKIE:\n            exception_class = NoSuchCookieException\n        elif status in ErrorCode.UNABLE_TO_CAPTURE_SCREEN:\n            exception_class = ScreenshotException\n        elif status in ErrorCode.ELEMENT_CLICK_INTERCEPTED:\n            exception_class = ElementClickInterceptedException\n        elif status in ErrorCode.INSECURE_CERTIFICATE:\n            exception_class = InsecureCertificateException\n        elif status in ErrorCode.INVALID_COORDINATES:\n            exception_class = InvalidCoordinatesException\n        elif status in ErrorCode.INVALID_SESSION_ID:\n            exception_class = InvalidSessionIdException\n        elif status in ErrorCode.UNKNOWN_METHOD:\n            exception_class = UnknownMethodException\n        else:\n            exception_class = WebDriverException\n        if not value:\n            value = response[\"value\"]\n        if isinstance(value, str):\n            raise exception_class(value)\n        if message == \"\" and \"message\" in value:\n            message = value[\"message\"]\n    \n        screen = None  # type: ignore[assignment]\n        if \"screen\" in value:\n            screen = value[\"screen\"]\n    \n        stacktrace = None\n        st_value = value.get(\"stackTrace\") or value.get(\"stacktrace\")\n        if st_value:\n            if isinstance(st_value, str):\n                stacktrace = st_value.split(\"\\n\")\n            else:\n                stacktrace = []\n                try:\n                    for frame in st_value:\n                        line = frame.get(\"lineNumber\", \"\")\n                        file = frame.get(\"fileName\", \"<anonymous>\")\n                        if line:\n                            file = f\"{file}:{line}\"\n                        meth = frame.get(\"methodName\", \"<anonymous>\")\n                        if \"className\" in frame:\n                            meth = f\"{frame['className']}.{meth}\"\n                        msg = \"    at %s (%s)\"\n                        msg = msg % (meth, file)\n                        stacktrace.append(msg)\n                except TypeError:\n                    pass\n        if exception_class == UnexpectedAlertPresentException:\n            alert_text = None\n            if \"data\" in value:\n                alert_text = value[\"data\"].get(\"text\")\n            elif \"alert\" in value:\n                alert_text = value[\"alert\"].get(\"text\")\n            raise exception_class(message, screen, stacktrace, alert_text)  # type: ignore[call-arg]  # mypy is not smart enough here\n>       raise exception_class(message, screen, stacktrace)\nE       selenium.common.exceptions.NoSuchElementException: Message: no such element: Unable to locate element: {\"method\":\"xpath\",\"selector\":\"(//a[contains(text(), 'Отзывы')])[3]\"}\nE         (Session info: chrome-headless-shell=122.0.6261.128); For documentation on this error, please visit: https://www.selenium.dev/documentation/webdriver/troubleshooting/errors#no-such-element-exception\nE       Stacktrace:\nE       #0 0x5571dab00f33 <unknown>\nE       #1 0x5571da7f8ce6 <unknown>\nE       #2 0x5571da843e48 <unknown>\nE       #3 0x5571da843f01 <unknown>\nE       #4 0x5571da8873f4 <unknown>\nE       #5 0x5571da865edd <unknown>\nE       #6 0x5571da884899 <unknown>\nE       #7 0x5571da865c53 <unknown>\nE       #8 0x5571da836db3 <unknown>\nE       #9 0x5571da83777e <unknown>\nE       #10 0x5571daac686b <unknown>\nE       #11 0x5571daaca885 <unknown>\nE       #12 0x5571daab4181 <unknown>\nE       #13 0x5571daacb412 <unknown>\nE       #14 0x5571daa9825f <unknown>\nE       #15 0x5571daaef528 <unknown>\nE       #16 0x5571daaef723 <unknown>\nE       #17 0x5571dab000e4 <unknown>\nE       #18 0x7effdc5ee134 <unknown>\n\n/usr/local/lib/python3.11/site-packages/selenium/webdriver/remote/errorhandler.py:245: NoSuchElementException","flaky":false,"newFailed":false,"newBroken":false,"newPassed":false,"retriesCount":0,"retriesStatusChange":false,"beforeStages":[{"name":"_session_faker","time":{"start":1710291819632,"stop":1710291819720,"duration":88},"status":"passed","steps":[],"attachments":[],"parameters":[],"shouldDisplayMessage":false,"stepsCount":0,"attachmentsCount":0,"hasContent":false,"attachmentStep":false},{"name":"clear_allure_results_folder","time":{"start":1710291819720,"stop":1710291819720,"duration":0},"status":"passed","steps":[],"attachments":[],"parameters":[],"shouldDisplayMessage":false,"stepsCount":0,"attachmentsCount":0,"hasContent":false,"attachmentStep":false},{"name":"driver","time":{"start":1710292018369,"stop":1710292019131,"duration":762},"status":"passed","steps":[],"attachments":[],"parameters":[],"shouldDisplayMessage":false,"stepsCount":0,"attachmentsCount":0,"hasContent":false,"attachmentStep":false},{"name":"setup","time":{"start":1710292019132,"stop":1710292019132,"duration":0},"status":"passed","steps":[],"attachments":[],"parameters":[],"shouldDisplayMessage":false,"stepsCount":0,"attachmentsCount":0,"hasContent":false,"attachmentStep":false},{"name":"main_page","time":{"start":1710292019132,"stop":1710292019533,"duration":401},"status":"passed","steps":[],"attachments":[],"parameters":[],"shouldDisplayMessage":false,"stepsCount":0,"attachmentsCount":0,"hasContent":false,"attachmentStep":false}],"testStage":{"status":"skipped","statusMessage":"XFAIL При переходе на страницу отзывов может предложено пройти капчу\n\nselenium.common.exceptions.NoSuchElementException: Message: no such element: Unable to locate element: {\"method\":\"xpath\",\"selector\":\"(//a[contains(text(), 'Отзывы')])[3]\"}\n  (Session info: chrome-headless-shell=122.0.6261.128); For documentation on this error, please visit: https://www.selenium.dev/documentation/webdriver/troubleshooting/errors#no-such-element-exception\nStacktrace:\n#0 0x5571dab00f33 <unknown>\n#1 0x5571da7f8ce6 <unknown>\n#2 0x5571da843e48 <unknown>\n#3 0x5571da843f01 <unknown>\n#4 0x5571da8873f4 <unknown>\n#5 0x5571da865edd <unknown>\n#6 0x5571da884899 <unknown>\n#7 0x5571da865c53 <unknown>\n#8 0x5571da836db3 <unknown>\n#9 0x5571da83777e <unknown>\n#10 0x5571daac686b <unknown>\n#11 0x5571daaca885 <unknown>\n#12 0x5571daab4181 <unknown>\n#13 0x5571daacb412 <unknown>\n#14 0x5571daa9825f <unknown>\n#15 0x5571daaef528 <unknown>\n#16 0x5571daaef723 <unknown>\n#17 0x5571dab000e4 <unknown>\n#18 0x7effdc5ee134 <unknown>","statusTrace":"self = <tests.test_main_page.TestMainPage object at 0x7f09258b8810>\nmain_page = <pages.main_page.MainPage object at 0x7f0924db6910>\n\n    @allure.feature(\"Footer functionality\")\n    @allure.title(\"TC 017 - Проверка функциональности ссылки 'Отзывы'\")\n    @pytest.mark.xfail(reason=\"При переходе на страницу отзывов может предложено пройти капчу\")\n    @pytest.mark.smoke_test\n    def test_positive_footer_reviews_smoke(self, main_page):\n>       title = main_page.check_reviews_link()\n\ntests/test_main_page.py:153: \n_ _ _ _ _ _ _ _ _ _ _ _ _ _ _ _ _ _ _ _ _ _ _ _ _ _ _ _ _ _ _ _ _ _ _ _ _ _ _ _ \npages/main_page.py:180: in check_reviews_link\n    self.driver.find_element(*self._reviews_link).click()\n/usr/local/lib/python3.11/site-packages/selenium/webdriver/remote/webdriver.py:740: in find_element\n    return self.execute(Command.FIND_ELEMENT, {\"using\": by, \"value\": value})[\"value\"]\n/usr/local/lib/python3.11/site-packages/selenium/webdriver/remote/webdriver.py:346: in execute\n    self.error_handler.check_response(response)\n_ _ _ _ _ _ _ _ _ _ _ _ _ _ _ _ _ _ _ _ _ _ _ _ _ _ _ _ _ _ _ _ _ _ _ _ _ _ _ _ \n\nself = <selenium.webdriver.remote.errorhandler.ErrorHandler object at 0x7f09254bf550>\nresponse = {'status': 404, 'value': '{\"value\":{\"error\":\"no such element\",\"message\":\"no such element: Unable to locate element: {\\...\\\\n#16 0x5571daaef723 \\\\u003Cunknown>\\\\n#17 0x5571dab000e4 \\\\u003Cunknown>\\\\n#18 0x7effdc5ee134 \\\\u003Cunknown>\\\\n\"}}'}\n\n    def check_response(self, response: Dict[str, Any]) -> None:\n        \"\"\"Checks that a JSON response from the WebDriver does not have an\n        error.\n    \n        :Args:\n         - response - The JSON response from the WebDriver server as a dictionary\n           object.\n    \n        :Raises: If the response contains an error message.\n        \"\"\"\n        status = response.get(\"status\", None)\n        if not status or status == ErrorCode.SUCCESS:\n            return\n        value = None\n        message = response.get(\"message\", \"\")\n        screen: str = response.get(\"screen\", \"\")\n        stacktrace = None\n        if isinstance(status, int):\n            value_json = response.get(\"value\", None)\n            if value_json and isinstance(value_json, str):\n                import json\n    \n                try:\n                    value = json.loads(value_json)\n                    if len(value) == 1:\n                        value = value[\"value\"]\n                    status = value.get(\"error\", None)\n                    if not status:\n                        status = value.get(\"status\", ErrorCode.UNKNOWN_ERROR)\n                        message = value.get(\"value\") or value.get(\"message\")\n                        if not isinstance(message, str):\n                            value = message\n                            message = message.get(\"message\")\n                    else:\n                        message = value.get(\"message\", None)\n                except ValueError:\n                    pass\n    \n        exception_class: Type[WebDriverException]\n        if status in ErrorCode.NO_SUCH_ELEMENT:\n            exception_class = NoSuchElementException\n        elif status in ErrorCode.NO_SUCH_FRAME:\n            exception_class = NoSuchFrameException\n        elif status in ErrorCode.NO_SUCH_SHADOW_ROOT:\n            exception_class = NoSuchShadowRootException\n        elif status in ErrorCode.NO_SUCH_WINDOW:\n            exception_class = NoSuchWindowException\n        elif status in ErrorCode.STALE_ELEMENT_REFERENCE:\n            exception_class = StaleElementReferenceException\n        elif status in ErrorCode.ELEMENT_NOT_VISIBLE:\n            exception_class = ElementNotVisibleException\n        elif status in ErrorCode.INVALID_ELEMENT_STATE:\n            exception_class = InvalidElementStateException\n        elif (\n            status in ErrorCode.INVALID_SELECTOR\n            or status in ErrorCode.INVALID_XPATH_SELECTOR\n            or status in ErrorCode.INVALID_XPATH_SELECTOR_RETURN_TYPER\n        ):\n            exception_class = InvalidSelectorException\n        elif status in ErrorCode.ELEMENT_IS_NOT_SELECTABLE:\n            exception_class = ElementNotSelectableException\n        elif status in ErrorCode.ELEMENT_NOT_INTERACTABLE:\n            exception_class = ElementNotInteractableException\n        elif status in ErrorCode.INVALID_COOKIE_DOMAIN:\n            exception_class = InvalidCookieDomainException\n        elif status in ErrorCode.UNABLE_TO_SET_COOKIE:\n            exception_class = UnableToSetCookieException\n        elif status in ErrorCode.TIMEOUT:\n            exception_class = TimeoutException\n        elif status in ErrorCode.SCRIPT_TIMEOUT:\n            exception_class = TimeoutException\n        elif status in ErrorCode.UNKNOWN_ERROR:\n            exception_class = WebDriverException\n        elif status in ErrorCode.UNEXPECTED_ALERT_OPEN:\n            exception_class = UnexpectedAlertPresentException\n        elif status in ErrorCode.NO_ALERT_OPEN:\n            exception_class = NoAlertPresentException\n        elif status in ErrorCode.IME_NOT_AVAILABLE:\n            exception_class = ImeNotAvailableException\n        elif status in ErrorCode.IME_ENGINE_ACTIVATION_FAILED:\n            exception_class = ImeActivationFailedException\n        elif status in ErrorCode.MOVE_TARGET_OUT_OF_BOUNDS:\n            exception_class = MoveTargetOutOfBoundsException\n        elif status in ErrorCode.JAVASCRIPT_ERROR:\n            exception_class = JavascriptException\n        elif status in ErrorCode.SESSION_NOT_CREATED:\n            exception_class = SessionNotCreatedException\n        elif status in ErrorCode.INVALID_ARGUMENT:\n            exception_class = InvalidArgumentException\n        elif status in ErrorCode.NO_SUCH_COOKIE:\n            exception_class = NoSuchCookieException\n        elif status in ErrorCode.UNABLE_TO_CAPTURE_SCREEN:\n            exception_class = ScreenshotException\n        elif status in ErrorCode.ELEMENT_CLICK_INTERCEPTED:\n            exception_class = ElementClickInterceptedException\n        elif status in ErrorCode.INSECURE_CERTIFICATE:\n            exception_class = InsecureCertificateException\n        elif status in ErrorCode.INVALID_COORDINATES:\n            exception_class = InvalidCoordinatesException\n        elif status in ErrorCode.INVALID_SESSION_ID:\n            exception_class = InvalidSessionIdException\n        elif status in ErrorCode.UNKNOWN_METHOD:\n            exception_class = UnknownMethodException\n        else:\n            exception_class = WebDriverException\n        if not value:\n            value = response[\"value\"]\n        if isinstance(value, str):\n            raise exception_class(value)\n        if message == \"\" and \"message\" in value:\n            message = value[\"message\"]\n    \n        screen = None  # type: ignore[assignment]\n        if \"screen\" in value:\n            screen = value[\"screen\"]\n    \n        stacktrace = None\n        st_value = value.get(\"stackTrace\") or value.get(\"stacktrace\")\n        if st_value:\n            if isinstance(st_value, str):\n                stacktrace = st_value.split(\"\\n\")\n            else:\n                stacktrace = []\n                try:\n                    for frame in st_value:\n                        line = frame.get(\"lineNumber\", \"\")\n                        file = frame.get(\"fileName\", \"<anonymous>\")\n                        if line:\n                            file = f\"{file}:{line}\"\n                        meth = frame.get(\"methodName\", \"<anonymous>\")\n                        if \"className\" in frame:\n                            meth = f\"{frame['className']}.{meth}\"\n                        msg = \"    at %s (%s)\"\n                        msg = msg % (meth, file)\n                        stacktrace.append(msg)\n                except TypeError:\n                    pass\n        if exception_class == UnexpectedAlertPresentException:\n            alert_text = None\n            if \"data\" in value:\n                alert_text = value[\"data\"].get(\"text\")\n            elif \"alert\" in value:\n                alert_text = value[\"alert\"].get(\"text\")\n            raise exception_class(message, screen, stacktrace, alert_text)  # type: ignore[call-arg]  # mypy is not smart enough here\n>       raise exception_class(message, screen, stacktrace)\nE       selenium.common.exceptions.NoSuchElementException: Message: no such element: Unable to locate element: {\"method\":\"xpath\",\"selector\":\"(//a[contains(text(), 'Отзывы')])[3]\"}\nE         (Session info: chrome-headless-shell=122.0.6261.128); For documentation on this error, please visit: https://www.selenium.dev/documentation/webdriver/troubleshooting/errors#no-such-element-exception\nE       Stacktrace:\nE       #0 0x5571dab00f33 <unknown>\nE       #1 0x5571da7f8ce6 <unknown>\nE       #2 0x5571da843e48 <unknown>\nE       #3 0x5571da843f01 <unknown>\nE       #4 0x5571da8873f4 <unknown>\nE       #5 0x5571da865edd <unknown>\nE       #6 0x5571da884899 <unknown>\nE       #7 0x5571da865c53 <unknown>\nE       #8 0x5571da836db3 <unknown>\nE       #9 0x5571da83777e <unknown>\nE       #10 0x5571daac686b <unknown>\nE       #11 0x5571daaca885 <unknown>\nE       #12 0x5571daab4181 <unknown>\nE       #13 0x5571daacb412 <unknown>\nE       #14 0x5571daa9825f <unknown>\nE       #15 0x5571daaef528 <unknown>\nE       #16 0x5571daaef723 <unknown>\nE       #17 0x5571dab000e4 <unknown>\nE       #18 0x7effdc5ee134 <unknown>\n\n/usr/local/lib/python3.11/site-packages/selenium/webdriver/remote/errorhandler.py:245: NoSuchElementException","steps":[{"name":"Проверка функциональности ссылки 'Отзывы'","time":{"start":1710292019535,"stop":1710292019550,"duration":15},"status":"broken","statusMessage":"selenium.common.exceptions.NoSuchElementException: Message: no such element: Unable to locate element: {\"method\":\"xpath\",\"selector\":\"(//a[contains(text(), 'Отзывы')])[3]\"}\n  (Session info: chrome-headless-shell=122.0.6261.128); For documentation on this error, please visit: https://www.selenium.dev/documentation/webdriver/troubleshooting/errors#no-such-element-exception\nStacktrace:\n#0 0x5571dab00f33 <unknown>\n#1 0x5571da7f8ce6 <unknown>\n#2 0x5571da843e48 <unknown>\n#3 0x5571da843f01 <unknown>\n#4 0x5571da8873f4 <unknown>\n#5 0x5571da865edd <unknown>\n#6 0x5571da884899 <unknown>\n#7 0x5571da865c53 <unknown>\n#8 0x5571da836db3 <unknown>\n#9 0x5571da83777e <unknown>\n#10 0x5571daac686b <unknown>\n#11 0x5571daaca885 <unknown>\n#12 0x5571daab4181 <unknown>\n#13 0x5571daacb412 <unknown>\n#14 0x5571daa9825f <unknown>\n#15 0x5571daaef528 <unknown>\n#16 0x5571daaef723 <unknown>\n#17 0x5571dab000e4 <unknown>\n#18 0x7effdc5ee134 <unknown>\n\n","statusTrace":"  File \"/usr/local/lib/python3.11/site-packages/allure_commons/_allure.py\", line 192, in impl\n    return func(*a, **kw)\n           ^^^^^^^^^^^^^^\n  File \"/app/pages/main_page.py\", line 180, in check_reviews_link\n    self.driver.find_element(*self._reviews_link).click()\n    ^^^^^^^^^^^^^^^^^^^^^^^^^^^^^^^^^^^^^^^^^^^^^\n  File \"/usr/local/lib/python3.11/site-packages/selenium/webdriver/remote/webdriver.py\", line 740, in find_element\n    return self.execute(Command.FIND_ELEMENT, {\"using\": by, \"value\": value})[\"value\"]\n           ^^^^^^^^^^^^^^^^^^^^^^^^^^^^^^^^^^^^^^^^^^^^^^^^^^^^^^^^^^^^^^^^^\n  File \"/usr/local/lib/python3.11/site-packages/selenium/webdriver/remote/webdriver.py\", line 346, in execute\n    self.error_handler.check_response(response)\n  File \"/usr/local/lib/python3.11/site-packages/selenium/webdriver/remote/errorhandler.py\", line 245, in check_response\n    raise exception_class(message, screen, stacktrace)\n","steps":[],"attachments":[],"parameters":[],"shouldDisplayMessage":true,"stepsCount":0,"attachmentsCount":0,"hasContent":true,"attachmentStep":false}],"attachments":[{"uid":"724c4d5648df999b","name":"Screenshot","source":"724c4d5648df999b.png","type":"image/png","size":39106},{"uid":"cf82eb0da69ef12d","name":"HTML source","source":"cf82eb0da69ef12d.html","type":"text/html","size":538}],"parameters":[],"shouldDisplayMessage":true,"stepsCount":1,"attachmentsCount":2,"hasContent":true,"attachmentStep":false},"afterStages":[{"name":"driver::0","time":{"start":1710292019677,"stop":1710292019737,"duration":60},"status":"passed","steps":[],"attachments":[],"parameters":[],"shouldDisplayMessage":false,"stepsCount":0,"attachmentsCount":0,"hasContent":false,"attachmentStep":false},{"name":"setup::0","time":{"start":1710292019677,"stop":1710292019677,"duration":0},"status":"passed","steps":[],"attachments":[],"parameters":[],"shouldDisplayMessage":false,"stepsCount":0,"attachmentsCount":0,"hasContent":false,"attachmentStep":false}],"labels":[{"name":"feature","value":"Footer functionality"},{"name":"epic","value":"Main Page"},{"name":"tag","value":"smoke_test"},{"name":"tag","value":"@pytest.mark.xfail(reason='При переходе на страницу отзывов может предложено пройти капчу')"},{"name":"parentSuite","value":"tests"},{"name":"suite","value":"test_main_page"},{"name":"subSuite","value":"TestMainPage"},{"name":"host","value":"178280cee62d"},{"name":"thread","value":"1-MainThread"},{"name":"framework","value":"pytest"},{"name":"language","value":"cpython3"},{"name":"package","value":"tests.test_main_page"},{"name":"resultFormat","value":"allure2"}],"parameters":[{"name":"url","value":"'https://test2.stroyrem-nn.ru/'"}],"links":[],"hidden":false,"retry":false,"extra":{"severity":"normal","retries":[],"categories":[],"history":{"statistic":{"failed":0,"broken":0,"skipped":217,"passed":0,"unknown":0,"total":217},"items":[{"uid":"56ef9e757f739869","reportUrl":"https://zaelcovsky.github.io/StroyremAutomation/259//#testresult/56ef9e757f739869","status":"skipped","statusDetails":"XFAIL При переходе на страницу отзывов может предложено пройти капчу\n\nselenium.common.exceptions.NoSuchElementException: Message: no such element: Unable to locate element: {\"method\":\"xpath\",\"selector\":\"(//a[contains(text(), 'Отзывы')])[3]\"}\n  (Session info: chrome-headless-shell=122.0.6261.111); For documentation on this error, please visit: https://www.selenium.dev/documentation/webdriver/troubleshooting/errors#no-such-element-exception\nStacktrace:\n#0 0x5a00b14deec3 <unknown>\n#1 0x5a00b11d6ce6 <unknown>\n#2 0x5a00b1221e48 <unknown>\n#3 0x5a00b1221f01 <unknown>\n#4 0x5a00b12653f4 <unknown>\n#5 0x5a00b1243edd <unknown>\n#6 0x5a00b1262899 <unknown>\n#7 0x5a00b1243c53 <unknown>\n#8 0x5a00b1214db3 <unknown>\n#9 0x5a00b121577e <unknown>\n#10 0x5a00b14a47fb <unknown>\n#11 0x5a00b14a8815 <unknown>\n#12 0x5a00b1492111 <unknown>\n#13 0x5a00b14a93a2 <unknown>\n#14 0x5a00b14761ef <unknown>\n#15 0x5a00b14cd4b8 <unknown>\n#16 0x5a00b14cd6b3 <unknown>\n#17 0x5a00b14de074 <unknown>\n#18 0x77b29dfe5134 <unknown>","time":{"start":1710205390326,"stop":1710205390340,"duration":14}},{"uid":"716f849f18280873","reportUrl":"https://zaelcovsky.github.io/StroyremAutomation/258//#testresult/716f849f18280873","status":"skipped","statusDetails":"XFAIL При переходе на страницу отзывов может предложено пройти капчу\n\nselenium.common.exceptions.NoSuchElementException: Message: no such element: Unable to locate element: {\"method\":\"xpath\",\"selector\":\"(//a[contains(text(), 'Отзывы')])[3]\"}\n  (Session info: chrome-headless-shell=122.0.6261.111); For documentation on this error, please visit: https://www.selenium.dev/documentation/webdriver/troubleshooting/errors#no-such-element-exception\nStacktrace:\n#0 0x55e225935ec3 <unknown>\n#1 0x55e22562dce6 <unknown>\n#2 0x55e225678e48 <unknown>\n#3 0x55e225678f01 <unknown>\n#4 0x55e2256bc3f4 <unknown>\n#5 0x55e22569aedd <unknown>\n#6 0x55e2256b9899 <unknown>\n#7 0x55e22569ac53 <unknown>\n#8 0x55e22566bdb3 <unknown>\n#9 0x55e22566c77e <unknown>\n#10 0x55e2258fb7fb <unknown>\n#11 0x55e2258ff815 <unknown>\n#12 0x55e2258e9111 <unknown>\n#13 0x55e2259003a2 <unknown>\n#14 0x55e2258cd1ef <unknown>\n#15 0x55e2259244b8 <unknown>\n#16 0x55e2259246b3 <unknown>\n#17 0x55e225935074 <unknown>\n#18 0x7f4b2dc67134 <unknown>","time":{"start":1710119063029,"stop":1710119063044,"duration":15}},{"uid":"e9001024f49e58","reportUrl":"https://zaelcovsky.github.io/StroyremAutomation/257//#testresult/e9001024f49e58","status":"skipped","statusDetails":"XFAIL При переходе на страницу отзывов может предложено пройти капчу\n\nselenium.common.exceptions.NoSuchElementException: Message: no such element: Unable to locate element: {\"method\":\"xpath\",\"selector\":\"(//a[contains(text(), 'Отзывы')])[3]\"}\n  (Session info: chrome-headless-shell=122.0.6261.111); For documentation on this error, please visit: https://www.selenium.dev/documentation/webdriver/troubleshooting/errors#no-such-element-exception\nStacktrace:\n#0 0x563254b78ec3 <unknown>\n#1 0x563254870ce6 <unknown>\n#2 0x5632548bbe48 <unknown>\n#3 0x5632548bbf01 <unknown>\n#4 0x5632548ff3f4 <unknown>\n#5 0x5632548ddedd <unknown>\n#6 0x5632548fc899 <unknown>\n#7 0x5632548ddc53 <unknown>\n#8 0x5632548aedb3 <unknown>\n#9 0x5632548af77e <unknown>\n#10 0x563254b3e7fb <unknown>\n#11 0x563254b42815 <unknown>\n#12 0x563254b2c111 <unknown>\n#13 0x563254b433a2 <unknown>\n#14 0x563254b101ef <unknown>\n#15 0x563254b674b8 <unknown>\n#16 0x563254b676b3 <unknown>\n#17 0x563254b78074 <unknown>\n#18 0x7ffaa1939134 <unknown>","time":{"start":1710032894334,"stop":1710032894347,"duration":13}},{"uid":"cfa0eb9df05d3f64","reportUrl":"https://zaelcovsky.github.io/StroyremAutomation/256//#testresult/cfa0eb9df05d3f64","status":"skipped","statusDetails":"XFAIL При переходе на страницу отзывов может предложено пройти капчу\n\nselenium.common.exceptions.NoSuchElementException: Message: no such element: Unable to locate element: {\"method\":\"xpath\",\"selector\":\"(//a[contains(text(), 'Отзывы')])[3]\"}\n  (Session info: chrome-headless-shell=122.0.6261.111); For documentation on this error, please visit: https://www.selenium.dev/documentation/webdriver/troubleshooting/errors#no-such-element-exception\nStacktrace:\n#0 0x55f9c9c38ec3 <unknown>\n#1 0x55f9c9930ce6 <unknown>\n#2 0x55f9c997be48 <unknown>\n#3 0x55f9c997bf01 <unknown>\n#4 0x55f9c99bf3f4 <unknown>\n#5 0x55f9c999dedd <unknown>\n#6 0x55f9c99bc899 <unknown>\n#7 0x55f9c999dc53 <unknown>\n#8 0x55f9c996edb3 <unknown>\n#9 0x55f9c996f77e <unknown>\n#10 0x55f9c9bfe7fb <unknown>\n#11 0x55f9c9c02815 <unknown>\n#12 0x55f9c9bec111 <unknown>\n#13 0x55f9c9c033a2 <unknown>\n#14 0x55f9c9bd01ef <unknown>\n#15 0x55f9c9c274b8 <unknown>\n#16 0x55f9c9c276b3 <unknown>\n#17 0x55f9c9c38074 <unknown>\n#18 0x7f9f7d997134 <unknown>","time":{"start":1709946134900,"stop":1709946134914,"duration":14}},{"uid":"61a3afd57911769e","reportUrl":"https://zaelcovsky.github.io/StroyremAutomation/255//#testresult/61a3afd57911769e","status":"skipped","statusDetails":"XFAIL При переходе на страницу отзывов может предложено пройти капчу\n\nselenium.common.exceptions.NoSuchElementException: Message: no such element: Unable to locate element: {\"method\":\"xpath\",\"selector\":\"(//a[contains(text(), 'Отзывы')])[3]\"}\n  (Session info: chrome-headless-shell=122.0.6261.111); For documentation on this error, please visit: https://www.selenium.dev/documentation/webdriver/troubleshooting/errors#no-such-element-exception\nStacktrace:\n#0 0x562a92cffec3 <unknown>\n#1 0x562a929f7ce6 <unknown>\n#2 0x562a92a42e48 <unknown>\n#3 0x562a92a42f01 <unknown>\n#4 0x562a92a863f4 <unknown>\n#5 0x562a92a64edd <unknown>\n#6 0x562a92a83899 <unknown>\n#7 0x562a92a64c53 <unknown>\n#8 0x562a92a35db3 <unknown>\n#9 0x562a92a3677e <unknown>\n#10 0x562a92cc57fb <unknown>\n#11 0x562a92cc9815 <unknown>\n#12 0x562a92cb3111 <unknown>\n#13 0x562a92cca3a2 <unknown>\n#14 0x562a92c971ef <unknown>\n#15 0x562a92cee4b8 <unknown>\n#16 0x562a92cee6b3 <unknown>\n#17 0x562a92cff074 <unknown>\n#18 0x7fa00c2c6134 <unknown>","time":{"start":1709859796446,"stop":1709859796459,"duration":13}},{"uid":"65c9e056914b69c6","reportUrl":"https://zaelcovsky.github.io/StroyremAutomation/254//#testresult/65c9e056914b69c6","status":"skipped","statusDetails":"XFAIL При переходе на страницу отзывов может предложено пройти капчу\n\nselenium.common.exceptions.NoSuchElementException: Message: no such element: Unable to locate element: {\"method\":\"xpath\",\"selector\":\"(//a[contains(text(), 'Отзывы')])[3]\"}\n  (Session info: chrome-headless-shell=122.0.6261.94); For documentation on this error, please visit: https://www.selenium.dev/documentation/webdriver/troubleshooting/errors#no-such-element-exception\nStacktrace:\n#0 0x55c9a4b98e93 <unknown>\n#1 0x55c9a4890ce6 <unknown>\n#2 0x55c9a48dbe48 <unknown>\n#3 0x55c9a48dbf01 <unknown>\n#4 0x55c9a491f3f4 <unknown>\n#5 0x55c9a48fdedd <unknown>\n#6 0x55c9a491c899 <unknown>\n#7 0x55c9a48fdc53 <unknown>\n#8 0x55c9a48cedb3 <unknown>\n#9 0x55c9a48cf77e <unknown>\n#10 0x55c9a4b5e7cb <unknown>\n#11 0x55c9a4b627e5 <unknown>\n#12 0x55c9a4b4c0e1 <unknown>\n#13 0x55c9a4b63372 <unknown>\n#14 0x55c9a4b301bf <unknown>\n#15 0x55c9a4b87488 <unknown>\n#16 0x55c9a4b87683 <unknown>\n#17 0x55c9a4b98044 <unknown>\n#18 0x7f0f08422134 <unknown>","time":{"start":1709772878424,"stop":1709772878437,"duration":13}},{"uid":"547d4653a6d38c85","reportUrl":"https://zaelcovsky.github.io/StroyremAutomation/253//#testresult/547d4653a6d38c85","status":"skipped","statusDetails":"XFAIL При переходе на страницу отзывов может предложено пройти капчу\n\nselenium.common.exceptions.NoSuchElementException: Message: no such element: Unable to locate element: {\"method\":\"xpath\",\"selector\":\"(//a[contains(text(), 'Отзывы')])[3]\"}\n  (Session info: chrome-headless-shell=122.0.6261.94); For documentation on this error, please visit: https://www.selenium.dev/documentation/webdriver/troubleshooting/errors#no-such-element-exception\nStacktrace:\n#0 0x55dc28a5be93 <unknown>\n#1 0x55dc28753ce6 <unknown>\n#2 0x55dc2879ee48 <unknown>\n#3 0x55dc2879ef01 <unknown>\n#4 0x55dc287e23f4 <unknown>\n#5 0x55dc287c0edd <unknown>\n#6 0x55dc287df899 <unknown>\n#7 0x55dc287c0c53 <unknown>\n#8 0x55dc28791db3 <unknown>\n#9 0x55dc2879277e <unknown>\n#10 0x55dc28a217cb <unknown>\n#11 0x55dc28a257e5 <unknown>\n#12 0x55dc28a0f0e1 <unknown>\n#13 0x55dc28a26372 <unknown>\n#14 0x55dc289f31bf <unknown>\n#15 0x55dc28a4a488 <unknown>\n#16 0x55dc28a4a683 <unknown>\n#17 0x55dc28a5b044 <unknown>\n#18 0x7f6ef1959134 <unknown>","time":{"start":1709686999155,"stop":1709686999168,"duration":13}},{"uid":"3300da1764ca3da1","reportUrl":"https://zaelcovsky.github.io/StroyremAutomation/252//#testresult/3300da1764ca3da1","status":"skipped","statusDetails":"XFAIL При переходе на страницу отзывов может предложено пройти капчу\n\nselenium.common.exceptions.NoSuchElementException: Message: no such element: Unable to locate element: {\"method\":\"xpath\",\"selector\":\"(//a[contains(text(), 'Отзывы')])[3]\"}\n  (Session info: chrome-headless-shell=122.0.6261.94); For documentation on this error, please visit: https://www.selenium.dev/documentation/webdriver/troubleshooting/errors#no-such-element-exception\nStacktrace:\n#0 0x55e8ee148e93 <unknown>\n#1 0x55e8ede40ce6 <unknown>\n#2 0x55e8ede8be48 <unknown>\n#3 0x55e8ede8bf01 <unknown>\n#4 0x55e8edecf3f4 <unknown>\n#5 0x55e8edeadedd <unknown>\n#6 0x55e8edecc899 <unknown>\n#7 0x55e8edeadc53 <unknown>\n#8 0x55e8ede7edb3 <unknown>\n#9 0x55e8ede7f77e <unknown>\n#10 0x55e8ee10e7cb <unknown>\n#11 0x55e8ee1127e5 <unknown>\n#12 0x55e8ee0fc0e1 <unknown>\n#13 0x55e8ee113372 <unknown>\n#14 0x55e8ee0e01bf <unknown>\n#15 0x55e8ee137488 <unknown>\n#16 0x55e8ee137683 <unknown>\n#17 0x55e8ee148044 <unknown>\n#18 0x7fd3af97b134 <unknown>","time":{"start":1709600586426,"stop":1709600586441,"duration":15}},{"uid":"9c4825d635b43226","reportUrl":"https://zaelcovsky.github.io/StroyremAutomation/251//#testresult/9c4825d635b43226","status":"skipped","statusDetails":"XFAIL При переходе на страницу отзывов может предложено пройти капчу\n\nselenium.common.exceptions.NoSuchElementException: Message: no such element: Unable to locate element: {\"method\":\"xpath\",\"selector\":\"(//a[contains(text(), 'Отзывы')])[3]\"}\n  (Session info: chrome-headless-shell=122.0.6261.94); For documentation on this error, please visit: https://www.selenium.dev/documentation/webdriver/troubleshooting/errors#no-such-element-exception\nStacktrace:\n#0 0x55e08ac00e93 <unknown>\n#1 0x55e08a8f8ce6 <unknown>\n#2 0x55e08a943e48 <unknown>\n#3 0x55e08a943f01 <unknown>\n#4 0x55e08a9873f4 <unknown>\n#5 0x55e08a965edd <unknown>\n#6 0x55e08a984899 <unknown>\n#7 0x55e08a965c53 <unknown>\n#8 0x55e08a936db3 <unknown>\n#9 0x55e08a93777e <unknown>\n#10 0x55e08abc67cb <unknown>\n#11 0x55e08abca7e5 <unknown>\n#12 0x55e08abb40e1 <unknown>\n#13 0x55e08abcb372 <unknown>\n#14 0x55e08ab981bf <unknown>\n#15 0x55e08abef488 <unknown>\n#16 0x55e08abef683 <unknown>\n#17 0x55e08ac00044 <unknown>\n#18 0x7f15b7643134 <unknown>","time":{"start":1709514245232,"stop":1709514245246,"duration":14}},{"uid":"71f30c463502f957","reportUrl":"https://zaelcovsky.github.io/StroyremAutomation/250//#testresult/71f30c463502f957","status":"skipped","statusDetails":"XFAIL При переходе на страницу отзывов может предложено пройти капчу\n\nselenium.common.exceptions.NoSuchElementException: Message: no such element: Unable to locate element: {\"method\":\"xpath\",\"selector\":\"(//a[contains(text(), 'Отзывы')])[3]\"}\n  (Session info: chrome-headless-shell=122.0.6261.94); For documentation on this error, please visit: https://www.selenium.dev/documentation/webdriver/troubleshooting/errors#no-such-element-exception\nStacktrace:\n#0 0x55ae5ceb2e93 <unknown>\n#1 0x55ae5cbaace6 <unknown>\n#2 0x55ae5cbf5e48 <unknown>\n#3 0x55ae5cbf5f01 <unknown>\n#4 0x55ae5cc393f4 <unknown>\n#5 0x55ae5cc17edd <unknown>\n#6 0x55ae5cc36899 <unknown>\n#7 0x55ae5cc17c53 <unknown>\n#8 0x55ae5cbe8db3 <unknown>\n#9 0x55ae5cbe977e <unknown>\n#10 0x55ae5ce787cb <unknown>\n#11 0x55ae5ce7c7e5 <unknown>\n#12 0x55ae5ce660e1 <unknown>\n#13 0x55ae5ce7d372 <unknown>\n#14 0x55ae5ce4a1bf <unknown>\n#15 0x55ae5cea1488 <unknown>\n#16 0x55ae5cea1683 <unknown>\n#17 0x55ae5ceb2044 <unknown>\n#18 0x7fef070a3134 <unknown>","time":{"start":1709428041113,"stop":1709428041126,"duration":13}},{"uid":"94b7a5aab884bb9b","reportUrl":"https://zaelcovsky.github.io/StroyremAutomation/249//#testresult/94b7a5aab884bb9b","status":"skipped","statusDetails":"XFAIL При переходе на страницу отзывов может предложено пройти капчу\n\nselenium.common.exceptions.NoSuchElementException: Message: no such element: Unable to locate element: {\"method\":\"xpath\",\"selector\":\"(//a[contains(text(), 'Отзывы')])[3]\"}\n  (Session info: chrome-headless-shell=122.0.6261.94); For documentation on this error, please visit: https://www.selenium.dev/documentation/webdriver/troubleshooting/errors#no-such-element-exception\nStacktrace:\n#0 0x557b97345e93 <unknown>\n#1 0x557b9703dce6 <unknown>\n#2 0x557b97088e48 <unknown>\n#3 0x557b97088f01 <unknown>\n#4 0x557b970cc3f4 <unknown>\n#5 0x557b970aaedd <unknown>\n#6 0x557b970c9899 <unknown>\n#7 0x557b970aac53 <unknown>\n#8 0x557b9707bdb3 <unknown>\n#9 0x557b9707c77e <unknown>\n#10 0x557b9730b7cb <unknown>\n#11 0x557b9730f7e5 <unknown>\n#12 0x557b972f90e1 <unknown>\n#13 0x557b97310372 <unknown>\n#14 0x557b972dd1bf <unknown>\n#15 0x557b97334488 <unknown>\n#16 0x557b97334683 <unknown>\n#17 0x557b97345044 <unknown>\n#18 0x7f8b456b3134 <unknown>","time":{"start":1709341379847,"stop":1709341379861,"duration":14}},{"uid":"d4a4e206994c72ca","reportUrl":"https://zaelcovsky.github.io/StroyremAutomation/248//#testresult/d4a4e206994c72ca","status":"skipped","statusDetails":"XFAIL При переходе на страницу отзывов может предложено пройти капчу\n\nselenium.common.exceptions.NoSuchElementException: Message: no such element: Unable to locate element: {\"method\":\"xpath\",\"selector\":\"(//a[contains(text(), 'Отзывы')])[3]\"}\n  (Session info: chrome-headless-shell=122.0.6261.94); For documentation on this error, please visit: https://www.selenium.dev/documentation/webdriver/troubleshooting/errors#no-such-element-exception\nStacktrace:\n#0 0x56479ec2fe93 <unknown>\n#1 0x56479e927ce6 <unknown>\n#2 0x56479e972e48 <unknown>\n#3 0x56479e972f01 <unknown>\n#4 0x56479e9b63f4 <unknown>\n#5 0x56479e994edd <unknown>\n#6 0x56479e9b3899 <unknown>\n#7 0x56479e994c53 <unknown>\n#8 0x56479e965db3 <unknown>\n#9 0x56479e96677e <unknown>\n#10 0x56479ebf57cb <unknown>\n#11 0x56479ebf97e5 <unknown>\n#12 0x56479ebe30e1 <unknown>\n#13 0x56479ebfa372 <unknown>\n#14 0x56479ebc71bf <unknown>\n#15 0x56479ec1e488 <unknown>\n#16 0x56479ec1e683 <unknown>\n#17 0x56479ec2f044 <unknown>\n#18 0x7f4d6df9b134 <unknown>","time":{"start":1709255333434,"stop":1709255333448,"duration":14}},{"uid":"21fa5ab76055795b","reportUrl":"https://zaelcovsky.github.io/StroyremAutomation/247//#testresult/21fa5ab76055795b","status":"skipped","statusDetails":"XFAIL При переходе на страницу отзывов может предложено пройти капчу\n\nselenium.common.exceptions.NoSuchElementException: Message: no such element: Unable to locate element: {\"method\":\"xpath\",\"selector\":\"(//a[contains(text(), 'Отзывы')])[3]\"}\n  (Session info: chrome-headless-shell=122.0.6261.94); For documentation on this error, please visit: https://www.selenium.dev/documentation/webdriver/troubleshooting/errors#no-such-element-exception\nStacktrace:\n#0 0x562afe3bbe93 <unknown>\n#1 0x562afe0b3ce6 <unknown>\n#2 0x562afe0fee48 <unknown>\n#3 0x562afe0fef01 <unknown>\n#4 0x562afe1423f4 <unknown>\n#5 0x562afe120edd <unknown>\n#6 0x562afe13f899 <unknown>\n#7 0x562afe120c53 <unknown>\n#8 0x562afe0f1db3 <unknown>\n#9 0x562afe0f277e <unknown>\n#10 0x562afe3817cb <unknown>\n#11 0x562afe3857e5 <unknown>\n#12 0x562afe36f0e1 <unknown>\n#13 0x562afe386372 <unknown>\n#14 0x562afe3531bf <unknown>\n#15 0x562afe3aa488 <unknown>\n#16 0x562afe3aa683 <unknown>\n#17 0x562afe3bb044 <unknown>\n#18 0x7f0d8dbb1134 <unknown>","time":{"start":1709168593288,"stop":1709168593302,"duration":14}},{"uid":"38edae7ad5c7f613","reportUrl":"https://zaelcovsky.github.io/StroyremAutomation/246//#testresult/38edae7ad5c7f613","status":"skipped","statusDetails":"XFAIL При переходе на страницу отзывов может предложено пройти капчу\n\nselenium.common.exceptions.NoSuchElementException: Message: no such element: Unable to locate element: {\"method\":\"xpath\",\"selector\":\"(//a[contains(text(), 'Отзывы')])[3]\"}\n  (Session info: chrome-headless-shell=122.0.6261.94); For documentation on this error, please visit: https://www.selenium.dev/documentation/webdriver/troubleshooting/errors#no-such-element-exception\nStacktrace:\n#0 0x562079bc8e93 <unknown>\n#1 0x5620798c0ce6 <unknown>\n#2 0x56207990be48 <unknown>\n#3 0x56207990bf01 <unknown>\n#4 0x56207994f3f4 <unknown>\n#5 0x56207992dedd <unknown>\n#6 0x56207994c899 <unknown>\n#7 0x56207992dc53 <unknown>\n#8 0x5620798fedb3 <unknown>\n#9 0x5620798ff77e <unknown>\n#10 0x562079b8e7cb <unknown>\n#11 0x562079b927e5 <unknown>\n#12 0x562079b7c0e1 <unknown>\n#13 0x562079b93372 <unknown>\n#14 0x562079b601bf <unknown>\n#15 0x562079bb7488 <unknown>\n#16 0x562079bb7683 <unknown>\n#17 0x562079bc8044 <unknown>\n#18 0x7fcdd573e134 <unknown>","time":{"start":1709082202192,"stop":1709082202205,"duration":13}},{"uid":"eae3f5b17bd41332","reportUrl":"https://zaelcovsky.github.io/StroyremAutomation/245//#testresult/eae3f5b17bd41332","status":"skipped","statusDetails":"XFAIL При переходе на страницу отзывов может предложено пройти капчу\n\nselenium.common.exceptions.NoSuchElementException: Message: no such element: Unable to locate element: {\"method\":\"xpath\",\"selector\":\"(//a[contains(text(), 'Отзывы')])[3]\"}\n  (Session info: chrome-headless-shell=122.0.6261.69); For documentation on this error, please visit: https://www.selenium.dev/documentation/webdriver/troubleshooting/errors#no-such-element-exception\nStacktrace:\n#0 0x558a58c80793 <unknown>\n#1 0x558a589741c6 <unknown>\n#2 0x558a589bf358 <unknown>\n#3 0x558a589bf411 <unknown>\n#4 0x558a58a02934 <unknown>\n#5 0x558a589e13fd <unknown>\n#6 0x558a589ffdd9 <unknown>\n#7 0x558a589e1173 <unknown>\n#8 0x558a589b22d3 <unknown>\n#9 0x558a589b2c9e <unknown>\n#10 0x558a58c448cb <unknown>\n#11 0x558a58c48745 <unknown>\n#12 0x558a58c312e1 <unknown>\n#13 0x558a58c492d2 <unknown>\n#14 0x558a58c1517f <unknown>\n#15 0x558a58c6edc8 <unknown>\n#16 0x558a58c6efc3 <unknown>\n#17 0x558a58c7f944 <unknown>\n#18 0x7f6b98efc134 <unknown>","time":{"start":1708995823902,"stop":1708995823915,"duration":13}},{"uid":"d509b65b2ae2e08","reportUrl":"https://zaelcovsky.github.io/StroyremAutomation/244//#testresult/d509b65b2ae2e08","status":"skipped","statusDetails":"XFAIL При переходе на страницу отзывов может предложено пройти капчу\n\nselenium.common.exceptions.NoSuchElementException: Message: no such element: Unable to locate element: {\"method\":\"xpath\",\"selector\":\"(//a[contains(text(), 'Отзывы')])[3]\"}\n  (Session info: chrome-headless-shell=122.0.6261.69); For documentation on this error, please visit: https://www.selenium.dev/documentation/webdriver/troubleshooting/errors#no-such-element-exception\nStacktrace:\n#0 0x55b65ac46793 <unknown>\n#1 0x55b65a93a1c6 <unknown>\n#2 0x55b65a985358 <unknown>\n#3 0x55b65a985411 <unknown>\n#4 0x55b65a9c8934 <unknown>\n#5 0x55b65a9a73fd <unknown>\n#6 0x55b65a9c5dd9 <unknown>\n#7 0x55b65a9a7173 <unknown>\n#8 0x55b65a9782d3 <unknown>\n#9 0x55b65a978c9e <unknown>\n#10 0x55b65ac0a8cb <unknown>\n#11 0x55b65ac0e745 <unknown>\n#12 0x55b65abf72e1 <unknown>\n#13 0x55b65ac0f2d2 <unknown>\n#14 0x55b65abdb17f <unknown>\n#15 0x55b65ac34dc8 <unknown>\n#16 0x55b65ac34fc3 <unknown>\n#17 0x55b65ac45944 <unknown>\n#18 0x7f87cd3dc134 <unknown>","time":{"start":1708909466808,"stop":1708909466821,"duration":13}},{"uid":"c7b605ea50a5da40","reportUrl":"https://zaelcovsky.github.io/StroyremAutomation/243//#testresult/c7b605ea50a5da40","status":"skipped","statusDetails":"XFAIL При переходе на страницу отзывов может предложено пройти капчу\n\nselenium.common.exceptions.NoSuchElementException: Message: no such element: Unable to locate element: {\"method\":\"xpath\",\"selector\":\"(//a[contains(text(), 'Отзывы')])[3]\"}\n  (Session info: chrome-headless-shell=122.0.6261.69); For documentation on this error, please visit: https://www.selenium.dev/documentation/webdriver/troubleshooting/errors#no-such-element-exception\nStacktrace:\n#0 0x55af845dd793 <unknown>\n#1 0x55af842d11c6 <unknown>\n#2 0x55af8431c358 <unknown>\n#3 0x55af8431c411 <unknown>\n#4 0x55af8435f934 <unknown>\n#5 0x55af8433e3fd <unknown>\n#6 0x55af8435cdd9 <unknown>\n#7 0x55af8433e173 <unknown>\n#8 0x55af8430f2d3 <unknown>\n#9 0x55af8430fc9e <unknown>\n#10 0x55af845a18cb <unknown>\n#11 0x55af845a5745 <unknown>\n#12 0x55af8458e2e1 <unknown>\n#13 0x55af845a62d2 <unknown>\n#14 0x55af8457217f <unknown>\n#15 0x55af845cbdc8 <unknown>\n#16 0x55af845cbfc3 <unknown>\n#17 0x55af845dc944 <unknown>\n#18 0x7fc3b573f134 <unknown>","time":{"start":1708823249931,"stop":1708823249944,"duration":13}},{"uid":"aa196edc012ba708","reportUrl":"https://zaelcovsky.github.io/StroyremAutomation/242//#testresult/aa196edc012ba708","status":"skipped","statusDetails":"XFAIL При переходе на страницу отзывов может предложено пройти капчу\n\nselenium.common.exceptions.NoSuchElementException: Message: no such element: Unable to locate element: {\"method\":\"xpath\",\"selector\":\"(//a[contains(text(), 'Отзывы')])[3]\"}\n  (Session info: chrome-headless-shell=122.0.6261.69); For documentation on this error, please visit: https://www.selenium.dev/documentation/webdriver/troubleshooting/errors#no-such-element-exception\nStacktrace:\n#0 0x55cca20e7793 <unknown>\n#1 0x55cca1ddb1c6 <unknown>\n#2 0x55cca1e26358 <unknown>\n#3 0x55cca1e26411 <unknown>\n#4 0x55cca1e69934 <unknown>\n#5 0x55cca1e483fd <unknown>\n#6 0x55cca1e66dd9 <unknown>\n#7 0x55cca1e48173 <unknown>\n#8 0x55cca1e192d3 <unknown>\n#9 0x55cca1e19c9e <unknown>\n#10 0x55cca20ab8cb <unknown>\n#11 0x55cca20af745 <unknown>\n#12 0x55cca20982e1 <unknown>\n#13 0x55cca20b02d2 <unknown>\n#14 0x55cca207c17f <unknown>\n#15 0x55cca20d5dc8 <unknown>\n#16 0x55cca20d5fc3 <unknown>\n#17 0x55cca20e6944 <unknown>\n#18 0x7fd9e94e4134 <unknown>","time":{"start":1708736523067,"stop":1708736523080,"duration":13}},{"uid":"791df139963fef6b","reportUrl":"https://zaelcovsky.github.io/StroyremAutomation/241//#testresult/791df139963fef6b","status":"skipped","statusDetails":"XFAIL При переходе на страницу отзывов может предложено пройти капчу\n\nselenium.common.exceptions.NoSuchElementException: Message: no such element: Unable to locate element: {\"method\":\"xpath\",\"selector\":\"(//a[contains(text(), 'Отзывы')])[3]\"}\n  (Session info: chrome-headless-shell=122.0.6261.69); For documentation on this error, please visit: https://www.selenium.dev/documentation/webdriver/troubleshooting/errors#no-such-element-exception\nStacktrace:\n#0 0x563af2d0d793 <unknown>\n#1 0x563af2a011c6 <unknown>\n#2 0x563af2a4c358 <unknown>\n#3 0x563af2a4c411 <unknown>\n#4 0x563af2a8f934 <unknown>\n#5 0x563af2a6e3fd <unknown>\n#6 0x563af2a8cdd9 <unknown>\n#7 0x563af2a6e173 <unknown>\n#8 0x563af2a3f2d3 <unknown>\n#9 0x563af2a3fc9e <unknown>\n#10 0x563af2cd18cb <unknown>\n#11 0x563af2cd5745 <unknown>\n#12 0x563af2cbe2e1 <unknown>\n#13 0x563af2cd62d2 <unknown>\n#14 0x563af2ca217f <unknown>\n#15 0x563af2cfbdc8 <unknown>\n#16 0x563af2cfbfc3 <unknown>\n#17 0x563af2d0c944 <unknown>\n#18 0x7f5580cab134 <unknown>","time":{"start":1708650147823,"stop":1708650147837,"duration":14}},{"uid":"961e1c1486fbaa62","reportUrl":"https://zaelcovsky.github.io/StroyremAutomation/240//#testresult/961e1c1486fbaa62","status":"skipped","statusDetails":"XFAIL При переходе на страницу отзывов может предложено пройти капчу\n\nselenium.common.exceptions.NoSuchElementException: Message: no such element: Unable to locate element: {\"method\":\"xpath\",\"selector\":\"(//a[contains(text(), 'Отзывы')])[3]\"}\n  (Session info: chrome-headless-shell=122.0.6261.57); For documentation on this error, please visit: https://www.selenium.dev/documentation/webdriver/troubleshooting/errors#no-such-element-exception\nStacktrace:\n#0 0x55ae569ef7d3 <unknown>\n#1 0x55ae566e31c6 <unknown>\n#2 0x55ae5672e358 <unknown>\n#3 0x55ae5672e411 <unknown>\n#4 0x55ae56771934 <unknown>\n#5 0x55ae567503fd <unknown>\n#6 0x55ae5676edd9 <unknown>\n#7 0x55ae56750173 <unknown>\n#8 0x55ae567212d3 <unknown>\n#9 0x55ae56721c9e <unknown>\n#10 0x55ae569b390b <unknown>\n#11 0x55ae569b7785 <unknown>\n#12 0x55ae569a0321 <unknown>\n#13 0x55ae569b8312 <unknown>\n#14 0x55ae569841bf <unknown>\n#15 0x55ae569dde08 <unknown>\n#16 0x55ae569de003 <unknown>\n#17 0x55ae569ee984 <unknown>\n#18 0x7f97c9be8134 <unknown>","time":{"start":1708563783700,"stop":1708563783713,"duration":13}}]},"tags":["@pytest.mark.xfail(reason='При переходе на страницу отзывов может предложено пройти капчу')","smoke_test"]},"source":"35b321728892e404.json","parameterValues":["'https://test2.stroyrem-nn.ru/'"]}