{"uid":"f024cc02d4290586","name":"TD 023 Доставка товара весом до 6200кг. в синей зоне","fullName":"tests.delivery.test_delivery_calculation.TestDeliveryPageCalculation#test_positive_delivery_blue_zone_smoke","historyId":"fe4664de905f76a94b6350f1590cde09","time":{"start":1710292273179,"stop":1710292273605,"duration":426},"status":"skipped","statusMessage":"XFAIL\n\nselenium.common.exceptions.NoSuchElementException: Message: no such element: Unable to locate element: {\"method\":\"xpath\",\"selector\":\"(//a[@class='add-to-cart yellow-btn'])[1]\"}\n  (Session info: chrome-headless-shell=122.0.6261.128); For documentation on this error, please visit: https://www.selenium.dev/documentation/webdriver/troubleshooting/errors#no-such-element-exception\nStacktrace:\n#0 0x56094f035f33 <unknown>\n#1 0x56094ed2dce6 <unknown>\n#2 0x56094ed78e48 <unknown>\n#3 0x56094ed78f01 <unknown>\n#4 0x56094edbc3f4 <unknown>\n#5 0x56094ed9aedd <unknown>\n#6 0x56094edb9899 <unknown>\n#7 0x56094ed9ac53 <unknown>\n#8 0x56094ed6bdb3 <unknown>\n#9 0x56094ed6c77e <unknown>\n#10 0x56094effb86b <unknown>\n#11 0x56094efff885 <unknown>\n#12 0x56094efe9181 <unknown>\n#13 0x56094f000412 <unknown>\n#14 0x56094efcd25f <unknown>\n#15 0x56094f024528 <unknown>\n#16 0x56094f024723 <unknown>\n#17 0x56094f0350e4 <unknown>\n#18 0x7fa386c18134 <unknown>","statusTrace":"self = <tests.delivery.test_delivery_calculation.TestDeliveryPageCalculation object at 0x7f09258c0250>\ndriver = <selenium.webdriver.chrome.webdriver.WebDriver (session=\"ff27d8eeb0317fc3522301f2c5501056\")>\nurl = 'https://sandboxtest.stroyrem-nn.ru/', case_id = 'TD 023'\nlink_item = 'products/shtukaturka-gipsovaya-aksolit-m50-30-kg-mashinnogo-naneseniya'\namount = 206, weight = 6200, standard = 3300, in_time = 7500, all_time = 8000\n\n    @pytest.mark.parametrize('case_id, link_item, amount, weight, standard, in_time, all_time', [\n        (\"TD 015\", bundeks_25, 1, 30, 650, 2390, 3320),\n        pytest.param(\n            \"TD 016\", aksolit_30, 8, 300, 650, 2390, 3320,\n            marks=pytest.mark.xfail(reson=\"Цена доставки: - - -\")\n        ),\n        (\"TD 017\", aksolit_30, 13, 400, 650, 2390, 3320),\n        (\"TD 018\", aksolit_30, 16, 500, 850, 2490, 3320),\n        (\"TD 019\", aksolit_30, 25, 1700, 1150, 2490, 3320),\n        (\"TD 020\", aksolit_30, 66, 2000, 1500, 2990, 3650),\n        (\"TD 021\", aksolit_30, 149, 4500, 2600, 4380, 4890),\n        (\"TD 022\", aksolit_30, 166, 5000, 2800, 5490, 5980),\n        pytest.param(\n            \"TD 023\", aksolit_30, 206, 6200, 3300, 7500, 8000,\n            marks=pytest.mark.xfail(reson=\"Цена доставки: 4300 9900 11440\")\n        ),\n        (\"TD 024\", aksolit_30, 299, 9000, 4300, 9900, 11440),\n        (\"TD 025\", aksolit_30, 333, 10000, 7000, 13900, 15900),\n        pytest.param(\n            \"TD 026\", aksolit_30, 366, 11000, 8000, 14900, 19900,\n            marks=pytest.mark.xfail(reson=\"Цена доставки: 7000 13900 15900\")\n        ),\n        pytest.param(\n            \"TD 027\", aksolit_30, 666, 20000, 14000, 16900, 23900,\n            marks=pytest.mark.xfail(reson=\"Цена доставки: 7000 13900 15900\")\n        )\n    ])\n    @pytest.mark.smoke\n    def test_positive_delivery_blue_zone_smoke(\n            self, driver, url, case_id, link_item, amount, weight, standard, in_time, all_time\n    ):\n        allure.dynamic.title(f\"{case_id} Доставка товара весом до {weight}кг. в синей зоне\")\n    \n        driver.get(f'{url}{link_item}')\n        item_page = ItemPage(driver)\n>       item_page.add_item_to_cart(amount).click_on_cart()\n\ntests/delivery/test_delivery_calculation.py:130: \n_ _ _ _ _ _ _ _ _ _ _ _ _ _ _ _ _ _ _ _ _ _ _ _ _ _ _ _ _ _ _ _ _ _ _ _ _ _ _ _ \npages/item_page.py:40: in add_item_to_cart\n    self.find_element(self._add_item).click()\nbase/seleniumbase.py:17: in find_element\n    return self.driver.find_element(*locator)\n/usr/local/lib/python3.11/site-packages/selenium/webdriver/remote/webdriver.py:740: in find_element\n    return self.execute(Command.FIND_ELEMENT, {\"using\": by, \"value\": value})[\"value\"]\n/usr/local/lib/python3.11/site-packages/selenium/webdriver/remote/webdriver.py:346: in execute\n    self.error_handler.check_response(response)\n_ _ _ _ _ _ _ _ _ _ _ _ _ _ _ _ _ _ _ _ _ _ _ _ _ _ _ _ _ _ _ _ _ _ _ _ _ _ _ _ \n\nself = <selenium.webdriver.remote.errorhandler.ErrorHandler object at 0x7f0924ec51d0>\nresponse = {'status': 404, 'value': '{\"value\":{\"error\":\"no such element\",\"message\":\"no such element: Unable to locate element: {\\...\\\\n#16 0x56094f024723 \\\\u003Cunknown>\\\\n#17 0x56094f0350e4 \\\\u003Cunknown>\\\\n#18 0x7fa386c18134 \\\\u003Cunknown>\\\\n\"}}'}\n\n    def check_response(self, response: Dict[str, Any]) -> None:\n        \"\"\"Checks that a JSON response from the WebDriver does not have an\n        error.\n    \n        :Args:\n         - response - The JSON response from the WebDriver server as a dictionary\n           object.\n    \n        :Raises: If the response contains an error message.\n        \"\"\"\n        status = response.get(\"status\", None)\n        if not status or status == ErrorCode.SUCCESS:\n            return\n        value = None\n        message = response.get(\"message\", \"\")\n        screen: str = response.get(\"screen\", \"\")\n        stacktrace = None\n        if isinstance(status, int):\n            value_json = response.get(\"value\", None)\n            if value_json and isinstance(value_json, str):\n                import json\n    \n                try:\n                    value = json.loads(value_json)\n                    if len(value) == 1:\n                        value = value[\"value\"]\n                    status = value.get(\"error\", None)\n                    if not status:\n                        status = value.get(\"status\", ErrorCode.UNKNOWN_ERROR)\n                        message = value.get(\"value\") or value.get(\"message\")\n                        if not isinstance(message, str):\n                            value = message\n                            message = message.get(\"message\")\n                    else:\n                        message = value.get(\"message\", None)\n                except ValueError:\n                    pass\n    \n        exception_class: Type[WebDriverException]\n        if status in ErrorCode.NO_SUCH_ELEMENT:\n            exception_class = NoSuchElementException\n        elif status in ErrorCode.NO_SUCH_FRAME:\n            exception_class = NoSuchFrameException\n        elif status in ErrorCode.NO_SUCH_SHADOW_ROOT:\n            exception_class = NoSuchShadowRootException\n        elif status in ErrorCode.NO_SUCH_WINDOW:\n            exception_class = NoSuchWindowException\n        elif status in ErrorCode.STALE_ELEMENT_REFERENCE:\n            exception_class = StaleElementReferenceException\n        elif status in ErrorCode.ELEMENT_NOT_VISIBLE:\n            exception_class = ElementNotVisibleException\n        elif status in ErrorCode.INVALID_ELEMENT_STATE:\n            exception_class = InvalidElementStateException\n        elif (\n            status in ErrorCode.INVALID_SELECTOR\n            or status in ErrorCode.INVALID_XPATH_SELECTOR\n            or status in ErrorCode.INVALID_XPATH_SELECTOR_RETURN_TYPER\n        ):\n            exception_class = InvalidSelectorException\n        elif status in ErrorCode.ELEMENT_IS_NOT_SELECTABLE:\n            exception_class = ElementNotSelectableException\n        elif status in ErrorCode.ELEMENT_NOT_INTERACTABLE:\n            exception_class = ElementNotInteractableException\n        elif status in ErrorCode.INVALID_COOKIE_DOMAIN:\n            exception_class = InvalidCookieDomainException\n        elif status in ErrorCode.UNABLE_TO_SET_COOKIE:\n            exception_class = UnableToSetCookieException\n        elif status in ErrorCode.TIMEOUT:\n            exception_class = TimeoutException\n        elif status in ErrorCode.SCRIPT_TIMEOUT:\n            exception_class = TimeoutException\n        elif status in ErrorCode.UNKNOWN_ERROR:\n            exception_class = WebDriverException\n        elif status in ErrorCode.UNEXPECTED_ALERT_OPEN:\n            exception_class = UnexpectedAlertPresentException\n        elif status in ErrorCode.NO_ALERT_OPEN:\n            exception_class = NoAlertPresentException\n        elif status in ErrorCode.IME_NOT_AVAILABLE:\n            exception_class = ImeNotAvailableException\n        elif status in ErrorCode.IME_ENGINE_ACTIVATION_FAILED:\n            exception_class = ImeActivationFailedException\n        elif status in ErrorCode.MOVE_TARGET_OUT_OF_BOUNDS:\n            exception_class = MoveTargetOutOfBoundsException\n        elif status in ErrorCode.JAVASCRIPT_ERROR:\n            exception_class = JavascriptException\n        elif status in ErrorCode.SESSION_NOT_CREATED:\n            exception_class = SessionNotCreatedException\n        elif status in ErrorCode.INVALID_ARGUMENT:\n            exception_class = InvalidArgumentException\n        elif status in ErrorCode.NO_SUCH_COOKIE:\n            exception_class = NoSuchCookieException\n        elif status in ErrorCode.UNABLE_TO_CAPTURE_SCREEN:\n            exception_class = ScreenshotException\n        elif status in ErrorCode.ELEMENT_CLICK_INTERCEPTED:\n            exception_class = ElementClickInterceptedException\n        elif status in ErrorCode.INSECURE_CERTIFICATE:\n            exception_class = InsecureCertificateException\n        elif status in ErrorCode.INVALID_COORDINATES:\n            exception_class = InvalidCoordinatesException\n        elif status in ErrorCode.INVALID_SESSION_ID:\n            exception_class = InvalidSessionIdException\n        elif status in ErrorCode.UNKNOWN_METHOD:\n            exception_class = UnknownMethodException\n        else:\n            exception_class = WebDriverException\n        if not value:\n            value = response[\"value\"]\n        if isinstance(value, str):\n            raise exception_class(value)\n        if message == \"\" and \"message\" in value:\n            message = value[\"message\"]\n    \n        screen = None  # type: ignore[assignment]\n        if \"screen\" in value:\n            screen = value[\"screen\"]\n    \n        stacktrace = None\n        st_value = value.get(\"stackTrace\") or value.get(\"stacktrace\")\n        if st_value:\n            if isinstance(st_value, str):\n                stacktrace = st_value.split(\"\\n\")\n            else:\n                stacktrace = []\n                try:\n                    for frame in st_value:\n                        line = frame.get(\"lineNumber\", \"\")\n                        file = frame.get(\"fileName\", \"<anonymous>\")\n                        if line:\n                            file = f\"{file}:{line}\"\n                        meth = frame.get(\"methodName\", \"<anonymous>\")\n                        if \"className\" in frame:\n                            meth = f\"{frame['className']}.{meth}\"\n                        msg = \"    at %s (%s)\"\n                        msg = msg % (meth, file)\n                        stacktrace.append(msg)\n                except TypeError:\n                    pass\n        if exception_class == UnexpectedAlertPresentException:\n            alert_text = None\n            if \"data\" in value:\n                alert_text = value[\"data\"].get(\"text\")\n            elif \"alert\" in value:\n                alert_text = value[\"alert\"].get(\"text\")\n            raise exception_class(message, screen, stacktrace, alert_text)  # type: ignore[call-arg]  # mypy is not smart enough here\n>       raise exception_class(message, screen, stacktrace)\nE       selenium.common.exceptions.NoSuchElementException: Message: no such element: Unable to locate element: {\"method\":\"xpath\",\"selector\":\"(//a[@class='add-to-cart yellow-btn'])[1]\"}\nE         (Session info: chrome-headless-shell=122.0.6261.128); For documentation on this error, please visit: https://www.selenium.dev/documentation/webdriver/troubleshooting/errors#no-such-element-exception\nE       Stacktrace:\nE       #0 0x56094f035f33 <unknown>\nE       #1 0x56094ed2dce6 <unknown>\nE       #2 0x56094ed78e48 <unknown>\nE       #3 0x56094ed78f01 <unknown>\nE       #4 0x56094edbc3f4 <unknown>\nE       #5 0x56094ed9aedd <unknown>\nE       #6 0x56094edb9899 <unknown>\nE       #7 0x56094ed9ac53 <unknown>\nE       #8 0x56094ed6bdb3 <unknown>\nE       #9 0x56094ed6c77e <unknown>\nE       #10 0x56094effb86b <unknown>\nE       #11 0x56094efff885 <unknown>\nE       #12 0x56094efe9181 <unknown>\nE       #13 0x56094f000412 <unknown>\nE       #14 0x56094efcd25f <unknown>\nE       #15 0x56094f024528 <unknown>\nE       #16 0x56094f024723 <unknown>\nE       #17 0x56094f0350e4 <unknown>\nE       #18 0x7fa386c18134 <unknown>\n\n/usr/local/lib/python3.11/site-packages/selenium/webdriver/remote/errorhandler.py:245: NoSuchElementException","flaky":false,"newFailed":false,"newBroken":false,"newPassed":false,"retriesCount":0,"retriesStatusChange":false,"beforeStages":[{"name":"_session_faker","time":{"start":1710291819632,"stop":1710291819720,"duration":88},"status":"passed","steps":[],"attachments":[],"parameters":[],"shouldDisplayMessage":false,"stepsCount":0,"attachmentsCount":0,"hasContent":false,"attachmentStep":false},{"name":"clear_allure_results_folder","time":{"start":1710291819720,"stop":1710291819720,"duration":0},"status":"passed","steps":[],"attachments":[],"parameters":[],"shouldDisplayMessage":false,"stepsCount":0,"attachmentsCount":0,"hasContent":false,"attachmentStep":false},{"name":"driver","time":{"start":1710292272402,"stop":1710292273178,"duration":776},"status":"passed","steps":[],"attachments":[],"parameters":[],"shouldDisplayMessage":false,"stepsCount":0,"attachmentsCount":0,"hasContent":false,"attachmentStep":false},{"name":"setup","time":{"start":1710292273178,"stop":1710292273178,"duration":0},"status":"passed","steps":[],"attachments":[],"parameters":[],"shouldDisplayMessage":false,"stepsCount":0,"attachmentsCount":0,"hasContent":false,"attachmentStep":false}],"testStage":{"status":"skipped","statusMessage":"XFAIL\n\nselenium.common.exceptions.NoSuchElementException: Message: no such element: Unable to locate element: {\"method\":\"xpath\",\"selector\":\"(//a[@class='add-to-cart yellow-btn'])[1]\"}\n  (Session info: chrome-headless-shell=122.0.6261.128); For documentation on this error, please visit: https://www.selenium.dev/documentation/webdriver/troubleshooting/errors#no-such-element-exception\nStacktrace:\n#0 0x56094f035f33 <unknown>\n#1 0x56094ed2dce6 <unknown>\n#2 0x56094ed78e48 <unknown>\n#3 0x56094ed78f01 <unknown>\n#4 0x56094edbc3f4 <unknown>\n#5 0x56094ed9aedd <unknown>\n#6 0x56094edb9899 <unknown>\n#7 0x56094ed9ac53 <unknown>\n#8 0x56094ed6bdb3 <unknown>\n#9 0x56094ed6c77e <unknown>\n#10 0x56094effb86b <unknown>\n#11 0x56094efff885 <unknown>\n#12 0x56094efe9181 <unknown>\n#13 0x56094f000412 <unknown>\n#14 0x56094efcd25f <unknown>\n#15 0x56094f024528 <unknown>\n#16 0x56094f024723 <unknown>\n#17 0x56094f0350e4 <unknown>\n#18 0x7fa386c18134 <unknown>","statusTrace":"self = <tests.delivery.test_delivery_calculation.TestDeliveryPageCalculation object at 0x7f09258c0250>\ndriver = <selenium.webdriver.chrome.webdriver.WebDriver (session=\"ff27d8eeb0317fc3522301f2c5501056\")>\nurl = 'https://sandboxtest.stroyrem-nn.ru/', case_id = 'TD 023'\nlink_item = 'products/shtukaturka-gipsovaya-aksolit-m50-30-kg-mashinnogo-naneseniya'\namount = 206, weight = 6200, standard = 3300, in_time = 7500, all_time = 8000\n\n    @pytest.mark.parametrize('case_id, link_item, amount, weight, standard, in_time, all_time', [\n        (\"TD 015\", bundeks_25, 1, 30, 650, 2390, 3320),\n        pytest.param(\n            \"TD 016\", aksolit_30, 8, 300, 650, 2390, 3320,\n            marks=pytest.mark.xfail(reson=\"Цена доставки: - - -\")\n        ),\n        (\"TD 017\", aksolit_30, 13, 400, 650, 2390, 3320),\n        (\"TD 018\", aksolit_30, 16, 500, 850, 2490, 3320),\n        (\"TD 019\", aksolit_30, 25, 1700, 1150, 2490, 3320),\n        (\"TD 020\", aksolit_30, 66, 2000, 1500, 2990, 3650),\n        (\"TD 021\", aksolit_30, 149, 4500, 2600, 4380, 4890),\n        (\"TD 022\", aksolit_30, 166, 5000, 2800, 5490, 5980),\n        pytest.param(\n            \"TD 023\", aksolit_30, 206, 6200, 3300, 7500, 8000,\n            marks=pytest.mark.xfail(reson=\"Цена доставки: 4300 9900 11440\")\n        ),\n        (\"TD 024\", aksolit_30, 299, 9000, 4300, 9900, 11440),\n        (\"TD 025\", aksolit_30, 333, 10000, 7000, 13900, 15900),\n        pytest.param(\n            \"TD 026\", aksolit_30, 366, 11000, 8000, 14900, 19900,\n            marks=pytest.mark.xfail(reson=\"Цена доставки: 7000 13900 15900\")\n        ),\n        pytest.param(\n            \"TD 027\", aksolit_30, 666, 20000, 14000, 16900, 23900,\n            marks=pytest.mark.xfail(reson=\"Цена доставки: 7000 13900 15900\")\n        )\n    ])\n    @pytest.mark.smoke\n    def test_positive_delivery_blue_zone_smoke(\n            self, driver, url, case_id, link_item, amount, weight, standard, in_time, all_time\n    ):\n        allure.dynamic.title(f\"{case_id} Доставка товара весом до {weight}кг. в синей зоне\")\n    \n        driver.get(f'{url}{link_item}')\n        item_page = ItemPage(driver)\n>       item_page.add_item_to_cart(amount).click_on_cart()\n\ntests/delivery/test_delivery_calculation.py:130: \n_ _ _ _ _ _ _ _ _ _ _ _ _ _ _ _ _ _ _ _ _ _ _ _ _ _ _ _ _ _ _ _ _ _ _ _ _ _ _ _ \npages/item_page.py:40: in add_item_to_cart\n    self.find_element(self._add_item).click()\nbase/seleniumbase.py:17: in find_element\n    return self.driver.find_element(*locator)\n/usr/local/lib/python3.11/site-packages/selenium/webdriver/remote/webdriver.py:740: in find_element\n    return self.execute(Command.FIND_ELEMENT, {\"using\": by, \"value\": value})[\"value\"]\n/usr/local/lib/python3.11/site-packages/selenium/webdriver/remote/webdriver.py:346: in execute\n    self.error_handler.check_response(response)\n_ _ _ _ _ _ _ _ _ _ _ _ _ _ _ _ _ _ _ _ _ _ _ _ _ _ _ _ _ _ _ _ _ _ _ _ _ _ _ _ \n\nself = <selenium.webdriver.remote.errorhandler.ErrorHandler object at 0x7f0924ec51d0>\nresponse = {'status': 404, 'value': '{\"value\":{\"error\":\"no such element\",\"message\":\"no such element: Unable to locate element: {\\...\\\\n#16 0x56094f024723 \\\\u003Cunknown>\\\\n#17 0x56094f0350e4 \\\\u003Cunknown>\\\\n#18 0x7fa386c18134 \\\\u003Cunknown>\\\\n\"}}'}\n\n    def check_response(self, response: Dict[str, Any]) -> None:\n        \"\"\"Checks that a JSON response from the WebDriver does not have an\n        error.\n    \n        :Args:\n         - response - The JSON response from the WebDriver server as a dictionary\n           object.\n    \n        :Raises: If the response contains an error message.\n        \"\"\"\n        status = response.get(\"status\", None)\n        if not status or status == ErrorCode.SUCCESS:\n            return\n        value = None\n        message = response.get(\"message\", \"\")\n        screen: str = response.get(\"screen\", \"\")\n        stacktrace = None\n        if isinstance(status, int):\n            value_json = response.get(\"value\", None)\n            if value_json and isinstance(value_json, str):\n                import json\n    \n                try:\n                    value = json.loads(value_json)\n                    if len(value) == 1:\n                        value = value[\"value\"]\n                    status = value.get(\"error\", None)\n                    if not status:\n                        status = value.get(\"status\", ErrorCode.UNKNOWN_ERROR)\n                        message = value.get(\"value\") or value.get(\"message\")\n                        if not isinstance(message, str):\n                            value = message\n                            message = message.get(\"message\")\n                    else:\n                        message = value.get(\"message\", None)\n                except ValueError:\n                    pass\n    \n        exception_class: Type[WebDriverException]\n        if status in ErrorCode.NO_SUCH_ELEMENT:\n            exception_class = NoSuchElementException\n        elif status in ErrorCode.NO_SUCH_FRAME:\n            exception_class = NoSuchFrameException\n        elif status in ErrorCode.NO_SUCH_SHADOW_ROOT:\n            exception_class = NoSuchShadowRootException\n        elif status in ErrorCode.NO_SUCH_WINDOW:\n            exception_class = NoSuchWindowException\n        elif status in ErrorCode.STALE_ELEMENT_REFERENCE:\n            exception_class = StaleElementReferenceException\n        elif status in ErrorCode.ELEMENT_NOT_VISIBLE:\n            exception_class = ElementNotVisibleException\n        elif status in ErrorCode.INVALID_ELEMENT_STATE:\n            exception_class = InvalidElementStateException\n        elif (\n            status in ErrorCode.INVALID_SELECTOR\n            or status in ErrorCode.INVALID_XPATH_SELECTOR\n            or status in ErrorCode.INVALID_XPATH_SELECTOR_RETURN_TYPER\n        ):\n            exception_class = InvalidSelectorException\n        elif status in ErrorCode.ELEMENT_IS_NOT_SELECTABLE:\n            exception_class = ElementNotSelectableException\n        elif status in ErrorCode.ELEMENT_NOT_INTERACTABLE:\n            exception_class = ElementNotInteractableException\n        elif status in ErrorCode.INVALID_COOKIE_DOMAIN:\n            exception_class = InvalidCookieDomainException\n        elif status in ErrorCode.UNABLE_TO_SET_COOKIE:\n            exception_class = UnableToSetCookieException\n        elif status in ErrorCode.TIMEOUT:\n            exception_class = TimeoutException\n        elif status in ErrorCode.SCRIPT_TIMEOUT:\n            exception_class = TimeoutException\n        elif status in ErrorCode.UNKNOWN_ERROR:\n            exception_class = WebDriverException\n        elif status in ErrorCode.UNEXPECTED_ALERT_OPEN:\n            exception_class = UnexpectedAlertPresentException\n        elif status in ErrorCode.NO_ALERT_OPEN:\n            exception_class = NoAlertPresentException\n        elif status in ErrorCode.IME_NOT_AVAILABLE:\n            exception_class = ImeNotAvailableException\n        elif status in ErrorCode.IME_ENGINE_ACTIVATION_FAILED:\n            exception_class = ImeActivationFailedException\n        elif status in ErrorCode.MOVE_TARGET_OUT_OF_BOUNDS:\n            exception_class = MoveTargetOutOfBoundsException\n        elif status in ErrorCode.JAVASCRIPT_ERROR:\n            exception_class = JavascriptException\n        elif status in ErrorCode.SESSION_NOT_CREATED:\n            exception_class = SessionNotCreatedException\n        elif status in ErrorCode.INVALID_ARGUMENT:\n            exception_class = InvalidArgumentException\n        elif status in ErrorCode.NO_SUCH_COOKIE:\n            exception_class = NoSuchCookieException\n        elif status in ErrorCode.UNABLE_TO_CAPTURE_SCREEN:\n            exception_class = ScreenshotException\n        elif status in ErrorCode.ELEMENT_CLICK_INTERCEPTED:\n            exception_class = ElementClickInterceptedException\n        elif status in ErrorCode.INSECURE_CERTIFICATE:\n            exception_class = InsecureCertificateException\n        elif status in ErrorCode.INVALID_COORDINATES:\n            exception_class = InvalidCoordinatesException\n        elif status in ErrorCode.INVALID_SESSION_ID:\n            exception_class = InvalidSessionIdException\n        elif status in ErrorCode.UNKNOWN_METHOD:\n            exception_class = UnknownMethodException\n        else:\n            exception_class = WebDriverException\n        if not value:\n            value = response[\"value\"]\n        if isinstance(value, str):\n            raise exception_class(value)\n        if message == \"\" and \"message\" in value:\n            message = value[\"message\"]\n    \n        screen = None  # type: ignore[assignment]\n        if \"screen\" in value:\n            screen = value[\"screen\"]\n    \n        stacktrace = None\n        st_value = value.get(\"stackTrace\") or value.get(\"stacktrace\")\n        if st_value:\n            if isinstance(st_value, str):\n                stacktrace = st_value.split(\"\\n\")\n            else:\n                stacktrace = []\n                try:\n                    for frame in st_value:\n                        line = frame.get(\"lineNumber\", \"\")\n                        file = frame.get(\"fileName\", \"<anonymous>\")\n                        if line:\n                            file = f\"{file}:{line}\"\n                        meth = frame.get(\"methodName\", \"<anonymous>\")\n                        if \"className\" in frame:\n                            meth = f\"{frame['className']}.{meth}\"\n                        msg = \"    at %s (%s)\"\n                        msg = msg % (meth, file)\n                        stacktrace.append(msg)\n                except TypeError:\n                    pass\n        if exception_class == UnexpectedAlertPresentException:\n            alert_text = None\n            if \"data\" in value:\n                alert_text = value[\"data\"].get(\"text\")\n            elif \"alert\" in value:\n                alert_text = value[\"alert\"].get(\"text\")\n            raise exception_class(message, screen, stacktrace, alert_text)  # type: ignore[call-arg]  # mypy is not smart enough here\n>       raise exception_class(message, screen, stacktrace)\nE       selenium.common.exceptions.NoSuchElementException: Message: no such element: Unable to locate element: {\"method\":\"xpath\",\"selector\":\"(//a[@class='add-to-cart yellow-btn'])[1]\"}\nE         (Session info: chrome-headless-shell=122.0.6261.128); For documentation on this error, please visit: https://www.selenium.dev/documentation/webdriver/troubleshooting/errors#no-such-element-exception\nE       Stacktrace:\nE       #0 0x56094f035f33 <unknown>\nE       #1 0x56094ed2dce6 <unknown>\nE       #2 0x56094ed78e48 <unknown>\nE       #3 0x56094ed78f01 <unknown>\nE       #4 0x56094edbc3f4 <unknown>\nE       #5 0x56094ed9aedd <unknown>\nE       #6 0x56094edb9899 <unknown>\nE       #7 0x56094ed9ac53 <unknown>\nE       #8 0x56094ed6bdb3 <unknown>\nE       #9 0x56094ed6c77e <unknown>\nE       #10 0x56094effb86b <unknown>\nE       #11 0x56094efff885 <unknown>\nE       #12 0x56094efe9181 <unknown>\nE       #13 0x56094f000412 <unknown>\nE       #14 0x56094efcd25f <unknown>\nE       #15 0x56094f024528 <unknown>\nE       #16 0x56094f024723 <unknown>\nE       #17 0x56094f0350e4 <unknown>\nE       #18 0x7fa386c18134 <unknown>\n\n/usr/local/lib/python3.11/site-packages/selenium/webdriver/remote/errorhandler.py:245: NoSuchElementException","steps":[{"name":"Добавляем товар в корзину в количестве 206","time":{"start":1710292273589,"stop":1710292273604,"duration":15},"status":"broken","statusMessage":"selenium.common.exceptions.NoSuchElementException: Message: no such element: Unable to locate element: {\"method\":\"xpath\",\"selector\":\"(//a[@class='add-to-cart yellow-btn'])[1]\"}\n  (Session info: chrome-headless-shell=122.0.6261.128); For documentation on this error, please visit: https://www.selenium.dev/documentation/webdriver/troubleshooting/errors#no-such-element-exception\nStacktrace:\n#0 0x56094f035f33 <unknown>\n#1 0x56094ed2dce6 <unknown>\n#2 0x56094ed78e48 <unknown>\n#3 0x56094ed78f01 <unknown>\n#4 0x56094edbc3f4 <unknown>\n#5 0x56094ed9aedd <unknown>\n#6 0x56094edb9899 <unknown>\n#7 0x56094ed9ac53 <unknown>\n#8 0x56094ed6bdb3 <unknown>\n#9 0x56094ed6c77e <unknown>\n#10 0x56094effb86b <unknown>\n#11 0x56094efff885 <unknown>\n#12 0x56094efe9181 <unknown>\n#13 0x56094f000412 <unknown>\n#14 0x56094efcd25f <unknown>\n#15 0x56094f024528 <unknown>\n#16 0x56094f024723 <unknown>\n#17 0x56094f0350e4 <unknown>\n#18 0x7fa386c18134 <unknown>\n\n","statusTrace":"  File \"/usr/local/lib/python3.11/site-packages/allure_commons/_allure.py\", line 192, in impl\n    return func(*a, **kw)\n           ^^^^^^^^^^^^^^\n  File \"/app/pages/item_page.py\", line 40, in add_item_to_cart\n    self.find_element(self._add_item).click()\n    ^^^^^^^^^^^^^^^^^^^^^^^^^^^^^^^^^\n  File \"/app/base/seleniumbase.py\", line 17, in find_element\n    return self.driver.find_element(*locator)\n           ^^^^^^^^^^^^^^^^^^^^^^^^^^^^^^^^^^\n  File \"/usr/local/lib/python3.11/site-packages/selenium/webdriver/remote/webdriver.py\", line 740, in find_element\n    return self.execute(Command.FIND_ELEMENT, {\"using\": by, \"value\": value})[\"value\"]\n           ^^^^^^^^^^^^^^^^^^^^^^^^^^^^^^^^^^^^^^^^^^^^^^^^^^^^^^^^^^^^^^^^^\n  File \"/usr/local/lib/python3.11/site-packages/selenium/webdriver/remote/webdriver.py\", line 346, in execute\n    self.error_handler.check_response(response)\n  File \"/usr/local/lib/python3.11/site-packages/selenium/webdriver/remote/errorhandler.py\", line 245, in check_response\n    raise exception_class(message, screen, stacktrace)\n","steps":[],"attachments":[],"parameters":[{"name":"amount","value":"206"}],"shouldDisplayMessage":true,"stepsCount":0,"attachmentsCount":0,"hasContent":true,"attachmentStep":false}],"attachments":[{"uid":"dee6aafd70b75a04","name":"Screenshot","source":"dee6aafd70b75a04.png","type":"image/png","size":5862},{"uid":"92ff1c96525f1de","name":"HTML source","source":"92ff1c96525f1de.html","type":"text/html","size":39}],"parameters":[],"shouldDisplayMessage":true,"stepsCount":1,"attachmentsCount":2,"hasContent":true,"attachmentStep":false},"afterStages":[{"name":"setup::0","time":{"start":1710292273710,"stop":1710292273711,"duration":1},"status":"passed","steps":[],"attachments":[],"parameters":[],"shouldDisplayMessage":false,"stepsCount":0,"attachmentsCount":0,"hasContent":false,"attachmentStep":false},{"name":"driver::0","time":{"start":1710292273711,"stop":1710292273772,"duration":61},"status":"passed","steps":[],"attachments":[],"parameters":[],"shouldDisplayMessage":false,"stepsCount":0,"attachmentsCount":0,"hasContent":false,"attachmentStep":false}],"labels":[{"name":"epic","value":"Delivery Page - calculation"},{"name":"tag","value":"smoke"},{"name":"tag","value":"@pytest.mark.xfail(reson='Цена доставки: 4300 9900 11440')"},{"name":"parentSuite","value":"tests.delivery"},{"name":"suite","value":"test_delivery_calculation"},{"name":"subSuite","value":"TestDeliveryPageCalculation"},{"name":"host","value":"178280cee62d"},{"name":"thread","value":"1-MainThread"},{"name":"framework","value":"pytest"},{"name":"language","value":"cpython3"},{"name":"package","value":"tests.delivery.test_delivery_calculation"},{"name":"resultFormat","value":"allure2"}],"parameters":[{"name":"all_time","value":"8000"},{"name":"amount","value":"206"},{"name":"case_id","value":"'TD 023'"},{"name":"in_time","value":"7500"},{"name":"link_item","value":"'products/shtukaturka-gipsovaya-aksolit-m50-30-kg-mashinnogo-naneseniya'"},{"name":"standard","value":"3300"},{"name":"url","value":"'https://sandboxtest.stroyrem-nn.ru/'"},{"name":"weight","value":"6200"}],"links":[],"hidden":false,"retry":false,"extra":{"severity":"normal","retries":[],"categories":[],"history":{"statistic":{"failed":0,"broken":0,"skipped":196,"passed":0,"unknown":0,"total":196},"items":[{"uid":"a92a6aa6f3b99296","reportUrl":"https://zaelcovsky.github.io/StroyremAutomation/259//#testresult/a92a6aa6f3b99296","status":"skipped","statusDetails":"XFAIL\n\nselenium.common.exceptions.NoSuchElementException: Message: no such element: Unable to locate element: {\"method\":\"xpath\",\"selector\":\"(//a[@class='add-to-cart yellow-btn'])[1]\"}\n  (Session info: chrome-headless-shell=122.0.6261.111); For documentation on this error, please visit: https://www.selenium.dev/documentation/webdriver/troubleshooting/errors#no-such-element-exception\nStacktrace:\n#0 0x5c1024d33ec3 <unknown>\n#1 0x5c1024a2bce6 <unknown>\n#2 0x5c1024a76e48 <unknown>\n#3 0x5c1024a76f01 <unknown>\n#4 0x5c1024aba3f4 <unknown>\n#5 0x5c1024a98edd <unknown>\n#6 0x5c1024ab7899 <unknown>\n#7 0x5c1024a98c53 <unknown>\n#8 0x5c1024a69db3 <unknown>\n#9 0x5c1024a6a77e <unknown>\n#10 0x5c1024cf97fb <unknown>\n#11 0x5c1024cfd815 <unknown>\n#12 0x5c1024ce7111 <unknown>\n#13 0x5c1024cfe3a2 <unknown>\n#14 0x5c1024ccb1ef <unknown>\n#15 0x5c1024d224b8 <unknown>\n#16 0x5c1024d226b3 <unknown>\n#17 0x5c1024d33074 <unknown>\n#18 0x70d9099f1134 <unknown>","time":{"start":1710205644313,"stop":1710205644647,"duration":334}},{"uid":"a27db5fcc5e376cb","reportUrl":"https://zaelcovsky.github.io/StroyremAutomation/258//#testresult/a27db5fcc5e376cb","status":"skipped","statusDetails":"XFAIL\n\nselenium.common.exceptions.NoSuchElementException: Message: no such element: Unable to locate element: {\"method\":\"xpath\",\"selector\":\"(//a[@class='add-to-cart yellow-btn'])[1]\"}\n  (Session info: chrome-headless-shell=122.0.6261.111); For documentation on this error, please visit: https://www.selenium.dev/documentation/webdriver/troubleshooting/errors#no-such-element-exception\nStacktrace:\n#0 0x55fe84688ec3 <unknown>\n#1 0x55fe84380ce6 <unknown>\n#2 0x55fe843cbe48 <unknown>\n#3 0x55fe843cbf01 <unknown>\n#4 0x55fe8440f3f4 <unknown>\n#5 0x55fe843ededd <unknown>\n#6 0x55fe8440c899 <unknown>\n#7 0x55fe843edc53 <unknown>\n#8 0x55fe843bedb3 <unknown>\n#9 0x55fe843bf77e <unknown>\n#10 0x55fe8464e7fb <unknown>\n#11 0x55fe84652815 <unknown>\n#12 0x55fe8463c111 <unknown>\n#13 0x55fe846533a2 <unknown>\n#14 0x55fe846201ef <unknown>\n#15 0x55fe846774b8 <unknown>\n#16 0x55fe846776b3 <unknown>\n#17 0x55fe84688074 <unknown>\n#18 0x7fb669771134 <unknown>","time":{"start":1710119319403,"stop":1710119319693,"duration":290}},{"uid":"6cbf6fd643fca69d","reportUrl":"https://zaelcovsky.github.io/StroyremAutomation/257//#testresult/6cbf6fd643fca69d","status":"skipped","statusDetails":"XFAIL\n\nselenium.common.exceptions.NoSuchElementException: Message: no such element: Unable to locate element: {\"method\":\"xpath\",\"selector\":\"(//a[@class='add-to-cart yellow-btn'])[1]\"}\n  (Session info: chrome-headless-shell=122.0.6261.111); For documentation on this error, please visit: https://www.selenium.dev/documentation/webdriver/troubleshooting/errors#no-such-element-exception\nStacktrace:\n#0 0x55c487b2aec3 <unknown>\n#1 0x55c487822ce6 <unknown>\n#2 0x55c48786de48 <unknown>\n#3 0x55c48786df01 <unknown>\n#4 0x55c4878b13f4 <unknown>\n#5 0x55c48788fedd <unknown>\n#6 0x55c4878ae899 <unknown>\n#7 0x55c48788fc53 <unknown>\n#8 0x55c487860db3 <unknown>\n#9 0x55c48786177e <unknown>\n#10 0x55c487af07fb <unknown>\n#11 0x55c487af4815 <unknown>\n#12 0x55c487ade111 <unknown>\n#13 0x55c487af53a2 <unknown>\n#14 0x55c487ac21ef <unknown>\n#15 0x55c487b194b8 <unknown>\n#16 0x55c487b196b3 <unknown>\n#17 0x55c487b2a074 <unknown>\n#18 0x7fbcb16cf134 <unknown>","time":{"start":1710033160709,"stop":1710033161096,"duration":387}},{"uid":"d3dad01c978aa388","reportUrl":"https://zaelcovsky.github.io/StroyremAutomation/256//#testresult/d3dad01c978aa388","status":"skipped","statusDetails":"XFAIL\n\nselenium.common.exceptions.NoSuchElementException: Message: no such element: Unable to locate element: {\"method\":\"xpath\",\"selector\":\"(//a[@class='add-to-cart yellow-btn'])[1]\"}\n  (Session info: chrome-headless-shell=122.0.6261.111); For documentation on this error, please visit: https://www.selenium.dev/documentation/webdriver/troubleshooting/errors#no-such-element-exception\nStacktrace:\n#0 0x55a08fe18ec3 <unknown>\n#1 0x55a08fb10ce6 <unknown>\n#2 0x55a08fb5be48 <unknown>\n#3 0x55a08fb5bf01 <unknown>\n#4 0x55a08fb9f3f4 <unknown>\n#5 0x55a08fb7dedd <unknown>\n#6 0x55a08fb9c899 <unknown>\n#7 0x55a08fb7dc53 <unknown>\n#8 0x55a08fb4edb3 <unknown>\n#9 0x55a08fb4f77e <unknown>\n#10 0x55a08fdde7fb <unknown>\n#11 0x55a08fde2815 <unknown>\n#12 0x55a08fdcc111 <unknown>\n#13 0x55a08fde33a2 <unknown>\n#14 0x55a08fdb01ef <unknown>\n#15 0x55a08fe074b8 <unknown>\n#16 0x55a08fe076b3 <unknown>\n#17 0x55a08fe18074 <unknown>\n#18 0x7f1e63fb7134 <unknown>","time":{"start":1709946411560,"stop":1709946411981,"duration":421}},{"uid":"801e28789576ac92","reportUrl":"https://zaelcovsky.github.io/StroyremAutomation/255//#testresult/801e28789576ac92","status":"skipped","statusDetails":"XFAIL\n\nselenium.common.exceptions.NoSuchElementException: Message: no such element: Unable to locate element: {\"method\":\"xpath\",\"selector\":\"(//a[@class='add-to-cart yellow-btn'])[1]\"}\n  (Session info: chrome-headless-shell=122.0.6261.111); For documentation on this error, please visit: https://www.selenium.dev/documentation/webdriver/troubleshooting/errors#no-such-element-exception\nStacktrace:\n#0 0x55fed78e4ec3 <unknown>\n#1 0x55fed75dcce6 <unknown>\n#2 0x55fed7627e48 <unknown>\n#3 0x55fed7627f01 <unknown>\n#4 0x55fed766b3f4 <unknown>\n#5 0x55fed7649edd <unknown>\n#6 0x55fed7668899 <unknown>\n#7 0x55fed7649c53 <unknown>\n#8 0x55fed761adb3 <unknown>\n#9 0x55fed761b77e <unknown>\n#10 0x55fed78aa7fb <unknown>\n#11 0x55fed78ae815 <unknown>\n#12 0x55fed7898111 <unknown>\n#13 0x55fed78af3a2 <unknown>\n#14 0x55fed787c1ef <unknown>\n#15 0x55fed78d34b8 <unknown>\n#16 0x55fed78d36b3 <unknown>\n#17 0x55fed78e4074 <unknown>\n#18 0x7fae7c193134 <unknown>","time":{"start":1709860047420,"stop":1709860047725,"duration":305}},{"uid":"19bff7fa8c4c83b9","reportUrl":"https://zaelcovsky.github.io/StroyremAutomation/254//#testresult/19bff7fa8c4c83b9","status":"skipped","statusDetails":"XFAIL\n\nselenium.common.exceptions.NoSuchElementException: Message: no such element: Unable to locate element: {\"method\":\"xpath\",\"selector\":\"(//a[@class='add-to-cart yellow-btn'])[1]\"}\n  (Session info: chrome-headless-shell=122.0.6261.94); For documentation on this error, please visit: https://www.selenium.dev/documentation/webdriver/troubleshooting/errors#no-such-element-exception\nStacktrace:\n#0 0x55f3897a1e93 <unknown>\n#1 0x55f389499ce6 <unknown>\n#2 0x55f3894e4e48 <unknown>\n#3 0x55f3894e4f01 <unknown>\n#4 0x55f3895283f4 <unknown>\n#5 0x55f389506edd <unknown>\n#6 0x55f389525899 <unknown>\n#7 0x55f389506c53 <unknown>\n#8 0x55f3894d7db3 <unknown>\n#9 0x55f3894d877e <unknown>\n#10 0x55f3897677cb <unknown>\n#11 0x55f38976b7e5 <unknown>\n#12 0x55f3897550e1 <unknown>\n#13 0x55f38976c372 <unknown>\n#14 0x55f3897391bf <unknown>\n#15 0x55f389790488 <unknown>\n#16 0x55f389790683 <unknown>\n#17 0x55f3897a1044 <unknown>\n#18 0x7fdabb11a134 <unknown>","time":{"start":1709773149527,"stop":1709773149943,"duration":416}},{"uid":"a08c7e92e87ebf08","reportUrl":"https://zaelcovsky.github.io/StroyremAutomation/253//#testresult/a08c7e92e87ebf08","status":"skipped","statusDetails":"XFAIL\n\nselenium.common.exceptions.NoSuchElementException: Message: no such element: Unable to locate element: {\"method\":\"xpath\",\"selector\":\"(//a[@class='add-to-cart yellow-btn'])[1]\"}\n  (Session info: chrome-headless-shell=122.0.6261.94); For documentation on this error, please visit: https://www.selenium.dev/documentation/webdriver/troubleshooting/errors#no-such-element-exception\nStacktrace:\n#0 0x559496950e93 <unknown>\n#1 0x559496648ce6 <unknown>\n#2 0x559496693e48 <unknown>\n#3 0x559496693f01 <unknown>\n#4 0x5594966d73f4 <unknown>\n#5 0x5594966b5edd <unknown>\n#6 0x5594966d4899 <unknown>\n#7 0x5594966b5c53 <unknown>\n#8 0x559496686db3 <unknown>\n#9 0x55949668777e <unknown>\n#10 0x5594969167cb <unknown>\n#11 0x55949691a7e5 <unknown>\n#12 0x5594969040e1 <unknown>\n#13 0x55949691b372 <unknown>\n#14 0x5594968e81bf <unknown>\n#15 0x55949693f488 <unknown>\n#16 0x55949693f683 <unknown>\n#17 0x559496950044 <unknown>\n#18 0x7f551ebc3134 <unknown>","time":{"start":1709687253996,"stop":1709687254295,"duration":299}},{"uid":"a015cd7783a777a8","reportUrl":"https://zaelcovsky.github.io/StroyremAutomation/252//#testresult/a015cd7783a777a8","status":"skipped","statusDetails":"XFAIL\n\nselenium.common.exceptions.NoSuchElementException: Message: no such element: Unable to locate element: {\"method\":\"xpath\",\"selector\":\"(//a[@class='add-to-cart yellow-btn'])[1]\"}\n  (Session info: chrome-headless-shell=122.0.6261.94); For documentation on this error, please visit: https://www.selenium.dev/documentation/webdriver/troubleshooting/errors#no-such-element-exception\nStacktrace:\n#0 0x55df66e0ae93 <unknown>\n#1 0x55df66b02ce6 <unknown>\n#2 0x55df66b4de48 <unknown>\n#3 0x55df66b4df01 <unknown>\n#4 0x55df66b913f4 <unknown>\n#5 0x55df66b6fedd <unknown>\n#6 0x55df66b8e899 <unknown>\n#7 0x55df66b6fc53 <unknown>\n#8 0x55df66b40db3 <unknown>\n#9 0x55df66b4177e <unknown>\n#10 0x55df66dd07cb <unknown>\n#11 0x55df66dd47e5 <unknown>\n#12 0x55df66dbe0e1 <unknown>\n#13 0x55df66dd5372 <unknown>\n#14 0x55df66da21bf <unknown>\n#15 0x55df66df9488 <unknown>\n#16 0x55df66df9683 <unknown>\n#17 0x55df66e0a044 <unknown>\n#18 0x7f0e9e4b1134 <unknown>","time":{"start":1709600836376,"stop":1709600836789,"duration":413}},{"uid":"22adf72123ee923c","reportUrl":"https://zaelcovsky.github.io/StroyremAutomation/251//#testresult/22adf72123ee923c","status":"skipped","statusDetails":"XFAIL\n\nselenium.common.exceptions.NoSuchElementException: Message: no such element: Unable to locate element: {\"method\":\"xpath\",\"selector\":\"(//a[@class='add-to-cart yellow-btn'])[1]\"}\n  (Session info: chrome-headless-shell=122.0.6261.94); For documentation on this error, please visit: https://www.selenium.dev/documentation/webdriver/troubleshooting/errors#no-such-element-exception\nStacktrace:\n#0 0x56512d37de93 <unknown>\n#1 0x56512d075ce6 <unknown>\n#2 0x56512d0c0e48 <unknown>\n#3 0x56512d0c0f01 <unknown>\n#4 0x56512d1043f4 <unknown>\n#5 0x56512d0e2edd <unknown>\n#6 0x56512d101899 <unknown>\n#7 0x56512d0e2c53 <unknown>\n#8 0x56512d0b3db3 <unknown>\n#9 0x56512d0b477e <unknown>\n#10 0x56512d3437cb <unknown>\n#11 0x56512d3477e5 <unknown>\n#12 0x56512d3310e1 <unknown>\n#13 0x56512d348372 <unknown>\n#14 0x56512d3151bf <unknown>\n#15 0x56512d36c488 <unknown>\n#16 0x56512d36c683 <unknown>\n#17 0x56512d37d044 <unknown>\n#18 0x7fa2e12eb134 <unknown>","time":{"start":1709514490598,"stop":1709514490900,"duration":302}},{"uid":"fa7c1000bd87578a","reportUrl":"https://zaelcovsky.github.io/StroyremAutomation/250//#testresult/fa7c1000bd87578a","status":"skipped","statusDetails":"XFAIL\n\nselenium.common.exceptions.NoSuchElementException: Message: no such element: Unable to locate element: {\"method\":\"xpath\",\"selector\":\"(//a[@class='add-to-cart yellow-btn'])[1]\"}\n  (Session info: chrome-headless-shell=122.0.6261.94); For documentation on this error, please visit: https://www.selenium.dev/documentation/webdriver/troubleshooting/errors#no-such-element-exception\nStacktrace:\n#0 0x55e5c45e8e93 <unknown>\n#1 0x55e5c42e0ce6 <unknown>\n#2 0x55e5c432be48 <unknown>\n#3 0x55e5c432bf01 <unknown>\n#4 0x55e5c436f3f4 <unknown>\n#5 0x55e5c434dedd <unknown>\n#6 0x55e5c436c899 <unknown>\n#7 0x55e5c434dc53 <unknown>\n#8 0x55e5c431edb3 <unknown>\n#9 0x55e5c431f77e <unknown>\n#10 0x55e5c45ae7cb <unknown>\n#11 0x55e5c45b27e5 <unknown>\n#12 0x55e5c459c0e1 <unknown>\n#13 0x55e5c45b3372 <unknown>\n#14 0x55e5c45801bf <unknown>\n#15 0x55e5c45d7488 <unknown>\n#16 0x55e5c45d7683 <unknown>\n#17 0x55e5c45e8044 <unknown>\n#18 0x7feb4a7e4134 <unknown>","time":{"start":1709428308029,"stop":1709428308437,"duration":408}},{"uid":"bc77731c2f8b9f2d","reportUrl":"https://zaelcovsky.github.io/StroyremAutomation/249//#testresult/bc77731c2f8b9f2d","status":"skipped","statusDetails":"XFAIL\n\nselenium.common.exceptions.NoSuchElementException: Message: no such element: Unable to locate element: {\"method\":\"xpath\",\"selector\":\"(//a[@class='add-to-cart yellow-btn'])[1]\"}\n  (Session info: chrome-headless-shell=122.0.6261.94); For documentation on this error, please visit: https://www.selenium.dev/documentation/webdriver/troubleshooting/errors#no-such-element-exception\nStacktrace:\n#0 0x55fe9b807e93 <unknown>\n#1 0x55fe9b4ffce6 <unknown>\n#2 0x55fe9b54ae48 <unknown>\n#3 0x55fe9b54af01 <unknown>\n#4 0x55fe9b58e3f4 <unknown>\n#5 0x55fe9b56cedd <unknown>\n#6 0x55fe9b58b899 <unknown>\n#7 0x55fe9b56cc53 <unknown>\n#8 0x55fe9b53ddb3 <unknown>\n#9 0x55fe9b53e77e <unknown>\n#10 0x55fe9b7cd7cb <unknown>\n#11 0x55fe9b7d17e5 <unknown>\n#12 0x55fe9b7bb0e1 <unknown>\n#13 0x55fe9b7d2372 <unknown>\n#14 0x55fe9b79f1bf <unknown>\n#15 0x55fe9b7f6488 <unknown>\n#16 0x55fe9b7f6683 <unknown>\n#17 0x55fe9b807044 <unknown>\n#18 0x7f2054376134 <unknown>","time":{"start":1709341655606,"stop":1709341656050,"duration":444}},{"uid":"71ba7116cfae8e1","reportUrl":"https://zaelcovsky.github.io/StroyremAutomation/248//#testresult/71ba7116cfae8e1","status":"skipped","statusDetails":"XFAIL\n\nselenium.common.exceptions.NoSuchElementException: Message: no such element: Unable to locate element: {\"method\":\"xpath\",\"selector\":\"(//a[@class='add-to-cart yellow-btn'])[1]\"}\n  (Session info: chrome-headless-shell=122.0.6261.94); For documentation on this error, please visit: https://www.selenium.dev/documentation/webdriver/troubleshooting/errors#no-such-element-exception\nStacktrace:\n#0 0x559d83d87e93 <unknown>\n#1 0x559d83a7fce6 <unknown>\n#2 0x559d83acae48 <unknown>\n#3 0x559d83acaf01 <unknown>\n#4 0x559d83b0e3f4 <unknown>\n#5 0x559d83aecedd <unknown>\n#6 0x559d83b0b899 <unknown>\n#7 0x559d83aecc53 <unknown>\n#8 0x559d83abddb3 <unknown>\n#9 0x559d83abe77e <unknown>\n#10 0x559d83d4d7cb <unknown>\n#11 0x559d83d517e5 <unknown>\n#12 0x559d83d3b0e1 <unknown>\n#13 0x559d83d52372 <unknown>\n#14 0x559d83d1f1bf <unknown>\n#15 0x559d83d76488 <unknown>\n#16 0x559d83d76683 <unknown>\n#17 0x559d83d87044 <unknown>\n#18 0x7fbb76256134 <unknown>","time":{"start":1709255581333,"stop":1709255581759,"duration":426}},{"uid":"62b7e9d89335f627","reportUrl":"https://zaelcovsky.github.io/StroyremAutomation/247//#testresult/62b7e9d89335f627","status":"skipped","statusDetails":"XFAIL\n\nselenium.common.exceptions.NoSuchElementException: Message: no such element: Unable to locate element: {\"method\":\"xpath\",\"selector\":\"(//a[@class='add-to-cart yellow-btn'])[1]\"}\n  (Session info: chrome-headless-shell=122.0.6261.94); For documentation on this error, please visit: https://www.selenium.dev/documentation/webdriver/troubleshooting/errors#no-such-element-exception\nStacktrace:\n#0 0x55f025e5de93 <unknown>\n#1 0x55f025b55ce6 <unknown>\n#2 0x55f025ba0e48 <unknown>\n#3 0x55f025ba0f01 <unknown>\n#4 0x55f025be43f4 <unknown>\n#5 0x55f025bc2edd <unknown>\n#6 0x55f025be1899 <unknown>\n#7 0x55f025bc2c53 <unknown>\n#8 0x55f025b93db3 <unknown>\n#9 0x55f025b9477e <unknown>\n#10 0x55f025e237cb <unknown>\n#11 0x55f025e277e5 <unknown>\n#12 0x55f025e110e1 <unknown>\n#13 0x55f025e28372 <unknown>\n#14 0x55f025df51bf <unknown>\n#15 0x55f025e4c488 <unknown>\n#16 0x55f025e4c683 <unknown>\n#17 0x55f025e5d044 <unknown>\n#18 0x7f5ed550b134 <unknown>","time":{"start":1709168845872,"stop":1709168846330,"duration":458}},{"uid":"cc916ad6b3309a11","reportUrl":"https://zaelcovsky.github.io/StroyremAutomation/246//#testresult/cc916ad6b3309a11","status":"skipped","statusDetails":"XFAIL\n\nselenium.common.exceptions.NoSuchElementException: Message: no such element: Unable to locate element: {\"method\":\"xpath\",\"selector\":\"(//a[@class='add-to-cart yellow-btn'])[1]\"}\n  (Session info: chrome-headless-shell=122.0.6261.94); For documentation on this error, please visit: https://www.selenium.dev/documentation/webdriver/troubleshooting/errors#no-such-element-exception\nStacktrace:\n#0 0x563e42346e93 <unknown>\n#1 0x563e4203ece6 <unknown>\n#2 0x563e42089e48 <unknown>\n#3 0x563e42089f01 <unknown>\n#4 0x563e420cd3f4 <unknown>\n#5 0x563e420abedd <unknown>\n#6 0x563e420ca899 <unknown>\n#7 0x563e420abc53 <unknown>\n#8 0x563e4207cdb3 <unknown>\n#9 0x563e4207d77e <unknown>\n#10 0x563e4230c7cb <unknown>\n#11 0x563e423107e5 <unknown>\n#12 0x563e422fa0e1 <unknown>\n#13 0x563e42311372 <unknown>\n#14 0x563e422de1bf <unknown>\n#15 0x563e42335488 <unknown>\n#16 0x563e42335683 <unknown>\n#17 0x563e42346044 <unknown>\n#18 0x7f2120a6f134 <unknown>","time":{"start":1709082463940,"stop":1709082464272,"duration":332}},{"uid":"f443eb09ce2975f0","reportUrl":"https://zaelcovsky.github.io/StroyremAutomation/245//#testresult/f443eb09ce2975f0","status":"skipped","statusDetails":"XFAIL\n\nselenium.common.exceptions.NoSuchElementException: Message: no such element: Unable to locate element: {\"method\":\"xpath\",\"selector\":\"(//a[@class='add-to-cart yellow-btn'])[1]\"}\n  (Session info: chrome-headless-shell=122.0.6261.69); For documentation on this error, please visit: https://www.selenium.dev/documentation/webdriver/troubleshooting/errors#no-such-element-exception\nStacktrace:\n#0 0x55f4cb5aa793 <unknown>\n#1 0x55f4cb29e1c6 <unknown>\n#2 0x55f4cb2e9358 <unknown>\n#3 0x55f4cb2e9411 <unknown>\n#4 0x55f4cb32c934 <unknown>\n#5 0x55f4cb30b3fd <unknown>\n#6 0x55f4cb329dd9 <unknown>\n#7 0x55f4cb30b173 <unknown>\n#8 0x55f4cb2dc2d3 <unknown>\n#9 0x55f4cb2dcc9e <unknown>\n#10 0x55f4cb56e8cb <unknown>\n#11 0x55f4cb572745 <unknown>\n#12 0x55f4cb55b2e1 <unknown>\n#13 0x55f4cb5732d2 <unknown>\n#14 0x55f4cb53f17f <unknown>\n#15 0x55f4cb598dc8 <unknown>\n#16 0x55f4cb598fc3 <unknown>\n#17 0x55f4cb5a9944 <unknown>\n#18 0x7f4648a6d134 <unknown>","time":{"start":1708996091353,"stop":1708996091750,"duration":397}},{"uid":"40fc496d4dda5e99","reportUrl":"https://zaelcovsky.github.io/StroyremAutomation/244//#testresult/40fc496d4dda5e99","status":"skipped","statusDetails":"XFAIL\n\nselenium.common.exceptions.NoSuchElementException: Message: no such element: Unable to locate element: {\"method\":\"xpath\",\"selector\":\"(//a[@class='add-to-cart yellow-btn'])[1]\"}\n  (Session info: chrome-headless-shell=122.0.6261.69); For documentation on this error, please visit: https://www.selenium.dev/documentation/webdriver/troubleshooting/errors#no-such-element-exception\nStacktrace:\n#0 0x55bb09f99793 <unknown>\n#1 0x55bb09c8d1c6 <unknown>\n#2 0x55bb09cd8358 <unknown>\n#3 0x55bb09cd8411 <unknown>\n#4 0x55bb09d1b934 <unknown>\n#5 0x55bb09cfa3fd <unknown>\n#6 0x55bb09d18dd9 <unknown>\n#7 0x55bb09cfa173 <unknown>\n#8 0x55bb09ccb2d3 <unknown>\n#9 0x55bb09ccbc9e <unknown>\n#10 0x55bb09f5d8cb <unknown>\n#11 0x55bb09f61745 <unknown>\n#12 0x55bb09f4a2e1 <unknown>\n#13 0x55bb09f622d2 <unknown>\n#14 0x55bb09f2e17f <unknown>\n#15 0x55bb09f87dc8 <unknown>\n#16 0x55bb09f87fc3 <unknown>\n#17 0x55bb09f98944 <unknown>\n#18 0x7fa6b2072134 <unknown>","time":{"start":1708909714114,"stop":1708909714403,"duration":289}},{"uid":"1b6b7e73a314913a","reportUrl":"https://zaelcovsky.github.io/StroyremAutomation/243//#testresult/1b6b7e73a314913a","status":"skipped","statusDetails":"XFAIL\n\nselenium.common.exceptions.NoSuchElementException: Message: no such element: Unable to locate element: {\"method\":\"xpath\",\"selector\":\"(//a[@class='add-to-cart yellow-btn'])[1]\"}\n  (Session info: chrome-headless-shell=122.0.6261.69); For documentation on this error, please visit: https://www.selenium.dev/documentation/webdriver/troubleshooting/errors#no-such-element-exception\nStacktrace:\n#0 0x556748c56793 <unknown>\n#1 0x55674894a1c6 <unknown>\n#2 0x556748995358 <unknown>\n#3 0x556748995411 <unknown>\n#4 0x5567489d8934 <unknown>\n#5 0x5567489b73fd <unknown>\n#6 0x5567489d5dd9 <unknown>\n#7 0x5567489b7173 <unknown>\n#8 0x5567489882d3 <unknown>\n#9 0x556748988c9e <unknown>\n#10 0x556748c1a8cb <unknown>\n#11 0x556748c1e745 <unknown>\n#12 0x556748c072e1 <unknown>\n#13 0x556748c1f2d2 <unknown>\n#14 0x556748beb17f <unknown>\n#15 0x556748c44dc8 <unknown>\n#16 0x556748c44fc3 <unknown>\n#17 0x556748c55944 <unknown>\n#18 0x7f219630d134 <unknown>","time":{"start":1708823497597,"stop":1708823498010,"duration":413}},{"uid":"b5b321d3956ff78d","reportUrl":"https://zaelcovsky.github.io/StroyremAutomation/242//#testresult/b5b321d3956ff78d","status":"skipped","statusDetails":"XFAIL\n\nselenium.common.exceptions.NoSuchElementException: Message: no such element: Unable to locate element: {\"method\":\"xpath\",\"selector\":\"(//a[@class='add-to-cart yellow-btn'])[1]\"}\n  (Session info: chrome-headless-shell=122.0.6261.69); For documentation on this error, please visit: https://www.selenium.dev/documentation/webdriver/troubleshooting/errors#no-such-element-exception\nStacktrace:\n#0 0x55f568ccc793 <unknown>\n#1 0x55f5689c01c6 <unknown>\n#2 0x55f568a0b358 <unknown>\n#3 0x55f568a0b411 <unknown>\n#4 0x55f568a4e934 <unknown>\n#5 0x55f568a2d3fd <unknown>\n#6 0x55f568a4bdd9 <unknown>\n#7 0x55f568a2d173 <unknown>\n#8 0x55f5689fe2d3 <unknown>\n#9 0x55f5689fec9e <unknown>\n#10 0x55f568c908cb <unknown>\n#11 0x55f568c94745 <unknown>\n#12 0x55f568c7d2e1 <unknown>\n#13 0x55f568c952d2 <unknown>\n#14 0x55f568c6117f <unknown>\n#15 0x55f568cbadc8 <unknown>\n#16 0x55f568cbafc3 <unknown>\n#17 0x55f568ccb944 <unknown>\n#18 0x7fb2a47a1134 <unknown>","time":{"start":1708736798724,"stop":1708736799157,"duration":433}},{"uid":"a4341e72a51bec6f","reportUrl":"https://zaelcovsky.github.io/StroyremAutomation/241//#testresult/a4341e72a51bec6f","status":"skipped","statusDetails":"XFAIL\n\nselenium.common.exceptions.NoSuchElementException: Message: no such element: Unable to locate element: {\"method\":\"xpath\",\"selector\":\"(//a[@class='add-to-cart yellow-btn'])[1]\"}\n  (Session info: chrome-headless-shell=122.0.6261.69); For documentation on this error, please visit: https://www.selenium.dev/documentation/webdriver/troubleshooting/errors#no-such-element-exception\nStacktrace:\n#0 0x563eb9455793 <unknown>\n#1 0x563eb91491c6 <unknown>\n#2 0x563eb9194358 <unknown>\n#3 0x563eb9194411 <unknown>\n#4 0x563eb91d7934 <unknown>\n#5 0x563eb91b63fd <unknown>\n#6 0x563eb91d4dd9 <unknown>\n#7 0x563eb91b6173 <unknown>\n#8 0x563eb91872d3 <unknown>\n#9 0x563eb9187c9e <unknown>\n#10 0x563eb94198cb <unknown>\n#11 0x563eb941d745 <unknown>\n#12 0x563eb94062e1 <unknown>\n#13 0x563eb941e2d2 <unknown>\n#14 0x563eb93ea17f <unknown>\n#15 0x563eb9443dc8 <unknown>\n#16 0x563eb9443fc3 <unknown>\n#17 0x563eb9454944 <unknown>\n#18 0x7f5a11fdb134 <unknown>","time":{"start":1708650396544,"stop":1708650396845,"duration":301}},{"uid":"23cc720f2bb3eb2a","reportUrl":"https://zaelcovsky.github.io/StroyremAutomation/240//#testresult/23cc720f2bb3eb2a","status":"skipped","statusDetails":"XFAIL\n\nselenium.common.exceptions.NoSuchElementException: Message: no such element: Unable to locate element: {\"method\":\"xpath\",\"selector\":\"(//a[@class='add-to-cart yellow-btn'])[1]\"}\n  (Session info: chrome-headless-shell=122.0.6261.57); For documentation on this error, please visit: https://www.selenium.dev/documentation/webdriver/troubleshooting/errors#no-such-element-exception\nStacktrace:\n#0 0x55d1d74307d3 <unknown>\n#1 0x55d1d71241c6 <unknown>\n#2 0x55d1d716f358 <unknown>\n#3 0x55d1d716f411 <unknown>\n#4 0x55d1d71b2934 <unknown>\n#5 0x55d1d71913fd <unknown>\n#6 0x55d1d71afdd9 <unknown>\n#7 0x55d1d7191173 <unknown>\n#8 0x55d1d71622d3 <unknown>\n#9 0x55d1d7162c9e <unknown>\n#10 0x55d1d73f490b <unknown>\n#11 0x55d1d73f8785 <unknown>\n#12 0x55d1d73e1321 <unknown>\n#13 0x55d1d73f9312 <unknown>\n#14 0x55d1d73c51bf <unknown>\n#15 0x55d1d741ee08 <unknown>\n#16 0x55d1d741f003 <unknown>\n#17 0x55d1d742f984 <unknown>\n#18 0x7f912de80134 <unknown>","time":{"start":1708564033766,"stop":1708564034195,"duration":429}}]},"tags":["smoke","@pytest.mark.xfail(reson='Цена доставки: 4300 9900 11440')"]},"source":"f024cc02d4290586.json","parameterValues":["8000","206","'TD 023'","7500","'products/shtukaturka-gipsovaya-aksolit-m50-30-kg-mashinnogo-naneseniya'","3300","'https://sandboxtest.stroyrem-nn.ru/'","6200"]}