{"uid":"3dec0036e1e3c3d8","name":"TD 017 Доставка товара весом до 400кг. в синей зоне","fullName":"tests.delivery.test_delivery_calculation.TestDeliveryPageCalculation#test_positive_delivery_blue_zone_smoke","historyId":"81af0bc3e563f7b2736d18e07047a083","time":{"start":1708564026114,"stop":1708564026553,"duration":439},"status":"broken","statusMessage":"selenium.common.exceptions.NoSuchElementException: Message: no such element: Unable to locate element: {\"method\":\"xpath\",\"selector\":\"(//a[@class='add-to-cart yellow-btn'])[1]\"}\n  (Session info: chrome-headless-shell=122.0.6261.57); For documentation on this error, please visit: https://www.selenium.dev/documentation/webdriver/troubleshooting/errors#no-such-element-exception\nStacktrace:\n#0 0x5640b37477d3 <unknown>\n#1 0x5640b343b1c6 <unknown>\n#2 0x5640b3486358 <unknown>\n#3 0x5640b3486411 <unknown>\n#4 0x5640b34c9934 <unknown>\n#5 0x5640b34a83fd <unknown>\n#6 0x5640b34c6dd9 <unknown>\n#7 0x5640b34a8173 <unknown>\n#8 0x5640b34792d3 <unknown>\n#9 0x5640b3479c9e <unknown>\n#10 0x5640b370b90b <unknown>\n#11 0x5640b370f785 <unknown>\n#12 0x5640b36f8321 <unknown>\n#13 0x5640b3710312 <unknown>\n#14 0x5640b36dc1bf <unknown>\n#15 0x5640b3735e08 <unknown>\n#16 0x5640b3736003 <unknown>\n#17 0x5640b3746984 <unknown>\n#18 0x7fd572eb3134 <unknown>","statusTrace":"self = <tests.delivery.test_delivery_calculation.TestDeliveryPageCalculation object at 0x7fc65212fe50>\ndriver = <selenium.webdriver.chrome.webdriver.WebDriver (session=\"2af665e57688d32a8511617a6276ed73\")>\nurl = 'https://sandboxtest.stroyrem-nn.ru/', case_id = 'TD 017'\nlink_item = 'products/shtukaturka-gipsovaya-aksolit-m50-30-kg-mashinnogo-naneseniya'\namount = 13, weight = 400, standard = 650, in_time = 2390, all_time = 3320\n\n    @pytest.mark.parametrize('case_id, link_item, amount, weight, standard, in_time, all_time', [\n        (\"TD 015\", bundeks_25, 1, 30, 650, 2390, 3320),\n        pytest.param(\n            \"TD 016\", aksolit_30, 8, 300, 650, 2390, 3320,\n            marks=pytest.mark.xfail(reson=\"Цена доставки: - - -\")\n        ),\n        (\"TD 017\", aksolit_30, 13, 400, 650, 2390, 3320),\n        (\"TD 018\", aksolit_30, 16, 500, 850, 2490, 3320),\n        (\"TD 019\", aksolit_30, 25, 1700, 1150, 2490, 3320),\n        (\"TD 020\", aksolit_30, 66, 2000, 1500, 2990, 3650),\n        (\"TD 021\", aksolit_30, 149, 4500, 2600, 4380, 4890),\n        (\"TD 022\", aksolit_30, 166, 5000, 2800, 5490, 5980),\n        pytest.param(\n            \"TD 023\", aksolit_30, 206, 6200, 3300, 7500, 8000,\n            marks=pytest.mark.xfail(reson=\"Цена доставки: 4300 9900 11440\")\n        ),\n        (\"TD 024\", aksolit_30, 299, 9000, 4300, 9900, 11440),\n        (\"TD 025\", aksolit_30, 333, 10000, 7000, 13900, 15900),\n        pytest.param(\n            \"TD 026\", aksolit_30, 366, 11000, 8000, 14900, 19900,\n            marks=pytest.mark.xfail(reson=\"Цена доставки: 7000 13900 15900\")\n        ),\n        pytest.param(\n            \"TD 027\", aksolit_30, 666, 20000, 14000, 16900, 23900,\n            marks=pytest.mark.xfail(reson=\"Цена доставки: 7000 13900 15900\")\n        )\n    ])\n    @pytest.mark.smoke\n    def test_positive_delivery_blue_zone_smoke(\n            self, driver, url, case_id, link_item, amount, weight, standard, in_time, all_time\n    ):\n        allure.dynamic.title(f\"{case_id} Доставка товара весом до {weight}кг. в синей зоне\")\n    \n        driver.get(f'{url}{link_item}')\n        item_page = ItemPage(driver)\n>       item_page.add_item_to_cart(amount).click_on_cart()\n\ntests/delivery/test_delivery_calculation.py:130: \n_ _ _ _ _ _ _ _ _ _ _ _ _ _ _ _ _ _ _ _ _ _ _ _ _ _ _ _ _ _ _ _ _ _ _ _ _ _ _ _ \npages/item_page.py:40: in add_item_to_cart\n    self.find_element(self._add_item).click()\nbase/seleniumbase.py:17: in find_element\n    return self.driver.find_element(*locator)\n/usr/local/lib/python3.11/site-packages/selenium/webdriver/remote/webdriver.py:740: in find_element\n    return self.execute(Command.FIND_ELEMENT, {\"using\": by, \"value\": value})[\"value\"]\n/usr/local/lib/python3.11/site-packages/selenium/webdriver/remote/webdriver.py:346: in execute\n    self.error_handler.check_response(response)\n_ _ _ _ _ _ _ _ _ _ _ _ _ _ _ _ _ _ _ _ _ _ _ _ _ _ _ _ _ _ _ _ _ _ _ _ _ _ _ _ \n\nself = <selenium.webdriver.remote.errorhandler.ErrorHandler object at 0x7fc6515b15d0>\nresponse = {'status': 404, 'value': '{\"value\":{\"error\":\"no such element\",\"message\":\"no such element: Unable to locate element: {\\...\\\\n#16 0x5640b3736003 \\\\u003Cunknown>\\\\n#17 0x5640b3746984 \\\\u003Cunknown>\\\\n#18 0x7fd572eb3134 \\\\u003Cunknown>\\\\n\"}}'}\n\n    def check_response(self, response: Dict[str, Any]) -> None:\n        \"\"\"Checks that a JSON response from the WebDriver does not have an\n        error.\n    \n        :Args:\n         - response - The JSON response from the WebDriver server as a dictionary\n           object.\n    \n        :Raises: If the response contains an error message.\n        \"\"\"\n        status = response.get(\"status\", None)\n        if not status or status == ErrorCode.SUCCESS:\n            return\n        value = None\n        message = response.get(\"message\", \"\")\n        screen: str = response.get(\"screen\", \"\")\n        stacktrace = None\n        if isinstance(status, int):\n            value_json = response.get(\"value\", None)\n            if value_json and isinstance(value_json, str):\n                import json\n    \n                try:\n                    value = json.loads(value_json)\n                    if len(value) == 1:\n                        value = value[\"value\"]\n                    status = value.get(\"error\", None)\n                    if not status:\n                        status = value.get(\"status\", ErrorCode.UNKNOWN_ERROR)\n                        message = value.get(\"value\") or value.get(\"message\")\n                        if not isinstance(message, str):\n                            value = message\n                            message = message.get(\"message\")\n                    else:\n                        message = value.get(\"message\", None)\n                except ValueError:\n                    pass\n    \n        exception_class: Type[WebDriverException]\n        if status in ErrorCode.NO_SUCH_ELEMENT:\n            exception_class = NoSuchElementException\n        elif status in ErrorCode.NO_SUCH_FRAME:\n            exception_class = NoSuchFrameException\n        elif status in ErrorCode.NO_SUCH_SHADOW_ROOT:\n            exception_class = NoSuchShadowRootException\n        elif status in ErrorCode.NO_SUCH_WINDOW:\n            exception_class = NoSuchWindowException\n        elif status in ErrorCode.STALE_ELEMENT_REFERENCE:\n            exception_class = StaleElementReferenceException\n        elif status in ErrorCode.ELEMENT_NOT_VISIBLE:\n            exception_class = ElementNotVisibleException\n        elif status in ErrorCode.INVALID_ELEMENT_STATE:\n            exception_class = InvalidElementStateException\n        elif (\n            status in ErrorCode.INVALID_SELECTOR\n            or status in ErrorCode.INVALID_XPATH_SELECTOR\n            or status in ErrorCode.INVALID_XPATH_SELECTOR_RETURN_TYPER\n        ):\n            exception_class = InvalidSelectorException\n        elif status in ErrorCode.ELEMENT_IS_NOT_SELECTABLE:\n            exception_class = ElementNotSelectableException\n        elif status in ErrorCode.ELEMENT_NOT_INTERACTABLE:\n            exception_class = ElementNotInteractableException\n        elif status in ErrorCode.INVALID_COOKIE_DOMAIN:\n            exception_class = InvalidCookieDomainException\n        elif status in ErrorCode.UNABLE_TO_SET_COOKIE:\n            exception_class = UnableToSetCookieException\n        elif status in ErrorCode.TIMEOUT:\n            exception_class = TimeoutException\n        elif status in ErrorCode.SCRIPT_TIMEOUT:\n            exception_class = TimeoutException\n        elif status in ErrorCode.UNKNOWN_ERROR:\n            exception_class = WebDriverException\n        elif status in ErrorCode.UNEXPECTED_ALERT_OPEN:\n            exception_class = UnexpectedAlertPresentException\n        elif status in ErrorCode.NO_ALERT_OPEN:\n            exception_class = NoAlertPresentException\n        elif status in ErrorCode.IME_NOT_AVAILABLE:\n            exception_class = ImeNotAvailableException\n        elif status in ErrorCode.IME_ENGINE_ACTIVATION_FAILED:\n            exception_class = ImeActivationFailedException\n        elif status in ErrorCode.MOVE_TARGET_OUT_OF_BOUNDS:\n            exception_class = MoveTargetOutOfBoundsException\n        elif status in ErrorCode.JAVASCRIPT_ERROR:\n            exception_class = JavascriptException\n        elif status in ErrorCode.SESSION_NOT_CREATED:\n            exception_class = SessionNotCreatedException\n        elif status in ErrorCode.INVALID_ARGUMENT:\n            exception_class = InvalidArgumentException\n        elif status in ErrorCode.NO_SUCH_COOKIE:\n            exception_class = NoSuchCookieException\n        elif status in ErrorCode.UNABLE_TO_CAPTURE_SCREEN:\n            exception_class = ScreenshotException\n        elif status in ErrorCode.ELEMENT_CLICK_INTERCEPTED:\n            exception_class = ElementClickInterceptedException\n        elif status in ErrorCode.INSECURE_CERTIFICATE:\n            exception_class = InsecureCertificateException\n        elif status in ErrorCode.INVALID_COORDINATES:\n            exception_class = InvalidCoordinatesException\n        elif status in ErrorCode.INVALID_SESSION_ID:\n            exception_class = InvalidSessionIdException\n        elif status in ErrorCode.UNKNOWN_METHOD:\n            exception_class = UnknownMethodException\n        else:\n            exception_class = WebDriverException\n        if not value:\n            value = response[\"value\"]\n        if isinstance(value, str):\n            raise exception_class(value)\n        if message == \"\" and \"message\" in value:\n            message = value[\"message\"]\n    \n        screen = None  # type: ignore[assignment]\n        if \"screen\" in value:\n            screen = value[\"screen\"]\n    \n        stacktrace = None\n        st_value = value.get(\"stackTrace\") or value.get(\"stacktrace\")\n        if st_value:\n            if isinstance(st_value, str):\n                stacktrace = st_value.split(\"\\n\")\n            else:\n                stacktrace = []\n                try:\n                    for frame in st_value:\n                        line = frame.get(\"lineNumber\", \"\")\n                        file = frame.get(\"fileName\", \"<anonymous>\")\n                        if line:\n                            file = f\"{file}:{line}\"\n                        meth = frame.get(\"methodName\", \"<anonymous>\")\n                        if \"className\" in frame:\n                            meth = f\"{frame['className']}.{meth}\"\n                        msg = \"    at %s (%s)\"\n                        msg = msg % (meth, file)\n                        stacktrace.append(msg)\n                except TypeError:\n                    pass\n        if exception_class == UnexpectedAlertPresentException:\n            alert_text = None\n            if \"data\" in value:\n                alert_text = value[\"data\"].get(\"text\")\n            elif \"alert\" in value:\n                alert_text = value[\"alert\"].get(\"text\")\n            raise exception_class(message, screen, stacktrace, alert_text)  # type: ignore[call-arg]  # mypy is not smart enough here\n>       raise exception_class(message, screen, stacktrace)\nE       selenium.common.exceptions.NoSuchElementException: Message: no such element: Unable to locate element: {\"method\":\"xpath\",\"selector\":\"(//a[@class='add-to-cart yellow-btn'])[1]\"}\nE         (Session info: chrome-headless-shell=122.0.6261.57); For documentation on this error, please visit: https://www.selenium.dev/documentation/webdriver/troubleshooting/errors#no-such-element-exception\nE       Stacktrace:\nE       #0 0x5640b37477d3 <unknown>\nE       #1 0x5640b343b1c6 <unknown>\nE       #2 0x5640b3486358 <unknown>\nE       #3 0x5640b3486411 <unknown>\nE       #4 0x5640b34c9934 <unknown>\nE       #5 0x5640b34a83fd <unknown>\nE       #6 0x5640b34c6dd9 <unknown>\nE       #7 0x5640b34a8173 <unknown>\nE       #8 0x5640b34792d3 <unknown>\nE       #9 0x5640b3479c9e <unknown>\nE       #10 0x5640b370b90b <unknown>\nE       #11 0x5640b370f785 <unknown>\nE       #12 0x5640b36f8321 <unknown>\nE       #13 0x5640b3710312 <unknown>\nE       #14 0x5640b36dc1bf <unknown>\nE       #15 0x5640b3735e08 <unknown>\nE       #16 0x5640b3736003 <unknown>\nE       #17 0x5640b3746984 <unknown>\nE       #18 0x7fd572eb3134 <unknown>\n\n/usr/local/lib/python3.11/site-packages/selenium/webdriver/remote/errorhandler.py:245: NoSuchElementException","flaky":false,"newFailed":false,"newBroken":false,"newPassed":false,"retriesCount":0,"retriesStatusChange":false,"beforeStages":[{"name":"_session_faker","time":{"start":1708563586983,"stop":1708563587052,"duration":69},"status":"passed","steps":[],"attachments":[],"parameters":[],"shouldDisplayMessage":false,"stepsCount":0,"attachmentsCount":0,"hasContent":false,"attachmentStep":false},{"name":"clear_allure_results_folder","time":{"start":1708563587052,"stop":1708563587052,"duration":0},"status":"passed","steps":[],"attachments":[],"parameters":[],"shouldDisplayMessage":false,"stepsCount":0,"attachmentsCount":0,"hasContent":false,"attachmentStep":false},{"name":"driver","time":{"start":1708564025375,"stop":1708564026113,"duration":738},"status":"passed","steps":[],"attachments":[],"parameters":[],"shouldDisplayMessage":false,"stepsCount":0,"attachmentsCount":0,"hasContent":false,"attachmentStep":false},{"name":"setup","time":{"start":1708564026113,"stop":1708564026113,"duration":0},"status":"passed","steps":[],"attachments":[],"parameters":[],"shouldDisplayMessage":false,"stepsCount":0,"attachmentsCount":0,"hasContent":false,"attachmentStep":false}],"testStage":{"status":"broken","statusMessage":"selenium.common.exceptions.NoSuchElementException: Message: no such element: Unable to locate element: {\"method\":\"xpath\",\"selector\":\"(//a[@class='add-to-cart yellow-btn'])[1]\"}\n  (Session info: chrome-headless-shell=122.0.6261.57); For documentation on this error, please visit: https://www.selenium.dev/documentation/webdriver/troubleshooting/errors#no-such-element-exception\nStacktrace:\n#0 0x5640b37477d3 <unknown>\n#1 0x5640b343b1c6 <unknown>\n#2 0x5640b3486358 <unknown>\n#3 0x5640b3486411 <unknown>\n#4 0x5640b34c9934 <unknown>\n#5 0x5640b34a83fd <unknown>\n#6 0x5640b34c6dd9 <unknown>\n#7 0x5640b34a8173 <unknown>\n#8 0x5640b34792d3 <unknown>\n#9 0x5640b3479c9e <unknown>\n#10 0x5640b370b90b <unknown>\n#11 0x5640b370f785 <unknown>\n#12 0x5640b36f8321 <unknown>\n#13 0x5640b3710312 <unknown>\n#14 0x5640b36dc1bf <unknown>\n#15 0x5640b3735e08 <unknown>\n#16 0x5640b3736003 <unknown>\n#17 0x5640b3746984 <unknown>\n#18 0x7fd572eb3134 <unknown>","statusTrace":"self = <tests.delivery.test_delivery_calculation.TestDeliveryPageCalculation object at 0x7fc65212fe50>\ndriver = <selenium.webdriver.chrome.webdriver.WebDriver (session=\"2af665e57688d32a8511617a6276ed73\")>\nurl = 'https://sandboxtest.stroyrem-nn.ru/', case_id = 'TD 017'\nlink_item = 'products/shtukaturka-gipsovaya-aksolit-m50-30-kg-mashinnogo-naneseniya'\namount = 13, weight = 400, standard = 650, in_time = 2390, all_time = 3320\n\n    @pytest.mark.parametrize('case_id, link_item, amount, weight, standard, in_time, all_time', [\n        (\"TD 015\", bundeks_25, 1, 30, 650, 2390, 3320),\n        pytest.param(\n            \"TD 016\", aksolit_30, 8, 300, 650, 2390, 3320,\n            marks=pytest.mark.xfail(reson=\"Цена доставки: - - -\")\n        ),\n        (\"TD 017\", aksolit_30, 13, 400, 650, 2390, 3320),\n        (\"TD 018\", aksolit_30, 16, 500, 850, 2490, 3320),\n        (\"TD 019\", aksolit_30, 25, 1700, 1150, 2490, 3320),\n        (\"TD 020\", aksolit_30, 66, 2000, 1500, 2990, 3650),\n        (\"TD 021\", aksolit_30, 149, 4500, 2600, 4380, 4890),\n        (\"TD 022\", aksolit_30, 166, 5000, 2800, 5490, 5980),\n        pytest.param(\n            \"TD 023\", aksolit_30, 206, 6200, 3300, 7500, 8000,\n            marks=pytest.mark.xfail(reson=\"Цена доставки: 4300 9900 11440\")\n        ),\n        (\"TD 024\", aksolit_30, 299, 9000, 4300, 9900, 11440),\n        (\"TD 025\", aksolit_30, 333, 10000, 7000, 13900, 15900),\n        pytest.param(\n            \"TD 026\", aksolit_30, 366, 11000, 8000, 14900, 19900,\n            marks=pytest.mark.xfail(reson=\"Цена доставки: 7000 13900 15900\")\n        ),\n        pytest.param(\n            \"TD 027\", aksolit_30, 666, 20000, 14000, 16900, 23900,\n            marks=pytest.mark.xfail(reson=\"Цена доставки: 7000 13900 15900\")\n        )\n    ])\n    @pytest.mark.smoke\n    def test_positive_delivery_blue_zone_smoke(\n            self, driver, url, case_id, link_item, amount, weight, standard, in_time, all_time\n    ):\n        allure.dynamic.title(f\"{case_id} Доставка товара весом до {weight}кг. в синей зоне\")\n    \n        driver.get(f'{url}{link_item}')\n        item_page = ItemPage(driver)\n>       item_page.add_item_to_cart(amount).click_on_cart()\n\ntests/delivery/test_delivery_calculation.py:130: \n_ _ _ _ _ _ _ _ _ _ _ _ _ _ _ _ _ _ _ _ _ _ _ _ _ _ _ _ _ _ _ _ _ _ _ _ _ _ _ _ \npages/item_page.py:40: in add_item_to_cart\n    self.find_element(self._add_item).click()\nbase/seleniumbase.py:17: in find_element\n    return self.driver.find_element(*locator)\n/usr/local/lib/python3.11/site-packages/selenium/webdriver/remote/webdriver.py:740: in find_element\n    return self.execute(Command.FIND_ELEMENT, {\"using\": by, \"value\": value})[\"value\"]\n/usr/local/lib/python3.11/site-packages/selenium/webdriver/remote/webdriver.py:346: in execute\n    self.error_handler.check_response(response)\n_ _ _ _ _ _ _ _ _ _ _ _ _ _ _ _ _ _ _ _ _ _ _ _ _ _ _ _ _ _ _ _ _ _ _ _ _ _ _ _ \n\nself = <selenium.webdriver.remote.errorhandler.ErrorHandler object at 0x7fc6515b15d0>\nresponse = {'status': 404, 'value': '{\"value\":{\"error\":\"no such element\",\"message\":\"no such element: Unable to locate element: {\\...\\\\n#16 0x5640b3736003 \\\\u003Cunknown>\\\\n#17 0x5640b3746984 \\\\u003Cunknown>\\\\n#18 0x7fd572eb3134 \\\\u003Cunknown>\\\\n\"}}'}\n\n    def check_response(self, response: Dict[str, Any]) -> None:\n        \"\"\"Checks that a JSON response from the WebDriver does not have an\n        error.\n    \n        :Args:\n         - response - The JSON response from the WebDriver server as a dictionary\n           object.\n    \n        :Raises: If the response contains an error message.\n        \"\"\"\n        status = response.get(\"status\", None)\n        if not status or status == ErrorCode.SUCCESS:\n            return\n        value = None\n        message = response.get(\"message\", \"\")\n        screen: str = response.get(\"screen\", \"\")\n        stacktrace = None\n        if isinstance(status, int):\n            value_json = response.get(\"value\", None)\n            if value_json and isinstance(value_json, str):\n                import json\n    \n                try:\n                    value = json.loads(value_json)\n                    if len(value) == 1:\n                        value = value[\"value\"]\n                    status = value.get(\"error\", None)\n                    if not status:\n                        status = value.get(\"status\", ErrorCode.UNKNOWN_ERROR)\n                        message = value.get(\"value\") or value.get(\"message\")\n                        if not isinstance(message, str):\n                            value = message\n                            message = message.get(\"message\")\n                    else:\n                        message = value.get(\"message\", None)\n                except ValueError:\n                    pass\n    \n        exception_class: Type[WebDriverException]\n        if status in ErrorCode.NO_SUCH_ELEMENT:\n            exception_class = NoSuchElementException\n        elif status in ErrorCode.NO_SUCH_FRAME:\n            exception_class = NoSuchFrameException\n        elif status in ErrorCode.NO_SUCH_SHADOW_ROOT:\n            exception_class = NoSuchShadowRootException\n        elif status in ErrorCode.NO_SUCH_WINDOW:\n            exception_class = NoSuchWindowException\n        elif status in ErrorCode.STALE_ELEMENT_REFERENCE:\n            exception_class = StaleElementReferenceException\n        elif status in ErrorCode.ELEMENT_NOT_VISIBLE:\n            exception_class = ElementNotVisibleException\n        elif status in ErrorCode.INVALID_ELEMENT_STATE:\n            exception_class = InvalidElementStateException\n        elif (\n            status in ErrorCode.INVALID_SELECTOR\n            or status in ErrorCode.INVALID_XPATH_SELECTOR\n            or status in ErrorCode.INVALID_XPATH_SELECTOR_RETURN_TYPER\n        ):\n            exception_class = InvalidSelectorException\n        elif status in ErrorCode.ELEMENT_IS_NOT_SELECTABLE:\n            exception_class = ElementNotSelectableException\n        elif status in ErrorCode.ELEMENT_NOT_INTERACTABLE:\n            exception_class = ElementNotInteractableException\n        elif status in ErrorCode.INVALID_COOKIE_DOMAIN:\n            exception_class = InvalidCookieDomainException\n        elif status in ErrorCode.UNABLE_TO_SET_COOKIE:\n            exception_class = UnableToSetCookieException\n        elif status in ErrorCode.TIMEOUT:\n            exception_class = TimeoutException\n        elif status in ErrorCode.SCRIPT_TIMEOUT:\n            exception_class = TimeoutException\n        elif status in ErrorCode.UNKNOWN_ERROR:\n            exception_class = WebDriverException\n        elif status in ErrorCode.UNEXPECTED_ALERT_OPEN:\n            exception_class = UnexpectedAlertPresentException\n        elif status in ErrorCode.NO_ALERT_OPEN:\n            exception_class = NoAlertPresentException\n        elif status in ErrorCode.IME_NOT_AVAILABLE:\n            exception_class = ImeNotAvailableException\n        elif status in ErrorCode.IME_ENGINE_ACTIVATION_FAILED:\n            exception_class = ImeActivationFailedException\n        elif status in ErrorCode.MOVE_TARGET_OUT_OF_BOUNDS:\n            exception_class = MoveTargetOutOfBoundsException\n        elif status in ErrorCode.JAVASCRIPT_ERROR:\n            exception_class = JavascriptException\n        elif status in ErrorCode.SESSION_NOT_CREATED:\n            exception_class = SessionNotCreatedException\n        elif status in ErrorCode.INVALID_ARGUMENT:\n            exception_class = InvalidArgumentException\n        elif status in ErrorCode.NO_SUCH_COOKIE:\n            exception_class = NoSuchCookieException\n        elif status in ErrorCode.UNABLE_TO_CAPTURE_SCREEN:\n            exception_class = ScreenshotException\n        elif status in ErrorCode.ELEMENT_CLICK_INTERCEPTED:\n            exception_class = ElementClickInterceptedException\n        elif status in ErrorCode.INSECURE_CERTIFICATE:\n            exception_class = InsecureCertificateException\n        elif status in ErrorCode.INVALID_COORDINATES:\n            exception_class = InvalidCoordinatesException\n        elif status in ErrorCode.INVALID_SESSION_ID:\n            exception_class = InvalidSessionIdException\n        elif status in ErrorCode.UNKNOWN_METHOD:\n            exception_class = UnknownMethodException\n        else:\n            exception_class = WebDriverException\n        if not value:\n            value = response[\"value\"]\n        if isinstance(value, str):\n            raise exception_class(value)\n        if message == \"\" and \"message\" in value:\n            message = value[\"message\"]\n    \n        screen = None  # type: ignore[assignment]\n        if \"screen\" in value:\n            screen = value[\"screen\"]\n    \n        stacktrace = None\n        st_value = value.get(\"stackTrace\") or value.get(\"stacktrace\")\n        if st_value:\n            if isinstance(st_value, str):\n                stacktrace = st_value.split(\"\\n\")\n            else:\n                stacktrace = []\n                try:\n                    for frame in st_value:\n                        line = frame.get(\"lineNumber\", \"\")\n                        file = frame.get(\"fileName\", \"<anonymous>\")\n                        if line:\n                            file = f\"{file}:{line}\"\n                        meth = frame.get(\"methodName\", \"<anonymous>\")\n                        if \"className\" in frame:\n                            meth = f\"{frame['className']}.{meth}\"\n                        msg = \"    at %s (%s)\"\n                        msg = msg % (meth, file)\n                        stacktrace.append(msg)\n                except TypeError:\n                    pass\n        if exception_class == UnexpectedAlertPresentException:\n            alert_text = None\n            if \"data\" in value:\n                alert_text = value[\"data\"].get(\"text\")\n            elif \"alert\" in value:\n                alert_text = value[\"alert\"].get(\"text\")\n            raise exception_class(message, screen, stacktrace, alert_text)  # type: ignore[call-arg]  # mypy is not smart enough here\n>       raise exception_class(message, screen, stacktrace)\nE       selenium.common.exceptions.NoSuchElementException: Message: no such element: Unable to locate element: {\"method\":\"xpath\",\"selector\":\"(//a[@class='add-to-cart yellow-btn'])[1]\"}\nE         (Session info: chrome-headless-shell=122.0.6261.57); For documentation on this error, please visit: https://www.selenium.dev/documentation/webdriver/troubleshooting/errors#no-such-element-exception\nE       Stacktrace:\nE       #0 0x5640b37477d3 <unknown>\nE       #1 0x5640b343b1c6 <unknown>\nE       #2 0x5640b3486358 <unknown>\nE       #3 0x5640b3486411 <unknown>\nE       #4 0x5640b34c9934 <unknown>\nE       #5 0x5640b34a83fd <unknown>\nE       #6 0x5640b34c6dd9 <unknown>\nE       #7 0x5640b34a8173 <unknown>\nE       #8 0x5640b34792d3 <unknown>\nE       #9 0x5640b3479c9e <unknown>\nE       #10 0x5640b370b90b <unknown>\nE       #11 0x5640b370f785 <unknown>\nE       #12 0x5640b36f8321 <unknown>\nE       #13 0x5640b3710312 <unknown>\nE       #14 0x5640b36dc1bf <unknown>\nE       #15 0x5640b3735e08 <unknown>\nE       #16 0x5640b3736003 <unknown>\nE       #17 0x5640b3746984 <unknown>\nE       #18 0x7fd572eb3134 <unknown>\n\n/usr/local/lib/python3.11/site-packages/selenium/webdriver/remote/errorhandler.py:245: NoSuchElementException","steps":[{"name":"Добавляем товар в корзину в количестве 13","time":{"start":1708564026541,"stop":1708564026553,"duration":12},"status":"broken","statusMessage":"selenium.common.exceptions.NoSuchElementException: Message: no such element: Unable to locate element: {\"method\":\"xpath\",\"selector\":\"(//a[@class='add-to-cart yellow-btn'])[1]\"}\n  (Session info: chrome-headless-shell=122.0.6261.57); For documentation on this error, please visit: https://www.selenium.dev/documentation/webdriver/troubleshooting/errors#no-such-element-exception\nStacktrace:\n#0 0x5640b37477d3 <unknown>\n#1 0x5640b343b1c6 <unknown>\n#2 0x5640b3486358 <unknown>\n#3 0x5640b3486411 <unknown>\n#4 0x5640b34c9934 <unknown>\n#5 0x5640b34a83fd <unknown>\n#6 0x5640b34c6dd9 <unknown>\n#7 0x5640b34a8173 <unknown>\n#8 0x5640b34792d3 <unknown>\n#9 0x5640b3479c9e <unknown>\n#10 0x5640b370b90b <unknown>\n#11 0x5640b370f785 <unknown>\n#12 0x5640b36f8321 <unknown>\n#13 0x5640b3710312 <unknown>\n#14 0x5640b36dc1bf <unknown>\n#15 0x5640b3735e08 <unknown>\n#16 0x5640b3736003 <unknown>\n#17 0x5640b3746984 <unknown>\n#18 0x7fd572eb3134 <unknown>\n\n","statusTrace":"  File \"/usr/local/lib/python3.11/site-packages/allure_commons/_allure.py\", line 192, in impl\n    return func(*a, **kw)\n           ^^^^^^^^^^^^^^\n  File \"/app/pages/item_page.py\", line 40, in add_item_to_cart\n    self.find_element(self._add_item).click()\n    ^^^^^^^^^^^^^^^^^^^^^^^^^^^^^^^^^\n  File \"/app/base/seleniumbase.py\", line 17, in find_element\n    return self.driver.find_element(*locator)\n           ^^^^^^^^^^^^^^^^^^^^^^^^^^^^^^^^^^\n  File \"/usr/local/lib/python3.11/site-packages/selenium/webdriver/remote/webdriver.py\", line 740, in find_element\n    return self.execute(Command.FIND_ELEMENT, {\"using\": by, \"value\": value})[\"value\"]\n           ^^^^^^^^^^^^^^^^^^^^^^^^^^^^^^^^^^^^^^^^^^^^^^^^^^^^^^^^^^^^^^^^^\n  File \"/usr/local/lib/python3.11/site-packages/selenium/webdriver/remote/webdriver.py\", line 346, in execute\n    self.error_handler.check_response(response)\n  File \"/usr/local/lib/python3.11/site-packages/selenium/webdriver/remote/errorhandler.py\", line 245, in check_response\n    raise exception_class(message, screen, stacktrace)\n","steps":[],"attachments":[],"parameters":[{"name":"amount","value":"13"}],"shouldDisplayMessage":true,"stepsCount":0,"attachmentsCount":0,"hasContent":true,"attachmentStep":false}],"attachments":[{"uid":"245cab075828f828","name":"Screenshot","source":"245cab075828f828.png","type":"image/png","size":5862},{"uid":"b6a3f3fdf31fc837","name":"HTML source","source":"b6a3f3fdf31fc837.html","type":"text/html","size":39}],"parameters":[],"shouldDisplayMessage":true,"stepsCount":1,"attachmentsCount":2,"hasContent":true,"attachmentStep":false},"afterStages":[{"name":"setup::0","time":{"start":1708564026651,"stop":1708564026651,"duration":0},"status":"passed","steps":[],"attachments":[],"parameters":[],"shouldDisplayMessage":false,"stepsCount":0,"attachmentsCount":0,"hasContent":false,"attachmentStep":false},{"name":"driver::0","time":{"start":1708564026651,"stop":1708564026708,"duration":57},"status":"passed","steps":[],"attachments":[],"parameters":[],"shouldDisplayMessage":false,"stepsCount":0,"attachmentsCount":0,"hasContent":false,"attachmentStep":false}],"labels":[{"name":"epic","value":"Delivery Page - calculation"},{"name":"tag","value":"smoke"},{"name":"parentSuite","value":"tests.delivery"},{"name":"suite","value":"test_delivery_calculation"},{"name":"subSuite","value":"TestDeliveryPageCalculation"},{"name":"host","value":"076f00c7772e"},{"name":"thread","value":"1-MainThread"},{"name":"framework","value":"pytest"},{"name":"language","value":"cpython3"},{"name":"package","value":"tests.delivery.test_delivery_calculation"},{"name":"resultFormat","value":"allure2"}],"parameters":[{"name":"all_time","value":"3320"},{"name":"amount","value":"13"},{"name":"case_id","value":"'TD 017'"},{"name":"in_time","value":"2390"},{"name":"link_item","value":"'products/shtukaturka-gipsovaya-aksolit-m50-30-kg-mashinnogo-naneseniya'"},{"name":"standard","value":"650"},{"name":"url","value":"'https://sandboxtest.stroyrem-nn.ru/'"},{"name":"weight","value":"400"}],"links":[],"hidden":false,"retry":false,"extra":{"severity":"normal","retries":[],"categories":[{"name":"Test defects","matchedStatuses":[],"flaky":false}],"history":{"statistic":{"failed":0,"broken":176,"skipped":0,"passed":0,"unknown":0,"total":176},"items":[{"uid":"799e29069a1001de","reportUrl":"https://zaelcovsky.github.io/StroyremAutomation/239//#testresult/799e29069a1001de","status":"broken","statusDetails":"selenium.common.exceptions.NoSuchElementException: Message: no such element: Unable to locate element: {\"method\":\"xpath\",\"selector\":\"(//a[@class='add-to-cart yellow-btn'])[1]\"}\n  (Session info: chrome-headless-shell=122.0.6261.57); For documentation on this error, please visit: https://www.selenium.dev/documentation/webdriver/troubleshooting/errors#no-such-element-exception\nStacktrace:\n#0 0x559de15e47d3 <unknown>\n#1 0x559de12d81c6 <unknown>\n#2 0x559de1323358 <unknown>\n#3 0x559de1323411 <unknown>\n#4 0x559de1366934 <unknown>\n#5 0x559de13453fd <unknown>\n#6 0x559de1363dd9 <unknown>\n#7 0x559de1345173 <unknown>\n#8 0x559de13162d3 <unknown>\n#9 0x559de1316c9e <unknown>\n#10 0x559de15a890b <unknown>\n#11 0x559de15ac785 <unknown>\n#12 0x559de1595321 <unknown>\n#13 0x559de15ad312 <unknown>\n#14 0x559de15791bf <unknown>\n#15 0x559de15d2e08 <unknown>\n#16 0x559de15d3003 <unknown>\n#17 0x559de15e3984 <unknown>\n#18 0x7fbc74c4f134 <unknown>","time":{"start":1708477683824,"stop":1708477684249,"duration":425}},{"uid":"a964b3c6d21b2a2d","reportUrl":"https://zaelcovsky.github.io/StroyremAutomation/238//#testresult/a964b3c6d21b2a2d","status":"broken","statusDetails":"selenium.common.exceptions.NoSuchElementException: Message: no such element: Unable to locate element: {\"method\":\"xpath\",\"selector\":\"(//a[@class='add-to-cart yellow-btn'])[1]\"}\n  (Session info: chrome-headless-shell=121.0.6167.184); For documentation on this error, please visit: https://www.selenium.dev/documentation/webdriver/troubleshooting/errors#no-such-element-exception\nStacktrace:\n#0 0x55be1a264303 <unknown>\n#1 0x55be19f492b7 <unknown>\n#2 0x55be19f94cc0 <unknown>\n#3 0x55be19f94db1 <unknown>\n#4 0x55be19fd8b44 <unknown>\n#5 0x55be19fb73ad <unknown>\n#6 0x55be19fd607c <unknown>\n#7 0x55be19fb7123 <unknown>\n#8 0x55be19f87095 <unknown>\n#9 0x55be19f8809e <unknown>\n#10 0x55be1a2286ab <unknown>\n#11 0x55be1a22c4ba <unknown>\n#12 0x55be1a214f85 <unknown>\n#13 0x55be1a22d12f <unknown>\n#14 0x55be1a1f8e6f <unknown>\n#15 0x55be1a2515f8 <unknown>\n#16 0x55be1a2517c2 <unknown>\n#17 0x55be1a2634a4 <unknown>\n#18 0x7fab897b0134 <unknown>","time":{"start":1708391218062,"stop":1708391218390,"duration":328}},{"uid":"c2cee811295ff606","reportUrl":"https://zaelcovsky.github.io/StroyremAutomation/237//#testresult/c2cee811295ff606","status":"broken","statusDetails":"selenium.common.exceptions.NoSuchElementException: Message: no such element: Unable to locate element: {\"method\":\"xpath\",\"selector\":\"(//a[@class='add-to-cart yellow-btn'])[1]\"}\n  (Session info: chrome-headless-shell=121.0.6167.184); For documentation on this error, please visit: https://www.selenium.dev/documentation/webdriver/troubleshooting/errors#no-such-element-exception\nStacktrace:\n#0 0x55ebe1641303 <unknown>\n#1 0x55ebe13262b7 <unknown>\n#2 0x55ebe1371cc0 <unknown>\n#3 0x55ebe1371db1 <unknown>\n#4 0x55ebe13b5b44 <unknown>\n#5 0x55ebe13943ad <unknown>\n#6 0x55ebe13b307c <unknown>\n#7 0x55ebe1394123 <unknown>\n#8 0x55ebe1364095 <unknown>\n#9 0x55ebe136509e <unknown>\n#10 0x55ebe16056ab <unknown>\n#11 0x55ebe16094ba <unknown>\n#12 0x55ebe15f1f85 <unknown>\n#13 0x55ebe160a12f <unknown>\n#14 0x55ebe15d5e6f <unknown>\n#15 0x55ebe162e5f8 <unknown>\n#16 0x55ebe162e7c2 <unknown>\n#17 0x55ebe16404a4 <unknown>\n#18 0x7f0787a02134 <unknown>","time":{"start":1708305026252,"stop":1708305026878,"duration":626}},{"uid":"598dd52687f7374f","reportUrl":"https://zaelcovsky.github.io/StroyremAutomation/236//#testresult/598dd52687f7374f","status":"broken","statusDetails":"selenium.common.exceptions.NoSuchElementException: Message: no such element: Unable to locate element: {\"method\":\"xpath\",\"selector\":\"(//a[@class='add-to-cart yellow-btn'])[1]\"}\n  (Session info: chrome-headless-shell=121.0.6167.184); For documentation on this error, please visit: https://www.selenium.dev/documentation/webdriver/troubleshooting/errors#no-such-element-exception\nStacktrace:\n#0 0x55936eba1303 <unknown>\n#1 0x55936e8862b7 <unknown>\n#2 0x55936e8d1cc0 <unknown>\n#3 0x55936e8d1db1 <unknown>\n#4 0x55936e915b44 <unknown>\n#5 0x55936e8f43ad <unknown>\n#6 0x55936e91307c <unknown>\n#7 0x55936e8f4123 <unknown>\n#8 0x55936e8c4095 <unknown>\n#9 0x55936e8c509e <unknown>\n#10 0x55936eb656ab <unknown>\n#11 0x55936eb694ba <unknown>\n#12 0x55936eb51f85 <unknown>\n#13 0x55936eb6a12f <unknown>\n#14 0x55936eb35e6f <unknown>\n#15 0x55936eb8e5f8 <unknown>\n#16 0x55936eb8e7c2 <unknown>\n#17 0x55936eba04a4 <unknown>\n#18 0x7f957cd18134 <unknown>","time":{"start":1708218712617,"stop":1708218712959,"duration":342}},{"uid":"f47dc2bf192a455c","reportUrl":"https://zaelcovsky.github.io/StroyremAutomation/235//#testresult/f47dc2bf192a455c","status":"broken","statusDetails":"selenium.common.exceptions.NoSuchElementException: Message: no such element: Unable to locate element: {\"method\":\"xpath\",\"selector\":\"(//a[@class='add-to-cart yellow-btn'])[1]\"}\n  (Session info: chrome-headless-shell=121.0.6167.184); For documentation on this error, please visit: https://www.selenium.dev/documentation/webdriver/troubleshooting/errors#no-such-element-exception\nStacktrace:\n#0 0x55e5fbe49303 <unknown>\n#1 0x55e5fbb2e2b7 <unknown>\n#2 0x55e5fbb79cc0 <unknown>\n#3 0x55e5fbb79db1 <unknown>\n#4 0x55e5fbbbdb44 <unknown>\n#5 0x55e5fbb9c3ad <unknown>\n#6 0x55e5fbbbb07c <unknown>\n#7 0x55e5fbb9c123 <unknown>\n#8 0x55e5fbb6c095 <unknown>\n#9 0x55e5fbb6d09e <unknown>\n#10 0x55e5fbe0d6ab <unknown>\n#11 0x55e5fbe114ba <unknown>\n#12 0x55e5fbdf9f85 <unknown>\n#13 0x55e5fbe1212f <unknown>\n#14 0x55e5fbddde6f <unknown>\n#15 0x55e5fbe365f8 <unknown>\n#16 0x55e5fbe367c2 <unknown>\n#17 0x55e5fbe484a4 <unknown>\n#18 0x7fd4acefc134 <unknown>","time":{"start":1708132008308,"stop":1708132008715,"duration":407}},{"uid":"55e9cfac2b4817a9","reportUrl":"https://zaelcovsky.github.io/StroyremAutomation/234//#testresult/55e9cfac2b4817a9","status":"broken","statusDetails":"selenium.common.exceptions.NoSuchElementException: Message: no such element: Unable to locate element: {\"method\":\"xpath\",\"selector\":\"(//a[@class='add-to-cart yellow-btn'])[1]\"}\n  (Session info: chrome-headless-shell=121.0.6167.85); For documentation on this error, please visit: https://www.selenium.dev/documentation/webdriver/troubleshooting/errors#no-such-element-exception\nStacktrace:\n#0 0x55980d916d93 <unknown>\n#1 0x55980d5fa337 <unknown>\n#2 0x55980d645d60 <unknown>\n#3 0x55980d645e51 <unknown>\n#4 0x55980d689bc4 <unknown>\n#5 0x55980d66846d <unknown>\n#6 0x55980d68712d <unknown>\n#7 0x55980d6681e3 <unknown>\n#8 0x55980d638135 <unknown>\n#9 0x55980d63913e <unknown>\n#10 0x55980d8dae4b <unknown>\n#11 0x55980d8dedfa <unknown>\n#12 0x55980d8c76d5 <unknown>\n#13 0x55980d8dfa6f <unknown>\n#14 0x55980d8ab69f <unknown>\n#15 0x55980d904098 <unknown>\n#16 0x55980d904262 <unknown>\n#17 0x55980d915f34 <unknown>\n#18 0x7f8a9249e134 <unknown>","time":{"start":1708045656199,"stop":1708045656605,"duration":406}},{"uid":"af768b36ccf7c7c","reportUrl":"https://zaelcovsky.github.io/StroyremAutomation/233//#testresult/af768b36ccf7c7c","status":"broken","statusDetails":"selenium.common.exceptions.NoSuchElementException: Message: no such element: Unable to locate element: {\"method\":\"xpath\",\"selector\":\"(//a[@class='add-to-cart yellow-btn'])[1]\"}\n  (Session info: chrome-headless-shell=121.0.6167.85); For documentation on this error, please visit: https://www.selenium.dev/documentation/webdriver/troubleshooting/errors#no-such-element-exception\nStacktrace:\n#0 0x559a10d13d93 <unknown>\n#1 0x559a109f7337 <unknown>\n#2 0x559a10a42d60 <unknown>\n#3 0x559a10a42e51 <unknown>\n#4 0x559a10a86bc4 <unknown>\n#5 0x559a10a6546d <unknown>\n#6 0x559a10a8412d <unknown>\n#7 0x559a10a651e3 <unknown>\n#8 0x559a10a35135 <unknown>\n#9 0x559a10a3613e <unknown>\n#10 0x559a10cd7e4b <unknown>\n#11 0x559a10cdbdfa <unknown>\n#12 0x559a10cc46d5 <unknown>\n#13 0x559a10cdca6f <unknown>\n#14 0x559a10ca869f <unknown>\n#15 0x559a10d01098 <unknown>\n#16 0x559a10d01262 <unknown>\n#17 0x559a10d12f34 <unknown>\n#18 0x7f2ac046c134 <unknown>","time":{"start":1707959361107,"stop":1707959361520,"duration":413}},{"uid":"b66518c311b44e3d","reportUrl":"https://zaelcovsky.github.io/StroyremAutomation/232//#testresult/b66518c311b44e3d","status":"broken","statusDetails":"selenium.common.exceptions.NoSuchElementException: Message: no such element: Unable to locate element: {\"method\":\"xpath\",\"selector\":\"(//a[@class='add-to-cart yellow-btn'])[1]\"}\n  (Session info: chrome-headless-shell=121.0.6167.85); For documentation on this error, please visit: https://www.selenium.dev/documentation/webdriver/troubleshooting/errors#no-such-element-exception\nStacktrace:\n#0 0x55b2f64a5d93 <unknown>\n#1 0x55b2f6189337 <unknown>\n#2 0x55b2f61d4d60 <unknown>\n#3 0x55b2f61d4e51 <unknown>\n#4 0x55b2f6218bc4 <unknown>\n#5 0x55b2f61f746d <unknown>\n#6 0x55b2f621612d <unknown>\n#7 0x55b2f61f71e3 <unknown>\n#8 0x55b2f61c7135 <unknown>\n#9 0x55b2f61c813e <unknown>\n#10 0x55b2f6469e4b <unknown>\n#11 0x55b2f646ddfa <unknown>\n#12 0x55b2f64566d5 <unknown>\n#13 0x55b2f646ea6f <unknown>\n#14 0x55b2f643a69f <unknown>\n#15 0x55b2f6493098 <unknown>\n#16 0x55b2f6493262 <unknown>\n#17 0x55b2f64a4f34 <unknown>\n#18 0x7f30b4c3f134 <unknown>","time":{"start":1707872905205,"stop":1707872905649,"duration":444}},{"uid":"fea4d3298861b992","reportUrl":"https://zaelcovsky.github.io/StroyremAutomation/231//#testresult/fea4d3298861b992","status":"broken","statusDetails":"selenium.common.exceptions.NoSuchElementException: Message: no such element: Unable to locate element: {\"method\":\"xpath\",\"selector\":\"(//a[@class='add-to-cart yellow-btn'])[1]\"}\n  (Session info: chrome-headless-shell=121.0.6167.85); For documentation on this error, please visit: https://www.selenium.dev/documentation/webdriver/troubleshooting/errors#no-such-element-exception\nStacktrace:\n#0 0x562a31bdcd93 <unknown>\n#1 0x562a318c0337 <unknown>\n#2 0x562a3190bd60 <unknown>\n#3 0x562a3190be51 <unknown>\n#4 0x562a3194fbc4 <unknown>\n#5 0x562a3192e46d <unknown>\n#6 0x562a3194d12d <unknown>\n#7 0x562a3192e1e3 <unknown>\n#8 0x562a318fe135 <unknown>\n#9 0x562a318ff13e <unknown>\n#10 0x562a31ba0e4b <unknown>\n#11 0x562a31ba4dfa <unknown>\n#12 0x562a31b8d6d5 <unknown>\n#13 0x562a31ba5a6f <unknown>\n#14 0x562a31b7169f <unknown>\n#15 0x562a31bca098 <unknown>\n#16 0x562a31bca262 <unknown>\n#17 0x562a31bdbf34 <unknown>\n#18 0x7fee0bb80134 <unknown>","time":{"start":1707786613577,"stop":1707786614187,"duration":610}},{"uid":"f61c953f259f3a78","reportUrl":"https://zaelcovsky.github.io/StroyremAutomation/230//#testresult/f61c953f259f3a78","status":"broken","statusDetails":"selenium.common.exceptions.NoSuchElementException: Message: no such element: Unable to locate element: {\"method\":\"xpath\",\"selector\":\"(//a[@class='add-to-cart yellow-btn'])[1]\"}\n  (Session info: chrome-headless-shell=121.0.6167.85); For documentation on this error, please visit: https://www.selenium.dev/documentation/webdriver/troubleshooting/errors#no-such-element-exception\nStacktrace:\n#0 0x557b047b8d93 <unknown>\n#1 0x557b0449c337 <unknown>\n#2 0x557b044e7d60 <unknown>\n#3 0x557b044e7e51 <unknown>\n#4 0x557b0452bbc4 <unknown>\n#5 0x557b0450a46d <unknown>\n#6 0x557b0452912d <unknown>\n#7 0x557b0450a1e3 <unknown>\n#8 0x557b044da135 <unknown>\n#9 0x557b044db13e <unknown>\n#10 0x557b0477ce4b <unknown>\n#11 0x557b04780dfa <unknown>\n#12 0x557b047696d5 <unknown>\n#13 0x557b04781a6f <unknown>\n#14 0x557b0474d69f <unknown>\n#15 0x557b047a6098 <unknown>\n#16 0x557b047a6262 <unknown>\n#17 0x557b047b7f34 <unknown>\n#18 0x7faffc040134 <unknown>","time":{"start":1707700102242,"stop":1707700102538,"duration":296}},{"uid":"2998ecb686b45ded","reportUrl":"https://zaelcovsky.github.io/StroyremAutomation/229//#testresult/2998ecb686b45ded","status":"broken","statusDetails":"selenium.common.exceptions.NoSuchElementException: Message: no such element: Unable to locate element: {\"method\":\"xpath\",\"selector\":\"(//a[@class='add-to-cart yellow-btn'])[1]\"}\n  (Session info: chrome-headless-shell=121.0.6167.85); For documentation on this error, please visit: https://www.selenium.dev/documentation/webdriver/troubleshooting/errors#no-such-element-exception\nStacktrace:\n#0 0x55561baa1d93 <unknown>\n#1 0x55561b785337 <unknown>\n#2 0x55561b7d0d60 <unknown>\n#3 0x55561b7d0e51 <unknown>\n#4 0x55561b814bc4 <unknown>\n#5 0x55561b7f346d <unknown>\n#6 0x55561b81212d <unknown>\n#7 0x55561b7f31e3 <unknown>\n#8 0x55561b7c3135 <unknown>\n#9 0x55561b7c413e <unknown>\n#10 0x55561ba65e4b <unknown>\n#11 0x55561ba69dfa <unknown>\n#12 0x55561ba526d5 <unknown>\n#13 0x55561ba6aa6f <unknown>\n#14 0x55561ba3669f <unknown>\n#15 0x55561ba8f098 <unknown>\n#16 0x55561ba8f262 <unknown>\n#17 0x55561baa0f34 <unknown>\n#18 0x7f25a9f59134 <unknown>","time":{"start":1707613928093,"stop":1707613928519,"duration":426}},{"uid":"431c9c349588eaaa","reportUrl":"https://zaelcovsky.github.io/StroyremAutomation/228//#testresult/431c9c349588eaaa","status":"broken","statusDetails":"selenium.common.exceptions.NoSuchElementException: Message: no such element: Unable to locate element: {\"method\":\"xpath\",\"selector\":\"(//a[@class='add-to-cart yellow-btn'])[1]\"}\n  (Session info: chrome-headless-shell=121.0.6167.85); For documentation on this error, please visit: https://www.selenium.dev/documentation/webdriver/troubleshooting/errors#no-such-element-exception\nStacktrace:\n#0 0x55c64d9b8d93 <unknown>\n#1 0x55c64d69c337 <unknown>\n#2 0x55c64d6e7d60 <unknown>\n#3 0x55c64d6e7e51 <unknown>\n#4 0x55c64d72bbc4 <unknown>\n#5 0x55c64d70a46d <unknown>\n#6 0x55c64d72912d <unknown>\n#7 0x55c64d70a1e3 <unknown>\n#8 0x55c64d6da135 <unknown>\n#9 0x55c64d6db13e <unknown>\n#10 0x55c64d97ce4b <unknown>\n#11 0x55c64d980dfa <unknown>\n#12 0x55c64d9696d5 <unknown>\n#13 0x55c64d981a6f <unknown>\n#14 0x55c64d94d69f <unknown>\n#15 0x55c64d9a6098 <unknown>\n#16 0x55c64d9a6262 <unknown>\n#17 0x55c64d9b7f34 <unknown>\n#18 0x7f39a4ced134 <unknown>","time":{"start":1707527137004,"stop":1707527137307,"duration":303}},{"uid":"9ffb3b1c18dfb824","reportUrl":"https://zaelcovsky.github.io/StroyremAutomation/227//#testresult/9ffb3b1c18dfb824","status":"broken","statusDetails":"selenium.common.exceptions.NoSuchElementException: Message: no such element: Unable to locate element: {\"method\":\"xpath\",\"selector\":\"(//a[@class='add-to-cart yellow-btn'])[1]\"}\n  (Session info: chrome-headless-shell=121.0.6167.85); For documentation on this error, please visit: https://www.selenium.dev/documentation/webdriver/troubleshooting/errors#no-such-element-exception\nStacktrace:\n#0 0x55b84394ed93 <unknown>\n#1 0x55b843632337 <unknown>\n#2 0x55b84367dd60 <unknown>\n#3 0x55b84367de51 <unknown>\n#4 0x55b8436c1bc4 <unknown>\n#5 0x55b8436a046d <unknown>\n#6 0x55b8436bf12d <unknown>\n#7 0x55b8436a01e3 <unknown>\n#8 0x55b843670135 <unknown>\n#9 0x55b84367113e <unknown>\n#10 0x55b843912e4b <unknown>\n#11 0x55b843916dfa <unknown>\n#12 0x55b8438ff6d5 <unknown>\n#13 0x55b843917a6f <unknown>\n#14 0x55b8438e369f <unknown>\n#15 0x55b84393c098 <unknown>\n#16 0x55b84393c262 <unknown>\n#17 0x55b84394df34 <unknown>\n#18 0x7f4307636134 <unknown>","time":{"start":1707440826801,"stop":1707440827104,"duration":303}},{"uid":"b04dc6b263caa690","reportUrl":"https://zaelcovsky.github.io/StroyremAutomation/226//#testresult/b04dc6b263caa690","status":"broken","statusDetails":"selenium.common.exceptions.NoSuchElementException: Message: no such element: Unable to locate element: {\"method\":\"xpath\",\"selector\":\"(//a[@class='add-to-cart yellow-btn'])[1]\"}\n  (Session info: chrome-headless-shell=121.0.6167.85); For documentation on this error, please visit: https://www.selenium.dev/documentation/webdriver/troubleshooting/errors#no-such-element-exception\nStacktrace:\n#0 0x55ea219b2d93 <unknown>\n#1 0x55ea21696337 <unknown>\n#2 0x55ea216e1d60 <unknown>\n#3 0x55ea216e1e51 <unknown>\n#4 0x55ea21725bc4 <unknown>\n#5 0x55ea2170446d <unknown>\n#6 0x55ea2172312d <unknown>\n#7 0x55ea217041e3 <unknown>\n#8 0x55ea216d4135 <unknown>\n#9 0x55ea216d513e <unknown>\n#10 0x55ea21976e4b <unknown>\n#11 0x55ea2197adfa <unknown>\n#12 0x55ea219636d5 <unknown>\n#13 0x55ea2197ba6f <unknown>\n#14 0x55ea2194769f <unknown>\n#15 0x55ea219a0098 <unknown>\n#16 0x55ea219a0262 <unknown>\n#17 0x55ea219b1f34 <unknown>\n#18 0x7fa750165134 <unknown>","time":{"start":1707354414645,"stop":1707354414962,"duration":317}},{"uid":"9f1496a70320b761","reportUrl":"https://zaelcovsky.github.io/StroyremAutomation/225//#testresult/9f1496a70320b761","status":"broken","statusDetails":"selenium.common.exceptions.NoSuchElementException: Message: no such element: Unable to locate element: {\"method\":\"xpath\",\"selector\":\"(//a[@class='add-to-cart yellow-btn'])[1]\"}\n  (Session info: chrome-headless-shell=121.0.6167.85); For documentation on this error, please visit: https://www.selenium.dev/documentation/webdriver/troubleshooting/errors#no-such-element-exception\nStacktrace:\n#0 0x55fc01852d93 <unknown>\n#1 0x55fc01536337 <unknown>\n#2 0x55fc01581d60 <unknown>\n#3 0x55fc01581e51 <unknown>\n#4 0x55fc015c5bc4 <unknown>\n#5 0x55fc015a446d <unknown>\n#6 0x55fc015c312d <unknown>\n#7 0x55fc015a41e3 <unknown>\n#8 0x55fc01574135 <unknown>\n#9 0x55fc0157513e <unknown>\n#10 0x55fc01816e4b <unknown>\n#11 0x55fc0181adfa <unknown>\n#12 0x55fc018036d5 <unknown>\n#13 0x55fc0181ba6f <unknown>\n#14 0x55fc017e769f <unknown>\n#15 0x55fc01840098 <unknown>\n#16 0x55fc01840262 <unknown>\n#17 0x55fc01851f34 <unknown>\n#18 0x7fac8ea5c134 <unknown>","time":{"start":1707267960953,"stop":1707267961247,"duration":294}},{"uid":"cacdda88ca244889","reportUrl":"https://zaelcovsky.github.io/StroyremAutomation/224//#testresult/cacdda88ca244889","status":"broken","statusDetails":"selenium.common.exceptions.NoSuchElementException: Message: no such element: Unable to locate element: {\"method\":\"xpath\",\"selector\":\"(//a[@class='add-to-cart yellow-btn'])[1]\"}\n  (Session info: chrome-headless-shell=121.0.6167.85); For documentation on this error, please visit: https://www.selenium.dev/documentation/webdriver/troubleshooting/errors#no-such-element-exception\nStacktrace:\n#0 0x55de959d1d93 <unknown>\n#1 0x55de956b5337 <unknown>\n#2 0x55de95700d60 <unknown>\n#3 0x55de95700e51 <unknown>\n#4 0x55de95744bc4 <unknown>\n#5 0x55de9572346d <unknown>\n#6 0x55de9574212d <unknown>\n#7 0x55de957231e3 <unknown>\n#8 0x55de956f3135 <unknown>\n#9 0x55de956f413e <unknown>\n#10 0x55de95995e4b <unknown>\n#11 0x55de95999dfa <unknown>\n#12 0x55de959826d5 <unknown>\n#13 0x55de9599aa6f <unknown>\n#14 0x55de9596669f <unknown>\n#15 0x55de959bf098 <unknown>\n#16 0x55de959bf262 <unknown>\n#17 0x55de959d0f34 <unknown>\n#18 0x7efdf1bf4134 <unknown>","time":{"start":1707181663980,"stop":1707181664271,"duration":291}},{"uid":"1c371918234cd506","reportUrl":"https://zaelcovsky.github.io/StroyremAutomation/223//#testresult/1c371918234cd506","status":"broken","statusDetails":"selenium.common.exceptions.NoSuchElementException: Message: no such element: Unable to locate element: {\"method\":\"xpath\",\"selector\":\"(//a[@class='add-to-cart yellow-btn'])[1]\"}\n  (Session info: chrome-headless-shell=121.0.6167.85); For documentation on this error, please visit: https://www.selenium.dev/documentation/webdriver/troubleshooting/errors#no-such-element-exception\nStacktrace:\n#0 0x560f73749d93 <unknown>\n#1 0x560f7342d337 <unknown>\n#2 0x560f73478d60 <unknown>\n#3 0x560f73478e51 <unknown>\n#4 0x560f734bcbc4 <unknown>\n#5 0x560f7349b46d <unknown>\n#6 0x560f734ba12d <unknown>\n#7 0x560f7349b1e3 <unknown>\n#8 0x560f7346b135 <unknown>\n#9 0x560f7346c13e <unknown>\n#10 0x560f7370de4b <unknown>\n#11 0x560f73711dfa <unknown>\n#12 0x560f736fa6d5 <unknown>\n#13 0x560f73712a6f <unknown>\n#14 0x560f736de69f <unknown>\n#15 0x560f73737098 <unknown>\n#16 0x560f73737262 <unknown>\n#17 0x560f73748f34 <unknown>\n#18 0x7fba07894134 <unknown>","time":{"start":1707095391017,"stop":1707095391323,"duration":306}},{"uid":"4bbf40bdb9d5e0c","reportUrl":"https://zaelcovsky.github.io/StroyremAutomation/222//#testresult/4bbf40bdb9d5e0c","status":"broken","statusDetails":"selenium.common.exceptions.NoSuchElementException: Message: no such element: Unable to locate element: {\"method\":\"xpath\",\"selector\":\"(//a[@class='add-to-cart yellow-btn'])[1]\"}\n  (Session info: chrome-headless-shell=121.0.6167.85); For documentation on this error, please visit: https://www.selenium.dev/documentation/webdriver/troubleshooting/errors#no-such-element-exception\nStacktrace:\n#0 0x55760d34ad93 <unknown>\n#1 0x55760d02e337 <unknown>\n#2 0x55760d079d60 <unknown>\n#3 0x55760d079e51 <unknown>\n#4 0x55760d0bdbc4 <unknown>\n#5 0x55760d09c46d <unknown>\n#6 0x55760d0bb12d <unknown>\n#7 0x55760d09c1e3 <unknown>\n#8 0x55760d06c135 <unknown>\n#9 0x55760d06d13e <unknown>\n#10 0x55760d30ee4b <unknown>\n#11 0x55760d312dfa <unknown>\n#12 0x55760d2fb6d5 <unknown>\n#13 0x55760d313a6f <unknown>\n#14 0x55760d2df69f <unknown>\n#15 0x55760d338098 <unknown>\n#16 0x55760d338262 <unknown>\n#17 0x55760d349f34 <unknown>\n#18 0x7fc0bc57a134 <unknown>","time":{"start":1707009143503,"stop":1707009143821,"duration":318}},{"uid":"be0ee70b2993534d","reportUrl":"https://zaelcovsky.github.io/StroyremAutomation/221//#testresult/be0ee70b2993534d","status":"broken","statusDetails":"selenium.common.exceptions.NoSuchElementException: Message: no such element: Unable to locate element: {\"method\":\"xpath\",\"selector\":\"(//a[@class='add-to-cart yellow-btn'])[1]\"}\n  (Session info: chrome-headless-shell=121.0.6167.85); For documentation on this error, please visit: https://www.selenium.dev/documentation/webdriver/troubleshooting/errors#no-such-element-exception\nStacktrace:\n#0 0x558ec2c00d93 <unknown>\n#1 0x558ec28e4337 <unknown>\n#2 0x558ec292fd60 <unknown>\n#3 0x558ec292fe51 <unknown>\n#4 0x558ec2973bc4 <unknown>\n#5 0x558ec295246d <unknown>\n#6 0x558ec297112d <unknown>\n#7 0x558ec29521e3 <unknown>\n#8 0x558ec2922135 <unknown>\n#9 0x558ec292313e <unknown>\n#10 0x558ec2bc4e4b <unknown>\n#11 0x558ec2bc8dfa <unknown>\n#12 0x558ec2bb16d5 <unknown>\n#13 0x558ec2bc9a6f <unknown>\n#14 0x558ec2b9569f <unknown>\n#15 0x558ec2bee098 <unknown>\n#16 0x558ec2bee262 <unknown>\n#17 0x558ec2bfff34 <unknown>\n#18 0x7f9ead5c8134 <unknown>","time":{"start":1706922425452,"stop":1706922425762,"duration":310}},{"uid":"6613e0ad11dafc88","reportUrl":"https://zaelcovsky.github.io/StroyremAutomation/220//#testresult/6613e0ad11dafc88","status":"broken","statusDetails":"selenium.common.exceptions.NoSuchElementException: Message: no such element: Unable to locate element: {\"method\":\"xpath\",\"selector\":\"(//a[@class='add-to-cart yellow-btn'])[1]\"}\n  (Session info: chrome-headless-shell=121.0.6167.85); For documentation on this error, please visit: https://www.selenium.dev/documentation/webdriver/troubleshooting/errors#no-such-element-exception\nStacktrace:\n#0 0x562f052bad93 <unknown>\n#1 0x562f04f9e337 <unknown>\n#2 0x562f04fe9d60 <unknown>\n#3 0x562f04fe9e51 <unknown>\n#4 0x562f0502dbc4 <unknown>\n#5 0x562f0500c46d <unknown>\n#6 0x562f0502b12d <unknown>\n#7 0x562f0500c1e3 <unknown>\n#8 0x562f04fdc135 <unknown>\n#9 0x562f04fdd13e <unknown>\n#10 0x562f0527ee4b <unknown>\n#11 0x562f05282dfa <unknown>\n#12 0x562f0526b6d5 <unknown>\n#13 0x562f05283a6f <unknown>\n#14 0x562f0524f69f <unknown>\n#15 0x562f052a8098 <unknown>\n#16 0x562f052a8262 <unknown>\n#17 0x562f052b9f34 <unknown>\n#18 0x7f336836c134 <unknown>","time":{"start":1706836092906,"stop":1706836093575,"duration":669}}]},"tags":["smoke"]},"source":"3dec0036e1e3c3d8.json","parameterValues":["3320","13","'TD 017'","2390","'products/shtukaturka-gipsovaya-aksolit-m50-30-kg-mashinnogo-naneseniya'","650","'https://sandboxtest.stroyrem-nn.ru/'","400"]}