{"uid":"c2c1390b2a6978bf","name":"Переход с окна авторизации на страницу восстановления пароля","fullName":"tests.test_sign_in.test_sign_in_page.TestSignInPage#test_positive_Click_Forgot_your_password_smoke","historyId":"8516669b7a1b7a78383510103fa5ecf7","time":{"start":1691543562297,"stop":1691543562297,"duration":0},"status":"broken","statusMessage":"selenium.common.exceptions.TimeoutException: Message:","statusTrace":"driver = <selenium.webdriver.chrome.webdriver.WebDriver (session=\"eb2f3cb640cf0fc53d1f0b0a52bc52f0\")>\nsign_in_page = <pages.sign_in_page.SignInPage object at 0x7fc356658990>\n\n    @pytest.fixture(scope='function')\n    def open_sign_in_window(driver, sign_in_page):\n        \"\"\"\n        Осуществляет переход с главной страницы на окно авторизации\n        \"\"\"\n        sign_in_page.get_main_page_profile_icon().click()\n        action = ActionChains(driver)\n>       sign_in_button = sign_in_page.element_is_clickable(sign_in_page._main_page_sign_in_button)\n\ntests/test_sign_in/conftest.py:21: \n_ _ _ _ _ _ _ _ _ _ _ _ _ _ _ _ _ _ _ _ _ _ _ _ _ _ _ _ _ _ _ _ _ _ _ _ _ _ _ _ \nbase/seleniumbase.py:90: in element_is_clickable\n    return self.__wait.until(EC.element_to_be_clickable(locator))\n_ _ _ _ _ _ _ _ _ _ _ _ _ _ _ _ _ _ _ _ _ _ _ _ _ _ _ _ _ _ _ _ _ _ _ _ _ _ _ _ \n\nself = <selenium.webdriver.support.wait.WebDriverWait (session=\"eb2f3cb640cf0fc53d1f0b0a52bc52f0\")>\nmethod = <function element_to_be_clickable.<locals>._predicate at 0x7fc3566b8400>\nmessage = ''\n\n    def until(self, method, message: str = \"\"):\n        \"\"\"Calls the method provided with the driver as an argument until the \\\n        return value does not evaluate to ``False``.\n    \n        :param method: callable(WebDriver)\n        :param message: optional message for :exc:`TimeoutException`\n        :returns: the result of the last call to `method`\n        :raises: :exc:`selenium.common.exceptions.TimeoutException` if timeout occurs\n        \"\"\"\n        screen = None\n        stacktrace = None\n    \n        end_time = time.monotonic() + self._timeout\n        while True:\n            try:\n                value = method(self._driver)\n                if value:\n                    return value\n            except self._ignored_exceptions as exc:\n                screen = getattr(exc, \"screen\", None)\n                stacktrace = getattr(exc, \"stacktrace\", None)\n            time.sleep(self._poll)\n            if time.monotonic() > end_time:\n                break\n>       raise TimeoutException(message, screen, stacktrace)\nE       selenium.common.exceptions.TimeoutException: Message:\n\n/usr/local/lib/python3.11/site-packages/selenium/webdriver/support/wait.py:95: TimeoutException","flaky":false,"newFailed":false,"newBroken":true,"newPassed":false,"retriesCount":0,"retriesStatusChange":false,"beforeStages":[{"name":"_session_faker","time":{"start":1691543541727,"stop":1691543541808,"duration":81},"status":"passed","steps":[],"attachments":[],"parameters":[],"stepsCount":0,"attachmentsCount":0,"shouldDisplayMessage":false,"hasContent":false},{"name":"clear_allure_results_folder","time":{"start":1691543541809,"stop":1691543541809,"duration":0},"status":"passed","steps":[],"attachments":[],"parameters":[],"stepsCount":0,"attachmentsCount":0,"shouldDisplayMessage":false,"hasContent":false},{"name":"driver","time":{"start":1691543562297,"stop":1691543563108,"duration":811},"status":"passed","steps":[],"attachments":[],"parameters":[],"stepsCount":0,"attachmentsCount":0,"shouldDisplayMessage":false,"hasContent":false},{"name":"sign_in_page","time":{"start":1691543563109,"stop":1691543596315,"duration":33206},"status":"passed","steps":[],"attachments":[],"parameters":[],"stepsCount":0,"attachmentsCount":0,"shouldDisplayMessage":false,"hasContent":false},{"name":"setup","time":{"start":1691543563109,"stop":1691543563109,"duration":0},"status":"passed","steps":[],"attachments":[],"parameters":[],"stepsCount":0,"attachmentsCount":0,"shouldDisplayMessage":false,"hasContent":false},{"name":"open_sign_in_window","time":{"start":1691543596315,"stop":1691543611537,"duration":15222},"status":"broken","statusMessage":"selenium.common.exceptions.TimeoutException: Message: \n\n","statusTrace":"  File \"/usr/local/lib/python3.11/site-packages/pluggy/_callers.py\", line 80, in _multicall\n    res = hook_impl.function(*args)\n          ^^^^^^^^^^^^^^^^^^^^^^^^^\n  File \"/usr/local/lib/python3.11/site-packages/_pytest/fixtures.py\", line 1123, in pytest_fixture_setup\n    result = call_fixture_func(fixturefunc, request, kwargs)\n             ^^^^^^^^^^^^^^^^^^^^^^^^^^^^^^^^^^^^^^^^^^^^^^^\n  File \"/usr/local/lib/python3.11/site-packages/_pytest/fixtures.py\", line 902, in call_fixture_func\n    fixture_result = fixturefunc(**kwargs)\n                     ^^^^^^^^^^^^^^^^^^^^^\n  File \"/app/tests/test_sign_in/conftest.py\", line 21, in open_sign_in_window\n    sign_in_button = sign_in_page.element_is_clickable(sign_in_page._main_page_sign_in_button)\n                     ^^^^^^^^^^^^^^^^^^^^^^^^^^^^^^^^^^^^^^^^^^^^^^^^^^^^^^^^^^^^^^^^^^^^^^^^^\n  File \"/app/base/seleniumbase.py\", line 90, in element_is_clickable\n    return self.__wait.until(EC.element_to_be_clickable(locator))\n           ^^^^^^^^^^^^^^^^^^^^^^^^^^^^^^^^^^^^^^^^^^^^^^^^^^^^^^\n  File \"/usr/local/lib/python3.11/site-packages/selenium/webdriver/support/wait.py\", line 95, in until\n    raise TimeoutException(message, screen, stacktrace)\n","steps":[{"name":"Нахождение элемента: иконка профиля в хедере","time":{"start":1691543596315,"stop":1691543596331,"duration":16},"status":"passed","steps":[],"attachments":[],"parameters":[],"stepsCount":0,"attachmentsCount":0,"shouldDisplayMessage":false,"hasContent":false}],"attachments":[],"parameters":[],"stepsCount":1,"attachmentsCount":0,"shouldDisplayMessage":true,"hasContent":true}],"afterStages":[{"name":"setup::0","time":{"start":1691543611579,"stop":1691543611579,"duration":0},"status":"passed","steps":[],"attachments":[],"parameters":[],"stepsCount":0,"attachmentsCount":0,"shouldDisplayMessage":false,"hasContent":false},{"name":"driver::0","time":{"start":1691543611580,"stop":1691543611646,"duration":66},"status":"passed","steps":[],"attachments":[],"parameters":[],"stepsCount":0,"attachmentsCount":0,"shouldDisplayMessage":false,"hasContent":false}],"labels":[{"name":"epic","value":"Sign In Page"},{"name":"tag","value":"smoke_test"},{"name":"parentSuite","value":"tests.test_sign_in"},{"name":"suite","value":"test_sign_in_page"},{"name":"subSuite","value":"TestSignInPage"},{"name":"host","value":"726e4ec6504c"},{"name":"thread","value":"1-MainThread"},{"name":"framework","value":"pytest"},{"name":"language","value":"cpython3"},{"name":"package","value":"tests.test_sign_in.test_sign_in_page"},{"name":"resultFormat","value":"allure2"}],"parameters":[],"links":[],"hidden":false,"retry":false,"extra":{"severity":"normal","retries":[],"categories":[{"name":"Test defects","matchedStatuses":[],"flaky":false}],"history":{"statistic":{"failed":0,"broken":1,"skipped":0,"passed":5,"unknown":0,"total":6},"items":[{"uid":"809b657645d43a11","reportUrl":"https://zaelcovsky.github.io/StroyremAutomation/25//#testresult/809b657645d43a11","status":"passed","time":{"start":1691520908147,"stop":1691520909397,"duration":1250}},{"uid":"e599b36fe4c7bea1","reportUrl":"https://zaelcovsky.github.io/StroyremAutomation/24//#testresult/e599b36fe4c7bea1","status":"passed","time":{"start":1691520047805,"stop":1691520049081,"duration":1276}},{"uid":"ed7e992074bcc146","reportUrl":"https://zaelcovsky.github.io/StroyremAutomation/23//#testresult/ed7e992074bcc146","status":"passed","time":{"start":1691519535113,"stop":1691519536420,"duration":1307}},{"uid":"d88d17daf2fea19","reportUrl":"https://zaelcovsky.github.io/StroyremAutomation/22//#testresult/d88d17daf2fea19","status":"passed","time":{"start":1691518997453,"stop":1691518998651,"duration":1198}},{"uid":"1c0ba97cc8fd21a8","reportUrl":"https://zaelcovsky.github.io/StroyremAutomation/20//#testresult/1c0ba97cc8fd21a8","status":"passed","time":{"start":1691517566767,"stop":1691517567910,"duration":1143}}]},"tags":["smoke_test"]},"source":"c2c1390b2a6978bf.json","parameterValues":[]}