{"uid":"d97f7368b6c47a8e","name":"TC 010 - Проверка функциональности ссылки 'email'","fullName":"tests.test_main_page.TestMainPage#test_positive_footer_email_smoke","historyId":"e74c5b055592413915ce1908666f1f44","time":{"start":1697245336172,"stop":1697245336188,"duration":16},"status":"broken","statusMessage":"selenium.common.exceptions.NoSuchElementException: Message: no such element: Unable to locate element: {\"method\":\"xpath\",\"selector\":\"//a[@class='footer-email']\"}\n  (Session info: headless chrome=118.0.5993.70); For documentation on this error, please visit: https://www.selenium.dev/documentation/webdriver/troubleshooting/errors#no-such-element-exception\nStacktrace:\n#0 0x56406be92fb3 <unknown>\n#1 0x56406bb664a7 <unknown>\n#2 0x56406bbaddd6 <unknown>\n#3 0x56406bbadec1 <unknown>\n#4 0x56406bbeb354 <unknown>\n#5 0x56406bbcf96d <unknown>\n#6 0x56406bbe8c02 <unknown>\n#7 0x56406bbcf713 <unknown>\n#8 0x56406bba218b <unknown>\n#9 0x56406bba2f7e <unknown>\n#10 0x56406be588d8 <unknown>\n#11 0x56406be5c800 <unknown>\n#12 0x56406be66cfc <unknown>\n#13 0x56406be5d418 <unknown>\n#14 0x56406be2a42f <unknown>\n#15 0x56406be814e8 <unknown>\n#16 0x56406be816b4 <unknown>\n#17 0x56406be92143 <unknown>\n#18 0x7f2c35998044 <unknown>","statusTrace":"self = <tests.test_main_page.TestMainPage object at 0x7ff643641a50>\nmain_page = <pages.main_page.MainPage object at 0x7ff643191550>\n\n    @allure.feature(\"Footer functionality\")\n    @allure.title(\"TC 010 - Проверка функциональности ссылки 'email'\")\n    # @pytest.mark.xfail(reason=\"Попап не реализован\")\n    @pytest.mark.smoke_test\n    def test_positive_footer_email_smoke(self, main_page):\n>       main_page.check_email_link()\n\ntests/test_main_page.py:100: \n_ _ _ _ _ _ _ _ _ _ _ _ _ _ _ _ _ _ _ _ _ _ _ _ _ _ _ _ _ _ _ _ _ _ _ _ _ _ _ _ \npages/main_page.py:136: in check_email_link\n    self.driver.find_element(*self._email_link).click()\n/usr/local/lib/python3.11/site-packages/selenium/webdriver/remote/webdriver.py:740: in find_element\n    return self.execute(Command.FIND_ELEMENT, {\"using\": by, \"value\": value})[\"value\"]\n/usr/local/lib/python3.11/site-packages/selenium/webdriver/remote/webdriver.py:346: in execute\n    self.error_handler.check_response(response)\n_ _ _ _ _ _ _ _ _ _ _ _ _ _ _ _ _ _ _ _ _ _ _ _ _ _ _ _ _ _ _ _ _ _ _ _ _ _ _ _ \n\nself = <selenium.webdriver.remote.errorhandler.ErrorHandler object at 0x7ff6440f1710>\nresponse = {'status': 404, 'value': '{\"value\":{\"error\":\"no such element\",\"message\":\"no such element: Unable to locate element: {\\...\\\\n#16 0x56406be816b4 \\\\u003Cunknown>\\\\n#17 0x56406be92143 \\\\u003Cunknown>\\\\n#18 0x7f2c35998044 \\\\u003Cunknown>\\\\n\"}}'}\n\n    def check_response(self, response: Dict[str, Any]) -> None:\n        \"\"\"Checks that a JSON response from the WebDriver does not have an\n        error.\n    \n        :Args:\n         - response - The JSON response from the WebDriver server as a dictionary\n           object.\n    \n        :Raises: If the response contains an error message.\n        \"\"\"\n        status = response.get(\"status\", None)\n        if not status or status == ErrorCode.SUCCESS:\n            return\n        value = None\n        message = response.get(\"message\", \"\")\n        screen: str = response.get(\"screen\", \"\")\n        stacktrace = None\n        if isinstance(status, int):\n            value_json = response.get(\"value\", None)\n            if value_json and isinstance(value_json, str):\n                import json\n    \n                try:\n                    value = json.loads(value_json)\n                    if len(value) == 1:\n                        value = value[\"value\"]\n                    status = value.get(\"error\", None)\n                    if not status:\n                        status = value.get(\"status\", ErrorCode.UNKNOWN_ERROR)\n                        message = value.get(\"value\") or value.get(\"message\")\n                        if not isinstance(message, str):\n                            value = message\n                            message = message.get(\"message\")\n                    else:\n                        message = value.get(\"message\", None)\n                except ValueError:\n                    pass\n    \n        exception_class: Type[WebDriverException]\n        if status in ErrorCode.NO_SUCH_ELEMENT:\n            exception_class = NoSuchElementException\n        elif status in ErrorCode.NO_SUCH_FRAME:\n            exception_class = NoSuchFrameException\n        elif status in ErrorCode.NO_SUCH_SHADOW_ROOT:\n            exception_class = NoSuchShadowRootException\n        elif status in ErrorCode.NO_SUCH_WINDOW:\n            exception_class = NoSuchWindowException\n        elif status in ErrorCode.STALE_ELEMENT_REFERENCE:\n            exception_class = StaleElementReferenceException\n        elif status in ErrorCode.ELEMENT_NOT_VISIBLE:\n            exception_class = ElementNotVisibleException\n        elif status in ErrorCode.INVALID_ELEMENT_STATE:\n            exception_class = InvalidElementStateException\n        elif (\n            status in ErrorCode.INVALID_SELECTOR\n            or status in ErrorCode.INVALID_XPATH_SELECTOR\n            or status in ErrorCode.INVALID_XPATH_SELECTOR_RETURN_TYPER\n        ):\n            exception_class = InvalidSelectorException\n        elif status in ErrorCode.ELEMENT_IS_NOT_SELECTABLE:\n            exception_class = ElementNotSelectableException\n        elif status in ErrorCode.ELEMENT_NOT_INTERACTABLE:\n            exception_class = ElementNotInteractableException\n        elif status in ErrorCode.INVALID_COOKIE_DOMAIN:\n            exception_class = InvalidCookieDomainException\n        elif status in ErrorCode.UNABLE_TO_SET_COOKIE:\n            exception_class = UnableToSetCookieException\n        elif status in ErrorCode.TIMEOUT:\n            exception_class = TimeoutException\n        elif status in ErrorCode.SCRIPT_TIMEOUT:\n            exception_class = TimeoutException\n        elif status in ErrorCode.UNKNOWN_ERROR:\n            exception_class = WebDriverException\n        elif status in ErrorCode.UNEXPECTED_ALERT_OPEN:\n            exception_class = UnexpectedAlertPresentException\n        elif status in ErrorCode.NO_ALERT_OPEN:\n            exception_class = NoAlertPresentException\n        elif status in ErrorCode.IME_NOT_AVAILABLE:\n            exception_class = ImeNotAvailableException\n        elif status in ErrorCode.IME_ENGINE_ACTIVATION_FAILED:\n            exception_class = ImeActivationFailedException\n        elif status in ErrorCode.MOVE_TARGET_OUT_OF_BOUNDS:\n            exception_class = MoveTargetOutOfBoundsException\n        elif status in ErrorCode.JAVASCRIPT_ERROR:\n            exception_class = JavascriptException\n        elif status in ErrorCode.SESSION_NOT_CREATED:\n            exception_class = SessionNotCreatedException\n        elif status in ErrorCode.INVALID_ARGUMENT:\n            exception_class = InvalidArgumentException\n        elif status in ErrorCode.NO_SUCH_COOKIE:\n            exception_class = NoSuchCookieException\n        elif status in ErrorCode.UNABLE_TO_CAPTURE_SCREEN:\n            exception_class = ScreenshotException\n        elif status in ErrorCode.ELEMENT_CLICK_INTERCEPTED:\n            exception_class = ElementClickInterceptedException\n        elif status in ErrorCode.INSECURE_CERTIFICATE:\n            exception_class = InsecureCertificateException\n        elif status in ErrorCode.INVALID_COORDINATES:\n            exception_class = InvalidCoordinatesException\n        elif status in ErrorCode.INVALID_SESSION_ID:\n            exception_class = InvalidSessionIdException\n        elif status in ErrorCode.UNKNOWN_METHOD:\n            exception_class = UnknownMethodException\n        else:\n            exception_class = WebDriverException\n        if not value:\n            value = response[\"value\"]\n        if isinstance(value, str):\n            raise exception_class(value)\n        if message == \"\" and \"message\" in value:\n            message = value[\"message\"]\n    \n        screen = None  # type: ignore[assignment]\n        if \"screen\" in value:\n            screen = value[\"screen\"]\n    \n        stacktrace = None\n        st_value = value.get(\"stackTrace\") or value.get(\"stacktrace\")\n        if st_value:\n            if isinstance(st_value, str):\n                stacktrace = st_value.split(\"\\n\")\n            else:\n                stacktrace = []\n                try:\n                    for frame in st_value:\n                        line = frame.get(\"lineNumber\", \"\")\n                        file = frame.get(\"fileName\", \"<anonymous>\")\n                        if line:\n                            file = f\"{file}:{line}\"\n                        meth = frame.get(\"methodName\", \"<anonymous>\")\n                        if \"className\" in frame:\n                            meth = f\"{frame['className']}.{meth}\"\n                        msg = \"    at %s (%s)\"\n                        msg = msg % (meth, file)\n                        stacktrace.append(msg)\n                except TypeError:\n                    pass\n        if exception_class == UnexpectedAlertPresentException:\n            alert_text = None\n            if \"data\" in value:\n                alert_text = value[\"data\"].get(\"text\")\n            elif \"alert\" in value:\n                alert_text = value[\"alert\"].get(\"text\")\n            raise exception_class(message, screen, stacktrace, alert_text)  # type: ignore[call-arg]  # mypy is not smart enough here\n>       raise exception_class(message, screen, stacktrace)\nE       selenium.common.exceptions.NoSuchElementException: Message: no such element: Unable to locate element: {\"method\":\"xpath\",\"selector\":\"//a[@class='footer-email']\"}\nE         (Session info: headless chrome=118.0.5993.70); For documentation on this error, please visit: https://www.selenium.dev/documentation/webdriver/troubleshooting/errors#no-such-element-exception\nE       Stacktrace:\nE       #0 0x56406be92fb3 <unknown>\nE       #1 0x56406bb664a7 <unknown>\nE       #2 0x56406bbaddd6 <unknown>\nE       #3 0x56406bbadec1 <unknown>\nE       #4 0x56406bbeb354 <unknown>\nE       #5 0x56406bbcf96d <unknown>\nE       #6 0x56406bbe8c02 <unknown>\nE       #7 0x56406bbcf713 <unknown>\nE       #8 0x56406bba218b <unknown>\nE       #9 0x56406bba2f7e <unknown>\nE       #10 0x56406be588d8 <unknown>\nE       #11 0x56406be5c800 <unknown>\nE       #12 0x56406be66cfc <unknown>\nE       #13 0x56406be5d418 <unknown>\nE       #14 0x56406be2a42f <unknown>\nE       #15 0x56406be814e8 <unknown>\nE       #16 0x56406be816b4 <unknown>\nE       #17 0x56406be92143 <unknown>\nE       #18 0x7f2c35998044 <unknown>\n\n/usr/local/lib/python3.11/site-packages/selenium/webdriver/remote/errorhandler.py:245: NoSuchElementException","flaky":false,"newFailed":false,"newBroken":false,"newPassed":false,"retriesCount":0,"retriesStatusChange":false,"beforeStages":[{"name":"_session_faker","time":{"start":1697245167557,"stop":1697245167652,"duration":95},"status":"passed","steps":[],"attachments":[],"parameters":[],"shouldDisplayMessage":false,"stepsCount":0,"attachmentsCount":0,"hasContent":false},{"name":"clear_allure_results_folder","time":{"start":1697245167653,"stop":1697245167653,"duration":0},"status":"passed","steps":[],"attachments":[],"parameters":[],"shouldDisplayMessage":false,"stepsCount":0,"attachmentsCount":0,"hasContent":false},{"name":"driver","time":{"start":1697245330698,"stop":1697245331490,"duration":792},"status":"passed","steps":[],"attachments":[],"parameters":[],"shouldDisplayMessage":false,"stepsCount":0,"attachmentsCount":0,"hasContent":false},{"name":"setup","time":{"start":1697245331490,"stop":1697245331491,"duration":1},"status":"passed","steps":[],"attachments":[],"parameters":[],"shouldDisplayMessage":false,"stepsCount":0,"attachmentsCount":0,"hasContent":false},{"name":"main_page","time":{"start":1697245331491,"stop":1697245336172,"duration":4681},"status":"passed","steps":[],"attachments":[],"parameters":[],"shouldDisplayMessage":false,"stepsCount":0,"attachmentsCount":0,"hasContent":false}],"testStage":{"status":"broken","statusMessage":"selenium.common.exceptions.NoSuchElementException: Message: no such element: Unable to locate element: {\"method\":\"xpath\",\"selector\":\"//a[@class='footer-email']\"}\n  (Session info: headless chrome=118.0.5993.70); For documentation on this error, please visit: https://www.selenium.dev/documentation/webdriver/troubleshooting/errors#no-such-element-exception\nStacktrace:\n#0 0x56406be92fb3 <unknown>\n#1 0x56406bb664a7 <unknown>\n#2 0x56406bbaddd6 <unknown>\n#3 0x56406bbadec1 <unknown>\n#4 0x56406bbeb354 <unknown>\n#5 0x56406bbcf96d <unknown>\n#6 0x56406bbe8c02 <unknown>\n#7 0x56406bbcf713 <unknown>\n#8 0x56406bba218b <unknown>\n#9 0x56406bba2f7e <unknown>\n#10 0x56406be588d8 <unknown>\n#11 0x56406be5c800 <unknown>\n#12 0x56406be66cfc <unknown>\n#13 0x56406be5d418 <unknown>\n#14 0x56406be2a42f <unknown>\n#15 0x56406be814e8 <unknown>\n#16 0x56406be816b4 <unknown>\n#17 0x56406be92143 <unknown>\n#18 0x7f2c35998044 <unknown>","statusTrace":"self = <tests.test_main_page.TestMainPage object at 0x7ff643641a50>\nmain_page = <pages.main_page.MainPage object at 0x7ff643191550>\n\n    @allure.feature(\"Footer functionality\")\n    @allure.title(\"TC 010 - Проверка функциональности ссылки 'email'\")\n    # @pytest.mark.xfail(reason=\"Попап не реализован\")\n    @pytest.mark.smoke_test\n    def test_positive_footer_email_smoke(self, main_page):\n>       main_page.check_email_link()\n\ntests/test_main_page.py:100: \n_ _ _ _ _ _ _ _ _ _ _ _ _ _ _ _ _ _ _ _ _ _ _ _ _ _ _ _ _ _ _ _ _ _ _ _ _ _ _ _ \npages/main_page.py:136: in check_email_link\n    self.driver.find_element(*self._email_link).click()\n/usr/local/lib/python3.11/site-packages/selenium/webdriver/remote/webdriver.py:740: in find_element\n    return self.execute(Command.FIND_ELEMENT, {\"using\": by, \"value\": value})[\"value\"]\n/usr/local/lib/python3.11/site-packages/selenium/webdriver/remote/webdriver.py:346: in execute\n    self.error_handler.check_response(response)\n_ _ _ _ _ _ _ _ _ _ _ _ _ _ _ _ _ _ _ _ _ _ _ _ _ _ _ _ _ _ _ _ _ _ _ _ _ _ _ _ \n\nself = <selenium.webdriver.remote.errorhandler.ErrorHandler object at 0x7ff6440f1710>\nresponse = {'status': 404, 'value': '{\"value\":{\"error\":\"no such element\",\"message\":\"no such element: Unable to locate element: {\\...\\\\n#16 0x56406be816b4 \\\\u003Cunknown>\\\\n#17 0x56406be92143 \\\\u003Cunknown>\\\\n#18 0x7f2c35998044 \\\\u003Cunknown>\\\\n\"}}'}\n\n    def check_response(self, response: Dict[str, Any]) -> None:\n        \"\"\"Checks that a JSON response from the WebDriver does not have an\n        error.\n    \n        :Args:\n         - response - The JSON response from the WebDriver server as a dictionary\n           object.\n    \n        :Raises: If the response contains an error message.\n        \"\"\"\n        status = response.get(\"status\", None)\n        if not status or status == ErrorCode.SUCCESS:\n            return\n        value = None\n        message = response.get(\"message\", \"\")\n        screen: str = response.get(\"screen\", \"\")\n        stacktrace = None\n        if isinstance(status, int):\n            value_json = response.get(\"value\", None)\n            if value_json and isinstance(value_json, str):\n                import json\n    \n                try:\n                    value = json.loads(value_json)\n                    if len(value) == 1:\n                        value = value[\"value\"]\n                    status = value.get(\"error\", None)\n                    if not status:\n                        status = value.get(\"status\", ErrorCode.UNKNOWN_ERROR)\n                        message = value.get(\"value\") or value.get(\"message\")\n                        if not isinstance(message, str):\n                            value = message\n                            message = message.get(\"message\")\n                    else:\n                        message = value.get(\"message\", None)\n                except ValueError:\n                    pass\n    \n        exception_class: Type[WebDriverException]\n        if status in ErrorCode.NO_SUCH_ELEMENT:\n            exception_class = NoSuchElementException\n        elif status in ErrorCode.NO_SUCH_FRAME:\n            exception_class = NoSuchFrameException\n        elif status in ErrorCode.NO_SUCH_SHADOW_ROOT:\n            exception_class = NoSuchShadowRootException\n        elif status in ErrorCode.NO_SUCH_WINDOW:\n            exception_class = NoSuchWindowException\n        elif status in ErrorCode.STALE_ELEMENT_REFERENCE:\n            exception_class = StaleElementReferenceException\n        elif status in ErrorCode.ELEMENT_NOT_VISIBLE:\n            exception_class = ElementNotVisibleException\n        elif status in ErrorCode.INVALID_ELEMENT_STATE:\n            exception_class = InvalidElementStateException\n        elif (\n            status in ErrorCode.INVALID_SELECTOR\n            or status in ErrorCode.INVALID_XPATH_SELECTOR\n            or status in ErrorCode.INVALID_XPATH_SELECTOR_RETURN_TYPER\n        ):\n            exception_class = InvalidSelectorException\n        elif status in ErrorCode.ELEMENT_IS_NOT_SELECTABLE:\n            exception_class = ElementNotSelectableException\n        elif status in ErrorCode.ELEMENT_NOT_INTERACTABLE:\n            exception_class = ElementNotInteractableException\n        elif status in ErrorCode.INVALID_COOKIE_DOMAIN:\n            exception_class = InvalidCookieDomainException\n        elif status in ErrorCode.UNABLE_TO_SET_COOKIE:\n            exception_class = UnableToSetCookieException\n        elif status in ErrorCode.TIMEOUT:\n            exception_class = TimeoutException\n        elif status in ErrorCode.SCRIPT_TIMEOUT:\n            exception_class = TimeoutException\n        elif status in ErrorCode.UNKNOWN_ERROR:\n            exception_class = WebDriverException\n        elif status in ErrorCode.UNEXPECTED_ALERT_OPEN:\n            exception_class = UnexpectedAlertPresentException\n        elif status in ErrorCode.NO_ALERT_OPEN:\n            exception_class = NoAlertPresentException\n        elif status in ErrorCode.IME_NOT_AVAILABLE:\n            exception_class = ImeNotAvailableException\n        elif status in ErrorCode.IME_ENGINE_ACTIVATION_FAILED:\n            exception_class = ImeActivationFailedException\n        elif status in ErrorCode.MOVE_TARGET_OUT_OF_BOUNDS:\n            exception_class = MoveTargetOutOfBoundsException\n        elif status in ErrorCode.JAVASCRIPT_ERROR:\n            exception_class = JavascriptException\n        elif status in ErrorCode.SESSION_NOT_CREATED:\n            exception_class = SessionNotCreatedException\n        elif status in ErrorCode.INVALID_ARGUMENT:\n            exception_class = InvalidArgumentException\n        elif status in ErrorCode.NO_SUCH_COOKIE:\n            exception_class = NoSuchCookieException\n        elif status in ErrorCode.UNABLE_TO_CAPTURE_SCREEN:\n            exception_class = ScreenshotException\n        elif status in ErrorCode.ELEMENT_CLICK_INTERCEPTED:\n            exception_class = ElementClickInterceptedException\n        elif status in ErrorCode.INSECURE_CERTIFICATE:\n            exception_class = InsecureCertificateException\n        elif status in ErrorCode.INVALID_COORDINATES:\n            exception_class = InvalidCoordinatesException\n        elif status in ErrorCode.INVALID_SESSION_ID:\n            exception_class = InvalidSessionIdException\n        elif status in ErrorCode.UNKNOWN_METHOD:\n            exception_class = UnknownMethodException\n        else:\n            exception_class = WebDriverException\n        if not value:\n            value = response[\"value\"]\n        if isinstance(value, str):\n            raise exception_class(value)\n        if message == \"\" and \"message\" in value:\n            message = value[\"message\"]\n    \n        screen = None  # type: ignore[assignment]\n        if \"screen\" in value:\n            screen = value[\"screen\"]\n    \n        stacktrace = None\n        st_value = value.get(\"stackTrace\") or value.get(\"stacktrace\")\n        if st_value:\n            if isinstance(st_value, str):\n                stacktrace = st_value.split(\"\\n\")\n            else:\n                stacktrace = []\n                try:\n                    for frame in st_value:\n                        line = frame.get(\"lineNumber\", \"\")\n                        file = frame.get(\"fileName\", \"<anonymous>\")\n                        if line:\n                            file = f\"{file}:{line}\"\n                        meth = frame.get(\"methodName\", \"<anonymous>\")\n                        if \"className\" in frame:\n                            meth = f\"{frame['className']}.{meth}\"\n                        msg = \"    at %s (%s)\"\n                        msg = msg % (meth, file)\n                        stacktrace.append(msg)\n                except TypeError:\n                    pass\n        if exception_class == UnexpectedAlertPresentException:\n            alert_text = None\n            if \"data\" in value:\n                alert_text = value[\"data\"].get(\"text\")\n            elif \"alert\" in value:\n                alert_text = value[\"alert\"].get(\"text\")\n            raise exception_class(message, screen, stacktrace, alert_text)  # type: ignore[call-arg]  # mypy is not smart enough here\n>       raise exception_class(message, screen, stacktrace)\nE       selenium.common.exceptions.NoSuchElementException: Message: no such element: Unable to locate element: {\"method\":\"xpath\",\"selector\":\"//a[@class='footer-email']\"}\nE         (Session info: headless chrome=118.0.5993.70); For documentation on this error, please visit: https://www.selenium.dev/documentation/webdriver/troubleshooting/errors#no-such-element-exception\nE       Stacktrace:\nE       #0 0x56406be92fb3 <unknown>\nE       #1 0x56406bb664a7 <unknown>\nE       #2 0x56406bbaddd6 <unknown>\nE       #3 0x56406bbadec1 <unknown>\nE       #4 0x56406bbeb354 <unknown>\nE       #5 0x56406bbcf96d <unknown>\nE       #6 0x56406bbe8c02 <unknown>\nE       #7 0x56406bbcf713 <unknown>\nE       #8 0x56406bba218b <unknown>\nE       #9 0x56406bba2f7e <unknown>\nE       #10 0x56406be588d8 <unknown>\nE       #11 0x56406be5c800 <unknown>\nE       #12 0x56406be66cfc <unknown>\nE       #13 0x56406be5d418 <unknown>\nE       #14 0x56406be2a42f <unknown>\nE       #15 0x56406be814e8 <unknown>\nE       #16 0x56406be816b4 <unknown>\nE       #17 0x56406be92143 <unknown>\nE       #18 0x7f2c35998044 <unknown>\n\n/usr/local/lib/python3.11/site-packages/selenium/webdriver/remote/errorhandler.py:245: NoSuchElementException","steps":[{"name":"Проверка функциональности ссылки 'email'-info@stroyrem-nn.ru","time":{"start":1697245336172,"stop":1697245336188,"duration":16},"status":"broken","statusMessage":"selenium.common.exceptions.NoSuchElementException: Message: no such element: Unable to locate element: {\"method\":\"xpath\",\"selector\":\"//a[@class='footer-email']\"}\n  (Session info: headless chrome=118.0.5993.70); For documentation on this error, please visit: https://www.selenium.dev/documentation/webdriver/troubleshooting/errors#no-such-element-exception\nStacktrace:\n#0 0x56406be92fb3 <unknown>\n#1 0x56406bb664a7 <unknown>\n#2 0x56406bbaddd6 <unknown>\n#3 0x56406bbadec1 <unknown>\n#4 0x56406bbeb354 <unknown>\n#5 0x56406bbcf96d <unknown>\n#6 0x56406bbe8c02 <unknown>\n#7 0x56406bbcf713 <unknown>\n#8 0x56406bba218b <unknown>\n#9 0x56406bba2f7e <unknown>\n#10 0x56406be588d8 <unknown>\n#11 0x56406be5c800 <unknown>\n#12 0x56406be66cfc <unknown>\n#13 0x56406be5d418 <unknown>\n#14 0x56406be2a42f <unknown>\n#15 0x56406be814e8 <unknown>\n#16 0x56406be816b4 <unknown>\n#17 0x56406be92143 <unknown>\n#18 0x7f2c35998044 <unknown>\n\n","statusTrace":"  File \"/usr/local/lib/python3.11/site-packages/allure_commons/_allure.py\", line 192, in impl\n    return func(*a, **kw)\n           ^^^^^^^^^^^^^^\n  File \"/app/pages/main_page.py\", line 136, in check_email_link\n    self.driver.find_element(*self._email_link).click()\n    ^^^^^^^^^^^^^^^^^^^^^^^^^^^^^^^^^^^^^^^^^^^\n  File \"/usr/local/lib/python3.11/site-packages/selenium/webdriver/remote/webdriver.py\", line 740, in find_element\n    return self.execute(Command.FIND_ELEMENT, {\"using\": by, \"value\": value})[\"value\"]\n           ^^^^^^^^^^^^^^^^^^^^^^^^^^^^^^^^^^^^^^^^^^^^^^^^^^^^^^^^^^^^^^^^^\n  File \"/usr/local/lib/python3.11/site-packages/selenium/webdriver/remote/webdriver.py\", line 346, in execute\n    self.error_handler.check_response(response)\n  File \"/usr/local/lib/python3.11/site-packages/selenium/webdriver/remote/errorhandler.py\", line 245, in check_response\n    raise exception_class(message, screen, stacktrace)\n","steps":[],"attachments":[],"parameters":[],"shouldDisplayMessage":true,"stepsCount":0,"attachmentsCount":0,"hasContent":true}],"attachments":[{"uid":"c87b620ed25839e4","name":"Screenshot","source":"c87b620ed25839e4.png","type":"image/png","size":39127},{"uid":"88b699da4a9c343e","name":"HTML source","source":"88b699da4a9c343e.html","type":"text/html","size":538}],"parameters":[],"shouldDisplayMessage":true,"stepsCount":1,"attachmentsCount":2,"hasContent":true},"afterStages":[{"name":"driver::0","time":{"start":1697245336306,"stop":1697245336363,"duration":57},"status":"passed","steps":[],"attachments":[],"parameters":[],"shouldDisplayMessage":false,"stepsCount":0,"attachmentsCount":0,"hasContent":false},{"name":"setup::0","time":{"start":1697245336306,"stop":1697245336306,"duration":0},"status":"passed","steps":[],"attachments":[],"parameters":[],"shouldDisplayMessage":false,"stepsCount":0,"attachmentsCount":0,"hasContent":false}],"labels":[{"name":"feature","value":"Footer functionality"},{"name":"epic","value":"Main Page"},{"name":"tag","value":"smoke_test"},{"name":"parentSuite","value":"tests"},{"name":"suite","value":"test_main_page"},{"name":"subSuite","value":"TestMainPage"},{"name":"host","value":"541a3f543b8d"},{"name":"thread","value":"1-MainThread"},{"name":"framework","value":"pytest"},{"name":"language","value":"cpython3"},{"name":"package","value":"tests.test_main_page"},{"name":"resultFormat","value":"allure2"}],"parameters":[{"name":"url","value":"'https://test2.stroyrem-nn.ru/'"}],"links":[],"hidden":false,"retry":false,"extra":{"severity":"normal","retries":[],"categories":[{"name":"Test defects","matchedStatuses":[],"flaky":false}],"history":{"statistic":{"failed":0,"broken":29,"skipped":2,"passed":35,"unknown":0,"total":66},"items":[{"uid":"a6cd8e6acfe2b4ae","reportUrl":"https://zaelcovsky.github.io/StroyremAutomation/108//#testresult/a6cd8e6acfe2b4ae","status":"broken","statusDetails":"selenium.common.exceptions.NoSuchElementException: Message: no such element: Unable to locate element: {\"method\":\"xpath\",\"selector\":\"//a[@class='footer-email']\"}\n  (Session info: headless chrome=118.0.5993.70); For documentation on this error, please visit: https://www.selenium.dev/documentation/webdriver/troubleshooting/errors#no-such-element-exception\nStacktrace:\n#0 0x55ac6a81ffb3 <unknown>\n#1 0x55ac6a4f34a7 <unknown>\n#2 0x55ac6a53add6 <unknown>\n#3 0x55ac6a53aec1 <unknown>\n#4 0x55ac6a578354 <unknown>\n#5 0x55ac6a55c96d <unknown>\n#6 0x55ac6a575c02 <unknown>\n#7 0x55ac6a55c713 <unknown>\n#8 0x55ac6a52f18b <unknown>\n#9 0x55ac6a52ff7e <unknown>\n#10 0x55ac6a7e58d8 <unknown>\n#11 0x55ac6a7e9800 <unknown>\n#12 0x55ac6a7f3cfc <unknown>\n#13 0x55ac6a7ea418 <unknown>\n#14 0x55ac6a7b742f <unknown>\n#15 0x55ac6a80e4e8 <unknown>\n#16 0x55ac6a80e6b4 <unknown>\n#17 0x55ac6a81f143 <unknown>\n#18 0x7fc1a55aa044 <unknown>","time":{"start":1697159105124,"stop":1697159105146,"duration":22}},{"uid":"7028c0b0863ff547","reportUrl":"https://zaelcovsky.github.io/StroyremAutomation/107//#testresult/7028c0b0863ff547","status":"broken","statusDetails":"selenium.common.exceptions.NoSuchElementException: Message: no such element: Unable to locate element: {\"method\":\"xpath\",\"selector\":\"//a[@class='footer-email']\"}\n  (Session info: headless chrome=118.0.5993.70); For documentation on this error, please visit: https://www.selenium.dev/documentation/webdriver/troubleshooting/errors#no-such-element-exception\nStacktrace:\n#0 0x55e2b6abbfb3 <unknown>\n#1 0x55e2b678f4a7 <unknown>\n#2 0x55e2b67d6dd6 <unknown>\n#3 0x55e2b67d6ec1 <unknown>\n#4 0x55e2b6814354 <unknown>\n#5 0x55e2b67f896d <unknown>\n#6 0x55e2b6811c02 <unknown>\n#7 0x55e2b67f8713 <unknown>\n#8 0x55e2b67cb18b <unknown>\n#9 0x55e2b67cbf7e <unknown>\n#10 0x55e2b6a818d8 <unknown>\n#11 0x55e2b6a85800 <unknown>\n#12 0x55e2b6a8fcfc <unknown>\n#13 0x55e2b6a86418 <unknown>\n#14 0x55e2b6a5342f <unknown>\n#15 0x55e2b6aaa4e8 <unknown>\n#16 0x55e2b6aaa6b4 <unknown>\n#17 0x55e2b6abb143 <unknown>\n#18 0x7f67d4db7044 <unknown>","time":{"start":1697072512544,"stop":1697072512570,"duration":26}},{"uid":"505b35bef68783d2","reportUrl":"https://zaelcovsky.github.io/StroyremAutomation/106//#testresult/505b35bef68783d2","status":"broken","statusDetails":"selenium.common.exceptions.NoSuchElementException: Message: no such element: Unable to locate element: {\"method\":\"xpath\",\"selector\":\"//a[@class='footer-email']\"}\n  (Session info: headless chrome=118.0.5993.70); For documentation on this error, please visit: https://www.selenium.dev/documentation/webdriver/troubleshooting/errors#no-such-element-exception\nStacktrace:\n#0 0x562ca9ae9fb3 <unknown>\n#1 0x562ca97bd4a7 <unknown>\n#2 0x562ca9804dd6 <unknown>\n#3 0x562ca9804ec1 <unknown>\n#4 0x562ca9842354 <unknown>\n#5 0x562ca982696d <unknown>\n#6 0x562ca983fc02 <unknown>\n#7 0x562ca9826713 <unknown>\n#8 0x562ca97f918b <unknown>\n#9 0x562ca97f9f7e <unknown>\n#10 0x562ca9aaf8d8 <unknown>\n#11 0x562ca9ab3800 <unknown>\n#12 0x562ca9abdcfc <unknown>\n#13 0x562ca9ab4418 <unknown>\n#14 0x562ca9a8142f <unknown>\n#15 0x562ca9ad84e8 <unknown>\n#16 0x562ca9ad86b4 <unknown>\n#17 0x562ca9ae9143 <unknown>\n#18 0x7fdc8b602044 <unknown>","time":{"start":1696986174535,"stop":1696986174550,"duration":15}},{"uid":"543e79e0dca60219","reportUrl":"https://zaelcovsky.github.io/StroyremAutomation/105//#testresult/543e79e0dca60219","status":"broken","statusDetails":"selenium.common.exceptions.NoSuchElementException: Message: no such element: Unable to locate element: {\"method\":\"xpath\",\"selector\":\"//a[@class='footer-email']\"}\n  (Session info: headless chrome=117.0.5938.149); For documentation on this error, please visit: https://www.selenium.dev/documentation/webdriver/troubleshooting/errors#no-such-element-exception\nStacktrace:\n#0 0x55aa9d31d933 <unknown>\n#1 0x55aa9cff76f7 <unknown>\n#2 0x55aa9d03eaa6 <unknown>\n#3 0x55aa9d03eb91 <unknown>\n#4 0x55aa9d07bfc4 <unknown>\n#5 0x55aa9d06062d <unknown>\n#6 0x55aa9d079857 <unknown>\n#7 0x55aa9d0603d3 <unknown>\n#8 0x55aa9d032e64 <unknown>\n#9 0x55aa9d033c4e <unknown>\n#10 0x55aa9d2e3558 <unknown>\n#11 0x55aa9d2e74a0 <unknown>\n#12 0x55aa9d2f197c <unknown>\n#13 0x55aa9d2e80b8 <unknown>\n#14 0x55aa9d2b3cdf <unknown>\n#15 0x55aa9d30c048 <unknown>\n#16 0x55aa9d30c219 <unknown>\n#17 0x55aa9d31cac3 <unknown>\n#18 0x7fa1e0a43044 <unknown>","time":{"start":1696899759024,"stop":1696899759041,"duration":17}},{"uid":"173b42044a32488","reportUrl":"https://zaelcovsky.github.io/StroyremAutomation/104//#testresult/173b42044a32488","status":"broken","statusDetails":"selenium.common.exceptions.NoSuchElementException: Message: no such element: Unable to locate element: {\"method\":\"xpath\",\"selector\":\"//a[@class='footer-email']\"}\n  (Session info: headless chrome=117.0.5938.149); For documentation on this error, please visit: https://www.selenium.dev/documentation/webdriver/troubleshooting/errors#no-such-element-exception\nStacktrace:\n#0 0x557957caf933 <unknown>\n#1 0x5579579896f7 <unknown>\n#2 0x5579579d0aa6 <unknown>\n#3 0x5579579d0b91 <unknown>\n#4 0x557957a0dfc4 <unknown>\n#5 0x5579579f262d <unknown>\n#6 0x557957a0b857 <unknown>\n#7 0x5579579f23d3 <unknown>\n#8 0x5579579c4e64 <unknown>\n#9 0x5579579c5c4e <unknown>\n#10 0x557957c75558 <unknown>\n#11 0x557957c794a0 <unknown>\n#12 0x557957c8397c <unknown>\n#13 0x557957c7a0b8 <unknown>\n#14 0x557957c45cdf <unknown>\n#15 0x557957c9e048 <unknown>\n#16 0x557957c9e219 <unknown>\n#17 0x557957caeac3 <unknown>\n#18 0x7f951fb1e044 <unknown>","time":{"start":1696813422456,"stop":1696813422472,"duration":16}},{"uid":"a808ce1c2a1a1b09","reportUrl":"https://zaelcovsky.github.io/StroyremAutomation/103//#testresult/a808ce1c2a1a1b09","status":"broken","statusDetails":"selenium.common.exceptions.NoSuchElementException: Message: no such element: Unable to locate element: {\"method\":\"xpath\",\"selector\":\"//a[@class='footer-email']\"}\n  (Session info: headless chrome=117.0.5938.149); For documentation on this error, please visit: https://www.selenium.dev/documentation/webdriver/troubleshooting/errors#no-such-element-exception\nStacktrace:\n#0 0x55867c1fe933 <unknown>\n#1 0x55867bed86f7 <unknown>\n#2 0x55867bf1faa6 <unknown>\n#3 0x55867bf1fb91 <unknown>\n#4 0x55867bf5cfc4 <unknown>\n#5 0x55867bf4162d <unknown>\n#6 0x55867bf5a857 <unknown>\n#7 0x55867bf413d3 <unknown>\n#8 0x55867bf13e64 <unknown>\n#9 0x55867bf14c4e <unknown>\n#10 0x55867c1c4558 <unknown>\n#11 0x55867c1c84a0 <unknown>\n#12 0x55867c1d297c <unknown>\n#13 0x55867c1c90b8 <unknown>\n#14 0x55867c194cdf <unknown>\n#15 0x55867c1ed048 <unknown>\n#16 0x55867c1ed219 <unknown>\n#17 0x55867c1fdac3 <unknown>\n#18 0x7f01846b8044 <unknown>","time":{"start":1696727263458,"stop":1696727263475,"duration":17}},{"uid":"55182534fdaf2078","reportUrl":"https://zaelcovsky.github.io/StroyremAutomation/102//#testresult/55182534fdaf2078","status":"broken","statusDetails":"selenium.common.exceptions.NoSuchElementException: Message: no such element: Unable to locate element: {\"method\":\"xpath\",\"selector\":\"//a[@class='footer-email']\"}\n  (Session info: headless chrome=117.0.5938.149); For documentation on this error, please visit: https://www.selenium.dev/documentation/webdriver/troubleshooting/errors#no-such-element-exception\nStacktrace:\n#0 0x55b898d02933 <unknown>\n#1 0x55b8989dc6f7 <unknown>\n#2 0x55b898a23aa6 <unknown>\n#3 0x55b898a23b91 <unknown>\n#4 0x55b898a60fc4 <unknown>\n#5 0x55b898a4562d <unknown>\n#6 0x55b898a5e857 <unknown>\n#7 0x55b898a453d3 <unknown>\n#8 0x55b898a17e64 <unknown>\n#9 0x55b898a18c4e <unknown>\n#10 0x55b898cc8558 <unknown>\n#11 0x55b898ccc4a0 <unknown>\n#12 0x55b898cd697c <unknown>\n#13 0x55b898ccd0b8 <unknown>\n#14 0x55b898c98cdf <unknown>\n#15 0x55b898cf1048 <unknown>\n#16 0x55b898cf1219 <unknown>\n#17 0x55b898d01ac3 <unknown>\n#18 0x7f67edc9f044 <unknown>","time":{"start":1696640572300,"stop":1696640572316,"duration":16}},{"uid":"7ed261d8d15f6096","reportUrl":"https://zaelcovsky.github.io/StroyremAutomation/101//#testresult/7ed261d8d15f6096","status":"broken","statusDetails":"selenium.common.exceptions.NoSuchElementException: Message: no such element: Unable to locate element: {\"method\":\"xpath\",\"selector\":\"//a[@class='footer-email']\"}\n  (Session info: headless chrome=117.0.5938.149); For documentation on this error, please visit: https://www.selenium.dev/documentation/webdriver/troubleshooting/errors#no-such-element-exception\nStacktrace:\n#0 0x561b77c51933 <unknown>\n#1 0x561b7792b6f7 <unknown>\n#2 0x561b77972aa6 <unknown>\n#3 0x561b77972b91 <unknown>\n#4 0x561b779affc4 <unknown>\n#5 0x561b7799462d <unknown>\n#6 0x561b779ad857 <unknown>\n#7 0x561b779943d3 <unknown>\n#8 0x561b77966e64 <unknown>\n#9 0x561b77967c4e <unknown>\n#10 0x561b77c17558 <unknown>\n#11 0x561b77c1b4a0 <unknown>\n#12 0x561b77c2597c <unknown>\n#13 0x561b77c1c0b8 <unknown>\n#14 0x561b77be7cdf <unknown>\n#15 0x561b77c40048 <unknown>\n#16 0x561b77c40219 <unknown>\n#17 0x561b77c50ac3 <unknown>\n#18 0x7f04572e9044 <unknown>","time":{"start":1696554202905,"stop":1696554202926,"duration":21}},{"uid":"f6ea7976152b3ba3","reportUrl":"https://zaelcovsky.github.io/StroyremAutomation/100//#testresult/f6ea7976152b3ba3","status":"broken","statusDetails":"selenium.common.exceptions.NoSuchElementException: Message: no such element: Unable to locate element: {\"method\":\"xpath\",\"selector\":\"//a[@class='footer-email']\"}\n  (Session info: headless chrome=117.0.5938.149); For documentation on this error, please visit: https://www.selenium.dev/documentation/webdriver/troubleshooting/errors#no-such-element-exception\nStacktrace:\n#0 0x564473a7b933 <unknown>\n#1 0x5644737556f7 <unknown>\n#2 0x56447379caa6 <unknown>\n#3 0x56447379cb91 <unknown>\n#4 0x5644737d9fc4 <unknown>\n#5 0x5644737be62d <unknown>\n#6 0x5644737d7857 <unknown>\n#7 0x5644737be3d3 <unknown>\n#8 0x564473790e64 <unknown>\n#9 0x564473791c4e <unknown>\n#10 0x564473a41558 <unknown>\n#11 0x564473a454a0 <unknown>\n#12 0x564473a4f97c <unknown>\n#13 0x564473a460b8 <unknown>\n#14 0x564473a11cdf <unknown>\n#15 0x564473a6a048 <unknown>\n#16 0x564473a6a219 <unknown>\n#17 0x564473a7aac3 <unknown>\n#18 0x7f8e9a37d044 <unknown>","time":{"start":1696467894159,"stop":1696467894176,"duration":17}},{"uid":"5dad8c2f51b90def","reportUrl":"https://zaelcovsky.github.io/StroyremAutomation/99//#testresult/5dad8c2f51b90def","status":"broken","statusDetails":"selenium.common.exceptions.NoSuchElementException: Message: no such element: Unable to locate element: {\"method\":\"xpath\",\"selector\":\"//a[@class='footer-email']\"}\n  (Session info: headless chrome=117.0.5938.92); For documentation on this error, please visit: https://www.selenium.dev/documentation/webdriver/troubleshooting/errors#no-such-element-exception\nStacktrace:\n#0 0x560c2876e6b3 <unknown>\n#1 0x560c284441e7 <unknown>\n#2 0x560c2848b566 <unknown>\n#3 0x560c2848b651 <unknown>\n#4 0x560c284c8a74 <unknown>\n#5 0x560c284ad0ed <unknown>\n#6 0x560c284c6322 <unknown>\n#7 0x560c284ace93 <unknown>\n#8 0x560c2847f934 <unknown>\n#9 0x560c2848071e <unknown>\n#10 0x560c28733cb8 <unknown>\n#11 0x560c28737bf0 <unknown>\n#12 0x560c2874219c <unknown>\n#13 0x560c28738808 <unknown>\n#14 0x560c2870527f <unknown>\n#15 0x560c2875ce88 <unknown>\n#16 0x560c2875d059 <unknown>\n#17 0x560c2876d843 <unknown>\n#18 0x7f6cd4ef4044 <unknown>","time":{"start":1696381477852,"stop":1696381477878,"duration":26}},{"uid":"2de9c492ab3b65aa","reportUrl":"https://zaelcovsky.github.io/StroyremAutomation/98//#testresult/2de9c492ab3b65aa","status":"broken","statusDetails":"selenium.common.exceptions.NoSuchElementException: Message: no such element: Unable to locate element: {\"method\":\"xpath\",\"selector\":\"//a[@class='footer-email']\"}\n  (Session info: headless chrome=117.0.5938.92); For documentation on this error, please visit: https://www.selenium.dev/documentation/webdriver/troubleshooting/errors#no-such-element-exception\nStacktrace:\n#0 0x56020db2d6b3 <unknown>\n#1 0x56020d8031e7 <unknown>\n#2 0x56020d84a566 <unknown>\n#3 0x56020d84a651 <unknown>\n#4 0x56020d887a74 <unknown>\n#5 0x56020d86c0ed <unknown>\n#6 0x56020d885322 <unknown>\n#7 0x56020d86be93 <unknown>\n#8 0x56020d83e934 <unknown>\n#9 0x56020d83f71e <unknown>\n#10 0x56020daf2cb8 <unknown>\n#11 0x56020daf6bf0 <unknown>\n#12 0x56020db0119c <unknown>\n#13 0x56020daf7808 <unknown>\n#14 0x56020dac427f <unknown>\n#15 0x56020db1be88 <unknown>\n#16 0x56020db1c059 <unknown>\n#17 0x56020db2c843 <unknown>\n#18 0x7f5de68be044 <unknown>","time":{"start":1696295063222,"stop":1696295063243,"duration":21}},{"uid":"6fcb803db7133ff0","reportUrl":"https://zaelcovsky.github.io/StroyremAutomation/97//#testresult/6fcb803db7133ff0","status":"broken","statusDetails":"selenium.common.exceptions.NoSuchElementException: Message: no such element: Unable to locate element: {\"method\":\"xpath\",\"selector\":\"//a[@class='footer-email']\"}\n  (Session info: headless chrome=117.0.5938.92); For documentation on this error, please visit: https://www.selenium.dev/documentation/webdriver/troubleshooting/errors#no-such-element-exception\nStacktrace:\n#0 0x5630071506b3 <unknown>\n#1 0x563006e261e7 <unknown>\n#2 0x563006e6d566 <unknown>\n#3 0x563006e6d651 <unknown>\n#4 0x563006eaaa74 <unknown>\n#5 0x563006e8f0ed <unknown>\n#6 0x563006ea8322 <unknown>\n#7 0x563006e8ee93 <unknown>\n#8 0x563006e61934 <unknown>\n#9 0x563006e6271e <unknown>\n#10 0x563007115cb8 <unknown>\n#11 0x563007119bf0 <unknown>\n#12 0x56300712419c <unknown>\n#13 0x56300711a808 <unknown>\n#14 0x5630070e727f <unknown>\n#15 0x56300713ee88 <unknown>\n#16 0x56300713f059 <unknown>\n#17 0x56300714f843 <unknown>\n#18 0x7f1b6d29a044 <unknown>","time":{"start":1696208639334,"stop":1696208639349,"duration":15}},{"uid":"4f4231117fa822a5","reportUrl":"https://zaelcovsky.github.io/StroyremAutomation/96//#testresult/4f4231117fa822a5","status":"broken","statusDetails":"selenium.common.exceptions.NoSuchElementException: Message: no such element: Unable to locate element: {\"method\":\"xpath\",\"selector\":\"//a[@class='footer-email']\"}\n  (Session info: headless chrome=117.0.5938.92); For documentation on this error, please visit: https://www.selenium.dev/documentation/webdriver/troubleshooting/errors#no-such-element-exception\nStacktrace:\n#0 0x5581d99e76b3 <unknown>\n#1 0x5581d96bd1e7 <unknown>\n#2 0x5581d9704566 <unknown>\n#3 0x5581d9704651 <unknown>\n#4 0x5581d9741a74 <unknown>\n#5 0x5581d97260ed <unknown>\n#6 0x5581d973f322 <unknown>\n#7 0x5581d9725e93 <unknown>\n#8 0x5581d96f8934 <unknown>\n#9 0x5581d96f971e <unknown>\n#10 0x5581d99accb8 <unknown>\n#11 0x5581d99b0bf0 <unknown>\n#12 0x5581d99bb19c <unknown>\n#13 0x5581d99b1808 <unknown>\n#14 0x5581d997e27f <unknown>\n#15 0x5581d99d5e88 <unknown>\n#16 0x5581d99d6059 <unknown>\n#17 0x5581d99e6843 <unknown>\n#18 0x7f1abce20044 <unknown>","time":{"start":1696122688265,"stop":1696122688283,"duration":18}},{"uid":"7d6d3c6692e773f4","reportUrl":"https://zaelcovsky.github.io/StroyremAutomation/95//#testresult/7d6d3c6692e773f4","status":"broken","statusDetails":"selenium.common.exceptions.NoSuchElementException: Message: no such element: Unable to locate element: {\"method\":\"xpath\",\"selector\":\"//a[@class='footer-email']\"}\n  (Session info: headless chrome=117.0.5938.92); For documentation on this error, please visit: https://www.selenium.dev/documentation/webdriver/troubleshooting/errors#no-such-element-exception\nStacktrace:\n#0 0x5593b3b326b3 <unknown>\n#1 0x5593b38081e7 <unknown>\n#2 0x5593b384f566 <unknown>\n#3 0x5593b384f651 <unknown>\n#4 0x5593b388ca74 <unknown>\n#5 0x5593b38710ed <unknown>\n#6 0x5593b388a322 <unknown>\n#7 0x5593b3870e93 <unknown>\n#8 0x5593b3843934 <unknown>\n#9 0x5593b384471e <unknown>\n#10 0x5593b3af7cb8 <unknown>\n#11 0x5593b3afbbf0 <unknown>\n#12 0x5593b3b0619c <unknown>\n#13 0x5593b3afc808 <unknown>\n#14 0x5593b3ac927f <unknown>\n#15 0x5593b3b20e88 <unknown>\n#16 0x5593b3b21059 <unknown>\n#17 0x5593b3b31843 <unknown>\n#18 0x7f39db7ba044 <unknown>","time":{"start":1696035683371,"stop":1696035683387,"duration":16}},{"uid":"e161fa2cac7e9e6a","reportUrl":"https://zaelcovsky.github.io/StroyremAutomation/94//#testresult/e161fa2cac7e9e6a","status":"broken","statusDetails":"selenium.common.exceptions.NoSuchElementException: Message: no such element: Unable to locate element: {\"method\":\"xpath\",\"selector\":\"//a[@class='footer-email']\"}\n  (Session info: headless chrome=117.0.5938.92); For documentation on this error, please visit: https://www.selenium.dev/documentation/webdriver/troubleshooting/errors#no-such-element-exception\nStacktrace:\n#0 0x557381c2a6b3 <unknown>\n#1 0x5573819001e7 <unknown>\n#2 0x557381947566 <unknown>\n#3 0x557381947651 <unknown>\n#4 0x557381984a74 <unknown>\n#5 0x5573819690ed <unknown>\n#6 0x557381982322 <unknown>\n#7 0x557381968e93 <unknown>\n#8 0x55738193b934 <unknown>\n#9 0x55738193c71e <unknown>\n#10 0x557381befcb8 <unknown>\n#11 0x557381bf3bf0 <unknown>\n#12 0x557381bfe19c <unknown>\n#13 0x557381bf4808 <unknown>\n#14 0x557381bc127f <unknown>\n#15 0x557381c18e88 <unknown>\n#16 0x557381c19059 <unknown>\n#17 0x557381c29843 <unknown>\n#18 0x7fa44ade5044 <unknown>","time":{"start":1695949365477,"stop":1695949365493,"duration":16}},{"uid":"291ba63edbf53f90","reportUrl":"https://zaelcovsky.github.io/StroyremAutomation/93//#testresult/291ba63edbf53f90","status":"broken","statusDetails":"selenium.common.exceptions.NoSuchElementException: Message: no such element: Unable to locate element: {\"method\":\"xpath\",\"selector\":\"//a[@class='footer-email']\"}\n  (Session info: headless chrome=117.0.5938.92); For documentation on this error, please visit: https://www.selenium.dev/documentation/webdriver/troubleshooting/errors#no-such-element-exception\nStacktrace:\n#0 0x55f50a5376b3 <unknown>\n#1 0x55f50a20d1e7 <unknown>\n#2 0x55f50a254566 <unknown>\n#3 0x55f50a254651 <unknown>\n#4 0x55f50a291a74 <unknown>\n#5 0x55f50a2760ed <unknown>\n#6 0x55f50a28f322 <unknown>\n#7 0x55f50a275e93 <unknown>\n#8 0x55f50a248934 <unknown>\n#9 0x55f50a24971e <unknown>\n#10 0x55f50a4fccb8 <unknown>\n#11 0x55f50a500bf0 <unknown>\n#12 0x55f50a50b19c <unknown>\n#13 0x55f50a501808 <unknown>\n#14 0x55f50a4ce27f <unknown>\n#15 0x55f50a525e88 <unknown>\n#16 0x55f50a526059 <unknown>\n#17 0x55f50a536843 <unknown>\n#18 0x7f95db016044 <unknown>","time":{"start":1695862957467,"stop":1695862957483,"duration":16}},{"uid":"e19ec58cfd4ad19b","reportUrl":"https://zaelcovsky.github.io/StroyremAutomation/92//#testresult/e19ec58cfd4ad19b","status":"broken","statusDetails":"selenium.common.exceptions.NoSuchElementException: Message: no such element: Unable to locate element: {\"method\":\"xpath\",\"selector\":\"//a[@class='footer-email']\"}\n  (Session info: headless chrome=117.0.5938.92); For documentation on this error, please visit: https://www.selenium.dev/documentation/webdriver/troubleshooting/errors#no-such-element-exception\nStacktrace:\n#0 0x5602f94b26b3 <unknown>\n#1 0x5602f91881e7 <unknown>\n#2 0x5602f91cf566 <unknown>\n#3 0x5602f91cf651 <unknown>\n#4 0x5602f920ca74 <unknown>\n#5 0x5602f91f10ed <unknown>\n#6 0x5602f920a322 <unknown>\n#7 0x5602f91f0e93 <unknown>\n#8 0x5602f91c3934 <unknown>\n#9 0x5602f91c471e <unknown>\n#10 0x5602f9477cb8 <unknown>\n#11 0x5602f947bbf0 <unknown>\n#12 0x5602f948619c <unknown>\n#13 0x5602f947c808 <unknown>\n#14 0x5602f944927f <unknown>\n#15 0x5602f94a0e88 <unknown>\n#16 0x5602f94a1059 <unknown>\n#17 0x5602f94b1843 <unknown>\n#18 0x7fd48b7bd044 <unknown>","time":{"start":1695776637396,"stop":1695776637416,"duration":20}},{"uid":"c9f263be736696f7","reportUrl":"https://zaelcovsky.github.io/StroyremAutomation/91//#testresult/c9f263be736696f7","status":"broken","statusDetails":"selenium.common.exceptions.NoSuchElementException: Message: no such element: Unable to locate element: {\"method\":\"xpath\",\"selector\":\"//a[@class='footer-email']\"}\n  (Session info: headless chrome=117.0.5938.92); For documentation on this error, please visit: https://www.selenium.dev/documentation/webdriver/troubleshooting/errors#no-such-element-exception\nStacktrace:\n#0 0x55908500a6b3 <unknown>\n#1 0x559084ce01e7 <unknown>\n#2 0x559084d27566 <unknown>\n#3 0x559084d27651 <unknown>\n#4 0x559084d64a74 <unknown>\n#5 0x559084d490ed <unknown>\n#6 0x559084d62322 <unknown>\n#7 0x559084d48e93 <unknown>\n#8 0x559084d1b934 <unknown>\n#9 0x559084d1c71e <unknown>\n#10 0x559084fcfcb8 <unknown>\n#11 0x559084fd3bf0 <unknown>\n#12 0x559084fde19c <unknown>\n#13 0x559084fd4808 <unknown>\n#14 0x559084fa127f <unknown>\n#15 0x559084ff8e88 <unknown>\n#16 0x559084ff9059 <unknown>\n#17 0x559085009843 <unknown>\n#18 0x7f28404f6044 <unknown>","time":{"start":1695690273244,"stop":1695690273263,"duration":19}},{"uid":"763f23ffe53b32d7","reportUrl":"https://zaelcovsky.github.io/StroyremAutomation/90//#testresult/763f23ffe53b32d7","status":"broken","statusDetails":"selenium.common.exceptions.NoSuchElementException: Message: no such element: Unable to locate element: {\"method\":\"xpath\",\"selector\":\"//a[@class='footer-email']\"}\n  (Session info: headless chrome=117.0.5938.92); For documentation on this error, please visit: https://www.selenium.dev/documentation/webdriver/troubleshooting/errors#no-such-element-exception\nStacktrace:\n#0 0x55f735ef46b3 <unknown>\n#1 0x55f735bca1e7 <unknown>\n#2 0x55f735c11566 <unknown>\n#3 0x55f735c11651 <unknown>\n#4 0x55f735c4ea74 <unknown>\n#5 0x55f735c330ed <unknown>\n#6 0x55f735c4c322 <unknown>\n#7 0x55f735c32e93 <unknown>\n#8 0x55f735c05934 <unknown>\n#9 0x55f735c0671e <unknown>\n#10 0x55f735eb9cb8 <unknown>\n#11 0x55f735ebdbf0 <unknown>\n#12 0x55f735ec819c <unknown>\n#13 0x55f735ebe808 <unknown>\n#14 0x55f735e8b27f <unknown>\n#15 0x55f735ee2e88 <unknown>\n#16 0x55f735ee3059 <unknown>\n#17 0x55f735ef3843 <unknown>\n#18 0x7f8e86b0d044 <unknown>","time":{"start":1695603788735,"stop":1695603788750,"duration":15}},{"uid":"2ca4939975fa834a","reportUrl":"https://zaelcovsky.github.io/StroyremAutomation/89//#testresult/2ca4939975fa834a","status":"broken","statusDetails":"selenium.common.exceptions.NoSuchElementException: Message: no such element: Unable to locate element: {\"method\":\"xpath\",\"selector\":\"//a[@class='footer-email']\"}\n  (Session info: headless chrome=117.0.5938.92); For documentation on this error, please visit: https://www.selenium.dev/documentation/webdriver/troubleshooting/errors#no-such-element-exception\nStacktrace:\n#0 0x561a6fa666b3 <unknown>\n#1 0x561a6f73c1e7 <unknown>\n#2 0x561a6f783566 <unknown>\n#3 0x561a6f783651 <unknown>\n#4 0x561a6f7c0a74 <unknown>\n#5 0x561a6f7a50ed <unknown>\n#6 0x561a6f7be322 <unknown>\n#7 0x561a6f7a4e93 <unknown>\n#8 0x561a6f777934 <unknown>\n#9 0x561a6f77871e <unknown>\n#10 0x561a6fa2bcb8 <unknown>\n#11 0x561a6fa2fbf0 <unknown>\n#12 0x561a6fa3a19c <unknown>\n#13 0x561a6fa30808 <unknown>\n#14 0x561a6f9fd27f <unknown>\n#15 0x561a6fa54e88 <unknown>\n#16 0x561a6fa55059 <unknown>\n#17 0x561a6fa65843 <unknown>\n#18 0x7ff7c8027044 <unknown>","time":{"start":1695517578381,"stop":1695517578398,"duration":17}}]},"tags":["smoke_test"]},"source":"d97f7368b6c47a8e.json","parameterValues":["'https://test2.stroyrem-nn.ru/'"]}