{"uid":"fddf11c6ee01e1d8","name":"TC 011 - Проверка функциональности ссылки 'Подъем на этаж'","fullName":"tests.test_main_page.TestMainPage#test_positive_footer_lifting_smoke","historyId":"a471821c1810b98ab4357088c4c3f5dc","time":{"start":1697245346840,"stop":1697245346856,"duration":16},"status":"broken","statusMessage":"selenium.common.exceptions.NoSuchElementException: Message: no such element: Unable to locate element: {\"method\":\"xpath\",\"selector\":\"(//a[@href='/podem-strojmaterialov-v-kvartiru'])[3]\"}\n  (Session info: headless chrome=118.0.5993.70); For documentation on this error, please visit: https://www.selenium.dev/documentation/webdriver/troubleshooting/errors#no-such-element-exception\nStacktrace:\n#0 0x560464316fb3 <unknown>\n#1 0x560463fea4a7 <unknown>\n#2 0x560464031dd6 <unknown>\n#3 0x560464031ec1 <unknown>\n#4 0x56046406f354 <unknown>\n#5 0x56046405396d <unknown>\n#6 0x56046406cc02 <unknown>\n#7 0x560464053713 <unknown>\n#8 0x56046402618b <unknown>\n#9 0x560464026f7e <unknown>\n#10 0x5604642dc8d8 <unknown>\n#11 0x5604642e0800 <unknown>\n#12 0x5604642eacfc <unknown>\n#13 0x5604642e1418 <unknown>\n#14 0x5604642ae42f <unknown>\n#15 0x5604643054e8 <unknown>\n#16 0x5604643056b4 <unknown>\n#17 0x560464316143 <unknown>\n#18 0x7f5dcf2d6044 <unknown>","statusTrace":"self = <tests.test_main_page.TestMainPage object at 0x7ff643643d10>\nmain_page = <pages.main_page.MainPage object at 0x7ff64315fc10>\n\n    @allure.feature(\"Footer functionality\")\n    @allure.title(\"TC 011 - Проверка функциональности ссылки 'Подъем на этаж'\")\n    @pytest.mark.smoke_test\n    def test_positive_footer_lifting_smoke(self, main_page):\n        lifting_page = LiftingPage(main_page.driver)\n>       main_page.check_floor_climb_link()\n\ntests/test_main_page.py:107: \n_ _ _ _ _ _ _ _ _ _ _ _ _ _ _ _ _ _ _ _ _ _ _ _ _ _ _ _ _ _ _ _ _ _ _ _ _ _ _ _ \npages/main_page.py:142: in check_floor_climb_link\n    self.driver.find_element(*self._floor_climb_link).click()\n/usr/local/lib/python3.11/site-packages/selenium/webdriver/remote/webdriver.py:740: in find_element\n    return self.execute(Command.FIND_ELEMENT, {\"using\": by, \"value\": value})[\"value\"]\n/usr/local/lib/python3.11/site-packages/selenium/webdriver/remote/webdriver.py:346: in execute\n    self.error_handler.check_response(response)\n_ _ _ _ _ _ _ _ _ _ _ _ _ _ _ _ _ _ _ _ _ _ _ _ _ _ _ _ _ _ _ _ _ _ _ _ _ _ _ _ \n\nself = <selenium.webdriver.remote.errorhandler.ErrorHandler object at 0x7ff64317da10>\nresponse = {'status': 404, 'value': '{\"value\":{\"error\":\"no such element\",\"message\":\"no such element: Unable to locate element: {\\...\\\\n#16 0x5604643056b4 \\\\u003Cunknown>\\\\n#17 0x560464316143 \\\\u003Cunknown>\\\\n#18 0x7f5dcf2d6044 \\\\u003Cunknown>\\\\n\"}}'}\n\n    def check_response(self, response: Dict[str, Any]) -> None:\n        \"\"\"Checks that a JSON response from the WebDriver does not have an\n        error.\n    \n        :Args:\n         - response - The JSON response from the WebDriver server as a dictionary\n           object.\n    \n        :Raises: If the response contains an error message.\n        \"\"\"\n        status = response.get(\"status\", None)\n        if not status or status == ErrorCode.SUCCESS:\n            return\n        value = None\n        message = response.get(\"message\", \"\")\n        screen: str = response.get(\"screen\", \"\")\n        stacktrace = None\n        if isinstance(status, int):\n            value_json = response.get(\"value\", None)\n            if value_json and isinstance(value_json, str):\n                import json\n    \n                try:\n                    value = json.loads(value_json)\n                    if len(value) == 1:\n                        value = value[\"value\"]\n                    status = value.get(\"error\", None)\n                    if not status:\n                        status = value.get(\"status\", ErrorCode.UNKNOWN_ERROR)\n                        message = value.get(\"value\") or value.get(\"message\")\n                        if not isinstance(message, str):\n                            value = message\n                            message = message.get(\"message\")\n                    else:\n                        message = value.get(\"message\", None)\n                except ValueError:\n                    pass\n    \n        exception_class: Type[WebDriverException]\n        if status in ErrorCode.NO_SUCH_ELEMENT:\n            exception_class = NoSuchElementException\n        elif status in ErrorCode.NO_SUCH_FRAME:\n            exception_class = NoSuchFrameException\n        elif status in ErrorCode.NO_SUCH_SHADOW_ROOT:\n            exception_class = NoSuchShadowRootException\n        elif status in ErrorCode.NO_SUCH_WINDOW:\n            exception_class = NoSuchWindowException\n        elif status in ErrorCode.STALE_ELEMENT_REFERENCE:\n            exception_class = StaleElementReferenceException\n        elif status in ErrorCode.ELEMENT_NOT_VISIBLE:\n            exception_class = ElementNotVisibleException\n        elif status in ErrorCode.INVALID_ELEMENT_STATE:\n            exception_class = InvalidElementStateException\n        elif (\n            status in ErrorCode.INVALID_SELECTOR\n            or status in ErrorCode.INVALID_XPATH_SELECTOR\n            or status in ErrorCode.INVALID_XPATH_SELECTOR_RETURN_TYPER\n        ):\n            exception_class = InvalidSelectorException\n        elif status in ErrorCode.ELEMENT_IS_NOT_SELECTABLE:\n            exception_class = ElementNotSelectableException\n        elif status in ErrorCode.ELEMENT_NOT_INTERACTABLE:\n            exception_class = ElementNotInteractableException\n        elif status in ErrorCode.INVALID_COOKIE_DOMAIN:\n            exception_class = InvalidCookieDomainException\n        elif status in ErrorCode.UNABLE_TO_SET_COOKIE:\n            exception_class = UnableToSetCookieException\n        elif status in ErrorCode.TIMEOUT:\n            exception_class = TimeoutException\n        elif status in ErrorCode.SCRIPT_TIMEOUT:\n            exception_class = TimeoutException\n        elif status in ErrorCode.UNKNOWN_ERROR:\n            exception_class = WebDriverException\n        elif status in ErrorCode.UNEXPECTED_ALERT_OPEN:\n            exception_class = UnexpectedAlertPresentException\n        elif status in ErrorCode.NO_ALERT_OPEN:\n            exception_class = NoAlertPresentException\n        elif status in ErrorCode.IME_NOT_AVAILABLE:\n            exception_class = ImeNotAvailableException\n        elif status in ErrorCode.IME_ENGINE_ACTIVATION_FAILED:\n            exception_class = ImeActivationFailedException\n        elif status in ErrorCode.MOVE_TARGET_OUT_OF_BOUNDS:\n            exception_class = MoveTargetOutOfBoundsException\n        elif status in ErrorCode.JAVASCRIPT_ERROR:\n            exception_class = JavascriptException\n        elif status in ErrorCode.SESSION_NOT_CREATED:\n            exception_class = SessionNotCreatedException\n        elif status in ErrorCode.INVALID_ARGUMENT:\n            exception_class = InvalidArgumentException\n        elif status in ErrorCode.NO_SUCH_COOKIE:\n            exception_class = NoSuchCookieException\n        elif status in ErrorCode.UNABLE_TO_CAPTURE_SCREEN:\n            exception_class = ScreenshotException\n        elif status in ErrorCode.ELEMENT_CLICK_INTERCEPTED:\n            exception_class = ElementClickInterceptedException\n        elif status in ErrorCode.INSECURE_CERTIFICATE:\n            exception_class = InsecureCertificateException\n        elif status in ErrorCode.INVALID_COORDINATES:\n            exception_class = InvalidCoordinatesException\n        elif status in ErrorCode.INVALID_SESSION_ID:\n            exception_class = InvalidSessionIdException\n        elif status in ErrorCode.UNKNOWN_METHOD:\n            exception_class = UnknownMethodException\n        else:\n            exception_class = WebDriverException\n        if not value:\n            value = response[\"value\"]\n        if isinstance(value, str):\n            raise exception_class(value)\n        if message == \"\" and \"message\" in value:\n            message = value[\"message\"]\n    \n        screen = None  # type: ignore[assignment]\n        if \"screen\" in value:\n            screen = value[\"screen\"]\n    \n        stacktrace = None\n        st_value = value.get(\"stackTrace\") or value.get(\"stacktrace\")\n        if st_value:\n            if isinstance(st_value, str):\n                stacktrace = st_value.split(\"\\n\")\n            else:\n                stacktrace = []\n                try:\n                    for frame in st_value:\n                        line = frame.get(\"lineNumber\", \"\")\n                        file = frame.get(\"fileName\", \"<anonymous>\")\n                        if line:\n                            file = f\"{file}:{line}\"\n                        meth = frame.get(\"methodName\", \"<anonymous>\")\n                        if \"className\" in frame:\n                            meth = f\"{frame['className']}.{meth}\"\n                        msg = \"    at %s (%s)\"\n                        msg = msg % (meth, file)\n                        stacktrace.append(msg)\n                except TypeError:\n                    pass\n        if exception_class == UnexpectedAlertPresentException:\n            alert_text = None\n            if \"data\" in value:\n                alert_text = value[\"data\"].get(\"text\")\n            elif \"alert\" in value:\n                alert_text = value[\"alert\"].get(\"text\")\n            raise exception_class(message, screen, stacktrace, alert_text)  # type: ignore[call-arg]  # mypy is not smart enough here\n>       raise exception_class(message, screen, stacktrace)\nE       selenium.common.exceptions.NoSuchElementException: Message: no such element: Unable to locate element: {\"method\":\"xpath\",\"selector\":\"(//a[@href='/podem-strojmaterialov-v-kvartiru'])[3]\"}\nE         (Session info: headless chrome=118.0.5993.70); For documentation on this error, please visit: https://www.selenium.dev/documentation/webdriver/troubleshooting/errors#no-such-element-exception\nE       Stacktrace:\nE       #0 0x560464316fb3 <unknown>\nE       #1 0x560463fea4a7 <unknown>\nE       #2 0x560464031dd6 <unknown>\nE       #3 0x560464031ec1 <unknown>\nE       #4 0x56046406f354 <unknown>\nE       #5 0x56046405396d <unknown>\nE       #6 0x56046406cc02 <unknown>\nE       #7 0x560464053713 <unknown>\nE       #8 0x56046402618b <unknown>\nE       #9 0x560464026f7e <unknown>\nE       #10 0x5604642dc8d8 <unknown>\nE       #11 0x5604642e0800 <unknown>\nE       #12 0x5604642eacfc <unknown>\nE       #13 0x5604642e1418 <unknown>\nE       #14 0x5604642ae42f <unknown>\nE       #15 0x5604643054e8 <unknown>\nE       #16 0x5604643056b4 <unknown>\nE       #17 0x560464316143 <unknown>\nE       #18 0x7f5dcf2d6044 <unknown>\n\n/usr/local/lib/python3.11/site-packages/selenium/webdriver/remote/errorhandler.py:245: NoSuchElementException","flaky":false,"newFailed":false,"newBroken":false,"newPassed":false,"retriesCount":0,"retriesStatusChange":false,"beforeStages":[{"name":"_session_faker","time":{"start":1697245167557,"stop":1697245167652,"duration":95},"status":"passed","steps":[],"attachments":[],"parameters":[],"shouldDisplayMessage":false,"stepsCount":0,"attachmentsCount":0,"hasContent":false},{"name":"clear_allure_results_folder","time":{"start":1697245167653,"stop":1697245167653,"duration":0},"status":"passed","steps":[],"attachments":[],"parameters":[],"shouldDisplayMessage":false,"stepsCount":0,"attachmentsCount":0,"hasContent":false},{"name":"driver","time":{"start":1697245345381,"stop":1697245346176,"duration":795},"status":"passed","steps":[],"attachments":[],"parameters":[],"shouldDisplayMessage":false,"stepsCount":0,"attachmentsCount":0,"hasContent":false},{"name":"setup","time":{"start":1697245346176,"stop":1697245346176,"duration":0},"status":"passed","steps":[],"attachments":[],"parameters":[],"shouldDisplayMessage":false,"stepsCount":0,"attachmentsCount":0,"hasContent":false},{"name":"main_page","time":{"start":1697245346177,"stop":1697245346839,"duration":662},"status":"passed","steps":[],"attachments":[],"parameters":[],"shouldDisplayMessage":false,"stepsCount":0,"attachmentsCount":0,"hasContent":false}],"testStage":{"status":"broken","statusMessage":"selenium.common.exceptions.NoSuchElementException: Message: no such element: Unable to locate element: {\"method\":\"xpath\",\"selector\":\"(//a[@href='/podem-strojmaterialov-v-kvartiru'])[3]\"}\n  (Session info: headless chrome=118.0.5993.70); For documentation on this error, please visit: https://www.selenium.dev/documentation/webdriver/troubleshooting/errors#no-such-element-exception\nStacktrace:\n#0 0x560464316fb3 <unknown>\n#1 0x560463fea4a7 <unknown>\n#2 0x560464031dd6 <unknown>\n#3 0x560464031ec1 <unknown>\n#4 0x56046406f354 <unknown>\n#5 0x56046405396d <unknown>\n#6 0x56046406cc02 <unknown>\n#7 0x560464053713 <unknown>\n#8 0x56046402618b <unknown>\n#9 0x560464026f7e <unknown>\n#10 0x5604642dc8d8 <unknown>\n#11 0x5604642e0800 <unknown>\n#12 0x5604642eacfc <unknown>\n#13 0x5604642e1418 <unknown>\n#14 0x5604642ae42f <unknown>\n#15 0x5604643054e8 <unknown>\n#16 0x5604643056b4 <unknown>\n#17 0x560464316143 <unknown>\n#18 0x7f5dcf2d6044 <unknown>","statusTrace":"self = <tests.test_main_page.TestMainPage object at 0x7ff643643d10>\nmain_page = <pages.main_page.MainPage object at 0x7ff64315fc10>\n\n    @allure.feature(\"Footer functionality\")\n    @allure.title(\"TC 011 - Проверка функциональности ссылки 'Подъем на этаж'\")\n    @pytest.mark.smoke_test\n    def test_positive_footer_lifting_smoke(self, main_page):\n        lifting_page = LiftingPage(main_page.driver)\n>       main_page.check_floor_climb_link()\n\ntests/test_main_page.py:107: \n_ _ _ _ _ _ _ _ _ _ _ _ _ _ _ _ _ _ _ _ _ _ _ _ _ _ _ _ _ _ _ _ _ _ _ _ _ _ _ _ \npages/main_page.py:142: in check_floor_climb_link\n    self.driver.find_element(*self._floor_climb_link).click()\n/usr/local/lib/python3.11/site-packages/selenium/webdriver/remote/webdriver.py:740: in find_element\n    return self.execute(Command.FIND_ELEMENT, {\"using\": by, \"value\": value})[\"value\"]\n/usr/local/lib/python3.11/site-packages/selenium/webdriver/remote/webdriver.py:346: in execute\n    self.error_handler.check_response(response)\n_ _ _ _ _ _ _ _ _ _ _ _ _ _ _ _ _ _ _ _ _ _ _ _ _ _ _ _ _ _ _ _ _ _ _ _ _ _ _ _ \n\nself = <selenium.webdriver.remote.errorhandler.ErrorHandler object at 0x7ff64317da10>\nresponse = {'status': 404, 'value': '{\"value\":{\"error\":\"no such element\",\"message\":\"no such element: Unable to locate element: {\\...\\\\n#16 0x5604643056b4 \\\\u003Cunknown>\\\\n#17 0x560464316143 \\\\u003Cunknown>\\\\n#18 0x7f5dcf2d6044 \\\\u003Cunknown>\\\\n\"}}'}\n\n    def check_response(self, response: Dict[str, Any]) -> None:\n        \"\"\"Checks that a JSON response from the WebDriver does not have an\n        error.\n    \n        :Args:\n         - response - The JSON response from the WebDriver server as a dictionary\n           object.\n    \n        :Raises: If the response contains an error message.\n        \"\"\"\n        status = response.get(\"status\", None)\n        if not status or status == ErrorCode.SUCCESS:\n            return\n        value = None\n        message = response.get(\"message\", \"\")\n        screen: str = response.get(\"screen\", \"\")\n        stacktrace = None\n        if isinstance(status, int):\n            value_json = response.get(\"value\", None)\n            if value_json and isinstance(value_json, str):\n                import json\n    \n                try:\n                    value = json.loads(value_json)\n                    if len(value) == 1:\n                        value = value[\"value\"]\n                    status = value.get(\"error\", None)\n                    if not status:\n                        status = value.get(\"status\", ErrorCode.UNKNOWN_ERROR)\n                        message = value.get(\"value\") or value.get(\"message\")\n                        if not isinstance(message, str):\n                            value = message\n                            message = message.get(\"message\")\n                    else:\n                        message = value.get(\"message\", None)\n                except ValueError:\n                    pass\n    \n        exception_class: Type[WebDriverException]\n        if status in ErrorCode.NO_SUCH_ELEMENT:\n            exception_class = NoSuchElementException\n        elif status in ErrorCode.NO_SUCH_FRAME:\n            exception_class = NoSuchFrameException\n        elif status in ErrorCode.NO_SUCH_SHADOW_ROOT:\n            exception_class = NoSuchShadowRootException\n        elif status in ErrorCode.NO_SUCH_WINDOW:\n            exception_class = NoSuchWindowException\n        elif status in ErrorCode.STALE_ELEMENT_REFERENCE:\n            exception_class = StaleElementReferenceException\n        elif status in ErrorCode.ELEMENT_NOT_VISIBLE:\n            exception_class = ElementNotVisibleException\n        elif status in ErrorCode.INVALID_ELEMENT_STATE:\n            exception_class = InvalidElementStateException\n        elif (\n            status in ErrorCode.INVALID_SELECTOR\n            or status in ErrorCode.INVALID_XPATH_SELECTOR\n            or status in ErrorCode.INVALID_XPATH_SELECTOR_RETURN_TYPER\n        ):\n            exception_class = InvalidSelectorException\n        elif status in ErrorCode.ELEMENT_IS_NOT_SELECTABLE:\n            exception_class = ElementNotSelectableException\n        elif status in ErrorCode.ELEMENT_NOT_INTERACTABLE:\n            exception_class = ElementNotInteractableException\n        elif status in ErrorCode.INVALID_COOKIE_DOMAIN:\n            exception_class = InvalidCookieDomainException\n        elif status in ErrorCode.UNABLE_TO_SET_COOKIE:\n            exception_class = UnableToSetCookieException\n        elif status in ErrorCode.TIMEOUT:\n            exception_class = TimeoutException\n        elif status in ErrorCode.SCRIPT_TIMEOUT:\n            exception_class = TimeoutException\n        elif status in ErrorCode.UNKNOWN_ERROR:\n            exception_class = WebDriverException\n        elif status in ErrorCode.UNEXPECTED_ALERT_OPEN:\n            exception_class = UnexpectedAlertPresentException\n        elif status in ErrorCode.NO_ALERT_OPEN:\n            exception_class = NoAlertPresentException\n        elif status in ErrorCode.IME_NOT_AVAILABLE:\n            exception_class = ImeNotAvailableException\n        elif status in ErrorCode.IME_ENGINE_ACTIVATION_FAILED:\n            exception_class = ImeActivationFailedException\n        elif status in ErrorCode.MOVE_TARGET_OUT_OF_BOUNDS:\n            exception_class = MoveTargetOutOfBoundsException\n        elif status in ErrorCode.JAVASCRIPT_ERROR:\n            exception_class = JavascriptException\n        elif status in ErrorCode.SESSION_NOT_CREATED:\n            exception_class = SessionNotCreatedException\n        elif status in ErrorCode.INVALID_ARGUMENT:\n            exception_class = InvalidArgumentException\n        elif status in ErrorCode.NO_SUCH_COOKIE:\n            exception_class = NoSuchCookieException\n        elif status in ErrorCode.UNABLE_TO_CAPTURE_SCREEN:\n            exception_class = ScreenshotException\n        elif status in ErrorCode.ELEMENT_CLICK_INTERCEPTED:\n            exception_class = ElementClickInterceptedException\n        elif status in ErrorCode.INSECURE_CERTIFICATE:\n            exception_class = InsecureCertificateException\n        elif status in ErrorCode.INVALID_COORDINATES:\n            exception_class = InvalidCoordinatesException\n        elif status in ErrorCode.INVALID_SESSION_ID:\n            exception_class = InvalidSessionIdException\n        elif status in ErrorCode.UNKNOWN_METHOD:\n            exception_class = UnknownMethodException\n        else:\n            exception_class = WebDriverException\n        if not value:\n            value = response[\"value\"]\n        if isinstance(value, str):\n            raise exception_class(value)\n        if message == \"\" and \"message\" in value:\n            message = value[\"message\"]\n    \n        screen = None  # type: ignore[assignment]\n        if \"screen\" in value:\n            screen = value[\"screen\"]\n    \n        stacktrace = None\n        st_value = value.get(\"stackTrace\") or value.get(\"stacktrace\")\n        if st_value:\n            if isinstance(st_value, str):\n                stacktrace = st_value.split(\"\\n\")\n            else:\n                stacktrace = []\n                try:\n                    for frame in st_value:\n                        line = frame.get(\"lineNumber\", \"\")\n                        file = frame.get(\"fileName\", \"<anonymous>\")\n                        if line:\n                            file = f\"{file}:{line}\"\n                        meth = frame.get(\"methodName\", \"<anonymous>\")\n                        if \"className\" in frame:\n                            meth = f\"{frame['className']}.{meth}\"\n                        msg = \"    at %s (%s)\"\n                        msg = msg % (meth, file)\n                        stacktrace.append(msg)\n                except TypeError:\n                    pass\n        if exception_class == UnexpectedAlertPresentException:\n            alert_text = None\n            if \"data\" in value:\n                alert_text = value[\"data\"].get(\"text\")\n            elif \"alert\" in value:\n                alert_text = value[\"alert\"].get(\"text\")\n            raise exception_class(message, screen, stacktrace, alert_text)  # type: ignore[call-arg]  # mypy is not smart enough here\n>       raise exception_class(message, screen, stacktrace)\nE       selenium.common.exceptions.NoSuchElementException: Message: no such element: Unable to locate element: {\"method\":\"xpath\",\"selector\":\"(//a[@href='/podem-strojmaterialov-v-kvartiru'])[3]\"}\nE         (Session info: headless chrome=118.0.5993.70); For documentation on this error, please visit: https://www.selenium.dev/documentation/webdriver/troubleshooting/errors#no-such-element-exception\nE       Stacktrace:\nE       #0 0x560464316fb3 <unknown>\nE       #1 0x560463fea4a7 <unknown>\nE       #2 0x560464031dd6 <unknown>\nE       #3 0x560464031ec1 <unknown>\nE       #4 0x56046406f354 <unknown>\nE       #5 0x56046405396d <unknown>\nE       #6 0x56046406cc02 <unknown>\nE       #7 0x560464053713 <unknown>\nE       #8 0x56046402618b <unknown>\nE       #9 0x560464026f7e <unknown>\nE       #10 0x5604642dc8d8 <unknown>\nE       #11 0x5604642e0800 <unknown>\nE       #12 0x5604642eacfc <unknown>\nE       #13 0x5604642e1418 <unknown>\nE       #14 0x5604642ae42f <unknown>\nE       #15 0x5604643054e8 <unknown>\nE       #16 0x5604643056b4 <unknown>\nE       #17 0x560464316143 <unknown>\nE       #18 0x7f5dcf2d6044 <unknown>\n\n/usr/local/lib/python3.11/site-packages/selenium/webdriver/remote/errorhandler.py:245: NoSuchElementException","steps":[{"name":"Проверка функциональности ссылки 'Подъем на этаж'","time":{"start":1697245346840,"stop":1697245346855,"duration":15},"status":"broken","statusMessage":"selenium.common.exceptions.NoSuchElementException: Message: no such element: Unable to locate element: {\"method\":\"xpath\",\"selector\":\"(//a[@href='/podem-strojmaterialov-v-kvartiru'])[3]\"}\n  (Session info: headless chrome=118.0.5993.70); For documentation on this error, please visit: https://www.selenium.dev/documentation/webdriver/troubleshooting/errors#no-such-element-exception\nStacktrace:\n#0 0x560464316fb3 <unknown>\n#1 0x560463fea4a7 <unknown>\n#2 0x560464031dd6 <unknown>\n#3 0x560464031ec1 <unknown>\n#4 0x56046406f354 <unknown>\n#5 0x56046405396d <unknown>\n#6 0x56046406cc02 <unknown>\n#7 0x560464053713 <unknown>\n#8 0x56046402618b <unknown>\n#9 0x560464026f7e <unknown>\n#10 0x5604642dc8d8 <unknown>\n#11 0x5604642e0800 <unknown>\n#12 0x5604642eacfc <unknown>\n#13 0x5604642e1418 <unknown>\n#14 0x5604642ae42f <unknown>\n#15 0x5604643054e8 <unknown>\n#16 0x5604643056b4 <unknown>\n#17 0x560464316143 <unknown>\n#18 0x7f5dcf2d6044 <unknown>\n\n","statusTrace":"  File \"/usr/local/lib/python3.11/site-packages/allure_commons/_allure.py\", line 192, in impl\n    return func(*a, **kw)\n           ^^^^^^^^^^^^^^\n  File \"/app/pages/main_page.py\", line 142, in check_floor_climb_link\n    self.driver.find_element(*self._floor_climb_link).click()\n    ^^^^^^^^^^^^^^^^^^^^^^^^^^^^^^^^^^^^^^^^^^^^^^^^^\n  File \"/usr/local/lib/python3.11/site-packages/selenium/webdriver/remote/webdriver.py\", line 740, in find_element\n    return self.execute(Command.FIND_ELEMENT, {\"using\": by, \"value\": value})[\"value\"]\n           ^^^^^^^^^^^^^^^^^^^^^^^^^^^^^^^^^^^^^^^^^^^^^^^^^^^^^^^^^^^^^^^^^\n  File \"/usr/local/lib/python3.11/site-packages/selenium/webdriver/remote/webdriver.py\", line 346, in execute\n    self.error_handler.check_response(response)\n  File \"/usr/local/lib/python3.11/site-packages/selenium/webdriver/remote/errorhandler.py\", line 245, in check_response\n    raise exception_class(message, screen, stacktrace)\n","steps":[],"attachments":[],"parameters":[],"shouldDisplayMessage":true,"stepsCount":0,"attachmentsCount":0,"hasContent":true}],"attachments":[{"uid":"d89571d0c6bd453a","name":"Screenshot","source":"d89571d0c6bd453a.png","type":"image/png","size":39127},{"uid":"d727ebc0fe7f8ec8","name":"HTML source","source":"d727ebc0fe7f8ec8.html","type":"text/html","size":538}],"parameters":[],"shouldDisplayMessage":true,"stepsCount":1,"attachmentsCount":2,"hasContent":true},"afterStages":[{"name":"driver::0","time":{"start":1697245346984,"stop":1697245347042,"duration":58},"status":"passed","steps":[],"attachments":[],"parameters":[],"shouldDisplayMessage":false,"stepsCount":0,"attachmentsCount":0,"hasContent":false},{"name":"setup::0","time":{"start":1697245346984,"stop":1697245346984,"duration":0},"status":"passed","steps":[],"attachments":[],"parameters":[],"shouldDisplayMessage":false,"stepsCount":0,"attachmentsCount":0,"hasContent":false}],"labels":[{"name":"feature","value":"Footer functionality"},{"name":"epic","value":"Main Page"},{"name":"tag","value":"smoke_test"},{"name":"parentSuite","value":"tests"},{"name":"suite","value":"test_main_page"},{"name":"subSuite","value":"TestMainPage"},{"name":"host","value":"541a3f543b8d"},{"name":"thread","value":"1-MainThread"},{"name":"framework","value":"pytest"},{"name":"language","value":"cpython3"},{"name":"package","value":"tests.test_main_page"},{"name":"resultFormat","value":"allure2"}],"parameters":[{"name":"url","value":"'https://test2.stroyrem-nn.ru/'"}],"links":[],"hidden":false,"retry":false,"extra":{"severity":"normal","retries":[],"categories":[{"name":"Test defects","matchedStatuses":[],"flaky":false}],"history":{"statistic":{"failed":0,"broken":31,"skipped":0,"passed":35,"unknown":0,"total":66},"items":[{"uid":"22ec117f08d45e05","reportUrl":"https://zaelcovsky.github.io/StroyremAutomation/108//#testresult/22ec117f08d45e05","status":"broken","statusDetails":"selenium.common.exceptions.NoSuchElementException: Message: no such element: Unable to locate element: {\"method\":\"xpath\",\"selector\":\"(//a[@href='/podem-strojmaterialov-v-kvartiru'])[3]\"}\n  (Session info: headless chrome=118.0.5993.70); For documentation on this error, please visit: https://www.selenium.dev/documentation/webdriver/troubleshooting/errors#no-such-element-exception\nStacktrace:\n#0 0x55eb31d70fb3 <unknown>\n#1 0x55eb31a444a7 <unknown>\n#2 0x55eb31a8bdd6 <unknown>\n#3 0x55eb31a8bec1 <unknown>\n#4 0x55eb31ac9354 <unknown>\n#5 0x55eb31aad96d <unknown>\n#6 0x55eb31ac6c02 <unknown>\n#7 0x55eb31aad713 <unknown>\n#8 0x55eb31a8018b <unknown>\n#9 0x55eb31a80f7e <unknown>\n#10 0x55eb31d368d8 <unknown>\n#11 0x55eb31d3a800 <unknown>\n#12 0x55eb31d44cfc <unknown>\n#13 0x55eb31d3b418 <unknown>\n#14 0x55eb31d0842f <unknown>\n#15 0x55eb31d5f4e8 <unknown>\n#16 0x55eb31d5f6b4 <unknown>\n#17 0x55eb31d70143 <unknown>\n#18 0x7f8196acc044 <unknown>","time":{"start":1697159116307,"stop":1697159116326,"duration":19}},{"uid":"8c71c4be731a3ccf","reportUrl":"https://zaelcovsky.github.io/StroyremAutomation/107//#testresult/8c71c4be731a3ccf","status":"broken","statusDetails":"selenium.common.exceptions.NoSuchElementException: Message: no such element: Unable to locate element: {\"method\":\"xpath\",\"selector\":\"(//a[@href='/podem-strojmaterialov-v-kvartiru'])[3]\"}\n  (Session info: headless chrome=118.0.5993.70); For documentation on this error, please visit: https://www.selenium.dev/documentation/webdriver/troubleshooting/errors#no-such-element-exception\nStacktrace:\n#0 0x56261e2bafb3 <unknown>\n#1 0x56261df8e4a7 <unknown>\n#2 0x56261dfd5dd6 <unknown>\n#3 0x56261dfd5ec1 <unknown>\n#4 0x56261e013354 <unknown>\n#5 0x56261dff796d <unknown>\n#6 0x56261e010c02 <unknown>\n#7 0x56261dff7713 <unknown>\n#8 0x56261dfca18b <unknown>\n#9 0x56261dfcaf7e <unknown>\n#10 0x56261e2808d8 <unknown>\n#11 0x56261e284800 <unknown>\n#12 0x56261e28ecfc <unknown>\n#13 0x56261e285418 <unknown>\n#14 0x56261e25242f <unknown>\n#15 0x56261e2a94e8 <unknown>\n#16 0x56261e2a96b4 <unknown>\n#17 0x56261e2ba143 <unknown>\n#18 0x7f769f8ab044 <unknown>","time":{"start":1697072528506,"stop":1697072528526,"duration":20}},{"uid":"98cb02611939b3ea","reportUrl":"https://zaelcovsky.github.io/StroyremAutomation/106//#testresult/98cb02611939b3ea","status":"broken","statusDetails":"selenium.common.exceptions.NoSuchElementException: Message: no such element: Unable to locate element: {\"method\":\"xpath\",\"selector\":\"(//a[@href='/podem-strojmaterialov-v-kvartiru'])[3]\"}\n  (Session info: headless chrome=118.0.5993.70); For documentation on this error, please visit: https://www.selenium.dev/documentation/webdriver/troubleshooting/errors#no-such-element-exception\nStacktrace:\n#0 0x55f42b742fb3 <unknown>\n#1 0x55f42b4164a7 <unknown>\n#2 0x55f42b45ddd6 <unknown>\n#3 0x55f42b45dec1 <unknown>\n#4 0x55f42b49b354 <unknown>\n#5 0x55f42b47f96d <unknown>\n#6 0x55f42b498c02 <unknown>\n#7 0x55f42b47f713 <unknown>\n#8 0x55f42b45218b <unknown>\n#9 0x55f42b452f7e <unknown>\n#10 0x55f42b7088d8 <unknown>\n#11 0x55f42b70c800 <unknown>\n#12 0x55f42b716cfc <unknown>\n#13 0x55f42b70d418 <unknown>\n#14 0x55f42b6da42f <unknown>\n#15 0x55f42b7314e8 <unknown>\n#16 0x55f42b7316b4 <unknown>\n#17 0x55f42b742143 <unknown>\n#18 0x7f4db1a62044 <unknown>","time":{"start":1696986185212,"stop":1696986185229,"duration":17}},{"uid":"83ea298fc5a36b06","reportUrl":"https://zaelcovsky.github.io/StroyremAutomation/105//#testresult/83ea298fc5a36b06","status":"broken","statusDetails":"selenium.common.exceptions.NoSuchElementException: Message: no such element: Unable to locate element: {\"method\":\"xpath\",\"selector\":\"(//a[@href='/podem-strojmaterialov-v-kvartiru'])[3]\"}\n  (Session info: headless chrome=117.0.5938.149); For documentation on this error, please visit: https://www.selenium.dev/documentation/webdriver/troubleshooting/errors#no-such-element-exception\nStacktrace:\n#0 0x55846421d933 <unknown>\n#1 0x558463ef76f7 <unknown>\n#2 0x558463f3eaa6 <unknown>\n#3 0x558463f3eb91 <unknown>\n#4 0x558463f7bfc4 <unknown>\n#5 0x558463f6062d <unknown>\n#6 0x558463f79857 <unknown>\n#7 0x558463f603d3 <unknown>\n#8 0x558463f32e64 <unknown>\n#9 0x558463f33c4e <unknown>\n#10 0x5584641e3558 <unknown>\n#11 0x5584641e74a0 <unknown>\n#12 0x5584641f197c <unknown>\n#13 0x5584641e80b8 <unknown>\n#14 0x5584641b3cdf <unknown>\n#15 0x55846420c048 <unknown>\n#16 0x55846420c219 <unknown>\n#17 0x55846421cac3 <unknown>\n#18 0x7fa4f1dcf044 <unknown>","time":{"start":1696899768944,"stop":1696899768959,"duration":15}},{"uid":"27a6dd576330b862","reportUrl":"https://zaelcovsky.github.io/StroyremAutomation/104//#testresult/27a6dd576330b862","status":"broken","statusDetails":"selenium.common.exceptions.NoSuchElementException: Message: no such element: Unable to locate element: {\"method\":\"xpath\",\"selector\":\"(//a[@href='/podem-strojmaterialov-v-kvartiru'])[3]\"}\n  (Session info: headless chrome=117.0.5938.149); For documentation on this error, please visit: https://www.selenium.dev/documentation/webdriver/troubleshooting/errors#no-such-element-exception\nStacktrace:\n#0 0x5651ebcfc933 <unknown>\n#1 0x5651eb9d66f7 <unknown>\n#2 0x5651eba1daa6 <unknown>\n#3 0x5651eba1db91 <unknown>\n#4 0x5651eba5afc4 <unknown>\n#5 0x5651eba3f62d <unknown>\n#6 0x5651eba58857 <unknown>\n#7 0x5651eba3f3d3 <unknown>\n#8 0x5651eba11e64 <unknown>\n#9 0x5651eba12c4e <unknown>\n#10 0x5651ebcc2558 <unknown>\n#11 0x5651ebcc64a0 <unknown>\n#12 0x5651ebcd097c <unknown>\n#13 0x5651ebcc70b8 <unknown>\n#14 0x5651ebc92cdf <unknown>\n#15 0x5651ebceb048 <unknown>\n#16 0x5651ebceb219 <unknown>\n#17 0x5651ebcfbac3 <unknown>\n#18 0x7f8d8e052044 <unknown>","time":{"start":1696813434434,"stop":1696813434450,"duration":16}},{"uid":"1d09bc3b9763743e","reportUrl":"https://zaelcovsky.github.io/StroyremAutomation/103//#testresult/1d09bc3b9763743e","status":"broken","statusDetails":"selenium.common.exceptions.NoSuchElementException: Message: no such element: Unable to locate element: {\"method\":\"xpath\",\"selector\":\"(//a[@href='/podem-strojmaterialov-v-kvartiru'])[3]\"}\n  (Session info: headless chrome=117.0.5938.149); For documentation on this error, please visit: https://www.selenium.dev/documentation/webdriver/troubleshooting/errors#no-such-element-exception\nStacktrace:\n#0 0x556e103ba933 <unknown>\n#1 0x556e100946f7 <unknown>\n#2 0x556e100dbaa6 <unknown>\n#3 0x556e100dbb91 <unknown>\n#4 0x556e10118fc4 <unknown>\n#5 0x556e100fd62d <unknown>\n#6 0x556e10116857 <unknown>\n#7 0x556e100fd3d3 <unknown>\n#8 0x556e100cfe64 <unknown>\n#9 0x556e100d0c4e <unknown>\n#10 0x556e10380558 <unknown>\n#11 0x556e103844a0 <unknown>\n#12 0x556e1038e97c <unknown>\n#13 0x556e103850b8 <unknown>\n#14 0x556e10350cdf <unknown>\n#15 0x556e103a9048 <unknown>\n#16 0x556e103a9219 <unknown>\n#17 0x556e103b9ac3 <unknown>\n#18 0x7f2675788044 <unknown>","time":{"start":1696727276650,"stop":1696727276666,"duration":16}},{"uid":"3faedd0921a005e3","reportUrl":"https://zaelcovsky.github.io/StroyremAutomation/102//#testresult/3faedd0921a005e3","status":"broken","statusDetails":"selenium.common.exceptions.NoSuchElementException: Message: no such element: Unable to locate element: {\"method\":\"xpath\",\"selector\":\"(//a[@href='/podem-strojmaterialov-v-kvartiru'])[3]\"}\n  (Session info: headless chrome=117.0.5938.149); For documentation on this error, please visit: https://www.selenium.dev/documentation/webdriver/troubleshooting/errors#no-such-element-exception\nStacktrace:\n#0 0x558d23ed4933 <unknown>\n#1 0x558d23bae6f7 <unknown>\n#2 0x558d23bf5aa6 <unknown>\n#3 0x558d23bf5b91 <unknown>\n#4 0x558d23c32fc4 <unknown>\n#5 0x558d23c1762d <unknown>\n#6 0x558d23c30857 <unknown>\n#7 0x558d23c173d3 <unknown>\n#8 0x558d23be9e64 <unknown>\n#9 0x558d23beac4e <unknown>\n#10 0x558d23e9a558 <unknown>\n#11 0x558d23e9e4a0 <unknown>\n#12 0x558d23ea897c <unknown>\n#13 0x558d23e9f0b8 <unknown>\n#14 0x558d23e6acdf <unknown>\n#15 0x558d23ec3048 <unknown>\n#16 0x558d23ec3219 <unknown>\n#17 0x558d23ed3ac3 <unknown>\n#18 0x7f15ec8e7044 <unknown>","time":{"start":1696640584485,"stop":1696640584501,"duration":16}},{"uid":"a37427ddf33fe70","reportUrl":"https://zaelcovsky.github.io/StroyremAutomation/101//#testresult/a37427ddf33fe70","status":"broken","statusDetails":"selenium.common.exceptions.NoSuchElementException: Message: no such element: Unable to locate element: {\"method\":\"xpath\",\"selector\":\"(//a[@href='/podem-strojmaterialov-v-kvartiru'])[3]\"}\n  (Session info: headless chrome=117.0.5938.149); For documentation on this error, please visit: https://www.selenium.dev/documentation/webdriver/troubleshooting/errors#no-such-element-exception\nStacktrace:\n#0 0x55df84dc6933 <unknown>\n#1 0x55df84aa06f7 <unknown>\n#2 0x55df84ae7aa6 <unknown>\n#3 0x55df84ae7b91 <unknown>\n#4 0x55df84b24fc4 <unknown>\n#5 0x55df84b0962d <unknown>\n#6 0x55df84b22857 <unknown>\n#7 0x55df84b093d3 <unknown>\n#8 0x55df84adbe64 <unknown>\n#9 0x55df84adcc4e <unknown>\n#10 0x55df84d8c558 <unknown>\n#11 0x55df84d904a0 <unknown>\n#12 0x55df84d9a97c <unknown>\n#13 0x55df84d910b8 <unknown>\n#14 0x55df84d5ccdf <unknown>\n#15 0x55df84db5048 <unknown>\n#16 0x55df84db5219 <unknown>\n#17 0x55df84dc5ac3 <unknown>\n#18 0x7f7fcb195044 <unknown>","time":{"start":1696554214013,"stop":1696554214037,"duration":24}},{"uid":"e15cac9aefafede3","reportUrl":"https://zaelcovsky.github.io/StroyremAutomation/100//#testresult/e15cac9aefafede3","status":"broken","statusDetails":"selenium.common.exceptions.NoSuchElementException: Message: no such element: Unable to locate element: {\"method\":\"xpath\",\"selector\":\"(//a[@href='/podem-strojmaterialov-v-kvartiru'])[3]\"}\n  (Session info: headless chrome=117.0.5938.149); For documentation on this error, please visit: https://www.selenium.dev/documentation/webdriver/troubleshooting/errors#no-such-element-exception\nStacktrace:\n#0 0x55fbe8e02933 <unknown>\n#1 0x55fbe8adc6f7 <unknown>\n#2 0x55fbe8b23aa6 <unknown>\n#3 0x55fbe8b23b91 <unknown>\n#4 0x55fbe8b60fc4 <unknown>\n#5 0x55fbe8b4562d <unknown>\n#6 0x55fbe8b5e857 <unknown>\n#7 0x55fbe8b453d3 <unknown>\n#8 0x55fbe8b17e64 <unknown>\n#9 0x55fbe8b18c4e <unknown>\n#10 0x55fbe8dc8558 <unknown>\n#11 0x55fbe8dcc4a0 <unknown>\n#12 0x55fbe8dd697c <unknown>\n#13 0x55fbe8dcd0b8 <unknown>\n#14 0x55fbe8d98cdf <unknown>\n#15 0x55fbe8df1048 <unknown>\n#16 0x55fbe8df1219 <unknown>\n#17 0x55fbe8e01ac3 <unknown>\n#18 0x7f63aae02044 <unknown>","time":{"start":1696467912882,"stop":1696467912900,"duration":18}},{"uid":"29734c06c8b71b9b","reportUrl":"https://zaelcovsky.github.io/StroyremAutomation/99//#testresult/29734c06c8b71b9b","status":"broken","statusDetails":"selenium.common.exceptions.NoSuchElementException: Message: no such element: Unable to locate element: {\"method\":\"xpath\",\"selector\":\"(//a[@href='/podem-strojmaterialov-v-kvartiru'])[3]\"}\n  (Session info: headless chrome=117.0.5938.92); For documentation on this error, please visit: https://www.selenium.dev/documentation/webdriver/troubleshooting/errors#no-such-element-exception\nStacktrace:\n#0 0x5560c7bc76b3 <unknown>\n#1 0x5560c789d1e7 <unknown>\n#2 0x5560c78e4566 <unknown>\n#3 0x5560c78e4651 <unknown>\n#4 0x5560c7921a74 <unknown>\n#5 0x5560c79060ed <unknown>\n#6 0x5560c791f322 <unknown>\n#7 0x5560c7905e93 <unknown>\n#8 0x5560c78d8934 <unknown>\n#9 0x5560c78d971e <unknown>\n#10 0x5560c7b8ccb8 <unknown>\n#11 0x5560c7b90bf0 <unknown>\n#12 0x5560c7b9b19c <unknown>\n#13 0x5560c7b91808 <unknown>\n#14 0x5560c7b5e27f <unknown>\n#15 0x5560c7bb5e88 <unknown>\n#16 0x5560c7bb6059 <unknown>\n#17 0x5560c7bc6843 <unknown>\n#18 0x7fbb2d35b044 <unknown>","time":{"start":1696381488537,"stop":1696381488561,"duration":24}},{"uid":"6faf9bbb3075553f","reportUrl":"https://zaelcovsky.github.io/StroyremAutomation/98//#testresult/6faf9bbb3075553f","status":"broken","statusDetails":"selenium.common.exceptions.NoSuchElementException: Message: no such element: Unable to locate element: {\"method\":\"xpath\",\"selector\":\"(//a[@href='/podem-strojmaterialov-v-kvartiru'])[3]\"}\n  (Session info: headless chrome=117.0.5938.92); For documentation on this error, please visit: https://www.selenium.dev/documentation/webdriver/troubleshooting/errors#no-such-element-exception\nStacktrace:\n#0 0x5607ee56c6b3 <unknown>\n#1 0x5607ee2421e7 <unknown>\n#2 0x5607ee289566 <unknown>\n#3 0x5607ee289651 <unknown>\n#4 0x5607ee2c6a74 <unknown>\n#5 0x5607ee2ab0ed <unknown>\n#6 0x5607ee2c4322 <unknown>\n#7 0x5607ee2aae93 <unknown>\n#8 0x5607ee27d934 <unknown>\n#9 0x5607ee27e71e <unknown>\n#10 0x5607ee531cb8 <unknown>\n#11 0x5607ee535bf0 <unknown>\n#12 0x5607ee54019c <unknown>\n#13 0x5607ee536808 <unknown>\n#14 0x5607ee50327f <unknown>\n#15 0x5607ee55ae88 <unknown>\n#16 0x5607ee55b059 <unknown>\n#17 0x5607ee56b843 <unknown>\n#18 0x7f6941a72044 <unknown>","time":{"start":1696295074927,"stop":1696295074946,"duration":19}},{"uid":"32697ec52f7a7538","reportUrl":"https://zaelcovsky.github.io/StroyremAutomation/97//#testresult/32697ec52f7a7538","status":"broken","statusDetails":"selenium.common.exceptions.NoSuchElementException: Message: no such element: Unable to locate element: {\"method\":\"xpath\",\"selector\":\"(//a[@href='/podem-strojmaterialov-v-kvartiru'])[3]\"}\n  (Session info: headless chrome=117.0.5938.92); For documentation on this error, please visit: https://www.selenium.dev/documentation/webdriver/troubleshooting/errors#no-such-element-exception\nStacktrace:\n#0 0x55fb3127f6b3 <unknown>\n#1 0x55fb30f551e7 <unknown>\n#2 0x55fb30f9c566 <unknown>\n#3 0x55fb30f9c651 <unknown>\n#4 0x55fb30fd9a74 <unknown>\n#5 0x55fb30fbe0ed <unknown>\n#6 0x55fb30fd7322 <unknown>\n#7 0x55fb30fbde93 <unknown>\n#8 0x55fb30f90934 <unknown>\n#9 0x55fb30f9171e <unknown>\n#10 0x55fb31244cb8 <unknown>\n#11 0x55fb31248bf0 <unknown>\n#12 0x55fb3125319c <unknown>\n#13 0x55fb31249808 <unknown>\n#14 0x55fb3121627f <unknown>\n#15 0x55fb3126de88 <unknown>\n#16 0x55fb3126e059 <unknown>\n#17 0x55fb3127e843 <unknown>\n#18 0x7f8f22076044 <unknown>","time":{"start":1696208650641,"stop":1696208650656,"duration":15}},{"uid":"684eefd158fb9d5e","reportUrl":"https://zaelcovsky.github.io/StroyremAutomation/96//#testresult/684eefd158fb9d5e","status":"broken","statusDetails":"selenium.common.exceptions.NoSuchElementException: Message: no such element: Unable to locate element: {\"method\":\"xpath\",\"selector\":\"(//a[@href='/podem-strojmaterialov-v-kvartiru'])[3]\"}\n  (Session info: headless chrome=117.0.5938.92); For documentation on this error, please visit: https://www.selenium.dev/documentation/webdriver/troubleshooting/errors#no-such-element-exception\nStacktrace:\n#0 0x56372438f6b3 <unknown>\n#1 0x5637240651e7 <unknown>\n#2 0x5637240ac566 <unknown>\n#3 0x5637240ac651 <unknown>\n#4 0x5637240e9a74 <unknown>\n#5 0x5637240ce0ed <unknown>\n#6 0x5637240e7322 <unknown>\n#7 0x5637240cde93 <unknown>\n#8 0x5637240a0934 <unknown>\n#9 0x5637240a171e <unknown>\n#10 0x563724354cb8 <unknown>\n#11 0x563724358bf0 <unknown>\n#12 0x56372436319c <unknown>\n#13 0x563724359808 <unknown>\n#14 0x56372432627f <unknown>\n#15 0x56372437de88 <unknown>\n#16 0x56372437e059 <unknown>\n#17 0x56372438e843 <unknown>\n#18 0x7feb63d27044 <unknown>","time":{"start":1696122702269,"stop":1696122702285,"duration":16}},{"uid":"382477f562f00bdb","reportUrl":"https://zaelcovsky.github.io/StroyremAutomation/95//#testresult/382477f562f00bdb","status":"broken","statusDetails":"selenium.common.exceptions.NoSuchElementException: Message: no such element: Unable to locate element: {\"method\":\"xpath\",\"selector\":\"(//a[@href='/podem-strojmaterialov-v-kvartiru'])[3]\"}\n  (Session info: headless chrome=117.0.5938.92); For documentation on this error, please visit: https://www.selenium.dev/documentation/webdriver/troubleshooting/errors#no-such-element-exception\nStacktrace:\n#0 0x55d8d7fe26b3 <unknown>\n#1 0x55d8d7cb81e7 <unknown>\n#2 0x55d8d7cff566 <unknown>\n#3 0x55d8d7cff651 <unknown>\n#4 0x55d8d7d3ca74 <unknown>\n#5 0x55d8d7d210ed <unknown>\n#6 0x55d8d7d3a322 <unknown>\n#7 0x55d8d7d20e93 <unknown>\n#8 0x55d8d7cf3934 <unknown>\n#9 0x55d8d7cf471e <unknown>\n#10 0x55d8d7fa7cb8 <unknown>\n#11 0x55d8d7fabbf0 <unknown>\n#12 0x55d8d7fb619c <unknown>\n#13 0x55d8d7fac808 <unknown>\n#14 0x55d8d7f7927f <unknown>\n#15 0x55d8d7fd0e88 <unknown>\n#16 0x55d8d7fd1059 <unknown>\n#17 0x55d8d7fe1843 <unknown>\n#18 0x7f3168eb4044 <unknown>","time":{"start":1696035693289,"stop":1696035693305,"duration":16}},{"uid":"8559e5b2f3710361","reportUrl":"https://zaelcovsky.github.io/StroyremAutomation/94//#testresult/8559e5b2f3710361","status":"broken","statusDetails":"selenium.common.exceptions.NoSuchElementException: Message: no such element: Unable to locate element: {\"method\":\"xpath\",\"selector\":\"(//a[@href='/podem-strojmaterialov-v-kvartiru'])[3]\"}\n  (Session info: headless chrome=117.0.5938.92); For documentation on this error, please visit: https://www.selenium.dev/documentation/webdriver/troubleshooting/errors#no-such-element-exception\nStacktrace:\n#0 0x555beef0e6b3 <unknown>\n#1 0x555beebe41e7 <unknown>\n#2 0x555beec2b566 <unknown>\n#3 0x555beec2b651 <unknown>\n#4 0x555beec68a74 <unknown>\n#5 0x555beec4d0ed <unknown>\n#6 0x555beec66322 <unknown>\n#7 0x555beec4ce93 <unknown>\n#8 0x555beec1f934 <unknown>\n#9 0x555beec2071e <unknown>\n#10 0x555beeed3cb8 <unknown>\n#11 0x555beeed7bf0 <unknown>\n#12 0x555beeee219c <unknown>\n#13 0x555beeed8808 <unknown>\n#14 0x555beeea527f <unknown>\n#15 0x555beeefce88 <unknown>\n#16 0x555beeefd059 <unknown>\n#17 0x555beef0d843 <unknown>\n#18 0x7f0447e9a044 <unknown>","time":{"start":1695949375402,"stop":1695949375420,"duration":18}},{"uid":"c7bb34cb9b6ddf0c","reportUrl":"https://zaelcovsky.github.io/StroyremAutomation/93//#testresult/c7bb34cb9b6ddf0c","status":"broken","statusDetails":"selenium.common.exceptions.NoSuchElementException: Message: no such element: Unable to locate element: {\"method\":\"xpath\",\"selector\":\"(//a[@href='/podem-strojmaterialov-v-kvartiru'])[3]\"}\n  (Session info: headless chrome=117.0.5938.92); For documentation on this error, please visit: https://www.selenium.dev/documentation/webdriver/troubleshooting/errors#no-such-element-exception\nStacktrace:\n#0 0x5647fce636b3 <unknown>\n#1 0x5647fcb391e7 <unknown>\n#2 0x5647fcb80566 <unknown>\n#3 0x5647fcb80651 <unknown>\n#4 0x5647fcbbda74 <unknown>\n#5 0x5647fcba20ed <unknown>\n#6 0x5647fcbbb322 <unknown>\n#7 0x5647fcba1e93 <unknown>\n#8 0x5647fcb74934 <unknown>\n#9 0x5647fcb7571e <unknown>\n#10 0x5647fce28cb8 <unknown>\n#11 0x5647fce2cbf0 <unknown>\n#12 0x5647fce3719c <unknown>\n#13 0x5647fce2d808 <unknown>\n#14 0x5647fcdfa27f <unknown>\n#15 0x5647fce51e88 <unknown>\n#16 0x5647fce52059 <unknown>\n#17 0x5647fce62843 <unknown>\n#18 0x7efcddea7044 <unknown>","time":{"start":1695862967604,"stop":1695862967622,"duration":18}},{"uid":"331a14edb8ea41b4","reportUrl":"https://zaelcovsky.github.io/StroyremAutomation/92//#testresult/331a14edb8ea41b4","status":"broken","statusDetails":"selenium.common.exceptions.NoSuchElementException: Message: no such element: Unable to locate element: {\"method\":\"xpath\",\"selector\":\"(//a[@href='/podem-strojmaterialov-v-kvartiru'])[3]\"}\n  (Session info: headless chrome=117.0.5938.92); For documentation on this error, please visit: https://www.selenium.dev/documentation/webdriver/troubleshooting/errors#no-such-element-exception\nStacktrace:\n#0 0x555f929fb6b3 <unknown>\n#1 0x555f926d11e7 <unknown>\n#2 0x555f92718566 <unknown>\n#3 0x555f92718651 <unknown>\n#4 0x555f92755a74 <unknown>\n#5 0x555f9273a0ed <unknown>\n#6 0x555f92753322 <unknown>\n#7 0x555f92739e93 <unknown>\n#8 0x555f9270c934 <unknown>\n#9 0x555f9270d71e <unknown>\n#10 0x555f929c0cb8 <unknown>\n#11 0x555f929c4bf0 <unknown>\n#12 0x555f929cf19c <unknown>\n#13 0x555f929c5808 <unknown>\n#14 0x555f9299227f <unknown>\n#15 0x555f929e9e88 <unknown>\n#16 0x555f929ea059 <unknown>\n#17 0x555f929fa843 <unknown>\n#18 0x7f5b90bc7044 <unknown>","time":{"start":1695776649600,"stop":1695776649620,"duration":20}},{"uid":"2d98091e5eed72b0","reportUrl":"https://zaelcovsky.github.io/StroyremAutomation/91//#testresult/2d98091e5eed72b0","status":"broken","statusDetails":"selenium.common.exceptions.NoSuchElementException: Message: no such element: Unable to locate element: {\"method\":\"xpath\",\"selector\":\"(//a[@href='/podem-strojmaterialov-v-kvartiru'])[3]\"}\n  (Session info: headless chrome=117.0.5938.92); For documentation on this error, please visit: https://www.selenium.dev/documentation/webdriver/troubleshooting/errors#no-such-element-exception\nStacktrace:\n#0 0x56217f5976b3 <unknown>\n#1 0x56217f26d1e7 <unknown>\n#2 0x56217f2b4566 <unknown>\n#3 0x56217f2b4651 <unknown>\n#4 0x56217f2f1a74 <unknown>\n#5 0x56217f2d60ed <unknown>\n#6 0x56217f2ef322 <unknown>\n#7 0x56217f2d5e93 <unknown>\n#8 0x56217f2a8934 <unknown>\n#9 0x56217f2a971e <unknown>\n#10 0x56217f55ccb8 <unknown>\n#11 0x56217f560bf0 <unknown>\n#12 0x56217f56b19c <unknown>\n#13 0x56217f561808 <unknown>\n#14 0x56217f52e27f <unknown>\n#15 0x56217f585e88 <unknown>\n#16 0x56217f586059 <unknown>\n#17 0x56217f596843 <unknown>\n#18 0x7f7081da2044 <unknown>","time":{"start":1695690289084,"stop":1695690289102,"duration":18}},{"uid":"1f95f24274215a6f","reportUrl":"https://zaelcovsky.github.io/StroyremAutomation/90//#testresult/1f95f24274215a6f","status":"broken","statusDetails":"selenium.common.exceptions.NoSuchElementException: Message: no such element: Unable to locate element: {\"method\":\"xpath\",\"selector\":\"(//a[@href='/podem-strojmaterialov-v-kvartiru'])[3]\"}\n  (Session info: headless chrome=117.0.5938.92); For documentation on this error, please visit: https://www.selenium.dev/documentation/webdriver/troubleshooting/errors#no-such-element-exception\nStacktrace:\n#0 0x556a4c3686b3 <unknown>\n#1 0x556a4c03e1e7 <unknown>\n#2 0x556a4c085566 <unknown>\n#3 0x556a4c085651 <unknown>\n#4 0x556a4c0c2a74 <unknown>\n#5 0x556a4c0a70ed <unknown>\n#6 0x556a4c0c0322 <unknown>\n#7 0x556a4c0a6e93 <unknown>\n#8 0x556a4c079934 <unknown>\n#9 0x556a4c07a71e <unknown>\n#10 0x556a4c32dcb8 <unknown>\n#11 0x556a4c331bf0 <unknown>\n#12 0x556a4c33c19c <unknown>\n#13 0x556a4c332808 <unknown>\n#14 0x556a4c2ff27f <unknown>\n#15 0x556a4c356e88 <unknown>\n#16 0x556a4c357059 <unknown>\n#17 0x556a4c367843 <unknown>\n#18 0x7f46989ad044 <unknown>","time":{"start":1695603798654,"stop":1695603798669,"duration":15}},{"uid":"e1a397f0c374e9eb","reportUrl":"https://zaelcovsky.github.io/StroyremAutomation/89//#testresult/e1a397f0c374e9eb","status":"broken","statusDetails":"selenium.common.exceptions.NoSuchElementException: Message: no such element: Unable to locate element: {\"method\":\"xpath\",\"selector\":\"(//a[@href='/podem-strojmaterialov-v-kvartiru'])[3]\"}\n  (Session info: headless chrome=117.0.5938.92); For documentation on this error, please visit: https://www.selenium.dev/documentation/webdriver/troubleshooting/errors#no-such-element-exception\nStacktrace:\n#0 0x55fa723486b3 <unknown>\n#1 0x55fa7201e1e7 <unknown>\n#2 0x55fa72065566 <unknown>\n#3 0x55fa72065651 <unknown>\n#4 0x55fa720a2a74 <unknown>\n#5 0x55fa720870ed <unknown>\n#6 0x55fa720a0322 <unknown>\n#7 0x55fa72086e93 <unknown>\n#8 0x55fa72059934 <unknown>\n#9 0x55fa7205a71e <unknown>\n#10 0x55fa7230dcb8 <unknown>\n#11 0x55fa72311bf0 <unknown>\n#12 0x55fa7231c19c <unknown>\n#13 0x55fa72312808 <unknown>\n#14 0x55fa722df27f <unknown>\n#15 0x55fa72336e88 <unknown>\n#16 0x55fa72337059 <unknown>\n#17 0x55fa72347843 <unknown>\n#18 0x7efc6612f044 <unknown>","time":{"start":1695517591032,"stop":1695517591048,"duration":16}}]},"tags":["smoke_test"]},"source":"fddf11c6ee01e1d8.json","parameterValues":["'https://test2.stroyrem-nn.ru/'"]}