{"uid":"5270747c01652c41","name":"TC 014 - Проверка функциональности ссылки 'Оплатить заказ'","fullName":"tests.test_main_page.TestMainPage#test_positive_footer_payment_order_smoke","historyId":"534ccbf5f4c791c824cbd75395f48a3b","time":{"start":1697936868476,"stop":1697936868492,"duration":16},"status":"broken","statusMessage":"selenium.common.exceptions.NoSuchElementException: Message: no such element: Unable to locate element: {\"method\":\"xpath\",\"selector\":\"(//a[@href='#order-pay'])[3]\"}\n  (Session info: headless chrome=118.0.5993.70); For documentation on this error, please visit: https://www.selenium.dev/documentation/webdriver/troubleshooting/errors#no-such-element-exception\nStacktrace:\n#0 0x5646e1f85fb3 <unknown>\n#1 0x5646e1c594a7 <unknown>\n#2 0x5646e1ca0dd6 <unknown>\n#3 0x5646e1ca0ec1 <unknown>\n#4 0x5646e1cde354 <unknown>\n#5 0x5646e1cc296d <unknown>\n#6 0x5646e1cdbc02 <unknown>\n#7 0x5646e1cc2713 <unknown>\n#8 0x5646e1c9518b <unknown>\n#9 0x5646e1c95f7e <unknown>\n#10 0x5646e1f4b8d8 <unknown>\n#11 0x5646e1f4f800 <unknown>\n#12 0x5646e1f59cfc <unknown>\n#13 0x5646e1f50418 <unknown>\n#14 0x5646e1f1d42f <unknown>\n#15 0x5646e1f744e8 <unknown>\n#16 0x5646e1f746b4 <unknown>\n#17 0x5646e1f85143 <unknown>\n#18 0x7f975469f044 <unknown>","statusTrace":"self = <tests.test_main_page.TestMainPage object at 0x7fe9d5523bd0>\nmain_page = <pages.main_page.MainPage object at 0x7fe9d58b6090>\n\n    @allure.feature(\"Footer functionality\")\n    @allure.title(\"TC 014 - Проверка функциональности ссылки 'Оплатить заказ'\")\n    @pytest.mark.smoke_test\n    def test_positive_footer_payment_order_smoke(self, main_page):\n>       title = main_page.check_payment_order_link()\n\ntests/test_main_page.py:131: \n_ _ _ _ _ _ _ _ _ _ _ _ _ _ _ _ _ _ _ _ _ _ _ _ _ _ _ _ _ _ _ _ _ _ _ _ _ _ _ _ \npages/main_page.py:161: in check_payment_order_link\n    self.driver.find_element(*self._payment_order_link).click()\n/usr/local/lib/python3.11/site-packages/selenium/webdriver/remote/webdriver.py:740: in find_element\n    return self.execute(Command.FIND_ELEMENT, {\"using\": by, \"value\": value})[\"value\"]\n/usr/local/lib/python3.11/site-packages/selenium/webdriver/remote/webdriver.py:346: in execute\n    self.error_handler.check_response(response)\n_ _ _ _ _ _ _ _ _ _ _ _ _ _ _ _ _ _ _ _ _ _ _ _ _ _ _ _ _ _ _ _ _ _ _ _ _ _ _ _ \n\nself = <selenium.webdriver.remote.errorhandler.ErrorHandler object at 0x7fe9d55758d0>\nresponse = {'status': 404, 'value': '{\"value\":{\"error\":\"no such element\",\"message\":\"no such element: Unable to locate element: {\\...\\\\n#16 0x5646e1f746b4 \\\\u003Cunknown>\\\\n#17 0x5646e1f85143 \\\\u003Cunknown>\\\\n#18 0x7f975469f044 \\\\u003Cunknown>\\\\n\"}}'}\n\n    def check_response(self, response: Dict[str, Any]) -> None:\n        \"\"\"Checks that a JSON response from the WebDriver does not have an\n        error.\n    \n        :Args:\n         - response - The JSON response from the WebDriver server as a dictionary\n           object.\n    \n        :Raises: If the response contains an error message.\n        \"\"\"\n        status = response.get(\"status\", None)\n        if not status or status == ErrorCode.SUCCESS:\n            return\n        value = None\n        message = response.get(\"message\", \"\")\n        screen: str = response.get(\"screen\", \"\")\n        stacktrace = None\n        if isinstance(status, int):\n            value_json = response.get(\"value\", None)\n            if value_json and isinstance(value_json, str):\n                import json\n    \n                try:\n                    value = json.loads(value_json)\n                    if len(value) == 1:\n                        value = value[\"value\"]\n                    status = value.get(\"error\", None)\n                    if not status:\n                        status = value.get(\"status\", ErrorCode.UNKNOWN_ERROR)\n                        message = value.get(\"value\") or value.get(\"message\")\n                        if not isinstance(message, str):\n                            value = message\n                            message = message.get(\"message\")\n                    else:\n                        message = value.get(\"message\", None)\n                except ValueError:\n                    pass\n    \n        exception_class: Type[WebDriverException]\n        if status in ErrorCode.NO_SUCH_ELEMENT:\n            exception_class = NoSuchElementException\n        elif status in ErrorCode.NO_SUCH_FRAME:\n            exception_class = NoSuchFrameException\n        elif status in ErrorCode.NO_SUCH_SHADOW_ROOT:\n            exception_class = NoSuchShadowRootException\n        elif status in ErrorCode.NO_SUCH_WINDOW:\n            exception_class = NoSuchWindowException\n        elif status in ErrorCode.STALE_ELEMENT_REFERENCE:\n            exception_class = StaleElementReferenceException\n        elif status in ErrorCode.ELEMENT_NOT_VISIBLE:\n            exception_class = ElementNotVisibleException\n        elif status in ErrorCode.INVALID_ELEMENT_STATE:\n            exception_class = InvalidElementStateException\n        elif (\n            status in ErrorCode.INVALID_SELECTOR\n            or status in ErrorCode.INVALID_XPATH_SELECTOR\n            or status in ErrorCode.INVALID_XPATH_SELECTOR_RETURN_TYPER\n        ):\n            exception_class = InvalidSelectorException\n        elif status in ErrorCode.ELEMENT_IS_NOT_SELECTABLE:\n            exception_class = ElementNotSelectableException\n        elif status in ErrorCode.ELEMENT_NOT_INTERACTABLE:\n            exception_class = ElementNotInteractableException\n        elif status in ErrorCode.INVALID_COOKIE_DOMAIN:\n            exception_class = InvalidCookieDomainException\n        elif status in ErrorCode.UNABLE_TO_SET_COOKIE:\n            exception_class = UnableToSetCookieException\n        elif status in ErrorCode.TIMEOUT:\n            exception_class = TimeoutException\n        elif status in ErrorCode.SCRIPT_TIMEOUT:\n            exception_class = TimeoutException\n        elif status in ErrorCode.UNKNOWN_ERROR:\n            exception_class = WebDriverException\n        elif status in ErrorCode.UNEXPECTED_ALERT_OPEN:\n            exception_class = UnexpectedAlertPresentException\n        elif status in ErrorCode.NO_ALERT_OPEN:\n            exception_class = NoAlertPresentException\n        elif status in ErrorCode.IME_NOT_AVAILABLE:\n            exception_class = ImeNotAvailableException\n        elif status in ErrorCode.IME_ENGINE_ACTIVATION_FAILED:\n            exception_class = ImeActivationFailedException\n        elif status in ErrorCode.MOVE_TARGET_OUT_OF_BOUNDS:\n            exception_class = MoveTargetOutOfBoundsException\n        elif status in ErrorCode.JAVASCRIPT_ERROR:\n            exception_class = JavascriptException\n        elif status in ErrorCode.SESSION_NOT_CREATED:\n            exception_class = SessionNotCreatedException\n        elif status in ErrorCode.INVALID_ARGUMENT:\n            exception_class = InvalidArgumentException\n        elif status in ErrorCode.NO_SUCH_COOKIE:\n            exception_class = NoSuchCookieException\n        elif status in ErrorCode.UNABLE_TO_CAPTURE_SCREEN:\n            exception_class = ScreenshotException\n        elif status in ErrorCode.ELEMENT_CLICK_INTERCEPTED:\n            exception_class = ElementClickInterceptedException\n        elif status in ErrorCode.INSECURE_CERTIFICATE:\n            exception_class = InsecureCertificateException\n        elif status in ErrorCode.INVALID_COORDINATES:\n            exception_class = InvalidCoordinatesException\n        elif status in ErrorCode.INVALID_SESSION_ID:\n            exception_class = InvalidSessionIdException\n        elif status in ErrorCode.UNKNOWN_METHOD:\n            exception_class = UnknownMethodException\n        else:\n            exception_class = WebDriverException\n        if not value:\n            value = response[\"value\"]\n        if isinstance(value, str):\n            raise exception_class(value)\n        if message == \"\" and \"message\" in value:\n            message = value[\"message\"]\n    \n        screen = None  # type: ignore[assignment]\n        if \"screen\" in value:\n            screen = value[\"screen\"]\n    \n        stacktrace = None\n        st_value = value.get(\"stackTrace\") or value.get(\"stacktrace\")\n        if st_value:\n            if isinstance(st_value, str):\n                stacktrace = st_value.split(\"\\n\")\n            else:\n                stacktrace = []\n                try:\n                    for frame in st_value:\n                        line = frame.get(\"lineNumber\", \"\")\n                        file = frame.get(\"fileName\", \"<anonymous>\")\n                        if line:\n                            file = f\"{file}:{line}\"\n                        meth = frame.get(\"methodName\", \"<anonymous>\")\n                        if \"className\" in frame:\n                            meth = f\"{frame['className']}.{meth}\"\n                        msg = \"    at %s (%s)\"\n                        msg = msg % (meth, file)\n                        stacktrace.append(msg)\n                except TypeError:\n                    pass\n        if exception_class == UnexpectedAlertPresentException:\n            alert_text = None\n            if \"data\" in value:\n                alert_text = value[\"data\"].get(\"text\")\n            elif \"alert\" in value:\n                alert_text = value[\"alert\"].get(\"text\")\n            raise exception_class(message, screen, stacktrace, alert_text)  # type: ignore[call-arg]  # mypy is not smart enough here\n>       raise exception_class(message, screen, stacktrace)\nE       selenium.common.exceptions.NoSuchElementException: Message: no such element: Unable to locate element: {\"method\":\"xpath\",\"selector\":\"(//a[@href='#order-pay'])[3]\"}\nE         (Session info: headless chrome=118.0.5993.70); For documentation on this error, please visit: https://www.selenium.dev/documentation/webdriver/troubleshooting/errors#no-such-element-exception\nE       Stacktrace:\nE       #0 0x5646e1f85fb3 <unknown>\nE       #1 0x5646e1c594a7 <unknown>\nE       #2 0x5646e1ca0dd6 <unknown>\nE       #3 0x5646e1ca0ec1 <unknown>\nE       #4 0x5646e1cde354 <unknown>\nE       #5 0x5646e1cc296d <unknown>\nE       #6 0x5646e1cdbc02 <unknown>\nE       #7 0x5646e1cc2713 <unknown>\nE       #8 0x5646e1c9518b <unknown>\nE       #9 0x5646e1c95f7e <unknown>\nE       #10 0x5646e1f4b8d8 <unknown>\nE       #11 0x5646e1f4f800 <unknown>\nE       #12 0x5646e1f59cfc <unknown>\nE       #13 0x5646e1f50418 <unknown>\nE       #14 0x5646e1f1d42f <unknown>\nE       #15 0x5646e1f744e8 <unknown>\nE       #16 0x5646e1f746b4 <unknown>\nE       #17 0x5646e1f85143 <unknown>\nE       #18 0x7f975469f044 <unknown>\n\n/usr/local/lib/python3.11/site-packages/selenium/webdriver/remote/errorhandler.py:245: NoSuchElementException","flaky":false,"newFailed":false,"newBroken":false,"newPassed":false,"retriesCount":0,"retriesStatusChange":false,"beforeStages":[{"name":"_session_faker","time":{"start":1697936715265,"stop":1697936715348,"duration":83},"status":"passed","steps":[],"attachments":[],"parameters":[],"shouldDisplayMessage":false,"stepsCount":0,"attachmentsCount":0,"hasContent":false},{"name":"clear_allure_results_folder","time":{"start":1697936715349,"stop":1697936715349,"duration":0},"status":"passed","steps":[],"attachments":[],"parameters":[],"shouldDisplayMessage":false,"stepsCount":0,"attachmentsCount":0,"hasContent":false},{"name":"driver","time":{"start":1697936867318,"stop":1697936868092,"duration":774},"status":"passed","steps":[],"attachments":[],"parameters":[],"shouldDisplayMessage":false,"stepsCount":0,"attachmentsCount":0,"hasContent":false},{"name":"setup","time":{"start":1697936868092,"stop":1697936868092,"duration":0},"status":"passed","steps":[],"attachments":[],"parameters":[],"shouldDisplayMessage":false,"stepsCount":0,"attachmentsCount":0,"hasContent":false},{"name":"main_page","time":{"start":1697936868093,"stop":1697936868476,"duration":383},"status":"passed","steps":[],"attachments":[],"parameters":[],"shouldDisplayMessage":false,"stepsCount":0,"attachmentsCount":0,"hasContent":false}],"testStage":{"status":"broken","statusMessage":"selenium.common.exceptions.NoSuchElementException: Message: no such element: Unable to locate element: {\"method\":\"xpath\",\"selector\":\"(//a[@href='#order-pay'])[3]\"}\n  (Session info: headless chrome=118.0.5993.70); For documentation on this error, please visit: https://www.selenium.dev/documentation/webdriver/troubleshooting/errors#no-such-element-exception\nStacktrace:\n#0 0x5646e1f85fb3 <unknown>\n#1 0x5646e1c594a7 <unknown>\n#2 0x5646e1ca0dd6 <unknown>\n#3 0x5646e1ca0ec1 <unknown>\n#4 0x5646e1cde354 <unknown>\n#5 0x5646e1cc296d <unknown>\n#6 0x5646e1cdbc02 <unknown>\n#7 0x5646e1cc2713 <unknown>\n#8 0x5646e1c9518b <unknown>\n#9 0x5646e1c95f7e <unknown>\n#10 0x5646e1f4b8d8 <unknown>\n#11 0x5646e1f4f800 <unknown>\n#12 0x5646e1f59cfc <unknown>\n#13 0x5646e1f50418 <unknown>\n#14 0x5646e1f1d42f <unknown>\n#15 0x5646e1f744e8 <unknown>\n#16 0x5646e1f746b4 <unknown>\n#17 0x5646e1f85143 <unknown>\n#18 0x7f975469f044 <unknown>","statusTrace":"self = <tests.test_main_page.TestMainPage object at 0x7fe9d5523bd0>\nmain_page = <pages.main_page.MainPage object at 0x7fe9d58b6090>\n\n    @allure.feature(\"Footer functionality\")\n    @allure.title(\"TC 014 - Проверка функциональности ссылки 'Оплатить заказ'\")\n    @pytest.mark.smoke_test\n    def test_positive_footer_payment_order_smoke(self, main_page):\n>       title = main_page.check_payment_order_link()\n\ntests/test_main_page.py:131: \n_ _ _ _ _ _ _ _ _ _ _ _ _ _ _ _ _ _ _ _ _ _ _ _ _ _ _ _ _ _ _ _ _ _ _ _ _ _ _ _ \npages/main_page.py:161: in check_payment_order_link\n    self.driver.find_element(*self._payment_order_link).click()\n/usr/local/lib/python3.11/site-packages/selenium/webdriver/remote/webdriver.py:740: in find_element\n    return self.execute(Command.FIND_ELEMENT, {\"using\": by, \"value\": value})[\"value\"]\n/usr/local/lib/python3.11/site-packages/selenium/webdriver/remote/webdriver.py:346: in execute\n    self.error_handler.check_response(response)\n_ _ _ _ _ _ _ _ _ _ _ _ _ _ _ _ _ _ _ _ _ _ _ _ _ _ _ _ _ _ _ _ _ _ _ _ _ _ _ _ \n\nself = <selenium.webdriver.remote.errorhandler.ErrorHandler object at 0x7fe9d55758d0>\nresponse = {'status': 404, 'value': '{\"value\":{\"error\":\"no such element\",\"message\":\"no such element: Unable to locate element: {\\...\\\\n#16 0x5646e1f746b4 \\\\u003Cunknown>\\\\n#17 0x5646e1f85143 \\\\u003Cunknown>\\\\n#18 0x7f975469f044 \\\\u003Cunknown>\\\\n\"}}'}\n\n    def check_response(self, response: Dict[str, Any]) -> None:\n        \"\"\"Checks that a JSON response from the WebDriver does not have an\n        error.\n    \n        :Args:\n         - response - The JSON response from the WebDriver server as a dictionary\n           object.\n    \n        :Raises: If the response contains an error message.\n        \"\"\"\n        status = response.get(\"status\", None)\n        if not status or status == ErrorCode.SUCCESS:\n            return\n        value = None\n        message = response.get(\"message\", \"\")\n        screen: str = response.get(\"screen\", \"\")\n        stacktrace = None\n        if isinstance(status, int):\n            value_json = response.get(\"value\", None)\n            if value_json and isinstance(value_json, str):\n                import json\n    \n                try:\n                    value = json.loads(value_json)\n                    if len(value) == 1:\n                        value = value[\"value\"]\n                    status = value.get(\"error\", None)\n                    if not status:\n                        status = value.get(\"status\", ErrorCode.UNKNOWN_ERROR)\n                        message = value.get(\"value\") or value.get(\"message\")\n                        if not isinstance(message, str):\n                            value = message\n                            message = message.get(\"message\")\n                    else:\n                        message = value.get(\"message\", None)\n                except ValueError:\n                    pass\n    \n        exception_class: Type[WebDriverException]\n        if status in ErrorCode.NO_SUCH_ELEMENT:\n            exception_class = NoSuchElementException\n        elif status in ErrorCode.NO_SUCH_FRAME:\n            exception_class = NoSuchFrameException\n        elif status in ErrorCode.NO_SUCH_SHADOW_ROOT:\n            exception_class = NoSuchShadowRootException\n        elif status in ErrorCode.NO_SUCH_WINDOW:\n            exception_class = NoSuchWindowException\n        elif status in ErrorCode.STALE_ELEMENT_REFERENCE:\n            exception_class = StaleElementReferenceException\n        elif status in ErrorCode.ELEMENT_NOT_VISIBLE:\n            exception_class = ElementNotVisibleException\n        elif status in ErrorCode.INVALID_ELEMENT_STATE:\n            exception_class = InvalidElementStateException\n        elif (\n            status in ErrorCode.INVALID_SELECTOR\n            or status in ErrorCode.INVALID_XPATH_SELECTOR\n            or status in ErrorCode.INVALID_XPATH_SELECTOR_RETURN_TYPER\n        ):\n            exception_class = InvalidSelectorException\n        elif status in ErrorCode.ELEMENT_IS_NOT_SELECTABLE:\n            exception_class = ElementNotSelectableException\n        elif status in ErrorCode.ELEMENT_NOT_INTERACTABLE:\n            exception_class = ElementNotInteractableException\n        elif status in ErrorCode.INVALID_COOKIE_DOMAIN:\n            exception_class = InvalidCookieDomainException\n        elif status in ErrorCode.UNABLE_TO_SET_COOKIE:\n            exception_class = UnableToSetCookieException\n        elif status in ErrorCode.TIMEOUT:\n            exception_class = TimeoutException\n        elif status in ErrorCode.SCRIPT_TIMEOUT:\n            exception_class = TimeoutException\n        elif status in ErrorCode.UNKNOWN_ERROR:\n            exception_class = WebDriverException\n        elif status in ErrorCode.UNEXPECTED_ALERT_OPEN:\n            exception_class = UnexpectedAlertPresentException\n        elif status in ErrorCode.NO_ALERT_OPEN:\n            exception_class = NoAlertPresentException\n        elif status in ErrorCode.IME_NOT_AVAILABLE:\n            exception_class = ImeNotAvailableException\n        elif status in ErrorCode.IME_ENGINE_ACTIVATION_FAILED:\n            exception_class = ImeActivationFailedException\n        elif status in ErrorCode.MOVE_TARGET_OUT_OF_BOUNDS:\n            exception_class = MoveTargetOutOfBoundsException\n        elif status in ErrorCode.JAVASCRIPT_ERROR:\n            exception_class = JavascriptException\n        elif status in ErrorCode.SESSION_NOT_CREATED:\n            exception_class = SessionNotCreatedException\n        elif status in ErrorCode.INVALID_ARGUMENT:\n            exception_class = InvalidArgumentException\n        elif status in ErrorCode.NO_SUCH_COOKIE:\n            exception_class = NoSuchCookieException\n        elif status in ErrorCode.UNABLE_TO_CAPTURE_SCREEN:\n            exception_class = ScreenshotException\n        elif status in ErrorCode.ELEMENT_CLICK_INTERCEPTED:\n            exception_class = ElementClickInterceptedException\n        elif status in ErrorCode.INSECURE_CERTIFICATE:\n            exception_class = InsecureCertificateException\n        elif status in ErrorCode.INVALID_COORDINATES:\n            exception_class = InvalidCoordinatesException\n        elif status in ErrorCode.INVALID_SESSION_ID:\n            exception_class = InvalidSessionIdException\n        elif status in ErrorCode.UNKNOWN_METHOD:\n            exception_class = UnknownMethodException\n        else:\n            exception_class = WebDriverException\n        if not value:\n            value = response[\"value\"]\n        if isinstance(value, str):\n            raise exception_class(value)\n        if message == \"\" and \"message\" in value:\n            message = value[\"message\"]\n    \n        screen = None  # type: ignore[assignment]\n        if \"screen\" in value:\n            screen = value[\"screen\"]\n    \n        stacktrace = None\n        st_value = value.get(\"stackTrace\") or value.get(\"stacktrace\")\n        if st_value:\n            if isinstance(st_value, str):\n                stacktrace = st_value.split(\"\\n\")\n            else:\n                stacktrace = []\n                try:\n                    for frame in st_value:\n                        line = frame.get(\"lineNumber\", \"\")\n                        file = frame.get(\"fileName\", \"<anonymous>\")\n                        if line:\n                            file = f\"{file}:{line}\"\n                        meth = frame.get(\"methodName\", \"<anonymous>\")\n                        if \"className\" in frame:\n                            meth = f\"{frame['className']}.{meth}\"\n                        msg = \"    at %s (%s)\"\n                        msg = msg % (meth, file)\n                        stacktrace.append(msg)\n                except TypeError:\n                    pass\n        if exception_class == UnexpectedAlertPresentException:\n            alert_text = None\n            if \"data\" in value:\n                alert_text = value[\"data\"].get(\"text\")\n            elif \"alert\" in value:\n                alert_text = value[\"alert\"].get(\"text\")\n            raise exception_class(message, screen, stacktrace, alert_text)  # type: ignore[call-arg]  # mypy is not smart enough here\n>       raise exception_class(message, screen, stacktrace)\nE       selenium.common.exceptions.NoSuchElementException: Message: no such element: Unable to locate element: {\"method\":\"xpath\",\"selector\":\"(//a[@href='#order-pay'])[3]\"}\nE         (Session info: headless chrome=118.0.5993.70); For documentation on this error, please visit: https://www.selenium.dev/documentation/webdriver/troubleshooting/errors#no-such-element-exception\nE       Stacktrace:\nE       #0 0x5646e1f85fb3 <unknown>\nE       #1 0x5646e1c594a7 <unknown>\nE       #2 0x5646e1ca0dd6 <unknown>\nE       #3 0x5646e1ca0ec1 <unknown>\nE       #4 0x5646e1cde354 <unknown>\nE       #5 0x5646e1cc296d <unknown>\nE       #6 0x5646e1cdbc02 <unknown>\nE       #7 0x5646e1cc2713 <unknown>\nE       #8 0x5646e1c9518b <unknown>\nE       #9 0x5646e1c95f7e <unknown>\nE       #10 0x5646e1f4b8d8 <unknown>\nE       #11 0x5646e1f4f800 <unknown>\nE       #12 0x5646e1f59cfc <unknown>\nE       #13 0x5646e1f50418 <unknown>\nE       #14 0x5646e1f1d42f <unknown>\nE       #15 0x5646e1f744e8 <unknown>\nE       #16 0x5646e1f746b4 <unknown>\nE       #17 0x5646e1f85143 <unknown>\nE       #18 0x7f975469f044 <unknown>\n\n/usr/local/lib/python3.11/site-packages/selenium/webdriver/remote/errorhandler.py:245: NoSuchElementException","steps":[{"name":"Проверка функциональности ссылки 'Оплатить заказ'","time":{"start":1697936868476,"stop":1697936868491,"duration":15},"status":"broken","statusMessage":"selenium.common.exceptions.NoSuchElementException: Message: no such element: Unable to locate element: {\"method\":\"xpath\",\"selector\":\"(//a[@href='#order-pay'])[3]\"}\n  (Session info: headless chrome=118.0.5993.70); For documentation on this error, please visit: https://www.selenium.dev/documentation/webdriver/troubleshooting/errors#no-such-element-exception\nStacktrace:\n#0 0x5646e1f85fb3 <unknown>\n#1 0x5646e1c594a7 <unknown>\n#2 0x5646e1ca0dd6 <unknown>\n#3 0x5646e1ca0ec1 <unknown>\n#4 0x5646e1cde354 <unknown>\n#5 0x5646e1cc296d <unknown>\n#6 0x5646e1cdbc02 <unknown>\n#7 0x5646e1cc2713 <unknown>\n#8 0x5646e1c9518b <unknown>\n#9 0x5646e1c95f7e <unknown>\n#10 0x5646e1f4b8d8 <unknown>\n#11 0x5646e1f4f800 <unknown>\n#12 0x5646e1f59cfc <unknown>\n#13 0x5646e1f50418 <unknown>\n#14 0x5646e1f1d42f <unknown>\n#15 0x5646e1f744e8 <unknown>\n#16 0x5646e1f746b4 <unknown>\n#17 0x5646e1f85143 <unknown>\n#18 0x7f975469f044 <unknown>\n\n","statusTrace":"  File \"/usr/local/lib/python3.11/site-packages/allure_commons/_allure.py\", line 192, in impl\n    return func(*a, **kw)\n           ^^^^^^^^^^^^^^\n  File \"/app/pages/main_page.py\", line 161, in check_payment_order_link\n    self.driver.find_element(*self._payment_order_link).click()\n    ^^^^^^^^^^^^^^^^^^^^^^^^^^^^^^^^^^^^^^^^^^^^^^^^^^^\n  File \"/usr/local/lib/python3.11/site-packages/selenium/webdriver/remote/webdriver.py\", line 740, in find_element\n    return self.execute(Command.FIND_ELEMENT, {\"using\": by, \"value\": value})[\"value\"]\n           ^^^^^^^^^^^^^^^^^^^^^^^^^^^^^^^^^^^^^^^^^^^^^^^^^^^^^^^^^^^^^^^^^\n  File \"/usr/local/lib/python3.11/site-packages/selenium/webdriver/remote/webdriver.py\", line 346, in execute\n    self.error_handler.check_response(response)\n  File \"/usr/local/lib/python3.11/site-packages/selenium/webdriver/remote/errorhandler.py\", line 245, in check_response\n    raise exception_class(message, screen, stacktrace)\n","steps":[],"attachments":[],"parameters":[],"shouldDisplayMessage":true,"stepsCount":0,"attachmentsCount":0,"hasContent":true}],"attachments":[{"uid":"3048080790d314b7","name":"Screenshot","source":"3048080790d314b7.png","type":"image/png","size":39127},{"uid":"223ae08e255aa778","name":"HTML source","source":"223ae08e255aa778.html","type":"text/html","size":538}],"parameters":[],"shouldDisplayMessage":true,"stepsCount":1,"attachmentsCount":2,"hasContent":true},"afterStages":[{"name":"setup::0","time":{"start":1697936868643,"stop":1697936868643,"duration":0},"status":"passed","steps":[],"attachments":[],"parameters":[],"shouldDisplayMessage":false,"stepsCount":0,"attachmentsCount":0,"hasContent":false},{"name":"driver::0","time":{"start":1697936868643,"stop":1697936868700,"duration":57},"status":"passed","steps":[],"attachments":[],"parameters":[],"shouldDisplayMessage":false,"stepsCount":0,"attachmentsCount":0,"hasContent":false}],"labels":[{"name":"epic","value":"Main Page"},{"name":"feature","value":"Footer functionality"},{"name":"tag","value":"smoke_test"},{"name":"parentSuite","value":"tests"},{"name":"suite","value":"test_main_page"},{"name":"subSuite","value":"TestMainPage"},{"name":"host","value":"2dd80acd4302"},{"name":"thread","value":"1-MainThread"},{"name":"framework","value":"pytest"},{"name":"language","value":"cpython3"},{"name":"package","value":"tests.test_main_page"},{"name":"resultFormat","value":"allure2"}],"parameters":[{"name":"url","value":"'https://test2.stroyrem-nn.ru/'"}],"links":[],"hidden":false,"retry":false,"extra":{"severity":"normal","retries":[],"categories":[{"name":"Test defects","matchedStatuses":[],"flaky":false}],"history":{"statistic":{"failed":0,"broken":39,"skipped":0,"passed":35,"unknown":0,"total":74},"items":[{"uid":"3759fcc247957089","reportUrl":"https://zaelcovsky.github.io/StroyremAutomation/116//#testresult/3759fcc247957089","status":"broken","statusDetails":"selenium.common.exceptions.NoSuchElementException: Message: no such element: Unable to locate element: {\"method\":\"xpath\",\"selector\":\"(//a[@href='#order-pay'])[3]\"}\n  (Session info: headless chrome=118.0.5993.70); For documentation on this error, please visit: https://www.selenium.dev/documentation/webdriver/troubleshooting/errors#no-such-element-exception\nStacktrace:\n#0 0x561c1b982fb3 <unknown>\n#1 0x561c1b6564a7 <unknown>\n#2 0x561c1b69ddd6 <unknown>\n#3 0x561c1b69dec1 <unknown>\n#4 0x561c1b6db354 <unknown>\n#5 0x561c1b6bf96d <unknown>\n#6 0x561c1b6d8c02 <unknown>\n#7 0x561c1b6bf713 <unknown>\n#8 0x561c1b69218b <unknown>\n#9 0x561c1b692f7e <unknown>\n#10 0x561c1b9488d8 <unknown>\n#11 0x561c1b94c800 <unknown>\n#12 0x561c1b956cfc <unknown>\n#13 0x561c1b94d418 <unknown>\n#14 0x561c1b91a42f <unknown>\n#15 0x561c1b9714e8 <unknown>\n#16 0x561c1b9716b4 <unknown>\n#17 0x561c1b982143 <unknown>\n#18 0x7f34a575e044 <unknown>","time":{"start":1697850161242,"stop":1697850161258,"duration":16}},{"uid":"3de1acb6b203c0d8","reportUrl":"https://zaelcovsky.github.io/StroyremAutomation/115//#testresult/3de1acb6b203c0d8","status":"broken","statusDetails":"selenium.common.exceptions.NoSuchElementException: Message: no such element: Unable to locate element: {\"method\":\"xpath\",\"selector\":\"(//a[@href='#order-pay'])[3]\"}\n  (Session info: headless chrome=118.0.5993.70); For documentation on this error, please visit: https://www.selenium.dev/documentation/webdriver/troubleshooting/errors#no-such-element-exception\nStacktrace:\n#0 0x562de7531fb3 <unknown>\n#1 0x562de72054a7 <unknown>\n#2 0x562de724cdd6 <unknown>\n#3 0x562de724cec1 <unknown>\n#4 0x562de728a354 <unknown>\n#5 0x562de726e96d <unknown>\n#6 0x562de7287c02 <unknown>\n#7 0x562de726e713 <unknown>\n#8 0x562de724118b <unknown>\n#9 0x562de7241f7e <unknown>\n#10 0x562de74f78d8 <unknown>\n#11 0x562de74fb800 <unknown>\n#12 0x562de7505cfc <unknown>\n#13 0x562de74fc418 <unknown>\n#14 0x562de74c942f <unknown>\n#15 0x562de75204e8 <unknown>\n#16 0x562de75206b4 <unknown>\n#17 0x562de7531143 <unknown>\n#18 0x7effc0982044 <unknown>","time":{"start":1697763873783,"stop":1697763873799,"duration":16}},{"uid":"85ad57a5c866a1d","reportUrl":"https://zaelcovsky.github.io/StroyremAutomation/114//#testresult/85ad57a5c866a1d","status":"broken","statusDetails":"selenium.common.exceptions.NoSuchElementException: Message: no such element: Unable to locate element: {\"method\":\"xpath\",\"selector\":\"(//a[@href='#order-pay'])[3]\"}\n  (Session info: headless chrome=118.0.5993.70); For documentation on this error, please visit: https://www.selenium.dev/documentation/webdriver/troubleshooting/errors#no-such-element-exception\nStacktrace:\n#0 0x560c18a48fb3 <unknown>\n#1 0x560c1871c4a7 <unknown>\n#2 0x560c18763dd6 <unknown>\n#3 0x560c18763ec1 <unknown>\n#4 0x560c187a1354 <unknown>\n#5 0x560c1878596d <unknown>\n#6 0x560c1879ec02 <unknown>\n#7 0x560c18785713 <unknown>\n#8 0x560c1875818b <unknown>\n#9 0x560c18758f7e <unknown>\n#10 0x560c18a0e8d8 <unknown>\n#11 0x560c18a12800 <unknown>\n#12 0x560c18a1ccfc <unknown>\n#13 0x560c18a13418 <unknown>\n#14 0x560c189e042f <unknown>\n#15 0x560c18a374e8 <unknown>\n#16 0x560c18a376b4 <unknown>\n#17 0x560c18a48143 <unknown>\n#18 0x7f8a1d359044 <unknown>","time":{"start":1697677474281,"stop":1697677474303,"duration":22}},{"uid":"90a3774dc7b96f52","reportUrl":"https://zaelcovsky.github.io/StroyremAutomation/113//#testresult/90a3774dc7b96f52","status":"broken","statusDetails":"selenium.common.exceptions.NoSuchElementException: Message: no such element: Unable to locate element: {\"method\":\"xpath\",\"selector\":\"(//a[@href='#order-pay'])[3]\"}\n  (Session info: headless chrome=118.0.5993.70); For documentation on this error, please visit: https://www.selenium.dev/documentation/webdriver/troubleshooting/errors#no-such-element-exception\nStacktrace:\n#0 0x55e6986c9fb3 <unknown>\n#1 0x55e69839d4a7 <unknown>\n#2 0x55e6983e4dd6 <unknown>\n#3 0x55e6983e4ec1 <unknown>\n#4 0x55e698422354 <unknown>\n#5 0x55e69840696d <unknown>\n#6 0x55e69841fc02 <unknown>\n#7 0x55e698406713 <unknown>\n#8 0x55e6983d918b <unknown>\n#9 0x55e6983d9f7e <unknown>\n#10 0x55e69868f8d8 <unknown>\n#11 0x55e698693800 <unknown>\n#12 0x55e69869dcfc <unknown>\n#13 0x55e698694418 <unknown>\n#14 0x55e69866142f <unknown>\n#15 0x55e6986b84e8 <unknown>\n#16 0x55e6986b86b4 <unknown>\n#17 0x55e6986c9143 <unknown>\n#18 0x7f5980fe4044 <unknown>","time":{"start":1697591116337,"stop":1697591116355,"duration":18}},{"uid":"9d477b3c14afb603","reportUrl":"https://zaelcovsky.github.io/StroyremAutomation/112//#testresult/9d477b3c14afb603","status":"broken","statusDetails":"selenium.common.exceptions.NoSuchElementException: Message: no such element: Unable to locate element: {\"method\":\"xpath\",\"selector\":\"(//a[@href='#order-pay'])[3]\"}\n  (Session info: headless chrome=118.0.5993.70); For documentation on this error, please visit: https://www.selenium.dev/documentation/webdriver/troubleshooting/errors#no-such-element-exception\nStacktrace:\n#0 0x55e024659fb3 <unknown>\n#1 0x55e02432d4a7 <unknown>\n#2 0x55e024374dd6 <unknown>\n#3 0x55e024374ec1 <unknown>\n#4 0x55e0243b2354 <unknown>\n#5 0x55e02439696d <unknown>\n#6 0x55e0243afc02 <unknown>\n#7 0x55e024396713 <unknown>\n#8 0x55e02436918b <unknown>\n#9 0x55e024369f7e <unknown>\n#10 0x55e02461f8d8 <unknown>\n#11 0x55e024623800 <unknown>\n#12 0x55e02462dcfc <unknown>\n#13 0x55e024624418 <unknown>\n#14 0x55e0245f142f <unknown>\n#15 0x55e0246484e8 <unknown>\n#16 0x55e0246486b4 <unknown>\n#17 0x55e024659143 <unknown>\n#18 0x7f5ce65c1044 <unknown>","time":{"start":1697504730936,"stop":1697504730959,"duration":23}},{"uid":"8b486af0cec4d3b7","reportUrl":"https://zaelcovsky.github.io/StroyremAutomation/111//#testresult/8b486af0cec4d3b7","status":"broken","statusDetails":"selenium.common.exceptions.NoSuchElementException: Message: no such element: Unable to locate element: {\"method\":\"xpath\",\"selector\":\"(//a[@href='#order-pay'])[3]\"}\n  (Session info: headless chrome=118.0.5993.70); For documentation on this error, please visit: https://www.selenium.dev/documentation/webdriver/troubleshooting/errors#no-such-element-exception\nStacktrace:\n#0 0x562dd6dccfb3 <unknown>\n#1 0x562dd6aa04a7 <unknown>\n#2 0x562dd6ae7dd6 <unknown>\n#3 0x562dd6ae7ec1 <unknown>\n#4 0x562dd6b25354 <unknown>\n#5 0x562dd6b0996d <unknown>\n#6 0x562dd6b22c02 <unknown>\n#7 0x562dd6b09713 <unknown>\n#8 0x562dd6adc18b <unknown>\n#9 0x562dd6adcf7e <unknown>\n#10 0x562dd6d928d8 <unknown>\n#11 0x562dd6d96800 <unknown>\n#12 0x562dd6da0cfc <unknown>\n#13 0x562dd6d97418 <unknown>\n#14 0x562dd6d6442f <unknown>\n#15 0x562dd6dbb4e8 <unknown>\n#16 0x562dd6dbb6b4 <unknown>\n#17 0x562dd6dcc143 <unknown>\n#18 0x7f01ed288044 <unknown>","time":{"start":1697418323557,"stop":1697418323574,"duration":17}},{"uid":"55d691abf2594b38","reportUrl":"https://zaelcovsky.github.io/StroyremAutomation/110//#testresult/55d691abf2594b38","status":"broken","statusDetails":"selenium.common.exceptions.NoSuchElementException: Message: no such element: Unable to locate element: {\"method\":\"xpath\",\"selector\":\"(//a[@href='#order-pay'])[3]\"}\n  (Session info: headless chrome=118.0.5993.70); For documentation on this error, please visit: https://www.selenium.dev/documentation/webdriver/troubleshooting/errors#no-such-element-exception\nStacktrace:\n#0 0x5570b8b30fb3 <unknown>\n#1 0x5570b88044a7 <unknown>\n#2 0x5570b884bdd6 <unknown>\n#3 0x5570b884bec1 <unknown>\n#4 0x5570b8889354 <unknown>\n#5 0x5570b886d96d <unknown>\n#6 0x5570b8886c02 <unknown>\n#7 0x5570b886d713 <unknown>\n#8 0x5570b884018b <unknown>\n#9 0x5570b8840f7e <unknown>\n#10 0x5570b8af68d8 <unknown>\n#11 0x5570b8afa800 <unknown>\n#12 0x5570b8b04cfc <unknown>\n#13 0x5570b8afb418 <unknown>\n#14 0x5570b8ac842f <unknown>\n#15 0x5570b8b1f4e8 <unknown>\n#16 0x5570b8b1f6b4 <unknown>\n#17 0x5570b8b30143 <unknown>\n#18 0x7f2c4ddab044 <unknown>","time":{"start":1697332111954,"stop":1697332111970,"duration":16}},{"uid":"635c3750e6f0c29c","reportUrl":"https://zaelcovsky.github.io/StroyremAutomation/109//#testresult/635c3750e6f0c29c","status":"broken","statusDetails":"selenium.common.exceptions.NoSuchElementException: Message: no such element: Unable to locate element: {\"method\":\"xpath\",\"selector\":\"(//a[@href='#order-pay'])[3]\"}\n  (Session info: headless chrome=118.0.5993.70); For documentation on this error, please visit: https://www.selenium.dev/documentation/webdriver/troubleshooting/errors#no-such-element-exception\nStacktrace:\n#0 0x562b05259fb3 <unknown>\n#1 0x562b04f2d4a7 <unknown>\n#2 0x562b04f74dd6 <unknown>\n#3 0x562b04f74ec1 <unknown>\n#4 0x562b04fb2354 <unknown>\n#5 0x562b04f9696d <unknown>\n#6 0x562b04fafc02 <unknown>\n#7 0x562b04f96713 <unknown>\n#8 0x562b04f6918b <unknown>\n#9 0x562b04f69f7e <unknown>\n#10 0x562b0521f8d8 <unknown>\n#11 0x562b05223800 <unknown>\n#12 0x562b0522dcfc <unknown>\n#13 0x562b05224418 <unknown>\n#14 0x562b051f142f <unknown>\n#15 0x562b052484e8 <unknown>\n#16 0x562b052486b4 <unknown>\n#17 0x562b05259143 <unknown>\n#18 0x7ff20c19e044 <unknown>","time":{"start":1697245392072,"stop":1697245392088,"duration":16}},{"uid":"84a0d5298e2647c8","reportUrl":"https://zaelcovsky.github.io/StroyremAutomation/108//#testresult/84a0d5298e2647c8","status":"broken","statusDetails":"selenium.common.exceptions.NoSuchElementException: Message: no such element: Unable to locate element: {\"method\":\"xpath\",\"selector\":\"(//a[@href='#order-pay'])[3]\"}\n  (Session info: headless chrome=118.0.5993.70); For documentation on this error, please visit: https://www.selenium.dev/documentation/webdriver/troubleshooting/errors#no-such-element-exception\nStacktrace:\n#0 0x55faac503fb3 <unknown>\n#1 0x55faac1d74a7 <unknown>\n#2 0x55faac21edd6 <unknown>\n#3 0x55faac21eec1 <unknown>\n#4 0x55faac25c354 <unknown>\n#5 0x55faac24096d <unknown>\n#6 0x55faac259c02 <unknown>\n#7 0x55faac240713 <unknown>\n#8 0x55faac21318b <unknown>\n#9 0x55faac213f7e <unknown>\n#10 0x55faac4c98d8 <unknown>\n#11 0x55faac4cd800 <unknown>\n#12 0x55faac4d7cfc <unknown>\n#13 0x55faac4ce418 <unknown>\n#14 0x55faac49b42f <unknown>\n#15 0x55faac4f24e8 <unknown>\n#16 0x55faac4f26b4 <unknown>\n#17 0x55faac503143 <unknown>\n#18 0x7fa284aa3044 <unknown>","time":{"start":1697159158658,"stop":1697159158674,"duration":16}},{"uid":"fc757511d98d5e","reportUrl":"https://zaelcovsky.github.io/StroyremAutomation/107//#testresult/fc757511d98d5e","status":"broken","statusDetails":"selenium.common.exceptions.NoSuchElementException: Message: no such element: Unable to locate element: {\"method\":\"xpath\",\"selector\":\"(//a[@href='#order-pay'])[3]\"}\n  (Session info: headless chrome=118.0.5993.70); For documentation on this error, please visit: https://www.selenium.dev/documentation/webdriver/troubleshooting/errors#no-such-element-exception\nStacktrace:\n#0 0x5588af71dfb3 <unknown>\n#1 0x5588af3f14a7 <unknown>\n#2 0x5588af438dd6 <unknown>\n#3 0x5588af438ec1 <unknown>\n#4 0x5588af476354 <unknown>\n#5 0x5588af45a96d <unknown>\n#6 0x5588af473c02 <unknown>\n#7 0x5588af45a713 <unknown>\n#8 0x5588af42d18b <unknown>\n#9 0x5588af42df7e <unknown>\n#10 0x5588af6e38d8 <unknown>\n#11 0x5588af6e7800 <unknown>\n#12 0x5588af6f1cfc <unknown>\n#13 0x5588af6e8418 <unknown>\n#14 0x5588af6b542f <unknown>\n#15 0x5588af70c4e8 <unknown>\n#16 0x5588af70c6b4 <unknown>\n#17 0x5588af71d143 <unknown>\n#18 0x7fe90bc64044 <unknown>","time":{"start":1697072572571,"stop":1697072572590,"duration":19}},{"uid":"943e4eb14592800d","reportUrl":"https://zaelcovsky.github.io/StroyremAutomation/106//#testresult/943e4eb14592800d","status":"broken","statusDetails":"selenium.common.exceptions.NoSuchElementException: Message: no such element: Unable to locate element: {\"method\":\"xpath\",\"selector\":\"(//a[@href='#order-pay'])[3]\"}\n  (Session info: headless chrome=118.0.5993.70); For documentation on this error, please visit: https://www.selenium.dev/documentation/webdriver/troubleshooting/errors#no-such-element-exception\nStacktrace:\n#0 0x55c971e5ffb3 <unknown>\n#1 0x55c971b334a7 <unknown>\n#2 0x55c971b7add6 <unknown>\n#3 0x55c971b7aec1 <unknown>\n#4 0x55c971bb8354 <unknown>\n#5 0x55c971b9c96d <unknown>\n#6 0x55c971bb5c02 <unknown>\n#7 0x55c971b9c713 <unknown>\n#8 0x55c971b6f18b <unknown>\n#9 0x55c971b6ff7e <unknown>\n#10 0x55c971e258d8 <unknown>\n#11 0x55c971e29800 <unknown>\n#12 0x55c971e33cfc <unknown>\n#13 0x55c971e2a418 <unknown>\n#14 0x55c971df742f <unknown>\n#15 0x55c971e4e4e8 <unknown>\n#16 0x55c971e4e6b4 <unknown>\n#17 0x55c971e5f143 <unknown>\n#18 0x7faeafc9d044 <unknown>","time":{"start":1696986221161,"stop":1696986221177,"duration":16}},{"uid":"fb97f733972213e5","reportUrl":"https://zaelcovsky.github.io/StroyremAutomation/105//#testresult/fb97f733972213e5","status":"broken","statusDetails":"selenium.common.exceptions.NoSuchElementException: Message: no such element: Unable to locate element: {\"method\":\"xpath\",\"selector\":\"(//a[@href='#order-pay'])[3]\"}\n  (Session info: headless chrome=117.0.5938.149); For documentation on this error, please visit: https://www.selenium.dev/documentation/webdriver/troubleshooting/errors#no-such-element-exception\nStacktrace:\n#0 0x559d0d6b3933 <unknown>\n#1 0x559d0d38d6f7 <unknown>\n#2 0x559d0d3d4aa6 <unknown>\n#3 0x559d0d3d4b91 <unknown>\n#4 0x559d0d411fc4 <unknown>\n#5 0x559d0d3f662d <unknown>\n#6 0x559d0d40f857 <unknown>\n#7 0x559d0d3f63d3 <unknown>\n#8 0x559d0d3c8e64 <unknown>\n#9 0x559d0d3c9c4e <unknown>\n#10 0x559d0d679558 <unknown>\n#11 0x559d0d67d4a0 <unknown>\n#12 0x559d0d68797c <unknown>\n#13 0x559d0d67e0b8 <unknown>\n#14 0x559d0d649cdf <unknown>\n#15 0x559d0d6a2048 <unknown>\n#16 0x559d0d6a2219 <unknown>\n#17 0x559d0d6b2ac3 <unknown>\n#18 0x7fd06aa54044 <unknown>","time":{"start":1696899802071,"stop":1696899802087,"duration":16}},{"uid":"94aafa194c6b5ef1","reportUrl":"https://zaelcovsky.github.io/StroyremAutomation/104//#testresult/94aafa194c6b5ef1","status":"broken","statusDetails":"selenium.common.exceptions.NoSuchElementException: Message: no such element: Unable to locate element: {\"method\":\"xpath\",\"selector\":\"(//a[@href='#order-pay'])[3]\"}\n  (Session info: headless chrome=117.0.5938.149); For documentation on this error, please visit: https://www.selenium.dev/documentation/webdriver/troubleshooting/errors#no-such-element-exception\nStacktrace:\n#0 0x558b371b5933 <unknown>\n#1 0x558b36e8f6f7 <unknown>\n#2 0x558b36ed6aa6 <unknown>\n#3 0x558b36ed6b91 <unknown>\n#4 0x558b36f13fc4 <unknown>\n#5 0x558b36ef862d <unknown>\n#6 0x558b36f11857 <unknown>\n#7 0x558b36ef83d3 <unknown>\n#8 0x558b36ecae64 <unknown>\n#9 0x558b36ecbc4e <unknown>\n#10 0x558b3717b558 <unknown>\n#11 0x558b3717f4a0 <unknown>\n#12 0x558b3718997c <unknown>\n#13 0x558b371800b8 <unknown>\n#14 0x558b3714bcdf <unknown>\n#15 0x558b371a4048 <unknown>\n#16 0x558b371a4219 <unknown>\n#17 0x558b371b4ac3 <unknown>\n#18 0x7f1163f29044 <unknown>","time":{"start":1696813474475,"stop":1696813474491,"duration":16}},{"uid":"3277f638132b83f2","reportUrl":"https://zaelcovsky.github.io/StroyremAutomation/103//#testresult/3277f638132b83f2","status":"broken","statusDetails":"selenium.common.exceptions.NoSuchElementException: Message: no such element: Unable to locate element: {\"method\":\"xpath\",\"selector\":\"(//a[@href='#order-pay'])[3]\"}\n  (Session info: headless chrome=117.0.5938.149); For documentation on this error, please visit: https://www.selenium.dev/documentation/webdriver/troubleshooting/errors#no-such-element-exception\nStacktrace:\n#0 0x55deb81b5933 <unknown>\n#1 0x55deb7e8f6f7 <unknown>\n#2 0x55deb7ed6aa6 <unknown>\n#3 0x55deb7ed6b91 <unknown>\n#4 0x55deb7f13fc4 <unknown>\n#5 0x55deb7ef862d <unknown>\n#6 0x55deb7f11857 <unknown>\n#7 0x55deb7ef83d3 <unknown>\n#8 0x55deb7ecae64 <unknown>\n#9 0x55deb7ecbc4e <unknown>\n#10 0x55deb817b558 <unknown>\n#11 0x55deb817f4a0 <unknown>\n#12 0x55deb818997c <unknown>\n#13 0x55deb81800b8 <unknown>\n#14 0x55deb814bcdf <unknown>\n#15 0x55deb81a4048 <unknown>\n#16 0x55deb81a4219 <unknown>\n#17 0x55deb81b4ac3 <unknown>\n#18 0x7eff25e06044 <unknown>","time":{"start":1696727323430,"stop":1696727323448,"duration":18}},{"uid":"2a4fa1cd141f8294","reportUrl":"https://zaelcovsky.github.io/StroyremAutomation/102//#testresult/2a4fa1cd141f8294","status":"broken","statusDetails":"selenium.common.exceptions.NoSuchElementException: Message: no such element: Unable to locate element: {\"method\":\"xpath\",\"selector\":\"(//a[@href='#order-pay'])[3]\"}\n  (Session info: headless chrome=117.0.5938.149); For documentation on this error, please visit: https://www.selenium.dev/documentation/webdriver/troubleshooting/errors#no-such-element-exception\nStacktrace:\n#0 0x559e94578933 <unknown>\n#1 0x559e942526f7 <unknown>\n#2 0x559e94299aa6 <unknown>\n#3 0x559e94299b91 <unknown>\n#4 0x559e942d6fc4 <unknown>\n#5 0x559e942bb62d <unknown>\n#6 0x559e942d4857 <unknown>\n#7 0x559e942bb3d3 <unknown>\n#8 0x559e9428de64 <unknown>\n#9 0x559e9428ec4e <unknown>\n#10 0x559e9453e558 <unknown>\n#11 0x559e945424a0 <unknown>\n#12 0x559e9454c97c <unknown>\n#13 0x559e945430b8 <unknown>\n#14 0x559e9450ecdf <unknown>\n#15 0x559e94567048 <unknown>\n#16 0x559e94567219 <unknown>\n#17 0x559e94577ac3 <unknown>\n#18 0x7f14ceda4044 <unknown>","time":{"start":1696640625396,"stop":1696640625416,"duration":20}},{"uid":"199b63a33dd3155a","reportUrl":"https://zaelcovsky.github.io/StroyremAutomation/101//#testresult/199b63a33dd3155a","status":"broken","statusDetails":"selenium.common.exceptions.NoSuchElementException: Message: no such element: Unable to locate element: {\"method\":\"xpath\",\"selector\":\"(//a[@href='#order-pay'])[3]\"}\n  (Session info: headless chrome=117.0.5938.149); For documentation on this error, please visit: https://www.selenium.dev/documentation/webdriver/troubleshooting/errors#no-such-element-exception\nStacktrace:\n#0 0x5576f52c4933 <unknown>\n#1 0x5576f4f9e6f7 <unknown>\n#2 0x5576f4fe5aa6 <unknown>\n#3 0x5576f4fe5b91 <unknown>\n#4 0x5576f5022fc4 <unknown>\n#5 0x5576f500762d <unknown>\n#6 0x5576f5020857 <unknown>\n#7 0x5576f50073d3 <unknown>\n#8 0x5576f4fd9e64 <unknown>\n#9 0x5576f4fdac4e <unknown>\n#10 0x5576f528a558 <unknown>\n#11 0x5576f528e4a0 <unknown>\n#12 0x5576f529897c <unknown>\n#13 0x5576f528f0b8 <unknown>\n#14 0x5576f525acdf <unknown>\n#15 0x5576f52b3048 <unknown>\n#16 0x5576f52b3219 <unknown>\n#17 0x5576f52c3ac3 <unknown>\n#18 0x7ff0cea57044 <unknown>","time":{"start":1696554251557,"stop":1696554251578,"duration":21}},{"uid":"e7152851cc82f061","reportUrl":"https://zaelcovsky.github.io/StroyremAutomation/100//#testresult/e7152851cc82f061","status":"broken","statusDetails":"selenium.common.exceptions.NoSuchElementException: Message: no such element: Unable to locate element: {\"method\":\"xpath\",\"selector\":\"(//a[@href='#order-pay'])[3]\"}\n  (Session info: headless chrome=117.0.5938.149); For documentation on this error, please visit: https://www.selenium.dev/documentation/webdriver/troubleshooting/errors#no-such-element-exception\nStacktrace:\n#0 0x55c26b53e933 <unknown>\n#1 0x55c26b2186f7 <unknown>\n#2 0x55c26b25faa6 <unknown>\n#3 0x55c26b25fb91 <unknown>\n#4 0x55c26b29cfc4 <unknown>\n#5 0x55c26b28162d <unknown>\n#6 0x55c26b29a857 <unknown>\n#7 0x55c26b2813d3 <unknown>\n#8 0x55c26b253e64 <unknown>\n#9 0x55c26b254c4e <unknown>\n#10 0x55c26b504558 <unknown>\n#11 0x55c26b5084a0 <unknown>\n#12 0x55c26b51297c <unknown>\n#13 0x55c26b5090b8 <unknown>\n#14 0x55c26b4d4cdf <unknown>\n#15 0x55c26b52d048 <unknown>\n#16 0x55c26b52d219 <unknown>\n#17 0x55c26b53dac3 <unknown>\n#18 0x7f6911e7b044 <unknown>","time":{"start":1696467975702,"stop":1696467975719,"duration":17}},{"uid":"70bbedade3fcd365","reportUrl":"https://zaelcovsky.github.io/StroyremAutomation/99//#testresult/70bbedade3fcd365","status":"broken","statusDetails":"selenium.common.exceptions.NoSuchElementException: Message: no such element: Unable to locate element: {\"method\":\"xpath\",\"selector\":\"(//a[@href='#order-pay'])[3]\"}\n  (Session info: headless chrome=117.0.5938.92); For documentation on this error, please visit: https://www.selenium.dev/documentation/webdriver/troubleshooting/errors#no-such-element-exception\nStacktrace:\n#0 0x561633c9f6b3 <unknown>\n#1 0x5616339751e7 <unknown>\n#2 0x5616339bc566 <unknown>\n#3 0x5616339bc651 <unknown>\n#4 0x5616339f9a74 <unknown>\n#5 0x5616339de0ed <unknown>\n#6 0x5616339f7322 <unknown>\n#7 0x5616339dde93 <unknown>\n#8 0x5616339b0934 <unknown>\n#9 0x5616339b171e <unknown>\n#10 0x561633c64cb8 <unknown>\n#11 0x561633c68bf0 <unknown>\n#12 0x561633c7319c <unknown>\n#13 0x561633c69808 <unknown>\n#14 0x561633c3627f <unknown>\n#15 0x561633c8de88 <unknown>\n#16 0x561633c8e059 <unknown>\n#17 0x561633c9e843 <unknown>\n#18 0x7f4437628044 <unknown>","time":{"start":1696381526675,"stop":1696381526697,"duration":22}},{"uid":"1f2c87670240096c","reportUrl":"https://zaelcovsky.github.io/StroyremAutomation/98//#testresult/1f2c87670240096c","status":"broken","statusDetails":"selenium.common.exceptions.NoSuchElementException: Message: no such element: Unable to locate element: {\"method\":\"xpath\",\"selector\":\"(//a[@href='#order-pay'])[3]\"}\n  (Session info: headless chrome=117.0.5938.92); For documentation on this error, please visit: https://www.selenium.dev/documentation/webdriver/troubleshooting/errors#no-such-element-exception\nStacktrace:\n#0 0x557503fc66b3 <unknown>\n#1 0x557503c9c1e7 <unknown>\n#2 0x557503ce3566 <unknown>\n#3 0x557503ce3651 <unknown>\n#4 0x557503d20a74 <unknown>\n#5 0x557503d050ed <unknown>\n#6 0x557503d1e322 <unknown>\n#7 0x557503d04e93 <unknown>\n#8 0x557503cd7934 <unknown>\n#9 0x557503cd871e <unknown>\n#10 0x557503f8bcb8 <unknown>\n#11 0x557503f8fbf0 <unknown>\n#12 0x557503f9a19c <unknown>\n#13 0x557503f90808 <unknown>\n#14 0x557503f5d27f <unknown>\n#15 0x557503fb4e88 <unknown>\n#16 0x557503fb5059 <unknown>\n#17 0x557503fc5843 <unknown>\n#18 0x7f1ba3b86044 <unknown>","time":{"start":1696295114651,"stop":1696295114670,"duration":19}},{"uid":"2e57572b241afda7","reportUrl":"https://zaelcovsky.github.io/StroyremAutomation/97//#testresult/2e57572b241afda7","status":"broken","statusDetails":"selenium.common.exceptions.NoSuchElementException: Message: no such element: Unable to locate element: {\"method\":\"xpath\",\"selector\":\"(//a[@href='#order-pay'])[3]\"}\n  (Session info: headless chrome=117.0.5938.92); For documentation on this error, please visit: https://www.selenium.dev/documentation/webdriver/troubleshooting/errors#no-such-element-exception\nStacktrace:\n#0 0x5584c73f46b3 <unknown>\n#1 0x5584c70ca1e7 <unknown>\n#2 0x5584c7111566 <unknown>\n#3 0x5584c7111651 <unknown>\n#4 0x5584c714ea74 <unknown>\n#5 0x5584c71330ed <unknown>\n#6 0x5584c714c322 <unknown>\n#7 0x5584c7132e93 <unknown>\n#8 0x5584c7105934 <unknown>\n#9 0x5584c710671e <unknown>\n#10 0x5584c73b9cb8 <unknown>\n#11 0x5584c73bdbf0 <unknown>\n#12 0x5584c73c819c <unknown>\n#13 0x5584c73be808 <unknown>\n#14 0x5584c738b27f <unknown>\n#15 0x5584c73e2e88 <unknown>\n#16 0x5584c73e3059 <unknown>\n#17 0x5584c73f3843 <unknown>\n#18 0x7f0e475fe044 <unknown>","time":{"start":1696208694162,"stop":1696208694180,"duration":18}}]},"tags":["smoke_test"]},"source":"5270747c01652c41.json","parameterValues":["'https://test2.stroyrem-nn.ru/'"]}