{"uid":"c8e137923fdd6f77","name":"test_positive_delivery_green_zone_smoke[TD 013-products/shtukaturka-gipsovaya-aksolit-m50-30-kg-mashinnogo-naneseniya-366-11000-4800-12450-13480-https://sandboxtest.stroyrem-nn.ru/]","fullName":"tests.delivery.test_delivery_calculation.TestDeliveryPageCalculation#test_positive_delivery_green_zone_smoke","historyId":"138a96f7f81216afdff8252a6c5795ca","time":{"start":1701652414042,"stop":1701652418576,"duration":4534},"status":"skipped","statusMessage":"XFAIL Цена стандартной доставки 4450\n\nselenium.common.exceptions.NoSuchElementException: Message: no such element: Unable to locate element: {\"method\":\"xpath\",\"selector\":\"//input[@class='amount']\"}\n  (Session info: headless chrome=119.0.6045.105); For documentation on this error, please visit: https://www.selenium.dev/documentation/webdriver/troubleshooting/errors#no-such-element-exception\nStacktrace:\n#0 0x55cd4b0695e3 <unknown>\n#1 0x55cd4ad2c0b7 <unknown>\n#2 0x55cd4ad79f53 <unknown>\n#3 0x55cd4ad7a051 <unknown>\n#4 0x55cd4adbf9c4 <unknown>\n#5 0x55cd4ada0f1d <unknown>\n#6 0x55cd4adbcb3d <unknown>\n#7 0x55cd4ada0cc3 <unknown>\n#8 0x55cd4ad6c0e4 <unknown>\n#9 0x55cd4ad6d0ae <unknown>\n#10 0x55cd4b02fce1 <unknown>\n#11 0x55cd4b033b7e <unknown>\n#12 0x55cd4b01d4b5 <unknown>\n#13 0x55cd4b0347d6 <unknown>\n#14 0x55cd4b000dbf <unknown>\n#15 0x55cd4b057748 <unknown>\n#16 0x55cd4b057917 <unknown>\n#17 0x55cd4b068773 <unknown>\n#18 0x7fe2dafb4044 <unknown>","statusTrace":"self = <tests.delivery.test_delivery_calculation.TestDeliveryPageCalculation object at 0x7febd123f350>\ndriver = <selenium.webdriver.chrome.webdriver.WebDriver (session=\"0bed7d9076aed2bb6324f4607d6ffeae\")>\nurl = 'https://sandboxtest.stroyrem-nn.ru/', case_id = 'TD 013'\nlink_item = 'products/shtukaturka-gipsovaya-aksolit-m50-30-kg-mashinnogo-naneseniya'\namount = 366, weight = 11000, standard = 4800, in_time = 12450, all_time = 13480\n\n    @pytest.mark.parametrize('case_id, link_item, amount, weight, standard, in_time, all_time', [\n        (\"TD 001\", uroven_3000, 1, 30, 0, 1590, 2190),\n        (\"TD 002\", bundeks_25, 1, 30, 400, 1590, 2190),\n        (\"TD 003\", aksolit_30, 8, 300, 400, 1590, 2190),\n        (\"TD 004\", aksolit_30, 13, 400, 450, 1590, 2190),\n        (\"TD 005\", aksolit_30, 16, 500, 600, 1590, 2190),\n        (\"TD 006\", aksolit_30, 25, 1700, 990, 1990, 2480),\n        (\"TD 007\", aksolit_30, 66, 2000, 1300, 2490, 2980),\n        (\"TD 008\", aksolit_30, 149, 4500, 2300, 3980, 4490),\n        (\"TD 009\", aksolit_30, 166, 5000, 2500, 4990, 5480),\n        pytest.param(\n            \"TD 010\", aksolit_30, 206, 6200, 2900, 5570, 6120,\n            marks=pytest.mark.xfail(reson=\"Цена доставки 3600 7960 8980\")\n        ),\n        (\"TD 011\", aksolit_30, 299, 9000, 3600, 7960, 8980),\n        (\"TD 012\", aksolit_30, 333, 10000, 4450, 11990, 12500),\n        pytest.param(\n            \"TD 013\", aksolit_30, 366, 11000, 4800, 12450, 13480,\n            marks=pytest.mark.xfail(reason=\"Цена стандартной доставки 4450\")\n        ),\n        pytest.param(\n            \"TD 014\", aksolit_30, 666, 20000, 5400, 15600, 17490,\n            marks=pytest.mark.xfail(reason=\"Цена стандартной доставки 4450\")\n        )\n    ])\n    @pytest.mark.smoke\n    def test_positive_delivery_green_zone_smoke(\n            self, driver, url, case_id, link_item, amount, weight, standard, in_time, all_time\n    ):\n    \n        driver.get(f'{url}{link_item}')\n        item_page = ItemPage(driver)\n>       item_page.add_item_to_cart(amount).click_on_cart()\n\ntests/delivery/test_delivery_calculation.py:49: \n_ _ _ _ _ _ _ _ _ _ _ _ _ _ _ _ _ _ _ _ _ _ _ _ _ _ _ _ _ _ _ _ _ _ _ _ _ _ _ _ \npages/item_page.py:41: in add_item_to_cart\n    amount_field = self.find_element(self._item_amount)\nbase/seleniumbase.py:17: in find_element\n    return self.driver.find_element(*locator)\n/usr/local/lib/python3.11/site-packages/selenium/webdriver/remote/webdriver.py:740: in find_element\n    return self.execute(Command.FIND_ELEMENT, {\"using\": by, \"value\": value})[\"value\"]\n/usr/local/lib/python3.11/site-packages/selenium/webdriver/remote/webdriver.py:346: in execute\n    self.error_handler.check_response(response)\n_ _ _ _ _ _ _ _ _ _ _ _ _ _ _ _ _ _ _ _ _ _ _ _ _ _ _ _ _ _ _ _ _ _ _ _ _ _ _ _ \n\nself = <selenium.webdriver.remote.errorhandler.ErrorHandler object at 0x7febd0b6ad10>\nresponse = {'status': 404, 'value': '{\"value\":{\"error\":\"no such element\",\"message\":\"no such element: Unable to locate element: {\\...\\\\n#16 0x55cd4b057917 \\\\u003Cunknown>\\\\n#17 0x55cd4b068773 \\\\u003Cunknown>\\\\n#18 0x7fe2dafb4044 \\\\u003Cunknown>\\\\n\"}}'}\n\n    def check_response(self, response: Dict[str, Any]) -> None:\n        \"\"\"Checks that a JSON response from the WebDriver does not have an\n        error.\n    \n        :Args:\n         - response - The JSON response from the WebDriver server as a dictionary\n           object.\n    \n        :Raises: If the response contains an error message.\n        \"\"\"\n        status = response.get(\"status\", None)\n        if not status or status == ErrorCode.SUCCESS:\n            return\n        value = None\n        message = response.get(\"message\", \"\")\n        screen: str = response.get(\"screen\", \"\")\n        stacktrace = None\n        if isinstance(status, int):\n            value_json = response.get(\"value\", None)\n            if value_json and isinstance(value_json, str):\n                import json\n    \n                try:\n                    value = json.loads(value_json)\n                    if len(value) == 1:\n                        value = value[\"value\"]\n                    status = value.get(\"error\", None)\n                    if not status:\n                        status = value.get(\"status\", ErrorCode.UNKNOWN_ERROR)\n                        message = value.get(\"value\") or value.get(\"message\")\n                        if not isinstance(message, str):\n                            value = message\n                            message = message.get(\"message\")\n                    else:\n                        message = value.get(\"message\", None)\n                except ValueError:\n                    pass\n    \n        exception_class: Type[WebDriverException]\n        if status in ErrorCode.NO_SUCH_ELEMENT:\n            exception_class = NoSuchElementException\n        elif status in ErrorCode.NO_SUCH_FRAME:\n            exception_class = NoSuchFrameException\n        elif status in ErrorCode.NO_SUCH_SHADOW_ROOT:\n            exception_class = NoSuchShadowRootException\n        elif status in ErrorCode.NO_SUCH_WINDOW:\n            exception_class = NoSuchWindowException\n        elif status in ErrorCode.STALE_ELEMENT_REFERENCE:\n            exception_class = StaleElementReferenceException\n        elif status in ErrorCode.ELEMENT_NOT_VISIBLE:\n            exception_class = ElementNotVisibleException\n        elif status in ErrorCode.INVALID_ELEMENT_STATE:\n            exception_class = InvalidElementStateException\n        elif (\n            status in ErrorCode.INVALID_SELECTOR\n            or status in ErrorCode.INVALID_XPATH_SELECTOR\n            or status in ErrorCode.INVALID_XPATH_SELECTOR_RETURN_TYPER\n        ):\n            exception_class = InvalidSelectorException\n        elif status in ErrorCode.ELEMENT_IS_NOT_SELECTABLE:\n            exception_class = ElementNotSelectableException\n        elif status in ErrorCode.ELEMENT_NOT_INTERACTABLE:\n            exception_class = ElementNotInteractableException\n        elif status in ErrorCode.INVALID_COOKIE_DOMAIN:\n            exception_class = InvalidCookieDomainException\n        elif status in ErrorCode.UNABLE_TO_SET_COOKIE:\n            exception_class = UnableToSetCookieException\n        elif status in ErrorCode.TIMEOUT:\n            exception_class = TimeoutException\n        elif status in ErrorCode.SCRIPT_TIMEOUT:\n            exception_class = TimeoutException\n        elif status in ErrorCode.UNKNOWN_ERROR:\n            exception_class = WebDriverException\n        elif status in ErrorCode.UNEXPECTED_ALERT_OPEN:\n            exception_class = UnexpectedAlertPresentException\n        elif status in ErrorCode.NO_ALERT_OPEN:\n            exception_class = NoAlertPresentException\n        elif status in ErrorCode.IME_NOT_AVAILABLE:\n            exception_class = ImeNotAvailableException\n        elif status in ErrorCode.IME_ENGINE_ACTIVATION_FAILED:\n            exception_class = ImeActivationFailedException\n        elif status in ErrorCode.MOVE_TARGET_OUT_OF_BOUNDS:\n            exception_class = MoveTargetOutOfBoundsException\n        elif status in ErrorCode.JAVASCRIPT_ERROR:\n            exception_class = JavascriptException\n        elif status in ErrorCode.SESSION_NOT_CREATED:\n            exception_class = SessionNotCreatedException\n        elif status in ErrorCode.INVALID_ARGUMENT:\n            exception_class = InvalidArgumentException\n        elif status in ErrorCode.NO_SUCH_COOKIE:\n            exception_class = NoSuchCookieException\n        elif status in ErrorCode.UNABLE_TO_CAPTURE_SCREEN:\n            exception_class = ScreenshotException\n        elif status in ErrorCode.ELEMENT_CLICK_INTERCEPTED:\n            exception_class = ElementClickInterceptedException\n        elif status in ErrorCode.INSECURE_CERTIFICATE:\n            exception_class = InsecureCertificateException\n        elif status in ErrorCode.INVALID_COORDINATES:\n            exception_class = InvalidCoordinatesException\n        elif status in ErrorCode.INVALID_SESSION_ID:\n            exception_class = InvalidSessionIdException\n        elif status in ErrorCode.UNKNOWN_METHOD:\n            exception_class = UnknownMethodException\n        else:\n            exception_class = WebDriverException\n        if not value:\n            value = response[\"value\"]\n        if isinstance(value, str):\n            raise exception_class(value)\n        if message == \"\" and \"message\" in value:\n            message = value[\"message\"]\n    \n        screen = None  # type: ignore[assignment]\n        if \"screen\" in value:\n            screen = value[\"screen\"]\n    \n        stacktrace = None\n        st_value = value.get(\"stackTrace\") or value.get(\"stacktrace\")\n        if st_value:\n            if isinstance(st_value, str):\n                stacktrace = st_value.split(\"\\n\")\n            else:\n                stacktrace = []\n                try:\n                    for frame in st_value:\n                        line = frame.get(\"lineNumber\", \"\")\n                        file = frame.get(\"fileName\", \"<anonymous>\")\n                        if line:\n                            file = f\"{file}:{line}\"\n                        meth = frame.get(\"methodName\", \"<anonymous>\")\n                        if \"className\" in frame:\n                            meth = f\"{frame['className']}.{meth}\"\n                        msg = \"    at %s (%s)\"\n                        msg = msg % (meth, file)\n                        stacktrace.append(msg)\n                except TypeError:\n                    pass\n        if exception_class == UnexpectedAlertPresentException:\n            alert_text = None\n            if \"data\" in value:\n                alert_text = value[\"data\"].get(\"text\")\n            elif \"alert\" in value:\n                alert_text = value[\"alert\"].get(\"text\")\n            raise exception_class(message, screen, stacktrace, alert_text)  # type: ignore[call-arg]  # mypy is not smart enough here\n>       raise exception_class(message, screen, stacktrace)\nE       selenium.common.exceptions.NoSuchElementException: Message: no such element: Unable to locate element: {\"method\":\"xpath\",\"selector\":\"//input[@class='amount']\"}\nE         (Session info: headless chrome=119.0.6045.105); For documentation on this error, please visit: https://www.selenium.dev/documentation/webdriver/troubleshooting/errors#no-such-element-exception\nE       Stacktrace:\nE       #0 0x55cd4b0695e3 <unknown>\nE       #1 0x55cd4ad2c0b7 <unknown>\nE       #2 0x55cd4ad79f53 <unknown>\nE       #3 0x55cd4ad7a051 <unknown>\nE       #4 0x55cd4adbf9c4 <unknown>\nE       #5 0x55cd4ada0f1d <unknown>\nE       #6 0x55cd4adbcb3d <unknown>\nE       #7 0x55cd4ada0cc3 <unknown>\nE       #8 0x55cd4ad6c0e4 <unknown>\nE       #9 0x55cd4ad6d0ae <unknown>\nE       #10 0x55cd4b02fce1 <unknown>\nE       #11 0x55cd4b033b7e <unknown>\nE       #12 0x55cd4b01d4b5 <unknown>\nE       #13 0x55cd4b0347d6 <unknown>\nE       #14 0x55cd4b000dbf <unknown>\nE       #15 0x55cd4b057748 <unknown>\nE       #16 0x55cd4b057917 <unknown>\nE       #17 0x55cd4b068773 <unknown>\nE       #18 0x7fe2dafb4044 <unknown>\n\n/usr/local/lib/python3.11/site-packages/selenium/webdriver/remote/errorhandler.py:245: NoSuchElementException","flaky":false,"newFailed":false,"newBroken":false,"newPassed":false,"retriesCount":0,"retriesStatusChange":false,"beforeStages":[{"name":"_session_faker","time":{"start":1701651904399,"stop":1701651904470,"duration":71},"status":"passed","steps":[],"attachments":[],"parameters":[],"shouldDisplayMessage":false,"stepsCount":0,"attachmentsCount":0,"hasContent":false},{"name":"clear_allure_results_folder","time":{"start":1701651904470,"stop":1701651904470,"duration":0},"status":"passed","steps":[],"attachments":[],"parameters":[],"shouldDisplayMessage":false,"stepsCount":0,"attachmentsCount":0,"hasContent":false},{"name":"driver","time":{"start":1701652413304,"stop":1701652414041,"duration":737},"status":"passed","steps":[],"attachments":[],"parameters":[],"shouldDisplayMessage":false,"stepsCount":0,"attachmentsCount":0,"hasContent":false},{"name":"setup","time":{"start":1701652414041,"stop":1701652414041,"duration":0},"status":"passed","steps":[],"attachments":[],"parameters":[],"shouldDisplayMessage":false,"stepsCount":0,"attachmentsCount":0,"hasContent":false}],"testStage":{"status":"skipped","statusMessage":"XFAIL Цена стандартной доставки 4450\n\nselenium.common.exceptions.NoSuchElementException: Message: no such element: Unable to locate element: {\"method\":\"xpath\",\"selector\":\"//input[@class='amount']\"}\n  (Session info: headless chrome=119.0.6045.105); For documentation on this error, please visit: https://www.selenium.dev/documentation/webdriver/troubleshooting/errors#no-such-element-exception\nStacktrace:\n#0 0x55cd4b0695e3 <unknown>\n#1 0x55cd4ad2c0b7 <unknown>\n#2 0x55cd4ad79f53 <unknown>\n#3 0x55cd4ad7a051 <unknown>\n#4 0x55cd4adbf9c4 <unknown>\n#5 0x55cd4ada0f1d <unknown>\n#6 0x55cd4adbcb3d <unknown>\n#7 0x55cd4ada0cc3 <unknown>\n#8 0x55cd4ad6c0e4 <unknown>\n#9 0x55cd4ad6d0ae <unknown>\n#10 0x55cd4b02fce1 <unknown>\n#11 0x55cd4b033b7e <unknown>\n#12 0x55cd4b01d4b5 <unknown>\n#13 0x55cd4b0347d6 <unknown>\n#14 0x55cd4b000dbf <unknown>\n#15 0x55cd4b057748 <unknown>\n#16 0x55cd4b057917 <unknown>\n#17 0x55cd4b068773 <unknown>\n#18 0x7fe2dafb4044 <unknown>","statusTrace":"self = <tests.delivery.test_delivery_calculation.TestDeliveryPageCalculation object at 0x7febd123f350>\ndriver = <selenium.webdriver.chrome.webdriver.WebDriver (session=\"0bed7d9076aed2bb6324f4607d6ffeae\")>\nurl = 'https://sandboxtest.stroyrem-nn.ru/', case_id = 'TD 013'\nlink_item = 'products/shtukaturka-gipsovaya-aksolit-m50-30-kg-mashinnogo-naneseniya'\namount = 366, weight = 11000, standard = 4800, in_time = 12450, all_time = 13480\n\n    @pytest.mark.parametrize('case_id, link_item, amount, weight, standard, in_time, all_time', [\n        (\"TD 001\", uroven_3000, 1, 30, 0, 1590, 2190),\n        (\"TD 002\", bundeks_25, 1, 30, 400, 1590, 2190),\n        (\"TD 003\", aksolit_30, 8, 300, 400, 1590, 2190),\n        (\"TD 004\", aksolit_30, 13, 400, 450, 1590, 2190),\n        (\"TD 005\", aksolit_30, 16, 500, 600, 1590, 2190),\n        (\"TD 006\", aksolit_30, 25, 1700, 990, 1990, 2480),\n        (\"TD 007\", aksolit_30, 66, 2000, 1300, 2490, 2980),\n        (\"TD 008\", aksolit_30, 149, 4500, 2300, 3980, 4490),\n        (\"TD 009\", aksolit_30, 166, 5000, 2500, 4990, 5480),\n        pytest.param(\n            \"TD 010\", aksolit_30, 206, 6200, 2900, 5570, 6120,\n            marks=pytest.mark.xfail(reson=\"Цена доставки 3600 7960 8980\")\n        ),\n        (\"TD 011\", aksolit_30, 299, 9000, 3600, 7960, 8980),\n        (\"TD 012\", aksolit_30, 333, 10000, 4450, 11990, 12500),\n        pytest.param(\n            \"TD 013\", aksolit_30, 366, 11000, 4800, 12450, 13480,\n            marks=pytest.mark.xfail(reason=\"Цена стандартной доставки 4450\")\n        ),\n        pytest.param(\n            \"TD 014\", aksolit_30, 666, 20000, 5400, 15600, 17490,\n            marks=pytest.mark.xfail(reason=\"Цена стандартной доставки 4450\")\n        )\n    ])\n    @pytest.mark.smoke\n    def test_positive_delivery_green_zone_smoke(\n            self, driver, url, case_id, link_item, amount, weight, standard, in_time, all_time\n    ):\n    \n        driver.get(f'{url}{link_item}')\n        item_page = ItemPage(driver)\n>       item_page.add_item_to_cart(amount).click_on_cart()\n\ntests/delivery/test_delivery_calculation.py:49: \n_ _ _ _ _ _ _ _ _ _ _ _ _ _ _ _ _ _ _ _ _ _ _ _ _ _ _ _ _ _ _ _ _ _ _ _ _ _ _ _ \npages/item_page.py:41: in add_item_to_cart\n    amount_field = self.find_element(self._item_amount)\nbase/seleniumbase.py:17: in find_element\n    return self.driver.find_element(*locator)\n/usr/local/lib/python3.11/site-packages/selenium/webdriver/remote/webdriver.py:740: in find_element\n    return self.execute(Command.FIND_ELEMENT, {\"using\": by, \"value\": value})[\"value\"]\n/usr/local/lib/python3.11/site-packages/selenium/webdriver/remote/webdriver.py:346: in execute\n    self.error_handler.check_response(response)\n_ _ _ _ _ _ _ _ _ _ _ _ _ _ _ _ _ _ _ _ _ _ _ _ _ _ _ _ _ _ _ _ _ _ _ _ _ _ _ _ \n\nself = <selenium.webdriver.remote.errorhandler.ErrorHandler object at 0x7febd0b6ad10>\nresponse = {'status': 404, 'value': '{\"value\":{\"error\":\"no such element\",\"message\":\"no such element: Unable to locate element: {\\...\\\\n#16 0x55cd4b057917 \\\\u003Cunknown>\\\\n#17 0x55cd4b068773 \\\\u003Cunknown>\\\\n#18 0x7fe2dafb4044 \\\\u003Cunknown>\\\\n\"}}'}\n\n    def check_response(self, response: Dict[str, Any]) -> None:\n        \"\"\"Checks that a JSON response from the WebDriver does not have an\n        error.\n    \n        :Args:\n         - response - The JSON response from the WebDriver server as a dictionary\n           object.\n    \n        :Raises: If the response contains an error message.\n        \"\"\"\n        status = response.get(\"status\", None)\n        if not status or status == ErrorCode.SUCCESS:\n            return\n        value = None\n        message = response.get(\"message\", \"\")\n        screen: str = response.get(\"screen\", \"\")\n        stacktrace = None\n        if isinstance(status, int):\n            value_json = response.get(\"value\", None)\n            if value_json and isinstance(value_json, str):\n                import json\n    \n                try:\n                    value = json.loads(value_json)\n                    if len(value) == 1:\n                        value = value[\"value\"]\n                    status = value.get(\"error\", None)\n                    if not status:\n                        status = value.get(\"status\", ErrorCode.UNKNOWN_ERROR)\n                        message = value.get(\"value\") or value.get(\"message\")\n                        if not isinstance(message, str):\n                            value = message\n                            message = message.get(\"message\")\n                    else:\n                        message = value.get(\"message\", None)\n                except ValueError:\n                    pass\n    \n        exception_class: Type[WebDriverException]\n        if status in ErrorCode.NO_SUCH_ELEMENT:\n            exception_class = NoSuchElementException\n        elif status in ErrorCode.NO_SUCH_FRAME:\n            exception_class = NoSuchFrameException\n        elif status in ErrorCode.NO_SUCH_SHADOW_ROOT:\n            exception_class = NoSuchShadowRootException\n        elif status in ErrorCode.NO_SUCH_WINDOW:\n            exception_class = NoSuchWindowException\n        elif status in ErrorCode.STALE_ELEMENT_REFERENCE:\n            exception_class = StaleElementReferenceException\n        elif status in ErrorCode.ELEMENT_NOT_VISIBLE:\n            exception_class = ElementNotVisibleException\n        elif status in ErrorCode.INVALID_ELEMENT_STATE:\n            exception_class = InvalidElementStateException\n        elif (\n            status in ErrorCode.INVALID_SELECTOR\n            or status in ErrorCode.INVALID_XPATH_SELECTOR\n            or status in ErrorCode.INVALID_XPATH_SELECTOR_RETURN_TYPER\n        ):\n            exception_class = InvalidSelectorException\n        elif status in ErrorCode.ELEMENT_IS_NOT_SELECTABLE:\n            exception_class = ElementNotSelectableException\n        elif status in ErrorCode.ELEMENT_NOT_INTERACTABLE:\n            exception_class = ElementNotInteractableException\n        elif status in ErrorCode.INVALID_COOKIE_DOMAIN:\n            exception_class = InvalidCookieDomainException\n        elif status in ErrorCode.UNABLE_TO_SET_COOKIE:\n            exception_class = UnableToSetCookieException\n        elif status in ErrorCode.TIMEOUT:\n            exception_class = TimeoutException\n        elif status in ErrorCode.SCRIPT_TIMEOUT:\n            exception_class = TimeoutException\n        elif status in ErrorCode.UNKNOWN_ERROR:\n            exception_class = WebDriverException\n        elif status in ErrorCode.UNEXPECTED_ALERT_OPEN:\n            exception_class = UnexpectedAlertPresentException\n        elif status in ErrorCode.NO_ALERT_OPEN:\n            exception_class = NoAlertPresentException\n        elif status in ErrorCode.IME_NOT_AVAILABLE:\n            exception_class = ImeNotAvailableException\n        elif status in ErrorCode.IME_ENGINE_ACTIVATION_FAILED:\n            exception_class = ImeActivationFailedException\n        elif status in ErrorCode.MOVE_TARGET_OUT_OF_BOUNDS:\n            exception_class = MoveTargetOutOfBoundsException\n        elif status in ErrorCode.JAVASCRIPT_ERROR:\n            exception_class = JavascriptException\n        elif status in ErrorCode.SESSION_NOT_CREATED:\n            exception_class = SessionNotCreatedException\n        elif status in ErrorCode.INVALID_ARGUMENT:\n            exception_class = InvalidArgumentException\n        elif status in ErrorCode.NO_SUCH_COOKIE:\n            exception_class = NoSuchCookieException\n        elif status in ErrorCode.UNABLE_TO_CAPTURE_SCREEN:\n            exception_class = ScreenshotException\n        elif status in ErrorCode.ELEMENT_CLICK_INTERCEPTED:\n            exception_class = ElementClickInterceptedException\n        elif status in ErrorCode.INSECURE_CERTIFICATE:\n            exception_class = InsecureCertificateException\n        elif status in ErrorCode.INVALID_COORDINATES:\n            exception_class = InvalidCoordinatesException\n        elif status in ErrorCode.INVALID_SESSION_ID:\n            exception_class = InvalidSessionIdException\n        elif status in ErrorCode.UNKNOWN_METHOD:\n            exception_class = UnknownMethodException\n        else:\n            exception_class = WebDriverException\n        if not value:\n            value = response[\"value\"]\n        if isinstance(value, str):\n            raise exception_class(value)\n        if message == \"\" and \"message\" in value:\n            message = value[\"message\"]\n    \n        screen = None  # type: ignore[assignment]\n        if \"screen\" in value:\n            screen = value[\"screen\"]\n    \n        stacktrace = None\n        st_value = value.get(\"stackTrace\") or value.get(\"stacktrace\")\n        if st_value:\n            if isinstance(st_value, str):\n                stacktrace = st_value.split(\"\\n\")\n            else:\n                stacktrace = []\n                try:\n                    for frame in st_value:\n                        line = frame.get(\"lineNumber\", \"\")\n                        file = frame.get(\"fileName\", \"<anonymous>\")\n                        if line:\n                            file = f\"{file}:{line}\"\n                        meth = frame.get(\"methodName\", \"<anonymous>\")\n                        if \"className\" in frame:\n                            meth = f\"{frame['className']}.{meth}\"\n                        msg = \"    at %s (%s)\"\n                        msg = msg % (meth, file)\n                        stacktrace.append(msg)\n                except TypeError:\n                    pass\n        if exception_class == UnexpectedAlertPresentException:\n            alert_text = None\n            if \"data\" in value:\n                alert_text = value[\"data\"].get(\"text\")\n            elif \"alert\" in value:\n                alert_text = value[\"alert\"].get(\"text\")\n            raise exception_class(message, screen, stacktrace, alert_text)  # type: ignore[call-arg]  # mypy is not smart enough here\n>       raise exception_class(message, screen, stacktrace)\nE       selenium.common.exceptions.NoSuchElementException: Message: no such element: Unable to locate element: {\"method\":\"xpath\",\"selector\":\"//input[@class='amount']\"}\nE         (Session info: headless chrome=119.0.6045.105); For documentation on this error, please visit: https://www.selenium.dev/documentation/webdriver/troubleshooting/errors#no-such-element-exception\nE       Stacktrace:\nE       #0 0x55cd4b0695e3 <unknown>\nE       #1 0x55cd4ad2c0b7 <unknown>\nE       #2 0x55cd4ad79f53 <unknown>\nE       #3 0x55cd4ad7a051 <unknown>\nE       #4 0x55cd4adbf9c4 <unknown>\nE       #5 0x55cd4ada0f1d <unknown>\nE       #6 0x55cd4adbcb3d <unknown>\nE       #7 0x55cd4ada0cc3 <unknown>\nE       #8 0x55cd4ad6c0e4 <unknown>\nE       #9 0x55cd4ad6d0ae <unknown>\nE       #10 0x55cd4b02fce1 <unknown>\nE       #11 0x55cd4b033b7e <unknown>\nE       #12 0x55cd4b01d4b5 <unknown>\nE       #13 0x55cd4b0347d6 <unknown>\nE       #14 0x55cd4b000dbf <unknown>\nE       #15 0x55cd4b057748 <unknown>\nE       #16 0x55cd4b057917 <unknown>\nE       #17 0x55cd4b068773 <unknown>\nE       #18 0x7fe2dafb4044 <unknown>\n\n/usr/local/lib/python3.11/site-packages/selenium/webdriver/remote/errorhandler.py:245: NoSuchElementException","steps":[{"name":"Добавляем товар в корзину в количестве 366","time":{"start":1701652418520,"stop":1701652418575,"duration":55},"status":"broken","statusMessage":"selenium.common.exceptions.NoSuchElementException: Message: no such element: Unable to locate element: {\"method\":\"xpath\",\"selector\":\"//input[@class='amount']\"}\n  (Session info: headless chrome=119.0.6045.105); For documentation on this error, please visit: https://www.selenium.dev/documentation/webdriver/troubleshooting/errors#no-such-element-exception\nStacktrace:\n#0 0x55cd4b0695e3 <unknown>\n#1 0x55cd4ad2c0b7 <unknown>\n#2 0x55cd4ad79f53 <unknown>\n#3 0x55cd4ad7a051 <unknown>\n#4 0x55cd4adbf9c4 <unknown>\n#5 0x55cd4ada0f1d <unknown>\n#6 0x55cd4adbcb3d <unknown>\n#7 0x55cd4ada0cc3 <unknown>\n#8 0x55cd4ad6c0e4 <unknown>\n#9 0x55cd4ad6d0ae <unknown>\n#10 0x55cd4b02fce1 <unknown>\n#11 0x55cd4b033b7e <unknown>\n#12 0x55cd4b01d4b5 <unknown>\n#13 0x55cd4b0347d6 <unknown>\n#14 0x55cd4b000dbf <unknown>\n#15 0x55cd4b057748 <unknown>\n#16 0x55cd4b057917 <unknown>\n#17 0x55cd4b068773 <unknown>\n#18 0x7fe2dafb4044 <unknown>\n\n","statusTrace":"  File \"/usr/local/lib/python3.11/site-packages/allure_commons/_allure.py\", line 192, in impl\n    return func(*a, **kw)\n           ^^^^^^^^^^^^^^\n  File \"/app/pages/item_page.py\", line 41, in add_item_to_cart\n    amount_field = self.find_element(self._item_amount)\n                   ^^^^^^^^^^^^^^^^^^^^^^^^^^^^^^^^^^^^\n  File \"/app/base/seleniumbase.py\", line 17, in find_element\n    return self.driver.find_element(*locator)\n           ^^^^^^^^^^^^^^^^^^^^^^^^^^^^^^^^^^\n  File \"/usr/local/lib/python3.11/site-packages/selenium/webdriver/remote/webdriver.py\", line 740, in find_element\n    return self.execute(Command.FIND_ELEMENT, {\"using\": by, \"value\": value})[\"value\"]\n           ^^^^^^^^^^^^^^^^^^^^^^^^^^^^^^^^^^^^^^^^^^^^^^^^^^^^^^^^^^^^^^^^^\n  File \"/usr/local/lib/python3.11/site-packages/selenium/webdriver/remote/webdriver.py\", line 346, in execute\n    self.error_handler.check_response(response)\n  File \"/usr/local/lib/python3.11/site-packages/selenium/webdriver/remote/errorhandler.py\", line 245, in check_response\n    raise exception_class(message, screen, stacktrace)\n","steps":[],"attachments":[],"parameters":[{"name":"amount","value":"366"}],"shouldDisplayMessage":true,"stepsCount":0,"attachmentsCount":0,"hasContent":true}],"attachments":[{"uid":"9cbb91bf6690fef","name":"Screenshot","source":"9cbb91bf6690fef.png","type":"image/png","size":115178},{"uid":"cb8926e1ed5c6934","name":"HTML source","source":"cb8926e1ed5c6934.html","type":"text/html","size":303988}],"parameters":[],"shouldDisplayMessage":true,"stepsCount":1,"attachmentsCount":2,"hasContent":true},"afterStages":[{"name":"setup::0","time":{"start":1701652418712,"stop":1701652418712,"duration":0},"status":"passed","steps":[],"attachments":[],"parameters":[],"shouldDisplayMessage":false,"stepsCount":0,"attachmentsCount":0,"hasContent":false},{"name":"driver::0","time":{"start":1701652418714,"stop":1701652418774,"duration":60},"status":"passed","steps":[],"attachments":[],"parameters":[],"shouldDisplayMessage":false,"stepsCount":0,"attachmentsCount":0,"hasContent":false}],"labels":[{"name":"epic","value":"Delivery Page - calculation"},{"name":"tag","value":"smoke"},{"name":"tag","value":"@pytest.mark.xfail(reason='Цена стандартной доставки 4450')"},{"name":"parentSuite","value":"tests.delivery"},{"name":"suite","value":"test_delivery_calculation"},{"name":"subSuite","value":"TestDeliveryPageCalculation"},{"name":"host","value":"8feb2ca614d3"},{"name":"thread","value":"1-MainThread"},{"name":"framework","value":"pytest"},{"name":"language","value":"cpython3"},{"name":"package","value":"tests.delivery.test_delivery_calculation"},{"name":"resultFormat","value":"allure2"}],"parameters":[{"name":"all_time","value":"13480"},{"name":"amount","value":"366"},{"name":"case_id","value":"'TD 013'"},{"name":"in_time","value":"12450"},{"name":"link_item","value":"'products/shtukaturka-gipsovaya-aksolit-m50-30-kg-mashinnogo-naneseniya'"},{"name":"standard","value":"4800"},{"name":"url","value":"'https://sandboxtest.stroyrem-nn.ru/'"},{"name":"weight","value":"11000"}],"links":[],"hidden":false,"retry":false,"extra":{"severity":"normal","retries":[],"categories":[],"history":{"statistic":{"failed":0,"broken":0,"skipped":96,"passed":0,"unknown":0,"total":96},"items":[{"uid":"fe8f82b79ac4e588","reportUrl":"https://zaelcovsky.github.io/StroyremAutomation/159//#testresult/fe8f82b79ac4e588","status":"skipped","statusDetails":"XFAIL Цена стандартной доставки 4450\n\nselenium.common.exceptions.NoSuchElementException: Message: no such element: Unable to locate element: {\"method\":\"xpath\",\"selector\":\"//input[@class='amount']\"}\n  (Session info: headless chrome=119.0.6045.105); For documentation on this error, please visit: https://www.selenium.dev/documentation/webdriver/troubleshooting/errors#no-such-element-exception\nStacktrace:\n#0 0x5633c942d5e3 <unknown>\n#1 0x5633c90f00b7 <unknown>\n#2 0x5633c913df53 <unknown>\n#3 0x5633c913e051 <unknown>\n#4 0x5633c91839c4 <unknown>\n#5 0x5633c9164f1d <unknown>\n#6 0x5633c9180b3d <unknown>\n#7 0x5633c9164cc3 <unknown>\n#8 0x5633c91300e4 <unknown>\n#9 0x5633c91310ae <unknown>\n#10 0x5633c93f3ce1 <unknown>\n#11 0x5633c93f7b7e <unknown>\n#12 0x5633c93e14b5 <unknown>\n#13 0x5633c93f87d6 <unknown>\n#14 0x5633c93c4dbf <unknown>\n#15 0x5633c941b748 <unknown>\n#16 0x5633c941b917 <unknown>\n#17 0x5633c942c773 <unknown>\n#18 0x7f4460ace044 <unknown>","time":{"start":1701566165711,"stop":1701566169644,"duration":3933}},{"uid":"71e053b9831b080","reportUrl":"https://zaelcovsky.github.io/StroyremAutomation/158//#testresult/71e053b9831b080","status":"skipped","statusDetails":"XFAIL Цена стандартной доставки 4450\n\nselenium.common.exceptions.NoSuchElementException: Message: no such element: Unable to locate element: {\"method\":\"xpath\",\"selector\":\"//input[@class='amount']\"}\n  (Session info: headless chrome=119.0.6045.105); For documentation on this error, please visit: https://www.selenium.dev/documentation/webdriver/troubleshooting/errors#no-such-element-exception\nStacktrace:\n#0 0x560fde89d5e3 <unknown>\n#1 0x560fde5600b7 <unknown>\n#2 0x560fde5adf53 <unknown>\n#3 0x560fde5ae051 <unknown>\n#4 0x560fde5f39c4 <unknown>\n#5 0x560fde5d4f1d <unknown>\n#6 0x560fde5f0b3d <unknown>\n#7 0x560fde5d4cc3 <unknown>\n#8 0x560fde5a00e4 <unknown>\n#9 0x560fde5a10ae <unknown>\n#10 0x560fde863ce1 <unknown>\n#11 0x560fde867b7e <unknown>\n#12 0x560fde8514b5 <unknown>\n#13 0x560fde8687d6 <unknown>\n#14 0x560fde834dbf <unknown>\n#15 0x560fde88b748 <unknown>\n#16 0x560fde88b917 <unknown>\n#17 0x560fde89c773 <unknown>\n#18 0x7f285af2f044 <unknown>","time":{"start":1701479422487,"stop":1701479426425,"duration":3938}},{"uid":"8eaad65ae960ba66","reportUrl":"https://zaelcovsky.github.io/StroyremAutomation/157//#testresult/8eaad65ae960ba66","status":"skipped","statusDetails":"XFAIL Цена стандартной доставки 4450\n\nselenium.common.exceptions.NoSuchElementException: Message: no such element: Unable to locate element: {\"method\":\"xpath\",\"selector\":\"//input[@class='amount']\"}\n  (Session info: headless chrome=119.0.6045.105); For documentation on this error, please visit: https://www.selenium.dev/documentation/webdriver/troubleshooting/errors#no-such-element-exception\nStacktrace:\n#0 0x56101947f5e3 <unknown>\n#1 0x5610191420b7 <unknown>\n#2 0x56101918ff53 <unknown>\n#3 0x561019190051 <unknown>\n#4 0x5610191d59c4 <unknown>\n#5 0x5610191b6f1d <unknown>\n#6 0x5610191d2b3d <unknown>\n#7 0x5610191b6cc3 <unknown>\n#8 0x5610191820e4 <unknown>\n#9 0x5610191830ae <unknown>\n#10 0x561019445ce1 <unknown>\n#11 0x561019449b7e <unknown>\n#12 0x5610194334b5 <unknown>\n#13 0x56101944a7d6 <unknown>\n#14 0x561019416dbf <unknown>\n#15 0x56101946d748 <unknown>\n#16 0x56101946d917 <unknown>\n#17 0x56101947e773 <unknown>\n#18 0x7f19a6f08044 <unknown>","time":{"start":1701393558915,"stop":1701393563744,"duration":4829}},{"uid":"ed8eb74ce1624e05","reportUrl":"https://zaelcovsky.github.io/StroyremAutomation/156//#testresult/ed8eb74ce1624e05","status":"skipped","statusDetails":"XFAIL Цена стандартной доставки 4450\n\nselenium.common.exceptions.NoSuchElementException: Message: no such element: Unable to locate element: {\"method\":\"xpath\",\"selector\":\"//input[@class='amount']\"}\n  (Session info: headless chrome=119.0.6045.105); For documentation on this error, please visit: https://www.selenium.dev/documentation/webdriver/troubleshooting/errors#no-such-element-exception\nStacktrace:\n#0 0x55acf192a5e3 <unknown>\n#1 0x55acf15ed0b7 <unknown>\n#2 0x55acf163af53 <unknown>\n#3 0x55acf163b051 <unknown>\n#4 0x55acf16809c4 <unknown>\n#5 0x55acf1661f1d <unknown>\n#6 0x55acf167db3d <unknown>\n#7 0x55acf1661cc3 <unknown>\n#8 0x55acf162d0e4 <unknown>\n#9 0x55acf162e0ae <unknown>\n#10 0x55acf18f0ce1 <unknown>\n#11 0x55acf18f4b7e <unknown>\n#12 0x55acf18de4b5 <unknown>\n#13 0x55acf18f57d6 <unknown>\n#14 0x55acf18c1dbf <unknown>\n#15 0x55acf1918748 <unknown>\n#16 0x55acf1918917 <unknown>\n#17 0x55acf1929773 <unknown>\n#18 0x7f80bc6ef044 <unknown>","time":{"start":1701306712814,"stop":1701306716552,"duration":3738}},{"uid":"55f307959d7e51e8","reportUrl":"https://zaelcovsky.github.io/StroyremAutomation/155//#testresult/55f307959d7e51e8","status":"skipped","statusDetails":"XFAIL Цена стандартной доставки 4450\n\nselenium.common.exceptions.NoSuchElementException: Message: no such element: Unable to locate element: {\"method\":\"xpath\",\"selector\":\"//input[@class='amount']\"}\n  (Session info: headless chrome=119.0.6045.105); For documentation on this error, please visit: https://www.selenium.dev/documentation/webdriver/troubleshooting/errors#no-such-element-exception\nStacktrace:\n#0 0x55625efab5e3 <unknown>\n#1 0x55625ec6e0b7 <unknown>\n#2 0x55625ecbbf53 <unknown>\n#3 0x55625ecbc051 <unknown>\n#4 0x55625ed019c4 <unknown>\n#5 0x55625ece2f1d <unknown>\n#6 0x55625ecfeb3d <unknown>\n#7 0x55625ece2cc3 <unknown>\n#8 0x55625ecae0e4 <unknown>\n#9 0x55625ecaf0ae <unknown>\n#10 0x55625ef71ce1 <unknown>\n#11 0x55625ef75b7e <unknown>\n#12 0x55625ef5f4b5 <unknown>\n#13 0x55625ef767d6 <unknown>\n#14 0x55625ef42dbf <unknown>\n#15 0x55625ef99748 <unknown>\n#16 0x55625ef99917 <unknown>\n#17 0x55625efaa773 <unknown>\n#18 0x7f8025339044 <unknown>","time":{"start":1701220330471,"stop":1701220334397,"duration":3926}},{"uid":"9dd72d10abbdbe9a","reportUrl":"https://zaelcovsky.github.io/StroyremAutomation/154//#testresult/9dd72d10abbdbe9a","status":"skipped","statusDetails":"XFAIL Цена стандартной доставки 4450\n\nselenium.common.exceptions.NoSuchElementException: Message: no such element: Unable to locate element: {\"method\":\"xpath\",\"selector\":\"//input[@class='amount']\"}\n  (Session info: headless chrome=119.0.6045.105); For documentation on this error, please visit: https://www.selenium.dev/documentation/webdriver/troubleshooting/errors#no-such-element-exception\nStacktrace:\n#0 0x556bbc0fb5e3 <unknown>\n#1 0x556bbbdbe0b7 <unknown>\n#2 0x556bbbe0bf53 <unknown>\n#3 0x556bbbe0c051 <unknown>\n#4 0x556bbbe519c4 <unknown>\n#5 0x556bbbe32f1d <unknown>\n#6 0x556bbbe4eb3d <unknown>\n#7 0x556bbbe32cc3 <unknown>\n#8 0x556bbbdfe0e4 <unknown>\n#9 0x556bbbdff0ae <unknown>\n#10 0x556bbc0c1ce1 <unknown>\n#11 0x556bbc0c5b7e <unknown>\n#12 0x556bbc0af4b5 <unknown>\n#13 0x556bbc0c67d6 <unknown>\n#14 0x556bbc092dbf <unknown>\n#15 0x556bbc0e9748 <unknown>\n#16 0x556bbc0e9917 <unknown>\n#17 0x556bbc0fa773 <unknown>\n#18 0x7f9b0e157044 <unknown>","time":{"start":1701133939741,"stop":1701133943349,"duration":3608}},{"uid":"8e11b31bc50c7e13","reportUrl":"https://zaelcovsky.github.io/StroyremAutomation/153//#testresult/8e11b31bc50c7e13","status":"skipped","statusDetails":"XFAIL Цена стандартной доставки 4450\n\nselenium.common.exceptions.NoSuchElementException: Message: no such element: Unable to locate element: {\"method\":\"xpath\",\"selector\":\"//input[@class='amount']\"}\n  (Session info: headless chrome=119.0.6045.105); For documentation on this error, please visit: https://www.selenium.dev/documentation/webdriver/troubleshooting/errors#no-such-element-exception\nStacktrace:\n#0 0x5561aeb585e3 <unknown>\n#1 0x5561ae81b0b7 <unknown>\n#2 0x5561ae868f53 <unknown>\n#3 0x5561ae869051 <unknown>\n#4 0x5561ae8ae9c4 <unknown>\n#5 0x5561ae88ff1d <unknown>\n#6 0x5561ae8abb3d <unknown>\n#7 0x5561ae88fcc3 <unknown>\n#8 0x5561ae85b0e4 <unknown>\n#9 0x5561ae85c0ae <unknown>\n#10 0x5561aeb1ece1 <unknown>\n#11 0x5561aeb22b7e <unknown>\n#12 0x5561aeb0c4b5 <unknown>\n#13 0x5561aeb237d6 <unknown>\n#14 0x5561aeaefdbf <unknown>\n#15 0x5561aeb46748 <unknown>\n#16 0x5561aeb46917 <unknown>\n#17 0x5561aeb57773 <unknown>\n#18 0x7fc3a025a044 <unknown>","time":{"start":1701047549518,"stop":1701047553355,"duration":3837}},{"uid":"378c6d3c3d9cb439","reportUrl":"https://zaelcovsky.github.io/StroyremAutomation/152//#testresult/378c6d3c3d9cb439","status":"skipped","statusDetails":"XFAIL Цена стандартной доставки 4450\n\nselenium.common.exceptions.NoSuchElementException: Message: no such element: Unable to locate element: {\"method\":\"xpath\",\"selector\":\"//input[@class='amount']\"}\n  (Session info: headless chrome=119.0.6045.105); For documentation on this error, please visit: https://www.selenium.dev/documentation/webdriver/troubleshooting/errors#no-such-element-exception\nStacktrace:\n#0 0x55ef986c25e3 <unknown>\n#1 0x55ef983850b7 <unknown>\n#2 0x55ef983d2f53 <unknown>\n#3 0x55ef983d3051 <unknown>\n#4 0x55ef984189c4 <unknown>\n#5 0x55ef983f9f1d <unknown>\n#6 0x55ef98415b3d <unknown>\n#7 0x55ef983f9cc3 <unknown>\n#8 0x55ef983c50e4 <unknown>\n#9 0x55ef983c60ae <unknown>\n#10 0x55ef98688ce1 <unknown>\n#11 0x55ef9868cb7e <unknown>\n#12 0x55ef986764b5 <unknown>\n#13 0x55ef9868d7d6 <unknown>\n#14 0x55ef98659dbf <unknown>\n#15 0x55ef986b0748 <unknown>\n#16 0x55ef986b0917 <unknown>\n#17 0x55ef986c1773 <unknown>\n#18 0x7f83a5f4a044 <unknown>","time":{"start":1700961448556,"stop":1700961453545,"duration":4989}},{"uid":"d7fca5fced688448","reportUrl":"https://zaelcovsky.github.io/StroyremAutomation/151//#testresult/d7fca5fced688448","status":"skipped","statusDetails":"XFAIL Цена стандартной доставки 4450\n\nselenium.common.exceptions.NoSuchElementException: Message: no such element: Unable to locate element: {\"method\":\"xpath\",\"selector\":\"//input[@class='amount']\"}\n  (Session info: headless chrome=119.0.6045.105); For documentation on this error, please visit: https://www.selenium.dev/documentation/webdriver/troubleshooting/errors#no-such-element-exception\nStacktrace:\n#0 0x5618de2515e3 <unknown>\n#1 0x5618ddf140b7 <unknown>\n#2 0x5618ddf61f53 <unknown>\n#3 0x5618ddf62051 <unknown>\n#4 0x5618ddfa79c4 <unknown>\n#5 0x5618ddf88f1d <unknown>\n#6 0x5618ddfa4b3d <unknown>\n#7 0x5618ddf88cc3 <unknown>\n#8 0x5618ddf540e4 <unknown>\n#9 0x5618ddf550ae <unknown>\n#10 0x5618de217ce1 <unknown>\n#11 0x5618de21bb7e <unknown>\n#12 0x5618de2054b5 <unknown>\n#13 0x5618de21c7d6 <unknown>\n#14 0x5618de1e8dbf <unknown>\n#15 0x5618de23f748 <unknown>\n#16 0x5618de23f917 <unknown>\n#17 0x5618de250773 <unknown>\n#18 0x7f427fd44044 <unknown>","time":{"start":1700874555392,"stop":1700874558680,"duration":3288}},{"uid":"122af672cd0b0dc4","reportUrl":"https://zaelcovsky.github.io/StroyremAutomation/150//#testresult/122af672cd0b0dc4","status":"skipped","statusDetails":"XFAIL Цена стандартной доставки 4450\n\nselenium.common.exceptions.NoSuchElementException: Message: no such element: Unable to locate element: {\"method\":\"xpath\",\"selector\":\"//input[@class='amount']\"}\n  (Session info: headless chrome=119.0.6045.105); For documentation on this error, please visit: https://www.selenium.dev/documentation/webdriver/troubleshooting/errors#no-such-element-exception\nStacktrace:\n#0 0x5640c84115e3 <unknown>\n#1 0x5640c80d40b7 <unknown>\n#2 0x5640c8121f53 <unknown>\n#3 0x5640c8122051 <unknown>\n#4 0x5640c81679c4 <unknown>\n#5 0x5640c8148f1d <unknown>\n#6 0x5640c8164b3d <unknown>\n#7 0x5640c8148cc3 <unknown>\n#8 0x5640c81140e4 <unknown>\n#9 0x5640c81150ae <unknown>\n#10 0x5640c83d7ce1 <unknown>\n#11 0x5640c83dbb7e <unknown>\n#12 0x5640c83c54b5 <unknown>\n#13 0x5640c83dc7d6 <unknown>\n#14 0x5640c83a8dbf <unknown>\n#15 0x5640c83ff748 <unknown>\n#16 0x5640c83ff917 <unknown>\n#17 0x5640c8410773 <unknown>\n#18 0x7f78af520044 <unknown>","time":{"start":1700788262275,"stop":1700788266221,"duration":3946}},{"uid":"a48dbbd423a0c9f2","reportUrl":"https://zaelcovsky.github.io/StroyremAutomation/149//#testresult/a48dbbd423a0c9f2","status":"skipped","statusDetails":"XFAIL Цена стандартной доставки 4450\n\nselenium.common.exceptions.NoSuchElementException: Message: no such element: Unable to locate element: {\"method\":\"xpath\",\"selector\":\"//input[@class='amount']\"}\n  (Session info: headless chrome=119.0.6045.105); For documentation on this error, please visit: https://www.selenium.dev/documentation/webdriver/troubleshooting/errors#no-such-element-exception\nStacktrace:\n#0 0x55de9492d5e3 <unknown>\n#1 0x55de945f00b7 <unknown>\n#2 0x55de9463df53 <unknown>\n#3 0x55de9463e051 <unknown>\n#4 0x55de946839c4 <unknown>\n#5 0x55de94664f1d <unknown>\n#6 0x55de94680b3d <unknown>\n#7 0x55de94664cc3 <unknown>\n#8 0x55de946300e4 <unknown>\n#9 0x55de946310ae <unknown>\n#10 0x55de948f3ce1 <unknown>\n#11 0x55de948f7b7e <unknown>\n#12 0x55de948e14b5 <unknown>\n#13 0x55de948f87d6 <unknown>\n#14 0x55de948c4dbf <unknown>\n#15 0x55de9491b748 <unknown>\n#16 0x55de9491b917 <unknown>\n#17 0x55de9492c773 <unknown>\n#18 0x7f3b8ff10044 <unknown>","time":{"start":1700701859182,"stop":1700701862725,"duration":3543}},{"uid":"b1424fe900da5de8","reportUrl":"https://zaelcovsky.github.io/StroyremAutomation/148//#testresult/b1424fe900da5de8","status":"skipped","statusDetails":"XFAIL Цена стандартной доставки 4450\n\nselenium.common.exceptions.NoSuchElementException: Message: no such element: Unable to locate element: {\"method\":\"xpath\",\"selector\":\"//input[@class='amount']\"}\n  (Session info: headless chrome=119.0.6045.105); For documentation on this error, please visit: https://www.selenium.dev/documentation/webdriver/troubleshooting/errors#no-such-element-exception\nStacktrace:\n#0 0x564b61e955e3 <unknown>\n#1 0x564b61b580b7 <unknown>\n#2 0x564b61ba5f53 <unknown>\n#3 0x564b61ba6051 <unknown>\n#4 0x564b61beb9c4 <unknown>\n#5 0x564b61bccf1d <unknown>\n#6 0x564b61be8b3d <unknown>\n#7 0x564b61bcccc3 <unknown>\n#8 0x564b61b980e4 <unknown>\n#9 0x564b61b990ae <unknown>\n#10 0x564b61e5bce1 <unknown>\n#11 0x564b61e5fb7e <unknown>\n#12 0x564b61e494b5 <unknown>\n#13 0x564b61e607d6 <unknown>\n#14 0x564b61e2cdbf <unknown>\n#15 0x564b61e83748 <unknown>\n#16 0x564b61e83917 <unknown>\n#17 0x564b61e94773 <unknown>\n#18 0x7f6cebccd044 <unknown>","time":{"start":1700615602556,"stop":1700615606203,"duration":3647}},{"uid":"54146b7e82db5053","reportUrl":"https://zaelcovsky.github.io/StroyremAutomation/147//#testresult/54146b7e82db5053","status":"skipped","statusDetails":"XFAIL Цена стандартной доставки 4450\n\nselenium.common.exceptions.NoSuchElementException: Message: no such element: Unable to locate element: {\"method\":\"xpath\",\"selector\":\"//input[@class='amount']\"}\n  (Session info: headless chrome=119.0.6045.105); For documentation on this error, please visit: https://www.selenium.dev/documentation/webdriver/troubleshooting/errors#no-such-element-exception\nStacktrace:\n#0 0x55628f1235e3 <unknown>\n#1 0x55628ede60b7 <unknown>\n#2 0x55628ee33f53 <unknown>\n#3 0x55628ee34051 <unknown>\n#4 0x55628ee799c4 <unknown>\n#5 0x55628ee5af1d <unknown>\n#6 0x55628ee76b3d <unknown>\n#7 0x55628ee5acc3 <unknown>\n#8 0x55628ee260e4 <unknown>\n#9 0x55628ee270ae <unknown>\n#10 0x55628f0e9ce1 <unknown>\n#11 0x55628f0edb7e <unknown>\n#12 0x55628f0d74b5 <unknown>\n#13 0x55628f0ee7d6 <unknown>\n#14 0x55628f0badbf <unknown>\n#15 0x55628f111748 <unknown>\n#16 0x55628f111917 <unknown>\n#17 0x55628f122773 <unknown>\n#18 0x7f8b9fb46044 <unknown>","time":{"start":1700529227306,"stop":1700529231673,"duration":4367}},{"uid":"92a5ef2cb0b8ec72","reportUrl":"https://zaelcovsky.github.io/StroyremAutomation/146//#testresult/92a5ef2cb0b8ec72","status":"skipped","statusDetails":"XFAIL Цена стандартной доставки 4450\n\nselenium.common.exceptions.NoSuchElementException: Message: no such element: Unable to locate element: {\"method\":\"xpath\",\"selector\":\"//input[@class='amount']\"}\n  (Session info: headless chrome=119.0.6045.105); For documentation on this error, please visit: https://www.selenium.dev/documentation/webdriver/troubleshooting/errors#no-such-element-exception\nStacktrace:\n#0 0x55c353c2b5e3 <unknown>\n#1 0x55c3538ee0b7 <unknown>\n#2 0x55c35393bf53 <unknown>\n#3 0x55c35393c051 <unknown>\n#4 0x55c3539819c4 <unknown>\n#5 0x55c353962f1d <unknown>\n#6 0x55c35397eb3d <unknown>\n#7 0x55c353962cc3 <unknown>\n#8 0x55c35392e0e4 <unknown>\n#9 0x55c35392f0ae <unknown>\n#10 0x55c353bf1ce1 <unknown>\n#11 0x55c353bf5b7e <unknown>\n#12 0x55c353bdf4b5 <unknown>\n#13 0x55c353bf67d6 <unknown>\n#14 0x55c353bc2dbf <unknown>\n#15 0x55c353c19748 <unknown>\n#16 0x55c353c19917 <unknown>\n#17 0x55c353c2a773 <unknown>\n#18 0x7f7874023044 <unknown>","time":{"start":1700442751072,"stop":1700442754754,"duration":3682}},{"uid":"adfb7ffd1e0f0bee","reportUrl":"https://zaelcovsky.github.io/StroyremAutomation/145//#testresult/adfb7ffd1e0f0bee","status":"skipped","statusDetails":"XFAIL Цена стандартной доставки 4450\n\nselenium.common.exceptions.NoSuchElementException: Message: no such element: Unable to locate element: {\"method\":\"xpath\",\"selector\":\"//input[@class='amount']\"}\n  (Session info: headless chrome=119.0.6045.105); For documentation on this error, please visit: https://www.selenium.dev/documentation/webdriver/troubleshooting/errors#no-such-element-exception\nStacktrace:\n#0 0x55c6a905e5e3 <unknown>\n#1 0x55c6a8d210b7 <unknown>\n#2 0x55c6a8d6ef53 <unknown>\n#3 0x55c6a8d6f051 <unknown>\n#4 0x55c6a8db49c4 <unknown>\n#5 0x55c6a8d95f1d <unknown>\n#6 0x55c6a8db1b3d <unknown>\n#7 0x55c6a8d95cc3 <unknown>\n#8 0x55c6a8d610e4 <unknown>\n#9 0x55c6a8d620ae <unknown>\n#10 0x55c6a9024ce1 <unknown>\n#11 0x55c6a9028b7e <unknown>\n#12 0x55c6a90124b5 <unknown>\n#13 0x55c6a90297d6 <unknown>\n#14 0x55c6a8ff5dbf <unknown>\n#15 0x55c6a904c748 <unknown>\n#16 0x55c6a904c917 <unknown>\n#17 0x55c6a905d773 <unknown>\n#18 0x7f87d23e4044 <unknown>","time":{"start":1700356540602,"stop":1700356545109,"duration":4507}},{"uid":"eb1e8e764d78ef27","reportUrl":"https://zaelcovsky.github.io/StroyremAutomation/144//#testresult/eb1e8e764d78ef27","status":"skipped","statusDetails":"XFAIL Цена стандартной доставки 4450\n\nselenium.common.exceptions.NoSuchElementException: Message: no such element: Unable to locate element: {\"method\":\"xpath\",\"selector\":\"//input[@class='amount']\"}\n  (Session info: headless chrome=119.0.6045.105); For documentation on this error, please visit: https://www.selenium.dev/documentation/webdriver/troubleshooting/errors#no-such-element-exception\nStacktrace:\n#0 0x564e61b655e3 <unknown>\n#1 0x564e618280b7 <unknown>\n#2 0x564e61875f53 <unknown>\n#3 0x564e61876051 <unknown>\n#4 0x564e618bb9c4 <unknown>\n#5 0x564e6189cf1d <unknown>\n#6 0x564e618b8b3d <unknown>\n#7 0x564e6189ccc3 <unknown>\n#8 0x564e618680e4 <unknown>\n#9 0x564e618690ae <unknown>\n#10 0x564e61b2bce1 <unknown>\n#11 0x564e61b2fb7e <unknown>\n#12 0x564e61b194b5 <unknown>\n#13 0x564e61b307d6 <unknown>\n#14 0x564e61afcdbf <unknown>\n#15 0x564e61b53748 <unknown>\n#16 0x564e61b53917 <unknown>\n#17 0x564e61b64773 <unknown>\n#18 0x7fef3c61b044 <unknown>","time":{"start":1700269944896,"stop":1700269949716,"duration":4820}},{"uid":"a6a956e6196b355a","reportUrl":"https://zaelcovsky.github.io/StroyremAutomation/143//#testresult/a6a956e6196b355a","status":"skipped","statusDetails":"XFAIL Цена стандартной доставки 4450\n\nselenium.common.exceptions.NoSuchElementException: Message: no such element: Unable to locate element: {\"method\":\"xpath\",\"selector\":\"//input[@class='amount']\"}\n  (Session info: headless chrome=119.0.6045.105); For documentation on this error, please visit: https://www.selenium.dev/documentation/webdriver/troubleshooting/errors#no-such-element-exception\nStacktrace:\n#0 0x5628b61255e3 <unknown>\n#1 0x5628b5de80b7 <unknown>\n#2 0x5628b5e35f53 <unknown>\n#3 0x5628b5e36051 <unknown>\n#4 0x5628b5e7b9c4 <unknown>\n#5 0x5628b5e5cf1d <unknown>\n#6 0x5628b5e78b3d <unknown>\n#7 0x5628b5e5ccc3 <unknown>\n#8 0x5628b5e280e4 <unknown>\n#9 0x5628b5e290ae <unknown>\n#10 0x5628b60ebce1 <unknown>\n#11 0x5628b60efb7e <unknown>\n#12 0x5628b60d94b5 <unknown>\n#13 0x5628b60f07d6 <unknown>\n#14 0x5628b60bcdbf <unknown>\n#15 0x5628b6113748 <unknown>\n#16 0x5628b6113917 <unknown>\n#17 0x5628b6124773 <unknown>\n#18 0x7ff9cbbb8044 <unknown>","time":{"start":1700183561958,"stop":1700183566525,"duration":4567}},{"uid":"ff83d355d309548a","reportUrl":"https://zaelcovsky.github.io/StroyremAutomation/142//#testresult/ff83d355d309548a","status":"skipped","statusDetails":"XFAIL Цена стандартной доставки 4450\n\nselenium.common.exceptions.NoSuchElementException: Message: no such element: Unable to locate element: {\"method\":\"xpath\",\"selector\":\"//input[@class='amount']\"}\n  (Session info: headless chrome=119.0.6045.105); For documentation on this error, please visit: https://www.selenium.dev/documentation/webdriver/troubleshooting/errors#no-such-element-exception\nStacktrace:\n#0 0x55e59d1b55e3 <unknown>\n#1 0x55e59ce780b7 <unknown>\n#2 0x55e59cec5f53 <unknown>\n#3 0x55e59cec6051 <unknown>\n#4 0x55e59cf0b9c4 <unknown>\n#5 0x55e59ceecf1d <unknown>\n#6 0x55e59cf08b3d <unknown>\n#7 0x55e59ceeccc3 <unknown>\n#8 0x55e59ceb80e4 <unknown>\n#9 0x55e59ceb90ae <unknown>\n#10 0x55e59d17bce1 <unknown>\n#11 0x55e59d17fb7e <unknown>\n#12 0x55e59d1694b5 <unknown>\n#13 0x55e59d1807d6 <unknown>\n#14 0x55e59d14cdbf <unknown>\n#15 0x55e59d1a3748 <unknown>\n#16 0x55e59d1a3917 <unknown>\n#17 0x55e59d1b4773 <unknown>\n#18 0x7fecf5b74044 <unknown>","time":{"start":1700097118738,"stop":1700097122545,"duration":3807}},{"uid":"24f45c1803b568e","reportUrl":"https://zaelcovsky.github.io/StroyremAutomation/141//#testresult/24f45c1803b568e","status":"skipped","statusDetails":"XFAIL Цена стандартной доставки 4450\n\nselenium.common.exceptions.NoSuchElementException: Message: no such element: Unable to locate element: {\"method\":\"xpath\",\"selector\":\"//input[@class='amount']\"}\n  (Session info: headless chrome=119.0.6045.105); For documentation on this error, please visit: https://www.selenium.dev/documentation/webdriver/troubleshooting/errors#no-such-element-exception\nStacktrace:\n#0 0x56236b6b35e3 <unknown>\n#1 0x56236b3760b7 <unknown>\n#2 0x56236b3c3f53 <unknown>\n#3 0x56236b3c4051 <unknown>\n#4 0x56236b4099c4 <unknown>\n#5 0x56236b3eaf1d <unknown>\n#6 0x56236b406b3d <unknown>\n#7 0x56236b3eacc3 <unknown>\n#8 0x56236b3b60e4 <unknown>\n#9 0x56236b3b70ae <unknown>\n#10 0x56236b679ce1 <unknown>\n#11 0x56236b67db7e <unknown>\n#12 0x56236b6674b5 <unknown>\n#13 0x56236b67e7d6 <unknown>\n#14 0x56236b64adbf <unknown>\n#15 0x56236b6a1748 <unknown>\n#16 0x56236b6a1917 <unknown>\n#17 0x56236b6b2773 <unknown>\n#18 0x7f1350066044 <unknown>","time":{"start":1700010647599,"stop":1700010651409,"duration":3810}},{"uid":"f65177a14648bdd4","reportUrl":"https://zaelcovsky.github.io/StroyremAutomation/140//#testresult/f65177a14648bdd4","status":"skipped","statusDetails":"XFAIL Цена стандартной доставки 4450\n\nselenium.common.exceptions.NoSuchElementException: Message: no such element: Unable to locate element: {\"method\":\"xpath\",\"selector\":\"//input[@class='amount']\"}\n  (Session info: headless chrome=119.0.6045.105); For documentation on this error, please visit: https://www.selenium.dev/documentation/webdriver/troubleshooting/errors#no-such-element-exception\nStacktrace:\n#0 0x560f2ac9b5e3 <unknown>\n#1 0x560f2a95e0b7 <unknown>\n#2 0x560f2a9abf53 <unknown>\n#3 0x560f2a9ac051 <unknown>\n#4 0x560f2a9f19c4 <unknown>\n#5 0x560f2a9d2f1d <unknown>\n#6 0x560f2a9eeb3d <unknown>\n#7 0x560f2a9d2cc3 <unknown>\n#8 0x560f2a99e0e4 <unknown>\n#9 0x560f2a99f0ae <unknown>\n#10 0x560f2ac61ce1 <unknown>\n#11 0x560f2ac65b7e <unknown>\n#12 0x560f2ac4f4b5 <unknown>\n#13 0x560f2ac667d6 <unknown>\n#14 0x560f2ac32dbf <unknown>\n#15 0x560f2ac89748 <unknown>\n#16 0x560f2ac89917 <unknown>\n#17 0x560f2ac9a773 <unknown>\n#18 0x7ff1d5e01044 <unknown>","time":{"start":1699924267119,"stop":1699924271447,"duration":4328}}]},"tags":["smoke","@pytest.mark.xfail(reason='Цена стандартной доставки 4450')"]},"source":"c8e137923fdd6f77.json","parameterValues":["13480","366","'TD 013'","12450","'products/shtukaturka-gipsovaya-aksolit-m50-30-kg-mashinnogo-naneseniya'","4800","'https://sandboxtest.stroyrem-nn.ru/'","11000"]}