{"uid":"f0295237100895cb","name":"TD 020 Доставка товара весом до 2000кг. в синей зоне","fullName":"tests.delivery.test_delivery_calculation.TestDeliveryPageCalculation#test_positive_delivery_blue_zone_smoke","historyId":"c4ec1833f25483cec79cdb0ff77ddb11","time":{"start":1709428304158,"stop":1709428304552,"duration":394},"status":"broken","statusMessage":"selenium.common.exceptions.NoSuchElementException: Message: no such element: Unable to locate element: {\"method\":\"xpath\",\"selector\":\"(//a[@class='add-to-cart yellow-btn'])[1]\"}\n  (Session info: chrome-headless-shell=122.0.6261.94); For documentation on this error, please visit: https://www.selenium.dev/documentation/webdriver/troubleshooting/errors#no-such-element-exception\nStacktrace:\n#0 0x557c40170e93 <unknown>\n#1 0x557c3fe68ce6 <unknown>\n#2 0x557c3feb3e48 <unknown>\n#3 0x557c3feb3f01 <unknown>\n#4 0x557c3fef73f4 <unknown>\n#5 0x557c3fed5edd <unknown>\n#6 0x557c3fef4899 <unknown>\n#7 0x557c3fed5c53 <unknown>\n#8 0x557c3fea6db3 <unknown>\n#9 0x557c3fea777e <unknown>\n#10 0x557c401367cb <unknown>\n#11 0x557c4013a7e5 <unknown>\n#12 0x557c401240e1 <unknown>\n#13 0x557c4013b372 <unknown>\n#14 0x557c401081bf <unknown>\n#15 0x557c4015f488 <unknown>\n#16 0x557c4015f683 <unknown>\n#17 0x557c40170044 <unknown>\n#18 0x7efe7d560134 <unknown>","statusTrace":"self = <tests.delivery.test_delivery_calculation.TestDeliveryPageCalculation object at 0x7f416b4b33d0>\ndriver = <selenium.webdriver.chrome.webdriver.WebDriver (session=\"ee485d9a70df00ec80af698ffdc3cd8c\")>\nurl = 'https://sandboxtest.stroyrem-nn.ru/', case_id = 'TD 020'\nlink_item = 'products/shtukaturka-gipsovaya-aksolit-m50-30-kg-mashinnogo-naneseniya'\namount = 66, weight = 2000, standard = 1500, in_time = 2990, all_time = 3650\n\n    @pytest.mark.parametrize('case_id, link_item, amount, weight, standard, in_time, all_time', [\n        (\"TD 015\", bundeks_25, 1, 30, 650, 2390, 3320),\n        pytest.param(\n            \"TD 016\", aksolit_30, 8, 300, 650, 2390, 3320,\n            marks=pytest.mark.xfail(reson=\"Цена доставки: - - -\")\n        ),\n        (\"TD 017\", aksolit_30, 13, 400, 650, 2390, 3320),\n        (\"TD 018\", aksolit_30, 16, 500, 850, 2490, 3320),\n        (\"TD 019\", aksolit_30, 25, 1700, 1150, 2490, 3320),\n        (\"TD 020\", aksolit_30, 66, 2000, 1500, 2990, 3650),\n        (\"TD 021\", aksolit_30, 149, 4500, 2600, 4380, 4890),\n        (\"TD 022\", aksolit_30, 166, 5000, 2800, 5490, 5980),\n        pytest.param(\n            \"TD 023\", aksolit_30, 206, 6200, 3300, 7500, 8000,\n            marks=pytest.mark.xfail(reson=\"Цена доставки: 4300 9900 11440\")\n        ),\n        (\"TD 024\", aksolit_30, 299, 9000, 4300, 9900, 11440),\n        (\"TD 025\", aksolit_30, 333, 10000, 7000, 13900, 15900),\n        pytest.param(\n            \"TD 026\", aksolit_30, 366, 11000, 8000, 14900, 19900,\n            marks=pytest.mark.xfail(reson=\"Цена доставки: 7000 13900 15900\")\n        ),\n        pytest.param(\n            \"TD 027\", aksolit_30, 666, 20000, 14000, 16900, 23900,\n            marks=pytest.mark.xfail(reson=\"Цена доставки: 7000 13900 15900\")\n        )\n    ])\n    @pytest.mark.smoke\n    def test_positive_delivery_blue_zone_smoke(\n            self, driver, url, case_id, link_item, amount, weight, standard, in_time, all_time\n    ):\n        allure.dynamic.title(f\"{case_id} Доставка товара весом до {weight}кг. в синей зоне\")\n    \n        driver.get(f'{url}{link_item}')\n        item_page = ItemPage(driver)\n>       item_page.add_item_to_cart(amount).click_on_cart()\n\ntests/delivery/test_delivery_calculation.py:130: \n_ _ _ _ _ _ _ _ _ _ _ _ _ _ _ _ _ _ _ _ _ _ _ _ _ _ _ _ _ _ _ _ _ _ _ _ _ _ _ _ \npages/item_page.py:40: in add_item_to_cart\n    self.find_element(self._add_item).click()\nbase/seleniumbase.py:17: in find_element\n    return self.driver.find_element(*locator)\n/usr/local/lib/python3.11/site-packages/selenium/webdriver/remote/webdriver.py:740: in find_element\n    return self.execute(Command.FIND_ELEMENT, {\"using\": by, \"value\": value})[\"value\"]\n/usr/local/lib/python3.11/site-packages/selenium/webdriver/remote/webdriver.py:346: in execute\n    self.error_handler.check_response(response)\n_ _ _ _ _ _ _ _ _ _ _ _ _ _ _ _ _ _ _ _ _ _ _ _ _ _ _ _ _ _ _ _ _ _ _ _ _ _ _ _ \n\nself = <selenium.webdriver.remote.errorhandler.ErrorHandler object at 0x7f416b0d0e50>\nresponse = {'status': 404, 'value': '{\"value\":{\"error\":\"no such element\",\"message\":\"no such element: Unable to locate element: {\\...\\\\n#16 0x557c4015f683 \\\\u003Cunknown>\\\\n#17 0x557c40170044 \\\\u003Cunknown>\\\\n#18 0x7efe7d560134 \\\\u003Cunknown>\\\\n\"}}'}\n\n    def check_response(self, response: Dict[str, Any]) -> None:\n        \"\"\"Checks that a JSON response from the WebDriver does not have an\n        error.\n    \n        :Args:\n         - response - The JSON response from the WebDriver server as a dictionary\n           object.\n    \n        :Raises: If the response contains an error message.\n        \"\"\"\n        status = response.get(\"status\", None)\n        if not status or status == ErrorCode.SUCCESS:\n            return\n        value = None\n        message = response.get(\"message\", \"\")\n        screen: str = response.get(\"screen\", \"\")\n        stacktrace = None\n        if isinstance(status, int):\n            value_json = response.get(\"value\", None)\n            if value_json and isinstance(value_json, str):\n                import json\n    \n                try:\n                    value = json.loads(value_json)\n                    if len(value) == 1:\n                        value = value[\"value\"]\n                    status = value.get(\"error\", None)\n                    if not status:\n                        status = value.get(\"status\", ErrorCode.UNKNOWN_ERROR)\n                        message = value.get(\"value\") or value.get(\"message\")\n                        if not isinstance(message, str):\n                            value = message\n                            message = message.get(\"message\")\n                    else:\n                        message = value.get(\"message\", None)\n                except ValueError:\n                    pass\n    \n        exception_class: Type[WebDriverException]\n        if status in ErrorCode.NO_SUCH_ELEMENT:\n            exception_class = NoSuchElementException\n        elif status in ErrorCode.NO_SUCH_FRAME:\n            exception_class = NoSuchFrameException\n        elif status in ErrorCode.NO_SUCH_SHADOW_ROOT:\n            exception_class = NoSuchShadowRootException\n        elif status in ErrorCode.NO_SUCH_WINDOW:\n            exception_class = NoSuchWindowException\n        elif status in ErrorCode.STALE_ELEMENT_REFERENCE:\n            exception_class = StaleElementReferenceException\n        elif status in ErrorCode.ELEMENT_NOT_VISIBLE:\n            exception_class = ElementNotVisibleException\n        elif status in ErrorCode.INVALID_ELEMENT_STATE:\n            exception_class = InvalidElementStateException\n        elif (\n            status in ErrorCode.INVALID_SELECTOR\n            or status in ErrorCode.INVALID_XPATH_SELECTOR\n            or status in ErrorCode.INVALID_XPATH_SELECTOR_RETURN_TYPER\n        ):\n            exception_class = InvalidSelectorException\n        elif status in ErrorCode.ELEMENT_IS_NOT_SELECTABLE:\n            exception_class = ElementNotSelectableException\n        elif status in ErrorCode.ELEMENT_NOT_INTERACTABLE:\n            exception_class = ElementNotInteractableException\n        elif status in ErrorCode.INVALID_COOKIE_DOMAIN:\n            exception_class = InvalidCookieDomainException\n        elif status in ErrorCode.UNABLE_TO_SET_COOKIE:\n            exception_class = UnableToSetCookieException\n        elif status in ErrorCode.TIMEOUT:\n            exception_class = TimeoutException\n        elif status in ErrorCode.SCRIPT_TIMEOUT:\n            exception_class = TimeoutException\n        elif status in ErrorCode.UNKNOWN_ERROR:\n            exception_class = WebDriverException\n        elif status in ErrorCode.UNEXPECTED_ALERT_OPEN:\n            exception_class = UnexpectedAlertPresentException\n        elif status in ErrorCode.NO_ALERT_OPEN:\n            exception_class = NoAlertPresentException\n        elif status in ErrorCode.IME_NOT_AVAILABLE:\n            exception_class = ImeNotAvailableException\n        elif status in ErrorCode.IME_ENGINE_ACTIVATION_FAILED:\n            exception_class = ImeActivationFailedException\n        elif status in ErrorCode.MOVE_TARGET_OUT_OF_BOUNDS:\n            exception_class = MoveTargetOutOfBoundsException\n        elif status in ErrorCode.JAVASCRIPT_ERROR:\n            exception_class = JavascriptException\n        elif status in ErrorCode.SESSION_NOT_CREATED:\n            exception_class = SessionNotCreatedException\n        elif status in ErrorCode.INVALID_ARGUMENT:\n            exception_class = InvalidArgumentException\n        elif status in ErrorCode.NO_SUCH_COOKIE:\n            exception_class = NoSuchCookieException\n        elif status in ErrorCode.UNABLE_TO_CAPTURE_SCREEN:\n            exception_class = ScreenshotException\n        elif status in ErrorCode.ELEMENT_CLICK_INTERCEPTED:\n            exception_class = ElementClickInterceptedException\n        elif status in ErrorCode.INSECURE_CERTIFICATE:\n            exception_class = InsecureCertificateException\n        elif status in ErrorCode.INVALID_COORDINATES:\n            exception_class = InvalidCoordinatesException\n        elif status in ErrorCode.INVALID_SESSION_ID:\n            exception_class = InvalidSessionIdException\n        elif status in ErrorCode.UNKNOWN_METHOD:\n            exception_class = UnknownMethodException\n        else:\n            exception_class = WebDriverException\n        if not value:\n            value = response[\"value\"]\n        if isinstance(value, str):\n            raise exception_class(value)\n        if message == \"\" and \"message\" in value:\n            message = value[\"message\"]\n    \n        screen = None  # type: ignore[assignment]\n        if \"screen\" in value:\n            screen = value[\"screen\"]\n    \n        stacktrace = None\n        st_value = value.get(\"stackTrace\") or value.get(\"stacktrace\")\n        if st_value:\n            if isinstance(st_value, str):\n                stacktrace = st_value.split(\"\\n\")\n            else:\n                stacktrace = []\n                try:\n                    for frame in st_value:\n                        line = frame.get(\"lineNumber\", \"\")\n                        file = frame.get(\"fileName\", \"<anonymous>\")\n                        if line:\n                            file = f\"{file}:{line}\"\n                        meth = frame.get(\"methodName\", \"<anonymous>\")\n                        if \"className\" in frame:\n                            meth = f\"{frame['className']}.{meth}\"\n                        msg = \"    at %s (%s)\"\n                        msg = msg % (meth, file)\n                        stacktrace.append(msg)\n                except TypeError:\n                    pass\n        if exception_class == UnexpectedAlertPresentException:\n            alert_text = None\n            if \"data\" in value:\n                alert_text = value[\"data\"].get(\"text\")\n            elif \"alert\" in value:\n                alert_text = value[\"alert\"].get(\"text\")\n            raise exception_class(message, screen, stacktrace, alert_text)  # type: ignore[call-arg]  # mypy is not smart enough here\n>       raise exception_class(message, screen, stacktrace)\nE       selenium.common.exceptions.NoSuchElementException: Message: no such element: Unable to locate element: {\"method\":\"xpath\",\"selector\":\"(//a[@class='add-to-cart yellow-btn'])[1]\"}\nE         (Session info: chrome-headless-shell=122.0.6261.94); For documentation on this error, please visit: https://www.selenium.dev/documentation/webdriver/troubleshooting/errors#no-such-element-exception\nE       Stacktrace:\nE       #0 0x557c40170e93 <unknown>\nE       #1 0x557c3fe68ce6 <unknown>\nE       #2 0x557c3feb3e48 <unknown>\nE       #3 0x557c3feb3f01 <unknown>\nE       #4 0x557c3fef73f4 <unknown>\nE       #5 0x557c3fed5edd <unknown>\nE       #6 0x557c3fef4899 <unknown>\nE       #7 0x557c3fed5c53 <unknown>\nE       #8 0x557c3fea6db3 <unknown>\nE       #9 0x557c3fea777e <unknown>\nE       #10 0x557c401367cb <unknown>\nE       #11 0x557c4013a7e5 <unknown>\nE       #12 0x557c401240e1 <unknown>\nE       #13 0x557c4013b372 <unknown>\nE       #14 0x557c401081bf <unknown>\nE       #15 0x557c4015f488 <unknown>\nE       #16 0x557c4015f683 <unknown>\nE       #17 0x557c40170044 <unknown>\nE       #18 0x7efe7d560134 <unknown>\n\n/usr/local/lib/python3.11/site-packages/selenium/webdriver/remote/errorhandler.py:245: NoSuchElementException","flaky":false,"newFailed":false,"newBroken":false,"newPassed":false,"retriesCount":0,"retriesStatusChange":false,"beforeStages":[{"name":"_session_faker","time":{"start":1709427810576,"stop":1709427810643,"duration":67},"status":"passed","steps":[],"attachments":[],"parameters":[],"shouldDisplayMessage":false,"stepsCount":0,"attachmentsCount":0,"hasContent":false,"attachmentStep":false},{"name":"clear_allure_results_folder","time":{"start":1709427810643,"stop":1709427810643,"duration":0},"status":"passed","steps":[],"attachments":[],"parameters":[],"shouldDisplayMessage":false,"stepsCount":0,"attachmentsCount":0,"hasContent":false,"attachmentStep":false},{"name":"driver","time":{"start":1709428303425,"stop":1709428304157,"duration":732},"status":"passed","steps":[],"attachments":[],"parameters":[],"shouldDisplayMessage":false,"stepsCount":0,"attachmentsCount":0,"hasContent":false,"attachmentStep":false},{"name":"setup","time":{"start":1709428304157,"stop":1709428304157,"duration":0},"status":"passed","steps":[],"attachments":[],"parameters":[],"shouldDisplayMessage":false,"stepsCount":0,"attachmentsCount":0,"hasContent":false,"attachmentStep":false}],"testStage":{"status":"broken","statusMessage":"selenium.common.exceptions.NoSuchElementException: Message: no such element: Unable to locate element: {\"method\":\"xpath\",\"selector\":\"(//a[@class='add-to-cart yellow-btn'])[1]\"}\n  (Session info: chrome-headless-shell=122.0.6261.94); For documentation on this error, please visit: https://www.selenium.dev/documentation/webdriver/troubleshooting/errors#no-such-element-exception\nStacktrace:\n#0 0x557c40170e93 <unknown>\n#1 0x557c3fe68ce6 <unknown>\n#2 0x557c3feb3e48 <unknown>\n#3 0x557c3feb3f01 <unknown>\n#4 0x557c3fef73f4 <unknown>\n#5 0x557c3fed5edd <unknown>\n#6 0x557c3fef4899 <unknown>\n#7 0x557c3fed5c53 <unknown>\n#8 0x557c3fea6db3 <unknown>\n#9 0x557c3fea777e <unknown>\n#10 0x557c401367cb <unknown>\n#11 0x557c4013a7e5 <unknown>\n#12 0x557c401240e1 <unknown>\n#13 0x557c4013b372 <unknown>\n#14 0x557c401081bf <unknown>\n#15 0x557c4015f488 <unknown>\n#16 0x557c4015f683 <unknown>\n#17 0x557c40170044 <unknown>\n#18 0x7efe7d560134 <unknown>","statusTrace":"self = <tests.delivery.test_delivery_calculation.TestDeliveryPageCalculation object at 0x7f416b4b33d0>\ndriver = <selenium.webdriver.chrome.webdriver.WebDriver (session=\"ee485d9a70df00ec80af698ffdc3cd8c\")>\nurl = 'https://sandboxtest.stroyrem-nn.ru/', case_id = 'TD 020'\nlink_item = 'products/shtukaturka-gipsovaya-aksolit-m50-30-kg-mashinnogo-naneseniya'\namount = 66, weight = 2000, standard = 1500, in_time = 2990, all_time = 3650\n\n    @pytest.mark.parametrize('case_id, link_item, amount, weight, standard, in_time, all_time', [\n        (\"TD 015\", bundeks_25, 1, 30, 650, 2390, 3320),\n        pytest.param(\n            \"TD 016\", aksolit_30, 8, 300, 650, 2390, 3320,\n            marks=pytest.mark.xfail(reson=\"Цена доставки: - - -\")\n        ),\n        (\"TD 017\", aksolit_30, 13, 400, 650, 2390, 3320),\n        (\"TD 018\", aksolit_30, 16, 500, 850, 2490, 3320),\n        (\"TD 019\", aksolit_30, 25, 1700, 1150, 2490, 3320),\n        (\"TD 020\", aksolit_30, 66, 2000, 1500, 2990, 3650),\n        (\"TD 021\", aksolit_30, 149, 4500, 2600, 4380, 4890),\n        (\"TD 022\", aksolit_30, 166, 5000, 2800, 5490, 5980),\n        pytest.param(\n            \"TD 023\", aksolit_30, 206, 6200, 3300, 7500, 8000,\n            marks=pytest.mark.xfail(reson=\"Цена доставки: 4300 9900 11440\")\n        ),\n        (\"TD 024\", aksolit_30, 299, 9000, 4300, 9900, 11440),\n        (\"TD 025\", aksolit_30, 333, 10000, 7000, 13900, 15900),\n        pytest.param(\n            \"TD 026\", aksolit_30, 366, 11000, 8000, 14900, 19900,\n            marks=pytest.mark.xfail(reson=\"Цена доставки: 7000 13900 15900\")\n        ),\n        pytest.param(\n            \"TD 027\", aksolit_30, 666, 20000, 14000, 16900, 23900,\n            marks=pytest.mark.xfail(reson=\"Цена доставки: 7000 13900 15900\")\n        )\n    ])\n    @pytest.mark.smoke\n    def test_positive_delivery_blue_zone_smoke(\n            self, driver, url, case_id, link_item, amount, weight, standard, in_time, all_time\n    ):\n        allure.dynamic.title(f\"{case_id} Доставка товара весом до {weight}кг. в синей зоне\")\n    \n        driver.get(f'{url}{link_item}')\n        item_page = ItemPage(driver)\n>       item_page.add_item_to_cart(amount).click_on_cart()\n\ntests/delivery/test_delivery_calculation.py:130: \n_ _ _ _ _ _ _ _ _ _ _ _ _ _ _ _ _ _ _ _ _ _ _ _ _ _ _ _ _ _ _ _ _ _ _ _ _ _ _ _ \npages/item_page.py:40: in add_item_to_cart\n    self.find_element(self._add_item).click()\nbase/seleniumbase.py:17: in find_element\n    return self.driver.find_element(*locator)\n/usr/local/lib/python3.11/site-packages/selenium/webdriver/remote/webdriver.py:740: in find_element\n    return self.execute(Command.FIND_ELEMENT, {\"using\": by, \"value\": value})[\"value\"]\n/usr/local/lib/python3.11/site-packages/selenium/webdriver/remote/webdriver.py:346: in execute\n    self.error_handler.check_response(response)\n_ _ _ _ _ _ _ _ _ _ _ _ _ _ _ _ _ _ _ _ _ _ _ _ _ _ _ _ _ _ _ _ _ _ _ _ _ _ _ _ \n\nself = <selenium.webdriver.remote.errorhandler.ErrorHandler object at 0x7f416b0d0e50>\nresponse = {'status': 404, 'value': '{\"value\":{\"error\":\"no such element\",\"message\":\"no such element: Unable to locate element: {\\...\\\\n#16 0x557c4015f683 \\\\u003Cunknown>\\\\n#17 0x557c40170044 \\\\u003Cunknown>\\\\n#18 0x7efe7d560134 \\\\u003Cunknown>\\\\n\"}}'}\n\n    def check_response(self, response: Dict[str, Any]) -> None:\n        \"\"\"Checks that a JSON response from the WebDriver does not have an\n        error.\n    \n        :Args:\n         - response - The JSON response from the WebDriver server as a dictionary\n           object.\n    \n        :Raises: If the response contains an error message.\n        \"\"\"\n        status = response.get(\"status\", None)\n        if not status or status == ErrorCode.SUCCESS:\n            return\n        value = None\n        message = response.get(\"message\", \"\")\n        screen: str = response.get(\"screen\", \"\")\n        stacktrace = None\n        if isinstance(status, int):\n            value_json = response.get(\"value\", None)\n            if value_json and isinstance(value_json, str):\n                import json\n    \n                try:\n                    value = json.loads(value_json)\n                    if len(value) == 1:\n                        value = value[\"value\"]\n                    status = value.get(\"error\", None)\n                    if not status:\n                        status = value.get(\"status\", ErrorCode.UNKNOWN_ERROR)\n                        message = value.get(\"value\") or value.get(\"message\")\n                        if not isinstance(message, str):\n                            value = message\n                            message = message.get(\"message\")\n                    else:\n                        message = value.get(\"message\", None)\n                except ValueError:\n                    pass\n    \n        exception_class: Type[WebDriverException]\n        if status in ErrorCode.NO_SUCH_ELEMENT:\n            exception_class = NoSuchElementException\n        elif status in ErrorCode.NO_SUCH_FRAME:\n            exception_class = NoSuchFrameException\n        elif status in ErrorCode.NO_SUCH_SHADOW_ROOT:\n            exception_class = NoSuchShadowRootException\n        elif status in ErrorCode.NO_SUCH_WINDOW:\n            exception_class = NoSuchWindowException\n        elif status in ErrorCode.STALE_ELEMENT_REFERENCE:\n            exception_class = StaleElementReferenceException\n        elif status in ErrorCode.ELEMENT_NOT_VISIBLE:\n            exception_class = ElementNotVisibleException\n        elif status in ErrorCode.INVALID_ELEMENT_STATE:\n            exception_class = InvalidElementStateException\n        elif (\n            status in ErrorCode.INVALID_SELECTOR\n            or status in ErrorCode.INVALID_XPATH_SELECTOR\n            or status in ErrorCode.INVALID_XPATH_SELECTOR_RETURN_TYPER\n        ):\n            exception_class = InvalidSelectorException\n        elif status in ErrorCode.ELEMENT_IS_NOT_SELECTABLE:\n            exception_class = ElementNotSelectableException\n        elif status in ErrorCode.ELEMENT_NOT_INTERACTABLE:\n            exception_class = ElementNotInteractableException\n        elif status in ErrorCode.INVALID_COOKIE_DOMAIN:\n            exception_class = InvalidCookieDomainException\n        elif status in ErrorCode.UNABLE_TO_SET_COOKIE:\n            exception_class = UnableToSetCookieException\n        elif status in ErrorCode.TIMEOUT:\n            exception_class = TimeoutException\n        elif status in ErrorCode.SCRIPT_TIMEOUT:\n            exception_class = TimeoutException\n        elif status in ErrorCode.UNKNOWN_ERROR:\n            exception_class = WebDriverException\n        elif status in ErrorCode.UNEXPECTED_ALERT_OPEN:\n            exception_class = UnexpectedAlertPresentException\n        elif status in ErrorCode.NO_ALERT_OPEN:\n            exception_class = NoAlertPresentException\n        elif status in ErrorCode.IME_NOT_AVAILABLE:\n            exception_class = ImeNotAvailableException\n        elif status in ErrorCode.IME_ENGINE_ACTIVATION_FAILED:\n            exception_class = ImeActivationFailedException\n        elif status in ErrorCode.MOVE_TARGET_OUT_OF_BOUNDS:\n            exception_class = MoveTargetOutOfBoundsException\n        elif status in ErrorCode.JAVASCRIPT_ERROR:\n            exception_class = JavascriptException\n        elif status in ErrorCode.SESSION_NOT_CREATED:\n            exception_class = SessionNotCreatedException\n        elif status in ErrorCode.INVALID_ARGUMENT:\n            exception_class = InvalidArgumentException\n        elif status in ErrorCode.NO_SUCH_COOKIE:\n            exception_class = NoSuchCookieException\n        elif status in ErrorCode.UNABLE_TO_CAPTURE_SCREEN:\n            exception_class = ScreenshotException\n        elif status in ErrorCode.ELEMENT_CLICK_INTERCEPTED:\n            exception_class = ElementClickInterceptedException\n        elif status in ErrorCode.INSECURE_CERTIFICATE:\n            exception_class = InsecureCertificateException\n        elif status in ErrorCode.INVALID_COORDINATES:\n            exception_class = InvalidCoordinatesException\n        elif status in ErrorCode.INVALID_SESSION_ID:\n            exception_class = InvalidSessionIdException\n        elif status in ErrorCode.UNKNOWN_METHOD:\n            exception_class = UnknownMethodException\n        else:\n            exception_class = WebDriverException\n        if not value:\n            value = response[\"value\"]\n        if isinstance(value, str):\n            raise exception_class(value)\n        if message == \"\" and \"message\" in value:\n            message = value[\"message\"]\n    \n        screen = None  # type: ignore[assignment]\n        if \"screen\" in value:\n            screen = value[\"screen\"]\n    \n        stacktrace = None\n        st_value = value.get(\"stackTrace\") or value.get(\"stacktrace\")\n        if st_value:\n            if isinstance(st_value, str):\n                stacktrace = st_value.split(\"\\n\")\n            else:\n                stacktrace = []\n                try:\n                    for frame in st_value:\n                        line = frame.get(\"lineNumber\", \"\")\n                        file = frame.get(\"fileName\", \"<anonymous>\")\n                        if line:\n                            file = f\"{file}:{line}\"\n                        meth = frame.get(\"methodName\", \"<anonymous>\")\n                        if \"className\" in frame:\n                            meth = f\"{frame['className']}.{meth}\"\n                        msg = \"    at %s (%s)\"\n                        msg = msg % (meth, file)\n                        stacktrace.append(msg)\n                except TypeError:\n                    pass\n        if exception_class == UnexpectedAlertPresentException:\n            alert_text = None\n            if \"data\" in value:\n                alert_text = value[\"data\"].get(\"text\")\n            elif \"alert\" in value:\n                alert_text = value[\"alert\"].get(\"text\")\n            raise exception_class(message, screen, stacktrace, alert_text)  # type: ignore[call-arg]  # mypy is not smart enough here\n>       raise exception_class(message, screen, stacktrace)\nE       selenium.common.exceptions.NoSuchElementException: Message: no such element: Unable to locate element: {\"method\":\"xpath\",\"selector\":\"(//a[@class='add-to-cart yellow-btn'])[1]\"}\nE         (Session info: chrome-headless-shell=122.0.6261.94); For documentation on this error, please visit: https://www.selenium.dev/documentation/webdriver/troubleshooting/errors#no-such-element-exception\nE       Stacktrace:\nE       #0 0x557c40170e93 <unknown>\nE       #1 0x557c3fe68ce6 <unknown>\nE       #2 0x557c3feb3e48 <unknown>\nE       #3 0x557c3feb3f01 <unknown>\nE       #4 0x557c3fef73f4 <unknown>\nE       #5 0x557c3fed5edd <unknown>\nE       #6 0x557c3fef4899 <unknown>\nE       #7 0x557c3fed5c53 <unknown>\nE       #8 0x557c3fea6db3 <unknown>\nE       #9 0x557c3fea777e <unknown>\nE       #10 0x557c401367cb <unknown>\nE       #11 0x557c4013a7e5 <unknown>\nE       #12 0x557c401240e1 <unknown>\nE       #13 0x557c4013b372 <unknown>\nE       #14 0x557c401081bf <unknown>\nE       #15 0x557c4015f488 <unknown>\nE       #16 0x557c4015f683 <unknown>\nE       #17 0x557c40170044 <unknown>\nE       #18 0x7efe7d560134 <unknown>\n\n/usr/local/lib/python3.11/site-packages/selenium/webdriver/remote/errorhandler.py:245: NoSuchElementException","steps":[{"name":"Добавляем товар в корзину в количестве 66","time":{"start":1709428304540,"stop":1709428304551,"duration":11},"status":"broken","statusMessage":"selenium.common.exceptions.NoSuchElementException: Message: no such element: Unable to locate element: {\"method\":\"xpath\",\"selector\":\"(//a[@class='add-to-cart yellow-btn'])[1]\"}\n  (Session info: chrome-headless-shell=122.0.6261.94); For documentation on this error, please visit: https://www.selenium.dev/documentation/webdriver/troubleshooting/errors#no-such-element-exception\nStacktrace:\n#0 0x557c40170e93 <unknown>\n#1 0x557c3fe68ce6 <unknown>\n#2 0x557c3feb3e48 <unknown>\n#3 0x557c3feb3f01 <unknown>\n#4 0x557c3fef73f4 <unknown>\n#5 0x557c3fed5edd <unknown>\n#6 0x557c3fef4899 <unknown>\n#7 0x557c3fed5c53 <unknown>\n#8 0x557c3fea6db3 <unknown>\n#9 0x557c3fea777e <unknown>\n#10 0x557c401367cb <unknown>\n#11 0x557c4013a7e5 <unknown>\n#12 0x557c401240e1 <unknown>\n#13 0x557c4013b372 <unknown>\n#14 0x557c401081bf <unknown>\n#15 0x557c4015f488 <unknown>\n#16 0x557c4015f683 <unknown>\n#17 0x557c40170044 <unknown>\n#18 0x7efe7d560134 <unknown>\n\n","statusTrace":"  File \"/usr/local/lib/python3.11/site-packages/allure_commons/_allure.py\", line 192, in impl\n    return func(*a, **kw)\n           ^^^^^^^^^^^^^^\n  File \"/app/pages/item_page.py\", line 40, in add_item_to_cart\n    self.find_element(self._add_item).click()\n    ^^^^^^^^^^^^^^^^^^^^^^^^^^^^^^^^^\n  File \"/app/base/seleniumbase.py\", line 17, in find_element\n    return self.driver.find_element(*locator)\n           ^^^^^^^^^^^^^^^^^^^^^^^^^^^^^^^^^^\n  File \"/usr/local/lib/python3.11/site-packages/selenium/webdriver/remote/webdriver.py\", line 740, in find_element\n    return self.execute(Command.FIND_ELEMENT, {\"using\": by, \"value\": value})[\"value\"]\n           ^^^^^^^^^^^^^^^^^^^^^^^^^^^^^^^^^^^^^^^^^^^^^^^^^^^^^^^^^^^^^^^^^\n  File \"/usr/local/lib/python3.11/site-packages/selenium/webdriver/remote/webdriver.py\", line 346, in execute\n    self.error_handler.check_response(response)\n  File \"/usr/local/lib/python3.11/site-packages/selenium/webdriver/remote/errorhandler.py\", line 245, in check_response\n    raise exception_class(message, screen, stacktrace)\n","steps":[],"attachments":[],"parameters":[{"name":"amount","value":"66"}],"shouldDisplayMessage":true,"stepsCount":0,"attachmentsCount":0,"hasContent":true,"attachmentStep":false}],"attachments":[{"uid":"7a2a226cf89fe558","name":"Screenshot","source":"7a2a226cf89fe558.png","type":"image/png","size":5862},{"uid":"c031ecb72aa4ebda","name":"HTML source","source":"c031ecb72aa4ebda.html","type":"text/html","size":39}],"parameters":[],"shouldDisplayMessage":true,"stepsCount":1,"attachmentsCount":2,"hasContent":true,"attachmentStep":false},"afterStages":[{"name":"driver::0","time":{"start":1709428304655,"stop":1709428304712,"duration":57},"status":"passed","steps":[],"attachments":[],"parameters":[],"shouldDisplayMessage":false,"stepsCount":0,"attachmentsCount":0,"hasContent":false,"attachmentStep":false},{"name":"setup::0","time":{"start":1709428304655,"stop":1709428304655,"duration":0},"status":"passed","steps":[],"attachments":[],"parameters":[],"shouldDisplayMessage":false,"stepsCount":0,"attachmentsCount":0,"hasContent":false,"attachmentStep":false}],"labels":[{"name":"epic","value":"Delivery Page - calculation"},{"name":"tag","value":"smoke"},{"name":"parentSuite","value":"tests.delivery"},{"name":"suite","value":"test_delivery_calculation"},{"name":"subSuite","value":"TestDeliveryPageCalculation"},{"name":"host","value":"4bbb97b431bb"},{"name":"thread","value":"1-MainThread"},{"name":"framework","value":"pytest"},{"name":"language","value":"cpython3"},{"name":"package","value":"tests.delivery.test_delivery_calculation"},{"name":"resultFormat","value":"allure2"}],"parameters":[{"name":"all_time","value":"3650"},{"name":"amount","value":"66"},{"name":"case_id","value":"'TD 020'"},{"name":"in_time","value":"2990"},{"name":"link_item","value":"'products/shtukaturka-gipsovaya-aksolit-m50-30-kg-mashinnogo-naneseniya'"},{"name":"standard","value":"1500"},{"name":"url","value":"'https://sandboxtest.stroyrem-nn.ru/'"},{"name":"weight","value":"2000"}],"links":[],"hidden":false,"retry":false,"extra":{"severity":"normal","retries":[],"categories":[{"name":"Test defects","matchedStatuses":[],"flaky":false}],"history":{"statistic":{"failed":0,"broken":186,"skipped":0,"passed":0,"unknown":0,"total":186},"items":[{"uid":"1158c21c74347a1","reportUrl":"https://zaelcovsky.github.io/StroyremAutomation/249//#testresult/1158c21c74347a1","status":"broken","statusDetails":"selenium.common.exceptions.NoSuchElementException: Message: no such element: Unable to locate element: {\"method\":\"xpath\",\"selector\":\"(//a[@class='add-to-cart yellow-btn'])[1]\"}\n  (Session info: chrome-headless-shell=122.0.6261.94); For documentation on this error, please visit: https://www.selenium.dev/documentation/webdriver/troubleshooting/errors#no-such-element-exception\nStacktrace:\n#0 0x55d81c80be93 <unknown>\n#1 0x55d81c503ce6 <unknown>\n#2 0x55d81c54ee48 <unknown>\n#3 0x55d81c54ef01 <unknown>\n#4 0x55d81c5923f4 <unknown>\n#5 0x55d81c570edd <unknown>\n#6 0x55d81c58f899 <unknown>\n#7 0x55d81c570c53 <unknown>\n#8 0x55d81c541db3 <unknown>\n#9 0x55d81c54277e <unknown>\n#10 0x55d81c7d17cb <unknown>\n#11 0x55d81c7d57e5 <unknown>\n#12 0x55d81c7bf0e1 <unknown>\n#13 0x55d81c7d6372 <unknown>\n#14 0x55d81c7a31bf <unknown>\n#15 0x55d81c7fa488 <unknown>\n#16 0x55d81c7fa683 <unknown>\n#17 0x55d81c80b044 <unknown>\n#18 0x7f55268a7134 <unknown>","time":{"start":1709341651450,"stop":1709341652049,"duration":599}},{"uid":"3da938ca4ee836c3","reportUrl":"https://zaelcovsky.github.io/StroyremAutomation/248//#testresult/3da938ca4ee836c3","status":"broken","statusDetails":"selenium.common.exceptions.NoSuchElementException: Message: no such element: Unable to locate element: {\"method\":\"xpath\",\"selector\":\"(//a[@class='add-to-cart yellow-btn'])[1]\"}\n  (Session info: chrome-headless-shell=122.0.6261.94); For documentation on this error, please visit: https://www.selenium.dev/documentation/webdriver/troubleshooting/errors#no-such-element-exception\nStacktrace:\n#0 0x556e60e46e93 <unknown>\n#1 0x556e60b3ece6 <unknown>\n#2 0x556e60b89e48 <unknown>\n#3 0x556e60b89f01 <unknown>\n#4 0x556e60bcd3f4 <unknown>\n#5 0x556e60babedd <unknown>\n#6 0x556e60bca899 <unknown>\n#7 0x556e60babc53 <unknown>\n#8 0x556e60b7cdb3 <unknown>\n#9 0x556e60b7d77e <unknown>\n#10 0x556e60e0c7cb <unknown>\n#11 0x556e60e107e5 <unknown>\n#12 0x556e60dfa0e1 <unknown>\n#13 0x556e60e11372 <unknown>\n#14 0x556e60dde1bf <unknown>\n#15 0x556e60e35488 <unknown>\n#16 0x556e60e35683 <unknown>\n#17 0x556e60e46044 <unknown>\n#18 0x7f0d31b82134 <unknown>","time":{"start":1709255577607,"stop":1709255578034,"duration":427}},{"uid":"a4389fa90b692066","reportUrl":"https://zaelcovsky.github.io/StroyremAutomation/247//#testresult/a4389fa90b692066","status":"broken","statusDetails":"selenium.common.exceptions.NoSuchElementException: Message: no such element: Unable to locate element: {\"method\":\"xpath\",\"selector\":\"(//a[@class='add-to-cart yellow-btn'])[1]\"}\n  (Session info: chrome-headless-shell=122.0.6261.94); For documentation on this error, please visit: https://www.selenium.dev/documentation/webdriver/troubleshooting/errors#no-such-element-exception\nStacktrace:\n#0 0x557dd335fe93 <unknown>\n#1 0x557dd3057ce6 <unknown>\n#2 0x557dd30a2e48 <unknown>\n#3 0x557dd30a2f01 <unknown>\n#4 0x557dd30e63f4 <unknown>\n#5 0x557dd30c4edd <unknown>\n#6 0x557dd30e3899 <unknown>\n#7 0x557dd30c4c53 <unknown>\n#8 0x557dd3095db3 <unknown>\n#9 0x557dd309677e <unknown>\n#10 0x557dd33257cb <unknown>\n#11 0x557dd33297e5 <unknown>\n#12 0x557dd33130e1 <unknown>\n#13 0x557dd332a372 <unknown>\n#14 0x557dd32f71bf <unknown>\n#15 0x557dd334e488 <unknown>\n#16 0x557dd334e683 <unknown>\n#17 0x557dd335f044 <unknown>\n#18 0x7f94cd10f134 <unknown>","time":{"start":1709168842206,"stop":1709168842546,"duration":340}},{"uid":"95144e860ebfaf2c","reportUrl":"https://zaelcovsky.github.io/StroyremAutomation/246//#testresult/95144e860ebfaf2c","status":"broken","statusDetails":"selenium.common.exceptions.NoSuchElementException: Message: no such element: Unable to locate element: {\"method\":\"xpath\",\"selector\":\"(//a[@class='add-to-cart yellow-btn'])[1]\"}\n  (Session info: chrome-headless-shell=122.0.6261.94); For documentation on this error, please visit: https://www.selenium.dev/documentation/webdriver/troubleshooting/errors#no-such-element-exception\nStacktrace:\n#0 0x55aeb5bb7e93 <unknown>\n#1 0x55aeb58afce6 <unknown>\n#2 0x55aeb58fae48 <unknown>\n#3 0x55aeb58faf01 <unknown>\n#4 0x55aeb593e3f4 <unknown>\n#5 0x55aeb591cedd <unknown>\n#6 0x55aeb593b899 <unknown>\n#7 0x55aeb591cc53 <unknown>\n#8 0x55aeb58eddb3 <unknown>\n#9 0x55aeb58ee77e <unknown>\n#10 0x55aeb5b7d7cb <unknown>\n#11 0x55aeb5b817e5 <unknown>\n#12 0x55aeb5b6b0e1 <unknown>\n#13 0x55aeb5b82372 <unknown>\n#14 0x55aeb5b4f1bf <unknown>\n#15 0x55aeb5ba6488 <unknown>\n#16 0x55aeb5ba6683 <unknown>\n#17 0x55aeb5bb7044 <unknown>\n#18 0x7f0bbccb6134 <unknown>","time":{"start":1709082460085,"stop":1709082460416,"duration":331}},{"uid":"9290da89a6c0034a","reportUrl":"https://zaelcovsky.github.io/StroyremAutomation/245//#testresult/9290da89a6c0034a","status":"broken","statusDetails":"selenium.common.exceptions.NoSuchElementException: Message: no such element: Unable to locate element: {\"method\":\"xpath\",\"selector\":\"(//a[@class='add-to-cart yellow-btn'])[1]\"}\n  (Session info: chrome-headless-shell=122.0.6261.69); For documentation on this error, please visit: https://www.selenium.dev/documentation/webdriver/troubleshooting/errors#no-such-element-exception\nStacktrace:\n#0 0x5569d8c61793 <unknown>\n#1 0x5569d89551c6 <unknown>\n#2 0x5569d89a0358 <unknown>\n#3 0x5569d89a0411 <unknown>\n#4 0x5569d89e3934 <unknown>\n#5 0x5569d89c23fd <unknown>\n#6 0x5569d89e0dd9 <unknown>\n#7 0x5569d89c2173 <unknown>\n#8 0x5569d89932d3 <unknown>\n#9 0x5569d8993c9e <unknown>\n#10 0x5569d8c258cb <unknown>\n#11 0x5569d8c29745 <unknown>\n#12 0x5569d8c122e1 <unknown>\n#13 0x5569d8c2a2d2 <unknown>\n#14 0x5569d8bf617f <unknown>\n#15 0x5569d8c4fdc8 <unknown>\n#16 0x5569d8c4ffc3 <unknown>\n#17 0x5569d8c60944 <unknown>\n#18 0x7f0ef4bce134 <unknown>","time":{"start":1708996087464,"stop":1708996087868,"duration":404}},{"uid":"704a03ff7145a0cf","reportUrl":"https://zaelcovsky.github.io/StroyremAutomation/244//#testresult/704a03ff7145a0cf","status":"broken","statusDetails":"selenium.common.exceptions.NoSuchElementException: Message: no such element: Unable to locate element: {\"method\":\"xpath\",\"selector\":\"(//a[@class='add-to-cart yellow-btn'])[1]\"}\n  (Session info: chrome-headless-shell=122.0.6261.69); For documentation on this error, please visit: https://www.selenium.dev/documentation/webdriver/troubleshooting/errors#no-such-element-exception\nStacktrace:\n#0 0x55929f882793 <unknown>\n#1 0x55929f5761c6 <unknown>\n#2 0x55929f5c1358 <unknown>\n#3 0x55929f5c1411 <unknown>\n#4 0x55929f604934 <unknown>\n#5 0x55929f5e33fd <unknown>\n#6 0x55929f601dd9 <unknown>\n#7 0x55929f5e3173 <unknown>\n#8 0x55929f5b42d3 <unknown>\n#9 0x55929f5b4c9e <unknown>\n#10 0x55929f8468cb <unknown>\n#11 0x55929f84a745 <unknown>\n#12 0x55929f8332e1 <unknown>\n#13 0x55929f84b2d2 <unknown>\n#14 0x55929f81717f <unknown>\n#15 0x55929f870dc8 <unknown>\n#16 0x55929f870fc3 <unknown>\n#17 0x55929f881944 <unknown>\n#18 0x7f6499f6f134 <unknown>","time":{"start":1708909710237,"stop":1708909710794,"duration":557}},{"uid":"295db62c0ac38599","reportUrl":"https://zaelcovsky.github.io/StroyremAutomation/243//#testresult/295db62c0ac38599","status":"broken","statusDetails":"selenium.common.exceptions.NoSuchElementException: Message: no such element: Unable to locate element: {\"method\":\"xpath\",\"selector\":\"(//a[@class='add-to-cart yellow-btn'])[1]\"}\n  (Session info: chrome-headless-shell=122.0.6261.69); For documentation on this error, please visit: https://www.selenium.dev/documentation/webdriver/troubleshooting/errors#no-such-element-exception\nStacktrace:\n#0 0x5569be2ec793 <unknown>\n#1 0x5569bdfe01c6 <unknown>\n#2 0x5569be02b358 <unknown>\n#3 0x5569be02b411 <unknown>\n#4 0x5569be06e934 <unknown>\n#5 0x5569be04d3fd <unknown>\n#6 0x5569be06bdd9 <unknown>\n#7 0x5569be04d173 <unknown>\n#8 0x5569be01e2d3 <unknown>\n#9 0x5569be01ec9e <unknown>\n#10 0x5569be2b08cb <unknown>\n#11 0x5569be2b4745 <unknown>\n#12 0x5569be29d2e1 <unknown>\n#13 0x5569be2b52d2 <unknown>\n#14 0x5569be28117f <unknown>\n#15 0x5569be2dadc8 <unknown>\n#16 0x5569be2dafc3 <unknown>\n#17 0x5569be2eb944 <unknown>\n#18 0x7f892c482134 <unknown>","time":{"start":1708823494045,"stop":1708823494344,"duration":299}},{"uid":"536523f9b93fb98a","reportUrl":"https://zaelcovsky.github.io/StroyremAutomation/242//#testresult/536523f9b93fb98a","status":"broken","statusDetails":"selenium.common.exceptions.NoSuchElementException: Message: no such element: Unable to locate element: {\"method\":\"xpath\",\"selector\":\"(//a[@class='add-to-cart yellow-btn'])[1]\"}\n  (Session info: chrome-headless-shell=122.0.6261.69); For documentation on this error, please visit: https://www.selenium.dev/documentation/webdriver/troubleshooting/errors#no-such-element-exception\nStacktrace:\n#0 0x55dcb128b793 <unknown>\n#1 0x55dcb0f7f1c6 <unknown>\n#2 0x55dcb0fca358 <unknown>\n#3 0x55dcb0fca411 <unknown>\n#4 0x55dcb100d934 <unknown>\n#5 0x55dcb0fec3fd <unknown>\n#6 0x55dcb100add9 <unknown>\n#7 0x55dcb0fec173 <unknown>\n#8 0x55dcb0fbd2d3 <unknown>\n#9 0x55dcb0fbdc9e <unknown>\n#10 0x55dcb124f8cb <unknown>\n#11 0x55dcb1253745 <unknown>\n#12 0x55dcb123c2e1 <unknown>\n#13 0x55dcb12542d2 <unknown>\n#14 0x55dcb122017f <unknown>\n#15 0x55dcb1279dc8 <unknown>\n#16 0x55dcb1279fc3 <unknown>\n#17 0x55dcb128a944 <unknown>\n#18 0x7f280b924134 <unknown>","time":{"start":1708736794748,"stop":1708736795169,"duration":421}},{"uid":"e321b72afd2bf58c","reportUrl":"https://zaelcovsky.github.io/StroyremAutomation/241//#testresult/e321b72afd2bf58c","status":"broken","statusDetails":"selenium.common.exceptions.NoSuchElementException: Message: no such element: Unable to locate element: {\"method\":\"xpath\",\"selector\":\"(//a[@class='add-to-cart yellow-btn'])[1]\"}\n  (Session info: chrome-headless-shell=122.0.6261.69); For documentation on this error, please visit: https://www.selenium.dev/documentation/webdriver/troubleshooting/errors#no-such-element-exception\nStacktrace:\n#0 0x55b741abc793 <unknown>\n#1 0x55b7417b01c6 <unknown>\n#2 0x55b7417fb358 <unknown>\n#3 0x55b7417fb411 <unknown>\n#4 0x55b74183e934 <unknown>\n#5 0x55b74181d3fd <unknown>\n#6 0x55b74183bdd9 <unknown>\n#7 0x55b74181d173 <unknown>\n#8 0x55b7417ee2d3 <unknown>\n#9 0x55b7417eec9e <unknown>\n#10 0x55b741a808cb <unknown>\n#11 0x55b741a84745 <unknown>\n#12 0x55b741a6d2e1 <unknown>\n#13 0x55b741a852d2 <unknown>\n#14 0x55b741a5117f <unknown>\n#15 0x55b741aaadc8 <unknown>\n#16 0x55b741aaafc3 <unknown>\n#17 0x55b741abb944 <unknown>\n#18 0x7f4af1cd8134 <unknown>","time":{"start":1708650392653,"stop":1708650392951,"duration":298}},{"uid":"9cbdd9353ee1c088","reportUrl":"https://zaelcovsky.github.io/StroyremAutomation/240//#testresult/9cbdd9353ee1c088","status":"broken","statusDetails":"selenium.common.exceptions.NoSuchElementException: Message: no such element: Unable to locate element: {\"method\":\"xpath\",\"selector\":\"(//a[@class='add-to-cart yellow-btn'])[1]\"}\n  (Session info: chrome-headless-shell=122.0.6261.57); For documentation on this error, please visit: https://www.selenium.dev/documentation/webdriver/troubleshooting/errors#no-such-element-exception\nStacktrace:\n#0 0x55c0e14de7d3 <unknown>\n#1 0x55c0e11d21c6 <unknown>\n#2 0x55c0e121d358 <unknown>\n#3 0x55c0e121d411 <unknown>\n#4 0x55c0e1260934 <unknown>\n#5 0x55c0e123f3fd <unknown>\n#6 0x55c0e125ddd9 <unknown>\n#7 0x55c0e123f173 <unknown>\n#8 0x55c0e12102d3 <unknown>\n#9 0x55c0e1210c9e <unknown>\n#10 0x55c0e14a290b <unknown>\n#11 0x55c0e14a6785 <unknown>\n#12 0x55c0e148f321 <unknown>\n#13 0x55c0e14a7312 <unknown>\n#14 0x55c0e14731bf <unknown>\n#15 0x55c0e14cce08 <unknown>\n#16 0x55c0e14cd003 <unknown>\n#17 0x55c0e14dd984 <unknown>\n#18 0x7fa8179ea134 <unknown>","time":{"start":1708564029861,"stop":1708564030179,"duration":318}},{"uid":"11e37298a23abb7a","reportUrl":"https://zaelcovsky.github.io/StroyremAutomation/239//#testresult/11e37298a23abb7a","status":"broken","statusDetails":"selenium.common.exceptions.NoSuchElementException: Message: no such element: Unable to locate element: {\"method\":\"xpath\",\"selector\":\"(//a[@class='add-to-cart yellow-btn'])[1]\"}\n  (Session info: chrome-headless-shell=122.0.6261.57); For documentation on this error, please visit: https://www.selenium.dev/documentation/webdriver/troubleshooting/errors#no-such-element-exception\nStacktrace:\n#0 0x55fbf039a7d3 <unknown>\n#1 0x55fbf008e1c6 <unknown>\n#2 0x55fbf00d9358 <unknown>\n#3 0x55fbf00d9411 <unknown>\n#4 0x55fbf011c934 <unknown>\n#5 0x55fbf00fb3fd <unknown>\n#6 0x55fbf0119dd9 <unknown>\n#7 0x55fbf00fb173 <unknown>\n#8 0x55fbf00cc2d3 <unknown>\n#9 0x55fbf00ccc9e <unknown>\n#10 0x55fbf035e90b <unknown>\n#11 0x55fbf0362785 <unknown>\n#12 0x55fbf034b321 <unknown>\n#13 0x55fbf0363312 <unknown>\n#14 0x55fbf032f1bf <unknown>\n#15 0x55fbf0388e08 <unknown>\n#16 0x55fbf0389003 <unknown>\n#17 0x55fbf0399984 <unknown>\n#18 0x7f8aa08d1134 <unknown>","time":{"start":1708477687596,"stop":1708477688006,"duration":410}},{"uid":"589ed32dffcddfa8","reportUrl":"https://zaelcovsky.github.io/StroyremAutomation/238//#testresult/589ed32dffcddfa8","status":"broken","statusDetails":"selenium.common.exceptions.NoSuchElementException: Message: no such element: Unable to locate element: {\"method\":\"xpath\",\"selector\":\"(//a[@class='add-to-cart yellow-btn'])[1]\"}\n  (Session info: chrome-headless-shell=121.0.6167.184); For documentation on this error, please visit: https://www.selenium.dev/documentation/webdriver/troubleshooting/errors#no-such-element-exception\nStacktrace:\n#0 0x55593434f303 <unknown>\n#1 0x5559340342b7 <unknown>\n#2 0x55593407fcc0 <unknown>\n#3 0x55593407fdb1 <unknown>\n#4 0x5559340c3b44 <unknown>\n#5 0x5559340a23ad <unknown>\n#6 0x5559340c107c <unknown>\n#7 0x5559340a2123 <unknown>\n#8 0x555934072095 <unknown>\n#9 0x55593407309e <unknown>\n#10 0x5559343136ab <unknown>\n#11 0x5559343174ba <unknown>\n#12 0x5559342fff85 <unknown>\n#13 0x55593431812f <unknown>\n#14 0x5559342e3e6f <unknown>\n#15 0x55593433c5f8 <unknown>\n#16 0x55593433c7c2 <unknown>\n#17 0x55593434e4a4 <unknown>\n#18 0x7fd54529b134 <unknown>","time":{"start":1708391221758,"stop":1708391222105,"duration":347}},{"uid":"fdff46d107529cb6","reportUrl":"https://zaelcovsky.github.io/StroyremAutomation/237//#testresult/fdff46d107529cb6","status":"broken","statusDetails":"selenium.common.exceptions.NoSuchElementException: Message: no such element: Unable to locate element: {\"method\":\"xpath\",\"selector\":\"(//a[@class='add-to-cart yellow-btn'])[1]\"}\n  (Session info: chrome-headless-shell=121.0.6167.184); For documentation on this error, please visit: https://www.selenium.dev/documentation/webdriver/troubleshooting/errors#no-such-element-exception\nStacktrace:\n#0 0x55e0f4e93303 <unknown>\n#1 0x55e0f4b782b7 <unknown>\n#2 0x55e0f4bc3cc0 <unknown>\n#3 0x55e0f4bc3db1 <unknown>\n#4 0x55e0f4c07b44 <unknown>\n#5 0x55e0f4be63ad <unknown>\n#6 0x55e0f4c0507c <unknown>\n#7 0x55e0f4be6123 <unknown>\n#8 0x55e0f4bb6095 <unknown>\n#9 0x55e0f4bb709e <unknown>\n#10 0x55e0f4e576ab <unknown>\n#11 0x55e0f4e5b4ba <unknown>\n#12 0x55e0f4e43f85 <unknown>\n#13 0x55e0f4e5c12f <unknown>\n#14 0x55e0f4e27e6f <unknown>\n#15 0x55e0f4e805f8 <unknown>\n#16 0x55e0f4e807c2 <unknown>\n#17 0x55e0f4e924a4 <unknown>\n#18 0x7f9b7bb8a134 <unknown>","time":{"start":1708305030647,"stop":1708305031271,"duration":624}},{"uid":"ffaf696f56772991","reportUrl":"https://zaelcovsky.github.io/StroyremAutomation/236//#testresult/ffaf696f56772991","status":"broken","statusDetails":"selenium.common.exceptions.NoSuchElementException: Message: no such element: Unable to locate element: {\"method\":\"xpath\",\"selector\":\"(//a[@class='add-to-cart yellow-btn'])[1]\"}\n  (Session info: chrome-headless-shell=121.0.6167.184); For documentation on this error, please visit: https://www.selenium.dev/documentation/webdriver/troubleshooting/errors#no-such-element-exception\nStacktrace:\n#0 0x55741b1b7303 <unknown>\n#1 0x55741ae9c2b7 <unknown>\n#2 0x55741aee7cc0 <unknown>\n#3 0x55741aee7db1 <unknown>\n#4 0x55741af2bb44 <unknown>\n#5 0x55741af0a3ad <unknown>\n#6 0x55741af2907c <unknown>\n#7 0x55741af0a123 <unknown>\n#8 0x55741aeda095 <unknown>\n#9 0x55741aedb09e <unknown>\n#10 0x55741b17b6ab <unknown>\n#11 0x55741b17f4ba <unknown>\n#12 0x55741b167f85 <unknown>\n#13 0x55741b18012f <unknown>\n#14 0x55741b14be6f <unknown>\n#15 0x55741b1a45f8 <unknown>\n#16 0x55741b1a47c2 <unknown>\n#17 0x55741b1b64a4 <unknown>\n#18 0x7fabe19ee134 <unknown>","time":{"start":1708218716361,"stop":1708218716685,"duration":324}},{"uid":"eebf717924b27a15","reportUrl":"https://zaelcovsky.github.io/StroyremAutomation/235//#testresult/eebf717924b27a15","status":"broken","statusDetails":"selenium.common.exceptions.NoSuchElementException: Message: no such element: Unable to locate element: {\"method\":\"xpath\",\"selector\":\"(//a[@class='add-to-cart yellow-btn'])[1]\"}\n  (Session info: chrome-headless-shell=121.0.6167.184); For documentation on this error, please visit: https://www.selenium.dev/documentation/webdriver/troubleshooting/errors#no-such-element-exception\nStacktrace:\n#0 0x564fb6bea303 <unknown>\n#1 0x564fb68cf2b7 <unknown>\n#2 0x564fb691acc0 <unknown>\n#3 0x564fb691adb1 <unknown>\n#4 0x564fb695eb44 <unknown>\n#5 0x564fb693d3ad <unknown>\n#6 0x564fb695c07c <unknown>\n#7 0x564fb693d123 <unknown>\n#8 0x564fb690d095 <unknown>\n#9 0x564fb690e09e <unknown>\n#10 0x564fb6bae6ab <unknown>\n#11 0x564fb6bb24ba <unknown>\n#12 0x564fb6b9af85 <unknown>\n#13 0x564fb6bb312f <unknown>\n#14 0x564fb6b7ee6f <unknown>\n#15 0x564fb6bd75f8 <unknown>\n#16 0x564fb6bd77c2 <unknown>\n#17 0x564fb6be94a4 <unknown>\n#18 0x7f5afa0c1134 <unknown>","time":{"start":1708132012414,"stop":1708132012729,"duration":315}},{"uid":"7f6aa63ea8fb6139","reportUrl":"https://zaelcovsky.github.io/StroyremAutomation/234//#testresult/7f6aa63ea8fb6139","status":"broken","statusDetails":"selenium.common.exceptions.NoSuchElementException: Message: no such element: Unable to locate element: {\"method\":\"xpath\",\"selector\":\"(//a[@class='add-to-cart yellow-btn'])[1]\"}\n  (Session info: chrome-headless-shell=121.0.6167.85); For documentation on this error, please visit: https://www.selenium.dev/documentation/webdriver/troubleshooting/errors#no-such-element-exception\nStacktrace:\n#0 0x563f7f364d93 <unknown>\n#1 0x563f7f048337 <unknown>\n#2 0x563f7f093d60 <unknown>\n#3 0x563f7f093e51 <unknown>\n#4 0x563f7f0d7bc4 <unknown>\n#5 0x563f7f0b646d <unknown>\n#6 0x563f7f0d512d <unknown>\n#7 0x563f7f0b61e3 <unknown>\n#8 0x563f7f086135 <unknown>\n#9 0x563f7f08713e <unknown>\n#10 0x563f7f328e4b <unknown>\n#11 0x563f7f32cdfa <unknown>\n#12 0x563f7f3156d5 <unknown>\n#13 0x563f7f32da6f <unknown>\n#14 0x563f7f2f969f <unknown>\n#15 0x563f7f352098 <unknown>\n#16 0x563f7f352262 <unknown>\n#17 0x563f7f363f34 <unknown>\n#18 0x7fd0a211f134 <unknown>","time":{"start":1708045659909,"stop":1708045660201,"duration":292}},{"uid":"a39e72812a334487","reportUrl":"https://zaelcovsky.github.io/StroyremAutomation/233//#testresult/a39e72812a334487","status":"broken","statusDetails":"selenium.common.exceptions.NoSuchElementException: Message: no such element: Unable to locate element: {\"method\":\"xpath\",\"selector\":\"(//a[@class='add-to-cart yellow-btn'])[1]\"}\n  (Session info: chrome-headless-shell=121.0.6167.85); For documentation on this error, please visit: https://www.selenium.dev/documentation/webdriver/troubleshooting/errors#no-such-element-exception\nStacktrace:\n#0 0x55e33ada6d93 <unknown>\n#1 0x55e33aa8a337 <unknown>\n#2 0x55e33aad5d60 <unknown>\n#3 0x55e33aad5e51 <unknown>\n#4 0x55e33ab19bc4 <unknown>\n#5 0x55e33aaf846d <unknown>\n#6 0x55e33ab1712d <unknown>\n#7 0x55e33aaf81e3 <unknown>\n#8 0x55e33aac8135 <unknown>\n#9 0x55e33aac913e <unknown>\n#10 0x55e33ad6ae4b <unknown>\n#11 0x55e33ad6edfa <unknown>\n#12 0x55e33ad576d5 <unknown>\n#13 0x55e33ad6fa6f <unknown>\n#14 0x55e33ad3b69f <unknown>\n#15 0x55e33ad94098 <unknown>\n#16 0x55e33ad94262 <unknown>\n#17 0x55e33ada5f34 <unknown>\n#18 0x7f46cb816134 <unknown>","time":{"start":1707959365042,"stop":1707959365444,"duration":402}},{"uid":"73f6b9c3577f42ec","reportUrl":"https://zaelcovsky.github.io/StroyremAutomation/232//#testresult/73f6b9c3577f42ec","status":"broken","statusDetails":"selenium.common.exceptions.NoSuchElementException: Message: no such element: Unable to locate element: {\"method\":\"xpath\",\"selector\":\"(//a[@class='add-to-cart yellow-btn'])[1]\"}\n  (Session info: chrome-headless-shell=121.0.6167.85); For documentation on this error, please visit: https://www.selenium.dev/documentation/webdriver/troubleshooting/errors#no-such-element-exception\nStacktrace:\n#0 0x56176997dd93 <unknown>\n#1 0x561769661337 <unknown>\n#2 0x5617696acd60 <unknown>\n#3 0x5617696ace51 <unknown>\n#4 0x5617696f0bc4 <unknown>\n#5 0x5617696cf46d <unknown>\n#6 0x5617696ee12d <unknown>\n#7 0x5617696cf1e3 <unknown>\n#8 0x56176969f135 <unknown>\n#9 0x5617696a013e <unknown>\n#10 0x561769941e4b <unknown>\n#11 0x561769945dfa <unknown>\n#12 0x56176992e6d5 <unknown>\n#13 0x561769946a6f <unknown>\n#14 0x56176991269f <unknown>\n#15 0x56176996b098 <unknown>\n#16 0x56176996b262 <unknown>\n#17 0x56176997cf34 <unknown>\n#18 0x7f13af8e2134 <unknown>","time":{"start":1707872909508,"stop":1707872909812,"duration":304}},{"uid":"d23f579c0d512225","reportUrl":"https://zaelcovsky.github.io/StroyremAutomation/231//#testresult/d23f579c0d512225","status":"broken","statusDetails":"selenium.common.exceptions.NoSuchElementException: Message: no such element: Unable to locate element: {\"method\":\"xpath\",\"selector\":\"(//a[@class='add-to-cart yellow-btn'])[1]\"}\n  (Session info: chrome-headless-shell=121.0.6167.85); For documentation on this error, please visit: https://www.selenium.dev/documentation/webdriver/troubleshooting/errors#no-such-element-exception\nStacktrace:\n#0 0x55c6bc21ed93 <unknown>\n#1 0x55c6bbf02337 <unknown>\n#2 0x55c6bbf4dd60 <unknown>\n#3 0x55c6bbf4de51 <unknown>\n#4 0x55c6bbf91bc4 <unknown>\n#5 0x55c6bbf7046d <unknown>\n#6 0x55c6bbf8f12d <unknown>\n#7 0x55c6bbf701e3 <unknown>\n#8 0x55c6bbf40135 <unknown>\n#9 0x55c6bbf4113e <unknown>\n#10 0x55c6bc1e2e4b <unknown>\n#11 0x55c6bc1e6dfa <unknown>\n#12 0x55c6bc1cf6d5 <unknown>\n#13 0x55c6bc1e7a6f <unknown>\n#14 0x55c6bc1b369f <unknown>\n#15 0x55c6bc20c098 <unknown>\n#16 0x55c6bc20c262 <unknown>\n#17 0x55c6bc21df34 <unknown>\n#18 0x7f8d24733134 <unknown>","time":{"start":1707786617794,"stop":1707786618224,"duration":430}},{"uid":"e7dd2bf6829abf33","reportUrl":"https://zaelcovsky.github.io/StroyremAutomation/230//#testresult/e7dd2bf6829abf33","status":"broken","statusDetails":"selenium.common.exceptions.NoSuchElementException: Message: no such element: Unable to locate element: {\"method\":\"xpath\",\"selector\":\"(//a[@class='add-to-cart yellow-btn'])[1]\"}\n  (Session info: chrome-headless-shell=121.0.6167.85); For documentation on this error, please visit: https://www.selenium.dev/documentation/webdriver/troubleshooting/errors#no-such-element-exception\nStacktrace:\n#0 0x557c874b7d93 <unknown>\n#1 0x557c8719b337 <unknown>\n#2 0x557c871e6d60 <unknown>\n#3 0x557c871e6e51 <unknown>\n#4 0x557c8722abc4 <unknown>\n#5 0x557c8720946d <unknown>\n#6 0x557c8722812d <unknown>\n#7 0x557c872091e3 <unknown>\n#8 0x557c871d9135 <unknown>\n#9 0x557c871da13e <unknown>\n#10 0x557c8747be4b <unknown>\n#11 0x557c8747fdfa <unknown>\n#12 0x557c874686d5 <unknown>\n#13 0x557c87480a6f <unknown>\n#14 0x557c8744c69f <unknown>\n#15 0x557c874a5098 <unknown>\n#16 0x557c874a5262 <unknown>\n#17 0x557c874b6f34 <unknown>\n#18 0x7f208905a134 <unknown>","time":{"start":1707700106045,"stop":1707700106337,"duration":292}}]},"tags":["smoke"]},"source":"f0295237100895cb.json","parameterValues":["3650","66","'TD 020'","2990","'products/shtukaturka-gipsovaya-aksolit-m50-30-kg-mashinnogo-naneseniya'","1500","'https://sandboxtest.stroyrem-nn.ru/'","2000"]}