{"uid":"7bf90739400151ac","name":"TC 010 - Проверка функциональности ссылки 'email'","fullName":"tests.test_main_page.TestMainPage#test_positive_footer_email_smoke","historyId":"e74c5b055592413915ce1908666f1f44","time":{"start":1710550884589,"stop":1710550884601,"duration":12},"status":"broken","statusMessage":"selenium.common.exceptions.NoSuchElementException: Message: no such element: Unable to locate element: {\"method\":\"xpath\",\"selector\":\"//a[@class='footer-email']\"}\n  (Session info: chrome-headless-shell=122.0.6261.128); For documentation on this error, please visit: https://www.selenium.dev/documentation/webdriver/troubleshooting/errors#no-such-element-exception\nStacktrace:\n#0 0x63ea657b8f33 <unknown>\n#1 0x63ea654b0ce6 <unknown>\n#2 0x63ea654fbe48 <unknown>\n#3 0x63ea654fbf01 <unknown>\n#4 0x63ea6553f3f4 <unknown>\n#5 0x63ea6551dedd <unknown>\n#6 0x63ea6553c899 <unknown>\n#7 0x63ea6551dc53 <unknown>\n#8 0x63ea654eedb3 <unknown>\n#9 0x63ea654ef77e <unknown>\n#10 0x63ea6577e86b <unknown>\n#11 0x63ea65782885 <unknown>\n#12 0x63ea6576c181 <unknown>\n#13 0x63ea65783412 <unknown>\n#14 0x63ea6575025f <unknown>\n#15 0x63ea657a7528 <unknown>\n#16 0x63ea657a7723 <unknown>\n#17 0x63ea657b80e4 <unknown>\n#18 0x7ea87c6bb134 <unknown>","statusTrace":"self = <tests.test_main_page.TestMainPage object at 0x7c56bb6d5dd0>\nmain_page = <pages.main_page.MainPage object at 0x7c56ba297350>\n\n    @allure.feature(\"Footer functionality\")\n    @allure.title(\"TC 010 - Проверка функциональности ссылки 'email'\")\n    # @pytest.mark.xfail(reason=\"Попап не реализован\")\n    @pytest.mark.smoke_test\n    def test_positive_footer_email_smoke(self, main_page):\n>       main_page.check_email_link()\n\ntests/test_main_page.py:100: \n_ _ _ _ _ _ _ _ _ _ _ _ _ _ _ _ _ _ _ _ _ _ _ _ _ _ _ _ _ _ _ _ _ _ _ _ _ _ _ _ \npages/main_page.py:136: in check_email_link\n    self.driver.find_element(*self._email_link).click()\n/usr/local/lib/python3.11/site-packages/selenium/webdriver/remote/webdriver.py:740: in find_element\n    return self.execute(Command.FIND_ELEMENT, {\"using\": by, \"value\": value})[\"value\"]\n/usr/local/lib/python3.11/site-packages/selenium/webdriver/remote/webdriver.py:346: in execute\n    self.error_handler.check_response(response)\n_ _ _ _ _ _ _ _ _ _ _ _ _ _ _ _ _ _ _ _ _ _ _ _ _ _ _ _ _ _ _ _ _ _ _ _ _ _ _ _ \n\nself = <selenium.webdriver.remote.errorhandler.ErrorHandler object at 0x7c56ba28af50>\nresponse = {'status': 404, 'value': '{\"value\":{\"error\":\"no such element\",\"message\":\"no such element: Unable to locate element: {\\...\\\\n#16 0x63ea657a7723 \\\\u003Cunknown>\\\\n#17 0x63ea657b80e4 \\\\u003Cunknown>\\\\n#18 0x7ea87c6bb134 \\\\u003Cunknown>\\\\n\"}}'}\n\n    def check_response(self, response: Dict[str, Any]) -> None:\n        \"\"\"Checks that a JSON response from the WebDriver does not have an\n        error.\n    \n        :Args:\n         - response - The JSON response from the WebDriver server as a dictionary\n           object.\n    \n        :Raises: If the response contains an error message.\n        \"\"\"\n        status = response.get(\"status\", None)\n        if not status or status == ErrorCode.SUCCESS:\n            return\n        value = None\n        message = response.get(\"message\", \"\")\n        screen: str = response.get(\"screen\", \"\")\n        stacktrace = None\n        if isinstance(status, int):\n            value_json = response.get(\"value\", None)\n            if value_json and isinstance(value_json, str):\n                import json\n    \n                try:\n                    value = json.loads(value_json)\n                    if len(value) == 1:\n                        value = value[\"value\"]\n                    status = value.get(\"error\", None)\n                    if not status:\n                        status = value.get(\"status\", ErrorCode.UNKNOWN_ERROR)\n                        message = value.get(\"value\") or value.get(\"message\")\n                        if not isinstance(message, str):\n                            value = message\n                            message = message.get(\"message\")\n                    else:\n                        message = value.get(\"message\", None)\n                except ValueError:\n                    pass\n    \n        exception_class: Type[WebDriverException]\n        if status in ErrorCode.NO_SUCH_ELEMENT:\n            exception_class = NoSuchElementException\n        elif status in ErrorCode.NO_SUCH_FRAME:\n            exception_class = NoSuchFrameException\n        elif status in ErrorCode.NO_SUCH_SHADOW_ROOT:\n            exception_class = NoSuchShadowRootException\n        elif status in ErrorCode.NO_SUCH_WINDOW:\n            exception_class = NoSuchWindowException\n        elif status in ErrorCode.STALE_ELEMENT_REFERENCE:\n            exception_class = StaleElementReferenceException\n        elif status in ErrorCode.ELEMENT_NOT_VISIBLE:\n            exception_class = ElementNotVisibleException\n        elif status in ErrorCode.INVALID_ELEMENT_STATE:\n            exception_class = InvalidElementStateException\n        elif (\n            status in ErrorCode.INVALID_SELECTOR\n            or status in ErrorCode.INVALID_XPATH_SELECTOR\n            or status in ErrorCode.INVALID_XPATH_SELECTOR_RETURN_TYPER\n        ):\n            exception_class = InvalidSelectorException\n        elif status in ErrorCode.ELEMENT_IS_NOT_SELECTABLE:\n            exception_class = ElementNotSelectableException\n        elif status in ErrorCode.ELEMENT_NOT_INTERACTABLE:\n            exception_class = ElementNotInteractableException\n        elif status in ErrorCode.INVALID_COOKIE_DOMAIN:\n            exception_class = InvalidCookieDomainException\n        elif status in ErrorCode.UNABLE_TO_SET_COOKIE:\n            exception_class = UnableToSetCookieException\n        elif status in ErrorCode.TIMEOUT:\n            exception_class = TimeoutException\n        elif status in ErrorCode.SCRIPT_TIMEOUT:\n            exception_class = TimeoutException\n        elif status in ErrorCode.UNKNOWN_ERROR:\n            exception_class = WebDriverException\n        elif status in ErrorCode.UNEXPECTED_ALERT_OPEN:\n            exception_class = UnexpectedAlertPresentException\n        elif status in ErrorCode.NO_ALERT_OPEN:\n            exception_class = NoAlertPresentException\n        elif status in ErrorCode.IME_NOT_AVAILABLE:\n            exception_class = ImeNotAvailableException\n        elif status in ErrorCode.IME_ENGINE_ACTIVATION_FAILED:\n            exception_class = ImeActivationFailedException\n        elif status in ErrorCode.MOVE_TARGET_OUT_OF_BOUNDS:\n            exception_class = MoveTargetOutOfBoundsException\n        elif status in ErrorCode.JAVASCRIPT_ERROR:\n            exception_class = JavascriptException\n        elif status in ErrorCode.SESSION_NOT_CREATED:\n            exception_class = SessionNotCreatedException\n        elif status in ErrorCode.INVALID_ARGUMENT:\n            exception_class = InvalidArgumentException\n        elif status in ErrorCode.NO_SUCH_COOKIE:\n            exception_class = NoSuchCookieException\n        elif status in ErrorCode.UNABLE_TO_CAPTURE_SCREEN:\n            exception_class = ScreenshotException\n        elif status in ErrorCode.ELEMENT_CLICK_INTERCEPTED:\n            exception_class = ElementClickInterceptedException\n        elif status in ErrorCode.INSECURE_CERTIFICATE:\n            exception_class = InsecureCertificateException\n        elif status in ErrorCode.INVALID_COORDINATES:\n            exception_class = InvalidCoordinatesException\n        elif status in ErrorCode.INVALID_SESSION_ID:\n            exception_class = InvalidSessionIdException\n        elif status in ErrorCode.UNKNOWN_METHOD:\n            exception_class = UnknownMethodException\n        else:\n            exception_class = WebDriverException\n        if not value:\n            value = response[\"value\"]\n        if isinstance(value, str):\n            raise exception_class(value)\n        if message == \"\" and \"message\" in value:\n            message = value[\"message\"]\n    \n        screen = None  # type: ignore[assignment]\n        if \"screen\" in value:\n            screen = value[\"screen\"]\n    \n        stacktrace = None\n        st_value = value.get(\"stackTrace\") or value.get(\"stacktrace\")\n        if st_value:\n            if isinstance(st_value, str):\n                stacktrace = st_value.split(\"\\n\")\n            else:\n                stacktrace = []\n                try:\n                    for frame in st_value:\n                        line = frame.get(\"lineNumber\", \"\")\n                        file = frame.get(\"fileName\", \"<anonymous>\")\n                        if line:\n                            file = f\"{file}:{line}\"\n                        meth = frame.get(\"methodName\", \"<anonymous>\")\n                        if \"className\" in frame:\n                            meth = f\"{frame['className']}.{meth}\"\n                        msg = \"    at %s (%s)\"\n                        msg = msg % (meth, file)\n                        stacktrace.append(msg)\n                except TypeError:\n                    pass\n        if exception_class == UnexpectedAlertPresentException:\n            alert_text = None\n            if \"data\" in value:\n                alert_text = value[\"data\"].get(\"text\")\n            elif \"alert\" in value:\n                alert_text = value[\"alert\"].get(\"text\")\n            raise exception_class(message, screen, stacktrace, alert_text)  # type: ignore[call-arg]  # mypy is not smart enough here\n>       raise exception_class(message, screen, stacktrace)\nE       selenium.common.exceptions.NoSuchElementException: Message: no such element: Unable to locate element: {\"method\":\"xpath\",\"selector\":\"//a[@class='footer-email']\"}\nE         (Session info: chrome-headless-shell=122.0.6261.128); For documentation on this error, please visit: https://www.selenium.dev/documentation/webdriver/troubleshooting/errors#no-such-element-exception\nE       Stacktrace:\nE       #0 0x63ea657b8f33 <unknown>\nE       #1 0x63ea654b0ce6 <unknown>\nE       #2 0x63ea654fbe48 <unknown>\nE       #3 0x63ea654fbf01 <unknown>\nE       #4 0x63ea6553f3f4 <unknown>\nE       #5 0x63ea6551dedd <unknown>\nE       #6 0x63ea6553c899 <unknown>\nE       #7 0x63ea6551dc53 <unknown>\nE       #8 0x63ea654eedb3 <unknown>\nE       #9 0x63ea654ef77e <unknown>\nE       #10 0x63ea6577e86b <unknown>\nE       #11 0x63ea65782885 <unknown>\nE       #12 0x63ea6576c181 <unknown>\nE       #13 0x63ea65783412 <unknown>\nE       #14 0x63ea6575025f <unknown>\nE       #15 0x63ea657a7528 <unknown>\nE       #16 0x63ea657a7723 <unknown>\nE       #17 0x63ea657b80e4 <unknown>\nE       #18 0x7ea87c6bb134 <unknown>\n\n/usr/local/lib/python3.11/site-packages/selenium/webdriver/remote/errorhandler.py:245: NoSuchElementException","flaky":false,"newFailed":false,"newBroken":false,"newPassed":false,"retriesCount":0,"retriesStatusChange":false,"beforeStages":[{"name":"_session_faker","time":{"start":1710550757970,"stop":1710550758035,"duration":65},"status":"passed","steps":[],"attachments":[],"parameters":[],"shouldDisplayMessage":false,"stepsCount":0,"attachmentsCount":0,"hasContent":false,"attachmentStep":false},{"name":"clear_allure_results_folder","time":{"start":1710550758035,"stop":1710550758036,"duration":1},"status":"passed","steps":[],"attachments":[],"parameters":[],"shouldDisplayMessage":false,"stepsCount":0,"attachmentsCount":0,"hasContent":false,"attachmentStep":false},{"name":"driver","time":{"start":1710550883298,"stop":1710550884070,"duration":772},"status":"passed","steps":[],"attachments":[],"parameters":[],"shouldDisplayMessage":false,"stepsCount":0,"attachmentsCount":0,"hasContent":false,"attachmentStep":false},{"name":"main_page","time":{"start":1710550884070,"stop":1710550884588,"duration":518},"status":"passed","steps":[],"attachments":[],"parameters":[],"shouldDisplayMessage":false,"stepsCount":0,"attachmentsCount":0,"hasContent":false,"attachmentStep":false},{"name":"setup","time":{"start":1710550884070,"stop":1710550884070,"duration":0},"status":"passed","steps":[],"attachments":[],"parameters":[],"shouldDisplayMessage":false,"stepsCount":0,"attachmentsCount":0,"hasContent":false,"attachmentStep":false}],"testStage":{"status":"broken","statusMessage":"selenium.common.exceptions.NoSuchElementException: Message: no such element: Unable to locate element: {\"method\":\"xpath\",\"selector\":\"//a[@class='footer-email']\"}\n  (Session info: chrome-headless-shell=122.0.6261.128); For documentation on this error, please visit: https://www.selenium.dev/documentation/webdriver/troubleshooting/errors#no-such-element-exception\nStacktrace:\n#0 0x63ea657b8f33 <unknown>\n#1 0x63ea654b0ce6 <unknown>\n#2 0x63ea654fbe48 <unknown>\n#3 0x63ea654fbf01 <unknown>\n#4 0x63ea6553f3f4 <unknown>\n#5 0x63ea6551dedd <unknown>\n#6 0x63ea6553c899 <unknown>\n#7 0x63ea6551dc53 <unknown>\n#8 0x63ea654eedb3 <unknown>\n#9 0x63ea654ef77e <unknown>\n#10 0x63ea6577e86b <unknown>\n#11 0x63ea65782885 <unknown>\n#12 0x63ea6576c181 <unknown>\n#13 0x63ea65783412 <unknown>\n#14 0x63ea6575025f <unknown>\n#15 0x63ea657a7528 <unknown>\n#16 0x63ea657a7723 <unknown>\n#17 0x63ea657b80e4 <unknown>\n#18 0x7ea87c6bb134 <unknown>","statusTrace":"self = <tests.test_main_page.TestMainPage object at 0x7c56bb6d5dd0>\nmain_page = <pages.main_page.MainPage object at 0x7c56ba297350>\n\n    @allure.feature(\"Footer functionality\")\n    @allure.title(\"TC 010 - Проверка функциональности ссылки 'email'\")\n    # @pytest.mark.xfail(reason=\"Попап не реализован\")\n    @pytest.mark.smoke_test\n    def test_positive_footer_email_smoke(self, main_page):\n>       main_page.check_email_link()\n\ntests/test_main_page.py:100: \n_ _ _ _ _ _ _ _ _ _ _ _ _ _ _ _ _ _ _ _ _ _ _ _ _ _ _ _ _ _ _ _ _ _ _ _ _ _ _ _ \npages/main_page.py:136: in check_email_link\n    self.driver.find_element(*self._email_link).click()\n/usr/local/lib/python3.11/site-packages/selenium/webdriver/remote/webdriver.py:740: in find_element\n    return self.execute(Command.FIND_ELEMENT, {\"using\": by, \"value\": value})[\"value\"]\n/usr/local/lib/python3.11/site-packages/selenium/webdriver/remote/webdriver.py:346: in execute\n    self.error_handler.check_response(response)\n_ _ _ _ _ _ _ _ _ _ _ _ _ _ _ _ _ _ _ _ _ _ _ _ _ _ _ _ _ _ _ _ _ _ _ _ _ _ _ _ \n\nself = <selenium.webdriver.remote.errorhandler.ErrorHandler object at 0x7c56ba28af50>\nresponse = {'status': 404, 'value': '{\"value\":{\"error\":\"no such element\",\"message\":\"no such element: Unable to locate element: {\\...\\\\n#16 0x63ea657a7723 \\\\u003Cunknown>\\\\n#17 0x63ea657b80e4 \\\\u003Cunknown>\\\\n#18 0x7ea87c6bb134 \\\\u003Cunknown>\\\\n\"}}'}\n\n    def check_response(self, response: Dict[str, Any]) -> None:\n        \"\"\"Checks that a JSON response from the WebDriver does not have an\n        error.\n    \n        :Args:\n         - response - The JSON response from the WebDriver server as a dictionary\n           object.\n    \n        :Raises: If the response contains an error message.\n        \"\"\"\n        status = response.get(\"status\", None)\n        if not status or status == ErrorCode.SUCCESS:\n            return\n        value = None\n        message = response.get(\"message\", \"\")\n        screen: str = response.get(\"screen\", \"\")\n        stacktrace = None\n        if isinstance(status, int):\n            value_json = response.get(\"value\", None)\n            if value_json and isinstance(value_json, str):\n                import json\n    \n                try:\n                    value = json.loads(value_json)\n                    if len(value) == 1:\n                        value = value[\"value\"]\n                    status = value.get(\"error\", None)\n                    if not status:\n                        status = value.get(\"status\", ErrorCode.UNKNOWN_ERROR)\n                        message = value.get(\"value\") or value.get(\"message\")\n                        if not isinstance(message, str):\n                            value = message\n                            message = message.get(\"message\")\n                    else:\n                        message = value.get(\"message\", None)\n                except ValueError:\n                    pass\n    \n        exception_class: Type[WebDriverException]\n        if status in ErrorCode.NO_SUCH_ELEMENT:\n            exception_class = NoSuchElementException\n        elif status in ErrorCode.NO_SUCH_FRAME:\n            exception_class = NoSuchFrameException\n        elif status in ErrorCode.NO_SUCH_SHADOW_ROOT:\n            exception_class = NoSuchShadowRootException\n        elif status in ErrorCode.NO_SUCH_WINDOW:\n            exception_class = NoSuchWindowException\n        elif status in ErrorCode.STALE_ELEMENT_REFERENCE:\n            exception_class = StaleElementReferenceException\n        elif status in ErrorCode.ELEMENT_NOT_VISIBLE:\n            exception_class = ElementNotVisibleException\n        elif status in ErrorCode.INVALID_ELEMENT_STATE:\n            exception_class = InvalidElementStateException\n        elif (\n            status in ErrorCode.INVALID_SELECTOR\n            or status in ErrorCode.INVALID_XPATH_SELECTOR\n            or status in ErrorCode.INVALID_XPATH_SELECTOR_RETURN_TYPER\n        ):\n            exception_class = InvalidSelectorException\n        elif status in ErrorCode.ELEMENT_IS_NOT_SELECTABLE:\n            exception_class = ElementNotSelectableException\n        elif status in ErrorCode.ELEMENT_NOT_INTERACTABLE:\n            exception_class = ElementNotInteractableException\n        elif status in ErrorCode.INVALID_COOKIE_DOMAIN:\n            exception_class = InvalidCookieDomainException\n        elif status in ErrorCode.UNABLE_TO_SET_COOKIE:\n            exception_class = UnableToSetCookieException\n        elif status in ErrorCode.TIMEOUT:\n            exception_class = TimeoutException\n        elif status in ErrorCode.SCRIPT_TIMEOUT:\n            exception_class = TimeoutException\n        elif status in ErrorCode.UNKNOWN_ERROR:\n            exception_class = WebDriverException\n        elif status in ErrorCode.UNEXPECTED_ALERT_OPEN:\n            exception_class = UnexpectedAlertPresentException\n        elif status in ErrorCode.NO_ALERT_OPEN:\n            exception_class = NoAlertPresentException\n        elif status in ErrorCode.IME_NOT_AVAILABLE:\n            exception_class = ImeNotAvailableException\n        elif status in ErrorCode.IME_ENGINE_ACTIVATION_FAILED:\n            exception_class = ImeActivationFailedException\n        elif status in ErrorCode.MOVE_TARGET_OUT_OF_BOUNDS:\n            exception_class = MoveTargetOutOfBoundsException\n        elif status in ErrorCode.JAVASCRIPT_ERROR:\n            exception_class = JavascriptException\n        elif status in ErrorCode.SESSION_NOT_CREATED:\n            exception_class = SessionNotCreatedException\n        elif status in ErrorCode.INVALID_ARGUMENT:\n            exception_class = InvalidArgumentException\n        elif status in ErrorCode.NO_SUCH_COOKIE:\n            exception_class = NoSuchCookieException\n        elif status in ErrorCode.UNABLE_TO_CAPTURE_SCREEN:\n            exception_class = ScreenshotException\n        elif status in ErrorCode.ELEMENT_CLICK_INTERCEPTED:\n            exception_class = ElementClickInterceptedException\n        elif status in ErrorCode.INSECURE_CERTIFICATE:\n            exception_class = InsecureCertificateException\n        elif status in ErrorCode.INVALID_COORDINATES:\n            exception_class = InvalidCoordinatesException\n        elif status in ErrorCode.INVALID_SESSION_ID:\n            exception_class = InvalidSessionIdException\n        elif status in ErrorCode.UNKNOWN_METHOD:\n            exception_class = UnknownMethodException\n        else:\n            exception_class = WebDriverException\n        if not value:\n            value = response[\"value\"]\n        if isinstance(value, str):\n            raise exception_class(value)\n        if message == \"\" and \"message\" in value:\n            message = value[\"message\"]\n    \n        screen = None  # type: ignore[assignment]\n        if \"screen\" in value:\n            screen = value[\"screen\"]\n    \n        stacktrace = None\n        st_value = value.get(\"stackTrace\") or value.get(\"stacktrace\")\n        if st_value:\n            if isinstance(st_value, str):\n                stacktrace = st_value.split(\"\\n\")\n            else:\n                stacktrace = []\n                try:\n                    for frame in st_value:\n                        line = frame.get(\"lineNumber\", \"\")\n                        file = frame.get(\"fileName\", \"<anonymous>\")\n                        if line:\n                            file = f\"{file}:{line}\"\n                        meth = frame.get(\"methodName\", \"<anonymous>\")\n                        if \"className\" in frame:\n                            meth = f\"{frame['className']}.{meth}\"\n                        msg = \"    at %s (%s)\"\n                        msg = msg % (meth, file)\n                        stacktrace.append(msg)\n                except TypeError:\n                    pass\n        if exception_class == UnexpectedAlertPresentException:\n            alert_text = None\n            if \"data\" in value:\n                alert_text = value[\"data\"].get(\"text\")\n            elif \"alert\" in value:\n                alert_text = value[\"alert\"].get(\"text\")\n            raise exception_class(message, screen, stacktrace, alert_text)  # type: ignore[call-arg]  # mypy is not smart enough here\n>       raise exception_class(message, screen, stacktrace)\nE       selenium.common.exceptions.NoSuchElementException: Message: no such element: Unable to locate element: {\"method\":\"xpath\",\"selector\":\"//a[@class='footer-email']\"}\nE         (Session info: chrome-headless-shell=122.0.6261.128); For documentation on this error, please visit: https://www.selenium.dev/documentation/webdriver/troubleshooting/errors#no-such-element-exception\nE       Stacktrace:\nE       #0 0x63ea657b8f33 <unknown>\nE       #1 0x63ea654b0ce6 <unknown>\nE       #2 0x63ea654fbe48 <unknown>\nE       #3 0x63ea654fbf01 <unknown>\nE       #4 0x63ea6553f3f4 <unknown>\nE       #5 0x63ea6551dedd <unknown>\nE       #6 0x63ea6553c899 <unknown>\nE       #7 0x63ea6551dc53 <unknown>\nE       #8 0x63ea654eedb3 <unknown>\nE       #9 0x63ea654ef77e <unknown>\nE       #10 0x63ea6577e86b <unknown>\nE       #11 0x63ea65782885 <unknown>\nE       #12 0x63ea6576c181 <unknown>\nE       #13 0x63ea65783412 <unknown>\nE       #14 0x63ea6575025f <unknown>\nE       #15 0x63ea657a7528 <unknown>\nE       #16 0x63ea657a7723 <unknown>\nE       #17 0x63ea657b80e4 <unknown>\nE       #18 0x7ea87c6bb134 <unknown>\n\n/usr/local/lib/python3.11/site-packages/selenium/webdriver/remote/errorhandler.py:245: NoSuchElementException","steps":[{"name":"Проверка функциональности ссылки 'email'-info@stroyrem-nn.ru","time":{"start":1710550884589,"stop":1710550884601,"duration":12},"status":"broken","statusMessage":"selenium.common.exceptions.NoSuchElementException: Message: no such element: Unable to locate element: {\"method\":\"xpath\",\"selector\":\"//a[@class='footer-email']\"}\n  (Session info: chrome-headless-shell=122.0.6261.128); For documentation on this error, please visit: https://www.selenium.dev/documentation/webdriver/troubleshooting/errors#no-such-element-exception\nStacktrace:\n#0 0x63ea657b8f33 <unknown>\n#1 0x63ea654b0ce6 <unknown>\n#2 0x63ea654fbe48 <unknown>\n#3 0x63ea654fbf01 <unknown>\n#4 0x63ea6553f3f4 <unknown>\n#5 0x63ea6551dedd <unknown>\n#6 0x63ea6553c899 <unknown>\n#7 0x63ea6551dc53 <unknown>\n#8 0x63ea654eedb3 <unknown>\n#9 0x63ea654ef77e <unknown>\n#10 0x63ea6577e86b <unknown>\n#11 0x63ea65782885 <unknown>\n#12 0x63ea6576c181 <unknown>\n#13 0x63ea65783412 <unknown>\n#14 0x63ea6575025f <unknown>\n#15 0x63ea657a7528 <unknown>\n#16 0x63ea657a7723 <unknown>\n#17 0x63ea657b80e4 <unknown>\n#18 0x7ea87c6bb134 <unknown>\n\n","statusTrace":"  File \"/usr/local/lib/python3.11/site-packages/allure_commons/_allure.py\", line 192, in impl\n    return func(*a, **kw)\n           ^^^^^^^^^^^^^^\n  File \"/app/pages/main_page.py\", line 136, in check_email_link\n    self.driver.find_element(*self._email_link).click()\n    ^^^^^^^^^^^^^^^^^^^^^^^^^^^^^^^^^^^^^^^^^^^\n  File \"/usr/local/lib/python3.11/site-packages/selenium/webdriver/remote/webdriver.py\", line 740, in find_element\n    return self.execute(Command.FIND_ELEMENT, {\"using\": by, \"value\": value})[\"value\"]\n           ^^^^^^^^^^^^^^^^^^^^^^^^^^^^^^^^^^^^^^^^^^^^^^^^^^^^^^^^^^^^^^^^^\n  File \"/usr/local/lib/python3.11/site-packages/selenium/webdriver/remote/webdriver.py\", line 346, in execute\n    self.error_handler.check_response(response)\n  File \"/usr/local/lib/python3.11/site-packages/selenium/webdriver/remote/errorhandler.py\", line 245, in check_response\n    raise exception_class(message, screen, stacktrace)\n","steps":[],"attachments":[],"parameters":[],"shouldDisplayMessage":true,"stepsCount":0,"attachmentsCount":0,"hasContent":true,"attachmentStep":false}],"attachments":[{"uid":"7d69b52aa50e095f","name":"Screenshot","source":"7d69b52aa50e095f.png","type":"image/png","size":39106},{"uid":"fc24f9351837e258","name":"HTML source","source":"fc24f9351837e258.html","type":"text/html","size":538}],"parameters":[],"shouldDisplayMessage":true,"stepsCount":1,"attachmentsCount":2,"hasContent":true,"attachmentStep":false},"afterStages":[{"name":"setup::0","time":{"start":1710550884709,"stop":1710550884709,"duration":0},"status":"passed","steps":[],"attachments":[],"parameters":[],"shouldDisplayMessage":false,"stepsCount":0,"attachmentsCount":0,"hasContent":false,"attachmentStep":false},{"name":"driver::0","time":{"start":1710550884709,"stop":1710550884766,"duration":57},"status":"passed","steps":[],"attachments":[],"parameters":[],"shouldDisplayMessage":false,"stepsCount":0,"attachmentsCount":0,"hasContent":false,"attachmentStep":false}],"labels":[{"name":"epic","value":"Main Page"},{"name":"feature","value":"Footer functionality"},{"name":"tag","value":"smoke_test"},{"name":"parentSuite","value":"tests"},{"name":"suite","value":"test_main_page"},{"name":"subSuite","value":"TestMainPage"},{"name":"host","value":"3d997a8c260d"},{"name":"thread","value":"1-MainThread"},{"name":"framework","value":"pytest"},{"name":"language","value":"cpython3"},{"name":"package","value":"tests.test_main_page"},{"name":"resultFormat","value":"allure2"}],"parameters":[{"name":"url","value":"'https://test2.stroyrem-nn.ru/'"}],"links":[],"hidden":false,"retry":false,"extra":{"severity":"normal","retries":[],"categories":[{"name":"Test defects","matchedStatuses":[],"flaky":false}],"history":{"statistic":{"failed":0,"broken":183,"skipped":2,"passed":35,"unknown":0,"total":220},"items":[{"uid":"f187b679fb32e969","reportUrl":"https://zaelcovsky.github.io/StroyremAutomation/262//#testresult/f187b679fb32e969","status":"broken","statusDetails":"selenium.common.exceptions.NoSuchElementException: Message: no such element: Unable to locate element: {\"method\":\"xpath\",\"selector\":\"//a[@class='footer-email']\"}\n  (Session info: chrome-headless-shell=122.0.6261.128); For documentation on this error, please visit: https://www.selenium.dev/documentation/webdriver/troubleshooting/errors#no-such-element-exception\nStacktrace:\n#0 0x5e2f5aceff33 <unknown>\n#1 0x5e2f5a9e7ce6 <unknown>\n#2 0x5e2f5aa32e48 <unknown>\n#3 0x5e2f5aa32f01 <unknown>\n#4 0x5e2f5aa763f4 <unknown>\n#5 0x5e2f5aa54edd <unknown>\n#6 0x5e2f5aa73899 <unknown>\n#7 0x5e2f5aa54c53 <unknown>\n#8 0x5e2f5aa25db3 <unknown>\n#9 0x5e2f5aa2677e <unknown>\n#10 0x5e2f5acb586b <unknown>\n#11 0x5e2f5acb9885 <unknown>\n#12 0x5e2f5aca3181 <unknown>\n#13 0x5e2f5acba412 <unknown>\n#14 0x5e2f5ac8725f <unknown>\n#15 0x5e2f5acde528 <unknown>\n#16 0x5e2f5acde723 <unknown>\n#17 0x5e2f5acef0e4 <unknown>\n#18 0x795300237134 <unknown>","time":{"start":1710464637884,"stop":1710464637896,"duration":12}},{"uid":"9206261eae4f84d8","reportUrl":"https://zaelcovsky.github.io/StroyremAutomation/261//#testresult/9206261eae4f84d8","status":"broken","statusDetails":"selenium.common.exceptions.NoSuchElementException: Message: no such element: Unable to locate element: {\"method\":\"xpath\",\"selector\":\"//a[@class='footer-email']\"}\n  (Session info: chrome-headless-shell=122.0.6261.128); For documentation on this error, please visit: https://www.selenium.dev/documentation/webdriver/troubleshooting/errors#no-such-element-exception\nStacktrace:\n#0 0x642291d71f33 <unknown>\n#1 0x642291a69ce6 <unknown>\n#2 0x642291ab4e48 <unknown>\n#3 0x642291ab4f01 <unknown>\n#4 0x642291af83f4 <unknown>\n#5 0x642291ad6edd <unknown>\n#6 0x642291af5899 <unknown>\n#7 0x642291ad6c53 <unknown>\n#8 0x642291aa7db3 <unknown>\n#9 0x642291aa877e <unknown>\n#10 0x642291d3786b <unknown>\n#11 0x642291d3b885 <unknown>\n#12 0x642291d25181 <unknown>\n#13 0x642291d3c412 <unknown>\n#14 0x642291d0925f <unknown>\n#15 0x642291d60528 <unknown>\n#16 0x642291d60723 <unknown>\n#17 0x642291d710e4 <unknown>\n#18 0x7caade36b134 <unknown>","time":{"start":1710378174002,"stop":1710378174014,"duration":12}},{"uid":"d186f1f1eb7a7c3f","reportUrl":"https://zaelcovsky.github.io/StroyremAutomation/260//#testresult/d186f1f1eb7a7c3f","status":"broken","statusDetails":"selenium.common.exceptions.NoSuchElementException: Message: no such element: Unable to locate element: {\"method\":\"xpath\",\"selector\":\"//a[@class='footer-email']\"}\n  (Session info: chrome-headless-shell=122.0.6261.128); For documentation on this error, please visit: https://www.selenium.dev/documentation/webdriver/troubleshooting/errors#no-such-element-exception\nStacktrace:\n#0 0x561f18d3bf33 <unknown>\n#1 0x561f18a33ce6 <unknown>\n#2 0x561f18a7ee48 <unknown>\n#3 0x561f18a7ef01 <unknown>\n#4 0x561f18ac23f4 <unknown>\n#5 0x561f18aa0edd <unknown>\n#6 0x561f18abf899 <unknown>\n#7 0x561f18aa0c53 <unknown>\n#8 0x561f18a71db3 <unknown>\n#9 0x561f18a7277e <unknown>\n#10 0x561f18d0186b <unknown>\n#11 0x561f18d05885 <unknown>\n#12 0x561f18cef181 <unknown>\n#13 0x561f18d06412 <unknown>\n#14 0x561f18cd325f <unknown>\n#15 0x561f18d2a528 <unknown>\n#16 0x561f18d2a723 <unknown>\n#17 0x561f18d3b0e4 <unknown>\n#18 0x7fb7bb009134 <unknown>","time":{"start":1710291952051,"stop":1710291952067,"duration":16}},{"uid":"a991228186eb810e","reportUrl":"https://zaelcovsky.github.io/StroyremAutomation/259//#testresult/a991228186eb810e","status":"broken","statusDetails":"selenium.common.exceptions.NoSuchElementException: Message: no such element: Unable to locate element: {\"method\":\"xpath\",\"selector\":\"//a[@class='footer-email']\"}\n  (Session info: chrome-headless-shell=122.0.6261.111); For documentation on this error, please visit: https://www.selenium.dev/documentation/webdriver/troubleshooting/errors#no-such-element-exception\nStacktrace:\n#0 0x631500512ec3 <unknown>\n#1 0x63150020ace6 <unknown>\n#2 0x631500255e48 <unknown>\n#3 0x631500255f01 <unknown>\n#4 0x6315002993f4 <unknown>\n#5 0x631500277edd <unknown>\n#6 0x631500296899 <unknown>\n#7 0x631500277c53 <unknown>\n#8 0x631500248db3 <unknown>\n#9 0x63150024977e <unknown>\n#10 0x6315004d87fb <unknown>\n#11 0x6315004dc815 <unknown>\n#12 0x6315004c6111 <unknown>\n#13 0x6315004dd3a2 <unknown>\n#14 0x6315004aa1ef <unknown>\n#15 0x6315005014b8 <unknown>\n#16 0x6315005016b3 <unknown>\n#17 0x631500512074 <unknown>\n#18 0x7798aa073134 <unknown>","time":{"start":1710205317726,"stop":1710205317740,"duration":14}},{"uid":"305059b4257d3ec4","reportUrl":"https://zaelcovsky.github.io/StroyremAutomation/258//#testresult/305059b4257d3ec4","status":"broken","statusDetails":"selenium.common.exceptions.NoSuchElementException: Message: no such element: Unable to locate element: {\"method\":\"xpath\",\"selector\":\"//a[@class='footer-email']\"}\n  (Session info: chrome-headless-shell=122.0.6261.111); For documentation on this error, please visit: https://www.selenium.dev/documentation/webdriver/troubleshooting/errors#no-such-element-exception\nStacktrace:\n#0 0x55e00c9caec3 <unknown>\n#1 0x55e00c6c2ce6 <unknown>\n#2 0x55e00c70de48 <unknown>\n#3 0x55e00c70df01 <unknown>\n#4 0x55e00c7513f4 <unknown>\n#5 0x55e00c72fedd <unknown>\n#6 0x55e00c74e899 <unknown>\n#7 0x55e00c72fc53 <unknown>\n#8 0x55e00c700db3 <unknown>\n#9 0x55e00c70177e <unknown>\n#10 0x55e00c9907fb <unknown>\n#11 0x55e00c994815 <unknown>\n#12 0x55e00c97e111 <unknown>\n#13 0x55e00c9953a2 <unknown>\n#14 0x55e00c9621ef <unknown>\n#15 0x55e00c9b94b8 <unknown>\n#16 0x55e00c9b96b3 <unknown>\n#17 0x55e00c9ca074 <unknown>\n#18 0x7f7f06fda134 <unknown>","time":{"start":1710118997780,"stop":1710118997792,"duration":12}},{"uid":"d7d84c01589a146e","reportUrl":"https://zaelcovsky.github.io/StroyremAutomation/257//#testresult/d7d84c01589a146e","status":"broken","statusDetails":"selenium.common.exceptions.NoSuchElementException: Message: no such element: Unable to locate element: {\"method\":\"xpath\",\"selector\":\"//a[@class='footer-email']\"}\n  (Session info: chrome-headless-shell=122.0.6261.111); For documentation on this error, please visit: https://www.selenium.dev/documentation/webdriver/troubleshooting/errors#no-such-element-exception\nStacktrace:\n#0 0x56519b4daec3 <unknown>\n#1 0x56519b1d2ce6 <unknown>\n#2 0x56519b21de48 <unknown>\n#3 0x56519b21df01 <unknown>\n#4 0x56519b2613f4 <unknown>\n#5 0x56519b23fedd <unknown>\n#6 0x56519b25e899 <unknown>\n#7 0x56519b23fc53 <unknown>\n#8 0x56519b210db3 <unknown>\n#9 0x56519b21177e <unknown>\n#10 0x56519b4a07fb <unknown>\n#11 0x56519b4a4815 <unknown>\n#12 0x56519b48e111 <unknown>\n#13 0x56519b4a53a2 <unknown>\n#14 0x56519b4721ef <unknown>\n#15 0x56519b4c94b8 <unknown>\n#16 0x56519b4c96b3 <unknown>\n#17 0x56519b4da074 <unknown>\n#18 0x7f9cc1caa134 <unknown>","time":{"start":1710032811431,"stop":1710032811444,"duration":13}},{"uid":"cdcd8edd7cfb755e","reportUrl":"https://zaelcovsky.github.io/StroyremAutomation/256//#testresult/cdcd8edd7cfb755e","status":"broken","statusDetails":"selenium.common.exceptions.NoSuchElementException: Message: no such element: Unable to locate element: {\"method\":\"xpath\",\"selector\":\"//a[@class='footer-email']\"}\n  (Session info: chrome-headless-shell=122.0.6261.111); For documentation on this error, please visit: https://www.selenium.dev/documentation/webdriver/troubleshooting/errors#no-such-element-exception\nStacktrace:\n#0 0x55c11f069ec3 <unknown>\n#1 0x55c11ed61ce6 <unknown>\n#2 0x55c11edace48 <unknown>\n#3 0x55c11edacf01 <unknown>\n#4 0x55c11edf03f4 <unknown>\n#5 0x55c11edceedd <unknown>\n#6 0x55c11eded899 <unknown>\n#7 0x55c11edcec53 <unknown>\n#8 0x55c11ed9fdb3 <unknown>\n#9 0x55c11eda077e <unknown>\n#10 0x55c11f02f7fb <unknown>\n#11 0x55c11f033815 <unknown>\n#12 0x55c11f01d111 <unknown>\n#13 0x55c11f0343a2 <unknown>\n#14 0x55c11f0011ef <unknown>\n#15 0x55c11f0584b8 <unknown>\n#16 0x55c11f0586b3 <unknown>\n#17 0x55c11f069074 <unknown>\n#18 0x7f2fbb05c134 <unknown>","time":{"start":1709946044420,"stop":1709946044434,"duration":14}},{"uid":"e31acc462b60d424","reportUrl":"https://zaelcovsky.github.io/StroyremAutomation/255//#testresult/e31acc462b60d424","status":"broken","statusDetails":"selenium.common.exceptions.NoSuchElementException: Message: no such element: Unable to locate element: {\"method\":\"xpath\",\"selector\":\"//a[@class='footer-email']\"}\n  (Session info: chrome-headless-shell=122.0.6261.111); For documentation on this error, please visit: https://www.selenium.dev/documentation/webdriver/troubleshooting/errors#no-such-element-exception\nStacktrace:\n#0 0x5580a1ec8ec3 <unknown>\n#1 0x5580a1bc0ce6 <unknown>\n#2 0x5580a1c0be48 <unknown>\n#3 0x5580a1c0bf01 <unknown>\n#4 0x5580a1c4f3f4 <unknown>\n#5 0x5580a1c2dedd <unknown>\n#6 0x5580a1c4c899 <unknown>\n#7 0x5580a1c2dc53 <unknown>\n#8 0x5580a1bfedb3 <unknown>\n#9 0x5580a1bff77e <unknown>\n#10 0x5580a1e8e7fb <unknown>\n#11 0x5580a1e92815 <unknown>\n#12 0x5580a1e7c111 <unknown>\n#13 0x5580a1e933a2 <unknown>\n#14 0x5580a1e601ef <unknown>\n#15 0x5580a1eb74b8 <unknown>\n#16 0x5580a1eb76b3 <unknown>\n#17 0x5580a1ec8074 <unknown>\n#18 0x7efe49202134 <unknown>","time":{"start":1709859727275,"stop":1709859727288,"duration":13}},{"uid":"a828f6515bec3ee2","reportUrl":"https://zaelcovsky.github.io/StroyremAutomation/254//#testresult/a828f6515bec3ee2","status":"broken","statusDetails":"selenium.common.exceptions.NoSuchElementException: Message: no such element: Unable to locate element: {\"method\":\"xpath\",\"selector\":\"//a[@class='footer-email']\"}\n  (Session info: chrome-headless-shell=122.0.6261.94); For documentation on this error, please visit: https://www.selenium.dev/documentation/webdriver/troubleshooting/errors#no-such-element-exception\nStacktrace:\n#0 0x55f7d5ad0e93 <unknown>\n#1 0x55f7d57c8ce6 <unknown>\n#2 0x55f7d5813e48 <unknown>\n#3 0x55f7d5813f01 <unknown>\n#4 0x55f7d58573f4 <unknown>\n#5 0x55f7d5835edd <unknown>\n#6 0x55f7d5854899 <unknown>\n#7 0x55f7d5835c53 <unknown>\n#8 0x55f7d5806db3 <unknown>\n#9 0x55f7d580777e <unknown>\n#10 0x55f7d5a967cb <unknown>\n#11 0x55f7d5a9a7e5 <unknown>\n#12 0x55f7d5a840e1 <unknown>\n#13 0x55f7d5a9b372 <unknown>\n#14 0x55f7d5a681bf <unknown>\n#15 0x55f7d5abf488 <unknown>\n#16 0x55f7d5abf683 <unknown>\n#17 0x55f7d5ad0044 <unknown>\n#18 0x7fe1da7ef134 <unknown>","time":{"start":1709772795104,"stop":1709772795117,"duration":13}},{"uid":"7993386d1534e5be","reportUrl":"https://zaelcovsky.github.io/StroyremAutomation/253//#testresult/7993386d1534e5be","status":"broken","statusDetails":"selenium.common.exceptions.NoSuchElementException: Message: no such element: Unable to locate element: {\"method\":\"xpath\",\"selector\":\"//a[@class='footer-email']\"}\n  (Session info: chrome-headless-shell=122.0.6261.94); For documentation on this error, please visit: https://www.selenium.dev/documentation/webdriver/troubleshooting/errors#no-such-element-exception\nStacktrace:\n#0 0x562835c5ee93 <unknown>\n#1 0x562835956ce6 <unknown>\n#2 0x5628359a1e48 <unknown>\n#3 0x5628359a1f01 <unknown>\n#4 0x5628359e53f4 <unknown>\n#5 0x5628359c3edd <unknown>\n#6 0x5628359e2899 <unknown>\n#7 0x5628359c3c53 <unknown>\n#8 0x562835994db3 <unknown>\n#9 0x56283599577e <unknown>\n#10 0x562835c247cb <unknown>\n#11 0x562835c287e5 <unknown>\n#12 0x562835c120e1 <unknown>\n#13 0x562835c29372 <unknown>\n#14 0x562835bf61bf <unknown>\n#15 0x562835c4d488 <unknown>\n#16 0x562835c4d683 <unknown>\n#17 0x562835c5e044 <unknown>\n#18 0x7f4ea2f4b134 <unknown>","time":{"start":1709686930871,"stop":1709686930884,"duration":13}},{"uid":"76c53f5bf8b7baf8","reportUrl":"https://zaelcovsky.github.io/StroyremAutomation/252//#testresult/76c53f5bf8b7baf8","status":"broken","statusDetails":"selenium.common.exceptions.NoSuchElementException: Message: no such element: Unable to locate element: {\"method\":\"xpath\",\"selector\":\"//a[@class='footer-email']\"}\n  (Session info: chrome-headless-shell=122.0.6261.94); For documentation on this error, please visit: https://www.selenium.dev/documentation/webdriver/troubleshooting/errors#no-such-element-exception\nStacktrace:\n#0 0x556562451e93 <unknown>\n#1 0x556562149ce6 <unknown>\n#2 0x556562194e48 <unknown>\n#3 0x556562194f01 <unknown>\n#4 0x5565621d83f4 <unknown>\n#5 0x5565621b6edd <unknown>\n#6 0x5565621d5899 <unknown>\n#7 0x5565621b6c53 <unknown>\n#8 0x556562187db3 <unknown>\n#9 0x55656218877e <unknown>\n#10 0x5565624177cb <unknown>\n#11 0x55656241b7e5 <unknown>\n#12 0x5565624050e1 <unknown>\n#13 0x55656241c372 <unknown>\n#14 0x5565623e91bf <unknown>\n#15 0x556562440488 <unknown>\n#16 0x556562440683 <unknown>\n#17 0x556562451044 <unknown>\n#18 0x7fe262a22134 <unknown>","time":{"start":1709600520453,"stop":1709600520466,"duration":13}},{"uid":"33a9ecf41f3322c8","reportUrl":"https://zaelcovsky.github.io/StroyremAutomation/251//#testresult/33a9ecf41f3322c8","status":"broken","statusDetails":"selenium.common.exceptions.NoSuchElementException: Message: no such element: Unable to locate element: {\"method\":\"xpath\",\"selector\":\"//a[@class='footer-email']\"}\n  (Session info: chrome-headless-shell=122.0.6261.94); For documentation on this error, please visit: https://www.selenium.dev/documentation/webdriver/troubleshooting/errors#no-such-element-exception\nStacktrace:\n#0 0x5558fd5f9e93 <unknown>\n#1 0x5558fd2f1ce6 <unknown>\n#2 0x5558fd33ce48 <unknown>\n#3 0x5558fd33cf01 <unknown>\n#4 0x5558fd3803f4 <unknown>\n#5 0x5558fd35eedd <unknown>\n#6 0x5558fd37d899 <unknown>\n#7 0x5558fd35ec53 <unknown>\n#8 0x5558fd32fdb3 <unknown>\n#9 0x5558fd33077e <unknown>\n#10 0x5558fd5bf7cb <unknown>\n#11 0x5558fd5c37e5 <unknown>\n#12 0x5558fd5ad0e1 <unknown>\n#13 0x5558fd5c4372 <unknown>\n#14 0x5558fd5911bf <unknown>\n#15 0x5558fd5e8488 <unknown>\n#16 0x5558fd5e8683 <unknown>\n#17 0x5558fd5f9044 <unknown>\n#18 0x7fd5020d3134 <unknown>","time":{"start":1709514180907,"stop":1709514180921,"duration":14}},{"uid":"150a7b1c6a25acfa","reportUrl":"https://zaelcovsky.github.io/StroyremAutomation/250//#testresult/150a7b1c6a25acfa","status":"broken","statusDetails":"selenium.common.exceptions.NoSuchElementException: Message: no such element: Unable to locate element: {\"method\":\"xpath\",\"selector\":\"//a[@class='footer-email']\"}\n  (Session info: chrome-headless-shell=122.0.6261.94); For documentation on this error, please visit: https://www.selenium.dev/documentation/webdriver/troubleshooting/errors#no-such-element-exception\nStacktrace:\n#0 0x559a9b307e93 <unknown>\n#1 0x559a9afffce6 <unknown>\n#2 0x559a9b04ae48 <unknown>\n#3 0x559a9b04af01 <unknown>\n#4 0x559a9b08e3f4 <unknown>\n#5 0x559a9b06cedd <unknown>\n#6 0x559a9b08b899 <unknown>\n#7 0x559a9b06cc53 <unknown>\n#8 0x559a9b03ddb3 <unknown>\n#9 0x559a9b03e77e <unknown>\n#10 0x559a9b2cd7cb <unknown>\n#11 0x559a9b2d17e5 <unknown>\n#12 0x559a9b2bb0e1 <unknown>\n#13 0x559a9b2d2372 <unknown>\n#14 0x559a9b29f1bf <unknown>\n#15 0x559a9b2f6488 <unknown>\n#16 0x559a9b2f6683 <unknown>\n#17 0x559a9b307044 <unknown>\n#18 0x7f678338a134 <unknown>","time":{"start":1709427958275,"stop":1709427958288,"duration":13}},{"uid":"ac92004a223db9de","reportUrl":"https://zaelcovsky.github.io/StroyremAutomation/249//#testresult/ac92004a223db9de","status":"broken","statusDetails":"selenium.common.exceptions.NoSuchElementException: Message: no such element: Unable to locate element: {\"method\":\"xpath\",\"selector\":\"//a[@class='footer-email']\"}\n  (Session info: chrome-headless-shell=122.0.6261.94); For documentation on this error, please visit: https://www.selenium.dev/documentation/webdriver/troubleshooting/errors#no-such-element-exception\nStacktrace:\n#0 0x55fbc65c4e93 <unknown>\n#1 0x55fbc62bcce6 <unknown>\n#2 0x55fbc6307e48 <unknown>\n#3 0x55fbc6307f01 <unknown>\n#4 0x55fbc634b3f4 <unknown>\n#5 0x55fbc6329edd <unknown>\n#6 0x55fbc6348899 <unknown>\n#7 0x55fbc6329c53 <unknown>\n#8 0x55fbc62fadb3 <unknown>\n#9 0x55fbc62fb77e <unknown>\n#10 0x55fbc658a7cb <unknown>\n#11 0x55fbc658e7e5 <unknown>\n#12 0x55fbc65780e1 <unknown>\n#13 0x55fbc658f372 <unknown>\n#14 0x55fbc655c1bf <unknown>\n#15 0x55fbc65b3488 <unknown>\n#16 0x55fbc65b3683 <unknown>\n#17 0x55fbc65c4044 <unknown>\n#18 0x7fdfa688c134 <unknown>","time":{"start":1709341289970,"stop":1709341289983,"duration":13}},{"uid":"ad17ae44b5f97b74","reportUrl":"https://zaelcovsky.github.io/StroyremAutomation/248//#testresult/ad17ae44b5f97b74","status":"broken","statusDetails":"selenium.common.exceptions.NoSuchElementException: Message: no such element: Unable to locate element: {\"method\":\"xpath\",\"selector\":\"//a[@class='footer-email']\"}\n  (Session info: chrome-headless-shell=122.0.6261.94); For documentation on this error, please visit: https://www.selenium.dev/documentation/webdriver/troubleshooting/errors#no-such-element-exception\nStacktrace:\n#0 0x55a697d34e93 <unknown>\n#1 0x55a697a2cce6 <unknown>\n#2 0x55a697a77e48 <unknown>\n#3 0x55a697a77f01 <unknown>\n#4 0x55a697abb3f4 <unknown>\n#5 0x55a697a99edd <unknown>\n#6 0x55a697ab8899 <unknown>\n#7 0x55a697a99c53 <unknown>\n#8 0x55a697a6adb3 <unknown>\n#9 0x55a697a6b77e <unknown>\n#10 0x55a697cfa7cb <unknown>\n#11 0x55a697cfe7e5 <unknown>\n#12 0x55a697ce80e1 <unknown>\n#13 0x55a697cff372 <unknown>\n#14 0x55a697ccc1bf <unknown>\n#15 0x55a697d23488 <unknown>\n#16 0x55a697d23683 <unknown>\n#17 0x55a697d34044 <unknown>\n#18 0x7f5538cd7134 <unknown>","time":{"start":1709255267556,"stop":1709255267569,"duration":13}},{"uid":"33ccdcf040dee72a","reportUrl":"https://zaelcovsky.github.io/StroyremAutomation/247//#testresult/33ccdcf040dee72a","status":"broken","statusDetails":"selenium.common.exceptions.NoSuchElementException: Message: no such element: Unable to locate element: {\"method\":\"xpath\",\"selector\":\"//a[@class='footer-email']\"}\n  (Session info: chrome-headless-shell=122.0.6261.94); For documentation on this error, please visit: https://www.selenium.dev/documentation/webdriver/troubleshooting/errors#no-such-element-exception\nStacktrace:\n#0 0x5560903d3e93 <unknown>\n#1 0x5560900cbce6 <unknown>\n#2 0x556090116e48 <unknown>\n#3 0x556090116f01 <unknown>\n#4 0x55609015a3f4 <unknown>\n#5 0x556090138edd <unknown>\n#6 0x556090157899 <unknown>\n#7 0x556090138c53 <unknown>\n#8 0x556090109db3 <unknown>\n#9 0x55609010a77e <unknown>\n#10 0x5560903997cb <unknown>\n#11 0x55609039d7e5 <unknown>\n#12 0x5560903870e1 <unknown>\n#13 0x55609039e372 <unknown>\n#14 0x55609036b1bf <unknown>\n#15 0x5560903c2488 <unknown>\n#16 0x5560903c2683 <unknown>\n#17 0x5560903d3044 <unknown>\n#18 0x7f3ac1b3d134 <unknown>","time":{"start":1709168522198,"stop":1709168522213,"duration":15}},{"uid":"d3a8956623fb32f8","reportUrl":"https://zaelcovsky.github.io/StroyremAutomation/246//#testresult/d3a8956623fb32f8","status":"broken","statusDetails":"selenium.common.exceptions.NoSuchElementException: Message: no such element: Unable to locate element: {\"method\":\"xpath\",\"selector\":\"//a[@class='footer-email']\"}\n  (Session info: chrome-headless-shell=122.0.6261.94); For documentation on this error, please visit: https://www.selenium.dev/documentation/webdriver/troubleshooting/errors#no-such-element-exception\nStacktrace:\n#0 0x55ca4427ae93 <unknown>\n#1 0x55ca43f72ce6 <unknown>\n#2 0x55ca43fbde48 <unknown>\n#3 0x55ca43fbdf01 <unknown>\n#4 0x55ca440013f4 <unknown>\n#5 0x55ca43fdfedd <unknown>\n#6 0x55ca43ffe899 <unknown>\n#7 0x55ca43fdfc53 <unknown>\n#8 0x55ca43fb0db3 <unknown>\n#9 0x55ca43fb177e <unknown>\n#10 0x55ca442407cb <unknown>\n#11 0x55ca442447e5 <unknown>\n#12 0x55ca4422e0e1 <unknown>\n#13 0x55ca44245372 <unknown>\n#14 0x55ca442121bf <unknown>\n#15 0x55ca44269488 <unknown>\n#16 0x55ca44269683 <unknown>\n#17 0x55ca4427a044 <unknown>\n#18 0x7fb617085134 <unknown>","time":{"start":1709082121419,"stop":1709082121432,"duration":13}},{"uid":"8b9441e4ff865f94","reportUrl":"https://zaelcovsky.github.io/StroyremAutomation/245//#testresult/8b9441e4ff865f94","status":"broken","statusDetails":"selenium.common.exceptions.NoSuchElementException: Message: no such element: Unable to locate element: {\"method\":\"xpath\",\"selector\":\"//a[@class='footer-email']\"}\n  (Session info: chrome-headless-shell=122.0.6261.69); For documentation on this error, please visit: https://www.selenium.dev/documentation/webdriver/troubleshooting/errors#no-such-element-exception\nStacktrace:\n#0 0x55ab21640793 <unknown>\n#1 0x55ab213341c6 <unknown>\n#2 0x55ab2137f358 <unknown>\n#3 0x55ab2137f411 <unknown>\n#4 0x55ab213c2934 <unknown>\n#5 0x55ab213a13fd <unknown>\n#6 0x55ab213bfdd9 <unknown>\n#7 0x55ab213a1173 <unknown>\n#8 0x55ab213722d3 <unknown>\n#9 0x55ab21372c9e <unknown>\n#10 0x55ab216048cb <unknown>\n#11 0x55ab21608745 <unknown>\n#12 0x55ab215f12e1 <unknown>\n#13 0x55ab216092d2 <unknown>\n#14 0x55ab215d517f <unknown>\n#15 0x55ab2162edc8 <unknown>\n#16 0x55ab2162efc3 <unknown>\n#17 0x55ab2163f944 <unknown>\n#18 0x7f063d7f9134 <unknown>","time":{"start":1708995739661,"stop":1708995739673,"duration":12}},{"uid":"8a863251d4d4d1a7","reportUrl":"https://zaelcovsky.github.io/StroyremAutomation/244//#testresult/8a863251d4d4d1a7","status":"broken","statusDetails":"selenium.common.exceptions.NoSuchElementException: Message: no such element: Unable to locate element: {\"method\":\"xpath\",\"selector\":\"//a[@class='footer-email']\"}\n  (Session info: chrome-headless-shell=122.0.6261.69); For documentation on this error, please visit: https://www.selenium.dev/documentation/webdriver/troubleshooting/errors#no-such-element-exception\nStacktrace:\n#0 0x5596e9b25793 <unknown>\n#1 0x5596e98191c6 <unknown>\n#2 0x5596e9864358 <unknown>\n#3 0x5596e9864411 <unknown>\n#4 0x5596e98a7934 <unknown>\n#5 0x5596e98863fd <unknown>\n#6 0x5596e98a4dd9 <unknown>\n#7 0x5596e9886173 <unknown>\n#8 0x5596e98572d3 <unknown>\n#9 0x5596e9857c9e <unknown>\n#10 0x5596e9ae98cb <unknown>\n#11 0x5596e9aed745 <unknown>\n#12 0x5596e9ad62e1 <unknown>\n#13 0x5596e9aee2d2 <unknown>\n#14 0x5596e9aba17f <unknown>\n#15 0x5596e9b13dc8 <unknown>\n#16 0x5596e9b13fc3 <unknown>\n#17 0x5596e9b24944 <unknown>\n#18 0x7f12efb65134 <unknown>","time":{"start":1708909400791,"stop":1708909400804,"duration":13}},{"uid":"3db29de0c6feb42d","reportUrl":"https://zaelcovsky.github.io/StroyremAutomation/243//#testresult/3db29de0c6feb42d","status":"broken","statusDetails":"selenium.common.exceptions.NoSuchElementException: Message: no such element: Unable to locate element: {\"method\":\"xpath\",\"selector\":\"//a[@class='footer-email']\"}\n  (Session info: chrome-headless-shell=122.0.6261.69); For documentation on this error, please visit: https://www.selenium.dev/documentation/webdriver/troubleshooting/errors#no-such-element-exception\nStacktrace:\n#0 0x55e2a99e9793 <unknown>\n#1 0x55e2a96dd1c6 <unknown>\n#2 0x55e2a9728358 <unknown>\n#3 0x55e2a9728411 <unknown>\n#4 0x55e2a976b934 <unknown>\n#5 0x55e2a974a3fd <unknown>\n#6 0x55e2a9768dd9 <unknown>\n#7 0x55e2a974a173 <unknown>\n#8 0x55e2a971b2d3 <unknown>\n#9 0x55e2a971bc9e <unknown>\n#10 0x55e2a99ad8cb <unknown>\n#11 0x55e2a99b1745 <unknown>\n#12 0x55e2a999a2e1 <unknown>\n#13 0x55e2a99b22d2 <unknown>\n#14 0x55e2a997e17f <unknown>\n#15 0x55e2a99d7dc8 <unknown>\n#16 0x55e2a99d7fc3 <unknown>\n#17 0x55e2a99e8944 <unknown>\n#18 0x7f1ccdfa8134 <unknown>","time":{"start":1708823184441,"stop":1708823184453,"duration":12}}]},"tags":["smoke_test"]},"source":"7bf90739400151ac.json","parameterValues":["'https://test2.stroyrem-nn.ru/'"]}