{"uid":"9303208cbcd1eae6","name":"TC 018 - Проверка функциональности ссылки 'Акции'","fullName":"tests.test_main_page.TestMainPage#test_positive_footer_sale_smoke","historyId":"7c44ee0a7729c87256702511cdfce3ef","time":{"start":1710550963400,"stop":1710550963414,"duration":14},"status":"broken","statusMessage":"selenium.common.exceptions.NoSuchElementException: Message: no such element: Unable to locate element: {\"method\":\"xpath\",\"selector\":\"(//a[contains(text(), 'Акции')])[2]\"}\n  (Session info: chrome-headless-shell=122.0.6261.128); For documentation on this error, please visit: https://www.selenium.dev/documentation/webdriver/troubleshooting/errors#no-such-element-exception\nStacktrace:\n#0 0x6516caa61f33 <unknown>\n#1 0x6516ca759ce6 <unknown>\n#2 0x6516ca7a4e48 <unknown>\n#3 0x6516ca7a4f01 <unknown>\n#4 0x6516ca7e83f4 <unknown>\n#5 0x6516ca7c6edd <unknown>\n#6 0x6516ca7e5899 <unknown>\n#7 0x6516ca7c6c53 <unknown>\n#8 0x6516ca797db3 <unknown>\n#9 0x6516ca79877e <unknown>\n#10 0x6516caa2786b <unknown>\n#11 0x6516caa2b885 <unknown>\n#12 0x6516caa15181 <unknown>\n#13 0x6516caa2c412 <unknown>\n#14 0x6516ca9f925f <unknown>\n#15 0x6516caa50528 <unknown>\n#16 0x6516caa50723 <unknown>\n#17 0x6516caa610e4 <unknown>\n#18 0x727ab9fae134 <unknown>","statusTrace":"self = <tests.test_main_page.TestMainPage object at 0x7c56bb709010>\nmain_page = <pages.main_page.MainPage object at 0x7c56bb929910>\n\n    @allure.feature(\"Footer functionality\")\n    @allure.title(\"TC 018 - Проверка функциональности ссылки 'Акции'\")\n    @pytest.mark.smoke_test\n    def test_positive_footer_sale_smoke(self, main_page):\n>       title = main_page.check_shares_link()\n\ntests/test_main_page.py:161: \n_ _ _ _ _ _ _ _ _ _ _ _ _ _ _ _ _ _ _ _ _ _ _ _ _ _ _ _ _ _ _ _ _ _ _ _ _ _ _ _ \npages/main_page.py:188: in check_shares_link\n    self.driver.find_element(*self._shares_link).click()\n/usr/local/lib/python3.11/site-packages/selenium/webdriver/remote/webdriver.py:740: in find_element\n    return self.execute(Command.FIND_ELEMENT, {\"using\": by, \"value\": value})[\"value\"]\n/usr/local/lib/python3.11/site-packages/selenium/webdriver/remote/webdriver.py:346: in execute\n    self.error_handler.check_response(response)\n_ _ _ _ _ _ _ _ _ _ _ _ _ _ _ _ _ _ _ _ _ _ _ _ _ _ _ _ _ _ _ _ _ _ _ _ _ _ _ _ \n\nself = <selenium.webdriver.remote.errorhandler.ErrorHandler object at 0x7c56bb94ac90>\nresponse = {'status': 404, 'value': '{\"value\":{\"error\":\"no such element\",\"message\":\"no such element: Unable to locate element: {\\...\\\\n#16 0x6516caa50723 \\\\u003Cunknown>\\\\n#17 0x6516caa610e4 \\\\u003Cunknown>\\\\n#18 0x727ab9fae134 \\\\u003Cunknown>\\\\n\"}}'}\n\n    def check_response(self, response: Dict[str, Any]) -> None:\n        \"\"\"Checks that a JSON response from the WebDriver does not have an\n        error.\n    \n        :Args:\n         - response - The JSON response from the WebDriver server as a dictionary\n           object.\n    \n        :Raises: If the response contains an error message.\n        \"\"\"\n        status = response.get(\"status\", None)\n        if not status or status == ErrorCode.SUCCESS:\n            return\n        value = None\n        message = response.get(\"message\", \"\")\n        screen: str = response.get(\"screen\", \"\")\n        stacktrace = None\n        if isinstance(status, int):\n            value_json = response.get(\"value\", None)\n            if value_json and isinstance(value_json, str):\n                import json\n    \n                try:\n                    value = json.loads(value_json)\n                    if len(value) == 1:\n                        value = value[\"value\"]\n                    status = value.get(\"error\", None)\n                    if not status:\n                        status = value.get(\"status\", ErrorCode.UNKNOWN_ERROR)\n                        message = value.get(\"value\") or value.get(\"message\")\n                        if not isinstance(message, str):\n                            value = message\n                            message = message.get(\"message\")\n                    else:\n                        message = value.get(\"message\", None)\n                except ValueError:\n                    pass\n    \n        exception_class: Type[WebDriverException]\n        if status in ErrorCode.NO_SUCH_ELEMENT:\n            exception_class = NoSuchElementException\n        elif status in ErrorCode.NO_SUCH_FRAME:\n            exception_class = NoSuchFrameException\n        elif status in ErrorCode.NO_SUCH_SHADOW_ROOT:\n            exception_class = NoSuchShadowRootException\n        elif status in ErrorCode.NO_SUCH_WINDOW:\n            exception_class = NoSuchWindowException\n        elif status in ErrorCode.STALE_ELEMENT_REFERENCE:\n            exception_class = StaleElementReferenceException\n        elif status in ErrorCode.ELEMENT_NOT_VISIBLE:\n            exception_class = ElementNotVisibleException\n        elif status in ErrorCode.INVALID_ELEMENT_STATE:\n            exception_class = InvalidElementStateException\n        elif (\n            status in ErrorCode.INVALID_SELECTOR\n            or status in ErrorCode.INVALID_XPATH_SELECTOR\n            or status in ErrorCode.INVALID_XPATH_SELECTOR_RETURN_TYPER\n        ):\n            exception_class = InvalidSelectorException\n        elif status in ErrorCode.ELEMENT_IS_NOT_SELECTABLE:\n            exception_class = ElementNotSelectableException\n        elif status in ErrorCode.ELEMENT_NOT_INTERACTABLE:\n            exception_class = ElementNotInteractableException\n        elif status in ErrorCode.INVALID_COOKIE_DOMAIN:\n            exception_class = InvalidCookieDomainException\n        elif status in ErrorCode.UNABLE_TO_SET_COOKIE:\n            exception_class = UnableToSetCookieException\n        elif status in ErrorCode.TIMEOUT:\n            exception_class = TimeoutException\n        elif status in ErrorCode.SCRIPT_TIMEOUT:\n            exception_class = TimeoutException\n        elif status in ErrorCode.UNKNOWN_ERROR:\n            exception_class = WebDriverException\n        elif status in ErrorCode.UNEXPECTED_ALERT_OPEN:\n            exception_class = UnexpectedAlertPresentException\n        elif status in ErrorCode.NO_ALERT_OPEN:\n            exception_class = NoAlertPresentException\n        elif status in ErrorCode.IME_NOT_AVAILABLE:\n            exception_class = ImeNotAvailableException\n        elif status in ErrorCode.IME_ENGINE_ACTIVATION_FAILED:\n            exception_class = ImeActivationFailedException\n        elif status in ErrorCode.MOVE_TARGET_OUT_OF_BOUNDS:\n            exception_class = MoveTargetOutOfBoundsException\n        elif status in ErrorCode.JAVASCRIPT_ERROR:\n            exception_class = JavascriptException\n        elif status in ErrorCode.SESSION_NOT_CREATED:\n            exception_class = SessionNotCreatedException\n        elif status in ErrorCode.INVALID_ARGUMENT:\n            exception_class = InvalidArgumentException\n        elif status in ErrorCode.NO_SUCH_COOKIE:\n            exception_class = NoSuchCookieException\n        elif status in ErrorCode.UNABLE_TO_CAPTURE_SCREEN:\n            exception_class = ScreenshotException\n        elif status in ErrorCode.ELEMENT_CLICK_INTERCEPTED:\n            exception_class = ElementClickInterceptedException\n        elif status in ErrorCode.INSECURE_CERTIFICATE:\n            exception_class = InsecureCertificateException\n        elif status in ErrorCode.INVALID_COORDINATES:\n            exception_class = InvalidCoordinatesException\n        elif status in ErrorCode.INVALID_SESSION_ID:\n            exception_class = InvalidSessionIdException\n        elif status in ErrorCode.UNKNOWN_METHOD:\n            exception_class = UnknownMethodException\n        else:\n            exception_class = WebDriverException\n        if not value:\n            value = response[\"value\"]\n        if isinstance(value, str):\n            raise exception_class(value)\n        if message == \"\" and \"message\" in value:\n            message = value[\"message\"]\n    \n        screen = None  # type: ignore[assignment]\n        if \"screen\" in value:\n            screen = value[\"screen\"]\n    \n        stacktrace = None\n        st_value = value.get(\"stackTrace\") or value.get(\"stacktrace\")\n        if st_value:\n            if isinstance(st_value, str):\n                stacktrace = st_value.split(\"\\n\")\n            else:\n                stacktrace = []\n                try:\n                    for frame in st_value:\n                        line = frame.get(\"lineNumber\", \"\")\n                        file = frame.get(\"fileName\", \"<anonymous>\")\n                        if line:\n                            file = f\"{file}:{line}\"\n                        meth = frame.get(\"methodName\", \"<anonymous>\")\n                        if \"className\" in frame:\n                            meth = f\"{frame['className']}.{meth}\"\n                        msg = \"    at %s (%s)\"\n                        msg = msg % (meth, file)\n                        stacktrace.append(msg)\n                except TypeError:\n                    pass\n        if exception_class == UnexpectedAlertPresentException:\n            alert_text = None\n            if \"data\" in value:\n                alert_text = value[\"data\"].get(\"text\")\n            elif \"alert\" in value:\n                alert_text = value[\"alert\"].get(\"text\")\n            raise exception_class(message, screen, stacktrace, alert_text)  # type: ignore[call-arg]  # mypy is not smart enough here\n>       raise exception_class(message, screen, stacktrace)\nE       selenium.common.exceptions.NoSuchElementException: Message: no such element: Unable to locate element: {\"method\":\"xpath\",\"selector\":\"(//a[contains(text(), 'Акции')])[2]\"}\nE         (Session info: chrome-headless-shell=122.0.6261.128); For documentation on this error, please visit: https://www.selenium.dev/documentation/webdriver/troubleshooting/errors#no-such-element-exception\nE       Stacktrace:\nE       #0 0x6516caa61f33 <unknown>\nE       #1 0x6516ca759ce6 <unknown>\nE       #2 0x6516ca7a4e48 <unknown>\nE       #3 0x6516ca7a4f01 <unknown>\nE       #4 0x6516ca7e83f4 <unknown>\nE       #5 0x6516ca7c6edd <unknown>\nE       #6 0x6516ca7e5899 <unknown>\nE       #7 0x6516ca7c6c53 <unknown>\nE       #8 0x6516ca797db3 <unknown>\nE       #9 0x6516ca79877e <unknown>\nE       #10 0x6516caa2786b <unknown>\nE       #11 0x6516caa2b885 <unknown>\nE       #12 0x6516caa15181 <unknown>\nE       #13 0x6516caa2c412 <unknown>\nE       #14 0x6516ca9f925f <unknown>\nE       #15 0x6516caa50528 <unknown>\nE       #16 0x6516caa50723 <unknown>\nE       #17 0x6516caa610e4 <unknown>\nE       #18 0x727ab9fae134 <unknown>\n\n/usr/local/lib/python3.11/site-packages/selenium/webdriver/remote/errorhandler.py:245: NoSuchElementException","flaky":false,"newFailed":false,"newBroken":false,"newPassed":false,"retriesCount":0,"retriesStatusChange":false,"beforeStages":[{"name":"_session_faker","time":{"start":1710550757970,"stop":1710550758035,"duration":65},"status":"passed","steps":[],"attachments":[],"parameters":[],"shouldDisplayMessage":false,"stepsCount":0,"attachmentsCount":0,"hasContent":false,"attachmentStep":false},{"name":"clear_allure_results_folder","time":{"start":1710550758035,"stop":1710550758036,"duration":1},"status":"passed","steps":[],"attachments":[],"parameters":[],"shouldDisplayMessage":false,"stepsCount":0,"attachmentsCount":0,"hasContent":false,"attachmentStep":false},{"name":"driver","time":{"start":1710550962275,"stop":1710550963003,"duration":728},"status":"passed","steps":[],"attachments":[],"parameters":[],"shouldDisplayMessage":false,"stepsCount":0,"attachmentsCount":0,"hasContent":false,"attachmentStep":false},{"name":"setup","time":{"start":1710550963003,"stop":1710550963003,"duration":0},"status":"passed","steps":[],"attachments":[],"parameters":[],"shouldDisplayMessage":false,"stepsCount":0,"attachmentsCount":0,"hasContent":false,"attachmentStep":false},{"name":"main_page","time":{"start":1710550963003,"stop":1710550963399,"duration":396},"status":"passed","steps":[],"attachments":[],"parameters":[],"shouldDisplayMessage":false,"stepsCount":0,"attachmentsCount":0,"hasContent":false,"attachmentStep":false}],"testStage":{"status":"broken","statusMessage":"selenium.common.exceptions.NoSuchElementException: Message: no such element: Unable to locate element: {\"method\":\"xpath\",\"selector\":\"(//a[contains(text(), 'Акции')])[2]\"}\n  (Session info: chrome-headless-shell=122.0.6261.128); For documentation on this error, please visit: https://www.selenium.dev/documentation/webdriver/troubleshooting/errors#no-such-element-exception\nStacktrace:\n#0 0x6516caa61f33 <unknown>\n#1 0x6516ca759ce6 <unknown>\n#2 0x6516ca7a4e48 <unknown>\n#3 0x6516ca7a4f01 <unknown>\n#4 0x6516ca7e83f4 <unknown>\n#5 0x6516ca7c6edd <unknown>\n#6 0x6516ca7e5899 <unknown>\n#7 0x6516ca7c6c53 <unknown>\n#8 0x6516ca797db3 <unknown>\n#9 0x6516ca79877e <unknown>\n#10 0x6516caa2786b <unknown>\n#11 0x6516caa2b885 <unknown>\n#12 0x6516caa15181 <unknown>\n#13 0x6516caa2c412 <unknown>\n#14 0x6516ca9f925f <unknown>\n#15 0x6516caa50528 <unknown>\n#16 0x6516caa50723 <unknown>\n#17 0x6516caa610e4 <unknown>\n#18 0x727ab9fae134 <unknown>","statusTrace":"self = <tests.test_main_page.TestMainPage object at 0x7c56bb709010>\nmain_page = <pages.main_page.MainPage object at 0x7c56bb929910>\n\n    @allure.feature(\"Footer functionality\")\n    @allure.title(\"TC 018 - Проверка функциональности ссылки 'Акции'\")\n    @pytest.mark.smoke_test\n    def test_positive_footer_sale_smoke(self, main_page):\n>       title = main_page.check_shares_link()\n\ntests/test_main_page.py:161: \n_ _ _ _ _ _ _ _ _ _ _ _ _ _ _ _ _ _ _ _ _ _ _ _ _ _ _ _ _ _ _ _ _ _ _ _ _ _ _ _ \npages/main_page.py:188: in check_shares_link\n    self.driver.find_element(*self._shares_link).click()\n/usr/local/lib/python3.11/site-packages/selenium/webdriver/remote/webdriver.py:740: in find_element\n    return self.execute(Command.FIND_ELEMENT, {\"using\": by, \"value\": value})[\"value\"]\n/usr/local/lib/python3.11/site-packages/selenium/webdriver/remote/webdriver.py:346: in execute\n    self.error_handler.check_response(response)\n_ _ _ _ _ _ _ _ _ _ _ _ _ _ _ _ _ _ _ _ _ _ _ _ _ _ _ _ _ _ _ _ _ _ _ _ _ _ _ _ \n\nself = <selenium.webdriver.remote.errorhandler.ErrorHandler object at 0x7c56bb94ac90>\nresponse = {'status': 404, 'value': '{\"value\":{\"error\":\"no such element\",\"message\":\"no such element: Unable to locate element: {\\...\\\\n#16 0x6516caa50723 \\\\u003Cunknown>\\\\n#17 0x6516caa610e4 \\\\u003Cunknown>\\\\n#18 0x727ab9fae134 \\\\u003Cunknown>\\\\n\"}}'}\n\n    def check_response(self, response: Dict[str, Any]) -> None:\n        \"\"\"Checks that a JSON response from the WebDriver does not have an\n        error.\n    \n        :Args:\n         - response - The JSON response from the WebDriver server as a dictionary\n           object.\n    \n        :Raises: If the response contains an error message.\n        \"\"\"\n        status = response.get(\"status\", None)\n        if not status or status == ErrorCode.SUCCESS:\n            return\n        value = None\n        message = response.get(\"message\", \"\")\n        screen: str = response.get(\"screen\", \"\")\n        stacktrace = None\n        if isinstance(status, int):\n            value_json = response.get(\"value\", None)\n            if value_json and isinstance(value_json, str):\n                import json\n    \n                try:\n                    value = json.loads(value_json)\n                    if len(value) == 1:\n                        value = value[\"value\"]\n                    status = value.get(\"error\", None)\n                    if not status:\n                        status = value.get(\"status\", ErrorCode.UNKNOWN_ERROR)\n                        message = value.get(\"value\") or value.get(\"message\")\n                        if not isinstance(message, str):\n                            value = message\n                            message = message.get(\"message\")\n                    else:\n                        message = value.get(\"message\", None)\n                except ValueError:\n                    pass\n    \n        exception_class: Type[WebDriverException]\n        if status in ErrorCode.NO_SUCH_ELEMENT:\n            exception_class = NoSuchElementException\n        elif status in ErrorCode.NO_SUCH_FRAME:\n            exception_class = NoSuchFrameException\n        elif status in ErrorCode.NO_SUCH_SHADOW_ROOT:\n            exception_class = NoSuchShadowRootException\n        elif status in ErrorCode.NO_SUCH_WINDOW:\n            exception_class = NoSuchWindowException\n        elif status in ErrorCode.STALE_ELEMENT_REFERENCE:\n            exception_class = StaleElementReferenceException\n        elif status in ErrorCode.ELEMENT_NOT_VISIBLE:\n            exception_class = ElementNotVisibleException\n        elif status in ErrorCode.INVALID_ELEMENT_STATE:\n            exception_class = InvalidElementStateException\n        elif (\n            status in ErrorCode.INVALID_SELECTOR\n            or status in ErrorCode.INVALID_XPATH_SELECTOR\n            or status in ErrorCode.INVALID_XPATH_SELECTOR_RETURN_TYPER\n        ):\n            exception_class = InvalidSelectorException\n        elif status in ErrorCode.ELEMENT_IS_NOT_SELECTABLE:\n            exception_class = ElementNotSelectableException\n        elif status in ErrorCode.ELEMENT_NOT_INTERACTABLE:\n            exception_class = ElementNotInteractableException\n        elif status in ErrorCode.INVALID_COOKIE_DOMAIN:\n            exception_class = InvalidCookieDomainException\n        elif status in ErrorCode.UNABLE_TO_SET_COOKIE:\n            exception_class = UnableToSetCookieException\n        elif status in ErrorCode.TIMEOUT:\n            exception_class = TimeoutException\n        elif status in ErrorCode.SCRIPT_TIMEOUT:\n            exception_class = TimeoutException\n        elif status in ErrorCode.UNKNOWN_ERROR:\n            exception_class = WebDriverException\n        elif status in ErrorCode.UNEXPECTED_ALERT_OPEN:\n            exception_class = UnexpectedAlertPresentException\n        elif status in ErrorCode.NO_ALERT_OPEN:\n            exception_class = NoAlertPresentException\n        elif status in ErrorCode.IME_NOT_AVAILABLE:\n            exception_class = ImeNotAvailableException\n        elif status in ErrorCode.IME_ENGINE_ACTIVATION_FAILED:\n            exception_class = ImeActivationFailedException\n        elif status in ErrorCode.MOVE_TARGET_OUT_OF_BOUNDS:\n            exception_class = MoveTargetOutOfBoundsException\n        elif status in ErrorCode.JAVASCRIPT_ERROR:\n            exception_class = JavascriptException\n        elif status in ErrorCode.SESSION_NOT_CREATED:\n            exception_class = SessionNotCreatedException\n        elif status in ErrorCode.INVALID_ARGUMENT:\n            exception_class = InvalidArgumentException\n        elif status in ErrorCode.NO_SUCH_COOKIE:\n            exception_class = NoSuchCookieException\n        elif status in ErrorCode.UNABLE_TO_CAPTURE_SCREEN:\n            exception_class = ScreenshotException\n        elif status in ErrorCode.ELEMENT_CLICK_INTERCEPTED:\n            exception_class = ElementClickInterceptedException\n        elif status in ErrorCode.INSECURE_CERTIFICATE:\n            exception_class = InsecureCertificateException\n        elif status in ErrorCode.INVALID_COORDINATES:\n            exception_class = InvalidCoordinatesException\n        elif status in ErrorCode.INVALID_SESSION_ID:\n            exception_class = InvalidSessionIdException\n        elif status in ErrorCode.UNKNOWN_METHOD:\n            exception_class = UnknownMethodException\n        else:\n            exception_class = WebDriverException\n        if not value:\n            value = response[\"value\"]\n        if isinstance(value, str):\n            raise exception_class(value)\n        if message == \"\" and \"message\" in value:\n            message = value[\"message\"]\n    \n        screen = None  # type: ignore[assignment]\n        if \"screen\" in value:\n            screen = value[\"screen\"]\n    \n        stacktrace = None\n        st_value = value.get(\"stackTrace\") or value.get(\"stacktrace\")\n        if st_value:\n            if isinstance(st_value, str):\n                stacktrace = st_value.split(\"\\n\")\n            else:\n                stacktrace = []\n                try:\n                    for frame in st_value:\n                        line = frame.get(\"lineNumber\", \"\")\n                        file = frame.get(\"fileName\", \"<anonymous>\")\n                        if line:\n                            file = f\"{file}:{line}\"\n                        meth = frame.get(\"methodName\", \"<anonymous>\")\n                        if \"className\" in frame:\n                            meth = f\"{frame['className']}.{meth}\"\n                        msg = \"    at %s (%s)\"\n                        msg = msg % (meth, file)\n                        stacktrace.append(msg)\n                except TypeError:\n                    pass\n        if exception_class == UnexpectedAlertPresentException:\n            alert_text = None\n            if \"data\" in value:\n                alert_text = value[\"data\"].get(\"text\")\n            elif \"alert\" in value:\n                alert_text = value[\"alert\"].get(\"text\")\n            raise exception_class(message, screen, stacktrace, alert_text)  # type: ignore[call-arg]  # mypy is not smart enough here\n>       raise exception_class(message, screen, stacktrace)\nE       selenium.common.exceptions.NoSuchElementException: Message: no such element: Unable to locate element: {\"method\":\"xpath\",\"selector\":\"(//a[contains(text(), 'Акции')])[2]\"}\nE         (Session info: chrome-headless-shell=122.0.6261.128); For documentation on this error, please visit: https://www.selenium.dev/documentation/webdriver/troubleshooting/errors#no-such-element-exception\nE       Stacktrace:\nE       #0 0x6516caa61f33 <unknown>\nE       #1 0x6516ca759ce6 <unknown>\nE       #2 0x6516ca7a4e48 <unknown>\nE       #3 0x6516ca7a4f01 <unknown>\nE       #4 0x6516ca7e83f4 <unknown>\nE       #5 0x6516ca7c6edd <unknown>\nE       #6 0x6516ca7e5899 <unknown>\nE       #7 0x6516ca7c6c53 <unknown>\nE       #8 0x6516ca797db3 <unknown>\nE       #9 0x6516ca79877e <unknown>\nE       #10 0x6516caa2786b <unknown>\nE       #11 0x6516caa2b885 <unknown>\nE       #12 0x6516caa15181 <unknown>\nE       #13 0x6516caa2c412 <unknown>\nE       #14 0x6516ca9f925f <unknown>\nE       #15 0x6516caa50528 <unknown>\nE       #16 0x6516caa50723 <unknown>\nE       #17 0x6516caa610e4 <unknown>\nE       #18 0x727ab9fae134 <unknown>\n\n/usr/local/lib/python3.11/site-packages/selenium/webdriver/remote/errorhandler.py:245: NoSuchElementException","steps":[{"name":"Проверка функциональности ссылки 'Акции'","time":{"start":1710550963400,"stop":1710550963413,"duration":13},"status":"broken","statusMessage":"selenium.common.exceptions.NoSuchElementException: Message: no such element: Unable to locate element: {\"method\":\"xpath\",\"selector\":\"(//a[contains(text(), 'Акции')])[2]\"}\n  (Session info: chrome-headless-shell=122.0.6261.128); For documentation on this error, please visit: https://www.selenium.dev/documentation/webdriver/troubleshooting/errors#no-such-element-exception\nStacktrace:\n#0 0x6516caa61f33 <unknown>\n#1 0x6516ca759ce6 <unknown>\n#2 0x6516ca7a4e48 <unknown>\n#3 0x6516ca7a4f01 <unknown>\n#4 0x6516ca7e83f4 <unknown>\n#5 0x6516ca7c6edd <unknown>\n#6 0x6516ca7e5899 <unknown>\n#7 0x6516ca7c6c53 <unknown>\n#8 0x6516ca797db3 <unknown>\n#9 0x6516ca79877e <unknown>\n#10 0x6516caa2786b <unknown>\n#11 0x6516caa2b885 <unknown>\n#12 0x6516caa15181 <unknown>\n#13 0x6516caa2c412 <unknown>\n#14 0x6516ca9f925f <unknown>\n#15 0x6516caa50528 <unknown>\n#16 0x6516caa50723 <unknown>\n#17 0x6516caa610e4 <unknown>\n#18 0x727ab9fae134 <unknown>\n\n","statusTrace":"  File \"/usr/local/lib/python3.11/site-packages/allure_commons/_allure.py\", line 192, in impl\n    return func(*a, **kw)\n           ^^^^^^^^^^^^^^\n  File \"/app/pages/main_page.py\", line 188, in check_shares_link\n    self.driver.find_element(*self._shares_link).click()\n    ^^^^^^^^^^^^^^^^^^^^^^^^^^^^^^^^^^^^^^^^^^^^\n  File \"/usr/local/lib/python3.11/site-packages/selenium/webdriver/remote/webdriver.py\", line 740, in find_element\n    return self.execute(Command.FIND_ELEMENT, {\"using\": by, \"value\": value})[\"value\"]\n           ^^^^^^^^^^^^^^^^^^^^^^^^^^^^^^^^^^^^^^^^^^^^^^^^^^^^^^^^^^^^^^^^^\n  File \"/usr/local/lib/python3.11/site-packages/selenium/webdriver/remote/webdriver.py\", line 346, in execute\n    self.error_handler.check_response(response)\n  File \"/usr/local/lib/python3.11/site-packages/selenium/webdriver/remote/errorhandler.py\", line 245, in check_response\n    raise exception_class(message, screen, stacktrace)\n","steps":[],"attachments":[],"parameters":[],"shouldDisplayMessage":true,"stepsCount":0,"attachmentsCount":0,"hasContent":true,"attachmentStep":false}],"attachments":[{"uid":"cf59931b95260e29","name":"Screenshot","source":"cf59931b95260e29.png","type":"image/png","size":39106},{"uid":"d12a893f2d84c16c","name":"HTML source","source":"d12a893f2d84c16c.html","type":"text/html","size":538}],"parameters":[],"shouldDisplayMessage":true,"stepsCount":1,"attachmentsCount":2,"hasContent":true,"attachmentStep":false},"afterStages":[{"name":"setup::0","time":{"start":1710550963535,"stop":1710550963535,"duration":0},"status":"passed","steps":[],"attachments":[],"parameters":[],"shouldDisplayMessage":false,"stepsCount":0,"attachmentsCount":0,"hasContent":false,"attachmentStep":false},{"name":"driver::0","time":{"start":1710550963535,"stop":1710550963593,"duration":58},"status":"passed","steps":[],"attachments":[],"parameters":[],"shouldDisplayMessage":false,"stepsCount":0,"attachmentsCount":0,"hasContent":false,"attachmentStep":false}],"labels":[{"name":"epic","value":"Main Page"},{"name":"feature","value":"Footer functionality"},{"name":"tag","value":"smoke_test"},{"name":"parentSuite","value":"tests"},{"name":"suite","value":"test_main_page"},{"name":"subSuite","value":"TestMainPage"},{"name":"host","value":"3d997a8c260d"},{"name":"thread","value":"1-MainThread"},{"name":"framework","value":"pytest"},{"name":"language","value":"cpython3"},{"name":"package","value":"tests.test_main_page"},{"name":"resultFormat","value":"allure2"}],"parameters":[{"name":"url","value":"'https://test2.stroyrem-nn.ru/'"}],"links":[],"hidden":false,"retry":false,"extra":{"severity":"normal","retries":[],"categories":[{"name":"Test defects","matchedStatuses":[],"flaky":false}],"history":{"statistic":{"failed":0,"broken":186,"skipped":0,"passed":34,"unknown":0,"total":220},"items":[{"uid":"d7ec4b2c669038aa","reportUrl":"https://zaelcovsky.github.io/StroyremAutomation/262//#testresult/d7ec4b2c669038aa","status":"broken","statusDetails":"selenium.common.exceptions.NoSuchElementException: Message: no such element: Unable to locate element: {\"method\":\"xpath\",\"selector\":\"(//a[contains(text(), 'Акции')])[2]\"}\n  (Session info: chrome-headless-shell=122.0.6261.128); For documentation on this error, please visit: https://www.selenium.dev/documentation/webdriver/troubleshooting/errors#no-such-element-exception\nStacktrace:\n#0 0x5f36faebcf33 <unknown>\n#1 0x5f36fabb4ce6 <unknown>\n#2 0x5f36fabffe48 <unknown>\n#3 0x5f36fabfff01 <unknown>\n#4 0x5f36fac433f4 <unknown>\n#5 0x5f36fac21edd <unknown>\n#6 0x5f36fac40899 <unknown>\n#7 0x5f36fac21c53 <unknown>\n#8 0x5f36fabf2db3 <unknown>\n#9 0x5f36fabf377e <unknown>\n#10 0x5f36fae8286b <unknown>\n#11 0x5f36fae86885 <unknown>\n#12 0x5f36fae70181 <unknown>\n#13 0x5f36fae87412 <unknown>\n#14 0x5f36fae5425f <unknown>\n#15 0x5f36faeab528 <unknown>\n#16 0x5f36faeab723 <unknown>\n#17 0x5f36faebc0e4 <unknown>\n#18 0x79ba43397134 <unknown>","time":{"start":1710464741499,"stop":1710464741512,"duration":13}},{"uid":"fdf91b8b6309b43c","reportUrl":"https://zaelcovsky.github.io/StroyremAutomation/261//#testresult/fdf91b8b6309b43c","status":"broken","statusDetails":"selenium.common.exceptions.NoSuchElementException: Message: no such element: Unable to locate element: {\"method\":\"xpath\",\"selector\":\"(//a[contains(text(), 'Акции')])[2]\"}\n  (Session info: chrome-headless-shell=122.0.6261.128); For documentation on this error, please visit: https://www.selenium.dev/documentation/webdriver/troubleshooting/errors#no-such-element-exception\nStacktrace:\n#0 0x5e98a0005f33 <unknown>\n#1 0x5e989fcfdce6 <unknown>\n#2 0x5e989fd48e48 <unknown>\n#3 0x5e989fd48f01 <unknown>\n#4 0x5e989fd8c3f4 <unknown>\n#5 0x5e989fd6aedd <unknown>\n#6 0x5e989fd89899 <unknown>\n#7 0x5e989fd6ac53 <unknown>\n#8 0x5e989fd3bdb3 <unknown>\n#9 0x5e989fd3c77e <unknown>\n#10 0x5e989ffcb86b <unknown>\n#11 0x5e989ffcf885 <unknown>\n#12 0x5e989ffb9181 <unknown>\n#13 0x5e989ffd0412 <unknown>\n#14 0x5e989ff9d25f <unknown>\n#15 0x5e989fff4528 <unknown>\n#16 0x5e989fff4723 <unknown>\n#17 0x5e98a00050e4 <unknown>\n#18 0x73772465b134 <unknown>","time":{"start":1710378278630,"stop":1710378278644,"duration":14}},{"uid":"1f68b0f3a62ea327","reportUrl":"https://zaelcovsky.github.io/StroyremAutomation/260//#testresult/1f68b0f3a62ea327","status":"broken","statusDetails":"selenium.common.exceptions.NoSuchElementException: Message: no such element: Unable to locate element: {\"method\":\"xpath\",\"selector\":\"(//a[contains(text(), 'Акции')])[2]\"}\n  (Session info: chrome-headless-shell=122.0.6261.128); For documentation on this error, please visit: https://www.selenium.dev/documentation/webdriver/troubleshooting/errors#no-such-element-exception\nStacktrace:\n#0 0x556dfc973f33 <unknown>\n#1 0x556dfc66bce6 <unknown>\n#2 0x556dfc6b6e48 <unknown>\n#3 0x556dfc6b6f01 <unknown>\n#4 0x556dfc6fa3f4 <unknown>\n#5 0x556dfc6d8edd <unknown>\n#6 0x556dfc6f7899 <unknown>\n#7 0x556dfc6d8c53 <unknown>\n#8 0x556dfc6a9db3 <unknown>\n#9 0x556dfc6aa77e <unknown>\n#10 0x556dfc93986b <unknown>\n#11 0x556dfc93d885 <unknown>\n#12 0x556dfc927181 <unknown>\n#13 0x556dfc93e412 <unknown>\n#14 0x556dfc90b25f <unknown>\n#15 0x556dfc962528 <unknown>\n#16 0x556dfc962723 <unknown>\n#17 0x556dfc9730e4 <unknown>\n#18 0x7f7de3197134 <unknown>","time":{"start":1710292033252,"stop":1710292033269,"duration":17}},{"uid":"4f15bd07813eeb88","reportUrl":"https://zaelcovsky.github.io/StroyremAutomation/259//#testresult/4f15bd07813eeb88","status":"broken","statusDetails":"selenium.common.exceptions.NoSuchElementException: Message: no such element: Unable to locate element: {\"method\":\"xpath\",\"selector\":\"(//a[contains(text(), 'Акции')])[2]\"}\n  (Session info: chrome-headless-shell=122.0.6261.111); For documentation on this error, please visit: https://www.selenium.dev/documentation/webdriver/troubleshooting/errors#no-such-element-exception\nStacktrace:\n#0 0x5cddca659ec3 <unknown>\n#1 0x5cddca351ce6 <unknown>\n#2 0x5cddca39ce48 <unknown>\n#3 0x5cddca39cf01 <unknown>\n#4 0x5cddca3e03f4 <unknown>\n#5 0x5cddca3beedd <unknown>\n#6 0x5cddca3dd899 <unknown>\n#7 0x5cddca3bec53 <unknown>\n#8 0x5cddca38fdb3 <unknown>\n#9 0x5cddca39077e <unknown>\n#10 0x5cddca61f7fb <unknown>\n#11 0x5cddca623815 <unknown>\n#12 0x5cddca60d111 <unknown>\n#13 0x5cddca6243a2 <unknown>\n#14 0x5cddca5f11ef <unknown>\n#15 0x5cddca6484b8 <unknown>\n#16 0x5cddca6486b3 <unknown>\n#17 0x5cddca659074 <unknown>\n#18 0x7635b1754134 <unknown>","time":{"start":1710205404253,"stop":1710205404267,"duration":14}},{"uid":"eb84feb91525c43f","reportUrl":"https://zaelcovsky.github.io/StroyremAutomation/258//#testresult/eb84feb91525c43f","status":"broken","statusDetails":"selenium.common.exceptions.NoSuchElementException: Message: no such element: Unable to locate element: {\"method\":\"xpath\",\"selector\":\"(//a[contains(text(), 'Акции')])[2]\"}\n  (Session info: chrome-headless-shell=122.0.6261.111); For documentation on this error, please visit: https://www.selenium.dev/documentation/webdriver/troubleshooting/errors#no-such-element-exception\nStacktrace:\n#0 0x5601fbfd6ec3 <unknown>\n#1 0x5601fbccece6 <unknown>\n#2 0x5601fbd19e48 <unknown>\n#3 0x5601fbd19f01 <unknown>\n#4 0x5601fbd5d3f4 <unknown>\n#5 0x5601fbd3bedd <unknown>\n#6 0x5601fbd5a899 <unknown>\n#7 0x5601fbd3bc53 <unknown>\n#8 0x5601fbd0cdb3 <unknown>\n#9 0x5601fbd0d77e <unknown>\n#10 0x5601fbf9c7fb <unknown>\n#11 0x5601fbfa0815 <unknown>\n#12 0x5601fbf8a111 <unknown>\n#13 0x5601fbfa13a2 <unknown>\n#14 0x5601fbf6e1ef <unknown>\n#15 0x5601fbfc54b8 <unknown>\n#16 0x5601fbfc56b3 <unknown>\n#17 0x5601fbfd6074 <unknown>\n#18 0x7f9c273ef134 <unknown>","time":{"start":1710119075025,"stop":1710119075037,"duration":12}},{"uid":"f2de3c057bd911fd","reportUrl":"https://zaelcovsky.github.io/StroyremAutomation/257//#testresult/f2de3c057bd911fd","status":"broken","statusDetails":"selenium.common.exceptions.NoSuchElementException: Message: no such element: Unable to locate element: {\"method\":\"xpath\",\"selector\":\"(//a[contains(text(), 'Акции')])[2]\"}\n  (Session info: chrome-headless-shell=122.0.6261.111); For documentation on this error, please visit: https://www.selenium.dev/documentation/webdriver/troubleshooting/errors#no-such-element-exception\nStacktrace:\n#0 0x564e2066bec3 <unknown>\n#1 0x564e20363ce6 <unknown>\n#2 0x564e203aee48 <unknown>\n#3 0x564e203aef01 <unknown>\n#4 0x564e203f23f4 <unknown>\n#5 0x564e203d0edd <unknown>\n#6 0x564e203ef899 <unknown>\n#7 0x564e203d0c53 <unknown>\n#8 0x564e203a1db3 <unknown>\n#9 0x564e203a277e <unknown>\n#10 0x564e206317fb <unknown>\n#11 0x564e20635815 <unknown>\n#12 0x564e2061f111 <unknown>\n#13 0x564e206363a2 <unknown>\n#14 0x564e206031ef <unknown>\n#15 0x564e2065a4b8 <unknown>\n#16 0x564e2065a6b3 <unknown>\n#17 0x564e2066b074 <unknown>\n#18 0x7f4a91509134 <unknown>","time":{"start":1710032909782,"stop":1710032909795,"duration":13}},{"uid":"5c81d13741997e91","reportUrl":"https://zaelcovsky.github.io/StroyremAutomation/256//#testresult/5c81d13741997e91","status":"broken","statusDetails":"selenium.common.exceptions.NoSuchElementException: Message: no such element: Unable to locate element: {\"method\":\"xpath\",\"selector\":\"(//a[contains(text(), 'Акции')])[2]\"}\n  (Session info: chrome-headless-shell=122.0.6261.111); For documentation on this error, please visit: https://www.selenium.dev/documentation/webdriver/troubleshooting/errors#no-such-element-exception\nStacktrace:\n#0 0x5619e11e0ec3 <unknown>\n#1 0x5619e0ed8ce6 <unknown>\n#2 0x5619e0f23e48 <unknown>\n#3 0x5619e0f23f01 <unknown>\n#4 0x5619e0f673f4 <unknown>\n#5 0x5619e0f45edd <unknown>\n#6 0x5619e0f64899 <unknown>\n#7 0x5619e0f45c53 <unknown>\n#8 0x5619e0f16db3 <unknown>\n#9 0x5619e0f1777e <unknown>\n#10 0x5619e11a67fb <unknown>\n#11 0x5619e11aa815 <unknown>\n#12 0x5619e1194111 <unknown>\n#13 0x5619e11ab3a2 <unknown>\n#14 0x5619e11781ef <unknown>\n#15 0x5619e11cf4b8 <unknown>\n#16 0x5619e11cf6b3 <unknown>\n#17 0x5619e11e0074 <unknown>\n#18 0x7f5758d7a134 <unknown>","time":{"start":1709946152284,"stop":1709946152297,"duration":13}},{"uid":"1e56bdaddc1de2b5","reportUrl":"https://zaelcovsky.github.io/StroyremAutomation/255//#testresult/1e56bdaddc1de2b5","status":"broken","statusDetails":"selenium.common.exceptions.NoSuchElementException: Message: no such element: Unable to locate element: {\"method\":\"xpath\",\"selector\":\"(//a[contains(text(), 'Акции')])[2]\"}\n  (Session info: chrome-headless-shell=122.0.6261.111); For documentation on this error, please visit: https://www.selenium.dev/documentation/webdriver/troubleshooting/errors#no-such-element-exception\nStacktrace:\n#0 0x564e7a042ec3 <unknown>\n#1 0x564e79d3ace6 <unknown>\n#2 0x564e79d85e48 <unknown>\n#3 0x564e79d85f01 <unknown>\n#4 0x564e79dc93f4 <unknown>\n#5 0x564e79da7edd <unknown>\n#6 0x564e79dc6899 <unknown>\n#7 0x564e79da7c53 <unknown>\n#8 0x564e79d78db3 <unknown>\n#9 0x564e79d7977e <unknown>\n#10 0x564e7a0087fb <unknown>\n#11 0x564e7a00c815 <unknown>\n#12 0x564e79ff6111 <unknown>\n#13 0x564e7a00d3a2 <unknown>\n#14 0x564e79fda1ef <unknown>\n#15 0x564e7a0314b8 <unknown>\n#16 0x564e7a0316b3 <unknown>\n#17 0x564e7a042074 <unknown>\n#18 0x7f4d6c7cf134 <unknown>","time":{"start":1709859809097,"stop":1709859809110,"duration":13}},{"uid":"2512152749001ff2","reportUrl":"https://zaelcovsky.github.io/StroyremAutomation/254//#testresult/2512152749001ff2","status":"broken","statusDetails":"selenium.common.exceptions.NoSuchElementException: Message: no such element: Unable to locate element: {\"method\":\"xpath\",\"selector\":\"(//a[contains(text(), 'Акции')])[2]\"}\n  (Session info: chrome-headless-shell=122.0.6261.94); For documentation on this error, please visit: https://www.selenium.dev/documentation/webdriver/troubleshooting/errors#no-such-element-exception\nStacktrace:\n#0 0x563d735c5e93 <unknown>\n#1 0x563d732bdce6 <unknown>\n#2 0x563d73308e48 <unknown>\n#3 0x563d73308f01 <unknown>\n#4 0x563d7334c3f4 <unknown>\n#5 0x563d7332aedd <unknown>\n#6 0x563d73349899 <unknown>\n#7 0x563d7332ac53 <unknown>\n#8 0x563d732fbdb3 <unknown>\n#9 0x563d732fc77e <unknown>\n#10 0x563d7358b7cb <unknown>\n#11 0x563d7358f7e5 <unknown>\n#12 0x563d735790e1 <unknown>\n#13 0x563d73590372 <unknown>\n#14 0x563d7355d1bf <unknown>\n#15 0x563d735b4488 <unknown>\n#16 0x563d735b4683 <unknown>\n#17 0x563d735c5044 <unknown>\n#18 0x7f393dfb2134 <unknown>","time":{"start":1709772897226,"stop":1709772897240,"duration":14}},{"uid":"9cf54869a22ac005","reportUrl":"https://zaelcovsky.github.io/StroyremAutomation/253//#testresult/9cf54869a22ac005","status":"broken","statusDetails":"selenium.common.exceptions.NoSuchElementException: Message: no such element: Unable to locate element: {\"method\":\"xpath\",\"selector\":\"(//a[contains(text(), 'Акции')])[2]\"}\n  (Session info: chrome-headless-shell=122.0.6261.94); For documentation on this error, please visit: https://www.selenium.dev/documentation/webdriver/troubleshooting/errors#no-such-element-exception\nStacktrace:\n#0 0x5634a709be93 <unknown>\n#1 0x5634a6d93ce6 <unknown>\n#2 0x5634a6ddee48 <unknown>\n#3 0x5634a6ddef01 <unknown>\n#4 0x5634a6e223f4 <unknown>\n#5 0x5634a6e00edd <unknown>\n#6 0x5634a6e1f899 <unknown>\n#7 0x5634a6e00c53 <unknown>\n#8 0x5634a6dd1db3 <unknown>\n#9 0x5634a6dd277e <unknown>\n#10 0x5634a70617cb <unknown>\n#11 0x5634a70657e5 <unknown>\n#12 0x5634a704f0e1 <unknown>\n#13 0x5634a7066372 <unknown>\n#14 0x5634a70331bf <unknown>\n#15 0x5634a708a488 <unknown>\n#16 0x5634a708a683 <unknown>\n#17 0x5634a709b044 <unknown>\n#18 0x7f8ba45d6134 <unknown>","time":{"start":1709687013507,"stop":1709687013521,"duration":14}},{"uid":"9e47cec709c22288","reportUrl":"https://zaelcovsky.github.io/StroyremAutomation/252//#testresult/9e47cec709c22288","status":"broken","statusDetails":"selenium.common.exceptions.NoSuchElementException: Message: no such element: Unable to locate element: {\"method\":\"xpath\",\"selector\":\"(//a[contains(text(), 'Акции')])[2]\"}\n  (Session info: chrome-headless-shell=122.0.6261.94); For documentation on this error, please visit: https://www.selenium.dev/documentation/webdriver/troubleshooting/errors#no-such-element-exception\nStacktrace:\n#0 0x564a40769e93 <unknown>\n#1 0x564a40461ce6 <unknown>\n#2 0x564a404ace48 <unknown>\n#3 0x564a404acf01 <unknown>\n#4 0x564a404f03f4 <unknown>\n#5 0x564a404ceedd <unknown>\n#6 0x564a404ed899 <unknown>\n#7 0x564a404cec53 <unknown>\n#8 0x564a4049fdb3 <unknown>\n#9 0x564a404a077e <unknown>\n#10 0x564a4072f7cb <unknown>\n#11 0x564a407337e5 <unknown>\n#12 0x564a4071d0e1 <unknown>\n#13 0x564a40734372 <unknown>\n#14 0x564a407011bf <unknown>\n#15 0x564a40758488 <unknown>\n#16 0x564a40758683 <unknown>\n#17 0x564a40769044 <unknown>\n#18 0x7fa048e3d134 <unknown>","time":{"start":1709600598821,"stop":1709600598834,"duration":13}},{"uid":"77223f9f9cdc5ebd","reportUrl":"https://zaelcovsky.github.io/StroyremAutomation/251//#testresult/77223f9f9cdc5ebd","status":"broken","statusDetails":"selenium.common.exceptions.NoSuchElementException: Message: no such element: Unable to locate element: {\"method\":\"xpath\",\"selector\":\"(//a[contains(text(), 'Акции')])[2]\"}\n  (Session info: chrome-headless-shell=122.0.6261.94); For documentation on this error, please visit: https://www.selenium.dev/documentation/webdriver/troubleshooting/errors#no-such-element-exception\nStacktrace:\n#0 0x55976dd9ce93 <unknown>\n#1 0x55976da94ce6 <unknown>\n#2 0x55976dadfe48 <unknown>\n#3 0x55976dadff01 <unknown>\n#4 0x55976db233f4 <unknown>\n#5 0x55976db01edd <unknown>\n#6 0x55976db20899 <unknown>\n#7 0x55976db01c53 <unknown>\n#8 0x55976dad2db3 <unknown>\n#9 0x55976dad377e <unknown>\n#10 0x55976dd627cb <unknown>\n#11 0x55976dd667e5 <unknown>\n#12 0x55976dd500e1 <unknown>\n#13 0x55976dd67372 <unknown>\n#14 0x55976dd341bf <unknown>\n#15 0x55976dd8b488 <unknown>\n#16 0x55976dd8b683 <unknown>\n#17 0x55976dd9c044 <unknown>\n#18 0x7fe33ebf6134 <unknown>","time":{"start":1709514257043,"stop":1709514257057,"duration":14}},{"uid":"d2fc27535f3407ef","reportUrl":"https://zaelcovsky.github.io/StroyremAutomation/250//#testresult/d2fc27535f3407ef","status":"broken","statusDetails":"selenium.common.exceptions.NoSuchElementException: Message: no such element: Unable to locate element: {\"method\":\"xpath\",\"selector\":\"(//a[contains(text(), 'Акции')])[2]\"}\n  (Session info: chrome-headless-shell=122.0.6261.94); For documentation on this error, please visit: https://www.selenium.dev/documentation/webdriver/troubleshooting/errors#no-such-element-exception\nStacktrace:\n#0 0x55920bd1fe93 <unknown>\n#1 0x55920ba17ce6 <unknown>\n#2 0x55920ba62e48 <unknown>\n#3 0x55920ba62f01 <unknown>\n#4 0x55920baa63f4 <unknown>\n#5 0x55920ba84edd <unknown>\n#6 0x55920baa3899 <unknown>\n#7 0x55920ba84c53 <unknown>\n#8 0x55920ba55db3 <unknown>\n#9 0x55920ba5677e <unknown>\n#10 0x55920bce57cb <unknown>\n#11 0x55920bce97e5 <unknown>\n#12 0x55920bcd30e1 <unknown>\n#13 0x55920bcea372 <unknown>\n#14 0x55920bcb71bf <unknown>\n#15 0x55920bd0e488 <unknown>\n#16 0x55920bd0e683 <unknown>\n#17 0x55920bd1f044 <unknown>\n#18 0x7fbd939d0134 <unknown>","time":{"start":1709428056739,"stop":1709428056752,"duration":13}},{"uid":"5549da76a298fb27","reportUrl":"https://zaelcovsky.github.io/StroyremAutomation/249//#testresult/5549da76a298fb27","status":"broken","statusDetails":"selenium.common.exceptions.NoSuchElementException: Message: no such element: Unable to locate element: {\"method\":\"xpath\",\"selector\":\"(//a[contains(text(), 'Акции')])[2]\"}\n  (Session info: chrome-headless-shell=122.0.6261.94); For documentation on this error, please visit: https://www.selenium.dev/documentation/webdriver/troubleshooting/errors#no-such-element-exception\nStacktrace:\n#0 0x55fecc7c7e93 <unknown>\n#1 0x55fecc4bfce6 <unknown>\n#2 0x55fecc50ae48 <unknown>\n#3 0x55fecc50af01 <unknown>\n#4 0x55fecc54e3f4 <unknown>\n#5 0x55fecc52cedd <unknown>\n#6 0x55fecc54b899 <unknown>\n#7 0x55fecc52cc53 <unknown>\n#8 0x55fecc4fddb3 <unknown>\n#9 0x55fecc4fe77e <unknown>\n#10 0x55fecc78d7cb <unknown>\n#11 0x55fecc7917e5 <unknown>\n#12 0x55fecc77b0e1 <unknown>\n#13 0x55fecc792372 <unknown>\n#14 0x55fecc75f1bf <unknown>\n#15 0x55fecc7b6488 <unknown>\n#16 0x55fecc7b6683 <unknown>\n#17 0x55fecc7c7044 <unknown>\n#18 0x7f7eccd86134 <unknown>","time":{"start":1709341396827,"stop":1709341396840,"duration":13}},{"uid":"48aee1b33e4e92ab","reportUrl":"https://zaelcovsky.github.io/StroyremAutomation/248//#testresult/48aee1b33e4e92ab","status":"broken","statusDetails":"selenium.common.exceptions.NoSuchElementException: Message: no such element: Unable to locate element: {\"method\":\"xpath\",\"selector\":\"(//a[contains(text(), 'Акции')])[2]\"}\n  (Session info: chrome-headless-shell=122.0.6261.94); For documentation on this error, please visit: https://www.selenium.dev/documentation/webdriver/troubleshooting/errors#no-such-element-exception\nStacktrace:\n#0 0x55cd73539e93 <unknown>\n#1 0x55cd73231ce6 <unknown>\n#2 0x55cd7327ce48 <unknown>\n#3 0x55cd7327cf01 <unknown>\n#4 0x55cd732c03f4 <unknown>\n#5 0x55cd7329eedd <unknown>\n#6 0x55cd732bd899 <unknown>\n#7 0x55cd7329ec53 <unknown>\n#8 0x55cd7326fdb3 <unknown>\n#9 0x55cd7327077e <unknown>\n#10 0x55cd734ff7cb <unknown>\n#11 0x55cd735037e5 <unknown>\n#12 0x55cd734ed0e1 <unknown>\n#13 0x55cd73504372 <unknown>\n#14 0x55cd734d11bf <unknown>\n#15 0x55cd73528488 <unknown>\n#16 0x55cd73528683 <unknown>\n#17 0x55cd73539044 <unknown>\n#18 0x7f5165bfa134 <unknown>","time":{"start":1709255345764,"stop":1709255345777,"duration":13}},{"uid":"e34e08efddf0ddcb","reportUrl":"https://zaelcovsky.github.io/StroyremAutomation/247//#testresult/e34e08efddf0ddcb","status":"broken","statusDetails":"selenium.common.exceptions.NoSuchElementException: Message: no such element: Unable to locate element: {\"method\":\"xpath\",\"selector\":\"(//a[contains(text(), 'Акции')])[2]\"}\n  (Session info: chrome-headless-shell=122.0.6261.94); For documentation on this error, please visit: https://www.selenium.dev/documentation/webdriver/troubleshooting/errors#no-such-element-exception\nStacktrace:\n#0 0x56164a2aae93 <unknown>\n#1 0x561649fa2ce6 <unknown>\n#2 0x561649fede48 <unknown>\n#3 0x561649fedf01 <unknown>\n#4 0x56164a0313f4 <unknown>\n#5 0x56164a00fedd <unknown>\n#6 0x56164a02e899 <unknown>\n#7 0x56164a00fc53 <unknown>\n#8 0x561649fe0db3 <unknown>\n#9 0x561649fe177e <unknown>\n#10 0x56164a2707cb <unknown>\n#11 0x56164a2747e5 <unknown>\n#12 0x56164a25e0e1 <unknown>\n#13 0x56164a275372 <unknown>\n#14 0x56164a2421bf <unknown>\n#15 0x56164a299488 <unknown>\n#16 0x56164a299683 <unknown>\n#17 0x56164a2aa044 <unknown>\n#18 0x7ff47f509134 <unknown>","time":{"start":1709168607005,"stop":1709168607019,"duration":14}},{"uid":"553f49183157c1f6","reportUrl":"https://zaelcovsky.github.io/StroyremAutomation/246//#testresult/553f49183157c1f6","status":"broken","statusDetails":"selenium.common.exceptions.NoSuchElementException: Message: no such element: Unable to locate element: {\"method\":\"xpath\",\"selector\":\"(//a[contains(text(), 'Акции')])[2]\"}\n  (Session info: chrome-headless-shell=122.0.6261.94); For documentation on this error, please visit: https://www.selenium.dev/documentation/webdriver/troubleshooting/errors#no-such-element-exception\nStacktrace:\n#0 0x555a8e374e93 <unknown>\n#1 0x555a8e06cce6 <unknown>\n#2 0x555a8e0b7e48 <unknown>\n#3 0x555a8e0b7f01 <unknown>\n#4 0x555a8e0fb3f4 <unknown>\n#5 0x555a8e0d9edd <unknown>\n#6 0x555a8e0f8899 <unknown>\n#7 0x555a8e0d9c53 <unknown>\n#8 0x555a8e0aadb3 <unknown>\n#9 0x555a8e0ab77e <unknown>\n#10 0x555a8e33a7cb <unknown>\n#11 0x555a8e33e7e5 <unknown>\n#12 0x555a8e3280e1 <unknown>\n#13 0x555a8e33f372 <unknown>\n#14 0x555a8e30c1bf <unknown>\n#15 0x555a8e363488 <unknown>\n#16 0x555a8e363683 <unknown>\n#17 0x555a8e374044 <unknown>\n#18 0x7f4f1e189134 <unknown>","time":{"start":1709082217837,"stop":1709082217851,"duration":14}},{"uid":"a06355136c91a24e","reportUrl":"https://zaelcovsky.github.io/StroyremAutomation/245//#testresult/a06355136c91a24e","status":"broken","statusDetails":"selenium.common.exceptions.NoSuchElementException: Message: no such element: Unable to locate element: {\"method\":\"xpath\",\"selector\":\"(//a[contains(text(), 'Акции')])[2]\"}\n  (Session info: chrome-headless-shell=122.0.6261.69); For documentation on this error, please visit: https://www.selenium.dev/documentation/webdriver/troubleshooting/errors#no-such-element-exception\nStacktrace:\n#0 0x563b50cbd793 <unknown>\n#1 0x563b509b11c6 <unknown>\n#2 0x563b509fc358 <unknown>\n#3 0x563b509fc411 <unknown>\n#4 0x563b50a3f934 <unknown>\n#5 0x563b50a1e3fd <unknown>\n#6 0x563b50a3cdd9 <unknown>\n#7 0x563b50a1e173 <unknown>\n#8 0x563b509ef2d3 <unknown>\n#9 0x563b509efc9e <unknown>\n#10 0x563b50c818cb <unknown>\n#11 0x563b50c85745 <unknown>\n#12 0x563b50c6e2e1 <unknown>\n#13 0x563b50c862d2 <unknown>\n#14 0x563b50c5217f <unknown>\n#15 0x563b50cabdc8 <unknown>\n#16 0x563b50cabfc3 <unknown>\n#17 0x563b50cbc944 <unknown>\n#18 0x7f9340417134 <unknown>","time":{"start":1708995840185,"stop":1708995840199,"duration":14}},{"uid":"3dae0fe836582e65","reportUrl":"https://zaelcovsky.github.io/StroyremAutomation/244//#testresult/3dae0fe836582e65","status":"broken","statusDetails":"selenium.common.exceptions.NoSuchElementException: Message: no such element: Unable to locate element: {\"method\":\"xpath\",\"selector\":\"(//a[contains(text(), 'Акции')])[2]\"}\n  (Session info: chrome-headless-shell=122.0.6261.69); For documentation on this error, please visit: https://www.selenium.dev/documentation/webdriver/troubleshooting/errors#no-such-element-exception\nStacktrace:\n#0 0x560c43184793 <unknown>\n#1 0x560c42e781c6 <unknown>\n#2 0x560c42ec3358 <unknown>\n#3 0x560c42ec3411 <unknown>\n#4 0x560c42f06934 <unknown>\n#5 0x560c42ee53fd <unknown>\n#6 0x560c42f03dd9 <unknown>\n#7 0x560c42ee5173 <unknown>\n#8 0x560c42eb62d3 <unknown>\n#9 0x560c42eb6c9e <unknown>\n#10 0x560c431488cb <unknown>\n#11 0x560c4314c745 <unknown>\n#12 0x560c431352e1 <unknown>\n#13 0x560c4314d2d2 <unknown>\n#14 0x560c4311917f <unknown>\n#15 0x560c43172dc8 <unknown>\n#16 0x560c43172fc3 <unknown>\n#17 0x560c43183944 <unknown>\n#18 0x7fe74df0b134 <unknown>","time":{"start":1708909479200,"stop":1708909479213,"duration":13}},{"uid":"8eb8016ad2d05622","reportUrl":"https://zaelcovsky.github.io/StroyremAutomation/243//#testresult/8eb8016ad2d05622","status":"broken","statusDetails":"selenium.common.exceptions.NoSuchElementException: Message: no such element: Unable to locate element: {\"method\":\"xpath\",\"selector\":\"(//a[contains(text(), 'Акции')])[2]\"}\n  (Session info: chrome-headless-shell=122.0.6261.69); For documentation on this error, please visit: https://www.selenium.dev/documentation/webdriver/troubleshooting/errors#no-such-element-exception\nStacktrace:\n#0 0x562374b6a793 <unknown>\n#1 0x56237485e1c6 <unknown>\n#2 0x5623748a9358 <unknown>\n#3 0x5623748a9411 <unknown>\n#4 0x5623748ec934 <unknown>\n#5 0x5623748cb3fd <unknown>\n#6 0x5623748e9dd9 <unknown>\n#7 0x5623748cb173 <unknown>\n#8 0x56237489c2d3 <unknown>\n#9 0x56237489cc9e <unknown>\n#10 0x562374b2e8cb <unknown>\n#11 0x562374b32745 <unknown>\n#12 0x562374b1b2e1 <unknown>\n#13 0x562374b332d2 <unknown>\n#14 0x562374aff17f <unknown>\n#15 0x562374b58dc8 <unknown>\n#16 0x562374b58fc3 <unknown>\n#17 0x562374b69944 <unknown>\n#18 0x7fbd99637134 <unknown>","time":{"start":1708823262840,"stop":1708823262853,"duration":13}}]},"tags":["smoke_test"]},"source":"9303208cbcd1eae6.json","parameterValues":["'https://test2.stroyrem-nn.ru/'"]}