{"uid":"ad4d1258b686141","name":"test_positive_delivery_green_zone_smoke[TD 007-products/shtukaturka-gipsovaya-aksolit-m50-30-kg-mashinnogo-naneseniya-66-2000-1300-2490-2980-https://sandboxtest.stroyrem-nn.ru/]","fullName":"tests.delivery.test_delivery_calculation.TestDeliveryPageCalculation#test_positive_delivery_green_zone_smoke","historyId":"01706720b82fe343c373f6b78a174407","time":{"start":1693876186208,"stop":1693876186784,"duration":576},"status":"broken","statusMessage":"selenium.common.exceptions.NoSuchElementException: Message: no such element: Unable to locate element: {\"method\":\"xpath\",\"selector\":\"(//a[@class='add-to-cart yellow-btn'])[1]\"}\n  (Session info: headless chrome=116.0.5845.96); For documentation on this error, please visit: https://www.selenium.dev/documentation/webdriver/troubleshooting/errors#no-such-element-exception\nStacktrace:\n#0 0x558398285e23 <unknown>\n#1 0x558397fae7a7 <unknown>\n#2 0x558397fed1d3 <unknown>\n#3 0x558397fed2c1 <unknown>\n#4 0x558398028a04 <unknown>\n#5 0x55839800e03d <unknown>\n#6 0x558398026369 <unknown>\n#7 0x55839800dde3 <unknown>\n#8 0x558397fe1a7b <unknown>\n#9 0x558397fe281e <unknown>\n#10 0x558398247638 <unknown>\n#11 0x55839824b507 <unknown>\n#12 0x558398255c4c <unknown>\n#13 0x55839824c136 <unknown>\n#14 0x55839821a9cf <unknown>\n#15 0x55839826fb98 <unknown>\n#16 0x55839826fd68 <unknown>\n#17 0x55839827ecb3 <unknown>\n#18 0x7f74f7528044 <unknown>","statusTrace":"self = <tests.delivery.test_delivery_calculation.TestDeliveryPageCalculation object at 0x7fde615ec650>\ndriver = <selenium.webdriver.chrome.webdriver.WebDriver (session=\"6b9f951f83f50c347551b7164887f0c7\")>\nurl = 'https://sandboxtest.stroyrem-nn.ru/', case_id = 'TD 007'\nlink_item = 'products/shtukaturka-gipsovaya-aksolit-m50-30-kg-mashinnogo-naneseniya'\namount = 66, weight = 2000, standard = 1300, in_time = 2490, all_time = 2980\n\n    @pytest.mark.parametrize('case_id, link_item, amount, weight, standard, in_time, all_time', [\n        (\"TD 001\", uroven_3000, 1, 30, 0, 1590, 2190),\n        (\"TD 002\", bundeks_25, 1, 30, 400, 1590, 2190),\n        (\"TD 003\", aksolit_30, 8, 300, 400, 1590, 2190),\n        (\"TD 004\", aksolit_30, 13, 400, 450, 1590, 2190),\n        (\"TD 005\", aksolit_30, 16, 500, 600, 1590, 2190),\n        (\"TD 006\", aksolit_30, 25, 1700, 990, 1990, 2480),\n        (\"TD 007\", aksolit_30, 66, 2000, 1300, 2490, 2980),\n        (\"TD 008\", aksolit_30, 149, 4500, 2300, 3980, 4490),\n        (\"TD 009\", aksolit_30, 166, 5000, 2500, 4990, 5480),\n        pytest.param(\n            \"TD 010\", aksolit_30, 206, 6200, 2900, 5570, 6120,\n            marks=pytest.mark.xfail(reson=\"Цена доставки 3600 7960 8980\")\n        ),\n        (\"TD 011\", aksolit_30, 299, 9000, 3600, 7960, 8980),\n        (\"TD 012\", aksolit_30, 333, 10000, 4450, 11990, 12500),\n        pytest.param(\n            \"TD 013\", aksolit_30, 366, 11000, 4800, 12450, 13480,\n            marks=pytest.mark.xfail(reason=\"Цена стандартной доставки 4450\")\n        ),\n        pytest.param(\n            \"TD 014\", aksolit_30, 666, 20000, 5400, 15600, 17490,\n            marks=pytest.mark.xfail(reason=\"Цена стандартной доставки 4450\")\n        )\n    ])\n    @pytest.mark.smoke\n    def test_positive_delivery_green_zone_smoke(\n            self, driver, url, case_id, link_item, amount, weight, standard, in_time, all_time\n    ):\n    \n        driver.get(f'{url}{link_item}')\n        item_page = ItemPage(driver)\n>       item_page.add_item_to_cart(amount).click_on_cart()\n\ntests/delivery/test_delivery_calculation.py:49: \n_ _ _ _ _ _ _ _ _ _ _ _ _ _ _ _ _ _ _ _ _ _ _ _ _ _ _ _ _ _ _ _ _ _ _ _ _ _ _ _ \npages/item_page.py:40: in add_item_to_cart\n    self.find_element(self._add_item).click()\nbase/seleniumbase.py:17: in find_element\n    return self.driver.find_element(*locator)\n/usr/local/lib/python3.11/site-packages/selenium/webdriver/remote/webdriver.py:740: in find_element\n    return self.execute(Command.FIND_ELEMENT, {\"using\": by, \"value\": value})[\"value\"]\n/usr/local/lib/python3.11/site-packages/selenium/webdriver/remote/webdriver.py:346: in execute\n    self.error_handler.check_response(response)\n_ _ _ _ _ _ _ _ _ _ _ _ _ _ _ _ _ _ _ _ _ _ _ _ _ _ _ _ _ _ _ _ _ _ _ _ _ _ _ _ \n\nself = <selenium.webdriver.remote.errorhandler.ErrorHandler object at 0x7fde60f6d350>\nresponse = {'status': 404, 'value': '{\"value\":{\"error\":\"no such element\",\"message\":\"no such element: Unable to locate element: {\\...\\\\n#16 0x55839826fd68 \\\\u003Cunknown>\\\\n#17 0x55839827ecb3 \\\\u003Cunknown>\\\\n#18 0x7f74f7528044 \\\\u003Cunknown>\\\\n\"}}'}\n\n    def check_response(self, response: Dict[str, Any]) -> None:\n        \"\"\"Checks that a JSON response from the WebDriver does not have an\n        error.\n    \n        :Args:\n         - response - The JSON response from the WebDriver server as a dictionary\n           object.\n    \n        :Raises: If the response contains an error message.\n        \"\"\"\n        status = response.get(\"status\", None)\n        if not status or status == ErrorCode.SUCCESS:\n            return\n        value = None\n        message = response.get(\"message\", \"\")\n        screen: str = response.get(\"screen\", \"\")\n        stacktrace = None\n        if isinstance(status, int):\n            value_json = response.get(\"value\", None)\n            if value_json and isinstance(value_json, str):\n                import json\n    \n                try:\n                    value = json.loads(value_json)\n                    if len(value) == 1:\n                        value = value[\"value\"]\n                    status = value.get(\"error\", None)\n                    if not status:\n                        status = value.get(\"status\", ErrorCode.UNKNOWN_ERROR)\n                        message = value.get(\"value\") or value.get(\"message\")\n                        if not isinstance(message, str):\n                            value = message\n                            message = message.get(\"message\")\n                    else:\n                        message = value.get(\"message\", None)\n                except ValueError:\n                    pass\n    \n        exception_class: Type[WebDriverException]\n        if status in ErrorCode.NO_SUCH_ELEMENT:\n            exception_class = NoSuchElementException\n        elif status in ErrorCode.NO_SUCH_FRAME:\n            exception_class = NoSuchFrameException\n        elif status in ErrorCode.NO_SUCH_SHADOW_ROOT:\n            exception_class = NoSuchShadowRootException\n        elif status in ErrorCode.NO_SUCH_WINDOW:\n            exception_class = NoSuchWindowException\n        elif status in ErrorCode.STALE_ELEMENT_REFERENCE:\n            exception_class = StaleElementReferenceException\n        elif status in ErrorCode.ELEMENT_NOT_VISIBLE:\n            exception_class = ElementNotVisibleException\n        elif status in ErrorCode.INVALID_ELEMENT_STATE:\n            exception_class = InvalidElementStateException\n        elif (\n            status in ErrorCode.INVALID_SELECTOR\n            or status in ErrorCode.INVALID_XPATH_SELECTOR\n            or status in ErrorCode.INVALID_XPATH_SELECTOR_RETURN_TYPER\n        ):\n            exception_class = InvalidSelectorException\n        elif status in ErrorCode.ELEMENT_IS_NOT_SELECTABLE:\n            exception_class = ElementNotSelectableException\n        elif status in ErrorCode.ELEMENT_NOT_INTERACTABLE:\n            exception_class = ElementNotInteractableException\n        elif status in ErrorCode.INVALID_COOKIE_DOMAIN:\n            exception_class = InvalidCookieDomainException\n        elif status in ErrorCode.UNABLE_TO_SET_COOKIE:\n            exception_class = UnableToSetCookieException\n        elif status in ErrorCode.TIMEOUT:\n            exception_class = TimeoutException\n        elif status in ErrorCode.SCRIPT_TIMEOUT:\n            exception_class = TimeoutException\n        elif status in ErrorCode.UNKNOWN_ERROR:\n            exception_class = WebDriverException\n        elif status in ErrorCode.UNEXPECTED_ALERT_OPEN:\n            exception_class = UnexpectedAlertPresentException\n        elif status in ErrorCode.NO_ALERT_OPEN:\n            exception_class = NoAlertPresentException\n        elif status in ErrorCode.IME_NOT_AVAILABLE:\n            exception_class = ImeNotAvailableException\n        elif status in ErrorCode.IME_ENGINE_ACTIVATION_FAILED:\n            exception_class = ImeActivationFailedException\n        elif status in ErrorCode.MOVE_TARGET_OUT_OF_BOUNDS:\n            exception_class = MoveTargetOutOfBoundsException\n        elif status in ErrorCode.JAVASCRIPT_ERROR:\n            exception_class = JavascriptException\n        elif status in ErrorCode.SESSION_NOT_CREATED:\n            exception_class = SessionNotCreatedException\n        elif status in ErrorCode.INVALID_ARGUMENT:\n            exception_class = InvalidArgumentException\n        elif status in ErrorCode.NO_SUCH_COOKIE:\n            exception_class = NoSuchCookieException\n        elif status in ErrorCode.UNABLE_TO_CAPTURE_SCREEN:\n            exception_class = ScreenshotException\n        elif status in ErrorCode.ELEMENT_CLICK_INTERCEPTED:\n            exception_class = ElementClickInterceptedException\n        elif status in ErrorCode.INSECURE_CERTIFICATE:\n            exception_class = InsecureCertificateException\n        elif status in ErrorCode.INVALID_COORDINATES:\n            exception_class = InvalidCoordinatesException\n        elif status in ErrorCode.INVALID_SESSION_ID:\n            exception_class = InvalidSessionIdException\n        elif status in ErrorCode.UNKNOWN_METHOD:\n            exception_class = UnknownMethodException\n        else:\n            exception_class = WebDriverException\n        if not value:\n            value = response[\"value\"]\n        if isinstance(value, str):\n            raise exception_class(value)\n        if message == \"\" and \"message\" in value:\n            message = value[\"message\"]\n    \n        screen = None  # type: ignore[assignment]\n        if \"screen\" in value:\n            screen = value[\"screen\"]\n    \n        stacktrace = None\n        st_value = value.get(\"stackTrace\") or value.get(\"stacktrace\")\n        if st_value:\n            if isinstance(st_value, str):\n                stacktrace = st_value.split(\"\\n\")\n            else:\n                stacktrace = []\n                try:\n                    for frame in st_value:\n                        line = frame.get(\"lineNumber\", \"\")\n                        file = frame.get(\"fileName\", \"<anonymous>\")\n                        if line:\n                            file = f\"{file}:{line}\"\n                        meth = frame.get(\"methodName\", \"<anonymous>\")\n                        if \"className\" in frame:\n                            meth = f\"{frame['className']}.{meth}\"\n                        msg = \"    at %s (%s)\"\n                        msg = msg % (meth, file)\n                        stacktrace.append(msg)\n                except TypeError:\n                    pass\n        if exception_class == UnexpectedAlertPresentException:\n            alert_text = None\n            if \"data\" in value:\n                alert_text = value[\"data\"].get(\"text\")\n            elif \"alert\" in value:\n                alert_text = value[\"alert\"].get(\"text\")\n            raise exception_class(message, screen, stacktrace, alert_text)  # type: ignore[call-arg]  # mypy is not smart enough here\n>       raise exception_class(message, screen, stacktrace)\nE       selenium.common.exceptions.NoSuchElementException: Message: no such element: Unable to locate element: {\"method\":\"xpath\",\"selector\":\"(//a[@class='add-to-cart yellow-btn'])[1]\"}\nE         (Session info: headless chrome=116.0.5845.96); For documentation on this error, please visit: https://www.selenium.dev/documentation/webdriver/troubleshooting/errors#no-such-element-exception\nE       Stacktrace:\nE       #0 0x558398285e23 <unknown>\nE       #1 0x558397fae7a7 <unknown>\nE       #2 0x558397fed1d3 <unknown>\nE       #3 0x558397fed2c1 <unknown>\nE       #4 0x558398028a04 <unknown>\nE       #5 0x55839800e03d <unknown>\nE       #6 0x558398026369 <unknown>\nE       #7 0x55839800dde3 <unknown>\nE       #8 0x558397fe1a7b <unknown>\nE       #9 0x558397fe281e <unknown>\nE       #10 0x558398247638 <unknown>\nE       #11 0x55839824b507 <unknown>\nE       #12 0x558398255c4c <unknown>\nE       #13 0x55839824c136 <unknown>\nE       #14 0x55839821a9cf <unknown>\nE       #15 0x55839826fb98 <unknown>\nE       #16 0x55839826fd68 <unknown>\nE       #17 0x55839827ecb3 <unknown>\nE       #18 0x7f74f7528044 <unknown>\n\n/usr/local/lib/python3.11/site-packages/selenium/webdriver/remote/errorhandler.py:245: NoSuchElementException","flaky":false,"newFailed":false,"newBroken":false,"newPassed":false,"retriesCount":0,"retriesStatusChange":false,"beforeStages":[{"name":"_session_faker","time":{"start":1693875568089,"stop":1693875568208,"duration":119},"status":"passed","steps":[],"attachments":[],"parameters":[],"shouldDisplayMessage":false,"stepsCount":0,"attachmentsCount":0,"hasContent":false},{"name":"clear_allure_results_folder","time":{"start":1693875568208,"stop":1693875568208,"duration":0},"status":"passed","steps":[],"attachments":[],"parameters":[],"shouldDisplayMessage":false,"stepsCount":0,"attachmentsCount":0,"hasContent":false},{"name":"driver","time":{"start":1693876185373,"stop":1693876186206,"duration":833},"status":"passed","steps":[],"attachments":[],"parameters":[],"shouldDisplayMessage":false,"stepsCount":0,"attachmentsCount":0,"hasContent":false},{"name":"setup","time":{"start":1693876186207,"stop":1693876186207,"duration":0},"status":"passed","steps":[],"attachments":[],"parameters":[],"shouldDisplayMessage":false,"stepsCount":0,"attachmentsCount":0,"hasContent":false}],"testStage":{"status":"broken","statusMessage":"selenium.common.exceptions.NoSuchElementException: Message: no such element: Unable to locate element: {\"method\":\"xpath\",\"selector\":\"(//a[@class='add-to-cart yellow-btn'])[1]\"}\n  (Session info: headless chrome=116.0.5845.96); For documentation on this error, please visit: https://www.selenium.dev/documentation/webdriver/troubleshooting/errors#no-such-element-exception\nStacktrace:\n#0 0x558398285e23 <unknown>\n#1 0x558397fae7a7 <unknown>\n#2 0x558397fed1d3 <unknown>\n#3 0x558397fed2c1 <unknown>\n#4 0x558398028a04 <unknown>\n#5 0x55839800e03d <unknown>\n#6 0x558398026369 <unknown>\n#7 0x55839800dde3 <unknown>\n#8 0x558397fe1a7b <unknown>\n#9 0x558397fe281e <unknown>\n#10 0x558398247638 <unknown>\n#11 0x55839824b507 <unknown>\n#12 0x558398255c4c <unknown>\n#13 0x55839824c136 <unknown>\n#14 0x55839821a9cf <unknown>\n#15 0x55839826fb98 <unknown>\n#16 0x55839826fd68 <unknown>\n#17 0x55839827ecb3 <unknown>\n#18 0x7f74f7528044 <unknown>","statusTrace":"self = <tests.delivery.test_delivery_calculation.TestDeliveryPageCalculation object at 0x7fde615ec650>\ndriver = <selenium.webdriver.chrome.webdriver.WebDriver (session=\"6b9f951f83f50c347551b7164887f0c7\")>\nurl = 'https://sandboxtest.stroyrem-nn.ru/', case_id = 'TD 007'\nlink_item = 'products/shtukaturka-gipsovaya-aksolit-m50-30-kg-mashinnogo-naneseniya'\namount = 66, weight = 2000, standard = 1300, in_time = 2490, all_time = 2980\n\n    @pytest.mark.parametrize('case_id, link_item, amount, weight, standard, in_time, all_time', [\n        (\"TD 001\", uroven_3000, 1, 30, 0, 1590, 2190),\n        (\"TD 002\", bundeks_25, 1, 30, 400, 1590, 2190),\n        (\"TD 003\", aksolit_30, 8, 300, 400, 1590, 2190),\n        (\"TD 004\", aksolit_30, 13, 400, 450, 1590, 2190),\n        (\"TD 005\", aksolit_30, 16, 500, 600, 1590, 2190),\n        (\"TD 006\", aksolit_30, 25, 1700, 990, 1990, 2480),\n        (\"TD 007\", aksolit_30, 66, 2000, 1300, 2490, 2980),\n        (\"TD 008\", aksolit_30, 149, 4500, 2300, 3980, 4490),\n        (\"TD 009\", aksolit_30, 166, 5000, 2500, 4990, 5480),\n        pytest.param(\n            \"TD 010\", aksolit_30, 206, 6200, 2900, 5570, 6120,\n            marks=pytest.mark.xfail(reson=\"Цена доставки 3600 7960 8980\")\n        ),\n        (\"TD 011\", aksolit_30, 299, 9000, 3600, 7960, 8980),\n        (\"TD 012\", aksolit_30, 333, 10000, 4450, 11990, 12500),\n        pytest.param(\n            \"TD 013\", aksolit_30, 366, 11000, 4800, 12450, 13480,\n            marks=pytest.mark.xfail(reason=\"Цена стандартной доставки 4450\")\n        ),\n        pytest.param(\n            \"TD 014\", aksolit_30, 666, 20000, 5400, 15600, 17490,\n            marks=pytest.mark.xfail(reason=\"Цена стандартной доставки 4450\")\n        )\n    ])\n    @pytest.mark.smoke\n    def test_positive_delivery_green_zone_smoke(\n            self, driver, url, case_id, link_item, amount, weight, standard, in_time, all_time\n    ):\n    \n        driver.get(f'{url}{link_item}')\n        item_page = ItemPage(driver)\n>       item_page.add_item_to_cart(amount).click_on_cart()\n\ntests/delivery/test_delivery_calculation.py:49: \n_ _ _ _ _ _ _ _ _ _ _ _ _ _ _ _ _ _ _ _ _ _ _ _ _ _ _ _ _ _ _ _ _ _ _ _ _ _ _ _ \npages/item_page.py:40: in add_item_to_cart\n    self.find_element(self._add_item).click()\nbase/seleniumbase.py:17: in find_element\n    return self.driver.find_element(*locator)\n/usr/local/lib/python3.11/site-packages/selenium/webdriver/remote/webdriver.py:740: in find_element\n    return self.execute(Command.FIND_ELEMENT, {\"using\": by, \"value\": value})[\"value\"]\n/usr/local/lib/python3.11/site-packages/selenium/webdriver/remote/webdriver.py:346: in execute\n    self.error_handler.check_response(response)\n_ _ _ _ _ _ _ _ _ _ _ _ _ _ _ _ _ _ _ _ _ _ _ _ _ _ _ _ _ _ _ _ _ _ _ _ _ _ _ _ \n\nself = <selenium.webdriver.remote.errorhandler.ErrorHandler object at 0x7fde60f6d350>\nresponse = {'status': 404, 'value': '{\"value\":{\"error\":\"no such element\",\"message\":\"no such element: Unable to locate element: {\\...\\\\n#16 0x55839826fd68 \\\\u003Cunknown>\\\\n#17 0x55839827ecb3 \\\\u003Cunknown>\\\\n#18 0x7f74f7528044 \\\\u003Cunknown>\\\\n\"}}'}\n\n    def check_response(self, response: Dict[str, Any]) -> None:\n        \"\"\"Checks that a JSON response from the WebDriver does not have an\n        error.\n    \n        :Args:\n         - response - The JSON response from the WebDriver server as a dictionary\n           object.\n    \n        :Raises: If the response contains an error message.\n        \"\"\"\n        status = response.get(\"status\", None)\n        if not status or status == ErrorCode.SUCCESS:\n            return\n        value = None\n        message = response.get(\"message\", \"\")\n        screen: str = response.get(\"screen\", \"\")\n        stacktrace = None\n        if isinstance(status, int):\n            value_json = response.get(\"value\", None)\n            if value_json and isinstance(value_json, str):\n                import json\n    \n                try:\n                    value = json.loads(value_json)\n                    if len(value) == 1:\n                        value = value[\"value\"]\n                    status = value.get(\"error\", None)\n                    if not status:\n                        status = value.get(\"status\", ErrorCode.UNKNOWN_ERROR)\n                        message = value.get(\"value\") or value.get(\"message\")\n                        if not isinstance(message, str):\n                            value = message\n                            message = message.get(\"message\")\n                    else:\n                        message = value.get(\"message\", None)\n                except ValueError:\n                    pass\n    \n        exception_class: Type[WebDriverException]\n        if status in ErrorCode.NO_SUCH_ELEMENT:\n            exception_class = NoSuchElementException\n        elif status in ErrorCode.NO_SUCH_FRAME:\n            exception_class = NoSuchFrameException\n        elif status in ErrorCode.NO_SUCH_SHADOW_ROOT:\n            exception_class = NoSuchShadowRootException\n        elif status in ErrorCode.NO_SUCH_WINDOW:\n            exception_class = NoSuchWindowException\n        elif status in ErrorCode.STALE_ELEMENT_REFERENCE:\n            exception_class = StaleElementReferenceException\n        elif status in ErrorCode.ELEMENT_NOT_VISIBLE:\n            exception_class = ElementNotVisibleException\n        elif status in ErrorCode.INVALID_ELEMENT_STATE:\n            exception_class = InvalidElementStateException\n        elif (\n            status in ErrorCode.INVALID_SELECTOR\n            or status in ErrorCode.INVALID_XPATH_SELECTOR\n            or status in ErrorCode.INVALID_XPATH_SELECTOR_RETURN_TYPER\n        ):\n            exception_class = InvalidSelectorException\n        elif status in ErrorCode.ELEMENT_IS_NOT_SELECTABLE:\n            exception_class = ElementNotSelectableException\n        elif status in ErrorCode.ELEMENT_NOT_INTERACTABLE:\n            exception_class = ElementNotInteractableException\n        elif status in ErrorCode.INVALID_COOKIE_DOMAIN:\n            exception_class = InvalidCookieDomainException\n        elif status in ErrorCode.UNABLE_TO_SET_COOKIE:\n            exception_class = UnableToSetCookieException\n        elif status in ErrorCode.TIMEOUT:\n            exception_class = TimeoutException\n        elif status in ErrorCode.SCRIPT_TIMEOUT:\n            exception_class = TimeoutException\n        elif status in ErrorCode.UNKNOWN_ERROR:\n            exception_class = WebDriverException\n        elif status in ErrorCode.UNEXPECTED_ALERT_OPEN:\n            exception_class = UnexpectedAlertPresentException\n        elif status in ErrorCode.NO_ALERT_OPEN:\n            exception_class = NoAlertPresentException\n        elif status in ErrorCode.IME_NOT_AVAILABLE:\n            exception_class = ImeNotAvailableException\n        elif status in ErrorCode.IME_ENGINE_ACTIVATION_FAILED:\n            exception_class = ImeActivationFailedException\n        elif status in ErrorCode.MOVE_TARGET_OUT_OF_BOUNDS:\n            exception_class = MoveTargetOutOfBoundsException\n        elif status in ErrorCode.JAVASCRIPT_ERROR:\n            exception_class = JavascriptException\n        elif status in ErrorCode.SESSION_NOT_CREATED:\n            exception_class = SessionNotCreatedException\n        elif status in ErrorCode.INVALID_ARGUMENT:\n            exception_class = InvalidArgumentException\n        elif status in ErrorCode.NO_SUCH_COOKIE:\n            exception_class = NoSuchCookieException\n        elif status in ErrorCode.UNABLE_TO_CAPTURE_SCREEN:\n            exception_class = ScreenshotException\n        elif status in ErrorCode.ELEMENT_CLICK_INTERCEPTED:\n            exception_class = ElementClickInterceptedException\n        elif status in ErrorCode.INSECURE_CERTIFICATE:\n            exception_class = InsecureCertificateException\n        elif status in ErrorCode.INVALID_COORDINATES:\n            exception_class = InvalidCoordinatesException\n        elif status in ErrorCode.INVALID_SESSION_ID:\n            exception_class = InvalidSessionIdException\n        elif status in ErrorCode.UNKNOWN_METHOD:\n            exception_class = UnknownMethodException\n        else:\n            exception_class = WebDriverException\n        if not value:\n            value = response[\"value\"]\n        if isinstance(value, str):\n            raise exception_class(value)\n        if message == \"\" and \"message\" in value:\n            message = value[\"message\"]\n    \n        screen = None  # type: ignore[assignment]\n        if \"screen\" in value:\n            screen = value[\"screen\"]\n    \n        stacktrace = None\n        st_value = value.get(\"stackTrace\") or value.get(\"stacktrace\")\n        if st_value:\n            if isinstance(st_value, str):\n                stacktrace = st_value.split(\"\\n\")\n            else:\n                stacktrace = []\n                try:\n                    for frame in st_value:\n                        line = frame.get(\"lineNumber\", \"\")\n                        file = frame.get(\"fileName\", \"<anonymous>\")\n                        if line:\n                            file = f\"{file}:{line}\"\n                        meth = frame.get(\"methodName\", \"<anonymous>\")\n                        if \"className\" in frame:\n                            meth = f\"{frame['className']}.{meth}\"\n                        msg = \"    at %s (%s)\"\n                        msg = msg % (meth, file)\n                        stacktrace.append(msg)\n                except TypeError:\n                    pass\n        if exception_class == UnexpectedAlertPresentException:\n            alert_text = None\n            if \"data\" in value:\n                alert_text = value[\"data\"].get(\"text\")\n            elif \"alert\" in value:\n                alert_text = value[\"alert\"].get(\"text\")\n            raise exception_class(message, screen, stacktrace, alert_text)  # type: ignore[call-arg]  # mypy is not smart enough here\n>       raise exception_class(message, screen, stacktrace)\nE       selenium.common.exceptions.NoSuchElementException: Message: no such element: Unable to locate element: {\"method\":\"xpath\",\"selector\":\"(//a[@class='add-to-cart yellow-btn'])[1]\"}\nE         (Session info: headless chrome=116.0.5845.96); For documentation on this error, please visit: https://www.selenium.dev/documentation/webdriver/troubleshooting/errors#no-such-element-exception\nE       Stacktrace:\nE       #0 0x558398285e23 <unknown>\nE       #1 0x558397fae7a7 <unknown>\nE       #2 0x558397fed1d3 <unknown>\nE       #3 0x558397fed2c1 <unknown>\nE       #4 0x558398028a04 <unknown>\nE       #5 0x55839800e03d <unknown>\nE       #6 0x558398026369 <unknown>\nE       #7 0x55839800dde3 <unknown>\nE       #8 0x558397fe1a7b <unknown>\nE       #9 0x558397fe281e <unknown>\nE       #10 0x558398247638 <unknown>\nE       #11 0x55839824b507 <unknown>\nE       #12 0x558398255c4c <unknown>\nE       #13 0x55839824c136 <unknown>\nE       #14 0x55839821a9cf <unknown>\nE       #15 0x55839826fb98 <unknown>\nE       #16 0x55839826fd68 <unknown>\nE       #17 0x55839827ecb3 <unknown>\nE       #18 0x7f74f7528044 <unknown>\n\n/usr/local/lib/python3.11/site-packages/selenium/webdriver/remote/errorhandler.py:245: NoSuchElementException","steps":[{"name":"Добавляем товар в корзину в количестве 66","time":{"start":1693876186766,"stop":1693876186783,"duration":17},"status":"broken","statusMessage":"selenium.common.exceptions.NoSuchElementException: Message: no such element: Unable to locate element: {\"method\":\"xpath\",\"selector\":\"(//a[@class='add-to-cart yellow-btn'])[1]\"}\n  (Session info: headless chrome=116.0.5845.96); For documentation on this error, please visit: https://www.selenium.dev/documentation/webdriver/troubleshooting/errors#no-such-element-exception\nStacktrace:\n#0 0x558398285e23 <unknown>\n#1 0x558397fae7a7 <unknown>\n#2 0x558397fed1d3 <unknown>\n#3 0x558397fed2c1 <unknown>\n#4 0x558398028a04 <unknown>\n#5 0x55839800e03d <unknown>\n#6 0x558398026369 <unknown>\n#7 0x55839800dde3 <unknown>\n#8 0x558397fe1a7b <unknown>\n#9 0x558397fe281e <unknown>\n#10 0x558398247638 <unknown>\n#11 0x55839824b507 <unknown>\n#12 0x558398255c4c <unknown>\n#13 0x55839824c136 <unknown>\n#14 0x55839821a9cf <unknown>\n#15 0x55839826fb98 <unknown>\n#16 0x55839826fd68 <unknown>\n#17 0x55839827ecb3 <unknown>\n#18 0x7f74f7528044 <unknown>\n\n","statusTrace":"  File \"/usr/local/lib/python3.11/site-packages/allure_commons/_allure.py\", line 192, in impl\n    return func(*a, **kw)\n           ^^^^^^^^^^^^^^\n  File \"/app/pages/item_page.py\", line 40, in add_item_to_cart\n    self.find_element(self._add_item).click()\n    ^^^^^^^^^^^^^^^^^^^^^^^^^^^^^^^^^\n  File \"/app/base/seleniumbase.py\", line 17, in find_element\n    return self.driver.find_element(*locator)\n           ^^^^^^^^^^^^^^^^^^^^^^^^^^^^^^^^^^\n  File \"/usr/local/lib/python3.11/site-packages/selenium/webdriver/remote/webdriver.py\", line 740, in find_element\n    return self.execute(Command.FIND_ELEMENT, {\"using\": by, \"value\": value})[\"value\"]\n           ^^^^^^^^^^^^^^^^^^^^^^^^^^^^^^^^^^^^^^^^^^^^^^^^^^^^^^^^^^^^^^^^^\n  File \"/usr/local/lib/python3.11/site-packages/selenium/webdriver/remote/webdriver.py\", line 346, in execute\n    self.error_handler.check_response(response)\n  File \"/usr/local/lib/python3.11/site-packages/selenium/webdriver/remote/errorhandler.py\", line 245, in check_response\n    raise exception_class(message, screen, stacktrace)\n","steps":[],"attachments":[],"parameters":[{"name":"amount","value":"66"}],"shouldDisplayMessage":true,"stepsCount":0,"attachmentsCount":0,"hasContent":true}],"attachments":[{"uid":"54ba0a0c86287f2a","name":"Screenshot","source":"54ba0a0c86287f2a.png","type":"image/png","size":5862},{"uid":"54f747c07f0d8899","name":"HTML source","source":"54f747c07f0d8899.html","type":"text/html","size":39}],"parameters":[],"shouldDisplayMessage":true,"stepsCount":1,"attachmentsCount":2,"hasContent":true},"afterStages":[{"name":"setup::0","time":{"start":1693876186928,"stop":1693876186928,"duration":0},"status":"passed","steps":[],"attachments":[],"parameters":[],"shouldDisplayMessage":false,"stepsCount":0,"attachmentsCount":0,"hasContent":false},{"name":"driver::0","time":{"start":1693876186928,"stop":1693876186985,"duration":57},"status":"passed","steps":[],"attachments":[],"parameters":[],"shouldDisplayMessage":false,"stepsCount":0,"attachmentsCount":0,"hasContent":false}],"labels":[{"name":"epic","value":"Delivery Page - calculation"},{"name":"tag","value":"smoke"},{"name":"parentSuite","value":"tests.delivery"},{"name":"suite","value":"test_delivery_calculation"},{"name":"subSuite","value":"TestDeliveryPageCalculation"},{"name":"host","value":"39dc3632bdbc"},{"name":"thread","value":"1-MainThread"},{"name":"framework","value":"pytest"},{"name":"language","value":"cpython3"},{"name":"package","value":"tests.delivery.test_delivery_calculation"},{"name":"resultFormat","value":"allure2"}],"parameters":[{"name":"all_time","value":"2980"},{"name":"amount","value":"66"},{"name":"case_id","value":"'TD 007'"},{"name":"in_time","value":"2490"},{"name":"link_item","value":"'products/shtukaturka-gipsovaya-aksolit-m50-30-kg-mashinnogo-naneseniya'"},{"name":"standard","value":"1300"},{"name":"url","value":"'https://sandboxtest.stroyrem-nn.ru/'"},{"name":"weight","value":"2000"}],"links":[],"hidden":false,"retry":false,"extra":{"severity":"normal","retries":[],"categories":[{"name":"Test defects","matchedStatuses":[],"flaky":false}],"history":{"statistic":{"failed":0,"broken":6,"skipped":0,"passed":0,"unknown":0,"total":6},"items":[{"uid":"798c130e15a6304a","reportUrl":"https://zaelcovsky.github.io/StroyremAutomation/69//#testresult/798c130e15a6304a","status":"broken","statusDetails":"selenium.common.exceptions.ElementNotInteractableException: Message: element not interactable\n  (Session info: headless chrome=116.0.5845.96)\nStacktrace:\n#0 0x5636e109ae23 <unknown>\n#1 0x5636e0dc35f6 <unknown>\n#2 0x5636e0df9c5d <unknown>\n#3 0x5636e0e23012 <unknown>\n#4 0x5636e0df7fb6 <unknown>\n#5 0x5636e0e231de <unknown>\n#6 0x5636e0e3b369 <unknown>\n#7 0x5636e0e22de3 <unknown>\n#8 0x5636e0df6a7b <unknown>\n#9 0x5636e0df781e <unknown>\n#10 0x5636e105c638 <unknown>\n#11 0x5636e1060507 <unknown>\n#12 0x5636e106ac4c <unknown>\n#13 0x5636e1061136 <unknown>\n#14 0x5636e102f9cf <unknown>\n#15 0x5636e1084b98 <unknown>\n#16 0x5636e1084d68 <unknown>\n#17 0x5636e1093cb3 <unknown>\n#18 0x7fa310368044 <unknown>","time":{"start":1693790021288,"stop":1693790027851,"duration":6563}},{"uid":"b502f5dfa1999360","reportUrl":"https://zaelcovsky.github.io/StroyremAutomation/68//#testresult/b502f5dfa1999360","status":"broken","statusDetails":"selenium.common.exceptions.ElementNotInteractableException: Message: element not interactable\n  (Session info: headless chrome=116.0.5845.96)\nStacktrace:\n#0 0x557050199e23 <unknown>\n#1 0x55704fec25f6 <unknown>\n#2 0x55704fef8c5d <unknown>\n#3 0x55704ff22012 <unknown>\n#4 0x55704fef6fb6 <unknown>\n#5 0x55704ff221de <unknown>\n#6 0x55704ff3a369 <unknown>\n#7 0x55704ff21de3 <unknown>\n#8 0x55704fef5a7b <unknown>\n#9 0x55704fef681e <unknown>\n#10 0x55705015b638 <unknown>\n#11 0x55705015f507 <unknown>\n#12 0x557050169c4c <unknown>\n#13 0x557050160136 <unknown>\n#14 0x55705012e9cf <unknown>\n#15 0x557050183b98 <unknown>\n#16 0x557050183d68 <unknown>\n#17 0x557050192cb3 <unknown>\n#18 0x7fe20410d044 <unknown>","time":{"start":1693703603753,"stop":1693703609378,"duration":5625}},{"uid":"bd8e0d5306ac5ac7","reportUrl":"https://zaelcovsky.github.io/StroyremAutomation/67//#testresult/bd8e0d5306ac5ac7","status":"broken","statusDetails":"selenium.common.exceptions.WebDriverException: Message: unknown error: net::ERR_CONNECTION_REFUSED\n  (Session info: headless chrome=116.0.5845.96)\nStacktrace:\n#0 0x56149d27ae23 <unknown>\n#1 0x56149cfa37a7 <unknown>\n#2 0x56149cf9b829 <unknown>\n#3 0x56149cf8b2c2 <unknown>\n#4 0x56149cf8c9fb <unknown>\n#5 0x56149cf8b69d <unknown>\n#6 0x56149cf8a65c <unknown>\n#7 0x56149cf8a5ce <unknown>\n#8 0x56149cf8928a <unknown>\n#9 0x56149cf896da <unknown>\n#10 0x56149cfa5630 <unknown>\n#11 0x56149d01bb15 <unknown>\n#12 0x56149d003012 <unknown>\n#13 0x56149d01b369 <unknown>\n#14 0x56149d002de3 <unknown>\n#15 0x56149cfd6a7b <unknown>\n#16 0x56149cfd781e <unknown>\n#17 0x56149d23c638 <unknown>\n#18 0x56149d240507 <unknown>\n#19 0x56149d24ac4c <unknown>\n#20 0x56149d241136 <unknown>\n#21 0x56149d20f9cf <unknown>\n#22 0x56149d264b98 <unknown>\n#23 0x56149d264d68 <unknown>\n#24 0x56149d273cb3 <unknown>\n#25 0x7f734e6bc044 <unknown>","time":{"start":1693616894126,"stop":1693616894485,"duration":359}},{"uid":"c113288700d37482","reportUrl":"https://zaelcovsky.github.io/StroyremAutomation/66//#testresult/c113288700d37482","status":"broken","statusDetails":"selenium.common.exceptions.WebDriverException: Message: unknown error: net::ERR_CONNECTION_REFUSED\n  (Session info: headless chrome=116.0.5845.96)\nStacktrace:\n#0 0x55f2b1096e23 <unknown>\n#1 0x55f2b0dbf7a7 <unknown>\n#2 0x55f2b0db7829 <unknown>\n#3 0x55f2b0da72c2 <unknown>\n#4 0x55f2b0da89fb <unknown>\n#5 0x55f2b0da769d <unknown>\n#6 0x55f2b0da665c <unknown>\n#7 0x55f2b0da65ce <unknown>\n#8 0x55f2b0da528a <unknown>\n#9 0x55f2b0da56da <unknown>\n#10 0x55f2b0dc1630 <unknown>\n#11 0x55f2b0e37b15 <unknown>\n#12 0x55f2b0e1f012 <unknown>\n#13 0x55f2b0e37369 <unknown>\n#14 0x55f2b0e1ede3 <unknown>\n#15 0x55f2b0df2a7b <unknown>\n#16 0x55f2b0df381e <unknown>\n#17 0x55f2b1058638 <unknown>\n#18 0x55f2b105c507 <unknown>\n#19 0x55f2b1066c4c <unknown>\n#20 0x55f2b105d136 <unknown>\n#21 0x55f2b102b9cf <unknown>\n#22 0x55f2b1080b98 <unknown>\n#23 0x55f2b1080d68 <unknown>\n#24 0x55f2b108fcb3 <unknown>\n#25 0x7f8134175044 <unknown>","time":{"start":1693530795289,"stop":1693530795637,"duration":348}},{"uid":"61ab94a2989db393","reportUrl":"https://zaelcovsky.github.io/StroyremAutomation/9//#testresult/61ab94a2989db393","status":"broken","statusDetails":"selenium.common.exceptions.ElementNotInteractableException: Message: element not interactable\n  (Session info: headless chrome=116.0.5845.96)\nStacktrace:\n#0 0x5650cc45ce23 <unknown>\n#1 0x5650cc1855f6 <unknown>\n#2 0x5650cc1bbc5d <unknown>\n#3 0x5650cc1e5012 <unknown>\n#4 0x5650cc1b9fb6 <unknown>\n#5 0x5650cc1e51de <unknown>\n#6 0x5650cc1fd369 <unknown>\n#7 0x5650cc1e4de3 <unknown>\n#8 0x5650cc1b8a7b <unknown>\n#9 0x5650cc1b981e <unknown>\n#10 0x5650cc41e638 <unknown>\n#11 0x5650cc422507 <unknown>\n#12 0x5650cc42cc4c <unknown>\n#13 0x5650cc423136 <unknown>\n#14 0x5650cc3f19cf <unknown>\n#15 0x5650cc446b98 <unknown>\n#16 0x5650cc446d68 <unknown>\n#17 0x5650cc455cb3 <unknown>\n#18 0x7f37026d9044 <unknown>","time":{"start":1693506940164,"stop":1693506943740,"duration":3576}}]},"tags":["smoke"]},"source":"ad4d1258b686141.json","parameterValues":["2980","66","'TD 007'","2490","'products/shtukaturka-gipsovaya-aksolit-m50-30-kg-mashinnogo-naneseniya'","1300","'https://sandboxtest.stroyrem-nn.ru/'","2000"]}