{"uid":"238b00e6890afdde","name":"TD 024 Доставка товара весом до 9000кг. в синей зоне","fullName":"tests.delivery.test_delivery_calculation.TestDeliveryPageCalculation#test_positive_delivery_blue_zone_smoke","historyId":"69e5dca98f2a435ef5ba1c77ef0ca605","time":{"start":1704849177713,"stop":1704849178058,"duration":345},"status":"broken","statusMessage":"selenium.common.exceptions.NoSuchElementException: Message: no such element: Unable to locate element: {\"method\":\"xpath\",\"selector\":\"(//a[@class='add-to-cart yellow-btn'])[1]\"}\n  (Session info: chrome-headless-shell=120.0.6099.109); For documentation on this error, please visit: https://www.selenium.dev/documentation/webdriver/troubleshooting/errors#no-such-element-exception\nStacktrace:\n#0 0x55a1bf84ff83 <unknown>\n#1 0x55a1bf508cf7 <unknown>\n#2 0x55a1bf55899e <unknown>\n#3 0x55a1bf558aa1 <unknown>\n#4 0x55a1bf5a3d64 <unknown>\n#5 0x55a1bf5820dd <unknown>\n#6 0x55a1bf5a1006 <unknown>\n#7 0x55a1bf581e53 <unknown>\n#8 0x55a1bf549dd4 <unknown>\n#9 0x55a1bf54b1de <unknown>\n#10 0x55a1bf814531 <unknown>\n#11 0x55a1bf818455 <unknown>\n#12 0x55a1bf800f55 <unknown>\n#13 0x55a1bf8190ef <unknown>\n#14 0x55a1bf7e499f <unknown>\n#15 0x55a1bf83d008 <unknown>\n#16 0x55a1bf83d1d7 <unknown>\n#17 0x55a1bf84f124 <unknown>\n#18 0x7f915260d044 <unknown>","statusTrace":"self = <tests.delivery.test_delivery_calculation.TestDeliveryPageCalculation object at 0x7f15acb2e190>\ndriver = <selenium.webdriver.chrome.webdriver.WebDriver (session=\"d5e27f281a64a8bf11d9ed703ca65b84\")>\nurl = 'https://sandboxtest.stroyrem-nn.ru/', case_id = 'TD 024'\nlink_item = 'products/shtukaturka-gipsovaya-aksolit-m50-30-kg-mashinnogo-naneseniya'\namount = 299, weight = 9000, standard = 4300, in_time = 9900, all_time = 11440\n\n    @pytest.mark.parametrize('case_id, link_item, amount, weight, standard, in_time, all_time', [\n        (\"TD 015\", bundeks_25, 1, 30, 650, 2390, 3320),\n        pytest.param(\n            \"TD 016\", aksolit_30, 8, 300, 650, 2390, 3320,\n            marks=pytest.mark.xfail(reson=\"Цена доставки: - - -\")\n        ),\n        (\"TD 017\", aksolit_30, 13, 400, 650, 2390, 3320),\n        (\"TD 018\", aksolit_30, 16, 500, 850, 2490, 3320),\n        (\"TD 019\", aksolit_30, 25, 1700, 1150, 2490, 3320),\n        (\"TD 020\", aksolit_30, 66, 2000, 1500, 2990, 3650),\n        (\"TD 021\", aksolit_30, 149, 4500, 2600, 4380, 4890),\n        (\"TD 022\", aksolit_30, 166, 5000, 2800, 5490, 5980),\n        pytest.param(\n            \"TD 023\", aksolit_30, 206, 6200, 3300, 7500, 8000,\n            marks=pytest.mark.xfail(reson=\"Цена доставки: 4300 9900 11440\")\n        ),\n        (\"TD 024\", aksolit_30, 299, 9000, 4300, 9900, 11440),\n        (\"TD 025\", aksolit_30, 333, 10000, 7000, 13900, 15900),\n        pytest.param(\n            \"TD 026\", aksolit_30, 366, 11000, 8000, 14900, 19900,\n            marks=pytest.mark.xfail(reson=\"Цена доставки: 7000 13900 15900\")\n        ),\n        pytest.param(\n            \"TD 027\", aksolit_30, 666, 20000, 14000, 16900, 23900,\n            marks=pytest.mark.xfail(reson=\"Цена доставки: 7000 13900 15900\")\n        )\n    ])\n    @pytest.mark.smoke\n    def test_positive_delivery_blue_zone_smoke(\n            self, driver, url, case_id, link_item, amount, weight, standard, in_time, all_time\n    ):\n        allure.dynamic.title(f\"{case_id} Доставка товара весом до {weight}кг. в синей зоне\")\n    \n        driver.get(f'{url}{link_item}')\n        item_page = ItemPage(driver)\n>       item_page.add_item_to_cart(amount).click_on_cart()\n\ntests/delivery/test_delivery_calculation.py:130: \n_ _ _ _ _ _ _ _ _ _ _ _ _ _ _ _ _ _ _ _ _ _ _ _ _ _ _ _ _ _ _ _ _ _ _ _ _ _ _ _ \npages/item_page.py:40: in add_item_to_cart\n    self.find_element(self._add_item).click()\nbase/seleniumbase.py:17: in find_element\n    return self.driver.find_element(*locator)\n/usr/local/lib/python3.11/site-packages/selenium/webdriver/remote/webdriver.py:740: in find_element\n    return self.execute(Command.FIND_ELEMENT, {\"using\": by, \"value\": value})[\"value\"]\n/usr/local/lib/python3.11/site-packages/selenium/webdriver/remote/webdriver.py:346: in execute\n    self.error_handler.check_response(response)\n_ _ _ _ _ _ _ _ _ _ _ _ _ _ _ _ _ _ _ _ _ _ _ _ _ _ _ _ _ _ _ _ _ _ _ _ _ _ _ _ \n\nself = <selenium.webdriver.remote.errorhandler.ErrorHandler object at 0x7f15ac4a54d0>\nresponse = {'status': 404, 'value': '{\"value\":{\"error\":\"no such element\",\"message\":\"no such element: Unable to locate element: {\\...\\\\n#16 0x55a1bf83d1d7 \\\\u003Cunknown>\\\\n#17 0x55a1bf84f124 \\\\u003Cunknown>\\\\n#18 0x7f915260d044 \\\\u003Cunknown>\\\\n\"}}'}\n\n    def check_response(self, response: Dict[str, Any]) -> None:\n        \"\"\"Checks that a JSON response from the WebDriver does not have an\n        error.\n    \n        :Args:\n         - response - The JSON response from the WebDriver server as a dictionary\n           object.\n    \n        :Raises: If the response contains an error message.\n        \"\"\"\n        status = response.get(\"status\", None)\n        if not status or status == ErrorCode.SUCCESS:\n            return\n        value = None\n        message = response.get(\"message\", \"\")\n        screen: str = response.get(\"screen\", \"\")\n        stacktrace = None\n        if isinstance(status, int):\n            value_json = response.get(\"value\", None)\n            if value_json and isinstance(value_json, str):\n                import json\n    \n                try:\n                    value = json.loads(value_json)\n                    if len(value) == 1:\n                        value = value[\"value\"]\n                    status = value.get(\"error\", None)\n                    if not status:\n                        status = value.get(\"status\", ErrorCode.UNKNOWN_ERROR)\n                        message = value.get(\"value\") or value.get(\"message\")\n                        if not isinstance(message, str):\n                            value = message\n                            message = message.get(\"message\")\n                    else:\n                        message = value.get(\"message\", None)\n                except ValueError:\n                    pass\n    \n        exception_class: Type[WebDriverException]\n        if status in ErrorCode.NO_SUCH_ELEMENT:\n            exception_class = NoSuchElementException\n        elif status in ErrorCode.NO_SUCH_FRAME:\n            exception_class = NoSuchFrameException\n        elif status in ErrorCode.NO_SUCH_SHADOW_ROOT:\n            exception_class = NoSuchShadowRootException\n        elif status in ErrorCode.NO_SUCH_WINDOW:\n            exception_class = NoSuchWindowException\n        elif status in ErrorCode.STALE_ELEMENT_REFERENCE:\n            exception_class = StaleElementReferenceException\n        elif status in ErrorCode.ELEMENT_NOT_VISIBLE:\n            exception_class = ElementNotVisibleException\n        elif status in ErrorCode.INVALID_ELEMENT_STATE:\n            exception_class = InvalidElementStateException\n        elif (\n            status in ErrorCode.INVALID_SELECTOR\n            or status in ErrorCode.INVALID_XPATH_SELECTOR\n            or status in ErrorCode.INVALID_XPATH_SELECTOR_RETURN_TYPER\n        ):\n            exception_class = InvalidSelectorException\n        elif status in ErrorCode.ELEMENT_IS_NOT_SELECTABLE:\n            exception_class = ElementNotSelectableException\n        elif status in ErrorCode.ELEMENT_NOT_INTERACTABLE:\n            exception_class = ElementNotInteractableException\n        elif status in ErrorCode.INVALID_COOKIE_DOMAIN:\n            exception_class = InvalidCookieDomainException\n        elif status in ErrorCode.UNABLE_TO_SET_COOKIE:\n            exception_class = UnableToSetCookieException\n        elif status in ErrorCode.TIMEOUT:\n            exception_class = TimeoutException\n        elif status in ErrorCode.SCRIPT_TIMEOUT:\n            exception_class = TimeoutException\n        elif status in ErrorCode.UNKNOWN_ERROR:\n            exception_class = WebDriverException\n        elif status in ErrorCode.UNEXPECTED_ALERT_OPEN:\n            exception_class = UnexpectedAlertPresentException\n        elif status in ErrorCode.NO_ALERT_OPEN:\n            exception_class = NoAlertPresentException\n        elif status in ErrorCode.IME_NOT_AVAILABLE:\n            exception_class = ImeNotAvailableException\n        elif status in ErrorCode.IME_ENGINE_ACTIVATION_FAILED:\n            exception_class = ImeActivationFailedException\n        elif status in ErrorCode.MOVE_TARGET_OUT_OF_BOUNDS:\n            exception_class = MoveTargetOutOfBoundsException\n        elif status in ErrorCode.JAVASCRIPT_ERROR:\n            exception_class = JavascriptException\n        elif status in ErrorCode.SESSION_NOT_CREATED:\n            exception_class = SessionNotCreatedException\n        elif status in ErrorCode.INVALID_ARGUMENT:\n            exception_class = InvalidArgumentException\n        elif status in ErrorCode.NO_SUCH_COOKIE:\n            exception_class = NoSuchCookieException\n        elif status in ErrorCode.UNABLE_TO_CAPTURE_SCREEN:\n            exception_class = ScreenshotException\n        elif status in ErrorCode.ELEMENT_CLICK_INTERCEPTED:\n            exception_class = ElementClickInterceptedException\n        elif status in ErrorCode.INSECURE_CERTIFICATE:\n            exception_class = InsecureCertificateException\n        elif status in ErrorCode.INVALID_COORDINATES:\n            exception_class = InvalidCoordinatesException\n        elif status in ErrorCode.INVALID_SESSION_ID:\n            exception_class = InvalidSessionIdException\n        elif status in ErrorCode.UNKNOWN_METHOD:\n            exception_class = UnknownMethodException\n        else:\n            exception_class = WebDriverException\n        if not value:\n            value = response[\"value\"]\n        if isinstance(value, str):\n            raise exception_class(value)\n        if message == \"\" and \"message\" in value:\n            message = value[\"message\"]\n    \n        screen = None  # type: ignore[assignment]\n        if \"screen\" in value:\n            screen = value[\"screen\"]\n    \n        stacktrace = None\n        st_value = value.get(\"stackTrace\") or value.get(\"stacktrace\")\n        if st_value:\n            if isinstance(st_value, str):\n                stacktrace = st_value.split(\"\\n\")\n            else:\n                stacktrace = []\n                try:\n                    for frame in st_value:\n                        line = frame.get(\"lineNumber\", \"\")\n                        file = frame.get(\"fileName\", \"<anonymous>\")\n                        if line:\n                            file = f\"{file}:{line}\"\n                        meth = frame.get(\"methodName\", \"<anonymous>\")\n                        if \"className\" in frame:\n                            meth = f\"{frame['className']}.{meth}\"\n                        msg = \"    at %s (%s)\"\n                        msg = msg % (meth, file)\n                        stacktrace.append(msg)\n                except TypeError:\n                    pass\n        if exception_class == UnexpectedAlertPresentException:\n            alert_text = None\n            if \"data\" in value:\n                alert_text = value[\"data\"].get(\"text\")\n            elif \"alert\" in value:\n                alert_text = value[\"alert\"].get(\"text\")\n            raise exception_class(message, screen, stacktrace, alert_text)  # type: ignore[call-arg]  # mypy is not smart enough here\n>       raise exception_class(message, screen, stacktrace)\nE       selenium.common.exceptions.NoSuchElementException: Message: no such element: Unable to locate element: {\"method\":\"xpath\",\"selector\":\"(//a[@class='add-to-cart yellow-btn'])[1]\"}\nE         (Session info: chrome-headless-shell=120.0.6099.109); For documentation on this error, please visit: https://www.selenium.dev/documentation/webdriver/troubleshooting/errors#no-such-element-exception\nE       Stacktrace:\nE       #0 0x55a1bf84ff83 <unknown>\nE       #1 0x55a1bf508cf7 <unknown>\nE       #2 0x55a1bf55899e <unknown>\nE       #3 0x55a1bf558aa1 <unknown>\nE       #4 0x55a1bf5a3d64 <unknown>\nE       #5 0x55a1bf5820dd <unknown>\nE       #6 0x55a1bf5a1006 <unknown>\nE       #7 0x55a1bf581e53 <unknown>\nE       #8 0x55a1bf549dd4 <unknown>\nE       #9 0x55a1bf54b1de <unknown>\nE       #10 0x55a1bf814531 <unknown>\nE       #11 0x55a1bf818455 <unknown>\nE       #12 0x55a1bf800f55 <unknown>\nE       #13 0x55a1bf8190ef <unknown>\nE       #14 0x55a1bf7e499f <unknown>\nE       #15 0x55a1bf83d008 <unknown>\nE       #16 0x55a1bf83d1d7 <unknown>\nE       #17 0x55a1bf84f124 <unknown>\nE       #18 0x7f915260d044 <unknown>\n\n/usr/local/lib/python3.11/site-packages/selenium/webdriver/remote/errorhandler.py:245: NoSuchElementException","flaky":false,"newFailed":false,"newBroken":false,"newPassed":false,"retriesCount":0,"retriesStatusChange":false,"beforeStages":[{"name":"_session_faker","time":{"start":1704848728765,"stop":1704848728834,"duration":69},"status":"passed","steps":[],"attachments":[],"parameters":[],"shouldDisplayMessage":false,"stepsCount":0,"attachmentsCount":0,"hasContent":false,"attachmentStep":false},{"name":"clear_allure_results_folder","time":{"start":1704848728834,"stop":1704848728834,"duration":0},"status":"passed","steps":[],"attachments":[],"parameters":[],"shouldDisplayMessage":false,"stepsCount":0,"attachmentsCount":0,"hasContent":false,"attachmentStep":false},{"name":"driver","time":{"start":1704849176979,"stop":1704849177712,"duration":733},"status":"passed","steps":[],"attachments":[],"parameters":[],"shouldDisplayMessage":false,"stepsCount":0,"attachmentsCount":0,"hasContent":false,"attachmentStep":false},{"name":"setup","time":{"start":1704849177712,"stop":1704849177712,"duration":0},"status":"passed","steps":[],"attachments":[],"parameters":[],"shouldDisplayMessage":false,"stepsCount":0,"attachmentsCount":0,"hasContent":false,"attachmentStep":false}],"testStage":{"status":"broken","statusMessage":"selenium.common.exceptions.NoSuchElementException: Message: no such element: Unable to locate element: {\"method\":\"xpath\",\"selector\":\"(//a[@class='add-to-cart yellow-btn'])[1]\"}\n  (Session info: chrome-headless-shell=120.0.6099.109); For documentation on this error, please visit: https://www.selenium.dev/documentation/webdriver/troubleshooting/errors#no-such-element-exception\nStacktrace:\n#0 0x55a1bf84ff83 <unknown>\n#1 0x55a1bf508cf7 <unknown>\n#2 0x55a1bf55899e <unknown>\n#3 0x55a1bf558aa1 <unknown>\n#4 0x55a1bf5a3d64 <unknown>\n#5 0x55a1bf5820dd <unknown>\n#6 0x55a1bf5a1006 <unknown>\n#7 0x55a1bf581e53 <unknown>\n#8 0x55a1bf549dd4 <unknown>\n#9 0x55a1bf54b1de <unknown>\n#10 0x55a1bf814531 <unknown>\n#11 0x55a1bf818455 <unknown>\n#12 0x55a1bf800f55 <unknown>\n#13 0x55a1bf8190ef <unknown>\n#14 0x55a1bf7e499f <unknown>\n#15 0x55a1bf83d008 <unknown>\n#16 0x55a1bf83d1d7 <unknown>\n#17 0x55a1bf84f124 <unknown>\n#18 0x7f915260d044 <unknown>","statusTrace":"self = <tests.delivery.test_delivery_calculation.TestDeliveryPageCalculation object at 0x7f15acb2e190>\ndriver = <selenium.webdriver.chrome.webdriver.WebDriver (session=\"d5e27f281a64a8bf11d9ed703ca65b84\")>\nurl = 'https://sandboxtest.stroyrem-nn.ru/', case_id = 'TD 024'\nlink_item = 'products/shtukaturka-gipsovaya-aksolit-m50-30-kg-mashinnogo-naneseniya'\namount = 299, weight = 9000, standard = 4300, in_time = 9900, all_time = 11440\n\n    @pytest.mark.parametrize('case_id, link_item, amount, weight, standard, in_time, all_time', [\n        (\"TD 015\", bundeks_25, 1, 30, 650, 2390, 3320),\n        pytest.param(\n            \"TD 016\", aksolit_30, 8, 300, 650, 2390, 3320,\n            marks=pytest.mark.xfail(reson=\"Цена доставки: - - -\")\n        ),\n        (\"TD 017\", aksolit_30, 13, 400, 650, 2390, 3320),\n        (\"TD 018\", aksolit_30, 16, 500, 850, 2490, 3320),\n        (\"TD 019\", aksolit_30, 25, 1700, 1150, 2490, 3320),\n        (\"TD 020\", aksolit_30, 66, 2000, 1500, 2990, 3650),\n        (\"TD 021\", aksolit_30, 149, 4500, 2600, 4380, 4890),\n        (\"TD 022\", aksolit_30, 166, 5000, 2800, 5490, 5980),\n        pytest.param(\n            \"TD 023\", aksolit_30, 206, 6200, 3300, 7500, 8000,\n            marks=pytest.mark.xfail(reson=\"Цена доставки: 4300 9900 11440\")\n        ),\n        (\"TD 024\", aksolit_30, 299, 9000, 4300, 9900, 11440),\n        (\"TD 025\", aksolit_30, 333, 10000, 7000, 13900, 15900),\n        pytest.param(\n            \"TD 026\", aksolit_30, 366, 11000, 8000, 14900, 19900,\n            marks=pytest.mark.xfail(reson=\"Цена доставки: 7000 13900 15900\")\n        ),\n        pytest.param(\n            \"TD 027\", aksolit_30, 666, 20000, 14000, 16900, 23900,\n            marks=pytest.mark.xfail(reson=\"Цена доставки: 7000 13900 15900\")\n        )\n    ])\n    @pytest.mark.smoke\n    def test_positive_delivery_blue_zone_smoke(\n            self, driver, url, case_id, link_item, amount, weight, standard, in_time, all_time\n    ):\n        allure.dynamic.title(f\"{case_id} Доставка товара весом до {weight}кг. в синей зоне\")\n    \n        driver.get(f'{url}{link_item}')\n        item_page = ItemPage(driver)\n>       item_page.add_item_to_cart(amount).click_on_cart()\n\ntests/delivery/test_delivery_calculation.py:130: \n_ _ _ _ _ _ _ _ _ _ _ _ _ _ _ _ _ _ _ _ _ _ _ _ _ _ _ _ _ _ _ _ _ _ _ _ _ _ _ _ \npages/item_page.py:40: in add_item_to_cart\n    self.find_element(self._add_item).click()\nbase/seleniumbase.py:17: in find_element\n    return self.driver.find_element(*locator)\n/usr/local/lib/python3.11/site-packages/selenium/webdriver/remote/webdriver.py:740: in find_element\n    return self.execute(Command.FIND_ELEMENT, {\"using\": by, \"value\": value})[\"value\"]\n/usr/local/lib/python3.11/site-packages/selenium/webdriver/remote/webdriver.py:346: in execute\n    self.error_handler.check_response(response)\n_ _ _ _ _ _ _ _ _ _ _ _ _ _ _ _ _ _ _ _ _ _ _ _ _ _ _ _ _ _ _ _ _ _ _ _ _ _ _ _ \n\nself = <selenium.webdriver.remote.errorhandler.ErrorHandler object at 0x7f15ac4a54d0>\nresponse = {'status': 404, 'value': '{\"value\":{\"error\":\"no such element\",\"message\":\"no such element: Unable to locate element: {\\...\\\\n#16 0x55a1bf83d1d7 \\\\u003Cunknown>\\\\n#17 0x55a1bf84f124 \\\\u003Cunknown>\\\\n#18 0x7f915260d044 \\\\u003Cunknown>\\\\n\"}}'}\n\n    def check_response(self, response: Dict[str, Any]) -> None:\n        \"\"\"Checks that a JSON response from the WebDriver does not have an\n        error.\n    \n        :Args:\n         - response - The JSON response from the WebDriver server as a dictionary\n           object.\n    \n        :Raises: If the response contains an error message.\n        \"\"\"\n        status = response.get(\"status\", None)\n        if not status or status == ErrorCode.SUCCESS:\n            return\n        value = None\n        message = response.get(\"message\", \"\")\n        screen: str = response.get(\"screen\", \"\")\n        stacktrace = None\n        if isinstance(status, int):\n            value_json = response.get(\"value\", None)\n            if value_json and isinstance(value_json, str):\n                import json\n    \n                try:\n                    value = json.loads(value_json)\n                    if len(value) == 1:\n                        value = value[\"value\"]\n                    status = value.get(\"error\", None)\n                    if not status:\n                        status = value.get(\"status\", ErrorCode.UNKNOWN_ERROR)\n                        message = value.get(\"value\") or value.get(\"message\")\n                        if not isinstance(message, str):\n                            value = message\n                            message = message.get(\"message\")\n                    else:\n                        message = value.get(\"message\", None)\n                except ValueError:\n                    pass\n    \n        exception_class: Type[WebDriverException]\n        if status in ErrorCode.NO_SUCH_ELEMENT:\n            exception_class = NoSuchElementException\n        elif status in ErrorCode.NO_SUCH_FRAME:\n            exception_class = NoSuchFrameException\n        elif status in ErrorCode.NO_SUCH_SHADOW_ROOT:\n            exception_class = NoSuchShadowRootException\n        elif status in ErrorCode.NO_SUCH_WINDOW:\n            exception_class = NoSuchWindowException\n        elif status in ErrorCode.STALE_ELEMENT_REFERENCE:\n            exception_class = StaleElementReferenceException\n        elif status in ErrorCode.ELEMENT_NOT_VISIBLE:\n            exception_class = ElementNotVisibleException\n        elif status in ErrorCode.INVALID_ELEMENT_STATE:\n            exception_class = InvalidElementStateException\n        elif (\n            status in ErrorCode.INVALID_SELECTOR\n            or status in ErrorCode.INVALID_XPATH_SELECTOR\n            or status in ErrorCode.INVALID_XPATH_SELECTOR_RETURN_TYPER\n        ):\n            exception_class = InvalidSelectorException\n        elif status in ErrorCode.ELEMENT_IS_NOT_SELECTABLE:\n            exception_class = ElementNotSelectableException\n        elif status in ErrorCode.ELEMENT_NOT_INTERACTABLE:\n            exception_class = ElementNotInteractableException\n        elif status in ErrorCode.INVALID_COOKIE_DOMAIN:\n            exception_class = InvalidCookieDomainException\n        elif status in ErrorCode.UNABLE_TO_SET_COOKIE:\n            exception_class = UnableToSetCookieException\n        elif status in ErrorCode.TIMEOUT:\n            exception_class = TimeoutException\n        elif status in ErrorCode.SCRIPT_TIMEOUT:\n            exception_class = TimeoutException\n        elif status in ErrorCode.UNKNOWN_ERROR:\n            exception_class = WebDriverException\n        elif status in ErrorCode.UNEXPECTED_ALERT_OPEN:\n            exception_class = UnexpectedAlertPresentException\n        elif status in ErrorCode.NO_ALERT_OPEN:\n            exception_class = NoAlertPresentException\n        elif status in ErrorCode.IME_NOT_AVAILABLE:\n            exception_class = ImeNotAvailableException\n        elif status in ErrorCode.IME_ENGINE_ACTIVATION_FAILED:\n            exception_class = ImeActivationFailedException\n        elif status in ErrorCode.MOVE_TARGET_OUT_OF_BOUNDS:\n            exception_class = MoveTargetOutOfBoundsException\n        elif status in ErrorCode.JAVASCRIPT_ERROR:\n            exception_class = JavascriptException\n        elif status in ErrorCode.SESSION_NOT_CREATED:\n            exception_class = SessionNotCreatedException\n        elif status in ErrorCode.INVALID_ARGUMENT:\n            exception_class = InvalidArgumentException\n        elif status in ErrorCode.NO_SUCH_COOKIE:\n            exception_class = NoSuchCookieException\n        elif status in ErrorCode.UNABLE_TO_CAPTURE_SCREEN:\n            exception_class = ScreenshotException\n        elif status in ErrorCode.ELEMENT_CLICK_INTERCEPTED:\n            exception_class = ElementClickInterceptedException\n        elif status in ErrorCode.INSECURE_CERTIFICATE:\n            exception_class = InsecureCertificateException\n        elif status in ErrorCode.INVALID_COORDINATES:\n            exception_class = InvalidCoordinatesException\n        elif status in ErrorCode.INVALID_SESSION_ID:\n            exception_class = InvalidSessionIdException\n        elif status in ErrorCode.UNKNOWN_METHOD:\n            exception_class = UnknownMethodException\n        else:\n            exception_class = WebDriverException\n        if not value:\n            value = response[\"value\"]\n        if isinstance(value, str):\n            raise exception_class(value)\n        if message == \"\" and \"message\" in value:\n            message = value[\"message\"]\n    \n        screen = None  # type: ignore[assignment]\n        if \"screen\" in value:\n            screen = value[\"screen\"]\n    \n        stacktrace = None\n        st_value = value.get(\"stackTrace\") or value.get(\"stacktrace\")\n        if st_value:\n            if isinstance(st_value, str):\n                stacktrace = st_value.split(\"\\n\")\n            else:\n                stacktrace = []\n                try:\n                    for frame in st_value:\n                        line = frame.get(\"lineNumber\", \"\")\n                        file = frame.get(\"fileName\", \"<anonymous>\")\n                        if line:\n                            file = f\"{file}:{line}\"\n                        meth = frame.get(\"methodName\", \"<anonymous>\")\n                        if \"className\" in frame:\n                            meth = f\"{frame['className']}.{meth}\"\n                        msg = \"    at %s (%s)\"\n                        msg = msg % (meth, file)\n                        stacktrace.append(msg)\n                except TypeError:\n                    pass\n        if exception_class == UnexpectedAlertPresentException:\n            alert_text = None\n            if \"data\" in value:\n                alert_text = value[\"data\"].get(\"text\")\n            elif \"alert\" in value:\n                alert_text = value[\"alert\"].get(\"text\")\n            raise exception_class(message, screen, stacktrace, alert_text)  # type: ignore[call-arg]  # mypy is not smart enough here\n>       raise exception_class(message, screen, stacktrace)\nE       selenium.common.exceptions.NoSuchElementException: Message: no such element: Unable to locate element: {\"method\":\"xpath\",\"selector\":\"(//a[@class='add-to-cart yellow-btn'])[1]\"}\nE         (Session info: chrome-headless-shell=120.0.6099.109); For documentation on this error, please visit: https://www.selenium.dev/documentation/webdriver/troubleshooting/errors#no-such-element-exception\nE       Stacktrace:\nE       #0 0x55a1bf84ff83 <unknown>\nE       #1 0x55a1bf508cf7 <unknown>\nE       #2 0x55a1bf55899e <unknown>\nE       #3 0x55a1bf558aa1 <unknown>\nE       #4 0x55a1bf5a3d64 <unknown>\nE       #5 0x55a1bf5820dd <unknown>\nE       #6 0x55a1bf5a1006 <unknown>\nE       #7 0x55a1bf581e53 <unknown>\nE       #8 0x55a1bf549dd4 <unknown>\nE       #9 0x55a1bf54b1de <unknown>\nE       #10 0x55a1bf814531 <unknown>\nE       #11 0x55a1bf818455 <unknown>\nE       #12 0x55a1bf800f55 <unknown>\nE       #13 0x55a1bf8190ef <unknown>\nE       #14 0x55a1bf7e499f <unknown>\nE       #15 0x55a1bf83d008 <unknown>\nE       #16 0x55a1bf83d1d7 <unknown>\nE       #17 0x55a1bf84f124 <unknown>\nE       #18 0x7f915260d044 <unknown>\n\n/usr/local/lib/python3.11/site-packages/selenium/webdriver/remote/errorhandler.py:245: NoSuchElementException","steps":[{"name":"Добавляем товар в корзину в количестве 299","time":{"start":1704849178045,"stop":1704849178057,"duration":12},"status":"broken","statusMessage":"selenium.common.exceptions.NoSuchElementException: Message: no such element: Unable to locate element: {\"method\":\"xpath\",\"selector\":\"(//a[@class='add-to-cart yellow-btn'])[1]\"}\n  (Session info: chrome-headless-shell=120.0.6099.109); For documentation on this error, please visit: https://www.selenium.dev/documentation/webdriver/troubleshooting/errors#no-such-element-exception\nStacktrace:\n#0 0x55a1bf84ff83 <unknown>\n#1 0x55a1bf508cf7 <unknown>\n#2 0x55a1bf55899e <unknown>\n#3 0x55a1bf558aa1 <unknown>\n#4 0x55a1bf5a3d64 <unknown>\n#5 0x55a1bf5820dd <unknown>\n#6 0x55a1bf5a1006 <unknown>\n#7 0x55a1bf581e53 <unknown>\n#8 0x55a1bf549dd4 <unknown>\n#9 0x55a1bf54b1de <unknown>\n#10 0x55a1bf814531 <unknown>\n#11 0x55a1bf818455 <unknown>\n#12 0x55a1bf800f55 <unknown>\n#13 0x55a1bf8190ef <unknown>\n#14 0x55a1bf7e499f <unknown>\n#15 0x55a1bf83d008 <unknown>\n#16 0x55a1bf83d1d7 <unknown>\n#17 0x55a1bf84f124 <unknown>\n#18 0x7f915260d044 <unknown>\n\n","statusTrace":"  File \"/usr/local/lib/python3.11/site-packages/allure_commons/_allure.py\", line 192, in impl\n    return func(*a, **kw)\n           ^^^^^^^^^^^^^^\n  File \"/app/pages/item_page.py\", line 40, in add_item_to_cart\n    self.find_element(self._add_item).click()\n    ^^^^^^^^^^^^^^^^^^^^^^^^^^^^^^^^^\n  File \"/app/base/seleniumbase.py\", line 17, in find_element\n    return self.driver.find_element(*locator)\n           ^^^^^^^^^^^^^^^^^^^^^^^^^^^^^^^^^^\n  File \"/usr/local/lib/python3.11/site-packages/selenium/webdriver/remote/webdriver.py\", line 740, in find_element\n    return self.execute(Command.FIND_ELEMENT, {\"using\": by, \"value\": value})[\"value\"]\n           ^^^^^^^^^^^^^^^^^^^^^^^^^^^^^^^^^^^^^^^^^^^^^^^^^^^^^^^^^^^^^^^^^\n  File \"/usr/local/lib/python3.11/site-packages/selenium/webdriver/remote/webdriver.py\", line 346, in execute\n    self.error_handler.check_response(response)\n  File \"/usr/local/lib/python3.11/site-packages/selenium/webdriver/remote/errorhandler.py\", line 245, in check_response\n    raise exception_class(message, screen, stacktrace)\n","steps":[],"attachments":[],"parameters":[{"name":"amount","value":"299"}],"shouldDisplayMessage":true,"stepsCount":0,"attachmentsCount":0,"hasContent":true,"attachmentStep":false}],"attachments":[{"uid":"f7051488ce925289","name":"Screenshot","source":"f7051488ce925289.png","type":"image/png","size":5862},{"uid":"4e19af9567bedfd6","name":"HTML source","source":"4e19af9567bedfd6.html","type":"text/html","size":39}],"parameters":[],"shouldDisplayMessage":true,"stepsCount":1,"attachmentsCount":2,"hasContent":true,"attachmentStep":false},"afterStages":[{"name":"setup::0","time":{"start":1704849178170,"stop":1704849178170,"duration":0},"status":"passed","steps":[],"attachments":[],"parameters":[],"shouldDisplayMessage":false,"stepsCount":0,"attachmentsCount":0,"hasContent":false,"attachmentStep":false},{"name":"driver::0","time":{"start":1704849178170,"stop":1704849178227,"duration":57},"status":"passed","steps":[],"attachments":[],"parameters":[],"shouldDisplayMessage":false,"stepsCount":0,"attachmentsCount":0,"hasContent":false,"attachmentStep":false}],"labels":[{"name":"epic","value":"Delivery Page - calculation"},{"name":"tag","value":"smoke"},{"name":"parentSuite","value":"tests.delivery"},{"name":"suite","value":"test_delivery_calculation"},{"name":"subSuite","value":"TestDeliveryPageCalculation"},{"name":"host","value":"22eccde50fd2"},{"name":"thread","value":"1-MainThread"},{"name":"framework","value":"pytest"},{"name":"language","value":"cpython3"},{"name":"package","value":"tests.delivery.test_delivery_calculation"},{"name":"resultFormat","value":"allure2"}],"parameters":[{"name":"all_time","value":"11440"},{"name":"amount","value":"299"},{"name":"case_id","value":"'TD 024'"},{"name":"in_time","value":"9900"},{"name":"link_item","value":"'products/shtukaturka-gipsovaya-aksolit-m50-30-kg-mashinnogo-naneseniya'"},{"name":"standard","value":"4300"},{"name":"url","value":"'https://sandboxtest.stroyrem-nn.ru/'"},{"name":"weight","value":"9000"}],"links":[],"hidden":false,"retry":false,"extra":{"severity":"normal","retries":[],"categories":[{"name":"Test defects","matchedStatuses":[],"flaky":false}],"history":{"statistic":{"failed":0,"broken":133,"skipped":0,"passed":0,"unknown":0,"total":133},"items":[{"uid":"b7d26859a6e52718","reportUrl":"https://zaelcovsky.github.io/StroyremAutomation/196//#testresult/b7d26859a6e52718","status":"broken","statusDetails":"selenium.common.exceptions.NoSuchElementException: Message: no such element: Unable to locate element: {\"method\":\"xpath\",\"selector\":\"(//a[@class='add-to-cart yellow-btn'])[1]\"}\n  (Session info: chrome-headless-shell=120.0.6099.109); For documentation on this error, please visit: https://www.selenium.dev/documentation/webdriver/troubleshooting/errors#no-such-element-exception\nStacktrace:\n#0 0x55f38b393f83 <unknown>\n#1 0x55f38b04ccf7 <unknown>\n#2 0x55f38b09c99e <unknown>\n#3 0x55f38b09caa1 <unknown>\n#4 0x55f38b0e7d64 <unknown>\n#5 0x55f38b0c60dd <unknown>\n#6 0x55f38b0e5006 <unknown>\n#7 0x55f38b0c5e53 <unknown>\n#8 0x55f38b08ddd4 <unknown>\n#9 0x55f38b08f1de <unknown>\n#10 0x55f38b358531 <unknown>\n#11 0x55f38b35c455 <unknown>\n#12 0x55f38b344f55 <unknown>\n#13 0x55f38b35d0ef <unknown>\n#14 0x55f38b32899f <unknown>\n#15 0x55f38b381008 <unknown>\n#16 0x55f38b3811d7 <unknown>\n#17 0x55f38b393124 <unknown>\n#18 0x7fac86526044 <unknown>","time":{"start":1704762776522,"stop":1704762776891,"duration":369}},{"uid":"4c22e8feb45e5702","reportUrl":"https://zaelcovsky.github.io/StroyremAutomation/195//#testresult/4c22e8feb45e5702","status":"broken","statusDetails":"selenium.common.exceptions.NoSuchElementException: Message: no such element: Unable to locate element: {\"method\":\"xpath\",\"selector\":\"(//a[@class='add-to-cart yellow-btn'])[1]\"}\n  (Session info: chrome-headless-shell=120.0.6099.109); For documentation on this error, please visit: https://www.selenium.dev/documentation/webdriver/troubleshooting/errors#no-such-element-exception\nStacktrace:\n#0 0x562beb869f83 <unknown>\n#1 0x562beb522cf7 <unknown>\n#2 0x562beb57299e <unknown>\n#3 0x562beb572aa1 <unknown>\n#4 0x562beb5bdd64 <unknown>\n#5 0x562beb59c0dd <unknown>\n#6 0x562beb5bb006 <unknown>\n#7 0x562beb59be53 <unknown>\n#8 0x562beb563dd4 <unknown>\n#9 0x562beb5651de <unknown>\n#10 0x562beb82e531 <unknown>\n#11 0x562beb832455 <unknown>\n#12 0x562beb81af55 <unknown>\n#13 0x562beb8330ef <unknown>\n#14 0x562beb7fe99f <unknown>\n#15 0x562beb857008 <unknown>\n#16 0x562beb8571d7 <unknown>\n#17 0x562beb869124 <unknown>\n#18 0x7fb32b1ec044 <unknown>","time":{"start":1704676478598,"stop":1704676479034,"duration":436}},{"uid":"1de901de2df92c04","reportUrl":"https://zaelcovsky.github.io/StroyremAutomation/194//#testresult/1de901de2df92c04","status":"broken","statusDetails":"selenium.common.exceptions.NoSuchElementException: Message: no such element: Unable to locate element: {\"method\":\"xpath\",\"selector\":\"(//a[@class='add-to-cart yellow-btn'])[1]\"}\n  (Session info: chrome-headless-shell=120.0.6099.109); For documentation on this error, please visit: https://www.selenium.dev/documentation/webdriver/troubleshooting/errors#no-such-element-exception\nStacktrace:\n#0 0x559be70f9f83 <unknown>\n#1 0x559be6db2cf7 <unknown>\n#2 0x559be6e0299e <unknown>\n#3 0x559be6e02aa1 <unknown>\n#4 0x559be6e4dd64 <unknown>\n#5 0x559be6e2c0dd <unknown>\n#6 0x559be6e4b006 <unknown>\n#7 0x559be6e2be53 <unknown>\n#8 0x559be6df3dd4 <unknown>\n#9 0x559be6df51de <unknown>\n#10 0x559be70be531 <unknown>\n#11 0x559be70c2455 <unknown>\n#12 0x559be70aaf55 <unknown>\n#13 0x559be70c30ef <unknown>\n#14 0x559be708e99f <unknown>\n#15 0x559be70e7008 <unknown>\n#16 0x559be70e71d7 <unknown>\n#17 0x559be70f9124 <unknown>\n#18 0x7fa84a3d2044 <unknown>","time":{"start":1704590377289,"stop":1704590377740,"duration":451}},{"uid":"285a0bdb8e256d1","reportUrl":"https://zaelcovsky.github.io/StroyremAutomation/193//#testresult/285a0bdb8e256d1","status":"broken","statusDetails":"selenium.common.exceptions.NoSuchElementException: Message: no such element: Unable to locate element: {\"method\":\"xpath\",\"selector\":\"(//a[@class='add-to-cart yellow-btn'])[1]\"}\n  (Session info: chrome-headless-shell=120.0.6099.109); For documentation on this error, please visit: https://www.selenium.dev/documentation/webdriver/troubleshooting/errors#no-such-element-exception\nStacktrace:\n#0 0x5583952f3f83 <unknown>\n#1 0x558394faccf7 <unknown>\n#2 0x558394ffc99e <unknown>\n#3 0x558394ffcaa1 <unknown>\n#4 0x558395047d64 <unknown>\n#5 0x5583950260dd <unknown>\n#6 0x558395045006 <unknown>\n#7 0x558395025e53 <unknown>\n#8 0x558394feddd4 <unknown>\n#9 0x558394fef1de <unknown>\n#10 0x5583952b8531 <unknown>\n#11 0x5583952bc455 <unknown>\n#12 0x5583952a4f55 <unknown>\n#13 0x5583952bd0ef <unknown>\n#14 0x55839528899f <unknown>\n#15 0x5583952e1008 <unknown>\n#16 0x5583952e11d7 <unknown>\n#17 0x5583952f3124 <unknown>\n#18 0x7f10a299e044 <unknown>","time":{"start":1704503445501,"stop":1704503445918,"duration":417}},{"uid":"26e50ef8158f8bf0","reportUrl":"https://zaelcovsky.github.io/StroyremAutomation/192//#testresult/26e50ef8158f8bf0","status":"broken","statusDetails":"selenium.common.exceptions.NoSuchElementException: Message: no such element: Unable to locate element: {\"method\":\"xpath\",\"selector\":\"(//a[@class='add-to-cart yellow-btn'])[1]\"}\n  (Session info: chrome-headless-shell=120.0.6099.109); For documentation on this error, please visit: https://www.selenium.dev/documentation/webdriver/troubleshooting/errors#no-such-element-exception\nStacktrace:\n#0 0x561cd18f7f83 <unknown>\n#1 0x561cd15b0cf7 <unknown>\n#2 0x561cd160099e <unknown>\n#3 0x561cd1600aa1 <unknown>\n#4 0x561cd164bd64 <unknown>\n#5 0x561cd162a0dd <unknown>\n#6 0x561cd1649006 <unknown>\n#7 0x561cd1629e53 <unknown>\n#8 0x561cd15f1dd4 <unknown>\n#9 0x561cd15f31de <unknown>\n#10 0x561cd18bc531 <unknown>\n#11 0x561cd18c0455 <unknown>\n#12 0x561cd18a8f55 <unknown>\n#13 0x561cd18c10ef <unknown>\n#14 0x561cd188c99f <unknown>\n#15 0x561cd18e5008 <unknown>\n#16 0x561cd18e51d7 <unknown>\n#17 0x561cd18f7124 <unknown>\n#18 0x7f77c3ea5044 <unknown>","time":{"start":1704417106030,"stop":1704417106374,"duration":344}},{"uid":"d942950a78dd8f16","reportUrl":"https://zaelcovsky.github.io/StroyremAutomation/191//#testresult/d942950a78dd8f16","status":"broken","statusDetails":"selenium.common.exceptions.NoSuchElementException: Message: no such element: Unable to locate element: {\"method\":\"xpath\",\"selector\":\"(//a[@class='add-to-cart yellow-btn'])[1]\"}\n  (Session info: chrome-headless-shell=120.0.6099.109); For documentation on this error, please visit: https://www.selenium.dev/documentation/webdriver/troubleshooting/errors#no-such-element-exception\nStacktrace:\n#0 0x55c97cc0bf83 <unknown>\n#1 0x55c97c8c4cf7 <unknown>\n#2 0x55c97c91499e <unknown>\n#3 0x55c97c914aa1 <unknown>\n#4 0x55c97c95fd64 <unknown>\n#5 0x55c97c93e0dd <unknown>\n#6 0x55c97c95d006 <unknown>\n#7 0x55c97c93de53 <unknown>\n#8 0x55c97c905dd4 <unknown>\n#9 0x55c97c9071de <unknown>\n#10 0x55c97cbd0531 <unknown>\n#11 0x55c97cbd4455 <unknown>\n#12 0x55c97cbbcf55 <unknown>\n#13 0x55c97cbd50ef <unknown>\n#14 0x55c97cba099f <unknown>\n#15 0x55c97cbf9008 <unknown>\n#16 0x55c97cbf91d7 <unknown>\n#17 0x55c97cc0b124 <unknown>\n#18 0x7f7b83430044 <unknown>","time":{"start":1704330790140,"stop":1704330790584,"duration":444}},{"uid":"66584d8e57fd3e9b","reportUrl":"https://zaelcovsky.github.io/StroyremAutomation/190//#testresult/66584d8e57fd3e9b","status":"broken","statusDetails":"selenium.common.exceptions.NoSuchElementException: Message: no such element: Unable to locate element: {\"method\":\"xpath\",\"selector\":\"(//a[@class='add-to-cart yellow-btn'])[1]\"}\n  (Session info: chrome-headless-shell=120.0.6099.109); For documentation on this error, please visit: https://www.selenium.dev/documentation/webdriver/troubleshooting/errors#no-such-element-exception\nStacktrace:\n#0 0x56139df8bf83 <unknown>\n#1 0x56139dc44cf7 <unknown>\n#2 0x56139dc9499e <unknown>\n#3 0x56139dc94aa1 <unknown>\n#4 0x56139dcdfd64 <unknown>\n#5 0x56139dcbe0dd <unknown>\n#6 0x56139dcdd006 <unknown>\n#7 0x56139dcbde53 <unknown>\n#8 0x56139dc85dd4 <unknown>\n#9 0x56139dc871de <unknown>\n#10 0x56139df50531 <unknown>\n#11 0x56139df54455 <unknown>\n#12 0x56139df3cf55 <unknown>\n#13 0x56139df550ef <unknown>\n#14 0x56139df2099f <unknown>\n#15 0x56139df79008 <unknown>\n#16 0x56139df791d7 <unknown>\n#17 0x56139df8b124 <unknown>\n#18 0x7f92b6f5e044 <unknown>","time":{"start":1704244279108,"stop":1704244279629,"duration":521}},{"uid":"7cf1cb6c3be9f795","reportUrl":"https://zaelcovsky.github.io/StroyremAutomation/189//#testresult/7cf1cb6c3be9f795","status":"broken","statusDetails":"selenium.common.exceptions.NoSuchElementException: Message: no such element: Unable to locate element: {\"method\":\"xpath\",\"selector\":\"(//a[@class='add-to-cart yellow-btn'])[1]\"}\n  (Session info: chrome-headless-shell=120.0.6099.109); For documentation on this error, please visit: https://www.selenium.dev/documentation/webdriver/troubleshooting/errors#no-such-element-exception\nStacktrace:\n#0 0x55d2018dcf83 <unknown>\n#1 0x55d201595cf7 <unknown>\n#2 0x55d2015e599e <unknown>\n#3 0x55d2015e5aa1 <unknown>\n#4 0x55d201630d64 <unknown>\n#5 0x55d20160f0dd <unknown>\n#6 0x55d20162e006 <unknown>\n#7 0x55d20160ee53 <unknown>\n#8 0x55d2015d6dd4 <unknown>\n#9 0x55d2015d81de <unknown>\n#10 0x55d2018a1531 <unknown>\n#11 0x55d2018a5455 <unknown>\n#12 0x55d20188df55 <unknown>\n#13 0x55d2018a60ef <unknown>\n#14 0x55d20187199f <unknown>\n#15 0x55d2018ca008 <unknown>\n#16 0x55d2018ca1d7 <unknown>\n#17 0x55d2018dc124 <unknown>\n#18 0x7fdd2d31c044 <unknown>","time":{"start":1704157797542,"stop":1704157797860,"duration":318}},{"uid":"a746e1beb4e3b069","reportUrl":"https://zaelcovsky.github.io/StroyremAutomation/188//#testresult/a746e1beb4e3b069","status":"broken","statusDetails":"selenium.common.exceptions.NoSuchElementException: Message: no such element: Unable to locate element: {\"method\":\"xpath\",\"selector\":\"(//a[@class='add-to-cart yellow-btn'])[1]\"}\n  (Session info: chrome-headless-shell=120.0.6099.109); For documentation on this error, please visit: https://www.selenium.dev/documentation/webdriver/troubleshooting/errors#no-such-element-exception\nStacktrace:\n#0 0x5634da231f83 <unknown>\n#1 0x5634d9eeacf7 <unknown>\n#2 0x5634d9f3a99e <unknown>\n#3 0x5634d9f3aaa1 <unknown>\n#4 0x5634d9f85d64 <unknown>\n#5 0x5634d9f640dd <unknown>\n#6 0x5634d9f83006 <unknown>\n#7 0x5634d9f63e53 <unknown>\n#8 0x5634d9f2bdd4 <unknown>\n#9 0x5634d9f2d1de <unknown>\n#10 0x5634da1f6531 <unknown>\n#11 0x5634da1fa455 <unknown>\n#12 0x5634da1e2f55 <unknown>\n#13 0x5634da1fb0ef <unknown>\n#14 0x5634da1c699f <unknown>\n#15 0x5634da21f008 <unknown>\n#16 0x5634da21f1d7 <unknown>\n#17 0x5634da231124 <unknown>\n#18 0x7f0cf2873044 <unknown>","time":{"start":1704071887474,"stop":1704071888044,"duration":570}},{"uid":"755dd8832b058fdb","reportUrl":"https://zaelcovsky.github.io/StroyremAutomation/187//#testresult/755dd8832b058fdb","status":"broken","statusDetails":"selenium.common.exceptions.NoSuchElementException: Message: no such element: Unable to locate element: {\"method\":\"xpath\",\"selector\":\"(//a[@class='add-to-cart yellow-btn'])[1]\"}\n  (Session info: chrome-headless-shell=120.0.6099.109); For documentation on this error, please visit: https://www.selenium.dev/documentation/webdriver/troubleshooting/errors#no-such-element-exception\nStacktrace:\n#0 0x558883ee6f83 <unknown>\n#1 0x558883b9fcf7 <unknown>\n#2 0x558883bef99e <unknown>\n#3 0x558883befaa1 <unknown>\n#4 0x558883c3ad64 <unknown>\n#5 0x558883c190dd <unknown>\n#6 0x558883c38006 <unknown>\n#7 0x558883c18e53 <unknown>\n#8 0x558883be0dd4 <unknown>\n#9 0x558883be21de <unknown>\n#10 0x558883eab531 <unknown>\n#11 0x558883eaf455 <unknown>\n#12 0x558883e97f55 <unknown>\n#13 0x558883eb00ef <unknown>\n#14 0x558883e7b99f <unknown>\n#15 0x558883ed4008 <unknown>\n#16 0x558883ed41d7 <unknown>\n#17 0x558883ee6124 <unknown>\n#18 0x7ff804e9f044 <unknown>","time":{"start":1703985341366,"stop":1703985341700,"duration":334}},{"uid":"7aa4d86da6f78a22","reportUrl":"https://zaelcovsky.github.io/StroyremAutomation/186//#testresult/7aa4d86da6f78a22","status":"broken","statusDetails":"selenium.common.exceptions.NoSuchElementException: Message: no such element: Unable to locate element: {\"method\":\"xpath\",\"selector\":\"(//a[@class='add-to-cart yellow-btn'])[1]\"}\n  (Session info: chrome-headless-shell=120.0.6099.109); For documentation on this error, please visit: https://www.selenium.dev/documentation/webdriver/troubleshooting/errors#no-such-element-exception\nStacktrace:\n#0 0x55ddd1409f83 <unknown>\n#1 0x55ddd10c2cf7 <unknown>\n#2 0x55ddd111299e <unknown>\n#3 0x55ddd1112aa1 <unknown>\n#4 0x55ddd115dd64 <unknown>\n#5 0x55ddd113c0dd <unknown>\n#6 0x55ddd115b006 <unknown>\n#7 0x55ddd113be53 <unknown>\n#8 0x55ddd1103dd4 <unknown>\n#9 0x55ddd11051de <unknown>\n#10 0x55ddd13ce531 <unknown>\n#11 0x55ddd13d2455 <unknown>\n#12 0x55ddd13baf55 <unknown>\n#13 0x55ddd13d30ef <unknown>\n#14 0x55ddd139e99f <unknown>\n#15 0x55ddd13f7008 <unknown>\n#16 0x55ddd13f71d7 <unknown>\n#17 0x55ddd1409124 <unknown>\n#18 0x7f9d198ca044 <unknown>","time":{"start":1703898615967,"stop":1703898616417,"duration":450}},{"uid":"d09e51dc4f89b06c","reportUrl":"https://zaelcovsky.github.io/StroyremAutomation/185//#testresult/d09e51dc4f89b06c","status":"broken","statusDetails":"selenium.common.exceptions.NoSuchElementException: Message: no such element: Unable to locate element: {\"method\":\"xpath\",\"selector\":\"(//a[@class='add-to-cart yellow-btn'])[1]\"}\n  (Session info: chrome-headless-shell=120.0.6099.109); For documentation on this error, please visit: https://www.selenium.dev/documentation/webdriver/troubleshooting/errors#no-such-element-exception\nStacktrace:\n#0 0x5568d1d69f83 <unknown>\n#1 0x5568d1a22cf7 <unknown>\n#2 0x5568d1a7299e <unknown>\n#3 0x5568d1a72aa1 <unknown>\n#4 0x5568d1abdd64 <unknown>\n#5 0x5568d1a9c0dd <unknown>\n#6 0x5568d1abb006 <unknown>\n#7 0x5568d1a9be53 <unknown>\n#8 0x5568d1a63dd4 <unknown>\n#9 0x5568d1a651de <unknown>\n#10 0x5568d1d2e531 <unknown>\n#11 0x5568d1d32455 <unknown>\n#12 0x5568d1d1af55 <unknown>\n#13 0x5568d1d330ef <unknown>\n#14 0x5568d1cfe99f <unknown>\n#15 0x5568d1d57008 <unknown>\n#16 0x5568d1d571d7 <unknown>\n#17 0x5568d1d69124 <unknown>\n#18 0x7fd139949044 <unknown>","time":{"start":1703811633164,"stop":1703811633504,"duration":340}},{"uid":"e746f6b4f7c8b882","reportUrl":"https://zaelcovsky.github.io/StroyremAutomation/184//#testresult/e746f6b4f7c8b882","status":"broken","statusDetails":"selenium.common.exceptions.NoSuchElementException: Message: no such element: Unable to locate element: {\"method\":\"xpath\",\"selector\":\"(//a[@class='add-to-cart yellow-btn'])[1]\"}\n  (Session info: chrome-headless-shell=120.0.6099.109); For documentation on this error, please visit: https://www.selenium.dev/documentation/webdriver/troubleshooting/errors#no-such-element-exception\nStacktrace:\n#0 0x558f3574bf83 <unknown>\n#1 0x558f35404cf7 <unknown>\n#2 0x558f3545499e <unknown>\n#3 0x558f35454aa1 <unknown>\n#4 0x558f3549fd64 <unknown>\n#5 0x558f3547e0dd <unknown>\n#6 0x558f3549d006 <unknown>\n#7 0x558f3547de53 <unknown>\n#8 0x558f35445dd4 <unknown>\n#9 0x558f354471de <unknown>\n#10 0x558f35710531 <unknown>\n#11 0x558f35714455 <unknown>\n#12 0x558f356fcf55 <unknown>\n#13 0x558f357150ef <unknown>\n#14 0x558f356e099f <unknown>\n#15 0x558f35739008 <unknown>\n#16 0x558f357391d7 <unknown>\n#17 0x558f3574b124 <unknown>\n#18 0x7f0343ed8044 <unknown>","time":{"start":1703725760627,"stop":1703725760983,"duration":356}},{"uid":"74eadd68c2dfe408","reportUrl":"https://zaelcovsky.github.io/StroyremAutomation/183//#testresult/74eadd68c2dfe408","status":"broken","statusDetails":"selenium.common.exceptions.NoSuchElementException: Message: no such element: Unable to locate element: {\"method\":\"xpath\",\"selector\":\"(//a[@class='add-to-cart yellow-btn'])[1]\"}\n  (Session info: chrome-headless-shell=120.0.6099.109); For documentation on this error, please visit: https://www.selenium.dev/documentation/webdriver/troubleshooting/errors#no-such-element-exception\nStacktrace:\n#0 0x56163dde1f83 <unknown>\n#1 0x56163da9acf7 <unknown>\n#2 0x56163daea99e <unknown>\n#3 0x56163daeaaa1 <unknown>\n#4 0x56163db35d64 <unknown>\n#5 0x56163db140dd <unknown>\n#6 0x56163db33006 <unknown>\n#7 0x56163db13e53 <unknown>\n#8 0x56163dadbdd4 <unknown>\n#9 0x56163dadd1de <unknown>\n#10 0x56163dda6531 <unknown>\n#11 0x56163ddaa455 <unknown>\n#12 0x56163dd92f55 <unknown>\n#13 0x56163ddab0ef <unknown>\n#14 0x56163dd7699f <unknown>\n#15 0x56163ddcf008 <unknown>\n#16 0x56163ddcf1d7 <unknown>\n#17 0x56163dde1124 <unknown>\n#18 0x7fbcbe496044 <unknown>","time":{"start":1703639442167,"stop":1703639442617,"duration":450}},{"uid":"6d0ff62cfea31040","reportUrl":"https://zaelcovsky.github.io/StroyremAutomation/182//#testresult/6d0ff62cfea31040","status":"broken","statusDetails":"selenium.common.exceptions.NoSuchElementException: Message: no such element: Unable to locate element: {\"method\":\"xpath\",\"selector\":\"(//a[@class='add-to-cart yellow-btn'])[1]\"}\n  (Session info: chrome-headless-shell=120.0.6099.109); For documentation on this error, please visit: https://www.selenium.dev/documentation/webdriver/troubleshooting/errors#no-such-element-exception\nStacktrace:\n#0 0x55bb8c550f83 <unknown>\n#1 0x55bb8c209cf7 <unknown>\n#2 0x55bb8c25999e <unknown>\n#3 0x55bb8c259aa1 <unknown>\n#4 0x55bb8c2a4d64 <unknown>\n#5 0x55bb8c2830dd <unknown>\n#6 0x55bb8c2a2006 <unknown>\n#7 0x55bb8c282e53 <unknown>\n#8 0x55bb8c24add4 <unknown>\n#9 0x55bb8c24c1de <unknown>\n#10 0x55bb8c515531 <unknown>\n#11 0x55bb8c519455 <unknown>\n#12 0x55bb8c501f55 <unknown>\n#13 0x55bb8c51a0ef <unknown>\n#14 0x55bb8c4e599f <unknown>\n#15 0x55bb8c53e008 <unknown>\n#16 0x55bb8c53e1d7 <unknown>\n#17 0x55bb8c550124 <unknown>\n#18 0x7f112dfe9044 <unknown>","time":{"start":1703552931784,"stop":1703552932128,"duration":344}},{"uid":"fd391c4145e1fd6f","reportUrl":"https://zaelcovsky.github.io/StroyremAutomation/181//#testresult/fd391c4145e1fd6f","status":"broken","statusDetails":"selenium.common.exceptions.NoSuchElementException: Message: no such element: Unable to locate element: {\"method\":\"xpath\",\"selector\":\"(//a[@class='add-to-cart yellow-btn'])[1]\"}\n  (Session info: chrome-headless-shell=120.0.6099.109); For documentation on this error, please visit: https://www.selenium.dev/documentation/webdriver/troubleshooting/errors#no-such-element-exception\nStacktrace:\n#0 0x560e8e01df83 <unknown>\n#1 0x560e8dcd6cf7 <unknown>\n#2 0x560e8dd2699e <unknown>\n#3 0x560e8dd26aa1 <unknown>\n#4 0x560e8dd71d64 <unknown>\n#5 0x560e8dd500dd <unknown>\n#6 0x560e8dd6f006 <unknown>\n#7 0x560e8dd4fe53 <unknown>\n#8 0x560e8dd17dd4 <unknown>\n#9 0x560e8dd191de <unknown>\n#10 0x560e8dfe2531 <unknown>\n#11 0x560e8dfe6455 <unknown>\n#12 0x560e8dfcef55 <unknown>\n#13 0x560e8dfe70ef <unknown>\n#14 0x560e8dfb299f <unknown>\n#15 0x560e8e00b008 <unknown>\n#16 0x560e8e00b1d7 <unknown>\n#17 0x560e8e01d124 <unknown>\n#18 0x7f9fef13a044 <unknown>","time":{"start":1703466702433,"stop":1703466702997,"duration":564}},{"uid":"e8a8d75f257b3ef7","reportUrl":"https://zaelcovsky.github.io/StroyremAutomation/180//#testresult/e8a8d75f257b3ef7","status":"broken","statusDetails":"selenium.common.exceptions.NoSuchElementException: Message: no such element: Unable to locate element: {\"method\":\"xpath\",\"selector\":\"(//a[@class='add-to-cart yellow-btn'])[1]\"}\n  (Session info: chrome-headless-shell=120.0.6099.109); For documentation on this error, please visit: https://www.selenium.dev/documentation/webdriver/troubleshooting/errors#no-such-element-exception\nStacktrace:\n#0 0x5615dd94af83 <unknown>\n#1 0x5615dd603cf7 <unknown>\n#2 0x5615dd65399e <unknown>\n#3 0x5615dd653aa1 <unknown>\n#4 0x5615dd69ed64 <unknown>\n#5 0x5615dd67d0dd <unknown>\n#6 0x5615dd69c006 <unknown>\n#7 0x5615dd67ce53 <unknown>\n#8 0x5615dd644dd4 <unknown>\n#9 0x5615dd6461de <unknown>\n#10 0x5615dd90f531 <unknown>\n#11 0x5615dd913455 <unknown>\n#12 0x5615dd8fbf55 <unknown>\n#13 0x5615dd9140ef <unknown>\n#14 0x5615dd8df99f <unknown>\n#15 0x5615dd938008 <unknown>\n#16 0x5615dd9381d7 <unknown>\n#17 0x5615dd94a124 <unknown>\n#18 0x7f880fa86044 <unknown>","time":{"start":1703380535477,"stop":1703380536117,"duration":640}},{"uid":"6431d5b1558c7ae2","reportUrl":"https://zaelcovsky.github.io/StroyremAutomation/179//#testresult/6431d5b1558c7ae2","status":"broken","statusDetails":"selenium.common.exceptions.NoSuchElementException: Message: no such element: Unable to locate element: {\"method\":\"xpath\",\"selector\":\"(//a[@class='add-to-cart yellow-btn'])[1]\"}\n  (Session info: chrome-headless-shell=120.0.6099.109); For documentation on this error, please visit: https://www.selenium.dev/documentation/webdriver/troubleshooting/errors#no-such-element-exception\nStacktrace:\n#0 0x560b5c9cff83 <unknown>\n#1 0x560b5c688cf7 <unknown>\n#2 0x560b5c6d899e <unknown>\n#3 0x560b5c6d8aa1 <unknown>\n#4 0x560b5c723d64 <unknown>\n#5 0x560b5c7020dd <unknown>\n#6 0x560b5c721006 <unknown>\n#7 0x560b5c701e53 <unknown>\n#8 0x560b5c6c9dd4 <unknown>\n#9 0x560b5c6cb1de <unknown>\n#10 0x560b5c994531 <unknown>\n#11 0x560b5c998455 <unknown>\n#12 0x560b5c980f55 <unknown>\n#13 0x560b5c9990ef <unknown>\n#14 0x560b5c96499f <unknown>\n#15 0x560b5c9bd008 <unknown>\n#16 0x560b5c9bd1d7 <unknown>\n#17 0x560b5c9cf124 <unknown>\n#18 0x7f8c88374044 <unknown>","time":{"start":1703293763977,"stop":1703293764410,"duration":433}},{"uid":"bf1e16a9a52b2020","reportUrl":"https://zaelcovsky.github.io/StroyremAutomation/178//#testresult/bf1e16a9a52b2020","status":"broken","statusDetails":"selenium.common.exceptions.NoSuchElementException: Message: no such element: Unable to locate element: {\"method\":\"xpath\",\"selector\":\"(//a[@class='add-to-cart yellow-btn'])[1]\"}\n  (Session info: chrome-headless-shell=120.0.6099.109); For documentation on this error, please visit: https://www.selenium.dev/documentation/webdriver/troubleshooting/errors#no-such-element-exception\nStacktrace:\n#0 0x56127e514f83 <unknown>\n#1 0x56127e1cdcf7 <unknown>\n#2 0x56127e21d99e <unknown>\n#3 0x56127e21daa1 <unknown>\n#4 0x56127e268d64 <unknown>\n#5 0x56127e2470dd <unknown>\n#6 0x56127e266006 <unknown>\n#7 0x56127e246e53 <unknown>\n#8 0x56127e20edd4 <unknown>\n#9 0x56127e2101de <unknown>\n#10 0x56127e4d9531 <unknown>\n#11 0x56127e4dd455 <unknown>\n#12 0x56127e4c5f55 <unknown>\n#13 0x56127e4de0ef <unknown>\n#14 0x56127e4a999f <unknown>\n#15 0x56127e502008 <unknown>\n#16 0x56127e5021d7 <unknown>\n#17 0x56127e514124 <unknown>\n#18 0x7f5cec135044 <unknown>","time":{"start":1703207392625,"stop":1703207392946,"duration":321}},{"uid":"9130b9a5f0800a3b","reportUrl":"https://zaelcovsky.github.io/StroyremAutomation/177//#testresult/9130b9a5f0800a3b","status":"broken","statusDetails":"selenium.common.exceptions.NoSuchElementException: Message: no such element: Unable to locate element: {\"method\":\"xpath\",\"selector\":\"(//a[@class='add-to-cart yellow-btn'])[1]\"}\n  (Session info: chrome-headless-shell=120.0.6099.109); For documentation on this error, please visit: https://www.selenium.dev/documentation/webdriver/troubleshooting/errors#no-such-element-exception\nStacktrace:\n#0 0x55baccc1ef83 <unknown>\n#1 0x55bacc8d7cf7 <unknown>\n#2 0x55bacc92799e <unknown>\n#3 0x55bacc927aa1 <unknown>\n#4 0x55bacc972d64 <unknown>\n#5 0x55bacc9510dd <unknown>\n#6 0x55bacc970006 <unknown>\n#7 0x55bacc950e53 <unknown>\n#8 0x55bacc918dd4 <unknown>\n#9 0x55bacc91a1de <unknown>\n#10 0x55baccbe3531 <unknown>\n#11 0x55baccbe7455 <unknown>\n#12 0x55baccbcff55 <unknown>\n#13 0x55baccbe80ef <unknown>\n#14 0x55baccbb399f <unknown>\n#15 0x55baccc0c008 <unknown>\n#16 0x55baccc0c1d7 <unknown>\n#17 0x55baccc1e124 <unknown>\n#18 0x7fee0e53e044 <unknown>","time":{"start":1703121008982,"stop":1703121009468,"duration":486}}]},"tags":["smoke"]},"source":"238b00e6890afdde.json","parameterValues":["11440","299","'TD 024'","9900","'products/shtukaturka-gipsovaya-aksolit-m50-30-kg-mashinnogo-naneseniya'","4300","'https://sandboxtest.stroyrem-nn.ru/'","9000"]}