{"uid":"3d05ffdc37f81d4a","name":"TD 019 Доставка товара весом до 1700кг. в синей зоне","fullName":"tests.delivery.test_delivery_calculation.TestDeliveryPageCalculation#test_positive_delivery_blue_zone_smoke","historyId":"7de17ed6f423399e8e6f079409b2bd41","time":{"start":1707959363726,"stop":1707959364126,"duration":400},"status":"broken","statusMessage":"selenium.common.exceptions.NoSuchElementException: Message: no such element: Unable to locate element: {\"method\":\"xpath\",\"selector\":\"(//a[@class='add-to-cart yellow-btn'])[1]\"}\n  (Session info: chrome-headless-shell=121.0.6167.85); For documentation on this error, please visit: https://www.selenium.dev/documentation/webdriver/troubleshooting/errors#no-such-element-exception\nStacktrace:\n#0 0x55ed5e7ead93 <unknown>\n#1 0x55ed5e4ce337 <unknown>\n#2 0x55ed5e519d60 <unknown>\n#3 0x55ed5e519e51 <unknown>\n#4 0x55ed5e55dbc4 <unknown>\n#5 0x55ed5e53c46d <unknown>\n#6 0x55ed5e55b12d <unknown>\n#7 0x55ed5e53c1e3 <unknown>\n#8 0x55ed5e50c135 <unknown>\n#9 0x55ed5e50d13e <unknown>\n#10 0x55ed5e7aee4b <unknown>\n#11 0x55ed5e7b2dfa <unknown>\n#12 0x55ed5e79b6d5 <unknown>\n#13 0x55ed5e7b3a6f <unknown>\n#14 0x55ed5e77f69f <unknown>\n#15 0x55ed5e7d8098 <unknown>\n#16 0x55ed5e7d8262 <unknown>\n#17 0x55ed5e7e9f34 <unknown>\n#18 0x7f88cd2ec134 <unknown>","statusTrace":"self = <tests.delivery.test_delivery_calculation.TestDeliveryPageCalculation object at 0x7f6b5dc7bb10>\ndriver = <selenium.webdriver.chrome.webdriver.WebDriver (session=\"504eba124beeea77f2342a6e1bcfb460\")>\nurl = 'https://sandboxtest.stroyrem-nn.ru/', case_id = 'TD 019'\nlink_item = 'products/shtukaturka-gipsovaya-aksolit-m50-30-kg-mashinnogo-naneseniya'\namount = 25, weight = 1700, standard = 1150, in_time = 2490, all_time = 3320\n\n    @pytest.mark.parametrize('case_id, link_item, amount, weight, standard, in_time, all_time', [\n        (\"TD 015\", bundeks_25, 1, 30, 650, 2390, 3320),\n        pytest.param(\n            \"TD 016\", aksolit_30, 8, 300, 650, 2390, 3320,\n            marks=pytest.mark.xfail(reson=\"Цена доставки: - - -\")\n        ),\n        (\"TD 017\", aksolit_30, 13, 400, 650, 2390, 3320),\n        (\"TD 018\", aksolit_30, 16, 500, 850, 2490, 3320),\n        (\"TD 019\", aksolit_30, 25, 1700, 1150, 2490, 3320),\n        (\"TD 020\", aksolit_30, 66, 2000, 1500, 2990, 3650),\n        (\"TD 021\", aksolit_30, 149, 4500, 2600, 4380, 4890),\n        (\"TD 022\", aksolit_30, 166, 5000, 2800, 5490, 5980),\n        pytest.param(\n            \"TD 023\", aksolit_30, 206, 6200, 3300, 7500, 8000,\n            marks=pytest.mark.xfail(reson=\"Цена доставки: 4300 9900 11440\")\n        ),\n        (\"TD 024\", aksolit_30, 299, 9000, 4300, 9900, 11440),\n        (\"TD 025\", aksolit_30, 333, 10000, 7000, 13900, 15900),\n        pytest.param(\n            \"TD 026\", aksolit_30, 366, 11000, 8000, 14900, 19900,\n            marks=pytest.mark.xfail(reson=\"Цена доставки: 7000 13900 15900\")\n        ),\n        pytest.param(\n            \"TD 027\", aksolit_30, 666, 20000, 14000, 16900, 23900,\n            marks=pytest.mark.xfail(reson=\"Цена доставки: 7000 13900 15900\")\n        )\n    ])\n    @pytest.mark.smoke\n    def test_positive_delivery_blue_zone_smoke(\n            self, driver, url, case_id, link_item, amount, weight, standard, in_time, all_time\n    ):\n        allure.dynamic.title(f\"{case_id} Доставка товара весом до {weight}кг. в синей зоне\")\n    \n        driver.get(f'{url}{link_item}')\n        item_page = ItemPage(driver)\n>       item_page.add_item_to_cart(amount).click_on_cart()\n\ntests/delivery/test_delivery_calculation.py:130: \n_ _ _ _ _ _ _ _ _ _ _ _ _ _ _ _ _ _ _ _ _ _ _ _ _ _ _ _ _ _ _ _ _ _ _ _ _ _ _ _ \npages/item_page.py:40: in add_item_to_cart\n    self.find_element(self._add_item).click()\nbase/seleniumbase.py:17: in find_element\n    return self.driver.find_element(*locator)\n/usr/local/lib/python3.11/site-packages/selenium/webdriver/remote/webdriver.py:740: in find_element\n    return self.execute(Command.FIND_ELEMENT, {\"using\": by, \"value\": value})[\"value\"]\n/usr/local/lib/python3.11/site-packages/selenium/webdriver/remote/webdriver.py:346: in execute\n    self.error_handler.check_response(response)\n_ _ _ _ _ _ _ _ _ _ _ _ _ _ _ _ _ _ _ _ _ _ _ _ _ _ _ _ _ _ _ _ _ _ _ _ _ _ _ _ \n\nself = <selenium.webdriver.remote.errorhandler.ErrorHandler object at 0x7f6b5d237210>\nresponse = {'status': 404, 'value': '{\"value\":{\"error\":\"no such element\",\"message\":\"no such element: Unable to locate element: {\\...\\\\n#16 0x55ed5e7d8262 \\\\u003Cunknown>\\\\n#17 0x55ed5e7e9f34 \\\\u003Cunknown>\\\\n#18 0x7f88cd2ec134 \\\\u003Cunknown>\\\\n\"}}'}\n\n    def check_response(self, response: Dict[str, Any]) -> None:\n        \"\"\"Checks that a JSON response from the WebDriver does not have an\n        error.\n    \n        :Args:\n         - response - The JSON response from the WebDriver server as a dictionary\n           object.\n    \n        :Raises: If the response contains an error message.\n        \"\"\"\n        status = response.get(\"status\", None)\n        if not status or status == ErrorCode.SUCCESS:\n            return\n        value = None\n        message = response.get(\"message\", \"\")\n        screen: str = response.get(\"screen\", \"\")\n        stacktrace = None\n        if isinstance(status, int):\n            value_json = response.get(\"value\", None)\n            if value_json and isinstance(value_json, str):\n                import json\n    \n                try:\n                    value = json.loads(value_json)\n                    if len(value) == 1:\n                        value = value[\"value\"]\n                    status = value.get(\"error\", None)\n                    if not status:\n                        status = value.get(\"status\", ErrorCode.UNKNOWN_ERROR)\n                        message = value.get(\"value\") or value.get(\"message\")\n                        if not isinstance(message, str):\n                            value = message\n                            message = message.get(\"message\")\n                    else:\n                        message = value.get(\"message\", None)\n                except ValueError:\n                    pass\n    \n        exception_class: Type[WebDriverException]\n        if status in ErrorCode.NO_SUCH_ELEMENT:\n            exception_class = NoSuchElementException\n        elif status in ErrorCode.NO_SUCH_FRAME:\n            exception_class = NoSuchFrameException\n        elif status in ErrorCode.NO_SUCH_SHADOW_ROOT:\n            exception_class = NoSuchShadowRootException\n        elif status in ErrorCode.NO_SUCH_WINDOW:\n            exception_class = NoSuchWindowException\n        elif status in ErrorCode.STALE_ELEMENT_REFERENCE:\n            exception_class = StaleElementReferenceException\n        elif status in ErrorCode.ELEMENT_NOT_VISIBLE:\n            exception_class = ElementNotVisibleException\n        elif status in ErrorCode.INVALID_ELEMENT_STATE:\n            exception_class = InvalidElementStateException\n        elif (\n            status in ErrorCode.INVALID_SELECTOR\n            or status in ErrorCode.INVALID_XPATH_SELECTOR\n            or status in ErrorCode.INVALID_XPATH_SELECTOR_RETURN_TYPER\n        ):\n            exception_class = InvalidSelectorException\n        elif status in ErrorCode.ELEMENT_IS_NOT_SELECTABLE:\n            exception_class = ElementNotSelectableException\n        elif status in ErrorCode.ELEMENT_NOT_INTERACTABLE:\n            exception_class = ElementNotInteractableException\n        elif status in ErrorCode.INVALID_COOKIE_DOMAIN:\n            exception_class = InvalidCookieDomainException\n        elif status in ErrorCode.UNABLE_TO_SET_COOKIE:\n            exception_class = UnableToSetCookieException\n        elif status in ErrorCode.TIMEOUT:\n            exception_class = TimeoutException\n        elif status in ErrorCode.SCRIPT_TIMEOUT:\n            exception_class = TimeoutException\n        elif status in ErrorCode.UNKNOWN_ERROR:\n            exception_class = WebDriverException\n        elif status in ErrorCode.UNEXPECTED_ALERT_OPEN:\n            exception_class = UnexpectedAlertPresentException\n        elif status in ErrorCode.NO_ALERT_OPEN:\n            exception_class = NoAlertPresentException\n        elif status in ErrorCode.IME_NOT_AVAILABLE:\n            exception_class = ImeNotAvailableException\n        elif status in ErrorCode.IME_ENGINE_ACTIVATION_FAILED:\n            exception_class = ImeActivationFailedException\n        elif status in ErrorCode.MOVE_TARGET_OUT_OF_BOUNDS:\n            exception_class = MoveTargetOutOfBoundsException\n        elif status in ErrorCode.JAVASCRIPT_ERROR:\n            exception_class = JavascriptException\n        elif status in ErrorCode.SESSION_NOT_CREATED:\n            exception_class = SessionNotCreatedException\n        elif status in ErrorCode.INVALID_ARGUMENT:\n            exception_class = InvalidArgumentException\n        elif status in ErrorCode.NO_SUCH_COOKIE:\n            exception_class = NoSuchCookieException\n        elif status in ErrorCode.UNABLE_TO_CAPTURE_SCREEN:\n            exception_class = ScreenshotException\n        elif status in ErrorCode.ELEMENT_CLICK_INTERCEPTED:\n            exception_class = ElementClickInterceptedException\n        elif status in ErrorCode.INSECURE_CERTIFICATE:\n            exception_class = InsecureCertificateException\n        elif status in ErrorCode.INVALID_COORDINATES:\n            exception_class = InvalidCoordinatesException\n        elif status in ErrorCode.INVALID_SESSION_ID:\n            exception_class = InvalidSessionIdException\n        elif status in ErrorCode.UNKNOWN_METHOD:\n            exception_class = UnknownMethodException\n        else:\n            exception_class = WebDriverException\n        if not value:\n            value = response[\"value\"]\n        if isinstance(value, str):\n            raise exception_class(value)\n        if message == \"\" and \"message\" in value:\n            message = value[\"message\"]\n    \n        screen = None  # type: ignore[assignment]\n        if \"screen\" in value:\n            screen = value[\"screen\"]\n    \n        stacktrace = None\n        st_value = value.get(\"stackTrace\") or value.get(\"stacktrace\")\n        if st_value:\n            if isinstance(st_value, str):\n                stacktrace = st_value.split(\"\\n\")\n            else:\n                stacktrace = []\n                try:\n                    for frame in st_value:\n                        line = frame.get(\"lineNumber\", \"\")\n                        file = frame.get(\"fileName\", \"<anonymous>\")\n                        if line:\n                            file = f\"{file}:{line}\"\n                        meth = frame.get(\"methodName\", \"<anonymous>\")\n                        if \"className\" in frame:\n                            meth = f\"{frame['className']}.{meth}\"\n                        msg = \"    at %s (%s)\"\n                        msg = msg % (meth, file)\n                        stacktrace.append(msg)\n                except TypeError:\n                    pass\n        if exception_class == UnexpectedAlertPresentException:\n            alert_text = None\n            if \"data\" in value:\n                alert_text = value[\"data\"].get(\"text\")\n            elif \"alert\" in value:\n                alert_text = value[\"alert\"].get(\"text\")\n            raise exception_class(message, screen, stacktrace, alert_text)  # type: ignore[call-arg]  # mypy is not smart enough here\n>       raise exception_class(message, screen, stacktrace)\nE       selenium.common.exceptions.NoSuchElementException: Message: no such element: Unable to locate element: {\"method\":\"xpath\",\"selector\":\"(//a[@class='add-to-cart yellow-btn'])[1]\"}\nE         (Session info: chrome-headless-shell=121.0.6167.85); For documentation on this error, please visit: https://www.selenium.dev/documentation/webdriver/troubleshooting/errors#no-such-element-exception\nE       Stacktrace:\nE       #0 0x55ed5e7ead93 <unknown>\nE       #1 0x55ed5e4ce337 <unknown>\nE       #2 0x55ed5e519d60 <unknown>\nE       #3 0x55ed5e519e51 <unknown>\nE       #4 0x55ed5e55dbc4 <unknown>\nE       #5 0x55ed5e53c46d <unknown>\nE       #6 0x55ed5e55b12d <unknown>\nE       #7 0x55ed5e53c1e3 <unknown>\nE       #8 0x55ed5e50c135 <unknown>\nE       #9 0x55ed5e50d13e <unknown>\nE       #10 0x55ed5e7aee4b <unknown>\nE       #11 0x55ed5e7b2dfa <unknown>\nE       #12 0x55ed5e79b6d5 <unknown>\nE       #13 0x55ed5e7b3a6f <unknown>\nE       #14 0x55ed5e77f69f <unknown>\nE       #15 0x55ed5e7d8098 <unknown>\nE       #16 0x55ed5e7d8262 <unknown>\nE       #17 0x55ed5e7e9f34 <unknown>\nE       #18 0x7f88cd2ec134 <unknown>\n\n/usr/local/lib/python3.11/site-packages/selenium/webdriver/remote/errorhandler.py:245: NoSuchElementException","flaky":false,"newFailed":false,"newBroken":false,"newPassed":false,"retriesCount":0,"retriesStatusChange":false,"beforeStages":[{"name":"_session_faker","time":{"start":1707958856763,"stop":1707958856833,"duration":70},"status":"passed","steps":[],"attachments":[],"parameters":[],"shouldDisplayMessage":false,"stepsCount":0,"attachmentsCount":0,"hasContent":false,"attachmentStep":false},{"name":"clear_allure_results_folder","time":{"start":1707958856833,"stop":1707958856833,"duration":0},"status":"passed","steps":[],"attachments":[],"parameters":[],"shouldDisplayMessage":false,"stepsCount":0,"attachmentsCount":0,"hasContent":false,"attachmentStep":false},{"name":"driver","time":{"start":1707959362984,"stop":1707959363725,"duration":741},"status":"passed","steps":[],"attachments":[],"parameters":[],"shouldDisplayMessage":false,"stepsCount":0,"attachmentsCount":0,"hasContent":false,"attachmentStep":false},{"name":"setup","time":{"start":1707959363725,"stop":1707959363725,"duration":0},"status":"passed","steps":[],"attachments":[],"parameters":[],"shouldDisplayMessage":false,"stepsCount":0,"attachmentsCount":0,"hasContent":false,"attachmentStep":false}],"testStage":{"status":"broken","statusMessage":"selenium.common.exceptions.NoSuchElementException: Message: no such element: Unable to locate element: {\"method\":\"xpath\",\"selector\":\"(//a[@class='add-to-cart yellow-btn'])[1]\"}\n  (Session info: chrome-headless-shell=121.0.6167.85); For documentation on this error, please visit: https://www.selenium.dev/documentation/webdriver/troubleshooting/errors#no-such-element-exception\nStacktrace:\n#0 0x55ed5e7ead93 <unknown>\n#1 0x55ed5e4ce337 <unknown>\n#2 0x55ed5e519d60 <unknown>\n#3 0x55ed5e519e51 <unknown>\n#4 0x55ed5e55dbc4 <unknown>\n#5 0x55ed5e53c46d <unknown>\n#6 0x55ed5e55b12d <unknown>\n#7 0x55ed5e53c1e3 <unknown>\n#8 0x55ed5e50c135 <unknown>\n#9 0x55ed5e50d13e <unknown>\n#10 0x55ed5e7aee4b <unknown>\n#11 0x55ed5e7b2dfa <unknown>\n#12 0x55ed5e79b6d5 <unknown>\n#13 0x55ed5e7b3a6f <unknown>\n#14 0x55ed5e77f69f <unknown>\n#15 0x55ed5e7d8098 <unknown>\n#16 0x55ed5e7d8262 <unknown>\n#17 0x55ed5e7e9f34 <unknown>\n#18 0x7f88cd2ec134 <unknown>","statusTrace":"self = <tests.delivery.test_delivery_calculation.TestDeliveryPageCalculation object at 0x7f6b5dc7bb10>\ndriver = <selenium.webdriver.chrome.webdriver.WebDriver (session=\"504eba124beeea77f2342a6e1bcfb460\")>\nurl = 'https://sandboxtest.stroyrem-nn.ru/', case_id = 'TD 019'\nlink_item = 'products/shtukaturka-gipsovaya-aksolit-m50-30-kg-mashinnogo-naneseniya'\namount = 25, weight = 1700, standard = 1150, in_time = 2490, all_time = 3320\n\n    @pytest.mark.parametrize('case_id, link_item, amount, weight, standard, in_time, all_time', [\n        (\"TD 015\", bundeks_25, 1, 30, 650, 2390, 3320),\n        pytest.param(\n            \"TD 016\", aksolit_30, 8, 300, 650, 2390, 3320,\n            marks=pytest.mark.xfail(reson=\"Цена доставки: - - -\")\n        ),\n        (\"TD 017\", aksolit_30, 13, 400, 650, 2390, 3320),\n        (\"TD 018\", aksolit_30, 16, 500, 850, 2490, 3320),\n        (\"TD 019\", aksolit_30, 25, 1700, 1150, 2490, 3320),\n        (\"TD 020\", aksolit_30, 66, 2000, 1500, 2990, 3650),\n        (\"TD 021\", aksolit_30, 149, 4500, 2600, 4380, 4890),\n        (\"TD 022\", aksolit_30, 166, 5000, 2800, 5490, 5980),\n        pytest.param(\n            \"TD 023\", aksolit_30, 206, 6200, 3300, 7500, 8000,\n            marks=pytest.mark.xfail(reson=\"Цена доставки: 4300 9900 11440\")\n        ),\n        (\"TD 024\", aksolit_30, 299, 9000, 4300, 9900, 11440),\n        (\"TD 025\", aksolit_30, 333, 10000, 7000, 13900, 15900),\n        pytest.param(\n            \"TD 026\", aksolit_30, 366, 11000, 8000, 14900, 19900,\n            marks=pytest.mark.xfail(reson=\"Цена доставки: 7000 13900 15900\")\n        ),\n        pytest.param(\n            \"TD 027\", aksolit_30, 666, 20000, 14000, 16900, 23900,\n            marks=pytest.mark.xfail(reson=\"Цена доставки: 7000 13900 15900\")\n        )\n    ])\n    @pytest.mark.smoke\n    def test_positive_delivery_blue_zone_smoke(\n            self, driver, url, case_id, link_item, amount, weight, standard, in_time, all_time\n    ):\n        allure.dynamic.title(f\"{case_id} Доставка товара весом до {weight}кг. в синей зоне\")\n    \n        driver.get(f'{url}{link_item}')\n        item_page = ItemPage(driver)\n>       item_page.add_item_to_cart(amount).click_on_cart()\n\ntests/delivery/test_delivery_calculation.py:130: \n_ _ _ _ _ _ _ _ _ _ _ _ _ _ _ _ _ _ _ _ _ _ _ _ _ _ _ _ _ _ _ _ _ _ _ _ _ _ _ _ \npages/item_page.py:40: in add_item_to_cart\n    self.find_element(self._add_item).click()\nbase/seleniumbase.py:17: in find_element\n    return self.driver.find_element(*locator)\n/usr/local/lib/python3.11/site-packages/selenium/webdriver/remote/webdriver.py:740: in find_element\n    return self.execute(Command.FIND_ELEMENT, {\"using\": by, \"value\": value})[\"value\"]\n/usr/local/lib/python3.11/site-packages/selenium/webdriver/remote/webdriver.py:346: in execute\n    self.error_handler.check_response(response)\n_ _ _ _ _ _ _ _ _ _ _ _ _ _ _ _ _ _ _ _ _ _ _ _ _ _ _ _ _ _ _ _ _ _ _ _ _ _ _ _ \n\nself = <selenium.webdriver.remote.errorhandler.ErrorHandler object at 0x7f6b5d237210>\nresponse = {'status': 404, 'value': '{\"value\":{\"error\":\"no such element\",\"message\":\"no such element: Unable to locate element: {\\...\\\\n#16 0x55ed5e7d8262 \\\\u003Cunknown>\\\\n#17 0x55ed5e7e9f34 \\\\u003Cunknown>\\\\n#18 0x7f88cd2ec134 \\\\u003Cunknown>\\\\n\"}}'}\n\n    def check_response(self, response: Dict[str, Any]) -> None:\n        \"\"\"Checks that a JSON response from the WebDriver does not have an\n        error.\n    \n        :Args:\n         - response - The JSON response from the WebDriver server as a dictionary\n           object.\n    \n        :Raises: If the response contains an error message.\n        \"\"\"\n        status = response.get(\"status\", None)\n        if not status or status == ErrorCode.SUCCESS:\n            return\n        value = None\n        message = response.get(\"message\", \"\")\n        screen: str = response.get(\"screen\", \"\")\n        stacktrace = None\n        if isinstance(status, int):\n            value_json = response.get(\"value\", None)\n            if value_json and isinstance(value_json, str):\n                import json\n    \n                try:\n                    value = json.loads(value_json)\n                    if len(value) == 1:\n                        value = value[\"value\"]\n                    status = value.get(\"error\", None)\n                    if not status:\n                        status = value.get(\"status\", ErrorCode.UNKNOWN_ERROR)\n                        message = value.get(\"value\") or value.get(\"message\")\n                        if not isinstance(message, str):\n                            value = message\n                            message = message.get(\"message\")\n                    else:\n                        message = value.get(\"message\", None)\n                except ValueError:\n                    pass\n    \n        exception_class: Type[WebDriverException]\n        if status in ErrorCode.NO_SUCH_ELEMENT:\n            exception_class = NoSuchElementException\n        elif status in ErrorCode.NO_SUCH_FRAME:\n            exception_class = NoSuchFrameException\n        elif status in ErrorCode.NO_SUCH_SHADOW_ROOT:\n            exception_class = NoSuchShadowRootException\n        elif status in ErrorCode.NO_SUCH_WINDOW:\n            exception_class = NoSuchWindowException\n        elif status in ErrorCode.STALE_ELEMENT_REFERENCE:\n            exception_class = StaleElementReferenceException\n        elif status in ErrorCode.ELEMENT_NOT_VISIBLE:\n            exception_class = ElementNotVisibleException\n        elif status in ErrorCode.INVALID_ELEMENT_STATE:\n            exception_class = InvalidElementStateException\n        elif (\n            status in ErrorCode.INVALID_SELECTOR\n            or status in ErrorCode.INVALID_XPATH_SELECTOR\n            or status in ErrorCode.INVALID_XPATH_SELECTOR_RETURN_TYPER\n        ):\n            exception_class = InvalidSelectorException\n        elif status in ErrorCode.ELEMENT_IS_NOT_SELECTABLE:\n            exception_class = ElementNotSelectableException\n        elif status in ErrorCode.ELEMENT_NOT_INTERACTABLE:\n            exception_class = ElementNotInteractableException\n        elif status in ErrorCode.INVALID_COOKIE_DOMAIN:\n            exception_class = InvalidCookieDomainException\n        elif status in ErrorCode.UNABLE_TO_SET_COOKIE:\n            exception_class = UnableToSetCookieException\n        elif status in ErrorCode.TIMEOUT:\n            exception_class = TimeoutException\n        elif status in ErrorCode.SCRIPT_TIMEOUT:\n            exception_class = TimeoutException\n        elif status in ErrorCode.UNKNOWN_ERROR:\n            exception_class = WebDriverException\n        elif status in ErrorCode.UNEXPECTED_ALERT_OPEN:\n            exception_class = UnexpectedAlertPresentException\n        elif status in ErrorCode.NO_ALERT_OPEN:\n            exception_class = NoAlertPresentException\n        elif status in ErrorCode.IME_NOT_AVAILABLE:\n            exception_class = ImeNotAvailableException\n        elif status in ErrorCode.IME_ENGINE_ACTIVATION_FAILED:\n            exception_class = ImeActivationFailedException\n        elif status in ErrorCode.MOVE_TARGET_OUT_OF_BOUNDS:\n            exception_class = MoveTargetOutOfBoundsException\n        elif status in ErrorCode.JAVASCRIPT_ERROR:\n            exception_class = JavascriptException\n        elif status in ErrorCode.SESSION_NOT_CREATED:\n            exception_class = SessionNotCreatedException\n        elif status in ErrorCode.INVALID_ARGUMENT:\n            exception_class = InvalidArgumentException\n        elif status in ErrorCode.NO_SUCH_COOKIE:\n            exception_class = NoSuchCookieException\n        elif status in ErrorCode.UNABLE_TO_CAPTURE_SCREEN:\n            exception_class = ScreenshotException\n        elif status in ErrorCode.ELEMENT_CLICK_INTERCEPTED:\n            exception_class = ElementClickInterceptedException\n        elif status in ErrorCode.INSECURE_CERTIFICATE:\n            exception_class = InsecureCertificateException\n        elif status in ErrorCode.INVALID_COORDINATES:\n            exception_class = InvalidCoordinatesException\n        elif status in ErrorCode.INVALID_SESSION_ID:\n            exception_class = InvalidSessionIdException\n        elif status in ErrorCode.UNKNOWN_METHOD:\n            exception_class = UnknownMethodException\n        else:\n            exception_class = WebDriverException\n        if not value:\n            value = response[\"value\"]\n        if isinstance(value, str):\n            raise exception_class(value)\n        if message == \"\" and \"message\" in value:\n            message = value[\"message\"]\n    \n        screen = None  # type: ignore[assignment]\n        if \"screen\" in value:\n            screen = value[\"screen\"]\n    \n        stacktrace = None\n        st_value = value.get(\"stackTrace\") or value.get(\"stacktrace\")\n        if st_value:\n            if isinstance(st_value, str):\n                stacktrace = st_value.split(\"\\n\")\n            else:\n                stacktrace = []\n                try:\n                    for frame in st_value:\n                        line = frame.get(\"lineNumber\", \"\")\n                        file = frame.get(\"fileName\", \"<anonymous>\")\n                        if line:\n                            file = f\"{file}:{line}\"\n                        meth = frame.get(\"methodName\", \"<anonymous>\")\n                        if \"className\" in frame:\n                            meth = f\"{frame['className']}.{meth}\"\n                        msg = \"    at %s (%s)\"\n                        msg = msg % (meth, file)\n                        stacktrace.append(msg)\n                except TypeError:\n                    pass\n        if exception_class == UnexpectedAlertPresentException:\n            alert_text = None\n            if \"data\" in value:\n                alert_text = value[\"data\"].get(\"text\")\n            elif \"alert\" in value:\n                alert_text = value[\"alert\"].get(\"text\")\n            raise exception_class(message, screen, stacktrace, alert_text)  # type: ignore[call-arg]  # mypy is not smart enough here\n>       raise exception_class(message, screen, stacktrace)\nE       selenium.common.exceptions.NoSuchElementException: Message: no such element: Unable to locate element: {\"method\":\"xpath\",\"selector\":\"(//a[@class='add-to-cart yellow-btn'])[1]\"}\nE         (Session info: chrome-headless-shell=121.0.6167.85); For documentation on this error, please visit: https://www.selenium.dev/documentation/webdriver/troubleshooting/errors#no-such-element-exception\nE       Stacktrace:\nE       #0 0x55ed5e7ead93 <unknown>\nE       #1 0x55ed5e4ce337 <unknown>\nE       #2 0x55ed5e519d60 <unknown>\nE       #3 0x55ed5e519e51 <unknown>\nE       #4 0x55ed5e55dbc4 <unknown>\nE       #5 0x55ed5e53c46d <unknown>\nE       #6 0x55ed5e55b12d <unknown>\nE       #7 0x55ed5e53c1e3 <unknown>\nE       #8 0x55ed5e50c135 <unknown>\nE       #9 0x55ed5e50d13e <unknown>\nE       #10 0x55ed5e7aee4b <unknown>\nE       #11 0x55ed5e7b2dfa <unknown>\nE       #12 0x55ed5e79b6d5 <unknown>\nE       #13 0x55ed5e7b3a6f <unknown>\nE       #14 0x55ed5e77f69f <unknown>\nE       #15 0x55ed5e7d8098 <unknown>\nE       #16 0x55ed5e7d8262 <unknown>\nE       #17 0x55ed5e7e9f34 <unknown>\nE       #18 0x7f88cd2ec134 <unknown>\n\n/usr/local/lib/python3.11/site-packages/selenium/webdriver/remote/errorhandler.py:245: NoSuchElementException","steps":[{"name":"Добавляем товар в корзину в количестве 25","time":{"start":1707959364113,"stop":1707959364125,"duration":12},"status":"broken","statusMessage":"selenium.common.exceptions.NoSuchElementException: Message: no such element: Unable to locate element: {\"method\":\"xpath\",\"selector\":\"(//a[@class='add-to-cart yellow-btn'])[1]\"}\n  (Session info: chrome-headless-shell=121.0.6167.85); For documentation on this error, please visit: https://www.selenium.dev/documentation/webdriver/troubleshooting/errors#no-such-element-exception\nStacktrace:\n#0 0x55ed5e7ead93 <unknown>\n#1 0x55ed5e4ce337 <unknown>\n#2 0x55ed5e519d60 <unknown>\n#3 0x55ed5e519e51 <unknown>\n#4 0x55ed5e55dbc4 <unknown>\n#5 0x55ed5e53c46d <unknown>\n#6 0x55ed5e55b12d <unknown>\n#7 0x55ed5e53c1e3 <unknown>\n#8 0x55ed5e50c135 <unknown>\n#9 0x55ed5e50d13e <unknown>\n#10 0x55ed5e7aee4b <unknown>\n#11 0x55ed5e7b2dfa <unknown>\n#12 0x55ed5e79b6d5 <unknown>\n#13 0x55ed5e7b3a6f <unknown>\n#14 0x55ed5e77f69f <unknown>\n#15 0x55ed5e7d8098 <unknown>\n#16 0x55ed5e7d8262 <unknown>\n#17 0x55ed5e7e9f34 <unknown>\n#18 0x7f88cd2ec134 <unknown>\n\n","statusTrace":"  File \"/usr/local/lib/python3.11/site-packages/allure_commons/_allure.py\", line 192, in impl\n    return func(*a, **kw)\n           ^^^^^^^^^^^^^^\n  File \"/app/pages/item_page.py\", line 40, in add_item_to_cart\n    self.find_element(self._add_item).click()\n    ^^^^^^^^^^^^^^^^^^^^^^^^^^^^^^^^^\n  File \"/app/base/seleniumbase.py\", line 17, in find_element\n    return self.driver.find_element(*locator)\n           ^^^^^^^^^^^^^^^^^^^^^^^^^^^^^^^^^^\n  File \"/usr/local/lib/python3.11/site-packages/selenium/webdriver/remote/webdriver.py\", line 740, in find_element\n    return self.execute(Command.FIND_ELEMENT, {\"using\": by, \"value\": value})[\"value\"]\n           ^^^^^^^^^^^^^^^^^^^^^^^^^^^^^^^^^^^^^^^^^^^^^^^^^^^^^^^^^^^^^^^^^\n  File \"/usr/local/lib/python3.11/site-packages/selenium/webdriver/remote/webdriver.py\", line 346, in execute\n    self.error_handler.check_response(response)\n  File \"/usr/local/lib/python3.11/site-packages/selenium/webdriver/remote/errorhandler.py\", line 245, in check_response\n    raise exception_class(message, screen, stacktrace)\n","steps":[],"attachments":[],"parameters":[{"name":"amount","value":"25"}],"shouldDisplayMessage":true,"stepsCount":0,"attachmentsCount":0,"hasContent":true,"attachmentStep":false}],"attachments":[{"uid":"8733b8160d6ad02c","name":"Screenshot","source":"8733b8160d6ad02c.png","type":"image/png","size":5862},{"uid":"f200afaec0269e38","name":"HTML source","source":"f200afaec0269e38.html","type":"text/html","size":39}],"parameters":[],"shouldDisplayMessage":true,"stepsCount":1,"attachmentsCount":2,"hasContent":true,"attachmentStep":false},"afterStages":[{"name":"driver::0","time":{"start":1707959364251,"stop":1707959364308,"duration":57},"status":"passed","steps":[],"attachments":[],"parameters":[],"shouldDisplayMessage":false,"stepsCount":0,"attachmentsCount":0,"hasContent":false,"attachmentStep":false},{"name":"setup::0","time":{"start":1707959364251,"stop":1707959364251,"duration":0},"status":"passed","steps":[],"attachments":[],"parameters":[],"shouldDisplayMessage":false,"stepsCount":0,"attachmentsCount":0,"hasContent":false,"attachmentStep":false}],"labels":[{"name":"epic","value":"Delivery Page - calculation"},{"name":"tag","value":"smoke"},{"name":"parentSuite","value":"tests.delivery"},{"name":"suite","value":"test_delivery_calculation"},{"name":"subSuite","value":"TestDeliveryPageCalculation"},{"name":"host","value":"cd420ba4c8f6"},{"name":"thread","value":"1-MainThread"},{"name":"framework","value":"pytest"},{"name":"language","value":"cpython3"},{"name":"package","value":"tests.delivery.test_delivery_calculation"},{"name":"resultFormat","value":"allure2"}],"parameters":[{"name":"all_time","value":"3320"},{"name":"amount","value":"25"},{"name":"case_id","value":"'TD 019'"},{"name":"in_time","value":"2490"},{"name":"link_item","value":"'products/shtukaturka-gipsovaya-aksolit-m50-30-kg-mashinnogo-naneseniya'"},{"name":"standard","value":"1150"},{"name":"url","value":"'https://sandboxtest.stroyrem-nn.ru/'"},{"name":"weight","value":"1700"}],"links":[],"hidden":false,"retry":false,"extra":{"severity":"normal","retries":[],"categories":[{"name":"Test defects","matchedStatuses":[],"flaky":false}],"history":{"statistic":{"failed":0,"broken":169,"skipped":0,"passed":0,"unknown":0,"total":169},"items":[{"uid":"89aef23982384d77","reportUrl":"https://zaelcovsky.github.io/StroyremAutomation/232//#testresult/89aef23982384d77","status":"broken","statusDetails":"selenium.common.exceptions.NoSuchElementException: Message: no such element: Unable to locate element: {\"method\":\"xpath\",\"selector\":\"(//a[@class='add-to-cart yellow-btn'])[1]\"}\n  (Session info: chrome-headless-shell=121.0.6167.85); For documentation on this error, please visit: https://www.selenium.dev/documentation/webdriver/troubleshooting/errors#no-such-element-exception\nStacktrace:\n#0 0x55d7194c0d93 <unknown>\n#1 0x55d7191a4337 <unknown>\n#2 0x55d7191efd60 <unknown>\n#3 0x55d7191efe51 <unknown>\n#4 0x55d719233bc4 <unknown>\n#5 0x55d71921246d <unknown>\n#6 0x55d71923112d <unknown>\n#7 0x55d7192121e3 <unknown>\n#8 0x55d7191e2135 <unknown>\n#9 0x55d7191e313e <unknown>\n#10 0x55d719484e4b <unknown>\n#11 0x55d719488dfa <unknown>\n#12 0x55d7194716d5 <unknown>\n#13 0x55d719489a6f <unknown>\n#14 0x55d71945569f <unknown>\n#15 0x55d7194ae098 <unknown>\n#16 0x55d7194ae262 <unknown>\n#17 0x55d7194bff34 <unknown>\n#18 0x7f393d1f3134 <unknown>","time":{"start":1707872907902,"stop":1707872908590,"duration":688}},{"uid":"12d74bf558ae9da","reportUrl":"https://zaelcovsky.github.io/StroyremAutomation/231//#testresult/12d74bf558ae9da","status":"broken","statusDetails":"selenium.common.exceptions.NoSuchElementException: Message: no such element: Unable to locate element: {\"method\":\"xpath\",\"selector\":\"(//a[@class='add-to-cart yellow-btn'])[1]\"}\n  (Session info: chrome-headless-shell=121.0.6167.85); For documentation on this error, please visit: https://www.selenium.dev/documentation/webdriver/troubleshooting/errors#no-such-element-exception\nStacktrace:\n#0 0x559144dbed93 <unknown>\n#1 0x559144aa2337 <unknown>\n#2 0x559144aedd60 <unknown>\n#3 0x559144aede51 <unknown>\n#4 0x559144b31bc4 <unknown>\n#5 0x559144b1046d <unknown>\n#6 0x559144b2f12d <unknown>\n#7 0x559144b101e3 <unknown>\n#8 0x559144ae0135 <unknown>\n#9 0x559144ae113e <unknown>\n#10 0x559144d82e4b <unknown>\n#11 0x559144d86dfa <unknown>\n#12 0x559144d6f6d5 <unknown>\n#13 0x559144d87a6f <unknown>\n#14 0x559144d5369f <unknown>\n#15 0x559144dac098 <unknown>\n#16 0x559144dac262 <unknown>\n#17 0x559144dbdf34 <unknown>\n#18 0x7f26c9a52134 <unknown>","time":{"start":1707786616432,"stop":1707786616865,"duration":433}},{"uid":"c7cf8dc19559f840","reportUrl":"https://zaelcovsky.github.io/StroyremAutomation/230//#testresult/c7cf8dc19559f840","status":"broken","statusDetails":"selenium.common.exceptions.NoSuchElementException: Message: no such element: Unable to locate element: {\"method\":\"xpath\",\"selector\":\"(//a[@class='add-to-cart yellow-btn'])[1]\"}\n  (Session info: chrome-headless-shell=121.0.6167.85); For documentation on this error, please visit: https://www.selenium.dev/documentation/webdriver/troubleshooting/errors#no-such-element-exception\nStacktrace:\n#0 0x555ef6444d93 <unknown>\n#1 0x555ef6128337 <unknown>\n#2 0x555ef6173d60 <unknown>\n#3 0x555ef6173e51 <unknown>\n#4 0x555ef61b7bc4 <unknown>\n#5 0x555ef619646d <unknown>\n#6 0x555ef61b512d <unknown>\n#7 0x555ef61961e3 <unknown>\n#8 0x555ef6166135 <unknown>\n#9 0x555ef616713e <unknown>\n#10 0x555ef6408e4b <unknown>\n#11 0x555ef640cdfa <unknown>\n#12 0x555ef63f56d5 <unknown>\n#13 0x555ef640da6f <unknown>\n#14 0x555ef63d969f <unknown>\n#15 0x555ef6432098 <unknown>\n#16 0x555ef6432262 <unknown>\n#17 0x555ef6443f34 <unknown>\n#18 0x7f9b6c413134 <unknown>","time":{"start":1707700104733,"stop":1707700105141,"duration":408}},{"uid":"b1096e4c23b42e00","reportUrl":"https://zaelcovsky.github.io/StroyremAutomation/229//#testresult/b1096e4c23b42e00","status":"broken","statusDetails":"selenium.common.exceptions.NoSuchElementException: Message: no such element: Unable to locate element: {\"method\":\"xpath\",\"selector\":\"(//a[@class='add-to-cart yellow-btn'])[1]\"}\n  (Session info: chrome-headless-shell=121.0.6167.85); For documentation on this error, please visit: https://www.selenium.dev/documentation/webdriver/troubleshooting/errors#no-such-element-exception\nStacktrace:\n#0 0x55f38edb3d93 <unknown>\n#1 0x55f38ea97337 <unknown>\n#2 0x55f38eae2d60 <unknown>\n#3 0x55f38eae2e51 <unknown>\n#4 0x55f38eb26bc4 <unknown>\n#5 0x55f38eb0546d <unknown>\n#6 0x55f38eb2412d <unknown>\n#7 0x55f38eb051e3 <unknown>\n#8 0x55f38ead5135 <unknown>\n#9 0x55f38ead613e <unknown>\n#10 0x55f38ed77e4b <unknown>\n#11 0x55f38ed7bdfa <unknown>\n#12 0x55f38ed646d5 <unknown>\n#13 0x55f38ed7ca6f <unknown>\n#14 0x55f38ed4869f <unknown>\n#15 0x55f38eda1098 <unknown>\n#16 0x55f38eda1262 <unknown>\n#17 0x55f38edb2f34 <unknown>\n#18 0x7f60ddb81134 <unknown>","time":{"start":1707613930761,"stop":1707613931173,"duration":412}},{"uid":"223849ddf076cda3","reportUrl":"https://zaelcovsky.github.io/StroyremAutomation/228//#testresult/223849ddf076cda3","status":"broken","statusDetails":"selenium.common.exceptions.NoSuchElementException: Message: no such element: Unable to locate element: {\"method\":\"xpath\",\"selector\":\"(//a[@class='add-to-cart yellow-btn'])[1]\"}\n  (Session info: chrome-headless-shell=121.0.6167.85); For documentation on this error, please visit: https://www.selenium.dev/documentation/webdriver/troubleshooting/errors#no-such-element-exception\nStacktrace:\n#0 0x5627f712dd93 <unknown>\n#1 0x5627f6e11337 <unknown>\n#2 0x5627f6e5cd60 <unknown>\n#3 0x5627f6e5ce51 <unknown>\n#4 0x5627f6ea0bc4 <unknown>\n#5 0x5627f6e7f46d <unknown>\n#6 0x5627f6e9e12d <unknown>\n#7 0x5627f6e7f1e3 <unknown>\n#8 0x5627f6e4f135 <unknown>\n#9 0x5627f6e5013e <unknown>\n#10 0x5627f70f1e4b <unknown>\n#11 0x5627f70f5dfa <unknown>\n#12 0x5627f70de6d5 <unknown>\n#13 0x5627f70f6a6f <unknown>\n#14 0x5627f70c269f <unknown>\n#15 0x5627f711b098 <unknown>\n#16 0x5627f711b262 <unknown>\n#17 0x5627f712cf34 <unknown>\n#18 0x7f98eaf69134 <unknown>","time":{"start":1707527139415,"stop":1707527139713,"duration":298}},{"uid":"5f6e0129e131d5ab","reportUrl":"https://zaelcovsky.github.io/StroyremAutomation/227//#testresult/5f6e0129e131d5ab","status":"broken","statusDetails":"selenium.common.exceptions.NoSuchElementException: Message: no such element: Unable to locate element: {\"method\":\"xpath\",\"selector\":\"(//a[@class='add-to-cart yellow-btn'])[1]\"}\n  (Session info: chrome-headless-shell=121.0.6167.85); For documentation on this error, please visit: https://www.selenium.dev/documentation/webdriver/troubleshooting/errors#no-such-element-exception\nStacktrace:\n#0 0x555db07f8d93 <unknown>\n#1 0x555db04dc337 <unknown>\n#2 0x555db0527d60 <unknown>\n#3 0x555db0527e51 <unknown>\n#4 0x555db056bbc4 <unknown>\n#5 0x555db054a46d <unknown>\n#6 0x555db056912d <unknown>\n#7 0x555db054a1e3 <unknown>\n#8 0x555db051a135 <unknown>\n#9 0x555db051b13e <unknown>\n#10 0x555db07bce4b <unknown>\n#11 0x555db07c0dfa <unknown>\n#12 0x555db07a96d5 <unknown>\n#13 0x555db07c1a6f <unknown>\n#14 0x555db078d69f <unknown>\n#15 0x555db07e6098 <unknown>\n#16 0x555db07e6262 <unknown>\n#17 0x555db07f7f34 <unknown>\n#18 0x7f93e9311134 <unknown>","time":{"start":1707440829223,"stop":1707440829534,"duration":311}},{"uid":"15238c3364de6ddf","reportUrl":"https://zaelcovsky.github.io/StroyremAutomation/226//#testresult/15238c3364de6ddf","status":"broken","statusDetails":"selenium.common.exceptions.NoSuchElementException: Message: no such element: Unable to locate element: {\"method\":\"xpath\",\"selector\":\"(//a[@class='add-to-cart yellow-btn'])[1]\"}\n  (Session info: chrome-headless-shell=121.0.6167.85); For documentation on this error, please visit: https://www.selenium.dev/documentation/webdriver/troubleshooting/errors#no-such-element-exception\nStacktrace:\n#0 0x55df84cbad93 <unknown>\n#1 0x55df8499e337 <unknown>\n#2 0x55df849e9d60 <unknown>\n#3 0x55df849e9e51 <unknown>\n#4 0x55df84a2dbc4 <unknown>\n#5 0x55df84a0c46d <unknown>\n#6 0x55df84a2b12d <unknown>\n#7 0x55df84a0c1e3 <unknown>\n#8 0x55df849dc135 <unknown>\n#9 0x55df849dd13e <unknown>\n#10 0x55df84c7ee4b <unknown>\n#11 0x55df84c82dfa <unknown>\n#12 0x55df84c6b6d5 <unknown>\n#13 0x55df84c83a6f <unknown>\n#14 0x55df84c4f69f <unknown>\n#15 0x55df84ca8098 <unknown>\n#16 0x55df84ca8262 <unknown>\n#17 0x55df84cb9f34 <unknown>\n#18 0x7fa819f16134 <unknown>","time":{"start":1707354417180,"stop":1707354417494,"duration":314}},{"uid":"bf1f215677e94da8","reportUrl":"https://zaelcovsky.github.io/StroyremAutomation/225//#testresult/bf1f215677e94da8","status":"broken","statusDetails":"selenium.common.exceptions.NoSuchElementException: Message: no such element: Unable to locate element: {\"method\":\"xpath\",\"selector\":\"(//a[@class='add-to-cart yellow-btn'])[1]\"}\n  (Session info: chrome-headless-shell=121.0.6167.85); For documentation on this error, please visit: https://www.selenium.dev/documentation/webdriver/troubleshooting/errors#no-such-element-exception\nStacktrace:\n#0 0x55e30f3add93 <unknown>\n#1 0x55e30f091337 <unknown>\n#2 0x55e30f0dcd60 <unknown>\n#3 0x55e30f0dce51 <unknown>\n#4 0x55e30f120bc4 <unknown>\n#5 0x55e30f0ff46d <unknown>\n#6 0x55e30f11e12d <unknown>\n#7 0x55e30f0ff1e3 <unknown>\n#8 0x55e30f0cf135 <unknown>\n#9 0x55e30f0d013e <unknown>\n#10 0x55e30f371e4b <unknown>\n#11 0x55e30f375dfa <unknown>\n#12 0x55e30f35e6d5 <unknown>\n#13 0x55e30f376a6f <unknown>\n#14 0x55e30f34269f <unknown>\n#15 0x55e30f39b098 <unknown>\n#16 0x55e30f39b262 <unknown>\n#17 0x55e30f3acf34 <unknown>\n#18 0x7f4800bf1134 <unknown>","time":{"start":1707267963354,"stop":1707267963650,"duration":296}},{"uid":"1943108a8bcc5f1","reportUrl":"https://zaelcovsky.github.io/StroyremAutomation/224//#testresult/1943108a8bcc5f1","status":"broken","statusDetails":"selenium.common.exceptions.NoSuchElementException: Message: no such element: Unable to locate element: {\"method\":\"xpath\",\"selector\":\"(//a[@class='add-to-cart yellow-btn'])[1]\"}\n  (Session info: chrome-headless-shell=121.0.6167.85); For documentation on this error, please visit: https://www.selenium.dev/documentation/webdriver/troubleshooting/errors#no-such-element-exception\nStacktrace:\n#0 0x555c0299fd93 <unknown>\n#1 0x555c02683337 <unknown>\n#2 0x555c026ced60 <unknown>\n#3 0x555c026cee51 <unknown>\n#4 0x555c02712bc4 <unknown>\n#5 0x555c026f146d <unknown>\n#6 0x555c0271012d <unknown>\n#7 0x555c026f11e3 <unknown>\n#8 0x555c026c1135 <unknown>\n#9 0x555c026c213e <unknown>\n#10 0x555c02963e4b <unknown>\n#11 0x555c02967dfa <unknown>\n#12 0x555c029506d5 <unknown>\n#13 0x555c02968a6f <unknown>\n#14 0x555c0293469f <unknown>\n#15 0x555c0298d098 <unknown>\n#16 0x555c0298d262 <unknown>\n#17 0x555c0299ef34 <unknown>\n#18 0x7f198be7f134 <unknown>","time":{"start":1707181666346,"stop":1707181666747,"duration":401}},{"uid":"b20e055da6e31aa","reportUrl":"https://zaelcovsky.github.io/StroyremAutomation/223//#testresult/b20e055da6e31aa","status":"broken","statusDetails":"selenium.common.exceptions.NoSuchElementException: Message: no such element: Unable to locate element: {\"method\":\"xpath\",\"selector\":\"(//a[@class='add-to-cart yellow-btn'])[1]\"}\n  (Session info: chrome-headless-shell=121.0.6167.85); For documentation on this error, please visit: https://www.selenium.dev/documentation/webdriver/troubleshooting/errors#no-such-element-exception\nStacktrace:\n#0 0x55e3b2065d93 <unknown>\n#1 0x55e3b1d49337 <unknown>\n#2 0x55e3b1d94d60 <unknown>\n#3 0x55e3b1d94e51 <unknown>\n#4 0x55e3b1dd8bc4 <unknown>\n#5 0x55e3b1db746d <unknown>\n#6 0x55e3b1dd612d <unknown>\n#7 0x55e3b1db71e3 <unknown>\n#8 0x55e3b1d87135 <unknown>\n#9 0x55e3b1d8813e <unknown>\n#10 0x55e3b2029e4b <unknown>\n#11 0x55e3b202ddfa <unknown>\n#12 0x55e3b20166d5 <unknown>\n#13 0x55e3b202ea6f <unknown>\n#14 0x55e3b1ffa69f <unknown>\n#15 0x55e3b2053098 <unknown>\n#16 0x55e3b2053262 <unknown>\n#17 0x55e3b2064f34 <unknown>\n#18 0x7fc7289bd134 <unknown>","time":{"start":1707095393424,"stop":1707095393851,"duration":427}},{"uid":"bb5dfe0bc2f5547c","reportUrl":"https://zaelcovsky.github.io/StroyremAutomation/222//#testresult/bb5dfe0bc2f5547c","status":"broken","statusDetails":"selenium.common.exceptions.NoSuchElementException: Message: no such element: Unable to locate element: {\"method\":\"xpath\",\"selector\":\"(//a[@class='add-to-cart yellow-btn'])[1]\"}\n  (Session info: chrome-headless-shell=121.0.6167.85); For documentation on this error, please visit: https://www.selenium.dev/documentation/webdriver/troubleshooting/errors#no-such-element-exception\nStacktrace:\n#0 0x561a61366d93 <unknown>\n#1 0x561a6104a337 <unknown>\n#2 0x561a61095d60 <unknown>\n#3 0x561a61095e51 <unknown>\n#4 0x561a610d9bc4 <unknown>\n#5 0x561a610b846d <unknown>\n#6 0x561a610d712d <unknown>\n#7 0x561a610b81e3 <unknown>\n#8 0x561a61088135 <unknown>\n#9 0x561a6108913e <unknown>\n#10 0x561a6132ae4b <unknown>\n#11 0x561a6132edfa <unknown>\n#12 0x561a613176d5 <unknown>\n#13 0x561a6132fa6f <unknown>\n#14 0x561a612fb69f <unknown>\n#15 0x561a61354098 <unknown>\n#16 0x561a61354262 <unknown>\n#17 0x561a61365f34 <unknown>\n#18 0x7fb980fe1134 <unknown>","time":{"start":1707009145949,"stop":1707009146373,"duration":424}},{"uid":"f133c68b68007dce","reportUrl":"https://zaelcovsky.github.io/StroyremAutomation/221//#testresult/f133c68b68007dce","status":"broken","statusDetails":"selenium.common.exceptions.NoSuchElementException: Message: no such element: Unable to locate element: {\"method\":\"xpath\",\"selector\":\"(//a[@class='add-to-cart yellow-btn'])[1]\"}\n  (Session info: chrome-headless-shell=121.0.6167.85); For documentation on this error, please visit: https://www.selenium.dev/documentation/webdriver/troubleshooting/errors#no-such-element-exception\nStacktrace:\n#0 0x55e365242d93 <unknown>\n#1 0x55e364f26337 <unknown>\n#2 0x55e364f71d60 <unknown>\n#3 0x55e364f71e51 <unknown>\n#4 0x55e364fb5bc4 <unknown>\n#5 0x55e364f9446d <unknown>\n#6 0x55e364fb312d <unknown>\n#7 0x55e364f941e3 <unknown>\n#8 0x55e364f64135 <unknown>\n#9 0x55e364f6513e <unknown>\n#10 0x55e365206e4b <unknown>\n#11 0x55e36520adfa <unknown>\n#12 0x55e3651f36d5 <unknown>\n#13 0x55e36520ba6f <unknown>\n#14 0x55e3651d769f <unknown>\n#15 0x55e365230098 <unknown>\n#16 0x55e365230262 <unknown>\n#17 0x55e365241f34 <unknown>\n#18 0x7fcee5bd4134 <unknown>","time":{"start":1706922427852,"stop":1706922428180,"duration":328}},{"uid":"8a0130a1ca252466","reportUrl":"https://zaelcovsky.github.io/StroyremAutomation/220//#testresult/8a0130a1ca252466","status":"broken","statusDetails":"selenium.common.exceptions.NoSuchElementException: Message: no such element: Unable to locate element: {\"method\":\"xpath\",\"selector\":\"(//a[@class='add-to-cart yellow-btn'])[1]\"}\n  (Session info: chrome-headless-shell=121.0.6167.85); For documentation on this error, please visit: https://www.selenium.dev/documentation/webdriver/troubleshooting/errors#no-such-element-exception\nStacktrace:\n#0 0x559ec8f38d93 <unknown>\n#1 0x559ec8c1c337 <unknown>\n#2 0x559ec8c67d60 <unknown>\n#3 0x559ec8c67e51 <unknown>\n#4 0x559ec8cabbc4 <unknown>\n#5 0x559ec8c8a46d <unknown>\n#6 0x559ec8ca912d <unknown>\n#7 0x559ec8c8a1e3 <unknown>\n#8 0x559ec8c5a135 <unknown>\n#9 0x559ec8c5b13e <unknown>\n#10 0x559ec8efce4b <unknown>\n#11 0x559ec8f00dfa <unknown>\n#12 0x559ec8ee96d5 <unknown>\n#13 0x559ec8f01a6f <unknown>\n#14 0x559ec8ecd69f <unknown>\n#15 0x559ec8f26098 <unknown>\n#16 0x559ec8f26262 <unknown>\n#17 0x559ec8f37f34 <unknown>\n#18 0x7f39b0998134 <unknown>","time":{"start":1706836095710,"stop":1706836096028,"duration":318}},{"uid":"711720d65580505a","reportUrl":"https://zaelcovsky.github.io/StroyremAutomation/219//#testresult/711720d65580505a","status":"broken","statusDetails":"selenium.common.exceptions.NoSuchElementException: Message: no such element: Unable to locate element: {\"method\":\"xpath\",\"selector\":\"(//a[@class='add-to-cart yellow-btn'])[1]\"}\n  (Session info: chrome-headless-shell=121.0.6167.85); For documentation on this error, please visit: https://www.selenium.dev/documentation/webdriver/troubleshooting/errors#no-such-element-exception\nStacktrace:\n#0 0x555d0b489d93 <unknown>\n#1 0x555d0b16d337 <unknown>\n#2 0x555d0b1b8d60 <unknown>\n#3 0x555d0b1b8e51 <unknown>\n#4 0x555d0b1fcbc4 <unknown>\n#5 0x555d0b1db46d <unknown>\n#6 0x555d0b1fa12d <unknown>\n#7 0x555d0b1db1e3 <unknown>\n#8 0x555d0b1ab135 <unknown>\n#9 0x555d0b1ac13e <unknown>\n#10 0x555d0b44de4b <unknown>\n#11 0x555d0b451dfa <unknown>\n#12 0x555d0b43a6d5 <unknown>\n#13 0x555d0b452a6f <unknown>\n#14 0x555d0b41e69f <unknown>\n#15 0x555d0b477098 <unknown>\n#16 0x555d0b477262 <unknown>\n#17 0x555d0b488f34 <unknown>\n#18 0x7f054a628044 <unknown>","time":{"start":1706749991147,"stop":1706749991586,"duration":439}},{"uid":"529c57ebfead1c7c","reportUrl":"https://zaelcovsky.github.io/StroyremAutomation/218//#testresult/529c57ebfead1c7c","status":"broken","statusDetails":"selenium.common.exceptions.NoSuchElementException: Message: no such element: Unable to locate element: {\"method\":\"xpath\",\"selector\":\"(//a[@class='add-to-cart yellow-btn'])[1]\"}\n  (Session info: chrome-headless-shell=121.0.6167.85); For documentation on this error, please visit: https://www.selenium.dev/documentation/webdriver/troubleshooting/errors#no-such-element-exception\nStacktrace:\n#0 0x562ecc986d93 <unknown>\n#1 0x562ecc66a337 <unknown>\n#2 0x562ecc6b5d60 <unknown>\n#3 0x562ecc6b5e51 <unknown>\n#4 0x562ecc6f9bc4 <unknown>\n#5 0x562ecc6d846d <unknown>\n#6 0x562ecc6f712d <unknown>\n#7 0x562ecc6d81e3 <unknown>\n#8 0x562ecc6a8135 <unknown>\n#9 0x562ecc6a913e <unknown>\n#10 0x562ecc94ae4b <unknown>\n#11 0x562ecc94edfa <unknown>\n#12 0x562ecc9376d5 <unknown>\n#13 0x562ecc94fa6f <unknown>\n#14 0x562ecc91b69f <unknown>\n#15 0x562ecc974098 <unknown>\n#16 0x562ecc974262 <unknown>\n#17 0x562ecc985f34 <unknown>\n#18 0x7ff97d09b044 <unknown>","time":{"start":1706663307594,"stop":1706663308298,"duration":704}},{"uid":"56e3eab579230696","reportUrl":"https://zaelcovsky.github.io/StroyremAutomation/217//#testresult/56e3eab579230696","status":"broken","statusDetails":"selenium.common.exceptions.NoSuchElementException: Message: no such element: Unable to locate element: {\"method\":\"xpath\",\"selector\":\"(//a[@class='add-to-cart yellow-btn'])[1]\"}\n  (Session info: chrome-headless-shell=121.0.6167.85); For documentation on this error, please visit: https://www.selenium.dev/documentation/webdriver/troubleshooting/errors#no-such-element-exception\nStacktrace:\n#0 0x556050159d93 <unknown>\n#1 0x55604fe3d337 <unknown>\n#2 0x55604fe88d60 <unknown>\n#3 0x55604fe88e51 <unknown>\n#4 0x55604feccbc4 <unknown>\n#5 0x55604feab46d <unknown>\n#6 0x55604feca12d <unknown>\n#7 0x55604feab1e3 <unknown>\n#8 0x55604fe7b135 <unknown>\n#9 0x55604fe7c13e <unknown>\n#10 0x55605011de4b <unknown>\n#11 0x556050121dfa <unknown>\n#12 0x55605010a6d5 <unknown>\n#13 0x556050122a6f <unknown>\n#14 0x5560500ee69f <unknown>\n#15 0x556050147098 <unknown>\n#16 0x556050147262 <unknown>\n#17 0x556050158f34 <unknown>\n#18 0x7f527b20d044 <unknown>","time":{"start":1706576865827,"stop":1706576866109,"duration":282}},{"uid":"31b0819c0ced38d1","reportUrl":"https://zaelcovsky.github.io/StroyremAutomation/216//#testresult/31b0819c0ced38d1","status":"broken","statusDetails":"selenium.common.exceptions.NoSuchElementException: Message: no such element: Unable to locate element: {\"method\":\"xpath\",\"selector\":\"(//a[@class='add-to-cart yellow-btn'])[1]\"}\n  (Session info: chrome-headless-shell=121.0.6167.85); For documentation on this error, please visit: https://www.selenium.dev/documentation/webdriver/troubleshooting/errors#no-such-element-exception\nStacktrace:\n#0 0x559c43d20d93 <unknown>\n#1 0x559c43a04337 <unknown>\n#2 0x559c43a4fd60 <unknown>\n#3 0x559c43a4fe51 <unknown>\n#4 0x559c43a93bc4 <unknown>\n#5 0x559c43a7246d <unknown>\n#6 0x559c43a9112d <unknown>\n#7 0x559c43a721e3 <unknown>\n#8 0x559c43a42135 <unknown>\n#9 0x559c43a4313e <unknown>\n#10 0x559c43ce4e4b <unknown>\n#11 0x559c43ce8dfa <unknown>\n#12 0x559c43cd16d5 <unknown>\n#13 0x559c43ce9a6f <unknown>\n#14 0x559c43cb569f <unknown>\n#15 0x559c43d0e098 <unknown>\n#16 0x559c43d0e262 <unknown>\n#17 0x559c43d1ff34 <unknown>\n#18 0x7fa5d52d3044 <unknown>","time":{"start":1706490540600,"stop":1706490540943,"duration":343}},{"uid":"b6edd7e88a8bab7c","reportUrl":"https://zaelcovsky.github.io/StroyremAutomation/215//#testresult/b6edd7e88a8bab7c","status":"broken","statusDetails":"selenium.common.exceptions.NoSuchElementException: Message: no such element: Unable to locate element: {\"method\":\"xpath\",\"selector\":\"(//a[@class='add-to-cart yellow-btn'])[1]\"}\n  (Session info: chrome-headless-shell=121.0.6167.85); For documentation on this error, please visit: https://www.selenium.dev/documentation/webdriver/troubleshooting/errors#no-such-element-exception\nStacktrace:\n#0 0x55b8c6673d93 <unknown>\n#1 0x55b8c6357337 <unknown>\n#2 0x55b8c63a2d60 <unknown>\n#3 0x55b8c63a2e51 <unknown>\n#4 0x55b8c63e6bc4 <unknown>\n#5 0x55b8c63c546d <unknown>\n#6 0x55b8c63e412d <unknown>\n#7 0x55b8c63c51e3 <unknown>\n#8 0x55b8c6395135 <unknown>\n#9 0x55b8c639613e <unknown>\n#10 0x55b8c6637e4b <unknown>\n#11 0x55b8c663bdfa <unknown>\n#12 0x55b8c66246d5 <unknown>\n#13 0x55b8c663ca6f <unknown>\n#14 0x55b8c660869f <unknown>\n#15 0x55b8c6661098 <unknown>\n#16 0x55b8c6661262 <unknown>\n#17 0x55b8c6672f34 <unknown>\n#18 0x7fd25c159044 <unknown>","time":{"start":1706404374648,"stop":1706404374979,"duration":331}},{"uid":"1cec31cc2ecc82a5","reportUrl":"https://zaelcovsky.github.io/StroyremAutomation/214//#testresult/1cec31cc2ecc82a5","status":"broken","statusDetails":"selenium.common.exceptions.NoSuchElementException: Message: no such element: Unable to locate element: {\"method\":\"xpath\",\"selector\":\"(//a[@class='add-to-cart yellow-btn'])[1]\"}\n  (Session info: chrome-headless-shell=121.0.6167.85); For documentation on this error, please visit: https://www.selenium.dev/documentation/webdriver/troubleshooting/errors#no-such-element-exception\nStacktrace:\n#0 0x56405a6b4d93 <unknown>\n#1 0x56405a398337 <unknown>\n#2 0x56405a3e3d60 <unknown>\n#3 0x56405a3e3e51 <unknown>\n#4 0x56405a427bc4 <unknown>\n#5 0x56405a40646d <unknown>\n#6 0x56405a42512d <unknown>\n#7 0x56405a4061e3 <unknown>\n#8 0x56405a3d6135 <unknown>\n#9 0x56405a3d713e <unknown>\n#10 0x56405a678e4b <unknown>\n#11 0x56405a67cdfa <unknown>\n#12 0x56405a6656d5 <unknown>\n#13 0x56405a67da6f <unknown>\n#14 0x56405a64969f <unknown>\n#15 0x56405a6a2098 <unknown>\n#16 0x56405a6a2262 <unknown>\n#17 0x56405a6b3f34 <unknown>\n#18 0x7f4f7d48a044 <unknown>","time":{"start":1706317744227,"stop":1706317744649,"duration":422}},{"uid":"63a88cddaf83418","reportUrl":"https://zaelcovsky.github.io/StroyremAutomation/213//#testresult/63a88cddaf83418","status":"broken","statusDetails":"selenium.common.exceptions.NoSuchElementException: Message: no such element: Unable to locate element: {\"method\":\"xpath\",\"selector\":\"(//a[@class='add-to-cart yellow-btn'])[1]\"}\n  (Session info: chrome-headless-shell=121.0.6167.85); For documentation on this error, please visit: https://www.selenium.dev/documentation/webdriver/troubleshooting/errors#no-such-element-exception\nStacktrace:\n#0 0x5566c731dd93 <unknown>\n#1 0x5566c7001337 <unknown>\n#2 0x5566c704cd60 <unknown>\n#3 0x5566c704ce51 <unknown>\n#4 0x5566c7090bc4 <unknown>\n#5 0x5566c706f46d <unknown>\n#6 0x5566c708e12d <unknown>\n#7 0x5566c706f1e3 <unknown>\n#8 0x5566c703f135 <unknown>\n#9 0x5566c704013e <unknown>\n#10 0x5566c72e1e4b <unknown>\n#11 0x5566c72e5dfa <unknown>\n#12 0x5566c72ce6d5 <unknown>\n#13 0x5566c72e6a6f <unknown>\n#14 0x5566c72b269f <unknown>\n#15 0x5566c730b098 <unknown>\n#16 0x5566c730b262 <unknown>\n#17 0x5566c731cf34 <unknown>\n#18 0x7f3f90d27044 <unknown>","time":{"start":1706231343111,"stop":1706231343653,"duration":542}}]},"tags":["smoke"]},"source":"3d05ffdc37f81d4a.json","parameterValues":["3320","25","'TD 019'","2490","'products/shtukaturka-gipsovaya-aksolit-m50-30-kg-mashinnogo-naneseniya'","1150","'https://sandboxtest.stroyrem-nn.ru/'","1700"]}