{"uid":"e327cb77defa1f98","name":"TC 006 - Проверка функциональности ссылки 'Обратный звонок'","fullName":"tests.test_main_page.TestMainPage#test_positive_footer_back_call_smoke","historyId":"e70d08884877bbd8c1896610e4ab110a","time":{"start":1705021652460,"stop":1705021652473,"duration":13},"status":"skipped","statusMessage":"XFAIL Сломалось?\n\nselenium.common.exceptions.NoSuchElementException: Message: no such element: Unable to locate element: {\"method\":\"xpath\",\"selector\":\"(//a[@href='#backcall-popup'])[2]\"}\n  (Session info: chrome-headless-shell=120.0.6099.109); For documentation on this error, please visit: https://www.selenium.dev/documentation/webdriver/troubleshooting/errors#no-such-element-exception\nStacktrace:\n#0 0x55771ccb2f83 <unknown>\n#1 0x55771c96bcf7 <unknown>\n#2 0x55771c9bb99e <unknown>\n#3 0x55771c9bbaa1 <unknown>\n#4 0x55771ca06d64 <unknown>\n#5 0x55771c9e50dd <unknown>\n#6 0x55771ca04006 <unknown>\n#7 0x55771c9e4e53 <unknown>\n#8 0x55771c9acdd4 <unknown>\n#9 0x55771c9ae1de <unknown>\n#10 0x55771cc77531 <unknown>\n#11 0x55771cc7b455 <unknown>\n#12 0x55771cc63f55 <unknown>\n#13 0x55771cc7c0ef <unknown>\n#14 0x55771cc4799f <unknown>\n#15 0x55771cca0008 <unknown>\n#16 0x55771cca01d7 <unknown>\n#17 0x55771ccb2124 <unknown>\n#18 0x7fdeff1a8044 <unknown>","statusTrace":"self = <tests.test_main_page.TestMainPage object at 0x7faf5afc7250>\nmain_page = <pages.main_page.MainPage object at 0x7faf5bc8f5d0>\n\n    @allure.feature(\"Footer functionality\")\n    @allure.title(\"TC 006 - Проверка функциональности ссылки 'Обратный звонок'\")\n    @pytest.mark.xfail(reason=\"Сломалось?\")\n    @pytest.mark.smoke_test\n    def test_positive_footer_back_call_smoke(self, main_page):\n>       result = main_page.check_call_back_link()\n\ntests/test_main_page.py:67: \n_ _ _ _ _ _ _ _ _ _ _ _ _ _ _ _ _ _ _ _ _ _ _ _ _ _ _ _ _ _ _ _ _ _ _ _ _ _ _ _ \npages/main_page.py:103: in check_call_back_link\n    self.driver.find_element(*self._call_back_link).click()\n/usr/local/lib/python3.11/site-packages/selenium/webdriver/remote/webdriver.py:740: in find_element\n    return self.execute(Command.FIND_ELEMENT, {\"using\": by, \"value\": value})[\"value\"]\n/usr/local/lib/python3.11/site-packages/selenium/webdriver/remote/webdriver.py:346: in execute\n    self.error_handler.check_response(response)\n_ _ _ _ _ _ _ _ _ _ _ _ _ _ _ _ _ _ _ _ _ _ _ _ _ _ _ _ _ _ _ _ _ _ _ _ _ _ _ _ \n\nself = <selenium.webdriver.remote.errorhandler.ErrorHandler object at 0x7faf5bc8ddd0>\nresponse = {'status': 404, 'value': '{\"value\":{\"error\":\"no such element\",\"message\":\"no such element: Unable to locate element: {\\...\\\\n#16 0x55771cca01d7 \\\\u003Cunknown>\\\\n#17 0x55771ccb2124 \\\\u003Cunknown>\\\\n#18 0x7fdeff1a8044 \\\\u003Cunknown>\\\\n\"}}'}\n\n    def check_response(self, response: Dict[str, Any]) -> None:\n        \"\"\"Checks that a JSON response from the WebDriver does not have an\n        error.\n    \n        :Args:\n         - response - The JSON response from the WebDriver server as a dictionary\n           object.\n    \n        :Raises: If the response contains an error message.\n        \"\"\"\n        status = response.get(\"status\", None)\n        if not status or status == ErrorCode.SUCCESS:\n            return\n        value = None\n        message = response.get(\"message\", \"\")\n        screen: str = response.get(\"screen\", \"\")\n        stacktrace = None\n        if isinstance(status, int):\n            value_json = response.get(\"value\", None)\n            if value_json and isinstance(value_json, str):\n                import json\n    \n                try:\n                    value = json.loads(value_json)\n                    if len(value) == 1:\n                        value = value[\"value\"]\n                    status = value.get(\"error\", None)\n                    if not status:\n                        status = value.get(\"status\", ErrorCode.UNKNOWN_ERROR)\n                        message = value.get(\"value\") or value.get(\"message\")\n                        if not isinstance(message, str):\n                            value = message\n                            message = message.get(\"message\")\n                    else:\n                        message = value.get(\"message\", None)\n                except ValueError:\n                    pass\n    \n        exception_class: Type[WebDriverException]\n        if status in ErrorCode.NO_SUCH_ELEMENT:\n            exception_class = NoSuchElementException\n        elif status in ErrorCode.NO_SUCH_FRAME:\n            exception_class = NoSuchFrameException\n        elif status in ErrorCode.NO_SUCH_SHADOW_ROOT:\n            exception_class = NoSuchShadowRootException\n        elif status in ErrorCode.NO_SUCH_WINDOW:\n            exception_class = NoSuchWindowException\n        elif status in ErrorCode.STALE_ELEMENT_REFERENCE:\n            exception_class = StaleElementReferenceException\n        elif status in ErrorCode.ELEMENT_NOT_VISIBLE:\n            exception_class = ElementNotVisibleException\n        elif status in ErrorCode.INVALID_ELEMENT_STATE:\n            exception_class = InvalidElementStateException\n        elif (\n            status in ErrorCode.INVALID_SELECTOR\n            or status in ErrorCode.INVALID_XPATH_SELECTOR\n            or status in ErrorCode.INVALID_XPATH_SELECTOR_RETURN_TYPER\n        ):\n            exception_class = InvalidSelectorException\n        elif status in ErrorCode.ELEMENT_IS_NOT_SELECTABLE:\n            exception_class = ElementNotSelectableException\n        elif status in ErrorCode.ELEMENT_NOT_INTERACTABLE:\n            exception_class = ElementNotInteractableException\n        elif status in ErrorCode.INVALID_COOKIE_DOMAIN:\n            exception_class = InvalidCookieDomainException\n        elif status in ErrorCode.UNABLE_TO_SET_COOKIE:\n            exception_class = UnableToSetCookieException\n        elif status in ErrorCode.TIMEOUT:\n            exception_class = TimeoutException\n        elif status in ErrorCode.SCRIPT_TIMEOUT:\n            exception_class = TimeoutException\n        elif status in ErrorCode.UNKNOWN_ERROR:\n            exception_class = WebDriverException\n        elif status in ErrorCode.UNEXPECTED_ALERT_OPEN:\n            exception_class = UnexpectedAlertPresentException\n        elif status in ErrorCode.NO_ALERT_OPEN:\n            exception_class = NoAlertPresentException\n        elif status in ErrorCode.IME_NOT_AVAILABLE:\n            exception_class = ImeNotAvailableException\n        elif status in ErrorCode.IME_ENGINE_ACTIVATION_FAILED:\n            exception_class = ImeActivationFailedException\n        elif status in ErrorCode.MOVE_TARGET_OUT_OF_BOUNDS:\n            exception_class = MoveTargetOutOfBoundsException\n        elif status in ErrorCode.JAVASCRIPT_ERROR:\n            exception_class = JavascriptException\n        elif status in ErrorCode.SESSION_NOT_CREATED:\n            exception_class = SessionNotCreatedException\n        elif status in ErrorCode.INVALID_ARGUMENT:\n            exception_class = InvalidArgumentException\n        elif status in ErrorCode.NO_SUCH_COOKIE:\n            exception_class = NoSuchCookieException\n        elif status in ErrorCode.UNABLE_TO_CAPTURE_SCREEN:\n            exception_class = ScreenshotException\n        elif status in ErrorCode.ELEMENT_CLICK_INTERCEPTED:\n            exception_class = ElementClickInterceptedException\n        elif status in ErrorCode.INSECURE_CERTIFICATE:\n            exception_class = InsecureCertificateException\n        elif status in ErrorCode.INVALID_COORDINATES:\n            exception_class = InvalidCoordinatesException\n        elif status in ErrorCode.INVALID_SESSION_ID:\n            exception_class = InvalidSessionIdException\n        elif status in ErrorCode.UNKNOWN_METHOD:\n            exception_class = UnknownMethodException\n        else:\n            exception_class = WebDriverException\n        if not value:\n            value = response[\"value\"]\n        if isinstance(value, str):\n            raise exception_class(value)\n        if message == \"\" and \"message\" in value:\n            message = value[\"message\"]\n    \n        screen = None  # type: ignore[assignment]\n        if \"screen\" in value:\n            screen = value[\"screen\"]\n    \n        stacktrace = None\n        st_value = value.get(\"stackTrace\") or value.get(\"stacktrace\")\n        if st_value:\n            if isinstance(st_value, str):\n                stacktrace = st_value.split(\"\\n\")\n            else:\n                stacktrace = []\n                try:\n                    for frame in st_value:\n                        line = frame.get(\"lineNumber\", \"\")\n                        file = frame.get(\"fileName\", \"<anonymous>\")\n                        if line:\n                            file = f\"{file}:{line}\"\n                        meth = frame.get(\"methodName\", \"<anonymous>\")\n                        if \"className\" in frame:\n                            meth = f\"{frame['className']}.{meth}\"\n                        msg = \"    at %s (%s)\"\n                        msg = msg % (meth, file)\n                        stacktrace.append(msg)\n                except TypeError:\n                    pass\n        if exception_class == UnexpectedAlertPresentException:\n            alert_text = None\n            if \"data\" in value:\n                alert_text = value[\"data\"].get(\"text\")\n            elif \"alert\" in value:\n                alert_text = value[\"alert\"].get(\"text\")\n            raise exception_class(message, screen, stacktrace, alert_text)  # type: ignore[call-arg]  # mypy is not smart enough here\n>       raise exception_class(message, screen, stacktrace)\nE       selenium.common.exceptions.NoSuchElementException: Message: no such element: Unable to locate element: {\"method\":\"xpath\",\"selector\":\"(//a[@href='#backcall-popup'])[2]\"}\nE         (Session info: chrome-headless-shell=120.0.6099.109); For documentation on this error, please visit: https://www.selenium.dev/documentation/webdriver/troubleshooting/errors#no-such-element-exception\nE       Stacktrace:\nE       #0 0x55771ccb2f83 <unknown>\nE       #1 0x55771c96bcf7 <unknown>\nE       #2 0x55771c9bb99e <unknown>\nE       #3 0x55771c9bbaa1 <unknown>\nE       #4 0x55771ca06d64 <unknown>\nE       #5 0x55771c9e50dd <unknown>\nE       #6 0x55771ca04006 <unknown>\nE       #7 0x55771c9e4e53 <unknown>\nE       #8 0x55771c9acdd4 <unknown>\nE       #9 0x55771c9ae1de <unknown>\nE       #10 0x55771cc77531 <unknown>\nE       #11 0x55771cc7b455 <unknown>\nE       #12 0x55771cc63f55 <unknown>\nE       #13 0x55771cc7c0ef <unknown>\nE       #14 0x55771cc4799f <unknown>\nE       #15 0x55771cca0008 <unknown>\nE       #16 0x55771cca01d7 <unknown>\nE       #17 0x55771ccb2124 <unknown>\nE       #18 0x7fdeff1a8044 <unknown>\n\n/usr/local/lib/python3.11/site-packages/selenium/webdriver/remote/errorhandler.py:245: NoSuchElementException","flaky":false,"newFailed":false,"newBroken":false,"newPassed":false,"retriesCount":0,"retriesStatusChange":false,"beforeStages":[{"name":"_session_faker","time":{"start":1705021547144,"stop":1705021547210,"duration":66},"status":"passed","steps":[],"attachments":[],"parameters":[],"shouldDisplayMessage":false,"stepsCount":0,"attachmentsCount":0,"hasContent":false,"attachmentStep":false},{"name":"clear_allure_results_folder","time":{"start":1705021547210,"stop":1705021547210,"duration":0},"status":"passed","steps":[],"attachments":[],"parameters":[],"shouldDisplayMessage":false,"stepsCount":0,"attachmentsCount":0,"hasContent":false,"attachmentStep":false},{"name":"driver","time":{"start":1705021650836,"stop":1705021651575,"duration":739},"status":"passed","steps":[],"attachments":[],"parameters":[],"shouldDisplayMessage":false,"stepsCount":0,"attachmentsCount":0,"hasContent":false,"attachmentStep":false},{"name":"main_page","time":{"start":1705021651575,"stop":1705021652459,"duration":884},"status":"passed","steps":[],"attachments":[],"parameters":[],"shouldDisplayMessage":false,"stepsCount":0,"attachmentsCount":0,"hasContent":false,"attachmentStep":false},{"name":"setup","time":{"start":1705021651575,"stop":1705021651575,"duration":0},"status":"passed","steps":[],"attachments":[],"parameters":[],"shouldDisplayMessage":false,"stepsCount":0,"attachmentsCount":0,"hasContent":false,"attachmentStep":false}],"testStage":{"status":"skipped","statusMessage":"XFAIL Сломалось?\n\nselenium.common.exceptions.NoSuchElementException: Message: no such element: Unable to locate element: {\"method\":\"xpath\",\"selector\":\"(//a[@href='#backcall-popup'])[2]\"}\n  (Session info: chrome-headless-shell=120.0.6099.109); For documentation on this error, please visit: https://www.selenium.dev/documentation/webdriver/troubleshooting/errors#no-such-element-exception\nStacktrace:\n#0 0x55771ccb2f83 <unknown>\n#1 0x55771c96bcf7 <unknown>\n#2 0x55771c9bb99e <unknown>\n#3 0x55771c9bbaa1 <unknown>\n#4 0x55771ca06d64 <unknown>\n#5 0x55771c9e50dd <unknown>\n#6 0x55771ca04006 <unknown>\n#7 0x55771c9e4e53 <unknown>\n#8 0x55771c9acdd4 <unknown>\n#9 0x55771c9ae1de <unknown>\n#10 0x55771cc77531 <unknown>\n#11 0x55771cc7b455 <unknown>\n#12 0x55771cc63f55 <unknown>\n#13 0x55771cc7c0ef <unknown>\n#14 0x55771cc4799f <unknown>\n#15 0x55771cca0008 <unknown>\n#16 0x55771cca01d7 <unknown>\n#17 0x55771ccb2124 <unknown>\n#18 0x7fdeff1a8044 <unknown>","statusTrace":"self = <tests.test_main_page.TestMainPage object at 0x7faf5afc7250>\nmain_page = <pages.main_page.MainPage object at 0x7faf5bc8f5d0>\n\n    @allure.feature(\"Footer functionality\")\n    @allure.title(\"TC 006 - Проверка функциональности ссылки 'Обратный звонок'\")\n    @pytest.mark.xfail(reason=\"Сломалось?\")\n    @pytest.mark.smoke_test\n    def test_positive_footer_back_call_smoke(self, main_page):\n>       result = main_page.check_call_back_link()\n\ntests/test_main_page.py:67: \n_ _ _ _ _ _ _ _ _ _ _ _ _ _ _ _ _ _ _ _ _ _ _ _ _ _ _ _ _ _ _ _ _ _ _ _ _ _ _ _ \npages/main_page.py:103: in check_call_back_link\n    self.driver.find_element(*self._call_back_link).click()\n/usr/local/lib/python3.11/site-packages/selenium/webdriver/remote/webdriver.py:740: in find_element\n    return self.execute(Command.FIND_ELEMENT, {\"using\": by, \"value\": value})[\"value\"]\n/usr/local/lib/python3.11/site-packages/selenium/webdriver/remote/webdriver.py:346: in execute\n    self.error_handler.check_response(response)\n_ _ _ _ _ _ _ _ _ _ _ _ _ _ _ _ _ _ _ _ _ _ _ _ _ _ _ _ _ _ _ _ _ _ _ _ _ _ _ _ \n\nself = <selenium.webdriver.remote.errorhandler.ErrorHandler object at 0x7faf5bc8ddd0>\nresponse = {'status': 404, 'value': '{\"value\":{\"error\":\"no such element\",\"message\":\"no such element: Unable to locate element: {\\...\\\\n#16 0x55771cca01d7 \\\\u003Cunknown>\\\\n#17 0x55771ccb2124 \\\\u003Cunknown>\\\\n#18 0x7fdeff1a8044 \\\\u003Cunknown>\\\\n\"}}'}\n\n    def check_response(self, response: Dict[str, Any]) -> None:\n        \"\"\"Checks that a JSON response from the WebDriver does not have an\n        error.\n    \n        :Args:\n         - response - The JSON response from the WebDriver server as a dictionary\n           object.\n    \n        :Raises: If the response contains an error message.\n        \"\"\"\n        status = response.get(\"status\", None)\n        if not status or status == ErrorCode.SUCCESS:\n            return\n        value = None\n        message = response.get(\"message\", \"\")\n        screen: str = response.get(\"screen\", \"\")\n        stacktrace = None\n        if isinstance(status, int):\n            value_json = response.get(\"value\", None)\n            if value_json and isinstance(value_json, str):\n                import json\n    \n                try:\n                    value = json.loads(value_json)\n                    if len(value) == 1:\n                        value = value[\"value\"]\n                    status = value.get(\"error\", None)\n                    if not status:\n                        status = value.get(\"status\", ErrorCode.UNKNOWN_ERROR)\n                        message = value.get(\"value\") or value.get(\"message\")\n                        if not isinstance(message, str):\n                            value = message\n                            message = message.get(\"message\")\n                    else:\n                        message = value.get(\"message\", None)\n                except ValueError:\n                    pass\n    \n        exception_class: Type[WebDriverException]\n        if status in ErrorCode.NO_SUCH_ELEMENT:\n            exception_class = NoSuchElementException\n        elif status in ErrorCode.NO_SUCH_FRAME:\n            exception_class = NoSuchFrameException\n        elif status in ErrorCode.NO_SUCH_SHADOW_ROOT:\n            exception_class = NoSuchShadowRootException\n        elif status in ErrorCode.NO_SUCH_WINDOW:\n            exception_class = NoSuchWindowException\n        elif status in ErrorCode.STALE_ELEMENT_REFERENCE:\n            exception_class = StaleElementReferenceException\n        elif status in ErrorCode.ELEMENT_NOT_VISIBLE:\n            exception_class = ElementNotVisibleException\n        elif status in ErrorCode.INVALID_ELEMENT_STATE:\n            exception_class = InvalidElementStateException\n        elif (\n            status in ErrorCode.INVALID_SELECTOR\n            or status in ErrorCode.INVALID_XPATH_SELECTOR\n            or status in ErrorCode.INVALID_XPATH_SELECTOR_RETURN_TYPER\n        ):\n            exception_class = InvalidSelectorException\n        elif status in ErrorCode.ELEMENT_IS_NOT_SELECTABLE:\n            exception_class = ElementNotSelectableException\n        elif status in ErrorCode.ELEMENT_NOT_INTERACTABLE:\n            exception_class = ElementNotInteractableException\n        elif status in ErrorCode.INVALID_COOKIE_DOMAIN:\n            exception_class = InvalidCookieDomainException\n        elif status in ErrorCode.UNABLE_TO_SET_COOKIE:\n            exception_class = UnableToSetCookieException\n        elif status in ErrorCode.TIMEOUT:\n            exception_class = TimeoutException\n        elif status in ErrorCode.SCRIPT_TIMEOUT:\n            exception_class = TimeoutException\n        elif status in ErrorCode.UNKNOWN_ERROR:\n            exception_class = WebDriverException\n        elif status in ErrorCode.UNEXPECTED_ALERT_OPEN:\n            exception_class = UnexpectedAlertPresentException\n        elif status in ErrorCode.NO_ALERT_OPEN:\n            exception_class = NoAlertPresentException\n        elif status in ErrorCode.IME_NOT_AVAILABLE:\n            exception_class = ImeNotAvailableException\n        elif status in ErrorCode.IME_ENGINE_ACTIVATION_FAILED:\n            exception_class = ImeActivationFailedException\n        elif status in ErrorCode.MOVE_TARGET_OUT_OF_BOUNDS:\n            exception_class = MoveTargetOutOfBoundsException\n        elif status in ErrorCode.JAVASCRIPT_ERROR:\n            exception_class = JavascriptException\n        elif status in ErrorCode.SESSION_NOT_CREATED:\n            exception_class = SessionNotCreatedException\n        elif status in ErrorCode.INVALID_ARGUMENT:\n            exception_class = InvalidArgumentException\n        elif status in ErrorCode.NO_SUCH_COOKIE:\n            exception_class = NoSuchCookieException\n        elif status in ErrorCode.UNABLE_TO_CAPTURE_SCREEN:\n            exception_class = ScreenshotException\n        elif status in ErrorCode.ELEMENT_CLICK_INTERCEPTED:\n            exception_class = ElementClickInterceptedException\n        elif status in ErrorCode.INSECURE_CERTIFICATE:\n            exception_class = InsecureCertificateException\n        elif status in ErrorCode.INVALID_COORDINATES:\n            exception_class = InvalidCoordinatesException\n        elif status in ErrorCode.INVALID_SESSION_ID:\n            exception_class = InvalidSessionIdException\n        elif status in ErrorCode.UNKNOWN_METHOD:\n            exception_class = UnknownMethodException\n        else:\n            exception_class = WebDriverException\n        if not value:\n            value = response[\"value\"]\n        if isinstance(value, str):\n            raise exception_class(value)\n        if message == \"\" and \"message\" in value:\n            message = value[\"message\"]\n    \n        screen = None  # type: ignore[assignment]\n        if \"screen\" in value:\n            screen = value[\"screen\"]\n    \n        stacktrace = None\n        st_value = value.get(\"stackTrace\") or value.get(\"stacktrace\")\n        if st_value:\n            if isinstance(st_value, str):\n                stacktrace = st_value.split(\"\\n\")\n            else:\n                stacktrace = []\n                try:\n                    for frame in st_value:\n                        line = frame.get(\"lineNumber\", \"\")\n                        file = frame.get(\"fileName\", \"<anonymous>\")\n                        if line:\n                            file = f\"{file}:{line}\"\n                        meth = frame.get(\"methodName\", \"<anonymous>\")\n                        if \"className\" in frame:\n                            meth = f\"{frame['className']}.{meth}\"\n                        msg = \"    at %s (%s)\"\n                        msg = msg % (meth, file)\n                        stacktrace.append(msg)\n                except TypeError:\n                    pass\n        if exception_class == UnexpectedAlertPresentException:\n            alert_text = None\n            if \"data\" in value:\n                alert_text = value[\"data\"].get(\"text\")\n            elif \"alert\" in value:\n                alert_text = value[\"alert\"].get(\"text\")\n            raise exception_class(message, screen, stacktrace, alert_text)  # type: ignore[call-arg]  # mypy is not smart enough here\n>       raise exception_class(message, screen, stacktrace)\nE       selenium.common.exceptions.NoSuchElementException: Message: no such element: Unable to locate element: {\"method\":\"xpath\",\"selector\":\"(//a[@href='#backcall-popup'])[2]\"}\nE         (Session info: chrome-headless-shell=120.0.6099.109); For documentation on this error, please visit: https://www.selenium.dev/documentation/webdriver/troubleshooting/errors#no-such-element-exception\nE       Stacktrace:\nE       #0 0x55771ccb2f83 <unknown>\nE       #1 0x55771c96bcf7 <unknown>\nE       #2 0x55771c9bb99e <unknown>\nE       #3 0x55771c9bbaa1 <unknown>\nE       #4 0x55771ca06d64 <unknown>\nE       #5 0x55771c9e50dd <unknown>\nE       #6 0x55771ca04006 <unknown>\nE       #7 0x55771c9e4e53 <unknown>\nE       #8 0x55771c9acdd4 <unknown>\nE       #9 0x55771c9ae1de <unknown>\nE       #10 0x55771cc77531 <unknown>\nE       #11 0x55771cc7b455 <unknown>\nE       #12 0x55771cc63f55 <unknown>\nE       #13 0x55771cc7c0ef <unknown>\nE       #14 0x55771cc4799f <unknown>\nE       #15 0x55771cca0008 <unknown>\nE       #16 0x55771cca01d7 <unknown>\nE       #17 0x55771ccb2124 <unknown>\nE       #18 0x7fdeff1a8044 <unknown>\n\n/usr/local/lib/python3.11/site-packages/selenium/webdriver/remote/errorhandler.py:245: NoSuchElementException","steps":[{"name":"Проверка функциональности ссылки 'Обратный звонок'","time":{"start":1705021652460,"stop":1705021652472,"duration":12},"status":"broken","statusMessage":"selenium.common.exceptions.NoSuchElementException: Message: no such element: Unable to locate element: {\"method\":\"xpath\",\"selector\":\"(//a[@href='#backcall-popup'])[2]\"}\n  (Session info: chrome-headless-shell=120.0.6099.109); For documentation on this error, please visit: https://www.selenium.dev/documentation/webdriver/troubleshooting/errors#no-such-element-exception\nStacktrace:\n#0 0x55771ccb2f83 <unknown>\n#1 0x55771c96bcf7 <unknown>\n#2 0x55771c9bb99e <unknown>\n#3 0x55771c9bbaa1 <unknown>\n#4 0x55771ca06d64 <unknown>\n#5 0x55771c9e50dd <unknown>\n#6 0x55771ca04006 <unknown>\n#7 0x55771c9e4e53 <unknown>\n#8 0x55771c9acdd4 <unknown>\n#9 0x55771c9ae1de <unknown>\n#10 0x55771cc77531 <unknown>\n#11 0x55771cc7b455 <unknown>\n#12 0x55771cc63f55 <unknown>\n#13 0x55771cc7c0ef <unknown>\n#14 0x55771cc4799f <unknown>\n#15 0x55771cca0008 <unknown>\n#16 0x55771cca01d7 <unknown>\n#17 0x55771ccb2124 <unknown>\n#18 0x7fdeff1a8044 <unknown>\n\n","statusTrace":"  File \"/usr/local/lib/python3.11/site-packages/allure_commons/_allure.py\", line 192, in impl\n    return func(*a, **kw)\n           ^^^^^^^^^^^^^^\n  File \"/app/pages/main_page.py\", line 103, in check_call_back_link\n    self.driver.find_element(*self._call_back_link).click()\n    ^^^^^^^^^^^^^^^^^^^^^^^^^^^^^^^^^^^^^^^^^^^^^^^\n  File \"/usr/local/lib/python3.11/site-packages/selenium/webdriver/remote/webdriver.py\", line 740, in find_element\n    return self.execute(Command.FIND_ELEMENT, {\"using\": by, \"value\": value})[\"value\"]\n           ^^^^^^^^^^^^^^^^^^^^^^^^^^^^^^^^^^^^^^^^^^^^^^^^^^^^^^^^^^^^^^^^^\n  File \"/usr/local/lib/python3.11/site-packages/selenium/webdriver/remote/webdriver.py\", line 346, in execute\n    self.error_handler.check_response(response)\n  File \"/usr/local/lib/python3.11/site-packages/selenium/webdriver/remote/errorhandler.py\", line 245, in check_response\n    raise exception_class(message, screen, stacktrace)\n","steps":[],"attachments":[],"parameters":[],"shouldDisplayMessage":true,"stepsCount":0,"attachmentsCount":0,"hasContent":true,"attachmentStep":false}],"attachments":[{"uid":"d2be854d46c3fa8f","name":"Screenshot","source":"d2be854d46c3fa8f.png","type":"image/png","size":39106},{"uid":"5196749d0b5588b0","name":"HTML source","source":"5196749d0b5588b0.html","type":"text/html","size":538}],"parameters":[],"shouldDisplayMessage":true,"stepsCount":1,"attachmentsCount":2,"hasContent":true,"attachmentStep":false},"afterStages":[{"name":"setup::0","time":{"start":1705021652577,"stop":1705021652577,"duration":0},"status":"passed","steps":[],"attachments":[],"parameters":[],"shouldDisplayMessage":false,"stepsCount":0,"attachmentsCount":0,"hasContent":false,"attachmentStep":false},{"name":"driver::0","time":{"start":1705021652578,"stop":1705021652634,"duration":56},"status":"passed","steps":[],"attachments":[],"parameters":[],"shouldDisplayMessage":false,"stepsCount":0,"attachmentsCount":0,"hasContent":false,"attachmentStep":false}],"labels":[{"name":"epic","value":"Main Page"},{"name":"feature","value":"Footer functionality"},{"name":"tag","value":"smoke_test"},{"name":"tag","value":"@pytest.mark.xfail(reason='Сломалось?')"},{"name":"parentSuite","value":"tests"},{"name":"suite","value":"test_main_page"},{"name":"subSuite","value":"TestMainPage"},{"name":"host","value":"61a238fb416a"},{"name":"thread","value":"1-MainThread"},{"name":"framework","value":"pytest"},{"name":"language","value":"cpython3"},{"name":"package","value":"tests.test_main_page"},{"name":"resultFormat","value":"allure2"}],"parameters":[{"name":"url","value":"'https://test2.stroyrem-nn.ru/'"}],"links":[],"hidden":false,"retry":false,"extra":{"severity":"normal","retries":[],"categories":[],"history":{"statistic":{"failed":0,"broken":7,"skipped":135,"passed":14,"unknown":0,"total":156},"items":[{"uid":"4eda6c8696797aa8","reportUrl":"https://zaelcovsky.github.io/StroyremAutomation/198//#testresult/4eda6c8696797aa8","status":"skipped","statusDetails":"XFAIL Сломалось?\n\nselenium.common.exceptions.NoSuchElementException: Message: no such element: Unable to locate element: {\"method\":\"xpath\",\"selector\":\"(//a[@href='#backcall-popup'])[2]\"}\n  (Session info: chrome-headless-shell=120.0.6099.109); For documentation on this error, please visit: https://www.selenium.dev/documentation/webdriver/troubleshooting/errors#no-such-element-exception\nStacktrace:\n#0 0x556a99ad8f83 <unknown>\n#1 0x556a99791cf7 <unknown>\n#2 0x556a997e199e <unknown>\n#3 0x556a997e1aa1 <unknown>\n#4 0x556a9982cd64 <unknown>\n#5 0x556a9980b0dd <unknown>\n#6 0x556a9982a006 <unknown>\n#7 0x556a9980ae53 <unknown>\n#8 0x556a997d2dd4 <unknown>\n#9 0x556a997d41de <unknown>\n#10 0x556a99a9d531 <unknown>\n#11 0x556a99aa1455 <unknown>\n#12 0x556a99a89f55 <unknown>\n#13 0x556a99aa20ef <unknown>\n#14 0x556a99a6d99f <unknown>\n#15 0x556a99ac6008 <unknown>\n#16 0x556a99ac61d7 <unknown>\n#17 0x556a99ad8124 <unknown>\n#18 0x7fa56c863044 <unknown>","time":{"start":1704935220042,"stop":1704935220055,"duration":13}},{"uid":"a1678e0fcf34ea44","reportUrl":"https://zaelcovsky.github.io/StroyremAutomation/197//#testresult/a1678e0fcf34ea44","status":"skipped","statusDetails":"XFAIL Сломалось?\n\nselenium.common.exceptions.NoSuchElementException: Message: no such element: Unable to locate element: {\"method\":\"xpath\",\"selector\":\"(//a[@href='#backcall-popup'])[2]\"}\n  (Session info: chrome-headless-shell=120.0.6099.109); For documentation on this error, please visit: https://www.selenium.dev/documentation/webdriver/troubleshooting/errors#no-such-element-exception\nStacktrace:\n#0 0x55eae4b85f83 <unknown>\n#1 0x55eae483ecf7 <unknown>\n#2 0x55eae488e99e <unknown>\n#3 0x55eae488eaa1 <unknown>\n#4 0x55eae48d9d64 <unknown>\n#5 0x55eae48b80dd <unknown>\n#6 0x55eae48d7006 <unknown>\n#7 0x55eae48b7e53 <unknown>\n#8 0x55eae487fdd4 <unknown>\n#9 0x55eae48811de <unknown>\n#10 0x55eae4b4a531 <unknown>\n#11 0x55eae4b4e455 <unknown>\n#12 0x55eae4b36f55 <unknown>\n#13 0x55eae4b4f0ef <unknown>\n#14 0x55eae4b1a99f <unknown>\n#15 0x55eae4b73008 <unknown>\n#16 0x55eae4b731d7 <unknown>\n#17 0x55eae4b85124 <unknown>\n#18 0x7f07bdf32044 <unknown>","time":{"start":1704848820897,"stop":1704848820910,"duration":13}},{"uid":"b9c2f335c8a4bc51","reportUrl":"https://zaelcovsky.github.io/StroyremAutomation/196//#testresult/b9c2f335c8a4bc51","status":"skipped","statusDetails":"XFAIL Сломалось?\n\nselenium.common.exceptions.NoSuchElementException: Message: no such element: Unable to locate element: {\"method\":\"xpath\",\"selector\":\"(//a[@href='#backcall-popup'])[2]\"}\n  (Session info: chrome-headless-shell=120.0.6099.109); For documentation on this error, please visit: https://www.selenium.dev/documentation/webdriver/troubleshooting/errors#no-such-element-exception\nStacktrace:\n#0 0x55f32cc8ff83 <unknown>\n#1 0x55f32c948cf7 <unknown>\n#2 0x55f32c99899e <unknown>\n#3 0x55f32c998aa1 <unknown>\n#4 0x55f32c9e3d64 <unknown>\n#5 0x55f32c9c20dd <unknown>\n#6 0x55f32c9e1006 <unknown>\n#7 0x55f32c9c1e53 <unknown>\n#8 0x55f32c989dd4 <unknown>\n#9 0x55f32c98b1de <unknown>\n#10 0x55f32cc54531 <unknown>\n#11 0x55f32cc58455 <unknown>\n#12 0x55f32cc40f55 <unknown>\n#13 0x55f32cc590ef <unknown>\n#14 0x55f32cc2499f <unknown>\n#15 0x55f32cc7d008 <unknown>\n#16 0x55f32cc7d1d7 <unknown>\n#17 0x55f32cc8f124 <unknown>\n#18 0x7f688894f044 <unknown>","time":{"start":1704762417503,"stop":1704762417515,"duration":12}},{"uid":"9234c3736bc07a0e","reportUrl":"https://zaelcovsky.github.io/StroyremAutomation/195//#testresult/9234c3736bc07a0e","status":"skipped","statusDetails":"XFAIL Сломалось?\n\nselenium.common.exceptions.NoSuchElementException: Message: no such element: Unable to locate element: {\"method\":\"xpath\",\"selector\":\"(//a[@href='#backcall-popup'])[2]\"}\n  (Session info: chrome-headless-shell=120.0.6099.109); For documentation on this error, please visit: https://www.selenium.dev/documentation/webdriver/troubleshooting/errors#no-such-element-exception\nStacktrace:\n#0 0x56324f098f83 <unknown>\n#1 0x56324ed51cf7 <unknown>\n#2 0x56324eda199e <unknown>\n#3 0x56324eda1aa1 <unknown>\n#4 0x56324edecd64 <unknown>\n#5 0x56324edcb0dd <unknown>\n#6 0x56324edea006 <unknown>\n#7 0x56324edcae53 <unknown>\n#8 0x56324ed92dd4 <unknown>\n#9 0x56324ed941de <unknown>\n#10 0x56324f05d531 <unknown>\n#11 0x56324f061455 <unknown>\n#12 0x56324f049f55 <unknown>\n#13 0x56324f0620ef <unknown>\n#14 0x56324f02d99f <unknown>\n#15 0x56324f086008 <unknown>\n#16 0x56324f0861d7 <unknown>\n#17 0x56324f098124 <unknown>\n#18 0x7fa479466044 <unknown>","time":{"start":1704676055120,"stop":1704676055133,"duration":13}},{"uid":"4977d7f7de0556f1","reportUrl":"https://zaelcovsky.github.io/StroyremAutomation/194//#testresult/4977d7f7de0556f1","status":"skipped","statusDetails":"XFAIL Сломалось?\n\nselenium.common.exceptions.NoSuchElementException: Message: no such element: Unable to locate element: {\"method\":\"xpath\",\"selector\":\"(//a[@href='#backcall-popup'])[2]\"}\n  (Session info: chrome-headless-shell=120.0.6099.109); For documentation on this error, please visit: https://www.selenium.dev/documentation/webdriver/troubleshooting/errors#no-such-element-exception\nStacktrace:\n#0 0x55f67eb36f83 <unknown>\n#1 0x55f67e7efcf7 <unknown>\n#2 0x55f67e83f99e <unknown>\n#3 0x55f67e83faa1 <unknown>\n#4 0x55f67e88ad64 <unknown>\n#5 0x55f67e8690dd <unknown>\n#6 0x55f67e888006 <unknown>\n#7 0x55f67e868e53 <unknown>\n#8 0x55f67e830dd4 <unknown>\n#9 0x55f67e8321de <unknown>\n#10 0x55f67eafb531 <unknown>\n#11 0x55f67eaff455 <unknown>\n#12 0x55f67eae7f55 <unknown>\n#13 0x55f67eb000ef <unknown>\n#14 0x55f67eacb99f <unknown>\n#15 0x55f67eb24008 <unknown>\n#16 0x55f67eb241d7 <unknown>\n#17 0x55f67eb36124 <unknown>\n#18 0x7fa3daf52044 <unknown>","time":{"start":1704589952428,"stop":1704589952441,"duration":13}},{"uid":"6ce176bd32c56446","reportUrl":"https://zaelcovsky.github.io/StroyremAutomation/193//#testresult/6ce176bd32c56446","status":"skipped","statusDetails":"XFAIL Сломалось?\n\nselenium.common.exceptions.NoSuchElementException: Message: no such element: Unable to locate element: {\"method\":\"xpath\",\"selector\":\"(//a[@href='#backcall-popup'])[2]\"}\n  (Session info: chrome-headless-shell=120.0.6099.109); For documentation on this error, please visit: https://www.selenium.dev/documentation/webdriver/troubleshooting/errors#no-such-element-exception\nStacktrace:\n#0 0x558bec22df83 <unknown>\n#1 0x558bebee6cf7 <unknown>\n#2 0x558bebf3699e <unknown>\n#3 0x558bebf36aa1 <unknown>\n#4 0x558bebf81d64 <unknown>\n#5 0x558bebf600dd <unknown>\n#6 0x558bebf7f006 <unknown>\n#7 0x558bebf5fe53 <unknown>\n#8 0x558bebf27dd4 <unknown>\n#9 0x558bebf291de <unknown>\n#10 0x558bec1f2531 <unknown>\n#11 0x558bec1f6455 <unknown>\n#12 0x558bec1def55 <unknown>\n#13 0x558bec1f70ef <unknown>\n#14 0x558bec1c299f <unknown>\n#15 0x558bec21b008 <unknown>\n#16 0x558bec21b1d7 <unknown>\n#17 0x558bec22d124 <unknown>\n#18 0x7f669af5f044 <unknown>","time":{"start":1704503088168,"stop":1704503088181,"duration":13}},{"uid":"db158f58822c2971","reportUrl":"https://zaelcovsky.github.io/StroyremAutomation/192//#testresult/db158f58822c2971","status":"skipped","statusDetails":"XFAIL Сломалось?\n\nselenium.common.exceptions.NoSuchElementException: Message: no such element: Unable to locate element: {\"method\":\"xpath\",\"selector\":\"(//a[@href='#backcall-popup'])[2]\"}\n  (Session info: chrome-headless-shell=120.0.6099.109); For documentation on this error, please visit: https://www.selenium.dev/documentation/webdriver/troubleshooting/errors#no-such-element-exception\nStacktrace:\n#0 0x55eba3878f83 <unknown>\n#1 0x55eba3531cf7 <unknown>\n#2 0x55eba358199e <unknown>\n#3 0x55eba3581aa1 <unknown>\n#4 0x55eba35ccd64 <unknown>\n#5 0x55eba35ab0dd <unknown>\n#6 0x55eba35ca006 <unknown>\n#7 0x55eba35aae53 <unknown>\n#8 0x55eba3572dd4 <unknown>\n#9 0x55eba35741de <unknown>\n#10 0x55eba383d531 <unknown>\n#11 0x55eba3841455 <unknown>\n#12 0x55eba3829f55 <unknown>\n#13 0x55eba38420ef <unknown>\n#14 0x55eba380d99f <unknown>\n#15 0x55eba3866008 <unknown>\n#16 0x55eba38661d7 <unknown>\n#17 0x55eba3878124 <unknown>\n#18 0x7fd48ceb2044 <unknown>","time":{"start":1704416749229,"stop":1704416749241,"duration":12}},{"uid":"f13af4155067f7f8","reportUrl":"https://zaelcovsky.github.io/StroyremAutomation/191//#testresult/f13af4155067f7f8","status":"skipped","statusDetails":"XFAIL Сломалось?\n\nselenium.common.exceptions.NoSuchElementException: Message: no such element: Unable to locate element: {\"method\":\"xpath\",\"selector\":\"(//a[@href='#backcall-popup'])[2]\"}\n  (Session info: chrome-headless-shell=120.0.6099.109); For documentation on this error, please visit: https://www.selenium.dev/documentation/webdriver/troubleshooting/errors#no-such-element-exception\nStacktrace:\n#0 0x559ad626df83 <unknown>\n#1 0x559ad5f26cf7 <unknown>\n#2 0x559ad5f7699e <unknown>\n#3 0x559ad5f76aa1 <unknown>\n#4 0x559ad5fc1d64 <unknown>\n#5 0x559ad5fa00dd <unknown>\n#6 0x559ad5fbf006 <unknown>\n#7 0x559ad5f9fe53 <unknown>\n#8 0x559ad5f67dd4 <unknown>\n#9 0x559ad5f691de <unknown>\n#10 0x559ad6232531 <unknown>\n#11 0x559ad6236455 <unknown>\n#12 0x559ad621ef55 <unknown>\n#13 0x559ad62370ef <unknown>\n#14 0x559ad620299f <unknown>\n#15 0x559ad625b008 <unknown>\n#16 0x559ad625b1d7 <unknown>\n#17 0x559ad626d124 <unknown>\n#18 0x7f94d7ec9044 <unknown>","time":{"start":1704330359668,"stop":1704330359681,"duration":13}},{"uid":"b31939aa3651336","reportUrl":"https://zaelcovsky.github.io/StroyremAutomation/190//#testresult/b31939aa3651336","status":"skipped","statusDetails":"XFAIL Сломалось?\n\nselenium.common.exceptions.NoSuchElementException: Message: no such element: Unable to locate element: {\"method\":\"xpath\",\"selector\":\"(//a[@href='#backcall-popup'])[2]\"}\n  (Session info: chrome-headless-shell=120.0.6099.109); For documentation on this error, please visit: https://www.selenium.dev/documentation/webdriver/troubleshooting/errors#no-such-element-exception\nStacktrace:\n#0 0x5627e3473f83 <unknown>\n#1 0x5627e312ccf7 <unknown>\n#2 0x5627e317c99e <unknown>\n#3 0x5627e317caa1 <unknown>\n#4 0x5627e31c7d64 <unknown>\n#5 0x5627e31a60dd <unknown>\n#6 0x5627e31c5006 <unknown>\n#7 0x5627e31a5e53 <unknown>\n#8 0x5627e316ddd4 <unknown>\n#9 0x5627e316f1de <unknown>\n#10 0x5627e3438531 <unknown>\n#11 0x5627e343c455 <unknown>\n#12 0x5627e3424f55 <unknown>\n#13 0x5627e343d0ef <unknown>\n#14 0x5627e340899f <unknown>\n#15 0x5627e3461008 <unknown>\n#16 0x5627e34611d7 <unknown>\n#17 0x5627e3473124 <unknown>\n#18 0x7f5c7b18d044 <unknown>","time":{"start":1704243923062,"stop":1704243923075,"duration":13}},{"uid":"23c3b62a929fb8d5","reportUrl":"https://zaelcovsky.github.io/StroyremAutomation/189//#testresult/23c3b62a929fb8d5","status":"skipped","statusDetails":"XFAIL Сломалось?\n\nselenium.common.exceptions.NoSuchElementException: Message: no such element: Unable to locate element: {\"method\":\"xpath\",\"selector\":\"(//a[@href='#backcall-popup'])[2]\"}\n  (Session info: chrome-headless-shell=120.0.6099.109); For documentation on this error, please visit: https://www.selenium.dev/documentation/webdriver/troubleshooting/errors#no-such-element-exception\nStacktrace:\n#0 0x555e30fd5f83 <unknown>\n#1 0x555e30c8ecf7 <unknown>\n#2 0x555e30cde99e <unknown>\n#3 0x555e30cdeaa1 <unknown>\n#4 0x555e30d29d64 <unknown>\n#5 0x555e30d080dd <unknown>\n#6 0x555e30d27006 <unknown>\n#7 0x555e30d07e53 <unknown>\n#8 0x555e30ccfdd4 <unknown>\n#9 0x555e30cd11de <unknown>\n#10 0x555e30f9a531 <unknown>\n#11 0x555e30f9e455 <unknown>\n#12 0x555e30f86f55 <unknown>\n#13 0x555e30f9f0ef <unknown>\n#14 0x555e30f6a99f <unknown>\n#15 0x555e30fc3008 <unknown>\n#16 0x555e30fc31d7 <unknown>\n#17 0x555e30fd5124 <unknown>\n#18 0x7f9efa708044 <unknown>","time":{"start":1704157438757,"stop":1704157438770,"duration":13}},{"uid":"3ff9329fc11ab351","reportUrl":"https://zaelcovsky.github.io/StroyremAutomation/188//#testresult/3ff9329fc11ab351","status":"skipped","statusDetails":"XFAIL Сломалось?\n\nselenium.common.exceptions.NoSuchElementException: Message: no such element: Unable to locate element: {\"method\":\"xpath\",\"selector\":\"(//a[@href='#backcall-popup'])[2]\"}\n  (Session info: chrome-headless-shell=120.0.6099.109); For documentation on this error, please visit: https://www.selenium.dev/documentation/webdriver/troubleshooting/errors#no-such-element-exception\nStacktrace:\n#0 0x56023bf16f83 <unknown>\n#1 0x56023bbcfcf7 <unknown>\n#2 0x56023bc1f99e <unknown>\n#3 0x56023bc1faa1 <unknown>\n#4 0x56023bc6ad64 <unknown>\n#5 0x56023bc490dd <unknown>\n#6 0x56023bc68006 <unknown>\n#7 0x56023bc48e53 <unknown>\n#8 0x56023bc10dd4 <unknown>\n#9 0x56023bc121de <unknown>\n#10 0x56023bedb531 <unknown>\n#11 0x56023bedf455 <unknown>\n#12 0x56023bec7f55 <unknown>\n#13 0x56023bee00ef <unknown>\n#14 0x56023beab99f <unknown>\n#15 0x56023bf04008 <unknown>\n#16 0x56023bf041d7 <unknown>\n#17 0x56023bf16124 <unknown>\n#18 0x7f901abfd044 <unknown>","time":{"start":1704071481787,"stop":1704071481800,"duration":13}},{"uid":"ce2aba1496754e51","reportUrl":"https://zaelcovsky.github.io/StroyremAutomation/187//#testresult/ce2aba1496754e51","status":"skipped","statusDetails":"XFAIL Сломалось?\n\nselenium.common.exceptions.NoSuchElementException: Message: no such element: Unable to locate element: {\"method\":\"xpath\",\"selector\":\"(//a[@href='#backcall-popup'])[2]\"}\n  (Session info: chrome-headless-shell=120.0.6099.109); For documentation on this error, please visit: https://www.selenium.dev/documentation/webdriver/troubleshooting/errors#no-such-element-exception\nStacktrace:\n#0 0x55912f4f3f83 <unknown>\n#1 0x55912f1accf7 <unknown>\n#2 0x55912f1fc99e <unknown>\n#3 0x55912f1fcaa1 <unknown>\n#4 0x55912f247d64 <unknown>\n#5 0x55912f2260dd <unknown>\n#6 0x55912f245006 <unknown>\n#7 0x55912f225e53 <unknown>\n#8 0x55912f1eddd4 <unknown>\n#9 0x55912f1ef1de <unknown>\n#10 0x55912f4b8531 <unknown>\n#11 0x55912f4bc455 <unknown>\n#12 0x55912f4a4f55 <unknown>\n#13 0x55912f4bd0ef <unknown>\n#14 0x55912f48899f <unknown>\n#15 0x55912f4e1008 <unknown>\n#16 0x55912f4e11d7 <unknown>\n#17 0x55912f4f3124 <unknown>\n#18 0x7f9232b92044 <unknown>","time":{"start":1703984968003,"stop":1703984968016,"duration":13}},{"uid":"d5de8abd8d5f46ee","reportUrl":"https://zaelcovsky.github.io/StroyremAutomation/186//#testresult/d5de8abd8d5f46ee","status":"skipped","statusDetails":"XFAIL Сломалось?\n\nselenium.common.exceptions.NoSuchElementException: Message: no such element: Unable to locate element: {\"method\":\"xpath\",\"selector\":\"(//a[@href='#backcall-popup'])[2]\"}\n  (Session info: chrome-headless-shell=120.0.6099.109); For documentation on this error, please visit: https://www.selenium.dev/documentation/webdriver/troubleshooting/errors#no-such-element-exception\nStacktrace:\n#0 0x56544949ff83 <unknown>\n#1 0x565449158cf7 <unknown>\n#2 0x5654491a899e <unknown>\n#3 0x5654491a8aa1 <unknown>\n#4 0x5654491f3d64 <unknown>\n#5 0x5654491d20dd <unknown>\n#6 0x5654491f1006 <unknown>\n#7 0x5654491d1e53 <unknown>\n#8 0x565449199dd4 <unknown>\n#9 0x56544919b1de <unknown>\n#10 0x565449464531 <unknown>\n#11 0x565449468455 <unknown>\n#12 0x565449450f55 <unknown>\n#13 0x5654494690ef <unknown>\n#14 0x56544943499f <unknown>\n#15 0x56544948d008 <unknown>\n#16 0x56544948d1d7 <unknown>\n#17 0x56544949f124 <unknown>\n#18 0x7f943f51c044 <unknown>","time":{"start":1703898199486,"stop":1703898199499,"duration":13}},{"uid":"6078958dc1d8fa52","reportUrl":"https://zaelcovsky.github.io/StroyremAutomation/185//#testresult/6078958dc1d8fa52","status":"skipped","statusDetails":"XFAIL Сломалось?\n\nselenium.common.exceptions.NoSuchElementException: Message: no such element: Unable to locate element: {\"method\":\"xpath\",\"selector\":\"(//a[@href='#backcall-popup'])[2]\"}\n  (Session info: chrome-headless-shell=120.0.6099.109); For documentation on this error, please visit: https://www.selenium.dev/documentation/webdriver/troubleshooting/errors#no-such-element-exception\nStacktrace:\n#0 0x5651741faf83 <unknown>\n#1 0x565173eb3cf7 <unknown>\n#2 0x565173f0399e <unknown>\n#3 0x565173f03aa1 <unknown>\n#4 0x565173f4ed64 <unknown>\n#5 0x565173f2d0dd <unknown>\n#6 0x565173f4c006 <unknown>\n#7 0x565173f2ce53 <unknown>\n#8 0x565173ef4dd4 <unknown>\n#9 0x565173ef61de <unknown>\n#10 0x5651741bf531 <unknown>\n#11 0x5651741c3455 <unknown>\n#12 0x5651741abf55 <unknown>\n#13 0x5651741c40ef <unknown>\n#14 0x56517418f99f <unknown>\n#15 0x5651741e8008 <unknown>\n#16 0x5651741e81d7 <unknown>\n#17 0x5651741fa124 <unknown>\n#18 0x7fed58b1f044 <unknown>","time":{"start":1703811279749,"stop":1703811279761,"duration":12}},{"uid":"1dcb6d3eb34f3435","reportUrl":"https://zaelcovsky.github.io/StroyremAutomation/184//#testresult/1dcb6d3eb34f3435","status":"skipped","statusDetails":"XFAIL Сломалось?\n\nselenium.common.exceptions.NoSuchElementException: Message: no such element: Unable to locate element: {\"method\":\"xpath\",\"selector\":\"(//a[@href='#backcall-popup'])[2]\"}\n  (Session info: chrome-headless-shell=120.0.6099.109); For documentation on this error, please visit: https://www.selenium.dev/documentation/webdriver/troubleshooting/errors#no-such-element-exception\nStacktrace:\n#0 0x555a0c2fff83 <unknown>\n#1 0x555a0bfb8cf7 <unknown>\n#2 0x555a0c00899e <unknown>\n#3 0x555a0c008aa1 <unknown>\n#4 0x555a0c053d64 <unknown>\n#5 0x555a0c0320dd <unknown>\n#6 0x555a0c051006 <unknown>\n#7 0x555a0c031e53 <unknown>\n#8 0x555a0bff9dd4 <unknown>\n#9 0x555a0bffb1de <unknown>\n#10 0x555a0c2c4531 <unknown>\n#11 0x555a0c2c8455 <unknown>\n#12 0x555a0c2b0f55 <unknown>\n#13 0x555a0c2c90ef <unknown>\n#14 0x555a0c29499f <unknown>\n#15 0x555a0c2ed008 <unknown>\n#16 0x555a0c2ed1d7 <unknown>\n#17 0x555a0c2ff124 <unknown>\n#18 0x7fc49d52b044 <unknown>","time":{"start":1703725391556,"stop":1703725391569,"duration":13}},{"uid":"1af1e91deb20ad33","reportUrl":"https://zaelcovsky.github.io/StroyremAutomation/183//#testresult/1af1e91deb20ad33","status":"skipped","statusDetails":"XFAIL Сломалось?\n\nselenium.common.exceptions.NoSuchElementException: Message: no such element: Unable to locate element: {\"method\":\"xpath\",\"selector\":\"(//a[@href='#backcall-popup'])[2]\"}\n  (Session info: chrome-headless-shell=120.0.6099.109); For documentation on this error, please visit: https://www.selenium.dev/documentation/webdriver/troubleshooting/errors#no-such-element-exception\nStacktrace:\n#0 0x55f8781f5f83 <unknown>\n#1 0x55f877eaecf7 <unknown>\n#2 0x55f877efe99e <unknown>\n#3 0x55f877efeaa1 <unknown>\n#4 0x55f877f49d64 <unknown>\n#5 0x55f877f280dd <unknown>\n#6 0x55f877f47006 <unknown>\n#7 0x55f877f27e53 <unknown>\n#8 0x55f877eefdd4 <unknown>\n#9 0x55f877ef11de <unknown>\n#10 0x55f8781ba531 <unknown>\n#11 0x55f8781be455 <unknown>\n#12 0x55f8781a6f55 <unknown>\n#13 0x55f8781bf0ef <unknown>\n#14 0x55f87818a99f <unknown>\n#15 0x55f8781e3008 <unknown>\n#16 0x55f8781e31d7 <unknown>\n#17 0x55f8781f5124 <unknown>\n#18 0x7f74f35c3044 <unknown>","time":{"start":1703639022713,"stop":1703639022725,"duration":12}},{"uid":"62ad204b7cd6a1f2","reportUrl":"https://zaelcovsky.github.io/StroyremAutomation/182//#testresult/62ad204b7cd6a1f2","status":"skipped","statusDetails":"XFAIL Сломалось?\n\nselenium.common.exceptions.NoSuchElementException: Message: no such element: Unable to locate element: {\"method\":\"xpath\",\"selector\":\"(//a[@href='#backcall-popup'])[2]\"}\n  (Session info: chrome-headless-shell=120.0.6099.109); For documentation on this error, please visit: https://www.selenium.dev/documentation/webdriver/troubleshooting/errors#no-such-element-exception\nStacktrace:\n#0 0x562f13bc2f83 <unknown>\n#1 0x562f1387bcf7 <unknown>\n#2 0x562f138cb99e <unknown>\n#3 0x562f138cbaa1 <unknown>\n#4 0x562f13916d64 <unknown>\n#5 0x562f138f50dd <unknown>\n#6 0x562f13914006 <unknown>\n#7 0x562f138f4e53 <unknown>\n#8 0x562f138bcdd4 <unknown>\n#9 0x562f138be1de <unknown>\n#10 0x562f13b87531 <unknown>\n#11 0x562f13b8b455 <unknown>\n#12 0x562f13b73f55 <unknown>\n#13 0x562f13b8c0ef <unknown>\n#14 0x562f13b5799f <unknown>\n#15 0x562f13bb0008 <unknown>\n#16 0x562f13bb01d7 <unknown>\n#17 0x562f13bc2124 <unknown>\n#18 0x7f2cf037a044 <unknown>","time":{"start":1703552578439,"stop":1703552578451,"duration":12}},{"uid":"fc8a59d311b45b41","reportUrl":"https://zaelcovsky.github.io/StroyremAutomation/181//#testresult/fc8a59d311b45b41","status":"skipped","statusDetails":"XFAIL Сломалось?\n\nselenium.common.exceptions.NoSuchElementException: Message: no such element: Unable to locate element: {\"method\":\"xpath\",\"selector\":\"(//a[@href='#backcall-popup'])[2]\"}\n  (Session info: chrome-headless-shell=120.0.6099.109); For documentation on this error, please visit: https://www.selenium.dev/documentation/webdriver/troubleshooting/errors#no-such-element-exception\nStacktrace:\n#0 0x557e31364f83 <unknown>\n#1 0x557e3101dcf7 <unknown>\n#2 0x557e3106d99e <unknown>\n#3 0x557e3106daa1 <unknown>\n#4 0x557e310b8d64 <unknown>\n#5 0x557e310970dd <unknown>\n#6 0x557e310b6006 <unknown>\n#7 0x557e31096e53 <unknown>\n#8 0x557e3105edd4 <unknown>\n#9 0x557e310601de <unknown>\n#10 0x557e31329531 <unknown>\n#11 0x557e3132d455 <unknown>\n#12 0x557e31315f55 <unknown>\n#13 0x557e3132e0ef <unknown>\n#14 0x557e312f999f <unknown>\n#15 0x557e31352008 <unknown>\n#16 0x557e313521d7 <unknown>\n#17 0x557e31364124 <unknown>\n#18 0x7efe6ec98044 <unknown>","time":{"start":1703466347162,"stop":1703466347174,"duration":12}},{"uid":"d4501d8434d46573","reportUrl":"https://zaelcovsky.github.io/StroyremAutomation/180//#testresult/d4501d8434d46573","status":"skipped","statusDetails":"XFAIL Сломалось?\n\nselenium.common.exceptions.NoSuchElementException: Message: no such element: Unable to locate element: {\"method\":\"xpath\",\"selector\":\"(//a[@href='#backcall-popup'])[2]\"}\n  (Session info: chrome-headless-shell=120.0.6099.109); For documentation on this error, please visit: https://www.selenium.dev/documentation/webdriver/troubleshooting/errors#no-such-element-exception\nStacktrace:\n#0 0x555d84466f83 <unknown>\n#1 0x555d8411fcf7 <unknown>\n#2 0x555d8416f99e <unknown>\n#3 0x555d8416faa1 <unknown>\n#4 0x555d841bad64 <unknown>\n#5 0x555d841990dd <unknown>\n#6 0x555d841b8006 <unknown>\n#7 0x555d84198e53 <unknown>\n#8 0x555d84160dd4 <unknown>\n#9 0x555d841621de <unknown>\n#10 0x555d8442b531 <unknown>\n#11 0x555d8442f455 <unknown>\n#12 0x555d84417f55 <unknown>\n#13 0x555d844300ef <unknown>\n#14 0x555d843fb99f <unknown>\n#15 0x555d84454008 <unknown>\n#16 0x555d844541d7 <unknown>\n#17 0x555d84466124 <unknown>\n#18 0x7fe33fb3f044 <unknown>","time":{"start":1703380130583,"stop":1703380130596,"duration":13}},{"uid":"c509dbe7816adadc","reportUrl":"https://zaelcovsky.github.io/StroyremAutomation/179//#testresult/c509dbe7816adadc","status":"skipped","statusDetails":"XFAIL Сломалось?\n\nselenium.common.exceptions.NoSuchElementException: Message: no such element: Unable to locate element: {\"method\":\"xpath\",\"selector\":\"(//a[@href='#backcall-popup'])[2]\"}\n  (Session info: chrome-headless-shell=120.0.6099.109); For documentation on this error, please visit: https://www.selenium.dev/documentation/webdriver/troubleshooting/errors#no-such-element-exception\nStacktrace:\n#0 0x561fde3fff83 <unknown>\n#1 0x561fde0b8cf7 <unknown>\n#2 0x561fde10899e <unknown>\n#3 0x561fde108aa1 <unknown>\n#4 0x561fde153d64 <unknown>\n#5 0x561fde1320dd <unknown>\n#6 0x561fde151006 <unknown>\n#7 0x561fde131e53 <unknown>\n#8 0x561fde0f9dd4 <unknown>\n#9 0x561fde0fb1de <unknown>\n#10 0x561fde3c4531 <unknown>\n#11 0x561fde3c8455 <unknown>\n#12 0x561fde3b0f55 <unknown>\n#13 0x561fde3c90ef <unknown>\n#14 0x561fde39499f <unknown>\n#15 0x561fde3ed008 <unknown>\n#16 0x561fde3ed1d7 <unknown>\n#17 0x561fde3ff124 <unknown>\n#18 0x7ff3ece0c044 <unknown>","time":{"start":1703293349673,"stop":1703293349686,"duration":13}}]},"tags":["@pytest.mark.xfail(reason='Сломалось?')","smoke_test"]},"source":"e327cb77defa1f98.json","parameterValues":["'https://test2.stroyrem-nn.ru/'"]}