{"uid":"c7cea1112dd46021","name":"test_positive_delivery_green_zone_smoke[TD 005-products/shtukaturka-gipsovaya-aksolit-m50-30-kg-mashinnogo-naneseniya-16-500-600-1590-2190-https://sandboxtest.stroyrem-nn.ru/]","fullName":"tests.delivery.test_delivery_calculation.TestDeliveryPageCalculation#test_positive_delivery_green_zone_smoke","historyId":"e6058ae35d5a637089e6a6aa5edf052c","time":{"start":1703985317199,"stop":1703985317667,"duration":468},"status":"broken","statusMessage":"selenium.common.exceptions.NoSuchElementException: Message: no such element: Unable to locate element: {\"method\":\"xpath\",\"selector\":\"(//a[@class='add-to-cart yellow-btn'])[1]\"}\n  (Session info: chrome-headless-shell=120.0.6099.109); For documentation on this error, please visit: https://www.selenium.dev/documentation/webdriver/troubleshooting/errors#no-such-element-exception\nStacktrace:\n#0 0x558a5f173f83 <unknown>\n#1 0x558a5ee2ccf7 <unknown>\n#2 0x558a5ee7c99e <unknown>\n#3 0x558a5ee7caa1 <unknown>\n#4 0x558a5eec7d64 <unknown>\n#5 0x558a5eea60dd <unknown>\n#6 0x558a5eec5006 <unknown>\n#7 0x558a5eea5e53 <unknown>\n#8 0x558a5ee6ddd4 <unknown>\n#9 0x558a5ee6f1de <unknown>\n#10 0x558a5f138531 <unknown>\n#11 0x558a5f13c455 <unknown>\n#12 0x558a5f124f55 <unknown>\n#13 0x558a5f13d0ef <unknown>\n#14 0x558a5f10899f <unknown>\n#15 0x558a5f161008 <unknown>\n#16 0x558a5f1611d7 <unknown>\n#17 0x558a5f173124 <unknown>\n#18 0x7ff3d3ba6044 <unknown>","statusTrace":"self = <tests.delivery.test_delivery_calculation.TestDeliveryPageCalculation object at 0x7fa0f90c6390>\ndriver = <selenium.webdriver.chrome.webdriver.WebDriver (session=\"d6b3f74dc18696bcaf1cec8a461a5ea3\")>\nurl = 'https://sandboxtest.stroyrem-nn.ru/', case_id = 'TD 005'\nlink_item = 'products/shtukaturka-gipsovaya-aksolit-m50-30-kg-mashinnogo-naneseniya'\namount = 16, weight = 500, standard = 600, in_time = 1590, all_time = 2190\n\n    @pytest.mark.parametrize('case_id, link_item, amount, weight, standard, in_time, all_time', [\n        (\"TD 001\", uroven_3000, 1, 30, 0, 1590, 2190),\n        (\"TD 002\", bundeks_25, 1, 30, 400, 1590, 2190),\n        (\"TD 003\", aksolit_30, 8, 300, 400, 1590, 2190),\n        (\"TD 004\", aksolit_30, 13, 400, 450, 1590, 2190),\n        (\"TD 005\", aksolit_30, 16, 500, 600, 1590, 2190),\n        (\"TD 006\", aksolit_30, 25, 1700, 990, 1990, 2480),\n        (\"TD 007\", aksolit_30, 66, 2000, 1300, 2490, 2980),\n        (\"TD 008\", aksolit_30, 149, 4500, 2300, 3980, 4490),\n        (\"TD 009\", aksolit_30, 166, 5000, 2500, 4990, 5480),\n        pytest.param(\n            \"TD 010\", aksolit_30, 206, 6200, 2900, 5570, 6120,\n            marks=pytest.mark.xfail(reson=\"Цена доставки 3600 7960 8980\")\n        ),\n        (\"TD 011\", aksolit_30, 299, 9000, 3600, 7960, 8980),\n        (\"TD 012\", aksolit_30, 333, 10000, 4450, 11990, 12500),\n        pytest.param(\n            \"TD 013\", aksolit_30, 366, 11000, 4800, 12450, 13480,\n            marks=pytest.mark.xfail(reason=\"Цена стандартной доставки 4450\")\n        ),\n        pytest.param(\n            \"TD 014\", aksolit_30, 666, 20000, 5400, 15600, 17490,\n            marks=pytest.mark.xfail(reason=\"Цена стандартной доставки 4450\")\n        )\n    ])\n    @pytest.mark.smoke\n    def test_positive_delivery_green_zone_smoke(\n            self, driver, url, case_id, link_item, amount, weight, standard, in_time, all_time\n    ):\n    \n        driver.get(f'{url}{link_item}')\n        item_page = ItemPage(driver)\n>       item_page.add_item_to_cart(amount).click_on_cart()\n\ntests/delivery/test_delivery_calculation.py:49: \n_ _ _ _ _ _ _ _ _ _ _ _ _ _ _ _ _ _ _ _ _ _ _ _ _ _ _ _ _ _ _ _ _ _ _ _ _ _ _ _ \npages/item_page.py:40: in add_item_to_cart\n    self.find_element(self._add_item).click()\nbase/seleniumbase.py:17: in find_element\n    return self.driver.find_element(*locator)\n/usr/local/lib/python3.11/site-packages/selenium/webdriver/remote/webdriver.py:740: in find_element\n    return self.execute(Command.FIND_ELEMENT, {\"using\": by, \"value\": value})[\"value\"]\n/usr/local/lib/python3.11/site-packages/selenium/webdriver/remote/webdriver.py:346: in execute\n    self.error_handler.check_response(response)\n_ _ _ _ _ _ _ _ _ _ _ _ _ _ _ _ _ _ _ _ _ _ _ _ _ _ _ _ _ _ _ _ _ _ _ _ _ _ _ _ \n\nself = <selenium.webdriver.remote.errorhandler.ErrorHandler object at 0x7fa0f913d510>\nresponse = {'status': 404, 'value': '{\"value\":{\"error\":\"no such element\",\"message\":\"no such element: Unable to locate element: {\\...\\\\n#16 0x558a5f1611d7 \\\\u003Cunknown>\\\\n#17 0x558a5f173124 \\\\u003Cunknown>\\\\n#18 0x7ff3d3ba6044 \\\\u003Cunknown>\\\\n\"}}'}\n\n    def check_response(self, response: Dict[str, Any]) -> None:\n        \"\"\"Checks that a JSON response from the WebDriver does not have an\n        error.\n    \n        :Args:\n         - response - The JSON response from the WebDriver server as a dictionary\n           object.\n    \n        :Raises: If the response contains an error message.\n        \"\"\"\n        status = response.get(\"status\", None)\n        if not status or status == ErrorCode.SUCCESS:\n            return\n        value = None\n        message = response.get(\"message\", \"\")\n        screen: str = response.get(\"screen\", \"\")\n        stacktrace = None\n        if isinstance(status, int):\n            value_json = response.get(\"value\", None)\n            if value_json and isinstance(value_json, str):\n                import json\n    \n                try:\n                    value = json.loads(value_json)\n                    if len(value) == 1:\n                        value = value[\"value\"]\n                    status = value.get(\"error\", None)\n                    if not status:\n                        status = value.get(\"status\", ErrorCode.UNKNOWN_ERROR)\n                        message = value.get(\"value\") or value.get(\"message\")\n                        if not isinstance(message, str):\n                            value = message\n                            message = message.get(\"message\")\n                    else:\n                        message = value.get(\"message\", None)\n                except ValueError:\n                    pass\n    \n        exception_class: Type[WebDriverException]\n        if status in ErrorCode.NO_SUCH_ELEMENT:\n            exception_class = NoSuchElementException\n        elif status in ErrorCode.NO_SUCH_FRAME:\n            exception_class = NoSuchFrameException\n        elif status in ErrorCode.NO_SUCH_SHADOW_ROOT:\n            exception_class = NoSuchShadowRootException\n        elif status in ErrorCode.NO_SUCH_WINDOW:\n            exception_class = NoSuchWindowException\n        elif status in ErrorCode.STALE_ELEMENT_REFERENCE:\n            exception_class = StaleElementReferenceException\n        elif status in ErrorCode.ELEMENT_NOT_VISIBLE:\n            exception_class = ElementNotVisibleException\n        elif status in ErrorCode.INVALID_ELEMENT_STATE:\n            exception_class = InvalidElementStateException\n        elif (\n            status in ErrorCode.INVALID_SELECTOR\n            or status in ErrorCode.INVALID_XPATH_SELECTOR\n            or status in ErrorCode.INVALID_XPATH_SELECTOR_RETURN_TYPER\n        ):\n            exception_class = InvalidSelectorException\n        elif status in ErrorCode.ELEMENT_IS_NOT_SELECTABLE:\n            exception_class = ElementNotSelectableException\n        elif status in ErrorCode.ELEMENT_NOT_INTERACTABLE:\n            exception_class = ElementNotInteractableException\n        elif status in ErrorCode.INVALID_COOKIE_DOMAIN:\n            exception_class = InvalidCookieDomainException\n        elif status in ErrorCode.UNABLE_TO_SET_COOKIE:\n            exception_class = UnableToSetCookieException\n        elif status in ErrorCode.TIMEOUT:\n            exception_class = TimeoutException\n        elif status in ErrorCode.SCRIPT_TIMEOUT:\n            exception_class = TimeoutException\n        elif status in ErrorCode.UNKNOWN_ERROR:\n            exception_class = WebDriverException\n        elif status in ErrorCode.UNEXPECTED_ALERT_OPEN:\n            exception_class = UnexpectedAlertPresentException\n        elif status in ErrorCode.NO_ALERT_OPEN:\n            exception_class = NoAlertPresentException\n        elif status in ErrorCode.IME_NOT_AVAILABLE:\n            exception_class = ImeNotAvailableException\n        elif status in ErrorCode.IME_ENGINE_ACTIVATION_FAILED:\n            exception_class = ImeActivationFailedException\n        elif status in ErrorCode.MOVE_TARGET_OUT_OF_BOUNDS:\n            exception_class = MoveTargetOutOfBoundsException\n        elif status in ErrorCode.JAVASCRIPT_ERROR:\n            exception_class = JavascriptException\n        elif status in ErrorCode.SESSION_NOT_CREATED:\n            exception_class = SessionNotCreatedException\n        elif status in ErrorCode.INVALID_ARGUMENT:\n            exception_class = InvalidArgumentException\n        elif status in ErrorCode.NO_SUCH_COOKIE:\n            exception_class = NoSuchCookieException\n        elif status in ErrorCode.UNABLE_TO_CAPTURE_SCREEN:\n            exception_class = ScreenshotException\n        elif status in ErrorCode.ELEMENT_CLICK_INTERCEPTED:\n            exception_class = ElementClickInterceptedException\n        elif status in ErrorCode.INSECURE_CERTIFICATE:\n            exception_class = InsecureCertificateException\n        elif status in ErrorCode.INVALID_COORDINATES:\n            exception_class = InvalidCoordinatesException\n        elif status in ErrorCode.INVALID_SESSION_ID:\n            exception_class = InvalidSessionIdException\n        elif status in ErrorCode.UNKNOWN_METHOD:\n            exception_class = UnknownMethodException\n        else:\n            exception_class = WebDriverException\n        if not value:\n            value = response[\"value\"]\n        if isinstance(value, str):\n            raise exception_class(value)\n        if message == \"\" and \"message\" in value:\n            message = value[\"message\"]\n    \n        screen = None  # type: ignore[assignment]\n        if \"screen\" in value:\n            screen = value[\"screen\"]\n    \n        stacktrace = None\n        st_value = value.get(\"stackTrace\") or value.get(\"stacktrace\")\n        if st_value:\n            if isinstance(st_value, str):\n                stacktrace = st_value.split(\"\\n\")\n            else:\n                stacktrace = []\n                try:\n                    for frame in st_value:\n                        line = frame.get(\"lineNumber\", \"\")\n                        file = frame.get(\"fileName\", \"<anonymous>\")\n                        if line:\n                            file = f\"{file}:{line}\"\n                        meth = frame.get(\"methodName\", \"<anonymous>\")\n                        if \"className\" in frame:\n                            meth = f\"{frame['className']}.{meth}\"\n                        msg = \"    at %s (%s)\"\n                        msg = msg % (meth, file)\n                        stacktrace.append(msg)\n                except TypeError:\n                    pass\n        if exception_class == UnexpectedAlertPresentException:\n            alert_text = None\n            if \"data\" in value:\n                alert_text = value[\"data\"].get(\"text\")\n            elif \"alert\" in value:\n                alert_text = value[\"alert\"].get(\"text\")\n            raise exception_class(message, screen, stacktrace, alert_text)  # type: ignore[call-arg]  # mypy is not smart enough here\n>       raise exception_class(message, screen, stacktrace)\nE       selenium.common.exceptions.NoSuchElementException: Message: no such element: Unable to locate element: {\"method\":\"xpath\",\"selector\":\"(//a[@class='add-to-cart yellow-btn'])[1]\"}\nE         (Session info: chrome-headless-shell=120.0.6099.109); For documentation on this error, please visit: https://www.selenium.dev/documentation/webdriver/troubleshooting/errors#no-such-element-exception\nE       Stacktrace:\nE       #0 0x558a5f173f83 <unknown>\nE       #1 0x558a5ee2ccf7 <unknown>\nE       #2 0x558a5ee7c99e <unknown>\nE       #3 0x558a5ee7caa1 <unknown>\nE       #4 0x558a5eec7d64 <unknown>\nE       #5 0x558a5eea60dd <unknown>\nE       #6 0x558a5eec5006 <unknown>\nE       #7 0x558a5eea5e53 <unknown>\nE       #8 0x558a5ee6ddd4 <unknown>\nE       #9 0x558a5ee6f1de <unknown>\nE       #10 0x558a5f138531 <unknown>\nE       #11 0x558a5f13c455 <unknown>\nE       #12 0x558a5f124f55 <unknown>\nE       #13 0x558a5f13d0ef <unknown>\nE       #14 0x558a5f10899f <unknown>\nE       #15 0x558a5f161008 <unknown>\nE       #16 0x558a5f1611d7 <unknown>\nE       #17 0x558a5f173124 <unknown>\nE       #18 0x7ff3d3ba6044 <unknown>\n\n/usr/local/lib/python3.11/site-packages/selenium/webdriver/remote/errorhandler.py:245: NoSuchElementException","flaky":false,"newFailed":false,"newBroken":false,"newPassed":false,"retriesCount":0,"retriesStatusChange":false,"beforeStages":[{"name":"_session_faker","time":{"start":1703984872555,"stop":1703984872623,"duration":68},"status":"passed","steps":[],"attachments":[],"parameters":[],"shouldDisplayMessage":false,"stepsCount":0,"attachmentsCount":0,"hasContent":false,"attachmentStep":false},{"name":"clear_allure_results_folder","time":{"start":1703984872623,"stop":1703984872623,"duration":0},"status":"passed","steps":[],"attachments":[],"parameters":[],"shouldDisplayMessage":false,"stepsCount":0,"attachmentsCount":0,"hasContent":false,"attachmentStep":false},{"name":"driver","time":{"start":1703985316464,"stop":1703985317198,"duration":734},"status":"passed","steps":[],"attachments":[],"parameters":[],"shouldDisplayMessage":false,"stepsCount":0,"attachmentsCount":0,"hasContent":false,"attachmentStep":false},{"name":"setup","time":{"start":1703985317198,"stop":1703985317198,"duration":0},"status":"passed","steps":[],"attachments":[],"parameters":[],"shouldDisplayMessage":false,"stepsCount":0,"attachmentsCount":0,"hasContent":false,"attachmentStep":false}],"testStage":{"status":"broken","statusMessage":"selenium.common.exceptions.NoSuchElementException: Message: no such element: Unable to locate element: {\"method\":\"xpath\",\"selector\":\"(//a[@class='add-to-cart yellow-btn'])[1]\"}\n  (Session info: chrome-headless-shell=120.0.6099.109); For documentation on this error, please visit: https://www.selenium.dev/documentation/webdriver/troubleshooting/errors#no-such-element-exception\nStacktrace:\n#0 0x558a5f173f83 <unknown>\n#1 0x558a5ee2ccf7 <unknown>\n#2 0x558a5ee7c99e <unknown>\n#3 0x558a5ee7caa1 <unknown>\n#4 0x558a5eec7d64 <unknown>\n#5 0x558a5eea60dd <unknown>\n#6 0x558a5eec5006 <unknown>\n#7 0x558a5eea5e53 <unknown>\n#8 0x558a5ee6ddd4 <unknown>\n#9 0x558a5ee6f1de <unknown>\n#10 0x558a5f138531 <unknown>\n#11 0x558a5f13c455 <unknown>\n#12 0x558a5f124f55 <unknown>\n#13 0x558a5f13d0ef <unknown>\n#14 0x558a5f10899f <unknown>\n#15 0x558a5f161008 <unknown>\n#16 0x558a5f1611d7 <unknown>\n#17 0x558a5f173124 <unknown>\n#18 0x7ff3d3ba6044 <unknown>","statusTrace":"self = <tests.delivery.test_delivery_calculation.TestDeliveryPageCalculation object at 0x7fa0f90c6390>\ndriver = <selenium.webdriver.chrome.webdriver.WebDriver (session=\"d6b3f74dc18696bcaf1cec8a461a5ea3\")>\nurl = 'https://sandboxtest.stroyrem-nn.ru/', case_id = 'TD 005'\nlink_item = 'products/shtukaturka-gipsovaya-aksolit-m50-30-kg-mashinnogo-naneseniya'\namount = 16, weight = 500, standard = 600, in_time = 1590, all_time = 2190\n\n    @pytest.mark.parametrize('case_id, link_item, amount, weight, standard, in_time, all_time', [\n        (\"TD 001\", uroven_3000, 1, 30, 0, 1590, 2190),\n        (\"TD 002\", bundeks_25, 1, 30, 400, 1590, 2190),\n        (\"TD 003\", aksolit_30, 8, 300, 400, 1590, 2190),\n        (\"TD 004\", aksolit_30, 13, 400, 450, 1590, 2190),\n        (\"TD 005\", aksolit_30, 16, 500, 600, 1590, 2190),\n        (\"TD 006\", aksolit_30, 25, 1700, 990, 1990, 2480),\n        (\"TD 007\", aksolit_30, 66, 2000, 1300, 2490, 2980),\n        (\"TD 008\", aksolit_30, 149, 4500, 2300, 3980, 4490),\n        (\"TD 009\", aksolit_30, 166, 5000, 2500, 4990, 5480),\n        pytest.param(\n            \"TD 010\", aksolit_30, 206, 6200, 2900, 5570, 6120,\n            marks=pytest.mark.xfail(reson=\"Цена доставки 3600 7960 8980\")\n        ),\n        (\"TD 011\", aksolit_30, 299, 9000, 3600, 7960, 8980),\n        (\"TD 012\", aksolit_30, 333, 10000, 4450, 11990, 12500),\n        pytest.param(\n            \"TD 013\", aksolit_30, 366, 11000, 4800, 12450, 13480,\n            marks=pytest.mark.xfail(reason=\"Цена стандартной доставки 4450\")\n        ),\n        pytest.param(\n            \"TD 014\", aksolit_30, 666, 20000, 5400, 15600, 17490,\n            marks=pytest.mark.xfail(reason=\"Цена стандартной доставки 4450\")\n        )\n    ])\n    @pytest.mark.smoke\n    def test_positive_delivery_green_zone_smoke(\n            self, driver, url, case_id, link_item, amount, weight, standard, in_time, all_time\n    ):\n    \n        driver.get(f'{url}{link_item}')\n        item_page = ItemPage(driver)\n>       item_page.add_item_to_cart(amount).click_on_cart()\n\ntests/delivery/test_delivery_calculation.py:49: \n_ _ _ _ _ _ _ _ _ _ _ _ _ _ _ _ _ _ _ _ _ _ _ _ _ _ _ _ _ _ _ _ _ _ _ _ _ _ _ _ \npages/item_page.py:40: in add_item_to_cart\n    self.find_element(self._add_item).click()\nbase/seleniumbase.py:17: in find_element\n    return self.driver.find_element(*locator)\n/usr/local/lib/python3.11/site-packages/selenium/webdriver/remote/webdriver.py:740: in find_element\n    return self.execute(Command.FIND_ELEMENT, {\"using\": by, \"value\": value})[\"value\"]\n/usr/local/lib/python3.11/site-packages/selenium/webdriver/remote/webdriver.py:346: in execute\n    self.error_handler.check_response(response)\n_ _ _ _ _ _ _ _ _ _ _ _ _ _ _ _ _ _ _ _ _ _ _ _ _ _ _ _ _ _ _ _ _ _ _ _ _ _ _ _ \n\nself = <selenium.webdriver.remote.errorhandler.ErrorHandler object at 0x7fa0f913d510>\nresponse = {'status': 404, 'value': '{\"value\":{\"error\":\"no such element\",\"message\":\"no such element: Unable to locate element: {\\...\\\\n#16 0x558a5f1611d7 \\\\u003Cunknown>\\\\n#17 0x558a5f173124 \\\\u003Cunknown>\\\\n#18 0x7ff3d3ba6044 \\\\u003Cunknown>\\\\n\"}}'}\n\n    def check_response(self, response: Dict[str, Any]) -> None:\n        \"\"\"Checks that a JSON response from the WebDriver does not have an\n        error.\n    \n        :Args:\n         - response - The JSON response from the WebDriver server as a dictionary\n           object.\n    \n        :Raises: If the response contains an error message.\n        \"\"\"\n        status = response.get(\"status\", None)\n        if not status or status == ErrorCode.SUCCESS:\n            return\n        value = None\n        message = response.get(\"message\", \"\")\n        screen: str = response.get(\"screen\", \"\")\n        stacktrace = None\n        if isinstance(status, int):\n            value_json = response.get(\"value\", None)\n            if value_json and isinstance(value_json, str):\n                import json\n    \n                try:\n                    value = json.loads(value_json)\n                    if len(value) == 1:\n                        value = value[\"value\"]\n                    status = value.get(\"error\", None)\n                    if not status:\n                        status = value.get(\"status\", ErrorCode.UNKNOWN_ERROR)\n                        message = value.get(\"value\") or value.get(\"message\")\n                        if not isinstance(message, str):\n                            value = message\n                            message = message.get(\"message\")\n                    else:\n                        message = value.get(\"message\", None)\n                except ValueError:\n                    pass\n    \n        exception_class: Type[WebDriverException]\n        if status in ErrorCode.NO_SUCH_ELEMENT:\n            exception_class = NoSuchElementException\n        elif status in ErrorCode.NO_SUCH_FRAME:\n            exception_class = NoSuchFrameException\n        elif status in ErrorCode.NO_SUCH_SHADOW_ROOT:\n            exception_class = NoSuchShadowRootException\n        elif status in ErrorCode.NO_SUCH_WINDOW:\n            exception_class = NoSuchWindowException\n        elif status in ErrorCode.STALE_ELEMENT_REFERENCE:\n            exception_class = StaleElementReferenceException\n        elif status in ErrorCode.ELEMENT_NOT_VISIBLE:\n            exception_class = ElementNotVisibleException\n        elif status in ErrorCode.INVALID_ELEMENT_STATE:\n            exception_class = InvalidElementStateException\n        elif (\n            status in ErrorCode.INVALID_SELECTOR\n            or status in ErrorCode.INVALID_XPATH_SELECTOR\n            or status in ErrorCode.INVALID_XPATH_SELECTOR_RETURN_TYPER\n        ):\n            exception_class = InvalidSelectorException\n        elif status in ErrorCode.ELEMENT_IS_NOT_SELECTABLE:\n            exception_class = ElementNotSelectableException\n        elif status in ErrorCode.ELEMENT_NOT_INTERACTABLE:\n            exception_class = ElementNotInteractableException\n        elif status in ErrorCode.INVALID_COOKIE_DOMAIN:\n            exception_class = InvalidCookieDomainException\n        elif status in ErrorCode.UNABLE_TO_SET_COOKIE:\n            exception_class = UnableToSetCookieException\n        elif status in ErrorCode.TIMEOUT:\n            exception_class = TimeoutException\n        elif status in ErrorCode.SCRIPT_TIMEOUT:\n            exception_class = TimeoutException\n        elif status in ErrorCode.UNKNOWN_ERROR:\n            exception_class = WebDriverException\n        elif status in ErrorCode.UNEXPECTED_ALERT_OPEN:\n            exception_class = UnexpectedAlertPresentException\n        elif status in ErrorCode.NO_ALERT_OPEN:\n            exception_class = NoAlertPresentException\n        elif status in ErrorCode.IME_NOT_AVAILABLE:\n            exception_class = ImeNotAvailableException\n        elif status in ErrorCode.IME_ENGINE_ACTIVATION_FAILED:\n            exception_class = ImeActivationFailedException\n        elif status in ErrorCode.MOVE_TARGET_OUT_OF_BOUNDS:\n            exception_class = MoveTargetOutOfBoundsException\n        elif status in ErrorCode.JAVASCRIPT_ERROR:\n            exception_class = JavascriptException\n        elif status in ErrorCode.SESSION_NOT_CREATED:\n            exception_class = SessionNotCreatedException\n        elif status in ErrorCode.INVALID_ARGUMENT:\n            exception_class = InvalidArgumentException\n        elif status in ErrorCode.NO_SUCH_COOKIE:\n            exception_class = NoSuchCookieException\n        elif status in ErrorCode.UNABLE_TO_CAPTURE_SCREEN:\n            exception_class = ScreenshotException\n        elif status in ErrorCode.ELEMENT_CLICK_INTERCEPTED:\n            exception_class = ElementClickInterceptedException\n        elif status in ErrorCode.INSECURE_CERTIFICATE:\n            exception_class = InsecureCertificateException\n        elif status in ErrorCode.INVALID_COORDINATES:\n            exception_class = InvalidCoordinatesException\n        elif status in ErrorCode.INVALID_SESSION_ID:\n            exception_class = InvalidSessionIdException\n        elif status in ErrorCode.UNKNOWN_METHOD:\n            exception_class = UnknownMethodException\n        else:\n            exception_class = WebDriverException\n        if not value:\n            value = response[\"value\"]\n        if isinstance(value, str):\n            raise exception_class(value)\n        if message == \"\" and \"message\" in value:\n            message = value[\"message\"]\n    \n        screen = None  # type: ignore[assignment]\n        if \"screen\" in value:\n            screen = value[\"screen\"]\n    \n        stacktrace = None\n        st_value = value.get(\"stackTrace\") or value.get(\"stacktrace\")\n        if st_value:\n            if isinstance(st_value, str):\n                stacktrace = st_value.split(\"\\n\")\n            else:\n                stacktrace = []\n                try:\n                    for frame in st_value:\n                        line = frame.get(\"lineNumber\", \"\")\n                        file = frame.get(\"fileName\", \"<anonymous>\")\n                        if line:\n                            file = f\"{file}:{line}\"\n                        meth = frame.get(\"methodName\", \"<anonymous>\")\n                        if \"className\" in frame:\n                            meth = f\"{frame['className']}.{meth}\"\n                        msg = \"    at %s (%s)\"\n                        msg = msg % (meth, file)\n                        stacktrace.append(msg)\n                except TypeError:\n                    pass\n        if exception_class == UnexpectedAlertPresentException:\n            alert_text = None\n            if \"data\" in value:\n                alert_text = value[\"data\"].get(\"text\")\n            elif \"alert\" in value:\n                alert_text = value[\"alert\"].get(\"text\")\n            raise exception_class(message, screen, stacktrace, alert_text)  # type: ignore[call-arg]  # mypy is not smart enough here\n>       raise exception_class(message, screen, stacktrace)\nE       selenium.common.exceptions.NoSuchElementException: Message: no such element: Unable to locate element: {\"method\":\"xpath\",\"selector\":\"(//a[@class='add-to-cart yellow-btn'])[1]\"}\nE         (Session info: chrome-headless-shell=120.0.6099.109); For documentation on this error, please visit: https://www.selenium.dev/documentation/webdriver/troubleshooting/errors#no-such-element-exception\nE       Stacktrace:\nE       #0 0x558a5f173f83 <unknown>\nE       #1 0x558a5ee2ccf7 <unknown>\nE       #2 0x558a5ee7c99e <unknown>\nE       #3 0x558a5ee7caa1 <unknown>\nE       #4 0x558a5eec7d64 <unknown>\nE       #5 0x558a5eea60dd <unknown>\nE       #6 0x558a5eec5006 <unknown>\nE       #7 0x558a5eea5e53 <unknown>\nE       #8 0x558a5ee6ddd4 <unknown>\nE       #9 0x558a5ee6f1de <unknown>\nE       #10 0x558a5f138531 <unknown>\nE       #11 0x558a5f13c455 <unknown>\nE       #12 0x558a5f124f55 <unknown>\nE       #13 0x558a5f13d0ef <unknown>\nE       #14 0x558a5f10899f <unknown>\nE       #15 0x558a5f161008 <unknown>\nE       #16 0x558a5f1611d7 <unknown>\nE       #17 0x558a5f173124 <unknown>\nE       #18 0x7ff3d3ba6044 <unknown>\n\n/usr/local/lib/python3.11/site-packages/selenium/webdriver/remote/errorhandler.py:245: NoSuchElementException","steps":[{"name":"Добавляем товар в корзину в количестве 16","time":{"start":1703985317654,"stop":1703985317666,"duration":12},"status":"broken","statusMessage":"selenium.common.exceptions.NoSuchElementException: Message: no such element: Unable to locate element: {\"method\":\"xpath\",\"selector\":\"(//a[@class='add-to-cart yellow-btn'])[1]\"}\n  (Session info: chrome-headless-shell=120.0.6099.109); For documentation on this error, please visit: https://www.selenium.dev/documentation/webdriver/troubleshooting/errors#no-such-element-exception\nStacktrace:\n#0 0x558a5f173f83 <unknown>\n#1 0x558a5ee2ccf7 <unknown>\n#2 0x558a5ee7c99e <unknown>\n#3 0x558a5ee7caa1 <unknown>\n#4 0x558a5eec7d64 <unknown>\n#5 0x558a5eea60dd <unknown>\n#6 0x558a5eec5006 <unknown>\n#7 0x558a5eea5e53 <unknown>\n#8 0x558a5ee6ddd4 <unknown>\n#9 0x558a5ee6f1de <unknown>\n#10 0x558a5f138531 <unknown>\n#11 0x558a5f13c455 <unknown>\n#12 0x558a5f124f55 <unknown>\n#13 0x558a5f13d0ef <unknown>\n#14 0x558a5f10899f <unknown>\n#15 0x558a5f161008 <unknown>\n#16 0x558a5f1611d7 <unknown>\n#17 0x558a5f173124 <unknown>\n#18 0x7ff3d3ba6044 <unknown>\n\n","statusTrace":"  File \"/usr/local/lib/python3.11/site-packages/allure_commons/_allure.py\", line 192, in impl\n    return func(*a, **kw)\n           ^^^^^^^^^^^^^^\n  File \"/app/pages/item_page.py\", line 40, in add_item_to_cart\n    self.find_element(self._add_item).click()\n    ^^^^^^^^^^^^^^^^^^^^^^^^^^^^^^^^^\n  File \"/app/base/seleniumbase.py\", line 17, in find_element\n    return self.driver.find_element(*locator)\n           ^^^^^^^^^^^^^^^^^^^^^^^^^^^^^^^^^^\n  File \"/usr/local/lib/python3.11/site-packages/selenium/webdriver/remote/webdriver.py\", line 740, in find_element\n    return self.execute(Command.FIND_ELEMENT, {\"using\": by, \"value\": value})[\"value\"]\n           ^^^^^^^^^^^^^^^^^^^^^^^^^^^^^^^^^^^^^^^^^^^^^^^^^^^^^^^^^^^^^^^^^\n  File \"/usr/local/lib/python3.11/site-packages/selenium/webdriver/remote/webdriver.py\", line 346, in execute\n    self.error_handler.check_response(response)\n  File \"/usr/local/lib/python3.11/site-packages/selenium/webdriver/remote/errorhandler.py\", line 245, in check_response\n    raise exception_class(message, screen, stacktrace)\n","steps":[],"attachments":[],"parameters":[{"name":"amount","value":"16"}],"shouldDisplayMessage":true,"stepsCount":0,"attachmentsCount":0,"hasContent":true,"attachmentStep":false}],"attachments":[{"uid":"348864b7058278bc","name":"Screenshot","source":"348864b7058278bc.png","type":"image/png","size":5862},{"uid":"5421ddd68f2ba24d","name":"HTML source","source":"5421ddd68f2ba24d.html","type":"text/html","size":39}],"parameters":[],"shouldDisplayMessage":true,"stepsCount":1,"attachmentsCount":2,"hasContent":true,"attachmentStep":false},"afterStages":[{"name":"driver::0","time":{"start":1703985317787,"stop":1703985317844,"duration":57},"status":"passed","steps":[],"attachments":[],"parameters":[],"shouldDisplayMessage":false,"stepsCount":0,"attachmentsCount":0,"hasContent":false,"attachmentStep":false},{"name":"setup::0","time":{"start":1703985317787,"stop":1703985317787,"duration":0},"status":"passed","steps":[],"attachments":[],"parameters":[],"shouldDisplayMessage":false,"stepsCount":0,"attachmentsCount":0,"hasContent":false,"attachmentStep":false}],"labels":[{"name":"epic","value":"Delivery Page - calculation"},{"name":"tag","value":"smoke"},{"name":"parentSuite","value":"tests.delivery"},{"name":"suite","value":"test_delivery_calculation"},{"name":"subSuite","value":"TestDeliveryPageCalculation"},{"name":"host","value":"d62bfc194f69"},{"name":"thread","value":"1-MainThread"},{"name":"framework","value":"pytest"},{"name":"language","value":"cpython3"},{"name":"package","value":"tests.delivery.test_delivery_calculation"},{"name":"resultFormat","value":"allure2"}],"parameters":[{"name":"all_time","value":"2190"},{"name":"amount","value":"16"},{"name":"case_id","value":"'TD 005'"},{"name":"in_time","value":"1590"},{"name":"link_item","value":"'products/shtukaturka-gipsovaya-aksolit-m50-30-kg-mashinnogo-naneseniya'"},{"name":"standard","value":"600"},{"name":"url","value":"'https://sandboxtest.stroyrem-nn.ru/'"},{"name":"weight","value":"500"}],"links":[],"hidden":false,"retry":false,"extra":{"severity":"normal","retries":[],"categories":[{"name":"Test defects","matchedStatuses":[],"flaky":false}],"history":{"statistic":{"failed":0,"broken":123,"skipped":0,"passed":0,"unknown":0,"total":123},"items":[{"uid":"6de082fa103ef370","reportUrl":"https://zaelcovsky.github.io/StroyremAutomation/186//#testresult/6de082fa103ef370","status":"broken","statusDetails":"selenium.common.exceptions.NoSuchElementException: Message: no such element: Unable to locate element: {\"method\":\"xpath\",\"selector\":\"(//a[@class='add-to-cart yellow-btn'])[1]\"}\n  (Session info: chrome-headless-shell=120.0.6099.109); For documentation on this error, please visit: https://www.selenium.dev/documentation/webdriver/troubleshooting/errors#no-such-element-exception\nStacktrace:\n#0 0x55e320fd8f83 <unknown>\n#1 0x55e320c91cf7 <unknown>\n#2 0x55e320ce199e <unknown>\n#3 0x55e320ce1aa1 <unknown>\n#4 0x55e320d2cd64 <unknown>\n#5 0x55e320d0b0dd <unknown>\n#6 0x55e320d2a006 <unknown>\n#7 0x55e320d0ae53 <unknown>\n#8 0x55e320cd2dd4 <unknown>\n#9 0x55e320cd41de <unknown>\n#10 0x55e320f9d531 <unknown>\n#11 0x55e320fa1455 <unknown>\n#12 0x55e320f89f55 <unknown>\n#13 0x55e320fa20ef <unknown>\n#14 0x55e320f6d99f <unknown>\n#15 0x55e320fc6008 <unknown>\n#16 0x55e320fc61d7 <unknown>\n#17 0x55e320fd8124 <unknown>\n#18 0x7f7bebebb044 <unknown>","time":{"start":1703898589380,"stop":1703898590016,"duration":636}},{"uid":"a7ddc95288f15b7d","reportUrl":"https://zaelcovsky.github.io/StroyremAutomation/185//#testresult/a7ddc95288f15b7d","status":"broken","statusDetails":"selenium.common.exceptions.NoSuchElementException: Message: no such element: Unable to locate element: {\"method\":\"xpath\",\"selector\":\"(//a[@class='add-to-cart yellow-btn'])[1]\"}\n  (Session info: chrome-headless-shell=120.0.6099.109); For documentation on this error, please visit: https://www.selenium.dev/documentation/webdriver/troubleshooting/errors#no-such-element-exception\nStacktrace:\n#0 0x55af9be1af83 <unknown>\n#1 0x55af9bad3cf7 <unknown>\n#2 0x55af9bb2399e <unknown>\n#3 0x55af9bb23aa1 <unknown>\n#4 0x55af9bb6ed64 <unknown>\n#5 0x55af9bb4d0dd <unknown>\n#6 0x55af9bb6c006 <unknown>\n#7 0x55af9bb4ce53 <unknown>\n#8 0x55af9bb14dd4 <unknown>\n#9 0x55af9bb161de <unknown>\n#10 0x55af9bddf531 <unknown>\n#11 0x55af9bde3455 <unknown>\n#12 0x55af9bdcbf55 <unknown>\n#13 0x55af9bde40ef <unknown>\n#14 0x55af9bdaf99f <unknown>\n#15 0x55af9be08008 <unknown>\n#16 0x55af9be081d7 <unknown>\n#17 0x55af9be1a124 <unknown>\n#18 0x7fbec9ee4044 <unknown>","time":{"start":1703811607192,"stop":1703811607657,"duration":465}},{"uid":"eb70ab76e031dd38","reportUrl":"https://zaelcovsky.github.io/StroyremAutomation/184//#testresult/eb70ab76e031dd38","status":"broken","statusDetails":"selenium.common.exceptions.NoSuchElementException: Message: no such element: Unable to locate element: {\"method\":\"xpath\",\"selector\":\"(//a[@class='add-to-cart yellow-btn'])[1]\"}\n  (Session info: chrome-headless-shell=120.0.6099.109); For documentation on this error, please visit: https://www.selenium.dev/documentation/webdriver/troubleshooting/errors#no-such-element-exception\nStacktrace:\n#0 0x5645280f4f83 <unknown>\n#1 0x564527dadcf7 <unknown>\n#2 0x564527dfd99e <unknown>\n#3 0x564527dfdaa1 <unknown>\n#4 0x564527e48d64 <unknown>\n#5 0x564527e270dd <unknown>\n#6 0x564527e46006 <unknown>\n#7 0x564527e26e53 <unknown>\n#8 0x564527deedd4 <unknown>\n#9 0x564527df01de <unknown>\n#10 0x5645280b9531 <unknown>\n#11 0x5645280bd455 <unknown>\n#12 0x5645280a5f55 <unknown>\n#13 0x5645280be0ef <unknown>\n#14 0x56452808999f <unknown>\n#15 0x5645280e2008 <unknown>\n#16 0x5645280e21d7 <unknown>\n#17 0x5645280f4124 <unknown>\n#18 0x7fde3eb9b044 <unknown>","time":{"start":1703725735897,"stop":1703725736409,"duration":512}},{"uid":"ae993313b19827f3","reportUrl":"https://zaelcovsky.github.io/StroyremAutomation/183//#testresult/ae993313b19827f3","status":"broken","statusDetails":"selenium.common.exceptions.NoSuchElementException: Message: no such element: Unable to locate element: {\"method\":\"xpath\",\"selector\":\"(//a[@class='add-to-cart yellow-btn'])[1]\"}\n  (Session info: chrome-headless-shell=120.0.6099.109); For documentation on this error, please visit: https://www.selenium.dev/documentation/webdriver/troubleshooting/errors#no-such-element-exception\nStacktrace:\n#0 0x55ce99cf2f83 <unknown>\n#1 0x55ce999abcf7 <unknown>\n#2 0x55ce999fb99e <unknown>\n#3 0x55ce999fbaa1 <unknown>\n#4 0x55ce99a46d64 <unknown>\n#5 0x55ce99a250dd <unknown>\n#6 0x55ce99a44006 <unknown>\n#7 0x55ce99a24e53 <unknown>\n#8 0x55ce999ecdd4 <unknown>\n#9 0x55ce999ee1de <unknown>\n#10 0x55ce99cb7531 <unknown>\n#11 0x55ce99cbb455 <unknown>\n#12 0x55ce99ca3f55 <unknown>\n#13 0x55ce99cbc0ef <unknown>\n#14 0x55ce99c8799f <unknown>\n#15 0x55ce99ce0008 <unknown>\n#16 0x55ce99ce01d7 <unknown>\n#17 0x55ce99cf2124 <unknown>\n#18 0x7fae4ab4d044 <unknown>","time":{"start":1703639415186,"stop":1703639415640,"duration":454}},{"uid":"9a652e45670a5cd7","reportUrl":"https://zaelcovsky.github.io/StroyremAutomation/182//#testresult/9a652e45670a5cd7","status":"broken","statusDetails":"selenium.common.exceptions.NoSuchElementException: Message: no such element: Unable to locate element: {\"method\":\"xpath\",\"selector\":\"(//a[@class='add-to-cart yellow-btn'])[1]\"}\n  (Session info: chrome-headless-shell=120.0.6099.109); For documentation on this error, please visit: https://www.selenium.dev/documentation/webdriver/troubleshooting/errors#no-such-element-exception\nStacktrace:\n#0 0x55f0dff77f83 <unknown>\n#1 0x55f0dfc30cf7 <unknown>\n#2 0x55f0dfc8099e <unknown>\n#3 0x55f0dfc80aa1 <unknown>\n#4 0x55f0dfccbd64 <unknown>\n#5 0x55f0dfcaa0dd <unknown>\n#6 0x55f0dfcc9006 <unknown>\n#7 0x55f0dfca9e53 <unknown>\n#8 0x55f0dfc71dd4 <unknown>\n#9 0x55f0dfc731de <unknown>\n#10 0x55f0dff3c531 <unknown>\n#11 0x55f0dff40455 <unknown>\n#12 0x55f0dff28f55 <unknown>\n#13 0x55f0dff410ef <unknown>\n#14 0x55f0dff0c99f <unknown>\n#15 0x55f0dff65008 <unknown>\n#16 0x55f0dff651d7 <unknown>\n#17 0x55f0dff77124 <unknown>\n#18 0x7fbfc7458044 <unknown>","time":{"start":1703552906412,"stop":1703552906880,"duration":468}},{"uid":"aae40bbbe2d0dd10","reportUrl":"https://zaelcovsky.github.io/StroyremAutomation/181//#testresult/aae40bbbe2d0dd10","status":"broken","statusDetails":"selenium.common.exceptions.NoSuchElementException: Message: no such element: Unable to locate element: {\"method\":\"xpath\",\"selector\":\"(//a[@class='add-to-cart yellow-btn'])[1]\"}\n  (Session info: chrome-headless-shell=120.0.6099.109); For documentation on this error, please visit: https://www.selenium.dev/documentation/webdriver/troubleshooting/errors#no-such-element-exception\nStacktrace:\n#0 0x5591dd9a0f83 <unknown>\n#1 0x5591dd659cf7 <unknown>\n#2 0x5591dd6a999e <unknown>\n#3 0x5591dd6a9aa1 <unknown>\n#4 0x5591dd6f4d64 <unknown>\n#5 0x5591dd6d30dd <unknown>\n#6 0x5591dd6f2006 <unknown>\n#7 0x5591dd6d2e53 <unknown>\n#8 0x5591dd69add4 <unknown>\n#9 0x5591dd69c1de <unknown>\n#10 0x5591dd965531 <unknown>\n#11 0x5591dd969455 <unknown>\n#12 0x5591dd951f55 <unknown>\n#13 0x5591dd96a0ef <unknown>\n#14 0x5591dd93599f <unknown>\n#15 0x5591dd98e008 <unknown>\n#16 0x5591dd98e1d7 <unknown>\n#17 0x5591dd9a0124 <unknown>\n#18 0x7f1e7d760044 <unknown>","time":{"start":1703466676583,"stop":1703466677023,"duration":440}},{"uid":"34945b8eb15cd1f3","reportUrl":"https://zaelcovsky.github.io/StroyremAutomation/180//#testresult/34945b8eb15cd1f3","status":"broken","statusDetails":"selenium.common.exceptions.NoSuchElementException: Message: no such element: Unable to locate element: {\"method\":\"xpath\",\"selector\":\"(//a[@class='add-to-cart yellow-btn'])[1]\"}\n  (Session info: chrome-headless-shell=120.0.6099.109); For documentation on this error, please visit: https://www.selenium.dev/documentation/webdriver/troubleshooting/errors#no-such-element-exception\nStacktrace:\n#0 0x55e02aeccf83 <unknown>\n#1 0x55e02ab85cf7 <unknown>\n#2 0x55e02abd599e <unknown>\n#3 0x55e02abd5aa1 <unknown>\n#4 0x55e02ac20d64 <unknown>\n#5 0x55e02abff0dd <unknown>\n#6 0x55e02ac1e006 <unknown>\n#7 0x55e02abfee53 <unknown>\n#8 0x55e02abc6dd4 <unknown>\n#9 0x55e02abc81de <unknown>\n#10 0x55e02ae91531 <unknown>\n#11 0x55e02ae95455 <unknown>\n#12 0x55e02ae7df55 <unknown>\n#13 0x55e02ae960ef <unknown>\n#14 0x55e02ae6199f <unknown>\n#15 0x55e02aeba008 <unknown>\n#16 0x55e02aeba1d7 <unknown>\n#17 0x55e02aecc124 <unknown>\n#18 0x7f106b566044 <unknown>","time":{"start":1703380505864,"stop":1703380506504,"duration":640}},{"uid":"e02ce0d506307615","reportUrl":"https://zaelcovsky.github.io/StroyremAutomation/179//#testresult/e02ce0d506307615","status":"broken","statusDetails":"selenium.common.exceptions.NoSuchElementException: Message: no such element: Unable to locate element: {\"method\":\"xpath\",\"selector\":\"(//a[@class='add-to-cart yellow-btn'])[1]\"}\n  (Session info: chrome-headless-shell=120.0.6099.109); For documentation on this error, please visit: https://www.selenium.dev/documentation/webdriver/troubleshooting/errors#no-such-element-exception\nStacktrace:\n#0 0x564c72ad6f83 <unknown>\n#1 0x564c7278fcf7 <unknown>\n#2 0x564c727df99e <unknown>\n#3 0x564c727dfaa1 <unknown>\n#4 0x564c7282ad64 <unknown>\n#5 0x564c728090dd <unknown>\n#6 0x564c72828006 <unknown>\n#7 0x564c72808e53 <unknown>\n#8 0x564c727d0dd4 <unknown>\n#9 0x564c727d21de <unknown>\n#10 0x564c72a9b531 <unknown>\n#11 0x564c72a9f455 <unknown>\n#12 0x564c72a87f55 <unknown>\n#13 0x564c72aa00ef <unknown>\n#14 0x564c72a6b99f <unknown>\n#15 0x564c72ac4008 <unknown>\n#16 0x564c72ac41d7 <unknown>\n#17 0x564c72ad6124 <unknown>\n#18 0x7f1876c2b044 <unknown>","time":{"start":1703293736877,"stop":1703293737310,"duration":433}},{"uid":"385068dda06cfb56","reportUrl":"https://zaelcovsky.github.io/StroyremAutomation/178//#testresult/385068dda06cfb56","status":"broken","statusDetails":"selenium.common.exceptions.NoSuchElementException: Message: no such element: Unable to locate element: {\"method\":\"xpath\",\"selector\":\"(//a[@class='add-to-cart yellow-btn'])[1]\"}\n  (Session info: chrome-headless-shell=120.0.6099.109); For documentation on this error, please visit: https://www.selenium.dev/documentation/webdriver/troubleshooting/errors#no-such-element-exception\nStacktrace:\n#0 0x559a63848f83 <unknown>\n#1 0x559a63501cf7 <unknown>\n#2 0x559a6355199e <unknown>\n#3 0x559a63551aa1 <unknown>\n#4 0x559a6359cd64 <unknown>\n#5 0x559a6357b0dd <unknown>\n#6 0x559a6359a006 <unknown>\n#7 0x559a6357ae53 <unknown>\n#8 0x559a63542dd4 <unknown>\n#9 0x559a635441de <unknown>\n#10 0x559a6380d531 <unknown>\n#11 0x559a63811455 <unknown>\n#12 0x559a637f9f55 <unknown>\n#13 0x559a638120ef <unknown>\n#14 0x559a637dd99f <unknown>\n#15 0x559a63836008 <unknown>\n#16 0x559a638361d7 <unknown>\n#17 0x559a63848124 <unknown>\n#18 0x7f5961a76044 <unknown>","time":{"start":1703207367652,"stop":1703207367975,"duration":323}},{"uid":"7659dfcb5e217379","reportUrl":"https://zaelcovsky.github.io/StroyremAutomation/177//#testresult/7659dfcb5e217379","status":"broken","statusDetails":"selenium.common.exceptions.NoSuchElementException: Message: no such element: Unable to locate element: {\"method\":\"xpath\",\"selector\":\"(//a[@class='add-to-cart yellow-btn'])[1]\"}\n  (Session info: chrome-headless-shell=120.0.6099.109); For documentation on this error, please visit: https://www.selenium.dev/documentation/webdriver/troubleshooting/errors#no-such-element-exception\nStacktrace:\n#0 0x563accffaf83 <unknown>\n#1 0x563acccb3cf7 <unknown>\n#2 0x563accd0399e <unknown>\n#3 0x563accd03aa1 <unknown>\n#4 0x563accd4ed64 <unknown>\n#5 0x563accd2d0dd <unknown>\n#6 0x563accd4c006 <unknown>\n#7 0x563accd2ce53 <unknown>\n#8 0x563acccf4dd4 <unknown>\n#9 0x563acccf61de <unknown>\n#10 0x563accfbf531 <unknown>\n#11 0x563accfc3455 <unknown>\n#12 0x563accfabf55 <unknown>\n#13 0x563accfc40ef <unknown>\n#14 0x563accf8f99f <unknown>\n#15 0x563accfe8008 <unknown>\n#16 0x563accfe81d7 <unknown>\n#17 0x563accffa124 <unknown>\n#18 0x7f24f715a044 <unknown>","time":{"start":1703120984152,"stop":1703120984609,"duration":457}},{"uid":"547b4d89fca22c1d","reportUrl":"https://zaelcovsky.github.io/StroyremAutomation/176//#testresult/547b4d89fca22c1d","status":"broken","statusDetails":"selenium.common.exceptions.NoSuchElementException: Message: no such element: Unable to locate element: {\"method\":\"xpath\",\"selector\":\"(//a[@class='add-to-cart yellow-btn'])[1]\"}\n  (Session info: chrome-headless-shell=120.0.6099.109); For documentation on this error, please visit: https://www.selenium.dev/documentation/webdriver/troubleshooting/errors#no-such-element-exception\nStacktrace:\n#0 0x5589ed1e4f83 <unknown>\n#1 0x5589ece9dcf7 <unknown>\n#2 0x5589eceed99e <unknown>\n#3 0x5589eceedaa1 <unknown>\n#4 0x5589ecf38d64 <unknown>\n#5 0x5589ecf170dd <unknown>\n#6 0x5589ecf36006 <unknown>\n#7 0x5589ecf16e53 <unknown>\n#8 0x5589ecededd4 <unknown>\n#9 0x5589ecee01de <unknown>\n#10 0x5589ed1a9531 <unknown>\n#11 0x5589ed1ad455 <unknown>\n#12 0x5589ed195f55 <unknown>\n#13 0x5589ed1ae0ef <unknown>\n#14 0x5589ed17999f <unknown>\n#15 0x5589ed1d2008 <unknown>\n#16 0x5589ed1d21d7 <unknown>\n#17 0x5589ed1e4124 <unknown>\n#18 0x7fba38d2e044 <unknown>","time":{"start":1703033996275,"stop":1703033996743,"duration":468}},{"uid":"c7ea09e1a78f5f24","reportUrl":"https://zaelcovsky.github.io/StroyremAutomation/175//#testresult/c7ea09e1a78f5f24","status":"broken","statusDetails":"selenium.common.exceptions.NoSuchElementException: Message: no such element: Unable to locate element: {\"method\":\"xpath\",\"selector\":\"(//a[@class='add-to-cart yellow-btn'])[1]\"}\n  (Session info: chrome-headless-shell=120.0.6099.109); For documentation on this error, please visit: https://www.selenium.dev/documentation/webdriver/troubleshooting/errors#no-such-element-exception\nStacktrace:\n#0 0x56070f604f83 <unknown>\n#1 0x56070f2bdcf7 <unknown>\n#2 0x56070f30d99e <unknown>\n#3 0x56070f30daa1 <unknown>\n#4 0x56070f358d64 <unknown>\n#5 0x56070f3370dd <unknown>\n#6 0x56070f356006 <unknown>\n#7 0x56070f336e53 <unknown>\n#8 0x56070f2fedd4 <unknown>\n#9 0x56070f3001de <unknown>\n#10 0x56070f5c9531 <unknown>\n#11 0x56070f5cd455 <unknown>\n#12 0x56070f5b5f55 <unknown>\n#13 0x56070f5ce0ef <unknown>\n#14 0x56070f59999f <unknown>\n#15 0x56070f5f2008 <unknown>\n#16 0x56070f5f21d7 <unknown>\n#17 0x56070f604124 <unknown>\n#18 0x7fcb4b46c044 <unknown>","time":{"start":1702948257974,"stop":1702948258413,"duration":439}},{"uid":"2d4dcaf37db1040d","reportUrl":"https://zaelcovsky.github.io/StroyremAutomation/174//#testresult/2d4dcaf37db1040d","status":"broken","statusDetails":"selenium.common.exceptions.NoSuchElementException: Message: no such element: Unable to locate element: {\"method\":\"xpath\",\"selector\":\"(//a[@class='add-to-cart yellow-btn'])[1]\"}\n  (Session info: chrome-headless-shell=120.0.6099.71); For documentation on this error, please visit: https://www.selenium.dev/documentation/webdriver/troubleshooting/errors#no-such-element-exception\nStacktrace:\n#0 0x55fad3f6bd33 <unknown>\n#1 0x55fad3c28f87 <unknown>\n#2 0x55fad3c78c0e <unknown>\n#3 0x55fad3c78d11 <unknown>\n#4 0x55fad3cc4004 <unknown>\n#5 0x55fad3ca236d <unknown>\n#6 0x55fad3cc1297 <unknown>\n#7 0x55fad3ca20e3 <unknown>\n#8 0x55fad3c6a044 <unknown>\n#9 0x55fad3c6b44e <unknown>\n#10 0x55fad3f30861 <unknown>\n#11 0x55fad3f34785 <unknown>\n#12 0x55fad3f1e285 <unknown>\n#13 0x55fad3f3541f <unknown>\n#14 0x55fad3f0220f <unknown>\n#15 0x55fad3f59028 <unknown>\n#16 0x55fad3f591f7 <unknown>\n#17 0x55fad3f6aed4 <unknown>\n#18 0x7f29680bf044 <unknown>","time":{"start":1702861948677,"stop":1702861949052,"duration":375}},{"uid":"6f21db5f32a0abc2","reportUrl":"https://zaelcovsky.github.io/StroyremAutomation/173//#testresult/6f21db5f32a0abc2","status":"broken","statusDetails":"selenium.common.exceptions.NoSuchElementException: Message: no such element: Unable to locate element: {\"method\":\"xpath\",\"selector\":\"(//a[@class='add-to-cart yellow-btn'])[1]\"}\n  (Session info: chrome-headless-shell=120.0.6099.71); For documentation on this error, please visit: https://www.selenium.dev/documentation/webdriver/troubleshooting/errors#no-such-element-exception\nStacktrace:\n#0 0x55cb018c8d33 <unknown>\n#1 0x55cb01585f87 <unknown>\n#2 0x55cb015d5c0e <unknown>\n#3 0x55cb015d5d11 <unknown>\n#4 0x55cb01621004 <unknown>\n#5 0x55cb015ff36d <unknown>\n#6 0x55cb0161e297 <unknown>\n#7 0x55cb015ff0e3 <unknown>\n#8 0x55cb015c7044 <unknown>\n#9 0x55cb015c844e <unknown>\n#10 0x55cb0188d861 <unknown>\n#11 0x55cb01891785 <unknown>\n#12 0x55cb0187b285 <unknown>\n#13 0x55cb0189241f <unknown>\n#14 0x55cb0185f20f <unknown>\n#15 0x55cb018b6028 <unknown>\n#16 0x55cb018b61f7 <unknown>\n#17 0x55cb018c7ed4 <unknown>\n#18 0x7fc06de00044 <unknown>","time":{"start":1702775755842,"stop":1702775756355,"duration":513}},{"uid":"a10a37ca6b64722d","reportUrl":"https://zaelcovsky.github.io/StroyremAutomation/172//#testresult/a10a37ca6b64722d","status":"broken","statusDetails":"selenium.common.exceptions.NoSuchElementException: Message: no such element: Unable to locate element: {\"method\":\"xpath\",\"selector\":\"(//a[@class='add-to-cart yellow-btn'])[1]\"}\n  (Session info: chrome-headless-shell=120.0.6099.71); For documentation on this error, please visit: https://www.selenium.dev/documentation/webdriver/troubleshooting/errors#no-such-element-exception\nStacktrace:\n#0 0x558bacf8bd33 <unknown>\n#1 0x558bacc48f87 <unknown>\n#2 0x558bacc98c0e <unknown>\n#3 0x558bacc98d11 <unknown>\n#4 0x558bacce4004 <unknown>\n#5 0x558baccc236d <unknown>\n#6 0x558bacce1297 <unknown>\n#7 0x558baccc20e3 <unknown>\n#8 0x558bacc8a044 <unknown>\n#9 0x558bacc8b44e <unknown>\n#10 0x558bacf50861 <unknown>\n#11 0x558bacf54785 <unknown>\n#12 0x558bacf3e285 <unknown>\n#13 0x558bacf5541f <unknown>\n#14 0x558bacf2220f <unknown>\n#15 0x558bacf79028 <unknown>\n#16 0x558bacf791f7 <unknown>\n#17 0x558bacf8aed4 <unknown>\n#18 0x7fbe712eb044 <unknown>","time":{"start":1702689031575,"stop":1702689032036,"duration":461}},{"uid":"514d2c63dceff0df","reportUrl":"https://zaelcovsky.github.io/StroyremAutomation/171//#testresult/514d2c63dceff0df","status":"broken","statusDetails":"selenium.common.exceptions.NoSuchElementException: Message: no such element: Unable to locate element: {\"method\":\"xpath\",\"selector\":\"(//a[@class='add-to-cart yellow-btn'])[1]\"}\n  (Session info: chrome-headless-shell=120.0.6099.71); For documentation on this error, please visit: https://www.selenium.dev/documentation/webdriver/troubleshooting/errors#no-such-element-exception\nStacktrace:\n#0 0x563396a35d33 <unknown>\n#1 0x5633966f2f87 <unknown>\n#2 0x563396742c0e <unknown>\n#3 0x563396742d11 <unknown>\n#4 0x56339678e004 <unknown>\n#5 0x56339676c36d <unknown>\n#6 0x56339678b297 <unknown>\n#7 0x56339676c0e3 <unknown>\n#8 0x563396734044 <unknown>\n#9 0x56339673544e <unknown>\n#10 0x5633969fa861 <unknown>\n#11 0x5633969fe785 <unknown>\n#12 0x5633969e8285 <unknown>\n#13 0x5633969ff41f <unknown>\n#14 0x5633969cc20f <unknown>\n#15 0x563396a23028 <unknown>\n#16 0x563396a231f7 <unknown>\n#17 0x563396a34ed4 <unknown>\n#18 0x7f1de57f3044 <unknown>","time":{"start":1702602853342,"stop":1702602853795,"duration":453}},{"uid":"6a6e35e9aa3c6a60","reportUrl":"https://zaelcovsky.github.io/StroyremAutomation/170//#testresult/6a6e35e9aa3c6a60","status":"broken","statusDetails":"selenium.common.exceptions.NoSuchElementException: Message: no such element: Unable to locate element: {\"method\":\"xpath\",\"selector\":\"(//a[@class='add-to-cart yellow-btn'])[1]\"}\n  (Session info: chrome-headless-shell=120.0.6099.71); For documentation on this error, please visit: https://www.selenium.dev/documentation/webdriver/troubleshooting/errors#no-such-element-exception\nStacktrace:\n#0 0x55e8c0d0dd33 <unknown>\n#1 0x55e8c09caf87 <unknown>\n#2 0x55e8c0a1ac0e <unknown>\n#3 0x55e8c0a1ad11 <unknown>\n#4 0x55e8c0a66004 <unknown>\n#5 0x55e8c0a4436d <unknown>\n#6 0x55e8c0a63297 <unknown>\n#7 0x55e8c0a440e3 <unknown>\n#8 0x55e8c0a0c044 <unknown>\n#9 0x55e8c0a0d44e <unknown>\n#10 0x55e8c0cd2861 <unknown>\n#11 0x55e8c0cd6785 <unknown>\n#12 0x55e8c0cc0285 <unknown>\n#13 0x55e8c0cd741f <unknown>\n#14 0x55e8c0ca420f <unknown>\n#15 0x55e8c0cfb028 <unknown>\n#16 0x55e8c0cfb1f7 <unknown>\n#17 0x55e8c0d0ced4 <unknown>\n#18 0x7f4e95abd044 <unknown>","time":{"start":1702516217180,"stop":1702516217554,"duration":374}},{"uid":"8b22062f6fb124a0","reportUrl":"https://zaelcovsky.github.io/StroyremAutomation/169//#testresult/8b22062f6fb124a0","status":"broken","statusDetails":"selenium.common.exceptions.NoSuchElementException: Message: no such element: Unable to locate element: {\"method\":\"xpath\",\"selector\":\"(//a[@class='add-to-cart yellow-btn'])[1]\"}\n  (Session info: chrome-headless-shell=120.0.6099.71); For documentation on this error, please visit: https://www.selenium.dev/documentation/webdriver/troubleshooting/errors#no-such-element-exception\nStacktrace:\n#0 0x55eb9aef2d33 <unknown>\n#1 0x55eb9abaff87 <unknown>\n#2 0x55eb9abffc0e <unknown>\n#3 0x55eb9abffd11 <unknown>\n#4 0x55eb9ac4b004 <unknown>\n#5 0x55eb9ac2936d <unknown>\n#6 0x55eb9ac48297 <unknown>\n#7 0x55eb9ac290e3 <unknown>\n#8 0x55eb9abf1044 <unknown>\n#9 0x55eb9abf244e <unknown>\n#10 0x55eb9aeb7861 <unknown>\n#11 0x55eb9aebb785 <unknown>\n#12 0x55eb9aea5285 <unknown>\n#13 0x55eb9aebc41f <unknown>\n#14 0x55eb9ae8920f <unknown>\n#15 0x55eb9aee0028 <unknown>\n#16 0x55eb9aee01f7 <unknown>\n#17 0x55eb9aef1ed4 <unknown>\n#18 0x7fc815e5b044 <unknown>","time":{"start":1702429856072,"stop":1702429856710,"duration":638}},{"uid":"585f19527a5b1aab","reportUrl":"https://zaelcovsky.github.io/StroyremAutomation/168//#testresult/585f19527a5b1aab","status":"broken","statusDetails":"selenium.common.exceptions.NoSuchElementException: Message: no such element: Unable to locate element: {\"method\":\"xpath\",\"selector\":\"(//a[@class='add-to-cart yellow-btn'])[1]\"}\n  (Session info: chrome-headless-shell=120.0.6099.71); For documentation on this error, please visit: https://www.selenium.dev/documentation/webdriver/troubleshooting/errors#no-such-element-exception\nStacktrace:\n#0 0x560578837d33 <unknown>\n#1 0x5605784f4f87 <unknown>\n#2 0x560578544c0e <unknown>\n#3 0x560578544d11 <unknown>\n#4 0x560578590004 <unknown>\n#5 0x56057856e36d <unknown>\n#6 0x56057858d297 <unknown>\n#7 0x56057856e0e3 <unknown>\n#8 0x560578536044 <unknown>\n#9 0x56057853744e <unknown>\n#10 0x5605787fc861 <unknown>\n#11 0x560578800785 <unknown>\n#12 0x5605787ea285 <unknown>\n#13 0x56057880141f <unknown>\n#14 0x5605787ce20f <unknown>\n#15 0x560578825028 <unknown>\n#16 0x5605788251f7 <unknown>\n#17 0x560578836ed4 <unknown>\n#18 0x7f325ab74044 <unknown>","time":{"start":1702343595956,"stop":1702343596390,"duration":434}},{"uid":"33d47f276ebaf799","reportUrl":"https://zaelcovsky.github.io/StroyremAutomation/167//#testresult/33d47f276ebaf799","status":"broken","statusDetails":"selenium.common.exceptions.NoSuchElementException: Message: no such element: Unable to locate element: {\"method\":\"xpath\",\"selector\":\"(//a[@class='add-to-cart yellow-btn'])[1]\"}\n  (Session info: chrome-headless-shell=120.0.6099.71); For documentation on this error, please visit: https://www.selenium.dev/documentation/webdriver/troubleshooting/errors#no-such-element-exception\nStacktrace:\n#0 0x55c61b3afd33 <unknown>\n#1 0x55c61b06cf87 <unknown>\n#2 0x55c61b0bcc0e <unknown>\n#3 0x55c61b0bcd11 <unknown>\n#4 0x55c61b108004 <unknown>\n#5 0x55c61b0e636d <unknown>\n#6 0x55c61b105297 <unknown>\n#7 0x55c61b0e60e3 <unknown>\n#8 0x55c61b0ae044 <unknown>\n#9 0x55c61b0af44e <unknown>\n#10 0x55c61b374861 <unknown>\n#11 0x55c61b378785 <unknown>\n#12 0x55c61b362285 <unknown>\n#13 0x55c61b37941f <unknown>\n#14 0x55c61b34620f <unknown>\n#15 0x55c61b39d028 <unknown>\n#16 0x55c61b39d1f7 <unknown>\n#17 0x55c61b3aeed4 <unknown>\n#18 0x7f81e2818044 <unknown>","time":{"start":1702257219181,"stop":1702257219617,"duration":436}}]},"tags":["smoke"]},"source":"c7cea1112dd46021.json","parameterValues":["2190","16","'TD 005'","1590","'products/shtukaturka-gipsovaya-aksolit-m50-30-kg-mashinnogo-naneseniya'","600","'https://sandboxtest.stroyrem-nn.ru/'","500"]}