{"uid":"13c46dae2382df94","name":"TD 025 Доставка товара весом до 10000кг. в синей зоне","fullName":"tests.delivery.test_delivery_calculation.TestDeliveryPageCalculation#test_positive_delivery_blue_zone_smoke","historyId":"5c91f1b6a5c2e7b4c36fa79019f7f7db","time":{"start":1701220384059,"stop":1701220387429,"duration":3370},"status":"broken","statusMessage":"selenium.common.exceptions.NoSuchElementException: Message: no such element: Unable to locate element: {\"method\":\"xpath\",\"selector\":\"//input[@class='amount']\"}\n  (Session info: headless chrome=119.0.6045.105); For documentation on this error, please visit: https://www.selenium.dev/documentation/webdriver/troubleshooting/errors#no-such-element-exception\nStacktrace:\n#0 0x560bf92b65e3 <unknown>\n#1 0x560bf8f790b7 <unknown>\n#2 0x560bf8fc6f53 <unknown>\n#3 0x560bf8fc7051 <unknown>\n#4 0x560bf900c9c4 <unknown>\n#5 0x560bf8fedf1d <unknown>\n#6 0x560bf9009b3d <unknown>\n#7 0x560bf8fedcc3 <unknown>\n#8 0x560bf8fb90e4 <unknown>\n#9 0x560bf8fba0ae <unknown>\n#10 0x560bf927cce1 <unknown>\n#11 0x560bf9280b7e <unknown>\n#12 0x560bf926a4b5 <unknown>\n#13 0x560bf92817d6 <unknown>\n#14 0x560bf924ddbf <unknown>\n#15 0x560bf92a4748 <unknown>\n#16 0x560bf92a4917 <unknown>\n#17 0x560bf92b5773 <unknown>\n#18 0x7f196cd11044 <unknown>","statusTrace":"self = <tests.delivery.test_delivery_calculation.TestDeliveryPageCalculation object at 0x7f793339f490>\ndriver = <selenium.webdriver.chrome.webdriver.WebDriver (session=\"adfba57766291e83ec8a43894ae2d9a6\")>\nurl = 'https://sandboxtest.stroyrem-nn.ru/', case_id = 'TD 025'\nlink_item = 'products/shtukaturka-gipsovaya-aksolit-m50-30-kg-mashinnogo-naneseniya'\namount = 333, weight = 10000, standard = 7000, in_time = 13900, all_time = 15900\n\n    @pytest.mark.parametrize('case_id, link_item, amount, weight, standard, in_time, all_time', [\n        (\"TD 015\", bundeks_25, 1, 30, 650, 2390, 3320),\n        pytest.param(\n            \"TD 016\", aksolit_30, 8, 300, 650, 2390, 3320,\n            marks=pytest.mark.xfail(reson=\"Цена доставки: - - -\")\n        ),\n        (\"TD 017\", aksolit_30, 13, 400, 650, 2390, 3320),\n        (\"TD 018\", aksolit_30, 16, 500, 850, 2490, 3320),\n        (\"TD 019\", aksolit_30, 25, 1700, 1150, 2490, 3320),\n        (\"TD 020\", aksolit_30, 66, 2000, 1500, 2990, 3650),\n        (\"TD 021\", aksolit_30, 149, 4500, 2600, 4380, 4890),\n        (\"TD 022\", aksolit_30, 166, 5000, 2800, 5490, 5980),\n        pytest.param(\n            \"TD 023\", aksolit_30, 206, 6200, 3300, 7500, 8000,\n            marks=pytest.mark.xfail(reson=\"Цена доставки: 4300 9900 11440\")\n        ),\n        (\"TD 024\", aksolit_30, 299, 9000, 4300, 9900, 11440),\n        (\"TD 025\", aksolit_30, 333, 10000, 7000, 13900, 15900),\n        pytest.param(\n            \"TD 026\", aksolit_30, 366, 11000, 8000, 14900, 19900,\n            marks=pytest.mark.xfail(reson=\"Цена доставки: 7000 13900 15900\")\n        ),\n        pytest.param(\n            \"TD 027\", aksolit_30, 666, 20000, 14000, 16900, 23900,\n            marks=pytest.mark.xfail(reson=\"Цена доставки: 7000 13900 15900\")\n        )\n    ])\n    @pytest.mark.smoke\n    def test_positive_delivery_blue_zone_smoke(\n            self, driver, url, case_id, link_item, amount, weight, standard, in_time, all_time\n    ):\n        allure.dynamic.title(f\"{case_id} Доставка товара весом до {weight}кг. в синей зоне\")\n    \n        driver.get(f'{url}{link_item}')\n        item_page = ItemPage(driver)\n>       item_page.add_item_to_cart(amount).click_on_cart()\n\ntests/delivery/test_delivery_calculation.py:130: \n_ _ _ _ _ _ _ _ _ _ _ _ _ _ _ _ _ _ _ _ _ _ _ _ _ _ _ _ _ _ _ _ _ _ _ _ _ _ _ _ \npages/item_page.py:41: in add_item_to_cart\n    amount_field = self.find_element(self._item_amount)\nbase/seleniumbase.py:17: in find_element\n    return self.driver.find_element(*locator)\n/usr/local/lib/python3.11/site-packages/selenium/webdriver/remote/webdriver.py:740: in find_element\n    return self.execute(Command.FIND_ELEMENT, {\"using\": by, \"value\": value})[\"value\"]\n/usr/local/lib/python3.11/site-packages/selenium/webdriver/remote/webdriver.py:346: in execute\n    self.error_handler.check_response(response)\n_ _ _ _ _ _ _ _ _ _ _ _ _ _ _ _ _ _ _ _ _ _ _ _ _ _ _ _ _ _ _ _ _ _ _ _ _ _ _ _ \n\nself = <selenium.webdriver.remote.errorhandler.ErrorHandler object at 0x7f7932f62110>\nresponse = {'status': 404, 'value': '{\"value\":{\"error\":\"no such element\",\"message\":\"no such element: Unable to locate element: {\\...\\\\n#16 0x560bf92a4917 \\\\u003Cunknown>\\\\n#17 0x560bf92b5773 \\\\u003Cunknown>\\\\n#18 0x7f196cd11044 \\\\u003Cunknown>\\\\n\"}}'}\n\n    def check_response(self, response: Dict[str, Any]) -> None:\n        \"\"\"Checks that a JSON response from the WebDriver does not have an\n        error.\n    \n        :Args:\n         - response - The JSON response from the WebDriver server as a dictionary\n           object.\n    \n        :Raises: If the response contains an error message.\n        \"\"\"\n        status = response.get(\"status\", None)\n        if not status or status == ErrorCode.SUCCESS:\n            return\n        value = None\n        message = response.get(\"message\", \"\")\n        screen: str = response.get(\"screen\", \"\")\n        stacktrace = None\n        if isinstance(status, int):\n            value_json = response.get(\"value\", None)\n            if value_json and isinstance(value_json, str):\n                import json\n    \n                try:\n                    value = json.loads(value_json)\n                    if len(value) == 1:\n                        value = value[\"value\"]\n                    status = value.get(\"error\", None)\n                    if not status:\n                        status = value.get(\"status\", ErrorCode.UNKNOWN_ERROR)\n                        message = value.get(\"value\") or value.get(\"message\")\n                        if not isinstance(message, str):\n                            value = message\n                            message = message.get(\"message\")\n                    else:\n                        message = value.get(\"message\", None)\n                except ValueError:\n                    pass\n    \n        exception_class: Type[WebDriverException]\n        if status in ErrorCode.NO_SUCH_ELEMENT:\n            exception_class = NoSuchElementException\n        elif status in ErrorCode.NO_SUCH_FRAME:\n            exception_class = NoSuchFrameException\n        elif status in ErrorCode.NO_SUCH_SHADOW_ROOT:\n            exception_class = NoSuchShadowRootException\n        elif status in ErrorCode.NO_SUCH_WINDOW:\n            exception_class = NoSuchWindowException\n        elif status in ErrorCode.STALE_ELEMENT_REFERENCE:\n            exception_class = StaleElementReferenceException\n        elif status in ErrorCode.ELEMENT_NOT_VISIBLE:\n            exception_class = ElementNotVisibleException\n        elif status in ErrorCode.INVALID_ELEMENT_STATE:\n            exception_class = InvalidElementStateException\n        elif (\n            status in ErrorCode.INVALID_SELECTOR\n            or status in ErrorCode.INVALID_XPATH_SELECTOR\n            or status in ErrorCode.INVALID_XPATH_SELECTOR_RETURN_TYPER\n        ):\n            exception_class = InvalidSelectorException\n        elif status in ErrorCode.ELEMENT_IS_NOT_SELECTABLE:\n            exception_class = ElementNotSelectableException\n        elif status in ErrorCode.ELEMENT_NOT_INTERACTABLE:\n            exception_class = ElementNotInteractableException\n        elif status in ErrorCode.INVALID_COOKIE_DOMAIN:\n            exception_class = InvalidCookieDomainException\n        elif status in ErrorCode.UNABLE_TO_SET_COOKIE:\n            exception_class = UnableToSetCookieException\n        elif status in ErrorCode.TIMEOUT:\n            exception_class = TimeoutException\n        elif status in ErrorCode.SCRIPT_TIMEOUT:\n            exception_class = TimeoutException\n        elif status in ErrorCode.UNKNOWN_ERROR:\n            exception_class = WebDriverException\n        elif status in ErrorCode.UNEXPECTED_ALERT_OPEN:\n            exception_class = UnexpectedAlertPresentException\n        elif status in ErrorCode.NO_ALERT_OPEN:\n            exception_class = NoAlertPresentException\n        elif status in ErrorCode.IME_NOT_AVAILABLE:\n            exception_class = ImeNotAvailableException\n        elif status in ErrorCode.IME_ENGINE_ACTIVATION_FAILED:\n            exception_class = ImeActivationFailedException\n        elif status in ErrorCode.MOVE_TARGET_OUT_OF_BOUNDS:\n            exception_class = MoveTargetOutOfBoundsException\n        elif status in ErrorCode.JAVASCRIPT_ERROR:\n            exception_class = JavascriptException\n        elif status in ErrorCode.SESSION_NOT_CREATED:\n            exception_class = SessionNotCreatedException\n        elif status in ErrorCode.INVALID_ARGUMENT:\n            exception_class = InvalidArgumentException\n        elif status in ErrorCode.NO_SUCH_COOKIE:\n            exception_class = NoSuchCookieException\n        elif status in ErrorCode.UNABLE_TO_CAPTURE_SCREEN:\n            exception_class = ScreenshotException\n        elif status in ErrorCode.ELEMENT_CLICK_INTERCEPTED:\n            exception_class = ElementClickInterceptedException\n        elif status in ErrorCode.INSECURE_CERTIFICATE:\n            exception_class = InsecureCertificateException\n        elif status in ErrorCode.INVALID_COORDINATES:\n            exception_class = InvalidCoordinatesException\n        elif status in ErrorCode.INVALID_SESSION_ID:\n            exception_class = InvalidSessionIdException\n        elif status in ErrorCode.UNKNOWN_METHOD:\n            exception_class = UnknownMethodException\n        else:\n            exception_class = WebDriverException\n        if not value:\n            value = response[\"value\"]\n        if isinstance(value, str):\n            raise exception_class(value)\n        if message == \"\" and \"message\" in value:\n            message = value[\"message\"]\n    \n        screen = None  # type: ignore[assignment]\n        if \"screen\" in value:\n            screen = value[\"screen\"]\n    \n        stacktrace = None\n        st_value = value.get(\"stackTrace\") or value.get(\"stacktrace\")\n        if st_value:\n            if isinstance(st_value, str):\n                stacktrace = st_value.split(\"\\n\")\n            else:\n                stacktrace = []\n                try:\n                    for frame in st_value:\n                        line = frame.get(\"lineNumber\", \"\")\n                        file = frame.get(\"fileName\", \"<anonymous>\")\n                        if line:\n                            file = f\"{file}:{line}\"\n                        meth = frame.get(\"methodName\", \"<anonymous>\")\n                        if \"className\" in frame:\n                            meth = f\"{frame['className']}.{meth}\"\n                        msg = \"    at %s (%s)\"\n                        msg = msg % (meth, file)\n                        stacktrace.append(msg)\n                except TypeError:\n                    pass\n        if exception_class == UnexpectedAlertPresentException:\n            alert_text = None\n            if \"data\" in value:\n                alert_text = value[\"data\"].get(\"text\")\n            elif \"alert\" in value:\n                alert_text = value[\"alert\"].get(\"text\")\n            raise exception_class(message, screen, stacktrace, alert_text)  # type: ignore[call-arg]  # mypy is not smart enough here\n>       raise exception_class(message, screen, stacktrace)\nE       selenium.common.exceptions.NoSuchElementException: Message: no such element: Unable to locate element: {\"method\":\"xpath\",\"selector\":\"//input[@class='amount']\"}\nE         (Session info: headless chrome=119.0.6045.105); For documentation on this error, please visit: https://www.selenium.dev/documentation/webdriver/troubleshooting/errors#no-such-element-exception\nE       Stacktrace:\nE       #0 0x560bf92b65e3 <unknown>\nE       #1 0x560bf8f790b7 <unknown>\nE       #2 0x560bf8fc6f53 <unknown>\nE       #3 0x560bf8fc7051 <unknown>\nE       #4 0x560bf900c9c4 <unknown>\nE       #5 0x560bf8fedf1d <unknown>\nE       #6 0x560bf9009b3d <unknown>\nE       #7 0x560bf8fedcc3 <unknown>\nE       #8 0x560bf8fb90e4 <unknown>\nE       #9 0x560bf8fba0ae <unknown>\nE       #10 0x560bf927cce1 <unknown>\nE       #11 0x560bf9280b7e <unknown>\nE       #12 0x560bf926a4b5 <unknown>\nE       #13 0x560bf92817d6 <unknown>\nE       #14 0x560bf924ddbf <unknown>\nE       #15 0x560bf92a4748 <unknown>\nE       #16 0x560bf92a4917 <unknown>\nE       #17 0x560bf92b5773 <unknown>\nE       #18 0x7f196cd11044 <unknown>\n\n/usr/local/lib/python3.11/site-packages/selenium/webdriver/remote/errorhandler.py:245: NoSuchElementException","flaky":false,"newFailed":false,"newBroken":false,"newPassed":false,"retriesCount":0,"retriesStatusChange":false,"beforeStages":[{"name":"_session_faker","time":{"start":1701219901912,"stop":1701219901980,"duration":68},"status":"passed","steps":[],"attachments":[],"parameters":[],"shouldDisplayMessage":false,"stepsCount":0,"attachmentsCount":0,"hasContent":false},{"name":"clear_allure_results_folder","time":{"start":1701219901981,"stop":1701219901981,"duration":0},"status":"passed","steps":[],"attachments":[],"parameters":[],"shouldDisplayMessage":false,"stepsCount":0,"attachmentsCount":0,"hasContent":false},{"name":"driver","time":{"start":1701220383327,"stop":1701220384057,"duration":730},"status":"passed","steps":[],"attachments":[],"parameters":[],"shouldDisplayMessage":false,"stepsCount":0,"attachmentsCount":0,"hasContent":false},{"name":"setup","time":{"start":1701220384058,"stop":1701220384058,"duration":0},"status":"passed","steps":[],"attachments":[],"parameters":[],"shouldDisplayMessage":false,"stepsCount":0,"attachmentsCount":0,"hasContent":false}],"testStage":{"status":"broken","statusMessage":"selenium.common.exceptions.NoSuchElementException: Message: no such element: Unable to locate element: {\"method\":\"xpath\",\"selector\":\"//input[@class='amount']\"}\n  (Session info: headless chrome=119.0.6045.105); For documentation on this error, please visit: https://www.selenium.dev/documentation/webdriver/troubleshooting/errors#no-such-element-exception\nStacktrace:\n#0 0x560bf92b65e3 <unknown>\n#1 0x560bf8f790b7 <unknown>\n#2 0x560bf8fc6f53 <unknown>\n#3 0x560bf8fc7051 <unknown>\n#4 0x560bf900c9c4 <unknown>\n#5 0x560bf8fedf1d <unknown>\n#6 0x560bf9009b3d <unknown>\n#7 0x560bf8fedcc3 <unknown>\n#8 0x560bf8fb90e4 <unknown>\n#9 0x560bf8fba0ae <unknown>\n#10 0x560bf927cce1 <unknown>\n#11 0x560bf9280b7e <unknown>\n#12 0x560bf926a4b5 <unknown>\n#13 0x560bf92817d6 <unknown>\n#14 0x560bf924ddbf <unknown>\n#15 0x560bf92a4748 <unknown>\n#16 0x560bf92a4917 <unknown>\n#17 0x560bf92b5773 <unknown>\n#18 0x7f196cd11044 <unknown>","statusTrace":"self = <tests.delivery.test_delivery_calculation.TestDeliveryPageCalculation object at 0x7f793339f490>\ndriver = <selenium.webdriver.chrome.webdriver.WebDriver (session=\"adfba57766291e83ec8a43894ae2d9a6\")>\nurl = 'https://sandboxtest.stroyrem-nn.ru/', case_id = 'TD 025'\nlink_item = 'products/shtukaturka-gipsovaya-aksolit-m50-30-kg-mashinnogo-naneseniya'\namount = 333, weight = 10000, standard = 7000, in_time = 13900, all_time = 15900\n\n    @pytest.mark.parametrize('case_id, link_item, amount, weight, standard, in_time, all_time', [\n        (\"TD 015\", bundeks_25, 1, 30, 650, 2390, 3320),\n        pytest.param(\n            \"TD 016\", aksolit_30, 8, 300, 650, 2390, 3320,\n            marks=pytest.mark.xfail(reson=\"Цена доставки: - - -\")\n        ),\n        (\"TD 017\", aksolit_30, 13, 400, 650, 2390, 3320),\n        (\"TD 018\", aksolit_30, 16, 500, 850, 2490, 3320),\n        (\"TD 019\", aksolit_30, 25, 1700, 1150, 2490, 3320),\n        (\"TD 020\", aksolit_30, 66, 2000, 1500, 2990, 3650),\n        (\"TD 021\", aksolit_30, 149, 4500, 2600, 4380, 4890),\n        (\"TD 022\", aksolit_30, 166, 5000, 2800, 5490, 5980),\n        pytest.param(\n            \"TD 023\", aksolit_30, 206, 6200, 3300, 7500, 8000,\n            marks=pytest.mark.xfail(reson=\"Цена доставки: 4300 9900 11440\")\n        ),\n        (\"TD 024\", aksolit_30, 299, 9000, 4300, 9900, 11440),\n        (\"TD 025\", aksolit_30, 333, 10000, 7000, 13900, 15900),\n        pytest.param(\n            \"TD 026\", aksolit_30, 366, 11000, 8000, 14900, 19900,\n            marks=pytest.mark.xfail(reson=\"Цена доставки: 7000 13900 15900\")\n        ),\n        pytest.param(\n            \"TD 027\", aksolit_30, 666, 20000, 14000, 16900, 23900,\n            marks=pytest.mark.xfail(reson=\"Цена доставки: 7000 13900 15900\")\n        )\n    ])\n    @pytest.mark.smoke\n    def test_positive_delivery_blue_zone_smoke(\n            self, driver, url, case_id, link_item, amount, weight, standard, in_time, all_time\n    ):\n        allure.dynamic.title(f\"{case_id} Доставка товара весом до {weight}кг. в синей зоне\")\n    \n        driver.get(f'{url}{link_item}')\n        item_page = ItemPage(driver)\n>       item_page.add_item_to_cart(amount).click_on_cart()\n\ntests/delivery/test_delivery_calculation.py:130: \n_ _ _ _ _ _ _ _ _ _ _ _ _ _ _ _ _ _ _ _ _ _ _ _ _ _ _ _ _ _ _ _ _ _ _ _ _ _ _ _ \npages/item_page.py:41: in add_item_to_cart\n    amount_field = self.find_element(self._item_amount)\nbase/seleniumbase.py:17: in find_element\n    return self.driver.find_element(*locator)\n/usr/local/lib/python3.11/site-packages/selenium/webdriver/remote/webdriver.py:740: in find_element\n    return self.execute(Command.FIND_ELEMENT, {\"using\": by, \"value\": value})[\"value\"]\n/usr/local/lib/python3.11/site-packages/selenium/webdriver/remote/webdriver.py:346: in execute\n    self.error_handler.check_response(response)\n_ _ _ _ _ _ _ _ _ _ _ _ _ _ _ _ _ _ _ _ _ _ _ _ _ _ _ _ _ _ _ _ _ _ _ _ _ _ _ _ \n\nself = <selenium.webdriver.remote.errorhandler.ErrorHandler object at 0x7f7932f62110>\nresponse = {'status': 404, 'value': '{\"value\":{\"error\":\"no such element\",\"message\":\"no such element: Unable to locate element: {\\...\\\\n#16 0x560bf92a4917 \\\\u003Cunknown>\\\\n#17 0x560bf92b5773 \\\\u003Cunknown>\\\\n#18 0x7f196cd11044 \\\\u003Cunknown>\\\\n\"}}'}\n\n    def check_response(self, response: Dict[str, Any]) -> None:\n        \"\"\"Checks that a JSON response from the WebDriver does not have an\n        error.\n    \n        :Args:\n         - response - The JSON response from the WebDriver server as a dictionary\n           object.\n    \n        :Raises: If the response contains an error message.\n        \"\"\"\n        status = response.get(\"status\", None)\n        if not status or status == ErrorCode.SUCCESS:\n            return\n        value = None\n        message = response.get(\"message\", \"\")\n        screen: str = response.get(\"screen\", \"\")\n        stacktrace = None\n        if isinstance(status, int):\n            value_json = response.get(\"value\", None)\n            if value_json and isinstance(value_json, str):\n                import json\n    \n                try:\n                    value = json.loads(value_json)\n                    if len(value) == 1:\n                        value = value[\"value\"]\n                    status = value.get(\"error\", None)\n                    if not status:\n                        status = value.get(\"status\", ErrorCode.UNKNOWN_ERROR)\n                        message = value.get(\"value\") or value.get(\"message\")\n                        if not isinstance(message, str):\n                            value = message\n                            message = message.get(\"message\")\n                    else:\n                        message = value.get(\"message\", None)\n                except ValueError:\n                    pass\n    \n        exception_class: Type[WebDriverException]\n        if status in ErrorCode.NO_SUCH_ELEMENT:\n            exception_class = NoSuchElementException\n        elif status in ErrorCode.NO_SUCH_FRAME:\n            exception_class = NoSuchFrameException\n        elif status in ErrorCode.NO_SUCH_SHADOW_ROOT:\n            exception_class = NoSuchShadowRootException\n        elif status in ErrorCode.NO_SUCH_WINDOW:\n            exception_class = NoSuchWindowException\n        elif status in ErrorCode.STALE_ELEMENT_REFERENCE:\n            exception_class = StaleElementReferenceException\n        elif status in ErrorCode.ELEMENT_NOT_VISIBLE:\n            exception_class = ElementNotVisibleException\n        elif status in ErrorCode.INVALID_ELEMENT_STATE:\n            exception_class = InvalidElementStateException\n        elif (\n            status in ErrorCode.INVALID_SELECTOR\n            or status in ErrorCode.INVALID_XPATH_SELECTOR\n            or status in ErrorCode.INVALID_XPATH_SELECTOR_RETURN_TYPER\n        ):\n            exception_class = InvalidSelectorException\n        elif status in ErrorCode.ELEMENT_IS_NOT_SELECTABLE:\n            exception_class = ElementNotSelectableException\n        elif status in ErrorCode.ELEMENT_NOT_INTERACTABLE:\n            exception_class = ElementNotInteractableException\n        elif status in ErrorCode.INVALID_COOKIE_DOMAIN:\n            exception_class = InvalidCookieDomainException\n        elif status in ErrorCode.UNABLE_TO_SET_COOKIE:\n            exception_class = UnableToSetCookieException\n        elif status in ErrorCode.TIMEOUT:\n            exception_class = TimeoutException\n        elif status in ErrorCode.SCRIPT_TIMEOUT:\n            exception_class = TimeoutException\n        elif status in ErrorCode.UNKNOWN_ERROR:\n            exception_class = WebDriverException\n        elif status in ErrorCode.UNEXPECTED_ALERT_OPEN:\n            exception_class = UnexpectedAlertPresentException\n        elif status in ErrorCode.NO_ALERT_OPEN:\n            exception_class = NoAlertPresentException\n        elif status in ErrorCode.IME_NOT_AVAILABLE:\n            exception_class = ImeNotAvailableException\n        elif status in ErrorCode.IME_ENGINE_ACTIVATION_FAILED:\n            exception_class = ImeActivationFailedException\n        elif status in ErrorCode.MOVE_TARGET_OUT_OF_BOUNDS:\n            exception_class = MoveTargetOutOfBoundsException\n        elif status in ErrorCode.JAVASCRIPT_ERROR:\n            exception_class = JavascriptException\n        elif status in ErrorCode.SESSION_NOT_CREATED:\n            exception_class = SessionNotCreatedException\n        elif status in ErrorCode.INVALID_ARGUMENT:\n            exception_class = InvalidArgumentException\n        elif status in ErrorCode.NO_SUCH_COOKIE:\n            exception_class = NoSuchCookieException\n        elif status in ErrorCode.UNABLE_TO_CAPTURE_SCREEN:\n            exception_class = ScreenshotException\n        elif status in ErrorCode.ELEMENT_CLICK_INTERCEPTED:\n            exception_class = ElementClickInterceptedException\n        elif status in ErrorCode.INSECURE_CERTIFICATE:\n            exception_class = InsecureCertificateException\n        elif status in ErrorCode.INVALID_COORDINATES:\n            exception_class = InvalidCoordinatesException\n        elif status in ErrorCode.INVALID_SESSION_ID:\n            exception_class = InvalidSessionIdException\n        elif status in ErrorCode.UNKNOWN_METHOD:\n            exception_class = UnknownMethodException\n        else:\n            exception_class = WebDriverException\n        if not value:\n            value = response[\"value\"]\n        if isinstance(value, str):\n            raise exception_class(value)\n        if message == \"\" and \"message\" in value:\n            message = value[\"message\"]\n    \n        screen = None  # type: ignore[assignment]\n        if \"screen\" in value:\n            screen = value[\"screen\"]\n    \n        stacktrace = None\n        st_value = value.get(\"stackTrace\") or value.get(\"stacktrace\")\n        if st_value:\n            if isinstance(st_value, str):\n                stacktrace = st_value.split(\"\\n\")\n            else:\n                stacktrace = []\n                try:\n                    for frame in st_value:\n                        line = frame.get(\"lineNumber\", \"\")\n                        file = frame.get(\"fileName\", \"<anonymous>\")\n                        if line:\n                            file = f\"{file}:{line}\"\n                        meth = frame.get(\"methodName\", \"<anonymous>\")\n                        if \"className\" in frame:\n                            meth = f\"{frame['className']}.{meth}\"\n                        msg = \"    at %s (%s)\"\n                        msg = msg % (meth, file)\n                        stacktrace.append(msg)\n                except TypeError:\n                    pass\n        if exception_class == UnexpectedAlertPresentException:\n            alert_text = None\n            if \"data\" in value:\n                alert_text = value[\"data\"].get(\"text\")\n            elif \"alert\" in value:\n                alert_text = value[\"alert\"].get(\"text\")\n            raise exception_class(message, screen, stacktrace, alert_text)  # type: ignore[call-arg]  # mypy is not smart enough here\n>       raise exception_class(message, screen, stacktrace)\nE       selenium.common.exceptions.NoSuchElementException: Message: no such element: Unable to locate element: {\"method\":\"xpath\",\"selector\":\"//input[@class='amount']\"}\nE         (Session info: headless chrome=119.0.6045.105); For documentation on this error, please visit: https://www.selenium.dev/documentation/webdriver/troubleshooting/errors#no-such-element-exception\nE       Stacktrace:\nE       #0 0x560bf92b65e3 <unknown>\nE       #1 0x560bf8f790b7 <unknown>\nE       #2 0x560bf8fc6f53 <unknown>\nE       #3 0x560bf8fc7051 <unknown>\nE       #4 0x560bf900c9c4 <unknown>\nE       #5 0x560bf8fedf1d <unknown>\nE       #6 0x560bf9009b3d <unknown>\nE       #7 0x560bf8fedcc3 <unknown>\nE       #8 0x560bf8fb90e4 <unknown>\nE       #9 0x560bf8fba0ae <unknown>\nE       #10 0x560bf927cce1 <unknown>\nE       #11 0x560bf9280b7e <unknown>\nE       #12 0x560bf926a4b5 <unknown>\nE       #13 0x560bf92817d6 <unknown>\nE       #14 0x560bf924ddbf <unknown>\nE       #15 0x560bf92a4748 <unknown>\nE       #16 0x560bf92a4917 <unknown>\nE       #17 0x560bf92b5773 <unknown>\nE       #18 0x7f196cd11044 <unknown>\n\n/usr/local/lib/python3.11/site-packages/selenium/webdriver/remote/errorhandler.py:245: NoSuchElementException","steps":[{"name":"Добавляем товар в корзину в количестве 333","time":{"start":1701220387372,"stop":1701220387429,"duration":57},"status":"broken","statusMessage":"selenium.common.exceptions.NoSuchElementException: Message: no such element: Unable to locate element: {\"method\":\"xpath\",\"selector\":\"//input[@class='amount']\"}\n  (Session info: headless chrome=119.0.6045.105); For documentation on this error, please visit: https://www.selenium.dev/documentation/webdriver/troubleshooting/errors#no-such-element-exception\nStacktrace:\n#0 0x560bf92b65e3 <unknown>\n#1 0x560bf8f790b7 <unknown>\n#2 0x560bf8fc6f53 <unknown>\n#3 0x560bf8fc7051 <unknown>\n#4 0x560bf900c9c4 <unknown>\n#5 0x560bf8fedf1d <unknown>\n#6 0x560bf9009b3d <unknown>\n#7 0x560bf8fedcc3 <unknown>\n#8 0x560bf8fb90e4 <unknown>\n#9 0x560bf8fba0ae <unknown>\n#10 0x560bf927cce1 <unknown>\n#11 0x560bf9280b7e <unknown>\n#12 0x560bf926a4b5 <unknown>\n#13 0x560bf92817d6 <unknown>\n#14 0x560bf924ddbf <unknown>\n#15 0x560bf92a4748 <unknown>\n#16 0x560bf92a4917 <unknown>\n#17 0x560bf92b5773 <unknown>\n#18 0x7f196cd11044 <unknown>\n\n","statusTrace":"  File \"/usr/local/lib/python3.11/site-packages/allure_commons/_allure.py\", line 192, in impl\n    return func(*a, **kw)\n           ^^^^^^^^^^^^^^\n  File \"/app/pages/item_page.py\", line 41, in add_item_to_cart\n    amount_field = self.find_element(self._item_amount)\n                   ^^^^^^^^^^^^^^^^^^^^^^^^^^^^^^^^^^^^\n  File \"/app/base/seleniumbase.py\", line 17, in find_element\n    return self.driver.find_element(*locator)\n           ^^^^^^^^^^^^^^^^^^^^^^^^^^^^^^^^^^\n  File \"/usr/local/lib/python3.11/site-packages/selenium/webdriver/remote/webdriver.py\", line 740, in find_element\n    return self.execute(Command.FIND_ELEMENT, {\"using\": by, \"value\": value})[\"value\"]\n           ^^^^^^^^^^^^^^^^^^^^^^^^^^^^^^^^^^^^^^^^^^^^^^^^^^^^^^^^^^^^^^^^^\n  File \"/usr/local/lib/python3.11/site-packages/selenium/webdriver/remote/webdriver.py\", line 346, in execute\n    self.error_handler.check_response(response)\n  File \"/usr/local/lib/python3.11/site-packages/selenium/webdriver/remote/errorhandler.py\", line 245, in check_response\n    raise exception_class(message, screen, stacktrace)\n","steps":[],"attachments":[],"parameters":[{"name":"amount","value":"333"}],"shouldDisplayMessage":true,"stepsCount":0,"attachmentsCount":0,"hasContent":true}],"attachments":[{"uid":"b304c426c60edcde","name":"Screenshot","source":"b304c426c60edcde.png","type":"image/png","size":115178},{"uid":"fcc88ffb75762b07","name":"HTML source","source":"fcc88ffb75762b07.html","type":"text/html","size":303988}],"parameters":[],"shouldDisplayMessage":true,"stepsCount":1,"attachmentsCount":2,"hasContent":true},"afterStages":[{"name":"setup::0","time":{"start":1701220387566,"stop":1701220387566,"duration":0},"status":"passed","steps":[],"attachments":[],"parameters":[],"shouldDisplayMessage":false,"stepsCount":0,"attachmentsCount":0,"hasContent":false},{"name":"driver::0","time":{"start":1701220387566,"stop":1701220387626,"duration":60},"status":"passed","steps":[],"attachments":[],"parameters":[],"shouldDisplayMessage":false,"stepsCount":0,"attachmentsCount":0,"hasContent":false}],"labels":[{"name":"epic","value":"Delivery Page - calculation"},{"name":"tag","value":"smoke"},{"name":"parentSuite","value":"tests.delivery"},{"name":"suite","value":"test_delivery_calculation"},{"name":"subSuite","value":"TestDeliveryPageCalculation"},{"name":"host","value":"53635196b781"},{"name":"thread","value":"1-MainThread"},{"name":"framework","value":"pytest"},{"name":"language","value":"cpython3"},{"name":"package","value":"tests.delivery.test_delivery_calculation"},{"name":"resultFormat","value":"allure2"}],"parameters":[{"name":"all_time","value":"15900"},{"name":"amount","value":"333"},{"name":"case_id","value":"'TD 025'"},{"name":"in_time","value":"13900"},{"name":"link_item","value":"'products/shtukaturka-gipsovaya-aksolit-m50-30-kg-mashinnogo-naneseniya'"},{"name":"standard","value":"7000"},{"name":"url","value":"'https://sandboxtest.stroyrem-nn.ru/'"},{"name":"weight","value":"10000"}],"links":[],"hidden":false,"retry":false,"extra":{"severity":"normal","retries":[],"categories":[{"name":"Test defects","matchedStatuses":[],"flaky":false}],"history":{"statistic":{"failed":0,"broken":91,"skipped":0,"passed":0,"unknown":0,"total":91},"items":[{"uid":"ed211b94640a1f54","reportUrl":"https://zaelcovsky.github.io/StroyremAutomation/154//#testresult/ed211b94640a1f54","status":"broken","statusDetails":"selenium.common.exceptions.NoSuchElementException: Message: no such element: Unable to locate element: {\"method\":\"xpath\",\"selector\":\"//input[@class='amount']\"}\n  (Session info: headless chrome=119.0.6045.105); For documentation on this error, please visit: https://www.selenium.dev/documentation/webdriver/troubleshooting/errors#no-such-element-exception\nStacktrace:\n#0 0x55e35ef9d5e3 <unknown>\n#1 0x55e35ec600b7 <unknown>\n#2 0x55e35ecadf53 <unknown>\n#3 0x55e35ecae051 <unknown>\n#4 0x55e35ecf39c4 <unknown>\n#5 0x55e35ecd4f1d <unknown>\n#6 0x55e35ecf0b3d <unknown>\n#7 0x55e35ecd4cc3 <unknown>\n#8 0x55e35eca00e4 <unknown>\n#9 0x55e35eca10ae <unknown>\n#10 0x55e35ef63ce1 <unknown>\n#11 0x55e35ef67b7e <unknown>\n#12 0x55e35ef514b5 <unknown>\n#13 0x55e35ef687d6 <unknown>\n#14 0x55e35ef34dbf <unknown>\n#15 0x55e35ef8b748 <unknown>\n#16 0x55e35ef8b917 <unknown>\n#17 0x55e35ef9c773 <unknown>\n#18 0x7f424a28c044 <unknown>","time":{"start":1701133993751,"stop":1701133997214,"duration":3463}},{"uid":"4773ece9e3b52344","reportUrl":"https://zaelcovsky.github.io/StroyremAutomation/153//#testresult/4773ece9e3b52344","status":"broken","statusDetails":"selenium.common.exceptions.NoSuchElementException: Message: no such element: Unable to locate element: {\"method\":\"xpath\",\"selector\":\"//input[@class='amount']\"}\n  (Session info: headless chrome=119.0.6045.105); For documentation on this error, please visit: https://www.selenium.dev/documentation/webdriver/troubleshooting/errors#no-such-element-exception\nStacktrace:\n#0 0x5643aec995e3 <unknown>\n#1 0x5643ae95c0b7 <unknown>\n#2 0x5643ae9a9f53 <unknown>\n#3 0x5643ae9aa051 <unknown>\n#4 0x5643ae9ef9c4 <unknown>\n#5 0x5643ae9d0f1d <unknown>\n#6 0x5643ae9ecb3d <unknown>\n#7 0x5643ae9d0cc3 <unknown>\n#8 0x5643ae99c0e4 <unknown>\n#9 0x5643ae99d0ae <unknown>\n#10 0x5643aec5fce1 <unknown>\n#11 0x5643aec63b7e <unknown>\n#12 0x5643aec4d4b5 <unknown>\n#13 0x5643aec647d6 <unknown>\n#14 0x5643aec30dbf <unknown>\n#15 0x5643aec87748 <unknown>\n#16 0x5643aec87917 <unknown>\n#17 0x5643aec98773 <unknown>\n#18 0x7fd4fcdc5044 <unknown>","time":{"start":1701047605867,"stop":1701047609713,"duration":3846}},{"uid":"f7fe892132d1a4c1","reportUrl":"https://zaelcovsky.github.io/StroyremAutomation/152//#testresult/f7fe892132d1a4c1","status":"broken","statusDetails":"selenium.common.exceptions.NoSuchElementException: Message: no such element: Unable to locate element: {\"method\":\"xpath\",\"selector\":\"//input[@class='amount']\"}\n  (Session info: headless chrome=119.0.6045.105); For documentation on this error, please visit: https://www.selenium.dev/documentation/webdriver/troubleshooting/errors#no-such-element-exception\nStacktrace:\n#0 0x56346c6755e3 <unknown>\n#1 0x56346c3380b7 <unknown>\n#2 0x56346c385f53 <unknown>\n#3 0x56346c386051 <unknown>\n#4 0x56346c3cb9c4 <unknown>\n#5 0x56346c3acf1d <unknown>\n#6 0x56346c3c8b3d <unknown>\n#7 0x56346c3accc3 <unknown>\n#8 0x56346c3780e4 <unknown>\n#9 0x56346c3790ae <unknown>\n#10 0x56346c63bce1 <unknown>\n#11 0x56346c63fb7e <unknown>\n#12 0x56346c6294b5 <unknown>\n#13 0x56346c6407d6 <unknown>\n#14 0x56346c60cdbf <unknown>\n#15 0x56346c663748 <unknown>\n#16 0x56346c663917 <unknown>\n#17 0x56346c674773 <unknown>\n#18 0x7f6006791044 <unknown>","time":{"start":1700961518507,"stop":1700961523482,"duration":4975}},{"uid":"370ebf5f4b2db5d9","reportUrl":"https://zaelcovsky.github.io/StroyremAutomation/151//#testresult/370ebf5f4b2db5d9","status":"broken","statusDetails":"selenium.common.exceptions.NoSuchElementException: Message: no such element: Unable to locate element: {\"method\":\"xpath\",\"selector\":\"//input[@class='amount']\"}\n  (Session info: headless chrome=119.0.6045.105); For documentation on this error, please visit: https://www.selenium.dev/documentation/webdriver/troubleshooting/errors#no-such-element-exception\nStacktrace:\n#0 0x555d587835e3 <unknown>\n#1 0x555d584460b7 <unknown>\n#2 0x555d58493f53 <unknown>\n#3 0x555d58494051 <unknown>\n#4 0x555d584d99c4 <unknown>\n#5 0x555d584baf1d <unknown>\n#6 0x555d584d6b3d <unknown>\n#7 0x555d584bacc3 <unknown>\n#8 0x555d584860e4 <unknown>\n#9 0x555d584870ae <unknown>\n#10 0x555d58749ce1 <unknown>\n#11 0x555d5874db7e <unknown>\n#12 0x555d587374b5 <unknown>\n#13 0x555d5874e7d6 <unknown>\n#14 0x555d5871adbf <unknown>\n#15 0x555d58771748 <unknown>\n#16 0x555d58771917 <unknown>\n#17 0x555d58782773 <unknown>\n#18 0x7fe4353a8044 <unknown>","time":{"start":1700874608414,"stop":1700874611782,"duration":3368}},{"uid":"2d02774783696c11","reportUrl":"https://zaelcovsky.github.io/StroyremAutomation/150//#testresult/2d02774783696c11","status":"broken","statusDetails":"selenium.common.exceptions.NoSuchElementException: Message: no such element: Unable to locate element: {\"method\":\"xpath\",\"selector\":\"//input[@class='amount']\"}\n  (Session info: headless chrome=119.0.6045.105); For documentation on this error, please visit: https://www.selenium.dev/documentation/webdriver/troubleshooting/errors#no-such-element-exception\nStacktrace:\n#0 0x55bcbb8895e3 <unknown>\n#1 0x55bcbb54c0b7 <unknown>\n#2 0x55bcbb599f53 <unknown>\n#3 0x55bcbb59a051 <unknown>\n#4 0x55bcbb5df9c4 <unknown>\n#5 0x55bcbb5c0f1d <unknown>\n#6 0x55bcbb5dcb3d <unknown>\n#7 0x55bcbb5c0cc3 <unknown>\n#8 0x55bcbb58c0e4 <unknown>\n#9 0x55bcbb58d0ae <unknown>\n#10 0x55bcbb84fce1 <unknown>\n#11 0x55bcbb853b7e <unknown>\n#12 0x55bcbb83d4b5 <unknown>\n#13 0x55bcbb8547d6 <unknown>\n#14 0x55bcbb820dbf <unknown>\n#15 0x55bcbb877748 <unknown>\n#16 0x55bcbb877917 <unknown>\n#17 0x55bcbb888773 <unknown>\n#18 0x7f486e979044 <unknown>","time":{"start":1700788318719,"stop":1700788322459,"duration":3740}},{"uid":"4c1184099dac4b4f","reportUrl":"https://zaelcovsky.github.io/StroyremAutomation/149//#testresult/4c1184099dac4b4f","status":"broken","statusDetails":"selenium.common.exceptions.NoSuchElementException: Message: no such element: Unable to locate element: {\"method\":\"xpath\",\"selector\":\"//input[@class='amount']\"}\n  (Session info: headless chrome=119.0.6045.105); For documentation on this error, please visit: https://www.selenium.dev/documentation/webdriver/troubleshooting/errors#no-such-element-exception\nStacktrace:\n#0 0x5612907cf5e3 <unknown>\n#1 0x5612904920b7 <unknown>\n#2 0x5612904dff53 <unknown>\n#3 0x5612904e0051 <unknown>\n#4 0x5612905259c4 <unknown>\n#5 0x561290506f1d <unknown>\n#6 0x561290522b3d <unknown>\n#7 0x561290506cc3 <unknown>\n#8 0x5612904d20e4 <unknown>\n#9 0x5612904d30ae <unknown>\n#10 0x561290795ce1 <unknown>\n#11 0x561290799b7e <unknown>\n#12 0x5612907834b5 <unknown>\n#13 0x56129079a7d6 <unknown>\n#14 0x561290766dbf <unknown>\n#15 0x5612907bd748 <unknown>\n#16 0x5612907bd917 <unknown>\n#17 0x5612907ce773 <unknown>\n#18 0x7fde18c82044 <unknown>","time":{"start":1700701912706,"stop":1700701916467,"duration":3761}},{"uid":"dcfcbefdf0e225f0","reportUrl":"https://zaelcovsky.github.io/StroyremAutomation/148//#testresult/dcfcbefdf0e225f0","status":"broken","statusDetails":"selenium.common.exceptions.NoSuchElementException: Message: no such element: Unable to locate element: {\"method\":\"xpath\",\"selector\":\"//input[@class='amount']\"}\n  (Session info: headless chrome=119.0.6045.105); For documentation on this error, please visit: https://www.selenium.dev/documentation/webdriver/troubleshooting/errors#no-such-element-exception\nStacktrace:\n#0 0x55668d8595e3 <unknown>\n#1 0x55668d51c0b7 <unknown>\n#2 0x55668d569f53 <unknown>\n#3 0x55668d56a051 <unknown>\n#4 0x55668d5af9c4 <unknown>\n#5 0x55668d590f1d <unknown>\n#6 0x55668d5acb3d <unknown>\n#7 0x55668d590cc3 <unknown>\n#8 0x55668d55c0e4 <unknown>\n#9 0x55668d55d0ae <unknown>\n#10 0x55668d81fce1 <unknown>\n#11 0x55668d823b7e <unknown>\n#12 0x55668d80d4b5 <unknown>\n#13 0x55668d8247d6 <unknown>\n#14 0x55668d7f0dbf <unknown>\n#15 0x55668d847748 <unknown>\n#16 0x55668d847917 <unknown>\n#17 0x55668d858773 <unknown>\n#18 0x7f6c0ee0a044 <unknown>","time":{"start":1700615654506,"stop":1700615657692,"duration":3186}},{"uid":"16ccc23b3e9c57af","reportUrl":"https://zaelcovsky.github.io/StroyremAutomation/147//#testresult/16ccc23b3e9c57af","status":"broken","statusDetails":"selenium.common.exceptions.NoSuchElementException: Message: no such element: Unable to locate element: {\"method\":\"xpath\",\"selector\":\"//input[@class='amount']\"}\n  (Session info: headless chrome=119.0.6045.105); For documentation on this error, please visit: https://www.selenium.dev/documentation/webdriver/troubleshooting/errors#no-such-element-exception\nStacktrace:\n#0 0x557b664365e3 <unknown>\n#1 0x557b660f90b7 <unknown>\n#2 0x557b66146f53 <unknown>\n#3 0x557b66147051 <unknown>\n#4 0x557b6618c9c4 <unknown>\n#5 0x557b6616df1d <unknown>\n#6 0x557b66189b3d <unknown>\n#7 0x557b6616dcc3 <unknown>\n#8 0x557b661390e4 <unknown>\n#9 0x557b6613a0ae <unknown>\n#10 0x557b663fcce1 <unknown>\n#11 0x557b66400b7e <unknown>\n#12 0x557b663ea4b5 <unknown>\n#13 0x557b664017d6 <unknown>\n#14 0x557b663cddbf <unknown>\n#15 0x557b66424748 <unknown>\n#16 0x557b66424917 <unknown>\n#17 0x557b66435773 <unknown>\n#18 0x7f464c1ef044 <unknown>","time":{"start":1700529291811,"stop":1700529296584,"duration":4773}},{"uid":"28f86ff348342157","reportUrl":"https://zaelcovsky.github.io/StroyremAutomation/146//#testresult/28f86ff348342157","status":"broken","statusDetails":"selenium.common.exceptions.NoSuchElementException: Message: no such element: Unable to locate element: {\"method\":\"xpath\",\"selector\":\"//input[@class='amount']\"}\n  (Session info: headless chrome=119.0.6045.105); For documentation on this error, please visit: https://www.selenium.dev/documentation/webdriver/troubleshooting/errors#no-such-element-exception\nStacktrace:\n#0 0x555bf04195e3 <unknown>\n#1 0x555bf00dc0b7 <unknown>\n#2 0x555bf0129f53 <unknown>\n#3 0x555bf012a051 <unknown>\n#4 0x555bf016f9c4 <unknown>\n#5 0x555bf0150f1d <unknown>\n#6 0x555bf016cb3d <unknown>\n#7 0x555bf0150cc3 <unknown>\n#8 0x555bf011c0e4 <unknown>\n#9 0x555bf011d0ae <unknown>\n#10 0x555bf03dfce1 <unknown>\n#11 0x555bf03e3b7e <unknown>\n#12 0x555bf03cd4b5 <unknown>\n#13 0x555bf03e47d6 <unknown>\n#14 0x555bf03b0dbf <unknown>\n#15 0x555bf0407748 <unknown>\n#16 0x555bf0407917 <unknown>\n#17 0x555bf0418773 <unknown>\n#18 0x7f19ffdc1044 <unknown>","time":{"start":1700442807392,"stop":1700442811412,"duration":4020}},{"uid":"4ef568c7c70e8b56","reportUrl":"https://zaelcovsky.github.io/StroyremAutomation/145//#testresult/4ef568c7c70e8b56","status":"broken","statusDetails":"selenium.common.exceptions.NoSuchElementException: Message: no such element: Unable to locate element: {\"method\":\"xpath\",\"selector\":\"//input[@class='amount']\"}\n  (Session info: headless chrome=119.0.6045.105); For documentation on this error, please visit: https://www.selenium.dev/documentation/webdriver/troubleshooting/errors#no-such-element-exception\nStacktrace:\n#0 0x55fecc70c5e3 <unknown>\n#1 0x55fecc3cf0b7 <unknown>\n#2 0x55fecc41cf53 <unknown>\n#3 0x55fecc41d051 <unknown>\n#4 0x55fecc4629c4 <unknown>\n#5 0x55fecc443f1d <unknown>\n#6 0x55fecc45fb3d <unknown>\n#7 0x55fecc443cc3 <unknown>\n#8 0x55fecc40f0e4 <unknown>\n#9 0x55fecc4100ae <unknown>\n#10 0x55fecc6d2ce1 <unknown>\n#11 0x55fecc6d6b7e <unknown>\n#12 0x55fecc6c04b5 <unknown>\n#13 0x55fecc6d77d6 <unknown>\n#14 0x55fecc6a3dbf <unknown>\n#15 0x55fecc6fa748 <unknown>\n#16 0x55fecc6fa917 <unknown>\n#17 0x55fecc70b773 <unknown>\n#18 0x7f9b018b1044 <unknown>","time":{"start":1700356596734,"stop":1700356600058,"duration":3324}},{"uid":"4a18a9121e53ca56","reportUrl":"https://zaelcovsky.github.io/StroyremAutomation/144//#testresult/4a18a9121e53ca56","status":"broken","statusDetails":"selenium.common.exceptions.NoSuchElementException: Message: no such element: Unable to locate element: {\"method\":\"xpath\",\"selector\":\"//input[@class='amount']\"}\n  (Session info: headless chrome=119.0.6045.105); For documentation on this error, please visit: https://www.selenium.dev/documentation/webdriver/troubleshooting/errors#no-such-element-exception\nStacktrace:\n#0 0x55ec7cfec5e3 <unknown>\n#1 0x55ec7ccaf0b7 <unknown>\n#2 0x55ec7ccfcf53 <unknown>\n#3 0x55ec7ccfd051 <unknown>\n#4 0x55ec7cd429c4 <unknown>\n#5 0x55ec7cd23f1d <unknown>\n#6 0x55ec7cd3fb3d <unknown>\n#7 0x55ec7cd23cc3 <unknown>\n#8 0x55ec7ccef0e4 <unknown>\n#9 0x55ec7ccf00ae <unknown>\n#10 0x55ec7cfb2ce1 <unknown>\n#11 0x55ec7cfb6b7e <unknown>\n#12 0x55ec7cfa04b5 <unknown>\n#13 0x55ec7cfb77d6 <unknown>\n#14 0x55ec7cf83dbf <unknown>\n#15 0x55ec7cfda748 <unknown>\n#16 0x55ec7cfda917 <unknown>\n#17 0x55ec7cfeb773 <unknown>\n#18 0x7f92760cd044 <unknown>","time":{"start":1700270014057,"stop":1700270018607,"duration":4550}},{"uid":"cdec9e4b5b0db439","reportUrl":"https://zaelcovsky.github.io/StroyremAutomation/143//#testresult/cdec9e4b5b0db439","status":"broken","statusDetails":"selenium.common.exceptions.NoSuchElementException: Message: no such element: Unable to locate element: {\"method\":\"xpath\",\"selector\":\"//input[@class='amount']\"}\n  (Session info: headless chrome=119.0.6045.105); For documentation on this error, please visit: https://www.selenium.dev/documentation/webdriver/troubleshooting/errors#no-such-element-exception\nStacktrace:\n#0 0x562010a675e3 <unknown>\n#1 0x56201072a0b7 <unknown>\n#2 0x562010777f53 <unknown>\n#3 0x562010778051 <unknown>\n#4 0x5620107bd9c4 <unknown>\n#5 0x56201079ef1d <unknown>\n#6 0x5620107bab3d <unknown>\n#7 0x56201079ecc3 <unknown>\n#8 0x56201076a0e4 <unknown>\n#9 0x56201076b0ae <unknown>\n#10 0x562010a2dce1 <unknown>\n#11 0x562010a31b7e <unknown>\n#12 0x562010a1b4b5 <unknown>\n#13 0x562010a327d6 <unknown>\n#14 0x5620109fedbf <unknown>\n#15 0x562010a55748 <unknown>\n#16 0x562010a55917 <unknown>\n#17 0x562010a66773 <unknown>\n#18 0x7f44c1eb4044 <unknown>","time":{"start":1700183626394,"stop":1700183630786,"duration":4392}},{"uid":"e9f831d0eaacbef8","reportUrl":"https://zaelcovsky.github.io/StroyremAutomation/142//#testresult/e9f831d0eaacbef8","status":"broken","statusDetails":"selenium.common.exceptions.NoSuchElementException: Message: no such element: Unable to locate element: {\"method\":\"xpath\",\"selector\":\"//input[@class='amount']\"}\n  (Session info: headless chrome=119.0.6045.105); For documentation on this error, please visit: https://www.selenium.dev/documentation/webdriver/troubleshooting/errors#no-such-element-exception\nStacktrace:\n#0 0x55c5242a95e3 <unknown>\n#1 0x55c523f6c0b7 <unknown>\n#2 0x55c523fb9f53 <unknown>\n#3 0x55c523fba051 <unknown>\n#4 0x55c523fff9c4 <unknown>\n#5 0x55c523fe0f1d <unknown>\n#6 0x55c523ffcb3d <unknown>\n#7 0x55c523fe0cc3 <unknown>\n#8 0x55c523fac0e4 <unknown>\n#9 0x55c523fad0ae <unknown>\n#10 0x55c52426fce1 <unknown>\n#11 0x55c524273b7e <unknown>\n#12 0x55c52425d4b5 <unknown>\n#13 0x55c5242747d6 <unknown>\n#14 0x55c524240dbf <unknown>\n#15 0x55c524297748 <unknown>\n#16 0x55c524297917 <unknown>\n#17 0x55c5242a8773 <unknown>\n#18 0x7f33e3c31044 <unknown>","time":{"start":1700097175346,"stop":1700097179103,"duration":3757}},{"uid":"fe834f652a420d1a","reportUrl":"https://zaelcovsky.github.io/StroyremAutomation/141//#testresult/fe834f652a420d1a","status":"broken","statusDetails":"selenium.common.exceptions.NoSuchElementException: Message: no such element: Unable to locate element: {\"method\":\"xpath\",\"selector\":\"//input[@class='amount']\"}\n  (Session info: headless chrome=119.0.6045.105); For documentation on this error, please visit: https://www.selenium.dev/documentation/webdriver/troubleshooting/errors#no-such-element-exception\nStacktrace:\n#0 0x5640f2ab45e3 <unknown>\n#1 0x5640f27770b7 <unknown>\n#2 0x5640f27c4f53 <unknown>\n#3 0x5640f27c5051 <unknown>\n#4 0x5640f280a9c4 <unknown>\n#5 0x5640f27ebf1d <unknown>\n#6 0x5640f2807b3d <unknown>\n#7 0x5640f27ebcc3 <unknown>\n#8 0x5640f27b70e4 <unknown>\n#9 0x5640f27b80ae <unknown>\n#10 0x5640f2a7ace1 <unknown>\n#11 0x5640f2a7eb7e <unknown>\n#12 0x5640f2a684b5 <unknown>\n#13 0x5640f2a7f7d6 <unknown>\n#14 0x5640f2a4bdbf <unknown>\n#15 0x5640f2aa2748 <unknown>\n#16 0x5640f2aa2917 <unknown>\n#17 0x5640f2ab3773 <unknown>\n#18 0x7f6737d3b044 <unknown>","time":{"start":1700010701735,"stop":1700010705298,"duration":3563}},{"uid":"1ec5db7a10de2aa7","reportUrl":"https://zaelcovsky.github.io/StroyremAutomation/140//#testresult/1ec5db7a10de2aa7","status":"broken","statusDetails":"selenium.common.exceptions.NoSuchElementException: Message: no such element: Unable to locate element: {\"method\":\"xpath\",\"selector\":\"//input[@class='amount']\"}\n  (Session info: headless chrome=119.0.6045.105); For documentation on this error, please visit: https://www.selenium.dev/documentation/webdriver/troubleshooting/errors#no-such-element-exception\nStacktrace:\n#0 0x56209990a5e3 <unknown>\n#1 0x5620995cd0b7 <unknown>\n#2 0x56209961af53 <unknown>\n#3 0x56209961b051 <unknown>\n#4 0x5620996609c4 <unknown>\n#5 0x562099641f1d <unknown>\n#6 0x56209965db3d <unknown>\n#7 0x562099641cc3 <unknown>\n#8 0x56209960d0e4 <unknown>\n#9 0x56209960e0ae <unknown>\n#10 0x5620998d0ce1 <unknown>\n#11 0x5620998d4b7e <unknown>\n#12 0x5620998be4b5 <unknown>\n#13 0x5620998d57d6 <unknown>\n#14 0x5620998a1dbf <unknown>\n#15 0x5620998f8748 <unknown>\n#16 0x5620998f8917 <unknown>\n#17 0x562099909773 <unknown>\n#18 0x7f1117960044 <unknown>","time":{"start":1699924329653,"stop":1699924333917,"duration":4264}},{"uid":"c1431c582349cc8b","reportUrl":"https://zaelcovsky.github.io/StroyremAutomation/139//#testresult/c1431c582349cc8b","status":"broken","statusDetails":"selenium.common.exceptions.NoSuchElementException: Message: no such element: Unable to locate element: {\"method\":\"xpath\",\"selector\":\"//input[@class='amount']\"}\n  (Session info: headless chrome=119.0.6045.105); For documentation on this error, please visit: https://www.selenium.dev/documentation/webdriver/troubleshooting/errors#no-such-element-exception\nStacktrace:\n#0 0x55e8d990c5e3 <unknown>\n#1 0x55e8d95cf0b7 <unknown>\n#2 0x55e8d961cf53 <unknown>\n#3 0x55e8d961d051 <unknown>\n#4 0x55e8d96629c4 <unknown>\n#5 0x55e8d9643f1d <unknown>\n#6 0x55e8d965fb3d <unknown>\n#7 0x55e8d9643cc3 <unknown>\n#8 0x55e8d960f0e4 <unknown>\n#9 0x55e8d96100ae <unknown>\n#10 0x55e8d98d2ce1 <unknown>\n#11 0x55e8d98d6b7e <unknown>\n#12 0x55e8d98c04b5 <unknown>\n#13 0x55e8d98d77d6 <unknown>\n#14 0x55e8d98a3dbf <unknown>\n#15 0x55e8d98fa748 <unknown>\n#16 0x55e8d98fa917 <unknown>\n#17 0x55e8d990b773 <unknown>\n#18 0x7f6b7fd22044 <unknown>","time":{"start":1699837989453,"stop":1699837992842,"duration":3389}},{"uid":"d791d2293b8f4654","reportUrl":"https://zaelcovsky.github.io/StroyremAutomation/138//#testresult/d791d2293b8f4654","status":"broken","statusDetails":"selenium.common.exceptions.NoSuchElementException: Message: no such element: Unable to locate element: {\"method\":\"xpath\",\"selector\":\"//input[@class='amount']\"}\n  (Session info: headless chrome=119.0.6045.105); For documentation on this error, please visit: https://www.selenium.dev/documentation/webdriver/troubleshooting/errors#no-such-element-exception\nStacktrace:\n#0 0x55d0bfd045e3 <unknown>\n#1 0x55d0bf9c70b7 <unknown>\n#2 0x55d0bfa14f53 <unknown>\n#3 0x55d0bfa15051 <unknown>\n#4 0x55d0bfa5a9c4 <unknown>\n#5 0x55d0bfa3bf1d <unknown>\n#6 0x55d0bfa57b3d <unknown>\n#7 0x55d0bfa3bcc3 <unknown>\n#8 0x55d0bfa070e4 <unknown>\n#9 0x55d0bfa080ae <unknown>\n#10 0x55d0bfccace1 <unknown>\n#11 0x55d0bfcceb7e <unknown>\n#12 0x55d0bfcb84b5 <unknown>\n#13 0x55d0bfccf7d6 <unknown>\n#14 0x55d0bfc9bdbf <unknown>\n#15 0x55d0bfcf2748 <unknown>\n#16 0x55d0bfcf2917 <unknown>\n#17 0x55d0bfd03773 <unknown>\n#18 0x7fdde8842044 <unknown>","time":{"start":1699751806900,"stop":1699751810862,"duration":3962}},{"uid":"6c61b594bb2b611d","reportUrl":"https://zaelcovsky.github.io/StroyremAutomation/137//#testresult/6c61b594bb2b611d","status":"broken","statusDetails":"selenium.common.exceptions.NoSuchElementException: Message: no such element: Unable to locate element: {\"method\":\"xpath\",\"selector\":\"//input[@class='amount']\"}\n  (Session info: headless chrome=119.0.6045.105); For documentation on this error, please visit: https://www.selenium.dev/documentation/webdriver/troubleshooting/errors#no-such-element-exception\nStacktrace:\n#0 0x55fe824595e3 <unknown>\n#1 0x55fe8211c0b7 <unknown>\n#2 0x55fe82169f53 <unknown>\n#3 0x55fe8216a051 <unknown>\n#4 0x55fe821af9c4 <unknown>\n#5 0x55fe82190f1d <unknown>\n#6 0x55fe821acb3d <unknown>\n#7 0x55fe82190cc3 <unknown>\n#8 0x55fe8215c0e4 <unknown>\n#9 0x55fe8215d0ae <unknown>\n#10 0x55fe8241fce1 <unknown>\n#11 0x55fe82423b7e <unknown>\n#12 0x55fe8240d4b5 <unknown>\n#13 0x55fe824247d6 <unknown>\n#14 0x55fe823f0dbf <unknown>\n#15 0x55fe82447748 <unknown>\n#16 0x55fe82447917 <unknown>\n#17 0x55fe82458773 <unknown>\n#18 0x7eff5b418044 <unknown>","time":{"start":1699664969600,"stop":1699664973287,"duration":3687}},{"uid":"b685ab2943f2c0e4","reportUrl":"https://zaelcovsky.github.io/StroyremAutomation/136//#testresult/b685ab2943f2c0e4","status":"broken","statusDetails":"selenium.common.exceptions.NoSuchElementException: Message: no such element: Unable to locate element: {\"method\":\"xpath\",\"selector\":\"//input[@class='amount']\"}\n  (Session info: headless chrome=119.0.6045.105); For documentation on this error, please visit: https://www.selenium.dev/documentation/webdriver/troubleshooting/errors#no-such-element-exception\nStacktrace:\n#0 0x55b5f7ac65e3 <unknown>\n#1 0x55b5f77890b7 <unknown>\n#2 0x55b5f77d6f53 <unknown>\n#3 0x55b5f77d7051 <unknown>\n#4 0x55b5f781c9c4 <unknown>\n#5 0x55b5f77fdf1d <unknown>\n#6 0x55b5f7819b3d <unknown>\n#7 0x55b5f77fdcc3 <unknown>\n#8 0x55b5f77c90e4 <unknown>\n#9 0x55b5f77ca0ae <unknown>\n#10 0x55b5f7a8cce1 <unknown>\n#11 0x55b5f7a90b7e <unknown>\n#12 0x55b5f7a7a4b5 <unknown>\n#13 0x55b5f7a917d6 <unknown>\n#14 0x55b5f7a5ddbf <unknown>\n#15 0x55b5f7ab4748 <unknown>\n#16 0x55b5f7ab4917 <unknown>\n#17 0x55b5f7ac5773 <unknown>\n#18 0x7f26f322c044 <unknown>","time":{"start":1699578708557,"stop":1699578712841,"duration":4284}},{"uid":"da65e28379f7d91e","reportUrl":"https://zaelcovsky.github.io/StroyremAutomation/135//#testresult/da65e28379f7d91e","status":"broken","statusDetails":"selenium.common.exceptions.NoSuchElementException: Message: no such element: Unable to locate element: {\"method\":\"xpath\",\"selector\":\"//input[@class='amount']\"}\n  (Session info: headless chrome=119.0.6045.105); For documentation on this error, please visit: https://www.selenium.dev/documentation/webdriver/troubleshooting/errors#no-such-element-exception\nStacktrace:\n#0 0x558ea80fd5e3 <unknown>\n#1 0x558ea7dc00b7 <unknown>\n#2 0x558ea7e0df53 <unknown>\n#3 0x558ea7e0e051 <unknown>\n#4 0x558ea7e539c4 <unknown>\n#5 0x558ea7e34f1d <unknown>\n#6 0x558ea7e50b3d <unknown>\n#7 0x558ea7e34cc3 <unknown>\n#8 0x558ea7e000e4 <unknown>\n#9 0x558ea7e010ae <unknown>\n#10 0x558ea80c3ce1 <unknown>\n#11 0x558ea80c7b7e <unknown>\n#12 0x558ea80b14b5 <unknown>\n#13 0x558ea80c87d6 <unknown>\n#14 0x558ea8094dbf <unknown>\n#15 0x558ea80eb748 <unknown>\n#16 0x558ea80eb917 <unknown>\n#17 0x558ea80fc773 <unknown>\n#18 0x7fc8e3ec1044 <unknown>","time":{"start":1699492299229,"stop":1699492302613,"duration":3384}}]},"tags":["smoke"]},"source":"13c46dae2382df94.json","parameterValues":["15900","333","'TD 025'","13900","'products/shtukaturka-gipsovaya-aksolit-m50-30-kg-mashinnogo-naneseniya'","7000","'https://sandboxtest.stroyrem-nn.ru/'","10000"]}