{"uid":"4bd18180e6e66c8f","name":"TC 006 - Проверка функциональности ссылки 'Обратный звонок'","fullName":"tests.test_main_page.TestMainPage#test_positive_footer_back_call_smoke","historyId":"e70d08884877bbd8c1896610e4ab110a","time":{"start":1701219977962,"stop":1701219977975,"duration":13},"status":"skipped","statusMessage":"XFAIL Сломалось?\n\nselenium.common.exceptions.NoSuchElementException: Message: no such element: Unable to locate element: {\"method\":\"xpath\",\"selector\":\"(//a[@href='#backcall-popup'])[2]\"}\n  (Session info: headless chrome=119.0.6045.105); For documentation on this error, please visit: https://www.selenium.dev/documentation/webdriver/troubleshooting/errors#no-such-element-exception\nStacktrace:\n#0 0x55de43bec5e3 <unknown>\n#1 0x55de438af0b7 <unknown>\n#2 0x55de438fcf53 <unknown>\n#3 0x55de438fd051 <unknown>\n#4 0x55de439429c4 <unknown>\n#5 0x55de43923f1d <unknown>\n#6 0x55de4393fb3d <unknown>\n#7 0x55de43923cc3 <unknown>\n#8 0x55de438ef0e4 <unknown>\n#9 0x55de438f00ae <unknown>\n#10 0x55de43bb2ce1 <unknown>\n#11 0x55de43bb6b7e <unknown>\n#12 0x55de43ba04b5 <unknown>\n#13 0x55de43bb77d6 <unknown>\n#14 0x55de43b83dbf <unknown>\n#15 0x55de43bda748 <unknown>\n#16 0x55de43bda917 <unknown>\n#17 0x55de43beb773 <unknown>\n#18 0x7f2dbe8ce044 <unknown>","statusTrace":"self = <tests.test_main_page.TestMainPage object at 0x7f7933a75c50>\nmain_page = <pages.main_page.MainPage object at 0x7f79342a3bd0>\n\n    @allure.feature(\"Footer functionality\")\n    @allure.title(\"TC 006 - Проверка функциональности ссылки 'Обратный звонок'\")\n    @pytest.mark.xfail(reason=\"Сломалось?\")\n    @pytest.mark.smoke_test\n    def test_positive_footer_back_call_smoke(self, main_page):\n>       result = main_page.check_call_back_link()\n\ntests/test_main_page.py:67: \n_ _ _ _ _ _ _ _ _ _ _ _ _ _ _ _ _ _ _ _ _ _ _ _ _ _ _ _ _ _ _ _ _ _ _ _ _ _ _ _ \npages/main_page.py:103: in check_call_back_link\n    self.driver.find_element(*self._call_back_link).click()\n/usr/local/lib/python3.11/site-packages/selenium/webdriver/remote/webdriver.py:740: in find_element\n    return self.execute(Command.FIND_ELEMENT, {\"using\": by, \"value\": value})[\"value\"]\n/usr/local/lib/python3.11/site-packages/selenium/webdriver/remote/webdriver.py:346: in execute\n    self.error_handler.check_response(response)\n_ _ _ _ _ _ _ _ _ _ _ _ _ _ _ _ _ _ _ _ _ _ _ _ _ _ _ _ _ _ _ _ _ _ _ _ _ _ _ _ \n\nself = <selenium.webdriver.remote.errorhandler.ErrorHandler object at 0x7f79342a0350>\nresponse = {'status': 404, 'value': '{\"value\":{\"error\":\"no such element\",\"message\":\"no such element: Unable to locate element: {\\...\\\\n#16 0x55de43bda917 \\\\u003Cunknown>\\\\n#17 0x55de43beb773 \\\\u003Cunknown>\\\\n#18 0x7f2dbe8ce044 \\\\u003Cunknown>\\\\n\"}}'}\n\n    def check_response(self, response: Dict[str, Any]) -> None:\n        \"\"\"Checks that a JSON response from the WebDriver does not have an\n        error.\n    \n        :Args:\n         - response - The JSON response from the WebDriver server as a dictionary\n           object.\n    \n        :Raises: If the response contains an error message.\n        \"\"\"\n        status = response.get(\"status\", None)\n        if not status or status == ErrorCode.SUCCESS:\n            return\n        value = None\n        message = response.get(\"message\", \"\")\n        screen: str = response.get(\"screen\", \"\")\n        stacktrace = None\n        if isinstance(status, int):\n            value_json = response.get(\"value\", None)\n            if value_json and isinstance(value_json, str):\n                import json\n    \n                try:\n                    value = json.loads(value_json)\n                    if len(value) == 1:\n                        value = value[\"value\"]\n                    status = value.get(\"error\", None)\n                    if not status:\n                        status = value.get(\"status\", ErrorCode.UNKNOWN_ERROR)\n                        message = value.get(\"value\") or value.get(\"message\")\n                        if not isinstance(message, str):\n                            value = message\n                            message = message.get(\"message\")\n                    else:\n                        message = value.get(\"message\", None)\n                except ValueError:\n                    pass\n    \n        exception_class: Type[WebDriverException]\n        if status in ErrorCode.NO_SUCH_ELEMENT:\n            exception_class = NoSuchElementException\n        elif status in ErrorCode.NO_SUCH_FRAME:\n            exception_class = NoSuchFrameException\n        elif status in ErrorCode.NO_SUCH_SHADOW_ROOT:\n            exception_class = NoSuchShadowRootException\n        elif status in ErrorCode.NO_SUCH_WINDOW:\n            exception_class = NoSuchWindowException\n        elif status in ErrorCode.STALE_ELEMENT_REFERENCE:\n            exception_class = StaleElementReferenceException\n        elif status in ErrorCode.ELEMENT_NOT_VISIBLE:\n            exception_class = ElementNotVisibleException\n        elif status in ErrorCode.INVALID_ELEMENT_STATE:\n            exception_class = InvalidElementStateException\n        elif (\n            status in ErrorCode.INVALID_SELECTOR\n            or status in ErrorCode.INVALID_XPATH_SELECTOR\n            or status in ErrorCode.INVALID_XPATH_SELECTOR_RETURN_TYPER\n        ):\n            exception_class = InvalidSelectorException\n        elif status in ErrorCode.ELEMENT_IS_NOT_SELECTABLE:\n            exception_class = ElementNotSelectableException\n        elif status in ErrorCode.ELEMENT_NOT_INTERACTABLE:\n            exception_class = ElementNotInteractableException\n        elif status in ErrorCode.INVALID_COOKIE_DOMAIN:\n            exception_class = InvalidCookieDomainException\n        elif status in ErrorCode.UNABLE_TO_SET_COOKIE:\n            exception_class = UnableToSetCookieException\n        elif status in ErrorCode.TIMEOUT:\n            exception_class = TimeoutException\n        elif status in ErrorCode.SCRIPT_TIMEOUT:\n            exception_class = TimeoutException\n        elif status in ErrorCode.UNKNOWN_ERROR:\n            exception_class = WebDriverException\n        elif status in ErrorCode.UNEXPECTED_ALERT_OPEN:\n            exception_class = UnexpectedAlertPresentException\n        elif status in ErrorCode.NO_ALERT_OPEN:\n            exception_class = NoAlertPresentException\n        elif status in ErrorCode.IME_NOT_AVAILABLE:\n            exception_class = ImeNotAvailableException\n        elif status in ErrorCode.IME_ENGINE_ACTIVATION_FAILED:\n            exception_class = ImeActivationFailedException\n        elif status in ErrorCode.MOVE_TARGET_OUT_OF_BOUNDS:\n            exception_class = MoveTargetOutOfBoundsException\n        elif status in ErrorCode.JAVASCRIPT_ERROR:\n            exception_class = JavascriptException\n        elif status in ErrorCode.SESSION_NOT_CREATED:\n            exception_class = SessionNotCreatedException\n        elif status in ErrorCode.INVALID_ARGUMENT:\n            exception_class = InvalidArgumentException\n        elif status in ErrorCode.NO_SUCH_COOKIE:\n            exception_class = NoSuchCookieException\n        elif status in ErrorCode.UNABLE_TO_CAPTURE_SCREEN:\n            exception_class = ScreenshotException\n        elif status in ErrorCode.ELEMENT_CLICK_INTERCEPTED:\n            exception_class = ElementClickInterceptedException\n        elif status in ErrorCode.INSECURE_CERTIFICATE:\n            exception_class = InsecureCertificateException\n        elif status in ErrorCode.INVALID_COORDINATES:\n            exception_class = InvalidCoordinatesException\n        elif status in ErrorCode.INVALID_SESSION_ID:\n            exception_class = InvalidSessionIdException\n        elif status in ErrorCode.UNKNOWN_METHOD:\n            exception_class = UnknownMethodException\n        else:\n            exception_class = WebDriverException\n        if not value:\n            value = response[\"value\"]\n        if isinstance(value, str):\n            raise exception_class(value)\n        if message == \"\" and \"message\" in value:\n            message = value[\"message\"]\n    \n        screen = None  # type: ignore[assignment]\n        if \"screen\" in value:\n            screen = value[\"screen\"]\n    \n        stacktrace = None\n        st_value = value.get(\"stackTrace\") or value.get(\"stacktrace\")\n        if st_value:\n            if isinstance(st_value, str):\n                stacktrace = st_value.split(\"\\n\")\n            else:\n                stacktrace = []\n                try:\n                    for frame in st_value:\n                        line = frame.get(\"lineNumber\", \"\")\n                        file = frame.get(\"fileName\", \"<anonymous>\")\n                        if line:\n                            file = f\"{file}:{line}\"\n                        meth = frame.get(\"methodName\", \"<anonymous>\")\n                        if \"className\" in frame:\n                            meth = f\"{frame['className']}.{meth}\"\n                        msg = \"    at %s (%s)\"\n                        msg = msg % (meth, file)\n                        stacktrace.append(msg)\n                except TypeError:\n                    pass\n        if exception_class == UnexpectedAlertPresentException:\n            alert_text = None\n            if \"data\" in value:\n                alert_text = value[\"data\"].get(\"text\")\n            elif \"alert\" in value:\n                alert_text = value[\"alert\"].get(\"text\")\n            raise exception_class(message, screen, stacktrace, alert_text)  # type: ignore[call-arg]  # mypy is not smart enough here\n>       raise exception_class(message, screen, stacktrace)\nE       selenium.common.exceptions.NoSuchElementException: Message: no such element: Unable to locate element: {\"method\":\"xpath\",\"selector\":\"(//a[@href='#backcall-popup'])[2]\"}\nE         (Session info: headless chrome=119.0.6045.105); For documentation on this error, please visit: https://www.selenium.dev/documentation/webdriver/troubleshooting/errors#no-such-element-exception\nE       Stacktrace:\nE       #0 0x55de43bec5e3 <unknown>\nE       #1 0x55de438af0b7 <unknown>\nE       #2 0x55de438fcf53 <unknown>\nE       #3 0x55de438fd051 <unknown>\nE       #4 0x55de439429c4 <unknown>\nE       #5 0x55de43923f1d <unknown>\nE       #6 0x55de4393fb3d <unknown>\nE       #7 0x55de43923cc3 <unknown>\nE       #8 0x55de438ef0e4 <unknown>\nE       #9 0x55de438f00ae <unknown>\nE       #10 0x55de43bb2ce1 <unknown>\nE       #11 0x55de43bb6b7e <unknown>\nE       #12 0x55de43ba04b5 <unknown>\nE       #13 0x55de43bb77d6 <unknown>\nE       #14 0x55de43b83dbf <unknown>\nE       #15 0x55de43bda748 <unknown>\nE       #16 0x55de43bda917 <unknown>\nE       #17 0x55de43beb773 <unknown>\nE       #18 0x7f2dbe8ce044 <unknown>\n\n/usr/local/lib/python3.11/site-packages/selenium/webdriver/remote/errorhandler.py:245: NoSuchElementException","flaky":false,"newFailed":false,"newBroken":false,"newPassed":false,"retriesCount":0,"retriesStatusChange":false,"beforeStages":[{"name":"_session_faker","time":{"start":1701219901912,"stop":1701219901980,"duration":68},"status":"passed","steps":[],"attachments":[],"parameters":[],"shouldDisplayMessage":false,"stepsCount":0,"attachmentsCount":0,"hasContent":false},{"name":"clear_allure_results_folder","time":{"start":1701219901981,"stop":1701219901981,"duration":0},"status":"passed","steps":[],"attachments":[],"parameters":[],"shouldDisplayMessage":false,"stepsCount":0,"attachmentsCount":0,"hasContent":false},{"name":"driver","time":{"start":1701219976822,"stop":1701219977594,"duration":772},"status":"passed","steps":[],"attachments":[],"parameters":[],"shouldDisplayMessage":false,"stepsCount":0,"attachmentsCount":0,"hasContent":false},{"name":"setup","time":{"start":1701219977594,"stop":1701219977594,"duration":0},"status":"passed","steps":[],"attachments":[],"parameters":[],"shouldDisplayMessage":false,"stepsCount":0,"attachmentsCount":0,"hasContent":false},{"name":"main_page","time":{"start":1701219977595,"stop":1701219977961,"duration":366},"status":"passed","steps":[],"attachments":[],"parameters":[],"shouldDisplayMessage":false,"stepsCount":0,"attachmentsCount":0,"hasContent":false}],"testStage":{"status":"skipped","statusMessage":"XFAIL Сломалось?\n\nselenium.common.exceptions.NoSuchElementException: Message: no such element: Unable to locate element: {\"method\":\"xpath\",\"selector\":\"(//a[@href='#backcall-popup'])[2]\"}\n  (Session info: headless chrome=119.0.6045.105); For documentation on this error, please visit: https://www.selenium.dev/documentation/webdriver/troubleshooting/errors#no-such-element-exception\nStacktrace:\n#0 0x55de43bec5e3 <unknown>\n#1 0x55de438af0b7 <unknown>\n#2 0x55de438fcf53 <unknown>\n#3 0x55de438fd051 <unknown>\n#4 0x55de439429c4 <unknown>\n#5 0x55de43923f1d <unknown>\n#6 0x55de4393fb3d <unknown>\n#7 0x55de43923cc3 <unknown>\n#8 0x55de438ef0e4 <unknown>\n#9 0x55de438f00ae <unknown>\n#10 0x55de43bb2ce1 <unknown>\n#11 0x55de43bb6b7e <unknown>\n#12 0x55de43ba04b5 <unknown>\n#13 0x55de43bb77d6 <unknown>\n#14 0x55de43b83dbf <unknown>\n#15 0x55de43bda748 <unknown>\n#16 0x55de43bda917 <unknown>\n#17 0x55de43beb773 <unknown>\n#18 0x7f2dbe8ce044 <unknown>","statusTrace":"self = <tests.test_main_page.TestMainPage object at 0x7f7933a75c50>\nmain_page = <pages.main_page.MainPage object at 0x7f79342a3bd0>\n\n    @allure.feature(\"Footer functionality\")\n    @allure.title(\"TC 006 - Проверка функциональности ссылки 'Обратный звонок'\")\n    @pytest.mark.xfail(reason=\"Сломалось?\")\n    @pytest.mark.smoke_test\n    def test_positive_footer_back_call_smoke(self, main_page):\n>       result = main_page.check_call_back_link()\n\ntests/test_main_page.py:67: \n_ _ _ _ _ _ _ _ _ _ _ _ _ _ _ _ _ _ _ _ _ _ _ _ _ _ _ _ _ _ _ _ _ _ _ _ _ _ _ _ \npages/main_page.py:103: in check_call_back_link\n    self.driver.find_element(*self._call_back_link).click()\n/usr/local/lib/python3.11/site-packages/selenium/webdriver/remote/webdriver.py:740: in find_element\n    return self.execute(Command.FIND_ELEMENT, {\"using\": by, \"value\": value})[\"value\"]\n/usr/local/lib/python3.11/site-packages/selenium/webdriver/remote/webdriver.py:346: in execute\n    self.error_handler.check_response(response)\n_ _ _ _ _ _ _ _ _ _ _ _ _ _ _ _ _ _ _ _ _ _ _ _ _ _ _ _ _ _ _ _ _ _ _ _ _ _ _ _ \n\nself = <selenium.webdriver.remote.errorhandler.ErrorHandler object at 0x7f79342a0350>\nresponse = {'status': 404, 'value': '{\"value\":{\"error\":\"no such element\",\"message\":\"no such element: Unable to locate element: {\\...\\\\n#16 0x55de43bda917 \\\\u003Cunknown>\\\\n#17 0x55de43beb773 \\\\u003Cunknown>\\\\n#18 0x7f2dbe8ce044 \\\\u003Cunknown>\\\\n\"}}'}\n\n    def check_response(self, response: Dict[str, Any]) -> None:\n        \"\"\"Checks that a JSON response from the WebDriver does not have an\n        error.\n    \n        :Args:\n         - response - The JSON response from the WebDriver server as a dictionary\n           object.\n    \n        :Raises: If the response contains an error message.\n        \"\"\"\n        status = response.get(\"status\", None)\n        if not status or status == ErrorCode.SUCCESS:\n            return\n        value = None\n        message = response.get(\"message\", \"\")\n        screen: str = response.get(\"screen\", \"\")\n        stacktrace = None\n        if isinstance(status, int):\n            value_json = response.get(\"value\", None)\n            if value_json and isinstance(value_json, str):\n                import json\n    \n                try:\n                    value = json.loads(value_json)\n                    if len(value) == 1:\n                        value = value[\"value\"]\n                    status = value.get(\"error\", None)\n                    if not status:\n                        status = value.get(\"status\", ErrorCode.UNKNOWN_ERROR)\n                        message = value.get(\"value\") or value.get(\"message\")\n                        if not isinstance(message, str):\n                            value = message\n                            message = message.get(\"message\")\n                    else:\n                        message = value.get(\"message\", None)\n                except ValueError:\n                    pass\n    \n        exception_class: Type[WebDriverException]\n        if status in ErrorCode.NO_SUCH_ELEMENT:\n            exception_class = NoSuchElementException\n        elif status in ErrorCode.NO_SUCH_FRAME:\n            exception_class = NoSuchFrameException\n        elif status in ErrorCode.NO_SUCH_SHADOW_ROOT:\n            exception_class = NoSuchShadowRootException\n        elif status in ErrorCode.NO_SUCH_WINDOW:\n            exception_class = NoSuchWindowException\n        elif status in ErrorCode.STALE_ELEMENT_REFERENCE:\n            exception_class = StaleElementReferenceException\n        elif status in ErrorCode.ELEMENT_NOT_VISIBLE:\n            exception_class = ElementNotVisibleException\n        elif status in ErrorCode.INVALID_ELEMENT_STATE:\n            exception_class = InvalidElementStateException\n        elif (\n            status in ErrorCode.INVALID_SELECTOR\n            or status in ErrorCode.INVALID_XPATH_SELECTOR\n            or status in ErrorCode.INVALID_XPATH_SELECTOR_RETURN_TYPER\n        ):\n            exception_class = InvalidSelectorException\n        elif status in ErrorCode.ELEMENT_IS_NOT_SELECTABLE:\n            exception_class = ElementNotSelectableException\n        elif status in ErrorCode.ELEMENT_NOT_INTERACTABLE:\n            exception_class = ElementNotInteractableException\n        elif status in ErrorCode.INVALID_COOKIE_DOMAIN:\n            exception_class = InvalidCookieDomainException\n        elif status in ErrorCode.UNABLE_TO_SET_COOKIE:\n            exception_class = UnableToSetCookieException\n        elif status in ErrorCode.TIMEOUT:\n            exception_class = TimeoutException\n        elif status in ErrorCode.SCRIPT_TIMEOUT:\n            exception_class = TimeoutException\n        elif status in ErrorCode.UNKNOWN_ERROR:\n            exception_class = WebDriverException\n        elif status in ErrorCode.UNEXPECTED_ALERT_OPEN:\n            exception_class = UnexpectedAlertPresentException\n        elif status in ErrorCode.NO_ALERT_OPEN:\n            exception_class = NoAlertPresentException\n        elif status in ErrorCode.IME_NOT_AVAILABLE:\n            exception_class = ImeNotAvailableException\n        elif status in ErrorCode.IME_ENGINE_ACTIVATION_FAILED:\n            exception_class = ImeActivationFailedException\n        elif status in ErrorCode.MOVE_TARGET_OUT_OF_BOUNDS:\n            exception_class = MoveTargetOutOfBoundsException\n        elif status in ErrorCode.JAVASCRIPT_ERROR:\n            exception_class = JavascriptException\n        elif status in ErrorCode.SESSION_NOT_CREATED:\n            exception_class = SessionNotCreatedException\n        elif status in ErrorCode.INVALID_ARGUMENT:\n            exception_class = InvalidArgumentException\n        elif status in ErrorCode.NO_SUCH_COOKIE:\n            exception_class = NoSuchCookieException\n        elif status in ErrorCode.UNABLE_TO_CAPTURE_SCREEN:\n            exception_class = ScreenshotException\n        elif status in ErrorCode.ELEMENT_CLICK_INTERCEPTED:\n            exception_class = ElementClickInterceptedException\n        elif status in ErrorCode.INSECURE_CERTIFICATE:\n            exception_class = InsecureCertificateException\n        elif status in ErrorCode.INVALID_COORDINATES:\n            exception_class = InvalidCoordinatesException\n        elif status in ErrorCode.INVALID_SESSION_ID:\n            exception_class = InvalidSessionIdException\n        elif status in ErrorCode.UNKNOWN_METHOD:\n            exception_class = UnknownMethodException\n        else:\n            exception_class = WebDriverException\n        if not value:\n            value = response[\"value\"]\n        if isinstance(value, str):\n            raise exception_class(value)\n        if message == \"\" and \"message\" in value:\n            message = value[\"message\"]\n    \n        screen = None  # type: ignore[assignment]\n        if \"screen\" in value:\n            screen = value[\"screen\"]\n    \n        stacktrace = None\n        st_value = value.get(\"stackTrace\") or value.get(\"stacktrace\")\n        if st_value:\n            if isinstance(st_value, str):\n                stacktrace = st_value.split(\"\\n\")\n            else:\n                stacktrace = []\n                try:\n                    for frame in st_value:\n                        line = frame.get(\"lineNumber\", \"\")\n                        file = frame.get(\"fileName\", \"<anonymous>\")\n                        if line:\n                            file = f\"{file}:{line}\"\n                        meth = frame.get(\"methodName\", \"<anonymous>\")\n                        if \"className\" in frame:\n                            meth = f\"{frame['className']}.{meth}\"\n                        msg = \"    at %s (%s)\"\n                        msg = msg % (meth, file)\n                        stacktrace.append(msg)\n                except TypeError:\n                    pass\n        if exception_class == UnexpectedAlertPresentException:\n            alert_text = None\n            if \"data\" in value:\n                alert_text = value[\"data\"].get(\"text\")\n            elif \"alert\" in value:\n                alert_text = value[\"alert\"].get(\"text\")\n            raise exception_class(message, screen, stacktrace, alert_text)  # type: ignore[call-arg]  # mypy is not smart enough here\n>       raise exception_class(message, screen, stacktrace)\nE       selenium.common.exceptions.NoSuchElementException: Message: no such element: Unable to locate element: {\"method\":\"xpath\",\"selector\":\"(//a[@href='#backcall-popup'])[2]\"}\nE         (Session info: headless chrome=119.0.6045.105); For documentation on this error, please visit: https://www.selenium.dev/documentation/webdriver/troubleshooting/errors#no-such-element-exception\nE       Stacktrace:\nE       #0 0x55de43bec5e3 <unknown>\nE       #1 0x55de438af0b7 <unknown>\nE       #2 0x55de438fcf53 <unknown>\nE       #3 0x55de438fd051 <unknown>\nE       #4 0x55de439429c4 <unknown>\nE       #5 0x55de43923f1d <unknown>\nE       #6 0x55de4393fb3d <unknown>\nE       #7 0x55de43923cc3 <unknown>\nE       #8 0x55de438ef0e4 <unknown>\nE       #9 0x55de438f00ae <unknown>\nE       #10 0x55de43bb2ce1 <unknown>\nE       #11 0x55de43bb6b7e <unknown>\nE       #12 0x55de43ba04b5 <unknown>\nE       #13 0x55de43bb77d6 <unknown>\nE       #14 0x55de43b83dbf <unknown>\nE       #15 0x55de43bda748 <unknown>\nE       #16 0x55de43bda917 <unknown>\nE       #17 0x55de43beb773 <unknown>\nE       #18 0x7f2dbe8ce044 <unknown>\n\n/usr/local/lib/python3.11/site-packages/selenium/webdriver/remote/errorhandler.py:245: NoSuchElementException","steps":[{"name":"Проверка функциональности ссылки 'Обратный звонок'","time":{"start":1701219977962,"stop":1701219977975,"duration":13},"status":"broken","statusMessage":"selenium.common.exceptions.NoSuchElementException: Message: no such element: Unable to locate element: {\"method\":\"xpath\",\"selector\":\"(//a[@href='#backcall-popup'])[2]\"}\n  (Session info: headless chrome=119.0.6045.105); For documentation on this error, please visit: https://www.selenium.dev/documentation/webdriver/troubleshooting/errors#no-such-element-exception\nStacktrace:\n#0 0x55de43bec5e3 <unknown>\n#1 0x55de438af0b7 <unknown>\n#2 0x55de438fcf53 <unknown>\n#3 0x55de438fd051 <unknown>\n#4 0x55de439429c4 <unknown>\n#5 0x55de43923f1d <unknown>\n#6 0x55de4393fb3d <unknown>\n#7 0x55de43923cc3 <unknown>\n#8 0x55de438ef0e4 <unknown>\n#9 0x55de438f00ae <unknown>\n#10 0x55de43bb2ce1 <unknown>\n#11 0x55de43bb6b7e <unknown>\n#12 0x55de43ba04b5 <unknown>\n#13 0x55de43bb77d6 <unknown>\n#14 0x55de43b83dbf <unknown>\n#15 0x55de43bda748 <unknown>\n#16 0x55de43bda917 <unknown>\n#17 0x55de43beb773 <unknown>\n#18 0x7f2dbe8ce044 <unknown>\n\n","statusTrace":"  File \"/usr/local/lib/python3.11/site-packages/allure_commons/_allure.py\", line 192, in impl\n    return func(*a, **kw)\n           ^^^^^^^^^^^^^^\n  File \"/app/pages/main_page.py\", line 103, in check_call_back_link\n    self.driver.find_element(*self._call_back_link).click()\n    ^^^^^^^^^^^^^^^^^^^^^^^^^^^^^^^^^^^^^^^^^^^^^^^\n  File \"/usr/local/lib/python3.11/site-packages/selenium/webdriver/remote/webdriver.py\", line 740, in find_element\n    return self.execute(Command.FIND_ELEMENT, {\"using\": by, \"value\": value})[\"value\"]\n           ^^^^^^^^^^^^^^^^^^^^^^^^^^^^^^^^^^^^^^^^^^^^^^^^^^^^^^^^^^^^^^^^^\n  File \"/usr/local/lib/python3.11/site-packages/selenium/webdriver/remote/webdriver.py\", line 346, in execute\n    self.error_handler.check_response(response)\n  File \"/usr/local/lib/python3.11/site-packages/selenium/webdriver/remote/errorhandler.py\", line 245, in check_response\n    raise exception_class(message, screen, stacktrace)\n","steps":[],"attachments":[],"parameters":[],"shouldDisplayMessage":true,"stepsCount":0,"attachmentsCount":0,"hasContent":true}],"attachments":[{"uid":"795a24604db651d9","name":"Screenshot","source":"795a24604db651d9.png","type":"image/png","size":39127},{"uid":"6358a1a5e3e2f21e","name":"HTML source","source":"6358a1a5e3e2f21e.html","type":"text/html","size":538}],"parameters":[],"shouldDisplayMessage":true,"stepsCount":1,"attachmentsCount":2,"hasContent":true},"afterStages":[{"name":"setup::0","time":{"start":1701219978092,"stop":1701219978092,"duration":0},"status":"passed","steps":[],"attachments":[],"parameters":[],"shouldDisplayMessage":false,"stepsCount":0,"attachmentsCount":0,"hasContent":false},{"name":"driver::0","time":{"start":1701219978092,"stop":1701219978149,"duration":57},"status":"passed","steps":[],"attachments":[],"parameters":[],"shouldDisplayMessage":false,"stepsCount":0,"attachmentsCount":0,"hasContent":false}],"labels":[{"name":"epic","value":"Main Page"},{"name":"feature","value":"Footer functionality"},{"name":"tag","value":"smoke_test"},{"name":"tag","value":"@pytest.mark.xfail(reason='Сломалось?')"},{"name":"parentSuite","value":"tests"},{"name":"suite","value":"test_main_page"},{"name":"subSuite","value":"TestMainPage"},{"name":"host","value":"53635196b781"},{"name":"thread","value":"1-MainThread"},{"name":"framework","value":"pytest"},{"name":"language","value":"cpython3"},{"name":"package","value":"tests.test_main_page"},{"name":"resultFormat","value":"allure2"}],"parameters":[{"name":"url","value":"'https://test2.stroyrem-nn.ru/'"}],"links":[],"hidden":false,"retry":false,"extra":{"severity":"normal","retries":[],"categories":[],"history":{"statistic":{"failed":0,"broken":7,"skipped":91,"passed":14,"unknown":0,"total":112},"items":[{"uid":"ab565a3a2d9c3265","reportUrl":"https://zaelcovsky.github.io/StroyremAutomation/154//#testresult/ab565a3a2d9c3265","status":"skipped","statusDetails":"XFAIL Сломалось?\n\nselenium.common.exceptions.NoSuchElementException: Message: no such element: Unable to locate element: {\"method\":\"xpath\",\"selector\":\"(//a[@href='#backcall-popup'])[2]\"}\n  (Session info: headless chrome=119.0.6045.105); For documentation on this error, please visit: https://www.selenium.dev/documentation/webdriver/troubleshooting/errors#no-such-element-exception\nStacktrace:\n#0 0x55af989285e3 <unknown>\n#1 0x55af985eb0b7 <unknown>\n#2 0x55af98638f53 <unknown>\n#3 0x55af98639051 <unknown>\n#4 0x55af9867e9c4 <unknown>\n#5 0x55af9865ff1d <unknown>\n#6 0x55af9867bb3d <unknown>\n#7 0x55af9865fcc3 <unknown>\n#8 0x55af9862b0e4 <unknown>\n#9 0x55af9862c0ae <unknown>\n#10 0x55af988eece1 <unknown>\n#11 0x55af988f2b7e <unknown>\n#12 0x55af988dc4b5 <unknown>\n#13 0x55af988f37d6 <unknown>\n#14 0x55af988bfdbf <unknown>\n#15 0x55af98916748 <unknown>\n#16 0x55af98916917 <unknown>\n#17 0x55af98927773 <unknown>\n#18 0x7fb37c186044 <unknown>","time":{"start":1701133580368,"stop":1701133580381,"duration":13}},{"uid":"59e946cbc1b38150","reportUrl":"https://zaelcovsky.github.io/StroyremAutomation/153//#testresult/59e946cbc1b38150","status":"skipped","statusDetails":"XFAIL Сломалось?\n\nselenium.common.exceptions.NoSuchElementException: Message: no such element: Unable to locate element: {\"method\":\"xpath\",\"selector\":\"(//a[@href='#backcall-popup'])[2]\"}\n  (Session info: headless chrome=119.0.6045.105); For documentation on this error, please visit: https://www.selenium.dev/documentation/webdriver/troubleshooting/errors#no-such-element-exception\nStacktrace:\n#0 0x56212620e5e3 <unknown>\n#1 0x562125ed10b7 <unknown>\n#2 0x562125f1ef53 <unknown>\n#3 0x562125f1f051 <unknown>\n#4 0x562125f649c4 <unknown>\n#5 0x562125f45f1d <unknown>\n#6 0x562125f61b3d <unknown>\n#7 0x562125f45cc3 <unknown>\n#8 0x562125f110e4 <unknown>\n#9 0x562125f120ae <unknown>\n#10 0x5621261d4ce1 <unknown>\n#11 0x5621261d8b7e <unknown>\n#12 0x5621261c24b5 <unknown>\n#13 0x5621261d97d6 <unknown>\n#14 0x5621261a5dbf <unknown>\n#15 0x5621261fc748 <unknown>\n#16 0x5621261fc917 <unknown>\n#17 0x56212620d773 <unknown>\n#18 0x7ff8e22fd044 <unknown>","time":{"start":1701047160102,"stop":1701047160115,"duration":13}},{"uid":"248cb2a48b7d20b8","reportUrl":"https://zaelcovsky.github.io/StroyremAutomation/152//#testresult/248cb2a48b7d20b8","status":"skipped","statusDetails":"XFAIL Сломалось?\n\nselenium.common.exceptions.NoSuchElementException: Message: no such element: Unable to locate element: {\"method\":\"xpath\",\"selector\":\"(//a[@href='#backcall-popup'])[2]\"}\n  (Session info: headless chrome=119.0.6045.105); For documentation on this error, please visit: https://www.selenium.dev/documentation/webdriver/troubleshooting/errors#no-such-element-exception\nStacktrace:\n#0 0x55e8ef87f5e3 <unknown>\n#1 0x55e8ef5420b7 <unknown>\n#2 0x55e8ef58ff53 <unknown>\n#3 0x55e8ef590051 <unknown>\n#4 0x55e8ef5d59c4 <unknown>\n#5 0x55e8ef5b6f1d <unknown>\n#6 0x55e8ef5d2b3d <unknown>\n#7 0x55e8ef5b6cc3 <unknown>\n#8 0x55e8ef5820e4 <unknown>\n#9 0x55e8ef5830ae <unknown>\n#10 0x55e8ef845ce1 <unknown>\n#11 0x55e8ef849b7e <unknown>\n#12 0x55e8ef8334b5 <unknown>\n#13 0x55e8ef84a7d6 <unknown>\n#14 0x55e8ef816dbf <unknown>\n#15 0x55e8ef86d748 <unknown>\n#16 0x55e8ef86d917 <unknown>\n#17 0x55e8ef87e773 <unknown>\n#18 0x7fd6292f5044 <unknown>","time":{"start":1700960987647,"stop":1700960987660,"duration":13}},{"uid":"24c18fc53dd69dd0","reportUrl":"https://zaelcovsky.github.io/StroyremAutomation/151//#testresult/24c18fc53dd69dd0","status":"skipped","statusDetails":"XFAIL Сломалось?\n\nselenium.common.exceptions.NoSuchElementException: Message: no such element: Unable to locate element: {\"method\":\"xpath\",\"selector\":\"(//a[@href='#backcall-popup'])[2]\"}\n  (Session info: headless chrome=119.0.6045.105); For documentation on this error, please visit: https://www.selenium.dev/documentation/webdriver/troubleshooting/errors#no-such-element-exception\nStacktrace:\n#0 0x560ea70645e3 <unknown>\n#1 0x560ea6d270b7 <unknown>\n#2 0x560ea6d74f53 <unknown>\n#3 0x560ea6d75051 <unknown>\n#4 0x560ea6dba9c4 <unknown>\n#5 0x560ea6d9bf1d <unknown>\n#6 0x560ea6db7b3d <unknown>\n#7 0x560ea6d9bcc3 <unknown>\n#8 0x560ea6d670e4 <unknown>\n#9 0x560ea6d680ae <unknown>\n#10 0x560ea702ace1 <unknown>\n#11 0x560ea702eb7e <unknown>\n#12 0x560ea70184b5 <unknown>\n#13 0x560ea702f7d6 <unknown>\n#14 0x560ea6ffbdbf <unknown>\n#15 0x560ea7052748 <unknown>\n#16 0x560ea7052917 <unknown>\n#17 0x560ea7063773 <unknown>\n#18 0x7f1df9d08044 <unknown>","time":{"start":1700874180470,"stop":1700874180483,"duration":13}},{"uid":"a088986f98c81871","reportUrl":"https://zaelcovsky.github.io/StroyremAutomation/150//#testresult/a088986f98c81871","status":"skipped","statusDetails":"XFAIL Сломалось?\n\nselenium.common.exceptions.NoSuchElementException: Message: no such element: Unable to locate element: {\"method\":\"xpath\",\"selector\":\"(//a[@href='#backcall-popup'])[2]\"}\n  (Session info: headless chrome=119.0.6045.105); For documentation on this error, please visit: https://www.selenium.dev/documentation/webdriver/troubleshooting/errors#no-such-element-exception\nStacktrace:\n#0 0x55e651d455e3 <unknown>\n#1 0x55e651a080b7 <unknown>\n#2 0x55e651a55f53 <unknown>\n#3 0x55e651a56051 <unknown>\n#4 0x55e651a9b9c4 <unknown>\n#5 0x55e651a7cf1d <unknown>\n#6 0x55e651a98b3d <unknown>\n#7 0x55e651a7ccc3 <unknown>\n#8 0x55e651a480e4 <unknown>\n#9 0x55e651a490ae <unknown>\n#10 0x55e651d0bce1 <unknown>\n#11 0x55e651d0fb7e <unknown>\n#12 0x55e651cf94b5 <unknown>\n#13 0x55e651d107d6 <unknown>\n#14 0x55e651cdcdbf <unknown>\n#15 0x55e651d33748 <unknown>\n#16 0x55e651d33917 <unknown>\n#17 0x55e651d44773 <unknown>\n#18 0x7ff3fad9f044 <unknown>","time":{"start":1700787859504,"stop":1700787859517,"duration":13}},{"uid":"1eb5f0db93a18ee8","reportUrl":"https://zaelcovsky.github.io/StroyremAutomation/149//#testresult/1eb5f0db93a18ee8","status":"skipped","statusDetails":"XFAIL Сломалось?\n\nselenium.common.exceptions.NoSuchElementException: Message: no such element: Unable to locate element: {\"method\":\"xpath\",\"selector\":\"(//a[@href='#backcall-popup'])[2]\"}\n  (Session info: headless chrome=119.0.6045.105); For documentation on this error, please visit: https://www.selenium.dev/documentation/webdriver/troubleshooting/errors#no-such-element-exception\nStacktrace:\n#0 0x55b8905da5e3 <unknown>\n#1 0x55b89029d0b7 <unknown>\n#2 0x55b8902eaf53 <unknown>\n#3 0x55b8902eb051 <unknown>\n#4 0x55b8903309c4 <unknown>\n#5 0x55b890311f1d <unknown>\n#6 0x55b89032db3d <unknown>\n#7 0x55b890311cc3 <unknown>\n#8 0x55b8902dd0e4 <unknown>\n#9 0x55b8902de0ae <unknown>\n#10 0x55b8905a0ce1 <unknown>\n#11 0x55b8905a4b7e <unknown>\n#12 0x55b89058e4b5 <unknown>\n#13 0x55b8905a57d6 <unknown>\n#14 0x55b890571dbf <unknown>\n#15 0x55b8905c8748 <unknown>\n#16 0x55b8905c8917 <unknown>\n#17 0x55b8905d9773 <unknown>\n#18 0x7fac99738044 <unknown>","time":{"start":1700701503583,"stop":1700701503597,"duration":14}},{"uid":"198b3ff0f93ebb42","reportUrl":"https://zaelcovsky.github.io/StroyremAutomation/148//#testresult/198b3ff0f93ebb42","status":"skipped","statusDetails":"XFAIL Сломалось?\n\nselenium.common.exceptions.NoSuchElementException: Message: no such element: Unable to locate element: {\"method\":\"xpath\",\"selector\":\"(//a[@href='#backcall-popup'])[2]\"}\n  (Session info: headless chrome=119.0.6045.105); For documentation on this error, please visit: https://www.selenium.dev/documentation/webdriver/troubleshooting/errors#no-such-element-exception\nStacktrace:\n#0 0x5638a98a75e3 <unknown>\n#1 0x5638a956a0b7 <unknown>\n#2 0x5638a95b7f53 <unknown>\n#3 0x5638a95b8051 <unknown>\n#4 0x5638a95fd9c4 <unknown>\n#5 0x5638a95def1d <unknown>\n#6 0x5638a95fab3d <unknown>\n#7 0x5638a95decc3 <unknown>\n#8 0x5638a95aa0e4 <unknown>\n#9 0x5638a95ab0ae <unknown>\n#10 0x5638a986dce1 <unknown>\n#11 0x5638a9871b7e <unknown>\n#12 0x5638a985b4b5 <unknown>\n#13 0x5638a98727d6 <unknown>\n#14 0x5638a983edbf <unknown>\n#15 0x5638a9895748 <unknown>\n#16 0x5638a9895917 <unknown>\n#17 0x5638a98a6773 <unknown>\n#18 0x7fe1f0bd5044 <unknown>","time":{"start":1700615252101,"stop":1700615252114,"duration":13}},{"uid":"e642cce66b35d6f","reportUrl":"https://zaelcovsky.github.io/StroyremAutomation/147//#testresult/e642cce66b35d6f","status":"skipped","statusDetails":"XFAIL Сломалось?\n\nselenium.common.exceptions.NoSuchElementException: Message: no such element: Unable to locate element: {\"method\":\"xpath\",\"selector\":\"(//a[@href='#backcall-popup'])[2]\"}\n  (Session info: headless chrome=119.0.6045.105); For documentation on this error, please visit: https://www.selenium.dev/documentation/webdriver/troubleshooting/errors#no-such-element-exception\nStacktrace:\n#0 0x56445a82a5e3 <unknown>\n#1 0x56445a4ed0b7 <unknown>\n#2 0x56445a53af53 <unknown>\n#3 0x56445a53b051 <unknown>\n#4 0x56445a5809c4 <unknown>\n#5 0x56445a561f1d <unknown>\n#6 0x56445a57db3d <unknown>\n#7 0x56445a561cc3 <unknown>\n#8 0x56445a52d0e4 <unknown>\n#9 0x56445a52e0ae <unknown>\n#10 0x56445a7f0ce1 <unknown>\n#11 0x56445a7f4b7e <unknown>\n#12 0x56445a7de4b5 <unknown>\n#13 0x56445a7f57d6 <unknown>\n#14 0x56445a7c1dbf <unknown>\n#15 0x56445a818748 <unknown>\n#16 0x56445a818917 <unknown>\n#17 0x56445a829773 <unknown>\n#18 0x7fc45facd044 <unknown>","time":{"start":1700528818153,"stop":1700528818167,"duration":14}},{"uid":"916c6a521160f2e0","reportUrl":"https://zaelcovsky.github.io/StroyremAutomation/146//#testresult/916c6a521160f2e0","status":"skipped","statusDetails":"XFAIL Сломалось?\n\nselenium.common.exceptions.NoSuchElementException: Message: no such element: Unable to locate element: {\"method\":\"xpath\",\"selector\":\"(//a[@href='#backcall-popup'])[2]\"}\n  (Session info: headless chrome=119.0.6045.105); For documentation on this error, please visit: https://www.selenium.dev/documentation/webdriver/troubleshooting/errors#no-such-element-exception\nStacktrace:\n#0 0x556346add5e3 <unknown>\n#1 0x5563467a00b7 <unknown>\n#2 0x5563467edf53 <unknown>\n#3 0x5563467ee051 <unknown>\n#4 0x5563468339c4 <unknown>\n#5 0x556346814f1d <unknown>\n#6 0x556346830b3d <unknown>\n#7 0x556346814cc3 <unknown>\n#8 0x5563467e00e4 <unknown>\n#9 0x5563467e10ae <unknown>\n#10 0x556346aa3ce1 <unknown>\n#11 0x556346aa7b7e <unknown>\n#12 0x556346a914b5 <unknown>\n#13 0x556346aa87d6 <unknown>\n#14 0x556346a74dbf <unknown>\n#15 0x556346acb748 <unknown>\n#16 0x556346acb917 <unknown>\n#17 0x556346adc773 <unknown>\n#18 0x7fe8496b6044 <unknown>","time":{"start":1700442383384,"stop":1700442383397,"duration":13}},{"uid":"8947133013b0e0ae","reportUrl":"https://zaelcovsky.github.io/StroyremAutomation/145//#testresult/8947133013b0e0ae","status":"skipped","statusDetails":"XFAIL Сломалось?\n\nselenium.common.exceptions.NoSuchElementException: Message: no such element: Unable to locate element: {\"method\":\"xpath\",\"selector\":\"(//a[@href='#backcall-popup'])[2]\"}\n  (Session info: headless chrome=119.0.6045.105); For documentation on this error, please visit: https://www.selenium.dev/documentation/webdriver/troubleshooting/errors#no-such-element-exception\nStacktrace:\n#0 0x564faffdb5e3 <unknown>\n#1 0x564fafc9e0b7 <unknown>\n#2 0x564fafcebf53 <unknown>\n#3 0x564fafcec051 <unknown>\n#4 0x564fafd319c4 <unknown>\n#5 0x564fafd12f1d <unknown>\n#6 0x564fafd2eb3d <unknown>\n#7 0x564fafd12cc3 <unknown>\n#8 0x564fafcde0e4 <unknown>\n#9 0x564fafcdf0ae <unknown>\n#10 0x564faffa1ce1 <unknown>\n#11 0x564faffa5b7e <unknown>\n#12 0x564faff8f4b5 <unknown>\n#13 0x564faffa67d6 <unknown>\n#14 0x564faff72dbf <unknown>\n#15 0x564faffc9748 <unknown>\n#16 0x564faffc9917 <unknown>\n#17 0x564faffda773 <unknown>\n#18 0x7fa53fa24044 <unknown>","time":{"start":1700356177363,"stop":1700356177376,"duration":13}},{"uid":"6bae7a666416e2f5","reportUrl":"https://zaelcovsky.github.io/StroyremAutomation/144//#testresult/6bae7a666416e2f5","status":"skipped","statusDetails":"XFAIL Сломалось?\n\nselenium.common.exceptions.NoSuchElementException: Message: no such element: Unable to locate element: {\"method\":\"xpath\",\"selector\":\"(//a[@href='#backcall-popup'])[2]\"}\n  (Session info: headless chrome=119.0.6045.105); For documentation on this error, please visit: https://www.selenium.dev/documentation/webdriver/troubleshooting/errors#no-such-element-exception\nStacktrace:\n#0 0x56209b47f5e3 <unknown>\n#1 0x56209b1420b7 <unknown>\n#2 0x56209b18ff53 <unknown>\n#3 0x56209b190051 <unknown>\n#4 0x56209b1d59c4 <unknown>\n#5 0x56209b1b6f1d <unknown>\n#6 0x56209b1d2b3d <unknown>\n#7 0x56209b1b6cc3 <unknown>\n#8 0x56209b1820e4 <unknown>\n#9 0x56209b1830ae <unknown>\n#10 0x56209b445ce1 <unknown>\n#11 0x56209b449b7e <unknown>\n#12 0x56209b4334b5 <unknown>\n#13 0x56209b44a7d6 <unknown>\n#14 0x56209b416dbf <unknown>\n#15 0x56209b46d748 <unknown>\n#16 0x56209b46d917 <unknown>\n#17 0x56209b47e773 <unknown>\n#18 0x7feeac9ed044 <unknown>","time":{"start":1700269508693,"stop":1700269508706,"duration":13}},{"uid":"26e8a7200df1a765","reportUrl":"https://zaelcovsky.github.io/StroyremAutomation/143//#testresult/26e8a7200df1a765","status":"skipped","statusDetails":"XFAIL Сломалось?\n\nselenium.common.exceptions.NoSuchElementException: Message: no such element: Unable to locate element: {\"method\":\"xpath\",\"selector\":\"(//a[@href='#backcall-popup'])[2]\"}\n  (Session info: headless chrome=119.0.6045.105); For documentation on this error, please visit: https://www.selenium.dev/documentation/webdriver/troubleshooting/errors#no-such-element-exception\nStacktrace:\n#0 0x55f40d1ea5e3 <unknown>\n#1 0x55f40cead0b7 <unknown>\n#2 0x55f40cefaf53 <unknown>\n#3 0x55f40cefb051 <unknown>\n#4 0x55f40cf409c4 <unknown>\n#5 0x55f40cf21f1d <unknown>\n#6 0x55f40cf3db3d <unknown>\n#7 0x55f40cf21cc3 <unknown>\n#8 0x55f40ceed0e4 <unknown>\n#9 0x55f40ceee0ae <unknown>\n#10 0x55f40d1b0ce1 <unknown>\n#11 0x55f40d1b4b7e <unknown>\n#12 0x55f40d19e4b5 <unknown>\n#13 0x55f40d1b57d6 <unknown>\n#14 0x55f40d181dbf <unknown>\n#15 0x55f40d1d8748 <unknown>\n#16 0x55f40d1d8917 <unknown>\n#17 0x55f40d1e9773 <unknown>\n#18 0x7f8f45518044 <unknown>","time":{"start":1700183148332,"stop":1700183148345,"duration":13}},{"uid":"45885a7d918972d9","reportUrl":"https://zaelcovsky.github.io/StroyremAutomation/142//#testresult/45885a7d918972d9","status":"skipped","statusDetails":"XFAIL Сломалось?\n\nselenium.common.exceptions.NoSuchElementException: Message: no such element: Unable to locate element: {\"method\":\"xpath\",\"selector\":\"(//a[@href='#backcall-popup'])[2]\"}\n  (Session info: headless chrome=119.0.6045.105); For documentation on this error, please visit: https://www.selenium.dev/documentation/webdriver/troubleshooting/errors#no-such-element-exception\nStacktrace:\n#0 0x55dacdaf05e3 <unknown>\n#1 0x55dacd7b30b7 <unknown>\n#2 0x55dacd800f53 <unknown>\n#3 0x55dacd801051 <unknown>\n#4 0x55dacd8469c4 <unknown>\n#5 0x55dacd827f1d <unknown>\n#6 0x55dacd843b3d <unknown>\n#7 0x55dacd827cc3 <unknown>\n#8 0x55dacd7f30e4 <unknown>\n#9 0x55dacd7f40ae <unknown>\n#10 0x55dacdab6ce1 <unknown>\n#11 0x55dacdabab7e <unknown>\n#12 0x55dacdaa44b5 <unknown>\n#13 0x55dacdabb7d6 <unknown>\n#14 0x55dacda87dbf <unknown>\n#15 0x55dacdade748 <unknown>\n#16 0x55dacdade917 <unknown>\n#17 0x55dacdaef773 <unknown>\n#18 0x7f155e080044 <unknown>","time":{"start":1700096749212,"stop":1700096749225,"duration":13}},{"uid":"fcc059402bcec729","reportUrl":"https://zaelcovsky.github.io/StroyremAutomation/141//#testresult/fcc059402bcec729","status":"skipped","statusDetails":"XFAIL Сломалось?\n\nselenium.common.exceptions.NoSuchElementException: Message: no such element: Unable to locate element: {\"method\":\"xpath\",\"selector\":\"(//a[@href='#backcall-popup'])[2]\"}\n  (Session info: headless chrome=119.0.6045.105); For documentation on this error, please visit: https://www.selenium.dev/documentation/webdriver/troubleshooting/errors#no-such-element-exception\nStacktrace:\n#0 0x55b27ce2e5e3 <unknown>\n#1 0x55b27caf10b7 <unknown>\n#2 0x55b27cb3ef53 <unknown>\n#3 0x55b27cb3f051 <unknown>\n#4 0x55b27cb849c4 <unknown>\n#5 0x55b27cb65f1d <unknown>\n#6 0x55b27cb81b3d <unknown>\n#7 0x55b27cb65cc3 <unknown>\n#8 0x55b27cb310e4 <unknown>\n#9 0x55b27cb320ae <unknown>\n#10 0x55b27cdf4ce1 <unknown>\n#11 0x55b27cdf8b7e <unknown>\n#12 0x55b27cde24b5 <unknown>\n#13 0x55b27cdf97d6 <unknown>\n#14 0x55b27cdc5dbf <unknown>\n#15 0x55b27ce1c748 <unknown>\n#16 0x55b27ce1c917 <unknown>\n#17 0x55b27ce2d773 <unknown>\n#18 0x7f0b1ca8b044 <unknown>","time":{"start":1700010286551,"stop":1700010286564,"duration":13}},{"uid":"eb7aa389f6475440","reportUrl":"https://zaelcovsky.github.io/StroyremAutomation/140//#testresult/eb7aa389f6475440","status":"skipped","statusDetails":"XFAIL Сломалось?\n\nselenium.common.exceptions.NoSuchElementException: Message: no such element: Unable to locate element: {\"method\":\"xpath\",\"selector\":\"(//a[@href='#backcall-popup'])[2]\"}\n  (Session info: headless chrome=119.0.6045.105); For documentation on this error, please visit: https://www.selenium.dev/documentation/webdriver/troubleshooting/errors#no-such-element-exception\nStacktrace:\n#0 0x56530998b5e3 <unknown>\n#1 0x56530964e0b7 <unknown>\n#2 0x56530969bf53 <unknown>\n#3 0x56530969c051 <unknown>\n#4 0x5653096e19c4 <unknown>\n#5 0x5653096c2f1d <unknown>\n#6 0x5653096deb3d <unknown>\n#7 0x5653096c2cc3 <unknown>\n#8 0x56530968e0e4 <unknown>\n#9 0x56530968f0ae <unknown>\n#10 0x565309951ce1 <unknown>\n#11 0x565309955b7e <unknown>\n#12 0x56530993f4b5 <unknown>\n#13 0x5653099567d6 <unknown>\n#14 0x565309922dbf <unknown>\n#15 0x565309979748 <unknown>\n#16 0x565309979917 <unknown>\n#17 0x56530998a773 <unknown>\n#18 0x7f066a66e044 <unknown>","time":{"start":1699923859654,"stop":1699923859677,"duration":23}},{"uid":"6171c2ae4cd7fa0a","reportUrl":"https://zaelcovsky.github.io/StroyremAutomation/139//#testresult/6171c2ae4cd7fa0a","status":"skipped","statusDetails":"XFAIL Сломалось?\n\nselenium.common.exceptions.NoSuchElementException: Message: no such element: Unable to locate element: {\"method\":\"xpath\",\"selector\":\"(//a[@href='#backcall-popup'])[2]\"}\n  (Session info: headless chrome=119.0.6045.105); For documentation on this error, please visit: https://www.selenium.dev/documentation/webdriver/troubleshooting/errors#no-such-element-exception\nStacktrace:\n#0 0x55e6c3e1b5e3 <unknown>\n#1 0x55e6c3ade0b7 <unknown>\n#2 0x55e6c3b2bf53 <unknown>\n#3 0x55e6c3b2c051 <unknown>\n#4 0x55e6c3b719c4 <unknown>\n#5 0x55e6c3b52f1d <unknown>\n#6 0x55e6c3b6eb3d <unknown>\n#7 0x55e6c3b52cc3 <unknown>\n#8 0x55e6c3b1e0e4 <unknown>\n#9 0x55e6c3b1f0ae <unknown>\n#10 0x55e6c3de1ce1 <unknown>\n#11 0x55e6c3de5b7e <unknown>\n#12 0x55e6c3dcf4b5 <unknown>\n#13 0x55e6c3de67d6 <unknown>\n#14 0x55e6c3db2dbf <unknown>\n#15 0x55e6c3e09748 <unknown>\n#16 0x55e6c3e09917 <unknown>\n#17 0x55e6c3e1a773 <unknown>\n#18 0x7effc0c99044 <unknown>","time":{"start":1699837566658,"stop":1699837566671,"duration":13}},{"uid":"e5a060dbcaadfcf","reportUrl":"https://zaelcovsky.github.io/StroyremAutomation/138//#testresult/e5a060dbcaadfcf","status":"skipped","statusDetails":"XFAIL Сломалось?\n\nselenium.common.exceptions.NoSuchElementException: Message: no such element: Unable to locate element: {\"method\":\"xpath\",\"selector\":\"(//a[@href='#backcall-popup'])[2]\"}\n  (Session info: headless chrome=119.0.6045.105); For documentation on this error, please visit: https://www.selenium.dev/documentation/webdriver/troubleshooting/errors#no-such-element-exception\nStacktrace:\n#0 0x55b34b9405e3 <unknown>\n#1 0x55b34b6030b7 <unknown>\n#2 0x55b34b650f53 <unknown>\n#3 0x55b34b651051 <unknown>\n#4 0x55b34b6969c4 <unknown>\n#5 0x55b34b677f1d <unknown>\n#6 0x55b34b693b3d <unknown>\n#7 0x55b34b677cc3 <unknown>\n#8 0x55b34b6430e4 <unknown>\n#9 0x55b34b6440ae <unknown>\n#10 0x55b34b906ce1 <unknown>\n#11 0x55b34b90ab7e <unknown>\n#12 0x55b34b8f44b5 <unknown>\n#13 0x55b34b90b7d6 <unknown>\n#14 0x55b34b8d7dbf <unknown>\n#15 0x55b34b92e748 <unknown>\n#16 0x55b34b92e917 <unknown>\n#17 0x55b34b93f773 <unknown>\n#18 0x7fb3a6ff8044 <unknown>","time":{"start":1699751329527,"stop":1699751329547,"duration":20}},{"uid":"f7dc20b00cd6b04e","reportUrl":"https://zaelcovsky.github.io/StroyremAutomation/137//#testresult/f7dc20b00cd6b04e","status":"skipped","statusDetails":"XFAIL Сломалось?\n\nselenium.common.exceptions.NoSuchElementException: Message: no such element: Unable to locate element: {\"method\":\"xpath\",\"selector\":\"(//a[@href='#backcall-popup'])[2]\"}\n  (Session info: headless chrome=119.0.6045.105); For documentation on this error, please visit: https://www.selenium.dev/documentation/webdriver/troubleshooting/errors#no-such-element-exception\nStacktrace:\n#0 0x5573915405e3 <unknown>\n#1 0x5573912030b7 <unknown>\n#2 0x557391250f53 <unknown>\n#3 0x557391251051 <unknown>\n#4 0x5573912969c4 <unknown>\n#5 0x557391277f1d <unknown>\n#6 0x557391293b3d <unknown>\n#7 0x557391277cc3 <unknown>\n#8 0x5573912430e4 <unknown>\n#9 0x5573912440ae <unknown>\n#10 0x557391506ce1 <unknown>\n#11 0x55739150ab7e <unknown>\n#12 0x5573914f44b5 <unknown>\n#13 0x55739150b7d6 <unknown>\n#14 0x5573914d7dbf <unknown>\n#15 0x55739152e748 <unknown>\n#16 0x55739152e917 <unknown>\n#17 0x55739153f773 <unknown>\n#18 0x7fcb06a32044 <unknown>","time":{"start":1699664544622,"stop":1699664544635,"duration":13}},{"uid":"c35c5aa7967cb36b","reportUrl":"https://zaelcovsky.github.io/StroyremAutomation/136//#testresult/c35c5aa7967cb36b","status":"skipped","statusDetails":"XFAIL Сломалось?\n\nselenium.common.exceptions.NoSuchElementException: Message: no such element: Unable to locate element: {\"method\":\"xpath\",\"selector\":\"(//a[@href='#backcall-popup'])[2]\"}\n  (Session info: headless chrome=119.0.6045.105); For documentation on this error, please visit: https://www.selenium.dev/documentation/webdriver/troubleshooting/errors#no-such-element-exception\nStacktrace:\n#0 0x560843a775e3 <unknown>\n#1 0x56084373a0b7 <unknown>\n#2 0x560843787f53 <unknown>\n#3 0x560843788051 <unknown>\n#4 0x5608437cd9c4 <unknown>\n#5 0x5608437aef1d <unknown>\n#6 0x5608437cab3d <unknown>\n#7 0x5608437aecc3 <unknown>\n#8 0x56084377a0e4 <unknown>\n#9 0x56084377b0ae <unknown>\n#10 0x560843a3dce1 <unknown>\n#11 0x560843a41b7e <unknown>\n#12 0x560843a2b4b5 <unknown>\n#13 0x560843a427d6 <unknown>\n#14 0x560843a0edbf <unknown>\n#15 0x560843a65748 <unknown>\n#16 0x560843a65917 <unknown>\n#17 0x560843a76773 <unknown>\n#18 0x7effef4e6044 <unknown>","time":{"start":1699578216264,"stop":1699578216276,"duration":12}},{"uid":"a6ba1270d0aa15fc","reportUrl":"https://zaelcovsky.github.io/StroyremAutomation/135//#testresult/a6ba1270d0aa15fc","status":"skipped","statusDetails":"XFAIL Сломалось?\n\nselenium.common.exceptions.NoSuchElementException: Message: no such element: Unable to locate element: {\"method\":\"xpath\",\"selector\":\"(//a[@href='#backcall-popup'])[2]\"}\n  (Session info: headless chrome=119.0.6045.105); For documentation on this error, please visit: https://www.selenium.dev/documentation/webdriver/troubleshooting/errors#no-such-element-exception\nStacktrace:\n#0 0x562b70e755e3 <unknown>\n#1 0x562b70b380b7 <unknown>\n#2 0x562b70b85f53 <unknown>\n#3 0x562b70b86051 <unknown>\n#4 0x562b70bcb9c4 <unknown>\n#5 0x562b70bacf1d <unknown>\n#6 0x562b70bc8b3d <unknown>\n#7 0x562b70baccc3 <unknown>\n#8 0x562b70b780e4 <unknown>\n#9 0x562b70b790ae <unknown>\n#10 0x562b70e3bce1 <unknown>\n#11 0x562b70e3fb7e <unknown>\n#12 0x562b70e294b5 <unknown>\n#13 0x562b70e407d6 <unknown>\n#14 0x562b70e0cdbf <unknown>\n#15 0x562b70e63748 <unknown>\n#16 0x562b70e63917 <unknown>\n#17 0x562b70e74773 <unknown>\n#18 0x7f5de6b5a044 <unknown>","time":{"start":1699491880157,"stop":1699491880176,"duration":19}}]},"tags":["@pytest.mark.xfail(reason='Сломалось?')","smoke_test"]},"source":"4bd18180e6e66c8f.json","parameterValues":["'https://test2.stroyrem-nn.ru/'"]}