{"uid":"358e31a8f68714c1","name":"test_positive_delivery_green_zone_smoke[TD 001-products/uroven---uglomer-elektronnyj-kapro-992-1-30-0-1590-2190-https://sandboxtest.stroyrem-nn.ru/]","fullName":"tests.delivery.test_delivery_calculation.TestDeliveryPageCalculation#test_positive_delivery_green_zone_smoke","historyId":"7d50f9d85ab9724fc9bef1ba931d63a5","time":{"start":1695344804571,"stop":1695344805145,"duration":574},"status":"broken","statusMessage":"selenium.common.exceptions.NoSuchElementException: Message: no such element: Unable to locate element: {\"method\":\"xpath\",\"selector\":\"(//a[@class='add-to-cart yellow-btn'])[1]\"}\n  (Session info: headless chrome=117.0.5938.92); For documentation on this error, please visit: https://www.selenium.dev/documentation/webdriver/troubleshooting/errors#no-such-element-exception\nStacktrace:\n#0 0x55dcb77cf6b3 <unknown>\n#1 0x55dcb74a51e7 <unknown>\n#2 0x55dcb74ec566 <unknown>\n#3 0x55dcb74ec651 <unknown>\n#4 0x55dcb7529a74 <unknown>\n#5 0x55dcb750e0ed <unknown>\n#6 0x55dcb7527322 <unknown>\n#7 0x55dcb750de93 <unknown>\n#8 0x55dcb74e0934 <unknown>\n#9 0x55dcb74e171e <unknown>\n#10 0x55dcb7794cb8 <unknown>\n#11 0x55dcb7798bf0 <unknown>\n#12 0x55dcb77a319c <unknown>\n#13 0x55dcb7799808 <unknown>\n#14 0x55dcb776627f <unknown>\n#15 0x55dcb77bde88 <unknown>\n#16 0x55dcb77be059 <unknown>\n#17 0x55dcb77ce843 <unknown>\n#18 0x7fccb656a044 <unknown>","statusTrace":"self = <tests.delivery.test_delivery_calculation.TestDeliveryPageCalculation object at 0x7f15fc54c1d0>\ndriver = <selenium.webdriver.chrome.webdriver.WebDriver (session=\"bfc23897ad639dbfa216e363998f5ce4\")>\nurl = 'https://sandboxtest.stroyrem-nn.ru/', case_id = 'TD 001'\nlink_item = 'products/uroven---uglomer-elektronnyj-kapro-992', amount = 1\nweight = 30, standard = 0, in_time = 1590, all_time = 2190\n\n    @pytest.mark.parametrize('case_id, link_item, amount, weight, standard, in_time, all_time', [\n        (\"TD 001\", uroven_3000, 1, 30, 0, 1590, 2190),\n        (\"TD 002\", bundeks_25, 1, 30, 400, 1590, 2190),\n        (\"TD 003\", aksolit_30, 8, 300, 400, 1590, 2190),\n        (\"TD 004\", aksolit_30, 13, 400, 450, 1590, 2190),\n        (\"TD 005\", aksolit_30, 16, 500, 600, 1590, 2190),\n        (\"TD 006\", aksolit_30, 25, 1700, 990, 1990, 2480),\n        (\"TD 007\", aksolit_30, 66, 2000, 1300, 2490, 2980),\n        (\"TD 008\", aksolit_30, 149, 4500, 2300, 3980, 4490),\n        (\"TD 009\", aksolit_30, 166, 5000, 2500, 4990, 5480),\n        pytest.param(\n            \"TD 010\", aksolit_30, 206, 6200, 2900, 5570, 6120,\n            marks=pytest.mark.xfail(reson=\"Цена доставки 3600 7960 8980\")\n        ),\n        (\"TD 011\", aksolit_30, 299, 9000, 3600, 7960, 8980),\n        (\"TD 012\", aksolit_30, 333, 10000, 4450, 11990, 12500),\n        pytest.param(\n            \"TD 013\", aksolit_30, 366, 11000, 4800, 12450, 13480,\n            marks=pytest.mark.xfail(reason=\"Цена стандартной доставки 4450\")\n        ),\n        pytest.param(\n            \"TD 014\", aksolit_30, 666, 20000, 5400, 15600, 17490,\n            marks=pytest.mark.xfail(reason=\"Цена стандартной доставки 4450\")\n        )\n    ])\n    @pytest.mark.smoke\n    def test_positive_delivery_green_zone_smoke(\n            self, driver, url, case_id, link_item, amount, weight, standard, in_time, all_time\n    ):\n    \n        driver.get(f'{url}{link_item}')\n        item_page = ItemPage(driver)\n>       item_page.add_item_to_cart(amount).click_on_cart()\n\ntests/delivery/test_delivery_calculation.py:49: \n_ _ _ _ _ _ _ _ _ _ _ _ _ _ _ _ _ _ _ _ _ _ _ _ _ _ _ _ _ _ _ _ _ _ _ _ _ _ _ _ \npages/item_page.py:40: in add_item_to_cart\n    self.find_element(self._add_item).click()\nbase/seleniumbase.py:17: in find_element\n    return self.driver.find_element(*locator)\n/usr/local/lib/python3.11/site-packages/selenium/webdriver/remote/webdriver.py:740: in find_element\n    return self.execute(Command.FIND_ELEMENT, {\"using\": by, \"value\": value})[\"value\"]\n/usr/local/lib/python3.11/site-packages/selenium/webdriver/remote/webdriver.py:346: in execute\n    self.error_handler.check_response(response)\n_ _ _ _ _ _ _ _ _ _ _ _ _ _ _ _ _ _ _ _ _ _ _ _ _ _ _ _ _ _ _ _ _ _ _ _ _ _ _ _ \n\nself = <selenium.webdriver.remote.errorhandler.ErrorHandler object at 0x7f15fc178a50>\nresponse = {'status': 404, 'value': '{\"value\":{\"error\":\"no such element\",\"message\":\"no such element: Unable to locate element: {\\...\\\\n#16 0x55dcb77be059 \\\\u003Cunknown>\\\\n#17 0x55dcb77ce843 \\\\u003Cunknown>\\\\n#18 0x7fccb656a044 \\\\u003Cunknown>\\\\n\"}}'}\n\n    def check_response(self, response: Dict[str, Any]) -> None:\n        \"\"\"Checks that a JSON response from the WebDriver does not have an\n        error.\n    \n        :Args:\n         - response - The JSON response from the WebDriver server as a dictionary\n           object.\n    \n        :Raises: If the response contains an error message.\n        \"\"\"\n        status = response.get(\"status\", None)\n        if not status or status == ErrorCode.SUCCESS:\n            return\n        value = None\n        message = response.get(\"message\", \"\")\n        screen: str = response.get(\"screen\", \"\")\n        stacktrace = None\n        if isinstance(status, int):\n            value_json = response.get(\"value\", None)\n            if value_json and isinstance(value_json, str):\n                import json\n    \n                try:\n                    value = json.loads(value_json)\n                    if len(value) == 1:\n                        value = value[\"value\"]\n                    status = value.get(\"error\", None)\n                    if not status:\n                        status = value.get(\"status\", ErrorCode.UNKNOWN_ERROR)\n                        message = value.get(\"value\") or value.get(\"message\")\n                        if not isinstance(message, str):\n                            value = message\n                            message = message.get(\"message\")\n                    else:\n                        message = value.get(\"message\", None)\n                except ValueError:\n                    pass\n    \n        exception_class: Type[WebDriverException]\n        if status in ErrorCode.NO_SUCH_ELEMENT:\n            exception_class = NoSuchElementException\n        elif status in ErrorCode.NO_SUCH_FRAME:\n            exception_class = NoSuchFrameException\n        elif status in ErrorCode.NO_SUCH_SHADOW_ROOT:\n            exception_class = NoSuchShadowRootException\n        elif status in ErrorCode.NO_SUCH_WINDOW:\n            exception_class = NoSuchWindowException\n        elif status in ErrorCode.STALE_ELEMENT_REFERENCE:\n            exception_class = StaleElementReferenceException\n        elif status in ErrorCode.ELEMENT_NOT_VISIBLE:\n            exception_class = ElementNotVisibleException\n        elif status in ErrorCode.INVALID_ELEMENT_STATE:\n            exception_class = InvalidElementStateException\n        elif (\n            status in ErrorCode.INVALID_SELECTOR\n            or status in ErrorCode.INVALID_XPATH_SELECTOR\n            or status in ErrorCode.INVALID_XPATH_SELECTOR_RETURN_TYPER\n        ):\n            exception_class = InvalidSelectorException\n        elif status in ErrorCode.ELEMENT_IS_NOT_SELECTABLE:\n            exception_class = ElementNotSelectableException\n        elif status in ErrorCode.ELEMENT_NOT_INTERACTABLE:\n            exception_class = ElementNotInteractableException\n        elif status in ErrorCode.INVALID_COOKIE_DOMAIN:\n            exception_class = InvalidCookieDomainException\n        elif status in ErrorCode.UNABLE_TO_SET_COOKIE:\n            exception_class = UnableToSetCookieException\n        elif status in ErrorCode.TIMEOUT:\n            exception_class = TimeoutException\n        elif status in ErrorCode.SCRIPT_TIMEOUT:\n            exception_class = TimeoutException\n        elif status in ErrorCode.UNKNOWN_ERROR:\n            exception_class = WebDriverException\n        elif status in ErrorCode.UNEXPECTED_ALERT_OPEN:\n            exception_class = UnexpectedAlertPresentException\n        elif status in ErrorCode.NO_ALERT_OPEN:\n            exception_class = NoAlertPresentException\n        elif status in ErrorCode.IME_NOT_AVAILABLE:\n            exception_class = ImeNotAvailableException\n        elif status in ErrorCode.IME_ENGINE_ACTIVATION_FAILED:\n            exception_class = ImeActivationFailedException\n        elif status in ErrorCode.MOVE_TARGET_OUT_OF_BOUNDS:\n            exception_class = MoveTargetOutOfBoundsException\n        elif status in ErrorCode.JAVASCRIPT_ERROR:\n            exception_class = JavascriptException\n        elif status in ErrorCode.SESSION_NOT_CREATED:\n            exception_class = SessionNotCreatedException\n        elif status in ErrorCode.INVALID_ARGUMENT:\n            exception_class = InvalidArgumentException\n        elif status in ErrorCode.NO_SUCH_COOKIE:\n            exception_class = NoSuchCookieException\n        elif status in ErrorCode.UNABLE_TO_CAPTURE_SCREEN:\n            exception_class = ScreenshotException\n        elif status in ErrorCode.ELEMENT_CLICK_INTERCEPTED:\n            exception_class = ElementClickInterceptedException\n        elif status in ErrorCode.INSECURE_CERTIFICATE:\n            exception_class = InsecureCertificateException\n        elif status in ErrorCode.INVALID_COORDINATES:\n            exception_class = InvalidCoordinatesException\n        elif status in ErrorCode.INVALID_SESSION_ID:\n            exception_class = InvalidSessionIdException\n        elif status in ErrorCode.UNKNOWN_METHOD:\n            exception_class = UnknownMethodException\n        else:\n            exception_class = WebDriverException\n        if not value:\n            value = response[\"value\"]\n        if isinstance(value, str):\n            raise exception_class(value)\n        if message == \"\" and \"message\" in value:\n            message = value[\"message\"]\n    \n        screen = None  # type: ignore[assignment]\n        if \"screen\" in value:\n            screen = value[\"screen\"]\n    \n        stacktrace = None\n        st_value = value.get(\"stackTrace\") or value.get(\"stacktrace\")\n        if st_value:\n            if isinstance(st_value, str):\n                stacktrace = st_value.split(\"\\n\")\n            else:\n                stacktrace = []\n                try:\n                    for frame in st_value:\n                        line = frame.get(\"lineNumber\", \"\")\n                        file = frame.get(\"fileName\", \"<anonymous>\")\n                        if line:\n                            file = f\"{file}:{line}\"\n                        meth = frame.get(\"methodName\", \"<anonymous>\")\n                        if \"className\" in frame:\n                            meth = f\"{frame['className']}.{meth}\"\n                        msg = \"    at %s (%s)\"\n                        msg = msg % (meth, file)\n                        stacktrace.append(msg)\n                except TypeError:\n                    pass\n        if exception_class == UnexpectedAlertPresentException:\n            alert_text = None\n            if \"data\" in value:\n                alert_text = value[\"data\"].get(\"text\")\n            elif \"alert\" in value:\n                alert_text = value[\"alert\"].get(\"text\")\n            raise exception_class(message, screen, stacktrace, alert_text)  # type: ignore[call-arg]  # mypy is not smart enough here\n>       raise exception_class(message, screen, stacktrace)\nE       selenium.common.exceptions.NoSuchElementException: Message: no such element: Unable to locate element: {\"method\":\"xpath\",\"selector\":\"(//a[@class='add-to-cart yellow-btn'])[1]\"}\nE         (Session info: headless chrome=117.0.5938.92); For documentation on this error, please visit: https://www.selenium.dev/documentation/webdriver/troubleshooting/errors#no-such-element-exception\nE       Stacktrace:\nE       #0 0x55dcb77cf6b3 <unknown>\nE       #1 0x55dcb74a51e7 <unknown>\nE       #2 0x55dcb74ec566 <unknown>\nE       #3 0x55dcb74ec651 <unknown>\nE       #4 0x55dcb7529a74 <unknown>\nE       #5 0x55dcb750e0ed <unknown>\nE       #6 0x55dcb7527322 <unknown>\nE       #7 0x55dcb750de93 <unknown>\nE       #8 0x55dcb74e0934 <unknown>\nE       #9 0x55dcb74e171e <unknown>\nE       #10 0x55dcb7794cb8 <unknown>\nE       #11 0x55dcb7798bf0 <unknown>\nE       #12 0x55dcb77a319c <unknown>\nE       #13 0x55dcb7799808 <unknown>\nE       #14 0x55dcb776627f <unknown>\nE       #15 0x55dcb77bde88 <unknown>\nE       #16 0x55dcb77be059 <unknown>\nE       #17 0x55dcb77ce843 <unknown>\nE       #18 0x7fccb656a044 <unknown>\n\n/usr/local/lib/python3.11/site-packages/selenium/webdriver/remote/errorhandler.py:245: NoSuchElementException","flaky":false,"newFailed":false,"newBroken":false,"newPassed":false,"retriesCount":0,"retriesStatusChange":false,"beforeStages":[{"name":"_session_faker","time":{"start":1695344432866,"stop":1695344432949,"duration":83},"status":"passed","steps":[],"attachments":[],"parameters":[],"shouldDisplayMessage":false,"stepsCount":0,"attachmentsCount":0,"hasContent":false},{"name":"clear_allure_results_folder","time":{"start":1695344432949,"stop":1695344432949,"duration":0},"status":"passed","steps":[],"attachments":[],"parameters":[],"shouldDisplayMessage":false,"stepsCount":0,"attachmentsCount":0,"hasContent":false},{"name":"driver","time":{"start":1695344803800,"stop":1695344804570,"duration":770},"status":"passed","steps":[],"attachments":[],"parameters":[],"shouldDisplayMessage":false,"stepsCount":0,"attachmentsCount":0,"hasContent":false},{"name":"setup","time":{"start":1695344804570,"stop":1695344804570,"duration":0},"status":"passed","steps":[],"attachments":[],"parameters":[],"shouldDisplayMessage":false,"stepsCount":0,"attachmentsCount":0,"hasContent":false}],"testStage":{"status":"broken","statusMessage":"selenium.common.exceptions.NoSuchElementException: Message: no such element: Unable to locate element: {\"method\":\"xpath\",\"selector\":\"(//a[@class='add-to-cart yellow-btn'])[1]\"}\n  (Session info: headless chrome=117.0.5938.92); For documentation on this error, please visit: https://www.selenium.dev/documentation/webdriver/troubleshooting/errors#no-such-element-exception\nStacktrace:\n#0 0x55dcb77cf6b3 <unknown>\n#1 0x55dcb74a51e7 <unknown>\n#2 0x55dcb74ec566 <unknown>\n#3 0x55dcb74ec651 <unknown>\n#4 0x55dcb7529a74 <unknown>\n#5 0x55dcb750e0ed <unknown>\n#6 0x55dcb7527322 <unknown>\n#7 0x55dcb750de93 <unknown>\n#8 0x55dcb74e0934 <unknown>\n#9 0x55dcb74e171e <unknown>\n#10 0x55dcb7794cb8 <unknown>\n#11 0x55dcb7798bf0 <unknown>\n#12 0x55dcb77a319c <unknown>\n#13 0x55dcb7799808 <unknown>\n#14 0x55dcb776627f <unknown>\n#15 0x55dcb77bde88 <unknown>\n#16 0x55dcb77be059 <unknown>\n#17 0x55dcb77ce843 <unknown>\n#18 0x7fccb656a044 <unknown>","statusTrace":"self = <tests.delivery.test_delivery_calculation.TestDeliveryPageCalculation object at 0x7f15fc54c1d0>\ndriver = <selenium.webdriver.chrome.webdriver.WebDriver (session=\"bfc23897ad639dbfa216e363998f5ce4\")>\nurl = 'https://sandboxtest.stroyrem-nn.ru/', case_id = 'TD 001'\nlink_item = 'products/uroven---uglomer-elektronnyj-kapro-992', amount = 1\nweight = 30, standard = 0, in_time = 1590, all_time = 2190\n\n    @pytest.mark.parametrize('case_id, link_item, amount, weight, standard, in_time, all_time', [\n        (\"TD 001\", uroven_3000, 1, 30, 0, 1590, 2190),\n        (\"TD 002\", bundeks_25, 1, 30, 400, 1590, 2190),\n        (\"TD 003\", aksolit_30, 8, 300, 400, 1590, 2190),\n        (\"TD 004\", aksolit_30, 13, 400, 450, 1590, 2190),\n        (\"TD 005\", aksolit_30, 16, 500, 600, 1590, 2190),\n        (\"TD 006\", aksolit_30, 25, 1700, 990, 1990, 2480),\n        (\"TD 007\", aksolit_30, 66, 2000, 1300, 2490, 2980),\n        (\"TD 008\", aksolit_30, 149, 4500, 2300, 3980, 4490),\n        (\"TD 009\", aksolit_30, 166, 5000, 2500, 4990, 5480),\n        pytest.param(\n            \"TD 010\", aksolit_30, 206, 6200, 2900, 5570, 6120,\n            marks=pytest.mark.xfail(reson=\"Цена доставки 3600 7960 8980\")\n        ),\n        (\"TD 011\", aksolit_30, 299, 9000, 3600, 7960, 8980),\n        (\"TD 012\", aksolit_30, 333, 10000, 4450, 11990, 12500),\n        pytest.param(\n            \"TD 013\", aksolit_30, 366, 11000, 4800, 12450, 13480,\n            marks=pytest.mark.xfail(reason=\"Цена стандартной доставки 4450\")\n        ),\n        pytest.param(\n            \"TD 014\", aksolit_30, 666, 20000, 5400, 15600, 17490,\n            marks=pytest.mark.xfail(reason=\"Цена стандартной доставки 4450\")\n        )\n    ])\n    @pytest.mark.smoke\n    def test_positive_delivery_green_zone_smoke(\n            self, driver, url, case_id, link_item, amount, weight, standard, in_time, all_time\n    ):\n    \n        driver.get(f'{url}{link_item}')\n        item_page = ItemPage(driver)\n>       item_page.add_item_to_cart(amount).click_on_cart()\n\ntests/delivery/test_delivery_calculation.py:49: \n_ _ _ _ _ _ _ _ _ _ _ _ _ _ _ _ _ _ _ _ _ _ _ _ _ _ _ _ _ _ _ _ _ _ _ _ _ _ _ _ \npages/item_page.py:40: in add_item_to_cart\n    self.find_element(self._add_item).click()\nbase/seleniumbase.py:17: in find_element\n    return self.driver.find_element(*locator)\n/usr/local/lib/python3.11/site-packages/selenium/webdriver/remote/webdriver.py:740: in find_element\n    return self.execute(Command.FIND_ELEMENT, {\"using\": by, \"value\": value})[\"value\"]\n/usr/local/lib/python3.11/site-packages/selenium/webdriver/remote/webdriver.py:346: in execute\n    self.error_handler.check_response(response)\n_ _ _ _ _ _ _ _ _ _ _ _ _ _ _ _ _ _ _ _ _ _ _ _ _ _ _ _ _ _ _ _ _ _ _ _ _ _ _ _ \n\nself = <selenium.webdriver.remote.errorhandler.ErrorHandler object at 0x7f15fc178a50>\nresponse = {'status': 404, 'value': '{\"value\":{\"error\":\"no such element\",\"message\":\"no such element: Unable to locate element: {\\...\\\\n#16 0x55dcb77be059 \\\\u003Cunknown>\\\\n#17 0x55dcb77ce843 \\\\u003Cunknown>\\\\n#18 0x7fccb656a044 \\\\u003Cunknown>\\\\n\"}}'}\n\n    def check_response(self, response: Dict[str, Any]) -> None:\n        \"\"\"Checks that a JSON response from the WebDriver does not have an\n        error.\n    \n        :Args:\n         - response - The JSON response from the WebDriver server as a dictionary\n           object.\n    \n        :Raises: If the response contains an error message.\n        \"\"\"\n        status = response.get(\"status\", None)\n        if not status or status == ErrorCode.SUCCESS:\n            return\n        value = None\n        message = response.get(\"message\", \"\")\n        screen: str = response.get(\"screen\", \"\")\n        stacktrace = None\n        if isinstance(status, int):\n            value_json = response.get(\"value\", None)\n            if value_json and isinstance(value_json, str):\n                import json\n    \n                try:\n                    value = json.loads(value_json)\n                    if len(value) == 1:\n                        value = value[\"value\"]\n                    status = value.get(\"error\", None)\n                    if not status:\n                        status = value.get(\"status\", ErrorCode.UNKNOWN_ERROR)\n                        message = value.get(\"value\") or value.get(\"message\")\n                        if not isinstance(message, str):\n                            value = message\n                            message = message.get(\"message\")\n                    else:\n                        message = value.get(\"message\", None)\n                except ValueError:\n                    pass\n    \n        exception_class: Type[WebDriverException]\n        if status in ErrorCode.NO_SUCH_ELEMENT:\n            exception_class = NoSuchElementException\n        elif status in ErrorCode.NO_SUCH_FRAME:\n            exception_class = NoSuchFrameException\n        elif status in ErrorCode.NO_SUCH_SHADOW_ROOT:\n            exception_class = NoSuchShadowRootException\n        elif status in ErrorCode.NO_SUCH_WINDOW:\n            exception_class = NoSuchWindowException\n        elif status in ErrorCode.STALE_ELEMENT_REFERENCE:\n            exception_class = StaleElementReferenceException\n        elif status in ErrorCode.ELEMENT_NOT_VISIBLE:\n            exception_class = ElementNotVisibleException\n        elif status in ErrorCode.INVALID_ELEMENT_STATE:\n            exception_class = InvalidElementStateException\n        elif (\n            status in ErrorCode.INVALID_SELECTOR\n            or status in ErrorCode.INVALID_XPATH_SELECTOR\n            or status in ErrorCode.INVALID_XPATH_SELECTOR_RETURN_TYPER\n        ):\n            exception_class = InvalidSelectorException\n        elif status in ErrorCode.ELEMENT_IS_NOT_SELECTABLE:\n            exception_class = ElementNotSelectableException\n        elif status in ErrorCode.ELEMENT_NOT_INTERACTABLE:\n            exception_class = ElementNotInteractableException\n        elif status in ErrorCode.INVALID_COOKIE_DOMAIN:\n            exception_class = InvalidCookieDomainException\n        elif status in ErrorCode.UNABLE_TO_SET_COOKIE:\n            exception_class = UnableToSetCookieException\n        elif status in ErrorCode.TIMEOUT:\n            exception_class = TimeoutException\n        elif status in ErrorCode.SCRIPT_TIMEOUT:\n            exception_class = TimeoutException\n        elif status in ErrorCode.UNKNOWN_ERROR:\n            exception_class = WebDriverException\n        elif status in ErrorCode.UNEXPECTED_ALERT_OPEN:\n            exception_class = UnexpectedAlertPresentException\n        elif status in ErrorCode.NO_ALERT_OPEN:\n            exception_class = NoAlertPresentException\n        elif status in ErrorCode.IME_NOT_AVAILABLE:\n            exception_class = ImeNotAvailableException\n        elif status in ErrorCode.IME_ENGINE_ACTIVATION_FAILED:\n            exception_class = ImeActivationFailedException\n        elif status in ErrorCode.MOVE_TARGET_OUT_OF_BOUNDS:\n            exception_class = MoveTargetOutOfBoundsException\n        elif status in ErrorCode.JAVASCRIPT_ERROR:\n            exception_class = JavascriptException\n        elif status in ErrorCode.SESSION_NOT_CREATED:\n            exception_class = SessionNotCreatedException\n        elif status in ErrorCode.INVALID_ARGUMENT:\n            exception_class = InvalidArgumentException\n        elif status in ErrorCode.NO_SUCH_COOKIE:\n            exception_class = NoSuchCookieException\n        elif status in ErrorCode.UNABLE_TO_CAPTURE_SCREEN:\n            exception_class = ScreenshotException\n        elif status in ErrorCode.ELEMENT_CLICK_INTERCEPTED:\n            exception_class = ElementClickInterceptedException\n        elif status in ErrorCode.INSECURE_CERTIFICATE:\n            exception_class = InsecureCertificateException\n        elif status in ErrorCode.INVALID_COORDINATES:\n            exception_class = InvalidCoordinatesException\n        elif status in ErrorCode.INVALID_SESSION_ID:\n            exception_class = InvalidSessionIdException\n        elif status in ErrorCode.UNKNOWN_METHOD:\n            exception_class = UnknownMethodException\n        else:\n            exception_class = WebDriverException\n        if not value:\n            value = response[\"value\"]\n        if isinstance(value, str):\n            raise exception_class(value)\n        if message == \"\" and \"message\" in value:\n            message = value[\"message\"]\n    \n        screen = None  # type: ignore[assignment]\n        if \"screen\" in value:\n            screen = value[\"screen\"]\n    \n        stacktrace = None\n        st_value = value.get(\"stackTrace\") or value.get(\"stacktrace\")\n        if st_value:\n            if isinstance(st_value, str):\n                stacktrace = st_value.split(\"\\n\")\n            else:\n                stacktrace = []\n                try:\n                    for frame in st_value:\n                        line = frame.get(\"lineNumber\", \"\")\n                        file = frame.get(\"fileName\", \"<anonymous>\")\n                        if line:\n                            file = f\"{file}:{line}\"\n                        meth = frame.get(\"methodName\", \"<anonymous>\")\n                        if \"className\" in frame:\n                            meth = f\"{frame['className']}.{meth}\"\n                        msg = \"    at %s (%s)\"\n                        msg = msg % (meth, file)\n                        stacktrace.append(msg)\n                except TypeError:\n                    pass\n        if exception_class == UnexpectedAlertPresentException:\n            alert_text = None\n            if \"data\" in value:\n                alert_text = value[\"data\"].get(\"text\")\n            elif \"alert\" in value:\n                alert_text = value[\"alert\"].get(\"text\")\n            raise exception_class(message, screen, stacktrace, alert_text)  # type: ignore[call-arg]  # mypy is not smart enough here\n>       raise exception_class(message, screen, stacktrace)\nE       selenium.common.exceptions.NoSuchElementException: Message: no such element: Unable to locate element: {\"method\":\"xpath\",\"selector\":\"(//a[@class='add-to-cart yellow-btn'])[1]\"}\nE         (Session info: headless chrome=117.0.5938.92); For documentation on this error, please visit: https://www.selenium.dev/documentation/webdriver/troubleshooting/errors#no-such-element-exception\nE       Stacktrace:\nE       #0 0x55dcb77cf6b3 <unknown>\nE       #1 0x55dcb74a51e7 <unknown>\nE       #2 0x55dcb74ec566 <unknown>\nE       #3 0x55dcb74ec651 <unknown>\nE       #4 0x55dcb7529a74 <unknown>\nE       #5 0x55dcb750e0ed <unknown>\nE       #6 0x55dcb7527322 <unknown>\nE       #7 0x55dcb750de93 <unknown>\nE       #8 0x55dcb74e0934 <unknown>\nE       #9 0x55dcb74e171e <unknown>\nE       #10 0x55dcb7794cb8 <unknown>\nE       #11 0x55dcb7798bf0 <unknown>\nE       #12 0x55dcb77a319c <unknown>\nE       #13 0x55dcb7799808 <unknown>\nE       #14 0x55dcb776627f <unknown>\nE       #15 0x55dcb77bde88 <unknown>\nE       #16 0x55dcb77be059 <unknown>\nE       #17 0x55dcb77ce843 <unknown>\nE       #18 0x7fccb656a044 <unknown>\n\n/usr/local/lib/python3.11/site-packages/selenium/webdriver/remote/errorhandler.py:245: NoSuchElementException","steps":[{"name":"Добавляем товар в корзину в количестве 1","time":{"start":1695344805129,"stop":1695344805144,"duration":15},"status":"broken","statusMessage":"selenium.common.exceptions.NoSuchElementException: Message: no such element: Unable to locate element: {\"method\":\"xpath\",\"selector\":\"(//a[@class='add-to-cart yellow-btn'])[1]\"}\n  (Session info: headless chrome=117.0.5938.92); For documentation on this error, please visit: https://www.selenium.dev/documentation/webdriver/troubleshooting/errors#no-such-element-exception\nStacktrace:\n#0 0x55dcb77cf6b3 <unknown>\n#1 0x55dcb74a51e7 <unknown>\n#2 0x55dcb74ec566 <unknown>\n#3 0x55dcb74ec651 <unknown>\n#4 0x55dcb7529a74 <unknown>\n#5 0x55dcb750e0ed <unknown>\n#6 0x55dcb7527322 <unknown>\n#7 0x55dcb750de93 <unknown>\n#8 0x55dcb74e0934 <unknown>\n#9 0x55dcb74e171e <unknown>\n#10 0x55dcb7794cb8 <unknown>\n#11 0x55dcb7798bf0 <unknown>\n#12 0x55dcb77a319c <unknown>\n#13 0x55dcb7799808 <unknown>\n#14 0x55dcb776627f <unknown>\n#15 0x55dcb77bde88 <unknown>\n#16 0x55dcb77be059 <unknown>\n#17 0x55dcb77ce843 <unknown>\n#18 0x7fccb656a044 <unknown>\n\n","statusTrace":"  File \"/usr/local/lib/python3.11/site-packages/allure_commons/_allure.py\", line 192, in impl\n    return func(*a, **kw)\n           ^^^^^^^^^^^^^^\n  File \"/app/pages/item_page.py\", line 40, in add_item_to_cart\n    self.find_element(self._add_item).click()\n    ^^^^^^^^^^^^^^^^^^^^^^^^^^^^^^^^^\n  File \"/app/base/seleniumbase.py\", line 17, in find_element\n    return self.driver.find_element(*locator)\n           ^^^^^^^^^^^^^^^^^^^^^^^^^^^^^^^^^^\n  File \"/usr/local/lib/python3.11/site-packages/selenium/webdriver/remote/webdriver.py\", line 740, in find_element\n    return self.execute(Command.FIND_ELEMENT, {\"using\": by, \"value\": value})[\"value\"]\n           ^^^^^^^^^^^^^^^^^^^^^^^^^^^^^^^^^^^^^^^^^^^^^^^^^^^^^^^^^^^^^^^^^\n  File \"/usr/local/lib/python3.11/site-packages/selenium/webdriver/remote/webdriver.py\", line 346, in execute\n    self.error_handler.check_response(response)\n  File \"/usr/local/lib/python3.11/site-packages/selenium/webdriver/remote/errorhandler.py\", line 245, in check_response\n    raise exception_class(message, screen, stacktrace)\n","steps":[],"attachments":[],"parameters":[{"name":"amount","value":"1"}],"shouldDisplayMessage":true,"stepsCount":0,"attachmentsCount":0,"hasContent":true}],"attachments":[{"uid":"12bd6b2633af620d","name":"Screenshot","source":"12bd6b2633af620d.png","type":"image/png","size":39917},{"uid":"b245d119a8f0c21","name":"HTML source","source":"b245d119a8f0c21.html","type":"text/html","size":544}],"parameters":[],"shouldDisplayMessage":true,"stepsCount":1,"attachmentsCount":2,"hasContent":true},"afterStages":[{"name":"setup::0","time":{"start":1695344805298,"stop":1695344805298,"duration":0},"status":"passed","steps":[],"attachments":[],"parameters":[],"shouldDisplayMessage":false,"stepsCount":0,"attachmentsCount":0,"hasContent":false},{"name":"driver::0","time":{"start":1695344805298,"stop":1695344805354,"duration":56},"status":"passed","steps":[],"attachments":[],"parameters":[],"shouldDisplayMessage":false,"stepsCount":0,"attachmentsCount":0,"hasContent":false}],"labels":[{"name":"epic","value":"Delivery Page - calculation"},{"name":"tag","value":"smoke"},{"name":"parentSuite","value":"tests.delivery"},{"name":"suite","value":"test_delivery_calculation"},{"name":"subSuite","value":"TestDeliveryPageCalculation"},{"name":"host","value":"9fdbe7aa1ac5"},{"name":"thread","value":"1-MainThread"},{"name":"framework","value":"pytest"},{"name":"language","value":"cpython3"},{"name":"package","value":"tests.delivery.test_delivery_calculation"},{"name":"resultFormat","value":"allure2"}],"parameters":[{"name":"all_time","value":"2190"},{"name":"amount","value":"1"},{"name":"case_id","value":"'TD 001'"},{"name":"in_time","value":"1590"},{"name":"link_item","value":"'products/uroven---uglomer-elektronnyj-kapro-992'"},{"name":"standard","value":"0"},{"name":"url","value":"'https://sandboxtest.stroyrem-nn.ru/'"},{"name":"weight","value":"30"}],"links":[],"hidden":false,"retry":false,"extra":{"severity":"normal","retries":[],"categories":[{"name":"Test defects","matchedStatuses":[],"flaky":false}],"history":{"statistic":{"failed":0,"broken":23,"skipped":0,"passed":0,"unknown":0,"total":23},"items":[{"uid":"b0904c660c0e879","reportUrl":"https://zaelcovsky.github.io/StroyremAutomation/86//#testresult/b0904c660c0e879","status":"broken","statusDetails":"selenium.common.exceptions.NoSuchElementException: Message: no such element: Unable to locate element: {\"method\":\"xpath\",\"selector\":\"(//a[@class='add-to-cart yellow-btn'])[1]\"}\n  (Session info: headless chrome=117.0.5938.88); For documentation on this error, please visit: https://www.selenium.dev/documentation/webdriver/troubleshooting/errors#no-such-element-exception\nStacktrace:\n#0 0x55ae2a9ac6c3 <unknown>\n#1 0x55ae2a6821e7 <unknown>\n#2 0x55ae2a6c9566 <unknown>\n#3 0x55ae2a6c9651 <unknown>\n#4 0x55ae2a706a74 <unknown>\n#5 0x55ae2a6eb0ed <unknown>\n#6 0x55ae2a704322 <unknown>\n#7 0x55ae2a6eae93 <unknown>\n#8 0x55ae2a6bd934 <unknown>\n#9 0x55ae2a6be71e <unknown>\n#10 0x55ae2a971cc8 <unknown>\n#11 0x55ae2a975c00 <unknown>\n#12 0x55ae2a9801ac <unknown>\n#13 0x55ae2a976818 <unknown>\n#14 0x55ae2a94328f <unknown>\n#15 0x55ae2a99ae98 <unknown>\n#16 0x55ae2a99b069 <unknown>\n#17 0x55ae2a9ab853 <unknown>\n#18 0x7fa2fdd2d044 <unknown>","time":{"start":1695258364137,"stop":1695258369523,"duration":5386}},{"uid":"35a9fb7cb8a13349","reportUrl":"https://zaelcovsky.github.io/StroyremAutomation/85//#testresult/35a9fb7cb8a13349","status":"broken","statusDetails":"selenium.common.exceptions.ElementNotInteractableException: Message: element not interactable\n  (Session info: headless chrome=117.0.5938.88)\nStacktrace:\n#0 0x564617a486c3 <unknown>\n#1 0x56461771e036 <unknown>\n#2 0x56461775cc1d <unknown>\n#3 0x5646177870c2 <unknown>\n#4 0x56461775af16 <unknown>\n#5 0x56461778728e <unknown>\n#6 0x5646177a0322 <unknown>\n#7 0x564617786e93 <unknown>\n#8 0x564617759934 <unknown>\n#9 0x56461775a71e <unknown>\n#10 0x564617a0dcc8 <unknown>\n#11 0x564617a11c00 <unknown>\n#12 0x564617a1c1ac <unknown>\n#13 0x564617a12818 <unknown>\n#14 0x5646179df28f <unknown>\n#15 0x564617a36e98 <unknown>\n#16 0x564617a37069 <unknown>\n#17 0x564617a47853 <unknown>\n#18 0x7f8f30d6a044 <unknown>","time":{"start":1695172097979,"stop":1695172104954,"duration":6975}},{"uid":"5aec9988d1da1aea","reportUrl":"https://zaelcovsky.github.io/StroyremAutomation/84//#testresult/5aec9988d1da1aea","status":"broken","statusDetails":"selenium.common.exceptions.NoSuchElementException: Message: no such element: Unable to locate element: {\"method\":\"xpath\",\"selector\":\"(//a[@class='add-to-cart yellow-btn'])[1]\"}\n  (Session info: headless chrome=117.0.5938.88); For documentation on this error, please visit: https://www.selenium.dev/documentation/webdriver/troubleshooting/errors#no-such-element-exception\nStacktrace:\n#0 0x560480a776c3 <unknown>\n#1 0x56048074d1e7 <unknown>\n#2 0x560480794566 <unknown>\n#3 0x560480794651 <unknown>\n#4 0x5604807d1a74 <unknown>\n#5 0x5604807b60ed <unknown>\n#6 0x5604807cf322 <unknown>\n#7 0x5604807b5e93 <unknown>\n#8 0x560480788934 <unknown>\n#9 0x56048078971e <unknown>\n#10 0x560480a3ccc8 <unknown>\n#11 0x560480a40c00 <unknown>\n#12 0x560480a4b1ac <unknown>\n#13 0x560480a41818 <unknown>\n#14 0x560480a0e28f <unknown>\n#15 0x560480a65e98 <unknown>\n#16 0x560480a66069 <unknown>\n#17 0x560480a76853 <unknown>\n#18 0x7f1d2e711044 <unknown>","time":{"start":1695085748846,"stop":1695085749406,"duration":560}},{"uid":"2a84b5111b4468bc","reportUrl":"https://zaelcovsky.github.io/StroyremAutomation/83//#testresult/2a84b5111b4468bc","status":"broken","statusDetails":"selenium.common.exceptions.NoSuchElementException: Message: no such element: Unable to locate element: {\"method\":\"xpath\",\"selector\":\"(//a[@class='add-to-cart yellow-btn'])[1]\"}\n  (Session info: headless chrome=117.0.5938.88); For documentation on this error, please visit: https://www.selenium.dev/documentation/webdriver/troubleshooting/errors#no-such-element-exception\nStacktrace:\n#0 0x5612380c26c3 <unknown>\n#1 0x561237d981e7 <unknown>\n#2 0x561237ddf566 <unknown>\n#3 0x561237ddf651 <unknown>\n#4 0x561237e1ca74 <unknown>\n#5 0x561237e010ed <unknown>\n#6 0x561237e1a322 <unknown>\n#7 0x561237e00e93 <unknown>\n#8 0x561237dd3934 <unknown>\n#9 0x561237dd471e <unknown>\n#10 0x561238087cc8 <unknown>\n#11 0x56123808bc00 <unknown>\n#12 0x5612380961ac <unknown>\n#13 0x56123808c818 <unknown>\n#14 0x56123805928f <unknown>\n#15 0x5612380b0e98 <unknown>\n#16 0x5612380b1069 <unknown>\n#17 0x5612380c1853 <unknown>\n#18 0x7f1a26df9044 <unknown>","time":{"start":1694999337955,"stop":1694999338806,"duration":851}},{"uid":"54be72a625427c02","reportUrl":"https://zaelcovsky.github.io/StroyremAutomation/82//#testresult/54be72a625427c02","status":"broken","statusDetails":"selenium.common.exceptions.NoSuchElementException: Message: no such element: Unable to locate element: {\"method\":\"xpath\",\"selector\":\"(//a[@class='add-to-cart yellow-btn'])[1]\"}\n  (Session info: headless chrome=117.0.5938.88); For documentation on this error, please visit: https://www.selenium.dev/documentation/webdriver/troubleshooting/errors#no-such-element-exception\nStacktrace:\n#0 0x557a55bea6c3 <unknown>\n#1 0x557a558c01e7 <unknown>\n#2 0x557a55907566 <unknown>\n#3 0x557a55907651 <unknown>\n#4 0x557a55944a74 <unknown>\n#5 0x557a559290ed <unknown>\n#6 0x557a55942322 <unknown>\n#7 0x557a55928e93 <unknown>\n#8 0x557a558fb934 <unknown>\n#9 0x557a558fc71e <unknown>\n#10 0x557a55bafcc8 <unknown>\n#11 0x557a55bb3c00 <unknown>\n#12 0x557a55bbe1ac <unknown>\n#13 0x557a55bb4818 <unknown>\n#14 0x557a55b8128f <unknown>\n#15 0x557a55bd8e98 <unknown>\n#16 0x557a55bd9069 <unknown>\n#17 0x557a55be9853 <unknown>\n#18 0x7f6369a96044 <unknown>","time":{"start":1694912990405,"stop":1694912990955,"duration":550}},{"uid":"5599fd6dcda1c276","reportUrl":"https://zaelcovsky.github.io/StroyremAutomation/81//#testresult/5599fd6dcda1c276","status":"broken","statusDetails":"selenium.common.exceptions.NoSuchElementException: Message: no such element: Unable to locate element: {\"method\":\"xpath\",\"selector\":\"(//a[@class='add-to-cart yellow-btn'])[1]\"}\n  (Session info: headless chrome=117.0.5938.88); For documentation on this error, please visit: https://www.selenium.dev/documentation/webdriver/troubleshooting/errors#no-such-element-exception\nStacktrace:\n#0 0x55eddf6a76c3 <unknown>\n#1 0x55eddf37d1e7 <unknown>\n#2 0x55eddf3c4566 <unknown>\n#3 0x55eddf3c4651 <unknown>\n#4 0x55eddf401a74 <unknown>\n#5 0x55eddf3e60ed <unknown>\n#6 0x55eddf3ff322 <unknown>\n#7 0x55eddf3e5e93 <unknown>\n#8 0x55eddf3b8934 <unknown>\n#9 0x55eddf3b971e <unknown>\n#10 0x55eddf66ccc8 <unknown>\n#11 0x55eddf670c00 <unknown>\n#12 0x55eddf67b1ac <unknown>\n#13 0x55eddf671818 <unknown>\n#14 0x55eddf63e28f <unknown>\n#15 0x55eddf695e98 <unknown>\n#16 0x55eddf696069 <unknown>\n#17 0x55eddf6a6853 <unknown>\n#18 0x7f3f358a2044 <unknown>","time":{"start":1694826421466,"stop":1694826422265,"duration":799}},{"uid":"d50bd0042b6b9d7a","reportUrl":"https://zaelcovsky.github.io/StroyremAutomation/80//#testresult/d50bd0042b6b9d7a","status":"broken","statusDetails":"selenium.common.exceptions.NoSuchElementException: Message: no such element: Unable to locate element: {\"method\":\"xpath\",\"selector\":\"(//a[@class='add-to-cart yellow-btn'])[1]\"}\n  (Session info: headless chrome=117.0.5938.62); For documentation on this error, please visit: https://www.selenium.dev/documentation/webdriver/troubleshooting/errors#no-such-element-exception\nStacktrace:\n#0 0x564560f8c693 <unknown>\n#1 0x564560c621e7 <unknown>\n#2 0x564560ca9566 <unknown>\n#3 0x564560ca9651 <unknown>\n#4 0x564560ce6a74 <unknown>\n#5 0x564560ccb0ed <unknown>\n#6 0x564560ce4322 <unknown>\n#7 0x564560ccae93 <unknown>\n#8 0x564560c9d934 <unknown>\n#9 0x564560c9e71e <unknown>\n#10 0x564560f51c98 <unknown>\n#11 0x564560f55bd0 <unknown>\n#12 0x564560f6017c <unknown>\n#13 0x564560f567e8 <unknown>\n#14 0x564560f2325f <unknown>\n#15 0x564560f7ae68 <unknown>\n#16 0x564560f7b039 <unknown>\n#17 0x564560f8b823 <unknown>\n#18 0x7fb5487df044 <unknown>","time":{"start":1694740034776,"stop":1694740035529,"duration":753}},{"uid":"f5464c244575aa19","reportUrl":"https://zaelcovsky.github.io/StroyremAutomation/79//#testresult/f5464c244575aa19","status":"broken","statusDetails":"selenium.common.exceptions.NoSuchElementException: Message: no such element: Unable to locate element: {\"method\":\"xpath\",\"selector\":\"(//a[@class='add-to-cart yellow-btn'])[1]\"}\n  (Session info: headless chrome=117.0.5938.62); For documentation on this error, please visit: https://www.selenium.dev/documentation/webdriver/troubleshooting/errors#no-such-element-exception\nStacktrace:\n#0 0x562892451693 <unknown>\n#1 0x5628921271e7 <unknown>\n#2 0x56289216e566 <unknown>\n#3 0x56289216e651 <unknown>\n#4 0x5628921aba74 <unknown>\n#5 0x5628921900ed <unknown>\n#6 0x5628921a9322 <unknown>\n#7 0x56289218fe93 <unknown>\n#8 0x562892162934 <unknown>\n#9 0x56289216371e <unknown>\n#10 0x562892416c98 <unknown>\n#11 0x56289241abd0 <unknown>\n#12 0x56289242517c <unknown>\n#13 0x56289241b7e8 <unknown>\n#14 0x5628923e825f <unknown>\n#15 0x56289243fe68 <unknown>\n#16 0x562892440039 <unknown>\n#17 0x562892450823 <unknown>\n#18 0x7fadb674b044 <unknown>","time":{"start":1694653857879,"stop":1694653858708,"duration":829}},{"uid":"67ad77a8e923bec2","reportUrl":"https://zaelcovsky.github.io/StroyremAutomation/78//#testresult/67ad77a8e923bec2","status":"broken","statusDetails":"selenium.common.exceptions.NoSuchElementException: Message: no such element: Unable to locate element: {\"method\":\"xpath\",\"selector\":\"(//a[@class='add-to-cart yellow-btn'])[1]\"}\n  (Session info: headless chrome=117.0.5938.62); For documentation on this error, please visit: https://www.selenium.dev/documentation/webdriver/troubleshooting/errors#no-such-element-exception\nStacktrace:\n#0 0x560d14d5a693 <unknown>\n#1 0x560d14a301e7 <unknown>\n#2 0x560d14a77566 <unknown>\n#3 0x560d14a77651 <unknown>\n#4 0x560d14ab4a74 <unknown>\n#5 0x560d14a990ed <unknown>\n#6 0x560d14ab2322 <unknown>\n#7 0x560d14a98e93 <unknown>\n#8 0x560d14a6b934 <unknown>\n#9 0x560d14a6c71e <unknown>\n#10 0x560d14d1fc98 <unknown>\n#11 0x560d14d23bd0 <unknown>\n#12 0x560d14d2e17c <unknown>\n#13 0x560d14d247e8 <unknown>\n#14 0x560d14cf125f <unknown>\n#15 0x560d14d48e68 <unknown>\n#16 0x560d14d49039 <unknown>\n#17 0x560d14d59823 <unknown>\n#18 0x7fe39bd98044 <unknown>","time":{"start":1694567349158,"stop":1694567349698,"duration":540}},{"uid":"5581fe4006023663","reportUrl":"https://zaelcovsky.github.io/StroyremAutomation/77//#testresult/5581fe4006023663","status":"broken","statusDetails":"selenium.common.exceptions.NoSuchElementException: Message: no such element: Unable to locate element: {\"method\":\"xpath\",\"selector\":\"(//a[@class='add-to-cart yellow-btn'])[1]\"}\n  (Session info: headless chrome=116.0.5845.96); For documentation on this error, please visit: https://www.selenium.dev/documentation/webdriver/troubleshooting/errors#no-such-element-exception\nStacktrace:\n#0 0x5582b7b92e23 <unknown>\n#1 0x5582b78bb7a7 <unknown>\n#2 0x5582b78fa1d3 <unknown>\n#3 0x5582b78fa2c1 <unknown>\n#4 0x5582b7935a04 <unknown>\n#5 0x5582b791b03d <unknown>\n#6 0x5582b7933369 <unknown>\n#7 0x5582b791ade3 <unknown>\n#8 0x5582b78eea7b <unknown>\n#9 0x5582b78ef81e <unknown>\n#10 0x5582b7b54638 <unknown>\n#11 0x5582b7b58507 <unknown>\n#12 0x5582b7b62c4c <unknown>\n#13 0x5582b7b59136 <unknown>\n#14 0x5582b7b279cf <unknown>\n#15 0x5582b7b7cb98 <unknown>\n#16 0x5582b7b7cd68 <unknown>\n#17 0x5582b7b8bcb3 <unknown>\n#18 0x7f6d7dd90044 <unknown>","time":{"start":1694480992364,"stop":1694480993221,"duration":857}},{"uid":"37dcb19d83328427","reportUrl":"https://zaelcovsky.github.io/StroyremAutomation/76//#testresult/37dcb19d83328427","status":"broken","statusDetails":"selenium.common.exceptions.NoSuchElementException: Message: no such element: Unable to locate element: {\"method\":\"xpath\",\"selector\":\"(//a[@class='add-to-cart yellow-btn'])[1]\"}\n  (Session info: headless chrome=116.0.5845.96); For documentation on this error, please visit: https://www.selenium.dev/documentation/webdriver/troubleshooting/errors#no-such-element-exception\nStacktrace:\n#0 0x5568ac524e23 <unknown>\n#1 0x5568ac24d7a7 <unknown>\n#2 0x5568ac28c1d3 <unknown>\n#3 0x5568ac28c2c1 <unknown>\n#4 0x5568ac2c7a04 <unknown>\n#5 0x5568ac2ad03d <unknown>\n#6 0x5568ac2c5369 <unknown>\n#7 0x5568ac2acde3 <unknown>\n#8 0x5568ac280a7b <unknown>\n#9 0x5568ac28181e <unknown>\n#10 0x5568ac4e6638 <unknown>\n#11 0x5568ac4ea507 <unknown>\n#12 0x5568ac4f4c4c <unknown>\n#13 0x5568ac4eb136 <unknown>\n#14 0x5568ac4b99cf <unknown>\n#15 0x5568ac50eb98 <unknown>\n#16 0x5568ac50ed68 <unknown>\n#17 0x5568ac51dcb3 <unknown>\n#18 0x7f35cdc4b044 <unknown>","time":{"start":1694394507754,"stop":1694394508370,"duration":616}},{"uid":"db84604af76149eb","reportUrl":"https://zaelcovsky.github.io/StroyremAutomation/75//#testresult/db84604af76149eb","status":"broken","statusDetails":"selenium.common.exceptions.NoSuchElementException: Message: no such element: Unable to locate element: {\"method\":\"xpath\",\"selector\":\"(//a[@class='add-to-cart yellow-btn'])[1]\"}\n  (Session info: headless chrome=116.0.5845.96); For documentation on this error, please visit: https://www.selenium.dev/documentation/webdriver/troubleshooting/errors#no-such-element-exception\nStacktrace:\n#0 0x557086f75e23 <unknown>\n#1 0x557086c9e7a7 <unknown>\n#2 0x557086cdd1d3 <unknown>\n#3 0x557086cdd2c1 <unknown>\n#4 0x557086d18a04 <unknown>\n#5 0x557086cfe03d <unknown>\n#6 0x557086d16369 <unknown>\n#7 0x557086cfdde3 <unknown>\n#8 0x557086cd1a7b <unknown>\n#9 0x557086cd281e <unknown>\n#10 0x557086f37638 <unknown>\n#11 0x557086f3b507 <unknown>\n#12 0x557086f45c4c <unknown>\n#13 0x557086f3c136 <unknown>\n#14 0x557086f0a9cf <unknown>\n#15 0x557086f5fb98 <unknown>\n#16 0x557086f5fd68 <unknown>\n#17 0x557086f6ecb3 <unknown>\n#18 0x7f88b4db3044 <unknown>","time":{"start":1694308262969,"stop":1694308263753,"duration":784}},{"uid":"8c0a281e0a6190a4","reportUrl":"https://zaelcovsky.github.io/StroyremAutomation/74//#testresult/8c0a281e0a6190a4","status":"broken","statusDetails":"selenium.common.exceptions.NoSuchElementException: Message: no such element: Unable to locate element: {\"method\":\"xpath\",\"selector\":\"(//a[@class='add-to-cart yellow-btn'])[1]\"}\n  (Session info: headless chrome=116.0.5845.96); For documentation on this error, please visit: https://www.selenium.dev/documentation/webdriver/troubleshooting/errors#no-such-element-exception\nStacktrace:\n#0 0x5628bb401e23 <unknown>\n#1 0x5628bb12a7a7 <unknown>\n#2 0x5628bb1691d3 <unknown>\n#3 0x5628bb1692c1 <unknown>\n#4 0x5628bb1a4a04 <unknown>\n#5 0x5628bb18a03d <unknown>\n#6 0x5628bb1a2369 <unknown>\n#7 0x5628bb189de3 <unknown>\n#8 0x5628bb15da7b <unknown>\n#9 0x5628bb15e81e <unknown>\n#10 0x5628bb3c3638 <unknown>\n#11 0x5628bb3c7507 <unknown>\n#12 0x5628bb3d1c4c <unknown>\n#13 0x5628bb3c8136 <unknown>\n#14 0x5628bb3969cf <unknown>\n#15 0x5628bb3ebb98 <unknown>\n#16 0x5628bb3ebd68 <unknown>\n#17 0x5628bb3facb3 <unknown>\n#18 0x7fa9fec70044 <unknown>","time":{"start":1694221793609,"stop":1694221794416,"duration":807}},{"uid":"3696f150472fe8b8","reportUrl":"https://zaelcovsky.github.io/StroyremAutomation/73//#testresult/3696f150472fe8b8","status":"broken","statusDetails":"selenium.common.exceptions.NoSuchElementException: Message: no such element: Unable to locate element: {\"method\":\"xpath\",\"selector\":\"(//a[@class='add-to-cart yellow-btn'])[1]\"}\n  (Session info: headless chrome=116.0.5845.96); For documentation on this error, please visit: https://www.selenium.dev/documentation/webdriver/troubleshooting/errors#no-such-element-exception\nStacktrace:\n#0 0x5598bc79ee23 <unknown>\n#1 0x5598bc4c77a7 <unknown>\n#2 0x5598bc5061d3 <unknown>\n#3 0x5598bc5062c1 <unknown>\n#4 0x5598bc541a04 <unknown>\n#5 0x5598bc52703d <unknown>\n#6 0x5598bc53f369 <unknown>\n#7 0x5598bc526de3 <unknown>\n#8 0x5598bc4faa7b <unknown>\n#9 0x5598bc4fb81e <unknown>\n#10 0x5598bc760638 <unknown>\n#11 0x5598bc764507 <unknown>\n#12 0x5598bc76ec4c <unknown>\n#13 0x5598bc765136 <unknown>\n#14 0x5598bc7339cf <unknown>\n#15 0x5598bc788b98 <unknown>\n#16 0x5598bc788d68 <unknown>\n#17 0x5598bc797cb3 <unknown>\n#18 0x7f7dc7da5044 <unknown>","time":{"start":1694135262909,"stop":1694135263577,"duration":668}},{"uid":"bb5ab562fa0c134d","reportUrl":"https://zaelcovsky.github.io/StroyremAutomation/72//#testresult/bb5ab562fa0c134d","status":"broken","statusDetails":"selenium.common.exceptions.NoSuchElementException: Message: no such element: Unable to locate element: {\"method\":\"xpath\",\"selector\":\"(//a[@class='add-to-cart yellow-btn'])[1]\"}\n  (Session info: headless chrome=116.0.5845.96); For documentation on this error, please visit: https://www.selenium.dev/documentation/webdriver/troubleshooting/errors#no-such-element-exception\nStacktrace:\n#0 0x55d26685ae23 <unknown>\n#1 0x55d2665837a7 <unknown>\n#2 0x55d2665c21d3 <unknown>\n#3 0x55d2665c22c1 <unknown>\n#4 0x55d2665fda04 <unknown>\n#5 0x55d2665e303d <unknown>\n#6 0x55d2665fb369 <unknown>\n#7 0x55d2665e2de3 <unknown>\n#8 0x55d2665b6a7b <unknown>\n#9 0x55d2665b781e <unknown>\n#10 0x55d26681c638 <unknown>\n#11 0x55d266820507 <unknown>\n#12 0x55d26682ac4c <unknown>\n#13 0x55d266821136 <unknown>\n#14 0x55d2667ef9cf <unknown>\n#15 0x55d266844b98 <unknown>\n#16 0x55d266844d68 <unknown>\n#17 0x55d266853cb3 <unknown>\n#18 0x7f813b7c5044 <unknown>","time":{"start":1694048964846,"stop":1694048965962,"duration":1116}},{"uid":"b67b26527dca0fed","reportUrl":"https://zaelcovsky.github.io/StroyremAutomation/71//#testresult/b67b26527dca0fed","status":"broken","statusDetails":"selenium.common.exceptions.ElementNotInteractableException: Message: element not interactable\n  (Session info: headless chrome=116.0.5845.96)\nStacktrace:\n#0 0x55b0a23d5e23 <unknown>\n#1 0x55b0a20fe5f6 <unknown>\n#2 0x55b0a2134c5d <unknown>\n#3 0x55b0a215e012 <unknown>\n#4 0x55b0a2132fb6 <unknown>\n#5 0x55b0a215e1de <unknown>\n#6 0x55b0a2176369 <unknown>\n#7 0x55b0a215dde3 <unknown>\n#8 0x55b0a2131a7b <unknown>\n#9 0x55b0a213281e <unknown>\n#10 0x55b0a2397638 <unknown>\n#11 0x55b0a239b507 <unknown>\n#12 0x55b0a23a5c4c <unknown>\n#13 0x55b0a239c136 <unknown>\n#14 0x55b0a236a9cf <unknown>\n#15 0x55b0a23bfb98 <unknown>\n#16 0x55b0a23bfd68 <unknown>\n#17 0x55b0a23cecb3 <unknown>\n#18 0x7fd85aabd044 <unknown>","time":{"start":1693962666791,"stop":1693962673624,"duration":6833}},{"uid":"dd32c9002e093898","reportUrl":"https://zaelcovsky.github.io/StroyremAutomation/70//#testresult/dd32c9002e093898","status":"broken","statusDetails":"selenium.common.exceptions.NoSuchElementException: Message: no such element: Unable to locate element: {\"method\":\"xpath\",\"selector\":\"(//a[@class='add-to-cart yellow-btn'])[1]\"}\n  (Session info: headless chrome=116.0.5845.96); For documentation on this error, please visit: https://www.selenium.dev/documentation/webdriver/troubleshooting/errors#no-such-element-exception\nStacktrace:\n#0 0x56069dfc1e23 <unknown>\n#1 0x56069dcea7a7 <unknown>\n#2 0x56069dd291d3 <unknown>\n#3 0x56069dd292c1 <unknown>\n#4 0x56069dd64a04 <unknown>\n#5 0x56069dd4a03d <unknown>\n#6 0x56069dd62369 <unknown>\n#7 0x56069dd49de3 <unknown>\n#8 0x56069dd1da7b <unknown>\n#9 0x56069dd1e81e <unknown>\n#10 0x56069df83638 <unknown>\n#11 0x56069df87507 <unknown>\n#12 0x56069df91c4c <unknown>\n#13 0x56069df88136 <unknown>\n#14 0x56069df569cf <unknown>\n#15 0x56069dfabb98 <unknown>\n#16 0x56069dfabd68 <unknown>\n#17 0x56069dfbacb3 <unknown>\n#18 0x7f4318802044 <unknown>","time":{"start":1693876175682,"stop":1693876176441,"duration":759}},{"uid":"581fdfd650bfaacf","reportUrl":"https://zaelcovsky.github.io/StroyremAutomation/69//#testresult/581fdfd650bfaacf","status":"broken","statusDetails":"selenium.common.exceptions.ElementNotInteractableException: Message: element not interactable\n  (Session info: headless chrome=116.0.5845.96)\nStacktrace:\n#0 0x557e26f1ae23 <unknown>\n#1 0x557e26c435f6 <unknown>\n#2 0x557e26c79c5d <unknown>\n#3 0x557e26ca3012 <unknown>\n#4 0x557e26c77fb6 <unknown>\n#5 0x557e26ca31de <unknown>\n#6 0x557e26cbb369 <unknown>\n#7 0x557e26ca2de3 <unknown>\n#8 0x557e26c76a7b <unknown>\n#9 0x557e26c7781e <unknown>\n#10 0x557e26edc638 <unknown>\n#11 0x557e26ee0507 <unknown>\n#12 0x557e26eeac4c <unknown>\n#13 0x557e26ee1136 <unknown>\n#14 0x557e26eaf9cf <unknown>\n#15 0x557e26f04b98 <unknown>\n#16 0x557e26f04d68 <unknown>\n#17 0x557e26f13cb3 <unknown>\n#18 0x7fa2e4c54044 <unknown>","time":{"start":1693789971003,"stop":1693789979434,"duration":8431}},{"uid":"859f0e3b71e6212d","reportUrl":"https://zaelcovsky.github.io/StroyremAutomation/68//#testresult/859f0e3b71e6212d","status":"broken","statusDetails":"selenium.common.exceptions.ElementNotInteractableException: Message: element not interactable\n  (Session info: headless chrome=116.0.5845.96)\nStacktrace:\n#0 0x560cf2a1be23 <unknown>\n#1 0x560cf27445f6 <unknown>\n#2 0x560cf277ac5d <unknown>\n#3 0x560cf27a4012 <unknown>\n#4 0x560cf2778fb6 <unknown>\n#5 0x560cf27a41de <unknown>\n#6 0x560cf27bc369 <unknown>\n#7 0x560cf27a3de3 <unknown>\n#8 0x560cf2777a7b <unknown>\n#9 0x560cf277881e <unknown>\n#10 0x560cf29dd638 <unknown>\n#11 0x560cf29e1507 <unknown>\n#12 0x560cf29ebc4c <unknown>\n#13 0x560cf29e2136 <unknown>\n#14 0x560cf29b09cf <unknown>\n#15 0x560cf2a05b98 <unknown>\n#16 0x560cf2a05d68 <unknown>\n#17 0x560cf2a14cb3 <unknown>\n#18 0x7f89b7f7d044 <unknown>","time":{"start":1693703561816,"stop":1693703568038,"duration":6222}},{"uid":"c0ef9ec5fedf0b99","reportUrl":"https://zaelcovsky.github.io/StroyremAutomation/67//#testresult/c0ef9ec5fedf0b99","status":"broken","statusDetails":"selenium.common.exceptions.WebDriverException: Message: unknown error: net::ERR_CONNECTION_REFUSED\n  (Session info: headless chrome=116.0.5845.96)\nStacktrace:\n#0 0x557c37844e23 <unknown>\n#1 0x557c3756d7a7 <unknown>\n#2 0x557c37565829 <unknown>\n#3 0x557c375552c2 <unknown>\n#4 0x557c375569fb <unknown>\n#5 0x557c3755569d <unknown>\n#6 0x557c3755465c <unknown>\n#7 0x557c375545ce <unknown>\n#8 0x557c3755328a <unknown>\n#9 0x557c375536da <unknown>\n#10 0x557c3756f630 <unknown>\n#11 0x557c375e5b15 <unknown>\n#12 0x557c375cd012 <unknown>\n#13 0x557c375e5369 <unknown>\n#14 0x557c375ccde3 <unknown>\n#15 0x557c375a0a7b <unknown>\n#16 0x557c375a181e <unknown>\n#17 0x557c37806638 <unknown>\n#18 0x557c3780a507 <unknown>\n#19 0x557c37814c4c <unknown>\n#20 0x557c3780b136 <unknown>\n#21 0x557c377d99cf <unknown>\n#22 0x557c3782eb98 <unknown>\n#23 0x557c3782ed68 <unknown>\n#24 0x557c3783dcb3 <unknown>\n#25 0x7f0cdb262044 <unknown>","time":{"start":1693616885519,"stop":1693616885899,"duration":380}}]},"tags":["smoke"]},"source":"358e31a8f68714c1.json","parameterValues":["2190","1","'TD 001'","1590","'products/uroven---uglomer-elektronnyj-kapro-992'","0","'https://sandboxtest.stroyrem-nn.ru/'","30"]}