{"uid":"5fbdc2f92fe4fb2f","name":"TD 015 Доставка товара весом до 30кг. в синей зоне","fullName":"tests.delivery.test_delivery_calculation.TestDeliveryPageCalculation#test_positive_delivery_blue_zone_smoke","historyId":"ae12a59ab9fb9a38e23182dccc7cf409","time":{"start":1704590364777,"stop":1704590365225,"duration":448},"status":"broken","statusMessage":"selenium.common.exceptions.NoSuchElementException: Message: no such element: Unable to locate element: {\"method\":\"xpath\",\"selector\":\"(//a[@class='add-to-cart yellow-btn'])[1]\"}\n  (Session info: chrome-headless-shell=120.0.6099.109); For documentation on this error, please visit: https://www.selenium.dev/documentation/webdriver/troubleshooting/errors#no-such-element-exception\nStacktrace:\n#0 0x55781b884f83 <unknown>\n#1 0x55781b53dcf7 <unknown>\n#2 0x55781b58d99e <unknown>\n#3 0x55781b58daa1 <unknown>\n#4 0x55781b5d8d64 <unknown>\n#5 0x55781b5b70dd <unknown>\n#6 0x55781b5d6006 <unknown>\n#7 0x55781b5b6e53 <unknown>\n#8 0x55781b57edd4 <unknown>\n#9 0x55781b5801de <unknown>\n#10 0x55781b849531 <unknown>\n#11 0x55781b84d455 <unknown>\n#12 0x55781b835f55 <unknown>\n#13 0x55781b84e0ef <unknown>\n#14 0x55781b81999f <unknown>\n#15 0x55781b872008 <unknown>\n#16 0x55781b8721d7 <unknown>\n#17 0x55781b884124 <unknown>\n#18 0x7f50ce1a4044 <unknown>","statusTrace":"self = <tests.delivery.test_delivery_calculation.TestDeliveryPageCalculation object at 0x7fb54252e9d0>\ndriver = <selenium.webdriver.chrome.webdriver.WebDriver (session=\"8f85597e70ac9af9c7e5031c5fe6361a\")>\nurl = 'https://sandboxtest.stroyrem-nn.ru/', case_id = 'TD 015'\nlink_item = 'products/shtukaturka-tsementnaya-bergauf-bau-putts-tsement-25kg-56sht'\namount = 1, weight = 30, standard = 650, in_time = 2390, all_time = 3320\n\n    @pytest.mark.parametrize('case_id, link_item, amount, weight, standard, in_time, all_time', [\n        (\"TD 015\", bundeks_25, 1, 30, 650, 2390, 3320),\n        pytest.param(\n            \"TD 016\", aksolit_30, 8, 300, 650, 2390, 3320,\n            marks=pytest.mark.xfail(reson=\"Цена доставки: - - -\")\n        ),\n        (\"TD 017\", aksolit_30, 13, 400, 650, 2390, 3320),\n        (\"TD 018\", aksolit_30, 16, 500, 850, 2490, 3320),\n        (\"TD 019\", aksolit_30, 25, 1700, 1150, 2490, 3320),\n        (\"TD 020\", aksolit_30, 66, 2000, 1500, 2990, 3650),\n        (\"TD 021\", aksolit_30, 149, 4500, 2600, 4380, 4890),\n        (\"TD 022\", aksolit_30, 166, 5000, 2800, 5490, 5980),\n        pytest.param(\n            \"TD 023\", aksolit_30, 206, 6200, 3300, 7500, 8000,\n            marks=pytest.mark.xfail(reson=\"Цена доставки: 4300 9900 11440\")\n        ),\n        (\"TD 024\", aksolit_30, 299, 9000, 4300, 9900, 11440),\n        (\"TD 025\", aksolit_30, 333, 10000, 7000, 13900, 15900),\n        pytest.param(\n            \"TD 026\", aksolit_30, 366, 11000, 8000, 14900, 19900,\n            marks=pytest.mark.xfail(reson=\"Цена доставки: 7000 13900 15900\")\n        ),\n        pytest.param(\n            \"TD 027\", aksolit_30, 666, 20000, 14000, 16900, 23900,\n            marks=pytest.mark.xfail(reson=\"Цена доставки: 7000 13900 15900\")\n        )\n    ])\n    @pytest.mark.smoke\n    def test_positive_delivery_blue_zone_smoke(\n            self, driver, url, case_id, link_item, amount, weight, standard, in_time, all_time\n    ):\n        allure.dynamic.title(f\"{case_id} Доставка товара весом до {weight}кг. в синей зоне\")\n    \n        driver.get(f'{url}{link_item}')\n        item_page = ItemPage(driver)\n>       item_page.add_item_to_cart(amount).click_on_cart()\n\ntests/delivery/test_delivery_calculation.py:130: \n_ _ _ _ _ _ _ _ _ _ _ _ _ _ _ _ _ _ _ _ _ _ _ _ _ _ _ _ _ _ _ _ _ _ _ _ _ _ _ _ \npages/item_page.py:40: in add_item_to_cart\n    self.find_element(self._add_item).click()\nbase/seleniumbase.py:17: in find_element\n    return self.driver.find_element(*locator)\n/usr/local/lib/python3.11/site-packages/selenium/webdriver/remote/webdriver.py:740: in find_element\n    return self.execute(Command.FIND_ELEMENT, {\"using\": by, \"value\": value})[\"value\"]\n/usr/local/lib/python3.11/site-packages/selenium/webdriver/remote/webdriver.py:346: in execute\n    self.error_handler.check_response(response)\n_ _ _ _ _ _ _ _ _ _ _ _ _ _ _ _ _ _ _ _ _ _ _ _ _ _ _ _ _ _ _ _ _ _ _ _ _ _ _ _ \n\nself = <selenium.webdriver.remote.errorhandler.ErrorHandler object at 0x7fb541ed4f90>\nresponse = {'status': 404, 'value': '{\"value\":{\"error\":\"no such element\",\"message\":\"no such element: Unable to locate element: {\\...\\\\n#16 0x55781b8721d7 \\\\u003Cunknown>\\\\n#17 0x55781b884124 \\\\u003Cunknown>\\\\n#18 0x7f50ce1a4044 \\\\u003Cunknown>\\\\n\"}}'}\n\n    def check_response(self, response: Dict[str, Any]) -> None:\n        \"\"\"Checks that a JSON response from the WebDriver does not have an\n        error.\n    \n        :Args:\n         - response - The JSON response from the WebDriver server as a dictionary\n           object.\n    \n        :Raises: If the response contains an error message.\n        \"\"\"\n        status = response.get(\"status\", None)\n        if not status or status == ErrorCode.SUCCESS:\n            return\n        value = None\n        message = response.get(\"message\", \"\")\n        screen: str = response.get(\"screen\", \"\")\n        stacktrace = None\n        if isinstance(status, int):\n            value_json = response.get(\"value\", None)\n            if value_json and isinstance(value_json, str):\n                import json\n    \n                try:\n                    value = json.loads(value_json)\n                    if len(value) == 1:\n                        value = value[\"value\"]\n                    status = value.get(\"error\", None)\n                    if not status:\n                        status = value.get(\"status\", ErrorCode.UNKNOWN_ERROR)\n                        message = value.get(\"value\") or value.get(\"message\")\n                        if not isinstance(message, str):\n                            value = message\n                            message = message.get(\"message\")\n                    else:\n                        message = value.get(\"message\", None)\n                except ValueError:\n                    pass\n    \n        exception_class: Type[WebDriverException]\n        if status in ErrorCode.NO_SUCH_ELEMENT:\n            exception_class = NoSuchElementException\n        elif status in ErrorCode.NO_SUCH_FRAME:\n            exception_class = NoSuchFrameException\n        elif status in ErrorCode.NO_SUCH_SHADOW_ROOT:\n            exception_class = NoSuchShadowRootException\n        elif status in ErrorCode.NO_SUCH_WINDOW:\n            exception_class = NoSuchWindowException\n        elif status in ErrorCode.STALE_ELEMENT_REFERENCE:\n            exception_class = StaleElementReferenceException\n        elif status in ErrorCode.ELEMENT_NOT_VISIBLE:\n            exception_class = ElementNotVisibleException\n        elif status in ErrorCode.INVALID_ELEMENT_STATE:\n            exception_class = InvalidElementStateException\n        elif (\n            status in ErrorCode.INVALID_SELECTOR\n            or status in ErrorCode.INVALID_XPATH_SELECTOR\n            or status in ErrorCode.INVALID_XPATH_SELECTOR_RETURN_TYPER\n        ):\n            exception_class = InvalidSelectorException\n        elif status in ErrorCode.ELEMENT_IS_NOT_SELECTABLE:\n            exception_class = ElementNotSelectableException\n        elif status in ErrorCode.ELEMENT_NOT_INTERACTABLE:\n            exception_class = ElementNotInteractableException\n        elif status in ErrorCode.INVALID_COOKIE_DOMAIN:\n            exception_class = InvalidCookieDomainException\n        elif status in ErrorCode.UNABLE_TO_SET_COOKIE:\n            exception_class = UnableToSetCookieException\n        elif status in ErrorCode.TIMEOUT:\n            exception_class = TimeoutException\n        elif status in ErrorCode.SCRIPT_TIMEOUT:\n            exception_class = TimeoutException\n        elif status in ErrorCode.UNKNOWN_ERROR:\n            exception_class = WebDriverException\n        elif status in ErrorCode.UNEXPECTED_ALERT_OPEN:\n            exception_class = UnexpectedAlertPresentException\n        elif status in ErrorCode.NO_ALERT_OPEN:\n            exception_class = NoAlertPresentException\n        elif status in ErrorCode.IME_NOT_AVAILABLE:\n            exception_class = ImeNotAvailableException\n        elif status in ErrorCode.IME_ENGINE_ACTIVATION_FAILED:\n            exception_class = ImeActivationFailedException\n        elif status in ErrorCode.MOVE_TARGET_OUT_OF_BOUNDS:\n            exception_class = MoveTargetOutOfBoundsException\n        elif status in ErrorCode.JAVASCRIPT_ERROR:\n            exception_class = JavascriptException\n        elif status in ErrorCode.SESSION_NOT_CREATED:\n            exception_class = SessionNotCreatedException\n        elif status in ErrorCode.INVALID_ARGUMENT:\n            exception_class = InvalidArgumentException\n        elif status in ErrorCode.NO_SUCH_COOKIE:\n            exception_class = NoSuchCookieException\n        elif status in ErrorCode.UNABLE_TO_CAPTURE_SCREEN:\n            exception_class = ScreenshotException\n        elif status in ErrorCode.ELEMENT_CLICK_INTERCEPTED:\n            exception_class = ElementClickInterceptedException\n        elif status in ErrorCode.INSECURE_CERTIFICATE:\n            exception_class = InsecureCertificateException\n        elif status in ErrorCode.INVALID_COORDINATES:\n            exception_class = InvalidCoordinatesException\n        elif status in ErrorCode.INVALID_SESSION_ID:\n            exception_class = InvalidSessionIdException\n        elif status in ErrorCode.UNKNOWN_METHOD:\n            exception_class = UnknownMethodException\n        else:\n            exception_class = WebDriverException\n        if not value:\n            value = response[\"value\"]\n        if isinstance(value, str):\n            raise exception_class(value)\n        if message == \"\" and \"message\" in value:\n            message = value[\"message\"]\n    \n        screen = None  # type: ignore[assignment]\n        if \"screen\" in value:\n            screen = value[\"screen\"]\n    \n        stacktrace = None\n        st_value = value.get(\"stackTrace\") or value.get(\"stacktrace\")\n        if st_value:\n            if isinstance(st_value, str):\n                stacktrace = st_value.split(\"\\n\")\n            else:\n                stacktrace = []\n                try:\n                    for frame in st_value:\n                        line = frame.get(\"lineNumber\", \"\")\n                        file = frame.get(\"fileName\", \"<anonymous>\")\n                        if line:\n                            file = f\"{file}:{line}\"\n                        meth = frame.get(\"methodName\", \"<anonymous>\")\n                        if \"className\" in frame:\n                            meth = f\"{frame['className']}.{meth}\"\n                        msg = \"    at %s (%s)\"\n                        msg = msg % (meth, file)\n                        stacktrace.append(msg)\n                except TypeError:\n                    pass\n        if exception_class == UnexpectedAlertPresentException:\n            alert_text = None\n            if \"data\" in value:\n                alert_text = value[\"data\"].get(\"text\")\n            elif \"alert\" in value:\n                alert_text = value[\"alert\"].get(\"text\")\n            raise exception_class(message, screen, stacktrace, alert_text)  # type: ignore[call-arg]  # mypy is not smart enough here\n>       raise exception_class(message, screen, stacktrace)\nE       selenium.common.exceptions.NoSuchElementException: Message: no such element: Unable to locate element: {\"method\":\"xpath\",\"selector\":\"(//a[@class='add-to-cart yellow-btn'])[1]\"}\nE         (Session info: chrome-headless-shell=120.0.6099.109); For documentation on this error, please visit: https://www.selenium.dev/documentation/webdriver/troubleshooting/errors#no-such-element-exception\nE       Stacktrace:\nE       #0 0x55781b884f83 <unknown>\nE       #1 0x55781b53dcf7 <unknown>\nE       #2 0x55781b58d99e <unknown>\nE       #3 0x55781b58daa1 <unknown>\nE       #4 0x55781b5d8d64 <unknown>\nE       #5 0x55781b5b70dd <unknown>\nE       #6 0x55781b5d6006 <unknown>\nE       #7 0x55781b5b6e53 <unknown>\nE       #8 0x55781b57edd4 <unknown>\nE       #9 0x55781b5801de <unknown>\nE       #10 0x55781b849531 <unknown>\nE       #11 0x55781b84d455 <unknown>\nE       #12 0x55781b835f55 <unknown>\nE       #13 0x55781b84e0ef <unknown>\nE       #14 0x55781b81999f <unknown>\nE       #15 0x55781b872008 <unknown>\nE       #16 0x55781b8721d7 <unknown>\nE       #17 0x55781b884124 <unknown>\nE       #18 0x7f50ce1a4044 <unknown>\n\n/usr/local/lib/python3.11/site-packages/selenium/webdriver/remote/errorhandler.py:245: NoSuchElementException","flaky":false,"newFailed":false,"newBroken":false,"newPassed":false,"retriesCount":0,"retriesStatusChange":false,"beforeStages":[{"name":"_session_faker","time":{"start":1704589841168,"stop":1704589841250,"duration":82},"status":"passed","steps":[],"attachments":[],"parameters":[],"shouldDisplayMessage":false,"stepsCount":0,"attachmentsCount":0,"hasContent":false,"attachmentStep":false},{"name":"clear_allure_results_folder","time":{"start":1704589841250,"stop":1704589841250,"duration":0},"status":"passed","steps":[],"attachments":[],"parameters":[],"shouldDisplayMessage":false,"stepsCount":0,"attachmentsCount":0,"hasContent":false,"attachmentStep":false},{"name":"driver","time":{"start":1704590364039,"stop":1704590364776,"duration":737},"status":"passed","steps":[],"attachments":[],"parameters":[],"shouldDisplayMessage":false,"stepsCount":0,"attachmentsCount":0,"hasContent":false,"attachmentStep":false},{"name":"setup","time":{"start":1704590364776,"stop":1704590364776,"duration":0},"status":"passed","steps":[],"attachments":[],"parameters":[],"shouldDisplayMessage":false,"stepsCount":0,"attachmentsCount":0,"hasContent":false,"attachmentStep":false}],"testStage":{"status":"broken","statusMessage":"selenium.common.exceptions.NoSuchElementException: Message: no such element: Unable to locate element: {\"method\":\"xpath\",\"selector\":\"(//a[@class='add-to-cart yellow-btn'])[1]\"}\n  (Session info: chrome-headless-shell=120.0.6099.109); For documentation on this error, please visit: https://www.selenium.dev/documentation/webdriver/troubleshooting/errors#no-such-element-exception\nStacktrace:\n#0 0x55781b884f83 <unknown>\n#1 0x55781b53dcf7 <unknown>\n#2 0x55781b58d99e <unknown>\n#3 0x55781b58daa1 <unknown>\n#4 0x55781b5d8d64 <unknown>\n#5 0x55781b5b70dd <unknown>\n#6 0x55781b5d6006 <unknown>\n#7 0x55781b5b6e53 <unknown>\n#8 0x55781b57edd4 <unknown>\n#9 0x55781b5801de <unknown>\n#10 0x55781b849531 <unknown>\n#11 0x55781b84d455 <unknown>\n#12 0x55781b835f55 <unknown>\n#13 0x55781b84e0ef <unknown>\n#14 0x55781b81999f <unknown>\n#15 0x55781b872008 <unknown>\n#16 0x55781b8721d7 <unknown>\n#17 0x55781b884124 <unknown>\n#18 0x7f50ce1a4044 <unknown>","statusTrace":"self = <tests.delivery.test_delivery_calculation.TestDeliveryPageCalculation object at 0x7fb54252e9d0>\ndriver = <selenium.webdriver.chrome.webdriver.WebDriver (session=\"8f85597e70ac9af9c7e5031c5fe6361a\")>\nurl = 'https://sandboxtest.stroyrem-nn.ru/', case_id = 'TD 015'\nlink_item = 'products/shtukaturka-tsementnaya-bergauf-bau-putts-tsement-25kg-56sht'\namount = 1, weight = 30, standard = 650, in_time = 2390, all_time = 3320\n\n    @pytest.mark.parametrize('case_id, link_item, amount, weight, standard, in_time, all_time', [\n        (\"TD 015\", bundeks_25, 1, 30, 650, 2390, 3320),\n        pytest.param(\n            \"TD 016\", aksolit_30, 8, 300, 650, 2390, 3320,\n            marks=pytest.mark.xfail(reson=\"Цена доставки: - - -\")\n        ),\n        (\"TD 017\", aksolit_30, 13, 400, 650, 2390, 3320),\n        (\"TD 018\", aksolit_30, 16, 500, 850, 2490, 3320),\n        (\"TD 019\", aksolit_30, 25, 1700, 1150, 2490, 3320),\n        (\"TD 020\", aksolit_30, 66, 2000, 1500, 2990, 3650),\n        (\"TD 021\", aksolit_30, 149, 4500, 2600, 4380, 4890),\n        (\"TD 022\", aksolit_30, 166, 5000, 2800, 5490, 5980),\n        pytest.param(\n            \"TD 023\", aksolit_30, 206, 6200, 3300, 7500, 8000,\n            marks=pytest.mark.xfail(reson=\"Цена доставки: 4300 9900 11440\")\n        ),\n        (\"TD 024\", aksolit_30, 299, 9000, 4300, 9900, 11440),\n        (\"TD 025\", aksolit_30, 333, 10000, 7000, 13900, 15900),\n        pytest.param(\n            \"TD 026\", aksolit_30, 366, 11000, 8000, 14900, 19900,\n            marks=pytest.mark.xfail(reson=\"Цена доставки: 7000 13900 15900\")\n        ),\n        pytest.param(\n            \"TD 027\", aksolit_30, 666, 20000, 14000, 16900, 23900,\n            marks=pytest.mark.xfail(reson=\"Цена доставки: 7000 13900 15900\")\n        )\n    ])\n    @pytest.mark.smoke\n    def test_positive_delivery_blue_zone_smoke(\n            self, driver, url, case_id, link_item, amount, weight, standard, in_time, all_time\n    ):\n        allure.dynamic.title(f\"{case_id} Доставка товара весом до {weight}кг. в синей зоне\")\n    \n        driver.get(f'{url}{link_item}')\n        item_page = ItemPage(driver)\n>       item_page.add_item_to_cart(amount).click_on_cart()\n\ntests/delivery/test_delivery_calculation.py:130: \n_ _ _ _ _ _ _ _ _ _ _ _ _ _ _ _ _ _ _ _ _ _ _ _ _ _ _ _ _ _ _ _ _ _ _ _ _ _ _ _ \npages/item_page.py:40: in add_item_to_cart\n    self.find_element(self._add_item).click()\nbase/seleniumbase.py:17: in find_element\n    return self.driver.find_element(*locator)\n/usr/local/lib/python3.11/site-packages/selenium/webdriver/remote/webdriver.py:740: in find_element\n    return self.execute(Command.FIND_ELEMENT, {\"using\": by, \"value\": value})[\"value\"]\n/usr/local/lib/python3.11/site-packages/selenium/webdriver/remote/webdriver.py:346: in execute\n    self.error_handler.check_response(response)\n_ _ _ _ _ _ _ _ _ _ _ _ _ _ _ _ _ _ _ _ _ _ _ _ _ _ _ _ _ _ _ _ _ _ _ _ _ _ _ _ \n\nself = <selenium.webdriver.remote.errorhandler.ErrorHandler object at 0x7fb541ed4f90>\nresponse = {'status': 404, 'value': '{\"value\":{\"error\":\"no such element\",\"message\":\"no such element: Unable to locate element: {\\...\\\\n#16 0x55781b8721d7 \\\\u003Cunknown>\\\\n#17 0x55781b884124 \\\\u003Cunknown>\\\\n#18 0x7f50ce1a4044 \\\\u003Cunknown>\\\\n\"}}'}\n\n    def check_response(self, response: Dict[str, Any]) -> None:\n        \"\"\"Checks that a JSON response from the WebDriver does not have an\n        error.\n    \n        :Args:\n         - response - The JSON response from the WebDriver server as a dictionary\n           object.\n    \n        :Raises: If the response contains an error message.\n        \"\"\"\n        status = response.get(\"status\", None)\n        if not status or status == ErrorCode.SUCCESS:\n            return\n        value = None\n        message = response.get(\"message\", \"\")\n        screen: str = response.get(\"screen\", \"\")\n        stacktrace = None\n        if isinstance(status, int):\n            value_json = response.get(\"value\", None)\n            if value_json and isinstance(value_json, str):\n                import json\n    \n                try:\n                    value = json.loads(value_json)\n                    if len(value) == 1:\n                        value = value[\"value\"]\n                    status = value.get(\"error\", None)\n                    if not status:\n                        status = value.get(\"status\", ErrorCode.UNKNOWN_ERROR)\n                        message = value.get(\"value\") or value.get(\"message\")\n                        if not isinstance(message, str):\n                            value = message\n                            message = message.get(\"message\")\n                    else:\n                        message = value.get(\"message\", None)\n                except ValueError:\n                    pass\n    \n        exception_class: Type[WebDriverException]\n        if status in ErrorCode.NO_SUCH_ELEMENT:\n            exception_class = NoSuchElementException\n        elif status in ErrorCode.NO_SUCH_FRAME:\n            exception_class = NoSuchFrameException\n        elif status in ErrorCode.NO_SUCH_SHADOW_ROOT:\n            exception_class = NoSuchShadowRootException\n        elif status in ErrorCode.NO_SUCH_WINDOW:\n            exception_class = NoSuchWindowException\n        elif status in ErrorCode.STALE_ELEMENT_REFERENCE:\n            exception_class = StaleElementReferenceException\n        elif status in ErrorCode.ELEMENT_NOT_VISIBLE:\n            exception_class = ElementNotVisibleException\n        elif status in ErrorCode.INVALID_ELEMENT_STATE:\n            exception_class = InvalidElementStateException\n        elif (\n            status in ErrorCode.INVALID_SELECTOR\n            or status in ErrorCode.INVALID_XPATH_SELECTOR\n            or status in ErrorCode.INVALID_XPATH_SELECTOR_RETURN_TYPER\n        ):\n            exception_class = InvalidSelectorException\n        elif status in ErrorCode.ELEMENT_IS_NOT_SELECTABLE:\n            exception_class = ElementNotSelectableException\n        elif status in ErrorCode.ELEMENT_NOT_INTERACTABLE:\n            exception_class = ElementNotInteractableException\n        elif status in ErrorCode.INVALID_COOKIE_DOMAIN:\n            exception_class = InvalidCookieDomainException\n        elif status in ErrorCode.UNABLE_TO_SET_COOKIE:\n            exception_class = UnableToSetCookieException\n        elif status in ErrorCode.TIMEOUT:\n            exception_class = TimeoutException\n        elif status in ErrorCode.SCRIPT_TIMEOUT:\n            exception_class = TimeoutException\n        elif status in ErrorCode.UNKNOWN_ERROR:\n            exception_class = WebDriverException\n        elif status in ErrorCode.UNEXPECTED_ALERT_OPEN:\n            exception_class = UnexpectedAlertPresentException\n        elif status in ErrorCode.NO_ALERT_OPEN:\n            exception_class = NoAlertPresentException\n        elif status in ErrorCode.IME_NOT_AVAILABLE:\n            exception_class = ImeNotAvailableException\n        elif status in ErrorCode.IME_ENGINE_ACTIVATION_FAILED:\n            exception_class = ImeActivationFailedException\n        elif status in ErrorCode.MOVE_TARGET_OUT_OF_BOUNDS:\n            exception_class = MoveTargetOutOfBoundsException\n        elif status in ErrorCode.JAVASCRIPT_ERROR:\n            exception_class = JavascriptException\n        elif status in ErrorCode.SESSION_NOT_CREATED:\n            exception_class = SessionNotCreatedException\n        elif status in ErrorCode.INVALID_ARGUMENT:\n            exception_class = InvalidArgumentException\n        elif status in ErrorCode.NO_SUCH_COOKIE:\n            exception_class = NoSuchCookieException\n        elif status in ErrorCode.UNABLE_TO_CAPTURE_SCREEN:\n            exception_class = ScreenshotException\n        elif status in ErrorCode.ELEMENT_CLICK_INTERCEPTED:\n            exception_class = ElementClickInterceptedException\n        elif status in ErrorCode.INSECURE_CERTIFICATE:\n            exception_class = InsecureCertificateException\n        elif status in ErrorCode.INVALID_COORDINATES:\n            exception_class = InvalidCoordinatesException\n        elif status in ErrorCode.INVALID_SESSION_ID:\n            exception_class = InvalidSessionIdException\n        elif status in ErrorCode.UNKNOWN_METHOD:\n            exception_class = UnknownMethodException\n        else:\n            exception_class = WebDriverException\n        if not value:\n            value = response[\"value\"]\n        if isinstance(value, str):\n            raise exception_class(value)\n        if message == \"\" and \"message\" in value:\n            message = value[\"message\"]\n    \n        screen = None  # type: ignore[assignment]\n        if \"screen\" in value:\n            screen = value[\"screen\"]\n    \n        stacktrace = None\n        st_value = value.get(\"stackTrace\") or value.get(\"stacktrace\")\n        if st_value:\n            if isinstance(st_value, str):\n                stacktrace = st_value.split(\"\\n\")\n            else:\n                stacktrace = []\n                try:\n                    for frame in st_value:\n                        line = frame.get(\"lineNumber\", \"\")\n                        file = frame.get(\"fileName\", \"<anonymous>\")\n                        if line:\n                            file = f\"{file}:{line}\"\n                        meth = frame.get(\"methodName\", \"<anonymous>\")\n                        if \"className\" in frame:\n                            meth = f\"{frame['className']}.{meth}\"\n                        msg = \"    at %s (%s)\"\n                        msg = msg % (meth, file)\n                        stacktrace.append(msg)\n                except TypeError:\n                    pass\n        if exception_class == UnexpectedAlertPresentException:\n            alert_text = None\n            if \"data\" in value:\n                alert_text = value[\"data\"].get(\"text\")\n            elif \"alert\" in value:\n                alert_text = value[\"alert\"].get(\"text\")\n            raise exception_class(message, screen, stacktrace, alert_text)  # type: ignore[call-arg]  # mypy is not smart enough here\n>       raise exception_class(message, screen, stacktrace)\nE       selenium.common.exceptions.NoSuchElementException: Message: no such element: Unable to locate element: {\"method\":\"xpath\",\"selector\":\"(//a[@class='add-to-cart yellow-btn'])[1]\"}\nE         (Session info: chrome-headless-shell=120.0.6099.109); For documentation on this error, please visit: https://www.selenium.dev/documentation/webdriver/troubleshooting/errors#no-such-element-exception\nE       Stacktrace:\nE       #0 0x55781b884f83 <unknown>\nE       #1 0x55781b53dcf7 <unknown>\nE       #2 0x55781b58d99e <unknown>\nE       #3 0x55781b58daa1 <unknown>\nE       #4 0x55781b5d8d64 <unknown>\nE       #5 0x55781b5b70dd <unknown>\nE       #6 0x55781b5d6006 <unknown>\nE       #7 0x55781b5b6e53 <unknown>\nE       #8 0x55781b57edd4 <unknown>\nE       #9 0x55781b5801de <unknown>\nE       #10 0x55781b849531 <unknown>\nE       #11 0x55781b84d455 <unknown>\nE       #12 0x55781b835f55 <unknown>\nE       #13 0x55781b84e0ef <unknown>\nE       #14 0x55781b81999f <unknown>\nE       #15 0x55781b872008 <unknown>\nE       #16 0x55781b8721d7 <unknown>\nE       #17 0x55781b884124 <unknown>\nE       #18 0x7f50ce1a4044 <unknown>\n\n/usr/local/lib/python3.11/site-packages/selenium/webdriver/remote/errorhandler.py:245: NoSuchElementException","steps":[{"name":"Добавляем товар в корзину в количестве 1","time":{"start":1704590365212,"stop":1704590365224,"duration":12},"status":"broken","statusMessage":"selenium.common.exceptions.NoSuchElementException: Message: no such element: Unable to locate element: {\"method\":\"xpath\",\"selector\":\"(//a[@class='add-to-cart yellow-btn'])[1]\"}\n  (Session info: chrome-headless-shell=120.0.6099.109); For documentation on this error, please visit: https://www.selenium.dev/documentation/webdriver/troubleshooting/errors#no-such-element-exception\nStacktrace:\n#0 0x55781b884f83 <unknown>\n#1 0x55781b53dcf7 <unknown>\n#2 0x55781b58d99e <unknown>\n#3 0x55781b58daa1 <unknown>\n#4 0x55781b5d8d64 <unknown>\n#5 0x55781b5b70dd <unknown>\n#6 0x55781b5d6006 <unknown>\n#7 0x55781b5b6e53 <unknown>\n#8 0x55781b57edd4 <unknown>\n#9 0x55781b5801de <unknown>\n#10 0x55781b849531 <unknown>\n#11 0x55781b84d455 <unknown>\n#12 0x55781b835f55 <unknown>\n#13 0x55781b84e0ef <unknown>\n#14 0x55781b81999f <unknown>\n#15 0x55781b872008 <unknown>\n#16 0x55781b8721d7 <unknown>\n#17 0x55781b884124 <unknown>\n#18 0x7f50ce1a4044 <unknown>\n\n","statusTrace":"  File \"/usr/local/lib/python3.11/site-packages/allure_commons/_allure.py\", line 192, in impl\n    return func(*a, **kw)\n           ^^^^^^^^^^^^^^\n  File \"/app/pages/item_page.py\", line 40, in add_item_to_cart\n    self.find_element(self._add_item).click()\n    ^^^^^^^^^^^^^^^^^^^^^^^^^^^^^^^^^\n  File \"/app/base/seleniumbase.py\", line 17, in find_element\n    return self.driver.find_element(*locator)\n           ^^^^^^^^^^^^^^^^^^^^^^^^^^^^^^^^^^\n  File \"/usr/local/lib/python3.11/site-packages/selenium/webdriver/remote/webdriver.py\", line 740, in find_element\n    return self.execute(Command.FIND_ELEMENT, {\"using\": by, \"value\": value})[\"value\"]\n           ^^^^^^^^^^^^^^^^^^^^^^^^^^^^^^^^^^^^^^^^^^^^^^^^^^^^^^^^^^^^^^^^^\n  File \"/usr/local/lib/python3.11/site-packages/selenium/webdriver/remote/webdriver.py\", line 346, in execute\n    self.error_handler.check_response(response)\n  File \"/usr/local/lib/python3.11/site-packages/selenium/webdriver/remote/errorhandler.py\", line 245, in check_response\n    raise exception_class(message, screen, stacktrace)\n","steps":[],"attachments":[],"parameters":[{"name":"amount","value":"1"}],"shouldDisplayMessage":true,"stepsCount":0,"attachmentsCount":0,"hasContent":true,"attachmentStep":false}],"attachments":[{"uid":"a27195f53dad7700","name":"Screenshot","source":"a27195f53dad7700.png","type":"image/png","size":5862},{"uid":"cbd94e8093a4ca08","name":"HTML source","source":"cbd94e8093a4ca08.html","type":"text/html","size":39}],"parameters":[],"shouldDisplayMessage":true,"stepsCount":1,"attachmentsCount":2,"hasContent":true,"attachmentStep":false},"afterStages":[{"name":"driver::0","time":{"start":1704590365330,"stop":1704590365387,"duration":57},"status":"passed","steps":[],"attachments":[],"parameters":[],"shouldDisplayMessage":false,"stepsCount":0,"attachmentsCount":0,"hasContent":false,"attachmentStep":false},{"name":"setup::0","time":{"start":1704590365330,"stop":1704590365330,"duration":0},"status":"passed","steps":[],"attachments":[],"parameters":[],"shouldDisplayMessage":false,"stepsCount":0,"attachmentsCount":0,"hasContent":false,"attachmentStep":false}],"labels":[{"name":"epic","value":"Delivery Page - calculation"},{"name":"tag","value":"smoke"},{"name":"parentSuite","value":"tests.delivery"},{"name":"suite","value":"test_delivery_calculation"},{"name":"subSuite","value":"TestDeliveryPageCalculation"},{"name":"host","value":"4be6e74063a2"},{"name":"thread","value":"1-MainThread"},{"name":"framework","value":"pytest"},{"name":"language","value":"cpython3"},{"name":"package","value":"tests.delivery.test_delivery_calculation"},{"name":"resultFormat","value":"allure2"}],"parameters":[{"name":"all_time","value":"3320"},{"name":"amount","value":"1"},{"name":"case_id","value":"'TD 015'"},{"name":"in_time","value":"2390"},{"name":"link_item","value":"'products/shtukaturka-tsementnaya-bergauf-bau-putts-tsement-25kg-56sht'"},{"name":"standard","value":"650"},{"name":"url","value":"'https://sandboxtest.stroyrem-nn.ru/'"},{"name":"weight","value":"30"}],"links":[],"hidden":false,"retry":false,"extra":{"severity":"normal","retries":[],"categories":[{"name":"Test defects","matchedStatuses":[],"flaky":false}],"history":{"statistic":{"failed":0,"broken":130,"skipped":0,"passed":0,"unknown":0,"total":130},"items":[{"uid":"d9e8413c68feed0d","reportUrl":"https://zaelcovsky.github.io/StroyremAutomation/193//#testresult/d9e8413c68feed0d","status":"broken","statusDetails":"selenium.common.exceptions.NoSuchElementException: Message: no such element: Unable to locate element: {\"method\":\"xpath\",\"selector\":\"(//a[@class='add-to-cart yellow-btn'])[1]\"}\n  (Session info: chrome-headless-shell=120.0.6099.109); For documentation on this error, please visit: https://www.selenium.dev/documentation/webdriver/troubleshooting/errors#no-such-element-exception\nStacktrace:\n#0 0x55f11cea7f83 <unknown>\n#1 0x55f11cb60cf7 <unknown>\n#2 0x55f11cbb099e <unknown>\n#3 0x55f11cbb0aa1 <unknown>\n#4 0x55f11cbfbd64 <unknown>\n#5 0x55f11cbda0dd <unknown>\n#6 0x55f11cbf9006 <unknown>\n#7 0x55f11cbd9e53 <unknown>\n#8 0x55f11cba1dd4 <unknown>\n#9 0x55f11cba31de <unknown>\n#10 0x55f11ce6c531 <unknown>\n#11 0x55f11ce70455 <unknown>\n#12 0x55f11ce58f55 <unknown>\n#13 0x55f11ce710ef <unknown>\n#14 0x55f11ce3c99f <unknown>\n#15 0x55f11ce95008 <unknown>\n#16 0x55f11ce951d7 <unknown>\n#17 0x55f11cea7124 <unknown>\n#18 0x7ff597ed1044 <unknown>","time":{"start":1704503433647,"stop":1704503433950,"duration":303}},{"uid":"fbb0c61a6a43bc61","reportUrl":"https://zaelcovsky.github.io/StroyremAutomation/192//#testresult/fbb0c61a6a43bc61","status":"broken","statusDetails":"selenium.common.exceptions.NoSuchElementException: Message: no such element: Unable to locate element: {\"method\":\"xpath\",\"selector\":\"(//a[@class='add-to-cart yellow-btn'])[1]\"}\n  (Session info: chrome-headless-shell=120.0.6099.109); For documentation on this error, please visit: https://www.selenium.dev/documentation/webdriver/troubleshooting/errors#no-such-element-exception\nStacktrace:\n#0 0x55663f318f83 <unknown>\n#1 0x55663efd1cf7 <unknown>\n#2 0x55663f02199e <unknown>\n#3 0x55663f021aa1 <unknown>\n#4 0x55663f06cd64 <unknown>\n#5 0x55663f04b0dd <unknown>\n#6 0x55663f06a006 <unknown>\n#7 0x55663f04ae53 <unknown>\n#8 0x55663f012dd4 <unknown>\n#9 0x55663f0141de <unknown>\n#10 0x55663f2dd531 <unknown>\n#11 0x55663f2e1455 <unknown>\n#12 0x55663f2c9f55 <unknown>\n#13 0x55663f2e20ef <unknown>\n#14 0x55663f2ad99f <unknown>\n#15 0x55663f306008 <unknown>\n#16 0x55663f3061d7 <unknown>\n#17 0x55663f318124 <unknown>\n#18 0x7f5886c66044 <unknown>","time":{"start":1704417093619,"stop":1704417094226,"duration":607}},{"uid":"f97b9bd34de2fa2c","reportUrl":"https://zaelcovsky.github.io/StroyremAutomation/191//#testresult/f97b9bd34de2fa2c","status":"broken","statusDetails":"selenium.common.exceptions.NoSuchElementException: Message: no such element: Unable to locate element: {\"method\":\"xpath\",\"selector\":\"(//a[@class='add-to-cart yellow-btn'])[1]\"}\n  (Session info: chrome-headless-shell=120.0.6099.109); For documentation on this error, please visit: https://www.selenium.dev/documentation/webdriver/troubleshooting/errors#no-such-element-exception\nStacktrace:\n#0 0x55983ec5ff83 <unknown>\n#1 0x55983e918cf7 <unknown>\n#2 0x55983e96899e <unknown>\n#3 0x55983e968aa1 <unknown>\n#4 0x55983e9b3d64 <unknown>\n#5 0x55983e9920dd <unknown>\n#6 0x55983e9b1006 <unknown>\n#7 0x55983e991e53 <unknown>\n#8 0x55983e959dd4 <unknown>\n#9 0x55983e95b1de <unknown>\n#10 0x55983ec24531 <unknown>\n#11 0x55983ec28455 <unknown>\n#12 0x55983ec10f55 <unknown>\n#13 0x55983ec290ef <unknown>\n#14 0x55983ebf499f <unknown>\n#15 0x55983ec4d008 <unknown>\n#16 0x55983ec4d1d7 <unknown>\n#17 0x55983ec5f124 <unknown>\n#18 0x7fc1508bb044 <unknown>","time":{"start":1704330777765,"stop":1704330778214,"duration":449}},{"uid":"dcded1087ddae759","reportUrl":"https://zaelcovsky.github.io/StroyremAutomation/190//#testresult/dcded1087ddae759","status":"broken","statusDetails":"selenium.common.exceptions.NoSuchElementException: Message: no such element: Unable to locate element: {\"method\":\"xpath\",\"selector\":\"(//a[@class='add-to-cart yellow-btn'])[1]\"}\n  (Session info: chrome-headless-shell=120.0.6099.109); For documentation on this error, please visit: https://www.selenium.dev/documentation/webdriver/troubleshooting/errors#no-such-element-exception\nStacktrace:\n#0 0x5641d864af83 <unknown>\n#1 0x5641d8303cf7 <unknown>\n#2 0x5641d835399e <unknown>\n#3 0x5641d8353aa1 <unknown>\n#4 0x5641d839ed64 <unknown>\n#5 0x5641d837d0dd <unknown>\n#6 0x5641d839c006 <unknown>\n#7 0x5641d837ce53 <unknown>\n#8 0x5641d8344dd4 <unknown>\n#9 0x5641d83461de <unknown>\n#10 0x5641d860f531 <unknown>\n#11 0x5641d8613455 <unknown>\n#12 0x5641d85fbf55 <unknown>\n#13 0x5641d86140ef <unknown>\n#14 0x5641d85df99f <unknown>\n#15 0x5641d8638008 <unknown>\n#16 0x5641d86381d7 <unknown>\n#17 0x5641d864a124 <unknown>\n#18 0x7f3b18678044 <unknown>","time":{"start":1704244266941,"stop":1704244267382,"duration":441}},{"uid":"8b75fd9cb1b9865","reportUrl":"https://zaelcovsky.github.io/StroyremAutomation/189//#testresult/8b75fd9cb1b9865","status":"broken","statusDetails":"selenium.common.exceptions.NoSuchElementException: Message: no such element: Unable to locate element: {\"method\":\"xpath\",\"selector\":\"(//a[@class='add-to-cart yellow-btn'])[1]\"}\n  (Session info: chrome-headless-shell=120.0.6099.109); For documentation on this error, please visit: https://www.selenium.dev/documentation/webdriver/troubleshooting/errors#no-such-element-exception\nStacktrace:\n#0 0x55cc4f96bf83 <unknown>\n#1 0x55cc4f624cf7 <unknown>\n#2 0x55cc4f67499e <unknown>\n#3 0x55cc4f674aa1 <unknown>\n#4 0x55cc4f6bfd64 <unknown>\n#5 0x55cc4f69e0dd <unknown>\n#6 0x55cc4f6bd006 <unknown>\n#7 0x55cc4f69de53 <unknown>\n#8 0x55cc4f665dd4 <unknown>\n#9 0x55cc4f6671de <unknown>\n#10 0x55cc4f930531 <unknown>\n#11 0x55cc4f934455 <unknown>\n#12 0x55cc4f91cf55 <unknown>\n#13 0x55cc4f9350ef <unknown>\n#14 0x55cc4f90099f <unknown>\n#15 0x55cc4f959008 <unknown>\n#16 0x55cc4f9591d7 <unknown>\n#17 0x55cc4f96b124 <unknown>\n#18 0x7fc58803a044 <unknown>","time":{"start":1704157785395,"stop":1704157785714,"duration":319}},{"uid":"f39cb400a6f115ed","reportUrl":"https://zaelcovsky.github.io/StroyremAutomation/188//#testresult/f39cb400a6f115ed","status":"broken","statusDetails":"selenium.common.exceptions.NoSuchElementException: Message: no such element: Unable to locate element: {\"method\":\"xpath\",\"selector\":\"(//a[@class='add-to-cart yellow-btn'])[1]\"}\n  (Session info: chrome-headless-shell=120.0.6099.109); For documentation on this error, please visit: https://www.selenium.dev/documentation/webdriver/troubleshooting/errors#no-such-element-exception\nStacktrace:\n#0 0x55c782f6cf83 <unknown>\n#1 0x55c782c25cf7 <unknown>\n#2 0x55c782c7599e <unknown>\n#3 0x55c782c75aa1 <unknown>\n#4 0x55c782cc0d64 <unknown>\n#5 0x55c782c9f0dd <unknown>\n#6 0x55c782cbe006 <unknown>\n#7 0x55c782c9ee53 <unknown>\n#8 0x55c782c66dd4 <unknown>\n#9 0x55c782c681de <unknown>\n#10 0x55c782f31531 <unknown>\n#11 0x55c782f35455 <unknown>\n#12 0x55c782f1df55 <unknown>\n#13 0x55c782f360ef <unknown>\n#14 0x55c782f0199f <unknown>\n#15 0x55c782f5a008 <unknown>\n#16 0x55c782f5a1d7 <unknown>\n#17 0x55c782f6c124 <unknown>\n#18 0x7f756addb044 <unknown>","time":{"start":1704071874079,"stop":1704071874641,"duration":562}},{"uid":"e61a21b638edf836","reportUrl":"https://zaelcovsky.github.io/StroyremAutomation/187//#testresult/e61a21b638edf836","status":"broken","statusDetails":"selenium.common.exceptions.NoSuchElementException: Message: no such element: Unable to locate element: {\"method\":\"xpath\",\"selector\":\"(//a[@class='add-to-cart yellow-btn'])[1]\"}\n  (Session info: chrome-headless-shell=120.0.6099.109); For documentation on this error, please visit: https://www.selenium.dev/documentation/webdriver/troubleshooting/errors#no-such-element-exception\nStacktrace:\n#0 0x561f5fdcef83 <unknown>\n#1 0x561f5fa87cf7 <unknown>\n#2 0x561f5fad799e <unknown>\n#3 0x561f5fad7aa1 <unknown>\n#4 0x561f5fb22d64 <unknown>\n#5 0x561f5fb010dd <unknown>\n#6 0x561f5fb20006 <unknown>\n#7 0x561f5fb00e53 <unknown>\n#8 0x561f5fac8dd4 <unknown>\n#9 0x561f5faca1de <unknown>\n#10 0x561f5fd93531 <unknown>\n#11 0x561f5fd97455 <unknown>\n#12 0x561f5fd7ff55 <unknown>\n#13 0x561f5fd980ef <unknown>\n#14 0x561f5fd6399f <unknown>\n#15 0x561f5fdbc008 <unknown>\n#16 0x561f5fdbc1d7 <unknown>\n#17 0x561f5fdce124 <unknown>\n#18 0x7fc2bd208044 <unknown>","time":{"start":1703985330166,"stop":1703985330510,"duration":344}},{"uid":"1d9a9cebf43bf6a5","reportUrl":"https://zaelcovsky.github.io/StroyremAutomation/186//#testresult/1d9a9cebf43bf6a5","status":"broken","statusDetails":"selenium.common.exceptions.NoSuchElementException: Message: no such element: Unable to locate element: {\"method\":\"xpath\",\"selector\":\"(//a[@class='add-to-cart yellow-btn'])[1]\"}\n  (Session info: chrome-headless-shell=120.0.6099.109); For documentation on this error, please visit: https://www.selenium.dev/documentation/webdriver/troubleshooting/errors#no-such-element-exception\nStacktrace:\n#0 0x556761280f83 <unknown>\n#1 0x556760f39cf7 <unknown>\n#2 0x556760f8999e <unknown>\n#3 0x556760f89aa1 <unknown>\n#4 0x556760fd4d64 <unknown>\n#5 0x556760fb30dd <unknown>\n#6 0x556760fd2006 <unknown>\n#7 0x556760fb2e53 <unknown>\n#8 0x556760f7add4 <unknown>\n#9 0x556760f7c1de <unknown>\n#10 0x556761245531 <unknown>\n#11 0x556761249455 <unknown>\n#12 0x556761231f55 <unknown>\n#13 0x55676124a0ef <unknown>\n#14 0x55676121599f <unknown>\n#15 0x55676126e008 <unknown>\n#16 0x55676126e1d7 <unknown>\n#17 0x556761280124 <unknown>\n#18 0x7f74f95b8044 <unknown>","time":{"start":1703898603765,"stop":1703898604213,"duration":448}},{"uid":"eb19bfa1764bde10","reportUrl":"https://zaelcovsky.github.io/StroyremAutomation/185//#testresult/eb19bfa1764bde10","status":"broken","statusDetails":"selenium.common.exceptions.NoSuchElementException: Message: no such element: Unable to locate element: {\"method\":\"xpath\",\"selector\":\"(//a[@class='add-to-cart yellow-btn'])[1]\"}\n  (Session info: chrome-headless-shell=120.0.6099.109); For documentation on this error, please visit: https://www.selenium.dev/documentation/webdriver/troubleshooting/errors#no-such-element-exception\nStacktrace:\n#0 0x562b950bbf83 <unknown>\n#1 0x562b94d74cf7 <unknown>\n#2 0x562b94dc499e <unknown>\n#3 0x562b94dc4aa1 <unknown>\n#4 0x562b94e0fd64 <unknown>\n#5 0x562b94dee0dd <unknown>\n#6 0x562b94e0d006 <unknown>\n#7 0x562b94dede53 <unknown>\n#8 0x562b94db5dd4 <unknown>\n#9 0x562b94db71de <unknown>\n#10 0x562b95080531 <unknown>\n#11 0x562b95084455 <unknown>\n#12 0x562b9506cf55 <unknown>\n#13 0x562b950850ef <unknown>\n#14 0x562b9505099f <unknown>\n#15 0x562b950a9008 <unknown>\n#16 0x562b950a91d7 <unknown>\n#17 0x562b950bb124 <unknown>\n#18 0x7f78210e0044 <unknown>","time":{"start":1703811620921,"stop":1703811621496,"duration":575}},{"uid":"f27335c96ca1e97c","reportUrl":"https://zaelcovsky.github.io/StroyremAutomation/184//#testresult/f27335c96ca1e97c","status":"broken","statusDetails":"selenium.common.exceptions.NoSuchElementException: Message: no such element: Unable to locate element: {\"method\":\"xpath\",\"selector\":\"(//a[@class='add-to-cart yellow-btn'])[1]\"}\n  (Session info: chrome-headless-shell=120.0.6099.109); For documentation on this error, please visit: https://www.selenium.dev/documentation/webdriver/troubleshooting/errors#no-such-element-exception\nStacktrace:\n#0 0x55790d50af83 <unknown>\n#1 0x55790d1c3cf7 <unknown>\n#2 0x55790d21399e <unknown>\n#3 0x55790d213aa1 <unknown>\n#4 0x55790d25ed64 <unknown>\n#5 0x55790d23d0dd <unknown>\n#6 0x55790d25c006 <unknown>\n#7 0x55790d23ce53 <unknown>\n#8 0x55790d204dd4 <unknown>\n#9 0x55790d2061de <unknown>\n#10 0x55790d4cf531 <unknown>\n#11 0x55790d4d3455 <unknown>\n#12 0x55790d4bbf55 <unknown>\n#13 0x55790d4d40ef <unknown>\n#14 0x55790d49f99f <unknown>\n#15 0x55790d4f8008 <unknown>\n#16 0x55790d4f81d7 <unknown>\n#17 0x55790d50a124 <unknown>\n#18 0x7f27165ca044 <unknown>","time":{"start":1703725749214,"stop":1703725749585,"duration":371}},{"uid":"f9e28d870711ca81","reportUrl":"https://zaelcovsky.github.io/StroyremAutomation/183//#testresult/f9e28d870711ca81","status":"broken","statusDetails":"selenium.common.exceptions.NoSuchElementException: Message: no such element: Unable to locate element: {\"method\":\"xpath\",\"selector\":\"(//a[@class='add-to-cart yellow-btn'])[1]\"}\n  (Session info: chrome-headless-shell=120.0.6099.109); For documentation on this error, please visit: https://www.selenium.dev/documentation/webdriver/troubleshooting/errors#no-such-element-exception\nStacktrace:\n#0 0x5643dc289f83 <unknown>\n#1 0x5643dbf42cf7 <unknown>\n#2 0x5643dbf9299e <unknown>\n#3 0x5643dbf92aa1 <unknown>\n#4 0x5643dbfddd64 <unknown>\n#5 0x5643dbfbc0dd <unknown>\n#6 0x5643dbfdb006 <unknown>\n#7 0x5643dbfbbe53 <unknown>\n#8 0x5643dbf83dd4 <unknown>\n#9 0x5643dbf851de <unknown>\n#10 0x5643dc24e531 <unknown>\n#11 0x5643dc252455 <unknown>\n#12 0x5643dc23af55 <unknown>\n#13 0x5643dc2530ef <unknown>\n#14 0x5643dc21e99f <unknown>\n#15 0x5643dc277008 <unknown>\n#16 0x5643dc2771d7 <unknown>\n#17 0x5643dc289124 <unknown>\n#18 0x7f62cda23044 <unknown>","time":{"start":1703639429805,"stop":1703639430255,"duration":450}},{"uid":"c3f5cad9ddbf3e20","reportUrl":"https://zaelcovsky.github.io/StroyremAutomation/182//#testresult/c3f5cad9ddbf3e20","status":"broken","statusDetails":"selenium.common.exceptions.NoSuchElementException: Message: no such element: Unable to locate element: {\"method\":\"xpath\",\"selector\":\"(//a[@class='add-to-cart yellow-btn'])[1]\"}\n  (Session info: chrome-headless-shell=120.0.6099.109); For documentation on this error, please visit: https://www.selenium.dev/documentation/webdriver/troubleshooting/errors#no-such-element-exception\nStacktrace:\n#0 0x55c75011bf83 <unknown>\n#1 0x55c74fdd4cf7 <unknown>\n#2 0x55c74fe2499e <unknown>\n#3 0x55c74fe24aa1 <unknown>\n#4 0x55c74fe6fd64 <unknown>\n#5 0x55c74fe4e0dd <unknown>\n#6 0x55c74fe6d006 <unknown>\n#7 0x55c74fe4de53 <unknown>\n#8 0x55c74fe15dd4 <unknown>\n#9 0x55c74fe171de <unknown>\n#10 0x55c7500e0531 <unknown>\n#11 0x55c7500e4455 <unknown>\n#12 0x55c7500ccf55 <unknown>\n#13 0x55c7500e50ef <unknown>\n#14 0x55c7500b099f <unknown>\n#15 0x55c750109008 <unknown>\n#16 0x55c7501091d7 <unknown>\n#17 0x55c75011b124 <unknown>\n#18 0x7f80fff7f044 <unknown>","time":{"start":1703552919962,"stop":1703552920435,"duration":473}},{"uid":"65163fbed6d54157","reportUrl":"https://zaelcovsky.github.io/StroyremAutomation/181//#testresult/65163fbed6d54157","status":"broken","statusDetails":"selenium.common.exceptions.NoSuchElementException: Message: no such element: Unable to locate element: {\"method\":\"xpath\",\"selector\":\"(//a[@class='add-to-cart yellow-btn'])[1]\"}\n  (Session info: chrome-headless-shell=120.0.6099.109); For documentation on this error, please visit: https://www.selenium.dev/documentation/webdriver/troubleshooting/errors#no-such-element-exception\nStacktrace:\n#0 0x5649ff379f83 <unknown>\n#1 0x5649ff032cf7 <unknown>\n#2 0x5649ff08299e <unknown>\n#3 0x5649ff082aa1 <unknown>\n#4 0x5649ff0cdd64 <unknown>\n#5 0x5649ff0ac0dd <unknown>\n#6 0x5649ff0cb006 <unknown>\n#7 0x5649ff0abe53 <unknown>\n#8 0x5649ff073dd4 <unknown>\n#9 0x5649ff0751de <unknown>\n#10 0x5649ff33e531 <unknown>\n#11 0x5649ff342455 <unknown>\n#12 0x5649ff32af55 <unknown>\n#13 0x5649ff3430ef <unknown>\n#14 0x5649ff30e99f <unknown>\n#15 0x5649ff367008 <unknown>\n#16 0x5649ff3671d7 <unknown>\n#17 0x5649ff379124 <unknown>\n#18 0x7fbeccb6e044 <unknown>","time":{"start":1703466690335,"stop":1703466690762,"duration":427}},{"uid":"5a8765f6471018e2","reportUrl":"https://zaelcovsky.github.io/StroyremAutomation/180//#testresult/5a8765f6471018e2","status":"broken","statusDetails":"selenium.common.exceptions.NoSuchElementException: Message: no such element: Unable to locate element: {\"method\":\"xpath\",\"selector\":\"(//a[@class='add-to-cart yellow-btn'])[1]\"}\n  (Session info: chrome-headless-shell=120.0.6099.109); For documentation on this error, please visit: https://www.selenium.dev/documentation/webdriver/troubleshooting/errors#no-such-element-exception\nStacktrace:\n#0 0x55f4522f0f83 <unknown>\n#1 0x55f451fa9cf7 <unknown>\n#2 0x55f451ff999e <unknown>\n#3 0x55f451ff9aa1 <unknown>\n#4 0x55f452044d64 <unknown>\n#5 0x55f4520230dd <unknown>\n#6 0x55f452042006 <unknown>\n#7 0x55f452022e53 <unknown>\n#8 0x55f451feadd4 <unknown>\n#9 0x55f451fec1de <unknown>\n#10 0x55f4522b5531 <unknown>\n#11 0x55f4522b9455 <unknown>\n#12 0x55f4522a1f55 <unknown>\n#13 0x55f4522ba0ef <unknown>\n#14 0x55f45228599f <unknown>\n#15 0x55f4522de008 <unknown>\n#16 0x55f4522de1d7 <unknown>\n#17 0x55f4522f0124 <unknown>\n#18 0x7f420bdae044 <unknown>","time":{"start":1703380521544,"stop":1703380522257,"duration":713}},{"uid":"bda1f03441585988","reportUrl":"https://zaelcovsky.github.io/StroyremAutomation/179//#testresult/bda1f03441585988","status":"broken","statusDetails":"selenium.common.exceptions.NoSuchElementException: Message: no such element: Unable to locate element: {\"method\":\"xpath\",\"selector\":\"(//a[@class='add-to-cart yellow-btn'])[1]\"}\n  (Session info: chrome-headless-shell=120.0.6099.109); For documentation on this error, please visit: https://www.selenium.dev/documentation/webdriver/troubleshooting/errors#no-such-element-exception\nStacktrace:\n#0 0x5574ab345f83 <unknown>\n#1 0x5574aaffecf7 <unknown>\n#2 0x5574ab04e99e <unknown>\n#3 0x5574ab04eaa1 <unknown>\n#4 0x5574ab099d64 <unknown>\n#5 0x5574ab0780dd <unknown>\n#6 0x5574ab097006 <unknown>\n#7 0x5574ab077e53 <unknown>\n#8 0x5574ab03fdd4 <unknown>\n#9 0x5574ab0411de <unknown>\n#10 0x5574ab30a531 <unknown>\n#11 0x5574ab30e455 <unknown>\n#12 0x5574ab2f6f55 <unknown>\n#13 0x5574ab30f0ef <unknown>\n#14 0x5574ab2da99f <unknown>\n#15 0x5574ab333008 <unknown>\n#16 0x5574ab3331d7 <unknown>\n#17 0x5574ab345124 <unknown>\n#18 0x7fc08a208044 <unknown>","time":{"start":1703293751613,"stop":1703293752047,"duration":434}},{"uid":"89b8e70590a39df0","reportUrl":"https://zaelcovsky.github.io/StroyremAutomation/178//#testresult/89b8e70590a39df0","status":"broken","statusDetails":"selenium.common.exceptions.NoSuchElementException: Message: no such element: Unable to locate element: {\"method\":\"xpath\",\"selector\":\"(//a[@class='add-to-cart yellow-btn'])[1]\"}\n  (Session info: chrome-headless-shell=120.0.6099.109); For documentation on this error, please visit: https://www.selenium.dev/documentation/webdriver/troubleshooting/errors#no-such-element-exception\nStacktrace:\n#0 0x55ad6cb6cf83 <unknown>\n#1 0x55ad6c825cf7 <unknown>\n#2 0x55ad6c87599e <unknown>\n#3 0x55ad6c875aa1 <unknown>\n#4 0x55ad6c8c0d64 <unknown>\n#5 0x55ad6c89f0dd <unknown>\n#6 0x55ad6c8be006 <unknown>\n#7 0x55ad6c89ee53 <unknown>\n#8 0x55ad6c866dd4 <unknown>\n#9 0x55ad6c8681de <unknown>\n#10 0x55ad6cb31531 <unknown>\n#11 0x55ad6cb35455 <unknown>\n#12 0x55ad6cb1df55 <unknown>\n#13 0x55ad6cb360ef <unknown>\n#14 0x55ad6cb0199f <unknown>\n#15 0x55ad6cb5a008 <unknown>\n#16 0x55ad6cb5a1d7 <unknown>\n#17 0x55ad6cb6c124 <unknown>\n#18 0x7f4e00dbb044 <unknown>","time":{"start":1703207381109,"stop":1703207381434,"duration":325}},{"uid":"aa80e8e8da608ccc","reportUrl":"https://zaelcovsky.github.io/StroyremAutomation/177//#testresult/aa80e8e8da608ccc","status":"broken","statusDetails":"selenium.common.exceptions.NoSuchElementException: Message: no such element: Unable to locate element: {\"method\":\"xpath\",\"selector\":\"(//a[@class='add-to-cart yellow-btn'])[1]\"}\n  (Session info: chrome-headless-shell=120.0.6099.109); For documentation on this error, please visit: https://www.selenium.dev/documentation/webdriver/troubleshooting/errors#no-such-element-exception\nStacktrace:\n#0 0x5633b8ddbf83 <unknown>\n#1 0x5633b8a94cf7 <unknown>\n#2 0x5633b8ae499e <unknown>\n#3 0x5633b8ae4aa1 <unknown>\n#4 0x5633b8b2fd64 <unknown>\n#5 0x5633b8b0e0dd <unknown>\n#6 0x5633b8b2d006 <unknown>\n#7 0x5633b8b0de53 <unknown>\n#8 0x5633b8ad5dd4 <unknown>\n#9 0x5633b8ad71de <unknown>\n#10 0x5633b8da0531 <unknown>\n#11 0x5633b8da4455 <unknown>\n#12 0x5633b8d8cf55 <unknown>\n#13 0x5633b8da50ef <unknown>\n#14 0x5633b8d7099f <unknown>\n#15 0x5633b8dc9008 <unknown>\n#16 0x5633b8dc91d7 <unknown>\n#17 0x5633b8ddb124 <unknown>\n#18 0x7f407ca10044 <unknown>","time":{"start":1703120997218,"stop":1703120997647,"duration":429}},{"uid":"dd6ddf378faab1cf","reportUrl":"https://zaelcovsky.github.io/StroyremAutomation/176//#testresult/dd6ddf378faab1cf","status":"broken","statusDetails":"selenium.common.exceptions.NoSuchElementException: Message: no such element: Unable to locate element: {\"method\":\"xpath\",\"selector\":\"(//a[@class='add-to-cart yellow-btn'])[1]\"}\n  (Session info: chrome-headless-shell=120.0.6099.109); For documentation on this error, please visit: https://www.selenium.dev/documentation/webdriver/troubleshooting/errors#no-such-element-exception\nStacktrace:\n#0 0x55c105669f83 <unknown>\n#1 0x55c105322cf7 <unknown>\n#2 0x55c10537299e <unknown>\n#3 0x55c105372aa1 <unknown>\n#4 0x55c1053bdd64 <unknown>\n#5 0x55c10539c0dd <unknown>\n#6 0x55c1053bb006 <unknown>\n#7 0x55c10539be53 <unknown>\n#8 0x55c105363dd4 <unknown>\n#9 0x55c1053651de <unknown>\n#10 0x55c10562e531 <unknown>\n#11 0x55c105632455 <unknown>\n#12 0x55c10561af55 <unknown>\n#13 0x55c1056330ef <unknown>\n#14 0x55c1055fe99f <unknown>\n#15 0x55c105657008 <unknown>\n#16 0x55c1056571d7 <unknown>\n#17 0x55c105669124 <unknown>\n#18 0x7fb4a0a69044 <unknown>","time":{"start":1703034009845,"stop":1703034010340,"duration":495}},{"uid":"965c6c3549f6d9eb","reportUrl":"https://zaelcovsky.github.io/StroyremAutomation/175//#testresult/965c6c3549f6d9eb","status":"broken","statusDetails":"selenium.common.exceptions.NoSuchElementException: Message: no such element: Unable to locate element: {\"method\":\"xpath\",\"selector\":\"(//a[@class='add-to-cart yellow-btn'])[1]\"}\n  (Session info: chrome-headless-shell=120.0.6099.109); For documentation on this error, please visit: https://www.selenium.dev/documentation/webdriver/troubleshooting/errors#no-such-element-exception\nStacktrace:\n#0 0x5639cf327f83 <unknown>\n#1 0x5639cefe0cf7 <unknown>\n#2 0x5639cf03099e <unknown>\n#3 0x5639cf030aa1 <unknown>\n#4 0x5639cf07bd64 <unknown>\n#5 0x5639cf05a0dd <unknown>\n#6 0x5639cf079006 <unknown>\n#7 0x5639cf059e53 <unknown>\n#8 0x5639cf021dd4 <unknown>\n#9 0x5639cf0231de <unknown>\n#10 0x5639cf2ec531 <unknown>\n#11 0x5639cf2f0455 <unknown>\n#12 0x5639cf2d8f55 <unknown>\n#13 0x5639cf2f10ef <unknown>\n#14 0x5639cf2bc99f <unknown>\n#15 0x5639cf315008 <unknown>\n#16 0x5639cf3151d7 <unknown>\n#17 0x5639cf327124 <unknown>\n#18 0x7ffbb6f77044 <unknown>","time":{"start":1702948271995,"stop":1702948272498,"duration":503}},{"uid":"702c1b15ea711815","reportUrl":"https://zaelcovsky.github.io/StroyremAutomation/174//#testresult/702c1b15ea711815","status":"broken","statusDetails":"selenium.common.exceptions.NoSuchElementException: Message: no such element: Unable to locate element: {\"method\":\"xpath\",\"selector\":\"(//a[@class='add-to-cart yellow-btn'])[1]\"}\n  (Session info: chrome-headless-shell=120.0.6099.71); For documentation on this error, please visit: https://www.selenium.dev/documentation/webdriver/troubleshooting/errors#no-such-element-exception\nStacktrace:\n#0 0x557590b81d33 <unknown>\n#1 0x55759083ef87 <unknown>\n#2 0x55759088ec0e <unknown>\n#3 0x55759088ed11 <unknown>\n#4 0x5575908da004 <unknown>\n#5 0x5575908b836d <unknown>\n#6 0x5575908d7297 <unknown>\n#7 0x5575908b80e3 <unknown>\n#8 0x557590880044 <unknown>\n#9 0x55759088144e <unknown>\n#10 0x557590b46861 <unknown>\n#11 0x557590b4a785 <unknown>\n#12 0x557590b34285 <unknown>\n#13 0x557590b4b41f <unknown>\n#14 0x557590b1820f <unknown>\n#15 0x557590b6f028 <unknown>\n#16 0x557590b6f1f7 <unknown>\n#17 0x557590b80ed4 <unknown>\n#18 0x7f4ff6629044 <unknown>","time":{"start":1702861962036,"stop":1702861962505,"duration":469}}]},"tags":["smoke"]},"source":"5fbdc2f92fe4fb2f.json","parameterValues":["3320","1","'TD 015'","2390","'products/shtukaturka-tsementnaya-bergauf-bau-putts-tsement-25kg-56sht'","650","'https://sandboxtest.stroyrem-nn.ru/'","30"]}