{"uid":"9e7309af465ada1d","name":"Авторизация с помощью аккаунта ya.ru","fullName":"tests.test_sign_in.test_sign_in_page.TestSignInPage#test_positive_authorization_first_time_using_YA_smoke","historyId":"dad914aa68b78287aa131957fc42820c","time":{"start":1692011836107,"stop":1692011840546,"duration":4439},"status":"broken","statusMessage":"selenium.common.exceptions.NoSuchElementException: Message: no such element: Unable to locate element: {\"method\":\"css selector\",\"selector\":\"button[data-t='button:clear']\"}\n  (Session info: headless chrome=115.0.5790.170); For documentation on this error, please visit: https://www.selenium.dev/documentation/webdriver/troubleshooting/errors#no-such-element-exception\nStacktrace:\n#0 0x5639608cc613 <unknown>\n#1 0x5639605f8537 <unknown>\n#2 0x563960636f53 <unknown>\n#3 0x563960637041 <unknown>\n#4 0x5639606722a4 <unknown>\n#5 0x563960657a5d <unknown>\n#6 0x56396066fd09 <unknown>\n#7 0x563960657803 <unknown>\n#8 0x56396062b68b <unknown>\n#9 0x56396062c42e <unknown>\n#10 0x56396088dc28 <unknown>\n#11 0x563960891af7 <unknown>\n#12 0x56396089c01c <unknown>\n#13 0x563960892723 <unknown>\n#14 0x563960861457 <unknown>\n#15 0x5639608b6628 <unknown>\n#16 0x5639608b67b7 <unknown>\n#17 0x5639608c5483 <unknown>\n#18 0x7fe3ebf57044 <unknown>","statusTrace":"self = <tests.test_sign_in.test_sign_in_page.TestSignInPage object at 0x7feb9cd41450>\ndriver = <selenium.webdriver.chrome.webdriver.WebDriver (session=\"fd71661cddb22da3854f2341b5b6b94d\")>\nsign_in_page = <pages.sign_in_page.SignInPage object at 0x7feb9d036150>\nopen_sign_in_window = None\n\n    @allure.title(\"Авторизация с помощью аккаунта ya.ru\")\n    # @pytest.mark.xfail\n    @pytest.mark.smoke_test\n    def test_positive_authorization_first_time_using_YA_smoke(self, driver, sign_in_page, open_sign_in_window):\n        sign_in_page.get_ya_ru_auth_icon().click()\n        driver.switch_to.window(driver.window_handles[1])\n        # driver.delete_all_cookies()\n        driver.add_cookie({'name': 'uniqueuid',\n                           'value': '384528911692006899',\n                           'domain': 'passport.yandex.ru',\n                           'httpOnly': True,\n                           'path': '/',\n                           'expiry': 1723499808,\n                           'sameSite': 'Lax',\n                           'secure': True})\n        # driver.add_cookie({'name': 'uniqueuid',\n        #                    'value': '279217171691968444',\n        #                    'domain': 'passport.yandex.ru',\n        #                    'httpOnly': True,\n        #                    'path': '/',\n        #                    'expiry': 1723499808,\n        #                    'sameSite': 'Lax',\n        #                    'secure': True})\n        driver.add_cookie({'name': 'ymex',\n                           'value': '2007366920.yrts.1692006920#2007366900.yrtsi.1692006900',\n                           'domain': '.yandex.ru',\n                           'httpOnly': False,\n                           'path': '/',\n                           'expiry': 1723499808,\n                           'secure': True})\n        driver.add_cookie({'name': 'i',\n                           'value': 'rpEp6ASpcmkXAketS0UdMiVBT6ovBbPtyYRYZIsRWdkwRjrAU27Q2rmgTx58XJTCF6sreSZhfheTbJeEsS',\n                           'domain': '.yandex.ru',\n                           'httpOnly': True,\n                           'path': '/',\n                           'expiry': 1723499808,\n                           'secure': True})\n        driver.add_cookie({'name': 'yandexuid',\n                           'value': '5114601221692006901',\n                           'domain': '.yandex.ru',\n                           'httpOnly': False,\n                           'path': '/',\n                           'expiry': 1723499808,\n                           'secure': True})\n        driver.add_cookie({'name': 'yuidss',\n                           'value': '7640250911692006900',\n                           'domain': '.yandex.ru',\n                           'httpOnly': False,\n                           'path': '/',\n                           'expiry': 1723499808,\n                           'secure': True})\n        driver.add_cookie({'name': 'gdpr',\n                           'value': '0',\n                           'domain': '.yandex.ru',\n                           'httpOnly': False,\n                           'path': '/',\n                           'expiry': 1723499808,\n                           'secure': True})\n        driver.add_cookie({'name': '_ym_uid',\n                           'value': '169200690291832112',\n                           'domain': '.yandex.ru',\n                           'httpOnly': False,\n                           'path': '/',\n                           'expiry': 1723499808,\n                           'secure': True})\n        driver.add_cookie({'name': '_ym_d',\n                           'value': '1692006902',\n                           'domain': '.yandex.ru',\n                           'httpOnly': False,\n                           'path': '/',\n                           'expiry': 1723499808,\n                           'secure': True})\n        driver.add_cookie({'name': 'bh',\n                           'value': 'Ej8iTm90L0EpQnJhbmQiO3Y9Ijk5IiwiR29vZ2xlIENocm9tZSI7dj0iMTE1IiwiQ2hyb21pdW0iO3Y9IjExNSIaBSJ4ODYiIhAiMTE1LjAuNTc5MC4xMTAiKgI',\n                           'domain': 'yandex.ru',\n                           'httpOnly': False,\n                           'path': '/',\n                           'expiry': 1723499808,\n                           'secure': False})\n        driver.add_cookie({'name': '_ym_visorc',\n                           'value': 'b',\n                           'domain': '.yandex.ru',\n                           'httpOnly': False,\n                           'path': '/',\n                           'expiry': 1723499808,\n                           'secure': True})\n        # driver.add_cookie({'name': '_yasc',\n        #                    'value': 'kP/6YlZVXBoK5fzKpjhuyTaBBCtLa5X/RChpctvBzGAjQ5AzfpgQU/QprnDNsA==',\n        #                    'domain': '.yandex.ru',\n        #                    'httpOnly': False,\n        #                    'path': '/',\n        #                    'expiry': 1723499808,\n        #                    'secure': True})\n        # driver.add_cookie({'name': '_ym_isad',\n        #                    'value': '2',\n        #                    'domain': '.yandex.ru',\n        #                    'httpOnly': False,\n        #                    'path': '/',\n        #                    'expiry': 1723499808,\n        #                    'secure': True})\n        # driver.maximize_window()\n        driver.execute_script(\"arguments[0].scrollIntoView();\",\n>                             sign_in_page.get_ya_ru_window_alternative_ways_to_sign_up())\n\ntests/test_sign_in/test_sign_in_page.py:231: \n_ _ _ _ _ _ _ _ _ _ _ _ _ _ _ _ _ _ _ _ _ _ _ _ _ _ _ _ _ _ _ _ _ _ _ _ _ _ _ _ \npages/sign_in_page.py:191: in get_ya_ru_window_alternative_ways_to_sign_up\n    return self.find_element(self._ya_ru_window_alternative_ways_to_sign_up)\nbase/seleniumbase.py:21: in find_element\n    return self.driver.find_element(*locator)\n/usr/local/lib/python3.11/site-packages/selenium/webdriver/remote/webdriver.py:740: in find_element\n    return self.execute(Command.FIND_ELEMENT, {\"using\": by, \"value\": value})[\"value\"]\n/usr/local/lib/python3.11/site-packages/selenium/webdriver/remote/webdriver.py:346: in execute\n    self.error_handler.check_response(response)\n_ _ _ _ _ _ _ _ _ _ _ _ _ _ _ _ _ _ _ _ _ _ _ _ _ _ _ _ _ _ _ _ _ _ _ _ _ _ _ _ \n\nself = <selenium.webdriver.remote.errorhandler.ErrorHandler object at 0x7feb9da19750>\nresponse = {'status': 404, 'value': '{\"value\":{\"error\":\"no such element\",\"message\":\"no such element: Unable to locate element: {\\...\\\\n#16 0x5639608b67b7 \\\\u003Cunknown>\\\\n#17 0x5639608c5483 \\\\u003Cunknown>\\\\n#18 0x7fe3ebf57044 \\\\u003Cunknown>\\\\n\"}}'}\n\n    def check_response(self, response: Dict[str, Any]) -> None:\n        \"\"\"Checks that a JSON response from the WebDriver does not have an\n        error.\n    \n        :Args:\n         - response - The JSON response from the WebDriver server as a dictionary\n           object.\n    \n        :Raises: If the response contains an error message.\n        \"\"\"\n        status = response.get(\"status\", None)\n        if not status or status == ErrorCode.SUCCESS:\n            return\n        value = None\n        message = response.get(\"message\", \"\")\n        screen: str = response.get(\"screen\", \"\")\n        stacktrace = None\n        if isinstance(status, int):\n            value_json = response.get(\"value\", None)\n            if value_json and isinstance(value_json, str):\n                import json\n    \n                try:\n                    value = json.loads(value_json)\n                    if len(value) == 1:\n                        value = value[\"value\"]\n                    status = value.get(\"error\", None)\n                    if not status:\n                        status = value.get(\"status\", ErrorCode.UNKNOWN_ERROR)\n                        message = value.get(\"value\") or value.get(\"message\")\n                        if not isinstance(message, str):\n                            value = message\n                            message = message.get(\"message\")\n                    else:\n                        message = value.get(\"message\", None)\n                except ValueError:\n                    pass\n    \n        exception_class: Type[WebDriverException]\n        if status in ErrorCode.NO_SUCH_ELEMENT:\n            exception_class = NoSuchElementException\n        elif status in ErrorCode.NO_SUCH_FRAME:\n            exception_class = NoSuchFrameException\n        elif status in ErrorCode.NO_SUCH_SHADOW_ROOT:\n            exception_class = NoSuchShadowRootException\n        elif status in ErrorCode.NO_SUCH_WINDOW:\n            exception_class = NoSuchWindowException\n        elif status in ErrorCode.STALE_ELEMENT_REFERENCE:\n            exception_class = StaleElementReferenceException\n        elif status in ErrorCode.ELEMENT_NOT_VISIBLE:\n            exception_class = ElementNotVisibleException\n        elif status in ErrorCode.INVALID_ELEMENT_STATE:\n            exception_class = InvalidElementStateException\n        elif (\n            status in ErrorCode.INVALID_SELECTOR\n            or status in ErrorCode.INVALID_XPATH_SELECTOR\n            or status in ErrorCode.INVALID_XPATH_SELECTOR_RETURN_TYPER\n        ):\n            exception_class = InvalidSelectorException\n        elif status in ErrorCode.ELEMENT_IS_NOT_SELECTABLE:\n            exception_class = ElementNotSelectableException\n        elif status in ErrorCode.ELEMENT_NOT_INTERACTABLE:\n            exception_class = ElementNotInteractableException\n        elif status in ErrorCode.INVALID_COOKIE_DOMAIN:\n            exception_class = InvalidCookieDomainException\n        elif status in ErrorCode.UNABLE_TO_SET_COOKIE:\n            exception_class = UnableToSetCookieException\n        elif status in ErrorCode.TIMEOUT:\n            exception_class = TimeoutException\n        elif status in ErrorCode.SCRIPT_TIMEOUT:\n            exception_class = TimeoutException\n        elif status in ErrorCode.UNKNOWN_ERROR:\n            exception_class = WebDriverException\n        elif status in ErrorCode.UNEXPECTED_ALERT_OPEN:\n            exception_class = UnexpectedAlertPresentException\n        elif status in ErrorCode.NO_ALERT_OPEN:\n            exception_class = NoAlertPresentException\n        elif status in ErrorCode.IME_NOT_AVAILABLE:\n            exception_class = ImeNotAvailableException\n        elif status in ErrorCode.IME_ENGINE_ACTIVATION_FAILED:\n            exception_class = ImeActivationFailedException\n        elif status in ErrorCode.MOVE_TARGET_OUT_OF_BOUNDS:\n            exception_class = MoveTargetOutOfBoundsException\n        elif status in ErrorCode.JAVASCRIPT_ERROR:\n            exception_class = JavascriptException\n        elif status in ErrorCode.SESSION_NOT_CREATED:\n            exception_class = SessionNotCreatedException\n        elif status in ErrorCode.INVALID_ARGUMENT:\n            exception_class = InvalidArgumentException\n        elif status in ErrorCode.NO_SUCH_COOKIE:\n            exception_class = NoSuchCookieException\n        elif status in ErrorCode.UNABLE_TO_CAPTURE_SCREEN:\n            exception_class = ScreenshotException\n        elif status in ErrorCode.ELEMENT_CLICK_INTERCEPTED:\n            exception_class = ElementClickInterceptedException\n        elif status in ErrorCode.INSECURE_CERTIFICATE:\n            exception_class = InsecureCertificateException\n        elif status in ErrorCode.INVALID_COORDINATES:\n            exception_class = InvalidCoordinatesException\n        elif status in ErrorCode.INVALID_SESSION_ID:\n            exception_class = InvalidSessionIdException\n        elif status in ErrorCode.UNKNOWN_METHOD:\n            exception_class = UnknownMethodException\n        else:\n            exception_class = WebDriverException\n        if not value:\n            value = response[\"value\"]\n        if isinstance(value, str):\n            raise exception_class(value)\n        if message == \"\" and \"message\" in value:\n            message = value[\"message\"]\n    \n        screen = None  # type: ignore[assignment]\n        if \"screen\" in value:\n            screen = value[\"screen\"]\n    \n        stacktrace = None\n        st_value = value.get(\"stackTrace\") or value.get(\"stacktrace\")\n        if st_value:\n            if isinstance(st_value, str):\n                stacktrace = st_value.split(\"\\n\")\n            else:\n                stacktrace = []\n                try:\n                    for frame in st_value:\n                        line = frame.get(\"lineNumber\", \"\")\n                        file = frame.get(\"fileName\", \"<anonymous>\")\n                        if line:\n                            file = f\"{file}:{line}\"\n                        meth = frame.get(\"methodName\", \"<anonymous>\")\n                        if \"className\" in frame:\n                            meth = f\"{frame['className']}.{meth}\"\n                        msg = \"    at %s (%s)\"\n                        msg = msg % (meth, file)\n                        stacktrace.append(msg)\n                except TypeError:\n                    pass\n        if exception_class == UnexpectedAlertPresentException:\n            alert_text = None\n            if \"data\" in value:\n                alert_text = value[\"data\"].get(\"text\")\n            elif \"alert\" in value:\n                alert_text = value[\"alert\"].get(\"text\")\n            raise exception_class(message, screen, stacktrace, alert_text)  # type: ignore[call-arg]  # mypy is not smart enough here\n>       raise exception_class(message, screen, stacktrace)\nE       selenium.common.exceptions.NoSuchElementException: Message: no such element: Unable to locate element: {\"method\":\"css selector\",\"selector\":\"button[data-t='button:clear']\"}\nE         (Session info: headless chrome=115.0.5790.170); For documentation on this error, please visit: https://www.selenium.dev/documentation/webdriver/troubleshooting/errors#no-such-element-exception\nE       Stacktrace:\nE       #0 0x5639608cc613 <unknown>\nE       #1 0x5639605f8537 <unknown>\nE       #2 0x563960636f53 <unknown>\nE       #3 0x563960637041 <unknown>\nE       #4 0x5639606722a4 <unknown>\nE       #5 0x563960657a5d <unknown>\nE       #6 0x56396066fd09 <unknown>\nE       #7 0x563960657803 <unknown>\nE       #8 0x56396062b68b <unknown>\nE       #9 0x56396062c42e <unknown>\nE       #10 0x56396088dc28 <unknown>\nE       #11 0x563960891af7 <unknown>\nE       #12 0x56396089c01c <unknown>\nE       #13 0x563960892723 <unknown>\nE       #14 0x563960861457 <unknown>\nE       #15 0x5639608b6628 <unknown>\nE       #16 0x5639608b67b7 <unknown>\nE       #17 0x5639608c5483 <unknown>\nE       #18 0x7fe3ebf57044 <unknown>\n\n/usr/local/lib/python3.11/site-packages/selenium/webdriver/remote/errorhandler.py:245: NoSuchElementException","flaky":false,"newFailed":false,"newBroken":false,"newPassed":false,"retriesCount":0,"retriesStatusChange":false,"beforeStages":[{"name":"_session_faker","time":{"start":1692011826713,"stop":1692011826798,"duration":85},"status":"passed","steps":[],"attachments":[],"parameters":[],"stepsCount":0,"attachmentsCount":0,"shouldDisplayMessage":false,"hasContent":false},{"name":"clear_allure_results_folder","time":{"start":1692011826799,"stop":1692011826799,"duration":0},"status":"passed","steps":[],"attachments":[],"parameters":[],"stepsCount":0,"attachmentsCount":0,"shouldDisplayMessage":false,"hasContent":false},{"name":"driver","time":{"start":1692011826799,"stop":1692011827152,"duration":353},"status":"passed","steps":[],"attachments":[],"parameters":[],"stepsCount":0,"attachmentsCount":0,"shouldDisplayMessage":false,"hasContent":false},{"name":"sign_in_page","time":{"start":1692011827153,"stop":1692011835707,"duration":8554},"status":"passed","steps":[],"attachments":[],"parameters":[],"stepsCount":0,"attachmentsCount":0,"shouldDisplayMessage":false,"hasContent":false},{"name":"setup","time":{"start":1692011827153,"stop":1692011827153,"duration":0},"status":"passed","steps":[],"attachments":[],"parameters":[],"stepsCount":0,"attachmentsCount":0,"shouldDisplayMessage":false,"hasContent":false},{"name":"open_sign_in_window","time":{"start":1692011835707,"stop":1692011836106,"duration":399},"status":"passed","steps":[{"name":"Нахождение элемента: иконка профиля в хедере","time":{"start":1692011835708,"stop":1692011835724,"duration":16},"status":"passed","steps":[],"attachments":[],"parameters":[],"stepsCount":0,"attachmentsCount":0,"shouldDisplayMessage":false,"hasContent":false}],"attachments":[],"parameters":[],"stepsCount":1,"attachmentsCount":0,"shouldDisplayMessage":false,"hasContent":true}],"testStage":{"status":"broken","statusMessage":"selenium.common.exceptions.NoSuchElementException: Message: no such element: Unable to locate element: {\"method\":\"css selector\",\"selector\":\"button[data-t='button:clear']\"}\n  (Session info: headless chrome=115.0.5790.170); For documentation on this error, please visit: https://www.selenium.dev/documentation/webdriver/troubleshooting/errors#no-such-element-exception\nStacktrace:\n#0 0x5639608cc613 <unknown>\n#1 0x5639605f8537 <unknown>\n#2 0x563960636f53 <unknown>\n#3 0x563960637041 <unknown>\n#4 0x5639606722a4 <unknown>\n#5 0x563960657a5d <unknown>\n#6 0x56396066fd09 <unknown>\n#7 0x563960657803 <unknown>\n#8 0x56396062b68b <unknown>\n#9 0x56396062c42e <unknown>\n#10 0x56396088dc28 <unknown>\n#11 0x563960891af7 <unknown>\n#12 0x56396089c01c <unknown>\n#13 0x563960892723 <unknown>\n#14 0x563960861457 <unknown>\n#15 0x5639608b6628 <unknown>\n#16 0x5639608b67b7 <unknown>\n#17 0x5639608c5483 <unknown>\n#18 0x7fe3ebf57044 <unknown>","statusTrace":"self = <tests.test_sign_in.test_sign_in_page.TestSignInPage object at 0x7feb9cd41450>\ndriver = <selenium.webdriver.chrome.webdriver.WebDriver (session=\"fd71661cddb22da3854f2341b5b6b94d\")>\nsign_in_page = <pages.sign_in_page.SignInPage object at 0x7feb9d036150>\nopen_sign_in_window = None\n\n    @allure.title(\"Авторизация с помощью аккаунта ya.ru\")\n    # @pytest.mark.xfail\n    @pytest.mark.smoke_test\n    def test_positive_authorization_first_time_using_YA_smoke(self, driver, sign_in_page, open_sign_in_window):\n        sign_in_page.get_ya_ru_auth_icon().click()\n        driver.switch_to.window(driver.window_handles[1])\n        # driver.delete_all_cookies()\n        driver.add_cookie({'name': 'uniqueuid',\n                           'value': '384528911692006899',\n                           'domain': 'passport.yandex.ru',\n                           'httpOnly': True,\n                           'path': '/',\n                           'expiry': 1723499808,\n                           'sameSite': 'Lax',\n                           'secure': True})\n        # driver.add_cookie({'name': 'uniqueuid',\n        #                    'value': '279217171691968444',\n        #                    'domain': 'passport.yandex.ru',\n        #                    'httpOnly': True,\n        #                    'path': '/',\n        #                    'expiry': 1723499808,\n        #                    'sameSite': 'Lax',\n        #                    'secure': True})\n        driver.add_cookie({'name': 'ymex',\n                           'value': '2007366920.yrts.1692006920#2007366900.yrtsi.1692006900',\n                           'domain': '.yandex.ru',\n                           'httpOnly': False,\n                           'path': '/',\n                           'expiry': 1723499808,\n                           'secure': True})\n        driver.add_cookie({'name': 'i',\n                           'value': 'rpEp6ASpcmkXAketS0UdMiVBT6ovBbPtyYRYZIsRWdkwRjrAU27Q2rmgTx58XJTCF6sreSZhfheTbJeEsS',\n                           'domain': '.yandex.ru',\n                           'httpOnly': True,\n                           'path': '/',\n                           'expiry': 1723499808,\n                           'secure': True})\n        driver.add_cookie({'name': 'yandexuid',\n                           'value': '5114601221692006901',\n                           'domain': '.yandex.ru',\n                           'httpOnly': False,\n                           'path': '/',\n                           'expiry': 1723499808,\n                           'secure': True})\n        driver.add_cookie({'name': 'yuidss',\n                           'value': '7640250911692006900',\n                           'domain': '.yandex.ru',\n                           'httpOnly': False,\n                           'path': '/',\n                           'expiry': 1723499808,\n                           'secure': True})\n        driver.add_cookie({'name': 'gdpr',\n                           'value': '0',\n                           'domain': '.yandex.ru',\n                           'httpOnly': False,\n                           'path': '/',\n                           'expiry': 1723499808,\n                           'secure': True})\n        driver.add_cookie({'name': '_ym_uid',\n                           'value': '169200690291832112',\n                           'domain': '.yandex.ru',\n                           'httpOnly': False,\n                           'path': '/',\n                           'expiry': 1723499808,\n                           'secure': True})\n        driver.add_cookie({'name': '_ym_d',\n                           'value': '1692006902',\n                           'domain': '.yandex.ru',\n                           'httpOnly': False,\n                           'path': '/',\n                           'expiry': 1723499808,\n                           'secure': True})\n        driver.add_cookie({'name': 'bh',\n                           'value': 'Ej8iTm90L0EpQnJhbmQiO3Y9Ijk5IiwiR29vZ2xlIENocm9tZSI7dj0iMTE1IiwiQ2hyb21pdW0iO3Y9IjExNSIaBSJ4ODYiIhAiMTE1LjAuNTc5MC4xMTAiKgI',\n                           'domain': 'yandex.ru',\n                           'httpOnly': False,\n                           'path': '/',\n                           'expiry': 1723499808,\n                           'secure': False})\n        driver.add_cookie({'name': '_ym_visorc',\n                           'value': 'b',\n                           'domain': '.yandex.ru',\n                           'httpOnly': False,\n                           'path': '/',\n                           'expiry': 1723499808,\n                           'secure': True})\n        # driver.add_cookie({'name': '_yasc',\n        #                    'value': 'kP/6YlZVXBoK5fzKpjhuyTaBBCtLa5X/RChpctvBzGAjQ5AzfpgQU/QprnDNsA==',\n        #                    'domain': '.yandex.ru',\n        #                    'httpOnly': False,\n        #                    'path': '/',\n        #                    'expiry': 1723499808,\n        #                    'secure': True})\n        # driver.add_cookie({'name': '_ym_isad',\n        #                    'value': '2',\n        #                    'domain': '.yandex.ru',\n        #                    'httpOnly': False,\n        #                    'path': '/',\n        #                    'expiry': 1723499808,\n        #                    'secure': True})\n        # driver.maximize_window()\n        driver.execute_script(\"arguments[0].scrollIntoView();\",\n>                             sign_in_page.get_ya_ru_window_alternative_ways_to_sign_up())\n\ntests/test_sign_in/test_sign_in_page.py:231: \n_ _ _ _ _ _ _ _ _ _ _ _ _ _ _ _ _ _ _ _ _ _ _ _ _ _ _ _ _ _ _ _ _ _ _ _ _ _ _ _ \npages/sign_in_page.py:191: in get_ya_ru_window_alternative_ways_to_sign_up\n    return self.find_element(self._ya_ru_window_alternative_ways_to_sign_up)\nbase/seleniumbase.py:21: in find_element\n    return self.driver.find_element(*locator)\n/usr/local/lib/python3.11/site-packages/selenium/webdriver/remote/webdriver.py:740: in find_element\n    return self.execute(Command.FIND_ELEMENT, {\"using\": by, \"value\": value})[\"value\"]\n/usr/local/lib/python3.11/site-packages/selenium/webdriver/remote/webdriver.py:346: in execute\n    self.error_handler.check_response(response)\n_ _ _ _ _ _ _ _ _ _ _ _ _ _ _ _ _ _ _ _ _ _ _ _ _ _ _ _ _ _ _ _ _ _ _ _ _ _ _ _ \n\nself = <selenium.webdriver.remote.errorhandler.ErrorHandler object at 0x7feb9da19750>\nresponse = {'status': 404, 'value': '{\"value\":{\"error\":\"no such element\",\"message\":\"no such element: Unable to locate element: {\\...\\\\n#16 0x5639608b67b7 \\\\u003Cunknown>\\\\n#17 0x5639608c5483 \\\\u003Cunknown>\\\\n#18 0x7fe3ebf57044 \\\\u003Cunknown>\\\\n\"}}'}\n\n    def check_response(self, response: Dict[str, Any]) -> None:\n        \"\"\"Checks that a JSON response from the WebDriver does not have an\n        error.\n    \n        :Args:\n         - response - The JSON response from the WebDriver server as a dictionary\n           object.\n    \n        :Raises: If the response contains an error message.\n        \"\"\"\n        status = response.get(\"status\", None)\n        if not status or status == ErrorCode.SUCCESS:\n            return\n        value = None\n        message = response.get(\"message\", \"\")\n        screen: str = response.get(\"screen\", \"\")\n        stacktrace = None\n        if isinstance(status, int):\n            value_json = response.get(\"value\", None)\n            if value_json and isinstance(value_json, str):\n                import json\n    \n                try:\n                    value = json.loads(value_json)\n                    if len(value) == 1:\n                        value = value[\"value\"]\n                    status = value.get(\"error\", None)\n                    if not status:\n                        status = value.get(\"status\", ErrorCode.UNKNOWN_ERROR)\n                        message = value.get(\"value\") or value.get(\"message\")\n                        if not isinstance(message, str):\n                            value = message\n                            message = message.get(\"message\")\n                    else:\n                        message = value.get(\"message\", None)\n                except ValueError:\n                    pass\n    \n        exception_class: Type[WebDriverException]\n        if status in ErrorCode.NO_SUCH_ELEMENT:\n            exception_class = NoSuchElementException\n        elif status in ErrorCode.NO_SUCH_FRAME:\n            exception_class = NoSuchFrameException\n        elif status in ErrorCode.NO_SUCH_SHADOW_ROOT:\n            exception_class = NoSuchShadowRootException\n        elif status in ErrorCode.NO_SUCH_WINDOW:\n            exception_class = NoSuchWindowException\n        elif status in ErrorCode.STALE_ELEMENT_REFERENCE:\n            exception_class = StaleElementReferenceException\n        elif status in ErrorCode.ELEMENT_NOT_VISIBLE:\n            exception_class = ElementNotVisibleException\n        elif status in ErrorCode.INVALID_ELEMENT_STATE:\n            exception_class = InvalidElementStateException\n        elif (\n            status in ErrorCode.INVALID_SELECTOR\n            or status in ErrorCode.INVALID_XPATH_SELECTOR\n            or status in ErrorCode.INVALID_XPATH_SELECTOR_RETURN_TYPER\n        ):\n            exception_class = InvalidSelectorException\n        elif status in ErrorCode.ELEMENT_IS_NOT_SELECTABLE:\n            exception_class = ElementNotSelectableException\n        elif status in ErrorCode.ELEMENT_NOT_INTERACTABLE:\n            exception_class = ElementNotInteractableException\n        elif status in ErrorCode.INVALID_COOKIE_DOMAIN:\n            exception_class = InvalidCookieDomainException\n        elif status in ErrorCode.UNABLE_TO_SET_COOKIE:\n            exception_class = UnableToSetCookieException\n        elif status in ErrorCode.TIMEOUT:\n            exception_class = TimeoutException\n        elif status in ErrorCode.SCRIPT_TIMEOUT:\n            exception_class = TimeoutException\n        elif status in ErrorCode.UNKNOWN_ERROR:\n            exception_class = WebDriverException\n        elif status in ErrorCode.UNEXPECTED_ALERT_OPEN:\n            exception_class = UnexpectedAlertPresentException\n        elif status in ErrorCode.NO_ALERT_OPEN:\n            exception_class = NoAlertPresentException\n        elif status in ErrorCode.IME_NOT_AVAILABLE:\n            exception_class = ImeNotAvailableException\n        elif status in ErrorCode.IME_ENGINE_ACTIVATION_FAILED:\n            exception_class = ImeActivationFailedException\n        elif status in ErrorCode.MOVE_TARGET_OUT_OF_BOUNDS:\n            exception_class = MoveTargetOutOfBoundsException\n        elif status in ErrorCode.JAVASCRIPT_ERROR:\n            exception_class = JavascriptException\n        elif status in ErrorCode.SESSION_NOT_CREATED:\n            exception_class = SessionNotCreatedException\n        elif status in ErrorCode.INVALID_ARGUMENT:\n            exception_class = InvalidArgumentException\n        elif status in ErrorCode.NO_SUCH_COOKIE:\n            exception_class = NoSuchCookieException\n        elif status in ErrorCode.UNABLE_TO_CAPTURE_SCREEN:\n            exception_class = ScreenshotException\n        elif status in ErrorCode.ELEMENT_CLICK_INTERCEPTED:\n            exception_class = ElementClickInterceptedException\n        elif status in ErrorCode.INSECURE_CERTIFICATE:\n            exception_class = InsecureCertificateException\n        elif status in ErrorCode.INVALID_COORDINATES:\n            exception_class = InvalidCoordinatesException\n        elif status in ErrorCode.INVALID_SESSION_ID:\n            exception_class = InvalidSessionIdException\n        elif status in ErrorCode.UNKNOWN_METHOD:\n            exception_class = UnknownMethodException\n        else:\n            exception_class = WebDriverException\n        if not value:\n            value = response[\"value\"]\n        if isinstance(value, str):\n            raise exception_class(value)\n        if message == \"\" and \"message\" in value:\n            message = value[\"message\"]\n    \n        screen = None  # type: ignore[assignment]\n        if \"screen\" in value:\n            screen = value[\"screen\"]\n    \n        stacktrace = None\n        st_value = value.get(\"stackTrace\") or value.get(\"stacktrace\")\n        if st_value:\n            if isinstance(st_value, str):\n                stacktrace = st_value.split(\"\\n\")\n            else:\n                stacktrace = []\n                try:\n                    for frame in st_value:\n                        line = frame.get(\"lineNumber\", \"\")\n                        file = frame.get(\"fileName\", \"<anonymous>\")\n                        if line:\n                            file = f\"{file}:{line}\"\n                        meth = frame.get(\"methodName\", \"<anonymous>\")\n                        if \"className\" in frame:\n                            meth = f\"{frame['className']}.{meth}\"\n                        msg = \"    at %s (%s)\"\n                        msg = msg % (meth, file)\n                        stacktrace.append(msg)\n                except TypeError:\n                    pass\n        if exception_class == UnexpectedAlertPresentException:\n            alert_text = None\n            if \"data\" in value:\n                alert_text = value[\"data\"].get(\"text\")\n            elif \"alert\" in value:\n                alert_text = value[\"alert\"].get(\"text\")\n            raise exception_class(message, screen, stacktrace, alert_text)  # type: ignore[call-arg]  # mypy is not smart enough here\n>       raise exception_class(message, screen, stacktrace)\nE       selenium.common.exceptions.NoSuchElementException: Message: no such element: Unable to locate element: {\"method\":\"css selector\",\"selector\":\"button[data-t='button:clear']\"}\nE         (Session info: headless chrome=115.0.5790.170); For documentation on this error, please visit: https://www.selenium.dev/documentation/webdriver/troubleshooting/errors#no-such-element-exception\nE       Stacktrace:\nE       #0 0x5639608cc613 <unknown>\nE       #1 0x5639605f8537 <unknown>\nE       #2 0x563960636f53 <unknown>\nE       #3 0x563960637041 <unknown>\nE       #4 0x5639606722a4 <unknown>\nE       #5 0x563960657a5d <unknown>\nE       #6 0x56396066fd09 <unknown>\nE       #7 0x563960657803 <unknown>\nE       #8 0x56396062b68b <unknown>\nE       #9 0x56396062c42e <unknown>\nE       #10 0x56396088dc28 <unknown>\nE       #11 0x563960891af7 <unknown>\nE       #12 0x56396089c01c <unknown>\nE       #13 0x563960892723 <unknown>\nE       #14 0x563960861457 <unknown>\nE       #15 0x5639608b6628 <unknown>\nE       #16 0x5639608b67b7 <unknown>\nE       #17 0x5639608c5483 <unknown>\nE       #18 0x7fe3ebf57044 <unknown>\n\n/usr/local/lib/python3.11/site-packages/selenium/webdriver/remote/errorhandler.py:245: NoSuchElementException","steps":[{"name":"Нахождение элемента: иконка 'ya.ru' окна авторизации","time":{"start":1692011836107,"stop":1692011836120,"duration":13},"status":"passed","steps":[],"attachments":[],"parameters":[],"stepsCount":0,"attachmentsCount":0,"shouldDisplayMessage":false,"hasContent":false},{"name":"Проверка кликабельности элемента: кнопка 'Другие способы входа' окна авторизации через 'ya.ru'","time":{"start":1692011840514,"stop":1692011840544,"duration":30},"status":"broken","statusMessage":"selenium.common.exceptions.NoSuchElementException: Message: no such element: Unable to locate element: {\"method\":\"css selector\",\"selector\":\"button[data-t='button:clear']\"}\n  (Session info: headless chrome=115.0.5790.170); For documentation on this error, please visit: https://www.selenium.dev/documentation/webdriver/troubleshooting/errors#no-such-element-exception\nStacktrace:\n#0 0x5639608cc613 <unknown>\n#1 0x5639605f8537 <unknown>\n#2 0x563960636f53 <unknown>\n#3 0x563960637041 <unknown>\n#4 0x5639606722a4 <unknown>\n#5 0x563960657a5d <unknown>\n#6 0x56396066fd09 <unknown>\n#7 0x563960657803 <unknown>\n#8 0x56396062b68b <unknown>\n#9 0x56396062c42e <unknown>\n#10 0x56396088dc28 <unknown>\n#11 0x563960891af7 <unknown>\n#12 0x56396089c01c <unknown>\n#13 0x563960892723 <unknown>\n#14 0x563960861457 <unknown>\n#15 0x5639608b6628 <unknown>\n#16 0x5639608b67b7 <unknown>\n#17 0x5639608c5483 <unknown>\n#18 0x7fe3ebf57044 <unknown>\n\n","statusTrace":"  File \"/usr/local/lib/python3.11/site-packages/allure_commons/_allure.py\", line 192, in impl\n    return func(*a, **kw)\n           ^^^^^^^^^^^^^^\n  File \"/app/pages/sign_in_page.py\", line 191, in get_ya_ru_window_alternative_ways_to_sign_up\n    return self.find_element(self._ya_ru_window_alternative_ways_to_sign_up)\n           ^^^^^^^^^^^^^^^^^^^^^^^^^^^^^^^^^^^^^^^^^^^^^^^^^^^^^^^^^^^^^^^^^\n  File \"/app/base/seleniumbase.py\", line 21, in find_element\n    return self.driver.find_element(*locator)\n           ^^^^^^^^^^^^^^^^^^^^^^^^^^^^^^^^^^\n  File \"/usr/local/lib/python3.11/site-packages/selenium/webdriver/remote/webdriver.py\", line 740, in find_element\n    return self.execute(Command.FIND_ELEMENT, {\"using\": by, \"value\": value})[\"value\"]\n           ^^^^^^^^^^^^^^^^^^^^^^^^^^^^^^^^^^^^^^^^^^^^^^^^^^^^^^^^^^^^^^^^^\n  File \"/usr/local/lib/python3.11/site-packages/selenium/webdriver/remote/webdriver.py\", line 346, in execute\n    self.error_handler.check_response(response)\n  File \"/usr/local/lib/python3.11/site-packages/selenium/webdriver/remote/errorhandler.py\", line 245, in check_response\n    raise exception_class(message, screen, stacktrace)\n","steps":[],"attachments":[],"parameters":[],"stepsCount":0,"attachmentsCount":0,"shouldDisplayMessage":true,"hasContent":true}],"attachments":[{"uid":"87d83c58b93c375f","name":"Screenshot","source":"87d83c58b93c375f.png","type":"image/png","size":384916},{"uid":"cfd4a0e37e055474","name":"HTML source","source":"cfd4a0e37e055474.html","type":"text/html","size":14045}],"parameters":[],"stepsCount":2,"attachmentsCount":2,"shouldDisplayMessage":true,"hasContent":true},"afterStages":[{"name":"setup::0","time":{"start":1692011840853,"stop":1692011840853,"duration":0},"status":"passed","steps":[],"attachments":[],"parameters":[],"stepsCount":0,"attachmentsCount":0,"shouldDisplayMessage":false,"hasContent":false},{"name":"driver::0","time":{"start":1692011840854,"stop":1692011840923,"duration":69},"status":"passed","steps":[],"attachments":[],"parameters":[],"stepsCount":0,"attachmentsCount":0,"shouldDisplayMessage":false,"hasContent":false}],"labels":[{"name":"epic","value":"Sign In Page"},{"name":"tag","value":"smoke_test"},{"name":"parentSuite","value":"tests.test_sign_in"},{"name":"suite","value":"test_sign_in_page"},{"name":"subSuite","value":"TestSignInPage"},{"name":"host","value":"f0ce5f046b50"},{"name":"thread","value":"1-MainThread"},{"name":"framework","value":"pytest"},{"name":"language","value":"cpython3"},{"name":"package","value":"tests.test_sign_in.test_sign_in_page"},{"name":"resultFormat","value":"allure2"}],"parameters":[],"links":[],"hidden":false,"retry":false,"extra":{"severity":"normal","retries":[],"categories":[{"name":"Test defects","matchedStatuses":[],"flaky":false}],"history":{"statistic":{"failed":1,"broken":12,"skipped":12,"passed":0,"unknown":0,"total":25},"items":[{"uid":"c598ccafb12eadd1","reportUrl":"https://zaelcovsky.github.io/StroyremAutomation/45//#testresult/c598ccafb12eadd1","status":"broken","statusDetails":"KeyError: 'ya.ru_question'","time":{"start":1692010277650,"stop":1692010289788,"duration":12138}},{"uid":"d74af98b63332e8","reportUrl":"https://zaelcovsky.github.io/StroyremAutomation/44//#testresult/d74af98b63332e8","status":"broken","statusDetails":"selenium.common.exceptions.NoSuchElementException: Message: no such element: Unable to locate element: {\"method\":\"css selector\",\"selector\":\"button[data-t='button:clear']\"}\n  (Session info: headless chrome=115.0.5790.170); For documentation on this error, please visit: https://www.selenium.dev/documentation/webdriver/troubleshooting/errors#no-such-element-exception\nStacktrace:\n#0 0x55900dbc4613 <unknown>\n#1 0x55900d8f0537 <unknown>\n#2 0x55900d92ef53 <unknown>\n#3 0x55900d92f041 <unknown>\n#4 0x55900d96a2a4 <unknown>\n#5 0x55900d94fa5d <unknown>\n#6 0x55900d967d09 <unknown>\n#7 0x55900d94f803 <unknown>\n#8 0x55900d92368b <unknown>\n#9 0x55900d92442e <unknown>\n#10 0x55900db85c28 <unknown>\n#11 0x55900db89af7 <unknown>\n#12 0x55900db9401c <unknown>\n#13 0x55900db8a723 <unknown>\n#14 0x55900db59457 <unknown>\n#15 0x55900dbae628 <unknown>\n#16 0x55900dbae7b7 <unknown>\n#17 0x55900dbbd483 <unknown>\n#18 0x7f23d6ecc044 <unknown>","time":{"start":1692010273569,"stop":1692010278584,"duration":5015}},{"uid":"b14fbc0c7362645d","reportUrl":"https://zaelcovsky.github.io/StroyremAutomation/43//#testresult/b14fbc0c7362645d","status":"broken","statusDetails":"selenium.common.exceptions.NoSuchElementException: Message: no such element: Unable to locate element: {\"method\":\"css selector\",\"selector\":\"button[data-t='button:clear']\"}\n  (Session info: headless chrome=115.0.5790.170); For documentation on this error, please visit: https://www.selenium.dev/documentation/webdriver/troubleshooting/errors#no-such-element-exception\nStacktrace:\n#0 0x55bfb9785613 <unknown>\n#1 0x55bfb94b1537 <unknown>\n#2 0x55bfb94eff53 <unknown>\n#3 0x55bfb94f0041 <unknown>\n#4 0x55bfb952b2a4 <unknown>\n#5 0x55bfb9510a5d <unknown>\n#6 0x55bfb9528d09 <unknown>\n#7 0x55bfb9510803 <unknown>\n#8 0x55bfb94e468b <unknown>\n#9 0x55bfb94e542e <unknown>\n#10 0x55bfb9746c28 <unknown>\n#11 0x55bfb974aaf7 <unknown>\n#12 0x55bfb975501c <unknown>\n#13 0x55bfb974b723 <unknown>\n#14 0x55bfb971a457 <unknown>\n#15 0x55bfb976f628 <unknown>\n#16 0x55bfb976f7b7 <unknown>\n#17 0x55bfb977e483 <unknown>\n#18 0x7f77e43ef044 <unknown>","time":{"start":1692009321577,"stop":1692009326557,"duration":4980}},{"uid":"89ed0b1c56e040e0","reportUrl":"https://zaelcovsky.github.io/StroyremAutomation/42//#testresult/89ed0b1c56e040e0","status":"broken","statusDetails":"selenium.common.exceptions.TimeoutException: Message: \nStacktrace:\n#0 0x560a6c73f613 <unknown>\n#1 0x560a6c46b537 <unknown>\n#2 0x560a6c4a9f53 <unknown>\n#3 0x560a6c4aa041 <unknown>\n#4 0x560a6c4e52a4 <unknown>\n#5 0x560a6c4caa5d <unknown>\n#6 0x560a6c4e2d09 <unknown>\n#7 0x560a6c4ca803 <unknown>\n#8 0x560a6c49e68b <unknown>\n#9 0x560a6c49f42e <unknown>\n#10 0x560a6c700c28 <unknown>\n#11 0x560a6c704af7 <unknown>\n#12 0x560a6c70f01c <unknown>\n#13 0x560a6c705723 <unknown>\n#14 0x560a6c6d4457 <unknown>\n#15 0x560a6c729628 <unknown>\n#16 0x560a6c7297b7 <unknown>\n#17 0x560a6c738483 <unknown>\n#18 0x7f394c871044 <unknown>","time":{"start":1692007999935,"stop":1692008019152,"duration":19217}},{"uid":"679397d2188b7034","reportUrl":"https://zaelcovsky.github.io/StroyremAutomation/41//#testresult/679397d2188b7034","status":"broken","statusDetails":"KeyError: 'ya.ru_question'","time":{"start":1691974760438,"stop":1691974769961,"duration":9523}},{"uid":"200bad1a8b81f161","reportUrl":"https://zaelcovsky.github.io/StroyremAutomation/40//#testresult/200bad1a8b81f161","status":"broken","statusDetails":"selenium.common.exceptions.NoSuchElementException: Message: no such element: Unable to locate element: {\"method\":\"css selector\",\"selector\":\"button[data-t='button:clear']\"}\n  (Session info: headless chrome=115.0.5790.170); For documentation on this error, please visit: https://www.selenium.dev/documentation/webdriver/troubleshooting/errors#no-such-element-exception\nStacktrace:\n#0 0x56518a33d613 <unknown>\n#1 0x56518a069537 <unknown>\n#2 0x56518a0a7f53 <unknown>\n#3 0x56518a0a8041 <unknown>\n#4 0x56518a0e32a4 <unknown>\n#5 0x56518a0c8a5d <unknown>\n#6 0x56518a0e0d09 <unknown>\n#7 0x56518a0c8803 <unknown>\n#8 0x56518a09c68b <unknown>\n#9 0x56518a09d42e <unknown>\n#10 0x56518a2fec28 <unknown>\n#11 0x56518a302af7 <unknown>\n#12 0x56518a30d01c <unknown>\n#13 0x56518a303723 <unknown>\n#14 0x56518a2d2457 <unknown>\n#15 0x56518a327628 <unknown>\n#16 0x56518a3277b7 <unknown>\n#17 0x56518a336483 <unknown>\n#18 0x7f2e9c199044 <unknown>","time":{"start":1691967870438,"stop":1691967873854,"duration":3416}},{"uid":"5e1a09cacf0ea440","reportUrl":"https://zaelcovsky.github.io/StroyremAutomation/39//#testresult/5e1a09cacf0ea440","status":"broken","statusDetails":"selenium.common.exceptions.NoSuchElementException: Message: no such element: Unable to locate element: {\"method\":\"css selector\",\"selector\":\"button[data-t='button:clear']\"}\n  (Session info: headless chrome=115.0.5790.170); For documentation on this error, please visit: https://www.selenium.dev/documentation/webdriver/troubleshooting/errors#no-such-element-exception\nStacktrace:\n#0 0x560c798d9613 <unknown>\n#1 0x560c79605537 <unknown>\n#2 0x560c79643f53 <unknown>\n#3 0x560c79644041 <unknown>\n#4 0x560c7967f2a4 <unknown>\n#5 0x560c79664a5d <unknown>\n#6 0x560c7967cd09 <unknown>\n#7 0x560c79664803 <unknown>\n#8 0x560c7963868b <unknown>\n#9 0x560c7963942e <unknown>\n#10 0x560c7989ac28 <unknown>\n#11 0x560c7989eaf7 <unknown>\n#12 0x560c798a901c <unknown>\n#13 0x560c7989f723 <unknown>\n#14 0x560c7986e457 <unknown>\n#15 0x560c798c3628 <unknown>\n#16 0x560c798c37b7 <unknown>\n#17 0x560c798d2483 <unknown>\n#18 0x7f90044db044 <unknown>","time":{"start":1691965827094,"stop":1691965841658,"duration":14564}},{"uid":"e3b9c7cf93390746","reportUrl":"https://zaelcovsky.github.io/StroyremAutomation/38//#testresult/e3b9c7cf93390746","status":"broken","statusDetails":"selenium.common.exceptions.NoSuchElementException: Message: no such element: Unable to locate element: {\"method\":\"css selector\",\"selector\":\"button[data-t='button:clear']\"}\n  (Session info: headless chrome=115.0.5790.170); For documentation on this error, please visit: https://www.selenium.dev/documentation/webdriver/troubleshooting/errors#no-such-element-exception\nStacktrace:\n#0 0x56405579f613 <unknown>\n#1 0x5640554cb537 <unknown>\n#2 0x564055509f53 <unknown>\n#3 0x56405550a041 <unknown>\n#4 0x5640555452a4 <unknown>\n#5 0x56405552aa5d <unknown>\n#6 0x564055542d09 <unknown>\n#7 0x56405552a803 <unknown>\n#8 0x5640554fe68b <unknown>\n#9 0x5640554ff42e <unknown>\n#10 0x564055760c28 <unknown>\n#11 0x564055764af7 <unknown>\n#12 0x56405576f01c <unknown>\n#13 0x564055765723 <unknown>\n#14 0x564055734457 <unknown>\n#15 0x564055789628 <unknown>\n#16 0x5640557897b7 <unknown>\n#17 0x564055798483 <unknown>\n#18 0x7f1f7cccd044 <unknown>","time":{"start":1691965436844,"stop":1691965441933,"duration":5089}},{"uid":"6e5b936dbf42f416","reportUrl":"https://zaelcovsky.github.io/StroyremAutomation/37//#testresult/6e5b936dbf42f416","status":"broken","statusDetails":"selenium.common.exceptions.TimeoutException: Message:","time":{"start":1691964516962,"stop":1691964538265,"duration":21303}},{"uid":"7c3d9029526adca9","reportUrl":"https://zaelcovsky.github.io/StroyremAutomation/36//#testresult/7c3d9029526adca9","status":"broken","statusDetails":"selenium.common.exceptions.TimeoutException: Message: \nStacktrace:\n#0 0x5613853c6613 <unknown>\n#1 0x5613850f2537 <unknown>\n#2 0x561385130f53 <unknown>\n#3 0x561385131041 <unknown>\n#4 0x56138516c2a4 <unknown>\n#5 0x561385151a5d <unknown>\n#6 0x561385169d09 <unknown>\n#7 0x561385151803 <unknown>\n#8 0x56138512568b <unknown>\n#9 0x56138512642e <unknown>\n#10 0x561385387c28 <unknown>\n#11 0x56138538baf7 <unknown>\n#12 0x56138539601c <unknown>\n#13 0x56138538c723 <unknown>\n#14 0x56138535b457 <unknown>\n#15 0x5613853b0628 <unknown>\n#16 0x5613853b07b7 <unknown>\n#17 0x5613853bf483 <unknown>\n#18 0x7f43dbcb1044 <unknown>","time":{"start":1691963586653,"stop":1691963602008,"duration":15355}},{"uid":"d673799c8037c44a","reportUrl":"https://zaelcovsky.github.io/StroyremAutomation/35//#testresult/d673799c8037c44a","status":"skipped","statusDetails":"XFAIL\n\nselenium.common.exceptions.TimeoutException: Message:","time":{"start":1691963003365,"stop":1691963022758,"duration":19393}},{"uid":"52ad154ef8b37540","reportUrl":"https://zaelcovsky.github.io/StroyremAutomation/34//#testresult/52ad154ef8b37540","status":"skipped","statusDetails":"XFAIL\n\nselenium.common.exceptions.TimeoutException: Message: \nStacktrace:\n#0 0x55a9c369f613 <unknown>\n#1 0x55a9c33cb537 <unknown>\n#2 0x55a9c3409f53 <unknown>\n#3 0x55a9c340a041 <unknown>\n#4 0x55a9c34452a4 <unknown>\n#5 0x55a9c342aa5d <unknown>\n#6 0x55a9c3442d09 <unknown>\n#7 0x55a9c342a803 <unknown>\n#8 0x55a9c33fe68b <unknown>\n#9 0x55a9c33ff42e <unknown>\n#10 0x55a9c3660c28 <unknown>\n#11 0x55a9c3664af7 <unknown>\n#12 0x55a9c366f01c <unknown>\n#13 0x55a9c3665723 <unknown>\n#14 0x55a9c3634457 <unknown>\n#15 0x55a9c3689628 <unknown>\n#16 0x55a9c36897b7 <unknown>\n#17 0x55a9c3698483 <unknown>\n#18 0x7fd2d2451044 <unknown>","time":{"start":1691888620104,"stop":1691888635265,"duration":15161}},{"uid":"2c928a302295e844","reportUrl":"https://zaelcovsky.github.io/StroyremAutomation/33//#testresult/2c928a302295e844","status":"skipped","statusDetails":"XFAIL\n\nselenium.common.exceptions.TimeoutException: Message:","time":{"start":1691801956831,"stop":1691801977407,"duration":20576}},{"uid":"76291c1c82668ef3","reportUrl":"https://zaelcovsky.github.io/StroyremAutomation/32//#testresult/76291c1c82668ef3","status":"skipped","statusDetails":"XFAIL\n\nselenium.common.exceptions.TimeoutException: Message:","time":{"start":1691715612915,"stop":1691715633430,"duration":20515}},{"uid":"224b14d2f22424fb","reportUrl":"https://zaelcovsky.github.io/StroyremAutomation/31//#testresult/224b14d2f22424fb","status":"skipped","statusDetails":"XFAIL\n\nselenium.common.exceptions.TimeoutException: Message:","time":{"start":1691687243858,"stop":1691687264997,"duration":21139}},{"uid":"fab390ebf1d3f252","reportUrl":"https://zaelcovsky.github.io/StroyremAutomation/30//#testresult/fab390ebf1d3f252","status":"skipped","statusDetails":"XFAIL хранение логинов/паролей не реализовано\n\nAssertionError: Неправильный url страницы: https://stroyrem-nn.ru/\nassert 'https://stroyrem-nn.ru/' == 'https://stro.../user/account'\n  - https://stroyrem-nn.ru/user/account\n  ?                        ------------\n  + https://stroyrem-nn.ru/","time":{"start":1691630613850,"stop":1691630629298,"duration":15448}},{"uid":"34ab3929b7e51438","reportUrl":"https://zaelcovsky.github.io/StroyremAutomation/29//#testresult/34ab3929b7e51438","status":"failed","statusDetails":"AssertionError: Неправильный url страницы: https://stroyrem-nn.ru/\nassert 'https://stroyrem-nn.ru/' == 'https://stro.../user/account'\n  - https://stroyrem-nn.ru/user/account\n  ?                        ------------\n  + https://stroyrem-nn.ru/","time":{"start":1691604287247,"stop":1691604301709,"duration":14462}},{"uid":"e35a1c808643b243","reportUrl":"https://zaelcovsky.github.io/StroyremAutomation/28//#testresult/e35a1c808643b243","status":"broken","statusDetails":"KeyError: 'ya.ru_email'","time":{"start":1691602821112,"stop":1691602826649,"duration":5537}},{"uid":"d79f49c056688368","reportUrl":"https://zaelcovsky.github.io/StroyremAutomation/27//#testresult/d79f49c056688368","status":"skipped","statusDetails":"XFAIL хранение логинов/паролей не реализовано\n\nKeyError: 'ya.ru_email'","time":{"start":1691600583346,"stop":1691600586814,"duration":3468}},{"uid":"6a13d2166fd51eb6","reportUrl":"https://zaelcovsky.github.io/StroyremAutomation/26//#testresult/6a13d2166fd51eb6","status":"skipped","statusDetails":"XFAIL хранение логинов/паролей не реализовано\n\nKeyError: 'ya.ru_email'","time":{"start":1691543697016,"stop":1691543701477,"duration":4461}}]},"tags":["smoke_test"]},"source":"9e7309af465ada1d.json","parameterValues":[]}