{"uid":"b1ba83186d31756","name":"test_positive_delivery_green_zone_smoke[TD 011-products/shtukaturka-gipsovaya-aksolit-m50-30-kg-mashinnogo-naneseniya-299-9000-3600-7960-8980-https://sandboxtest.stroyrem-nn.ru/]","fullName":"tests.delivery.test_delivery_calculation.TestDeliveryPageCalculation#test_positive_delivery_green_zone_smoke","historyId":"100ca5819a1aaf944b508696eeea00de","time":{"start":1699578631341,"stop":1699578638583,"duration":7242},"status":"broken","statusMessage":"selenium.common.exceptions.NoSuchElementException: Message: no such element: Unable to locate element: {\"method\":\"xpath\",\"selector\":\"//input[@class='amount']\"}\n  (Session info: headless chrome=119.0.6045.105); For documentation on this error, please visit: https://www.selenium.dev/documentation/webdriver/troubleshooting/errors#no-such-element-exception\nStacktrace:\n#0 0x55d5b8cad5e3 <unknown>\n#1 0x55d5b89700b7 <unknown>\n#2 0x55d5b89bdf53 <unknown>\n#3 0x55d5b89be051 <unknown>\n#4 0x55d5b8a039c4 <unknown>\n#5 0x55d5b89e4f1d <unknown>\n#6 0x55d5b8a00b3d <unknown>\n#7 0x55d5b89e4cc3 <unknown>\n#8 0x55d5b89b00e4 <unknown>\n#9 0x55d5b89b10ae <unknown>\n#10 0x55d5b8c73ce1 <unknown>\n#11 0x55d5b8c77b7e <unknown>\n#12 0x55d5b8c614b5 <unknown>\n#13 0x55d5b8c787d6 <unknown>\n#14 0x55d5b8c44dbf <unknown>\n#15 0x55d5b8c9b748 <unknown>\n#16 0x55d5b8c9b917 <unknown>\n#17 0x55d5b8cac773 <unknown>\n#18 0x7f58135c2044 <unknown>","statusTrace":"self = <tests.delivery.test_delivery_calculation.TestDeliveryPageCalculation object at 0x7fdbdeedc850>\ndriver = <selenium.webdriver.chrome.webdriver.WebDriver (session=\"104db1066cb4bf678db8e34fcf9d3072\")>\nurl = 'https://sandboxtest.stroyrem-nn.ru/', case_id = 'TD 011'\nlink_item = 'products/shtukaturka-gipsovaya-aksolit-m50-30-kg-mashinnogo-naneseniya'\namount = 299, weight = 9000, standard = 3600, in_time = 7960, all_time = 8980\n\n    @pytest.mark.parametrize('case_id, link_item, amount, weight, standard, in_time, all_time', [\n        (\"TD 001\", uroven_3000, 1, 30, 0, 1590, 2190),\n        (\"TD 002\", bundeks_25, 1, 30, 400, 1590, 2190),\n        (\"TD 003\", aksolit_30, 8, 300, 400, 1590, 2190),\n        (\"TD 004\", aksolit_30, 13, 400, 450, 1590, 2190),\n        (\"TD 005\", aksolit_30, 16, 500, 600, 1590, 2190),\n        (\"TD 006\", aksolit_30, 25, 1700, 990, 1990, 2480),\n        (\"TD 007\", aksolit_30, 66, 2000, 1300, 2490, 2980),\n        (\"TD 008\", aksolit_30, 149, 4500, 2300, 3980, 4490),\n        (\"TD 009\", aksolit_30, 166, 5000, 2500, 4990, 5480),\n        pytest.param(\n            \"TD 010\", aksolit_30, 206, 6200, 2900, 5570, 6120,\n            marks=pytest.mark.xfail(reson=\"Цена доставки 3600 7960 8980\")\n        ),\n        (\"TD 011\", aksolit_30, 299, 9000, 3600, 7960, 8980),\n        (\"TD 012\", aksolit_30, 333, 10000, 4450, 11990, 12500),\n        pytest.param(\n            \"TD 013\", aksolit_30, 366, 11000, 4800, 12450, 13480,\n            marks=pytest.mark.xfail(reason=\"Цена стандартной доставки 4450\")\n        ),\n        pytest.param(\n            \"TD 014\", aksolit_30, 666, 20000, 5400, 15600, 17490,\n            marks=pytest.mark.xfail(reason=\"Цена стандартной доставки 4450\")\n        )\n    ])\n    @pytest.mark.smoke\n    def test_positive_delivery_green_zone_smoke(\n            self, driver, url, case_id, link_item, amount, weight, standard, in_time, all_time\n    ):\n    \n        driver.get(f'{url}{link_item}')\n        item_page = ItemPage(driver)\n>       item_page.add_item_to_cart(amount).click_on_cart()\n\ntests/delivery/test_delivery_calculation.py:49: \n_ _ _ _ _ _ _ _ _ _ _ _ _ _ _ _ _ _ _ _ _ _ _ _ _ _ _ _ _ _ _ _ _ _ _ _ _ _ _ _ \npages/item_page.py:41: in add_item_to_cart\n    amount_field = self.find_element(self._item_amount)\nbase/seleniumbase.py:17: in find_element\n    return self.driver.find_element(*locator)\n/usr/local/lib/python3.11/site-packages/selenium/webdriver/remote/webdriver.py:740: in find_element\n    return self.execute(Command.FIND_ELEMENT, {\"using\": by, \"value\": value})[\"value\"]\n/usr/local/lib/python3.11/site-packages/selenium/webdriver/remote/webdriver.py:346: in execute\n    self.error_handler.check_response(response)\n_ _ _ _ _ _ _ _ _ _ _ _ _ _ _ _ _ _ _ _ _ _ _ _ _ _ _ _ _ _ _ _ _ _ _ _ _ _ _ _ \n\nself = <selenium.webdriver.remote.errorhandler.ErrorHandler object at 0x7fdbdfe52f50>\nresponse = {'status': 404, 'value': '{\"value\":{\"error\":\"no such element\",\"message\":\"no such element: Unable to locate element: {\\...\\\\n#16 0x55d5b8c9b917 \\\\u003Cunknown>\\\\n#17 0x55d5b8cac773 \\\\u003Cunknown>\\\\n#18 0x7f58135c2044 \\\\u003Cunknown>\\\\n\"}}'}\n\n    def check_response(self, response: Dict[str, Any]) -> None:\n        \"\"\"Checks that a JSON response from the WebDriver does not have an\n        error.\n    \n        :Args:\n         - response - The JSON response from the WebDriver server as a dictionary\n           object.\n    \n        :Raises: If the response contains an error message.\n        \"\"\"\n        status = response.get(\"status\", None)\n        if not status or status == ErrorCode.SUCCESS:\n            return\n        value = None\n        message = response.get(\"message\", \"\")\n        screen: str = response.get(\"screen\", \"\")\n        stacktrace = None\n        if isinstance(status, int):\n            value_json = response.get(\"value\", None)\n            if value_json and isinstance(value_json, str):\n                import json\n    \n                try:\n                    value = json.loads(value_json)\n                    if len(value) == 1:\n                        value = value[\"value\"]\n                    status = value.get(\"error\", None)\n                    if not status:\n                        status = value.get(\"status\", ErrorCode.UNKNOWN_ERROR)\n                        message = value.get(\"value\") or value.get(\"message\")\n                        if not isinstance(message, str):\n                            value = message\n                            message = message.get(\"message\")\n                    else:\n                        message = value.get(\"message\", None)\n                except ValueError:\n                    pass\n    \n        exception_class: Type[WebDriverException]\n        if status in ErrorCode.NO_SUCH_ELEMENT:\n            exception_class = NoSuchElementException\n        elif status in ErrorCode.NO_SUCH_FRAME:\n            exception_class = NoSuchFrameException\n        elif status in ErrorCode.NO_SUCH_SHADOW_ROOT:\n            exception_class = NoSuchShadowRootException\n        elif status in ErrorCode.NO_SUCH_WINDOW:\n            exception_class = NoSuchWindowException\n        elif status in ErrorCode.STALE_ELEMENT_REFERENCE:\n            exception_class = StaleElementReferenceException\n        elif status in ErrorCode.ELEMENT_NOT_VISIBLE:\n            exception_class = ElementNotVisibleException\n        elif status in ErrorCode.INVALID_ELEMENT_STATE:\n            exception_class = InvalidElementStateException\n        elif (\n            status in ErrorCode.INVALID_SELECTOR\n            or status in ErrorCode.INVALID_XPATH_SELECTOR\n            or status in ErrorCode.INVALID_XPATH_SELECTOR_RETURN_TYPER\n        ):\n            exception_class = InvalidSelectorException\n        elif status in ErrorCode.ELEMENT_IS_NOT_SELECTABLE:\n            exception_class = ElementNotSelectableException\n        elif status in ErrorCode.ELEMENT_NOT_INTERACTABLE:\n            exception_class = ElementNotInteractableException\n        elif status in ErrorCode.INVALID_COOKIE_DOMAIN:\n            exception_class = InvalidCookieDomainException\n        elif status in ErrorCode.UNABLE_TO_SET_COOKIE:\n            exception_class = UnableToSetCookieException\n        elif status in ErrorCode.TIMEOUT:\n            exception_class = TimeoutException\n        elif status in ErrorCode.SCRIPT_TIMEOUT:\n            exception_class = TimeoutException\n        elif status in ErrorCode.UNKNOWN_ERROR:\n            exception_class = WebDriverException\n        elif status in ErrorCode.UNEXPECTED_ALERT_OPEN:\n            exception_class = UnexpectedAlertPresentException\n        elif status in ErrorCode.NO_ALERT_OPEN:\n            exception_class = NoAlertPresentException\n        elif status in ErrorCode.IME_NOT_AVAILABLE:\n            exception_class = ImeNotAvailableException\n        elif status in ErrorCode.IME_ENGINE_ACTIVATION_FAILED:\n            exception_class = ImeActivationFailedException\n        elif status in ErrorCode.MOVE_TARGET_OUT_OF_BOUNDS:\n            exception_class = MoveTargetOutOfBoundsException\n        elif status in ErrorCode.JAVASCRIPT_ERROR:\n            exception_class = JavascriptException\n        elif status in ErrorCode.SESSION_NOT_CREATED:\n            exception_class = SessionNotCreatedException\n        elif status in ErrorCode.INVALID_ARGUMENT:\n            exception_class = InvalidArgumentException\n        elif status in ErrorCode.NO_SUCH_COOKIE:\n            exception_class = NoSuchCookieException\n        elif status in ErrorCode.UNABLE_TO_CAPTURE_SCREEN:\n            exception_class = ScreenshotException\n        elif status in ErrorCode.ELEMENT_CLICK_INTERCEPTED:\n            exception_class = ElementClickInterceptedException\n        elif status in ErrorCode.INSECURE_CERTIFICATE:\n            exception_class = InsecureCertificateException\n        elif status in ErrorCode.INVALID_COORDINATES:\n            exception_class = InvalidCoordinatesException\n        elif status in ErrorCode.INVALID_SESSION_ID:\n            exception_class = InvalidSessionIdException\n        elif status in ErrorCode.UNKNOWN_METHOD:\n            exception_class = UnknownMethodException\n        else:\n            exception_class = WebDriverException\n        if not value:\n            value = response[\"value\"]\n        if isinstance(value, str):\n            raise exception_class(value)\n        if message == \"\" and \"message\" in value:\n            message = value[\"message\"]\n    \n        screen = None  # type: ignore[assignment]\n        if \"screen\" in value:\n            screen = value[\"screen\"]\n    \n        stacktrace = None\n        st_value = value.get(\"stackTrace\") or value.get(\"stacktrace\")\n        if st_value:\n            if isinstance(st_value, str):\n                stacktrace = st_value.split(\"\\n\")\n            else:\n                stacktrace = []\n                try:\n                    for frame in st_value:\n                        line = frame.get(\"lineNumber\", \"\")\n                        file = frame.get(\"fileName\", \"<anonymous>\")\n                        if line:\n                            file = f\"{file}:{line}\"\n                        meth = frame.get(\"methodName\", \"<anonymous>\")\n                        if \"className\" in frame:\n                            meth = f\"{frame['className']}.{meth}\"\n                        msg = \"    at %s (%s)\"\n                        msg = msg % (meth, file)\n                        stacktrace.append(msg)\n                except TypeError:\n                    pass\n        if exception_class == UnexpectedAlertPresentException:\n            alert_text = None\n            if \"data\" in value:\n                alert_text = value[\"data\"].get(\"text\")\n            elif \"alert\" in value:\n                alert_text = value[\"alert\"].get(\"text\")\n            raise exception_class(message, screen, stacktrace, alert_text)  # type: ignore[call-arg]  # mypy is not smart enough here\n>       raise exception_class(message, screen, stacktrace)\nE       selenium.common.exceptions.NoSuchElementException: Message: no such element: Unable to locate element: {\"method\":\"xpath\",\"selector\":\"//input[@class='amount']\"}\nE         (Session info: headless chrome=119.0.6045.105); For documentation on this error, please visit: https://www.selenium.dev/documentation/webdriver/troubleshooting/errors#no-such-element-exception\nE       Stacktrace:\nE       #0 0x55d5b8cad5e3 <unknown>\nE       #1 0x55d5b89700b7 <unknown>\nE       #2 0x55d5b89bdf53 <unknown>\nE       #3 0x55d5b89be051 <unknown>\nE       #4 0x55d5b8a039c4 <unknown>\nE       #5 0x55d5b89e4f1d <unknown>\nE       #6 0x55d5b8a00b3d <unknown>\nE       #7 0x55d5b89e4cc3 <unknown>\nE       #8 0x55d5b89b00e4 <unknown>\nE       #9 0x55d5b89b10ae <unknown>\nE       #10 0x55d5b8c73ce1 <unknown>\nE       #11 0x55d5b8c77b7e <unknown>\nE       #12 0x55d5b8c614b5 <unknown>\nE       #13 0x55d5b8c787d6 <unknown>\nE       #14 0x55d5b8c44dbf <unknown>\nE       #15 0x55d5b8c9b748 <unknown>\nE       #16 0x55d5b8c9b917 <unknown>\nE       #17 0x55d5b8cac773 <unknown>\nE       #18 0x7f58135c2044 <unknown>\n\n/usr/local/lib/python3.11/site-packages/selenium/webdriver/remote/errorhandler.py:245: NoSuchElementException","flaky":false,"newFailed":false,"newBroken":false,"newPassed":false,"retriesCount":0,"retriesStatusChange":false,"beforeStages":[{"name":"_session_faker","time":{"start":1699578124105,"stop":1699578124173,"duration":68},"status":"passed","steps":[],"attachments":[],"parameters":[],"shouldDisplayMessage":false,"stepsCount":0,"attachmentsCount":0,"hasContent":false},{"name":"clear_allure_results_folder","time":{"start":1699578124173,"stop":1699578124173,"duration":0},"status":"passed","steps":[],"attachments":[],"parameters":[],"shouldDisplayMessage":false,"stepsCount":0,"attachmentsCount":0,"hasContent":false},{"name":"driver","time":{"start":1699578630605,"stop":1699578631340,"duration":735},"status":"passed","steps":[],"attachments":[],"parameters":[],"shouldDisplayMessage":false,"stepsCount":0,"attachmentsCount":0,"hasContent":false},{"name":"setup","time":{"start":1699578631340,"stop":1699578631340,"duration":0},"status":"passed","steps":[],"attachments":[],"parameters":[],"shouldDisplayMessage":false,"stepsCount":0,"attachmentsCount":0,"hasContent":false}],"testStage":{"status":"broken","statusMessage":"selenium.common.exceptions.NoSuchElementException: Message: no such element: Unable to locate element: {\"method\":\"xpath\",\"selector\":\"//input[@class='amount']\"}\n  (Session info: headless chrome=119.0.6045.105); For documentation on this error, please visit: https://www.selenium.dev/documentation/webdriver/troubleshooting/errors#no-such-element-exception\nStacktrace:\n#0 0x55d5b8cad5e3 <unknown>\n#1 0x55d5b89700b7 <unknown>\n#2 0x55d5b89bdf53 <unknown>\n#3 0x55d5b89be051 <unknown>\n#4 0x55d5b8a039c4 <unknown>\n#5 0x55d5b89e4f1d <unknown>\n#6 0x55d5b8a00b3d <unknown>\n#7 0x55d5b89e4cc3 <unknown>\n#8 0x55d5b89b00e4 <unknown>\n#9 0x55d5b89b10ae <unknown>\n#10 0x55d5b8c73ce1 <unknown>\n#11 0x55d5b8c77b7e <unknown>\n#12 0x55d5b8c614b5 <unknown>\n#13 0x55d5b8c787d6 <unknown>\n#14 0x55d5b8c44dbf <unknown>\n#15 0x55d5b8c9b748 <unknown>\n#16 0x55d5b8c9b917 <unknown>\n#17 0x55d5b8cac773 <unknown>\n#18 0x7f58135c2044 <unknown>","statusTrace":"self = <tests.delivery.test_delivery_calculation.TestDeliveryPageCalculation object at 0x7fdbdeedc850>\ndriver = <selenium.webdriver.chrome.webdriver.WebDriver (session=\"104db1066cb4bf678db8e34fcf9d3072\")>\nurl = 'https://sandboxtest.stroyrem-nn.ru/', case_id = 'TD 011'\nlink_item = 'products/shtukaturka-gipsovaya-aksolit-m50-30-kg-mashinnogo-naneseniya'\namount = 299, weight = 9000, standard = 3600, in_time = 7960, all_time = 8980\n\n    @pytest.mark.parametrize('case_id, link_item, amount, weight, standard, in_time, all_time', [\n        (\"TD 001\", uroven_3000, 1, 30, 0, 1590, 2190),\n        (\"TD 002\", bundeks_25, 1, 30, 400, 1590, 2190),\n        (\"TD 003\", aksolit_30, 8, 300, 400, 1590, 2190),\n        (\"TD 004\", aksolit_30, 13, 400, 450, 1590, 2190),\n        (\"TD 005\", aksolit_30, 16, 500, 600, 1590, 2190),\n        (\"TD 006\", aksolit_30, 25, 1700, 990, 1990, 2480),\n        (\"TD 007\", aksolit_30, 66, 2000, 1300, 2490, 2980),\n        (\"TD 008\", aksolit_30, 149, 4500, 2300, 3980, 4490),\n        (\"TD 009\", aksolit_30, 166, 5000, 2500, 4990, 5480),\n        pytest.param(\n            \"TD 010\", aksolit_30, 206, 6200, 2900, 5570, 6120,\n            marks=pytest.mark.xfail(reson=\"Цена доставки 3600 7960 8980\")\n        ),\n        (\"TD 011\", aksolit_30, 299, 9000, 3600, 7960, 8980),\n        (\"TD 012\", aksolit_30, 333, 10000, 4450, 11990, 12500),\n        pytest.param(\n            \"TD 013\", aksolit_30, 366, 11000, 4800, 12450, 13480,\n            marks=pytest.mark.xfail(reason=\"Цена стандартной доставки 4450\")\n        ),\n        pytest.param(\n            \"TD 014\", aksolit_30, 666, 20000, 5400, 15600, 17490,\n            marks=pytest.mark.xfail(reason=\"Цена стандартной доставки 4450\")\n        )\n    ])\n    @pytest.mark.smoke\n    def test_positive_delivery_green_zone_smoke(\n            self, driver, url, case_id, link_item, amount, weight, standard, in_time, all_time\n    ):\n    \n        driver.get(f'{url}{link_item}')\n        item_page = ItemPage(driver)\n>       item_page.add_item_to_cart(amount).click_on_cart()\n\ntests/delivery/test_delivery_calculation.py:49: \n_ _ _ _ _ _ _ _ _ _ _ _ _ _ _ _ _ _ _ _ _ _ _ _ _ _ _ _ _ _ _ _ _ _ _ _ _ _ _ _ \npages/item_page.py:41: in add_item_to_cart\n    amount_field = self.find_element(self._item_amount)\nbase/seleniumbase.py:17: in find_element\n    return self.driver.find_element(*locator)\n/usr/local/lib/python3.11/site-packages/selenium/webdriver/remote/webdriver.py:740: in find_element\n    return self.execute(Command.FIND_ELEMENT, {\"using\": by, \"value\": value})[\"value\"]\n/usr/local/lib/python3.11/site-packages/selenium/webdriver/remote/webdriver.py:346: in execute\n    self.error_handler.check_response(response)\n_ _ _ _ _ _ _ _ _ _ _ _ _ _ _ _ _ _ _ _ _ _ _ _ _ _ _ _ _ _ _ _ _ _ _ _ _ _ _ _ \n\nself = <selenium.webdriver.remote.errorhandler.ErrorHandler object at 0x7fdbdfe52f50>\nresponse = {'status': 404, 'value': '{\"value\":{\"error\":\"no such element\",\"message\":\"no such element: Unable to locate element: {\\...\\\\n#16 0x55d5b8c9b917 \\\\u003Cunknown>\\\\n#17 0x55d5b8cac773 \\\\u003Cunknown>\\\\n#18 0x7f58135c2044 \\\\u003Cunknown>\\\\n\"}}'}\n\n    def check_response(self, response: Dict[str, Any]) -> None:\n        \"\"\"Checks that a JSON response from the WebDriver does not have an\n        error.\n    \n        :Args:\n         - response - The JSON response from the WebDriver server as a dictionary\n           object.\n    \n        :Raises: If the response contains an error message.\n        \"\"\"\n        status = response.get(\"status\", None)\n        if not status or status == ErrorCode.SUCCESS:\n            return\n        value = None\n        message = response.get(\"message\", \"\")\n        screen: str = response.get(\"screen\", \"\")\n        stacktrace = None\n        if isinstance(status, int):\n            value_json = response.get(\"value\", None)\n            if value_json and isinstance(value_json, str):\n                import json\n    \n                try:\n                    value = json.loads(value_json)\n                    if len(value) == 1:\n                        value = value[\"value\"]\n                    status = value.get(\"error\", None)\n                    if not status:\n                        status = value.get(\"status\", ErrorCode.UNKNOWN_ERROR)\n                        message = value.get(\"value\") or value.get(\"message\")\n                        if not isinstance(message, str):\n                            value = message\n                            message = message.get(\"message\")\n                    else:\n                        message = value.get(\"message\", None)\n                except ValueError:\n                    pass\n    \n        exception_class: Type[WebDriverException]\n        if status in ErrorCode.NO_SUCH_ELEMENT:\n            exception_class = NoSuchElementException\n        elif status in ErrorCode.NO_SUCH_FRAME:\n            exception_class = NoSuchFrameException\n        elif status in ErrorCode.NO_SUCH_SHADOW_ROOT:\n            exception_class = NoSuchShadowRootException\n        elif status in ErrorCode.NO_SUCH_WINDOW:\n            exception_class = NoSuchWindowException\n        elif status in ErrorCode.STALE_ELEMENT_REFERENCE:\n            exception_class = StaleElementReferenceException\n        elif status in ErrorCode.ELEMENT_NOT_VISIBLE:\n            exception_class = ElementNotVisibleException\n        elif status in ErrorCode.INVALID_ELEMENT_STATE:\n            exception_class = InvalidElementStateException\n        elif (\n            status in ErrorCode.INVALID_SELECTOR\n            or status in ErrorCode.INVALID_XPATH_SELECTOR\n            or status in ErrorCode.INVALID_XPATH_SELECTOR_RETURN_TYPER\n        ):\n            exception_class = InvalidSelectorException\n        elif status in ErrorCode.ELEMENT_IS_NOT_SELECTABLE:\n            exception_class = ElementNotSelectableException\n        elif status in ErrorCode.ELEMENT_NOT_INTERACTABLE:\n            exception_class = ElementNotInteractableException\n        elif status in ErrorCode.INVALID_COOKIE_DOMAIN:\n            exception_class = InvalidCookieDomainException\n        elif status in ErrorCode.UNABLE_TO_SET_COOKIE:\n            exception_class = UnableToSetCookieException\n        elif status in ErrorCode.TIMEOUT:\n            exception_class = TimeoutException\n        elif status in ErrorCode.SCRIPT_TIMEOUT:\n            exception_class = TimeoutException\n        elif status in ErrorCode.UNKNOWN_ERROR:\n            exception_class = WebDriverException\n        elif status in ErrorCode.UNEXPECTED_ALERT_OPEN:\n            exception_class = UnexpectedAlertPresentException\n        elif status in ErrorCode.NO_ALERT_OPEN:\n            exception_class = NoAlertPresentException\n        elif status in ErrorCode.IME_NOT_AVAILABLE:\n            exception_class = ImeNotAvailableException\n        elif status in ErrorCode.IME_ENGINE_ACTIVATION_FAILED:\n            exception_class = ImeActivationFailedException\n        elif status in ErrorCode.MOVE_TARGET_OUT_OF_BOUNDS:\n            exception_class = MoveTargetOutOfBoundsException\n        elif status in ErrorCode.JAVASCRIPT_ERROR:\n            exception_class = JavascriptException\n        elif status in ErrorCode.SESSION_NOT_CREATED:\n            exception_class = SessionNotCreatedException\n        elif status in ErrorCode.INVALID_ARGUMENT:\n            exception_class = InvalidArgumentException\n        elif status in ErrorCode.NO_SUCH_COOKIE:\n            exception_class = NoSuchCookieException\n        elif status in ErrorCode.UNABLE_TO_CAPTURE_SCREEN:\n            exception_class = ScreenshotException\n        elif status in ErrorCode.ELEMENT_CLICK_INTERCEPTED:\n            exception_class = ElementClickInterceptedException\n        elif status in ErrorCode.INSECURE_CERTIFICATE:\n            exception_class = InsecureCertificateException\n        elif status in ErrorCode.INVALID_COORDINATES:\n            exception_class = InvalidCoordinatesException\n        elif status in ErrorCode.INVALID_SESSION_ID:\n            exception_class = InvalidSessionIdException\n        elif status in ErrorCode.UNKNOWN_METHOD:\n            exception_class = UnknownMethodException\n        else:\n            exception_class = WebDriverException\n        if not value:\n            value = response[\"value\"]\n        if isinstance(value, str):\n            raise exception_class(value)\n        if message == \"\" and \"message\" in value:\n            message = value[\"message\"]\n    \n        screen = None  # type: ignore[assignment]\n        if \"screen\" in value:\n            screen = value[\"screen\"]\n    \n        stacktrace = None\n        st_value = value.get(\"stackTrace\") or value.get(\"stacktrace\")\n        if st_value:\n            if isinstance(st_value, str):\n                stacktrace = st_value.split(\"\\n\")\n            else:\n                stacktrace = []\n                try:\n                    for frame in st_value:\n                        line = frame.get(\"lineNumber\", \"\")\n                        file = frame.get(\"fileName\", \"<anonymous>\")\n                        if line:\n                            file = f\"{file}:{line}\"\n                        meth = frame.get(\"methodName\", \"<anonymous>\")\n                        if \"className\" in frame:\n                            meth = f\"{frame['className']}.{meth}\"\n                        msg = \"    at %s (%s)\"\n                        msg = msg % (meth, file)\n                        stacktrace.append(msg)\n                except TypeError:\n                    pass\n        if exception_class == UnexpectedAlertPresentException:\n            alert_text = None\n            if \"data\" in value:\n                alert_text = value[\"data\"].get(\"text\")\n            elif \"alert\" in value:\n                alert_text = value[\"alert\"].get(\"text\")\n            raise exception_class(message, screen, stacktrace, alert_text)  # type: ignore[call-arg]  # mypy is not smart enough here\n>       raise exception_class(message, screen, stacktrace)\nE       selenium.common.exceptions.NoSuchElementException: Message: no such element: Unable to locate element: {\"method\":\"xpath\",\"selector\":\"//input[@class='amount']\"}\nE         (Session info: headless chrome=119.0.6045.105); For documentation on this error, please visit: https://www.selenium.dev/documentation/webdriver/troubleshooting/errors#no-such-element-exception\nE       Stacktrace:\nE       #0 0x55d5b8cad5e3 <unknown>\nE       #1 0x55d5b89700b7 <unknown>\nE       #2 0x55d5b89bdf53 <unknown>\nE       #3 0x55d5b89be051 <unknown>\nE       #4 0x55d5b8a039c4 <unknown>\nE       #5 0x55d5b89e4f1d <unknown>\nE       #6 0x55d5b8a00b3d <unknown>\nE       #7 0x55d5b89e4cc3 <unknown>\nE       #8 0x55d5b89b00e4 <unknown>\nE       #9 0x55d5b89b10ae <unknown>\nE       #10 0x55d5b8c73ce1 <unknown>\nE       #11 0x55d5b8c77b7e <unknown>\nE       #12 0x55d5b8c614b5 <unknown>\nE       #13 0x55d5b8c787d6 <unknown>\nE       #14 0x55d5b8c44dbf <unknown>\nE       #15 0x55d5b8c9b748 <unknown>\nE       #16 0x55d5b8c9b917 <unknown>\nE       #17 0x55d5b8cac773 <unknown>\nE       #18 0x7f58135c2044 <unknown>\n\n/usr/local/lib/python3.11/site-packages/selenium/webdriver/remote/errorhandler.py:245: NoSuchElementException","steps":[{"name":"Добавляем товар в корзину в количестве 299","time":{"start":1699578638529,"stop":1699578638583,"duration":54},"status":"broken","statusMessage":"selenium.common.exceptions.NoSuchElementException: Message: no such element: Unable to locate element: {\"method\":\"xpath\",\"selector\":\"//input[@class='amount']\"}\n  (Session info: headless chrome=119.0.6045.105); For documentation on this error, please visit: https://www.selenium.dev/documentation/webdriver/troubleshooting/errors#no-such-element-exception\nStacktrace:\n#0 0x55d5b8cad5e3 <unknown>\n#1 0x55d5b89700b7 <unknown>\n#2 0x55d5b89bdf53 <unknown>\n#3 0x55d5b89be051 <unknown>\n#4 0x55d5b8a039c4 <unknown>\n#5 0x55d5b89e4f1d <unknown>\n#6 0x55d5b8a00b3d <unknown>\n#7 0x55d5b89e4cc3 <unknown>\n#8 0x55d5b89b00e4 <unknown>\n#9 0x55d5b89b10ae <unknown>\n#10 0x55d5b8c73ce1 <unknown>\n#11 0x55d5b8c77b7e <unknown>\n#12 0x55d5b8c614b5 <unknown>\n#13 0x55d5b8c787d6 <unknown>\n#14 0x55d5b8c44dbf <unknown>\n#15 0x55d5b8c9b748 <unknown>\n#16 0x55d5b8c9b917 <unknown>\n#17 0x55d5b8cac773 <unknown>\n#18 0x7f58135c2044 <unknown>\n\n","statusTrace":"  File \"/usr/local/lib/python3.11/site-packages/allure_commons/_allure.py\", line 192, in impl\n    return func(*a, **kw)\n           ^^^^^^^^^^^^^^\n  File \"/app/pages/item_page.py\", line 41, in add_item_to_cart\n    amount_field = self.find_element(self._item_amount)\n                   ^^^^^^^^^^^^^^^^^^^^^^^^^^^^^^^^^^^^\n  File \"/app/base/seleniumbase.py\", line 17, in find_element\n    return self.driver.find_element(*locator)\n           ^^^^^^^^^^^^^^^^^^^^^^^^^^^^^^^^^^\n  File \"/usr/local/lib/python3.11/site-packages/selenium/webdriver/remote/webdriver.py\", line 740, in find_element\n    return self.execute(Command.FIND_ELEMENT, {\"using\": by, \"value\": value})[\"value\"]\n           ^^^^^^^^^^^^^^^^^^^^^^^^^^^^^^^^^^^^^^^^^^^^^^^^^^^^^^^^^^^^^^^^^\n  File \"/usr/local/lib/python3.11/site-packages/selenium/webdriver/remote/webdriver.py\", line 346, in execute\n    self.error_handler.check_response(response)\n  File \"/usr/local/lib/python3.11/site-packages/selenium/webdriver/remote/errorhandler.py\", line 245, in check_response\n    raise exception_class(message, screen, stacktrace)\n","steps":[],"attachments":[],"parameters":[{"name":"amount","value":"299"}],"shouldDisplayMessage":true,"stepsCount":0,"attachmentsCount":0,"hasContent":true}],"attachments":[{"uid":"5b6febd5ea58dc26","name":"Screenshot","source":"5b6febd5ea58dc26.png","type":"image/png","size":115178},{"uid":"99deb598482931cf","name":"HTML source","source":"99deb598482931cf.html","type":"text/html","size":303988}],"parameters":[],"shouldDisplayMessage":true,"stepsCount":1,"attachmentsCount":2,"hasContent":true},"afterStages":[{"name":"setup::0","time":{"start":1699578638725,"stop":1699578638725,"duration":0},"status":"passed","steps":[],"attachments":[],"parameters":[],"shouldDisplayMessage":false,"stepsCount":0,"attachmentsCount":0,"hasContent":false},{"name":"driver::0","time":{"start":1699578638726,"stop":1699578638786,"duration":60},"status":"passed","steps":[],"attachments":[],"parameters":[],"shouldDisplayMessage":false,"stepsCount":0,"attachmentsCount":0,"hasContent":false}],"labels":[{"name":"epic","value":"Delivery Page - calculation"},{"name":"tag","value":"smoke"},{"name":"parentSuite","value":"tests.delivery"},{"name":"suite","value":"test_delivery_calculation"},{"name":"subSuite","value":"TestDeliveryPageCalculation"},{"name":"host","value":"c825466bfa53"},{"name":"thread","value":"1-MainThread"},{"name":"framework","value":"pytest"},{"name":"language","value":"cpython3"},{"name":"package","value":"tests.delivery.test_delivery_calculation"},{"name":"resultFormat","value":"allure2"}],"parameters":[{"name":"all_time","value":"8980"},{"name":"amount","value":"299"},{"name":"case_id","value":"'TD 011'"},{"name":"in_time","value":"7960"},{"name":"link_item","value":"'products/shtukaturka-gipsovaya-aksolit-m50-30-kg-mashinnogo-naneseniya'"},{"name":"standard","value":"3600"},{"name":"url","value":"'https://sandboxtest.stroyrem-nn.ru/'"},{"name":"weight","value":"9000"}],"links":[],"hidden":false,"retry":false,"extra":{"severity":"normal","retries":[],"categories":[{"name":"Test defects","matchedStatuses":[],"flaky":false}],"history":{"statistic":{"failed":0,"broken":72,"skipped":0,"passed":0,"unknown":0,"total":72},"items":[{"uid":"b752301fccaacccb","reportUrl":"https://zaelcovsky.github.io/StroyremAutomation/135//#testresult/b752301fccaacccb","status":"broken","statusDetails":"selenium.common.exceptions.NoSuchElementException: Message: no such element: Unable to locate element: {\"method\":\"xpath\",\"selector\":\"//input[@class='amount']\"}\n  (Session info: headless chrome=119.0.6045.105); For documentation on this error, please visit: https://www.selenium.dev/documentation/webdriver/troubleshooting/errors#no-such-element-exception\nStacktrace:\n#0 0x55be94f265e3 <unknown>\n#1 0x55be94be90b7 <unknown>\n#2 0x55be94c36f53 <unknown>\n#3 0x55be94c37051 <unknown>\n#4 0x55be94c7c9c4 <unknown>\n#5 0x55be94c5df1d <unknown>\n#6 0x55be94c79b3d <unknown>\n#7 0x55be94c5dcc3 <unknown>\n#8 0x55be94c290e4 <unknown>\n#9 0x55be94c2a0ae <unknown>\n#10 0x55be94eecce1 <unknown>\n#11 0x55be94ef0b7e <unknown>\n#12 0x55be94eda4b5 <unknown>\n#13 0x55be94ef17d6 <unknown>\n#14 0x55be94ebddbf <unknown>\n#15 0x55be94f14748 <unknown>\n#16 0x55be94f14917 <unknown>\n#17 0x55be94f25773 <unknown>\n#18 0x7f6250df1044 <unknown>","time":{"start":1699492234661,"stop":1699492237992,"duration":3331}},{"uid":"de137de201439f7d","reportUrl":"https://zaelcovsky.github.io/StroyremAutomation/134//#testresult/de137de201439f7d","status":"broken","statusDetails":"selenium.common.exceptions.NoSuchElementException: Message: no such element: Unable to locate element: {\"method\":\"xpath\",\"selector\":\"//input[@class='amount']\"}\n  (Session info: headless chrome=119.0.6045.105); For documentation on this error, please visit: https://www.selenium.dev/documentation/webdriver/troubleshooting/errors#no-such-element-exception\nStacktrace:\n#0 0x560d483505e3 <unknown>\n#1 0x560d480130b7 <unknown>\n#2 0x560d48060f53 <unknown>\n#3 0x560d48061051 <unknown>\n#4 0x560d480a69c4 <unknown>\n#5 0x560d48087f1d <unknown>\n#6 0x560d480a3b3d <unknown>\n#7 0x560d48087cc3 <unknown>\n#8 0x560d480530e4 <unknown>\n#9 0x560d480540ae <unknown>\n#10 0x560d48316ce1 <unknown>\n#11 0x560d4831ab7e <unknown>\n#12 0x560d483044b5 <unknown>\n#13 0x560d4831b7d6 <unknown>\n#14 0x560d482e7dbf <unknown>\n#15 0x560d4833e748 <unknown>\n#16 0x560d4833e917 <unknown>\n#17 0x560d4834f773 <unknown>\n#18 0x7f209a6ee044 <unknown>","time":{"start":1699405764890,"stop":1699405768537,"duration":3647}},{"uid":"1eb8ecb8b0625a0","reportUrl":"https://zaelcovsky.github.io/StroyremAutomation/133//#testresult/1eb8ecb8b0625a0","status":"broken","statusDetails":"selenium.common.exceptions.NoSuchElementException: Message: no such element: Unable to locate element: {\"method\":\"xpath\",\"selector\":\"//input[@class='amount']\"}\n  (Session info: headless chrome=119.0.6045.105); For documentation on this error, please visit: https://www.selenium.dev/documentation/webdriver/troubleshooting/errors#no-such-element-exception\nStacktrace:\n#0 0x55af778865e3 <unknown>\n#1 0x55af775490b7 <unknown>\n#2 0x55af77596f53 <unknown>\n#3 0x55af77597051 <unknown>\n#4 0x55af775dc9c4 <unknown>\n#5 0x55af775bdf1d <unknown>\n#6 0x55af775d9b3d <unknown>\n#7 0x55af775bdcc3 <unknown>\n#8 0x55af775890e4 <unknown>\n#9 0x55af7758a0ae <unknown>\n#10 0x55af7784cce1 <unknown>\n#11 0x55af77850b7e <unknown>\n#12 0x55af7783a4b5 <unknown>\n#13 0x55af778517d6 <unknown>\n#14 0x55af7781ddbf <unknown>\n#15 0x55af77874748 <unknown>\n#16 0x55af77874917 <unknown>\n#17 0x55af77885773 <unknown>\n#18 0x7f17d6964044 <unknown>","time":{"start":1699319466337,"stop":1699319470526,"duration":4189}},{"uid":"da9e766b1d79fccc","reportUrl":"https://zaelcovsky.github.io/StroyremAutomation/132//#testresult/da9e766b1d79fccc","status":"broken","statusDetails":"selenium.common.exceptions.NoSuchElementException: Message: no such element: Unable to locate element: {\"method\":\"xpath\",\"selector\":\"//input[@class='amount']\"}\n  (Session info: headless chrome=119.0.6045.105); For documentation on this error, please visit: https://www.selenium.dev/documentation/webdriver/troubleshooting/errors#no-such-element-exception\nStacktrace:\n#0 0x560ebdd5f5e3 <unknown>\n#1 0x560ebda220b7 <unknown>\n#2 0x560ebda6ff53 <unknown>\n#3 0x560ebda70051 <unknown>\n#4 0x560ebdab59c4 <unknown>\n#5 0x560ebda96f1d <unknown>\n#6 0x560ebdab2b3d <unknown>\n#7 0x560ebda96cc3 <unknown>\n#8 0x560ebda620e4 <unknown>\n#9 0x560ebda630ae <unknown>\n#10 0x560ebdd25ce1 <unknown>\n#11 0x560ebdd29b7e <unknown>\n#12 0x560ebdd134b5 <unknown>\n#13 0x560ebdd2a7d6 <unknown>\n#14 0x560ebdcf6dbf <unknown>\n#15 0x560ebdd4d748 <unknown>\n#16 0x560ebdd4d917 <unknown>\n#17 0x560ebdd5e773 <unknown>\n#18 0x7f027845d044 <unknown>","time":{"start":1699233113315,"stop":1699233117497,"duration":4182}},{"uid":"d0679144dc5047c3","reportUrl":"https://zaelcovsky.github.io/StroyremAutomation/131//#testresult/d0679144dc5047c3","status":"broken","statusDetails":"selenium.common.exceptions.NoSuchElementException: Message: no such element: Unable to locate element: {\"method\":\"xpath\",\"selector\":\"//input[@class='amount']\"}\n  (Session info: headless chrome=119.0.6045.105); For documentation on this error, please visit: https://www.selenium.dev/documentation/webdriver/troubleshooting/errors#no-such-element-exception\nStacktrace:\n#0 0x55e0feb475e3 <unknown>\n#1 0x55e0fe80a0b7 <unknown>\n#2 0x55e0fe857f53 <unknown>\n#3 0x55e0fe858051 <unknown>\n#4 0x55e0fe89d9c4 <unknown>\n#5 0x55e0fe87ef1d <unknown>\n#6 0x55e0fe89ab3d <unknown>\n#7 0x55e0fe87ecc3 <unknown>\n#8 0x55e0fe84a0e4 <unknown>\n#9 0x55e0fe84b0ae <unknown>\n#10 0x55e0feb0dce1 <unknown>\n#11 0x55e0feb11b7e <unknown>\n#12 0x55e0feafb4b5 <unknown>\n#13 0x55e0feb127d6 <unknown>\n#14 0x55e0feadedbf <unknown>\n#15 0x55e0feb35748 <unknown>\n#16 0x55e0feb35917 <unknown>\n#17 0x55e0feb46773 <unknown>\n#18 0x7fc73ebb3044 <unknown>","time":{"start":1699146867292,"stop":1699146872625,"duration":5333}},{"uid":"69935c2907b9f910","reportUrl":"https://zaelcovsky.github.io/StroyremAutomation/130//#testresult/69935c2907b9f910","status":"broken","statusDetails":"selenium.common.exceptions.NoSuchElementException: Message: no such element: Unable to locate element: {\"method\":\"xpath\",\"selector\":\"//input[@class='amount']\"}\n  (Session info: headless chrome=119.0.6045.105); For documentation on this error, please visit: https://www.selenium.dev/documentation/webdriver/troubleshooting/errors#no-such-element-exception\nStacktrace:\n#0 0x556ceb8585e3 <unknown>\n#1 0x556ceb51b0b7 <unknown>\n#2 0x556ceb568f53 <unknown>\n#3 0x556ceb569051 <unknown>\n#4 0x556ceb5ae9c4 <unknown>\n#5 0x556ceb58ff1d <unknown>\n#6 0x556ceb5abb3d <unknown>\n#7 0x556ceb58fcc3 <unknown>\n#8 0x556ceb55b0e4 <unknown>\n#9 0x556ceb55c0ae <unknown>\n#10 0x556ceb81ece1 <unknown>\n#11 0x556ceb822b7e <unknown>\n#12 0x556ceb80c4b5 <unknown>\n#13 0x556ceb8237d6 <unknown>\n#14 0x556ceb7efdbf <unknown>\n#15 0x556ceb846748 <unknown>\n#16 0x556ceb846917 <unknown>\n#17 0x556ceb857773 <unknown>\n#18 0x7f7ba85b0044 <unknown>","time":{"start":1699060163055,"stop":1699060167612,"duration":4557}},{"uid":"568940e2a3f271f","reportUrl":"https://zaelcovsky.github.io/StroyremAutomation/129//#testresult/568940e2a3f271f","status":"broken","statusDetails":"selenium.common.exceptions.NoSuchElementException: Message: no such element: Unable to locate element: {\"method\":\"xpath\",\"selector\":\"//input[@class='amount']\"}\n  (Session info: headless chrome=119.0.6045.105); For documentation on this error, please visit: https://www.selenium.dev/documentation/webdriver/troubleshooting/errors#no-such-element-exception\nStacktrace:\n#0 0x55f74caaa5e3 <unknown>\n#1 0x55f74c76d0b7 <unknown>\n#2 0x55f74c7baf53 <unknown>\n#3 0x55f74c7bb051 <unknown>\n#4 0x55f74c8009c4 <unknown>\n#5 0x55f74c7e1f1d <unknown>\n#6 0x55f74c7fdb3d <unknown>\n#7 0x55f74c7e1cc3 <unknown>\n#8 0x55f74c7ad0e4 <unknown>\n#9 0x55f74c7ae0ae <unknown>\n#10 0x55f74ca70ce1 <unknown>\n#11 0x55f74ca74b7e <unknown>\n#12 0x55f74ca5e4b5 <unknown>\n#13 0x55f74ca757d6 <unknown>\n#14 0x55f74ca41dbf <unknown>\n#15 0x55f74ca98748 <unknown>\n#16 0x55f74ca98917 <unknown>\n#17 0x55f74caa9773 <unknown>\n#18 0x7fac6d5d7044 <unknown>","time":{"start":1698973748574,"stop":1698973753706,"duration":5132}},{"uid":"f5d55f2156ba835d","reportUrl":"https://zaelcovsky.github.io/StroyremAutomation/128//#testresult/f5d55f2156ba835d","status":"broken","statusDetails":"selenium.common.exceptions.NoSuchElementException: Message: no such element: Unable to locate element: {\"method\":\"xpath\",\"selector\":\"//input[@class='amount']\"}\n  (Session info: headless chrome=119.0.6045.105); For documentation on this error, please visit: https://www.selenium.dev/documentation/webdriver/troubleshooting/errors#no-such-element-exception\nStacktrace:\n#0 0x561431af15e3 <unknown>\n#1 0x5614317b40b7 <unknown>\n#2 0x561431801f53 <unknown>\n#3 0x561431802051 <unknown>\n#4 0x5614318479c4 <unknown>\n#5 0x561431828f1d <unknown>\n#6 0x561431844b3d <unknown>\n#7 0x561431828cc3 <unknown>\n#8 0x5614317f40e4 <unknown>\n#9 0x5614317f50ae <unknown>\n#10 0x561431ab7ce1 <unknown>\n#11 0x561431abbb7e <unknown>\n#12 0x561431aa54b5 <unknown>\n#13 0x561431abc7d6 <unknown>\n#14 0x561431a88dbf <unknown>\n#15 0x561431adf748 <unknown>\n#16 0x561431adf917 <unknown>\n#17 0x561431af0773 <unknown>\n#18 0x7fb7c976f044 <unknown>","time":{"start":1698887331338,"stop":1698887336327,"duration":4989}},{"uid":"e176215cc0194875","reportUrl":"https://zaelcovsky.github.io/StroyremAutomation/127//#testresult/e176215cc0194875","status":"broken","statusDetails":"selenium.common.exceptions.NoSuchElementException: Message: no such element: Unable to locate element: {\"method\":\"xpath\",\"selector\":\"//input[@class='amount']\"}\n  (Session info: headless chrome=119.0.6045.105); For documentation on this error, please visit: https://www.selenium.dev/documentation/webdriver/troubleshooting/errors#no-such-element-exception\nStacktrace:\n#0 0x557d0d54d5e3 <unknown>\n#1 0x557d0d2100b7 <unknown>\n#2 0x557d0d25df53 <unknown>\n#3 0x557d0d25e051 <unknown>\n#4 0x557d0d2a39c4 <unknown>\n#5 0x557d0d284f1d <unknown>\n#6 0x557d0d2a0b3d <unknown>\n#7 0x557d0d284cc3 <unknown>\n#8 0x557d0d2500e4 <unknown>\n#9 0x557d0d2510ae <unknown>\n#10 0x557d0d513ce1 <unknown>\n#11 0x557d0d517b7e <unknown>\n#12 0x557d0d5014b5 <unknown>\n#13 0x557d0d5187d6 <unknown>\n#14 0x557d0d4e4dbf <unknown>\n#15 0x557d0d53b748 <unknown>\n#16 0x557d0d53b917 <unknown>\n#17 0x557d0d54c773 <unknown>\n#18 0x7fac7c627044 <unknown>","time":{"start":1698801221954,"stop":1698801226713,"duration":4759}},{"uid":"f0446ad5c512c3f7","reportUrl":"https://zaelcovsky.github.io/StroyremAutomation/126//#testresult/f0446ad5c512c3f7","status":"broken","statusDetails":"selenium.common.exceptions.NoSuchElementException: Message: no such element: Unable to locate element: {\"method\":\"xpath\",\"selector\":\"//input[@class='amount']\"}\n  (Session info: headless chrome=118.0.5993.70); For documentation on this error, please visit: https://www.selenium.dev/documentation/webdriver/troubleshooting/errors#no-such-element-exception\nStacktrace:\n#0 0x5627decf9fb3 <unknown>\n#1 0x5627de9cd4a7 <unknown>\n#2 0x5627dea14dd6 <unknown>\n#3 0x5627dea14ec1 <unknown>\n#4 0x5627dea52354 <unknown>\n#5 0x5627dea3696d <unknown>\n#6 0x5627dea4fc02 <unknown>\n#7 0x5627dea36713 <unknown>\n#8 0x5627dea0918b <unknown>\n#9 0x5627dea09f7e <unknown>\n#10 0x5627decbf8d8 <unknown>\n#11 0x5627decc3800 <unknown>\n#12 0x5627deccdcfc <unknown>\n#13 0x5627decc4418 <unknown>\n#14 0x5627dec9142f <unknown>\n#15 0x5627dece84e8 <unknown>\n#16 0x5627dece86b4 <unknown>\n#17 0x5627decf9143 <unknown>\n#18 0x7f24cf8ba044 <unknown>","time":{"start":1698714561790,"stop":1698714565628,"duration":3838}},{"uid":"33286628fb1e1c38","reportUrl":"https://zaelcovsky.github.io/StroyremAutomation/125//#testresult/33286628fb1e1c38","status":"broken","statusDetails":"selenium.common.exceptions.NoSuchElementException: Message: no such element: Unable to locate element: {\"method\":\"xpath\",\"selector\":\"//input[@class='amount']\"}\n  (Session info: headless chrome=118.0.5993.70); For documentation on this error, please visit: https://www.selenium.dev/documentation/webdriver/troubleshooting/errors#no-such-element-exception\nStacktrace:\n#0 0x5639ab29dfb3 <unknown>\n#1 0x5639aaf714a7 <unknown>\n#2 0x5639aafb8dd6 <unknown>\n#3 0x5639aafb8ec1 <unknown>\n#4 0x5639aaff6354 <unknown>\n#5 0x5639aafda96d <unknown>\n#6 0x5639aaff3c02 <unknown>\n#7 0x5639aafda713 <unknown>\n#8 0x5639aafad18b <unknown>\n#9 0x5639aafadf7e <unknown>\n#10 0x5639ab2638d8 <unknown>\n#11 0x5639ab267800 <unknown>\n#12 0x5639ab271cfc <unknown>\n#13 0x5639ab268418 <unknown>\n#14 0x5639ab23542f <unknown>\n#15 0x5639ab28c4e8 <unknown>\n#16 0x5639ab28c6b4 <unknown>\n#17 0x5639ab29d143 <unknown>\n#18 0x7f29c0fde044 <unknown>","time":{"start":1698628134487,"stop":1698628139058,"duration":4571}},{"uid":"110841e846feec9f","reportUrl":"https://zaelcovsky.github.io/StroyremAutomation/124//#testresult/110841e846feec9f","status":"broken","statusDetails":"selenium.common.exceptions.NoSuchElementException: Message: no such element: Unable to locate element: {\"method\":\"xpath\",\"selector\":\"//input[@class='amount']\"}\n  (Session info: headless chrome=118.0.5993.70); For documentation on this error, please visit: https://www.selenium.dev/documentation/webdriver/troubleshooting/errors#no-such-element-exception\nStacktrace:\n#0 0x562d80df8fb3 <unknown>\n#1 0x562d80acc4a7 <unknown>\n#2 0x562d80b13dd6 <unknown>\n#3 0x562d80b13ec1 <unknown>\n#4 0x562d80b51354 <unknown>\n#5 0x562d80b3596d <unknown>\n#6 0x562d80b4ec02 <unknown>\n#7 0x562d80b35713 <unknown>\n#8 0x562d80b0818b <unknown>\n#9 0x562d80b08f7e <unknown>\n#10 0x562d80dbe8d8 <unknown>\n#11 0x562d80dc2800 <unknown>\n#12 0x562d80dcccfc <unknown>\n#13 0x562d80dc3418 <unknown>\n#14 0x562d80d9042f <unknown>\n#15 0x562d80de74e8 <unknown>\n#16 0x562d80de76b4 <unknown>\n#17 0x562d80df8143 <unknown>\n#18 0x7f951ca73044 <unknown>","time":{"start":1698541918516,"stop":1698541922535,"duration":4019}},{"uid":"e3215231fe3c7ad6","reportUrl":"https://zaelcovsky.github.io/StroyremAutomation/123//#testresult/e3215231fe3c7ad6","status":"broken","statusDetails":"selenium.common.exceptions.NoSuchElementException: Message: no such element: Unable to locate element: {\"method\":\"xpath\",\"selector\":\"//input[@class='amount']\"}\n  (Session info: headless chrome=118.0.5993.70); For documentation on this error, please visit: https://www.selenium.dev/documentation/webdriver/troubleshooting/errors#no-such-element-exception\nStacktrace:\n#0 0x564a0ff57fb3 <unknown>\n#1 0x564a0fc2b4a7 <unknown>\n#2 0x564a0fc72dd6 <unknown>\n#3 0x564a0fc72ec1 <unknown>\n#4 0x564a0fcb0354 <unknown>\n#5 0x564a0fc9496d <unknown>\n#6 0x564a0fcadc02 <unknown>\n#7 0x564a0fc94713 <unknown>\n#8 0x564a0fc6718b <unknown>\n#9 0x564a0fc67f7e <unknown>\n#10 0x564a0ff1d8d8 <unknown>\n#11 0x564a0ff21800 <unknown>\n#12 0x564a0ff2bcfc <unknown>\n#13 0x564a0ff22418 <unknown>\n#14 0x564a0feef42f <unknown>\n#15 0x564a0ff464e8 <unknown>\n#16 0x564a0ff466b4 <unknown>\n#17 0x564a0ff57143 <unknown>\n#18 0x7fbb946d1044 <unknown>","time":{"start":1698455233770,"stop":1698455238580,"duration":4810}},{"uid":"f7d9e0ca140cac33","reportUrl":"https://zaelcovsky.github.io/StroyremAutomation/122//#testresult/f7d9e0ca140cac33","status":"broken","statusDetails":"selenium.common.exceptions.NoSuchElementException: Message: no such element: Unable to locate element: {\"method\":\"xpath\",\"selector\":\"//input[@class='amount']\"}\n  (Session info: headless chrome=118.0.5993.70); For documentation on this error, please visit: https://www.selenium.dev/documentation/webdriver/troubleshooting/errors#no-such-element-exception\nStacktrace:\n#0 0x561070d06fb3 <unknown>\n#1 0x5610709da4a7 <unknown>\n#2 0x561070a21dd6 <unknown>\n#3 0x561070a21ec1 <unknown>\n#4 0x561070a5f354 <unknown>\n#5 0x561070a4396d <unknown>\n#6 0x561070a5cc02 <unknown>\n#7 0x561070a43713 <unknown>\n#8 0x561070a1618b <unknown>\n#9 0x561070a16f7e <unknown>\n#10 0x561070ccc8d8 <unknown>\n#11 0x561070cd0800 <unknown>\n#12 0x561070cdacfc <unknown>\n#13 0x561070cd1418 <unknown>\n#14 0x561070c9e42f <unknown>\n#15 0x561070cf54e8 <unknown>\n#16 0x561070cf56b4 <unknown>\n#17 0x561070d06143 <unknown>\n#18 0x7f100352b044 <unknown>","time":{"start":1698368868547,"stop":1698368873160,"duration":4613}},{"uid":"55497c72dd8b43ff","reportUrl":"https://zaelcovsky.github.io/StroyremAutomation/121//#testresult/55497c72dd8b43ff","status":"broken","statusDetails":"selenium.common.exceptions.NoSuchElementException: Message: no such element: Unable to locate element: {\"method\":\"xpath\",\"selector\":\"//input[@class='amount']\"}\n  (Session info: headless chrome=118.0.5993.70); For documentation on this error, please visit: https://www.selenium.dev/documentation/webdriver/troubleshooting/errors#no-such-element-exception\nStacktrace:\n#0 0x55f3bde97fb3 <unknown>\n#1 0x55f3bdb6b4a7 <unknown>\n#2 0x55f3bdbb2dd6 <unknown>\n#3 0x55f3bdbb2ec1 <unknown>\n#4 0x55f3bdbf0354 <unknown>\n#5 0x55f3bdbd496d <unknown>\n#6 0x55f3bdbedc02 <unknown>\n#7 0x55f3bdbd4713 <unknown>\n#8 0x55f3bdba718b <unknown>\n#9 0x55f3bdba7f7e <unknown>\n#10 0x55f3bde5d8d8 <unknown>\n#11 0x55f3bde61800 <unknown>\n#12 0x55f3bde6bcfc <unknown>\n#13 0x55f3bde62418 <unknown>\n#14 0x55f3bde2f42f <unknown>\n#15 0x55f3bde864e8 <unknown>\n#16 0x55f3bde866b4 <unknown>\n#17 0x55f3bde97143 <unknown>\n#18 0x7f70be9d1044 <unknown>","time":{"start":1698282476382,"stop":1698282481210,"duration":4828}},{"uid":"8f0a377210b3924d","reportUrl":"https://zaelcovsky.github.io/StroyremAutomation/120//#testresult/8f0a377210b3924d","status":"broken","statusDetails":"selenium.common.exceptions.NoSuchElementException: Message: no such element: Unable to locate element: {\"method\":\"xpath\",\"selector\":\"//input[@class='amount']\"}\n  (Session info: headless chrome=118.0.5993.70); For documentation on this error, please visit: https://www.selenium.dev/documentation/webdriver/troubleshooting/errors#no-such-element-exception\nStacktrace:\n#0 0x55d32ee91fb3 <unknown>\n#1 0x55d32eb654a7 <unknown>\n#2 0x55d32ebacdd6 <unknown>\n#3 0x55d32ebacec1 <unknown>\n#4 0x55d32ebea354 <unknown>\n#5 0x55d32ebce96d <unknown>\n#6 0x55d32ebe7c02 <unknown>\n#7 0x55d32ebce713 <unknown>\n#8 0x55d32eba118b <unknown>\n#9 0x55d32eba1f7e <unknown>\n#10 0x55d32ee578d8 <unknown>\n#11 0x55d32ee5b800 <unknown>\n#12 0x55d32ee65cfc <unknown>\n#13 0x55d32ee5c418 <unknown>\n#14 0x55d32ee2942f <unknown>\n#15 0x55d32ee804e8 <unknown>\n#16 0x55d32ee806b4 <unknown>\n#17 0x55d32ee91143 <unknown>\n#18 0x7ff08e833044 <unknown>","time":{"start":1698196104841,"stop":1698196108821,"duration":3980}},{"uid":"f23431dcde46ceb","reportUrl":"https://zaelcovsky.github.io/StroyremAutomation/119//#testresult/f23431dcde46ceb","status":"broken","statusDetails":"selenium.common.exceptions.NoSuchElementException: Message: no such element: Unable to locate element: {\"method\":\"xpath\",\"selector\":\"//input[@class='amount']\"}\n  (Session info: headless chrome=118.0.5993.70); For documentation on this error, please visit: https://www.selenium.dev/documentation/webdriver/troubleshooting/errors#no-such-element-exception\nStacktrace:\n#0 0x55fcc2969fb3 <unknown>\n#1 0x55fcc263d4a7 <unknown>\n#2 0x55fcc2684dd6 <unknown>\n#3 0x55fcc2684ec1 <unknown>\n#4 0x55fcc26c2354 <unknown>\n#5 0x55fcc26a696d <unknown>\n#6 0x55fcc26bfc02 <unknown>\n#7 0x55fcc26a6713 <unknown>\n#8 0x55fcc267918b <unknown>\n#9 0x55fcc2679f7e <unknown>\n#10 0x55fcc292f8d8 <unknown>\n#11 0x55fcc2933800 <unknown>\n#12 0x55fcc293dcfc <unknown>\n#13 0x55fcc2934418 <unknown>\n#14 0x55fcc290142f <unknown>\n#15 0x55fcc29584e8 <unknown>\n#16 0x55fcc29586b4 <unknown>\n#17 0x55fcc2969143 <unknown>\n#18 0x7faea975f044 <unknown>","time":{"start":1698109769662,"stop":1698109775261,"duration":5599}},{"uid":"9337f8ecf27e3502","reportUrl":"https://zaelcovsky.github.io/StroyremAutomation/118//#testresult/9337f8ecf27e3502","status":"broken","statusDetails":"selenium.common.exceptions.NoSuchElementException: Message: no such element: Unable to locate element: {\"method\":\"xpath\",\"selector\":\"//input[@class='amount']\"}\n  (Session info: headless chrome=118.0.5993.70); For documentation on this error, please visit: https://www.selenium.dev/documentation/webdriver/troubleshooting/errors#no-such-element-exception\nStacktrace:\n#0 0x55cd83f92fb3 <unknown>\n#1 0x55cd83c664a7 <unknown>\n#2 0x55cd83caddd6 <unknown>\n#3 0x55cd83cadec1 <unknown>\n#4 0x55cd83ceb354 <unknown>\n#5 0x55cd83ccf96d <unknown>\n#6 0x55cd83ce8c02 <unknown>\n#7 0x55cd83ccf713 <unknown>\n#8 0x55cd83ca218b <unknown>\n#9 0x55cd83ca2f7e <unknown>\n#10 0x55cd83f588d8 <unknown>\n#11 0x55cd83f5c800 <unknown>\n#12 0x55cd83f66cfc <unknown>\n#13 0x55cd83f5d418 <unknown>\n#14 0x55cd83f2a42f <unknown>\n#15 0x55cd83f814e8 <unknown>\n#16 0x55cd83f816b4 <unknown>\n#17 0x55cd83f92143 <unknown>\n#18 0x7f64830b7044 <unknown>","time":{"start":1698023351481,"stop":1698023356346,"duration":4865}},{"uid":"3fdc2f6361137547","reportUrl":"https://zaelcovsky.github.io/StroyremAutomation/117//#testresult/3fdc2f6361137547","status":"broken","statusDetails":"selenium.common.exceptions.NoSuchElementException: Message: no such element: Unable to locate element: {\"method\":\"xpath\",\"selector\":\"//input[@class='amount']\"}\n  (Session info: headless chrome=118.0.5993.70); For documentation on this error, please visit: https://www.selenium.dev/documentation/webdriver/troubleshooting/errors#no-such-element-exception\nStacktrace:\n#0 0x55f0a9174fb3 <unknown>\n#1 0x55f0a8e484a7 <unknown>\n#2 0x55f0a8e8fdd6 <unknown>\n#3 0x55f0a8e8fec1 <unknown>\n#4 0x55f0a8ecd354 <unknown>\n#5 0x55f0a8eb196d <unknown>\n#6 0x55f0a8ecac02 <unknown>\n#7 0x55f0a8eb1713 <unknown>\n#8 0x55f0a8e8418b <unknown>\n#9 0x55f0a8e84f7e <unknown>\n#10 0x55f0a913a8d8 <unknown>\n#11 0x55f0a913e800 <unknown>\n#12 0x55f0a9148cfc <unknown>\n#13 0x55f0a913f418 <unknown>\n#14 0x55f0a910c42f <unknown>\n#15 0x55f0a91634e8 <unknown>\n#16 0x55f0a91636b4 <unknown>\n#17 0x55f0a9174143 <unknown>\n#18 0x7f0f4174c044 <unknown>","time":{"start":1697937147993,"stop":1697937152536,"duration":4543}},{"uid":"e2f8f3aa21fd13b9","reportUrl":"https://zaelcovsky.github.io/StroyremAutomation/116//#testresult/e2f8f3aa21fd13b9","status":"broken","statusDetails":"selenium.common.exceptions.NoSuchElementException: Message: no such element: Unable to locate element: {\"method\":\"xpath\",\"selector\":\"//input[@class='amount']\"}\n  (Session info: headless chrome=118.0.5993.70); For documentation on this error, please visit: https://www.selenium.dev/documentation/webdriver/troubleshooting/errors#no-such-element-exception\nStacktrace:\n#0 0x56031d575fb3 <unknown>\n#1 0x56031d2494a7 <unknown>\n#2 0x56031d290dd6 <unknown>\n#3 0x56031d290ec1 <unknown>\n#4 0x56031d2ce354 <unknown>\n#5 0x56031d2b296d <unknown>\n#6 0x56031d2cbc02 <unknown>\n#7 0x56031d2b2713 <unknown>\n#8 0x56031d28518b <unknown>\n#9 0x56031d285f7e <unknown>\n#10 0x56031d53b8d8 <unknown>\n#11 0x56031d53f800 <unknown>\n#12 0x56031d549cfc <unknown>\n#13 0x56031d540418 <unknown>\n#14 0x56031d50d42f <unknown>\n#15 0x56031d5644e8 <unknown>\n#16 0x56031d5646b4 <unknown>\n#17 0x56031d575143 <unknown>\n#18 0x7f7d3f58d044 <unknown>","time":{"start":1697850455113,"stop":1697850459708,"duration":4595}}]},"tags":["smoke"]},"source":"b1ba83186d31756.json","parameterValues":["8980","299","'TD 011'","7960","'products/shtukaturka-gipsovaya-aksolit-m50-30-kg-mashinnogo-naneseniya'","3600","'https://sandboxtest.stroyrem-nn.ru/'","9000"]}