{"uid":"31bc50f47180159a","name":"TC 005 - Функционал блока 'Советы от профессионалов ремонта'","fullName":"tests.test_main_page.TestMainPage#test_positive_building_advices2_smoke","historyId":"bdee61a288025e17b192e643677456fc","time":{"start":1702343206097,"stop":1702343206110,"duration":13},"status":"broken","statusMessage":"selenium.common.exceptions.NoSuchElementException: Message: no such element: Unable to locate element: {\"method\":\"xpath\",\"selector\":\"//div[@class='page-block articles-block']\"}\n  (Session info: chrome-headless-shell=120.0.6099.71); For documentation on this error, please visit: https://www.selenium.dev/documentation/webdriver/troubleshooting/errors#no-such-element-exception\nStacktrace:\n#0 0x560050a1fd33 <unknown>\n#1 0x5600506dcf87 <unknown>\n#2 0x56005072cc0e <unknown>\n#3 0x56005072cd11 <unknown>\n#4 0x560050778004 <unknown>\n#5 0x56005075636d <unknown>\n#6 0x560050775297 <unknown>\n#7 0x5600507560e3 <unknown>\n#8 0x56005071e044 <unknown>\n#9 0x56005071f44e <unknown>\n#10 0x5600509e4861 <unknown>\n#11 0x5600509e8785 <unknown>\n#12 0x5600509d2285 <unknown>\n#13 0x5600509e941f <unknown>\n#14 0x5600509b620f <unknown>\n#15 0x560050a0d028 <unknown>\n#16 0x560050a0d1f7 <unknown>\n#17 0x560050a1eed4 <unknown>\n#18 0x7efed9aa8044 <unknown>","statusTrace":"self = <tests.test_main_page.TestMainPage object at 0x7fbdddaeadd0>\nmain_page = <pages.main_page.MainPage object at 0x7fbddea36490>\n\n    @allure.title(\"TC 005 - Функционал блока 'Советы от профессионалов ремонта'\")\n    @pytest.mark.smoke_test\n    def test_positive_building_advices2_smoke(self, main_page):\n>       items = main_page.get_building_advices_section()\n\ntests/test_main_page.py:55: \n_ _ _ _ _ _ _ _ _ _ _ _ _ _ _ _ _ _ _ _ _ _ _ _ _ _ _ _ _ _ _ _ _ _ _ _ _ _ _ _ \npages/main_page.py:78: in get_building_advices_section\n    section = self.driver.find_element(*self._building_advices_section)\n/usr/local/lib/python3.11/site-packages/selenium/webdriver/remote/webdriver.py:740: in find_element\n    return self.execute(Command.FIND_ELEMENT, {\"using\": by, \"value\": value})[\"value\"]\n/usr/local/lib/python3.11/site-packages/selenium/webdriver/remote/webdriver.py:346: in execute\n    self.error_handler.check_response(response)\n_ _ _ _ _ _ _ _ _ _ _ _ _ _ _ _ _ _ _ _ _ _ _ _ _ _ _ _ _ _ _ _ _ _ _ _ _ _ _ _ \n\nself = <selenium.webdriver.remote.errorhandler.ErrorHandler object at 0x7fbddd52ac90>\nresponse = {'status': 404, 'value': '{\"value\":{\"error\":\"no such element\",\"message\":\"no such element: Unable to locate element: {\\...\\\\n#16 0x560050a0d1f7 \\\\u003Cunknown>\\\\n#17 0x560050a1eed4 \\\\u003Cunknown>\\\\n#18 0x7efed9aa8044 \\\\u003Cunknown>\\\\n\"}}'}\n\n    def check_response(self, response: Dict[str, Any]) -> None:\n        \"\"\"Checks that a JSON response from the WebDriver does not have an\n        error.\n    \n        :Args:\n         - response - The JSON response from the WebDriver server as a dictionary\n           object.\n    \n        :Raises: If the response contains an error message.\n        \"\"\"\n        status = response.get(\"status\", None)\n        if not status or status == ErrorCode.SUCCESS:\n            return\n        value = None\n        message = response.get(\"message\", \"\")\n        screen: str = response.get(\"screen\", \"\")\n        stacktrace = None\n        if isinstance(status, int):\n            value_json = response.get(\"value\", None)\n            if value_json and isinstance(value_json, str):\n                import json\n    \n                try:\n                    value = json.loads(value_json)\n                    if len(value) == 1:\n                        value = value[\"value\"]\n                    status = value.get(\"error\", None)\n                    if not status:\n                        status = value.get(\"status\", ErrorCode.UNKNOWN_ERROR)\n                        message = value.get(\"value\") or value.get(\"message\")\n                        if not isinstance(message, str):\n                            value = message\n                            message = message.get(\"message\")\n                    else:\n                        message = value.get(\"message\", None)\n                except ValueError:\n                    pass\n    \n        exception_class: Type[WebDriverException]\n        if status in ErrorCode.NO_SUCH_ELEMENT:\n            exception_class = NoSuchElementException\n        elif status in ErrorCode.NO_SUCH_FRAME:\n            exception_class = NoSuchFrameException\n        elif status in ErrorCode.NO_SUCH_SHADOW_ROOT:\n            exception_class = NoSuchShadowRootException\n        elif status in ErrorCode.NO_SUCH_WINDOW:\n            exception_class = NoSuchWindowException\n        elif status in ErrorCode.STALE_ELEMENT_REFERENCE:\n            exception_class = StaleElementReferenceException\n        elif status in ErrorCode.ELEMENT_NOT_VISIBLE:\n            exception_class = ElementNotVisibleException\n        elif status in ErrorCode.INVALID_ELEMENT_STATE:\n            exception_class = InvalidElementStateException\n        elif (\n            status in ErrorCode.INVALID_SELECTOR\n            or status in ErrorCode.INVALID_XPATH_SELECTOR\n            or status in ErrorCode.INVALID_XPATH_SELECTOR_RETURN_TYPER\n        ):\n            exception_class = InvalidSelectorException\n        elif status in ErrorCode.ELEMENT_IS_NOT_SELECTABLE:\n            exception_class = ElementNotSelectableException\n        elif status in ErrorCode.ELEMENT_NOT_INTERACTABLE:\n            exception_class = ElementNotInteractableException\n        elif status in ErrorCode.INVALID_COOKIE_DOMAIN:\n            exception_class = InvalidCookieDomainException\n        elif status in ErrorCode.UNABLE_TO_SET_COOKIE:\n            exception_class = UnableToSetCookieException\n        elif status in ErrorCode.TIMEOUT:\n            exception_class = TimeoutException\n        elif status in ErrorCode.SCRIPT_TIMEOUT:\n            exception_class = TimeoutException\n        elif status in ErrorCode.UNKNOWN_ERROR:\n            exception_class = WebDriverException\n        elif status in ErrorCode.UNEXPECTED_ALERT_OPEN:\n            exception_class = UnexpectedAlertPresentException\n        elif status in ErrorCode.NO_ALERT_OPEN:\n            exception_class = NoAlertPresentException\n        elif status in ErrorCode.IME_NOT_AVAILABLE:\n            exception_class = ImeNotAvailableException\n        elif status in ErrorCode.IME_ENGINE_ACTIVATION_FAILED:\n            exception_class = ImeActivationFailedException\n        elif status in ErrorCode.MOVE_TARGET_OUT_OF_BOUNDS:\n            exception_class = MoveTargetOutOfBoundsException\n        elif status in ErrorCode.JAVASCRIPT_ERROR:\n            exception_class = JavascriptException\n        elif status in ErrorCode.SESSION_NOT_CREATED:\n            exception_class = SessionNotCreatedException\n        elif status in ErrorCode.INVALID_ARGUMENT:\n            exception_class = InvalidArgumentException\n        elif status in ErrorCode.NO_SUCH_COOKIE:\n            exception_class = NoSuchCookieException\n        elif status in ErrorCode.UNABLE_TO_CAPTURE_SCREEN:\n            exception_class = ScreenshotException\n        elif status in ErrorCode.ELEMENT_CLICK_INTERCEPTED:\n            exception_class = ElementClickInterceptedException\n        elif status in ErrorCode.INSECURE_CERTIFICATE:\n            exception_class = InsecureCertificateException\n        elif status in ErrorCode.INVALID_COORDINATES:\n            exception_class = InvalidCoordinatesException\n        elif status in ErrorCode.INVALID_SESSION_ID:\n            exception_class = InvalidSessionIdException\n        elif status in ErrorCode.UNKNOWN_METHOD:\n            exception_class = UnknownMethodException\n        else:\n            exception_class = WebDriverException\n        if not value:\n            value = response[\"value\"]\n        if isinstance(value, str):\n            raise exception_class(value)\n        if message == \"\" and \"message\" in value:\n            message = value[\"message\"]\n    \n        screen = None  # type: ignore[assignment]\n        if \"screen\" in value:\n            screen = value[\"screen\"]\n    \n        stacktrace = None\n        st_value = value.get(\"stackTrace\") or value.get(\"stacktrace\")\n        if st_value:\n            if isinstance(st_value, str):\n                stacktrace = st_value.split(\"\\n\")\n            else:\n                stacktrace = []\n                try:\n                    for frame in st_value:\n                        line = frame.get(\"lineNumber\", \"\")\n                        file = frame.get(\"fileName\", \"<anonymous>\")\n                        if line:\n                            file = f\"{file}:{line}\"\n                        meth = frame.get(\"methodName\", \"<anonymous>\")\n                        if \"className\" in frame:\n                            meth = f\"{frame['className']}.{meth}\"\n                        msg = \"    at %s (%s)\"\n                        msg = msg % (meth, file)\n                        stacktrace.append(msg)\n                except TypeError:\n                    pass\n        if exception_class == UnexpectedAlertPresentException:\n            alert_text = None\n            if \"data\" in value:\n                alert_text = value[\"data\"].get(\"text\")\n            elif \"alert\" in value:\n                alert_text = value[\"alert\"].get(\"text\")\n            raise exception_class(message, screen, stacktrace, alert_text)  # type: ignore[call-arg]  # mypy is not smart enough here\n>       raise exception_class(message, screen, stacktrace)\nE       selenium.common.exceptions.NoSuchElementException: Message: no such element: Unable to locate element: {\"method\":\"xpath\",\"selector\":\"//div[@class='page-block articles-block']\"}\nE         (Session info: chrome-headless-shell=120.0.6099.71); For documentation on this error, please visit: https://www.selenium.dev/documentation/webdriver/troubleshooting/errors#no-such-element-exception\nE       Stacktrace:\nE       #0 0x560050a1fd33 <unknown>\nE       #1 0x5600506dcf87 <unknown>\nE       #2 0x56005072cc0e <unknown>\nE       #3 0x56005072cd11 <unknown>\nE       #4 0x560050778004 <unknown>\nE       #5 0x56005075636d <unknown>\nE       #6 0x560050775297 <unknown>\nE       #7 0x5600507560e3 <unknown>\nE       #8 0x56005071e044 <unknown>\nE       #9 0x56005071f44e <unknown>\nE       #10 0x5600509e4861 <unknown>\nE       #11 0x5600509e8785 <unknown>\nE       #12 0x5600509d2285 <unknown>\nE       #13 0x5600509e941f <unknown>\nE       #14 0x5600509b620f <unknown>\nE       #15 0x560050a0d028 <unknown>\nE       #16 0x560050a0d1f7 <unknown>\nE       #17 0x560050a1eed4 <unknown>\nE       #18 0x7efed9aa8044 <unknown>\n\n/usr/local/lib/python3.11/site-packages/selenium/webdriver/remote/errorhandler.py:245: NoSuchElementException","flaky":false,"newFailed":false,"newBroken":false,"newPassed":false,"retriesCount":0,"retriesStatusChange":false,"beforeStages":[{"name":"_session_faker","time":{"start":1702343111994,"stop":1702343112069,"duration":75},"status":"passed","steps":[],"attachments":[],"parameters":[],"shouldDisplayMessage":false,"stepsCount":0,"attachmentsCount":0,"hasContent":false,"attachmentStep":false},{"name":"clear_allure_results_folder","time":{"start":1702343112069,"stop":1702343112069,"duration":0},"status":"passed","steps":[],"attachments":[],"parameters":[],"shouldDisplayMessage":false,"stepsCount":0,"attachmentsCount":0,"hasContent":false,"attachmentStep":false},{"name":"driver","time":{"start":1702343204436,"stop":1702343205174,"duration":738},"status":"passed","steps":[],"attachments":[],"parameters":[],"shouldDisplayMessage":false,"stepsCount":0,"attachmentsCount":0,"hasContent":false,"attachmentStep":false},{"name":"setup","time":{"start":1702343205174,"stop":1702343205174,"duration":0},"status":"passed","steps":[],"attachments":[],"parameters":[],"shouldDisplayMessage":false,"stepsCount":0,"attachmentsCount":0,"hasContent":false,"attachmentStep":false},{"name":"main_page","time":{"start":1702343205175,"stop":1702343206096,"duration":921},"status":"passed","steps":[],"attachments":[],"parameters":[],"shouldDisplayMessage":false,"stepsCount":0,"attachmentsCount":0,"hasContent":false,"attachmentStep":false}],"testStage":{"status":"broken","statusMessage":"selenium.common.exceptions.NoSuchElementException: Message: no such element: Unable to locate element: {\"method\":\"xpath\",\"selector\":\"//div[@class='page-block articles-block']\"}\n  (Session info: chrome-headless-shell=120.0.6099.71); For documentation on this error, please visit: https://www.selenium.dev/documentation/webdriver/troubleshooting/errors#no-such-element-exception\nStacktrace:\n#0 0x560050a1fd33 <unknown>\n#1 0x5600506dcf87 <unknown>\n#2 0x56005072cc0e <unknown>\n#3 0x56005072cd11 <unknown>\n#4 0x560050778004 <unknown>\n#5 0x56005075636d <unknown>\n#6 0x560050775297 <unknown>\n#7 0x5600507560e3 <unknown>\n#8 0x56005071e044 <unknown>\n#9 0x56005071f44e <unknown>\n#10 0x5600509e4861 <unknown>\n#11 0x5600509e8785 <unknown>\n#12 0x5600509d2285 <unknown>\n#13 0x5600509e941f <unknown>\n#14 0x5600509b620f <unknown>\n#15 0x560050a0d028 <unknown>\n#16 0x560050a0d1f7 <unknown>\n#17 0x560050a1eed4 <unknown>\n#18 0x7efed9aa8044 <unknown>","statusTrace":"self = <tests.test_main_page.TestMainPage object at 0x7fbdddaeadd0>\nmain_page = <pages.main_page.MainPage object at 0x7fbddea36490>\n\n    @allure.title(\"TC 005 - Функционал блока 'Советы от профессионалов ремонта'\")\n    @pytest.mark.smoke_test\n    def test_positive_building_advices2_smoke(self, main_page):\n>       items = main_page.get_building_advices_section()\n\ntests/test_main_page.py:55: \n_ _ _ _ _ _ _ _ _ _ _ _ _ _ _ _ _ _ _ _ _ _ _ _ _ _ _ _ _ _ _ _ _ _ _ _ _ _ _ _ \npages/main_page.py:78: in get_building_advices_section\n    section = self.driver.find_element(*self._building_advices_section)\n/usr/local/lib/python3.11/site-packages/selenium/webdriver/remote/webdriver.py:740: in find_element\n    return self.execute(Command.FIND_ELEMENT, {\"using\": by, \"value\": value})[\"value\"]\n/usr/local/lib/python3.11/site-packages/selenium/webdriver/remote/webdriver.py:346: in execute\n    self.error_handler.check_response(response)\n_ _ _ _ _ _ _ _ _ _ _ _ _ _ _ _ _ _ _ _ _ _ _ _ _ _ _ _ _ _ _ _ _ _ _ _ _ _ _ _ \n\nself = <selenium.webdriver.remote.errorhandler.ErrorHandler object at 0x7fbddd52ac90>\nresponse = {'status': 404, 'value': '{\"value\":{\"error\":\"no such element\",\"message\":\"no such element: Unable to locate element: {\\...\\\\n#16 0x560050a0d1f7 \\\\u003Cunknown>\\\\n#17 0x560050a1eed4 \\\\u003Cunknown>\\\\n#18 0x7efed9aa8044 \\\\u003Cunknown>\\\\n\"}}'}\n\n    def check_response(self, response: Dict[str, Any]) -> None:\n        \"\"\"Checks that a JSON response from the WebDriver does not have an\n        error.\n    \n        :Args:\n         - response - The JSON response from the WebDriver server as a dictionary\n           object.\n    \n        :Raises: If the response contains an error message.\n        \"\"\"\n        status = response.get(\"status\", None)\n        if not status or status == ErrorCode.SUCCESS:\n            return\n        value = None\n        message = response.get(\"message\", \"\")\n        screen: str = response.get(\"screen\", \"\")\n        stacktrace = None\n        if isinstance(status, int):\n            value_json = response.get(\"value\", None)\n            if value_json and isinstance(value_json, str):\n                import json\n    \n                try:\n                    value = json.loads(value_json)\n                    if len(value) == 1:\n                        value = value[\"value\"]\n                    status = value.get(\"error\", None)\n                    if not status:\n                        status = value.get(\"status\", ErrorCode.UNKNOWN_ERROR)\n                        message = value.get(\"value\") or value.get(\"message\")\n                        if not isinstance(message, str):\n                            value = message\n                            message = message.get(\"message\")\n                    else:\n                        message = value.get(\"message\", None)\n                except ValueError:\n                    pass\n    \n        exception_class: Type[WebDriverException]\n        if status in ErrorCode.NO_SUCH_ELEMENT:\n            exception_class = NoSuchElementException\n        elif status in ErrorCode.NO_SUCH_FRAME:\n            exception_class = NoSuchFrameException\n        elif status in ErrorCode.NO_SUCH_SHADOW_ROOT:\n            exception_class = NoSuchShadowRootException\n        elif status in ErrorCode.NO_SUCH_WINDOW:\n            exception_class = NoSuchWindowException\n        elif status in ErrorCode.STALE_ELEMENT_REFERENCE:\n            exception_class = StaleElementReferenceException\n        elif status in ErrorCode.ELEMENT_NOT_VISIBLE:\n            exception_class = ElementNotVisibleException\n        elif status in ErrorCode.INVALID_ELEMENT_STATE:\n            exception_class = InvalidElementStateException\n        elif (\n            status in ErrorCode.INVALID_SELECTOR\n            or status in ErrorCode.INVALID_XPATH_SELECTOR\n            or status in ErrorCode.INVALID_XPATH_SELECTOR_RETURN_TYPER\n        ):\n            exception_class = InvalidSelectorException\n        elif status in ErrorCode.ELEMENT_IS_NOT_SELECTABLE:\n            exception_class = ElementNotSelectableException\n        elif status in ErrorCode.ELEMENT_NOT_INTERACTABLE:\n            exception_class = ElementNotInteractableException\n        elif status in ErrorCode.INVALID_COOKIE_DOMAIN:\n            exception_class = InvalidCookieDomainException\n        elif status in ErrorCode.UNABLE_TO_SET_COOKIE:\n            exception_class = UnableToSetCookieException\n        elif status in ErrorCode.TIMEOUT:\n            exception_class = TimeoutException\n        elif status in ErrorCode.SCRIPT_TIMEOUT:\n            exception_class = TimeoutException\n        elif status in ErrorCode.UNKNOWN_ERROR:\n            exception_class = WebDriverException\n        elif status in ErrorCode.UNEXPECTED_ALERT_OPEN:\n            exception_class = UnexpectedAlertPresentException\n        elif status in ErrorCode.NO_ALERT_OPEN:\n            exception_class = NoAlertPresentException\n        elif status in ErrorCode.IME_NOT_AVAILABLE:\n            exception_class = ImeNotAvailableException\n        elif status in ErrorCode.IME_ENGINE_ACTIVATION_FAILED:\n            exception_class = ImeActivationFailedException\n        elif status in ErrorCode.MOVE_TARGET_OUT_OF_BOUNDS:\n            exception_class = MoveTargetOutOfBoundsException\n        elif status in ErrorCode.JAVASCRIPT_ERROR:\n            exception_class = JavascriptException\n        elif status in ErrorCode.SESSION_NOT_CREATED:\n            exception_class = SessionNotCreatedException\n        elif status in ErrorCode.INVALID_ARGUMENT:\n            exception_class = InvalidArgumentException\n        elif status in ErrorCode.NO_SUCH_COOKIE:\n            exception_class = NoSuchCookieException\n        elif status in ErrorCode.UNABLE_TO_CAPTURE_SCREEN:\n            exception_class = ScreenshotException\n        elif status in ErrorCode.ELEMENT_CLICK_INTERCEPTED:\n            exception_class = ElementClickInterceptedException\n        elif status in ErrorCode.INSECURE_CERTIFICATE:\n            exception_class = InsecureCertificateException\n        elif status in ErrorCode.INVALID_COORDINATES:\n            exception_class = InvalidCoordinatesException\n        elif status in ErrorCode.INVALID_SESSION_ID:\n            exception_class = InvalidSessionIdException\n        elif status in ErrorCode.UNKNOWN_METHOD:\n            exception_class = UnknownMethodException\n        else:\n            exception_class = WebDriverException\n        if not value:\n            value = response[\"value\"]\n        if isinstance(value, str):\n            raise exception_class(value)\n        if message == \"\" and \"message\" in value:\n            message = value[\"message\"]\n    \n        screen = None  # type: ignore[assignment]\n        if \"screen\" in value:\n            screen = value[\"screen\"]\n    \n        stacktrace = None\n        st_value = value.get(\"stackTrace\") or value.get(\"stacktrace\")\n        if st_value:\n            if isinstance(st_value, str):\n                stacktrace = st_value.split(\"\\n\")\n            else:\n                stacktrace = []\n                try:\n                    for frame in st_value:\n                        line = frame.get(\"lineNumber\", \"\")\n                        file = frame.get(\"fileName\", \"<anonymous>\")\n                        if line:\n                            file = f\"{file}:{line}\"\n                        meth = frame.get(\"methodName\", \"<anonymous>\")\n                        if \"className\" in frame:\n                            meth = f\"{frame['className']}.{meth}\"\n                        msg = \"    at %s (%s)\"\n                        msg = msg % (meth, file)\n                        stacktrace.append(msg)\n                except TypeError:\n                    pass\n        if exception_class == UnexpectedAlertPresentException:\n            alert_text = None\n            if \"data\" in value:\n                alert_text = value[\"data\"].get(\"text\")\n            elif \"alert\" in value:\n                alert_text = value[\"alert\"].get(\"text\")\n            raise exception_class(message, screen, stacktrace, alert_text)  # type: ignore[call-arg]  # mypy is not smart enough here\n>       raise exception_class(message, screen, stacktrace)\nE       selenium.common.exceptions.NoSuchElementException: Message: no such element: Unable to locate element: {\"method\":\"xpath\",\"selector\":\"//div[@class='page-block articles-block']\"}\nE         (Session info: chrome-headless-shell=120.0.6099.71); For documentation on this error, please visit: https://www.selenium.dev/documentation/webdriver/troubleshooting/errors#no-such-element-exception\nE       Stacktrace:\nE       #0 0x560050a1fd33 <unknown>\nE       #1 0x5600506dcf87 <unknown>\nE       #2 0x56005072cc0e <unknown>\nE       #3 0x56005072cd11 <unknown>\nE       #4 0x560050778004 <unknown>\nE       #5 0x56005075636d <unknown>\nE       #6 0x560050775297 <unknown>\nE       #7 0x5600507560e3 <unknown>\nE       #8 0x56005071e044 <unknown>\nE       #9 0x56005071f44e <unknown>\nE       #10 0x5600509e4861 <unknown>\nE       #11 0x5600509e8785 <unknown>\nE       #12 0x5600509d2285 <unknown>\nE       #13 0x5600509e941f <unknown>\nE       #14 0x5600509b620f <unknown>\nE       #15 0x560050a0d028 <unknown>\nE       #16 0x560050a0d1f7 <unknown>\nE       #17 0x560050a1eed4 <unknown>\nE       #18 0x7efed9aa8044 <unknown>\n\n/usr/local/lib/python3.11/site-packages/selenium/webdriver/remote/errorhandler.py:245: NoSuchElementException","steps":[{"name":"Проверка функциональности блока 'Советы от профессионалов ремонта'","time":{"start":1702343206097,"stop":1702343206109,"duration":12},"status":"broken","statusMessage":"selenium.common.exceptions.NoSuchElementException: Message: no such element: Unable to locate element: {\"method\":\"xpath\",\"selector\":\"//div[@class='page-block articles-block']\"}\n  (Session info: chrome-headless-shell=120.0.6099.71); For documentation on this error, please visit: https://www.selenium.dev/documentation/webdriver/troubleshooting/errors#no-such-element-exception\nStacktrace:\n#0 0x560050a1fd33 <unknown>\n#1 0x5600506dcf87 <unknown>\n#2 0x56005072cc0e <unknown>\n#3 0x56005072cd11 <unknown>\n#4 0x560050778004 <unknown>\n#5 0x56005075636d <unknown>\n#6 0x560050775297 <unknown>\n#7 0x5600507560e3 <unknown>\n#8 0x56005071e044 <unknown>\n#9 0x56005071f44e <unknown>\n#10 0x5600509e4861 <unknown>\n#11 0x5600509e8785 <unknown>\n#12 0x5600509d2285 <unknown>\n#13 0x5600509e941f <unknown>\n#14 0x5600509b620f <unknown>\n#15 0x560050a0d028 <unknown>\n#16 0x560050a0d1f7 <unknown>\n#17 0x560050a1eed4 <unknown>\n#18 0x7efed9aa8044 <unknown>\n\n","statusTrace":"  File \"/usr/local/lib/python3.11/site-packages/allure_commons/_allure.py\", line 192, in impl\n    return func(*a, **kw)\n           ^^^^^^^^^^^^^^\n  File \"/app/pages/main_page.py\", line 78, in get_building_advices_section\n    section = self.driver.find_element(*self._building_advices_section)\n              ^^^^^^^^^^^^^^^^^^^^^^^^^^^^^^^^^^^^^^^^^^^^^^^^^^^^^^^^^\n  File \"/usr/local/lib/python3.11/site-packages/selenium/webdriver/remote/webdriver.py\", line 740, in find_element\n    return self.execute(Command.FIND_ELEMENT, {\"using\": by, \"value\": value})[\"value\"]\n           ^^^^^^^^^^^^^^^^^^^^^^^^^^^^^^^^^^^^^^^^^^^^^^^^^^^^^^^^^^^^^^^^^\n  File \"/usr/local/lib/python3.11/site-packages/selenium/webdriver/remote/webdriver.py\", line 346, in execute\n    self.error_handler.check_response(response)\n  File \"/usr/local/lib/python3.11/site-packages/selenium/webdriver/remote/errorhandler.py\", line 245, in check_response\n    raise exception_class(message, screen, stacktrace)\n","steps":[],"attachments":[],"parameters":[],"shouldDisplayMessage":true,"stepsCount":0,"attachmentsCount":0,"hasContent":true,"attachmentStep":false}],"attachments":[{"uid":"cb276605f5950796","name":"Screenshot","source":"cb276605f5950796.png","type":"image/png","size":39106},{"uid":"518ca93170451420","name":"HTML source","source":"518ca93170451420.html","type":"text/html","size":538}],"parameters":[],"shouldDisplayMessage":true,"stepsCount":1,"attachmentsCount":2,"hasContent":true,"attachmentStep":false},"afterStages":[{"name":"setup::0","time":{"start":1702343206223,"stop":1702343206224,"duration":1},"status":"passed","steps":[],"attachments":[],"parameters":[],"shouldDisplayMessage":false,"stepsCount":0,"attachmentsCount":0,"hasContent":false,"attachmentStep":false},{"name":"driver::0","time":{"start":1702343206224,"stop":1702343206280,"duration":56},"status":"passed","steps":[],"attachments":[],"parameters":[],"shouldDisplayMessage":false,"stepsCount":0,"attachmentsCount":0,"hasContent":false,"attachmentStep":false}],"labels":[{"name":"epic","value":"Main Page"},{"name":"tag","value":"smoke_test"},{"name":"parentSuite","value":"tests"},{"name":"suite","value":"test_main_page"},{"name":"subSuite","value":"TestMainPage"},{"name":"host","value":"486d12dbba86"},{"name":"thread","value":"1-MainThread"},{"name":"framework","value":"pytest"},{"name":"language","value":"cpython3"},{"name":"package","value":"tests.test_main_page"},{"name":"resultFormat","value":"allure2"}],"parameters":[{"name":"url","value":"'https://test2.stroyrem-nn.ru/'"}],"links":[],"hidden":false,"retry":false,"extra":{"severity":"normal","retries":[],"categories":[{"name":"Test defects","matchedStatuses":[],"flaky":false}],"history":{"statistic":{"failed":0,"broken":89,"skipped":0,"passed":36,"unknown":0,"total":125},"items":[{"uid":"d9cd1264bf848108","reportUrl":"https://zaelcovsky.github.io/StroyremAutomation/167//#testresult/d9cd1264bf848108","status":"broken","statusDetails":"selenium.common.exceptions.NoSuchElementException: Message: no such element: Unable to locate element: {\"method\":\"xpath\",\"selector\":\"//div[@class='page-block articles-block']\"}\n  (Session info: chrome-headless-shell=120.0.6099.71); For documentation on this error, please visit: https://www.selenium.dev/documentation/webdriver/troubleshooting/errors#no-such-element-exception\nStacktrace:\n#0 0x5603f3221d33 <unknown>\n#1 0x5603f2edef87 <unknown>\n#2 0x5603f2f2ec0e <unknown>\n#3 0x5603f2f2ed11 <unknown>\n#4 0x5603f2f7a004 <unknown>\n#5 0x5603f2f5836d <unknown>\n#6 0x5603f2f77297 <unknown>\n#7 0x5603f2f580e3 <unknown>\n#8 0x5603f2f20044 <unknown>\n#9 0x5603f2f2144e <unknown>\n#10 0x5603f31e6861 <unknown>\n#11 0x5603f31ea785 <unknown>\n#12 0x5603f31d4285 <unknown>\n#13 0x5603f31eb41f <unknown>\n#14 0x5603f31b820f <unknown>\n#15 0x5603f320f028 <unknown>\n#16 0x5603f320f1f7 <unknown>\n#17 0x5603f3220ed4 <unknown>\n#18 0x7f5fc8ba3044 <unknown>","time":{"start":1702256822795,"stop":1702256822809,"duration":14}},{"uid":"a0b5944bf706d700","reportUrl":"https://zaelcovsky.github.io/StroyremAutomation/166//#testresult/a0b5944bf706d700","status":"broken","statusDetails":"selenium.common.exceptions.NoSuchElementException: Message: no such element: Unable to locate element: {\"method\":\"xpath\",\"selector\":\"//div[@class='page-block articles-block']\"}\n  (Session info: chrome-headless-shell=120.0.6099.71); For documentation on this error, please visit: https://www.selenium.dev/documentation/webdriver/troubleshooting/errors#no-such-element-exception\nStacktrace:\n#0 0x563936ad4d33 <unknown>\n#1 0x563936791f87 <unknown>\n#2 0x5639367e1c0e <unknown>\n#3 0x5639367e1d11 <unknown>\n#4 0x56393682d004 <unknown>\n#5 0x56393680b36d <unknown>\n#6 0x56393682a297 <unknown>\n#7 0x56393680b0e3 <unknown>\n#8 0x5639367d3044 <unknown>\n#9 0x5639367d444e <unknown>\n#10 0x563936a99861 <unknown>\n#11 0x563936a9d785 <unknown>\n#12 0x563936a87285 <unknown>\n#13 0x563936a9e41f <unknown>\n#14 0x563936a6b20f <unknown>\n#15 0x563936ac2028 <unknown>\n#16 0x563936ac21f7 <unknown>\n#17 0x563936ad3ed4 <unknown>\n#18 0x7fd7de7e9044 <unknown>","time":{"start":1702170593784,"stop":1702170593797,"duration":13}},{"uid":"607b803f41e60137","reportUrl":"https://zaelcovsky.github.io/StroyremAutomation/165//#testresult/607b803f41e60137","status":"broken","statusDetails":"selenium.common.exceptions.NoSuchElementException: Message: no such element: Unable to locate element: {\"method\":\"xpath\",\"selector\":\"//div[@class='page-block articles-block']\"}\n  (Session info: chrome-headless-shell=120.0.6099.71); For documentation on this error, please visit: https://www.selenium.dev/documentation/webdriver/troubleshooting/errors#no-such-element-exception\nStacktrace:\n#0 0x55e1bfc52d33 <unknown>\n#1 0x55e1bf90ff87 <unknown>\n#2 0x55e1bf95fc0e <unknown>\n#3 0x55e1bf95fd11 <unknown>\n#4 0x55e1bf9ab004 <unknown>\n#5 0x55e1bf98936d <unknown>\n#6 0x55e1bf9a8297 <unknown>\n#7 0x55e1bf9890e3 <unknown>\n#8 0x55e1bf951044 <unknown>\n#9 0x55e1bf95244e <unknown>\n#10 0x55e1bfc17861 <unknown>\n#11 0x55e1bfc1b785 <unknown>\n#12 0x55e1bfc05285 <unknown>\n#13 0x55e1bfc1c41f <unknown>\n#14 0x55e1bfbe920f <unknown>\n#15 0x55e1bfc40028 <unknown>\n#16 0x55e1bfc401f7 <unknown>\n#17 0x55e1bfc51ed4 <unknown>\n#18 0x7ff952242044 <unknown>","time":{"start":1702083861910,"stop":1702083861922,"duration":12}},{"uid":"b39e668a64572f24","reportUrl":"https://zaelcovsky.github.io/StroyremAutomation/164//#testresult/b39e668a64572f24","status":"broken","statusDetails":"selenium.common.exceptions.NoSuchElementException: Message: no such element: Unable to locate element: {\"method\":\"xpath\",\"selector\":\"//div[@class='page-block articles-block']\"}\n  (Session info: chrome-headless-shell=120.0.6099.71); For documentation on this error, please visit: https://www.selenium.dev/documentation/webdriver/troubleshooting/errors#no-such-element-exception\nStacktrace:\n#0 0x560d14807d33 <unknown>\n#1 0x560d144c4f87 <unknown>\n#2 0x560d14514c0e <unknown>\n#3 0x560d14514d11 <unknown>\n#4 0x560d14560004 <unknown>\n#5 0x560d1453e36d <unknown>\n#6 0x560d1455d297 <unknown>\n#7 0x560d1453e0e3 <unknown>\n#8 0x560d14506044 <unknown>\n#9 0x560d1450744e <unknown>\n#10 0x560d147cc861 <unknown>\n#11 0x560d147d0785 <unknown>\n#12 0x560d147ba285 <unknown>\n#13 0x560d147d141f <unknown>\n#14 0x560d1479e20f <unknown>\n#15 0x560d147f5028 <unknown>\n#16 0x560d147f51f7 <unknown>\n#17 0x560d14806ed4 <unknown>\n#18 0x7fc44ed4c044 <unknown>","time":{"start":1701997599458,"stop":1701997599470,"duration":12}},{"uid":"3279b1fa42c2c1ea","reportUrl":"https://zaelcovsky.github.io/StroyremAutomation/163//#testresult/3279b1fa42c2c1ea","status":"broken","statusDetails":"selenium.common.exceptions.NoSuchElementException: Message: no such element: Unable to locate element: {\"method\":\"xpath\",\"selector\":\"//div[@class='page-block articles-block']\"}\n  (Session info: chrome-headless-shell=120.0.6099.71); For documentation on this error, please visit: https://www.selenium.dev/documentation/webdriver/troubleshooting/errors#no-such-element-exception\nStacktrace:\n#0 0x56429de7bd33 <unknown>\n#1 0x56429db38f87 <unknown>\n#2 0x56429db88c0e <unknown>\n#3 0x56429db88d11 <unknown>\n#4 0x56429dbd4004 <unknown>\n#5 0x56429dbb236d <unknown>\n#6 0x56429dbd1297 <unknown>\n#7 0x56429dbb20e3 <unknown>\n#8 0x56429db7a044 <unknown>\n#9 0x56429db7b44e <unknown>\n#10 0x56429de40861 <unknown>\n#11 0x56429de44785 <unknown>\n#12 0x56429de2e285 <unknown>\n#13 0x56429de4541f <unknown>\n#14 0x56429de1220f <unknown>\n#15 0x56429de69028 <unknown>\n#16 0x56429de691f7 <unknown>\n#17 0x56429de7aed4 <unknown>\n#18 0x7fe58fb51044 <unknown>","time":{"start":1701911180702,"stop":1701911180715,"duration":13}},{"uid":"7e9a8bca27abe761","reportUrl":"https://zaelcovsky.github.io/StroyremAutomation/162//#testresult/7e9a8bca27abe761","status":"broken","statusDetails":"selenium.common.exceptions.NoSuchElementException: Message: no such element: Unable to locate element: {\"method\":\"xpath\",\"selector\":\"//div[@class='page-block articles-block']\"}\n  (Session info: chrome-headless-shell=120.0.6099.62); For documentation on this error, please visit: https://www.selenium.dev/documentation/webdriver/troubleshooting/errors#no-such-element-exception\nStacktrace:\n#0 0x5570a9bbadc3 <unknown>\n#1 0x5570a9877f87 <unknown>\n#2 0x5570a98c7c0e <unknown>\n#3 0x5570a98c7d11 <unknown>\n#4 0x5570a9913004 <unknown>\n#5 0x5570a98f136d <unknown>\n#6 0x5570a9910297 <unknown>\n#7 0x5570a98f10e3 <unknown>\n#8 0x5570a98b9044 <unknown>\n#9 0x5570a98ba44e <unknown>\n#10 0x5570a9b7f8f1 <unknown>\n#11 0x5570a9b83815 <unknown>\n#12 0x5570a9b6d315 <unknown>\n#13 0x5570a9b844af <unknown>\n#14 0x5570a9b5129f <unknown>\n#15 0x5570a9ba80b8 <unknown>\n#16 0x5570a9ba8287 <unknown>\n#17 0x5570a9bb9f64 <unknown>\n#18 0x7f03f8b4f044 <unknown>","time":{"start":1701824797561,"stop":1701824797575,"duration":14}},{"uid":"c07a54a138b31359","reportUrl":"https://zaelcovsky.github.io/StroyremAutomation/161//#testresult/c07a54a138b31359","status":"broken","statusDetails":"selenium.common.exceptions.NoSuchElementException: Message: no such element: Unable to locate element: {\"method\":\"xpath\",\"selector\":\"//div[@class='page-block articles-block']\"}\n  (Session info: headless chrome=119.0.6045.105); For documentation on this error, please visit: https://www.selenium.dev/documentation/webdriver/troubleshooting/errors#no-such-element-exception\nStacktrace:\n#0 0x5653bc9495e3 <unknown>\n#1 0x5653bc60c0b7 <unknown>\n#2 0x5653bc659f53 <unknown>\n#3 0x5653bc65a051 <unknown>\n#4 0x5653bc69f9c4 <unknown>\n#5 0x5653bc680f1d <unknown>\n#6 0x5653bc69cb3d <unknown>\n#7 0x5653bc680cc3 <unknown>\n#8 0x5653bc64c0e4 <unknown>\n#9 0x5653bc64d0ae <unknown>\n#10 0x5653bc90fce1 <unknown>\n#11 0x5653bc913b7e <unknown>\n#12 0x5653bc8fd4b5 <unknown>\n#13 0x5653bc9147d6 <unknown>\n#14 0x5653bc8e0dbf <unknown>\n#15 0x5653bc937748 <unknown>\n#16 0x5653bc937917 <unknown>\n#17 0x5653bc948773 <unknown>\n#18 0x7f82e5c89044 <unknown>","time":{"start":1701738374340,"stop":1701738374352,"duration":12}},{"uid":"f8ce26fa31d8fa12","reportUrl":"https://zaelcovsky.github.io/StroyremAutomation/160//#testresult/f8ce26fa31d8fa12","status":"broken","statusDetails":"selenium.common.exceptions.NoSuchElementException: Message: no such element: Unable to locate element: {\"method\":\"xpath\",\"selector\":\"//div[@class='page-block articles-block']\"}\n  (Session info: headless chrome=119.0.6045.105); For documentation on this error, please visit: https://www.selenium.dev/documentation/webdriver/troubleshooting/errors#no-such-element-exception\nStacktrace:\n#0 0x5647675ea5e3 <unknown>\n#1 0x5647672ad0b7 <unknown>\n#2 0x5647672faf53 <unknown>\n#3 0x5647672fb051 <unknown>\n#4 0x5647673409c4 <unknown>\n#5 0x564767321f1d <unknown>\n#6 0x56476733db3d <unknown>\n#7 0x564767321cc3 <unknown>\n#8 0x5647672ed0e4 <unknown>\n#9 0x5647672ee0ae <unknown>\n#10 0x5647675b0ce1 <unknown>\n#11 0x5647675b4b7e <unknown>\n#12 0x56476759e4b5 <unknown>\n#13 0x5647675b57d6 <unknown>\n#14 0x564767581dbf <unknown>\n#15 0x5647675d8748 <unknown>\n#16 0x5647675d8917 <unknown>\n#17 0x5647675e9773 <unknown>\n#18 0x7f3fb700a044 <unknown>","time":{"start":1701651984820,"stop":1701651984834,"duration":14}},{"uid":"87a732b420c62aa1","reportUrl":"https://zaelcovsky.github.io/StroyremAutomation/159//#testresult/87a732b420c62aa1","status":"broken","statusDetails":"selenium.common.exceptions.NoSuchElementException: Message: no such element: Unable to locate element: {\"method\":\"xpath\",\"selector\":\"//div[@class='page-block articles-block']\"}\n  (Session info: headless chrome=119.0.6045.105); For documentation on this error, please visit: https://www.selenium.dev/documentation/webdriver/troubleshooting/errors#no-such-element-exception\nStacktrace:\n#0 0x56427e2225e3 <unknown>\n#1 0x56427dee50b7 <unknown>\n#2 0x56427df32f53 <unknown>\n#3 0x56427df33051 <unknown>\n#4 0x56427df789c4 <unknown>\n#5 0x56427df59f1d <unknown>\n#6 0x56427df75b3d <unknown>\n#7 0x56427df59cc3 <unknown>\n#8 0x56427df250e4 <unknown>\n#9 0x56427df260ae <unknown>\n#10 0x56427e1e8ce1 <unknown>\n#11 0x56427e1ecb7e <unknown>\n#12 0x56427e1d64b5 <unknown>\n#13 0x56427e1ed7d6 <unknown>\n#14 0x56427e1b9dbf <unknown>\n#15 0x56427e210748 <unknown>\n#16 0x56427e210917 <unknown>\n#17 0x56427e221773 <unknown>\n#18 0x7f534b7aa044 <unknown>","time":{"start":1701565756916,"stop":1701565756929,"duration":13}},{"uid":"8f1588277a93a4e5","reportUrl":"https://zaelcovsky.github.io/StroyremAutomation/158//#testresult/8f1588277a93a4e5","status":"broken","statusDetails":"selenium.common.exceptions.NoSuchElementException: Message: no such element: Unable to locate element: {\"method\":\"xpath\",\"selector\":\"//div[@class='page-block articles-block']\"}\n  (Session info: headless chrome=119.0.6045.105); For documentation on this error, please visit: https://www.selenium.dev/documentation/webdriver/troubleshooting/errors#no-such-element-exception\nStacktrace:\n#0 0x55cd3f35a5e3 <unknown>\n#1 0x55cd3f01d0b7 <unknown>\n#2 0x55cd3f06af53 <unknown>\n#3 0x55cd3f06b051 <unknown>\n#4 0x55cd3f0b09c4 <unknown>\n#5 0x55cd3f091f1d <unknown>\n#6 0x55cd3f0adb3d <unknown>\n#7 0x55cd3f091cc3 <unknown>\n#8 0x55cd3f05d0e4 <unknown>\n#9 0x55cd3f05e0ae <unknown>\n#10 0x55cd3f320ce1 <unknown>\n#11 0x55cd3f324b7e <unknown>\n#12 0x55cd3f30e4b5 <unknown>\n#13 0x55cd3f3257d6 <unknown>\n#14 0x55cd3f2f1dbf <unknown>\n#15 0x55cd3f348748 <unknown>\n#16 0x55cd3f348917 <unknown>\n#17 0x55cd3f359773 <unknown>\n#18 0x7f59febf7044 <unknown>","time":{"start":1701479019102,"stop":1701479019119,"duration":17}},{"uid":"d145bef85e21d366","reportUrl":"https://zaelcovsky.github.io/StroyremAutomation/157//#testresult/d145bef85e21d366","status":"broken","statusDetails":"selenium.common.exceptions.NoSuchElementException: Message: no such element: Unable to locate element: {\"method\":\"xpath\",\"selector\":\"//div[@class='page-block articles-block']\"}\n  (Session info: headless chrome=119.0.6045.105); For documentation on this error, please visit: https://www.selenium.dev/documentation/webdriver/troubleshooting/errors#no-such-element-exception\nStacktrace:\n#0 0x55dcb844b5e3 <unknown>\n#1 0x55dcb810e0b7 <unknown>\n#2 0x55dcb815bf53 <unknown>\n#3 0x55dcb815c051 <unknown>\n#4 0x55dcb81a19c4 <unknown>\n#5 0x55dcb8182f1d <unknown>\n#6 0x55dcb819eb3d <unknown>\n#7 0x55dcb8182cc3 <unknown>\n#8 0x55dcb814e0e4 <unknown>\n#9 0x55dcb814f0ae <unknown>\n#10 0x55dcb8411ce1 <unknown>\n#11 0x55dcb8415b7e <unknown>\n#12 0x55dcb83ff4b5 <unknown>\n#13 0x55dcb84167d6 <unknown>\n#14 0x55dcb83e2dbf <unknown>\n#15 0x55dcb8439748 <unknown>\n#16 0x55dcb8439917 <unknown>\n#17 0x55dcb844a773 <unknown>\n#18 0x7f8921a6f044 <unknown>","time":{"start":1701393101165,"stop":1701393101179,"duration":14}},{"uid":"1f5555a6a28e5759","reportUrl":"https://zaelcovsky.github.io/StroyremAutomation/156//#testresult/1f5555a6a28e5759","status":"broken","statusDetails":"selenium.common.exceptions.NoSuchElementException: Message: no such element: Unable to locate element: {\"method\":\"xpath\",\"selector\":\"//div[@class='page-block articles-block']\"}\n  (Session info: headless chrome=119.0.6045.105); For documentation on this error, please visit: https://www.selenium.dev/documentation/webdriver/troubleshooting/errors#no-such-element-exception\nStacktrace:\n#0 0x55bd0dbbc5e3 <unknown>\n#1 0x55bd0d87f0b7 <unknown>\n#2 0x55bd0d8ccf53 <unknown>\n#3 0x55bd0d8cd051 <unknown>\n#4 0x55bd0d9129c4 <unknown>\n#5 0x55bd0d8f3f1d <unknown>\n#6 0x55bd0d90fb3d <unknown>\n#7 0x55bd0d8f3cc3 <unknown>\n#8 0x55bd0d8bf0e4 <unknown>\n#9 0x55bd0d8c00ae <unknown>\n#10 0x55bd0db82ce1 <unknown>\n#11 0x55bd0db86b7e <unknown>\n#12 0x55bd0db704b5 <unknown>\n#13 0x55bd0db877d6 <unknown>\n#14 0x55bd0db53dbf <unknown>\n#15 0x55bd0dbaa748 <unknown>\n#16 0x55bd0dbaa917 <unknown>\n#17 0x55bd0dbbb773 <unknown>\n#18 0x7f709a0dd044 <unknown>","time":{"start":1701306321283,"stop":1701306321296,"duration":13}},{"uid":"dfda3ce1801e3e80","reportUrl":"https://zaelcovsky.github.io/StroyremAutomation/155//#testresult/dfda3ce1801e3e80","status":"broken","statusDetails":"selenium.common.exceptions.NoSuchElementException: Message: no such element: Unable to locate element: {\"method\":\"xpath\",\"selector\":\"//div[@class='page-block articles-block']\"}\n  (Session info: headless chrome=119.0.6045.105); For documentation on this error, please visit: https://www.selenium.dev/documentation/webdriver/troubleshooting/errors#no-such-element-exception\nStacktrace:\n#0 0x5621a0a145e3 <unknown>\n#1 0x5621a06d70b7 <unknown>\n#2 0x5621a0724f53 <unknown>\n#3 0x5621a0725051 <unknown>\n#4 0x5621a076a9c4 <unknown>\n#5 0x5621a074bf1d <unknown>\n#6 0x5621a0767b3d <unknown>\n#7 0x5621a074bcc3 <unknown>\n#8 0x5621a07170e4 <unknown>\n#9 0x5621a07180ae <unknown>\n#10 0x5621a09dace1 <unknown>\n#11 0x5621a09deb7e <unknown>\n#12 0x5621a09c84b5 <unknown>\n#13 0x5621a09df7d6 <unknown>\n#14 0x5621a09abdbf <unknown>\n#15 0x5621a0a02748 <unknown>\n#16 0x5621a0a02917 <unknown>\n#17 0x5621a0a13773 <unknown>\n#18 0x7f3bd533e044 <unknown>","time":{"start":1701219969314,"stop":1701219969327,"duration":13}},{"uid":"8afe03189082a4ee","reportUrl":"https://zaelcovsky.github.io/StroyremAutomation/154//#testresult/8afe03189082a4ee","status":"broken","statusDetails":"selenium.common.exceptions.NoSuchElementException: Message: no such element: Unable to locate element: {\"method\":\"xpath\",\"selector\":\"//div[@class='page-block articles-block']\"}\n  (Session info: headless chrome=119.0.6045.105); For documentation on this error, please visit: https://www.selenium.dev/documentation/webdriver/troubleshooting/errors#no-such-element-exception\nStacktrace:\n#0 0x55fbb2bd75e3 <unknown>\n#1 0x55fbb289a0b7 <unknown>\n#2 0x55fbb28e7f53 <unknown>\n#3 0x55fbb28e8051 <unknown>\n#4 0x55fbb292d9c4 <unknown>\n#5 0x55fbb290ef1d <unknown>\n#6 0x55fbb292ab3d <unknown>\n#7 0x55fbb290ecc3 <unknown>\n#8 0x55fbb28da0e4 <unknown>\n#9 0x55fbb28db0ae <unknown>\n#10 0x55fbb2b9dce1 <unknown>\n#11 0x55fbb2ba1b7e <unknown>\n#12 0x55fbb2b8b4b5 <unknown>\n#13 0x55fbb2ba27d6 <unknown>\n#14 0x55fbb2b6edbf <unknown>\n#15 0x55fbb2bc5748 <unknown>\n#16 0x55fbb2bc5917 <unknown>\n#17 0x55fbb2bd6773 <unknown>\n#18 0x7f9f35e3d044 <unknown>","time":{"start":1701133571504,"stop":1701133571517,"duration":13}},{"uid":"e1ea5b2b93f09582","reportUrl":"https://zaelcovsky.github.io/StroyremAutomation/153//#testresult/e1ea5b2b93f09582","status":"broken","statusDetails":"selenium.common.exceptions.NoSuchElementException: Message: no such element: Unable to locate element: {\"method\":\"xpath\",\"selector\":\"//div[@class='page-block articles-block']\"}\n  (Session info: headless chrome=119.0.6045.105); For documentation on this error, please visit: https://www.selenium.dev/documentation/webdriver/troubleshooting/errors#no-such-element-exception\nStacktrace:\n#0 0x560f8598c5e3 <unknown>\n#1 0x560f8564f0b7 <unknown>\n#2 0x560f8569cf53 <unknown>\n#3 0x560f8569d051 <unknown>\n#4 0x560f856e29c4 <unknown>\n#5 0x560f856c3f1d <unknown>\n#6 0x560f856dfb3d <unknown>\n#7 0x560f856c3cc3 <unknown>\n#8 0x560f8568f0e4 <unknown>\n#9 0x560f856900ae <unknown>\n#10 0x560f85952ce1 <unknown>\n#11 0x560f85956b7e <unknown>\n#12 0x560f859404b5 <unknown>\n#13 0x560f859577d6 <unknown>\n#14 0x560f85923dbf <unknown>\n#15 0x560f8597a748 <unknown>\n#16 0x560f8597a917 <unknown>\n#17 0x560f8598b773 <unknown>\n#18 0x7f3971209044 <unknown>","time":{"start":1701047150941,"stop":1701047150955,"duration":14}},{"uid":"fe34f07a5ce8913b","reportUrl":"https://zaelcovsky.github.io/StroyremAutomation/152//#testresult/fe34f07a5ce8913b","status":"broken","statusDetails":"selenium.common.exceptions.NoSuchElementException: Message: no such element: Unable to locate element: {\"method\":\"xpath\",\"selector\":\"//div[@class='page-block articles-block']\"}\n  (Session info: headless chrome=119.0.6045.105); For documentation on this error, please visit: https://www.selenium.dev/documentation/webdriver/troubleshooting/errors#no-such-element-exception\nStacktrace:\n#0 0x557e708da5e3 <unknown>\n#1 0x557e7059d0b7 <unknown>\n#2 0x557e705eaf53 <unknown>\n#3 0x557e705eb051 <unknown>\n#4 0x557e706309c4 <unknown>\n#5 0x557e70611f1d <unknown>\n#6 0x557e7062db3d <unknown>\n#7 0x557e70611cc3 <unknown>\n#8 0x557e705dd0e4 <unknown>\n#9 0x557e705de0ae <unknown>\n#10 0x557e708a0ce1 <unknown>\n#11 0x557e708a4b7e <unknown>\n#12 0x557e7088e4b5 <unknown>\n#13 0x557e708a57d6 <unknown>\n#14 0x557e70871dbf <unknown>\n#15 0x557e708c8748 <unknown>\n#16 0x557e708c8917 <unknown>\n#17 0x557e708d9773 <unknown>\n#18 0x7f2f5a19c044 <unknown>","time":{"start":1700960974999,"stop":1700960975011,"duration":12}},{"uid":"5a8fb3691b379fe2","reportUrl":"https://zaelcovsky.github.io/StroyremAutomation/151//#testresult/5a8fb3691b379fe2","status":"broken","statusDetails":"selenium.common.exceptions.NoSuchElementException: Message: no such element: Unable to locate element: {\"method\":\"xpath\",\"selector\":\"//div[@class='page-block articles-block']\"}\n  (Session info: headless chrome=119.0.6045.105); For documentation on this error, please visit: https://www.selenium.dev/documentation/webdriver/troubleshooting/errors#no-such-element-exception\nStacktrace:\n#0 0x56267c3a15e3 <unknown>\n#1 0x56267c0640b7 <unknown>\n#2 0x56267c0b1f53 <unknown>\n#3 0x56267c0b2051 <unknown>\n#4 0x56267c0f79c4 <unknown>\n#5 0x56267c0d8f1d <unknown>\n#6 0x56267c0f4b3d <unknown>\n#7 0x56267c0d8cc3 <unknown>\n#8 0x56267c0a40e4 <unknown>\n#9 0x56267c0a50ae <unknown>\n#10 0x56267c367ce1 <unknown>\n#11 0x56267c36bb7e <unknown>\n#12 0x56267c3554b5 <unknown>\n#13 0x56267c36c7d6 <unknown>\n#14 0x56267c338dbf <unknown>\n#15 0x56267c38f748 <unknown>\n#16 0x56267c38f917 <unknown>\n#17 0x56267c3a0773 <unknown>\n#18 0x7f6744e2e044 <unknown>","time":{"start":1700874171299,"stop":1700874171312,"duration":13}},{"uid":"ae7f3d3ca67508e3","reportUrl":"https://zaelcovsky.github.io/StroyremAutomation/150//#testresult/ae7f3d3ca67508e3","status":"broken","statusDetails":"selenium.common.exceptions.NoSuchElementException: Message: no such element: Unable to locate element: {\"method\":\"xpath\",\"selector\":\"//div[@class='page-block articles-block']\"}\n  (Session info: headless chrome=119.0.6045.105); For documentation on this error, please visit: https://www.selenium.dev/documentation/webdriver/troubleshooting/errors#no-such-element-exception\nStacktrace:\n#0 0x5591665285e3 <unknown>\n#1 0x5591661eb0b7 <unknown>\n#2 0x559166238f53 <unknown>\n#3 0x559166239051 <unknown>\n#4 0x55916627e9c4 <unknown>\n#5 0x55916625ff1d <unknown>\n#6 0x55916627bb3d <unknown>\n#7 0x55916625fcc3 <unknown>\n#8 0x55916622b0e4 <unknown>\n#9 0x55916622c0ae <unknown>\n#10 0x5591664eece1 <unknown>\n#11 0x5591664f2b7e <unknown>\n#12 0x5591664dc4b5 <unknown>\n#13 0x5591664f37d6 <unknown>\n#14 0x5591664bfdbf <unknown>\n#15 0x559166516748 <unknown>\n#16 0x559166516917 <unknown>\n#17 0x559166527773 <unknown>\n#18 0x7fd73d248044 <unknown>","time":{"start":1700787849007,"stop":1700787849020,"duration":13}},{"uid":"6505b1738c1b7a6","reportUrl":"https://zaelcovsky.github.io/StroyremAutomation/149//#testresult/6505b1738c1b7a6","status":"broken","statusDetails":"selenium.common.exceptions.NoSuchElementException: Message: no such element: Unable to locate element: {\"method\":\"xpath\",\"selector\":\"//div[@class='page-block articles-block']\"}\n  (Session info: headless chrome=119.0.6045.105); For documentation on this error, please visit: https://www.selenium.dev/documentation/webdriver/troubleshooting/errors#no-such-element-exception\nStacktrace:\n#0 0x55d07208e5e3 <unknown>\n#1 0x55d071d510b7 <unknown>\n#2 0x55d071d9ef53 <unknown>\n#3 0x55d071d9f051 <unknown>\n#4 0x55d071de49c4 <unknown>\n#5 0x55d071dc5f1d <unknown>\n#6 0x55d071de1b3d <unknown>\n#7 0x55d071dc5cc3 <unknown>\n#8 0x55d071d910e4 <unknown>\n#9 0x55d071d920ae <unknown>\n#10 0x55d072054ce1 <unknown>\n#11 0x55d072058b7e <unknown>\n#12 0x55d0720424b5 <unknown>\n#13 0x55d0720597d6 <unknown>\n#14 0x55d072025dbf <unknown>\n#15 0x55d07207c748 <unknown>\n#16 0x55d07207c917 <unknown>\n#17 0x55d07208d773 <unknown>\n#18 0x7faff512b044 <unknown>","time":{"start":1700701495178,"stop":1700701495191,"duration":13}},{"uid":"5507ebbae7194ac6","reportUrl":"https://zaelcovsky.github.io/StroyremAutomation/148//#testresult/5507ebbae7194ac6","status":"broken","statusDetails":"selenium.common.exceptions.NoSuchElementException: Message: no such element: Unable to locate element: {\"method\":\"xpath\",\"selector\":\"//div[@class='page-block articles-block']\"}\n  (Session info: headless chrome=119.0.6045.105); For documentation on this error, please visit: https://www.selenium.dev/documentation/webdriver/troubleshooting/errors#no-such-element-exception\nStacktrace:\n#0 0x5577a22cf5e3 <unknown>\n#1 0x5577a1f920b7 <unknown>\n#2 0x5577a1fdff53 <unknown>\n#3 0x5577a1fe0051 <unknown>\n#4 0x5577a20259c4 <unknown>\n#5 0x5577a2006f1d <unknown>\n#6 0x5577a2022b3d <unknown>\n#7 0x5577a2006cc3 <unknown>\n#8 0x5577a1fd20e4 <unknown>\n#9 0x5577a1fd30ae <unknown>\n#10 0x5577a2295ce1 <unknown>\n#11 0x5577a2299b7e <unknown>\n#12 0x5577a22834b5 <unknown>\n#13 0x5577a229a7d6 <unknown>\n#14 0x5577a2266dbf <unknown>\n#15 0x5577a22bd748 <unknown>\n#16 0x5577a22bd917 <unknown>\n#17 0x5577a22ce773 <unknown>\n#18 0x7f2944495044 <unknown>","time":{"start":1700615244065,"stop":1700615244078,"duration":13}}]},"tags":["smoke_test"]},"source":"31bc50f47180159a.json","parameterValues":["'https://test2.stroyrem-nn.ru/'"]}