{"uid":"3496b42d4b2c20a1","name":"TD 026 Доставка товара весом до 11000кг. в синей зоне","fullName":"tests.delivery.test_delivery_calculation.TestDeliveryPageCalculation#test_positive_delivery_blue_zone_smoke","historyId":"8627394da03f78c724b6bd3e4cd7677c","time":{"start":1701047610645,"stop":1701047614715,"duration":4070},"status":"skipped","statusMessage":"XFAIL\n\nselenium.common.exceptions.NoSuchElementException: Message: no such element: Unable to locate element: {\"method\":\"xpath\",\"selector\":\"//input[@class='amount']\"}\n  (Session info: headless chrome=119.0.6045.105); For documentation on this error, please visit: https://www.selenium.dev/documentation/webdriver/troubleshooting/errors#no-such-element-exception\nStacktrace:\n#0 0x562bd71c45e3 <unknown>\n#1 0x562bd6e870b7 <unknown>\n#2 0x562bd6ed4f53 <unknown>\n#3 0x562bd6ed5051 <unknown>\n#4 0x562bd6f1a9c4 <unknown>\n#5 0x562bd6efbf1d <unknown>\n#6 0x562bd6f17b3d <unknown>\n#7 0x562bd6efbcc3 <unknown>\n#8 0x562bd6ec70e4 <unknown>\n#9 0x562bd6ec80ae <unknown>\n#10 0x562bd718ace1 <unknown>\n#11 0x562bd718eb7e <unknown>\n#12 0x562bd71784b5 <unknown>\n#13 0x562bd718f7d6 <unknown>\n#14 0x562bd715bdbf <unknown>\n#15 0x562bd71b2748 <unknown>\n#16 0x562bd71b2917 <unknown>\n#17 0x562bd71c3773 <unknown>\n#18 0x7fa2ba49a044 <unknown>","statusTrace":"self = <tests.delivery.test_delivery_calculation.TestDeliveryPageCalculation object at 0x7f287c69eb50>\ndriver = <selenium.webdriver.chrome.webdriver.WebDriver (session=\"bfbd95670a80612037274eabc744a034\")>\nurl = 'https://sandboxtest.stroyrem-nn.ru/', case_id = 'TD 026'\nlink_item = 'products/shtukaturka-gipsovaya-aksolit-m50-30-kg-mashinnogo-naneseniya'\namount = 366, weight = 11000, standard = 8000, in_time = 14900, all_time = 19900\n\n    @pytest.mark.parametrize('case_id, link_item, amount, weight, standard, in_time, all_time', [\n        (\"TD 015\", bundeks_25, 1, 30, 650, 2390, 3320),\n        pytest.param(\n            \"TD 016\", aksolit_30, 8, 300, 650, 2390, 3320,\n            marks=pytest.mark.xfail(reson=\"Цена доставки: - - -\")\n        ),\n        (\"TD 017\", aksolit_30, 13, 400, 650, 2390, 3320),\n        (\"TD 018\", aksolit_30, 16, 500, 850, 2490, 3320),\n        (\"TD 019\", aksolit_30, 25, 1700, 1150, 2490, 3320),\n        (\"TD 020\", aksolit_30, 66, 2000, 1500, 2990, 3650),\n        (\"TD 021\", aksolit_30, 149, 4500, 2600, 4380, 4890),\n        (\"TD 022\", aksolit_30, 166, 5000, 2800, 5490, 5980),\n        pytest.param(\n            \"TD 023\", aksolit_30, 206, 6200, 3300, 7500, 8000,\n            marks=pytest.mark.xfail(reson=\"Цена доставки: 4300 9900 11440\")\n        ),\n        (\"TD 024\", aksolit_30, 299, 9000, 4300, 9900, 11440),\n        (\"TD 025\", aksolit_30, 333, 10000, 7000, 13900, 15900),\n        pytest.param(\n            \"TD 026\", aksolit_30, 366, 11000, 8000, 14900, 19900,\n            marks=pytest.mark.xfail(reson=\"Цена доставки: 7000 13900 15900\")\n        ),\n        pytest.param(\n            \"TD 027\", aksolit_30, 666, 20000, 14000, 16900, 23900,\n            marks=pytest.mark.xfail(reson=\"Цена доставки: 7000 13900 15900\")\n        )\n    ])\n    @pytest.mark.smoke\n    def test_positive_delivery_blue_zone_smoke(\n            self, driver, url, case_id, link_item, amount, weight, standard, in_time, all_time\n    ):\n        allure.dynamic.title(f\"{case_id} Доставка товара весом до {weight}кг. в синей зоне\")\n    \n        driver.get(f'{url}{link_item}')\n        item_page = ItemPage(driver)\n>       item_page.add_item_to_cart(amount).click_on_cart()\n\ntests/delivery/test_delivery_calculation.py:130: \n_ _ _ _ _ _ _ _ _ _ _ _ _ _ _ _ _ _ _ _ _ _ _ _ _ _ _ _ _ _ _ _ _ _ _ _ _ _ _ _ \npages/item_page.py:41: in add_item_to_cart\n    amount_field = self.find_element(self._item_amount)\nbase/seleniumbase.py:17: in find_element\n    return self.driver.find_element(*locator)\n/usr/local/lib/python3.11/site-packages/selenium/webdriver/remote/webdriver.py:740: in find_element\n    return self.execute(Command.FIND_ELEMENT, {\"using\": by, \"value\": value})[\"value\"]\n/usr/local/lib/python3.11/site-packages/selenium/webdriver/remote/webdriver.py:346: in execute\n    self.error_handler.check_response(response)\n_ _ _ _ _ _ _ _ _ _ _ _ _ _ _ _ _ _ _ _ _ _ _ _ _ _ _ _ _ _ _ _ _ _ _ _ _ _ _ _ \n\nself = <selenium.webdriver.remote.errorhandler.ErrorHandler object at 0x7f287d264b90>\nresponse = {'status': 404, 'value': '{\"value\":{\"error\":\"no such element\",\"message\":\"no such element: Unable to locate element: {\\...\\\\n#16 0x562bd71b2917 \\\\u003Cunknown>\\\\n#17 0x562bd71c3773 \\\\u003Cunknown>\\\\n#18 0x7fa2ba49a044 \\\\u003Cunknown>\\\\n\"}}'}\n\n    def check_response(self, response: Dict[str, Any]) -> None:\n        \"\"\"Checks that a JSON response from the WebDriver does not have an\n        error.\n    \n        :Args:\n         - response - The JSON response from the WebDriver server as a dictionary\n           object.\n    \n        :Raises: If the response contains an error message.\n        \"\"\"\n        status = response.get(\"status\", None)\n        if not status or status == ErrorCode.SUCCESS:\n            return\n        value = None\n        message = response.get(\"message\", \"\")\n        screen: str = response.get(\"screen\", \"\")\n        stacktrace = None\n        if isinstance(status, int):\n            value_json = response.get(\"value\", None)\n            if value_json and isinstance(value_json, str):\n                import json\n    \n                try:\n                    value = json.loads(value_json)\n                    if len(value) == 1:\n                        value = value[\"value\"]\n                    status = value.get(\"error\", None)\n                    if not status:\n                        status = value.get(\"status\", ErrorCode.UNKNOWN_ERROR)\n                        message = value.get(\"value\") or value.get(\"message\")\n                        if not isinstance(message, str):\n                            value = message\n                            message = message.get(\"message\")\n                    else:\n                        message = value.get(\"message\", None)\n                except ValueError:\n                    pass\n    \n        exception_class: Type[WebDriverException]\n        if status in ErrorCode.NO_SUCH_ELEMENT:\n            exception_class = NoSuchElementException\n        elif status in ErrorCode.NO_SUCH_FRAME:\n            exception_class = NoSuchFrameException\n        elif status in ErrorCode.NO_SUCH_SHADOW_ROOT:\n            exception_class = NoSuchShadowRootException\n        elif status in ErrorCode.NO_SUCH_WINDOW:\n            exception_class = NoSuchWindowException\n        elif status in ErrorCode.STALE_ELEMENT_REFERENCE:\n            exception_class = StaleElementReferenceException\n        elif status in ErrorCode.ELEMENT_NOT_VISIBLE:\n            exception_class = ElementNotVisibleException\n        elif status in ErrorCode.INVALID_ELEMENT_STATE:\n            exception_class = InvalidElementStateException\n        elif (\n            status in ErrorCode.INVALID_SELECTOR\n            or status in ErrorCode.INVALID_XPATH_SELECTOR\n            or status in ErrorCode.INVALID_XPATH_SELECTOR_RETURN_TYPER\n        ):\n            exception_class = InvalidSelectorException\n        elif status in ErrorCode.ELEMENT_IS_NOT_SELECTABLE:\n            exception_class = ElementNotSelectableException\n        elif status in ErrorCode.ELEMENT_NOT_INTERACTABLE:\n            exception_class = ElementNotInteractableException\n        elif status in ErrorCode.INVALID_COOKIE_DOMAIN:\n            exception_class = InvalidCookieDomainException\n        elif status in ErrorCode.UNABLE_TO_SET_COOKIE:\n            exception_class = UnableToSetCookieException\n        elif status in ErrorCode.TIMEOUT:\n            exception_class = TimeoutException\n        elif status in ErrorCode.SCRIPT_TIMEOUT:\n            exception_class = TimeoutException\n        elif status in ErrorCode.UNKNOWN_ERROR:\n            exception_class = WebDriverException\n        elif status in ErrorCode.UNEXPECTED_ALERT_OPEN:\n            exception_class = UnexpectedAlertPresentException\n        elif status in ErrorCode.NO_ALERT_OPEN:\n            exception_class = NoAlertPresentException\n        elif status in ErrorCode.IME_NOT_AVAILABLE:\n            exception_class = ImeNotAvailableException\n        elif status in ErrorCode.IME_ENGINE_ACTIVATION_FAILED:\n            exception_class = ImeActivationFailedException\n        elif status in ErrorCode.MOVE_TARGET_OUT_OF_BOUNDS:\n            exception_class = MoveTargetOutOfBoundsException\n        elif status in ErrorCode.JAVASCRIPT_ERROR:\n            exception_class = JavascriptException\n        elif status in ErrorCode.SESSION_NOT_CREATED:\n            exception_class = SessionNotCreatedException\n        elif status in ErrorCode.INVALID_ARGUMENT:\n            exception_class = InvalidArgumentException\n        elif status in ErrorCode.NO_SUCH_COOKIE:\n            exception_class = NoSuchCookieException\n        elif status in ErrorCode.UNABLE_TO_CAPTURE_SCREEN:\n            exception_class = ScreenshotException\n        elif status in ErrorCode.ELEMENT_CLICK_INTERCEPTED:\n            exception_class = ElementClickInterceptedException\n        elif status in ErrorCode.INSECURE_CERTIFICATE:\n            exception_class = InsecureCertificateException\n        elif status in ErrorCode.INVALID_COORDINATES:\n            exception_class = InvalidCoordinatesException\n        elif status in ErrorCode.INVALID_SESSION_ID:\n            exception_class = InvalidSessionIdException\n        elif status in ErrorCode.UNKNOWN_METHOD:\n            exception_class = UnknownMethodException\n        else:\n            exception_class = WebDriverException\n        if not value:\n            value = response[\"value\"]\n        if isinstance(value, str):\n            raise exception_class(value)\n        if message == \"\" and \"message\" in value:\n            message = value[\"message\"]\n    \n        screen = None  # type: ignore[assignment]\n        if \"screen\" in value:\n            screen = value[\"screen\"]\n    \n        stacktrace = None\n        st_value = value.get(\"stackTrace\") or value.get(\"stacktrace\")\n        if st_value:\n            if isinstance(st_value, str):\n                stacktrace = st_value.split(\"\\n\")\n            else:\n                stacktrace = []\n                try:\n                    for frame in st_value:\n                        line = frame.get(\"lineNumber\", \"\")\n                        file = frame.get(\"fileName\", \"<anonymous>\")\n                        if line:\n                            file = f\"{file}:{line}\"\n                        meth = frame.get(\"methodName\", \"<anonymous>\")\n                        if \"className\" in frame:\n                            meth = f\"{frame['className']}.{meth}\"\n                        msg = \"    at %s (%s)\"\n                        msg = msg % (meth, file)\n                        stacktrace.append(msg)\n                except TypeError:\n                    pass\n        if exception_class == UnexpectedAlertPresentException:\n            alert_text = None\n            if \"data\" in value:\n                alert_text = value[\"data\"].get(\"text\")\n            elif \"alert\" in value:\n                alert_text = value[\"alert\"].get(\"text\")\n            raise exception_class(message, screen, stacktrace, alert_text)  # type: ignore[call-arg]  # mypy is not smart enough here\n>       raise exception_class(message, screen, stacktrace)\nE       selenium.common.exceptions.NoSuchElementException: Message: no such element: Unable to locate element: {\"method\":\"xpath\",\"selector\":\"//input[@class='amount']\"}\nE         (Session info: headless chrome=119.0.6045.105); For documentation on this error, please visit: https://www.selenium.dev/documentation/webdriver/troubleshooting/errors#no-such-element-exception\nE       Stacktrace:\nE       #0 0x562bd71c45e3 <unknown>\nE       #1 0x562bd6e870b7 <unknown>\nE       #2 0x562bd6ed4f53 <unknown>\nE       #3 0x562bd6ed5051 <unknown>\nE       #4 0x562bd6f1a9c4 <unknown>\nE       #5 0x562bd6efbf1d <unknown>\nE       #6 0x562bd6f17b3d <unknown>\nE       #7 0x562bd6efbcc3 <unknown>\nE       #8 0x562bd6ec70e4 <unknown>\nE       #9 0x562bd6ec80ae <unknown>\nE       #10 0x562bd718ace1 <unknown>\nE       #11 0x562bd718eb7e <unknown>\nE       #12 0x562bd71784b5 <unknown>\nE       #13 0x562bd718f7d6 <unknown>\nE       #14 0x562bd715bdbf <unknown>\nE       #15 0x562bd71b2748 <unknown>\nE       #16 0x562bd71b2917 <unknown>\nE       #17 0x562bd71c3773 <unknown>\nE       #18 0x7fa2ba49a044 <unknown>\n\n/usr/local/lib/python3.11/site-packages/selenium/webdriver/remote/errorhandler.py:245: NoSuchElementException","flaky":false,"newFailed":false,"newBroken":false,"newPassed":false,"retriesCount":0,"retriesStatusChange":false,"beforeStages":[{"name":"_session_faker","time":{"start":1701047073232,"stop":1701047073300,"duration":68},"status":"passed","steps":[],"attachments":[],"parameters":[],"shouldDisplayMessage":false,"stepsCount":0,"attachmentsCount":0,"hasContent":false},{"name":"clear_allure_results_folder","time":{"start":1701047073300,"stop":1701047073300,"duration":0},"status":"passed","steps":[],"attachments":[],"parameters":[],"shouldDisplayMessage":false,"stepsCount":0,"attachmentsCount":0,"hasContent":false},{"name":"driver","time":{"start":1701047609915,"stop":1701047610644,"duration":729},"status":"passed","steps":[],"attachments":[],"parameters":[],"shouldDisplayMessage":false,"stepsCount":0,"attachmentsCount":0,"hasContent":false},{"name":"setup","time":{"start":1701047610644,"stop":1701047610644,"duration":0},"status":"passed","steps":[],"attachments":[],"parameters":[],"shouldDisplayMessage":false,"stepsCount":0,"attachmentsCount":0,"hasContent":false}],"testStage":{"status":"skipped","statusMessage":"XFAIL\n\nselenium.common.exceptions.NoSuchElementException: Message: no such element: Unable to locate element: {\"method\":\"xpath\",\"selector\":\"//input[@class='amount']\"}\n  (Session info: headless chrome=119.0.6045.105); For documentation on this error, please visit: https://www.selenium.dev/documentation/webdriver/troubleshooting/errors#no-such-element-exception\nStacktrace:\n#0 0x562bd71c45e3 <unknown>\n#1 0x562bd6e870b7 <unknown>\n#2 0x562bd6ed4f53 <unknown>\n#3 0x562bd6ed5051 <unknown>\n#4 0x562bd6f1a9c4 <unknown>\n#5 0x562bd6efbf1d <unknown>\n#6 0x562bd6f17b3d <unknown>\n#7 0x562bd6efbcc3 <unknown>\n#8 0x562bd6ec70e4 <unknown>\n#9 0x562bd6ec80ae <unknown>\n#10 0x562bd718ace1 <unknown>\n#11 0x562bd718eb7e <unknown>\n#12 0x562bd71784b5 <unknown>\n#13 0x562bd718f7d6 <unknown>\n#14 0x562bd715bdbf <unknown>\n#15 0x562bd71b2748 <unknown>\n#16 0x562bd71b2917 <unknown>\n#17 0x562bd71c3773 <unknown>\n#18 0x7fa2ba49a044 <unknown>","statusTrace":"self = <tests.delivery.test_delivery_calculation.TestDeliveryPageCalculation object at 0x7f287c69eb50>\ndriver = <selenium.webdriver.chrome.webdriver.WebDriver (session=\"bfbd95670a80612037274eabc744a034\")>\nurl = 'https://sandboxtest.stroyrem-nn.ru/', case_id = 'TD 026'\nlink_item = 'products/shtukaturka-gipsovaya-aksolit-m50-30-kg-mashinnogo-naneseniya'\namount = 366, weight = 11000, standard = 8000, in_time = 14900, all_time = 19900\n\n    @pytest.mark.parametrize('case_id, link_item, amount, weight, standard, in_time, all_time', [\n        (\"TD 015\", bundeks_25, 1, 30, 650, 2390, 3320),\n        pytest.param(\n            \"TD 016\", aksolit_30, 8, 300, 650, 2390, 3320,\n            marks=pytest.mark.xfail(reson=\"Цена доставки: - - -\")\n        ),\n        (\"TD 017\", aksolit_30, 13, 400, 650, 2390, 3320),\n        (\"TD 018\", aksolit_30, 16, 500, 850, 2490, 3320),\n        (\"TD 019\", aksolit_30, 25, 1700, 1150, 2490, 3320),\n        (\"TD 020\", aksolit_30, 66, 2000, 1500, 2990, 3650),\n        (\"TD 021\", aksolit_30, 149, 4500, 2600, 4380, 4890),\n        (\"TD 022\", aksolit_30, 166, 5000, 2800, 5490, 5980),\n        pytest.param(\n            \"TD 023\", aksolit_30, 206, 6200, 3300, 7500, 8000,\n            marks=pytest.mark.xfail(reson=\"Цена доставки: 4300 9900 11440\")\n        ),\n        (\"TD 024\", aksolit_30, 299, 9000, 4300, 9900, 11440),\n        (\"TD 025\", aksolit_30, 333, 10000, 7000, 13900, 15900),\n        pytest.param(\n            \"TD 026\", aksolit_30, 366, 11000, 8000, 14900, 19900,\n            marks=pytest.mark.xfail(reson=\"Цена доставки: 7000 13900 15900\")\n        ),\n        pytest.param(\n            \"TD 027\", aksolit_30, 666, 20000, 14000, 16900, 23900,\n            marks=pytest.mark.xfail(reson=\"Цена доставки: 7000 13900 15900\")\n        )\n    ])\n    @pytest.mark.smoke\n    def test_positive_delivery_blue_zone_smoke(\n            self, driver, url, case_id, link_item, amount, weight, standard, in_time, all_time\n    ):\n        allure.dynamic.title(f\"{case_id} Доставка товара весом до {weight}кг. в синей зоне\")\n    \n        driver.get(f'{url}{link_item}')\n        item_page = ItemPage(driver)\n>       item_page.add_item_to_cart(amount).click_on_cart()\n\ntests/delivery/test_delivery_calculation.py:130: \n_ _ _ _ _ _ _ _ _ _ _ _ _ _ _ _ _ _ _ _ _ _ _ _ _ _ _ _ _ _ _ _ _ _ _ _ _ _ _ _ \npages/item_page.py:41: in add_item_to_cart\n    amount_field = self.find_element(self._item_amount)\nbase/seleniumbase.py:17: in find_element\n    return self.driver.find_element(*locator)\n/usr/local/lib/python3.11/site-packages/selenium/webdriver/remote/webdriver.py:740: in find_element\n    return self.execute(Command.FIND_ELEMENT, {\"using\": by, \"value\": value})[\"value\"]\n/usr/local/lib/python3.11/site-packages/selenium/webdriver/remote/webdriver.py:346: in execute\n    self.error_handler.check_response(response)\n_ _ _ _ _ _ _ _ _ _ _ _ _ _ _ _ _ _ _ _ _ _ _ _ _ _ _ _ _ _ _ _ _ _ _ _ _ _ _ _ \n\nself = <selenium.webdriver.remote.errorhandler.ErrorHandler object at 0x7f287d264b90>\nresponse = {'status': 404, 'value': '{\"value\":{\"error\":\"no such element\",\"message\":\"no such element: Unable to locate element: {\\...\\\\n#16 0x562bd71b2917 \\\\u003Cunknown>\\\\n#17 0x562bd71c3773 \\\\u003Cunknown>\\\\n#18 0x7fa2ba49a044 \\\\u003Cunknown>\\\\n\"}}'}\n\n    def check_response(self, response: Dict[str, Any]) -> None:\n        \"\"\"Checks that a JSON response from the WebDriver does not have an\n        error.\n    \n        :Args:\n         - response - The JSON response from the WebDriver server as a dictionary\n           object.\n    \n        :Raises: If the response contains an error message.\n        \"\"\"\n        status = response.get(\"status\", None)\n        if not status or status == ErrorCode.SUCCESS:\n            return\n        value = None\n        message = response.get(\"message\", \"\")\n        screen: str = response.get(\"screen\", \"\")\n        stacktrace = None\n        if isinstance(status, int):\n            value_json = response.get(\"value\", None)\n            if value_json and isinstance(value_json, str):\n                import json\n    \n                try:\n                    value = json.loads(value_json)\n                    if len(value) == 1:\n                        value = value[\"value\"]\n                    status = value.get(\"error\", None)\n                    if not status:\n                        status = value.get(\"status\", ErrorCode.UNKNOWN_ERROR)\n                        message = value.get(\"value\") or value.get(\"message\")\n                        if not isinstance(message, str):\n                            value = message\n                            message = message.get(\"message\")\n                    else:\n                        message = value.get(\"message\", None)\n                except ValueError:\n                    pass\n    \n        exception_class: Type[WebDriverException]\n        if status in ErrorCode.NO_SUCH_ELEMENT:\n            exception_class = NoSuchElementException\n        elif status in ErrorCode.NO_SUCH_FRAME:\n            exception_class = NoSuchFrameException\n        elif status in ErrorCode.NO_SUCH_SHADOW_ROOT:\n            exception_class = NoSuchShadowRootException\n        elif status in ErrorCode.NO_SUCH_WINDOW:\n            exception_class = NoSuchWindowException\n        elif status in ErrorCode.STALE_ELEMENT_REFERENCE:\n            exception_class = StaleElementReferenceException\n        elif status in ErrorCode.ELEMENT_NOT_VISIBLE:\n            exception_class = ElementNotVisibleException\n        elif status in ErrorCode.INVALID_ELEMENT_STATE:\n            exception_class = InvalidElementStateException\n        elif (\n            status in ErrorCode.INVALID_SELECTOR\n            or status in ErrorCode.INVALID_XPATH_SELECTOR\n            or status in ErrorCode.INVALID_XPATH_SELECTOR_RETURN_TYPER\n        ):\n            exception_class = InvalidSelectorException\n        elif status in ErrorCode.ELEMENT_IS_NOT_SELECTABLE:\n            exception_class = ElementNotSelectableException\n        elif status in ErrorCode.ELEMENT_NOT_INTERACTABLE:\n            exception_class = ElementNotInteractableException\n        elif status in ErrorCode.INVALID_COOKIE_DOMAIN:\n            exception_class = InvalidCookieDomainException\n        elif status in ErrorCode.UNABLE_TO_SET_COOKIE:\n            exception_class = UnableToSetCookieException\n        elif status in ErrorCode.TIMEOUT:\n            exception_class = TimeoutException\n        elif status in ErrorCode.SCRIPT_TIMEOUT:\n            exception_class = TimeoutException\n        elif status in ErrorCode.UNKNOWN_ERROR:\n            exception_class = WebDriverException\n        elif status in ErrorCode.UNEXPECTED_ALERT_OPEN:\n            exception_class = UnexpectedAlertPresentException\n        elif status in ErrorCode.NO_ALERT_OPEN:\n            exception_class = NoAlertPresentException\n        elif status in ErrorCode.IME_NOT_AVAILABLE:\n            exception_class = ImeNotAvailableException\n        elif status in ErrorCode.IME_ENGINE_ACTIVATION_FAILED:\n            exception_class = ImeActivationFailedException\n        elif status in ErrorCode.MOVE_TARGET_OUT_OF_BOUNDS:\n            exception_class = MoveTargetOutOfBoundsException\n        elif status in ErrorCode.JAVASCRIPT_ERROR:\n            exception_class = JavascriptException\n        elif status in ErrorCode.SESSION_NOT_CREATED:\n            exception_class = SessionNotCreatedException\n        elif status in ErrorCode.INVALID_ARGUMENT:\n            exception_class = InvalidArgumentException\n        elif status in ErrorCode.NO_SUCH_COOKIE:\n            exception_class = NoSuchCookieException\n        elif status in ErrorCode.UNABLE_TO_CAPTURE_SCREEN:\n            exception_class = ScreenshotException\n        elif status in ErrorCode.ELEMENT_CLICK_INTERCEPTED:\n            exception_class = ElementClickInterceptedException\n        elif status in ErrorCode.INSECURE_CERTIFICATE:\n            exception_class = InsecureCertificateException\n        elif status in ErrorCode.INVALID_COORDINATES:\n            exception_class = InvalidCoordinatesException\n        elif status in ErrorCode.INVALID_SESSION_ID:\n            exception_class = InvalidSessionIdException\n        elif status in ErrorCode.UNKNOWN_METHOD:\n            exception_class = UnknownMethodException\n        else:\n            exception_class = WebDriverException\n        if not value:\n            value = response[\"value\"]\n        if isinstance(value, str):\n            raise exception_class(value)\n        if message == \"\" and \"message\" in value:\n            message = value[\"message\"]\n    \n        screen = None  # type: ignore[assignment]\n        if \"screen\" in value:\n            screen = value[\"screen\"]\n    \n        stacktrace = None\n        st_value = value.get(\"stackTrace\") or value.get(\"stacktrace\")\n        if st_value:\n            if isinstance(st_value, str):\n                stacktrace = st_value.split(\"\\n\")\n            else:\n                stacktrace = []\n                try:\n                    for frame in st_value:\n                        line = frame.get(\"lineNumber\", \"\")\n                        file = frame.get(\"fileName\", \"<anonymous>\")\n                        if line:\n                            file = f\"{file}:{line}\"\n                        meth = frame.get(\"methodName\", \"<anonymous>\")\n                        if \"className\" in frame:\n                            meth = f\"{frame['className']}.{meth}\"\n                        msg = \"    at %s (%s)\"\n                        msg = msg % (meth, file)\n                        stacktrace.append(msg)\n                except TypeError:\n                    pass\n        if exception_class == UnexpectedAlertPresentException:\n            alert_text = None\n            if \"data\" in value:\n                alert_text = value[\"data\"].get(\"text\")\n            elif \"alert\" in value:\n                alert_text = value[\"alert\"].get(\"text\")\n            raise exception_class(message, screen, stacktrace, alert_text)  # type: ignore[call-arg]  # mypy is not smart enough here\n>       raise exception_class(message, screen, stacktrace)\nE       selenium.common.exceptions.NoSuchElementException: Message: no such element: Unable to locate element: {\"method\":\"xpath\",\"selector\":\"//input[@class='amount']\"}\nE         (Session info: headless chrome=119.0.6045.105); For documentation on this error, please visit: https://www.selenium.dev/documentation/webdriver/troubleshooting/errors#no-such-element-exception\nE       Stacktrace:\nE       #0 0x562bd71c45e3 <unknown>\nE       #1 0x562bd6e870b7 <unknown>\nE       #2 0x562bd6ed4f53 <unknown>\nE       #3 0x562bd6ed5051 <unknown>\nE       #4 0x562bd6f1a9c4 <unknown>\nE       #5 0x562bd6efbf1d <unknown>\nE       #6 0x562bd6f17b3d <unknown>\nE       #7 0x562bd6efbcc3 <unknown>\nE       #8 0x562bd6ec70e4 <unknown>\nE       #9 0x562bd6ec80ae <unknown>\nE       #10 0x562bd718ace1 <unknown>\nE       #11 0x562bd718eb7e <unknown>\nE       #12 0x562bd71784b5 <unknown>\nE       #13 0x562bd718f7d6 <unknown>\nE       #14 0x562bd715bdbf <unknown>\nE       #15 0x562bd71b2748 <unknown>\nE       #16 0x562bd71b2917 <unknown>\nE       #17 0x562bd71c3773 <unknown>\nE       #18 0x7fa2ba49a044 <unknown>\n\n/usr/local/lib/python3.11/site-packages/selenium/webdriver/remote/errorhandler.py:245: NoSuchElementException","steps":[{"name":"Добавляем товар в корзину в количестве 366","time":{"start":1701047614660,"stop":1701047614714,"duration":54},"status":"broken","statusMessage":"selenium.common.exceptions.NoSuchElementException: Message: no such element: Unable to locate element: {\"method\":\"xpath\",\"selector\":\"//input[@class='amount']\"}\n  (Session info: headless chrome=119.0.6045.105); For documentation on this error, please visit: https://www.selenium.dev/documentation/webdriver/troubleshooting/errors#no-such-element-exception\nStacktrace:\n#0 0x562bd71c45e3 <unknown>\n#1 0x562bd6e870b7 <unknown>\n#2 0x562bd6ed4f53 <unknown>\n#3 0x562bd6ed5051 <unknown>\n#4 0x562bd6f1a9c4 <unknown>\n#5 0x562bd6efbf1d <unknown>\n#6 0x562bd6f17b3d <unknown>\n#7 0x562bd6efbcc3 <unknown>\n#8 0x562bd6ec70e4 <unknown>\n#9 0x562bd6ec80ae <unknown>\n#10 0x562bd718ace1 <unknown>\n#11 0x562bd718eb7e <unknown>\n#12 0x562bd71784b5 <unknown>\n#13 0x562bd718f7d6 <unknown>\n#14 0x562bd715bdbf <unknown>\n#15 0x562bd71b2748 <unknown>\n#16 0x562bd71b2917 <unknown>\n#17 0x562bd71c3773 <unknown>\n#18 0x7fa2ba49a044 <unknown>\n\n","statusTrace":"  File \"/usr/local/lib/python3.11/site-packages/allure_commons/_allure.py\", line 192, in impl\n    return func(*a, **kw)\n           ^^^^^^^^^^^^^^\n  File \"/app/pages/item_page.py\", line 41, in add_item_to_cart\n    amount_field = self.find_element(self._item_amount)\n                   ^^^^^^^^^^^^^^^^^^^^^^^^^^^^^^^^^^^^\n  File \"/app/base/seleniumbase.py\", line 17, in find_element\n    return self.driver.find_element(*locator)\n           ^^^^^^^^^^^^^^^^^^^^^^^^^^^^^^^^^^\n  File \"/usr/local/lib/python3.11/site-packages/selenium/webdriver/remote/webdriver.py\", line 740, in find_element\n    return self.execute(Command.FIND_ELEMENT, {\"using\": by, \"value\": value})[\"value\"]\n           ^^^^^^^^^^^^^^^^^^^^^^^^^^^^^^^^^^^^^^^^^^^^^^^^^^^^^^^^^^^^^^^^^\n  File \"/usr/local/lib/python3.11/site-packages/selenium/webdriver/remote/webdriver.py\", line 346, in execute\n    self.error_handler.check_response(response)\n  File \"/usr/local/lib/python3.11/site-packages/selenium/webdriver/remote/errorhandler.py\", line 245, in check_response\n    raise exception_class(message, screen, stacktrace)\n","steps":[],"attachments":[],"parameters":[{"name":"amount","value":"366"}],"shouldDisplayMessage":true,"stepsCount":0,"attachmentsCount":0,"hasContent":true}],"attachments":[{"uid":"ef73716cff788bec","name":"Screenshot","source":"ef73716cff788bec.png","type":"image/png","size":115178},{"uid":"d6bf2b1d765d863f","name":"HTML source","source":"d6bf2b1d765d863f.html","type":"text/html","size":303988}],"parameters":[],"shouldDisplayMessage":true,"stepsCount":1,"attachmentsCount":2,"hasContent":true},"afterStages":[{"name":"setup::0","time":{"start":1701047614869,"stop":1701047614869,"duration":0},"status":"passed","steps":[],"attachments":[],"parameters":[],"shouldDisplayMessage":false,"stepsCount":0,"attachmentsCount":0,"hasContent":false},{"name":"driver::0","time":{"start":1701047614869,"stop":1701047614929,"duration":60},"status":"passed","steps":[],"attachments":[],"parameters":[],"shouldDisplayMessage":false,"stepsCount":0,"attachmentsCount":0,"hasContent":false}],"labels":[{"name":"epic","value":"Delivery Page - calculation"},{"name":"tag","value":"smoke"},{"name":"tag","value":"@pytest.mark.xfail(reson='Цена доставки: 7000 13900 15900')"},{"name":"parentSuite","value":"tests.delivery"},{"name":"suite","value":"test_delivery_calculation"},{"name":"subSuite","value":"TestDeliveryPageCalculation"},{"name":"host","value":"fc8908cdcaf6"},{"name":"thread","value":"1-MainThread"},{"name":"framework","value":"pytest"},{"name":"language","value":"cpython3"},{"name":"package","value":"tests.delivery.test_delivery_calculation"},{"name":"resultFormat","value":"allure2"}],"parameters":[{"name":"all_time","value":"19900"},{"name":"amount","value":"366"},{"name":"case_id","value":"'TD 026'"},{"name":"in_time","value":"14900"},{"name":"link_item","value":"'products/shtukaturka-gipsovaya-aksolit-m50-30-kg-mashinnogo-naneseniya'"},{"name":"standard","value":"8000"},{"name":"url","value":"'https://sandboxtest.stroyrem-nn.ru/'"},{"name":"weight","value":"11000"}],"links":[],"hidden":false,"retry":false,"extra":{"severity":"normal","retries":[],"categories":[],"history":{"statistic":{"failed":0,"broken":0,"skipped":89,"passed":0,"unknown":0,"total":89},"items":[{"uid":"2eea447593d07b44","reportUrl":"https://zaelcovsky.github.io/StroyremAutomation/152//#testresult/2eea447593d07b44","status":"skipped","statusDetails":"XFAIL\n\nselenium.common.exceptions.NoSuchElementException: Message: no such element: Unable to locate element: {\"method\":\"xpath\",\"selector\":\"//input[@class='amount']\"}\n  (Session info: headless chrome=119.0.6045.105); For documentation on this error, please visit: https://www.selenium.dev/documentation/webdriver/troubleshooting/errors#no-such-element-exception\nStacktrace:\n#0 0x5647d318b5e3 <unknown>\n#1 0x5647d2e4e0b7 <unknown>\n#2 0x5647d2e9bf53 <unknown>\n#3 0x5647d2e9c051 <unknown>\n#4 0x5647d2ee19c4 <unknown>\n#5 0x5647d2ec2f1d <unknown>\n#6 0x5647d2edeb3d <unknown>\n#7 0x5647d2ec2cc3 <unknown>\n#8 0x5647d2e8e0e4 <unknown>\n#9 0x5647d2e8f0ae <unknown>\n#10 0x5647d3151ce1 <unknown>\n#11 0x5647d3155b7e <unknown>\n#12 0x5647d313f4b5 <unknown>\n#13 0x5647d31567d6 <unknown>\n#14 0x5647d3122dbf <unknown>\n#15 0x5647d3179748 <unknown>\n#16 0x5647d3179917 <unknown>\n#17 0x5647d318a773 <unknown>\n#18 0x7f8023802044 <unknown>","time":{"start":1700961524437,"stop":1700961529440,"duration":5003}},{"uid":"b71752f705a2a81c","reportUrl":"https://zaelcovsky.github.io/StroyremAutomation/151//#testresult/b71752f705a2a81c","status":"skipped","statusDetails":"XFAIL\n\nselenium.common.exceptions.NoSuchElementException: Message: no such element: Unable to locate element: {\"method\":\"xpath\",\"selector\":\"//input[@class='amount']\"}\n  (Session info: headless chrome=119.0.6045.105); For documentation on this error, please visit: https://www.selenium.dev/documentation/webdriver/troubleshooting/errors#no-such-element-exception\nStacktrace:\n#0 0x55ffe93c85e3 <unknown>\n#1 0x55ffe908b0b7 <unknown>\n#2 0x55ffe90d8f53 <unknown>\n#3 0x55ffe90d9051 <unknown>\n#4 0x55ffe911e9c4 <unknown>\n#5 0x55ffe90fff1d <unknown>\n#6 0x55ffe911bb3d <unknown>\n#7 0x55ffe90ffcc3 <unknown>\n#8 0x55ffe90cb0e4 <unknown>\n#9 0x55ffe90cc0ae <unknown>\n#10 0x55ffe938ece1 <unknown>\n#11 0x55ffe9392b7e <unknown>\n#12 0x55ffe937c4b5 <unknown>\n#13 0x55ffe93937d6 <unknown>\n#14 0x55ffe935fdbf <unknown>\n#15 0x55ffe93b6748 <unknown>\n#16 0x55ffe93b6917 <unknown>\n#17 0x55ffe93c7773 <unknown>\n#18 0x7fc57d08d044 <unknown>","time":{"start":1700874612724,"stop":1700874616124,"duration":3400}},{"uid":"6854058b6f299b38","reportUrl":"https://zaelcovsky.github.io/StroyremAutomation/150//#testresult/6854058b6f299b38","status":"skipped","statusDetails":"XFAIL\n\nselenium.common.exceptions.NoSuchElementException: Message: no such element: Unable to locate element: {\"method\":\"xpath\",\"selector\":\"//input[@class='amount']\"}\n  (Session info: headless chrome=119.0.6045.105); For documentation on this error, please visit: https://www.selenium.dev/documentation/webdriver/troubleshooting/errors#no-such-element-exception\nStacktrace:\n#0 0x556a546285e3 <unknown>\n#1 0x556a542eb0b7 <unknown>\n#2 0x556a54338f53 <unknown>\n#3 0x556a54339051 <unknown>\n#4 0x556a5437e9c4 <unknown>\n#5 0x556a5435ff1d <unknown>\n#6 0x556a5437bb3d <unknown>\n#7 0x556a5435fcc3 <unknown>\n#8 0x556a5432b0e4 <unknown>\n#9 0x556a5432c0ae <unknown>\n#10 0x556a545eece1 <unknown>\n#11 0x556a545f2b7e <unknown>\n#12 0x556a545dc4b5 <unknown>\n#13 0x556a545f37d6 <unknown>\n#14 0x556a545bfdbf <unknown>\n#15 0x556a54616748 <unknown>\n#16 0x556a54616917 <unknown>\n#17 0x556a54627773 <unknown>\n#18 0x7f14422f5044 <unknown>","time":{"start":1700788323401,"stop":1700788327188,"duration":3787}},{"uid":"2fa7e8582cc03e85","reportUrl":"https://zaelcovsky.github.io/StroyremAutomation/149//#testresult/2fa7e8582cc03e85","status":"skipped","statusDetails":"XFAIL\n\nselenium.common.exceptions.NoSuchElementException: Message: no such element: Unable to locate element: {\"method\":\"xpath\",\"selector\":\"//input[@class='amount']\"}\n  (Session info: headless chrome=119.0.6045.105); For documentation on this error, please visit: https://www.selenium.dev/documentation/webdriver/troubleshooting/errors#no-such-element-exception\nStacktrace:\n#0 0x55eeff6855e3 <unknown>\n#1 0x55eeff3480b7 <unknown>\n#2 0x55eeff395f53 <unknown>\n#3 0x55eeff396051 <unknown>\n#4 0x55eeff3db9c4 <unknown>\n#5 0x55eeff3bcf1d <unknown>\n#6 0x55eeff3d8b3d <unknown>\n#7 0x55eeff3bccc3 <unknown>\n#8 0x55eeff3880e4 <unknown>\n#9 0x55eeff3890ae <unknown>\n#10 0x55eeff64bce1 <unknown>\n#11 0x55eeff64fb7e <unknown>\n#12 0x55eeff6394b5 <unknown>\n#13 0x55eeff6507d6 <unknown>\n#14 0x55eeff61cdbf <unknown>\n#15 0x55eeff673748 <unknown>\n#16 0x55eeff673917 <unknown>\n#17 0x55eeff684773 <unknown>\n#18 0x7f1984d86044 <unknown>","time":{"start":1700701917409,"stop":1700701920692,"duration":3283}},{"uid":"9f714370a88a0c15","reportUrl":"https://zaelcovsky.github.io/StroyremAutomation/148//#testresult/9f714370a88a0c15","status":"skipped","statusDetails":"XFAIL\n\nselenium.common.exceptions.NoSuchElementException: Message: no such element: Unable to locate element: {\"method\":\"xpath\",\"selector\":\"//input[@class='amount']\"}\n  (Session info: headless chrome=119.0.6045.105); For documentation on this error, please visit: https://www.selenium.dev/documentation/webdriver/troubleshooting/errors#no-such-element-exception\nStacktrace:\n#0 0x55a23729f5e3 <unknown>\n#1 0x55a236f620b7 <unknown>\n#2 0x55a236faff53 <unknown>\n#3 0x55a236fb0051 <unknown>\n#4 0x55a236ff59c4 <unknown>\n#5 0x55a236fd6f1d <unknown>\n#6 0x55a236ff2b3d <unknown>\n#7 0x55a236fd6cc3 <unknown>\n#8 0x55a236fa20e4 <unknown>\n#9 0x55a236fa30ae <unknown>\n#10 0x55a237265ce1 <unknown>\n#11 0x55a237269b7e <unknown>\n#12 0x55a2372534b5 <unknown>\n#13 0x55a23726a7d6 <unknown>\n#14 0x55a237236dbf <unknown>\n#15 0x55a23728d748 <unknown>\n#16 0x55a23728d917 <unknown>\n#17 0x55a23729e773 <unknown>\n#18 0x7f1e5d499044 <unknown>","time":{"start":1700615658623,"stop":1700615661956,"duration":3333}},{"uid":"3c84ea3f950df93c","reportUrl":"https://zaelcovsky.github.io/StroyremAutomation/147//#testresult/3c84ea3f950df93c","status":"skipped","statusDetails":"XFAIL\n\nselenium.common.exceptions.NoSuchElementException: Message: no such element: Unable to locate element: {\"method\":\"xpath\",\"selector\":\"//input[@class='amount']\"}\n  (Session info: headless chrome=119.0.6045.105); For documentation on this error, please visit: https://www.selenium.dev/documentation/webdriver/troubleshooting/errors#no-such-element-exception\nStacktrace:\n#0 0x555e3102c5e3 <unknown>\n#1 0x555e30cef0b7 <unknown>\n#2 0x555e30d3cf53 <unknown>\n#3 0x555e30d3d051 <unknown>\n#4 0x555e30d829c4 <unknown>\n#5 0x555e30d63f1d <unknown>\n#6 0x555e30d7fb3d <unknown>\n#7 0x555e30d63cc3 <unknown>\n#8 0x555e30d2f0e4 <unknown>\n#9 0x555e30d300ae <unknown>\n#10 0x555e30ff2ce1 <unknown>\n#11 0x555e30ff6b7e <unknown>\n#12 0x555e30fe04b5 <unknown>\n#13 0x555e30ff77d6 <unknown>\n#14 0x555e30fc3dbf <unknown>\n#15 0x555e3101a748 <unknown>\n#16 0x555e3101a917 <unknown>\n#17 0x555e3102b773 <unknown>\n#18 0x7f69b398c044 <unknown>","time":{"start":1700529297528,"stop":1700529301813,"duration":4285}},{"uid":"7f3ef23526423378","reportUrl":"https://zaelcovsky.github.io/StroyremAutomation/146//#testresult/7f3ef23526423378","status":"skipped","statusDetails":"XFAIL\n\nselenium.common.exceptions.NoSuchElementException: Message: no such element: Unable to locate element: {\"method\":\"xpath\",\"selector\":\"//input[@class='amount']\"}\n  (Session info: headless chrome=119.0.6045.105); For documentation on this error, please visit: https://www.selenium.dev/documentation/webdriver/troubleshooting/errors#no-such-element-exception\nStacktrace:\n#0 0x55dc8e6525e3 <unknown>\n#1 0x55dc8e3150b7 <unknown>\n#2 0x55dc8e362f53 <unknown>\n#3 0x55dc8e363051 <unknown>\n#4 0x55dc8e3a89c4 <unknown>\n#5 0x55dc8e389f1d <unknown>\n#6 0x55dc8e3a5b3d <unknown>\n#7 0x55dc8e389cc3 <unknown>\n#8 0x55dc8e3550e4 <unknown>\n#9 0x55dc8e3560ae <unknown>\n#10 0x55dc8e618ce1 <unknown>\n#11 0x55dc8e61cb7e <unknown>\n#12 0x55dc8e6064b5 <unknown>\n#13 0x55dc8e61d7d6 <unknown>\n#14 0x55dc8e5e9dbf <unknown>\n#15 0x55dc8e640748 <unknown>\n#16 0x55dc8e640917 <unknown>\n#17 0x55dc8e651773 <unknown>\n#18 0x7fc6fbc19044 <unknown>","time":{"start":1700442812339,"stop":1700442816250,"duration":3911}},{"uid":"941e0f2e15b3b143","reportUrl":"https://zaelcovsky.github.io/StroyremAutomation/145//#testresult/941e0f2e15b3b143","status":"skipped","statusDetails":"XFAIL\n\nselenium.common.exceptions.NoSuchElementException: Message: no such element: Unable to locate element: {\"method\":\"xpath\",\"selector\":\"//input[@class='amount']\"}\n  (Session info: headless chrome=119.0.6045.105); For documentation on this error, please visit: https://www.selenium.dev/documentation/webdriver/troubleshooting/errors#no-such-element-exception\nStacktrace:\n#0 0x55e3197a85e3 <unknown>\n#1 0x55e31946b0b7 <unknown>\n#2 0x55e3194b8f53 <unknown>\n#3 0x55e3194b9051 <unknown>\n#4 0x55e3194fe9c4 <unknown>\n#5 0x55e3194dff1d <unknown>\n#6 0x55e3194fbb3d <unknown>\n#7 0x55e3194dfcc3 <unknown>\n#8 0x55e3194ab0e4 <unknown>\n#9 0x55e3194ac0ae <unknown>\n#10 0x55e31976ece1 <unknown>\n#11 0x55e319772b7e <unknown>\n#12 0x55e31975c4b5 <unknown>\n#13 0x55e3197737d6 <unknown>\n#14 0x55e31973fdbf <unknown>\n#15 0x55e319796748 <unknown>\n#16 0x55e319796917 <unknown>\n#17 0x55e3197a7773 <unknown>\n#18 0x7fbce2f8a044 <unknown>","time":{"start":1700356601003,"stop":1700356604458,"duration":3455}},{"uid":"5805c363c38b4b2","reportUrl":"https://zaelcovsky.github.io/StroyremAutomation/144//#testresult/5805c363c38b4b2","status":"skipped","statusDetails":"XFAIL\n\nselenium.common.exceptions.NoSuchElementException: Message: no such element: Unable to locate element: {\"method\":\"xpath\",\"selector\":\"//input[@class='amount']\"}\n  (Session info: headless chrome=119.0.6045.105); For documentation on this error, please visit: https://www.selenium.dev/documentation/webdriver/troubleshooting/errors#no-such-element-exception\nStacktrace:\n#0 0x55a577bfb5e3 <unknown>\n#1 0x55a5778be0b7 <unknown>\n#2 0x55a57790bf53 <unknown>\n#3 0x55a57790c051 <unknown>\n#4 0x55a5779519c4 <unknown>\n#5 0x55a577932f1d <unknown>\n#6 0x55a57794eb3d <unknown>\n#7 0x55a577932cc3 <unknown>\n#8 0x55a5778fe0e4 <unknown>\n#9 0x55a5778ff0ae <unknown>\n#10 0x55a577bc1ce1 <unknown>\n#11 0x55a577bc5b7e <unknown>\n#12 0x55a577baf4b5 <unknown>\n#13 0x55a577bc67d6 <unknown>\n#14 0x55a577b92dbf <unknown>\n#15 0x55a577be9748 <unknown>\n#16 0x55a577be9917 <unknown>\n#17 0x55a577bfa773 <unknown>\n#18 0x7f3f045c1044 <unknown>","time":{"start":1700270019541,"stop":1700270024423,"duration":4882}},{"uid":"74902d30123b005b","reportUrl":"https://zaelcovsky.github.io/StroyremAutomation/143//#testresult/74902d30123b005b","status":"skipped","statusDetails":"XFAIL\n\nselenium.common.exceptions.NoSuchElementException: Message: no such element: Unable to locate element: {\"method\":\"xpath\",\"selector\":\"//input[@class='amount']\"}\n  (Session info: headless chrome=119.0.6045.105); For documentation on this error, please visit: https://www.selenium.dev/documentation/webdriver/troubleshooting/errors#no-such-element-exception\nStacktrace:\n#0 0x561a79c795e3 <unknown>\n#1 0x561a7993c0b7 <unknown>\n#2 0x561a79989f53 <unknown>\n#3 0x561a7998a051 <unknown>\n#4 0x561a799cf9c4 <unknown>\n#5 0x561a799b0f1d <unknown>\n#6 0x561a799ccb3d <unknown>\n#7 0x561a799b0cc3 <unknown>\n#8 0x561a7997c0e4 <unknown>\n#9 0x561a7997d0ae <unknown>\n#10 0x561a79c3fce1 <unknown>\n#11 0x561a79c43b7e <unknown>\n#12 0x561a79c2d4b5 <unknown>\n#13 0x561a79c447d6 <unknown>\n#14 0x561a79c10dbf <unknown>\n#15 0x561a79c67748 <unknown>\n#16 0x561a79c67917 <unknown>\n#17 0x561a79c78773 <unknown>\n#18 0x7f75874a4044 <unknown>","time":{"start":1700183631718,"stop":1700183635981,"duration":4263}},{"uid":"9777b66d30e8e35a","reportUrl":"https://zaelcovsky.github.io/StroyremAutomation/142//#testresult/9777b66d30e8e35a","status":"skipped","statusDetails":"XFAIL\n\nselenium.common.exceptions.NoSuchElementException: Message: no such element: Unable to locate element: {\"method\":\"xpath\",\"selector\":\"//input[@class='amount']\"}\n  (Session info: headless chrome=119.0.6045.105); For documentation on this error, please visit: https://www.selenium.dev/documentation/webdriver/troubleshooting/errors#no-such-element-exception\nStacktrace:\n#0 0x55b39e3d05e3 <unknown>\n#1 0x55b39e0930b7 <unknown>\n#2 0x55b39e0e0f53 <unknown>\n#3 0x55b39e0e1051 <unknown>\n#4 0x55b39e1269c4 <unknown>\n#5 0x55b39e107f1d <unknown>\n#6 0x55b39e123b3d <unknown>\n#7 0x55b39e107cc3 <unknown>\n#8 0x55b39e0d30e4 <unknown>\n#9 0x55b39e0d40ae <unknown>\n#10 0x55b39e396ce1 <unknown>\n#11 0x55b39e39ab7e <unknown>\n#12 0x55b39e3844b5 <unknown>\n#13 0x55b39e39b7d6 <unknown>\n#14 0x55b39e367dbf <unknown>\n#15 0x55b39e3be748 <unknown>\n#16 0x55b39e3be917 <unknown>\n#17 0x55b39e3cf773 <unknown>\n#18 0x7ff20d01a044 <unknown>","time":{"start":1700097180038,"stop":1700097183766,"duration":3728}},{"uid":"e80a57f695943da6","reportUrl":"https://zaelcovsky.github.io/StroyremAutomation/141//#testresult/e80a57f695943da6","status":"skipped","statusDetails":"XFAIL\n\nselenium.common.exceptions.NoSuchElementException: Message: no such element: Unable to locate element: {\"method\":\"xpath\",\"selector\":\"//input[@class='amount']\"}\n  (Session info: headless chrome=119.0.6045.105); For documentation on this error, please visit: https://www.selenium.dev/documentation/webdriver/troubleshooting/errors#no-such-element-exception\nStacktrace:\n#0 0x55b0492ff5e3 <unknown>\n#1 0x55b048fc20b7 <unknown>\n#2 0x55b04900ff53 <unknown>\n#3 0x55b049010051 <unknown>\n#4 0x55b0490559c4 <unknown>\n#5 0x55b049036f1d <unknown>\n#6 0x55b049052b3d <unknown>\n#7 0x55b049036cc3 <unknown>\n#8 0x55b0490020e4 <unknown>\n#9 0x55b0490030ae <unknown>\n#10 0x55b0492c5ce1 <unknown>\n#11 0x55b0492c9b7e <unknown>\n#12 0x55b0492b34b5 <unknown>\n#13 0x55b0492ca7d6 <unknown>\n#14 0x55b049296dbf <unknown>\n#15 0x55b0492ed748 <unknown>\n#16 0x55b0492ed917 <unknown>\n#17 0x55b0492fe773 <unknown>\n#18 0x7f8b33aa4044 <unknown>","time":{"start":1700010706272,"stop":1700010710041,"duration":3769}},{"uid":"9c611a0daf9f357f","reportUrl":"https://zaelcovsky.github.io/StroyremAutomation/140//#testresult/9c611a0daf9f357f","status":"skipped","statusDetails":"XFAIL\n\nselenium.common.exceptions.NoSuchElementException: Message: no such element: Unable to locate element: {\"method\":\"xpath\",\"selector\":\"//input[@class='amount']\"}\n  (Session info: headless chrome=119.0.6045.105); For documentation on this error, please visit: https://www.selenium.dev/documentation/webdriver/troubleshooting/errors#no-such-element-exception\nStacktrace:\n#0 0x5651d7eb75e3 <unknown>\n#1 0x5651d7b7a0b7 <unknown>\n#2 0x5651d7bc7f53 <unknown>\n#3 0x5651d7bc8051 <unknown>\n#4 0x5651d7c0d9c4 <unknown>\n#5 0x5651d7beef1d <unknown>\n#6 0x5651d7c0ab3d <unknown>\n#7 0x5651d7beecc3 <unknown>\n#8 0x5651d7bba0e4 <unknown>\n#9 0x5651d7bbb0ae <unknown>\n#10 0x5651d7e7dce1 <unknown>\n#11 0x5651d7e81b7e <unknown>\n#12 0x5651d7e6b4b5 <unknown>\n#13 0x5651d7e827d6 <unknown>\n#14 0x5651d7e4edbf <unknown>\n#15 0x5651d7ea5748 <unknown>\n#16 0x5651d7ea5917 <unknown>\n#17 0x5651d7eb6773 <unknown>\n#18 0x7fea8d3f6044 <unknown>","time":{"start":1699924335009,"stop":1699924339279,"duration":4270}},{"uid":"1a59d01698e66d75","reportUrl":"https://zaelcovsky.github.io/StroyremAutomation/139//#testresult/1a59d01698e66d75","status":"skipped","statusDetails":"XFAIL\n\nselenium.common.exceptions.NoSuchElementException: Message: no such element: Unable to locate element: {\"method\":\"xpath\",\"selector\":\"//input[@class='amount']\"}\n  (Session info: headless chrome=119.0.6045.105); For documentation on this error, please visit: https://www.selenium.dev/documentation/webdriver/troubleshooting/errors#no-such-element-exception\nStacktrace:\n#0 0x555ee4b365e3 <unknown>\n#1 0x555ee47f90b7 <unknown>\n#2 0x555ee4846f53 <unknown>\n#3 0x555ee4847051 <unknown>\n#4 0x555ee488c9c4 <unknown>\n#5 0x555ee486df1d <unknown>\n#6 0x555ee4889b3d <unknown>\n#7 0x555ee486dcc3 <unknown>\n#8 0x555ee48390e4 <unknown>\n#9 0x555ee483a0ae <unknown>\n#10 0x555ee4afcce1 <unknown>\n#11 0x555ee4b00b7e <unknown>\n#12 0x555ee4aea4b5 <unknown>\n#13 0x555ee4b017d6 <unknown>\n#14 0x555ee4acddbf <unknown>\n#15 0x555ee4b24748 <unknown>\n#16 0x555ee4b24917 <unknown>\n#17 0x555ee4b35773 <unknown>\n#18 0x7fcc6094e044 <unknown>","time":{"start":1699837993777,"stop":1699838007437,"duration":13660}},{"uid":"ef1397d97c612163","reportUrl":"https://zaelcovsky.github.io/StroyremAutomation/138//#testresult/ef1397d97c612163","status":"skipped","statusDetails":"XFAIL\n\nselenium.common.exceptions.NoSuchElementException: Message: no such element: Unable to locate element: {\"method\":\"xpath\",\"selector\":\"//input[@class='amount']\"}\n  (Session info: headless chrome=119.0.6045.105); For documentation on this error, please visit: https://www.selenium.dev/documentation/webdriver/troubleshooting/errors#no-such-element-exception\nStacktrace:\n#0 0x55d6888675e3 <unknown>\n#1 0x55d68852a0b7 <unknown>\n#2 0x55d688577f53 <unknown>\n#3 0x55d688578051 <unknown>\n#4 0x55d6885bd9c4 <unknown>\n#5 0x55d68859ef1d <unknown>\n#6 0x55d6885bab3d <unknown>\n#7 0x55d68859ecc3 <unknown>\n#8 0x55d68856a0e4 <unknown>\n#9 0x55d68856b0ae <unknown>\n#10 0x55d68882dce1 <unknown>\n#11 0x55d688831b7e <unknown>\n#12 0x55d68881b4b5 <unknown>\n#13 0x55d6888327d6 <unknown>\n#14 0x55d6887fedbf <unknown>\n#15 0x55d688855748 <unknown>\n#16 0x55d688855917 <unknown>\n#17 0x55d688866773 <unknown>\n#18 0x7f8bdfd1c044 <unknown>","time":{"start":1699751811979,"stop":1699751815891,"duration":3912}},{"uid":"e7c100e87e06cde0","reportUrl":"https://zaelcovsky.github.io/StroyremAutomation/137//#testresult/e7c100e87e06cde0","status":"skipped","statusDetails":"XFAIL\n\nselenium.common.exceptions.NoSuchElementException: Message: no such element: Unable to locate element: {\"method\":\"xpath\",\"selector\":\"//input[@class='amount']\"}\n  (Session info: headless chrome=119.0.6045.105); For documentation on this error, please visit: https://www.selenium.dev/documentation/webdriver/troubleshooting/errors#no-such-element-exception\nStacktrace:\n#0 0x5634bb6e25e3 <unknown>\n#1 0x5634bb3a50b7 <unknown>\n#2 0x5634bb3f2f53 <unknown>\n#3 0x5634bb3f3051 <unknown>\n#4 0x5634bb4389c4 <unknown>\n#5 0x5634bb419f1d <unknown>\n#6 0x5634bb435b3d <unknown>\n#7 0x5634bb419cc3 <unknown>\n#8 0x5634bb3e50e4 <unknown>\n#9 0x5634bb3e60ae <unknown>\n#10 0x5634bb6a8ce1 <unknown>\n#11 0x5634bb6acb7e <unknown>\n#12 0x5634bb6964b5 <unknown>\n#13 0x5634bb6ad7d6 <unknown>\n#14 0x5634bb679dbf <unknown>\n#15 0x5634bb6d0748 <unknown>\n#16 0x5634bb6d0917 <unknown>\n#17 0x5634bb6e1773 <unknown>\n#18 0x7fb8163bb044 <unknown>","time":{"start":1699664974227,"stop":1699664977734,"duration":3507}},{"uid":"73e2799a22624f04","reportUrl":"https://zaelcovsky.github.io/StroyremAutomation/136//#testresult/73e2799a22624f04","status":"skipped","statusDetails":"XFAIL\n\nselenium.common.exceptions.NoSuchElementException: Message: no such element: Unable to locate element: {\"method\":\"xpath\",\"selector\":\"//input[@class='amount']\"}\n  (Session info: headless chrome=119.0.6045.105); For documentation on this error, please visit: https://www.selenium.dev/documentation/webdriver/troubleshooting/errors#no-such-element-exception\nStacktrace:\n#0 0x5613177025e3 <unknown>\n#1 0x5613173c50b7 <unknown>\n#2 0x561317412f53 <unknown>\n#3 0x561317413051 <unknown>\n#4 0x5613174589c4 <unknown>\n#5 0x561317439f1d <unknown>\n#6 0x561317455b3d <unknown>\n#7 0x561317439cc3 <unknown>\n#8 0x5613174050e4 <unknown>\n#9 0x5613174060ae <unknown>\n#10 0x5613176c8ce1 <unknown>\n#11 0x5613176ccb7e <unknown>\n#12 0x5613176b64b5 <unknown>\n#13 0x5613176cd7d6 <unknown>\n#14 0x561317699dbf <unknown>\n#15 0x5613176f0748 <unknown>\n#16 0x5613176f0917 <unknown>\n#17 0x561317701773 <unknown>\n#18 0x7fddcefde044 <unknown>","time":{"start":1699578713768,"stop":1699578718028,"duration":4260}},{"uid":"fa1002e21711a715","reportUrl":"https://zaelcovsky.github.io/StroyremAutomation/135//#testresult/fa1002e21711a715","status":"skipped","statusDetails":"XFAIL\n\nselenium.common.exceptions.NoSuchElementException: Message: no such element: Unable to locate element: {\"method\":\"xpath\",\"selector\":\"//input[@class='amount']\"}\n  (Session info: headless chrome=119.0.6045.105); For documentation on this error, please visit: https://www.selenium.dev/documentation/webdriver/troubleshooting/errors#no-such-element-exception\nStacktrace:\n#0 0x55920b76e5e3 <unknown>\n#1 0x55920b4310b7 <unknown>\n#2 0x55920b47ef53 <unknown>\n#3 0x55920b47f051 <unknown>\n#4 0x55920b4c49c4 <unknown>\n#5 0x55920b4a5f1d <unknown>\n#6 0x55920b4c1b3d <unknown>\n#7 0x55920b4a5cc3 <unknown>\n#8 0x55920b4710e4 <unknown>\n#9 0x55920b4720ae <unknown>\n#10 0x55920b734ce1 <unknown>\n#11 0x55920b738b7e <unknown>\n#12 0x55920b7224b5 <unknown>\n#13 0x55920b7397d6 <unknown>\n#14 0x55920b705dbf <unknown>\n#15 0x55920b75c748 <unknown>\n#16 0x55920b75c917 <unknown>\n#17 0x55920b76d773 <unknown>\n#18 0x7f5102df1044 <unknown>","time":{"start":1699492303707,"stop":1699492307342,"duration":3635}},{"uid":"5f0c32c5205ee3a0","reportUrl":"https://zaelcovsky.github.io/StroyremAutomation/134//#testresult/5f0c32c5205ee3a0","status":"skipped","statusDetails":"XFAIL\n\nselenium.common.exceptions.NoSuchElementException: Message: no such element: Unable to locate element: {\"method\":\"xpath\",\"selector\":\"//input[@class='amount']\"}\n  (Session info: headless chrome=119.0.6045.105); For documentation on this error, please visit: https://www.selenium.dev/documentation/webdriver/troubleshooting/errors#no-such-element-exception\nStacktrace:\n#0 0x55e33b6785e3 <unknown>\n#1 0x55e33b33b0b7 <unknown>\n#2 0x55e33b388f53 <unknown>\n#3 0x55e33b389051 <unknown>\n#4 0x55e33b3ce9c4 <unknown>\n#5 0x55e33b3aff1d <unknown>\n#6 0x55e33b3cbb3d <unknown>\n#7 0x55e33b3afcc3 <unknown>\n#8 0x55e33b37b0e4 <unknown>\n#9 0x55e33b37c0ae <unknown>\n#10 0x55e33b63ece1 <unknown>\n#11 0x55e33b642b7e <unknown>\n#12 0x55e33b62c4b5 <unknown>\n#13 0x55e33b6437d6 <unknown>\n#14 0x55e33b60fdbf <unknown>\n#15 0x55e33b666748 <unknown>\n#16 0x55e33b666917 <unknown>\n#17 0x55e33b677773 <unknown>\n#18 0x7f8626ee5044 <unknown>","time":{"start":1699405833539,"stop":1699405837048,"duration":3509}},{"uid":"653970c3205ec064","reportUrl":"https://zaelcovsky.github.io/StroyremAutomation/133//#testresult/653970c3205ec064","status":"skipped","statusDetails":"XFAIL\n\nselenium.common.exceptions.NoSuchElementException: Message: no such element: Unable to locate element: {\"method\":\"xpath\",\"selector\":\"//input[@class='amount']\"}\n  (Session info: headless chrome=119.0.6045.105); For documentation on this error, please visit: https://www.selenium.dev/documentation/webdriver/troubleshooting/errors#no-such-element-exception\nStacktrace:\n#0 0x557e0e0825e3 <unknown>\n#1 0x557e0dd450b7 <unknown>\n#2 0x557e0dd92f53 <unknown>\n#3 0x557e0dd93051 <unknown>\n#4 0x557e0ddd89c4 <unknown>\n#5 0x557e0ddb9f1d <unknown>\n#6 0x557e0ddd5b3d <unknown>\n#7 0x557e0ddb9cc3 <unknown>\n#8 0x557e0dd850e4 <unknown>\n#9 0x557e0dd860ae <unknown>\n#10 0x557e0e048ce1 <unknown>\n#11 0x557e0e04cb7e <unknown>\n#12 0x557e0e0364b5 <unknown>\n#13 0x557e0e04d7d6 <unknown>\n#14 0x557e0e019dbf <unknown>\n#15 0x557e0e070748 <unknown>\n#16 0x557e0e070917 <unknown>\n#17 0x557e0e081773 <unknown>\n#18 0x7fcf16d3c044 <unknown>","time":{"start":1699319545000,"stop":1699319548913,"duration":3913}}]},"tags":["@pytest.mark.xfail(reson='Цена доставки: 7000 13900 15900')","smoke"]},"source":"3496b42d4b2c20a1.json","parameterValues":["19900","366","'TD 026'","14900","'products/shtukaturka-gipsovaya-aksolit-m50-30-kg-mashinnogo-naneseniya'","8000","'https://sandboxtest.stroyrem-nn.ru/'","11000"]}