{"uid":"e767d079d3caa085","name":"TD 017 Доставка товара весом до 400кг. в синей зоне","fullName":"tests.delivery.test_delivery_calculation.TestDeliveryPageCalculation#test_positive_delivery_blue_zone_smoke","historyId":"81af0bc3e563f7b2736d18e07047a083","time":{"start":1701047568872,"stop":1701047572559,"duration":3687},"status":"broken","statusMessage":"selenium.common.exceptions.NoSuchElementException: Message: no such element: Unable to locate element: {\"method\":\"xpath\",\"selector\":\"//input[@class='amount']\"}\n  (Session info: headless chrome=119.0.6045.105); For documentation on this error, please visit: https://www.selenium.dev/documentation/webdriver/troubleshooting/errors#no-such-element-exception\nStacktrace:\n#0 0x5646b97de5e3 <unknown>\n#1 0x5646b94a10b7 <unknown>\n#2 0x5646b94eef53 <unknown>\n#3 0x5646b94ef051 <unknown>\n#4 0x5646b95349c4 <unknown>\n#5 0x5646b9515f1d <unknown>\n#6 0x5646b9531b3d <unknown>\n#7 0x5646b9515cc3 <unknown>\n#8 0x5646b94e10e4 <unknown>\n#9 0x5646b94e20ae <unknown>\n#10 0x5646b97a4ce1 <unknown>\n#11 0x5646b97a8b7e <unknown>\n#12 0x5646b97924b5 <unknown>\n#13 0x5646b97a97d6 <unknown>\n#14 0x5646b9775dbf <unknown>\n#15 0x5646b97cc748 <unknown>\n#16 0x5646b97cc917 <unknown>\n#17 0x5646b97dd773 <unknown>\n#18 0x7f36bcab9044 <unknown>","statusTrace":"self = <tests.delivery.test_delivery_calculation.TestDeliveryPageCalculation object at 0x7f287c69e1d0>\ndriver = <selenium.webdriver.chrome.webdriver.WebDriver (session=\"eafadb98208a39fa53e405082239caa7\")>\nurl = 'https://sandboxtest.stroyrem-nn.ru/', case_id = 'TD 017'\nlink_item = 'products/shtukaturka-gipsovaya-aksolit-m50-30-kg-mashinnogo-naneseniya'\namount = 13, weight = 400, standard = 650, in_time = 2390, all_time = 3320\n\n    @pytest.mark.parametrize('case_id, link_item, amount, weight, standard, in_time, all_time', [\n        (\"TD 015\", bundeks_25, 1, 30, 650, 2390, 3320),\n        pytest.param(\n            \"TD 016\", aksolit_30, 8, 300, 650, 2390, 3320,\n            marks=pytest.mark.xfail(reson=\"Цена доставки: - - -\")\n        ),\n        (\"TD 017\", aksolit_30, 13, 400, 650, 2390, 3320),\n        (\"TD 018\", aksolit_30, 16, 500, 850, 2490, 3320),\n        (\"TD 019\", aksolit_30, 25, 1700, 1150, 2490, 3320),\n        (\"TD 020\", aksolit_30, 66, 2000, 1500, 2990, 3650),\n        (\"TD 021\", aksolit_30, 149, 4500, 2600, 4380, 4890),\n        (\"TD 022\", aksolit_30, 166, 5000, 2800, 5490, 5980),\n        pytest.param(\n            \"TD 023\", aksolit_30, 206, 6200, 3300, 7500, 8000,\n            marks=pytest.mark.xfail(reson=\"Цена доставки: 4300 9900 11440\")\n        ),\n        (\"TD 024\", aksolit_30, 299, 9000, 4300, 9900, 11440),\n        (\"TD 025\", aksolit_30, 333, 10000, 7000, 13900, 15900),\n        pytest.param(\n            \"TD 026\", aksolit_30, 366, 11000, 8000, 14900, 19900,\n            marks=pytest.mark.xfail(reson=\"Цена доставки: 7000 13900 15900\")\n        ),\n        pytest.param(\n            \"TD 027\", aksolit_30, 666, 20000, 14000, 16900, 23900,\n            marks=pytest.mark.xfail(reson=\"Цена доставки: 7000 13900 15900\")\n        )\n    ])\n    @pytest.mark.smoke\n    def test_positive_delivery_blue_zone_smoke(\n            self, driver, url, case_id, link_item, amount, weight, standard, in_time, all_time\n    ):\n        allure.dynamic.title(f\"{case_id} Доставка товара весом до {weight}кг. в синей зоне\")\n    \n        driver.get(f'{url}{link_item}')\n        item_page = ItemPage(driver)\n>       item_page.add_item_to_cart(amount).click_on_cart()\n\ntests/delivery/test_delivery_calculation.py:130: \n_ _ _ _ _ _ _ _ _ _ _ _ _ _ _ _ _ _ _ _ _ _ _ _ _ _ _ _ _ _ _ _ _ _ _ _ _ _ _ _ \npages/item_page.py:41: in add_item_to_cart\n    amount_field = self.find_element(self._item_amount)\nbase/seleniumbase.py:17: in find_element\n    return self.driver.find_element(*locator)\n/usr/local/lib/python3.11/site-packages/selenium/webdriver/remote/webdriver.py:740: in find_element\n    return self.execute(Command.FIND_ELEMENT, {\"using\": by, \"value\": value})[\"value\"]\n/usr/local/lib/python3.11/site-packages/selenium/webdriver/remote/webdriver.py:346: in execute\n    self.error_handler.check_response(response)\n_ _ _ _ _ _ _ _ _ _ _ _ _ _ _ _ _ _ _ _ _ _ _ _ _ _ _ _ _ _ _ _ _ _ _ _ _ _ _ _ \n\nself = <selenium.webdriver.remote.errorhandler.ErrorHandler object at 0x7f287c021a90>\nresponse = {'status': 404, 'value': '{\"value\":{\"error\":\"no such element\",\"message\":\"no such element: Unable to locate element: {\\...\\\\n#16 0x5646b97cc917 \\\\u003Cunknown>\\\\n#17 0x5646b97dd773 \\\\u003Cunknown>\\\\n#18 0x7f36bcab9044 \\\\u003Cunknown>\\\\n\"}}'}\n\n    def check_response(self, response: Dict[str, Any]) -> None:\n        \"\"\"Checks that a JSON response from the WebDriver does not have an\n        error.\n    \n        :Args:\n         - response - The JSON response from the WebDriver server as a dictionary\n           object.\n    \n        :Raises: If the response contains an error message.\n        \"\"\"\n        status = response.get(\"status\", None)\n        if not status or status == ErrorCode.SUCCESS:\n            return\n        value = None\n        message = response.get(\"message\", \"\")\n        screen: str = response.get(\"screen\", \"\")\n        stacktrace = None\n        if isinstance(status, int):\n            value_json = response.get(\"value\", None)\n            if value_json and isinstance(value_json, str):\n                import json\n    \n                try:\n                    value = json.loads(value_json)\n                    if len(value) == 1:\n                        value = value[\"value\"]\n                    status = value.get(\"error\", None)\n                    if not status:\n                        status = value.get(\"status\", ErrorCode.UNKNOWN_ERROR)\n                        message = value.get(\"value\") or value.get(\"message\")\n                        if not isinstance(message, str):\n                            value = message\n                            message = message.get(\"message\")\n                    else:\n                        message = value.get(\"message\", None)\n                except ValueError:\n                    pass\n    \n        exception_class: Type[WebDriverException]\n        if status in ErrorCode.NO_SUCH_ELEMENT:\n            exception_class = NoSuchElementException\n        elif status in ErrorCode.NO_SUCH_FRAME:\n            exception_class = NoSuchFrameException\n        elif status in ErrorCode.NO_SUCH_SHADOW_ROOT:\n            exception_class = NoSuchShadowRootException\n        elif status in ErrorCode.NO_SUCH_WINDOW:\n            exception_class = NoSuchWindowException\n        elif status in ErrorCode.STALE_ELEMENT_REFERENCE:\n            exception_class = StaleElementReferenceException\n        elif status in ErrorCode.ELEMENT_NOT_VISIBLE:\n            exception_class = ElementNotVisibleException\n        elif status in ErrorCode.INVALID_ELEMENT_STATE:\n            exception_class = InvalidElementStateException\n        elif (\n            status in ErrorCode.INVALID_SELECTOR\n            or status in ErrorCode.INVALID_XPATH_SELECTOR\n            or status in ErrorCode.INVALID_XPATH_SELECTOR_RETURN_TYPER\n        ):\n            exception_class = InvalidSelectorException\n        elif status in ErrorCode.ELEMENT_IS_NOT_SELECTABLE:\n            exception_class = ElementNotSelectableException\n        elif status in ErrorCode.ELEMENT_NOT_INTERACTABLE:\n            exception_class = ElementNotInteractableException\n        elif status in ErrorCode.INVALID_COOKIE_DOMAIN:\n            exception_class = InvalidCookieDomainException\n        elif status in ErrorCode.UNABLE_TO_SET_COOKIE:\n            exception_class = UnableToSetCookieException\n        elif status in ErrorCode.TIMEOUT:\n            exception_class = TimeoutException\n        elif status in ErrorCode.SCRIPT_TIMEOUT:\n            exception_class = TimeoutException\n        elif status in ErrorCode.UNKNOWN_ERROR:\n            exception_class = WebDriverException\n        elif status in ErrorCode.UNEXPECTED_ALERT_OPEN:\n            exception_class = UnexpectedAlertPresentException\n        elif status in ErrorCode.NO_ALERT_OPEN:\n            exception_class = NoAlertPresentException\n        elif status in ErrorCode.IME_NOT_AVAILABLE:\n            exception_class = ImeNotAvailableException\n        elif status in ErrorCode.IME_ENGINE_ACTIVATION_FAILED:\n            exception_class = ImeActivationFailedException\n        elif status in ErrorCode.MOVE_TARGET_OUT_OF_BOUNDS:\n            exception_class = MoveTargetOutOfBoundsException\n        elif status in ErrorCode.JAVASCRIPT_ERROR:\n            exception_class = JavascriptException\n        elif status in ErrorCode.SESSION_NOT_CREATED:\n            exception_class = SessionNotCreatedException\n        elif status in ErrorCode.INVALID_ARGUMENT:\n            exception_class = InvalidArgumentException\n        elif status in ErrorCode.NO_SUCH_COOKIE:\n            exception_class = NoSuchCookieException\n        elif status in ErrorCode.UNABLE_TO_CAPTURE_SCREEN:\n            exception_class = ScreenshotException\n        elif status in ErrorCode.ELEMENT_CLICK_INTERCEPTED:\n            exception_class = ElementClickInterceptedException\n        elif status in ErrorCode.INSECURE_CERTIFICATE:\n            exception_class = InsecureCertificateException\n        elif status in ErrorCode.INVALID_COORDINATES:\n            exception_class = InvalidCoordinatesException\n        elif status in ErrorCode.INVALID_SESSION_ID:\n            exception_class = InvalidSessionIdException\n        elif status in ErrorCode.UNKNOWN_METHOD:\n            exception_class = UnknownMethodException\n        else:\n            exception_class = WebDriverException\n        if not value:\n            value = response[\"value\"]\n        if isinstance(value, str):\n            raise exception_class(value)\n        if message == \"\" and \"message\" in value:\n            message = value[\"message\"]\n    \n        screen = None  # type: ignore[assignment]\n        if \"screen\" in value:\n            screen = value[\"screen\"]\n    \n        stacktrace = None\n        st_value = value.get(\"stackTrace\") or value.get(\"stacktrace\")\n        if st_value:\n            if isinstance(st_value, str):\n                stacktrace = st_value.split(\"\\n\")\n            else:\n                stacktrace = []\n                try:\n                    for frame in st_value:\n                        line = frame.get(\"lineNumber\", \"\")\n                        file = frame.get(\"fileName\", \"<anonymous>\")\n                        if line:\n                            file = f\"{file}:{line}\"\n                        meth = frame.get(\"methodName\", \"<anonymous>\")\n                        if \"className\" in frame:\n                            meth = f\"{frame['className']}.{meth}\"\n                        msg = \"    at %s (%s)\"\n                        msg = msg % (meth, file)\n                        stacktrace.append(msg)\n                except TypeError:\n                    pass\n        if exception_class == UnexpectedAlertPresentException:\n            alert_text = None\n            if \"data\" in value:\n                alert_text = value[\"data\"].get(\"text\")\n            elif \"alert\" in value:\n                alert_text = value[\"alert\"].get(\"text\")\n            raise exception_class(message, screen, stacktrace, alert_text)  # type: ignore[call-arg]  # mypy is not smart enough here\n>       raise exception_class(message, screen, stacktrace)\nE       selenium.common.exceptions.NoSuchElementException: Message: no such element: Unable to locate element: {\"method\":\"xpath\",\"selector\":\"//input[@class='amount']\"}\nE         (Session info: headless chrome=119.0.6045.105); For documentation on this error, please visit: https://www.selenium.dev/documentation/webdriver/troubleshooting/errors#no-such-element-exception\nE       Stacktrace:\nE       #0 0x5646b97de5e3 <unknown>\nE       #1 0x5646b94a10b7 <unknown>\nE       #2 0x5646b94eef53 <unknown>\nE       #3 0x5646b94ef051 <unknown>\nE       #4 0x5646b95349c4 <unknown>\nE       #5 0x5646b9515f1d <unknown>\nE       #6 0x5646b9531b3d <unknown>\nE       #7 0x5646b9515cc3 <unknown>\nE       #8 0x5646b94e10e4 <unknown>\nE       #9 0x5646b94e20ae <unknown>\nE       #10 0x5646b97a4ce1 <unknown>\nE       #11 0x5646b97a8b7e <unknown>\nE       #12 0x5646b97924b5 <unknown>\nE       #13 0x5646b97a97d6 <unknown>\nE       #14 0x5646b9775dbf <unknown>\nE       #15 0x5646b97cc748 <unknown>\nE       #16 0x5646b97cc917 <unknown>\nE       #17 0x5646b97dd773 <unknown>\nE       #18 0x7f36bcab9044 <unknown>\n\n/usr/local/lib/python3.11/site-packages/selenium/webdriver/remote/errorhandler.py:245: NoSuchElementException","flaky":false,"newFailed":false,"newBroken":false,"newPassed":false,"retriesCount":0,"retriesStatusChange":false,"beforeStages":[{"name":"_session_faker","time":{"start":1701047073232,"stop":1701047073300,"duration":68},"status":"passed","steps":[],"attachments":[],"parameters":[],"shouldDisplayMessage":false,"stepsCount":0,"attachmentsCount":0,"hasContent":false},{"name":"clear_allure_results_folder","time":{"start":1701047073300,"stop":1701047073300,"duration":0},"status":"passed","steps":[],"attachments":[],"parameters":[],"shouldDisplayMessage":false,"stepsCount":0,"attachmentsCount":0,"hasContent":false},{"name":"driver","time":{"start":1701047568136,"stop":1701047568870,"duration":734},"status":"passed","steps":[],"attachments":[],"parameters":[],"shouldDisplayMessage":false,"stepsCount":0,"attachmentsCount":0,"hasContent":false},{"name":"setup","time":{"start":1701047568870,"stop":1701047568871,"duration":1},"status":"passed","steps":[],"attachments":[],"parameters":[],"shouldDisplayMessage":false,"stepsCount":0,"attachmentsCount":0,"hasContent":false}],"testStage":{"status":"broken","statusMessage":"selenium.common.exceptions.NoSuchElementException: Message: no such element: Unable to locate element: {\"method\":\"xpath\",\"selector\":\"//input[@class='amount']\"}\n  (Session info: headless chrome=119.0.6045.105); For documentation on this error, please visit: https://www.selenium.dev/documentation/webdriver/troubleshooting/errors#no-such-element-exception\nStacktrace:\n#0 0x5646b97de5e3 <unknown>\n#1 0x5646b94a10b7 <unknown>\n#2 0x5646b94eef53 <unknown>\n#3 0x5646b94ef051 <unknown>\n#4 0x5646b95349c4 <unknown>\n#5 0x5646b9515f1d <unknown>\n#6 0x5646b9531b3d <unknown>\n#7 0x5646b9515cc3 <unknown>\n#8 0x5646b94e10e4 <unknown>\n#9 0x5646b94e20ae <unknown>\n#10 0x5646b97a4ce1 <unknown>\n#11 0x5646b97a8b7e <unknown>\n#12 0x5646b97924b5 <unknown>\n#13 0x5646b97a97d6 <unknown>\n#14 0x5646b9775dbf <unknown>\n#15 0x5646b97cc748 <unknown>\n#16 0x5646b97cc917 <unknown>\n#17 0x5646b97dd773 <unknown>\n#18 0x7f36bcab9044 <unknown>","statusTrace":"self = <tests.delivery.test_delivery_calculation.TestDeliveryPageCalculation object at 0x7f287c69e1d0>\ndriver = <selenium.webdriver.chrome.webdriver.WebDriver (session=\"eafadb98208a39fa53e405082239caa7\")>\nurl = 'https://sandboxtest.stroyrem-nn.ru/', case_id = 'TD 017'\nlink_item = 'products/shtukaturka-gipsovaya-aksolit-m50-30-kg-mashinnogo-naneseniya'\namount = 13, weight = 400, standard = 650, in_time = 2390, all_time = 3320\n\n    @pytest.mark.parametrize('case_id, link_item, amount, weight, standard, in_time, all_time', [\n        (\"TD 015\", bundeks_25, 1, 30, 650, 2390, 3320),\n        pytest.param(\n            \"TD 016\", aksolit_30, 8, 300, 650, 2390, 3320,\n            marks=pytest.mark.xfail(reson=\"Цена доставки: - - -\")\n        ),\n        (\"TD 017\", aksolit_30, 13, 400, 650, 2390, 3320),\n        (\"TD 018\", aksolit_30, 16, 500, 850, 2490, 3320),\n        (\"TD 019\", aksolit_30, 25, 1700, 1150, 2490, 3320),\n        (\"TD 020\", aksolit_30, 66, 2000, 1500, 2990, 3650),\n        (\"TD 021\", aksolit_30, 149, 4500, 2600, 4380, 4890),\n        (\"TD 022\", aksolit_30, 166, 5000, 2800, 5490, 5980),\n        pytest.param(\n            \"TD 023\", aksolit_30, 206, 6200, 3300, 7500, 8000,\n            marks=pytest.mark.xfail(reson=\"Цена доставки: 4300 9900 11440\")\n        ),\n        (\"TD 024\", aksolit_30, 299, 9000, 4300, 9900, 11440),\n        (\"TD 025\", aksolit_30, 333, 10000, 7000, 13900, 15900),\n        pytest.param(\n            \"TD 026\", aksolit_30, 366, 11000, 8000, 14900, 19900,\n            marks=pytest.mark.xfail(reson=\"Цена доставки: 7000 13900 15900\")\n        ),\n        pytest.param(\n            \"TD 027\", aksolit_30, 666, 20000, 14000, 16900, 23900,\n            marks=pytest.mark.xfail(reson=\"Цена доставки: 7000 13900 15900\")\n        )\n    ])\n    @pytest.mark.smoke\n    def test_positive_delivery_blue_zone_smoke(\n            self, driver, url, case_id, link_item, amount, weight, standard, in_time, all_time\n    ):\n        allure.dynamic.title(f\"{case_id} Доставка товара весом до {weight}кг. в синей зоне\")\n    \n        driver.get(f'{url}{link_item}')\n        item_page = ItemPage(driver)\n>       item_page.add_item_to_cart(amount).click_on_cart()\n\ntests/delivery/test_delivery_calculation.py:130: \n_ _ _ _ _ _ _ _ _ _ _ _ _ _ _ _ _ _ _ _ _ _ _ _ _ _ _ _ _ _ _ _ _ _ _ _ _ _ _ _ \npages/item_page.py:41: in add_item_to_cart\n    amount_field = self.find_element(self._item_amount)\nbase/seleniumbase.py:17: in find_element\n    return self.driver.find_element(*locator)\n/usr/local/lib/python3.11/site-packages/selenium/webdriver/remote/webdriver.py:740: in find_element\n    return self.execute(Command.FIND_ELEMENT, {\"using\": by, \"value\": value})[\"value\"]\n/usr/local/lib/python3.11/site-packages/selenium/webdriver/remote/webdriver.py:346: in execute\n    self.error_handler.check_response(response)\n_ _ _ _ _ _ _ _ _ _ _ _ _ _ _ _ _ _ _ _ _ _ _ _ _ _ _ _ _ _ _ _ _ _ _ _ _ _ _ _ \n\nself = <selenium.webdriver.remote.errorhandler.ErrorHandler object at 0x7f287c021a90>\nresponse = {'status': 404, 'value': '{\"value\":{\"error\":\"no such element\",\"message\":\"no such element: Unable to locate element: {\\...\\\\n#16 0x5646b97cc917 \\\\u003Cunknown>\\\\n#17 0x5646b97dd773 \\\\u003Cunknown>\\\\n#18 0x7f36bcab9044 \\\\u003Cunknown>\\\\n\"}}'}\n\n    def check_response(self, response: Dict[str, Any]) -> None:\n        \"\"\"Checks that a JSON response from the WebDriver does not have an\n        error.\n    \n        :Args:\n         - response - The JSON response from the WebDriver server as a dictionary\n           object.\n    \n        :Raises: If the response contains an error message.\n        \"\"\"\n        status = response.get(\"status\", None)\n        if not status or status == ErrorCode.SUCCESS:\n            return\n        value = None\n        message = response.get(\"message\", \"\")\n        screen: str = response.get(\"screen\", \"\")\n        stacktrace = None\n        if isinstance(status, int):\n            value_json = response.get(\"value\", None)\n            if value_json and isinstance(value_json, str):\n                import json\n    \n                try:\n                    value = json.loads(value_json)\n                    if len(value) == 1:\n                        value = value[\"value\"]\n                    status = value.get(\"error\", None)\n                    if not status:\n                        status = value.get(\"status\", ErrorCode.UNKNOWN_ERROR)\n                        message = value.get(\"value\") or value.get(\"message\")\n                        if not isinstance(message, str):\n                            value = message\n                            message = message.get(\"message\")\n                    else:\n                        message = value.get(\"message\", None)\n                except ValueError:\n                    pass\n    \n        exception_class: Type[WebDriverException]\n        if status in ErrorCode.NO_SUCH_ELEMENT:\n            exception_class = NoSuchElementException\n        elif status in ErrorCode.NO_SUCH_FRAME:\n            exception_class = NoSuchFrameException\n        elif status in ErrorCode.NO_SUCH_SHADOW_ROOT:\n            exception_class = NoSuchShadowRootException\n        elif status in ErrorCode.NO_SUCH_WINDOW:\n            exception_class = NoSuchWindowException\n        elif status in ErrorCode.STALE_ELEMENT_REFERENCE:\n            exception_class = StaleElementReferenceException\n        elif status in ErrorCode.ELEMENT_NOT_VISIBLE:\n            exception_class = ElementNotVisibleException\n        elif status in ErrorCode.INVALID_ELEMENT_STATE:\n            exception_class = InvalidElementStateException\n        elif (\n            status in ErrorCode.INVALID_SELECTOR\n            or status in ErrorCode.INVALID_XPATH_SELECTOR\n            or status in ErrorCode.INVALID_XPATH_SELECTOR_RETURN_TYPER\n        ):\n            exception_class = InvalidSelectorException\n        elif status in ErrorCode.ELEMENT_IS_NOT_SELECTABLE:\n            exception_class = ElementNotSelectableException\n        elif status in ErrorCode.ELEMENT_NOT_INTERACTABLE:\n            exception_class = ElementNotInteractableException\n        elif status in ErrorCode.INVALID_COOKIE_DOMAIN:\n            exception_class = InvalidCookieDomainException\n        elif status in ErrorCode.UNABLE_TO_SET_COOKIE:\n            exception_class = UnableToSetCookieException\n        elif status in ErrorCode.TIMEOUT:\n            exception_class = TimeoutException\n        elif status in ErrorCode.SCRIPT_TIMEOUT:\n            exception_class = TimeoutException\n        elif status in ErrorCode.UNKNOWN_ERROR:\n            exception_class = WebDriverException\n        elif status in ErrorCode.UNEXPECTED_ALERT_OPEN:\n            exception_class = UnexpectedAlertPresentException\n        elif status in ErrorCode.NO_ALERT_OPEN:\n            exception_class = NoAlertPresentException\n        elif status in ErrorCode.IME_NOT_AVAILABLE:\n            exception_class = ImeNotAvailableException\n        elif status in ErrorCode.IME_ENGINE_ACTIVATION_FAILED:\n            exception_class = ImeActivationFailedException\n        elif status in ErrorCode.MOVE_TARGET_OUT_OF_BOUNDS:\n            exception_class = MoveTargetOutOfBoundsException\n        elif status in ErrorCode.JAVASCRIPT_ERROR:\n            exception_class = JavascriptException\n        elif status in ErrorCode.SESSION_NOT_CREATED:\n            exception_class = SessionNotCreatedException\n        elif status in ErrorCode.INVALID_ARGUMENT:\n            exception_class = InvalidArgumentException\n        elif status in ErrorCode.NO_SUCH_COOKIE:\n            exception_class = NoSuchCookieException\n        elif status in ErrorCode.UNABLE_TO_CAPTURE_SCREEN:\n            exception_class = ScreenshotException\n        elif status in ErrorCode.ELEMENT_CLICK_INTERCEPTED:\n            exception_class = ElementClickInterceptedException\n        elif status in ErrorCode.INSECURE_CERTIFICATE:\n            exception_class = InsecureCertificateException\n        elif status in ErrorCode.INVALID_COORDINATES:\n            exception_class = InvalidCoordinatesException\n        elif status in ErrorCode.INVALID_SESSION_ID:\n            exception_class = InvalidSessionIdException\n        elif status in ErrorCode.UNKNOWN_METHOD:\n            exception_class = UnknownMethodException\n        else:\n            exception_class = WebDriverException\n        if not value:\n            value = response[\"value\"]\n        if isinstance(value, str):\n            raise exception_class(value)\n        if message == \"\" and \"message\" in value:\n            message = value[\"message\"]\n    \n        screen = None  # type: ignore[assignment]\n        if \"screen\" in value:\n            screen = value[\"screen\"]\n    \n        stacktrace = None\n        st_value = value.get(\"stackTrace\") or value.get(\"stacktrace\")\n        if st_value:\n            if isinstance(st_value, str):\n                stacktrace = st_value.split(\"\\n\")\n            else:\n                stacktrace = []\n                try:\n                    for frame in st_value:\n                        line = frame.get(\"lineNumber\", \"\")\n                        file = frame.get(\"fileName\", \"<anonymous>\")\n                        if line:\n                            file = f\"{file}:{line}\"\n                        meth = frame.get(\"methodName\", \"<anonymous>\")\n                        if \"className\" in frame:\n                            meth = f\"{frame['className']}.{meth}\"\n                        msg = \"    at %s (%s)\"\n                        msg = msg % (meth, file)\n                        stacktrace.append(msg)\n                except TypeError:\n                    pass\n        if exception_class == UnexpectedAlertPresentException:\n            alert_text = None\n            if \"data\" in value:\n                alert_text = value[\"data\"].get(\"text\")\n            elif \"alert\" in value:\n                alert_text = value[\"alert\"].get(\"text\")\n            raise exception_class(message, screen, stacktrace, alert_text)  # type: ignore[call-arg]  # mypy is not smart enough here\n>       raise exception_class(message, screen, stacktrace)\nE       selenium.common.exceptions.NoSuchElementException: Message: no such element: Unable to locate element: {\"method\":\"xpath\",\"selector\":\"//input[@class='amount']\"}\nE         (Session info: headless chrome=119.0.6045.105); For documentation on this error, please visit: https://www.selenium.dev/documentation/webdriver/troubleshooting/errors#no-such-element-exception\nE       Stacktrace:\nE       #0 0x5646b97de5e3 <unknown>\nE       #1 0x5646b94a10b7 <unknown>\nE       #2 0x5646b94eef53 <unknown>\nE       #3 0x5646b94ef051 <unknown>\nE       #4 0x5646b95349c4 <unknown>\nE       #5 0x5646b9515f1d <unknown>\nE       #6 0x5646b9531b3d <unknown>\nE       #7 0x5646b9515cc3 <unknown>\nE       #8 0x5646b94e10e4 <unknown>\nE       #9 0x5646b94e20ae <unknown>\nE       #10 0x5646b97a4ce1 <unknown>\nE       #11 0x5646b97a8b7e <unknown>\nE       #12 0x5646b97924b5 <unknown>\nE       #13 0x5646b97a97d6 <unknown>\nE       #14 0x5646b9775dbf <unknown>\nE       #15 0x5646b97cc748 <unknown>\nE       #16 0x5646b97cc917 <unknown>\nE       #17 0x5646b97dd773 <unknown>\nE       #18 0x7f36bcab9044 <unknown>\n\n/usr/local/lib/python3.11/site-packages/selenium/webdriver/remote/errorhandler.py:245: NoSuchElementException","steps":[{"name":"Добавляем товар в корзину в количестве 13","time":{"start":1701047572505,"stop":1701047572558,"duration":53},"status":"broken","statusMessage":"selenium.common.exceptions.NoSuchElementException: Message: no such element: Unable to locate element: {\"method\":\"xpath\",\"selector\":\"//input[@class='amount']\"}\n  (Session info: headless chrome=119.0.6045.105); For documentation on this error, please visit: https://www.selenium.dev/documentation/webdriver/troubleshooting/errors#no-such-element-exception\nStacktrace:\n#0 0x5646b97de5e3 <unknown>\n#1 0x5646b94a10b7 <unknown>\n#2 0x5646b94eef53 <unknown>\n#3 0x5646b94ef051 <unknown>\n#4 0x5646b95349c4 <unknown>\n#5 0x5646b9515f1d <unknown>\n#6 0x5646b9531b3d <unknown>\n#7 0x5646b9515cc3 <unknown>\n#8 0x5646b94e10e4 <unknown>\n#9 0x5646b94e20ae <unknown>\n#10 0x5646b97a4ce1 <unknown>\n#11 0x5646b97a8b7e <unknown>\n#12 0x5646b97924b5 <unknown>\n#13 0x5646b97a97d6 <unknown>\n#14 0x5646b9775dbf <unknown>\n#15 0x5646b97cc748 <unknown>\n#16 0x5646b97cc917 <unknown>\n#17 0x5646b97dd773 <unknown>\n#18 0x7f36bcab9044 <unknown>\n\n","statusTrace":"  File \"/usr/local/lib/python3.11/site-packages/allure_commons/_allure.py\", line 192, in impl\n    return func(*a, **kw)\n           ^^^^^^^^^^^^^^\n  File \"/app/pages/item_page.py\", line 41, in add_item_to_cart\n    amount_field = self.find_element(self._item_amount)\n                   ^^^^^^^^^^^^^^^^^^^^^^^^^^^^^^^^^^^^\n  File \"/app/base/seleniumbase.py\", line 17, in find_element\n    return self.driver.find_element(*locator)\n           ^^^^^^^^^^^^^^^^^^^^^^^^^^^^^^^^^^\n  File \"/usr/local/lib/python3.11/site-packages/selenium/webdriver/remote/webdriver.py\", line 740, in find_element\n    return self.execute(Command.FIND_ELEMENT, {\"using\": by, \"value\": value})[\"value\"]\n           ^^^^^^^^^^^^^^^^^^^^^^^^^^^^^^^^^^^^^^^^^^^^^^^^^^^^^^^^^^^^^^^^^\n  File \"/usr/local/lib/python3.11/site-packages/selenium/webdriver/remote/webdriver.py\", line 346, in execute\n    self.error_handler.check_response(response)\n  File \"/usr/local/lib/python3.11/site-packages/selenium/webdriver/remote/errorhandler.py\", line 245, in check_response\n    raise exception_class(message, screen, stacktrace)\n","steps":[],"attachments":[],"parameters":[{"name":"amount","value":"13"}],"shouldDisplayMessage":true,"stepsCount":0,"attachmentsCount":0,"hasContent":true}],"attachments":[{"uid":"bd185679242f11f","name":"Screenshot","source":"bd185679242f11f.png","type":"image/png","size":115178},{"uid":"a57fb759a770a771","name":"HTML source","source":"a57fb759a770a771.html","type":"text/html","size":303988}],"parameters":[],"shouldDisplayMessage":true,"stepsCount":1,"attachmentsCount":2,"hasContent":true},"afterStages":[{"name":"setup::0","time":{"start":1701047572704,"stop":1701047572704,"duration":0},"status":"passed","steps":[],"attachments":[],"parameters":[],"shouldDisplayMessage":false,"stepsCount":0,"attachmentsCount":0,"hasContent":false},{"name":"driver::0","time":{"start":1701047572705,"stop":1701047572764,"duration":59},"status":"passed","steps":[],"attachments":[],"parameters":[],"shouldDisplayMessage":false,"stepsCount":0,"attachmentsCount":0,"hasContent":false}],"labels":[{"name":"epic","value":"Delivery Page - calculation"},{"name":"tag","value":"smoke"},{"name":"parentSuite","value":"tests.delivery"},{"name":"suite","value":"test_delivery_calculation"},{"name":"subSuite","value":"TestDeliveryPageCalculation"},{"name":"host","value":"fc8908cdcaf6"},{"name":"thread","value":"1-MainThread"},{"name":"framework","value":"pytest"},{"name":"language","value":"cpython3"},{"name":"package","value":"tests.delivery.test_delivery_calculation"},{"name":"resultFormat","value":"allure2"}],"parameters":[{"name":"all_time","value":"3320"},{"name":"amount","value":"13"},{"name":"case_id","value":"'TD 017'"},{"name":"in_time","value":"2390"},{"name":"link_item","value":"'products/shtukaturka-gipsovaya-aksolit-m50-30-kg-mashinnogo-naneseniya'"},{"name":"standard","value":"650"},{"name":"url","value":"'https://sandboxtest.stroyrem-nn.ru/'"},{"name":"weight","value":"400"}],"links":[],"hidden":false,"retry":false,"extra":{"severity":"normal","retries":[],"categories":[{"name":"Test defects","matchedStatuses":[],"flaky":false}],"history":{"statistic":{"failed":0,"broken":89,"skipped":0,"passed":0,"unknown":0,"total":89},"items":[{"uid":"f428c4a656c6bba1","reportUrl":"https://zaelcovsky.github.io/StroyremAutomation/152//#testresult/f428c4a656c6bba1","status":"broken","statusDetails":"selenium.common.exceptions.NoSuchElementException: Message: no such element: Unable to locate element: {\"method\":\"xpath\",\"selector\":\"//input[@class='amount']\"}\n  (Session info: headless chrome=119.0.6045.105); For documentation on this error, please visit: https://www.selenium.dev/documentation/webdriver/troubleshooting/errors#no-such-element-exception\nStacktrace:\n#0 0x557f0e16e5e3 <unknown>\n#1 0x557f0de310b7 <unknown>\n#2 0x557f0de7ef53 <unknown>\n#3 0x557f0de7f051 <unknown>\n#4 0x557f0dec49c4 <unknown>\n#5 0x557f0dea5f1d <unknown>\n#6 0x557f0dec1b3d <unknown>\n#7 0x557f0dea5cc3 <unknown>\n#8 0x557f0de710e4 <unknown>\n#9 0x557f0de720ae <unknown>\n#10 0x557f0e134ce1 <unknown>\n#11 0x557f0e138b7e <unknown>\n#12 0x557f0e1224b5 <unknown>\n#13 0x557f0e1397d6 <unknown>\n#14 0x557f0e105dbf <unknown>\n#15 0x557f0e15c748 <unknown>\n#16 0x557f0e15c917 <unknown>\n#17 0x557f0e16d773 <unknown>\n#18 0x7fd475b7e044 <unknown>","time":{"start":1700961472341,"stop":1700961477424,"duration":5083}},{"uid":"fc0f94b9d9a60b84","reportUrl":"https://zaelcovsky.github.io/StroyremAutomation/151//#testresult/fc0f94b9d9a60b84","status":"broken","statusDetails":"selenium.common.exceptions.NoSuchElementException: Message: no such element: Unable to locate element: {\"method\":\"xpath\",\"selector\":\"//input[@class='amount']\"}\n  (Session info: headless chrome=119.0.6045.105); For documentation on this error, please visit: https://www.selenium.dev/documentation/webdriver/troubleshooting/errors#no-such-element-exception\nStacktrace:\n#0 0x56464e1e05e3 <unknown>\n#1 0x56464dea30b7 <unknown>\n#2 0x56464def0f53 <unknown>\n#3 0x56464def1051 <unknown>\n#4 0x56464df369c4 <unknown>\n#5 0x56464df17f1d <unknown>\n#6 0x56464df33b3d <unknown>\n#7 0x56464df17cc3 <unknown>\n#8 0x56464dee30e4 <unknown>\n#9 0x56464dee40ae <unknown>\n#10 0x56464e1a6ce1 <unknown>\n#11 0x56464e1aab7e <unknown>\n#12 0x56464e1944b5 <unknown>\n#13 0x56464e1ab7d6 <unknown>\n#14 0x56464e177dbf <unknown>\n#15 0x56464e1ce748 <unknown>\n#16 0x56464e1ce917 <unknown>\n#17 0x56464e1df773 <unknown>\n#18 0x7f669ea41044 <unknown>","time":{"start":1700874572686,"stop":1700874576436,"duration":3750}},{"uid":"46de452c10e5e592","reportUrl":"https://zaelcovsky.github.io/StroyremAutomation/150//#testresult/46de452c10e5e592","status":"broken","statusDetails":"selenium.common.exceptions.NoSuchElementException: Message: no such element: Unable to locate element: {\"method\":\"xpath\",\"selector\":\"//input[@class='amount']\"}\n  (Session info: headless chrome=119.0.6045.105); For documentation on this error, please visit: https://www.selenium.dev/documentation/webdriver/troubleshooting/errors#no-such-element-exception\nStacktrace:\n#0 0x5570b8b5e5e3 <unknown>\n#1 0x5570b88210b7 <unknown>\n#2 0x5570b886ef53 <unknown>\n#3 0x5570b886f051 <unknown>\n#4 0x5570b88b49c4 <unknown>\n#5 0x5570b8895f1d <unknown>\n#6 0x5570b88b1b3d <unknown>\n#7 0x5570b8895cc3 <unknown>\n#8 0x5570b88610e4 <unknown>\n#9 0x5570b88620ae <unknown>\n#10 0x5570b8b24ce1 <unknown>\n#11 0x5570b8b28b7e <unknown>\n#12 0x5570b8b124b5 <unknown>\n#13 0x5570b8b297d6 <unknown>\n#14 0x5570b8af5dbf <unknown>\n#15 0x5570b8b4c748 <unknown>\n#16 0x5570b8b4c917 <unknown>\n#17 0x5570b8b5d773 <unknown>\n#18 0x7f0e4fb9f044 <unknown>","time":{"start":1700788281382,"stop":1700788285167,"duration":3785}},{"uid":"96d1f7a8f4e99374","reportUrl":"https://zaelcovsky.github.io/StroyremAutomation/149//#testresult/96d1f7a8f4e99374","status":"broken","statusDetails":"selenium.common.exceptions.NoSuchElementException: Message: no such element: Unable to locate element: {\"method\":\"xpath\",\"selector\":\"//input[@class='amount']\"}\n  (Session info: headless chrome=119.0.6045.105); For documentation on this error, please visit: https://www.selenium.dev/documentation/webdriver/troubleshooting/errors#no-such-element-exception\nStacktrace:\n#0 0x55e7bf8705e3 <unknown>\n#1 0x55e7bf5330b7 <unknown>\n#2 0x55e7bf580f53 <unknown>\n#3 0x55e7bf581051 <unknown>\n#4 0x55e7bf5c69c4 <unknown>\n#5 0x55e7bf5a7f1d <unknown>\n#6 0x55e7bf5c3b3d <unknown>\n#7 0x55e7bf5a7cc3 <unknown>\n#8 0x55e7bf5730e4 <unknown>\n#9 0x55e7bf5740ae <unknown>\n#10 0x55e7bf836ce1 <unknown>\n#11 0x55e7bf83ab7e <unknown>\n#12 0x55e7bf8244b5 <unknown>\n#13 0x55e7bf83b7d6 <unknown>\n#14 0x55e7bf807dbf <unknown>\n#15 0x55e7bf85e748 <unknown>\n#16 0x55e7bf85e917 <unknown>\n#17 0x55e7bf86f773 <unknown>\n#18 0x7f919b30a044 <unknown>","time":{"start":1700701877142,"stop":1700701880428,"duration":3286}},{"uid":"834b47142738640b","reportUrl":"https://zaelcovsky.github.io/StroyremAutomation/148//#testresult/834b47142738640b","status":"broken","statusDetails":"selenium.common.exceptions.NoSuchElementException: Message: no such element: Unable to locate element: {\"method\":\"xpath\",\"selector\":\"//input[@class='amount']\"}\n  (Session info: headless chrome=119.0.6045.105); For documentation on this error, please visit: https://www.selenium.dev/documentation/webdriver/troubleshooting/errors#no-such-element-exception\nStacktrace:\n#0 0x564ef4d995e3 <unknown>\n#1 0x564ef4a5c0b7 <unknown>\n#2 0x564ef4aa9f53 <unknown>\n#3 0x564ef4aaa051 <unknown>\n#4 0x564ef4aef9c4 <unknown>\n#5 0x564ef4ad0f1d <unknown>\n#6 0x564ef4aecb3d <unknown>\n#7 0x564ef4ad0cc3 <unknown>\n#8 0x564ef4a9c0e4 <unknown>\n#9 0x564ef4a9d0ae <unknown>\n#10 0x564ef4d5fce1 <unknown>\n#11 0x564ef4d63b7e <unknown>\n#12 0x564ef4d4d4b5 <unknown>\n#13 0x564ef4d647d6 <unknown>\n#14 0x564ef4d30dbf <unknown>\n#15 0x564ef4d87748 <unknown>\n#16 0x564ef4d87917 <unknown>\n#17 0x564ef4d98773 <unknown>\n#18 0x7f7ccc28e044 <unknown>","time":{"start":1700615619921,"stop":1700615623218,"duration":3297}},{"uid":"eb9350c63e952fe8","reportUrl":"https://zaelcovsky.github.io/StroyremAutomation/147//#testresult/eb9350c63e952fe8","status":"broken","statusDetails":"selenium.common.exceptions.NoSuchElementException: Message: no such element: Unable to locate element: {\"method\":\"xpath\",\"selector\":\"//input[@class='amount']\"}\n  (Session info: headless chrome=119.0.6045.105); For documentation on this error, please visit: https://www.selenium.dev/documentation/webdriver/troubleshooting/errors#no-such-element-exception\nStacktrace:\n#0 0x55e7fcc525e3 <unknown>\n#1 0x55e7fc9150b7 <unknown>\n#2 0x55e7fc962f53 <unknown>\n#3 0x55e7fc963051 <unknown>\n#4 0x55e7fc9a89c4 <unknown>\n#5 0x55e7fc989f1d <unknown>\n#6 0x55e7fc9a5b3d <unknown>\n#7 0x55e7fc989cc3 <unknown>\n#8 0x55e7fc9550e4 <unknown>\n#9 0x55e7fc9560ae <unknown>\n#10 0x55e7fcc18ce1 <unknown>\n#11 0x55e7fcc1cb7e <unknown>\n#12 0x55e7fcc064b5 <unknown>\n#13 0x55e7fcc1d7d6 <unknown>\n#14 0x55e7fcbe9dbf <unknown>\n#15 0x55e7fcc40748 <unknown>\n#16 0x55e7fcc40917 <unknown>\n#17 0x55e7fcc51773 <unknown>\n#18 0x7fed7c6f3044 <unknown>","time":{"start":1700529248783,"stop":1700529253339,"duration":4556}},{"uid":"349a20bfd5f8d97a","reportUrl":"https://zaelcovsky.github.io/StroyremAutomation/146//#testresult/349a20bfd5f8d97a","status":"broken","statusDetails":"selenium.common.exceptions.NoSuchElementException: Message: no such element: Unable to locate element: {\"method\":\"xpath\",\"selector\":\"//input[@class='amount']\"}\n  (Session info: headless chrome=119.0.6045.105); For documentation on this error, please visit: https://www.selenium.dev/documentation/webdriver/troubleshooting/errors#no-such-element-exception\nStacktrace:\n#0 0x563f2cd125e3 <unknown>\n#1 0x563f2c9d50b7 <unknown>\n#2 0x563f2ca22f53 <unknown>\n#3 0x563f2ca23051 <unknown>\n#4 0x563f2ca689c4 <unknown>\n#5 0x563f2ca49f1d <unknown>\n#6 0x563f2ca65b3d <unknown>\n#7 0x563f2ca49cc3 <unknown>\n#8 0x563f2ca150e4 <unknown>\n#9 0x563f2ca160ae <unknown>\n#10 0x563f2ccd8ce1 <unknown>\n#11 0x563f2ccdcb7e <unknown>\n#12 0x563f2ccc64b5 <unknown>\n#13 0x563f2ccdd7d6 <unknown>\n#14 0x563f2cca9dbf <unknown>\n#15 0x563f2cd00748 <unknown>\n#16 0x563f2cd00917 <unknown>\n#17 0x563f2cd11773 <unknown>\n#18 0x7f9cd76fb044 <unknown>","time":{"start":1700442769622,"stop":1700442773349,"duration":3727}},{"uid":"6ecd2cb230dc0fda","reportUrl":"https://zaelcovsky.github.io/StroyremAutomation/145//#testresult/6ecd2cb230dc0fda","status":"broken","statusDetails":"selenium.common.exceptions.NoSuchElementException: Message: no such element: Unable to locate element: {\"method\":\"xpath\",\"selector\":\"//input[@class='amount']\"}\n  (Session info: headless chrome=119.0.6045.105); For documentation on this error, please visit: https://www.selenium.dev/documentation/webdriver/troubleshooting/errors#no-such-element-exception\nStacktrace:\n#0 0x55ea8f72e5e3 <unknown>\n#1 0x55ea8f3f10b7 <unknown>\n#2 0x55ea8f43ef53 <unknown>\n#3 0x55ea8f43f051 <unknown>\n#4 0x55ea8f4849c4 <unknown>\n#5 0x55ea8f465f1d <unknown>\n#6 0x55ea8f481b3d <unknown>\n#7 0x55ea8f465cc3 <unknown>\n#8 0x55ea8f4310e4 <unknown>\n#9 0x55ea8f4320ae <unknown>\n#10 0x55ea8f6f4ce1 <unknown>\n#11 0x55ea8f6f8b7e <unknown>\n#12 0x55ea8f6e24b5 <unknown>\n#13 0x55ea8f6f97d6 <unknown>\n#14 0x55ea8f6c5dbf <unknown>\n#15 0x55ea8f71c748 <unknown>\n#16 0x55ea8f71c917 <unknown>\n#17 0x55ea8f72d773 <unknown>\n#18 0x7f1dac538044 <unknown>","time":{"start":1700356560980,"stop":1700356564538,"duration":3558}},{"uid":"824556857bd5c611","reportUrl":"https://zaelcovsky.github.io/StroyremAutomation/144//#testresult/824556857bd5c611","status":"broken","statusDetails":"selenium.common.exceptions.NoSuchElementException: Message: no such element: Unable to locate element: {\"method\":\"xpath\",\"selector\":\"//input[@class='amount']\"}\n  (Session info: headless chrome=119.0.6045.105); For documentation on this error, please visit: https://www.selenium.dev/documentation/webdriver/troubleshooting/errors#no-such-element-exception\nStacktrace:\n#0 0x55b1ccb1d5e3 <unknown>\n#1 0x55b1cc7e00b7 <unknown>\n#2 0x55b1cc82df53 <unknown>\n#3 0x55b1cc82e051 <unknown>\n#4 0x55b1cc8739c4 <unknown>\n#5 0x55b1cc854f1d <unknown>\n#6 0x55b1cc870b3d <unknown>\n#7 0x55b1cc854cc3 <unknown>\n#8 0x55b1cc8200e4 <unknown>\n#9 0x55b1cc8210ae <unknown>\n#10 0x55b1ccae3ce1 <unknown>\n#11 0x55b1ccae7b7e <unknown>\n#12 0x55b1ccad14b5 <unknown>\n#13 0x55b1ccae87d6 <unknown>\n#14 0x55b1ccab4dbf <unknown>\n#15 0x55b1ccb0b748 <unknown>\n#16 0x55b1ccb0b917 <unknown>\n#17 0x55b1ccb1c773 <unknown>\n#18 0x7f56ef925044 <unknown>","time":{"start":1700269967815,"stop":1700269972733,"duration":4918}},{"uid":"b5c442a939be27be","reportUrl":"https://zaelcovsky.github.io/StroyremAutomation/143//#testresult/b5c442a939be27be","status":"broken","statusDetails":"selenium.common.exceptions.NoSuchElementException: Message: no such element: Unable to locate element: {\"method\":\"xpath\",\"selector\":\"//input[@class='amount']\"}\n  (Session info: headless chrome=119.0.6045.105); For documentation on this error, please visit: https://www.selenium.dev/documentation/webdriver/troubleshooting/errors#no-such-element-exception\nStacktrace:\n#0 0x556aaae075e3 <unknown>\n#1 0x556aaaaca0b7 <unknown>\n#2 0x556aaab17f53 <unknown>\n#3 0x556aaab18051 <unknown>\n#4 0x556aaab5d9c4 <unknown>\n#5 0x556aaab3ef1d <unknown>\n#6 0x556aaab5ab3d <unknown>\n#7 0x556aaab3ecc3 <unknown>\n#8 0x556aaab0a0e4 <unknown>\n#9 0x556aaab0b0ae <unknown>\n#10 0x556aaadcdce1 <unknown>\n#11 0x556aaadd1b7e <unknown>\n#12 0x556aaadbb4b5 <unknown>\n#13 0x556aaadd27d6 <unknown>\n#14 0x556aaad9edbf <unknown>\n#15 0x556aaadf5748 <unknown>\n#16 0x556aaadf5917 <unknown>\n#17 0x556aaae06773 <unknown>\n#18 0x7fce5ef21044 <unknown>","time":{"start":1700183583557,"stop":1700183587933,"duration":4376}},{"uid":"42ebf55e881521f3","reportUrl":"https://zaelcovsky.github.io/StroyremAutomation/142//#testresult/42ebf55e881521f3","status":"broken","statusDetails":"selenium.common.exceptions.NoSuchElementException: Message: no such element: Unable to locate element: {\"method\":\"xpath\",\"selector\":\"//input[@class='amount']\"}\n  (Session info: headless chrome=119.0.6045.105); For documentation on this error, please visit: https://www.selenium.dev/documentation/webdriver/troubleshooting/errors#no-such-element-exception\nStacktrace:\n#0 0x557dc55745e3 <unknown>\n#1 0x557dc52370b7 <unknown>\n#2 0x557dc5284f53 <unknown>\n#3 0x557dc5285051 <unknown>\n#4 0x557dc52ca9c4 <unknown>\n#5 0x557dc52abf1d <unknown>\n#6 0x557dc52c7b3d <unknown>\n#7 0x557dc52abcc3 <unknown>\n#8 0x557dc52770e4 <unknown>\n#9 0x557dc52780ae <unknown>\n#10 0x557dc553ace1 <unknown>\n#11 0x557dc553eb7e <unknown>\n#12 0x557dc55284b5 <unknown>\n#13 0x557dc553f7d6 <unknown>\n#14 0x557dc550bdbf <unknown>\n#15 0x557dc5562748 <unknown>\n#16 0x557dc5562917 <unknown>\n#17 0x557dc5573773 <unknown>\n#18 0x7f364ea69044 <unknown>","time":{"start":1700097137719,"stop":1700097141431,"duration":3712}},{"uid":"aa3746cbc04449ab","reportUrl":"https://zaelcovsky.github.io/StroyremAutomation/141//#testresult/aa3746cbc04449ab","status":"broken","statusDetails":"selenium.common.exceptions.NoSuchElementException: Message: no such element: Unable to locate element: {\"method\":\"xpath\",\"selector\":\"//input[@class='amount']\"}\n  (Session info: headless chrome=119.0.6045.105); For documentation on this error, please visit: https://www.selenium.dev/documentation/webdriver/troubleshooting/errors#no-such-element-exception\nStacktrace:\n#0 0x55ccba7c35e3 <unknown>\n#1 0x55ccba4860b7 <unknown>\n#2 0x55ccba4d3f53 <unknown>\n#3 0x55ccba4d4051 <unknown>\n#4 0x55ccba5199c4 <unknown>\n#5 0x55ccba4faf1d <unknown>\n#6 0x55ccba516b3d <unknown>\n#7 0x55ccba4facc3 <unknown>\n#8 0x55ccba4c60e4 <unknown>\n#9 0x55ccba4c70ae <unknown>\n#10 0x55ccba789ce1 <unknown>\n#11 0x55ccba78db7e <unknown>\n#12 0x55ccba7774b5 <unknown>\n#13 0x55ccba78e7d6 <unknown>\n#14 0x55ccba75adbf <unknown>\n#15 0x55ccba7b1748 <unknown>\n#16 0x55ccba7b1917 <unknown>\n#17 0x55ccba7c2773 <unknown>\n#18 0x7fcdc20ab044 <unknown>","time":{"start":1700010666137,"stop":1700010669522,"duration":3385}},{"uid":"b4fe7a098895abc2","reportUrl":"https://zaelcovsky.github.io/StroyremAutomation/140//#testresult/b4fe7a098895abc2","status":"broken","statusDetails":"selenium.common.exceptions.NoSuchElementException: Message: no such element: Unable to locate element: {\"method\":\"xpath\",\"selector\":\"//input[@class='amount']\"}\n  (Session info: headless chrome=119.0.6045.105); For documentation on this error, please visit: https://www.selenium.dev/documentation/webdriver/troubleshooting/errors#no-such-element-exception\nStacktrace:\n#0 0x5573115f75e3 <unknown>\n#1 0x5573112ba0b7 <unknown>\n#2 0x557311307f53 <unknown>\n#3 0x557311308051 <unknown>\n#4 0x55731134d9c4 <unknown>\n#5 0x55731132ef1d <unknown>\n#6 0x55731134ab3d <unknown>\n#7 0x55731132ecc3 <unknown>\n#8 0x5573112fa0e4 <unknown>\n#9 0x5573112fb0ae <unknown>\n#10 0x5573115bdce1 <unknown>\n#11 0x5573115c1b7e <unknown>\n#12 0x5573115ab4b5 <unknown>\n#13 0x5573115c27d6 <unknown>\n#14 0x55731158edbf <unknown>\n#15 0x5573115e5748 <unknown>\n#16 0x5573115e5917 <unknown>\n#17 0x5573115f6773 <unknown>\n#18 0x7fb6217f0044 <unknown>","time":{"start":1699924287664,"stop":1699924291686,"duration":4022}},{"uid":"46f60aff92600d82","reportUrl":"https://zaelcovsky.github.io/StroyremAutomation/139//#testresult/46f60aff92600d82","status":"broken","statusDetails":"selenium.common.exceptions.NoSuchElementException: Message: no such element: Unable to locate element: {\"method\":\"xpath\",\"selector\":\"//input[@class='amount']\"}\n  (Session info: headless chrome=119.0.6045.105); For documentation on this error, please visit: https://www.selenium.dev/documentation/webdriver/troubleshooting/errors#no-such-element-exception\nStacktrace:\n#0 0x562cdb3895e3 <unknown>\n#1 0x562cdb04c0b7 <unknown>\n#2 0x562cdb099f53 <unknown>\n#3 0x562cdb09a051 <unknown>\n#4 0x562cdb0df9c4 <unknown>\n#5 0x562cdb0c0f1d <unknown>\n#6 0x562cdb0dcb3d <unknown>\n#7 0x562cdb0c0cc3 <unknown>\n#8 0x562cdb08c0e4 <unknown>\n#9 0x562cdb08d0ae <unknown>\n#10 0x562cdb34fce1 <unknown>\n#11 0x562cdb353b7e <unknown>\n#12 0x562cdb33d4b5 <unknown>\n#13 0x562cdb3547d6 <unknown>\n#14 0x562cdb320dbf <unknown>\n#15 0x562cdb377748 <unknown>\n#16 0x562cdb377917 <unknown>\n#17 0x562cdb388773 <unknown>\n#18 0x7fbe2581a044 <unknown>","time":{"start":1699837953573,"stop":1699837957178,"duration":3605}},{"uid":"461600f8e52fb4f1","reportUrl":"https://zaelcovsky.github.io/StroyremAutomation/138//#testresult/461600f8e52fb4f1","status":"broken","statusDetails":"selenium.common.exceptions.NoSuchElementException: Message: no such element: Unable to locate element: {\"method\":\"xpath\",\"selector\":\"//input[@class='amount']\"}\n  (Session info: headless chrome=119.0.6045.105); For documentation on this error, please visit: https://www.selenium.dev/documentation/webdriver/troubleshooting/errors#no-such-element-exception\nStacktrace:\n#0 0x555684f4b5e3 <unknown>\n#1 0x555684c0e0b7 <unknown>\n#2 0x555684c5bf53 <unknown>\n#3 0x555684c5c051 <unknown>\n#4 0x555684ca19c4 <unknown>\n#5 0x555684c82f1d <unknown>\n#6 0x555684c9eb3d <unknown>\n#7 0x555684c82cc3 <unknown>\n#8 0x555684c4e0e4 <unknown>\n#9 0x555684c4f0ae <unknown>\n#10 0x555684f11ce1 <unknown>\n#11 0x555684f15b7e <unknown>\n#12 0x555684eff4b5 <unknown>\n#13 0x555684f167d6 <unknown>\n#14 0x555684ee2dbf <unknown>\n#15 0x555684f39748 <unknown>\n#16 0x555684f39917 <unknown>\n#17 0x555684f4a773 <unknown>\n#18 0x7feb6c9bd044 <unknown>","time":{"start":1699751765664,"stop":1699751769669,"duration":4005}},{"uid":"d65d9a86c0458ae5","reportUrl":"https://zaelcovsky.github.io/StroyremAutomation/137//#testresult/d65d9a86c0458ae5","status":"broken","statusDetails":"selenium.common.exceptions.NoSuchElementException: Message: no such element: Unable to locate element: {\"method\":\"xpath\",\"selector\":\"//input[@class='amount']\"}\n  (Session info: headless chrome=119.0.6045.105); For documentation on this error, please visit: https://www.selenium.dev/documentation/webdriver/troubleshooting/errors#no-such-element-exception\nStacktrace:\n#0 0x561ce23fa5e3 <unknown>\n#1 0x561ce20bd0b7 <unknown>\n#2 0x561ce210af53 <unknown>\n#3 0x561ce210b051 <unknown>\n#4 0x561ce21509c4 <unknown>\n#5 0x561ce2131f1d <unknown>\n#6 0x561ce214db3d <unknown>\n#7 0x561ce2131cc3 <unknown>\n#8 0x561ce20fd0e4 <unknown>\n#9 0x561ce20fe0ae <unknown>\n#10 0x561ce23c0ce1 <unknown>\n#11 0x561ce23c4b7e <unknown>\n#12 0x561ce23ae4b5 <unknown>\n#13 0x561ce23c57d6 <unknown>\n#14 0x561ce2391dbf <unknown>\n#15 0x561ce23e8748 <unknown>\n#16 0x561ce23e8917 <unknown>\n#17 0x561ce23f9773 <unknown>\n#18 0x7efe89c96044 <unknown>","time":{"start":1699664932713,"stop":1699664936522,"duration":3809}},{"uid":"147dd906ef424d52","reportUrl":"https://zaelcovsky.github.io/StroyremAutomation/136//#testresult/147dd906ef424d52","status":"broken","statusDetails":"selenium.common.exceptions.NoSuchElementException: Message: no such element: Unable to locate element: {\"method\":\"xpath\",\"selector\":\"//input[@class='amount']\"}\n  (Session info: headless chrome=119.0.6045.105); For documentation on this error, please visit: https://www.selenium.dev/documentation/webdriver/troubleshooting/errors#no-such-element-exception\nStacktrace:\n#0 0x55bee1ad05e3 <unknown>\n#1 0x55bee17930b7 <unknown>\n#2 0x55bee17e0f53 <unknown>\n#3 0x55bee17e1051 <unknown>\n#4 0x55bee18269c4 <unknown>\n#5 0x55bee1807f1d <unknown>\n#6 0x55bee1823b3d <unknown>\n#7 0x55bee1807cc3 <unknown>\n#8 0x55bee17d30e4 <unknown>\n#9 0x55bee17d40ae <unknown>\n#10 0x55bee1a96ce1 <unknown>\n#11 0x55bee1a9ab7e <unknown>\n#12 0x55bee1a844b5 <unknown>\n#13 0x55bee1a9b7d6 <unknown>\n#14 0x55bee1a67dbf <unknown>\n#15 0x55bee1abe748 <unknown>\n#16 0x55bee1abe917 <unknown>\n#17 0x55bee1acf773 <unknown>\n#18 0x7f29bd862044 <unknown>","time":{"start":1699578665900,"stop":1699578670412,"duration":4512}},{"uid":"b6f1f2f3f46cc902","reportUrl":"https://zaelcovsky.github.io/StroyremAutomation/135//#testresult/b6f1f2f3f46cc902","status":"broken","statusDetails":"selenium.common.exceptions.NoSuchElementException: Message: no such element: Unable to locate element: {\"method\":\"xpath\",\"selector\":\"//input[@class='amount']\"}\n  (Session info: headless chrome=119.0.6045.105); For documentation on this error, please visit: https://www.selenium.dev/documentation/webdriver/troubleshooting/errors#no-such-element-exception\nStacktrace:\n#0 0x55e0bf5775e3 <unknown>\n#1 0x55e0bf23a0b7 <unknown>\n#2 0x55e0bf287f53 <unknown>\n#3 0x55e0bf288051 <unknown>\n#4 0x55e0bf2cd9c4 <unknown>\n#5 0x55e0bf2aef1d <unknown>\n#6 0x55e0bf2cab3d <unknown>\n#7 0x55e0bf2aecc3 <unknown>\n#8 0x55e0bf27a0e4 <unknown>\n#9 0x55e0bf27b0ae <unknown>\n#10 0x55e0bf53dce1 <unknown>\n#11 0x55e0bf541b7e <unknown>\n#12 0x55e0bf52b4b5 <unknown>\n#13 0x55e0bf5427d6 <unknown>\n#14 0x55e0bf50edbf <unknown>\n#15 0x55e0bf565748 <unknown>\n#16 0x55e0bf565917 <unknown>\n#17 0x55e0bf576773 <unknown>\n#18 0x7f96a21f8044 <unknown>","time":{"start":1699492262507,"stop":1699492265890,"duration":3383}},{"uid":"ba459001241125e","reportUrl":"https://zaelcovsky.github.io/StroyremAutomation/134//#testresult/ba459001241125e","status":"broken","statusDetails":"selenium.common.exceptions.NoSuchElementException: Message: no such element: Unable to locate element: {\"method\":\"xpath\",\"selector\":\"//input[@class='amount']\"}\n  (Session info: headless chrome=119.0.6045.105); For documentation on this error, please visit: https://www.selenium.dev/documentation/webdriver/troubleshooting/errors#no-such-element-exception\nStacktrace:\n#0 0x5622032c85e3 <unknown>\n#1 0x562202f8b0b7 <unknown>\n#2 0x562202fd8f53 <unknown>\n#3 0x562202fd9051 <unknown>\n#4 0x56220301e9c4 <unknown>\n#5 0x562202ffff1d <unknown>\n#6 0x56220301bb3d <unknown>\n#7 0x562202fffcc3 <unknown>\n#8 0x562202fcb0e4 <unknown>\n#9 0x562202fcc0ae <unknown>\n#10 0x56220328ece1 <unknown>\n#11 0x562203292b7e <unknown>\n#12 0x56220327c4b5 <unknown>\n#13 0x5622032937d6 <unknown>\n#14 0x56220325fdbf <unknown>\n#15 0x5622032b6748 <unknown>\n#16 0x5622032b6917 <unknown>\n#17 0x5622032c7773 <unknown>\n#18 0x7fb82f9f1044 <unknown>","time":{"start":1699405792720,"stop":1699405796438,"duration":3718}},{"uid":"9a6377924aeb4222","reportUrl":"https://zaelcovsky.github.io/StroyremAutomation/133//#testresult/9a6377924aeb4222","status":"broken","statusDetails":"selenium.common.exceptions.NoSuchElementException: Message: no such element: Unable to locate element: {\"method\":\"xpath\",\"selector\":\"//input[@class='amount']\"}\n  (Session info: headless chrome=119.0.6045.105); For documentation on this error, please visit: https://www.selenium.dev/documentation/webdriver/troubleshooting/errors#no-such-element-exception\nStacktrace:\n#0 0x55e128d665e3 <unknown>\n#1 0x55e128a290b7 <unknown>\n#2 0x55e128a76f53 <unknown>\n#3 0x55e128a77051 <unknown>\n#4 0x55e128abc9c4 <unknown>\n#5 0x55e128a9df1d <unknown>\n#6 0x55e128ab9b3d <unknown>\n#7 0x55e128a9dcc3 <unknown>\n#8 0x55e128a690e4 <unknown>\n#9 0x55e128a6a0ae <unknown>\n#10 0x55e128d2cce1 <unknown>\n#11 0x55e128d30b7e <unknown>\n#12 0x55e128d1a4b5 <unknown>\n#13 0x55e128d317d6 <unknown>\n#14 0x55e128cfddbf <unknown>\n#15 0x55e128d54748 <unknown>\n#16 0x55e128d54917 <unknown>\n#17 0x55e128d65773 <unknown>\n#18 0x7ff5da012044 <unknown>","time":{"start":1699319498636,"stop":1699319502759,"duration":4123}}]},"tags":["smoke"]},"source":"e767d079d3caa085.json","parameterValues":["3320","13","'TD 017'","2390","'products/shtukaturka-gipsovaya-aksolit-m50-30-kg-mashinnogo-naneseniya'","650","'https://sandboxtest.stroyrem-nn.ru/'","400"]}