{"uid":"60b2eafb7bd90aa4","name":"TC 011 - Проверка функциональности ссылки 'Подъем на этаж'","fullName":"tests.test_main_page.TestMainPage#test_positive_footer_lifting_smoke","historyId":"a471821c1810b98ab4357088c4c3f5dc","time":{"start":1707526843662,"stop":1707526843675,"duration":13},"status":"broken","statusMessage":"selenium.common.exceptions.NoSuchElementException: Message: no such element: Unable to locate element: {\"method\":\"xpath\",\"selector\":\"(//a[@href='/podem-strojmaterialov-v-kvartiru'])[3]\"}\n  (Session info: chrome-headless-shell=121.0.6167.85); For documentation on this error, please visit: https://www.selenium.dev/documentation/webdriver/troubleshooting/errors#no-such-element-exception\nStacktrace:\n#0 0x55c3ea087d93 <unknown>\n#1 0x55c3e9d6b337 <unknown>\n#2 0x55c3e9db6d60 <unknown>\n#3 0x55c3e9db6e51 <unknown>\n#4 0x55c3e9dfabc4 <unknown>\n#5 0x55c3e9dd946d <unknown>\n#6 0x55c3e9df812d <unknown>\n#7 0x55c3e9dd91e3 <unknown>\n#8 0x55c3e9da9135 <unknown>\n#9 0x55c3e9daa13e <unknown>\n#10 0x55c3ea04be4b <unknown>\n#11 0x55c3ea04fdfa <unknown>\n#12 0x55c3ea0386d5 <unknown>\n#13 0x55c3ea050a6f <unknown>\n#14 0x55c3ea01c69f <unknown>\n#15 0x55c3ea075098 <unknown>\n#16 0x55c3ea075262 <unknown>\n#17 0x55c3ea086f34 <unknown>\n#18 0x7f864c1d3134 <unknown>","statusTrace":"self = <tests.test_main_page.TestMainPage object at 0x7fd2b9f51a50>\nmain_page = <pages.main_page.MainPage object at 0x7fd2b87dac10>\n\n    @allure.feature(\"Footer functionality\")\n    @allure.title(\"TC 011 - Проверка функциональности ссылки 'Подъем на этаж'\")\n    @pytest.mark.smoke_test\n    def test_positive_footer_lifting_smoke(self, main_page):\n        lifting_page = LiftingPage(main_page.driver)\n>       main_page.check_floor_climb_link()\n\ntests/test_main_page.py:107: \n_ _ _ _ _ _ _ _ _ _ _ _ _ _ _ _ _ _ _ _ _ _ _ _ _ _ _ _ _ _ _ _ _ _ _ _ _ _ _ _ \npages/main_page.py:142: in check_floor_climb_link\n    self.driver.find_element(*self._floor_climb_link).click()\n/usr/local/lib/python3.11/site-packages/selenium/webdriver/remote/webdriver.py:740: in find_element\n    return self.execute(Command.FIND_ELEMENT, {\"using\": by, \"value\": value})[\"value\"]\n/usr/local/lib/python3.11/site-packages/selenium/webdriver/remote/webdriver.py:346: in execute\n    self.error_handler.check_response(response)\n_ _ _ _ _ _ _ _ _ _ _ _ _ _ _ _ _ _ _ _ _ _ _ _ _ _ _ _ _ _ _ _ _ _ _ _ _ _ _ _ \n\nself = <selenium.webdriver.remote.errorhandler.ErrorHandler object at 0x7fd2b9b499d0>\nresponse = {'status': 404, 'value': '{\"value\":{\"error\":\"no such element\",\"message\":\"no such element: Unable to locate element: {\\...\\\\n#16 0x55c3ea075262 \\\\u003Cunknown>\\\\n#17 0x55c3ea086f34 \\\\u003Cunknown>\\\\n#18 0x7f864c1d3134 \\\\u003Cunknown>\\\\n\"}}'}\n\n    def check_response(self, response: Dict[str, Any]) -> None:\n        \"\"\"Checks that a JSON response from the WebDriver does not have an\n        error.\n    \n        :Args:\n         - response - The JSON response from the WebDriver server as a dictionary\n           object.\n    \n        :Raises: If the response contains an error message.\n        \"\"\"\n        status = response.get(\"status\", None)\n        if not status or status == ErrorCode.SUCCESS:\n            return\n        value = None\n        message = response.get(\"message\", \"\")\n        screen: str = response.get(\"screen\", \"\")\n        stacktrace = None\n        if isinstance(status, int):\n            value_json = response.get(\"value\", None)\n            if value_json and isinstance(value_json, str):\n                import json\n    \n                try:\n                    value = json.loads(value_json)\n                    if len(value) == 1:\n                        value = value[\"value\"]\n                    status = value.get(\"error\", None)\n                    if not status:\n                        status = value.get(\"status\", ErrorCode.UNKNOWN_ERROR)\n                        message = value.get(\"value\") or value.get(\"message\")\n                        if not isinstance(message, str):\n                            value = message\n                            message = message.get(\"message\")\n                    else:\n                        message = value.get(\"message\", None)\n                except ValueError:\n                    pass\n    \n        exception_class: Type[WebDriverException]\n        if status in ErrorCode.NO_SUCH_ELEMENT:\n            exception_class = NoSuchElementException\n        elif status in ErrorCode.NO_SUCH_FRAME:\n            exception_class = NoSuchFrameException\n        elif status in ErrorCode.NO_SUCH_SHADOW_ROOT:\n            exception_class = NoSuchShadowRootException\n        elif status in ErrorCode.NO_SUCH_WINDOW:\n            exception_class = NoSuchWindowException\n        elif status in ErrorCode.STALE_ELEMENT_REFERENCE:\n            exception_class = StaleElementReferenceException\n        elif status in ErrorCode.ELEMENT_NOT_VISIBLE:\n            exception_class = ElementNotVisibleException\n        elif status in ErrorCode.INVALID_ELEMENT_STATE:\n            exception_class = InvalidElementStateException\n        elif (\n            status in ErrorCode.INVALID_SELECTOR\n            or status in ErrorCode.INVALID_XPATH_SELECTOR\n            or status in ErrorCode.INVALID_XPATH_SELECTOR_RETURN_TYPER\n        ):\n            exception_class = InvalidSelectorException\n        elif status in ErrorCode.ELEMENT_IS_NOT_SELECTABLE:\n            exception_class = ElementNotSelectableException\n        elif status in ErrorCode.ELEMENT_NOT_INTERACTABLE:\n            exception_class = ElementNotInteractableException\n        elif status in ErrorCode.INVALID_COOKIE_DOMAIN:\n            exception_class = InvalidCookieDomainException\n        elif status in ErrorCode.UNABLE_TO_SET_COOKIE:\n            exception_class = UnableToSetCookieException\n        elif status in ErrorCode.TIMEOUT:\n            exception_class = TimeoutException\n        elif status in ErrorCode.SCRIPT_TIMEOUT:\n            exception_class = TimeoutException\n        elif status in ErrorCode.UNKNOWN_ERROR:\n            exception_class = WebDriverException\n        elif status in ErrorCode.UNEXPECTED_ALERT_OPEN:\n            exception_class = UnexpectedAlertPresentException\n        elif status in ErrorCode.NO_ALERT_OPEN:\n            exception_class = NoAlertPresentException\n        elif status in ErrorCode.IME_NOT_AVAILABLE:\n            exception_class = ImeNotAvailableException\n        elif status in ErrorCode.IME_ENGINE_ACTIVATION_FAILED:\n            exception_class = ImeActivationFailedException\n        elif status in ErrorCode.MOVE_TARGET_OUT_OF_BOUNDS:\n            exception_class = MoveTargetOutOfBoundsException\n        elif status in ErrorCode.JAVASCRIPT_ERROR:\n            exception_class = JavascriptException\n        elif status in ErrorCode.SESSION_NOT_CREATED:\n            exception_class = SessionNotCreatedException\n        elif status in ErrorCode.INVALID_ARGUMENT:\n            exception_class = InvalidArgumentException\n        elif status in ErrorCode.NO_SUCH_COOKIE:\n            exception_class = NoSuchCookieException\n        elif status in ErrorCode.UNABLE_TO_CAPTURE_SCREEN:\n            exception_class = ScreenshotException\n        elif status in ErrorCode.ELEMENT_CLICK_INTERCEPTED:\n            exception_class = ElementClickInterceptedException\n        elif status in ErrorCode.INSECURE_CERTIFICATE:\n            exception_class = InsecureCertificateException\n        elif status in ErrorCode.INVALID_COORDINATES:\n            exception_class = InvalidCoordinatesException\n        elif status in ErrorCode.INVALID_SESSION_ID:\n            exception_class = InvalidSessionIdException\n        elif status in ErrorCode.UNKNOWN_METHOD:\n            exception_class = UnknownMethodException\n        else:\n            exception_class = WebDriverException\n        if not value:\n            value = response[\"value\"]\n        if isinstance(value, str):\n            raise exception_class(value)\n        if message == \"\" and \"message\" in value:\n            message = value[\"message\"]\n    \n        screen = None  # type: ignore[assignment]\n        if \"screen\" in value:\n            screen = value[\"screen\"]\n    \n        stacktrace = None\n        st_value = value.get(\"stackTrace\") or value.get(\"stacktrace\")\n        if st_value:\n            if isinstance(st_value, str):\n                stacktrace = st_value.split(\"\\n\")\n            else:\n                stacktrace = []\n                try:\n                    for frame in st_value:\n                        line = frame.get(\"lineNumber\", \"\")\n                        file = frame.get(\"fileName\", \"<anonymous>\")\n                        if line:\n                            file = f\"{file}:{line}\"\n                        meth = frame.get(\"methodName\", \"<anonymous>\")\n                        if \"className\" in frame:\n                            meth = f\"{frame['className']}.{meth}\"\n                        msg = \"    at %s (%s)\"\n                        msg = msg % (meth, file)\n                        stacktrace.append(msg)\n                except TypeError:\n                    pass\n        if exception_class == UnexpectedAlertPresentException:\n            alert_text = None\n            if \"data\" in value:\n                alert_text = value[\"data\"].get(\"text\")\n            elif \"alert\" in value:\n                alert_text = value[\"alert\"].get(\"text\")\n            raise exception_class(message, screen, stacktrace, alert_text)  # type: ignore[call-arg]  # mypy is not smart enough here\n>       raise exception_class(message, screen, stacktrace)\nE       selenium.common.exceptions.NoSuchElementException: Message: no such element: Unable to locate element: {\"method\":\"xpath\",\"selector\":\"(//a[@href='/podem-strojmaterialov-v-kvartiru'])[3]\"}\nE         (Session info: chrome-headless-shell=121.0.6167.85); For documentation on this error, please visit: https://www.selenium.dev/documentation/webdriver/troubleshooting/errors#no-such-element-exception\nE       Stacktrace:\nE       #0 0x55c3ea087d93 <unknown>\nE       #1 0x55c3e9d6b337 <unknown>\nE       #2 0x55c3e9db6d60 <unknown>\nE       #3 0x55c3e9db6e51 <unknown>\nE       #4 0x55c3e9dfabc4 <unknown>\nE       #5 0x55c3e9dd946d <unknown>\nE       #6 0x55c3e9df812d <unknown>\nE       #7 0x55c3e9dd91e3 <unknown>\nE       #8 0x55c3e9da9135 <unknown>\nE       #9 0x55c3e9daa13e <unknown>\nE       #10 0x55c3ea04be4b <unknown>\nE       #11 0x55c3ea04fdfa <unknown>\nE       #12 0x55c3ea0386d5 <unknown>\nE       #13 0x55c3ea050a6f <unknown>\nE       #14 0x55c3ea01c69f <unknown>\nE       #15 0x55c3ea075098 <unknown>\nE       #16 0x55c3ea075262 <unknown>\nE       #17 0x55c3ea086f34 <unknown>\nE       #18 0x7f864c1d3134 <unknown>\n\n/usr/local/lib/python3.11/site-packages/selenium/webdriver/remote/errorhandler.py:245: NoSuchElementException","flaky":false,"newFailed":false,"newBroken":false,"newPassed":false,"retriesCount":0,"retriesStatusChange":false,"beforeStages":[{"name":"_session_faker","time":{"start":1707526713195,"stop":1707526713266,"duration":71},"status":"passed","steps":[],"attachments":[],"parameters":[],"shouldDisplayMessage":false,"stepsCount":0,"attachmentsCount":0,"hasContent":false,"attachmentStep":false},{"name":"clear_allure_results_folder","time":{"start":1707526713266,"stop":1707526713267,"duration":1},"status":"passed","steps":[],"attachments":[],"parameters":[],"shouldDisplayMessage":false,"stepsCount":0,"attachmentsCount":0,"hasContent":false,"attachmentStep":false},{"name":"driver","time":{"start":1707526842568,"stop":1707526843300,"duration":732},"status":"passed","steps":[],"attachments":[],"parameters":[],"shouldDisplayMessage":false,"stepsCount":0,"attachmentsCount":0,"hasContent":false,"attachmentStep":false},{"name":"main_page","time":{"start":1707526843300,"stop":1707526843662,"duration":362},"status":"passed","steps":[],"attachments":[],"parameters":[],"shouldDisplayMessage":false,"stepsCount":0,"attachmentsCount":0,"hasContent":false,"attachmentStep":false},{"name":"setup","time":{"start":1707526843300,"stop":1707526843300,"duration":0},"status":"passed","steps":[],"attachments":[],"parameters":[],"shouldDisplayMessage":false,"stepsCount":0,"attachmentsCount":0,"hasContent":false,"attachmentStep":false}],"testStage":{"status":"broken","statusMessage":"selenium.common.exceptions.NoSuchElementException: Message: no such element: Unable to locate element: {\"method\":\"xpath\",\"selector\":\"(//a[@href='/podem-strojmaterialov-v-kvartiru'])[3]\"}\n  (Session info: chrome-headless-shell=121.0.6167.85); For documentation on this error, please visit: https://www.selenium.dev/documentation/webdriver/troubleshooting/errors#no-such-element-exception\nStacktrace:\n#0 0x55c3ea087d93 <unknown>\n#1 0x55c3e9d6b337 <unknown>\n#2 0x55c3e9db6d60 <unknown>\n#3 0x55c3e9db6e51 <unknown>\n#4 0x55c3e9dfabc4 <unknown>\n#5 0x55c3e9dd946d <unknown>\n#6 0x55c3e9df812d <unknown>\n#7 0x55c3e9dd91e3 <unknown>\n#8 0x55c3e9da9135 <unknown>\n#9 0x55c3e9daa13e <unknown>\n#10 0x55c3ea04be4b <unknown>\n#11 0x55c3ea04fdfa <unknown>\n#12 0x55c3ea0386d5 <unknown>\n#13 0x55c3ea050a6f <unknown>\n#14 0x55c3ea01c69f <unknown>\n#15 0x55c3ea075098 <unknown>\n#16 0x55c3ea075262 <unknown>\n#17 0x55c3ea086f34 <unknown>\n#18 0x7f864c1d3134 <unknown>","statusTrace":"self = <tests.test_main_page.TestMainPage object at 0x7fd2b9f51a50>\nmain_page = <pages.main_page.MainPage object at 0x7fd2b87dac10>\n\n    @allure.feature(\"Footer functionality\")\n    @allure.title(\"TC 011 - Проверка функциональности ссылки 'Подъем на этаж'\")\n    @pytest.mark.smoke_test\n    def test_positive_footer_lifting_smoke(self, main_page):\n        lifting_page = LiftingPage(main_page.driver)\n>       main_page.check_floor_climb_link()\n\ntests/test_main_page.py:107: \n_ _ _ _ _ _ _ _ _ _ _ _ _ _ _ _ _ _ _ _ _ _ _ _ _ _ _ _ _ _ _ _ _ _ _ _ _ _ _ _ \npages/main_page.py:142: in check_floor_climb_link\n    self.driver.find_element(*self._floor_climb_link).click()\n/usr/local/lib/python3.11/site-packages/selenium/webdriver/remote/webdriver.py:740: in find_element\n    return self.execute(Command.FIND_ELEMENT, {\"using\": by, \"value\": value})[\"value\"]\n/usr/local/lib/python3.11/site-packages/selenium/webdriver/remote/webdriver.py:346: in execute\n    self.error_handler.check_response(response)\n_ _ _ _ _ _ _ _ _ _ _ _ _ _ _ _ _ _ _ _ _ _ _ _ _ _ _ _ _ _ _ _ _ _ _ _ _ _ _ _ \n\nself = <selenium.webdriver.remote.errorhandler.ErrorHandler object at 0x7fd2b9b499d0>\nresponse = {'status': 404, 'value': '{\"value\":{\"error\":\"no such element\",\"message\":\"no such element: Unable to locate element: {\\...\\\\n#16 0x55c3ea075262 \\\\u003Cunknown>\\\\n#17 0x55c3ea086f34 \\\\u003Cunknown>\\\\n#18 0x7f864c1d3134 \\\\u003Cunknown>\\\\n\"}}'}\n\n    def check_response(self, response: Dict[str, Any]) -> None:\n        \"\"\"Checks that a JSON response from the WebDriver does not have an\n        error.\n    \n        :Args:\n         - response - The JSON response from the WebDriver server as a dictionary\n           object.\n    \n        :Raises: If the response contains an error message.\n        \"\"\"\n        status = response.get(\"status\", None)\n        if not status or status == ErrorCode.SUCCESS:\n            return\n        value = None\n        message = response.get(\"message\", \"\")\n        screen: str = response.get(\"screen\", \"\")\n        stacktrace = None\n        if isinstance(status, int):\n            value_json = response.get(\"value\", None)\n            if value_json and isinstance(value_json, str):\n                import json\n    \n                try:\n                    value = json.loads(value_json)\n                    if len(value) == 1:\n                        value = value[\"value\"]\n                    status = value.get(\"error\", None)\n                    if not status:\n                        status = value.get(\"status\", ErrorCode.UNKNOWN_ERROR)\n                        message = value.get(\"value\") or value.get(\"message\")\n                        if not isinstance(message, str):\n                            value = message\n                            message = message.get(\"message\")\n                    else:\n                        message = value.get(\"message\", None)\n                except ValueError:\n                    pass\n    \n        exception_class: Type[WebDriverException]\n        if status in ErrorCode.NO_SUCH_ELEMENT:\n            exception_class = NoSuchElementException\n        elif status in ErrorCode.NO_SUCH_FRAME:\n            exception_class = NoSuchFrameException\n        elif status in ErrorCode.NO_SUCH_SHADOW_ROOT:\n            exception_class = NoSuchShadowRootException\n        elif status in ErrorCode.NO_SUCH_WINDOW:\n            exception_class = NoSuchWindowException\n        elif status in ErrorCode.STALE_ELEMENT_REFERENCE:\n            exception_class = StaleElementReferenceException\n        elif status in ErrorCode.ELEMENT_NOT_VISIBLE:\n            exception_class = ElementNotVisibleException\n        elif status in ErrorCode.INVALID_ELEMENT_STATE:\n            exception_class = InvalidElementStateException\n        elif (\n            status in ErrorCode.INVALID_SELECTOR\n            or status in ErrorCode.INVALID_XPATH_SELECTOR\n            or status in ErrorCode.INVALID_XPATH_SELECTOR_RETURN_TYPER\n        ):\n            exception_class = InvalidSelectorException\n        elif status in ErrorCode.ELEMENT_IS_NOT_SELECTABLE:\n            exception_class = ElementNotSelectableException\n        elif status in ErrorCode.ELEMENT_NOT_INTERACTABLE:\n            exception_class = ElementNotInteractableException\n        elif status in ErrorCode.INVALID_COOKIE_DOMAIN:\n            exception_class = InvalidCookieDomainException\n        elif status in ErrorCode.UNABLE_TO_SET_COOKIE:\n            exception_class = UnableToSetCookieException\n        elif status in ErrorCode.TIMEOUT:\n            exception_class = TimeoutException\n        elif status in ErrorCode.SCRIPT_TIMEOUT:\n            exception_class = TimeoutException\n        elif status in ErrorCode.UNKNOWN_ERROR:\n            exception_class = WebDriverException\n        elif status in ErrorCode.UNEXPECTED_ALERT_OPEN:\n            exception_class = UnexpectedAlertPresentException\n        elif status in ErrorCode.NO_ALERT_OPEN:\n            exception_class = NoAlertPresentException\n        elif status in ErrorCode.IME_NOT_AVAILABLE:\n            exception_class = ImeNotAvailableException\n        elif status in ErrorCode.IME_ENGINE_ACTIVATION_FAILED:\n            exception_class = ImeActivationFailedException\n        elif status in ErrorCode.MOVE_TARGET_OUT_OF_BOUNDS:\n            exception_class = MoveTargetOutOfBoundsException\n        elif status in ErrorCode.JAVASCRIPT_ERROR:\n            exception_class = JavascriptException\n        elif status in ErrorCode.SESSION_NOT_CREATED:\n            exception_class = SessionNotCreatedException\n        elif status in ErrorCode.INVALID_ARGUMENT:\n            exception_class = InvalidArgumentException\n        elif status in ErrorCode.NO_SUCH_COOKIE:\n            exception_class = NoSuchCookieException\n        elif status in ErrorCode.UNABLE_TO_CAPTURE_SCREEN:\n            exception_class = ScreenshotException\n        elif status in ErrorCode.ELEMENT_CLICK_INTERCEPTED:\n            exception_class = ElementClickInterceptedException\n        elif status in ErrorCode.INSECURE_CERTIFICATE:\n            exception_class = InsecureCertificateException\n        elif status in ErrorCode.INVALID_COORDINATES:\n            exception_class = InvalidCoordinatesException\n        elif status in ErrorCode.INVALID_SESSION_ID:\n            exception_class = InvalidSessionIdException\n        elif status in ErrorCode.UNKNOWN_METHOD:\n            exception_class = UnknownMethodException\n        else:\n            exception_class = WebDriverException\n        if not value:\n            value = response[\"value\"]\n        if isinstance(value, str):\n            raise exception_class(value)\n        if message == \"\" and \"message\" in value:\n            message = value[\"message\"]\n    \n        screen = None  # type: ignore[assignment]\n        if \"screen\" in value:\n            screen = value[\"screen\"]\n    \n        stacktrace = None\n        st_value = value.get(\"stackTrace\") or value.get(\"stacktrace\")\n        if st_value:\n            if isinstance(st_value, str):\n                stacktrace = st_value.split(\"\\n\")\n            else:\n                stacktrace = []\n                try:\n                    for frame in st_value:\n                        line = frame.get(\"lineNumber\", \"\")\n                        file = frame.get(\"fileName\", \"<anonymous>\")\n                        if line:\n                            file = f\"{file}:{line}\"\n                        meth = frame.get(\"methodName\", \"<anonymous>\")\n                        if \"className\" in frame:\n                            meth = f\"{frame['className']}.{meth}\"\n                        msg = \"    at %s (%s)\"\n                        msg = msg % (meth, file)\n                        stacktrace.append(msg)\n                except TypeError:\n                    pass\n        if exception_class == UnexpectedAlertPresentException:\n            alert_text = None\n            if \"data\" in value:\n                alert_text = value[\"data\"].get(\"text\")\n            elif \"alert\" in value:\n                alert_text = value[\"alert\"].get(\"text\")\n            raise exception_class(message, screen, stacktrace, alert_text)  # type: ignore[call-arg]  # mypy is not smart enough here\n>       raise exception_class(message, screen, stacktrace)\nE       selenium.common.exceptions.NoSuchElementException: Message: no such element: Unable to locate element: {\"method\":\"xpath\",\"selector\":\"(//a[@href='/podem-strojmaterialov-v-kvartiru'])[3]\"}\nE         (Session info: chrome-headless-shell=121.0.6167.85); For documentation on this error, please visit: https://www.selenium.dev/documentation/webdriver/troubleshooting/errors#no-such-element-exception\nE       Stacktrace:\nE       #0 0x55c3ea087d93 <unknown>\nE       #1 0x55c3e9d6b337 <unknown>\nE       #2 0x55c3e9db6d60 <unknown>\nE       #3 0x55c3e9db6e51 <unknown>\nE       #4 0x55c3e9dfabc4 <unknown>\nE       #5 0x55c3e9dd946d <unknown>\nE       #6 0x55c3e9df812d <unknown>\nE       #7 0x55c3e9dd91e3 <unknown>\nE       #8 0x55c3e9da9135 <unknown>\nE       #9 0x55c3e9daa13e <unknown>\nE       #10 0x55c3ea04be4b <unknown>\nE       #11 0x55c3ea04fdfa <unknown>\nE       #12 0x55c3ea0386d5 <unknown>\nE       #13 0x55c3ea050a6f <unknown>\nE       #14 0x55c3ea01c69f <unknown>\nE       #15 0x55c3ea075098 <unknown>\nE       #16 0x55c3ea075262 <unknown>\nE       #17 0x55c3ea086f34 <unknown>\nE       #18 0x7f864c1d3134 <unknown>\n\n/usr/local/lib/python3.11/site-packages/selenium/webdriver/remote/errorhandler.py:245: NoSuchElementException","steps":[{"name":"Проверка функциональности ссылки 'Подъем на этаж'","time":{"start":1707526843662,"stop":1707526843674,"duration":12},"status":"broken","statusMessage":"selenium.common.exceptions.NoSuchElementException: Message: no such element: Unable to locate element: {\"method\":\"xpath\",\"selector\":\"(//a[@href='/podem-strojmaterialov-v-kvartiru'])[3]\"}\n  (Session info: chrome-headless-shell=121.0.6167.85); For documentation on this error, please visit: https://www.selenium.dev/documentation/webdriver/troubleshooting/errors#no-such-element-exception\nStacktrace:\n#0 0x55c3ea087d93 <unknown>\n#1 0x55c3e9d6b337 <unknown>\n#2 0x55c3e9db6d60 <unknown>\n#3 0x55c3e9db6e51 <unknown>\n#4 0x55c3e9dfabc4 <unknown>\n#5 0x55c3e9dd946d <unknown>\n#6 0x55c3e9df812d <unknown>\n#7 0x55c3e9dd91e3 <unknown>\n#8 0x55c3e9da9135 <unknown>\n#9 0x55c3e9daa13e <unknown>\n#10 0x55c3ea04be4b <unknown>\n#11 0x55c3ea04fdfa <unknown>\n#12 0x55c3ea0386d5 <unknown>\n#13 0x55c3ea050a6f <unknown>\n#14 0x55c3ea01c69f <unknown>\n#15 0x55c3ea075098 <unknown>\n#16 0x55c3ea075262 <unknown>\n#17 0x55c3ea086f34 <unknown>\n#18 0x7f864c1d3134 <unknown>\n\n","statusTrace":"  File \"/usr/local/lib/python3.11/site-packages/allure_commons/_allure.py\", line 192, in impl\n    return func(*a, **kw)\n           ^^^^^^^^^^^^^^\n  File \"/app/pages/main_page.py\", line 142, in check_floor_climb_link\n    self.driver.find_element(*self._floor_climb_link).click()\n    ^^^^^^^^^^^^^^^^^^^^^^^^^^^^^^^^^^^^^^^^^^^^^^^^^\n  File \"/usr/local/lib/python3.11/site-packages/selenium/webdriver/remote/webdriver.py\", line 740, in find_element\n    return self.execute(Command.FIND_ELEMENT, {\"using\": by, \"value\": value})[\"value\"]\n           ^^^^^^^^^^^^^^^^^^^^^^^^^^^^^^^^^^^^^^^^^^^^^^^^^^^^^^^^^^^^^^^^^\n  File \"/usr/local/lib/python3.11/site-packages/selenium/webdriver/remote/webdriver.py\", line 346, in execute\n    self.error_handler.check_response(response)\n  File \"/usr/local/lib/python3.11/site-packages/selenium/webdriver/remote/errorhandler.py\", line 245, in check_response\n    raise exception_class(message, screen, stacktrace)\n","steps":[],"attachments":[],"parameters":[],"shouldDisplayMessage":true,"stepsCount":0,"attachmentsCount":0,"hasContent":true,"attachmentStep":false}],"attachments":[{"uid":"4c2d23d44ebc7900","name":"Screenshot","source":"4c2d23d44ebc7900.png","type":"image/png","size":39106},{"uid":"384924a25b17c925","name":"HTML source","source":"384924a25b17c925.html","type":"text/html","size":538}],"parameters":[],"shouldDisplayMessage":true,"stepsCount":1,"attachmentsCount":2,"hasContent":true,"attachmentStep":false},"afterStages":[{"name":"setup::0","time":{"start":1707526843780,"stop":1707526843780,"duration":0},"status":"passed","steps":[],"attachments":[],"parameters":[],"shouldDisplayMessage":false,"stepsCount":0,"attachmentsCount":0,"hasContent":false,"attachmentStep":false},{"name":"driver::0","time":{"start":1707526843781,"stop":1707526843837,"duration":56},"status":"passed","steps":[],"attachments":[],"parameters":[],"shouldDisplayMessage":false,"stepsCount":0,"attachmentsCount":0,"hasContent":false,"attachmentStep":false}],"labels":[{"name":"feature","value":"Footer functionality"},{"name":"epic","value":"Main Page"},{"name":"tag","value":"smoke_test"},{"name":"parentSuite","value":"tests"},{"name":"suite","value":"test_main_page"},{"name":"subSuite","value":"TestMainPage"},{"name":"host","value":"8f6e5ce8f1a2"},{"name":"thread","value":"1-MainThread"},{"name":"framework","value":"pytest"},{"name":"language","value":"cpython3"},{"name":"package","value":"tests.test_main_page"},{"name":"resultFormat","value":"allure2"}],"parameters":[{"name":"url","value":"'https://test2.stroyrem-nn.ru/'"}],"links":[],"hidden":false,"retry":false,"extra":{"severity":"normal","retries":[],"categories":[{"name":"Test defects","matchedStatuses":[],"flaky":false}],"history":{"statistic":{"failed":0,"broken":150,"skipped":0,"passed":35,"unknown":0,"total":185},"items":[{"uid":"57d420c3988ca61c","reportUrl":"https://zaelcovsky.github.io/StroyremAutomation/227//#testresult/57d420c3988ca61c","status":"broken","statusDetails":"selenium.common.exceptions.NoSuchElementException: Message: no such element: Unable to locate element: {\"method\":\"xpath\",\"selector\":\"(//a[@href='/podem-strojmaterialov-v-kvartiru'])[3]\"}\n  (Session info: chrome-headless-shell=121.0.6167.85); For documentation on this error, please visit: https://www.selenium.dev/documentation/webdriver/troubleshooting/errors#no-such-element-exception\nStacktrace:\n#0 0x556109844d93 <unknown>\n#1 0x556109528337 <unknown>\n#2 0x556109573d60 <unknown>\n#3 0x556109573e51 <unknown>\n#4 0x5561095b7bc4 <unknown>\n#5 0x55610959646d <unknown>\n#6 0x5561095b512d <unknown>\n#7 0x5561095961e3 <unknown>\n#8 0x556109566135 <unknown>\n#9 0x55610956713e <unknown>\n#10 0x556109808e4b <unknown>\n#11 0x55610980cdfa <unknown>\n#12 0x5561097f56d5 <unknown>\n#13 0x55610980da6f <unknown>\n#14 0x5561097d969f <unknown>\n#15 0x556109832098 <unknown>\n#16 0x556109832262 <unknown>\n#17 0x556109843f34 <unknown>\n#18 0x7f2224afe134 <unknown>","time":{"start":1707440530130,"stop":1707440530142,"duration":12}},{"uid":"fac3d21cf8adb703","reportUrl":"https://zaelcovsky.github.io/StroyremAutomation/226//#testresult/fac3d21cf8adb703","status":"broken","statusDetails":"selenium.common.exceptions.NoSuchElementException: Message: no such element: Unable to locate element: {\"method\":\"xpath\",\"selector\":\"(//a[@href='/podem-strojmaterialov-v-kvartiru'])[3]\"}\n  (Session info: chrome-headless-shell=121.0.6167.85); For documentation on this error, please visit: https://www.selenium.dev/documentation/webdriver/troubleshooting/errors#no-such-element-exception\nStacktrace:\n#0 0x55fc46f8ed93 <unknown>\n#1 0x55fc46c72337 <unknown>\n#2 0x55fc46cbdd60 <unknown>\n#3 0x55fc46cbde51 <unknown>\n#4 0x55fc46d01bc4 <unknown>\n#5 0x55fc46ce046d <unknown>\n#6 0x55fc46cff12d <unknown>\n#7 0x55fc46ce01e3 <unknown>\n#8 0x55fc46cb0135 <unknown>\n#9 0x55fc46cb113e <unknown>\n#10 0x55fc46f52e4b <unknown>\n#11 0x55fc46f56dfa <unknown>\n#12 0x55fc46f3f6d5 <unknown>\n#13 0x55fc46f57a6f <unknown>\n#14 0x55fc46f2369f <unknown>\n#15 0x55fc46f7c098 <unknown>\n#16 0x55fc46f7c262 <unknown>\n#17 0x55fc46f8df34 <unknown>\n#18 0x7ff36d409134 <unknown>","time":{"start":1707354118626,"stop":1707354118638,"duration":12}},{"uid":"e263eda931d2da69","reportUrl":"https://zaelcovsky.github.io/StroyremAutomation/225//#testresult/e263eda931d2da69","status":"broken","statusDetails":"selenium.common.exceptions.NoSuchElementException: Message: no such element: Unable to locate element: {\"method\":\"xpath\",\"selector\":\"(//a[@href='/podem-strojmaterialov-v-kvartiru'])[3]\"}\n  (Session info: chrome-headless-shell=121.0.6167.85); For documentation on this error, please visit: https://www.selenium.dev/documentation/webdriver/troubleshooting/errors#no-such-element-exception\nStacktrace:\n#0 0x55a7dc464d93 <unknown>\n#1 0x55a7dc148337 <unknown>\n#2 0x55a7dc193d60 <unknown>\n#3 0x55a7dc193e51 <unknown>\n#4 0x55a7dc1d7bc4 <unknown>\n#5 0x55a7dc1b646d <unknown>\n#6 0x55a7dc1d512d <unknown>\n#7 0x55a7dc1b61e3 <unknown>\n#8 0x55a7dc186135 <unknown>\n#9 0x55a7dc18713e <unknown>\n#10 0x55a7dc428e4b <unknown>\n#11 0x55a7dc42cdfa <unknown>\n#12 0x55a7dc4156d5 <unknown>\n#13 0x55a7dc42da6f <unknown>\n#14 0x55a7dc3f969f <unknown>\n#15 0x55a7dc452098 <unknown>\n#16 0x55a7dc452262 <unknown>\n#17 0x55a7dc463f34 <unknown>\n#18 0x7fb2695e4134 <unknown>","time":{"start":1707267664222,"stop":1707267664236,"duration":14}},{"uid":"34928640a474db31","reportUrl":"https://zaelcovsky.github.io/StroyremAutomation/224//#testresult/34928640a474db31","status":"broken","statusDetails":"selenium.common.exceptions.NoSuchElementException: Message: no such element: Unable to locate element: {\"method\":\"xpath\",\"selector\":\"(//a[@href='/podem-strojmaterialov-v-kvartiru'])[3]\"}\n  (Session info: chrome-headless-shell=121.0.6167.85); For documentation on this error, please visit: https://www.selenium.dev/documentation/webdriver/troubleshooting/errors#no-such-element-exception\nStacktrace:\n#0 0x55d7b2233d93 <unknown>\n#1 0x55d7b1f17337 <unknown>\n#2 0x55d7b1f62d60 <unknown>\n#3 0x55d7b1f62e51 <unknown>\n#4 0x55d7b1fa6bc4 <unknown>\n#5 0x55d7b1f8546d <unknown>\n#6 0x55d7b1fa412d <unknown>\n#7 0x55d7b1f851e3 <unknown>\n#8 0x55d7b1f55135 <unknown>\n#9 0x55d7b1f5613e <unknown>\n#10 0x55d7b21f7e4b <unknown>\n#11 0x55d7b21fbdfa <unknown>\n#12 0x55d7b21e46d5 <unknown>\n#13 0x55d7b21fca6f <unknown>\n#14 0x55d7b21c869f <unknown>\n#15 0x55d7b2221098 <unknown>\n#16 0x55d7b2221262 <unknown>\n#17 0x55d7b2232f34 <unknown>\n#18 0x7f58528b4134 <unknown>","time":{"start":1707181365331,"stop":1707181365344,"duration":13}},{"uid":"19a3fa4dfc97af03","reportUrl":"https://zaelcovsky.github.io/StroyremAutomation/223//#testresult/19a3fa4dfc97af03","status":"broken","statusDetails":"selenium.common.exceptions.NoSuchElementException: Message: no such element: Unable to locate element: {\"method\":\"xpath\",\"selector\":\"(//a[@href='/podem-strojmaterialov-v-kvartiru'])[3]\"}\n  (Session info: chrome-headless-shell=121.0.6167.85); For documentation on this error, please visit: https://www.selenium.dev/documentation/webdriver/troubleshooting/errors#no-such-element-exception\nStacktrace:\n#0 0x55b15f48cd93 <unknown>\n#1 0x55b15f170337 <unknown>\n#2 0x55b15f1bbd60 <unknown>\n#3 0x55b15f1bbe51 <unknown>\n#4 0x55b15f1ffbc4 <unknown>\n#5 0x55b15f1de46d <unknown>\n#6 0x55b15f1fd12d <unknown>\n#7 0x55b15f1de1e3 <unknown>\n#8 0x55b15f1ae135 <unknown>\n#9 0x55b15f1af13e <unknown>\n#10 0x55b15f450e4b <unknown>\n#11 0x55b15f454dfa <unknown>\n#12 0x55b15f43d6d5 <unknown>\n#13 0x55b15f455a6f <unknown>\n#14 0x55b15f42169f <unknown>\n#15 0x55b15f47a098 <unknown>\n#16 0x55b15f47a262 <unknown>\n#17 0x55b15f48bf34 <unknown>\n#18 0x7fa71b6d1134 <unknown>","time":{"start":1707095093107,"stop":1707095093119,"duration":12}},{"uid":"4499de7faac81025","reportUrl":"https://zaelcovsky.github.io/StroyremAutomation/222//#testresult/4499de7faac81025","status":"broken","statusDetails":"selenium.common.exceptions.NoSuchElementException: Message: no such element: Unable to locate element: {\"method\":\"xpath\",\"selector\":\"(//a[@href='/podem-strojmaterialov-v-kvartiru'])[3]\"}\n  (Session info: chrome-headless-shell=121.0.6167.85); For documentation on this error, please visit: https://www.selenium.dev/documentation/webdriver/troubleshooting/errors#no-such-element-exception\nStacktrace:\n#0 0x55a9d2a43d93 <unknown>\n#1 0x55a9d2727337 <unknown>\n#2 0x55a9d2772d60 <unknown>\n#3 0x55a9d2772e51 <unknown>\n#4 0x55a9d27b6bc4 <unknown>\n#5 0x55a9d279546d <unknown>\n#6 0x55a9d27b412d <unknown>\n#7 0x55a9d27951e3 <unknown>\n#8 0x55a9d2765135 <unknown>\n#9 0x55a9d276613e <unknown>\n#10 0x55a9d2a07e4b <unknown>\n#11 0x55a9d2a0bdfa <unknown>\n#12 0x55a9d29f46d5 <unknown>\n#13 0x55a9d2a0ca6f <unknown>\n#14 0x55a9d29d869f <unknown>\n#15 0x55a9d2a31098 <unknown>\n#16 0x55a9d2a31262 <unknown>\n#17 0x55a9d2a42f34 <unknown>\n#18 0x7f891e610134 <unknown>","time":{"start":1707008841201,"stop":1707008841214,"duration":13}},{"uid":"7fb90453bc48b49a","reportUrl":"https://zaelcovsky.github.io/StroyremAutomation/221//#testresult/7fb90453bc48b49a","status":"broken","statusDetails":"selenium.common.exceptions.NoSuchElementException: Message: no such element: Unable to locate element: {\"method\":\"xpath\",\"selector\":\"(//a[@href='/podem-strojmaterialov-v-kvartiru'])[3]\"}\n  (Session info: chrome-headless-shell=121.0.6167.85); For documentation on this error, please visit: https://www.selenium.dev/documentation/webdriver/troubleshooting/errors#no-such-element-exception\nStacktrace:\n#0 0x55beb38c4d93 <unknown>\n#1 0x55beb35a8337 <unknown>\n#2 0x55beb35f3d60 <unknown>\n#3 0x55beb35f3e51 <unknown>\n#4 0x55beb3637bc4 <unknown>\n#5 0x55beb361646d <unknown>\n#6 0x55beb363512d <unknown>\n#7 0x55beb36161e3 <unknown>\n#8 0x55beb35e6135 <unknown>\n#9 0x55beb35e713e <unknown>\n#10 0x55beb3888e4b <unknown>\n#11 0x55beb388cdfa <unknown>\n#12 0x55beb38756d5 <unknown>\n#13 0x55beb388da6f <unknown>\n#14 0x55beb385969f <unknown>\n#15 0x55beb38b2098 <unknown>\n#16 0x55beb38b2262 <unknown>\n#17 0x55beb38c3f34 <unknown>\n#18 0x7f4447359134 <unknown>","time":{"start":1706922121478,"stop":1706922121490,"duration":12}},{"uid":"93db754a566f9cad","reportUrl":"https://zaelcovsky.github.io/StroyremAutomation/220//#testresult/93db754a566f9cad","status":"broken","statusDetails":"selenium.common.exceptions.NoSuchElementException: Message: no such element: Unable to locate element: {\"method\":\"xpath\",\"selector\":\"(//a[@href='/podem-strojmaterialov-v-kvartiru'])[3]\"}\n  (Session info: chrome-headless-shell=121.0.6167.85); For documentation on this error, please visit: https://www.selenium.dev/documentation/webdriver/troubleshooting/errors#no-such-element-exception\nStacktrace:\n#0 0x5632652cdd93 <unknown>\n#1 0x563264fb1337 <unknown>\n#2 0x563264ffcd60 <unknown>\n#3 0x563264ffce51 <unknown>\n#4 0x563265040bc4 <unknown>\n#5 0x56326501f46d <unknown>\n#6 0x56326503e12d <unknown>\n#7 0x56326501f1e3 <unknown>\n#8 0x563264fef135 <unknown>\n#9 0x563264ff013e <unknown>\n#10 0x563265291e4b <unknown>\n#11 0x563265295dfa <unknown>\n#12 0x56326527e6d5 <unknown>\n#13 0x563265296a6f <unknown>\n#14 0x56326526269f <unknown>\n#15 0x5632652bb098 <unknown>\n#16 0x5632652bb262 <unknown>\n#17 0x5632652ccf34 <unknown>\n#18 0x7f879d19c134 <unknown>","time":{"start":1706835787048,"stop":1706835787061,"duration":13}},{"uid":"f4b915b678ffd9ef","reportUrl":"https://zaelcovsky.github.io/StroyremAutomation/219//#testresult/f4b915b678ffd9ef","status":"broken","statusDetails":"selenium.common.exceptions.NoSuchElementException: Message: no such element: Unable to locate element: {\"method\":\"xpath\",\"selector\":\"(//a[@href='/podem-strojmaterialov-v-kvartiru'])[3]\"}\n  (Session info: chrome-headless-shell=121.0.6167.85); For documentation on this error, please visit: https://www.selenium.dev/documentation/webdriver/troubleshooting/errors#no-such-element-exception\nStacktrace:\n#0 0x55c039d71d93 <unknown>\n#1 0x55c039a55337 <unknown>\n#2 0x55c039aa0d60 <unknown>\n#3 0x55c039aa0e51 <unknown>\n#4 0x55c039ae4bc4 <unknown>\n#5 0x55c039ac346d <unknown>\n#6 0x55c039ae212d <unknown>\n#7 0x55c039ac31e3 <unknown>\n#8 0x55c039a93135 <unknown>\n#9 0x55c039a9413e <unknown>\n#10 0x55c039d35e4b <unknown>\n#11 0x55c039d39dfa <unknown>\n#12 0x55c039d226d5 <unknown>\n#13 0x55c039d3aa6f <unknown>\n#14 0x55c039d0669f <unknown>\n#15 0x55c039d5f098 <unknown>\n#16 0x55c039d5f262 <unknown>\n#17 0x55c039d70f34 <unknown>\n#18 0x7fd338e0f044 <unknown>","time":{"start":1706749636113,"stop":1706749636126,"duration":13}},{"uid":"e91e4a772d6ef1b1","reportUrl":"https://zaelcovsky.github.io/StroyremAutomation/218//#testresult/e91e4a772d6ef1b1","status":"broken","statusDetails":"selenium.common.exceptions.NoSuchElementException: Message: no such element: Unable to locate element: {\"method\":\"xpath\",\"selector\":\"(//a[@href='/podem-strojmaterialov-v-kvartiru'])[3]\"}\n  (Session info: chrome-headless-shell=121.0.6167.85); For documentation on this error, please visit: https://www.selenium.dev/documentation/webdriver/troubleshooting/errors#no-such-element-exception\nStacktrace:\n#0 0x561402fc2d93 <unknown>\n#1 0x561402ca6337 <unknown>\n#2 0x561402cf1d60 <unknown>\n#3 0x561402cf1e51 <unknown>\n#4 0x561402d35bc4 <unknown>\n#5 0x561402d1446d <unknown>\n#6 0x561402d3312d <unknown>\n#7 0x561402d141e3 <unknown>\n#8 0x561402ce4135 <unknown>\n#9 0x561402ce513e <unknown>\n#10 0x561402f86e4b <unknown>\n#11 0x561402f8adfa <unknown>\n#12 0x561402f736d5 <unknown>\n#13 0x561402f8ba6f <unknown>\n#14 0x561402f5769f <unknown>\n#15 0x561402fb0098 <unknown>\n#16 0x561402fb0262 <unknown>\n#17 0x561402fc1f34 <unknown>\n#18 0x7fb358427044 <unknown>","time":{"start":1706662999994,"stop":1706663000007,"duration":13}},{"uid":"54006c8074492cee","reportUrl":"https://zaelcovsky.github.io/StroyremAutomation/217//#testresult/54006c8074492cee","status":"broken","statusDetails":"selenium.common.exceptions.NoSuchElementException: Message: no such element: Unable to locate element: {\"method\":\"xpath\",\"selector\":\"(//a[@href='/podem-strojmaterialov-v-kvartiru'])[3]\"}\n  (Session info: chrome-headless-shell=121.0.6167.85); For documentation on this error, please visit: https://www.selenium.dev/documentation/webdriver/troubleshooting/errors#no-such-element-exception\nStacktrace:\n#0 0x563412b78d93 <unknown>\n#1 0x56341285c337 <unknown>\n#2 0x5634128a7d60 <unknown>\n#3 0x5634128a7e51 <unknown>\n#4 0x5634128ebbc4 <unknown>\n#5 0x5634128ca46d <unknown>\n#6 0x5634128e912d <unknown>\n#7 0x5634128ca1e3 <unknown>\n#8 0x56341289a135 <unknown>\n#9 0x56341289b13e <unknown>\n#10 0x563412b3ce4b <unknown>\n#11 0x563412b40dfa <unknown>\n#12 0x563412b296d5 <unknown>\n#13 0x563412b41a6f <unknown>\n#14 0x563412b0d69f <unknown>\n#15 0x563412b66098 <unknown>\n#16 0x563412b66262 <unknown>\n#17 0x563412b77f34 <unknown>\n#18 0x7f90330e6044 <unknown>","time":{"start":1706576567498,"stop":1706576567511,"duration":13}},{"uid":"fff23a25d17d818b","reportUrl":"https://zaelcovsky.github.io/StroyremAutomation/216//#testresult/fff23a25d17d818b","status":"broken","statusDetails":"selenium.common.exceptions.NoSuchElementException: Message: no such element: Unable to locate element: {\"method\":\"xpath\",\"selector\":\"(//a[@href='/podem-strojmaterialov-v-kvartiru'])[3]\"}\n  (Session info: chrome-headless-shell=121.0.6167.85); For documentation on this error, please visit: https://www.selenium.dev/documentation/webdriver/troubleshooting/errors#no-such-element-exception\nStacktrace:\n#0 0x5589ec6dad93 <unknown>\n#1 0x5589ec3be337 <unknown>\n#2 0x5589ec409d60 <unknown>\n#3 0x5589ec409e51 <unknown>\n#4 0x5589ec44dbc4 <unknown>\n#5 0x5589ec42c46d <unknown>\n#6 0x5589ec44b12d <unknown>\n#7 0x5589ec42c1e3 <unknown>\n#8 0x5589ec3fc135 <unknown>\n#9 0x5589ec3fd13e <unknown>\n#10 0x5589ec69ee4b <unknown>\n#11 0x5589ec6a2dfa <unknown>\n#12 0x5589ec68b6d5 <unknown>\n#13 0x5589ec6a3a6f <unknown>\n#14 0x5589ec66f69f <unknown>\n#15 0x5589ec6c8098 <unknown>\n#16 0x5589ec6c8262 <unknown>\n#17 0x5589ec6d9f34 <unknown>\n#18 0x7f19da6a0044 <unknown>","time":{"start":1706490227239,"stop":1706490227251,"duration":12}},{"uid":"9087adb8470eb0b0","reportUrl":"https://zaelcovsky.github.io/StroyremAutomation/215//#testresult/9087adb8470eb0b0","status":"broken","statusDetails":"selenium.common.exceptions.NoSuchElementException: Message: no such element: Unable to locate element: {\"method\":\"xpath\",\"selector\":\"(//a[@href='/podem-strojmaterialov-v-kvartiru'])[3]\"}\n  (Session info: chrome-headless-shell=121.0.6167.85); For documentation on this error, please visit: https://www.selenium.dev/documentation/webdriver/troubleshooting/errors#no-such-element-exception\nStacktrace:\n#0 0x5621bdbc2d93 <unknown>\n#1 0x5621bd8a6337 <unknown>\n#2 0x5621bd8f1d60 <unknown>\n#3 0x5621bd8f1e51 <unknown>\n#4 0x5621bd935bc4 <unknown>\n#5 0x5621bd91446d <unknown>\n#6 0x5621bd93312d <unknown>\n#7 0x5621bd9141e3 <unknown>\n#8 0x5621bd8e4135 <unknown>\n#9 0x5621bd8e513e <unknown>\n#10 0x5621bdb86e4b <unknown>\n#11 0x5621bdb8adfa <unknown>\n#12 0x5621bdb736d5 <unknown>\n#13 0x5621bdb8ba6f <unknown>\n#14 0x5621bdb5769f <unknown>\n#15 0x5621bdbb0098 <unknown>\n#16 0x5621bdbb0262 <unknown>\n#17 0x5621bdbc1f34 <unknown>\n#18 0x7f245cf36044 <unknown>","time":{"start":1706404061638,"stop":1706404061651,"duration":13}},{"uid":"214157f87e6bc737","reportUrl":"https://zaelcovsky.github.io/StroyremAutomation/214//#testresult/214157f87e6bc737","status":"broken","statusDetails":"selenium.common.exceptions.NoSuchElementException: Message: no such element: Unable to locate element: {\"method\":\"xpath\",\"selector\":\"(//a[@href='/podem-strojmaterialov-v-kvartiru'])[3]\"}\n  (Session info: chrome-headless-shell=121.0.6167.85); For documentation on this error, please visit: https://www.selenium.dev/documentation/webdriver/troubleshooting/errors#no-such-element-exception\nStacktrace:\n#0 0x557229df1d93 <unknown>\n#1 0x557229ad5337 <unknown>\n#2 0x557229b20d60 <unknown>\n#3 0x557229b20e51 <unknown>\n#4 0x557229b64bc4 <unknown>\n#5 0x557229b4346d <unknown>\n#6 0x557229b6212d <unknown>\n#7 0x557229b431e3 <unknown>\n#8 0x557229b13135 <unknown>\n#9 0x557229b1413e <unknown>\n#10 0x557229db5e4b <unknown>\n#11 0x557229db9dfa <unknown>\n#12 0x557229da26d5 <unknown>\n#13 0x557229dbaa6f <unknown>\n#14 0x557229d8669f <unknown>\n#15 0x557229ddf098 <unknown>\n#16 0x557229ddf262 <unknown>\n#17 0x557229df0f34 <unknown>\n#18 0x7f7329883044 <unknown>","time":{"start":1706317394272,"stop":1706317394285,"duration":13}},{"uid":"5c10c8521f587be9","reportUrl":"https://zaelcovsky.github.io/StroyremAutomation/213//#testresult/5c10c8521f587be9","status":"broken","statusDetails":"selenium.common.exceptions.NoSuchElementException: Message: no such element: Unable to locate element: {\"method\":\"xpath\",\"selector\":\"(//a[@href='/podem-strojmaterialov-v-kvartiru'])[3]\"}\n  (Session info: chrome-headless-shell=121.0.6167.85); For documentation on this error, please visit: https://www.selenium.dev/documentation/webdriver/troubleshooting/errors#no-such-element-exception\nStacktrace:\n#0 0x56248c5b5d93 <unknown>\n#1 0x56248c299337 <unknown>\n#2 0x56248c2e4d60 <unknown>\n#3 0x56248c2e4e51 <unknown>\n#4 0x56248c328bc4 <unknown>\n#5 0x56248c30746d <unknown>\n#6 0x56248c32612d <unknown>\n#7 0x56248c3071e3 <unknown>\n#8 0x56248c2d7135 <unknown>\n#9 0x56248c2d813e <unknown>\n#10 0x56248c579e4b <unknown>\n#11 0x56248c57ddfa <unknown>\n#12 0x56248c5666d5 <unknown>\n#13 0x56248c57ea6f <unknown>\n#14 0x56248c54a69f <unknown>\n#15 0x56248c5a3098 <unknown>\n#16 0x56248c5a3262 <unknown>\n#17 0x56248c5b4f34 <unknown>\n#18 0x7fc5ce121044 <unknown>","time":{"start":1706231043564,"stop":1706231043577,"duration":13}},{"uid":"db10673963fced7d","reportUrl":"https://zaelcovsky.github.io/StroyremAutomation/212//#testresult/db10673963fced7d","status":"broken","statusDetails":"selenium.common.exceptions.NoSuchElementException: Message: no such element: Unable to locate element: {\"method\":\"xpath\",\"selector\":\"(//a[@href='/podem-strojmaterialov-v-kvartiru'])[3]\"}\n  (Session info: chrome-headless-shell=121.0.6167.85); For documentation on this error, please visit: https://www.selenium.dev/documentation/webdriver/troubleshooting/errors#no-such-element-exception\nStacktrace:\n#0 0x55f2cec27d93 <unknown>\n#1 0x55f2ce90b337 <unknown>\n#2 0x55f2ce956d60 <unknown>\n#3 0x55f2ce956e51 <unknown>\n#4 0x55f2ce99abc4 <unknown>\n#5 0x55f2ce97946d <unknown>\n#6 0x55f2ce99812d <unknown>\n#7 0x55f2ce9791e3 <unknown>\n#8 0x55f2ce949135 <unknown>\n#9 0x55f2ce94a13e <unknown>\n#10 0x55f2cebebe4b <unknown>\n#11 0x55f2cebefdfa <unknown>\n#12 0x55f2cebd86d5 <unknown>\n#13 0x55f2cebf0a6f <unknown>\n#14 0x55f2cebbc69f <unknown>\n#15 0x55f2cec15098 <unknown>\n#16 0x55f2cec15262 <unknown>\n#17 0x55f2cec26f34 <unknown>\n#18 0x7fb88492e044 <unknown>","time":{"start":1706144949560,"stop":1706144949573,"duration":13}},{"uid":"f708f7d8dff8a777","reportUrl":"https://zaelcovsky.github.io/StroyremAutomation/211//#testresult/f708f7d8dff8a777","status":"broken","statusDetails":"selenium.common.exceptions.NoSuchElementException: Message: no such element: Unable to locate element: {\"method\":\"xpath\",\"selector\":\"(//a[@href='/podem-strojmaterialov-v-kvartiru'])[3]\"}\n  (Session info: chrome-headless-shell=121.0.6167.85); For documentation on this error, please visit: https://www.selenium.dev/documentation/webdriver/troubleshooting/errors#no-such-element-exception\nStacktrace:\n#0 0x55b370c4ad93 <unknown>\n#1 0x55b37092e337 <unknown>\n#2 0x55b370979d60 <unknown>\n#3 0x55b370979e51 <unknown>\n#4 0x55b3709bdbc4 <unknown>\n#5 0x55b37099c46d <unknown>\n#6 0x55b3709bb12d <unknown>\n#7 0x55b37099c1e3 <unknown>\n#8 0x55b37096c135 <unknown>\n#9 0x55b37096d13e <unknown>\n#10 0x55b370c0ee4b <unknown>\n#11 0x55b370c12dfa <unknown>\n#12 0x55b370bfb6d5 <unknown>\n#13 0x55b370c13a6f <unknown>\n#14 0x55b370bdf69f <unknown>\n#15 0x55b370c38098 <unknown>\n#16 0x55b370c38262 <unknown>\n#17 0x55b370c49f34 <unknown>\n#18 0x7f20e9d17044 <unknown>","time":{"start":1706058550181,"stop":1706058550194,"duration":13}},{"uid":"cd3116d4eb2b5bad","reportUrl":"https://zaelcovsky.github.io/StroyremAutomation/210//#testresult/cd3116d4eb2b5bad","status":"broken","statusDetails":"selenium.common.exceptions.NoSuchElementException: Message: no such element: Unable to locate element: {\"method\":\"xpath\",\"selector\":\"(//a[@href='/podem-strojmaterialov-v-kvartiru'])[3]\"}\n  (Session info: chrome-headless-shell=120.0.6099.109); For documentation on this error, please visit: https://www.selenium.dev/documentation/webdriver/troubleshooting/errors#no-such-element-exception\nStacktrace:\n#0 0x559026ff7f83 <unknown>\n#1 0x559026cb0cf7 <unknown>\n#2 0x559026d0099e <unknown>\n#3 0x559026d00aa1 <unknown>\n#4 0x559026d4bd64 <unknown>\n#5 0x559026d2a0dd <unknown>\n#6 0x559026d49006 <unknown>\n#7 0x559026d29e53 <unknown>\n#8 0x559026cf1dd4 <unknown>\n#9 0x559026cf31de <unknown>\n#10 0x559026fbc531 <unknown>\n#11 0x559026fc0455 <unknown>\n#12 0x559026fa8f55 <unknown>\n#13 0x559026fc10ef <unknown>\n#14 0x559026f8c99f <unknown>\n#15 0x559026fe5008 <unknown>\n#16 0x559026fe51d7 <unknown>\n#17 0x559026ff7124 <unknown>\n#18 0x7fc16f3bf044 <unknown>","time":{"start":1705972173387,"stop":1705972173400,"duration":13}},{"uid":"1c4e2454cab2a5e9","reportUrl":"https://zaelcovsky.github.io/StroyremAutomation/209//#testresult/1c4e2454cab2a5e9","status":"broken","statusDetails":"selenium.common.exceptions.NoSuchElementException: Message: no such element: Unable to locate element: {\"method\":\"xpath\",\"selector\":\"(//a[@href='/podem-strojmaterialov-v-kvartiru'])[3]\"}\n  (Session info: chrome-headless-shell=120.0.6099.109); For documentation on this error, please visit: https://www.selenium.dev/documentation/webdriver/troubleshooting/errors#no-such-element-exception\nStacktrace:\n#0 0x5654da786f83 <unknown>\n#1 0x5654da43fcf7 <unknown>\n#2 0x5654da48f99e <unknown>\n#3 0x5654da48faa1 <unknown>\n#4 0x5654da4dad64 <unknown>\n#5 0x5654da4b90dd <unknown>\n#6 0x5654da4d8006 <unknown>\n#7 0x5654da4b8e53 <unknown>\n#8 0x5654da480dd4 <unknown>\n#9 0x5654da4821de <unknown>\n#10 0x5654da74b531 <unknown>\n#11 0x5654da74f455 <unknown>\n#12 0x5654da737f55 <unknown>\n#13 0x5654da7500ef <unknown>\n#14 0x5654da71b99f <unknown>\n#15 0x5654da774008 <unknown>\n#16 0x5654da7741d7 <unknown>\n#17 0x5654da786124 <unknown>\n#18 0x7fef36d8d044 <unknown>","time":{"start":1705885833632,"stop":1705885833645,"duration":13}},{"uid":"e9376b64080d3e18","reportUrl":"https://zaelcovsky.github.io/StroyremAutomation/208//#testresult/e9376b64080d3e18","status":"broken","statusDetails":"selenium.common.exceptions.NoSuchElementException: Message: no such element: Unable to locate element: {\"method\":\"xpath\",\"selector\":\"(//a[@href='/podem-strojmaterialov-v-kvartiru'])[3]\"}\n  (Session info: chrome-headless-shell=120.0.6099.109); For documentation on this error, please visit: https://www.selenium.dev/documentation/webdriver/troubleshooting/errors#no-such-element-exception\nStacktrace:\n#0 0x55ae79d1ef83 <unknown>\n#1 0x55ae799d7cf7 <unknown>\n#2 0x55ae79a2799e <unknown>\n#3 0x55ae79a27aa1 <unknown>\n#4 0x55ae79a72d64 <unknown>\n#5 0x55ae79a510dd <unknown>\n#6 0x55ae79a70006 <unknown>\n#7 0x55ae79a50e53 <unknown>\n#8 0x55ae79a18dd4 <unknown>\n#9 0x55ae79a1a1de <unknown>\n#10 0x55ae79ce3531 <unknown>\n#11 0x55ae79ce7455 <unknown>\n#12 0x55ae79ccff55 <unknown>\n#13 0x55ae79ce80ef <unknown>\n#14 0x55ae79cb399f <unknown>\n#15 0x55ae79d0c008 <unknown>\n#16 0x55ae79d0c1d7 <unknown>\n#17 0x55ae79d1e124 <unknown>\n#18 0x7f64a856f044 <unknown>","time":{"start":1705799559770,"stop":1705799559783,"duration":13}}]},"tags":["smoke_test"]},"source":"60b2eafb7bd90aa4.json","parameterValues":["'https://test2.stroyrem-nn.ru/'"]}