{"uid":"fa880c4bb4040035","name":"TC 014 - Проверка функциональности ссылки 'Оплатить заказ'","fullName":"tests.test_main_page.TestMainPage#test_positive_footer_payment_order_smoke","historyId":"534ccbf5f4c791c824cbd75395f48a3b","time":{"start":1707786299468,"stop":1707786299481,"duration":13},"status":"broken","statusMessage":"selenium.common.exceptions.NoSuchElementException: Message: no such element: Unable to locate element: {\"method\":\"xpath\",\"selector\":\"(//a[@href='#order-pay'])[3]\"}\n  (Session info: chrome-headless-shell=121.0.6167.85); For documentation on this error, please visit: https://www.selenium.dev/documentation/webdriver/troubleshooting/errors#no-such-element-exception\nStacktrace:\n#0 0x55fcef81ad93 <unknown>\n#1 0x55fcef4fe337 <unknown>\n#2 0x55fcef549d60 <unknown>\n#3 0x55fcef549e51 <unknown>\n#4 0x55fcef58dbc4 <unknown>\n#5 0x55fcef56c46d <unknown>\n#6 0x55fcef58b12d <unknown>\n#7 0x55fcef56c1e3 <unknown>\n#8 0x55fcef53c135 <unknown>\n#9 0x55fcef53d13e <unknown>\n#10 0x55fcef7dee4b <unknown>\n#11 0x55fcef7e2dfa <unknown>\n#12 0x55fcef7cb6d5 <unknown>\n#13 0x55fcef7e3a6f <unknown>\n#14 0x55fcef7af69f <unknown>\n#15 0x55fcef808098 <unknown>\n#16 0x55fcef808262 <unknown>\n#17 0x55fcef819f34 <unknown>\n#18 0x7f6e53d4f134 <unknown>","statusTrace":"self = <tests.test_main_page.TestMainPage object at 0x7f190e68a690>\nmain_page = <pages.main_page.MainPage object at 0x7f190cfc9b50>\n\n    @allure.feature(\"Footer functionality\")\n    @allure.title(\"TC 014 - Проверка функциональности ссылки 'Оплатить заказ'\")\n    @pytest.mark.smoke_test\n    def test_positive_footer_payment_order_smoke(self, main_page):\n>       title = main_page.check_payment_order_link()\n\ntests/test_main_page.py:131: \n_ _ _ _ _ _ _ _ _ _ _ _ _ _ _ _ _ _ _ _ _ _ _ _ _ _ _ _ _ _ _ _ _ _ _ _ _ _ _ _ \npages/main_page.py:161: in check_payment_order_link\n    self.driver.find_element(*self._payment_order_link).click()\n/usr/local/lib/python3.11/site-packages/selenium/webdriver/remote/webdriver.py:740: in find_element\n    return self.execute(Command.FIND_ELEMENT, {\"using\": by, \"value\": value})[\"value\"]\n/usr/local/lib/python3.11/site-packages/selenium/webdriver/remote/webdriver.py:346: in execute\n    self.error_handler.check_response(response)\n_ _ _ _ _ _ _ _ _ _ _ _ _ _ _ _ _ _ _ _ _ _ _ _ _ _ _ _ _ _ _ _ _ _ _ _ _ _ _ _ \n\nself = <selenium.webdriver.remote.errorhandler.ErrorHandler object at 0x7f190f163110>\nresponse = {'status': 404, 'value': '{\"value\":{\"error\":\"no such element\",\"message\":\"no such element: Unable to locate element: {\\...\\\\n#16 0x55fcef808262 \\\\u003Cunknown>\\\\n#17 0x55fcef819f34 \\\\u003Cunknown>\\\\n#18 0x7f6e53d4f134 \\\\u003Cunknown>\\\\n\"}}'}\n\n    def check_response(self, response: Dict[str, Any]) -> None:\n        \"\"\"Checks that a JSON response from the WebDriver does not have an\n        error.\n    \n        :Args:\n         - response - The JSON response from the WebDriver server as a dictionary\n           object.\n    \n        :Raises: If the response contains an error message.\n        \"\"\"\n        status = response.get(\"status\", None)\n        if not status or status == ErrorCode.SUCCESS:\n            return\n        value = None\n        message = response.get(\"message\", \"\")\n        screen: str = response.get(\"screen\", \"\")\n        stacktrace = None\n        if isinstance(status, int):\n            value_json = response.get(\"value\", None)\n            if value_json and isinstance(value_json, str):\n                import json\n    \n                try:\n                    value = json.loads(value_json)\n                    if len(value) == 1:\n                        value = value[\"value\"]\n                    status = value.get(\"error\", None)\n                    if not status:\n                        status = value.get(\"status\", ErrorCode.UNKNOWN_ERROR)\n                        message = value.get(\"value\") or value.get(\"message\")\n                        if not isinstance(message, str):\n                            value = message\n                            message = message.get(\"message\")\n                    else:\n                        message = value.get(\"message\", None)\n                except ValueError:\n                    pass\n    \n        exception_class: Type[WebDriverException]\n        if status in ErrorCode.NO_SUCH_ELEMENT:\n            exception_class = NoSuchElementException\n        elif status in ErrorCode.NO_SUCH_FRAME:\n            exception_class = NoSuchFrameException\n        elif status in ErrorCode.NO_SUCH_SHADOW_ROOT:\n            exception_class = NoSuchShadowRootException\n        elif status in ErrorCode.NO_SUCH_WINDOW:\n            exception_class = NoSuchWindowException\n        elif status in ErrorCode.STALE_ELEMENT_REFERENCE:\n            exception_class = StaleElementReferenceException\n        elif status in ErrorCode.ELEMENT_NOT_VISIBLE:\n            exception_class = ElementNotVisibleException\n        elif status in ErrorCode.INVALID_ELEMENT_STATE:\n            exception_class = InvalidElementStateException\n        elif (\n            status in ErrorCode.INVALID_SELECTOR\n            or status in ErrorCode.INVALID_XPATH_SELECTOR\n            or status in ErrorCode.INVALID_XPATH_SELECTOR_RETURN_TYPER\n        ):\n            exception_class = InvalidSelectorException\n        elif status in ErrorCode.ELEMENT_IS_NOT_SELECTABLE:\n            exception_class = ElementNotSelectableException\n        elif status in ErrorCode.ELEMENT_NOT_INTERACTABLE:\n            exception_class = ElementNotInteractableException\n        elif status in ErrorCode.INVALID_COOKIE_DOMAIN:\n            exception_class = InvalidCookieDomainException\n        elif status in ErrorCode.UNABLE_TO_SET_COOKIE:\n            exception_class = UnableToSetCookieException\n        elif status in ErrorCode.TIMEOUT:\n            exception_class = TimeoutException\n        elif status in ErrorCode.SCRIPT_TIMEOUT:\n            exception_class = TimeoutException\n        elif status in ErrorCode.UNKNOWN_ERROR:\n            exception_class = WebDriverException\n        elif status in ErrorCode.UNEXPECTED_ALERT_OPEN:\n            exception_class = UnexpectedAlertPresentException\n        elif status in ErrorCode.NO_ALERT_OPEN:\n            exception_class = NoAlertPresentException\n        elif status in ErrorCode.IME_NOT_AVAILABLE:\n            exception_class = ImeNotAvailableException\n        elif status in ErrorCode.IME_ENGINE_ACTIVATION_FAILED:\n            exception_class = ImeActivationFailedException\n        elif status in ErrorCode.MOVE_TARGET_OUT_OF_BOUNDS:\n            exception_class = MoveTargetOutOfBoundsException\n        elif status in ErrorCode.JAVASCRIPT_ERROR:\n            exception_class = JavascriptException\n        elif status in ErrorCode.SESSION_NOT_CREATED:\n            exception_class = SessionNotCreatedException\n        elif status in ErrorCode.INVALID_ARGUMENT:\n            exception_class = InvalidArgumentException\n        elif status in ErrorCode.NO_SUCH_COOKIE:\n            exception_class = NoSuchCookieException\n        elif status in ErrorCode.UNABLE_TO_CAPTURE_SCREEN:\n            exception_class = ScreenshotException\n        elif status in ErrorCode.ELEMENT_CLICK_INTERCEPTED:\n            exception_class = ElementClickInterceptedException\n        elif status in ErrorCode.INSECURE_CERTIFICATE:\n            exception_class = InsecureCertificateException\n        elif status in ErrorCode.INVALID_COORDINATES:\n            exception_class = InvalidCoordinatesException\n        elif status in ErrorCode.INVALID_SESSION_ID:\n            exception_class = InvalidSessionIdException\n        elif status in ErrorCode.UNKNOWN_METHOD:\n            exception_class = UnknownMethodException\n        else:\n            exception_class = WebDriverException\n        if not value:\n            value = response[\"value\"]\n        if isinstance(value, str):\n            raise exception_class(value)\n        if message == \"\" and \"message\" in value:\n            message = value[\"message\"]\n    \n        screen = None  # type: ignore[assignment]\n        if \"screen\" in value:\n            screen = value[\"screen\"]\n    \n        stacktrace = None\n        st_value = value.get(\"stackTrace\") or value.get(\"stacktrace\")\n        if st_value:\n            if isinstance(st_value, str):\n                stacktrace = st_value.split(\"\\n\")\n            else:\n                stacktrace = []\n                try:\n                    for frame in st_value:\n                        line = frame.get(\"lineNumber\", \"\")\n                        file = frame.get(\"fileName\", \"<anonymous>\")\n                        if line:\n                            file = f\"{file}:{line}\"\n                        meth = frame.get(\"methodName\", \"<anonymous>\")\n                        if \"className\" in frame:\n                            meth = f\"{frame['className']}.{meth}\"\n                        msg = \"    at %s (%s)\"\n                        msg = msg % (meth, file)\n                        stacktrace.append(msg)\n                except TypeError:\n                    pass\n        if exception_class == UnexpectedAlertPresentException:\n            alert_text = None\n            if \"data\" in value:\n                alert_text = value[\"data\"].get(\"text\")\n            elif \"alert\" in value:\n                alert_text = value[\"alert\"].get(\"text\")\n            raise exception_class(message, screen, stacktrace, alert_text)  # type: ignore[call-arg]  # mypy is not smart enough here\n>       raise exception_class(message, screen, stacktrace)\nE       selenium.common.exceptions.NoSuchElementException: Message: no such element: Unable to locate element: {\"method\":\"xpath\",\"selector\":\"(//a[@href='#order-pay'])[3]\"}\nE         (Session info: chrome-headless-shell=121.0.6167.85); For documentation on this error, please visit: https://www.selenium.dev/documentation/webdriver/troubleshooting/errors#no-such-element-exception\nE       Stacktrace:\nE       #0 0x55fcef81ad93 <unknown>\nE       #1 0x55fcef4fe337 <unknown>\nE       #2 0x55fcef549d60 <unknown>\nE       #3 0x55fcef549e51 <unknown>\nE       #4 0x55fcef58dbc4 <unknown>\nE       #5 0x55fcef56c46d <unknown>\nE       #6 0x55fcef58b12d <unknown>\nE       #7 0x55fcef56c1e3 <unknown>\nE       #8 0x55fcef53c135 <unknown>\nE       #9 0x55fcef53d13e <unknown>\nE       #10 0x55fcef7dee4b <unknown>\nE       #11 0x55fcef7e2dfa <unknown>\nE       #12 0x55fcef7cb6d5 <unknown>\nE       #13 0x55fcef7e3a6f <unknown>\nE       #14 0x55fcef7af69f <unknown>\nE       #15 0x55fcef808098 <unknown>\nE       #16 0x55fcef808262 <unknown>\nE       #17 0x55fcef819f34 <unknown>\nE       #18 0x7f6e53d4f134 <unknown>\n\n/usr/local/lib/python3.11/site-packages/selenium/webdriver/remote/errorhandler.py:245: NoSuchElementException","flaky":false,"newFailed":false,"newBroken":false,"newPassed":false,"retriesCount":0,"retriesStatusChange":false,"beforeStages":[{"name":"_session_faker","time":{"start":1707786061393,"stop":1707786061462,"duration":69},"status":"passed","steps":[],"attachments":[],"parameters":[],"shouldDisplayMessage":false,"stepsCount":0,"attachmentsCount":0,"hasContent":false,"attachmentStep":false},{"name":"clear_allure_results_folder","time":{"start":1707786061462,"stop":1707786061462,"duration":0},"status":"passed","steps":[],"attachments":[],"parameters":[],"shouldDisplayMessage":false,"stepsCount":0,"attachmentsCount":0,"hasContent":false,"attachmentStep":false},{"name":"driver","time":{"start":1707786298155,"stop":1707786298893,"duration":738},"status":"passed","steps":[],"attachments":[],"parameters":[],"shouldDisplayMessage":false,"stepsCount":0,"attachmentsCount":0,"hasContent":false,"attachmentStep":false},{"name":"main_page","time":{"start":1707786298893,"stop":1707786299467,"duration":574},"status":"passed","steps":[],"attachments":[],"parameters":[],"shouldDisplayMessage":false,"stepsCount":0,"attachmentsCount":0,"hasContent":false,"attachmentStep":false},{"name":"setup","time":{"start":1707786298893,"stop":1707786298893,"duration":0},"status":"passed","steps":[],"attachments":[],"parameters":[],"shouldDisplayMessage":false,"stepsCount":0,"attachmentsCount":0,"hasContent":false,"attachmentStep":false}],"testStage":{"status":"broken","statusMessage":"selenium.common.exceptions.NoSuchElementException: Message: no such element: Unable to locate element: {\"method\":\"xpath\",\"selector\":\"(//a[@href='#order-pay'])[3]\"}\n  (Session info: chrome-headless-shell=121.0.6167.85); For documentation on this error, please visit: https://www.selenium.dev/documentation/webdriver/troubleshooting/errors#no-such-element-exception\nStacktrace:\n#0 0x55fcef81ad93 <unknown>\n#1 0x55fcef4fe337 <unknown>\n#2 0x55fcef549d60 <unknown>\n#3 0x55fcef549e51 <unknown>\n#4 0x55fcef58dbc4 <unknown>\n#5 0x55fcef56c46d <unknown>\n#6 0x55fcef58b12d <unknown>\n#7 0x55fcef56c1e3 <unknown>\n#8 0x55fcef53c135 <unknown>\n#9 0x55fcef53d13e <unknown>\n#10 0x55fcef7dee4b <unknown>\n#11 0x55fcef7e2dfa <unknown>\n#12 0x55fcef7cb6d5 <unknown>\n#13 0x55fcef7e3a6f <unknown>\n#14 0x55fcef7af69f <unknown>\n#15 0x55fcef808098 <unknown>\n#16 0x55fcef808262 <unknown>\n#17 0x55fcef819f34 <unknown>\n#18 0x7f6e53d4f134 <unknown>","statusTrace":"self = <tests.test_main_page.TestMainPage object at 0x7f190e68a690>\nmain_page = <pages.main_page.MainPage object at 0x7f190cfc9b50>\n\n    @allure.feature(\"Footer functionality\")\n    @allure.title(\"TC 014 - Проверка функциональности ссылки 'Оплатить заказ'\")\n    @pytest.mark.smoke_test\n    def test_positive_footer_payment_order_smoke(self, main_page):\n>       title = main_page.check_payment_order_link()\n\ntests/test_main_page.py:131: \n_ _ _ _ _ _ _ _ _ _ _ _ _ _ _ _ _ _ _ _ _ _ _ _ _ _ _ _ _ _ _ _ _ _ _ _ _ _ _ _ \npages/main_page.py:161: in check_payment_order_link\n    self.driver.find_element(*self._payment_order_link).click()\n/usr/local/lib/python3.11/site-packages/selenium/webdriver/remote/webdriver.py:740: in find_element\n    return self.execute(Command.FIND_ELEMENT, {\"using\": by, \"value\": value})[\"value\"]\n/usr/local/lib/python3.11/site-packages/selenium/webdriver/remote/webdriver.py:346: in execute\n    self.error_handler.check_response(response)\n_ _ _ _ _ _ _ _ _ _ _ _ _ _ _ _ _ _ _ _ _ _ _ _ _ _ _ _ _ _ _ _ _ _ _ _ _ _ _ _ \n\nself = <selenium.webdriver.remote.errorhandler.ErrorHandler object at 0x7f190f163110>\nresponse = {'status': 404, 'value': '{\"value\":{\"error\":\"no such element\",\"message\":\"no such element: Unable to locate element: {\\...\\\\n#16 0x55fcef808262 \\\\u003Cunknown>\\\\n#17 0x55fcef819f34 \\\\u003Cunknown>\\\\n#18 0x7f6e53d4f134 \\\\u003Cunknown>\\\\n\"}}'}\n\n    def check_response(self, response: Dict[str, Any]) -> None:\n        \"\"\"Checks that a JSON response from the WebDriver does not have an\n        error.\n    \n        :Args:\n         - response - The JSON response from the WebDriver server as a dictionary\n           object.\n    \n        :Raises: If the response contains an error message.\n        \"\"\"\n        status = response.get(\"status\", None)\n        if not status or status == ErrorCode.SUCCESS:\n            return\n        value = None\n        message = response.get(\"message\", \"\")\n        screen: str = response.get(\"screen\", \"\")\n        stacktrace = None\n        if isinstance(status, int):\n            value_json = response.get(\"value\", None)\n            if value_json and isinstance(value_json, str):\n                import json\n    \n                try:\n                    value = json.loads(value_json)\n                    if len(value) == 1:\n                        value = value[\"value\"]\n                    status = value.get(\"error\", None)\n                    if not status:\n                        status = value.get(\"status\", ErrorCode.UNKNOWN_ERROR)\n                        message = value.get(\"value\") or value.get(\"message\")\n                        if not isinstance(message, str):\n                            value = message\n                            message = message.get(\"message\")\n                    else:\n                        message = value.get(\"message\", None)\n                except ValueError:\n                    pass\n    \n        exception_class: Type[WebDriverException]\n        if status in ErrorCode.NO_SUCH_ELEMENT:\n            exception_class = NoSuchElementException\n        elif status in ErrorCode.NO_SUCH_FRAME:\n            exception_class = NoSuchFrameException\n        elif status in ErrorCode.NO_SUCH_SHADOW_ROOT:\n            exception_class = NoSuchShadowRootException\n        elif status in ErrorCode.NO_SUCH_WINDOW:\n            exception_class = NoSuchWindowException\n        elif status in ErrorCode.STALE_ELEMENT_REFERENCE:\n            exception_class = StaleElementReferenceException\n        elif status in ErrorCode.ELEMENT_NOT_VISIBLE:\n            exception_class = ElementNotVisibleException\n        elif status in ErrorCode.INVALID_ELEMENT_STATE:\n            exception_class = InvalidElementStateException\n        elif (\n            status in ErrorCode.INVALID_SELECTOR\n            or status in ErrorCode.INVALID_XPATH_SELECTOR\n            or status in ErrorCode.INVALID_XPATH_SELECTOR_RETURN_TYPER\n        ):\n            exception_class = InvalidSelectorException\n        elif status in ErrorCode.ELEMENT_IS_NOT_SELECTABLE:\n            exception_class = ElementNotSelectableException\n        elif status in ErrorCode.ELEMENT_NOT_INTERACTABLE:\n            exception_class = ElementNotInteractableException\n        elif status in ErrorCode.INVALID_COOKIE_DOMAIN:\n            exception_class = InvalidCookieDomainException\n        elif status in ErrorCode.UNABLE_TO_SET_COOKIE:\n            exception_class = UnableToSetCookieException\n        elif status in ErrorCode.TIMEOUT:\n            exception_class = TimeoutException\n        elif status in ErrorCode.SCRIPT_TIMEOUT:\n            exception_class = TimeoutException\n        elif status in ErrorCode.UNKNOWN_ERROR:\n            exception_class = WebDriverException\n        elif status in ErrorCode.UNEXPECTED_ALERT_OPEN:\n            exception_class = UnexpectedAlertPresentException\n        elif status in ErrorCode.NO_ALERT_OPEN:\n            exception_class = NoAlertPresentException\n        elif status in ErrorCode.IME_NOT_AVAILABLE:\n            exception_class = ImeNotAvailableException\n        elif status in ErrorCode.IME_ENGINE_ACTIVATION_FAILED:\n            exception_class = ImeActivationFailedException\n        elif status in ErrorCode.MOVE_TARGET_OUT_OF_BOUNDS:\n            exception_class = MoveTargetOutOfBoundsException\n        elif status in ErrorCode.JAVASCRIPT_ERROR:\n            exception_class = JavascriptException\n        elif status in ErrorCode.SESSION_NOT_CREATED:\n            exception_class = SessionNotCreatedException\n        elif status in ErrorCode.INVALID_ARGUMENT:\n            exception_class = InvalidArgumentException\n        elif status in ErrorCode.NO_SUCH_COOKIE:\n            exception_class = NoSuchCookieException\n        elif status in ErrorCode.UNABLE_TO_CAPTURE_SCREEN:\n            exception_class = ScreenshotException\n        elif status in ErrorCode.ELEMENT_CLICK_INTERCEPTED:\n            exception_class = ElementClickInterceptedException\n        elif status in ErrorCode.INSECURE_CERTIFICATE:\n            exception_class = InsecureCertificateException\n        elif status in ErrorCode.INVALID_COORDINATES:\n            exception_class = InvalidCoordinatesException\n        elif status in ErrorCode.INVALID_SESSION_ID:\n            exception_class = InvalidSessionIdException\n        elif status in ErrorCode.UNKNOWN_METHOD:\n            exception_class = UnknownMethodException\n        else:\n            exception_class = WebDriverException\n        if not value:\n            value = response[\"value\"]\n        if isinstance(value, str):\n            raise exception_class(value)\n        if message == \"\" and \"message\" in value:\n            message = value[\"message\"]\n    \n        screen = None  # type: ignore[assignment]\n        if \"screen\" in value:\n            screen = value[\"screen\"]\n    \n        stacktrace = None\n        st_value = value.get(\"stackTrace\") or value.get(\"stacktrace\")\n        if st_value:\n            if isinstance(st_value, str):\n                stacktrace = st_value.split(\"\\n\")\n            else:\n                stacktrace = []\n                try:\n                    for frame in st_value:\n                        line = frame.get(\"lineNumber\", \"\")\n                        file = frame.get(\"fileName\", \"<anonymous>\")\n                        if line:\n                            file = f\"{file}:{line}\"\n                        meth = frame.get(\"methodName\", \"<anonymous>\")\n                        if \"className\" in frame:\n                            meth = f\"{frame['className']}.{meth}\"\n                        msg = \"    at %s (%s)\"\n                        msg = msg % (meth, file)\n                        stacktrace.append(msg)\n                except TypeError:\n                    pass\n        if exception_class == UnexpectedAlertPresentException:\n            alert_text = None\n            if \"data\" in value:\n                alert_text = value[\"data\"].get(\"text\")\n            elif \"alert\" in value:\n                alert_text = value[\"alert\"].get(\"text\")\n            raise exception_class(message, screen, stacktrace, alert_text)  # type: ignore[call-arg]  # mypy is not smart enough here\n>       raise exception_class(message, screen, stacktrace)\nE       selenium.common.exceptions.NoSuchElementException: Message: no such element: Unable to locate element: {\"method\":\"xpath\",\"selector\":\"(//a[@href='#order-pay'])[3]\"}\nE         (Session info: chrome-headless-shell=121.0.6167.85); For documentation on this error, please visit: https://www.selenium.dev/documentation/webdriver/troubleshooting/errors#no-such-element-exception\nE       Stacktrace:\nE       #0 0x55fcef81ad93 <unknown>\nE       #1 0x55fcef4fe337 <unknown>\nE       #2 0x55fcef549d60 <unknown>\nE       #3 0x55fcef549e51 <unknown>\nE       #4 0x55fcef58dbc4 <unknown>\nE       #5 0x55fcef56c46d <unknown>\nE       #6 0x55fcef58b12d <unknown>\nE       #7 0x55fcef56c1e3 <unknown>\nE       #8 0x55fcef53c135 <unknown>\nE       #9 0x55fcef53d13e <unknown>\nE       #10 0x55fcef7dee4b <unknown>\nE       #11 0x55fcef7e2dfa <unknown>\nE       #12 0x55fcef7cb6d5 <unknown>\nE       #13 0x55fcef7e3a6f <unknown>\nE       #14 0x55fcef7af69f <unknown>\nE       #15 0x55fcef808098 <unknown>\nE       #16 0x55fcef808262 <unknown>\nE       #17 0x55fcef819f34 <unknown>\nE       #18 0x7f6e53d4f134 <unknown>\n\n/usr/local/lib/python3.11/site-packages/selenium/webdriver/remote/errorhandler.py:245: NoSuchElementException","steps":[{"name":"Проверка функциональности ссылки 'Оплатить заказ'","time":{"start":1707786299468,"stop":1707786299480,"duration":12},"status":"broken","statusMessage":"selenium.common.exceptions.NoSuchElementException: Message: no such element: Unable to locate element: {\"method\":\"xpath\",\"selector\":\"(//a[@href='#order-pay'])[3]\"}\n  (Session info: chrome-headless-shell=121.0.6167.85); For documentation on this error, please visit: https://www.selenium.dev/documentation/webdriver/troubleshooting/errors#no-such-element-exception\nStacktrace:\n#0 0x55fcef81ad93 <unknown>\n#1 0x55fcef4fe337 <unknown>\n#2 0x55fcef549d60 <unknown>\n#3 0x55fcef549e51 <unknown>\n#4 0x55fcef58dbc4 <unknown>\n#5 0x55fcef56c46d <unknown>\n#6 0x55fcef58b12d <unknown>\n#7 0x55fcef56c1e3 <unknown>\n#8 0x55fcef53c135 <unknown>\n#9 0x55fcef53d13e <unknown>\n#10 0x55fcef7dee4b <unknown>\n#11 0x55fcef7e2dfa <unknown>\n#12 0x55fcef7cb6d5 <unknown>\n#13 0x55fcef7e3a6f <unknown>\n#14 0x55fcef7af69f <unknown>\n#15 0x55fcef808098 <unknown>\n#16 0x55fcef808262 <unknown>\n#17 0x55fcef819f34 <unknown>\n#18 0x7f6e53d4f134 <unknown>\n\n","statusTrace":"  File \"/usr/local/lib/python3.11/site-packages/allure_commons/_allure.py\", line 192, in impl\n    return func(*a, **kw)\n           ^^^^^^^^^^^^^^\n  File \"/app/pages/main_page.py\", line 161, in check_payment_order_link\n    self.driver.find_element(*self._payment_order_link).click()\n    ^^^^^^^^^^^^^^^^^^^^^^^^^^^^^^^^^^^^^^^^^^^^^^^^^^^\n  File \"/usr/local/lib/python3.11/site-packages/selenium/webdriver/remote/webdriver.py\", line 740, in find_element\n    return self.execute(Command.FIND_ELEMENT, {\"using\": by, \"value\": value})[\"value\"]\n           ^^^^^^^^^^^^^^^^^^^^^^^^^^^^^^^^^^^^^^^^^^^^^^^^^^^^^^^^^^^^^^^^^\n  File \"/usr/local/lib/python3.11/site-packages/selenium/webdriver/remote/webdriver.py\", line 346, in execute\n    self.error_handler.check_response(response)\n  File \"/usr/local/lib/python3.11/site-packages/selenium/webdriver/remote/errorhandler.py\", line 245, in check_response\n    raise exception_class(message, screen, stacktrace)\n","steps":[],"attachments":[],"parameters":[],"shouldDisplayMessage":true,"stepsCount":0,"attachmentsCount":0,"hasContent":true,"attachmentStep":false}],"attachments":[{"uid":"2113094c97462bf4","name":"Screenshot","source":"2113094c97462bf4.png","type":"image/png","size":39106},{"uid":"5880370f7eb66d11","name":"HTML source","source":"5880370f7eb66d11.html","type":"text/html","size":538}],"parameters":[],"shouldDisplayMessage":true,"stepsCount":1,"attachmentsCount":2,"hasContent":true,"attachmentStep":false},"afterStages":[{"name":"setup::0","time":{"start":1707786299589,"stop":1707786299589,"duration":0},"status":"passed","steps":[],"attachments":[],"parameters":[],"shouldDisplayMessage":false,"stepsCount":0,"attachmentsCount":0,"hasContent":false,"attachmentStep":false},{"name":"driver::0","time":{"start":1707786299590,"stop":1707786299646,"duration":56},"status":"passed","steps":[],"attachments":[],"parameters":[],"shouldDisplayMessage":false,"stepsCount":0,"attachmentsCount":0,"hasContent":false,"attachmentStep":false}],"labels":[{"name":"feature","value":"Footer functionality"},{"name":"epic","value":"Main Page"},{"name":"tag","value":"smoke_test"},{"name":"parentSuite","value":"tests"},{"name":"suite","value":"test_main_page"},{"name":"subSuite","value":"TestMainPage"},{"name":"host","value":"08d980143012"},{"name":"thread","value":"1-MainThread"},{"name":"framework","value":"pytest"},{"name":"language","value":"cpython3"},{"name":"package","value":"tests.test_main_page"},{"name":"resultFormat","value":"allure2"}],"parameters":[{"name":"url","value":"'https://test2.stroyrem-nn.ru/'"}],"links":[],"hidden":false,"retry":false,"extra":{"severity":"normal","retries":[],"categories":[{"name":"Test defects","matchedStatuses":[],"flaky":false}],"history":{"statistic":{"failed":0,"broken":153,"skipped":0,"passed":35,"unknown":0,"total":188},"items":[{"uid":"321b574b10f44f1e","reportUrl":"https://zaelcovsky.github.io/StroyremAutomation/230//#testresult/321b574b10f44f1e","status":"broken","statusDetails":"selenium.common.exceptions.NoSuchElementException: Message: no such element: Unable to locate element: {\"method\":\"xpath\",\"selector\":\"(//a[@href='#order-pay'])[3]\"}\n  (Session info: chrome-headless-shell=121.0.6167.85); For documentation on this error, please visit: https://www.selenium.dev/documentation/webdriver/troubleshooting/errors#no-such-element-exception\nStacktrace:\n#0 0x5603b46ccd93 <unknown>\n#1 0x5603b43b0337 <unknown>\n#2 0x5603b43fbd60 <unknown>\n#3 0x5603b43fbe51 <unknown>\n#4 0x5603b443fbc4 <unknown>\n#5 0x5603b441e46d <unknown>\n#6 0x5603b443d12d <unknown>\n#7 0x5603b441e1e3 <unknown>\n#8 0x5603b43ee135 <unknown>\n#9 0x5603b43ef13e <unknown>\n#10 0x5603b4690e4b <unknown>\n#11 0x5603b4694dfa <unknown>\n#12 0x5603b467d6d5 <unknown>\n#13 0x5603b4695a6f <unknown>\n#14 0x5603b466169f <unknown>\n#15 0x5603b46ba098 <unknown>\n#16 0x5603b46ba262 <unknown>\n#17 0x5603b46cbf34 <unknown>\n#18 0x7f7ec7845134 <unknown>","time":{"start":1707699837473,"stop":1707699837485,"duration":12}},{"uid":"8659b6876bd4672c","reportUrl":"https://zaelcovsky.github.io/StroyremAutomation/229//#testresult/8659b6876bd4672c","status":"broken","statusDetails":"selenium.common.exceptions.NoSuchElementException: Message: no such element: Unable to locate element: {\"method\":\"xpath\",\"selector\":\"(//a[@href='#order-pay'])[3]\"}\n  (Session info: chrome-headless-shell=121.0.6167.85); For documentation on this error, please visit: https://www.selenium.dev/documentation/webdriver/troubleshooting/errors#no-such-element-exception\nStacktrace:\n#0 0x55fee41bbd93 <unknown>\n#1 0x55fee3e9f337 <unknown>\n#2 0x55fee3eead60 <unknown>\n#3 0x55fee3eeae51 <unknown>\n#4 0x55fee3f2ebc4 <unknown>\n#5 0x55fee3f0d46d <unknown>\n#6 0x55fee3f2c12d <unknown>\n#7 0x55fee3f0d1e3 <unknown>\n#8 0x55fee3edd135 <unknown>\n#9 0x55fee3ede13e <unknown>\n#10 0x55fee417fe4b <unknown>\n#11 0x55fee4183dfa <unknown>\n#12 0x55fee416c6d5 <unknown>\n#13 0x55fee4184a6f <unknown>\n#14 0x55fee415069f <unknown>\n#15 0x55fee41a9098 <unknown>\n#16 0x55fee41a9262 <unknown>\n#17 0x55fee41baf34 <unknown>\n#18 0x7fa149cf0134 <unknown>","time":{"start":1707613660382,"stop":1707613660395,"duration":13}},{"uid":"80e35e7dbeb91822","reportUrl":"https://zaelcovsky.github.io/StroyremAutomation/228//#testresult/80e35e7dbeb91822","status":"broken","statusDetails":"selenium.common.exceptions.NoSuchElementException: Message: no such element: Unable to locate element: {\"method\":\"xpath\",\"selector\":\"(//a[@href='#order-pay'])[3]\"}\n  (Session info: chrome-headless-shell=121.0.6167.85); For documentation on this error, please visit: https://www.selenium.dev/documentation/webdriver/troubleshooting/errors#no-such-element-exception\nStacktrace:\n#0 0x55b2ab465d93 <unknown>\n#1 0x55b2ab149337 <unknown>\n#2 0x55b2ab194d60 <unknown>\n#3 0x55b2ab194e51 <unknown>\n#4 0x55b2ab1d8bc4 <unknown>\n#5 0x55b2ab1b746d <unknown>\n#6 0x55b2ab1d612d <unknown>\n#7 0x55b2ab1b71e3 <unknown>\n#8 0x55b2ab187135 <unknown>\n#9 0x55b2ab18813e <unknown>\n#10 0x55b2ab429e4b <unknown>\n#11 0x55b2ab42ddfa <unknown>\n#12 0x55b2ab4166d5 <unknown>\n#13 0x55b2ab42ea6f <unknown>\n#14 0x55b2ab3fa69f <unknown>\n#15 0x55b2ab453098 <unknown>\n#16 0x55b2ab453262 <unknown>\n#17 0x55b2ab464f34 <unknown>\n#18 0x7fcae7505134 <unknown>","time":{"start":1707526872708,"stop":1707526872721,"duration":13}},{"uid":"eb86f0eb3395a968","reportUrl":"https://zaelcovsky.github.io/StroyremAutomation/227//#testresult/eb86f0eb3395a968","status":"broken","statusDetails":"selenium.common.exceptions.NoSuchElementException: Message: no such element: Unable to locate element: {\"method\":\"xpath\",\"selector\":\"(//a[@href='#order-pay'])[3]\"}\n  (Session info: chrome-headless-shell=121.0.6167.85); For documentation on this error, please visit: https://www.selenium.dev/documentation/webdriver/troubleshooting/errors#no-such-element-exception\nStacktrace:\n#0 0x55b8496cbd93 <unknown>\n#1 0x55b8493af337 <unknown>\n#2 0x55b8493fad60 <unknown>\n#3 0x55b8493fae51 <unknown>\n#4 0x55b84943ebc4 <unknown>\n#5 0x55b84941d46d <unknown>\n#6 0x55b84943c12d <unknown>\n#7 0x55b84941d1e3 <unknown>\n#8 0x55b8493ed135 <unknown>\n#9 0x55b8493ee13e <unknown>\n#10 0x55b84968fe4b <unknown>\n#11 0x55b849693dfa <unknown>\n#12 0x55b84967c6d5 <unknown>\n#13 0x55b849694a6f <unknown>\n#14 0x55b84966069f <unknown>\n#15 0x55b8496b9098 <unknown>\n#16 0x55b8496b9262 <unknown>\n#17 0x55b8496caf34 <unknown>\n#18 0x7f7799d36134 <unknown>","time":{"start":1707440560209,"stop":1707440560222,"duration":13}},{"uid":"ae269da216566fe8","reportUrl":"https://zaelcovsky.github.io/StroyremAutomation/226//#testresult/ae269da216566fe8","status":"broken","statusDetails":"selenium.common.exceptions.NoSuchElementException: Message: no such element: Unable to locate element: {\"method\":\"xpath\",\"selector\":\"(//a[@href='#order-pay'])[3]\"}\n  (Session info: chrome-headless-shell=121.0.6167.85); For documentation on this error, please visit: https://www.selenium.dev/documentation/webdriver/troubleshooting/errors#no-such-element-exception\nStacktrace:\n#0 0x559c9f94ed93 <unknown>\n#1 0x559c9f632337 <unknown>\n#2 0x559c9f67dd60 <unknown>\n#3 0x559c9f67de51 <unknown>\n#4 0x559c9f6c1bc4 <unknown>\n#5 0x559c9f6a046d <unknown>\n#6 0x559c9f6bf12d <unknown>\n#7 0x559c9f6a01e3 <unknown>\n#8 0x559c9f670135 <unknown>\n#9 0x559c9f67113e <unknown>\n#10 0x559c9f912e4b <unknown>\n#11 0x559c9f916dfa <unknown>\n#12 0x559c9f8ff6d5 <unknown>\n#13 0x559c9f917a6f <unknown>\n#14 0x559c9f8e369f <unknown>\n#15 0x559c9f93c098 <unknown>\n#16 0x559c9f93c262 <unknown>\n#17 0x559c9f94df34 <unknown>\n#18 0x7ff6c8b19134 <unknown>","time":{"start":1707354148080,"stop":1707354148093,"duration":13}},{"uid":"aceeb343d61af5e6","reportUrl":"https://zaelcovsky.github.io/StroyremAutomation/225//#testresult/aceeb343d61af5e6","status":"broken","statusDetails":"selenium.common.exceptions.NoSuchElementException: Message: no such element: Unable to locate element: {\"method\":\"xpath\",\"selector\":\"(//a[@href='#order-pay'])[3]\"}\n  (Session info: chrome-headless-shell=121.0.6167.85); For documentation on this error, please visit: https://www.selenium.dev/documentation/webdriver/troubleshooting/errors#no-such-element-exception\nStacktrace:\n#0 0x55b2e2794d93 <unknown>\n#1 0x55b2e2478337 <unknown>\n#2 0x55b2e24c3d60 <unknown>\n#3 0x55b2e24c3e51 <unknown>\n#4 0x55b2e2507bc4 <unknown>\n#5 0x55b2e24e646d <unknown>\n#6 0x55b2e250512d <unknown>\n#7 0x55b2e24e61e3 <unknown>\n#8 0x55b2e24b6135 <unknown>\n#9 0x55b2e24b713e <unknown>\n#10 0x55b2e2758e4b <unknown>\n#11 0x55b2e275cdfa <unknown>\n#12 0x55b2e27456d5 <unknown>\n#13 0x55b2e275da6f <unknown>\n#14 0x55b2e272969f <unknown>\n#15 0x55b2e2782098 <unknown>\n#16 0x55b2e2782262 <unknown>\n#17 0x55b2e2793f34 <unknown>\n#18 0x7fbe19809134 <unknown>","time":{"start":1707267693903,"stop":1707267693916,"duration":13}},{"uid":"2963febf160c15e3","reportUrl":"https://zaelcovsky.github.io/StroyremAutomation/224//#testresult/2963febf160c15e3","status":"broken","statusDetails":"selenium.common.exceptions.NoSuchElementException: Message: no such element: Unable to locate element: {\"method\":\"xpath\",\"selector\":\"(//a[@href='#order-pay'])[3]\"}\n  (Session info: chrome-headless-shell=121.0.6167.85); For documentation on this error, please visit: https://www.selenium.dev/documentation/webdriver/troubleshooting/errors#no-such-element-exception\nStacktrace:\n#0 0x562462b4ed93 <unknown>\n#1 0x562462832337 <unknown>\n#2 0x56246287dd60 <unknown>\n#3 0x56246287de51 <unknown>\n#4 0x5624628c1bc4 <unknown>\n#5 0x5624628a046d <unknown>\n#6 0x5624628bf12d <unknown>\n#7 0x5624628a01e3 <unknown>\n#8 0x562462870135 <unknown>\n#9 0x56246287113e <unknown>\n#10 0x562462b12e4b <unknown>\n#11 0x562462b16dfa <unknown>\n#12 0x562462aff6d5 <unknown>\n#13 0x562462b17a6f <unknown>\n#14 0x562462ae369f <unknown>\n#15 0x562462b3c098 <unknown>\n#16 0x562462b3c262 <unknown>\n#17 0x562462b4df34 <unknown>\n#18 0x7faca2fb5134 <unknown>","time":{"start":1707181396250,"stop":1707181396263,"duration":13}},{"uid":"5058a65a5f6ca06d","reportUrl":"https://zaelcovsky.github.io/StroyremAutomation/223//#testresult/5058a65a5f6ca06d","status":"broken","statusDetails":"selenium.common.exceptions.NoSuchElementException: Message: no such element: Unable to locate element: {\"method\":\"xpath\",\"selector\":\"(//a[@href='#order-pay'])[3]\"}\n  (Session info: chrome-headless-shell=121.0.6167.85); For documentation on this error, please visit: https://www.selenium.dev/documentation/webdriver/troubleshooting/errors#no-such-element-exception\nStacktrace:\n#0 0x55bec8694d93 <unknown>\n#1 0x55bec8378337 <unknown>\n#2 0x55bec83c3d60 <unknown>\n#3 0x55bec83c3e51 <unknown>\n#4 0x55bec8407bc4 <unknown>\n#5 0x55bec83e646d <unknown>\n#6 0x55bec840512d <unknown>\n#7 0x55bec83e61e3 <unknown>\n#8 0x55bec83b6135 <unknown>\n#9 0x55bec83b713e <unknown>\n#10 0x55bec8658e4b <unknown>\n#11 0x55bec865cdfa <unknown>\n#12 0x55bec86456d5 <unknown>\n#13 0x55bec865da6f <unknown>\n#14 0x55bec862969f <unknown>\n#15 0x55bec8682098 <unknown>\n#16 0x55bec8682262 <unknown>\n#17 0x55bec8693f34 <unknown>\n#18 0x7f3d5486d134 <unknown>","time":{"start":1707095123717,"stop":1707095123730,"duration":13}},{"uid":"665ba1d27a38089b","reportUrl":"https://zaelcovsky.github.io/StroyremAutomation/222//#testresult/665ba1d27a38089b","status":"broken","statusDetails":"selenium.common.exceptions.NoSuchElementException: Message: no such element: Unable to locate element: {\"method\":\"xpath\",\"selector\":\"(//a[@href='#order-pay'])[3]\"}\n  (Session info: chrome-headless-shell=121.0.6167.85); For documentation on this error, please visit: https://www.selenium.dev/documentation/webdriver/troubleshooting/errors#no-such-element-exception\nStacktrace:\n#0 0x559fd4a09d93 <unknown>\n#1 0x559fd46ed337 <unknown>\n#2 0x559fd4738d60 <unknown>\n#3 0x559fd4738e51 <unknown>\n#4 0x559fd477cbc4 <unknown>\n#5 0x559fd475b46d <unknown>\n#6 0x559fd477a12d <unknown>\n#7 0x559fd475b1e3 <unknown>\n#8 0x559fd472b135 <unknown>\n#9 0x559fd472c13e <unknown>\n#10 0x559fd49cde4b <unknown>\n#11 0x559fd49d1dfa <unknown>\n#12 0x559fd49ba6d5 <unknown>\n#13 0x559fd49d2a6f <unknown>\n#14 0x559fd499e69f <unknown>\n#15 0x559fd49f7098 <unknown>\n#16 0x559fd49f7262 <unknown>\n#17 0x559fd4a08f34 <unknown>\n#18 0x7f0e6b3bc134 <unknown>","time":{"start":1707008871712,"stop":1707008871726,"duration":14}},{"uid":"9bcacd70be4dc0b7","reportUrl":"https://zaelcovsky.github.io/StroyremAutomation/221//#testresult/9bcacd70be4dc0b7","status":"broken","statusDetails":"selenium.common.exceptions.NoSuchElementException: Message: no such element: Unable to locate element: {\"method\":\"xpath\",\"selector\":\"(//a[@href='#order-pay'])[3]\"}\n  (Session info: chrome-headless-shell=121.0.6167.85); For documentation on this error, please visit: https://www.selenium.dev/documentation/webdriver/troubleshooting/errors#no-such-element-exception\nStacktrace:\n#0 0x55e9f18cad93 <unknown>\n#1 0x55e9f15ae337 <unknown>\n#2 0x55e9f15f9d60 <unknown>\n#3 0x55e9f15f9e51 <unknown>\n#4 0x55e9f163dbc4 <unknown>\n#5 0x55e9f161c46d <unknown>\n#6 0x55e9f163b12d <unknown>\n#7 0x55e9f161c1e3 <unknown>\n#8 0x55e9f15ec135 <unknown>\n#9 0x55e9f15ed13e <unknown>\n#10 0x55e9f188ee4b <unknown>\n#11 0x55e9f1892dfa <unknown>\n#12 0x55e9f187b6d5 <unknown>\n#13 0x55e9f1893a6f <unknown>\n#14 0x55e9f185f69f <unknown>\n#15 0x55e9f18b8098 <unknown>\n#16 0x55e9f18b8262 <unknown>\n#17 0x55e9f18c9f34 <unknown>\n#18 0x7fec2b70d134 <unknown>","time":{"start":1706922153356,"stop":1706922153369,"duration":13}},{"uid":"3a875e69fbcd40fb","reportUrl":"https://zaelcovsky.github.io/StroyremAutomation/220//#testresult/3a875e69fbcd40fb","status":"broken","statusDetails":"selenium.common.exceptions.NoSuchElementException: Message: no such element: Unable to locate element: {\"method\":\"xpath\",\"selector\":\"(//a[@href='#order-pay'])[3]\"}\n  (Session info: chrome-headless-shell=121.0.6167.85); For documentation on this error, please visit: https://www.selenium.dev/documentation/webdriver/troubleshooting/errors#no-such-element-exception\nStacktrace:\n#0 0x563704a45d93 <unknown>\n#1 0x563704729337 <unknown>\n#2 0x563704774d60 <unknown>\n#3 0x563704774e51 <unknown>\n#4 0x5637047b8bc4 <unknown>\n#5 0x56370479746d <unknown>\n#6 0x5637047b612d <unknown>\n#7 0x5637047971e3 <unknown>\n#8 0x563704767135 <unknown>\n#9 0x56370476813e <unknown>\n#10 0x563704a09e4b <unknown>\n#11 0x563704a0ddfa <unknown>\n#12 0x5637049f66d5 <unknown>\n#13 0x563704a0ea6f <unknown>\n#14 0x5637049da69f <unknown>\n#15 0x563704a33098 <unknown>\n#16 0x563704a33262 <unknown>\n#17 0x563704a44f34 <unknown>\n#18 0x7f32c93be134 <unknown>","time":{"start":1706835818551,"stop":1706835818564,"duration":13}},{"uid":"17914ab187608e11","reportUrl":"https://zaelcovsky.github.io/StroyremAutomation/219//#testresult/17914ab187608e11","status":"broken","statusDetails":"selenium.common.exceptions.NoSuchElementException: Message: no such element: Unable to locate element: {\"method\":\"xpath\",\"selector\":\"(//a[@href='#order-pay'])[3]\"}\n  (Session info: chrome-headless-shell=121.0.6167.85); For documentation on this error, please visit: https://www.selenium.dev/documentation/webdriver/troubleshooting/errors#no-such-element-exception\nStacktrace:\n#0 0x559d60c5fd93 <unknown>\n#1 0x559d60943337 <unknown>\n#2 0x559d6098ed60 <unknown>\n#3 0x559d6098ee51 <unknown>\n#4 0x559d609d2bc4 <unknown>\n#5 0x559d609b146d <unknown>\n#6 0x559d609d012d <unknown>\n#7 0x559d609b11e3 <unknown>\n#8 0x559d60981135 <unknown>\n#9 0x559d6098213e <unknown>\n#10 0x559d60c23e4b <unknown>\n#11 0x559d60c27dfa <unknown>\n#12 0x559d60c106d5 <unknown>\n#13 0x559d60c28a6f <unknown>\n#14 0x559d60bf469f <unknown>\n#15 0x559d60c4d098 <unknown>\n#16 0x559d60c4d262 <unknown>\n#17 0x559d60c5ef34 <unknown>\n#18 0x7ffa47439044 <unknown>","time":{"start":1706749678431,"stop":1706749678444,"duration":13}},{"uid":"542ede7671d5e724","reportUrl":"https://zaelcovsky.github.io/StroyremAutomation/218//#testresult/542ede7671d5e724","status":"broken","statusDetails":"selenium.common.exceptions.NoSuchElementException: Message: no such element: Unable to locate element: {\"method\":\"xpath\",\"selector\":\"(//a[@href='#order-pay'])[3]\"}\n  (Session info: chrome-headless-shell=121.0.6167.85); For documentation on this error, please visit: https://www.selenium.dev/documentation/webdriver/troubleshooting/errors#no-such-element-exception\nStacktrace:\n#0 0x55f13f604d93 <unknown>\n#1 0x55f13f2e8337 <unknown>\n#2 0x55f13f333d60 <unknown>\n#3 0x55f13f333e51 <unknown>\n#4 0x55f13f377bc4 <unknown>\n#5 0x55f13f35646d <unknown>\n#6 0x55f13f37512d <unknown>\n#7 0x55f13f3561e3 <unknown>\n#8 0x55f13f326135 <unknown>\n#9 0x55f13f32713e <unknown>\n#10 0x55f13f5c8e4b <unknown>\n#11 0x55f13f5ccdfa <unknown>\n#12 0x55f13f5b56d5 <unknown>\n#13 0x55f13f5cda6f <unknown>\n#14 0x55f13f59969f <unknown>\n#15 0x55f13f5f2098 <unknown>\n#16 0x55f13f5f2262 <unknown>\n#17 0x55f13f603f34 <unknown>\n#18 0x7fd92098e044 <unknown>","time":{"start":1706663031063,"stop":1706663031076,"duration":13}},{"uid":"62577e533f40d3a8","reportUrl":"https://zaelcovsky.github.io/StroyremAutomation/217//#testresult/62577e533f40d3a8","status":"broken","statusDetails":"selenium.common.exceptions.NoSuchElementException: Message: no such element: Unable to locate element: {\"method\":\"xpath\",\"selector\":\"(//a[@href='#order-pay'])[3]\"}\n  (Session info: chrome-headless-shell=121.0.6167.85); For documentation on this error, please visit: https://www.selenium.dev/documentation/webdriver/troubleshooting/errors#no-such-element-exception\nStacktrace:\n#0 0x55bf69f33d93 <unknown>\n#1 0x55bf69c17337 <unknown>\n#2 0x55bf69c62d60 <unknown>\n#3 0x55bf69c62e51 <unknown>\n#4 0x55bf69ca6bc4 <unknown>\n#5 0x55bf69c8546d <unknown>\n#6 0x55bf69ca412d <unknown>\n#7 0x55bf69c851e3 <unknown>\n#8 0x55bf69c55135 <unknown>\n#9 0x55bf69c5613e <unknown>\n#10 0x55bf69ef7e4b <unknown>\n#11 0x55bf69efbdfa <unknown>\n#12 0x55bf69ee46d5 <unknown>\n#13 0x55bf69efca6f <unknown>\n#14 0x55bf69ec869f <unknown>\n#15 0x55bf69f21098 <unknown>\n#16 0x55bf69f21262 <unknown>\n#17 0x55bf69f32f34 <unknown>\n#18 0x7f71e379f044 <unknown>","time":{"start":1706576596848,"stop":1706576596862,"duration":14}},{"uid":"f4baf9a2e276547c","reportUrl":"https://zaelcovsky.github.io/StroyremAutomation/216//#testresult/f4baf9a2e276547c","status":"broken","statusDetails":"selenium.common.exceptions.NoSuchElementException: Message: no such element: Unable to locate element: {\"method\":\"xpath\",\"selector\":\"(//a[@href='#order-pay'])[3]\"}\n  (Session info: chrome-headless-shell=121.0.6167.85); For documentation on this error, please visit: https://www.selenium.dev/documentation/webdriver/troubleshooting/errors#no-such-element-exception\nStacktrace:\n#0 0x5606d3c8dd93 <unknown>\n#1 0x5606d3971337 <unknown>\n#2 0x5606d39bcd60 <unknown>\n#3 0x5606d39bce51 <unknown>\n#4 0x5606d3a00bc4 <unknown>\n#5 0x5606d39df46d <unknown>\n#6 0x5606d39fe12d <unknown>\n#7 0x5606d39df1e3 <unknown>\n#8 0x5606d39af135 <unknown>\n#9 0x5606d39b013e <unknown>\n#10 0x5606d3c51e4b <unknown>\n#11 0x5606d3c55dfa <unknown>\n#12 0x5606d3c3e6d5 <unknown>\n#13 0x5606d3c56a6f <unknown>\n#14 0x5606d3c2269f <unknown>\n#15 0x5606d3c7b098 <unknown>\n#16 0x5606d3c7b262 <unknown>\n#17 0x5606d3c8cf34 <unknown>\n#18 0x7f5c6ff0f044 <unknown>","time":{"start":1706490260428,"stop":1706490260441,"duration":13}},{"uid":"57e377456179c193","reportUrl":"https://zaelcovsky.github.io/StroyremAutomation/215//#testresult/57e377456179c193","status":"broken","statusDetails":"selenium.common.exceptions.NoSuchElementException: Message: no such element: Unable to locate element: {\"method\":\"xpath\",\"selector\":\"(//a[@href='#order-pay'])[3]\"}\n  (Session info: chrome-headless-shell=121.0.6167.85); For documentation on this error, please visit: https://www.selenium.dev/documentation/webdriver/troubleshooting/errors#no-such-element-exception\nStacktrace:\n#0 0x55cab2e87d93 <unknown>\n#1 0x55cab2b6b337 <unknown>\n#2 0x55cab2bb6d60 <unknown>\n#3 0x55cab2bb6e51 <unknown>\n#4 0x55cab2bfabc4 <unknown>\n#5 0x55cab2bd946d <unknown>\n#6 0x55cab2bf812d <unknown>\n#7 0x55cab2bd91e3 <unknown>\n#8 0x55cab2ba9135 <unknown>\n#9 0x55cab2baa13e <unknown>\n#10 0x55cab2e4be4b <unknown>\n#11 0x55cab2e4fdfa <unknown>\n#12 0x55cab2e386d5 <unknown>\n#13 0x55cab2e50a6f <unknown>\n#14 0x55cab2e1c69f <unknown>\n#15 0x55cab2e75098 <unknown>\n#16 0x55cab2e75262 <unknown>\n#17 0x55cab2e86f34 <unknown>\n#18 0x7fa5eefd9044 <unknown>","time":{"start":1706404095173,"stop":1706404095186,"duration":13}},{"uid":"5305c14bb98eeee4","reportUrl":"https://zaelcovsky.github.io/StroyremAutomation/214//#testresult/5305c14bb98eeee4","status":"broken","statusDetails":"selenium.common.exceptions.NoSuchElementException: Message: no such element: Unable to locate element: {\"method\":\"xpath\",\"selector\":\"(//a[@href='#order-pay'])[3]\"}\n  (Session info: chrome-headless-shell=121.0.6167.85); For documentation on this error, please visit: https://www.selenium.dev/documentation/webdriver/troubleshooting/errors#no-such-element-exception\nStacktrace:\n#0 0x560aa9951d93 <unknown>\n#1 0x560aa9635337 <unknown>\n#2 0x560aa9680d60 <unknown>\n#3 0x560aa9680e51 <unknown>\n#4 0x560aa96c4bc4 <unknown>\n#5 0x560aa96a346d <unknown>\n#6 0x560aa96c212d <unknown>\n#7 0x560aa96a31e3 <unknown>\n#8 0x560aa9673135 <unknown>\n#9 0x560aa967413e <unknown>\n#10 0x560aa9915e4b <unknown>\n#11 0x560aa9919dfa <unknown>\n#12 0x560aa99026d5 <unknown>\n#13 0x560aa991aa6f <unknown>\n#14 0x560aa98e669f <unknown>\n#15 0x560aa993f098 <unknown>\n#16 0x560aa993f262 <unknown>\n#17 0x560aa9950f34 <unknown>\n#18 0x7f2c2c252044 <unknown>","time":{"start":1706317435895,"stop":1706317435909,"duration":14}},{"uid":"353d32e802fc38c0","reportUrl":"https://zaelcovsky.github.io/StroyremAutomation/213//#testresult/353d32e802fc38c0","status":"broken","statusDetails":"selenium.common.exceptions.NoSuchElementException: Message: no such element: Unable to locate element: {\"method\":\"xpath\",\"selector\":\"(//a[@href='#order-pay'])[3]\"}\n  (Session info: chrome-headless-shell=121.0.6167.85); For documentation on this error, please visit: https://www.selenium.dev/documentation/webdriver/troubleshooting/errors#no-such-element-exception\nStacktrace:\n#0 0x55c17972bd93 <unknown>\n#1 0x55c17940f337 <unknown>\n#2 0x55c17945ad60 <unknown>\n#3 0x55c17945ae51 <unknown>\n#4 0x55c17949ebc4 <unknown>\n#5 0x55c17947d46d <unknown>\n#6 0x55c17949c12d <unknown>\n#7 0x55c17947d1e3 <unknown>\n#8 0x55c17944d135 <unknown>\n#9 0x55c17944e13e <unknown>\n#10 0x55c1796efe4b <unknown>\n#11 0x55c1796f3dfa <unknown>\n#12 0x55c1796dc6d5 <unknown>\n#13 0x55c1796f4a6f <unknown>\n#14 0x55c1796c069f <unknown>\n#15 0x55c179719098 <unknown>\n#16 0x55c179719262 <unknown>\n#17 0x55c17972af34 <unknown>\n#18 0x7f9ad0bb6044 <unknown>","time":{"start":1706231073409,"stop":1706231073422,"duration":13}},{"uid":"e9a7c55889eeecbb","reportUrl":"https://zaelcovsky.github.io/StroyremAutomation/212//#testresult/e9a7c55889eeecbb","status":"broken","statusDetails":"selenium.common.exceptions.NoSuchElementException: Message: no such element: Unable to locate element: {\"method\":\"xpath\",\"selector\":\"(//a[@href='#order-pay'])[3]\"}\n  (Session info: chrome-headless-shell=121.0.6167.85); For documentation on this error, please visit: https://www.selenium.dev/documentation/webdriver/troubleshooting/errors#no-such-element-exception\nStacktrace:\n#0 0x56115b8ead93 <unknown>\n#1 0x56115b5ce337 <unknown>\n#2 0x56115b619d60 <unknown>\n#3 0x56115b619e51 <unknown>\n#4 0x56115b65dbc4 <unknown>\n#5 0x56115b63c46d <unknown>\n#6 0x56115b65b12d <unknown>\n#7 0x56115b63c1e3 <unknown>\n#8 0x56115b60c135 <unknown>\n#9 0x56115b60d13e <unknown>\n#10 0x56115b8aee4b <unknown>\n#11 0x56115b8b2dfa <unknown>\n#12 0x56115b89b6d5 <unknown>\n#13 0x56115b8b3a6f <unknown>\n#14 0x56115b87f69f <unknown>\n#15 0x56115b8d8098 <unknown>\n#16 0x56115b8d8262 <unknown>\n#17 0x56115b8e9f34 <unknown>\n#18 0x7f8c88520044 <unknown>","time":{"start":1706144982047,"stop":1706144982060,"duration":13}},{"uid":"cd956c705bd5f90f","reportUrl":"https://zaelcovsky.github.io/StroyremAutomation/211//#testresult/cd956c705bd5f90f","status":"broken","statusDetails":"selenium.common.exceptions.NoSuchElementException: Message: no such element: Unable to locate element: {\"method\":\"xpath\",\"selector\":\"(//a[@href='#order-pay'])[3]\"}\n  (Session info: chrome-headless-shell=121.0.6167.85); For documentation on this error, please visit: https://www.selenium.dev/documentation/webdriver/troubleshooting/errors#no-such-element-exception\nStacktrace:\n#0 0x5602d4c5ad93 <unknown>\n#1 0x5602d493e337 <unknown>\n#2 0x5602d4989d60 <unknown>\n#3 0x5602d4989e51 <unknown>\n#4 0x5602d49cdbc4 <unknown>\n#5 0x5602d49ac46d <unknown>\n#6 0x5602d49cb12d <unknown>\n#7 0x5602d49ac1e3 <unknown>\n#8 0x5602d497c135 <unknown>\n#9 0x5602d497d13e <unknown>\n#10 0x5602d4c1ee4b <unknown>\n#11 0x5602d4c22dfa <unknown>\n#12 0x5602d4c0b6d5 <unknown>\n#13 0x5602d4c23a6f <unknown>\n#14 0x5602d4bef69f <unknown>\n#15 0x5602d4c48098 <unknown>\n#16 0x5602d4c48262 <unknown>\n#17 0x5602d4c59f34 <unknown>\n#18 0x7f5b56dfb044 <unknown>","time":{"start":1706058582758,"stop":1706058582771,"duration":13}}]},"tags":["smoke_test"]},"source":"fa880c4bb4040035.json","parameterValues":["'https://test2.stroyrem-nn.ru/'"]}