{"uid":"81ccfbec5fc62f80","name":"TD 026 Доставка товара весом до 11000кг. в синей зоне","fullName":"tests.delivery.test_delivery_calculation.TestDeliveryPageCalculation#test_positive_delivery_blue_zone_smoke","historyId":"8627394da03f78c724b6bd3e4cd7677c","time":{"start":1696295420626,"stop":1696295421145,"duration":519},"status":"skipped","statusMessage":"XFAIL\n\nselenium.common.exceptions.NoSuchElementException: Message: no such element: Unable to locate element: {\"method\":\"xpath\",\"selector\":\"(//a[@class='add-to-cart yellow-btn'])[1]\"}\n  (Session info: headless chrome=117.0.5938.92); For documentation on this error, please visit: https://www.selenium.dev/documentation/webdriver/troubleshooting/errors#no-such-element-exception\nStacktrace:\n#0 0x55d7f8a336b3 <unknown>\n#1 0x55d7f87091e7 <unknown>\n#2 0x55d7f8750566 <unknown>\n#3 0x55d7f8750651 <unknown>\n#4 0x55d7f878da74 <unknown>\n#5 0x55d7f87720ed <unknown>\n#6 0x55d7f878b322 <unknown>\n#7 0x55d7f8771e93 <unknown>\n#8 0x55d7f8744934 <unknown>\n#9 0x55d7f874571e <unknown>\n#10 0x55d7f89f8cb8 <unknown>\n#11 0x55d7f89fcbf0 <unknown>\n#12 0x55d7f8a0719c <unknown>\n#13 0x55d7f89fd808 <unknown>\n#14 0x55d7f89ca27f <unknown>\n#15 0x55d7f8a21e88 <unknown>\n#16 0x55d7f8a22059 <unknown>\n#17 0x55d7f8a32843 <unknown>\n#18 0x7fba964ad044 <unknown>","statusTrace":"self = <tests.delivery.test_delivery_calculation.TestDeliveryPageCalculation object at 0x7ff2cb314290>\ndriver = <selenium.webdriver.chrome.webdriver.WebDriver (session=\"287d7bd6d42c66b05d72861c7f8fc1fd\")>\nurl = 'https://sandboxtest.stroyrem-nn.ru/', case_id = 'TD 026'\nlink_item = 'products/shtukaturka-gipsovaya-aksolit-m50-30-kg-mashinnogo-naneseniya'\namount = 366, weight = 11000, standard = 8000, in_time = 14900, all_time = 19900\n\n    @pytest.mark.parametrize('case_id, link_item, amount, weight, standard, in_time, all_time', [\n        (\"TD 015\", bundeks_25, 1, 30, 650, 2390, 3320),\n        pytest.param(\n            \"TD 016\", aksolit_30, 8, 300, 650, 2390, 3320,\n            marks=pytest.mark.xfail(reson=\"Цена доставки: - - -\")\n        ),\n        (\"TD 017\", aksolit_30, 13, 400, 650, 2390, 3320),\n        (\"TD 018\", aksolit_30, 16, 500, 850, 2490, 3320),\n        (\"TD 019\", aksolit_30, 25, 1700, 1150, 2490, 3320),\n        (\"TD 020\", aksolit_30, 66, 2000, 1500, 2990, 3650),\n        (\"TD 021\", aksolit_30, 149, 4500, 2600, 4380, 4890),\n        (\"TD 022\", aksolit_30, 166, 5000, 2800, 5490, 5980),\n        pytest.param(\n            \"TD 023\", aksolit_30, 206, 6200, 3300, 7500, 8000,\n            marks=pytest.mark.xfail(reson=\"Цена доставки: 4300 9900 11440\")\n        ),\n        (\"TD 024\", aksolit_30, 299, 9000, 4300, 9900, 11440),\n        (\"TD 025\", aksolit_30, 333, 10000, 7000, 13900, 15900),\n        pytest.param(\n            \"TD 026\", aksolit_30, 366, 11000, 8000, 14900, 19900,\n            marks=pytest.mark.xfail(reson=\"Цена доставки: 7000 13900 15900\")\n        ),\n        pytest.param(\n            \"TD 027\", aksolit_30, 666, 20000, 14000, 16900, 23900,\n            marks=pytest.mark.xfail(reson=\"Цена доставки: 7000 13900 15900\")\n        )\n    ])\n    @pytest.mark.smoke\n    def test_positive_delivery_blue_zone_smoke(\n            self, driver, url, case_id, link_item, amount, weight, standard, in_time, all_time\n    ):\n        allure.dynamic.title(f\"{case_id} Доставка товара весом до {weight}кг. в синей зоне\")\n    \n        driver.get(f'{url}{link_item}')\n        item_page = ItemPage(driver)\n>       item_page.add_item_to_cart(amount).click_on_cart()\n\ntests/delivery/test_delivery_calculation.py:130: \n_ _ _ _ _ _ _ _ _ _ _ _ _ _ _ _ _ _ _ _ _ _ _ _ _ _ _ _ _ _ _ _ _ _ _ _ _ _ _ _ \npages/item_page.py:40: in add_item_to_cart\n    self.find_element(self._add_item).click()\nbase/seleniumbase.py:17: in find_element\n    return self.driver.find_element(*locator)\n/usr/local/lib/python3.11/site-packages/selenium/webdriver/remote/webdriver.py:740: in find_element\n    return self.execute(Command.FIND_ELEMENT, {\"using\": by, \"value\": value})[\"value\"]\n/usr/local/lib/python3.11/site-packages/selenium/webdriver/remote/webdriver.py:346: in execute\n    self.error_handler.check_response(response)\n_ _ _ _ _ _ _ _ _ _ _ _ _ _ _ _ _ _ _ _ _ _ _ _ _ _ _ _ _ _ _ _ _ _ _ _ _ _ _ _ \n\nself = <selenium.webdriver.remote.errorhandler.ErrorHandler object at 0x7ff2cc3124d0>\nresponse = {'status': 404, 'value': '{\"value\":{\"error\":\"no such element\",\"message\":\"no such element: Unable to locate element: {\\...\\\\n#16 0x55d7f8a22059 \\\\u003Cunknown>\\\\n#17 0x55d7f8a32843 \\\\u003Cunknown>\\\\n#18 0x7fba964ad044 \\\\u003Cunknown>\\\\n\"}}'}\n\n    def check_response(self, response: Dict[str, Any]) -> None:\n        \"\"\"Checks that a JSON response from the WebDriver does not have an\n        error.\n    \n        :Args:\n         - response - The JSON response from the WebDriver server as a dictionary\n           object.\n    \n        :Raises: If the response contains an error message.\n        \"\"\"\n        status = response.get(\"status\", None)\n        if not status or status == ErrorCode.SUCCESS:\n            return\n        value = None\n        message = response.get(\"message\", \"\")\n        screen: str = response.get(\"screen\", \"\")\n        stacktrace = None\n        if isinstance(status, int):\n            value_json = response.get(\"value\", None)\n            if value_json and isinstance(value_json, str):\n                import json\n    \n                try:\n                    value = json.loads(value_json)\n                    if len(value) == 1:\n                        value = value[\"value\"]\n                    status = value.get(\"error\", None)\n                    if not status:\n                        status = value.get(\"status\", ErrorCode.UNKNOWN_ERROR)\n                        message = value.get(\"value\") or value.get(\"message\")\n                        if not isinstance(message, str):\n                            value = message\n                            message = message.get(\"message\")\n                    else:\n                        message = value.get(\"message\", None)\n                except ValueError:\n                    pass\n    \n        exception_class: Type[WebDriverException]\n        if status in ErrorCode.NO_SUCH_ELEMENT:\n            exception_class = NoSuchElementException\n        elif status in ErrorCode.NO_SUCH_FRAME:\n            exception_class = NoSuchFrameException\n        elif status in ErrorCode.NO_SUCH_SHADOW_ROOT:\n            exception_class = NoSuchShadowRootException\n        elif status in ErrorCode.NO_SUCH_WINDOW:\n            exception_class = NoSuchWindowException\n        elif status in ErrorCode.STALE_ELEMENT_REFERENCE:\n            exception_class = StaleElementReferenceException\n        elif status in ErrorCode.ELEMENT_NOT_VISIBLE:\n            exception_class = ElementNotVisibleException\n        elif status in ErrorCode.INVALID_ELEMENT_STATE:\n            exception_class = InvalidElementStateException\n        elif (\n            status in ErrorCode.INVALID_SELECTOR\n            or status in ErrorCode.INVALID_XPATH_SELECTOR\n            or status in ErrorCode.INVALID_XPATH_SELECTOR_RETURN_TYPER\n        ):\n            exception_class = InvalidSelectorException\n        elif status in ErrorCode.ELEMENT_IS_NOT_SELECTABLE:\n            exception_class = ElementNotSelectableException\n        elif status in ErrorCode.ELEMENT_NOT_INTERACTABLE:\n            exception_class = ElementNotInteractableException\n        elif status in ErrorCode.INVALID_COOKIE_DOMAIN:\n            exception_class = InvalidCookieDomainException\n        elif status in ErrorCode.UNABLE_TO_SET_COOKIE:\n            exception_class = UnableToSetCookieException\n        elif status in ErrorCode.TIMEOUT:\n            exception_class = TimeoutException\n        elif status in ErrorCode.SCRIPT_TIMEOUT:\n            exception_class = TimeoutException\n        elif status in ErrorCode.UNKNOWN_ERROR:\n            exception_class = WebDriverException\n        elif status in ErrorCode.UNEXPECTED_ALERT_OPEN:\n            exception_class = UnexpectedAlertPresentException\n        elif status in ErrorCode.NO_ALERT_OPEN:\n            exception_class = NoAlertPresentException\n        elif status in ErrorCode.IME_NOT_AVAILABLE:\n            exception_class = ImeNotAvailableException\n        elif status in ErrorCode.IME_ENGINE_ACTIVATION_FAILED:\n            exception_class = ImeActivationFailedException\n        elif status in ErrorCode.MOVE_TARGET_OUT_OF_BOUNDS:\n            exception_class = MoveTargetOutOfBoundsException\n        elif status in ErrorCode.JAVASCRIPT_ERROR:\n            exception_class = JavascriptException\n        elif status in ErrorCode.SESSION_NOT_CREATED:\n            exception_class = SessionNotCreatedException\n        elif status in ErrorCode.INVALID_ARGUMENT:\n            exception_class = InvalidArgumentException\n        elif status in ErrorCode.NO_SUCH_COOKIE:\n            exception_class = NoSuchCookieException\n        elif status in ErrorCode.UNABLE_TO_CAPTURE_SCREEN:\n            exception_class = ScreenshotException\n        elif status in ErrorCode.ELEMENT_CLICK_INTERCEPTED:\n            exception_class = ElementClickInterceptedException\n        elif status in ErrorCode.INSECURE_CERTIFICATE:\n            exception_class = InsecureCertificateException\n        elif status in ErrorCode.INVALID_COORDINATES:\n            exception_class = InvalidCoordinatesException\n        elif status in ErrorCode.INVALID_SESSION_ID:\n            exception_class = InvalidSessionIdException\n        elif status in ErrorCode.UNKNOWN_METHOD:\n            exception_class = UnknownMethodException\n        else:\n            exception_class = WebDriverException\n        if not value:\n            value = response[\"value\"]\n        if isinstance(value, str):\n            raise exception_class(value)\n        if message == \"\" and \"message\" in value:\n            message = value[\"message\"]\n    \n        screen = None  # type: ignore[assignment]\n        if \"screen\" in value:\n            screen = value[\"screen\"]\n    \n        stacktrace = None\n        st_value = value.get(\"stackTrace\") or value.get(\"stacktrace\")\n        if st_value:\n            if isinstance(st_value, str):\n                stacktrace = st_value.split(\"\\n\")\n            else:\n                stacktrace = []\n                try:\n                    for frame in st_value:\n                        line = frame.get(\"lineNumber\", \"\")\n                        file = frame.get(\"fileName\", \"<anonymous>\")\n                        if line:\n                            file = f\"{file}:{line}\"\n                        meth = frame.get(\"methodName\", \"<anonymous>\")\n                        if \"className\" in frame:\n                            meth = f\"{frame['className']}.{meth}\"\n                        msg = \"    at %s (%s)\"\n                        msg = msg % (meth, file)\n                        stacktrace.append(msg)\n                except TypeError:\n                    pass\n        if exception_class == UnexpectedAlertPresentException:\n            alert_text = None\n            if \"data\" in value:\n                alert_text = value[\"data\"].get(\"text\")\n            elif \"alert\" in value:\n                alert_text = value[\"alert\"].get(\"text\")\n            raise exception_class(message, screen, stacktrace, alert_text)  # type: ignore[call-arg]  # mypy is not smart enough here\n>       raise exception_class(message, screen, stacktrace)\nE       selenium.common.exceptions.NoSuchElementException: Message: no such element: Unable to locate element: {\"method\":\"xpath\",\"selector\":\"(//a[@class='add-to-cart yellow-btn'])[1]\"}\nE         (Session info: headless chrome=117.0.5938.92); For documentation on this error, please visit: https://www.selenium.dev/documentation/webdriver/troubleshooting/errors#no-such-element-exception\nE       Stacktrace:\nE       #0 0x55d7f8a336b3 <unknown>\nE       #1 0x55d7f87091e7 <unknown>\nE       #2 0x55d7f8750566 <unknown>\nE       #3 0x55d7f8750651 <unknown>\nE       #4 0x55d7f878da74 <unknown>\nE       #5 0x55d7f87720ed <unknown>\nE       #6 0x55d7f878b322 <unknown>\nE       #7 0x55d7f8771e93 <unknown>\nE       #8 0x55d7f8744934 <unknown>\nE       #9 0x55d7f874571e <unknown>\nE       #10 0x55d7f89f8cb8 <unknown>\nE       #11 0x55d7f89fcbf0 <unknown>\nE       #12 0x55d7f8a0719c <unknown>\nE       #13 0x55d7f89fd808 <unknown>\nE       #14 0x55d7f89ca27f <unknown>\nE       #15 0x55d7f8a21e88 <unknown>\nE       #16 0x55d7f8a22059 <unknown>\nE       #17 0x55d7f8a32843 <unknown>\nE       #18 0x7fba964ad044 <unknown>\n\n/usr/local/lib/python3.11/site-packages/selenium/webdriver/remote/errorhandler.py:245: NoSuchElementException","flaky":false,"newFailed":false,"newBroken":false,"newPassed":false,"retriesCount":0,"retriesStatusChange":false,"beforeStages":[{"name":"_session_faker","time":{"start":1696294917850,"stop":1696294917959,"duration":109},"status":"passed","steps":[],"attachments":[],"parameters":[],"shouldDisplayMessage":false,"stepsCount":0,"attachmentsCount":0,"hasContent":false},{"name":"clear_allure_results_folder","time":{"start":1696294917959,"stop":1696294917960,"duration":1},"status":"passed","steps":[],"attachments":[],"parameters":[],"shouldDisplayMessage":false,"stepsCount":0,"attachmentsCount":0,"hasContent":false},{"name":"driver","time":{"start":1696295419818,"stop":1696295420624,"duration":806},"status":"passed","steps":[],"attachments":[],"parameters":[],"shouldDisplayMessage":false,"stepsCount":0,"attachmentsCount":0,"hasContent":false},{"name":"setup","time":{"start":1696295420624,"stop":1696295420624,"duration":0},"status":"passed","steps":[],"attachments":[],"parameters":[],"shouldDisplayMessage":false,"stepsCount":0,"attachmentsCount":0,"hasContent":false}],"testStage":{"status":"skipped","statusMessage":"XFAIL\n\nselenium.common.exceptions.NoSuchElementException: Message: no such element: Unable to locate element: {\"method\":\"xpath\",\"selector\":\"(//a[@class='add-to-cart yellow-btn'])[1]\"}\n  (Session info: headless chrome=117.0.5938.92); For documentation on this error, please visit: https://www.selenium.dev/documentation/webdriver/troubleshooting/errors#no-such-element-exception\nStacktrace:\n#0 0x55d7f8a336b3 <unknown>\n#1 0x55d7f87091e7 <unknown>\n#2 0x55d7f8750566 <unknown>\n#3 0x55d7f8750651 <unknown>\n#4 0x55d7f878da74 <unknown>\n#5 0x55d7f87720ed <unknown>\n#6 0x55d7f878b322 <unknown>\n#7 0x55d7f8771e93 <unknown>\n#8 0x55d7f8744934 <unknown>\n#9 0x55d7f874571e <unknown>\n#10 0x55d7f89f8cb8 <unknown>\n#11 0x55d7f89fcbf0 <unknown>\n#12 0x55d7f8a0719c <unknown>\n#13 0x55d7f89fd808 <unknown>\n#14 0x55d7f89ca27f <unknown>\n#15 0x55d7f8a21e88 <unknown>\n#16 0x55d7f8a22059 <unknown>\n#17 0x55d7f8a32843 <unknown>\n#18 0x7fba964ad044 <unknown>","statusTrace":"self = <tests.delivery.test_delivery_calculation.TestDeliveryPageCalculation object at 0x7ff2cb314290>\ndriver = <selenium.webdriver.chrome.webdriver.WebDriver (session=\"287d7bd6d42c66b05d72861c7f8fc1fd\")>\nurl = 'https://sandboxtest.stroyrem-nn.ru/', case_id = 'TD 026'\nlink_item = 'products/shtukaturka-gipsovaya-aksolit-m50-30-kg-mashinnogo-naneseniya'\namount = 366, weight = 11000, standard = 8000, in_time = 14900, all_time = 19900\n\n    @pytest.mark.parametrize('case_id, link_item, amount, weight, standard, in_time, all_time', [\n        (\"TD 015\", bundeks_25, 1, 30, 650, 2390, 3320),\n        pytest.param(\n            \"TD 016\", aksolit_30, 8, 300, 650, 2390, 3320,\n            marks=pytest.mark.xfail(reson=\"Цена доставки: - - -\")\n        ),\n        (\"TD 017\", aksolit_30, 13, 400, 650, 2390, 3320),\n        (\"TD 018\", aksolit_30, 16, 500, 850, 2490, 3320),\n        (\"TD 019\", aksolit_30, 25, 1700, 1150, 2490, 3320),\n        (\"TD 020\", aksolit_30, 66, 2000, 1500, 2990, 3650),\n        (\"TD 021\", aksolit_30, 149, 4500, 2600, 4380, 4890),\n        (\"TD 022\", aksolit_30, 166, 5000, 2800, 5490, 5980),\n        pytest.param(\n            \"TD 023\", aksolit_30, 206, 6200, 3300, 7500, 8000,\n            marks=pytest.mark.xfail(reson=\"Цена доставки: 4300 9900 11440\")\n        ),\n        (\"TD 024\", aksolit_30, 299, 9000, 4300, 9900, 11440),\n        (\"TD 025\", aksolit_30, 333, 10000, 7000, 13900, 15900),\n        pytest.param(\n            \"TD 026\", aksolit_30, 366, 11000, 8000, 14900, 19900,\n            marks=pytest.mark.xfail(reson=\"Цена доставки: 7000 13900 15900\")\n        ),\n        pytest.param(\n            \"TD 027\", aksolit_30, 666, 20000, 14000, 16900, 23900,\n            marks=pytest.mark.xfail(reson=\"Цена доставки: 7000 13900 15900\")\n        )\n    ])\n    @pytest.mark.smoke\n    def test_positive_delivery_blue_zone_smoke(\n            self, driver, url, case_id, link_item, amount, weight, standard, in_time, all_time\n    ):\n        allure.dynamic.title(f\"{case_id} Доставка товара весом до {weight}кг. в синей зоне\")\n    \n        driver.get(f'{url}{link_item}')\n        item_page = ItemPage(driver)\n>       item_page.add_item_to_cart(amount).click_on_cart()\n\ntests/delivery/test_delivery_calculation.py:130: \n_ _ _ _ _ _ _ _ _ _ _ _ _ _ _ _ _ _ _ _ _ _ _ _ _ _ _ _ _ _ _ _ _ _ _ _ _ _ _ _ \npages/item_page.py:40: in add_item_to_cart\n    self.find_element(self._add_item).click()\nbase/seleniumbase.py:17: in find_element\n    return self.driver.find_element(*locator)\n/usr/local/lib/python3.11/site-packages/selenium/webdriver/remote/webdriver.py:740: in find_element\n    return self.execute(Command.FIND_ELEMENT, {\"using\": by, \"value\": value})[\"value\"]\n/usr/local/lib/python3.11/site-packages/selenium/webdriver/remote/webdriver.py:346: in execute\n    self.error_handler.check_response(response)\n_ _ _ _ _ _ _ _ _ _ _ _ _ _ _ _ _ _ _ _ _ _ _ _ _ _ _ _ _ _ _ _ _ _ _ _ _ _ _ _ \n\nself = <selenium.webdriver.remote.errorhandler.ErrorHandler object at 0x7ff2cc3124d0>\nresponse = {'status': 404, 'value': '{\"value\":{\"error\":\"no such element\",\"message\":\"no such element: Unable to locate element: {\\...\\\\n#16 0x55d7f8a22059 \\\\u003Cunknown>\\\\n#17 0x55d7f8a32843 \\\\u003Cunknown>\\\\n#18 0x7fba964ad044 \\\\u003Cunknown>\\\\n\"}}'}\n\n    def check_response(self, response: Dict[str, Any]) -> None:\n        \"\"\"Checks that a JSON response from the WebDriver does not have an\n        error.\n    \n        :Args:\n         - response - The JSON response from the WebDriver server as a dictionary\n           object.\n    \n        :Raises: If the response contains an error message.\n        \"\"\"\n        status = response.get(\"status\", None)\n        if not status or status == ErrorCode.SUCCESS:\n            return\n        value = None\n        message = response.get(\"message\", \"\")\n        screen: str = response.get(\"screen\", \"\")\n        stacktrace = None\n        if isinstance(status, int):\n            value_json = response.get(\"value\", None)\n            if value_json and isinstance(value_json, str):\n                import json\n    \n                try:\n                    value = json.loads(value_json)\n                    if len(value) == 1:\n                        value = value[\"value\"]\n                    status = value.get(\"error\", None)\n                    if not status:\n                        status = value.get(\"status\", ErrorCode.UNKNOWN_ERROR)\n                        message = value.get(\"value\") or value.get(\"message\")\n                        if not isinstance(message, str):\n                            value = message\n                            message = message.get(\"message\")\n                    else:\n                        message = value.get(\"message\", None)\n                except ValueError:\n                    pass\n    \n        exception_class: Type[WebDriverException]\n        if status in ErrorCode.NO_SUCH_ELEMENT:\n            exception_class = NoSuchElementException\n        elif status in ErrorCode.NO_SUCH_FRAME:\n            exception_class = NoSuchFrameException\n        elif status in ErrorCode.NO_SUCH_SHADOW_ROOT:\n            exception_class = NoSuchShadowRootException\n        elif status in ErrorCode.NO_SUCH_WINDOW:\n            exception_class = NoSuchWindowException\n        elif status in ErrorCode.STALE_ELEMENT_REFERENCE:\n            exception_class = StaleElementReferenceException\n        elif status in ErrorCode.ELEMENT_NOT_VISIBLE:\n            exception_class = ElementNotVisibleException\n        elif status in ErrorCode.INVALID_ELEMENT_STATE:\n            exception_class = InvalidElementStateException\n        elif (\n            status in ErrorCode.INVALID_SELECTOR\n            or status in ErrorCode.INVALID_XPATH_SELECTOR\n            or status in ErrorCode.INVALID_XPATH_SELECTOR_RETURN_TYPER\n        ):\n            exception_class = InvalidSelectorException\n        elif status in ErrorCode.ELEMENT_IS_NOT_SELECTABLE:\n            exception_class = ElementNotSelectableException\n        elif status in ErrorCode.ELEMENT_NOT_INTERACTABLE:\n            exception_class = ElementNotInteractableException\n        elif status in ErrorCode.INVALID_COOKIE_DOMAIN:\n            exception_class = InvalidCookieDomainException\n        elif status in ErrorCode.UNABLE_TO_SET_COOKIE:\n            exception_class = UnableToSetCookieException\n        elif status in ErrorCode.TIMEOUT:\n            exception_class = TimeoutException\n        elif status in ErrorCode.SCRIPT_TIMEOUT:\n            exception_class = TimeoutException\n        elif status in ErrorCode.UNKNOWN_ERROR:\n            exception_class = WebDriverException\n        elif status in ErrorCode.UNEXPECTED_ALERT_OPEN:\n            exception_class = UnexpectedAlertPresentException\n        elif status in ErrorCode.NO_ALERT_OPEN:\n            exception_class = NoAlertPresentException\n        elif status in ErrorCode.IME_NOT_AVAILABLE:\n            exception_class = ImeNotAvailableException\n        elif status in ErrorCode.IME_ENGINE_ACTIVATION_FAILED:\n            exception_class = ImeActivationFailedException\n        elif status in ErrorCode.MOVE_TARGET_OUT_OF_BOUNDS:\n            exception_class = MoveTargetOutOfBoundsException\n        elif status in ErrorCode.JAVASCRIPT_ERROR:\n            exception_class = JavascriptException\n        elif status in ErrorCode.SESSION_NOT_CREATED:\n            exception_class = SessionNotCreatedException\n        elif status in ErrorCode.INVALID_ARGUMENT:\n            exception_class = InvalidArgumentException\n        elif status in ErrorCode.NO_SUCH_COOKIE:\n            exception_class = NoSuchCookieException\n        elif status in ErrorCode.UNABLE_TO_CAPTURE_SCREEN:\n            exception_class = ScreenshotException\n        elif status in ErrorCode.ELEMENT_CLICK_INTERCEPTED:\n            exception_class = ElementClickInterceptedException\n        elif status in ErrorCode.INSECURE_CERTIFICATE:\n            exception_class = InsecureCertificateException\n        elif status in ErrorCode.INVALID_COORDINATES:\n            exception_class = InvalidCoordinatesException\n        elif status in ErrorCode.INVALID_SESSION_ID:\n            exception_class = InvalidSessionIdException\n        elif status in ErrorCode.UNKNOWN_METHOD:\n            exception_class = UnknownMethodException\n        else:\n            exception_class = WebDriverException\n        if not value:\n            value = response[\"value\"]\n        if isinstance(value, str):\n            raise exception_class(value)\n        if message == \"\" and \"message\" in value:\n            message = value[\"message\"]\n    \n        screen = None  # type: ignore[assignment]\n        if \"screen\" in value:\n            screen = value[\"screen\"]\n    \n        stacktrace = None\n        st_value = value.get(\"stackTrace\") or value.get(\"stacktrace\")\n        if st_value:\n            if isinstance(st_value, str):\n                stacktrace = st_value.split(\"\\n\")\n            else:\n                stacktrace = []\n                try:\n                    for frame in st_value:\n                        line = frame.get(\"lineNumber\", \"\")\n                        file = frame.get(\"fileName\", \"<anonymous>\")\n                        if line:\n                            file = f\"{file}:{line}\"\n                        meth = frame.get(\"methodName\", \"<anonymous>\")\n                        if \"className\" in frame:\n                            meth = f\"{frame['className']}.{meth}\"\n                        msg = \"    at %s (%s)\"\n                        msg = msg % (meth, file)\n                        stacktrace.append(msg)\n                except TypeError:\n                    pass\n        if exception_class == UnexpectedAlertPresentException:\n            alert_text = None\n            if \"data\" in value:\n                alert_text = value[\"data\"].get(\"text\")\n            elif \"alert\" in value:\n                alert_text = value[\"alert\"].get(\"text\")\n            raise exception_class(message, screen, stacktrace, alert_text)  # type: ignore[call-arg]  # mypy is not smart enough here\n>       raise exception_class(message, screen, stacktrace)\nE       selenium.common.exceptions.NoSuchElementException: Message: no such element: Unable to locate element: {\"method\":\"xpath\",\"selector\":\"(//a[@class='add-to-cart yellow-btn'])[1]\"}\nE         (Session info: headless chrome=117.0.5938.92); For documentation on this error, please visit: https://www.selenium.dev/documentation/webdriver/troubleshooting/errors#no-such-element-exception\nE       Stacktrace:\nE       #0 0x55d7f8a336b3 <unknown>\nE       #1 0x55d7f87091e7 <unknown>\nE       #2 0x55d7f8750566 <unknown>\nE       #3 0x55d7f8750651 <unknown>\nE       #4 0x55d7f878da74 <unknown>\nE       #5 0x55d7f87720ed <unknown>\nE       #6 0x55d7f878b322 <unknown>\nE       #7 0x55d7f8771e93 <unknown>\nE       #8 0x55d7f8744934 <unknown>\nE       #9 0x55d7f874571e <unknown>\nE       #10 0x55d7f89f8cb8 <unknown>\nE       #11 0x55d7f89fcbf0 <unknown>\nE       #12 0x55d7f8a0719c <unknown>\nE       #13 0x55d7f89fd808 <unknown>\nE       #14 0x55d7f89ca27f <unknown>\nE       #15 0x55d7f8a21e88 <unknown>\nE       #16 0x55d7f8a22059 <unknown>\nE       #17 0x55d7f8a32843 <unknown>\nE       #18 0x7fba964ad044 <unknown>\n\n/usr/local/lib/python3.11/site-packages/selenium/webdriver/remote/errorhandler.py:245: NoSuchElementException","steps":[{"name":"Добавляем товар в корзину в количестве 366","time":{"start":1696295421127,"stop":1696295421144,"duration":17},"status":"broken","statusMessage":"selenium.common.exceptions.NoSuchElementException: Message: no such element: Unable to locate element: {\"method\":\"xpath\",\"selector\":\"(//a[@class='add-to-cart yellow-btn'])[1]\"}\n  (Session info: headless chrome=117.0.5938.92); For documentation on this error, please visit: https://www.selenium.dev/documentation/webdriver/troubleshooting/errors#no-such-element-exception\nStacktrace:\n#0 0x55d7f8a336b3 <unknown>\n#1 0x55d7f87091e7 <unknown>\n#2 0x55d7f8750566 <unknown>\n#3 0x55d7f8750651 <unknown>\n#4 0x55d7f878da74 <unknown>\n#5 0x55d7f87720ed <unknown>\n#6 0x55d7f878b322 <unknown>\n#7 0x55d7f8771e93 <unknown>\n#8 0x55d7f8744934 <unknown>\n#9 0x55d7f874571e <unknown>\n#10 0x55d7f89f8cb8 <unknown>\n#11 0x55d7f89fcbf0 <unknown>\n#12 0x55d7f8a0719c <unknown>\n#13 0x55d7f89fd808 <unknown>\n#14 0x55d7f89ca27f <unknown>\n#15 0x55d7f8a21e88 <unknown>\n#16 0x55d7f8a22059 <unknown>\n#17 0x55d7f8a32843 <unknown>\n#18 0x7fba964ad044 <unknown>\n\n","statusTrace":"  File \"/usr/local/lib/python3.11/site-packages/allure_commons/_allure.py\", line 192, in impl\n    return func(*a, **kw)\n           ^^^^^^^^^^^^^^\n  File \"/app/pages/item_page.py\", line 40, in add_item_to_cart\n    self.find_element(self._add_item).click()\n    ^^^^^^^^^^^^^^^^^^^^^^^^^^^^^^^^^\n  File \"/app/base/seleniumbase.py\", line 17, in find_element\n    return self.driver.find_element(*locator)\n           ^^^^^^^^^^^^^^^^^^^^^^^^^^^^^^^^^^\n  File \"/usr/local/lib/python3.11/site-packages/selenium/webdriver/remote/webdriver.py\", line 740, in find_element\n    return self.execute(Command.FIND_ELEMENT, {\"using\": by, \"value\": value})[\"value\"]\n           ^^^^^^^^^^^^^^^^^^^^^^^^^^^^^^^^^^^^^^^^^^^^^^^^^^^^^^^^^^^^^^^^^\n  File \"/usr/local/lib/python3.11/site-packages/selenium/webdriver/remote/webdriver.py\", line 346, in execute\n    self.error_handler.check_response(response)\n  File \"/usr/local/lib/python3.11/site-packages/selenium/webdriver/remote/errorhandler.py\", line 245, in check_response\n    raise exception_class(message, screen, stacktrace)\n","steps":[],"attachments":[],"parameters":[{"name":"amount","value":"366"}],"shouldDisplayMessage":true,"stepsCount":0,"attachmentsCount":0,"hasContent":true}],"attachments":[{"uid":"e478934ac3cc3a54","name":"Screenshot","source":"e478934ac3cc3a54.png","type":"image/png","size":39917},{"uid":"b550b7f48d2fb68a","name":"HTML source","source":"b550b7f48d2fb68a.html","type":"text/html","size":544}],"parameters":[],"shouldDisplayMessage":true,"stepsCount":1,"attachmentsCount":2,"hasContent":true},"afterStages":[{"name":"setup::0","time":{"start":1696295421304,"stop":1696295421304,"duration":0},"status":"passed","steps":[],"attachments":[],"parameters":[],"shouldDisplayMessage":false,"stepsCount":0,"attachmentsCount":0,"hasContent":false},{"name":"driver::0","time":{"start":1696295421304,"stop":1696295421363,"duration":59},"status":"passed","steps":[],"attachments":[],"parameters":[],"shouldDisplayMessage":false,"stepsCount":0,"attachmentsCount":0,"hasContent":false}],"labels":[{"name":"epic","value":"Delivery Page - calculation"},{"name":"tag","value":"smoke"},{"name":"tag","value":"@pytest.mark.xfail(reson='Цена доставки: 7000 13900 15900')"},{"name":"parentSuite","value":"tests.delivery"},{"name":"suite","value":"test_delivery_calculation"},{"name":"subSuite","value":"TestDeliveryPageCalculation"},{"name":"host","value":"e993061bf50b"},{"name":"thread","value":"1-MainThread"},{"name":"framework","value":"pytest"},{"name":"language","value":"cpython3"},{"name":"package","value":"tests.delivery.test_delivery_calculation"},{"name":"resultFormat","value":"allure2"}],"parameters":[{"name":"all_time","value":"19900"},{"name":"amount","value":"366"},{"name":"case_id","value":"'TD 026'"},{"name":"in_time","value":"14900"},{"name":"link_item","value":"'products/shtukaturka-gipsovaya-aksolit-m50-30-kg-mashinnogo-naneseniya'"},{"name":"standard","value":"8000"},{"name":"url","value":"'https://sandboxtest.stroyrem-nn.ru/'"},{"name":"weight","value":"11000"}],"links":[],"hidden":false,"retry":false,"extra":{"severity":"normal","retries":[],"categories":[],"history":{"statistic":{"failed":0,"broken":0,"skipped":34,"passed":0,"unknown":0,"total":34},"items":[{"uid":"6d7adac30f5ab520","reportUrl":"https://zaelcovsky.github.io/StroyremAutomation/97//#testresult/6d7adac30f5ab520","status":"skipped","statusDetails":"XFAIL\n\nselenium.common.exceptions.NoSuchElementException: Message: no such element: Unable to locate element: {\"method\":\"xpath\",\"selector\":\"(//a[@class='add-to-cart yellow-btn'])[1]\"}\n  (Session info: headless chrome=117.0.5938.92); For documentation on this error, please visit: https://www.selenium.dev/documentation/webdriver/troubleshooting/errors#no-such-element-exception\nStacktrace:\n#0 0x558a4264c6b3 <unknown>\n#1 0x558a423221e7 <unknown>\n#2 0x558a42369566 <unknown>\n#3 0x558a42369651 <unknown>\n#4 0x558a423a6a74 <unknown>\n#5 0x558a4238b0ed <unknown>\n#6 0x558a423a4322 <unknown>\n#7 0x558a4238ae93 <unknown>\n#8 0x558a4235d934 <unknown>\n#9 0x558a4235e71e <unknown>\n#10 0x558a42611cb8 <unknown>\n#11 0x558a42615bf0 <unknown>\n#12 0x558a4262019c <unknown>\n#13 0x558a42616808 <unknown>\n#14 0x558a425e327f <unknown>\n#15 0x558a4263ae88 <unknown>\n#16 0x558a4263b059 <unknown>\n#17 0x558a4264b843 <unknown>\n#18 0x7f7c12b85044 <unknown>","time":{"start":1696208989608,"stop":1696208990235,"duration":627}},{"uid":"f98668ed7655fb5","reportUrl":"https://zaelcovsky.github.io/StroyremAutomation/96//#testresult/f98668ed7655fb5","status":"skipped","statusDetails":"XFAIL\n\nselenium.common.exceptions.NoSuchElementException: Message: no such element: Unable to locate element: {\"method\":\"xpath\",\"selector\":\"(//a[@class='add-to-cart yellow-btn'])[1]\"}\n  (Session info: headless chrome=117.0.5938.92); For documentation on this error, please visit: https://www.selenium.dev/documentation/webdriver/troubleshooting/errors#no-such-element-exception\nStacktrace:\n#0 0x561902f186b3 <unknown>\n#1 0x561902bee1e7 <unknown>\n#2 0x561902c35566 <unknown>\n#3 0x561902c35651 <unknown>\n#4 0x561902c72a74 <unknown>\n#5 0x561902c570ed <unknown>\n#6 0x561902c70322 <unknown>\n#7 0x561902c56e93 <unknown>\n#8 0x561902c29934 <unknown>\n#9 0x561902c2a71e <unknown>\n#10 0x561902eddcb8 <unknown>\n#11 0x561902ee1bf0 <unknown>\n#12 0x561902eec19c <unknown>\n#13 0x561902ee2808 <unknown>\n#14 0x561902eaf27f <unknown>\n#15 0x561902f06e88 <unknown>\n#16 0x561902f07059 <unknown>\n#17 0x561902f17843 <unknown>\n#18 0x7f126415f044 <unknown>","time":{"start":1696123042536,"stop":1696123043161,"duration":625}},{"uid":"6b699c4dbe3db818","reportUrl":"https://zaelcovsky.github.io/StroyremAutomation/95//#testresult/6b699c4dbe3db818","status":"skipped","statusDetails":"XFAIL\n\nselenium.common.exceptions.NoSuchElementException: Message: no such element: Unable to locate element: {\"method\":\"xpath\",\"selector\":\"(//a[@class='add-to-cart yellow-btn'])[1]\"}\n  (Session info: headless chrome=117.0.5938.92); For documentation on this error, please visit: https://www.selenium.dev/documentation/webdriver/troubleshooting/errors#no-such-element-exception\nStacktrace:\n#0 0x55c79740c6b3 <unknown>\n#1 0x55c7970e21e7 <unknown>\n#2 0x55c797129566 <unknown>\n#3 0x55c797129651 <unknown>\n#4 0x55c797166a74 <unknown>\n#5 0x55c79714b0ed <unknown>\n#6 0x55c797164322 <unknown>\n#7 0x55c79714ae93 <unknown>\n#8 0x55c79711d934 <unknown>\n#9 0x55c79711e71e <unknown>\n#10 0x55c7973d1cb8 <unknown>\n#11 0x55c7973d5bf0 <unknown>\n#12 0x55c7973e019c <unknown>\n#13 0x55c7973d6808 <unknown>\n#14 0x55c7973a327f <unknown>\n#15 0x55c7973fae88 <unknown>\n#16 0x55c7973fb059 <unknown>\n#17 0x55c79740b843 <unknown>\n#18 0x7f8b64608044 <unknown>","time":{"start":1696035970121,"stop":1696035970540,"duration":419}},{"uid":"86e18dcb6f870a05","reportUrl":"https://zaelcovsky.github.io/StroyremAutomation/94//#testresult/86e18dcb6f870a05","status":"skipped","statusDetails":"XFAIL\n\nselenium.common.exceptions.NoSuchElementException: Message: no such element: Unable to locate element: {\"method\":\"xpath\",\"selector\":\"(//a[@class='add-to-cart yellow-btn'])[1]\"}\n  (Session info: headless chrome=117.0.5938.92); For documentation on this error, please visit: https://www.selenium.dev/documentation/webdriver/troubleshooting/errors#no-such-element-exception\nStacktrace:\n#0 0x56142ab746b3 <unknown>\n#1 0x56142a84a1e7 <unknown>\n#2 0x56142a891566 <unknown>\n#3 0x56142a891651 <unknown>\n#4 0x56142a8cea74 <unknown>\n#5 0x56142a8b30ed <unknown>\n#6 0x56142a8cc322 <unknown>\n#7 0x56142a8b2e93 <unknown>\n#8 0x56142a885934 <unknown>\n#9 0x56142a88671e <unknown>\n#10 0x56142ab39cb8 <unknown>\n#11 0x56142ab3dbf0 <unknown>\n#12 0x56142ab4819c <unknown>\n#13 0x56142ab3e808 <unknown>\n#14 0x56142ab0b27f <unknown>\n#15 0x56142ab62e88 <unknown>\n#16 0x56142ab63059 <unknown>\n#17 0x56142ab73843 <unknown>\n#18 0x7f000d48e044 <unknown>","time":{"start":1695949662624,"stop":1695949663029,"duration":405}},{"uid":"a9deaab66d42f389","reportUrl":"https://zaelcovsky.github.io/StroyremAutomation/93//#testresult/a9deaab66d42f389","status":"skipped","statusDetails":"XFAIL\n\nselenium.common.exceptions.NoSuchElementException: Message: no such element: Unable to locate element: {\"method\":\"xpath\",\"selector\":\"(//a[@class='add-to-cart yellow-btn'])[1]\"}\n  (Session info: headless chrome=117.0.5938.92); For documentation on this error, please visit: https://www.selenium.dev/documentation/webdriver/troubleshooting/errors#no-such-element-exception\nStacktrace:\n#0 0x562cf6cb36b3 <unknown>\n#1 0x562cf69891e7 <unknown>\n#2 0x562cf69d0566 <unknown>\n#3 0x562cf69d0651 <unknown>\n#4 0x562cf6a0da74 <unknown>\n#5 0x562cf69f20ed <unknown>\n#6 0x562cf6a0b322 <unknown>\n#7 0x562cf69f1e93 <unknown>\n#8 0x562cf69c4934 <unknown>\n#9 0x562cf69c571e <unknown>\n#10 0x562cf6c78cb8 <unknown>\n#11 0x562cf6c7cbf0 <unknown>\n#12 0x562cf6c8719c <unknown>\n#13 0x562cf6c7d808 <unknown>\n#14 0x562cf6c4a27f <unknown>\n#15 0x562cf6ca1e88 <unknown>\n#16 0x562cf6ca2059 <unknown>\n#17 0x562cf6cb2843 <unknown>\n#18 0x7f604d958044 <unknown>","time":{"start":1695863252143,"stop":1695863252675,"duration":532}},{"uid":"28a4bf365f82f590","reportUrl":"https://zaelcovsky.github.io/StroyremAutomation/92//#testresult/28a4bf365f82f590","status":"skipped","statusDetails":"XFAIL\n\nselenium.common.exceptions.ElementNotInteractableException: Message: element not interactable\n  (Session info: headless chrome=117.0.5938.92)\nStacktrace:\n#0 0x55db101d36b3 <unknown>\n#1 0x55db0fea9036 <unknown>\n#2 0x55db0fee7c1d <unknown>\n#3 0x55db0ff120c2 <unknown>\n#4 0x55db0fee5f16 <unknown>\n#5 0x55db0ff1228e <unknown>\n#6 0x55db0ff2b322 <unknown>\n#7 0x55db0ff11e93 <unknown>\n#8 0x55db0fee4934 <unknown>\n#9 0x55db0fee571e <unknown>\n#10 0x55db10198cb8 <unknown>\n#11 0x55db1019cbf0 <unknown>\n#12 0x55db101a719c <unknown>\n#13 0x55db1019d808 <unknown>\n#14 0x55db1016a27f <unknown>\n#15 0x55db101c1e88 <unknown>\n#16 0x55db101c2059 <unknown>\n#17 0x55db101d2843 <unknown>\n#18 0x7fface8f5044 <unknown>","time":{"start":1695777119028,"stop":1695777125728,"duration":6700}},{"uid":"727edcd3fdb86fd5","reportUrl":"https://zaelcovsky.github.io/StroyremAutomation/91//#testresult/727edcd3fdb86fd5","status":"skipped","statusDetails":"XFAIL\n\nselenium.common.exceptions.NoSuchElementException: Message: no such element: Unable to locate element: {\"method\":\"xpath\",\"selector\":\"(//a[@class='add-to-cart yellow-btn'])[1]\"}\n  (Session info: headless chrome=117.0.5938.92); For documentation on this error, please visit: https://www.selenium.dev/documentation/webdriver/troubleshooting/errors#no-such-element-exception\nStacktrace:\n#0 0x55603ec6e6b3 <unknown>\n#1 0x55603e9441e7 <unknown>\n#2 0x55603e98b566 <unknown>\n#3 0x55603e98b651 <unknown>\n#4 0x55603e9c8a74 <unknown>\n#5 0x55603e9ad0ed <unknown>\n#6 0x55603e9c6322 <unknown>\n#7 0x55603e9ace93 <unknown>\n#8 0x55603e97f934 <unknown>\n#9 0x55603e98071e <unknown>\n#10 0x55603ec33cb8 <unknown>\n#11 0x55603ec37bf0 <unknown>\n#12 0x55603ec4219c <unknown>\n#13 0x55603ec38808 <unknown>\n#14 0x55603ec0527f <unknown>\n#15 0x55603ec5ce88 <unknown>\n#16 0x55603ec5d059 <unknown>\n#17 0x55603ec6d843 <unknown>\n#18 0x7f1c42486044 <unknown>","time":{"start":1695690697710,"stop":1695690698389,"duration":679}},{"uid":"cdb24bc884c740fb","reportUrl":"https://zaelcovsky.github.io/StroyremAutomation/90//#testresult/cdb24bc884c740fb","status":"skipped","statusDetails":"XFAIL\n\nselenium.common.exceptions.NoSuchElementException: Message: no such element: Unable to locate element: {\"method\":\"xpath\",\"selector\":\"(//a[@class='add-to-cart yellow-btn'])[1]\"}\n  (Session info: headless chrome=117.0.5938.92); For documentation on this error, please visit: https://www.selenium.dev/documentation/webdriver/troubleshooting/errors#no-such-element-exception\nStacktrace:\n#0 0x55d9c87a56b3 <unknown>\n#1 0x55d9c847b1e7 <unknown>\n#2 0x55d9c84c2566 <unknown>\n#3 0x55d9c84c2651 <unknown>\n#4 0x55d9c84ffa74 <unknown>\n#5 0x55d9c84e40ed <unknown>\n#6 0x55d9c84fd322 <unknown>\n#7 0x55d9c84e3e93 <unknown>\n#8 0x55d9c84b6934 <unknown>\n#9 0x55d9c84b771e <unknown>\n#10 0x55d9c876acb8 <unknown>\n#11 0x55d9c876ebf0 <unknown>\n#12 0x55d9c877919c <unknown>\n#13 0x55d9c876f808 <unknown>\n#14 0x55d9c873c27f <unknown>\n#15 0x55d9c8793e88 <unknown>\n#16 0x55d9c8794059 <unknown>\n#17 0x55d9c87a4843 <unknown>\n#18 0x7efd34dd3044 <unknown>","time":{"start":1695604087151,"stop":1695604087697,"duration":546}},{"uid":"d78cb0664fd55c3b","reportUrl":"https://zaelcovsky.github.io/StroyremAutomation/89//#testresult/d78cb0664fd55c3b","status":"skipped","statusDetails":"XFAIL\n\nselenium.common.exceptions.NoSuchElementException: Message: no such element: Unable to locate element: {\"method\":\"xpath\",\"selector\":\"(//a[@class='add-to-cart yellow-btn'])[1]\"}\n  (Session info: headless chrome=117.0.5938.92); For documentation on this error, please visit: https://www.selenium.dev/documentation/webdriver/troubleshooting/errors#no-such-element-exception\nStacktrace:\n#0 0x55b1c412c6b3 <unknown>\n#1 0x55b1c3e021e7 <unknown>\n#2 0x55b1c3e49566 <unknown>\n#3 0x55b1c3e49651 <unknown>\n#4 0x55b1c3e86a74 <unknown>\n#5 0x55b1c3e6b0ed <unknown>\n#6 0x55b1c3e84322 <unknown>\n#7 0x55b1c3e6ae93 <unknown>\n#8 0x55b1c3e3d934 <unknown>\n#9 0x55b1c3e3e71e <unknown>\n#10 0x55b1c40f1cb8 <unknown>\n#11 0x55b1c40f5bf0 <unknown>\n#12 0x55b1c410019c <unknown>\n#13 0x55b1c40f6808 <unknown>\n#14 0x55b1c40c327f <unknown>\n#15 0x55b1c411ae88 <unknown>\n#16 0x55b1c411b059 <unknown>\n#17 0x55b1c412b843 <unknown>\n#18 0x7fe5cc1b6044 <unknown>","time":{"start":1695517918258,"stop":1695517918820,"duration":562}},{"uid":"51639ad54383d44b","reportUrl":"https://zaelcovsky.github.io/StroyremAutomation/88//#testresult/51639ad54383d44b","status":"skipped","statusDetails":"XFAIL\n\nselenium.common.exceptions.NoSuchElementException: Message: no such element: Unable to locate element: {\"method\":\"xpath\",\"selector\":\"(//a[@class='add-to-cart yellow-btn'])[1]\"}\n  (Session info: headless chrome=117.0.5938.92); For documentation on this error, please visit: https://www.selenium.dev/documentation/webdriver/troubleshooting/errors#no-such-element-exception\nStacktrace:\n#0 0x55b6e8d186b3 <unknown>\n#1 0x55b6e89ee1e7 <unknown>\n#2 0x55b6e8a35566 <unknown>\n#3 0x55b6e8a35651 <unknown>\n#4 0x55b6e8a72a74 <unknown>\n#5 0x55b6e8a570ed <unknown>\n#6 0x55b6e8a70322 <unknown>\n#7 0x55b6e8a56e93 <unknown>\n#8 0x55b6e8a29934 <unknown>\n#9 0x55b6e8a2a71e <unknown>\n#10 0x55b6e8cddcb8 <unknown>\n#11 0x55b6e8ce1bf0 <unknown>\n#12 0x55b6e8cec19c <unknown>\n#13 0x55b6e8ce2808 <unknown>\n#14 0x55b6e8caf27f <unknown>\n#15 0x55b6e8d06e88 <unknown>\n#16 0x55b6e8d07059 <unknown>\n#17 0x55b6e8d17843 <unknown>\n#18 0x7f9d1fc60044 <unknown>","time":{"start":1695431264945,"stop":1695431265812,"duration":867}},{"uid":"224fe0117faa8d5f","reportUrl":"https://zaelcovsky.github.io/StroyremAutomation/87//#testresult/224fe0117faa8d5f","status":"skipped","statusDetails":"XFAIL\n\nselenium.common.exceptions.NoSuchElementException: Message: no such element: Unable to locate element: {\"method\":\"xpath\",\"selector\":\"(//a[@class='add-to-cart yellow-btn'])[1]\"}\n  (Session info: headless chrome=117.0.5938.92); For documentation on this error, please visit: https://www.selenium.dev/documentation/webdriver/troubleshooting/errors#no-such-element-exception\nStacktrace:\n#0 0x5597428cd6b3 <unknown>\n#1 0x5597425a31e7 <unknown>\n#2 0x5597425ea566 <unknown>\n#3 0x5597425ea651 <unknown>\n#4 0x559742627a74 <unknown>\n#5 0x55974260c0ed <unknown>\n#6 0x559742625322 <unknown>\n#7 0x55974260be93 <unknown>\n#8 0x5597425de934 <unknown>\n#9 0x5597425df71e <unknown>\n#10 0x559742892cb8 <unknown>\n#11 0x559742896bf0 <unknown>\n#12 0x5597428a119c <unknown>\n#13 0x559742897808 <unknown>\n#14 0x55974286427f <unknown>\n#15 0x5597428bbe88 <unknown>\n#16 0x5597428bc059 <unknown>\n#17 0x5597428cc843 <unknown>\n#18 0x7fb082edd044 <unknown>","time":{"start":1695344842269,"stop":1695344842711,"duration":442}},{"uid":"ea04af9c2f3137a2","reportUrl":"https://zaelcovsky.github.io/StroyremAutomation/86//#testresult/ea04af9c2f3137a2","status":"skipped","statusDetails":"XFAIL\n\nselenium.common.exceptions.NoSuchElementException: Message: no such element: Unable to locate element: {\"method\":\"xpath\",\"selector\":\"(//a[@class='add-to-cart yellow-btn'])[1]\"}\n  (Session info: headless chrome=117.0.5938.88); For documentation on this error, please visit: https://www.selenium.dev/documentation/webdriver/troubleshooting/errors#no-such-element-exception\nStacktrace:\n#0 0x557b094ff6c3 <unknown>\n#1 0x557b091d51e7 <unknown>\n#2 0x557b0921c566 <unknown>\n#3 0x557b0921c651 <unknown>\n#4 0x557b09259a74 <unknown>\n#5 0x557b0923e0ed <unknown>\n#6 0x557b09257322 <unknown>\n#7 0x557b0923de93 <unknown>\n#8 0x557b09210934 <unknown>\n#9 0x557b0921171e <unknown>\n#10 0x557b094c4cc8 <unknown>\n#11 0x557b094c8c00 <unknown>\n#12 0x557b094d31ac <unknown>\n#13 0x557b094c9818 <unknown>\n#14 0x557b0949628f <unknown>\n#15 0x557b094ede98 <unknown>\n#16 0x557b094ee069 <unknown>\n#17 0x557b094fe853 <unknown>\n#18 0x7f1538ad1044 <unknown>","time":{"start":1695258404720,"stop":1695258405151,"duration":431}},{"uid":"309497c6297b6b88","reportUrl":"https://zaelcovsky.github.io/StroyremAutomation/85//#testresult/309497c6297b6b88","status":"skipped","statusDetails":"XFAIL\n\nselenium.common.exceptions.ElementNotInteractableException: Message: element not interactable\n  (Session info: headless chrome=117.0.5938.88)\nStacktrace:\n#0 0x5594724cf6c3 <unknown>\n#1 0x5594721a5036 <unknown>\n#2 0x5594721e3c1d <unknown>\n#3 0x55947220e0c2 <unknown>\n#4 0x5594721e1f16 <unknown>\n#5 0x55947220e28e <unknown>\n#6 0x559472227322 <unknown>\n#7 0x55947220de93 <unknown>\n#8 0x5594721e0934 <unknown>\n#9 0x5594721e171e <unknown>\n#10 0x559472494cc8 <unknown>\n#11 0x559472498c00 <unknown>\n#12 0x5594724a31ac <unknown>\n#13 0x559472499818 <unknown>\n#14 0x55947246628f <unknown>\n#15 0x5594724bde98 <unknown>\n#16 0x5594724be069 <unknown>\n#17 0x5594724ce853 <unknown>\n#18 0x7f94918b5044 <unknown>","time":{"start":1695172280659,"stop":1695172286840,"duration":6181}},{"uid":"4a4ade9e2a2e7a73","reportUrl":"https://zaelcovsky.github.io/StroyremAutomation/84//#testresult/4a4ade9e2a2e7a73","status":"skipped","statusDetails":"XFAIL\n\nselenium.common.exceptions.NoSuchElementException: Message: no such element: Unable to locate element: {\"method\":\"xpath\",\"selector\":\"(//a[@class='add-to-cart yellow-btn'])[1]\"}\n  (Session info: headless chrome=117.0.5938.88); For documentation on this error, please visit: https://www.selenium.dev/documentation/webdriver/troubleshooting/errors#no-such-element-exception\nStacktrace:\n#0 0x55ca6f83a6c3 <unknown>\n#1 0x55ca6f5101e7 <unknown>\n#2 0x55ca6f557566 <unknown>\n#3 0x55ca6f557651 <unknown>\n#4 0x55ca6f594a74 <unknown>\n#5 0x55ca6f5790ed <unknown>\n#6 0x55ca6f592322 <unknown>\n#7 0x55ca6f578e93 <unknown>\n#8 0x55ca6f54b934 <unknown>\n#9 0x55ca6f54c71e <unknown>\n#10 0x55ca6f7ffcc8 <unknown>\n#11 0x55ca6f803c00 <unknown>\n#12 0x55ca6f80e1ac <unknown>\n#13 0x55ca6f804818 <unknown>\n#14 0x55ca6f7d128f <unknown>\n#15 0x55ca6f828e98 <unknown>\n#16 0x55ca6f829069 <unknown>\n#17 0x55ca6f839853 <unknown>\n#18 0x7f6ac3111044 <unknown>","time":{"start":1695085787223,"stop":1695085787652,"duration":429}},{"uid":"8f8369b61a6b5574","reportUrl":"https://zaelcovsky.github.io/StroyremAutomation/83//#testresult/8f8369b61a6b5574","status":"skipped","statusDetails":"XFAIL\n\nselenium.common.exceptions.NoSuchElementException: Message: no such element: Unable to locate element: {\"method\":\"xpath\",\"selector\":\"(//a[@class='add-to-cart yellow-btn'])[1]\"}\n  (Session info: headless chrome=117.0.5938.88); For documentation on this error, please visit: https://www.selenium.dev/documentation/webdriver/troubleshooting/errors#no-such-element-exception\nStacktrace:\n#0 0x55a1e5a9e6c3 <unknown>\n#1 0x55a1e57741e7 <unknown>\n#2 0x55a1e57bb566 <unknown>\n#3 0x55a1e57bb651 <unknown>\n#4 0x55a1e57f8a74 <unknown>\n#5 0x55a1e57dd0ed <unknown>\n#6 0x55a1e57f6322 <unknown>\n#7 0x55a1e57dce93 <unknown>\n#8 0x55a1e57af934 <unknown>\n#9 0x55a1e57b071e <unknown>\n#10 0x55a1e5a63cc8 <unknown>\n#11 0x55a1e5a67c00 <unknown>\n#12 0x55a1e5a721ac <unknown>\n#13 0x55a1e5a68818 <unknown>\n#14 0x55a1e5a3528f <unknown>\n#15 0x55a1e5a8ce98 <unknown>\n#16 0x55a1e5a8d069 <unknown>\n#17 0x55a1e5a9d853 <unknown>\n#18 0x7fec99bb3044 <unknown>","time":{"start":1694999381753,"stop":1694999382379,"duration":626}},{"uid":"35c63bcc60bb1aa9","reportUrl":"https://zaelcovsky.github.io/StroyremAutomation/82//#testresult/35c63bcc60bb1aa9","status":"skipped","statusDetails":"XFAIL\n\nselenium.common.exceptions.NoSuchElementException: Message: no such element: Unable to locate element: {\"method\":\"xpath\",\"selector\":\"(//a[@class='add-to-cart yellow-btn'])[1]\"}\n  (Session info: headless chrome=117.0.5938.88); For documentation on this error, please visit: https://www.selenium.dev/documentation/webdriver/troubleshooting/errors#no-such-element-exception\nStacktrace:\n#0 0x559c9f8d86c3 <unknown>\n#1 0x559c9f5ae1e7 <unknown>\n#2 0x559c9f5f5566 <unknown>\n#3 0x559c9f5f5651 <unknown>\n#4 0x559c9f632a74 <unknown>\n#5 0x559c9f6170ed <unknown>\n#6 0x559c9f630322 <unknown>\n#7 0x559c9f616e93 <unknown>\n#8 0x559c9f5e9934 <unknown>\n#9 0x559c9f5ea71e <unknown>\n#10 0x559c9f89dcc8 <unknown>\n#11 0x559c9f8a1c00 <unknown>\n#12 0x559c9f8ac1ac <unknown>\n#13 0x559c9f8a2818 <unknown>\n#14 0x559c9f86f28f <unknown>\n#15 0x559c9f8c6e98 <unknown>\n#16 0x559c9f8c7069 <unknown>\n#17 0x559c9f8d7853 <unknown>\n#18 0x7f0cbb2cf044 <unknown>","time":{"start":1694913028231,"stop":1694913028674,"duration":443}},{"uid":"4435a6bc15154f91","reportUrl":"https://zaelcovsky.github.io/StroyremAutomation/81//#testresult/4435a6bc15154f91","status":"skipped","statusDetails":"XFAIL\n\nselenium.common.exceptions.NoSuchElementException: Message: no such element: Unable to locate element: {\"method\":\"xpath\",\"selector\":\"(//a[@class='add-to-cart yellow-btn'])[1]\"}\n  (Session info: headless chrome=117.0.5938.88); For documentation on this error, please visit: https://www.selenium.dev/documentation/webdriver/troubleshooting/errors#no-such-element-exception\nStacktrace:\n#0 0x556a9f6d46c3 <unknown>\n#1 0x556a9f3aa1e7 <unknown>\n#2 0x556a9f3f1566 <unknown>\n#3 0x556a9f3f1651 <unknown>\n#4 0x556a9f42ea74 <unknown>\n#5 0x556a9f4130ed <unknown>\n#6 0x556a9f42c322 <unknown>\n#7 0x556a9f412e93 <unknown>\n#8 0x556a9f3e5934 <unknown>\n#9 0x556a9f3e671e <unknown>\n#10 0x556a9f699cc8 <unknown>\n#11 0x556a9f69dc00 <unknown>\n#12 0x556a9f6a81ac <unknown>\n#13 0x556a9f69e818 <unknown>\n#14 0x556a9f66b28f <unknown>\n#15 0x556a9f6c2e98 <unknown>\n#16 0x556a9f6c3069 <unknown>\n#17 0x556a9f6d3853 <unknown>\n#18 0x7f6708057044 <unknown>","time":{"start":1694826465421,"stop":1694826466069,"duration":648}},{"uid":"4698996cc43d40a3","reportUrl":"https://zaelcovsky.github.io/StroyremAutomation/80//#testresult/4698996cc43d40a3","status":"skipped","statusDetails":"XFAIL\n\nselenium.common.exceptions.NoSuchElementException: Message: no such element: Unable to locate element: {\"method\":\"xpath\",\"selector\":\"(//a[@class='add-to-cart yellow-btn'])[1]\"}\n  (Session info: headless chrome=117.0.5938.62); For documentation on this error, please visit: https://www.selenium.dev/documentation/webdriver/troubleshooting/errors#no-such-element-exception\nStacktrace:\n#0 0x55a42c6cc693 <unknown>\n#1 0x55a42c3a21e7 <unknown>\n#2 0x55a42c3e9566 <unknown>\n#3 0x55a42c3e9651 <unknown>\n#4 0x55a42c426a74 <unknown>\n#5 0x55a42c40b0ed <unknown>\n#6 0x55a42c424322 <unknown>\n#7 0x55a42c40ae93 <unknown>\n#8 0x55a42c3dd934 <unknown>\n#9 0x55a42c3de71e <unknown>\n#10 0x55a42c691c98 <unknown>\n#11 0x55a42c695bd0 <unknown>\n#12 0x55a42c6a017c <unknown>\n#13 0x55a42c6967e8 <unknown>\n#14 0x55a42c66325f <unknown>\n#15 0x55a42c6bae68 <unknown>\n#16 0x55a42c6bb039 <unknown>\n#17 0x55a42c6cb823 <unknown>\n#18 0x7fda639ee044 <unknown>","time":{"start":1694740073674,"stop":1694740074118,"duration":444}},{"uid":"5df75ff98ef1fec1","reportUrl":"https://zaelcovsky.github.io/StroyremAutomation/79//#testresult/5df75ff98ef1fec1","status":"skipped","statusDetails":"XFAIL\n\nselenium.common.exceptions.NoSuchElementException: Message: no such element: Unable to locate element: {\"method\":\"xpath\",\"selector\":\"(//a[@class='add-to-cart yellow-btn'])[1]\"}\n  (Session info: headless chrome=117.0.5938.62); For documentation on this error, please visit: https://www.selenium.dev/documentation/webdriver/troubleshooting/errors#no-such-element-exception\nStacktrace:\n#0 0x55857aa34693 <unknown>\n#1 0x55857a70a1e7 <unknown>\n#2 0x55857a751566 <unknown>\n#3 0x55857a751651 <unknown>\n#4 0x55857a78ea74 <unknown>\n#5 0x55857a7730ed <unknown>\n#6 0x55857a78c322 <unknown>\n#7 0x55857a772e93 <unknown>\n#8 0x55857a745934 <unknown>\n#9 0x55857a74671e <unknown>\n#10 0x55857a9f9c98 <unknown>\n#11 0x55857a9fdbd0 <unknown>\n#12 0x55857aa0817c <unknown>\n#13 0x55857a9fe7e8 <unknown>\n#14 0x55857a9cb25f <unknown>\n#15 0x55857aa22e68 <unknown>\n#16 0x55857aa23039 <unknown>\n#17 0x55857aa33823 <unknown>\n#18 0x7f3fbeab1044 <unknown>","time":{"start":1694653900969,"stop":1694653901666,"duration":697}},{"uid":"92e5fcd79c17971b","reportUrl":"https://zaelcovsky.github.io/StroyremAutomation/78//#testresult/92e5fcd79c17971b","status":"skipped","statusDetails":"XFAIL\n\nselenium.common.exceptions.NoSuchElementException: Message: no such element: Unable to locate element: {\"method\":\"xpath\",\"selector\":\"(//a[@class='add-to-cart yellow-btn'])[1]\"}\n  (Session info: headless chrome=117.0.5938.62); For documentation on this error, please visit: https://www.selenium.dev/documentation/webdriver/troubleshooting/errors#no-such-element-exception\nStacktrace:\n#0 0x55b1cf5e1693 <unknown>\n#1 0x55b1cf2b71e7 <unknown>\n#2 0x55b1cf2fe566 <unknown>\n#3 0x55b1cf2fe651 <unknown>\n#4 0x55b1cf33ba74 <unknown>\n#5 0x55b1cf3200ed <unknown>\n#6 0x55b1cf339322 <unknown>\n#7 0x55b1cf31fe93 <unknown>\n#8 0x55b1cf2f2934 <unknown>\n#9 0x55b1cf2f371e <unknown>\n#10 0x55b1cf5a6c98 <unknown>\n#11 0x55b1cf5aabd0 <unknown>\n#12 0x55b1cf5b517c <unknown>\n#13 0x55b1cf5ab7e8 <unknown>\n#14 0x55b1cf57825f <unknown>\n#15 0x55b1cf5cfe68 <unknown>\n#16 0x55b1cf5d0039 <unknown>\n#17 0x55b1cf5e0823 <unknown>\n#18 0x7f01f7632044 <unknown>","time":{"start":1694567386478,"stop":1694567386882,"duration":404}}]},"tags":["@pytest.mark.xfail(reson='Цена доставки: 7000 13900 15900')","smoke"]},"source":"81ccfbec5fc62f80.json","parameterValues":["19900","366","'TD 026'","14900","'products/shtukaturka-gipsovaya-aksolit-m50-30-kg-mashinnogo-naneseniya'","8000","'https://sandboxtest.stroyrem-nn.ru/'","11000"]}