{"uid":"8a97404782b475a0","name":"TD 016 Доставка товара весом до 300кг. в синей зоне","fullName":"tests.delivery.test_delivery_calculation.TestDeliveryPageCalculation#test_positive_delivery_blue_zone_smoke","historyId":"86358f082fd4285ea28a57c2eeb5985a","time":{"start":1696295404145,"stop":1696295404672,"duration":527},"status":"skipped","statusMessage":"XFAIL\n\nselenium.common.exceptions.NoSuchElementException: Message: no such element: Unable to locate element: {\"method\":\"xpath\",\"selector\":\"(//a[@class='add-to-cart yellow-btn'])[1]\"}\n  (Session info: headless chrome=117.0.5938.92); For documentation on this error, please visit: https://www.selenium.dev/documentation/webdriver/troubleshooting/errors#no-such-element-exception\nStacktrace:\n#0 0x55759c6ff6b3 <unknown>\n#1 0x55759c3d51e7 <unknown>\n#2 0x55759c41c566 <unknown>\n#3 0x55759c41c651 <unknown>\n#4 0x55759c459a74 <unknown>\n#5 0x55759c43e0ed <unknown>\n#6 0x55759c457322 <unknown>\n#7 0x55759c43de93 <unknown>\n#8 0x55759c410934 <unknown>\n#9 0x55759c41171e <unknown>\n#10 0x55759c6c4cb8 <unknown>\n#11 0x55759c6c8bf0 <unknown>\n#12 0x55759c6d319c <unknown>\n#13 0x55759c6c9808 <unknown>\n#14 0x55759c69627f <unknown>\n#15 0x55759c6ede88 <unknown>\n#16 0x55759c6ee059 <unknown>\n#17 0x55759c6fe843 <unknown>\n#18 0x7f37056f0044 <unknown>","statusTrace":"self = <tests.delivery.test_delivery_calculation.TestDeliveryPageCalculation object at 0x7ff2cb315fd0>\ndriver = <selenium.webdriver.chrome.webdriver.WebDriver (session=\"ba840290461bd232b6e19706851576e6\")>\nurl = 'https://sandboxtest.stroyrem-nn.ru/', case_id = 'TD 016'\nlink_item = 'products/shtukaturka-gipsovaya-aksolit-m50-30-kg-mashinnogo-naneseniya'\namount = 8, weight = 300, standard = 650, in_time = 2390, all_time = 3320\n\n    @pytest.mark.parametrize('case_id, link_item, amount, weight, standard, in_time, all_time', [\n        (\"TD 015\", bundeks_25, 1, 30, 650, 2390, 3320),\n        pytest.param(\n            \"TD 016\", aksolit_30, 8, 300, 650, 2390, 3320,\n            marks=pytest.mark.xfail(reson=\"Цена доставки: - - -\")\n        ),\n        (\"TD 017\", aksolit_30, 13, 400, 650, 2390, 3320),\n        (\"TD 018\", aksolit_30, 16, 500, 850, 2490, 3320),\n        (\"TD 019\", aksolit_30, 25, 1700, 1150, 2490, 3320),\n        (\"TD 020\", aksolit_30, 66, 2000, 1500, 2990, 3650),\n        (\"TD 021\", aksolit_30, 149, 4500, 2600, 4380, 4890),\n        (\"TD 022\", aksolit_30, 166, 5000, 2800, 5490, 5980),\n        pytest.param(\n            \"TD 023\", aksolit_30, 206, 6200, 3300, 7500, 8000,\n            marks=pytest.mark.xfail(reson=\"Цена доставки: 4300 9900 11440\")\n        ),\n        (\"TD 024\", aksolit_30, 299, 9000, 4300, 9900, 11440),\n        (\"TD 025\", aksolit_30, 333, 10000, 7000, 13900, 15900),\n        pytest.param(\n            \"TD 026\", aksolit_30, 366, 11000, 8000, 14900, 19900,\n            marks=pytest.mark.xfail(reson=\"Цена доставки: 7000 13900 15900\")\n        ),\n        pytest.param(\n            \"TD 027\", aksolit_30, 666, 20000, 14000, 16900, 23900,\n            marks=pytest.mark.xfail(reson=\"Цена доставки: 7000 13900 15900\")\n        )\n    ])\n    @pytest.mark.smoke\n    def test_positive_delivery_blue_zone_smoke(\n            self, driver, url, case_id, link_item, amount, weight, standard, in_time, all_time\n    ):\n        allure.dynamic.title(f\"{case_id} Доставка товара весом до {weight}кг. в синей зоне\")\n    \n        driver.get(f'{url}{link_item}')\n        item_page = ItemPage(driver)\n>       item_page.add_item_to_cart(amount).click_on_cart()\n\ntests/delivery/test_delivery_calculation.py:130: \n_ _ _ _ _ _ _ _ _ _ _ _ _ _ _ _ _ _ _ _ _ _ _ _ _ _ _ _ _ _ _ _ _ _ _ _ _ _ _ _ \npages/item_page.py:40: in add_item_to_cart\n    self.find_element(self._add_item).click()\nbase/seleniumbase.py:17: in find_element\n    return self.driver.find_element(*locator)\n/usr/local/lib/python3.11/site-packages/selenium/webdriver/remote/webdriver.py:740: in find_element\n    return self.execute(Command.FIND_ELEMENT, {\"using\": by, \"value\": value})[\"value\"]\n/usr/local/lib/python3.11/site-packages/selenium/webdriver/remote/webdriver.py:346: in execute\n    self.error_handler.check_response(response)\n_ _ _ _ _ _ _ _ _ _ _ _ _ _ _ _ _ _ _ _ _ _ _ _ _ _ _ _ _ _ _ _ _ _ _ _ _ _ _ _ \n\nself = <selenium.webdriver.remote.errorhandler.ErrorHandler object at 0x7ff2cc2e6a10>\nresponse = {'status': 404, 'value': '{\"value\":{\"error\":\"no such element\",\"message\":\"no such element: Unable to locate element: {\\...\\\\n#16 0x55759c6ee059 \\\\u003Cunknown>\\\\n#17 0x55759c6fe843 \\\\u003Cunknown>\\\\n#18 0x7f37056f0044 \\\\u003Cunknown>\\\\n\"}}'}\n\n    def check_response(self, response: Dict[str, Any]) -> None:\n        \"\"\"Checks that a JSON response from the WebDriver does not have an\n        error.\n    \n        :Args:\n         - response - The JSON response from the WebDriver server as a dictionary\n           object.\n    \n        :Raises: If the response contains an error message.\n        \"\"\"\n        status = response.get(\"status\", None)\n        if not status or status == ErrorCode.SUCCESS:\n            return\n        value = None\n        message = response.get(\"message\", \"\")\n        screen: str = response.get(\"screen\", \"\")\n        stacktrace = None\n        if isinstance(status, int):\n            value_json = response.get(\"value\", None)\n            if value_json and isinstance(value_json, str):\n                import json\n    \n                try:\n                    value = json.loads(value_json)\n                    if len(value) == 1:\n                        value = value[\"value\"]\n                    status = value.get(\"error\", None)\n                    if not status:\n                        status = value.get(\"status\", ErrorCode.UNKNOWN_ERROR)\n                        message = value.get(\"value\") or value.get(\"message\")\n                        if not isinstance(message, str):\n                            value = message\n                            message = message.get(\"message\")\n                    else:\n                        message = value.get(\"message\", None)\n                except ValueError:\n                    pass\n    \n        exception_class: Type[WebDriverException]\n        if status in ErrorCode.NO_SUCH_ELEMENT:\n            exception_class = NoSuchElementException\n        elif status in ErrorCode.NO_SUCH_FRAME:\n            exception_class = NoSuchFrameException\n        elif status in ErrorCode.NO_SUCH_SHADOW_ROOT:\n            exception_class = NoSuchShadowRootException\n        elif status in ErrorCode.NO_SUCH_WINDOW:\n            exception_class = NoSuchWindowException\n        elif status in ErrorCode.STALE_ELEMENT_REFERENCE:\n            exception_class = StaleElementReferenceException\n        elif status in ErrorCode.ELEMENT_NOT_VISIBLE:\n            exception_class = ElementNotVisibleException\n        elif status in ErrorCode.INVALID_ELEMENT_STATE:\n            exception_class = InvalidElementStateException\n        elif (\n            status in ErrorCode.INVALID_SELECTOR\n            or status in ErrorCode.INVALID_XPATH_SELECTOR\n            or status in ErrorCode.INVALID_XPATH_SELECTOR_RETURN_TYPER\n        ):\n            exception_class = InvalidSelectorException\n        elif status in ErrorCode.ELEMENT_IS_NOT_SELECTABLE:\n            exception_class = ElementNotSelectableException\n        elif status in ErrorCode.ELEMENT_NOT_INTERACTABLE:\n            exception_class = ElementNotInteractableException\n        elif status in ErrorCode.INVALID_COOKIE_DOMAIN:\n            exception_class = InvalidCookieDomainException\n        elif status in ErrorCode.UNABLE_TO_SET_COOKIE:\n            exception_class = UnableToSetCookieException\n        elif status in ErrorCode.TIMEOUT:\n            exception_class = TimeoutException\n        elif status in ErrorCode.SCRIPT_TIMEOUT:\n            exception_class = TimeoutException\n        elif status in ErrorCode.UNKNOWN_ERROR:\n            exception_class = WebDriverException\n        elif status in ErrorCode.UNEXPECTED_ALERT_OPEN:\n            exception_class = UnexpectedAlertPresentException\n        elif status in ErrorCode.NO_ALERT_OPEN:\n            exception_class = NoAlertPresentException\n        elif status in ErrorCode.IME_NOT_AVAILABLE:\n            exception_class = ImeNotAvailableException\n        elif status in ErrorCode.IME_ENGINE_ACTIVATION_FAILED:\n            exception_class = ImeActivationFailedException\n        elif status in ErrorCode.MOVE_TARGET_OUT_OF_BOUNDS:\n            exception_class = MoveTargetOutOfBoundsException\n        elif status in ErrorCode.JAVASCRIPT_ERROR:\n            exception_class = JavascriptException\n        elif status in ErrorCode.SESSION_NOT_CREATED:\n            exception_class = SessionNotCreatedException\n        elif status in ErrorCode.INVALID_ARGUMENT:\n            exception_class = InvalidArgumentException\n        elif status in ErrorCode.NO_SUCH_COOKIE:\n            exception_class = NoSuchCookieException\n        elif status in ErrorCode.UNABLE_TO_CAPTURE_SCREEN:\n            exception_class = ScreenshotException\n        elif status in ErrorCode.ELEMENT_CLICK_INTERCEPTED:\n            exception_class = ElementClickInterceptedException\n        elif status in ErrorCode.INSECURE_CERTIFICATE:\n            exception_class = InsecureCertificateException\n        elif status in ErrorCode.INVALID_COORDINATES:\n            exception_class = InvalidCoordinatesException\n        elif status in ErrorCode.INVALID_SESSION_ID:\n            exception_class = InvalidSessionIdException\n        elif status in ErrorCode.UNKNOWN_METHOD:\n            exception_class = UnknownMethodException\n        else:\n            exception_class = WebDriverException\n        if not value:\n            value = response[\"value\"]\n        if isinstance(value, str):\n            raise exception_class(value)\n        if message == \"\" and \"message\" in value:\n            message = value[\"message\"]\n    \n        screen = None  # type: ignore[assignment]\n        if \"screen\" in value:\n            screen = value[\"screen\"]\n    \n        stacktrace = None\n        st_value = value.get(\"stackTrace\") or value.get(\"stacktrace\")\n        if st_value:\n            if isinstance(st_value, str):\n                stacktrace = st_value.split(\"\\n\")\n            else:\n                stacktrace = []\n                try:\n                    for frame in st_value:\n                        line = frame.get(\"lineNumber\", \"\")\n                        file = frame.get(\"fileName\", \"<anonymous>\")\n                        if line:\n                            file = f\"{file}:{line}\"\n                        meth = frame.get(\"methodName\", \"<anonymous>\")\n                        if \"className\" in frame:\n                            meth = f\"{frame['className']}.{meth}\"\n                        msg = \"    at %s (%s)\"\n                        msg = msg % (meth, file)\n                        stacktrace.append(msg)\n                except TypeError:\n                    pass\n        if exception_class == UnexpectedAlertPresentException:\n            alert_text = None\n            if \"data\" in value:\n                alert_text = value[\"data\"].get(\"text\")\n            elif \"alert\" in value:\n                alert_text = value[\"alert\"].get(\"text\")\n            raise exception_class(message, screen, stacktrace, alert_text)  # type: ignore[call-arg]  # mypy is not smart enough here\n>       raise exception_class(message, screen, stacktrace)\nE       selenium.common.exceptions.NoSuchElementException: Message: no such element: Unable to locate element: {\"method\":\"xpath\",\"selector\":\"(//a[@class='add-to-cart yellow-btn'])[1]\"}\nE         (Session info: headless chrome=117.0.5938.92); For documentation on this error, please visit: https://www.selenium.dev/documentation/webdriver/troubleshooting/errors#no-such-element-exception\nE       Stacktrace:\nE       #0 0x55759c6ff6b3 <unknown>\nE       #1 0x55759c3d51e7 <unknown>\nE       #2 0x55759c41c566 <unknown>\nE       #3 0x55759c41c651 <unknown>\nE       #4 0x55759c459a74 <unknown>\nE       #5 0x55759c43e0ed <unknown>\nE       #6 0x55759c457322 <unknown>\nE       #7 0x55759c43de93 <unknown>\nE       #8 0x55759c410934 <unknown>\nE       #9 0x55759c41171e <unknown>\nE       #10 0x55759c6c4cb8 <unknown>\nE       #11 0x55759c6c8bf0 <unknown>\nE       #12 0x55759c6d319c <unknown>\nE       #13 0x55759c6c9808 <unknown>\nE       #14 0x55759c69627f <unknown>\nE       #15 0x55759c6ede88 <unknown>\nE       #16 0x55759c6ee059 <unknown>\nE       #17 0x55759c6fe843 <unknown>\nE       #18 0x7f37056f0044 <unknown>\n\n/usr/local/lib/python3.11/site-packages/selenium/webdriver/remote/errorhandler.py:245: NoSuchElementException","flaky":false,"newFailed":false,"newBroken":false,"newPassed":false,"retriesCount":0,"retriesStatusChange":false,"beforeStages":[{"name":"_session_faker","time":{"start":1696294917850,"stop":1696294917959,"duration":109},"status":"passed","steps":[],"attachments":[],"parameters":[],"shouldDisplayMessage":false,"stepsCount":0,"attachmentsCount":0,"hasContent":false},{"name":"clear_allure_results_folder","time":{"start":1696294917959,"stop":1696294917960,"duration":1},"status":"passed","steps":[],"attachments":[],"parameters":[],"shouldDisplayMessage":false,"stepsCount":0,"attachmentsCount":0,"hasContent":false},{"name":"driver","time":{"start":1696295403332,"stop":1696295404143,"duration":811},"status":"passed","steps":[],"attachments":[],"parameters":[],"shouldDisplayMessage":false,"stepsCount":0,"attachmentsCount":0,"hasContent":false},{"name":"setup","time":{"start":1696295404143,"stop":1696295404143,"duration":0},"status":"passed","steps":[],"attachments":[],"parameters":[],"shouldDisplayMessage":false,"stepsCount":0,"attachmentsCount":0,"hasContent":false}],"testStage":{"status":"skipped","statusMessage":"XFAIL\n\nselenium.common.exceptions.NoSuchElementException: Message: no such element: Unable to locate element: {\"method\":\"xpath\",\"selector\":\"(//a[@class='add-to-cart yellow-btn'])[1]\"}\n  (Session info: headless chrome=117.0.5938.92); For documentation on this error, please visit: https://www.selenium.dev/documentation/webdriver/troubleshooting/errors#no-such-element-exception\nStacktrace:\n#0 0x55759c6ff6b3 <unknown>\n#1 0x55759c3d51e7 <unknown>\n#2 0x55759c41c566 <unknown>\n#3 0x55759c41c651 <unknown>\n#4 0x55759c459a74 <unknown>\n#5 0x55759c43e0ed <unknown>\n#6 0x55759c457322 <unknown>\n#7 0x55759c43de93 <unknown>\n#8 0x55759c410934 <unknown>\n#9 0x55759c41171e <unknown>\n#10 0x55759c6c4cb8 <unknown>\n#11 0x55759c6c8bf0 <unknown>\n#12 0x55759c6d319c <unknown>\n#13 0x55759c6c9808 <unknown>\n#14 0x55759c69627f <unknown>\n#15 0x55759c6ede88 <unknown>\n#16 0x55759c6ee059 <unknown>\n#17 0x55759c6fe843 <unknown>\n#18 0x7f37056f0044 <unknown>","statusTrace":"self = <tests.delivery.test_delivery_calculation.TestDeliveryPageCalculation object at 0x7ff2cb315fd0>\ndriver = <selenium.webdriver.chrome.webdriver.WebDriver (session=\"ba840290461bd232b6e19706851576e6\")>\nurl = 'https://sandboxtest.stroyrem-nn.ru/', case_id = 'TD 016'\nlink_item = 'products/shtukaturka-gipsovaya-aksolit-m50-30-kg-mashinnogo-naneseniya'\namount = 8, weight = 300, standard = 650, in_time = 2390, all_time = 3320\n\n    @pytest.mark.parametrize('case_id, link_item, amount, weight, standard, in_time, all_time', [\n        (\"TD 015\", bundeks_25, 1, 30, 650, 2390, 3320),\n        pytest.param(\n            \"TD 016\", aksolit_30, 8, 300, 650, 2390, 3320,\n            marks=pytest.mark.xfail(reson=\"Цена доставки: - - -\")\n        ),\n        (\"TD 017\", aksolit_30, 13, 400, 650, 2390, 3320),\n        (\"TD 018\", aksolit_30, 16, 500, 850, 2490, 3320),\n        (\"TD 019\", aksolit_30, 25, 1700, 1150, 2490, 3320),\n        (\"TD 020\", aksolit_30, 66, 2000, 1500, 2990, 3650),\n        (\"TD 021\", aksolit_30, 149, 4500, 2600, 4380, 4890),\n        (\"TD 022\", aksolit_30, 166, 5000, 2800, 5490, 5980),\n        pytest.param(\n            \"TD 023\", aksolit_30, 206, 6200, 3300, 7500, 8000,\n            marks=pytest.mark.xfail(reson=\"Цена доставки: 4300 9900 11440\")\n        ),\n        (\"TD 024\", aksolit_30, 299, 9000, 4300, 9900, 11440),\n        (\"TD 025\", aksolit_30, 333, 10000, 7000, 13900, 15900),\n        pytest.param(\n            \"TD 026\", aksolit_30, 366, 11000, 8000, 14900, 19900,\n            marks=pytest.mark.xfail(reson=\"Цена доставки: 7000 13900 15900\")\n        ),\n        pytest.param(\n            \"TD 027\", aksolit_30, 666, 20000, 14000, 16900, 23900,\n            marks=pytest.mark.xfail(reson=\"Цена доставки: 7000 13900 15900\")\n        )\n    ])\n    @pytest.mark.smoke\n    def test_positive_delivery_blue_zone_smoke(\n            self, driver, url, case_id, link_item, amount, weight, standard, in_time, all_time\n    ):\n        allure.dynamic.title(f\"{case_id} Доставка товара весом до {weight}кг. в синей зоне\")\n    \n        driver.get(f'{url}{link_item}')\n        item_page = ItemPage(driver)\n>       item_page.add_item_to_cart(amount).click_on_cart()\n\ntests/delivery/test_delivery_calculation.py:130: \n_ _ _ _ _ _ _ _ _ _ _ _ _ _ _ _ _ _ _ _ _ _ _ _ _ _ _ _ _ _ _ _ _ _ _ _ _ _ _ _ \npages/item_page.py:40: in add_item_to_cart\n    self.find_element(self._add_item).click()\nbase/seleniumbase.py:17: in find_element\n    return self.driver.find_element(*locator)\n/usr/local/lib/python3.11/site-packages/selenium/webdriver/remote/webdriver.py:740: in find_element\n    return self.execute(Command.FIND_ELEMENT, {\"using\": by, \"value\": value})[\"value\"]\n/usr/local/lib/python3.11/site-packages/selenium/webdriver/remote/webdriver.py:346: in execute\n    self.error_handler.check_response(response)\n_ _ _ _ _ _ _ _ _ _ _ _ _ _ _ _ _ _ _ _ _ _ _ _ _ _ _ _ _ _ _ _ _ _ _ _ _ _ _ _ \n\nself = <selenium.webdriver.remote.errorhandler.ErrorHandler object at 0x7ff2cc2e6a10>\nresponse = {'status': 404, 'value': '{\"value\":{\"error\":\"no such element\",\"message\":\"no such element: Unable to locate element: {\\...\\\\n#16 0x55759c6ee059 \\\\u003Cunknown>\\\\n#17 0x55759c6fe843 \\\\u003Cunknown>\\\\n#18 0x7f37056f0044 \\\\u003Cunknown>\\\\n\"}}'}\n\n    def check_response(self, response: Dict[str, Any]) -> None:\n        \"\"\"Checks that a JSON response from the WebDriver does not have an\n        error.\n    \n        :Args:\n         - response - The JSON response from the WebDriver server as a dictionary\n           object.\n    \n        :Raises: If the response contains an error message.\n        \"\"\"\n        status = response.get(\"status\", None)\n        if not status or status == ErrorCode.SUCCESS:\n            return\n        value = None\n        message = response.get(\"message\", \"\")\n        screen: str = response.get(\"screen\", \"\")\n        stacktrace = None\n        if isinstance(status, int):\n            value_json = response.get(\"value\", None)\n            if value_json and isinstance(value_json, str):\n                import json\n    \n                try:\n                    value = json.loads(value_json)\n                    if len(value) == 1:\n                        value = value[\"value\"]\n                    status = value.get(\"error\", None)\n                    if not status:\n                        status = value.get(\"status\", ErrorCode.UNKNOWN_ERROR)\n                        message = value.get(\"value\") or value.get(\"message\")\n                        if not isinstance(message, str):\n                            value = message\n                            message = message.get(\"message\")\n                    else:\n                        message = value.get(\"message\", None)\n                except ValueError:\n                    pass\n    \n        exception_class: Type[WebDriverException]\n        if status in ErrorCode.NO_SUCH_ELEMENT:\n            exception_class = NoSuchElementException\n        elif status in ErrorCode.NO_SUCH_FRAME:\n            exception_class = NoSuchFrameException\n        elif status in ErrorCode.NO_SUCH_SHADOW_ROOT:\n            exception_class = NoSuchShadowRootException\n        elif status in ErrorCode.NO_SUCH_WINDOW:\n            exception_class = NoSuchWindowException\n        elif status in ErrorCode.STALE_ELEMENT_REFERENCE:\n            exception_class = StaleElementReferenceException\n        elif status in ErrorCode.ELEMENT_NOT_VISIBLE:\n            exception_class = ElementNotVisibleException\n        elif status in ErrorCode.INVALID_ELEMENT_STATE:\n            exception_class = InvalidElementStateException\n        elif (\n            status in ErrorCode.INVALID_SELECTOR\n            or status in ErrorCode.INVALID_XPATH_SELECTOR\n            or status in ErrorCode.INVALID_XPATH_SELECTOR_RETURN_TYPER\n        ):\n            exception_class = InvalidSelectorException\n        elif status in ErrorCode.ELEMENT_IS_NOT_SELECTABLE:\n            exception_class = ElementNotSelectableException\n        elif status in ErrorCode.ELEMENT_NOT_INTERACTABLE:\n            exception_class = ElementNotInteractableException\n        elif status in ErrorCode.INVALID_COOKIE_DOMAIN:\n            exception_class = InvalidCookieDomainException\n        elif status in ErrorCode.UNABLE_TO_SET_COOKIE:\n            exception_class = UnableToSetCookieException\n        elif status in ErrorCode.TIMEOUT:\n            exception_class = TimeoutException\n        elif status in ErrorCode.SCRIPT_TIMEOUT:\n            exception_class = TimeoutException\n        elif status in ErrorCode.UNKNOWN_ERROR:\n            exception_class = WebDriverException\n        elif status in ErrorCode.UNEXPECTED_ALERT_OPEN:\n            exception_class = UnexpectedAlertPresentException\n        elif status in ErrorCode.NO_ALERT_OPEN:\n            exception_class = NoAlertPresentException\n        elif status in ErrorCode.IME_NOT_AVAILABLE:\n            exception_class = ImeNotAvailableException\n        elif status in ErrorCode.IME_ENGINE_ACTIVATION_FAILED:\n            exception_class = ImeActivationFailedException\n        elif status in ErrorCode.MOVE_TARGET_OUT_OF_BOUNDS:\n            exception_class = MoveTargetOutOfBoundsException\n        elif status in ErrorCode.JAVASCRIPT_ERROR:\n            exception_class = JavascriptException\n        elif status in ErrorCode.SESSION_NOT_CREATED:\n            exception_class = SessionNotCreatedException\n        elif status in ErrorCode.INVALID_ARGUMENT:\n            exception_class = InvalidArgumentException\n        elif status in ErrorCode.NO_SUCH_COOKIE:\n            exception_class = NoSuchCookieException\n        elif status in ErrorCode.UNABLE_TO_CAPTURE_SCREEN:\n            exception_class = ScreenshotException\n        elif status in ErrorCode.ELEMENT_CLICK_INTERCEPTED:\n            exception_class = ElementClickInterceptedException\n        elif status in ErrorCode.INSECURE_CERTIFICATE:\n            exception_class = InsecureCertificateException\n        elif status in ErrorCode.INVALID_COORDINATES:\n            exception_class = InvalidCoordinatesException\n        elif status in ErrorCode.INVALID_SESSION_ID:\n            exception_class = InvalidSessionIdException\n        elif status in ErrorCode.UNKNOWN_METHOD:\n            exception_class = UnknownMethodException\n        else:\n            exception_class = WebDriverException\n        if not value:\n            value = response[\"value\"]\n        if isinstance(value, str):\n            raise exception_class(value)\n        if message == \"\" and \"message\" in value:\n            message = value[\"message\"]\n    \n        screen = None  # type: ignore[assignment]\n        if \"screen\" in value:\n            screen = value[\"screen\"]\n    \n        stacktrace = None\n        st_value = value.get(\"stackTrace\") or value.get(\"stacktrace\")\n        if st_value:\n            if isinstance(st_value, str):\n                stacktrace = st_value.split(\"\\n\")\n            else:\n                stacktrace = []\n                try:\n                    for frame in st_value:\n                        line = frame.get(\"lineNumber\", \"\")\n                        file = frame.get(\"fileName\", \"<anonymous>\")\n                        if line:\n                            file = f\"{file}:{line}\"\n                        meth = frame.get(\"methodName\", \"<anonymous>\")\n                        if \"className\" in frame:\n                            meth = f\"{frame['className']}.{meth}\"\n                        msg = \"    at %s (%s)\"\n                        msg = msg % (meth, file)\n                        stacktrace.append(msg)\n                except TypeError:\n                    pass\n        if exception_class == UnexpectedAlertPresentException:\n            alert_text = None\n            if \"data\" in value:\n                alert_text = value[\"data\"].get(\"text\")\n            elif \"alert\" in value:\n                alert_text = value[\"alert\"].get(\"text\")\n            raise exception_class(message, screen, stacktrace, alert_text)  # type: ignore[call-arg]  # mypy is not smart enough here\n>       raise exception_class(message, screen, stacktrace)\nE       selenium.common.exceptions.NoSuchElementException: Message: no such element: Unable to locate element: {\"method\":\"xpath\",\"selector\":\"(//a[@class='add-to-cart yellow-btn'])[1]\"}\nE         (Session info: headless chrome=117.0.5938.92); For documentation on this error, please visit: https://www.selenium.dev/documentation/webdriver/troubleshooting/errors#no-such-element-exception\nE       Stacktrace:\nE       #0 0x55759c6ff6b3 <unknown>\nE       #1 0x55759c3d51e7 <unknown>\nE       #2 0x55759c41c566 <unknown>\nE       #3 0x55759c41c651 <unknown>\nE       #4 0x55759c459a74 <unknown>\nE       #5 0x55759c43e0ed <unknown>\nE       #6 0x55759c457322 <unknown>\nE       #7 0x55759c43de93 <unknown>\nE       #8 0x55759c410934 <unknown>\nE       #9 0x55759c41171e <unknown>\nE       #10 0x55759c6c4cb8 <unknown>\nE       #11 0x55759c6c8bf0 <unknown>\nE       #12 0x55759c6d319c <unknown>\nE       #13 0x55759c6c9808 <unknown>\nE       #14 0x55759c69627f <unknown>\nE       #15 0x55759c6ede88 <unknown>\nE       #16 0x55759c6ee059 <unknown>\nE       #17 0x55759c6fe843 <unknown>\nE       #18 0x7f37056f0044 <unknown>\n\n/usr/local/lib/python3.11/site-packages/selenium/webdriver/remote/errorhandler.py:245: NoSuchElementException","steps":[{"name":"Добавляем товар в корзину в количестве 8","time":{"start":1696295404650,"stop":1696295404671,"duration":21},"status":"broken","statusMessage":"selenium.common.exceptions.NoSuchElementException: Message: no such element: Unable to locate element: {\"method\":\"xpath\",\"selector\":\"(//a[@class='add-to-cart yellow-btn'])[1]\"}\n  (Session info: headless chrome=117.0.5938.92); For documentation on this error, please visit: https://www.selenium.dev/documentation/webdriver/troubleshooting/errors#no-such-element-exception\nStacktrace:\n#0 0x55759c6ff6b3 <unknown>\n#1 0x55759c3d51e7 <unknown>\n#2 0x55759c41c566 <unknown>\n#3 0x55759c41c651 <unknown>\n#4 0x55759c459a74 <unknown>\n#5 0x55759c43e0ed <unknown>\n#6 0x55759c457322 <unknown>\n#7 0x55759c43de93 <unknown>\n#8 0x55759c410934 <unknown>\n#9 0x55759c41171e <unknown>\n#10 0x55759c6c4cb8 <unknown>\n#11 0x55759c6c8bf0 <unknown>\n#12 0x55759c6d319c <unknown>\n#13 0x55759c6c9808 <unknown>\n#14 0x55759c69627f <unknown>\n#15 0x55759c6ede88 <unknown>\n#16 0x55759c6ee059 <unknown>\n#17 0x55759c6fe843 <unknown>\n#18 0x7f37056f0044 <unknown>\n\n","statusTrace":"  File \"/usr/local/lib/python3.11/site-packages/allure_commons/_allure.py\", line 192, in impl\n    return func(*a, **kw)\n           ^^^^^^^^^^^^^^\n  File \"/app/pages/item_page.py\", line 40, in add_item_to_cart\n    self.find_element(self._add_item).click()\n    ^^^^^^^^^^^^^^^^^^^^^^^^^^^^^^^^^\n  File \"/app/base/seleniumbase.py\", line 17, in find_element\n    return self.driver.find_element(*locator)\n           ^^^^^^^^^^^^^^^^^^^^^^^^^^^^^^^^^^\n  File \"/usr/local/lib/python3.11/site-packages/selenium/webdriver/remote/webdriver.py\", line 740, in find_element\n    return self.execute(Command.FIND_ELEMENT, {\"using\": by, \"value\": value})[\"value\"]\n           ^^^^^^^^^^^^^^^^^^^^^^^^^^^^^^^^^^^^^^^^^^^^^^^^^^^^^^^^^^^^^^^^^\n  File \"/usr/local/lib/python3.11/site-packages/selenium/webdriver/remote/webdriver.py\", line 346, in execute\n    self.error_handler.check_response(response)\n  File \"/usr/local/lib/python3.11/site-packages/selenium/webdriver/remote/errorhandler.py\", line 245, in check_response\n    raise exception_class(message, screen, stacktrace)\n","steps":[],"attachments":[],"parameters":[{"name":"amount","value":"8"}],"shouldDisplayMessage":true,"stepsCount":0,"attachmentsCount":0,"hasContent":true}],"attachments":[{"uid":"eb0c06ef8211deef","name":"Screenshot","source":"eb0c06ef8211deef.png","type":"image/png","size":39917},{"uid":"bf2f4977f4e943a","name":"HTML source","source":"bf2f4977f4e943a.html","type":"text/html","size":544}],"parameters":[],"shouldDisplayMessage":true,"stepsCount":1,"attachmentsCount":2,"hasContent":true},"afterStages":[{"name":"setup::0","time":{"start":1696295404839,"stop":1696295404839,"duration":0},"status":"passed","steps":[],"attachments":[],"parameters":[],"shouldDisplayMessage":false,"stepsCount":0,"attachmentsCount":0,"hasContent":false},{"name":"driver::0","time":{"start":1696295404840,"stop":1696295404899,"duration":59},"status":"passed","steps":[],"attachments":[],"parameters":[],"shouldDisplayMessage":false,"stepsCount":0,"attachmentsCount":0,"hasContent":false}],"labels":[{"name":"epic","value":"Delivery Page - calculation"},{"name":"tag","value":"smoke"},{"name":"tag","value":"@pytest.mark.xfail(reson='Цена доставки: - - -')"},{"name":"parentSuite","value":"tests.delivery"},{"name":"suite","value":"test_delivery_calculation"},{"name":"subSuite","value":"TestDeliveryPageCalculation"},{"name":"host","value":"e993061bf50b"},{"name":"thread","value":"1-MainThread"},{"name":"framework","value":"pytest"},{"name":"language","value":"cpython3"},{"name":"package","value":"tests.delivery.test_delivery_calculation"},{"name":"resultFormat","value":"allure2"}],"parameters":[{"name":"all_time","value":"3320"},{"name":"amount","value":"8"},{"name":"case_id","value":"'TD 016'"},{"name":"in_time","value":"2390"},{"name":"link_item","value":"'products/shtukaturka-gipsovaya-aksolit-m50-30-kg-mashinnogo-naneseniya'"},{"name":"standard","value":"650"},{"name":"url","value":"'https://sandboxtest.stroyrem-nn.ru/'"},{"name":"weight","value":"300"}],"links":[],"hidden":false,"retry":false,"extra":{"severity":"normal","retries":[],"categories":[],"history":{"statistic":{"failed":0,"broken":0,"skipped":34,"passed":0,"unknown":0,"total":34},"items":[{"uid":"f608a9c9be7cbde8","reportUrl":"https://zaelcovsky.github.io/StroyremAutomation/97//#testresult/f608a9c9be7cbde8","status":"skipped","statusDetails":"XFAIL\n\nselenium.common.exceptions.NoSuchElementException: Message: no such element: Unable to locate element: {\"method\":\"xpath\",\"selector\":\"(//a[@class='add-to-cart yellow-btn'])[1]\"}\n  (Session info: headless chrome=117.0.5938.92); For documentation on this error, please visit: https://www.selenium.dev/documentation/webdriver/troubleshooting/errors#no-such-element-exception\nStacktrace:\n#0 0x55f8da37c6b3 <unknown>\n#1 0x55f8da0521e7 <unknown>\n#2 0x55f8da099566 <unknown>\n#3 0x55f8da099651 <unknown>\n#4 0x55f8da0d6a74 <unknown>\n#5 0x55f8da0bb0ed <unknown>\n#6 0x55f8da0d4322 <unknown>\n#7 0x55f8da0bae93 <unknown>\n#8 0x55f8da08d934 <unknown>\n#9 0x55f8da08e71e <unknown>\n#10 0x55f8da341cb8 <unknown>\n#11 0x55f8da345bf0 <unknown>\n#12 0x55f8da35019c <unknown>\n#13 0x55f8da346808 <unknown>\n#14 0x55f8da31327f <unknown>\n#15 0x55f8da36ae88 <unknown>\n#16 0x55f8da36b059 <unknown>\n#17 0x55f8da37b843 <unknown>\n#18 0x7fb8d0c20044 <unknown>","time":{"start":1696208974332,"stop":1696208974837,"duration":505}},{"uid":"53f79374e5fc9d29","reportUrl":"https://zaelcovsky.github.io/StroyremAutomation/96//#testresult/53f79374e5fc9d29","status":"skipped","statusDetails":"XFAIL\n\nselenium.common.exceptions.NoSuchElementException: Message: no such element: Unable to locate element: {\"method\":\"xpath\",\"selector\":\"(//a[@class='add-to-cart yellow-btn'])[1]\"}\n  (Session info: headless chrome=117.0.5938.92); For documentation on this error, please visit: https://www.selenium.dev/documentation/webdriver/troubleshooting/errors#no-such-element-exception\nStacktrace:\n#0 0x5613ed65a6b3 <unknown>\n#1 0x5613ed3301e7 <unknown>\n#2 0x5613ed377566 <unknown>\n#3 0x5613ed377651 <unknown>\n#4 0x5613ed3b4a74 <unknown>\n#5 0x5613ed3990ed <unknown>\n#6 0x5613ed3b2322 <unknown>\n#7 0x5613ed398e93 <unknown>\n#8 0x5613ed36b934 <unknown>\n#9 0x5613ed36c71e <unknown>\n#10 0x5613ed61fcb8 <unknown>\n#11 0x5613ed623bf0 <unknown>\n#12 0x5613ed62e19c <unknown>\n#13 0x5613ed624808 <unknown>\n#14 0x5613ed5f127f <unknown>\n#15 0x5613ed648e88 <unknown>\n#16 0x5613ed649059 <unknown>\n#17 0x5613ed659843 <unknown>\n#18 0x7f1e475a3044 <unknown>","time":{"start":1696123025721,"stop":1696123026362,"duration":641}},{"uid":"81cd892e0f86a70d","reportUrl":"https://zaelcovsky.github.io/StroyremAutomation/95//#testresult/81cd892e0f86a70d","status":"skipped","statusDetails":"XFAIL\n\nselenium.common.exceptions.NoSuchElementException: Message: no such element: Unable to locate element: {\"method\":\"xpath\",\"selector\":\"(//a[@class='add-to-cart yellow-btn'])[1]\"}\n  (Session info: headless chrome=117.0.5938.92); For documentation on this error, please visit: https://www.selenium.dev/documentation/webdriver/troubleshooting/errors#no-such-element-exception\nStacktrace:\n#0 0x556049b776b3 <unknown>\n#1 0x55604984d1e7 <unknown>\n#2 0x556049894566 <unknown>\n#3 0x556049894651 <unknown>\n#4 0x5560498d1a74 <unknown>\n#5 0x5560498b60ed <unknown>\n#6 0x5560498cf322 <unknown>\n#7 0x5560498b5e93 <unknown>\n#8 0x556049888934 <unknown>\n#9 0x55604988971e <unknown>\n#10 0x556049b3ccb8 <unknown>\n#11 0x556049b40bf0 <unknown>\n#12 0x556049b4b19c <unknown>\n#13 0x556049b41808 <unknown>\n#14 0x556049b0e27f <unknown>\n#15 0x556049b65e88 <unknown>\n#16 0x556049b66059 <unknown>\n#17 0x556049b76843 <unknown>\n#18 0x7fa3f90c7044 <unknown>","time":{"start":1696035956102,"stop":1696035956523,"duration":421}},{"uid":"cc543ba7db24b08e","reportUrl":"https://zaelcovsky.github.io/StroyremAutomation/94//#testresult/cc543ba7db24b08e","status":"skipped","statusDetails":"XFAIL\n\nselenium.common.exceptions.NoSuchElementException: Message: no such element: Unable to locate element: {\"method\":\"xpath\",\"selector\":\"(//a[@class='add-to-cart yellow-btn'])[1]\"}\n  (Session info: headless chrome=117.0.5938.92); For documentation on this error, please visit: https://www.selenium.dev/documentation/webdriver/troubleshooting/errors#no-such-element-exception\nStacktrace:\n#0 0x5644b432d6b3 <unknown>\n#1 0x5644b40031e7 <unknown>\n#2 0x5644b404a566 <unknown>\n#3 0x5644b404a651 <unknown>\n#4 0x5644b4087a74 <unknown>\n#5 0x5644b406c0ed <unknown>\n#6 0x5644b4085322 <unknown>\n#7 0x5644b406be93 <unknown>\n#8 0x5644b403e934 <unknown>\n#9 0x5644b403f71e <unknown>\n#10 0x5644b42f2cb8 <unknown>\n#11 0x5644b42f6bf0 <unknown>\n#12 0x5644b430119c <unknown>\n#13 0x5644b42f7808 <unknown>\n#14 0x5644b42c427f <unknown>\n#15 0x5644b431be88 <unknown>\n#16 0x5644b431c059 <unknown>\n#17 0x5644b432c843 <unknown>\n#18 0x7f21ddb4c044 <unknown>","time":{"start":1695949643405,"stop":1695949643845,"duration":440}},{"uid":"223b7d6caeac489d","reportUrl":"https://zaelcovsky.github.io/StroyremAutomation/93//#testresult/223b7d6caeac489d","status":"skipped","statusDetails":"XFAIL\n\nselenium.common.exceptions.NoSuchElementException: Message: no such element: Unable to locate element: {\"method\":\"xpath\",\"selector\":\"(//a[@class='add-to-cart yellow-btn'])[1]\"}\n  (Session info: headless chrome=117.0.5938.92); For documentation on this error, please visit: https://www.selenium.dev/documentation/webdriver/troubleshooting/errors#no-such-element-exception\nStacktrace:\n#0 0x56048bd136b3 <unknown>\n#1 0x56048b9e91e7 <unknown>\n#2 0x56048ba30566 <unknown>\n#3 0x56048ba30651 <unknown>\n#4 0x56048ba6da74 <unknown>\n#5 0x56048ba520ed <unknown>\n#6 0x56048ba6b322 <unknown>\n#7 0x56048ba51e93 <unknown>\n#8 0x56048ba24934 <unknown>\n#9 0x56048ba2571e <unknown>\n#10 0x56048bcd8cb8 <unknown>\n#11 0x56048bcdcbf0 <unknown>\n#12 0x56048bce719c <unknown>\n#13 0x56048bcdd808 <unknown>\n#14 0x56048bcaa27f <unknown>\n#15 0x56048bd01e88 <unknown>\n#16 0x56048bd02059 <unknown>\n#17 0x56048bd12843 <unknown>\n#18 0x7f9688817044 <unknown>","time":{"start":1695863232922,"stop":1695863233464,"duration":542}},{"uid":"4228198e8ee74f57","reportUrl":"https://zaelcovsky.github.io/StroyremAutomation/92//#testresult/4228198e8ee74f57","status":"skipped","statusDetails":"XFAIL\n\nselenium.common.exceptions.ElementNotInteractableException: Message: element not interactable\n  (Session info: headless chrome=117.0.5938.92)\nStacktrace:\n#0 0x55b9909fe6b3 <unknown>\n#1 0x55b9906d4036 <unknown>\n#2 0x55b990712c1d <unknown>\n#3 0x55b99073d0c2 <unknown>\n#4 0x55b990710f16 <unknown>\n#5 0x55b99073d28e <unknown>\n#6 0x55b990756322 <unknown>\n#7 0x55b99073ce93 <unknown>\n#8 0x55b99070f934 <unknown>\n#9 0x55b99071071e <unknown>\n#10 0x55b9909c3cb8 <unknown>\n#11 0x55b9909c7bf0 <unknown>\n#12 0x55b9909d219c <unknown>\n#13 0x55b9909c8808 <unknown>\n#14 0x55b99099527f <unknown>\n#15 0x55b9909ece88 <unknown>\n#16 0x55b9909ed059 <unknown>\n#17 0x55b9909fd843 <unknown>\n#18 0x7fae9f780044 <unknown>","time":{"start":1695777045187,"stop":1695777051119,"duration":5932}},{"uid":"e5ec50e0f6085cf0","reportUrl":"https://zaelcovsky.github.io/StroyremAutomation/91//#testresult/e5ec50e0f6085cf0","status":"skipped","statusDetails":"XFAIL\n\nselenium.common.exceptions.NoSuchElementException: Message: no such element: Unable to locate element: {\"method\":\"xpath\",\"selector\":\"(//a[@class='add-to-cart yellow-btn'])[1]\"}\n  (Session info: headless chrome=117.0.5938.92); For documentation on this error, please visit: https://www.selenium.dev/documentation/webdriver/troubleshooting/errors#no-such-element-exception\nStacktrace:\n#0 0x5605069f36b3 <unknown>\n#1 0x5605066c91e7 <unknown>\n#2 0x560506710566 <unknown>\n#3 0x560506710651 <unknown>\n#4 0x56050674da74 <unknown>\n#5 0x5605067320ed <unknown>\n#6 0x56050674b322 <unknown>\n#7 0x560506731e93 <unknown>\n#8 0x560506704934 <unknown>\n#9 0x56050670571e <unknown>\n#10 0x5605069b8cb8 <unknown>\n#11 0x5605069bcbf0 <unknown>\n#12 0x5605069c719c <unknown>\n#13 0x5605069bd808 <unknown>\n#14 0x56050698a27f <unknown>\n#15 0x5605069e1e88 <unknown>\n#16 0x5605069e2059 <unknown>\n#17 0x5605069f2843 <unknown>\n#18 0x7fd39b21b044 <unknown>","time":{"start":1695690680337,"stop":1695690680998,"duration":661}},{"uid":"2a79dc26fd459a9","reportUrl":"https://zaelcovsky.github.io/StroyremAutomation/90//#testresult/2a79dc26fd459a9","status":"skipped","statusDetails":"XFAIL\n\nselenium.common.exceptions.NoSuchElementException: Message: no such element: Unable to locate element: {\"method\":\"xpath\",\"selector\":\"(//a[@class='add-to-cart yellow-btn'])[1]\"}\n  (Session info: headless chrome=117.0.5938.92); For documentation on this error, please visit: https://www.selenium.dev/documentation/webdriver/troubleshooting/errors#no-such-element-exception\nStacktrace:\n#0 0x56016e5c76b3 <unknown>\n#1 0x56016e29d1e7 <unknown>\n#2 0x56016e2e4566 <unknown>\n#3 0x56016e2e4651 <unknown>\n#4 0x56016e321a74 <unknown>\n#5 0x56016e3060ed <unknown>\n#6 0x56016e31f322 <unknown>\n#7 0x56016e305e93 <unknown>\n#8 0x56016e2d8934 <unknown>\n#9 0x56016e2d971e <unknown>\n#10 0x56016e58ccb8 <unknown>\n#11 0x56016e590bf0 <unknown>\n#12 0x56016e59b19c <unknown>\n#13 0x56016e591808 <unknown>\n#14 0x56016e55e27f <unknown>\n#15 0x56016e5b5e88 <unknown>\n#16 0x56016e5b6059 <unknown>\n#17 0x56016e5c6843 <unknown>\n#18 0x7f1c9cd6c044 <unknown>","time":{"start":1695604072599,"stop":1695604073136,"duration":537}},{"uid":"f7e079bfdca4164","reportUrl":"https://zaelcovsky.github.io/StroyremAutomation/89//#testresult/f7e079bfdca4164","status":"skipped","statusDetails":"XFAIL\n\nselenium.common.exceptions.NoSuchElementException: Message: no such element: Unable to locate element: {\"method\":\"xpath\",\"selector\":\"(//a[@class='add-to-cart yellow-btn'])[1]\"}\n  (Session info: headless chrome=117.0.5938.92); For documentation on this error, please visit: https://www.selenium.dev/documentation/webdriver/troubleshooting/errors#no-such-element-exception\nStacktrace:\n#0 0x55ec8ac326b3 <unknown>\n#1 0x55ec8a9081e7 <unknown>\n#2 0x55ec8a94f566 <unknown>\n#3 0x55ec8a94f651 <unknown>\n#4 0x55ec8a98ca74 <unknown>\n#5 0x55ec8a9710ed <unknown>\n#6 0x55ec8a98a322 <unknown>\n#7 0x55ec8a970e93 <unknown>\n#8 0x55ec8a943934 <unknown>\n#9 0x55ec8a94471e <unknown>\n#10 0x55ec8abf7cb8 <unknown>\n#11 0x55ec8abfbbf0 <unknown>\n#12 0x55ec8ac0619c <unknown>\n#13 0x55ec8abfc808 <unknown>\n#14 0x55ec8abc927f <unknown>\n#15 0x55ec8ac20e88 <unknown>\n#16 0x55ec8ac21059 <unknown>\n#17 0x55ec8ac31843 <unknown>\n#18 0x7f9c31f37044 <unknown>","time":{"start":1695517902637,"stop":1695517903205,"duration":568}},{"uid":"54e3e928619076a1","reportUrl":"https://zaelcovsky.github.io/StroyremAutomation/88//#testresult/54e3e928619076a1","status":"skipped","statusDetails":"XFAIL\n\nselenium.common.exceptions.NoSuchElementException: Message: no such element: Unable to locate element: {\"method\":\"xpath\",\"selector\":\"(//a[@class='add-to-cart yellow-btn'])[1]\"}\n  (Session info: headless chrome=117.0.5938.92); For documentation on this error, please visit: https://www.selenium.dev/documentation/webdriver/troubleshooting/errors#no-such-element-exception\nStacktrace:\n#0 0x55d85a8096b3 <unknown>\n#1 0x55d85a4df1e7 <unknown>\n#2 0x55d85a526566 <unknown>\n#3 0x55d85a526651 <unknown>\n#4 0x55d85a563a74 <unknown>\n#5 0x55d85a5480ed <unknown>\n#6 0x55d85a561322 <unknown>\n#7 0x55d85a547e93 <unknown>\n#8 0x55d85a51a934 <unknown>\n#9 0x55d85a51b71e <unknown>\n#10 0x55d85a7cecb8 <unknown>\n#11 0x55d85a7d2bf0 <unknown>\n#12 0x55d85a7dd19c <unknown>\n#13 0x55d85a7d3808 <unknown>\n#14 0x55d85a7a027f <unknown>\n#15 0x55d85a7f7e88 <unknown>\n#16 0x55d85a7f8059 <unknown>\n#17 0x55d85a808843 <unknown>\n#18 0x7f6fb3227044 <unknown>","time":{"start":1695431247701,"stop":1695431248351,"duration":650}},{"uid":"483a722a07144288","reportUrl":"https://zaelcovsky.github.io/StroyremAutomation/87//#testresult/483a722a07144288","status":"skipped","statusDetails":"XFAIL\n\nselenium.common.exceptions.NoSuchElementException: Message: no such element: Unable to locate element: {\"method\":\"xpath\",\"selector\":\"(//a[@class='add-to-cart yellow-btn'])[1]\"}\n  (Session info: headless chrome=117.0.5938.92); For documentation on this error, please visit: https://www.selenium.dev/documentation/webdriver/troubleshooting/errors#no-such-element-exception\nStacktrace:\n#0 0x55cae42de6b3 <unknown>\n#1 0x55cae3fb41e7 <unknown>\n#2 0x55cae3ffb566 <unknown>\n#3 0x55cae3ffb651 <unknown>\n#4 0x55cae4038a74 <unknown>\n#5 0x55cae401d0ed <unknown>\n#6 0x55cae4036322 <unknown>\n#7 0x55cae401ce93 <unknown>\n#8 0x55cae3fef934 <unknown>\n#9 0x55cae3ff071e <unknown>\n#10 0x55cae42a3cb8 <unknown>\n#11 0x55cae42a7bf0 <unknown>\n#12 0x55cae42b219c <unknown>\n#13 0x55cae42a8808 <unknown>\n#14 0x55cae427527f <unknown>\n#15 0x55cae42cce88 <unknown>\n#16 0x55cae42cd059 <unknown>\n#17 0x55cae42dd843 <unknown>\n#18 0x7f7d2ad2d044 <unknown>","time":{"start":1695344827314,"stop":1695344827871,"duration":557}},{"uid":"8a137e9ac7dc8218","reportUrl":"https://zaelcovsky.github.io/StroyremAutomation/86//#testresult/8a137e9ac7dc8218","status":"skipped","statusDetails":"XFAIL\n\nselenium.common.exceptions.NoSuchElementException: Message: no such element: Unable to locate element: {\"method\":\"xpath\",\"selector\":\"(//a[@class='add-to-cart yellow-btn'])[1]\"}\n  (Session info: headless chrome=117.0.5938.88); For documentation on this error, please visit: https://www.selenium.dev/documentation/webdriver/troubleshooting/errors#no-such-element-exception\nStacktrace:\n#0 0x55aaf8f4e6c3 <unknown>\n#1 0x55aaf8c241e7 <unknown>\n#2 0x55aaf8c6b566 <unknown>\n#3 0x55aaf8c6b651 <unknown>\n#4 0x55aaf8ca8a74 <unknown>\n#5 0x55aaf8c8d0ed <unknown>\n#6 0x55aaf8ca6322 <unknown>\n#7 0x55aaf8c8ce93 <unknown>\n#8 0x55aaf8c5f934 <unknown>\n#9 0x55aaf8c6071e <unknown>\n#10 0x55aaf8f13cc8 <unknown>\n#11 0x55aaf8f17c00 <unknown>\n#12 0x55aaf8f221ac <unknown>\n#13 0x55aaf8f18818 <unknown>\n#14 0x55aaf8ee528f <unknown>\n#15 0x55aaf8f3ce98 <unknown>\n#16 0x55aaf8f3d069 <unknown>\n#17 0x55aaf8f4d853 <unknown>\n#18 0x7f69f9a00044 <unknown>","time":{"start":1695258390561,"stop":1695258391104,"duration":543}},{"uid":"bc5a5bfd9fd5aac5","reportUrl":"https://zaelcovsky.github.io/StroyremAutomation/85//#testresult/bc5a5bfd9fd5aac5","status":"skipped","statusDetails":"XFAIL\n\nselenium.common.exceptions.ElementNotInteractableException: Message: element not interactable\n  (Session info: headless chrome=117.0.5938.88)\nStacktrace:\n#0 0x55ec2e2b46c3 <unknown>\n#1 0x55ec2df8a036 <unknown>\n#2 0x55ec2dfc8c1d <unknown>\n#3 0x55ec2dff30c2 <unknown>\n#4 0x55ec2dfc6f16 <unknown>\n#5 0x55ec2dff328e <unknown>\n#6 0x55ec2e00c322 <unknown>\n#7 0x55ec2dff2e93 <unknown>\n#8 0x55ec2dfc5934 <unknown>\n#9 0x55ec2dfc671e <unknown>\n#10 0x55ec2e279cc8 <unknown>\n#11 0x55ec2e27dc00 <unknown>\n#12 0x55ec2e2881ac <unknown>\n#13 0x55ec2e27e818 <unknown>\n#14 0x55ec2e24b28f <unknown>\n#15 0x55ec2e2a2e98 <unknown>\n#16 0x55ec2e2a3069 <unknown>\n#17 0x55ec2e2b3853 <unknown>\n#18 0x7f1ccb803044 <unknown>","time":{"start":1695172208949,"stop":1695172214784,"duration":5835}},{"uid":"3bdf1fadacbcb46","reportUrl":"https://zaelcovsky.github.io/StroyremAutomation/84//#testresult/3bdf1fadacbcb46","status":"skipped","statusDetails":"XFAIL\n\nselenium.common.exceptions.NoSuchElementException: Message: no such element: Unable to locate element: {\"method\":\"xpath\",\"selector\":\"(//a[@class='add-to-cart yellow-btn'])[1]\"}\n  (Session info: headless chrome=117.0.5938.88); For documentation on this error, please visit: https://www.selenium.dev/documentation/webdriver/troubleshooting/errors#no-such-element-exception\nStacktrace:\n#0 0x563bf06836c3 <unknown>\n#1 0x563bf03591e7 <unknown>\n#2 0x563bf03a0566 <unknown>\n#3 0x563bf03a0651 <unknown>\n#4 0x563bf03dda74 <unknown>\n#5 0x563bf03c20ed <unknown>\n#6 0x563bf03db322 <unknown>\n#7 0x563bf03c1e93 <unknown>\n#8 0x563bf0394934 <unknown>\n#9 0x563bf039571e <unknown>\n#10 0x563bf0648cc8 <unknown>\n#11 0x563bf064cc00 <unknown>\n#12 0x563bf06571ac <unknown>\n#13 0x563bf064d818 <unknown>\n#14 0x563bf061a28f <unknown>\n#15 0x563bf0671e98 <unknown>\n#16 0x563bf0672069 <unknown>\n#17 0x563bf0682853 <unknown>\n#18 0x7f07f41d3044 <unknown>","time":{"start":1695085772850,"stop":1695085773294,"duration":444}},{"uid":"d39f8ff563c6d0a8","reportUrl":"https://zaelcovsky.github.io/StroyremAutomation/83//#testresult/d39f8ff563c6d0a8","status":"skipped","statusDetails":"XFAIL\n\nselenium.common.exceptions.NoSuchElementException: Message: no such element: Unable to locate element: {\"method\":\"xpath\",\"selector\":\"(//a[@class='add-to-cart yellow-btn'])[1]\"}\n  (Session info: headless chrome=117.0.5938.88); For documentation on this error, please visit: https://www.selenium.dev/documentation/webdriver/troubleshooting/errors#no-such-element-exception\nStacktrace:\n#0 0x561b68c596c3 <unknown>\n#1 0x561b6892f1e7 <unknown>\n#2 0x561b68976566 <unknown>\n#3 0x561b68976651 <unknown>\n#4 0x561b689b3a74 <unknown>\n#5 0x561b689980ed <unknown>\n#6 0x561b689b1322 <unknown>\n#7 0x561b68997e93 <unknown>\n#8 0x561b6896a934 <unknown>\n#9 0x561b6896b71e <unknown>\n#10 0x561b68c1ecc8 <unknown>\n#11 0x561b68c22c00 <unknown>\n#12 0x561b68c2d1ac <unknown>\n#13 0x561b68c23818 <unknown>\n#14 0x561b68bf028f <unknown>\n#15 0x561b68c47e98 <unknown>\n#16 0x561b68c48069 <unknown>\n#17 0x561b68c58853 <unknown>\n#18 0x7fb40d296044 <unknown>","time":{"start":1694999365020,"stop":1694999365642,"duration":622}},{"uid":"34825e88d20dd8e6","reportUrl":"https://zaelcovsky.github.io/StroyremAutomation/82//#testresult/34825e88d20dd8e6","status":"skipped","statusDetails":"XFAIL\n\nselenium.common.exceptions.NoSuchElementException: Message: no such element: Unable to locate element: {\"method\":\"xpath\",\"selector\":\"(//a[@class='add-to-cart yellow-btn'])[1]\"}\n  (Session info: headless chrome=117.0.5938.88); For documentation on this error, please visit: https://www.selenium.dev/documentation/webdriver/troubleshooting/errors#no-such-element-exception\nStacktrace:\n#0 0x55c929d096c3 <unknown>\n#1 0x55c9299df1e7 <unknown>\n#2 0x55c929a26566 <unknown>\n#3 0x55c929a26651 <unknown>\n#4 0x55c929a63a74 <unknown>\n#5 0x55c929a480ed <unknown>\n#6 0x55c929a61322 <unknown>\n#7 0x55c929a47e93 <unknown>\n#8 0x55c929a1a934 <unknown>\n#9 0x55c929a1b71e <unknown>\n#10 0x55c929ccecc8 <unknown>\n#11 0x55c929cd2c00 <unknown>\n#12 0x55c929cdd1ac <unknown>\n#13 0x55c929cd3818 <unknown>\n#14 0x55c929ca028f <unknown>\n#15 0x55c929cf7e98 <unknown>\n#16 0x55c929cf8069 <unknown>\n#17 0x55c929d08853 <unknown>\n#18 0x7eff9ba58044 <unknown>","time":{"start":1694913013578,"stop":1694913014020,"duration":442}},{"uid":"6516c478fec993a6","reportUrl":"https://zaelcovsky.github.io/StroyremAutomation/81//#testresult/6516c478fec993a6","status":"skipped","statusDetails":"XFAIL\n\nselenium.common.exceptions.NoSuchElementException: Message: no such element: Unable to locate element: {\"method\":\"xpath\",\"selector\":\"(//a[@class='add-to-cart yellow-btn'])[1]\"}\n  (Session info: headless chrome=117.0.5938.88); For documentation on this error, please visit: https://www.selenium.dev/documentation/webdriver/troubleshooting/errors#no-such-element-exception\nStacktrace:\n#0 0x56279983f6c3 <unknown>\n#1 0x5627995151e7 <unknown>\n#2 0x56279955c566 <unknown>\n#3 0x56279955c651 <unknown>\n#4 0x562799599a74 <unknown>\n#5 0x56279957e0ed <unknown>\n#6 0x562799597322 <unknown>\n#7 0x56279957de93 <unknown>\n#8 0x562799550934 <unknown>\n#9 0x56279955171e <unknown>\n#10 0x562799804cc8 <unknown>\n#11 0x562799808c00 <unknown>\n#12 0x5627998131ac <unknown>\n#13 0x562799809818 <unknown>\n#14 0x5627997d628f <unknown>\n#15 0x56279982de98 <unknown>\n#16 0x56279982e069 <unknown>\n#17 0x56279983e853 <unknown>\n#18 0x7fcaa2131044 <unknown>","time":{"start":1694826448458,"stop":1694826449100,"duration":642}},{"uid":"8a73993a8926aae6","reportUrl":"https://zaelcovsky.github.io/StroyremAutomation/80//#testresult/8a73993a8926aae6","status":"skipped","statusDetails":"XFAIL\n\nselenium.common.exceptions.NoSuchElementException: Message: no such element: Unable to locate element: {\"method\":\"xpath\",\"selector\":\"(//a[@class='add-to-cart yellow-btn'])[1]\"}\n  (Session info: headless chrome=117.0.5938.62); For documentation on this error, please visit: https://www.selenium.dev/documentation/webdriver/troubleshooting/errors#no-such-element-exception\nStacktrace:\n#0 0x55a42e88c693 <unknown>\n#1 0x55a42e5621e7 <unknown>\n#2 0x55a42e5a9566 <unknown>\n#3 0x55a42e5a9651 <unknown>\n#4 0x55a42e5e6a74 <unknown>\n#5 0x55a42e5cb0ed <unknown>\n#6 0x55a42e5e4322 <unknown>\n#7 0x55a42e5cae93 <unknown>\n#8 0x55a42e59d934 <unknown>\n#9 0x55a42e59e71e <unknown>\n#10 0x55a42e851c98 <unknown>\n#11 0x55a42e855bd0 <unknown>\n#12 0x55a42e86017c <unknown>\n#13 0x55a42e8567e8 <unknown>\n#14 0x55a42e82325f <unknown>\n#15 0x55a42e87ae68 <unknown>\n#16 0x55a42e87b039 <unknown>\n#17 0x55a42e88b823 <unknown>\n#18 0x7fbc322b3044 <unknown>","time":{"start":1694740058193,"stop":1694740058753,"duration":560}},{"uid":"d7369eedea60337b","reportUrl":"https://zaelcovsky.github.io/StroyremAutomation/79//#testresult/d7369eedea60337b","status":"skipped","statusDetails":"XFAIL\n\nselenium.common.exceptions.NoSuchElementException: Message: no such element: Unable to locate element: {\"method\":\"xpath\",\"selector\":\"(//a[@class='add-to-cart yellow-btn'])[1]\"}\n  (Session info: headless chrome=117.0.5938.62); For documentation on this error, please visit: https://www.selenium.dev/documentation/webdriver/troubleshooting/errors#no-such-element-exception\nStacktrace:\n#0 0x5569c742a693 <unknown>\n#1 0x5569c71001e7 <unknown>\n#2 0x5569c7147566 <unknown>\n#3 0x5569c7147651 <unknown>\n#4 0x5569c7184a74 <unknown>\n#5 0x5569c71690ed <unknown>\n#6 0x5569c7182322 <unknown>\n#7 0x5569c7168e93 <unknown>\n#8 0x5569c713b934 <unknown>\n#9 0x5569c713c71e <unknown>\n#10 0x5569c73efc98 <unknown>\n#11 0x5569c73f3bd0 <unknown>\n#12 0x5569c73fe17c <unknown>\n#13 0x5569c73f47e8 <unknown>\n#14 0x5569c73c125f <unknown>\n#15 0x5569c7418e68 <unknown>\n#16 0x5569c7419039 <unknown>\n#17 0x5569c7429823 <unknown>\n#18 0x7fd9d1899044 <unknown>","time":{"start":1694653884057,"stop":1694653884908,"duration":851}},{"uid":"5f343336f486d04a","reportUrl":"https://zaelcovsky.github.io/StroyremAutomation/78//#testresult/5f343336f486d04a","status":"skipped","statusDetails":"XFAIL\n\nselenium.common.exceptions.NoSuchElementException: Message: no such element: Unable to locate element: {\"method\":\"xpath\",\"selector\":\"(//a[@class='add-to-cart yellow-btn'])[1]\"}\n  (Session info: headless chrome=117.0.5938.62); For documentation on this error, please visit: https://www.selenium.dev/documentation/webdriver/troubleshooting/errors#no-such-element-exception\nStacktrace:\n#0 0x56548f786693 <unknown>\n#1 0x56548f45c1e7 <unknown>\n#2 0x56548f4a3566 <unknown>\n#3 0x56548f4a3651 <unknown>\n#4 0x56548f4e0a74 <unknown>\n#5 0x56548f4c50ed <unknown>\n#6 0x56548f4de322 <unknown>\n#7 0x56548f4c4e93 <unknown>\n#8 0x56548f497934 <unknown>\n#9 0x56548f49871e <unknown>\n#10 0x56548f74bc98 <unknown>\n#11 0x56548f74fbd0 <unknown>\n#12 0x56548f75a17c <unknown>\n#13 0x56548f7507e8 <unknown>\n#14 0x56548f71d25f <unknown>\n#15 0x56548f774e68 <unknown>\n#16 0x56548f775039 <unknown>\n#17 0x56548f785823 <unknown>\n#18 0x7fbc81c3f044 <unknown>","time":{"start":1694567371683,"stop":1694567372241,"duration":558}}]},"tags":["@pytest.mark.xfail(reson='Цена доставки: - - -')","smoke"]},"source":"8a97404782b475a0.json","parameterValues":["3320","8","'TD 016'","2390","'products/shtukaturka-gipsovaya-aksolit-m50-30-kg-mashinnogo-naneseniya'","650","'https://sandboxtest.stroyrem-nn.ru/'","300"]}