{"uid":"85d59a176cd9c5a0","name":"Авторизация с помощью аккаунта ya.ru","fullName":"tests.test_sign_in.test_sign_in_page.TestSignInPage#test_positive_authorization_first_time_using_YA_smoke","historyId":"dad914aa68b78287aa131957fc42820c","time":{"start":1692753245348,"stop":1692753270947,"duration":25599},"status":"skipped","statusMessage":"XFAIL Появляется капча Яндекса при запуске теста на Github\n\nselenium.common.exceptions.TimeoutException: Message:","statusTrace":"self = <tests.test_sign_in.test_sign_in_page.TestSignInPage object at 0x7f081dc36ed0>\ndriver = <selenium.webdriver.chrome.webdriver.WebDriver (session=\"a4e80f0c9d7c849ee9060efd9db290cf\")>\nsign_in_page = <pages.sign_in_page.SignInPage object at 0x7f081c58da10>\nopen_sign_in_window = None\n\n    @allure.title(\"Авторизация с помощью аккаунта ya.ru\")\n    @pytest.mark.xfail(reason=\"Появляется капча Яндекса при запуске теста на Github\")\n    @pytest.mark.smoke_test\n    def test_positive_authorization_first_time_using_YA_smoke(self, driver, sign_in_page, open_sign_in_window):\n        sign_in_page.get_ya_ru_auth_icon().click()\n        driver.switch_to.window(driver.window_handles[1])\n        # driver.delete_all_cookies()\n        driver.add_cookie({'name': 'uniqueuid',\n                           'value': '384528911692006899',\n                           'domain': 'passport.yandex.ru',\n                           'httpOnly': True,\n                           'path': '/',\n                           'expiry': 1723499808,\n                           'sameSite': 'Lax',\n                           'secure': True})\n        driver.add_cookie({'name': 'ymex',\n                           'value': '2007366920.yrts.1692006920#2007366900.yrtsi.1692006900',\n                           'domain': '.yandex.ru',\n                           'httpOnly': False,\n                           'path': '/',\n                           'expiry': 1723499808,\n                           'secure': True})\n        driver.add_cookie({'name': 'i',\n                           'value': 'rpEp6ASpcmkXAketS0UdMiVBT6ovBbPtyYRYZIsRWdkwRjrAU27Q2rmgTx58XJTCF6sreSZhfheTbJeEsS',\n                           'domain': '.yandex.ru',\n                           'httpOnly': True,\n                           'path': '/',\n                           'expiry': 1723499808,\n                           'secure': True})\n        driver.add_cookie({'name': 'yandexuid',\n                           'value': '5114601221692006901',\n                           'domain': '.yandex.ru',\n                           'httpOnly': False,\n                           'path': '/',\n                           'expiry': 1723499808,\n                           'secure': True})\n        driver.add_cookie({'name': 'yuidss',\n                           'value': '7640250911692006900',\n                           'domain': '.yandex.ru',\n                           'httpOnly': False,\n                           'path': '/',\n                           'expiry': 1723499808,\n                           'secure': True})\n        driver.add_cookie({'name': 'gdpr',\n                           'value': '0',\n                           'domain': '.yandex.ru',\n                           'httpOnly': False,\n                           'path': '/',\n                           'expiry': 1723499808,\n                           'secure': True})\n        driver.add_cookie({'name': '_ym_uid',\n                           'value': '169200690291832112',\n                           'domain': '.yandex.ru',\n                           'httpOnly': False,\n                           'path': '/',\n                           'expiry': 1723499808,\n                           'secure': True})\n        driver.add_cookie({'name': '_ym_d',\n                           'value': '1692006902',\n                           'domain': '.yandex.ru',\n                           'httpOnly': False,\n                           'path': '/',\n                           'expiry': 1723499808,\n                           'secure': True})\n        driver.add_cookie({'name': 'bh',\n                           'value': 'Ej8iTm90L0EpQnJhbmQiO3Y9Ijk5IiwiR29vZ2xlIENocm9tZSI7dj0iMTE1IiwiQ2hyb21pdW0iO3Y9IjExNSIaBSJ4ODYiIhAiMTE1LjAuNTc5MC4xMTAiKgI',\n                           'domain': 'yandex.ru',\n                           'httpOnly': False,\n                           'path': '/',\n                           'expiry': 1723499808,\n                           'secure': False})\n        driver.add_cookie({'name': '_ym_visorc',\n                           'value': 'b',\n                           'domain': '.yandex.ru',\n                           'httpOnly': False,\n                           'path': '/',\n                           'expiry': 1723499808,\n                           'secure': True})\n        driver.execute_script(\"arguments[0].scrollIntoView();\",\n                              sign_in_page.get_ya_ru_window_alternative_ways_to_sign_up())\n        driver.execute_script(\"arguments[0].click();\", sign_in_page.get_ya_ru_window_alternative_ways_to_sign_up())\n        sign_in_page.get_ya_ru_window_email_field().send_keys(credentials['ya.ru_email'])\n        sign_in_page.get_ya_ru_window_submit_button().click()\n        sign_in_page.get_ya_ru_window_password_field().send_keys(credentials['ya.ru_password'])\n        sign_in_page.get_ya_ru_window_submit_button().click()\n        sleep(5)\n        try:\n            sign_in_page.get_ya_ru_window_control_question_field()\n            sign_in_page.get_ya_ru_window_control_question_field().send_keys(credentials['ya.ru_question'])\n            sign_in_page.get_ya_ru_window_proceed_button().click()\n            print(f\"\\nПоявилось окно контрольного вопроса\")\n        except (NoSuchWindowException, NoSuchElementException):\n            print(f\"\\nНе появилось окно контрольного вопроса\")\n        driver.switch_to.window(driver.window_handles[0])\n>       sign_in_page.check_number_of_windows_to_be_equal(1)\n\ntests/test_sign_in/test_sign_in_page.py:223: \n_ _ _ _ _ _ _ _ _ _ _ _ _ _ _ _ _ _ _ _ _ _ _ _ _ _ _ _ _ _ _ _ _ _ _ _ _ _ _ _ \nbase/seleniumbase.py:197: in check_number_of_windows_to_be_equal\n    return self.__wait.until(EC.number_of_windows_to_be(number))\n_ _ _ _ _ _ _ _ _ _ _ _ _ _ _ _ _ _ _ _ _ _ _ _ _ _ _ _ _ _ _ _ _ _ _ _ _ _ _ _ \n\nself = <selenium.webdriver.support.wait.WebDriverWait (session=\"a4e80f0c9d7c849ee9060efd9db290cf\")>\nmethod = <function number_of_windows_to_be.<locals>._predicate at 0x7f081e816ca0>\nmessage = ''\n\n    def until(self, method, message: str = \"\"):\n        \"\"\"Calls the method provided with the driver as an argument until the \\\n        return value does not evaluate to ``False``.\n    \n        :param method: callable(WebDriver)\n        :param message: optional message for :exc:`TimeoutException`\n        :returns: the result of the last call to `method`\n        :raises: :exc:`selenium.common.exceptions.TimeoutException` if timeout occurs\n        \"\"\"\n        screen = None\n        stacktrace = None\n    \n        end_time = time.monotonic() + self._timeout\n        while True:\n            try:\n                value = method(self._driver)\n                if value:\n                    return value\n            except self._ignored_exceptions as exc:\n                screen = getattr(exc, \"screen\", None)\n                stacktrace = getattr(exc, \"stacktrace\", None)\n            time.sleep(self._poll)\n            if time.monotonic() > end_time:\n                break\n>       raise TimeoutException(message, screen, stacktrace)\nE       selenium.common.exceptions.TimeoutException: Message:\n\n/usr/local/lib/python3.11/site-packages/selenium/webdriver/support/wait.py:95: TimeoutException","flaky":false,"newFailed":false,"newBroken":false,"newPassed":false,"retriesCount":0,"retriesStatusChange":false,"beforeStages":[{"name":"_session_faker","time":{"start":1692752326659,"stop":1692752326737,"duration":78},"status":"passed","steps":[],"attachments":[],"parameters":[],"stepsCount":0,"attachmentsCount":0,"shouldDisplayMessage":false,"hasContent":false},{"name":"clear_allure_results_folder","time":{"start":1692752326738,"stop":1692752326738,"duration":0},"status":"passed","steps":[],"attachments":[],"parameters":[],"stepsCount":0,"attachmentsCount":0,"shouldDisplayMessage":false,"hasContent":false},{"name":"driver","time":{"start":1692753235787,"stop":1692753236585,"duration":798},"status":"passed","steps":[],"attachments":[],"parameters":[],"stepsCount":0,"attachmentsCount":0,"shouldDisplayMessage":false,"hasContent":false},{"name":"setup","time":{"start":1692753236586,"stop":1692753236586,"duration":0},"status":"passed","steps":[],"attachments":[],"parameters":[],"stepsCount":0,"attachmentsCount":0,"shouldDisplayMessage":false,"hasContent":false},{"name":"sign_in_page","time":{"start":1692753236586,"stop":1692753244946,"duration":8360},"status":"passed","steps":[],"attachments":[],"parameters":[],"stepsCount":0,"attachmentsCount":0,"shouldDisplayMessage":false,"hasContent":false},{"name":"open_sign_in_window","time":{"start":1692753244947,"stop":1692753245348,"duration":401},"status":"passed","steps":[{"name":"Нахождение элемента: иконка профиля в хедере","time":{"start":1692753244947,"stop":1692753244965,"duration":18},"status":"passed","steps":[],"attachments":[],"parameters":[],"stepsCount":0,"attachmentsCount":0,"shouldDisplayMessage":false,"hasContent":false}],"attachments":[],"parameters":[],"stepsCount":1,"attachmentsCount":0,"shouldDisplayMessage":false,"hasContent":true}],"testStage":{"status":"skipped","statusMessage":"XFAIL Появляется капча Яндекса при запуске теста на Github\n\nselenium.common.exceptions.TimeoutException: Message:","statusTrace":"self = <tests.test_sign_in.test_sign_in_page.TestSignInPage object at 0x7f081dc36ed0>\ndriver = <selenium.webdriver.chrome.webdriver.WebDriver (session=\"a4e80f0c9d7c849ee9060efd9db290cf\")>\nsign_in_page = <pages.sign_in_page.SignInPage object at 0x7f081c58da10>\nopen_sign_in_window = None\n\n    @allure.title(\"Авторизация с помощью аккаунта ya.ru\")\n    @pytest.mark.xfail(reason=\"Появляется капча Яндекса при запуске теста на Github\")\n    @pytest.mark.smoke_test\n    def test_positive_authorization_first_time_using_YA_smoke(self, driver, sign_in_page, open_sign_in_window):\n        sign_in_page.get_ya_ru_auth_icon().click()\n        driver.switch_to.window(driver.window_handles[1])\n        # driver.delete_all_cookies()\n        driver.add_cookie({'name': 'uniqueuid',\n                           'value': '384528911692006899',\n                           'domain': 'passport.yandex.ru',\n                           'httpOnly': True,\n                           'path': '/',\n                           'expiry': 1723499808,\n                           'sameSite': 'Lax',\n                           'secure': True})\n        driver.add_cookie({'name': 'ymex',\n                           'value': '2007366920.yrts.1692006920#2007366900.yrtsi.1692006900',\n                           'domain': '.yandex.ru',\n                           'httpOnly': False,\n                           'path': '/',\n                           'expiry': 1723499808,\n                           'secure': True})\n        driver.add_cookie({'name': 'i',\n                           'value': 'rpEp6ASpcmkXAketS0UdMiVBT6ovBbPtyYRYZIsRWdkwRjrAU27Q2rmgTx58XJTCF6sreSZhfheTbJeEsS',\n                           'domain': '.yandex.ru',\n                           'httpOnly': True,\n                           'path': '/',\n                           'expiry': 1723499808,\n                           'secure': True})\n        driver.add_cookie({'name': 'yandexuid',\n                           'value': '5114601221692006901',\n                           'domain': '.yandex.ru',\n                           'httpOnly': False,\n                           'path': '/',\n                           'expiry': 1723499808,\n                           'secure': True})\n        driver.add_cookie({'name': 'yuidss',\n                           'value': '7640250911692006900',\n                           'domain': '.yandex.ru',\n                           'httpOnly': False,\n                           'path': '/',\n                           'expiry': 1723499808,\n                           'secure': True})\n        driver.add_cookie({'name': 'gdpr',\n                           'value': '0',\n                           'domain': '.yandex.ru',\n                           'httpOnly': False,\n                           'path': '/',\n                           'expiry': 1723499808,\n                           'secure': True})\n        driver.add_cookie({'name': '_ym_uid',\n                           'value': '169200690291832112',\n                           'domain': '.yandex.ru',\n                           'httpOnly': False,\n                           'path': '/',\n                           'expiry': 1723499808,\n                           'secure': True})\n        driver.add_cookie({'name': '_ym_d',\n                           'value': '1692006902',\n                           'domain': '.yandex.ru',\n                           'httpOnly': False,\n                           'path': '/',\n                           'expiry': 1723499808,\n                           'secure': True})\n        driver.add_cookie({'name': 'bh',\n                           'value': 'Ej8iTm90L0EpQnJhbmQiO3Y9Ijk5IiwiR29vZ2xlIENocm9tZSI7dj0iMTE1IiwiQ2hyb21pdW0iO3Y9IjExNSIaBSJ4ODYiIhAiMTE1LjAuNTc5MC4xMTAiKgI',\n                           'domain': 'yandex.ru',\n                           'httpOnly': False,\n                           'path': '/',\n                           'expiry': 1723499808,\n                           'secure': False})\n        driver.add_cookie({'name': '_ym_visorc',\n                           'value': 'b',\n                           'domain': '.yandex.ru',\n                           'httpOnly': False,\n                           'path': '/',\n                           'expiry': 1723499808,\n                           'secure': True})\n        driver.execute_script(\"arguments[0].scrollIntoView();\",\n                              sign_in_page.get_ya_ru_window_alternative_ways_to_sign_up())\n        driver.execute_script(\"arguments[0].click();\", sign_in_page.get_ya_ru_window_alternative_ways_to_sign_up())\n        sign_in_page.get_ya_ru_window_email_field().send_keys(credentials['ya.ru_email'])\n        sign_in_page.get_ya_ru_window_submit_button().click()\n        sign_in_page.get_ya_ru_window_password_field().send_keys(credentials['ya.ru_password'])\n        sign_in_page.get_ya_ru_window_submit_button().click()\n        sleep(5)\n        try:\n            sign_in_page.get_ya_ru_window_control_question_field()\n            sign_in_page.get_ya_ru_window_control_question_field().send_keys(credentials['ya.ru_question'])\n            sign_in_page.get_ya_ru_window_proceed_button().click()\n            print(f\"\\nПоявилось окно контрольного вопроса\")\n        except (NoSuchWindowException, NoSuchElementException):\n            print(f\"\\nНе появилось окно контрольного вопроса\")\n        driver.switch_to.window(driver.window_handles[0])\n>       sign_in_page.check_number_of_windows_to_be_equal(1)\n\ntests/test_sign_in/test_sign_in_page.py:223: \n_ _ _ _ _ _ _ _ _ _ _ _ _ _ _ _ _ _ _ _ _ _ _ _ _ _ _ _ _ _ _ _ _ _ _ _ _ _ _ _ \nbase/seleniumbase.py:197: in check_number_of_windows_to_be_equal\n    return self.__wait.until(EC.number_of_windows_to_be(number))\n_ _ _ _ _ _ _ _ _ _ _ _ _ _ _ _ _ _ _ _ _ _ _ _ _ _ _ _ _ _ _ _ _ _ _ _ _ _ _ _ \n\nself = <selenium.webdriver.support.wait.WebDriverWait (session=\"a4e80f0c9d7c849ee9060efd9db290cf\")>\nmethod = <function number_of_windows_to_be.<locals>._predicate at 0x7f081e816ca0>\nmessage = ''\n\n    def until(self, method, message: str = \"\"):\n        \"\"\"Calls the method provided with the driver as an argument until the \\\n        return value does not evaluate to ``False``.\n    \n        :param method: callable(WebDriver)\n        :param message: optional message for :exc:`TimeoutException`\n        :returns: the result of the last call to `method`\n        :raises: :exc:`selenium.common.exceptions.TimeoutException` if timeout occurs\n        \"\"\"\n        screen = None\n        stacktrace = None\n    \n        end_time = time.monotonic() + self._timeout\n        while True:\n            try:\n                value = method(self._driver)\n                if value:\n                    return value\n            except self._ignored_exceptions as exc:\n                screen = getattr(exc, \"screen\", None)\n                stacktrace = getattr(exc, \"stacktrace\", None)\n            time.sleep(self._poll)\n            if time.monotonic() > end_time:\n                break\n>       raise TimeoutException(message, screen, stacktrace)\nE       selenium.common.exceptions.TimeoutException: Message:\n\n/usr/local/lib/python3.11/site-packages/selenium/webdriver/support/wait.py:95: TimeoutException","steps":[{"name":"Нахождение элемента: иконка 'ya.ru' окна авторизации","time":{"start":1692753245348,"stop":1692753245362,"duration":14},"status":"passed","steps":[],"attachments":[],"parameters":[],"stepsCount":0,"attachmentsCount":0,"shouldDisplayMessage":false,"hasContent":false},{"name":"Проверка кликабельности элемента: кнопка 'Другие способы входа' окна авторизации через 'ya.ru'","time":{"start":1692753249836,"stop":1692753249849,"duration":13},"status":"passed","steps":[],"attachments":[],"parameters":[],"stepsCount":0,"attachmentsCount":0,"shouldDisplayMessage":false,"hasContent":false},{"name":"Проверка кликабельности элемента: кнопка 'Другие способы входа' окна авторизации через 'ya.ru'","time":{"start":1692753249860,"stop":1692753249868,"duration":8},"status":"passed","steps":[],"attachments":[],"parameters":[],"stepsCount":0,"attachmentsCount":0,"shouldDisplayMessage":false,"hasContent":false},{"name":"Проверка кликабельности элемента: поле 'Email' окна авторизации через 'ya.ru'","time":{"start":1692753249925,"stop":1692753250021,"duration":96},"status":"passed","steps":[],"attachments":[],"parameters":[],"stepsCount":0,"attachmentsCount":0,"shouldDisplayMessage":false,"hasContent":false},{"name":"Нахождение элемента: кнопка 'Войти' окна авторизации через 'ya.ru'","time":{"start":1692753250212,"stop":1692753250239,"duration":27},"status":"passed","steps":[],"attachments":[],"parameters":[],"stepsCount":0,"attachmentsCount":0,"shouldDisplayMessage":false,"hasContent":false},{"name":"Проверка кликабельности элемента: поле 'Пароль' окна авторизации через 'ya.ru'","time":{"start":1692753250302,"stop":1692753250665,"duration":363},"status":"passed","steps":[],"attachments":[],"parameters":[],"stepsCount":0,"attachmentsCount":0,"shouldDisplayMessage":false,"hasContent":false},{"name":"Нахождение элемента: кнопка 'Войти' окна авторизации через 'ya.ru'","time":{"start":1692753250751,"stop":1692753250766,"duration":15},"status":"passed","steps":[],"attachments":[],"parameters":[],"stepsCount":0,"attachmentsCount":0,"shouldDisplayMessage":false,"hasContent":false},{"name":"Нахождение элемента: поле 'Ответ на контрольный вопрос' окна авторизации через 'ya.ru'","time":{"start":1692753255819,"stop":1692753255836,"duration":17},"status":"broken","statusMessage":"selenium.common.exceptions.NoSuchElementException: Message: no such element: Unable to locate element: {\"method\":\"css selector\",\"selector\":\"input[data-t='field:input-question']\"}\n  (Session info: headless chrome=116.0.5845.96); For documentation on this error, please visit: https://www.selenium.dev/documentation/webdriver/troubleshooting/errors#no-such-element-exception\nStacktrace:\n#0 0x56382d839e23 <unknown>\n#1 0x56382d5627a7 <unknown>\n#2 0x56382d5a11d3 <unknown>\n#3 0x56382d5a12c1 <unknown>\n#4 0x56382d5dca04 <unknown>\n#5 0x56382d5c203d <unknown>\n#6 0x56382d5da369 <unknown>\n#7 0x56382d5c1de3 <unknown>\n#8 0x56382d595a7b <unknown>\n#9 0x56382d59681e <unknown>\n#10 0x56382d7fb638 <unknown>\n#11 0x56382d7ff507 <unknown>\n#12 0x56382d809c4c <unknown>\n#13 0x56382d800136 <unknown>\n#14 0x56382d7ce9cf <unknown>\n#15 0x56382d823b98 <unknown>\n#16 0x56382d823d68 <unknown>\n#17 0x56382d832cb3 <unknown>\n#18 0x7f40440ca044 <unknown>\n\n","statusTrace":"  File \"/usr/local/lib/python3.11/site-packages/allure_commons/_allure.py\", line 192, in impl\n    return func(*a, **kw)\n           ^^^^^^^^^^^^^^\n  File \"/app/pages/sign_in_page.py\", line 207, in get_ya_ru_window_control_question_field\n    return self.find_element(self._ya_ru_window_control_question_field)\n           ^^^^^^^^^^^^^^^^^^^^^^^^^^^^^^^^^^^^^^^^^^^^^^^^^^^^^^^^^^^^\n  File \"/app/base/seleniumbase.py\", line 21, in find_element\n    return self.driver.find_element(*locator)\n           ^^^^^^^^^^^^^^^^^^^^^^^^^^^^^^^^^^\n  File \"/usr/local/lib/python3.11/site-packages/selenium/webdriver/remote/webdriver.py\", line 740, in find_element\n    return self.execute(Command.FIND_ELEMENT, {\"using\": by, \"value\": value})[\"value\"]\n           ^^^^^^^^^^^^^^^^^^^^^^^^^^^^^^^^^^^^^^^^^^^^^^^^^^^^^^^^^^^^^^^^^\n  File \"/usr/local/lib/python3.11/site-packages/selenium/webdriver/remote/webdriver.py\", line 346, in execute\n    self.error_handler.check_response(response)\n  File \"/usr/local/lib/python3.11/site-packages/selenium/webdriver/remote/errorhandler.py\", line 245, in check_response\n    raise exception_class(message, screen, stacktrace)\n","steps":[],"attachments":[],"parameters":[],"stepsCount":0,"attachmentsCount":0,"shouldDisplayMessage":true,"hasContent":true}],"attachments":[{"uid":"ac08f60626b7c0a2","name":"Screenshot","source":"ac08f60626b7c0a2.png","type":"image/png","size":38590},{"uid":"c5498885ca4ef2e","name":"HTML source","source":"c5498885ca4ef2e.html","type":"text/html","size":398930}],"parameters":[],"stepsCount":8,"attachmentsCount":2,"shouldDisplayMessage":true,"hasContent":true},"afterStages":[{"name":"setup::0","time":{"start":1692753271129,"stop":1692753271129,"duration":0},"status":"passed","steps":[],"attachments":[],"parameters":[],"stepsCount":0,"attachmentsCount":0,"shouldDisplayMessage":false,"hasContent":false},{"name":"driver::0","time":{"start":1692753271130,"stop":1692753271200,"duration":70},"status":"passed","steps":[],"attachments":[],"parameters":[],"stepsCount":0,"attachmentsCount":0,"shouldDisplayMessage":false,"hasContent":false}],"labels":[{"name":"epic","value":"Sign In Page"},{"name":"tag","value":"smoke_test"},{"name":"tag","value":"@pytest.mark.xfail(reason='Появляется капча Яндекса при запуске теста на Github')"},{"name":"parentSuite","value":"tests.test_sign_in"},{"name":"suite","value":"test_sign_in_page"},{"name":"subSuite","value":"TestSignInPage"},{"name":"host","value":"0d09e66095fc"},{"name":"thread","value":"1-MainThread"},{"name":"framework","value":"pytest"},{"name":"language","value":"cpython3"},{"name":"package","value":"tests.test_sign_in.test_sign_in_page"},{"name":"resultFormat","value":"allure2"}],"parameters":[],"links":[],"hidden":false,"retry":false,"extra":{"severity":"normal","retries":[],"categories":[],"history":{"statistic":{"failed":1,"broken":13,"skipped":20,"passed":2,"unknown":0,"total":36},"items":[{"uid":"aedf3482e8c72751","reportUrl":"https://zaelcovsky.github.io/StroyremAutomation/56//#testresult/aedf3482e8c72751","status":"skipped","statusDetails":"XFAIL Появляется капча Яндекса при запуске теста на Github\n\nselenium.common.exceptions.NoSuchElementException: Message: no such element: Unable to locate element: {\"method\":\"css selector\",\"selector\":\"button[data-t='button:clear']\"}\n  (Session info: headless chrome=116.0.5845.96); For documentation on this error, please visit: https://www.selenium.dev/documentation/webdriver/troubleshooting/errors#no-such-element-exception\nStacktrace:\n#0 0x5580d464fe23 <unknown>\n#1 0x5580d43787a7 <unknown>\n#2 0x5580d43b71d3 <unknown>\n#3 0x5580d43b72c1 <unknown>\n#4 0x5580d43f2a04 <unknown>\n#5 0x5580d43d803d <unknown>\n#6 0x5580d43f0369 <unknown>\n#7 0x5580d43d7de3 <unknown>\n#8 0x5580d43aba7b <unknown>\n#9 0x5580d43ac81e <unknown>\n#10 0x5580d4611638 <unknown>\n#11 0x5580d4615507 <unknown>\n#12 0x5580d461fc4c <unknown>\n#13 0x5580d4616136 <unknown>\n#14 0x5580d45e49cf <unknown>\n#15 0x5580d4639b98 <unknown>\n#16 0x5580d4639d68 <unknown>\n#17 0x5580d4648cb3 <unknown>\n#18 0x7fad0d3e8044 <unknown>","time":{"start":1692666790948,"stop":1692666794457,"duration":3509}},{"uid":"78dc0420c8fcad27","reportUrl":"https://zaelcovsky.github.io/StroyremAutomation/55//#testresult/78dc0420c8fcad27","status":"skipped","statusDetails":"XFAIL Появляется капча Яндекса при запуске теста на Github\n\nselenium.common.exceptions.NoSuchElementException: Message: no such element: Unable to locate element: {\"method\":\"css selector\",\"selector\":\"button[data-t='button:clear']\"}\n  (Session info: headless chrome=116.0.5845.96); For documentation on this error, please visit: https://www.selenium.dev/documentation/webdriver/troubleshooting/errors#no-such-element-exception\nStacktrace:\n#0 0x55d868f41e23 <unknown>\n#1 0x55d868c6a7a7 <unknown>\n#2 0x55d868ca91d3 <unknown>\n#3 0x55d868ca92c1 <unknown>\n#4 0x55d868ce4a04 <unknown>\n#5 0x55d868cca03d <unknown>\n#6 0x55d868ce2369 <unknown>\n#7 0x55d868cc9de3 <unknown>\n#8 0x55d868c9da7b <unknown>\n#9 0x55d868c9e81e <unknown>\n#10 0x55d868f03638 <unknown>\n#11 0x55d868f07507 <unknown>\n#12 0x55d868f11c4c <unknown>\n#13 0x55d868f08136 <unknown>\n#14 0x55d868ed69cf <unknown>\n#15 0x55d868f2bb98 <unknown>\n#16 0x55d868f2bd68 <unknown>\n#17 0x55d868f3acb3 <unknown>\n#18 0x7f51268e7044 <unknown>","time":{"start":1692580290994,"stop":1692580294725,"duration":3731}},{"uid":"23e72505262b5ade","reportUrl":"https://zaelcovsky.github.io/StroyremAutomation/54//#testresult/23e72505262b5ade","status":"skipped","statusDetails":"XFAIL Появляется капча Яндекса при запуске теста на Github\n\nselenium.common.exceptions.TimeoutException: Message:","time":{"start":1692494083793,"stop":1692494108704,"duration":24911}},{"uid":"6c369fd7f8f628ea","reportUrl":"https://zaelcovsky.github.io/StroyremAutomation/53//#testresult/6c369fd7f8f628ea","status":"passed","statusDetails":"XPASS Появляется капча Яндекса при запуске теста на Github","time":{"start":1692407520048,"stop":1692407541786,"duration":21738}},{"uid":"2864294c7b51831b","reportUrl":"https://zaelcovsky.github.io/StroyremAutomation/52//#testresult/2864294c7b51831b","status":"skipped","statusDetails":"XFAIL Появляется капча Яндекса при запуске теста на Github\n\nselenium.common.exceptions.InvalidCookieDomainException: Message: invalid cookie domain: Cookie 'domain' mismatch\n  (Session info: headless chrome=116.0.5845.96)\nStacktrace:\n#0 0x562c4e1f3e23 <unknown>\n#1 0x562c4df1c7a7 <unknown>\n#2 0x562c4dfa5181 <unknown>\n#3 0x562c4df7c012 <unknown>\n#4 0x562c4df94369 <unknown>\n#5 0x562c4df7bde3 <unknown>\n#6 0x562c4df4fa7b <unknown>\n#7 0x562c4df5081e <unknown>\n#8 0x562c4e1b5638 <unknown>\n#9 0x562c4e1b9507 <unknown>\n#10 0x562c4e1c3c4c <unknown>\n#11 0x562c4e1ba136 <unknown>\n#12 0x562c4e1889cf <unknown>\n#13 0x562c4e1ddb98 <unknown>\n#14 0x562c4e1ddd68 <unknown>\n#15 0x562c4e1eccb3 <unknown>\n#16 0x7fc95a37d044 <unknown>","time":{"start":1692321232747,"stop":1692321236565,"duration":3818}},{"uid":"e3fe3401cb1e8e95","reportUrl":"https://zaelcovsky.github.io/StroyremAutomation/51//#testresult/e3fe3401cb1e8e95","status":"skipped","statusDetails":"XFAIL Появляется капча Яндекса при запуске теста на Github\n\nselenium.common.exceptions.NoSuchElementException: Message: no such element: Unable to locate element: {\"method\":\"css selector\",\"selector\":\"button[data-t='button:clear']\"}\n  (Session info: headless chrome=116.0.5845.96); For documentation on this error, please visit: https://www.selenium.dev/documentation/webdriver/troubleshooting/errors#no-such-element-exception\nStacktrace:\n#0 0x55b35e4d8e23 <unknown>\n#1 0x55b35e2017a7 <unknown>\n#2 0x55b35e2401d3 <unknown>\n#3 0x55b35e2402c1 <unknown>\n#4 0x55b35e27ba04 <unknown>\n#5 0x55b35e26103d <unknown>\n#6 0x55b35e279369 <unknown>\n#7 0x55b35e260de3 <unknown>\n#8 0x55b35e234a7b <unknown>\n#9 0x55b35e23581e <unknown>\n#10 0x55b35e49a638 <unknown>\n#11 0x55b35e49e507 <unknown>\n#12 0x55b35e4a8c4c <unknown>\n#13 0x55b35e49f136 <unknown>\n#14 0x55b35e46d9cf <unknown>\n#15 0x55b35e4c2b98 <unknown>\n#16 0x55b35e4c2d68 <unknown>\n#17 0x55b35e4d1cb3 <unknown>\n#18 0x7fef22b1f044 <unknown>","time":{"start":1692234676154,"stop":1692234679586,"duration":3432}},{"uid":"395b0d9aacb07c6e","reportUrl":"https://zaelcovsky.github.io/StroyremAutomation/50//#testresult/395b0d9aacb07c6e","status":"passed","statusDetails":"XPASS Появляется капча Яндекса при запуске теста на Github","time":{"start":1692148501487,"stop":1692148530285,"duration":28798}},{"uid":"1dd025c8ac778a54","reportUrl":"https://zaelcovsky.github.io/StroyremAutomation/49//#testresult/1dd025c8ac778a54","status":"skipped","statusDetails":"XFAIL Появляется капча Яндекса при запуске теста на Github\n\nselenium.common.exceptions.NoSuchElementException: Message: no such element: Unable to locate element: {\"method\":\"css selector\",\"selector\":\"button[data-t='button:clear']\"}\n  (Session info: headless chrome=115.0.5790.170); For documentation on this error, please visit: https://www.selenium.dev/documentation/webdriver/troubleshooting/errors#no-such-element-exception\nStacktrace:\n#0 0x5614d61ab613 <unknown>\n#1 0x5614d5ed7537 <unknown>\n#2 0x5614d5f15f53 <unknown>\n#3 0x5614d5f16041 <unknown>\n#4 0x5614d5f512a4 <unknown>\n#5 0x5614d5f36a5d <unknown>\n#6 0x5614d5f4ed09 <unknown>\n#7 0x5614d5f36803 <unknown>\n#8 0x5614d5f0a68b <unknown>\n#9 0x5614d5f0b42e <unknown>\n#10 0x5614d616cc28 <unknown>\n#11 0x5614d6170af7 <unknown>\n#12 0x5614d617b01c <unknown>\n#13 0x5614d6171723 <unknown>\n#14 0x5614d6140457 <unknown>\n#15 0x5614d6195628 <unknown>\n#16 0x5614d61957b7 <unknown>\n#17 0x5614d61a4483 <unknown>\n#18 0x7ff0a2307044 <unknown>","time":{"start":1692061853860,"stop":1692061858053,"duration":4193}},{"uid":"9c50ca27c96774cb","reportUrl":"https://zaelcovsky.github.io/StroyremAutomation/48//#testresult/9c50ca27c96774cb","status":"skipped","statusDetails":"XFAIL Появляется капча Яндекса при запуске теста на Github\n\nselenium.common.exceptions.NoSuchElementException: Message: no such element: Unable to locate element: {\"method\":\"css selector\",\"selector\":\"button[data-t='button:clear']\"}\n  (Session info: headless chrome=115.0.5790.170); For documentation on this error, please visit: https://www.selenium.dev/documentation/webdriver/troubleshooting/errors#no-such-element-exception\nStacktrace:\n#0 0x55eb3f8ca613 <unknown>\n#1 0x55eb3f5f6537 <unknown>\n#2 0x55eb3f634f53 <unknown>\n#3 0x55eb3f635041 <unknown>\n#4 0x55eb3f6702a4 <unknown>\n#5 0x55eb3f655a5d <unknown>\n#6 0x55eb3f66dd09 <unknown>\n#7 0x55eb3f655803 <unknown>\n#8 0x55eb3f62968b <unknown>\n#9 0x55eb3f62a42e <unknown>\n#10 0x55eb3f88bc28 <unknown>\n#11 0x55eb3f88faf7 <unknown>\n#12 0x55eb3f89a01c <unknown>\n#13 0x55eb3f890723 <unknown>\n#14 0x55eb3f85f457 <unknown>\n#15 0x55eb3f8b4628 <unknown>\n#16 0x55eb3f8b47b7 <unknown>\n#17 0x55eb3f8c3483 <unknown>\n#18 0x7f2bd8f21044 <unknown>","time":{"start":1692014864569,"stop":1692014869915,"duration":5346}},{"uid":"789146b3250b5683","reportUrl":"https://zaelcovsky.github.io/StroyremAutomation/47//#testresult/789146b3250b5683","status":"broken","statusDetails":"selenium.common.exceptions.NoSuchElementException: Message: no such element: Unable to locate element: {\"method\":\"css selector\",\"selector\":\"button[data-t='button:clear']\"}\n  (Session info: headless chrome=115.0.5790.170); For documentation on this error, please visit: https://www.selenium.dev/documentation/webdriver/troubleshooting/errors#no-such-element-exception\nStacktrace:\n#0 0x564b38f9b613 <unknown>\n#1 0x564b38cc7537 <unknown>\n#2 0x564b38d05f53 <unknown>\n#3 0x564b38d06041 <unknown>\n#4 0x564b38d412a4 <unknown>\n#5 0x564b38d26a5d <unknown>\n#6 0x564b38d3ed09 <unknown>\n#7 0x564b38d26803 <unknown>\n#8 0x564b38cfa68b <unknown>\n#9 0x564b38cfb42e <unknown>\n#10 0x564b38f5cc28 <unknown>\n#11 0x564b38f60af7 <unknown>\n#12 0x564b38f6b01c <unknown>\n#13 0x564b38f61723 <unknown>\n#14 0x564b38f30457 <unknown>\n#15 0x564b38f85628 <unknown>\n#16 0x564b38f857b7 <unknown>\n#17 0x564b38f94483 <unknown>\n#18 0x7f1b6d934044 <unknown>","time":{"start":1692012431026,"stop":1692012440151,"duration":9125}},{"uid":"9e7309af465ada1d","reportUrl":"https://zaelcovsky.github.io/StroyremAutomation/46//#testresult/9e7309af465ada1d","status":"broken","statusDetails":"selenium.common.exceptions.NoSuchElementException: Message: no such element: Unable to locate element: {\"method\":\"css selector\",\"selector\":\"button[data-t='button:clear']\"}\n  (Session info: headless chrome=115.0.5790.170); For documentation on this error, please visit: https://www.selenium.dev/documentation/webdriver/troubleshooting/errors#no-such-element-exception\nStacktrace:\n#0 0x5639608cc613 <unknown>\n#1 0x5639605f8537 <unknown>\n#2 0x563960636f53 <unknown>\n#3 0x563960637041 <unknown>\n#4 0x5639606722a4 <unknown>\n#5 0x563960657a5d <unknown>\n#6 0x56396066fd09 <unknown>\n#7 0x563960657803 <unknown>\n#8 0x56396062b68b <unknown>\n#9 0x56396062c42e <unknown>\n#10 0x56396088dc28 <unknown>\n#11 0x563960891af7 <unknown>\n#12 0x56396089c01c <unknown>\n#13 0x563960892723 <unknown>\n#14 0x563960861457 <unknown>\n#15 0x5639608b6628 <unknown>\n#16 0x5639608b67b7 <unknown>\n#17 0x5639608c5483 <unknown>\n#18 0x7fe3ebf57044 <unknown>","time":{"start":1692011836107,"stop":1692011840546,"duration":4439}},{"uid":"c598ccafb12eadd1","reportUrl":"https://zaelcovsky.github.io/StroyremAutomation/45//#testresult/c598ccafb12eadd1","status":"broken","statusDetails":"KeyError: 'ya.ru_question'","time":{"start":1692010277650,"stop":1692010289788,"duration":12138}},{"uid":"d74af98b63332e8","reportUrl":"https://zaelcovsky.github.io/StroyremAutomation/44//#testresult/d74af98b63332e8","status":"broken","statusDetails":"selenium.common.exceptions.NoSuchElementException: Message: no such element: Unable to locate element: {\"method\":\"css selector\",\"selector\":\"button[data-t='button:clear']\"}\n  (Session info: headless chrome=115.0.5790.170); For documentation on this error, please visit: https://www.selenium.dev/documentation/webdriver/troubleshooting/errors#no-such-element-exception\nStacktrace:\n#0 0x55900dbc4613 <unknown>\n#1 0x55900d8f0537 <unknown>\n#2 0x55900d92ef53 <unknown>\n#3 0x55900d92f041 <unknown>\n#4 0x55900d96a2a4 <unknown>\n#5 0x55900d94fa5d <unknown>\n#6 0x55900d967d09 <unknown>\n#7 0x55900d94f803 <unknown>\n#8 0x55900d92368b <unknown>\n#9 0x55900d92442e <unknown>\n#10 0x55900db85c28 <unknown>\n#11 0x55900db89af7 <unknown>\n#12 0x55900db9401c <unknown>\n#13 0x55900db8a723 <unknown>\n#14 0x55900db59457 <unknown>\n#15 0x55900dbae628 <unknown>\n#16 0x55900dbae7b7 <unknown>\n#17 0x55900dbbd483 <unknown>\n#18 0x7f23d6ecc044 <unknown>","time":{"start":1692010273569,"stop":1692010278584,"duration":5015}},{"uid":"b14fbc0c7362645d","reportUrl":"https://zaelcovsky.github.io/StroyremAutomation/43//#testresult/b14fbc0c7362645d","status":"broken","statusDetails":"selenium.common.exceptions.NoSuchElementException: Message: no such element: Unable to locate element: {\"method\":\"css selector\",\"selector\":\"button[data-t='button:clear']\"}\n  (Session info: headless chrome=115.0.5790.170); For documentation on this error, please visit: https://www.selenium.dev/documentation/webdriver/troubleshooting/errors#no-such-element-exception\nStacktrace:\n#0 0x55bfb9785613 <unknown>\n#1 0x55bfb94b1537 <unknown>\n#2 0x55bfb94eff53 <unknown>\n#3 0x55bfb94f0041 <unknown>\n#4 0x55bfb952b2a4 <unknown>\n#5 0x55bfb9510a5d <unknown>\n#6 0x55bfb9528d09 <unknown>\n#7 0x55bfb9510803 <unknown>\n#8 0x55bfb94e468b <unknown>\n#9 0x55bfb94e542e <unknown>\n#10 0x55bfb9746c28 <unknown>\n#11 0x55bfb974aaf7 <unknown>\n#12 0x55bfb975501c <unknown>\n#13 0x55bfb974b723 <unknown>\n#14 0x55bfb971a457 <unknown>\n#15 0x55bfb976f628 <unknown>\n#16 0x55bfb976f7b7 <unknown>\n#17 0x55bfb977e483 <unknown>\n#18 0x7f77e43ef044 <unknown>","time":{"start":1692009321577,"stop":1692009326557,"duration":4980}},{"uid":"89ed0b1c56e040e0","reportUrl":"https://zaelcovsky.github.io/StroyremAutomation/42//#testresult/89ed0b1c56e040e0","status":"broken","statusDetails":"selenium.common.exceptions.TimeoutException: Message: \nStacktrace:\n#0 0x560a6c73f613 <unknown>\n#1 0x560a6c46b537 <unknown>\n#2 0x560a6c4a9f53 <unknown>\n#3 0x560a6c4aa041 <unknown>\n#4 0x560a6c4e52a4 <unknown>\n#5 0x560a6c4caa5d <unknown>\n#6 0x560a6c4e2d09 <unknown>\n#7 0x560a6c4ca803 <unknown>\n#8 0x560a6c49e68b <unknown>\n#9 0x560a6c49f42e <unknown>\n#10 0x560a6c700c28 <unknown>\n#11 0x560a6c704af7 <unknown>\n#12 0x560a6c70f01c <unknown>\n#13 0x560a6c705723 <unknown>\n#14 0x560a6c6d4457 <unknown>\n#15 0x560a6c729628 <unknown>\n#16 0x560a6c7297b7 <unknown>\n#17 0x560a6c738483 <unknown>\n#18 0x7f394c871044 <unknown>","time":{"start":1692007999935,"stop":1692008019152,"duration":19217}},{"uid":"679397d2188b7034","reportUrl":"https://zaelcovsky.github.io/StroyremAutomation/41//#testresult/679397d2188b7034","status":"broken","statusDetails":"KeyError: 'ya.ru_question'","time":{"start":1691974760438,"stop":1691974769961,"duration":9523}},{"uid":"200bad1a8b81f161","reportUrl":"https://zaelcovsky.github.io/StroyremAutomation/40//#testresult/200bad1a8b81f161","status":"broken","statusDetails":"selenium.common.exceptions.NoSuchElementException: Message: no such element: Unable to locate element: {\"method\":\"css selector\",\"selector\":\"button[data-t='button:clear']\"}\n  (Session info: headless chrome=115.0.5790.170); For documentation on this error, please visit: https://www.selenium.dev/documentation/webdriver/troubleshooting/errors#no-such-element-exception\nStacktrace:\n#0 0x56518a33d613 <unknown>\n#1 0x56518a069537 <unknown>\n#2 0x56518a0a7f53 <unknown>\n#3 0x56518a0a8041 <unknown>\n#4 0x56518a0e32a4 <unknown>\n#5 0x56518a0c8a5d <unknown>\n#6 0x56518a0e0d09 <unknown>\n#7 0x56518a0c8803 <unknown>\n#8 0x56518a09c68b <unknown>\n#9 0x56518a09d42e <unknown>\n#10 0x56518a2fec28 <unknown>\n#11 0x56518a302af7 <unknown>\n#12 0x56518a30d01c <unknown>\n#13 0x56518a303723 <unknown>\n#14 0x56518a2d2457 <unknown>\n#15 0x56518a327628 <unknown>\n#16 0x56518a3277b7 <unknown>\n#17 0x56518a336483 <unknown>\n#18 0x7f2e9c199044 <unknown>","time":{"start":1691967870438,"stop":1691967873854,"duration":3416}},{"uid":"5e1a09cacf0ea440","reportUrl":"https://zaelcovsky.github.io/StroyremAutomation/39//#testresult/5e1a09cacf0ea440","status":"broken","statusDetails":"selenium.common.exceptions.NoSuchElementException: Message: no such element: Unable to locate element: {\"method\":\"css selector\",\"selector\":\"button[data-t='button:clear']\"}\n  (Session info: headless chrome=115.0.5790.170); For documentation on this error, please visit: https://www.selenium.dev/documentation/webdriver/troubleshooting/errors#no-such-element-exception\nStacktrace:\n#0 0x560c798d9613 <unknown>\n#1 0x560c79605537 <unknown>\n#2 0x560c79643f53 <unknown>\n#3 0x560c79644041 <unknown>\n#4 0x560c7967f2a4 <unknown>\n#5 0x560c79664a5d <unknown>\n#6 0x560c7967cd09 <unknown>\n#7 0x560c79664803 <unknown>\n#8 0x560c7963868b <unknown>\n#9 0x560c7963942e <unknown>\n#10 0x560c7989ac28 <unknown>\n#11 0x560c7989eaf7 <unknown>\n#12 0x560c798a901c <unknown>\n#13 0x560c7989f723 <unknown>\n#14 0x560c7986e457 <unknown>\n#15 0x560c798c3628 <unknown>\n#16 0x560c798c37b7 <unknown>\n#17 0x560c798d2483 <unknown>\n#18 0x7f90044db044 <unknown>","time":{"start":1691965827094,"stop":1691965841658,"duration":14564}},{"uid":"e3b9c7cf93390746","reportUrl":"https://zaelcovsky.github.io/StroyremAutomation/38//#testresult/e3b9c7cf93390746","status":"broken","statusDetails":"selenium.common.exceptions.NoSuchElementException: Message: no such element: Unable to locate element: {\"method\":\"css selector\",\"selector\":\"button[data-t='button:clear']\"}\n  (Session info: headless chrome=115.0.5790.170); For documentation on this error, please visit: https://www.selenium.dev/documentation/webdriver/troubleshooting/errors#no-such-element-exception\nStacktrace:\n#0 0x56405579f613 <unknown>\n#1 0x5640554cb537 <unknown>\n#2 0x564055509f53 <unknown>\n#3 0x56405550a041 <unknown>\n#4 0x5640555452a4 <unknown>\n#5 0x56405552aa5d <unknown>\n#6 0x564055542d09 <unknown>\n#7 0x56405552a803 <unknown>\n#8 0x5640554fe68b <unknown>\n#9 0x5640554ff42e <unknown>\n#10 0x564055760c28 <unknown>\n#11 0x564055764af7 <unknown>\n#12 0x56405576f01c <unknown>\n#13 0x564055765723 <unknown>\n#14 0x564055734457 <unknown>\n#15 0x564055789628 <unknown>\n#16 0x5640557897b7 <unknown>\n#17 0x564055798483 <unknown>\n#18 0x7f1f7cccd044 <unknown>","time":{"start":1691965436844,"stop":1691965441933,"duration":5089}},{"uid":"6e5b936dbf42f416","reportUrl":"https://zaelcovsky.github.io/StroyremAutomation/37//#testresult/6e5b936dbf42f416","status":"broken","statusDetails":"selenium.common.exceptions.TimeoutException: Message:","time":{"start":1691964516962,"stop":1691964538265,"duration":21303}}]},"tags":["@pytest.mark.xfail(reason='Появляется капча Яндекса при запуске теста на Github')","smoke_test"]},"source":"85d59a176cd9c5a0.json","parameterValues":[]}