{"uid":"1fcd57a0780d76d0","name":"test_positive_delivery_green_zone_smoke[TD 002-products/shtukaturka-tsementnaya-bergauf-bau-putts-tsement-25kg-56sht-1-30-400-1590-2190-https://sandboxtest.stroyrem-nn.ru/]","fullName":"tests.delivery.test_delivery_calculation.TestDeliveryPageCalculation#test_positive_delivery_green_zone_smoke","historyId":"664bacae59a5acf1e4ceda0def0913e7","time":{"start":1700097064810,"stop":1700097068710,"duration":3900},"status":"broken","statusMessage":"selenium.common.exceptions.NoSuchElementException: Message: no such element: Unable to locate element: {\"method\":\"xpath\",\"selector\":\"//input[@class='amount']\"}\n  (Session info: headless chrome=119.0.6045.105); For documentation on this error, please visit: https://www.selenium.dev/documentation/webdriver/troubleshooting/errors#no-such-element-exception\nStacktrace:\n#0 0x55aa014615e3 <unknown>\n#1 0x55aa011240b7 <unknown>\n#2 0x55aa01171f53 <unknown>\n#3 0x55aa01172051 <unknown>\n#4 0x55aa011b79c4 <unknown>\n#5 0x55aa01198f1d <unknown>\n#6 0x55aa011b4b3d <unknown>\n#7 0x55aa01198cc3 <unknown>\n#8 0x55aa011640e4 <unknown>\n#9 0x55aa011650ae <unknown>\n#10 0x55aa01427ce1 <unknown>\n#11 0x55aa0142bb7e <unknown>\n#12 0x55aa014154b5 <unknown>\n#13 0x55aa0142c7d6 <unknown>\n#14 0x55aa013f8dbf <unknown>\n#15 0x55aa0144f748 <unknown>\n#16 0x55aa0144f917 <unknown>\n#17 0x55aa01460773 <unknown>\n#18 0x7f36a393b044 <unknown>","statusTrace":"self = <tests.delivery.test_delivery_calculation.TestDeliveryPageCalculation object at 0x7f7ac6a7a310>\ndriver = <selenium.webdriver.chrome.webdriver.WebDriver (session=\"8c6e153f4911b0246852c8ed001ca282\")>\nurl = 'https://sandboxtest.stroyrem-nn.ru/', case_id = 'TD 002'\nlink_item = 'products/shtukaturka-tsementnaya-bergauf-bau-putts-tsement-25kg-56sht'\namount = 1, weight = 30, standard = 400, in_time = 1590, all_time = 2190\n\n    @pytest.mark.parametrize('case_id, link_item, amount, weight, standard, in_time, all_time', [\n        (\"TD 001\", uroven_3000, 1, 30, 0, 1590, 2190),\n        (\"TD 002\", bundeks_25, 1, 30, 400, 1590, 2190),\n        (\"TD 003\", aksolit_30, 8, 300, 400, 1590, 2190),\n        (\"TD 004\", aksolit_30, 13, 400, 450, 1590, 2190),\n        (\"TD 005\", aksolit_30, 16, 500, 600, 1590, 2190),\n        (\"TD 006\", aksolit_30, 25, 1700, 990, 1990, 2480),\n        (\"TD 007\", aksolit_30, 66, 2000, 1300, 2490, 2980),\n        (\"TD 008\", aksolit_30, 149, 4500, 2300, 3980, 4490),\n        (\"TD 009\", aksolit_30, 166, 5000, 2500, 4990, 5480),\n        pytest.param(\n            \"TD 010\", aksolit_30, 206, 6200, 2900, 5570, 6120,\n            marks=pytest.mark.xfail(reson=\"Цена доставки 3600 7960 8980\")\n        ),\n        (\"TD 011\", aksolit_30, 299, 9000, 3600, 7960, 8980),\n        (\"TD 012\", aksolit_30, 333, 10000, 4450, 11990, 12500),\n        pytest.param(\n            \"TD 013\", aksolit_30, 366, 11000, 4800, 12450, 13480,\n            marks=pytest.mark.xfail(reason=\"Цена стандартной доставки 4450\")\n        ),\n        pytest.param(\n            \"TD 014\", aksolit_30, 666, 20000, 5400, 15600, 17490,\n            marks=pytest.mark.xfail(reason=\"Цена стандартной доставки 4450\")\n        )\n    ])\n    @pytest.mark.smoke\n    def test_positive_delivery_green_zone_smoke(\n            self, driver, url, case_id, link_item, amount, weight, standard, in_time, all_time\n    ):\n    \n        driver.get(f'{url}{link_item}')\n        item_page = ItemPage(driver)\n>       item_page.add_item_to_cart(amount).click_on_cart()\n\ntests/delivery/test_delivery_calculation.py:49: \n_ _ _ _ _ _ _ _ _ _ _ _ _ _ _ _ _ _ _ _ _ _ _ _ _ _ _ _ _ _ _ _ _ _ _ _ _ _ _ _ \npages/item_page.py:41: in add_item_to_cart\n    amount_field = self.find_element(self._item_amount)\nbase/seleniumbase.py:17: in find_element\n    return self.driver.find_element(*locator)\n/usr/local/lib/python3.11/site-packages/selenium/webdriver/remote/webdriver.py:740: in find_element\n    return self.execute(Command.FIND_ELEMENT, {\"using\": by, \"value\": value})[\"value\"]\n/usr/local/lib/python3.11/site-packages/selenium/webdriver/remote/webdriver.py:346: in execute\n    self.error_handler.check_response(response)\n_ _ _ _ _ _ _ _ _ _ _ _ _ _ _ _ _ _ _ _ _ _ _ _ _ _ _ _ _ _ _ _ _ _ _ _ _ _ _ _ \n\nself = <selenium.webdriver.remote.errorhandler.ErrorHandler object at 0x7f7ac55d4f50>\nresponse = {'status': 404, 'value': '{\"value\":{\"error\":\"no such element\",\"message\":\"no such element: Unable to locate element: {\\...\\\\n#16 0x55aa0144f917 \\\\u003Cunknown>\\\\n#17 0x55aa01460773 \\\\u003Cunknown>\\\\n#18 0x7f36a393b044 \\\\u003Cunknown>\\\\n\"}}'}\n\n    def check_response(self, response: Dict[str, Any]) -> None:\n        \"\"\"Checks that a JSON response from the WebDriver does not have an\n        error.\n    \n        :Args:\n         - response - The JSON response from the WebDriver server as a dictionary\n           object.\n    \n        :Raises: If the response contains an error message.\n        \"\"\"\n        status = response.get(\"status\", None)\n        if not status or status == ErrorCode.SUCCESS:\n            return\n        value = None\n        message = response.get(\"message\", \"\")\n        screen: str = response.get(\"screen\", \"\")\n        stacktrace = None\n        if isinstance(status, int):\n            value_json = response.get(\"value\", None)\n            if value_json and isinstance(value_json, str):\n                import json\n    \n                try:\n                    value = json.loads(value_json)\n                    if len(value) == 1:\n                        value = value[\"value\"]\n                    status = value.get(\"error\", None)\n                    if not status:\n                        status = value.get(\"status\", ErrorCode.UNKNOWN_ERROR)\n                        message = value.get(\"value\") or value.get(\"message\")\n                        if not isinstance(message, str):\n                            value = message\n                            message = message.get(\"message\")\n                    else:\n                        message = value.get(\"message\", None)\n                except ValueError:\n                    pass\n    \n        exception_class: Type[WebDriverException]\n        if status in ErrorCode.NO_SUCH_ELEMENT:\n            exception_class = NoSuchElementException\n        elif status in ErrorCode.NO_SUCH_FRAME:\n            exception_class = NoSuchFrameException\n        elif status in ErrorCode.NO_SUCH_SHADOW_ROOT:\n            exception_class = NoSuchShadowRootException\n        elif status in ErrorCode.NO_SUCH_WINDOW:\n            exception_class = NoSuchWindowException\n        elif status in ErrorCode.STALE_ELEMENT_REFERENCE:\n            exception_class = StaleElementReferenceException\n        elif status in ErrorCode.ELEMENT_NOT_VISIBLE:\n            exception_class = ElementNotVisibleException\n        elif status in ErrorCode.INVALID_ELEMENT_STATE:\n            exception_class = InvalidElementStateException\n        elif (\n            status in ErrorCode.INVALID_SELECTOR\n            or status in ErrorCode.INVALID_XPATH_SELECTOR\n            or status in ErrorCode.INVALID_XPATH_SELECTOR_RETURN_TYPER\n        ):\n            exception_class = InvalidSelectorException\n        elif status in ErrorCode.ELEMENT_IS_NOT_SELECTABLE:\n            exception_class = ElementNotSelectableException\n        elif status in ErrorCode.ELEMENT_NOT_INTERACTABLE:\n            exception_class = ElementNotInteractableException\n        elif status in ErrorCode.INVALID_COOKIE_DOMAIN:\n            exception_class = InvalidCookieDomainException\n        elif status in ErrorCode.UNABLE_TO_SET_COOKIE:\n            exception_class = UnableToSetCookieException\n        elif status in ErrorCode.TIMEOUT:\n            exception_class = TimeoutException\n        elif status in ErrorCode.SCRIPT_TIMEOUT:\n            exception_class = TimeoutException\n        elif status in ErrorCode.UNKNOWN_ERROR:\n            exception_class = WebDriverException\n        elif status in ErrorCode.UNEXPECTED_ALERT_OPEN:\n            exception_class = UnexpectedAlertPresentException\n        elif status in ErrorCode.NO_ALERT_OPEN:\n            exception_class = NoAlertPresentException\n        elif status in ErrorCode.IME_NOT_AVAILABLE:\n            exception_class = ImeNotAvailableException\n        elif status in ErrorCode.IME_ENGINE_ACTIVATION_FAILED:\n            exception_class = ImeActivationFailedException\n        elif status in ErrorCode.MOVE_TARGET_OUT_OF_BOUNDS:\n            exception_class = MoveTargetOutOfBoundsException\n        elif status in ErrorCode.JAVASCRIPT_ERROR:\n            exception_class = JavascriptException\n        elif status in ErrorCode.SESSION_NOT_CREATED:\n            exception_class = SessionNotCreatedException\n        elif status in ErrorCode.INVALID_ARGUMENT:\n            exception_class = InvalidArgumentException\n        elif status in ErrorCode.NO_SUCH_COOKIE:\n            exception_class = NoSuchCookieException\n        elif status in ErrorCode.UNABLE_TO_CAPTURE_SCREEN:\n            exception_class = ScreenshotException\n        elif status in ErrorCode.ELEMENT_CLICK_INTERCEPTED:\n            exception_class = ElementClickInterceptedException\n        elif status in ErrorCode.INSECURE_CERTIFICATE:\n            exception_class = InsecureCertificateException\n        elif status in ErrorCode.INVALID_COORDINATES:\n            exception_class = InvalidCoordinatesException\n        elif status in ErrorCode.INVALID_SESSION_ID:\n            exception_class = InvalidSessionIdException\n        elif status in ErrorCode.UNKNOWN_METHOD:\n            exception_class = UnknownMethodException\n        else:\n            exception_class = WebDriverException\n        if not value:\n            value = response[\"value\"]\n        if isinstance(value, str):\n            raise exception_class(value)\n        if message == \"\" and \"message\" in value:\n            message = value[\"message\"]\n    \n        screen = None  # type: ignore[assignment]\n        if \"screen\" in value:\n            screen = value[\"screen\"]\n    \n        stacktrace = None\n        st_value = value.get(\"stackTrace\") or value.get(\"stacktrace\")\n        if st_value:\n            if isinstance(st_value, str):\n                stacktrace = st_value.split(\"\\n\")\n            else:\n                stacktrace = []\n                try:\n                    for frame in st_value:\n                        line = frame.get(\"lineNumber\", \"\")\n                        file = frame.get(\"fileName\", \"<anonymous>\")\n                        if line:\n                            file = f\"{file}:{line}\"\n                        meth = frame.get(\"methodName\", \"<anonymous>\")\n                        if \"className\" in frame:\n                            meth = f\"{frame['className']}.{meth}\"\n                        msg = \"    at %s (%s)\"\n                        msg = msg % (meth, file)\n                        stacktrace.append(msg)\n                except TypeError:\n                    pass\n        if exception_class == UnexpectedAlertPresentException:\n            alert_text = None\n            if \"data\" in value:\n                alert_text = value[\"data\"].get(\"text\")\n            elif \"alert\" in value:\n                alert_text = value[\"alert\"].get(\"text\")\n            raise exception_class(message, screen, stacktrace, alert_text)  # type: ignore[call-arg]  # mypy is not smart enough here\n>       raise exception_class(message, screen, stacktrace)\nE       selenium.common.exceptions.NoSuchElementException: Message: no such element: Unable to locate element: {\"method\":\"xpath\",\"selector\":\"//input[@class='amount']\"}\nE         (Session info: headless chrome=119.0.6045.105); For documentation on this error, please visit: https://www.selenium.dev/documentation/webdriver/troubleshooting/errors#no-such-element-exception\nE       Stacktrace:\nE       #0 0x55aa014615e3 <unknown>\nE       #1 0x55aa011240b7 <unknown>\nE       #2 0x55aa01171f53 <unknown>\nE       #3 0x55aa01172051 <unknown>\nE       #4 0x55aa011b79c4 <unknown>\nE       #5 0x55aa01198f1d <unknown>\nE       #6 0x55aa011b4b3d <unknown>\nE       #7 0x55aa01198cc3 <unknown>\nE       #8 0x55aa011640e4 <unknown>\nE       #9 0x55aa011650ae <unknown>\nE       #10 0x55aa01427ce1 <unknown>\nE       #11 0x55aa0142bb7e <unknown>\nE       #12 0x55aa014154b5 <unknown>\nE       #13 0x55aa0142c7d6 <unknown>\nE       #14 0x55aa013f8dbf <unknown>\nE       #15 0x55aa0144f748 <unknown>\nE       #16 0x55aa0144f917 <unknown>\nE       #17 0x55aa01460773 <unknown>\nE       #18 0x7f36a393b044 <unknown>\n\n/usr/local/lib/python3.11/site-packages/selenium/webdriver/remote/errorhandler.py:245: NoSuchElementException","flaky":false,"newFailed":false,"newBroken":false,"newPassed":false,"retriesCount":0,"retriesStatusChange":false,"beforeStages":[{"name":"_session_faker","time":{"start":1700096669689,"stop":1700096669757,"duration":68},"status":"passed","steps":[],"attachments":[],"parameters":[],"shouldDisplayMessage":false,"stepsCount":0,"attachmentsCount":0,"hasContent":false},{"name":"clear_allure_results_folder","time":{"start":1700096669757,"stop":1700096669757,"duration":0},"status":"passed","steps":[],"attachments":[],"parameters":[],"shouldDisplayMessage":false,"stepsCount":0,"attachmentsCount":0,"hasContent":false},{"name":"driver","time":{"start":1700097064079,"stop":1700097064808,"duration":729},"status":"passed","steps":[],"attachments":[],"parameters":[],"shouldDisplayMessage":false,"stepsCount":0,"attachmentsCount":0,"hasContent":false},{"name":"setup","time":{"start":1700097064809,"stop":1700097064809,"duration":0},"status":"passed","steps":[],"attachments":[],"parameters":[],"shouldDisplayMessage":false,"stepsCount":0,"attachmentsCount":0,"hasContent":false}],"testStage":{"status":"broken","statusMessage":"selenium.common.exceptions.NoSuchElementException: Message: no such element: Unable to locate element: {\"method\":\"xpath\",\"selector\":\"//input[@class='amount']\"}\n  (Session info: headless chrome=119.0.6045.105); For documentation on this error, please visit: https://www.selenium.dev/documentation/webdriver/troubleshooting/errors#no-such-element-exception\nStacktrace:\n#0 0x55aa014615e3 <unknown>\n#1 0x55aa011240b7 <unknown>\n#2 0x55aa01171f53 <unknown>\n#3 0x55aa01172051 <unknown>\n#4 0x55aa011b79c4 <unknown>\n#5 0x55aa01198f1d <unknown>\n#6 0x55aa011b4b3d <unknown>\n#7 0x55aa01198cc3 <unknown>\n#8 0x55aa011640e4 <unknown>\n#9 0x55aa011650ae <unknown>\n#10 0x55aa01427ce1 <unknown>\n#11 0x55aa0142bb7e <unknown>\n#12 0x55aa014154b5 <unknown>\n#13 0x55aa0142c7d6 <unknown>\n#14 0x55aa013f8dbf <unknown>\n#15 0x55aa0144f748 <unknown>\n#16 0x55aa0144f917 <unknown>\n#17 0x55aa01460773 <unknown>\n#18 0x7f36a393b044 <unknown>","statusTrace":"self = <tests.delivery.test_delivery_calculation.TestDeliveryPageCalculation object at 0x7f7ac6a7a310>\ndriver = <selenium.webdriver.chrome.webdriver.WebDriver (session=\"8c6e153f4911b0246852c8ed001ca282\")>\nurl = 'https://sandboxtest.stroyrem-nn.ru/', case_id = 'TD 002'\nlink_item = 'products/shtukaturka-tsementnaya-bergauf-bau-putts-tsement-25kg-56sht'\namount = 1, weight = 30, standard = 400, in_time = 1590, all_time = 2190\n\n    @pytest.mark.parametrize('case_id, link_item, amount, weight, standard, in_time, all_time', [\n        (\"TD 001\", uroven_3000, 1, 30, 0, 1590, 2190),\n        (\"TD 002\", bundeks_25, 1, 30, 400, 1590, 2190),\n        (\"TD 003\", aksolit_30, 8, 300, 400, 1590, 2190),\n        (\"TD 004\", aksolit_30, 13, 400, 450, 1590, 2190),\n        (\"TD 005\", aksolit_30, 16, 500, 600, 1590, 2190),\n        (\"TD 006\", aksolit_30, 25, 1700, 990, 1990, 2480),\n        (\"TD 007\", aksolit_30, 66, 2000, 1300, 2490, 2980),\n        (\"TD 008\", aksolit_30, 149, 4500, 2300, 3980, 4490),\n        (\"TD 009\", aksolit_30, 166, 5000, 2500, 4990, 5480),\n        pytest.param(\n            \"TD 010\", aksolit_30, 206, 6200, 2900, 5570, 6120,\n            marks=pytest.mark.xfail(reson=\"Цена доставки 3600 7960 8980\")\n        ),\n        (\"TD 011\", aksolit_30, 299, 9000, 3600, 7960, 8980),\n        (\"TD 012\", aksolit_30, 333, 10000, 4450, 11990, 12500),\n        pytest.param(\n            \"TD 013\", aksolit_30, 366, 11000, 4800, 12450, 13480,\n            marks=pytest.mark.xfail(reason=\"Цена стандартной доставки 4450\")\n        ),\n        pytest.param(\n            \"TD 014\", aksolit_30, 666, 20000, 5400, 15600, 17490,\n            marks=pytest.mark.xfail(reason=\"Цена стандартной доставки 4450\")\n        )\n    ])\n    @pytest.mark.smoke\n    def test_positive_delivery_green_zone_smoke(\n            self, driver, url, case_id, link_item, amount, weight, standard, in_time, all_time\n    ):\n    \n        driver.get(f'{url}{link_item}')\n        item_page = ItemPage(driver)\n>       item_page.add_item_to_cart(amount).click_on_cart()\n\ntests/delivery/test_delivery_calculation.py:49: \n_ _ _ _ _ _ _ _ _ _ _ _ _ _ _ _ _ _ _ _ _ _ _ _ _ _ _ _ _ _ _ _ _ _ _ _ _ _ _ _ \npages/item_page.py:41: in add_item_to_cart\n    amount_field = self.find_element(self._item_amount)\nbase/seleniumbase.py:17: in find_element\n    return self.driver.find_element(*locator)\n/usr/local/lib/python3.11/site-packages/selenium/webdriver/remote/webdriver.py:740: in find_element\n    return self.execute(Command.FIND_ELEMENT, {\"using\": by, \"value\": value})[\"value\"]\n/usr/local/lib/python3.11/site-packages/selenium/webdriver/remote/webdriver.py:346: in execute\n    self.error_handler.check_response(response)\n_ _ _ _ _ _ _ _ _ _ _ _ _ _ _ _ _ _ _ _ _ _ _ _ _ _ _ _ _ _ _ _ _ _ _ _ _ _ _ _ \n\nself = <selenium.webdriver.remote.errorhandler.ErrorHandler object at 0x7f7ac55d4f50>\nresponse = {'status': 404, 'value': '{\"value\":{\"error\":\"no such element\",\"message\":\"no such element: Unable to locate element: {\\...\\\\n#16 0x55aa0144f917 \\\\u003Cunknown>\\\\n#17 0x55aa01460773 \\\\u003Cunknown>\\\\n#18 0x7f36a393b044 \\\\u003Cunknown>\\\\n\"}}'}\n\n    def check_response(self, response: Dict[str, Any]) -> None:\n        \"\"\"Checks that a JSON response from the WebDriver does not have an\n        error.\n    \n        :Args:\n         - response - The JSON response from the WebDriver server as a dictionary\n           object.\n    \n        :Raises: If the response contains an error message.\n        \"\"\"\n        status = response.get(\"status\", None)\n        if not status or status == ErrorCode.SUCCESS:\n            return\n        value = None\n        message = response.get(\"message\", \"\")\n        screen: str = response.get(\"screen\", \"\")\n        stacktrace = None\n        if isinstance(status, int):\n            value_json = response.get(\"value\", None)\n            if value_json and isinstance(value_json, str):\n                import json\n    \n                try:\n                    value = json.loads(value_json)\n                    if len(value) == 1:\n                        value = value[\"value\"]\n                    status = value.get(\"error\", None)\n                    if not status:\n                        status = value.get(\"status\", ErrorCode.UNKNOWN_ERROR)\n                        message = value.get(\"value\") or value.get(\"message\")\n                        if not isinstance(message, str):\n                            value = message\n                            message = message.get(\"message\")\n                    else:\n                        message = value.get(\"message\", None)\n                except ValueError:\n                    pass\n    \n        exception_class: Type[WebDriverException]\n        if status in ErrorCode.NO_SUCH_ELEMENT:\n            exception_class = NoSuchElementException\n        elif status in ErrorCode.NO_SUCH_FRAME:\n            exception_class = NoSuchFrameException\n        elif status in ErrorCode.NO_SUCH_SHADOW_ROOT:\n            exception_class = NoSuchShadowRootException\n        elif status in ErrorCode.NO_SUCH_WINDOW:\n            exception_class = NoSuchWindowException\n        elif status in ErrorCode.STALE_ELEMENT_REFERENCE:\n            exception_class = StaleElementReferenceException\n        elif status in ErrorCode.ELEMENT_NOT_VISIBLE:\n            exception_class = ElementNotVisibleException\n        elif status in ErrorCode.INVALID_ELEMENT_STATE:\n            exception_class = InvalidElementStateException\n        elif (\n            status in ErrorCode.INVALID_SELECTOR\n            or status in ErrorCode.INVALID_XPATH_SELECTOR\n            or status in ErrorCode.INVALID_XPATH_SELECTOR_RETURN_TYPER\n        ):\n            exception_class = InvalidSelectorException\n        elif status in ErrorCode.ELEMENT_IS_NOT_SELECTABLE:\n            exception_class = ElementNotSelectableException\n        elif status in ErrorCode.ELEMENT_NOT_INTERACTABLE:\n            exception_class = ElementNotInteractableException\n        elif status in ErrorCode.INVALID_COOKIE_DOMAIN:\n            exception_class = InvalidCookieDomainException\n        elif status in ErrorCode.UNABLE_TO_SET_COOKIE:\n            exception_class = UnableToSetCookieException\n        elif status in ErrorCode.TIMEOUT:\n            exception_class = TimeoutException\n        elif status in ErrorCode.SCRIPT_TIMEOUT:\n            exception_class = TimeoutException\n        elif status in ErrorCode.UNKNOWN_ERROR:\n            exception_class = WebDriverException\n        elif status in ErrorCode.UNEXPECTED_ALERT_OPEN:\n            exception_class = UnexpectedAlertPresentException\n        elif status in ErrorCode.NO_ALERT_OPEN:\n            exception_class = NoAlertPresentException\n        elif status in ErrorCode.IME_NOT_AVAILABLE:\n            exception_class = ImeNotAvailableException\n        elif status in ErrorCode.IME_ENGINE_ACTIVATION_FAILED:\n            exception_class = ImeActivationFailedException\n        elif status in ErrorCode.MOVE_TARGET_OUT_OF_BOUNDS:\n            exception_class = MoveTargetOutOfBoundsException\n        elif status in ErrorCode.JAVASCRIPT_ERROR:\n            exception_class = JavascriptException\n        elif status in ErrorCode.SESSION_NOT_CREATED:\n            exception_class = SessionNotCreatedException\n        elif status in ErrorCode.INVALID_ARGUMENT:\n            exception_class = InvalidArgumentException\n        elif status in ErrorCode.NO_SUCH_COOKIE:\n            exception_class = NoSuchCookieException\n        elif status in ErrorCode.UNABLE_TO_CAPTURE_SCREEN:\n            exception_class = ScreenshotException\n        elif status in ErrorCode.ELEMENT_CLICK_INTERCEPTED:\n            exception_class = ElementClickInterceptedException\n        elif status in ErrorCode.INSECURE_CERTIFICATE:\n            exception_class = InsecureCertificateException\n        elif status in ErrorCode.INVALID_COORDINATES:\n            exception_class = InvalidCoordinatesException\n        elif status in ErrorCode.INVALID_SESSION_ID:\n            exception_class = InvalidSessionIdException\n        elif status in ErrorCode.UNKNOWN_METHOD:\n            exception_class = UnknownMethodException\n        else:\n            exception_class = WebDriverException\n        if not value:\n            value = response[\"value\"]\n        if isinstance(value, str):\n            raise exception_class(value)\n        if message == \"\" and \"message\" in value:\n            message = value[\"message\"]\n    \n        screen = None  # type: ignore[assignment]\n        if \"screen\" in value:\n            screen = value[\"screen\"]\n    \n        stacktrace = None\n        st_value = value.get(\"stackTrace\") or value.get(\"stacktrace\")\n        if st_value:\n            if isinstance(st_value, str):\n                stacktrace = st_value.split(\"\\n\")\n            else:\n                stacktrace = []\n                try:\n                    for frame in st_value:\n                        line = frame.get(\"lineNumber\", \"\")\n                        file = frame.get(\"fileName\", \"<anonymous>\")\n                        if line:\n                            file = f\"{file}:{line}\"\n                        meth = frame.get(\"methodName\", \"<anonymous>\")\n                        if \"className\" in frame:\n                            meth = f\"{frame['className']}.{meth}\"\n                        msg = \"    at %s (%s)\"\n                        msg = msg % (meth, file)\n                        stacktrace.append(msg)\n                except TypeError:\n                    pass\n        if exception_class == UnexpectedAlertPresentException:\n            alert_text = None\n            if \"data\" in value:\n                alert_text = value[\"data\"].get(\"text\")\n            elif \"alert\" in value:\n                alert_text = value[\"alert\"].get(\"text\")\n            raise exception_class(message, screen, stacktrace, alert_text)  # type: ignore[call-arg]  # mypy is not smart enough here\n>       raise exception_class(message, screen, stacktrace)\nE       selenium.common.exceptions.NoSuchElementException: Message: no such element: Unable to locate element: {\"method\":\"xpath\",\"selector\":\"//input[@class='amount']\"}\nE         (Session info: headless chrome=119.0.6045.105); For documentation on this error, please visit: https://www.selenium.dev/documentation/webdriver/troubleshooting/errors#no-such-element-exception\nE       Stacktrace:\nE       #0 0x55aa014615e3 <unknown>\nE       #1 0x55aa011240b7 <unknown>\nE       #2 0x55aa01171f53 <unknown>\nE       #3 0x55aa01172051 <unknown>\nE       #4 0x55aa011b79c4 <unknown>\nE       #5 0x55aa01198f1d <unknown>\nE       #6 0x55aa011b4b3d <unknown>\nE       #7 0x55aa01198cc3 <unknown>\nE       #8 0x55aa011640e4 <unknown>\nE       #9 0x55aa011650ae <unknown>\nE       #10 0x55aa01427ce1 <unknown>\nE       #11 0x55aa0142bb7e <unknown>\nE       #12 0x55aa014154b5 <unknown>\nE       #13 0x55aa0142c7d6 <unknown>\nE       #14 0x55aa013f8dbf <unknown>\nE       #15 0x55aa0144f748 <unknown>\nE       #16 0x55aa0144f917 <unknown>\nE       #17 0x55aa01460773 <unknown>\nE       #18 0x7f36a393b044 <unknown>\n\n/usr/local/lib/python3.11/site-packages/selenium/webdriver/remote/errorhandler.py:245: NoSuchElementException","steps":[{"name":"Добавляем товар в корзину в количестве 1","time":{"start":1700097068653,"stop":1700097068709,"duration":56},"status":"broken","statusMessage":"selenium.common.exceptions.NoSuchElementException: Message: no such element: Unable to locate element: {\"method\":\"xpath\",\"selector\":\"//input[@class='amount']\"}\n  (Session info: headless chrome=119.0.6045.105); For documentation on this error, please visit: https://www.selenium.dev/documentation/webdriver/troubleshooting/errors#no-such-element-exception\nStacktrace:\n#0 0x55aa014615e3 <unknown>\n#1 0x55aa011240b7 <unknown>\n#2 0x55aa01171f53 <unknown>\n#3 0x55aa01172051 <unknown>\n#4 0x55aa011b79c4 <unknown>\n#5 0x55aa01198f1d <unknown>\n#6 0x55aa011b4b3d <unknown>\n#7 0x55aa01198cc3 <unknown>\n#8 0x55aa011640e4 <unknown>\n#9 0x55aa011650ae <unknown>\n#10 0x55aa01427ce1 <unknown>\n#11 0x55aa0142bb7e <unknown>\n#12 0x55aa014154b5 <unknown>\n#13 0x55aa0142c7d6 <unknown>\n#14 0x55aa013f8dbf <unknown>\n#15 0x55aa0144f748 <unknown>\n#16 0x55aa0144f917 <unknown>\n#17 0x55aa01460773 <unknown>\n#18 0x7f36a393b044 <unknown>\n\n","statusTrace":"  File \"/usr/local/lib/python3.11/site-packages/allure_commons/_allure.py\", line 192, in impl\n    return func(*a, **kw)\n           ^^^^^^^^^^^^^^\n  File \"/app/pages/item_page.py\", line 41, in add_item_to_cart\n    amount_field = self.find_element(self._item_amount)\n                   ^^^^^^^^^^^^^^^^^^^^^^^^^^^^^^^^^^^^\n  File \"/app/base/seleniumbase.py\", line 17, in find_element\n    return self.driver.find_element(*locator)\n           ^^^^^^^^^^^^^^^^^^^^^^^^^^^^^^^^^^\n  File \"/usr/local/lib/python3.11/site-packages/selenium/webdriver/remote/webdriver.py\", line 740, in find_element\n    return self.execute(Command.FIND_ELEMENT, {\"using\": by, \"value\": value})[\"value\"]\n           ^^^^^^^^^^^^^^^^^^^^^^^^^^^^^^^^^^^^^^^^^^^^^^^^^^^^^^^^^^^^^^^^^\n  File \"/usr/local/lib/python3.11/site-packages/selenium/webdriver/remote/webdriver.py\", line 346, in execute\n    self.error_handler.check_response(response)\n  File \"/usr/local/lib/python3.11/site-packages/selenium/webdriver/remote/errorhandler.py\", line 245, in check_response\n    raise exception_class(message, screen, stacktrace)\n","steps":[],"attachments":[],"parameters":[{"name":"amount","value":"1"}],"shouldDisplayMessage":true,"stepsCount":0,"attachmentsCount":0,"hasContent":true}],"attachments":[{"uid":"9af1605fa8ced8b1","name":"Screenshot","source":"9af1605fa8ced8b1.png","type":"image/png","size":115178},{"uid":"5a4dc558b9b5dc92","name":"HTML source","source":"5a4dc558b9b5dc92.html","type":"text/html","size":303987}],"parameters":[],"shouldDisplayMessage":true,"stepsCount":1,"attachmentsCount":2,"hasContent":true},"afterStages":[{"name":"driver::0","time":{"start":1700097068852,"stop":1700097068912,"duration":60},"status":"passed","steps":[],"attachments":[],"parameters":[],"shouldDisplayMessage":false,"stepsCount":0,"attachmentsCount":0,"hasContent":false},{"name":"setup::0","time":{"start":1700097068852,"stop":1700097068852,"duration":0},"status":"passed","steps":[],"attachments":[],"parameters":[],"shouldDisplayMessage":false,"stepsCount":0,"attachmentsCount":0,"hasContent":false}],"labels":[{"name":"epic","value":"Delivery Page - calculation"},{"name":"tag","value":"smoke"},{"name":"parentSuite","value":"tests.delivery"},{"name":"suite","value":"test_delivery_calculation"},{"name":"subSuite","value":"TestDeliveryPageCalculation"},{"name":"host","value":"c1a1e570e656"},{"name":"thread","value":"1-MainThread"},{"name":"framework","value":"pytest"},{"name":"language","value":"cpython3"},{"name":"package","value":"tests.delivery.test_delivery_calculation"},{"name":"resultFormat","value":"allure2"}],"parameters":[{"name":"all_time","value":"2190"},{"name":"amount","value":"1"},{"name":"case_id","value":"'TD 002'"},{"name":"in_time","value":"1590"},{"name":"link_item","value":"'products/shtukaturka-tsementnaya-bergauf-bau-putts-tsement-25kg-56sht'"},{"name":"standard","value":"400"},{"name":"url","value":"'https://sandboxtest.stroyrem-nn.ru/'"},{"name":"weight","value":"30"}],"links":[],"hidden":false,"retry":false,"extra":{"severity":"normal","retries":[],"categories":[{"name":"Test defects","matchedStatuses":[],"flaky":false}],"history":{"statistic":{"failed":0,"broken":78,"skipped":0,"passed":0,"unknown":0,"total":78},"items":[{"uid":"96e49397178fc73a","reportUrl":"https://zaelcovsky.github.io/StroyremAutomation/141//#testresult/96e49397178fc73a","status":"broken","statusDetails":"selenium.common.exceptions.NoSuchElementException: Message: no such element: Unable to locate element: {\"method\":\"xpath\",\"selector\":\"//input[@class='amount']\"}\n  (Session info: headless chrome=119.0.6045.105); For documentation on this error, please visit: https://www.selenium.dev/documentation/webdriver/troubleshooting/errors#no-such-element-exception\nStacktrace:\n#0 0x55c2745d35e3 <unknown>\n#1 0x55c2742960b7 <unknown>\n#2 0x55c2742e3f53 <unknown>\n#3 0x55c2742e4051 <unknown>\n#4 0x55c2743299c4 <unknown>\n#5 0x55c27430af1d <unknown>\n#6 0x55c274326b3d <unknown>\n#7 0x55c27430acc3 <unknown>\n#8 0x55c2742d60e4 <unknown>\n#9 0x55c2742d70ae <unknown>\n#10 0x55c274599ce1 <unknown>\n#11 0x55c27459db7e <unknown>\n#12 0x55c2745874b5 <unknown>\n#13 0x55c27459e7d6 <unknown>\n#14 0x55c27456adbf <unknown>\n#15 0x55c2745c1748 <unknown>\n#16 0x55c2745c1917 <unknown>\n#17 0x55c2745d2773 <unknown>\n#18 0x7f99c66f7044 <unknown>","time":{"start":1700010597261,"stop":1700010600701,"duration":3440}},{"uid":"deda2255e37de230","reportUrl":"https://zaelcovsky.github.io/StroyremAutomation/140//#testresult/deda2255e37de230","status":"broken","statusDetails":"selenium.common.exceptions.NoSuchElementException: Message: no such element: Unable to locate element: {\"method\":\"xpath\",\"selector\":\"//input[@class='amount']\"}\n  (Session info: headless chrome=119.0.6045.105); For documentation on this error, please visit: https://www.selenium.dev/documentation/webdriver/troubleshooting/errors#no-such-element-exception\nStacktrace:\n#0 0x56130e6d35e3 <unknown>\n#1 0x56130e3960b7 <unknown>\n#2 0x56130e3e3f53 <unknown>\n#3 0x56130e3e4051 <unknown>\n#4 0x56130e4299c4 <unknown>\n#5 0x56130e40af1d <unknown>\n#6 0x56130e426b3d <unknown>\n#7 0x56130e40acc3 <unknown>\n#8 0x56130e3d60e4 <unknown>\n#9 0x56130e3d70ae <unknown>\n#10 0x56130e699ce1 <unknown>\n#11 0x56130e69db7e <unknown>\n#12 0x56130e6874b5 <unknown>\n#13 0x56130e69e7d6 <unknown>\n#14 0x56130e66adbf <unknown>\n#15 0x56130e6c1748 <unknown>\n#16 0x56130e6c1917 <unknown>\n#17 0x56130e6d2773 <unknown>\n#18 0x7fb6fa497044 <unknown>","time":{"start":1699924207051,"stop":1699924211835,"duration":4784}},{"uid":"5f030b5f686fdb06","reportUrl":"https://zaelcovsky.github.io/StroyremAutomation/139//#testresult/5f030b5f686fdb06","status":"broken","statusDetails":"selenium.common.exceptions.NoSuchElementException: Message: no such element: Unable to locate element: {\"method\":\"xpath\",\"selector\":\"//input[@class='amount']\"}\n  (Session info: headless chrome=119.0.6045.105); For documentation on this error, please visit: https://www.selenium.dev/documentation/webdriver/troubleshooting/errors#no-such-element-exception\nStacktrace:\n#0 0x5611e237d5e3 <unknown>\n#1 0x5611e20400b7 <unknown>\n#2 0x5611e208df53 <unknown>\n#3 0x5611e208e051 <unknown>\n#4 0x5611e20d39c4 <unknown>\n#5 0x5611e20b4f1d <unknown>\n#6 0x5611e20d0b3d <unknown>\n#7 0x5611e20b4cc3 <unknown>\n#8 0x5611e20800e4 <unknown>\n#9 0x5611e20810ae <unknown>\n#10 0x5611e2343ce1 <unknown>\n#11 0x5611e2347b7e <unknown>\n#12 0x5611e23314b5 <unknown>\n#13 0x5611e23487d6 <unknown>\n#14 0x5611e2314dbf <unknown>\n#15 0x5611e236b748 <unknown>\n#16 0x5611e236b917 <unknown>\n#17 0x5611e237c773 <unknown>\n#18 0x7ff4b568c044 <unknown>","time":{"start":1699837879311,"stop":1699837883117,"duration":3806}},{"uid":"ab07ba5e9a61a4fc","reportUrl":"https://zaelcovsky.github.io/StroyremAutomation/138//#testresult/ab07ba5e9a61a4fc","status":"broken","statusDetails":"selenium.common.exceptions.NoSuchElementException: Message: no such element: Unable to locate element: {\"method\":\"xpath\",\"selector\":\"//input[@class='amount']\"}\n  (Session info: headless chrome=119.0.6045.105); For documentation on this error, please visit: https://www.selenium.dev/documentation/webdriver/troubleshooting/errors#no-such-element-exception\nStacktrace:\n#0 0x55af442195e3 <unknown>\n#1 0x55af43edc0b7 <unknown>\n#2 0x55af43f29f53 <unknown>\n#3 0x55af43f2a051 <unknown>\n#4 0x55af43f6f9c4 <unknown>\n#5 0x55af43f50f1d <unknown>\n#6 0x55af43f6cb3d <unknown>\n#7 0x55af43f50cc3 <unknown>\n#8 0x55af43f1c0e4 <unknown>\n#9 0x55af43f1d0ae <unknown>\n#10 0x55af441dfce1 <unknown>\n#11 0x55af441e3b7e <unknown>\n#12 0x55af441cd4b5 <unknown>\n#13 0x55af441e47d6 <unknown>\n#14 0x55af441b0dbf <unknown>\n#15 0x55af44207748 <unknown>\n#16 0x55af44207917 <unknown>\n#17 0x55af44218773 <unknown>\n#18 0x7f7af25c1044 <unknown>","time":{"start":1699751676577,"stop":1699751680639,"duration":4062}},{"uid":"ad0b367a92cffe45","reportUrl":"https://zaelcovsky.github.io/StroyremAutomation/137//#testresult/ad0b367a92cffe45","status":"broken","statusDetails":"selenium.common.exceptions.NoSuchElementException: Message: no such element: Unable to locate element: {\"method\":\"xpath\",\"selector\":\"//input[@class='amount']\"}\n  (Session info: headless chrome=119.0.6045.105); For documentation on this error, please visit: https://www.selenium.dev/documentation/webdriver/troubleshooting/errors#no-such-element-exception\nStacktrace:\n#0 0x55afa64f95e3 <unknown>\n#1 0x55afa61bc0b7 <unknown>\n#2 0x55afa6209f53 <unknown>\n#3 0x55afa620a051 <unknown>\n#4 0x55afa624f9c4 <unknown>\n#5 0x55afa6230f1d <unknown>\n#6 0x55afa624cb3d <unknown>\n#7 0x55afa6230cc3 <unknown>\n#8 0x55afa61fc0e4 <unknown>\n#9 0x55afa61fd0ae <unknown>\n#10 0x55afa64bfce1 <unknown>\n#11 0x55afa64c3b7e <unknown>\n#12 0x55afa64ad4b5 <unknown>\n#13 0x55afa64c47d6 <unknown>\n#14 0x55afa6490dbf <unknown>\n#15 0x55afa64e7748 <unknown>\n#16 0x55afa64e7917 <unknown>\n#17 0x55afa64f8773 <unknown>\n#18 0x7fbf3a186044 <unknown>","time":{"start":1699664861396,"stop":1699664865489,"duration":4093}},{"uid":"2c47c9e9985d3b43","reportUrl":"https://zaelcovsky.github.io/StroyremAutomation/136//#testresult/2c47c9e9985d3b43","status":"broken","statusDetails":"selenium.common.exceptions.NoSuchElementException: Message: no such element: Unable to locate element: {\"method\":\"xpath\",\"selector\":\"//input[@class='amount']\"}\n  (Session info: headless chrome=119.0.6045.105); For documentation on this error, please visit: https://www.selenium.dev/documentation/webdriver/troubleshooting/errors#no-such-element-exception\nStacktrace:\n#0 0x55f88b2dd5e3 <unknown>\n#1 0x55f88afa00b7 <unknown>\n#2 0x55f88afedf53 <unknown>\n#3 0x55f88afee051 <unknown>\n#4 0x55f88b0339c4 <unknown>\n#5 0x55f88b014f1d <unknown>\n#6 0x55f88b030b3d <unknown>\n#7 0x55f88b014cc3 <unknown>\n#8 0x55f88afe00e4 <unknown>\n#9 0x55f88afe10ae <unknown>\n#10 0x55f88b2a3ce1 <unknown>\n#11 0x55f88b2a7b7e <unknown>\n#12 0x55f88b2914b5 <unknown>\n#13 0x55f88b2a87d6 <unknown>\n#14 0x55f88b274dbf <unknown>\n#15 0x55f88b2cb748 <unknown>\n#16 0x55f88b2cb917 <unknown>\n#17 0x55f88b2dc773 <unknown>\n#18 0x7f7fd9a76044 <unknown>","time":{"start":1699578581756,"stop":1699578586323,"duration":4567}},{"uid":"8f4c7ba106f2986e","reportUrl":"https://zaelcovsky.github.io/StroyremAutomation/135//#testresult/8f4c7ba106f2986e","status":"broken","statusDetails":"selenium.common.exceptions.NoSuchElementException: Message: no such element: Unable to locate element: {\"method\":\"xpath\",\"selector\":\"//input[@class='amount']\"}\n  (Session info: headless chrome=119.0.6045.105); For documentation on this error, please visit: https://www.selenium.dev/documentation/webdriver/troubleshooting/errors#no-such-element-exception\nStacktrace:\n#0 0x562818e215e3 <unknown>\n#1 0x562818ae40b7 <unknown>\n#2 0x562818b31f53 <unknown>\n#3 0x562818b32051 <unknown>\n#4 0x562818b779c4 <unknown>\n#5 0x562818b58f1d <unknown>\n#6 0x562818b74b3d <unknown>\n#7 0x562818b58cc3 <unknown>\n#8 0x562818b240e4 <unknown>\n#9 0x562818b250ae <unknown>\n#10 0x562818de7ce1 <unknown>\n#11 0x562818debb7e <unknown>\n#12 0x562818dd54b5 <unknown>\n#13 0x562818dec7d6 <unknown>\n#14 0x562818db8dbf <unknown>\n#15 0x562818e0f748 <unknown>\n#16 0x562818e0f917 <unknown>\n#17 0x562818e20773 <unknown>\n#18 0x7f8be9cab044 <unknown>","time":{"start":1699492191728,"stop":1699492195524,"duration":3796}},{"uid":"135c2c62429e2749","reportUrl":"https://zaelcovsky.github.io/StroyremAutomation/134//#testresult/135c2c62429e2749","status":"broken","statusDetails":"selenium.common.exceptions.NoSuchElementException: Message: no such element: Unable to locate element: {\"method\":\"xpath\",\"selector\":\"//input[@class='amount']\"}\n  (Session info: headless chrome=119.0.6045.105); For documentation on this error, please visit: https://www.selenium.dev/documentation/webdriver/troubleshooting/errors#no-such-element-exception\nStacktrace:\n#0 0x563fd75465e3 <unknown>\n#1 0x563fd72090b7 <unknown>\n#2 0x563fd7256f53 <unknown>\n#3 0x563fd7257051 <unknown>\n#4 0x563fd729c9c4 <unknown>\n#5 0x563fd727df1d <unknown>\n#6 0x563fd7299b3d <unknown>\n#7 0x563fd727dcc3 <unknown>\n#8 0x563fd72490e4 <unknown>\n#9 0x563fd724a0ae <unknown>\n#10 0x563fd750cce1 <unknown>\n#11 0x563fd7510b7e <unknown>\n#12 0x563fd74fa4b5 <unknown>\n#13 0x563fd75117d6 <unknown>\n#14 0x563fd74dddbf <unknown>\n#15 0x563fd7534748 <unknown>\n#16 0x563fd7534917 <unknown>\n#17 0x563fd7545773 <unknown>\n#18 0x7fa6ff6c4044 <unknown>","time":{"start":1699405721459,"stop":1699405725297,"duration":3838}},{"uid":"f64c47ada774c9de","reportUrl":"https://zaelcovsky.github.io/StroyremAutomation/133//#testresult/f64c47ada774c9de","status":"broken","statusDetails":"selenium.common.exceptions.NoSuchElementException: Message: no such element: Unable to locate element: {\"method\":\"xpath\",\"selector\":\"//input[@class='amount']\"}\n  (Session info: headless chrome=119.0.6045.105); For documentation on this error, please visit: https://www.selenium.dev/documentation/webdriver/troubleshooting/errors#no-such-element-exception\nStacktrace:\n#0 0x5632e24ef5e3 <unknown>\n#1 0x5632e21b20b7 <unknown>\n#2 0x5632e21fff53 <unknown>\n#3 0x5632e2200051 <unknown>\n#4 0x5632e22459c4 <unknown>\n#5 0x5632e2226f1d <unknown>\n#6 0x5632e2242b3d <unknown>\n#7 0x5632e2226cc3 <unknown>\n#8 0x5632e21f20e4 <unknown>\n#9 0x5632e21f30ae <unknown>\n#10 0x5632e24b5ce1 <unknown>\n#11 0x5632e24b9b7e <unknown>\n#12 0x5632e24a34b5 <unknown>\n#13 0x5632e24ba7d6 <unknown>\n#14 0x5632e2486dbf <unknown>\n#15 0x5632e24dd748 <unknown>\n#16 0x5632e24dd917 <unknown>\n#17 0x5632e24ee773 <unknown>\n#18 0x7f6aaed5c044 <unknown>","time":{"start":1699319417652,"stop":1699319422239,"duration":4587}},{"uid":"d57085b840dd9db2","reportUrl":"https://zaelcovsky.github.io/StroyremAutomation/132//#testresult/d57085b840dd9db2","status":"broken","statusDetails":"selenium.common.exceptions.NoSuchElementException: Message: no such element: Unable to locate element: {\"method\":\"xpath\",\"selector\":\"//input[@class='amount']\"}\n  (Session info: headless chrome=119.0.6045.105); For documentation on this error, please visit: https://www.selenium.dev/documentation/webdriver/troubleshooting/errors#no-such-element-exception\nStacktrace:\n#0 0x55afe415e5e3 <unknown>\n#1 0x55afe3e210b7 <unknown>\n#2 0x55afe3e6ef53 <unknown>\n#3 0x55afe3e6f051 <unknown>\n#4 0x55afe3eb49c4 <unknown>\n#5 0x55afe3e95f1d <unknown>\n#6 0x55afe3eb1b3d <unknown>\n#7 0x55afe3e95cc3 <unknown>\n#8 0x55afe3e610e4 <unknown>\n#9 0x55afe3e620ae <unknown>\n#10 0x55afe4124ce1 <unknown>\n#11 0x55afe4128b7e <unknown>\n#12 0x55afe41124b5 <unknown>\n#13 0x55afe41297d6 <unknown>\n#14 0x55afe40f5dbf <unknown>\n#15 0x55afe414c748 <unknown>\n#16 0x55afe414c917 <unknown>\n#17 0x55afe415d773 <unknown>\n#18 0x7f7d95ac7044 <unknown>","time":{"start":1699233063968,"stop":1699233068101,"duration":4133}},{"uid":"e8c774856aa19b6d","reportUrl":"https://zaelcovsky.github.io/StroyremAutomation/131//#testresult/e8c774856aa19b6d","status":"broken","statusDetails":"selenium.common.exceptions.NoSuchElementException: Message: no such element: Unable to locate element: {\"method\":\"xpath\",\"selector\":\"//input[@class='amount']\"}\n  (Session info: headless chrome=119.0.6045.105); For documentation on this error, please visit: https://www.selenium.dev/documentation/webdriver/troubleshooting/errors#no-such-element-exception\nStacktrace:\n#0 0x55af7de235e3 <unknown>\n#1 0x55af7dae60b7 <unknown>\n#2 0x55af7db33f53 <unknown>\n#3 0x55af7db34051 <unknown>\n#4 0x55af7db799c4 <unknown>\n#5 0x55af7db5af1d <unknown>\n#6 0x55af7db76b3d <unknown>\n#7 0x55af7db5acc3 <unknown>\n#8 0x55af7db260e4 <unknown>\n#9 0x55af7db270ae <unknown>\n#10 0x55af7dde9ce1 <unknown>\n#11 0x55af7ddedb7e <unknown>\n#12 0x55af7ddd74b5 <unknown>\n#13 0x55af7ddee7d6 <unknown>\n#14 0x55af7ddbadbf <unknown>\n#15 0x55af7de11748 <unknown>\n#16 0x55af7de11917 <unknown>\n#17 0x55af7de22773 <unknown>\n#18 0x7fcc74358044 <unknown>","time":{"start":1699146804331,"stop":1699146810595,"duration":6264}},{"uid":"63d4789eb9133154","reportUrl":"https://zaelcovsky.github.io/StroyremAutomation/130//#testresult/63d4789eb9133154","status":"broken","statusDetails":"selenium.common.exceptions.NoSuchElementException: Message: no such element: Unable to locate element: {\"method\":\"xpath\",\"selector\":\"//input[@class='amount']\"}\n  (Session info: headless chrome=119.0.6045.105); For documentation on this error, please visit: https://www.selenium.dev/documentation/webdriver/troubleshooting/errors#no-such-element-exception\nStacktrace:\n#0 0x557edc1d85e3 <unknown>\n#1 0x557edbe9b0b7 <unknown>\n#2 0x557edbee8f53 <unknown>\n#3 0x557edbee9051 <unknown>\n#4 0x557edbf2e9c4 <unknown>\n#5 0x557edbf0ff1d <unknown>\n#6 0x557edbf2bb3d <unknown>\n#7 0x557edbf0fcc3 <unknown>\n#8 0x557edbedb0e4 <unknown>\n#9 0x557edbedc0ae <unknown>\n#10 0x557edc19ece1 <unknown>\n#11 0x557edc1a2b7e <unknown>\n#12 0x557edc18c4b5 <unknown>\n#13 0x557edc1a37d6 <unknown>\n#14 0x557edc16fdbf <unknown>\n#15 0x557edc1c6748 <unknown>\n#16 0x557edc1c6917 <unknown>\n#17 0x557edc1d7773 <unknown>\n#18 0x7fe586db9044 <unknown>","time":{"start":1699060111009,"stop":1699060115836,"duration":4827}},{"uid":"515d344c0c726d57","reportUrl":"https://zaelcovsky.github.io/StroyremAutomation/129//#testresult/515d344c0c726d57","status":"broken","statusDetails":"selenium.common.exceptions.NoSuchElementException: Message: no such element: Unable to locate element: {\"method\":\"xpath\",\"selector\":\"//input[@class='amount']\"}\n  (Session info: headless chrome=119.0.6045.105); For documentation on this error, please visit: https://www.selenium.dev/documentation/webdriver/troubleshooting/errors#no-such-element-exception\nStacktrace:\n#0 0x555e1d1f25e3 <unknown>\n#1 0x555e1ceb50b7 <unknown>\n#2 0x555e1cf02f53 <unknown>\n#3 0x555e1cf03051 <unknown>\n#4 0x555e1cf489c4 <unknown>\n#5 0x555e1cf29f1d <unknown>\n#6 0x555e1cf45b3d <unknown>\n#7 0x555e1cf29cc3 <unknown>\n#8 0x555e1cef50e4 <unknown>\n#9 0x555e1cef60ae <unknown>\n#10 0x555e1d1b8ce1 <unknown>\n#11 0x555e1d1bcb7e <unknown>\n#12 0x555e1d1a64b5 <unknown>\n#13 0x555e1d1bd7d6 <unknown>\n#14 0x555e1d189dbf <unknown>\n#15 0x555e1d1e0748 <unknown>\n#16 0x555e1d1e0917 <unknown>\n#17 0x555e1d1f1773 <unknown>\n#18 0x7fd84415d044 <unknown>","time":{"start":1698973695500,"stop":1698973700416,"duration":4916}},{"uid":"d63072eff250dc24","reportUrl":"https://zaelcovsky.github.io/StroyremAutomation/128//#testresult/d63072eff250dc24","status":"broken","statusDetails":"selenium.common.exceptions.NoSuchElementException: Message: no such element: Unable to locate element: {\"method\":\"xpath\",\"selector\":\"//input[@class='amount']\"}\n  (Session info: headless chrome=119.0.6045.105); For documentation on this error, please visit: https://www.selenium.dev/documentation/webdriver/troubleshooting/errors#no-such-element-exception\nStacktrace:\n#0 0x562ae4f835e3 <unknown>\n#1 0x562ae4c460b7 <unknown>\n#2 0x562ae4c93f53 <unknown>\n#3 0x562ae4c94051 <unknown>\n#4 0x562ae4cd99c4 <unknown>\n#5 0x562ae4cbaf1d <unknown>\n#6 0x562ae4cd6b3d <unknown>\n#7 0x562ae4cbacc3 <unknown>\n#8 0x562ae4c860e4 <unknown>\n#9 0x562ae4c870ae <unknown>\n#10 0x562ae4f49ce1 <unknown>\n#11 0x562ae4f4db7e <unknown>\n#12 0x562ae4f374b5 <unknown>\n#13 0x562ae4f4e7d6 <unknown>\n#14 0x562ae4f1adbf <unknown>\n#15 0x562ae4f71748 <unknown>\n#16 0x562ae4f71917 <unknown>\n#17 0x562ae4f82773 <unknown>\n#18 0x7fe2225bd044 <unknown>","time":{"start":1698887280264,"stop":1698887285193,"duration":4929}},{"uid":"ce1001c649fbae80","reportUrl":"https://zaelcovsky.github.io/StroyremAutomation/127//#testresult/ce1001c649fbae80","status":"broken","statusDetails":"selenium.common.exceptions.NoSuchElementException: Message: no such element: Unable to locate element: {\"method\":\"xpath\",\"selector\":\"//input[@class='amount']\"}\n  (Session info: headless chrome=119.0.6045.105); For documentation on this error, please visit: https://www.selenium.dev/documentation/webdriver/troubleshooting/errors#no-such-element-exception\nStacktrace:\n#0 0x55f6878fb5e3 <unknown>\n#1 0x55f6875be0b7 <unknown>\n#2 0x55f68760bf53 <unknown>\n#3 0x55f68760c051 <unknown>\n#4 0x55f6876519c4 <unknown>\n#5 0x55f687632f1d <unknown>\n#6 0x55f68764eb3d <unknown>\n#7 0x55f687632cc3 <unknown>\n#8 0x55f6875fe0e4 <unknown>\n#9 0x55f6875ff0ae <unknown>\n#10 0x55f6878c1ce1 <unknown>\n#11 0x55f6878c5b7e <unknown>\n#12 0x55f6878af4b5 <unknown>\n#13 0x55f6878c67d6 <unknown>\n#14 0x55f687892dbf <unknown>\n#15 0x55f6878e9748 <unknown>\n#16 0x55f6878e9917 <unknown>\n#17 0x55f6878fa773 <unknown>\n#18 0x7f064f568044 <unknown>","time":{"start":1698801163689,"stop":1698801168980,"duration":5291}},{"uid":"9bae37f255dc31aa","reportUrl":"https://zaelcovsky.github.io/StroyremAutomation/126//#testresult/9bae37f255dc31aa","status":"broken","statusDetails":"selenium.common.exceptions.NoSuchElementException: Message: no such element: Unable to locate element: {\"method\":\"xpath\",\"selector\":\"//input[@class='amount']\"}\n  (Session info: headless chrome=118.0.5993.70); For documentation on this error, please visit: https://www.selenium.dev/documentation/webdriver/troubleshooting/errors#no-such-element-exception\nStacktrace:\n#0 0x562f608d2fb3 <unknown>\n#1 0x562f605a64a7 <unknown>\n#2 0x562f605eddd6 <unknown>\n#3 0x562f605edec1 <unknown>\n#4 0x562f6062b354 <unknown>\n#5 0x562f6060f96d <unknown>\n#6 0x562f60628c02 <unknown>\n#7 0x562f6060f713 <unknown>\n#8 0x562f605e218b <unknown>\n#9 0x562f605e2f7e <unknown>\n#10 0x562f608988d8 <unknown>\n#11 0x562f6089c800 <unknown>\n#12 0x562f608a6cfc <unknown>\n#13 0x562f6089d418 <unknown>\n#14 0x562f6086a42f <unknown>\n#15 0x562f608c14e8 <unknown>\n#16 0x562f608c16b4 <unknown>\n#17 0x562f608d2143 <unknown>\n#18 0x7f9cab957044 <unknown>","time":{"start":1698714514568,"stop":1698714519492,"duration":4924}},{"uid":"849946572e3b3f8f","reportUrl":"https://zaelcovsky.github.io/StroyremAutomation/125//#testresult/849946572e3b3f8f","status":"broken","statusDetails":"selenium.common.exceptions.NoSuchElementException: Message: no such element: Unable to locate element: {\"method\":\"xpath\",\"selector\":\"//input[@class='amount']\"}\n  (Session info: headless chrome=118.0.5993.70); For documentation on this error, please visit: https://www.selenium.dev/documentation/webdriver/troubleshooting/errors#no-such-element-exception\nStacktrace:\n#0 0x55f340bc5fb3 <unknown>\n#1 0x55f3408994a7 <unknown>\n#2 0x55f3408e0dd6 <unknown>\n#3 0x55f3408e0ec1 <unknown>\n#4 0x55f34091e354 <unknown>\n#5 0x55f34090296d <unknown>\n#6 0x55f34091bc02 <unknown>\n#7 0x55f340902713 <unknown>\n#8 0x55f3408d518b <unknown>\n#9 0x55f3408d5f7e <unknown>\n#10 0x55f340b8b8d8 <unknown>\n#11 0x55f340b8f800 <unknown>\n#12 0x55f340b99cfc <unknown>\n#13 0x55f340b90418 <unknown>\n#14 0x55f340b5d42f <unknown>\n#15 0x55f340bb44e8 <unknown>\n#16 0x55f340bb46b4 <unknown>\n#17 0x55f340bc5143 <unknown>\n#18 0x7f3b2449d044 <unknown>","time":{"start":1698628084046,"stop":1698628088709,"duration":4663}},{"uid":"50b50c6bfa1b769f","reportUrl":"https://zaelcovsky.github.io/StroyremAutomation/124//#testresult/50b50c6bfa1b769f","status":"broken","statusDetails":"selenium.common.exceptions.NoSuchElementException: Message: no such element: Unable to locate element: {\"method\":\"xpath\",\"selector\":\"//input[@class='amount']\"}\n  (Session info: headless chrome=118.0.5993.70); For documentation on this error, please visit: https://www.selenium.dev/documentation/webdriver/troubleshooting/errors#no-such-element-exception\nStacktrace:\n#0 0x55f5695bbfb3 <unknown>\n#1 0x55f56928f4a7 <unknown>\n#2 0x55f5692d6dd6 <unknown>\n#3 0x55f5692d6ec1 <unknown>\n#4 0x55f569314354 <unknown>\n#5 0x55f5692f896d <unknown>\n#6 0x55f569311c02 <unknown>\n#7 0x55f5692f8713 <unknown>\n#8 0x55f5692cb18b <unknown>\n#9 0x55f5692cbf7e <unknown>\n#10 0x55f5695818d8 <unknown>\n#11 0x55f569585800 <unknown>\n#12 0x55f56958fcfc <unknown>\n#13 0x55f569586418 <unknown>\n#14 0x55f56955342f <unknown>\n#15 0x55f5695aa4e8 <unknown>\n#16 0x55f5695aa6b4 <unknown>\n#17 0x55f5695bb143 <unknown>\n#18 0x7ff3bf8e0044 <unknown>","time":{"start":1698541871617,"stop":1698541875576,"duration":3959}},{"uid":"402a997ac14c5a13","reportUrl":"https://zaelcovsky.github.io/StroyremAutomation/123//#testresult/402a997ac14c5a13","status":"broken","statusDetails":"selenium.common.exceptions.NoSuchElementException: Message: no such element: Unable to locate element: {\"method\":\"xpath\",\"selector\":\"//input[@class='amount']\"}\n  (Session info: headless chrome=118.0.5993.70); For documentation on this error, please visit: https://www.selenium.dev/documentation/webdriver/troubleshooting/errors#no-such-element-exception\nStacktrace:\n#0 0x55afe9031fb3 <unknown>\n#1 0x55afe8d054a7 <unknown>\n#2 0x55afe8d4cdd6 <unknown>\n#3 0x55afe8d4cec1 <unknown>\n#4 0x55afe8d8a354 <unknown>\n#5 0x55afe8d6e96d <unknown>\n#6 0x55afe8d87c02 <unknown>\n#7 0x55afe8d6e713 <unknown>\n#8 0x55afe8d4118b <unknown>\n#9 0x55afe8d41f7e <unknown>\n#10 0x55afe8ff78d8 <unknown>\n#11 0x55afe8ffb800 <unknown>\n#12 0x55afe9005cfc <unknown>\n#13 0x55afe8ffc418 <unknown>\n#14 0x55afe8fc942f <unknown>\n#15 0x55afe90204e8 <unknown>\n#16 0x55afe90206b4 <unknown>\n#17 0x55afe9031143 <unknown>\n#18 0x7f8c9c1e2044 <unknown>","time":{"start":1698455175769,"stop":1698455181579,"duration":5810}},{"uid":"d25da037a4ffe75f","reportUrl":"https://zaelcovsky.github.io/StroyremAutomation/122//#testresult/d25da037a4ffe75f","status":"broken","statusDetails":"selenium.common.exceptions.NoSuchElementException: Message: no such element: Unable to locate element: {\"method\":\"xpath\",\"selector\":\"//input[@class='amount']\"}\n  (Session info: headless chrome=118.0.5993.70); For documentation on this error, please visit: https://www.selenium.dev/documentation/webdriver/troubleshooting/errors#no-such-element-exception\nStacktrace:\n#0 0x5599e2f38fb3 <unknown>\n#1 0x5599e2c0c4a7 <unknown>\n#2 0x5599e2c53dd6 <unknown>\n#3 0x5599e2c53ec1 <unknown>\n#4 0x5599e2c91354 <unknown>\n#5 0x5599e2c7596d <unknown>\n#6 0x5599e2c8ec02 <unknown>\n#7 0x5599e2c75713 <unknown>\n#8 0x5599e2c4818b <unknown>\n#9 0x5599e2c48f7e <unknown>\n#10 0x5599e2efe8d8 <unknown>\n#11 0x5599e2f02800 <unknown>\n#12 0x5599e2f0ccfc <unknown>\n#13 0x5599e2f03418 <unknown>\n#14 0x5599e2ed042f <unknown>\n#15 0x5599e2f274e8 <unknown>\n#16 0x5599e2f276b4 <unknown>\n#17 0x5599e2f38143 <unknown>\n#18 0x7f89b5d05044 <unknown>","time":{"start":1698368810839,"stop":1698368815190,"duration":4351}}]},"tags":["smoke"]},"source":"1fcd57a0780d76d0.json","parameterValues":["2190","1","'TD 002'","1590","'products/shtukaturka-tsementnaya-bergauf-bau-putts-tsement-25kg-56sht'","400","'https://sandboxtest.stroyrem-nn.ru/'","30"]}