{"uid":"83f90ab208bba3c4","name":"test_positive_delivery_green_zone_smoke[TD 013-products/shtukaturka-gipsovaya-aksolit-m50-30-kg-mashinnogo-naneseniya-366-11000-4800-12450-13480-https://sandboxtest.stroyrem-nn.ru/]","fullName":"tests.delivery.test_delivery_calculation.TestDeliveryPageCalculation#test_positive_delivery_green_zone_smoke","historyId":"138a96f7f81216afdff8252a6c5795ca","time":{"start":1710983409400,"stop":1710983409952,"duration":552},"status":"skipped","statusMessage":"XFAIL Цена стандартной доставки 4450\n\nselenium.common.exceptions.NoSuchElementException: Message: no such element: Unable to locate element: {\"method\":\"xpath\",\"selector\":\"(//a[@class='add-to-cart yellow-btn'])[1]\"}\n  (Session info: chrome-headless-shell=123.0.6312.58); For documentation on this error, please visit: https://www.selenium.dev/documentation/webdriver/troubleshooting/errors#no-such-element-exception\nStacktrace:\n#0 0x562cf8551993 <unknown>\n#1 0x562cf824c136 <unknown>\n#2 0x562cf8296d48 <unknown>\n#3 0x562cf8296e01 <unknown>\n#4 0x562cf82d9e44 <unknown>\n#5 0x562cf82b8cfd <unknown>\n#6 0x562cf82d7319 <unknown>\n#7 0x562cf82b8a73 <unknown>\n#8 0x562cf8289c93 <unknown>\n#9 0x562cf828a65e <unknown>\n#10 0x562cf851608b <unknown>\n#11 0x562cf851a005 <unknown>\n#12 0x562cf8504491 <unknown>\n#13 0x562cf851ab92 <unknown>\n#14 0x562cf84e99ef <unknown>\n#15 0x562cf8540df8 <unknown>\n#16 0x562cf8540fcb <unknown>\n#17 0x562cf8550ae4 <unknown>\n#18 0x7ffa94de7134 <unknown>","statusTrace":"self = <tests.delivery.test_delivery_calculation.TestDeliveryPageCalculation object at 0x7f7b1fba5550>\ndriver = <selenium.webdriver.chrome.webdriver.WebDriver (session=\"26690566ff7bcdfb1ca9750567a0818b\")>\nurl = 'https://sandboxtest.stroyrem-nn.ru/', case_id = 'TD 013'\nlink_item = 'products/shtukaturka-gipsovaya-aksolit-m50-30-kg-mashinnogo-naneseniya'\namount = 366, weight = 11000, standard = 4800, in_time = 12450, all_time = 13480\n\n    @pytest.mark.parametrize('case_id, link_item, amount, weight, standard, in_time, all_time', [\n        (\"TD 001\", uroven_3000, 1, 30, 0, 1590, 2190),\n        (\"TD 002\", bundeks_25, 1, 30, 400, 1590, 2190),\n        (\"TD 003\", aksolit_30, 8, 300, 400, 1590, 2190),\n        (\"TD 004\", aksolit_30, 13, 400, 450, 1590, 2190),\n        (\"TD 005\", aksolit_30, 16, 500, 600, 1590, 2190),\n        (\"TD 006\", aksolit_30, 25, 1700, 990, 1990, 2480),\n        (\"TD 007\", aksolit_30, 66, 2000, 1300, 2490, 2980),\n        (\"TD 008\", aksolit_30, 149, 4500, 2300, 3980, 4490),\n        (\"TD 009\", aksolit_30, 166, 5000, 2500, 4990, 5480),\n        pytest.param(\n            \"TD 010\", aksolit_30, 206, 6200, 2900, 5570, 6120,\n            marks=pytest.mark.xfail(reson=\"Цена доставки 3600 7960 8980\")\n        ),\n        (\"TD 011\", aksolit_30, 299, 9000, 3600, 7960, 8980),\n        (\"TD 012\", aksolit_30, 333, 10000, 4450, 11990, 12500),\n        pytest.param(\n            \"TD 013\", aksolit_30, 366, 11000, 4800, 12450, 13480,\n            marks=pytest.mark.xfail(reason=\"Цена стандартной доставки 4450\")\n        ),\n        pytest.param(\n            \"TD 014\", aksolit_30, 666, 20000, 5400, 15600, 17490,\n            marks=pytest.mark.xfail(reason=\"Цена стандартной доставки 4450\")\n        )\n    ])\n    @pytest.mark.smoke\n    def test_positive_delivery_green_zone_smoke(\n            self, driver, url, case_id, link_item, amount, weight, standard, in_time, all_time\n    ):\n    \n        driver.get(f'{url}{link_item}')\n        item_page = ItemPage(driver)\n>       item_page.add_item_to_cart(amount).click_on_cart()\n\ntests/delivery/test_delivery_calculation.py:49: \n_ _ _ _ _ _ _ _ _ _ _ _ _ _ _ _ _ _ _ _ _ _ _ _ _ _ _ _ _ _ _ _ _ _ _ _ _ _ _ _ \npages/item_page.py:40: in add_item_to_cart\n    self.find_element(self._add_item).click()\nbase/seleniumbase.py:17: in find_element\n    return self.driver.find_element(*locator)\n/usr/local/lib/python3.11/site-packages/selenium/webdriver/remote/webdriver.py:740: in find_element\n    return self.execute(Command.FIND_ELEMENT, {\"using\": by, \"value\": value})[\"value\"]\n/usr/local/lib/python3.11/site-packages/selenium/webdriver/remote/webdriver.py:346: in execute\n    self.error_handler.check_response(response)\n_ _ _ _ _ _ _ _ _ _ _ _ _ _ _ _ _ _ _ _ _ _ _ _ _ _ _ _ _ _ _ _ _ _ _ _ _ _ _ _ \n\nself = <selenium.webdriver.remote.errorhandler.ErrorHandler object at 0x7f7b208666d0>\nresponse = {'status': 404, 'value': '{\"value\":{\"error\":\"no such element\",\"message\":\"no such element: Unable to locate element: {\\...\\\\n#16 0x562cf8540fcb \\\\u003Cunknown>\\\\n#17 0x562cf8550ae4 \\\\u003Cunknown>\\\\n#18 0x7ffa94de7134 \\\\u003Cunknown>\\\\n\"}}'}\n\n    def check_response(self, response: Dict[str, Any]) -> None:\n        \"\"\"Checks that a JSON response from the WebDriver does not have an\n        error.\n    \n        :Args:\n         - response - The JSON response from the WebDriver server as a dictionary\n           object.\n    \n        :Raises: If the response contains an error message.\n        \"\"\"\n        status = response.get(\"status\", None)\n        if not status or status == ErrorCode.SUCCESS:\n            return\n        value = None\n        message = response.get(\"message\", \"\")\n        screen: str = response.get(\"screen\", \"\")\n        stacktrace = None\n        if isinstance(status, int):\n            value_json = response.get(\"value\", None)\n            if value_json and isinstance(value_json, str):\n                import json\n    \n                try:\n                    value = json.loads(value_json)\n                    if len(value) == 1:\n                        value = value[\"value\"]\n                    status = value.get(\"error\", None)\n                    if not status:\n                        status = value.get(\"status\", ErrorCode.UNKNOWN_ERROR)\n                        message = value.get(\"value\") or value.get(\"message\")\n                        if not isinstance(message, str):\n                            value = message\n                            message = message.get(\"message\")\n                    else:\n                        message = value.get(\"message\", None)\n                except ValueError:\n                    pass\n    \n        exception_class: Type[WebDriverException]\n        if status in ErrorCode.NO_SUCH_ELEMENT:\n            exception_class = NoSuchElementException\n        elif status in ErrorCode.NO_SUCH_FRAME:\n            exception_class = NoSuchFrameException\n        elif status in ErrorCode.NO_SUCH_SHADOW_ROOT:\n            exception_class = NoSuchShadowRootException\n        elif status in ErrorCode.NO_SUCH_WINDOW:\n            exception_class = NoSuchWindowException\n        elif status in ErrorCode.STALE_ELEMENT_REFERENCE:\n            exception_class = StaleElementReferenceException\n        elif status in ErrorCode.ELEMENT_NOT_VISIBLE:\n            exception_class = ElementNotVisibleException\n        elif status in ErrorCode.INVALID_ELEMENT_STATE:\n            exception_class = InvalidElementStateException\n        elif (\n            status in ErrorCode.INVALID_SELECTOR\n            or status in ErrorCode.INVALID_XPATH_SELECTOR\n            or status in ErrorCode.INVALID_XPATH_SELECTOR_RETURN_TYPER\n        ):\n            exception_class = InvalidSelectorException\n        elif status in ErrorCode.ELEMENT_IS_NOT_SELECTABLE:\n            exception_class = ElementNotSelectableException\n        elif status in ErrorCode.ELEMENT_NOT_INTERACTABLE:\n            exception_class = ElementNotInteractableException\n        elif status in ErrorCode.INVALID_COOKIE_DOMAIN:\n            exception_class = InvalidCookieDomainException\n        elif status in ErrorCode.UNABLE_TO_SET_COOKIE:\n            exception_class = UnableToSetCookieException\n        elif status in ErrorCode.TIMEOUT:\n            exception_class = TimeoutException\n        elif status in ErrorCode.SCRIPT_TIMEOUT:\n            exception_class = TimeoutException\n        elif status in ErrorCode.UNKNOWN_ERROR:\n            exception_class = WebDriverException\n        elif status in ErrorCode.UNEXPECTED_ALERT_OPEN:\n            exception_class = UnexpectedAlertPresentException\n        elif status in ErrorCode.NO_ALERT_OPEN:\n            exception_class = NoAlertPresentException\n        elif status in ErrorCode.IME_NOT_AVAILABLE:\n            exception_class = ImeNotAvailableException\n        elif status in ErrorCode.IME_ENGINE_ACTIVATION_FAILED:\n            exception_class = ImeActivationFailedException\n        elif status in ErrorCode.MOVE_TARGET_OUT_OF_BOUNDS:\n            exception_class = MoveTargetOutOfBoundsException\n        elif status in ErrorCode.JAVASCRIPT_ERROR:\n            exception_class = JavascriptException\n        elif status in ErrorCode.SESSION_NOT_CREATED:\n            exception_class = SessionNotCreatedException\n        elif status in ErrorCode.INVALID_ARGUMENT:\n            exception_class = InvalidArgumentException\n        elif status in ErrorCode.NO_SUCH_COOKIE:\n            exception_class = NoSuchCookieException\n        elif status in ErrorCode.UNABLE_TO_CAPTURE_SCREEN:\n            exception_class = ScreenshotException\n        elif status in ErrorCode.ELEMENT_CLICK_INTERCEPTED:\n            exception_class = ElementClickInterceptedException\n        elif status in ErrorCode.INSECURE_CERTIFICATE:\n            exception_class = InsecureCertificateException\n        elif status in ErrorCode.INVALID_COORDINATES:\n            exception_class = InvalidCoordinatesException\n        elif status in ErrorCode.INVALID_SESSION_ID:\n            exception_class = InvalidSessionIdException\n        elif status in ErrorCode.UNKNOWN_METHOD:\n            exception_class = UnknownMethodException\n        else:\n            exception_class = WebDriverException\n        if not value:\n            value = response[\"value\"]\n        if isinstance(value, str):\n            raise exception_class(value)\n        if message == \"\" and \"message\" in value:\n            message = value[\"message\"]\n    \n        screen = None  # type: ignore[assignment]\n        if \"screen\" in value:\n            screen = value[\"screen\"]\n    \n        stacktrace = None\n        st_value = value.get(\"stackTrace\") or value.get(\"stacktrace\")\n        if st_value:\n            if isinstance(st_value, str):\n                stacktrace = st_value.split(\"\\n\")\n            else:\n                stacktrace = []\n                try:\n                    for frame in st_value:\n                        line = frame.get(\"lineNumber\", \"\")\n                        file = frame.get(\"fileName\", \"<anonymous>\")\n                        if line:\n                            file = f\"{file}:{line}\"\n                        meth = frame.get(\"methodName\", \"<anonymous>\")\n                        if \"className\" in frame:\n                            meth = f\"{frame['className']}.{meth}\"\n                        msg = \"    at %s (%s)\"\n                        msg = msg % (meth, file)\n                        stacktrace.append(msg)\n                except TypeError:\n                    pass\n        if exception_class == UnexpectedAlertPresentException:\n            alert_text = None\n            if \"data\" in value:\n                alert_text = value[\"data\"].get(\"text\")\n            elif \"alert\" in value:\n                alert_text = value[\"alert\"].get(\"text\")\n            raise exception_class(message, screen, stacktrace, alert_text)  # type: ignore[call-arg]  # mypy is not smart enough here\n>       raise exception_class(message, screen, stacktrace)\nE       selenium.common.exceptions.NoSuchElementException: Message: no such element: Unable to locate element: {\"method\":\"xpath\",\"selector\":\"(//a[@class='add-to-cart yellow-btn'])[1]\"}\nE         (Session info: chrome-headless-shell=123.0.6312.58); For documentation on this error, please visit: https://www.selenium.dev/documentation/webdriver/troubleshooting/errors#no-such-element-exception\nE       Stacktrace:\nE       #0 0x562cf8551993 <unknown>\nE       #1 0x562cf824c136 <unknown>\nE       #2 0x562cf8296d48 <unknown>\nE       #3 0x562cf8296e01 <unknown>\nE       #4 0x562cf82d9e44 <unknown>\nE       #5 0x562cf82b8cfd <unknown>\nE       #6 0x562cf82d7319 <unknown>\nE       #7 0x562cf82b8a73 <unknown>\nE       #8 0x562cf8289c93 <unknown>\nE       #9 0x562cf828a65e <unknown>\nE       #10 0x562cf851608b <unknown>\nE       #11 0x562cf851a005 <unknown>\nE       #12 0x562cf8504491 <unknown>\nE       #13 0x562cf851ab92 <unknown>\nE       #14 0x562cf84e99ef <unknown>\nE       #15 0x562cf8540df8 <unknown>\nE       #16 0x562cf8540fcb <unknown>\nE       #17 0x562cf8550ae4 <unknown>\nE       #18 0x7ffa94de7134 <unknown>\n\n/usr/local/lib/python3.11/site-packages/selenium/webdriver/remote/errorhandler.py:245: NoSuchElementException","flaky":false,"newFailed":false,"newBroken":false,"newPassed":false,"retriesCount":0,"retriesStatusChange":false,"beforeStages":[{"name":"_session_faker","time":{"start":1710982923664,"stop":1710982923733,"duration":69},"status":"passed","steps":[],"attachments":[],"parameters":[],"shouldDisplayMessage":false,"stepsCount":0,"attachmentsCount":0,"hasContent":false,"attachmentStep":false},{"name":"clear_allure_results_folder","time":{"start":1710982923733,"stop":1710982923733,"duration":0},"status":"passed","steps":[],"attachments":[],"parameters":[],"shouldDisplayMessage":false,"stepsCount":0,"attachmentsCount":0,"hasContent":false,"attachmentStep":false},{"name":"driver","time":{"start":1710983408662,"stop":1710983409399,"duration":737},"status":"passed","steps":[],"attachments":[],"parameters":[],"shouldDisplayMessage":false,"stepsCount":0,"attachmentsCount":0,"hasContent":false,"attachmentStep":false},{"name":"setup","time":{"start":1710983409399,"stop":1710983409399,"duration":0},"status":"passed","steps":[],"attachments":[],"parameters":[],"shouldDisplayMessage":false,"stepsCount":0,"attachmentsCount":0,"hasContent":false,"attachmentStep":false}],"testStage":{"status":"skipped","statusMessage":"XFAIL Цена стандартной доставки 4450\n\nselenium.common.exceptions.NoSuchElementException: Message: no such element: Unable to locate element: {\"method\":\"xpath\",\"selector\":\"(//a[@class='add-to-cart yellow-btn'])[1]\"}\n  (Session info: chrome-headless-shell=123.0.6312.58); For documentation on this error, please visit: https://www.selenium.dev/documentation/webdriver/troubleshooting/errors#no-such-element-exception\nStacktrace:\n#0 0x562cf8551993 <unknown>\n#1 0x562cf824c136 <unknown>\n#2 0x562cf8296d48 <unknown>\n#3 0x562cf8296e01 <unknown>\n#4 0x562cf82d9e44 <unknown>\n#5 0x562cf82b8cfd <unknown>\n#6 0x562cf82d7319 <unknown>\n#7 0x562cf82b8a73 <unknown>\n#8 0x562cf8289c93 <unknown>\n#9 0x562cf828a65e <unknown>\n#10 0x562cf851608b <unknown>\n#11 0x562cf851a005 <unknown>\n#12 0x562cf8504491 <unknown>\n#13 0x562cf851ab92 <unknown>\n#14 0x562cf84e99ef <unknown>\n#15 0x562cf8540df8 <unknown>\n#16 0x562cf8540fcb <unknown>\n#17 0x562cf8550ae4 <unknown>\n#18 0x7ffa94de7134 <unknown>","statusTrace":"self = <tests.delivery.test_delivery_calculation.TestDeliveryPageCalculation object at 0x7f7b1fba5550>\ndriver = <selenium.webdriver.chrome.webdriver.WebDriver (session=\"26690566ff7bcdfb1ca9750567a0818b\")>\nurl = 'https://sandboxtest.stroyrem-nn.ru/', case_id = 'TD 013'\nlink_item = 'products/shtukaturka-gipsovaya-aksolit-m50-30-kg-mashinnogo-naneseniya'\namount = 366, weight = 11000, standard = 4800, in_time = 12450, all_time = 13480\n\n    @pytest.mark.parametrize('case_id, link_item, amount, weight, standard, in_time, all_time', [\n        (\"TD 001\", uroven_3000, 1, 30, 0, 1590, 2190),\n        (\"TD 002\", bundeks_25, 1, 30, 400, 1590, 2190),\n        (\"TD 003\", aksolit_30, 8, 300, 400, 1590, 2190),\n        (\"TD 004\", aksolit_30, 13, 400, 450, 1590, 2190),\n        (\"TD 005\", aksolit_30, 16, 500, 600, 1590, 2190),\n        (\"TD 006\", aksolit_30, 25, 1700, 990, 1990, 2480),\n        (\"TD 007\", aksolit_30, 66, 2000, 1300, 2490, 2980),\n        (\"TD 008\", aksolit_30, 149, 4500, 2300, 3980, 4490),\n        (\"TD 009\", aksolit_30, 166, 5000, 2500, 4990, 5480),\n        pytest.param(\n            \"TD 010\", aksolit_30, 206, 6200, 2900, 5570, 6120,\n            marks=pytest.mark.xfail(reson=\"Цена доставки 3600 7960 8980\")\n        ),\n        (\"TD 011\", aksolit_30, 299, 9000, 3600, 7960, 8980),\n        (\"TD 012\", aksolit_30, 333, 10000, 4450, 11990, 12500),\n        pytest.param(\n            \"TD 013\", aksolit_30, 366, 11000, 4800, 12450, 13480,\n            marks=pytest.mark.xfail(reason=\"Цена стандартной доставки 4450\")\n        ),\n        pytest.param(\n            \"TD 014\", aksolit_30, 666, 20000, 5400, 15600, 17490,\n            marks=pytest.mark.xfail(reason=\"Цена стандартной доставки 4450\")\n        )\n    ])\n    @pytest.mark.smoke\n    def test_positive_delivery_green_zone_smoke(\n            self, driver, url, case_id, link_item, amount, weight, standard, in_time, all_time\n    ):\n    \n        driver.get(f'{url}{link_item}')\n        item_page = ItemPage(driver)\n>       item_page.add_item_to_cart(amount).click_on_cart()\n\ntests/delivery/test_delivery_calculation.py:49: \n_ _ _ _ _ _ _ _ _ _ _ _ _ _ _ _ _ _ _ _ _ _ _ _ _ _ _ _ _ _ _ _ _ _ _ _ _ _ _ _ \npages/item_page.py:40: in add_item_to_cart\n    self.find_element(self._add_item).click()\nbase/seleniumbase.py:17: in find_element\n    return self.driver.find_element(*locator)\n/usr/local/lib/python3.11/site-packages/selenium/webdriver/remote/webdriver.py:740: in find_element\n    return self.execute(Command.FIND_ELEMENT, {\"using\": by, \"value\": value})[\"value\"]\n/usr/local/lib/python3.11/site-packages/selenium/webdriver/remote/webdriver.py:346: in execute\n    self.error_handler.check_response(response)\n_ _ _ _ _ _ _ _ _ _ _ _ _ _ _ _ _ _ _ _ _ _ _ _ _ _ _ _ _ _ _ _ _ _ _ _ _ _ _ _ \n\nself = <selenium.webdriver.remote.errorhandler.ErrorHandler object at 0x7f7b208666d0>\nresponse = {'status': 404, 'value': '{\"value\":{\"error\":\"no such element\",\"message\":\"no such element: Unable to locate element: {\\...\\\\n#16 0x562cf8540fcb \\\\u003Cunknown>\\\\n#17 0x562cf8550ae4 \\\\u003Cunknown>\\\\n#18 0x7ffa94de7134 \\\\u003Cunknown>\\\\n\"}}'}\n\n    def check_response(self, response: Dict[str, Any]) -> None:\n        \"\"\"Checks that a JSON response from the WebDriver does not have an\n        error.\n    \n        :Args:\n         - response - The JSON response from the WebDriver server as a dictionary\n           object.\n    \n        :Raises: If the response contains an error message.\n        \"\"\"\n        status = response.get(\"status\", None)\n        if not status or status == ErrorCode.SUCCESS:\n            return\n        value = None\n        message = response.get(\"message\", \"\")\n        screen: str = response.get(\"screen\", \"\")\n        stacktrace = None\n        if isinstance(status, int):\n            value_json = response.get(\"value\", None)\n            if value_json and isinstance(value_json, str):\n                import json\n    \n                try:\n                    value = json.loads(value_json)\n                    if len(value) == 1:\n                        value = value[\"value\"]\n                    status = value.get(\"error\", None)\n                    if not status:\n                        status = value.get(\"status\", ErrorCode.UNKNOWN_ERROR)\n                        message = value.get(\"value\") or value.get(\"message\")\n                        if not isinstance(message, str):\n                            value = message\n                            message = message.get(\"message\")\n                    else:\n                        message = value.get(\"message\", None)\n                except ValueError:\n                    pass\n    \n        exception_class: Type[WebDriverException]\n        if status in ErrorCode.NO_SUCH_ELEMENT:\n            exception_class = NoSuchElementException\n        elif status in ErrorCode.NO_SUCH_FRAME:\n            exception_class = NoSuchFrameException\n        elif status in ErrorCode.NO_SUCH_SHADOW_ROOT:\n            exception_class = NoSuchShadowRootException\n        elif status in ErrorCode.NO_SUCH_WINDOW:\n            exception_class = NoSuchWindowException\n        elif status in ErrorCode.STALE_ELEMENT_REFERENCE:\n            exception_class = StaleElementReferenceException\n        elif status in ErrorCode.ELEMENT_NOT_VISIBLE:\n            exception_class = ElementNotVisibleException\n        elif status in ErrorCode.INVALID_ELEMENT_STATE:\n            exception_class = InvalidElementStateException\n        elif (\n            status in ErrorCode.INVALID_SELECTOR\n            or status in ErrorCode.INVALID_XPATH_SELECTOR\n            or status in ErrorCode.INVALID_XPATH_SELECTOR_RETURN_TYPER\n        ):\n            exception_class = InvalidSelectorException\n        elif status in ErrorCode.ELEMENT_IS_NOT_SELECTABLE:\n            exception_class = ElementNotSelectableException\n        elif status in ErrorCode.ELEMENT_NOT_INTERACTABLE:\n            exception_class = ElementNotInteractableException\n        elif status in ErrorCode.INVALID_COOKIE_DOMAIN:\n            exception_class = InvalidCookieDomainException\n        elif status in ErrorCode.UNABLE_TO_SET_COOKIE:\n            exception_class = UnableToSetCookieException\n        elif status in ErrorCode.TIMEOUT:\n            exception_class = TimeoutException\n        elif status in ErrorCode.SCRIPT_TIMEOUT:\n            exception_class = TimeoutException\n        elif status in ErrorCode.UNKNOWN_ERROR:\n            exception_class = WebDriverException\n        elif status in ErrorCode.UNEXPECTED_ALERT_OPEN:\n            exception_class = UnexpectedAlertPresentException\n        elif status in ErrorCode.NO_ALERT_OPEN:\n            exception_class = NoAlertPresentException\n        elif status in ErrorCode.IME_NOT_AVAILABLE:\n            exception_class = ImeNotAvailableException\n        elif status in ErrorCode.IME_ENGINE_ACTIVATION_FAILED:\n            exception_class = ImeActivationFailedException\n        elif status in ErrorCode.MOVE_TARGET_OUT_OF_BOUNDS:\n            exception_class = MoveTargetOutOfBoundsException\n        elif status in ErrorCode.JAVASCRIPT_ERROR:\n            exception_class = JavascriptException\n        elif status in ErrorCode.SESSION_NOT_CREATED:\n            exception_class = SessionNotCreatedException\n        elif status in ErrorCode.INVALID_ARGUMENT:\n            exception_class = InvalidArgumentException\n        elif status in ErrorCode.NO_SUCH_COOKIE:\n            exception_class = NoSuchCookieException\n        elif status in ErrorCode.UNABLE_TO_CAPTURE_SCREEN:\n            exception_class = ScreenshotException\n        elif status in ErrorCode.ELEMENT_CLICK_INTERCEPTED:\n            exception_class = ElementClickInterceptedException\n        elif status in ErrorCode.INSECURE_CERTIFICATE:\n            exception_class = InsecureCertificateException\n        elif status in ErrorCode.INVALID_COORDINATES:\n            exception_class = InvalidCoordinatesException\n        elif status in ErrorCode.INVALID_SESSION_ID:\n            exception_class = InvalidSessionIdException\n        elif status in ErrorCode.UNKNOWN_METHOD:\n            exception_class = UnknownMethodException\n        else:\n            exception_class = WebDriverException\n        if not value:\n            value = response[\"value\"]\n        if isinstance(value, str):\n            raise exception_class(value)\n        if message == \"\" and \"message\" in value:\n            message = value[\"message\"]\n    \n        screen = None  # type: ignore[assignment]\n        if \"screen\" in value:\n            screen = value[\"screen\"]\n    \n        stacktrace = None\n        st_value = value.get(\"stackTrace\") or value.get(\"stacktrace\")\n        if st_value:\n            if isinstance(st_value, str):\n                stacktrace = st_value.split(\"\\n\")\n            else:\n                stacktrace = []\n                try:\n                    for frame in st_value:\n                        line = frame.get(\"lineNumber\", \"\")\n                        file = frame.get(\"fileName\", \"<anonymous>\")\n                        if line:\n                            file = f\"{file}:{line}\"\n                        meth = frame.get(\"methodName\", \"<anonymous>\")\n                        if \"className\" in frame:\n                            meth = f\"{frame['className']}.{meth}\"\n                        msg = \"    at %s (%s)\"\n                        msg = msg % (meth, file)\n                        stacktrace.append(msg)\n                except TypeError:\n                    pass\n        if exception_class == UnexpectedAlertPresentException:\n            alert_text = None\n            if \"data\" in value:\n                alert_text = value[\"data\"].get(\"text\")\n            elif \"alert\" in value:\n                alert_text = value[\"alert\"].get(\"text\")\n            raise exception_class(message, screen, stacktrace, alert_text)  # type: ignore[call-arg]  # mypy is not smart enough here\n>       raise exception_class(message, screen, stacktrace)\nE       selenium.common.exceptions.NoSuchElementException: Message: no such element: Unable to locate element: {\"method\":\"xpath\",\"selector\":\"(//a[@class='add-to-cart yellow-btn'])[1]\"}\nE         (Session info: chrome-headless-shell=123.0.6312.58); For documentation on this error, please visit: https://www.selenium.dev/documentation/webdriver/troubleshooting/errors#no-such-element-exception\nE       Stacktrace:\nE       #0 0x562cf8551993 <unknown>\nE       #1 0x562cf824c136 <unknown>\nE       #2 0x562cf8296d48 <unknown>\nE       #3 0x562cf8296e01 <unknown>\nE       #4 0x562cf82d9e44 <unknown>\nE       #5 0x562cf82b8cfd <unknown>\nE       #6 0x562cf82d7319 <unknown>\nE       #7 0x562cf82b8a73 <unknown>\nE       #8 0x562cf8289c93 <unknown>\nE       #9 0x562cf828a65e <unknown>\nE       #10 0x562cf851608b <unknown>\nE       #11 0x562cf851a005 <unknown>\nE       #12 0x562cf8504491 <unknown>\nE       #13 0x562cf851ab92 <unknown>\nE       #14 0x562cf84e99ef <unknown>\nE       #15 0x562cf8540df8 <unknown>\nE       #16 0x562cf8540fcb <unknown>\nE       #17 0x562cf8550ae4 <unknown>\nE       #18 0x7ffa94de7134 <unknown>\n\n/usr/local/lib/python3.11/site-packages/selenium/webdriver/remote/errorhandler.py:245: NoSuchElementException","steps":[{"name":"Добавляем товар в корзину в количестве 366","time":{"start":1710983409939,"stop":1710983409951,"duration":12},"status":"broken","statusMessage":"selenium.common.exceptions.NoSuchElementException: Message: no such element: Unable to locate element: {\"method\":\"xpath\",\"selector\":\"(//a[@class='add-to-cart yellow-btn'])[1]\"}\n  (Session info: chrome-headless-shell=123.0.6312.58); For documentation on this error, please visit: https://www.selenium.dev/documentation/webdriver/troubleshooting/errors#no-such-element-exception\nStacktrace:\n#0 0x562cf8551993 <unknown>\n#1 0x562cf824c136 <unknown>\n#2 0x562cf8296d48 <unknown>\n#3 0x562cf8296e01 <unknown>\n#4 0x562cf82d9e44 <unknown>\n#5 0x562cf82b8cfd <unknown>\n#6 0x562cf82d7319 <unknown>\n#7 0x562cf82b8a73 <unknown>\n#8 0x562cf8289c93 <unknown>\n#9 0x562cf828a65e <unknown>\n#10 0x562cf851608b <unknown>\n#11 0x562cf851a005 <unknown>\n#12 0x562cf8504491 <unknown>\n#13 0x562cf851ab92 <unknown>\n#14 0x562cf84e99ef <unknown>\n#15 0x562cf8540df8 <unknown>\n#16 0x562cf8540fcb <unknown>\n#17 0x562cf8550ae4 <unknown>\n#18 0x7ffa94de7134 <unknown>\n\n","statusTrace":"  File \"/usr/local/lib/python3.11/site-packages/allure_commons/_allure.py\", line 192, in impl\n    return func(*a, **kw)\n           ^^^^^^^^^^^^^^\n  File \"/app/pages/item_page.py\", line 40, in add_item_to_cart\n    self.find_element(self._add_item).click()\n    ^^^^^^^^^^^^^^^^^^^^^^^^^^^^^^^^^\n  File \"/app/base/seleniumbase.py\", line 17, in find_element\n    return self.driver.find_element(*locator)\n           ^^^^^^^^^^^^^^^^^^^^^^^^^^^^^^^^^^\n  File \"/usr/local/lib/python3.11/site-packages/selenium/webdriver/remote/webdriver.py\", line 740, in find_element\n    return self.execute(Command.FIND_ELEMENT, {\"using\": by, \"value\": value})[\"value\"]\n           ^^^^^^^^^^^^^^^^^^^^^^^^^^^^^^^^^^^^^^^^^^^^^^^^^^^^^^^^^^^^^^^^^\n  File \"/usr/local/lib/python3.11/site-packages/selenium/webdriver/remote/webdriver.py\", line 346, in execute\n    self.error_handler.check_response(response)\n  File \"/usr/local/lib/python3.11/site-packages/selenium/webdriver/remote/errorhandler.py\", line 245, in check_response\n    raise exception_class(message, screen, stacktrace)\n","steps":[],"attachments":[],"parameters":[{"name":"amount","value":"366"}],"shouldDisplayMessage":true,"stepsCount":0,"attachmentsCount":0,"hasContent":true,"attachmentStep":false}],"attachments":[{"uid":"fcc09a117a9c0d5","name":"Screenshot","source":"fcc09a117a9c0d5.png","type":"image/png","size":5862},{"uid":"23c723bec52ddaac","name":"HTML source","source":"23c723bec52ddaac.html","type":"text/html","size":39}],"parameters":[],"shouldDisplayMessage":true,"stepsCount":1,"attachmentsCount":2,"hasContent":true,"attachmentStep":false},"afterStages":[{"name":"driver::0","time":{"start":1710983410059,"stop":1710983410115,"duration":56},"status":"passed","steps":[],"attachments":[],"parameters":[],"shouldDisplayMessage":false,"stepsCount":0,"attachmentsCount":0,"hasContent":false,"attachmentStep":false},{"name":"setup::0","time":{"start":1710983410059,"stop":1710983410059,"duration":0},"status":"passed","steps":[],"attachments":[],"parameters":[],"shouldDisplayMessage":false,"stepsCount":0,"attachmentsCount":0,"hasContent":false,"attachmentStep":false}],"labels":[{"name":"epic","value":"Delivery Page - calculation"},{"name":"tag","value":"smoke"},{"name":"tag","value":"@pytest.mark.xfail(reason='Цена стандартной доставки 4450')"},{"name":"parentSuite","value":"tests.delivery"},{"name":"suite","value":"test_delivery_calculation"},{"name":"subSuite","value":"TestDeliveryPageCalculation"},{"name":"host","value":"974f969bfb14"},{"name":"thread","value":"1-MainThread"},{"name":"framework","value":"pytest"},{"name":"language","value":"cpython3"},{"name":"package","value":"tests.delivery.test_delivery_calculation"},{"name":"resultFormat","value":"allure2"}],"parameters":[{"name":"all_time","value":"13480"},{"name":"amount","value":"366"},{"name":"case_id","value":"'TD 013'"},{"name":"in_time","value":"12450"},{"name":"link_item","value":"'products/shtukaturka-gipsovaya-aksolit-m50-30-kg-mashinnogo-naneseniya'"},{"name":"standard","value":"4800"},{"name":"url","value":"'https://sandboxtest.stroyrem-nn.ru/'"},{"name":"weight","value":"11000"}],"links":[],"hidden":false,"retry":false,"extra":{"severity":"normal","retries":[],"categories":[],"history":{"statistic":{"failed":0,"broken":0,"skipped":204,"passed":0,"unknown":0,"total":204},"items":[{"uid":"e119652db92419ff","reportUrl":"https://zaelcovsky.github.io/StroyremAutomation/267//#testresult/e119652db92419ff","status":"skipped","statusDetails":"XFAIL Цена стандартной доставки 4450\n\nselenium.common.exceptions.NoSuchElementException: Message: no such element: Unable to locate element: {\"method\":\"xpath\",\"selector\":\"(//a[@class='add-to-cart yellow-btn'])[1]\"}\n  (Session info: chrome-headless-shell=123.0.6312.58); For documentation on this error, please visit: https://www.selenium.dev/documentation/webdriver/troubleshooting/errors#no-such-element-exception\nStacktrace:\n#0 0x5b341b632993 <unknown>\n#1 0x5b341b32d136 <unknown>\n#2 0x5b341b377d48 <unknown>\n#3 0x5b341b377e01 <unknown>\n#4 0x5b341b3bae44 <unknown>\n#5 0x5b341b399cfd <unknown>\n#6 0x5b341b3b8319 <unknown>\n#7 0x5b341b399a73 <unknown>\n#8 0x5b341b36ac93 <unknown>\n#9 0x5b341b36b65e <unknown>\n#10 0x5b341b5f708b <unknown>\n#11 0x5b341b5fb005 <unknown>\n#12 0x5b341b5e5491 <unknown>\n#13 0x5b341b5fbb92 <unknown>\n#14 0x5b341b5ca9ef <unknown>\n#15 0x5b341b621df8 <unknown>\n#16 0x5b341b621fcb <unknown>\n#17 0x5b341b631ae4 <unknown>\n#18 0x76779097c134 <unknown>","time":{"start":1710896915769,"stop":1710896916155,"duration":386}},{"uid":"516dae365dc9694e","reportUrl":"https://zaelcovsky.github.io/StroyremAutomation/266//#testresult/516dae365dc9694e","status":"skipped","statusDetails":"XFAIL Цена стандартной доставки 4450\n\nselenium.common.exceptions.NoSuchElementException: Message: no such element: Unable to locate element: {\"method\":\"xpath\",\"selector\":\"(//a[@class='add-to-cart yellow-btn'])[1]\"}\n  (Session info: chrome-headless-shell=122.0.6261.128); For documentation on this error, please visit: https://www.selenium.dev/documentation/webdriver/troubleshooting/errors#no-such-element-exception\nStacktrace:\n#0 0x5a6a59513f33 <unknown>\n#1 0x5a6a5920bce6 <unknown>\n#2 0x5a6a59256e48 <unknown>\n#3 0x5a6a59256f01 <unknown>\n#4 0x5a6a5929a3f4 <unknown>\n#5 0x5a6a59278edd <unknown>\n#6 0x5a6a59297899 <unknown>\n#7 0x5a6a59278c53 <unknown>\n#8 0x5a6a59249db3 <unknown>\n#9 0x5a6a5924a77e <unknown>\n#10 0x5a6a594d986b <unknown>\n#11 0x5a6a594dd885 <unknown>\n#12 0x5a6a594c7181 <unknown>\n#13 0x5a6a594de412 <unknown>\n#14 0x5a6a594ab25f <unknown>\n#15 0x5a6a59502528 <unknown>\n#16 0x5a6a59502723 <unknown>\n#17 0x5a6a595130e4 <unknown>\n#18 0x71b008ca1134 <unknown>","time":{"start":1710810459435,"stop":1710810459730,"duration":295}},{"uid":"a022867640789c2b","reportUrl":"https://zaelcovsky.github.io/StroyremAutomation/265//#testresult/a022867640789c2b","status":"skipped","statusDetails":"XFAIL Цена стандартной доставки 4450\n\nselenium.common.exceptions.NoSuchElementException: Message: no such element: Unable to locate element: {\"method\":\"xpath\",\"selector\":\"(//a[@class='add-to-cart yellow-btn'])[1]\"}\n  (Session info: chrome-headless-shell=122.0.6261.128); For documentation on this error, please visit: https://www.selenium.dev/documentation/webdriver/troubleshooting/errors#no-such-element-exception\nStacktrace:\n#0 0x61cd1eecff33 <unknown>\n#1 0x61cd1ebc7ce6 <unknown>\n#2 0x61cd1ec12e48 <unknown>\n#3 0x61cd1ec12f01 <unknown>\n#4 0x61cd1ec563f4 <unknown>\n#5 0x61cd1ec34edd <unknown>\n#6 0x61cd1ec53899 <unknown>\n#7 0x61cd1ec34c53 <unknown>\n#8 0x61cd1ec05db3 <unknown>\n#9 0x61cd1ec0677e <unknown>\n#10 0x61cd1ee9586b <unknown>\n#11 0x61cd1ee99885 <unknown>\n#12 0x61cd1ee83181 <unknown>\n#13 0x61cd1ee9a412 <unknown>\n#14 0x61cd1ee6725f <unknown>\n#15 0x61cd1eebe528 <unknown>\n#16 0x61cd1eebe723 <unknown>\n#17 0x61cd1eecf0e4 <unknown>\n#18 0x7bd72b844134 <unknown>","time":{"start":1710724184801,"stop":1710724185194,"duration":393}},{"uid":"161870636eb2e8e6","reportUrl":"https://zaelcovsky.github.io/StroyremAutomation/264//#testresult/161870636eb2e8e6","status":"skipped","statusDetails":"XFAIL Цена стандартной доставки 4450\n\nselenium.common.exceptions.NoSuchElementException: Message: no such element: Unable to locate element: {\"method\":\"xpath\",\"selector\":\"(//a[@class='add-to-cart yellow-btn'])[1]\"}\n  (Session info: chrome-headless-shell=122.0.6261.128); For documentation on this error, please visit: https://www.selenium.dev/documentation/webdriver/troubleshooting/errors#no-such-element-exception\nStacktrace:\n#0 0x5a21b097ff33 <unknown>\n#1 0x5a21b0677ce6 <unknown>\n#2 0x5a21b06c2e48 <unknown>\n#3 0x5a21b06c2f01 <unknown>\n#4 0x5a21b07063f4 <unknown>\n#5 0x5a21b06e4edd <unknown>\n#6 0x5a21b0703899 <unknown>\n#7 0x5a21b06e4c53 <unknown>\n#8 0x5a21b06b5db3 <unknown>\n#9 0x5a21b06b677e <unknown>\n#10 0x5a21b094586b <unknown>\n#11 0x5a21b0949885 <unknown>\n#12 0x5a21b0933181 <unknown>\n#13 0x5a21b094a412 <unknown>\n#14 0x5a21b091725f <unknown>\n#15 0x5a21b096e528 <unknown>\n#16 0x5a21b096e723 <unknown>\n#17 0x5a21b097f0e4 <unknown>\n#18 0x7ebf136b9134 <unknown>","time":{"start":1710637966691,"stop":1710637967107,"duration":416}},{"uid":"d30e60e9367e67e4","reportUrl":"https://zaelcovsky.github.io/StroyremAutomation/263//#testresult/d30e60e9367e67e4","status":"skipped","statusDetails":"XFAIL Цена стандартной доставки 4450\n\nselenium.common.exceptions.NoSuchElementException: Message: no such element: Unable to locate element: {\"method\":\"xpath\",\"selector\":\"(//a[@class='add-to-cart yellow-btn'])[1]\"}\n  (Session info: chrome-headless-shell=122.0.6261.128); For documentation on this error, please visit: https://www.selenium.dev/documentation/webdriver/troubleshooting/errors#no-such-element-exception\nStacktrace:\n#0 0x58d27ddc4f33 <unknown>\n#1 0x58d27dabcce6 <unknown>\n#2 0x58d27db07e48 <unknown>\n#3 0x58d27db07f01 <unknown>\n#4 0x58d27db4b3f4 <unknown>\n#5 0x58d27db29edd <unknown>\n#6 0x58d27db48899 <unknown>\n#7 0x58d27db29c53 <unknown>\n#8 0x58d27dafadb3 <unknown>\n#9 0x58d27dafb77e <unknown>\n#10 0x58d27dd8a86b <unknown>\n#11 0x58d27dd8e885 <unknown>\n#12 0x58d27dd78181 <unknown>\n#13 0x58d27dd8f412 <unknown>\n#14 0x58d27dd5c25f <unknown>\n#15 0x58d27ddb3528 <unknown>\n#16 0x58d27ddb3723 <unknown>\n#17 0x58d27ddc40e4 <unknown>\n#18 0x768b41b64134 <unknown>","time":{"start":1710551187309,"stop":1710551187608,"duration":299}},{"uid":"51d0de54d9abdb68","reportUrl":"https://zaelcovsky.github.io/StroyremAutomation/262//#testresult/51d0de54d9abdb68","status":"skipped","statusDetails":"XFAIL Цена стандартной доставки 4450\n\nselenium.common.exceptions.NoSuchElementException: Message: no such element: Unable to locate element: {\"method\":\"xpath\",\"selector\":\"(//a[@class='add-to-cart yellow-btn'])[1]\"}\n  (Session info: chrome-headless-shell=122.0.6261.128); For documentation on this error, please visit: https://www.selenium.dev/documentation/webdriver/troubleshooting/errors#no-such-element-exception\nStacktrace:\n#0 0x5f5c772c5f33 <unknown>\n#1 0x5f5c76fbdce6 <unknown>\n#2 0x5f5c77008e48 <unknown>\n#3 0x5f5c77008f01 <unknown>\n#4 0x5f5c7704c3f4 <unknown>\n#5 0x5f5c7702aedd <unknown>\n#6 0x5f5c77049899 <unknown>\n#7 0x5f5c7702ac53 <unknown>\n#8 0x5f5c76ffbdb3 <unknown>\n#9 0x5f5c76ffc77e <unknown>\n#10 0x5f5c7728b86b <unknown>\n#11 0x5f5c7728f885 <unknown>\n#12 0x5f5c77279181 <unknown>\n#13 0x5f5c77290412 <unknown>\n#14 0x5f5c7725d25f <unknown>\n#15 0x5f5c772b4528 <unknown>\n#16 0x5f5c772b4723 <unknown>\n#17 0x5f5c772c50e4 <unknown>\n#18 0x71dc21fa6134 <unknown>","time":{"start":1710464984487,"stop":1710464984886,"duration":399}},{"uid":"a0b9c4dc36f00de8","reportUrl":"https://zaelcovsky.github.io/StroyremAutomation/261//#testresult/a0b9c4dc36f00de8","status":"skipped","statusDetails":"XFAIL Цена стандартной доставки 4450\n\nselenium.common.exceptions.NoSuchElementException: Message: no such element: Unable to locate element: {\"method\":\"xpath\",\"selector\":\"(//a[@class='add-to-cart yellow-btn'])[1]\"}\n  (Session info: chrome-headless-shell=122.0.6261.128); For documentation on this error, please visit: https://www.selenium.dev/documentation/webdriver/troubleshooting/errors#no-such-element-exception\nStacktrace:\n#0 0x56dc66627f33 <unknown>\n#1 0x56dc6631fce6 <unknown>\n#2 0x56dc6636ae48 <unknown>\n#3 0x56dc6636af01 <unknown>\n#4 0x56dc663ae3f4 <unknown>\n#5 0x56dc6638cedd <unknown>\n#6 0x56dc663ab899 <unknown>\n#7 0x56dc6638cc53 <unknown>\n#8 0x56dc6635ddb3 <unknown>\n#9 0x56dc6635e77e <unknown>\n#10 0x56dc665ed86b <unknown>\n#11 0x56dc665f1885 <unknown>\n#12 0x56dc665db181 <unknown>\n#13 0x56dc665f2412 <unknown>\n#14 0x56dc665bf25f <unknown>\n#15 0x56dc66616528 <unknown>\n#16 0x56dc66616723 <unknown>\n#17 0x56dc666270e4 <unknown>\n#18 0x78823b58f134 <unknown>","time":{"start":1710378521870,"stop":1710378522283,"duration":413}},{"uid":"25bd876a34604512","reportUrl":"https://zaelcovsky.github.io/StroyremAutomation/260//#testresult/25bd876a34604512","status":"skipped","statusDetails":"XFAIL Цена стандартной доставки 4450\n\nselenium.common.exceptions.NoSuchElementException: Message: no such element: Unable to locate element: {\"method\":\"xpath\",\"selector\":\"(//a[@class='add-to-cart yellow-btn'])[1]\"}\n  (Session info: chrome-headless-shell=122.0.6261.128); For documentation on this error, please visit: https://www.selenium.dev/documentation/webdriver/troubleshooting/errors#no-such-element-exception\nStacktrace:\n#0 0x5617c5d0af33 <unknown>\n#1 0x5617c5a02ce6 <unknown>\n#2 0x5617c5a4de48 <unknown>\n#3 0x5617c5a4df01 <unknown>\n#4 0x5617c5a913f4 <unknown>\n#5 0x5617c5a6fedd <unknown>\n#6 0x5617c5a8e899 <unknown>\n#7 0x5617c5a6fc53 <unknown>\n#8 0x5617c5a40db3 <unknown>\n#9 0x5617c5a4177e <unknown>\n#10 0x5617c5cd086b <unknown>\n#11 0x5617c5cd4885 <unknown>\n#12 0x5617c5cbe181 <unknown>\n#13 0x5617c5cd5412 <unknown>\n#14 0x5617c5ca225f <unknown>\n#15 0x5617c5cf9528 <unknown>\n#16 0x5617c5cf9723 <unknown>\n#17 0x5617c5d0a0e4 <unknown>\n#18 0x7f5e6babb134 <unknown>","time":{"start":1710292259790,"stop":1710292260198,"duration":408}},{"uid":"26d177e0ef10de76","reportUrl":"https://zaelcovsky.github.io/StroyremAutomation/259//#testresult/26d177e0ef10de76","status":"skipped","statusDetails":"XFAIL Цена стандартной доставки 4450\n\nselenium.common.exceptions.NoSuchElementException: Message: no such element: Unable to locate element: {\"method\":\"xpath\",\"selector\":\"(//a[@class='add-to-cart yellow-btn'])[1]\"}\n  (Session info: chrome-headless-shell=122.0.6261.111); For documentation on this error, please visit: https://www.selenium.dev/documentation/webdriver/troubleshooting/errors#no-such-element-exception\nStacktrace:\n#0 0x5707413b3ec3 <unknown>\n#1 0x5707410abce6 <unknown>\n#2 0x5707410f6e48 <unknown>\n#3 0x5707410f6f01 <unknown>\n#4 0x57074113a3f4 <unknown>\n#5 0x570741118edd <unknown>\n#6 0x570741137899 <unknown>\n#7 0x570741118c53 <unknown>\n#8 0x5707410e9db3 <unknown>\n#9 0x5707410ea77e <unknown>\n#10 0x5707413797fb <unknown>\n#11 0x57074137d815 <unknown>\n#12 0x570741367111 <unknown>\n#13 0x57074137e3a2 <unknown>\n#14 0x57074134b1ef <unknown>\n#15 0x5707413a24b8 <unknown>\n#16 0x5707413a26b3 <unknown>\n#17 0x5707413b3074 <unknown>\n#18 0x7497c15cb134 <unknown>","time":{"start":1710205631803,"stop":1710205632139,"duration":336}},{"uid":"46bb53f1cc29c7b1","reportUrl":"https://zaelcovsky.github.io/StroyremAutomation/258//#testresult/46bb53f1cc29c7b1","status":"skipped","statusDetails":"XFAIL Цена стандартной доставки 4450\n\nselenium.common.exceptions.NoSuchElementException: Message: no such element: Unable to locate element: {\"method\":\"xpath\",\"selector\":\"(//a[@class='add-to-cart yellow-btn'])[1]\"}\n  (Session info: chrome-headless-shell=122.0.6261.111); For documentation on this error, please visit: https://www.selenium.dev/documentation/webdriver/troubleshooting/errors#no-such-element-exception\nStacktrace:\n#0 0x5564833b4ec3 <unknown>\n#1 0x5564830acce6 <unknown>\n#2 0x5564830f7e48 <unknown>\n#3 0x5564830f7f01 <unknown>\n#4 0x55648313b3f4 <unknown>\n#5 0x556483119edd <unknown>\n#6 0x556483138899 <unknown>\n#7 0x556483119c53 <unknown>\n#8 0x5564830eadb3 <unknown>\n#9 0x5564830eb77e <unknown>\n#10 0x55648337a7fb <unknown>\n#11 0x55648337e815 <unknown>\n#12 0x556483368111 <unknown>\n#13 0x55648337f3a2 <unknown>\n#14 0x55648334c1ef <unknown>\n#15 0x5564833a34b8 <unknown>\n#16 0x5564833a36b3 <unknown>\n#17 0x5564833b4074 <unknown>\n#18 0x7f4cfe61e134 <unknown>","time":{"start":1710119306667,"stop":1710119307081,"duration":414}},{"uid":"a9540c66f03eb3d2","reportUrl":"https://zaelcovsky.github.io/StroyremAutomation/257//#testresult/a9540c66f03eb3d2","status":"skipped","statusDetails":"XFAIL Цена стандартной доставки 4450\n\nselenium.common.exceptions.NoSuchElementException: Message: no such element: Unable to locate element: {\"method\":\"xpath\",\"selector\":\"(//a[@class='add-to-cart yellow-btn'])[1]\"}\n  (Session info: chrome-headless-shell=122.0.6261.111); For documentation on this error, please visit: https://www.selenium.dev/documentation/webdriver/troubleshooting/errors#no-such-element-exception\nStacktrace:\n#0 0x55fe4b92aec3 <unknown>\n#1 0x55fe4b622ce6 <unknown>\n#2 0x55fe4b66de48 <unknown>\n#3 0x55fe4b66df01 <unknown>\n#4 0x55fe4b6b13f4 <unknown>\n#5 0x55fe4b68fedd <unknown>\n#6 0x55fe4b6ae899 <unknown>\n#7 0x55fe4b68fc53 <unknown>\n#8 0x55fe4b660db3 <unknown>\n#9 0x55fe4b66177e <unknown>\n#10 0x55fe4b8f07fb <unknown>\n#11 0x55fe4b8f4815 <unknown>\n#12 0x55fe4b8de111 <unknown>\n#13 0x55fe4b8f53a2 <unknown>\n#14 0x55fe4b8c21ef <unknown>\n#15 0x55fe4b9194b8 <unknown>\n#16 0x55fe4b9196b3 <unknown>\n#17 0x55fe4b92a074 <unknown>\n#18 0x7f8203d6a134 <unknown>","time":{"start":1710033147655,"stop":1710033148043,"duration":388}},{"uid":"e3bf07848e0e4e73","reportUrl":"https://zaelcovsky.github.io/StroyremAutomation/256//#testresult/e3bf07848e0e4e73","status":"skipped","statusDetails":"XFAIL Цена стандартной доставки 4450\n\nselenium.common.exceptions.NoSuchElementException: Message: no such element: Unable to locate element: {\"method\":\"xpath\",\"selector\":\"(//a[@class='add-to-cart yellow-btn'])[1]\"}\n  (Session info: chrome-headless-shell=122.0.6261.111); For documentation on this error, please visit: https://www.selenium.dev/documentation/webdriver/troubleshooting/errors#no-such-element-exception\nStacktrace:\n#0 0x55c0517f0ec3 <unknown>\n#1 0x55c0514e8ce6 <unknown>\n#2 0x55c051533e48 <unknown>\n#3 0x55c051533f01 <unknown>\n#4 0x55c0515773f4 <unknown>\n#5 0x55c051555edd <unknown>\n#6 0x55c051574899 <unknown>\n#7 0x55c051555c53 <unknown>\n#8 0x55c051526db3 <unknown>\n#9 0x55c05152777e <unknown>\n#10 0x55c0517b67fb <unknown>\n#11 0x55c0517ba815 <unknown>\n#12 0x55c0517a4111 <unknown>\n#13 0x55c0517bb3a2 <unknown>\n#14 0x55c0517881ef <unknown>\n#15 0x55c0517df4b8 <unknown>\n#16 0x55c0517df6b3 <unknown>\n#17 0x55c0517f0074 <unknown>\n#18 0x7f04cabc1134 <unknown>","time":{"start":1709946397591,"stop":1709946398014,"duration":423}},{"uid":"9f2f86fb6b39c85e","reportUrl":"https://zaelcovsky.github.io/StroyremAutomation/255//#testresult/9f2f86fb6b39c85e","status":"skipped","statusDetails":"XFAIL Цена стандартной доставки 4450\n\nselenium.common.exceptions.NoSuchElementException: Message: no such element: Unable to locate element: {\"method\":\"xpath\",\"selector\":\"(//a[@class='add-to-cart yellow-btn'])[1]\"}\n  (Session info: chrome-headless-shell=122.0.6261.111); For documentation on this error, please visit: https://www.selenium.dev/documentation/webdriver/troubleshooting/errors#no-such-element-exception\nStacktrace:\n#0 0x56521b082ec3 <unknown>\n#1 0x56521ad7ace6 <unknown>\n#2 0x56521adc5e48 <unknown>\n#3 0x56521adc5f01 <unknown>\n#4 0x56521ae093f4 <unknown>\n#5 0x56521ade7edd <unknown>\n#6 0x56521ae06899 <unknown>\n#7 0x56521ade7c53 <unknown>\n#8 0x56521adb8db3 <unknown>\n#9 0x56521adb977e <unknown>\n#10 0x56521b0487fb <unknown>\n#11 0x56521b04c815 <unknown>\n#12 0x56521b036111 <unknown>\n#13 0x56521b04d3a2 <unknown>\n#14 0x56521b01a1ef <unknown>\n#15 0x56521b0714b8 <unknown>\n#16 0x56521b0716b3 <unknown>\n#17 0x56521b082074 <unknown>\n#18 0x7f26cac32134 <unknown>","time":{"start":1709860034214,"stop":1709860034654,"duration":440}},{"uid":"29ec1d61d0bf4921","reportUrl":"https://zaelcovsky.github.io/StroyremAutomation/254//#testresult/29ec1d61d0bf4921","status":"skipped","statusDetails":"XFAIL Цена стандартной доставки 4450\n\nselenium.common.exceptions.NoSuchElementException: Message: no such element: Unable to locate element: {\"method\":\"xpath\",\"selector\":\"(//a[@class='add-to-cart yellow-btn'])[1]\"}\n  (Session info: chrome-headless-shell=122.0.6261.94); For documentation on this error, please visit: https://www.selenium.dev/documentation/webdriver/troubleshooting/errors#no-such-element-exception\nStacktrace:\n#0 0x5632740e5e93 <unknown>\n#1 0x563273dddce6 <unknown>\n#2 0x563273e28e48 <unknown>\n#3 0x563273e28f01 <unknown>\n#4 0x563273e6c3f4 <unknown>\n#5 0x563273e4aedd <unknown>\n#6 0x563273e69899 <unknown>\n#7 0x563273e4ac53 <unknown>\n#8 0x563273e1bdb3 <unknown>\n#9 0x563273e1c77e <unknown>\n#10 0x5632740ab7cb <unknown>\n#11 0x5632740af7e5 <unknown>\n#12 0x5632740990e1 <unknown>\n#13 0x5632740b0372 <unknown>\n#14 0x56327407d1bf <unknown>\n#15 0x5632740d4488 <unknown>\n#16 0x5632740d4683 <unknown>\n#17 0x5632740e5044 <unknown>\n#18 0x7fdfc23f3134 <unknown>","time":{"start":1709773136365,"stop":1709773136777,"duration":412}},{"uid":"e6f16ba2bfecdc00","reportUrl":"https://zaelcovsky.github.io/StroyremAutomation/253//#testresult/e6f16ba2bfecdc00","status":"skipped","statusDetails":"XFAIL Цена стандартной доставки 4450\n\nselenium.common.exceptions.NoSuchElementException: Message: no such element: Unable to locate element: {\"method\":\"xpath\",\"selector\":\"(//a[@class='add-to-cart yellow-btn'])[1]\"}\n  (Session info: chrome-headless-shell=122.0.6261.94); For documentation on this error, please visit: https://www.selenium.dev/documentation/webdriver/troubleshooting/errors#no-such-element-exception\nStacktrace:\n#0 0x55f304ec7e93 <unknown>\n#1 0x55f304bbfce6 <unknown>\n#2 0x55f304c0ae48 <unknown>\n#3 0x55f304c0af01 <unknown>\n#4 0x55f304c4e3f4 <unknown>\n#5 0x55f304c2cedd <unknown>\n#6 0x55f304c4b899 <unknown>\n#7 0x55f304c2cc53 <unknown>\n#8 0x55f304bfddb3 <unknown>\n#9 0x55f304bfe77e <unknown>\n#10 0x55f304e8d7cb <unknown>\n#11 0x55f304e917e5 <unknown>\n#12 0x55f304e7b0e1 <unknown>\n#13 0x55f304e92372 <unknown>\n#14 0x55f304e5f1bf <unknown>\n#15 0x55f304eb6488 <unknown>\n#16 0x55f304eb6683 <unknown>\n#17 0x55f304ec7044 <unknown>\n#18 0x7f2951f59134 <unknown>","time":{"start":1709687241268,"stop":1709687241803,"duration":535}},{"uid":"ed4e97cd82263c29","reportUrl":"https://zaelcovsky.github.io/StroyremAutomation/252//#testresult/ed4e97cd82263c29","status":"skipped","statusDetails":"XFAIL Цена стандартной доставки 4450\n\nselenium.common.exceptions.NoSuchElementException: Message: no such element: Unable to locate element: {\"method\":\"xpath\",\"selector\":\"(//a[@class='add-to-cart yellow-btn'])[1]\"}\n  (Session info: chrome-headless-shell=122.0.6261.94); For documentation on this error, please visit: https://www.selenium.dev/documentation/webdriver/troubleshooting/errors#no-such-element-exception\nStacktrace:\n#0 0x564c11200e93 <unknown>\n#1 0x564c10ef8ce6 <unknown>\n#2 0x564c10f43e48 <unknown>\n#3 0x564c10f43f01 <unknown>\n#4 0x564c10f873f4 <unknown>\n#5 0x564c10f65edd <unknown>\n#6 0x564c10f84899 <unknown>\n#7 0x564c10f65c53 <unknown>\n#8 0x564c10f36db3 <unknown>\n#9 0x564c10f3777e <unknown>\n#10 0x564c111c67cb <unknown>\n#11 0x564c111ca7e5 <unknown>\n#12 0x564c111b40e1 <unknown>\n#13 0x564c111cb372 <unknown>\n#14 0x564c111981bf <unknown>\n#15 0x564c111ef488 <unknown>\n#16 0x564c111ef683 <unknown>\n#17 0x564c11200044 <unknown>\n#18 0x7fe46f812134 <unknown>","time":{"start":1709600822921,"stop":1709600823226,"duration":305}},{"uid":"10a17c5b167834fd","reportUrl":"https://zaelcovsky.github.io/StroyremAutomation/251//#testresult/10a17c5b167834fd","status":"skipped","statusDetails":"XFAIL Цена стандартной доставки 4450\n\nselenium.common.exceptions.NoSuchElementException: Message: no such element: Unable to locate element: {\"method\":\"xpath\",\"selector\":\"(//a[@class='add-to-cart yellow-btn'])[1]\"}\n  (Session info: chrome-headless-shell=122.0.6261.94); For documentation on this error, please visit: https://www.selenium.dev/documentation/webdriver/troubleshooting/errors#no-such-element-exception\nStacktrace:\n#0 0x55850a1dde93 <unknown>\n#1 0x558509ed5ce6 <unknown>\n#2 0x558509f20e48 <unknown>\n#3 0x558509f20f01 <unknown>\n#4 0x558509f643f4 <unknown>\n#5 0x558509f42edd <unknown>\n#6 0x558509f61899 <unknown>\n#7 0x558509f42c53 <unknown>\n#8 0x558509f13db3 <unknown>\n#9 0x558509f1477e <unknown>\n#10 0x55850a1a37cb <unknown>\n#11 0x55850a1a77e5 <unknown>\n#12 0x55850a1910e1 <unknown>\n#13 0x55850a1a8372 <unknown>\n#14 0x55850a1751bf <unknown>\n#15 0x55850a1cc488 <unknown>\n#16 0x55850a1cc683 <unknown>\n#17 0x55850a1dd044 <unknown>\n#18 0x7f7d6e468134 <unknown>","time":{"start":1709514478183,"stop":1709514478603,"duration":420}},{"uid":"254539dc8d7abd50","reportUrl":"https://zaelcovsky.github.io/StroyremAutomation/250//#testresult/254539dc8d7abd50","status":"skipped","statusDetails":"XFAIL Цена стандартной доставки 4450\n\nselenium.common.exceptions.NoSuchElementException: Message: no such element: Unable to locate element: {\"method\":\"xpath\",\"selector\":\"(//a[@class='add-to-cart yellow-btn'])[1]\"}\n  (Session info: chrome-headless-shell=122.0.6261.94); For documentation on this error, please visit: https://www.selenium.dev/documentation/webdriver/troubleshooting/errors#no-such-element-exception\nStacktrace:\n#0 0x563c761a2e93 <unknown>\n#1 0x563c75e9ace6 <unknown>\n#2 0x563c75ee5e48 <unknown>\n#3 0x563c75ee5f01 <unknown>\n#4 0x563c75f293f4 <unknown>\n#5 0x563c75f07edd <unknown>\n#6 0x563c75f26899 <unknown>\n#7 0x563c75f07c53 <unknown>\n#8 0x563c75ed8db3 <unknown>\n#9 0x563c75ed977e <unknown>\n#10 0x563c761687cb <unknown>\n#11 0x563c7616c7e5 <unknown>\n#12 0x563c761560e1 <unknown>\n#13 0x563c7616d372 <unknown>\n#14 0x563c7613a1bf <unknown>\n#15 0x563c76191488 <unknown>\n#16 0x563c76191683 <unknown>\n#17 0x563c761a2044 <unknown>\n#18 0x7f0ac3e43134 <unknown>","time":{"start":1709428295075,"stop":1709428295477,"duration":402}},{"uid":"31a9ff869e1887fb","reportUrl":"https://zaelcovsky.github.io/StroyremAutomation/249//#testresult/31a9ff869e1887fb","status":"skipped","statusDetails":"XFAIL Цена стандартной доставки 4450\n\nselenium.common.exceptions.NoSuchElementException: Message: no such element: Unable to locate element: {\"method\":\"xpath\",\"selector\":\"(//a[@class='add-to-cart yellow-btn'])[1]\"}\n  (Session info: chrome-headless-shell=122.0.6261.94); For documentation on this error, please visit: https://www.selenium.dev/documentation/webdriver/troubleshooting/errors#no-such-element-exception\nStacktrace:\n#0 0x5644d5a26e93 <unknown>\n#1 0x5644d571ece6 <unknown>\n#2 0x5644d5769e48 <unknown>\n#3 0x5644d5769f01 <unknown>\n#4 0x5644d57ad3f4 <unknown>\n#5 0x5644d578bedd <unknown>\n#6 0x5644d57aa899 <unknown>\n#7 0x5644d578bc53 <unknown>\n#8 0x5644d575cdb3 <unknown>\n#9 0x5644d575d77e <unknown>\n#10 0x5644d59ec7cb <unknown>\n#11 0x5644d59f07e5 <unknown>\n#12 0x5644d59da0e1 <unknown>\n#13 0x5644d59f1372 <unknown>\n#14 0x5644d59be1bf <unknown>\n#15 0x5644d5a15488 <unknown>\n#16 0x5644d5a15683 <unknown>\n#17 0x5644d5a26044 <unknown>\n#18 0x7fc5150a1134 <unknown>","time":{"start":1709341641131,"stop":1709341641570,"duration":439}},{"uid":"d09d26ffdd0c645c","reportUrl":"https://zaelcovsky.github.io/StroyremAutomation/248//#testresult/d09d26ffdd0c645c","status":"skipped","statusDetails":"XFAIL Цена стандартной доставки 4450\n\nselenium.common.exceptions.NoSuchElementException: Message: no such element: Unable to locate element: {\"method\":\"xpath\",\"selector\":\"(//a[@class='add-to-cart yellow-btn'])[1]\"}\n  (Session info: chrome-headless-shell=122.0.6261.94); For documentation on this error, please visit: https://www.selenium.dev/documentation/webdriver/troubleshooting/errors#no-such-element-exception\nStacktrace:\n#0 0x560354ec6e93 <unknown>\n#1 0x560354bbece6 <unknown>\n#2 0x560354c09e48 <unknown>\n#3 0x560354c09f01 <unknown>\n#4 0x560354c4d3f4 <unknown>\n#5 0x560354c2bedd <unknown>\n#6 0x560354c4a899 <unknown>\n#7 0x560354c2bc53 <unknown>\n#8 0x560354bfcdb3 <unknown>\n#9 0x560354bfd77e <unknown>\n#10 0x560354e8c7cb <unknown>\n#11 0x560354e907e5 <unknown>\n#12 0x560354e7a0e1 <unknown>\n#13 0x560354e91372 <unknown>\n#14 0x560354e5e1bf <unknown>\n#15 0x560354eb5488 <unknown>\n#16 0x560354eb5683 <unknown>\n#17 0x560354ec6044 <unknown>\n#18 0x7f66b5661134 <unknown>","time":{"start":1709255568962,"stop":1709255569271,"duration":309}}]},"tags":["smoke","@pytest.mark.xfail(reason='Цена стандартной доставки 4450')"]},"source":"83f90ab208bba3c4.json","parameterValues":["13480","366","'TD 013'","12450","'products/shtukaturka-gipsovaya-aksolit-m50-30-kg-mashinnogo-naneseniya'","4800","'https://sandboxtest.stroyrem-nn.ru/'","11000"]}