{"uid":"8e485479207cdaff","name":"TC 007 - Проверка функциональности ссылки 'Строительные советы'","fullName":"tests.test_main_page.TestMainPage#test_positive_footer_building_advices_smoke","historyId":"e1043e7d837394f182066b4573261622","time":{"start":1704676068973,"stop":1704676068987,"duration":14},"status":"broken","statusMessage":"selenium.common.exceptions.NoSuchElementException: Message: no such element: Unable to locate element: {\"method\":\"xpath\",\"selector\":\"(//a[@href='/articles'])[3]\"}\n  (Session info: chrome-headless-shell=120.0.6099.109); For documentation on this error, please visit: https://www.selenium.dev/documentation/webdriver/troubleshooting/errors#no-such-element-exception\nStacktrace:\n#0 0x559fb4fd3f83 <unknown>\n#1 0x559fb4c8ccf7 <unknown>\n#2 0x559fb4cdc99e <unknown>\n#3 0x559fb4cdcaa1 <unknown>\n#4 0x559fb4d27d64 <unknown>\n#5 0x559fb4d060dd <unknown>\n#6 0x559fb4d25006 <unknown>\n#7 0x559fb4d05e53 <unknown>\n#8 0x559fb4ccddd4 <unknown>\n#9 0x559fb4ccf1de <unknown>\n#10 0x559fb4f98531 <unknown>\n#11 0x559fb4f9c455 <unknown>\n#12 0x559fb4f84f55 <unknown>\n#13 0x559fb4f9d0ef <unknown>\n#14 0x559fb4f6899f <unknown>\n#15 0x559fb4fc1008 <unknown>\n#16 0x559fb4fc11d7 <unknown>\n#17 0x559fb4fd3124 <unknown>\n#18 0x7fa26894e044 <unknown>","statusTrace":"self = <tests.test_main_page.TestMainPage object at 0x7f69210c9750>\nmain_page = <pages.main_page.MainPage object at 0x7f6920a3ee10>\n\n    @allure.feature(\"Footer functionality\")\n    @allure.title(\"TC 007 - Проверка функциональности ссылки 'Строительные советы'\")\n    @pytest.mark.smoke_test\n    def test_positive_footer_building_advices_smoke(self, main_page):\n        articles_page = ArticlesPage(main_page.driver)\n>       main_page.check_building_tips_link()\n\ntests/test_main_page.py:75: \n_ _ _ _ _ _ _ _ _ _ _ _ _ _ _ _ _ _ _ _ _ _ _ _ _ _ _ _ _ _ _ _ _ _ _ _ _ _ _ _ \npages/main_page.py:110: in check_building_tips_link\n    self.driver.find_element(*self._building_advices_link).click()\n/usr/local/lib/python3.11/site-packages/selenium/webdriver/remote/webdriver.py:740: in find_element\n    return self.execute(Command.FIND_ELEMENT, {\"using\": by, \"value\": value})[\"value\"]\n/usr/local/lib/python3.11/site-packages/selenium/webdriver/remote/webdriver.py:346: in execute\n    self.error_handler.check_response(response)\n_ _ _ _ _ _ _ _ _ _ _ _ _ _ _ _ _ _ _ _ _ _ _ _ _ _ _ _ _ _ _ _ _ _ _ _ _ _ _ _ \n\nself = <selenium.webdriver.remote.errorhandler.ErrorHandler object at 0x7f692173d390>\nresponse = {'status': 404, 'value': '{\"value\":{\"error\":\"no such element\",\"message\":\"no such element: Unable to locate element: {\\...\\\\n#16 0x559fb4fc11d7 \\\\u003Cunknown>\\\\n#17 0x559fb4fd3124 \\\\u003Cunknown>\\\\n#18 0x7fa26894e044 \\\\u003Cunknown>\\\\n\"}}'}\n\n    def check_response(self, response: Dict[str, Any]) -> None:\n        \"\"\"Checks that a JSON response from the WebDriver does not have an\n        error.\n    \n        :Args:\n         - response - The JSON response from the WebDriver server as a dictionary\n           object.\n    \n        :Raises: If the response contains an error message.\n        \"\"\"\n        status = response.get(\"status\", None)\n        if not status or status == ErrorCode.SUCCESS:\n            return\n        value = None\n        message = response.get(\"message\", \"\")\n        screen: str = response.get(\"screen\", \"\")\n        stacktrace = None\n        if isinstance(status, int):\n            value_json = response.get(\"value\", None)\n            if value_json and isinstance(value_json, str):\n                import json\n    \n                try:\n                    value = json.loads(value_json)\n                    if len(value) == 1:\n                        value = value[\"value\"]\n                    status = value.get(\"error\", None)\n                    if not status:\n                        status = value.get(\"status\", ErrorCode.UNKNOWN_ERROR)\n                        message = value.get(\"value\") or value.get(\"message\")\n                        if not isinstance(message, str):\n                            value = message\n                            message = message.get(\"message\")\n                    else:\n                        message = value.get(\"message\", None)\n                except ValueError:\n                    pass\n    \n        exception_class: Type[WebDriverException]\n        if status in ErrorCode.NO_SUCH_ELEMENT:\n            exception_class = NoSuchElementException\n        elif status in ErrorCode.NO_SUCH_FRAME:\n            exception_class = NoSuchFrameException\n        elif status in ErrorCode.NO_SUCH_SHADOW_ROOT:\n            exception_class = NoSuchShadowRootException\n        elif status in ErrorCode.NO_SUCH_WINDOW:\n            exception_class = NoSuchWindowException\n        elif status in ErrorCode.STALE_ELEMENT_REFERENCE:\n            exception_class = StaleElementReferenceException\n        elif status in ErrorCode.ELEMENT_NOT_VISIBLE:\n            exception_class = ElementNotVisibleException\n        elif status in ErrorCode.INVALID_ELEMENT_STATE:\n            exception_class = InvalidElementStateException\n        elif (\n            status in ErrorCode.INVALID_SELECTOR\n            or status in ErrorCode.INVALID_XPATH_SELECTOR\n            or status in ErrorCode.INVALID_XPATH_SELECTOR_RETURN_TYPER\n        ):\n            exception_class = InvalidSelectorException\n        elif status in ErrorCode.ELEMENT_IS_NOT_SELECTABLE:\n            exception_class = ElementNotSelectableException\n        elif status in ErrorCode.ELEMENT_NOT_INTERACTABLE:\n            exception_class = ElementNotInteractableException\n        elif status in ErrorCode.INVALID_COOKIE_DOMAIN:\n            exception_class = InvalidCookieDomainException\n        elif status in ErrorCode.UNABLE_TO_SET_COOKIE:\n            exception_class = UnableToSetCookieException\n        elif status in ErrorCode.TIMEOUT:\n            exception_class = TimeoutException\n        elif status in ErrorCode.SCRIPT_TIMEOUT:\n            exception_class = TimeoutException\n        elif status in ErrorCode.UNKNOWN_ERROR:\n            exception_class = WebDriverException\n        elif status in ErrorCode.UNEXPECTED_ALERT_OPEN:\n            exception_class = UnexpectedAlertPresentException\n        elif status in ErrorCode.NO_ALERT_OPEN:\n            exception_class = NoAlertPresentException\n        elif status in ErrorCode.IME_NOT_AVAILABLE:\n            exception_class = ImeNotAvailableException\n        elif status in ErrorCode.IME_ENGINE_ACTIVATION_FAILED:\n            exception_class = ImeActivationFailedException\n        elif status in ErrorCode.MOVE_TARGET_OUT_OF_BOUNDS:\n            exception_class = MoveTargetOutOfBoundsException\n        elif status in ErrorCode.JAVASCRIPT_ERROR:\n            exception_class = JavascriptException\n        elif status in ErrorCode.SESSION_NOT_CREATED:\n            exception_class = SessionNotCreatedException\n        elif status in ErrorCode.INVALID_ARGUMENT:\n            exception_class = InvalidArgumentException\n        elif status in ErrorCode.NO_SUCH_COOKIE:\n            exception_class = NoSuchCookieException\n        elif status in ErrorCode.UNABLE_TO_CAPTURE_SCREEN:\n            exception_class = ScreenshotException\n        elif status in ErrorCode.ELEMENT_CLICK_INTERCEPTED:\n            exception_class = ElementClickInterceptedException\n        elif status in ErrorCode.INSECURE_CERTIFICATE:\n            exception_class = InsecureCertificateException\n        elif status in ErrorCode.INVALID_COORDINATES:\n            exception_class = InvalidCoordinatesException\n        elif status in ErrorCode.INVALID_SESSION_ID:\n            exception_class = InvalidSessionIdException\n        elif status in ErrorCode.UNKNOWN_METHOD:\n            exception_class = UnknownMethodException\n        else:\n            exception_class = WebDriverException\n        if not value:\n            value = response[\"value\"]\n        if isinstance(value, str):\n            raise exception_class(value)\n        if message == \"\" and \"message\" in value:\n            message = value[\"message\"]\n    \n        screen = None  # type: ignore[assignment]\n        if \"screen\" in value:\n            screen = value[\"screen\"]\n    \n        stacktrace = None\n        st_value = value.get(\"stackTrace\") or value.get(\"stacktrace\")\n        if st_value:\n            if isinstance(st_value, str):\n                stacktrace = st_value.split(\"\\n\")\n            else:\n                stacktrace = []\n                try:\n                    for frame in st_value:\n                        line = frame.get(\"lineNumber\", \"\")\n                        file = frame.get(\"fileName\", \"<anonymous>\")\n                        if line:\n                            file = f\"{file}:{line}\"\n                        meth = frame.get(\"methodName\", \"<anonymous>\")\n                        if \"className\" in frame:\n                            meth = f\"{frame['className']}.{meth}\"\n                        msg = \"    at %s (%s)\"\n                        msg = msg % (meth, file)\n                        stacktrace.append(msg)\n                except TypeError:\n                    pass\n        if exception_class == UnexpectedAlertPresentException:\n            alert_text = None\n            if \"data\" in value:\n                alert_text = value[\"data\"].get(\"text\")\n            elif \"alert\" in value:\n                alert_text = value[\"alert\"].get(\"text\")\n            raise exception_class(message, screen, stacktrace, alert_text)  # type: ignore[call-arg]  # mypy is not smart enough here\n>       raise exception_class(message, screen, stacktrace)\nE       selenium.common.exceptions.NoSuchElementException: Message: no such element: Unable to locate element: {\"method\":\"xpath\",\"selector\":\"(//a[@href='/articles'])[3]\"}\nE         (Session info: chrome-headless-shell=120.0.6099.109); For documentation on this error, please visit: https://www.selenium.dev/documentation/webdriver/troubleshooting/errors#no-such-element-exception\nE       Stacktrace:\nE       #0 0x559fb4fd3f83 <unknown>\nE       #1 0x559fb4c8ccf7 <unknown>\nE       #2 0x559fb4cdc99e <unknown>\nE       #3 0x559fb4cdcaa1 <unknown>\nE       #4 0x559fb4d27d64 <unknown>\nE       #5 0x559fb4d060dd <unknown>\nE       #6 0x559fb4d25006 <unknown>\nE       #7 0x559fb4d05e53 <unknown>\nE       #8 0x559fb4ccddd4 <unknown>\nE       #9 0x559fb4ccf1de <unknown>\nE       #10 0x559fb4f98531 <unknown>\nE       #11 0x559fb4f9c455 <unknown>\nE       #12 0x559fb4f84f55 <unknown>\nE       #13 0x559fb4f9d0ef <unknown>\nE       #14 0x559fb4f6899f <unknown>\nE       #15 0x559fb4fc1008 <unknown>\nE       #16 0x559fb4fc11d7 <unknown>\nE       #17 0x559fb4fd3124 <unknown>\nE       #18 0x7fa26894e044 <unknown>\n\n/usr/local/lib/python3.11/site-packages/selenium/webdriver/remote/errorhandler.py:245: NoSuchElementException","flaky":false,"newFailed":false,"newBroken":false,"newPassed":false,"retriesCount":0,"retriesStatusChange":false,"beforeStages":[{"name":"_session_faker","time":{"start":1704675943935,"stop":1704675944006,"duration":71},"status":"passed","steps":[],"attachments":[],"parameters":[],"shouldDisplayMessage":false,"stepsCount":0,"attachmentsCount":0,"hasContent":false,"attachmentStep":false},{"name":"clear_allure_results_folder","time":{"start":1704675944006,"stop":1704675944006,"duration":0},"status":"passed","steps":[],"attachments":[],"parameters":[],"shouldDisplayMessage":false,"stepsCount":0,"attachmentsCount":0,"hasContent":false,"attachmentStep":false},{"name":"driver","time":{"start":1704676067334,"stop":1704676068069,"duration":735},"status":"passed","steps":[],"attachments":[],"parameters":[],"shouldDisplayMessage":false,"stepsCount":0,"attachmentsCount":0,"hasContent":false,"attachmentStep":false},{"name":"setup","time":{"start":1704676068069,"stop":1704676068069,"duration":0},"status":"passed","steps":[],"attachments":[],"parameters":[],"shouldDisplayMessage":false,"stepsCount":0,"attachmentsCount":0,"hasContent":false,"attachmentStep":false},{"name":"main_page","time":{"start":1704676068069,"stop":1704676068973,"duration":904},"status":"passed","steps":[],"attachments":[],"parameters":[],"shouldDisplayMessage":false,"stepsCount":0,"attachmentsCount":0,"hasContent":false,"attachmentStep":false}],"testStage":{"status":"broken","statusMessage":"selenium.common.exceptions.NoSuchElementException: Message: no such element: Unable to locate element: {\"method\":\"xpath\",\"selector\":\"(//a[@href='/articles'])[3]\"}\n  (Session info: chrome-headless-shell=120.0.6099.109); For documentation on this error, please visit: https://www.selenium.dev/documentation/webdriver/troubleshooting/errors#no-such-element-exception\nStacktrace:\n#0 0x559fb4fd3f83 <unknown>\n#1 0x559fb4c8ccf7 <unknown>\n#2 0x559fb4cdc99e <unknown>\n#3 0x559fb4cdcaa1 <unknown>\n#4 0x559fb4d27d64 <unknown>\n#5 0x559fb4d060dd <unknown>\n#6 0x559fb4d25006 <unknown>\n#7 0x559fb4d05e53 <unknown>\n#8 0x559fb4ccddd4 <unknown>\n#9 0x559fb4ccf1de <unknown>\n#10 0x559fb4f98531 <unknown>\n#11 0x559fb4f9c455 <unknown>\n#12 0x559fb4f84f55 <unknown>\n#13 0x559fb4f9d0ef <unknown>\n#14 0x559fb4f6899f <unknown>\n#15 0x559fb4fc1008 <unknown>\n#16 0x559fb4fc11d7 <unknown>\n#17 0x559fb4fd3124 <unknown>\n#18 0x7fa26894e044 <unknown>","statusTrace":"self = <tests.test_main_page.TestMainPage object at 0x7f69210c9750>\nmain_page = <pages.main_page.MainPage object at 0x7f6920a3ee10>\n\n    @allure.feature(\"Footer functionality\")\n    @allure.title(\"TC 007 - Проверка функциональности ссылки 'Строительные советы'\")\n    @pytest.mark.smoke_test\n    def test_positive_footer_building_advices_smoke(self, main_page):\n        articles_page = ArticlesPage(main_page.driver)\n>       main_page.check_building_tips_link()\n\ntests/test_main_page.py:75: \n_ _ _ _ _ _ _ _ _ _ _ _ _ _ _ _ _ _ _ _ _ _ _ _ _ _ _ _ _ _ _ _ _ _ _ _ _ _ _ _ \npages/main_page.py:110: in check_building_tips_link\n    self.driver.find_element(*self._building_advices_link).click()\n/usr/local/lib/python3.11/site-packages/selenium/webdriver/remote/webdriver.py:740: in find_element\n    return self.execute(Command.FIND_ELEMENT, {\"using\": by, \"value\": value})[\"value\"]\n/usr/local/lib/python3.11/site-packages/selenium/webdriver/remote/webdriver.py:346: in execute\n    self.error_handler.check_response(response)\n_ _ _ _ _ _ _ _ _ _ _ _ _ _ _ _ _ _ _ _ _ _ _ _ _ _ _ _ _ _ _ _ _ _ _ _ _ _ _ _ \n\nself = <selenium.webdriver.remote.errorhandler.ErrorHandler object at 0x7f692173d390>\nresponse = {'status': 404, 'value': '{\"value\":{\"error\":\"no such element\",\"message\":\"no such element: Unable to locate element: {\\...\\\\n#16 0x559fb4fc11d7 \\\\u003Cunknown>\\\\n#17 0x559fb4fd3124 \\\\u003Cunknown>\\\\n#18 0x7fa26894e044 \\\\u003Cunknown>\\\\n\"}}'}\n\n    def check_response(self, response: Dict[str, Any]) -> None:\n        \"\"\"Checks that a JSON response from the WebDriver does not have an\n        error.\n    \n        :Args:\n         - response - The JSON response from the WebDriver server as a dictionary\n           object.\n    \n        :Raises: If the response contains an error message.\n        \"\"\"\n        status = response.get(\"status\", None)\n        if not status or status == ErrorCode.SUCCESS:\n            return\n        value = None\n        message = response.get(\"message\", \"\")\n        screen: str = response.get(\"screen\", \"\")\n        stacktrace = None\n        if isinstance(status, int):\n            value_json = response.get(\"value\", None)\n            if value_json and isinstance(value_json, str):\n                import json\n    \n                try:\n                    value = json.loads(value_json)\n                    if len(value) == 1:\n                        value = value[\"value\"]\n                    status = value.get(\"error\", None)\n                    if not status:\n                        status = value.get(\"status\", ErrorCode.UNKNOWN_ERROR)\n                        message = value.get(\"value\") or value.get(\"message\")\n                        if not isinstance(message, str):\n                            value = message\n                            message = message.get(\"message\")\n                    else:\n                        message = value.get(\"message\", None)\n                except ValueError:\n                    pass\n    \n        exception_class: Type[WebDriverException]\n        if status in ErrorCode.NO_SUCH_ELEMENT:\n            exception_class = NoSuchElementException\n        elif status in ErrorCode.NO_SUCH_FRAME:\n            exception_class = NoSuchFrameException\n        elif status in ErrorCode.NO_SUCH_SHADOW_ROOT:\n            exception_class = NoSuchShadowRootException\n        elif status in ErrorCode.NO_SUCH_WINDOW:\n            exception_class = NoSuchWindowException\n        elif status in ErrorCode.STALE_ELEMENT_REFERENCE:\n            exception_class = StaleElementReferenceException\n        elif status in ErrorCode.ELEMENT_NOT_VISIBLE:\n            exception_class = ElementNotVisibleException\n        elif status in ErrorCode.INVALID_ELEMENT_STATE:\n            exception_class = InvalidElementStateException\n        elif (\n            status in ErrorCode.INVALID_SELECTOR\n            or status in ErrorCode.INVALID_XPATH_SELECTOR\n            or status in ErrorCode.INVALID_XPATH_SELECTOR_RETURN_TYPER\n        ):\n            exception_class = InvalidSelectorException\n        elif status in ErrorCode.ELEMENT_IS_NOT_SELECTABLE:\n            exception_class = ElementNotSelectableException\n        elif status in ErrorCode.ELEMENT_NOT_INTERACTABLE:\n            exception_class = ElementNotInteractableException\n        elif status in ErrorCode.INVALID_COOKIE_DOMAIN:\n            exception_class = InvalidCookieDomainException\n        elif status in ErrorCode.UNABLE_TO_SET_COOKIE:\n            exception_class = UnableToSetCookieException\n        elif status in ErrorCode.TIMEOUT:\n            exception_class = TimeoutException\n        elif status in ErrorCode.SCRIPT_TIMEOUT:\n            exception_class = TimeoutException\n        elif status in ErrorCode.UNKNOWN_ERROR:\n            exception_class = WebDriverException\n        elif status in ErrorCode.UNEXPECTED_ALERT_OPEN:\n            exception_class = UnexpectedAlertPresentException\n        elif status in ErrorCode.NO_ALERT_OPEN:\n            exception_class = NoAlertPresentException\n        elif status in ErrorCode.IME_NOT_AVAILABLE:\n            exception_class = ImeNotAvailableException\n        elif status in ErrorCode.IME_ENGINE_ACTIVATION_FAILED:\n            exception_class = ImeActivationFailedException\n        elif status in ErrorCode.MOVE_TARGET_OUT_OF_BOUNDS:\n            exception_class = MoveTargetOutOfBoundsException\n        elif status in ErrorCode.JAVASCRIPT_ERROR:\n            exception_class = JavascriptException\n        elif status in ErrorCode.SESSION_NOT_CREATED:\n            exception_class = SessionNotCreatedException\n        elif status in ErrorCode.INVALID_ARGUMENT:\n            exception_class = InvalidArgumentException\n        elif status in ErrorCode.NO_SUCH_COOKIE:\n            exception_class = NoSuchCookieException\n        elif status in ErrorCode.UNABLE_TO_CAPTURE_SCREEN:\n            exception_class = ScreenshotException\n        elif status in ErrorCode.ELEMENT_CLICK_INTERCEPTED:\n            exception_class = ElementClickInterceptedException\n        elif status in ErrorCode.INSECURE_CERTIFICATE:\n            exception_class = InsecureCertificateException\n        elif status in ErrorCode.INVALID_COORDINATES:\n            exception_class = InvalidCoordinatesException\n        elif status in ErrorCode.INVALID_SESSION_ID:\n            exception_class = InvalidSessionIdException\n        elif status in ErrorCode.UNKNOWN_METHOD:\n            exception_class = UnknownMethodException\n        else:\n            exception_class = WebDriverException\n        if not value:\n            value = response[\"value\"]\n        if isinstance(value, str):\n            raise exception_class(value)\n        if message == \"\" and \"message\" in value:\n            message = value[\"message\"]\n    \n        screen = None  # type: ignore[assignment]\n        if \"screen\" in value:\n            screen = value[\"screen\"]\n    \n        stacktrace = None\n        st_value = value.get(\"stackTrace\") or value.get(\"stacktrace\")\n        if st_value:\n            if isinstance(st_value, str):\n                stacktrace = st_value.split(\"\\n\")\n            else:\n                stacktrace = []\n                try:\n                    for frame in st_value:\n                        line = frame.get(\"lineNumber\", \"\")\n                        file = frame.get(\"fileName\", \"<anonymous>\")\n                        if line:\n                            file = f\"{file}:{line}\"\n                        meth = frame.get(\"methodName\", \"<anonymous>\")\n                        if \"className\" in frame:\n                            meth = f\"{frame['className']}.{meth}\"\n                        msg = \"    at %s (%s)\"\n                        msg = msg % (meth, file)\n                        stacktrace.append(msg)\n                except TypeError:\n                    pass\n        if exception_class == UnexpectedAlertPresentException:\n            alert_text = None\n            if \"data\" in value:\n                alert_text = value[\"data\"].get(\"text\")\n            elif \"alert\" in value:\n                alert_text = value[\"alert\"].get(\"text\")\n            raise exception_class(message, screen, stacktrace, alert_text)  # type: ignore[call-arg]  # mypy is not smart enough here\n>       raise exception_class(message, screen, stacktrace)\nE       selenium.common.exceptions.NoSuchElementException: Message: no such element: Unable to locate element: {\"method\":\"xpath\",\"selector\":\"(//a[@href='/articles'])[3]\"}\nE         (Session info: chrome-headless-shell=120.0.6099.109); For documentation on this error, please visit: https://www.selenium.dev/documentation/webdriver/troubleshooting/errors#no-such-element-exception\nE       Stacktrace:\nE       #0 0x559fb4fd3f83 <unknown>\nE       #1 0x559fb4c8ccf7 <unknown>\nE       #2 0x559fb4cdc99e <unknown>\nE       #3 0x559fb4cdcaa1 <unknown>\nE       #4 0x559fb4d27d64 <unknown>\nE       #5 0x559fb4d060dd <unknown>\nE       #6 0x559fb4d25006 <unknown>\nE       #7 0x559fb4d05e53 <unknown>\nE       #8 0x559fb4ccddd4 <unknown>\nE       #9 0x559fb4ccf1de <unknown>\nE       #10 0x559fb4f98531 <unknown>\nE       #11 0x559fb4f9c455 <unknown>\nE       #12 0x559fb4f84f55 <unknown>\nE       #13 0x559fb4f9d0ef <unknown>\nE       #14 0x559fb4f6899f <unknown>\nE       #15 0x559fb4fc1008 <unknown>\nE       #16 0x559fb4fc11d7 <unknown>\nE       #17 0x559fb4fd3124 <unknown>\nE       #18 0x7fa26894e044 <unknown>\n\n/usr/local/lib/python3.11/site-packages/selenium/webdriver/remote/errorhandler.py:245: NoSuchElementException","steps":[{"name":"Проверка функциональности ссылки 'Строительные советы'","time":{"start":1704676068974,"stop":1704676068986,"duration":12},"status":"broken","statusMessage":"selenium.common.exceptions.NoSuchElementException: Message: no such element: Unable to locate element: {\"method\":\"xpath\",\"selector\":\"(//a[@href='/articles'])[3]\"}\n  (Session info: chrome-headless-shell=120.0.6099.109); For documentation on this error, please visit: https://www.selenium.dev/documentation/webdriver/troubleshooting/errors#no-such-element-exception\nStacktrace:\n#0 0x559fb4fd3f83 <unknown>\n#1 0x559fb4c8ccf7 <unknown>\n#2 0x559fb4cdc99e <unknown>\n#3 0x559fb4cdcaa1 <unknown>\n#4 0x559fb4d27d64 <unknown>\n#5 0x559fb4d060dd <unknown>\n#6 0x559fb4d25006 <unknown>\n#7 0x559fb4d05e53 <unknown>\n#8 0x559fb4ccddd4 <unknown>\n#9 0x559fb4ccf1de <unknown>\n#10 0x559fb4f98531 <unknown>\n#11 0x559fb4f9c455 <unknown>\n#12 0x559fb4f84f55 <unknown>\n#13 0x559fb4f9d0ef <unknown>\n#14 0x559fb4f6899f <unknown>\n#15 0x559fb4fc1008 <unknown>\n#16 0x559fb4fc11d7 <unknown>\n#17 0x559fb4fd3124 <unknown>\n#18 0x7fa26894e044 <unknown>\n\n","statusTrace":"  File \"/usr/local/lib/python3.11/site-packages/allure_commons/_allure.py\", line 192, in impl\n    return func(*a, **kw)\n           ^^^^^^^^^^^^^^\n  File \"/app/pages/main_page.py\", line 110, in check_building_tips_link\n    self.driver.find_element(*self._building_advices_link).click()\n    ^^^^^^^^^^^^^^^^^^^^^^^^^^^^^^^^^^^^^^^^^^^^^^^^^^^^^^\n  File \"/usr/local/lib/python3.11/site-packages/selenium/webdriver/remote/webdriver.py\", line 740, in find_element\n    return self.execute(Command.FIND_ELEMENT, {\"using\": by, \"value\": value})[\"value\"]\n           ^^^^^^^^^^^^^^^^^^^^^^^^^^^^^^^^^^^^^^^^^^^^^^^^^^^^^^^^^^^^^^^^^\n  File \"/usr/local/lib/python3.11/site-packages/selenium/webdriver/remote/webdriver.py\", line 346, in execute\n    self.error_handler.check_response(response)\n  File \"/usr/local/lib/python3.11/site-packages/selenium/webdriver/remote/errorhandler.py\", line 245, in check_response\n    raise exception_class(message, screen, stacktrace)\n","steps":[],"attachments":[],"parameters":[],"shouldDisplayMessage":true,"stepsCount":0,"attachmentsCount":0,"hasContent":true,"attachmentStep":false}],"attachments":[{"uid":"5013a112317e57ae","name":"Screenshot","source":"5013a112317e57ae.png","type":"image/png","size":39106},{"uid":"8e94ad2d749da4","name":"HTML source","source":"8e94ad2d749da4.html","type":"text/html","size":538}],"parameters":[],"shouldDisplayMessage":true,"stepsCount":1,"attachmentsCount":2,"hasContent":true,"attachmentStep":false},"afterStages":[{"name":"setup::0","time":{"start":1704676069099,"stop":1704676069099,"duration":0},"status":"passed","steps":[],"attachments":[],"parameters":[],"shouldDisplayMessage":false,"stepsCount":0,"attachmentsCount":0,"hasContent":false,"attachmentStep":false},{"name":"driver::0","time":{"start":1704676069100,"stop":1704676069157,"duration":57},"status":"passed","steps":[],"attachments":[],"parameters":[],"shouldDisplayMessage":false,"stepsCount":0,"attachmentsCount":0,"hasContent":false,"attachmentStep":false}],"labels":[{"name":"feature","value":"Footer functionality"},{"name":"epic","value":"Main Page"},{"name":"tag","value":"smoke_test"},{"name":"parentSuite","value":"tests"},{"name":"suite","value":"test_main_page"},{"name":"subSuite","value":"TestMainPage"},{"name":"host","value":"c9ac72ee8166"},{"name":"thread","value":"1-MainThread"},{"name":"framework","value":"pytest"},{"name":"language","value":"cpython3"},{"name":"package","value":"tests.test_main_page"},{"name":"resultFormat","value":"allure2"}],"parameters":[{"name":"url","value":"'https://test2.stroyrem-nn.ru/'"}],"links":[],"hidden":false,"retry":false,"extra":{"severity":"normal","retries":[],"categories":[{"name":"Test defects","matchedStatuses":[],"flaky":false}],"history":{"statistic":{"failed":0,"broken":117,"skipped":0,"passed":35,"unknown":0,"total":152},"items":[{"uid":"c9f8777657ce330a","reportUrl":"https://zaelcovsky.github.io/StroyremAutomation/194//#testresult/c9f8777657ce330a","status":"broken","statusDetails":"selenium.common.exceptions.NoSuchElementException: Message: no such element: Unable to locate element: {\"method\":\"xpath\",\"selector\":\"(//a[@href='/articles'])[3]\"}\n  (Session info: chrome-headless-shell=120.0.6099.109); For documentation on this error, please visit: https://www.selenium.dev/documentation/webdriver/troubleshooting/errors#no-such-element-exception\nStacktrace:\n#0 0x55b28957bf83 <unknown>\n#1 0x55b289234cf7 <unknown>\n#2 0x55b28928499e <unknown>\n#3 0x55b289284aa1 <unknown>\n#4 0x55b2892cfd64 <unknown>\n#5 0x55b2892ae0dd <unknown>\n#6 0x55b2892cd006 <unknown>\n#7 0x55b2892ade53 <unknown>\n#8 0x55b289275dd4 <unknown>\n#9 0x55b2892771de <unknown>\n#10 0x55b289540531 <unknown>\n#11 0x55b289544455 <unknown>\n#12 0x55b28952cf55 <unknown>\n#13 0x55b2895450ef <unknown>\n#14 0x55b28951099f <unknown>\n#15 0x55b289569008 <unknown>\n#16 0x55b2895691d7 <unknown>\n#17 0x55b28957b124 <unknown>\n#18 0x7fa0c12cc044 <unknown>","time":{"start":1704589966461,"stop":1704589966474,"duration":13}},{"uid":"c109b8acf38869af","reportUrl":"https://zaelcovsky.github.io/StroyremAutomation/193//#testresult/c109b8acf38869af","status":"broken","statusDetails":"selenium.common.exceptions.NoSuchElementException: Message: no such element: Unable to locate element: {\"method\":\"xpath\",\"selector\":\"(//a[@href='/articles'])[3]\"}\n  (Session info: chrome-headless-shell=120.0.6099.109); For documentation on this error, please visit: https://www.selenium.dev/documentation/webdriver/troubleshooting/errors#no-such-element-exception\nStacktrace:\n#0 0x5621bfec5f83 <unknown>\n#1 0x5621bfb7ecf7 <unknown>\n#2 0x5621bfbce99e <unknown>\n#3 0x5621bfbceaa1 <unknown>\n#4 0x5621bfc19d64 <unknown>\n#5 0x5621bfbf80dd <unknown>\n#6 0x5621bfc17006 <unknown>\n#7 0x5621bfbf7e53 <unknown>\n#8 0x5621bfbbfdd4 <unknown>\n#9 0x5621bfbc11de <unknown>\n#10 0x5621bfe8a531 <unknown>\n#11 0x5621bfe8e455 <unknown>\n#12 0x5621bfe76f55 <unknown>\n#13 0x5621bfe8f0ef <unknown>\n#14 0x5621bfe5a99f <unknown>\n#15 0x5621bfeb3008 <unknown>\n#16 0x5621bfeb31d7 <unknown>\n#17 0x5621bfec5124 <unknown>\n#18 0x7fc299f28044 <unknown>","time":{"start":1704503098608,"stop":1704503098621,"duration":13}},{"uid":"39a8aa7bec5b01c3","reportUrl":"https://zaelcovsky.github.io/StroyremAutomation/192//#testresult/39a8aa7bec5b01c3","status":"broken","statusDetails":"selenium.common.exceptions.NoSuchElementException: Message: no such element: Unable to locate element: {\"method\":\"xpath\",\"selector\":\"(//a[@href='/articles'])[3]\"}\n  (Session info: chrome-headless-shell=120.0.6099.109); For documentation on this error, please visit: https://www.selenium.dev/documentation/webdriver/troubleshooting/errors#no-such-element-exception\nStacktrace:\n#0 0x55ea3a6e5f83 <unknown>\n#1 0x55ea3a39ecf7 <unknown>\n#2 0x55ea3a3ee99e <unknown>\n#3 0x55ea3a3eeaa1 <unknown>\n#4 0x55ea3a439d64 <unknown>\n#5 0x55ea3a4180dd <unknown>\n#6 0x55ea3a437006 <unknown>\n#7 0x55ea3a417e53 <unknown>\n#8 0x55ea3a3dfdd4 <unknown>\n#9 0x55ea3a3e11de <unknown>\n#10 0x55ea3a6aa531 <unknown>\n#11 0x55ea3a6ae455 <unknown>\n#12 0x55ea3a696f55 <unknown>\n#13 0x55ea3a6af0ef <unknown>\n#14 0x55ea3a67a99f <unknown>\n#15 0x55ea3a6d3008 <unknown>\n#16 0x55ea3a6d31d7 <unknown>\n#17 0x55ea3a6e5124 <unknown>\n#18 0x7fccba276044 <unknown>","time":{"start":1704416759462,"stop":1704416759475,"duration":13}},{"uid":"92652566b198fc32","reportUrl":"https://zaelcovsky.github.io/StroyremAutomation/191//#testresult/92652566b198fc32","status":"broken","statusDetails":"selenium.common.exceptions.NoSuchElementException: Message: no such element: Unable to locate element: {\"method\":\"xpath\",\"selector\":\"(//a[@href='/articles'])[3]\"}\n  (Session info: chrome-headless-shell=120.0.6099.109); For documentation on this error, please visit: https://www.selenium.dev/documentation/webdriver/troubleshooting/errors#no-such-element-exception\nStacktrace:\n#0 0x561d6ae5ef83 <unknown>\n#1 0x561d6ab17cf7 <unknown>\n#2 0x561d6ab6799e <unknown>\n#3 0x561d6ab67aa1 <unknown>\n#4 0x561d6abb2d64 <unknown>\n#5 0x561d6ab910dd <unknown>\n#6 0x561d6abb0006 <unknown>\n#7 0x561d6ab90e53 <unknown>\n#8 0x561d6ab58dd4 <unknown>\n#9 0x561d6ab5a1de <unknown>\n#10 0x561d6ae23531 <unknown>\n#11 0x561d6ae27455 <unknown>\n#12 0x561d6ae0ff55 <unknown>\n#13 0x561d6ae280ef <unknown>\n#14 0x561d6adf399f <unknown>\n#15 0x561d6ae4c008 <unknown>\n#16 0x561d6ae4c1d7 <unknown>\n#17 0x561d6ae5e124 <unknown>\n#18 0x7fca9459c044 <unknown>","time":{"start":1704330373934,"stop":1704330373948,"duration":14}},{"uid":"591afcd6d95afd9b","reportUrl":"https://zaelcovsky.github.io/StroyremAutomation/190//#testresult/591afcd6d95afd9b","status":"broken","statusDetails":"selenium.common.exceptions.NoSuchElementException: Message: no such element: Unable to locate element: {\"method\":\"xpath\",\"selector\":\"(//a[@href='/articles'])[3]\"}\n  (Session info: chrome-headless-shell=120.0.6099.109); For documentation on this error, please visit: https://www.selenium.dev/documentation/webdriver/troubleshooting/errors#no-such-element-exception\nStacktrace:\n#0 0x55621efdaf83 <unknown>\n#1 0x55621ec93cf7 <unknown>\n#2 0x55621ece399e <unknown>\n#3 0x55621ece3aa1 <unknown>\n#4 0x55621ed2ed64 <unknown>\n#5 0x55621ed0d0dd <unknown>\n#6 0x55621ed2c006 <unknown>\n#7 0x55621ed0ce53 <unknown>\n#8 0x55621ecd4dd4 <unknown>\n#9 0x55621ecd61de <unknown>\n#10 0x55621ef9f531 <unknown>\n#11 0x55621efa3455 <unknown>\n#12 0x55621ef8bf55 <unknown>\n#13 0x55621efa40ef <unknown>\n#14 0x55621ef6f99f <unknown>\n#15 0x55621efc8008 <unknown>\n#16 0x55621efc81d7 <unknown>\n#17 0x55621efda124 <unknown>\n#18 0x7f44d2b7f044 <unknown>","time":{"start":1704243933467,"stop":1704243933480,"duration":13}},{"uid":"178bbd7081995c99","reportUrl":"https://zaelcovsky.github.io/StroyremAutomation/189//#testresult/178bbd7081995c99","status":"broken","statusDetails":"selenium.common.exceptions.NoSuchElementException: Message: no such element: Unable to locate element: {\"method\":\"xpath\",\"selector\":\"(//a[@href='/articles'])[3]\"}\n  (Session info: chrome-headless-shell=120.0.6099.109); For documentation on this error, please visit: https://www.selenium.dev/documentation/webdriver/troubleshooting/errors#no-such-element-exception\nStacktrace:\n#0 0x562c53f4af83 <unknown>\n#1 0x562c53c03cf7 <unknown>\n#2 0x562c53c5399e <unknown>\n#3 0x562c53c53aa1 <unknown>\n#4 0x562c53c9ed64 <unknown>\n#5 0x562c53c7d0dd <unknown>\n#6 0x562c53c9c006 <unknown>\n#7 0x562c53c7ce53 <unknown>\n#8 0x562c53c44dd4 <unknown>\n#9 0x562c53c461de <unknown>\n#10 0x562c53f0f531 <unknown>\n#11 0x562c53f13455 <unknown>\n#12 0x562c53efbf55 <unknown>\n#13 0x562c53f140ef <unknown>\n#14 0x562c53edf99f <unknown>\n#15 0x562c53f38008 <unknown>\n#16 0x562c53f381d7 <unknown>\n#17 0x562c53f4a124 <unknown>\n#18 0x7f1341205044 <unknown>","time":{"start":1704157449537,"stop":1704157449550,"duration":13}},{"uid":"3be35a161e1c7048","reportUrl":"https://zaelcovsky.github.io/StroyremAutomation/188//#testresult/3be35a161e1c7048","status":"broken","statusDetails":"selenium.common.exceptions.NoSuchElementException: Message: no such element: Unable to locate element: {\"method\":\"xpath\",\"selector\":\"(//a[@href='/articles'])[3]\"}\n  (Session info: chrome-headless-shell=120.0.6099.109); For documentation on this error, please visit: https://www.selenium.dev/documentation/webdriver/troubleshooting/errors#no-such-element-exception\nStacktrace:\n#0 0x55d8700e1f83 <unknown>\n#1 0x55d86fd9acf7 <unknown>\n#2 0x55d86fdea99e <unknown>\n#3 0x55d86fdeaaa1 <unknown>\n#4 0x55d86fe35d64 <unknown>\n#5 0x55d86fe140dd <unknown>\n#6 0x55d86fe33006 <unknown>\n#7 0x55d86fe13e53 <unknown>\n#8 0x55d86fddbdd4 <unknown>\n#9 0x55d86fddd1de <unknown>\n#10 0x55d8700a6531 <unknown>\n#11 0x55d8700aa455 <unknown>\n#12 0x55d870092f55 <unknown>\n#13 0x55d8700ab0ef <unknown>\n#14 0x55d87007699f <unknown>\n#15 0x55d8700cf008 <unknown>\n#16 0x55d8700cf1d7 <unknown>\n#17 0x55d8700e1124 <unknown>\n#18 0x7ff990046044 <unknown>","time":{"start":1704071494899,"stop":1704071494912,"duration":13}},{"uid":"67d5fa08efa4dab2","reportUrl":"https://zaelcovsky.github.io/StroyremAutomation/187//#testresult/67d5fa08efa4dab2","status":"broken","statusDetails":"selenium.common.exceptions.NoSuchElementException: Message: no such element: Unable to locate element: {\"method\":\"xpath\",\"selector\":\"(//a[@href='/articles'])[3]\"}\n  (Session info: chrome-headless-shell=120.0.6099.109); For documentation on this error, please visit: https://www.selenium.dev/documentation/webdriver/troubleshooting/errors#no-such-element-exception\nStacktrace:\n#0 0x563501e05f83 <unknown>\n#1 0x563501abecf7 <unknown>\n#2 0x563501b0e99e <unknown>\n#3 0x563501b0eaa1 <unknown>\n#4 0x563501b59d64 <unknown>\n#5 0x563501b380dd <unknown>\n#6 0x563501b57006 <unknown>\n#7 0x563501b37e53 <unknown>\n#8 0x563501affdd4 <unknown>\n#9 0x563501b011de <unknown>\n#10 0x563501dca531 <unknown>\n#11 0x563501dce455 <unknown>\n#12 0x563501db6f55 <unknown>\n#13 0x563501dcf0ef <unknown>\n#14 0x563501d9a99f <unknown>\n#15 0x563501df3008 <unknown>\n#16 0x563501df31d7 <unknown>\n#17 0x563501e05124 <unknown>\n#18 0x7f02f18e8044 <unknown>","time":{"start":1703984979160,"stop":1703984979172,"duration":12}},{"uid":"1f3a7bb900c5bec9","reportUrl":"https://zaelcovsky.github.io/StroyremAutomation/186//#testresult/1f3a7bb900c5bec9","status":"broken","statusDetails":"selenium.common.exceptions.NoSuchElementException: Message: no such element: Unable to locate element: {\"method\":\"xpath\",\"selector\":\"(//a[@href='/articles'])[3]\"}\n  (Session info: chrome-headless-shell=120.0.6099.109); For documentation on this error, please visit: https://www.selenium.dev/documentation/webdriver/troubleshooting/errors#no-such-element-exception\nStacktrace:\n#0 0x55d8ba6def83 <unknown>\n#1 0x55d8ba397cf7 <unknown>\n#2 0x55d8ba3e799e <unknown>\n#3 0x55d8ba3e7aa1 <unknown>\n#4 0x55d8ba432d64 <unknown>\n#5 0x55d8ba4110dd <unknown>\n#6 0x55d8ba430006 <unknown>\n#7 0x55d8ba410e53 <unknown>\n#8 0x55d8ba3d8dd4 <unknown>\n#9 0x55d8ba3da1de <unknown>\n#10 0x55d8ba6a3531 <unknown>\n#11 0x55d8ba6a7455 <unknown>\n#12 0x55d8ba68ff55 <unknown>\n#13 0x55d8ba6a80ef <unknown>\n#14 0x55d8ba67399f <unknown>\n#15 0x55d8ba6cc008 <unknown>\n#16 0x55d8ba6cc1d7 <unknown>\n#17 0x55d8ba6de124 <unknown>\n#18 0x7f760082d044 <unknown>","time":{"start":1703898213500,"stop":1703898213512,"duration":12}},{"uid":"914841f076574823","reportUrl":"https://zaelcovsky.github.io/StroyremAutomation/185//#testresult/914841f076574823","status":"broken","statusDetails":"selenium.common.exceptions.NoSuchElementException: Message: no such element: Unable to locate element: {\"method\":\"xpath\",\"selector\":\"(//a[@href='/articles'])[3]\"}\n  (Session info: chrome-headless-shell=120.0.6099.109); For documentation on this error, please visit: https://www.selenium.dev/documentation/webdriver/troubleshooting/errors#no-such-element-exception\nStacktrace:\n#0 0x558db6f94f83 <unknown>\n#1 0x558db6c4dcf7 <unknown>\n#2 0x558db6c9d99e <unknown>\n#3 0x558db6c9daa1 <unknown>\n#4 0x558db6ce8d64 <unknown>\n#5 0x558db6cc70dd <unknown>\n#6 0x558db6ce6006 <unknown>\n#7 0x558db6cc6e53 <unknown>\n#8 0x558db6c8edd4 <unknown>\n#9 0x558db6c901de <unknown>\n#10 0x558db6f59531 <unknown>\n#11 0x558db6f5d455 <unknown>\n#12 0x558db6f45f55 <unknown>\n#13 0x558db6f5e0ef <unknown>\n#14 0x558db6f2999f <unknown>\n#15 0x558db6f82008 <unknown>\n#16 0x558db6f821d7 <unknown>\n#17 0x558db6f94124 <unknown>\n#18 0x7fcebad20044 <unknown>","time":{"start":1703811289688,"stop":1703811289701,"duration":13}},{"uid":"e437f4c1be1f668d","reportUrl":"https://zaelcovsky.github.io/StroyremAutomation/184//#testresult/e437f4c1be1f668d","status":"broken","statusDetails":"selenium.common.exceptions.NoSuchElementException: Message: no such element: Unable to locate element: {\"method\":\"xpath\",\"selector\":\"(//a[@href='/articles'])[3]\"}\n  (Session info: chrome-headless-shell=120.0.6099.109); For documentation on this error, please visit: https://www.selenium.dev/documentation/webdriver/troubleshooting/errors#no-such-element-exception\nStacktrace:\n#0 0x559253737f83 <unknown>\n#1 0x5592533f0cf7 <unknown>\n#2 0x55925344099e <unknown>\n#3 0x559253440aa1 <unknown>\n#4 0x55925348bd64 <unknown>\n#5 0x55925346a0dd <unknown>\n#6 0x559253489006 <unknown>\n#7 0x559253469e53 <unknown>\n#8 0x559253431dd4 <unknown>\n#9 0x5592534331de <unknown>\n#10 0x5592536fc531 <unknown>\n#11 0x559253700455 <unknown>\n#12 0x5592536e8f55 <unknown>\n#13 0x5592537010ef <unknown>\n#14 0x5592536cc99f <unknown>\n#15 0x559253725008 <unknown>\n#16 0x5592537251d7 <unknown>\n#17 0x559253737124 <unknown>\n#18 0x7fb38de09044 <unknown>","time":{"start":1703725402226,"stop":1703725402240,"duration":14}},{"uid":"43688ef5100c8009","reportUrl":"https://zaelcovsky.github.io/StroyremAutomation/183//#testresult/43688ef5100c8009","status":"broken","statusDetails":"selenium.common.exceptions.NoSuchElementException: Message: no such element: Unable to locate element: {\"method\":\"xpath\",\"selector\":\"(//a[@href='/articles'])[3]\"}\n  (Session info: chrome-headless-shell=120.0.6099.109); For documentation on this error, please visit: https://www.selenium.dev/documentation/webdriver/troubleshooting/errors#no-such-element-exception\nStacktrace:\n#0 0x561b3a5d7f83 <unknown>\n#1 0x561b3a290cf7 <unknown>\n#2 0x561b3a2e099e <unknown>\n#3 0x561b3a2e0aa1 <unknown>\n#4 0x561b3a32bd64 <unknown>\n#5 0x561b3a30a0dd <unknown>\n#6 0x561b3a329006 <unknown>\n#7 0x561b3a309e53 <unknown>\n#8 0x561b3a2d1dd4 <unknown>\n#9 0x561b3a2d31de <unknown>\n#10 0x561b3a59c531 <unknown>\n#11 0x561b3a5a0455 <unknown>\n#12 0x561b3a588f55 <unknown>\n#13 0x561b3a5a10ef <unknown>\n#14 0x561b3a56c99f <unknown>\n#15 0x561b3a5c5008 <unknown>\n#16 0x561b3a5c51d7 <unknown>\n#17 0x561b3a5d7124 <unknown>\n#18 0x7f4c06a1a044 <unknown>","time":{"start":1703639037000,"stop":1703639037013,"duration":13}},{"uid":"5f8d0583f687a014","reportUrl":"https://zaelcovsky.github.io/StroyremAutomation/182//#testresult/5f8d0583f687a014","status":"broken","statusDetails":"selenium.common.exceptions.NoSuchElementException: Message: no such element: Unable to locate element: {\"method\":\"xpath\",\"selector\":\"(//a[@href='/articles'])[3]\"}\n  (Session info: chrome-headless-shell=120.0.6099.109); For documentation on this error, please visit: https://www.selenium.dev/documentation/webdriver/troubleshooting/errors#no-such-element-exception\nStacktrace:\n#0 0x5651d8470f83 <unknown>\n#1 0x5651d8129cf7 <unknown>\n#2 0x5651d817999e <unknown>\n#3 0x5651d8179aa1 <unknown>\n#4 0x5651d81c4d64 <unknown>\n#5 0x5651d81a30dd <unknown>\n#6 0x5651d81c2006 <unknown>\n#7 0x5651d81a2e53 <unknown>\n#8 0x5651d816add4 <unknown>\n#9 0x5651d816c1de <unknown>\n#10 0x5651d8435531 <unknown>\n#11 0x5651d8439455 <unknown>\n#12 0x5651d8421f55 <unknown>\n#13 0x5651d843a0ef <unknown>\n#14 0x5651d840599f <unknown>\n#15 0x5651d845e008 <unknown>\n#16 0x5651d845e1d7 <unknown>\n#17 0x5651d8470124 <unknown>\n#18 0x7f0b5b889044 <unknown>","time":{"start":1703552588290,"stop":1703552588304,"duration":14}},{"uid":"adfc2d309e3e7dbd","reportUrl":"https://zaelcovsky.github.io/StroyremAutomation/181//#testresult/adfc2d309e3e7dbd","status":"broken","statusDetails":"selenium.common.exceptions.NoSuchElementException: Message: no such element: Unable to locate element: {\"method\":\"xpath\",\"selector\":\"(//a[@href='/articles'])[3]\"}\n  (Session info: chrome-headless-shell=120.0.6099.109); For documentation on this error, please visit: https://www.selenium.dev/documentation/webdriver/troubleshooting/errors#no-such-element-exception\nStacktrace:\n#0 0x55e98e047f83 <unknown>\n#1 0x55e98dd00cf7 <unknown>\n#2 0x55e98dd5099e <unknown>\n#3 0x55e98dd50aa1 <unknown>\n#4 0x55e98dd9bd64 <unknown>\n#5 0x55e98dd7a0dd <unknown>\n#6 0x55e98dd99006 <unknown>\n#7 0x55e98dd79e53 <unknown>\n#8 0x55e98dd41dd4 <unknown>\n#9 0x55e98dd431de <unknown>\n#10 0x55e98e00c531 <unknown>\n#11 0x55e98e010455 <unknown>\n#12 0x55e98dff8f55 <unknown>\n#13 0x55e98e0110ef <unknown>\n#14 0x55e98dfdc99f <unknown>\n#15 0x55e98e035008 <unknown>\n#16 0x55e98e0351d7 <unknown>\n#17 0x55e98e047124 <unknown>\n#18 0x7f7c45bdb044 <unknown>","time":{"start":1703466357274,"stop":1703466357287,"duration":13}},{"uid":"c788b727c70ca2b2","reportUrl":"https://zaelcovsky.github.io/StroyremAutomation/180//#testresult/c788b727c70ca2b2","status":"broken","statusDetails":"selenium.common.exceptions.NoSuchElementException: Message: no such element: Unable to locate element: {\"method\":\"xpath\",\"selector\":\"(//a[@href='/articles'])[3]\"}\n  (Session info: chrome-headless-shell=120.0.6099.109); For documentation on this error, please visit: https://www.selenium.dev/documentation/webdriver/troubleshooting/errors#no-such-element-exception\nStacktrace:\n#0 0x561aa27e6f83 <unknown>\n#1 0x561aa249fcf7 <unknown>\n#2 0x561aa24ef99e <unknown>\n#3 0x561aa24efaa1 <unknown>\n#4 0x561aa253ad64 <unknown>\n#5 0x561aa25190dd <unknown>\n#6 0x561aa2538006 <unknown>\n#7 0x561aa2518e53 <unknown>\n#8 0x561aa24e0dd4 <unknown>\n#9 0x561aa24e21de <unknown>\n#10 0x561aa27ab531 <unknown>\n#11 0x561aa27af455 <unknown>\n#12 0x561aa2797f55 <unknown>\n#13 0x561aa27b00ef <unknown>\n#14 0x561aa277b99f <unknown>\n#15 0x561aa27d4008 <unknown>\n#16 0x561aa27d41d7 <unknown>\n#17 0x561aa27e6124 <unknown>\n#18 0x7f8d52161044 <unknown>","time":{"start":1703380142991,"stop":1703380143003,"duration":12}},{"uid":"b9593f6483431efe","reportUrl":"https://zaelcovsky.github.io/StroyremAutomation/179//#testresult/b9593f6483431efe","status":"broken","statusDetails":"selenium.common.exceptions.NoSuchElementException: Message: no such element: Unable to locate element: {\"method\":\"xpath\",\"selector\":\"(//a[@href='/articles'])[3]\"}\n  (Session info: chrome-headless-shell=120.0.6099.109); For documentation on this error, please visit: https://www.selenium.dev/documentation/webdriver/troubleshooting/errors#no-such-element-exception\nStacktrace:\n#0 0x55ce1dd58f83 <unknown>\n#1 0x55ce1da11cf7 <unknown>\n#2 0x55ce1da6199e <unknown>\n#3 0x55ce1da61aa1 <unknown>\n#4 0x55ce1daacd64 <unknown>\n#5 0x55ce1da8b0dd <unknown>\n#6 0x55ce1daaa006 <unknown>\n#7 0x55ce1da8ae53 <unknown>\n#8 0x55ce1da52dd4 <unknown>\n#9 0x55ce1da541de <unknown>\n#10 0x55ce1dd1d531 <unknown>\n#11 0x55ce1dd21455 <unknown>\n#12 0x55ce1dd09f55 <unknown>\n#13 0x55ce1dd220ef <unknown>\n#14 0x55ce1dced99f <unknown>\n#15 0x55ce1dd46008 <unknown>\n#16 0x55ce1dd461d7 <unknown>\n#17 0x55ce1dd58124 <unknown>\n#18 0x7fde58591044 <unknown>","time":{"start":1703293363382,"stop":1703293363395,"duration":13}},{"uid":"c788b98a418db1e0","reportUrl":"https://zaelcovsky.github.io/StroyremAutomation/178//#testresult/c788b98a418db1e0","status":"broken","statusDetails":"selenium.common.exceptions.NoSuchElementException: Message: no such element: Unable to locate element: {\"method\":\"xpath\",\"selector\":\"(//a[@href='/articles'])[3]\"}\n  (Session info: chrome-headless-shell=120.0.6099.109); For documentation on this error, please visit: https://www.selenium.dev/documentation/webdriver/troubleshooting/errors#no-such-element-exception\nStacktrace:\n#0 0x5577a572af83 <unknown>\n#1 0x5577a53e3cf7 <unknown>\n#2 0x5577a543399e <unknown>\n#3 0x5577a5433aa1 <unknown>\n#4 0x5577a547ed64 <unknown>\n#5 0x5577a545d0dd <unknown>\n#6 0x5577a547c006 <unknown>\n#7 0x5577a545ce53 <unknown>\n#8 0x5577a5424dd4 <unknown>\n#9 0x5577a54261de <unknown>\n#10 0x5577a56ef531 <unknown>\n#11 0x5577a56f3455 <unknown>\n#12 0x5577a56dbf55 <unknown>\n#13 0x5577a56f40ef <unknown>\n#14 0x5577a56bf99f <unknown>\n#15 0x5577a5718008 <unknown>\n#16 0x5577a57181d7 <unknown>\n#17 0x5577a572a124 <unknown>\n#18 0x7f1065879044 <unknown>","time":{"start":1703207052307,"stop":1703207052320,"duration":13}},{"uid":"e04efe52dd6534ed","reportUrl":"https://zaelcovsky.github.io/StroyremAutomation/177//#testresult/e04efe52dd6534ed","status":"broken","statusDetails":"selenium.common.exceptions.NoSuchElementException: Message: no such element: Unable to locate element: {\"method\":\"xpath\",\"selector\":\"(//a[@href='/articles'])[3]\"}\n  (Session info: chrome-headless-shell=120.0.6099.109); For documentation on this error, please visit: https://www.selenium.dev/documentation/webdriver/troubleshooting/errors#no-such-element-exception\nStacktrace:\n#0 0x563711fdef83 <unknown>\n#1 0x563711c97cf7 <unknown>\n#2 0x563711ce799e <unknown>\n#3 0x563711ce7aa1 <unknown>\n#4 0x563711d32d64 <unknown>\n#5 0x563711d110dd <unknown>\n#6 0x563711d30006 <unknown>\n#7 0x563711d10e53 <unknown>\n#8 0x563711cd8dd4 <unknown>\n#9 0x563711cda1de <unknown>\n#10 0x563711fa3531 <unknown>\n#11 0x563711fa7455 <unknown>\n#12 0x563711f8ff55 <unknown>\n#13 0x563711fa80ef <unknown>\n#14 0x563711f7399f <unknown>\n#15 0x563711fcc008 <unknown>\n#16 0x563711fcc1d7 <unknown>\n#17 0x563711fde124 <unknown>\n#18 0x7f09c55e3044 <unknown>","time":{"start":1703120667530,"stop":1703120667542,"duration":12}},{"uid":"6d02cbff0edccb44","reportUrl":"https://zaelcovsky.github.io/StroyremAutomation/176//#testresult/6d02cbff0edccb44","status":"broken","statusDetails":"selenium.common.exceptions.NoSuchElementException: Message: no such element: Unable to locate element: {\"method\":\"xpath\",\"selector\":\"(//a[@href='/articles'])[3]\"}\n  (Session info: chrome-headless-shell=120.0.6099.109); For documentation on this error, please visit: https://www.selenium.dev/documentation/webdriver/troubleshooting/errors#no-such-element-exception\nStacktrace:\n#0 0x5605bc508f83 <unknown>\n#1 0x5605bc1c1cf7 <unknown>\n#2 0x5605bc21199e <unknown>\n#3 0x5605bc211aa1 <unknown>\n#4 0x5605bc25cd64 <unknown>\n#5 0x5605bc23b0dd <unknown>\n#6 0x5605bc25a006 <unknown>\n#7 0x5605bc23ae53 <unknown>\n#8 0x5605bc202dd4 <unknown>\n#9 0x5605bc2041de <unknown>\n#10 0x5605bc4cd531 <unknown>\n#11 0x5605bc4d1455 <unknown>\n#12 0x5605bc4b9f55 <unknown>\n#13 0x5605bc4d20ef <unknown>\n#14 0x5605bc49d99f <unknown>\n#15 0x5605bc4f6008 <unknown>\n#16 0x5605bc4f61d7 <unknown>\n#17 0x5605bc508124 <unknown>\n#18 0x7f43f65c5044 <unknown>","time":{"start":1703033679707,"stop":1703033679721,"duration":14}},{"uid":"242ff02efc88d32","reportUrl":"https://zaelcovsky.github.io/StroyremAutomation/175//#testresult/242ff02efc88d32","status":"broken","statusDetails":"selenium.common.exceptions.NoSuchElementException: Message: no such element: Unable to locate element: {\"method\":\"xpath\",\"selector\":\"(//a[@href='/articles'])[3]\"}\n  (Session info: chrome-headless-shell=120.0.6099.109); For documentation on this error, please visit: https://www.selenium.dev/documentation/webdriver/troubleshooting/errors#no-such-element-exception\nStacktrace:\n#0 0x5633743a9f83 <unknown>\n#1 0x563374062cf7 <unknown>\n#2 0x5633740b299e <unknown>\n#3 0x5633740b2aa1 <unknown>\n#4 0x5633740fdd64 <unknown>\n#5 0x5633740dc0dd <unknown>\n#6 0x5633740fb006 <unknown>\n#7 0x5633740dbe53 <unknown>\n#8 0x5633740a3dd4 <unknown>\n#9 0x5633740a51de <unknown>\n#10 0x56337436e531 <unknown>\n#11 0x563374372455 <unknown>\n#12 0x56337435af55 <unknown>\n#13 0x5633743730ef <unknown>\n#14 0x56337433e99f <unknown>\n#15 0x563374397008 <unknown>\n#16 0x5633743971d7 <unknown>\n#17 0x5633743a9124 <unknown>\n#18 0x7f1b907c0044 <unknown>","time":{"start":1702947940056,"stop":1702947940068,"duration":12}}]},"tags":["smoke_test"]},"source":"8e485479207cdaff.json","parameterValues":["'https://test2.stroyrem-nn.ru/'"]}