{"uid":"a6c82f97c239b706","name":"TD 026 Доставка товара весом до 11000кг. в синей зоне","fullName":"tests.delivery.test_delivery_calculation.TestDeliveryPageCalculation#test_positive_delivery_blue_zone_smoke","historyId":"8627394da03f78c724b6bd3e4cd7677c","time":{"start":1711588128442,"stop":1711588128769,"duration":327},"status":"skipped","statusMessage":"XFAIL\n\nselenium.common.exceptions.NoSuchElementException: Message: no such element: Unable to locate element: {\"method\":\"xpath\",\"selector\":\"(//a[@class='add-to-cart yellow-btn'])[1]\"}\n  (Session info: chrome-headless-shell=123.0.6312.86); For documentation on this error, please visit: https://www.selenium.dev/documentation/webdriver/troubleshooting/errors#no-such-element-exception\nStacktrace:\n#0 0x55f8b91a88a3 <unknown>\n#1 0x55f8b8e9e8c6 <unknown>\n#2 0x55f8b8ee9618 <unknown>\n#3 0x55f8b8ee96d1 <unknown>\n#4 0x55f8b8f2c744 <unknown>\n#5 0x55f8b8f0b5cd <unknown>\n#6 0x55f8b8f29c19 <unknown>\n#7 0x55f8b8f0b343 <unknown>\n#8 0x55f8b8edc593 <unknown>\n#9 0x55f8b8edcf5e <unknown>\n#10 0x55f8b916c88b <unknown>\n#11 0x55f8b91707e5 <unknown>\n#12 0x55f8b915a5b1 <unknown>\n#13 0x55f8b9171372 <unknown>\n#14 0x55f8b913f8bf <unknown>\n#15 0x55f8b9197768 <unknown>\n#16 0x55f8b919793b <unknown>\n#17 0x55f8b91a79f4 <unknown>\n#18 0x7fb271ef7134 <unknown>","statusTrace":"self = <tests.delivery.test_delivery_calculation.TestDeliveryPageCalculation object at 0x7f1c7518f590>\ndriver = <selenium.webdriver.chrome.webdriver.WebDriver (session=\"1b621895ec23cb8e8425dffe1baf0e03\")>\nurl = 'https://sandboxtest.stroyrem-nn.ru/', case_id = 'TD 026'\nlink_item = 'products/shtukaturka-gipsovaya-aksolit-m50-30-kg-mashinnogo-naneseniya'\namount = 366, weight = 11000, standard = 8000, in_time = 14900, all_time = 19900\n\n    @pytest.mark.parametrize('case_id, link_item, amount, weight, standard, in_time, all_time', [\n        (\"TD 015\", bundeks_25, 1, 30, 650, 2390, 3320),\n        pytest.param(\n            \"TD 016\", aksolit_30, 8, 300, 650, 2390, 3320,\n            marks=pytest.mark.xfail(reson=\"Цена доставки: - - -\")\n        ),\n        (\"TD 017\", aksolit_30, 13, 400, 650, 2390, 3320),\n        (\"TD 018\", aksolit_30, 16, 500, 850, 2490, 3320),\n        (\"TD 019\", aksolit_30, 25, 1700, 1150, 2490, 3320),\n        (\"TD 020\", aksolit_30, 66, 2000, 1500, 2990, 3650),\n        (\"TD 021\", aksolit_30, 149, 4500, 2600, 4380, 4890),\n        (\"TD 022\", aksolit_30, 166, 5000, 2800, 5490, 5980),\n        pytest.param(\n            \"TD 023\", aksolit_30, 206, 6200, 3300, 7500, 8000,\n            marks=pytest.mark.xfail(reson=\"Цена доставки: 4300 9900 11440\")\n        ),\n        (\"TD 024\", aksolit_30, 299, 9000, 4300, 9900, 11440),\n        (\"TD 025\", aksolit_30, 333, 10000, 7000, 13900, 15900),\n        pytest.param(\n            \"TD 026\", aksolit_30, 366, 11000, 8000, 14900, 19900,\n            marks=pytest.mark.xfail(reson=\"Цена доставки: 7000 13900 15900\")\n        ),\n        pytest.param(\n            \"TD 027\", aksolit_30, 666, 20000, 14000, 16900, 23900,\n            marks=pytest.mark.xfail(reson=\"Цена доставки: 7000 13900 15900\")\n        )\n    ])\n    @pytest.mark.smoke\n    def test_positive_delivery_blue_zone_smoke(\n            self, driver, url, case_id, link_item, amount, weight, standard, in_time, all_time\n    ):\n        allure.dynamic.title(f\"{case_id} Доставка товара весом до {weight}кг. в синей зоне\")\n    \n        driver.get(f'{url}{link_item}')\n        item_page = ItemPage(driver)\n>       item_page.add_item_to_cart(amount).click_on_cart()\n\ntests/delivery/test_delivery_calculation.py:130: \n_ _ _ _ _ _ _ _ _ _ _ _ _ _ _ _ _ _ _ _ _ _ _ _ _ _ _ _ _ _ _ _ _ _ _ _ _ _ _ _ \npages/item_page.py:40: in add_item_to_cart\n    self.find_element(self._add_item).click()\nbase/seleniumbase.py:17: in find_element\n    return self.driver.find_element(*locator)\n/usr/local/lib/python3.11/site-packages/selenium/webdriver/remote/webdriver.py:740: in find_element\n    return self.execute(Command.FIND_ELEMENT, {\"using\": by, \"value\": value})[\"value\"]\n/usr/local/lib/python3.11/site-packages/selenium/webdriver/remote/webdriver.py:346: in execute\n    self.error_handler.check_response(response)\n_ _ _ _ _ _ _ _ _ _ _ _ _ _ _ _ _ _ _ _ _ _ _ _ _ _ _ _ _ _ _ _ _ _ _ _ _ _ _ _ \n\nself = <selenium.webdriver.remote.errorhandler.ErrorHandler object at 0x7f1c74378dd0>\nresponse = {'status': 404, 'value': '{\"value\":{\"error\":\"no such element\",\"message\":\"no such element: Unable to locate element: {\\...\\\\n#16 0x55f8b919793b \\\\u003Cunknown>\\\\n#17 0x55f8b91a79f4 \\\\u003Cunknown>\\\\n#18 0x7fb271ef7134 \\\\u003Cunknown>\\\\n\"}}'}\n\n    def check_response(self, response: Dict[str, Any]) -> None:\n        \"\"\"Checks that a JSON response from the WebDriver does not have an\n        error.\n    \n        :Args:\n         - response - The JSON response from the WebDriver server as a dictionary\n           object.\n    \n        :Raises: If the response contains an error message.\n        \"\"\"\n        status = response.get(\"status\", None)\n        if not status or status == ErrorCode.SUCCESS:\n            return\n        value = None\n        message = response.get(\"message\", \"\")\n        screen: str = response.get(\"screen\", \"\")\n        stacktrace = None\n        if isinstance(status, int):\n            value_json = response.get(\"value\", None)\n            if value_json and isinstance(value_json, str):\n                import json\n    \n                try:\n                    value = json.loads(value_json)\n                    if len(value) == 1:\n                        value = value[\"value\"]\n                    status = value.get(\"error\", None)\n                    if not status:\n                        status = value.get(\"status\", ErrorCode.UNKNOWN_ERROR)\n                        message = value.get(\"value\") or value.get(\"message\")\n                        if not isinstance(message, str):\n                            value = message\n                            message = message.get(\"message\")\n                    else:\n                        message = value.get(\"message\", None)\n                except ValueError:\n                    pass\n    \n        exception_class: Type[WebDriverException]\n        if status in ErrorCode.NO_SUCH_ELEMENT:\n            exception_class = NoSuchElementException\n        elif status in ErrorCode.NO_SUCH_FRAME:\n            exception_class = NoSuchFrameException\n        elif status in ErrorCode.NO_SUCH_SHADOW_ROOT:\n            exception_class = NoSuchShadowRootException\n        elif status in ErrorCode.NO_SUCH_WINDOW:\n            exception_class = NoSuchWindowException\n        elif status in ErrorCode.STALE_ELEMENT_REFERENCE:\n            exception_class = StaleElementReferenceException\n        elif status in ErrorCode.ELEMENT_NOT_VISIBLE:\n            exception_class = ElementNotVisibleException\n        elif status in ErrorCode.INVALID_ELEMENT_STATE:\n            exception_class = InvalidElementStateException\n        elif (\n            status in ErrorCode.INVALID_SELECTOR\n            or status in ErrorCode.INVALID_XPATH_SELECTOR\n            or status in ErrorCode.INVALID_XPATH_SELECTOR_RETURN_TYPER\n        ):\n            exception_class = InvalidSelectorException\n        elif status in ErrorCode.ELEMENT_IS_NOT_SELECTABLE:\n            exception_class = ElementNotSelectableException\n        elif status in ErrorCode.ELEMENT_NOT_INTERACTABLE:\n            exception_class = ElementNotInteractableException\n        elif status in ErrorCode.INVALID_COOKIE_DOMAIN:\n            exception_class = InvalidCookieDomainException\n        elif status in ErrorCode.UNABLE_TO_SET_COOKIE:\n            exception_class = UnableToSetCookieException\n        elif status in ErrorCode.TIMEOUT:\n            exception_class = TimeoutException\n        elif status in ErrorCode.SCRIPT_TIMEOUT:\n            exception_class = TimeoutException\n        elif status in ErrorCode.UNKNOWN_ERROR:\n            exception_class = WebDriverException\n        elif status in ErrorCode.UNEXPECTED_ALERT_OPEN:\n            exception_class = UnexpectedAlertPresentException\n        elif status in ErrorCode.NO_ALERT_OPEN:\n            exception_class = NoAlertPresentException\n        elif status in ErrorCode.IME_NOT_AVAILABLE:\n            exception_class = ImeNotAvailableException\n        elif status in ErrorCode.IME_ENGINE_ACTIVATION_FAILED:\n            exception_class = ImeActivationFailedException\n        elif status in ErrorCode.MOVE_TARGET_OUT_OF_BOUNDS:\n            exception_class = MoveTargetOutOfBoundsException\n        elif status in ErrorCode.JAVASCRIPT_ERROR:\n            exception_class = JavascriptException\n        elif status in ErrorCode.SESSION_NOT_CREATED:\n            exception_class = SessionNotCreatedException\n        elif status in ErrorCode.INVALID_ARGUMENT:\n            exception_class = InvalidArgumentException\n        elif status in ErrorCode.NO_SUCH_COOKIE:\n            exception_class = NoSuchCookieException\n        elif status in ErrorCode.UNABLE_TO_CAPTURE_SCREEN:\n            exception_class = ScreenshotException\n        elif status in ErrorCode.ELEMENT_CLICK_INTERCEPTED:\n            exception_class = ElementClickInterceptedException\n        elif status in ErrorCode.INSECURE_CERTIFICATE:\n            exception_class = InsecureCertificateException\n        elif status in ErrorCode.INVALID_COORDINATES:\n            exception_class = InvalidCoordinatesException\n        elif status in ErrorCode.INVALID_SESSION_ID:\n            exception_class = InvalidSessionIdException\n        elif status in ErrorCode.UNKNOWN_METHOD:\n            exception_class = UnknownMethodException\n        else:\n            exception_class = WebDriverException\n        if not value:\n            value = response[\"value\"]\n        if isinstance(value, str):\n            raise exception_class(value)\n        if message == \"\" and \"message\" in value:\n            message = value[\"message\"]\n    \n        screen = None  # type: ignore[assignment]\n        if \"screen\" in value:\n            screen = value[\"screen\"]\n    \n        stacktrace = None\n        st_value = value.get(\"stackTrace\") or value.get(\"stacktrace\")\n        if st_value:\n            if isinstance(st_value, str):\n                stacktrace = st_value.split(\"\\n\")\n            else:\n                stacktrace = []\n                try:\n                    for frame in st_value:\n                        line = frame.get(\"lineNumber\", \"\")\n                        file = frame.get(\"fileName\", \"<anonymous>\")\n                        if line:\n                            file = f\"{file}:{line}\"\n                        meth = frame.get(\"methodName\", \"<anonymous>\")\n                        if \"className\" in frame:\n                            meth = f\"{frame['className']}.{meth}\"\n                        msg = \"    at %s (%s)\"\n                        msg = msg % (meth, file)\n                        stacktrace.append(msg)\n                except TypeError:\n                    pass\n        if exception_class == UnexpectedAlertPresentException:\n            alert_text = None\n            if \"data\" in value:\n                alert_text = value[\"data\"].get(\"text\")\n            elif \"alert\" in value:\n                alert_text = value[\"alert\"].get(\"text\")\n            raise exception_class(message, screen, stacktrace, alert_text)  # type: ignore[call-arg]  # mypy is not smart enough here\n>       raise exception_class(message, screen, stacktrace)\nE       selenium.common.exceptions.NoSuchElementException: Message: no such element: Unable to locate element: {\"method\":\"xpath\",\"selector\":\"(//a[@class='add-to-cart yellow-btn'])[1]\"}\nE         (Session info: chrome-headless-shell=123.0.6312.86); For documentation on this error, please visit: https://www.selenium.dev/documentation/webdriver/troubleshooting/errors#no-such-element-exception\nE       Stacktrace:\nE       #0 0x55f8b91a88a3 <unknown>\nE       #1 0x55f8b8e9e8c6 <unknown>\nE       #2 0x55f8b8ee9618 <unknown>\nE       #3 0x55f8b8ee96d1 <unknown>\nE       #4 0x55f8b8f2c744 <unknown>\nE       #5 0x55f8b8f0b5cd <unknown>\nE       #6 0x55f8b8f29c19 <unknown>\nE       #7 0x55f8b8f0b343 <unknown>\nE       #8 0x55f8b8edc593 <unknown>\nE       #9 0x55f8b8edcf5e <unknown>\nE       #10 0x55f8b916c88b <unknown>\nE       #11 0x55f8b91707e5 <unknown>\nE       #12 0x55f8b915a5b1 <unknown>\nE       #13 0x55f8b9171372 <unknown>\nE       #14 0x55f8b913f8bf <unknown>\nE       #15 0x55f8b9197768 <unknown>\nE       #16 0x55f8b919793b <unknown>\nE       #17 0x55f8b91a79f4 <unknown>\nE       #18 0x7fb271ef7134 <unknown>\n\n/usr/local/lib/python3.11/site-packages/selenium/webdriver/remote/errorhandler.py:245: NoSuchElementException","flaky":false,"newFailed":false,"newBroken":false,"newPassed":false,"retriesCount":0,"retriesStatusChange":false,"beforeStages":[{"name":"_session_faker","time":{"start":1711587666570,"stop":1711587666636,"duration":66},"status":"passed","steps":[],"attachments":[],"parameters":[],"shouldDisplayMessage":false,"stepsCount":0,"attachmentsCount":0,"hasContent":false,"attachmentStep":false},{"name":"clear_allure_results_folder","time":{"start":1711587666636,"stop":1711587666636,"duration":0},"status":"passed","steps":[],"attachments":[],"parameters":[],"shouldDisplayMessage":false,"stepsCount":0,"attachmentsCount":0,"hasContent":false,"attachmentStep":false},{"name":"driver","time":{"start":1711588127707,"stop":1711588128441,"duration":734},"status":"passed","steps":[],"attachments":[],"parameters":[],"shouldDisplayMessage":false,"stepsCount":0,"attachmentsCount":0,"hasContent":false,"attachmentStep":false},{"name":"setup","time":{"start":1711588128441,"stop":1711588128441,"duration":0},"status":"passed","steps":[],"attachments":[],"parameters":[],"shouldDisplayMessage":false,"stepsCount":0,"attachmentsCount":0,"hasContent":false,"attachmentStep":false}],"testStage":{"status":"skipped","statusMessage":"XFAIL\n\nselenium.common.exceptions.NoSuchElementException: Message: no such element: Unable to locate element: {\"method\":\"xpath\",\"selector\":\"(//a[@class='add-to-cart yellow-btn'])[1]\"}\n  (Session info: chrome-headless-shell=123.0.6312.86); For documentation on this error, please visit: https://www.selenium.dev/documentation/webdriver/troubleshooting/errors#no-such-element-exception\nStacktrace:\n#0 0x55f8b91a88a3 <unknown>\n#1 0x55f8b8e9e8c6 <unknown>\n#2 0x55f8b8ee9618 <unknown>\n#3 0x55f8b8ee96d1 <unknown>\n#4 0x55f8b8f2c744 <unknown>\n#5 0x55f8b8f0b5cd <unknown>\n#6 0x55f8b8f29c19 <unknown>\n#7 0x55f8b8f0b343 <unknown>\n#8 0x55f8b8edc593 <unknown>\n#9 0x55f8b8edcf5e <unknown>\n#10 0x55f8b916c88b <unknown>\n#11 0x55f8b91707e5 <unknown>\n#12 0x55f8b915a5b1 <unknown>\n#13 0x55f8b9171372 <unknown>\n#14 0x55f8b913f8bf <unknown>\n#15 0x55f8b9197768 <unknown>\n#16 0x55f8b919793b <unknown>\n#17 0x55f8b91a79f4 <unknown>\n#18 0x7fb271ef7134 <unknown>","statusTrace":"self = <tests.delivery.test_delivery_calculation.TestDeliveryPageCalculation object at 0x7f1c7518f590>\ndriver = <selenium.webdriver.chrome.webdriver.WebDriver (session=\"1b621895ec23cb8e8425dffe1baf0e03\")>\nurl = 'https://sandboxtest.stroyrem-nn.ru/', case_id = 'TD 026'\nlink_item = 'products/shtukaturka-gipsovaya-aksolit-m50-30-kg-mashinnogo-naneseniya'\namount = 366, weight = 11000, standard = 8000, in_time = 14900, all_time = 19900\n\n    @pytest.mark.parametrize('case_id, link_item, amount, weight, standard, in_time, all_time', [\n        (\"TD 015\", bundeks_25, 1, 30, 650, 2390, 3320),\n        pytest.param(\n            \"TD 016\", aksolit_30, 8, 300, 650, 2390, 3320,\n            marks=pytest.mark.xfail(reson=\"Цена доставки: - - -\")\n        ),\n        (\"TD 017\", aksolit_30, 13, 400, 650, 2390, 3320),\n        (\"TD 018\", aksolit_30, 16, 500, 850, 2490, 3320),\n        (\"TD 019\", aksolit_30, 25, 1700, 1150, 2490, 3320),\n        (\"TD 020\", aksolit_30, 66, 2000, 1500, 2990, 3650),\n        (\"TD 021\", aksolit_30, 149, 4500, 2600, 4380, 4890),\n        (\"TD 022\", aksolit_30, 166, 5000, 2800, 5490, 5980),\n        pytest.param(\n            \"TD 023\", aksolit_30, 206, 6200, 3300, 7500, 8000,\n            marks=pytest.mark.xfail(reson=\"Цена доставки: 4300 9900 11440\")\n        ),\n        (\"TD 024\", aksolit_30, 299, 9000, 4300, 9900, 11440),\n        (\"TD 025\", aksolit_30, 333, 10000, 7000, 13900, 15900),\n        pytest.param(\n            \"TD 026\", aksolit_30, 366, 11000, 8000, 14900, 19900,\n            marks=pytest.mark.xfail(reson=\"Цена доставки: 7000 13900 15900\")\n        ),\n        pytest.param(\n            \"TD 027\", aksolit_30, 666, 20000, 14000, 16900, 23900,\n            marks=pytest.mark.xfail(reson=\"Цена доставки: 7000 13900 15900\")\n        )\n    ])\n    @pytest.mark.smoke\n    def test_positive_delivery_blue_zone_smoke(\n            self, driver, url, case_id, link_item, amount, weight, standard, in_time, all_time\n    ):\n        allure.dynamic.title(f\"{case_id} Доставка товара весом до {weight}кг. в синей зоне\")\n    \n        driver.get(f'{url}{link_item}')\n        item_page = ItemPage(driver)\n>       item_page.add_item_to_cart(amount).click_on_cart()\n\ntests/delivery/test_delivery_calculation.py:130: \n_ _ _ _ _ _ _ _ _ _ _ _ _ _ _ _ _ _ _ _ _ _ _ _ _ _ _ _ _ _ _ _ _ _ _ _ _ _ _ _ \npages/item_page.py:40: in add_item_to_cart\n    self.find_element(self._add_item).click()\nbase/seleniumbase.py:17: in find_element\n    return self.driver.find_element(*locator)\n/usr/local/lib/python3.11/site-packages/selenium/webdriver/remote/webdriver.py:740: in find_element\n    return self.execute(Command.FIND_ELEMENT, {\"using\": by, \"value\": value})[\"value\"]\n/usr/local/lib/python3.11/site-packages/selenium/webdriver/remote/webdriver.py:346: in execute\n    self.error_handler.check_response(response)\n_ _ _ _ _ _ _ _ _ _ _ _ _ _ _ _ _ _ _ _ _ _ _ _ _ _ _ _ _ _ _ _ _ _ _ _ _ _ _ _ \n\nself = <selenium.webdriver.remote.errorhandler.ErrorHandler object at 0x7f1c74378dd0>\nresponse = {'status': 404, 'value': '{\"value\":{\"error\":\"no such element\",\"message\":\"no such element: Unable to locate element: {\\...\\\\n#16 0x55f8b919793b \\\\u003Cunknown>\\\\n#17 0x55f8b91a79f4 \\\\u003Cunknown>\\\\n#18 0x7fb271ef7134 \\\\u003Cunknown>\\\\n\"}}'}\n\n    def check_response(self, response: Dict[str, Any]) -> None:\n        \"\"\"Checks that a JSON response from the WebDriver does not have an\n        error.\n    \n        :Args:\n         - response - The JSON response from the WebDriver server as a dictionary\n           object.\n    \n        :Raises: If the response contains an error message.\n        \"\"\"\n        status = response.get(\"status\", None)\n        if not status or status == ErrorCode.SUCCESS:\n            return\n        value = None\n        message = response.get(\"message\", \"\")\n        screen: str = response.get(\"screen\", \"\")\n        stacktrace = None\n        if isinstance(status, int):\n            value_json = response.get(\"value\", None)\n            if value_json and isinstance(value_json, str):\n                import json\n    \n                try:\n                    value = json.loads(value_json)\n                    if len(value) == 1:\n                        value = value[\"value\"]\n                    status = value.get(\"error\", None)\n                    if not status:\n                        status = value.get(\"status\", ErrorCode.UNKNOWN_ERROR)\n                        message = value.get(\"value\") or value.get(\"message\")\n                        if not isinstance(message, str):\n                            value = message\n                            message = message.get(\"message\")\n                    else:\n                        message = value.get(\"message\", None)\n                except ValueError:\n                    pass\n    \n        exception_class: Type[WebDriverException]\n        if status in ErrorCode.NO_SUCH_ELEMENT:\n            exception_class = NoSuchElementException\n        elif status in ErrorCode.NO_SUCH_FRAME:\n            exception_class = NoSuchFrameException\n        elif status in ErrorCode.NO_SUCH_SHADOW_ROOT:\n            exception_class = NoSuchShadowRootException\n        elif status in ErrorCode.NO_SUCH_WINDOW:\n            exception_class = NoSuchWindowException\n        elif status in ErrorCode.STALE_ELEMENT_REFERENCE:\n            exception_class = StaleElementReferenceException\n        elif status in ErrorCode.ELEMENT_NOT_VISIBLE:\n            exception_class = ElementNotVisibleException\n        elif status in ErrorCode.INVALID_ELEMENT_STATE:\n            exception_class = InvalidElementStateException\n        elif (\n            status in ErrorCode.INVALID_SELECTOR\n            or status in ErrorCode.INVALID_XPATH_SELECTOR\n            or status in ErrorCode.INVALID_XPATH_SELECTOR_RETURN_TYPER\n        ):\n            exception_class = InvalidSelectorException\n        elif status in ErrorCode.ELEMENT_IS_NOT_SELECTABLE:\n            exception_class = ElementNotSelectableException\n        elif status in ErrorCode.ELEMENT_NOT_INTERACTABLE:\n            exception_class = ElementNotInteractableException\n        elif status in ErrorCode.INVALID_COOKIE_DOMAIN:\n            exception_class = InvalidCookieDomainException\n        elif status in ErrorCode.UNABLE_TO_SET_COOKIE:\n            exception_class = UnableToSetCookieException\n        elif status in ErrorCode.TIMEOUT:\n            exception_class = TimeoutException\n        elif status in ErrorCode.SCRIPT_TIMEOUT:\n            exception_class = TimeoutException\n        elif status in ErrorCode.UNKNOWN_ERROR:\n            exception_class = WebDriverException\n        elif status in ErrorCode.UNEXPECTED_ALERT_OPEN:\n            exception_class = UnexpectedAlertPresentException\n        elif status in ErrorCode.NO_ALERT_OPEN:\n            exception_class = NoAlertPresentException\n        elif status in ErrorCode.IME_NOT_AVAILABLE:\n            exception_class = ImeNotAvailableException\n        elif status in ErrorCode.IME_ENGINE_ACTIVATION_FAILED:\n            exception_class = ImeActivationFailedException\n        elif status in ErrorCode.MOVE_TARGET_OUT_OF_BOUNDS:\n            exception_class = MoveTargetOutOfBoundsException\n        elif status in ErrorCode.JAVASCRIPT_ERROR:\n            exception_class = JavascriptException\n        elif status in ErrorCode.SESSION_NOT_CREATED:\n            exception_class = SessionNotCreatedException\n        elif status in ErrorCode.INVALID_ARGUMENT:\n            exception_class = InvalidArgumentException\n        elif status in ErrorCode.NO_SUCH_COOKIE:\n            exception_class = NoSuchCookieException\n        elif status in ErrorCode.UNABLE_TO_CAPTURE_SCREEN:\n            exception_class = ScreenshotException\n        elif status in ErrorCode.ELEMENT_CLICK_INTERCEPTED:\n            exception_class = ElementClickInterceptedException\n        elif status in ErrorCode.INSECURE_CERTIFICATE:\n            exception_class = InsecureCertificateException\n        elif status in ErrorCode.INVALID_COORDINATES:\n            exception_class = InvalidCoordinatesException\n        elif status in ErrorCode.INVALID_SESSION_ID:\n            exception_class = InvalidSessionIdException\n        elif status in ErrorCode.UNKNOWN_METHOD:\n            exception_class = UnknownMethodException\n        else:\n            exception_class = WebDriverException\n        if not value:\n            value = response[\"value\"]\n        if isinstance(value, str):\n            raise exception_class(value)\n        if message == \"\" and \"message\" in value:\n            message = value[\"message\"]\n    \n        screen = None  # type: ignore[assignment]\n        if \"screen\" in value:\n            screen = value[\"screen\"]\n    \n        stacktrace = None\n        st_value = value.get(\"stackTrace\") or value.get(\"stacktrace\")\n        if st_value:\n            if isinstance(st_value, str):\n                stacktrace = st_value.split(\"\\n\")\n            else:\n                stacktrace = []\n                try:\n                    for frame in st_value:\n                        line = frame.get(\"lineNumber\", \"\")\n                        file = frame.get(\"fileName\", \"<anonymous>\")\n                        if line:\n                            file = f\"{file}:{line}\"\n                        meth = frame.get(\"methodName\", \"<anonymous>\")\n                        if \"className\" in frame:\n                            meth = f\"{frame['className']}.{meth}\"\n                        msg = \"    at %s (%s)\"\n                        msg = msg % (meth, file)\n                        stacktrace.append(msg)\n                except TypeError:\n                    pass\n        if exception_class == UnexpectedAlertPresentException:\n            alert_text = None\n            if \"data\" in value:\n                alert_text = value[\"data\"].get(\"text\")\n            elif \"alert\" in value:\n                alert_text = value[\"alert\"].get(\"text\")\n            raise exception_class(message, screen, stacktrace, alert_text)  # type: ignore[call-arg]  # mypy is not smart enough here\n>       raise exception_class(message, screen, stacktrace)\nE       selenium.common.exceptions.NoSuchElementException: Message: no such element: Unable to locate element: {\"method\":\"xpath\",\"selector\":\"(//a[@class='add-to-cart yellow-btn'])[1]\"}\nE         (Session info: chrome-headless-shell=123.0.6312.86); For documentation on this error, please visit: https://www.selenium.dev/documentation/webdriver/troubleshooting/errors#no-such-element-exception\nE       Stacktrace:\nE       #0 0x55f8b91a88a3 <unknown>\nE       #1 0x55f8b8e9e8c6 <unknown>\nE       #2 0x55f8b8ee9618 <unknown>\nE       #3 0x55f8b8ee96d1 <unknown>\nE       #4 0x55f8b8f2c744 <unknown>\nE       #5 0x55f8b8f0b5cd <unknown>\nE       #6 0x55f8b8f29c19 <unknown>\nE       #7 0x55f8b8f0b343 <unknown>\nE       #8 0x55f8b8edc593 <unknown>\nE       #9 0x55f8b8edcf5e <unknown>\nE       #10 0x55f8b916c88b <unknown>\nE       #11 0x55f8b91707e5 <unknown>\nE       #12 0x55f8b915a5b1 <unknown>\nE       #13 0x55f8b9171372 <unknown>\nE       #14 0x55f8b913f8bf <unknown>\nE       #15 0x55f8b9197768 <unknown>\nE       #16 0x55f8b919793b <unknown>\nE       #17 0x55f8b91a79f4 <unknown>\nE       #18 0x7fb271ef7134 <unknown>\n\n/usr/local/lib/python3.11/site-packages/selenium/webdriver/remote/errorhandler.py:245: NoSuchElementException","steps":[{"name":"Добавляем товар в корзину в количестве 366","time":{"start":1711588128756,"stop":1711588128768,"duration":12},"status":"broken","statusMessage":"selenium.common.exceptions.NoSuchElementException: Message: no such element: Unable to locate element: {\"method\":\"xpath\",\"selector\":\"(//a[@class='add-to-cart yellow-btn'])[1]\"}\n  (Session info: chrome-headless-shell=123.0.6312.86); For documentation on this error, please visit: https://www.selenium.dev/documentation/webdriver/troubleshooting/errors#no-such-element-exception\nStacktrace:\n#0 0x55f8b91a88a3 <unknown>\n#1 0x55f8b8e9e8c6 <unknown>\n#2 0x55f8b8ee9618 <unknown>\n#3 0x55f8b8ee96d1 <unknown>\n#4 0x55f8b8f2c744 <unknown>\n#5 0x55f8b8f0b5cd <unknown>\n#6 0x55f8b8f29c19 <unknown>\n#7 0x55f8b8f0b343 <unknown>\n#8 0x55f8b8edc593 <unknown>\n#9 0x55f8b8edcf5e <unknown>\n#10 0x55f8b916c88b <unknown>\n#11 0x55f8b91707e5 <unknown>\n#12 0x55f8b915a5b1 <unknown>\n#13 0x55f8b9171372 <unknown>\n#14 0x55f8b913f8bf <unknown>\n#15 0x55f8b9197768 <unknown>\n#16 0x55f8b919793b <unknown>\n#17 0x55f8b91a79f4 <unknown>\n#18 0x7fb271ef7134 <unknown>\n\n","statusTrace":"  File \"/usr/local/lib/python3.11/site-packages/allure_commons/_allure.py\", line 192, in impl\n    return func(*a, **kw)\n           ^^^^^^^^^^^^^^\n  File \"/app/pages/item_page.py\", line 40, in add_item_to_cart\n    self.find_element(self._add_item).click()\n    ^^^^^^^^^^^^^^^^^^^^^^^^^^^^^^^^^\n  File \"/app/base/seleniumbase.py\", line 17, in find_element\n    return self.driver.find_element(*locator)\n           ^^^^^^^^^^^^^^^^^^^^^^^^^^^^^^^^^^\n  File \"/usr/local/lib/python3.11/site-packages/selenium/webdriver/remote/webdriver.py\", line 740, in find_element\n    return self.execute(Command.FIND_ELEMENT, {\"using\": by, \"value\": value})[\"value\"]\n           ^^^^^^^^^^^^^^^^^^^^^^^^^^^^^^^^^^^^^^^^^^^^^^^^^^^^^^^^^^^^^^^^^\n  File \"/usr/local/lib/python3.11/site-packages/selenium/webdriver/remote/webdriver.py\", line 346, in execute\n    self.error_handler.check_response(response)\n  File \"/usr/local/lib/python3.11/site-packages/selenium/webdriver/remote/errorhandler.py\", line 245, in check_response\n    raise exception_class(message, screen, stacktrace)\n","steps":[],"attachments":[],"parameters":[{"name":"amount","value":"366"}],"shouldDisplayMessage":true,"stepsCount":0,"attachmentsCount":0,"hasContent":true,"attachmentStep":false}],"attachments":[{"uid":"caf380fc09da0b63","name":"Screenshot","source":"caf380fc09da0b63.png","type":"image/png","size":5862},{"uid":"c390574d2d12e6b","name":"HTML source","source":"c390574d2d12e6b.html","type":"text/html","size":39}],"parameters":[],"shouldDisplayMessage":true,"stepsCount":1,"attachmentsCount":2,"hasContent":true,"attachmentStep":false},"afterStages":[{"name":"setup::0","time":{"start":1711588128880,"stop":1711588128880,"duration":0},"status":"passed","steps":[],"attachments":[],"parameters":[],"shouldDisplayMessage":false,"stepsCount":0,"attachmentsCount":0,"hasContent":false,"attachmentStep":false},{"name":"driver::0","time":{"start":1711588128880,"stop":1711588128937,"duration":57},"status":"passed","steps":[],"attachments":[],"parameters":[],"shouldDisplayMessage":false,"stepsCount":0,"attachmentsCount":0,"hasContent":false,"attachmentStep":false}],"labels":[{"name":"epic","value":"Delivery Page - calculation"},{"name":"tag","value":"smoke"},{"name":"tag","value":"@pytest.mark.xfail(reson='Цена доставки: 7000 13900 15900')"},{"name":"parentSuite","value":"tests.delivery"},{"name":"suite","value":"test_delivery_calculation"},{"name":"subSuite","value":"TestDeliveryPageCalculation"},{"name":"host","value":"423763f47c3f"},{"name":"thread","value":"1-MainThread"},{"name":"framework","value":"pytest"},{"name":"language","value":"cpython3"},{"name":"package","value":"tests.delivery.test_delivery_calculation"},{"name":"resultFormat","value":"allure2"}],"parameters":[{"name":"all_time","value":"19900"},{"name":"amount","value":"366"},{"name":"case_id","value":"'TD 026'"},{"name":"in_time","value":"14900"},{"name":"link_item","value":"'products/shtukaturka-gipsovaya-aksolit-m50-30-kg-mashinnogo-naneseniya'"},{"name":"standard","value":"8000"},{"name":"url","value":"'https://sandboxtest.stroyrem-nn.ru/'"},{"name":"weight","value":"11000"}],"links":[],"hidden":false,"retry":false,"extra":{"severity":"normal","retries":[],"categories":[],"history":{"statistic":{"failed":0,"broken":0,"skipped":211,"passed":0,"unknown":0,"total":211},"items":[{"uid":"d50c47d506756e46","reportUrl":"https://zaelcovsky.github.io/StroyremAutomation/274//#testresult/d50c47d506756e46","status":"skipped","statusDetails":"XFAIL\n\nselenium.common.exceptions.NoSuchElementException: Message: no such element: Unable to locate element: {\"method\":\"xpath\",\"selector\":\"(//a[@class='add-to-cart yellow-btn'])[1]\"}\n  (Session info: chrome-headless-shell=123.0.6312.86); For documentation on this error, please visit: https://www.selenium.dev/documentation/webdriver/troubleshooting/errors#no-such-element-exception\nStacktrace:\n#0 0x56051fafb8a3 <unknown>\n#1 0x56051f7f18c6 <unknown>\n#2 0x56051f83c618 <unknown>\n#3 0x56051f83c6d1 <unknown>\n#4 0x56051f87f744 <unknown>\n#5 0x56051f85e5cd <unknown>\n#6 0x56051f87cc19 <unknown>\n#7 0x56051f85e343 <unknown>\n#8 0x56051f82f593 <unknown>\n#9 0x56051f82ff5e <unknown>\n#10 0x56051fabf88b <unknown>\n#11 0x56051fac37e5 <unknown>\n#12 0x56051faad5b1 <unknown>\n#13 0x56051fac4372 <unknown>\n#14 0x56051fa928bf <unknown>\n#15 0x56051faea768 <unknown>\n#16 0x56051faea93b <unknown>\n#17 0x56051fafa9f4 <unknown>\n#18 0x7f9668a74134 <unknown>","time":{"start":1711501781188,"stop":1711501781614,"duration":426}},{"uid":"98a2a74cb1166aed","reportUrl":"https://zaelcovsky.github.io/StroyremAutomation/273//#testresult/98a2a74cb1166aed","status":"skipped","statusDetails":"XFAIL\n\nselenium.common.exceptions.NoSuchElementException: Message: no such element: Unable to locate element: {\"method\":\"xpath\",\"selector\":\"(//a[@class='add-to-cart yellow-btn'])[1]\"}\n  (Session info: chrome-headless-shell=123.0.6312.58); For documentation on this error, please visit: https://www.selenium.dev/documentation/webdriver/troubleshooting/errors#no-such-element-exception\nStacktrace:\n#0 0x5573724f5993 <unknown>\n#1 0x5573721f0136 <unknown>\n#2 0x55737223ad48 <unknown>\n#3 0x55737223ae01 <unknown>\n#4 0x55737227de44 <unknown>\n#5 0x55737225ccfd <unknown>\n#6 0x55737227b319 <unknown>\n#7 0x55737225ca73 <unknown>\n#8 0x55737222dc93 <unknown>\n#9 0x55737222e65e <unknown>\n#10 0x5573724ba08b <unknown>\n#11 0x5573724be005 <unknown>\n#12 0x5573724a8491 <unknown>\n#13 0x5573724beb92 <unknown>\n#14 0x55737248d9ef <unknown>\n#15 0x5573724e4df8 <unknown>\n#16 0x5573724e4fcb <unknown>\n#17 0x5573724f4ae4 <unknown>\n#18 0x7fd723f50134 <unknown>","time":{"start":1711415347566,"stop":1711415347949,"duration":383}},{"uid":"374eaa5fafe9ed3f","reportUrl":"https://zaelcovsky.github.io/StroyremAutomation/272//#testresult/374eaa5fafe9ed3f","status":"skipped","statusDetails":"XFAIL\n\nselenium.common.exceptions.NoSuchElementException: Message: no such element: Unable to locate element: {\"method\":\"xpath\",\"selector\":\"(//a[@class='add-to-cart yellow-btn'])[1]\"}\n  (Session info: chrome-headless-shell=123.0.6312.58); For documentation on this error, please visit: https://www.selenium.dev/documentation/webdriver/troubleshooting/errors#no-such-element-exception\nStacktrace:\n#0 0x555f67f65993 <unknown>\n#1 0x555f67c60136 <unknown>\n#2 0x555f67caad48 <unknown>\n#3 0x555f67caae01 <unknown>\n#4 0x555f67cede44 <unknown>\n#5 0x555f67ccccfd <unknown>\n#6 0x555f67ceb319 <unknown>\n#7 0x555f67ccca73 <unknown>\n#8 0x555f67c9dc93 <unknown>\n#9 0x555f67c9e65e <unknown>\n#10 0x555f67f2a08b <unknown>\n#11 0x555f67f2e005 <unknown>\n#12 0x555f67f18491 <unknown>\n#13 0x555f67f2eb92 <unknown>\n#14 0x555f67efd9ef <unknown>\n#15 0x555f67f54df8 <unknown>\n#16 0x555f67f54fcb <unknown>\n#17 0x555f67f64ae4 <unknown>\n#18 0x7f9f70098134 <unknown>","time":{"start":1711328990553,"stop":1711328990961,"duration":408}},{"uid":"46ce637236c98b82","reportUrl":"https://zaelcovsky.github.io/StroyremAutomation/271//#testresult/46ce637236c98b82","status":"skipped","statusDetails":"XFAIL\n\nselenium.common.exceptions.NoSuchElementException: Message: no such element: Unable to locate element: {\"method\":\"xpath\",\"selector\":\"(//a[@class='add-to-cart yellow-btn'])[1]\"}\n  (Session info: chrome-headless-shell=123.0.6312.58); For documentation on this error, please visit: https://www.selenium.dev/documentation/webdriver/troubleshooting/errors#no-such-element-exception\nStacktrace:\n#0 0x563bf5cd7993 <unknown>\n#1 0x563bf59d2136 <unknown>\n#2 0x563bf5a1cd48 <unknown>\n#3 0x563bf5a1ce01 <unknown>\n#4 0x563bf5a5fe44 <unknown>\n#5 0x563bf5a3ecfd <unknown>\n#6 0x563bf5a5d319 <unknown>\n#7 0x563bf5a3ea73 <unknown>\n#8 0x563bf5a0fc93 <unknown>\n#9 0x563bf5a1065e <unknown>\n#10 0x563bf5c9c08b <unknown>\n#11 0x563bf5ca0005 <unknown>\n#12 0x563bf5c8a491 <unknown>\n#13 0x563bf5ca0b92 <unknown>\n#14 0x563bf5c6f9ef <unknown>\n#15 0x563bf5cc6df8 <unknown>\n#16 0x563bf5cc6fcb <unknown>\n#17 0x563bf5cd6ae4 <unknown>\n#18 0x7f9faedf0134 <unknown>","time":{"start":1711242925777,"stop":1711242926359,"duration":582}},{"uid":"5c945b2c9b38a5d4","reportUrl":"https://zaelcovsky.github.io/StroyremAutomation/270//#testresult/5c945b2c9b38a5d4","status":"skipped","statusDetails":"XFAIL\n\nselenium.common.exceptions.NoSuchElementException: Message: no such element: Unable to locate element: {\"method\":\"xpath\",\"selector\":\"(//a[@class='add-to-cart yellow-btn'])[1]\"}\n  (Session info: chrome-headless-shell=123.0.6312.58); For documentation on this error, please visit: https://www.selenium.dev/documentation/webdriver/troubleshooting/errors#no-such-element-exception\nStacktrace:\n#0 0x558f62487993 <unknown>\n#1 0x558f62182136 <unknown>\n#2 0x558f621ccd48 <unknown>\n#3 0x558f621cce01 <unknown>\n#4 0x558f6220fe44 <unknown>\n#5 0x558f621eecfd <unknown>\n#6 0x558f6220d319 <unknown>\n#7 0x558f621eea73 <unknown>\n#8 0x558f621bfc93 <unknown>\n#9 0x558f621c065e <unknown>\n#10 0x558f6244c08b <unknown>\n#11 0x558f62450005 <unknown>\n#12 0x558f6243a491 <unknown>\n#13 0x558f62450b92 <unknown>\n#14 0x558f6241f9ef <unknown>\n#15 0x558f62476df8 <unknown>\n#16 0x558f62476fcb <unknown>\n#17 0x558f62486ae4 <unknown>\n#18 0x7f7ef89e4134 <unknown>","time":{"start":1711156025430,"stop":1711156025756,"duration":326}},{"uid":"b0e42e5a36896a1b","reportUrl":"https://zaelcovsky.github.io/StroyremAutomation/269//#testresult/b0e42e5a36896a1b","status":"skipped","statusDetails":"XFAIL\n\nselenium.common.exceptions.NoSuchElementException: Message: no such element: Unable to locate element: {\"method\":\"xpath\",\"selector\":\"(//a[@class='add-to-cart yellow-btn'])[1]\"}\n  (Session info: chrome-headless-shell=123.0.6312.58); For documentation on this error, please visit: https://www.selenium.dev/documentation/webdriver/troubleshooting/errors#no-such-element-exception\nStacktrace:\n#0 0x561c0d3f8993 <unknown>\n#1 0x561c0d0f3136 <unknown>\n#2 0x561c0d13dd48 <unknown>\n#3 0x561c0d13de01 <unknown>\n#4 0x561c0d180e44 <unknown>\n#5 0x561c0d15fcfd <unknown>\n#6 0x561c0d17e319 <unknown>\n#7 0x561c0d15fa73 <unknown>\n#8 0x561c0d130c93 <unknown>\n#9 0x561c0d13165e <unknown>\n#10 0x561c0d3bd08b <unknown>\n#11 0x561c0d3c1005 <unknown>\n#12 0x561c0d3ab491 <unknown>\n#13 0x561c0d3c1b92 <unknown>\n#14 0x561c0d3909ef <unknown>\n#15 0x561c0d3e7df8 <unknown>\n#16 0x561c0d3e7fcb <unknown>\n#17 0x561c0d3f7ae4 <unknown>\n#18 0x7f6e6a999134 <unknown>","time":{"start":1711069735243,"stop":1711069735628,"duration":385}},{"uid":"3bcd37d386e582b3","reportUrl":"https://zaelcovsky.github.io/StroyremAutomation/268//#testresult/3bcd37d386e582b3","status":"skipped","statusDetails":"XFAIL\n\nselenium.common.exceptions.NoSuchElementException: Message: no such element: Unable to locate element: {\"method\":\"xpath\",\"selector\":\"(//a[@class='add-to-cart yellow-btn'])[1]\"}\n  (Session info: chrome-headless-shell=123.0.6312.58); For documentation on this error, please visit: https://www.selenium.dev/documentation/webdriver/troubleshooting/errors#no-such-element-exception\nStacktrace:\n#0 0x5600a6e39993 <unknown>\n#1 0x5600a6b34136 <unknown>\n#2 0x5600a6b7ed48 <unknown>\n#3 0x5600a6b7ee01 <unknown>\n#4 0x5600a6bc1e44 <unknown>\n#5 0x5600a6ba0cfd <unknown>\n#6 0x5600a6bbf319 <unknown>\n#7 0x5600a6ba0a73 <unknown>\n#8 0x5600a6b71c93 <unknown>\n#9 0x5600a6b7265e <unknown>\n#10 0x5600a6dfe08b <unknown>\n#11 0x5600a6e02005 <unknown>\n#12 0x5600a6dec491 <unknown>\n#13 0x5600a6e02b92 <unknown>\n#14 0x5600a6dd19ef <unknown>\n#15 0x5600a6e28df8 <unknown>\n#16 0x5600a6e28fcb <unknown>\n#17 0x5600a6e38ae4 <unknown>\n#18 0x7fb0bf9ad134 <unknown>","time":{"start":1710983426320,"stop":1710983426720,"duration":400}},{"uid":"f82dae22889a397","reportUrl":"https://zaelcovsky.github.io/StroyremAutomation/267//#testresult/f82dae22889a397","status":"skipped","statusDetails":"XFAIL\n\nselenium.common.exceptions.NoSuchElementException: Message: no such element: Unable to locate element: {\"method\":\"xpath\",\"selector\":\"(//a[@class='add-to-cart yellow-btn'])[1]\"}\n  (Session info: chrome-headless-shell=123.0.6312.58); For documentation on this error, please visit: https://www.selenium.dev/documentation/webdriver/troubleshooting/errors#no-such-element-exception\nStacktrace:\n#0 0x5c778f35a993 <unknown>\n#1 0x5c778f055136 <unknown>\n#2 0x5c778f09fd48 <unknown>\n#3 0x5c778f09fe01 <unknown>\n#4 0x5c778f0e2e44 <unknown>\n#5 0x5c778f0c1cfd <unknown>\n#6 0x5c778f0e0319 <unknown>\n#7 0x5c778f0c1a73 <unknown>\n#8 0x5c778f092c93 <unknown>\n#9 0x5c778f09365e <unknown>\n#10 0x5c778f31f08b <unknown>\n#11 0x5c778f323005 <unknown>\n#12 0x5c778f30d491 <unknown>\n#13 0x5c778f323b92 <unknown>\n#14 0x5c778f2f29ef <unknown>\n#15 0x5c778f349df8 <unknown>\n#16 0x5c778f349fcb <unknown>\n#17 0x5c778f359ae4 <unknown>\n#18 0x72ed483ea134 <unknown>","time":{"start":1710896932533,"stop":1710896932919,"duration":386}},{"uid":"e95525fa1a264713","reportUrl":"https://zaelcovsky.github.io/StroyremAutomation/266//#testresult/e95525fa1a264713","status":"skipped","statusDetails":"XFAIL\n\nselenium.common.exceptions.NoSuchElementException: Message: no such element: Unable to locate element: {\"method\":\"xpath\",\"selector\":\"(//a[@class='add-to-cart yellow-btn'])[1]\"}\n  (Session info: chrome-headless-shell=122.0.6261.128); For documentation on this error, please visit: https://www.selenium.dev/documentation/webdriver/troubleshooting/errors#no-such-element-exception\nStacktrace:\n#0 0x64cd7b196f33 <unknown>\n#1 0x64cd7ae8ece6 <unknown>\n#2 0x64cd7aed9e48 <unknown>\n#3 0x64cd7aed9f01 <unknown>\n#4 0x64cd7af1d3f4 <unknown>\n#5 0x64cd7aefbedd <unknown>\n#6 0x64cd7af1a899 <unknown>\n#7 0x64cd7aefbc53 <unknown>\n#8 0x64cd7aeccdb3 <unknown>\n#9 0x64cd7aecd77e <unknown>\n#10 0x64cd7b15c86b <unknown>\n#11 0x64cd7b160885 <unknown>\n#12 0x64cd7b14a181 <unknown>\n#13 0x64cd7b161412 <unknown>\n#14 0x64cd7b12e25f <unknown>\n#15 0x64cd7b185528 <unknown>\n#16 0x64cd7b185723 <unknown>\n#17 0x64cd7b1960e4 <unknown>\n#18 0x70b087800134 <unknown>","time":{"start":1710810475627,"stop":1710810475921,"duration":294}},{"uid":"2c44aaecbce690d9","reportUrl":"https://zaelcovsky.github.io/StroyremAutomation/265//#testresult/2c44aaecbce690d9","status":"skipped","statusDetails":"XFAIL\n\nselenium.common.exceptions.NoSuchElementException: Message: no such element: Unable to locate element: {\"method\":\"xpath\",\"selector\":\"(//a[@class='add-to-cart yellow-btn'])[1]\"}\n  (Session info: chrome-headless-shell=122.0.6261.128); For documentation on this error, please visit: https://www.selenium.dev/documentation/webdriver/troubleshooting/errors#no-such-element-exception\nStacktrace:\n#0 0x632a2ecedf33 <unknown>\n#1 0x632a2e9e5ce6 <unknown>\n#2 0x632a2ea30e48 <unknown>\n#3 0x632a2ea30f01 <unknown>\n#4 0x632a2ea743f4 <unknown>\n#5 0x632a2ea52edd <unknown>\n#6 0x632a2ea71899 <unknown>\n#7 0x632a2ea52c53 <unknown>\n#8 0x632a2ea23db3 <unknown>\n#9 0x632a2ea2477e <unknown>\n#10 0x632a2ecb386b <unknown>\n#11 0x632a2ecb7885 <unknown>\n#12 0x632a2eca1181 <unknown>\n#13 0x632a2ecb8412 <unknown>\n#14 0x632a2ec8525f <unknown>\n#15 0x632a2ecdc528 <unknown>\n#16 0x632a2ecdc723 <unknown>\n#17 0x632a2eced0e4 <unknown>\n#18 0x7554edac9134 <unknown>","time":{"start":1710724201946,"stop":1710724202373,"duration":427}},{"uid":"1af4ea18c9b065ea","reportUrl":"https://zaelcovsky.github.io/StroyremAutomation/264//#testresult/1af4ea18c9b065ea","status":"skipped","statusDetails":"XFAIL\n\nselenium.common.exceptions.NoSuchElementException: Message: no such element: Unable to locate element: {\"method\":\"xpath\",\"selector\":\"(//a[@class='add-to-cart yellow-btn'])[1]\"}\n  (Session info: chrome-headless-shell=122.0.6261.128); For documentation on this error, please visit: https://www.selenium.dev/documentation/webdriver/troubleshooting/errors#no-such-element-exception\nStacktrace:\n#0 0x60717e626f33 <unknown>\n#1 0x60717e31ece6 <unknown>\n#2 0x60717e369e48 <unknown>\n#3 0x60717e369f01 <unknown>\n#4 0x60717e3ad3f4 <unknown>\n#5 0x60717e38bedd <unknown>\n#6 0x60717e3aa899 <unknown>\n#7 0x60717e38bc53 <unknown>\n#8 0x60717e35cdb3 <unknown>\n#9 0x60717e35d77e <unknown>\n#10 0x60717e5ec86b <unknown>\n#11 0x60717e5f0885 <unknown>\n#12 0x60717e5da181 <unknown>\n#13 0x60717e5f1412 <unknown>\n#14 0x60717e5be25f <unknown>\n#15 0x60717e615528 <unknown>\n#16 0x60717e615723 <unknown>\n#17 0x60717e6260e4 <unknown>\n#18 0x7624a2188134 <unknown>","time":{"start":1710637984384,"stop":1710637984814,"duration":430}},{"uid":"2db31e6138f22c95","reportUrl":"https://zaelcovsky.github.io/StroyremAutomation/263//#testresult/2db31e6138f22c95","status":"skipped","statusDetails":"XFAIL\n\nselenium.common.exceptions.NoSuchElementException: Message: no such element: Unable to locate element: {\"method\":\"xpath\",\"selector\":\"(//a[@class='add-to-cart yellow-btn'])[1]\"}\n  (Session info: chrome-headless-shell=122.0.6261.128); For documentation on this error, please visit: https://www.selenium.dev/documentation/webdriver/troubleshooting/errors#no-such-element-exception\nStacktrace:\n#0 0x55c264bb4f33 <unknown>\n#1 0x55c2648acce6 <unknown>\n#2 0x55c2648f7e48 <unknown>\n#3 0x55c2648f7f01 <unknown>\n#4 0x55c26493b3f4 <unknown>\n#5 0x55c264919edd <unknown>\n#6 0x55c264938899 <unknown>\n#7 0x55c264919c53 <unknown>\n#8 0x55c2648eadb3 <unknown>\n#9 0x55c2648eb77e <unknown>\n#10 0x55c264b7a86b <unknown>\n#11 0x55c264b7e885 <unknown>\n#12 0x55c264b68181 <unknown>\n#13 0x55c264b7f412 <unknown>\n#14 0x55c264b4c25f <unknown>\n#15 0x55c264ba3528 <unknown>\n#16 0x55c264ba3723 <unknown>\n#17 0x55c264bb40e4 <unknown>\n#18 0x75592e206134 <unknown>","time":{"start":1710551203803,"stop":1710551204094,"duration":291}},{"uid":"7e39318ffc7eac97","reportUrl":"https://zaelcovsky.github.io/StroyremAutomation/262//#testresult/7e39318ffc7eac97","status":"skipped","statusDetails":"XFAIL\n\nselenium.common.exceptions.NoSuchElementException: Message: no such element: Unable to locate element: {\"method\":\"xpath\",\"selector\":\"(//a[@class='add-to-cart yellow-btn'])[1]\"}\n  (Session info: chrome-headless-shell=122.0.6261.128); For documentation on this error, please visit: https://www.selenium.dev/documentation/webdriver/troubleshooting/errors#no-such-element-exception\nStacktrace:\n#0 0x5d383e3cdf33 <unknown>\n#1 0x5d383e0c5ce6 <unknown>\n#2 0x5d383e110e48 <unknown>\n#3 0x5d383e110f01 <unknown>\n#4 0x5d383e1543f4 <unknown>\n#5 0x5d383e132edd <unknown>\n#6 0x5d383e151899 <unknown>\n#7 0x5d383e132c53 <unknown>\n#8 0x5d383e103db3 <unknown>\n#9 0x5d383e10477e <unknown>\n#10 0x5d383e39386b <unknown>\n#11 0x5d383e397885 <unknown>\n#12 0x5d383e381181 <unknown>\n#13 0x5d383e398412 <unknown>\n#14 0x5d383e36525f <unknown>\n#15 0x5d383e3bc528 <unknown>\n#16 0x5d383e3bc723 <unknown>\n#17 0x5d383e3cd0e4 <unknown>\n#18 0x794f42854134 <unknown>","time":{"start":1710465001919,"stop":1710465002329,"duration":410}},{"uid":"c064a5e9b3e32a00","reportUrl":"https://zaelcovsky.github.io/StroyremAutomation/261//#testresult/c064a5e9b3e32a00","status":"skipped","statusDetails":"XFAIL\n\nselenium.common.exceptions.NoSuchElementException: Message: no such element: Unable to locate element: {\"method\":\"xpath\",\"selector\":\"(//a[@class='add-to-cart yellow-btn'])[1]\"}\n  (Session info: chrome-headless-shell=122.0.6261.128); For documentation on this error, please visit: https://www.selenium.dev/documentation/webdriver/troubleshooting/errors#no-such-element-exception\nStacktrace:\n#0 0x5c1a4714af33 <unknown>\n#1 0x5c1a46e42ce6 <unknown>\n#2 0x5c1a46e8de48 <unknown>\n#3 0x5c1a46e8df01 <unknown>\n#4 0x5c1a46ed13f4 <unknown>\n#5 0x5c1a46eafedd <unknown>\n#6 0x5c1a46ece899 <unknown>\n#7 0x5c1a46eafc53 <unknown>\n#8 0x5c1a46e80db3 <unknown>\n#9 0x5c1a46e8177e <unknown>\n#10 0x5c1a4711086b <unknown>\n#11 0x5c1a47114885 <unknown>\n#12 0x5c1a470fe181 <unknown>\n#13 0x5c1a47115412 <unknown>\n#14 0x5c1a470e225f <unknown>\n#15 0x5c1a47139528 <unknown>\n#16 0x5c1a47139723 <unknown>\n#17 0x5c1a4714a0e4 <unknown>\n#18 0x6ffc993e7134 <unknown>","time":{"start":1710378539820,"stop":1710378540232,"duration":412}},{"uid":"43a231636231e65d","reportUrl":"https://zaelcovsky.github.io/StroyremAutomation/260//#testresult/43a231636231e65d","status":"skipped","statusDetails":"XFAIL\n\nselenium.common.exceptions.NoSuchElementException: Message: no such element: Unable to locate element: {\"method\":\"xpath\",\"selector\":\"(//a[@class='add-to-cart yellow-btn'])[1]\"}\n  (Session info: chrome-headless-shell=122.0.6261.128); For documentation on this error, please visit: https://www.selenium.dev/documentation/webdriver/troubleshooting/errors#no-such-element-exception\nStacktrace:\n#0 0x55d39a391f33 <unknown>\n#1 0x55d39a089ce6 <unknown>\n#2 0x55d39a0d4e48 <unknown>\n#3 0x55d39a0d4f01 <unknown>\n#4 0x55d39a1183f4 <unknown>\n#5 0x55d39a0f6edd <unknown>\n#6 0x55d39a115899 <unknown>\n#7 0x55d39a0f6c53 <unknown>\n#8 0x55d39a0c7db3 <unknown>\n#9 0x55d39a0c877e <unknown>\n#10 0x55d39a35786b <unknown>\n#11 0x55d39a35b885 <unknown>\n#12 0x55d39a345181 <unknown>\n#13 0x55d39a35c412 <unknown>\n#14 0x55d39a32925f <unknown>\n#15 0x55d39a380528 <unknown>\n#16 0x55d39a380723 <unknown>\n#17 0x55d39a3910e4 <unknown>\n#18 0x7f5d5c78f134 <unknown>","time":{"start":1710292277187,"stop":1710292277486,"duration":299}},{"uid":"efd5c4b071d70bcd","reportUrl":"https://zaelcovsky.github.io/StroyremAutomation/259//#testresult/efd5c4b071d70bcd","status":"skipped","statusDetails":"XFAIL\n\nselenium.common.exceptions.NoSuchElementException: Message: no such element: Unable to locate element: {\"method\":\"xpath\",\"selector\":\"(//a[@class='add-to-cart yellow-btn'])[1]\"}\n  (Session info: chrome-headless-shell=122.0.6261.111); For documentation on this error, please visit: https://www.selenium.dev/documentation/webdriver/troubleshooting/errors#no-such-element-exception\nStacktrace:\n#0 0x611ca0ad5ec3 <unknown>\n#1 0x611ca07cdce6 <unknown>\n#2 0x611ca0818e48 <unknown>\n#3 0x611ca0818f01 <unknown>\n#4 0x611ca085c3f4 <unknown>\n#5 0x611ca083aedd <unknown>\n#6 0x611ca0859899 <unknown>\n#7 0x611ca083ac53 <unknown>\n#8 0x611ca080bdb3 <unknown>\n#9 0x611ca080c77e <unknown>\n#10 0x611ca0a9b7fb <unknown>\n#11 0x611ca0a9f815 <unknown>\n#12 0x611ca0a89111 <unknown>\n#13 0x611ca0aa03a2 <unknown>\n#14 0x611ca0a6d1ef <unknown>\n#15 0x611ca0ac44b8 <unknown>\n#16 0x611ca0ac46b3 <unknown>\n#17 0x611ca0ad5074 <unknown>\n#18 0x7f5453491134 <unknown>","time":{"start":1710205647994,"stop":1710205648318,"duration":324}},{"uid":"5da0059616225a0e","reportUrl":"https://zaelcovsky.github.io/StroyremAutomation/258//#testresult/5da0059616225a0e","status":"skipped","statusDetails":"XFAIL\n\nselenium.common.exceptions.NoSuchElementException: Message: no such element: Unable to locate element: {\"method\":\"xpath\",\"selector\":\"(//a[@class='add-to-cart yellow-btn'])[1]\"}\n  (Session info: chrome-headless-shell=122.0.6261.111); For documentation on this error, please visit: https://www.selenium.dev/documentation/webdriver/troubleshooting/errors#no-such-element-exception\nStacktrace:\n#0 0x55e8eb1c1ec3 <unknown>\n#1 0x55e8eaeb9ce6 <unknown>\n#2 0x55e8eaf04e48 <unknown>\n#3 0x55e8eaf04f01 <unknown>\n#4 0x55e8eaf483f4 <unknown>\n#5 0x55e8eaf26edd <unknown>\n#6 0x55e8eaf45899 <unknown>\n#7 0x55e8eaf26c53 <unknown>\n#8 0x55e8eaef7db3 <unknown>\n#9 0x55e8eaef877e <unknown>\n#10 0x55e8eb1877fb <unknown>\n#11 0x55e8eb18b815 <unknown>\n#12 0x55e8eb175111 <unknown>\n#13 0x55e8eb18c3a2 <unknown>\n#14 0x55e8eb1591ef <unknown>\n#15 0x55e8eb1b04b8 <unknown>\n#16 0x55e8eb1b06b3 <unknown>\n#17 0x55e8eb1c1074 <unknown>\n#18 0x7f644504a134 <unknown>","time":{"start":1710119323148,"stop":1710119323713,"duration":565}},{"uid":"2611cdb7ede1876a","reportUrl":"https://zaelcovsky.github.io/StroyremAutomation/257//#testresult/2611cdb7ede1876a","status":"skipped","statusDetails":"XFAIL\n\nselenium.common.exceptions.NoSuchElementException: Message: no such element: Unable to locate element: {\"method\":\"xpath\",\"selector\":\"(//a[@class='add-to-cart yellow-btn'])[1]\"}\n  (Session info: chrome-headless-shell=122.0.6261.111); For documentation on this error, please visit: https://www.selenium.dev/documentation/webdriver/troubleshooting/errors#no-such-element-exception\nStacktrace:\n#0 0x56246065fec3 <unknown>\n#1 0x562460357ce6 <unknown>\n#2 0x5624603a2e48 <unknown>\n#3 0x5624603a2f01 <unknown>\n#4 0x5624603e63f4 <unknown>\n#5 0x5624603c4edd <unknown>\n#6 0x5624603e3899 <unknown>\n#7 0x5624603c4c53 <unknown>\n#8 0x562460395db3 <unknown>\n#9 0x56246039677e <unknown>\n#10 0x5624606257fb <unknown>\n#11 0x562460629815 <unknown>\n#12 0x562460613111 <unknown>\n#13 0x56246062a3a2 <unknown>\n#14 0x5624605f71ef <unknown>\n#15 0x56246064e4b8 <unknown>\n#16 0x56246064e6b3 <unknown>\n#17 0x56246065f074 <unknown>\n#18 0x7f6895fc1134 <unknown>","time":{"start":1710033164540,"stop":1710033164926,"duration":386}},{"uid":"fd0db5aa9ad0d369","reportUrl":"https://zaelcovsky.github.io/StroyremAutomation/256//#testresult/fd0db5aa9ad0d369","status":"skipped","statusDetails":"XFAIL\n\nselenium.common.exceptions.NoSuchElementException: Message: no such element: Unable to locate element: {\"method\":\"xpath\",\"selector\":\"(//a[@class='add-to-cart yellow-btn'])[1]\"}\n  (Session info: chrome-headless-shell=122.0.6261.111); For documentation on this error, please visit: https://www.selenium.dev/documentation/webdriver/troubleshooting/errors#no-such-element-exception\nStacktrace:\n#0 0x5635b404fec3 <unknown>\n#1 0x5635b3d47ce6 <unknown>\n#2 0x5635b3d92e48 <unknown>\n#3 0x5635b3d92f01 <unknown>\n#4 0x5635b3dd63f4 <unknown>\n#5 0x5635b3db4edd <unknown>\n#6 0x5635b3dd3899 <unknown>\n#7 0x5635b3db4c53 <unknown>\n#8 0x5635b3d85db3 <unknown>\n#9 0x5635b3d8677e <unknown>\n#10 0x5635b40157fb <unknown>\n#11 0x5635b4019815 <unknown>\n#12 0x5635b4003111 <unknown>\n#13 0x5635b401a3a2 <unknown>\n#14 0x5635b3fe71ef <unknown>\n#15 0x5635b403e4b8 <unknown>\n#16 0x5635b403e6b3 <unknown>\n#17 0x5635b404f074 <unknown>\n#18 0x7f03b4a56134 <unknown>","time":{"start":1709946415534,"stop":1709946415955,"duration":421}},{"uid":"dd65aacdaf8b24cb","reportUrl":"https://zaelcovsky.github.io/StroyremAutomation/255//#testresult/dd65aacdaf8b24cb","status":"skipped","statusDetails":"XFAIL\n\nselenium.common.exceptions.NoSuchElementException: Message: no such element: Unable to locate element: {\"method\":\"xpath\",\"selector\":\"(//a[@class='add-to-cart yellow-btn'])[1]\"}\n  (Session info: chrome-headless-shell=122.0.6261.111); For documentation on this error, please visit: https://www.selenium.dev/documentation/webdriver/troubleshooting/errors#no-such-element-exception\nStacktrace:\n#0 0x56160bc28ec3 <unknown>\n#1 0x56160b920ce6 <unknown>\n#2 0x56160b96be48 <unknown>\n#3 0x56160b96bf01 <unknown>\n#4 0x56160b9af3f4 <unknown>\n#5 0x56160b98dedd <unknown>\n#6 0x56160b9ac899 <unknown>\n#7 0x56160b98dc53 <unknown>\n#8 0x56160b95edb3 <unknown>\n#9 0x56160b95f77e <unknown>\n#10 0x56160bbee7fb <unknown>\n#11 0x56160bbf2815 <unknown>\n#12 0x56160bbdc111 <unknown>\n#13 0x56160bbf33a2 <unknown>\n#14 0x56160bbc01ef <unknown>\n#15 0x56160bc174b8 <unknown>\n#16 0x56160bc176b3 <unknown>\n#17 0x56160bc28074 <unknown>\n#18 0x7fd9f2a4c134 <unknown>","time":{"start":1709860051055,"stop":1709860051366,"duration":311}}]},"tags":["@pytest.mark.xfail(reson='Цена доставки: 7000 13900 15900')","smoke"]},"source":"a6c82f97c239b706.json","parameterValues":["19900","366","'TD 026'","14900","'products/shtukaturka-gipsovaya-aksolit-m50-30-kg-mashinnogo-naneseniya'","8000","'https://sandboxtest.stroyrem-nn.ru/'","11000"]}