{"uid":"6bae47ab040d04b4","name":"TC 011 - Проверка функциональности ссылки 'Подъем на этаж'","fullName":"tests.test_main_page.TestMainPage#test_positive_footer_lifting_smoke","historyId":"a471821c1810b98ab4357088c4c3f5dc","time":{"start":1709255277168,"stop":1709255277180,"duration":12},"status":"broken","statusMessage":"selenium.common.exceptions.NoSuchElementException: Message: no such element: Unable to locate element: {\"method\":\"xpath\",\"selector\":\"(//a[@href='/podem-strojmaterialov-v-kvartiru'])[3]\"}\n  (Session info: chrome-headless-shell=122.0.6261.94); For documentation on this error, please visit: https://www.selenium.dev/documentation/webdriver/troubleshooting/errors#no-such-element-exception\nStacktrace:\n#0 0x563f039fde93 <unknown>\n#1 0x563f036f5ce6 <unknown>\n#2 0x563f03740e48 <unknown>\n#3 0x563f03740f01 <unknown>\n#4 0x563f037843f4 <unknown>\n#5 0x563f03762edd <unknown>\n#6 0x563f03781899 <unknown>\n#7 0x563f03762c53 <unknown>\n#8 0x563f03733db3 <unknown>\n#9 0x563f0373477e <unknown>\n#10 0x563f039c37cb <unknown>\n#11 0x563f039c77e5 <unknown>\n#12 0x563f039b10e1 <unknown>\n#13 0x563f039c8372 <unknown>\n#14 0x563f039951bf <unknown>\n#15 0x563f039ec488 <unknown>\n#16 0x563f039ec683 <unknown>\n#17 0x563f039fd044 <unknown>\n#18 0x7fbcc6523134 <unknown>","statusTrace":"self = <tests.test_main_page.TestMainPage object at 0x7fed07b49dd0>\nmain_page = <pages.main_page.MainPage object at 0x7fed0707f410>\n\n    @allure.feature(\"Footer functionality\")\n    @allure.title(\"TC 011 - Проверка функциональности ссылки 'Подъем на этаж'\")\n    @pytest.mark.smoke_test\n    def test_positive_footer_lifting_smoke(self, main_page):\n        lifting_page = LiftingPage(main_page.driver)\n>       main_page.check_floor_climb_link()\n\ntests/test_main_page.py:107: \n_ _ _ _ _ _ _ _ _ _ _ _ _ _ _ _ _ _ _ _ _ _ _ _ _ _ _ _ _ _ _ _ _ _ _ _ _ _ _ _ \npages/main_page.py:142: in check_floor_climb_link\n    self.driver.find_element(*self._floor_climb_link).click()\n/usr/local/lib/python3.11/site-packages/selenium/webdriver/remote/webdriver.py:740: in find_element\n    return self.execute(Command.FIND_ELEMENT, {\"using\": by, \"value\": value})[\"value\"]\n/usr/local/lib/python3.11/site-packages/selenium/webdriver/remote/webdriver.py:346: in execute\n    self.error_handler.check_response(response)\n_ _ _ _ _ _ _ _ _ _ _ _ _ _ _ _ _ _ _ _ _ _ _ _ _ _ _ _ _ _ _ _ _ _ _ _ _ _ _ _ \n\nself = <selenium.webdriver.remote.errorhandler.ErrorHandler object at 0x7fed07714910>\nresponse = {'status': 404, 'value': '{\"value\":{\"error\":\"no such element\",\"message\":\"no such element: Unable to locate element: {\\...\\\\n#16 0x563f039ec683 \\\\u003Cunknown>\\\\n#17 0x563f039fd044 \\\\u003Cunknown>\\\\n#18 0x7fbcc6523134 \\\\u003Cunknown>\\\\n\"}}'}\n\n    def check_response(self, response: Dict[str, Any]) -> None:\n        \"\"\"Checks that a JSON response from the WebDriver does not have an\n        error.\n    \n        :Args:\n         - response - The JSON response from the WebDriver server as a dictionary\n           object.\n    \n        :Raises: If the response contains an error message.\n        \"\"\"\n        status = response.get(\"status\", None)\n        if not status or status == ErrorCode.SUCCESS:\n            return\n        value = None\n        message = response.get(\"message\", \"\")\n        screen: str = response.get(\"screen\", \"\")\n        stacktrace = None\n        if isinstance(status, int):\n            value_json = response.get(\"value\", None)\n            if value_json and isinstance(value_json, str):\n                import json\n    \n                try:\n                    value = json.loads(value_json)\n                    if len(value) == 1:\n                        value = value[\"value\"]\n                    status = value.get(\"error\", None)\n                    if not status:\n                        status = value.get(\"status\", ErrorCode.UNKNOWN_ERROR)\n                        message = value.get(\"value\") or value.get(\"message\")\n                        if not isinstance(message, str):\n                            value = message\n                            message = message.get(\"message\")\n                    else:\n                        message = value.get(\"message\", None)\n                except ValueError:\n                    pass\n    \n        exception_class: Type[WebDriverException]\n        if status in ErrorCode.NO_SUCH_ELEMENT:\n            exception_class = NoSuchElementException\n        elif status in ErrorCode.NO_SUCH_FRAME:\n            exception_class = NoSuchFrameException\n        elif status in ErrorCode.NO_SUCH_SHADOW_ROOT:\n            exception_class = NoSuchShadowRootException\n        elif status in ErrorCode.NO_SUCH_WINDOW:\n            exception_class = NoSuchWindowException\n        elif status in ErrorCode.STALE_ELEMENT_REFERENCE:\n            exception_class = StaleElementReferenceException\n        elif status in ErrorCode.ELEMENT_NOT_VISIBLE:\n            exception_class = ElementNotVisibleException\n        elif status in ErrorCode.INVALID_ELEMENT_STATE:\n            exception_class = InvalidElementStateException\n        elif (\n            status in ErrorCode.INVALID_SELECTOR\n            or status in ErrorCode.INVALID_XPATH_SELECTOR\n            or status in ErrorCode.INVALID_XPATH_SELECTOR_RETURN_TYPER\n        ):\n            exception_class = InvalidSelectorException\n        elif status in ErrorCode.ELEMENT_IS_NOT_SELECTABLE:\n            exception_class = ElementNotSelectableException\n        elif status in ErrorCode.ELEMENT_NOT_INTERACTABLE:\n            exception_class = ElementNotInteractableException\n        elif status in ErrorCode.INVALID_COOKIE_DOMAIN:\n            exception_class = InvalidCookieDomainException\n        elif status in ErrorCode.UNABLE_TO_SET_COOKIE:\n            exception_class = UnableToSetCookieException\n        elif status in ErrorCode.TIMEOUT:\n            exception_class = TimeoutException\n        elif status in ErrorCode.SCRIPT_TIMEOUT:\n            exception_class = TimeoutException\n        elif status in ErrorCode.UNKNOWN_ERROR:\n            exception_class = WebDriverException\n        elif status in ErrorCode.UNEXPECTED_ALERT_OPEN:\n            exception_class = UnexpectedAlertPresentException\n        elif status in ErrorCode.NO_ALERT_OPEN:\n            exception_class = NoAlertPresentException\n        elif status in ErrorCode.IME_NOT_AVAILABLE:\n            exception_class = ImeNotAvailableException\n        elif status in ErrorCode.IME_ENGINE_ACTIVATION_FAILED:\n            exception_class = ImeActivationFailedException\n        elif status in ErrorCode.MOVE_TARGET_OUT_OF_BOUNDS:\n            exception_class = MoveTargetOutOfBoundsException\n        elif status in ErrorCode.JAVASCRIPT_ERROR:\n            exception_class = JavascriptException\n        elif status in ErrorCode.SESSION_NOT_CREATED:\n            exception_class = SessionNotCreatedException\n        elif status in ErrorCode.INVALID_ARGUMENT:\n            exception_class = InvalidArgumentException\n        elif status in ErrorCode.NO_SUCH_COOKIE:\n            exception_class = NoSuchCookieException\n        elif status in ErrorCode.UNABLE_TO_CAPTURE_SCREEN:\n            exception_class = ScreenshotException\n        elif status in ErrorCode.ELEMENT_CLICK_INTERCEPTED:\n            exception_class = ElementClickInterceptedException\n        elif status in ErrorCode.INSECURE_CERTIFICATE:\n            exception_class = InsecureCertificateException\n        elif status in ErrorCode.INVALID_COORDINATES:\n            exception_class = InvalidCoordinatesException\n        elif status in ErrorCode.INVALID_SESSION_ID:\n            exception_class = InvalidSessionIdException\n        elif status in ErrorCode.UNKNOWN_METHOD:\n            exception_class = UnknownMethodException\n        else:\n            exception_class = WebDriverException\n        if not value:\n            value = response[\"value\"]\n        if isinstance(value, str):\n            raise exception_class(value)\n        if message == \"\" and \"message\" in value:\n            message = value[\"message\"]\n    \n        screen = None  # type: ignore[assignment]\n        if \"screen\" in value:\n            screen = value[\"screen\"]\n    \n        stacktrace = None\n        st_value = value.get(\"stackTrace\") or value.get(\"stacktrace\")\n        if st_value:\n            if isinstance(st_value, str):\n                stacktrace = st_value.split(\"\\n\")\n            else:\n                stacktrace = []\n                try:\n                    for frame in st_value:\n                        line = frame.get(\"lineNumber\", \"\")\n                        file = frame.get(\"fileName\", \"<anonymous>\")\n                        if line:\n                            file = f\"{file}:{line}\"\n                        meth = frame.get(\"methodName\", \"<anonymous>\")\n                        if \"className\" in frame:\n                            meth = f\"{frame['className']}.{meth}\"\n                        msg = \"    at %s (%s)\"\n                        msg = msg % (meth, file)\n                        stacktrace.append(msg)\n                except TypeError:\n                    pass\n        if exception_class == UnexpectedAlertPresentException:\n            alert_text = None\n            if \"data\" in value:\n                alert_text = value[\"data\"].get(\"text\")\n            elif \"alert\" in value:\n                alert_text = value[\"alert\"].get(\"text\")\n            raise exception_class(message, screen, stacktrace, alert_text)  # type: ignore[call-arg]  # mypy is not smart enough here\n>       raise exception_class(message, screen, stacktrace)\nE       selenium.common.exceptions.NoSuchElementException: Message: no such element: Unable to locate element: {\"method\":\"xpath\",\"selector\":\"(//a[@href='/podem-strojmaterialov-v-kvartiru'])[3]\"}\nE         (Session info: chrome-headless-shell=122.0.6261.94); For documentation on this error, please visit: https://www.selenium.dev/documentation/webdriver/troubleshooting/errors#no-such-element-exception\nE       Stacktrace:\nE       #0 0x563f039fde93 <unknown>\nE       #1 0x563f036f5ce6 <unknown>\nE       #2 0x563f03740e48 <unknown>\nE       #3 0x563f03740f01 <unknown>\nE       #4 0x563f037843f4 <unknown>\nE       #5 0x563f03762edd <unknown>\nE       #6 0x563f03781899 <unknown>\nE       #7 0x563f03762c53 <unknown>\nE       #8 0x563f03733db3 <unknown>\nE       #9 0x563f0373477e <unknown>\nE       #10 0x563f039c37cb <unknown>\nE       #11 0x563f039c77e5 <unknown>\nE       #12 0x563f039b10e1 <unknown>\nE       #13 0x563f039c8372 <unknown>\nE       #14 0x563f039951bf <unknown>\nE       #15 0x563f039ec488 <unknown>\nE       #16 0x563f039ec683 <unknown>\nE       #17 0x563f039fd044 <unknown>\nE       #18 0x7fbcc6523134 <unknown>\n\n/usr/local/lib/python3.11/site-packages/selenium/webdriver/remote/errorhandler.py:245: NoSuchElementException","flaky":false,"newFailed":false,"newBroken":false,"newPassed":false,"retriesCount":0,"retriesStatusChange":false,"beforeStages":[{"name":"_session_faker","time":{"start":1709255142185,"stop":1709255142263,"duration":78},"status":"passed","steps":[],"attachments":[],"parameters":[],"shouldDisplayMessage":false,"stepsCount":0,"attachmentsCount":0,"hasContent":false,"attachmentStep":false},{"name":"clear_allure_results_folder","time":{"start":1709255142264,"stop":1709255142264,"duration":0},"status":"passed","steps":[],"attachments":[],"parameters":[],"shouldDisplayMessage":false,"stepsCount":0,"attachmentsCount":0,"hasContent":false,"attachmentStep":false},{"name":"driver","time":{"start":1709255275806,"stop":1709255276541,"duration":735},"status":"passed","steps":[],"attachments":[],"parameters":[],"shouldDisplayMessage":false,"stepsCount":0,"attachmentsCount":0,"hasContent":false,"attachmentStep":false},{"name":"setup","time":{"start":1709255276541,"stop":1709255276541,"duration":0},"status":"passed","steps":[],"attachments":[],"parameters":[],"shouldDisplayMessage":false,"stepsCount":0,"attachmentsCount":0,"hasContent":false,"attachmentStep":false},{"name":"main_page","time":{"start":1709255276542,"stop":1709255277167,"duration":625},"status":"passed","steps":[],"attachments":[],"parameters":[],"shouldDisplayMessage":false,"stepsCount":0,"attachmentsCount":0,"hasContent":false,"attachmentStep":false}],"testStage":{"status":"broken","statusMessage":"selenium.common.exceptions.NoSuchElementException: Message: no such element: Unable to locate element: {\"method\":\"xpath\",\"selector\":\"(//a[@href='/podem-strojmaterialov-v-kvartiru'])[3]\"}\n  (Session info: chrome-headless-shell=122.0.6261.94); For documentation on this error, please visit: https://www.selenium.dev/documentation/webdriver/troubleshooting/errors#no-such-element-exception\nStacktrace:\n#0 0x563f039fde93 <unknown>\n#1 0x563f036f5ce6 <unknown>\n#2 0x563f03740e48 <unknown>\n#3 0x563f03740f01 <unknown>\n#4 0x563f037843f4 <unknown>\n#5 0x563f03762edd <unknown>\n#6 0x563f03781899 <unknown>\n#7 0x563f03762c53 <unknown>\n#8 0x563f03733db3 <unknown>\n#9 0x563f0373477e <unknown>\n#10 0x563f039c37cb <unknown>\n#11 0x563f039c77e5 <unknown>\n#12 0x563f039b10e1 <unknown>\n#13 0x563f039c8372 <unknown>\n#14 0x563f039951bf <unknown>\n#15 0x563f039ec488 <unknown>\n#16 0x563f039ec683 <unknown>\n#17 0x563f039fd044 <unknown>\n#18 0x7fbcc6523134 <unknown>","statusTrace":"self = <tests.test_main_page.TestMainPage object at 0x7fed07b49dd0>\nmain_page = <pages.main_page.MainPage object at 0x7fed0707f410>\n\n    @allure.feature(\"Footer functionality\")\n    @allure.title(\"TC 011 - Проверка функциональности ссылки 'Подъем на этаж'\")\n    @pytest.mark.smoke_test\n    def test_positive_footer_lifting_smoke(self, main_page):\n        lifting_page = LiftingPage(main_page.driver)\n>       main_page.check_floor_climb_link()\n\ntests/test_main_page.py:107: \n_ _ _ _ _ _ _ _ _ _ _ _ _ _ _ _ _ _ _ _ _ _ _ _ _ _ _ _ _ _ _ _ _ _ _ _ _ _ _ _ \npages/main_page.py:142: in check_floor_climb_link\n    self.driver.find_element(*self._floor_climb_link).click()\n/usr/local/lib/python3.11/site-packages/selenium/webdriver/remote/webdriver.py:740: in find_element\n    return self.execute(Command.FIND_ELEMENT, {\"using\": by, \"value\": value})[\"value\"]\n/usr/local/lib/python3.11/site-packages/selenium/webdriver/remote/webdriver.py:346: in execute\n    self.error_handler.check_response(response)\n_ _ _ _ _ _ _ _ _ _ _ _ _ _ _ _ _ _ _ _ _ _ _ _ _ _ _ _ _ _ _ _ _ _ _ _ _ _ _ _ \n\nself = <selenium.webdriver.remote.errorhandler.ErrorHandler object at 0x7fed07714910>\nresponse = {'status': 404, 'value': '{\"value\":{\"error\":\"no such element\",\"message\":\"no such element: Unable to locate element: {\\...\\\\n#16 0x563f039ec683 \\\\u003Cunknown>\\\\n#17 0x563f039fd044 \\\\u003Cunknown>\\\\n#18 0x7fbcc6523134 \\\\u003Cunknown>\\\\n\"}}'}\n\n    def check_response(self, response: Dict[str, Any]) -> None:\n        \"\"\"Checks that a JSON response from the WebDriver does not have an\n        error.\n    \n        :Args:\n         - response - The JSON response from the WebDriver server as a dictionary\n           object.\n    \n        :Raises: If the response contains an error message.\n        \"\"\"\n        status = response.get(\"status\", None)\n        if not status or status == ErrorCode.SUCCESS:\n            return\n        value = None\n        message = response.get(\"message\", \"\")\n        screen: str = response.get(\"screen\", \"\")\n        stacktrace = None\n        if isinstance(status, int):\n            value_json = response.get(\"value\", None)\n            if value_json and isinstance(value_json, str):\n                import json\n    \n                try:\n                    value = json.loads(value_json)\n                    if len(value) == 1:\n                        value = value[\"value\"]\n                    status = value.get(\"error\", None)\n                    if not status:\n                        status = value.get(\"status\", ErrorCode.UNKNOWN_ERROR)\n                        message = value.get(\"value\") or value.get(\"message\")\n                        if not isinstance(message, str):\n                            value = message\n                            message = message.get(\"message\")\n                    else:\n                        message = value.get(\"message\", None)\n                except ValueError:\n                    pass\n    \n        exception_class: Type[WebDriverException]\n        if status in ErrorCode.NO_SUCH_ELEMENT:\n            exception_class = NoSuchElementException\n        elif status in ErrorCode.NO_SUCH_FRAME:\n            exception_class = NoSuchFrameException\n        elif status in ErrorCode.NO_SUCH_SHADOW_ROOT:\n            exception_class = NoSuchShadowRootException\n        elif status in ErrorCode.NO_SUCH_WINDOW:\n            exception_class = NoSuchWindowException\n        elif status in ErrorCode.STALE_ELEMENT_REFERENCE:\n            exception_class = StaleElementReferenceException\n        elif status in ErrorCode.ELEMENT_NOT_VISIBLE:\n            exception_class = ElementNotVisibleException\n        elif status in ErrorCode.INVALID_ELEMENT_STATE:\n            exception_class = InvalidElementStateException\n        elif (\n            status in ErrorCode.INVALID_SELECTOR\n            or status in ErrorCode.INVALID_XPATH_SELECTOR\n            or status in ErrorCode.INVALID_XPATH_SELECTOR_RETURN_TYPER\n        ):\n            exception_class = InvalidSelectorException\n        elif status in ErrorCode.ELEMENT_IS_NOT_SELECTABLE:\n            exception_class = ElementNotSelectableException\n        elif status in ErrorCode.ELEMENT_NOT_INTERACTABLE:\n            exception_class = ElementNotInteractableException\n        elif status in ErrorCode.INVALID_COOKIE_DOMAIN:\n            exception_class = InvalidCookieDomainException\n        elif status in ErrorCode.UNABLE_TO_SET_COOKIE:\n            exception_class = UnableToSetCookieException\n        elif status in ErrorCode.TIMEOUT:\n            exception_class = TimeoutException\n        elif status in ErrorCode.SCRIPT_TIMEOUT:\n            exception_class = TimeoutException\n        elif status in ErrorCode.UNKNOWN_ERROR:\n            exception_class = WebDriverException\n        elif status in ErrorCode.UNEXPECTED_ALERT_OPEN:\n            exception_class = UnexpectedAlertPresentException\n        elif status in ErrorCode.NO_ALERT_OPEN:\n            exception_class = NoAlertPresentException\n        elif status in ErrorCode.IME_NOT_AVAILABLE:\n            exception_class = ImeNotAvailableException\n        elif status in ErrorCode.IME_ENGINE_ACTIVATION_FAILED:\n            exception_class = ImeActivationFailedException\n        elif status in ErrorCode.MOVE_TARGET_OUT_OF_BOUNDS:\n            exception_class = MoveTargetOutOfBoundsException\n        elif status in ErrorCode.JAVASCRIPT_ERROR:\n            exception_class = JavascriptException\n        elif status in ErrorCode.SESSION_NOT_CREATED:\n            exception_class = SessionNotCreatedException\n        elif status in ErrorCode.INVALID_ARGUMENT:\n            exception_class = InvalidArgumentException\n        elif status in ErrorCode.NO_SUCH_COOKIE:\n            exception_class = NoSuchCookieException\n        elif status in ErrorCode.UNABLE_TO_CAPTURE_SCREEN:\n            exception_class = ScreenshotException\n        elif status in ErrorCode.ELEMENT_CLICK_INTERCEPTED:\n            exception_class = ElementClickInterceptedException\n        elif status in ErrorCode.INSECURE_CERTIFICATE:\n            exception_class = InsecureCertificateException\n        elif status in ErrorCode.INVALID_COORDINATES:\n            exception_class = InvalidCoordinatesException\n        elif status in ErrorCode.INVALID_SESSION_ID:\n            exception_class = InvalidSessionIdException\n        elif status in ErrorCode.UNKNOWN_METHOD:\n            exception_class = UnknownMethodException\n        else:\n            exception_class = WebDriverException\n        if not value:\n            value = response[\"value\"]\n        if isinstance(value, str):\n            raise exception_class(value)\n        if message == \"\" and \"message\" in value:\n            message = value[\"message\"]\n    \n        screen = None  # type: ignore[assignment]\n        if \"screen\" in value:\n            screen = value[\"screen\"]\n    \n        stacktrace = None\n        st_value = value.get(\"stackTrace\") or value.get(\"stacktrace\")\n        if st_value:\n            if isinstance(st_value, str):\n                stacktrace = st_value.split(\"\\n\")\n            else:\n                stacktrace = []\n                try:\n                    for frame in st_value:\n                        line = frame.get(\"lineNumber\", \"\")\n                        file = frame.get(\"fileName\", \"<anonymous>\")\n                        if line:\n                            file = f\"{file}:{line}\"\n                        meth = frame.get(\"methodName\", \"<anonymous>\")\n                        if \"className\" in frame:\n                            meth = f\"{frame['className']}.{meth}\"\n                        msg = \"    at %s (%s)\"\n                        msg = msg % (meth, file)\n                        stacktrace.append(msg)\n                except TypeError:\n                    pass\n        if exception_class == UnexpectedAlertPresentException:\n            alert_text = None\n            if \"data\" in value:\n                alert_text = value[\"data\"].get(\"text\")\n            elif \"alert\" in value:\n                alert_text = value[\"alert\"].get(\"text\")\n            raise exception_class(message, screen, stacktrace, alert_text)  # type: ignore[call-arg]  # mypy is not smart enough here\n>       raise exception_class(message, screen, stacktrace)\nE       selenium.common.exceptions.NoSuchElementException: Message: no such element: Unable to locate element: {\"method\":\"xpath\",\"selector\":\"(//a[@href='/podem-strojmaterialov-v-kvartiru'])[3]\"}\nE         (Session info: chrome-headless-shell=122.0.6261.94); For documentation on this error, please visit: https://www.selenium.dev/documentation/webdriver/troubleshooting/errors#no-such-element-exception\nE       Stacktrace:\nE       #0 0x563f039fde93 <unknown>\nE       #1 0x563f036f5ce6 <unknown>\nE       #2 0x563f03740e48 <unknown>\nE       #3 0x563f03740f01 <unknown>\nE       #4 0x563f037843f4 <unknown>\nE       #5 0x563f03762edd <unknown>\nE       #6 0x563f03781899 <unknown>\nE       #7 0x563f03762c53 <unknown>\nE       #8 0x563f03733db3 <unknown>\nE       #9 0x563f0373477e <unknown>\nE       #10 0x563f039c37cb <unknown>\nE       #11 0x563f039c77e5 <unknown>\nE       #12 0x563f039b10e1 <unknown>\nE       #13 0x563f039c8372 <unknown>\nE       #14 0x563f039951bf <unknown>\nE       #15 0x563f039ec488 <unknown>\nE       #16 0x563f039ec683 <unknown>\nE       #17 0x563f039fd044 <unknown>\nE       #18 0x7fbcc6523134 <unknown>\n\n/usr/local/lib/python3.11/site-packages/selenium/webdriver/remote/errorhandler.py:245: NoSuchElementException","steps":[{"name":"Проверка функциональности ссылки 'Подъем на этаж'","time":{"start":1709255277168,"stop":1709255277180,"duration":12},"status":"broken","statusMessage":"selenium.common.exceptions.NoSuchElementException: Message: no such element: Unable to locate element: {\"method\":\"xpath\",\"selector\":\"(//a[@href='/podem-strojmaterialov-v-kvartiru'])[3]\"}\n  (Session info: chrome-headless-shell=122.0.6261.94); For documentation on this error, please visit: https://www.selenium.dev/documentation/webdriver/troubleshooting/errors#no-such-element-exception\nStacktrace:\n#0 0x563f039fde93 <unknown>\n#1 0x563f036f5ce6 <unknown>\n#2 0x563f03740e48 <unknown>\n#3 0x563f03740f01 <unknown>\n#4 0x563f037843f4 <unknown>\n#5 0x563f03762edd <unknown>\n#6 0x563f03781899 <unknown>\n#7 0x563f03762c53 <unknown>\n#8 0x563f03733db3 <unknown>\n#9 0x563f0373477e <unknown>\n#10 0x563f039c37cb <unknown>\n#11 0x563f039c77e5 <unknown>\n#12 0x563f039b10e1 <unknown>\n#13 0x563f039c8372 <unknown>\n#14 0x563f039951bf <unknown>\n#15 0x563f039ec488 <unknown>\n#16 0x563f039ec683 <unknown>\n#17 0x563f039fd044 <unknown>\n#18 0x7fbcc6523134 <unknown>\n\n","statusTrace":"  File \"/usr/local/lib/python3.11/site-packages/allure_commons/_allure.py\", line 192, in impl\n    return func(*a, **kw)\n           ^^^^^^^^^^^^^^\n  File \"/app/pages/main_page.py\", line 142, in check_floor_climb_link\n    self.driver.find_element(*self._floor_climb_link).click()\n    ^^^^^^^^^^^^^^^^^^^^^^^^^^^^^^^^^^^^^^^^^^^^^^^^^\n  File \"/usr/local/lib/python3.11/site-packages/selenium/webdriver/remote/webdriver.py\", line 740, in find_element\n    return self.execute(Command.FIND_ELEMENT, {\"using\": by, \"value\": value})[\"value\"]\n           ^^^^^^^^^^^^^^^^^^^^^^^^^^^^^^^^^^^^^^^^^^^^^^^^^^^^^^^^^^^^^^^^^\n  File \"/usr/local/lib/python3.11/site-packages/selenium/webdriver/remote/webdriver.py\", line 346, in execute\n    self.error_handler.check_response(response)\n  File \"/usr/local/lib/python3.11/site-packages/selenium/webdriver/remote/errorhandler.py\", line 245, in check_response\n    raise exception_class(message, screen, stacktrace)\n","steps":[],"attachments":[],"parameters":[],"shouldDisplayMessage":true,"stepsCount":0,"attachmentsCount":0,"hasContent":true,"attachmentStep":false}],"attachments":[{"uid":"ab690d2ce1d10fcc","name":"Screenshot","source":"ab690d2ce1d10fcc.png","type":"image/png","size":39106},{"uid":"c7c444cf1645e2dc","name":"HTML source","source":"c7c444cf1645e2dc.html","type":"text/html","size":538}],"parameters":[],"shouldDisplayMessage":true,"stepsCount":1,"attachmentsCount":2,"hasContent":true,"attachmentStep":false},"afterStages":[{"name":"setup::0","time":{"start":1709255277284,"stop":1709255277284,"duration":0},"status":"passed","steps":[],"attachments":[],"parameters":[],"shouldDisplayMessage":false,"stepsCount":0,"attachmentsCount":0,"hasContent":false,"attachmentStep":false},{"name":"driver::0","time":{"start":1709255277284,"stop":1709255277341,"duration":57},"status":"passed","steps":[],"attachments":[],"parameters":[],"shouldDisplayMessage":false,"stepsCount":0,"attachmentsCount":0,"hasContent":false,"attachmentStep":false}],"labels":[{"name":"feature","value":"Footer functionality"},{"name":"epic","value":"Main Page"},{"name":"tag","value":"smoke_test"},{"name":"parentSuite","value":"tests"},{"name":"suite","value":"test_main_page"},{"name":"subSuite","value":"TestMainPage"},{"name":"host","value":"1f0fdd4672b6"},{"name":"thread","value":"1-MainThread"},{"name":"framework","value":"pytest"},{"name":"language","value":"cpython3"},{"name":"package","value":"tests.test_main_page"},{"name":"resultFormat","value":"allure2"}],"parameters":[{"name":"url","value":"'https://test2.stroyrem-nn.ru/'"}],"links":[],"hidden":false,"retry":false,"extra":{"severity":"normal","retries":[],"categories":[{"name":"Test defects","matchedStatuses":[],"flaky":false}],"history":{"statistic":{"failed":0,"broken":170,"skipped":0,"passed":35,"unknown":0,"total":205},"items":[{"uid":"732165c36bfbc59d","reportUrl":"https://zaelcovsky.github.io/StroyremAutomation/247//#testresult/732165c36bfbc59d","status":"broken","statusDetails":"selenium.common.exceptions.NoSuchElementException: Message: no such element: Unable to locate element: {\"method\":\"xpath\",\"selector\":\"(//a[@href='/podem-strojmaterialov-v-kvartiru'])[3]\"}\n  (Session info: chrome-headless-shell=122.0.6261.94); For documentation on this error, please visit: https://www.selenium.dev/documentation/webdriver/troubleshooting/errors#no-such-element-exception\nStacktrace:\n#0 0x5628523c8e93 <unknown>\n#1 0x5628520c0ce6 <unknown>\n#2 0x56285210be48 <unknown>\n#3 0x56285210bf01 <unknown>\n#4 0x56285214f3f4 <unknown>\n#5 0x56285212dedd <unknown>\n#6 0x56285214c899 <unknown>\n#7 0x56285212dc53 <unknown>\n#8 0x5628520fedb3 <unknown>\n#9 0x5628520ff77e <unknown>\n#10 0x56285238e7cb <unknown>\n#11 0x5628523927e5 <unknown>\n#12 0x56285237c0e1 <unknown>\n#13 0x562852393372 <unknown>\n#14 0x5628523601bf <unknown>\n#15 0x5628523b7488 <unknown>\n#16 0x5628523b7683 <unknown>\n#17 0x5628523c8044 <unknown>\n#18 0x7f8b77748134 <unknown>","time":{"start":1709168531966,"stop":1709168531979,"duration":13}},{"uid":"40e4670b929b8245","reportUrl":"https://zaelcovsky.github.io/StroyremAutomation/246//#testresult/40e4670b929b8245","status":"broken","statusDetails":"selenium.common.exceptions.NoSuchElementException: Message: no such element: Unable to locate element: {\"method\":\"xpath\",\"selector\":\"(//a[@href='/podem-strojmaterialov-v-kvartiru'])[3]\"}\n  (Session info: chrome-headless-shell=122.0.6261.94); For documentation on this error, please visit: https://www.selenium.dev/documentation/webdriver/troubleshooting/errors#no-such-element-exception\nStacktrace:\n#0 0x55e0609fbe93 <unknown>\n#1 0x55e0606f3ce6 <unknown>\n#2 0x55e06073ee48 <unknown>\n#3 0x55e06073ef01 <unknown>\n#4 0x55e0607823f4 <unknown>\n#5 0x55e060760edd <unknown>\n#6 0x55e06077f899 <unknown>\n#7 0x55e060760c53 <unknown>\n#8 0x55e060731db3 <unknown>\n#9 0x55e06073277e <unknown>\n#10 0x55e0609c17cb <unknown>\n#11 0x55e0609c57e5 <unknown>\n#12 0x55e0609af0e1 <unknown>\n#13 0x55e0609c6372 <unknown>\n#14 0x55e0609931bf <unknown>\n#15 0x55e0609ea488 <unknown>\n#16 0x55e0609ea683 <unknown>\n#17 0x55e0609fb044 <unknown>\n#18 0x7fe4f943d134 <unknown>","time":{"start":1709082133893,"stop":1709082133907,"duration":14}},{"uid":"2aca2050ded48de0","reportUrl":"https://zaelcovsky.github.io/StroyremAutomation/245//#testresult/2aca2050ded48de0","status":"broken","statusDetails":"selenium.common.exceptions.NoSuchElementException: Message: no such element: Unable to locate element: {\"method\":\"xpath\",\"selector\":\"(//a[@href='/podem-strojmaterialov-v-kvartiru'])[3]\"}\n  (Session info: chrome-headless-shell=122.0.6261.69); For documentation on this error, please visit: https://www.selenium.dev/documentation/webdriver/troubleshooting/errors#no-such-element-exception\nStacktrace:\n#0 0x561d5941f793 <unknown>\n#1 0x561d591131c6 <unknown>\n#2 0x561d5915e358 <unknown>\n#3 0x561d5915e411 <unknown>\n#4 0x561d591a1934 <unknown>\n#5 0x561d591803fd <unknown>\n#6 0x561d5919edd9 <unknown>\n#7 0x561d59180173 <unknown>\n#8 0x561d591512d3 <unknown>\n#9 0x561d59151c9e <unknown>\n#10 0x561d593e38cb <unknown>\n#11 0x561d593e7745 <unknown>\n#12 0x561d593d02e1 <unknown>\n#13 0x561d593e82d2 <unknown>\n#14 0x561d593b417f <unknown>\n#15 0x561d5940ddc8 <unknown>\n#16 0x561d5940dfc3 <unknown>\n#17 0x561d5941e944 <unknown>\n#18 0x7f13a5e6a134 <unknown>","time":{"start":1708995751688,"stop":1708995751701,"duration":13}},{"uid":"c8ef0cfb91a305c9","reportUrl":"https://zaelcovsky.github.io/StroyremAutomation/244//#testresult/c8ef0cfb91a305c9","status":"broken","statusDetails":"selenium.common.exceptions.NoSuchElementException: Message: no such element: Unable to locate element: {\"method\":\"xpath\",\"selector\":\"(//a[@href='/podem-strojmaterialov-v-kvartiru'])[3]\"}\n  (Session info: chrome-headless-shell=122.0.6261.69); For documentation on this error, please visit: https://www.selenium.dev/documentation/webdriver/troubleshooting/errors#no-such-element-exception\nStacktrace:\n#0 0x55df8b65f793 <unknown>\n#1 0x55df8b3531c6 <unknown>\n#2 0x55df8b39e358 <unknown>\n#3 0x55df8b39e411 <unknown>\n#4 0x55df8b3e1934 <unknown>\n#5 0x55df8b3c03fd <unknown>\n#6 0x55df8b3dedd9 <unknown>\n#7 0x55df8b3c0173 <unknown>\n#8 0x55df8b3912d3 <unknown>\n#9 0x55df8b391c9e <unknown>\n#10 0x55df8b6238cb <unknown>\n#11 0x55df8b627745 <unknown>\n#12 0x55df8b6102e1 <unknown>\n#13 0x55df8b6282d2 <unknown>\n#14 0x55df8b5f417f <unknown>\n#15 0x55df8b64ddc8 <unknown>\n#16 0x55df8b64dfc3 <unknown>\n#17 0x55df8b65e944 <unknown>\n#18 0x7fd0b634a134 <unknown>","time":{"start":1708909409935,"stop":1708909409948,"duration":13}},{"uid":"7946f8e245b1058f","reportUrl":"https://zaelcovsky.github.io/StroyremAutomation/243//#testresult/7946f8e245b1058f","status":"broken","statusDetails":"selenium.common.exceptions.NoSuchElementException: Message: no such element: Unable to locate element: {\"method\":\"xpath\",\"selector\":\"(//a[@href='/podem-strojmaterialov-v-kvartiru'])[3]\"}\n  (Session info: chrome-headless-shell=122.0.6261.69); For documentation on this error, please visit: https://www.selenium.dev/documentation/webdriver/troubleshooting/errors#no-such-element-exception\nStacktrace:\n#0 0x55d0aa9ee793 <unknown>\n#1 0x55d0aa6e21c6 <unknown>\n#2 0x55d0aa72d358 <unknown>\n#3 0x55d0aa72d411 <unknown>\n#4 0x55d0aa770934 <unknown>\n#5 0x55d0aa74f3fd <unknown>\n#6 0x55d0aa76ddd9 <unknown>\n#7 0x55d0aa74f173 <unknown>\n#8 0x55d0aa7202d3 <unknown>\n#9 0x55d0aa720c9e <unknown>\n#10 0x55d0aa9b28cb <unknown>\n#11 0x55d0aa9b6745 <unknown>\n#12 0x55d0aa99f2e1 <unknown>\n#13 0x55d0aa9b72d2 <unknown>\n#14 0x55d0aa98317f <unknown>\n#15 0x55d0aa9dcdc8 <unknown>\n#16 0x55d0aa9dcfc3 <unknown>\n#17 0x55d0aa9ed944 <unknown>\n#18 0x7f199b519134 <unknown>","time":{"start":1708823193871,"stop":1708823193884,"duration":13}},{"uid":"351b4bf91871b302","reportUrl":"https://zaelcovsky.github.io/StroyremAutomation/242//#testresult/351b4bf91871b302","status":"broken","statusDetails":"selenium.common.exceptions.NoSuchElementException: Message: no such element: Unable to locate element: {\"method\":\"xpath\",\"selector\":\"(//a[@href='/podem-strojmaterialov-v-kvartiru'])[3]\"}\n  (Session info: chrome-headless-shell=122.0.6261.69); For documentation on this error, please visit: https://www.selenium.dev/documentation/webdriver/troubleshooting/errors#no-such-element-exception\nStacktrace:\n#0 0x5622ba72e793 <unknown>\n#1 0x5622ba4221c6 <unknown>\n#2 0x5622ba46d358 <unknown>\n#3 0x5622ba46d411 <unknown>\n#4 0x5622ba4b0934 <unknown>\n#5 0x5622ba48f3fd <unknown>\n#6 0x5622ba4addd9 <unknown>\n#7 0x5622ba48f173 <unknown>\n#8 0x5622ba4602d3 <unknown>\n#9 0x5622ba460c9e <unknown>\n#10 0x5622ba6f28cb <unknown>\n#11 0x5622ba6f6745 <unknown>\n#12 0x5622ba6df2e1 <unknown>\n#13 0x5622ba6f72d2 <unknown>\n#14 0x5622ba6c317f <unknown>\n#15 0x5622ba71cdc8 <unknown>\n#16 0x5622ba71cfc3 <unknown>\n#17 0x5622ba72d944 <unknown>\n#18 0x7f64dc8ec134 <unknown>","time":{"start":1708736445412,"stop":1708736445425,"duration":13}},{"uid":"7990adbd213667b5","reportUrl":"https://zaelcovsky.github.io/StroyremAutomation/241//#testresult/7990adbd213667b5","status":"broken","statusDetails":"selenium.common.exceptions.NoSuchElementException: Message: no such element: Unable to locate element: {\"method\":\"xpath\",\"selector\":\"(//a[@href='/podem-strojmaterialov-v-kvartiru'])[3]\"}\n  (Session info: chrome-headless-shell=122.0.6261.69); For documentation on this error, please visit: https://www.selenium.dev/documentation/webdriver/troubleshooting/errors#no-such-element-exception\nStacktrace:\n#0 0x55a905781793 <unknown>\n#1 0x55a9054751c6 <unknown>\n#2 0x55a9054c0358 <unknown>\n#3 0x55a9054c0411 <unknown>\n#4 0x55a905503934 <unknown>\n#5 0x55a9054e23fd <unknown>\n#6 0x55a905500dd9 <unknown>\n#7 0x55a9054e2173 <unknown>\n#8 0x55a9054b32d3 <unknown>\n#9 0x55a9054b3c9e <unknown>\n#10 0x55a9057458cb <unknown>\n#11 0x55a905749745 <unknown>\n#12 0x55a9057322e1 <unknown>\n#13 0x55a90574a2d2 <unknown>\n#14 0x55a90571617f <unknown>\n#15 0x55a90576fdc8 <unknown>\n#16 0x55a90576ffc3 <unknown>\n#17 0x55a905780944 <unknown>\n#18 0x7f8167260134 <unknown>","time":{"start":1708650092056,"stop":1708650092069,"duration":13}},{"uid":"a5a582f087127233","reportUrl":"https://zaelcovsky.github.io/StroyremAutomation/240//#testresult/a5a582f087127233","status":"broken","statusDetails":"selenium.common.exceptions.NoSuchElementException: Message: no such element: Unable to locate element: {\"method\":\"xpath\",\"selector\":\"(//a[@href='/podem-strojmaterialov-v-kvartiru'])[3]\"}\n  (Session info: chrome-headless-shell=122.0.6261.57); For documentation on this error, please visit: https://www.selenium.dev/documentation/webdriver/troubleshooting/errors#no-such-element-exception\nStacktrace:\n#0 0x55ae14b8a7d3 <unknown>\n#1 0x55ae1487e1c6 <unknown>\n#2 0x55ae148c9358 <unknown>\n#3 0x55ae148c9411 <unknown>\n#4 0x55ae1490c934 <unknown>\n#5 0x55ae148eb3fd <unknown>\n#6 0x55ae14909dd9 <unknown>\n#7 0x55ae148eb173 <unknown>\n#8 0x55ae148bc2d3 <unknown>\n#9 0x55ae148bcc9e <unknown>\n#10 0x55ae14b4e90b <unknown>\n#11 0x55ae14b52785 <unknown>\n#12 0x55ae14b3b321 <unknown>\n#13 0x55ae14b53312 <unknown>\n#14 0x55ae14b1f1bf <unknown>\n#15 0x55ae14b78e08 <unknown>\n#16 0x55ae14b79003 <unknown>\n#17 0x55ae14b89984 <unknown>\n#18 0x7f21e7399134 <unknown>","time":{"start":1708563725307,"stop":1708563725320,"duration":13}},{"uid":"4bcd4707dc28d3c0","reportUrl":"https://zaelcovsky.github.io/StroyremAutomation/239//#testresult/4bcd4707dc28d3c0","status":"broken","statusDetails":"selenium.common.exceptions.NoSuchElementException: Message: no such element: Unable to locate element: {\"method\":\"xpath\",\"selector\":\"(//a[@href='/podem-strojmaterialov-v-kvartiru'])[3]\"}\n  (Session info: chrome-headless-shell=122.0.6261.57); For documentation on this error, please visit: https://www.selenium.dev/documentation/webdriver/troubleshooting/errors#no-such-element-exception\nStacktrace:\n#0 0x563f8fa387d3 <unknown>\n#1 0x563f8f72c1c6 <unknown>\n#2 0x563f8f777358 <unknown>\n#3 0x563f8f777411 <unknown>\n#4 0x563f8f7ba934 <unknown>\n#5 0x563f8f7993fd <unknown>\n#6 0x563f8f7b7dd9 <unknown>\n#7 0x563f8f799173 <unknown>\n#8 0x563f8f76a2d3 <unknown>\n#9 0x563f8f76ac9e <unknown>\n#10 0x563f8f9fc90b <unknown>\n#11 0x563f8fa00785 <unknown>\n#12 0x563f8f9e9321 <unknown>\n#13 0x563f8fa01312 <unknown>\n#14 0x563f8f9cd1bf <unknown>\n#15 0x563f8fa26e08 <unknown>\n#16 0x563f8fa27003 <unknown>\n#17 0x563f8fa37984 <unknown>\n#18 0x7f6c8c62f134 <unknown>","time":{"start":1708477384749,"stop":1708477384763,"duration":14}},{"uid":"a240646777b87430","reportUrl":"https://zaelcovsky.github.io/StroyremAutomation/238//#testresult/a240646777b87430","status":"broken","statusDetails":"selenium.common.exceptions.NoSuchElementException: Message: no such element: Unable to locate element: {\"method\":\"xpath\",\"selector\":\"(//a[@href='/podem-strojmaterialov-v-kvartiru'])[3]\"}\n  (Session info: chrome-headless-shell=121.0.6167.184); For documentation on this error, please visit: https://www.selenium.dev/documentation/webdriver/troubleshooting/errors#no-such-element-exception\nStacktrace:\n#0 0x55f3badee303 <unknown>\n#1 0x55f3baad32b7 <unknown>\n#2 0x55f3bab1ecc0 <unknown>\n#3 0x55f3bab1edb1 <unknown>\n#4 0x55f3bab62b44 <unknown>\n#5 0x55f3bab413ad <unknown>\n#6 0x55f3bab6007c <unknown>\n#7 0x55f3bab41123 <unknown>\n#8 0x55f3bab11095 <unknown>\n#9 0x55f3bab1209e <unknown>\n#10 0x55f3badb26ab <unknown>\n#11 0x55f3badb64ba <unknown>\n#12 0x55f3bad9ef85 <unknown>\n#13 0x55f3badb712f <unknown>\n#14 0x55f3bad82e6f <unknown>\n#15 0x55f3baddb5f8 <unknown>\n#16 0x55f3baddb7c2 <unknown>\n#17 0x55f3baded4a4 <unknown>\n#18 0x7fc374c32134 <unknown>","time":{"start":1708390911055,"stop":1708390911068,"duration":13}},{"uid":"2ba8631d8a503323","reportUrl":"https://zaelcovsky.github.io/StroyremAutomation/237//#testresult/2ba8631d8a503323","status":"broken","statusDetails":"selenium.common.exceptions.NoSuchElementException: Message: no such element: Unable to locate element: {\"method\":\"xpath\",\"selector\":\"(//a[@href='/podem-strojmaterialov-v-kvartiru'])[3]\"}\n  (Session info: chrome-headless-shell=121.0.6167.184); For documentation on this error, please visit: https://www.selenium.dev/documentation/webdriver/troubleshooting/errors#no-such-element-exception\nStacktrace:\n#0 0x55854684e303 <unknown>\n#1 0x5585465332b7 <unknown>\n#2 0x55854657ecc0 <unknown>\n#3 0x55854657edb1 <unknown>\n#4 0x5585465c2b44 <unknown>\n#5 0x5585465a13ad <unknown>\n#6 0x5585465c007c <unknown>\n#7 0x5585465a1123 <unknown>\n#8 0x558546571095 <unknown>\n#9 0x55854657209e <unknown>\n#10 0x5585468126ab <unknown>\n#11 0x5585468164ba <unknown>\n#12 0x5585467fef85 <unknown>\n#13 0x55854681712f <unknown>\n#14 0x5585467e2e6f <unknown>\n#15 0x55854683b5f8 <unknown>\n#16 0x55854683b7c2 <unknown>\n#17 0x55854684d4a4 <unknown>\n#18 0x7f0f7bf54134 <unknown>","time":{"start":1708304679942,"stop":1708304679955,"duration":13}},{"uid":"60d95eea0e9a3c3b","reportUrl":"https://zaelcovsky.github.io/StroyremAutomation/236//#testresult/60d95eea0e9a3c3b","status":"broken","statusDetails":"selenium.common.exceptions.NoSuchElementException: Message: no such element: Unable to locate element: {\"method\":\"xpath\",\"selector\":\"(//a[@href='/podem-strojmaterialov-v-kvartiru'])[3]\"}\n  (Session info: chrome-headless-shell=121.0.6167.184); For documentation on this error, please visit: https://www.selenium.dev/documentation/webdriver/troubleshooting/errors#no-such-element-exception\nStacktrace:\n#0 0x561636df1303 <unknown>\n#1 0x561636ad62b7 <unknown>\n#2 0x561636b21cc0 <unknown>\n#3 0x561636b21db1 <unknown>\n#4 0x561636b65b44 <unknown>\n#5 0x561636b443ad <unknown>\n#6 0x561636b6307c <unknown>\n#7 0x561636b44123 <unknown>\n#8 0x561636b14095 <unknown>\n#9 0x561636b1509e <unknown>\n#10 0x561636db56ab <unknown>\n#11 0x561636db94ba <unknown>\n#12 0x561636da1f85 <unknown>\n#13 0x561636dba12f <unknown>\n#14 0x561636d85e6f <unknown>\n#15 0x561636dde5f8 <unknown>\n#16 0x561636dde7c2 <unknown>\n#17 0x561636df04a4 <unknown>\n#18 0x7ff841880134 <unknown>","time":{"start":1708218403797,"stop":1708218403810,"duration":13}},{"uid":"7018780446409fe1","reportUrl":"https://zaelcovsky.github.io/StroyremAutomation/235//#testresult/7018780446409fe1","status":"broken","statusDetails":"selenium.common.exceptions.NoSuchElementException: Message: no such element: Unable to locate element: {\"method\":\"xpath\",\"selector\":\"(//a[@href='/podem-strojmaterialov-v-kvartiru'])[3]\"}\n  (Session info: chrome-headless-shell=121.0.6167.184); For documentation on this error, please visit: https://www.selenium.dev/documentation/webdriver/troubleshooting/errors#no-such-element-exception\nStacktrace:\n#0 0x559db5140303 <unknown>\n#1 0x559db4e252b7 <unknown>\n#2 0x559db4e70cc0 <unknown>\n#3 0x559db4e70db1 <unknown>\n#4 0x559db4eb4b44 <unknown>\n#5 0x559db4e933ad <unknown>\n#6 0x559db4eb207c <unknown>\n#7 0x559db4e93123 <unknown>\n#8 0x559db4e63095 <unknown>\n#9 0x559db4e6409e <unknown>\n#10 0x559db51046ab <unknown>\n#11 0x559db51084ba <unknown>\n#12 0x559db50f0f85 <unknown>\n#13 0x559db510912f <unknown>\n#14 0x559db50d4e6f <unknown>\n#15 0x559db512d5f8 <unknown>\n#16 0x559db512d7c2 <unknown>\n#17 0x559db513f4a4 <unknown>\n#18 0x7fb9f2d1b134 <unknown>","time":{"start":1708131707464,"stop":1708131707477,"duration":13}},{"uid":"635e88e732198784","reportUrl":"https://zaelcovsky.github.io/StroyremAutomation/234//#testresult/635e88e732198784","status":"broken","statusDetails":"selenium.common.exceptions.NoSuchElementException: Message: no such element: Unable to locate element: {\"method\":\"xpath\",\"selector\":\"(//a[@href='/podem-strojmaterialov-v-kvartiru'])[3]\"}\n  (Session info: chrome-headless-shell=121.0.6167.85); For documentation on this error, please visit: https://www.selenium.dev/documentation/webdriver/troubleshooting/errors#no-such-element-exception\nStacktrace:\n#0 0x55fdffdb0d93 <unknown>\n#1 0x55fdffa94337 <unknown>\n#2 0x55fdffadfd60 <unknown>\n#3 0x55fdffadfe51 <unknown>\n#4 0x55fdffb23bc4 <unknown>\n#5 0x55fdffb0246d <unknown>\n#6 0x55fdffb2112d <unknown>\n#7 0x55fdffb021e3 <unknown>\n#8 0x55fdffad2135 <unknown>\n#9 0x55fdffad313e <unknown>\n#10 0x55fdffd74e4b <unknown>\n#11 0x55fdffd78dfa <unknown>\n#12 0x55fdffd616d5 <unknown>\n#13 0x55fdffd79a6f <unknown>\n#14 0x55fdffd4569f <unknown>\n#15 0x55fdffd9e098 <unknown>\n#16 0x55fdffd9e262 <unknown>\n#17 0x55fdffdaff34 <unknown>\n#18 0x7f81ab392134 <unknown>","time":{"start":1708045357549,"stop":1708045357562,"duration":13}},{"uid":"bc07f23baacff157","reportUrl":"https://zaelcovsky.github.io/StroyremAutomation/233//#testresult/bc07f23baacff157","status":"broken","statusDetails":"selenium.common.exceptions.NoSuchElementException: Message: no such element: Unable to locate element: {\"method\":\"xpath\",\"selector\":\"(//a[@href='/podem-strojmaterialov-v-kvartiru'])[3]\"}\n  (Session info: chrome-headless-shell=121.0.6167.85); For documentation on this error, please visit: https://www.selenium.dev/documentation/webdriver/troubleshooting/errors#no-such-element-exception\nStacktrace:\n#0 0x5625be8d7d93 <unknown>\n#1 0x5625be5bb337 <unknown>\n#2 0x5625be606d60 <unknown>\n#3 0x5625be606e51 <unknown>\n#4 0x5625be64abc4 <unknown>\n#5 0x5625be62946d <unknown>\n#6 0x5625be64812d <unknown>\n#7 0x5625be6291e3 <unknown>\n#8 0x5625be5f9135 <unknown>\n#9 0x5625be5fa13e <unknown>\n#10 0x5625be89be4b <unknown>\n#11 0x5625be89fdfa <unknown>\n#12 0x5625be8886d5 <unknown>\n#13 0x5625be8a0a6f <unknown>\n#14 0x5625be86c69f <unknown>\n#15 0x5625be8c5098 <unknown>\n#16 0x5625be8c5262 <unknown>\n#17 0x5625be8d6f34 <unknown>\n#18 0x7fa0b5efb134 <unknown>","time":{"start":1707959024866,"stop":1707959024879,"duration":13}},{"uid":"193551a67bc679a4","reportUrl":"https://zaelcovsky.github.io/StroyremAutomation/232//#testresult/193551a67bc679a4","status":"broken","statusDetails":"selenium.common.exceptions.NoSuchElementException: Message: no such element: Unable to locate element: {\"method\":\"xpath\",\"selector\":\"(//a[@href='/podem-strojmaterialov-v-kvartiru'])[3]\"}\n  (Session info: chrome-headless-shell=121.0.6167.85); For documentation on this error, please visit: https://www.selenium.dev/documentation/webdriver/troubleshooting/errors#no-such-element-exception\nStacktrace:\n#0 0x55a1d8629d93 <unknown>\n#1 0x55a1d830d337 <unknown>\n#2 0x55a1d8358d60 <unknown>\n#3 0x55a1d8358e51 <unknown>\n#4 0x55a1d839cbc4 <unknown>\n#5 0x55a1d837b46d <unknown>\n#6 0x55a1d839a12d <unknown>\n#7 0x55a1d837b1e3 <unknown>\n#8 0x55a1d834b135 <unknown>\n#9 0x55a1d834c13e <unknown>\n#10 0x55a1d85ede4b <unknown>\n#11 0x55a1d85f1dfa <unknown>\n#12 0x55a1d85da6d5 <unknown>\n#13 0x55a1d85f2a6f <unknown>\n#14 0x55a1d85be69f <unknown>\n#15 0x55a1d8617098 <unknown>\n#16 0x55a1d8617262 <unknown>\n#17 0x55a1d8628f34 <unknown>\n#18 0x7f913273a134 <unknown>","time":{"start":1707872606092,"stop":1707872606105,"duration":13}},{"uid":"d6e507f5c52880f4","reportUrl":"https://zaelcovsky.github.io/StroyremAutomation/231//#testresult/d6e507f5c52880f4","status":"broken","statusDetails":"selenium.common.exceptions.NoSuchElementException: Message: no such element: Unable to locate element: {\"method\":\"xpath\",\"selector\":\"(//a[@href='/podem-strojmaterialov-v-kvartiru'])[3]\"}\n  (Session info: chrome-headless-shell=121.0.6167.85); For documentation on this error, please visit: https://www.selenium.dev/documentation/webdriver/troubleshooting/errors#no-such-element-exception\nStacktrace:\n#0 0x56159768fd93 <unknown>\n#1 0x561597373337 <unknown>\n#2 0x5615973bed60 <unknown>\n#3 0x5615973bee51 <unknown>\n#4 0x561597402bc4 <unknown>\n#5 0x5615973e146d <unknown>\n#6 0x56159740012d <unknown>\n#7 0x5615973e11e3 <unknown>\n#8 0x5615973b1135 <unknown>\n#9 0x5615973b213e <unknown>\n#10 0x561597653e4b <unknown>\n#11 0x561597657dfa <unknown>\n#12 0x5615976406d5 <unknown>\n#13 0x561597658a6f <unknown>\n#14 0x56159762469f <unknown>\n#15 0x56159767d098 <unknown>\n#16 0x56159767d262 <unknown>\n#17 0x56159768ef34 <unknown>\n#18 0x7f2902a45134 <unknown>","time":{"start":1707786254677,"stop":1707786254690,"duration":13}},{"uid":"f074823902c36ed6","reportUrl":"https://zaelcovsky.github.io/StroyremAutomation/230//#testresult/f074823902c36ed6","status":"broken","statusDetails":"selenium.common.exceptions.NoSuchElementException: Message: no such element: Unable to locate element: {\"method\":\"xpath\",\"selector\":\"(//a[@href='/podem-strojmaterialov-v-kvartiru'])[3]\"}\n  (Session info: chrome-headless-shell=121.0.6167.85); For documentation on this error, please visit: https://www.selenium.dev/documentation/webdriver/troubleshooting/errors#no-such-element-exception\nStacktrace:\n#0 0x5627392f8d93 <unknown>\n#1 0x562738fdc337 <unknown>\n#2 0x562739027d60 <unknown>\n#3 0x562739027e51 <unknown>\n#4 0x56273906bbc4 <unknown>\n#5 0x56273904a46d <unknown>\n#6 0x56273906912d <unknown>\n#7 0x56273904a1e3 <unknown>\n#8 0x56273901a135 <unknown>\n#9 0x56273901b13e <unknown>\n#10 0x5627392bce4b <unknown>\n#11 0x5627392c0dfa <unknown>\n#12 0x5627392a96d5 <unknown>\n#13 0x5627392c1a6f <unknown>\n#14 0x56273928d69f <unknown>\n#15 0x5627392e6098 <unknown>\n#16 0x5627392e6262 <unknown>\n#17 0x5627392f7f34 <unknown>\n#18 0x7fec14a28134 <unknown>","time":{"start":1707699807230,"stop":1707699807242,"duration":12}},{"uid":"c27a0374530505a4","reportUrl":"https://zaelcovsky.github.io/StroyremAutomation/229//#testresult/c27a0374530505a4","status":"broken","statusDetails":"selenium.common.exceptions.NoSuchElementException: Message: no such element: Unable to locate element: {\"method\":\"xpath\",\"selector\":\"(//a[@href='/podem-strojmaterialov-v-kvartiru'])[3]\"}\n  (Session info: chrome-headless-shell=121.0.6167.85); For documentation on this error, please visit: https://www.selenium.dev/documentation/webdriver/troubleshooting/errors#no-such-element-exception\nStacktrace:\n#0 0x560dedbd1d93 <unknown>\n#1 0x560ded8b5337 <unknown>\n#2 0x560ded900d60 <unknown>\n#3 0x560ded900e51 <unknown>\n#4 0x560ded944bc4 <unknown>\n#5 0x560ded92346d <unknown>\n#6 0x560ded94212d <unknown>\n#7 0x560ded9231e3 <unknown>\n#8 0x560ded8f3135 <unknown>\n#9 0x560ded8f413e <unknown>\n#10 0x560dedb95e4b <unknown>\n#11 0x560dedb99dfa <unknown>\n#12 0x560dedb826d5 <unknown>\n#13 0x560dedb9aa6f <unknown>\n#14 0x560dedb6669f <unknown>\n#15 0x560dedbbf098 <unknown>\n#16 0x560dedbbf262 <unknown>\n#17 0x560dedbd0f34 <unknown>\n#18 0x7f09fe7bb134 <unknown>","time":{"start":1707613630949,"stop":1707613630961,"duration":12}},{"uid":"60b2eafb7bd90aa4","reportUrl":"https://zaelcovsky.github.io/StroyremAutomation/228//#testresult/60b2eafb7bd90aa4","status":"broken","statusDetails":"selenium.common.exceptions.NoSuchElementException: Message: no such element: Unable to locate element: {\"method\":\"xpath\",\"selector\":\"(//a[@href='/podem-strojmaterialov-v-kvartiru'])[3]\"}\n  (Session info: chrome-headless-shell=121.0.6167.85); For documentation on this error, please visit: https://www.selenium.dev/documentation/webdriver/troubleshooting/errors#no-such-element-exception\nStacktrace:\n#0 0x55c3ea087d93 <unknown>\n#1 0x55c3e9d6b337 <unknown>\n#2 0x55c3e9db6d60 <unknown>\n#3 0x55c3e9db6e51 <unknown>\n#4 0x55c3e9dfabc4 <unknown>\n#5 0x55c3e9dd946d <unknown>\n#6 0x55c3e9df812d <unknown>\n#7 0x55c3e9dd91e3 <unknown>\n#8 0x55c3e9da9135 <unknown>\n#9 0x55c3e9daa13e <unknown>\n#10 0x55c3ea04be4b <unknown>\n#11 0x55c3ea04fdfa <unknown>\n#12 0x55c3ea0386d5 <unknown>\n#13 0x55c3ea050a6f <unknown>\n#14 0x55c3ea01c69f <unknown>\n#15 0x55c3ea075098 <unknown>\n#16 0x55c3ea075262 <unknown>\n#17 0x55c3ea086f34 <unknown>\n#18 0x7f864c1d3134 <unknown>","time":{"start":1707526843662,"stop":1707526843675,"duration":13}}]},"tags":["smoke_test"]},"source":"6bae47ab040d04b4.json","parameterValues":["'https://test2.stroyrem-nn.ru/'"]}