{"uid":"83f7a54f5366edce","name":"Авторизация с помощью аккаунта ya.ru","fullName":"tests.test_sign_in.test_sign_in_page.TestSignInPage#test_positive_authorization_first_time_using_YA_smoke","historyId":"dad914aa68b78287aa131957fc42820c","time":{"start":1709256222469,"stop":1709256226147,"duration":3678},"status":"skipped","statusMessage":"XFAIL Появляется капча Яндекса при запуске теста на Github\n\nselenium.common.exceptions.NoSuchElementException: Message: no such element: Unable to locate element: {\"method\":\"css selector\",\"selector\":\"button[data-t='button:clear']\"}\n  (Session info: chrome-headless-shell=122.0.6261.94); For documentation on this error, please visit: https://www.selenium.dev/documentation/webdriver/troubleshooting/errors#no-such-element-exception\nStacktrace:\n#0 0x55d0c2632e93 <unknown>\n#1 0x55d0c232ace6 <unknown>\n#2 0x55d0c2375e48 <unknown>\n#3 0x55d0c2375f01 <unknown>\n#4 0x55d0c23b93f4 <unknown>\n#5 0x55d0c2397edd <unknown>\n#6 0x55d0c23b6899 <unknown>\n#7 0x55d0c2397c53 <unknown>\n#8 0x55d0c2368db3 <unknown>\n#9 0x55d0c236977e <unknown>\n#10 0x55d0c25f87cb <unknown>\n#11 0x55d0c25fc7e5 <unknown>\n#12 0x55d0c25e60e1 <unknown>\n#13 0x55d0c25fd372 <unknown>\n#14 0x55d0c25ca1bf <unknown>\n#15 0x55d0c2621488 <unknown>\n#16 0x55d0c2621683 <unknown>\n#17 0x55d0c2632044 <unknown>\n#18 0x7f5e985c6134 <unknown>","statusTrace":"self = <tests.test_sign_in.test_sign_in_page.TestSignInPage object at 0x7fed0757b890>\ndriver = <selenium.webdriver.chrome.webdriver.WebDriver (session=\"f577a322f0744acaf962108dd74acfca\")>\nsign_in_page = <pages.sign_in_page.SignInPage object at 0x7fed07067d50>\nopen_sign_in_window = None\n\n    @allure.title(\"Авторизация с помощью аккаунта ya.ru\")\n    @pytest.mark.xfail(reason=\"Появляется капча Яндекса при запуске теста на Github\")\n    @pytest.mark.smoke_test\n    def test_positive_authorization_first_time_using_YA_smoke(self, driver, sign_in_page, open_sign_in_window):\n        sign_in_page.get_ya_ru_auth_icon().click()\n        driver.switch_to.window(driver.window_handles[1])\n        # driver.delete_all_cookies()\n        driver.add_cookie({'name': 'uniqueuid',\n                           'value': '384528911692006899',\n                           'domain': 'passport.yandex.ru',\n                           'httpOnly': True,\n                           'path': '/',\n                           'expiry': 1723499808,\n                           'sameSite': 'Lax',\n                           'secure': True})\n        driver.add_cookie({'name': 'ymex',\n                           'value': '2007366920.yrts.1692006920#2007366900.yrtsi.1692006900',\n                           'domain': '.yandex.ru',\n                           'httpOnly': False,\n                           'path': '/',\n                           'expiry': 1723499808,\n                           'secure': True})\n        driver.add_cookie({'name': 'i',\n                           'value': 'rpEp6ASpcmkXAketS0UdMiVBT6ovBbPtyYRYZIsRWdkwRjrAU27Q2rmgTx58XJTCF6sreSZhfheTbJeEsS',\n                           'domain': '.yandex.ru',\n                           'httpOnly': True,\n                           'path': '/',\n                           'expiry': 1723499808,\n                           'secure': True})\n        driver.add_cookie({'name': 'yandexuid',\n                           'value': '5114601221692006901',\n                           'domain': '.yandex.ru',\n                           'httpOnly': False,\n                           'path': '/',\n                           'expiry': 1723499808,\n                           'secure': True})\n        driver.add_cookie({'name': 'yuidss',\n                           'value': '7640250911692006900',\n                           'domain': '.yandex.ru',\n                           'httpOnly': False,\n                           'path': '/',\n                           'expiry': 1723499808,\n                           'secure': True})\n        driver.add_cookie({'name': 'gdpr',\n                           'value': '0',\n                           'domain': '.yandex.ru',\n                           'httpOnly': False,\n                           'path': '/',\n                           'expiry': 1723499808,\n                           'secure': True})\n        driver.add_cookie({'name': '_ym_uid',\n                           'value': '169200690291832112',\n                           'domain': '.yandex.ru',\n                           'httpOnly': False,\n                           'path': '/',\n                           'expiry': 1723499808,\n                           'secure': True})\n        driver.add_cookie({'name': '_ym_d',\n                           'value': '1692006902',\n                           'domain': '.yandex.ru',\n                           'httpOnly': False,\n                           'path': '/',\n                           'expiry': 1723499808,\n                           'secure': True})\n        driver.add_cookie({'name': 'bh',\n                           'value': 'Ej8iTm90L0EpQnJhbmQiO3Y9Ijk5IiwiR29vZ2xlIENocm9tZSI7dj0iMTE1IiwiQ2hyb21pdW0iO3Y9IjExNSIaBSJ4ODYiIhAiMTE1LjAuNTc5MC4xMTAiKgI',\n                           'domain': 'yandex.ru',\n                           'httpOnly': False,\n                           'path': '/',\n                           'expiry': 1723499808,\n                           'secure': False})\n        driver.add_cookie({'name': '_ym_visorc',\n                           'value': 'b',\n                           'domain': '.yandex.ru',\n                           'httpOnly': False,\n                           'path': '/',\n                           'expiry': 1723499808,\n                           'secure': True})\n        driver.execute_script(\"arguments[0].scrollIntoView();\",\n>                             sign_in_page.get_ya_ru_window_alternative_ways_to_sign_up())\n\ntests/test_sign_in/test_sign_in_page.py:209: \n_ _ _ _ _ _ _ _ _ _ _ _ _ _ _ _ _ _ _ _ _ _ _ _ _ _ _ _ _ _ _ _ _ _ _ _ _ _ _ _ \npages/sign_in_page.py:191: in get_ya_ru_window_alternative_ways_to_sign_up\n    return self.find_element(self._ya_ru_window_alternative_ways_to_sign_up)\nbase/seleniumbase.py:17: in find_element\n    return self.driver.find_element(*locator)\n/usr/local/lib/python3.11/site-packages/selenium/webdriver/remote/webdriver.py:740: in find_element\n    return self.execute(Command.FIND_ELEMENT, {\"using\": by, \"value\": value})[\"value\"]\n/usr/local/lib/python3.11/site-packages/selenium/webdriver/remote/webdriver.py:346: in execute\n    self.error_handler.check_response(response)\n_ _ _ _ _ _ _ _ _ _ _ _ _ _ _ _ _ _ _ _ _ _ _ _ _ _ _ _ _ _ _ _ _ _ _ _ _ _ _ _ \n\nself = <selenium.webdriver.remote.errorhandler.ErrorHandler object at 0x7fed07778190>\nresponse = {'status': 404, 'value': '{\"value\":{\"error\":\"no such element\",\"message\":\"no such element: Unable to locate element: {\\...\\\\n#16 0x55d0c2621683 \\\\u003Cunknown>\\\\n#17 0x55d0c2632044 \\\\u003Cunknown>\\\\n#18 0x7f5e985c6134 \\\\u003Cunknown>\\\\n\"}}'}\n\n    def check_response(self, response: Dict[str, Any]) -> None:\n        \"\"\"Checks that a JSON response from the WebDriver does not have an\n        error.\n    \n        :Args:\n         - response - The JSON response from the WebDriver server as a dictionary\n           object.\n    \n        :Raises: If the response contains an error message.\n        \"\"\"\n        status = response.get(\"status\", None)\n        if not status or status == ErrorCode.SUCCESS:\n            return\n        value = None\n        message = response.get(\"message\", \"\")\n        screen: str = response.get(\"screen\", \"\")\n        stacktrace = None\n        if isinstance(status, int):\n            value_json = response.get(\"value\", None)\n            if value_json and isinstance(value_json, str):\n                import json\n    \n                try:\n                    value = json.loads(value_json)\n                    if len(value) == 1:\n                        value = value[\"value\"]\n                    status = value.get(\"error\", None)\n                    if not status:\n                        status = value.get(\"status\", ErrorCode.UNKNOWN_ERROR)\n                        message = value.get(\"value\") or value.get(\"message\")\n                        if not isinstance(message, str):\n                            value = message\n                            message = message.get(\"message\")\n                    else:\n                        message = value.get(\"message\", None)\n                except ValueError:\n                    pass\n    \n        exception_class: Type[WebDriverException]\n        if status in ErrorCode.NO_SUCH_ELEMENT:\n            exception_class = NoSuchElementException\n        elif status in ErrorCode.NO_SUCH_FRAME:\n            exception_class = NoSuchFrameException\n        elif status in ErrorCode.NO_SUCH_SHADOW_ROOT:\n            exception_class = NoSuchShadowRootException\n        elif status in ErrorCode.NO_SUCH_WINDOW:\n            exception_class = NoSuchWindowException\n        elif status in ErrorCode.STALE_ELEMENT_REFERENCE:\n            exception_class = StaleElementReferenceException\n        elif status in ErrorCode.ELEMENT_NOT_VISIBLE:\n            exception_class = ElementNotVisibleException\n        elif status in ErrorCode.INVALID_ELEMENT_STATE:\n            exception_class = InvalidElementStateException\n        elif (\n            status in ErrorCode.INVALID_SELECTOR\n            or status in ErrorCode.INVALID_XPATH_SELECTOR\n            or status in ErrorCode.INVALID_XPATH_SELECTOR_RETURN_TYPER\n        ):\n            exception_class = InvalidSelectorException\n        elif status in ErrorCode.ELEMENT_IS_NOT_SELECTABLE:\n            exception_class = ElementNotSelectableException\n        elif status in ErrorCode.ELEMENT_NOT_INTERACTABLE:\n            exception_class = ElementNotInteractableException\n        elif status in ErrorCode.INVALID_COOKIE_DOMAIN:\n            exception_class = InvalidCookieDomainException\n        elif status in ErrorCode.UNABLE_TO_SET_COOKIE:\n            exception_class = UnableToSetCookieException\n        elif status in ErrorCode.TIMEOUT:\n            exception_class = TimeoutException\n        elif status in ErrorCode.SCRIPT_TIMEOUT:\n            exception_class = TimeoutException\n        elif status in ErrorCode.UNKNOWN_ERROR:\n            exception_class = WebDriverException\n        elif status in ErrorCode.UNEXPECTED_ALERT_OPEN:\n            exception_class = UnexpectedAlertPresentException\n        elif status in ErrorCode.NO_ALERT_OPEN:\n            exception_class = NoAlertPresentException\n        elif status in ErrorCode.IME_NOT_AVAILABLE:\n            exception_class = ImeNotAvailableException\n        elif status in ErrorCode.IME_ENGINE_ACTIVATION_FAILED:\n            exception_class = ImeActivationFailedException\n        elif status in ErrorCode.MOVE_TARGET_OUT_OF_BOUNDS:\n            exception_class = MoveTargetOutOfBoundsException\n        elif status in ErrorCode.JAVASCRIPT_ERROR:\n            exception_class = JavascriptException\n        elif status in ErrorCode.SESSION_NOT_CREATED:\n            exception_class = SessionNotCreatedException\n        elif status in ErrorCode.INVALID_ARGUMENT:\n            exception_class = InvalidArgumentException\n        elif status in ErrorCode.NO_SUCH_COOKIE:\n            exception_class = NoSuchCookieException\n        elif status in ErrorCode.UNABLE_TO_CAPTURE_SCREEN:\n            exception_class = ScreenshotException\n        elif status in ErrorCode.ELEMENT_CLICK_INTERCEPTED:\n            exception_class = ElementClickInterceptedException\n        elif status in ErrorCode.INSECURE_CERTIFICATE:\n            exception_class = InsecureCertificateException\n        elif status in ErrorCode.INVALID_COORDINATES:\n            exception_class = InvalidCoordinatesException\n        elif status in ErrorCode.INVALID_SESSION_ID:\n            exception_class = InvalidSessionIdException\n        elif status in ErrorCode.UNKNOWN_METHOD:\n            exception_class = UnknownMethodException\n        else:\n            exception_class = WebDriverException\n        if not value:\n            value = response[\"value\"]\n        if isinstance(value, str):\n            raise exception_class(value)\n        if message == \"\" and \"message\" in value:\n            message = value[\"message\"]\n    \n        screen = None  # type: ignore[assignment]\n        if \"screen\" in value:\n            screen = value[\"screen\"]\n    \n        stacktrace = None\n        st_value = value.get(\"stackTrace\") or value.get(\"stacktrace\")\n        if st_value:\n            if isinstance(st_value, str):\n                stacktrace = st_value.split(\"\\n\")\n            else:\n                stacktrace = []\n                try:\n                    for frame in st_value:\n                        line = frame.get(\"lineNumber\", \"\")\n                        file = frame.get(\"fileName\", \"<anonymous>\")\n                        if line:\n                            file = f\"{file}:{line}\"\n                        meth = frame.get(\"methodName\", \"<anonymous>\")\n                        if \"className\" in frame:\n                            meth = f\"{frame['className']}.{meth}\"\n                        msg = \"    at %s (%s)\"\n                        msg = msg % (meth, file)\n                        stacktrace.append(msg)\n                except TypeError:\n                    pass\n        if exception_class == UnexpectedAlertPresentException:\n            alert_text = None\n            if \"data\" in value:\n                alert_text = value[\"data\"].get(\"text\")\n            elif \"alert\" in value:\n                alert_text = value[\"alert\"].get(\"text\")\n            raise exception_class(message, screen, stacktrace, alert_text)  # type: ignore[call-arg]  # mypy is not smart enough here\n>       raise exception_class(message, screen, stacktrace)\nE       selenium.common.exceptions.NoSuchElementException: Message: no such element: Unable to locate element: {\"method\":\"css selector\",\"selector\":\"button[data-t='button:clear']\"}\nE         (Session info: chrome-headless-shell=122.0.6261.94); For documentation on this error, please visit: https://www.selenium.dev/documentation/webdriver/troubleshooting/errors#no-such-element-exception\nE       Stacktrace:\nE       #0 0x55d0c2632e93 <unknown>\nE       #1 0x55d0c232ace6 <unknown>\nE       #2 0x55d0c2375e48 <unknown>\nE       #3 0x55d0c2375f01 <unknown>\nE       #4 0x55d0c23b93f4 <unknown>\nE       #5 0x55d0c2397edd <unknown>\nE       #6 0x55d0c23b6899 <unknown>\nE       #7 0x55d0c2397c53 <unknown>\nE       #8 0x55d0c2368db3 <unknown>\nE       #9 0x55d0c236977e <unknown>\nE       #10 0x55d0c25f87cb <unknown>\nE       #11 0x55d0c25fc7e5 <unknown>\nE       #12 0x55d0c25e60e1 <unknown>\nE       #13 0x55d0c25fd372 <unknown>\nE       #14 0x55d0c25ca1bf <unknown>\nE       #15 0x55d0c2621488 <unknown>\nE       #16 0x55d0c2621683 <unknown>\nE       #17 0x55d0c2632044 <unknown>\nE       #18 0x7f5e985c6134 <unknown>\n\n/usr/local/lib/python3.11/site-packages/selenium/webdriver/remote/errorhandler.py:245: NoSuchElementException","flaky":false,"newFailed":false,"newBroken":false,"newPassed":false,"retriesCount":0,"retriesStatusChange":false,"beforeStages":[{"name":"_session_faker","time":{"start":1709255142185,"stop":1709255142263,"duration":78},"status":"passed","steps":[],"attachments":[],"parameters":[],"shouldDisplayMessage":false,"stepsCount":0,"attachmentsCount":0,"hasContent":false,"attachmentStep":false},{"name":"clear_allure_results_folder","time":{"start":1709255142264,"stop":1709255142264,"duration":0},"status":"passed","steps":[],"attachments":[],"parameters":[],"shouldDisplayMessage":false,"stepsCount":0,"attachmentsCount":0,"hasContent":false,"attachmentStep":false},{"name":"driver","time":{"start":1709256215533,"stop":1709256216266,"duration":733},"status":"passed","steps":[],"attachments":[],"parameters":[],"shouldDisplayMessage":false,"stepsCount":0,"attachmentsCount":0,"hasContent":false,"attachmentStep":false},{"name":"setup","time":{"start":1709256216267,"stop":1709256216267,"duration":0},"status":"passed","steps":[],"attachments":[],"parameters":[],"shouldDisplayMessage":false,"stepsCount":0,"attachmentsCount":0,"hasContent":false,"attachmentStep":false},{"name":"sign_in_page","time":{"start":1709256216267,"stop":1709256222134,"duration":5867},"status":"passed","steps":[],"attachments":[],"parameters":[],"shouldDisplayMessage":false,"stepsCount":0,"attachmentsCount":0,"hasContent":false,"attachmentStep":false},{"name":"open_sign_in_window","time":{"start":1709256222134,"stop":1709256222468,"duration":334},"status":"passed","steps":[{"name":"Нахождение элемента: иконка профиля в хедере","time":{"start":1709256222134,"stop":1709256222143,"duration":9},"status":"passed","steps":[],"attachments":[],"parameters":[],"shouldDisplayMessage":false,"stepsCount":0,"attachmentsCount":0,"hasContent":false,"attachmentStep":false}],"attachments":[],"parameters":[],"shouldDisplayMessage":false,"stepsCount":1,"attachmentsCount":0,"hasContent":true,"attachmentStep":false}],"testStage":{"status":"skipped","statusMessage":"XFAIL Появляется капча Яндекса при запуске теста на Github\n\nselenium.common.exceptions.NoSuchElementException: Message: no such element: Unable to locate element: {\"method\":\"css selector\",\"selector\":\"button[data-t='button:clear']\"}\n  (Session info: chrome-headless-shell=122.0.6261.94); For documentation on this error, please visit: https://www.selenium.dev/documentation/webdriver/troubleshooting/errors#no-such-element-exception\nStacktrace:\n#0 0x55d0c2632e93 <unknown>\n#1 0x55d0c232ace6 <unknown>\n#2 0x55d0c2375e48 <unknown>\n#3 0x55d0c2375f01 <unknown>\n#4 0x55d0c23b93f4 <unknown>\n#5 0x55d0c2397edd <unknown>\n#6 0x55d0c23b6899 <unknown>\n#7 0x55d0c2397c53 <unknown>\n#8 0x55d0c2368db3 <unknown>\n#9 0x55d0c236977e <unknown>\n#10 0x55d0c25f87cb <unknown>\n#11 0x55d0c25fc7e5 <unknown>\n#12 0x55d0c25e60e1 <unknown>\n#13 0x55d0c25fd372 <unknown>\n#14 0x55d0c25ca1bf <unknown>\n#15 0x55d0c2621488 <unknown>\n#16 0x55d0c2621683 <unknown>\n#17 0x55d0c2632044 <unknown>\n#18 0x7f5e985c6134 <unknown>","statusTrace":"self = <tests.test_sign_in.test_sign_in_page.TestSignInPage object at 0x7fed0757b890>\ndriver = <selenium.webdriver.chrome.webdriver.WebDriver (session=\"f577a322f0744acaf962108dd74acfca\")>\nsign_in_page = <pages.sign_in_page.SignInPage object at 0x7fed07067d50>\nopen_sign_in_window = None\n\n    @allure.title(\"Авторизация с помощью аккаунта ya.ru\")\n    @pytest.mark.xfail(reason=\"Появляется капча Яндекса при запуске теста на Github\")\n    @pytest.mark.smoke_test\n    def test_positive_authorization_first_time_using_YA_smoke(self, driver, sign_in_page, open_sign_in_window):\n        sign_in_page.get_ya_ru_auth_icon().click()\n        driver.switch_to.window(driver.window_handles[1])\n        # driver.delete_all_cookies()\n        driver.add_cookie({'name': 'uniqueuid',\n                           'value': '384528911692006899',\n                           'domain': 'passport.yandex.ru',\n                           'httpOnly': True,\n                           'path': '/',\n                           'expiry': 1723499808,\n                           'sameSite': 'Lax',\n                           'secure': True})\n        driver.add_cookie({'name': 'ymex',\n                           'value': '2007366920.yrts.1692006920#2007366900.yrtsi.1692006900',\n                           'domain': '.yandex.ru',\n                           'httpOnly': False,\n                           'path': '/',\n                           'expiry': 1723499808,\n                           'secure': True})\n        driver.add_cookie({'name': 'i',\n                           'value': 'rpEp6ASpcmkXAketS0UdMiVBT6ovBbPtyYRYZIsRWdkwRjrAU27Q2rmgTx58XJTCF6sreSZhfheTbJeEsS',\n                           'domain': '.yandex.ru',\n                           'httpOnly': True,\n                           'path': '/',\n                           'expiry': 1723499808,\n                           'secure': True})\n        driver.add_cookie({'name': 'yandexuid',\n                           'value': '5114601221692006901',\n                           'domain': '.yandex.ru',\n                           'httpOnly': False,\n                           'path': '/',\n                           'expiry': 1723499808,\n                           'secure': True})\n        driver.add_cookie({'name': 'yuidss',\n                           'value': '7640250911692006900',\n                           'domain': '.yandex.ru',\n                           'httpOnly': False,\n                           'path': '/',\n                           'expiry': 1723499808,\n                           'secure': True})\n        driver.add_cookie({'name': 'gdpr',\n                           'value': '0',\n                           'domain': '.yandex.ru',\n                           'httpOnly': False,\n                           'path': '/',\n                           'expiry': 1723499808,\n                           'secure': True})\n        driver.add_cookie({'name': '_ym_uid',\n                           'value': '169200690291832112',\n                           'domain': '.yandex.ru',\n                           'httpOnly': False,\n                           'path': '/',\n                           'expiry': 1723499808,\n                           'secure': True})\n        driver.add_cookie({'name': '_ym_d',\n                           'value': '1692006902',\n                           'domain': '.yandex.ru',\n                           'httpOnly': False,\n                           'path': '/',\n                           'expiry': 1723499808,\n                           'secure': True})\n        driver.add_cookie({'name': 'bh',\n                           'value': 'Ej8iTm90L0EpQnJhbmQiO3Y9Ijk5IiwiR29vZ2xlIENocm9tZSI7dj0iMTE1IiwiQ2hyb21pdW0iO3Y9IjExNSIaBSJ4ODYiIhAiMTE1LjAuNTc5MC4xMTAiKgI',\n                           'domain': 'yandex.ru',\n                           'httpOnly': False,\n                           'path': '/',\n                           'expiry': 1723499808,\n                           'secure': False})\n        driver.add_cookie({'name': '_ym_visorc',\n                           'value': 'b',\n                           'domain': '.yandex.ru',\n                           'httpOnly': False,\n                           'path': '/',\n                           'expiry': 1723499808,\n                           'secure': True})\n        driver.execute_script(\"arguments[0].scrollIntoView();\",\n>                             sign_in_page.get_ya_ru_window_alternative_ways_to_sign_up())\n\ntests/test_sign_in/test_sign_in_page.py:209: \n_ _ _ _ _ _ _ _ _ _ _ _ _ _ _ _ _ _ _ _ _ _ _ _ _ _ _ _ _ _ _ _ _ _ _ _ _ _ _ _ \npages/sign_in_page.py:191: in get_ya_ru_window_alternative_ways_to_sign_up\n    return self.find_element(self._ya_ru_window_alternative_ways_to_sign_up)\nbase/seleniumbase.py:17: in find_element\n    return self.driver.find_element(*locator)\n/usr/local/lib/python3.11/site-packages/selenium/webdriver/remote/webdriver.py:740: in find_element\n    return self.execute(Command.FIND_ELEMENT, {\"using\": by, \"value\": value})[\"value\"]\n/usr/local/lib/python3.11/site-packages/selenium/webdriver/remote/webdriver.py:346: in execute\n    self.error_handler.check_response(response)\n_ _ _ _ _ _ _ _ _ _ _ _ _ _ _ _ _ _ _ _ _ _ _ _ _ _ _ _ _ _ _ _ _ _ _ _ _ _ _ _ \n\nself = <selenium.webdriver.remote.errorhandler.ErrorHandler object at 0x7fed07778190>\nresponse = {'status': 404, 'value': '{\"value\":{\"error\":\"no such element\",\"message\":\"no such element: Unable to locate element: {\\...\\\\n#16 0x55d0c2621683 \\\\u003Cunknown>\\\\n#17 0x55d0c2632044 \\\\u003Cunknown>\\\\n#18 0x7f5e985c6134 \\\\u003Cunknown>\\\\n\"}}'}\n\n    def check_response(self, response: Dict[str, Any]) -> None:\n        \"\"\"Checks that a JSON response from the WebDriver does not have an\n        error.\n    \n        :Args:\n         - response - The JSON response from the WebDriver server as a dictionary\n           object.\n    \n        :Raises: If the response contains an error message.\n        \"\"\"\n        status = response.get(\"status\", None)\n        if not status or status == ErrorCode.SUCCESS:\n            return\n        value = None\n        message = response.get(\"message\", \"\")\n        screen: str = response.get(\"screen\", \"\")\n        stacktrace = None\n        if isinstance(status, int):\n            value_json = response.get(\"value\", None)\n            if value_json and isinstance(value_json, str):\n                import json\n    \n                try:\n                    value = json.loads(value_json)\n                    if len(value) == 1:\n                        value = value[\"value\"]\n                    status = value.get(\"error\", None)\n                    if not status:\n                        status = value.get(\"status\", ErrorCode.UNKNOWN_ERROR)\n                        message = value.get(\"value\") or value.get(\"message\")\n                        if not isinstance(message, str):\n                            value = message\n                            message = message.get(\"message\")\n                    else:\n                        message = value.get(\"message\", None)\n                except ValueError:\n                    pass\n    \n        exception_class: Type[WebDriverException]\n        if status in ErrorCode.NO_SUCH_ELEMENT:\n            exception_class = NoSuchElementException\n        elif status in ErrorCode.NO_SUCH_FRAME:\n            exception_class = NoSuchFrameException\n        elif status in ErrorCode.NO_SUCH_SHADOW_ROOT:\n            exception_class = NoSuchShadowRootException\n        elif status in ErrorCode.NO_SUCH_WINDOW:\n            exception_class = NoSuchWindowException\n        elif status in ErrorCode.STALE_ELEMENT_REFERENCE:\n            exception_class = StaleElementReferenceException\n        elif status in ErrorCode.ELEMENT_NOT_VISIBLE:\n            exception_class = ElementNotVisibleException\n        elif status in ErrorCode.INVALID_ELEMENT_STATE:\n            exception_class = InvalidElementStateException\n        elif (\n            status in ErrorCode.INVALID_SELECTOR\n            or status in ErrorCode.INVALID_XPATH_SELECTOR\n            or status in ErrorCode.INVALID_XPATH_SELECTOR_RETURN_TYPER\n        ):\n            exception_class = InvalidSelectorException\n        elif status in ErrorCode.ELEMENT_IS_NOT_SELECTABLE:\n            exception_class = ElementNotSelectableException\n        elif status in ErrorCode.ELEMENT_NOT_INTERACTABLE:\n            exception_class = ElementNotInteractableException\n        elif status in ErrorCode.INVALID_COOKIE_DOMAIN:\n            exception_class = InvalidCookieDomainException\n        elif status in ErrorCode.UNABLE_TO_SET_COOKIE:\n            exception_class = UnableToSetCookieException\n        elif status in ErrorCode.TIMEOUT:\n            exception_class = TimeoutException\n        elif status in ErrorCode.SCRIPT_TIMEOUT:\n            exception_class = TimeoutException\n        elif status in ErrorCode.UNKNOWN_ERROR:\n            exception_class = WebDriverException\n        elif status in ErrorCode.UNEXPECTED_ALERT_OPEN:\n            exception_class = UnexpectedAlertPresentException\n        elif status in ErrorCode.NO_ALERT_OPEN:\n            exception_class = NoAlertPresentException\n        elif status in ErrorCode.IME_NOT_AVAILABLE:\n            exception_class = ImeNotAvailableException\n        elif status in ErrorCode.IME_ENGINE_ACTIVATION_FAILED:\n            exception_class = ImeActivationFailedException\n        elif status in ErrorCode.MOVE_TARGET_OUT_OF_BOUNDS:\n            exception_class = MoveTargetOutOfBoundsException\n        elif status in ErrorCode.JAVASCRIPT_ERROR:\n            exception_class = JavascriptException\n        elif status in ErrorCode.SESSION_NOT_CREATED:\n            exception_class = SessionNotCreatedException\n        elif status in ErrorCode.INVALID_ARGUMENT:\n            exception_class = InvalidArgumentException\n        elif status in ErrorCode.NO_SUCH_COOKIE:\n            exception_class = NoSuchCookieException\n        elif status in ErrorCode.UNABLE_TO_CAPTURE_SCREEN:\n            exception_class = ScreenshotException\n        elif status in ErrorCode.ELEMENT_CLICK_INTERCEPTED:\n            exception_class = ElementClickInterceptedException\n        elif status in ErrorCode.INSECURE_CERTIFICATE:\n            exception_class = InsecureCertificateException\n        elif status in ErrorCode.INVALID_COORDINATES:\n            exception_class = InvalidCoordinatesException\n        elif status in ErrorCode.INVALID_SESSION_ID:\n            exception_class = InvalidSessionIdException\n        elif status in ErrorCode.UNKNOWN_METHOD:\n            exception_class = UnknownMethodException\n        else:\n            exception_class = WebDriverException\n        if not value:\n            value = response[\"value\"]\n        if isinstance(value, str):\n            raise exception_class(value)\n        if message == \"\" and \"message\" in value:\n            message = value[\"message\"]\n    \n        screen = None  # type: ignore[assignment]\n        if \"screen\" in value:\n            screen = value[\"screen\"]\n    \n        stacktrace = None\n        st_value = value.get(\"stackTrace\") or value.get(\"stacktrace\")\n        if st_value:\n            if isinstance(st_value, str):\n                stacktrace = st_value.split(\"\\n\")\n            else:\n                stacktrace = []\n                try:\n                    for frame in st_value:\n                        line = frame.get(\"lineNumber\", \"\")\n                        file = frame.get(\"fileName\", \"<anonymous>\")\n                        if line:\n                            file = f\"{file}:{line}\"\n                        meth = frame.get(\"methodName\", \"<anonymous>\")\n                        if \"className\" in frame:\n                            meth = f\"{frame['className']}.{meth}\"\n                        msg = \"    at %s (%s)\"\n                        msg = msg % (meth, file)\n                        stacktrace.append(msg)\n                except TypeError:\n                    pass\n        if exception_class == UnexpectedAlertPresentException:\n            alert_text = None\n            if \"data\" in value:\n                alert_text = value[\"data\"].get(\"text\")\n            elif \"alert\" in value:\n                alert_text = value[\"alert\"].get(\"text\")\n            raise exception_class(message, screen, stacktrace, alert_text)  # type: ignore[call-arg]  # mypy is not smart enough here\n>       raise exception_class(message, screen, stacktrace)\nE       selenium.common.exceptions.NoSuchElementException: Message: no such element: Unable to locate element: {\"method\":\"css selector\",\"selector\":\"button[data-t='button:clear']\"}\nE         (Session info: chrome-headless-shell=122.0.6261.94); For documentation on this error, please visit: https://www.selenium.dev/documentation/webdriver/troubleshooting/errors#no-such-element-exception\nE       Stacktrace:\nE       #0 0x55d0c2632e93 <unknown>\nE       #1 0x55d0c232ace6 <unknown>\nE       #2 0x55d0c2375e48 <unknown>\nE       #3 0x55d0c2375f01 <unknown>\nE       #4 0x55d0c23b93f4 <unknown>\nE       #5 0x55d0c2397edd <unknown>\nE       #6 0x55d0c23b6899 <unknown>\nE       #7 0x55d0c2397c53 <unknown>\nE       #8 0x55d0c2368db3 <unknown>\nE       #9 0x55d0c236977e <unknown>\nE       #10 0x55d0c25f87cb <unknown>\nE       #11 0x55d0c25fc7e5 <unknown>\nE       #12 0x55d0c25e60e1 <unknown>\nE       #13 0x55d0c25fd372 <unknown>\nE       #14 0x55d0c25ca1bf <unknown>\nE       #15 0x55d0c2621488 <unknown>\nE       #16 0x55d0c2621683 <unknown>\nE       #17 0x55d0c2632044 <unknown>\nE       #18 0x7f5e985c6134 <unknown>\n\n/usr/local/lib/python3.11/site-packages/selenium/webdriver/remote/errorhandler.py:245: NoSuchElementException","steps":[{"name":"Нахождение элемента: иконка 'ya.ru' окна авторизации","time":{"start":1709256222469,"stop":1709256222486,"duration":17},"status":"passed","steps":[],"attachments":[],"parameters":[],"shouldDisplayMessage":false,"stepsCount":0,"attachmentsCount":0,"hasContent":false,"attachmentStep":false},{"name":"Проверка кликабельности элемента: кнопка 'Другие способы входа' окна авторизации через 'ya.ru'","time":{"start":1709256226135,"stop":1709256226146,"duration":11},"status":"broken","statusMessage":"selenium.common.exceptions.NoSuchElementException: Message: no such element: Unable to locate element: {\"method\":\"css selector\",\"selector\":\"button[data-t='button:clear']\"}\n  (Session info: chrome-headless-shell=122.0.6261.94); For documentation on this error, please visit: https://www.selenium.dev/documentation/webdriver/troubleshooting/errors#no-such-element-exception\nStacktrace:\n#0 0x55d0c2632e93 <unknown>\n#1 0x55d0c232ace6 <unknown>\n#2 0x55d0c2375e48 <unknown>\n#3 0x55d0c2375f01 <unknown>\n#4 0x55d0c23b93f4 <unknown>\n#5 0x55d0c2397edd <unknown>\n#6 0x55d0c23b6899 <unknown>\n#7 0x55d0c2397c53 <unknown>\n#8 0x55d0c2368db3 <unknown>\n#9 0x55d0c236977e <unknown>\n#10 0x55d0c25f87cb <unknown>\n#11 0x55d0c25fc7e5 <unknown>\n#12 0x55d0c25e60e1 <unknown>\n#13 0x55d0c25fd372 <unknown>\n#14 0x55d0c25ca1bf <unknown>\n#15 0x55d0c2621488 <unknown>\n#16 0x55d0c2621683 <unknown>\n#17 0x55d0c2632044 <unknown>\n#18 0x7f5e985c6134 <unknown>\n\n","statusTrace":"  File \"/usr/local/lib/python3.11/site-packages/allure_commons/_allure.py\", line 192, in impl\n    return func(*a, **kw)\n           ^^^^^^^^^^^^^^\n  File \"/app/pages/sign_in_page.py\", line 191, in get_ya_ru_window_alternative_ways_to_sign_up\n    return self.find_element(self._ya_ru_window_alternative_ways_to_sign_up)\n           ^^^^^^^^^^^^^^^^^^^^^^^^^^^^^^^^^^^^^^^^^^^^^^^^^^^^^^^^^^^^^^^^^\n  File \"/app/base/seleniumbase.py\", line 17, in find_element\n    return self.driver.find_element(*locator)\n           ^^^^^^^^^^^^^^^^^^^^^^^^^^^^^^^^^^\n  File \"/usr/local/lib/python3.11/site-packages/selenium/webdriver/remote/webdriver.py\", line 740, in find_element\n    return self.execute(Command.FIND_ELEMENT, {\"using\": by, \"value\": value})[\"value\"]\n           ^^^^^^^^^^^^^^^^^^^^^^^^^^^^^^^^^^^^^^^^^^^^^^^^^^^^^^^^^^^^^^^^^\n  File \"/usr/local/lib/python3.11/site-packages/selenium/webdriver/remote/webdriver.py\", line 346, in execute\n    self.error_handler.check_response(response)\n  File \"/usr/local/lib/python3.11/site-packages/selenium/webdriver/remote/errorhandler.py\", line 245, in check_response\n    raise exception_class(message, screen, stacktrace)\n","steps":[],"attachments":[],"parameters":[],"shouldDisplayMessage":true,"stepsCount":0,"attachmentsCount":0,"hasContent":true,"attachmentStep":false}],"attachments":[{"uid":"135f198badd745bc","name":"Screenshot","source":"135f198badd745bc.png","type":"image/png","size":331369},{"uid":"c44740ecc49e9dbb","name":"HTML source","source":"c44740ecc49e9dbb.html","type":"text/html","size":26571}],"parameters":[],"shouldDisplayMessage":true,"stepsCount":2,"attachmentsCount":2,"hasContent":true,"attachmentStep":false},"afterStages":[{"name":"setup::0","time":{"start":1709256226332,"stop":1709256226332,"duration":0},"status":"passed","steps":[],"attachments":[],"parameters":[],"shouldDisplayMessage":false,"stepsCount":0,"attachmentsCount":0,"hasContent":false,"attachmentStep":false},{"name":"driver::0","time":{"start":1709256226332,"stop":1709256226401,"duration":69},"status":"passed","steps":[],"attachments":[],"parameters":[],"shouldDisplayMessage":false,"stepsCount":0,"attachmentsCount":0,"hasContent":false,"attachmentStep":false}],"labels":[{"name":"epic","value":"Sign In Page"},{"name":"tag","value":"smoke_test"},{"name":"tag","value":"@pytest.mark.xfail(reason='Появляется капча Яндекса при запуске теста на Github')"},{"name":"parentSuite","value":"tests.test_sign_in"},{"name":"suite","value":"test_sign_in_page"},{"name":"subSuite","value":"TestSignInPage"},{"name":"host","value":"1f0fdd4672b6"},{"name":"thread","value":"1-MainThread"},{"name":"framework","value":"pytest"},{"name":"language","value":"cpython3"},{"name":"package","value":"tests.test_sign_in.test_sign_in_page"},{"name":"resultFormat","value":"allure2"}],"parameters":[],"links":[],"hidden":false,"retry":false,"extra":{"severity":"normal","retries":[],"categories":[],"history":{"statistic":{"failed":1,"broken":13,"skipped":211,"passed":3,"unknown":0,"total":228},"items":[{"uid":"2a1afbc4b4bd4173","reportUrl":"https://zaelcovsky.github.io/StroyremAutomation/247//#testresult/2a1afbc4b4bd4173","status":"skipped","statusDetails":"XFAIL Появляется капча Яндекса при запуске теста на Github\n\nselenium.common.exceptions.NoSuchElementException: Message: no such element: Unable to locate element: {\"method\":\"css selector\",\"selector\":\"button[data-t='button:clear']\"}\n  (Session info: chrome-headless-shell=122.0.6261.94); For documentation on this error, please visit: https://www.selenium.dev/documentation/webdriver/troubleshooting/errors#no-such-element-exception\nStacktrace:\n#0 0x55d922c53e93 <unknown>\n#1 0x55d92294bce6 <unknown>\n#2 0x55d922996e48 <unknown>\n#3 0x55d922996f01 <unknown>\n#4 0x55d9229da3f4 <unknown>\n#5 0x55d9229b8edd <unknown>\n#6 0x55d9229d7899 <unknown>\n#7 0x55d9229b8c53 <unknown>\n#8 0x55d922989db3 <unknown>\n#9 0x55d92298a77e <unknown>\n#10 0x55d922c197cb <unknown>\n#11 0x55d922c1d7e5 <unknown>\n#12 0x55d922c070e1 <unknown>\n#13 0x55d922c1e372 <unknown>\n#14 0x55d922beb1bf <unknown>\n#15 0x55d922c42488 <unknown>\n#16 0x55d922c42683 <unknown>\n#17 0x55d922c53044 <unknown>\n#18 0x7fbaa07d2134 <unknown>","time":{"start":1709169546849,"stop":1709169551438,"duration":4589}},{"uid":"e04fd4b91887439d","reportUrl":"https://zaelcovsky.github.io/StroyremAutomation/246//#testresult/e04fd4b91887439d","status":"skipped","statusDetails":"XFAIL Появляется капча Яндекса при запуске теста на Github\n\nselenium.common.exceptions.NoSuchElementException: Message: no such element: Unable to locate element: {\"method\":\"css selector\",\"selector\":\"button[data-t='button:clear']\"}\n  (Session info: chrome-headless-shell=122.0.6261.94); For documentation on this error, please visit: https://www.selenium.dev/documentation/webdriver/troubleshooting/errors#no-such-element-exception\nStacktrace:\n#0 0x55b55d299e93 <unknown>\n#1 0x55b55cf91ce6 <unknown>\n#2 0x55b55cfdce48 <unknown>\n#3 0x55b55cfdcf01 <unknown>\n#4 0x55b55d0203f4 <unknown>\n#5 0x55b55cffeedd <unknown>\n#6 0x55b55d01d899 <unknown>\n#7 0x55b55cffec53 <unknown>\n#8 0x55b55cfcfdb3 <unknown>\n#9 0x55b55cfd077e <unknown>\n#10 0x55b55d25f7cb <unknown>\n#11 0x55b55d2637e5 <unknown>\n#12 0x55b55d24d0e1 <unknown>\n#13 0x55b55d264372 <unknown>\n#14 0x55b55d2311bf <unknown>\n#15 0x55b55d288488 <unknown>\n#16 0x55b55d288683 <unknown>\n#17 0x55b55d299044 <unknown>\n#18 0x7f0a9d71c134 <unknown>","time":{"start":1709083200811,"stop":1709083205529,"duration":4718}},{"uid":"bb3a06442305e824","reportUrl":"https://zaelcovsky.github.io/StroyremAutomation/245//#testresult/bb3a06442305e824","status":"skipped","statusDetails":"XFAIL Появляется капча Яндекса при запуске теста на Github\n\nselenium.common.exceptions.NoSuchElementException: Message: no such element: Unable to locate element: {\"method\":\"css selector\",\"selector\":\"button[data-t='button:clear']\"}\n  (Session info: chrome-headless-shell=122.0.6261.69); For documentation on this error, please visit: https://www.selenium.dev/documentation/webdriver/troubleshooting/errors#no-such-element-exception\nStacktrace:\n#0 0x55fe6777f793 <unknown>\n#1 0x55fe674731c6 <unknown>\n#2 0x55fe674be358 <unknown>\n#3 0x55fe674be411 <unknown>\n#4 0x55fe67501934 <unknown>\n#5 0x55fe674e03fd <unknown>\n#6 0x55fe674fedd9 <unknown>\n#7 0x55fe674e0173 <unknown>\n#8 0x55fe674b12d3 <unknown>\n#9 0x55fe674b1c9e <unknown>\n#10 0x55fe677438cb <unknown>\n#11 0x55fe67747745 <unknown>\n#12 0x55fe677302e1 <unknown>\n#13 0x55fe677482d2 <unknown>\n#14 0x55fe6771417f <unknown>\n#15 0x55fe6776ddc8 <unknown>\n#16 0x55fe6776dfc3 <unknown>\n#17 0x55fe6777e944 <unknown>\n#18 0x7f7b4eb46134 <unknown>","time":{"start":1708996807480,"stop":1708996812648,"duration":5168}},{"uid":"c59d1a099b95422a","reportUrl":"https://zaelcovsky.github.io/StroyremAutomation/244//#testresult/c59d1a099b95422a","status":"skipped","statusDetails":"XFAIL Появляется капча Яндекса при запуске теста на Github\n\nselenium.common.exceptions.InvalidCookieDomainException: Message: invalid cookie domain: Cookie 'domain' mismatch\n  (Session info: chrome-headless-shell=122.0.6261.69)\nStacktrace:\n#0 0x5561ed498793 <unknown>\n#1 0x5561ed18c1c6 <unknown>\n#2 0x5561ed22a24d <unknown>\n#3 0x5561ed1f93d2 <unknown>\n#4 0x5561ed217dd9 <unknown>\n#5 0x5561ed1f9173 <unknown>\n#6 0x5561ed1ca2d3 <unknown>\n#7 0x5561ed1cac9e <unknown>\n#8 0x5561ed45c8cb <unknown>\n#9 0x5561ed460745 <unknown>\n#10 0x5561ed4492e1 <unknown>\n#11 0x5561ed4612d2 <unknown>\n#12 0x5561ed42d17f <unknown>\n#13 0x5561ed486dc8 <unknown>\n#14 0x5561ed486fc3 <unknown>\n#15 0x5561ed497944 <unknown>\n#16 0x7f2a79031134 <unknown>","time":{"start":1708910355077,"stop":1708910358684,"duration":3607}},{"uid":"4b84fd3c6aaa0f79","reportUrl":"https://zaelcovsky.github.io/StroyremAutomation/243//#testresult/4b84fd3c6aaa0f79","status":"skipped","statusDetails":"XFAIL Появляется капча Яндекса при запуске теста на Github\n\nselenium.common.exceptions.NoSuchElementException: Message: no such element: Unable to locate element: {\"method\":\"css selector\",\"selector\":\"button[data-t='button:clear']\"}\n  (Session info: chrome-headless-shell=122.0.6261.69); For documentation on this error, please visit: https://www.selenium.dev/documentation/webdriver/troubleshooting/errors#no-such-element-exception\nStacktrace:\n#0 0x5561fb649793 <unknown>\n#1 0x5561fb33d1c6 <unknown>\n#2 0x5561fb388358 <unknown>\n#3 0x5561fb388411 <unknown>\n#4 0x5561fb3cb934 <unknown>\n#5 0x5561fb3aa3fd <unknown>\n#6 0x5561fb3c8dd9 <unknown>\n#7 0x5561fb3aa173 <unknown>\n#8 0x5561fb37b2d3 <unknown>\n#9 0x5561fb37bc9e <unknown>\n#10 0x5561fb60d8cb <unknown>\n#11 0x5561fb611745 <unknown>\n#12 0x5561fb5fa2e1 <unknown>\n#13 0x5561fb6122d2 <unknown>\n#14 0x5561fb5de17f <unknown>\n#15 0x5561fb637dc8 <unknown>\n#16 0x5561fb637fc3 <unknown>\n#17 0x5561fb648944 <unknown>\n#18 0x7f9fe717f134 <unknown>","time":{"start":1708824143494,"stop":1708824147213,"duration":3719}},{"uid":"507e4402b1c96982","reportUrl":"https://zaelcovsky.github.io/StroyremAutomation/242//#testresult/507e4402b1c96982","status":"skipped","statusDetails":"XFAIL Появляется капча Яндекса при запуске теста на Github\n\nselenium.common.exceptions.InvalidCookieDomainException: Message: invalid cookie domain: Cookie 'domain' mismatch\n  (Session info: chrome-headless-shell=122.0.6261.69)\nStacktrace:\n#0 0x55a34ab58793 <unknown>\n#1 0x55a34a84c1c6 <unknown>\n#2 0x55a34a8ea24d <unknown>\n#3 0x55a34a8b93d2 <unknown>\n#4 0x55a34a8d7dd9 <unknown>\n#5 0x55a34a8b9173 <unknown>\n#6 0x55a34a88a2d3 <unknown>\n#7 0x55a34a88ac9e <unknown>\n#8 0x55a34ab1c8cb <unknown>\n#9 0x55a34ab20745 <unknown>\n#10 0x55a34ab092e1 <unknown>\n#11 0x55a34ab212d2 <unknown>\n#12 0x55a34aaed17f <unknown>\n#13 0x55a34ab46dc8 <unknown>\n#14 0x55a34ab46fc3 <unknown>\n#15 0x55a34ab57944 <unknown>\n#16 0x7f9847349134 <unknown>","time":{"start":1708737554696,"stop":1708737559813,"duration":5117}},{"uid":"ac7572ce5ab560c2","reportUrl":"https://zaelcovsky.github.io/StroyremAutomation/241//#testresult/ac7572ce5ab560c2","status":"skipped","statusDetails":"XFAIL Появляется капча Яндекса при запуске теста на Github\n\nselenium.common.exceptions.InvalidCookieDomainException: Message: invalid cookie domain: Cookie 'domain' mismatch\n  (Session info: chrome-headless-shell=122.0.6261.69)\nStacktrace:\n#0 0x5597dbcf5793 <unknown>\n#1 0x5597db9e91c6 <unknown>\n#2 0x5597dba8724d <unknown>\n#3 0x5597dba563d2 <unknown>\n#4 0x5597dba74dd9 <unknown>\n#5 0x5597dba56173 <unknown>\n#6 0x5597dba272d3 <unknown>\n#7 0x5597dba27c9e <unknown>\n#8 0x5597dbcb98cb <unknown>\n#9 0x5597dbcbd745 <unknown>\n#10 0x5597dbca62e1 <unknown>\n#11 0x5597dbcbe2d2 <unknown>\n#12 0x5597dbc8a17f <unknown>\n#13 0x5597dbce3dc8 <unknown>\n#14 0x5597dbce3fc3 <unknown>\n#15 0x5597dbcf4944 <unknown>\n#16 0x7fc981c94134 <unknown>","time":{"start":1708651045123,"stop":1708651048781,"duration":3658}},{"uid":"39447f5871b41470","reportUrl":"https://zaelcovsky.github.io/StroyremAutomation/240//#testresult/39447f5871b41470","status":"skipped","statusDetails":"XFAIL Появляется капча Яндекса при запуске теста на Github\n\nselenium.common.exceptions.NoSuchElementException: Message: no such element: Unable to locate element: {\"method\":\"css selector\",\"selector\":\"button[data-t='button:clear']\"}\n  (Session info: chrome-headless-shell=122.0.6261.57); For documentation on this error, please visit: https://www.selenium.dev/documentation/webdriver/troubleshooting/errors#no-such-element-exception\nStacktrace:\n#0 0x561d468677d3 <unknown>\n#1 0x561d4655b1c6 <unknown>\n#2 0x561d465a6358 <unknown>\n#3 0x561d465a6411 <unknown>\n#4 0x561d465e9934 <unknown>\n#5 0x561d465c83fd <unknown>\n#6 0x561d465e6dd9 <unknown>\n#7 0x561d465c8173 <unknown>\n#8 0x561d465992d3 <unknown>\n#9 0x561d46599c9e <unknown>\n#10 0x561d4682b90b <unknown>\n#11 0x561d4682f785 <unknown>\n#12 0x561d46818321 <unknown>\n#13 0x561d46830312 <unknown>\n#14 0x561d467fc1bf <unknown>\n#15 0x561d46855e08 <unknown>\n#16 0x561d46856003 <unknown>\n#17 0x561d46866984 <unknown>\n#18 0x7f16af741134 <unknown>","time":{"start":1708564690727,"stop":1708564694415,"duration":3688}},{"uid":"2ffc1dada17fcb2b","reportUrl":"https://zaelcovsky.github.io/StroyremAutomation/239//#testresult/2ffc1dada17fcb2b","status":"skipped","statusDetails":"XFAIL Появляется капча Яндекса при запуске теста на Github\n\nselenium.common.exceptions.NoSuchElementException: Message: no such element: Unable to locate element: {\"method\":\"css selector\",\"selector\":\"button[data-t='button:clear']\"}\n  (Session info: chrome-headless-shell=122.0.6261.57); For documentation on this error, please visit: https://www.selenium.dev/documentation/webdriver/troubleshooting/errors#no-such-element-exception\nStacktrace:\n#0 0x55c52d76b7d3 <unknown>\n#1 0x55c52d45f1c6 <unknown>\n#2 0x55c52d4aa358 <unknown>\n#3 0x55c52d4aa411 <unknown>\n#4 0x55c52d4ed934 <unknown>\n#5 0x55c52d4cc3fd <unknown>\n#6 0x55c52d4eadd9 <unknown>\n#7 0x55c52d4cc173 <unknown>\n#8 0x55c52d49d2d3 <unknown>\n#9 0x55c52d49dc9e <unknown>\n#10 0x55c52d72f90b <unknown>\n#11 0x55c52d733785 <unknown>\n#12 0x55c52d71c321 <unknown>\n#13 0x55c52d734312 <unknown>\n#14 0x55c52d7001bf <unknown>\n#15 0x55c52d759e08 <unknown>\n#16 0x55c52d75a003 <unknown>\n#17 0x55c52d76a984 <unknown>\n#18 0x7f9f9697a134 <unknown>","time":{"start":1708478348491,"stop":1708478352896,"duration":4405}},{"uid":"45e877642803a3d8","reportUrl":"https://zaelcovsky.github.io/StroyremAutomation/238//#testresult/45e877642803a3d8","status":"skipped","statusDetails":"XFAIL Появляется капча Яндекса при запуске теста на Github\n\nselenium.common.exceptions.InvalidCookieDomainException: Message: invalid cookie domain: Cookie 'domain' mismatch\n  (Session info: chrome-headless-shell=121.0.6167.184)\nStacktrace:\n#0 0x55c3ba1f4303 <unknown>\n#1 0x55c3b9ed92b7 <unknown>\n#2 0x55c3b9f7876a <unknown>\n#3 0x55c3b9f47382 <unknown>\n#4 0x55c3b9f6607c <unknown>\n#5 0x55c3b9f47123 <unknown>\n#6 0x55c3b9f17095 <unknown>\n#7 0x55c3b9f1809e <unknown>\n#8 0x55c3ba1b86ab <unknown>\n#9 0x55c3ba1bc4ba <unknown>\n#10 0x55c3ba1a4f85 <unknown>\n#11 0x55c3ba1bd12f <unknown>\n#12 0x55c3ba188e6f <unknown>\n#13 0x55c3ba1e15f8 <unknown>\n#14 0x55c3ba1e17c2 <unknown>\n#15 0x55c3ba1f34a4 <unknown>\n#16 0x7f38b5c94134 <unknown>","time":{"start":1708391899628,"stop":1708391904012,"duration":4384}},{"uid":"e9c15d05a8053634","reportUrl":"https://zaelcovsky.github.io/StroyremAutomation/237//#testresult/e9c15d05a8053634","status":"skipped","statusDetails":"XFAIL Появляется капча Яндекса при запуске теста на Github\n\nselenium.common.exceptions.InvalidCookieDomainException: Message: invalid cookie domain: Cookie 'domain' mismatch\n  (Session info: chrome-headless-shell=121.0.6167.184)\nStacktrace:\n#0 0x5594dc05e303 <unknown>\n#1 0x5594dbd432b7 <unknown>\n#2 0x5594dbde276a <unknown>\n#3 0x5594dbdb1382 <unknown>\n#4 0x5594dbdd007c <unknown>\n#5 0x5594dbdb1123 <unknown>\n#6 0x5594dbd81095 <unknown>\n#7 0x5594dbd8209e <unknown>\n#8 0x5594dc0226ab <unknown>\n#9 0x5594dc0264ba <unknown>\n#10 0x5594dc00ef85 <unknown>\n#11 0x5594dc02712f <unknown>\n#12 0x5594dbff2e6f <unknown>\n#13 0x5594dc04b5f8 <unknown>\n#14 0x5594dc04b7c2 <unknown>\n#15 0x5594dc05d4a4 <unknown>\n#16 0x7f2865551134 <unknown>","time":{"start":1708305781399,"stop":1708305786701,"duration":5302}},{"uid":"3e9b208b7afb5487","reportUrl":"https://zaelcovsky.github.io/StroyremAutomation/236//#testresult/3e9b208b7afb5487","status":"skipped","statusDetails":"XFAIL Появляется капча Яндекса при запуске теста на Github\n\nselenium.common.exceptions.InvalidCookieDomainException: Message: invalid cookie domain: Cookie 'domain' mismatch\n  (Session info: chrome-headless-shell=121.0.6167.184)\nStacktrace:\n#0 0x55a847f14303 <unknown>\n#1 0x55a847bf92b7 <unknown>\n#2 0x55a847c9876a <unknown>\n#3 0x55a847c67382 <unknown>\n#4 0x55a847c8607c <unknown>\n#5 0x55a847c67123 <unknown>\n#6 0x55a847c37095 <unknown>\n#7 0x55a847c3809e <unknown>\n#8 0x55a847ed86ab <unknown>\n#9 0x55a847edc4ba <unknown>\n#10 0x55a847ec4f85 <unknown>\n#11 0x55a847edd12f <unknown>\n#12 0x55a847ea8e6f <unknown>\n#13 0x55a847f015f8 <unknown>\n#14 0x55a847f017c2 <unknown>\n#15 0x55a847f134a4 <unknown>\n#16 0x7fc2ab1b8134 <unknown>","time":{"start":1708219401425,"stop":1708219405887,"duration":4462}},{"uid":"e50ab8c8682a2f3b","reportUrl":"https://zaelcovsky.github.io/StroyremAutomation/235//#testresult/e50ab8c8682a2f3b","status":"skipped","statusDetails":"XFAIL Появляется капча Яндекса при запуске теста на Github\n\nselenium.common.exceptions.NoSuchElementException: Message: no such element: Unable to locate element: {\"method\":\"css selector\",\"selector\":\"button[data-t='button:clear']\"}\n  (Session info: chrome-headless-shell=121.0.6167.184); For documentation on this error, please visit: https://www.selenium.dev/documentation/webdriver/troubleshooting/errors#no-such-element-exception\nStacktrace:\n#0 0x560a28dd1303 <unknown>\n#1 0x560a28ab62b7 <unknown>\n#2 0x560a28b01cc0 <unknown>\n#3 0x560a28b01db1 <unknown>\n#4 0x560a28b45b44 <unknown>\n#5 0x560a28b243ad <unknown>\n#6 0x560a28b4307c <unknown>\n#7 0x560a28b24123 <unknown>\n#8 0x560a28af4095 <unknown>\n#9 0x560a28af509e <unknown>\n#10 0x560a28d956ab <unknown>\n#11 0x560a28d994ba <unknown>\n#12 0x560a28d81f85 <unknown>\n#13 0x560a28d9a12f <unknown>\n#14 0x560a28d65e6f <unknown>\n#15 0x560a28dbe5f8 <unknown>\n#16 0x560a28dbe7c2 <unknown>\n#17 0x560a28dd04a4 <unknown>\n#18 0x7f6b10048134 <unknown>","time":{"start":1708132672410,"stop":1708132676036,"duration":3626}},{"uid":"54f357391c58f362","reportUrl":"https://zaelcovsky.github.io/StroyremAutomation/234//#testresult/54f357391c58f362","status":"skipped","statusDetails":"XFAIL Появляется капча Яндекса при запуске теста на Github\n\nselenium.common.exceptions.NoSuchElementException: Message: no such element: Unable to locate element: {\"method\":\"css selector\",\"selector\":\"button[data-t='button:clear']\"}\n  (Session info: chrome-headless-shell=121.0.6167.85); For documentation on this error, please visit: https://www.selenium.dev/documentation/webdriver/troubleshooting/errors#no-such-element-exception\nStacktrace:\n#0 0x56181ee09d93 <unknown>\n#1 0x56181eaed337 <unknown>\n#2 0x56181eb38d60 <unknown>\n#3 0x56181eb38e51 <unknown>\n#4 0x56181eb7cbc4 <unknown>\n#5 0x56181eb5b46d <unknown>\n#6 0x56181eb7a12d <unknown>\n#7 0x56181eb5b1e3 <unknown>\n#8 0x56181eb2b135 <unknown>\n#9 0x56181eb2c13e <unknown>\n#10 0x56181edcde4b <unknown>\n#11 0x56181edd1dfa <unknown>\n#12 0x56181edba6d5 <unknown>\n#13 0x56181edd2a6f <unknown>\n#14 0x56181ed9e69f <unknown>\n#15 0x56181edf7098 <unknown>\n#16 0x56181edf7262 <unknown>\n#17 0x56181ee08f34 <unknown>\n#18 0x7f4330c37134 <unknown>","time":{"start":1708046313930,"stop":1708046317450,"duration":3520}},{"uid":"6b4cbee32325f40b","reportUrl":"https://zaelcovsky.github.io/StroyremAutomation/233//#testresult/6b4cbee32325f40b","status":"skipped","statusDetails":"XFAIL Появляется капча Яндекса при запуске теста на Github\n\nselenium.common.exceptions.InvalidCookieDomainException: Message: invalid cookie domain: Cookie 'domain' mismatch\n  (Session info: chrome-headless-shell=121.0.6167.85)\nStacktrace:\n#0 0x5641f54c2d93 <unknown>\n#1 0x5641f51a6337 <unknown>\n#2 0x5641f52457ea <unknown>\n#3 0x5641f5214442 <unknown>\n#4 0x5641f523312d <unknown>\n#5 0x5641f52141e3 <unknown>\n#6 0x5641f51e4135 <unknown>\n#7 0x5641f51e513e <unknown>\n#8 0x5641f5486e4b <unknown>\n#9 0x5641f548adfa <unknown>\n#10 0x5641f54736d5 <unknown>\n#11 0x5641f548ba6f <unknown>\n#12 0x5641f545769f <unknown>\n#13 0x5641f54b0098 <unknown>\n#14 0x5641f54b0262 <unknown>\n#15 0x5641f54c1f34 <unknown>\n#16 0x7f84730b1134 <unknown>","time":{"start":1707960095526,"stop":1707960100480,"duration":4954}},{"uid":"af17084fda207f66","reportUrl":"https://zaelcovsky.github.io/StroyremAutomation/232//#testresult/af17084fda207f66","status":"skipped","statusDetails":"XFAIL Появляется капча Яндекса при запуске теста на Github\n\nselenium.common.exceptions.NoSuchElementException: Message: no such element: Unable to locate element: {\"method\":\"css selector\",\"selector\":\"button[data-t='button:clear']\"}\n  (Session info: chrome-headless-shell=121.0.6167.85); For documentation on this error, please visit: https://www.selenium.dev/documentation/webdriver/troubleshooting/errors#no-such-element-exception\nStacktrace:\n#0 0x557687c01d93 <unknown>\n#1 0x5576878e5337 <unknown>\n#2 0x557687930d60 <unknown>\n#3 0x557687930e51 <unknown>\n#4 0x557687974bc4 <unknown>\n#5 0x55768795346d <unknown>\n#6 0x55768797212d <unknown>\n#7 0x5576879531e3 <unknown>\n#8 0x557687923135 <unknown>\n#9 0x55768792413e <unknown>\n#10 0x557687bc5e4b <unknown>\n#11 0x557687bc9dfa <unknown>\n#12 0x557687bb26d5 <unknown>\n#13 0x557687bcaa6f <unknown>\n#14 0x557687b9669f <unknown>\n#15 0x557687bef098 <unknown>\n#16 0x557687bef262 <unknown>\n#17 0x557687c00f34 <unknown>\n#18 0x7f0f948c9134 <unknown>","time":{"start":1707873576087,"stop":1707873579684,"duration":3597}},{"uid":"c7350cffff548ebe","reportUrl":"https://zaelcovsky.github.io/StroyremAutomation/231//#testresult/c7350cffff548ebe","status":"skipped","statusDetails":"XFAIL Появляется капча Яндекса при запуске теста на Github\n\nselenium.common.exceptions.NoSuchElementException: Message: no such element: Unable to locate element: {\"method\":\"css selector\",\"selector\":\"button[data-t='button:clear']\"}\n  (Session info: chrome-headless-shell=121.0.6167.85); For documentation on this error, please visit: https://www.selenium.dev/documentation/webdriver/troubleshooting/errors#no-such-element-exception\nStacktrace:\n#0 0x55fa1ed7bd93 <unknown>\n#1 0x55fa1ea5f337 <unknown>\n#2 0x55fa1eaaad60 <unknown>\n#3 0x55fa1eaaae51 <unknown>\n#4 0x55fa1eaeebc4 <unknown>\n#5 0x55fa1eacd46d <unknown>\n#6 0x55fa1eaec12d <unknown>\n#7 0x55fa1eacd1e3 <unknown>\n#8 0x55fa1ea9d135 <unknown>\n#9 0x55fa1ea9e13e <unknown>\n#10 0x55fa1ed3fe4b <unknown>\n#11 0x55fa1ed43dfa <unknown>\n#12 0x55fa1ed2c6d5 <unknown>\n#13 0x55fa1ed44a6f <unknown>\n#14 0x55fa1ed1069f <unknown>\n#15 0x55fa1ed69098 <unknown>\n#16 0x55fa1ed69262 <unknown>\n#17 0x55fa1ed7af34 <unknown>\n#18 0x7f66135b8134 <unknown>","time":{"start":1707787387527,"stop":1707787392604,"duration":5077}},{"uid":"8e924b399cf07353","reportUrl":"https://zaelcovsky.github.io/StroyremAutomation/230//#testresult/8e924b399cf07353","status":"skipped","statusDetails":"XFAIL Появляется капча Яндекса при запуске теста на Github\n\nselenium.common.exceptions.InvalidCookieDomainException: Message: invalid cookie domain: Cookie 'domain' mismatch\n  (Session info: chrome-headless-shell=121.0.6167.85)\nStacktrace:\n#0 0x55759f842d93 <unknown>\n#1 0x55759f526337 <unknown>\n#2 0x55759f5c57ea <unknown>\n#3 0x55759f594442 <unknown>\n#4 0x55759f5b312d <unknown>\n#5 0x55759f5941e3 <unknown>\n#6 0x55759f564135 <unknown>\n#7 0x55759f56513e <unknown>\n#8 0x55759f806e4b <unknown>\n#9 0x55759f80adfa <unknown>\n#10 0x55759f7f36d5 <unknown>\n#11 0x55759f80ba6f <unknown>\n#12 0x55759f7d769f <unknown>\n#13 0x55759f830098 <unknown>\n#14 0x55759f830262 <unknown>\n#15 0x55759f841f34 <unknown>\n#16 0x7f27a03ec134 <unknown>","time":{"start":1707700749975,"stop":1707700753609,"duration":3634}},{"uid":"f20bec91f77f106f","reportUrl":"https://zaelcovsky.github.io/StroyremAutomation/229//#testresult/f20bec91f77f106f","status":"skipped","statusDetails":"XFAIL Появляется капча Яндекса при запуске теста на Github\n\nselenium.common.exceptions.NoSuchElementException: Message: no such element: Unable to locate element: {\"method\":\"css selector\",\"selector\":\"button[data-t='button:clear']\"}\n  (Session info: chrome-headless-shell=121.0.6167.85); For documentation on this error, please visit: https://www.selenium.dev/documentation/webdriver/troubleshooting/errors#no-such-element-exception\nStacktrace:\n#0 0x563dd1cd0d93 <unknown>\n#1 0x563dd19b4337 <unknown>\n#2 0x563dd19ffd60 <unknown>\n#3 0x563dd19ffe51 <unknown>\n#4 0x563dd1a43bc4 <unknown>\n#5 0x563dd1a2246d <unknown>\n#6 0x563dd1a4112d <unknown>\n#7 0x563dd1a221e3 <unknown>\n#8 0x563dd19f2135 <unknown>\n#9 0x563dd19f313e <unknown>\n#10 0x563dd1c94e4b <unknown>\n#11 0x563dd1c98dfa <unknown>\n#12 0x563dd1c816d5 <unknown>\n#13 0x563dd1c99a6f <unknown>\n#14 0x563dd1c6569f <unknown>\n#15 0x563dd1cbe098 <unknown>\n#16 0x563dd1cbe262 <unknown>\n#17 0x563dd1ccff34 <unknown>\n#18 0x7fa9698a5134 <unknown>","time":{"start":1707614582118,"stop":1707614586113,"duration":3995}},{"uid":"3cbfe19952abe186","reportUrl":"https://zaelcovsky.github.io/StroyremAutomation/228//#testresult/3cbfe19952abe186","status":"skipped","statusDetails":"XFAIL Появляется капча Яндекса при запуске теста на Github\n\nselenium.common.exceptions.InvalidCookieDomainException: Message: invalid cookie domain: Cookie 'domain' mismatch\n  (Session info: chrome-headless-shell=121.0.6167.85)\nStacktrace:\n#0 0x56478686fd93 <unknown>\n#1 0x564786553337 <unknown>\n#2 0x5647865f27ea <unknown>\n#3 0x5647865c1442 <unknown>\n#4 0x5647865e012d <unknown>\n#5 0x5647865c11e3 <unknown>\n#6 0x564786591135 <unknown>\n#7 0x56478659213e <unknown>\n#8 0x564786833e4b <unknown>\n#9 0x564786837dfa <unknown>\n#10 0x5647868206d5 <unknown>\n#11 0x564786838a6f <unknown>\n#12 0x56478680469f <unknown>\n#13 0x56478685d098 <unknown>\n#14 0x56478685d262 <unknown>\n#15 0x56478686ef34 <unknown>\n#16 0x7f14362d3134 <unknown>","time":{"start":1707527783574,"stop":1707527787108,"duration":3534}}]},"tags":["@pytest.mark.xfail(reason='Появляется капча Яндекса при запуске теста на Github')","smoke_test"]},"source":"83f7a54f5366edce.json","parameterValues":[]}