{"uid":"d09d26ffdd0c645c","name":"test_positive_delivery_green_zone_smoke[TD 013-products/shtukaturka-gipsovaya-aksolit-m50-30-kg-mashinnogo-naneseniya-366-11000-4800-12450-13480-https://sandboxtest.stroyrem-nn.ru/]","fullName":"tests.delivery.test_delivery_calculation.TestDeliveryPageCalculation#test_positive_delivery_green_zone_smoke","historyId":"138a96f7f81216afdff8252a6c5795ca","time":{"start":1709255568962,"stop":1709255569271,"duration":309},"status":"skipped","statusMessage":"XFAIL Цена стандартной доставки 4450\n\nselenium.common.exceptions.NoSuchElementException: Message: no such element: Unable to locate element: {\"method\":\"xpath\",\"selector\":\"(//a[@class='add-to-cart yellow-btn'])[1]\"}\n  (Session info: chrome-headless-shell=122.0.6261.94); For documentation on this error, please visit: https://www.selenium.dev/documentation/webdriver/troubleshooting/errors#no-such-element-exception\nStacktrace:\n#0 0x560354ec6e93 <unknown>\n#1 0x560354bbece6 <unknown>\n#2 0x560354c09e48 <unknown>\n#3 0x560354c09f01 <unknown>\n#4 0x560354c4d3f4 <unknown>\n#5 0x560354c2bedd <unknown>\n#6 0x560354c4a899 <unknown>\n#7 0x560354c2bc53 <unknown>\n#8 0x560354bfcdb3 <unknown>\n#9 0x560354bfd77e <unknown>\n#10 0x560354e8c7cb <unknown>\n#11 0x560354e907e5 <unknown>\n#12 0x560354e7a0e1 <unknown>\n#13 0x560354e91372 <unknown>\n#14 0x560354e5e1bf <unknown>\n#15 0x560354eb5488 <unknown>\n#16 0x560354eb5683 <unknown>\n#17 0x560354ec6044 <unknown>\n#18 0x7f66b5661134 <unknown>","statusTrace":"self = <tests.delivery.test_delivery_calculation.TestDeliveryPageCalculation object at 0x7fed077f7e50>\ndriver = <selenium.webdriver.chrome.webdriver.WebDriver (session=\"947ce06e8ebcf36594f1d1e9830e9e07\")>\nurl = 'https://sandboxtest.stroyrem-nn.ru/', case_id = 'TD 013'\nlink_item = 'products/shtukaturka-gipsovaya-aksolit-m50-30-kg-mashinnogo-naneseniya'\namount = 366, weight = 11000, standard = 4800, in_time = 12450, all_time = 13480\n\n    @pytest.mark.parametrize('case_id, link_item, amount, weight, standard, in_time, all_time', [\n        (\"TD 001\", uroven_3000, 1, 30, 0, 1590, 2190),\n        (\"TD 002\", bundeks_25, 1, 30, 400, 1590, 2190),\n        (\"TD 003\", aksolit_30, 8, 300, 400, 1590, 2190),\n        (\"TD 004\", aksolit_30, 13, 400, 450, 1590, 2190),\n        (\"TD 005\", aksolit_30, 16, 500, 600, 1590, 2190),\n        (\"TD 006\", aksolit_30, 25, 1700, 990, 1990, 2480),\n        (\"TD 007\", aksolit_30, 66, 2000, 1300, 2490, 2980),\n        (\"TD 008\", aksolit_30, 149, 4500, 2300, 3980, 4490),\n        (\"TD 009\", aksolit_30, 166, 5000, 2500, 4990, 5480),\n        pytest.param(\n            \"TD 010\", aksolit_30, 206, 6200, 2900, 5570, 6120,\n            marks=pytest.mark.xfail(reson=\"Цена доставки 3600 7960 8980\")\n        ),\n        (\"TD 011\", aksolit_30, 299, 9000, 3600, 7960, 8980),\n        (\"TD 012\", aksolit_30, 333, 10000, 4450, 11990, 12500),\n        pytest.param(\n            \"TD 013\", aksolit_30, 366, 11000, 4800, 12450, 13480,\n            marks=pytest.mark.xfail(reason=\"Цена стандартной доставки 4450\")\n        ),\n        pytest.param(\n            \"TD 014\", aksolit_30, 666, 20000, 5400, 15600, 17490,\n            marks=pytest.mark.xfail(reason=\"Цена стандартной доставки 4450\")\n        )\n    ])\n    @pytest.mark.smoke\n    def test_positive_delivery_green_zone_smoke(\n            self, driver, url, case_id, link_item, amount, weight, standard, in_time, all_time\n    ):\n    \n        driver.get(f'{url}{link_item}')\n        item_page = ItemPage(driver)\n>       item_page.add_item_to_cart(amount).click_on_cart()\n\ntests/delivery/test_delivery_calculation.py:49: \n_ _ _ _ _ _ _ _ _ _ _ _ _ _ _ _ _ _ _ _ _ _ _ _ _ _ _ _ _ _ _ _ _ _ _ _ _ _ _ _ \npages/item_page.py:40: in add_item_to_cart\n    self.find_element(self._add_item).click()\nbase/seleniumbase.py:17: in find_element\n    return self.driver.find_element(*locator)\n/usr/local/lib/python3.11/site-packages/selenium/webdriver/remote/webdriver.py:740: in find_element\n    return self.execute(Command.FIND_ELEMENT, {\"using\": by, \"value\": value})[\"value\"]\n/usr/local/lib/python3.11/site-packages/selenium/webdriver/remote/webdriver.py:346: in execute\n    self.error_handler.check_response(response)\n_ _ _ _ _ _ _ _ _ _ _ _ _ _ _ _ _ _ _ _ _ _ _ _ _ _ _ _ _ _ _ _ _ _ _ _ _ _ _ _ \n\nself = <selenium.webdriver.remote.errorhandler.ErrorHandler object at 0x7fed07b51fd0>\nresponse = {'status': 404, 'value': '{\"value\":{\"error\":\"no such element\",\"message\":\"no such element: Unable to locate element: {\\...\\\\n#16 0x560354eb5683 \\\\u003Cunknown>\\\\n#17 0x560354ec6044 \\\\u003Cunknown>\\\\n#18 0x7f66b5661134 \\\\u003Cunknown>\\\\n\"}}'}\n\n    def check_response(self, response: Dict[str, Any]) -> None:\n        \"\"\"Checks that a JSON response from the WebDriver does not have an\n        error.\n    \n        :Args:\n         - response - The JSON response from the WebDriver server as a dictionary\n           object.\n    \n        :Raises: If the response contains an error message.\n        \"\"\"\n        status = response.get(\"status\", None)\n        if not status or status == ErrorCode.SUCCESS:\n            return\n        value = None\n        message = response.get(\"message\", \"\")\n        screen: str = response.get(\"screen\", \"\")\n        stacktrace = None\n        if isinstance(status, int):\n            value_json = response.get(\"value\", None)\n            if value_json and isinstance(value_json, str):\n                import json\n    \n                try:\n                    value = json.loads(value_json)\n                    if len(value) == 1:\n                        value = value[\"value\"]\n                    status = value.get(\"error\", None)\n                    if not status:\n                        status = value.get(\"status\", ErrorCode.UNKNOWN_ERROR)\n                        message = value.get(\"value\") or value.get(\"message\")\n                        if not isinstance(message, str):\n                            value = message\n                            message = message.get(\"message\")\n                    else:\n                        message = value.get(\"message\", None)\n                except ValueError:\n                    pass\n    \n        exception_class: Type[WebDriverException]\n        if status in ErrorCode.NO_SUCH_ELEMENT:\n            exception_class = NoSuchElementException\n        elif status in ErrorCode.NO_SUCH_FRAME:\n            exception_class = NoSuchFrameException\n        elif status in ErrorCode.NO_SUCH_SHADOW_ROOT:\n            exception_class = NoSuchShadowRootException\n        elif status in ErrorCode.NO_SUCH_WINDOW:\n            exception_class = NoSuchWindowException\n        elif status in ErrorCode.STALE_ELEMENT_REFERENCE:\n            exception_class = StaleElementReferenceException\n        elif status in ErrorCode.ELEMENT_NOT_VISIBLE:\n            exception_class = ElementNotVisibleException\n        elif status in ErrorCode.INVALID_ELEMENT_STATE:\n            exception_class = InvalidElementStateException\n        elif (\n            status in ErrorCode.INVALID_SELECTOR\n            or status in ErrorCode.INVALID_XPATH_SELECTOR\n            or status in ErrorCode.INVALID_XPATH_SELECTOR_RETURN_TYPER\n        ):\n            exception_class = InvalidSelectorException\n        elif status in ErrorCode.ELEMENT_IS_NOT_SELECTABLE:\n            exception_class = ElementNotSelectableException\n        elif status in ErrorCode.ELEMENT_NOT_INTERACTABLE:\n            exception_class = ElementNotInteractableException\n        elif status in ErrorCode.INVALID_COOKIE_DOMAIN:\n            exception_class = InvalidCookieDomainException\n        elif status in ErrorCode.UNABLE_TO_SET_COOKIE:\n            exception_class = UnableToSetCookieException\n        elif status in ErrorCode.TIMEOUT:\n            exception_class = TimeoutException\n        elif status in ErrorCode.SCRIPT_TIMEOUT:\n            exception_class = TimeoutException\n        elif status in ErrorCode.UNKNOWN_ERROR:\n            exception_class = WebDriverException\n        elif status in ErrorCode.UNEXPECTED_ALERT_OPEN:\n            exception_class = UnexpectedAlertPresentException\n        elif status in ErrorCode.NO_ALERT_OPEN:\n            exception_class = NoAlertPresentException\n        elif status in ErrorCode.IME_NOT_AVAILABLE:\n            exception_class = ImeNotAvailableException\n        elif status in ErrorCode.IME_ENGINE_ACTIVATION_FAILED:\n            exception_class = ImeActivationFailedException\n        elif status in ErrorCode.MOVE_TARGET_OUT_OF_BOUNDS:\n            exception_class = MoveTargetOutOfBoundsException\n        elif status in ErrorCode.JAVASCRIPT_ERROR:\n            exception_class = JavascriptException\n        elif status in ErrorCode.SESSION_NOT_CREATED:\n            exception_class = SessionNotCreatedException\n        elif status in ErrorCode.INVALID_ARGUMENT:\n            exception_class = InvalidArgumentException\n        elif status in ErrorCode.NO_SUCH_COOKIE:\n            exception_class = NoSuchCookieException\n        elif status in ErrorCode.UNABLE_TO_CAPTURE_SCREEN:\n            exception_class = ScreenshotException\n        elif status in ErrorCode.ELEMENT_CLICK_INTERCEPTED:\n            exception_class = ElementClickInterceptedException\n        elif status in ErrorCode.INSECURE_CERTIFICATE:\n            exception_class = InsecureCertificateException\n        elif status in ErrorCode.INVALID_COORDINATES:\n            exception_class = InvalidCoordinatesException\n        elif status in ErrorCode.INVALID_SESSION_ID:\n            exception_class = InvalidSessionIdException\n        elif status in ErrorCode.UNKNOWN_METHOD:\n            exception_class = UnknownMethodException\n        else:\n            exception_class = WebDriverException\n        if not value:\n            value = response[\"value\"]\n        if isinstance(value, str):\n            raise exception_class(value)\n        if message == \"\" and \"message\" in value:\n            message = value[\"message\"]\n    \n        screen = None  # type: ignore[assignment]\n        if \"screen\" in value:\n            screen = value[\"screen\"]\n    \n        stacktrace = None\n        st_value = value.get(\"stackTrace\") or value.get(\"stacktrace\")\n        if st_value:\n            if isinstance(st_value, str):\n                stacktrace = st_value.split(\"\\n\")\n            else:\n                stacktrace = []\n                try:\n                    for frame in st_value:\n                        line = frame.get(\"lineNumber\", \"\")\n                        file = frame.get(\"fileName\", \"<anonymous>\")\n                        if line:\n                            file = f\"{file}:{line}\"\n                        meth = frame.get(\"methodName\", \"<anonymous>\")\n                        if \"className\" in frame:\n                            meth = f\"{frame['className']}.{meth}\"\n                        msg = \"    at %s (%s)\"\n                        msg = msg % (meth, file)\n                        stacktrace.append(msg)\n                except TypeError:\n                    pass\n        if exception_class == UnexpectedAlertPresentException:\n            alert_text = None\n            if \"data\" in value:\n                alert_text = value[\"data\"].get(\"text\")\n            elif \"alert\" in value:\n                alert_text = value[\"alert\"].get(\"text\")\n            raise exception_class(message, screen, stacktrace, alert_text)  # type: ignore[call-arg]  # mypy is not smart enough here\n>       raise exception_class(message, screen, stacktrace)\nE       selenium.common.exceptions.NoSuchElementException: Message: no such element: Unable to locate element: {\"method\":\"xpath\",\"selector\":\"(//a[@class='add-to-cart yellow-btn'])[1]\"}\nE         (Session info: chrome-headless-shell=122.0.6261.94); For documentation on this error, please visit: https://www.selenium.dev/documentation/webdriver/troubleshooting/errors#no-such-element-exception\nE       Stacktrace:\nE       #0 0x560354ec6e93 <unknown>\nE       #1 0x560354bbece6 <unknown>\nE       #2 0x560354c09e48 <unknown>\nE       #3 0x560354c09f01 <unknown>\nE       #4 0x560354c4d3f4 <unknown>\nE       #5 0x560354c2bedd <unknown>\nE       #6 0x560354c4a899 <unknown>\nE       #7 0x560354c2bc53 <unknown>\nE       #8 0x560354bfcdb3 <unknown>\nE       #9 0x560354bfd77e <unknown>\nE       #10 0x560354e8c7cb <unknown>\nE       #11 0x560354e907e5 <unknown>\nE       #12 0x560354e7a0e1 <unknown>\nE       #13 0x560354e91372 <unknown>\nE       #14 0x560354e5e1bf <unknown>\nE       #15 0x560354eb5488 <unknown>\nE       #16 0x560354eb5683 <unknown>\nE       #17 0x560354ec6044 <unknown>\nE       #18 0x7f66b5661134 <unknown>\n\n/usr/local/lib/python3.11/site-packages/selenium/webdriver/remote/errorhandler.py:245: NoSuchElementException","flaky":false,"newFailed":false,"newBroken":false,"newPassed":false,"retriesCount":0,"retriesStatusChange":false,"beforeStages":[{"name":"_session_faker","time":{"start":1709255142185,"stop":1709255142263,"duration":78},"status":"passed","steps":[],"attachments":[],"parameters":[],"shouldDisplayMessage":false,"stepsCount":0,"attachmentsCount":0,"hasContent":false,"attachmentStep":false},{"name":"clear_allure_results_folder","time":{"start":1709255142264,"stop":1709255142264,"duration":0},"status":"passed","steps":[],"attachments":[],"parameters":[],"shouldDisplayMessage":false,"stepsCount":0,"attachmentsCount":0,"hasContent":false,"attachmentStep":false},{"name":"driver","time":{"start":1709255568224,"stop":1709255568961,"duration":737},"status":"passed","steps":[],"attachments":[],"parameters":[],"shouldDisplayMessage":false,"stepsCount":0,"attachmentsCount":0,"hasContent":false,"attachmentStep":false},{"name":"setup","time":{"start":1709255568961,"stop":1709255568961,"duration":0},"status":"passed","steps":[],"attachments":[],"parameters":[],"shouldDisplayMessage":false,"stepsCount":0,"attachmentsCount":0,"hasContent":false,"attachmentStep":false}],"testStage":{"status":"skipped","statusMessage":"XFAIL Цена стандартной доставки 4450\n\nselenium.common.exceptions.NoSuchElementException: Message: no such element: Unable to locate element: {\"method\":\"xpath\",\"selector\":\"(//a[@class='add-to-cart yellow-btn'])[1]\"}\n  (Session info: chrome-headless-shell=122.0.6261.94); For documentation on this error, please visit: https://www.selenium.dev/documentation/webdriver/troubleshooting/errors#no-such-element-exception\nStacktrace:\n#0 0x560354ec6e93 <unknown>\n#1 0x560354bbece6 <unknown>\n#2 0x560354c09e48 <unknown>\n#3 0x560354c09f01 <unknown>\n#4 0x560354c4d3f4 <unknown>\n#5 0x560354c2bedd <unknown>\n#6 0x560354c4a899 <unknown>\n#7 0x560354c2bc53 <unknown>\n#8 0x560354bfcdb3 <unknown>\n#9 0x560354bfd77e <unknown>\n#10 0x560354e8c7cb <unknown>\n#11 0x560354e907e5 <unknown>\n#12 0x560354e7a0e1 <unknown>\n#13 0x560354e91372 <unknown>\n#14 0x560354e5e1bf <unknown>\n#15 0x560354eb5488 <unknown>\n#16 0x560354eb5683 <unknown>\n#17 0x560354ec6044 <unknown>\n#18 0x7f66b5661134 <unknown>","statusTrace":"self = <tests.delivery.test_delivery_calculation.TestDeliveryPageCalculation object at 0x7fed077f7e50>\ndriver = <selenium.webdriver.chrome.webdriver.WebDriver (session=\"947ce06e8ebcf36594f1d1e9830e9e07\")>\nurl = 'https://sandboxtest.stroyrem-nn.ru/', case_id = 'TD 013'\nlink_item = 'products/shtukaturka-gipsovaya-aksolit-m50-30-kg-mashinnogo-naneseniya'\namount = 366, weight = 11000, standard = 4800, in_time = 12450, all_time = 13480\n\n    @pytest.mark.parametrize('case_id, link_item, amount, weight, standard, in_time, all_time', [\n        (\"TD 001\", uroven_3000, 1, 30, 0, 1590, 2190),\n        (\"TD 002\", bundeks_25, 1, 30, 400, 1590, 2190),\n        (\"TD 003\", aksolit_30, 8, 300, 400, 1590, 2190),\n        (\"TD 004\", aksolit_30, 13, 400, 450, 1590, 2190),\n        (\"TD 005\", aksolit_30, 16, 500, 600, 1590, 2190),\n        (\"TD 006\", aksolit_30, 25, 1700, 990, 1990, 2480),\n        (\"TD 007\", aksolit_30, 66, 2000, 1300, 2490, 2980),\n        (\"TD 008\", aksolit_30, 149, 4500, 2300, 3980, 4490),\n        (\"TD 009\", aksolit_30, 166, 5000, 2500, 4990, 5480),\n        pytest.param(\n            \"TD 010\", aksolit_30, 206, 6200, 2900, 5570, 6120,\n            marks=pytest.mark.xfail(reson=\"Цена доставки 3600 7960 8980\")\n        ),\n        (\"TD 011\", aksolit_30, 299, 9000, 3600, 7960, 8980),\n        (\"TD 012\", aksolit_30, 333, 10000, 4450, 11990, 12500),\n        pytest.param(\n            \"TD 013\", aksolit_30, 366, 11000, 4800, 12450, 13480,\n            marks=pytest.mark.xfail(reason=\"Цена стандартной доставки 4450\")\n        ),\n        pytest.param(\n            \"TD 014\", aksolit_30, 666, 20000, 5400, 15600, 17490,\n            marks=pytest.mark.xfail(reason=\"Цена стандартной доставки 4450\")\n        )\n    ])\n    @pytest.mark.smoke\n    def test_positive_delivery_green_zone_smoke(\n            self, driver, url, case_id, link_item, amount, weight, standard, in_time, all_time\n    ):\n    \n        driver.get(f'{url}{link_item}')\n        item_page = ItemPage(driver)\n>       item_page.add_item_to_cart(amount).click_on_cart()\n\ntests/delivery/test_delivery_calculation.py:49: \n_ _ _ _ _ _ _ _ _ _ _ _ _ _ _ _ _ _ _ _ _ _ _ _ _ _ _ _ _ _ _ _ _ _ _ _ _ _ _ _ \npages/item_page.py:40: in add_item_to_cart\n    self.find_element(self._add_item).click()\nbase/seleniumbase.py:17: in find_element\n    return self.driver.find_element(*locator)\n/usr/local/lib/python3.11/site-packages/selenium/webdriver/remote/webdriver.py:740: in find_element\n    return self.execute(Command.FIND_ELEMENT, {\"using\": by, \"value\": value})[\"value\"]\n/usr/local/lib/python3.11/site-packages/selenium/webdriver/remote/webdriver.py:346: in execute\n    self.error_handler.check_response(response)\n_ _ _ _ _ _ _ _ _ _ _ _ _ _ _ _ _ _ _ _ _ _ _ _ _ _ _ _ _ _ _ _ _ _ _ _ _ _ _ _ \n\nself = <selenium.webdriver.remote.errorhandler.ErrorHandler object at 0x7fed07b51fd0>\nresponse = {'status': 404, 'value': '{\"value\":{\"error\":\"no such element\",\"message\":\"no such element: Unable to locate element: {\\...\\\\n#16 0x560354eb5683 \\\\u003Cunknown>\\\\n#17 0x560354ec6044 \\\\u003Cunknown>\\\\n#18 0x7f66b5661134 \\\\u003Cunknown>\\\\n\"}}'}\n\n    def check_response(self, response: Dict[str, Any]) -> None:\n        \"\"\"Checks that a JSON response from the WebDriver does not have an\n        error.\n    \n        :Args:\n         - response - The JSON response from the WebDriver server as a dictionary\n           object.\n    \n        :Raises: If the response contains an error message.\n        \"\"\"\n        status = response.get(\"status\", None)\n        if not status or status == ErrorCode.SUCCESS:\n            return\n        value = None\n        message = response.get(\"message\", \"\")\n        screen: str = response.get(\"screen\", \"\")\n        stacktrace = None\n        if isinstance(status, int):\n            value_json = response.get(\"value\", None)\n            if value_json and isinstance(value_json, str):\n                import json\n    \n                try:\n                    value = json.loads(value_json)\n                    if len(value) == 1:\n                        value = value[\"value\"]\n                    status = value.get(\"error\", None)\n                    if not status:\n                        status = value.get(\"status\", ErrorCode.UNKNOWN_ERROR)\n                        message = value.get(\"value\") or value.get(\"message\")\n                        if not isinstance(message, str):\n                            value = message\n                            message = message.get(\"message\")\n                    else:\n                        message = value.get(\"message\", None)\n                except ValueError:\n                    pass\n    \n        exception_class: Type[WebDriverException]\n        if status in ErrorCode.NO_SUCH_ELEMENT:\n            exception_class = NoSuchElementException\n        elif status in ErrorCode.NO_SUCH_FRAME:\n            exception_class = NoSuchFrameException\n        elif status in ErrorCode.NO_SUCH_SHADOW_ROOT:\n            exception_class = NoSuchShadowRootException\n        elif status in ErrorCode.NO_SUCH_WINDOW:\n            exception_class = NoSuchWindowException\n        elif status in ErrorCode.STALE_ELEMENT_REFERENCE:\n            exception_class = StaleElementReferenceException\n        elif status in ErrorCode.ELEMENT_NOT_VISIBLE:\n            exception_class = ElementNotVisibleException\n        elif status in ErrorCode.INVALID_ELEMENT_STATE:\n            exception_class = InvalidElementStateException\n        elif (\n            status in ErrorCode.INVALID_SELECTOR\n            or status in ErrorCode.INVALID_XPATH_SELECTOR\n            or status in ErrorCode.INVALID_XPATH_SELECTOR_RETURN_TYPER\n        ):\n            exception_class = InvalidSelectorException\n        elif status in ErrorCode.ELEMENT_IS_NOT_SELECTABLE:\n            exception_class = ElementNotSelectableException\n        elif status in ErrorCode.ELEMENT_NOT_INTERACTABLE:\n            exception_class = ElementNotInteractableException\n        elif status in ErrorCode.INVALID_COOKIE_DOMAIN:\n            exception_class = InvalidCookieDomainException\n        elif status in ErrorCode.UNABLE_TO_SET_COOKIE:\n            exception_class = UnableToSetCookieException\n        elif status in ErrorCode.TIMEOUT:\n            exception_class = TimeoutException\n        elif status in ErrorCode.SCRIPT_TIMEOUT:\n            exception_class = TimeoutException\n        elif status in ErrorCode.UNKNOWN_ERROR:\n            exception_class = WebDriverException\n        elif status in ErrorCode.UNEXPECTED_ALERT_OPEN:\n            exception_class = UnexpectedAlertPresentException\n        elif status in ErrorCode.NO_ALERT_OPEN:\n            exception_class = NoAlertPresentException\n        elif status in ErrorCode.IME_NOT_AVAILABLE:\n            exception_class = ImeNotAvailableException\n        elif status in ErrorCode.IME_ENGINE_ACTIVATION_FAILED:\n            exception_class = ImeActivationFailedException\n        elif status in ErrorCode.MOVE_TARGET_OUT_OF_BOUNDS:\n            exception_class = MoveTargetOutOfBoundsException\n        elif status in ErrorCode.JAVASCRIPT_ERROR:\n            exception_class = JavascriptException\n        elif status in ErrorCode.SESSION_NOT_CREATED:\n            exception_class = SessionNotCreatedException\n        elif status in ErrorCode.INVALID_ARGUMENT:\n            exception_class = InvalidArgumentException\n        elif status in ErrorCode.NO_SUCH_COOKIE:\n            exception_class = NoSuchCookieException\n        elif status in ErrorCode.UNABLE_TO_CAPTURE_SCREEN:\n            exception_class = ScreenshotException\n        elif status in ErrorCode.ELEMENT_CLICK_INTERCEPTED:\n            exception_class = ElementClickInterceptedException\n        elif status in ErrorCode.INSECURE_CERTIFICATE:\n            exception_class = InsecureCertificateException\n        elif status in ErrorCode.INVALID_COORDINATES:\n            exception_class = InvalidCoordinatesException\n        elif status in ErrorCode.INVALID_SESSION_ID:\n            exception_class = InvalidSessionIdException\n        elif status in ErrorCode.UNKNOWN_METHOD:\n            exception_class = UnknownMethodException\n        else:\n            exception_class = WebDriverException\n        if not value:\n            value = response[\"value\"]\n        if isinstance(value, str):\n            raise exception_class(value)\n        if message == \"\" and \"message\" in value:\n            message = value[\"message\"]\n    \n        screen = None  # type: ignore[assignment]\n        if \"screen\" in value:\n            screen = value[\"screen\"]\n    \n        stacktrace = None\n        st_value = value.get(\"stackTrace\") or value.get(\"stacktrace\")\n        if st_value:\n            if isinstance(st_value, str):\n                stacktrace = st_value.split(\"\\n\")\n            else:\n                stacktrace = []\n                try:\n                    for frame in st_value:\n                        line = frame.get(\"lineNumber\", \"\")\n                        file = frame.get(\"fileName\", \"<anonymous>\")\n                        if line:\n                            file = f\"{file}:{line}\"\n                        meth = frame.get(\"methodName\", \"<anonymous>\")\n                        if \"className\" in frame:\n                            meth = f\"{frame['className']}.{meth}\"\n                        msg = \"    at %s (%s)\"\n                        msg = msg % (meth, file)\n                        stacktrace.append(msg)\n                except TypeError:\n                    pass\n        if exception_class == UnexpectedAlertPresentException:\n            alert_text = None\n            if \"data\" in value:\n                alert_text = value[\"data\"].get(\"text\")\n            elif \"alert\" in value:\n                alert_text = value[\"alert\"].get(\"text\")\n            raise exception_class(message, screen, stacktrace, alert_text)  # type: ignore[call-arg]  # mypy is not smart enough here\n>       raise exception_class(message, screen, stacktrace)\nE       selenium.common.exceptions.NoSuchElementException: Message: no such element: Unable to locate element: {\"method\":\"xpath\",\"selector\":\"(//a[@class='add-to-cart yellow-btn'])[1]\"}\nE         (Session info: chrome-headless-shell=122.0.6261.94); For documentation on this error, please visit: https://www.selenium.dev/documentation/webdriver/troubleshooting/errors#no-such-element-exception\nE       Stacktrace:\nE       #0 0x560354ec6e93 <unknown>\nE       #1 0x560354bbece6 <unknown>\nE       #2 0x560354c09e48 <unknown>\nE       #3 0x560354c09f01 <unknown>\nE       #4 0x560354c4d3f4 <unknown>\nE       #5 0x560354c2bedd <unknown>\nE       #6 0x560354c4a899 <unknown>\nE       #7 0x560354c2bc53 <unknown>\nE       #8 0x560354bfcdb3 <unknown>\nE       #9 0x560354bfd77e <unknown>\nE       #10 0x560354e8c7cb <unknown>\nE       #11 0x560354e907e5 <unknown>\nE       #12 0x560354e7a0e1 <unknown>\nE       #13 0x560354e91372 <unknown>\nE       #14 0x560354e5e1bf <unknown>\nE       #15 0x560354eb5488 <unknown>\nE       #16 0x560354eb5683 <unknown>\nE       #17 0x560354ec6044 <unknown>\nE       #18 0x7f66b5661134 <unknown>\n\n/usr/local/lib/python3.11/site-packages/selenium/webdriver/remote/errorhandler.py:245: NoSuchElementException","steps":[{"name":"Добавляем товар в корзину в количестве 366","time":{"start":1709255569258,"stop":1709255569271,"duration":13},"status":"broken","statusMessage":"selenium.common.exceptions.NoSuchElementException: Message: no such element: Unable to locate element: {\"method\":\"xpath\",\"selector\":\"(//a[@class='add-to-cart yellow-btn'])[1]\"}\n  (Session info: chrome-headless-shell=122.0.6261.94); For documentation on this error, please visit: https://www.selenium.dev/documentation/webdriver/troubleshooting/errors#no-such-element-exception\nStacktrace:\n#0 0x560354ec6e93 <unknown>\n#1 0x560354bbece6 <unknown>\n#2 0x560354c09e48 <unknown>\n#3 0x560354c09f01 <unknown>\n#4 0x560354c4d3f4 <unknown>\n#5 0x560354c2bedd <unknown>\n#6 0x560354c4a899 <unknown>\n#7 0x560354c2bc53 <unknown>\n#8 0x560354bfcdb3 <unknown>\n#9 0x560354bfd77e <unknown>\n#10 0x560354e8c7cb <unknown>\n#11 0x560354e907e5 <unknown>\n#12 0x560354e7a0e1 <unknown>\n#13 0x560354e91372 <unknown>\n#14 0x560354e5e1bf <unknown>\n#15 0x560354eb5488 <unknown>\n#16 0x560354eb5683 <unknown>\n#17 0x560354ec6044 <unknown>\n#18 0x7f66b5661134 <unknown>\n\n","statusTrace":"  File \"/usr/local/lib/python3.11/site-packages/allure_commons/_allure.py\", line 192, in impl\n    return func(*a, **kw)\n           ^^^^^^^^^^^^^^\n  File \"/app/pages/item_page.py\", line 40, in add_item_to_cart\n    self.find_element(self._add_item).click()\n    ^^^^^^^^^^^^^^^^^^^^^^^^^^^^^^^^^\n  File \"/app/base/seleniumbase.py\", line 17, in find_element\n    return self.driver.find_element(*locator)\n           ^^^^^^^^^^^^^^^^^^^^^^^^^^^^^^^^^^\n  File \"/usr/local/lib/python3.11/site-packages/selenium/webdriver/remote/webdriver.py\", line 740, in find_element\n    return self.execute(Command.FIND_ELEMENT, {\"using\": by, \"value\": value})[\"value\"]\n           ^^^^^^^^^^^^^^^^^^^^^^^^^^^^^^^^^^^^^^^^^^^^^^^^^^^^^^^^^^^^^^^^^\n  File \"/usr/local/lib/python3.11/site-packages/selenium/webdriver/remote/webdriver.py\", line 346, in execute\n    self.error_handler.check_response(response)\n  File \"/usr/local/lib/python3.11/site-packages/selenium/webdriver/remote/errorhandler.py\", line 245, in check_response\n    raise exception_class(message, screen, stacktrace)\n","steps":[],"attachments":[],"parameters":[{"name":"amount","value":"366"}],"shouldDisplayMessage":true,"stepsCount":0,"attachmentsCount":0,"hasContent":true,"attachmentStep":false}],"attachments":[{"uid":"ce7fd15894ebf3c9","name":"Screenshot","source":"ce7fd15894ebf3c9.png","type":"image/png","size":5862},{"uid":"6b8db2f7673ab0a2","name":"HTML source","source":"6b8db2f7673ab0a2.html","type":"text/html","size":39}],"parameters":[],"shouldDisplayMessage":true,"stepsCount":1,"attachmentsCount":2,"hasContent":true,"attachmentStep":false},"afterStages":[{"name":"driver::0","time":{"start":1709255569370,"stop":1709255569427,"duration":57},"status":"passed","steps":[],"attachments":[],"parameters":[],"shouldDisplayMessage":false,"stepsCount":0,"attachmentsCount":0,"hasContent":false,"attachmentStep":false},{"name":"setup::0","time":{"start":1709255569370,"stop":1709255569370,"duration":0},"status":"passed","steps":[],"attachments":[],"parameters":[],"shouldDisplayMessage":false,"stepsCount":0,"attachmentsCount":0,"hasContent":false,"attachmentStep":false}],"labels":[{"name":"epic","value":"Delivery Page - calculation"},{"name":"tag","value":"smoke"},{"name":"tag","value":"@pytest.mark.xfail(reason='Цена стандартной доставки 4450')"},{"name":"parentSuite","value":"tests.delivery"},{"name":"suite","value":"test_delivery_calculation"},{"name":"subSuite","value":"TestDeliveryPageCalculation"},{"name":"host","value":"1f0fdd4672b6"},{"name":"thread","value":"1-MainThread"},{"name":"framework","value":"pytest"},{"name":"language","value":"cpython3"},{"name":"package","value":"tests.delivery.test_delivery_calculation"},{"name":"resultFormat","value":"allure2"}],"parameters":[{"name":"all_time","value":"13480"},{"name":"amount","value":"366"},{"name":"case_id","value":"'TD 013'"},{"name":"in_time","value":"12450"},{"name":"link_item","value":"'products/shtukaturka-gipsovaya-aksolit-m50-30-kg-mashinnogo-naneseniya'"},{"name":"standard","value":"4800"},{"name":"url","value":"'https://sandboxtest.stroyrem-nn.ru/'"},{"name":"weight","value":"11000"}],"links":[],"hidden":false,"retry":false,"extra":{"severity":"normal","retries":[],"categories":[],"history":{"statistic":{"failed":0,"broken":0,"skipped":184,"passed":0,"unknown":0,"total":184},"items":[{"uid":"e7ae74b603dda150","reportUrl":"https://zaelcovsky.github.io/StroyremAutomation/247//#testresult/e7ae74b603dda150","status":"skipped","statusDetails":"XFAIL Цена стандартной доставки 4450\n\nselenium.common.exceptions.NoSuchElementException: Message: no such element: Unable to locate element: {\"method\":\"xpath\",\"selector\":\"(//a[@class='add-to-cart yellow-btn'])[1]\"}\n  (Session info: chrome-headless-shell=122.0.6261.94); For documentation on this error, please visit: https://www.selenium.dev/documentation/webdriver/troubleshooting/errors#no-such-element-exception\nStacktrace:\n#0 0x55ed6f29ae93 <unknown>\n#1 0x55ed6ef92ce6 <unknown>\n#2 0x55ed6efdde48 <unknown>\n#3 0x55ed6efddf01 <unknown>\n#4 0x55ed6f0213f4 <unknown>\n#5 0x55ed6efffedd <unknown>\n#6 0x55ed6f01e899 <unknown>\n#7 0x55ed6efffc53 <unknown>\n#8 0x55ed6efd0db3 <unknown>\n#9 0x55ed6efd177e <unknown>\n#10 0x55ed6f2607cb <unknown>\n#11 0x55ed6f2647e5 <unknown>\n#12 0x55ed6f24e0e1 <unknown>\n#13 0x55ed6f265372 <unknown>\n#14 0x55ed6f2321bf <unknown>\n#15 0x55ed6f289488 <unknown>\n#16 0x55ed6f289683 <unknown>\n#17 0x55ed6f29a044 <unknown>\n#18 0x7f7471d97134 <unknown>","time":{"start":1709168833519,"stop":1709168833848,"duration":329}},{"uid":"ac10e80ae8caf559","reportUrl":"https://zaelcovsky.github.io/StroyremAutomation/246//#testresult/ac10e80ae8caf559","status":"skipped","statusDetails":"XFAIL Цена стандартной доставки 4450\n\nselenium.common.exceptions.NoSuchElementException: Message: no such element: Unable to locate element: {\"method\":\"xpath\",\"selector\":\"(//a[@class='add-to-cart yellow-btn'])[1]\"}\n  (Session info: chrome-headless-shell=122.0.6261.94); For documentation on this error, please visit: https://www.selenium.dev/documentation/webdriver/troubleshooting/errors#no-such-element-exception\nStacktrace:\n#0 0x561e4162ce93 <unknown>\n#1 0x561e41324ce6 <unknown>\n#2 0x561e4136fe48 <unknown>\n#3 0x561e4136ff01 <unknown>\n#4 0x561e413b33f4 <unknown>\n#5 0x561e41391edd <unknown>\n#6 0x561e413b0899 <unknown>\n#7 0x561e41391c53 <unknown>\n#8 0x561e41362db3 <unknown>\n#9 0x561e4136377e <unknown>\n#10 0x561e415f27cb <unknown>\n#11 0x561e415f67e5 <unknown>\n#12 0x561e415e00e1 <unknown>\n#13 0x561e415f7372 <unknown>\n#14 0x561e415c41bf <unknown>\n#15 0x561e4161b488 <unknown>\n#16 0x561e4161b683 <unknown>\n#17 0x561e4162c044 <unknown>\n#18 0x7fcc416db134 <unknown>","time":{"start":1709082451085,"stop":1709082451429,"duration":344}},{"uid":"edaa0b654772cb5a","reportUrl":"https://zaelcovsky.github.io/StroyremAutomation/245//#testresult/edaa0b654772cb5a","status":"skipped","statusDetails":"XFAIL Цена стандартной доставки 4450\n\nselenium.common.exceptions.NoSuchElementException: Message: no such element: Unable to locate element: {\"method\":\"xpath\",\"selector\":\"(//a[@class='add-to-cart yellow-btn'])[1]\"}\n  (Session info: chrome-headless-shell=122.0.6261.69); For documentation on this error, please visit: https://www.selenium.dev/documentation/webdriver/troubleshooting/errors#no-such-element-exception\nStacktrace:\n#0 0x555636580793 <unknown>\n#1 0x5556362741c6 <unknown>\n#2 0x5556362bf358 <unknown>\n#3 0x5556362bf411 <unknown>\n#4 0x555636302934 <unknown>\n#5 0x5556362e13fd <unknown>\n#6 0x5556362ffdd9 <unknown>\n#7 0x5556362e1173 <unknown>\n#8 0x5556362b22d3 <unknown>\n#9 0x5556362b2c9e <unknown>\n#10 0x5556365448cb <unknown>\n#11 0x555636548745 <unknown>\n#12 0x5556365312e1 <unknown>\n#13 0x5556365492d2 <unknown>\n#14 0x55563651517f <unknown>\n#15 0x55563656edc8 <unknown>\n#16 0x55563656efc3 <unknown>\n#17 0x55563657f944 <unknown>\n#18 0x7f4029eed134 <unknown>","time":{"start":1708996078366,"stop":1708996078764,"duration":398}},{"uid":"e82ceb5f8c3f2f0c","reportUrl":"https://zaelcovsky.github.io/StroyremAutomation/244//#testresult/e82ceb5f8c3f2f0c","status":"skipped","statusDetails":"XFAIL Цена стандартной доставки 4450\n\nselenium.common.exceptions.NoSuchElementException: Message: no such element: Unable to locate element: {\"method\":\"xpath\",\"selector\":\"(//a[@class='add-to-cart yellow-btn'])[1]\"}\n  (Session info: chrome-headless-shell=122.0.6261.69); For documentation on this error, please visit: https://www.selenium.dev/documentation/webdriver/troubleshooting/errors#no-such-element-exception\nStacktrace:\n#0 0x5641f24b6793 <unknown>\n#1 0x5641f21aa1c6 <unknown>\n#2 0x5641f21f5358 <unknown>\n#3 0x5641f21f5411 <unknown>\n#4 0x5641f2238934 <unknown>\n#5 0x5641f22173fd <unknown>\n#6 0x5641f2235dd9 <unknown>\n#7 0x5641f2217173 <unknown>\n#8 0x5641f21e82d3 <unknown>\n#9 0x5641f21e8c9e <unknown>\n#10 0x5641f247a8cb <unknown>\n#11 0x5641f247e745 <unknown>\n#12 0x5641f24672e1 <unknown>\n#13 0x5641f247f2d2 <unknown>\n#14 0x5641f244b17f <unknown>\n#15 0x5641f24a4dc8 <unknown>\n#16 0x5641f24a4fc3 <unknown>\n#17 0x5641f24b5944 <unknown>\n#18 0x7f0095998134 <unknown>","time":{"start":1708909701195,"stop":1708909701603,"duration":408}},{"uid":"afc7e94bcd53b7d0","reportUrl":"https://zaelcovsky.github.io/StroyremAutomation/243//#testresult/afc7e94bcd53b7d0","status":"skipped","statusDetails":"XFAIL Цена стандартной доставки 4450\n\nselenium.common.exceptions.NoSuchElementException: Message: no such element: Unable to locate element: {\"method\":\"xpath\",\"selector\":\"(//a[@class='add-to-cart yellow-btn'])[1]\"}\n  (Session info: chrome-headless-shell=122.0.6261.69); For documentation on this error, please visit: https://www.selenium.dev/documentation/webdriver/troubleshooting/errors#no-such-element-exception\nStacktrace:\n#0 0x5650eca01793 <unknown>\n#1 0x5650ec6f51c6 <unknown>\n#2 0x5650ec740358 <unknown>\n#3 0x5650ec740411 <unknown>\n#4 0x5650ec783934 <unknown>\n#5 0x5650ec7623fd <unknown>\n#6 0x5650ec780dd9 <unknown>\n#7 0x5650ec762173 <unknown>\n#8 0x5650ec7332d3 <unknown>\n#9 0x5650ec733c9e <unknown>\n#10 0x5650ec9c58cb <unknown>\n#11 0x5650ec9c9745 <unknown>\n#12 0x5650ec9b22e1 <unknown>\n#13 0x5650ec9ca2d2 <unknown>\n#14 0x5650ec99617f <unknown>\n#15 0x5650ec9efdc8 <unknown>\n#16 0x5650ec9effc3 <unknown>\n#17 0x5650eca00944 <unknown>\n#18 0x7fa612a9a134 <unknown>","time":{"start":1708823485092,"stop":1708823485400,"duration":308}},{"uid":"b13345f4763f249c","reportUrl":"https://zaelcovsky.github.io/StroyremAutomation/242//#testresult/b13345f4763f249c","status":"skipped","statusDetails":"XFAIL Цена стандартной доставки 4450\n\nselenium.common.exceptions.NoSuchElementException: Message: no such element: Unable to locate element: {\"method\":\"xpath\",\"selector\":\"(//a[@class='add-to-cart yellow-btn'])[1]\"}\n  (Session info: chrome-headless-shell=122.0.6261.69); For documentation on this error, please visit: https://www.selenium.dev/documentation/webdriver/troubleshooting/errors#no-such-element-exception\nStacktrace:\n#0 0x55a4d04c0793 <unknown>\n#1 0x55a4d01b41c6 <unknown>\n#2 0x55a4d01ff358 <unknown>\n#3 0x55a4d01ff411 <unknown>\n#4 0x55a4d0242934 <unknown>\n#5 0x55a4d02213fd <unknown>\n#6 0x55a4d023fdd9 <unknown>\n#7 0x55a4d0221173 <unknown>\n#8 0x55a4d01f22d3 <unknown>\n#9 0x55a4d01f2c9e <unknown>\n#10 0x55a4d04848cb <unknown>\n#11 0x55a4d0488745 <unknown>\n#12 0x55a4d04712e1 <unknown>\n#13 0x55a4d04892d2 <unknown>\n#14 0x55a4d045517f <unknown>\n#15 0x55a4d04aedc8 <unknown>\n#16 0x55a4d04aefc3 <unknown>\n#17 0x55a4d04bf944 <unknown>\n#18 0x7f4792478134 <unknown>","time":{"start":1708736785297,"stop":1708736785725,"duration":428}},{"uid":"fce1994fa38dbc9a","reportUrl":"https://zaelcovsky.github.io/StroyremAutomation/241//#testresult/fce1994fa38dbc9a","status":"skipped","statusDetails":"XFAIL Цена стандартной доставки 4450\n\nselenium.common.exceptions.NoSuchElementException: Message: no such element: Unable to locate element: {\"method\":\"xpath\",\"selector\":\"(//a[@class='add-to-cart yellow-btn'])[1]\"}\n  (Session info: chrome-headless-shell=122.0.6261.69); For documentation on this error, please visit: https://www.selenium.dev/documentation/webdriver/troubleshooting/errors#no-such-element-exception\nStacktrace:\n#0 0x5562a9829793 <unknown>\n#1 0x5562a951d1c6 <unknown>\n#2 0x5562a9568358 <unknown>\n#3 0x5562a9568411 <unknown>\n#4 0x5562a95ab934 <unknown>\n#5 0x5562a958a3fd <unknown>\n#6 0x5562a95a8dd9 <unknown>\n#7 0x5562a958a173 <unknown>\n#8 0x5562a955b2d3 <unknown>\n#9 0x5562a955bc9e <unknown>\n#10 0x5562a97ed8cb <unknown>\n#11 0x5562a97f1745 <unknown>\n#12 0x5562a97da2e1 <unknown>\n#13 0x5562a97f22d2 <unknown>\n#14 0x5562a97be17f <unknown>\n#15 0x5562a9817dc8 <unknown>\n#16 0x5562a9817fc3 <unknown>\n#17 0x5562a9828944 <unknown>\n#18 0x7ffaccbc0134 <unknown>","time":{"start":1708650383881,"stop":1708650384185,"duration":304}},{"uid":"15d7454bbb60f04b","reportUrl":"https://zaelcovsky.github.io/StroyremAutomation/240//#testresult/15d7454bbb60f04b","status":"skipped","statusDetails":"XFAIL Цена стандартной доставки 4450\n\nselenium.common.exceptions.NoSuchElementException: Message: no such element: Unable to locate element: {\"method\":\"xpath\",\"selector\":\"(//a[@class='add-to-cart yellow-btn'])[1]\"}\n  (Session info: chrome-headless-shell=122.0.6261.57); For documentation on this error, please visit: https://www.selenium.dev/documentation/webdriver/troubleshooting/errors#no-such-element-exception\nStacktrace:\n#0 0x55df71b0e7d3 <unknown>\n#1 0x55df718021c6 <unknown>\n#2 0x55df7184d358 <unknown>\n#3 0x55df7184d411 <unknown>\n#4 0x55df71890934 <unknown>\n#5 0x55df7186f3fd <unknown>\n#6 0x55df7188ddd9 <unknown>\n#7 0x55df7186f173 <unknown>\n#8 0x55df718402d3 <unknown>\n#9 0x55df71840c9e <unknown>\n#10 0x55df71ad290b <unknown>\n#11 0x55df71ad6785 <unknown>\n#12 0x55df71abf321 <unknown>\n#13 0x55df71ad7312 <unknown>\n#14 0x55df71aa31bf <unknown>\n#15 0x55df71afce08 <unknown>\n#16 0x55df71afd003 <unknown>\n#17 0x55df71b0d984 <unknown>\n#18 0x7eff3ae72134 <unknown>","time":{"start":1708564021078,"stop":1708564021498,"duration":420}},{"uid":"f13bb45e976d11f3","reportUrl":"https://zaelcovsky.github.io/StroyremAutomation/239//#testresult/f13bb45e976d11f3","status":"skipped","statusDetails":"XFAIL Цена стандартной доставки 4450\n\nselenium.common.exceptions.NoSuchElementException: Message: no such element: Unable to locate element: {\"method\":\"xpath\",\"selector\":\"(//a[@class='add-to-cart yellow-btn'])[1]\"}\n  (Session info: chrome-headless-shell=122.0.6261.57); For documentation on this error, please visit: https://www.selenium.dev/documentation/webdriver/troubleshooting/errors#no-such-element-exception\nStacktrace:\n#0 0x5564661707d3 <unknown>\n#1 0x556465e641c6 <unknown>\n#2 0x556465eaf358 <unknown>\n#3 0x556465eaf411 <unknown>\n#4 0x556465ef2934 <unknown>\n#5 0x556465ed13fd <unknown>\n#6 0x556465eefdd9 <unknown>\n#7 0x556465ed1173 <unknown>\n#8 0x556465ea22d3 <unknown>\n#9 0x556465ea2c9e <unknown>\n#10 0x55646613490b <unknown>\n#11 0x556466138785 <unknown>\n#12 0x556466121321 <unknown>\n#13 0x556466139312 <unknown>\n#14 0x5564661051bf <unknown>\n#15 0x55646615ee08 <unknown>\n#16 0x55646615f003 <unknown>\n#17 0x55646616f984 <unknown>\n#18 0x7f13e2d88134 <unknown>","time":{"start":1708477678694,"stop":1708477678994,"duration":300}},{"uid":"fdbb39fdfafe7177","reportUrl":"https://zaelcovsky.github.io/StroyremAutomation/238//#testresult/fdbb39fdfafe7177","status":"skipped","statusDetails":"XFAIL Цена стандартной доставки 4450\n\nselenium.common.exceptions.NoSuchElementException: Message: no such element: Unable to locate element: {\"method\":\"xpath\",\"selector\":\"(//a[@class='add-to-cart yellow-btn'])[1]\"}\n  (Session info: chrome-headless-shell=121.0.6167.184); For documentation on this error, please visit: https://www.selenium.dev/documentation/webdriver/troubleshooting/errors#no-such-element-exception\nStacktrace:\n#0 0x5614c8844303 <unknown>\n#1 0x5614c85292b7 <unknown>\n#2 0x5614c8574cc0 <unknown>\n#3 0x5614c8574db1 <unknown>\n#4 0x5614c85b8b44 <unknown>\n#5 0x5614c85973ad <unknown>\n#6 0x5614c85b607c <unknown>\n#7 0x5614c8597123 <unknown>\n#8 0x5614c8567095 <unknown>\n#9 0x5614c856809e <unknown>\n#10 0x5614c88086ab <unknown>\n#11 0x5614c880c4ba <unknown>\n#12 0x5614c87f4f85 <unknown>\n#13 0x5614c880d12f <unknown>\n#14 0x5614c87d8e6f <unknown>\n#15 0x5614c88315f8 <unknown>\n#16 0x5614c88317c2 <unknown>\n#17 0x5614c88434a4 <unknown>\n#18 0x7fd7c217d134 <unknown>","time":{"start":1708391213092,"stop":1708391213428,"duration":336}},{"uid":"e2ba3372e9fd8c67","reportUrl":"https://zaelcovsky.github.io/StroyremAutomation/237//#testresult/e2ba3372e9fd8c67","status":"skipped","statusDetails":"XFAIL Цена стандартной доставки 4450\n\nselenium.common.exceptions.NoSuchElementException: Message: no such element: Unable to locate element: {\"method\":\"xpath\",\"selector\":\"(//a[@class='add-to-cart yellow-btn'])[1]\"}\n  (Session info: chrome-headless-shell=121.0.6167.184); For documentation on this error, please visit: https://www.selenium.dev/documentation/webdriver/troubleshooting/errors#no-such-element-exception\nStacktrace:\n#0 0x55e57c29b303 <unknown>\n#1 0x55e57bf802b7 <unknown>\n#2 0x55e57bfcbcc0 <unknown>\n#3 0x55e57bfcbdb1 <unknown>\n#4 0x55e57c00fb44 <unknown>\n#5 0x55e57bfee3ad <unknown>\n#6 0x55e57c00d07c <unknown>\n#7 0x55e57bfee123 <unknown>\n#8 0x55e57bfbe095 <unknown>\n#9 0x55e57bfbf09e <unknown>\n#10 0x55e57c25f6ab <unknown>\n#11 0x55e57c2634ba <unknown>\n#12 0x55e57c24bf85 <unknown>\n#13 0x55e57c26412f <unknown>\n#14 0x55e57c22fe6f <unknown>\n#15 0x55e57c2885f8 <unknown>\n#16 0x55e57c2887c2 <unknown>\n#17 0x55e57c29a4a4 <unknown>\n#18 0x7f664455c134 <unknown>","time":{"start":1708305020594,"stop":1708305021205,"duration":611}},{"uid":"877f441c4fa5d75a","reportUrl":"https://zaelcovsky.github.io/StroyremAutomation/236//#testresult/877f441c4fa5d75a","status":"skipped","statusDetails":"XFAIL Цена стандартной доставки 4450\n\nselenium.common.exceptions.NoSuchElementException: Message: no such element: Unable to locate element: {\"method\":\"xpath\",\"selector\":\"(//a[@class='add-to-cart yellow-btn'])[1]\"}\n  (Session info: chrome-headless-shell=121.0.6167.184); For documentation on this error, please visit: https://www.selenium.dev/documentation/webdriver/troubleshooting/errors#no-such-element-exception\nStacktrace:\n#0 0x55b273c38303 <unknown>\n#1 0x55b27391d2b7 <unknown>\n#2 0x55b273968cc0 <unknown>\n#3 0x55b273968db1 <unknown>\n#4 0x55b2739acb44 <unknown>\n#5 0x55b27398b3ad <unknown>\n#6 0x55b2739aa07c <unknown>\n#7 0x55b27398b123 <unknown>\n#8 0x55b27395b095 <unknown>\n#9 0x55b27395c09e <unknown>\n#10 0x55b273bfc6ab <unknown>\n#11 0x55b273c004ba <unknown>\n#12 0x55b273be8f85 <unknown>\n#13 0x55b273c0112f <unknown>\n#14 0x55b273bcce6f <unknown>\n#15 0x55b273c255f8 <unknown>\n#16 0x55b273c257c2 <unknown>\n#17 0x55b273c374a4 <unknown>\n#18 0x7f8c69bff134 <unknown>","time":{"start":1708218707633,"stop":1708218707984,"duration":351}},{"uid":"6b9952016a38042c","reportUrl":"https://zaelcovsky.github.io/StroyremAutomation/235//#testresult/6b9952016a38042c","status":"skipped","statusDetails":"XFAIL Цена стандартной доставки 4450\n\nselenium.common.exceptions.NoSuchElementException: Message: no such element: Unable to locate element: {\"method\":\"xpath\",\"selector\":\"(//a[@class='add-to-cart yellow-btn'])[1]\"}\n  (Session info: chrome-headless-shell=121.0.6167.184); For documentation on this error, please visit: https://www.selenium.dev/documentation/webdriver/troubleshooting/errors#no-such-element-exception\nStacktrace:\n#0 0x563772449303 <unknown>\n#1 0x56377212e2b7 <unknown>\n#2 0x563772179cc0 <unknown>\n#3 0x563772179db1 <unknown>\n#4 0x5637721bdb44 <unknown>\n#5 0x56377219c3ad <unknown>\n#6 0x5637721bb07c <unknown>\n#7 0x56377219c123 <unknown>\n#8 0x56377216c095 <unknown>\n#9 0x56377216d09e <unknown>\n#10 0x56377240d6ab <unknown>\n#11 0x5637724114ba <unknown>\n#12 0x5637723f9f85 <unknown>\n#13 0x56377241212f <unknown>\n#14 0x5637723dde6f <unknown>\n#15 0x5637724365f8 <unknown>\n#16 0x5637724367c2 <unknown>\n#17 0x5637724484a4 <unknown>\n#18 0x7fbcce0f7134 <unknown>","time":{"start":1708132003073,"stop":1708132003483,"duration":410}},{"uid":"8fcffb631400696e","reportUrl":"https://zaelcovsky.github.io/StroyremAutomation/234//#testresult/8fcffb631400696e","status":"skipped","statusDetails":"XFAIL Цена стандартной доставки 4450\n\nselenium.common.exceptions.NoSuchElementException: Message: no such element: Unable to locate element: {\"method\":\"xpath\",\"selector\":\"(//a[@class='add-to-cart yellow-btn'])[1]\"}\n  (Session info: chrome-headless-shell=121.0.6167.85); For documentation on this error, please visit: https://www.selenium.dev/documentation/webdriver/troubleshooting/errors#no-such-element-exception\nStacktrace:\n#0 0x55a3ef07bd93 <unknown>\n#1 0x55a3eed5f337 <unknown>\n#2 0x55a3eedaad60 <unknown>\n#3 0x55a3eedaae51 <unknown>\n#4 0x55a3eedeebc4 <unknown>\n#5 0x55a3eedcd46d <unknown>\n#6 0x55a3eedec12d <unknown>\n#7 0x55a3eedcd1e3 <unknown>\n#8 0x55a3eed9d135 <unknown>\n#9 0x55a3eed9e13e <unknown>\n#10 0x55a3ef03fe4b <unknown>\n#11 0x55a3ef043dfa <unknown>\n#12 0x55a3ef02c6d5 <unknown>\n#13 0x55a3ef044a6f <unknown>\n#14 0x55a3ef01069f <unknown>\n#15 0x55a3ef069098 <unknown>\n#16 0x55a3ef069262 <unknown>\n#17 0x55a3ef07af34 <unknown>\n#18 0x7f3396cfc134 <unknown>","time":{"start":1708045650743,"stop":1708045651170,"duration":427}},{"uid":"412fe1ec7ea76d08","reportUrl":"https://zaelcovsky.github.io/StroyremAutomation/233//#testresult/412fe1ec7ea76d08","status":"skipped","statusDetails":"XFAIL Цена стандартной доставки 4450\n\nselenium.common.exceptions.NoSuchElementException: Message: no such element: Unable to locate element: {\"method\":\"xpath\",\"selector\":\"(//a[@class='add-to-cart yellow-btn'])[1]\"}\n  (Session info: chrome-headless-shell=121.0.6167.85); For documentation on this error, please visit: https://www.selenium.dev/documentation/webdriver/troubleshooting/errors#no-such-element-exception\nStacktrace:\n#0 0x5592c05d6d93 <unknown>\n#1 0x5592c02ba337 <unknown>\n#2 0x5592c0305d60 <unknown>\n#3 0x5592c0305e51 <unknown>\n#4 0x5592c0349bc4 <unknown>\n#5 0x5592c032846d <unknown>\n#6 0x5592c034712d <unknown>\n#7 0x5592c03281e3 <unknown>\n#8 0x5592c02f8135 <unknown>\n#9 0x5592c02f913e <unknown>\n#10 0x5592c059ae4b <unknown>\n#11 0x5592c059edfa <unknown>\n#12 0x5592c05876d5 <unknown>\n#13 0x5592c059fa6f <unknown>\n#14 0x5592c056b69f <unknown>\n#15 0x5592c05c4098 <unknown>\n#16 0x5592c05c4262 <unknown>\n#17 0x5592c05d5f34 <unknown>\n#18 0x7f5161da4134 <unknown>","time":{"start":1707959355874,"stop":1707959356274,"duration":400}},{"uid":"1863b83dfe5f22bc","reportUrl":"https://zaelcovsky.github.io/StroyremAutomation/232//#testresult/1863b83dfe5f22bc","status":"skipped","statusDetails":"XFAIL Цена стандартной доставки 4450\n\nselenium.common.exceptions.NoSuchElementException: Message: no such element: Unable to locate element: {\"method\":\"xpath\",\"selector\":\"(//a[@class='add-to-cart yellow-btn'])[1]\"}\n  (Session info: chrome-headless-shell=121.0.6167.85); For documentation on this error, please visit: https://www.selenium.dev/documentation/webdriver/troubleshooting/errors#no-such-element-exception\nStacktrace:\n#0 0x563514f8cd93 <unknown>\n#1 0x563514c70337 <unknown>\n#2 0x563514cbbd60 <unknown>\n#3 0x563514cbbe51 <unknown>\n#4 0x563514cffbc4 <unknown>\n#5 0x563514cde46d <unknown>\n#6 0x563514cfd12d <unknown>\n#7 0x563514cde1e3 <unknown>\n#8 0x563514cae135 <unknown>\n#9 0x563514caf13e <unknown>\n#10 0x563514f50e4b <unknown>\n#11 0x563514f54dfa <unknown>\n#12 0x563514f3d6d5 <unknown>\n#13 0x563514f55a6f <unknown>\n#14 0x563514f2169f <unknown>\n#15 0x563514f7a098 <unknown>\n#16 0x563514f7a262 <unknown>\n#17 0x563514f8bf34 <unknown>\n#18 0x7fb13d1bf134 <unknown>","time":{"start":1707872899804,"stop":1707872900241,"duration":437}},{"uid":"dce04fec8e03e25a","reportUrl":"https://zaelcovsky.github.io/StroyremAutomation/231//#testresult/dce04fec8e03e25a","status":"skipped","statusDetails":"XFAIL Цена стандартной доставки 4450\n\nselenium.common.exceptions.NoSuchElementException: Message: no such element: Unable to locate element: {\"method\":\"xpath\",\"selector\":\"(//a[@class='add-to-cart yellow-btn'])[1]\"}\n  (Session info: chrome-headless-shell=121.0.6167.85); For documentation on this error, please visit: https://www.selenium.dev/documentation/webdriver/troubleshooting/errors#no-such-element-exception\nStacktrace:\n#0 0x5580f8b2ad93 <unknown>\n#1 0x5580f880e337 <unknown>\n#2 0x5580f8859d60 <unknown>\n#3 0x5580f8859e51 <unknown>\n#4 0x5580f889dbc4 <unknown>\n#5 0x5580f887c46d <unknown>\n#6 0x5580f889b12d <unknown>\n#7 0x5580f887c1e3 <unknown>\n#8 0x5580f884c135 <unknown>\n#9 0x5580f884d13e <unknown>\n#10 0x5580f8aeee4b <unknown>\n#11 0x5580f8af2dfa <unknown>\n#12 0x5580f8adb6d5 <unknown>\n#13 0x5580f8af3a6f <unknown>\n#14 0x5580f8abf69f <unknown>\n#15 0x5580f8b18098 <unknown>\n#16 0x5580f8b18262 <unknown>\n#17 0x5580f8b29f34 <unknown>\n#18 0x7f2d2188b134 <unknown>","time":{"start":1707786608242,"stop":1707786608668,"duration":426}},{"uid":"4ade7f73a5239b22","reportUrl":"https://zaelcovsky.github.io/StroyremAutomation/230//#testresult/4ade7f73a5239b22","status":"skipped","statusDetails":"XFAIL Цена стандартной доставки 4450\n\nselenium.common.exceptions.NoSuchElementException: Message: no such element: Unable to locate element: {\"method\":\"xpath\",\"selector\":\"(//a[@class='add-to-cart yellow-btn'])[1]\"}\n  (Session info: chrome-headless-shell=121.0.6167.85); For documentation on this error, please visit: https://www.selenium.dev/documentation/webdriver/troubleshooting/errors#no-such-element-exception\nStacktrace:\n#0 0x563f16557d93 <unknown>\n#1 0x563f1623b337 <unknown>\n#2 0x563f16286d60 <unknown>\n#3 0x563f16286e51 <unknown>\n#4 0x563f162cabc4 <unknown>\n#5 0x563f162a946d <unknown>\n#6 0x563f162c812d <unknown>\n#7 0x563f162a91e3 <unknown>\n#8 0x563f16279135 <unknown>\n#9 0x563f1627a13e <unknown>\n#10 0x563f1651be4b <unknown>\n#11 0x563f1651fdfa <unknown>\n#12 0x563f165086d5 <unknown>\n#13 0x563f16520a6f <unknown>\n#14 0x563f164ec69f <unknown>\n#15 0x563f16545098 <unknown>\n#16 0x563f16545262 <unknown>\n#17 0x563f16556f34 <unknown>\n#18 0x7fd933ddb134 <unknown>","time":{"start":1707700097376,"stop":1707700097803,"duration":427}},{"uid":"d5c75de8fbe7ae01","reportUrl":"https://zaelcovsky.github.io/StroyremAutomation/229//#testresult/d5c75de8fbe7ae01","status":"skipped","statusDetails":"XFAIL Цена стандартной доставки 4450\n\nselenium.common.exceptions.NoSuchElementException: Message: no such element: Unable to locate element: {\"method\":\"xpath\",\"selector\":\"(//a[@class='add-to-cart yellow-btn'])[1]\"}\n  (Session info: chrome-headless-shell=121.0.6167.85); For documentation on this error, please visit: https://www.selenium.dev/documentation/webdriver/troubleshooting/errors#no-such-element-exception\nStacktrace:\n#0 0x55b132530d93 <unknown>\n#1 0x55b132214337 <unknown>\n#2 0x55b13225fd60 <unknown>\n#3 0x55b13225fe51 <unknown>\n#4 0x55b1322a3bc4 <unknown>\n#5 0x55b13228246d <unknown>\n#6 0x55b1322a112d <unknown>\n#7 0x55b1322821e3 <unknown>\n#8 0x55b132252135 <unknown>\n#9 0x55b13225313e <unknown>\n#10 0x55b1324f4e4b <unknown>\n#11 0x55b1324f8dfa <unknown>\n#12 0x55b1324e16d5 <unknown>\n#13 0x55b1324f9a6f <unknown>\n#14 0x55b1324c569f <unknown>\n#15 0x55b13251e098 <unknown>\n#16 0x55b13251e262 <unknown>\n#17 0x55b13252ff34 <unknown>\n#18 0x7f4966a6b134 <unknown>","time":{"start":1707613922410,"stop":1707613922843,"duration":433}},{"uid":"62ae1e8ed6349b1c","reportUrl":"https://zaelcovsky.github.io/StroyremAutomation/228//#testresult/62ae1e8ed6349b1c","status":"skipped","statusDetails":"XFAIL Цена стандартной доставки 4450\n\nselenium.common.exceptions.NoSuchElementException: Message: no such element: Unable to locate element: {\"method\":\"xpath\",\"selector\":\"(//a[@class='add-to-cart yellow-btn'])[1]\"}\n  (Session info: chrome-headless-shell=121.0.6167.85); For documentation on this error, please visit: https://www.selenium.dev/documentation/webdriver/troubleshooting/errors#no-such-element-exception\nStacktrace:\n#0 0x55f1e3eb0d93 <unknown>\n#1 0x55f1e3b94337 <unknown>\n#2 0x55f1e3bdfd60 <unknown>\n#3 0x55f1e3bdfe51 <unknown>\n#4 0x55f1e3c23bc4 <unknown>\n#5 0x55f1e3c0246d <unknown>\n#6 0x55f1e3c2112d <unknown>\n#7 0x55f1e3c021e3 <unknown>\n#8 0x55f1e3bd2135 <unknown>\n#9 0x55f1e3bd313e <unknown>\n#10 0x55f1e3e74e4b <unknown>\n#11 0x55f1e3e78dfa <unknown>\n#12 0x55f1e3e616d5 <unknown>\n#13 0x55f1e3e79a6f <unknown>\n#14 0x55f1e3e4569f <unknown>\n#15 0x55f1e3e9e098 <unknown>\n#16 0x55f1e3e9e262 <unknown>\n#17 0x55f1e3eaff34 <unknown>\n#18 0x7fbc223c4134 <unknown>","time":{"start":1707527131906,"stop":1707527132323,"duration":417}}]},"tags":["smoke","@pytest.mark.xfail(reason='Цена стандартной доставки 4450')"]},"source":"d09d26ffdd0c645c.json","parameterValues":["13480","366","'TD 013'","12450","'products/shtukaturka-gipsovaya-aksolit-m50-30-kg-mashinnogo-naneseniya'","4800","'https://sandboxtest.stroyrem-nn.ru/'","11000"]}