{"uid":"108cfe61472e848","name":"test_positive_delivery_green_zone_smoke[TD 014-products/shtukaturka-gipsovaya-aksolit-m50-30-kg-mashinnogo-naneseniya-666-20000-5400-15600-17490-https://sandboxtest.stroyrem-nn.ru/]","fullName":"tests.delivery.test_delivery_calculation.TestDeliveryPageCalculation#test_positive_delivery_green_zone_smoke","historyId":"8a00d04525a56c855c129c7400b068aa","time":{"start":1701566170615,"stop":1701566174795,"duration":4180},"status":"skipped","statusMessage":"XFAIL Цена стандартной доставки 4450\n\nselenium.common.exceptions.NoSuchElementException: Message: no such element: Unable to locate element: {\"method\":\"xpath\",\"selector\":\"//input[@class='amount']\"}\n  (Session info: headless chrome=119.0.6045.105); For documentation on this error, please visit: https://www.selenium.dev/documentation/webdriver/troubleshooting/errors#no-such-element-exception\nStacktrace:\n#0 0x55c7949305e3 <unknown>\n#1 0x55c7945f30b7 <unknown>\n#2 0x55c794640f53 <unknown>\n#3 0x55c794641051 <unknown>\n#4 0x55c7946869c4 <unknown>\n#5 0x55c794667f1d <unknown>\n#6 0x55c794683b3d <unknown>\n#7 0x55c794667cc3 <unknown>\n#8 0x55c7946330e4 <unknown>\n#9 0x55c7946340ae <unknown>\n#10 0x55c7948f6ce1 <unknown>\n#11 0x55c7948fab7e <unknown>\n#12 0x55c7948e44b5 <unknown>\n#13 0x55c7948fb7d6 <unknown>\n#14 0x55c7948c7dbf <unknown>\n#15 0x55c79491e748 <unknown>\n#16 0x55c79491e917 <unknown>\n#17 0x55c79492f773 <unknown>\n#18 0x7f1648ada044 <unknown>","statusTrace":"self = <tests.delivery.test_delivery_calculation.TestDeliveryPageCalculation object at 0x7f1fa424ed10>\ndriver = <selenium.webdriver.chrome.webdriver.WebDriver (session=\"5c5cf53ba4a768346b888f4fb2db6274\")>\nurl = 'https://sandboxtest.stroyrem-nn.ru/', case_id = 'TD 014'\nlink_item = 'products/shtukaturka-gipsovaya-aksolit-m50-30-kg-mashinnogo-naneseniya'\namount = 666, weight = 20000, standard = 5400, in_time = 15600, all_time = 17490\n\n    @pytest.mark.parametrize('case_id, link_item, amount, weight, standard, in_time, all_time', [\n        (\"TD 001\", uroven_3000, 1, 30, 0, 1590, 2190),\n        (\"TD 002\", bundeks_25, 1, 30, 400, 1590, 2190),\n        (\"TD 003\", aksolit_30, 8, 300, 400, 1590, 2190),\n        (\"TD 004\", aksolit_30, 13, 400, 450, 1590, 2190),\n        (\"TD 005\", aksolit_30, 16, 500, 600, 1590, 2190),\n        (\"TD 006\", aksolit_30, 25, 1700, 990, 1990, 2480),\n        (\"TD 007\", aksolit_30, 66, 2000, 1300, 2490, 2980),\n        (\"TD 008\", aksolit_30, 149, 4500, 2300, 3980, 4490),\n        (\"TD 009\", aksolit_30, 166, 5000, 2500, 4990, 5480),\n        pytest.param(\n            \"TD 010\", aksolit_30, 206, 6200, 2900, 5570, 6120,\n            marks=pytest.mark.xfail(reson=\"Цена доставки 3600 7960 8980\")\n        ),\n        (\"TD 011\", aksolit_30, 299, 9000, 3600, 7960, 8980),\n        (\"TD 012\", aksolit_30, 333, 10000, 4450, 11990, 12500),\n        pytest.param(\n            \"TD 013\", aksolit_30, 366, 11000, 4800, 12450, 13480,\n            marks=pytest.mark.xfail(reason=\"Цена стандартной доставки 4450\")\n        ),\n        pytest.param(\n            \"TD 014\", aksolit_30, 666, 20000, 5400, 15600, 17490,\n            marks=pytest.mark.xfail(reason=\"Цена стандартной доставки 4450\")\n        )\n    ])\n    @pytest.mark.smoke\n    def test_positive_delivery_green_zone_smoke(\n            self, driver, url, case_id, link_item, amount, weight, standard, in_time, all_time\n    ):\n    \n        driver.get(f'{url}{link_item}')\n        item_page = ItemPage(driver)\n>       item_page.add_item_to_cart(amount).click_on_cart()\n\ntests/delivery/test_delivery_calculation.py:49: \n_ _ _ _ _ _ _ _ _ _ _ _ _ _ _ _ _ _ _ _ _ _ _ _ _ _ _ _ _ _ _ _ _ _ _ _ _ _ _ _ \npages/item_page.py:41: in add_item_to_cart\n    amount_field = self.find_element(self._item_amount)\nbase/seleniumbase.py:17: in find_element\n    return self.driver.find_element(*locator)\n/usr/local/lib/python3.11/site-packages/selenium/webdriver/remote/webdriver.py:740: in find_element\n    return self.execute(Command.FIND_ELEMENT, {\"using\": by, \"value\": value})[\"value\"]\n/usr/local/lib/python3.11/site-packages/selenium/webdriver/remote/webdriver.py:346: in execute\n    self.error_handler.check_response(response)\n_ _ _ _ _ _ _ _ _ _ _ _ _ _ _ _ _ _ _ _ _ _ _ _ _ _ _ _ _ _ _ _ _ _ _ _ _ _ _ _ \n\nself = <selenium.webdriver.remote.errorhandler.ErrorHandler object at 0x7f1fa4eeef10>\nresponse = {'status': 404, 'value': '{\"value\":{\"error\":\"no such element\",\"message\":\"no such element: Unable to locate element: {\\...\\\\n#16 0x55c79491e917 \\\\u003Cunknown>\\\\n#17 0x55c79492f773 \\\\u003Cunknown>\\\\n#18 0x7f1648ada044 \\\\u003Cunknown>\\\\n\"}}'}\n\n    def check_response(self, response: Dict[str, Any]) -> None:\n        \"\"\"Checks that a JSON response from the WebDriver does not have an\n        error.\n    \n        :Args:\n         - response - The JSON response from the WebDriver server as a dictionary\n           object.\n    \n        :Raises: If the response contains an error message.\n        \"\"\"\n        status = response.get(\"status\", None)\n        if not status or status == ErrorCode.SUCCESS:\n            return\n        value = None\n        message = response.get(\"message\", \"\")\n        screen: str = response.get(\"screen\", \"\")\n        stacktrace = None\n        if isinstance(status, int):\n            value_json = response.get(\"value\", None)\n            if value_json and isinstance(value_json, str):\n                import json\n    \n                try:\n                    value = json.loads(value_json)\n                    if len(value) == 1:\n                        value = value[\"value\"]\n                    status = value.get(\"error\", None)\n                    if not status:\n                        status = value.get(\"status\", ErrorCode.UNKNOWN_ERROR)\n                        message = value.get(\"value\") or value.get(\"message\")\n                        if not isinstance(message, str):\n                            value = message\n                            message = message.get(\"message\")\n                    else:\n                        message = value.get(\"message\", None)\n                except ValueError:\n                    pass\n    \n        exception_class: Type[WebDriverException]\n        if status in ErrorCode.NO_SUCH_ELEMENT:\n            exception_class = NoSuchElementException\n        elif status in ErrorCode.NO_SUCH_FRAME:\n            exception_class = NoSuchFrameException\n        elif status in ErrorCode.NO_SUCH_SHADOW_ROOT:\n            exception_class = NoSuchShadowRootException\n        elif status in ErrorCode.NO_SUCH_WINDOW:\n            exception_class = NoSuchWindowException\n        elif status in ErrorCode.STALE_ELEMENT_REFERENCE:\n            exception_class = StaleElementReferenceException\n        elif status in ErrorCode.ELEMENT_NOT_VISIBLE:\n            exception_class = ElementNotVisibleException\n        elif status in ErrorCode.INVALID_ELEMENT_STATE:\n            exception_class = InvalidElementStateException\n        elif (\n            status in ErrorCode.INVALID_SELECTOR\n            or status in ErrorCode.INVALID_XPATH_SELECTOR\n            or status in ErrorCode.INVALID_XPATH_SELECTOR_RETURN_TYPER\n        ):\n            exception_class = InvalidSelectorException\n        elif status in ErrorCode.ELEMENT_IS_NOT_SELECTABLE:\n            exception_class = ElementNotSelectableException\n        elif status in ErrorCode.ELEMENT_NOT_INTERACTABLE:\n            exception_class = ElementNotInteractableException\n        elif status in ErrorCode.INVALID_COOKIE_DOMAIN:\n            exception_class = InvalidCookieDomainException\n        elif status in ErrorCode.UNABLE_TO_SET_COOKIE:\n            exception_class = UnableToSetCookieException\n        elif status in ErrorCode.TIMEOUT:\n            exception_class = TimeoutException\n        elif status in ErrorCode.SCRIPT_TIMEOUT:\n            exception_class = TimeoutException\n        elif status in ErrorCode.UNKNOWN_ERROR:\n            exception_class = WebDriverException\n        elif status in ErrorCode.UNEXPECTED_ALERT_OPEN:\n            exception_class = UnexpectedAlertPresentException\n        elif status in ErrorCode.NO_ALERT_OPEN:\n            exception_class = NoAlertPresentException\n        elif status in ErrorCode.IME_NOT_AVAILABLE:\n            exception_class = ImeNotAvailableException\n        elif status in ErrorCode.IME_ENGINE_ACTIVATION_FAILED:\n            exception_class = ImeActivationFailedException\n        elif status in ErrorCode.MOVE_TARGET_OUT_OF_BOUNDS:\n            exception_class = MoveTargetOutOfBoundsException\n        elif status in ErrorCode.JAVASCRIPT_ERROR:\n            exception_class = JavascriptException\n        elif status in ErrorCode.SESSION_NOT_CREATED:\n            exception_class = SessionNotCreatedException\n        elif status in ErrorCode.INVALID_ARGUMENT:\n            exception_class = InvalidArgumentException\n        elif status in ErrorCode.NO_SUCH_COOKIE:\n            exception_class = NoSuchCookieException\n        elif status in ErrorCode.UNABLE_TO_CAPTURE_SCREEN:\n            exception_class = ScreenshotException\n        elif status in ErrorCode.ELEMENT_CLICK_INTERCEPTED:\n            exception_class = ElementClickInterceptedException\n        elif status in ErrorCode.INSECURE_CERTIFICATE:\n            exception_class = InsecureCertificateException\n        elif status in ErrorCode.INVALID_COORDINATES:\n            exception_class = InvalidCoordinatesException\n        elif status in ErrorCode.INVALID_SESSION_ID:\n            exception_class = InvalidSessionIdException\n        elif status in ErrorCode.UNKNOWN_METHOD:\n            exception_class = UnknownMethodException\n        else:\n            exception_class = WebDriverException\n        if not value:\n            value = response[\"value\"]\n        if isinstance(value, str):\n            raise exception_class(value)\n        if message == \"\" and \"message\" in value:\n            message = value[\"message\"]\n    \n        screen = None  # type: ignore[assignment]\n        if \"screen\" in value:\n            screen = value[\"screen\"]\n    \n        stacktrace = None\n        st_value = value.get(\"stackTrace\") or value.get(\"stacktrace\")\n        if st_value:\n            if isinstance(st_value, str):\n                stacktrace = st_value.split(\"\\n\")\n            else:\n                stacktrace = []\n                try:\n                    for frame in st_value:\n                        line = frame.get(\"lineNumber\", \"\")\n                        file = frame.get(\"fileName\", \"<anonymous>\")\n                        if line:\n                            file = f\"{file}:{line}\"\n                        meth = frame.get(\"methodName\", \"<anonymous>\")\n                        if \"className\" in frame:\n                            meth = f\"{frame['className']}.{meth}\"\n                        msg = \"    at %s (%s)\"\n                        msg = msg % (meth, file)\n                        stacktrace.append(msg)\n                except TypeError:\n                    pass\n        if exception_class == UnexpectedAlertPresentException:\n            alert_text = None\n            if \"data\" in value:\n                alert_text = value[\"data\"].get(\"text\")\n            elif \"alert\" in value:\n                alert_text = value[\"alert\"].get(\"text\")\n            raise exception_class(message, screen, stacktrace, alert_text)  # type: ignore[call-arg]  # mypy is not smart enough here\n>       raise exception_class(message, screen, stacktrace)\nE       selenium.common.exceptions.NoSuchElementException: Message: no such element: Unable to locate element: {\"method\":\"xpath\",\"selector\":\"//input[@class='amount']\"}\nE         (Session info: headless chrome=119.0.6045.105); For documentation on this error, please visit: https://www.selenium.dev/documentation/webdriver/troubleshooting/errors#no-such-element-exception\nE       Stacktrace:\nE       #0 0x55c7949305e3 <unknown>\nE       #1 0x55c7945f30b7 <unknown>\nE       #2 0x55c794640f53 <unknown>\nE       #3 0x55c794641051 <unknown>\nE       #4 0x55c7946869c4 <unknown>\nE       #5 0x55c794667f1d <unknown>\nE       #6 0x55c794683b3d <unknown>\nE       #7 0x55c794667cc3 <unknown>\nE       #8 0x55c7946330e4 <unknown>\nE       #9 0x55c7946340ae <unknown>\nE       #10 0x55c7948f6ce1 <unknown>\nE       #11 0x55c7948fab7e <unknown>\nE       #12 0x55c7948e44b5 <unknown>\nE       #13 0x55c7948fb7d6 <unknown>\nE       #14 0x55c7948c7dbf <unknown>\nE       #15 0x55c79491e748 <unknown>\nE       #16 0x55c79491e917 <unknown>\nE       #17 0x55c79492f773 <unknown>\nE       #18 0x7f1648ada044 <unknown>\n\n/usr/local/lib/python3.11/site-packages/selenium/webdriver/remote/errorhandler.py:245: NoSuchElementException","flaky":false,"newFailed":false,"newBroken":false,"newPassed":false,"retriesCount":0,"retriesStatusChange":false,"beforeStages":[{"name":"_session_faker","time":{"start":1701565668732,"stop":1701565668804,"duration":72},"status":"passed","steps":[],"attachments":[],"parameters":[],"shouldDisplayMessage":false,"stepsCount":0,"attachmentsCount":0,"hasContent":false},{"name":"clear_allure_results_folder","time":{"start":1701565668804,"stop":1701565668804,"duration":0},"status":"passed","steps":[],"attachments":[],"parameters":[],"shouldDisplayMessage":false,"stepsCount":0,"attachmentsCount":0,"hasContent":false},{"name":"driver","time":{"start":1701566169841,"stop":1701566170614,"duration":773},"status":"passed","steps":[],"attachments":[],"parameters":[],"shouldDisplayMessage":false,"stepsCount":0,"attachmentsCount":0,"hasContent":false},{"name":"setup","time":{"start":1701566170614,"stop":1701566170614,"duration":0},"status":"passed","steps":[],"attachments":[],"parameters":[],"shouldDisplayMessage":false,"stepsCount":0,"attachmentsCount":0,"hasContent":false}],"testStage":{"status":"skipped","statusMessage":"XFAIL Цена стандартной доставки 4450\n\nselenium.common.exceptions.NoSuchElementException: Message: no such element: Unable to locate element: {\"method\":\"xpath\",\"selector\":\"//input[@class='amount']\"}\n  (Session info: headless chrome=119.0.6045.105); For documentation on this error, please visit: https://www.selenium.dev/documentation/webdriver/troubleshooting/errors#no-such-element-exception\nStacktrace:\n#0 0x55c7949305e3 <unknown>\n#1 0x55c7945f30b7 <unknown>\n#2 0x55c794640f53 <unknown>\n#3 0x55c794641051 <unknown>\n#4 0x55c7946869c4 <unknown>\n#5 0x55c794667f1d <unknown>\n#6 0x55c794683b3d <unknown>\n#7 0x55c794667cc3 <unknown>\n#8 0x55c7946330e4 <unknown>\n#9 0x55c7946340ae <unknown>\n#10 0x55c7948f6ce1 <unknown>\n#11 0x55c7948fab7e <unknown>\n#12 0x55c7948e44b5 <unknown>\n#13 0x55c7948fb7d6 <unknown>\n#14 0x55c7948c7dbf <unknown>\n#15 0x55c79491e748 <unknown>\n#16 0x55c79491e917 <unknown>\n#17 0x55c79492f773 <unknown>\n#18 0x7f1648ada044 <unknown>","statusTrace":"self = <tests.delivery.test_delivery_calculation.TestDeliveryPageCalculation object at 0x7f1fa424ed10>\ndriver = <selenium.webdriver.chrome.webdriver.WebDriver (session=\"5c5cf53ba4a768346b888f4fb2db6274\")>\nurl = 'https://sandboxtest.stroyrem-nn.ru/', case_id = 'TD 014'\nlink_item = 'products/shtukaturka-gipsovaya-aksolit-m50-30-kg-mashinnogo-naneseniya'\namount = 666, weight = 20000, standard = 5400, in_time = 15600, all_time = 17490\n\n    @pytest.mark.parametrize('case_id, link_item, amount, weight, standard, in_time, all_time', [\n        (\"TD 001\", uroven_3000, 1, 30, 0, 1590, 2190),\n        (\"TD 002\", bundeks_25, 1, 30, 400, 1590, 2190),\n        (\"TD 003\", aksolit_30, 8, 300, 400, 1590, 2190),\n        (\"TD 004\", aksolit_30, 13, 400, 450, 1590, 2190),\n        (\"TD 005\", aksolit_30, 16, 500, 600, 1590, 2190),\n        (\"TD 006\", aksolit_30, 25, 1700, 990, 1990, 2480),\n        (\"TD 007\", aksolit_30, 66, 2000, 1300, 2490, 2980),\n        (\"TD 008\", aksolit_30, 149, 4500, 2300, 3980, 4490),\n        (\"TD 009\", aksolit_30, 166, 5000, 2500, 4990, 5480),\n        pytest.param(\n            \"TD 010\", aksolit_30, 206, 6200, 2900, 5570, 6120,\n            marks=pytest.mark.xfail(reson=\"Цена доставки 3600 7960 8980\")\n        ),\n        (\"TD 011\", aksolit_30, 299, 9000, 3600, 7960, 8980),\n        (\"TD 012\", aksolit_30, 333, 10000, 4450, 11990, 12500),\n        pytest.param(\n            \"TD 013\", aksolit_30, 366, 11000, 4800, 12450, 13480,\n            marks=pytest.mark.xfail(reason=\"Цена стандартной доставки 4450\")\n        ),\n        pytest.param(\n            \"TD 014\", aksolit_30, 666, 20000, 5400, 15600, 17490,\n            marks=pytest.mark.xfail(reason=\"Цена стандартной доставки 4450\")\n        )\n    ])\n    @pytest.mark.smoke\n    def test_positive_delivery_green_zone_smoke(\n            self, driver, url, case_id, link_item, amount, weight, standard, in_time, all_time\n    ):\n    \n        driver.get(f'{url}{link_item}')\n        item_page = ItemPage(driver)\n>       item_page.add_item_to_cart(amount).click_on_cart()\n\ntests/delivery/test_delivery_calculation.py:49: \n_ _ _ _ _ _ _ _ _ _ _ _ _ _ _ _ _ _ _ _ _ _ _ _ _ _ _ _ _ _ _ _ _ _ _ _ _ _ _ _ \npages/item_page.py:41: in add_item_to_cart\n    amount_field = self.find_element(self._item_amount)\nbase/seleniumbase.py:17: in find_element\n    return self.driver.find_element(*locator)\n/usr/local/lib/python3.11/site-packages/selenium/webdriver/remote/webdriver.py:740: in find_element\n    return self.execute(Command.FIND_ELEMENT, {\"using\": by, \"value\": value})[\"value\"]\n/usr/local/lib/python3.11/site-packages/selenium/webdriver/remote/webdriver.py:346: in execute\n    self.error_handler.check_response(response)\n_ _ _ _ _ _ _ _ _ _ _ _ _ _ _ _ _ _ _ _ _ _ _ _ _ _ _ _ _ _ _ _ _ _ _ _ _ _ _ _ \n\nself = <selenium.webdriver.remote.errorhandler.ErrorHandler object at 0x7f1fa4eeef10>\nresponse = {'status': 404, 'value': '{\"value\":{\"error\":\"no such element\",\"message\":\"no such element: Unable to locate element: {\\...\\\\n#16 0x55c79491e917 \\\\u003Cunknown>\\\\n#17 0x55c79492f773 \\\\u003Cunknown>\\\\n#18 0x7f1648ada044 \\\\u003Cunknown>\\\\n\"}}'}\n\n    def check_response(self, response: Dict[str, Any]) -> None:\n        \"\"\"Checks that a JSON response from the WebDriver does not have an\n        error.\n    \n        :Args:\n         - response - The JSON response from the WebDriver server as a dictionary\n           object.\n    \n        :Raises: If the response contains an error message.\n        \"\"\"\n        status = response.get(\"status\", None)\n        if not status or status == ErrorCode.SUCCESS:\n            return\n        value = None\n        message = response.get(\"message\", \"\")\n        screen: str = response.get(\"screen\", \"\")\n        stacktrace = None\n        if isinstance(status, int):\n            value_json = response.get(\"value\", None)\n            if value_json and isinstance(value_json, str):\n                import json\n    \n                try:\n                    value = json.loads(value_json)\n                    if len(value) == 1:\n                        value = value[\"value\"]\n                    status = value.get(\"error\", None)\n                    if not status:\n                        status = value.get(\"status\", ErrorCode.UNKNOWN_ERROR)\n                        message = value.get(\"value\") or value.get(\"message\")\n                        if not isinstance(message, str):\n                            value = message\n                            message = message.get(\"message\")\n                    else:\n                        message = value.get(\"message\", None)\n                except ValueError:\n                    pass\n    \n        exception_class: Type[WebDriverException]\n        if status in ErrorCode.NO_SUCH_ELEMENT:\n            exception_class = NoSuchElementException\n        elif status in ErrorCode.NO_SUCH_FRAME:\n            exception_class = NoSuchFrameException\n        elif status in ErrorCode.NO_SUCH_SHADOW_ROOT:\n            exception_class = NoSuchShadowRootException\n        elif status in ErrorCode.NO_SUCH_WINDOW:\n            exception_class = NoSuchWindowException\n        elif status in ErrorCode.STALE_ELEMENT_REFERENCE:\n            exception_class = StaleElementReferenceException\n        elif status in ErrorCode.ELEMENT_NOT_VISIBLE:\n            exception_class = ElementNotVisibleException\n        elif status in ErrorCode.INVALID_ELEMENT_STATE:\n            exception_class = InvalidElementStateException\n        elif (\n            status in ErrorCode.INVALID_SELECTOR\n            or status in ErrorCode.INVALID_XPATH_SELECTOR\n            or status in ErrorCode.INVALID_XPATH_SELECTOR_RETURN_TYPER\n        ):\n            exception_class = InvalidSelectorException\n        elif status in ErrorCode.ELEMENT_IS_NOT_SELECTABLE:\n            exception_class = ElementNotSelectableException\n        elif status in ErrorCode.ELEMENT_NOT_INTERACTABLE:\n            exception_class = ElementNotInteractableException\n        elif status in ErrorCode.INVALID_COOKIE_DOMAIN:\n            exception_class = InvalidCookieDomainException\n        elif status in ErrorCode.UNABLE_TO_SET_COOKIE:\n            exception_class = UnableToSetCookieException\n        elif status in ErrorCode.TIMEOUT:\n            exception_class = TimeoutException\n        elif status in ErrorCode.SCRIPT_TIMEOUT:\n            exception_class = TimeoutException\n        elif status in ErrorCode.UNKNOWN_ERROR:\n            exception_class = WebDriverException\n        elif status in ErrorCode.UNEXPECTED_ALERT_OPEN:\n            exception_class = UnexpectedAlertPresentException\n        elif status in ErrorCode.NO_ALERT_OPEN:\n            exception_class = NoAlertPresentException\n        elif status in ErrorCode.IME_NOT_AVAILABLE:\n            exception_class = ImeNotAvailableException\n        elif status in ErrorCode.IME_ENGINE_ACTIVATION_FAILED:\n            exception_class = ImeActivationFailedException\n        elif status in ErrorCode.MOVE_TARGET_OUT_OF_BOUNDS:\n            exception_class = MoveTargetOutOfBoundsException\n        elif status in ErrorCode.JAVASCRIPT_ERROR:\n            exception_class = JavascriptException\n        elif status in ErrorCode.SESSION_NOT_CREATED:\n            exception_class = SessionNotCreatedException\n        elif status in ErrorCode.INVALID_ARGUMENT:\n            exception_class = InvalidArgumentException\n        elif status in ErrorCode.NO_SUCH_COOKIE:\n            exception_class = NoSuchCookieException\n        elif status in ErrorCode.UNABLE_TO_CAPTURE_SCREEN:\n            exception_class = ScreenshotException\n        elif status in ErrorCode.ELEMENT_CLICK_INTERCEPTED:\n            exception_class = ElementClickInterceptedException\n        elif status in ErrorCode.INSECURE_CERTIFICATE:\n            exception_class = InsecureCertificateException\n        elif status in ErrorCode.INVALID_COORDINATES:\n            exception_class = InvalidCoordinatesException\n        elif status in ErrorCode.INVALID_SESSION_ID:\n            exception_class = InvalidSessionIdException\n        elif status in ErrorCode.UNKNOWN_METHOD:\n            exception_class = UnknownMethodException\n        else:\n            exception_class = WebDriverException\n        if not value:\n            value = response[\"value\"]\n        if isinstance(value, str):\n            raise exception_class(value)\n        if message == \"\" and \"message\" in value:\n            message = value[\"message\"]\n    \n        screen = None  # type: ignore[assignment]\n        if \"screen\" in value:\n            screen = value[\"screen\"]\n    \n        stacktrace = None\n        st_value = value.get(\"stackTrace\") or value.get(\"stacktrace\")\n        if st_value:\n            if isinstance(st_value, str):\n                stacktrace = st_value.split(\"\\n\")\n            else:\n                stacktrace = []\n                try:\n                    for frame in st_value:\n                        line = frame.get(\"lineNumber\", \"\")\n                        file = frame.get(\"fileName\", \"<anonymous>\")\n                        if line:\n                            file = f\"{file}:{line}\"\n                        meth = frame.get(\"methodName\", \"<anonymous>\")\n                        if \"className\" in frame:\n                            meth = f\"{frame['className']}.{meth}\"\n                        msg = \"    at %s (%s)\"\n                        msg = msg % (meth, file)\n                        stacktrace.append(msg)\n                except TypeError:\n                    pass\n        if exception_class == UnexpectedAlertPresentException:\n            alert_text = None\n            if \"data\" in value:\n                alert_text = value[\"data\"].get(\"text\")\n            elif \"alert\" in value:\n                alert_text = value[\"alert\"].get(\"text\")\n            raise exception_class(message, screen, stacktrace, alert_text)  # type: ignore[call-arg]  # mypy is not smart enough here\n>       raise exception_class(message, screen, stacktrace)\nE       selenium.common.exceptions.NoSuchElementException: Message: no such element: Unable to locate element: {\"method\":\"xpath\",\"selector\":\"//input[@class='amount']\"}\nE         (Session info: headless chrome=119.0.6045.105); For documentation on this error, please visit: https://www.selenium.dev/documentation/webdriver/troubleshooting/errors#no-such-element-exception\nE       Stacktrace:\nE       #0 0x55c7949305e3 <unknown>\nE       #1 0x55c7945f30b7 <unknown>\nE       #2 0x55c794640f53 <unknown>\nE       #3 0x55c794641051 <unknown>\nE       #4 0x55c7946869c4 <unknown>\nE       #5 0x55c794667f1d <unknown>\nE       #6 0x55c794683b3d <unknown>\nE       #7 0x55c794667cc3 <unknown>\nE       #8 0x55c7946330e4 <unknown>\nE       #9 0x55c7946340ae <unknown>\nE       #10 0x55c7948f6ce1 <unknown>\nE       #11 0x55c7948fab7e <unknown>\nE       #12 0x55c7948e44b5 <unknown>\nE       #13 0x55c7948fb7d6 <unknown>\nE       #14 0x55c7948c7dbf <unknown>\nE       #15 0x55c79491e748 <unknown>\nE       #16 0x55c79491e917 <unknown>\nE       #17 0x55c79492f773 <unknown>\nE       #18 0x7f1648ada044 <unknown>\n\n/usr/local/lib/python3.11/site-packages/selenium/webdriver/remote/errorhandler.py:245: NoSuchElementException","steps":[{"name":"Добавляем товар в корзину в количестве 666","time":{"start":1701566174737,"stop":1701566174794,"duration":57},"status":"broken","statusMessage":"selenium.common.exceptions.NoSuchElementException: Message: no such element: Unable to locate element: {\"method\":\"xpath\",\"selector\":\"//input[@class='amount']\"}\n  (Session info: headless chrome=119.0.6045.105); For documentation on this error, please visit: https://www.selenium.dev/documentation/webdriver/troubleshooting/errors#no-such-element-exception\nStacktrace:\n#0 0x55c7949305e3 <unknown>\n#1 0x55c7945f30b7 <unknown>\n#2 0x55c794640f53 <unknown>\n#3 0x55c794641051 <unknown>\n#4 0x55c7946869c4 <unknown>\n#5 0x55c794667f1d <unknown>\n#6 0x55c794683b3d <unknown>\n#7 0x55c794667cc3 <unknown>\n#8 0x55c7946330e4 <unknown>\n#9 0x55c7946340ae <unknown>\n#10 0x55c7948f6ce1 <unknown>\n#11 0x55c7948fab7e <unknown>\n#12 0x55c7948e44b5 <unknown>\n#13 0x55c7948fb7d6 <unknown>\n#14 0x55c7948c7dbf <unknown>\n#15 0x55c79491e748 <unknown>\n#16 0x55c79491e917 <unknown>\n#17 0x55c79492f773 <unknown>\n#18 0x7f1648ada044 <unknown>\n\n","statusTrace":"  File \"/usr/local/lib/python3.11/site-packages/allure_commons/_allure.py\", line 192, in impl\n    return func(*a, **kw)\n           ^^^^^^^^^^^^^^\n  File \"/app/pages/item_page.py\", line 41, in add_item_to_cart\n    amount_field = self.find_element(self._item_amount)\n                   ^^^^^^^^^^^^^^^^^^^^^^^^^^^^^^^^^^^^\n  File \"/app/base/seleniumbase.py\", line 17, in find_element\n    return self.driver.find_element(*locator)\n           ^^^^^^^^^^^^^^^^^^^^^^^^^^^^^^^^^^\n  File \"/usr/local/lib/python3.11/site-packages/selenium/webdriver/remote/webdriver.py\", line 740, in find_element\n    return self.execute(Command.FIND_ELEMENT, {\"using\": by, \"value\": value})[\"value\"]\n           ^^^^^^^^^^^^^^^^^^^^^^^^^^^^^^^^^^^^^^^^^^^^^^^^^^^^^^^^^^^^^^^^^\n  File \"/usr/local/lib/python3.11/site-packages/selenium/webdriver/remote/webdriver.py\", line 346, in execute\n    self.error_handler.check_response(response)\n  File \"/usr/local/lib/python3.11/site-packages/selenium/webdriver/remote/errorhandler.py\", line 245, in check_response\n    raise exception_class(message, screen, stacktrace)\n","steps":[],"attachments":[],"parameters":[{"name":"amount","value":"666"}],"shouldDisplayMessage":true,"stepsCount":0,"attachmentsCount":0,"hasContent":true}],"attachments":[{"uid":"a7a3c88f485a4244","name":"Screenshot","source":"a7a3c88f485a4244.png","type":"image/png","size":115178},{"uid":"4b75b182d11bcb91","name":"HTML source","source":"4b75b182d11bcb91.html","type":"text/html","size":303988}],"parameters":[],"shouldDisplayMessage":true,"stepsCount":1,"attachmentsCount":2,"hasContent":true},"afterStages":[{"name":"driver::0","time":{"start":1701566174947,"stop":1701566175007,"duration":60},"status":"passed","steps":[],"attachments":[],"parameters":[],"shouldDisplayMessage":false,"stepsCount":0,"attachmentsCount":0,"hasContent":false},{"name":"setup::0","time":{"start":1701566174947,"stop":1701566174947,"duration":0},"status":"passed","steps":[],"attachments":[],"parameters":[],"shouldDisplayMessage":false,"stepsCount":0,"attachmentsCount":0,"hasContent":false}],"labels":[{"name":"epic","value":"Delivery Page - calculation"},{"name":"tag","value":"smoke"},{"name":"tag","value":"@pytest.mark.xfail(reason='Цена стандартной доставки 4450')"},{"name":"parentSuite","value":"tests.delivery"},{"name":"suite","value":"test_delivery_calculation"},{"name":"subSuite","value":"TestDeliveryPageCalculation"},{"name":"host","value":"2afc3b87af7c"},{"name":"thread","value":"1-MainThread"},{"name":"framework","value":"pytest"},{"name":"language","value":"cpython3"},{"name":"package","value":"tests.delivery.test_delivery_calculation"},{"name":"resultFormat","value":"allure2"}],"parameters":[{"name":"all_time","value":"17490"},{"name":"amount","value":"666"},{"name":"case_id","value":"'TD 014'"},{"name":"in_time","value":"15600"},{"name":"link_item","value":"'products/shtukaturka-gipsovaya-aksolit-m50-30-kg-mashinnogo-naneseniya'"},{"name":"standard","value":"5400"},{"name":"url","value":"'https://sandboxtest.stroyrem-nn.ru/'"},{"name":"weight","value":"20000"}],"links":[],"hidden":false,"retry":false,"extra":{"severity":"normal","retries":[],"categories":[],"history":{"statistic":{"failed":0,"broken":0,"skipped":95,"passed":0,"unknown":0,"total":95},"items":[{"uid":"7b1825f5ff03e458","reportUrl":"https://zaelcovsky.github.io/StroyremAutomation/158//#testresult/7b1825f5ff03e458","status":"skipped","statusDetails":"XFAIL Цена стандартной доставки 4450\n\nselenium.common.exceptions.NoSuchElementException: Message: no such element: Unable to locate element: {\"method\":\"xpath\",\"selector\":\"//input[@class='amount']\"}\n  (Session info: headless chrome=119.0.6045.105); For documentation on this error, please visit: https://www.selenium.dev/documentation/webdriver/troubleshooting/errors#no-such-element-exception\nStacktrace:\n#0 0x55f6f2d545e3 <unknown>\n#1 0x55f6f2a170b7 <unknown>\n#2 0x55f6f2a64f53 <unknown>\n#3 0x55f6f2a65051 <unknown>\n#4 0x55f6f2aaa9c4 <unknown>\n#5 0x55f6f2a8bf1d <unknown>\n#6 0x55f6f2aa7b3d <unknown>\n#7 0x55f6f2a8bcc3 <unknown>\n#8 0x55f6f2a570e4 <unknown>\n#9 0x55f6f2a580ae <unknown>\n#10 0x55f6f2d1ace1 <unknown>\n#11 0x55f6f2d1eb7e <unknown>\n#12 0x55f6f2d084b5 <unknown>\n#13 0x55f6f2d1f7d6 <unknown>\n#14 0x55f6f2cebdbf <unknown>\n#15 0x55f6f2d42748 <unknown>\n#16 0x55f6f2d42917 <unknown>\n#17 0x55f6f2d53773 <unknown>\n#18 0x7f6b7a1fe044 <unknown>","time":{"start":1701479427404,"stop":1701479431856,"duration":4452}},{"uid":"4bb6013a0ba37d88","reportUrl":"https://zaelcovsky.github.io/StroyremAutomation/157//#testresult/4bb6013a0ba37d88","status":"skipped","statusDetails":"XFAIL Цена стандартной доставки 4450\n\nselenium.common.exceptions.NoSuchElementException: Message: no such element: Unable to locate element: {\"method\":\"xpath\",\"selector\":\"//input[@class='amount']\"}\n  (Session info: headless chrome=119.0.6045.105); For documentation on this error, please visit: https://www.selenium.dev/documentation/webdriver/troubleshooting/errors#no-such-element-exception\nStacktrace:\n#0 0x55b46a7f55e3 <unknown>\n#1 0x55b46a4b80b7 <unknown>\n#2 0x55b46a505f53 <unknown>\n#3 0x55b46a506051 <unknown>\n#4 0x55b46a54b9c4 <unknown>\n#5 0x55b46a52cf1d <unknown>\n#6 0x55b46a548b3d <unknown>\n#7 0x55b46a52ccc3 <unknown>\n#8 0x55b46a4f80e4 <unknown>\n#9 0x55b46a4f90ae <unknown>\n#10 0x55b46a7bbce1 <unknown>\n#11 0x55b46a7bfb7e <unknown>\n#12 0x55b46a7a94b5 <unknown>\n#13 0x55b46a7c07d6 <unknown>\n#14 0x55b46a78cdbf <unknown>\n#15 0x55b46a7e3748 <unknown>\n#16 0x55b46a7e3917 <unknown>\n#17 0x55b46a7f4773 <unknown>\n#18 0x7f1409c08044 <unknown>","time":{"start":1701393564687,"stop":1701393569646,"duration":4959}},{"uid":"24fda26bf989febe","reportUrl":"https://zaelcovsky.github.io/StroyremAutomation/156//#testresult/24fda26bf989febe","status":"skipped","statusDetails":"XFAIL Цена стандартной доставки 4450\n\nselenium.common.exceptions.NoSuchElementException: Message: no such element: Unable to locate element: {\"method\":\"xpath\",\"selector\":\"//input[@class='amount']\"}\n  (Session info: headless chrome=119.0.6045.105); For documentation on this error, please visit: https://www.selenium.dev/documentation/webdriver/troubleshooting/errors#no-such-element-exception\nStacktrace:\n#0 0x5651f56d35e3 <unknown>\n#1 0x5651f53960b7 <unknown>\n#2 0x5651f53e3f53 <unknown>\n#3 0x5651f53e4051 <unknown>\n#4 0x5651f54299c4 <unknown>\n#5 0x5651f540af1d <unknown>\n#6 0x5651f5426b3d <unknown>\n#7 0x5651f540acc3 <unknown>\n#8 0x5651f53d60e4 <unknown>\n#9 0x5651f53d70ae <unknown>\n#10 0x5651f5699ce1 <unknown>\n#11 0x5651f569db7e <unknown>\n#12 0x5651f56874b5 <unknown>\n#13 0x5651f569e7d6 <unknown>\n#14 0x5651f566adbf <unknown>\n#15 0x5651f56c1748 <unknown>\n#16 0x5651f56c1917 <unknown>\n#17 0x5651f56d2773 <unknown>\n#18 0x7f1ea7909044 <unknown>","time":{"start":1701306717493,"stop":1701306721240,"duration":3747}},{"uid":"4e938a503bc144f7","reportUrl":"https://zaelcovsky.github.io/StroyremAutomation/155//#testresult/4e938a503bc144f7","status":"skipped","statusDetails":"XFAIL Цена стандартной доставки 4450\n\nselenium.common.exceptions.NoSuchElementException: Message: no such element: Unable to locate element: {\"method\":\"xpath\",\"selector\":\"//input[@class='amount']\"}\n  (Session info: headless chrome=119.0.6045.105); For documentation on this error, please visit: https://www.selenium.dev/documentation/webdriver/troubleshooting/errors#no-such-element-exception\nStacktrace:\n#0 0x562ab3f795e3 <unknown>\n#1 0x562ab3c3c0b7 <unknown>\n#2 0x562ab3c89f53 <unknown>\n#3 0x562ab3c8a051 <unknown>\n#4 0x562ab3ccf9c4 <unknown>\n#5 0x562ab3cb0f1d <unknown>\n#6 0x562ab3cccb3d <unknown>\n#7 0x562ab3cb0cc3 <unknown>\n#8 0x562ab3c7c0e4 <unknown>\n#9 0x562ab3c7d0ae <unknown>\n#10 0x562ab3f3fce1 <unknown>\n#11 0x562ab3f43b7e <unknown>\n#12 0x562ab3f2d4b5 <unknown>\n#13 0x562ab3f447d6 <unknown>\n#14 0x562ab3f10dbf <unknown>\n#15 0x562ab3f67748 <unknown>\n#16 0x562ab3f67917 <unknown>\n#17 0x562ab3f78773 <unknown>\n#18 0x7f4218fd1044 <unknown>","time":{"start":1701220335334,"stop":1701220338947,"duration":3613}},{"uid":"d21ffdeec368bf2a","reportUrl":"https://zaelcovsky.github.io/StroyremAutomation/154//#testresult/d21ffdeec368bf2a","status":"skipped","statusDetails":"XFAIL Цена стандартной доставки 4450\n\nselenium.common.exceptions.NoSuchElementException: Message: no such element: Unable to locate element: {\"method\":\"xpath\",\"selector\":\"//input[@class='amount']\"}\n  (Session info: headless chrome=119.0.6045.105); For documentation on this error, please visit: https://www.selenium.dev/documentation/webdriver/troubleshooting/errors#no-such-element-exception\nStacktrace:\n#0 0x558c58e8f5e3 <unknown>\n#1 0x558c58b520b7 <unknown>\n#2 0x558c58b9ff53 <unknown>\n#3 0x558c58ba0051 <unknown>\n#4 0x558c58be59c4 <unknown>\n#5 0x558c58bc6f1d <unknown>\n#6 0x558c58be2b3d <unknown>\n#7 0x558c58bc6cc3 <unknown>\n#8 0x558c58b920e4 <unknown>\n#9 0x558c58b930ae <unknown>\n#10 0x558c58e55ce1 <unknown>\n#11 0x558c58e59b7e <unknown>\n#12 0x558c58e434b5 <unknown>\n#13 0x558c58e5a7d6 <unknown>\n#14 0x558c58e26dbf <unknown>\n#15 0x558c58e7d748 <unknown>\n#16 0x558c58e7d917 <unknown>\n#17 0x558c58e8e773 <unknown>\n#18 0x7f5f1802e044 <unknown>","time":{"start":1701133944292,"stop":1701133947490,"duration":3198}},{"uid":"16ae595114ca8259","reportUrl":"https://zaelcovsky.github.io/StroyremAutomation/153//#testresult/16ae595114ca8259","status":"skipped","statusDetails":"XFAIL Цена стандартной доставки 4450\n\nselenium.common.exceptions.NoSuchElementException: Message: no such element: Unable to locate element: {\"method\":\"xpath\",\"selector\":\"//input[@class='amount']\"}\n  (Session info: headless chrome=119.0.6045.105); For documentation on this error, please visit: https://www.selenium.dev/documentation/webdriver/troubleshooting/errors#no-such-element-exception\nStacktrace:\n#0 0x561fc3cb45e3 <unknown>\n#1 0x561fc39770b7 <unknown>\n#2 0x561fc39c4f53 <unknown>\n#3 0x561fc39c5051 <unknown>\n#4 0x561fc3a0a9c4 <unknown>\n#5 0x561fc39ebf1d <unknown>\n#6 0x561fc3a07b3d <unknown>\n#7 0x561fc39ebcc3 <unknown>\n#8 0x561fc39b70e4 <unknown>\n#9 0x561fc39b80ae <unknown>\n#10 0x561fc3c7ace1 <unknown>\n#11 0x561fc3c7eb7e <unknown>\n#12 0x561fc3c684b5 <unknown>\n#13 0x561fc3c7f7d6 <unknown>\n#14 0x561fc3c4bdbf <unknown>\n#15 0x561fc3ca2748 <unknown>\n#16 0x561fc3ca2917 <unknown>\n#17 0x561fc3cb3773 <unknown>\n#18 0x7f255ed49044 <unknown>","time":{"start":1701047554282,"stop":1701047558545,"duration":4263}},{"uid":"64fac60b03407b0f","reportUrl":"https://zaelcovsky.github.io/StroyremAutomation/152//#testresult/64fac60b03407b0f","status":"skipped","statusDetails":"XFAIL Цена стандартной доставки 4450\n\nselenium.common.exceptions.NoSuchElementException: Message: no such element: Unable to locate element: {\"method\":\"xpath\",\"selector\":\"//input[@class='amount']\"}\n  (Session info: headless chrome=119.0.6045.105); For documentation on this error, please visit: https://www.selenium.dev/documentation/webdriver/troubleshooting/errors#no-such-element-exception\nStacktrace:\n#0 0x559e8770f5e3 <unknown>\n#1 0x559e873d20b7 <unknown>\n#2 0x559e8741ff53 <unknown>\n#3 0x559e87420051 <unknown>\n#4 0x559e874659c4 <unknown>\n#5 0x559e87446f1d <unknown>\n#6 0x559e87462b3d <unknown>\n#7 0x559e87446cc3 <unknown>\n#8 0x559e874120e4 <unknown>\n#9 0x559e874130ae <unknown>\n#10 0x559e876d5ce1 <unknown>\n#11 0x559e876d9b7e <unknown>\n#12 0x559e876c34b5 <unknown>\n#13 0x559e876da7d6 <unknown>\n#14 0x559e876a6dbf <unknown>\n#15 0x559e876fd748 <unknown>\n#16 0x559e876fd917 <unknown>\n#17 0x559e8770e773 <unknown>\n#18 0x7f63740b3044 <unknown>","time":{"start":1700961454498,"stop":1700961459633,"duration":5135}},{"uid":"dde140c690371b54","reportUrl":"https://zaelcovsky.github.io/StroyremAutomation/151//#testresult/dde140c690371b54","status":"skipped","statusDetails":"XFAIL Цена стандартной доставки 4450\n\nselenium.common.exceptions.NoSuchElementException: Message: no such element: Unable to locate element: {\"method\":\"xpath\",\"selector\":\"//input[@class='amount']\"}\n  (Session info: headless chrome=119.0.6045.105); For documentation on this error, please visit: https://www.selenium.dev/documentation/webdriver/troubleshooting/errors#no-such-element-exception\nStacktrace:\n#0 0x55acd53145e3 <unknown>\n#1 0x55acd4fd70b7 <unknown>\n#2 0x55acd5024f53 <unknown>\n#3 0x55acd5025051 <unknown>\n#4 0x55acd506a9c4 <unknown>\n#5 0x55acd504bf1d <unknown>\n#6 0x55acd5067b3d <unknown>\n#7 0x55acd504bcc3 <unknown>\n#8 0x55acd50170e4 <unknown>\n#9 0x55acd50180ae <unknown>\n#10 0x55acd52dace1 <unknown>\n#11 0x55acd52deb7e <unknown>\n#12 0x55acd52c84b5 <unknown>\n#13 0x55acd52df7d6 <unknown>\n#14 0x55acd52abdbf <unknown>\n#15 0x55acd5302748 <unknown>\n#16 0x55acd5302917 <unknown>\n#17 0x55acd5313773 <unknown>\n#18 0x7f13ab81d044 <unknown>","time":{"start":1700874559607,"stop":1700874563184,"duration":3577}},{"uid":"411d9c95b36d2752","reportUrl":"https://zaelcovsky.github.io/StroyremAutomation/150//#testresult/411d9c95b36d2752","status":"skipped","statusDetails":"XFAIL Цена стандартной доставки 4450\n\nselenium.common.exceptions.NoSuchElementException: Message: no such element: Unable to locate element: {\"method\":\"xpath\",\"selector\":\"//input[@class='amount']\"}\n  (Session info: headless chrome=119.0.6045.105); For documentation on this error, please visit: https://www.selenium.dev/documentation/webdriver/troubleshooting/errors#no-such-element-exception\nStacktrace:\n#0 0x55feab6a85e3 <unknown>\n#1 0x55feab36b0b7 <unknown>\n#2 0x55feab3b8f53 <unknown>\n#3 0x55feab3b9051 <unknown>\n#4 0x55feab3fe9c4 <unknown>\n#5 0x55feab3dff1d <unknown>\n#6 0x55feab3fbb3d <unknown>\n#7 0x55feab3dfcc3 <unknown>\n#8 0x55feab3ab0e4 <unknown>\n#9 0x55feab3ac0ae <unknown>\n#10 0x55feab66ece1 <unknown>\n#11 0x55feab672b7e <unknown>\n#12 0x55feab65c4b5 <unknown>\n#13 0x55feab6737d6 <unknown>\n#14 0x55feab63fdbf <unknown>\n#15 0x55feab696748 <unknown>\n#16 0x55feab696917 <unknown>\n#17 0x55feab6a7773 <unknown>\n#18 0x7f8ef2312044 <unknown>","time":{"start":1700788267156,"stop":1700788270872,"duration":3716}},{"uid":"4792cda74bc8130c","reportUrl":"https://zaelcovsky.github.io/StroyremAutomation/149//#testresult/4792cda74bc8130c","status":"skipped","statusDetails":"XFAIL Цена стандартной доставки 4450\n\nselenium.common.exceptions.NoSuchElementException: Message: no such element: Unable to locate element: {\"method\":\"xpath\",\"selector\":\"//input[@class='amount']\"}\n  (Session info: headless chrome=119.0.6045.105); For documentation on this error, please visit: https://www.selenium.dev/documentation/webdriver/troubleshooting/errors#no-such-element-exception\nStacktrace:\n#0 0x55a4242eb5e3 <unknown>\n#1 0x55a423fae0b7 <unknown>\n#2 0x55a423ffbf53 <unknown>\n#3 0x55a423ffc051 <unknown>\n#4 0x55a4240419c4 <unknown>\n#5 0x55a424022f1d <unknown>\n#6 0x55a42403eb3d <unknown>\n#7 0x55a424022cc3 <unknown>\n#8 0x55a423fee0e4 <unknown>\n#9 0x55a423fef0ae <unknown>\n#10 0x55a4242b1ce1 <unknown>\n#11 0x55a4242b5b7e <unknown>\n#12 0x55a42429f4b5 <unknown>\n#13 0x55a4242b67d6 <unknown>\n#14 0x55a424282dbf <unknown>\n#15 0x55a4242d9748 <unknown>\n#16 0x55a4242d9917 <unknown>\n#17 0x55a4242ea773 <unknown>\n#18 0x7f38dae74044 <unknown>","time":{"start":1700701863665,"stop":1700701867266,"duration":3601}},{"uid":"1a3ae971d01bc801","reportUrl":"https://zaelcovsky.github.io/StroyremAutomation/148//#testresult/1a3ae971d01bc801","status":"skipped","statusDetails":"XFAIL Цена стандартной доставки 4450\n\nselenium.common.exceptions.NoSuchElementException: Message: no such element: Unable to locate element: {\"method\":\"xpath\",\"selector\":\"//input[@class='amount']\"}\n  (Session info: headless chrome=119.0.6045.105); For documentation on this error, please visit: https://www.selenium.dev/documentation/webdriver/troubleshooting/errors#no-such-element-exception\nStacktrace:\n#0 0x563463e475e3 <unknown>\n#1 0x563463b0a0b7 <unknown>\n#2 0x563463b57f53 <unknown>\n#3 0x563463b58051 <unknown>\n#4 0x563463b9d9c4 <unknown>\n#5 0x563463b7ef1d <unknown>\n#6 0x563463b9ab3d <unknown>\n#7 0x563463b7ecc3 <unknown>\n#8 0x563463b4a0e4 <unknown>\n#9 0x563463b4b0ae <unknown>\n#10 0x563463e0dce1 <unknown>\n#11 0x563463e11b7e <unknown>\n#12 0x563463dfb4b5 <unknown>\n#13 0x563463e127d6 <unknown>\n#14 0x563463ddedbf <unknown>\n#15 0x563463e35748 <unknown>\n#16 0x563463e35917 <unknown>\n#17 0x563463e46773 <unknown>\n#18 0x7f245243b044 <unknown>","time":{"start":1700615607154,"stop":1700615610581,"duration":3427}},{"uid":"38b435c3caf7ef28","reportUrl":"https://zaelcovsky.github.io/StroyremAutomation/147//#testresult/38b435c3caf7ef28","status":"skipped","statusDetails":"XFAIL Цена стандартной доставки 4450\n\nselenium.common.exceptions.NoSuchElementException: Message: no such element: Unable to locate element: {\"method\":\"xpath\",\"selector\":\"//input[@class='amount']\"}\n  (Session info: headless chrome=119.0.6045.105); For documentation on this error, please visit: https://www.selenium.dev/documentation/webdriver/troubleshooting/errors#no-such-element-exception\nStacktrace:\n#0 0x559764bbe5e3 <unknown>\n#1 0x5597648810b7 <unknown>\n#2 0x5597648cef53 <unknown>\n#3 0x5597648cf051 <unknown>\n#4 0x5597649149c4 <unknown>\n#5 0x5597648f5f1d <unknown>\n#6 0x559764911b3d <unknown>\n#7 0x5597648f5cc3 <unknown>\n#8 0x5597648c10e4 <unknown>\n#9 0x5597648c20ae <unknown>\n#10 0x559764b84ce1 <unknown>\n#11 0x559764b88b7e <unknown>\n#12 0x559764b724b5 <unknown>\n#13 0x559764b897d6 <unknown>\n#14 0x559764b55dbf <unknown>\n#15 0x559764bac748 <unknown>\n#16 0x559764bac917 <unknown>\n#17 0x559764bbd773 <unknown>\n#18 0x7ff0cc5b3044 <unknown>","time":{"start":1700529232615,"stop":1700529236970,"duration":4355}},{"uid":"db07ca7281ff69e6","reportUrl":"https://zaelcovsky.github.io/StroyremAutomation/146//#testresult/db07ca7281ff69e6","status":"skipped","statusDetails":"XFAIL Цена стандартной доставки 4450\n\nselenium.common.exceptions.NoSuchElementException: Message: no such element: Unable to locate element: {\"method\":\"xpath\",\"selector\":\"//input[@class='amount']\"}\n  (Session info: headless chrome=119.0.6045.105); For documentation on this error, please visit: https://www.selenium.dev/documentation/webdriver/troubleshooting/errors#no-such-element-exception\nStacktrace:\n#0 0x55b76099c5e3 <unknown>\n#1 0x55b76065f0b7 <unknown>\n#2 0x55b7606acf53 <unknown>\n#3 0x55b7606ad051 <unknown>\n#4 0x55b7606f29c4 <unknown>\n#5 0x55b7606d3f1d <unknown>\n#6 0x55b7606efb3d <unknown>\n#7 0x55b7606d3cc3 <unknown>\n#8 0x55b76069f0e4 <unknown>\n#9 0x55b7606a00ae <unknown>\n#10 0x55b760962ce1 <unknown>\n#11 0x55b760966b7e <unknown>\n#12 0x55b7609504b5 <unknown>\n#13 0x55b7609677d6 <unknown>\n#14 0x55b760933dbf <unknown>\n#15 0x55b76098a748 <unknown>\n#16 0x55b76098a917 <unknown>\n#17 0x55b76099b773 <unknown>\n#18 0x7f2f1f9bd044 <unknown>","time":{"start":1700442755691,"stop":1700442759442,"duration":3751}},{"uid":"bcaa2eb45f1289d3","reportUrl":"https://zaelcovsky.github.io/StroyremAutomation/145//#testresult/bcaa2eb45f1289d3","status":"skipped","statusDetails":"XFAIL Цена стандартной доставки 4450\n\nselenium.common.exceptions.NoSuchElementException: Message: no such element: Unable to locate element: {\"method\":\"xpath\",\"selector\":\"//input[@class='amount']\"}\n  (Session info: headless chrome=119.0.6045.105); For documentation on this error, please visit: https://www.selenium.dev/documentation/webdriver/troubleshooting/errors#no-such-element-exception\nStacktrace:\n#0 0x55b215d1d5e3 <unknown>\n#1 0x55b2159e00b7 <unknown>\n#2 0x55b215a2df53 <unknown>\n#3 0x55b215a2e051 <unknown>\n#4 0x55b215a739c4 <unknown>\n#5 0x55b215a54f1d <unknown>\n#6 0x55b215a70b3d <unknown>\n#7 0x55b215a54cc3 <unknown>\n#8 0x55b215a200e4 <unknown>\n#9 0x55b215a210ae <unknown>\n#10 0x55b215ce3ce1 <unknown>\n#11 0x55b215ce7b7e <unknown>\n#12 0x55b215cd14b5 <unknown>\n#13 0x55b215ce87d6 <unknown>\n#14 0x55b215cb4dbf <unknown>\n#15 0x55b215d0b748 <unknown>\n#16 0x55b215d0b917 <unknown>\n#17 0x55b215d1c773 <unknown>\n#18 0x7f47f0187044 <unknown>","time":{"start":1700356546054,"stop":1700356550664,"duration":4610}},{"uid":"400d9463df5bcb46","reportUrl":"https://zaelcovsky.github.io/StroyremAutomation/144//#testresult/400d9463df5bcb46","status":"skipped","statusDetails":"XFAIL Цена стандартной доставки 4450\n\nselenium.common.exceptions.NoSuchElementException: Message: no such element: Unable to locate element: {\"method\":\"xpath\",\"selector\":\"//input[@class='amount']\"}\n  (Session info: headless chrome=119.0.6045.105); For documentation on this error, please visit: https://www.selenium.dev/documentation/webdriver/troubleshooting/errors#no-such-element-exception\nStacktrace:\n#0 0x55af371b45e3 <unknown>\n#1 0x55af36e770b7 <unknown>\n#2 0x55af36ec4f53 <unknown>\n#3 0x55af36ec5051 <unknown>\n#4 0x55af36f0a9c4 <unknown>\n#5 0x55af36eebf1d <unknown>\n#6 0x55af36f07b3d <unknown>\n#7 0x55af36eebcc3 <unknown>\n#8 0x55af36eb70e4 <unknown>\n#9 0x55af36eb80ae <unknown>\n#10 0x55af3717ace1 <unknown>\n#11 0x55af3717eb7e <unknown>\n#12 0x55af371684b5 <unknown>\n#13 0x55af3717f7d6 <unknown>\n#14 0x55af3714bdbf <unknown>\n#15 0x55af371a2748 <unknown>\n#16 0x55af371a2917 <unknown>\n#17 0x55af371b3773 <unknown>\n#18 0x7fd758c99044 <unknown>","time":{"start":1700269950645,"stop":1700269955648,"duration":5003}},{"uid":"78e4b3536ce238bf","reportUrl":"https://zaelcovsky.github.io/StroyremAutomation/143//#testresult/78e4b3536ce238bf","status":"skipped","statusDetails":"XFAIL Цена стандартной доставки 4450\n\nselenium.common.exceptions.NoSuchElementException: Message: no such element: Unable to locate element: {\"method\":\"xpath\",\"selector\":\"//input[@class='amount']\"}\n  (Session info: headless chrome=119.0.6045.105); For documentation on this error, please visit: https://www.selenium.dev/documentation/webdriver/troubleshooting/errors#no-such-element-exception\nStacktrace:\n#0 0x558c43cb55e3 <unknown>\n#1 0x558c439780b7 <unknown>\n#2 0x558c439c5f53 <unknown>\n#3 0x558c439c6051 <unknown>\n#4 0x558c43a0b9c4 <unknown>\n#5 0x558c439ecf1d <unknown>\n#6 0x558c43a08b3d <unknown>\n#7 0x558c439eccc3 <unknown>\n#8 0x558c439b80e4 <unknown>\n#9 0x558c439b90ae <unknown>\n#10 0x558c43c7bce1 <unknown>\n#11 0x558c43c7fb7e <unknown>\n#12 0x558c43c694b5 <unknown>\n#13 0x558c43c807d6 <unknown>\n#14 0x558c43c4cdbf <unknown>\n#15 0x558c43ca3748 <unknown>\n#16 0x558c43ca3917 <unknown>\n#17 0x558c43cb4773 <unknown>\n#18 0x7f3d47394044 <unknown>","time":{"start":1700183567455,"stop":1700183571786,"duration":4331}},{"uid":"5c35cbc6aad4eefa","reportUrl":"https://zaelcovsky.github.io/StroyremAutomation/142//#testresult/5c35cbc6aad4eefa","status":"skipped","statusDetails":"XFAIL Цена стандартной доставки 4450\n\nselenium.common.exceptions.NoSuchElementException: Message: no such element: Unable to locate element: {\"method\":\"xpath\",\"selector\":\"//input[@class='amount']\"}\n  (Session info: headless chrome=119.0.6045.105); For documentation on this error, please visit: https://www.selenium.dev/documentation/webdriver/troubleshooting/errors#no-such-element-exception\nStacktrace:\n#0 0x562dc9d705e3 <unknown>\n#1 0x562dc9a330b7 <unknown>\n#2 0x562dc9a80f53 <unknown>\n#3 0x562dc9a81051 <unknown>\n#4 0x562dc9ac69c4 <unknown>\n#5 0x562dc9aa7f1d <unknown>\n#6 0x562dc9ac3b3d <unknown>\n#7 0x562dc9aa7cc3 <unknown>\n#8 0x562dc9a730e4 <unknown>\n#9 0x562dc9a740ae <unknown>\n#10 0x562dc9d36ce1 <unknown>\n#11 0x562dc9d3ab7e <unknown>\n#12 0x562dc9d244b5 <unknown>\n#13 0x562dc9d3b7d6 <unknown>\n#14 0x562dc9d07dbf <unknown>\n#15 0x562dc9d5e748 <unknown>\n#16 0x562dc9d5e917 <unknown>\n#17 0x562dc9d6f773 <unknown>\n#18 0x7f5dfe091044 <unknown>","time":{"start":1700097123495,"stop":1700097127492,"duration":3997}},{"uid":"75a12d1f8d92c2e9","reportUrl":"https://zaelcovsky.github.io/StroyremAutomation/141//#testresult/75a12d1f8d92c2e9","status":"skipped","statusDetails":"XFAIL Цена стандартной доставки 4450\n\nselenium.common.exceptions.NoSuchElementException: Message: no such element: Unable to locate element: {\"method\":\"xpath\",\"selector\":\"//input[@class='amount']\"}\n  (Session info: headless chrome=119.0.6045.105); For documentation on this error, please visit: https://www.selenium.dev/documentation/webdriver/troubleshooting/errors#no-such-element-exception\nStacktrace:\n#0 0x559dbc17e5e3 <unknown>\n#1 0x559dbbe410b7 <unknown>\n#2 0x559dbbe8ef53 <unknown>\n#3 0x559dbbe8f051 <unknown>\n#4 0x559dbbed49c4 <unknown>\n#5 0x559dbbeb5f1d <unknown>\n#6 0x559dbbed1b3d <unknown>\n#7 0x559dbbeb5cc3 <unknown>\n#8 0x559dbbe810e4 <unknown>\n#9 0x559dbbe820ae <unknown>\n#10 0x559dbc144ce1 <unknown>\n#11 0x559dbc148b7e <unknown>\n#12 0x559dbc1324b5 <unknown>\n#13 0x559dbc1497d6 <unknown>\n#14 0x559dbc115dbf <unknown>\n#15 0x559dbc16c748 <unknown>\n#16 0x559dbc16c917 <unknown>\n#17 0x559dbc17d773 <unknown>\n#18 0x7f81f880c044 <unknown>","time":{"start":1700010652370,"stop":1700010656279,"duration":3909}},{"uid":"935e00becfb8c469","reportUrl":"https://zaelcovsky.github.io/StroyremAutomation/140//#testresult/935e00becfb8c469","status":"skipped","statusDetails":"XFAIL Цена стандартной доставки 4450\n\nselenium.common.exceptions.NoSuchElementException: Message: no such element: Unable to locate element: {\"method\":\"xpath\",\"selector\":\"//input[@class='amount']\"}\n  (Session info: headless chrome=119.0.6045.105); For documentation on this error, please visit: https://www.selenium.dev/documentation/webdriver/troubleshooting/errors#no-such-element-exception\nStacktrace:\n#0 0x563ccc72f5e3 <unknown>\n#1 0x563ccc3f20b7 <unknown>\n#2 0x563ccc43ff53 <unknown>\n#3 0x563ccc440051 <unknown>\n#4 0x563ccc4859c4 <unknown>\n#5 0x563ccc466f1d <unknown>\n#6 0x563ccc482b3d <unknown>\n#7 0x563ccc466cc3 <unknown>\n#8 0x563ccc4320e4 <unknown>\n#9 0x563ccc4330ae <unknown>\n#10 0x563ccc6f5ce1 <unknown>\n#11 0x563ccc6f9b7e <unknown>\n#12 0x563ccc6e34b5 <unknown>\n#13 0x563ccc6fa7d6 <unknown>\n#14 0x563ccc6c6dbf <unknown>\n#15 0x563ccc71d748 <unknown>\n#16 0x563ccc71d917 <unknown>\n#17 0x563ccc72e773 <unknown>\n#18 0x7f3320b97044 <unknown>","time":{"start":1699924272525,"stop":1699924276591,"duration":4066}},{"uid":"2e5c55ad78e47b2c","reportUrl":"https://zaelcovsky.github.io/StroyremAutomation/139//#testresult/2e5c55ad78e47b2c","status":"skipped","statusDetails":"XFAIL Цена стандартной доставки 4450\n\nselenium.common.exceptions.NoSuchElementException: Message: no such element: Unable to locate element: {\"method\":\"xpath\",\"selector\":\"//input[@class='amount']\"}\n  (Session info: headless chrome=119.0.6045.105); For documentation on this error, please visit: https://www.selenium.dev/documentation/webdriver/troubleshooting/errors#no-such-element-exception\nStacktrace:\n#0 0x55dfb057a5e3 <unknown>\n#1 0x55dfb023d0b7 <unknown>\n#2 0x55dfb028af53 <unknown>\n#3 0x55dfb028b051 <unknown>\n#4 0x55dfb02d09c4 <unknown>\n#5 0x55dfb02b1f1d <unknown>\n#6 0x55dfb02cdb3d <unknown>\n#7 0x55dfb02b1cc3 <unknown>\n#8 0x55dfb027d0e4 <unknown>\n#9 0x55dfb027e0ae <unknown>\n#10 0x55dfb0540ce1 <unknown>\n#11 0x55dfb0544b7e <unknown>\n#12 0x55dfb052e4b5 <unknown>\n#13 0x55dfb05457d6 <unknown>\n#14 0x55dfb0511dbf <unknown>\n#15 0x55dfb0568748 <unknown>\n#16 0x55dfb0568917 <unknown>\n#17 0x55dfb0579773 <unknown>\n#18 0x7f8003a0b044 <unknown>","time":{"start":1699837939627,"stop":1699837943434,"duration":3807}}]},"tags":["smoke","@pytest.mark.xfail(reason='Цена стандартной доставки 4450')"]},"source":"108cfe61472e848.json","parameterValues":["17490","666","'TD 014'","15600","'products/shtukaturka-gipsovaya-aksolit-m50-30-kg-mashinnogo-naneseniya'","5400","'https://sandboxtest.stroyrem-nn.ru/'","20000"]}