{"uid":"48050f70149340ef","name":"TD 018 Доставка товара весом до 500кг. в синей зоне","fullName":"tests.delivery.test_delivery_calculation.TestDeliveryPageCalculation#test_positive_delivery_blue_zone_smoke","historyId":"95f694f6adc130155d4f19b21da55956","time":{"start":1701566190147,"stop":1701566193820,"duration":3673},"status":"broken","statusMessage":"selenium.common.exceptions.NoSuchElementException: Message: no such element: Unable to locate element: {\"method\":\"xpath\",\"selector\":\"//input[@class='amount']\"}\n  (Session info: headless chrome=119.0.6045.105); For documentation on this error, please visit: https://www.selenium.dev/documentation/webdriver/troubleshooting/errors#no-such-element-exception\nStacktrace:\n#0 0x560c5edd95e3 <unknown>\n#1 0x560c5ea9c0b7 <unknown>\n#2 0x560c5eae9f53 <unknown>\n#3 0x560c5eaea051 <unknown>\n#4 0x560c5eb2f9c4 <unknown>\n#5 0x560c5eb10f1d <unknown>\n#6 0x560c5eb2cb3d <unknown>\n#7 0x560c5eb10cc3 <unknown>\n#8 0x560c5eadc0e4 <unknown>\n#9 0x560c5eadd0ae <unknown>\n#10 0x560c5ed9fce1 <unknown>\n#11 0x560c5eda3b7e <unknown>\n#12 0x560c5ed8d4b5 <unknown>\n#13 0x560c5eda47d6 <unknown>\n#14 0x560c5ed70dbf <unknown>\n#15 0x560c5edc7748 <unknown>\n#16 0x560c5edc7917 <unknown>\n#17 0x560c5edd8773 <unknown>\n#18 0x7f24da535044 <unknown>","statusTrace":"self = <tests.delivery.test_delivery_calculation.TestDeliveryPageCalculation object at 0x7f1fa422f710>\ndriver = <selenium.webdriver.chrome.webdriver.WebDriver (session=\"1e03c58e914535d00b84ef0ece02dc13\")>\nurl = 'https://sandboxtest.stroyrem-nn.ru/', case_id = 'TD 018'\nlink_item = 'products/shtukaturka-gipsovaya-aksolit-m50-30-kg-mashinnogo-naneseniya'\namount = 16, weight = 500, standard = 850, in_time = 2490, all_time = 3320\n\n    @pytest.mark.parametrize('case_id, link_item, amount, weight, standard, in_time, all_time', [\n        (\"TD 015\", bundeks_25, 1, 30, 650, 2390, 3320),\n        pytest.param(\n            \"TD 016\", aksolit_30, 8, 300, 650, 2390, 3320,\n            marks=pytest.mark.xfail(reson=\"Цена доставки: - - -\")\n        ),\n        (\"TD 017\", aksolit_30, 13, 400, 650, 2390, 3320),\n        (\"TD 018\", aksolit_30, 16, 500, 850, 2490, 3320),\n        (\"TD 019\", aksolit_30, 25, 1700, 1150, 2490, 3320),\n        (\"TD 020\", aksolit_30, 66, 2000, 1500, 2990, 3650),\n        (\"TD 021\", aksolit_30, 149, 4500, 2600, 4380, 4890),\n        (\"TD 022\", aksolit_30, 166, 5000, 2800, 5490, 5980),\n        pytest.param(\n            \"TD 023\", aksolit_30, 206, 6200, 3300, 7500, 8000,\n            marks=pytest.mark.xfail(reson=\"Цена доставки: 4300 9900 11440\")\n        ),\n        (\"TD 024\", aksolit_30, 299, 9000, 4300, 9900, 11440),\n        (\"TD 025\", aksolit_30, 333, 10000, 7000, 13900, 15900),\n        pytest.param(\n            \"TD 026\", aksolit_30, 366, 11000, 8000, 14900, 19900,\n            marks=pytest.mark.xfail(reson=\"Цена доставки: 7000 13900 15900\")\n        ),\n        pytest.param(\n            \"TD 027\", aksolit_30, 666, 20000, 14000, 16900, 23900,\n            marks=pytest.mark.xfail(reson=\"Цена доставки: 7000 13900 15900\")\n        )\n    ])\n    @pytest.mark.smoke\n    def test_positive_delivery_blue_zone_smoke(\n            self, driver, url, case_id, link_item, amount, weight, standard, in_time, all_time\n    ):\n        allure.dynamic.title(f\"{case_id} Доставка товара весом до {weight}кг. в синей зоне\")\n    \n        driver.get(f'{url}{link_item}')\n        item_page = ItemPage(driver)\n>       item_page.add_item_to_cart(amount).click_on_cart()\n\ntests/delivery/test_delivery_calculation.py:130: \n_ _ _ _ _ _ _ _ _ _ _ _ _ _ _ _ _ _ _ _ _ _ _ _ _ _ _ _ _ _ _ _ _ _ _ _ _ _ _ _ \npages/item_page.py:41: in add_item_to_cart\n    amount_field = self.find_element(self._item_amount)\nbase/seleniumbase.py:17: in find_element\n    return self.driver.find_element(*locator)\n/usr/local/lib/python3.11/site-packages/selenium/webdriver/remote/webdriver.py:740: in find_element\n    return self.execute(Command.FIND_ELEMENT, {\"using\": by, \"value\": value})[\"value\"]\n/usr/local/lib/python3.11/site-packages/selenium/webdriver/remote/webdriver.py:346: in execute\n    self.error_handler.check_response(response)\n_ _ _ _ _ _ _ _ _ _ _ _ _ _ _ _ _ _ _ _ _ _ _ _ _ _ _ _ _ _ _ _ _ _ _ _ _ _ _ _ \n\nself = <selenium.webdriver.remote.errorhandler.ErrorHandler object at 0x7f1fa4f49950>\nresponse = {'status': 404, 'value': '{\"value\":{\"error\":\"no such element\",\"message\":\"no such element: Unable to locate element: {\\...\\\\n#16 0x560c5edc7917 \\\\u003Cunknown>\\\\n#17 0x560c5edd8773 \\\\u003Cunknown>\\\\n#18 0x7f24da535044 \\\\u003Cunknown>\\\\n\"}}'}\n\n    def check_response(self, response: Dict[str, Any]) -> None:\n        \"\"\"Checks that a JSON response from the WebDriver does not have an\n        error.\n    \n        :Args:\n         - response - The JSON response from the WebDriver server as a dictionary\n           object.\n    \n        :Raises: If the response contains an error message.\n        \"\"\"\n        status = response.get(\"status\", None)\n        if not status or status == ErrorCode.SUCCESS:\n            return\n        value = None\n        message = response.get(\"message\", \"\")\n        screen: str = response.get(\"screen\", \"\")\n        stacktrace = None\n        if isinstance(status, int):\n            value_json = response.get(\"value\", None)\n            if value_json and isinstance(value_json, str):\n                import json\n    \n                try:\n                    value = json.loads(value_json)\n                    if len(value) == 1:\n                        value = value[\"value\"]\n                    status = value.get(\"error\", None)\n                    if not status:\n                        status = value.get(\"status\", ErrorCode.UNKNOWN_ERROR)\n                        message = value.get(\"value\") or value.get(\"message\")\n                        if not isinstance(message, str):\n                            value = message\n                            message = message.get(\"message\")\n                    else:\n                        message = value.get(\"message\", None)\n                except ValueError:\n                    pass\n    \n        exception_class: Type[WebDriverException]\n        if status in ErrorCode.NO_SUCH_ELEMENT:\n            exception_class = NoSuchElementException\n        elif status in ErrorCode.NO_SUCH_FRAME:\n            exception_class = NoSuchFrameException\n        elif status in ErrorCode.NO_SUCH_SHADOW_ROOT:\n            exception_class = NoSuchShadowRootException\n        elif status in ErrorCode.NO_SUCH_WINDOW:\n            exception_class = NoSuchWindowException\n        elif status in ErrorCode.STALE_ELEMENT_REFERENCE:\n            exception_class = StaleElementReferenceException\n        elif status in ErrorCode.ELEMENT_NOT_VISIBLE:\n            exception_class = ElementNotVisibleException\n        elif status in ErrorCode.INVALID_ELEMENT_STATE:\n            exception_class = InvalidElementStateException\n        elif (\n            status in ErrorCode.INVALID_SELECTOR\n            or status in ErrorCode.INVALID_XPATH_SELECTOR\n            or status in ErrorCode.INVALID_XPATH_SELECTOR_RETURN_TYPER\n        ):\n            exception_class = InvalidSelectorException\n        elif status in ErrorCode.ELEMENT_IS_NOT_SELECTABLE:\n            exception_class = ElementNotSelectableException\n        elif status in ErrorCode.ELEMENT_NOT_INTERACTABLE:\n            exception_class = ElementNotInteractableException\n        elif status in ErrorCode.INVALID_COOKIE_DOMAIN:\n            exception_class = InvalidCookieDomainException\n        elif status in ErrorCode.UNABLE_TO_SET_COOKIE:\n            exception_class = UnableToSetCookieException\n        elif status in ErrorCode.TIMEOUT:\n            exception_class = TimeoutException\n        elif status in ErrorCode.SCRIPT_TIMEOUT:\n            exception_class = TimeoutException\n        elif status in ErrorCode.UNKNOWN_ERROR:\n            exception_class = WebDriverException\n        elif status in ErrorCode.UNEXPECTED_ALERT_OPEN:\n            exception_class = UnexpectedAlertPresentException\n        elif status in ErrorCode.NO_ALERT_OPEN:\n            exception_class = NoAlertPresentException\n        elif status in ErrorCode.IME_NOT_AVAILABLE:\n            exception_class = ImeNotAvailableException\n        elif status in ErrorCode.IME_ENGINE_ACTIVATION_FAILED:\n            exception_class = ImeActivationFailedException\n        elif status in ErrorCode.MOVE_TARGET_OUT_OF_BOUNDS:\n            exception_class = MoveTargetOutOfBoundsException\n        elif status in ErrorCode.JAVASCRIPT_ERROR:\n            exception_class = JavascriptException\n        elif status in ErrorCode.SESSION_NOT_CREATED:\n            exception_class = SessionNotCreatedException\n        elif status in ErrorCode.INVALID_ARGUMENT:\n            exception_class = InvalidArgumentException\n        elif status in ErrorCode.NO_SUCH_COOKIE:\n            exception_class = NoSuchCookieException\n        elif status in ErrorCode.UNABLE_TO_CAPTURE_SCREEN:\n            exception_class = ScreenshotException\n        elif status in ErrorCode.ELEMENT_CLICK_INTERCEPTED:\n            exception_class = ElementClickInterceptedException\n        elif status in ErrorCode.INSECURE_CERTIFICATE:\n            exception_class = InsecureCertificateException\n        elif status in ErrorCode.INVALID_COORDINATES:\n            exception_class = InvalidCoordinatesException\n        elif status in ErrorCode.INVALID_SESSION_ID:\n            exception_class = InvalidSessionIdException\n        elif status in ErrorCode.UNKNOWN_METHOD:\n            exception_class = UnknownMethodException\n        else:\n            exception_class = WebDriverException\n        if not value:\n            value = response[\"value\"]\n        if isinstance(value, str):\n            raise exception_class(value)\n        if message == \"\" and \"message\" in value:\n            message = value[\"message\"]\n    \n        screen = None  # type: ignore[assignment]\n        if \"screen\" in value:\n            screen = value[\"screen\"]\n    \n        stacktrace = None\n        st_value = value.get(\"stackTrace\") or value.get(\"stacktrace\")\n        if st_value:\n            if isinstance(st_value, str):\n                stacktrace = st_value.split(\"\\n\")\n            else:\n                stacktrace = []\n                try:\n                    for frame in st_value:\n                        line = frame.get(\"lineNumber\", \"\")\n                        file = frame.get(\"fileName\", \"<anonymous>\")\n                        if line:\n                            file = f\"{file}:{line}\"\n                        meth = frame.get(\"methodName\", \"<anonymous>\")\n                        if \"className\" in frame:\n                            meth = f\"{frame['className']}.{meth}\"\n                        msg = \"    at %s (%s)\"\n                        msg = msg % (meth, file)\n                        stacktrace.append(msg)\n                except TypeError:\n                    pass\n        if exception_class == UnexpectedAlertPresentException:\n            alert_text = None\n            if \"data\" in value:\n                alert_text = value[\"data\"].get(\"text\")\n            elif \"alert\" in value:\n                alert_text = value[\"alert\"].get(\"text\")\n            raise exception_class(message, screen, stacktrace, alert_text)  # type: ignore[call-arg]  # mypy is not smart enough here\n>       raise exception_class(message, screen, stacktrace)\nE       selenium.common.exceptions.NoSuchElementException: Message: no such element: Unable to locate element: {\"method\":\"xpath\",\"selector\":\"//input[@class='amount']\"}\nE         (Session info: headless chrome=119.0.6045.105); For documentation on this error, please visit: https://www.selenium.dev/documentation/webdriver/troubleshooting/errors#no-such-element-exception\nE       Stacktrace:\nE       #0 0x560c5edd95e3 <unknown>\nE       #1 0x560c5ea9c0b7 <unknown>\nE       #2 0x560c5eae9f53 <unknown>\nE       #3 0x560c5eaea051 <unknown>\nE       #4 0x560c5eb2f9c4 <unknown>\nE       #5 0x560c5eb10f1d <unknown>\nE       #6 0x560c5eb2cb3d <unknown>\nE       #7 0x560c5eb10cc3 <unknown>\nE       #8 0x560c5eadc0e4 <unknown>\nE       #9 0x560c5eadd0ae <unknown>\nE       #10 0x560c5ed9fce1 <unknown>\nE       #11 0x560c5eda3b7e <unknown>\nE       #12 0x560c5ed8d4b5 <unknown>\nE       #13 0x560c5eda47d6 <unknown>\nE       #14 0x560c5ed70dbf <unknown>\nE       #15 0x560c5edc7748 <unknown>\nE       #16 0x560c5edc7917 <unknown>\nE       #17 0x560c5edd8773 <unknown>\nE       #18 0x7f24da535044 <unknown>\n\n/usr/local/lib/python3.11/site-packages/selenium/webdriver/remote/errorhandler.py:245: NoSuchElementException","flaky":false,"newFailed":false,"newBroken":false,"newPassed":false,"retriesCount":0,"retriesStatusChange":false,"beforeStages":[{"name":"_session_faker","time":{"start":1701565668732,"stop":1701565668804,"duration":72},"status":"passed","steps":[],"attachments":[],"parameters":[],"shouldDisplayMessage":false,"stepsCount":0,"attachmentsCount":0,"hasContent":false},{"name":"clear_allure_results_folder","time":{"start":1701565668804,"stop":1701565668804,"duration":0},"status":"passed","steps":[],"attachments":[],"parameters":[],"shouldDisplayMessage":false,"stepsCount":0,"attachmentsCount":0,"hasContent":false},{"name":"driver","time":{"start":1701566189405,"stop":1701566190146,"duration":741},"status":"passed","steps":[],"attachments":[],"parameters":[],"shouldDisplayMessage":false,"stepsCount":0,"attachmentsCount":0,"hasContent":false},{"name":"setup","time":{"start":1701566190146,"stop":1701566190146,"duration":0},"status":"passed","steps":[],"attachments":[],"parameters":[],"shouldDisplayMessage":false,"stepsCount":0,"attachmentsCount":0,"hasContent":false}],"testStage":{"status":"broken","statusMessage":"selenium.common.exceptions.NoSuchElementException: Message: no such element: Unable to locate element: {\"method\":\"xpath\",\"selector\":\"//input[@class='amount']\"}\n  (Session info: headless chrome=119.0.6045.105); For documentation on this error, please visit: https://www.selenium.dev/documentation/webdriver/troubleshooting/errors#no-such-element-exception\nStacktrace:\n#0 0x560c5edd95e3 <unknown>\n#1 0x560c5ea9c0b7 <unknown>\n#2 0x560c5eae9f53 <unknown>\n#3 0x560c5eaea051 <unknown>\n#4 0x560c5eb2f9c4 <unknown>\n#5 0x560c5eb10f1d <unknown>\n#6 0x560c5eb2cb3d <unknown>\n#7 0x560c5eb10cc3 <unknown>\n#8 0x560c5eadc0e4 <unknown>\n#9 0x560c5eadd0ae <unknown>\n#10 0x560c5ed9fce1 <unknown>\n#11 0x560c5eda3b7e <unknown>\n#12 0x560c5ed8d4b5 <unknown>\n#13 0x560c5eda47d6 <unknown>\n#14 0x560c5ed70dbf <unknown>\n#15 0x560c5edc7748 <unknown>\n#16 0x560c5edc7917 <unknown>\n#17 0x560c5edd8773 <unknown>\n#18 0x7f24da535044 <unknown>","statusTrace":"self = <tests.delivery.test_delivery_calculation.TestDeliveryPageCalculation object at 0x7f1fa422f710>\ndriver = <selenium.webdriver.chrome.webdriver.WebDriver (session=\"1e03c58e914535d00b84ef0ece02dc13\")>\nurl = 'https://sandboxtest.stroyrem-nn.ru/', case_id = 'TD 018'\nlink_item = 'products/shtukaturka-gipsovaya-aksolit-m50-30-kg-mashinnogo-naneseniya'\namount = 16, weight = 500, standard = 850, in_time = 2490, all_time = 3320\n\n    @pytest.mark.parametrize('case_id, link_item, amount, weight, standard, in_time, all_time', [\n        (\"TD 015\", bundeks_25, 1, 30, 650, 2390, 3320),\n        pytest.param(\n            \"TD 016\", aksolit_30, 8, 300, 650, 2390, 3320,\n            marks=pytest.mark.xfail(reson=\"Цена доставки: - - -\")\n        ),\n        (\"TD 017\", aksolit_30, 13, 400, 650, 2390, 3320),\n        (\"TD 018\", aksolit_30, 16, 500, 850, 2490, 3320),\n        (\"TD 019\", aksolit_30, 25, 1700, 1150, 2490, 3320),\n        (\"TD 020\", aksolit_30, 66, 2000, 1500, 2990, 3650),\n        (\"TD 021\", aksolit_30, 149, 4500, 2600, 4380, 4890),\n        (\"TD 022\", aksolit_30, 166, 5000, 2800, 5490, 5980),\n        pytest.param(\n            \"TD 023\", aksolit_30, 206, 6200, 3300, 7500, 8000,\n            marks=pytest.mark.xfail(reson=\"Цена доставки: 4300 9900 11440\")\n        ),\n        (\"TD 024\", aksolit_30, 299, 9000, 4300, 9900, 11440),\n        (\"TD 025\", aksolit_30, 333, 10000, 7000, 13900, 15900),\n        pytest.param(\n            \"TD 026\", aksolit_30, 366, 11000, 8000, 14900, 19900,\n            marks=pytest.mark.xfail(reson=\"Цена доставки: 7000 13900 15900\")\n        ),\n        pytest.param(\n            \"TD 027\", aksolit_30, 666, 20000, 14000, 16900, 23900,\n            marks=pytest.mark.xfail(reson=\"Цена доставки: 7000 13900 15900\")\n        )\n    ])\n    @pytest.mark.smoke\n    def test_positive_delivery_blue_zone_smoke(\n            self, driver, url, case_id, link_item, amount, weight, standard, in_time, all_time\n    ):\n        allure.dynamic.title(f\"{case_id} Доставка товара весом до {weight}кг. в синей зоне\")\n    \n        driver.get(f'{url}{link_item}')\n        item_page = ItemPage(driver)\n>       item_page.add_item_to_cart(amount).click_on_cart()\n\ntests/delivery/test_delivery_calculation.py:130: \n_ _ _ _ _ _ _ _ _ _ _ _ _ _ _ _ _ _ _ _ _ _ _ _ _ _ _ _ _ _ _ _ _ _ _ _ _ _ _ _ \npages/item_page.py:41: in add_item_to_cart\n    amount_field = self.find_element(self._item_amount)\nbase/seleniumbase.py:17: in find_element\n    return self.driver.find_element(*locator)\n/usr/local/lib/python3.11/site-packages/selenium/webdriver/remote/webdriver.py:740: in find_element\n    return self.execute(Command.FIND_ELEMENT, {\"using\": by, \"value\": value})[\"value\"]\n/usr/local/lib/python3.11/site-packages/selenium/webdriver/remote/webdriver.py:346: in execute\n    self.error_handler.check_response(response)\n_ _ _ _ _ _ _ _ _ _ _ _ _ _ _ _ _ _ _ _ _ _ _ _ _ _ _ _ _ _ _ _ _ _ _ _ _ _ _ _ \n\nself = <selenium.webdriver.remote.errorhandler.ErrorHandler object at 0x7f1fa4f49950>\nresponse = {'status': 404, 'value': '{\"value\":{\"error\":\"no such element\",\"message\":\"no such element: Unable to locate element: {\\...\\\\n#16 0x560c5edc7917 \\\\u003Cunknown>\\\\n#17 0x560c5edd8773 \\\\u003Cunknown>\\\\n#18 0x7f24da535044 \\\\u003Cunknown>\\\\n\"}}'}\n\n    def check_response(self, response: Dict[str, Any]) -> None:\n        \"\"\"Checks that a JSON response from the WebDriver does not have an\n        error.\n    \n        :Args:\n         - response - The JSON response from the WebDriver server as a dictionary\n           object.\n    \n        :Raises: If the response contains an error message.\n        \"\"\"\n        status = response.get(\"status\", None)\n        if not status or status == ErrorCode.SUCCESS:\n            return\n        value = None\n        message = response.get(\"message\", \"\")\n        screen: str = response.get(\"screen\", \"\")\n        stacktrace = None\n        if isinstance(status, int):\n            value_json = response.get(\"value\", None)\n            if value_json and isinstance(value_json, str):\n                import json\n    \n                try:\n                    value = json.loads(value_json)\n                    if len(value) == 1:\n                        value = value[\"value\"]\n                    status = value.get(\"error\", None)\n                    if not status:\n                        status = value.get(\"status\", ErrorCode.UNKNOWN_ERROR)\n                        message = value.get(\"value\") or value.get(\"message\")\n                        if not isinstance(message, str):\n                            value = message\n                            message = message.get(\"message\")\n                    else:\n                        message = value.get(\"message\", None)\n                except ValueError:\n                    pass\n    \n        exception_class: Type[WebDriverException]\n        if status in ErrorCode.NO_SUCH_ELEMENT:\n            exception_class = NoSuchElementException\n        elif status in ErrorCode.NO_SUCH_FRAME:\n            exception_class = NoSuchFrameException\n        elif status in ErrorCode.NO_SUCH_SHADOW_ROOT:\n            exception_class = NoSuchShadowRootException\n        elif status in ErrorCode.NO_SUCH_WINDOW:\n            exception_class = NoSuchWindowException\n        elif status in ErrorCode.STALE_ELEMENT_REFERENCE:\n            exception_class = StaleElementReferenceException\n        elif status in ErrorCode.ELEMENT_NOT_VISIBLE:\n            exception_class = ElementNotVisibleException\n        elif status in ErrorCode.INVALID_ELEMENT_STATE:\n            exception_class = InvalidElementStateException\n        elif (\n            status in ErrorCode.INVALID_SELECTOR\n            or status in ErrorCode.INVALID_XPATH_SELECTOR\n            or status in ErrorCode.INVALID_XPATH_SELECTOR_RETURN_TYPER\n        ):\n            exception_class = InvalidSelectorException\n        elif status in ErrorCode.ELEMENT_IS_NOT_SELECTABLE:\n            exception_class = ElementNotSelectableException\n        elif status in ErrorCode.ELEMENT_NOT_INTERACTABLE:\n            exception_class = ElementNotInteractableException\n        elif status in ErrorCode.INVALID_COOKIE_DOMAIN:\n            exception_class = InvalidCookieDomainException\n        elif status in ErrorCode.UNABLE_TO_SET_COOKIE:\n            exception_class = UnableToSetCookieException\n        elif status in ErrorCode.TIMEOUT:\n            exception_class = TimeoutException\n        elif status in ErrorCode.SCRIPT_TIMEOUT:\n            exception_class = TimeoutException\n        elif status in ErrorCode.UNKNOWN_ERROR:\n            exception_class = WebDriverException\n        elif status in ErrorCode.UNEXPECTED_ALERT_OPEN:\n            exception_class = UnexpectedAlertPresentException\n        elif status in ErrorCode.NO_ALERT_OPEN:\n            exception_class = NoAlertPresentException\n        elif status in ErrorCode.IME_NOT_AVAILABLE:\n            exception_class = ImeNotAvailableException\n        elif status in ErrorCode.IME_ENGINE_ACTIVATION_FAILED:\n            exception_class = ImeActivationFailedException\n        elif status in ErrorCode.MOVE_TARGET_OUT_OF_BOUNDS:\n            exception_class = MoveTargetOutOfBoundsException\n        elif status in ErrorCode.JAVASCRIPT_ERROR:\n            exception_class = JavascriptException\n        elif status in ErrorCode.SESSION_NOT_CREATED:\n            exception_class = SessionNotCreatedException\n        elif status in ErrorCode.INVALID_ARGUMENT:\n            exception_class = InvalidArgumentException\n        elif status in ErrorCode.NO_SUCH_COOKIE:\n            exception_class = NoSuchCookieException\n        elif status in ErrorCode.UNABLE_TO_CAPTURE_SCREEN:\n            exception_class = ScreenshotException\n        elif status in ErrorCode.ELEMENT_CLICK_INTERCEPTED:\n            exception_class = ElementClickInterceptedException\n        elif status in ErrorCode.INSECURE_CERTIFICATE:\n            exception_class = InsecureCertificateException\n        elif status in ErrorCode.INVALID_COORDINATES:\n            exception_class = InvalidCoordinatesException\n        elif status in ErrorCode.INVALID_SESSION_ID:\n            exception_class = InvalidSessionIdException\n        elif status in ErrorCode.UNKNOWN_METHOD:\n            exception_class = UnknownMethodException\n        else:\n            exception_class = WebDriverException\n        if not value:\n            value = response[\"value\"]\n        if isinstance(value, str):\n            raise exception_class(value)\n        if message == \"\" and \"message\" in value:\n            message = value[\"message\"]\n    \n        screen = None  # type: ignore[assignment]\n        if \"screen\" in value:\n            screen = value[\"screen\"]\n    \n        stacktrace = None\n        st_value = value.get(\"stackTrace\") or value.get(\"stacktrace\")\n        if st_value:\n            if isinstance(st_value, str):\n                stacktrace = st_value.split(\"\\n\")\n            else:\n                stacktrace = []\n                try:\n                    for frame in st_value:\n                        line = frame.get(\"lineNumber\", \"\")\n                        file = frame.get(\"fileName\", \"<anonymous>\")\n                        if line:\n                            file = f\"{file}:{line}\"\n                        meth = frame.get(\"methodName\", \"<anonymous>\")\n                        if \"className\" in frame:\n                            meth = f\"{frame['className']}.{meth}\"\n                        msg = \"    at %s (%s)\"\n                        msg = msg % (meth, file)\n                        stacktrace.append(msg)\n                except TypeError:\n                    pass\n        if exception_class == UnexpectedAlertPresentException:\n            alert_text = None\n            if \"data\" in value:\n                alert_text = value[\"data\"].get(\"text\")\n            elif \"alert\" in value:\n                alert_text = value[\"alert\"].get(\"text\")\n            raise exception_class(message, screen, stacktrace, alert_text)  # type: ignore[call-arg]  # mypy is not smart enough here\n>       raise exception_class(message, screen, stacktrace)\nE       selenium.common.exceptions.NoSuchElementException: Message: no such element: Unable to locate element: {\"method\":\"xpath\",\"selector\":\"//input[@class='amount']\"}\nE         (Session info: headless chrome=119.0.6045.105); For documentation on this error, please visit: https://www.selenium.dev/documentation/webdriver/troubleshooting/errors#no-such-element-exception\nE       Stacktrace:\nE       #0 0x560c5edd95e3 <unknown>\nE       #1 0x560c5ea9c0b7 <unknown>\nE       #2 0x560c5eae9f53 <unknown>\nE       #3 0x560c5eaea051 <unknown>\nE       #4 0x560c5eb2f9c4 <unknown>\nE       #5 0x560c5eb10f1d <unknown>\nE       #6 0x560c5eb2cb3d <unknown>\nE       #7 0x560c5eb10cc3 <unknown>\nE       #8 0x560c5eadc0e4 <unknown>\nE       #9 0x560c5eadd0ae <unknown>\nE       #10 0x560c5ed9fce1 <unknown>\nE       #11 0x560c5eda3b7e <unknown>\nE       #12 0x560c5ed8d4b5 <unknown>\nE       #13 0x560c5eda47d6 <unknown>\nE       #14 0x560c5ed70dbf <unknown>\nE       #15 0x560c5edc7748 <unknown>\nE       #16 0x560c5edc7917 <unknown>\nE       #17 0x560c5edd8773 <unknown>\nE       #18 0x7f24da535044 <unknown>\n\n/usr/local/lib/python3.11/site-packages/selenium/webdriver/remote/errorhandler.py:245: NoSuchElementException","steps":[{"name":"Добавляем товар в корзину в количестве 16","time":{"start":1701566193763,"stop":1701566193820,"duration":57},"status":"broken","statusMessage":"selenium.common.exceptions.NoSuchElementException: Message: no such element: Unable to locate element: {\"method\":\"xpath\",\"selector\":\"//input[@class='amount']\"}\n  (Session info: headless chrome=119.0.6045.105); For documentation on this error, please visit: https://www.selenium.dev/documentation/webdriver/troubleshooting/errors#no-such-element-exception\nStacktrace:\n#0 0x560c5edd95e3 <unknown>\n#1 0x560c5ea9c0b7 <unknown>\n#2 0x560c5eae9f53 <unknown>\n#3 0x560c5eaea051 <unknown>\n#4 0x560c5eb2f9c4 <unknown>\n#5 0x560c5eb10f1d <unknown>\n#6 0x560c5eb2cb3d <unknown>\n#7 0x560c5eb10cc3 <unknown>\n#8 0x560c5eadc0e4 <unknown>\n#9 0x560c5eadd0ae <unknown>\n#10 0x560c5ed9fce1 <unknown>\n#11 0x560c5eda3b7e <unknown>\n#12 0x560c5ed8d4b5 <unknown>\n#13 0x560c5eda47d6 <unknown>\n#14 0x560c5ed70dbf <unknown>\n#15 0x560c5edc7748 <unknown>\n#16 0x560c5edc7917 <unknown>\n#17 0x560c5edd8773 <unknown>\n#18 0x7f24da535044 <unknown>\n\n","statusTrace":"  File \"/usr/local/lib/python3.11/site-packages/allure_commons/_allure.py\", line 192, in impl\n    return func(*a, **kw)\n           ^^^^^^^^^^^^^^\n  File \"/app/pages/item_page.py\", line 41, in add_item_to_cart\n    amount_field = self.find_element(self._item_amount)\n                   ^^^^^^^^^^^^^^^^^^^^^^^^^^^^^^^^^^^^\n  File \"/app/base/seleniumbase.py\", line 17, in find_element\n    return self.driver.find_element(*locator)\n           ^^^^^^^^^^^^^^^^^^^^^^^^^^^^^^^^^^\n  File \"/usr/local/lib/python3.11/site-packages/selenium/webdriver/remote/webdriver.py\", line 740, in find_element\n    return self.execute(Command.FIND_ELEMENT, {\"using\": by, \"value\": value})[\"value\"]\n           ^^^^^^^^^^^^^^^^^^^^^^^^^^^^^^^^^^^^^^^^^^^^^^^^^^^^^^^^^^^^^^^^^\n  File \"/usr/local/lib/python3.11/site-packages/selenium/webdriver/remote/webdriver.py\", line 346, in execute\n    self.error_handler.check_response(response)\n  File \"/usr/local/lib/python3.11/site-packages/selenium/webdriver/remote/errorhandler.py\", line 245, in check_response\n    raise exception_class(message, screen, stacktrace)\n","steps":[],"attachments":[],"parameters":[{"name":"amount","value":"16"}],"shouldDisplayMessage":true,"stepsCount":0,"attachmentsCount":0,"hasContent":true}],"attachments":[{"uid":"627836f1854d02e2","name":"Screenshot","source":"627836f1854d02e2.png","type":"image/png","size":115178},{"uid":"d4ecfa01d25581fa","name":"HTML source","source":"d4ecfa01d25581fa.html","type":"text/html","size":303988}],"parameters":[],"shouldDisplayMessage":true,"stepsCount":1,"attachmentsCount":2,"hasContent":true},"afterStages":[{"name":"setup::0","time":{"start":1701566193977,"stop":1701566193977,"duration":0},"status":"passed","steps":[],"attachments":[],"parameters":[],"shouldDisplayMessage":false,"stepsCount":0,"attachmentsCount":0,"hasContent":false},{"name":"driver::0","time":{"start":1701566193978,"stop":1701566194037,"duration":59},"status":"passed","steps":[],"attachments":[],"parameters":[],"shouldDisplayMessage":false,"stepsCount":0,"attachmentsCount":0,"hasContent":false}],"labels":[{"name":"epic","value":"Delivery Page - calculation"},{"name":"tag","value":"smoke"},{"name":"parentSuite","value":"tests.delivery"},{"name":"suite","value":"test_delivery_calculation"},{"name":"subSuite","value":"TestDeliveryPageCalculation"},{"name":"host","value":"2afc3b87af7c"},{"name":"thread","value":"1-MainThread"},{"name":"framework","value":"pytest"},{"name":"language","value":"cpython3"},{"name":"package","value":"tests.delivery.test_delivery_calculation"},{"name":"resultFormat","value":"allure2"}],"parameters":[{"name":"all_time","value":"3320"},{"name":"amount","value":"16"},{"name":"case_id","value":"'TD 018'"},{"name":"in_time","value":"2490"},{"name":"link_item","value":"'products/shtukaturka-gipsovaya-aksolit-m50-30-kg-mashinnogo-naneseniya'"},{"name":"standard","value":"850"},{"name":"url","value":"'https://sandboxtest.stroyrem-nn.ru/'"},{"name":"weight","value":"500"}],"links":[],"hidden":false,"retry":false,"extra":{"severity":"normal","retries":[],"categories":[{"name":"Test defects","matchedStatuses":[],"flaky":false}],"history":{"statistic":{"failed":0,"broken":95,"skipped":0,"passed":0,"unknown":0,"total":95},"items":[{"uid":"a567b1005748d24f","reportUrl":"https://zaelcovsky.github.io/StroyremAutomation/158//#testresult/a567b1005748d24f","status":"broken","statusDetails":"selenium.common.exceptions.NoSuchElementException: Message: no such element: Unable to locate element: {\"method\":\"xpath\",\"selector\":\"//input[@class='amount']\"}\n  (Session info: headless chrome=119.0.6045.105); For documentation on this error, please visit: https://www.selenium.dev/documentation/webdriver/troubleshooting/errors#no-such-element-exception\nStacktrace:\n#0 0x562b905c65e3 <unknown>\n#1 0x562b902890b7 <unknown>\n#2 0x562b902d6f53 <unknown>\n#3 0x562b902d7051 <unknown>\n#4 0x562b9031c9c4 <unknown>\n#5 0x562b902fdf1d <unknown>\n#6 0x562b90319b3d <unknown>\n#7 0x562b902fdcc3 <unknown>\n#8 0x562b902c90e4 <unknown>\n#9 0x562b902ca0ae <unknown>\n#10 0x562b9058cce1 <unknown>\n#11 0x562b90590b7e <unknown>\n#12 0x562b9057a4b5 <unknown>\n#13 0x562b905917d6 <unknown>\n#14 0x562b9055ddbf <unknown>\n#15 0x562b905b4748 <unknown>\n#16 0x562b905b4917 <unknown>\n#17 0x562b905c5773 <unknown>\n#18 0x7ff420207044 <unknown>","time":{"start":1701479447412,"stop":1701479451454,"duration":4042}},{"uid":"198f29994497381","reportUrl":"https://zaelcovsky.github.io/StroyremAutomation/157//#testresult/198f29994497381","status":"broken","statusDetails":"selenium.common.exceptions.NoSuchElementException: Message: no such element: Unable to locate element: {\"method\":\"xpath\",\"selector\":\"//input[@class='amount']\"}\n  (Session info: headless chrome=119.0.6045.105); For documentation on this error, please visit: https://www.selenium.dev/documentation/webdriver/troubleshooting/errors#no-such-element-exception\nStacktrace:\n#0 0x5640c94395e3 <unknown>\n#1 0x5640c90fc0b7 <unknown>\n#2 0x5640c9149f53 <unknown>\n#3 0x5640c914a051 <unknown>\n#4 0x5640c918f9c4 <unknown>\n#5 0x5640c9170f1d <unknown>\n#6 0x5640c918cb3d <unknown>\n#7 0x5640c9170cc3 <unknown>\n#8 0x5640c913c0e4 <unknown>\n#9 0x5640c913d0ae <unknown>\n#10 0x5640c93ffce1 <unknown>\n#11 0x5640c9403b7e <unknown>\n#12 0x5640c93ed4b5 <unknown>\n#13 0x5640c94047d6 <unknown>\n#14 0x5640c93d0dbf <unknown>\n#15 0x5640c9427748 <unknown>\n#16 0x5640c9427917 <unknown>\n#17 0x5640c9438773 <unknown>\n#18 0x7f346f794044 <unknown>","time":{"start":1701393587633,"stop":1701393592539,"duration":4906}},{"uid":"3e538106bfc90900","reportUrl":"https://zaelcovsky.github.io/StroyremAutomation/156//#testresult/3e538106bfc90900","status":"broken","statusDetails":"selenium.common.exceptions.NoSuchElementException: Message: no such element: Unable to locate element: {\"method\":\"xpath\",\"selector\":\"//input[@class='amount']\"}\n  (Session info: headless chrome=119.0.6045.105); For documentation on this error, please visit: https://www.selenium.dev/documentation/webdriver/troubleshooting/errors#no-such-element-exception\nStacktrace:\n#0 0x55ad2ac1c5e3 <unknown>\n#1 0x55ad2a8df0b7 <unknown>\n#2 0x55ad2a92cf53 <unknown>\n#3 0x55ad2a92d051 <unknown>\n#4 0x55ad2a9729c4 <unknown>\n#5 0x55ad2a953f1d <unknown>\n#6 0x55ad2a96fb3d <unknown>\n#7 0x55ad2a953cc3 <unknown>\n#8 0x55ad2a91f0e4 <unknown>\n#9 0x55ad2a9200ae <unknown>\n#10 0x55ad2abe2ce1 <unknown>\n#11 0x55ad2abe6b7e <unknown>\n#12 0x55ad2abd04b5 <unknown>\n#13 0x55ad2abe77d6 <unknown>\n#14 0x55ad2abb3dbf <unknown>\n#15 0x55ad2ac0a748 <unknown>\n#16 0x55ad2ac0a917 <unknown>\n#17 0x55ad2ac1b773 <unknown>\n#18 0x7fd5f2b81044 <unknown>","time":{"start":1701306736539,"stop":1701306740397,"duration":3858}},{"uid":"301f8d998e8ab8f0","reportUrl":"https://zaelcovsky.github.io/StroyremAutomation/155//#testresult/301f8d998e8ab8f0","status":"broken","statusDetails":"selenium.common.exceptions.NoSuchElementException: Message: no such element: Unable to locate element: {\"method\":\"xpath\",\"selector\":\"//input[@class='amount']\"}\n  (Session info: headless chrome=119.0.6045.105); For documentation on this error, please visit: https://www.selenium.dev/documentation/webdriver/troubleshooting/errors#no-such-element-exception\nStacktrace:\n#0 0x559adac3b5e3 <unknown>\n#1 0x559ada8fe0b7 <unknown>\n#2 0x559ada94bf53 <unknown>\n#3 0x559ada94c051 <unknown>\n#4 0x559ada9919c4 <unknown>\n#5 0x559ada972f1d <unknown>\n#6 0x559ada98eb3d <unknown>\n#7 0x559ada972cc3 <unknown>\n#8 0x559ada93e0e4 <unknown>\n#9 0x559ada93f0ae <unknown>\n#10 0x559adac01ce1 <unknown>\n#11 0x559adac05b7e <unknown>\n#12 0x559adabef4b5 <unknown>\n#13 0x559adac067d6 <unknown>\n#14 0x559adabd2dbf <unknown>\n#15 0x559adac29748 <unknown>\n#16 0x559adac29917 <unknown>\n#17 0x559adac3a773 <unknown>\n#18 0x7f4b818dd044 <unknown>","time":{"start":1701220352994,"stop":1701220356532,"duration":3538}},{"uid":"8c5e3b6b44a24a51","reportUrl":"https://zaelcovsky.github.io/StroyremAutomation/154//#testresult/8c5e3b6b44a24a51","status":"broken","statusDetails":"selenium.common.exceptions.NoSuchElementException: Message: no such element: Unable to locate element: {\"method\":\"xpath\",\"selector\":\"//input[@class='amount']\"}\n  (Session info: headless chrome=119.0.6045.105); For documentation on this error, please visit: https://www.selenium.dev/documentation/webdriver/troubleshooting/errors#no-such-element-exception\nStacktrace:\n#0 0x55e3384465e3 <unknown>\n#1 0x55e3381090b7 <unknown>\n#2 0x55e338156f53 <unknown>\n#3 0x55e338157051 <unknown>\n#4 0x55e33819c9c4 <unknown>\n#5 0x55e33817df1d <unknown>\n#6 0x55e338199b3d <unknown>\n#7 0x55e33817dcc3 <unknown>\n#8 0x55e3381490e4 <unknown>\n#9 0x55e33814a0ae <unknown>\n#10 0x55e33840cce1 <unknown>\n#11 0x55e338410b7e <unknown>\n#12 0x55e3383fa4b5 <unknown>\n#13 0x55e3384117d6 <unknown>\n#14 0x55e3383dddbf <unknown>\n#15 0x55e338434748 <unknown>\n#16 0x55e338434917 <unknown>\n#17 0x55e338445773 <unknown>\n#18 0x7f8edbced044 <unknown>","time":{"start":1701133961957,"stop":1701133965482,"duration":3525}},{"uid":"bc1c3144b6ee281b","reportUrl":"https://zaelcovsky.github.io/StroyremAutomation/153//#testresult/bc1c3144b6ee281b","status":"broken","statusDetails":"selenium.common.exceptions.NoSuchElementException: Message: no such element: Unable to locate element: {\"method\":\"xpath\",\"selector\":\"//input[@class='amount']\"}\n  (Session info: headless chrome=119.0.6045.105); For documentation on this error, please visit: https://www.selenium.dev/documentation/webdriver/troubleshooting/errors#no-such-element-exception\nStacktrace:\n#0 0x55f3c3f6c5e3 <unknown>\n#1 0x55f3c3c2f0b7 <unknown>\n#2 0x55f3c3c7cf53 <unknown>\n#3 0x55f3c3c7d051 <unknown>\n#4 0x55f3c3cc29c4 <unknown>\n#5 0x55f3c3ca3f1d <unknown>\n#6 0x55f3c3cbfb3d <unknown>\n#7 0x55f3c3ca3cc3 <unknown>\n#8 0x55f3c3c6f0e4 <unknown>\n#9 0x55f3c3c700ae <unknown>\n#10 0x55f3c3f32ce1 <unknown>\n#11 0x55f3c3f36b7e <unknown>\n#12 0x55f3c3f204b5 <unknown>\n#13 0x55f3c3f377d6 <unknown>\n#14 0x55f3c3f03dbf <unknown>\n#15 0x55f3c3f5a748 <unknown>\n#16 0x55f3c3f5a917 <unknown>\n#17 0x55f3c3f6b773 <unknown>\n#18 0x7ff4d4d52044 <unknown>","time":{"start":1701047573501,"stop":1701047577260,"duration":3759}},{"uid":"c28c7dbb645d9d81","reportUrl":"https://zaelcovsky.github.io/StroyremAutomation/152//#testresult/c28c7dbb645d9d81","status":"broken","statusDetails":"selenium.common.exceptions.NoSuchElementException: Message: no such element: Unable to locate element: {\"method\":\"xpath\",\"selector\":\"//input[@class='amount']\"}\n  (Session info: headless chrome=119.0.6045.105); For documentation on this error, please visit: https://www.selenium.dev/documentation/webdriver/troubleshooting/errors#no-such-element-exception\nStacktrace:\n#0 0x558f881f35e3 <unknown>\n#1 0x558f87eb60b7 <unknown>\n#2 0x558f87f03f53 <unknown>\n#3 0x558f87f04051 <unknown>\n#4 0x558f87f499c4 <unknown>\n#5 0x558f87f2af1d <unknown>\n#6 0x558f87f46b3d <unknown>\n#7 0x558f87f2acc3 <unknown>\n#8 0x558f87ef60e4 <unknown>\n#9 0x558f87ef70ae <unknown>\n#10 0x558f881b9ce1 <unknown>\n#11 0x558f881bdb7e <unknown>\n#12 0x558f881a74b5 <unknown>\n#13 0x558f881be7d6 <unknown>\n#14 0x558f8818adbf <unknown>\n#15 0x558f881e1748 <unknown>\n#16 0x558f881e1917 <unknown>\n#17 0x558f881f2773 <unknown>\n#18 0x7f37157bc044 <unknown>","time":{"start":1700961478359,"stop":1700961483388,"duration":5029}},{"uid":"c60d9ee64b8e9109","reportUrl":"https://zaelcovsky.github.io/StroyremAutomation/151//#testresult/c60d9ee64b8e9109","status":"broken","statusDetails":"selenium.common.exceptions.NoSuchElementException: Message: no such element: Unable to locate element: {\"method\":\"xpath\",\"selector\":\"//input[@class='amount']\"}\n  (Session info: headless chrome=119.0.6045.105); For documentation on this error, please visit: https://www.selenium.dev/documentation/webdriver/troubleshooting/errors#no-such-element-exception\nStacktrace:\n#0 0x55963d97e5e3 <unknown>\n#1 0x55963d6410b7 <unknown>\n#2 0x55963d68ef53 <unknown>\n#3 0x55963d68f051 <unknown>\n#4 0x55963d6d49c4 <unknown>\n#5 0x55963d6b5f1d <unknown>\n#6 0x55963d6d1b3d <unknown>\n#7 0x55963d6b5cc3 <unknown>\n#8 0x55963d6810e4 <unknown>\n#9 0x55963d6820ae <unknown>\n#10 0x55963d944ce1 <unknown>\n#11 0x55963d948b7e <unknown>\n#12 0x55963d9324b5 <unknown>\n#13 0x55963d9497d6 <unknown>\n#14 0x55963d915dbf <unknown>\n#15 0x55963d96c748 <unknown>\n#16 0x55963d96c917 <unknown>\n#17 0x55963d97d773 <unknown>\n#18 0x7f19eeaca044 <unknown>","time":{"start":1700874577376,"stop":1700874580623,"duration":3247}},{"uid":"fdb20dea0b2b5370","reportUrl":"https://zaelcovsky.github.io/StroyremAutomation/150//#testresult/fdb20dea0b2b5370","status":"broken","statusDetails":"selenium.common.exceptions.NoSuchElementException: Message: no such element: Unable to locate element: {\"method\":\"xpath\",\"selector\":\"//input[@class='amount']\"}\n  (Session info: headless chrome=119.0.6045.105); For documentation on this error, please visit: https://www.selenium.dev/documentation/webdriver/troubleshooting/errors#no-such-element-exception\nStacktrace:\n#0 0x55699fa025e3 <unknown>\n#1 0x55699f6c50b7 <unknown>\n#2 0x55699f712f53 <unknown>\n#3 0x55699f713051 <unknown>\n#4 0x55699f7589c4 <unknown>\n#5 0x55699f739f1d <unknown>\n#6 0x55699f755b3d <unknown>\n#7 0x55699f739cc3 <unknown>\n#8 0x55699f7050e4 <unknown>\n#9 0x55699f7060ae <unknown>\n#10 0x55699f9c8ce1 <unknown>\n#11 0x55699f9ccb7e <unknown>\n#12 0x55699f9b64b5 <unknown>\n#13 0x55699f9cd7d6 <unknown>\n#14 0x55699f999dbf <unknown>\n#15 0x55699f9f0748 <unknown>\n#16 0x55699f9f0917 <unknown>\n#17 0x55699fa01773 <unknown>\n#18 0x7f124564f044 <unknown>","time":{"start":1700788286116,"stop":1700788289718,"duration":3602}},{"uid":"9b56451e18dcfd32","reportUrl":"https://zaelcovsky.github.io/StroyremAutomation/149//#testresult/9b56451e18dcfd32","status":"broken","statusDetails":"selenium.common.exceptions.NoSuchElementException: Message: no such element: Unable to locate element: {\"method\":\"xpath\",\"selector\":\"//input[@class='amount']\"}\n  (Session info: headless chrome=119.0.6045.105); For documentation on this error, please visit: https://www.selenium.dev/documentation/webdriver/troubleshooting/errors#no-such-element-exception\nStacktrace:\n#0 0x5624bb4c55e3 <unknown>\n#1 0x5624bb1880b7 <unknown>\n#2 0x5624bb1d5f53 <unknown>\n#3 0x5624bb1d6051 <unknown>\n#4 0x5624bb21b9c4 <unknown>\n#5 0x5624bb1fcf1d <unknown>\n#6 0x5624bb218b3d <unknown>\n#7 0x5624bb1fccc3 <unknown>\n#8 0x5624bb1c80e4 <unknown>\n#9 0x5624bb1c90ae <unknown>\n#10 0x5624bb48bce1 <unknown>\n#11 0x5624bb48fb7e <unknown>\n#12 0x5624bb4794b5 <unknown>\n#13 0x5624bb4907d6 <unknown>\n#14 0x5624bb45cdbf <unknown>\n#15 0x5624bb4b3748 <unknown>\n#16 0x5624bb4b3917 <unknown>\n#17 0x5624bb4c4773 <unknown>\n#18 0x7fc193aa3044 <unknown>","time":{"start":1700701881360,"stop":1700701885025,"duration":3665}},{"uid":"f2de5ab9a2df0573","reportUrl":"https://zaelcovsky.github.io/StroyremAutomation/148//#testresult/f2de5ab9a2df0573","status":"broken","statusDetails":"selenium.common.exceptions.NoSuchElementException: Message: no such element: Unable to locate element: {\"method\":\"xpath\",\"selector\":\"//input[@class='amount']\"}\n  (Session info: headless chrome=119.0.6045.105); For documentation on this error, please visit: https://www.selenium.dev/documentation/webdriver/troubleshooting/errors#no-such-element-exception\nStacktrace:\n#0 0x55b0fd9ba5e3 <unknown>\n#1 0x55b0fd67d0b7 <unknown>\n#2 0x55b0fd6caf53 <unknown>\n#3 0x55b0fd6cb051 <unknown>\n#4 0x55b0fd7109c4 <unknown>\n#5 0x55b0fd6f1f1d <unknown>\n#6 0x55b0fd70db3d <unknown>\n#7 0x55b0fd6f1cc3 <unknown>\n#8 0x55b0fd6bd0e4 <unknown>\n#9 0x55b0fd6be0ae <unknown>\n#10 0x55b0fd980ce1 <unknown>\n#11 0x55b0fd984b7e <unknown>\n#12 0x55b0fd96e4b5 <unknown>\n#13 0x55b0fd9857d6 <unknown>\n#14 0x55b0fd951dbf <unknown>\n#15 0x55b0fd9a8748 <unknown>\n#16 0x55b0fd9a8917 <unknown>\n#17 0x55b0fd9b9773 <unknown>\n#18 0x7f58ec9c4044 <unknown>","time":{"start":1700615624141,"stop":1700615627510,"duration":3369}},{"uid":"916129299f9537e9","reportUrl":"https://zaelcovsky.github.io/StroyremAutomation/147//#testresult/916129299f9537e9","status":"broken","statusDetails":"selenium.common.exceptions.NoSuchElementException: Message: no such element: Unable to locate element: {\"method\":\"xpath\",\"selector\":\"//input[@class='amount']\"}\n  (Session info: headless chrome=119.0.6045.105); For documentation on this error, please visit: https://www.selenium.dev/documentation/webdriver/troubleshooting/errors#no-such-element-exception\nStacktrace:\n#0 0x5592ab7a15e3 <unknown>\n#1 0x5592ab4640b7 <unknown>\n#2 0x5592ab4b1f53 <unknown>\n#3 0x5592ab4b2051 <unknown>\n#4 0x5592ab4f79c4 <unknown>\n#5 0x5592ab4d8f1d <unknown>\n#6 0x5592ab4f4b3d <unknown>\n#7 0x5592ab4d8cc3 <unknown>\n#8 0x5592ab4a40e4 <unknown>\n#9 0x5592ab4a50ae <unknown>\n#10 0x5592ab767ce1 <unknown>\n#11 0x5592ab76bb7e <unknown>\n#12 0x5592ab7554b5 <unknown>\n#13 0x5592ab76c7d6 <unknown>\n#14 0x5592ab738dbf <unknown>\n#15 0x5592ab78f748 <unknown>\n#16 0x5592ab78f917 <unknown>\n#17 0x5592ab7a0773 <unknown>\n#18 0x7f58a4a72044 <unknown>","time":{"start":1700529254277,"stop":1700529258561,"duration":4284}},{"uid":"9d230879af462f49","reportUrl":"https://zaelcovsky.github.io/StroyremAutomation/146//#testresult/9d230879af462f49","status":"broken","statusDetails":"selenium.common.exceptions.NoSuchElementException: Message: no such element: Unable to locate element: {\"method\":\"xpath\",\"selector\":\"//input[@class='amount']\"}\n  (Session info: headless chrome=119.0.6045.105); For documentation on this error, please visit: https://www.selenium.dev/documentation/webdriver/troubleshooting/errors#no-such-element-exception\nStacktrace:\n#0 0x5559883b55e3 <unknown>\n#1 0x5559880780b7 <unknown>\n#2 0x5559880c5f53 <unknown>\n#3 0x5559880c6051 <unknown>\n#4 0x55598810b9c4 <unknown>\n#5 0x5559880ecf1d <unknown>\n#6 0x555988108b3d <unknown>\n#7 0x5559880eccc3 <unknown>\n#8 0x5559880b80e4 <unknown>\n#9 0x5559880b90ae <unknown>\n#10 0x55598837bce1 <unknown>\n#11 0x55598837fb7e <unknown>\n#12 0x5559883694b5 <unknown>\n#13 0x5559883807d6 <unknown>\n#14 0x55598834cdbf <unknown>\n#15 0x5559883a3748 <unknown>\n#16 0x5559883a3917 <unknown>\n#17 0x5559883b4773 <unknown>\n#18 0x7f5811c95044 <unknown>","time":{"start":1700442774290,"stop":1700442778243,"duration":3953}},{"uid":"629a63dfafb9933c","reportUrl":"https://zaelcovsky.github.io/StroyremAutomation/145//#testresult/629a63dfafb9933c","status":"broken","statusDetails":"selenium.common.exceptions.NoSuchElementException: Message: no such element: Unable to locate element: {\"method\":\"xpath\",\"selector\":\"//input[@class='amount']\"}\n  (Session info: headless chrome=119.0.6045.105); For documentation on this error, please visit: https://www.selenium.dev/documentation/webdriver/troubleshooting/errors#no-such-element-exception\nStacktrace:\n#0 0x55c9d61e45e3 <unknown>\n#1 0x55c9d5ea70b7 <unknown>\n#2 0x55c9d5ef4f53 <unknown>\n#3 0x55c9d5ef5051 <unknown>\n#4 0x55c9d5f3a9c4 <unknown>\n#5 0x55c9d5f1bf1d <unknown>\n#6 0x55c9d5f37b3d <unknown>\n#7 0x55c9d5f1bcc3 <unknown>\n#8 0x55c9d5ee70e4 <unknown>\n#9 0x55c9d5ee80ae <unknown>\n#10 0x55c9d61aace1 <unknown>\n#11 0x55c9d61aeb7e <unknown>\n#12 0x55c9d61984b5 <unknown>\n#13 0x55c9d61af7d6 <unknown>\n#14 0x55c9d617bdbf <unknown>\n#15 0x55c9d61d2748 <unknown>\n#16 0x55c9d61d2917 <unknown>\n#17 0x55c9d61e3773 <unknown>\n#18 0x7fde706d8044 <unknown>","time":{"start":1700356565502,"stop":1700356569025,"duration":3523}},{"uid":"92ba565b3dca3039","reportUrl":"https://zaelcovsky.github.io/StroyremAutomation/144//#testresult/92ba565b3dca3039","status":"broken","statusDetails":"selenium.common.exceptions.NoSuchElementException: Message: no such element: Unable to locate element: {\"method\":\"xpath\",\"selector\":\"//input[@class='amount']\"}\n  (Session info: headless chrome=119.0.6045.105); For documentation on this error, please visit: https://www.selenium.dev/documentation/webdriver/troubleshooting/errors#no-such-element-exception\nStacktrace:\n#0 0x55cf6f9135e3 <unknown>\n#1 0x55cf6f5d60b7 <unknown>\n#2 0x55cf6f623f53 <unknown>\n#3 0x55cf6f624051 <unknown>\n#4 0x55cf6f6699c4 <unknown>\n#5 0x55cf6f64af1d <unknown>\n#6 0x55cf6f666b3d <unknown>\n#7 0x55cf6f64acc3 <unknown>\n#8 0x55cf6f6160e4 <unknown>\n#9 0x55cf6f6170ae <unknown>\n#10 0x55cf6f8d9ce1 <unknown>\n#11 0x55cf6f8ddb7e <unknown>\n#12 0x55cf6f8c74b5 <unknown>\n#13 0x55cf6f8de7d6 <unknown>\n#14 0x55cf6f8aadbf <unknown>\n#15 0x55cf6f901748 <unknown>\n#16 0x55cf6f901917 <unknown>\n#17 0x55cf6f912773 <unknown>\n#18 0x7f8f0c2b5044 <unknown>","time":{"start":1700269973662,"stop":1700269978653,"duration":4991}},{"uid":"4ba4820e09627930","reportUrl":"https://zaelcovsky.github.io/StroyremAutomation/143//#testresult/4ba4820e09627930","status":"broken","statusDetails":"selenium.common.exceptions.NoSuchElementException: Message: no such element: Unable to locate element: {\"method\":\"xpath\",\"selector\":\"//input[@class='amount']\"}\n  (Session info: headless chrome=119.0.6045.105); For documentation on this error, please visit: https://www.selenium.dev/documentation/webdriver/troubleshooting/errors#no-such-element-exception\nStacktrace:\n#0 0x55c6aed655e3 <unknown>\n#1 0x55c6aea280b7 <unknown>\n#2 0x55c6aea75f53 <unknown>\n#3 0x55c6aea76051 <unknown>\n#4 0x55c6aeabb9c4 <unknown>\n#5 0x55c6aea9cf1d <unknown>\n#6 0x55c6aeab8b3d <unknown>\n#7 0x55c6aea9ccc3 <unknown>\n#8 0x55c6aea680e4 <unknown>\n#9 0x55c6aea690ae <unknown>\n#10 0x55c6aed2bce1 <unknown>\n#11 0x55c6aed2fb7e <unknown>\n#12 0x55c6aed194b5 <unknown>\n#13 0x55c6aed307d6 <unknown>\n#14 0x55c6aecfcdbf <unknown>\n#15 0x55c6aed53748 <unknown>\n#16 0x55c6aed53917 <unknown>\n#17 0x55c6aed64773 <unknown>\n#18 0x7f2ce7163044 <unknown>","time":{"start":1700183588872,"stop":1700183593305,"duration":4433}},{"uid":"8fd7acb33ddfeac3","reportUrl":"https://zaelcovsky.github.io/StroyremAutomation/142//#testresult/8fd7acb33ddfeac3","status":"broken","statusDetails":"selenium.common.exceptions.NoSuchElementException: Message: no such element: Unable to locate element: {\"method\":\"xpath\",\"selector\":\"//input[@class='amount']\"}\n  (Session info: headless chrome=119.0.6045.105); For documentation on this error, please visit: https://www.selenium.dev/documentation/webdriver/troubleshooting/errors#no-such-element-exception\nStacktrace:\n#0 0x55778ac4a5e3 <unknown>\n#1 0x55778a90d0b7 <unknown>\n#2 0x55778a95af53 <unknown>\n#3 0x55778a95b051 <unknown>\n#4 0x55778a9a09c4 <unknown>\n#5 0x55778a981f1d <unknown>\n#6 0x55778a99db3d <unknown>\n#7 0x55778a981cc3 <unknown>\n#8 0x55778a94d0e4 <unknown>\n#9 0x55778a94e0ae <unknown>\n#10 0x55778ac10ce1 <unknown>\n#11 0x55778ac14b7e <unknown>\n#12 0x55778abfe4b5 <unknown>\n#13 0x55778ac157d6 <unknown>\n#14 0x55778abe1dbf <unknown>\n#15 0x55778ac38748 <unknown>\n#16 0x55778ac38917 <unknown>\n#17 0x55778ac49773 <unknown>\n#18 0x7f4f0ac6f044 <unknown>","time":{"start":1700097142374,"stop":1700097146199,"duration":3825}},{"uid":"a12cfe062f8ad255","reportUrl":"https://zaelcovsky.github.io/StroyremAutomation/141//#testresult/a12cfe062f8ad255","status":"broken","statusDetails":"selenium.common.exceptions.NoSuchElementException: Message: no such element: Unable to locate element: {\"method\":\"xpath\",\"selector\":\"//input[@class='amount']\"}\n  (Session info: headless chrome=119.0.6045.105); For documentation on this error, please visit: https://www.selenium.dev/documentation/webdriver/troubleshooting/errors#no-such-element-exception\nStacktrace:\n#0 0x55632bb975e3 <unknown>\n#1 0x55632b85a0b7 <unknown>\n#2 0x55632b8a7f53 <unknown>\n#3 0x55632b8a8051 <unknown>\n#4 0x55632b8ed9c4 <unknown>\n#5 0x55632b8cef1d <unknown>\n#6 0x55632b8eab3d <unknown>\n#7 0x55632b8cecc3 <unknown>\n#8 0x55632b89a0e4 <unknown>\n#9 0x55632b89b0ae <unknown>\n#10 0x55632bb5dce1 <unknown>\n#11 0x55632bb61b7e <unknown>\n#12 0x55632bb4b4b5 <unknown>\n#13 0x55632bb627d6 <unknown>\n#14 0x55632bb2edbf <unknown>\n#15 0x55632bb85748 <unknown>\n#16 0x55632bb85917 <unknown>\n#17 0x55632bb96773 <unknown>\n#18 0x7f5d16b9e044 <unknown>","time":{"start":1700010670469,"stop":1700010673704,"duration":3235}},{"uid":"ef48f784e4662c66","reportUrl":"https://zaelcovsky.github.io/StroyremAutomation/140//#testresult/ef48f784e4662c66","status":"broken","statusDetails":"selenium.common.exceptions.NoSuchElementException: Message: no such element: Unable to locate element: {\"method\":\"xpath\",\"selector\":\"//input[@class='amount']\"}\n  (Session info: headless chrome=119.0.6045.105); For documentation on this error, please visit: https://www.selenium.dev/documentation/webdriver/troubleshooting/errors#no-such-element-exception\nStacktrace:\n#0 0x557bca6e85e3 <unknown>\n#1 0x557bca3ab0b7 <unknown>\n#2 0x557bca3f8f53 <unknown>\n#3 0x557bca3f9051 <unknown>\n#4 0x557bca43e9c4 <unknown>\n#5 0x557bca41ff1d <unknown>\n#6 0x557bca43bb3d <unknown>\n#7 0x557bca41fcc3 <unknown>\n#8 0x557bca3eb0e4 <unknown>\n#9 0x557bca3ec0ae <unknown>\n#10 0x557bca6aece1 <unknown>\n#11 0x557bca6b2b7e <unknown>\n#12 0x557bca69c4b5 <unknown>\n#13 0x557bca6b37d6 <unknown>\n#14 0x557bca67fdbf <unknown>\n#15 0x557bca6d6748 <unknown>\n#16 0x557bca6d6917 <unknown>\n#17 0x557bca6e7773 <unknown>\n#18 0x7feb96cb7044 <unknown>","time":{"start":1699924292790,"stop":1699924296923,"duration":4133}},{"uid":"5103e9f2f2cfac12","reportUrl":"https://zaelcovsky.github.io/StroyremAutomation/139//#testresult/5103e9f2f2cfac12","status":"broken","statusDetails":"selenium.common.exceptions.NoSuchElementException: Message: no such element: Unable to locate element: {\"method\":\"xpath\",\"selector\":\"//input[@class='amount']\"}\n  (Session info: headless chrome=119.0.6045.105); For documentation on this error, please visit: https://www.selenium.dev/documentation/webdriver/troubleshooting/errors#no-such-element-exception\nStacktrace:\n#0 0x56251eafc5e3 <unknown>\n#1 0x56251e7bf0b7 <unknown>\n#2 0x56251e80cf53 <unknown>\n#3 0x56251e80d051 <unknown>\n#4 0x56251e8529c4 <unknown>\n#5 0x56251e833f1d <unknown>\n#6 0x56251e84fb3d <unknown>\n#7 0x56251e833cc3 <unknown>\n#8 0x56251e7ff0e4 <unknown>\n#9 0x56251e8000ae <unknown>\n#10 0x56251eac2ce1 <unknown>\n#11 0x56251eac6b7e <unknown>\n#12 0x56251eab04b5 <unknown>\n#13 0x56251eac77d6 <unknown>\n#14 0x56251ea93dbf <unknown>\n#15 0x56251eaea748 <unknown>\n#16 0x56251eaea917 <unknown>\n#17 0x56251eafb773 <unknown>\n#18 0x7f3933035044 <unknown>","time":{"start":1699837958161,"stop":1699837961542,"duration":3381}}]},"tags":["smoke"]},"source":"48050f70149340ef.json","parameterValues":["3320","16","'TD 018'","2490","'products/shtukaturka-gipsovaya-aksolit-m50-30-kg-mashinnogo-naneseniya'","850","'https://sandboxtest.stroyrem-nn.ru/'","500"]}